TRXV5
3
4
4
9
string Extension=J
integer IsArchMeasurement=1
integer IsSpherical=1
string Generator=SPM
string GeneratorVersion=1.3.1 Dev
double ArchRadius=0.449999988079071
integer FrequencyAxisIndex=0
integer AzimuthAxisIndex=1
integer ElevationAxisIndex=2
Frequency
5 201 800000000 900000000 LIN
Azimuth
7 8 0 2.74889357189107 LIN
Elevation
7 15 -2.74889357189107 2.74889357189107 LIN
Polar H Real Part
13
Polar H Imaginary Part
14
Polar V Real Part
13
Polar V Imaginary Part
14
Polar H Magnitude (dB)
12 0xC0000002 0 1
Polar H Phase
7 0xC0000003 0 1
Polar V Magnitude (dB)
12 0xC0000002 2 3
Polar V Phase
7 0xC0000003 2 3
0.00428404902639664 -0.0443523836820027 -0.216249514497657 0.0324983138378847
0.00802848312576794 -0.0231627192624757 0.0105929258630995 -0.159103752538269
0.0156052448335512 0.0219283097229025 0.387715068696357 -0.105431612107505
-0.0150035781658683 0.024342596650514 0.430440065982997 0.352732894782962
-0.0366894791871953 -0.0231687007472779 -0.134175220580684 0.786280455609171
0.00912473893527897 -0.0921207525937695 -0.814432144031754 0.402256963922634
0.0460751763257075 -0.0528803729347889 -0.61978918208407 -0.279559913162082
0.0481874013783655 -0.0150546814766715 -0.145600351789127 -0.0457603333753977
-0.00469461245700042 -0.0177713323695832 0.446091420747396 0.463037189532518
0.00311602239170517 0.0115683534773991 0.937339023725332 0.00719749508295324
0.0141602919588201 0.0345222255758012 0.519751434104554 -0.740810743410777
0.0370787606888002 0.025832021665576 -0.294024211779686 -0.571108450699532
0.0356203175144076 -0.02224911299247 -0.402309325306801 -0.0338855777006354
0.0114503458452945 -0.0207600245898516 -0.052401756596734 0.142410890463837
0.00281074010101154 -0.0224189901077149 0.223786070646652 -0.0476560329094173
0.0150469280597898 -0.0424969250372838 -0.221634498608013 0.036078424091165
0.0128351636136613 -0.0293139072647007 0.0169943463544934 -0.151085738114111
0.0176068417766612 0.0195237508747294 0.390837381432544 -0.075910790372985
-0.0162675748254486 0.0208166151433802 0.40020344051907 0.395966597857489
-0.0328811296822191 -0.0314106363123715 -0.209788504792715 0.777905761360103
0.0238020608313079 -0.100016030235736 -0.859480871616801 0.330262718778487
0.0602766309494065 -0.0451299689632905 -0.597276414278732 -0.318948372196542
0.0584170113609488 -0.00452350403032999 -0.124193810150222 -0.030939191510337
0.00424562008436713 -0.0130695794729539 0.484914669167025 0.436161651456769
0.0113228496387196 0.00767269181275469 0.933087222330533 -0.0800472578251216
0.0192628401824722 0.0291388172107625 0.450507555871591 -0.776886479146098
0.0383958634959714 0.0212383630667747 -0.332891303960751 -0.53746078376413
0.0361091000422999 -0.02732729664342 -0.396306087777144 -0.0031641569740866
0.0149477718549113 -0.026734457849038 -0.0419003497405947 0.150388529886445
0.0138151403556007 -0.0181643859673951 0.223191007886587 -0.0553158282805663
0.0181728843516757 -0.0408009180867769 -0.224376573383372 0.0323290150719269
0.0154606736345585 -0.0317278806163547 0.0233668915416587 -0.147416280948384
0.0142558174757632 0.0191895159492278 0.395785783533514 -0.0389461384327478
-0.019368205281297 0.0159126923993826 0.361128914199839 0.440200366690278
-0.0325424856968571 -0.0395176927355348 -0.293809885222721 0.761120711212078
0.0348145482858104 -0.099717169836016 -0.895506528456949 0.238500757072768
0.0671986953299291 -0.0364316662094141 -0.561833544663773 -0.361137006979236
0.0611161215981804 0.00177581259986426 -0.0984852637861464 -0.0112671847616993
0.00568223130678541 -0.00876520984915 0.527586681158936 0.39960259540281
0.0123618337109268 0.0063923308693755 0.911949902955145 -0.179005321542349
0.0203343315160129 0.0253743551334587 0.358930844749031 -0.812586661392282
0.038179531699965 0.0144095035156589 -0.381457269181004 -0.492811718741256
0.0332980040757897 -0.031637514184989 -0.39120569960589 0.0346588124153655
0.0164269989930421 -0.0300864832930723 -0.0305868373755295 0.158334294322239
0.0170321665608219 -0.0149993442944614 0.221215491451315 -0.0540234383673486
0.019871698750408 -0.0357185887606599 -0.224476471348365 0.035171211550739
0.015825479842469 -0.0307068468921298 0.0353125067315241 -0.138483698294156
0.0130325336098396 0.0189203738527912 0.396956860008065 -0.000886317991182744
-0.0233262188170564 0.0118329537837583 0.313958131838086 0.483388341123627
-0.0307118165623342 -0.043092157652253 -0.386681113275093 0.727439899514733
0.0420463474426166 -0.0947102281020823 -0.926112091880088 0.13615585990922
0.0642316685818262 -0.0300749318682256 -0.526155875407527 -0.397551163440957
0.0531889989515554 0.00189215194319556 -0.0730467718791616 0.0113244935784673
-0.0007629154799913 -0.00777257737116412 0.567366922650375 0.35803794925452
0.00987205898364384 0.00884723633682795 0.881282215400918 -0.27563511109613
0.0199790785313971 0.0253008604454163 0.265370331037436 -0.836788284130384
0.0333948928592624 0.00768737666081261 -0.423511989980895 -0.440441403773872
0.0283922428311083 -0.0351990276522774 -0.380143459986911 0.0713952856596321
0.0154503475564954 -0.0309251048747377 -0.0166027536455029 0.163706634038299
0.0174690539193594 -0.00976387033298983 0.21759645766568 -0.056554868550909
0.0147075234638913 -0.0299880584784033 -0.224407017596711 0.0357083641851445
0.0132562375890152 -0.0258908663069084 0.047480033507086 -0.13319465514286
0.00853530128436811 0.0196519092861017 0.39810450169129 0.0324238964482144
-0.0272412823594759 0.00769309363266879 0.264930407646114 0.517207585923051
-0.0322868615395104 -0.0438165866294311 -0.468405622024384 0.687991220432631
0.0415729614022452 -0.08615271988015 -0.942622126578255 0.0360868763871457
0.0519856493069309 -0.0278265905980094 -0.488507482580455 -0.428765384729916
0.0362109292081184 -0.00480451225274172 -0.0494160056168327 0.0358987034700964
-0.0162957118942349 -0.00675225516903485 0.601346935193168 0.319613631916154
0.00200964761593646 0.0167335204400731 0.841595781568755 -0.359154121319629
0.0180792367368741 0.0269590582941441 0.171551532409575 -0.847648153971571
0.0290195485735667 0.00178751698925698 -0.45948007353802 -0.388283300774886
0.0225783847800534 -0.0369164025335381 -0.368431741398557 0.103974966136709
0.0116969069810983 -0.0285673065947822 -0.00343930722267248 0.169657104981591
0.0117761649480329 -0.00276471327894718 0.217995102165373 -0.0540128053256538
0.00545512487356284 -0.0236116959024203 -0.221303232602506 0.038928546481143
0.00638282414860553 -0.0180966533299433 0.0568875710434157 -0.128491105133577
0.00310918550444232 0.0204603057122596 0.394505220727516 0.0520619537881506
-0.0328748048390717 0.00279303296401551 0.230815110399299 0.535959912159291
-0.0372382692604584 -0.0400477402324327 -0.522510115033583 0.65610231992333
0.0321255886496226 -0.0764511407792462 -0.951612831233407 -0.0330933776928701
0.0307496110908908 -0.0354823710571007 -0.465469053078241 -0.444430438987914
0.0113016754999932 -0.0202885448126746 -0.0366390348220715 0.054408456385302
-0.0384507325735811 -0.00605839552713688 0.620219329242902 0.294782608891824
-0.00727344034892724 0.0282497750170539 0.811336992723697 -0.41159273001721
0.0150554526027393 0.0329164225906415 0.114011156215535 -0.849865235122859
0.0234262494854053 -0.0018890893286274 -0.482044964492694 -0.351994234997334
0.0171329793770084 -0.0353925661513881 -0.360409035067759 0.122377632010926
0.00637100368830672 -0.0229770094950231 0.00567576596390952 0.170701686910472
0.00356171044801888 0.0035297132602436 0.218342254905596 -0.0542032820015279
-0.00676942023682895 -0.0191875032195487 -0.2178568694296 0.0424897228531951
-0.00235149755993096 -0.00874134622424852 0.0617060334502603 -0.128939461450324
-0.00333978494530807 0.0208953468827943 0.394728503117696 0.0571299038080553
-0.0397133294087995 0.00136706441182608 0.216461614777355 0.540561841804244
-0.0461825737507063 -0.0335620583892279 -0.54060121193354 0.645615227362656
0.0140398965260941 -0.0682827276787428 -0.950254850582894 -0.0549642779416061
0.00592679391541161 -0.049156675982526 -0.460234495978204 -0.446589453321959
-0.0172303271669375 -0.038577285751419 -0.0346780310641799 0.0640896067834703
-0.0640234579353907 -0.00558162407026703 0.623480922079182 0.289192421430789
-0.018529464655446 0.0428371344614819 0.799937305865096 -0.42512452808738
0.0116033817918689 0.0411363162187914 0.0889923455689981 -0.847809553937445
0.0195542943302577 -0.00246545251070784 -0.490335488225716 -0.339633377124715
0.0142933717449415 -0.0318154776900389 -0.358376589345587 0.129278477155266
0.000956153093934254 -0.013921556489945 0.0115911449421088 0.170140309827127
-0.00656220625508994 0.00835598619728313 0.221684521815704 -0.0534292953346514
-0.0213903646152972 -0.0139470973062129 -0.214199240806606 0.0464103942798821
-0.0127176879749924 0.000417920436035869 0.0622372079559582 -0.132901278450622
-0.00743903151597029 0.0216423997337264 0.393402017991035 0.0473948151825069
-0.0449978495253493 0.000286782846730063 0.229691855263302 0.534567453958637
-0.0551198279153506 -0.0247644271197183 -0.524117965612777 0.658259559560777
-0.00599720075199735 -0.0598798841460386 -0.950063591289662 -0.0291754543531286
-0.0198889167411698 -0.0629682853590977 -0.473184149379669 -0.436291172640179
-0.0429328538768874 -0.0584713887610782 -0.0447324310282141 0.063577571326045
-0.0877961757289006 -0.00933623786937044 0.613090996687609 0.302348967623702
-0.0304253582428943 0.0558209070179399 0.806390615166401 -0.405863478638567
0.00794851536469448 0.0502705327464114 0.109170162699377 -0.847745970255146
0.0167608619780105 -0.000916233616523675 -0.485903005079639 -0.351968562475847
0.012877542396714 -0.0273065052671635 -0.363868468714464 0.122429932838531
-0.0057016144577603 -0.00520471169747585 0.0106492448672818 0.167647654791575
-0.0191885832490294 0.0118075195867801 0.225035016549536 -0.0508930338045858
0.00339138512644833 -0.0440461552381892 -0.216482250292018 0.0344312710999256
0.0076820190357383 -0.0228776057924406 0.00885563305524338 -0.161540808691482
0.0164906446679567 0.020834394763614 0.388096875220766 -0.111687085442232
-0.0146542684042868 0.0243217249139495 0.439014443201775 0.351433171093606
-0.0369591590836345 -0.0226985295543363 -0.125533901787086 0.792186040206725
0.00774652326680016 -0.0928615055071109 -0.812700155064162 0.413785304891496
0.045386770998145 -0.0524415998245364 -0.626039172993297 -0.273903951444238
0.0485892117590971 -0.0152242534906755 -0.147871309259571 -0.0436659902165297
-0.00524107453290717 -0.0175093482375303 0.45305012203191 0.463252351288504
0.00265503861900427 0.0111652902310646 0.942996176037524 -0.00252012280706389
0.0142575527299459 0.0344306105480406 0.512523733917417 -0.751676122406266
0.0383674182556804 0.0259606341277577 -0.303333958428574 -0.572242388452046
0.036029158820843 -0.0232249972178934 -0.406059567819741 -0.0287272639327941
0.0109121850118934 -0.0222097664035629 -0.0524309933812241 0.143905938371652
0.00243240926847056 -0.0223006157596537 0.224620701929024 -0.0498046528097793
0.0140253138565942 -0.0417186573885518 -0.221420825283085 0.0377601120181885
0.0122125884929236 -0.0298580615284759 0.0154768262191918 -0.152594054121527
0.0175783713597106 0.0186612925263376 0.393491197842598 -0.0808900886870284
-0.0153450734827018 0.0208601815665153 0.407170724680344 0.391449231477575
-0.0335770307655957 -0.0304977618965542 -0.199776749457407 0.783818092294631
0.0213810051890548 -0.100281158735205 -0.857465950175771 0.341644628633204
0.0600254177519232 -0.0458618820418506 -0.602850509231075 -0.313023252125531
0.0588603114073603 -0.00507315058632449 -0.12597459495132 -0.0294507381690016
0.0040806019789993 -0.0122315704245675 0.493351530236085 0.432187042959899
0.0112143501692346 0.00748773702266001 0.93622352221057 -0.0902087105158665
0.0200618049040485 0.0286574133322439 0.442103683129698 -0.788288951986627
0.0387867581041215 0.0213276022942608 -0.342740555368477 -0.536863584719368
0.0359758434842141 -0.0277353258362053 -0.400234763362965 0.00262064499129184
0.014684132687725 -0.0275700661246867 -0.0405491549786408 0.151000023884626
0.0134844160801668 -0.0186648934824815 0.223983780684392 -0.0569421770094766
0.0175519561794124 -0.0405401979884353 -0.224568905130028 0.0340078662122809
0.0151023221065232 -0.0317069862492354 0.02146358148144 -0.149210238822508
0.0148150101697324 0.0180307342962376 0.397436901396202 -0.0449369761510948
-0.0193498666634066 0.016286896697903 0.370102536468654 0.43831903208251
-0.032343446046503 -0.0384433288336433 -0.286641663086288 0.76723951901962
0.0340098887954829 -0.100350828052127 -0.894400421399455 0.247472880194908
0.0667407783813391 -0.03682063093078 -0.569541158353441 -0.356527040004714
0.0613642357171046 0.00137959753380028 -0.100334975931354 -0.0106800447127566
0.00611278018555574 -0.00939734391294179 0.533999032129977 0.396401264489649
0.012420639986464 0.00603582948925583 0.914208971704306 -0.188559502681102
0.0206347935957981 0.025636848016569 0.350172023268174 -0.823134513693014
0.0383293479281047 0.0142108190618588 -0.391668763533004 -0.490412711480875
0.0328805755806209 -0.032058391006953 -0.393240288485282 0.0399157561301559
0.0162729483271275 -0.0308677178894528 -0.0300447106647763 0.159469375098172
0.0162490017006642 -0.0147455531206011 0.221101996766731 -0.0555158581669174
0.0193529156420872 -0.0360123528723288 -0.225316323723232 0.0370307925981817
0.0154989961295138 -0.0310554714140143 0.0338248665632026 -0.140538243723496
0.0130090105591999 0.0182641857390626 0.400295764442682 -0.00729831666681921
-0.0232243520281713 0.012058481310809 0.322321798600281 0.482885223928952
-0.031562607509154 -0.0425698327629516 -0.378363658500908 0.736047600694557
0.0404451805371856 -0.0962923596431007 -0.930446140070983 0.148726080102659
0.0637775737213158 -0.0300893690079695 -0.533427296386001 -0.394979752135765
0.0533912645928044 0.00112948781473411 -0.0743773822758813 0.0133406212108781
-0.00131736293764389 -0.00765639829110402 0.573729810609363 0.354800890143884
0.00951374562500088 0.0090255201373075 0.881998150324539 -0.288677964959758
0.0205984947134799 0.0250545917272135 0.255056577499105 -0.845964228175783
0.0346079762203394 0.00785767335862766 -0.4334166985316 -0.439524706595545
0.0280269078886636 -0.0361039537956683 -0.382798219387562 0.0769695704815534
0.0149483997026444 -0.0322057414265712 -0.0159082714858619 0.165058182837921
0.017005555072851 -0.00963905762100415 0.218039658166894 -0.0586108798029378
0.0137226660252669 -0.0296504612714064 -0.224856011489989 0.0376310330373636
0.0129536323643099 -0.0258369463274535 0.046758740392847 -0.135575317942074
0.00828748724332923 0.0192993472179832 0.400693381420349 0.0271771167994767
-0.0277676339549826 0.00743566492819897 0.273848385167128 0.516465868118103
-0.032709832836536 -0.0431068446241482 -0.461835380409066 0.696976166701355
0.0414439923644676 -0.0862271274869933 -0.94635076308381 0.0457029176008175
0.0524655232089636 -0.028436849335051 -0.497101935988884 -0.425865766028188
0.0364056773904639 -0.00573932333049521 -0.0504046047068375 0.03731090251385
-0.0163151465293199 -0.00637638766001447 0.607639640840304 0.316412719940317
0.00189985910478115 0.0168188448790118 0.842142710230868 -0.372283787446564
0.0184714948401392 0.0272868984924306 0.161411450358538 -0.855156288418796
0.0291944239458497 0.00182099090527778 -0.46861503264933 -0.384623584687636
0.0222451182559187 -0.0365790125753544 -0.369991929951125 0.110131807965415
0.0115743447371963 -0.0292652357869918 -0.00180865649176266 0.170202924867825
0.0111399255398708 -0.00329797311680801 0.217995189468278 -0.0561804023244404
0.00460452296041512 -0.0240045810764094 -0.221780490818765 0.0413725209144431
0.00586827956269488 -0.0178659992460156 0.0557713727399355 -0.131115103922564
0.00382875207731998 0.0201130615116272 0.397439415478385 0.0480537223655139
-0.0343369700971713 0.0039404648264004 0.238971076217017 0.536161994674412
-0.0379352452579972 -0.0396571174826142 -0.516210491551992 0.667344556949662
0.0309682841115687 -0.077239421437727 -0.95654941330008 -0.0215704949982638
0.0305690428760491 -0.0351557469327079 -0.473093587499616 -0.4414892284033
0.01077042395298 -0.0198561687142326 -0.0368050609162471 0.05522533692169
-0.0393059471843418 -0.00543980122225955 0.626888125831349 0.290220134182354
-0.00715209337321417 0.0286079931875006 0.812014966479593 -0.423298195123863
0.0157693970688993 0.0327370677004467 0.102608684316807 -0.856843199093754
0.0243754359557458 -0.00156624004179081 -0.490902526198464 -0.348889593116588
0.0176345364335922 -0.0359328725373522 -0.362732582800579 0.128553316879311
0.00641742840236341 -0.0233688913107334 0.00778270435232495 0.171868721373946
0.00393091243606356 0.00343077515711113 0.218991900499349 -0.0566975644189305
-0.00707081617504524 -0.0185841942547625 -0.218061918063372 0.0445531510503954
-0.00348651078777104 -0.00861413174704458 0.0613492972600266 -0.130739017786445
-0.00244448147921296 0.0206525039306157 0.397159839854044 0.0526481639218637
-0.0399029611500993 0.001469869679564 0.225383449255752 0.541775481283625
-0.0460796912155175 -0.0324414257235659 -0.536863242859549 0.655338116965568
0.0131316176843647 -0.0680919831368936 -0.95506613052943 -0.0451135224157371
0.00460896059425861 -0.0492576208287223 -0.468071981970214 -0.445695256036355
-0.0179741862342631 -0.0385007521125112 -0.0354037098208144 0.0653966610268569
-0.0648975975964722 -0.0049545422984227 0.630453312667047 0.284970621012327
-0.0182449983381856 0.0429446650693076 0.798998991510643 -0.436111943131366
0.0127648634845363 0.0415823225252758 0.0800672560442046 -0.856567028286182
0.0193961208470738 -0.00229489965999394 -0.497924244216798 -0.335311059803019
0.0141228577612403 -0.0318960171999608 -0.359839957093497 0.134804375232357
0.000383383563083484 -0.0142250648791404 0.0131436481782481 0.171400386596067
-0.00737116256940675 0.00839491824436174 0.22240950236913 -0.0552523587936002
-0.0216152886677321 -0.0134633458344037 -0.214558523738478 0.0481946142026832
-0.012883691214365 0.000613033175083374 0.0613057886712331 -0.134854577634496
-0.00811494193664978 0.0215296251339425 0.396224424293066 0.0423259754012329
-0.0453015369323013 0.000625864951547515 0.237696878642492 0.535322980454683
-0.054449814509905 -0.0238186331106441 -0.520497065829554 0.666776875898834
-0.00713339017245929 -0.0611585651242146 -0.956138064142547 -0.0182450194296174
-0.0208034180803186 -0.0628506177164629 -0.481170829846921 -0.43368991577479
-0.0442272907325147 -0.0580634880668391 -0.0450860162636467 0.0653693656133693
-0.0881698498408975 -0.00840450915948625 0.620906050211956 0.298127760504804
-0.0304510707900785 0.0567910314195198 0.806048475368323 -0.4162606053621
0.00863984537342433 0.0499771075270342 0.0985307316925548 -0.853978586606899
0.0167293889057725 -0.0008213467294241 -0.494283531458975 -0.348398360140582
0.0128549346712472 -0.0277114442688691 -0.36511516662452 0.127222207011368
-0.00591014290620951 -0.00608409458817895 0.0125557428048489 0.168667355550729
-0.0192950417504437 0.0120568951294484 0.225674075028635 -0.052825592016133
0.00206313574667334 -0.0440646882054151 -0.216949074357363 0.03618735042064
0.00718109667913432 -0.0230219159625306 0.0067588715658889 -0.164264714351501
0.0159394460485154 0.0205049813826223 0.389733817783286 -0.117543981261589
-0.0149993252712015 0.0240046872795255 0.446795804533272 0.346117075125918
-0.0370299494789941 -0.0214034023708075 -0.115571078006225 0.799298378752788
0.00603324506502154 -0.0932744068387756 -0.808769080387009 0.426718529000904
0.0448734136277074 -0.0527179510880031 -0.63138013535107 -0.269586431432072
0.0485004953770222 -0.0154647116404062 -0.149584351082213 -0.0423764131191046
-0.00501678434879792 -0.0177551213212211 0.460504589811751 0.459268672823282
0.00333343151970771 0.0117563090833452 0.945819033571858 -0.0141412787218317
0.0151021838238123 0.0345725048573617 0.504428392132355 -0.762631094672288
0.038048529029967 0.025551621781728 -0.313332457046806 -0.572118525196837
0.0361732157304982 -0.0243042131597133 -0.410357681140344 -0.0246772478652276
0.0107547854033298 -0.0226804370852108 -0.0523093571844926 0.145019768388967
0.00204673320284182 -0.0225087215563108 0.224402236964777 -0.0521437257422989
0.0130250677067294 -0.042354105298888 -0.221394408346824 0.0397409965465625
0.011507548950346 -0.0300335408865182 0.0140791995101634 -0.154950179582503
0.018414847169055 0.0182953259564299 0.394598721135889 -0.0881565487634171
-0.0163644127154184 0.0211961138853658 0.417554883621571 0.388744634029178
-0.0340602133311045 -0.0295540680870277 -0.190044110769756 0.791941044102963
0.0202128811889985 -0.101209565557633 -0.85645349852536 0.353530309915623
0.0594261277930239 -0.0463119665407871 -0.609142727807825 -0.308701142309376
0.0587558805358407 -0.00612923753357722 -0.128777679937916 -0.0284342300004622
0.00405704802647994 -0.0125669076235222 0.49997233060313 0.430415175107091
0.0111652059766011 0.0074147532101553 0.941961027685531 -0.102352635779644
0.0204681916226444 0.0290815609103489 0.434692804593252 -0.796694241419454
0.0390590106105489 0.020759115613438 -0.354375742969123 -0.53541294947956
0.0362772522122893 -0.0290261577195828 -0.403944774165114 0.00813057688147176
0.0144521072487381 -0.0280108541266126 -0.0398612085411664 0.152501905466183
0.012943128862889 -0.019067507421259 0.223853890306583 -0.0594876873632621
0.0166122310371891 -0.041207150644604 -0.225194426309136 0.0367636466426207
0.0136160350781223 -0.0321469386713803 0.0200061113122188 -0.150836053741956
0.0146513310024642 0.0175803475633338 0.398701275263653 -0.0496327412166662
-0.0191197678390432 0.0159176896726503 0.378704672830586 0.434710990257028
-0.0331694571056423 -0.0376422798047684 -0.278347263676159 0.775852219440527
0.0325828235393321 -0.101070307616019 -0.896033464069319 0.261062923566102
0.066105263722924 -0.0364580099326505 -0.575228049979106 -0.352212334919205
0.0614381781995236 0.000538481594181113 -0.101796922355158 -0.00846262310665922
0.00589978513186975 -0.00913610157886212 0.541479542020696 0.391222663574773
0.0122327847112869 0.00576245981105986 0.915598458476485 -0.200568220756034
0.0210768499437262 0.0263473772498716 0.341618030722298 -0.833700383926528
0.0389555430548723 0.0134954461772008 -0.400729240659577 -0.488689003183332
0.032733125134439 -0.0330539923079016 -0.396368165847953 0.0452319471912866
0.0160003037193574 -0.0321272354445111 -0.0279267264652442 0.160875967759469
0.0160803695062875 -0.0156808797900302 0.221972444107442 -0.0573526186354679
0.0186454430185356 -0.0353899311461663 -0.225641191265135 0.0388524882122779
0.0152355799998298 -0.0313237927783356 0.0323655386765932 -0.142467671298974
0.0132735691842853 0.0180777043942672 0.402583067826883 -0.0131452721248184
-0.0234565747067683 0.0121536090831019 0.330896457615463 0.479908468320148
-0.0316324132811507 -0.0426369247345695 -0.373901163970389 0.746515631707774
0.0401877142969509 -0.0968100425834629 -0.929700994227467 0.158158454096803
0.0633319948954751 -0.0304003495489219 -0.539725528395655 -0.392010566245645
0.0537451735652868 0.000485640760627903 -0.074799448808834 0.0146499736064436
-0.00189516439845818 -0.00815938229532996 0.581995882254121 0.351732206789347
0.00963510529418378 0.00852153330917989 0.884162695995521 -0.300687141701938
0.021002011558244 0.0253993524821441 0.243789840207341 -0.855516331997105
0.0351004191084562 0.00750342752286411 -0.442313427813199 -0.43699960108603
0.0280044857284402 -0.0372063887670404 -0.385406921032655 0.08306245983307
0.0143163377283115 -0.032138776515634 -0.0135346122748548 0.166463742643276
0.0165132819136281 -0.00974975997546365 0.219233431449237 -0.0599322669829735
0.0126768765370427 -0.0299616338291978 -0.224928511013616 0.0397611112247226
0.0125333549811317 -0.0253207510830125 0.0459092260696925 -0.136965831655285
0.00921646378465433 0.0185871211484612 0.403259962208561 0.0214702393177266
-0.0280971170887766 0.00798406246851535 0.282848239594016 0.514879233151082
-0.0334671976563665 -0.0430830111176297 -0.456565911031182 0.705939491229144
0.0404101194573463 -0.0869109182015088 -0.950164693600881 0.0586507355433294
0.0514135176439017 -0.0288320501145441 -0.504583520329171 -0.423680783515737
0.0362226974357578 -0.00666550825194927 -0.0511320111845079 0.038418986123648
-0.0165927966294339 -0.00595067370550359 0.613045221929527 0.310704992661481
0.00228009205607195 0.0162314165128233 0.840633820468277 -0.383569771875943
0.0192763140878081 0.0275249140962 0.149368040700851 -0.862437381398
0.0297424290166733 0.00190782873504843 -0.478488473598177 -0.380901380025019
0.0220679206508871 -0.0378422533939764 -0.372336376268658 0.114731917123696
0.0112405974632324 -0.0301830577596503 -7.86782461117162E-05 0.172037089773595
0.0106792155903431 -0.00316426998881223 0.218991409227606 -0.057525823433477
0.00428745641461816 -0.0239088922981812 -0.221827817731529 0.0431504451707225
0.00535590056618912 -0.0177553810042046 0.0542474557483895 -0.132069957785048
0.00340028327544208 0.0198924387320845 0.400573944739195 0.0436532773345974
-0.0342660313162191 0.00426757487401354 0.247388175251793 0.535436382823469
-0.038809117735596 -0.0387791973324911 -0.51130634895402 0.677767923599059
0.0303947789478506 -0.0776731592431303 -0.960823160459426 -0.0105830573536693
0.0300085128539495 -0.0354146095006823 -0.480343461366405 -0.439201964543038
0.010430543090093 -0.0204540217623413 -0.0376550394741928 0.0567476830835966
-0.0396655896761309 -0.00479515492016683 0.632500581575152 0.28536740201038
-0.00728576265439872 0.0292049656809092 0.809723754395853 -0.436110632592672
0.016419764760248 0.0330544355271603 0.0890920087096905 -0.862543546359181
0.0243368684266783 -0.001736078813736 -0.499556511639633 -0.344085299742853
0.0172325520234158 -0.0369356678312342 -0.36393231719638 0.134510139490376
0.0059487164883338 -0.0237467198980518 0.0101661331996716 0.17309542838808
0.00359834789727086 0.0028083238950004 0.219377276275508 -0.0582585210675724
-0.00819752792427493 -0.0179679536542339 -0.21827459614514 0.0462601882008527
-0.00373288121689177 -0.00848357867538858 0.0598517014977789 -0.131858064582161
-0.00214973210754315 0.0206629604131717 0.398506824196621 0.0472395074988839
-0.0402472606244568 0.00225308833263909 0.234194811390108 0.540222159965781
-0.046621205357312 -0.0324357024109764 -0.533217965462426 0.664429292499109
0.012570740809476 -0.0688622201195648 -0.961486585373309 -0.0319747705611599
0.00397898582926633 -0.0479458251112066 -0.474639045710432 -0.441916115760441
-0.0186249822617704 -0.0378088194077513 -0.0350292439836756 0.0666842779805652
-0.0649812576924536 -0.00385236137956197 0.637074409202192 0.279522703285879
-0.0180898909685757 0.0435619464053713 0.797480985208567 -0.450273740935765
0.0136263428508668 0.0410452131003673 0.0674260827103951 -0.860961719325541
0.0197944077174133 -0.00223721163966827 -0.506975065281533 -0.331517598585944
0.0139479610145614 -0.0336222053619259 -0.360894952205663 0.14081035522773
-0.000235150913560441 -0.015203797639368 0.0149052389066417 0.172360459652258
-0.00745162382543925 0.00851885294079569 0.222486396824423 -0.0562023121780749
-0.0213963149146126 -0.0124324767242496 -0.214346201602045 0.0502041635777312
-0.0131134147429772 0.00147124417181395 0.0598353109735896 -0.136387542301487
-0.0078466593314564 0.0209266546132774 0.398061755810881 0.0376460101764301
-0.0454392555885399 0.00160027849797291 0.246505595361671 0.534191276242287
-0.0553070084950176 -0.0226335290439275 -0.513546847915455 0.677749951474944
-0.00829228931469685 -0.0605118156825545 -0.958270907045883 -0.00670081442232645
-0.0217581465642994 -0.0626890335123808 -0.489207703590383 -0.430873356459129
-0.0452930511252752 -0.0573729768748033 -0.0448211204739201 0.066169535563193
-0.0894887925599111 -0.00669741598048331 0.628149042092202 0.293222058150507
-0.0302865616899199 0.0575266399120969 0.806648571437383 -0.428229890162259
0.00974691856575835 0.0505025326432529 0.0852850965982442 -0.860980227155691
0.0177885163682969 -0.00109987840302551 -0.502270243418306 -0.343197840731994
0.0123636041272221 -0.0281718001405305 -0.365994069329982 0.132881785248631
-0.00630126461620951 -0.00620932479670239 0.0151134795198776 0.17000211102085
-0.0191521269723711 0.0126791805942939 0.225913487104841 -0.054738080224941
0.00170430008972866 -0.0436091849513221 -0.217252278672873 0.0375530739088221
0.00571902823915305 -0.0231330597575455 0.0042753902988517 -0.165420500230127
0.0165500145304306 0.0195822314569726 0.388773136386353 -0.124899859655276
-0.0143487861332958 0.0242890547191365 0.452776983126759 0.340059667264023
-0.0368615610842588 -0.0210115403927089 -0.104695145227779 0.803305008857912
0.00525313151169938 -0.0934181749882391 -0.805397551977307 0.436610482834306
0.043937809067521 -0.0529150780952749 -0.636088900609991 -0.262196832151987
0.0484808158359999 -0.0165263140756267 -0.151546243817924 -0.0406855096102895
-0.00625545934789216 -0.0172710485232826 0.46689586771191 0.456443930110259
0.00273293590240668 0.0116363614920433 0.950079792696503 -0.0274161317132517
0.0162828933616403 0.0346298543683947 0.494681033495728 -0.773119601789928
0.0392144470881713 0.0253235517688303 -0.324071978317436 -0.568648141806314
0.0357925154082195 -0.0247251120830616 -0.412742774112688 -0.0180818139683831
0.0104847842127029 -0.0235055804036294 -0.0511314773211556 0.14605496356115
0.00090673863696778 -0.0225288669073299 0.223729308703371 -0.0548411099494579
0.0124709069678412 -0.0424193417300221 -0.221843563511187 0.0416782972924412
0.0105690442621992 -0.0303491034145696 0.0114025942770422 -0.157615710105188
0.0182631023728798 0.0168721745298039 0.394524934055957 -0.0947820476657656
-0.0158296036787002 0.0210657966354847 0.424765644649689 0.383531267301266
-0.0341660060288849 -0.0290579307975156 -0.179481723669183 0.795873326526522
0.0194457362728341 -0.101730813937526 -0.853642012817109 0.364916998844226
0.0583494770684012 -0.0458936182936952 -0.614131008656901 -0.302446230202408
0.0590121579074598 -0.00658906684028965 -0.129849780132481 -0.0264903337309942
0.00327413062478752 -0.0126220024769141 0.507416314317886 0.425444160205775
0.0104497080990762 0.00796729903730079 0.942442802671016 -0.115392142541862
0.02035581893466 0.0289186307840279 0.42334637892305 -0.810088687299401
0.0403932698959491 0.0201819310898991 -0.362586607355829 -0.533234444113759
0.0362627939364584 -0.0301901923927442 -0.406651222659868 0.0142449075512035
0.0140392153498394 -0.0293179423999052 -0.0384450938745582 0.154086930883235
0.011644380540507 -0.0191003759442658 0.223352617988537 -0.0617472280291128
0.0152985470917573 -0.0411365602358287 -0.225860405029353 0.038836082525204
0.0127972397176874 -0.0316836829131196 0.018078256792331 -0.152157253023431
0.0150971813808797 0.0174750100160999 0.400955084864412 -0.0568425968555198
-0.0200936606730406 0.0171217238135199 0.387533001465932 0.43039398068916
-0.033226303348487 -0.0379831857290199 -0.270279688853253 0.780580202815715
0.0309153078799127 -0.101438908723826 -0.893530532042685 0.272418981336187
0.0656823121373271 -0.0371130574517361 -0.581986807703887 -0.347199817995604
0.0613481139867981 0.000263349888350301 -0.10295602089202 -0.0068554012043698
0.00509053799977557 -0.00902468789334892 0.547708980664836 0.386620863811273
0.012302716921022 0.0056919512255114 0.916560036171055 -0.214404770592374
0.0218748492795436 0.02590225018034 0.32956667891128 -0.841374325830832
0.0386489708764323 0.0140797223128157 -0.410772335772255 -0.484295913068681
0.0329983427330475 -0.0343765504221083 -0.397613373474163 0.0500391167460951
0.0150927298356941 -0.033331119848843 -0.0273053950723891 0.161788884141579
0.0155478290977815 -0.0155193842368927 0.221555814843688 -0.0595463049578402
0.0173199847395316 -0.0359169432988396 -0.225096325773567 0.0410259474851593
0.0141781735406587 -0.0309455441497536 0.0309550490685766 -0.14380803983797
0.0130111201943153 0.0170825912349869 0.404986496816946 -0.0186114685262933
-0.0234368903587198 0.0133926327366275 0.341376436955162 0.476654653536024
-0.0323009962270986 -0.0416753949084449 -0.361749909252139 0.751568713109013
0.0384995497809552 -0.0969092758855495 -0.931508604435797 0.170694935985227
0.0634470992364401 -0.0307243586422114 -0.545642375989292 -0.386303882311898
0.0536147834324255 0.000284652169146657 -0.0761724541488651 0.0158008830586153
-0.00209178449044416 -0.0074805142243074 0.586515908239449 0.345952815419994
0.00937820892792149 0.00866943185646256 0.88225188555128 -0.313123169540339
0.0215821784345951 0.0253866621264834 0.232096588150955 -0.862112862825137
0.0351175849423085 0.00706494232816747 -0.453030693436076 -0.431417376231693
0.0279237305668489 -0.0379819329101644 -0.386814685182763 0.0881134105446681
0.0141218066882199 -0.0333155886935613 -0.0120177593544887 0.167442333042892
0.0165766193276468 -0.0102486636880562 0.21858267922249 -0.0626279559824232
0.0126285347781541 -0.0295689518737291 -0.225238855339242 0.0424924074596705
0.0117058949321725 -0.0256848490340415 0.0439459638589449 -0.137701918276926
0.00863215744041334 0.0188973305217048 0.40453338448725 0.0160928222642383
-0.0280520779021827 0.00921514148698186 0.291365235913336 0.512886350253828
-0.0341701138980738 -0.0424570255545424 -0.448773538369451 0.715692438046794
0.0390984879864098 -0.0872866677415833 -0.951399699306473 0.0689704000020907
0.0513357322955994 -0.0281985838751361 -0.509541929362884 -0.419179908649134
0.0357521301012179 -0.00626448235694425 -0.0519340587374552 0.0402211811676808
-0.0166893273897074 -0.00538429674623403 0.618946076221917 0.3061620716457
0.0024195541573708 0.0168612438614688 0.838813549772523 -0.396789806378775
0.0197070317042962 0.0270977470217075 0.136320740492346 -0.869085668050963
0.0297107201645148 0.000976713764514013 -0.486278013920977 -0.376432982117858
0.0213467486782679 -0.0390922093497609 -0.37260665218445 0.121070350464443
0.01033118658974 -0.0307999523855468 0.0015513296878699 0.172534693536211
0.0109477640728855 -0.00344488095587175 0.219068631714455 -0.0599626546988879
0.00354008825816045 -0.023491955231511 -0.221855778826014 0.0462849564159822
0.00474973823734162 -0.0172768677762283 0.0536227430548382 -0.134079193868121
0.00368858901922373 0.0196295761354424 0.402007072767788 0.0384911807348134
-0.0343703263560536 0.00583746840145243 0.256548713440258 0.533710972210064
-0.0377716660575232 -0.0390685436049836 -0.503964888448741 0.686234227579377
0.0291863074969332 -0.0782228298229655 -0.962300809141176 0.0011353483585228
0.0288930418539222 -0.0353590112353921 -0.487709061855605 -0.435631342962069
0.00997754411981138 -0.0200475753770059 -0.0375494201495612 0.0577919562407877
-0.0404039676915441 -0.0043990016056448 0.637012559826749 0.278067863906211
-0.00718862137287873 0.0289364228044289 0.806790687768157 -0.448694864588611
0.0168592128697221 0.0332735405676444 0.0767575779191994 -0.867043886509404
0.0252025157586705 -0.00186630733096153 -0.507557149671562 -0.339290655666113
0.0163462451264645 -0.0377548835426361 -0.363793718025914 0.141724557276543
0.00600934903884973 -0.024552301193416 0.0121953994560918 0.173232837688491
0.00286619349242501 0.00270670075618743 0.219682811728889 -0.0601932877467135
-0.00865651078827815 -0.0175184106771 -0.2179946787847 0.0494389675532058
-0.00348624469752855 -0.00751841943416052 0.0588971482964543 -0.133630574160069
-0.00223387894381969 0.01944111629 0.401461753616406 0.0424823322414218
-0.0403445662143611 0.00218738321707311 0.243081164492728 0.539030934825437
-0.0468863517707166 -0.0310785712344999 -0.525032082122695 0.673879924007042
0.0116876155038994 -0.0689217470247997 -0.963852004953072 -0.0209558102463464
0.00340429778216841 -0.0480580630125399 -0.481813355509575 -0.437739866411054
-0.0191321093477336 -0.0385102150068658 -0.0354727788414063 0.0680165345085214
-0.0649119707821191 -0.00313207594259149 0.641951675849175 0.272644097473159
-0.0180572621191643 0.0438393032126674 0.792937263879226 -0.462571525140114
0.013886129627546 0.041492641116229 0.0547140569081887 -0.866427308888634
0.0204922430058654 -0.00335642788827304 -0.515627523031236 -0.325150149779867
0.0130999572383077 -0.033737934544859 -0.361764131880061 0.147470636735109
-0.000160068461168113 -0.0155975882756302 0.0175832814471035 0.173289814312072
-0.0076221838656506 0.00895374795253669 0.223240781226775 -0.058101856475826
-0.0219689069345414 -0.011686866630074 -0.213905948726489 0.0524805514381902
-0.0131235568240744 0.00223192456355373 0.0585670179048162 -0.137860683167662
-0.00730713668938448 0.0216878060271422 0.401860388884263 0.0323383118961744
-0.0454599067453351 0.00213857127985977 0.254700048927779 0.531691210318988
-0.0551785753277192 -0.0219746675011844 -0.506746459321582 0.685852339303877
-0.00916255447517386 -0.0604292063693193 -0.961718160524784 0.00461160369399485
-0.0228026774717731 -0.0615678692240424 -0.495032568566715 -0.427596236279251
-0.0462234395792642 -0.057071567159456 -0.0449776463689273 0.0677739584245618
-0.090005103327359 -0.00582468825973051 0.63261326065476 0.287674776628252
-0.0293534101416403 0.0583243774370875 0.802624215275941 -0.440815347503017
0.0105506681456346 0.0500480021292735 0.075983942632215 -0.865718897405931
0.0170854580358972 -0.00156855060255735 -0.510865169556969 -0.336313249295912
0.0119226440950222 -0.0296249565028728 -0.366379208259946 0.139881089054906
-0.00625908535434092 -0.00651224940387463 0.0164458513917626 0.170265821919276
-0.0189112716278064 0.0132038892904301 0.226691979776476 -0.0566835516192854
0.000382854860089372 -0.0430903269107682 -0.216513959517059 0.0394613123403335
0.00486817596129319 -0.0226631167649298 0.00203523141897524 -0.166575773030185
0.0166448428314517 0.0191127608395714 0.388238098021797 -0.131542991435946
-0.0146378507791428 0.0249151813715547 0.460830701367563 0.332510158276729
-0.0374487522942388 -0.0200491644568012 -0.0918488653089144 0.806563939058385
0.00383386190594547 -0.0930863793377894 -0.800089345066686 0.448274392403723
0.0423885657417142 -0.052650457605666 -0.641229513928885 -0.254739460381537
0.0486152648064102 -0.0168850589049335 -0.152905644217733 -0.0377499582159586
-0.0057149742086935 -0.0165955126839949 0.474285109021827 0.448914850565546
0.0024794678186699 0.0111939191990331 0.95098771259408 -0.0410774452181812
0.0169339217760488 0.0344022758296918 0.485999548503768 -0.781969589104734
0.0406197782552489 0.0250069667778009 -0.334000808870523 -0.567363623433551
0.0353261259694346 -0.0258299023511423 -0.415755849299671 -0.0128111233886577
0.0095874927509596 -0.0237261878661208 -0.0497871122868654 0.147423039109411
0.000264308876123708 -0.0222865798619764 0.22386524817066 -0.0570257089802175
0.0119151903274917 -0.0424072915554383 -0.221224064521013 0.0432171268338839
0.0097347750826423 -0.0299222399579508 0.00927594064875955 -0.158752944566944
0.018324318963781 0.015809487334152 0.393806251498813 -0.101389144534829
-0.0161457813162971 0.0222529031039713 0.433383657523971 0.37711078414869
-0.0338240947810826 -0.0284151907514828 -0.168393695914161 0.798995138886493
0.0175052058240031 -0.101161048391182 -0.848514137319487 0.376947771576004
0.0570127586104419 -0.0454653103756754 -0.61828255621163 -0.296329764405367
0.0589432718232931 -0.00778920833529407 -0.131239632770323 -0.0244936929001888
0.00359308445129263 -0.0126711030585949 0.51346351416741 0.419389368088816
0.0106898326236691 0.00694071817106099 0.941716454202696 -0.128072264169204
0.0209954357870964 0.028423536275824 0.412314154599856 -0.816487716229429
0.0411801530129393 0.0194176147686079 -0.374106768502274 -0.529424656787598
0.0358989290707253 -0.0310102715307209 -0.408874204900681 0.0203253042647621
0.0128512885192085 -0.0300264556678111 -0.0371102675632412 0.154490116683268
0.0111051567788901 -0.0192378104816681 0.222954967302997 -0.064064330891593
0.0142363429443317 -0.0405387037415188 -0.224327169496868 0.041138684264543
0.0126012750376505 -0.032422790365097 0.015922153893223 -0.153921525070209
0.0155742033025118 0.0173653609008582 0.400368116724832 -0.0635686397901795
-0.0195630314998557 0.0170453920721023 0.394592869742076 0.425121897577093
-0.0336259411424696 -0.036859952092168 -0.257577058763868 0.787115788227687
0.0293377046157868 -0.102174980075332 -0.890859016372048 0.285577412552146
0.0648044014490449 -0.0371478193250325 -0.586970510879365 -0.342074719368613
0.061130830531742 -0.000773310421386149 -0.10490451334205 -0.00488280319476702
0.00483071743926911 -0.00862120852076442 0.552887883897702 0.381496679636815
0.0119223962396326 0.00603818567640105 0.916357179346312 -0.228138119639601
0.0224949374207271 0.0255732569752014 0.317842599277247 -0.849103372182704
0.0400157240574637 0.0133945285889659 -0.419906074855132 -0.480699891658019
0.0326332018918011 -0.0348442714095619 -0.399915613340877 0.058226525015904
0.0152179616639005 -0.0337690994747159 -0.0248456226513423 0.162706282573893
0.0148655146841821 -0.0160629346025966 0.220698311349994 -0.0620217839885015
0.0162055829806923 -0.0356480995825791 -0.224763297078046 0.0444667665486596
0.0131647628303598 -0.0309457729318 0.0291305918627382 -0.145248575886006
0.013492233806667 0.0174379219311659 0.405341817573398 -0.0243184340347566
-0.0236853958573309 0.0133503141629673 0.34814292458474 0.473024214557548
-0.0325879126727492 -0.0407641112407342 -0.354272050544997 0.75987839233704
0.037702988287395 -0.0972098958692425 -0.92787686053382 0.183082656446475
0.062438640904313 -0.0307377781150056 -0.552489839632762 -0.381430728782736
0.052998851497881 -0.000292387453712522 -0.0768769774517305 0.0174573632396487
-0.00238222266205866 -0.00727700253552204 0.591405009212214 0.338472755457044
0.00897812323529699 0.00865078190356937 0.878268468605464 -0.327629008591114
0.0218020958395656 0.024971102018012 0.218782333631637 -0.867551411398851
0.0353594869949265 0.00692955339321571 -0.460011119621435 -0.425455296098571
0.0271310288357186 -0.0391964345995126 -0.387468579340307 0.0944567913347094
0.0130745882507124 -0.0346143656327527 -0.00993343697874943 0.168247421700117
0.0156566131376151 -0.0101843758584664 0.21834824102197 -0.0643721246183545
0.011069891354873 -0.0292589830542591 -0.224165462796266 0.0445013764826891
0.0104061151294378 -0.0255821825686943 0.0425631906483913 -0.139270676402333
0.00931317645453357 0.0183593690170529 0.407016643191612 0.0097072288613857
-0.0285344620455664 0.0088836049738958 0.299214119515744 0.510346806063237
-0.0342328688864377 -0.0416225477354286 -0.43905222695809 0.723971059401579
0.03803537892258 -0.0882005604535965 -0.950038106632865 0.0820493764238584
0.0496856002698924 -0.0284916457353347 -0.515965593031126 -0.413589206386825
0.0357326574034904 -0.00624427246103218 -0.0516312871921838 0.0411089493053291
-0.0176063893332171 -0.0050388809809706 0.624442102254427 0.298878949512635
0.00231379852882188 0.016957846368476 0.836053237670358 -0.410385359330633
0.0195181429727843 0.0270429185825268 0.124139888289187 -0.875409644185942
0.0302957451696206 0.0008541463955154 -0.494863357455989 -0.369457555055452
0.0210324298212418 -0.0397699266981715 -0.372831465315181 0.128461697770975
0.00964681912085569 -0.0313976751308689 0.00320098462311684 0.173508967250502
0.0105368259074165 -0.00393191648944112 0.218860022920354 -0.0615724188716882
0.00320805254424964 -0.0234213882515163 -0.220956393447063 0.0484307139012948
0.00469666288736356 -0.0170454789221584 0.0523175732636474 -0.135352825548717
0.00391820442587544 0.019212747257027 0.404909802686663 0.0318719417842751
-0.0343900619170494 0.00521157493228691 0.264989124344519 0.53155551229526
-0.0392496578200191 -0.0377938702982457 -0.494291061990832 0.695584819816771
0.0278708022317979 -0.0779779219823386 -0.962645564220508 0.0134616145988868
0.0283411497467843 -0.0350100800586927 -0.493593662974319 -0.430089644174102
0.00890007125433641 -0.0204155313070244 -0.0372550643357448 0.0595666418926384
-0.0399988440670388 -0.00390378299623582 0.64173028888298 0.271733773946589
-0.00690121196685683 0.0289614694352721 0.801571402521884 -0.459853693011098
0.0179387035829834 0.0331601816449412 0.0632090913132649 -0.87288993572192
0.0246495456129575 -0.00204449872231664 -0.514169912584462 -0.331466951821877
0.0160814108116713 -0.0383807154670886 -0.364170026421146 0.147630630836597
0.00413498802025971 -0.0248385584796895 0.0140272313619403 0.173885809489395
0.00307767702602689 0.00274835195488811 0.21911793705987 -0.0624419153705417
-0.00886035955565241 -0.017332952755695 -0.217149898316119 0.0508692277217991
-0.00425804958675734 -0.00737617338359221 0.0570481872103381 -0.135338577307605
-0.00215408345117557 0.0201663269036402 0.402787350632991 0.0367093771890797
-0.0412836674615557 0.0033319820225049 0.251688576413485 0.537551923026106
-0.0463520182145833 -0.030609218084111 -0.516188084907779 0.6833539901208
0.0104962931477602 -0.0689872321004981 -0.965129617062593 -0.00926894974837965
0.00139714024028192 -0.0481907188812042 -0.487305931655372 -0.433124051609018
-0.0197272106211118 -0.0380307515952798 -0.035365868145616 0.0688688125420999
-0.0654471630988034 -0.00287730025587358 0.645492965287048 0.266797266989809
-0.0171103914368833 0.0445323356967756 0.788257670412962 -0.473982747295322
0.0148985429491536 0.0416032629696649 0.0402274653318862 -0.869064688923378
0.0211359510293625 -0.00274038152209832 -0.521243260297584 -0.318269669940009
0.0132591548714515 -0.034572657308453 -0.360573131813305 0.152791336472
-0.00141204495857221 -0.0164029944621312 0.0198958841629858 0.173664785431416
-0.00736180713791738 0.00886614757798623 0.222249750836676 -0.0610100923540562
-0.0218048539308327 -0.0109469422877066 -0.212952953472925 0.0544855080906356
-0.0130396061466572 0.00276354073269095 0.0571185464486891 -0.139436027633311
-0.00710592249414379 0.0215950861296593 0.401438239686699 0.0256406493998121
-0.0464423722118825 0.00307784693369209 0.263346033698053 0.530272043359804
-0.0547777644745395 -0.0205871445423811 -0.497449269616703 0.69413220637456
-0.00979321495470055 -0.0605939350478309 -0.962041365633901 0.0162895833482367
-0.0243795817296767 -0.0609691092885802 -0.501009805319337 -0.422928865987919
-0.0469648466977033 -0.0563847779775218 -0.0455583934551528 0.0692699728164789
-0.090368291495704 -0.00473573172469317 0.638328879784091 0.279695370000404
-0.0280612180881656 0.0587771668633668 0.797146948669109 -0.453389448484919
0.0114650923937271 0.0508361343732108 0.0615974331992168 -0.868623348090043
0.0179551616747429 -0.00127408852296001 -0.519976567021838 -0.329446450631818
0.0116886002427518 -0.0297613292230751 -0.365185405560422 0.146303622745001
-0.00725199854925932 -0.00676664811977881 0.0194738758941189 0.171299917827337
-0.0188631532761856 0.0138953768139477 0.226235230829136 -0.0587036892974973
-0.000567674685938005 -0.042919533028504 -0.215583168916493 0.0415995120775373
0.00477986300007096 -0.0226437041144248 -0.000305939030772447 -0.167642561842805
0.0163736765190021 0.0182320848768022 0.386129805648339 -0.137953259217697
-0.014044015466416 0.0243651995306465 0.465285378724555 0.326688728959481
-0.0370805980385942 -0.0192327869210701 -0.0793156842620695 0.807997728760942
0.00220600674162898 -0.0933090443671626 -0.792623728563588 0.458147563928973
0.0410476974947329 -0.0525193972150732 -0.643523137555245 -0.247180875551438
0.0481984774304562 -0.017303333716787 -0.154119762804844 -0.0355953412962391
-0.00637344399531603 -0.0165280138794152 0.479916204073473 0.444140786462512
0.00247119525716523 0.0119846477865046 0.950493326925313 -0.0540268170260198
0.0169556590814287 0.0341519153874341 0.473238406254681 -0.789175799683405
0.0402866819700355 0.0245864285307556 -0.342373508690138 -0.563782630181651
0.0351851003674718 -0.0262981316726516 -0.416946432052396 -0.00639706397293298
0.00965383366844234 -0.0248303440199562 -0.0487304765447048 0.148243847177901
-0.000283013411343493 -0.0225269504232721 0.222504002232031 -0.0592290315484772
0.0105494559138986 -0.0413950420827126 -0.219837605472794 0.0454290018385781
0.00888684930932275 -0.0299183905533553 0.00687849121086413 -0.159883718055166
0.0183542473798849 0.0154073110975752 0.392573515037634 -0.107332197314074
-0.0158720892781992 0.021711784348963 0.438173175033626 0.370802521170057
-0.0346566833375256 -0.0279726570031108 -0.157196928566951 0.802481559733377
0.0160359651072204 -0.101414268288575 -0.842080885368983 0.38843808175951
0.0566412421100154 -0.0457848771872961 -0.622254436755388 -0.290074133300399
0.0585564832929849 -0.00745279178914232 -0.132419121765978 -0.0219397235152064
0.00296547462293318 -0.0125653352219194 0.517061898663539 0.413328745677827
0.0100662005459077 0.00677112052484153 0.938407037692663 -0.143229185920801
0.0212635412151619 0.0282483417942702 0.400719723905909 -0.823798886298815
0.0412836438336361 0.0197964422804194 -0.382989406771334 -0.524076535643718
0.0356583594769368 -0.0319341322328066 -0.409602480923723 0.0265005960627165
0.0126592772512934 -0.0305196416198738 -0.0363257736884662 0.155169849618104
0.0112720941593124 -0.0200314832524126 0.222015210233206 -0.0662168461396648
0.0135148015990589 -0.0406539665276052 -0.223631761674652 0.043404462948277
0.0119421922511505 -0.0318439653594862 0.0138785314278278 -0.154501311986019
0.0154964732385786 0.0169424681689314 0.399003836726486 -0.0704550644891425
-0.0200100247247064 0.017147485263064 0.400922325084804 0.418658954254481
-0.0342391155686023 -0.0358043245368888 -0.246782716138488 0.790485791066991
0.0281791371966113 -0.10122873563181 -0.886480240911025 0.296832367238378
0.0641229408813401 -0.0374386013528554 -0.591125482694597 -0.334912700237172
0.0608424309558003 -0.00107239124950821 -0.105147179724335 -0.00353124616833314
0.00461687184219921 -0.00896900582018794 0.556671252374298 0.375593999204019
0.0117328050353565 0.00586550643974897 0.913037370123201 -0.24171806534536
0.023005705367681 0.0252443477493802 0.304212287207375 -0.8530945604859
0.0406782831669432 0.013349373818144 -0.428938178129937 -0.476302039598922
0.0318504726598647 -0.0356969590176283 -0.399733166431676 0.0637166938367511
0.0140457151756933 -0.0345104629928146 -0.0235760485639152 0.163613982745263
0.0147389942561597 -0.0161053133995582 0.220147255292514 -0.0643090046089399
0.0154477106611534 -0.0356761700286025 -0.223136804738404 0.045785075516424
0.0122972605142813 -0.0302087029656294 0.0276888358677169 -0.146526123565436
0.0136630095318176 0.0165623044112517 0.403958008441994 -0.031620692090499
-0.0239770276055129 0.0138941300452526 0.35422514675941 0.467842152186789
-0.0330477440873161 -0.0396385925878464 -0.340488109854986 0.764650631300581
0.0356499447837744 -0.0973366320712135 -0.92507178920799 0.194431944349388
0.0614053697696466 -0.0305327860826071 -0.555709487221705 -0.375011925441604
0.052774373486025 -0.0010565756057147 -0.0774979975815017 0.0192259369219595
-0.0025235580591122 -0.00731316002124193 0.596034659829542 0.331633213189442
0.00919759818842534 0.00832563965275948 0.874021962135698 -0.337799558028866
0.0225191499416103 0.0241084145469649 0.204978742684455 -0.872784943033274
0.0364110764853691 0.00694679568462649 -0.466829815974887 -0.420598849598025
0.026598357866658 -0.0395831378655504 -0.387299926380273 0.100380244541027
0.012334806483374 -0.034987549037647 -0.0090416930954904 0.168716170053745
0.0149775975434157 -0.0109613677062656 0.217207919518462 -0.0657399932380336
0.010274442639603 -0.029266251520527 -0.223242398645148 0.0474626978701084
0.0102784309632574 -0.0256964570014156 0.0412788626156477 -0.140774064652613
0.00879929054372507 0.0185362542216449 0.407691723719041 0.00400839494842773
-0.0291729700512326 0.00938334207569332 0.306610757353244 0.505899300642319
-0.0339086322849611 -0.040813516858353 -0.429166378460717 0.728053110506939
0.0365451667572153 -0.088032686255648 -0.949516460879735 0.0940121283540101
0.0501737203861885 -0.0285165495928549 -0.521527666226138 -0.407764262294302
0.0358594949501745 -0.00659288414203294 -0.0521715549792422 0.0422593300997595
-0.017434121932581 -0.0055549530563107 0.62695736665209 0.290769650457114
0.00286581032797837 0.0166102420154622 0.828076833544822 -0.42137781043041
0.0201640034108413 0.0274768196592206 0.109353633163384 -0.877407308671153
0.030375426293669 0.00107429780858079 -0.502271505733988 -0.362259845809681
0.0208802771539841 -0.0403535775776927 -0.371490989829617 0.133842784472746
0.00820344017324354 -0.0318511876517591 0.00535458422445516 0.173035328715042
0.0100918276218919 -0.00351406812401431 0.218370782030492 -0.0639003130844489
0.00205939131056001 -0.0222580921164239 -0.2193071709874 0.0507843274296126
0.00368007172453999 -0.0166079503872974 0.0503609997834807 -0.136175315605749
0.00381276688006913 0.0192586904986293 0.404125047935871 0.0263438534540006
-0.0353358955134586 0.00582510276578125 0.272835770754975 0.528475594099183
-0.0391421790232423 -0.0373649765762995 -0.486304412071895 0.701788490945162
0.0267197200553464 -0.0784376904046373 -0.962260520943955 0.0268018188054871
0.0274777189416085 -0.0346918469340037 -0.498274315499333 -0.424896067596453
0.00841872152389393 -0.0202082086449919 -0.0372648631646084 0.0606209174389154
-0.0400599904793668 -0.00260353738631188 0.645595081646323 0.262925843518227
-0.00650190862554712 0.0290105728953035 0.796069334977418 -0.471078066454381
0.017913243647466 0.0328516356326383 0.0502992681132716 -0.873443557648678
0.0253926151646368 -0.00238034329300584 -0.520941281597823 -0.324654649111106
0.0156834585770454 -0.0390882153722381 -0.363171907637575 0.153630233959281
0.00417799040032754 -0.0254837240900858 0.0162271036344188 0.174253531875632
0.00268509763374274 0.00263824015361053 0.218462394617059 -0.0638589063057292
-0.00938562700640344 -0.0159379025023622 -0.215694460620039 0.053533337491592
-0.0047071168605447 -0.00647459368762684 0.0552614725500427 -0.136818512468165
-0.00184525695478208 0.0205301888468209 0.404024336715217 0.0312433264011393
-0.0410343785422856 0.00329114325699183 0.258452374874996 0.533367330791714
-0.0466568110981846 -0.029029801969047 -0.507052378202934 0.692062501186453
0.00976364710785278 -0.0690611117680449 -0.965098398510064 0.00272173186188217
0.000988649009883567 -0.0468479953744962 -0.493358865382719 -0.428596487870523
-0.0204269331470798 -0.0372255748572545 -0.035170850361529 0.0702604710582734
-0.0662272702019632 -0.00145607110809606 0.648805945198785 0.257942434545843
-0.0171351127006455 0.0440979867306811 0.780673046795862 -0.486015002479856
0.0153778262557805 0.0410068737718149 0.027117669891018 -0.870453090157347
0.0216610539752678 -0.00316899203123301 -0.527637272557314 -0.311055995124734
0.0130944753378225 -0.035206631774483 -0.360225935122843 0.158723509278559
-0.00149762047330075 -0.0164080168733982 0.0216960005804701 0.173719602060563
-0.00743014834603484 0.00946486237676093 0.221410406896898 -0.0627399561558827
-0.0225536785628421 -0.00998291348602399 -0.212190931538159 0.0567653597612698
-0.0129881075477838 0.00362400566037867 0.0551933401021727 -0.13982673462522
-0.00728761657579421 0.0215398697946759 0.402048234796794 0.0208532113581257
-0.0465740376658008 0.00414518133775374 0.270157028039898 0.524199394423574
-0.0549964994005448 -0.0194145232689052 -0.488071904354747 0.702476926543745
-0.0104459257251895 -0.0599750099550329 -0.961548996639676 0.0283135833188562
-0.0251431031121954 -0.0600834492894784 -0.506498460302785 -0.418354915271147
-0.0482112333149667 -0.0557808598617617 -0.045279576417906 0.0708841726961745
-0.0903993843755177 -0.00338929285398753 0.641039321954303 0.271518498412793
-0.0277537094074641 0.0588005331041213 0.790062289396708 -0.46359800035984
0.012744680368741 0.0500472867331202 0.0454399088793266 -0.869572690506588
0.0183115356471273 -0.00131683928701909 -0.525840910679223 -0.323103390640311
0.0112845638412897 -0.03047905815343 -0.365315535706778 0.152519973402932
-0.0078987793555528 -0.00633428421315566 0.0208219399324326 0.171180665828967
-0.0191729555985217 0.013766044119472 0.224888113179425 -0.061579029707046
-0.00110159391378518 -0.0422557197611714 -0.21486001227072 0.0431081868768805
0.00386733682529982 -0.0228657180358532 -0.00341743527128282 -0.168593720570571
0.0168731838472574 0.0174954019838734 0.384146843298086 -0.144537555874687
-0.0147446642589493 0.0255641027462684 0.4714013530379 0.318637894500371
-0.0372339215060559 -0.0187819939775275 -0.0699959277956212 0.807045157290933
0.000717890583061648 -0.0924935597426712 -0.785999967214259 0.466350504336223
0.0405118445111162 -0.0527488469433246 -0.645580652436126 -0.240352185763635
0.0468359444440698 -0.0172083887894138 -0.154969787503177 -0.0327699634609215
-0.0066237138481551 -0.0160255278190269 0.484133151867054 0.438321260350939
0.00254577354642587 0.0118252414909632 0.948021428270551 -0.0662469863378164
0.0176496483859334 0.0340748285150251 0.462180947577688 -0.797780404412292
0.0409972857436332 0.0241092970627301 -0.351004704559978 -0.558292462210845
0.0346814762134591 -0.0273742719114052 -0.417865551643898 0.000477055737431898
0.00900289982718965 -0.0251919599728693 -0.0475576123765224 0.148826811854629
-0.00105013251666856 -0.022547436441951 0.22065200607962 -0.0613943901230515
0.00953234177559698 -0.041590666009073 -0.219122159288696 0.0470070618750187
0.00764157122798216 -0.0298569805573066 0.00433877914586016 -0.159752613040012
0.0181436040508482 0.0152873868593502 0.391552451287041 -0.112672126821168
-0.0157050597063273 0.0218611067355943 0.444438217309828 0.362825376378872
-0.0342789259270992 -0.0270058764988561 -0.147490381772876 0.803273399798704
0.0144133185177901 -0.100821912614106 -0.836620083139594 0.395889645384421
0.0557807870694914 -0.0461660588713993 -0.62505178957144 -0.280856025513899
0.0580684809711265 -0.00767201859477896 -0.13282861936798 -0.020446316427836
0.00232496490801301 -0.0121270267592818 0.522898310550375 0.407161396895085
0.0109178738054213 0.00727813630567271 0.937618147176973 -0.152970404961214
0.0219368680976431 0.0285204903186771 0.387613735264258 -0.829074752245542
0.0420642898563467 0.0189723367838072 -0.391669108248074 -0.519433266493195
0.0346078308446479 -0.0324040879103182 -0.409819004951708 0.0329954409326078
0.0121746580412398 -0.031427651551972 -0.0350613516744955 0.155555454035392
0.00992431686903787 -0.0195578387847404 0.220729014396908 -0.0683763553504782
0.0125590255513944 -0.0407656344168466 -0.22244373122381 0.045059246435125
0.0107941341292043 -0.0315682812803574 0.0117999835167152 -0.155437099443666
0.0152449574509018 0.0160346240523662 0.398209465575643 -0.0749254092312478
-0.0196249409600703 0.0172613448637044 0.407779898669318 0.412678113061184
-0.0339544237336407 -0.0353064162712757 -0.235075883293802 0.792248519150043
0.0266676361205779 -0.101388269555393 -0.880557744313736 0.306016727648988
0.0628408687807943 -0.0370708682457872 -0.593861553373436 -0.326796292749025
0.0609500814571967 -0.00126225051384553 -0.106265563612251 -0.00161953690896129
0.00468447179901773 -0.00889221638135955 0.560554262143289 0.368409017864253
0.0116816303815507 0.00559001330517056 0.908573725015287 -0.253564941675683
0.022888764697 0.0251592023650593 0.292455721592727 -0.857676980109514
0.0416816502346576 0.0128970821572172 -0.436150260022058 -0.469531681412718
0.0313440679669018 -0.0371735656051484 -0.399705528718255 0.0685331824801586
0.0130753702547376 -0.0356925372255455 -0.0229701836327328 0.163687737289415
0.0138488191936389 -0.0163115959841453 0.218839399816101 -0.0659368646419122
0.0147925138566146 -0.0355894583568964 -0.222258270952076 0.047293708266777
0.0116396510057782 -0.0302235997342149 0.0255795970504781 -0.146888030819496
0.013606432352022 0.0162841264325811 0.403558123987236 -0.0367120487327278
-0.0236380639044869 0.0139786251663115 0.360561210639842 0.461659861792317
-0.0326807795818348 -0.0392842119624587 -0.332347623671965 0.768375341884763
0.0344313817921333 -0.0973393107484801 -0.922828633996383 0.206087277532434
0.0602324064396142 -0.0312251731639906 -0.561036418983068 -0.367301038918219
0.0527817289201894 -0.00080667978730426 -0.0779707018061189 0.0208701045268306
-0.00325688327257358 -0.0065840621585924 0.59850808721326 0.325137155774459
0.00967010809971981 0.00866043702936611 0.868911422040658 -0.350649812171532
0.0230621525464279 0.0244528185625907 0.191757116486068 -0.877001531326668
0.036512610698639 0.00585126881043216 -0.473557973184797 -0.413650089878074
0.0259405904435683 -0.040680818273172 -0.385567476478482 0.106412418624483
0.0113018197985128 -0.0355879890631727 -0.00696225175103059 0.168447629844412
0.0147087058841591 -0.0104713804943629 0.216540819505982 -0.0682256460466781
0.0093489435232302 -0.0289306396087647 -0.221517867426419 0.0491895724082288
0.00989125970428485 -0.0254130792419809 0.038635179202691 -0.141957453337419
0.00962581616718319 0.0173691475499084 0.406294705804244 -0.000919490711424898
-0.028943353839465 0.00998050107902299 0.314067428671571 0.500690324598909
-0.033956096579733 -0.0394951419151063 -0.419682378238819 0.734691811945332
0.0355116407870329 -0.0879046505083504 -0.947199151130004 0.105209307522602
0.0488055369721982 -0.0279107714334529 -0.523645841536429 -0.402117800036788
0.0350657609379142 -0.00692307530884475 -0.0522197486732726 0.0442837218612528
-0.0175194477853334 -0.00438544676454704 0.630958345901263 0.283718231163597
0.0027773459959945 0.0166759096511723 0.822396791624953 -0.43211396479063
0.0210156087488637 0.0262825203521357 0.0971959773379458 -0.878441860876634
0.0306313679352063 0.000503187167730828 -0.507071090786232 -0.355551578583414
0.019494493181344 -0.0406176687328685 -0.370470576422649 0.139960904345042
0.00817834409803123 -0.0324168091047962 0.00796666401827627 0.173249437418303
0.00971186698359757 -0.00408212019461268 0.21738028866676 -0.066190892633923
0.00182864757114623 -0.0218356596772246 -0.218129901309816 0.052894719278984
0.00359731371099282 -0.0163526335873282 0.0486250654006687 -0.137356312180158
0.00347838433024479 0.0196071410248332 0.40455995599073 0.0206453021642635
-0.0347482951473284 0.00669659758387991 0.279938315630808 0.523754488879991
-0.0383581199032647 -0.0361212843628976 -0.477499777280476 0.705650156820945
0.0258563513995555 -0.0781901260773425 -0.960115922219209 0.0362853570273544
0.0265481315637707 -0.0342180448378498 -0.502987171161714 -0.419485087727336
0.00868435879691343 -0.0202713311986367 -0.0374752652877263 0.0613391462477491
-0.0406056021346653 -0.00247966686720381 0.647328936680311 0.255833093355946
-0.00624598816756302 0.0288808906560268 0.787658011487654 -0.481658649396346
0.0190835610798818 0.0324642018564161 0.0355778376554658 -0.874275032501753
0.0254955904335195 -0.0029633985296969 -0.526514821588419 -0.317368138336506
0.0152563084537751 -0.0391839127415835 -0.361577808876838 0.159473800867204
0.0027455233694751 -0.0256655658513898 0.0188879069609146 0.174075917168881
0.00295811166765584 0.00302937062477463 0.217504999121342 -0.0662648691594302
-0.0105021324187353 -0.0153587862684622 -0.214191492980941 0.0554731554489727
-0.00489445458809494 -0.00637992150445056 0.0540284937301752 -0.137739625358613
-0.00190861401004336 0.0203292547029352 0.40410562105373 0.0266957588201432
-0.0413990352471469 0.00464511179418273 0.265780675415309 0.530044657595087
-0.0462257609660575 -0.0292729320779496 -0.498762752550956 0.696508988731567
0.00870117440800172 -0.0684908671975135 -0.963055459138746 0.0144377859768615
-0.000293715898816278 -0.0463610322438686 -0.498006629784386 -0.422958448945952
-0.0216100063357462 -0.0367400289991498 -0.0348046123065328 0.071487514322466
-0.0661687309883407 -0.000840960753688759 0.651333108998013 0.250665145888645
-0.0160173713146282 0.0447515956894404 0.773743211286481 -0.495323475761457
0.016110957438033 0.0405132262646773 0.0134398940700777 -0.87033571740023
0.0214368162157288 -0.00346244738389418 -0.533140807965611 -0.302826018369945
0.0123381174862155 -0.0362027984580075 -0.359088847132728 0.165812573723068
-0.00221300418070557 -0.0166329717037929 0.0245678584361487 0.173031712708741
-0.00754161938328305 0.00904974571733786 0.22047464634454 -0.0647423932743341
-0.0227738895330525 -0.00902580606738521 -0.210913792120944 0.058846554774584
-0.0133503827428586 0.00416281844426288 0.0541047761263087 -0.141078800759521
-0.00724097862502716 0.0212478962214624 0.402945635782128 0.0156398483692735
-0.0466739149762887 0.00475096030747455 0.277413576136791 0.520350976503497
-0.0541686388111828 -0.0185477445920578 -0.479710988148318 0.705920470545598
-0.0108645659771865 -0.0595334230542552 -0.9611774177962 0.0388519925148822
-0.0263355431714542 -0.0588440382717251 -0.509009281375757 -0.411822993699891
-0.048706704290767 -0.0546703051876032 -0.0449485634037062 0.0718790077367359
-0.0910458637565864 -0.00298185340588239 0.642137392057433 0.265297449943492
-0.0270082437714581 0.0588316609210547 0.780624920078866 -0.475410211717947
0.0132556624775496 0.0503424772758881 0.0358059003710757 -0.870697157992511
0.0182040525953915 -0.00180673161762814 -0.529847283464467 -0.315326529059362
0.0106694425360265 -0.0304423695599649 -0.363210883533051 0.157720768157485
-0.00803009242643568 -0.00693294147035586 0.0235154497839181 0.170868254748284
-0.0191189572471943 0.0136589529692704 0.224164066751232 -0.0630952043832122
-0.00212271816578361 -0.0417147799946954 -0.21327196966285 0.0446399414177031
0.00289074449009803 -0.022136519409348 -0.00612034865597616 -0.168929130553307
0.0162565684308442 0.0169903021820704 0.380222815055872 -0.149451932873119
-0.0141659592985554 0.0248739055501896 0.473385022392659 0.310856306977302
-0.0366436614403624 -0.0180252833430188 -0.0587594701157822 0.80695613822512
0.000132237196952235 -0.0915359307990219 -0.778033478800802 0.473589317743864
0.0392240177248527 -0.0520561084161075 -0.646717273282487 -0.233228861602746
0.0466418673942452 -0.0176700710222335 -0.15678800158569 -0.0310861634104725
-0.0081315777675235 -0.0156190817868992 0.489026781874359 0.433960328218482
0.00251311221362913 0.0115658397790702 0.944975269427736 -0.0799304370718953
0.0183381372196067 0.0340375432806733 0.449706460693806 -0.800796711311486
0.041554396370769 0.0244451851150654 -0.358384857750648 -0.553339322137348
0.0340154314109445 -0.028589886396712 -0.41946668914524 0.00557732778665933
0.00838503363461222 -0.02556075082481 -0.046408102523076 0.148833629086911
-0.0016029948678034 -0.0221891257680646 0.219674979000995 -0.0631366619062153
0.00882685713898188 -0.040983816816263 -0.217822790019935 0.048817335286236
0.00708144476226983 -0.0290065209410748 0.00249733185331789 -0.161637908292609
0.0173971567955218 0.0149502759584698 0.389307349662758 -0.117697079787955
-0.0152520675683295 0.0220178721067565 0.44739648571049 0.357022185913672
-0.0340808685049007 -0.0262884428986175 -0.136645119779558 0.803542324256696
0.013237832342896 -0.0999815261638392 -0.826430356754598 0.405613279727593
0.0544868170518654 -0.0459455587551567 -0.626850367763396 -0.275118000371037
0.0578989526050086 -0.00874489395717236 -0.134013529203217 -0.0180433880198172
0.00203284999759305 -0.0117821284260943 0.525528044211329 0.400405103113314
0.0106942345373234 0.00585237790311448 0.931994647707951 -0.165334607189906
0.0218187115871007 0.0281317051940602 0.377059876223824 -0.831951425458344
0.0427726049023964 0.0189656703189055 -0.39613300291556 -0.514982852785391
0.033845679931336 -0.0331065736423794 -0.4103799037523 0.0385034833272174
0.0114159830070967 -0.0322298302403355 -0.0335527598235209 0.155882678034437
0.00970385733637032 -0.0194081097599924 0.21930769363637 -0.069786481910196
0.0115464009470374 -0.0399414604017908 -0.221029088891691 0.0471827139228608
0.00971450790072948 -0.0308171010852688 0.00965569965094752 -0.155695585710685
0.0151297900937577 0.015857743951191 0.395674028024935 -0.0807333047775636
-0.0194379626222764 0.0179902052123288 0.411402256260733 0.405970569474554
-0.0341381166668322 -0.0344059373701113 -0.225644079192826 0.793546880521852
0.025604899814143 -0.101229500171394 -0.874676071248192 0.314422129666343
0.0621218349648817 -0.0373459864363496 -0.595904574377825 -0.319689905636876
0.0601375964654929 -0.00224025975939233 -0.106043016387899 0.00116301924085204
0.0040083611988254 -0.00813433238336883 0.563493022733283 0.362640579659914
0.012043235535567 0.0054631125476204 0.901471065116871 -0.263391561701338
0.0236431350373251 0.0249248995224226 0.278945359677183 -0.861194451754249
0.0415899580925136 0.0121170778772748 -0.442644212935334 -0.462751119139482
0.0307658273006331 -0.0371206793493468 -0.399244641067614 0.0747974824663843
0.0125524028760052 -0.0356278999526442 -0.021060738959956 0.163447123315397
0.0128946549846674 -0.0164215155366967 0.217787722956541 -0.0678247449801209
0.0139322218830761 -0.0351800875105783 -0.220802829006379 0.0498668866479325
0.0107582932777744 -0.0299421818027211 0.0241211157878707 -0.147090112507384
0.0137244640799159 0.0165072856251609 0.40355917599051 -0.0433189714789111
-0.0238667948984865 0.0141402306001211 0.366566851659074 0.455195274426986
-0.0327815138077786 -0.0391308636814355 -0.322039768204618 0.771423797064136
0.0329354222168264 -0.0972597380261757 -0.915526934271113 0.214052602285384
0.0595824984235319 -0.0310427931256683 -0.563064115687104 -0.360957962360746
0.0525351486958423 -0.00171602658776029 -0.0778744922909218 0.0219479348088636
-0.00284218497753778 -0.0068325047619058 0.602016689699737 0.317591060106426
0.0087518292973685 0.0080373613957077 0.861974113798652 -0.35943744393358
0.0228802489777607 0.0240932435254347 0.179802467841669 -0.875689793000054
0.0365393780673287 0.00585075765532145 -0.481186481137694 -0.407744898007292
0.0253845094485339 -0.0412703941050301 -0.386177487835636 0.111410713191712
0.0104432011630186 -0.0360126001046944 -0.00541857752170087 0.168544955199816
0.0141232798881957 -0.0113785249675874 0.214831527084461 -0.0694706482171017
0.00894187415174934 -0.0280092273455837 -0.220428619688457 0.0515075428369092
0.0088899186470357 -0.0245840161906888 0.0372927376016536 -0.141804132625894
0.00873965835104975 0.0173101685562831 0.405133864883501 -0.00657286051824949
-0.029086700731787 0.0098416003293941 0.318789444322836 0.493754226313816
-0.0346757378699292 -0.0391944498082266 -0.409993453097477 0.739215656108462
0.0344326975627867 -0.0878318994372307 -0.942237593987501 0.114493543727984
0.0474699748424402 -0.027756563702708 -0.527936866505998 -0.395615271491221
0.0348509695661605 -0.0069181299159826 -0.0528258978244704 0.0454372712699401
-0.0182700370635825 -0.00365333341697615 0.631541593371193 0.27670653119506
0.00284202364741313 0.0164106600836117 0.814841242911231 -0.440697556535053
0.0212730120707189 0.0262463097102223 0.0832960355338694 -0.877837357443353
0.03112290822542 0.000170640186163088 -0.513418353891177 -0.348837435960577
0.0192750657883503 -0.0418452982551469 -0.369978064792604 0.14555896453229
0.00689868597943227 -0.0328149816215752 0.00993465544830476 0.17296387362892
0.00959595959725907 -0.00432485699483828 0.215563589431266 -0.0669751858027235
0.00166379639537341 -0.0216098400042688 -0.216769330336132 0.0546624912403367
0.00278280414357233 -0.0157403177143477 0.0472818377555761 -0.138324663386579
0.00420807123163205 0.0185781286244468 0.403943349553252 0.0141569365341525
-0.0350373902592351 0.00716307913288523 0.285102016572383 0.51869442779456
-0.038855875101656 -0.0360559958305769 -0.467311774249997 0.711551657996051
0.0247327514063856 -0.0780318315188575 -0.955305275719946 0.0479296304016565
0.0255587658524103 -0.0336033385688635 -0.506412069882686 -0.412451378426281
0.00764213765123935 -0.0197623956678215 -0.0375385780490319 0.0625969279367011
-0.0408117912762514 -0.00156507506497241 0.649328780176425 0.248646042232818
-0.00613208887882244 0.0293002969544268 0.779779890043966 -0.490815476281787
0.0190071201972802 0.0323166003023846 0.0250139064193539 -0.873636986464543
0.0253897425487136 -0.00239900867553649 -0.52973820427905 -0.310186424190339
0.0145737809192413 -0.0399097295596856 -0.358581958823913 0.163266679725107
0.00232274999580213 -0.0258910927589185 0.0201962727673132 0.173491374541113
0.00247216689419627 0.00257733046677522 0.216560715845827 -0.0678155972282889
-0.00984753717501751 -0.014798203553767 -0.212060686067871 0.0571094841422117
-0.00535798231527179 -0.00548190709898876 0.0523959677289667 -0.138098011303224
-0.00170567591116605 0.0205365070754253 0.40350979261509 0.0202645882832923
-0.0420261852156279 0.00523239447165062 0.272429365527218 0.525015729774534
-0.0462511738136056 -0.0276562052883485 -0.489588262525999 0.700373852845514
0.00812424856222101 -0.0681295405547331 -0.961356803636134 0.0250528238606276
-0.000816264791406597 -0.0456987084512311 -0.502442729426141 -0.416364111292406
-0.0215019620523083 -0.0361548597210323 -0.0351730476731639 0.0722923230512775
-0.0668979497609607 0.000166585428709003 0.653507105417841 0.243671875640023
-0.0159880763629869 0.0442657962181848 0.765717086262229 -0.503482615760576
0.0172054726597327 0.0407806314191315 0.000767208091062186 -0.86986352579125
0.0214967795599738 -0.00238070682389923 -0.535991753659677 -0.295715441309628
0.0117091700409743 -0.036099452696341 -0.356483675544568 0.170459564032881
-0.0035031465408312 -0.0166192434251041 0.0256683484034385 0.172886346722972
-0.00787305868773096 0.00959943272295762 0.220299753642146 -0.0664453446430326
-0.0224066407989428 -0.00863359881416019 -0.208364314425347 0.0604189912506404
-0.0135149251852969 0.00418496675601696 0.0527260645350082 -0.141059259235827
-0.00734877636394272 0.0218221118581752 0.401856954264884 0.0107681369950746
-0.0472277273463469 0.00534694752456687 0.283824768049557 0.517952519483659
-0.0535689559020234 -0.0186891940488862 -0.470118464052657 0.710570131678722
-0.0119575052672792 -0.0586247756265516 -0.956838030068261 0.0501789673818671
-0.0273502047971935 -0.0576193536593155 -0.512268681359515 -0.40574050377714
-0.049110375254709 -0.0542439886312879 -0.0442068398568449 0.0725222154238388
-0.0912095803224878 -0.00140997621013435 0.644403138234237 0.257752173320871
-0.0260774817650686 0.0589198585455558 0.775134908577686 -0.483250075949488
0.0145091852933311 0.0502618765344743 0.0196641808799944 -0.869361619718006
0.0184486725664923 -0.00180785760605984 -0.534102225428339 -0.307835587068011
0.00943249140092076 -0.0313394614727079 -0.361293926139121 0.163290128017278
-0.00896909978052019 -0.00745173730334016 0.0242942353756881 0.170608145743633
-0.0186627613245152 0.014131799616121 0.222235570170718 -0.0650996127002607
-0.00250056258213372 -0.0412629939753418 -0.212160237076283 0.0457350001109784
0.00199596402181575 -0.0218125559263375 -0.00783125365969269 -0.170145346000249
0.0155667750155445 0.0167944366679852 0.377173583065605 -0.154510769220002
-0.0144713527497216 0.0254329807421103 0.477235858048427 0.303422477317108
-0.0365419925832793 -0.0173250469543064 -0.0489655056969124 0.804665887995975
-0.000781778555884345 -0.0915352497151481 -0.769088023468964 0.480901960064816
0.0378655557905723 -0.0511725569562677 -0.646505819048116 -0.2261516065076
0.0466286602124655 -0.0177692084120115 -0.156169285963429 -0.0283385719951452
-0.0082883296671044 -0.0154779932784996 0.49184455419307 0.426907602963923
0.00313050263553934 0.0119660180606163 0.941733815981165 -0.0885240060324543
0.0190393274370077 0.0338719304026222 0.438698132085647 -0.805373594287208
0.042597340470595 0.0230088135336557 -0.36473428956799 -0.54762115698992
0.0334278278841529 -0.0291824467633114 -0.418926148343072 0.0112950607593544
0.00759064715818144 -0.0256393616149048 -0.0457637024424164 0.148659577860697
-0.00221299542714253 -0.0223619215972156 0.218154245949479 -0.064763933666238
0.00836063224257396 -0.0401458610353166 -0.216619671407381 0.0494228553017363
0.00652681949942692 -0.0294721242942878 0.000230096309386106 -0.161577662561402
0.017409797220933 0.0139802503067573 0.38712470192189 -0.12350174163195
-0.0151977652690179 0.0225643460879256 0.450366865140626 0.351092703933334
-0.0344712277082102 -0.0259882047362161 -0.126939338779648 0.803593758970837
0.0123556349491752 -0.099788718146813 -0.819588832033106 0.412245181686346
0.0534355351795572 -0.0451817652885147 -0.628085638027371 -0.267775731639791
0.0573403700276811 -0.00885953405413338 -0.134095333839925 -0.0156275032029639
0.00187025233836903 -0.0116837969042664 0.527127621548186 0.395560136622932
0.0103346661849749 0.00642024513541284 0.928168035410724 -0.174588216560807
0.0225916355081632 0.0279899107437372 0.365022247451418 -0.835058658691525
0.0431063307532 0.018001159236287 -0.40340527335869 -0.509783045029878
0.0333908770296729 -0.0337880657588624 -0.409779140971302 0.0425852771098293
0.0100352803995326 -0.0326145229868348 -0.0325860959864112 0.155655834620448
0.00853266541292032 -0.0197059857379146 0.217532370577492 -0.0718780699373651
0.0108758306335909 -0.0391731395053876 -0.219739404342963 0.0480202607954518
0.00881273385027032 -0.0297580667913826 0.00791293317986154 -0.156325589652806
0.0148705505658852 0.0158130040660935 0.393464066966175 -0.0858431920871958
-0.0201116501092571 0.0182292195684476 0.415103048572355 0.399983193576925
-0.0337519947732132 -0.0335572758218632 -0.21552304065163 0.792603763899235
0.0240071093104089 -0.101151325496541 -0.866821913145295 0.322023203369454
0.0609113464151894 -0.0365634424369095 -0.597532175070279 -0.313335409845236
0.0597344427111369 -0.00270918209133059 -0.10669751262707 0.00242857527685014
0.00424062435138183 -0.00813762427655006 0.566196796525683 0.355648270012833
0.0117260806847093 0.00547635718488109 0.895911551537423 -0.274226230536933
0.0238947842244604 0.0249464961790154 0.265811898492729 -0.862635767775125
0.0416001949308423 0.011533767978135 -0.447058634491096 -0.456925859783682
0.030338548351094 -0.0383136551333002 -0.398954124333699 0.0815986758290819
0.011659826975588 -0.0358168010928968 -0.0195429506227038 0.163327851647355
0.0123763018277134 -0.0171745832999129 0.215276205870491 -0.0692594470976498
0.0132289776063177 -0.0344220948018668 -0.219226355835438 0.050713471191425
0.0103871205854011 -0.0288637189596052 0.0220983010103945 -0.147898155283979
0.0130239609479708 0.0154727314717606 0.400703529587261 -0.0466374415044715
-0.0235303724442705 0.0145093259859605 0.371474889074462 0.45008174177102
-0.032507652221347 -0.0380465540679143 -0.312228501132809 0.772100611920334
0.0322562882795587 -0.0970963956812871 -0.910360101454382 0.221607314850932
0.0594257083564687 -0.0307024700889779 -0.564780507221404 -0.354474877707564
0.0522918655082561 -0.00145604315434752 -0.07845062316539 0.023498877416307
-0.00388258743583655 -0.00648137378587989 0.603548870934166 0.310779098781513
0.00922726796173218 0.00759646967094799 0.854403044829477 -0.370110645543431
0.0234222164612914 0.0238094118554325 0.16865206796143 -0.877034487305419
0.0374536227841804 0.00573361417552836 -0.48499986398297 -0.401038844395981
0.0249650818669996 -0.0410305583169117 -0.38446095829392 0.116777351497518
0.00994922651498452 -0.035960000498544 -0.0045136012616317 0.167764769122209
0.0135167687597787 -0.0110447424195848 0.213731945244266 -0.0717157152216952
0.00872617804961039 -0.0276272759370542 -0.218021767140959 0.0527598510685301
0.00846868167299537 -0.0239930759644213 0.0359125999438378 -0.142683170126712
0.0091300391699428 0.0177432172323262 0.404608564269779 -0.0118016173363333
-0.0293589005054211 0.0103778280419628 0.323810218780237 0.489856899774346
-0.0337770184428125 -0.0394163803277004 -0.401549049217832 0.741292541400884
0.0329910025790744 -0.0875591765896266 -0.936859015590836 0.122605597734977
0.046996868109992 -0.0273136857736758 -0.52903639701307 -0.39045673784411
0.0345595423934447 -0.00680862398457913 -0.052504501852219 0.0460206811288477
-0.0178280763516084 -0.00358772263351911 0.632236471358063 0.269682184192302
0.00276337781858278 0.0161177614365205 0.805713105204006 -0.45002750129942
0.0215575772458563 0.0262965343930116 0.0718023528881083 -0.877206391579051
0.0313438818679463 -0.000561569081500778 -0.516483501196694 -0.341451787750884
0.0185830774110352 -0.0418563038858933 -0.367552539740328 0.149721622688537
0.00647516015348922 -0.0326372782629092 0.0108574156339475 0.172821764174949
0.00865381209037203 -0.00378325132511664 0.214229273884414 -0.0680191886600056
0.000951076461894434 -0.0208550816959425 -0.214491675153179 0.0556705777077537
0.00233825109698381 -0.0145282929964737 0.046115879074569 -0.138433433374244
0.00390199055807223 0.0189980073202011 0.404009761405492 0.0100760914308737
-0.0351885289541951 0.00745433114717726 0.290209207226871 0.513621394127903
-0.0388488537168825 -0.0347922409815424 -0.458150449630716 0.713513203115681
0.0242465219950087 -0.0778061815287648 -0.953878509075765 0.0572829797719334
0.0250634625127509 -0.0330047522769359 -0.509453842220699 -0.406705698724802
0.00757317351063435 -0.0191585287863954 -0.0372340512900092 0.0636375033169941
-0.0406816928894834 -0.00143037905975292 0.650587247816383 0.241630800538572
-0.00576866201770979 0.0290734768154821 0.771339754917519 -0.497222239713677
0.0200564917295276 0.031863945490195 0.0125244539760862 -0.871268107713668
0.0260939110908335 -0.00368911576577779 -0.533290075374709 -0.302396343994232
0.0137200261061194 -0.0403992201370067 -0.356701798078376 0.16866968046784
0.00175088367736572 -0.0259777791028181 0.0223824632787497 0.173282488500699
0.00190790985131499 0.00311212879619461 0.214944043193294 -0.0691415830313993
-0.00997951310726991 -0.0137519665195691 -0.210594112425245 0.059061704737371
-0.00555691590526674 -0.00458583715613272 0.0509388325230339 -0.138101034590837
-0.00198744175191441 0.0203537449253046 0.402473415723968 0.0165330173297525
-0.0417387402341778 0.00567688327722636 0.276709509130468 0.520645752743016
-0.0454338090778842 -0.0272111646078389 -0.481147260594925 0.702898874713108
0.00725268469507974 -0.0680351663876345 -0.957394792643363 0.0344295151317326
-0.00180606990439767 -0.0445639758209765 -0.5045311034804 -0.411215890170085
-0.0221991192977849 -0.035239956179574 -0.034844296346916 0.0739645493613615
-0.0662622045617957 0.000922402210391617 0.65294220520407 0.236001313472689
-0.0154565441088336 0.0446682252401276 0.758604821571394 -0.511327214705808
0.0176883982813118 0.0403327426341613 -0.00961334698297286 -0.867105535515508
0.0215625897948692 -0.00332340779752171 -0.540306086007739 -0.28822810795616
0.0109280679561375 -0.0362623688385044 -0.352869310505013 0.175489488916493
-0.003779552133954 -0.0172497009481822 0.0272140579265932 0.172227893627279
-0.00781808248597656 0.00896234464064379 0.217865418524161 -0.0668225472463494
-0.0224507268017986 -0.00772663724707703 -0.207328456323143 0.0621685792975856
-0.0135905432822608 0.00529757168873013 0.0507730016690465 -0.142023104520515
-0.00707736569992299 0.0222208051640694 0.402382914996275 0.00697113176352743
-0.0473229718364987 0.00645824806616366 0.288984262548505 0.513185407943393
-0.0533501183765802 -0.0176448945029811 -0.460593726612168 0.714720379112108
-0.0121382170889106 -0.058811830069997 -0.953564802492375 0.0577278374014823
-0.0282270965830703 -0.0567662354965101 -0.51584294637211 -0.401019104540275
-0.0504975140038009 -0.052521830915544 -0.0440339076179302 0.0742303643212884
-0.090638457459359 -0.000330099082470475 0.646268508458575 0.252077976567215
-0.0256397080932331 0.0593426965557876 0.768300279545828 -0.489392082961813
0.0153240244748167 0.0496660928980705 0.010480628720474 -0.867170888850059
0.0193532384122722 -0.00164457907418629 -0.537544382887167 -0.299966965695642
0.00938441783891827 -0.0312786876660943 -0.359160705420124 0.167467814119952
-0.00954144051495717 -0.00689579661486826 0.0267513406244801 0.169667629915445
-0.0187300566148421 0.0141775299666395 0.221233134147805 -0.0661006290477183
-0.00279995645682515 -0.0408240887792693 -0.211444336059908 0.0461499031132331
0.0019431328971586 -0.0213178626006262 -0.00995564964781279 -0.169888688324827
0.0153138594159522 0.0160885022800541 0.375596555848685 -0.157681433504316
-0.0142334674564378 0.0257509402821175 0.479167367665555 0.295706346439766
-0.0355797216767414 -0.0164882765717349 -0.0411164770843481 0.802421354997732
-0.00203976764668353 -0.0903394710705338 -0.75969965861779 0.48571641078429
0.0380721364351181 -0.0504902568002143 -0.646330151184578 -0.220976709337778
0.0463428789204846 -0.0180103467988745 -0.156924166840818 -0.0269609277339881
-0.0080882149558843 -0.0153080602327825 0.494513515648422 0.422376946085792
0.00272581088919605 0.0120109105010588 0.93680711660385 -0.0988830746918273
0.0192194091424547 0.0332761810150706 0.430546036408196 -0.806741166359883
0.0426543295899302 0.0224978219661547 -0.371980786326436 -0.543615553007708
0.0330878137445258 -0.0297058814710803 -0.419297512414041 0.0156340845841781
0.00719012049920804 -0.0264935184072572 -0.0451195147790251 0.14936967916274
-0.00263284092764598 -0.0219531595829528 0.215957525033723 -0.0671264114282442
0.00809535732289469 -0.0398446468575236 -0.214952665902182 0.0503325611851797
0.00592377893960567 -0.0281035845627142 -0.000910585289563091 -0.162483619366171
0.0167526067128078 0.0131137296742166 0.383734171286592 -0.12767142345379
-0.01560248306658 0.0218387530036909 0.4533913838978 0.343240946201514
-0.0335343067603036 -0.0247377248570757 -0.117181922457904 0.800952872967365
0.0113758155466462 -0.0994915898531902 -0.812917655947865 0.418318322891611
0.0527858871551701 -0.0448987412169459 -0.627405003387131 -0.262133475144497
0.0564014522431596 -0.00861343707156915 -0.134480011595412 -0.013738835036455
0.00165602444281714 -0.0111490485079469 0.529285324656881 0.388958347062304
0.0107328008688469 0.00640124283895729 0.923451613789141 -0.184128242745907
0.0227452668112187 0.027466870764399 0.353120095122612 -0.837540317898051
0.0428448835476778 0.0177115303559395 -0.407801907739838 -0.503555220486539
0.0331040833625907 -0.0346464762440569 -0.408664658388113 0.0485606114131034
0.00948852912803325 -0.032738943711344 -0.0320667456028011 0.155789945261695
0.00829572171628864 -0.0200720407156047 0.215610603536568 -0.0730972817434835
0.0102855623853799 -0.0385871179658304 -0.218362281405356 0.0488198611105921
0.00877378446790105 -0.0298844925037032 0.0064142676512063 -0.15621335720845
0.0151866754982039 0.0155614413557749 0.392564999782139 -0.0901000874385989
-0.0195746434219403 0.0186064865807454 0.420066889975615 0.393756760304971
-0.0334864337333763 -0.0332717277643138 -0.207996323420717 0.791325365519164
0.0232609767853112 -0.100940325603818 -0.860798035712104 0.329721341313243
0.0605623356707249 -0.0366260908630477 -0.597739952879402 -0.308223050907791
0.0592057907671708 -0.00253029897782634 -0.106532186355018 0.00397988936687608
0.00345212038461255 -0.00820660671484825 0.566950170798888 0.348813145364
0.011730554804665 0.00576689141670891 0.889545554901782 -0.280883136732896
0.0239458442202423 0.0244750674098013 0.25579974817774 -0.862515655782764
0.0415742761984789 0.0107456135344212 -0.452708849787463 -0.450989285977309
0.0296578515253581 -0.0385247514967017 -0.397044497917442 0.0854746150621951
0.0109987015635856 -0.0361637993994848 -0.0185995243663034 0.162340301539084
0.0113596508588309 -0.0164516445875899 0.214340901035576 -0.0702972849481069
0.0121449551965746 -0.0342373624378686 -0.217150469068082 0.0524294292746237
0.00949453516936534 -0.0284489411759759 0.0209851544727727 -0.148744305039611
0.0131523610278575 0.0155076937902485 0.398050171509724 -0.051879818284541
-0.0242590594139851 0.01481818857352 0.375203709182656 0.445123001573187
-0.0319008216767631 -0.0382290865189535 -0.304999828441291 0.771962582849025
0.0310183028840105 -0.0964978836760988 -0.905347920213067 0.229653102813099
0.0585733496055545 -0.0293571244399209 -0.566914216116923 -0.349485737078643
0.0516456666781275 -0.00138826253638814 -0.0782837048507803 0.0251419557840991
-0.00442346727245767 -0.00662401866163618 0.603239624119584 0.304903189028495
0.00889716029351537 0.00733509638800719 0.848146200978224 -0.37583841863318
0.0239467479532587 0.023820998188696 0.157037939338451 -0.876242051139397
0.0373027635734814 0.00530949980371296 -0.490068531260326 -0.393949397944983
0.0237644010032587 -0.042172740529934 -0.38153913144269 0.120854827846367
0.00926775878246316 -0.0364436678786384 -0.00269818369012485 0.1681017342581
0.0132710648068525 -0.0109007954180701 0.212058515781341 -0.0717409723031158
0.00798954924692951 -0.0272534787891102 -0.216523114262551 0.0537729949823425
0.00764636233785351 -0.0235589859125254 0.0347355345412241 -0.142554962757944
0.00944161738819202 0.0170939383528716 0.403246677559298 -0.0152059144455889
-0.0290799059387277 0.0109778009064121 0.32921294282335 0.484237621232582
-0.0336534105548008 -0.0383581245765747 -0.391933474298141 0.741222564320428
0.0326613505884618 -0.0873894757311201 -0.934423918508533 0.131473272165672
0.0459640293201804 -0.0267227968458172 -0.530273449523584 -0.385633196640109
0.0338057715080368 -0.00646625785390013 -0.0520260856482578 0.0478070070432973
-0.019165846548015 -0.00301391467013218 0.633782123393276 0.262775687218476
0.00259741551755775 0.016293034484776 0.798949842361735 -0.455485981469548
0.0215692281055003 0.0264755786234191 0.0615446008990751 -0.877056198794338
0.0316324095652268 -0.000308038901803922 -0.519703998919834 -0.334215338232067
0.0178533244146236 -0.0419919140248092 -0.365620136379568 0.153067145164934
0.0049071832050044 -0.0329540198124179 0.0122505754567592 0.171961979223794
0.0085658973462841 -0.00414411205920311 0.213034306639492 -0.0693256499405344
0.000436583353175314 -0.0210456907816388 -0.213349257130068 0.0574284595753048
0.00176743607176413 -0.0145122031757202 0.0447482802118627 -0.138724528009839
0.003852170935904 0.0189103713361471 0.40298868092018 0.00451126199172832
-0.0349929665650429 0.00797302571882499 0.294270192509488 0.509047758118351
-0.037745483446107 -0.0345104457906612 -0.451088742285321 0.715726497212582
0.0240752652573475 -0.0776101406780175 -0.950542322969659 0.0638204351491819
0.0245582796374358 -0.0328376703442279 -0.509602354415695 -0.402088057820525
0.00692919981834276 -0.018733002298598 -0.0369699274717119 0.0644600375176441
-0.0408431450605732 -0.000418672598730425 0.64961894806121 0.235217647943972
-0.00585791868135358 0.0291658525175485 0.764371510109985 -0.503965462864904
0.0204850928827451 0.0318981865956312 0.00240578924675586 -0.870414941214391
0.0258837763332721 -0.00313411224350321 -0.536322584363552 -0.296512821207608
0.0129021251543483 -0.0407099312134938 -0.354825587098529 0.171908144223449
0.000757571975379642 -0.0259435009194273 0.0237466608476085 0.172782736387997
0.00169581743475941 0.00273604628589198 0.213054505089613 -0.0697773260006641
-0.0109081649689417 -0.0129455003081219 -0.20932362800487 0.0601021859001749
-0.0052083699714462 -0.00433412302852455 0.0497444375605289 -0.138816135996464
-0.00204371681222479 0.0196906758830258 0.401883070230264 0.0121885427924331
-0.0415050845331576 0.00629079933069555 0.28137088312099 0.517741632953094
-0.0446781355793804 -0.0267579084544739 -0.472172089193202 0.707048152172367
0.00625946343426827 -0.0675931537761363 -0.953144821098292 0.0418669614714866
-0.00238984855602454 -0.0435328706990852 -0.506204712764107 -0.405861285523391
-0.0227927655437957 -0.0347700192082344 -0.0340758391028679 0.0746086026447942
-0.0663088936519161 0.00117305924991617 0.652420646262485 0.230260992047705
-0.0144686491248565 0.0444284969589926 0.750033987992907 -0.517952904441732
0.018429613221837 0.0403207273059741 -0.0194028221102026 -0.863870283990759
0.0217434600708775 -0.00335836776848652 -0.54302101136944 -0.281415965550051
0.00985238073761834 -0.0371374594592206 -0.351593745059514 0.180463545203082
-0.00435448126620916 -0.0167366487188331 0.0282229360051207 0.171728785416201
-0.0076867659532289 0.00978364631832443 0.216350162416536 -0.0688680578740568
-0.0221557241801921 -0.00610120146975061 -0.205585154153507 0.0627711432555555
-0.0134636909887859 0.00592969602600984 0.0493383544460816 -0.14158923064019
-0.00718689102939398 0.0219249073576951 0.400955069011039 0.0017056142276858
-0.0474525006552867 0.00650396763458864 0.292557109235262 0.508060602820411
-0.0524667058622489 -0.0168369454634049 -0.453724444392052 0.718540230950296
-0.0129001784746492 -0.0582467253716461 -0.949966679146257 0.0669873412926302
-0.0285463938143766 -0.055295096705014 -0.517930700083263 -0.395142564937734
-0.0509919158142218 -0.0518761426490668 -0.0435247761374635 0.0754441847634012
-0.090543250574777 0.000897734035786454 0.645831294751568 0.24575339678586
-0.024701707621613 0.0594251799385659 0.759919655467915 -0.497389778589516
0.0159337242385023 0.0493508505141102 -0.0011818086666387 -0.866250065022133
0.018804824454583 -0.00228551316559769 -0.54030325968333 -0.29302123725878
0.00848084388172829 -0.0324720739277553 -0.357069717875153 0.171540907952538
-0.0104796144439437 -0.00724021179348808 0.0271960379948218 0.169446919005336
-0.0181006196680393 0.0144291661698176 0.220124594453943 -0.0666948081204652
-0.0167237586573738 -0.0354536589891024 -0.184700699013413 0.109243332200742
-0.00733218032337735 -0.0215677263937617 -0.0619360592715753 -0.159655853954759
0.0193511303984984 0.00698540588944366 0.307123932040219 -0.267166904612314
-0.00137253989963357 0.0293715721793256 0.54811675588106 0.132019706614285
-0.0373357845142888 0.0033420789288504 0.208339165076479 0.773980016599011
-0.0396395137854116 -0.0784770835090515 -0.562010514653766 0.699820248218252
0.0150395720409096 -0.0612908117309551 -0.684653893603526 0.00219829562999481
0.0367825011328661 -0.0302439429344967 -0.155536924900629 0.0273274619002869
-0.0113875143986786 -0.0107558920598629 0.594311566844867 0.245517099319568
0.00393216851300322 0.00730388282520712 0.854866333559735 -0.37314952495155
0.0303379588942804 0.0254542947244504 0.150160807753782 -0.889946372942867
0.0487715592371647 0.00889740942939966 -0.51469069123624 -0.400501386368695
0.022159481789406 -0.0374834983895281 -0.392595713190404 0.143206113140127
-0.00163096750563156 -0.0292132486418628 0.000197007498737854 0.155308418780038
-0.0104257507651601 -0.0193706229262104 0.18275459385493 -0.122621168205144
-0.00712736434715212 -0.0382023799328395 -0.187051803685488 0.114904574027514
-0.00593553568026918 -0.029872153969742 -0.0501520715581667 -0.154231449794873
0.0206305505577699 0.00397898249469013 0.324036838281647 -0.239523210646635
-0.00352844862736922 0.0278320892247812 0.539293366311165 0.185575574178581
-0.0385349440803207 -0.00473080415314253 0.135050827321646 0.796410578188941
-0.0305169489958531 -0.0913702451883935 -0.63314539563471 0.654097041688236
0.0317144273076948 -0.0609244478059077 -0.681043786323885 -0.0432542249434334
0.0494928995725083 -0.0240596235471966 -0.131282744699032 0.0323168022517575
-0.00151763070726853 -0.00939772453357996 0.619882886192197 0.204219431622238
0.00896604184478653 -7.72293495030496E-05 0.815477664257685 -0.452145515230095
0.0329976095604599 0.0191051102714198 0.0707463534189593 -0.895662478413338
0.0479708898201079 0.00401487853628796 -0.53747242691411 -0.350502468554274
0.0202940209227981 -0.0418995935973581 -0.372421659879808 0.172131106009865
-0.00101874408625735 -0.035096180215883 0.0150924679034561 0.157174567349731
0.00103660400947059 -0.0203450620571535 0.180220721685017 -0.128938551846325
-0.00378615962000513 -0.0381245739150869 -0.19113815329197 0.114365675271589
-0.00355171672221448 -0.0311330545475771 -0.0411274885152247 -0.149988730018834
0.0201701142780014 0.00681791653859288 0.344453470147728 -0.204834139370582
-0.00903069281281619 0.0256499808737148 0.521608691496422 0.247165227822644
-0.0427021543084201 -0.0117778462492442 0.0485373198724901 0.816914860665078
-0.021052763526887 -0.0975827012278756 -0.706234368767189 0.586604481873793
0.0414118675031532 -0.0553471961633846 -0.66791577555376 -0.0964835003949806
0.0537922972383858 -0.0192130632310371 -0.0987666254894932 0.0396144122941999
0.00149346188468369 -0.00737758034799719 0.642270202320224 0.155775679972472
0.00928305208271657 -0.00116991876057043 0.755687935977176 -0.53292006420431
0.0324839425644122 0.0157930857549592 -0.0291897009443778 -0.887653973506868
0.0438860531117483 -0.00240005114200429 -0.563198344610804 -0.289536244483865
0.0159084914170701 -0.0445740695935253 -0.351140623112556 0.203971718839563
-0.00190803498525786 -0.0391805122631952 0.0300262947806497 0.161160579115745
0.00493877731747841 -0.0187855255937066 0.179319347653143 -0.126783612000886
-0.000199958206891543 -0.0346433116264869 -0.189711075433946 0.1174742514501
-0.00170292758608771 -0.0310201187911152 -0.024680487585738 -0.146875047385779
0.0191711176188194 0.0077086019475514 0.362951687419287 -0.172577951427577
-0.0145009489556584 0.0247625604954803 0.4950950169543 0.307097365243968
-0.0435746200606855 -0.0169685074781145 -0.0513022033611892 0.826031778723563
-0.0122081514999392 -0.0972960110632427 -0.779633452514682 0.506509335455803
0.0417961865168245 -0.0485806416067184 -0.650707975122015 -0.14492288251548
0.0467569709454133 -0.0162118428233141 -0.0660159876405527 0.0503523892104121
-0.00463459031340362 -0.00376324611606846 0.662436878503873 0.101940934599228
0.00740877953870198 0.00312369344341804 0.687391019957485 -0.610983200264504
0.0315729584668555 0.0154090833938359 -0.127616187929271 -0.869188272868078
0.0378764998577427 -0.00666390120970995 -0.579792116320831 -0.223910815111285
0.0101954079031616 -0.0458882550904847 -0.326228306561779 0.23269985185249
-0.00332519017921698 -0.0389444475442649 0.0453016599137895 0.16024182721246
0.00787681287679198 -0.0138763427261335 0.177641983250054 -0.128066173740073
-0.00178814220689856 -0.026566813510793 -0.188455349547286 0.1181885470169
-0.00194682262537194 -0.0252580577814873 -0.00992399653570944 -0.14634936705404
0.0159371691943924 0.0109500013713702 0.377270600848747 -0.140163465278056
-0.0206319758070588 0.0226491034336695 0.462762715472947 0.36053374775014
-0.0457680183986117 -0.0170671405013137 -0.144071740085926 0.824383459959954
-0.00885884012926545 -0.0908293187959487 -0.838111537746929 0.422384454369222
0.0313336136610385 -0.0423641630642664 -0.62950715689788 -0.190433976995088
0.0290888928634742 -0.0154318298646909 -0.0340364297849738 0.0630590846912165
-0.0176090678828521 0.00267628059544479 0.677725922295677 0.054375156301561
0.00403915056995392 0.0128788109902219 0.617103485620695 -0.67078513665438
0.0312524405986211 0.0174777544357406 -0.214293049319622 -0.840839842109819
0.0310971636554439 -0.0105904125034713 -0.591375340471455 -0.158735074506197
0.00444261507988888 -0.0451314806198009 -0.299863730973571 0.257398043555512
-0.00576744948584202 -0.0343130903033474 0.0618711764922494 0.160122947379446
0.0053691003804151 -0.00561041263316986 0.179558455154069 -0.124962733161396
-0.00672623632742409 -0.0171067300269057 -0.183765931095286 0.119755501139873
-0.00408082744143144 -0.0151995575434954 0.000306652129145358 -0.145510872635706
0.0110011289790154 0.013931095968639 0.383917581176256 -0.11817290061461
-0.0289527551483378 0.0220310527054079 0.440101608934604 0.395895465222004
-0.0494628489469052 -0.0117343703286119 -0.207265927231962 0.818630483172055
-0.0144792703482514 -0.0790995146377998 -0.873960991794539 0.363177663026234
0.00910671159415289 -0.0412831790382495 -0.61479969586092 -0.214470106281451
0.000804652423195306 -0.018248086607467 -0.0133815163765439 0.0735260759012987
-0.0373020813126387 0.0134422593788416 0.684938359259648 0.0235836527125368
0.000516472468784637 0.027833951797544 0.56764165301645 -0.707710301694287
0.031489826306713 0.0234118445268784 -0.269310163083292 -0.816090877714204
0.0249314074632695 -0.0112234493010561 -0.59640724557402 -0.117050407707087
0.000523540937121498 -0.041312235702091 -0.284212397127945 0.27228124307964
-0.00862295071020931 -0.0261733824506402 0.0729753600712413 0.157265675992639
0.00165153553370867 0.00296545736237971 0.180717696033285 -0.124814057567751
-0.0149967675118213 -0.00650389955966394 -0.179586962078732 0.121103188373445
-0.00762843589878489 -0.00294846055036855 0.00470193777010809 -0.148150875471403
0.00579696177958313 0.0171070081045959 0.385098492596478 -0.112722162233503
-0.0346035291021818 0.0235754933684603 0.429052932974485 0.40396024518581
-0.0537861073480318 -0.00290820238060487 -0.229827085171541 0.81457852014463
-0.0267285719098423 -0.0647081889530916 -0.885492410697292 0.342576227248256
-0.0201700948736393 -0.0432804669792218 -0.609944263114709 -0.219590090964051
-0.0320288078214691 -0.0248771122422655 -0.00721906712858222 0.0819363629351417
-0.0611265247583351 0.0224257281998963 0.687302860245784 0.015386530543808
-0.00368980038958591 0.0455565901858679 0.550562297113057 -0.715593949122412
0.0317086090037762 0.0312247650904407 -0.289075340837452 -0.80415843470421
0.0204602075056445 -0.00964807894585771 -0.597864596535116 -0.101662772148365
-0.00183139902693831 -0.0378246237077211 -0.277873981520768 0.279568750618156
-0.0105106641584913 -0.0158161035512685 0.0778370601268334 0.154394282725273
-0.00549448973714151 0.0122177216855916 0.184220939156498 -0.124653426694709
-0.0236441078203817 0.00366604958359037 -0.175156450107149 0.122226957112411
-0.0117758461802411 0.00949871288706075 0.00306913010654398 -0.151921435996869
0.00150278610586749 0.0209176196543246 0.381082280508385 -0.121741597362032
-0.0394086477770212 0.0249822367382788 0.437694529118378 0.392301726424947
-0.05715395053541 0.00913324440132531 -0.210501546655589 0.820189211555267
-0.042042535225877 -0.0497612370981584 -0.87434957496966 0.362564167375867
-0.0492883869202936 -0.0461914303613346 -0.618506085537072 -0.204712587843387
-0.0628382075851824 -0.0321964051232778 -0.0150544035812127 0.0852253801670517
-0.083814285106009 0.0295569969385668 0.685539921389646 0.0315152598200016
-0.0087284850944815 0.0620652030771621 0.567704611723676 -0.698370535602061
0.0329848971238653 0.0409366797336078 -0.27114354092611 -0.81244336229618
0.018938221891376 -0.00828191498329494 -0.598248976053229 -0.114048551573388
-0.00138291716431884 -0.0320702558128795 -0.285676942006028 0.272343160578012
-0.0120127789303644 -0.00500805457313004 0.0760099017809767 0.152359963900147
-0.0143977111307569 0.0204102258613602 0.18735042469513 -0.124377420322936
-0.0167651300144443 -0.0351350091046027 -0.183063455704 0.109275763939115
-0.00741525621935683 -0.0201178185296037 -0.0631525323835926 -0.159256253199691
0.0186585441637863 0.00691034715349536 0.302365408350629 -0.268242514067782
-0.00150091380471313 0.0298678254947436 0.548867376030796 0.128218998127574
-0.0357905291070857 0.00407188038090084 0.213136485751577 0.768634061935445
-0.0398081949356441 -0.0774341558887754 -0.554665335299569 0.699516646662322
0.014371186856635 -0.0605233190758707 -0.682402374191201 0.0062922310495977
0.0364560130616155 -0.0300493979540735 -0.155350580019392 0.0286747198375536
-0.0122719917655223 -0.00995900029241214 0.594543620129737 0.24098496791873
0.0042055008273202 0.0068266328594855 0.847916119979607 -0.379737766170737
0.0309841277656734 0.0261740583703435 0.141889395973015 -0.887429961638472
0.0482126831580808 0.00782924208624703 -0.516943818060372 -0.394471545470729
0.020986508580167 -0.0377801278115337 -0.391662549391635 0.147205954651497
-0.00220686401434931 -0.0286163475566141 0.000454136660009078 0.154616096449895
-0.0106745281222705 -0.0185046713515174 0.181186237511935 -0.123428602281134
-0.00741209266631628 -0.0383879485327432 -0.185909104569519 0.114859349229945
-0.00588427520582253 -0.0285870625243375 -0.0519760801066005 -0.153502615178738
0.019171530791869 0.00456567654880088 0.321560633720829 -0.24200966417276
-0.00362628934938228 0.0281544660029724 0.538878759405192 0.179842607635319
-0.0378066149524828 -0.00440242351096764 0.140653597550485 0.792262382644067
-0.0311142763670575 -0.0903622814112527 -0.624876409032809 0.654727197236561
0.0310804216729466 -0.0605207296328755 -0.678200131020824 -0.037968804418574
0.0489262152572262 -0.0241183131120598 -0.129916063577174 0.0337660632627854
-0.00166023600508222 -0.00968943922076714 0.618464555881583 0.199950510932596
0.00939814992008264 0.000718898835099138 0.808137238204539 -0.456368515432078
0.0318421695262867 0.0191739863689274 0.0635909089719129 -0.889778356491732
0.0471172537862318 0.00348569112602332 -0.540974342436977 -0.345141644839196
0.0198252392758453 -0.0423965760741518 -0.37189098575022 0.175112145422673
-0.00194770046516318 -0.0357080492698085 0.0150137746768828 0.156840326016261
0.000618483692640889 -0.0202393409127567 0.178986274432314 -0.12939160184689
-0.00453777089294566 -0.0368990745857779 -0.188904286387125 0.115014803323011
-0.00329246101172199 -0.0312286573689211 -0.0429661523374434 -0.149754903523713
0.019690868662815 0.00681684678729357 0.342003723901876 -0.208397060425935
-0.00942907620995843 0.0257906177553444 0.522059875426237 0.240765825913906
-0.0421791047709801 -0.0122531370554061 0.0528191197164919 0.814246840274521
-0.0208335034426855 -0.0961103854581695 -0.698224308132243 0.586666833286325
0.0412715952252257 -0.0547058924104907 -0.666054006788922 -0.0935329553921435
0.0540306813895522 -0.0193046806365169 -0.0988804176934175 0.0416059625640039
0.00189862005888235 -0.00686463097859372 0.641697529528833 0.15027105614255
0.00962996554351598 -0.00121693782250615 0.748148714071036 -0.536953808069439
0.0320988159845106 0.0152720708266325 -0.0370821702223023 -0.882710692492355
0.0439717785192452 -0.00259716899972822 -0.565517445625374 -0.283462121505245
0.0153171211795903 -0.0449842404192493 -0.349903564703313 0.207248424820656
-0.00236397590047747 -0.0390741536958509 0.030158716055247 0.159998578464703
0.00477555411835965 -0.0183757092515399 0.178179807386707 -0.126679388066818
-0.00060814876930652 -0.0333335670539145 -0.188069211499421 0.117451163007495
-0.0022263568139659 -0.0298911488255521 -0.0268896313071409 -0.146646748662641
0.0182670096106637 0.00751251616912378 0.359248625164612 -0.173547521606827
-0.01451661688871 0.0244930708657025 0.496426084904891 0.303045039277244
-0.0430821568277689 -0.0160639895012426 -0.0449539379882732 0.825153946928427
-0.0125192033606687 -0.0962672472846093 -0.771486290149571 0.508322289633525
0.0413570932842631 -0.0481435610020897 -0.650250003356637 -0.141900979771031
0.0469863532306828 -0.0162627228814668 -0.0658642125424109 0.0516878392336323
-0.00470262325375707 -0.00347987682291856 0.661134083887938 0.0961016080881975
0.00664576713952589 0.00236084161472262 0.67840387240208 -0.613517093294564
0.0321975323253316 0.0145850826060684 -0.134874672753892 -0.865897262230356
0.0374506556957128 -0.00657365306152651 -0.582659658379029 -0.217235415906199
0.0096338933578586 -0.0468871100515135 -0.322993812393381 0.235844293951599
-0.00434674363485084 -0.0382323641181456 0.0469993524043109 0.160034588415856
0.00761383077764704 -0.013653592033804 0.175927343537997 -0.127479263399009
-0.00179114641658356 -0.0257990271559577 -0.18710297395105 0.117981650488381
-0.00133438498066142 -0.0246041001369022 -0.0113037819026119 -0.146095672045435
0.0152998645909345 0.0103011784919018 0.375356419920598 -0.141281128449469
-0.0212279723616901 0.0230140714771365 0.46512512449005 0.354839275565085
-0.0458835236469418 -0.0162981454472917 -0.137642661278238 0.822711075317927
-0.00905774851547359 -0.0900584594392206 -0.832236490831742 0.426088395872608
0.0313771728598776 -0.0417110253853619 -0.62919199945358 -0.187650872679324
0.0294109386585337 -0.0151867618261077 -0.0335601715410534 0.0637349643798466
-0.0174746464826206 0.0041067637338395 0.674662521632192 0.0510277209179838
0.00391289669634439 0.0132607043232649 0.608685117698371 -0.674404513608519
0.0313162220812219 0.0174259975659231 -0.222542468433901 -0.835492119488159
0.031573373635547 -0.0105782198126106 -0.592916040904238 -0.153869179864491
0.00363889537671238 -0.0451850132323556 -0.298249475623635 0.260626565802127
-0.00668117624110425 -0.0341038631984387 0.0621546368299832 0.159382408856044
0.00520620875310562 -0.00623283742372781 0.178111849675473 -0.125423518410395
-0.00667090328486323 -0.016410706507399 -0.182552752690295 0.12010778984415
-0.00373545356040526 -0.013634915899286 -0.000850119006885123 -0.145399696994724
0.0111633422548655 0.0137532774563931 0.381922309932929 -0.12049964537141
-0.028511152528336 0.0233556979904968 0.44211927127916 0.389207300257275
-0.0485136699432779 -0.0110737615956132 -0.201644624286838 0.817022152333774
-0.0142944790402965 -0.0783257964156536 -0.86979354468636 0.367478947292108
0.00858714521032082 -0.040163865296786 -0.613733002957322 -0.209840141824266
0.000585646640663419 -0.0186019495530268 -0.013892287438889 0.0741593086239715
-0.0376598041633149 0.0135597387408317 0.683603401842747 0.0173239953867246
0.000490845439501179 0.027587350515691 0.55970695999923 -0.708007657604799
0.0320211933393692 0.0225028309458845 -0.275143723935251 -0.810105771666415
0.0254317193804003 -0.0111761901707469 -0.595571807707689 -0.111439155667541
-9.64340408353389E-05 -0.0422723049139151 -0.281341769523389 0.274998515373986
-0.00886419726897411 -0.0256074775313823 0.0737957355233919 0.155948856565034
0.0013494684065509 0.00271156963198359 0.178693790194447 -0.124741481792085
-0.0140593595850281 -0.00649157892074044 -0.177500751068264 0.120429695056044
-0.00763492453122228 -0.00236843393521202 0.00408964783680985 -0.147447424205443
0.00605045594676046 0.0169234234007914 0.381587337272197 -0.114572433132535
-0.0351610678985452 0.0226492430751287 0.43200115338488 0.400714713396117
-0.0534183353591174 -0.0027142597619433 -0.224092481242701 0.815215777103538
-0.0270178662128008 -0.0641550008903283 -0.879495358823695 0.346991146929133
-0.0197473242187385 -0.0423658829309468 -0.609761638306158 -0.214347596542016
-0.0317185284591465 -0.0240693800848832 -0.00704230274647313 0.0821222123185164
-0.0608777606407909 0.0231637101677946 0.683948091626971 0.0111195558444947
-0.0034315529889317 0.0450508081248867 0.542998493240696 -0.716084534412599
0.0328034689081382 0.0306958349897858 -0.296856096032438 -0.800068323477335
0.0204041727909386 -0.00998497825582859 -0.597537185940223 -0.0950453339664239
-0.00144433269019739 -0.0378829333429667 -0.275844697906149 0.279596615205336
-0.0110021732834502 -0.0154584433903837 0.0786553584736632 0.153897584938628
-0.00555962397725783 0.0119913626734571 0.182600151280243 -0.124904234004063
-0.0233286194997018 0.00464714924603489 -0.172471023912863 0.122196612109519
-0.0114609630998204 0.010389811159923 0.00215474754934514 -0.151020417118751
0.00149091581404223 0.0207423836672196 0.377795017790053 -0.123591783252189
-0.0396522833623876 0.025553028903612 0.439519008242934 0.386938306717247
-0.0563588419637075 0.00944552154161415 -0.201806703781602 0.818200929595912
-0.0416453189533638 -0.0494403259705746 -0.87044413891861 0.367381545887373
-0.0491865492501133 -0.0449266673018078 -0.617482002075016 -0.201447913400448
-0.0632549536248517 -0.0312498527322501 -0.0144995541941432 0.0848399040577818
-0.0835745861557275 0.0302184943277229 0.682694539428628 0.0272561257310007
-0.00843718099326984 0.0618498469446608 0.558145182064747 -0.699879625290588
0.0332408484719027 0.0405766711163992 -0.278350750400218 -0.806514247655526
0.018776137578002 -0.00779554986360241 -0.597575216703799 -0.108070384623928
-0.00199853407972864 -0.0322611943333047 -0.283552606857072 0.274796491898415
-0.0126510132748734 -0.00449948267099195 0.0764858144141671 0.152054223355555
-0.0142117243515832 0.0199463881596543 0.186028720110447 -0.124356074861446
-0.0167397842250801 -0.0349548708045063 -0.182362705866289 0.109243423514032
-0.00756083489533426 -0.0192638565558835 -0.0652170810726881 -0.158591294204187
0.0186300794489552 0.00718210641751991 0.29872686564277 -0.270228656603712
-0.000935950515481343 0.0297780111848693 0.547591131613486 0.123473485881987
-0.036968472187705 0.00360695647598628 0.218029026631129 0.765636279666336
-0.0400706103330655 -0.0757721841910464 -0.547581596868215 0.699233478871705
0.0143515310297832 -0.0593381288051419 -0.68041343294241 0.00915893742100871
0.0361311377208506 -0.029224392210473 -0.154230238875745 0.0301895641879807
-0.0121638689279772 -0.00968200933293915 0.594109633153826 0.237559290333167
0.00392351287798196 0.00738073009183177 0.840719640340132 -0.383937859191294
0.0306390477981589 0.0249699216779659 0.134766969201079 -0.885276107222524
0.0482789181753641 0.00760710280948832 -0.519097283844144 -0.389662273758744
0.0199969870903974 -0.038316416753508 -0.389364208837706 0.150512951083596
-0.00286688504623614 -0.0284432640277707 0.00041024664870835 0.15449542724574
-0.0108040568746257 -0.0185413985023977 0.179375083472475 -0.122637264261266
-0.00758532891051695 -0.0369821953589432 -0.184951421169854 0.115221775756906
-0.00698746154998774 -0.0281365824039419 -0.0542316386024251 -0.15402106018723
0.0199229095849246 0.00432002825062117 0.31766466970187 -0.243415820599937
-0.00361056851958545 0.0280340259795585 0.538014644069889 0.174145861226162
-0.0381151667446083 -0.0047009407945788 0.144955465675467 0.790816647383813
-0.0312384340151852 -0.0897514764436372 -0.619102416227271 0.655444390815594
0.0312121809743612 -0.0593027484512732 -0.677510332262524 -0.0352951285787629
0.0487082074052345 -0.023675814698334 -0.129230873934225 0.034918356004852
-0.00160004369811387 -0.00935783921158104 0.618079850396904 0.196769562258245
0.00858327791743607 0.000346300566738872 0.801880755491986 -0.459973952212793
0.0324326821033948 0.0186900451161041 0.0549186607433838 -0.888113333968267
0.047090038221363 0.00281811569680487 -0.541812691135369 -0.339473399630179
0.0189013321167916 -0.0422663512280917 -0.37022403707867 0.177362620938742
-0.00302517073320595 -0.0353924060876868 0.0155024252535334 0.156572437967073
-0.000140488045538068 -0.0196576600906927 0.176991638921283 -0.128920869424702
-0.00383767167900224 -0.0366796173402586 -0.187798800238882 0.114344876037809
-0.00362861936770537 -0.0301972011103098 -0.0441093515120479 -0.149741495753525
0.0195098991717334 0.00671047427697028 0.338411630818307 -0.209844533005735
-0.00922679526325476 0.0259956550813582 0.521717821971822 0.236102885688192
-0.0418202591786695 -0.0114857533645075 0.0603497564192216 0.811137674378244
-0.0215192946013404 -0.0960415315792408 -0.69367237448288 0.588286572869264
0.0409150080484824 -0.0543940793606223 -0.664748578089453 -0.0881816257713037
0.0531092699172567 -0.0190362681331758 -0.0984666580478496 0.0423436132238146
0.000690947643644024 -0.00679032555191685 0.639910737732873 0.147767187536919
0.00955201303202043 -0.000597334647006328 0.741164024555206 -0.541303443493379
0.0322544684277398 0.0149426747778043 -0.0458437035493886 -0.879672273625416
0.0442291937632548 -0.00323592447569837 -0.567085238612343 -0.277069418058881
0.0147717770953731 -0.0458770885788073 -0.347318523309789 0.209705151055512
-0.00304153949595724 -0.0390373137218426 0.0301604633691181 0.159402396417135
0.00381216081305245 -0.0181035716283441 0.176740844400916 -0.126868269162689
-0.000457454300797864 -0.0331549181356808 -0.186540011189618 0.117022904374355
-0.0025672194454035 -0.0292894908329608 -0.0279114519624419 -0.146626390741985
0.0186577484179829 0.00691008223196418 0.356464599401197 -0.175943194762875
-0.0145303776846042 0.0249270523465668 0.49685049657038 0.297073403925401
-0.0423164832414269 -0.015807902900749 -0.0392913517388856 0.822147898545173
-0.0130352043884769 -0.0957737004591988 -0.765655535906548 0.509306792060348
0.0414616076456259 -0.0477407968095412 -0.647599502947965 -0.137900878361779
0.0465340007294347 -0.0161693155858275 -0.0655279400336792 0.0527271795279098
-0.00519391718782897 -0.00244665362197339 0.659116918285698 0.0938352835141905
0.0068592181647072 0.00267924062005262 0.67361293070085 -0.616931140155813
0.0325539045997358 0.0143547625130604 -0.139832552769261 -0.863060333228395
0.0382704085002474 -0.00689838428061841 -0.584125525053801 -0.213352399120719
0.00824417631660703 -0.0470293119758761 -0.321162219768658 0.237615579177617
-0.00536004052465286 -0.0380689005770846 0.046673272304427 0.15910485768655
0.00704889824365855 -0.0133136849721644 0.174216082499002 -0.127440295128846
-0.00246868218324924 -0.024684463826651 -0.184998771694633 0.118617221064193
-0.00148235292002882 -0.0237519496223594 -0.0129154271758569 -0.146264300137645
0.0148530959733774 0.0104188127026221 0.37250183846259 -0.142690769936937
-0.0209178361620558 0.023673614345987 0.467117315392577 0.351796016763884
-0.0451835140414742 -0.0163113059141752 -0.132818142596947 0.821809601981584
-0.00937582486206199 -0.0892718673983319 -0.828168264835354 0.42719545618062
0.0307517653647032 -0.0409736378017111 -0.628577106042192 -0.181743159462513
0.0292685651099422 -0.0149354696700586 -0.0332568409536771 0.0648536503285076
-0.0174665866346787 0.00427502903130437 0.673674080921869 0.0462922837186552
0.00396256033143461 0.013144533381253 0.601519847451261 -0.675933725802866
0.0320044761859294 0.0164878577322982 -0.230919768848907 -0.830381987991829
0.0314497541301396 -0.0102604772777775 -0.592411389778881 -0.14754461722403
0.00316633594052448 -0.0451561146513068 -0.295205096589259 0.262968791593619
-0.0073000524096636 -0.0335979037109571 0.0634964065716967 0.15886405438282
0.00545184074647592 -0.0060358084104593 0.176233803472152 -0.12552737997553
-0.0065211243483046 -0.0157423726961028 -0.180214341854671 0.119661202699558
-0.0034991090343384 -0.0128916766511237 -0.000896227910459153 -0.145724219614236
0.0109728523017827 0.0139038033048436 0.3799281902982 -0.123565503454816
-0.0287111699610329 0.0233183392381886 0.443724120323068 0.384616463085993
-0.0483529612274904 -0.0114507544456745 -0.193387968007763 0.817776516477976
-0.01481828043716 -0.0776716788016862 -0.864235430205567 0.370246861672654
0.00897220751645796 -0.0388162659126847 -0.61363088371146 -0.206996597755689
0.000296564412700738 -0.0170798830570584 -0.0132407105638118 0.07525324802395
-0.0375902684743335 0.0138509837935915 0.681273505510766 0.0143727237431331
0.000971314230472153 0.0275666997446229 0.553426581708952 -0.711102256164073
0.0323379426931142 0.0220894760132131 -0.283238768104326 -0.806100304860026
0.0249568870686795 -0.0115907879146958 -0.595869442321644 -0.104377808195321
-0.00128388899799265 -0.0421953468585549 -0.278401549846775 0.277204024261701
-0.00907725673508111 -0.0257524550559379 0.0743212920238672 0.155721135773734
0.0013235243525108 0.00283875498812113 0.177608692650845 -0.124658234505469
-0.014155308054461 -0.00590268052976731 -0.176004347078553 0.120510488664282
-0.00727877365345054 -0.00149008735085846 0.00280885881540527 -0.147274132030687
0.00619820974083409 0.0171118508122518 0.380223147748992 -0.116609158666375
-0.0342639726318061 0.0238933794234539 0.432221065573477 0.395537369667488
-0.0523514826129071 -0.00246511537564226 -0.219146505239968 0.816344184732151
-0.0270394466660164 -0.0639910512739993 -0.875996373497583 0.350166711618484
-0.0201088319884779 -0.0411116076577836 -0.609859026866476 -0.213255621124723
-0.0318978785298235 -0.0230272107319006 -0.00610531935093142 0.082927645303992
-0.0609790925047396 0.0234095490623815 0.683063545009221 0.00864504084302498
-0.00338094693720179 0.0452384483656432 0.536234833139086 -0.716918320042932
0.0330380006959573 0.0307293394388371 -0.301552070094302 -0.793733577372739
0.0202085804982708 -0.010535698986049 -0.596625672378243 -0.0898311129519036
-0.00263841416110174 -0.0378677876979071 -0.273717866365079 0.282244263319959
-0.011315995793273 -0.0148066722448098 0.0794004709935699 0.153035357522742
-0.00544291697561463 0.0121902119285003 0.180653126308746 -0.124698863747079
-0.0227512629782122 0.00481788790147517 -0.171328948528818 0.122020228291
-0.0106088097714326 0.0109296668271942 0.00194712154201005 -0.151353881793053
0.00155594763712251 0.0208495333492798 0.377537506702992 -0.124801291419096
-0.0391259643912282 0.0262234411850365 0.441265748357946 0.383805450018977
-0.0555092651530378 0.009441943140698 -0.197973659616688 0.818490758118115
-0.0419564704553775 -0.0485243315714745 -0.865111576430454 0.370637499391206
-0.0489217381718177 -0.0439902799914087 -0.616745987022936 -0.196925553491825
-0.0626203330257814 -0.0299477981198529 -0.0133796494209555 0.0863242817649964
-0.0837162002201446 0.0304820412462503 0.68113797770783 0.0239247375844937
-0.00772123479939212 0.0619114008620268 0.553167917449678 -0.701844832943612
0.0340086271068549 0.0400081769075158 -0.28438794683887 -0.801456105480048
0.0183370965472368 -0.00838120516597875 -0.598207677769478 -0.102511479211255
-0.00282381012299729 -0.0326552287784076 -0.280703562218536 0.278228965409243
-0.012961912003903 -0.0038375165560921 0.0776545616755523 0.151171251375037
-0.0140142159894322 0.020307881379976 0.184825375201985 -0.124481999750332
-0.0166894660185652 -0.0340629830935651 -0.181427579122252 0.109252640195823
-0.00758585936311502 -0.0187867924996216 -0.0661374215786788 -0.158143864879464
0.0179537462421653 0.00669852258778608 0.29687341274683 -0.27202306119128
-0.00116698956954099 0.0295620239910017 0.545338884743924 0.118776616355077
-0.0356767026402744 0.00419065729677679 0.221674528163573 0.761176168427334
-0.0401951201896282 -0.0752560025405022 -0.542892097495598 0.69949027859876
0.0136308747237145 -0.0585320110369842 -0.678199348247607 0.0125377485600521
0.0360743850276654 -0.029318176479603 -0.153424289827063 0.0306785725816961
-0.0124708826834554 -0.00903373902601588 0.59408690358427 0.234222343384491
0.0036143586311455 0.0073606697405053 0.836627242735157 -0.387182632830033
0.0304166645418665 0.0248015793721361 0.127974005247098 -0.883952033350053
0.0481892443296614 0.00728776122473388 -0.520482919101383 -0.385901094362597
0.0196184254552899 -0.0377373564517204 -0.388449264343422 0.152982924823127
-0.00330089711888692 -0.0285149664477279 0.000380791614815445 0.154688166153178
-0.0115318057593747 -0.0181558401037058 0.178183289924426 -0.122787441304048
-0.0070047952663869 -0.036627273809669 -0.184066638483195 0.114884707870302
-0.00687330154441562 -0.02695701424819 -0.0546090785314735 -0.15408280554244
0.0193161476294357 0.00453963018915455 0.316147679609685 -0.245101596410914
-0.00399736589477182 0.0278306833561601 0.537989801037335 0.172356065496944
-0.037621482835494 -0.00470290967965358 0.149178747995005 0.786392661470394
-0.031778299344385 -0.0891308767479094 -0.614640202010613 0.656315038603732
0.0302687288701003 -0.0587642502346098 -0.674859878969151 -0.0317992402652566
0.0486414650960478 -0.0236798040341071 -0.129122778469375 0.0361804828088767
-0.00187843242537676 -0.00818731687116133 0.618479494167295 0.193859835587473
0.00808407200193893 0.000506165869070305 0.799362263985781 -0.46235684091928
0.0328882105270478 0.0181433317535264 0.0490735260018949 -0.888696788227884
0.0474287325274166 0.00307758306548762 -0.542391796694546 -0.336740782249277
0.0185444071148681 -0.0424682152404203 -0.368876212281356 0.180138682198187
-0.00319382189310174 -0.0352918044551701 0.0151209697018572 0.157018483632687
-0.000557218778415947 -0.0200644346028383 0.175141209812226 -0.128114525410719
-0.00426897442926263 -0.0359009815282341 -0.186740855720148 0.114526361670664
-0.00359500936883332 -0.0293511885307748 -0.0451072360259989 -0.149694324676501
0.0195996917024624 0.00684939759349497 0.336361863229003 -0.210959331932694
-0.00972291454358726 0.0264350719263458 0.522728772510616 0.232253509861692
-0.0408073041739357 -0.0118063782217933 0.0639106614709809 0.8095382412292
-0.0216406837947693 -0.0952665204567744 -0.688141370760802 0.590113157678332
0.0399330426042805 -0.0528847557435316 -0.662821937262851 -0.0850974163982311
0.0533439712718619 -0.0182086407906732 -0.0975567344506474 0.0433456638863011
0.0012738371690378 -0.00588981321765959 0.639953077666349 0.144357921104869
0.00956570395850991 -0.000945249131257944 0.737321314872666 -0.542453352660774
0.0329071794131455 0.0144620287333403 -0.0517275037842996 -0.878521078047458
0.0444068990748409 -0.00304133371862971 -0.567087065035332 -0.271701867917973
0.0143754631129102 -0.0453112715156548 -0.346491761530758 0.211596125160803
-0.00359288874174665 -0.038312371723606 0.0303177724718156 0.15956440803
0.00378864235138466 -0.0179563321371053 0.17572438052889 -0.126284240614565
-0.000746256919779459 -0.0320910524737128 -0.184961187641366 0.117333127358502
-0.00257323518389556 -0.027654654377595 -0.0278997449145777 -0.146492243561072
0.017623654097867 0.00761459163491506 0.355361241083117 -0.176175137449689
-0.0148348864953581 0.0250708265162595 0.497960760727018 0.294166794033156
-0.0427074819449284 -0.0160002800509519 -0.0349988980375354 0.821473474294153
-0.0140929935067842 -0.0955936928194519 -0.761823504105489 0.51117592969191
0.0407606457924981 -0.0468948640460907 -0.647927988878626 -0.135613793711719
0.0466724993804588 -0.0152876030983729 -0.0648439312991752 0.0537860306663652
-0.00495671031217041 -0.00251928916201722 0.658409315672524 0.0905993004817151
0.00682664809001592 0.00281805722227935 0.666942547450473 -0.619062021324633
0.032443981953929 0.0145842684081565 -0.147434796096489 -0.859048286775108
0.0382080845009277 -0.0076554885599937 -0.584846810209714 -0.206859748279582
0.00835047926801925 -0.04659386586861 -0.318538298403957 0.23991694345362
-0.00561818025470427 -0.0378356450508032 0.0470678039356054 0.159175930526757
0.00667665151224385 -0.0135633475659479 0.173595712776412 -0.127035772068376
-0.00271159110237547 -0.0246182065740532 -0.183610172229969 0.118085963994217
-0.00201303816165165 -0.0225877221856593 -0.0132117074838206 -0.146392063026662
0.0151121018061535 0.0110150279289218 0.372330410938739 -0.145620190726486
-0.0211188084830611 0.0241743604383449 0.467823831796085 0.347246532868444
-0.0448701640832396 -0.0165822847638938 -0.129303002088449 0.820683103870912
-0.00961930261036289 -0.0888020865899484 -0.823258848363737 0.431143718220895
0.0315761478921717 -0.0398110654629689 -0.627061842172168 -0.180541534662004
0.0288512787977124 -0.0149486543495267 -0.0332336999427656 0.0656611523954074
-0.0178506067068657 0.00447195051599798 0.67298278023029 0.0436506623701691
0.00411565511692098 0.0128762470070186 0.596242639317099 -0.679580108277179
0.0315665307677679 0.0168397401932043 -0.235059353404798 -0.826334380300908
0.0310161380719291 -0.0106291052228715 -0.591730343686205 -0.142219193229403
0.00273202037130893 -0.045446979271859 -0.293821883475006 0.26497510970206
-0.00784807895590001 -0.0332547203943549 0.0631503142433036 0.158541898069876
0.0047290124126404 -0.00550937278691734 0.175582717751669 -0.124407343199376
-0.00620103656754584 -0.0157492258491272 -0.179497545503587 0.119464030179014
-0.00367734233559181 -0.0123231950029087 -0.0018110390474235 -0.145952648054761
0.0110337118752478 0.014075382900954 0.378053134317292 -0.125746374227881
-0.0279929017650966 0.024247580074097 0.445017943317529 0.381186136875842
-0.0481618059936135 -0.011319639663258 -0.190072865045172 0.81762516733297
-0.0147679772835747 -0.0778744452549619 -0.86184709503598 0.372727677499219
0.0084428136861172 -0.0387261410003212 -0.612305245937428 -0.202660780077413
0.000779023857990222 -0.0168108448847325 -0.0131040803187943 0.0751835932473283
-0.0370517797900276 0.0145559532835924 0.679967257110649 0.0127476867650939
0.000358115506519371 0.0281463328726194 0.547012655875367 -0.711642929149658
0.0317644913498509 0.0220664943702841 -0.288464986924873 -0.802756339620455
0.0248826068685267 -0.0118460509760936 -0.595800976294133 -0.101215441338838
-0.0016588435112555 -0.0424777090417277 -0.276167096664452 0.279347369811456
-0.0101007099634497 -0.0249835112670615 0.0744643956637638 0.155407846346725
0.000699609408236072 0.00294623979813194 0.175954330564355 -0.124879033415772
-0.0134639314613074 -0.00505651860910018 -0.174703613049834 0.11974469466121
-0.0063139459954315 -0.000853250763867975 0.00253430590580809 -0.147758885290719
0.00641791958275032 0.0171923059875022 0.379866205199868 -0.117274124595922
-0.0344828064559682 0.0244537449392155 0.434262162887358 0.393132208478006
-0.051879757596776 -0.00235121314288032 -0.213659330169941 0.814889408860992
-0.0263578387524973 -0.0635323795864923 -0.871813445485483 0.352256578614633
-0.0197912662817919 -0.0398674481879774 -0.609262996663545 -0.207637328454925
-0.0312782351326849 -0.0224636217271807 -0.00614288461642287 0.0831950093232094
-0.0604675675708406 0.0243457454629518 0.681162486722441 0.00370266634799746
-0.0032279040693445 0.0447725111860107 0.529219586870987 -0.71808450825581
0.0334240172214348 0.030399867429293 -0.307539988374562 -0.788983136311436
0.0212141197692618 -0.0109205987426642 -0.597307694962867 -0.0862589414112699
-0.00306367896376178 -0.0376946536466958 -0.270059690874314 0.284154190223422
-0.0111832394220774 -0.0147469415144833 0.0794324926107876 0.152850324619659
-0.00567103874969178 0.0116537581923503 0.179900936271225 -0.124800627582415
-0.0225031024227693 0.00548264747019066 -0.170355307008818 0.121511326860239
-0.0105501220470928 0.0116139140829295 0.000798173608368626 -0.151302441169085
0.00228965471845964 0.0210215946236586 0.375942921379348 -0.12661953833593
-0.0386501316802354 0.0267921031503526 0.443179734823161 0.38026400457751
-0.0552563094573097 0.00929879982523744 -0.192460246381846 0.818269030543496
-0.0417606601330123 -0.0485355325217248 -0.860639648688824 0.375619743360917
-0.0485762087424325 -0.0437424660618879 -0.617311397556243 -0.193722243369545
-0.0628859411067483 -0.0295736984607728 -0.013500001788858 0.0868402356707019
-0.0826999242563208 0.0317601107335789 0.68064844963897 0.0204513770266363
-0.00804882277383589 0.0614937246522322 0.54640823691071 -0.702532926854323
0.033909305511493 0.039638909751784 -0.289179197962653 -0.798463212106393
0.0186573924199378 -0.00878516385495273 -0.598285654528363 -0.0978496817685349
-0.00320406439785756 -0.0327910556467233 -0.277237641281705 0.27922659658709
-0.0134123022216546 -0.00349949938380478 0.0779645918310348 0.150604756879793
-0.014238024705025 0.0199588383669199 0.183880923453789 -0.123356171804296
-0.0171172925885495 -0.0338682945445676 -0.181331459531026 0.108485736333101
-0.00758764108116683 -0.0183623888976346 -0.0682449337247821 -0.158261369432833
0.0176410082328238 0.00771390842955877 0.294104883321961 -0.27304862666577
-0.00171682423114922 0.0302809238173271 0.545306335371281 0.114557188293711
-0.0352690437394015 0.00389620869147149 0.226276501760351 0.758241949352479
-0.0404483755217401 -0.0745802889546962 -0.538906228866272 0.699207950521942
0.0135174734175269 -0.0576456693706875 -0.676664274709037 0.013512718721051
0.0358417706414468 -0.028753324393239 -0.153291381202156 0.0325916378914433
-0.0116586015492878 -0.00847737525644283 0.594041742979101 0.232217334309572
0.00365250648639851 0.00700715019499029 0.833762177469685 -0.39123143688856
0.0310416607286223 0.0243788094741936 0.121314328742813 -0.881362797399191
0.0482472210752298 0.0071992940767018 -0.522815626655739 -0.381759239726996
0.0193880789342512 -0.0379822848403181 -0.387693584618023 0.15497061955787
-0.0037366961073033 -0.0286209789827198 0.000441875736386905 0.154806638752845
-0.0115162813189785 -0.0177714195725683 0.176788350877172 -0.122061372818037
-0.00763319345776587 -0.0367105091556671 -0.182749364916267 0.114561509181766
-0.00660265631503358 -0.0263063813493337 -0.056404718440991 -0.15475506311724
0.0185225751248402 0.00444921782281413 0.31313086412446 -0.246829154828616
-0.00438935928094185 0.0282306695974324 0.538095786902765 0.169437799556477
-0.0373177609362278 -0.00477567363438884 0.154075883228876 0.785032826296532
-0.0316816742976555 -0.088017222982543 -0.609497948212254 0.655876532277456
0.0300290195151631 -0.0577640476679924 -0.673744304448778 -0.0302908123485442
0.048573035836998 -0.0227801393542963 -0.127885678035163 0.0372723590806252
-0.00157951404655586 -0.00786929274859186 0.617473857953271 0.190058203637984
0.0088392381381009 0.000168317788696248 0.793174240720776 -0.463679817384979
0.0325959595810893 0.018448650202009 0.0417048915624334 -0.884613054146348
0.0475690770150029 0.00220845592835889 -0.5448783090257 -0.331534676703691
0.0178258561150965 -0.042626690889273 -0.366845862131443 0.182401469603752
-0.00441804830142796 -0.0346508060459902 0.0150419214723526 0.157108586208845
-0.000769186081571496 -0.0195734786209844 0.174703453744005 -0.128061562581594
-0.00473613033325235 -0.0356890349407893 -0.185659839130292 0.114335776327858
-0.00455900192836444 -0.0281134226047689 -0.0459931831426565 -0.148990821890797
0.0190799928624505 0.00633824666975619 0.334870119503184 -0.213614383222745
-0.00960557678995668 0.0270721823199912 0.523038467036894 0.228249240841443
-0.0413804140347857 -0.0109088203086547 0.067374017867487 0.806958872670063
-0.0219230224608479 -0.094916393274242 -0.685629730549971 0.590053058281261
0.0400983939570113 -0.0525042380955654 -0.662541549160904 -0.0830096677289444
0.0532791595817789 -0.0182433983640818 -0.097761827443731 0.0441633077106241
0.000795303223645842 -0.0056635093184738 0.63921447858275 0.140900971690096
0.0095638298609317 -0.00125564048283919 0.72976106766512 -0.543935792913772
0.032765574560415 0.0146424027858846 -0.0572210285657833 -0.876259876097521
0.044627895849472 -0.00308072109357183 -0.569617683388113 -0.271237582243181
0.0137304997488405 -0.0457436489277376 -0.344534195120246 0.21335369964226
-0.00440818334322931 -0.037955920519786 0.030621903735238 0.159447387365209
0.00321892859536247 -0.017992149723414 0.174293516582904 -0.125868217575482
-0.000525508465593414 -0.0323015985627375 -0.183972162798581 0.116790630428836
-0.00265315389398669 -0.0274222022373655 -0.028498084603074 -0.14617809105693
0.0181160252737648 0.00720326508372881 0.353369877790672 -0.179249044024942
-0.0148726913896636 0.0260337494351742 0.498491231968564 0.2913881265525
-0.042205296801477 -0.0163461795605501 -0.0316512588345605 0.820203946874985
-0.0146357082624655 -0.0950869434180835 -0.757832521650102 0.515701160354077
0.0409631710502029 -0.0456760541249537 -0.647266101387015 -0.132933113393864
0.0469426375264319 -0.0152833857497935 -0.0643630510338621 0.0540081930439712
-0.00505106567010602 -0.00185081982819851 0.657431162706117 0.0888981011987318
0.00654835971979774 0.00228775540039223 0.660823783202343 -0.619910427779542
0.0318393459328456 0.0139053550742585 -0.152388138274212 -0.855940309777319
0.0380793795701172 -0.00755234158859567 -0.583444310587451 -0.203069677835799
0.00771794715538577 -0.0472333646748936 -0.318809308129831 0.241426679980016
-0.00592696262315797 -0.037343209423339 0.047063010949158 0.158910351442166
0.00609120342682844 -0.0134565916115392 0.172169184541293 -0.126242980560192
-0.00204135580933569 -0.0239966525043846 -0.182358532095977 0.117647541993948
-0.00161962389242638 -0.0214729721133172 -0.0139727822077535 -0.146511726089191
0.0148651693079958 0.0103888506344196 0.37021808954012 -0.1456743818501
-0.0213573011862858 0.0241553211393409 0.469054204779564 0.34535307449708
-0.044289865219339 -0.0166364635185693 -0.123683750893063 0.820281269600778
-0.00961649455292724 -0.0879984849750278 -0.819086973210335 0.429270935014974
0.0310469689723265 -0.0395503143300698 -0.62668095911566 -0.177569110190342
0.0291024031929975 -0.0139737510542278 -0.0324911735695526 0.0658404432029085
-0.0174501212985474 0.00514661656588484 0.672286363646121 0.0405877690329724
0.0031140849188291 0.0122219877522105 0.589673470666854 -0.677465149244753
0.0317705681354839 0.0165976563562829 -0.240468524146055 -0.82295900619722
0.0305193669255169 -0.0107747217694224 -0.59188557943806 -0.138585215015048
0.00212504885443558 -0.0457464177139399 -0.292019357639426 0.266423979429245
-0.00884661514243321 -0.0323823212484653 0.0638464387520461 0.157774356243613
0.00402298618102947 -0.00544933549834078 0.1746425310618 -0.123993356846617
-0.00604549886192937 -0.0152960833350539 -0.177991995822578 0.119122295721495
-0.00338930405402724 -0.0117267379073735 -0.00316231381171866 -0.145523940190502
0.0111643832044177 0.014117242990301 0.378062451728419 -0.12566170024855
-0.0285725434930082 0.024083251459419 0.445622352554183 0.378891956276572
-0.0475674618356498 -0.0116065900880551 -0.186968947501013 0.817895145215092
-0.0152052332925892 -0.0768107576094193 -0.857440805439008 0.376614621583582
0.00830673665573016 -0.0380022415837235 -0.613601668084037 -0.2011309643008
0.000652159322043686 -0.0169716029357038 -0.0126294312186269 0.0764643269860532
-0.037131865212138 0.0153133864047269 0.679578801736021 0.00827136661687497
0.000276331123353665 0.0265699098561523 0.542588477910516 -0.712435783421901
0.0328600168157438 0.0220466012683087 -0.292714212207106 -0.799740764872758
0.0249059591157454 -0.0114428703644235 -0.595467386335858 -0.0977759842835813
-0.00221062620123219 -0.0425514449958343 -0.273956126315241 0.281113285572075
-0.00966427953901855 -0.0247050765749128 0.0750289031035741 0.154291005814008
0.000876222039423315 0.00292886318770771 0.175444662325333 -0.124416205602906
-0.0136865036818094 -0.00466529678003761 -0.17321898539992 0.12020521614745
-0.00633967158454989 0.000266309350873633 0.00139032098009899 -0.147735425927775
0.00635218466444918 0.017244631445105 0.379552731687069 -0.118748155076324
-0.0342532065404323 0.0245999997340174 0.435905738400202 0.390173729845074
-0.0516633859484824 -0.0030865403937267 -0.210379527207613 0.814966913413183
-0.0269590835638848 -0.0635360627916348 -0.868778610453523 0.355406596685526
-0.0197758273273437 -0.0395755188653217 -0.60809006904441 -0.206039810974962
-0.0314773903928396 -0.0216855828510258 -0.00551933961087721 0.0835119162188974
-0.0605698447418153 0.0253615869839553 0.680068734634009 0.00223781470788039
-0.00337142089643432 0.0445595425330432 0.522764823348644 -0.718265551817131
0.0333406190667121 0.0297248522009358 -0.312064713027378 -0.785933504440088
0.0211473368377183 -0.0108534298691933 -0.596665358352628 -0.0800181023822175
-0.00416891320505458 -0.0384568721086741 -0.268634955739869 0.285738240044403
-0.0117890848610346 -0.0141040008282986 0.0794634064749241 0.151698209041491
-0.00580739669049849 0.011985933117861 0.179413280120571 -0.124251234178987
-0.0213707080582369 0.00547313629819242 -0.168651355262549 0.121391229590132
-0.0103496920719321 0.0123988050344967 8.90064570911004E-05 -0.151071515041818
0.00216812287013418 0.0206780548282087 0.374322012882703 -0.128188998295605
-0.0390105650769275 0.0273030959897889 0.445195286883178 0.377327048932621
-0.0541484102977019 0.00919559124050699 -0.187658695224593 0.816655109201837
-0.0417390985470275 -0.0475817717277905 -0.858846213093282 0.378255549988071
-0.0490369191013554 -0.0419915142351052 -0.616872814495429 -0.190258197260141
-0.0633195039566034 -0.028880517801338 -0.0125541366435294 0.0873819093512185
-0.0827283399923427 0.0317712129097761 0.679041308667156 0.0180401988623746
-0.00763874315239578 0.0613197173533528 0.540080873829194 -0.703485633763342
0.0342117692598125 0.0389625722452122 -0.293612103759767 -0.794183698879479
0.0187724777746458 -0.00862709663984221 -0.598508761372015 -0.0932901739913566
-0.00344246634979217 -0.0332498130058663 -0.275877898485052 0.281212295463551
-0.0139254939387766 -0.00372097415283031 0.077375447703182 0.150793465927316
-0.0134775195349611 0.0196611390464969 0.18224630270303 -0.1232786948059
-0.0165507974923483 -0.0331108519530644 -0.180113774285237 0.107954609936831
-0.00835475248378464 -0.01786641255553 -0.0699269918300638 -0.158829108811874
0.017939927232804 0.00726588375639398 0.29156083968576 -0.274520263320396
-0.00102468581437321 0.0302490548309672 0.546183242249205 0.112613688097978
-0.0345901436474908 0.00379405681505922 0.227728572977202 0.757608912108883
-0.0403046090248536 -0.0740654532031199 -0.535360273113242 0.699005378380493
0.0137067785858145 -0.0568812854935448 -0.676108414852521 0.0160194371744947
0.0356953651542838 -0.0288211235632694 -0.153186110311316 0.0326114244081235
-0.0123041061335613 -0.0078243852903096 0.595784826861405 0.229510028728863
0.00360140027591158 0.00703935514103472 0.830367979929815 -0.391227193589651
0.0309420089966517 0.0242645706794348 0.115913467807357 -0.882755806241573
0.0487175857922751 0.00684192346750329 -0.524925217964954 -0.37964089905452
0.0183070093759455 -0.0388332412939773 -0.387811551864282 0.158204733014119
-0.00444893235694567 -0.0283330091156593 0.000373894887315244 0.1555977135389
-0.0121404010479316 -0.0180562966225624 0.176260690135002 -0.122496799438914
-0.00727832221699691 -0.0363092327930501 -0.181430571235924 0.114037352673103
-0.00713690013547622 -0.026018415715689 -0.0573270302407571 -0.153897566821545
0.0187683765732461 0.00422891276592675 0.311633548785424 -0.248411892405174
-0.00394689509206592 0.0281717898422625 0.537025179436289 0.165736405236315
-0.036599046046076 -0.00506131672389057 0.155014430100989 0.784837294510208
-0.0316481279310502 -0.0880941379599081 -0.607028121902312 0.655949610633699
0.030462954326471 -0.0568005126906684 -0.672744412748408 -0.0283768992096914
0.0482366028383292 -0.0226134423534315 -0.128014045076804 0.0377090963899439
-0.00226065846997293 -0.00790369294479666 0.616600827121137 0.188538267287833
0.00847572130833299 0.000296236658607611 0.789725290586744 -0.467526152227198
0.0324761700972292 0.0176635843997232 0.036929576170894 -0.88451530542305
0.0479775123526448 0.00241139210062467 -0.546925256983735 -0.328546344621479
0.0169920862201379 -0.0430699909060187 -0.367976214387384 0.184693498260235
-0.00432106549974079 -0.0345642201387749 0.0143745996825848 0.1570809980832
-0.00141176298878295 -0.0195262034567985 0.173433714854414 -0.128467136438442
-0.00478532539169359 -0.0351155985302338 -0.185127256931154 0.11399997699553
-0.00416125567753693 -0.0273454210922863 -0.0464273392520035 -0.149356383690655
0.0189095299567204 0.00657733373874649 0.333211238326595 -0.213449243589208
-0.0091755365366053 0.0274202790854256 0.524436470933468 0.226503686671587
-0.0409509978782747 -0.0115111181852895 0.0700030993646626 0.806924757703223
-0.0224037274056756 -0.094039156451345 -0.682261217020543 0.592316367036139
0.0407639605931306 -0.0520545288849717 -0.661246410677964 -0.0810914183033094
0.0530392248355236 -0.0174964167866978 -0.0970090073608344 0.0448465286017241
0.000807113936712046 -0.00470908949462309 0.638558793482502 0.139251694874731
0.00876259724995183 -0.000758981290328045 0.72763858034168 -0.547589208005969
0.0326422712720213 0.0145274852261699 -0.0613423678132708 -0.875855425244831
0.0443438531277273 -0.00385027316790243 -0.57063171624842 -0.265795004301284
0.0130321560224707 -0.046103071334126 -0.343973682852597 0.21566610575793
-0.00490180478901941 -0.0379540491933208 0.029956784562346 0.159807056996454
0.00354360509090262 -0.0178743221143193 0.173696227142144 -0.125951992146592
-0.000584784821870224 -0.0316570936461932 -0.183161317380397 0.116583206002975
-0.00235125521877846 -0.0266194396685432 -0.030699049887175 -0.146781101778745
0.0181026195191051 0.00756730403295663 0.353096799660767 -0.179780977326536
-0.0147663073149228 0.025460546485315 0.498312328430541 0.288881003772792
-0.041856394577721 -0.0162610806503001 -0.028803271175837 0.820508442402532
-0.0142951081811436 -0.0939732987891744 -0.756681841848919 0.514509205635727
0.040507716983358 -0.0449789509003947 -0.648008582391219 -0.130017173640743
0.0465810513607146 -0.0147455961132563 -0.0643898620552265 0.0554078003025809
-0.00561905683904869 -0.0011024882453994 0.657221137147433 0.0868607813548991
0.00667903396357739 0.00264144178292339 0.656509762401061 -0.621669350206182
0.032676573230302 0.0136240517915321 -0.157035589776293 -0.853995368385947
0.0386154743656351 -0.00741626770782407 -0.588179501369184 -0.200265137394739
0.00684758946807331 -0.0471261020540143 -0.317579460525013 0.244313665681359
-0.00622674683884688 -0.0373698708092781 0.0474019730395966 0.158495769724277
0.00609251366658621 -0.0138904491376106 0.171473814141573 -0.126810067042314
-0.00218150870575217 -0.0241483358643501 -0.18243941802117 0.117694545474045
-0.00133303327611738 -0.0213634594172111 -0.0141707151447998 -0.146461606770673
0.0148749971835374 0.0108345532819903 0.369691210406621 -0.14772251877946
-0.0219915035982695 0.0243620656795609 0.469634904452843 0.344233791170316
-0.0439465090168737 -0.0167876428645416 -0.121393764444647 0.821079891693364
-0.0103520685879941 -0.0885369762749582 -0.817481399385371 0.435120298799314
0.0305367631470873 -0.039047730562341 -0.628318486743692 -0.176254952149797
0.0286636840147846 -0.0131474690709374 -0.0324041875545366 0.0660211853814678
-0.0175289053839457 0.00616774587452643 0.670713290483047 0.0396365570331327
0.00367546812213957 0.0127127415827593 0.58525785969576 -0.680065525872373
0.0323544596637021 0.0163415464779413 -0.244101034219201 -0.822455652527466
0.03138518641056 -0.0110139852243751 -0.594380641570115 -0.13590618321793
0.00137210854263944 -0.0456678049846032 -0.289751465440842 0.267851649174949
-0.00896195405256196 -0.032404047753791 0.0639253655852882 0.157936935681836
0.00469650398377141 -0.00596721817499299 0.174182604286505 -0.124339570704703
-0.00599837483391193 -0.0143964347492656 -0.177056990608715 0.118460678141286
-0.00349336750034789 -0.0115201331334712 -0.00387189143730264 -0.145123722931928
0.0113507610371549 0.0137596965957994 0.376499035120302 -0.126078405688187
-0.028745585872191 0.0241008927922238 0.447855081285969 0.376689313391525
-0.0473910540719907 -0.011583994599254 -0.18224941226533 0.817771503012108
-0.0145912309908864 -0.0768252814578381 -0.857250277360678 0.377526863542865
0.00849722522773128 -0.036667013409184 -0.613101520779 -0.198849006249958
0.000941959201213549 -0.0168221179571132 -0.0113864623922386 0.0766639047333666
-0.0370288233529708 0.0159006704698501 0.678032273913954 0.00788043188075923
0.000783293261603434 0.0272805399641679 0.538014317864778 -0.712986980595923
0.0329254541030979 0.021543159506366 -0.297765268158256 -0.794215373695572
0.0250503982273115 -0.0117583110505462 -0.597428525900765 -0.0926184718880755
-0.00252352539433966 -0.043270352103167 -0.272732379774 0.282826515320869
-0.010428216865586 -0.0246275403370214 0.0747795523155124 0.154720026346027
0.000917701373446652 0.00215094786814477 0.174576376445491 -0.124081452468036
-0.0128164421502149 -0.00479468747424816 -0.172360455558757 0.119158001004061
-0.00584788111529878 0.000500279387964086 0.00140330491330955 -0.148051041393693
0.00645735215738206 0.0179364093713058 0.379008809811241 -0.120941440374911
-0.0353445031332139 0.0260083165145682 0.438476644416024 0.38921228893366
-0.051078669897092 -0.0024557679418099 -0.206081452262231 0.81575006562136
-0.0274915288278064 -0.0630088784382475 -0.867237737809621 0.359186722055041
-0.0196021649136362 -0.0388850389633024 -0.610079820922752 -0.204849566849803
-0.0318033382736499 -0.0213561915494014 -0.0049328934930398 0.0840744768442161
-0.059812272593155 0.0254757585558599 0.679046267695474 0.00193205165131481
-0.00352713481412176 0.0438581144827735 0.520898051227289 -0.720548020930466
0.0337668897533185 0.0292814677452616 -0.316212143355355 -0.783212617636028
0.0204897183003646 -0.0108338575382715 -0.597706688292316 -0.0780600138444039
-0.00420019150112419 -0.0380381597212905 -0.267722670941819 0.288188585894974
-0.011602407441553 -0.0141212604560926 0.0797388782112389 0.152222503526357
-0.00570312139254023 0.0118624131355707 0.178263161583238 -0.123345989510775
-0.0217138924086338 0.00582070886597701 -0.168538142082402 0.121172817661417
-0.0093326392364386 0.0127179658890646 -0.000453103429310944 -0.151720621505392
0.00218851167551634 0.020272131334911 0.374613286745858 -0.128355453921214
-0.0387029143649789 0.0275410478158878 0.446771699883994 0.376645566765791
-0.0542302945893047 0.0088140259801766 -0.185802853691132 0.817346814563815
-0.0411732922113227 -0.04836434770376 -0.857665938695367 0.378831405850814
-0.0485539486241172 -0.0410344541763801 -0.617260943594038 -0.189398170060865
-0.062253187620349 -0.0280303615898319 -0.012141247153931 0.0880986398443375
-0.0821397182928607 0.0328896424999785 0.679547982285472 0.0154419883958583
-0.00726913956147588 0.06125735622568 0.53677108091233 -0.705338613401049
0.0345615553128891 0.0386771670867906 -0.298841455583599 -0.791350983124726
0.0188155328238516 -0.00819029335469475 -0.599777388857804 -0.0904727501835849
-0.0044226104832996 -0.0327950042719758 -0.274964517856837 0.283252213246778
-0.0135414748926467 -0.00371054806091141 0.078166071901765 0.150786395705782
-0.0136941100207059 0.020367908430382 0.181744674850382 -0.123050273692208
-0.0163731399030273 -0.0320885317919204 -0.179283022850635 0.10775951785636
-0.00771046368338145 -0.0173584391114673 -0.0710980597338528 -0.159729364905906
0.0176830005103992 0.00806294822259631 0.290333424379398 -0.275195686989914
-0.00161896672793519 0.0298279647758445 0.547048713867179 0.110058173018479
-0.0347956112899247 0.00380304360095973 0.232509352934084 0.756382828556671
-0.0404437290172265 -0.0742791715039421 -0.534520550306505 0.699795632779755
0.0135004681035045 -0.0555238233973846 -0.676780036271984 0.0172132090796872
0.0360098905173102 -0.0282673665665921 -0.152804102329593 0.034039178803731
-0.0119893025112217 -0.00721680117747038 0.59492927600049 0.227888476969496
0.00339726683383604 0.00722368832217715 0.827073261322275 -0.393947762520908
0.03045272355582 0.0232383648317026 0.112447508084329 -0.883011992862499
0.0485556573848672 0.00668868846014826 -0.528353207546143 -0.377163929647146
0.017771062156514 -0.0387130723493476 -0.387681184117276 0.161009980535347
-0.00472626349856705 -0.0283817480500739 -0.00131117017734422 0.15541465087308
-0.0120806013862246 -0.0174414928368305 0.174728262795429 -0.122343414411616
-0.00695834222613823 -0.0362398606841493 -0.182089813965722 0.113655129526485
-0.0068796628199058 -0.0244202328922017 -0.0589684382517435 -0.154942753134174
0.0181580445609602 0.00470859863424553 0.310250824767572 -0.24977315105378
-0.0045296010401865 0.0285290514662924 0.539462964476391 0.162325744967218
-0.0366557944232676 -0.00489289856426632 0.159028482207854 0.784006733400488
-0.031943452277643 -0.0876301547758441 -0.606865148006258 0.656910946775009
0.0302655054948426 -0.0560432436601774 -0.674914196344882 -0.0277691342139254
0.0492105895064421 -0.0223736253222949 -0.127835869472587 0.0383057595430765
-0.00186974403338312 -0.0069705089343647 0.618060595116839 0.186465161487653
0.00841426203815335 0.000181537599423243 0.787079371437093 -0.469965662990401
0.032303847157121 0.0178356022539179 0.0336830705266357 -0.88585433642071
0.0475263414627598 0.00203429352995651 -0.550283473734186 -0.326278603917122
0.0161651157736824 -0.0435191400872414 -0.366302822869096 0.188490424487073
-0.00498822214192921 -0.0339298275916084 0.0141480115763741 0.157319163670544
-0.00155975537027484 -0.019528822130733 0.172097685484581 -0.127489960318135
-0.00445821354834472 -0.0353028147603011 -0.184742269538511 0.113568404618685
-0.00365605348219824 -0.0273257019202551 -0.0482400576256587 -0.149779759039121
0.0194479179154255 0.00621864464015555 0.33213930848389 -0.214059777514529
-0.00954214481885248 0.0277085196836871 0.525202479391871 0.224432030391941
-0.0401253461190132 -0.0114567095416136 0.0739375850796831 0.805248892107373
-0.0222970821292968 -0.0938630649664197 -0.680699801988527 0.593368143929013
0.0403357022008223 -0.0512053042754348 -0.663684046964733 -0.0812532561883072
0.0532259937693026 -0.0168430731984775 -0.0967961561398915 0.0460657090840071
0.000807213461245009 -0.00460576268626999 0.639377799800721 0.13751241311999
0.00881458679632375 -0.00103818794629149 0.72373006040874 -0.549319969163801
0.0328505769629995 0.0141010787459801 -0.0659747479574545 -0.87461688681323
0.0445698840172248 -0.00345891422882115 -0.572686608208715 -0.262829455106874
0.0126393286827479 -0.046289826533215 -0.344868806201073 0.217926530547323
-0.00513287789636065 -0.0377229301703759 0.0302033914418844 0.160233212908343
0.00275204295210025 -0.0182159092091427 0.172645142910555 -0.124979382431236
-0.000821535248056013 -0.0310553443813499 -0.183066254098282 0.116374443173508
-0.00200104898425913 -0.0262466513811826 -0.0310093222879794 -0.146945624711506
0.0176736267597327 0.00806076032828812 0.352256828224555 -0.181286076481044
-0.0148370733514031 0.0258076462601027 0.501269262652158 0.286555592991057
-0.0415165443952147 -0.0159165119889477 -0.0256748325282151 0.819959280739767
-0.0136879065177545 -0.0947366035149641 -0.75611067839171 0.515472400918765
0.0405537116995834 -0.0441636055139779 -0.646792721996876 -0.130124722259831
0.0463384656236787 -0.014138593339825 -0.0641269553162861 0.0554693408823077
-0.00480685726259312 -0.000962176024819392 0.65756456147383 0.084626494981728
0.00608741844473194 0.00304936610289088 0.654806750685363 -0.624156796275738
0.0327628920938054 0.0134199412844112 -0.162100016119809 -0.853594851822623
0.038356669204018 -0.00760236256454522 -0.587711567792465 -0.19816310024892
0.00614516898598785 -0.0473405218733389 -0.316147037910441 0.246810129401545
-0.00635166222073973 -0.0368002757524286 0.0467757781303527 0.159937908027204
0.00558411718739983 -0.0133573732926217 0.172330010692268 -0.125791581271401
-0.00225946247371036 -0.0230829696987165 -0.181254175971536 0.117062251484074
-0.00111264861131623 -0.020731482326339 -0.0153198579816815 -0.146387012055414
0.0150141796552389 0.0114263794670143 0.369798761458536 -0.148586082748175
-0.022350599500154 0.0250099787096519 0.472007544252612 0.342586824459469
-0.0436487009361217 -0.0165302615936734 -0.116973409992213 0.821427048240609
-0.00984689213585114 -0.0875892022949497 -0.816564902719224 0.435559161090114
0.0306986793183567 -0.0374841389703624 -0.627631614728297 -0.175301163585718
0.0293896698169192 -0.0131340222752044 -0.032078999404684 0.0669156889430073
-0.0180567180761161 0.00615866768738057 0.671024354419034 0.0383393842436444
0.00367368968591973 0.0128594884327949 0.581479488095723 -0.680894332174112
0.0321807632667421 0.015850339462718 -0.24942464994055 -0.819903387304807
0.0309040178900183 -0.0117981330717572 -0.596002080434642 -0.131307008801288
0.000256227522077159 -0.0454141670026664 -0.288978457106624 0.270823527598123
-0.00889399295194187 -0.0321710115360475 0.0636930157528194 0.158386529469888
0.00412336094050815 -0.00571552141897258 0.174342425351484 -0.123382064885963
-0.0053370986702269 -0.0145245273818715 -0.176404926147238 0.118763191861225
-0.00251694089187936 -0.0109556352025183 -0.00476397460204799 -0.146390916383131
0.0115968753756697 0.0137650644023266 0.376089966734202 -0.128643523795966
-0.0287241958712901 0.0250133789837698 0.449987364141616 0.376451207619695
-0.0468693031104072 -0.0117035278977446 -0.179996266638439 0.817639000981834
-0.0149998640669685 -0.0765478829511042 -0.855648675872252 0.380015836698144
0.00917365820823847 -0.0365528445227134 -0.614079848209082 -0.198018397854318
0.00111065435955674 -0.0156416276575863 -0.0121589321932648 0.0773401849548066
-0.037372547911302 0.0162437790394645 0.678235545114047 0.0064339303771093
0.000375100960581371 0.0274747027432727 0.535113224707049 -0.714036291909868
0.0327432678517493 0.0213823598237978 -0.302903522955167 -0.793870638928268
0.0250873629466857 -0.0120023968017514 -0.597579845243486 -0.089523914032115
-0.0032608274627027 -0.0425563088901691 -0.271663658745939 0.284591955986167
-0.0108683232762134 -0.0238537983485036 0.0749665061936255 0.155079584269355
0.00116821480475521 0.00294691949499961 0.174614223998853 -0.123464256179409
-0.0132142227285826 -0.0045263049867231 -0.172054047483773 0.119167524381098
-0.00547555561529174 0.000770286349750265 0.00102303724059741 -0.148173840155965
0.00635533545550867 0.0176908919887007 0.379282178014584 -0.1218154023551
-0.034668577970497 0.0260398936269786 0.440593000540923 0.386756914489603
-0.0508224789628289 -0.00321456546145787 -0.204486701041325 0.818233107332035
-0.0268053222160482 -0.0622720046700657 -0.865162698611113 0.35917390853099
-0.0194558239076177 -0.0378052129789993 -0.610237063984177 -0.203936786633449
-0.0308858520752177 -0.020877963462014 -0.00445348991903715 0.0847823054208214
-0.059172758287001 0.026154040717285 0.678751267632224 -0.000665207831738672
-0.00238006408044085 0.0450842585031468 0.516588048953047 -0.721152968419448
0.0345402259299234 0.0287230269070979 -0.32109899335999 -0.78191879509337
0.0212820998138727 -0.0106171445287206 -0.600228474589444 -0.0749912586197116
-0.00518160079846381 -0.038331997691457 -0.266179981926542 0.288673743936954
-0.0116249671208148 -0.014138549000977 0.0799044451155661 0.152668627522321
-0.00526743611564603 0.0116043618179254 0.178359435300027 -0.123293811022203
-0.0206914729970449 0.00573397391801169 -0.167247277041574 0.119900325946616
-0.00945648090610975 0.0132627729685812 -0.000507133919021464 -0.151373337684798
0.00226288051859747 0.0213261078114857 0.374067368270244 -0.130394908086017
-0.038902936080996 0.0288619337736306 0.448217865317764 0.37407587638859
-0.0536605603466078 0.00857965590149921 -0.182926348149216 0.819350115529216
-0.0409931950024558 -0.0475794292292485 -0.85538713089345 0.381151927071141
-0.0485479812731584 -0.0409024528035006 -0.617723642530882 -0.188025983503151
-0.0622793549433012 -0.0277679482559725 -0.0118655570833588 0.0882732398296558
-0.0823847784566166 0.0333462614216635 0.678429039355951 0.0148506279549864
-0.00750682088041553 0.06119018363876 0.533900373774777 -0.705422988173418
0.034760888043481 0.0381317990768416 -0.301726739116212 -0.788258299934359
0.0188873480101881 -0.00839132764269734 -0.600661167765602 -0.0861768454418608
-0.00581381043326085 -0.0328034242207309 -0.272014932614832 0.285692381358839
-0.0134676985414557 -0.00301705812384804 0.0781211366892682 0.151181918440027
-0.0138090481377563 0.0197323982486681 0.181799856601955 -0.122168948712187
-0.0166729405166887 -0.0330736344193564 -0.179938676560767 0.10776116169386
-0.00805883120655575 -0.0160459821243203 -0.0727761958411423 -0.159559819692915
0.0172206022583488 0.00811237807769471 0.289519357766427 -0.277852418831212
-0.00178412807226888 0.0311216256689969 0.549232543847285 0.10851791399585
-0.0348128682256538 0.00340252662495872 0.233407118974017 0.755359916513409
-0.0395858515037283 -0.0737570245095291 -0.53442845295621 0.700833728771348
0.0137117648638834 -0.0549775952993505 -0.677963977741821 0.0183532531802194
0.0358599275280163 -0.0282287593741441 -0.153927289202087 0.0351432699681137
-0.011907392858185 -0.00670865135803168 0.596444078775946 0.224875290914474
0.00360563213439111 0.00811501099835195 0.82667856435888 -0.398667892779901
0.030829992925573 0.0229488357217778 0.108392020820026 -0.883196110374103
0.04941504234763 0.00588209783439828 -0.530644611798747 -0.374655656729098
0.0173129477553179 -0.0389994497504342 -0.387462714992667 0.163970186434404
-0.00507722076579103 -0.0283289008727827 -0.00106541596152062 0.156829134050055
-0.0122580995279287 -0.0174835262892092 0.174491145018951 -0.121703809817543
-0.00706606631564759 -0.0364044261737523 -0.181398405053596 0.113020177487618
-0.00736534594380318 -0.0239831174692024 -0.0598906787922899 -0.154820731347499
0.018485117110934 0.00510988941276516 0.309347977827587 -0.25150773298058
-0.00437079807007221 0.0288500773741016 0.540949400234169 0.161398484274385
-0.0361111858921099 -0.00556789414210962 0.161840364365958 0.7848767717939
-0.0314149284395679 -0.0875400805370071 -0.605952544748626 0.660002295521054
0.0301831914173667 -0.0553017640356737 -0.674525747408349 -0.0263706637899687
0.0488094827993883 -0.0217462995934821 -0.127704209968674 0.0394139147377787
-0.00188299652602856 -0.00664842960990601 0.619135581267076 0.185001916086755
0.00810745024100203 0.000296994737802932 0.785991475556342 -0.472888474004433
0.0326782180548066 0.017624323215851 0.0288946635225172 -0.884470942689631
0.0474594970467256 0.00235518345382309 -0.551968693720135 -0.323957489831307
0.0161506951353245 -0.0434939766443519 -0.366331398570697 0.189439285529671
-0.00539779930533696 -0.0341670712528631 0.0138006516111395 0.158391400911513
-0.00175142037792278 -0.0198752352045358 0.171877539349695 -0.127216462349031
-0.00484261287066083 -0.0349629934816816 -0.18433767133299 0.113141921329271
-0.00344443939522928 -0.026665889530957 -0.0501170627949291 -0.149842514583551
0.0184532556450056 0.00674452823520407 0.33159933587575 -0.216129453053249
-0.0093823407336155 0.027983134193208 0.527699546043842 0.223720340308032
-0.0394362719255396 -0.0116990427942327 0.0745248466852474 0.807383305406571
-0.0219613244650192 -0.093671483579183 -0.680588982408372 0.595296975292447
0.0404718289901196 -0.0506365534009225 -0.664033920367923 -0.0789426928625655
0.0532026940127276 -0.0168716312207585 -0.0963278844669342 0.0470571425853087
0.0010725930534448 -0.00403158141877126 0.641307225645834 0.136306625808253
0.00829598480992032 -0.00115155136364725 0.722477396953951 -0.551105425549129
0.0324287147561557 0.0142727597322963 -0.0711556870309593 -0.874074320496514
0.0445429852005408 -0.00331067572066663 -0.574735296841574 -0.261046046790994
0.0122825359870541 -0.0460358701954185 -0.344153859778948 0.220222829694417
-0.0055272941414497 -0.03815146159117 0.0302005651212999 0.161352599206627
0.00214425977221151 -0.0179315133919561 0.172318918695704 -0.124786049511324
-0.000561381501543191 -0.0310249532634925 -0.18245425607931 0.116243102041014
-0.00212752363051471 -0.0248316837434707 -0.0317900570667174 -0.147918570834148
0.0184382361778059 0.00798919294459502 0.353268624462564 -0.182535960478228
-0.0149737201580162 0.0270797460871734 0.503733976413591 0.2861914422649
-0.0415425451407853 -0.016532783065178 -0.0219324062074096 0.822771100182668
-0.0137527886943405 -0.0939590613704845 -0.754814279518451 0.517691750411812
0.0416230473508312 -0.0440991885729789 -0.649585065205857 -0.128097996567763
0.0470576733570972 -0.0134304316697544 -0.0637578010459632 0.056247529465693
-0.0042205181260652 -0.000894882630837191 0.658229819503497 0.0840436889658415
0.00642795358032651 0.00227254789991185 0.651010053209894 -0.624400835187156
0.0329919702001994 0.0126642554538566 -0.167569470319744 -0.852370387174237
0.0394391650740694 -0.00766632786374516 -0.591654214331264 -0.195631724126235
0.00605486274579449 -0.0481043710422169 -0.315500852978888 0.249024387117112
-0.0072340054999082 -0.0366813939804388 0.0476905770190223 0.160237075067657
0.00596457055066269 -0.0140586792993897 0.171206167770556 -0.125620575703365
-0.00208260982443173 -0.0238723866570492 -0.180815860628683 0.117291220634695
-0.00133941679135005 -0.019415202265104 -0.016338423459559 -0.146829636351255
0.0149790182037833 0.0105427429296465 0.37090864480621 -0.150004418829848
-0.0213983052614265 0.0263622003969721 0.474822027781341 0.339592928208273
-0.0439420834997786 -0.0167829654209066 -0.114359734213536 0.823885568937248
-0.00973535297218303 -0.087162995159664 -0.816316131716956 0.43829508505558
0.0309299843598963 -0.0375324049975703 -0.628922341984447 -0.173896490228791
0.0295146515252528 -0.0121828606748265 -0.031963789876406 0.0683023084536173
-0.0170757680796462 0.00696387350072033 0.671681468032634 0.0361792857371167
0.00335656919268348 0.0129324063507454 0.580058289090702 -0.683819141061507
0.0325006457194101 0.0157938618873419 -0.253305863499746 -0.818671382352591
0.031323618736198 -0.0116346480511705 -0.598177360291754 -0.127905558967834
0.000545309864713179 -0.0458982625960058 -0.289130569871827 0.273450310613756
-0.009033926956574 -0.0319767645615559 0.063873581981852 0.158652059332192
0.00345263352787685 -0.00579722244021468 0.173193984836321 -0.123126786324437
-0.0060329158607752 -0.0145980991310176 -0.175926024888107 0.118255052905368
-0.00290067534013808 -0.0100033584926559 -0.00477438412617234 -0.146090208325179
0.0118292099531019 0.0142035724054041 0.37642677184352 -0.129044223585148
-0.0289270891813098 0.0262501368094841 0.453549878864178 0.373878490706201
-0.046533373631477 -0.0117557935818453 -0.177496175278828 0.821293844741002
-0.0153942711647756 -0.07615432590574 -0.855135714107217 0.382611095075915
0.00885611107736231 -0.0349430173448938 -0.615929051476933 -0.197194048052654
0.0014512515346895 -0.0150834459474893 -0.0118851983400459 0.0781548407016044
-0.0373188517503015 0.0165649021555324 0.678210520059208 0.0037834422859806
-0.00046912165201346 0.0270210827595654 0.530992073312117 -0.715683939499426
0.0335682382049898 0.0214795195869144 -0.307732971174709 -0.793261264404337
0.0251816963950068 -0.0117852613980084 -0.599651902898242 -0.0874767491816403
-0.00372990603270878 -0.0429849341461226 -0.271786669535668 0.28688789622934
-0.0116342006935828 -0.0240458515097957 0.0755254084636423 0.156031903766037
0.000646754037927277 0.0030252030238386 0.174770650676443 -0.12263539485245
-0.0121896701495207 -0.00406947365887053 -0.171653401923304 0.119218100822342
-0.00528401691734398 0.00197316372088652 0.000424183978876394 -0.148542428024663
0.00653561332629135 0.0180254124571329 0.37976974411915 -0.122530860623536
-0.0344077648206039 0.0266666857374006 0.443241875607239 0.386782093057712
-0.049752861098613 -0.00319782872024044 -0.202479795092693 0.819360194123597
-0.0266210010985396 -0.0629058060286514 -0.86690225123098 0.363140335279419
-0.0196856944810586 -0.0377406536269256 -0.61275387326792 -0.201936729464914
-0.0310331587700246 -0.0203374942858044 -0.00468365467580258 0.0856586317873383
-0.0597727958065162 0.0271938129108153 0.680655632682356 -0.00214684195368365
-0.00301151553772621 0.0448495672056262 0.51496818819252 -0.724194932681338
0.0341107753223184 0.0295198293852755 -0.326345270752016 -0.780732522554671
0.0215524396607828 -0.0104970829898457 -0.601259359322971 -0.0724760742235707
-0.00475862663601886 -0.038449299731864 -0.264729331754668 0.291367688043319
-0.0118187388817843 -0.013901458494469 0.0806383315356843 0.152963956335054
-0.00560151566849217 0.0117966826542752 0.178241808880241 -0.122728278917589
-0.0207060622355069 0.00567493689997477 -0.167645335851008 0.120355435827752
-0.0078611273381962 0.0135186822694045 -0.00164422604569778 -0.15184490968419
0.00226904629069529 0.0211016059500791 0.374783530884928 -0.131606112628607
-0.0392437736435426 0.0292065131113178 0.450991355667107 0.373736182514811
-0.0534491205179078 0.00796201569542752 -0.180003657370782 0.821291578871295
-0.0414790624125758 -0.0476450985058641 -0.855795526386808 0.384604071561142
-0.0480688788736015 -0.0400466423395346 -0.619954758469212 -0.186062810966519
-0.0620054293261038 -0.0269199551505206 -0.0114148580333392 0.0885624164296904
-0.0825743439461283 0.0329443396821647 0.681197342248782 0.0139337520416836
-0.00738582168258856 0.0613223532897976 0.531353690037946 -0.706826189750131
0.0354667294800862 0.0381003206294698 -0.307685965861704 -0.78889145124327
0.019842757105838 -0.00820800581105277 -0.60167221360763 -0.0833292231400086
-0.00515801047470518 -0.0328811243243059 -0.272307977113914 0.287253316362992
-0.0138555941974963 -0.00214586554210841 0.0792719847277617 0.151537894946887
-0.0136859580199101 0.0196362903132292 0.181528193313684 -0.122428377040064
-0.0163111133309135 -0.0327376967477181 -0.179951064592648 0.10736255195029
-0.00798831599874561 -0.0158625409138941 -0.0746191098878429 -0.159894681474236
0.0163432263600533 0.0079585594632549 0.28877129505262 -0.278953376452605
-0.00149615723946935 0.0310208214349469 0.549627039198219 0.105328176139372
-0.0338781902208363 0.00255275710812838 0.237217993623513 0.758741223317576
-0.0405885307327475 -0.0741682884850407 -0.531880528935724 0.704425260748058
0.0137629234099443 -0.0540054494245255 -0.679118129061723 0.0203985217414504
0.0360318038036601 -0.0276694187102645 -0.15310687147629 0.0354680207062171
-0.0119048670753168 -0.00626301581490455 0.598707751172076 0.224443690827157
0.00300283709625618 0.00730719118433798 0.827050524258729 -0.400325835398621
0.0318433052812847 0.0228143984435263 0.104266201413758 -0.885806296540222
0.0490395425595073 0.00610596137854601 -0.534892074135447 -0.373456730706243
0.0166359719063867 -0.0392415501903086 -0.387713698001249 0.167286855315791
-0.0047362543737634 -0.0284938037797834 -0.00150820179420995 0.157513807319327
-0.0121092251910071 -0.0172476386379857 0.174310641610566 -0.121733121291554
-0.00726806955862548 -0.0363481297666206 -0.181678943271159 0.113320228818269
-0.00639301263803538 -0.0235119306547417 -0.0621073654602461 -0.156185917037401
0.0181817696065307 0.00499650241015407 0.307707465225265 -0.253762542620038
-0.00511818710812446 0.0288316545715481 0.543275100485885 0.159551278230308
-0.0361051467140713 -0.00496632661499124 0.166112471999083 0.785901499680353
-0.0321589689898705 -0.0871304819123506 -0.604334328081148 0.663188876971364
0.0302192508770825 -0.0545935619928673 -0.676482494816487 -0.0227965144437074
0.0493072039120728 -0.0220280809408082 -0.127475665308406 0.0409568588923872
-0.00179511364207155 -0.00550189220540652 0.620375628747849 0.183557074946236
0.00784925405987395 8.52438204738959E-05 0.7840966831847 -0.477173573965915
0.0327098892777883 0.0168625242663598 0.0234843047170691 -0.887318652962897
0.048055134313625 0.00202624477898333 -0.557251310627299 -0.322962356279754
0.0157061167039155 -0.044148302797978 -0.367149810276089 0.192333780163359
-0.00591010026602713 -0.0335602042343003 0.0131128524205034 0.160006589011081
-0.00213193136334542 -0.0193349586546366 0.172396512643044 -0.127124536518658
-0.00469416393590758 -0.0352240906767027 -0.184474197480164 0.113899420754455
-0.00327231880664204 -0.0257314116854865 -0.0502493341197299 -0.15118148064795
0.0187862259557194 0.00630579333480929 0.332733321242459 -0.218360395126569
-0.0105793754152593 0.0285550955013181 0.529914851334732 0.22061071377023
-0.0395494203308542 -0.0117775668901728 0.0815074457949916 0.809709153573962
-0.0220090394994455 -0.0935940349363767 -0.680242383295136 0.597247256276399
0.0407876286736187 -0.0500231850724098 -0.665669259723145 -0.0772179786704326
0.053808325069649 -0.0167805039885003 -0.0958909900864087 0.0482369934774476
0.00102297032954241 -0.00377566482393525 0.642213138503623 0.134747516405448
0.00860681865035257 -0.00131293072258671 0.720133818302749 -0.555844187372307
0.0325726352906002 0.0136444541527738 -0.0738685941999679 -0.874847260251067
0.0447558359354685 -0.00380071924299784 -0.579629352768668 -0.257208442514302
0.0112921580694182 -0.0465811952324688 -0.343343747876743 0.223581918450546
-0.00595215645595482 -0.0375726497321631 0.0297082470285107 0.161346277989411
0.00245149675833991 -0.0183869519790207 0.171893316382027 -0.124672777169404
-0.000562656924018369 -0.0312936837222312 -0.182859497732699 0.115881332079838
-0.00254556082558959 -0.0243737236671091 -0.0335244133790141 -0.147646620244865
0.0182764456160962 0.00777406822372587 0.353424825926118 -0.18426761185091
-0.0154217629361802 0.0283152577103275 0.508650626811215 0.284227397700422
-0.0417954553785381 -0.0166451019861604 -0.0188787360822375 0.824107159332064
-0.014402668106813 -0.0942518362918787 -0.754177604249531 0.522073770572377
0.0417162138084443 -0.0422193498843151 -0.650862174836685 -0.127423102696812
0.0472609700192257 -0.0132920012507445 -0.0637502255222638 0.0573395991247421
-0.00514120217191234 0.000190162610755839 0.660699333064719 0.0826887500338596
0.00603854961212807 0.00225929453868604 0.649846842017633 -0.629112931084267
0.0325206356650169 0.0130867369475076 -0.173732896427099 -0.853527079648669
0.0380377839313372 -0.00810155270386171 -0.592828513946153 -0.191373626751894
0.00553482747971365 -0.0481714015211773 -0.316058306125749 0.251105199133065
-0.007183687485623 -0.0368504276368547 0.0474681223877313 0.160828226334239
0.00540696976902703 -0.014404891002011 0.171109333202071 -0.125391862661363
-0.00201693621332976 -0.0231249163206072 -0.180701294940837 0.11697555146072
-0.00103701149361985 -0.0198223081795314 -0.0173678392056727 -0.146985384078711
0.0150087510060469 0.0109108808681083 0.370562183113844 -0.150658291588047
-0.022006076984406 0.026258345462892 0.47715472628155 0.339406572707387
-0.0438513134572729 -0.0166936896034141 -0.111961024650005 0.827323025442792
-0.0102375527479508 -0.0883501880849517 -0.816943090518559 0.441135855377941
0.0312360726831172 -0.0369402818454651 -0.631074989064532 -0.172352524024887
0.0299065232717432 -0.0118354707640276 -0.0313323259068511 0.0688937986631263
-0.0176127519506615 0.00756942180675601 0.673245676138249 0.0334460079719006
0.0039316074429826 0.0128878304570309 0.576652964369223 -0.684718962009274
0.032190917123016 0.0156965787936443 -0.25901715387726 -0.817840541126496
0.0317218835326651 -0.0110813067025023 -0.600752846991158 -0.126765966150907
-5.90628597259878E-05 -0.0461377676550587 -0.287558295678138 0.27590328562059
-0.00972787104836041 -0.0313580657324878 0.0650584103489161 0.159159070558218
0.00358500812126119 -0.00597710676045229 0.173289524667856 -0.123156210426293
-0.00587536698236293 -0.0144221061973581 -0.175911218768138 0.118813897544104
-0.00166663297709853 -0.00916188890769252 -0.00449660400563486 -0.147063372888348
0.0112450263503415 0.0142366416043352 0.377484577116334 -0.130668591881226
-0.028053114211289 0.0260586049586878 0.45616188596678 0.374643655994323
-0.0465824298110625 -0.0121887508093691 -0.176226051664197 0.824735049118071
-0.015419935690327 -0.0770763865041156 -0.85642198857482 0.385638819080332
0.00902935846835053 -0.0349067938557058 -0.618631190571712 -0.194607576989893
0.00134133604947496 -0.0147776577607853 -0.0108411218060534 0.0783239703500165
-0.0368132505502576 0.0170598845862317 0.680552072635797 0.00306871411686758
0.000680021599932683 0.027395191571223 0.528159195132406 -0.7192849484131
0.0332227986476225 0.0208466664780992 -0.312495564385541 -0.792608629748559
0.025361937317319 -0.012131378820886 -0.602474597354483 -0.083095457423119
-0.00469194932159 -0.0429039183275781 -0.270722363653093 0.289294927124959
-0.0113523475391405 -0.0237234911443964 0.0752040751129987 0.156265159711116
0.000517527762001652 0.00243021935625638 0.174550082453764 -0.12333150963117
-0.0125092884797699 -0.00399867030765871 -0.171951592260921 0.119079218382693
-0.00460271691759463 0.0025166782354367 0.000592740761919625 -0.149316720997695
0.00649193123543008 0.017995532389821 0.378939057462598 -0.123953406653175
-0.0344327665300652 0.027775159270509 0.446815167536733 0.386195462314724
-0.0495591412255281 -0.00327035168423157 -0.198931412808385 0.822415328994157
-0.0272697898810863 -0.0627425259988087 -0.867471502239708 0.367337953330154
-0.0188333818014285 -0.0364356587882393 -0.61461920735418 -0.200139491714044
-0.030856988831843 -0.0198903833874836 -0.00392295942332035 0.0865649042421532
-0.0592329888193487 0.0273598985213273 0.683134438807264 -0.00564409520586868
-0.00306674714943869 0.0451738879712298 0.511605149532985 -0.726693816412636
0.0342526489682861 0.0285420698165915 -0.330722422344278 -0.780213515052627
0.0210055708676737 -0.0113587683396378 -0.60270881301137 -0.0680786448044471
-0.00615623445158938 -0.0380616388092652 -0.263543769621675 0.293731737702596
-0.0123665587934113 -0.0129678614080903 0.0812971641014368 0.153901096250701
-0.00557906586334382 0.0113261791438006 0.178335953121718 -0.122458001893785
-0.0204173281212634 0.00547408062651141 -0.167641987601447 0.12050705305044
-0.00792625866817242 0.0143027720855326 -0.00203400094678602 -0.152477123287949
0.00322824476412334 0.021149181691797 0.376674240769365 -0.133425143421053
-0.0381898628136865 0.0300658075498263 0.454287108262864 0.372192545566268
-0.0524581806945019 0.00795119456556606 -0.177673368050573 0.826477714335833
-0.0413240539506995 -0.0478753638019964 -0.856225976174126 0.388592023394139
-0.0490792331401618 -0.0395555120444068 -0.621747224429942 -0.185367334193724
-0.0623285666318418 -0.0270625338180933 -0.011953109642956 0.0900120174305285
-0.0820000788680734 0.0343355151628678 0.681436613384063 0.0117336754128379
-0.00714986819773124 0.0611314324406221 0.527897999617085 -0.711281494267908
0.0357860561897845 0.0377314290680048 -0.311109662768831 -0.786405478674919
0.0192491204972565 -0.00831016350788354 -0.602738684223498 -0.0804771304554444
-0.00652729704398612 -0.0332959733016454 -0.271951352926625 0.2899362437054
-0.0136214784831193 -0.00220560122912176 0.0783182537920535 0.152243491546836
-0.0132882093885441 0.0194565125603019 0.182057291322058 -0.122077901377373
-0.0164492929031548 -0.0335099135103575 -0.180204349226938 0.108315511143906
-0.00744351981009042 -0.0149546928168316 -0.075895496389608 -0.161162214420588
0.0171787978419993 0.00791447582636866 0.287266391271484 -0.281935818029327
-0.00119980520798581 0.0317109422890548 0.552661981857193 0.102992997907204
-0.0348067813293463 0.00307455384411543 0.243500720305858 0.759911050841326
-0.0402404889316167 -0.0729610887701697 -0.530909095329543 0.707426576306049
0.0145758492570661 -0.0533092670246178 -0.682198836594834 0.0226548268760216
0.0359636184233985 -0.0275778238614998 -0.153118180777752 0.0370266250059072
-0.0116636500062638 -0.00607306017019252 0.601788023239025 0.222972870775679
0.00328927744475446 0.00716253922960829 0.826850630473045 -0.405935406043926
0.0325763056559006 0.0221281650078887 0.100073819174028 -0.890173640979718
0.0493192610607334 0.0057903215912752 -0.538949797618049 -0.371850739435187
0.0163140327800107 -0.0395604032177828 -0.390003638431928 0.170193491993684
-0.00566844958744696 -0.0287704971593675 -0.00156160012207604 0.159472336817432
-0.012342981194018 -0.017245220966724 0.173581851524621 -0.12182313869582
-0.0074642351308006 -0.0364778948544395 -0.181980358733399 0.113841726959031
-0.00653525860247783 -0.0228915698322004 -0.0635045375602596 -0.157524952233929
0.0182428529424065 0.00507992735805882 0.307109014317891 -0.255537085655887
-0.00428097753781538 0.0298943253878262 0.544733792248377 0.155798355384305
-0.0363019100582334 -0.00551433235829113 0.169831288908171 0.790636752349317
-0.0322039782892927 -0.0869906008277618 -0.604061242843181 0.665045056648548
0.0308223356208701 -0.0543658230300102 -0.679724409728224 -0.02173123450947
0.0494069464204707 -0.0215643612723757 -0.128152936753693 0.0417569031223614
-0.00193392983964983 -0.00532262562477582 0.624246014041235 0.182306614030916
0.00767421069833178 0.000153228785216911 0.784027377891573 -0.480387383799111
0.0332662614956048 0.0171534176152685 0.0199973430961753 -0.889820667911004
0.0481915603572494 0.00121403788349202 -0.560744932401433 -0.32055386081922
0.0150903903166407 -0.0439655147106394 -0.366519018061284 0.195529608980043
-0.0062616201185876 -0.0335339908139377 0.0139576780961269 0.160671919589123
-0.00246904224938253 -0.0193863212979383 0.171787137011593 -0.127445594814945
-0.00497802991608877 -0.0346852909112696 -0.184638243336899 0.113113525426387
-0.00332739918756896 -0.0248311949529213 -0.0518253390415457 -0.150752999834455
0.0194076970258595 0.00630855188952853 0.332350323770575 -0.21971816057043
-0.00997576712741082 0.0291678261648196 0.53358199308789 0.220303004683644
-0.0395074843668684 -0.0117237181606346 0.083256483699995 0.812531517407223
-0.0226884239617907 -0.0937711906159203 -0.680286512737121 0.603064269200982
0.0406919729979343 -0.0490152140458112 -0.667129715270808 -0.0756313792072955
0.0546518100116923 -0.016297442075101 -0.096221236714596 0.0481749870848489
0.00133449631417899 -0.00360549824385021 0.643480571727762 0.133705794233542
0.00779846728555002 -0.000601459954669294 0.719591014814623 -0.558989175838538
0.0327349110593633 0.0136140746713319 -0.0810098658477843 -0.877024514495158
0.0447462437705762 -0.00435862157678457 -0.582996655617031 -0.254607110927583
0.010428446222718 -0.047124323336673 -0.343531301214257 0.226813660601739
-0.00636438698378109 -0.0374468702956356 0.0294926890159784 0.162680070908449
0.00217327540637921 -0.0182279382409445 0.172434430395407 -0.125281647735937
-0.00081870646569532 -0.0314033821368115 -0.183220481271511 0.116531955608439
-0.00123673476342466 -0.0245473378138314 -0.0342270612989584 -0.148413218827154
0.0185728328674162 0.00812982940985483 0.353561329331504 -0.185666501616309
-0.015213587670189 0.0281074113114881 0.510386936751039 0.282543530868437
-0.0414805340838356 -0.0167994533322971 -0.0152482136415283 0.827704529342454
-0.013595610523091 -0.0942809051127261 -0.755115619988337 0.526074470569798
0.0410149556287702 -0.0420236465162803 -0.653549845907514 -0.125950867186744
0.0476002312490284 -0.013097269516101 -0.0635700773099337 0.0579075541784506
-0.00487767879492887 0.000539476964444521 0.663190846682028 0.0802925906872878
0.00611727296880095 0.00257896126892467 0.649237611737551 -0.632619141216199
0.0328819861261671 0.0128076835653231 -0.177466476605547 -0.85418650708526
0.0389871290746631 -0.00845517805933002 -0.598163757936011 -0.189884471605059
0.00483317337349261 -0.0485962495743639 -0.315167904658827 0.254800196462384
-0.00703984018836241 -0.036256696584581 0.0479916899213127 0.161540337541754
0.00505383313766837 -0.0137592213507468 0.171096421641511 -0.125734978098159
-0.00208689423639153 -0.0227744189858322 -0.180938421196741 0.117025733105895
-0.000432368523459327 -0.0188466603218478 -0.017654502951769 -0.14809484580215
0.0157228991245154 0.0113563072021759 0.371452210676213 -0.153523430819298
-0.0221831013003612 0.0269253531977725 0.482596770515472 0.337544859166947
-0.0436716481589014 -0.0166762129847648 -0.109410739008402 0.830118401568681
-0.00976823934187157 -0.0886374927740166 -0.818916919445765 0.445826293252518
0.0317920497138129 -0.0360347979540086 -0.634107044093706 -0.17082460925459
0.0303796250202733 -0.0118355131141015 -0.0319693223099319 0.0690122729856906
-0.0172600488577957 0.00765760311854843 0.675504275114944 0.0316108329952442
0.0031260335143467 0.0128791931637652 0.576123913560538 -0.690307822964386
0.0329243395633175 0.0148298310333359 -0.265611910032896 -0.818646385490633
0.0315135373903764 -0.0116849061664593 -0.604457089031593 -0.122407720486921
-0.000672315116816121 -0.0465541512266176 -0.287712684629497 0.278303035351801
-0.0100946797848139 -0.0315899004344637 0.0648287178110462 0.160278721552039
0.00357844410579034 -0.00605778293824969 0.173809219454177 -0.123076595576301
-0.006126503092311 -0.0140809853546971 -0.176016799686742 0.118847328965938
-0.00161588717918131 -0.00920767375740303 -0.0060557662916372 -0.147405577467441
0.0122477499042869 0.0140420723384071 0.379779146130937 -0.132137829268992
-0.029153538148149 0.0266183013938039 0.459922960464958 0.373517336948185
-0.0464831209988558 -0.0128131398045217 -0.173014855999723 0.830965137060214
-0.0146817289784497 -0.0769663719251321 -0.858374440071138 0.391145635833058
0.00927777686867033 -0.0342183062529658 -0.622141057858728 -0.19313063363255
0.00185890549164315 -0.01432688294396 -0.010965058834626 0.0798001665211242
-0.0373939709357679 0.0169430744159973 0.683241038200226 0.00161338903760423
4.72814045839459E-05 0.0277542398250007 0.525902854238039 -0.723820751493628
0.0345522511395651 0.0206492089271497 -0.318644109214327 -0.792486374862799
0.0252365483530592 -0.0127777767209392 -0.606113261898966 -0.0798005029277072
-0.00556089028277747 -0.0436287458562696 -0.27027641741689 0.292311783758891
-0.0112322341878997 -0.0237908912919129 0.0765067801492348 0.156122907937886
0.000161821871141242 0.00203307255117151 0.174861256169376 -0.122532198099692
-0.0121254387048392 -0.00417867454662968 -0.171700110671678 0.119135265421445
-0.00361577193695522 0.00319174512431714 -0.000472628974464899 -0.149756749945905
0.00632951723617499 0.0173855130529037 0.382024173885291 -0.125699189523475
-0.0350950874955851 0.0292174653615367 0.451504705418418 0.385349054961722
-0.0498067165587559 -0.00369053719560527 -0.194798186769226 0.826540071134911
-0.0265809852324717 -0.0630206546397167 -0.869817475915899 0.370470826006865
-0.0189222087598337 -0.0355627452299672 -0.618353023541488 -0.19928703121635
-0.0302728386536057 -0.0191412347708937 -0.00376366802201758 0.0868664923251955
-0.0586868624073411 0.0281284060456837 0.68475848163665 -0.00717269342326572
-0.00288804480212604 0.0445657620393094 0.510347872587699 -0.731310067912859
0.0351228645802001 0.028322748693555 -0.337174472404426 -0.77990530939674
0.0209101620904141 -0.0111847000758539 -0.605570052369198 -0.0645747395450767
-0.00671661764314654 -0.0385740491265795 -0.264908423813324 0.296933368098632
-0.0123672926578951 -0.0132902312507214 0.0816345290597375 0.154063646752371
-0.00589735227627183 0.0115420363149406 0.178891199359639 -0.122297152876886
-0.0199330231938325 0.00602262365800795 -0.167614633350278 0.121089043181243
-0.00714746589370288 0.0146068527768986 -0.00332982046986731 -0.152637363157356
0.00262820504819413 0.0204498042051454 0.378311446165039 -0.13486281168352
-0.0382657143564064 0.030283620350831 0.458299115218946 0.372184853151095
-0.0525155989284147 0.00786012731962991 -0.17395332140169 0.829965300842677
-0.0407373032278599 -0.047936150841303 -0.857383603375054 0.392272947010451
-0.0482705898380068 -0.0385904296880039 -0.623476122036705 -0.183344730881985
-0.0617993742632445 -0.0263360340643731 -0.0109744537631092 0.0903548401316548
-0.0822823960205402 0.0351148684447689 0.685115664749486 0.00907820791444348
-0.00732653003019081 0.0621824967982709 0.528087699869651 -0.714551655567477
0.0359708001431027 0.0371565213219182 -0.316823381669611 -0.788624507518922
0.0191655586939244 -0.00862804389828254 -0.607294007362168 -0.0779515840138338
-0.00656015138286746 -0.033863250182724 -0.271998715979388 0.292657610921886
-0.0131005211791147 -0.00247378787346707 0.0793481456467272 0.153373854233021
-0.0136867492667174 0.0199301206590445 0.182142567356342 -0.122042811300443
-0.0164935605494644 -0.033244355498176 -0.180224652299051 0.108246720909732
-0.00781807261066946 -0.014038597217639 -0.0781485121191308 -0.16166811440098
0.0167715400676471 0.00857139367354049 0.286251761495597 -0.284356098200741
-0.00111763870645935 0.0324279394712561 0.556796490048343 0.0991864768135221
-0.0337528104386269 0.00268820447491073 0.249032070684253 0.763420579760006
-0.040857918719523 -0.0735473772331244 -0.532055482370605 0.714154936305508
0.0141272711622093 -0.0531736027377161 -0.685515624832331 0.0261673518325908
0.0364752486178341 -0.0274501795398827 -0.153589424598414 0.0386043884139442
-0.011673354740065 -0.00545492486213844 0.604797605271052 0.22027637263491
0.00310504815279923 0.00697356943920357 0.826241249632723 -0.41132067664055
0.031293178018827 0.0216287924497673 0.0947317596766498 -0.892941892809565
0.0497605407642693 0.00603528287265717 -0.543856412381495 -0.370006653396899
0.0162480798007001 -0.0396683549739747 -0.390749793600195 0.174292389048418
-0.00546706396968851 -0.0287482272217115 -0.00257942699737658 0.160416113908779
-0.013666282698153 -0.0175750419142323 0.173533076945975 -0.122029341718899
-0.00781592369687276 -0.0364585831024083 -0.181627337503987 0.113797712704153
-0.00704918412503912 -0.0222851131931047 -0.065232487606332 -0.157495642462435
0.0175238222499293 0.00521606715164835 0.307397066595323 -0.258838196643389
-0.00455982747820296 0.0302017532527953 0.549773451279736 0.153959119879988
-0.0362102307558614 -0.00569053808009862 0.174332679284285 0.793464009795969
-0.0323323381755152 -0.0875187479636284 -0.603492355363759 0.671075850681757
0.030768988418857 -0.0537792417853987 -0.682901628315982 -0.0180313553578701
0.0500307475376765 -0.0213391805157708 -0.12823805293046 0.042585825825747
-0.00190304316253619 -0.00503891136236368 0.627835403290643 0.18087957989786
0.00746719745632863 0.000152537868924038 0.783961648760877 -0.484578430455695
0.0328784969579875 0.0170028520403591 0.0152644651044315 -0.893186421444822
0.0486869970936224 0.0012321425952094 -0.565514165110352 -0.320155330864345
0.0143543595589996 -0.0443429546598383 -0.368121070499937 0.200050944638623
-0.00635896176018507 -0.0337903299333489 0.0137561465385062 0.162373119068806
-0.00281455174301112 -0.0197878604390081 0.171464531630543 -0.127978639017877
-0.00434993934401555 -0.0348400497927601 -0.185102186827235 0.114048516615707
-0.00280142374813975 -0.0245600642931032 -0.0536612113923795 -0.151335444879223
0.0189387459601958 0.00709833569042114 0.333096474268447 -0.222729046484282
-0.00998914781073067 0.0300675893759616 0.538232057382504 0.215733752873127
-0.039727915623023 -0.0114921146175212 0.0882330770075807 0.817065730672904
-0.0229780837028947 -0.0940357719364755 -0.678437567962842 0.606911509390625
0.0412463612366416 -0.049120608308635 -0.672369473539028 -0.0735046497607858
0.0546131465754729 -0.0159533498098475 -0.0968595803228407 0.0498936911028873
0.00129906652613598 -0.00243459931190684 0.647264140067852 0.130956012096872
0.00824404210998672 -0.00114410661382525 0.71854442593619 -0.563763636696483
0.0332115509397893 0.0132003032352862 -0.0885770636398146 -0.880433320377713
0.0451486044425518 -0.00444032424021132 -0.587393623899629 -0.252335418645593
0.00985118361252632 -0.0473411097511812 -0.344166344213965 0.230294721319001
-0.00666276281187875 -0.0374156105775037 0.0297203865604592 0.164493529502365
0.00160715891298241 -0.0183962811328404 0.172293030038673 -0.125543499894883
-0.00114720649542155 -0.0306837966541864 -0.183023474994652 0.116697282623343
-0.000864448965108794 -0.0228631513980123 -0.0354182193858683 -0.149261901982231
0.0182609835450193 0.00816349867070701 0.354720128970919 -0.188517641358903
-0.0153004505949608 0.0291874922589381 0.515206718955721 0.280074769873382
-0.0413009280668785 -0.0169068759927352 -0.00982935511899274 0.833001934772271
-0.0146568851327786 -0.094812849282754 -0.756745263554067 0.531560201304048
0.0411039550327914 -0.0426237153018622 -0.658457767443043 -0.122651491552269
0.0481249567744384 -0.0128112416503172 -0.0630693098752846 0.0587260100806267
-0.00442981113007908 0.000848926826406901 0.66517298124331 0.0772279035768253
0.00536528086771846 0.00282625544538678 0.647466649979369 -0.637703624223275
0.0332463492490028 0.0125039319436595 -0.184775569541926 -0.856607430072693
0.0391094529124075 -0.00827217820248505 -0.601762078860413 -0.186918941743355
0.00432716671830329 -0.048415995660967 -0.3159976727734 0.257591480934282
-0.00803443952288678 -0.0362770093875895 0.0479026248722367 0.163063886707203
0.00450036539811841 -0.0141865983600066 0.171152475990956 -0.125511786829864
-0.00190650861091546 -0.0234534560556723 -0.180811198607521 0.117730980934483
-9.91165935919653E-05 -0.0188377306327507 -0.0189128760614609 -0.1485101344257
0.0156247970841647 0.0111306311993603 0.372461666046973 -0.155668418911267
-0.0217077320163392 0.0280042085056467 0.486514803655464 0.337915671648127
-0.0428902972638948 -0.017143496740728 -0.105427890174913 0.834745166029807
-0.00992833101120664 -0.0880898663407963 -0.819406938864328 0.45090464165834
0.0312314178498439 -0.035763923050618 -0.638035180523546 -0.168564133834077
0.030606585809586 -0.0114039278199239 -0.0308141174913855 0.0701064039352595
-0.0165966841846267 0.00848632278071333 0.678540928099425 0.0311481633720252
0.00363754979619322 0.0132822334422387 0.573914887773842 -0.696598833908982
0.0334846240248963 0.0152665523142475 -0.273818388572905 -0.820253258797539
0.0316129943364604 -0.0117061650020214 -0.609348971755695 -0.119052191133559
-0.00188401285799519 -0.0471252873551349 -0.287926187959744 0.282839311405259
-0.0099736221257731 -0.0319854799444331 0.0652853012040141 0.160761611673224
0.00303307861144029 -0.00646714636259725 0.173498358989987 -0.123262697758321
-0.00566200301022283 -0.014608044483807 -0.177013451887521 0.119783272024591
-0.000926100292938343 -0.00880677694479699 -0.00686941034022183 -0.148420664821367
0.0117997009669157 0.0144563214947701 0.382520236914982 -0.134561622807483
-0.0288463458141672 0.0280421701364733 0.465267282279878 0.37153977932941
-0.0461965569045251 -0.0127539966954373 -0.169035354449153 0.83485339517908
-0.014793636874829 -0.0777199780617097 -0.861370014331348 0.394383691335854
0.00990825883577906 -0.0334848703757986 -0.625160593897655 -0.191902041036691
0.00285864256734363 -0.0142660276825797 -0.0103326302229055 0.0806616565949233
-0.0367097970313464 0.0183310682464783 0.686354762962985 -0.0027895070442918
-0.000387739115732116 0.0284789772638468 0.525274491869361 -0.727100411973424
0.0339537676026329 0.0200159466519202 -0.324174530490557 -0.792612514805985
0.0258384382443695 -0.0120145219979296 -0.608977806188185 -0.0761827961259832
-0.00555853298023772 -0.0436746521743368 -0.269609427567985 0.29639780214505
-0.0114221024849498 -0.0238175803133552 0.0772152230065722 0.157520373330083
0.0005781971446362 0.00194646230123288 0.175398191895917 -0.123369655839688
-0.0121130131774328 -0.00392513872055224 -0.172320155947069 0.120387144480906
-0.00292278856268082 0.00311276401520235 -0.00198789991137599 -0.150812256559514
0.00679385489762773 0.018178025174512 0.384258514212238 -0.12813630093374
-0.034504675429798 0.0291091888252678 0.455465918512332 0.383781094803521
-0.0500832636523963 -0.00390635452340966 -0.192161050202126 0.832045597686513
-0.0265793954288108 -0.0630208541117903 -0.869696063668342 0.377130361504058
-0.0191438980755192 -0.0355842463759214 -0.621802612185725 -0.196032199227606
-0.0300705554653328 -0.0184246912574705 -0.002947552200203 0.0879789087279455
-0.0587582811267937 0.0291109788176163 0.689105681449612 -0.00944992290902263
-0.00253543480626876 0.0455960994536456 0.507698215848354 -0.7345659252287
0.0356642561139097 0.0276941349815075 -0.34324988624748 -0.782443094091051
0.0214944466715898 -0.0107162530904372 -0.609704836279383 -0.0603443981310745
-0.00788776160707693 -0.0385608449690244 -0.263594594421983 0.30048112541199
-0.012218395019346 -0.0135241016020082 0.0821548748044681 0.154799716569275
-0.00588046843099942 0.0116692700932244 0.178850673521138 -0.122570570893415
-0.0196668049920558 0.00585370855902708 -0.167478891901869 0.12102664836575
-0.00649439365362409 0.0150907595636858 -0.00384431960196086 -0.15391715498493
0.00255204588346482 0.0211335788509653 0.379517902862352 -0.136787289355831
-0.0386185766838308 0.0316522659252393 0.463260353033839 0.372685822094635
-0.0525051391429959 0.00736476552495826 -0.171635213176987 0.836027405805398
-0.0410177706014426 -0.0476480081475448 -0.859603668526752 0.396133333790927
-0.0481147165781724 -0.037417349683476 -0.628836202571715 -0.18259396431002
-0.0614810609295869 -0.0253031303093109 -0.0104496562493326 0.0918165363490688
-0.0816140665040961 0.0359466754336241 0.686763860248604 0.0068469705533011
-0.00683257605747466 0.0622462701981465 0.525645477905658 -0.719034509220645
0.0366080869188061 0.0370168646830326 -0.325004554530552 -0.789035012770273
0.0194556634653749 -0.00838912323615502 -0.609728524317603 -0.0741452640512665
-0.00722559119215686 -0.0334145965575401 -0.271126345351759 0.29611176205966
-0.0138875416997397 -0.00191763993949402 0.0805965739894755 0.153944633397561
-0.0134918199402574 0.0195766485814586 0.182233700382367 -0.122059550606405
-0.0170037300459449 -0.0329578666705695 -0.181034456536475 0.109349698580271
-0.00701240212392769 -0.0132880115076687 -0.081042765158759 -0.162750960570651
0.0167630136678788 0.00855535992177292 0.286437447537096 -0.289595130796019
-0.00112014730763112 0.0327156060720185 0.559144989934608 0.0951952360762413
-0.0344925697331545 0.00206972668590137 0.253492965481091 0.764325827506649
-0.0412985226128938 -0.0735635587451377 -0.528875943521856 0.71931687314566
0.0146788635820408 -0.0529180875267392 -0.689445872940493 0.0306668233510396
0.0370145087725969 -0.0273667390848725 -0.154014308371066 0.0399172450142259
-0.0112237954052487 -0.00493897292385905 0.610184875152721 0.21885730942165
0.00332289223505307 0.00759731696950203 0.828354745582219 -0.416496594525106
0.0318379953852377 0.0219355782151342 0.087496636620974 -0.897120601517216
0.0495160217477111 0.00491709244829907 -0.54942456761599 -0.366887076491247
0.0149554031536287 -0.040045371080396 -0.391041827669084 0.177498880053245
-0.00571462858143925 -0.0293137302532198 -0.00163290020861885 0.162765253325782
-0.0137707648825539 -0.0172211484039364 0.173340267052288 -0.123057925381183
-0.00807677552168388 -0.0370672248445722 -0.182676196367856 0.115325413340069
-0.00674009562914106 -0.0213835858808614 -0.0679744612865529 -0.158506355606556
0.0173540650602556 0.00615471006755825 0.308350125772111 -0.261922259050022
-0.00395461486444916 0.0309309597062037 0.55320061929325 0.150411459911656
-0.0356561498397031 -0.00618399737685562 0.18114019269593 0.794999897702117
-0.0333365819193773 -0.0868902741854393 -0.603613236666673 0.677517488299446
0.0310662431339233 -0.0534690053665465 -0.685972935289889 -0.0156678710585509
0.050083526284124 -0.0210146763361816 -0.128351089349275 0.0438435797998464
-0.00110691543907621 -0.00423889115311586 0.631435783479381 0.177049233261954
0.00759024008042273 0.000360349998300112 0.783311557676007 -0.49259455494389
0.0332744492298319 0.0165156991846305 0.0076916292940004 -0.896670917212726
0.0492955239467354 0.00137629553503655 -0.569976583576216 -0.316212375368186
0.0139409797425712 -0.0451649216737709 -0.369778774943922 0.204309922556155
-0.00680270979662717 -0.0339137345691802 0.0134600135636958 0.163415392224732
-0.00326203262256507 -0.019924675855063 0.171126222524133 -0.128429854618384
-0.00440342874458297 -0.0344189697777321 -0.185270355104184 0.115178611251638
-0.00200638259387693 -0.023295091428371 -0.0545949612088761 -0.15174446975819
0.0197133298557968 0.00741086617600775 0.333569517116632 -0.225790661605069
-0.00932859237500506 0.0313051834367212 0.54272052869283 0.212703575079222
-0.0401206646048995 -0.0123706210971935 0.093924513674432 0.820809478710433
-0.0231767309356703 -0.0939124192432069 -0.678536792387424 0.614539030596366
0.0407129425974861 -0.0492079129732883 -0.676011439727285 -0.0686893926858046
0.0549493323451781 -0.0156189552932527 -0.0972305063234076 0.0510782665993551
0.00135945259774629 -0.00232140825786833 0.65252621581684 0.127573893890265
0.00782773625527341 -0.000728463504391069 0.718933850515988 -0.569935054236708
0.0333959472138984 0.0127455775469179 -0.0946877150380756 -0.883811347672379
0.045366642768285 -0.0041560261698407 -0.592729793267873 -0.248846149698369
0.00906432253607697 -0.047212710058633 -0.344531286130163 0.234806741624079
-0.00700865331376212 -0.037456355139741 0.0307935862117725 0.165500025887147
0.0013768709473439 -0.0184584246050603 0.172260786227574 -0.126391547070874
-0.00098647425025083 -0.0312950751297099 -0.182731013654164 0.118102411061378
-0.000396301289557539 -0.0233412921233171 -0.0367928458808524 -0.149701482184386
0.0184206239116646 0.00818448592170541 0.355675241563141 -0.192720151181751
-0.0149532976930159 0.0299593962945358 0.520463701247463 0.278138884621503
-0.0414856929818342 -0.0170080385353504 -0.00588182041457927 0.837956029384188
-0.0148734964683359 -0.0945293900692564 -0.756882354661875 0.538582266249766
0.0427763236944159 -0.0419446086922506 -0.661969162513383 -0.120281288340747
0.0483345126396821 -0.0127754062803387 -0.0631936427583095 0.0600457038817869
-0.00392312130872758 0.00153476801341696 0.670210678335348 0.07393128291834
0.00606229950784895 0.00310044470719734 0.64649535187711 -0.646377571102309
0.0333027871717745 0.0119614773249331 -0.193394304565141 -0.860511894518242
0.0396833775275274 -0.00798254024800227 -0.606276447602166 -0.182647934839336
0.00377297403196723 -0.0485590422267693 -0.31643757569965 0.262398247283625
-0.008391589025866 -0.0363916834546951 0.0486388789087866 0.163890430575101
0.00393132021983585 -0.0140235156515506 0.171982144143761 -0.126572331716451
-0.00208709320416644 -0.0236945185385794 -0.181677868610136 0.118773158468983
0.00066650333274109 -0.0183784457102678 -0.0204775294861375 -0.149042324425253
0.0155028525501651 0.0114353323752428 0.374684839173511 -0.159042180540232
-0.0218794632634385 0.0284734068720005 0.492482898124289 0.336131877878032
-0.0435156193291437 -0.0172784820980239 -0.0995851418470929 0.843029905527395
-0.0108487619747338 -0.0886240032734539 -0.82266922887876 0.458660372119351
0.0323396826601109 -0.0349501201096198 -0.642420296679713 -0.164970529426265
0.0311158849801232 -0.011556439348655 -0.0315413321931758 0.0717840017858708
-0.0167409444552002 0.00890380917945698 0.681142646750918 0.0252429377132747
0.00343425688632808 0.0126633601504738 0.571003030880012 -0.702698766884765
0.03316925192625 0.0141695343761273 -0.280792603958568 -0.82184972519178
0.0314288357676456 -0.0117660458670223 -0.612943079802317 -0.115635754921843
-0.00292000907712809 -0.0473469383718642 -0.287686627149448 0.286728512205243
-0.00999018879134404 -0.0312633255767971 0.0665609652963946 0.161667380875443
0.0028085136935758 -0.00657093350292613 0.174136519267437 -0.124009259617977
-0.00539386144216378 -0.0148491294226051 -0.176334135469621 0.120231195032119
-0.000301437812166315 -0.0080983789253285 -0.00748777751137126 -0.149298884861698
0.0118649271753458 0.0141255631123834 0.384424749157589 -0.13809842910404
-0.0283252085445382 0.0297932882750534 0.471457824530298 0.370486027064486
-0.0465850130326245 -0.0130161180199705 -0.163501632616425 0.841176505687347
-0.0158428494089604 -0.0768821205969611 -0.861369680390405 0.404352305856466
0.00932431989715809 -0.0329199525183323 -0.628281282733405 -0.190560077525297
0.00257067591226917 -0.0134426416415665 -0.010223861321415 0.0812390190932938
-0.0366927986335437 0.0184943812808136 0.689570535150374 -0.00635897785354888
0.000194521638202196 0.0281112883350966 0.519977273175402 -0.734121883008567
0.0344622022095443 0.0193104784127226 -0.333016498874226 -0.794152878051605
0.0259510416979137 -0.0120501386116565 -0.61307918466466 -0.0721688449408347
-0.00673840795422197 -0.0442192209320286 -0.269769266746587 0.299686734459258
-0.0115385020385585 -0.0235470151005663 0.0780387325462746 0.158502989435546
3.46216816554542E-05 0.00218380039017733 0.175847177627325 -0.124154249138199
-0.0128805369386877 -0.00366884175237705 -0.171239496414735 0.121032621921752
-0.0030607373991026 0.00381427681310001 -0.00333625164661015 -0.151240512181781
0.00731698523313115 0.0178183985572511 0.385997423810139 -0.131793585679172
-0.0348129271798871 0.0306129899974598 0.461450313969209 0.384049960044223
-0.0495956885468729 -0.00441677754717125 -0.187534579645272 0.837739112409241
-0.0271245568045939 -0.0636177148615359 -0.874291783875785 0.382643921159288
-0.0190002045610069 -0.0339766759221058 -0.624372050142747 -0.193779146778683
-0.0301747662960162 -0.018498411525953 -0.00237794318053494 0.0890291530564989
-0.0583567895489362 0.0298630768691116 0.691384059308066 -0.0145040138197848
-0.00265469134366791 0.04568981305528 0.505214959670203 -0.741013357915743
0.0354376068477286 0.0276610926648886 -0.352578064368502 -0.781271699057163
0.0221065760737701 -0.0101617138656317 -0.612985786101882 -0.0563598427349269
-0.00858975837776837 -0.0389626247142895 -0.261917170077914 0.305900403187325
-0.0118139562565358 -0.0125180719748546 0.0838669619327579 0.156026127282452
-0.00595604538014967 0.0109997893813493 0.179363301227434 -0.123069248607089
-0.0193813717940131 0.00608329771594128 -0.167816549140275 0.122680296217233
-0.00565753736926071 0.0157836978070612 -0.00462608962694353 -0.155018020178373
0.00328102269369214 0.0213901894109003 0.381333351369621 -0.140892188229042
-0.0387292345737672 0.0317814728779441 0.468513694677486 0.370016270309294
-0.0524853340096612 0.00685109538770099 -0.166441337222801 0.842437189904972
-0.0412207654743507 -0.0482841318196599 -0.861225965636585 0.404906214305939
-0.0484753481178042 -0.0368125929346373 -0.632336400209423 -0.179914609779118
-0.0622149673155841 -0.0252944322160975 -0.00962928749723018 0.0928294551005486
-0.0823899188579724 0.0364570815697185 0.691003255312887 0.00223321916259196
-0.00645362718298333 0.0626717772763356 0.522342930911682 -0.725854054083822
0.0371508647803972 0.0370526318229687 -0.333007822589378 -0.790271112617756
0.0198359222875875 -0.00821063153708216 -0.615259281497023 -0.0685090113901095
-0.00823360567810728 -0.0337255164207753 -0.270711350239503 0.301055838651407
-0.0132728646144614 -0.00197742122907641 0.0820256934210164 0.154761503743516
-0.0137910504989129 0.0198976548080604 0.182737885071114 -0.122772832476737
-0.0173520802059744 -0.0330705733340542 -0.180179978240696 0.110602331262002
-0.00735059207364704 -0.0131425098698444 -0.083921807665937 -0.162694717231468
0.0167514019898791 0.0085860246858628 0.285640258102011 -0.292008472950557
-0.000916354644016303 0.0326947684558501 0.563737561452579 0.0908251965147405
-0.033429521760078 0.00219605348722585 0.261838586877378 0.767215560498271
-0.0418948791888675 -0.0741057778256825 -0.528586571026484 0.726018879106708
0.0146450768654868 -0.0522040949494708 -0.693949533869605 0.0343769597373713
0.0370702210361843 -0.0272849211309104 -0.154402359018746 0.0406595163640294
-0.0113759173219505 -0.00451344274333108 0.61336059461598 0.216305548808944
0.00289253051073625 0.00756146410378932 0.827474396917127 -0.424311872263129
0.0319732628841769 0.0218124428104183 0.0813575224313361 -0.902926437291032
0.0501359845013787 0.00529855910259417 -0.556546967742988 -0.365359659748263
0.0143395471696469 -0.040260355334764 -0.393651162520863 0.181788134940288
-0.00642039659370298 -0.0291872364952381 -0.00153248923066536 0.163953351983962
-0.0137949632103068 -0.0176043495344509 0.173864925814383 -0.124359994804897
-0.00875430081748541 -0.0368677889011875 -0.182869990326684 0.11589722647348
-0.00637621418109202 -0.0212460228487741 -0.0702710218536844 -0.158922102468361
0.0173453469383119 0.00606730980173638 0.306627771514131 -0.265003940674286
-0.00326532252428277 0.0302652553510313 0.55840913795731 0.145723389777182
-0.0356233326824127 -0.00638580684301976 0.187526184403885 0.798386345385425
-0.0338435568146526 -0.0872428575248174 -0.600788363524484 0.686157902317333
0.0312232947762681 -0.0533975982267091 -0.690236924931839 -0.0115343284766202
0.0506795396535149 -0.0210775761432394 -0.128903858820326 0.0459294192637753
-0.00168771094040089 -0.00374933777503361 0.636197251523225 0.174146974209201
0.00777803405295058 0.000469099293894736 0.782825929631592 -0.498608631183827
0.0333632994185091 0.0162750617739863 0.00101579999381612 -0.902744953711193
0.0493316913630422 0.000334618589920916 -0.577257731738839 -0.311519888051134
0.0127893520773681 -0.0453500273997682 -0.371415329232349 0.207496635878357
-0.00696605728000379 -0.0337884789799928 0.0140353110402981 0.165324356155044
-0.00316563926967957 -0.0204545145092019 0.171283043479858 -0.129594876144819
-0.0054391918621739 -0.0346168114098578 -0.184957189790142 0.116066599764242
-0.00212390511227841 -0.0234582920525498 -0.057152991868712 -0.152603618810841
0.0189502485395145 0.00671833366676117 0.333876934859608 -0.228343607121879
-0.00917779110054173 0.0315068499124375 0.547707278960061 0.210296452977289
-0.0401269607648676 -0.0125199596440961 0.101070616854179 0.82517973236108
-0.0234990683963685 -0.0940215658303944 -0.679164628367366 0.621463550357806
0.0414327650166882 -0.048474820989198 -0.678442109134433 -0.0654610796579652
0.0557549378348179 -0.0161659886288613 -0.0968831929353845 0.0526645549763635
0.00226098670657847 -0.00131802710123771 0.656953169860552 0.124082556101142
0.00705454336817534 -0.000416445518370882 0.716893491040508 -0.578871391835001
0.0334499490193212 0.0129905466666009 -0.102623879849029 -0.886133321534871
0.0460043804728505 -0.00503253533293203 -0.598117266107732 -0.245689431475114
0.00866266775126978 -0.0477408036520107 -0.345093706777643 0.24000653443522
-0.00716256935059752 -0.0377601709085374 0.0311920574189428 0.166780929553534
0.000773203235785205 -0.0189561031931794 0.172070266636204 -0.127101238240494
-0.00182302017262052 -0.0313264229774148 -0.183469031433359 0.119042279651217
-0.000561453301190016 -0.0228543013876445 -0.0385945488864808 -0.150396820044139
0.0186720565831366 0.00801420709071138 0.355828445551179 -0.195846344716609
-0.0152600963802803 0.0304234570272142 0.526351748906171 0.275575654791701
-0.0413229121687967 -0.0171283324932989 0.000448628173420229 0.843236305948732
-0.0154965022259789 -0.0958243713491049 -0.758660583289116 0.548302067276769
0.0418337281735498 -0.0411552701103697 -0.665966080713177 -0.115934881636568
0.0494108786940612 -0.0125974140820655 -0.0633758632730553 0.0605657119736303
-0.00419036217200335 0.00210135861407582 0.674256397636293 0.0710356257182824
0.00588445317917115 0.00319165358288658 0.643148099398637 -0.652459239665264
0.0335374480704448 0.011915772427909 -0.202426034452462 -0.86124521167893
0.0400929987880186 -0.0087970018895735 -0.613088749316738 -0.178226558817889
0.00262158808789055 -0.0491522821358336 -0.31664516608753 0.266779913981028
-0.00829177615920473 -0.0364636869867338 0.0499074825211525 0.164858997625165
0.00368247134542045 -0.0145984578388324 0.1713604909862 -0.12741393950862
-0.00290846772567597 -0.0239502229662519 -0.181254997003469 0.120387728164579
0.00142442629373112 -0.0177611372116859 -0.021589643229607 -0.150783770260893
0.0160231366150369 0.0112394411706321 0.376731198666308 -0.163902985705619
-0.0216137278072897 0.0292484527963328 0.497632369215015 0.333382999102254
-0.0442536036290967 -0.0183806441534966 -0.0951886268786007 0.849320352444585
-0.011375514373237 -0.089497150602706 -0.823003712957159 0.467044638073521
0.0322969681287592 -0.0346822505097733 -0.646613075152421 -0.162652168144883
0.0311433356806906 -0.0115087209561625 -0.0305534995409682 0.0724737448790345
-0.0162922558106416 0.00903684463423702 0.686923004637063 0.0210274957260903
0.00291051648617044 0.0132432740116754 0.568910075359437 -0.708193799323252
0.0339119050806715 0.0141828491514401 -0.289865582762381 -0.824768524839744
0.0314177757333728 -0.0120013497554906 -0.61821213892583 -0.110136870000928
-0.00345937780952626 -0.0467832256418908 -0.287807486713939 0.291839359663072
-0.0105558799083443 -0.0319839017884844 0.0676657370648494 0.163469454354297
0.00210760295353406 -0.00671362882025427 0.17509927295027 -0.125346001547211
-0.00586245683821363 -0.0145088932855077 -0.175762645749112 0.121719089276481
-0.000482993015951122 -0.00775370570460275 -0.00836427853630538 -0.149233094197759
0.0121440645765806 0.0147015568902984 0.385820544544973 -0.142404522421419
-0.0286357081483522 0.0300646830210926 0.478369030503111 0.368421566409423
-0.0465594663382158 -0.013132065727317 -0.1591030888696 0.847013426747536
-0.0155879888700055 -0.0777884852291298 -0.864611139923473 0.409997647737712
0.00995496144401371 -0.032344263508318 -0.632429645676347 -0.186951197499663
0.00288988258008384 -0.0133971172867503 -0.0093973897936331 0.0830038597081953
-0.0359262751434224 0.020058704546717 0.692998961414123 -0.0102729600480042
-0.000269579356501279 0.0282575075257235 0.519637829890438 -0.740577509354177
0.0349867118826671 0.019678674232735 -0.341104344816067 -0.795529891798486
0.0265941624360838 -0.0121579672057309 -0.617576209248383 -0.0669058789147384
-0.00762829664422421 -0.0431765451334349 -0.268558018673126 0.304670444857387
-0.0121873397195406 -0.0232824649752369 0.0794403067173746 0.160210653306211
-0.000319293962446052 0.00195937575463096 0.1759475758279 -0.124873302855052
-0.0125530211446651 -0.00386423544133886 -0.171221882299065 0.122735342253003
-0.00213508690545289 0.00373957000064437 -0.00399790244928647 -0.152142602999244
0.00750543258653317 0.0187728545444555 0.38792664894794 -0.136184896045889
-0.0348449534496868 0.0312732555904932 0.46630557326872 0.382110299708374
-0.0502141776292988 -0.00441389266112912 -0.182839485489769 0.845076672310022
-0.0266326635060048 -0.0635067347606731 -0.876921039690334 0.389705118238015
-0.019287794187271 -0.0335328575728994 -0.631840010284075 -0.191114927186292
-0.0298362323741376 -0.0177983762363307 -0.00219182061157272 0.0904064238382466
-0.0584658873201174 0.0302792396215845 0.695577541034549 -0.0196827117840202
-0.00214329883461251 0.0458609243001129 0.501096399876083 -0.747815660658407
0.0360700183104479 0.0271088816577232 -0.362126863525849 -0.782056159448932
0.0218896133569806 -0.011553794431175 -0.61834569322288 -0.0505718508695404
-0.00947453320943333 -0.0392592746795223 -0.26175012093181 0.310071494616139
-0.0129170927238795 -0.0127420929981099 0.0851003717103353 0.15713908124037
-0.00639183547726039 0.0111911195162826 0.180063916656152 -0.123963668233689
-0.019501746352651 0.00580026118976 -0.167746257901328 0.123655671517056
-0.00510074166425161 0.0162597716908364 -0.00582188282363149 -0.155455376750466
0.00354948290763125 0.0220805993047101 0.38381194235786 -0.144186677560307
-0.038236868680812 0.0334199522911398 0.475823352591103 0.36856385838955
-0.0526683407160683 0.00731954227885373 -0.161509629198607 0.848219100572579
-0.041426776980801 -0.0483319912748542 -0.865664871660756 0.413114598037331
-0.0485066408684497 -0.0365581809605737 -0.639343442485796 -0.175691200695586
-0.0622794840877433 -0.024716354665641 -0.00918721884640313 0.0939684030606339
-0.0817941230656007 0.0376803534136351 0.694677879811879 -0.00231830824132514
-0.00621018552952816 0.0629156137702599 0.519781729666641 -0.731536141281443
0.0380331855657803 0.0365251881050532 -0.342698969741733 -0.79078400884167
0.0200338115259222 -0.00843011511890465 -0.619541261868173 -0.0638921508365333
-0.00916520558420171 -0.0334761698462788 -0.270034698874542 0.305525023172855
-0.0140419342905222 -0.00151751950668535 0.0831135467030154 0.155749879196129
-0.013686782694518 0.0192279127014892 0.182871449197182 -0.124148204859829
-0.0182128960602999 -0.0334023191264803 -0.181059525985639 0.111763389244946
-0.00653149267443157 -0.0123447076608138 -0.0863588673019465 -0.163555757953054
0.0168727639138654 0.00884721196899141 0.284232995792796 -0.295618478513376
-0.000910115731086153 0.0332158282004328 0.566525932297607 0.0864563514092098
-0.0340510362341168 0.00209524141374108 0.270873206942094 0.76927388866802
-0.0424545567343764 -0.0737942883376293 -0.523634258405082 0.734020144532721
0.0150940326769463 -0.0521377650085306 -0.695812040274231 0.0404420804872097
0.0371292179931372 -0.0274914912343079 -0.154459640086832 0.0428391274002934
-0.0112244799594986 -0.00379258152559754 0.617746595701512 0.21091304622746
0.00291526519204209 0.00741378591291778 0.827241547629611 -0.433407925148391
0.0316446048634625 0.021285575297041 0.0713426631221807 -0.905095186668772
0.0505500107757885 0.00462835319458819 -0.562908830982949 -0.362072653001353
0.0140929603247454 -0.0399314052468168 -0.39319784983926 0.187661086148599
-0.00710455243890854 -0.0295741540209455 -0.00154837397640103 0.166515548028235
-0.0143064386614159 -0.017781401805314 0.173249864038541 -0.125298964471086
-0.00892388498016498 -0.0375246303642066 -0.183354468442806 0.11717387050018
-0.00608796394467585 -0.0208630893721463 -0.0727621366041916 -0.159509153935421
0.0177099235562405 0.00599892324270008 0.305880560100622 -0.26953216654695
-0.00384086904765061 0.0317692404391919 0.562982899946512 0.142043631725372
-0.0357572460404935 -0.00647521531920572 0.196817586878455 0.802031437156863
-0.0345322022699401 -0.0880593339201862 -0.598254312631747 0.694935719141571
0.031085326156597 -0.0532371029251473 -0.69395108782365 -0.00513995260812629
0.0514432737765429 -0.0220402144973618 -0.128970527543063 0.0473381045803437
-0.00088180810363267 -0.00316921625293824 0.640645215929551 0.168375002474227
0.00721642658630461 0.00105917844512553 0.782912418911465 -0.507839136421018
0.0335183179232671 0.0156709327124948 -0.00946813685320133 -0.906529563716331
0.0498231038916096 0.000216796174355785 -0.58428800052874 -0.309601200167391
0.011636034417431 -0.0450471861848063 -0.37164339130055 0.213742320980313
-0.00699044659918932 -0.0346092670286054 0.0153816288351906 0.166768419941018
-0.0041978086240617 -0.0206458398914475 0.170862120354542 -0.129492094699628
-0.00627581085368593 -0.0355801590065075 -0.18519407763436 0.117752856964777
-0.00194760457860811 -0.0231704491281796 -0.0591475717112463 -0.15218679465161
0.0192702481561696 0.00669547154704283 0.333670789584947 -0.233662812439658
-0.00908786475152391 0.0321359159635743 0.552945318958045 0.205580168664233
-0.0405596654188208 -0.0121904315885436 0.110903740241035 0.829434167419279
-0.0242531461061903 -0.0946326551652873 -0.678532297247337 0.631026696568561
0.0415266335879303 -0.047844665786248 -0.684344718278913 -0.060625455235493
0.0559401377929368 -0.0163056877660905 -0.0969650805260242 0.0541749698442543
0.00175296839762349 -0.00136986408008642 0.661413728684078 0.119848903273828
0.00744775449930814 -0.000619439635486281 0.714868427716205 -0.586688542941749
0.0336732245406874 0.0118303287256818 -0.113011018828376 -0.889733150426628
0.046331481122134 -0.00534681660771299 -0.604444685418229 -0.241610083544719
0.00714228893993483 -0.0479695058239796 -0.344329452233242 0.244397028713736
-0.00732835970293163 -0.0371689565049817 0.0330164319884151 0.168379761779514
0.000583467775636776 -0.0195366705178583 0.171251080221762 -0.128229326927023
-0.00232759258185475 -0.0317071328563642 -0.183258439484603 0.120704748976193
0.000471577667547237 -0.0224319457420036 -0.040928802625491 -0.150816002418823
0.0194270515516661 0.00771394849528361 0.357815993611562 -0.199823657350989
-0.0149633154375408 0.0313634032535393 0.532267593821219 0.272850659566837
-0.0414439972040036 -0.0173452959321573 0.00784992950602764 0.848576216336909
-0.0159643286952744 -0.0956908672343278 -0.758112862314769 0.554344298495742
0.0429784694947309 -0.0409145573602994 -0.67157267940722 -0.113326060608949
0.0495117955438108 -0.0127278728982723 -0.0635881285610683 0.062719415161799
-0.00365233410609116 0.00268981355722447 0.677885705705478 0.0644383015209688
0.00574564570696284 0.00293268847447102 0.639747861344149 -0.661448281621251
0.033860843001663 0.0109728710240867 -0.21205782109727 -0.862200816601373
0.0396841636599428 -0.00944930529805815 -0.618743021114769 -0.173278129132302
0.00172442671043998 -0.0489378567964768 -0.315195729832455 0.272067617581232
-0.00893878976289249 -0.037047902761291 0.0515664752451052 0.166897021802753
0.00327494767538765 -0.0145569327918452 0.171911917838154 -0.128779869521027
-0.00252690532141019 -0.0239064496259752 -0.181186571862205 0.121638481318061
0.00194972318822199 -0.0168512806250035 -0.0229095164834137 -0.151205938490989
0.0151365059090943 0.0109827984829601 0.378335731732577 -0.166472129485148
-0.0218914221399822 0.0303917267261159 0.503458693503364 0.330171639358257
-0.043882487276252 -0.018431640450281 -0.0864941608944222 0.855067730756454
-0.0115134965379164 -0.089929780111195 -0.825088667234251 0.47614827064951
0.031960539014314 -0.0350950889570518 -0.652437191377974 -0.157857046487905
0.0318839949392763 -0.0117523817111099 -0.030186318418061 0.0734385437158741
-0.0160546420590501 0.00988569125542788 0.689924769965902 0.0153205416895425
0.00304022112872761 0.0139082262540918 0.565921850042508 -0.717437145188395
0.0338551194150971 0.0138793561496925 -0.299446405786161 -0.823926856900251
0.032557654006959 -0.0120012986311946 -0.621872732682002 -0.104973311179332
-0.00416605268763756 -0.0472606005537531 -0.286062226092995 0.296351457827047
-0.010351119560993 -0.0317963291444618 0.0690024015365607 0.164419266977656
0.00237078957884727 -0.00693583551763873 0.17477916559864 -0.12646815048392
-0.00568849461708937 -0.013940877182264 -0.176497381142866 0.122942430854165
0.000641524216157506 -0.00732764302794799 -0.0099677722586927 -0.150313089906704
0.0121659951749485 0.0146160654572499 0.387601198733898 -0.147606800524083
-0.0281585914085087 0.0305292299667722 0.483628470803711 0.367027298389293
-0.0467646553118263 -0.0138441310912471 -0.153063261287522 0.856409597283698
-0.0157898393236191 -0.0785872253306894 -0.867009839810952 0.419720467284918
0.0104155736398451 -0.0318981356386048 -0.638275632057411 -0.182732409835932
0.00303990150963673 -0.0135588997292161 -0.00848926754215819 0.0837475361747855
-0.0360454600179557 0.020361691493092 0.696295647964039 -0.0161336636318567
0.000368176786273246 0.0285380211007847 0.513688793091414 -0.747381621427186
0.034960029882514 0.0189628271809322 -0.352591140398721 -0.796534581723423
0.0259339931863299 -0.0130560737891483 -0.62262364798329 -0.0604213053122823
-0.00771272147967146 -0.0441938453243934 -0.26675638747125 0.309191005024781
-0.0118670424402253 -0.0230798498056792 0.0808666631183951 0.160512394315894
-0.000893480090354782 0.00156488041177686 0.176326772102048 -0.125767010235208
-0.0126107178119169 -0.0043499566618566 -0.171835865343517 0.12398108706425
-0.000885768199046661 0.00430498178813714 -0.00449937528939594 -0.152736138384335
0.0069582147558545 0.018383553964335 0.391133994984581 -0.138374646298245
-0.0341498257003974 0.03236859108662 0.474901259872178 0.378625876602755
-0.050517822560611 -0.00499375800496028 -0.175264051749654 0.852793574372545
-0.0273975378891947 -0.0635657753947304 -0.878190671542358 0.400770926947827
-0.0188262265261734 -0.0330588727621411 -0.635321243976528 -0.187938750974282
-0.0300423959944585 -0.0174476929071726 -0.00144114681239293 0.0915775926246827
-0.0588137304477907 0.0307917792911333 0.698500831100085 -0.0230605922602369
-0.0027425471616612 0.0463699819816016 0.494997311328626 -0.754578599539481
0.0363028001182878 0.0269771540762278 -0.370849474249975 -0.781456904921186
0.0224132243961315 -0.0112907948984445 -0.621400316172463 -0.0452393706316652
-0.00994581103526324 -0.0388322262913633 -0.260224832135265 0.314690998854059
-0.0128256661040618 -0.0130719392767342 0.0869368907103764 0.15781899640467
-0.00670010267261361 0.0110246410875014 0.179545178822682 -0.124897700087221
-0.0190850915361421 0.00677794582742624 -0.167415233915103 0.12494813580088
-0.00417696726474313 0.0160952172799898 -0.00701648904356296 -0.15622248497134
0.00376342491806475 0.0218072678834631 0.386572584364863 -0.148933709000331
-0.0379255650404142 0.0351910217639064 0.480860265212765 0.365182641325196
-0.0529983460257948 0.00703971877203777 -0.153212961879099 0.856209107361401
-0.0417047187817322 -0.047989018948205 -0.867150092601328 0.423235331599089
-0.0487649586445945 -0.0356073107590597 -0.643970632595873 -0.171074348533478
-0.0619485078951658 -0.0241777625158298 -0.00862158363907078 0.095181858865374
-0.081962263644277 0.0388506497718767 0.69863786643775 -0.0080790115392273
-0.00550625382852139 0.0635041327068514 0.514719081125842 -0.740391954663516
0.0382156564818156 0.0359671980459807 -0.350631868699229 -0.788648600963637
0.0200251510587078 -0.00887729624687444 -0.624294507568062 -0.0576245164316403
-0.00954428710282095 -0.0338747865375887 -0.268976168492162 0.31002883275502
-0.0137295538567679 -0.00233520545604931 0.0848689543065818 0.156854686567604
-0.0139095355336262 0.0192718858522865 0.182712967752404 -0.124739591608569
-0.0185409527750147 -0.0331732254174952 -0.181769562070904 0.113565341453493
-0.00647711272113966 -0.0124196516105398 -0.0897734213751539 -0.162891596145195
0.0165331493557533 0.00847105760756981 0.28220782797518 -0.301233854095156
-0.000616005225905297 0.033992187644753 0.571081731854362 0.0805831314390734
-0.0343542865931561 0.00153221288990561 0.280327461067735 0.771205712313518
-0.0426238556723445 -0.0734121124232757 -0.520413675570616 0.741430901730057
0.0145426312297735 -0.052055260978545 -0.699266420360595 0.0463787568764774
0.0375885979342676 -0.0273800153935718 -0.154205567480166 0.0450567218656108
-0.0116551582003268 -0.00344142121657766 0.624985056801809 0.206440399497617
0.00332629830227576 0.0077662587502331 0.8267049337263 -0.442775724068509
0.0322883616826012 0.0213857520929863 0.0622317017062177 -0.909503080722159
0.0514878758380725 0.00382913226056519 -0.570945356305765 -0.356890367583269
0.0129835050205827 -0.0409874331893137 -0.393933029167523 0.194644308508649
-0.00755219766714577 -0.029839393510135 -0.00021706775664112 0.16789513263279
-0.0151285551561926 -0.0177441818429868 0.172261695700051 -0.126250603692982
-0.00927096787844518 -0.0366297534724817 -0.182355799310838 0.118452826322284
-0.00527072684091874 -0.0201290025105781 -0.0765154699569419 -0.159425638488048
0.0181311714621102 0.00580521151947194 0.304989918453395 -0.274119707016859
-0.00384063772054893 0.0320271837835866 0.567370129786484 0.13640782469145
-0.0359808173084889 -0.00677345360714461 0.206581236000843 0.804831496311472
-0.0351156170807243 -0.0870681454776233 -0.594718909049407 0.703355045092788
0.0308910523116456 -0.0526370654751086 -0.697574559079212 0.000961267681568894
0.0514947324337726 -0.0217388986360088 -0.128616052346235 0.0487998514009918
-0.000540156383350261 -0.00261023300517184 0.646062057856421 0.163474385171263
0.00750811610352249 0.00047636180521847 0.779464148812805 -0.517209513754385
0.0334727209035481 0.0159945480461121 -0.0193236509423664 -0.90915154638852
0.0502392472723333 0.000112208800200651 -0.590501697584899 -0.303914641275702
0.0111079466128557 -0.0454483469407306 -0.371041364878389 0.220210670195658
-0.007507782236522 -0.0344512771959363 0.0164126551328256 0.168836041002185
-0.00457904484410215 -0.0209255577105899 0.170625285724034 -0.132008978305996
-0.00627955561085886 -0.035482402445391 -0.184986387238052 0.11905108603467
-0.00110056546885666 -0.023129320211951 -0.0616217035432894 -0.152297872564934
0.0200425335738248 0.00621147257355913 0.333338699039173 -0.239012073129701
-0.00865255366891906 0.0332125962457155 0.559241663304806 0.200856075723748
-0.0398416543081925 -0.0120659511050539 0.118297292065114 0.832925092204636
-0.0247803337144709 -0.0949618927626199 -0.675477156460291 0.640266925723431
0.0419501229171147 -0.0477665035378693 -0.687455054971333 -0.0556273747099908
0.0574241721279903 -0.0162291907016278 -0.0966385603967137 0.0548175410080281
0.00237755605174176 -0.00144395290760096 0.664674768773506 0.113901005506116
0.00775680203105328 -0.000891087763983445 0.711669096263659 -0.596187007476549
0.0335820203912323 0.0117914165694646 -0.123143269539509 -0.891949243671711
0.046778218429424 -0.00519111626470155 -0.610752079403495 -0.235896181216022
0.00670486372670829 -0.0482585915000888 -0.344326074988835 0.250017647479891
-0.0085342058685231 -0.0371767598168513 0.0334524549312091 0.16976314022231
-0.000176868720194844 -0.0193596739928785 0.171295389749905 -0.129376639721979
-0.00241405434440739 -0.0318563005840019 -0.183497587872204 0.121685280366284
0.00109955663198206 -0.0219378878104445 -0.0423713744446018 -0.151481387607673
0.0190312828237492 0.00692367335725821 0.357023239556649 -0.205608715176757
-0.0142700286044 0.0317349362471294 0.538003567014679 0.266235377460978
-0.0423681612836957 -0.0179459283808104 0.0182996814318485 0.855562345963
-0.0166528601823674 -0.0957654290929963 -0.755326362503631 0.56491201298457
0.0425927279883717 -0.0410052988366529 -0.67589127698967 -0.106033121202434
0.0497200267584728 -0.0129398455166671 -0.0624588013137319 0.0635737849891567
-0.00361037575059549 0.00301392488851362 0.68090039994378 0.0585557755290714
0.00564692519512314 0.00327493199488967 0.634689051040273 -0.668837141329406
0.0342782145249735 0.0107442801087323 -0.223544783444983 -0.86468786114608
0.0403928568123264 -0.00927592379618007 -0.623744291123512 -0.165897964702899
0.00041848786872998 -0.0483157703423833 -0.313886408850303 0.277307485812788
-0.00959325226905965 -0.0367192077613271 0.0524069987234394 0.168120546111133
0.00328206145956101 -0.0151877776268874 0.1713964066473 -0.129740201228939
-0.00285079935047764 -0.023127463239108 -0.181137791683572 0.123528007987475
0.00236839614058456 -0.0175587805541056 -0.024732509290391 -0.151415837690485
0.0156281350755771 0.0112054386020304 0.378962412062966 -0.171763308173249
-0.0211127349201038 0.0310471013213445 0.511405308019043 0.325725414737284
-0.0442720907821927 -0.0182281214397875 -0.0785158296469923 0.860694146230278
-0.012013632301109 -0.0898681877249658 -0.823858924709724 0.484716705890644
0.0327105701027134 -0.0337138457577921 -0.657563611342828 -0.154058361866179
0.0323968381320123 -0.011117207198918 -0.0293863110390145 0.0740876697980981
-0.0153164712490265 0.00937187620152818 0.69249981767828 0.00903285766754099
0.00304704651290451 0.0138695056395856 0.559294985340019 -0.724976015692175
0.034384255299272 0.0137731384913031 -0.310369521132741 -0.825492526945483
0.0328941112393637 -0.0128502202316595 -0.62689128283039 -0.0974128396600363
-0.00540950526501517 -0.0479539111173654 -0.284837898310211 0.30120154976343
-0.0113194938976199 -0.0319764028068368 0.0707827488437702 0.165547784830789
0.00153563403963603 -0.00740678302181418 0.17466956031673 -0.126630589532413
-0.00661731334145536 -0.0141121000577126 -0.176117435260927 0.124750835197856
0.00212377537345326 -0.00738190251050526 -0.0122247906032102 -0.151907729184539
0.0124642301320267 0.0148437823782441 0.389107270771873 -0.150318287271975
-0.0281283643571661 0.0323503843552221 0.491302610023159 0.362117357926048
-0.0473775651611769 -0.0138836619683331 -0.143929006641502 0.860691153503412
-0.0161857516508339 -0.0783275398016852 -0.865679037690566 0.430031118042659
0.0102177058381054 -0.0316743689278668 -0.643518835798063 -0.177336666049361
0.00343371902790988 -0.0136582840222892 -0.00803772214118625 0.085075111708369
-0.0355269175692755 0.0210544600871657 0.700474271315675 -0.0234150220626064
0.000901922507053739 0.0288338416061988 0.509239814008664 -0.755872901484982
0.0352705208289081 0.0184209784687482 -0.364842613678689 -0.794521060462273
0.026239478323647 -0.0131558800428109 -0.626966266926719 -0.0532358698910432
-0.00913730825316534 -0.0439001117246889 -0.265076519997665 0.314293189569715
-0.0118628933515594 -0.0236255436488268 0.0825778395602133 0.16127292816676
-0.000811785114531997 0.0017678931006478 0.176484764214765 -0.127178635976558
-0.0125189361354976 -0.00327878095448634 -0.171262778976647 0.125724874412206
-0.000156193596545125 0.00385738746872858 -0.00652638281447293 -0.153879311957352
0.0084968744760432 0.0181801352812588 0.390391198982418 -0.143651195705407
-0.0346631087233689 0.0334352928188053 0.480217287366166 0.375985964940719
-0.0507147808432962 -0.0049721446825127 -0.168002437435114 0.860715473048715
-0.0282229901746967 -0.0639976976267612 -0.878763489561163 0.41056439746223
-0.0187591589628518 -0.0329112039204641 -0.641297809361831 -0.183073400976729
-0.030058946786559 -0.017113131782512 -0.000497005949026318 0.0923937520351251
-0.0578940312092679 0.0314402792753438 0.701851733091597 -0.0304581434043402
-0.00149658914238684 0.0470075197924721 0.491165712702073 -0.763903941028764
0.0373072649519003 0.0261167492720402 -0.382362372368606 -0.779684546522411
0.0223193790898813 -0.0119873503542535 -0.626633905498595 -0.0380197849438712
-0.0107709522526518 -0.0391043765905243 -0.257633958662636 0.318940527620278
-0.0128300171750785 -0.0127851739094545 0.0883026707192654 0.159241773641527
-0.00640783858594285 0.0105867906067047 0.179614368297068 -0.126902626280062
-0.0192079641574192 0.00634939228600774 -0.167057105590135 0.12679277911685
-0.00354399399494049 0.0164556580177204 -0.00821115528512851 -0.156600938873497
0.00470809815583584 0.0220228420722848 0.387058789300085 -0.15396183300694
-0.0374996754929819 0.0359207620359158 0.488149991965569 0.362698879413423
-0.0523035335474238 0.00751046279411784 -0.14516745221201 0.862840217176371
-0.0425673655815438 -0.0482960582676251 -0.865542424770648 0.433623750209133
-0.0485963752635803 -0.0347684902746098 -0.647492222035523 -0.16665406810744
-0.0621877452057412 -0.0239671535155478 -0.00738994967332438 0.0959580857963851
-0.0812153572496246 0.0400689815148391 0.702513984997804 -0.0146327562565175
-0.00454742000605972 0.0640013667612622 0.509459965071692 -0.748054855210989
0.0389509573303181 0.0351592476469011 -0.361798751575084 -0.789655190842663
0.0207968700779096 -0.00889242798862744 -0.629340377388313 -0.0505341643435228
-0.0101552492249876 -0.0336296639591987 -0.266943603378988 0.314417490969521
-0.0136251491396529 -0.00214901556380575 0.0857922619219637 0.157321056952658
-0.0138205212195276 0.0194760389494502 0.183502172181524 -0.126693320506434
-0.0189849985508999 -0.0332793948195077 -0.180881195846384 0.114870956659859
-0.00580887344268627 -0.0115018975489857 -0.0931791807152549 -0.163257115548305
0.0167209364806779 0.00924748441974015 0.279558514377722 -0.304169432858552
-0.000125509645349554 0.0345451266737548 0.575729719881767 0.0722257657584522
-0.033998263328446 0.00170681910486794 0.289982611986631 0.771941859451889
-0.0437151994508275 -0.0738167693812276 -0.515371377407291 0.752513753734106
0.0147925818583672 -0.0514147565235085 -0.702064292540516 0.0541986630586398
0.0378741032365105 -0.0281315260908508 -0.155108323006035 0.0474826808062472
-0.0103481119315959 -0.00279428750557033 0.629141191149345 0.199509446100403
0.00305604931862481 0.00805699794005645 0.823018932813657 -0.452129495802399
0.0323363394764464 0.0202244236030789 0.0528950148716414 -0.914420946827474
0.051700626240486 0.00417042561214266 -0.576574390629214 -0.352093378497234
0.0119534519172473 -0.0403739032260923 -0.392934467637604 0.200252847103851
-0.00802537698729915 -0.0295043291923369 0.00130840425841375 0.169554960241486
-0.0151555196130673 -0.01747626889762 0.171208983264869 -0.128126632215427
-0.0102695149168386 -0.0372761243245278 -0.182028832536814 0.120799704906928
-0.00511035233598701 -0.0198931749203371 -0.0793214968436528 -0.159677745588827
0.0181828722818598 0.00541352109662727 0.302405718243677 -0.280347723592975
-0.00305949697508606 0.0331545199518825 0.572371694571982 0.129483143159185
-0.0372864245527803 -0.00759003218848048 0.21790369524589 0.807073586814711
-0.0356989080763125 -0.087618199117196 -0.590400241955805 0.714996705531043
0.0311026258937555 -0.0524415005817544 -0.700214120969582 0.00830240912926807
0.0524119448870701 -0.0216817894417632 -0.129120408393628 0.0509757059360246
5.73503408664855E-05 -0.00249473430737713 0.649437548911858 0.157209543916378
0.00710958257732448 0.0012216792218611 0.777735209376694 -0.527184828425598
0.0341080715200245 0.0147050032153079 -0.0314332823218503 -0.911962164839544
0.0506150164872205 -0.000472819419945016 -0.597458029556574 -0.297831527952973
0.0103354770488449 -0.0459123724608717 -0.370475028838748 0.226018808296802
-0.00833199002215652 -0.0346558443446098 0.0174009436137007 0.170176292163345
-0.00606243395178536 -0.0205528713697225 0.169013412476343 -0.132341934864182
-0.00762486746597109 -0.0350780294373863 -0.184278766328273 0.121699271828647
-0.000856871097575467 -0.0220718688660108 -0.0639063574674066 -0.152714317957328
0.0199306730366563 0.00660773726316843 0.333720311658412 -0.243455833496698
-0.00789601116295378 0.0334216155405733 0.563880709479149 0.195194927417261
-0.0403702202450998 -0.0128271181309475 0.129630044213838 0.837136958365682
-0.0263436714462047 -0.0952893038074664 -0.67218888766574 0.650387654882833
0.0419941713380173 -0.0477502107923197 -0.690680144680757 -0.0473373218400659
0.057703213763738 -0.0167626199852034 -0.0970456598859406 0.0568369551187069
0.00305436341554206 7.60933687573954E-05 0.669714288471547 0.106092858075523
0.00742328421613319 -0.000417719283360637 0.708795285792593 -0.606139635917896
0.0339117752539492 0.0114850054219435 -0.135383895277259 -0.892765724636614
0.0470120669431594 -0.00585584900970609 -0.617406459063425 -0.228374339800261
0.00623723333567762 -0.0477875365688133 -0.342811370413174 0.255519279587385
-0.00853222038058208 -0.0375719798754786 0.0349291717447907 0.171223501402292
-0.000413380786435586 -0.0201378165957248 0.170846728629803 -0.130815284209361
-0.00336943257602926 -0.0317371967252932 -0.182559333309738 0.124290601103299
0.0011898992811688 -0.0216261093784153 -0.044802935406912 -0.151369389481759
0.0192894246446513 0.00717795799856793 0.357438832835017 -0.21038908524964
-0.0137363935758644 0.0333098702495308 0.544391814030586 0.260682238154527
-0.0427987366676871 -0.0174567575367603 0.0280000706915348 0.857250355580527
-0.0169438024029398 -0.096338199474816 -0.752792065870546 0.576191363609097
0.0430332954201343 -0.0411497072828494 -0.679191603860432 -0.1001174552705
0.0506321490694928 -0.0132827336426038 -0.0618847100867292 0.0652576918491562
-0.00245868924584675 0.00325474836145245 0.686078423137091 0.0523109277141527
0.005287016723169 0.00396797058547736 0.630234824226781 -0.677704562932853
0.0338928401233751 0.0102377083125703 -0.234434003868446 -0.863344195746571
0.0406717891888414 -0.0097826734684712 -0.627574608362051 -0.158810918777183
-0.000389115390986104 -0.0494800026292678 -0.313390349826987 0.283844857380731
-0.00986785061138769 -0.0370030080380866 0.0543263845648065 0.168680803761705
0.00219401460795914 -0.0154877011570718 0.170557846679231 -0.13051897109413
-0.00415628016034125 -0.0233696022192509 -0.180057715334358 0.125128544318299
0.00347038048608207 -0.0168446301179972 -0.026248322498731 -0.151523937280232
0.0160823506200143 0.0108790192126106 0.379092208656426 -0.177102423251899
-0.0209541927876905 0.0324481812033025 0.518482237127751 0.319016257856806
-0.0447618168424915 -0.0184264364908825 -0.068017454945728 0.866135725644233
-0.0122927269595017 -0.0904738986706514 -0.820906833375565 0.496901298957334
0.0330419437700938 -0.033831310208716 -0.66066907688578 -0.147169059530292
0.0333685759445439 -0.0114154501647945 -0.028715520004662 0.0755067671684025
-0.0154515302248072 0.0101155053094368 0.695920223222113 0.00140092333994579
0.0029585312680821 0.0140190364057056 0.554166901609943 -0.73224057902922
0.0338787930749747 0.0131594601662494 -0.323201854400815 -0.822634287071179
0.0333617797563285 -0.0127650126593156 -0.631830303526101 -0.0893320430142277
-0.00634825313762118 -0.0468629788921782 -0.281824541222265 0.306051641078385
-0.011466389252672 -0.0320179721677664 0.0729475601148078 0.166307807696284
0.00143781964911781 -0.00767624434413954 0.174082544212248 -0.128400925201616
-0.00597699195726366 -0.014730103331458 -0.175371088737184 0.126918099411794
0.00266642800828502 -0.00700372727055286 -0.0132670985843442 -0.15153033143417
0.0125944494066156 0.0144615384454094 0.389118473938747 -0.155661916491296
-0.0273228882168076 0.0333809640514239 0.497725436247009 0.359593354872062
-0.0474756811454464 -0.0137516918712865 -0.134607019193235 0.866996749524343
-0.0174050029114768 -0.0792398130616255 -0.864906490481642 0.443345195507836
0.0105987424918896 -0.0309074459804846 -0.649191304389913 -0.170528513385266
0.00388088323302484 -0.01320341176106 -0.00720069847743035 0.0858925343621316
-0.0350001385146744 0.0214634972252331 0.702069076636003 -0.0310562637197782
0.000820884385825546 0.0295273192012074 0.501676589593261 -0.762237854949857
0.0358758840282172 0.017782063235899 -0.375106536114076 -0.79170208492623
0.0266331538963049 -0.0133400924818252 -0.630943833239671 -0.0455672310225638
-0.0105363835262696 -0.0442129878643362 -0.262968900775714 0.318817929815485
-0.0119734131435952 -0.0232314968981274 0.0847584126045061 0.162100778004027
-0.00129401740929974 0.00117172727112509 0.175325817904591 -0.128411885684265
-0.012433594361877 -0.00332895323393849 -0.170747125931418 0.127825174285946
0.000999893107571429 0.00481219917714389 -0.00775536839901791 -0.154520443791468
0.00821861181921434 0.018552302456839 0.392635911600283 -0.148620166653355
-0.0336058709548521 0.0341146741436113 0.48719211388848 0.373254190518992
-0.0509654424448875 -0.00485105688986459 -0.158856890126267 0.866585100473764
-0.0286088760360249 -0.0644044488376497 -0.87786667365131 0.423279841515146
-0.0186761879467075 -0.0320062788078474 -0.645272737440166 -0.176178410423554
-0.0298128743385889 -0.0166688071290891 0.000672216512071281 0.0931618640569173
-0.0571882091679232 0.0332091733812004 0.704335212471263 -0.0385802214191482
-0.000895276192655246 0.0473482625316231 0.483494189039954 -0.769824993738675
0.0373796418075511 0.0260712703176833 -0.392451531497953 -0.778438360946832
0.0225373040050491 -0.0117265909544816 -0.628866012923832 -0.0289272883744694
-0.0113211150733343 -0.0391269349607339 -0.255746725904466 0.324049209656247
-0.0131673076258398 -0.0134102504346003 0.0906086361407251 0.159771843273534
-0.00711396450660033 0.01089261547293 0.179488025719227 -0.128249366437271
-0.0193992460090922 0.00680029640198999 -0.166685074521507 0.128821867797449
-0.00207411350853672 0.0162195208378064 -0.010164236304428 -0.157603771235111
0.00428122067073825 0.0220381942759434 0.388586353003137 -0.159353644587358
-0.0372821854449953 0.0367047514135243 0.495647351735859 0.357421718478347
-0.0528797278420842 0.00749635224390879 -0.135144323107287 0.868235089412382
-0.0428003241172107 -0.0483113536335583 -0.864137681924116 0.444074060369384
-0.0486707793450672 -0.0341162299042814 -0.653692114409369 -0.161600378593499
-0.062413941675283 -0.0226607826870307 -0.00644321403241786 0.0971300391610705
-0.0805364327668924 0.0406584926194408 0.704912796734681 -0.0221998266192353
-0.00437347857105755 0.0644840920196378 0.503553172770457 -0.755289949179758
0.0393155294544049 0.0350038042236254 -0.373402826060746 -0.786850092108311
0.0210078067706939 -0.00913461901404517 -0.63144370676916 -0.0439663107524462
-0.0111531490401471 -0.0337568092971303 -0.264132968862971 0.319635959047055
-0.0130806826129349 -0.00151758025207654 0.0889992979702115 0.158396308246417
-0.0139529566195645 0.0191877350508099 0.183177278904853 -0.127986595650464
-0.0197070269869945 -0.0330246832641461 -0.180982314916106 0.116508701138437
-0.00564155326531646 -0.0106294168403447 -0.0970107374056646 -0.161921263195916
0.0170653149603546 0.00878577051060761 0.275749820774398 -0.308604729058985
-0.00033787716605467 0.035259044372948 0.577803463321629 0.0661863780434854
-0.0337171710593748 0.00117931628091715 0.301123151792709 0.770404360738929
-0.0441775589491663 -0.0733891550356642 -0.508263158146615 0.758526149233665
0.0147541766125316 -0.0510398578944516 -0.703926152970525 0.0605293883479273
0.0383632695074794 -0.0278264931277904 -0.154839764361724 0.0494023982771569
-0.0104021925316387 -0.00216387239548489 0.633335423242315 0.192678427675189
0.00292696102464926 0.00778390301215046 0.821765853812083 -0.462648743880662
0.0318592539694624 0.0200613419635524 0.039633133595495 -0.915071664951755
0.051680345608758 0.00301453121050279 -0.584406782782672 -0.345603802287431
0.0111003092659041 -0.0410536800969152 -0.392051798919342 0.207224148317517
-0.00844449881449945 -0.0294047210914076 0.00285092568433126 0.171714618184332
-0.0161357612579323 -0.0173689653603366 0.170623860360562 -0.129016955201007
-0.0110985339151955 -0.0366798699245742 -0.181013701675519 0.122154321041824
-0.0050610554089593 -0.0192389604098832 -0.0825301901041318 -0.158004370241875
0.018195425509444 0.00659400603660077 0.300181988169368 -0.285401626521903
-0.00282817633938297 0.0326324282622019 0.575290950474194 0.120698373779952
-0.0368546191171051 -0.00756316942293668 0.228234956676009 0.808487051417229
-0.0363697361500702 -0.0876219797039548 -0.58384917459326 0.72252396600173
0.0311282147933305 -0.0519629791365893 -0.702322280477137 0.0160954088998132
0.0526838396217332 -0.0223451510529877 -0.128433696558647 0.0523624941752978
0.000160643407462212 -0.00244608291734174 0.653951254902488 0.15065033076401
0.00731769934456181 0.000972865294050246 0.771955093718298 -0.536252085277346
0.0340061573996549 0.0151133261047578 -0.0435797400856917 -0.912298095409529
0.0504175367565237 -0.000939401031413541 -0.604271334509393 -0.290826043590563
0.00994946666605904 -0.0456033253413676 -0.368056066288288 0.231525994415338
-0.00907748127163908 -0.0339026458231309 0.019799024495335 0.171755261885652
-0.00612447635932983 -0.0206725930049124 0.168418230079473 -0.13440090212888
-0.00766895192733136 -0.0350748303104576 -0.184349177128623 0.123342747801941
0.000292062777930129 -0.0218857985460926 -0.066188576871786 -0.151616186232624
0.0201353925829267 0.00602278431539001 0.33177683227855 -0.248519164903618
-0.00787245491186499 0.0344753626415652 0.569280115951591 0.186755681497631
-0.0404287368309625 -0.0127720373031593 0.141277250112292 0.837836272273381
-0.0271277389172729 -0.0953088343938187 -0.665215176589401 0.659969299304512
0.0419908835245331 -0.047917862092989 -0.694228324519755 -0.0410004564772123
0.0580250402657505 -0.0171798844055629 -0.0959720025163365 0.0579317037792853
0.00322934638238987 0.000451332735643958 0.673108324146567 0.0979872191471953
0.00733565526628996 -0.000298152602912521 0.702490538903054 -0.614606496810395
0.0341867943045008 0.0107008509925961 -0.14814189732273 -0.892957399150894
0.0466130912110957 -0.00681341242295853 -0.622983277399786 -0.22093317456753
0.00535566071218463 -0.0484340270450669 -0.342297289705971 0.260926055159453
-0.0093416062651094 -0.037869762895977 0.0367183442442548 0.172497499286276
-0.0021322848977771 -0.0199146345107926 0.169897813622204 -0.131584245805889
-0.00388940819301229 -0.0316876582077718 -0.180928255339036 0.126279402981976
0.00193351603524314 -0.0213855587549281 -0.0465436758367792 -0.150818472265446
0.0193905452539351 0.00815010915762289 0.357279318769735 -0.215891731134313
-0.0140248985119595 0.0336189209306102 0.549228732748422 0.254534506883528
-0.042923897051494 -0.0182859410043155 0.0385672926825297 0.862085728709224
-0.0178486961761091 -0.0965656963441977 -0.749692359693899 0.587401555541933
0.0430116731138295 -0.0408752188858386 -0.683776340790626 -0.0925986919900813
0.0514142660737834 -0.0129986270021796 -0.0610900431263925 0.0664167126112275
-0.00207745987029976 0.00380791298698302 0.688637478174075 0.0423965560651119
0.00593102702721189 0.00318949210397697 0.622541079869157 -0.687624192525405
0.0341414102608972 0.0103966161058439 -0.245991909858744 -0.862426825040446
0.0403944332263269 -0.0107465582611184 -0.633793003038456 -0.151385017446727
-0.00174884174562529 -0.0497197474828708 -0.309725966772445 0.289924223763839
-0.0106927229317641 -0.0369051517172441 0.0559356499142337 0.169479486258715
0.00133757951536223 -0.0153861806850323 0.169327600051433 -0.13280438985964
-0.0043489437746773 -0.0239945541486843 -0.179587140349872 0.12749935659021
0.00257207668612781 -0.0165840030372284 -0.0292728032006031 -0.150705114884965
0.0167654659727639 0.0101697335075285 0.378238660013187 -0.182994730080192
-0.0194561637868751 0.0329155306949235 0.524125922864312 0.313646286312956
-0.0449674712787869 -0.0180188187210015 -0.0572871068550094 0.870522363013696
-0.0137056714797914 -0.0909025246275228 -0.818052382085942 0.508596790214671
0.0330785916724781 -0.0337655009791935 -0.665188481322742 -0.139005713526396
0.033670855136905 -0.0116657685871982 -0.0277052748991334 0.0771991466651601
-0.0152033836914641 0.0111530674017045 0.697289166475128 -0.00649274240012822
0.00300147287869412 0.0142147381090467 0.545814449324581 -0.740097570749586
0.0346154995346119 0.0122279475722622 -0.333759150589546 -0.820360770217478
0.0327632514460591 -0.0139524674683613 -0.636254147653344 -0.0802374512659519
-0.00709324172766037 -0.0473632631732411 -0.279444796647342 0.312556787708758
-0.0118578788987404 -0.0318917850829208 0.0743915020512318 0.166173807000007
0.000319922289926469 -0.00784469644601868 0.172942446239479 -0.130562900306841
-0.00687435745727515 -0.0145019432754156 -0.175030336757807 0.128692144804367
0.00256909442348275 -0.00714900056770647 -0.0154376549057879 -0.152409004967988
0.0130817921385653 0.0139656507253134 0.389784041993644 -0.161454470236573
-0.0273409691443272 0.0340803351297234 0.503764190008866 0.3540931658171
-0.047217977934381 -0.0138297870112629 -0.123030103370612 0.872830983135774
-0.0172715853058448 -0.0794038837857281 -0.862751510932177 0.452793782969633
0.0100756685853832 -0.0308482200222099 -0.653633119574393 -0.164392054395896
0.00420932884827795 -0.0126244261251571 -0.00563038361384426 0.0860661474899
-0.0350768214177758 0.0218072264900609 0.704757042096033 -0.0382301396915551
0.00174503094389209 0.0303347217423396 0.493660678420631 -0.771943947743795
0.0363799709596117 0.017394856658774 -0.388096200964016 -0.787708286736397
0.0270920228095323 -0.0137840483132795 -0.633324899853879 -0.0361180327921088
-0.010847749398063 -0.0436946066473372 -0.258772302529166 0.324450190334553
-0.0127218541314645 -0.0239994587435566 0.0867005052344975 0.161499252865083
-0.00215265850190705 0.00100952835436707 0.174592186762132 -0.130016268137846
-0.0128489809937362 -0.00310999971374647 -0.169537983718533 0.129446698058952
0.000843606800031196 0.00477866416340956 -0.00980829218232426 -0.154405763996958
0.00871039996819646 0.0185941741389262 0.393032086979608 -0.154815533686093
-0.0330367110173749 0.0353365976064403 0.494089343436877 0.366490054186548
-0.0510935986868936 -0.00484565160571949 -0.148100017692667 0.872237615116451
-0.0292322295187702 -0.0644901252460286 -0.87374790620664 0.434954431674018
-0.018939660539521 -0.0307960249089124 -0.650447863732381 -0.169322111352403
-0.0301407252360157 -0.0162603160028673 0.00259861711791852 0.0945265973312132
-0.0571735781816508 0.0335057613653422 0.706381071496733 -0.0472878465906006
-0.000332780831073 0.0476604796121278 0.476123246870341 -0.777087965229476
0.0380787649291385 0.0250650198629677 -0.404850541146948 -0.773292966836001
0.0224521324103781 -0.0124844846722612 -0.632281113623735 -0.0204020148995003
-0.0124115295321625 -0.0383796495006719 -0.253122222865499 0.328467342240495
-0.0131511356740515 -0.013015798140446 0.0926152648328778 0.158419015994483
-0.00732139818961355 0.0108786373528066 0.178980425087997 -0.129359876283561
-0.0188341685273361 0.00672939663643213 -0.165700004906455 0.130970514793721
-0.00110498650684058 0.0165594268720397 -0.0119390878350136 -0.157282761365915
0.0045860326122381 0.02171603769847 0.38830684668744 -0.164374851003246
-0.0366469095092072 0.0377053424634297 0.501201816556579 0.352878192256797
-0.0533097123688215 0.00673012606059478 -0.124549927222379 0.874596098592028
-0.0428776242413435 -0.0485943571138397 -0.863369235315444 0.456443101150076
-0.0487153583640584 -0.0327041895916058 -0.657004581164701 -0.153025921204066
-0.0627684923787216 -0.0222122098344009 -0.00537978175106801 0.0981608292354129
-0.0808032722964043 0.0420238028157173 0.707501898549718 -0.0310609249680088
-0.0030368660861579 0.0650360283377593 0.495506101960097 -0.76271368781643
0.0400479928783242 0.0345395017554584 -0.385116608239637 -0.783426450705768
0.0211146772396798 -0.00963784181962588 -0.633637906605407 -0.0340383620748567
-0.0117710718954111 -0.0331657794182725 -0.261987799647283 0.325211193609707
-0.014070282888146 -0.00202988978377679 0.0907470276668155 0.158749988739752
-0.0142574077452525 0.0197719119062734 0.182571070724221 -0.129400790767532
-0.020789759986159 -0.0332467987287638 -0.179611276828858 0.118816250079483
-0.00489595484287244 -0.0103849601324731 -0.0998195675077936 -0.160513013068823
0.0173245279240097 0.00973459638732998 0.272947990289063 -0.313486829636744
0.000229567090725333 0.0352117986959604 0.579928177050747 0.0581722233734986
-0.0342432487230956 0.00072073043520497 0.313430172178909 0.767908616233303
-0.0439538264702759 -0.0731653618102628 -0.500135978034437 0.767015417299372
0.0152793429483197 -0.0506272323626054 -0.703777623131035 0.0712242033325282
0.0379571488764214 -0.0288213855908384 -0.15445667339175 0.0518490995311904
-0.0102658301590295 -0.00237237460237084 0.637655201276928 0.185589513965381
0.00364163210501742 0.00816203058729536 0.81539267818954 -0.473812324242627
0.0325143861591856 0.0193933686377461 0.0270033507725218 -0.918531519489239
0.0518637046109326 0.00286137664092043 -0.59053014776282 -0.336978716851059
0.0102351857332509 -0.0407703925862938 -0.391030988441226 0.214199712023336
-0.00908241860673111 -0.0298482202925802 0.00429686977609273 0.173384739546771
-0.0167839174590182 -0.017357732539599 0.169686867578625 -0.130567234330743
-0.0119849752495489 -0.0368298643530139 -0.179706008818392 0.124423675727691
-0.00499141222175315 -0.0191554653968243 -0.085669234560139 -0.157502922073969
0.0183467926498755 0.00617826047245686 0.297655984282887 -0.289191016667371
-0.00204068214650771 0.0345576829412343 0.579737743910879 0.112888773768239
-0.0367346671384711 -0.00679974176898953 0.242238846993512 0.806397482350861
-0.0373927903316975 -0.087261121212014 -0.577519591589167 0.730084866900203
0.03074926894735 -0.0521608728795045 -0.704364079345043 0.026217839952802
0.0535358924959723 -0.0227359777165795 -0.127933072369383 0.054295381598155
0.000185614544891473 -0.00168294133594802 0.65716757088344 0.14285301305109
0.00750664251023611 0.000993507824626982 0.766941450576565 -0.547892533723081
0.0342782820822378 0.0140627841417613 -0.0557408436332513 -0.911277450955369
0.0510929198496469 -0.00195000950967371 -0.610366527072808 -0.282245509744115
0.00865224287178902 -0.0459149104726201 -0.366344852886961 0.236909084148066
-0.00978187584101092 -0.0342994510182265 0.021187669896568 0.172390088062301
-0.00666802051679074 -0.0210483131602774 0.167037769400621 -0.136397761283802
-0.00835732101383283 -0.0345392364029471 -0.183028488793332 0.125518123783519
0.000519282492361405 -0.0216983177802881 -0.0688276848920815 -0.150919258569069
0.0200283763110779 0.0058128239491493 0.330720014157738 -0.254035940843915
-0.00678073576198008 0.0354969346827401 0.573178087788898 0.177749220290375
-0.0410032348681137 -0.0123598789355914 0.152958176374965 0.838044473015296
-0.0280255973918565 -0.094953128762569 -0.659487119431345 0.670311841397517
0.0419317256759974 -0.0476876358139604 -0.69713294890609 -0.0316685237488998
0.0581407264657283 -0.0182807434307848 -0.0957913343557627 0.0595452744636829
0.00379932741594346 2.86984569238605E-05 0.675354425187943 0.0900653931534982
0.00806604949296616 -0.000266194986831107 0.695567507566105 -0.62495340084647
0.0341587237435945 0.0105524447924288 -0.160731137444715 -0.892681500756941
0.0474093811370995 -0.00714990990003161 -0.629109985480536 -0.213888921652055
0.00415551799552923 -0.048382152855257 -0.339005168329447 0.267726627803517
-0.010221666991813 -0.0383843481823329 0.0392271863478675 0.173555432218994
-0.00281167449624887 -0.0197752566729317 0.168372311572031 -0.133065297231161
-0.00429787050978729 -0.0309734466571238 -0.180846884046098 0.128356208211583
0.00257488081565124 -0.021127467705647 -0.0486623285863924 -0.149997199669669
0.0201557168590056 0.00687613744310689 0.354088936426292 -0.221315166215025
-0.0127349138956224 0.0348996435618936 0.55419526859113 0.246924432420797
-0.0429632798770707 -0.0179303541379739 0.0518497449341031 0.863398090846946
-0.0186824154496922 -0.0973389981958476 -0.744629719051451 0.599378896224505
0.0437038573980806 -0.0405797384141884 -0.685696342394635 -0.0841055387470713
0.0516960233584206 -0.0132462430714665 -0.0606760990768812 0.0678511587903431
-0.0016730793538297 0.00341060314879672 0.690821737791834 0.0359299291025595
0.00599352639489752 0.00441984090949908 0.616000141969958 -0.694702542808601
0.0345176426573046 0.00969243277741006 -0.258633513507688 -0.858002413145018
0.0408290585507103 -0.0111884594344826 -0.637308903912246 -0.143634221220413
-0.00187928567227442 -0.0490429786787654 -0.30752459368787 0.294238238407296
-0.0111401711202333 -0.0367832392071184 0.0585383892018801 0.169755309342893
0.000349761632942225 -0.0159219717527287 0.168306657111659 -0.134033672932059
-0.0050087360945941 -0.0235629855327216 -0.178132725812374 0.130135759382598
0.00421455171274209 -0.0168139873653508 -0.0303130036626978 -0.151498354415771
0.016765246688794 0.0103284667305284 0.378665969840342 -0.189827170544198
-0.0191031508352817 0.0339705813142652 0.529932303750444 0.307063684261805
-0.0458075604594484 -0.0180664220786377 -0.0459118400101962 0.874093563785836
-0.0141444573263889 -0.090769138675592 -0.814568810285709 0.519526986781281
0.033269015628492 -0.0335434729936433 -0.666920037811275 -0.131617444973772
0.0340827101115133 -0.0119412153517549 -0.0269610037242401 0.0779425922806814
-0.014619076176226 0.0117751569427332 0.700419621085805 -0.0153636577803603
0.00379095112740692 0.0144359796415004 0.536887469898197 -0.748720499617918
0.0346160068310772 0.0121885704725649 -0.346421849342647 -0.81467110776111
0.0331273673334482 -0.0142460975675177 -0.63818263945005 -0.0710951130123856
-0.00822930581731437 -0.0470975805129207 -0.275945725633918 0.317084697318566
-0.0128299641766785 -0.0319287485163452 0.0776383286016771 0.165967199498721
0.000333018948057266 -0.00800666974314321 0.17242944551185 -0.131921643846396
-0.00730607957046443 -0.0141815062921496 -0.172927001813794 0.131502630211357
0.00355217375550736 -0.00668023791096406 -0.0168070716355239 -0.152428068243647
0.01323242713241 0.0144292757798984 0.389312966836906 -0.168886714827821
-0.0267663088823372 0.0351725784349875 0.510651632942702 0.346128273597308
-0.0484164002342188 -0.0132423292982668 -0.11175671536719 0.879651078621284
-0.0190581085080797 -0.0794156114057598 -0.858686832589134 0.465637261323264
0.0106469945124987 -0.0298514826870559 -0.657233188406523 -0.157110418903243
0.00431804960196577 -0.012774827417183 -0.00505399913941644 0.0875775424693879
-0.0345001635476437 0.0230070739980219 0.703651008693323 -0.0489162310780117
0.00190497883084349 0.0298305794682854 0.482732754371375 -0.778279896473814
0.037007125461567 0.0173070771690643 -0.398448752626411 -0.783719028010915
0.0270328131342367 -0.0134912373502844 -0.635228916922447 -0.028731190735361
-0.011715514342445 -0.0434444457994437 -0.255761473485435 0.328962406219956
-0.0133062023599856 -0.0234668271637463 0.0896183712111298 0.161664993120667
-0.0023012381274527 0.000807017402057937 0.173732045916817 -0.131577485429106
-0.0125931801767157 -0.00330764168950389 -0.168374144022983 0.131547770556664
0.00171042500658843 0.00458390453610206 -0.0117764982938809 -0.154611848866364
0.00915196157119038 0.0177393374600781 0.392667218288123 -0.160664025390439
-0.0319875636896143 0.0364597254996752 0.499295126541136 0.359234654584202
-0.0511259123210295 -0.00454435962567756 -0.135684326290297 0.877903392722497
-0.0301932766243937 -0.0645875933984739 -0.871352184107137 0.446336549282382
-0.0188767829732008 -0.0297649225420559 -0.654729693555121 -0.160335029602363
-0.0296043737914844 -0.0160369325265449 0.00312600529244564 0.0944128717581125
-0.0563229272835672 0.0339705540417526 0.706860047805362 -0.056447998206076
0.000408389979913271 0.047742227104666 0.465573978845059 -0.785189713489867
0.0385179361337956 0.0245984632510606 -0.416896950622082 -0.768560288909463
0.0231600596112194 -0.0121836218290558 -0.634074975404426 -0.0124052855531407
-0.013642957287118 -0.0386316190446687 -0.248700221273102 0.334598763763802
-0.0130229707341688 -0.0132353096345833 0.0956393231120024 0.158601848779336
-0.00733732653602893 0.010793391895732 0.177429568940592 -0.13084802286898
-0.0189814858568579 0.00721761509470772 -0.164595014531992 0.132779737706102
0.000388700508575222 0.0165029356742916 -0.0134731811253012 -0.157490910792553
0.00472151676311581 0.022327696470364 0.388218035488979 -0.17019074077258
-0.0351952944246267 0.0391365113823719 0.508282333011027 0.345395621231968
-0.0524924406056202 0.00734508070365482 -0.11271444099186 0.877425015120286
-0.0440345059855486 -0.0477808142521902 -0.857384626478566 0.468379608273135
-0.0484424496568319 -0.0313570771744623 -0.660274006460103 -0.145569971457564
-0.0625219728612606 -0.0212111076416829 -0.00381770627999442 0.098784376901074
-0.0791932378101985 0.0429306222832198 0.707385444884689 -0.040585467583059
-0.00260467594218008 0.0642367155709009 0.486208092241317 -0.768774027705053
0.0398525267229515 0.0336311054221581 -0.39601349733097 -0.778702643843389
0.0211546738084349 -0.0092518919573307 -0.636471311715297 -0.0260384804354322
-0.0128333321639748 -0.0329258778420246 -0.25712110581555 0.33117891861944
-0.0137701684853386 -0.00235556481777132 0.0931076149163455 0.157936040575854
-0.0143942582434378 0.0192286779087905 0.181133579404759 -0.131031085622227
-0.0211507312667608 -0.032745073699399 -0.178524010408575 0.120556125587776
-0.00426693603605625 -0.0105438485561485 -0.103477859220259 -0.158746160609805
0.0174804850788397 0.00934913963205095 0.267641808367184 -0.318681415308428
0.00175047615451654 0.0353094188089602 0.581210872924515 0.0495959130761695
-0.0341345225510581 0.00118958490286686 0.323984671174737 0.765609226388452
-0.0451997959523519 -0.0728546496452894 -0.489690709481311 0.775211762324313
0.0150836781567981 -0.0497853059170005 -0.70407465243453 0.0798499460818154
0.0382588024130863 -0.0288147153864524 -0.154226539475241 0.0541294741017291
-0.0099043653173932 -0.00184370830086882 0.638645706790746 0.177451835139473
0.0036960750375557 0.00811741000084495 0.810180473377547 -0.483223755509765
0.0322627039951682 0.0185782127982057 0.0134867347893752 -0.917921968077264
0.052726167249041 0.001635303231339 -0.596891597570225 -0.329656767691075
0.00961986299652978 -0.040527287530823 -0.38920043204488 0.220326702282008
-0.00994786833462191 -0.0296979185656469 0.00619158719681662 0.174417168902675
-0.0179791712283749 -0.0169152056162876 0.167068452545413 -0.131864997580914
-0.0135611051925913 -0.0369633059893351 -0.179008659053976 0.127201048682346
-0.00458554002634609 -0.0187312044234954 -0.0891493627484076 -0.156044423032371
0.0188276669295924 0.00593365482364684 0.293636126082606 -0.293548103212686
-0.00156254742840417 0.0341346609214031 0.580715642135699 0.104887258421143
-0.0372911336828513 -0.00722113564290122 0.253884588671203 0.804598775371213
-0.0378832238504851 -0.0878415294332333 -0.568901963608723 0.740438867252422
0.0312199843448729 -0.0517977999195642 -0.704379643226606 0.0335662263397648
0.0534907624429719 -0.022757730894771 -0.12777829917617 0.0566460344902378
0.000479111599956644 -0.00140152130295863 0.659217312136079 0.133513971775579
0.00758919842641423 0.000825480860303908 0.760106799558355 -0.556711702715338
0.0337211953947295 0.0136322262760258 -0.0692572255154726 -0.910065038561184
0.050450421669939 -0.00208004367487748 -0.614971767610503 -0.273362265313563
0.00803603797630024 -0.0460887508222652 -0.363947358469164 0.243688734118615
-0.00986802837054825 -0.0342644064626984 0.0234680524267805 0.174220520169303
-0.00777985483361411 -0.0212318583054123 0.165480897762828 -0.137081607349568
-0.00935687061493593 -0.0350005031064849 -0.181558399276271 0.127773794989677
0.000785164762401884 -0.0216704375025131 -0.0707976857746804 -0.149376669736572
0.020125423545909 0.00577001686397706 0.327205002255409 -0.258854890201502
-0.00576220494679367 0.0364780211814104 0.576037737930644 0.170162990202144
-0.041166188665047 -0.0122596786476556 0.165479473831976 0.838410637592929
-0.0285194900186008 -0.0956538762278066 -0.651477232620776 0.679850774249466
0.042065598885069 -0.0472702436892074 -0.69833263914045 -0.0228016505756117
0.0591872681852503 -0.0181143786351428 -0.0954299960198779 0.0611960639018513
0.00432030235456991 -8.78672917162121E-05 0.676614043451022 0.0826713762587775
0.00666651231710547 2.63064013186556E-05 0.688428217819665 -0.631574225209292
0.0346680200665083 0.00996466885024826 -0.174072165053345 -0.889837625670187
0.047244840957718 -0.00773233218247226 -0.632376062385171 -0.204189489241043
0.00318986604635595 -0.048525301384239 -0.336993095604241 0.274599154081709
-0.0111708782331096 -0.0375780259942955 0.0409912110398193 0.173646864562944
-0.00295950384526132 -0.0207115265953931 0.166758347687289 -0.135062558445031
-0.00528751539033819 -0.0314834146465478 -0.179739836352239 0.130465699180828
0.00298912626902019 -0.0217041131705254 -0.0511555110398601 -0.149591670682076
0.0200863729357366 0.00674152766505762 0.353269538722494 -0.227438961523548
-0.0121500728220266 0.0355135203721502 0.558949550038532 0.238606922776735
-0.0432888600625233 -0.0174420157268122 0.064595149103391 0.865236688287341
-0.0203714720434913 -0.0972106247834661 -0.736771486853118 0.60946243804111
0.0435399906304936 -0.0401327550396353 -0.688409600795406 -0.0749197411311073
0.0520079187868148 -0.0148813848412992 -0.0594553330438188 0.0697322780583033
-0.00211700707739707 0.00430371268360841 0.69120899717361 0.0266407225698086
0.00678327092189484 0.00362834072407059 0.60565614838851 -0.702709659599207
0.0346747449833425 0.00924871647383754 -0.272151345868387 -0.855781614876535
0.0410589903165516 -0.0120472252658199 -0.641596294351508 -0.133971590917957
-0.00354106171355073 -0.0490051304734656 -0.303918349918815 0.29964245399635
-0.0122334263047705 -0.0368295388491682 0.0611888163835764 0.170745864719393
-0.000119321811791357 -0.0161132550260382 0.167806616437206 -0.135034402144287
-0.00509665753528668 -0.0237857830680027 -0.176511548650524 0.131907260558027
0.00410238857147056 -0.0168167549935268 -0.032524233718904 -0.150962738805806
0.0167816971636412 0.0104802528854063 0.375989058706893 -0.194226400119347
-0.0179784025656063 0.0351968746319623 0.535031066672999 0.298689830206615
-0.0457001701490063 -0.0186459142098254 -0.0335408563020579 0.876060014983833
-0.0154026972379415 -0.0912905149508921 -0.808879161089879 0.532227009592599
0.0345511206011745 -0.0329393361348943 -0.670938192971266 -0.123130288076232
0.0339781286392137 -0.0117658803644142 -0.0255434504334799 0.0787757431620916
-0.0146475524832681 0.011870006787656 0.698260304118073 -0.0233501185425745
0.00400128788977499 0.0143682246101876 0.527585440995103 -0.755870289826544
0.0353962473902947 0.0112441052301906 -0.359395156668911 -0.81105081567114
0.0334870985323929 -0.0138762725447598 -0.640447419489515 -0.0619852372627649
-0.00936574791364546 -0.0470696623196933 -0.272876421099679 0.322403780604583
-0.0128369263318676 -0.0322156776229447 0.0794575122632632 0.166470953279814
-0.000768830638793898 -0.00825929569503984 0.170668654081551 -0.13270627398461
-0.00786373721590252 -0.0136609459914806 -0.171798034982118 0.133263893426704
0.00470388821847632 -0.00720866628402898 -0.0187702251553795 -0.152417208026401
0.0139033633609175 0.0141770340649387 0.387306242642869 -0.17335522339092
-0.0259315019579706 0.0364651672081187 0.515957664910857 0.339369317379185
-0.0484483125538557 -0.0133393070036461 -0.0997421755478809 0.881267565972179
-0.0200746619163066 -0.0795225084163529 -0.85415423776811 0.478301683287305
0.0107775088003639 -0.0292010468213826 -0.659097552988726 -0.148790787934539
0.00431453487434104 -0.0123266192005414 -0.00290971584597425 0.0880682018019408
-0.0341839538408239 0.0231747985714913 0.705733530086497 -0.0554899444332649
0.00303843886050961 0.029938179166729 0.473466718408176 -0.784535763351286
0.0367061826209617 0.016488463682853 -0.410970980523356 -0.77862638576602
0.0270049563274453 -0.0146079144094129 -0.638962185795254 -0.0180375813764653
-0.0129631473203402 -0.0433454893970445 -0.252007135624166 0.334598549054518
-0.013364250904278 -0.0233813263275333 0.0928897839471141 0.16177356192037
-0.00310425297503369 0.000685651925986155 0.173072154791339 -0.133226015159466
-0.0122927816174575 -0.00285464684971063 -0.167298336279958 0.133703511906845
0.00287744902557983 0.00478015812874675 -0.0133322959925279 -0.154660855972841
0.00932871586820566 0.0175260943031585 0.391820887651444 -0.167113234137256
-0.0307718276832986 0.0375085273044412 0.505895694138135 0.352194019890115
-0.0511291605141033 -0.00459921701463678 -0.123035643976825 0.881366895191442
-0.0306402531386505 -0.0646106383557993 -0.867189383413359 0.458661589313192
-0.0184139651357283 -0.0298758731529528 -0.656828784295532 -0.153578593821744
-0.028505759686754 -0.0157020859674943 0.00500448297734915 0.0955578848272928
-0.0556809238759748 0.0345744778481376 0.707570730306132 -0.066476149593157
0.000817829189196526 0.0480325099680516 0.456848508392808 -0.7890078787173
0.0387974557125174 0.0236297934561312 -0.426379550028402 -0.763025538666169
0.0229200892807241 -0.0125314397656682 -0.635389881344831 -0.00203055123737317
-0.0142131760292776 -0.038104310879389 -0.244836135065021 0.337788730049697
-0.0133627143005067 -0.0126578298992991 0.0975448390454433 0.158450107058222
-0.00797235532168801 0.0105011149812634 0.17637356853729 -0.132729227545612
-0.0192566610413101 0.00789208418222391 -0.162322390810538 0.135031802167037
0.00105311559635329 0.0161573758159473 -0.0156567113932846 -0.157167604527176
0.00496371247133086 0.0219869790051115 0.388500479210536 -0.177193012075742
-0.0345113889676447 0.0391098004043549 0.513044453713462 0.339327089950445
-0.0535715207891737 0.00766375299579613 -0.0992968739394726 0.881982491014
-0.0442592045903029 -0.0479976741177981 -0.855202007166655 0.480695221508674
-0.0484038322867287 -0.0305651109959636 -0.662963204122451 -0.138082359175321
-0.0622015918999773 -0.0208881963215662 -0.00196426931546571 0.0997974124692723
-0.0783265472358009 0.044012882967017 0.708682409898794 -0.0495210506086481
-0.000973144054210812 0.0652538816475481 0.476875388552346 -0.776796127545364
0.0409476099805195 0.0325741121975791 -0.407338990164314 -0.773097082338256
0.0220960601825676 -0.010207338206006 -0.637734345722618 -0.0175348428047303
-0.013596702576091 -0.032392646302802 -0.252497862315114 0.335467747121286
-0.0137908991408543 -0.00200667972834722 0.0957185946304295 0.157432270483517
-0.014431344435327 0.0194365327329473 0.18021377611128 -0.132459197921505
-0.0218835111736683 -0.0322199771002579 -0.176488410483989 0.122387710345193
-0.00343051499771841 -0.00993353454197296 -0.106745115853849 -0.156817084969255
0.0176187880062776 0.00917182634306424 0.262161010129595 -0.322248767950433
0.00174875377911023 0.0358727162295315 0.581775509184507 0.0396675720251499
-0.034203539476064 0.000670787356510142 0.334693348541137 0.761334224272317
-0.0453688546558646 -0.0724315846559834 -0.480284623077219 0.780032779360128
0.0145372336423512 -0.0493574182316101 -0.702314020419448 0.090158698729383
0.0375369062524931 -0.0293230323903369 -0.15298905252563 0.0561470029843789
-0.00889637702629679 -0.00124348275383586 0.64051199548952 0.167838808103594
0.00361067249068782 0.00800434965646956 0.801631314940731 -0.494868781332081
0.0322964777157843 0.0178729104038652 0.00118368235460853 -0.916177415523487
0.0531147266056043 0.000713568093931961 -0.60318241443742 -0.321085001564252
0.0087582471042679 -0.0405332321875522 -0.384572106131878 0.226605473117076
-0.0112557361818104 -0.0300052007261144 0.00871341245178104 0.175403853301116
-0.0181767516295255 -0.0170346102915713 0.164960045244494 -0.133372435382997
-0.0133071920784761 -0.0366411116239239 -0.177267183656988 0.128669502178521
-0.00393212320312559 -0.0188069293767603 -0.0914873120942353 -0.15464598873914
0.0180072583348039 0.00626604084407383 0.288780884820123 -0.297956673412925
-0.000765805057116487 0.0348600304084328 0.582549650083675 0.0962572803739213
-0.0373699653855548 -0.00662504719603987 0.266283499912616 0.801807186403663
-0.0392404065964312 -0.0871093446150397 -0.557750621399374 0.745435905566953
0.0319371490391679 -0.0509704432462283 -0.704023182059956 0.0416766248134342
0.0531141375335108 -0.0236781839036679 -0.126909873558126 0.0584924784592388
0.00131410759673433 -0.00150419248506637 0.659557082657315 0.125700075812538
0.00750230676300631 0.000576423970899839 0.75079016251498 -0.564226845227851
0.0342815094135233 0.0131620076857112 -0.0810368861340335 -0.909221092223799
0.0515285283175538 -0.00297412105480471 -0.619370781638735 -0.265588416226512
0.00596865615376575 -0.0457416114674534 -0.361376067358938 0.250122710270496
-0.0105995662086363 -0.034440507200698 0.0248544967473441 0.174050859748605
-0.00860007282469915 -0.0209200606477853 0.163422575256766 -0.138057723825765
-0.0103640078457899 -0.0345284605320434 -0.179574970284618 0.130211542699063
0.00198533555299973 -0.0223219169482459 -0.0738400250084392 -0.148399586886321
0.0202952065597413 0.00525526584523806 0.324100022818705 -0.264201699337903
-0.00554921719449942 0.0361968729695763 0.577652357448855 0.161721439629341
-0.0415455089437106 -0.0126226934533471 0.176850199386692 0.835090895101212
-0.0302077837694583 -0.0944869264353209 -0.643968785545002 0.688971872940108
0.0426131842496628 -0.0471611738289593 -0.697861229856494 -0.0146381813791842
0.0582281025032562 -0.019058323232514 -0.0937587153357824 0.0635385830044482
0.00405438942768707 0.000149487920671917 0.676855817092797 0.0725330490528612
0.00740196953148483 -0.000106576356927894 0.678239349616018 -0.641345780208141
0.0342795684551127 0.00951043448084287 -0.186486187989696 -0.885313814119614
0.0475776225283811 -0.00906971269468228 -0.636100991091328 -0.194619155197584
0.00264222840204906 -0.0477318049869551 -0.33316463053399 0.278816167246469
-0.0114548427654408 -0.0376119908580091 0.0426791184753754 0.174413921367862
-0.00431377841409517 -0.0198912013576108 0.165229262801343 -0.136074687884934
-0.00573234593315993 -0.0310073478546058 -0.177443565163716 0.132765507654763
0.00330551090554913 -0.0212070785579531 -0.0527268699341086 -0.14848490818385
0.0199856942450532 0.00680016574781898 0.351208736298456 -0.232050133348964
-0.0111609073792856 0.0359636195064476 0.562440439224917 0.230219179325011
-0.0438918314603478 -0.0175217902138523 0.0773892276181597 0.864200345448138
-0.0214265125864885 -0.0969847797977827 -0.728016863830688 0.619971173759969
0.043384111469576 -0.0403195444943571 -0.687726096447591 -0.065624121107347
0.0523335744624982 -0.0150581131636259 -0.0587982256692611 0.0707428542290291
-0.000643247729770383 0.00424298098239186 0.690276865940733 0.0165285263316954
0.00601035264089207 0.00372360144401608 0.597257426237771 -0.710002408951752
0.0345228133924953 0.00821889451193006 -0.284975815590619 -0.850445678440633
0.0407149546035295 -0.0115968760174858 -0.643546035487003 -0.12160735485484
-0.00427860689528165 -0.0488440712576781 -0.300052986975355 0.304766670716265
-0.0120040460705477 -0.0372172889040547 0.0631485345592188 0.17045659720302
-0.000449448474920446 -0.0156560734461809 0.165534093423091 -0.135918189232821
-0.00598115126491558 -0.023093308455258 -0.174346567436027 0.133703845911623
0.00492522128177498 -0.016602849415603 -0.0345932434188264 -0.150774327637248
0.0174834520388759 0.00999624383587028 0.373796211616017 -0.201911788902879
-0.0178879592572145 0.0360136349179333 0.53913951438601 0.291603793680428
-0.0463337470933131 -0.0186384535215122 -0.020490668111344 0.877836798126102
-0.0163166268603365 -0.0910674132407047 -0.802077809425726 0.541832697389132
0.033817992487084 -0.0329378312063968 -0.672611904757631 -0.113955879060358
0.0344453174146326 -0.0123322988825377 -0.0242943329224281 0.0792358190826608
-0.0135737052381232 0.0118352488768582 0.700325626867362 -0.0323461989001675
0.00456626784589433 0.0144725129185618 0.516594331065888 -0.760922888457059
0.0351341929461847 0.0110342905651576 -0.370601759779156 -0.804228693592629
0.0332843199732596 -0.0140028997040327 -0.642342350654257 -0.0516848735985109
-0.0100507545843301 -0.0472003656214754 -0.26788769078153 0.326492056911877
-0.0136069160514454 -0.0317059073789758 0.0818307083393048 0.166163846547092
-0.00125776028632074 -0.00805924599754965 0.169288063564358 -0.134469057922249
-0.007471938265022 -0.0133416394195791 -0.169338568034811 0.134645120495902
0.00436283889137757 -0.00692066935499915 -0.0208963007989121 -0.150977572303913
0.0132502902349296 0.0143160844187418 0.387550552741908 -0.178756849392131
-0.0247896399487476 0.0367811588574174 0.520324898020402 0.330200077069775
-0.0483027609243345 -0.0127631801519509 -0.0861336134615837 0.882850078661789
-0.0195147207031012 -0.079244420017374 -0.845951505500885 0.48730001508881
0.0110540596323604 -0.0287803066537863 -0.660797776285407 -0.139087440670742
0.00484045132242573 -0.0129916165720007 -0.00237934039147341 0.0892269558274296
-0.0330998650367224 0.0244312284870526 0.70407079201275 -0.0677480691909899
0.00276453472731748 0.0296770000066777 0.461172952646717 -0.789687155187922
0.0368229870907024 0.015452438670656 -0.421949532462696 -0.769754276413871
0.0272608399662778 -0.0146165302486626 -0.637987431484142 -0.00893537323734992
-0.0136584672237806 -0.0428150458116848 -0.248191560710291 0.339046533795827
-0.01365382876828 -0.0235273799288526 0.0942903658907581 0.160976451715226
-0.00294491581174837 0.00125750806928966 0.171301044335003 -0.134582012645829
-0.0132189004568389 -0.00206434442314538 -0.164600513776711 0.135786508133694
0.00353747539639593 0.00465430558968416 -0.0153550451382681 -0.154405488734835
0.00951258630932009 0.0180721005247747 0.39014762291486 -0.173049365868517
-0.0299695527967163 0.0386652333068397 0.511584787911926 0.34446517665549
-0.051540600449204 -0.00471253774626683 -0.110355184115295 0.88246005305842
-0.0313493774315416 -0.0645973870759119 -0.860411395164813 0.469697064868902
-0.0181769985644806 -0.02869134872946 -0.657510090536611 -0.144124849574473
-0.0290604905376157 -0.0150545383679936 0.00630095868460918 0.095782450744849
-0.0556983498330645 0.0358813940958211 0.706246304486208 -0.074925963750653
0.00173192011658917 0.0471831434664297 0.444434271372865 -0.796074309817043
0.0390712855057718 0.0226940378453845 -0.438251402584426 -0.75512421013588
0.023630971409706 -0.012903101427115 -0.636864230042088 0.00652568138583034
-0.0150317211899183 -0.0370166939090321 -0.237723506217945 0.342433737063291
-0.0142690185565534 -0.0136451106281219 0.0997080590807417 0.157843850706173
-0.00831149292942946 0.0106236704946057 0.175765880289744 -0.133883807143012
-0.0189039917547841 0.00813672486636752 -0.160256365538498 0.136450483206276
0.00182019319196504 0.0158705459176629 -0.0168828380386657 -0.157034330769417
0.00567509271303329 0.0211700784306518 0.383964735428896 -0.182253496793927
-0.0329736589109241 0.0409453684413262 0.518643000503513 0.330358007357801
-0.053721532205836 0.00722174372363596 -0.0871113582517173 0.884008442236564
-0.0443304370621642 -0.0483025095743546 -0.847611106277819 0.492067111075963
-0.0479747435259834 -0.0292593357263312 -0.664511299157043 -0.12771033858239
-0.0624212473737019 -0.0194502944470631 -0.000410019274951161 0.0995901593622098
-0.0781010484463755 0.0454429637728988 0.706525955918432 -0.0587243373327397
-0.000424633215069567 0.0652591061642912 0.465257143177446 -0.781893481190613
0.0412229956918176 0.0322528940914368 -0.419520803676541 -0.765440557865885
0.0212907433694181 -0.010340732678676 -0.638321974171987 -0.00694982612505995
-0.0140289611253322 -0.0324559622347638 -0.24812847763386 0.33961469767934
-0.0143726005899144 -0.00168749696695719 0.0975427141624374 0.15732786903608
-0.0148996858139795 0.0194844908423674 0.178493108163694 -0.13397550486377
-0.0286868132883035 -0.0239148820234969 -0.157140573594492 0.140105312977717
-0.00823056893772694 -0.0111131231095202 -0.12351298702822 -0.1416829594935
0.0191143358472353 -0.000413830765538791 0.220418603903246 -0.346751399031743
0.018772364104484 0.0320785371960989 0.577331886546811 -0.0313043729339124
-0.0200511795052773 0.0179152939854685 0.425345297637849 0.715172032049016
-0.0557158721371673 -0.0416351902138976 -0.378295123555723 0.822582087433261
0.00152550569819931 -0.0431052072706572 -0.684370037893457 0.172204519912521
0.0336316029016754 -0.0297925575357408 -0.143747157543633 0.072674675066449
-0.00275109859485467 -0.00556571088111942 0.654005101122553 0.106187238986589
-0.00225254502831861 -0.00305530596059955 0.756762304745963 -0.564916134287523
0.0238630731817348 0.0138151337293486 -0.0852319347420974 -0.909680785246401
0.0513762894545881 0.00440609261321231 -0.630778314761342 -0.266913793656198
0.00929660702030483 -0.037676224718476 -0.363197053821976 0.262581474159998
-0.0130676439331067 -0.0302791904398388 0.022933356641426 0.176529853643578
-0.0218021301409718 -0.0160977735185182 0.151674740898583 -0.143764067679133
-0.0210213156865984 -0.0297545657547293 -0.157234782195645 0.146962367651551
-0.00956053529160542 -0.0192111749157511 -0.108765250431946 -0.1402424792112
0.0206384847571304 -0.00414741720774856 0.247623362416305 -0.327849478573099
0.0156941516020447 0.0321538871303761 0.585933210393702 0.0226661990644008
-0.0246781297458257 0.0124229570720187 0.36092279357183 0.763017914856856
-0.0532147675628225 -0.0565564057683457 -0.455609039760196 0.797941463217137
0.0174502561341694 -0.0473255378235302 -0.691700710259499 0.125878551103818
0.04876321278168 -0.0266230617621388 -0.118214507565741 0.0723287543784533
0.00767924549091718 -0.00714439326519487 0.669054699310947 0.0611997395757766
0.000271010588572207 -0.00978422506519639 0.699789210135058 -0.631648689003612
0.0248308788295249 0.00866791324878459 -0.166708205223207 -0.893227991654291
0.048833007018411 0.000650085595320125 -0.642924846602083 -0.208448150877832
0.00748732392791713 -0.0421379165076774 -0.337690285171168 0.284078980901941
-0.0130822395410483 -0.0344325975634462 0.0406238066850599 0.173779172883789
-0.0126328755488774 -0.0206568784364852 0.150330473256117 -0.148210441930437
-0.0164471453127487 -0.0276061077087062 -0.15929585541924 0.148207679649902
-0.00453478387034548 -0.0237644792501785 -0.0886552500667739 -0.136876163325609
0.0239735480737635 -0.0048148434710193 0.286990810518977 -0.299593757033879
0.0122830892639959 0.0350351424576856 0.588399190309382 0.0886132074755133
-0.0301826459568965 0.00888100449189572 0.27753249042823 0.807204256110692
-0.0468819691604808 -0.0656493827637692 -0.545384755817278 0.751340641640471
0.0279397626232627 -0.0454806363143878 -0.691104358704425 0.0690970075517892
0.0560076827942175 -0.0230568712506076 -0.0852929131316001 0.074038923444944
0.0110477297341615 -0.00679875422942115 0.679460432951618 0.00766592441353823
-0.000180648595049588 -0.0100263260407054 0.617880090904793 -0.700294468500705
0.0251458658883348 0.00719799495606877 -0.266494205125091 -0.858606611122462
0.0462202118783473 -0.00503667847066048 -0.651528550680153 -0.137334782447601
0.00191513636017209 -0.0447732051880057 -0.30428135002787 0.310838314578124
-0.0142489417357282 -0.0382873540729686 0.0584225868584429 0.171874235903963
-0.00835122537223311 -0.0204765549190653 0.151846647302399 -0.146321536435718
-0.0127012920377167 -0.0248533118626995 -0.157302049753838 0.151024942131895
-0.00167963609443353 -0.0232754627641418 -0.0692384228830161 -0.140195116790504
0.0239569572155896 -0.0033988709447493 0.318123911348894 -0.27092704424742
0.00728527356976352 0.0377829654852025 0.581340349775532 0.156081919370762
-0.0353783150094258 0.00631050689891238 0.180812132625368 0.847646456222128
-0.0415025358438997 -0.0697159469044423 -0.638887381434998 0.692735416327229
0.0293897187925981 -0.0385002329624052 -0.687240939427987 0.0166747112738864
0.0505620816376489 -0.0181042032204259 -0.0493317029197599 0.0771228579231865
0.00542836032853 -0.00305193519832383 0.688079987970058 -0.0478348889001095
-0.00277739722458211 -0.00443185967636041 0.531132363895069 -0.762723532607905
0.0252676277448312 0.00693731507136744 -0.360296220766401 -0.815370052877643
0.0401758808958415 -0.00815786454742895 -0.652335407433217 -0.0658192565612342
-0.00363042124048472 -0.045860551060166 -0.27074644543641 0.3331397087183
-0.0155322654683794 -0.0371388776195999 0.0777042578732441 0.166850680500283
-0.00492612071293114 -0.0170985374495837 0.152506948820086 -0.147559887629254
-0.0109075866492536 -0.0178394738019542 -0.154703924195741 0.151601877568189
0.00126503651541353 -0.0198825387351003 -0.0511609733167004 -0.143838660131517
0.0223438528635783 0.000247304138814769 0.343183096173579 -0.242123636928565
0.000256379545659081 0.0390878135073461 0.567444016647353 0.220729855871985
-0.0400245071669527 0.00689477860869147 0.0865269430264183 0.871283351644046
-0.0388406899609566 -0.0654169545670951 -0.719172356414952 0.624358340954612
0.020826288928328 -0.0317267276888977 -0.676265060200783 -0.0317558456149724
0.0337014280392325 -0.01478361174424 -0.0152239541332996 0.0819489709399194
-0.00675785811640202 0.00647202510461289 0.693215783494074 -0.0987111483767345
-0.00381458713528335 0.00721122681095352 0.446573086512837 -0.807114979711674
0.0265308605829238 0.00977978432128472 -0.443531791899652 -0.762590192749008
0.0338102847178319 -0.00910309570983642 -0.644660807126379 0.00329615306304893
-0.00881700854539263 -0.0431240427516744 -0.236455828574439 0.351391925396447
-0.0161230472761381 -0.0326683808058411 0.0964916355250346 0.159706608139439
-0.00457483035034621 -0.00936297269257216 0.156330185849238 -0.14536784258684
-0.0110135381987741 -0.00794558984071193 -0.14893692063063 0.152054268167285
0.00202652617678568 -0.0101747708574862 -0.037593636824478 -0.147055921902849
0.0197446970189124 0.00531625746978041 0.358762191730225 -0.224237676519905
-0.00664356294836265 0.0422741313355885 0.553895645631554 0.262450142631273
-0.043254467740463 0.0124007475396587 0.0223174158678621 0.88399343315245
-0.0435574566347734 -0.0542546797703605 -0.771087657235238 0.577503926577776
-0.00207762785881793 -0.0257059026252267 -0.668288349505388 -0.0591835929116737
0.00454872750233625 -0.0115153747639622 0.00821695935642425 0.0878778732659758
-0.0253516150312059 0.0192472150194354 0.692790374744529 -0.132482255307861
-0.00334159211706433 0.0239701647139425 0.389647161640567 -0.828738680136931
0.0290133922402771 0.0147208929767649 -0.491542350030945 -0.721884995301166
0.0281064211536415 -0.00917976423986504 -0.636890645380106 0.0495095586397986
-0.0125211635880683 -0.0395843467997539 -0.214793708972259 0.362078180424825
-0.0157903047446894 -0.0243066342009916 0.108590964590294 0.153025446233505
-0.00627927211298678 6.71015999391573E-05 0.158724384637112 -0.145364696309319
-0.0147134332590258 0.00414769893077111 -0.144976734968566 0.151608110774971
0.0027727143529158 0.000587475721357048 -0.0335024845837503 -0.15011662455617
0.0166892659083104 0.0101330064945837 0.363098906444053 -0.21829739547285
-0.0119111816951259 0.0454922570565093 0.546579215559296 0.275812594624432
-0.0455742592608635 0.0220314814960239 -0.00425846527856087 0.888867130008467
-0.0531230137015976 -0.0384914053811103 -0.785857064358746 0.559090411093674
-0.0311029679662045 -0.0221027717040925 -0.665482984417853 -0.065267664460853
-0.0285898700918701 -0.0102132501284976 0.017563235197213 0.0933785828083205
-0.0459527267137097 0.033922234132727 0.695199344143485 -0.140872725400323
-0.00261822171295235 0.0419173268392651 0.372834946849857 -0.834706445814615
0.0326248300194759 0.0221295243729272 -0.506555518644546 -0.707165664197207
0.0248324504950978 -0.00766771949681578 -0.633936096835734 0.0645895334024102
-0.0134589694846924 -0.0346677667705172 -0.206121020611977 0.365790765921871
-0.0146578241177222 -0.0138136728428633 0.114792195430925 0.150125613061711
-0.00988301975051566 0.0102767182858824 0.163347519069944 -0.146091725493167
-0.0185752231958862 0.014989155257957 -0.1403431635157 0.151309970645663
0.00242020881598614 0.0126586215065321 -0.0358114753909136 -0.152113774913084
0.0130791195413397 0.0138243827676813 0.356874634626488 -0.226811064756515
-0.0147918617385445 0.047370877681073 0.550466768952571 0.261586941170761
-0.0455380681645197 0.0334709722790356 0.0201652101267332 0.886223287772324
-0.0631128801717099 -0.0206627034230671 -0.771406627909103 0.580024750948519
-0.0612624280136046 -0.0185179390991975 -0.668147795626976 -0.0473151738931932
-0.0620036390235644 -0.011399162632892 0.0111192591883737 0.0980623852661108
-0.0672182451970563 0.0463670799090362 0.697990987848177 -0.125264588046665
-0.00308337886249931 0.0589556739185844 0.395402493721301 -0.823486991702812
0.0355998017192045 0.0302456093238154 -0.487746035228861 -0.721861928113077
0.0234714115403268 -0.00394578859494021 -0.638558048061305 0.0516076439404844
-0.0116449263616912 -0.0288831455383538 -0.21535758701854 0.362148893179995
-0.0135691796111498 -0.00279381429145574 0.112877878377829 0.148795298102359
-0.0150878339088921 0.0196867986181307 0.16673260300225 -0.145609795360669
-0.0287990699296202 -0.0235033073764853 -0.155136702123413 0.141742070273538
-0.00771372032813783 -0.0107435205791649 -0.126132475202143 -0.138258186191734
0.0198476251175767 -0.00117305460673034 0.213809018196506 -0.349086849742851
0.0188718378434696 0.0321594298027022 0.57369799719446 -0.0400407218437991
-0.019705476836061 0.0178331310948482 0.433126929243223 0.704927846997626
-0.0561192990609244 -0.0409030428172462 -0.364963048733524 0.82527184254537
0.00150513553974817 -0.0427991221292191 -0.679503594631939 0.179838088468156
0.0336278152606329 -0.0301130392146696 -0.142208625300112 0.0746899150443388
-0.00228225116032281 -0.00538341746408929 0.651496359810641 0.0963274688768652
-0.00188025422938017 -0.0033935896366724 0.746833783185401 -0.571231405789916
0.0236531193056336 0.0132180474792847 -0.0986703714170699 -0.904029899095545
0.0517795449621078 0.00360834735930365 -0.632590090798663 -0.257059931121076
0.00900018098595307 -0.0373380085463012 -0.359719908953178 0.267813211610937
-0.0135406704934897 -0.0297206603647758 0.026305395629669 0.176646335237475
-0.0226883608658174 -0.0156218407269774 0.149374431286585 -0.14395053343734
-0.0213568887614201 -0.0284051547107356 -0.154645278914195 0.147471425814144
-0.00814941401786756 -0.0190098608562376 -0.111253145465741 -0.139002400561623
0.0204734183935817 -0.00375977479709857 0.243757997002027 -0.329000260601168
0.0157645143445443 0.0319253080541105 0.582021025321611 0.0147543598344816
-0.0250268705828867 0.0120879385758038 0.371757668516667 0.754817436962852
-0.053172501834442 -0.0564248143426142 -0.4441771979239 0.799931002758761
0.0175944056661311 -0.047056701341636 -0.687742163621018 0.134224498690781
0.0492454930823047 -0.0267325307616081 -0.11624573455751 0.0740151552615667
0.00849045405975663 -0.0064472062225835 0.666374278433166 0.0511178108629645
0.00066068078307497 -0.00957680374533215 0.686759241502966 -0.637822004871488
0.0249407662586687 0.00875057291456788 -0.176722459401242 -0.886152502159498
0.049730886248461 0.000196242435300857 -0.643890058653745 -0.199124297963009
0.00595402114709138 -0.0417849099764553 -0.331833084383151 0.28778562900282
-0.0137947335660896 -0.0349544385626312 0.0421104876458083 0.173790223060864
-0.0140920260497074 -0.0206389905433697 0.14760716832584 -0.14890924766492
-0.0175062479731252 -0.0273979541761043 -0.157329527021791 0.150401891243546
-0.00388890904303893 -0.0231884573545719 -0.0911167461789297 -0.134741945781474
0.023259463922611 -0.00511652294779139 0.281429687968163 -0.301856885456389
0.0130861131613309 0.0361074066417538 0.587791734580011 0.0795600066886352
-0.0308082340315046 0.00860486467189724 0.289331003999452 0.800462388285779
-0.047454726807211 -0.0650691286523293 -0.534898720190312 0.754689654816734
0.0285578081539146 -0.0445254861199728 -0.687605744425207 0.0769678527023697
0.0557855806746737 -0.0231290478420932 -0.0837224035015988 0.0754864048195548
0.0111439578726229 -0.00677711088233504 0.678256104027897 1.6413889968884E-05
-0.0012732802802014 -0.00947173438137695 0.607051758029535 -0.704346669049473
0.0249583787131757 0.0060841353288498 -0.2788452134727 -0.852827516516847
0.0464547930311475 -0.00516325905502782 -0.651517774935004 -0.127281082651831
0.00143531502831681 -0.0446700843215868 -0.299860542996048 0.314013442561877
-0.0151822454722912 -0.037872963853346 0.0608918520503283 0.171585041681734
-0.00916497827573163 -0.0205159420654482 0.149724875753598 -0.146815770606087
-0.0127102650968108 -0.0243941852047711 -0.153686965031472 0.152638975799126
-0.000970516873706754 -0.0242332113321048 -0.0706717212932671 -0.137533559687173
0.0237364356399176 -0.00430062575714996 0.312914751619603 -0.274542739095617
0.00800930308855193 0.0376103841907357 0.580538147413755 0.149207589039096
-0.0357340721863213 0.00535142606056602 0.192212909760374 0.840235676300915
-0.0419641235886443 -0.0689552608165785 -0.628232242445872 0.697469412374245
0.0297252387546314 -0.0390000136065321 -0.685793466534628 0.0245741298787657
0.0506114088375665 -0.0194347379719483 -0.0485916311903079 0.077322464515013
0.00577849673272199 -0.00321885578646831 0.684683752028793 -0.0562834871312026
-0.00283873579188422 -0.00437585284783746 0.518545027705948 -0.766337528777925
0.0254534171484755 0.00658621656425188 -0.372494231042419 -0.80525630529035
0.0402247329190015 -0.00854197715797205 -0.650695624365497 -0.0537025490174649
-0.00426495312992763 -0.0455678787460756 -0.265026576791724 0.33640395874123
-0.0161981126364101 -0.0375760539808952 0.0796984544381476 0.164702313725247
-0.00592784244292038 -0.0167668589352938 0.150449202473522 -0.147676763867196
-0.0111485102871988 -0.0171878514253222 -0.151122539173784 0.153641542281688
0.00133373074216664 -0.0191880109598906 -0.0525502684062292 -0.142460992807056
0.0225849649464575 0.000623476572306263 0.340097723335195 -0.247220838567125
0.000325131672445493 0.0395109166656102 0.568227069804898 0.212433531852775
-0.0399586787458313 0.0073471322100392 0.0980455803457051 0.869471423973485
-0.0391977962964269 -0.0649882108890626 -0.709105409435634 0.631875666695252
0.0218543186027397 -0.0308492968896109 -0.674837695455177 -0.0242176829564587
0.0337414076094424 -0.0148638041751373 -0.0142671855384095 0.0824126830734835
-0.00648848446268754 0.00636511518387994 0.688220979440411 -0.10792592581135
-0.00343473683577758 0.00719214565173957 0.43478043567572 -0.808977075226939
0.0263155100027757 0.00918323880323654 -0.451905273677993 -0.750821340912884
0.0341361327809401 -0.00985032292532783 -0.64428219747785 0.0135010149202422
-0.00943768823189175 -0.0425042512467857 -0.231723199835321 0.353378408076362
-0.0171058165890231 -0.0325647688611512 0.0985772153301435 0.159530742301393
-0.00495638170494558 -0.00967444438363435 0.154600695976688 -0.146769686619842
-0.0118166927455355 -0.00758546684405796 -0.147114965593303 0.153022289495608
0.00298778253736526 -0.0110426687719767 -0.0399050335115908 -0.145392056077264
0.0197921449183522 0.0047738523325277 0.35503676844968 -0.226576941351458
-0.00575239217225025 0.0425661446784456 0.555322478408627 0.255201493471694
-0.043613763732092 0.0126245486107194 0.0348063575102655 0.880822596924548
-0.0433396561650107 -0.0540236628697886 -0.760482253619625 0.584835035668077
-0.00137024294178007 -0.0255681754572113 -0.666774887954605 -0.0504537016624539
0.005720843321831 -0.0120501685680192 0.00967199688644234 0.088438828383477
-0.0249588913282199 0.0190573944055466 0.689596330484878 -0.14194448870267
-0.0033985785150722 0.0236319320638853 0.378040944060882 -0.83104220272794
0.0289363696763247 0.0142062882294493 -0.500285381039192 -0.71289657369724
0.0286228139391809 -0.0100341625014546 -0.635773703784833 0.0576027525623473
-0.0130997825064057 -0.038808350826871 -0.208336736972641 0.364740929617427
-0.0164639281169625 -0.0244935668573323 0.111134922825301 0.152071607068095
-0.00625580038483305 -0.000771272012657595 0.156554325373912 -0.146995454862687
-0.0144128966817271 0.00395884284490403 -0.14249620260257 0.152480943221901
0.00345669179613599 0.000102221889816227 -0.035110011949949 -0.150232176138534
0.0162500512692357 0.00967216395096959 0.359608697358473 -0.223044048888245
-0.0106326054628883 0.0455229088565659 0.546998675923476 0.268764281930184
-0.0451641879764519 0.0223436764056081 0.0101433775339481 0.884740023235757
-0.0529667592032102 -0.037804246486301 -0.776931458382816 0.567691459966633
-0.0305628386970905 -0.0207028166233122 -0.664991502749866 -0.0559904174549551
-0.028364146941561 -0.0100409322693245 0.0187146274655847 0.0935297664228524
-0.0453714518007649 0.0344425677253836 0.69094434668243 -0.149868383420367
-0.00250816221892639 0.0416706828302279 0.360617141858406 -0.835713692969954
0.0324894159528893 0.0214774834688886 -0.51485368280611 -0.696248346952637
0.0245827164272 -0.00764706956809327 -0.631963556464799 0.0731227776635896
-0.0140485178296271 -0.0340449238319164 -0.200617747075053 0.367267769905434
-0.0149886930196434 -0.0141412102140998 0.116879736392107 0.148262271008721
-0.00997632159181324 0.010284405374551 0.161551564986056 -0.147077422113581
-0.0182766468280507 0.0152960341322385 -0.138590076586426 0.152432512163765
0.00347492013212506 0.0116063014279105 -0.0386840091488139 -0.152499942408713
0.012826617377173 0.0138967226845109 0.35264806833936 -0.231850464422721
-0.0141891178982383 0.0480249949093265 0.5521958366443 0.253600947489996
-0.0445618000805332 0.0330463853629484 0.032280448084242 0.882855240776211
-0.0633901121557479 -0.0197969611341805 -0.759698066044301 0.586470293270283
-0.0603939432410805 -0.0168414354021273 -0.665775353034801 -0.0382257930283119
-0.0613665521332634 -0.0108401221327391 0.0128282859783005 0.0981067380211008
-0.066472086716063 0.0471827479612626 0.692773487156926 -0.134597321259375
-0.00188855066840604 0.0584478670174329 0.379505141775156 -0.823532484723869
0.0353775791165578 0.0297269893919639 -0.495930653569097 -0.709266394823526
0.0238180621994715 -0.00378293886214524 -0.634994687686213 0.0602759522110919
-0.012046654278907 -0.0278815384932385 -0.209072307848915 0.364490885799583
-0.0131108589163807 -0.00277983772824683 0.115262054238035 0.147382337741636
-0.0147449124870328 0.0193760784557857 0.164712976705927 -0.146919965497469
-0.0293659612526159 -0.0228257195738697 -0.152784624600933 0.14174440666948
-0.00748163492759878 -0.0102106344538158 -0.127725976961034 -0.135556515775118
0.0196301690686959 -0.00101604505528837 0.207779535045694 -0.350858915128928
0.0201603887961833 0.0316579631731257 0.569292869843193 -0.0468882709810921
-0.0193722746048841 0.0173141557488348 0.441874089043572 0.696322922306753
-0.0550563013058391 -0.0400209778661644 -0.353825708781415 0.824429114575601
0.00199868414399432 -0.0416184773391765 -0.673409173061283 0.187665159012689
0.0332591110779343 -0.0304338637617454 -0.14060737115544 0.0756061243844757
-0.00208197147421434 -0.00545902795848326 0.648159157356256 0.0876332710706887
-0.00186061712777143 -0.00265846866046534 0.735682802196475 -0.575790775584419
0.0230897513718319 0.0129289382860371 -0.106734408390816 -0.897097876618419
0.0520699151255277 0.00333730468497718 -0.631890793034819 -0.246355965034259
0.00764623468144889 -0.0363930757572165 -0.353990293377013 0.2712915334584
-0.0145369022073234 -0.0296888769494802 0.0279316941519353 0.176484985230128
-0.0226499905188548 -0.0145087551458849 0.147645020025285 -0.144501680984479
-0.0220676113265561 -0.0277876098292879 -0.151875426330921 0.148021925606768
-0.00802441828810475 -0.0187428083480763 -0.1124295113656 -0.135754768471756
0.0206895367957655 -0.00453134535615341 0.236752233154611 -0.329803350871061
0.0164861931970105 0.0321451865718192 0.5802839818017 0.00722541137946827
-0.0246512187983531 0.0122593057303881 0.37806747741311 0.744866881406571
-0.0530190363386578 -0.0556277115207619 -0.432164198875766 0.800339542439637
0.0172904260455171 -0.0463567691041022 -0.682007294092797 0.141556108055608
0.0493133288426153 -0.0269826522783005 -0.115075991470684 0.076002302479457
0.00809733740702908 -0.00699091978636135 0.663277878093567 0.0432515565194148
0.000431700943494685 -0.00922103079388364 0.676490530931043 -0.643387783208292
0.024495348451534 0.00819043833849333 -0.189093226040177 -0.878192566053794
0.0501648946155425 -0.00105050092864483 -0.642922323868358 -0.188676214622086
0.00600432728122578 -0.0417960763352675 -0.326967306431066 0.290840170764488
-0.0144099720717643 -0.0342491033150114 0.0446297861086835 0.172740562748458
-0.0145128782259638 -0.0202860321600682 0.144922201325655 -0.148690629161466
-0.0181886007934708 -0.026475120503014 -0.153771784846971 0.150358245709541
-0.00283888361672394 -0.0233085743251058 -0.091819702053996 -0.13269081653086
0.0227558393041577 -0.00513077283163805 0.276624015364984 -0.304824079569536
0.0140034312718655 0.0354439291163712 0.584421971739327 0.0707790791693481
-0.0306409798843726 0.00929414468236659 0.297945215814792 0.794322953611476
-0.0479706301219217 -0.0648790904206943 -0.522422655345242 0.756241242785484
0.0287383307857774 -0.0447982604014166 -0.683933638198966 0.0845551322025523
0.0559792458133712 -0.0236165577283797 -0.0823044934556222 0.0761480747172025
0.0107830319623632 -0.00628469469088518 0.673034007361018 -0.00902634246109178
-0.00108985927652399 -0.00974852998560995 0.593111584142448 -0.708272202932597
0.0242614500233378 0.00578612063660613 -0.286727994889446 -0.841121039567138
0.046700683990799 -0.00536144514451294 -0.650700893464662 -0.117196680376203
0.000935839576627867 -0.0440204329263717 -0.294999490612623 0.316664667073008
-0.0155199073262992 -0.0377524428251635 0.0629873032047475 0.170826205039109
-0.0100269989072161 -0.0201255990271019 0.146860426534629 -0.147153279741565
-0.01346411310917 -0.023687411295484 -0.150749557237489 0.152754036025591
-0.00110834107867518 -0.0238312514792925 -0.0716915770832986 -0.135882193183303
0.0233595793407804 -0.0030475791529275 0.30828908960274 -0.277350264275931
0.00903712280787514 0.0376213644214201 0.579154283166151 0.139306515099405
-0.0355284000306921 0.00583680043446439 0.203732154235422 0.834577758918728
-0.0426969228587344 -0.0681305850458227 -0.616436900098602 0.701064139543558
0.0306453092383551 -0.0387794151440772 -0.68272874495423 0.0329019219005154
0.0506764063087029 -0.0192391677237786 -0.0469781505351381 0.0791283418907632
0.00595318614401926 -0.00275545600014214 0.680889933839657 -0.0655553912212547
-0.00220905088815013 -0.00451512340795353 0.506632070738911 -0.767147960070529
0.0247138314171292 0.00573462805522043 -0.377492936994608 -0.794395288802581
0.0409220686555698 -0.00887626004289408 -0.650671097823052 -0.0455452508950219
-0.00540663319542432 -0.0449919718296557 -0.260005815795084 0.339248040774428
-0.0169741152284437 -0.0369314826940268 0.0811768378839039 0.164324006778757
-0.00598084682840937 -0.0164333483522939 0.148084940579263 -0.148263201201013
-0.0117712269816157 -0.0166312030430707 -0.148371689767198 0.153354291553354
0.00106720832793356 -0.0197278929374715 -0.0545759061393263 -0.141155738374475
0.0221493069142357 -0.000611311901880005 0.33565911115457 -0.250987494533638
0.00189629379950337 0.040197219832405 0.567387153157968 0.203376635808921
-0.0400795014925678 0.00723849115296979 0.1098340400172 0.86304406451478
-0.0398711129477327 -0.0645688618196919 -0.697413116047441 0.636561711780964
0.0220708138573832 -0.0306236597045184 -0.672724483431063 -0.0166200074140837
0.0336580961782462 -0.015265887940637 -0.0127519012499508 0.0826438725056055
-0.00597768021341376 0.00687167661995262 0.683394016510635 -0.115843860092804
-0.0032839033663312 0.00725043012732605 0.421557773623127 -0.807575330267566
0.0266446176582561 0.00878609648000901 -0.459251771370738 -0.739803993151353
0.0340433328707077 -0.0102552451608086 -0.640546974017836 0.0231174676720144
-0.01105346988639 -0.0416826306656723 -0.2256022699799 0.355641374032587
-0.0171850952300906 -0.0318772669047016 0.100719910597367 0.157036697752734
-0.00585420374881473 -0.00885528428242791 0.152055689303399 -0.146624539089842
-0.0117933749832761 -0.00671295474062805 -0.143789106474902 0.153781815114974
0.00373394425462324 -0.0112119255278528 -0.0414191008710215 -0.144554233886213
0.0200765817398174 0.0050039100649894 0.350754662490276 -0.231943775765363
-0.00437123272635572 0.0429915012970481 0.553417772023628 0.243777255355369
-0.0434935861316029 0.0127185319212172 0.0468510067328552 0.877598533464174
-0.0443218422807646 -0.0536814055179489 -0.749925093555788 0.593978647241713
-0.00026284425097096 -0.0244853108754719 -0.663261200100973 -0.0425802900941329
0.00610781054676929 -0.0120205788945041 0.0105627734872137 0.0879067941843254
-0.0237950347419818 0.0200032818111414 0.684006060943237 -0.148741263294913
-0.00294250691190921 0.0234119628184321 0.363963309705356 -0.83131667489681
0.0293595131149974 0.0138781452503494 -0.504697832961072 -0.701615923199572
0.0288173613184773 -0.00948418592652942 -0.630613246030751 0.0664031432569897
-0.0140060504892743 -0.0383068953775808 -0.20287881142794 0.365866827888427
-0.0167226441758376 -0.0244539068773678 0.112213331710583 0.150597809092633
-0.00704276431602661 -3.26492254563264E-05 0.154191678623394 -0.146692949831393
-0.0146662638479008 0.00468690954729819 -0.139283166712456 0.153022888776318
0.00449207835963978 0.000467036740638949 -0.036086862568576 -0.148225815864399
0.0163145341889905 0.00915414377655954 0.354811480112698 -0.226055637917566
-0.00925809938187093 0.045245539544971 0.548116610399919 0.259582454687698
-0.045396356266957 0.0225981374058395 0.0225335153171111 0.881984636644601
-0.0536463662991501 -0.0377835543909036 -0.767337575644432 0.575015254005442
-0.0292945573206034 -0.0195602733525866 -0.659933788555125 -0.0478027198148285
-0.0273060116243872 -0.00977727480889403 0.0200355115488141 0.0925845796759101
-0.0441436616048352 0.0352244851046314 0.684956027653066 -0.157317760881577
-0.00191685622661401 0.040816390020186 0.347564963388314 -0.834072533054894
0.0326869138994624 0.0204366634484075 -0.519387215397138 -0.684027916065231
0.0248880885119166 -0.00758141731465753 -0.627915772797631 0.0815811940614742
-0.0141479890648974 -0.0324242826639686 -0.195720493626181 0.369073811087499
-0.0160799307531146 -0.0136637279169001 0.118501299901754 0.146774264212216
-0.0094182270446409 0.0103461391647999 0.158880508716256 -0.147479577817806
-0.0174013743778166 0.015499537233758 -0.13510951834789 0.152691411866618
0.00395804860863986 0.0116525389755328 -0.0395220846961419 -0.151790757175916
0.0128014180968621 0.0137179886018801 0.348790596810809 -0.234112943134434
-0.0122308775687495 0.0473508288367037 0.5523601412661 0.243420446536009
-0.044057916404583 0.0334699615440314 0.0446661151810462 0.877073021341864
-0.0633334181123021 -0.0188021559546039 -0.749735012856722 0.59285006568066
-0.0594655224038259 -0.0157353304391842 -0.664645180978297 -0.030750067555978
-0.0604754073864132 -0.0103042932296508 0.0136784424338126 0.0980589089154126
-0.0648329742333945 0.0475588958396805 0.686658130284122 -0.142939038677044
-0.000871371572797219 0.0579334910299534 0.369960716557952 -0.823876731250321
0.036143936468778 0.0293420600662513 -0.501599895687733 -0.698046428379307
0.0236288282270969 -0.00475316459303058 -0.631026222399155 0.0676935182402323
-0.0127918860872097 -0.0275841939555913 -0.204454303007418 0.365752381699305
-0.0140722387999651 -0.00319961697274835 0.115962021059372 0.14584227476223
-0.0153268059399125 0.0200673558212188 0.162696752320282 -0.147171090287381
-0.0301480782620919 -0.0213968077671205 -0.150349725666544 0.14211566528055
-0.00570529046162336 -0.0101696616737654 -0.129483041945283 -0.132744795341556
0.019227071918565 -0.000530049491275613 0.203434420056523 -0.350322942084417
0.0204220247982228 0.0318303113304547 0.566008553089216 -0.0526776966770428
-0.0192135016885359 0.0166405116410185 0.444502220010581 0.688163315727027
-0.0550271747597371 -0.0400627205015056 -0.341792774800044 0.822633714330512
0.00249909748886797 -0.0409797029279048 -0.667656014079811 0.193557419473385
0.0330966460443747 -0.0307821628813812 -0.139202636314293 0.0769057895049825
-0.00177519135758028 -0.00464248441760117 0.644757383862232 0.0806696159915691
-0.00160401593230453 -0.00245689703065893 0.725367745430256 -0.579637885565963
0.022586531581264 0.0126633176959152 -0.117200095597098 -0.888142138640966
0.0510963065679647 0.00225012527461303 -0.631081463786418 -0.237450129482324
0.00704389034874972 -0.0361702927517202 -0.347242676503229 0.274389936541903
-0.0152710008700454 -0.0296380311812634 0.0290681486621371 0.176331937523706
-0.0234197801280469 -0.0146994398304853 0.145327552013463 -0.144305888883485
-0.0224542975750489 -0.0273476584673295 -0.150108173760962 0.14785715182595
-0.00724441057928358 -0.0184445984222174 -0.113908540962333 -0.132675538501603
0.0200565986166995 -0.00396662036434564 0.231940113888369 -0.331867947602802
0.0169237137281442 0.0318132609426201 0.575270047926298 -0.000411589828030434
-0.0246106796619261 0.0114975722613869 0.386932657592712 0.737036010928084
-0.0532579159455978 -0.0546458494494908 -0.421806083055727 0.800818000941985
0.017965694506633 -0.0458502066105531 -0.676068863344558 0.148299950172978
0.0497044455256051 -0.0279049300388961 -0.113314171643844 0.076561809861112
0.00877929299025084 -0.00726918299636966 0.658791303512913 0.0360747841710096
0.000478176817757886 -0.00862451772313932 0.664110959731832 -0.643568124477605
0.0245686121653522 0.00848161069290891 -0.198372910536328 -0.870320907835985
0.0505983427575886 -0.000891803789418676 -0.642169801670604 -0.179120239123514
0.0046136435581558 -0.040996866843289 -0.321098248867896 0.294112605082297
-0.0147086370627091 -0.0334304826346172 0.0462108552949064 0.172305669734931
-0.0151208725172385 -0.0196106236046403 0.142995761519884 -0.148177812704176
-0.0183070745251508 -0.0258395886411658 -0.151805108380266 0.150685484648228
-0.00338348188069802 -0.023461247105585 -0.0919932036072227 -0.131304318818137
0.0221351591513486 -0.00522651269433068 0.27346635344385 -0.305807986065481
0.0148126397201655 0.0350185283704616 0.581791399959453 0.0625013379080345
-0.0304712174355754 0.00856864892649349 0.306418334665467 0.785697685183941
-0.0483155562222401 -0.0639758696756962 -0.511464801803886 0.758293512137523
0.0287891489052155 -0.0443646200430377 -0.678556885795248 0.0915450382783733
0.055862391733618 -0.0244856949741858 -0.0807776788658666 0.0767510356527829
0.0116577797898995 -0.00618593935291216 0.668567197859784 -0.0170292429069858
-0.00119112769116853 -0.009453461536023 0.580960838908828 -0.70881238031559
0.0247529603108171 0.0057226330544788 -0.295705735288811 -0.831544147117948
0.0458614123549041 -0.00644160232803673 -0.64940408158902 -0.108621709097904
-0.000123869416627175 -0.0435092364170903 -0.289984235210737 0.318733150796382
-0.0157529934481382 -0.0370299507751066 0.063505934698931 0.169542678272523
-0.0106809102734238 -0.0192745382679934 0.145545089244117 -0.146766701763707
-0.0133004675814141 -0.0233185144434386 -0.148200339712271 0.152888965904227
-6.86963090425468E-05 -0.0236973689414788 -0.071978050121356 -0.133815476580915
0.0232450319241966 -0.00353458740478841 0.30369552948462 -0.279381011504516
0.00909337500282064 0.0376218024858679 0.578053098706249 0.130093569830624
-0.03508490834101 0.00571403316708762 0.211563312512259 0.828803719020067
-0.043550880276812 -0.0678669688895278 -0.603033277402576 0.702708309585948
0.0308582098592119 -0.0385357179102238 -0.676944889282746 0.0398818119712938
0.0505789286075655 -0.0199985779481688 -0.0462784972767577 0.0794922148282716
0.00600021757558487 -0.00294456465984781 0.675396422566137 -0.0709390832077827
-0.00228452815634765 -0.00385719427614529 0.495193565699139 -0.765718957888015
0.0248358102242688 0.00515402337967917 -0.38546453045548 -0.785561974280426
0.0403624341271874 -0.00847192614273231 -0.645495974048297 -0.0366634894700785
-0.00614840915367869 -0.0441415041329951 -0.253771297876924 0.340690138578909
-0.016873009185873 -0.0363953289377139 0.0827609360174688 0.162427862620778
-0.00724660554620504 -0.0165504904109625 0.145959309693553 -0.148165723071978
-0.0119345587697206 -0.0156479855958483 -0.145224377744028 0.153654212918489
0.00231213790064429 -0.0197072850105278 -0.0547529234942423 -0.139124935365123
0.0225557342030698 -3.99617039032671E-05 0.331200542399315 -0.253241199243217
0.00290863571615731 0.0399876991969241 0.565038343638792 0.19478488579459
-0.0394221833121411 0.00636487835966288 0.11979630589964 0.855781806787797
-0.0399922165635104 -0.0634524188483126 -0.68561356427797 0.640909300790027
0.0226764530314212 -0.0307938013287061 -0.66892711685807 -0.0100633895505569
0.0337021611945608 -0.0151985509929693 -0.0113476310640191 0.0827456293569078
-0.00549765262931871 0.00636516284397851 0.676462540603371 -0.121687291675598
-0.00302227573667842 0.00736182482501137 0.408939892495739 -0.807138350823254
0.0264557138276709 0.00821781404193155 -0.464156040564089 -0.727615248106845
0.0339203364390854 -0.0106530161831868 -0.636594052011628 0.0321325377691624
-0.0109622388019753 -0.0407002173973535 -0.220506487139069 0.356996748018134
-0.0178102294882038 -0.0315980107931806 0.102430921389703 0.155942132910434
-0.00642123742165827 -0.00854537509799437 0.150232750182661 -0.146779307433398
-0.0121577986605886 -0.00650814338646481 -0.140551028900972 0.153547475742416
0.00427248639969554 -0.0109783888917262 -0.0421073849268017 -0.14351606858563
0.0199967436636808 0.00438120524228297 0.34579792593365 -0.235265224260535
-0.00249194478996349 0.0428976714334375 0.553506350644922 0.235363599050601
-0.0429198693751637 0.0123624577444279 0.0568098145303832 0.871386976041545
-0.0448437494582031 -0.0526479568226132 -0.73772412830854 0.596713039975957
0.000177150167286267 -0.0230227386734806 -0.659584664423423 -0.0357521839353869
0.00604902071302529 -0.0116330213385945 0.0116001244393432 0.0875782024460567
-0.0234003358130238 0.0197976085276945 0.676934190513897 -0.154586233208246
-0.00250586529529219 0.0236145953216189 0.354927750864736 -0.829314760988073
0.0289181490744705 0.0138607862347517 -0.509204764273383 -0.688462030877687
0.0288632757945814 -0.00963656492848886 -0.627278477617184 0.0728044993715578
-0.0142113126754169 -0.037236930184844 -0.198037669325535 0.366578324215313
-0.0175319687310776 -0.0233873975208275 0.11329502981177 0.149500580583211
-0.00729507641452057 0.00051787030815403 0.153200945214421 -0.146961981953924
-0.0149227571198653 0.00499420891938697 -0.136196100108484 0.152792145287187
0.0045240925614306 -0.000687235605864522 -0.0372520156953478 -0.147313399507647
0.016148974952232 0.00807910879175926 0.351294998561096 -0.229732265392946
-0.00772063613053785 0.0456207053259303 0.547964727712302 0.250429825430287
-0.0449759895739581 0.0222114626244306 0.0327111684035891 0.874466893010176
-0.0532019228658602 -0.0366385097054256 -0.75507360762177 0.578990036577113
-0.0282127007886904 -0.0191592077117559 -0.656553521610199 -0.0411090351349389
-0.0268281634442028 -0.0097913498903965 0.0208483594996242 0.092582233250603
-0.0429610567592161 0.0355357961816752 0.67727763350277 -0.164079997314296
-0.000448963206132559 0.0410524390220885 0.33602672658363 -0.832755000129693
0.0327117082562105 0.0204387709694008 -0.523877564186307 -0.67274541689926
0.0251304543467887 -0.00754648878660466 -0.622575905089444 0.0879393262325578
-0.0145548841927239 -0.0318787697019802 -0.188512434890425 0.369575945776618
-0.0161863976069108 -0.0137118101684423 0.119276027739904 0.145083754183041
-0.0102450282870279 0.0107832118992815 0.156789011708966 -0.146683323239175
-0.0179495155568757 0.0159278432888035 -0.132340620512889 0.152383889272121
0.00499639572314046 0.0110149504689337 -0.0408839808166071 -0.149710961215606
0.0139107272950682 0.0137802440109931 0.344089129015309 -0.237521728040029
-0.0104992478968819 0.0483602255132597 0.552046607424958 0.236425437109135
-0.0436927202979735 0.0333220107025962 0.0559863173330033 0.870722412645924
-0.0630078813987513 -0.0193327450881332 -0.737690733294922 0.598200263059162
-0.0589411465335163 -0.0151851981302196 -0.65985372773442 -0.0247648866002308
-0.0595607469807959 -0.00951995698361522 0.01529518221119 0.0976438649716411
-0.063544888475627 0.0475807327489183 0.679675216470901 -0.149221696091028
-0.000154378833116621 0.0575525070920998 0.356652566501504 -0.823322380826488
0.0361755111932732 0.0278972775941367 -0.505692657301462 -0.68736213266623
0.0240220128438194 -0.00449308566187951 -0.62685318350054 0.0744462243724159
-0.0128953522598013 -0.0270507826552321 -0.198286812049961 0.367122328018213
-0.0142527976046981 -0.00311078531588573 0.117098754195798 0.144299717113329
-0.0154357534056946 0.0204302514347833 0.160766875658684 -0.14698456730275
-0.0302294422376671 -0.020798975515735 -0.147297169801349 0.141787488265792
-0.00597816283330096 -0.0106663263309623 -0.12994465461212 -0.129561143862477
0.0194847492027466 -0.000604232770022077 0.198579991901488 -0.3495314310649
0.0204458515289634 0.0315763344980894 0.560722451101678 -0.0581954787887478
-0.0196883102078505 0.0167790243991218 0.450172897508406 0.678912497141367
-0.0547847051548812 -0.0393211190812853 -0.332882842620196 0.819663286595355
0.00291330596551823 -0.040058553380827 -0.660294302076325 0.197018399903943
0.033088067214755 -0.0309265729468069 -0.137179773879921 0.0782618371197575
-0.00090134806402568 -0.00462717633475422 0.640212516493642 0.0731205610983154
-0.00105931799947006 -0.00244992489150717 0.711840072046892 -0.580171507641187
0.0226620931594444 0.0129871599725799 -0.12392800698467 -0.878913554825062
0.0511185878735159 0.00142334229545694 -0.631550778353486 -0.22843469489916
0.00696186640061838 -0.0355788854818793 -0.342908113522055 0.277982921954329
-0.0151298998986867 -0.0288459056483323 0.0304205077329736 0.175032777282691
-0.0235553223121493 -0.0137713793151916 0.142835373598058 -0.143377427207496
-0.0231194411836107 -0.0262307353791553 -0.146597235374239 0.147615185593433
-0.00667342836876441 -0.0181534872055272 -0.114434998225307 -0.130308678239227
0.0208113271273674 -0.00356914172762739 0.227298934710209 -0.330406547560551
0.0183588894443165 0.0321778311775431 0.57058487721307 -0.00546982998252771
-0.02506751480923 0.0110414775515886 0.390020568531284 0.728510915515181
-0.0536297539189459 -0.0543839839318175 -0.410514055378746 0.798775446198012
0.0181966965357621 -0.0462445741445297 -0.669272489455582 0.153902199082008
0.0490268561047606 -0.0276858411332906 -0.111800406395923 0.0773690837678046
0.0088701817430621 -0.00669885505876901 0.651929369294106 0.028711294010882
0.000183412648765945 -0.00945621464323376 0.653935840200524 -0.644513328618596
0.0240915620429836 0.00817910299539984 -0.204447948045888 -0.858522970611106
0.0500333703015357 -0.00209371056652196 -0.639298381538139 -0.172575470838258
0.00458080767704075 -0.0400956190371085 -0.316626987071263 0.29547907841107
-0.0149099145338365 -0.0332333088245886 0.0477482415263168 0.171710440151279
-0.0155189666586772 -0.0191104051458224 0.140436528082431 -0.147752035083414
-0.0189037951858215 -0.0249309379103011 -0.148502071908605 0.149981691255718
-0.00175715018315181 -0.0229793084897073 -0.0925848698987808 -0.128551791709039
0.022327264472287 -0.00523495830092749 0.268502295647336 -0.307401737164218
0.0157284460151608 0.0347662630060263 0.577388401737533 0.0567062016671078
-0.0304432048455617 0.00870700500202079 0.311548370758757 0.777034740908922
-0.0482202463840209 -0.0634258042634199 -0.50170425189751 0.757693528234085
0.0297102730021915 -0.044615676220656 -0.673676359897039 0.0968234526096779
0.0556224564211652 -0.0240925234864989 -0.0792804997824326 0.077423678610269
0.0111142390602455 -0.00658765842515708 0.66260530722159 -0.0214282060151601
-0.000640535607636293 -0.0101516134677564 0.572175989024238 -0.705456719848983
0.0246103791926063 0.00537931473462991 -0.30280118977534 -0.821938144995935
0.0465978901533178 -0.00684915714316363 -0.646477461596602 -0.101858264915493
-0.000671518226113194 -0.0428974765468834 -0.28553100908887 0.320583585332486
-0.0157513321448123 -0.0367998025818927 0.0650577239504966 0.168028719731211
-0.0117748614154956 -0.0196650620915069 0.142447301851407 -0.146781083735154
-0.0142975311478194 -0.022024374141549 -0.145328216980293 0.152983265881337
0.000379037670060766 -0.0235211109409309 -0.073160988099708 -0.133200631283617
0.022995598253902 -0.00414739934543414 0.299184468368525 -0.28064937949955
0.0102441761954417 0.0374464698323012 0.57508229932623 0.124661182096097
-0.0353530377777925 0.00542935024828039 0.21965113556805 0.820112017552717
-0.0437085681828375 -0.066924533009764 -0.592643221962261 0.703223922621433
0.0318459606275278 -0.0379707304247198 -0.670770058966095 0.0455989320130935
0.0503131246089246 -0.0202369514178483 -0.0449447215932189 0.0788619958644749
0.00647749366649656 -0.00262416631382153 0.669786252122423 -0.0759711775860164
-0.00207808410511623 -0.00386101303588689 0.485504732668501 -0.765169444583065
0.0246583276981094 0.00549461944980464 -0.390498614842982 -0.774630269377867
0.0405712305519061 -0.00906294217362445 -0.642767981130832 -0.0307479570690264
-0.00665045964689201 -0.0429414191071013 -0.250311382554795 0.340999177446551
-0.0182860894277539 -0.0354777875106111 0.084089711754284 0.161626233811106
-0.0078946848633991 -0.0159392069896456 0.144017981066322 -0.146407430832246
-0.0122369692972089 -0.0150122782472815 -0.142538032342324 0.152877430360972
0.00261081436839057 -0.0199747677891647 -0.0557791748182869 -0.137962920566654
0.0218235868936424 0.000491219256054339 0.326302654443642 -0.255368097005373
0.00402029563142639 0.0401421191303371 0.562139014387446 0.188030005873995
-0.039322948035534 0.00608934519634071 0.128675270650608 0.848208402231941
-0.0408876461366722 -0.0631651926274819 -0.675881085013053 0.642686929586488
0.0224735814675905 -0.0304490678829908 -0.662904052256896 -0.00340770446758482
0.0342714290101772 -0.0156651738909954 -0.0105191291301984 0.0826447933486018
-0.00476676579012338 0.0064356454103939 0.670611142501415 -0.12721411239864
-0.00281153293319299 0.0074092070631769 0.39809409354365 -0.804738368497047
0.0266638031865571 0.00818450008084399 -0.468281507200821 -0.71752337227669
0.0340144127664047 -0.0111991700553837 -0.632502580628843 0.0381562375928602
-0.0119042262436203 -0.0406676214825608 -0.215358763026396 0.357376387686609
-0.0184796018053103 -0.0311646893924318 0.102492464287321 0.154497808914968
-0.00707137586156489 -0.00867514887787204 0.14828740059245 -0.145491845376733
-0.0119583833017362 -0.00582457669323695 -0.137516117675043 0.153225646957661
0.00506269778920621 -0.0113097225388297 -0.0422964420772802 -0.141969306899662
0.0196682273911464 0.0037611904441335 0.341557324607157 -0.2366853894988
-0.00178265510580025 0.0430644696472169 0.551140831313917 0.228691513127927
-0.0426115934129784 0.0121076197352733 0.065574080651617 0.8645496992005
-0.0445867319634323 -0.0525786002592473 -0.728560277374291 0.599787332204894
0.00115698865466755 -0.0234400444134222 -0.655297922404592 -0.0292920202060322
0.00635572594926479 -0.0116367728150938 0.0120063687229308 0.0874903578206171
-0.0223296342430406 0.0205788235138872 0.671049727993714 -0.159477117903922
-0.00200469783471924 0.0234352035997602 0.342957648549406 -0.823858338733808
0.0287326345206372 0.0128703993807453 -0.512105235992177 -0.678933267980689
0.0281394257099047 -0.0103737714321103 -0.620979485231396 0.0796598662520342
-0.0148799920221024 -0.0365371127657383 -0.192633416789206 0.365739165002282
-0.0176137201790705 -0.0233421799095761 0.114274125845605 0.147494055505336
-0.00780169678363733 0.000872364113463439 0.150960955655047 -0.145939562079999
-0.0146436353399117 0.00570400757497341 -0.133489133249833 0.152993791251866
0.00545939939129531 -0.00135774413273843 -0.038583284948939 -0.145656086485422
0.0167749825567024 0.00897163021385283 0.347322990658746 -0.232008051253693
-0.00688239368525845 0.0453776275518411 0.546257222215246 0.244747609561464
-0.0447293140546289 0.022069893372068 0.0416545471848759 0.869628510792305
-0.0539048439206432 -0.0369654331669326 -0.743531359600959 0.583599900443308
-0.0273461231563551 -0.0184868652362417 -0.652898979788194 -0.0339052863884712
-0.0265107740124052 -0.00977086986694027 0.0215097600737686 0.0925911738998698
-0.042277881485105 0.035760568793713 0.670745499297168 -0.168924963178075
-0.000337723803873292 0.0401397010778251 0.326289241500536 -0.827826303932522
0.0322008822904348 0.0192975350058567 -0.52625403316475 -0.66077179563144
0.025558938639235 -0.00832435820505168 -0.616872432971348 0.0936700162485054
-0.0152517802592316 -0.0312523661147556 -0.184087251994841 0.369067274010063
-0.0162100264433721 -0.0128059006096664 0.120326793456399 0.143047626179047
-0.0110255831934257 0.0105470860487894 0.155221323420048 -0.146549323946524
-0.017093519791559 0.0163135548257927 -0.12908646904741 0.152524270179012
0.00555486551787958 0.0103175210265302 -0.0412415712004941 -0.148569939354969
0.0137965277582432 0.0130581456789721 0.339610900565747 -0.240094883380457
-0.01033005148364 0.0478452166236462 0.549030839597772 0.230145561505547
-0.0436760145739864 0.0328115300344282 0.0627408381815809 0.865717966109058
-0.0627109517002997 -0.0186245598191738 -0.727134592974114 0.600576238711756
-0.0572692826162015 -0.0140301878641253 -0.654710529314838 -0.0164196511711674
-0.0589148352101897 -0.00948187061990976 0.0165227059946404 0.0971320580623778
-0.0630598958355836 0.048181217277389 0.675328179141789 -0.153084421299529
0.000454675900657633 0.0570872321478666 0.348442282576849 -0.818569221084419
0.0361744521418931 0.0275101040814329 -0.507923718198388 -0.675837871808402
0.0238984997792942 -0.0048761857891613 -0.622399566783798 0.080370130753474
-0.013243673459428 -0.0263482406430108 -0.192468539600224 0.366109302822748
-0.0147527094232458 -0.00229022740757268 0.118306028550229 0.142313207901155
-0.0149177270151457 0.0200203908004459 0.1584461270008 -0.146387357598926
-0.0298860928760629 -0.0201087559126977 -0.144959576674379 0.140655794036047
-0.00515518308890685 -0.0100684342361914 -0.13004694775 -0.126837827878728
0.0196366286680707 -0.000462325681434509 0.192822091783999 -0.349580769815452
0.0205076192206378 0.0314296104468405 0.555098199764838 -0.0641872685537136
-0.0196310965735212 0.0162858039077911 0.453133877584783 0.669910357814964
-0.054661152525795 -0.0388248893017875 -0.325756840148579 0.816415714527739
0.00358707688461946 -0.0403239832451858 -0.654275808147945 0.200197328691585
0.0330161372870239 -0.0310213821878287 -0.13606683587196 0.0793981285064177
-0.000450410187337172 -0.00469977834305008 0.63629383893971 0.0675614312895485
-0.0019731719398237 -0.00252493585678232 0.704963544920018 -0.58051594138332
0.0225164621259389 0.0122261351662124 -0.129720201419966 -0.871089045028933
0.0511912267818303 0.00161453825469751 -0.629426848324878 -0.224094176670747
0.00623838325902625 -0.0356731133079945 -0.338306230905594 0.27773981526538
-0.0161084386278176 -0.0286413940327354 0.0312217042965426 0.174618614668619
-0.0240757782970289 -0.0136645266853472 0.140194435018161 -0.142740086302541
-0.0236685099407644 -0.0257174476478877 -0.144865464088435 0.147228134945184
-0.0062458461167116 -0.018584924958947 -0.115199127917913 -0.128075471408699
0.0201660356803418 -0.00441281844231496 0.222346419087912 -0.330073122761602
0.0181440408701401 0.0320180208234016 0.565786401121979 -0.0100875723988582
-0.0251248472843168 0.0107211076152467 0.394384469385131 0.720885705074254
-0.053326344363189 -0.0532801517536892 -0.401935297855158 0.796157339884293
0.0189954489937964 -0.0446820427877488 -0.663574909404864 0.156533387132897
0.0488122377493507 -0.0278593771193425 -0.109597125595595 0.0785269198130736
0.0095048903767804 -0.00656756222840598 0.647581691472784 0.0242867230561996
0.000693900878311889 -0.00936563455106858 0.644311559753361 -0.642398599382778
0.0243459972046159 0.00782919976230217 -0.210112389453851 -0.85151977915907
0.049902251889858 -0.00228259980515192 -0.637084710203413 -0.164680574343573
0.00371812411948864 -0.0398233391613107 -0.312425393666312 0.296269801487542
-0.0162280317883047 -0.0329973842039921 0.0481446035104512 0.170571050744552
-0.0161146204240359 -0.018334897886853 0.139339430853919 -0.146664019863099
-0.0192768759244688 -0.0239700307128652 -0.146172012109779 0.15010054887547
-0.00131486195387582 -0.0238325585812888 -0.0924848173426502 -0.12690450631789
0.0223164218171761 -0.00529415132079577 0.264479065422938 -0.308757143653074
0.015535661772504 0.0347496117854417 0.575002691296402 0.0509630860690488
-0.0303784512679766 0.00832207225829111 0.318480702203058 0.7705113019682
-0.0485592360104984 -0.0633584091023268 -0.492714705086318 0.756725875628135
0.0300590850291996 -0.0434367439907855 -0.66824217283651 0.100809639614936
0.0552284223181472 -0.0245020673506483 -0.0784561536602415 0.0778697204013529
0.0119542096759303 -0.00623955832650082 0.657684487467803 -0.0270918622351601
-0.00040022505482146 -0.00975577040123209 0.561864920150178 -0.705129314525771
0.0243188593875656 0.00559000448482791 -0.305559962194476 -0.81270401420239
0.0457438249295673 -0.00655634554450018 -0.641631579395934 -0.0952490358822404
-0.000962197051062107 -0.0417857512199561 -0.279850807327388 0.319960100222515
-0.0167251896927794 -0.0363729956124683 0.0660371655794406 0.167938155422849
-0.0123680811780064 -0.0188661411740929 0.140588513754422 -0.145772843762884
-0.0142192287119615 -0.0211122332573113 -0.142521219869034 0.151625637123396
0.000420902495129898 -0.0237981655002041 -0.0731879281320283 -0.130910682147214
0.0229498757237781 -0.00393208335447486 0.296170851650338 -0.28217226902128
0.010872439039695 0.037450073581296 0.570582290597884 0.118269995056594
-0.0351587441906562 0.00524957892997195 0.224840235101882 0.811884470894452
-0.0438363871366647 -0.0664908623438261 -0.583824517422359 0.703465133621507
0.0320578173665961 -0.0371671543487447 -0.666741681314804 0.0478892427673677
0.0511361625892455 -0.0205962002637811 -0.0438224228608498 0.0785972083271483
0.00658935011171023 -0.00253315780090472 0.664138845849455 -0.0807245190321972
-0.00186070828148795 -0.00366359565440291 0.476924155759802 -0.760643887677586
0.0246586863483282 0.00487044702781779 -0.394342192548019 -0.765348489349742
0.039392183174766 -0.00946722009011364 -0.638357457725267 -0.0243226783783702
-0.00695228901370373 -0.0418757350115802 -0.245019579809112 0.339843552830047
-0.0180814016897746 -0.0353291911433763 0.0843216003933623 0.16052299507124
-0.00848215458445285 -0.0163429751543048 0.141381305075001 -0.146032954437783
-0.0131589646982056 -0.014465236559095 -0.140117934630578 0.152583996694444
0.00390716776804931 -0.0209371002848643 -0.0558700579759163 -0.136836101804601
0.0221987286324661 -0.000204400633125646 0.324780016403531 -0.256153069637914
0.00528769977064703 0.039492097834421 0.558699412645533 0.182390420423169
-0.0392119354460092 0.00652832241166382 0.133633046253127 0.842802665899205
-0.0411351660268262 -0.0622043039005675 -0.666412505471474 0.641587412275431
0.0235910750990662 -0.0294746712888082 -0.657749742577155 0.00122326975747597
0.0339062080574498 -0.0156927762790322 -0.00988314806255463 0.0828389191587451
-0.00469272701997961 0.0058823548430906 0.664559932805683 -0.130378160123943
-0.00298435819464254 0.0075343637730942 0.388911388241778 -0.799912787430749
0.0263563004498966 0.00746580790980331 -0.469490570679655 -0.708434517829147
0.0341666358848002 -0.01128021586335 -0.627209966343168 0.0423512013790841
-0.0123750393754775 -0.039428861174787 -0.210072508354515 0.355880072375482
-0.018570230883176 -0.0313166335802434 0.102851068576223 0.153015693911832
-0.00799829453495836 -0.00775900827674457 0.147180600128281 -0.144838474710998
-0.0122497694620615 -0.00535651621064364 -0.134876287250198 0.152798816475284
0.00549756797066661 -0.0117167248212617 -0.0430719046342693 -0.141642805351619
0.0198360528092525 0.004123143344392 0.339439217346056 -0.238675282237008
-0.00133795323609807 0.0424051740018925 0.548072770398752 0.223772010416586
-0.042650102986208 0.0123283617202184 0.0733071429281718 0.857717990261117
-0.0447879949072576 -0.05211165004475 -0.717820617078934 0.600462725173946
0.00177129836158304 -0.022923521778113 -0.651589989088587 -0.0243478366752252
0.00693284214790516 -0.011805194731575 0.0129879249034373 0.0868960503200457
-0.0211369219727575 0.020546108308218 0.665419429258738 -0.163751454285748
-0.0014718005835247 0.0224817324098484 0.336463235138072 -0.819069221895845
0.0281208359296145 0.0127064319064624 -0.513048549487171 -0.667320450655133
0.0284725335411262 -0.00992843061813365 -0.616790051864852 0.0846253724643158
-0.0153754868334229 -0.035955337889587 -0.18756382882842 0.365867663779542
-0.0181381754149682 -0.0234239267620014 0.115103846664659 0.145928362942111
-0.00813311703775933 0.000325048313405648 0.149045595461751 -0.14594197501896
-0.0143798668770113 0.00562282250730623 -0.131104051001784 0.151962522771744
0.00630656026192418 -0.00156804704223302 -0.0378589080941559 -0.144798426341949
0.0170626290457332 0.00876835367843641 0.342677894457342 -0.233615536380149
-0.00608217876949349 0.0452944750572485 0.544588260516075 0.238648654732536
-0.044417130718871 0.021524562507433 0.0493637514150497 0.863007938961008
-0.0533441075341865 -0.0360956370121797 -0.732348660963697 0.582632019735908
-0.0265297403132816 -0.0179750474772309 -0.647830942381468 -0.0296827221374702
-0.0253364392106323 -0.00904774925359984 0.0227360913391796 0.0923737312060392
-0.0413936477300516 0.0357294938298931 0.664936234815362 -0.171878648495414
0.000549381591315103 0.0400308835665492 0.318650880408737 -0.823197017220268
0.0321775891533587 0.0199054473796519 -0.526425471852315 -0.653405894347872
0.0255696534880099 -0.00795180826808786 -0.61326993537356 0.0992464998900289
-0.0156052979997982 -0.030639387632033 -0.180190914589132 0.368765200232314
-0.0159408551358161 -0.0134492337377672 0.120848039309278 0.141757557854962
-0.011298899481467 0.0113334767673737 0.153517025895312 -0.145033101597942
-0.0166463877695248 0.0162203126832096 -0.127234503428384 0.151228573719216
0.00629210768094379 0.00952231819288069 -0.041853919315404 -0.147918228914576
0.0140679186980144 0.0131134821884916 0.337544125788494 -0.240753267996249
-0.00805048402930388 0.0473805920592127 0.548429341881735 0.222509355401595
-0.0433735177138403 0.032450212857368 0.0723177704916923 0.858790158472891
-0.0626497406624972 -0.0180902810762671 -0.718368212709295 0.600835178494877
-0.0558533579453476 -0.0139181104291912 -0.651510990467913 -0.0138037651236495
-0.0584746760816974 -0.00881391437050882 0.0173244933612938 0.09653481804357
-0.0614560176277912 0.0488880253355361 0.668807240612853 -0.156999057534404
0.00119685626826019 0.0566175237686147 0.338944227499028 -0.814496241163523
0.0356471436512378 0.0269631554169722 -0.510755320596106 -0.666281970478041
0.023747019723616 -0.00519033344079495 -0.616941669809827 0.0862714046788727
-0.0135610258437443 -0.0251045676164188 -0.188682174205461 0.366446691213264
-0.014849382185341 -0.00308736608361154 0.119096526967473 0.140424681899474
-0.015726796659507 0.0198460193794994 0.157072232847639 -0.146089608081027
-0.0300016185395285 -0.0192108698338823 -0.143339033124395 0.140950709339245
-0.00461489218511386 -0.0106790691055609 -0.129936397704363 -0.124587740325283
0.0197239598478984 -0.000446221715378869 0.190449504136297 -0.347460027780579
0.0207029851375941 0.0309601028987798 0.551792176725016 -0.0655915027258868
-0.0196801811725002 0.0162449825120875 0.454297136791885 0.66238290880445
-0.0548819489673899 -0.0392663588489361 -0.318309397865538 0.812274493628571
0.00404380942737288 -0.03950457417304 -0.64865236311886 0.202774508611413
0.0330152899743811 -0.0308108262039811 -0.133823583625462 0.0798266046686803
-0.000409220899300598 -0.00420476062843363 0.630122144045235 0.0633147996087617
-0.000997988321980729 -0.00213026609415806 0.695407498199133 -0.579757820182583
0.0220850886201378 0.0126113738246081 -0.133799024983509 -0.863048334219102
0.0511968099362372 0.00153615574133917 -0.624381990035857 -0.21871711709035
0.0057842665128042 -0.0350383327532049 -0.334153877208097 0.277410779552626
-0.016444016556513 -0.0278062616495419 0.0324537449380719 0.174345695120082
-0.0243674733125038 -0.0125538914798704 0.138600543360771 -0.141098198112423
-0.0232929820480562 -0.0244676608517279 -0.142477817409507 0.146419114462593
-0.00524392642337252 -0.0184975901319808 -0.115414950070619 -0.125455731139317
0.020520431523176 -0.0037300117703343 0.220298017953441 -0.329528504582236
0.0190196950638522 0.0315149710003664 0.561288603889146 -0.0131997442387033
-0.0253720584052213 0.0104798555158432 0.397195450506474 0.714247797504314
-0.053457972499339 -0.053209181241385 -0.393891944048369 0.791583341195445
0.0198120636668462 -0.044883406274304 -0.659059418809944 0.158679495544092
0.0489270356133633 -0.0280937468085313 -0.109019298841739 0.0784391419533332
0.0094870191956949 -0.00562353227482103 0.643443132026482 0.0214141568088304
0.000754981228959714 -0.00926505506942437 0.634741268681664 -0.640267706016915
0.0237916527771246 0.00830492629440701 -0.211358568116601 -0.842035098315575
0.0494972959246636 -0.00246863279306544 -0.635321221205708 -0.160628017808031
0.00319697960465412 -0.039232358113409 -0.308831210708401 0.296613908640312
-0.0157435893148537 -0.0330547862839167 0.0491099262340189 0.169177652128847
-0.0169332868696257 -0.0180013984739985 0.137338723515798 -0.1461099670862
-0.0187185349240877 -0.0230964537159082 -0.143832489921017 0.148860607812131
-0.00128839771701207 -0.0237548177052873 -0.0923318801867686 -0.124887289048524
0.0225473340788342 -0.00463559210398591 0.259687396667091 -0.306882966011825
0.0168535940116588 0.0350095473811514 0.569762108253906 0.0465182896916046
-0.0308016049623915 0.00821137209950746 0.319926784350997 0.760904971797156
-0.0479917010851832 -0.0622299586272641 -0.483049030827454 0.751672828898304
0.0294651377682616 -0.0432316848320829 -0.662974616291585 0.103926627625135
0.0547810197587781 -0.0244959293959421 -0.0763689152433002 0.0776926814606856
0.0122958804171405 -0.00649506114431599 0.651021217626483 -0.029457417016278
-0.000299167242544723 -0.00906056505761298 0.552313642787243 -0.701364378413119
0.0239165641563113 0.005371556825278 -0.30597879604652 -0.804897791962099
0.0464008214330711 -0.00725171445636608 -0.637984761966894 -0.0906337291782944
-0.00187563199505368 -0.0416020624451616 -0.276105041954584 0.320363336691039
-0.0168064642182446 -0.0359722033004037 0.0667414998492041 0.165932642856219
-0.0129629540493451 -0.0191256033871616 0.139227679046473 -0.143861761653746
-0.0144562327015037 -0.0207518417477845 -0.140980562714351 0.151295480529297
0.00132554443251638 -0.0239222891842042 -0.0729378765772185 -0.130347978444998
0.0229016881804065 -0.00401051654334381 0.291896509961499 -0.281782557766144
0.0116873260509436 0.0369965079934623 0.566153046177151 0.114518981811477
-0.0360384804443261 0.00540241383074009 0.228217920597475 0.806324256661403
-0.0440492319090834 -0.0662972110173747 -0.575511645552753 0.70171708283094
0.0322061069284166 -0.0373488339633362 -0.661279551752248 0.0525275673922999
0.0499975113881533 -0.0202321902608716 -0.0425562116813991 0.0790611212230336
0.00618076388693907 -0.00143533029941294 0.656385092424868 -0.0835402087150525
-0.00198779142476077 -0.00364701996365047 0.467483489471994 -0.757666613519831
0.0241272434468983 0.00503590572960864 -0.39409542422788 -0.754484376053555
0.0405547704844707 -0.00974618689413562 -0.634948786528095 -0.0210313154768878
-0.00724223573949035 -0.0416060239100204 -0.240779815450892 0.339867703440876
-0.0181829124324742 -0.0351113848108732 0.0853214374044113 0.158576978931878
-0.00925242800253627 -0.0153344019069899 0.140795837627849 -0.145152181610313
-0.0125952118110056 -0.0134649163865427 -0.138112488862587 0.151660170515758
0.00398746311404937 -0.0199749514158789 -0.0551322233279438 -0.135407579450505
0.0222125933771964 0.000171616203195182 0.320545455755148 -0.256811203105395
0.00510157151843833 0.0396431373483951 0.555434975504379 0.177029010852775
-0.0397464894717681 0.0063055017857083 0.138029296402585 0.834917881545437
-0.0409808440639852 -0.062880498581167 -0.657567385751987 0.641586333027895
0.0238294700422624 -0.029156200171337 -0.653421106143023 0.00481074115073063
0.0347219927925516 -0.0153908772000194 -0.00875341962310074 0.0824213807354983
-0.00404191913775167 0.00669206392036477 0.657634583149349 -0.13343119236416
-0.00186130672422572 0.00709560108688521 0.382406200982648 -0.794884222013047
0.0260827935230522 0.00750422906484605 -0.470685590883638 -0.700035345690124
0.0342937021881966 -0.0109626513379048 -0.62367747105836 0.047186633964866
-0.0122399674826114 -0.0384791552671055 -0.20621823298825 0.356149316070786
-0.0191347629261286 -0.0306191375364475 0.103007267957923 0.151385020459536
-0.00856236921792767 -0.00814526534911334 0.145176382915759 -0.143845760303741
-0.0123843552397884 -0.00488454475180565 -0.132937733991191 0.151485517924879
0.00572043434110508 -0.0123048793026634 -0.0430712579736201 -0.139104080488389
0.0194813999803832 0.00397745342301187 0.335053046590467 -0.239563754626561
0.000143045633319225 0.042322540228945 0.544592882718158 0.218206243438529
-0.0428588868239287 0.0120410725763693 0.0779552819976765 0.852509924028618
-0.0448473108903903 -0.0518146653109496 -0.708009154140526 0.599397743825139
0.00280770775535638 -0.02261399662244 -0.646717635531828 -0.0207463650302165
0.00716360313018203 -0.0121518832860376 0.0139710449885069 0.0868301045142531
-0.0217874262950835 0.0202965989545329 0.656979092399005 -0.164640110884319
-0.00128576641650185 0.0229324498636588 0.328196326720865 -0.814068929778521
0.0284330987069917 0.0113905898387165 -0.512444690631346 -0.658836585399315
0.0281441934258916 -0.0104994397927827 -0.612519411171413 0.087486853180274
-0.0148167227199451 -0.0349186862862169 -0.185225424016086 0.365273472452169
-0.0182363914839574 -0.0229893421562788 0.115234756907021 0.143768730096908
-0.00883405850441177 0.00087641930080298 0.147798505582768 -0.144393470198501
-0.0135614178160694 0.00629790401293301 -0.129345526675876 0.150976844426676
0.00674178579412385 -0.00248981846253122 -0.0388220854603896 -0.143566017896332
0.0160702695099792 0.0092298505628575 0.340679530398668 -0.232705168690214
-0.00503066690380236 0.045859216000647 0.540694618262002 0.233068855153443
-0.0445956148056152 0.0209360197762928 0.0549379909627908 0.855130793994013
-0.0529921418118145 -0.0360359799788794 -0.72473813040891 0.582984532087136
-0.0256438413578938 -0.0176272424014835 -0.642503531230328 -0.0267505833039753
-0.025214498956176 -0.00938079432580297 0.023585131084405 0.0918974690993263
-0.0403892607236827 0.0352591590013249 0.658111852478293 -0.173034351818586
0.000849542767485896 0.0391428609520819 0.310039561610625 -0.817456709473691
0.0320587738499174 0.0185890573334437 -0.527905433297539 -0.643734748476789
0.0260575255988503 -0.00844219213755025 -0.607626320378035 0.100808506493004
-0.0159325343684161 -0.0301613641974103 -0.175185584371976 0.368328997241507
-0.0169857917042692 -0.0132436378065514 0.121307562446921 0.139874703245274
-0.0111960812055035 0.0105991851485777 0.152388209683668 -0.144971290939461
-0.0164462027337382 0.0165619522334173 -0.124384927525709 0.150559989542219
0.0067897054898827 0.00892518411984618 -0.0419921603517066 -0.14648038408871
0.0135527347639213 0.0131886561866559 0.333733460265692 -0.243060284780341
-0.00803737869813493 0.0474472923375992 0.544281724623919 0.218041143538886
-0.0434042355045202 0.0322883648713804 0.075736115444396 0.852372672744191
-0.062662844309397 -0.0183864139502537 -0.709616081317572 0.602656192056701
-0.0547861569436455 -0.0137723005887922 -0.645942285705281 -0.0085553607200326
-0.0576155014144448 -0.00886213997639609 0.0179229111591626 0.0962299497328864
-0.0609466572555507 0.0491040405450414 0.663292695433866 -0.16009163149521
0.00161422449616474 0.0556567182951547 0.331749714229795 -0.807744119092314
0.035558957579699 0.0262164988961963 -0.510536201419934 -0.65752107988053
0.024435324649829 -0.00552852550737712 -0.612143117951978 0.0892900601808474
-0.0140143221519142 -0.0245307243503856 -0.184053140382794 0.364744793466334
-0.015106441918472 -0.00314966541237295 0.119309631362454 0.139154146671385
-0.0159296889315441 0.0209857086626273 0.155027118624827 -0.14495104946673
-0.0303000479182409 -0.0182198119107816 -0.141870964738878 0.139564977793363
-0.00413769481388008 -0.0113650084924545 -0.129766332859762 -0.122853260598006
0.0203104210442026 -0.000800303708515047 0.1855729559331 -0.345275644977549
0.0219110034735964 0.0311532182298209 0.546337113545466 -0.0688705039185173
-0.0203148211299551 0.0157204865371294 0.453278871153422 0.655189287162943
-0.0540805102004756 -0.0386129102459161 -0.314345035408096 0.805409828962202
0.005174982410517 -0.0391358074314842 -0.644222679697345 0.203146057324637
0.033337538659156 -0.030503267705655 -0.132506214284644 0.0801095862696603
-0.000742400163520573 -0.00420340556428135 0.62697140829044 0.0608983986807695
-0.000895447611884623 -0.0022153963608596 0.686454215263641 -0.577915891462044
0.0222415725072303 0.0128973462381678 -0.135778045401181 -0.855595122344262
0.0514007373274088 0.000530531347503188 -0.623197905236913 -0.212314097688376
0.00576390862566746 -0.0333097355405696 -0.330201503308065 0.276926870866343
-0.016474494262479 -0.0276272353371701 0.0321714720957348 0.173395819170519
-0.0248673096553249 -0.0121866442473537 0.137062126610538 -0.139613237792267
-0.0242669646383569 -0.0240291472086392 -0.140867317687214 0.145129610977531
-0.00525472797900437 -0.0190497449062714 -0.115643646102749 -0.123741068165958
0.0211545574779961 -0.00298416395431873 0.216389312704022 -0.328069293717157
0.0188672895300842 0.0317458638326537 0.55733441935812 -0.0168738264163827
-0.0257145317746721 0.0100256484219158 0.397927607298403 0.70546198270593
-0.0532523563942931 -0.0529495450318657 -0.3876779870049 0.78828201996733
0.0200716368069466 -0.0442322850055868 -0.653289840589579 0.159679613356982
0.0488528246178956 -0.028443970441138 -0.107749583558157 0.0789318901916117
0.00994653304729017 -0.00624720636508073 0.636873678074613 0.0187036068427466
0.0010275696488955 -0.00917902171705462 0.626275382167873 -0.63757412944292
0.0237726779954711 0.00781130248319455 -0.214581359368216 -0.83380458011878
0.0495032031652884 -0.00254649371787497 -0.630960023045024 -0.155241770815521
0.00314348516813814 -0.0386889373026887 -0.305248511802326 0.296980976737974
-0.0163545887826561 -0.0323216674915724 0.0486526524321761 0.169067032779854
-0.0173797936200657 -0.0177625980180972 0.135443529802571 -0.143686508913144
-0.019330738352942 -0.0221252113506792 -0.141559719635325 0.147808147773216
-0.000382987925823341 -0.023623066302324 -0.0921172452095149 -0.12442936933574
0.0224584239694122 -0.00524020109596586 0.25698436626702 -0.306057640025092
0.016837881313026 0.0346979153963446 0.565273328017629 0.0449275173347325
-0.0301071903581585 0.00698944962858001 0.321137134486085 0.754387867785082
-0.0486123731144121 -0.0618732117761017 -0.477746263395092 0.749743108373002
0.0320384755014102 -0.0432116466873137 -0.655871568871057 0.103504290970655
0.0558938091197547 -0.0249599615461708 -0.0756991663205542 0.0779660498700062
0.0128998976598018 -0.00559089013323455 0.646064133677568 -0.0322917760096675
-0.000174548490152745 -0.00916522443269982 0.546858948282904 -0.699086791353479
0.0238294595065517 0.00527882637977159 -0.308514680661555 -0.795605233959297
0.0465276501968696 -0.00711172633597539 -0.63489695592233 -0.0871823026087979
-0.00170117549836042 -0.0404828658783696 -0.272818002209058 0.320266806313996
-0.0173063392193213 -0.0358855269115946 0.0668175158069876 0.165164756533366
-0.0133387048330619 -0.0177365319542017 0.138233472703806 -0.142762237895833
-0.0144972246982715 -0.0205420701485493 -0.139310096952596 0.150229305963992
0.00165876272698239 -0.0241959959260904 -0.0736522830088614 -0.128299424892813
0.0234449941597636 -0.00338080151056353 0.288418071431572 -0.282341768403361
0.0123441792288773 0.0368735655833634 0.563254689112353 0.11057865430403
-0.0352982690300046 0.00462853927547515 0.231324044878571 0.798905910860285
-0.043375918335028 -0.0659069048656352 -0.569133295732381 0.697597518325757
0.0332663534159281 -0.0376051621337093 -0.655169381459329 0.0542176680972166
0.050463151547157 -0.0208837472595285 -0.041566101636266 0.0792294215148887
0.00724951429519658 -0.00163480205281311 0.651118334905424 -0.0868457497868756
-0.00142216378222475 -0.00376192715240429 0.461526503454489 -0.752066907674766
0.02458337373387 0.00524975587761394 -0.395701532857511 -0.748721702525983
0.0406983765874905 -0.00955276347929459 -0.630725287848735 -0.017526662507119
-0.00766141037273002 -0.0404127038912417 -0.238037078512221 0.339023027932041
-0.0188755692533655 -0.034534015364094 0.0854555747194383 0.157776197626779
-0.00997983219470234 -0.014261077617044 0.140135746501696 -0.14399098162366
-0.0125695992113973 -0.0129695336760963 -0.135768069241722 0.150571791518254
0.00466515641274574 -0.0207853472616279 -0.0563528054141102 -0.134148383942509
0.0223029443377017 -2.5705592345604E-05 0.317162735301122 -0.257562212915585
0.00635707874761743 0.0394485225027756 0.551892039306034 0.172729488764201
-0.0403940520272662 0.00593960960255533 0.141903143506155 0.830495851791738
-0.0414780287246717 -0.0620103735538095 -0.649477625976131 0.639510553324644
0.0247070735055124 -0.0289125644401194 -0.648534689788893 0.00617162888091829
0.0345355388800798 -0.0166102803381382 -0.00810820895912175 0.0823580725447573
-0.00322667266331005 0.00621826985371396 0.652013182335586 -0.135739024905341
-0.00175537332905143 0.00810594994806149 0.37600812050161 -0.790335997679973
0.0256814789463322 0.00728963878580856 -0.469253170732614 -0.691494133782954
0.0340782482224481 -0.0108612204989501 -0.619317792060572 0.0497750916307723
-0.0124027157336797 -0.0383260073026327 -0.203769921287766 0.355057911281525
-0.0190677011699576 -0.0300195389886636 0.103385300591616 0.150338768802238
-0.0091596576404712 -0.00728796846818833 0.143263896050437 -0.142534745214651
-0.0125436064863852 -0.00434510099123149 -0.131109500776232 0.150230714809054
0.00625091637128992 -0.0125516179628544 -0.0423708628959202 -0.139146127810453
0.0195817351873198 0.00427097728731497 0.331945753348984 -0.240313255743311
0.000541891845821037 0.0424676514365316 0.543785204343172 0.213679658801173
-0.042959872527788 0.0123702914847707 0.0825251111577601 0.84501234316412
-0.0450767674471666 -0.0511083388621331 -0.699903583221426 0.597608433541623
0.0037271272230434 -0.0227505959354138 -0.640973873033627 -0.0182698232022248
0.00761300310362624 -0.0115997384322968 0.0144038276357911 0.0866611948000848
-0.0204111569083807 0.0205914830205401 0.652171215952141 -0.166907136709843
-0.00088161952993817 0.0228680580641091 0.321402831862738 -0.809428857315121
0.0288197744895838 0.0119701262601935 -0.511077493060353 -0.65129973814301
0.0287870565503555 -0.0100345019468558 -0.607448785942513 0.0907288346434504
-0.0154916917144071 -0.0337085706053791 -0.181911109226987 0.363692373575063
-0.0182212546646607 -0.0222697157523326 0.115458198081295 0.14298172802041
-0.00950433787712233 0.00144019199690576 0.146841644510418 -0.143051013152991
-0.0136891012505601 0.00652913500834372 -0.126632468008772 0.1499013472645
0.00690105267582206 -0.00252071119381232 -0.0392538629501968 -0.142925889727412
0.016630481754319 0.00915460445237599 0.338063956327917 -0.234718827643789
-0.00412151433608354 0.0444657650414186 0.536372793352344 0.22952959587442
-0.0447679629494972 0.0213770904448353 0.0589776840625306 0.849492923854873
-0.0529797664808884 -0.0355689934519328 -0.717268049403602 0.581865427240513
-0.0248174760923463 -0.0173242040757566 -0.638758612145262 -0.0228867387135776
-0.0245479055722051 -0.00967529126060697 0.0237727572806 0.0911537563330731
-0.0398002247025045 0.0350612581251696 0.651376867050939 -0.17488810970906
0.00137422726256671 0.038751103774133 0.304204390151168 -0.813259013266244
0.0320493136303736 0.0182644563972472 -0.526071178729189 -0.63543986277515
0.0255057406927063 -0.00876138178759976 -0.602893390847931 0.1059239455126
-0.0156158436012278 -0.0293677674380802 -0.1736071292289 0.366211527629804
-0.017120776418502 -0.0132667749818133 0.12030080008588 0.138446964129546
-0.0120117739183909 0.0111101791740922 0.150357257837457 -0.143578504408696
-0.0161723218063066 0.0171805976068218 -0.122698349616785 0.149316495312564
0.00704290768674509 0.00818436299689849 -0.041598307693715 -0.14524272260073
0.0135659884055541 0.0128672365402419 0.330385949189219 -0.243417745330708
-0.00674341541162816 0.0473243442408022 0.540132712150659 0.214699207015325
-0.042981255201595 0.0316888789839283 0.0809751029482205 0.846067206581365
-0.0619537701209045 -0.0182514319368661 -0.701067470861588 0.598139922407743
-0.0536346536914695 -0.0127623290697388 -0.640051834141319 -0.00711495288548731
-0.0568921241648146 -0.00895265065641888 0.0186438102114109 0.0960994655423728
-0.0595359278053765 0.0477969555771746 0.656540406938012 -0.160660207388393
0.00215214779013959 0.0545950901070911 0.326115199574814 -0.803504424912609
0.035022828290879 0.0259168783781327 -0.509239673984789 -0.650497244935917
0.0248185227467679 -0.00482748347384442 -0.6090901872077 0.0926991762795261
-0.0131394039473419 -0.0240209341106363 -0.181735687032498 0.364247379116029
-0.0152987114592435 -0.00309179612470327 0.118719431225486 0.138538526298849
-0.0159534694750947 0.0211117994580204 0.153998948728807 -0.143981033290587
-0.0303530633009257 -0.0174784850781401 -0.140365033526752 0.138137758619277
-0.00377748394845356 -0.0108077937192027 -0.12961765269231 -0.120576061918359
0.0204968925065671 -0.000114596060387263 0.184286810330765 -0.342914723369194
0.02152505069164 0.0307866857975925 0.541175653021242 -0.0692764548122079
-0.020787738470919 0.0148649888122791 0.453966148343147 0.650115103899506
-0.0535977782209265 -0.0384372313975017 -0.308934819559768 0.801889410894943
0.00649093495318329 -0.0388133769307211 -0.63857199083713 0.202432441394655
0.0334309135960625 -0.0301813688300089 -0.131499768356658 0.0804354081377039
0.000145378184552378 -0.00368182088376501 0.621391648002359 0.0595473566388727
-0.00103730767536043 -0.00207291252441064 0.679724828910118 -0.574202825614375
0.022050530823351 0.012833479951379 -0.138077342380426 -0.848510201913306
0.0510231043060528 0.00122989727370394 -0.619315833671682 -0.209373974751824
0.00586059542697428 -0.0328011413485495 -0.327680720706441 0.277356664010178
-0.0168890292350585 -0.0269023376606531 0.0332958351293655 0.17295868951901
-0.0252125428876304 -0.0118292167984609 0.13595966299559 -0.138905931938016
-0.0241114077963179 -0.0223512263906307 -0.138805798528018 0.143347056207057
-0.00453740894641712 -0.0186287958097641 -0.114501054818552 -0.122051842362166
0.0211204314196752 -0.00305253977512344 0.214192554980227 -0.326983790851786
0.0190622631541569 0.0317764486283652 0.552662079790423 -0.0173996218803997
-0.0264900368930722 0.00979028238935879 0.398160972321248 0.700898760678889
-0.0529034769841499 -0.0524888797367682 -0.384591727159687 0.783036804899795
0.0211330149916933 -0.0431686639789229 -0.648661863811609 0.158932828903028
0.0492098389117576 -0.0283839020227106 -0.106071479028547 0.0780990214187257
0.0103204572966049 -0.00644710366639026 0.631956375189063 0.0166336169683424
0.00124385901093257 -0.00923837228751385 0.622192809663486 -0.633950237240792
0.0233667843802956 0.00772359121253956 -0.21518896324602 -0.826520893682055
0.0492865994495201 -0.00221405380996818 -0.627163870338819 -0.152748076482011
0.00294845907355013 -0.0378946915391722 -0.302731321447438 0.296297177011809
-0.0162240793595922 -0.0317392734912554 0.0494750661562667 0.167975272106635
-0.0179578627413906 -0.0168434039209432 0.134552106315572 -0.143053423454615
-0.0188524592253994 -0.0214873578314238 -0.140079565258353 0.146357916250248
0.000446984525891703 -0.0240972081199075 -0.0915513420573428 -0.12243070755737
0.0223009056609511 -0.00447301061945713 0.25477533515919 -0.305595725787222
0.0178988560001167 0.0348819549024999 0.560165714836648 0.0413801281028827
-0.0307346729932407 0.00670794114855844 0.32075278454103 0.748052235987735
-0.048408104002062 -0.0611887103430045 -0.472229591763368 0.74606052552588
0.031724327453525 -0.0419586028126918 -0.651431844778921 0.104368282431866
0.0560291866650187 -0.0251728807717858 -0.0745738217539819 0.0779583508646464
0.0127975690436258 -0.0056392757153264 0.640705330893617 -0.0328810172406292
-0.000759092573496142 -0.00934685073509007 0.541495182986478 -0.693532262114703
0.0235875823594187 0.0047798613751793 -0.307068431337325 -0.788445281537519
0.046257990827726 -0.00686398688212132 -0.631917856952664 -0.0839768466016949
-0.00207774690345835 -0.0393999283685859 -0.270334318674659 0.319097377774049
-0.0173653435852756 -0.0353154039393684 0.0666275101223025 0.163797591231348
-0.0141524737579627 -0.0173143769840421 0.137282688115116 -0.141092848368395
-0.0147652039841914 -0.0185523497252043 -0.136621860898044 0.148854816972216
0.00277159773622303 -0.0248829553259685 -0.0727586511413045 -0.127927471906005
0.0231254443755148 -0.00350078088109191 0.285792079726954 -0.281389997014639
0.0128237327208763 0.0368069753666151 0.558482898658465 0.107752172967281
-0.0354805217153194 0.00418280828461266 0.233169699029473 0.793197041730929
-0.0442534748632006 -0.0649658475244553 -0.562659883781585 0.694302237335988
0.0335653711340234 -0.0364494240550633 -0.650602657079742 0.0554348714244572
0.0508838500766786 -0.0205852559799199 -0.0414648478240949 0.0794212096122261
0.00793316736868367 -0.00200464118558535 0.645487694652057 -0.0871618566473254
-0.00147470684918655 -0.00381291406053662 0.456061885095367 -0.747532549349124
0.0240630076234327 0.00525665878088357 -0.393674166951574 -0.739586965238667
0.0407325625969537 -0.00951247362231946 -0.627580304233781 -0.0145000511549302
-0.00757290838384297 -0.0399238019688186 -0.236231472578196 0.338716081007461
-0.0187149270908273 -0.0345150722799667 0.085375971623184 0.157202214135467
-0.0105491120979259 -0.0138841920686913 0.138498492064566 -0.142167833872383
-0.0127346532450041 -0.0127452491451267 -0.134536802577027 0.150028870917834
0.00501200432981325 -0.0214203663781128 -0.0546104769342447 -0.133628974935221
0.0221942900008232 -0.000309435512748708 0.314322934249043 -0.256112696313127
0.00693304853826642 0.0388814894525571 0.548373094356638 0.170332440972904
-0.0398070972954 0.00525000905016942 0.144630377279589 0.824973178887756
-0.041026657442209 -0.0625166699764215 -0.645002538524439 0.637419265178089
0.0252422768564824 -0.0290137007522465 -0.643490821603808 0.00794326900018326
0.0349806993871648 -0.0161246118074148 -0.00780808418379075 0.0826249305790123
-0.00312814212395601 0.006817059162608 0.648164471731162 -0.135228218943373
-0.00154367743036456 0.00647025510408487 0.372604731575165 -0.783079602850025
0.0257887252933812 0.00785170383960406 -0.467247155111269 -0.683691554360099
0.0336921466144355 -0.0114758308440725 -0.616103184331633 0.05232091927386
-0.012871428661308 -0.0368893706911653 -0.201106834990295 0.353759997720533
-0.0194467486483947 -0.0303481171820227 0.103051974378347 0.149089772877132
-0.00954692969687356 -0.00694020584610252 0.143077698467154 -0.141639273859589
-0.0116742862876089 -0.0036717182035135 -0.129628048801884 0.148993731893995
0.00643401645819935 -0.0129507079572979 -0.0424873914194267 -0.138011126893592
0.0202138190291046 0.00383198027171328 0.329533710584773 -0.239035129957431
0.00152991061763966 0.042065529126571 0.539543545726429 0.210267749000577
-0.0427956851069277 0.0106124574596025 0.0839874185823189 0.839166426311674
-0.0448178065783362 -0.0515710396391206 -0.695462403956526 0.595238058802763
0.00471086867892577 -0.0220222395134467 -0.636843382774208 -0.0178590893563562
0.00720380230982697 -0.0123271574577052 0.0146447279932327 0.0863821215748046
-0.0199973969098891 0.0203557351773387 0.645726185060795 -0.167662218809635
-0.00059331068591539 0.0226968319416447 0.319160904088543 -0.804565043153478
0.0288829858250105 0.0122727767672532 -0.51070434721373 -0.644496063140464
0.0291951572912616 -0.0106109956072225 -0.604048692243082 0.0926750295544239
-0.0151408653203444 -0.0336017001471901 -0.179825636908885 0.362694428929251
-0.0195641102975321 -0.0221640411506301 0.115025230152071 0.142163528471221
-0.00989186746539545 0.00199733424669512 0.146107824638575 -0.141762914090094
-0.0131298604540916 0.00756890909008881 -0.124972668140356 0.14789194234831
0.00722130434019786 -0.00276889012819228 -0.0379215422372229 -0.141764462871407
0.016972775651455 0.0085065519835029 0.334010713129473 -0.234723187824413
-0.00304279085191623 0.0444242336788563 0.533400411297401 0.227262911856998
-0.0447361713985309 0.0204053668303668 0.0622720816289786 0.843694407880295
-0.053095117400626 -0.0360754157257561 -0.710824475236773 0.579456312305584
-0.0238163836395875 -0.0174510513941815 -0.632875642383086 -0.0218310324687339
-0.0236594035060158 -0.00981061925410818 0.0241613441792188 0.091126783900533
-0.0391927596264546 0.0353547592906808 0.646225596614255 -0.175446417206363
0.000998993283969369 0.0387978178877482 0.300920659438145 -0.806630368656117
0.0315711271897939 0.0177901779467874 -0.523019697264554 -0.629752286883751
0.0267605529640109 -0.00825426231481303 -0.600768057737051 0.106995019359753
-0.0148410263998753 -0.0286359404118424 -0.170998918394262 0.364251805167393
-0.0172641775190956 -0.0126525661606711 0.120641860919085 0.137939420342691
-0.0129757655465877 0.0116591910597915 0.149907946526785 -0.141950640551219
-0.0160153759021611 0.0175084439258519 -0.120637385471262 0.14840972074279
0.00742832500581227 0.00770928915547852 -0.0411902021133747 -0.144439731337906
0.0140899610368743 0.0126468014485673 0.32767544864919 -0.243316236908958
-0.00520118007787658 0.0466488434366704 0.537111616261835 0.211977799648859
-0.0434689761794135 0.031356074031991 0.0831881005678115 0.83962638006013
-0.0622762471667001 -0.0179023265130866 -0.695224085115012 0.598121621996888
-0.052631951058129 -0.0134491944714603 -0.635347264040647 -0.00393532605286608
-0.0563017300088567 -0.00854003536594298 0.0192144341637057 0.0955232755594556
-0.0587050523959549 0.0477852749519829 0.651608609888094 -0.16097101749752
0.00275000505212567 0.0544231314830121 0.323325391021126 -0.79868910513142
0.0350218361300852 0.0262872574980338 -0.505856284926313 -0.644517553142278
0.0252337374493023 -0.0056108524173107 -0.604375051166748 0.0927615568727675
-0.013745731456966 -0.0232599570050491 -0.179301773691669 0.36086729630844
-0.0156592339978006 -0.00306935046293598 0.11812242536435 0.137297349959877
-0.0162369167331133 0.021184137777593 0.153553571952279 -0.142491876144913
-0.0299077056462091 -0.0163475530989577 -0.138957303457185 0.136305940308508
-0.002965958085016 -0.0110076583586273 -0.129265057687287 -0.119111001564238
0.0204255076369724 0.000320000601325306 0.183368800854801 -0.341925640137161
0.0220471019251215 0.0317386558513061 0.538486622429293 -0.0703197052628403
-0.0206960908144874 0.0143300605454256 0.451569128451865 0.644756410808185
-0.0537578221928037 -0.0385779766985401 -0.305943130928694 0.797135410595895
0.00730014787334359 -0.0384123610457169 -0.633928470211897 0.201614639789368
0.0332747006158767 -0.0300600167584866 -0.129718874581035 0.0804188305420374
0.00119973862131917 -0.0041413412432064 0.615755847912555 0.0580340234055208
-0.000821270031844339 -0.002182123967818 0.676627628760453 -0.56993765017838
0.0215729630019535 0.0126138915868265 -0.137083764871906 -0.843112536025931
0.0505418556278512 0.000508188967788908 -0.61686580128783 -0.206861461537002
0.00535210664984695 -0.0322890281194612 -0.325395845072308 0.277971525979062
-0.0174352219819346 -0.026815060683259 0.032614256831525 0.172898551499895
-0.0253835371841709 -0.0113102337680054 0.135448128056347 -0.136875085271817
-0.0239226001175513 -0.0215582809627272 -0.138168964009998 0.141591676025895
-0.00384246710652139 -0.0191415010096191 -0.11374746988405 -0.120190968343381
0.0214155108501853 -0.00331642086570818 0.212038745597414 -0.324435153757421
0.0201761641300639 0.0324183626262868 0.549281272578664 -0.0186489979924958
-0.0262731707429398 0.0093081134007751 0.397437034116829 0.695356743905923
-0.0525759309175995 -0.0524516168567883 -0.381669660899795 0.779146763368327
0.0219882146934384 -0.0440808861431134 -0.644898916363981 0.159095330830296
0.0494448573470104 -0.0278594107198787 -0.1052836459811 0.0774540572376945
0.0110899561488817 -0.00639918489462785 0.626989498497257 0.016283706050067
0.00106392627019121 -0.00940260089451374 0.61533936582705 -0.62959673134965
0.0232787303954885 0.00766595114236206 -0.214512123010268 -0.822219952309348
0.0496965348358046 -0.0029773405345041 -0.624879709659997 -0.149462579200609
0.0027488377210599 -0.0369676202045191 -0.300638096578703 0.295103983801368
-0.0162927253861909 -0.0322095495610595 0.0490827284660828 0.167627836084241
-0.0183914983673799 -0.016202009372161 0.133712628749223 -0.14111606374162
-0.0186916135715279 -0.0209385036477918 -0.138806510577849 0.144650985118809
0.00117060172997474 -0.0247492210999425 -0.0905365840023787 -0.121319097184916
0.0229207654644277 -0.00444287935575864 0.252774324900038 -0.304779258066274
0.017584911264135 0.0344233267846549 0.557441763651702 0.0415833587960338
-0.0304620094330238 0.0066967255459796 0.321370025599742 0.742322818086981
-0.0479105594533944 -0.0618823112715483 -0.4688747666193 0.740952065442746
0.0321788806270678 -0.0417833122289091 -0.647709231035803 0.105084518847058
0.0564354206582033 -0.0253853781294726 -0.0747717182952546 0.0776328741367896
0.0134281175343635 -0.0057608244092106 0.636795336470038 -0.032597204989081
-0.000127844140653217 -0.00914630358902696 0.536815832009773 -0.688650633945745
0.0236457444739873 0.00508389642016406 -0.306781208401008 -0.783975595244659
0.0465453247464598 -0.00689091948198703 -0.628416343108376 -0.0813567982622188
-0.00125422249150097 -0.0385365325903017 -0.269845696373351 0.318698517779896
-0.0181208368420689 -0.0345447500544787 0.0666766979643207 0.163863533170481
-0.0146800639284192 -0.0165066099424254 0.136233576065032 -0.139662763681856
-0.0150145969244433 -0.0184537674979783 -0.135614648894033 0.147361465081955
0.00254430241529776 -0.0250703294443704 -0.0719293714409358 -0.126775077321346
0.0230769000914233 -0.003796110721997 0.284165162594349 -0.2802312114266
0.0133564305260132 0.0366243649741451 0.555755604062375 0.106979459137454
-0.0360206644530416 0.00441802312056463 0.232638290163113 0.789118953429962
-0.0437031879111226 -0.0651576101134791 -0.559874424664637 0.690969825531625
0.0343200302001027 -0.0356973403996617 -0.64716525597969 0.0550979648799266
0.0508521746196781 -0.0209703705556611 -0.0412382535194014 0.0792415949528058
0.00798309357727606 -0.00200300927947117 0.642034953366354 -0.0867329227813314
-0.00120788896384449 -0.00389803757133163 0.452203981567733 -0.74161335361543
0.0242974340801891 0.00526007941279633 -0.39339275688052 -0.736013596357407
0.0408696864110134 -0.00962061327395496 -0.624218140994786 -0.0128613185245351
-0.00761279463375674 -0.0394137007885708 -0.233716918742858 0.336803082319608
-0.01883413514084 -0.0340755903224986 0.0849276819910173 0.156234472239459
-0.0108173973373428 -0.0131826001292709 0.138018201474937 -0.141235374361895
-0.0122241885595017 -0.011908697596431 -0.132881353383434 0.147720006389065
0.00523950796775042 -0.0215260075570832 -0.0548290972131861 -0.132916792094497
0.0226248693880491 -7.49542909713116E-05 0.312879633693502 -0.256021686986011
0.00746696448985382 0.038908880103524 0.545945372752444 0.168863354727715
-0.0403989136748547 0.0053576794238348 0.145212598181453 0.81915594441882
-0.0409513668941685 -0.0614030133832552 -0.637821560770885 0.631970614317391
0.0255614259532713 -0.0284016460088944 -0.639603320631699 0.00860205305660737
0.0350520570072517 -0.0163425639470016 -0.00804392214271856 0.0822788017031848
-0.00285168395771529 0.00697381300344426 0.644112974721478 -0.13440194326759
-0.00146307479590141 0.00693559232586137 0.369729122523228 -0.777913392892822
0.0253242330060945 0.00715135789436299 -0.465435076580645 -0.678327068787408
0.0338873189602808 -0.0109268089250409 -0.612926235070616 0.0525168401705485
-0.0124899738152111 -0.0365632916046321 -0.200158473797673 0.353189200931409
-0.01929189295963 -0.02947643270844 0.103436473548435 0.14930904161738
-0.0101667607246111 -0.00623905683483882 0.142851500361128 -0.140699372239775
-0.0110884770213256 -0.00274350349018399 -0.128037009122767 0.146863123538942
0.00708954053396231 -0.0136906846743625 -0.042330157166354 -0.137610613291325
0.019970506671943 0.00389145784593966 0.328862122072947 -0.239397029172292
0.00192984572232676 0.0418124510118396 0.536227953353942 0.209189138744749
-0.04307024136936 0.0105932404074414 0.0851408694923736 0.835300774638789
-0.0447672734996716 -0.0509713499977177 -0.690558909282583 0.592367896548089
0.00539970299023487 -0.0215125978766893 -0.632890052399555 -0.0168992192150904
0.00840409626364962 -0.0120690854566496 0.0151645488258621 0.0859897481041809
-0.0195128206038351 0.0201297538639947 0.643729210080726 -0.165701898339818
-0.000518582840667005 0.0225490862761083 0.315470635899173 -0.798546258984778
0.0280152611422904 0.0116125172785019 -0.507349996778003 -0.64106488400761
0.0295030704425454 -0.0103357466390483 -0.601777928108761 0.0939000750823106
-0.0158695231560677 -0.0326823751365411 -0.177518487965069 0.360646908058169
-0.0192299482909249 -0.0222892285454502 0.114723063587846 0.141286493622501
-0.0105202966885867 0.00246955771666923 0.145217627924997 -0.140548761632098
-0.0131644874445665 0.00761115930762346 -0.123263143057397 0.146345903471207
0.00801314033131986 -0.0039952948108846 -0.0382917297886279 -0.141557539983105
0.0169425752744165 0.0079802139937321 0.333155707608812 -0.235021328712282
-0.00236548155770997 0.0446836477598062 0.530601864938022 0.223971317411273
-0.0449886225895123 0.0205545973660664 0.0622858989018134 0.838428802851141
-0.0529762165996841 -0.0353974553787346 -0.704837192471346 0.576508006822591
-0.0227190923410131 -0.0177098701733864 -0.629771581050484 -0.02260764363119
-0.0235754323351625 -0.00962914731778984 0.0241580251299098 0.0905336877499884
-0.0383457583046222 0.0345676803926758 0.642470641798425 -0.176111527344779
0.00150116121699952 0.0387832488171428 0.298405635395947 -0.801120101263045
0.0314852217855241 0.0183310305243704 -0.522056492319032 -0.624867385784104
0.0261542333748482 -0.00875155921839173 -0.59761206686965 0.108602113938949
-0.0149889324424688 -0.0278054782533601 -0.169615201432166 0.364314907343941
-0.0174324609438823 -0.0123316891098824 0.119961548436809 0.137132678177442
-0.0128569051259303 0.0116972249926241 0.149360673447493 -0.141227456916548
-0.0152267636779228 0.0180919898158726 -0.120070448037174 0.146043881931806
0.00815878091198054 0.00738715825695026 -0.0411315142857899 -0.144057534292713
0.0139814375970898 0.0121905938450719 0.325918045267125 -0.24263277890794
-0.00500719233768749 0.0468976494290833 0.534378696684752 0.210712614674275
-0.0438108353595871 0.0303637565501263 0.0839418473337063 0.83455129850009
-0.0616055522228412 -0.018088042279422 -0.68926503696434 0.592706605348189
-0.0515395790507073 -0.0132584914533346 -0.631202436007161 -0.00445292131580956
-0.0556425327254231 -0.00871351241062553 0.0194592624888661 0.0950467103858521
-0.0580662381162765 0.047603923545737 0.645757071474195 -0.160967361782223
0.00237336339923243 0.053973352904178 0.318197830088894 -0.792675590471374
0.0346734278199284 0.0255515449730081 -0.503842534791136 -0.638560315207897
0.0247903788071129 -0.00511834165096143 -0.600296293137632 0.0939027393463242
-0.0134935710378371 -0.0226833513585271 -0.176950914547114 0.36085418202669
-0.0154379823311013 -0.00252545056384315 0.118040196341372 0.136015376465017
-0.0165814320020854 0.021472594896629 0.15260076513667 -0.141153058221251
-0.0300599149190882 -0.0156962837446908 -0.138687530705485 0.135025386594613
-0.0019867104948662 -0.0118685446887804 -0.128395997348696 -0.118384598533049
0.020561576891852 0.0005254099585936 0.182487808511314 -0.339015974807759
0.0222297416615488 0.0315051592691822 0.534675453096777 -0.0684067509890016
-0.0215675844536495 0.0145573906692151 0.450819102072949 0.642623517306692
-0.0540729749788362 -0.0384814462674851 -0.305507472836852 0.793860167565841
0.00854818306641929 -0.0384387865334715 -0.630932490613177 0.199804001227016
0.0340111581122886 -0.0305421214301986 -0.129751987663281 0.0799711120802789
0.0017824309699114 -0.00369302462033564 0.610725936543173 0.0576691561326371
-0.000280077198396712 -0.0022003514998493 0.6732887590431 -0.566944074091491
0.0218125062492638 0.013074146829962 -0.136729275273215 -0.837703571851915
0.0512442908596817 0.000230375162539768 -0.614646722662349 -0.204943369511861
0.00621310113364723 -0.0318800794940483 -0.324088384544513 0.276424451116835
-0.0172289296613708 -0.026229036402636 0.032829172778513 0.172601020049714
-0.0253113339176744 -0.0106398379664892 0.135200196093533 -0.135146869481472
-0.0241060322109876 -0.0211149838809559 -0.13760073490153 0.140708201180254
-0.00311573121372919 -0.0190839689165077 -0.113105613855707 -0.119800648969255
0.0214279168508163 -0.00331791828712472 0.212325004962912 -0.32362209508572
0.0199110995834266 0.0317719002258797 0.546511872138319 -0.0185074521790396
-0.0265483387828803 0.00941322204676293 0.396712685994063 0.69190091138715
-0.0522244180649721 -0.0525284040348887 -0.380389614205424 0.775321643882106
0.0226497000621969 -0.0436926716465809 -0.641446680562938 0.157350508053932
0.049966656016333 -0.0287820195345598 -0.104462285912618 0.078328556467374
0.0116998983387746 -0.00558481564187576 0.624739519821278 0.0151412697171594
0.00102754936109799 -0.00923887053091119 0.615120790136674 -0.625611349395337
0.0233820557760495 0.00812210216256635 -0.212430183236194 -0.818346398329454
0.0496248783395345 -0.00260544227216631 -0.622639788890964 -0.150100316034599
0.00296724347880742 -0.0368248160401327 -0.298632161862484 0.294498193691412
-0.016472126331864 -0.0317047825908392 0.0485837650157266 0.166996161752213
-0.0191782465095364 -0.01577644773381 0.13451811672648 -0.139448285523105
-0.01894778445881 -0.0192478032599229 -0.137605139564432 0.143431596145491
0.00128068670287649 -0.0251570179561741 -0.0908110485393475 -0.121288104791947
0.0226697831862699 -0.00478124504244099 0.252763432971332 -0.303703572683943
0.0180085323045868 0.034441070584572 0.554132368835092 0.0405882538168336
-0.0312439300285945 0.00613317635987989 0.322419920849629 0.741066213644523
-0.0481358560685217 -0.0610580862495928 -0.46794859287287 0.739404929266708
0.0331619514365259 -0.0412465117230777 -0.644537057643779 0.104187858432775
0.0556353440344117 -0.0249319680541506 -0.0733171786316654 0.0776740192024425
0.0133999344136354 -0.00532649658219181 0.633570599423001 -0.0331176875767509
0.000427383538595155 -0.00877348217704486 0.534796205516888 -0.685255873227711
0.0234347319131923 0.00520693400110963 -0.305570756756643 -0.779296687363001
0.0468267492047123 -0.00744776086819182 -0.626842727571157 -0.0799697737829503
-0.00142941870115014 -0.0385106588386347 -0.268056441565759 0.317587750667622
-0.0182561768645764 -0.0351095750629518 0.0664282201958065 0.163661818294428
-0.0150939064640106 -0.0160499291043866 0.136476274975325 -0.138791978657247
-0.0146739970115573 -0.0175719128334681 -0.134543741810672 0.146135808207473
0.00343719251463158 -0.0257825683298903 -0.0715876580061696 -0.126208863830711
0.0232181689014674 -0.00398596219409428 0.283529504003159 -0.279698487920483
0.0136568543244379 0.0366268134202501 0.551916545306023 0.105991013881036
-0.0360809725842766 0.00375353214238657 0.234086038503531 0.783063839750783
-0.0438414626661837 -0.0649570931257021 -0.557098185725076 0.688493499778237
0.0354158430974758 -0.0362059812477174 -0.644764164987668 0.0543799008925727
0.0514641498981628 -0.0209175492408512 -0.0401487797058153 0.079092252172085
0.00889058348712098 -0.0015254595683454 0.638845121569117 -0.0865491216982207
-0.00128534920390201 -0.00387575085496921 0.449959113287082 -0.737985995622557
0.0239976230416988 0.00477459498171324 -0.390762473843498 -0.73063415788995
0.0413787682670085 -0.00924512183640285 -0.622461061603717 -0.0123995164181798
-0.00772527664967846 -0.0382473139412008 -0.232718533130321 0.336830992165648
-0.0197656633361402 -0.033702184365224 0.0849204274725176 0.155775052975346
-0.0112374997447948 -0.0129307631080363 0.138680639921246 -0.138965477002206
-0.0125803349001984 -0.0107867953693126 -0.131166725428464 0.145502038114402
0.00573070285511227 -0.0218960685175811 -0.0544515074941599 -0.133064872629965
0.0224853645964464 -9.85934537656857E-06 0.311553671353059 -0.255260625131257
0.00789653226625598 0.0393777039101742 0.543005388159724 0.168439768165806
-0.0401878579923375 0.00524581247960417 0.144616184561957 0.815122188461683
-0.041192071899762 -0.0617671427703999 -0.635423094778979 0.627994459218627
0.0275431263129367 -0.0290475100441187 -0.637387369544259 0.00726678324333562
0.0349035284525076 -0.0167220766504051 -0.00678540922950978 0.0827279517282364
-0.00216671722277243 0.00636214604937673 0.639148678925027 -0.134789951603942
-0.00163016452992909 0.00704774825133045 0.367956546324286 -0.774885033048302
0.0250637999864993 0.00703244096503482 -0.462513609959377 -0.675672349468436
0.0346015696273012 -0.0105992613021442 -0.610002990852181 0.0532700013962974
-0.0119167281518949 -0.0366141248013409 -0.199296247574746 0.351888593793162
-0.0202992681645201 -0.0294954356884143 0.102457802759434 0.148455214097079
-0.0111856274489986 -0.00615723458645386 0.142860286028497 -0.138902143821648
-0.011505213708917 -0.00192387769198316 -0.126606457062978 0.146058177828775
0.00760726996626536 -0.0142933027175582 -0.0419063894298883 -0.137201123637653
0.0202000349269964 0.00442940461940633 0.32774245194421 -0.240250605599383
0.00260053259505349 0.0426942867143588 0.534769407315418 0.208105675384962
-0.0430009223810456 0.0103469087236143 0.0869362510203714 0.831495193480498
-0.0451885487248699 -0.0511496361021553 -0.68809573266057 0.590310257369359
0.00611262164551167 -0.022363771762781 -0.631407119182537 -0.018017279053564
0.00856891692885795 -0.0126928836027189 0.0153843396880977 0.0862868790362222
-0.0190129140818904 0.0201535993204011 0.639411731112764 -0.165887881658498
-0.00034385588271468 0.0220571040813452 0.315183774565151 -0.794156760143777
0.0272637934935209 0.0117074791059805 -0.505788710292718 -0.637438479472696
0.0298445180401753 -0.0110406388259262 -0.599433243726887 0.0939026947328696
-0.0149203789039392 -0.0320067576729171 -0.176653465837348 0.3591740551174
-0.0197525316487263 -0.0219509976836028 0.114653422571834 0.141022474898681
-0.0108227487061453 0.00293385454838919 0.145161077715156 -0.138821639504828
-0.0129372056016342 0.00789313724632204 -0.123328075255941 0.145226570135645
0.00777956406303349 -0.00485388224617441 -0.0371228549689487 -0.140922340521021
0.0169222208202262 0.00786786259806222 0.332312012098851 -0.233111031932426
-0.00159897220092345 0.0440508536121422 0.528960215692292 0.22291147988045
-0.0450825809266931 0.0190453871614753 0.0636944943800919 0.835024283388934
-0.0535312855068454 -0.0353535847360279 -0.701791234456838 0.574529552048274
-0.0214809249966444 -0.0175613199082589 -0.626570876784792 -0.021018785859245
-0.0234678140737732 -0.00984365303157511 0.0253971153717969 0.0911210543932245
-0.037960992871145 0.0351127188991209 0.639562054313087 -0.174216308022449
0.00208216041956052 0.0377605337766082 0.297067268327808 -0.798319558856615
0.0313500170372429 0.0178042397073227 -0.519528206166184 -0.62034092431262
0.0263898308915464 -0.0081763636981995 -0.595355629069705 0.107442260996858
-0.0149094979100908 -0.0268841677767633 -0.169061649796891 0.36311393274033
-0.0173091454489649 -0.0121770798299226 0.119103738023205 0.136320382214237
-0.0125671450851649 0.0124883675588333 0.149126378480879 -0.139790633513114
-0.0152143184275876 0.0184830388546998 -0.119222108915622 0.144160161277828
0.00810695316807731 0.0062882508245785 -0.0408407898393422 -0.143669442096083
0.0144239983769032 0.0126789324379897 0.32537696986045 -0.241424291065388
-0.00406295608737903 0.0471331317292673 0.532876650143192 0.210346730493337
-0.0444715359616572 0.0304685970349863 0.0851521312277669 0.830690280533004
-0.0618076507410056 -0.0177308402105947 -0.686665408111256 0.591150826581445
-0.0504231260428614 -0.0137659075108534 -0.628849354951245 -0.00509045956400717
-0.0549565921320245 -0.0093196395735404 0.0203832526047061 0.0951759258401657
-0.0574655483602485 0.0473881832589011 0.64255889422339 -0.159635802144173
0.00266734803084937 0.0537073387922099 0.317388946650825 -0.788480915339747
0.0347555417428424 0.025556954699426 -0.502941953954791 -0.635840589822054
0.0258232369211173 -0.00588902945603129 -0.600136112887359 0.0943401754764103
-0.012992058096986 -0.0221024039265237 -0.176965894101154 0.360308123415891
-0.0161407702752077 -0.00212403583371238 0.11779264889298 0.13588135254339
-0.0168332450164363 0.0218948708584954 0.153000710489141 -0.13964156581964
-0.0300143450455363 -0.0144148928649303 -0.138444140646154 0.133108936130338
-0.00153503391233789 -0.0119148799337969 -0.127840639511022 -0.117639847208338
0.0211988327596314 0.000175001149615103 0.181336949579433 -0.338681078020479
0.022618763417513 0.031477011889095 0.534705608291012 -0.0687777137209746
-0.0216510305510842 0.0141312068915789 0.45099597720012 0.641274118558953
-0.0536961016362246 -0.0393083696152699 -0.305483663077052 0.792616223445401
0.00915139024416119 -0.0390230748908575 -0.629818449779599 0.198446972558187
0.0342096249518297 -0.0301408828790193 -0.128782262596036 0.0794502926040024
0.00196744498823798 -0.00387677031326209 0.609004172221216 0.0573991373519125
0.000243182683965157 -0.0022561496627407 0.670732431757379 -0.562632431443906
0.0214707211323051 0.0130444197271104 -0.134199101670558 -0.834401178600275
0.0515688019839623 0.00032562918525581 -0.612726929973936 -0.205440225866867
0.00594201193925437 -0.0314883562641583 -0.323715130208183 0.277332405183019
-0.0174800176313005 -0.0258690356497255 0.0322645126570967 0.171794225127787
-0.0260380237418887 -0.00962077459843611 0.1350113817153 -0.134557268434256
-0.0235851890612927 -0.0200980640970728 -0.137416165186215 0.138775252966108
-0.00262555377536554 -0.0195502272200742 -0.11346081425569 -0.119215048367109
0.0217072749912316 -0.00234951950343742 0.210954035013994 -0.323229747657476
0.0206255246155352 0.0324430056273658 0.544598385247528 -0.0171799570502748
-0.0271212168015101 0.00932168796155255 0.395410681797094 0.689164369182757
-0.052559878107849 -0.0525173064228062 -0.377665391674674 0.774728584355642
0.0238984471233446 -0.0436477019492569 -0.639815792577688 0.155646888634356
0.049813010091761 -0.0289216777321969 -0.10424040948085 0.0777410143593509
0.0121063129253979 -0.00574646946423224 0.621589393933485 0.0169648864494375
0.00161917977507695 -0.00911850608372487 0.612638482837416 -0.622434376504669
0.0234801478984318 0.00808844063101941 -0.209762523179213 -0.814711087027596
0.0503109943872362 -0.00244451966919057 -0.621034224175633 -0.148656843675303
0.00299859590339546 -0.0362439843762052 -0.29904851763409 0.293782876821367
-0.0167915997702379 -0.0312401703184568 0.0480098311019288 0.168132304405703
-0.018935388150733 -0.015055789740388 0.134145049781983 -0.138125224795537
-0.0187070877078891 -0.0186533737691215 -0.136848474593964 0.141648009501838
0.00162319321795123 -0.0253359224844679 -0.0896450266238368 -0.121759435792476
0.02255112366897 -0.00440541085012277 0.251465777921537 -0.303297433805162
0.0190794337003711 0.0336116083974617 0.552247292306137 0.0406252824944862
-0.0318360695480355 0.00582776740391764 0.321348449248302 0.740590098275336
-0.0482137372431468 -0.0612409512016268 -0.465651929356781 0.73586186529782
0.0339655844748222 -0.0408579017063812 -0.644363160564338 0.103162411926015
0.056486050586017 -0.0253811172814543 -0.0736938033494062 0.0778465723433888
0.0140518549574356 -0.00597719483054917 0.629685046686725 -0.032045625621171
0.000115914094924778 -0.0090522469754308 0.533084484233274 -0.679845529312858
0.0231002988332056 0.00540499254413795 -0.303642701546068 -0.776233186764887
0.0472303890208498 -0.00666283501709997 -0.625277148153471 -0.0813547737860068
-0.00159333726388528 -0.0375024203473617 -0.267461824278769 0.317349010323091
-0.0180460780720999 -0.0343221642783996 0.0656510412477741 0.163245216440142
-0.015997982154925 -0.0151137329745671 0.136567141848655 -0.137214444438498
-0.0143954807115103 -0.0164884582302418 -0.134162220189228 0.144591687513593
0.00419840117637876 -0.0260622222933668 -0.070610580687803 -0.126880804516792
0.0237428612000912 -0.0036985601412557 0.282761147639345 -0.280064244129249
0.0146575126952801 0.0364136588874213 0.550835426388523 0.107312264790832
-0.0368479870847564 0.00343835983794534 0.231818316026879 0.78353924597901
-0.044260652235119 -0.0650574051097162 -0.554339345666971 0.684944097228902
0.0357332418160608 -0.0362841740045121 -0.642666290981167 0.0539364819354937
0.0517166179231652 -0.0210534195340729 -0.0400386524841189 0.0790662904753833
0.00898995367348008 -0.00201847386433938 0.636272695452888 -0.0864673996908951
-0.00098100387961654 -0.00363810599222428 0.449564495221697 -0.734202874365617
0.023933838546097 0.0049797659279217 -0.389034699182301 -0.729448474921786
0.0417318637056031 -0.00926297541170747 -0.620497389356282 -0.0129640206926859
-0.00704629157297545 -0.0380507103883605 -0.233618114722834 0.335087618749597
-0.0195260032183458 -0.0331855349341993 0.0846000352752677 0.156131562519047
-0.0120274197146028 -0.0113125122307109 0.13858947386073 -0.138283889974043
-0.0121794848258548 -0.0103371577661559 -0.131436687244957 0.144762262233876
0.00647465495795097 -0.022394128503442 -0.0537951124365767 -0.132442633279515
0.0231140057640853 -0.000160222173873674 0.310792342186833 -0.256321081169257
0.0091834766547274 0.0393813762646531 0.541475883907512 0.168558742614729
-0.0406044090786583 0.00504796406679269 0.145440219428107 0.814054637079037
-0.0411222187554686 -0.0613507599139509 -0.63431219059479 0.629302318889642
0.0279067786495498 -0.0282795040809311 -0.634472123652211 0.00602109088747061
0.0360779889938956 -0.0167298499868569 -0.00709662443469662 0.0818649491428108
-0.00153605090122641 0.00712796843127628 0.636784249786463 -0.133952643759634
-0.00112453987254204 0.00661067758254592 0.367400224263689 -0.771475824944717
0.0249962784478587 0.00733737781532827 -0.461168800728328 -0.673673230094601
0.0346927578030887 -0.0108690147340176 -0.608596370723812 0.0532032485419615
-0.0117563241019706 -0.0355152126740905 -0.199304059569693 0.349953146016524
-0.02031788290587 -0.0293530676980495 0.101992391821523 0.147826417977804
-0.0116377647627063 -0.0046686773095851 0.142921583415414 -0.136891799840961
-0.0113552759495325 -0.00189235859132256 -0.126106619698895 0.144233761653775
0.00792460062217881 -0.0146171519357573 -0.0414295698898036 -0.137130329353188
0.0207797110952727 0.00422882071486833 0.326455988823395 -0.238208010501513
0.00311548672240127 0.041659086848064 0.531743137377516 0.209426497299671
-0.0441769100892345 0.0108849661079309 0.087367229742011 0.831271898099626
-0.0451182193058679 -0.0513364563067647 -0.684279140202541 0.58582761503367
0.00630448516840959 -0.0219673442659228 -0.627965263680207 -0.0163956512735589
0.0087764931010016 -0.0125740575822716 0.0158092607299495 0.0861802282090178
-0.018663662814083 0.0196957203502808 0.637230159500571 -0.164513154811646
-0.000385897646368556 0.0217781426058722 0.314686885108197 -0.790349524013311
0.027770178017905 0.0116628498396413 -0.502656353792289 -0.635514667498256
0.0304704215085417 -0.0105092490277991 -0.598831381965109 0.0937739357328675
-0.0140565520514806 -0.0316174472595126 -0.177466498002035 0.358771393501889
-0.0193422225286592 -0.0215571887177672 0.114402264933479 0.140669625284578
-0.0109044874915281 0.0032140729614523 0.145513449025862 -0.137908454144784
-0.0125752172814634 0.00799951717656148 -0.122854046254417 0.143831942033724
0.0082800223084713 -0.00538973968280764 -0.0370080107282485 -0.141681822415217
0.0170111858345604 0.00890008470544006 0.330845722046961 -0.234721914692159
-0.000422184015160632 0.0450946226998656 0.526971148791241 0.223297719613939
-0.0448813052501712 0.0195450680054629 0.0625889925854753 0.833520429629766
-0.0531089749321648 -0.0355099843441056 -0.698296268235109 0.571581528573583
-0.0213529186967823 -0.017422506790302 -0.623600967453568 -0.0221680609509917
-0.0230077067225806 -0.0105777290391603 0.0248270719084865 0.0905781989235777
-0.0379785391985708 0.0342022945441291 0.636047295382009 -0.172291526231033
0.00156734053471305 0.0379146484332414 0.296909761079202 -0.793528296181612
0.0317922124338338 0.017949325704999 -0.51533521993095 -0.618076441098344
0.0274650327285336 -0.0090664064423663 -0.594478805169172 0.10711723670867
-0.0148638912781708 -0.0265839911776352 -0.169437460688033 0.361288488392061
-0.0182947258039501 -0.0128348130890486 0.119486664116783 0.136264678047114
-0.0135965672574731 0.0128778462622569 0.14993539105787 -0.138502677444311
-0.0146317078520382 0.018506375364206 -0.118313201998118 0.14301116207683
0.00878705473192253 0.00500302101691341 -0.0404550541660981 -0.14373202734582
0.0139145694080881 0.0121686348652185 0.324460095819535 -0.241580395697807
-0.00424391873172132 0.0461738456488604 0.529896709454466 0.209404898204783
-0.0438162804533337 0.0302956973669308 0.0843686626583343 0.828180291873773
-0.0618681720997075 -0.0182330673967468 -0.686586279400627 0.588147940032206
-0.0495637048591345 -0.0139318932110306 -0.626068449250796 -0.00394813590491902
-0.0548127297206114 -0.00939758923662002 0.0203247513879536 0.0951856456321608
-0.0576725569445654 0.0470756871676786 0.641274869454055 -0.158803167788783
0.00280760459965463 0.0536317420377895 0.3182508806246 -0.785782483372657
0.0344967206383052 0.0254520560092878 -0.49889928890706 -0.633690526655353
0.0260416968572099 -0.00578396703587751 -0.59780154379871 0.0945689746131654
-0.0127044332858525 -0.0212926581223879 -0.176271109025198 0.359717803797449
-0.0158440536974692 -0.00237412717073671 0.117114517856601 0.135516384932736
-0.0172281402405803 0.0223526829969039 0.153009044504088 -0.138366619728819
-0.0295448589351773 -0.014271727484328 -0.138741622323453 0.132386294156454
-0.00149338439868401 -0.0128496392065542 -0.127302217641551 -0.117106374548628
0.0207028350826715 0.000441247057010345 0.182944245277988 -0.336879463965056
0.0233583334463463 0.0319852046356199 0.532786738862103 -0.0671652422987431
-0.0226355944194481 0.0141705996726222 0.450208083768785 0.642085785617022
-0.0540589560337459 -0.0393182055118345 -0.306185436556008 0.790009821194117
0.00974957051842906 -0.0390596616109341 -0.628776132023997 0.195621955105882
0.0343167730713937 -0.030140085680717 -0.128691310892501 0.0795738330436005
0.00278607198857814 -0.00343345178160681 0.607335278989182 0.0582349296428147
0.000190143392105144 -0.00234703644528889 0.672672805391587 -0.559273161508754
0.0216430537963265 0.0128821904720211 -0.132057629726257 -0.834317555649118
0.052031838433045 0.000844444966717175 -0.613580941609227 -0.205188964648184
0.00588873538605024 -0.0312550622357057 -0.325359185209364 0.276148323360933
-0.0181974379413508 -0.0254376399031389 0.0321206645537327 0.17340175060707
-0.0260173040233024 -0.00946163381981439 0.135055593908539 -0.133244992217402
-0.0235211623418712 -0.0192341792598171 -0.137306530175391 0.137248226353379
-0.00210270242322771 -0.0206008761667752 -0.11321998737829 -0.119351738170567
0.0222702289952845 -0.00242691246226105 0.212352708761233 -0.321229670319443
0.021126638728153 0.0321131177040057 0.544251712498468 -0.0168520216055871
-0.0274918881387221 0.0086852277745333 0.395338178168588 0.69075544400949
-0.0526885075542868 -0.0524379194924437 -0.378292917303891 0.771543414507562
0.0242788564311236 -0.0436825875039719 -0.638884976497259 0.154948202567032
0.0499228740916898 -0.0284601655701836 -0.103868956842783 0.0778890001133184
0.0117009965875411 -0.00519257110216857 0.620153353446787 0.0182867959391373
0.00166242975460573 -0.00915939628549101 0.613048967247141 -0.618495358109966
0.0232613231959243 0.0082802010719415 -0.208708003350046 -0.813776361481651
0.05102208487175 -0.00258295485668196 -0.620565665147454 -0.149292439566377
0.00325648776647614 -0.0358163546577352 -0.299102649356313 0.29336474172927
-0.0167132964904026 -0.0313338804824704 0.0475663251666174 0.167809907682255
-0.0198096339370038 -0.0145983975568666 0.134079026539963 -0.136850599901662
-0.0186110897487456 -0.0178832824608763 -0.137160378139706 0.140656355929195
0.00250802321587906 -0.0259684398620755 -0.0896123963666683 -0.121675651751528
0.0232818936191408 -0.00469886576077758 0.252782401215812 -0.303740378029902
0.0192573736537487 0.0342007621478868 0.552277469086702 0.0418336788110842
-0.0325530092590407 0.00558140148440917 0.321111805894443 0.739269924795247
-0.0481455192682631 -0.0614427928499221 -0.466014750394053 0.732967259525139
0.0347503761191697 -0.0412624359636262 -0.642246211787048 0.101097089502855
0.0563788279731946 -0.025369379428562 -0.0734247355499408 0.0779794130989053
0.0145233801071912 -0.0057553982770325 0.629476888888012 -0.0300540979272823
0.000639556826257704 -0.00949598805257682 0.534635191224715 -0.676449145029531
0.0231305686634979 0.00539903144148659 -0.300649710302308 -0.77556547104648
0.0470014053021654 -0.00655591106855289 -0.625586713010009 -0.0810001257902307
-0.00109774423314726 -0.0369246517066358 -0.268021372614304 0.316592019163063
-0.0181672052946216 -0.0342891444896248 0.0653740177666512 0.163917420636062
-0.0162785056759084 -0.0148365901272796 0.136642916374355 -0.136330428869816
-0.0143058059619151 -0.0161288812433166 -0.133653528239415 0.142695868520426
0.00443869321598397 -0.0263356461055325 -0.0696789491950234 -0.126361031574283
0.0243847342058231 -0.00325942598621909 0.284416292884383 -0.27928400742027
0.0149347099704699 0.0365852009066709 0.550080606671668 0.108073785909456
-0.0365963025941242 0.00309788150614253 0.231019793468883 0.782419096739372
-0.0438951217552263 -0.0652174344776814 -0.556622423711599 0.682634752348123
0.0366470826644748 -0.0363054517399686 -0.639882857230043 0.0513299043415584
0.0515499644457209 -0.021670737931713 -0.0399348878447527 0.0793518141221174
0.00960786211932084 -0.00185550188399562 0.635002071389642 -0.0828638349576188
-0.000497671129267342 -0.00457694968637289 0.450341946850223 -0.730864396250985
0.023909908517196 0.00518565246542276 -0.385946683861163 -0.728388087962365
0.0420618150427597 -0.00911730490845523 -0.620484641297886 -0.0123834965638586
-0.00654048846019022 -0.037371981722392 -0.234033083118596 0.335560336046027
-0.0199293043268804 -0.0335218390415056 0.083890759588612 0.156784930874669
-0.0120296866774081 -0.0106942350336495 0.139259994475599 -0.137022947038654
-0.0119658509049283 -0.00949275933888327 -0.13109284750833 0.143495315652043
0.00671326080462076 -0.0232107628073902 -0.052922888473178 -0.132843656295013
0.0234594201823687 -0.000184857258762886 0.311233325562099 -0.25586511340053
0.00942100856364037 0.038601963755445 0.539446100458052 0.170472511420788
-0.0412874331086611 0.00455030461569507 0.143895241793448 0.812422632831383
-0.041906730589813 -0.0612181399874487 -0.633762196910315 0.626350505485409
0.0285281947954319 -0.02873945229378 -0.633561389081861 0.00530511899794627
0.0361000083607452 -0.0167566692644922 -0.00621756378990262 0.0820170945306134
-0.00138355098644654 0.00697355759616432 0.636694463733706 -0.131594906135354
-0.000901188101652965 0.00678323147194463 0.368173637091902 -0.769367694483808
0.024863849765177 0.00719994197447608 -0.459410980908349 -0.671984686569026
0.0352546715144511 -0.0111687508914691 -0.608761852738834 0.0526276481404392
-0.011896566475404 -0.0351034076385119 -0.199757607345215 0.350207159368007
-0.0200740890166492 -0.0286811430408365 0.101695905289379 0.148580649170446
-0.0112122638277232 -0.00485196185940262 0.142955076787711 -0.135636829509064
-0.0114110148573726 -0.000973883802299126 -0.12617950006601 0.143496488702562
0.0081929498996422 -0.0153694896707228 -0.0407265991249325 -0.138329886049202
0.020795943046236 0.00382278229694462 0.327737594656703 -0.23733794141936
0.00366217928321391 0.04138428513206 0.529947459999417 0.209214967153574
-0.0451259237667044 0.00960711642629195 0.0850321364329187 0.830132767414999
-0.0453079046092379 -0.0511769311489746 -0.685835969588393 0.585834939655328
0.00792511822495727 -0.0217765392439137 -0.626560541206983 -0.0191624510278826
0.00940867657146685 -0.0127850688775064 0.0163721997843108 0.0869681172038106
-0.0187096579772171 0.0196442230292238 0.635208851711085 -0.161428743022138
-0.000332324863127249 0.0213411391804715 0.316167319693805 -0.787587849669092
0.0279065885590429 0.0121596376314501 -0.500361026026812 -0.634218605688898
0.0308243383177983 -0.010649776499999 -0.598761075715679 0.0927719449821548
-0.0146239269721446 -0.0313193685023785 -0.17897918626084 0.357359936591954
-0.0200601939796724 -0.0217429340630346 0.113536687909469 0.14079179765723
-0.0114477558426762 0.00409676389067977 0.145695321634281 -0.137029091979065
-0.0128374397462412 0.00958426216701308 -0.122654372691743 0.142481530961089
0.00919492960281887 -0.00573671365138071 -0.0363018102961085 -0.142298068929096
0.0174313320067577 0.00821705434357771 0.333084657227685 -0.233688422155118
-0.00055847348857653 0.0440356620619984 0.52569415303498 0.22564423618234
-0.0459694914690563 0.0195114883424322 0.0640774637976142 0.832579543747515
-0.0534172582417446 -0.0360368772908864 -0.701284718820447 0.570123638453767
-0.0206552446752872 -0.0178184783491418 -0.623162081524237 -0.0233281370241025
-0.0226172162029822 -0.0109214423685835 0.0257766815749779 0.0911989461657998
-0.0367304910923429 0.033940109175588 0.635462560540228 -0.171638238687165
0.00147095360957544 0.0374173896739532 0.298406137403568 -0.789794654015656
0.0312091453626563 0.0177779160545668 -0.514908106019131 -0.619035183104962
0.0276718397029886 -0.00881338631235408 -0.594825498789006 0.107066839343556
-0.0145789545783796 -0.026430307456377 -0.167860562411187 0.362273730972915
-0.0183655018214404 -0.0121996226977693 0.118101216492834 0.136821919111215
-0.0139484890771934 0.0140091315689135 0.150532690384817 -0.137429939488138
-0.013642669747817 0.0190800718011319 -0.118365290336517 0.141970323509079
0.00841443556261382 0.00497904325004562 -0.0396559416389377 -0.14379410952049
0.0147909152574474 0.0121685998866348 0.325106268130203 -0.240953418126017
-0.00349782609753136 0.0466581648976452 0.529971738500736 0.209193730447759
-0.0448375010877592 0.0303063061003752 0.0854336527249742 0.828299184335242
-0.0614921342127414 -0.0188287272003256 -0.68586131929447 0.585665360262094
-0.0486760450302803 -0.0137385082297614 -0.624894753383051 -0.00567503890752427
-0.0541354359272209 -0.00971811409461939 0.0201202908573064 0.0942977131241029
-0.0569984227046844 0.0468721028648332 0.639582116011284 -0.157332467267576
0.00346635774258176 0.0527867881747348 0.319545473084641 -0.782254927909726
0.0346597851757237 0.0252290197547938 -0.498359115484793 -0.633691007423386
0.0262950188327154 -0.00616757810066031 -0.597484712074186 0.0934281241588959
-0.012383746584109 -0.0214689590210095 -0.176438202726102 0.359660409348275
-0.0165603463596956 -0.00205247727159068 0.116674005760064 0.136219533769083
-0.0177289401604863 0.0227275455099933 0.153445833450665 -0.137313443557846
-0.0295613110374364 -0.0130501660336248 -0.13832162237555 0.130865576022647
-0.000705023493150857 -0.0126175012994585 -0.127425103346743 -0.11731235229267
0.022157040955366 0.000965217402669236 0.184280337286918 -0.337773322792489
0.0235235288629329 0.0318629875074957 0.533044547990382 -0.0662342874549286
-0.02337225086827 0.0144553792285957 0.450244590221715 0.641867068666439
-0.0532469479730676 -0.0391143433075651 -0.306485692913418 0.790353777984725
0.0106951414761913 -0.0385751976542012 -0.629822864268542 0.196635965004576
0.0347711438290497 -0.0302829943473512 -0.128393643049392 0.0789759842582034
0.00261829754307009 -0.00411841997915638 0.605866300768799 0.0606227856301663
0.000602096037538642 -0.00227575100883785 0.672820235272206 -0.558265037882209
0.0217636972829305 0.0133090754223596 -0.131548147038998 -0.834021111479531
0.0520447978533469 0.000630812675289676 -0.612905283400231 -0.207993079803212
0.0071155503495785 -0.0309394887329061 -0.324666146681823 0.275415728895212
-0.0181713232280195 -0.0253912890645484 0.0313618165544819 0.173971444721633
-0.0260459721370217 -0.00886895108025224 0.135755057776161 -0.132521494068896
-0.0233086402000718 -0.0185441964308543 -0.137610341824784 0.136108821221095
-0.00150256207823502 -0.0202167015439597 -0.113084975330627 -0.118669033211542
0.0228873734681429 -0.00293230632409057 0.212754818147403 -0.320910711172582
0.021663381291681 0.0323263107202067 0.543438091010422 -0.0163547971473056
-0.0286365910439198 0.00813342692149329 0.394754039081121 0.689362763604331
-0.0525257150312025 -0.0523499426498753 -0.379664095663063 0.77260568303273
0.0253805210474972 -0.0430576953073113 -0.639582724603584 0.152898904055145
0.0507030591401908 -0.0288775077155333 -0.104186738702264 0.0772749811253675
0.0128140581754656 -0.00557533762090401 0.61957509923689 0.019538354240431
0.00191502290162677 -0.00953514802586124 0.615004589963919 -0.616123383684734
0.0236468046674768 0.0078186988594955 -0.205847121098251 -0.813442602018591
0.0514338867898369 -0.00273575187431767 -0.62138039731405 -0.150725952110286
0.00350751812250839 -0.034605072788356 -0.300068697101405 0.294163164932393
-0.0179491106749673 -0.0309218272092382 0.0477868788415608 0.168802621858398
-0.0197702220047235 -0.013581734681481 0.134963059183156 -0.135734386267236
-0.0182633783688501 -0.0173513812932318 -0.137895198275541 0.139091947346606
0.00302994916842234 -0.0267286527124822 -0.0887277128858154 -0.121649630556788
0.0235649147814759 -0.00445394838033458 0.25339988076792 -0.303384504060186
0.0203169959323478 0.0347375412589961 0.551865629958927 0.0427224211682114
-0.03287637113409 0.00519774147530401 0.319146159821946 0.739683865414319
-0.0481685859061595 -0.0615424849127065 -0.467802591338905 0.732582636375009
0.0356676416735224 -0.0416851778410598 -0.642989073027109 0.0999433180416168
0.056966180394267 -0.0252630790122433 -0.0730961224851025 0.0775822840394637
0.0156107786975736 -0.00533240265836838 0.628788819166801 -0.0310206884734153
0.000439169955214921 -0.00950734317943512 0.535649514184286 -0.676155541472529
0.0231165709037436 0.00548489357491245 -0.3008946836104 -0.774625588891246
0.0481530208981785 -0.00677224114058031 -0.626073458886673 -0.0820334688306194
-0.00126598270386904 -0.0373561834852614 -0.268368954866068 0.317444506464303
-0.018700525392061 -0.0340078122325997 0.0656590327409672 0.16447990261159
-0.0165711365470034 -0.0137439653346723 0.1380607059419 -0.135353394150433
-0.0136919326882401 -0.0152756579752955 -0.134268253876068 0.141080992656086
0.00478649742344981 -0.0276546791038567 -0.0696585320488886 -0.127577002735887
0.0244870835231583 -0.00310860137080328 0.284821433425072 -0.279160634433267
0.0154654863442248 0.0365972279670104 0.549676320574506 0.109332629256213
-0.0369414683597781 0.00283500234881763 0.230642788419493 0.782893344614141
-0.0441491106963066 -0.0656105829308131 -0.556861327640225 0.6829643222901
0.037308873666855 -0.0359386700759988 -0.640958622209669 0.0502104077310367
0.0520184401397235 -0.0210472434138658 -0.0392876287021593 0.0796715922564579
0.0098071807958396 -0.00134430664996533 0.633616693401105 -0.0821380995593103
-0.00117908703507595 -0.004307424315157 0.452730596924388 -0.729896421649587
0.0239449986815272 0.00551324890051698 -0.38550517828641 -0.727544188969357
0.0429627491949993 -0.00945904267344855 -0.6212041548613 -0.0134931719341916
-0.00658236543351391 -0.0379455454260271 -0.233770423144185 0.336641873276708
-0.0198599742339927 -0.0336229022198838 0.0838919922763067 0.156567634905982
-0.0128063282298438 -0.0110518164941771 0.139256980197191 -0.13652874906292
-0.011734363371917 -0.00866252022961164 -0.131120981355528 0.141857053317004
0.00723113274450284 -0.0242428481672483 -0.0526380263174062 -0.133343003485553
0.0235212470186547 0.000268072966206602 0.312230023062657 -0.255140337353435
0.00923187014221995 0.0390894524140017 0.539811636823344 0.171071745622103
-0.0417780811800569 0.00416842196682006 0.144667447473147 0.813143987278953
-0.041516243254871 -0.0613939194921127 -0.63544537216303 0.624340400871572
0.029374351585574 -0.027765856915776 -0.63323385356908 0.00206092853143025
0.0363871140043634 -0.0166373483704981 -0.0068688763523579 0.0823720255122585
-0.00129142224771944 0.0070531294627252 0.63717752451859 -0.130071146812474
-0.00109237411024457 0.00649520928472297 0.370377578714034 -0.766043313582893
0.0245354943542897 0.00713269929751062 -0.45784797048192 -0.672469030852559
0.0362541626089171 -0.0114850389548176 -0.610114976133625 0.0521481728943502
-0.0109264757531381 -0.0353545815490667 -0.200200299646575 0.350700665947966
-0.0207497330515181 -0.0289099166980557 0.101560960275519 0.1486907352177
-0.0120754605867121 -0.0039679488823566 0.143610969340813 -0.135496621649467
-0.0112686215823395 -0.000819069875358127 -0.12602994276263 0.142329883513243
0.00880360466034004 -0.0161130346015567 -0.0398885842044195 -0.137703232255299
0.0216487814109846 0.00443256540514955 0.328544125555216 -0.23894816706402
0.00417013230920908 0.0421612789547679 0.531778867522323 0.211659588578937
-0.0444670183100841 0.00972768637544885 0.0852956685419337 0.828791270957045
-0.0454048818143442 -0.0510391713221701 -0.685121835144181 0.583357504528554
0.00805391647912252 -0.0222751135586683 -0.625772530271976 -0.0215857780165518
0.00950169233692983 -0.0133550771256995 0.0162254499114453 0.0857149755166126
-0.0180610733964613 0.0203826589368855 0.635846594017941 -0.159696008035705
-0.00013293546075812 0.0213597675554282 0.317185470019875 -0.785860788332776
0.0279907229359088 0.0119595322050281 -0.500110767834023 -0.633972683505876
0.0316377758661769 -0.0108349390024713 -0.599425315755924 0.0922403495665298
-0.0140958600191212 -0.0310080482613799 -0.17791335096567 0.358368181026984
-0.0201367735324326 -0.0211179527277277 0.113549120255716 0.141218446077238
-0.0119348491319323 0.00444650903322409 0.146580263184784 -0.135424391190007
-0.0120067535058811 0.00950123282925357 -0.122123071169138 0.140619429050045
0.00943632809865487 -0.00625000586697092 -0.0353052784723491 -0.142069402278375
0.0174996623122719 0.00812462647719114 0.33325909167776 -0.234635843873413
-0.000190562853823021 0.0442972891628226 0.526353438609272 0.225588425016691
-0.0463434076123562 0.0187803338066742 0.0627752609904441 0.832908692954714
-0.0530623471180427 -0.0361726429741206 -0.701762710171784 0.566408044439492
-0.0193624769422552 -0.0178188253124086 -0.62333990624585 -0.0250672309012106
-0.0226262003064615 -0.0109277825617141 0.0261276487049543 0.091203072049048
-0.0369683494073308 0.0342642124576332 0.636155066966811 -0.16860004258165
0.00191650999130073 0.0376873338322347 0.299692063792506 -0.790150398939344
0.0312733897598321 0.0175883297424121 -0.51282784351393 -0.620831383350391
0.0285891723567956 -0.00859061950408017 -0.594818016793185 0.105917839751161
-0.0143993826785834 -0.0257438728080594 -0.16848281558626 0.361930371315896
-0.0183971333223853 -0.0122359695084244 0.118918037902502 0.136836344823778
-0.0139111954520004 0.01441923129616 0.149978641472694 -0.136411797294425
-0.0136224581828289 0.0191490304323565 -0.118853091802173 0.141001396308377
0.00905340522989428 0.00378809185905551 -0.039083972810408 -0.144685353294603
0.0154950020815072 0.0123430654056224 0.326824947957587 -0.242858391991993
-0.00243803549842357 0.0462013622716492 0.530432454752392 0.212349946087907
-0.0455726945165091 0.0298346333854965 0.084569550259796 0.82939678298957
-0.0623990843877391 -0.0178841382278426 -0.685242045005951 0.583889580483235
-0.049086694845263 -0.0142868646255781 -0.625108009014113 -0.00820677339752477
-0.0542194187966522 -0.0104723495116798 0.020780074031442 0.0950216948806683
-0.056868430690124 0.0465859662278032 0.63940876536784 -0.156262311484377
0.00230934832160979 0.0529861078893392 0.320880970607577 -0.781608237246132
0.0348576022363954 0.0255982233180588 -0.496412878893629 -0.634365874191846
0.0265955765869988 -0.00600237134437761 -0.59906028375929 0.0934452093067923
-0.0120085856401675 -0.0213462576860273 -0.176904392679727 0.359743774789788
-0.0175251600212091 -0.00187556902389259 0.116393162432986 0.136902039217297
-0.0172601760194711 0.0235714325097514 0.154112840690258 -0.137342976614784
-0.0285859932899105 -0.0127147291629431 -0.139682358555514 0.129760938102653
-4.65229840692898E-05 -0.0133642090180944 -0.127157352231767 -0.117306038183675
0.0216623780648723 -6.53380433864731E-07 0.185606223370007 -0.337628235863923
0.0246753189180452 0.0323607319755038 0.533206115708963 -0.0657801785458929
-0.0240688298044697 0.0143525817126902 0.44983286256715 0.644890077618088
-0.0543833417560189 -0.0404185954499087 -0.310480000586174 0.791372017502417
0.0114735811527743 -0.0391876532728512 -0.631494886967468 0.192782267461301
0.0357089158770973 -0.0304634067762512 -0.128643051541858 0.078768958145576
0.00331078879662438 -0.0037841231665928 0.607289480042534 0.0616821430169975
0.000429267876891954 -0.00217044239998723 0.676254228995007 -0.55399678492847
0.0214640123861489 0.0140349374612177 -0.129601770988624 -0.83420093777667
0.0527270894865577 0.00108815581669868 -0.614354979656475 -0.207790655882886
0.00715943952185808 -0.0303282189839083 -0.326781140580766 0.276584652295641
-0.0179621570665734 -0.025486967213092 0.0306975824811656 0.174596260121396
-0.026522224619335 -0.00841328926922563 0.13619651639307 -0.13155941431808
-0.0233232984300328 -0.0178683562343292 -0.13808617804286 0.135297908190689
-0.00151007713215364 -0.0209394073276535 -0.112986885703464 -0.119102414620677
0.0234023231828256 -0.0031242304605963 0.214657876341467 -0.321695875168183
0.0219779202818606 0.0324852102161536 0.543934664358422 -0.0152315821921734
-0.0286274895778306 0.00894341228960648 0.395380431970882 0.69273726978306
-0.0526844596808538 -0.0524872068084017 -0.38112548218213 0.773306573265816
0.0262518657031679 -0.0432756799810897 -0.640698641529768 0.151245476742238
0.0513017753815737 -0.0287719539974132 -0.103604370579838 0.0783051260763622
0.0132363664602489 -0.00510382535859396 0.619419138248602 0.0211191587188011
0.00227897916186314 -0.00942739051033344 0.61642735807464 -0.615315088784142
0.0232886152851802 0.00830454380599252 -0.204665815511312 -0.816522383822393
0.0521752808783921 -0.00226405253424664 -0.623690850696885 -0.150516170786799
0.00462308682415604 -0.0349021077005081 -0.302048901323925 0.294816805307798
-0.0172705174478785 -0.0308447944965821 0.0464308883063082 0.169733549297689
-0.0204240781308483 -0.0132481477408871 0.135942118596668 -0.135162893298549
-0.0182821068674337 -0.0163730426643016 -0.138143133255905 0.138331196188679
0.00367107538169479 -0.027269015292737 -0.0882556271502963 -0.123097091574822
0.0240584872063811 -0.00468214460674612 0.252950715930406 -0.304626548799594
0.0205393731499061 0.0348764576001582 0.55203327054991 0.0449020369375314
-0.0328627013824675 0.00567081599259892 0.320837450647772 0.740747071955928
-0.0491376894002146 -0.0617846776905017 -0.470183488599197 0.732707478949109
0.0368100676042996 -0.0419982318121213 -0.643686530284856 0.0991122615013398
0.0577198750722191 -0.0260186813645419 -0.0728089562061886 0.0780538731219189
0.0157712257127158 -0.00509808105040314 0.628932731116335 -0.0288225298204258
0.000843384082289782 -0.00938639054971411 0.540113728644614 -0.675009677129101
0.0230005350858214 0.00535637816635483 -0.298966715256379 -0.777804288422638
0.0488145934052089 -0.00676948035188616 -0.627531226223388 -0.0823806771740835
-0.00041780636644984 -0.0362189028515339 -0.269993850042944 0.316903449370104
-0.0185842139644893 -0.0341693556723556 0.064775717973235 0.165070394977315
-0.0162258365645209 -0.0134536953618418 0.138629214691811 -0.134286378346937
-0.0139517598246196 -0.0146896889717567 -0.134497785582508 0.140981855422424
0.00494506456670536 -0.0274721382109062 -0.0695674207136323 -0.128158758288416
0.024821770605242 -0.00315633826034608 0.286093408108033 -0.281042440749389
0.0158585425819737 0.037306113195623 0.550891529645188 0.110485274296117
-0.0378964709137278 0.00281457944765241 0.230045558988039 0.785255620325145
-0.0439847766786132 -0.0658233565474986 -0.559180060248684 0.682606752153008
0.0383530471923242 -0.03652451527584 -0.641574457927727 0.0497657625656167
0.0526444630207202 -0.0213498177522245 -0.0392035497581729 0.0797794075979072
0.00998768225660398 -0.00157706160402388 0.634579551172942 -0.0802641953452259
5.14935522641854E-05 -0.00441140617421529 0.454963643053338 -0.72859137148503
0.0239542338583231 0.00564666589813222 -0.383000844416932 -0.730425894343026
0.0429508046877907 -0.00951019899427396 -0.623571381024753 -0.0144177392165676
-0.00614678238114524 -0.0364940106720456 -0.235037543386031 0.337500540541319
-0.0201682201344436 -0.0332284303277731 0.0834352283055392 0.157156448954079
-0.0127193237249823 -0.00988318778531025 0.141008117905954 -0.135708065152437
-0.0116036057874932 -0.0084243405977283 -0.131177144936164 0.141012448030336
0.00764428264578345 -0.0250196984764087 -0.0518582123887194 -0.133713637531224
0.0240017367648028 -0.000236325991447725 0.314417316189031 -0.256102117138036
0.0097905460931759 0.0389982012737748 0.54060774643346 0.173238542496955
-0.042242751187711 0.00424593462993856 0.143329316591344 0.815185209175727
-0.0422697338022615 -0.0616520212061155 -0.637674855390357 0.625318755748295
0.0300167431572781 -0.0290835707727364 -0.633675328623054 0.00143047391269461
0.0368286424721195 -0.0169083591891498 -0.00636772737486221 0.0830325274897002
-0.000549229105873753 0.0067993573321838 0.636016726201379 -0.12862112590761
-0.000784230898611116 0.00628303730357922 0.372213057695485 -0.766528534919541
0.0251535321482381 0.00737915483934308 -0.457184478160345 -0.673475955620482
0.0370197260232982 -0.0114836618472893 -0.611244195178792 0.0513722295205757
-0.0109169791674465 -0.0343115984530827 -0.202110483816192 0.35130194121323
-0.0204470155801991 -0.0284280405717318 0.101777520170766 0.149399847390793
-0.0122131523044603 -0.00241413607163637 0.144878965363384 -0.135422540368338
-0.0106010134978488 -5.92758208006958E-05 -0.126438806671927 0.141117832918648
0.00891730009105934 -0.0166864077634982 -0.0398057334202806 -0.139638140861675
0.0217674093672349 0.00386623356581373 0.330803214771814 -0.239717150242212
0.00426448108743965 0.0421634261184361 0.531940417667599 0.214277482426798
-0.0451393730183011 0.00986211781398554 0.0858278110137157 0.830785345578694
-0.0450246522728073 -0.0511620284277466 -0.689578642431664 0.583223029162376
0.00892537112062061 -0.0221552352070968 -0.626390701510258 -0.0226933136950309
0.00930653775958439 -0.0132466268865564 0.0167166592307498 0.0875518330465347
-0.0178408131433267 0.0194759788740293 0.636561357906764 -0.158951972597854
-0.00054926873565991 0.020751018462723 0.321279482940581 -0.78601038341218
0.0276398320468377 0.012024560595608 -0.49924940729136 -0.636272700729411
0.0320434457802338 -0.0110081110082438 -0.600342750602937 0.0915196544142572
-0.0133643315782425 -0.0304879401994444 -0.179632346987484 0.359508427517109
-0.0207903575689357 -0.0214858419410388 0.113680436143823 0.142677505407232
-0.012402607830392 0.00541657833978408 0.147944965962532 -0.135826151801257
-0.011762960679041 0.00951340312144121 -0.122911557513667 0.140281115386692
0.00917236038303212 -0.00674392800638905 -0.0353523958846573 -0.142384004674156
0.0178795095016349 0.00785335650978545 0.33499603406396 -0.23537086766282
1.66007220541581E-06 0.0446371168787904 0.527676244643092 0.228947976376616
-0.0469677224638709 0.0193830658241982 0.0616281831246223 0.834918238015102
-0.0542533668228861 -0.0362414816668518 -0.702003257589036 0.567370881805864
-0.0193956306139646 -0.0182413004382243 -0.623167654934304 -0.027499983229058
-0.0218752397474356 -0.0111237885658832 0.0265763018745978 0.0911628920800786
-0.0367553356000074 0.0340563464801126 0.637709283933458 -0.167434017576335
0.00194290809565696 0.0365642872304617 0.302579772367086 -0.789154891258081
0.0314554309695862 0.0174618164811318 -0.512882797327921 -0.622216391416969
0.028683199896253 -0.00965798060717209 -0.596376925045735 0.10650806471682
-0.0140925425542981 -0.0258393589804278 -0.169106257716794 0.362413930165766
-0.0191072794784758 -0.0121538199166528 0.118595120533124 0.137884672463048
-0.0138940355652188 0.0155105500782248 0.15133664003351 -0.135732501799345
-0.0129940825444785 0.0196819429299273 -0.118929502289553 0.139509174772008
0.00961788838978046 0.00341603418500248 -0.0387787817337835 -0.145588261336593
0.0151367954374869 0.0119484353783383 0.327628203024908 -0.243506025680405
-0.00152498833241853 0.0456486212516798 0.52972660545431 0.212282528170399
-0.0459324306808877 0.0298503791315713 0.0836803410646927 0.831473086412161
-0.062619686033055 -0.0184603330804439 -0.687826836889077 0.583829514517258
-0.0481352131840957 -0.0147258555630184 -0.625816715150184 -0.0103051203390034
-0.0545998059984098 -0.0107286736941213 0.0207919436765846 0.0951294632428274
-0.05695720105743 0.0465344598090468 0.640028712592576 -0.154220132779579
0.00294359114947027 0.0523001411929316 0.323128205417434 -0.780995397366922
0.0345126659224767 0.0253053784070415 -0.495486818562249 -0.635467909369057
0.0279150491183784 -0.00592321569843394 -0.599678589959388 0.0930179502861362
-0.0118920500812796 -0.021184042408775 -0.177813997864846 0.360592320936779
-0.0177635932000567 -0.00163148055953469 0.11675256738946 0.137004911970844
-0.0173436486322027 0.0243732843563483 0.155091841541714 -0.135823253533207
-0.0288661999153248 -0.0124584988835363 -0.140583074852066 0.129062974371253
0.000608415964014114 -0.0139278884392929 -0.127438751383993 -0.117332376693748
0.0228677689077572 0.000527871415739359 0.186915255433702 -0.338757469504861
0.0254756741314919 0.0318938504771945 0.536912421763856 -0.0648924615034881
-0.0245018459315078 0.0143004657868699 0.451117936425056 0.64840977818303
-0.0543788506561879 -0.0400050282866883 -0.31259776251294 0.793211001898471
0.0125703309871556 -0.0395919794527095 -0.633471741631209 0.19210546383293
0.0358462970259335 -0.0306545767088765 -0.128749038123849 0.0798856374743547
0.00406806583522938 -0.00341386962948433 0.606826130530066 0.0621091314457826
0.000808257704277804 -0.00260312614061362 0.679775464391137 -0.556083134616694
0.0216706805542759 0.0138112494620385 -0.12828697271338 -0.837693192269835
0.0531707421693615 0.00015490899252143 -0.61819390892135 -0.207951935923991
0.00743949204944269 -0.0297266288999864 -0.328412782057029 0.277346500293261
-0.0188267148277191 -0.0249343702713712 0.0305916731179223 0.175891560415584
-0.0267675929616891 -0.00740229453788543 0.136695352122961 -0.131177140992479
-0.0229087448638119 -0.0175509349422635 -0.138674861176008 0.135451405106087
-0.00164345936186844 -0.0217990390374481 -0.113103415288742 -0.119312080432441
0.0240518422056886 -0.00239941890170453 0.215501504735325 -0.322775018398829
0.0226412948038396 0.033235376859208 0.547305968313701 -0.0128638403404635
-0.0295066132086202 0.00901666324884568 0.397887970116266 0.695931762274799
-0.0532672029190908 -0.0535054529285737 -0.383278119240549 0.774179432052724
0.0267620692496531 -0.0435078299532586 -0.64365435172386 0.150297127102588
0.0517987532975282 -0.0293790111447654 -0.103843093342044 0.0781183697473662
0.0136023363714954 -0.00522581973386867 0.621207456292482 0.0228951863828285
0.00218650156192445 -0.00925259220768997 0.620994931365889 -0.615432816815128
0.0232430552504662 0.00821734021900223 -0.204893264749117 -0.818046101474946
0.0529808914321185 -0.00258476852658734 -0.626889593417302 -0.153881543469576
0.00468816533998315 -0.0344253296420995 -0.302589135977829 0.295565727880692
-0.0177951210935691 -0.0304263710283475 0.0467884750805145 0.171212002069338
-0.0205221801753027 -0.0126378710459986 0.136312849998192 -0.134833576632766
-0.0175630375219382 -0.0161695431175748 -0.13851164216194 0.137303967374211
0.00348668379524982 -0.0282915672809691 -0.0883664335574702 -0.122680741596905
0.0249179317762601 -0.0045141743247577 0.255782805294269 -0.306530313715227
0.0206352435533626 0.0346665650531503 0.553734824933725 0.0460975612004144
-0.0339737057137918 0.00533543285269342 0.322880367901749 0.743559783499792
-0.0491831076611433 -0.0617215662092462 -0.471813137406223 0.736151071766938
0.03741907646254 -0.0421651268576683 -0.645953977310795 0.097593865876927
0.0575357682088635 -0.0252977767012718 -0.0726647032476068 0.0778620575462338
0.0160895947115462 -0.00529286734269142 0.629419353480067 -0.0267533301045355
0.00114136932400373 -0.00942423125627206 0.54160485360368 -0.675434134528756
0.0234383534485803 0.00580375337382429 -0.29912163486768 -0.778218504391283
0.0492813149159046 -0.00707184802059625 -0.631066719102907 -0.0828969632275465
-0.00023951416413277 -0.0369269460876874 -0.272772199224792 0.317608046045128
-0.0190426814949393 -0.0341212913151023 0.0651892578720937 0.166212199335578
-0.0176208386222028 -0.0123633509640738 0.139742319196135 -0.133371236707346
-0.0129680724633609 -0.0139527369601411 -0.136070777429314 0.140155080476064
0.00567311379472476 -0.0289401478308493 -0.0698363030303037 -0.128438466249362
0.0244860205003708 -0.00384673605970177 0.28842043159361 -0.281274903505609
0.0168308547842434 0.0367641109347104 0.552411342310373 0.113024738348881
-0.0383167872307531 0.00251550074453834 0.232296502595714 0.788173304527906
-0.0441688812543468 -0.0659190104315935 -0.562083772091816 0.682887742364233
0.0395505452269386 -0.0361995185943142 -0.644228614026413 0.0471343452704108
0.0529722376027617 -0.0218679302230732 -0.03957322215826 0.080408796102018
0.0113602466097843 -0.00163014267947016 0.635992640420455 -0.0795195917776063
-0.000684560101170864 -0.00419831551087895 0.457922977040075 -0.729594866770225
0.0242682078088131 0.00550690452719761 -0.385317010412379 -0.734261311168873
0.0435352526334315 -0.00912890858524726 -0.626644972062059 -0.0152916182914312
-0.00557849571131682 -0.0368277523043194 -0.236889861590637 0.337720953455243
-0.0199088379879415 -0.0330713413001201 0.0831573949493531 0.158498868303307
-0.0135045811360836 -0.00959464620788172 0.141564472503915 -0.135374000610562
-0.0113426689619983 -0.0079507676347397 -0.132208413110168 0.140678380494188
0.00764786120289286 -0.0258892320251044 -0.0523481617869338 -0.134563358341742
0.0241976071289163 0.000433326829150548 0.315971972709268 -0.257589108555955
0.0115261755027423 0.0390716201355953 0.542214324050517 0.17453474560358
-0.0430169532210462 0.0038572668965717 0.144256170349686 0.819370212203241
-0.0420629758953724 -0.0618278894790952 -0.639892269777257 0.624570648398498
0.0310673956050719 -0.0290266039630787 -0.636495852067478 -0.000903996325608679
0.0370759182419721 -0.0175470209911419 -0.00591996666817841 0.0831116920849017
-0.000315672709061927 0.00738249327989874 0.639126438823265 -0.128624116589912
-0.000937559499658371 0.00651164265830357 0.376339227830887 -0.768513393045468
0.0255653697905048 0.00782296616209887 -0.457794652791755 -0.677304169447422
0.0369270546928873 -0.0117138502802118 -0.61527175600497 0.0508756764484299
-0.0106697610486294 -0.0343935893328216 -0.202287326857574 0.354319677622789
-0.0212871962866583 -0.0286805050714949 0.100762351816608 0.149978198865779
-0.0124508684490483 -0.00252799679873284 0.145505869587383 -0.134652856092736
-0.0100218454117536 0.000356027725093098 -0.127218439579781 0.140764840901272
0.00952356041958883 -0.0180063773939258 -0.0394455403437062 -0.140318896597954
0.0221864005404883 0.00429774649121801 0.332976237869446 -0.240917726244599
0.00528128175654502 0.0414258216290003 0.533503396306077 0.215588661624891
-0.046013998218317 0.0092620548015169 0.08494629234681 0.835650453234337
-0.0454950992590034 -0.0513598878472341 -0.691672977761112 0.58265462963821
0.00959867625012414 -0.0223694018990401 -0.628536772450741 -0.0253682916664076
0.00989654743297567 -0.0133633454606927 0.0172572053607457 0.0879818171701698
-0.017526659983237 0.0200319578459413 0.639321154808158 -0.15892310777936
7.54619509896748E-05 0.0214503468282249 0.323265796803183 -0.78855421543761
0.0282125248255569 0.0119543388485345 -0.500453888001444 -0.639984976154796
0.0324438476120281 -0.0113359726981561 -0.603928133595914 0.0928270083965588
-0.0132526037511986 -0.0307070683711816 -0.181133703605235 0.36233136852149
-0.0209264322662909 -0.020884391141035 0.113638787744355 0.143031601669082
-0.0125450581047288 0.00623501685441565 0.1484828147979 -0.135407647781704
-0.0107504563391159 0.0109728336975315 -0.123427351875212 0.139141215860974
0.00922757663150314 -0.00787017324110645 -0.0349129395921294 -0.144415497094854
0.0184239938339292 0.00782590773678777 0.336612534478632 -0.236021901027531
0.00137113204604079 0.0438008095126387 0.52870297964222 0.229038428778495
-0.0484359936611221 0.0191357724111442 0.0624874556012335 0.838912496680436
-0.0538474602838193 -0.0366951811322434 -0.707456860402954 0.567202650482987
-0.0184677714621142 -0.0188421730505085 -0.625469480543872 -0.0294109848203597
-0.0222025445553713 -0.0112324877437342 0.0266600612703579 0.0921421476128569
-0.0366211002229554 0.0339307638567897 0.639502554292237 -0.167422961731688
0.00235599287815562 0.0370683951193543 0.304574562750763 -0.791872777766834
0.0317057016224925 0.0184771581496748 -0.512485237180092 -0.625214179183615
0.029832049926207 -0.00979199077209743 -0.59901260359527 0.10645270270979
-0.0134273777740467 -0.0263018212483047 -0.17165619227565 0.365075066781754
-0.0194221785992571 -0.0119199339430145 0.11827642118543 0.13878960116108
-0.0144231255924279 0.0156672153680498 0.153591136024748 -0.135419202319251
-0.0125306762534247 0.0201824818173792 -0.119812942916058 0.139439470166474
0.00903997257192877 0.00286874406707767 -0.037799070729316 -0.14594159784155
0.0155138530013489 0.0115827999991102 0.329294393303587 -0.242575198535655
-0.000903649746058532 0.0465373500681036 0.532941568085492 0.215000042177663
-0.0465841246335515 0.02981650918519 0.0845990411029968 0.833713939515925
-0.0628861278823724 -0.0186472490923569 -0.691406252297115 0.584711678234357
-0.0475680674349662 -0.0152889250879548 -0.627607386755887 -0.0112028177105392
-0.0543110863761025 -0.0114273199271853 0.0217514342916802 0.0962414377292292
-0.056797431773522 0.0464378772910675 0.641470571202897 -0.153440983941295
0.00300121431689002 0.0528998368536953 0.327115288434556 -0.782636345495547
0.0345007451584737 0.0261488043011792 -0.498130254415479 -0.638124459420279
0.028838654618669 -0.00660704010024351 -0.604083501787335 0.0921552244572146
-0.0113710255354127 -0.0206703087127943 -0.17873635739565 0.362040227371703
-0.0177458136508644 -0.00126238557681965 0.116808707624191 0.138056450269967
-0.0174485318284394 0.0247805645383965 0.156140432778995 -0.136055251480578
-0.0282758276001682 -0.0117342474466475 -0.141653096691324 0.128597155651205
0.000390694323540375 -0.0144085440911664 -0.128074378649809 -0.117774397685915
0.0235343018644502 -0.000199064085076665 0.187680295393478 -0.340064955537696
0.0258039606017207 0.0323551002869761 0.539616379891934 -0.0638706211175684
-0.0255096894519977 0.0138897309000752 0.455125723382606 0.651203800696915
-0.0552328554905116 -0.0409935550428877 -0.313809014176963 0.799577116584589
0.0134334794124768 -0.0392240106789893 -0.637377860645583 0.19263658489439
0.0360958025024193 -0.030774229807343 -0.129372239162584 0.0805838497144124
0.0037596095089111 -0.00381062157242032 0.609368082329176 0.0650447912371655
0.0011903333223983 -0.00307126158056581 0.683395270654144 -0.557844543485358
0.022097370211632 0.0144764598622052 -0.127727723806702 -0.840844835571671
0.0542037982867519 -0.000268279024841023 -0.622735515526163 -0.210183746662287
0.00750751374443891 -0.0296455316912622 -0.329591179409811 0.278714075399548
-0.0189921534865766 -0.0251555722483372 0.0309235755952679 0.177775087695829
-0.0265695798849628 -0.00682589033646795 0.138050378456117 -0.130978662356977
-0.0226105947106627 -0.0164185600405335 -0.140350499634804 0.134505402262098
-0.000859653759586963 -0.0222008789769998 -0.113369009942309 -0.120032179387802
0.0242875967590545 -0.00234179260014199 0.217539322693087 -0.324396479763822
0.0236590170429992 0.0327115528149542 0.549231913660119 -0.0125181771378926
-0.0300449503283572 0.00876508604357604 0.399984210599757 0.700025931857619
-0.0533858952459212 -0.0534249655729082 -0.385860559542943 0.777641757850129
0.0280258001957054 -0.0439314128864409 -0.646794567222001 0.149334493977838
0.052158717749211 -0.0293027675964828 -0.104579091031598 0.0784022491107325
0.0139834981425264 -0.00512026687007421 0.624157252376818 0.0229967125678502
0.00237674140548579 -0.00952174400396631 0.624246183817032 -0.615039927315514
0.0235961218882025 0.00863524265830336 -0.205335692852114 -0.821213239868192
0.0531764334401262 -0.00324760428471372 -0.630671293510817 -0.15397416188488
0.00526149104472626 -0.0341931066546595 -0.306252442273988 0.297700729640911
-0.0180693475576301 -0.0309462421317328 0.0462895465123614 0.172004043265962
-0.0208885958666154 -0.0119341704257853 0.138058111340359 -0.134729738227572
-0.0175433415421706 -0.0156313511983178 -0.139357957870989 0.13716513796198
0.00365669213416692 -0.0289648896350611 -0.0878377624798036 -0.124158795016446
0.0247239091524312 -0.00471273091485136 0.257370660558756 -0.307543489802188
0.0212565530885255 0.0347443534488572 0.557749874977889 0.0471191305538986
-0.0342764261207183 0.00491933424488105 0.323793212226027 0.748824827316824
-0.0487484153388424 -0.0626558273958548 -0.474750305004404 0.738940938684351
0.0381958233759072 -0.0426122713727052 -0.649722063416875 0.0967854398694201
0.0586422842592046 -0.0257806119977807 -0.0729382136145602 0.0785795018436943
0.0170616587910723 -0.0053676089128826 0.632780818170273 -0.0260754384866793
0.000838270994884868 -0.00952690880369021 0.546827030599516 -0.677088854241344
0.0237562883732378 0.00591192333413567 -0.298967400896641 -0.784230206682193
0.0506434626555564 -0.00680532539711133 -0.633090862702327 -0.0842681371871697
0.000241389310240227 -0.0368645804771443 -0.274206663906638 0.32132191360966
-0.0191320858466224 -0.0332079076960682 0.0648475944176695 0.167810287485872
-0.0174260686271152 -0.0117145262245734 0.141159829403032 -0.134175101711121
-0.0129849147249521 -0.0129977852367697 -0.136020336703742 0.139312344609573
0.00546954286953775 -0.0301475137315297 -0.0698385936562395 -0.129780535927134
0.0257418314247445 -0.00353288891815353 0.291075695134868 -0.282900921866716
0.0169259082520654 0.0370458549830671 0.55421939540575 0.113518986580873
-0.0395833116508899 0.00293080020311247 0.234986534772662 0.793314868430009
-0.0450732276505538 -0.0661983814624435 -0.565383084595102 0.686792379749848
0.0407095521661179 -0.0368624988698086 -0.646497407794862 0.0462464229062528
0.0540756664015459 -0.0219068549291324 -0.0389861832564381 0.080610939245353
0.0112542632215252 -0.00136907888707148 0.639525140791642 -0.0788938298916408
-0.000943670160278444 -0.00434400862537615 0.460978709961048 -0.730744004334678
0.0239247399552164 0.00581846915796753 -0.38635087536578 -0.736287148429537
0.0451264366009724 -0.00986153202072558 -0.631406427421649 -0.0154030412696518
-0.00551709075312536 -0.0368183704126981 -0.23898597171748 0.34155611666183
-0.0207081072890402 -0.0328361091489393 0.0835034481305297 0.159225318610952
-0.0133821734869605 -0.0083364005566477 0.142495020867631 -0.135534147563144
-0.0108375529996639 -0.00738243555140009 -0.132167187927359 0.140024288046625
0.00768077588967284 -0.0263125384691914 -0.0511900615280013 -0.136410508161727
0.0248368833890543 -0.00021967790951035 0.318715293539065 -0.259997309724967
0.0125293608176356 0.0391653855523022 0.544699382629883 0.177162825122992
-0.0439483187840601 0.00375217565509175 0.145644945593602 0.823610755363558
-0.0422176323601426 -0.0625991647887087 -0.645377316604241 0.627586253527722
0.0319217241716084 -0.0287234841327265 -0.638994213544999 -0.000434687853832604
0.0373825481082313 -0.0178064110238052 -0.00565807754085151 0.084141484707131
1.38829475809545E-05 0.00644372648156177 0.641030299256748 -0.126928352776021
-0.000697763243586405 0.00688664314929903 0.378386904587757 -0.772779655433532
0.0251210915270222 0.00788300013209088 -0.461641693401483 -0.680962111465877
0.0388056944020749 -0.0124856274488835 -0.618454202362542 0.0519280878964804
-0.0101159524055379 -0.0347447289953312 -0.204818438324498 0.356182402389402
-0.0213738651060409 -0.028690701594258 0.10182874852204 0.151915907622726
-0.0132875843203449 -0.00206751366276633 0.147162449149663 -0.134154147762565
-0.00989378610973124 0.0012153495531917 -0.127554069536781 0.140667212721393
0.00883663052593887 -0.0180779578662915 -0.0385404088573915 -0.140695628769975
0.0222759129239806 0.00380213625674463 0.33468609276635 -0.243189161856511
0.00627859475182331 0.0417866161793774 0.536395474465117 0.216670551579562
-0.0470526635065038 0.00984045768836612 0.0871942661786441 0.838550237673745
-0.0467046881508831 -0.051429489945431 -0.695603752456237 0.587061238188289
0.0106430538259457 -0.0225460958800014 -0.631021784314937 -0.0262946056297574
0.0107000221688551 -0.0140286097985529 0.0172396528295946 0.0879017323737743
-0.0175889240772991 0.019982802997694 0.641253885259968 -0.158677824483511
0.000496695258040948 0.021183018117793 0.324944718256208 -0.791979870770054
0.0277809555367457 0.0120568329125694 -0.503323035189381 -0.643612167415931
0.0331205496398655 -0.011187170916454 -0.607529025665761 0.0929000679425358
-0.0128601933361294 -0.030727054701237 -0.181686423381969 0.364684901750391
-0.021476043953932 -0.0205814596782605 0.114126806967132 0.143965945109199
-0.0125870349162485 0.00686782162647131 0.150223270202163 -0.136347961571246
-0.0104784334222377 0.010468890604586 -0.124271698670604 0.139209491170654
0.00909742324813336 -0.00909240396487405 -0.0349870387218958 -0.145234257878912
0.0190959020513443 0.00741964487950352 0.339735905816434 -0.236576669561561
0.0018976614698916 0.0444650355554458 0.531034806050526 0.231451657054165
-0.0480752447063301 0.0190762953578391 0.0645469966882353 0.843478485563129
-0.0538824050730827 -0.0356126505067305 -0.710027038153678 0.568832531503388
-0.0181351948061047 -0.0191692765355201 -0.629268732594828 -0.0295886791153728
-0.0221060408492182 -0.0123788499353422 0.0272740064106379 0.0921422918450372
-0.0363516851857001 0.0344803976729277 0.642042036035926 -0.166918177976364
0.00177465861678842 0.0376147986707108 0.307114526902826 -0.793622559272998
0.0314127429861017 0.0183770286720644 -0.515707236177481 -0.626714847668876
0.029674742920193 -0.00948345055354007 -0.603241601227794 0.106856162880588
-0.0130919652887506 -0.0262030353777371 -0.173239971176048 0.368065803153603
-0.0194914954577348 -0.011348100420261 0.118738273007337 0.13946646572153
-0.0143895054203391 0.0160228899484963 0.1547586550609 -0.136036759355737
-0.0122885286969858 0.0198917787339317 -0.119966551838418 0.1385656230322
0.00906409224840136 0.00184329030378245 -0.037343922543201 -0.147979255474302
0.0156913287629544 0.0115495933370403 0.33193573702053 -0.246287471355248
-0.000317402793170624 0.046140502704348 0.535706761700752 0.217050882227129
-0.0473923109002003 0.0299595192187648 0.0853721404702572 0.839979365776246
-0.0632127194936125 -0.0189249309097374 -0.695673605207179 0.586738199545179
-0.0477945024513417 -0.0152675960022399 -0.63005113435725 -0.0136309462759222
-0.0542124182957089 -0.0112327801573177 0.022711426480885 0.0956836265356072
-0.0569408565956797 0.0457038825357445 0.644679791299809 -0.153714110807435
0.00324269922926768 0.0523868664877795 0.329397773750881 -0.787807442556679
0.0340404052718364 0.0260807258062474 -0.498541625966034 -0.643204381837755
0.0285804455093796 -0.00714760109225989 -0.608011138432051 0.0933054130548481
-0.0108406127509122 -0.0216119596097339 -0.180334181858558 0.365876518215815
-0.0182975690269959 -0.0013454185403146 0.117526480935661 0.139430530749326
-0.0174024167461015 0.0255008957349054 0.157863976122503 -0.136310974414684
-0.0278239163609898 -0.0108751223860559 -0.142845221957438 0.128263080441136
-0.000345604510407875 -0.0152963303093077 -0.128757819588551 -0.11832037968012
0.0243766172387977 0.00015861855856574 0.189120801222765 -0.344273472422791
0.0268449550086746 0.032457343471228 0.543153933598934 -0.0640186987838969
-0.0263697741825668 0.0144138047461237 0.459956077364439 0.656444893079395
-0.0553224392027838 -0.0405942792787782 -0.316879753087749 0.802152018763586
0.0142749506713527 -0.0404717555051 -0.641907764295337 0.193254844519316
0.0366349994305255 -0.0312950132205089 -0.130675312231712 0.0800127173544698
0.00432176853944043 -0.00396605730643549 0.611835817228976 0.065065518893559
0.00130144352770106 -0.00278517784977662 0.689219192343718 -0.560471442392214
0.0223437921193366 0.0147297357566629 -0.128329725772639 -0.846544518344897
0.0549648145480711 -5.63326396780563E-06 -0.626648333536634 -0.21000455444299
0.00780232823068295 -0.0298056985653876 -0.332088638352429 0.28166819449486
-0.0191499988821833 -0.0241903193486352 0.0312849330677929 0.179544089205387
-0.0266758893546127 -0.00626452206476066 0.138874647207161 -0.131964618427345
-0.0227825406401171 -0.0159839391305629 -0.141404010212604 0.13381451036362
-0.000473812355168779 -0.0232147652363359 -0.113921063719476 -0.120063479913345
0.0246573078330376 -0.0033967965251874 0.218943512959791 -0.326833983228804
0.0249107310675752 0.0329540737566735 0.554672094669679 -0.0132944276141298
-0.031079610660243 0.00970257606996174 0.406070993277577 0.703867206613727
-0.0540583608735265 -0.0542626957436311 -0.389186546742701 0.78162946263146
0.0287528147112674 -0.0445514885731243 -0.650686201116484 0.151479267612762
0.0526026161515488 -0.0295900493223152 -0.104311280769892 0.0800774741435324
0.0144238625392837 -0.00601051222740466 0.626579060540428 0.0228983527993338
0.0026278580336022 -0.00933450600540428 0.630157509763766 -0.619922457982782
0.023331592996377 0.00840697997062791 -0.206085071671374 -0.826338949180685
0.0545339092078541 -0.00296173791142518 -0.635491766749739 -0.154312471363577
0.00539589460579193 -0.0341537835883635 -0.308717035830692 0.301072687151758
-0.018124744415273 -0.0310695969203152 0.0465025568223502 0.174171072591874
-0.02107113948493 -0.0113154335525761 0.138959275873278 -0.135552616545405
-0.0174788817676 -0.0147367575178096 -0.140808721379282 0.137350605199956
0.00382700879731545 -0.0304488943695312 -0.0888090517398497 -0.125533882940008
0.0253271965082977 -0.00419262181922824 0.260092917535717 -0.310552890151849
0.022617047306247 0.0356884533493126 0.56080686151299 0.0481184246380089
-0.0353090888412271 0.0049752591549057 0.329287269905912 0.752850307288659
-0.049701118337185 -0.0625537407049713 -0.477586286418933 0.743661144871079
0.0391180589405866 -0.0427042602244439 -0.653712601920706 0.0980976812832531
0.0588825421666907 -0.026266949380812 -0.0727487783848759 0.0792665823691693
0.0173179588641079 -0.00543222896297643 0.636859906218836 -0.0260515665935596
0.000956856833975381 -0.00979863909685843 0.548485093881073 -0.67964474043903
0.0235237965492978 0.00597838875024074 -0.302034273140031 -0.788047538151388
0.0505202957798482 -0.00735486030816863 -0.638953244181974 -0.0837565110987468
0.000392307045290359 -0.0364547362640121 -0.27568298650198 0.324294280416215
-0.0196505018436516 -0.0331719677709336 0.0649474145709051 0.16881492781919
-0.0174277507087184 -0.0120253208218315 0.142221918417483 -0.134237974594494
-0.0128047724637083 -0.0126357987148907 -0.137104095177178 0.139203419624898
0.00641101601523929 -0.0306077884827063 -0.0698561929083026 -0.131418953338542
0.0262239687916605 -0.00399612421171749 0.29238111232959 -0.287406221021391
0.0178012133160461 0.0370240516630205 0.559079753580292 0.115070086891047
-0.0401266216739857 0.00271663318823131 0.238294115695909 0.798911784131794
-0.0449967100178941 -0.0664278750358433 -0.567005652170199 0.691722102920343
0.0407114056435097 -0.0365710579313324 -0.651154801253131 0.0444158096469576
0.0542358652990999 -0.0224805387799032 -0.0390467169984759 0.0807851934390761
0.0114080815736667 -0.00155952622688623 0.642145921869429 -0.0802519405110622
-5.14107246427087E-07 -0.00440897781726592 0.465574268401058 -0.736664883412368
0.0241570188672007 0.00575224270305569 -0.388490738798054 -0.73955023250149
0.0458730312727915 -0.0101735864936644 -0.634724170578728 -0.0142297785838768
-0.00542740037806577 -0.036131844011979 -0.240524065944563 0.343754146272653
-0.0213950018346901 -0.0328852772875299 0.0841420372116401 0.161482614984697
-0.0142423013583152 -0.0079443674564849 0.144500632458209 -0.135887570821809
-0.0104473155936324 -0.00674706334153635 -0.134274891656362 0.140291031287008
0.00831540058778628 -0.0275994230897916 -0.051770756303229 -0.13804973036433
0.025086595145628 -0.00105093660421404 0.320042084540939 -0.263929734832569
0.0119404771951719 0.0394160137548824 0.55005708379163 0.178457433579447
-0.0444720223895269 0.00387503351211479 0.149166135691421 0.828906634710855
-0.043031199815327 -0.0627367821844332 -0.648351242590423 0.632705067872156
0.0324696473970155 -0.0291899827789437 -0.643053565112956 -0.0025267470161156
0.0381521785127633 -0.0181157691281664 -0.00475494791007211 0.0841410454594616
0.000264524408696315 0.00631739436153373 0.645003002437428 -0.127528143861528
-0.000847332597301565 0.00642427186440154 0.381649013818501 -0.775810706870391
0.0255207501416646 0.00771878660775621 -0.462641829321698 -0.685631758347444
0.0390843862396577 -0.0125414872919582 -0.624236261409505 0.0528796856170194
-0.0100801285508789 -0.0344244939283275 -0.206251634619439 0.35976153544516
-0.0224724147937995 -0.0280874081877745 0.102266334038924 0.152374036266701
-0.0125539554505629 -0.00121376298116643 0.148885619166861 -0.135645144395888
-0.009009296246258 0.00174348600241744 -0.128396231473199 0.13993135867113
0.00903569891086972 -0.0184967051753769 -0.0393300781787698 -0.142867544716107
0.0223055973230896 0.00345619833977061 0.337897173461613 -0.245813387611208
0.00700043827708896 0.0423494530188496 0.540954418657879 0.218357369595967
-0.0476470448195747 0.00994659666648071 0.0884826990728301 0.844739181409356
-0.0461149083122279 -0.0518376210286252 -0.699787772624008 0.587383701071338
0.0104759602353552 -0.0234608040376371 -0.63545167195216 -0.0256416918708085
0.0103614982658006 -0.0148733582429622 0.0180062407043675 0.0888032387590376
-0.017167051563075 0.0202121271907591 0.6452163611033 -0.157645713977405
0.000943779520146945 0.0207801085410687 0.329003983842806 -0.797336324061064
0.02852445111787 0.0126190774836765 -0.505863735795886 -0.646540190630795
0.0338769702709427 -0.0114224479868022 -0.61364736028671 0.0938656166896418
-0.0131076485282468 -0.0308935989314027 -0.183142100564279 0.369188461153591
-0.0224029465589298 -0.0207844921666867 0.114399741940126 0.145377031410125
-0.0126349519327775 0.00761203702614208 0.151428652914789 -0.135806502683996
-0.0105413157501482 0.0109639848017795 -0.12519391370821 0.138988653265827
0.00884454352293164 -0.00954876709367806 -0.0352664492269037 -0.146886868532641
0.0185526330410903 0.00712997826903453 0.342460685683489 -0.24074198808248
0.0026053247127286 0.0443423416439536 0.534725557050443 0.233746618319162
-0.0492854061698452 0.0194410267365004 0.0661996758423976 0.848893614127306
-0.0545128504173703 -0.0367566806736873 -0.715326729080933 0.573970722126923
-0.0182904422565141 -0.0189463806969269 -0.631694149214312 -0.0293678770404921
-0.0219338273022506 -0.0125096302691127 0.0276929806100409 0.0930033665971942
-0.0360124603160604 0.0347413279462914 0.646035772501656 -0.168118715198557
0.0017143066902151 0.0372408703371965 0.309483012648206 -0.797851379089658
0.0320809504437597 0.0180379094903785 -0.519518471417043 -0.629800324955507
0.0311835885826006 -0.0102729892200736 -0.608469218112053 0.109209357104841
-0.0134965692544113 -0.0260913469468787 -0.173675602193825 0.372296940082418
-0.0200273408762305 -0.0113762579048393 0.119828504834358 0.140297843884322
-0.0147673871616423 0.0172206179396377 0.156247364036573 -0.136368139243712
-0.0118409657173354 0.0208675473325953 -0.120817362442433 0.138933380664825
0.00855252094550864 0.00131871188409278 -0.0382021114223696 -0.15001476556828
0.0162125981372961 0.0118240320040944 0.335307993503695 -0.250975080646824
-0.000100686580888146 0.0463097628002492 0.540255788506491 0.217770770971594
-0.0485897797118127 0.0300311681283319 0.0876157088717228 0.843691938845473
-0.0637857435507156 -0.0185899377650076 -0.699029335347097 0.58937885341004
-0.0474305205438602 -0.0157821504337483 -0.635079913743827 -0.0133117193383553
-0.0545607051546453 -0.0118656977297669 0.0226333643946458 0.096998804590463
-0.0574589518279645 0.0470294048245574 0.649612087005597 -0.154202654033929
0.00259767745707419 0.0534451110253044 0.332537593133538 -0.792286684103524
0.0350171037678373 0.0263799530106021 -0.503746977078861 -0.644902363144846
0.0295994920770553 -0.00767927610249945 -0.612795810495876 0.0947995072025404
-0.011411948340948 -0.0207767712965305 -0.181621111179052 0.368379202357577
-0.0187658209689958 -0.00084224009016238 0.117843014541557 0.139784498146728
-0.0174272274365581 0.0261913844074967 0.159143366866803 -0.136335216036309
-0.0276670615764521 -0.0105164889147602 -0.144496696669277 0.128570471071788
0.000319639849829799 -0.0161273815831095 -0.130322693936489 -0.118399550306363
0.0251373508318659 0.000268955547878197 0.191805604325396 -0.347027565749377
0.0274922616868837 0.0333217250701124 0.549292306139199 -0.0648779248749988
-0.0265443551741556 0.0152616723755865 0.467843235049192 0.661160404278579
-0.0566235650705011 -0.0413052829189715 -0.316619188036909 0.810241550284048
0.0140696741738675 -0.0412323158429285 -0.646835595525041 0.195163062687
0.0372536776859886 -0.0317314091926666 -0.130197079842202 0.0812608382747445
0.00474741252100273 -0.00419469366618311 0.617324760193313 0.0643181382884539
0.00122064639561785 -0.00295554245687736 0.694228901896454 -0.564581336172406
0.0222958344995159 0.0144407131689035 -0.12953036916409 -0.853171917737782
0.0555943486836114 -0.000414303730931936 -0.633018167489407 -0.211162325720667
0.0083921171110332 -0.0301906056245479 -0.334607426200726 0.285525433058501
-0.0194994656463527 -0.023442116751327 0.0312289522301062 0.181411875813869
-0.0276269447686598 -0.00539507411374305 0.139448978840619 -0.132135156477377
-0.0219162092845764 -0.0148821811040551 -0.143291294074552 0.134388446538457
-0.000367487339946102 -0.0234908934744659 -0.114895453938996 -0.120665721411066
0.0260818553138902 -0.00372874229929124 0.220986142337369 -0.331460534426395
0.0253366038203413 0.0327994367130141 0.558482878328655 -0.0129718152729669
-0.0313928045458462 0.00939781565894124 0.411256348176756 0.708895499442612
-0.0547195897779151 -0.0536701174312714 -0.390753601328524 0.789212458474042
0.0291286950698694 -0.0454469101156151 -0.656102531545439 0.153037538094293
0.0534007537977335 -0.0303856915180489 -0.104378939985166 0.0799574579360671
0.014706287716072 -0.00596501955307174 0.630270642032024 0.0237737683172958
0.00303447536463613 -0.00962630555190783 0.634711423710237 -0.625555666254681
0.0237661043651219 0.00863529727530972 -0.209880061020581 -0.832148627482317
0.054970770700265 -0.00372802115126104 -0.641215222634435 -0.154283495908566
0.00569605781103754 -0.0342791002335206 -0.311229367794195 0.305113345086403
-0.0187741402320341 -0.0309676985479848 0.0470165085677841 0.175881700192424
-0.0218277423396435 -0.0106648963139046 0.140624114062759 -0.136028151605762
-0.0166331812015185 -0.0137531138995008 -0.141865719625614 0.137066885158674
0.00400890023689579 -0.0311110547247262 -0.0899135084311853 -0.126673031603297
0.0253542117545544 -0.00527947566341706 0.261749388508259 -0.313941615596596
0.0228766307305778 0.034992881281064 0.566692248818907 0.0467219187507561
-0.0361415862631139 0.00574310775729045 0.334031573840214 0.75839366281593
-0.0506478523873745 -0.0633648532023214 -0.480137891401658 0.750304646871592
0.0408434532099139 -0.043279860010446 -0.659208327773269 0.0975824603213704
0.0595010760232788 -0.0277772599991871 -0.0730258527323443 0.0796993388225033
0.0173235362668389 -0.00514624639763944 0.640177211308429 -0.0273570939839129
0.00173202922547957 -0.0103846666484525 0.553531223291178 -0.687172546978367
0.0237988086096759 0.0060331411583456 -0.304293574990752 -0.795285612299767
0.0517218264728386 -0.00804462369690368 -0.644678124852475 -0.0823073424973517
0.000221143705043239 -0.0362366602777627 -0.279283448495723 0.328097987093225
-0.020567963724143 -0.0337722268411337 0.0647102016954421 0.170646908887481
-0.0175626677496008 -0.0112195042018994 0.143046437446655 -0.13492608607226
-0.012675105230554 -0.0124551622388295 -0.137868522485455 0.140150758078838
0.00592002779709594 -0.0319215854367196 -0.0703376152275283 -0.132191656584641
0.0268462780402865 -0.00389485179847056 0.294431923858753 -0.290552619006175
0.0185134881730951 0.0372071166738402 0.564415262931516 0.114470419816464
-0.0412518438898298 0.00294058173487853 0.241742644568168 0.805170232384708
-0.0451975108238985 -0.0662871436417665 -0.571179540552448 0.6977916605773
0.0420719474651876 -0.0375419831747635 -0.656480235667278 0.0469333737336306
0.0551127814181458 -0.0227120393501402 -0.0385904558533447 0.0809589400905254
0.0124531164004155 -0.00158450198056643 0.647511834940842 -0.0812826376421403
3.67662324103103E-05 -0.00525621435407222 0.468011093876704 -0.742017197681451
0.0247254684295629 0.00558109976002355 -0.39265456095781 -0.746227558251047
0.0466513345968938 -0.0111755628258403 -0.641516647900132 -0.0122973623772692
-0.0050541111216008 -0.036818140018614 -0.242457768451685 0.347916161857132
-0.0217435611567198 -0.0326689960256004 0.0847831705407031 0.162145992242628
-0.0143398907035732 -0.00693463183105523 0.145813284453257 -0.136799379200601
-0.0102772278861672 -0.00631764420097493 -0.133902816319591 0.139935950975975
0.0074518775895092 -0.0282784668392483 -0.0525509220423368 -0.138926949232843
0.0249757669335526 -0.000750547537736575 0.324537683764648 -0.266523239626436
0.0130646517258794 0.0401873357870763 0.556566968825649 0.179533818636392
-0.0455044059301168 0.00357951976301304 0.152632840889867 0.835681823441261
-0.0430735351746828 -0.0629730037343993 -0.652494704678794 0.637291708429761
0.0335415757208126 -0.0301671798210592 -0.647963661376611 -0.00110559560100675
0.0380198503238572 -0.0180728297258101 -0.00474533436415721 0.0850882670524379
-4.68125036508227E-06 0.00693694781970577 0.650710347776657 -0.128982036977711
-0.0012414273932954 0.00615461940667716 0.384020814852507 -0.782271259616435
0.0258929160491972 0.00804828508092894 -0.467278862412851 -0.688608548108987
0.039908400088908 -0.0132298745054329 -0.630491220145861 0.0558695331158939
-0.00954732544263219 -0.03457314443558 -0.206747593346199 0.36381308438826
-0.0231246316721478 -0.0285959670655135 0.102940792185507 0.154095402410019
-0.0132185355447247 0.000339481093011853 0.150514007725369 -0.135889145373238
-0.00859806732907799 0.002158139021461 -0.129311880070123 0.140708178674683
0.00909545149546259 -0.0207962185158378 -0.0399412734017722 -0.144185537193965
0.0222391236030695 0.00359285353780676 0.340378139662108 -0.248840817424388
0.00759995267121697 0.0421215080163099 0.545401210467736 0.220311142077869
-0.0493323997145035 0.00969104978392387 0.0934060255270928 0.851784443544183
-0.0470271412092104 -0.0519856643753635 -0.702618849972869 0.594053396064373
0.0112940628808918 -0.0232504390111812 -0.640117336085025 -0.0263420494731982
0.0105394514580335 -0.0145297398025655 0.0186713521371218 0.0890562685536103
-0.0173344244618459 0.020691276951416 0.650816708155297 -0.160593308276116
0.000479479442554005 0.0213448122040239 0.331069340671507 -0.802628777379407
0.0282558788926375 0.0130631066415139 -0.510490482865303 -0.652307322000491
0.0345525823443029 -0.0123758002528385 -0.619510079862207 0.0979985171325367
-0.0125026122254147 -0.031037999065323 -0.183802262771218 0.372745048462826
-0.0228139881220657 -0.0205394428899537 0.115590258874599 0.146339193840996
-0.0127992613551142 0.00827468755379656 0.152991192773812 -0.136742852056504
-0.00954162052831877 0.0119580118513653 -0.125694658880393 0.139427855720601
0.00897065401356528 -0.0100938322674 -0.0348720248280507 -0.148809185302189
0.019115263966356 0.006997727650362 0.34510568863832 -0.245201243147456
0.00346005838951182 0.0450144845032843 0.541327593518475 0.235773813350491
-0.0498321693227179 0.0192912938318794 0.0676687393235382 0.85379483829373
-0.0554373388868579 -0.0361009020493866 -0.718229388737444 0.577502316142388
-0.0176281576863326 -0.0196631694823312 -0.637382900612655 -0.0310288899620766
-0.0228723247618838 -0.0122755317885884 0.0288446170977581 0.0943221213143211
-0.036665661428336 0.0349745058925529 0.651163001769759 -0.168346190495467
0.00185016173950153 0.037619769748917 0.311805912025604 -0.806918477928727
0.0318096104467529 0.0187226583138056 -0.523716062459025 -0.63555406168845
0.0311852417593183 -0.0109804928183219 -0.6149827574239 0.111591982276411
-0.0123537557160979 -0.0258971816363471 -0.174666184595349 0.375548347957768
-0.0206875277936821 -0.0106780200401749 0.1215325730854 0.141412661813539
-0.0142599692005617 0.0175311273858423 0.157171906023945 -0.136646240647583
-0.011049206222926 0.0211787239085515 -0.121801696945535 0.139287440328338
0.00875561019161299 0.000708814304875291 -0.0386412185786506 -0.151550965942833
0.0163161144877846 0.0111417541195971 0.337990431270949 -0.252814875495359
0.000818634856980922 0.047040659496093 0.546479844939149 0.219265172331957
-0.0486533671020333 0.0309000667598873 0.0902970542194288 0.850033049050361
-0.0647045752733262 -0.0190326999250452 -0.70372479943909 0.593970779616909
-0.0471257784463746 -0.016643511791896 -0.639026249157282 -0.0138265010860018
-0.0551957691923039 -0.0115930888888477 0.023438077651009 0.0974435254807375
-0.0577052122219949 0.0468736049344775 0.653927826722768 -0.155588925894423
0.00318428338930659 0.0531290092562956 0.334248513263234 -0.797638177310748
0.035470481431786 0.026611278436157 -0.506466556130016 -0.650421527546422
0.0302893833053509 -0.00812712323846535 -0.6197089043412 0.0978740711632466
-0.0113653384149597 -0.0214278065672991 -0.182905709808214 0.372270302191915
-0.0187674995165058 -0.000225047011037796 0.119477333526748 0.140990226124464
-0.0176668140696326 0.0268334260445361 0.161170798028046 -0.13797259121768
-0.0280061255017666 -0.0095134512716205 -0.144762805398323 0.12939044958105
0.0004134353741824 -0.0165534596600819 -0.131812781905125 -0.11874780968937
0.0252429933412867 -9.62876148004384E-05 0.192007204645046 -0.351267310251047
0.0282248038721057 0.0329481460680467 0.554129612481968 -0.0669662578825268
-0.0276562906509782 0.0152031699495277 0.474461799698611 0.665661775077637
-0.0569755679194969 -0.0411687706292425 -0.31801191818543 0.819888361655523
0.0143592827503847 -0.0417450622676538 -0.652088718122919 0.200474755431181
0.037382033387385 -0.0324967854430562 -0.131155287895129 0.0821658183504896
0.00509327852746394 -0.00428048728404917 0.622490596005049 0.0649710757451959
0.00174567651510839 -0.00345763883598302 0.698533515548152 -0.571037077462537
0.0229042471886777 0.015102967255941 -0.135177080081288 -0.862223911430325
0.0557508962945849 -0.000252943876604531 -0.640178652891582 -0.210822136313932
0.00861588189378131 -0.0298263028474114 -0.33674817284554 0.28918967480203
-0.0192794336311654 -0.02344186866502 0.0315075453314599 0.183235104100282
-0.0272106688604101 -0.00459177034151973 0.140960707875106 -0.133060355165128
-0.0227000569201693 -0.0141150815156078 -0.143896391116922 0.1350906356216
-0.000501340349116046 -0.0243016697922779 -0.115978101507951 -0.121471196948739
0.0258962914614557 -0.00432718196411281 0.222676329313071 -0.334676034228994
0.0253180334435782 0.0335810856321051 0.565291355237521 -0.0146860858506581
-0.0323622897348214 0.00996625392279598 0.417470745585754 0.713638463974534
-0.0559820539317286 -0.0542783366966086 -0.389698525722165 0.797910929156444
0.0303448155097811 -0.0453410377810317 -0.660949871585718 0.155901371815852
0.0535909175709791 -0.0316149509615573 -0.105126753162647 0.0806879237331509
0.0163535975348912 -0.00525782377126801 0.635303802148283 0.0209150233626888
0.00277612900380059 -0.0101532291054743 0.637489627413871 -0.632178871140361
0.0242887763915217 0.00896791764535117 -0.21366331730738 -0.840312827670899
0.0560062111122655 -0.00417207180697298 -0.648399147283643 -0.151494256047712
0.00532020601949762 -0.0342611696659835 -0.312961670507929 0.309440991508765
-0.0191268536880902 -0.0307512786418805 0.0473175604559064 0.177384241399289
-0.0216451767127961 -0.0105043420615832 0.141133807050556 -0.136720561089029
-0.0165975263908383 -0.0132266495654038 -0.142537082511693 0.137832410588058
0.00364569740111095 -0.03219837147402 -0.0911702667764362 -0.127500216660103
0.0262727835394915 -0.00531668436623503 0.263752679825313 -0.319315524315499
0.02351295427794 0.0349613244142601 0.571758376461041 0.0456031992069388
-0.037174991644319 0.00618002913066917 0.339345308735575 0.765488711680409
-0.0514964973365598 -0.063475581044095 -0.481504836932638 0.759140164294323
0.0406911563206698 -0.0445065462853974 -0.663892780717939 0.0996015952371885
0.060287636075512 -0.0276154284031711 -0.0728471990099314 0.0811319299394498
0.0182467260957739 -0.00455365035939036 0.645690556180015 -0.0300067116323866
0.00114808201067552 -0.0103106543568184 0.556805067555192 -0.695202876832881
0.024496156802363 0.00581750202134018 -0.309242367444246 -0.800830913809067
0.0525788929567164 -0.00847278913612068 -0.652268861693438 -0.0799574117945225
0.00107626457564762 -0.0364840396270699 -0.280646351805863 0.333116540956829
-0.02050180778053 -0.0336324445950874 0.0658009516361781 0.172937240457824
-0.018283630459193 -0.0100651404872147 0.144610476917885 -0.136253960294406
-0.0121858462145536 -0.0112497455303041 -0.138521653016611 0.140782722750633
0.0061075815071509 -0.0327130853664058 -0.0714924721091461 -0.134643631648468
0.0269408227993391 -0.00407306099882217 0.297652134875176 -0.29433321982727
0.0192223846597497 0.0372770850704597 0.569025012870681 0.114985497813087
-0.0424166483756849 0.00348931042947238 0.249847047610307 0.810795456925415
-0.046478118406686 -0.0671990017651351 -0.575170006176772 0.705146061784109
0.0418903236603623 -0.03806969422263 -0.66255713747717 0.0478894019326662
0.0553451109611244 -0.0234893398402281 -0.0380153893617665 0.0824117284555768
0.0125107328176431 -0.00148558538648812 0.652989412542101 -0.0829723614275975
-0.00011504855742616 -0.00404801292092346 0.470356209089306 -0.749369832354847
0.0252639497951406 0.0063799820166289 -0.397473084983222 -0.750288922609083
0.0474451981292753 -0.0118147574654247 -0.648832756550444 -0.0100287480099662
-0.00503181056911661 -0.0370688058395552 -0.24426711891204 0.353248661525012
-0.0223668047206097 -0.0326175940193464 0.0864825646273464 0.164217013649522
-0.014805891729443 -0.00626738344322825 0.146441776028138 -0.137739466121831
-0.0101780270785042 -0.00515289979363018 -0.134591262616205 0.140665422479279
0.00773355331304699 -0.0290623017398022 -0.0528229436995132 -0.141225901092694
0.0258138384607514 -0.000794406242911667 0.326587581706242 -0.270452063281651
0.0133461357089147 0.0395142520448471 0.559959704649715 0.177221857008806
-0.0463265626807509 0.00438841380762415 0.157550269379947 0.841843600500729
-0.0430920072759056 -0.0633670429964185 -0.655921799824232 0.644363838299444
0.0338944538358635 -0.0307897166446104 -0.653428594172872 6.39785361787489E-05
0.0386958008658871 -0.01858339298878 -0.00411231566330197 0.085760126677248
0.000684167391697469 0.00621128529906244 0.654613068324485 -0.131526317985759
-0.000268851802808372 0.00627816202743627 0.385904815690865 -0.787655027386504
0.0259430620684026 0.00753159684906704 -0.473941020664888 -0.693656707026849
0.0406251115454531 -0.0132106571702701 -0.637124178117819 0.0572065887536643
-0.00976297134462318 -0.0347759512718023 -0.208014667901958 0.368602326283519
-0.0237353941092245 -0.0279341882602934 0.104331098555855 0.155076324949275
-0.013178814574542 0.000776963029841178 0.151468722432713 -0.136602233322921
-0.00808714693577082 0.00233472009214909 -0.130210828763878 0.141668958360702
0.00947025480810681 -0.0215197059359513 -0.0406757404109827 -0.146054534691541
0.0232435756064957 0.00314097233554107 0.343229753904971 -0.254107307708018
0.00839614384695691 0.0423474014589105 0.551495265746787 0.22016761881055
-0.0496707722348024 0.0108948726917735 0.0978671915647517 0.857875828295283
-0.0477288436207211 -0.0520379964497935 -0.706737436059849 0.6018592104426
0.0118993102813601 -0.0234697347090776 -0.646721485292094 -0.0242459546477039
0.010857553716355 -0.0146435783139666 0.0197251773563082 0.0893681482261388
-0.0169304022525656 0.0208836060640137 0.655221106914162 -0.164507722630109
0.000540816397272249 0.0207761602736566 0.329947896743205 -0.810534289177384
0.0288958486878481 0.0123087514738299 -0.517709642784779 -0.654612658596205
0.0353969889014522 -0.0133581953875591 -0.624153697062981 0.102513543720856
-0.0120763662783296 -0.030915857937272 -0.184948657589319 0.377547949865567
-0.0230906418836232 -0.0200172576309228 0.117546509735158 0.147325067335354
-0.0137941375242923 0.00932630712867739 0.155082510443956 -0.137685331159032
-0.00929190603585337 0.0115635026150631 -0.126416792005136 0.1407496161646
0.00890825899870505 -0.0105195511852182 -0.036458604423074 -0.149684405316705
0.0196560222843941 0.00661756514427219 0.347396504324813 -0.248347470167589
0.00366830087203298 0.0441892536061946 0.54666884731201 0.236931092536026
-0.0505259384780789 0.0199525985699497 0.0731059959848387 0.863500355138874
-0.0560434984958269 -0.0360653892357207 -0.72303414704604 0.584367547098922
-0.0176598539876493 -0.0195443160073964 -0.641509763331511 -0.0291956765893083
-0.0221651253203254 -0.0116072595578538 0.0301927269324553 0.0941264696934801
-0.0368227813382891 0.0349088797329325 0.654697280805573 -0.172380762513865
0.00183032260203205 0.0377422616266843 0.313142438497632 -0.813455510339432
0.032586287925608 0.0189033389651604 -0.53141341529683 -0.639025641629795
0.0319515217884461 -0.0111969464200692 -0.62034190976449 0.115102436885421
-0.0133189115032299 -0.0263920810574041 -0.174047409909463 0.380318694322417
-0.0210642678345083 -0.0107355881140218 0.122634304991555 0.143199692264103
-0.0146411788848442 0.0184106031704521 0.158562626568396 -0.138148775848416
-0.0103612797973855 0.0215393098028777 -0.121544245453166 0.14037981908835
0.00902869681247164 0.000653157430965408 -0.0396020203620515 -0.153249203805146
0.0159781723201935 0.0109079166002706 0.340249168585965 -0.257040288262391
0.00105212953099158 0.0469959773340191 0.552363398888429 0.22039661774644
-0.0496167305523216 0.0311089016650247 0.0963325693521032 0.856827985116321
-0.0647452866477961 -0.0184802317117827 -0.707166502222063 0.60148877770421
-0.0473241935977627 -0.0160381366092927 -0.644817422091332 -0.0110996675672568
-0.0558809827570838 -0.011428474930976 0.0251941545240972 0.0982920301265606
-0.0574960092190312 0.0482595563839968 0.659221417160062 -0.158731331896941
0.00321612080404203 0.0538644001588856 0.335570936513247 -0.80568413342112
0.0357941916576519 0.0261422071394384 -0.513941709586412 -0.654975450092667
0.0313492533934811 -0.00871722323263325 -0.625028627080577 0.101419227063501
-0.0103522533896911 -0.0208882881297467 -0.18310388303459 0.376983130222972
-0.0197903631702359 5.96595442757834E-05 0.120638787732351 0.142843197137
-0.0174386341184384 0.0274304607365441 0.162117152325953 -0.138647841545782
-0.02611275673227 -0.00331781104342874 -0.140152434418795 0.133004663193311
-0.00437332084139512 -0.0156450253090754 -0.136591781789035 -0.112739551968905
0.0212279244165812 -0.00810864035043722 0.172829941695751 -0.359579302511445
0.0382078841288941 0.0232563606996214 0.547204403853543 -0.0956875240377544
-0.0122968699137256 0.020583881694138 0.516363382133758 0.637584357648149
-0.0522038422113382 -0.0242153879516451 -0.271182276935082 0.835370061718209
0.00781619968730011 -0.0387179320412079 -0.639122225563597 0.24407558916195
0.0355667393841716 -0.0332782111309672 -0.124688351652862 0.0906461142903755
0.0060904197718007 -0.0033548276577597 0.640439212213464 0.0284388106073573
0.00180974216474893 0.00511286344588024 0.690230248937332 -0.629177209723129
0.0357896185376474 0.014314870329232 -0.190058677925102 -0.880848121097662
0.064724358252854 -0.0148241691808697 -0.67782002028395 -0.179926183095177
0.00414319581713524 -0.0376901903979157 -0.331218144554483 0.319885664924197
-0.0256422761553378 -0.0231285081417661 0.0439993213464281 0.191886067656965
-0.0273425955999407 -0.000722321815867184 0.139523009941751 -0.140473443855737
-0.0218624847739077 -0.00859071487750269 -0.137433087948256 0.13887778356702
-0.00507958502677478 -0.0235645046090573 -0.121076398199869 -0.116306082748866
0.0229394575632686 -0.0115318490948403 0.204900301520924 -0.34487378860054
0.0372282482395983 0.0246338759541502 0.561668654174454 -0.0456290799545088
-0.0174777057441898 0.0169357032472942 0.463112660074291 0.690718950653374
-0.0525038294739286 -0.0366679129767989 -0.34490598882469 0.817445164980892
0.0221503243294948 -0.0454479198517354 -0.652725234614071 0.202644038297622
0.0515998448118632 -0.0333369940880541 -0.0996067620167626 0.0887110984035372
0.0155068700514387 -0.00572253172706955 0.651628995471571 -0.0164029065931078
0.00309665507335978 -0.00206061372047318 0.625462788127827 -0.688303258016041
0.0356996739777427 0.00749396068254229 -0.270886104018583 -0.852880583356365
0.063464258339912 -0.019196347143994 -0.683917886832272 -0.116349583962002
0.000322650050214869 -0.0420249376168862 -0.30500745247673 0.340394095806313
-0.0259814844661501 -0.0303640693420463 0.0587098771762144 0.184473479022202
-0.0217878569991437 -0.00584848858137688 0.140744822499667 -0.14384795167828
-0.0154886399205456 -0.00802633849806072 -0.137152083950475 0.141907515826497
-0.00184601102915973 -0.0320327707380789 -0.0952788626844277 -0.123507377643158
0.0232156366697443 -0.0128890314524485 0.247172659895671 -0.332773930984972
0.0360692868631957 0.0268859538077828 0.57264398334304 0.0163673663342955
-0.0233343823521389 0.0149516151774487 0.387641380927716 0.746093745723556
-0.0497893664627287 -0.0451126478832777 -0.437752707949612 0.781653593130616
0.0331827426108962 -0.0443084829184801 -0.659326262567348 0.147191147569119
0.0584552569341559 -0.0299559076616081 -0.06721492549158 0.0863211333020768
0.0183740908684508 -0.00643402608867005 0.658536098741369 -0.068406069934333
0.00333017395302168 -0.00248620107292392 0.539145101577626 -0.747769257169499
0.0359494047933282 0.00340783318984315 -0.366510408052484 -0.806146745544857
0.0588606980337444 -0.0245203597266409 -0.68196648684906 -0.04404256083436
-0.00550018937537539 -0.0431494053129247 -0.269652736338713 0.363341354478293
-0.0274571132814666 -0.0328438136440651 0.0778960248191168 0.178318367115147
-0.0177678707812087 -0.00663658710973707 0.143259124575183 -0.143867270920892
-0.0112784296981448 -0.00660094130680402 -0.132658091522892 0.144845557003689
-0.000146026528805999 -0.0329783772498533 -0.0759986222995812 -0.130756101012119
0.0245480122546042 -0.0128676017163226 0.281919360413897 -0.309122311278489
0.0321674245087341 0.0308468837257416 0.574877931100614 0.0852783793764298
-0.0288780863691642 0.0142666253886939 0.298820777602055 0.797320425113345
-0.0473167695176296 -0.0477283522313002 -0.531906949704688 0.734656322507249
0.0356985151153588 -0.0394055707219643 -0.661764700996361 0.0947203300498115
0.0533621473409934 -0.0259482084314548 -0.0315093949940654 0.0860218247432976
0.0128779158073591 -0.00215054131806442 0.664160476338883 -0.123721728211846
0.00388853199213259 0.00265602564215301 0.443546225020144 -0.803042229659931
0.0362220612841054 0.00157620678449234 -0.456378353528694 -0.750133142986506
0.0512302204233289 -0.0271304044513113 -0.673842744811154 0.0307589144716705
-0.0118261631386164 -0.0425262043282972 -0.229320829914716 0.381672415182415
-0.0294790618061087 -0.0310281351973793 0.0982676604810739 0.168063237175002
-0.0135749185989159 -0.00318648158859657 0.145755681865293 -0.145399283949815
-0.00829728635350876 -0.00102246939376522 -0.129420265813838 0.145326652528834
0.00169660291424525 -0.0300890839120227 -0.0586184171898095 -0.138721566739497
0.0240483190620237 -0.00965685132441082 0.310921453887704 -0.286678731856108
0.026993842467228 0.0345471020936148 0.567892209962351 0.147742904075629
-0.0332970389517514 0.0177863725223059 0.208299492963096 0.836026258336912
-0.0459657959620599 -0.0437670417435578 -0.616650288938936 0.678629106857734
0.027585750264757 -0.0314068675966819 -0.656892274916299 0.0440516927643721
0.038198908149735 -0.020905665235243 0.00249009193626194 0.0872895526360862
0.00215916684518853 0.0072015284274153 0.663258380703535 -0.173621992899182
0.00446841276831923 0.0129216045543627 0.355104876190583 -0.836456120735178
0.0372289635087213 0.00263985622383181 -0.5304909686156 -0.68779691511961
0.0434796326482589 -0.0285481172201827 -0.657243764278825 0.100273922081262
-0.0172185608932257 -0.0393060325135602 -0.192331129162489 0.394809972327046
-0.0298252592978268 -0.0264045238881005 0.117405574074548 0.158224651178244
-0.0122132391444679 0.00454417862982743 0.150910597329085 -0.145319579797254
-0.00625154260320538 0.00679995454569226 -0.124747666786443 0.145099718245682
0.00355959169371326 -0.0223940774291973 -0.0465052957910623 -0.143627181250653
0.0222112122937122 -0.00565537670669437 0.328094202457717 -0.271739519780418
0.0225600623038211 0.038893296200879 0.561063085488977 0.190670223765207
-0.0366872962401378 0.0253117548370734 0.148323193953161 0.85332894584224
-0.0497692839335548 -0.0330236517953183 -0.671881227029563 0.638341707547538
0.00553033413614365 -0.022876474492717 -0.647696291768908 0.0156334474545615
0.0100345601760569 -0.015511644455109 0.0265649507548929 0.0890242120860695
-0.0147622348222881 0.0222233195655826 0.661225664133491 -0.206360288565286
0.00629966901861651 0.0278782581051498 0.295612956818829 -0.856402143701872
0.039580519697358 0.00603985665664152 -0.571359244839106 -0.642744776287671
0.0374459202752675 -0.0285592222730023 -0.643293209202677 0.144585415836178
-0.0201467012856866 -0.0352525307757758 -0.168269498606675 0.402504390086839
-0.0291128607281815 -0.0175728695131813 0.130073783266155 0.148528966456899
-0.0112913532675433 0.0129153191258054 0.154435706000239 -0.147047490077753
-0.00555402338792594 0.0156194933979242 -0.12216521427362 0.144369540978164
0.00458180513031783 -0.0119793953505455 -0.0421366539514842 -0.149466775229031
0.0190609030489625 -0.000618107306799696 0.333943599257016 -0.267628928811642
0.017646458651869 0.0410642404629729 0.559127101162721 0.206636012018657
-0.0378024054867285 0.0342851624319226 0.12448109654054 0.858491857272874
-0.0574939588004978 -0.0160177228753919 -0.690195699022729 0.622540197437252
-0.0237593775979956 -0.0159935005112515 -0.644345106070783 0.0114881048176022
-0.0224855057738475 -0.0115187024888525 0.0363267706418354 0.0926017764229546
-0.0331508003190647 0.0381697643424675 0.66248387910688 -0.215776476536082
0.00986802497809971 0.0435134311519326 0.277074774894594 -0.858653621423972
0.0435242452872498 0.0118046964351383 -0.586423930609663 -0.627278841713347
0.0339649336814838 -0.0257675231685005 -0.6356162823335 0.158131681620522
-0.0204103463737297 -0.0298549817904937 -0.156721081724463 0.404019187981807
-0.0263636265963891 -0.00806370053750343 0.135611790587863 0.143228600193156
-0.0125214252023357 0.022875375871724 0.158906820101278 -0.147997057642021
-0.00640868492892518 0.0242262361893495 -0.119119759288303 0.143906580764603
0.00516051954493633 -0.00130173700902907 -0.0465125244785093 -0.151173761811563
0.0160527654870713 0.00335786149842011 0.32606679481606 -0.275319590994439
0.0157284519556297 0.0436048014651646 0.561540022069058 0.190899252365681
-0.0353589496178957 0.0455023069116841 0.146505794000111 0.85322426969077
-0.0647750569558831 0.00176190091588972 -0.674312439447728 0.638580889973523
-0.0536052134876886 -0.00927485379823351 -0.643254560368651 0.0275292813260114
-0.0555158377733291 -0.00866598792467275 0.0313571882892957 0.0967435858091501
-0.0529961079662338 0.0530584943410042 0.665759491609152 -0.201205683192616
0.0118043320736592 0.0597218721464611 0.300037119937118 -0.852681752316876
0.0477634897136856 0.0194862399609993 -0.569982453881754 -0.64219779926514
0.0335900721269603 -0.0230262323102957 -0.641278929641461 0.14311410556067
-0.0175379481174557 -0.0253154737244529 -0.166171069690855 0.401357568721838
-0.0239302005708393 0.00320784425868371 0.133984585659714 0.141719911526997
-0.0144611773267928 0.0326616926712369 0.163565656053254 -0.148834664665208
-0.0261114193222462 -0.00244499413621555 -0.141419216888248 0.134124248433202
-0.00437563949006147 -0.0160735450364304 -0.139066050668568 -0.112578314612091
0.0220612096580062 -0.0076284325695568 0.173146236980719 -0.366068633623038
0.0393677160086613 0.0230481495939951 0.552310224965482 -0.100562705319053
-0.0125732759109029 0.0216527994655255 0.525881713244591 0.639969258370504
-0.0529479601034819 -0.0239020457981835 -0.267726649626927 0.844622941278412
0.00800384348132946 -0.0402142168751555 -0.644330531461298 0.250495910687166
0.0360273385571795 -0.0346368059271682 -0.124811588899719 0.0927340733808998
0.00600471763602198 -0.00372825995565085 0.645397115120961 0.0241274771473607
0.00244615655113173 0.00461520881053779 0.691867450406483 -0.639009665496958
0.0358784744141278 0.0136254203205087 -0.19688567936414 -0.885024671953792
0.0649347111778263 -0.0168957758585955 -0.68762768106115 -0.175688935310121
0.00369767820771744 -0.0385210828423071 -0.332989191632494 0.327605186515394
-0.0263761589415234 -0.0226471181349011 0.0455762217982149 0.192850734386311
-0.0266580343800145 0.000541820501263297 0.140722385337286 -0.142108346072147
-0.0212042036583043 -0.00807117306707625 -0.139414382180292 0.139618453244785
-0.00570461864237275 -0.0237513060058147 -0.122551442116582 -0.115783388794067
0.0230603924167329 -0.0124002913247637 0.204831103599559 -0.350761235637512
0.0379381218815996 0.0242247476195455 0.567568961424578 -0.0485751198696603
-0.0175180717856452 0.0177420886417935 0.473236608013924 0.691536513747052
-0.0533074502636405 -0.0358146273453247 -0.340920176182156 0.826663718813179
0.0228450728202029 -0.046281800115598 -0.657010649463432 0.207962729923653
0.0517032055367682 -0.0335430004040432 -0.0989766920116621 0.0895356881060702
0.0163249479539224 -0.00651307987975934 0.656456093203793 -0.0197188317846551
0.00401972979100319 -0.00255072497183785 0.627481746641631 -0.700303999763233
0.0362301548408671 0.00719783074080493 -0.279028401285479 -0.858207349017808
0.0640574075527029 -0.0203751498780246 -0.691113615592994 -0.112984985817481
-0.000388304775496599 -0.0422702676378822 -0.305354557132193 0.345739280666803
-0.0263426551555551 -0.0307290232214885 0.0605289027241932 0.186235299902509
-0.0217933031891479 -0.00572407421042576 0.140952723499169 -0.145610028638778
-0.0151920671339304 -0.00757626273845859 -0.137264446788649 0.14371544128608
-0.002672989868204 -0.0322455442150671 -0.0968751861812723 -0.124185163998985
0.023972910195386 -0.014050772343634 0.247195136152824 -0.337873038076372
0.0372314727102636 0.0264889318110802 0.577376132125303 0.0119529107125329
-0.0233927187095792 0.015424149460956 0.398281121098987 0.749979964528289
-0.0511807428348729 -0.0447229096092518 -0.435819789170609 0.792349383228549
0.0342388833973736 -0.0453097932432624 -0.664541298766354 0.153384135995418
0.0588196341781236 -0.0312851920446478 -0.0666644780323163 0.0883293584023905
0.0193522369758085 -0.0064628369953971 0.666252993715949 -0.0725769326190863
0.003593949677464 -0.0021263222914522 0.536668907129791 -0.758981327477871
0.0358143012971811 0.0030617167937428 -0.375585677623584 -0.811514936132245
0.0591157022573598 -0.0251722946556768 -0.689965690996713 -0.0376579983473967
-0.00556858964035575 -0.0439563268933695 -0.270153151171092 0.369355821539056
-0.0287345391481472 -0.0322410825343667 0.079519770393295 0.180211293562985
-0.0177867379942439 -0.00569803900574571 0.143461238254074 -0.145322403182105
-0.0108723341575748 -0.00632492856269537 -0.133150571417159 0.14661726955724
-0.00093114331066379 -0.033501469140788 -0.0779344377963803 -0.131681398171301
0.0248105155956571 -0.0133097298466774 0.281965101333499 -0.316239017155489
0.0334251208785906 0.030778702329943 0.58149829657221 0.0819731668115292
-0.02913192308491 0.0147839098285427 0.309519826746812 0.801378476160565
-0.0476007826000874 -0.0484023776522757 -0.532583102615946 0.743407180768745
0.036276708785547 -0.0398606822683945 -0.667938129287292 0.101182288636061
0.0536822843408008 -0.0266925967946156 -0.0314697222843516 0.0868564903096587
0.013743994015651 -0.00259103292993161 0.668170422645928 -0.129603237367851
0.0027543338348373 0.00257596836847573 0.443541715784624 -0.81224605050815
0.0363633751511901 0.000460531800793239 -0.466810422798061 -0.752416780730659
0.0527294489360288 -0.0278196791279457 -0.68093388181456 0.0359811641883058
-0.0124169153923758 -0.0423740116628668 -0.230195550086998 0.386343082996107
-0.0299014271701595 -0.0307343361042289 0.100427955697802 0.16957202026288
-0.0138115017999116 -0.00228414624838179 0.146754630733561 -0.14801197578615
-0.00801612326447114 -0.000761315577272135 -0.129696394627258 0.146603297592345
0.00179260700929457 -0.0309676063999674 -0.0594393245430783 -0.139758978260079
0.0243908079587885 -0.00995145339685469 0.313030001630522 -0.294172064791103
0.0282787634410813 0.0347491633682715 0.57543791613864 0.145833465370038
-0.0342317950491972 0.017409038405354 0.218142545177412 0.841817700182612
-0.047019829962309 -0.0439977431136171 -0.618410997693295 0.689868653645828
0.0272315587531826 -0.0313250060405155 -0.661845498157309 0.0496453050191557
0.0377884052293805 -0.020975751139065 0.00386419466270156 0.0872761141221612
0.00188324711455111 0.00771293312375365 0.666690279996249 -0.18001786171459
0.00441410510885535 0.0128980665591126 0.351231647404328 -0.84723932926813
0.0368844951087603 0.00184956018779633 -0.541060590793698 -0.688978916543987
0.0441926452615939 -0.0295779776209774 -0.66354346713517 0.108261800539562
-0.0165770506784415 -0.0395043175731344 -0.190250620526568 0.400649857718556
-0.0307932657770245 -0.0259284774384068 0.119391434814447 0.158786667887647
-0.0117215616907258 0.00517211498892929 0.152095354684278 -0.147714223645757
-0.0050241627926515 0.00659696437135962 -0.125825965284842 0.147235916495938
0.00328103626924015 -0.0230843099429026 -0.0474296298691074 -0.146159962620984
0.0226954933250159 -0.00562111176519589 0.330270166254953 -0.278060998441559
0.0234941068158472 0.0381687284609238 0.569273393638424 0.190019932073243
-0.0371199882511594 0.0249204151820557 0.157845240821217 0.861546849550827
-0.0512113975542454 -0.0323294781638912 -0.674768155202789 0.648441162410691
0.0054836885612262 -0.0235676311682379 -0.652703913116367 0.021750420466714
0.00994309526390373 -0.0152602720857537 0.0278773793410828 0.0892058466255017
-0.0144311526051081 0.0223556695877153 0.666330300335309 -0.212397983195174
0.00678016263638529 0.0268671928995377 0.2927043352323 -0.864484629100549
0.0404762941053866 0.00594578715206549 -0.582876123577025 -0.644639623032412
0.0381681635210338 -0.0285346953292453 -0.648840705840398 0.150250564596548
-0.0198340873788119 -0.035261893489507 -0.165720379411255 0.407012519772069
-0.0294563833852169 -0.0170977511561408 0.13280791091495 0.149770823305521
-0.0108323759567297 0.0133314284987164 0.15474127415955 -0.149662653755934
-0.00459377173548161 0.0157307584100198 -0.122160112814964 0.146069632027626
0.00499721037271023 -0.0131895556535092 -0.0438429296699744 -0.150513366905634
0.0194394012681309 -0.00163893161457521 0.335622176537405 -0.274076179885106
0.0195341100648597 0.0408782100392019 0.565820893066092 0.203841219665962
-0.0381643615942637 0.0346974022259924 0.132963284348909 0.865346684338963
-0.0580765689819879 -0.0158332698799505 -0.692877109341882 0.631046293935846
-0.0235388232251874 -0.0167937621766551 -0.650435143602632 0.0157515091737985
-0.0232202698022671 -0.0116190636239354 0.0379469483714941 0.0934088731020497
-0.0333975849287398 0.0386424226035715 0.667645552582586 -0.221588819311225
0.0100034512653448 0.0444987312393721 0.275374699726171 -0.867957745208024
0.0439285083764654 0.0117974616386327 -0.596127633918141 -0.628588547665143
0.0347687872737574 -0.0275105006098615 -0.64313632261712 0.164095749090052
-0.0201135568907587 -0.0301566304289872 -0.156069531860604 0.408570315044837
-0.0272435400158461 -0.00692991722820186 0.138454228546369 0.143946790818398
-0.0116747883336473 0.0248140603381822 0.160160063273241 -0.150655222319374
-0.00550849457437377 0.0254959012004378 -0.119388317536612 0.145362096502387
0.00490224575052455 -0.00161035099297319 -0.0485746853569101 -0.154006947228814
0.0162498504368372 0.0031581082999243 0.326883100129582 -0.282093573814444
0.0165375707755272 0.0432588320522886 0.569674857004033 0.188316299772704
-0.0359478677477976 0.0466948681399963 0.155060362405281 0.860240291856343
-0.0656153113948005 0.00249700457413326 -0.676374809925015 0.646883154441136
-0.0539213439698319 -0.00895001505868784 -0.648558722123147 0.0325569176200018
-0.0560410870898443 -0.00813082337294751 0.0328004381995937 0.0961574361247372
-0.052730344914546 0.0533111210399794 0.669721787383586 -0.207630148642742
0.012366353122539 0.0599492782835266 0.29825790492418 -0.860903390676489
0.0488262012985123 0.0189342154541701 -0.580713469544001 -0.645445605663594
0.0338897614461302 -0.0240434195258279 -0.64694786184212 0.15028718485835
-0.0171332520107343 -0.0258915235523655 -0.164565456751184 0.40649724684157
-0.0245782387813377 0.00371716349242108 0.136537825239159 0.142870246321424
-0.0136796251256354 0.0328751374826035 0.163567800208148 -0.151298096629839
-0.0256066403441426 -0.00140471892429865 -0.141618444025774 0.135637300139606
-0.00431320804746316 -0.0161527792582693 -0.141043441547574 -0.112200665471401
0.0230529658602434 -0.00929519313059378 0.171528044329907 -0.370883202354056
0.0402187901240543 0.0228393480874053 0.558670536447225 -0.106282345859874
-0.013122269824201 0.0222371341831778 0.540895693468712 0.641460383868677
-0.0538460582153816 -0.0237356295719229 -0.262388729317766 0.852982597449011
0.00831609625082658 -0.040753543846829 -0.648907728146279 0.258893942332429
0.0357662157633014 -0.0353275707786709 -0.125327502154125 0.0947756078900468
0.00667184825405259 -0.00384794525601918 0.650663332510933 0.0190842405326623
0.00266033251325059 0.00429578160967749 0.69337797274476 -0.649541855075823
0.0367913936048368 0.0143235704280014 -0.208103766340477 -0.892595964556758
0.0662250835168635 -0.0166862827742891 -0.695751316472323 -0.170530643806475
0.00398982039854094 -0.0385441829004914 -0.332022058612207 0.333150366469322
-0.027073452478681 -0.0223789521051975 0.0472371646168836 0.194787966701722
-0.0270233964421931 0.00154435489123471 0.140598215314356 -0.14330308210437
-0.0210710184619458 -0.0074267204504376 -0.139267853722254 0.14204535233534
-0.00575472114843996 -0.0243477045164397 -0.123889747167063 -0.116484822046336
0.0234563900181546 -0.0124533935909309 0.204664355778176 -0.356490745152534
0.0391317854823975 0.0244040086566139 0.57257977337244 -0.0545440767882332
-0.0185252553225354 0.0179141304856501 0.486525351647264 0.695223233938114
-0.0543699581480832 -0.0363204744599347 -0.337464679023808 0.837450473925261
0.0229768162743161 -0.0467321364566327 -0.661442150388333 0.215298277878115
0.0515082301526126 -0.0346821797311251 -0.0985322110776715 0.0913720652367246
0.0173541741082893 -0.00695828065302171 0.662136544498517 -0.0248754551111157
0.00397807199788393 -0.00245871397185463 0.625242187816755 -0.709960466868136
0.036452280269443 0.00664654090540595 -0.289168131494998 -0.864265229551716
0.0652853943743589 -0.0216829917758867 -0.699268161160332 -0.106713851865178
0.00042582350858325 -0.0426515664962976 -0.305187119347923 0.35277584831242
-0.0268284975603562 -0.0294772830019897 0.0628550789927054 0.188471696345417
-0.0218425180779568 -0.0051641323424323 0.141217263972166 -0.148209601424103
-0.015277562618507 -0.00691252971916216 -0.138520308984667 0.145048763935103
-0.00301131261947772 -0.033942993265048 -0.0990745272826791 -0.124888776691535
0.0239628169072816 -0.0142171293417867 0.246544947311854 -0.34539141251716
0.0378862366242718 0.0269412433063143 0.58354610164159 0.00844188603186613
-0.0239921332983835 0.0155732747331259 0.410739036784781 0.752746758998076
-0.0520374439013943 -0.0455859720789176 -0.432418539217043 0.803006865892837
0.0332681574879272 -0.046552145057938 -0.669367795325567 0.161169767519935
0.0587216600198278 -0.0317077493791155 -0.0661312508104434 0.0890165876631952
0.0193227069766763 -0.00744320707252121 0.66845816827212 -0.0798576501062858
0.0037870990446848 -0.00231257423131007 0.53857363049993 -0.768836751893668
0.0361956141620117 0.002958329108518 -0.388037636722264 -0.813878414705386
0.0594963889093435 -0.0266538500667265 -0.697334083041037 -0.0308447332263773
-0.00578207482285571 -0.0439099464249743 -0.268753193392086 0.376263083648009
-0.0291906326881771 -0.0321866034309994 0.082289814067422 0.181361381740233
-0.018248810683015 -0.0052003107202803 0.143976875862691 -0.147635335971931
-0.00979888868003683 -0.00552012997681413 -0.133517711543526 0.148140524134805
-0.00110731725264831 -0.0349664242957026 -0.0792614641986892 -0.132584580187272
0.0248988327527176 -0.0138462525785849 0.28315612552239 -0.322906965332448
0.0343397797433257 0.0300137690994856 0.587330089102651 0.0772363252516805
-0.0295704923909592 0.0157968122695211 0.321638526993067 0.805388569400644
-0.0491604941095461 -0.0476435750015141 -0.529341084487386 0.754636739187526
0.0362039710369884 -0.0411212092615638 -0.671303660927412 0.106842456174174
0.0542233384991681 -0.0275438935837283 -0.0302999237620923 0.0880771462469051
0.0136616161245193 -0.00282058347082158 0.672883078612535 -0.135420599446488
0.00323101920025527 0.00279492212886352 0.442494972783866 -0.823007701015452
0.036642394342531 0.00144331606147958 -0.475392525331385 -0.755411133137211
0.0530993767144633 -0.0293497562515677 -0.687801937186806 0.0440431212587185
-0.0126178584096152 -0.0424898105667847 -0.227803426615275 0.393707349430013
-0.0310177147187332 -0.0301542043193453 0.102813747726782 0.171267258017197
-0.0143828423401806 -0.00200062120760947 0.146883027227552 -0.149266535252196
-0.00694156268846793 -3.55178388047675E-05 -0.130140741104986 0.148665462348889
0.00055294586414682 -0.0319908719498298 -0.0615957993087861 -0.141597294870448
0.024286052079517 -0.0100648074669123 0.313805419512393 -0.301182467859716
0.0297870687257799 0.0348076175214656 0.583254315912588 0.142833689820676
-0.0353615439372475 0.0184316966483059 0.229168817426509 0.84594445113697
-0.0479661445997651 -0.043982051402662 -0.618013212274294 0.69979211117668
0.027676531673566 -0.0321838402321084 -0.667378866342613 0.0550148499533982
0.0370041196437574 -0.0225408524497287 0.00445152650732813 0.0878509319631684
0.00284127800389169 0.0072607378229657 0.672895335274816 -0.186285048181267
0.00458878792846401 0.0133371910475366 0.347460719590639 -0.859102311989893
0.0371445892754804 0.00227693180233948 -0.551840419181386 -0.689494251947393
0.0449471071193898 -0.0302555227387204 -0.66940349552847 0.114181241752298
-0.0183947631257344 -0.0393018693780951 -0.189779869300177 0.407410709016349
-0.0310487178989351 -0.0250268406753908 0.121596444942282 0.159452030342023
-0.0122360879079311 0.00639936679197561 0.152944181353775 -0.150593545400623
-0.00455682758999871 0.00757777574646608 -0.125702845084811 0.149291242666434
0.00306232104517977 -0.0240802352819484 -0.0490146153913546 -0.148069155486974
0.0223911232312383 -0.0063880084381218 0.332231180635485 -0.285571614781492
0.0241818464556214 0.0376749619703513 0.576120364038357 0.184807683070863
-0.0380539457526989 0.0262076955918736 0.168944981169117 0.86594630979799
-0.0520721003972992 -0.0313327726511888 -0.675085107441644 0.658408117489923
0.00580577273427442 -0.0235078166473865 -0.660265547331807 0.0277854157186116
0.00984493767336182 -0.0156952212323237 0.0294794478288724 0.0903444218546454
-0.0135305764977125 0.0226755211986689 0.669896392594472 -0.21974995558146
0.00719202995680293 0.0278716026077547 0.288212380055356 -0.876188780360884
0.0404256771001572 0.00516391554947919 -0.596072155103627 -0.646162916156628
0.0382038526181494 -0.0304760740789866 -0.653234189619452 0.158763106526412
-0.0201586272983064 -0.0350690413059195 -0.163818154292796 0.414195858242626
-0.0304656696726799 -0.0170470374716204 0.135145928491079 0.149635190763447
-0.0110829065233391 0.0151043982219369 0.156206715007127 -0.15117858117924
-0.00454207477568479 0.0160500177967566 -0.12239855364831 0.148053817583051
0.00397175808902351 -0.013621816424159 -0.0456688937593946 -0.152747222291569
0.0193853796446496 -0.00181280558627339 0.336468403565545 -0.2793544432925
0.0206552776083293 0.0401275338651105 0.573220790520218 0.200831392570441
-0.0387200115549106 0.0358779983629199 0.144053634201667 0.871757684682544
-0.0583967351904255 -0.0153963709875768 -0.69169816207947 0.642482376004722
-0.0234303360785949 -0.0168820652318444 -0.655536084466168 0.021299529992741
-0.0230791623570082 -0.0106736580649264 0.0391310057762288 0.0935856402303381
-0.032627207123265 0.0394773989977709 0.66996177416433 -0.22871103896741
0.0109515217892481 0.0444537419721431 0.269683438659379 -0.879435284229049
0.0444732132958256 0.0106952038260676 -0.60802256222674 -0.627100545501795
0.0346432920429978 -0.0278284823916851 -0.647656598357492 0.173510896134962
-0.020501220591712 -0.0308263302539525 -0.152948147363481 0.415466707748785
-0.0277068956892336 -0.00626186289359538 0.140533165777318 0.14383395624225
-0.0117285391690402 0.0250346677301609 0.161494268327054 -0.152810985257359
-0.00430723735485653 0.0250399503763612 -0.119205040767761 0.147058777740917
0.0049613711686464 -0.00162962685569549 -0.0499060889485995 -0.154394234117902
0.0160354743566572 0.00255100000852283 0.328436087830845 -0.288231129288251
0.0177477109858472 0.0435719370194094 0.578278377724111 0.18563065242163
-0.0356095065550205 0.0476998630221144 0.167082568796885 0.864816249645352
-0.0663752204792991 0.00349819061343942 -0.677505163652056 0.657561980207208
-0.0540355239289806 -0.00845157395194979 -0.653495885618148 0.0384077117308222
-0.0572141979390736 -0.00808631947256416 0.0343669315574738 0.0974190079528457
-0.0525902752965232 0.0542462819861974 0.6734580098869 -0.214923956372736
0.0134799188864259 0.059679202287505 0.292337211775128 -0.871093145202448
0.0489786080183921 0.0187533116593753 -0.59127259363489 -0.645358181977012
0.0337854574401661 -0.0252498344082691 -0.653391354442915 0.159538239147641
-0.0179339057738145 -0.0256181521707394 -0.162493697841826 0.41305326326944
-0.0254938586051941 0.00434820102639291 0.138762699293084 0.14317029693989
-0.0137481044908857 0.0339696715403616 0.164280206469075 -0.153970860786384
-0.0255068287795628 -0.00192093462406729 -0.142382091466192 0.138180336460817
-0.00555958893228784 -0.0167889249643043 -0.143137868362351 -0.111419425389142
0.0221957329541012 -0.0098823613934233 0.169883768767385 -0.376339708313836
0.041123828452773 0.0224182771132684 0.563227983589287 -0.113491123549592
-0.0138457332600644 0.0223694000737377 0.552590137071021 0.638974973508326
-0.0544976985483815 -0.0226673895382945 -0.253959330327796 0.864616185702152
0.00800914832479092 -0.0407917308607932 -0.651667855861363 0.267985937217431
0.0361222946230902 -0.0360928308769652 -0.125406045237487 0.0960891162877871
0.00618341555397328 -0.00361615720729956 0.654581943218435 0.0117972012743606
0.00255258232868482 0.00454464528410092 0.693745759152417 -0.663024812673292
0.0367182649673297 0.0143738376047127 -0.219139322151958 -0.898952888732326
0.0670100055164686 -0.0189578851440582 -0.704290465643536 -0.161866389276674
0.00335769488526728 -0.038806862513997 -0.331279005259381 0.340800416820081
-0.0275109363619412 -0.0216489691424783 0.0498902991098509 0.197632988449395
-0.0267837500912738 0.00258024649496924 0.140129751200094 -0.145836001646039
-0.0204122563776946 -0.00665401445229923 -0.139319933004576 0.143900974923126
-0.00634511522605674 -0.025394045470516 -0.127214707903215 -0.116360887777788
0.0233106514237163 -0.0138320134212945 0.200884907328712 -0.362941608810022
0.0399174109002464 0.0230859102519309 0.578440479179168 -0.0603525459694693
-0.0189877145115565 0.019009986566336 0.49858804990489 0.694859214681499
-0.0550607054044187 -0.0357271620822858 -0.330927140633129 0.847253500946731
0.0230040554877448 -0.0480706476005013 -0.664951743173816 0.223992089240269
0.0517774761577283 -0.0362404483065928 -0.0987093668631781 0.0925092000215804
0.0170103711137797 -0.00700092778425881 0.667121351504929 -0.033180574747455
0.00413655844881734 -0.00269393387626011 0.624028834690599 -0.720984828994196
0.0365743538097699 0.00688759598874605 -0.300870764214833 -0.866465704481351
0.0655942136810534 -0.0232953898806101 -0.708556919272199 -0.0996709380771231
-0.000486105936318045 -0.0427966366918543 -0.303691477308967 0.360303255391947
-0.028103455427852 -0.0290462498588906 0.0651074968142579 0.190469445171404
-0.0218983497502923 -0.00295322551009576 0.141487453889923 -0.150799406982216
-0.0146023282297623 -0.00680189560120689 -0.13761741050445 0.147428323912204
-0.00488539671467388 -0.0341751423729883 -0.101555437799203 -0.125272861329528
0.0240812739339805 -0.014300825498513 0.244917772642356 -0.351140321336242
0.0392314341435912 0.0265406831152279 0.590123802828196 0.00289037149050624
-0.0246650952004809 0.0163570402368239 0.423324063580855 0.75205369850057
-0.0524585950690825 -0.0448136669375603 -0.427197457213065 0.814009357667264
0.0333848937190586 -0.0471380372830453 -0.672753513131154 0.167953857917739
0.0585836727162025 -0.0329214702615344 -0.064410367762473 0.0902516652850382
0.0194913808276162 -0.00769062762425308 0.673223624021404 -0.0868647528726884
0.00318344383839326 -0.00268704063298851 0.533388275269688 -0.780787365165957
0.0361626475029294 0.0024627653608974 -0.399078415475167 -0.817548172613985
0.0597903541338661 -0.0277495879247522 -0.705558690338006 -0.020922272834014
-0.00593090970447968 -0.0444072416171226 -0.268135426757173 0.38245503438809
-0.0300353913755799 -0.0319605868338246 0.0848913023459417 0.183062478172278
-0.0185789183445462 -0.00380006002173283 0.144091257755966 -0.149853035260521
-0.00956743483222396 -0.00519093104179661 -0.133237617711088 0.149731759510976
-0.00210554820962857 -0.0350650983396981 -0.0812791234455602 -0.133255301926806
0.0250016831578854 -0.0140606400156166 0.280273988056178 -0.330810947501765
0.0357655434350287 0.0307600452167936 0.595009165676033 0.0722942542133322
-0.0305681309973591 0.0168992018241929 0.335820489452732 0.81082918137014
-0.0499720982951469 -0.0476541364922279 -0.524903479547659 0.768346498580196
0.0363564877798389 -0.0418559548437835 -0.676875387571113 0.114404589679263
0.0544666981724456 -0.0290127393029928 -0.0297553492983566 0.0886674117503238
0.014193168858118 -0.00250313074459188 0.676453033186193 -0.143918481003098
0.00306903081978554 0.00224059108992022 0.435840182472945 -0.833695618094287
0.0367208961157898 0.0011795745906244 -0.489467616068321 -0.757238884662227
0.053201002477843 -0.030684386126391 -0.693286000763721 0.0523159442786578
-0.0128099639300143 -0.0437484000604725 -0.226999093372147 0.401421246759942
-0.032421880479806 -0.0297548675064379 0.105175406274525 0.172208998375621
-0.0146210603653954 -0.000381491320201039 0.146915203238163 -0.151661921485633
-0.00590632136510837 0.000202081054999345 -0.129713606976409 0.149940821992349
-0.000543823064002868 -0.0328645914374984 -0.0633053933454467 -0.141937969054934
0.024222802230249 -0.0109955688994259 0.312912408890804 -0.307714845320553
0.0308498440501278 0.033779168324924 0.588831870338423 0.137791879135955
-0.0353983372085979 0.0191695807718872 0.241031881249924 0.850405985930678
-0.0487350651999402 -0.0426696993340674 -0.614359224561749 0.710038812055761
0.0279472199699088 -0.0327161538405601 -0.672669286586562 0.0624673433788322
0.0378023595726767 -0.0224267150441805 0.00632933193310697 0.0888839160474232
0.00260396182538453 0.00738190976336413 0.673616264753845 -0.195720685927646
0.004659865569028 0.0135673731323447 0.342593541280414 -0.868052699038742
0.0376424131960896 0.00155924164861119 -0.563613623837777 -0.689431864894301
0.0443083303988858 -0.0318845493872892 -0.673887595968657 0.124758362607921
-0.0178531991705122 -0.0401748876089694 -0.187285938478395 0.413895311649202
-0.0326701718004318 -0.0241170663435184 0.125169355731745 0.159948655657184
-0.0124225792730305 0.00632273224602579 0.15205076984547 -0.152264394380553
-0.00353127850340431 0.00722556124255085 -0.12466846939773 0.150959553409504
0.00209480492109552 -0.0244760664624824 -0.0506479627157619 -0.148376041747917
0.0225932333074201 -0.00655868617335361 0.331129193422392 -0.292648425904
0.0255067033010982 0.0376546340387303 0.584403098960519 0.181514106152628
-0.0385729133376616 0.0273453238711476 0.17989611668063 0.87062041183925
-0.052077937711059 -0.0320089792679399 -0.673382155816781 0.670070109375495
0.0056510586768564 -0.0241253783626654 -0.663853288408215 0.0331550943113426
0.0094283360162879 -0.0161353034600591 0.0308341398142287 0.0904320625756522
-0.0137348261530586 0.0227352418398294 0.672242544439115 -0.228948419282365
0.00715684061862353 0.0279284835416249 0.282015702480963 -0.886541303640459
0.0406313072468986 0.0054605803925189 -0.607286490325077 -0.645126461475331
0.0382133383860904 -0.031694368430023 -0.657889723043701 0.168775611275942
-0.0207109202075988 -0.0352943474888498 -0.159762344504367 0.420589652225823
-0.0308701156525184 -0.0161343596893307 0.138225791383953 0.149478849586706
-0.0106580196262052 0.0158972906464889 0.156613864419098 -0.154530810197416
-0.00332645824875185 0.0166417338617339 -0.121629488944563 0.149564387772367
0.00340567749488078 -0.0147312051686573 -0.0479516686686325 -0.153244748553422
0.0188460098513037 -0.00176753702827442 0.336851764934546 -0.288628071493861
0.0214182344675748 0.0404597583451202 0.581707085857703 0.197024642188829
-0.0389126745889214 0.0368953475437708 0.155443252299345 0.877805254356749
-0.0595728350996782 -0.0148624893409937 -0.691453311189037 0.654382805856861
-0.0239172752110605 -0.0155550201023099 -0.659122109059889 0.0279928991761447
-0.0242742013654688 -0.0111960374301323 0.0413407132877944 0.0932401127391333
-0.0325842945373327 0.0397375222837754 0.672447863044109 -0.238076743065924
0.0119176157422667 0.0444000089423808 0.262512987941008 -0.888575506025657
0.0449859472118069 0.0106568048220824 -0.619142946168665 -0.626369591836971
0.0355515698927356 -0.0294284968172215 -0.652009364730364 0.183902488741961
-0.0202606565994529 -0.0303133372500175 -0.150436558483605 0.422443205427013
-0.0280499043481014 -0.00534135580834868 0.144075017338601 0.144001308333843
-0.0113424054961931 0.0258317870666184 0.160989025073815 -0.15494187822731
-0.00327614035226995 0.0261090951114576 -0.118462589459988 0.148363183953382
0.00490543933747882 -0.00250755062765548 -0.0524138563264766 -0.156177033588499
0.0162922968391011 0.00258669489697417 0.327837200607984 -0.294904050942813
0.0194695380381559 0.0429458908073839 0.585807665656802 0.179570535118666
-0.0364877696986033 0.0478398633814509 0.177059324858259 0.870324617713198
-0.0666583325939116 0.00445506738117504 -0.675755596758619 0.67021372813359
-0.0548687701530973 -0.00927186590501479 -0.659313355352315 0.0453031162406994
-0.0578645432932511 -0.007399642841798 0.0358941596762471 0.0967937618094294
-0.0515967815822728 0.0554804156194835 0.676932817886693 -0.22458164316982
0.0142554914255195 0.0606285074187784 0.286038223287231 -0.88242570046284
0.049372199632274 0.0181742968807339 -0.604695414050664 -0.644432202439203
0.0340247727178114 -0.0265733324810687 -0.658554982378175 0.169549186655194
-0.0184947880134218 -0.025520480248533 -0.157349039458396 0.420540431060221
-0.0253981525478867 0.0049848057831298 0.141624257257659 0.142865393932562
-0.0130108439062702 0.0349977817080689 0.165614932110373 -0.156788250829809
-0.0241826808966265 -0.000412995854393422 -0.142320077617684 0.139677400628412
-0.00511954369145796 -0.0172948848556894 -0.145344284597622 -0.110544693622788
0.0222193077025716 -0.0104436249527169 0.166632655886627 -0.38167056184626
0.0426582510186337 0.0216687220208508 0.565878653885282 -0.12331539274519
-0.0131659183844804 0.0241775107971262 0.566966326613633 0.635046060417294
-0.0556822941509258 -0.0219657985475334 -0.24420820231842 0.876046790990576
0.0079749632187006 -0.0414977906779753 -0.652120496351437 0.276121916063586
0.0354635336793605 -0.0369887463300338 -0.124907291684297 0.0985684673482989
0.00692716451823436 -0.00349803022091561 0.6592677490809 0.004375313398943
0.00267373995399655 0.00390526609738654 0.690944851441694 -0.675551168083063
0.0367564063519886 0.0142678187611954 -0.231366503666417 -0.900619675974033
0.0668238977184009 -0.0204423067402247 -0.712186569623615 -0.154573914007995
0.00363023041078782 -0.0389471649637451 -0.331024902060125 0.348149111070822
-0.027713162251069 -0.021495255673109 0.0527211360832278 0.198085746890853
-0.0269985740995296 0.00294060271071402 0.139823648095351 -0.148275411407235
-0.020143468727039 -0.00560073095007264 -0.138913473630775 0.14550616065592
-0.00681495199872173 -0.0257360101065959 -0.129193491326664 -0.115485777447658
0.0230568039704739 -0.014186337276764 0.199057717155588 -0.368965988646577
0.040908450347749 0.0229902726014592 0.582314276546078 -0.0675787442185444
-0.0189042452018591 0.0194900846808647 0.514062583803048 0.691246195464598
-0.0561807619909674 -0.0349482476961492 -0.323000125005553 0.857740360895843
0.0224968972117683 -0.0485998477887422 -0.666277786507376 0.233577961289185
0.0513711285525095 -0.0369188321494018 -0.097483414394922 0.0956357770615577
0.0177033771270483 -0.00730289158092358 0.670362994821727 -0.0416242147765586
0.00374620449734588 -0.00291364963554668 0.621950984757588 -0.733793321303925
0.037407088149938 0.006599410553079 -0.314050164609175 -0.870155750174584
0.0659928769516668 -0.024951952275457 -0.716060783715312 -0.0900010324115223
-0.000302483318945962 -0.0428576855618869 -0.302751238177172 0.368021461340989
-0.0290420590177793 -0.0283188181920893 0.0680700455899008 0.191129109597162
-0.0216603590693811 -0.00296788324309304 0.141142702524273 -0.152437598997139
-0.0139208012121318 -0.00536711891180205 -0.137560104010982 0.149277098605349
-0.00454459311144608 -0.0342733537297565 -0.10342151476888 -0.12494091669205
0.0240494199351388 -0.0152622462117799 0.243189549594977 -0.35799699854345
0.0401071360919426 0.0262019901480195 0.594691386320083 -0.00683344921937547
-0.0256377625349657 0.0175750393626644 0.439498655896804 0.753668481452608
-0.0539711061910489 -0.0441197518678683 -0.419849130821802 0.823414321612326
0.0339748399497116 -0.0479477646463797 -0.675495695381773 0.177866631614054
0.0587717051353535 -0.0338081371155836 -0.0640901429515823 0.0918015949997889
0.0205964681770532 -0.00745688215171517 0.676538526448102 -0.0946640164841063
0.00426247800345114 -0.00311991130182129 0.528280581365509 -0.793357911791497
0.0366856381571284 0.00193910631687675 -0.411291452006629 -0.819258917759151
0.059997412857964 -0.0298245988591127 -0.711371992118965 -0.0112911593368331
-0.00625229276704185 -0.0442995567734201 -0.265059108677855 0.390383430046156
-0.0305159883111083 -0.0308705031830525 0.0872485859550597 0.184435369963995
-0.0180824121322213 -0.00251211462421574 0.144662116022798 -0.152568781018044
-0.00848355451382585 -0.00432278087227838 -0.133227314272067 0.152575958513791
-0.00282499094115159 -0.0362371436988998 -0.0837353520777294 -0.134173571295798
0.0251469434360287 -0.0151350481261577 0.28017474747858 -0.335720341178531
0.0358457693776922 0.029945134891181 0.60026070566309 0.0658125840882997
-0.0313479145499465 0.0168243501948267 0.349725900915629 0.809966932880013
-0.0513711814077785 -0.0469029461598102 -0.520916425690799 0.778902068746675
0.0368344601326896 -0.0422322670323272 -0.679652481890679 0.12224175680049
0.0543358018211782 -0.0291941891040689 -0.0276209653818948 0.0894093662780128
0.0147558410343491 -0.00342732364965993 0.67966271278707 -0.152180396650171
0.00393429805698498 0.00203239822021304 0.42896251518461 -0.845701555740575
0.0370952847763855 0.000666966819417158 -0.502006588412278 -0.756589586365981
0.0525823567497837 -0.0325780056075779 -0.700565452264696 0.0653569136291535
-0.0128792343840988 -0.0432375836879265 -0.223206922491671 0.407627148997647
-0.0326817523790662 -0.0293730088115281 0.107651805167061 0.172378078610383
-0.0140149951225137 0.000365605183335956 0.146295641602519 -0.154876687500543
-0.00592420666402822 0.00100404668226503 -0.129366839321479 0.152828118030268
-0.000923425256594734 -0.0331024790358416 -0.0653456218371628 -0.143188547129914
0.0245561692480901 -0.0114967601458314 0.311099039312435 -0.315657594104168
0.0324244000627215 0.0330951956932222 0.596059592655161 0.131779988535954
-0.0357497701360258 0.0201443018930658 0.257315125305565 0.8513275398548
-0.0493630424362666 -0.0421555300156894 -0.610750818509892 0.721884889047802
0.0286241546295204 -0.0335786664615192 -0.67549484503888 0.0709704276400517
0.0380262942073336 -0.0230682385908088 0.00775509615225599 0.089621062061441
0.00378770810283382 0.00776880084208947 0.676787992517977 -0.206244055311669
0.00480917651635445 0.0131986387080361 0.33517889739581 -0.876957708351563
0.0384019926830387 0.000967923054318555 -0.578201009691649 -0.688243904279914
0.0449467701968012 -0.0339886229087181 -0.679115443713514 0.134925409458364
-0.0180483115733798 -0.0408026427640951 -0.181912451112742 0.421407515160368
-0.0331584230891562 -0.0236038354227702 0.127537463628729 0.161025055079522
-0.0119764911301458 0.00824243240510159 0.152546824599119 -0.15507563909048
-0.00295087453103643 0.00834119312011566 -0.124147505962347 0.152286345922093
0.00133542424204385 -0.0245814869760528 -0.0532393223580453 -0.14928583023436
0.0231090382004131 -0.0070364536632347 0.331324693243033 -0.29891166050047
0.0262986698623945 0.0377465537829662 0.592913845591952 0.176560258434117
-0.0392778955595575 0.0276694902156161 0.196454101835523 0.874843226202892
-0.0534867184532861 -0.0311056245329032 -0.670110732253994 0.682822394687519
0.00608064603173942 -0.0245694662399897 -0.668145009672722 0.0410955302454286
0.00978588108098296 -0.0168536921999183 0.0320141441015684 0.0904155914280708
-0.0131208404839319 0.0234537629901481 0.67439594043103 -0.238719965610552
0.00860277481038461 0.0280063060456276 0.274168430591633 -0.89529109997228
0.0408451992017176 0.00470444950378176 -0.619868011227128 -0.640461941890614
0.0384958829122458 -0.0326054979676009 -0.661883334611392 0.179000875684969
-0.0213094192138065 -0.0358406239110085 -0.155606930089978 0.427359694579105
-0.0314616105161817 -0.0153361184780556 0.140711170511256 0.149833893550669
-0.0107807618887205 0.0162337838886681 0.155126311009785 -0.156170674462872
-0.00272895044698703 0.0173526075871944 -0.120917637363299 0.151347291928043
0.00323146409308956 -0.0141741412057152 -0.04979901746271 -0.154782226519189
0.0192256080550435 -0.0019177295459523 0.335067614816866 -0.297102361063856
0.0224632647161024 0.0411580476846232 0.590443882893655 0.189790732857891
-0.0389251660207614 0.0378784633865899 0.169581386649002 0.880976433469533
-0.0603221783100942 -0.0138013095122032 -0.688561532736314 0.668133439237736
-0.02436653800262 -0.0160435671334583 -0.663820007363638 0.035230505186845
-0.0242024172743871 -0.0110553664982534 0.0428237412644469 0.0938422276473707
-0.03147541993608 0.0404905867451071 0.674287390970444 -0.247843237936966
0.0121611475351947 0.0447129629715346 0.254088579203976 -0.898166653823666
0.0454805176395268 0.00995122371635993 -0.632952916845176 -0.622559187034053
0.0349682391177537 -0.0308823428499502 -0.655078102072093 0.19457078989966
-0.0214001751714796 -0.030615269515158 -0.145003193022283 0.42809121311464
-0.0281134706484015 -0.00505618947011576 0.146443388574117 0.143660907502985
-0.0113412964897412 0.027117466986146 0.160764083617092 -0.158275487483123
-0.00212455562911789 0.0259142707417542 -0.117561758732862 0.150415301567053
0.003889757074981 -0.00304590420223732 -0.054441643717527 -0.156823889770903
0.016262388053547 0.00184497656778656 0.326729617763533 -0.303177554197275
0.0202139646134767 0.0428891466727236 0.591771216930668 0.174351726561586
-0.0365261541154669 0.049386981978287 0.191004231926847 0.874151587428062
-0.0673701544550046 0.00538142803314642 -0.671640018442793 0.683761119637873
-0.0553053171231457 -0.00759642118482528 -0.661501693591811 0.0533501323519807
-0.0583350751020879 -0.00698967382969986 0.0379291970397931 0.0967395572622032
-0.0517887063949273 0.0564857178407263 0.678873753609659 -0.234267295759309
0.0143209262911015 0.0601949391309257 0.276814006937558 -0.892216515322846
0.0503105332649783 0.0178996589082184 -0.616651611539514 -0.640532465699554
0.0341347217902406 -0.0278067423136634 -0.660912310240151 0.17950476344691
-0.0182248431436656 -0.025630526472218 -0.153955452962089 0.42547555314287
-0.0256506065550685 0.00604667012207996 0.144486610521917 0.143345214852771
-0.0128784910928049 0.0362395378107665 0.16474224815337 -0.15948978965217
-0.0242180243790395 -0.000161701512889972 -0.141999974604583 0.14215817215414
-0.00606004842760668 -0.0179758318170828 -0.148652879217095 -0.108522115476327
0.0222160270915198 -0.010518423469484 0.161665524274987 -0.388492948776422
0.0430269842435755 0.0209391933475912 0.569146487041201 -0.131254814968165
-0.0134042001002253 0.0242922074021046 0.580895931196739 0.631167723205292
-0.0570040693102827 -0.0216510140542289 -0.234177579803689 0.88314253951832
0.0075210586693799 -0.0420686282247093 -0.652206143564814 0.286584297608782
0.0353678489330691 -0.0375223185117609 -0.124107792372023 0.101271020307891
0.00752130044645487 -0.00428468763054901 0.662718652396227 -0.0036836285819885
0.0037225049620552 0.00379249915717562 0.686616242265896 -0.68877059876422
0.0376348908912051 0.0136512810303151 -0.243395388099156 -0.904154443819154
0.0673151556600819 -0.0217682926676448 -0.719965253291495 -0.144460360119636
0.00331665883227404 -0.0399051718319184 -0.328135605390034 0.356568219737989
-0.0286044629955068 -0.0204994103682888 0.0555008641151827 0.200982947269807
-0.0266424543465842 0.00425360725642875 0.138869151775738 -0.151059147522994
-0.0196798698092609 -0.00473030438779958 -0.138323166177328 0.147630100072501
-0.00764818076037925 -0.0259152321289361 -0.131197387530155 -0.113998650078351
0.023730507140639 -0.0149575434974579 0.197005286564094 -0.375089983357832
0.0417694111376952 0.0223786181450174 0.585994745724873 -0.0771685664132968
-0.0194034561265422 0.0203197740371471 0.529135518995541 0.688271999146064
-0.0570936678919171 -0.0339598343144217 -0.312612425123338 0.865579648889047
0.0228509082233797 -0.0488897671808034 -0.668578822734565 0.24411999160131
0.0513138468404461 -0.0378472214598956 -0.0973575419687931 0.0964960171636184
0.017274789989769 -0.00791131873837227 0.672425045172352 -0.05031280817446
0.00391517152607565 -0.00301103982012416 0.617039237167303 -0.747549734092439
0.0378841264925114 0.00645065275445146 -0.327102657419555 -0.871288228148261
0.0658990853187288 -0.0268620132166766 -0.721328686545483 -0.0787324542599657
-0.00120460615895013 -0.0436283898773126 -0.298360466264346 0.377145991169778
-0.0298601454514643 -0.0271527728972242 0.0703063535410386 0.192805492640436
-0.0218333427529137 -0.00183411687460912 0.139869240794384 -0.15431984135152
-0.0122827090204253 -0.00519202823576754 -0.136797567260754 0.150958152359712
-0.00522993677451838 -0.0344042159434936 -0.105794805692932 -0.12451653121079
0.0239361341531846 -0.015652143136728 0.23914895996436 -0.365145359747234
0.0414194980490412 0.0253175768243139 0.598844937080645 -0.013352829292417
-0.026186444148434 0.0180882628518562 0.453035102711113 0.750928461264838
-0.0551916732102263 -0.0439361925758262 -0.409485730304292 0.835258966593757
0.0336298635901061 -0.0495726361627401 -0.677638174170557 0.185337828054646
0.0584555389979163 -0.0349381475914043 -0.0627096586085119 0.0923822068635438
0.020157726390492 -0.00761228274825065 0.679011961585912 -0.105132446949078
0.00363913814193715 -0.00309732698361172 0.522449817511991 -0.804734618007188
0.0372440511832117 0.00156207579013106 -0.426933951692778 -0.818529291627404
0.0604592257503487 -0.0309530826197417 -0.71693119488945 -0.00153862781386155
-0.00660528326575941 -0.0451561305248289 -0.260876372358293 0.397566876750442
-0.0318123288490787 -0.0302706102209837 0.0900026319449881 0.185039957819184
-0.0184847415886842 -0.00232128240695604 0.142465355150639 -0.154693831643399
-0.00791622316203341 -0.00387473362285261 -0.132465299197518 0.154338485935365
-0.00340872680048408 -0.0361771469768077 -0.0864097617536851 -0.133494973926807
0.0248290264862373 -0.0157431885905641 0.276928741466444 -0.34450949936743
0.0373432103097955 0.0289649015581053 0.60726525579272 0.0583599836256452
-0.0316961545906772 0.0177516917095973 0.364190451053172 0.810113074730601
-0.0520157637161824 -0.0469773324685896 -0.512760108425424 0.788897429133003
0.0366475056843239 -0.0430687092621488 -0.681642635557669 0.131227258767059
0.0538952377688433 -0.0303468645382623 -0.0261430237166568 0.0903958577505727
0.014301908574481 -0.00248897490050623 0.681663812801399 -0.16355014778826
0.00349935321721092 0.00157861337829472 0.420391041504533 -0.856604384950763
0.0366590239620504 -8.4422178569589E-05 -0.515003950815585 -0.753519233105248
0.0531146763682986 -0.034308366875836 -0.704004119732254 0.0750687306466958
-0.0131607327144453 -0.0437195084842648 -0.218558584118896 0.415844440441878
-0.033729648692665 -0.0284376898212285 0.111490188087052 0.17293422904401
-0.013973570955661 0.00143043539618485 0.145622624946167 -0.157249230451189
-0.00489058693719874 0.00124285778374141 -0.128426181967204 0.154312389383604
-0.0017221301300904 -0.0326099445927154 -0.0677183941145169 -0.143310223606317
0.0245300467259566 -0.0121465609514552 0.309025203998668 -0.322839971366568
0.0320881514540572 0.0336689976235842 0.603437288702793 0.124238280494579
-0.0373266484579082 0.0219464155284284 0.273210276281054 0.85496879806349
-0.050734191984372 -0.0416173294934335 -0.603735280571959 0.734981595019252
0.0285130022865577 -0.0334838429675599 -0.679150679075949 0.0795888111895265
0.0379632186113932 -0.0243184694383196 0.0092725432333613 0.0892916429645244
0.00420001900708455 0.00747444211561025 0.679393868790861 -0.215377819238487
0.00553510410747527 0.0126817100137285 0.325439960995324 -0.888351671585141
0.0388084761653757 0.000650306203170281 -0.589923050325038 -0.684844926653636
0.0443211022136297 -0.0349318651950219 -0.682888650091129 0.147765838016926
-0.0193099509406159 -0.0399392326501251 -0.178370548384565 0.42701182783003
-0.0340211022591461 -0.0228070821801111 0.130175684247651 0.160864170648962
-0.0117339715870466 0.0089116391609517 0.151697270352765 -0.157646749864316
-0.00193301977970993 0.00859942005528165 -0.123414787080649 0.154118416522006
0.00133537274404118 -0.0250216416164091 -0.0559784913673966 -0.149996091858163
0.022074096805781 -0.00790954823931031 0.328522398259489 -0.307340603075191
0.0273851122078353 0.0370314752187889 0.600550762910208 0.169257060200405
-0.0392383329602057 0.0285099810387083 0.209978218776611 0.876750633168755
-0.0539247908364244 -0.0304207197363671 -0.663854207443427 0.695272499408507
0.00569159049829259 -0.0248696392490732 -0.673262839400479 0.0506553677361553
0.00954571685763644 -0.0172062433621185 0.0338949823467913 0.0897805188411738
-0.0122184446796339 0.0237126830740053 0.675752572387472 -0.248434333182062
0.00901993231677769 0.0278806106963303 0.264419168343246 -0.904356790260843
0.0416329770404726 0.00454579315732305 -0.631693713410299 -0.636381595483456
0.0381918863344786 -0.0345031801742813 -0.663939266302334 0.193049372769724
-0.0213194927630893 -0.0356168688317017 -0.150852363587515 0.434818239649578
-0.0322292782139663 -0.0139240853535747 0.142476093898976 0.149459021958267
-0.0101853775874623 0.0176727788575462 0.154864368381011 -0.15965263005321
-0.00179873853644698 0.0164608962779571 -0.120614859908222 0.153676949569908
0.00290772939498343 -0.0144831912405077 -0.0526072072032508 -0.155492658275886
0.0188987833281384 -0.00309916544320438 0.333625453825749 -0.303092339553927
0.0227679723089657 0.0403557294399585 0.597770069074055 0.184918796609695
-0.0400649740327134 0.0395111823180555 0.184264522623513 0.882671159080988
-0.0605363958888939 -0.0132748137457269 -0.682783211954463 0.678424339705907
-0.0238411095314436 -0.0159299205652411 -0.666462359023386 0.0445504615801946
-0.0245143641100256 -0.0103535039760751 0.0446157683817525 0.0929456593184136
-0.0307026002479445 0.041026101294619 0.675081104925323 -0.259193018181383
0.0135550194950826 0.0439819189448728 0.242909096113941 -0.909054441885448
0.0457888664995806 0.00993656743444196 -0.645568273757171 -0.619019074215719
0.0340417524265517 -0.03159043525364 -0.656967151948368 0.205920417177159
-0.0212540887235203 -0.0305623037840074 -0.139786561421758 0.434671505366502
-0.0291046509761396 -0.00395470898118917 0.149345531259309 0.143281924698479
-0.0103841371616018 0.0273472220259623 0.160475678042714 -0.160680359594786
-0.000861553162002517 0.0265612412139221 -0.11655751620397 0.152904348631835
0.00350777881579263 -0.00336091977159146 -0.0562186536086215 -0.158024190979831
0.0156727734487293 0.00176477006215826 0.325929752755443 -0.309613586458268
0.02119425352753 0.0424789727769016 0.599626970806559 0.167280211019281
-0.0362866585381664 0.0505412862105216 0.204681365110816 0.875751909405807
-0.0677712767309391 0.00606641725514583 -0.666960704644574 0.69638159451359
-0.0550032626930584 -0.0073941205156763 -0.665851758225339 0.0627950847258054
-0.0586368470301361 -0.0060534024155084 0.0391633568483249 0.096468899633176
-0.0508215321618828 0.0574605803212889 0.679473875157369 -0.244937011590746
0.0150681343952284 0.06019185676683 0.267502880646135 -0.901594306756253
0.0507358866674376 0.0172796586111311 -0.628376783853422 -0.6351325583367
0.0336443707114984 -0.0288252195638962 -0.662716639877339 0.191820167128603
-0.0186259459028832 -0.0257495291351322 -0.149473111094464 0.431357045413577
-0.0251719656258108 0.00682641410058506 0.147571324981004 0.142593088619549
-0.0122348612535189 0.0372826358951923 0.164263768853417 -0.162220940387505
-0.0230659825903369 0.000795343876111583 -0.140370015644696 0.143578221597126
-0.00633103287483307 -0.0176682265403962 -0.150464602839516 -0.106894954138713
0.0221131478802414 -0.011424339491162 0.157653046208593 -0.393401934342653
0.0442351669100728 0.0205796599317102 0.570555225909161 -0.140982648281139
-0.0141327549060777 0.0249103501987185 0.596366649970094 0.624384442927649
-0.0569891447268492 -0.0209110435038398 -0.221909050620748 0.888585829454306
0.0078314343830838 -0.0425874596005246 -0.652136510005147 0.297039173062438
0.0350607348782715 -0.0384291306228806 -0.122232394111338 0.103231976542449
0.00724518849505367 -0.00389837824587966 0.663814226455522 -0.0132242934191954
0.00285807654125779 0.00398347447581358 0.681327956655181 -0.701628888968895
0.0382519825124454 0.01367575820906 -0.259925524953322 -0.904121953708774
0.0672240155047418 -0.0233432702831144 -0.726892309852031 -0.134459087509438
0.00231190885313997 -0.039716739455094 -0.323752693487372 0.364846011076163
-0.0285026141314062 -0.0202500556476541 0.0582850191383589 0.201270674048622
-0.025844863645433 0.00525295988145288 0.137894856880682 -0.152528479594895
-0.0191579665792429 -0.00458203527211098 -0.137394961480887 0.150499666602296
-0.00829871919633367 -0.0259910455507838 -0.134126273212702 -0.112957295149922
0.0223488684454046 -0.015940995607871 0.191843728445187 -0.380386405653653
0.043009454712629 0.0218215437358104 0.588081066251123 -0.0870250069001399
-0.0199467612723548 0.0208460650918605 0.542100056865506 0.68065722513944
-0.0573073580308219 -0.0326688026338213 -0.299605683425587 0.873862086669299
0.0228685766919367 -0.0494519566044775 -0.666058764466172 0.256024688614322
0.0511931272562738 -0.0387662681185535 -0.0959664330387963 0.0974518990985546
0.0182929011134863 -0.00758930024196949 0.675130256112529 -0.0609078588699461
0.00397978346105507 -0.00363103680552611 0.60572602424817 -0.760499639661986
0.0379447815632914 0.00568991346014884 -0.342156535143795 -0.870725782909134
0.0658622965145273 -0.0284864559736464 -0.726940413874434 -0.0695445976135648
-0.00101978212995774 -0.0434898999020238 -0.294329316147539 0.382100140917384
-0.0306360543895765 -0.0266385940746733 0.0731594867659196 0.193799255712266
-0.0220009129173904 -0.000895915101175301 0.139583239526496 -0.157568135249544
-0.0116192818138027 -0.00437050069200787 -0.135858196162722 0.153418548819977
-0.00598883732701028 -0.0349924755396865 -0.107063996841473 -0.123686060878804
0.0233930103765963 -0.016317341713022 0.234345651600227 -0.371403006576782
0.0419000353524711 0.0244995387827467 0.603486583782279 -0.0229970172965889
-0.026311648877485 0.0189857968728635 0.467811493132163 0.746365667734909
-0.0559746190827876 -0.0421715465059901 -0.399478518834836 0.844802412247179
0.0335480990697025 -0.0501291442912727 -0.677377472273244 0.196563324421727
0.058170515642887 -0.0351577264342983 -0.0616375155906459 0.0939163832144882
0.020734818786167 -0.00868091763702766 0.678691975566449 -0.116709797893724
0.0040392891053775 -0.00285094544466204 0.511741763533392 -0.816679576702629
0.0368674163384988 0.00151330264272182 -0.439520124865931 -0.813685124133738
0.0604025289560466 -0.0326522240047638 -0.721909591190968 0.0109969406271609
-0.00714251627003915 -0.0446288247754582 -0.255183770746301 0.405592247179013
-0.0325772969345597 -0.0297095687840136 0.0923932246373156 0.185200214190904
-0.01835578389489 -0.00142967805006173 0.141844227419421 -0.157384475884219
-0.00710431000362955 -0.0033282512995772 -0.131135348036744 0.156218224608341
-0.00444466226848231 -0.0362467813915481 -0.0881511022744294 -0.133771088101315
0.0243783921104989 -0.0159633000197766 0.27340881071166 -0.350715029220275
0.0379516027284672 0.0283584423847906 0.610947884055969 0.0481392863463144
-0.0318064644659089 0.018808823025528 0.379240319389658 0.805012423358834
-0.0528997908523029 -0.0452404543576758 -0.502369163671076 0.800710298764778
0.0366595713009853 -0.0439209288075466 -0.68250134576235 0.142032208874091
0.05379706154586 -0.031404526642204 -0.0245759857368975 0.0911781601787019
0.0150966876223113 -0.00386457914763409 0.68049060981446 -0.174208911791612
0.00309940937454771 0.00233640945296085 0.411741779674148 -0.865160513191026
0.0374963539530297 -0.000219757807536778 -0.531151217713124 -0.749251162200556
0.0528903024822315 -0.0356978360842082 -0.707873874918592 0.0881361885264426
-0.0133605861171948 -0.0441705467713516 -0.212321623604528 0.421280735355721
-0.0342918789599172 -0.0276531846463363 0.114162195947207 0.173138006115654
-0.0142052652972401 0.00201745421463271 0.144057406622067 -0.160045376811489
-0.00409526682010084 0.0016531107127382 -0.126422219110615 0.156778072328291
-0.00189933691979062 -0.0331283375705256 -0.0702720563961206 -0.143531236403554
0.024492816934807 -0.0130026967702461 0.306067111718286 -0.330622073799213
0.0336904652836544 0.0321200842477695 0.609548309083802 0.117269146116631
-0.037271645819111 0.0222187570782866 0.287126323916838 0.852741771714594
-0.0516851233336385 -0.0417375668914333 -0.59662202417437 0.746240733879768
0.0280814320673209 -0.0347393242279192 -0.680581575440936 0.089546806684707
0.0377775669082135 -0.0240921848870278 0.0108530443126047 0.0887865494292193
0.00405725128536769 0.00736821384972816 0.676669369334345 -0.225858741419232
0.00574114509418239 0.0133491381548558 0.315781061618042 -0.896148695724429
0.0391803115639766 -0.000787003356842543 -0.603833631898403 -0.677404561801352
0.0444289038639166 -0.0363973457423744 -0.684717501713634 0.160021494035524
-0.0193802780251099 -0.0403448684355659 -0.171490362881586 0.43237942199405
-0.0345825127225577 -0.0215748010695514 0.133856358639586 0.159504876016404
-0.0124940996668646 0.00922304595629889 0.150375441148038 -0.160266642368847
-0.000267739885972163 0.00853605997790584 -0.121538833044524 0.156347007948243
-0.000517647637856765 -0.0257149450122624 -0.0583258102247094 -0.151294079320876
0.0221371872988963 -0.00776138371969292 0.325893646023111 -0.315029381362731
0.0287384932483513 0.0365905394470806 0.606597607879218 0.161702514340838
-0.0400852941029213 0.030313842009078 0.223730389235415 0.877890882682128
-0.0544228881733388 -0.0289304074326807 -0.656360566136545 0.707915290687579
0.0058660588698003 -0.0243165373502773 -0.674911438632836 0.061323797507809
0.00921452225316937 -0.017694415403011 0.0369117130044614 0.0902937043965628
-0.0115042922467845 0.0237779978204167 0.673131046014215 -0.259581807809437
0.00872072853110892 0.0278186076430554 0.251877044859948 -0.91245401671418
0.0421039815085131 0.00371987315459808 -0.646282274056508 -0.629177087398111
0.0382461545531245 -0.0355475076747528 -0.666080286654568 0.203025054443956
-0.0221386493834186 -0.036027262722908 -0.144548030497438 0.438816675548713
-0.0331955567540191 -0.0129848234800953 0.147014290078133 0.148201444112451
-0.0107291805158903 0.0186065199644482 0.154392411720245 -0.161560865866038
0.000622996954584528 0.0177945337651508 -0.117974624091065 0.155139109280011
0.00196465160044717 -0.0148658325646024 -0.0550120285629823 -0.156442761047087
0.0187952892498007 -0.00332894650222762 0.330981058447371 -0.310442233803655
0.024737767570993 0.0390782880683575 0.603871293782523 0.17581800847083
-0.0402355222919831 0.0402419865836794 0.201401937179599 0.883838838733793
-0.0608910472632088 -0.0119956174050924 -0.677083525892762 0.693291255637057
-0.0241545412237248 -0.0153563379889792 -0.669741978764763 0.0529900075775027
-0.024900658572175 -0.0106859885049256 0.0471319297425714 0.0929148315138273
-0.0304581541291315 0.0426140852643778 0.674347291162897 -0.270096579412476
0.0130525400695254 0.0440393204600834 0.232407774698733 -0.914765467557459
0.0460906761860071 0.00913057923991126 -0.658906850450371 -0.610798494891567
0.034183674129404 -0.0331509690160896 -0.657331379376062 0.218488077962669
-0.0216147947348879 -0.0310833528017536 -0.134485813776483 0.439520138451755
-0.0295220555581558 -0.00229996818100095 0.152544630489854 0.142561530825332
-0.0100024524583932 0.0281815739333208 0.158399365792006 -0.163406406408786
0.000586833923673428 0.0259220897395671 -0.115490126814425 0.154063920568643
0.00360466105014335 -0.00326223644221612 -0.0601193412853206 -0.158465162439212
0.016594259100313 0.00154723857124075 0.320991306208721 -0.319618549164937
0.0228557784511565 0.0413728561516354 0.60690875472952 0.159156738994614
-0.0366490099554565 0.051905310629103 0.221214670327805 0.87420101915802
-0.0675475829757811 0.00747682160713541 -0.657805167120015 0.707018872955337
-0.0552376549428835 -0.00674976206509 -0.668050614648125 0.0722660459317047
-0.0590650143030046 -0.00536619310609719 0.0409099466805219 0.0961188959032072
-0.0504234169134802 0.0582059422886117 0.678881575562034 -0.255537171611972
0.0164269813368749 0.0608552235207455 0.255816963615015 -0.909657352290294
0.0511909672750947 0.016946596141385 -0.642243859450104 -0.630195683681859
0.0338140187747532 -0.0298566183821082 -0.662666990466887 0.203627238871081
-0.0190575147108144 -0.025556161941754 -0.141780230969908 0.437364821644013
-0.0258438002208122 0.00769840321456685 0.150352000324772 0.141637818501197
-0.0114237500957811 0.0372745048475224 0.162865129592947 -0.165116481013579
-0.0217360587529513 0.00168136635859741 -0.14008794282782 0.145617960210151
-0.00704999647079064 -0.0182286142957844 -0.15213660267427 -0.104879545152228
0.0218121367341814 -0.0117938975285941 0.152803789002571 -0.397604236261929
0.0451546225574833 0.019604556824623 0.570283980988604 -0.150215897819608
-0.0141535891970731 0.0257813884431701 0.608186319158912 0.613947515190183
-0.0578642959914932 -0.0195064512680652 -0.207262253081545 0.895407711777742
0.00699690204012839 -0.0423826526215295 -0.648437747896076 0.308611822402224
0.0336497835767671 -0.0389389476128489 -0.120647511055628 0.10456108345828
0.00822643504095311 -0.00455599549391681 0.665760013001899 -0.0238504182276631
0.0031204505864967 0.00398395278320374 0.672132861175261 -0.714230515127987
0.0383522466826083 0.0127682204078851 -0.273910217554566 -0.902271336047875
0.067350356080857 -0.0249590927985933 -0.731195243989859 -0.121977839648231
0.00236308083989036 -0.039748192491916 -0.319467747661154 0.371201540828481
-0.0287512435260231 -0.0190956459699353 0.0614243006736751 0.202043739979213
-0.0260172659786224 0.00585210356754004 0.136338574597046 -0.155044045815831
-0.0182544089168934 -0.0034865181041704 -0.13596439223287 0.152296997251589
-0.00881365293793708 -0.0261412665806805 -0.134959359127697 -0.110603394035645
0.0227411497511669 -0.0156325423779608 0.18701811509729 -0.386604895867769
0.043490624439513 0.0198897713297405 0.588898010612274 -0.0973695965010991
-0.0201753167870636 0.0221339101239363 0.555197218344104 0.672675524796722
-0.0586313994855041 -0.0319989455665567 -0.286268070184844 0.879257477695813
0.0224429837671111 -0.0498260492679721 -0.663594082147026 0.264707507583708
0.0508859399207029 -0.0394468341642823 -0.0934904240724293 0.0999799161356461
0.0182960185630181 -0.00802352131892474 0.674599004246707 -0.0694271956999922
0.00409201106838517 -0.00320420914003113 0.597062504084265 -0.769751409948512
0.0385509217809718 0.00508014261933245 -0.357264168143467 -0.866431223849728
0.0656122311689502 -0.0300745052592213 -0.729863100338417 -0.0562345511629972
-0.0012494654854767 -0.0435777841123645 -0.287500308903995 0.390620949014248
-0.0311644629871887 -0.0264760875977609 0.0770802703457009 0.193646918605906
-0.0217009435887146 0.00045373738587935 0.136559254726225 -0.159435166665919
-0.0110513764690638 -0.00538958991690535 -0.134147693282962 0.155620037050134
-0.00761041970349949 -0.0355603484466503 -0.110762828897426 -0.122985715544959
0.0239054106259383 -0.0167742536803349 0.229507704601444 -0.37803279866
0.0430059039630841 0.0231673182208901 0.604396882550125 -0.0332739176204688
-0.0267110181666227 0.0202414021789609 0.483564655582681 0.738786126287516
-0.0565544664659497 -0.0407806459211097 -0.387440496596707 0.850682556504964
0.0338321596180605 -0.0506862447809383 -0.676748480199946 0.207316197153279
0.0575353861727001 -0.0370348052433163 -0.0599545437128807 0.0950120684695046
0.020726811154218 -0.00868637663779501 0.678814015466617 -0.125352163508225
0.00319624894727075 -0.00358085906426243 0.502197466921651 -0.825831595800995
0.0371055401183545 0.000764927130250639 -0.4542541331372 -0.810103538511151
0.0601420999386004 -0.0346405748033548 -0.724463101451776 0.0233699862243867
-0.00773609198497137 -0.044869944932271 -0.249636837868052 0.410101533843684
-0.0331987653154799 -0.0284041593903436 0.0965472433824291 0.185332165430545
-0.0184430803969382 -0.000797573515815848 0.139710545074705 -0.159158127493109
-0.00633853525731393 -0.00293691550224066 -0.129087609793454 0.15763059576588
-0.00568517098083622 -0.0370888757404344 -0.0907100491974775 -0.132680443366002
0.0249443689070403 -0.016313550740431 0.268690881878131 -0.35759354797656
0.0390794153099766 0.0274515519559069 0.614059087656199 0.0382156186361219
-0.0321991213748177 0.019734734544499 0.394300551374001 0.7995133931799
-0.0539778067786255 -0.0437158868368214 -0.4907584374945 0.808612424996329
0.0369090193574074 -0.0441794502698794 -0.681960270932564 0.152962168039356
0.052910470002988 -0.0325037619768223 -0.0233843477979415 0.0919235383953226
0.0151028752349742 -0.00347643451485986 0.678166618687224 -0.184644895402062
0.00441605533053898 0.00200563986993957 0.40069788333026 -0.874619765599634
0.0380540152473139 -0.00109560307498558 -0.543588598286669 -0.740885024934247
0.0525893235583601 -0.0369134606076037 -0.708217447070172 0.0993637185244466
-0.0143273130909846 -0.044021479437367 -0.208033631775205 0.426526488256777
-0.0346132603225672 -0.0261602771116471 0.11695607568134 0.171669857304905
-0.014804021509805 0.00315533439657117 0.143596150334271 -0.161927774928869
-0.0029167311082353 0.00178664681759993 -0.124660327565254 0.157865646379983
-0.002519162433919 -0.0336163630175175 -0.0734018893110059 -0.143365072837646
0.0237876698833638 -0.012676684046747 0.301602236010786 -0.33763165090574
0.0350858332565204 0.0310099411485338 0.614150502222057 0.107076061082037
-0.0373269542828342 0.0228142669207049 0.302882793766492 0.84827200967512
-0.0518493961723368 -0.0401664685150605 -0.585345295152832 0.756645432358044
0.0278069729411434 -0.0349315163762469 -0.680213347230327 0.0993532141293901
0.0367224668380895 -0.0253306787844381 0.0119984910530743 0.0885559899713685
0.00420776975195568 0.00651559003103422 0.676089779447115 -0.237583209294823
0.00547858588953316 0.0124753162456628 0.301676162005193 -0.9035343941335
0.0387076982698512 1.18470006799229E-05 -0.616295249593049 -0.669475893168589
0.0445542625723557 -0.0385089121147969 -0.683252781107828 0.171974615973943
-0.0207607173412875 -0.0398454492569902 -0.16449293806716 0.437955012226664
-0.0357490458930538 -0.0200215838490873 0.137011197085567 0.159523896827101
-0.012282860111724 0.0105792217762535 0.150160805545084 -0.162727845425687
-0.000110380571035693 0.00872851754835097 -0.119373986219432 0.158120830357323
-0.000546981586131035 -0.0253861059674347 -0.0613156110909229 -0.149766021781664
0.0220536867547719 -0.00872462554634347 0.321455577846675 -0.321895978953095
0.0298225149580042 0.0358703272986401 0.610981273661559 0.151569133959807
-0.0400733990650556 0.0311892777563218 0.241326616868518 0.874345568689529
-0.055100786514751 -0.0281933002289334 -0.64667288898168 0.716603474481185
0.00628252747168838 -0.0250240546715498 -0.674402237150745 0.0707829614036216
0.00906934773922006 -0.0172314060155687 0.0379653841126787 0.0892923058381282
-0.0117703643277066 0.0245538043043226 0.670594784344596 -0.272006261101533
0.00995531717408715 0.0272238365520841 0.238811654512649 -0.919576821979236
0.0420728146972463 0.00286451518994026 -0.657457831774803 -0.619427810400308
0.0374192948900363 -0.0364912966851492 -0.663494347935165 0.217227267502897
-0.0221584190718484 -0.0355268476264758 -0.137173366347362 0.443300199596792
-0.0330128946410794 -0.0116503765126907 0.149627011665263 0.147448557841715
-0.00944677537252521 0.0190418458448585 0.152805052822426 -0.164220275081271
0.00117190109120214 0.0174408491307329 -0.116217563114044 0.156748380346398
0.00149538085627899 -0.0150084220240706 -0.0572042050468544 -0.156101296669785
0.0188339438927578 -0.00365801914793184 0.328011382716527 -0.318191483579183
0.0253614449489994 0.0390972974187435 0.609146151114773 0.166131887333806
-0.0407987624212115 0.0415080014596275 0.215470991736513 0.882153061447431
-0.0610783920078398 -0.0104842519009817 -0.666164145635162 0.703491654107963
-0.0238089614907603 -0.0151624479291483 -0.669412438178196 0.0631454743829049
-0.0253320623566688 -0.0100244813809911 0.0479790986855563 0.0909877124661375
-0.0296834468760444 0.0431851745728726 0.670550254591179 -0.281212295719616
0.014446717370993 0.043707808120853 0.218954083850409 -0.920342495898715
0.0466836540682395 0.00874850567847341 -0.669612183559873 -0.601603623703832
0.0336513770057056 -0.0344493036471918 -0.655756234424949 0.230295625921969
-0.022167824435735 -0.0303730939791082 -0.126074646069232 0.443744398329162
-0.0294633145472157 -0.00145363396613334 0.155223601742383 0.140955768781054
-0.0098634037305143 0.0292946959705999 0.157884049059451 -0.1661788027679
0.00208136409036705 0.0256270599192261 -0.112942508127334 0.155709229854782
0.00256509813756985 -0.0033127783390959 -0.0617877181532522 -0.157741572006609
0.0162818912547033 0.00101074697600918 0.316418128328295 -0.326389115199088
0.0230618228431604 0.041134155883713 0.612183731334517 0.148819872337422
-0.0361366601220189 0.052857610574906 0.236542247920854 0.873614114605304
-0.0674997639286195 0.00857071875906791 -0.651216080608267 0.719027998418508
-0.0552361944791603 -0.00552072503044999 -0.666562106247388 0.080801722525643
-0.0591378215777259 -0.00417513239911439 0.0435826574579229 0.0961796842448975
-0.0491257467167674 0.0591038163257734 0.676144018621142 -0.267021192221058
0.0171335069930738 0.0597301252168877 0.242168795926648 -0.915815056928658
0.0516628128473023 0.0162527017094472 -0.652799081484288 -0.621396265065802
0.0327091370780489 -0.031378614070808 -0.662930291729742 0.217236579391627
-0.0195441843463236 -0.0257279148547808 -0.134718318903765 0.441756383508281
-0.0256044484349909 0.00970775935912801 0.153198768926756 0.139785685376387
-0.0107870981336251 0.0382858147282359 0.160791663733305 -0.16778972378861
-0.0210236800173601 0.00191186438979325 -0.137704256959627 0.147342846779097
-0.00732237663336917 -0.0181887103713502 -0.153847920253637 -0.101902205576738
0.0214082640483047 -0.012155309675971 0.145423661513928 -0.401613435014377
0.0454061062777408 0.0179825612191978 0.568744309017516 -0.159775772915387
-0.0140976433503109 0.0267521549078709 0.619248524475792 0.602983722600358
-0.0577712828866014 -0.0183167246049799 -0.193263099346412 0.897800201999525
0.00671223574851057 -0.0425712367907211 -0.64263279918014 0.31788250822779
0.0334094270830881 -0.0394350267412162 -0.118767149602756 0.10630358393947
0.00793301990121433 -0.0044969149090961 0.664776217109772 -0.0340849030802905
0.00343755288841737 0.00406955424753957 0.659630492155842 -0.724208763555012
0.038799755896575 0.0121744381759615 -0.288799579069658 -0.897710022113611
0.0664257880213757 -0.0262559836430128 -0.734365226941175 -0.108876710961304
0.00206847437667879 -0.0401603832504406 -0.312155288769231 0.378683320537411
-0.0292654923216118 -0.0180313023227398 0.0656362259935891 0.201640560403291
-0.0255023576420243 0.00725703514948757 0.133635886008102 -0.156303279323241
-0.0170093222113155 -0.0029335075439494 -0.134439487362974 0.153586693450522
-0.00996278579728671 -0.0260132145966092 -0.137258104951629 -0.108379145946835
0.0220228629631919 -0.0161809118580516 0.182109705296168 -0.388948367525259
0.043664422119402 0.0196601028483521 0.589164415060065 -0.107017882795093
-0.0203497207103988 0.0227774034809939 0.568116653116773 0.662302547114641
-0.0589395088465837 -0.0307977662861654 -0.272493565929035 0.884916143949819
0.0215844368556521 -0.0503145256446423 -0.659299419244646 0.275344983370215
0.0503622382358387 -0.040794635888675 -0.091832382910382 0.101005575861185
0.018437088023056 -0.00889139625202208 0.672651077279711 -0.0797559831864094
0.00407865531916741 -0.00415743244327731 0.585954548576772 -0.779043294317125
0.0380792311610746 0.00394367219090442 -0.371758910392759 -0.862138569113237
0.0650729585403406 -0.0308905143871192 -0.732212557166016 -0.0424209651787711
-0.0021015350565645 -0.043871588469692 -0.281100575691098 0.395716423998602
-0.0312147970509666 -0.024389268609528 0.0801767892834063 0.193251139849916
-0.0216594221070379 0.00170391775205025 0.13449721972982 -0.161279046985106
-0.00968757440865509 -0.00386146791751198 -0.132262540809481 0.157134192819856
-0.00844040454683328 -0.0358235926306187 -0.112276387061952 -0.121076134110453
0.0237552506538313 -0.0178126355873632 0.223124558876126 -0.382751443893121
0.0436349269342225 0.0229059413440186 0.606778086101275 -0.0439475199941476
-0.0265923803535744 0.0209834138536335 0.496322138128605 0.729262508990954
-0.0574717009990483 -0.0401327050344773 -0.372849824887087 0.857642552103243
0.0325598448362953 -0.0505436562544235 -0.672699300389075 0.218725984863393
0.0566085830148541 -0.0379564468335555 -0.0581632367103242 0.0952379802387314
0.020491130940955 -0.00886686802571048 0.676701720432472 -0.136263940943137
0.00344256156920023 -0.00388585858449621 0.489627130065592 -0.833353722500774
0.0374345929378008 0.000569700341294622 -0.466409418095165 -0.802084541678667
0.0593134360953904 -0.0361145815486641 -0.72401997958575 0.0373634976528364
-0.00818105484617925 -0.0447578316923936 -0.242844678723325 0.416260575759355
-0.0337933881395491 -0.0266493568957219 0.0994827807249319 0.184967748317312
-0.018269697918205 0.00077164432521059 0.13766252412512 -0.160818855579299
-0.00628162751381695 -0.0027665093096294 -0.126876303036716 0.159937985232432
-0.0065653421804739 -0.0367901261790592 -0.0923820673414533 -0.131331384304527
0.0241895944878927 -0.0170460108407944 0.262034107780828 -0.364539113984227
0.04006403029768 0.026956722056469 0.616089009477774 0.0295915702490418
-0.033105318815473 0.0207680937371481 0.408727649794699 0.792960352853954
-0.0546879895415656 -0.0433922454737335 -0.478658533164915 0.815746925192139
0.0359286541426533 -0.0445782621235347 -0.679340699320363 0.163969092036162
0.0527995041201211 -0.0332634921981774 -0.0217206730737589 0.0919696516825947
0.0154925190731677 -0.00461811515958081 0.676577301958882 -0.194504109758207
0.00356403379162926 0.00193868307567393 0.386771969008587 -0.87971691813522
0.0371179663142831 -0.00160914590617742 -0.555843376845352 -0.732233813860672
0.0521074715080987 -0.0381783415333427 -0.706744804895671 0.112894518383975
-0.0151953198962941 -0.0432733876483829 -0.198856039680464 0.430218058367227
-0.0352744568452023 -0.0248995924103985 0.120104766456488 0.171082349427334
-0.0134401636099086 0.00389772083303705 0.14142016124925 -0.163580155405649
-0.00213566795620898 0.0016987560941897 -0.123113027077712 0.159527962337607
-0.0038591280637639 -0.0338283273436612 -0.0748164172236951 -0.142236870175914
0.0243037139115763 -0.0129110570709972 0.29692831743866 -0.343758247933086
0.034739387752512 0.0313405658296035 0.617112603050323 0.0970453786204222
-0.0380478636696859 0.0245517030229219 0.318796408328591 0.84204322350038
-0.0524597798114853 -0.0386087603690168 -0.574801804041894 0.764848375276086
0.0281531188161345 -0.0356324838597998 -0.678481115961099 0.109866680669243
0.0362535849691216 -0.0259466415009752 0.0144234396520872 0.0886683432822082
0.00505622579620273 0.00708001299967798 0.671936276229213 -0.246674506348396
0.00602402005755912 0.0122289396176448 0.286716967664875 -0.908485607078685
0.0388360533166029 -0.0010401371351442 -0.627848004806429 -0.660421200692261
0.0429660995857319 -0.039216033240938 -0.681138169320161 0.183693941214384
-0.0204298282681891 -0.0396216766187512 -0.157282030441016 0.441734153498932
-0.0352436046341585 -0.0190005835129794 0.139750336340657 0.156763885664445
-0.0116011890159313 0.0112479537366936 0.146485138478217 -0.163917283376425
0.00098782685121711 0.00842026738074797 -0.117515519984707 0.159115640318397
-0.00184762257054185 -0.0256588923234463 -0.0628855597871127 -0.150529998844381
0.0215475708141976 -0.0089304536805585 0.315927353864287 -0.328314109135869
0.030128846962926 0.03496753028171 0.615441923044421 0.141415559667598
-0.0403014976501837 0.0320072301342361 0.257133070510485 0.867977376049885
-0.0548241200210015 -0.026973627545941 -0.637255170832408 0.727860212450892
0.00632741450490756 -0.0250438927874312 -0.673753593221529 0.0810384265913251
0.00840548133949529 -0.0173394759852652 0.0393392751660889 0.0883453442808621
-0.0107045684334487 0.024280623876195 0.665903167490102 -0.280246353291768
0.0100098357560574 0.0275473067015493 0.224871655186691 -0.922766695207323
0.0427121831022829 0.00237755304951485 -0.669343190989472 -0.609292759607714
0.0368811298635217 -0.0383781858601396 -0.661134988467054 0.229634000782406
-0.0235848986442931 -0.0350104714804002 -0.128707550558283 0.44675372591504
-0.0333234400002839 -0.010480345190403 0.15228360857043 0.145677254063925
-0.00971123516655811 0.0197214052359586 0.150019283517568 -0.16623224272457
0.00241570576462617 0.0170648929113892 -0.114516256220558 0.158398544718806
-9.19628336342043E-05 -0.0151686265954468 -0.0598126494493792 -0.155408018733483
0.0187560718760508 -0.00349625402913156 0.322341763013402 -0.325195000367051
0.0268835430460156 0.0379552284846673 0.61300018508639 0.156891984493731
-0.0390512828306005 0.0420589298436801 0.231445068129121 0.877948924108453
-0.0612726344234009 -0.0100107315562549 -0.656917008785335 0.710687139728933
-0.0240253360867742 -0.0150838289010011 -0.668428060727714 0.0727697924110632
-0.025493962689668 -0.00916484983345009 0.0497246344749451 0.0908135323414729
-0.0289548020561543 0.042679707378516 0.666026051257997 -0.291348858804826
0.014967262925757 0.0439867857105092 0.204121415837289 -0.925194667172151
0.0468184555685019 0.00781667787627342 -0.680702179377112 -0.5900714287711
0.0329321158716101 -0.035836304092598 -0.653826093267397 0.242965103771497
-0.0229421251622912 -0.0298019976712369 -0.117990147357354 0.447287916250884
-0.0296194356016288 0.000124427516765796 0.1585126984102 0.138090988123803
-0.00872690715225969 0.0294475577618626 0.155792559959372 -0.168208463498418
0.00393939849461042 0.0251263008998333 -0.111138947739279 0.156936595318876
0.0024523122495361 -0.00340292304626839 -0.0645711021524286 -0.156716114595578
0.0153008687004543 0.000967299946014953 0.313372564645279 -0.332338098391186
0.0249035776443295 0.040349466930518 0.615181945594602 0.139247179311679
-0.0362267904431955 0.0541526060928889 0.252332787582958 0.868995318123695
-0.0671620925000905 0.00948092067501594 -0.639171244139262 0.727686116424541
-0.0551397050617277 -0.00506498874073153 -0.666732315341991 0.0917884644996231
-0.0595972869613703 -0.00308966404010651 0.0444649688943997 0.0944443168301471
-0.0485412851177475 0.0598960188008432 0.672133746243417 -0.277586972616838
0.0183739353373161 0.0595622906555487 0.229199082647805 -0.919261604600147
0.0520587713599908 0.0153831543582304 -0.664578508318624 -0.610774415314059
0.0317619276053979 -0.0321577439228967 -0.660032243388925 0.228944251921318
-0.0199653911061641 -0.0257722918360285 -0.127421593472569 0.444788186598977
-0.0255674137995012 0.0103169621058143 0.155899373424445 0.138203705479342
-0.00970523520490326 0.0391100662177378 0.159200057764039 -0.169819982235897
-0.019269683206213 0.00272553283779545 -0.136758144214809 0.149796138327928
-0.00795345200348096 -0.0182050260918901 -0.155062444993433 -0.0984866278908415
0.0218933912770071 -0.0119301318892642 0.14047193276484 -0.404652398297032
0.0461135412830851 0.0180183061529396 0.56759336888495 -0.168872724437652
-0.0138687990791006 0.0273540802909114 0.628943880791898 0.589807638744907
-0.0584320073430917 -0.0170326628930575 -0.178466030150571 0.897448330707921
0.00668338232615161 -0.0434552868177133 -0.637881164339437 0.326983095055779
0.0325369664373452 -0.0399406115782052 -0.117488695352789 0.108366234716713
0.00771858540407594 -0.00512608672049794 0.662174263027647 -0.0429955790699834
0.00367245669518507 0.00320179234128632 0.648901155600829 -0.731708336926822
0.0392301153124697 0.0115987605955334 -0.301888923553994 -0.892843939092164
0.0660452744201581 -0.0282776160826715 -0.73470097624881 -0.096812264879858
0.00132111610315061 -0.0402901649253324 -0.304743224662304 0.38255535560559
-0.0294015898264469 -0.0173431869443071 0.0684868244801041 0.201339470832763
-0.0247336738508926 0.00775379997476856 0.131139500107881 -0.157609683830676
-0.015944021835354 -0.00274069775027905 -0.132314520717804 0.154553603258227
-0.0101785143903921 -0.0256791959871358 -0.13844478476202 -0.106461469691955
0.0218844870359763 -0.0163932170128737 0.174556683563872 -0.392501231813668
0.0445473361112151 0.0188390004914228 0.588224117477562 -0.115412895155948
-0.0205080036304823 0.0233286765112408 0.578966260067118 0.651066810808198
-0.0595367021481381 -0.0294981074855767 -0.258724046736528 0.884420384084964
0.0210778469460921 -0.0498148001665171 -0.653345124522488 0.284669631469424
0.0490091587460906 -0.0411230256134338 -0.0898857647770851 0.101962219519046
0.0185236651498732 -0.00899969294936261 0.669153514300773 -0.0913026551437483
0.00442132754750702 -0.00403988482773617 0.573726381475354 -0.788887250645753
0.0383758339590765 0.00418197010001354 -0.383815148838015 -0.856225087058466
0.0639934963248088 -0.0332285832751443 -0.732093753244833 -0.0298633746835301
-0.0026917819442758 -0.0436487147296678 -0.274756441291062 0.399725924579148
-0.0319223293894772 -0.023843253631197 0.0830108814425262 0.193121924139468
-0.0214699944407453 0.00207570924469123 0.13171613166773 -0.162623553937156
-0.0093836040209091 -0.00444188416525155 -0.130412686075888 0.158427020196746
-0.00904025026817446 -0.0355776859409117 -0.113406692188671 -0.119808247789192
0.0227017377572701 -0.0178330045462972 0.217887615127201 -0.386875053303838
0.043880925953022 0.0216414240125288 0.605401327020682 -0.0506337680433618
-0.0265523355651939 0.0222316513765098 0.50803591799241 0.719024633964017
-0.0575338610115341 -0.0389518172828916 -0.358471103529768 0.858745243152906
0.0331712080073742 -0.050412977276758 -0.667500250005192 0.227779164509644
0.0559935183921748 -0.0385950875871517 -0.0564800892805475 0.0962066585994083
0.0208916132670282 -0.00914324228847535 0.672466599252468 -0.146515146087494
0.00414176381397342 -0.0036945982669735 0.476568301267594 -0.840770795000344
0.0375686416026249 -0.000340542225869505 -0.479184323042393 -0.7940354786042
0.058629623673327 -0.0376580530259802 -0.723894078860744 0.0473794052949648
-0.00861428895941461 -0.0448957768299734 -0.236186279692674 0.420705003255918
-0.0343457502366273 -0.0258512576411969 0.102234442264413 0.183398000532254
-0.0182691689582111 0.00151711711698526 0.135042448608762 -0.162582201699836
-0.0047179915055764 -0.00275708503287143 -0.124250874015299 0.161340299078162
-0.00761511074725336 -0.0364208758838086 -0.0945069605692002 -0.130214243421382
0.0237403693822129 -0.0170081139597231 0.256688983928285 -0.367473381695093
0.0407380450637222 0.0258682897410299 0.617117224104582 0.0198504091682225
-0.0330233240311795 0.0223067997206955 0.421195889497942 0.785566946736512
-0.0547720680847273 -0.0418311744506308 -0.464321434732918 0.822046000217482
0.0354695097870309 -0.0450764708212982 -0.675472491994437 0.172863590596798
0.0520954968433424 -0.0337742175913265 -0.0200631320465349 0.0913367086729006
0.0158280845193601 -0.00460668776334759 0.670775555649806 -0.204163406482553
0.00374325613407751 0.00208787734088464 0.372758450470513 -0.88516500728061
0.037573513562608 -0.00233296275222304 -0.567146919022896 -0.723214708642958
0.0510082777292336 -0.039634964259075 -0.704901125488609 0.125454365003273
-0.0156777477450561 -0.0433341265974717 -0.192668903356379 0.435904740770367
-0.0366093844615834 -0.0235224246746379 0.122917963611166 0.169594818129622
-0.0140548263550761 0.00441464224511457 0.139815844951919 -0.16537646580354
-0.000926127755355954 0.00159984745950076 -0.120307826844201 0.16041257825395
-0.00517471584376855 -0.0339653385669472 -0.0769777733501723 -0.141390626256006
0.0229642627787781 -0.0137102524069463 0.290712445339005 -0.349272413641066
0.0360587962282977 0.0302820022480459 0.619639553652449 0.0861574323214827
-0.0378286355454793 0.0258678875448901 0.331450623038773 0.835528343346279
-0.0525079048815604 -0.0383963836855891 -0.561200148008492 0.77037812106996
0.0280311055474694 -0.0359915533913094 -0.673958102597834 0.120295581299269
0.036520056830432 -0.025522974016345 0.0160063606006057 0.0878243175694467
0.00528202361330919 0.00746343655325496 0.665932834423388 -0.256892146518082
0.00579839894415873 0.0120463558020709 0.27335904189946 -0.911644305915804
0.0382851643879021 -0.0012020571623467 -0.636449291203348 -0.647928786600385
0.0419727506006667 -0.0406687478961571 -0.678910515252418 0.19746959773127
-0.0210250859807693 -0.0398625371574509 -0.149125029963614 0.445302026066398
-0.0362519814400773 -0.0179160607260035 0.142437864615438 0.155777936264816
-0.0112144434809096 0.0125345842335139 0.145008884186323 -0.166414976433498
0.00257440840264709 0.00884368771668697 -0.114995495952632 0.161219664791999
-0.00187308373098796 -0.0253738218129353 -0.0652783576287199 -0.149527115825334
0.0210706478408642 -0.00967437115933854 0.310531242497999 -0.333556960412463
0.0313776860011953 0.0343292187098696 0.617724179824402 0.130228842078274
-0.0399865893518518 0.0328313466110602 0.271238197402706 0.862378761185221
-0.0557830589032183 -0.026263166991818 -0.624784877967157 0.736428193844313
0.00594981472965495 -0.0242308720497081 -0.670951685679316 0.0898014311208126
0.00789288589421245 -0.0173962485452635 0.040827389421619 0.0866582238330078
-0.0102164458566161 0.0238345297400505 0.660087208643745 -0.291138689248341
0.01037935203865 0.0272948611883933 0.210538609820284 -0.924148126503345
0.0421056638295111 0.00153286077282003 -0.676233011009485 -0.596949801845243
0.0360059629002738 -0.0397229282403953 -0.657155268198437 0.240356397567207
-0.0239860429260344 -0.0351405234916361 -0.120988904719336 0.449457566209199
-0.033940253370938 -0.00858405811842759 0.154654773978284 0.143046209091849
-0.00877055576646881 0.0207050674167896 0.148337995558829 -0.168344874591471
0.00285442918071236 0.0170022616540614 -0.11123307462468 0.15938558339521
-0.000302260571172341 -0.0148536871737136 -0.0618597301608848 -0.153877226762736
0.0184660809876426 -0.0040208749195274 0.315494449926141 -0.33011022927514
0.0267204800836872 0.0377891636134632 0.615132640180797 0.147686478684053
-0.0401937504923824 0.0437150538648521 0.246781248668907 0.871052845488779
-0.0611719839603047 -0.00825642452778248 -0.64375177974801 0.720182390593254
-0.0238625834124282 -0.0141087103222869 -0.666284539272822 0.0839810966282437
-0.0256671850523937 -0.00841976506939831 0.0513412673542337 0.0893250019684761
-0.0278342284626717 0.0433337721497645 0.659853819021423 -0.300561530608212
0.0152123266197881 0.0430617358267057 0.190194736467023 -0.925604337874392
0.0468777137446099 0.00682817110747584 -0.689145960311999 -0.577455974465609
0.0317881286576683 -0.0358230241053234 -0.646763854491921 0.25506034342002
-0.0235508687273856 -0.0303160508280715 -0.109923059177258 0.448522905305479
-0.0296243158815033 0.000882098650118815 0.1598771083349 0.137175811999914
-0.00840336870854267 0.0302233670624025 0.153520197718946 -0.169600908577379
0.00407977339240766 0.0245150154864777 -0.108521905516294 0.157895958606849
0.00184493985695075 -0.00403654166900438 -0.0670208258265509 -0.156228301018511
0.0153818145760325 0.00164821807380508 0.30559914811576 -0.338259376122181
0.0248732390441713 0.0385792524073275 0.617103187363164 0.129081740972468
-0.0358229023062386 0.0545165296464207 0.266543652451026 0.86078771452212
-0.06693331270206 0.0111141419853267 -0.627072802059806 0.736803483198704
-0.0543410694733489 -0.00481280448506793 -0.662778327774722 0.101208766776341
-0.0596604681191067 -0.00198562045787285 0.0459286958316919 0.0928411170635331
-0.0467489805750035 0.0602034442832412 0.665259365212457 -0.285604525942039
0.0188514647219978 0.0589182506597434 0.214750554890108 -0.921525157677381
0.0522276443501018 0.014433532344771 -0.672992115612626 -0.598720168151988
0.0310848691188522 -0.0331834157457697 -0.655308777246338 0.239950229420286
-0.020552843202312 -0.0250426126758373 -0.118449649277864 0.446223384201881
-0.0249595155257177 0.0115980553264178 0.158534521747029 0.136019836132274
-0.0084214619095704 0.0395030420768188 0.156863179375504 -0.172427182373254
-0.0187675587864976 0.00315865760997104 -0.133577561849915 0.150718711066784
-0.0083422475181424 -0.0179719401724333 -0.155984582409117 -0.0961037838618806
0.0211281530783421 -0.0129409253521822 0.132535489677877 -0.406892607487743
0.0467329319623375 0.0164476223848488 0.563838529898844 -0.177051448873446
-0.0140590307833695 0.0281924774353991 0.635953530735598 0.577378286950106
-0.0580531672504646 -0.0156399442604531 -0.166132902522141 0.895923477704227
0.00642833689263567 -0.0427873256069461 -0.629342789278956 0.336087026263428
0.031164252693299 -0.04060968625156 -0.114813339938665 0.1085979388145
0.00814430363652436 -0.00564080465245715 0.657087907476146 -0.0530772397476003
0.00327566625708537 0.00342240453933251 0.637031045062943 -0.738389117672673
0.0383717384438179 0.011398638931985 -0.312985802224727 -0.885109225128665
0.0647970612170831 -0.0296741200713401 -0.733725167953517 -0.0826523841017883
0.00104594983557244 -0.0398398541524816 -0.299180603388797 0.38715206793481
-0.0296641295111165 -0.015514941319386 0.0718825563143981 0.20034207701775
-0.0243585299520774 0.008809941365896 0.128208780909431 -0.15791097819609
-0.0150849844743039 -0.0022617662464844 -0.130217823003303 0.155917935173353
-0.0106570805320858 -0.0253278245807067 -0.139218359453145 -0.103056612645651
0.0213949632038977 -0.016777621427182 0.168339647532006 -0.39720437456886
0.044675915514562 0.0173428751541008 0.584329128941769 -0.125131758641034
-0.0211181994834561 0.0236766621947769 0.586741813108534 0.638477398188034
-0.0597686960110516 -0.0288634141521979 -0.246189167336774 0.884790411036315
0.0204050545430533 -0.0506194841549729 -0.646528051823543 0.293966549673377
0.0477879331104336 -0.0416176105483276 -0.0886735797381 0.102749229093913
0.0192817067278986 -0.00968648482249384 0.664821541574538 -0.0995169875698569
0.00367441605528304 -0.00424978254388726 0.56121936641024 -0.792539214419376
0.0382703442419987 0.00322591094014479 -0.397099203840709 -0.844968404653223
0.0631385239073425 -0.0336560645939806 -0.730105535285715 -0.0184452043605021
-0.00353089524549014 -0.0436603214934614 -0.267386410790308 0.40569739592501
-0.0318914140455134 -0.0226935327501425 0.0857983277419202 0.19213469924596
-0.020865829737892 0.00265464556695984 0.12982270235907 -0.163506613186018
-0.00799449740938257 -0.00382679259690497 -0.12691486910959 0.15956041846173
-0.0101019537989854 -0.0356707628934154 -0.115063442584488 -0.117520409549978
0.0220029566082944 -0.018116133933763 0.210605319621433 -0.389473875223872
0.0439391863182143 0.0207225096534788 0.602560412164395 -0.0613690401133746
-0.0265590204254866 0.0221447148361342 0.518728320211338 0.707857371721321
-0.0579744322374861 -0.0371247441543635 -0.344798275355342 0.859615431967137
0.0323100320083765 -0.0508472468894531 -0.661865362711886 0.236423717670868
0.0553753046113859 -0.0396524558453957 -0.0551377452183275 0.095894885093017
0.0211497968146694 -0.00970252769246605 0.666301183986138 -0.15563469786862
0.00359411537978644 -0.00430116544720156 0.462086596153376 -0.844040650807739
0.0373266408385704 -0.00123783749053683 -0.491664606218569 -0.78425343011542
0.0570055120240637 -0.038747863499023 -0.720099771728874 0.0629573627399014
-0.00955003566979745 -0.0446061188942289 -0.226796473655164 0.424145813879209
-0.0345270639228746 -0.0242370679874327 0.105310087812058 0.182470306571772
-0.0174677213854253 0.0029651439437109 0.133480965650603 -0.16400972698512
-0.00352008646668188 -0.00286548742278121 -0.121722914053497 0.161575189387547
-0.00872490062829796 -0.0366831849848358 -0.0958162502712208 -0.128428256577404
0.0234829848579149 -0.0173863618270358 0.249267918551479 -0.372444382560608
0.0406979644432084 0.0250245527880587 0.615862536528136 0.00959017228519989
-0.0327407498083168 0.0225388369139448 0.433384109389001 0.772354714173439
-0.0547531635299932 -0.040732743284879 -0.451399945989007 0.823732414569158
0.0351421229785081 -0.0460023117360809 -0.671487990524167 0.182399146253425
0.0510095762378664 -0.0343032388290387 -0.0181753189107566 0.0913069616710636
0.0155677871518327 -0.00489667004396264 0.665357803194944 -0.211534330667909
0.0034754719634334 0.00136864375547169 0.357186351549922 -0.887706308485743
0.0372300172972444 -0.00258588030560134 -0.574207304255879 -0.711769793788663
0.0500341958282187 -0.040945464923835 -0.700321513894398 0.135927211667415
-0.0161120981554057 -0.0431761259280909 -0.183821362106773 0.437922681473094
-0.0366012196664292 -0.0225802312770888 0.124965899020457 0.167982318482301
-0.0136025366368453 0.00569317838532251 0.136589774386685 -0.16622045477129
0.00100603937814369 0.00122954467941188 -0.11757598301405 0.161545345451441
-0.00580877195621054 -0.0330870201718454 -0.0787045960246203 -0.140337902526902
0.0232451952319079 -0.0141462909741623 0.284549242676711 -0.353101086259245
0.0372467539092877 0.0286219465949085 0.620060958858046 0.0774495863661474
-0.038215805968156 0.0269550709467041 0.345424708256662 0.824623869926952
-0.053181656770771 -0.0368645838987397 -0.547754898649904 0.774794255704211
0.0275635713814886 -0.0365151201583933 -0.671790461847808 0.129734397210674
0.035114026332183 -0.0256259238739228 0.0178019363178703 0.0872692949000331
0.00551791909169575 0.00639102721180264 0.659807636087512 -0.2653641631075
0.0059263972781346 0.0122056983894108 0.25922251653718 -0.912986405715554
0.0382863484134615 -0.00273332335940908 -0.645842757702773 -0.636809696391332
0.0414000063816426 -0.0420203297056785 -0.671927508639388 0.208284086111462
-0.0217458544387195 -0.0394276915750163 -0.142034782796027 0.445675943652468
-0.0355993145500085 -0.0167837413611136 0.144084442647605 0.153416955188907
-0.0102365455092937 0.0124656428660806 0.141822331869689 -0.167878013464641
0.00392608844844363 0.0081959133631362 -0.113025745019508 0.160744501031366
-0.00320105223686779 -0.0257248266750975 -0.0669423484178729 -0.148261838410041
0.0211086425896673 -0.00943116527723529 0.305300809492543 -0.339100297023397
0.0320869760337991 0.0327676372408251 0.620020651108466 0.12010689094309
-0.0399797196455326 0.0342974527727845 0.283008230205526 0.854427101523948
-0.0555646575175517 -0.0247426847660292 -0.611860254834078 0.740485164249214
0.00598061699729012 -0.0246734189327802 -0.6668540542811 0.0982469140723381
0.00717474213131687 -0.0175595814620027 0.0420177297465147 0.0864373257400115
-0.00970440235891368 0.0245109658677895 0.65407160352644 -0.299067739036099
0.0106936692168307 0.0267784173658462 0.19631527960848 -0.925015085076296
0.041449879331732 0.000924042942589503 -0.682448459731713 -0.584095243004173
0.0341832414279494 -0.039956208236603 -0.651111230972866 0.252626882401418
-0.0242560049133857 -0.0344314637667858 -0.112954412268882 0.450911701452741
-0.033814350756556 -0.0078229312680447 0.15680884709098 0.141176307253768
-0.00796012580073311 0.0213371036289457 0.146273269953628 -0.170103155881003
0.00477332794130567 0.0162304210393543 -0.108510413208796 0.160209798711221
-0.000121236393291249 -0.0146373367772903 -0.0637950856429368 -0.154508672196945
0.0181230589201716 -0.00409217396569509 0.309854749076417 -0.335202435195626
0.0288430863147523 0.036448235544407 0.617832388232637 0.137130206877952
-0.0391439013008402 0.0444848964925543 0.258273138300948 0.863187004524543
-0.0603686191977085 -0.00731084404916865 -0.632877704715363 0.725885697945592
-0.0236825346566384 -0.0135097472587998 -0.661527627161374 0.0931512318901801
-0.0259085583236886 -0.00835071346416182 0.0528288651684548 0.0882363640051681
-0.0267312804385319 0.0434054581814747 0.653350736670117 -0.308912878005021
0.0156810410227584 0.0425218896194933 0.174438119533121 -0.92380550465817
0.0463906459788797 0.00665635163431253 -0.693961629441699 -0.566736484255641
0.030603982029504 -0.0371153899945558 -0.641432924456495 0.26492433302557
-0.0238102316352173 -0.0291809491232573 -0.103105180700345 0.44900101661954
-0.0297727974220524 0.00197879842420698 0.162500870540258 0.134000482068789
-0.00807168901306582 0.0305560429061856 0.150754794572347 -0.171396138555453
0.00590492789290775 0.0243265576467179 -0.105419814695796 0.158913067064269
0.00167598785782077 -0.00376416860209742 -0.0688551934364626 -0.154973860456132
0.0157182286858857 0.000558568319695821 0.300668438118506 -0.341383151265077
0.0263736718315842 0.0390139958862035 0.618638867230175 0.119220974259286
-0.0347694940126616 0.0558186677233072 0.279745220371929 0.853324508523593
-0.0667406069044478 0.0124063482593855 -0.613885278716615 0.740650141268585
-0.0550537247300492 -0.00296356657831216 -0.659110059864031 0.110127416564461
-0.0598048260945264 -0.00109153467364795 0.0481943648924463 0.092535984246506
-0.0450426638455816 0.0606516266945227 0.657290914729091 -0.296070065440438
0.0195304165159563 0.058613670244238 0.201862595336187 -0.919793168627747
0.0519164330553629 0.0146751591056741 -0.679353476087947 -0.586379970301071
0.0303950591885226 -0.034126557852627 -0.649497212439416 0.25034776643986
-0.0207681060694231 -0.0250098945514877 -0.111690501714912 0.448258507223706
-0.0248219040680525 0.012274687471523 0.159949798215897 0.133847750724568
-0.00782798739695443 0.0395871983447178 0.154251636348412 -0.17286137841285
-0.0177059796428455 0.00305089556495765 -0.132396545095358 0.151167105231797
-0.00858997323211788 -0.0175663801120618 -0.15632422550082 -0.0933462559256769
0.0206934413922455 -0.013383884731788 0.127443628916001 -0.406441673064172
0.0455527047373482 0.0160306026915492 0.559504015316168 -0.183621771271108
-0.0137233171450098 0.0283818837698574 0.642437528724468 0.565825655986418
-0.0579264145072664 -0.0149104974382215 -0.153805851839723 0.892812752820526
0.00574772469710833 -0.042375548959955 -0.623008697418292 0.341594173373008
0.0311268077886516 -0.0401775214191544 -0.112490018444553 0.109400987299222
0.00832253944396146 -0.00532394215106047 0.65248048107076 -0.0606938064892603
0.00372425047663903 0.00286969038087673 0.623390137006006 -0.743382539295988
0.0384667139392891 0.010056697943172 -0.322267488645135 -0.875650094833407
0.0639534954208472 -0.0310006191479414 -0.731850957754232 -0.0739985420994481
0.00157856369999191 -0.0401137231215176 -0.292888128226544 0.389673362011132
-0.028631032716812 -0.0147269574552749 0.0740619083142549 0.199222615455469
-0.0235088699845847 0.00970204681774939 0.126400780702083 -0.158282758655424
-0.014179902990567 -0.0020808434262309 -0.128264773355104 0.156964085735566
-0.0113633442826485 -0.0256839010282354 -0.1397752874491 -0.100754246519363
0.0210294990958812 -0.016427730925569 0.162528185612356 -0.397460137506301
0.0450912446007141 0.016477694771629 0.582062734783189 -0.132465876769448
-0.0201933511291024 0.0250793092280116 0.594186726486514 0.625920247813695
-0.0594422456493673 -0.0276524058430762 -0.233083496630317 0.883456124934772
0.0207315729502773 -0.051023681016167 -0.639769451094312 0.300282087768201
0.0473668491618842 -0.0414279987975163 -0.0860699810330648 0.102871039696968
0.0189575675430474 -0.00961580199646022 0.658549543845062 -0.10779629449322
0.00356266428177485 -0.00500602921668157 0.548593202534082 -0.795650350076376
0.0378552401742704 0.00361470268282159 -0.405062057913124 -0.837198493920603
0.0613160868520182 -0.0350588447714067 -0.727970621649808 -0.0065086522969705
-0.00365951317154588 -0.0431638377730884 -0.260857137799478 0.407062779271197
-0.0316177145217409 -0.0216562654927068 0.0879567230486014 0.190465481822987
-0.0195988064849189 0.00354258122070768 0.12709209301614 -0.164468228136368
-0.00738805982600974 -0.00394191953241259 -0.124930936429264 0.159877878624781
-0.0110328664050376 -0.0353509369858168 -0.116282789984258 -0.115615782003576
0.0223689460207081 -0.0184899469672838 0.204357418081362 -0.392303261736769
0.0445159261092842 0.0195257052195558 0.601297573598927 -0.0691968623942377
-0.0275662184682615 0.0236951310026562 0.525426383518591 0.694328675180729
-0.058108402755305 -0.03608815445328 -0.333641633998923 0.859958877011479
0.0315459069373953 -0.0509937028423593 -0.654876659565354 0.243202534817694
0.0543769195865307 -0.0396969015983842 -0.0534594468196284 0.0956835856735889
0.0211634672003518 -0.0102190558302622 0.660904199760992 -0.160749745512001
0.00353108749230882 -0.004070749048115 0.449760448301053 -0.84569375682647
0.0368273041450895 -0.00140147836419878 -0.496452307289057 -0.772450125444234
0.0560844328998158 -0.039800986178963 -0.71709066474523 0.0718342935052288
-0.00950673600333063 -0.0439114401994532 -0.22037555843545 0.425212562811776
-0.0341249781666339 -0.023256351663309 0.107735310284379 0.180993782430142
-0.0174693556963023 0.00362706121170924 0.130968492493717 -0.164429387169055
-0.00295042313520319 -0.0032993470483611 -0.119579274828674 0.161572649725725
-0.00902218865590107 -0.0359303512409138 -0.0967627077430195 -0.126651671677587
0.0234037374046756 -0.0178546646508783 0.244013237711755 -0.374368036704606
0.0416740130998515 0.0233457455231528 0.613630765450838 0.00218495139077401
-0.0333932578714312 0.0241953147331522 0.442104215313844 0.762993502861665
-0.0554092090176695 -0.0402363284041824 -0.439241507309823 0.824095038759829
0.034819894292366 -0.0457294563385817 -0.66462026314456 0.187963400782234
0.0508239140544067 -0.0343398608970932 -0.0169267336286635 0.0904870253170112
0.0158340495218857 -0.00488527292204754 0.6575697656747 -0.218385119429002
0.0038730851674429 0.000927371918759766 0.344429564408752 -0.88735060711841
0.0368174923503294 -0.00269852363439123 -0.580945047066386 -0.701714070498463
0.0483498430361778 -0.0415572250575535 -0.694548250914936 0.146346235913426
-0.0164876007842008 -0.0429604028140199 -0.177742651128144 0.438842152326919
-0.0364983168965794 -0.0213087184960111 0.127127913233275 0.166907995758679
-0.0124789544686467 0.00704320786884369 0.134481818836286 -0.166931120750071
0.00126694728785597 0.000671514117124461 -0.115248645102504 0.162584915091501
-0.00664635896807025 -0.0329806753457525 -0.0803432130152138 -0.138427445736165
0.0223275921128572 -0.0136181494892937 0.279654321214072 -0.356616059675025
0.037120414377808 0.0278518465521893 0.618951812380326 0.0677354377553315
-0.0376799508897415 0.0268632825777584 0.354315172409558 0.814944095403389
-0.0530245957369159 -0.0355981488713197 -0.535874809578072 0.776610320531508
0.0273959681860318 -0.0354816422263783 -0.665315767122557 0.136249650280767
0.0346283579825449 -0.026950814937032 0.0183055044388812 0.0859809215648148
0.00651245659839392 0.00622850505051767 0.651122091548746 -0.271898252198008
0.00677957750244144 0.0121609290000236 0.247706837699448 -0.910677894314432
0.038561895888331 -0.00179843710225462 -0.649900732408213 -0.624230996905718
0.0405309061301138 -0.0422111932211038 -0.668117752734375 0.217765048113533
-0.0225326424000549 -0.0379153506034362 -0.135391867323015 0.447322951390989
-0.0368820070375469 -0.0148750554893939 0.145527103559065 0.152251234508405
-0.0100595692159448 0.0131979268316523 0.139793911984579 -0.168109158844876
0.00404716297240768 0.007896569339842 -0.109233183980286 0.161071046226323
-0.00398161890959296 -0.0255339293245389 -0.0688717344678994 -0.146936733564702
0.021086487191982 -0.00938579805966092 0.297915325815947 -0.342303459902788
0.0329661710193705 0.0319868860371369 0.619238187620321 0.111704420669037
-0.0389457445558114 0.0353659631453305 0.293706346598083 0.843223444297319
-0.0552701423345959 -0.0237667866370033 -0.599981177731355 0.743711078317591
0.00669266634953373 -0.0246280206142961 -0.662514840603711 0.105735232987854
0.00741254880754222 -0.0166581840920544 0.0431950421667977 0.0856342698726036
-0.00910008356115551 0.024029514160209 0.644929475803162 -0.305447908798306
0.0106394776248223 0.0263256116923697 0.183383531005378 -0.921470730716305
0.0412744789668914 0.000602124458056524 -0.687071526047456 -0.572976358742845
0.0339209650460372 -0.0403606570611546 -0.6450206441732 0.258813326611881
-0.0248057651222466 -0.0339860388216871 -0.105682695555609 0.449467199212936
-0.0334415841882348 -0.00669211051115946 0.157845213430819 0.138862945588553
-0.00720920154519902 0.0212800218787321 0.143372777292265 -0.170827416838648
0.00523625406473293 0.0155017199213535 -0.106040552182333 0.16053026498469
-0.00101408600881094 -0.0152189443464451 -0.06529651597653 -0.152316755719031
0.0176366326862414 -0.0044906110652576 0.304612539066515 -0.338318242450674
0.0285328990705504 0.0357285775222078 0.617379558365355 0.126654477313646
-0.0390298949342814 0.045296117080318 0.267902059558068 0.852833851730653
-0.0611720002438189 -0.006132517455953 -0.619675068075181 0.72962150129071
-0.0230212728007204 -0.012959278779029 -0.657522152230297 0.0972926540325136
-0.0257226607627085 -0.00776547545090488 0.0532842943544036 0.0871150127556055
-0.0261625309465859 0.0433379923679107 0.644273722257882 -0.314774853231027
0.0161770747756326 0.0420905786472772 0.162803786706289 -0.921804680859915
0.0463274094235064 0.00608492234123363 -0.69849984072764 -0.552825609513329
0.0296152861715135 -0.0383493842360833 -0.636420402627319 0.273424711179221
-0.0248676391772822 -0.0291201304793034 -0.0960383846693136 0.449230721138076
-0.0288305815509017 0.00288030840332207 0.162625135320574 0.131802211864293
-0.00691277621867952 0.0305916221354183 0.148265750689585 -0.172375335504502
0.00682197148468718 0.0227556829135527 -0.103101653967595 0.158687672807523
0.00107437916825742 -0.00348356984453115 -0.070089347140758 -0.153854306167245
0.0150266660812772 0.000671076502947681 0.294809618879817 -0.345168514976095
0.0263942199831861 0.0373516124546694 0.618591777166535 0.109703159452203
-0.0350119002246519 0.0559337144691105 0.290747753779128 0.844913649730429
-0.0653390578349367 0.0132895904273095 -0.603850333663911 0.742781522446153
-0.0535726799700568 -0.0028479483920341 -0.65277241520498 0.116657397618917
-0.0595416129245535 -8.65721558593819E-05 0.049056071186907 0.0911772451026174
-0.0443446092152159 0.0610017854415545 0.651598216760335 -0.301656880386818
0.0196393114976585 0.0574577358922818 0.18749588752495 -0.91897720169261
0.0519606637967559 0.012816918357536 -0.683149076725647 -0.574137564570828
0.0289600083385533 -0.0344688563733677 -0.642259006491278 0.259955192626196
-0.0218837242857065 -0.0241108222339145 -0.104176026882491 0.448028502434731
-0.0242091364622774 0.0136244981763106 0.160854462709165 0.130611654747642
-0.00678844081007374 0.0398092594190079 0.151444424900414 -0.174070217298539
-0.0172578689855517 0.00288630705333181 -0.130657389899354 0.151539893409488
-0.00855183633204942 -0.0171444704087773 -0.156477833059112 -0.0902994292035563
0.0202579148248805 -0.0127083619312475 0.122036716572101 -0.406998625198621
0.0474136704706036 0.0148551921085099 0.553715064902175 -0.189664616646321
-0.0140622752368739 0.0302524732075353 0.646374169084725 0.552937215463674
-0.0577309392629429 -0.0138078642327992 -0.141260588407195 0.888165764153071
0.00605969008304761 -0.0427464773622227 -0.614422240797878 0.347065863936554
0.0307782895056656 -0.0404550977793946 -0.110137546693579 0.109765015907129
0.00885975558898012 -0.00508042769565154 0.646638765969566 -0.0654662148616728
0.00272541066507643 0.00281789598674217 0.61359506552279 -0.744421829663893
0.0382700390621571 0.00968153966928461 -0.331718414102205 -0.866041157358078
0.0629626852366145 -0.0319191242629487 -0.729184447360185 -0.0626149763175273
0.000103954756964107 -0.0400314543485468 -0.286027289978308 0.391936787230548
-0.0295339975116668 -0.0141007267067848 0.0758930895911078 0.198283632056452
-0.0229598316385089 0.0102882136157079 0.123437215538673 -0.158427244302603
-0.0136628217075481 -0.00247834409447344 -0.12603001589481 0.157355830831804
-0.0118945519675966 -0.0251779804403913 -0.14010239802763 -0.0981076526194571
0.0206077606140167 -0.0169675848243824 0.156955797749036 -0.398128065444874
0.0452496671764151 0.0158209299324923 0.577823249820281 -0.138740388700991
-0.0201253859618736 0.0262757041032353 0.598661102982426 0.613531965413207
-0.0597838836928337 -0.0270125626933465 -0.22101688618688 0.880949894775469
0.0198591944195424 -0.0508546623489948 -0.634101387747394 0.304189587987449
0.0465789236961408 -0.0420227670349358 -0.0841217070774355 0.10298638484457
0.0185048308783535 -0.0100558221248888 0.65338495050784 -0.113554153410691
0.00350624675583223 -0.0046056131720909 0.536697288204384 -0.795231513596793
0.0372960716785371 0.0024220207590726 -0.409964733755363 -0.826146970631339
0.0608531152096573 -0.0362113353033473 -0.723070708572763 0.00130380776908361
-0.00407979369260587 -0.0437023401683364 -0.254420944043546 0.40874449439615
-0.0323220252783675 -0.0201427015394806 0.0909672118593623 0.189695247565527
-0.0198005196886592 0.00512190780183133 0.125408250136708 -0.164166293591251
-0.00694467091730877 -0.00442677733310406 -0.122838926731132 0.160871165894271
-0.0119961600707699 -0.0345346191593765 -0.116019795035401 -0.113604173358203
0.0221525994438446 -0.0183097511934873 0.199032460995744 -0.392979923784914
0.0448613408528939 0.0183735670259427 0.597306460825847 -0.076949886378768
-0.0271868590474716 0.0247588281831848 0.532066568881261 0.684347148136442
-0.0579171427590387 -0.0349311221749997 -0.322395243686672 0.857583375885065
0.0308614128685236 -0.0512600289643973 -0.648362283135147 0.248545439983748
0.0537176565866373 -0.0393913731629086 -0.0519278233633809 0.095566630981806
0.021091403036364 -0.0105822543987612 0.652374424707159 -0.16833779808678
0.00310282303642706 -0.00500587225003698 0.438035044411481 -0.844901092485186
0.0365729315631827 -0.00132154983922089 -0.503067278105905 -0.76225418341241
0.0545525245587014 -0.040863423308375 -0.712614047425279 0.0809353087981256
-0.0107482938017278 -0.0438004991895957 -0.214008828286393 0.42756537650144
-0.0346718917591991 -0.0224869672475483 0.108579130482371 0.179440597231104
-0.01663435072859 0.00407303851381706 0.128831814984443 -0.164862137765499
-0.00104597311948332 -0.00374808478925123 -0.117161210764038 0.161734227073128
-0.0102182985782561 -0.0359386006969096 -0.0977063710203667 -0.125745034514263
0.0225270431259838 -0.0180194592817747 0.236641276043649 -0.375613185487619
0.0416761306784901 0.0224272688868789 0.611146901662336 -0.00532484069069164
-0.0331277919153055 0.0247192714363769 0.450201310599515 0.750773115803319
-0.055358897745608 -0.0387899635086384 -0.427123061133442 0.821764579445222
0.0343745373332139 -0.0457162649977493 -0.658946913408967 0.194279662932782
0.0495055080593586 -0.0346122213026928 -0.01540962375843 0.0905677168591785
0.016613146392831 -0.00575412012310327 0.651706613152438 -0.224999213044864
0.00412034241651563 0.000816620750241533 0.332101596823633 -0.885545029931817
0.0367472772686818 -0.00270344615621997 -0.585382226169694 -0.689193807624439
0.0479278295180753 -0.042075940582262 -0.688970817210917 0.15594828951661
-0.0173180926417393 -0.0422712613252218 -0.169910430442658 0.439304275911548
-0.0362189661146243 -0.0195025225067594 0.128918120864446 0.164778555594071
-0.0129360926468444 0.00733553932883998 0.131954766317932 -0.166878374122159
0.00176816779711409 0.000856601116084259 -0.112474199755569 0.161635948273595
-0.00754626912195387 -0.033451413120025 -0.0807699075857222 -0.136729534304921
0.0225018852860628 -0.014917616945181 0.271366802626269 -0.358641896039456
0.0372022940176358 0.0271241693464066 0.616628452845422 0.0600706428223168
-0.0377158474549533 0.0286486830093374 0.362537967256866 0.80434493204271
-0.0530333439368719 -0.0344505546352038 -0.522954432862122 0.77670088320001
0.027856854474921 -0.0362397817277322 -0.660574482195801 0.14280330160709
0.0343515303188011 -0.0262543132357928 0.0197307972506998 0.0850028532160143
0.00675218767340677 0.00525205743849342 0.64390671724814 -0.276249395362938
0.00585948717453798 0.0120319319457006 0.234307368038486 -0.907398045287655
0.0384183459646691 -0.00317762407116667 -0.651553719177936 -0.612035522969503
0.0389866035037602 -0.0427971207770181 -0.65940043103051 0.225175612869811
-0.0224902346841279 -0.0380886479030368 -0.127088519173502 0.446682848058067
-0.0361231387735185 -0.014419976979799 0.147456283625023 0.149216392726128
-0.00923959307529008 0.0132434582706784 0.137474418345234 -0.168248490315073
0.00516610286412567 0.00692881325175371 -0.10765823716746 0.161058344551833
-0.00502676876604465 -0.0254693553915974 -0.0697000083392353 -0.145345382707142
0.0198884740815926 -0.00999654489265839 0.293010404720854 -0.345030148507437
0.0328105008668135 0.0307023764285942 0.615857319123428 0.103990534205878
-0.0389062290354868 0.0356845488282997 0.302127339582895 0.833115261384418
-0.0548485136650007 -0.0226442552685899 -0.587862057330699 0.745757168069201
0.00634077598305296 -0.024388343538542 -0.655236478840488 0.111578200808997
0.00658096395359313 -0.0167244274713148 0.0437181142978971 0.0842638482250165
-0.00822334133961452 0.0235235390825467 0.637085439344728 -0.308884174877406
0.0107094551843418 0.0258237887539773 0.174421316210749 -0.919587297434723
0.0411075135795811 -0.000644106419680365 -0.690812781818855 -0.561010587825881
0.0329190622222438 -0.0407372617901765 -0.637649612235164 0.267345564094656
-0.0255011244249811 -0.0327824816679989 -0.0988926249439365 0.44944177654835
-0.0334458955443158 -0.00548498062154793 0.159568276916031 0.137052885789059
-0.00664966274325832 0.0218759180106641 0.141167248937161 -0.170746765606233
0.00702644781514136 0.0151544436959452 -0.103514939248871 0.160434042630806
-0.00200681916201015 -0.0147960870273127 -0.0664778795451674 -0.1510834981863
0.0171291241815626 -0.00511729136042732 0.298942868270279 -0.340706287212022
0.0287459319725196 0.0345147795621199 0.615165927695203 0.119707890819559
-0.038451503732003 0.0465890352061848 0.27876866484407 0.842691350359115
-0.0607409543027722 -0.00573099251084013 -0.609089052004248 0.73212786262488
-0.0226871497677324 -0.0133344250814296 -0.651905953509125 0.105436345290779
-0.0257046165149708 -0.00670533235736797 0.0539765424172608 0.0854338773325831
-0.0254303465199376 0.0435378336769752 0.63684302327038 -0.319587982114106
0.0159932864806239 0.0410185914648077 0.152496281964576 -0.918053995314035
0.0460874127248949 0.00573905869595804 -0.700676046790719 -0.542504569292507
0.0292876490168065 -0.0388724854188008 -0.628478068143209 0.279675652640326
-0.0254723898095824 -0.0283921466467055 -0.0886985480416237 0.448839360629101
-0.0285079959460417 0.00397242579302542 0.163847192423052 0.129959049518663
-0.00627401443803932 0.0309386715366959 0.145888181656556 -0.172350881417918
0.00793863240626604 0.0224185184628483 -0.100705738303389 0.158775320177299
0.00106133887221878 -0.00354749491226954 -0.0720575709104856 -0.151924591501778
0.0147714115105767 0.000407886724256549 0.289019241912791 -0.348221249812341
0.0265280369120992 0.0362679089705779 0.61812753850876 0.101418667035905
-0.033786457461727 0.0568868038043841 0.299355973516549 0.832618968542914
-0.0652631202240641 0.0135478346608519 -0.590909257310703 0.745440674359701
-0.0531134132731825 -0.00213952195174916 -0.647487797793886 0.123168991673781
-0.0595466220981624 0.000830660331726516 0.0493847030725936 0.0894556980983148
-0.0433534805426824 0.0610137770800797 0.64207516869883 -0.306624804043541
0.0202744886619966 0.0562889969439374 0.177637923187648 -0.913173802099149
0.0517730126594506 0.0121235037093498 -0.686348211774364 -0.561979244989338
0.0278863400230249 -0.0345007250458919 -0.63518081309922 0.266281574735139
-0.0213212670845023 -0.023776345124735 -0.0979558118021879 0.44611928374002
-0.0236990587152213 0.0147913499973837 0.162315858923735 0.129139912569378
-0.00583581977795882 0.0402279452003267 0.149115307518159 -0.174385461652524
-0.0151082213890774 0.00281684598205617 -0.128998526233085 0.151975187878616
-0.00870508056149438 -0.017180354303219 -0.155460085326785 -0.0883028707803856
0.0199085199925256 -0.0133563023041751 0.117198893315919 -0.406463885164473
0.0464844295101227 0.0135861747328623 0.549636274124806 -0.194188324085788
-0.012808821020445 0.0303142671517774 0.648893093151018 0.540257569082899
-0.0572663554383326 -0.0128528523732736 -0.132432229505338 0.884348089354348
0.00566420804946219 -0.0417967441237308 -0.605096503061893 0.348960367693765
0.0292909071466279 -0.0402210034859639 -0.107815299153812 0.109713268110843
0.00976696185979377 -0.00490030863079196 0.642400615481507 -0.071394623958301
0.0024724722108479 0.00342377835356817 0.601659684219565 -0.747255196851542
0.0382914214398178 0.00971050273403179 -0.336967746819854 -0.857698137120152
0.0617935907554612 -0.0324669931721499 -0.723789951607297 -0.0539662258036105
0.000100408568528671 -0.0400251250352563 -0.28065049928559 0.392367483509531
-0.0287519158368768 -0.0133924824997333 0.0783466953455468 0.197784198334992
-0.0216070736121427 0.0104621753203788 0.120797770797731 -0.157201459164238
-0.0119906366268178 -0.00177625497882338 -0.123809396286329 0.156808905406704
-0.0116180267022745 -0.0248429349785188 -0.140089405747339 -0.0957759942888845
0.0199564395363759 -0.0168575924651113 0.152072292908807 -0.398070267737722
0.0447233901062132 0.015600927578883 0.574479373589816 -0.143191848695903
-0.0203061986391681 0.0264333980522296 0.600085052439728 0.60064264673703
-0.0586778954213665 -0.0253992204308 -0.212595809089545 0.873427219280393
0.0208620342379376 -0.0505440588121087 -0.626220774014609 0.306983661938359
0.0457957487629855 -0.0416900102567738 -0.0826706422588381 0.103088658473474
0.0185219302821672 -0.0100921307728755 0.646395467884055 -0.118087437201743
0.00310034732777078 -0.00435233450361681 0.526571584395474 -0.795260358001144
0.0377079243877601 0.00197307433850803 -0.416335543328354 -0.817439849995262
0.0593036185913242 -0.0373997582770882 -0.719835572441735 0.0106503431931463
-0.00477458379091342 -0.0421060962190877 -0.247721947083702 0.409681699369687
-0.0319499115622847 -0.0192676545332464 0.0922806856810422 0.188633977670722
-0.0196070486049346 0.00524883047085746 0.122265528890614 -0.163946587496354
-0.0057643559225116 -0.00502188872901751 -0.120009849513244 0.160579341509513
-0.0125096640122251 -0.034394084418935 -0.116551354838953 -0.111762991463093
0.0217172665262815 -0.0191249548689263 0.192064481876929 -0.394566282246677
0.0453109480405167 0.0180535070279454 0.593772821737659 -0.0812255016287176
-0.0263633284182494 0.0248874322594645 0.535222313833762 0.672524329508638
-0.0576678031466569 -0.0337133270579774 -0.311994430966001 0.852484353005701
0.031471847089812 -0.0513310724051626 -0.640562562713145 0.253443306900277
0.0525410877161565 -0.0392782538063989 -0.0498912933363872 0.0951052606524877
0.0211989040034178 -0.0101063444718986 0.646809251933516 -0.173060436466004
0.00296292597015926 -0.00455439968885935 0.425941224436876 -0.84257750435212
0.0362781265035134 -0.00160217008425964 -0.505956650454561 -0.752349751305999
0.0537103748489952 -0.0412719857356903 -0.706641156666553 0.0883114124536284
-0.0105775939980174 -0.0440778156048908 -0.208501967725733 0.42666448976307
-0.0348153702447148 -0.0208826949371075 0.110895175183962 0.177514669288067
-0.0164091437637981 0.00510291081597483 0.126316676827022 -0.164303896849119
-0.000513017206169844 -0.00429165375089888 -0.114049888935374 0.161981016018841
-0.0106121820828674 -0.0358577306372661 -0.0980927012721118 -0.124440940562189
0.0220955291540581 -0.0182075779561729 0.232081317763076 -0.377759762173966
0.041685429778049 0.0215181487609412 0.608957103645796 -0.0126154572601943
-0.0325584481966283 0.024837785513444 0.454430099532401 0.740293231118941
-0.054779980370149 -0.0374319503090945 -0.417941058181286 0.819992127402975
0.0342551464824681 -0.0458130503016979 -0.651213637442429 0.199517750196205
0.0494646225147523 -0.0353068056716745 -0.0151465530394948 0.0896088584966327
0.0168200222301329 -0.00563437435314063 0.642988165314319 -0.228168007704758
0.00301949512864855 0.000485104480366677 0.323516293699849 -0.880911963296614
0.0360257260904322 -0.00390218963536619 -0.589096225800105 -0.677662189933747
0.0463106238005844 -0.0428454789275914 -0.684348653462405 0.162760991060636
-0.0175902633955111 -0.0418405352028575 -0.164713200061662 0.439241032432624
-0.0355711561646681 -0.0186087292911105 0.130052890402107 0.163333077185897
-0.0121069064760446 0.00736209785402692 0.129813227962242 -0.167398019952657
0.00281772040537375 0.000189096997625211 -0.109946075296528 0.161674508199474
-0.007935148857478 -0.032615284433498 -0.0808719804409888 -0.135163562882243
0.021733926534418 -0.0147208364808253 0.266629185555888 -0.360486365507739
0.0372591790368605 0.0261933021067618 0.612872091463112 0.053109989640055
-0.0372249459177493 0.0295862682855539 0.369641633933637 0.793689124294231
-0.0528813656208527 -0.0339031102848181 -0.512701197987653 0.776181814858957
0.0270158251748171 -0.0353558139095121 -0.653406095778459 0.14782169108508
0.0338535818244718 -0.0265661880056815 0.0202620134438642 0.0839414611121205
0.00648584046256169 0.00664981695162183 0.636038864074132 -0.28136172381458
0.00632588063701625 0.0113447292987195 0.225689449938326 -0.904027461250235
0.0378291681266688 -0.00333097986739447 -0.653947061429659 -0.601565536418119
0.0379819027783462 -0.0438638276633086 -0.654427445885336 0.23113139079452
-0.0228804703562529 -0.0377303336798222 -0.121872711979331 0.445891472815704
-0.0354184485410473 -0.0121792764342252 0.147855338440379 0.147909133234415
-0.00880802516417401 0.0139779131053618 0.135672070077132 -0.168015510799322
0.00557723424558953 0.00629206692432563 -0.105051527951795 0.161560152048426
-0.00565676443770534 -0.0249949641169004 -0.07052747273884 -0.144076646516765
0.020468359378767 -0.0102565712642023 0.287818665041273 -0.346737437698365
0.0330214093348364 0.0305915041168143 0.615833559443998 0.0973633601342141
-0.0390011244785222 0.036663545968108 0.308339172882987 0.823742924634982
-0.0547129485808459 -0.0215350661168423 -0.577116966804625 0.743737617003587
0.00681526731291003 -0.0243336926453499 -0.650215532630809 0.115557716820621
0.00680357513552287 -0.016715539178247 0.044802025457361 0.0827678030688013
-0.00840994434346818 0.0231013968954023 0.630433825300313 -0.311823581749374
0.010845007236559 0.0250506845077027 0.163998649135724 -0.91264291434271
0.0410339277784049 -0.000384437842522631 -0.690257531327941 -0.549898951887586
0.0312315783400057 -0.0416223071710115 -0.631034956544568 0.273098516676594
-0.0252691246768084 -0.0320237137616252 -0.0931048334592377 0.447385869234654
-0.0326884635433947 -0.0038188295705249 0.159773732546778 0.134891308841909
-0.00604540438770135 0.0220825920478867 0.139237116821473 -0.171100848006104
0.00755983372053864 0.0136667260533733 -0.102233056550502 0.159498331544965
-0.00151801249889232 -0.014737608308411 -0.0675792217623794 -0.148399945323507
0.0171284884430783 -0.00500645993147252 0.29232181617702 -0.343996250755553
0.0292145098813145 0.0333529596269424 0.615225870806796 0.110667364098441
-0.0377691109773892 0.046870430068921 0.285974861415311 0.833546909525759
-0.0594737111049908 -0.00503520140435172 -0.598668470901023 0.730433896694629
-0.0225880274165622 -0.012289568896981 -0.64553149562743 0.109296894763962
-0.025750080420029 -0.00716133483128666 0.0544078428395155 0.084341330668029
-0.0245671510725372 0.0424141680008804 0.629083922114546 -0.322618385253321
0.0163551988277897 0.0407175654939818 0.142249204051915 -0.91304881959321
0.0456099322577398 0.00486438370850355 -0.70282559621433 -0.531004305857544
0.0278479913269523 -0.0378839155522959 -0.621458298666954 0.285859238894209
-0.0249822925505965 -0.0281227564792576 -0.0823654857508524 0.447600618003393
-0.0278843918251729 0.00511586948601086 0.164789952853761 0.127332421967719
-0.00455524858356034 0.0313967336208907 0.143635882721666 -0.173370392740575
0.00807872123422844 0.0202402941208263 -0.0978663983401557 0.158558517451395
0.000153929218448986 -0.00375771975088396 -0.072391400632971 -0.150879750307759
0.0142551722757638 9.01571111857832E-06 0.282164724354494 -0.349394819228312
0.0268224459842388 0.0358245851774103 0.615541128063918 0.093341032418527
-0.0333783874016665 0.0575621526394487 0.305133059322552 0.822803035884581
-0.0645301209904817 0.0145529246554135 -0.57909391859011 0.745467325078321
-0.0524475322833937 -0.0013413073669158 -0.642096674254571 0.125566533378293
-0.0587658956501046 0.00173153303036123 0.050065227654156 0.0884305402493589
-0.0422372062415812 0.0607960619296922 0.634920106351717 -0.309901496080522
0.0203007288372898 0.0560221265619253 0.165847629592229 -0.909521890241753
0.05100439655774 0.0119604499184171 -0.686553795064198 -0.552672709638477
0.0270343627992457 -0.0351868283527463 -0.628478194202526 0.271339348705379
-0.0219210894429894 -0.0237398681062122 -0.0920447034720344 0.445888689769021
-0.022973587444988 0.0152038936955561 0.163159939730276 0.126374380115546
-0.0048205290624117 0.0395708966407281 0.146933783602298 -0.17400270743478
-0.0144624684559389 0.00245395708857456 -0.126998855571779 0.151727856061371
-0.00918951896865636 -0.0169717807467689 -0.154872424733342 -0.0854450150780727
0.0196440905045629 -0.0132344158306926 0.112338770880699 -0.405050567493155
0.0460961675127767 0.0120605651520974 0.545760670874366 -0.198996007295483
-0.0133814170011058 0.0304107476805955 0.648305436874925 0.529799641134626
-0.057205781673598 -0.0117548714418139 -0.12424684280352 0.879136308482449
0.0066733351100333 -0.0418222356440005 -0.598749949910071 0.35161192449179
0.0289571646480571 -0.0395888584107035 -0.106227250434501 0.109731669857595
0.00898729798318729 -0.00557120618356797 0.635877560063062 -0.075149719375245
0.00328343524595572 0.001754536318466 0.592808564273197 -0.74502120633427
0.037770282663103 0.00938943828788891 -0.341305547933473 -0.849100655884865
0.060587736994413 -0.0329446963415473 -0.72104713738996 -0.0473031134945428
-0.000149198448684924 -0.0393901948710301 -0.274834117411011 0.39281800439692
-0.0290866905899518 -0.0121441936811746 0.0793657590578031 0.196418323788652
-0.0214600207592413 0.0105662568678776 0.119391258443722 -0.157055176643052
-0.0117386459012371 -0.00208406857668715 -0.122161753534038 0.156825433247876
-0.0115717954523434 -0.0253793307520147 -0.139067307712146 -0.093690959155943
0.0200697282289651 -0.0169059462225387 0.147419100613848 -0.39639092975144
0.0449463330330511 0.0143277690064141 0.569343120146499 -0.148244823639334
-0.0200886145699516 0.0274022567799299 0.601891081968379 0.589053824010716
-0.0585606919387118 -0.0248938741039055 -0.203527213107369 0.868939483127669
0.0198906792418376 -0.0508012211196752 -0.617477230407495 0.310356441421518
0.0450664537607429 -0.0412758178089677 -0.0816137878678646 0.102666648454453
0.0185855460398942 -0.00974530342811059 0.640610308946346 -0.122530495762793
0.00305535596321727 -0.00483660158183231 0.516024463753356 -0.79501036197376
0.0367640343887421 0.00140056453374139 -0.421437364740747 -0.804897607188005
0.0583840992341892 -0.0379250204081286 -0.715501062363346 0.0178657213155345
-0.00455327665628906 -0.042954535382665 -0.243546543059641 0.409960586813378
-0.0315317101456196 -0.0179022323443301 0.093681069172744 0.186979272608373
-0.0189179895788976 0.00592669189275216 0.120963265920457 -0.163328432879335
-0.0043377813190121 -0.00560024394196403 -0.118381190470338 0.160741632410452
-0.0129841881180711 -0.0336613192613912 -0.116506131906 -0.109601977167404
0.020698965250256 -0.0189941685978933 0.187532729847801 -0.394171231035967
0.0450871838881014 0.0171246906641861 0.590662392163238 -0.088333774003708
-0.027544879711078 0.0255391515243578 0.538681244583383 0.661812107398731
-0.0569692307422968 -0.0335090798827615 -0.302659918924418 0.850028607194755
0.0306113088416256 -0.0514132668575539 -0.634087221199705 0.256261364126537
0.0524296240411612 -0.0398745413807599 -0.0493025871567422 0.0953637352777813
0.0212618683942191 -0.0109815129464052 0.63974739359776 -0.176174135214899
0.00265475010752838 -0.00465274512490146 0.418545676227192 -0.840239296666768
0.0365732046870043 -0.00227857938488939 -0.509829685717717 -0.742078833778253
0.0529245425083234 -0.0417859911064652 -0.700758318208103 0.0949691103492612
-0.0105360777360626 -0.0434639674289498 -0.201132093205576 0.426769468908214
-0.0346376813545622 -0.0199643393249484 0.112651564616734 0.175476949887184
-0.0159127042813298 0.0055516260155197 0.124093011626821 -0.163563242573234
7.83653583356428E-05 -0.00360207557655459 -0.112547006019718 0.161810532882452
-0.0114306278699084 -0.0349861942971013 -0.0984368826424079 -0.122937623789799
0.0220263686884283 -0.01836745167508 0.226993065581888 -0.378169586043098
0.0421045578332144 0.0215052649557891 0.60578409325322 -0.0188170641469552
-0.0320225343267724 0.025778210067733 0.457269438479652 0.728746198170024
-0.0547739377510837 -0.0367885540778244 -0.408792979784107 0.816824858595211
0.0346877888313411 -0.046362553844499 -0.645048820569899 0.202692180388579
0.0481963170268231 -0.0349020554274097 -0.0138294384576105 0.0884987150822813
0.0164175912307898 -0.00529059338484272 0.637281307202542 -0.231491821932922
0.0032120064938003 0.000503527179985648 0.312778998409134 -0.878391516776845
0.0365727422821026 -0.00393473553471589 -0.592028397978987 -0.668952840935514
0.045441340756404 -0.0433197543755485 -0.677752322138545 0.168475060605556
-0.0181374300907724 -0.0413619457182343 -0.158606839760433 0.438806112421066
-0.0350272287557128 -0.0173278370855493 0.13028039959712 0.161002671227919
-0.0111445986371892 0.00814285570941558 0.127880775548194 -0.166822360210019
0.00327954957744215 -1.31261090775461E-05 -0.108228615284931 0.160920224236499
-0.00831539263574038 -0.032405710642667 -0.0814151343389077 -0.134326439445087
0.0213977033925081 -0.0150034015535368 0.26128134399489 -0.361358971282015
0.037034460537497 0.0248768022186362 0.61154122461398 0.0463268277465462
-0.0371086975467818 0.0301596533144523 0.372674574614606 0.7829077130524
-0.052573997687903 -0.0329991411904082 -0.504273261668017 0.774305542049395
0.0272045188998049 -0.0359638086955223 -0.647570483561884 0.150054154359693
0.0336448547492 -0.0260961492292508 0.0210667027681541 0.0838784523916127
0.00716632474377751 0.00610896844017606 0.629009730805635 -0.282092268414555
0.0061633605842924 0.0113541188476912 0.21777180203986 -0.900759392902393
0.0374260597085907 -0.00358589758915115 -0.655782026499525 -0.592441109507384
0.0371680493486283 -0.0434532775437572 -0.648802236635949 0.235987389573562
-0.0234391599558788 -0.037423417354221 -0.116104628984794 0.44490246479088
-0.0345281258260516 -0.0119167025983882 0.148414183664756 0.145467108536479
-0.00846088068096814 0.014375702004121 0.133423394034541 -0.167578190737581
0.00596621097163193 0.00496308993539063 -0.102305607915581 0.160502776503849
-0.00590408610730691 -0.0248737862293819 -0.0712830333672822 -0.142667578350312
0.0203904333072139 -0.00987562192063161 0.283348296590709 -0.347732793263828
0.0334854887493412 0.0290104221962971 0.61254912848064 0.0906079453052637
-0.0390530825439364 0.037757663437361 0.313839733392405 0.812298281248933
-0.0536515245136725 -0.0212658165688535 -0.570375759939659 0.743592964627918
0.00675239165176323 -0.0235595215748213 -0.644045277672312 0.120416171905475
0.00688704361497548 -0.0158942854039665 0.0449841076121046 0.0816828337650204
-0.00787038044259384 0.0232858852775861 0.622909859605058 -0.315779468507661
0.0116701248137339 0.0249446272489674 0.153314209385914 -0.908210752947942
0.0410269515267168 -0.000455220835176904 -0.689952489203691 -0.539026240071621
0.0301361860274116 -0.0420913730131766 -0.624097748258512 0.27865520894594
-0.0254439326386063 -0.0323453734663323 -0.0873070132368493 0.445512625129305
-0.0324095199688127 -0.00374769435464316 0.160646235920255 0.1324430686802
-0.00553644783913372 0.0228814730763215 0.136872810443033 -0.170608889935337
0.00791576533821766 0.012040575633108 -0.0993750746753684 0.159296301412961
-0.00233055273086453 -0.0138351829725195 -0.0681977279171618 -0.148506439193318
0.0172344426109558 -0.00481620976579251 0.286793072147789 -0.344715473076209
0.0299057717307529 0.0323608782053462 0.612338409825386 0.105146896281405
-0.0374797684919858 0.0481366917592825 0.291120336607519 0.822185367717142
-0.0591657036913932 -0.00419696306607933 -0.590771760369978 0.731010445015052
-0.0221213914740954 -0.0128620901725874 -0.639456786201209 0.113945260395621
-0.0257430823862323 -0.00644344739593228 0.0556943320379102 0.0829905381742962
-0.0229257575323903 0.043073496498737 0.620832161974143 -0.325703375980726
0.0164545313755114 0.0399882237726086 0.134105731280916 -0.908191506478045
0.0456166195732891 0.00459020506266475 -0.701360678055914 -0.520883270362674
0.0273723120332623 -0.0396917036594925 -0.614602362899199 0.291736069814488
-0.0248193824037118 -0.0278808543439212 -0.0779276765808738 0.445624654057083
-0.0276623212377761 0.0065347924905206 0.165081455619496 0.125531356917958
-0.00476875888831035 0.031730351233193 0.142048574026191 -0.172570739603872
0.00907744239676912 0.0198991766048222 -0.0961171713903693 0.15825386118565
0.000216454828627973 -0.00359058582954644 -0.0728686374125105 -0.149354114421982
0.0145770939128654 0.000420881382277903 0.278432032141768 -0.35061162706858
0.0272226642176979 0.0342815459802341 0.613402853148581 0.0869722763070856
-0.0332130903829599 0.0579839971434542 0.310413118426803 0.812651906029669
-0.0629318844727002 0.0148100805184982 -0.571408431072296 0.746495122683606
-0.0511672029954494 -0.00145343398134802 -0.636989786304648 0.131038579377263
-0.0582695357516827 0.00174416904456097 0.0507810984472487 0.0875587727089655
-0.0410537968816093 0.060445576551291 0.626011552839988 -0.311749912767654
0.0207932719042926 0.0557648928734638 0.157774630389339 -0.90486982388865
0.0511604531476152 0.011166485561358 -0.687221397447108 -0.540282854141014
0.0263351978505132 -0.0349704962596994 -0.622027319545462 0.275747541246322
-0.0218771206721276 -0.0236246836530055 -0.0868888600675975 0.443106911659287
-0.0226778935424276 0.015700779922198 0.163105041684001 0.124769758739883
-0.00419204762107563 0.0394940629387347 0.144638136778643 -0.174179576341977
-0.0140233329522402 0.00189479294934661 -0.12506646321508 0.151508377646415
-0.00936839764428956 -0.0168179861961703 -0.154620288970707 -0.0838251697962187
0.019690074269113 -0.0129848680451031 0.109266337475372 -0.404466130451708
0.0463385388559211 0.0121258338238532 0.541550514679664 -0.202741172872395
-0.0132292601440527 0.0317701267502312 0.648507778874851 0.520034685626077
-0.0564792311816301 -0.0107817751014551 -0.117805494481544 0.871753862201291
0.00605027967970035 -0.0414607290388154 -0.593226135447107 0.352735371024096
0.0280774052928278 -0.0396913010959386 -0.10501298420949 0.109667103426418
0.00881537951989416 -0.00490542544550519 0.629827413861043 -0.0789723516273303
0.00291507939661593 0.00192613137549819 0.582886688061664 -0.741671387879116
0.0378672750872463 0.00883140365300929 -0.3448476238822 -0.841424379132117
0.0589640352726592 -0.0331400509119928 -0.716633413345922 -0.040984071645569
-0.000482540953353459 -0.0395570361774404 -0.269511861115116 0.392397272170929
-0.0291263847325486 -0.0117576270401289 0.0810617575203662 0.195324166813253
-0.0203112456929191 0.0108368906419646 0.118298029782861 -0.156326214965643
-0.0103817850646411 -0.0021572063389321 -0.12080974681471 0.156169065473736
-0.0123668324420537 -0.0243061819451682 -0.138658415464419 -0.0926896024719546
0.0201455450508318 -0.0172719348738263 0.142909230842438 -0.396908884753689
0.0451172674171593 0.0133407009708615 0.565457784461199 -0.152819784801171
-0.0193869083776681 0.0278934203456548 0.600591246078951 0.57944477528165
-0.0578729166367012 -0.0239425765098228 -0.195641586269815 0.863246562139995
0.0206425501737579 -0.0502921832299141 -0.612433769838605 0.311104082615904
0.044313983826108 -0.0415645689387994 -0.0799774445865828 0.102413916082849
0.0186734491815044 -0.010203694020172 0.635349518007515 -0.125007283744695
0.00262186505356338 -0.00466909380120024 0.506561219436075 -0.792129511471341
0.0363670873647423 0.00184754369539206 -0.422896169226915 -0.797698302330675
0.056826899204322 -0.037448117118423 -0.710836111767317 0.0245807978705887
-0.00530900580362988 -0.0419203264537492 -0.23742358822069 0.409786053397197
-0.0314801034849156 -0.0171488777954657 0.0948840926169076 0.185424399573905
-0.0183364717123363 0.00683998242640758 0.119499084244527 -0.16232829186959
-0.00390284771024653 -0.00535245462884332 -0.116613546997293 0.159934269056022
-0.0133641683409571 -0.0334443975990401 -0.115930191875161 -0.108020197233682
0.0214745138162216 -0.0192206585497474 0.182579560578016 -0.393082922345443
0.0455656045804897 0.0164915432115179 0.587561958296783 -0.0915844007602609
-0.0267017642620112 0.0264287246228492 0.538742474726934 0.650825385220485
-0.0572313739178806 -0.0327760314837411 -0.29681118331919 0.8450869752106
0.031122421401471 -0.0509465940150363 -0.627304225234126 0.257183705988664
0.0512640006918493 -0.0397509675962756 -0.0478104978037845 0.0944695829515659
0.0214305832023943 -0.0101592143838768 0.633831155351556 -0.178571978959235
0.00283294414228003 -0.00553773499076771 0.408030342059826 -0.836563120729109
0.0360966873224813 -0.00225011078889021 -0.51162610500649 -0.73336839490358
0.0513044768500059 -0.0421275372079757 -0.69735185337017 0.101191495317819
-0.0118043547009665 -0.0430232441580896 -0.196490148289645 0.427035347882366
-0.0338023513321485 -0.0192243671788193 0.112650800843109 0.175099730957267
-0.0150797452943808 0.00600342376189828 0.123027038527923 -0.163204674687512
-0.00013620796331237 -0.00452448740776293 -0.110234004747946 0.161352173755469
-0.0123163072782107 -0.0354037255259073 -0.0976075775185613 -0.121077628314134
0.0215958516373633 -0.0178381648805734 0.222707763060534 -0.377593858761056
0.0420123532589844 0.0190437226801094 0.601836620622691 -0.0229915820637944
-0.0320701804437044 0.026717460301728 0.459901131179922 0.720688812150141
-0.0543718547048176 -0.0359178174473527 -0.401451331093964 0.81393587785172
0.0347881447121919 -0.0459318434281729 -0.640470522827212 0.203913386181778
0.0481677700342939 -0.0350831105532486 -0.0131048870845697 0.0881019184298333
0.0169236365057201 -0.0060746287692297 0.629132084871729 -0.234388734238805
0.0026158899632848 6.27007289832893E-05 0.305611928094733 -0.873730685481929
0.0352181989334673 -0.00512929469762673 -0.592149697889241 -0.657911909209362
0.0440380865726652 -0.0441131457200787 -0.672071070177092 0.173543255091669
-0.0185898602463997 -0.0409189604347313 -0.15418900437858 0.437375091256084
-0.0348327965202309 -0.0165552978243657 0.131506915168271 0.159515150998092
-0.0108869518439146 0.00897628838879835 0.126662763958688 -0.166211561239464
0.00347929493188688 -0.000490346536015073 -0.105912917755586 0.160492812828857
-0.00913529158293087 -0.0319328822328104 -0.0820071239769297 -0.132833222965359
0.021497400986212 -0.0146924191198421 0.257663216761801 -0.362053661035047
0.0371396208316208 0.0239571478688679 0.609652056126742 0.0428469192152163
-0.0371021671069991 0.0304654436977786 0.375415739174039 0.77477743720891
-0.0518414485458985 -0.0320506703127777 -0.49529593820981 0.771758584921932
0.0270933343581847 -0.0355847508542654 -0.643948466784595 0.152708628533565
0.0331489201484661 -0.0261853952808835 0.02099399824217 0.0833413379712537
0.00722665235362041 0.00645897736474346 0.622565595218485 -0.283942454130559
0.00604456146925396 0.011230101742511 0.209270927420083 -0.892745108633377
0.0367851604001307 -0.00415841538950865 -0.653791433822605 -0.581967945809338
0.0360508632682786 -0.0438883063161741 -0.642166019721448 0.240712805724356
-0.0236937474312294 -0.0373411678933858 -0.112672399360721 0.444830616764817
-0.034988962671824 -0.010914010282336 0.148728483230082 0.144559870286131
-0.00780486076959174 0.0154503494963478 0.132385607901053 -0.167295655834245
0.00695438057273167 0.00479563612960581 -0.100763136549936 0.159784122467812
-0.0053491482088754 -0.0245686975560593 -0.0719580188523926 -0.141364963334133
0.0192414403784862 -0.00980128264275198 0.277424034628605 -0.348790911219837
0.0336601232408933 0.0288638341722472 0.609788329954523 0.0841592841248613
-0.0385858931988014 0.0386511554464466 0.317671089542477 0.804577287685182
-0.0530844399434702 -0.0210047553817642 -0.560960425061152 0.741714064411511
0.00736105129951203 -0.0240164645732679 -0.640052403033117 0.122184808354949
0.00656981910175727 -0.0165113591165379 0.0453444210432848 0.0811613944436304
-0.00672116058926808 0.0233932875819237 0.616416335687918 -0.315542386606552
0.0110887928089587 0.024446215193998 0.146746162069887 -0.903448318512481
0.0399000636569699 -0.000181213093308853 -0.68732075478147 -0.531311608334992
0.0300645878999963 -0.0418762151566291 -0.618479300357468 0.281006920277652
-0.0261739520118998 -0.0323183427197127 -0.0844043747663246 0.443980315775046
-0.0320105567581504 -0.00287303229890892 0.160482279055354 0.131194825839087
-0.00408915778082638 0.0229375318476992 0.135627126708784 -0.170221280375976
0.00858104671989219 0.0120442493623316 -0.0976746796284547 0.158836544056745
-0.0026710476413692 -0.0134051514984079 -0.0676549242494712 -0.14718652712015
0.0170133868326718 -0.00517834320702961 0.282484012157735 -0.345629087103458
0.0290039654731313 0.0311220232373113 0.610047759558288 0.0986937466082033
-0.0378736081945148 0.0485636933899607 0.293700267484544 0.815143868783453
-0.0582927570415652 -0.00331088002271483 -0.58150852380997 0.727805002191695
-0.0208667407063914 -0.0122058125802453 -0.635563780643653 0.115532924561288
-0.0254260925999893 -0.00568249036999373 0.0553818234460224 0.0822827667911385
-0.0227074905073276 0.0427272172336738 0.614677530056768 -0.327216080906581
0.0167016217126759 0.0396396035123782 0.128259048213383 -0.902268075157909
0.045938806618236 0.00404263880004178 -0.699671447740064 -0.512442465982671
0.0262054046394666 -0.0392910211055679 -0.608626197135595 0.294844384440041
-0.0250452695470257 -0.0271392183773618 -0.073363411380475 0.443170127188533
-0.0274314704837507 0.00656076576249685 0.164709658385722 0.123992535126603
-0.00406098358416071 0.0316492419834383 0.140634684247472 -0.172355976214519
0.0096312154922699 0.0188491107532511 -0.0943752186565886 0.156959648572049
-0.000173541418823439 -0.00305054099619269 -0.072765610096444 -0.148320954801047
0.0147028970752415 0.000109181389922492 0.273851105463257 -0.351703963959745
0.0273811294203266 0.0341234565161769 0.611501460414067 0.0828637665493609
-0.0323207496275456 0.0585481666900732 0.314454214760048 0.804140780133107
-0.0628463707507307 0.0150825207508686 -0.562736322074743 0.74073901745783
-0.0509009108752205 -0.001056291583644 -0.63052668038845 0.131660856849297
-0.0572901461109597 0.00302126352910835 0.0510042031313795 0.0861755890847831
-0.0400217726204134 0.0605513851546827 0.6200297925696 -0.312969015357094
0.02097206787601 0.0542644080702128 0.151246054603769 -0.899458897147078
0.0505426458186543 0.0109810924659756 -0.68724795982924 -0.531329942163366
0.0258552136705949 -0.0357408069193638 -0.616457598717198 0.280274370906755
-0.0225617400331449 -0.0226204233233557 -0.0816818350807253 0.441426687875602
-0.021869785011652 0.0165218541997229 0.163299832133594 0.123403784744902
-0.00370707396327279 0.0398466777235042 0.143163144466457 -0.173997076083093
-0.0134307722466009 0.00154547252363623 -0.124355526553489 0.151172237521119
-0.00853318614060813 -0.0167048377617535 -0.153332555630755 -0.0821487631701292
0.0197226698073587 -0.0134319049119762 0.105726875433924 -0.403151175779747
0.0462705139992176 0.0113396208589807 0.537505112837247 -0.204889771509812
-0.0133173660719089 0.0317861458213999 0.646607854727897 0.510148000489644
-0.0566360963137463 -0.0104257136111053 -0.111320042829647 0.867158892427482
0.00718380765785664 -0.0413022213532298 -0.587425666539313 0.35313648921421
0.0278244625306869 -0.0387716425634999 -0.10294810922913 0.109975149353989
0.00903499070835919 -0.00543591786859773 0.624513846498837 -0.0793103924569936
0.00246739621865466 0.00132731625280156 0.573770030059368 -0.739313295819517
0.0376478132612382 0.00886189148580594 -0.345141849707148 -0.834626722729995
0.0590137103214516 -0.0336095270886427 -0.713774333890016 -0.0362272811918962
-0.00125854662948758 -0.0395155778284928 -0.265878848955003 0.393700595786144
-0.0281476147060026 -0.0111803384630122 0.0813564528697105 0.193580986109383
-0.020074957390714 0.0113955945090064 0.116643098875271 -0.155355133811118
-0.00975621035925512 -0.0029677167046347 -0.119732135859187 0.156214519043219
-0.0124567346824572 -0.023452455389933 -0.137500630085129 -0.0909488048511903
0.0201258851422823 -0.0168670109220293 0.139685474415475 -0.39525155586654
0.044737159138102 0.0130092566638101 0.5622706237387 -0.156192120761907
-0.0191690631355081 0.0283878806562567 0.602917839494302 0.571733819078882
-0.057451668113828 -0.0237458254666685 -0.192708090153521 0.859408420473292
0.0204424338941803 -0.0500555236233043 -0.606805227838865 0.312624157502904
0.0434518966305244 -0.041237533397482 -0.0780111134931852 0.102171404428349
0.0188834208759675 -0.0104026969198217 0.628291799763076 -0.124884224841316
0.00260670553265467 -0.00482030273405363 0.499376127157801 -0.790406875030324
0.0363925598363125 0.0015705837413241 -0.423746094115763 -0.790993838193576
0.0559936647923023 -0.0382631008521351 -0.705133909690214 0.0291295938468035
-0.00500549561995867 -0.0426099181596655 -0.234524256151953 0.40890791229977
-0.0306872164817517 -0.0166204338622865 0.0962874427568073 0.185081944501536
-0.017805851762287 0.00713350133827841 0.118116165757847 -0.161330115162161
-0.00319910003470211 -0.00616854816715864 -0.114724281521886 0.159107135696207
-0.0133476173136337 -0.0334432711452525 -0.115768725212776 -0.107872127406012
0.0210258226704464 -0.0182572979319302 0.179612158861323 -0.392951706498502
0.0448417670830554 0.0151004957007499 0.582250796000803 -0.0951444653111336
-0.02594182772064 0.0269073373225227 0.539920318836279 0.641831358559457
-0.0566356769102018 -0.0316037575482608 -0.290133271396802 0.840802524757903
0.03144546188765 -0.0506826404928257 -0.623480133099941 0.257049888524828
0.0512755652474391 -0.0390550747591504 -0.0468007660272496 0.094328167881884
0.0212366135577161 -0.0110725329463501 0.628480047364224 -0.179076698050353
0.0023381838409177 -0.00457079010994493 0.405461768607927 -0.834276473412921
0.0357751326246777 -0.00275081224527851 -0.512028006442045 -0.726162619541653
0.0512610023218351 -0.0423983626295565 -0.691957521311405 0.103661547160612
-0.0113698524240255 -0.0428187636966437 -0.193305769686958 0.425349620065331
-0.0335889954305138 -0.0181088965784117 0.112936385630536 0.173972925769248
-0.0148151218935882 0.00681372804438845 0.122182645472364 -0.162329499987089
0.00126933382809063 -0.00583759588437912 -0.109330054114368 0.161418891692088
-0.012088400593341 -0.0348380313972144 -0.0973245194704125 -0.120400459614623
0.0211236817538076 -0.0183012505112575 0.219318231761405 -0.378427316711787
0.0415295108533427 0.0191000010638316 0.599238246691291 -0.026836728350439
-0.032722831970387 0.0282201181897544 0.461648126919456 0.7108641053639
-0.0535996284609479 -0.0356024753620437 -0.395548328285908 0.809618465583696
0.034358971519557 -0.0458199393908565 -0.635419164298071 0.205570485629847
0.0474831054938337 -0.0346662184053277 -0.0129724833214946 0.0878636295316937
0.0168869049994987 -0.00638715996806265 0.62482776789629 -0.234856661811466
0.00302481629939534 0.000525332955310785 0.301014547329433 -0.870084563217286
0.0354586824746889 -0.00455534206380246 -0.592450661831353 -0.652459357590385
0.0430194753843481 -0.0436113945650479 -0.667861351783333 0.177315431549428
-0.0177958983857709 -0.0407481467194738 -0.149670255440682 0.436104027076665
-0.0355437371548116 -0.0153064162015585 0.132512599893644 0.158380522616588
-0.0104484012746873 0.00925518621920902 0.125339598320565 -0.165462530781561
0.00477348552017031 -0.0016112396431285 -0.103028804436871 0.159941605526338
-0.0095753122679193 -0.0313994402386253 -0.0815494009002904 -0.132262641426473
0.0205612420300753 -0.01483836999419 0.253483039857019 -0.362238415397604
0.0377916308221625 0.023736081719221 0.607587132166085 0.0379710156955437
-0.0375338166761452 0.0305078777655945 0.378503831954558 0.765695619605301
-0.0518054866944757 -0.0319890752678692 -0.489582087618216 0.768864885474081
0.0281296589467383 -0.0360501362742938 -0.637378692584298 0.153877854775635
0.0324837740446271 -0.025936804547554 0.0219126859774456 0.0824685198278729
0.00723583303199811 0.00537781911275536 0.615498609553912 -0.284590390932749
0.00600622332801535 0.0100025224971083 0.203670619426478 -0.888909215120206
0.0368155755265844 -0.00338748550569621 -0.651699306374508 -0.574765468751623
0.0347101423843311 -0.0440621820922253 -0.635691629269216 0.243906259541435
-0.0232538162627132 -0.0367445757406928 -0.107901273527823 0.441649879954419
-0.0339679688409219 -0.00987259104195849 0.149343121575716 0.142446833253417
-0.00739130557081068 0.0155777816455908 0.130546547887219 -0.166654407104585
0.00745202444245342 0.00328982668230147 -0.0986024432719325 0.159170627170299
-0.00579184320895759 -0.0242505402645054 -0.0712900909692388 -0.141778845886363
0.0189787611529619 -0.0105194768238145 0.275159800207363 -0.348602683799762
0.033193821093329 0.0279875593109317 0.608704003531182 0.080929664252017
-0.0387286980568768 0.0388203780304058 0.319073254468388 0.797412329362654
-0.0532522753814174 -0.0213721417683238 -0.555040219415528 0.737600637558703
0.00729926183465473 -0.0241000608772791 -0.633819244417856 0.124834703790574
0.00614401607298033 -0.0158935174419325 0.0449888648938822 0.0799661457770462
-0.00620553401387494 0.0222779028523591 0.609763178964983 -0.316434527220578
0.0107561390694479 0.0247636179530545 0.142807942164611 -0.897430862993962
0.0406771525844258 -0.0011167518105123 -0.686359812151741 -0.525229703971244
0.0294398983415529 -0.0418030171750429 -0.612855356492646 0.28558452838883
-0.025859450050213 -0.0323881674891766 -0.0800499994472403 0.442389156025286
-0.0317209259190624 -0.00182925953261218 0.160822299591546 0.129836568928972
-0.00515964587989219 0.0231837649971029 0.134698923679398 -0.169528221569573
0.00919461817603994 0.0110985627545185 -0.0946423965088002 0.157506844181255
-0.00285799310955757 -0.0138064602756451 -0.0681599907862859 -0.146427258601456
0.0165095384514649 -0.00541580009468967 0.28007312851189 -0.34679115106018
0.0297039638332727 0.031096406887395 0.607662036216257 0.0954892134936493
-0.0369185006915319 0.0486714383287175 0.296966515889139 0.807814555208278
-0.0570677291217396 -0.00371077645084796 -0.576433903492595 0.726656316134291
-0.0210378631361759 -0.0127828650477185 -0.630305156334734 0.117062405239528
-0.0258240328989313 -0.00575117012893858 0.0557605040084986 0.0817752975040816
-0.0222933390608509 0.0427424035056236 0.609787664289155 -0.326529367922532
0.0165677558884957 0.0389836425411646 0.122184040530466 -0.896596623593069
0.0450441192723612 0.00405131249208032 -0.697680509305498 -0.504404901638038
0.0250418072940404 -0.0389245058999778 -0.602664055114626 0.297865161208015
-0.0255062105871284 -0.0268139757149406 -0.0690875595698579 0.440723818679556
-0.0264492100778744 0.00740475980511837 0.1655019341939 0.122700841324814
-0.00344407291564204 0.0316169333860018 0.139367743663341 -0.171246365280921
0.00957779499864651 0.0178130857787375 -0.0920848557929865 0.156205170456643
-0.00082100417658845 -0.00310697654571778 -0.0733875002439735 -0.147908200737623
0.0145702926700529 0.000574457527238321 0.270408667376915 -0.3523674094022
0.0272604411135535 0.0328125285307603 0.60814582756215 0.0769466654802239
-0.0318805743505942 0.0587246689113447 0.314365560326618 0.7953797099491
-0.0618179845983112 0.0149625547473648 -0.558082878006129 0.741162146104579
-0.0502858870467248 -0.00103241863050201 -0.625926107109952 0.134824977818573
-0.0568736891769739 0.00306959850597272 0.0511897721763805 0.0855323575871772
-0.0390615290442176 0.0597142563387526 0.614351082512298 -0.313032856783199
0.020675393926403 0.0545623102248799 0.144976361913449 -0.894072673943635
0.0502331319761328 0.0106078662846277 -0.683665150302301 -0.526325007765678
0.0253824631979768 -0.0357848563822737 -0.611881041684095 0.284167503636261
-0.022603436922075 -0.0222273381769097 -0.0785160461411892 0.439081400004898
-0.0214384179003389 0.0167800311467936 0.163824831397802 0.122478099218004
-0.00342572913184318 0.0401884213282691 0.141900847552475 -0.172581551529311
-0.0125766280645315 0.00157922318755517 -0.123297714336189 0.150821982204081
-0.00896095262224558 -0.016658698384145 -0.152463191459263 -0.0815336602486498
0.019121390649227 -0.0130011559121085 0.104180549546947 -0.401710513528218
0.0460855024211684 0.0115708802499642 0.535995148439981 -0.205444195944191
-0.0129302597171496 0.0323933288980326 0.6446268376775 0.503165135180062
-0.0557896462591232 -0.0108251898985678 -0.110558546342708 0.861388248533374
0.00758701943275471 -0.041641345356183 -0.583522956786913 0.352051979999724
0.0276355899198744 -0.0389843076795256 -0.10236894025059 0.109395124091771
0.00912969865045755 -0.00552204513384841 0.619627409200416 -0.080561832307709
0.00264126442063658 0.00147848648602139 0.570802639649604 -0.739343127457321
0.0373810457391817 0.00841417674389518 -0.34754266465708 -0.828797505751984
0.0573406518571867 -0.0340652342107448 -0.708967756419105 -0.0308509807222753
-0.00040809190643235 -0.0397845873676927 -0.263121637182418 0.392616784353302
-0.0273312128289928 -0.010410583113565 0.0819662776518427 0.193028848141884
-0.0190023770506259 0.0110845242519895 0.115939794728247 -0.154371291086242
-0.00900931918971503 -0.00359667414561384 -0.118080919997397 0.155008039737261
-0.0116028987290793 -0.0236989660535143 -0.137375382724439 -0.0897318056011808
0.0197889825866973 -0.0172605050489842 0.137967843216571 -0.394746472919674
0.044411156692854 0.0123265443313511 0.56070539048381 -0.157518425530932
-0.0196243301984659 0.0290999794405755 0.600818720906084 0.563467720643489
-0.0568406565085817 -0.0224859132054713 -0.18995587462478 0.855206246772772
0.0210537349000594 -0.0500088307578658 -0.601943431344517 0.311960095272388
0.043646870093642 -0.0405951388679832 -0.0775752319006063 0.102089036406405
0.0193517220405822 -0.0104310377024836 0.624324452877305 -0.125073710410474
0.00225202919072481 -0.00454786527774812 0.49557816539571 -0.785720147682717
0.0358672834908484 0.00166098026136158 -0.424402094222657 -0.784800484626085
0.0550991153616547 -0.038043860172112 -0.701826485440653 0.0327855092257305
-0.00539720381580289 -0.0421916633104948 -0.230477563290034 0.4101348882778
-0.0309142280948569 -0.0159393697992281 0.0957152479443072 0.184034618656086
-0.0170971164148043 0.00767923030133878 0.117241890014603 -0.161011806206456
-0.00335611053937783 -0.00673836811348867 -0.114051980805414 0.158990060980269
-0.0139404803114236 -0.0331587887763036 -0.115072100561982 -0.106932606969039
0.020543003653736 -0.0190916954733429 0.176408936282155 -0.392692234091969
0.0450347440898813 0.0151775117338405 0.581247200609074 -0.0989448154914901
-0.0263413519489832 0.0273416732834288 0.537918080421291 0.635166869808341
-0.056446602109488 -0.0312215488092783 -0.285904704233249 0.83622564974255
0.0315887375668843 -0.0508528166165713 -0.618641469492489 0.257662764825556
0.0504761784471688 -0.0392705702017018 -0.0463413732793555 0.0941645989221789
0.021203027996235 -0.0112577837842901 0.623888663911598 -0.180960837425714
0.00212815913132296 -0.00468361772567451 0.398186967404893 -0.830092600623887
0.0354495129498556 -0.00249856929603039 -0.511378145874204 -0.718874861650619
0.0492479519474998 -0.0422903375690708 -0.687361488355572 0.108075047699646
-0.0119962383095633 -0.0421878129918259 -0.190263086339067 0.423981038166493
-0.0331692690475966 -0.0172174998337464 0.113945929333596 0.173172877609473
-0.0145939200726807 0.00631533137549061 0.120366393347023 -0.161513915000788
0.000611801539242578 -0.00611220006131327 -0.107778708199006 0.160072393848718
-0.0126182633470081 -0.0343625325183535 -0.0979610190013627 -0.118657533051095
0.0212634112421212 -0.0187328922896507 0.215953325317357 -0.377927661548004
0.0416461743698762 0.0187939638619112 0.597306210596201 -0.0297017299172951
-0.0322520872339488 0.0280932302287241 0.46108332952813 0.703860523779067
-0.0535803738344962 -0.035384007875058 -0.392327314900625 0.806057776515677
0.0353449838128195 -0.0453553764949327 -0.631747005327884 0.205680633174798
0.0471724566621891 -0.0338951374950169 -0.0122837298452724 0.0874716065311872
0.0173325530551004 -0.00569372877994921 0.619368074925382 -0.234778027052862
0.00309434846012157 0.000244324577910196 0.296212380474711 -0.867067210381489
0.0349867270605109 -0.00444136599294767 -0.590155565927451 -0.646591920193225
0.042662842360428 -0.0441833444623002 -0.662217106465731 0.180283325336218
-0.0181467294955187 -0.0409483323102365 -0.146251536358565 0.435933027196377
-0.034709282341515 -0.0149706564198588 0.131848746424517 0.157760134123582
-0.0104888131808361 0.0102118685059059 0.124219170998455 -0.164668350938527
0.00432192786169963 -0.00197473062387682 -0.102931179509865 0.159095656592458
-0.00948528341029044 -0.0312387003587016 -0.0812959891272198 -0.131664835414368
0.0216613388950028 -0.0151563237921853 0.249683378597162 -0.362548557836171
0.0376486985694309 0.02246150344252 0.605199685583857 0.0351165807359121
-0.0367600548875515 0.0320483982671606 0.377586319066385 0.758894119135436
-0.0511971594679503 -0.0320669380379933 -0.487103549833515 0.76539309594944
0.027703438330423 -0.0366121889144848 -0.633520357041347 0.154964681342541
0.0322635854484524 -0.0263438306118897 0.0215453040566874 0.0824811462051967
0.00719028145197384 0.00548861875452807 0.610121571655093 -0.284495704705663
0.00576691050520439 0.0103078561500178 0.199516126874996 -0.884368793446368
0.0366436957311736 -0.00388413467199259 -0.651742013251228 -0.570466912959917
0.0334172938958345 -0.0444913269457847 -0.632531279027115 0.246570693936826
-0.0232884577688226 -0.0364634792839239 -0.105062253901362 0.4402334183316
-0.0335579967599298 -0.00937771188270824 0.149745892229973 0.141992431077818
-0.00753169385620762 0.0159747559937608 0.129948346392065 -0.166333653779937
0.0082816386446918 0.00285338112977893 -0.0978633801012561 0.158192694566277
-0.00646213927893542 -0.0234019314441813 -0.0710539275315345 -0.141368368606722
0.0199722128201508 -0.010353634059336 0.271793356380737 -0.349747846385518
0.0336676962576094 0.0266901978599333 0.607011511113235 0.0768357420135681
-0.0377430425539491 0.0399047366396653 0.322032671276543 0.789119994828495
-0.0529226779712028 -0.0204767391312886 -0.549925582091538 0.735708858762833
0.00746395726860533 -0.024431797014348 -0.630368062706834 0.125404824146709
0.00687376511228714 -0.0158478873586354 0.0459625455418173 0.0793970180803091
-0.00617905320840338 0.0228048415660795 0.60499948516824 -0.315241754624094
0.0104709878537041 0.0244883912364633 0.138740412320265 -0.892193850287361
0.0399158728597749 -0.00117859208539598 -0.684511098083806 -0.517959321726494
0.0279731350908436 -0.0423669939408515 -0.609041086025952 0.285976380542437
-0.0260973871695139 -0.0305500772659286 -0.0773527924303332 0.44175934566899
-0.0314359902877579 -0.00129860293418865 0.16018139479196 0.129003935060222
-0.00379391987941717 0.0228308934515347 0.133833053257547 -0.168624387210979
0.00933143466464205 0.010526011940564 -0.0938295530793907 0.156721829263223
-0.00310462330284517 -0.0140473314043642 -0.0681044662281057 -0.146226302407801
0.0171018612358292 -0.00507409091752919 0.27666642908036 -0.345829094857346
0.029657846190007 0.0301423932836622 0.6061999127364 0.0915994287096119
-0.0363743800811684 0.0495595482517643 0.297728820353586 0.799401781389482
-0.0567142565233832 -0.00373011867455447 -0.572366657155164 0.722094533943764
-0.0202084395246898 -0.0130910228062468 -0.625967166370182 0.118631288845508
-0.024656252763992 -0.00530641039132431 0.0560321356728504 0.0802029281320221
-0.0217112182433641 0.042177786955947 0.602767739031913 -0.325978003707401
0.0163579991839182 0.039000503760146 0.118301208247992 -0.891188028002753
0.0439221188139614 0.00357756999633916 -0.695957101488105 -0.497964173567423
0.0247474686772273 -0.038958498141527 -0.598511055004851 0.298914254839481
-0.0252533384903684 -0.0264191283520843 -0.0670615016436373 0.438770998030319
-0.0259907964133827 0.00771143470185192 0.165089964700274 0.120593017878123
-0.0023201958593071 0.0316877206482347 0.138192611890332 -0.170437811763927
0.0107596452581671 0.0173617307538554 -0.0911023360900928 0.155660463120209
-0.000452637750417937 -0.00394866517496599 -0.072639537902892 -0.146528717923594
0.0137275128325925 0.000223728883072732 0.267323509800605 -0.352485031752535
0.0280815854181503 0.0319479123560883 0.606642711358112 0.0729035573548749
-0.0317509485078146 0.0600582930267577 0.316886852640647 0.789099970454214
-0.0611200979538693 0.0146114600329605 -0.552448209899522 0.736117429058803
-0.049128213930153 -0.000667465167683276 -0.622653985009458 0.134787368127031
-0.0569499761856445 0.00375073412098699 0.0512476299342345 0.0851880223127663
-0.0383388804828591 0.0594489246817964 0.609492073334986 -0.313907938987538
0.0211493959400088 0.0534722011402647 0.141507976612728 -0.890214826288247
0.0507577723507359 0.0098651932927021 -0.683021170372505 -0.518466836240385
0.0239136356946038 -0.0356170302910933 -0.606001776507828 0.286440581850092
-0.0230012347899054 -0.0222027662416238 -0.0753165684527985 0.437064995344616
-0.0205607015242873 0.0173232870011373 0.163613917578775 0.120116679866031
-0.00237544451297996 0.0396042182795772 0.140671535432319 -0.172221437331037
-0.0118437592086487 0.000490404498547117 -0.122352993439635 0.150683083603112
-0.00980946421619647 -0.0157059802431072 -0.151081536457505 -0.0803256605294403
0.0196111318284493 -0.0125314067101202 0.103037608877519 -0.40166279308388
0.0454612338955575 0.0113138030466581 0.533820833447372 -0.208397260007045
-0.0129234080772795 0.0334671769291996 0.645272575648892 0.498757016864626
-0.0551093572319341 -0.00998774213912036 -0.108464106760634 0.857932165172434
0.00758346407524109 -0.0422189364872755 -0.579909034811663 0.352330444186984
0.0276279872435453 -0.0380004589598275 -0.101792086119197 0.108954625984971
0.00917387174295477 -0.0061689362135812 0.61628718257716 -0.0796459454920252
0.00284980481859283 0.00103386182240913 0.566651501552128 -0.737094653029182
0.0366450693041016 0.00812341225971741 -0.346517974125522 -0.82428170429802
0.056756732490042 -0.0337983759089984 -0.708230838621324 -0.0294674615424997
-0.00153103142249979 -0.0392825352604972 -0.259531192541048 0.392464053176239
-0.0277379028275677 -0.0098255157524217 0.0824481323451429 0.192782777702598
-0.0189033792734422 0.0120166820009914 0.115672068432804 -0.15343139268507
-0.00893995070395483 -0.00356064400999522 -0.117458041019696 0.154312365262025
-0.0131219970240429 -0.023962926578141 -0.136065708234149 -0.0894151851021435
0.0200187666136562 -0.0166151212590647 0.136009498129458 -0.395360936805148
0.0450337644785596 0.0122868309724079 0.557753643582206 -0.158919818226453
-0.0193416885128564 0.029839481265188 0.598851301645359 0.558745262778685
-0.0565567306636876 -0.0227713006565594 -0.188929012151717 0.848916216758308
0.0210026802510607 -0.0502485513264305 -0.599613476834868 0.312003996116954
0.043240782029629 -0.0403541479800078 -0.0766426752349528 0.101257826331889
0.0193783304917284 -0.010213162219742 0.620298870865313 -0.12539586597663
0.00197730754454707 -0.00523374216591452 0.492080017546265 -0.78394034966317
0.0358852927205178 0.00129446624893446 -0.423928263377938 -0.782079235386172
0.0542342067785671 -0.0381556952715753 -0.700114281609935 0.0327144527624564
-0.00595506994713009 -0.0424436710231207 -0.22867019036499 0.40853663479132
-0.0304046660260444 -0.0159376800723144 0.0960097313475991 0.184015155181709
-0.0165426682982706 0.00793447495839387 0.116578384645379 -0.160045398858781
-0.00176960637134049 -0.00740665504393069 -0.112693377180226 0.158293877153487
-0.0146495599396428 -0.0327428441465945 -0.114955344836397 -0.106254497251206
0.0211985202563544 -0.0193581156829211 0.174517811375696 -0.392014768555634
0.0450161457785869 0.014786832656429 0.579369104373999 -0.0999869146161452
-0.026331010755098 0.0282614226762761 0.536571981624562 0.630820870625792
-0.0560504510909847 -0.0314197178854099 -0.285539468808209 0.833552468299602
0.0321536407962531 -0.0506485203012394 -0.615067788498203 0.257728472841312
0.0504768547125891 -0.0385526761264893 -0.0453851883426719 0.0945290056797096
0.0217007273699179 -0.0112492357782696 0.620011849408828 -0.180105554840565
0.00223473525666493 -0.00498365305450692 0.394436683130547 -0.826774447099615
0.0348865372326244 -0.00280635083983135 -0.510833117782422 -0.717042076736625
0.0485593182947585 -0.0419783885615985 -0.684029182476958 0.110352655949832
-0.0120593658196003 -0.0422234006895064 -0.188236930881526 0.423611643451335
-0.032793911347396 -0.0164994757983451 0.114898010873442 0.173126869894682
-0.0141236521400386 0.00660589391180269 0.12014732431946 -0.160280943078083
0.00176796356446259 -0.00585683399953649 -0.106328731703982 0.158897154864101
-0.0127118489149398 -0.0338163157375065 -0.09692400142024 -0.119093345521377
0.0213580763792451 -0.0185643512487714 0.215487183900493 -0.377666794810277
0.0416314944318824 0.0181751564839783 0.597074515163681 -0.0316370112096426
-0.0326527758285169 0.0294102781372325 0.461180834948182 0.697664592042986
-0.0531822397686869 -0.0352534411821738 -0.387721064021451 0.802967312447692
0.0352053338757262 -0.0459045531473433 -0.627997335446104 0.205071157310017
0.0474104804850888 -0.033912132898209 -0.011715134212385 0.0867005395685028
0.0178239843582169 -0.006014723456781 0.616690671348262 -0.233789522274954
0.002672516504975 0.000130031795276486 0.292678821366628 -0.864090816602306
0.034543257212011 -0.0044881109162432 -0.589300825984134 -0.640882590548474
0.0418899243187181 -0.0445799519333208 -0.660264159851817 0.182733478645296
-0.0186613925550498 -0.0404648577135435 -0.144613082232502 0.435113317233455
-0.034057626184297 -0.0142970694847103 0.132786570940763 0.158012875753586
-0.00971004505620505 0.0101572603662879 0.12355848760911 -0.164227445429765
0.00461440355636898 -0.00326297974194453 -0.102074432113794 0.158958791711089
-0.00963016203711261 -0.0310505478566889 -0.0812936784785769 -0.131615475484156
0.0210271624381901 -0.0149180099605433 0.247420814158124 -0.36360732569312
0.037289236213702 0.0226390853366315 0.603163857450951 0.0320549981980894
-0.0362635292953703 0.0341577324537336 0.379586404031162 0.752272004020367
-0.0508405396317407 -0.0315880627398273 -0.484798147411958 0.76213796215753
0.0282284465522063 -0.0360174274757948 -0.631848827298471 0.15456286403136
0.0327420053733428 -0.0258369660393118 0.0221676838355205 0.0812491330854261
0.00842387945153645 0.00521829572282312 0.608367619691554 -0.284237301375801
0.005918260011849 0.00996699350604977 0.197461168235877 -0.882908950275011
0.03598233606237 -0.00368501657931066 -0.650512082635967 -0.563740980540336
0.0330739303007946 -0.0448566511022634 -0.628867203876329 0.248445638165575
-0.0235643347510936 -0.0363619951875571 -0.102476923758293 0.440077954487371
-0.0332999957919295 -0.00830781004162312 0.149262727484793 0.141540344833756
-0.00682403537096267 0.0161186372051031 0.128997044476854 -0.165456644604698
0.00850569538420855 0.00255391192361808 -0.0963882982181907 0.157263344818734
-0.00640264070939527 -0.0233833774451144 -0.070462189101846 -0.140097477455236
0.019605283703825 -0.0102624845535942 0.269537651754909 -0.350504902510168
0.0331889825560753 0.0261005551541576 0.60649446737233 0.0739568004381961
-0.037941374631017 0.0402311511686073 0.321395225416232 0.784216918614414
-0.0526774593835738 -0.0204909919338424 -0.549059972054899 0.733929750676202
0.00850306480658764 -0.0241659452523962 -0.627366878071705 0.125419646338335
0.00668899801436558 -0.0153014290318609 0.0463426547815713 0.0786588010980857
-0.00547288726813477 0.0225565870277644 0.601632728636968 -0.315081425808078
0.0106151458300399 0.0237869956337781 0.136456226894831 -0.889333006618368
0.0397233941108604 -0.000592431740331859 -0.68518664770707 -0.514901473075837
0.0280884556359465 -0.0416730408508441 -0.60496206300062 0.288190083999913
-0.0262201450252423 -0.0306695478752972 -0.0746578704930326 0.439706100184004
-0.0300617248820153 -4.90186400207298E-05 0.160748508418076 0.127981826142053
-0.00380150770670825 0.0234402543867672 0.133424864759132 -0.167915486899975
0.0100681443341993 0.0093034197834452 -0.0931813511831732 0.155831467758653
-0.00259592413076349 -0.0136230466825442 -0.068768841429149 -0.146071630489248
0.016505800459405 -0.00450835303408684 0.274022970120242 -0.345934729863161
0.0295852092350057 0.029410742201139 0.605240647694249 0.0882585350322069
-0.0365420240303668 0.0502486309848276 0.29872713018939 0.793774901059088
-0.0561923716925719 -0.00339001632587038 -0.568625665786701 0.719947943422826
-0.0199749398373335 -0.0129225854401751 -0.62333204646555 0.117451048334441
-0.0248669309221669 -0.00564121135613119 0.0563560862020056 0.080807926975735
-0.0211682186824372 0.0418955623925527 0.599064287335077 -0.324426748663979
0.0163063926340664 0.0388032613897659 0.11615151588995 -0.887439002813179
0.0445118002764359 0.00345517044968701 -0.695210224224532 -0.494448247536697
0.0237142778614445 -0.0391907335291105 -0.595338011762993 0.300412987009752
-0.026166711530303 -0.0262003234996737 -0.0641993718288173 0.439478958098639
-0.0252931628005328 0.00808158567747642 0.165676934967438 0.120563390037628
-0.0024125330487215 0.0313806232580009 0.137798864200955 -0.16973021231527
0.0102886504577208 0.015401607911082 -0.0903853505175431 0.155164730483841
-0.000242178035176091 -0.0032928327454887 -0.0736191461411753 -0.146565357494052
0.0142592803208935 0.000314759807271305 0.263798394128798 -0.352228780786419
0.0274175576789326 0.0316742774745264 0.604799546221734 0.0707012365197413
-0.0315058436834814 0.0602713873273037 0.316827338312551 0.783634539151688
-0.0607958907761488 0.014902523352496 -0.551217310583629 0.735725157326524
-0.0488351397365323 -0.000808550167469627 -0.619410297464387 0.134231619290392
-0.0558271360964249 0.00454675261372944 0.0518668931913621 0.0842761490612148
-0.0377897755489609 0.0590307146138209 0.605832942605095 -0.31305780096181
0.0205391249445084 0.0529739877515391 0.139095063233392 -0.885966280092412
0.0498806146517551 0.0102851976635974 -0.680371516975229 -0.51526931460736
0.0239287310276815 -0.0353530567018487 -0.602515123515251 0.286443627079442
-0.0228805026070494 -0.0219178914032578 -0.0729449492727256 0.436490843630828
-0.0200865879812694 0.0184031274923451 0.163633256346535 0.120128112017604
-0.00217939518438591 0.0397184823462339 0.140386932858161 -0.171431156071443
-0.0115302208419039 0.000328277864837594 -0.121929329423905 0.149701220165879
-0.00975432237486842 -0.0166002532103521 -0.149991394050964 -0.0795151843707128
0.0199408778165688 -0.0132251333304838 0.101438208099545 -0.401927767101039
0.0454548919202563 0.0108985754196593 0.533591087193035 -0.209230490872018
-0.012418176009413 0.0336625223514446 0.643757916361431 0.493418459140349
-0.05456790083797 -0.010369789601635 -0.10713867762183 0.855462274827804
0.00862955978353433 -0.0417640631619993 -0.575725358192022 0.3503350791513
0.0275021657261482 -0.038141316990972 -0.100465761164351 0.108440424441894
0.0101700693405064 -0.00567344890126451 0.613938288364317 -0.0804291051738784
0.00249949811812314 0.0008269109254826 0.562325777914707 -0.73458754096004
0.0376417529361698 0.00850236472604666 -0.34638793211376 -0.821448728200115
0.0557680645269316 -0.0330898772312027 -0.705197643092636 -0.0280708763298244
-0.00108824987758009 -0.0389557182534458 -0.257423517944734 0.392882134239481
-0.0268038837650927 -0.00975557107195382 0.0828962564621747 0.192658129813582
-0.0187743636716645 0.0120368945012477 0.114863439330998 -0.152820752759755
-0.0089102829880211 -0.00365702958056438 -0.117133024354135 0.153926812481809
-0.012309337548855 -0.0238433762345225 -0.135779453258838 -0.0882721644337772
0.0199708759647233 -0.0173750092407841 0.1350558239199 -0.393946442368975
0.0437798136966782 0.011807778807948 0.557942923785801 -0.159153874454321
-0.0194448413939843 0.0304971345810989 0.597896421059514 0.554690842479528
-0.0563020912352231 -0.0225471185345839 -0.18671361648159 0.846752238217594
0.0215156438232435 -0.0503950354239892 -0.595796619408218 0.310540555586928
0.0436262549360651 -0.0402938144018877 -0.0762247900253517 0.101032183118724
0.0197839411677895 -0.0107111706161393 0.618595066764094 -0.125377963141208
0.00234686243947501 -0.00525271437765187 0.491027635858348 -0.782593211946981
0.0359872655981439 0.00124226493893205 -0.423493512047161 -0.778789091069572
0.0539751833835622 -0.0380772005770021 -0.698083219066643 0.0371997241274001
-0.00591533280192408 -0.042104313677539 -0.226015892598759 0.408833397540372
-0.0292848641610621 -0.0144426764053388 0.0974036893251398 0.183552390491507
-0.0166835446917371 0.00816314411324983 0.116032590516516 -0.15889498628274
-0.0022020661238241 -0.00734695739167883 -0.112124295847769 0.156990619575069
-0.014295236061714 -0.0323810687134576 -0.113981391802775 -0.106522933994741
0.0205359469366273 -0.0191709143121808 0.173896621957048 -0.391625443531148
0.0448587122213344 0.0141249406990835 0.578505644415838 -0.102818018364347
-0.0263164304954964 0.0293910856086609 0.536809982786176 0.625968181733196
-0.0559884872594779 -0.0311653149255288 -0.28329619352881 0.829505976536909
0.0326071587120712 -0.0520051974033243 -0.613807853976897 0.256267943758942
0.0510795415565409 -0.0386153240297254 -0.0457649596993767 0.0931111033360054
0.0221706747665801 -0.0112989895367172 0.61856649636409 -0.179698192463776
0.00221956635963968 -0.00501800928135972 0.392751757569695 -0.823982656542416
0.0344068365891158 -0.00249380550835051 -0.509737924169681 -0.713721386440808
0.0481191463011046 -0.0426274206308701 -0.682595195650147 0.113227197354169
-0.0124206044799166 -0.0419973080422062 -0.185403400989651 0.424111841773682
-0.0321418452514341 -0.0166911026200989 0.115048990817294 0.172558396756482
-0.013261592759387 0.00720725056978556 0.120171014881371 -0.160173018309311
0.0019023948289798 -0.00717329349195767 -0.105710282068041 0.158997249223645
-0.0135119697644897 -0.0341210527503695 -0.0964113385299287 -0.118909201144188
0.0214863997952505 -0.0190959338997914 0.212374757693572 -0.379333307895597
0.0412950542881205 0.0177961583314463 0.594616176566673 -0.0334847089023519
-0.03238319656254 0.0298696540553949 0.458930172404915 0.694196298362168
-0.0526928493783289 -0.0353648562009911 -0.387985083110432 0.802651919589525
0.0358096716646977 -0.046213078529285 -0.625051846804336 0.204402956017885
0.04670359744069 -0.033589688015288 -0.0108409097633649 0.0867435891119645
0.0180965162782845 -0.00638994330194021 0.615062096451191 -0.231812386492113
0.00298506735436579 0.000314828878394367 0.291090783375801 -0.861362226710579
0.0344243493256823 -0.00442454724989941 -0.587791097904457 -0.639585897753049
0.0410659390723676 -0.0439136833115364 -0.657488801490549 0.183293627093909
-0.01882727180703 -0.0400589224761375 -0.14230881494185 0.43395314058177
-0.0337804795701124 -0.0137620279571594 0.132851652890279 0.157100747528089
-0.0089645098947061 0.0102422446895832 0.12335559721611 -0.163465879369045
0.00521434793387968 -0.00355086503961379 -0.100825360429035 0.15779226911571
-0.0104963408965848 -0.0308217194843943 -0.0805411403426515 -0.130968013122504
0.0214046981225194 -0.0148949972982358 0.24743994280447 -0.363919784617277
0.0372336483413515 0.0215843431088984 0.603309445495298 0.0295156098745714
-0.0370401989139238 0.0332739539060537 0.378423579370304 0.747967053284282
-0.0502798163002151 -0.0321973492282732 -0.483971476762153 0.760585725714403
0.0287118987365908 -0.0364104300236524 -0.628319411433955 0.153888773343092
0.0323381490944342 -0.0252610127818724 0.0225516053881357 0.0812455122675843
0.00801633861818144 0.00510604757731739 0.605714750799611 -0.282591436005384
0.00544126725086896 0.010336143858224 0.196367668094186 -0.879284068368221
0.0355784285086861 -0.00397047918368267 -0.648689473009679 -0.562609381860287
0.0325585479719653 -0.0443925311518199 -0.626546626457779 0.249061451326413
-0.0242380634239973 -0.0362284677548776 -0.101260254425512 0.439126024576075
-0.0330129978473284 -0.00795267812196655 0.149946171041298 0.141426363183279
-0.00673129273120166 0.0165806452347578 0.129066856771452 -0.164184787516186
0.00826587230478282 0.00152339839423514 -0.0960774469965012 0.156955448641336
-0.00669077922321742 -0.0237404385397512 -0.0702401547334301 -0.139766150491674
0.0188907681235079 -0.0101614020571858 0.267637535965183 -0.35131311565494
0.0334083867230341 0.0258278572034094 0.605404452650312 0.0717228520347724
-0.0382149083637504 0.0408032132532261 0.320973542457851 0.780916132325135
-0.0519594173182331 -0.020073590571225 -0.54552366714124 0.731620081472312
0.00861821082449533 -0.0252286227218332 -0.626683914134914 0.125629425504177
0.00645353871741791 -0.0152311625651527 0.0462566567935808 0.0788597555472342
-0.00544142978062057 0.0222040693551358 0.599328777102327 -0.313709485945972
0.0105289199044578 0.0234405119145768 0.134558359284845 -0.888794674583527
0.0392600324639497 -0.00112545051855743 -0.683448522607931 -0.510938545251705
0.026887073644312 -0.0420954622896547 -0.602412201894477 0.289062716006313
-0.0263440178746973 -0.0310667370830866 -0.0729083950442325 0.4404540941121
-0.0294430304644555 6.71356261289532E-05 0.161070177526572 0.127320426282197
-0.0034393220123241 0.0234318951905068 0.132858637570154 -0.167313191107909
0.00941907375968982 0.00824772668924695 -0.0924035553910304 0.154654749649104
-0.00392299603650576 -0.0132072500894308 -0.0677473152777952 -0.146102614578756
0.0162571744518412 -0.00492324275949738 0.272836189572513 -0.347045294131171
0.0293770869807303 0.0301268655115719 0.604519195005246 0.0840159771986387
-0.0363785926930672 0.0501431262949614 0.299174619982542 0.789005814747263
-0.0561666527183157 -0.00371108307822531 -0.569031878236999 0.718688316477413
-0.0200036861995223 -0.0136012843442388 -0.621809924228793 0.118207150997961
-0.0245224155676233 -0.00496230519031459 0.0557192596130493 0.0801971365278852
-0.0206998294520563 0.0409690723132363 0.596569995183756 -0.323868881024573
0.0158228257820466 0.0378703367758643 0.114866815703046 -0.887279894514298
0.0440113478118674 0.00321374492778599 -0.69353623494334 -0.490169274327744
0.0238349255175382 -0.0386325139033595 -0.592184193162951 0.301727442332234
-0.0261334625099046 -0.0256642601138657 -0.0629487961778408 0.438064374215177
-0.0244786947781952 0.00865918913187976 0.164916296892232 0.12043269397775
-0.00176152287144878 0.0320006355700597 0.13772599283059 -0.169831490279422
0.0108342022096596 0.0150605291597062 -0.0887307125123895 0.153311350616629
-0.000676403541258155 -0.00279421672664909 -0.0724564989251664 -0.146174486437136
0.0139911823609574 0.000499714706277429 0.263487199957779 -0.353632455937565
0.0270251121547191 0.030864685596503 0.604287084776072 0.0696960156047673
-0.0317619017942817 0.0601988612564396 0.316852902500241 0.780805596237672
-0.0604188680846464 0.0145663014950381 -0.54988872415862 0.733089490799541
-0.0486577118874216 -0.00177350457225079 -0.616913382482665 0.134284906260377
-0.0558222695092633 0.00378003755457119 0.0518536143638163 0.083094629760525
-0.0381007298124526 0.059170985118648 0.603683065528004 -0.311492170563714
0.0202421751901091 0.0528647818422375 0.135976177198657 -0.883054558680434
0.0495666112381834 0.0102903188357918 -0.678259167211562 -0.511749374852297
0.0235449893771125 -0.0351647291162936 -0.599354352256504 0.287134641863498
-0.0231818423158418 -0.0218363672313176 -0.0715240430757633 0.436123662519808
-0.0197657493570036 0.0179416226122722 0.163072669148798 0.119157724056487
-0.00155861079658935 0.0397006691760729 0.14058791007523 -0.171113735874012
-0.0101884810891091 0.00192509913959657 -0.0948600258524016 0.175925643957788
-0.0137138525753451 -0.0117927102843637 -0.166736033899898 -0.0532359585910984
0.0134935117935751 -0.0186244111432401 0.0277884375215328 -0.422121584846021
0.0479675325395978 -0.00686520599979727 0.499071656922754 -0.306248459244187
0.00569573731756111 0.0309392974857722 0.734114254778225 0.370277784873591
-0.0435765093080034 0.00413536848727296 0.0511530627587492 0.867899995436278
-0.00173706341214975 -0.0366633512735706 -0.505009312077771 0.44680230847317
0.0202448675048007 -0.0401922130500355 -0.0781290118033201 0.125254888378837
0.0136150168924599 -0.00875065740710063 0.599706108765222 -0.196020654470352
0.0100498653574519 -0.00471532185027931 0.423912817752905 -0.853433642195506
0.0354898765770167 -0.00939902054354527 -0.512653007900815 -0.754421902594811
0.0393845433440979 -0.0503971283030975 -0.712811380919032 0.11726433016856
-0.0142298866226588 -0.0352423882637271 -0.178837308303435 0.44744677427467
-0.0294163079053028 -0.000181280446209916 0.12649586419767 0.176853551367842
-0.013367701905666 0.0135997929441184 0.0871447580509875 -0.175881160133983
-0.00874583051753541 -0.00237882652736362 -0.0888147153452206 0.179842769616043
-0.0173844147959887 -0.0186096072812035 -0.152896857745925 -0.0653489518355984
0.0132811776035546 -0.0227809400672534 0.0627453547405181 -0.422102008225654
0.0478376764235575 -0.00489120508620517 0.531331174032533 -0.261721446011734
-0.000933914026380653 0.0296634397835202 0.699869861841048 0.43944659844045
-0.0484566813936255 -0.00721442645719675 -0.0326013420426389 0.875283562068825
0.00888559942572948 -0.0477510669736723 -0.530279276036652 0.412406764794254
0.0356751704088806 -0.0453376366882592 -0.0559849842560423 0.113291476489711
0.0222550115160817 -0.0153185255986203 0.594785186911966 -0.241305476390504
0.00820048742303636 -0.0113639359492392 0.340525688729805 -0.886321417873775
0.0316474016985197 -0.0159792765373657 -0.579189097093902 -0.695549463359295
0.0354953003909047 -0.0535901888696774 -0.691092985117051 0.181511943011606
-0.0188545721566568 -0.0366178039665172 -0.141148594858357 0.456655756564907
-0.0333733247425233 -0.00532057264891191 0.13891565772166 0.16498354490494
-0.0111996222666676 0.00956118458187675 0.0870887163844427 -0.182394293770979
-0.00345233499246805 -0.00686056189674485 -0.0825166872997649 0.181394852188058
-0.0213782037926649 -0.0271546277666179 -0.134081001140808 -0.0886277058703367
0.0143627047064103 -0.0260753031585113 0.102514029756899 -0.427093335374403
0.0497192662938409 -0.00369550336431844 0.562981232283356 -0.205573383028355
-0.0076977395921131 0.0313600243296231 0.652678438139807 0.521728463272997
-0.0488178890682699 -0.0146038784031082 -0.132921879932347 0.875000214263565
0.0184854363600535 -0.050653820790545 -0.555814391484806 0.364394906638936
0.0426028783251571 -0.045212303845903 -0.0268801824728968 0.10110339903632
0.0245223251976082 -0.0169557210734621 0.583399030615128 -0.29545816801058
0.00737772902778976 -0.0122024314858404 0.234214422226146 -0.909607375964884
0.0295011492217292 -0.018944989201665 -0.654555877909463 -0.613584936405701
0.0286347022598417 -0.056168524196729 -0.661364239981373 0.255236101150359
-0.0246610871167287 -0.0349784625333843 -0.0995087211845275 0.464318607233002
-0.0346276298452045 -0.00616306701676928 0.154240102953649 0.149316191841651
-0.00836286846720746 0.00924943223821606 0.0909728534358253 -0.183754121986855
0.000742563927400535 -0.00708757857820462 -0.076265757712417 0.181577715551309
-0.0208914255093544 -0.028663113957756 -0.119200401835783 -0.104429159519507
0.0153881144195119 -0.0248479258968419 0.145106859780047 -0.4207731613886
0.0483949879669903 0.00152033773227155 0.591491209181922 -0.140853017746283
-0.012944121798166 0.0347552252252898 0.587677040203523 0.6025128214648
-0.0473625523594257 -0.0174157151332687 -0.241198443572968 0.862893987204448
0.0222703803485873 -0.0462411157553073 -0.576328264449979 0.314939910837048
0.040196483607094 -0.0401619005506899 0.00506509912165934 0.0881762404539622
0.0208529432062514 -0.0120671390845779 0.570393700919877 -0.347462654881646
0.00748869025864871 -0.00853415725212531 0.124179032100661 -0.92553744029278
0.0273880457081559 -0.0195991052026232 -0.717723014755667 -0.521291972246437
0.0206113700560733 -0.0553846261612662 -0.621480422198827 0.319827836068173
-0.0308030437581309 -0.0318543353245606 -0.0534855464614416 0.467018685549374
-0.036036915141555 -0.00308369730155219 0.169358175449838 0.1303813643116
-0.00473637540806567 0.011099039636398 0.0938442652002444 -0.188134664988365
0.00444724949727443 -0.00542141737992182 -0.0715908456187772 0.179511890307254
-0.017273503256994 -0.0268686382054449 -0.105601525943459 -0.12050673949885
0.0154927703989769 -0.0218909271856548 0.180006050228549 -0.409901600813507
0.0462627082380721 0.0070891414836904 0.60982617145272 -0.0783941299117514
-0.0167455108057101 0.0404927957789416 0.51670717275822 0.67584976154623
-0.0448424754426577 -0.013451427386821 -0.343643641505492 0.842561782085863
0.0173643395713354 -0.0360596603126394 -0.589629455856159 0.265251938037908
0.0280285795000999 -0.0301679357419997 0.0381037255566134 0.0763712347937064
0.0139182821959195 0.000121540007306652 0.553060247086425 -0.396523300222281
0.0110848007869446 0.000801955833457565 0.023080754711918 -0.92504639171066
0.0273905822383021 -0.0187375412880814 -0.764090085942496 -0.433623764406823
0.0128693107029133 -0.0529162910694389 -0.578254086242439 0.381599365099971
-0.0341250412121261 -0.0257901044634325 -0.0101997966121445 0.461842623434721
-0.0330874803257572 0.00198581008675483 0.182785660724869 0.110069347239964
0.000203711503233138 0.0162727213244305 0.0984799186643857 -0.191061868525041
0.00796065007799074 -0.000702042099628216 -0.0658681345866347 0.178055590298936
-0.0131228071606873 -0.0202083772334104 -0.0959442548408913 -0.130625826297463
0.0149026303840696 -0.0167508974283565 0.203144799000521 -0.401715342534502
0.0426936488419024 0.0120368531704851 0.620476707085352 -0.0366552837764761
-0.0163019433621333 0.0493026369273536 0.46639563423551 0.717895105655976
-0.0448253644662243 -0.00123294333479212 -0.412822901056251 0.825571605986587
0.000544178936906878 -0.0207762308528786 -0.593186100973358 0.233765962619223
0.00458924334150523 -0.0151627920131427 0.0604944149558586 0.0688307708552144
0.00333969138176735 0.0192025347523227 0.540688930193138 -0.427213431329323
0.0184367159669483 0.0129072460370489 -0.0383429137127443 -0.921821267062875
0.0312822954883644 -0.0165590348373467 -0.788503364931267 -0.3758276601504
0.00703294843871865 -0.0486270921392444 -0.544602994996692 0.414981329626392
-0.0357104697587274 -0.0209741696096401 0.0186261047211946 0.457256810252068
-0.0286561852688104 0.00951139048402954 0.190349943330233 0.0938856730793746
0.0045204875036672 0.0225422929184166 0.101955329728457 -0.194635092493364
0.0101536061814037 0.00533705645906129 -0.0632269554235458 0.176140684332525
-0.00759920225431227 -0.0107119773432439 -0.0956584037182279 -0.136006056987723
0.0140057785893483 -0.0116443032175608 0.208779713800091 -0.398310386820827
0.040502760328329 0.0152540273916594 0.620881155449685 -0.022907004567066
-0.0127289966862293 0.0583600209991265 0.444966393901498 0.732186868921339
-0.0470678045431803 0.0152142913725085 -0.435237166847136 0.816719738555636
-0.0235485152183138 -0.00441243423781347 -0.592404538029091 0.223446686933491
-0.0236990918672346 -0.000531789523828373 0.0699960658846863 0.0685716721387465
-0.00809505036734572 0.039597364658457 0.53886140997441 -0.43789366571706
0.0259343243599625 0.0256087244643757 -0.0602324054586537 -0.918040702263952
0.0364305742870852 -0.0127425670354392 -0.794256940230812 -0.353606137519455
0.00461086878504712 -0.0447747894867498 -0.532117349219615 0.425817970700265
-0.0336245708299439 -0.0155451828214771 0.0269914317419823 0.452992353938267
-0.0217997586632613 0.0168134369760131 0.193247864696581 0.0845679394183079
0.00759285441262175 0.029963937228073 0.104831966453207 -0.197216217037749
0.0118550505802894 0.0114522548546902 -0.0606933707870831 0.17466897815815
-0.00332484828094092 -0.00186528869492714 -0.101882337061554 -0.135672747087867
0.0119744587060872 -0.00635536647198657 0.196498040934296 -0.401989435440291
0.0378382461697252 0.0179237357366993 0.619256970840046 -0.0392672980678734
-0.00573245261208117 0.0669937022700671 0.460707472032874 0.719349393250955
-0.0474039669713502 0.0337387670556673 -0.417305335351061 0.829661192099923
-0.0489220915631306 0.0124974989452325 -0.586346580725288 0.238385924057284
-0.0530014167072052 0.0133069620669521 0.0668936700768304 0.0730091280974495
-0.0211642379655107 0.0593756869344695 0.545547387411106 -0.425669894147188
0.0329351361035097 0.0400499034594817 -0.0369706261496485 -0.918803460278286
0.0431966682487268 -0.00747268622030727 -0.784866886284681 -0.377062414307088
0.00446518297352044 -0.0413781735185134 -0.543125761852034 0.413692916740007
-0.0303307369063643 -0.0130430324957678 0.0184166211492121 0.453438973042069
-0.0150532276388338 0.0251563557375611 0.190795971682769 0.0847390842416556
0.00930362432063514 0.0379595601077944 0.106832071084516 -0.200196705976209
-0.010396247323963 0.0013196014328419 -0.0951771642804861 0.175889148689751
-0.0134660976310846 -0.0122950674329633 -0.167046032642231 -0.0534153622909108
0.0135230005931953 -0.018893043887371 0.0268174843785594 -0.422539472613453
0.0480718755085513 -0.00700588867266323 0.497417247544582 -0.306757291667047
0.00587292466122009 0.0318931678849587 0.733752785941084 0.367045407410017
-0.0433926484523927 0.0032127748567089 0.0480681538645486 0.86918000960619
-0.0012358621500926 -0.0369061290529488 -0.504902914797683 0.447309757703181
0.020273539968983 -0.040269349148579 -0.0781051598166811 0.125427451491864
0.0140415541964654 -0.00928819775635059 0.597478937749276 -0.194514088774832
0.00988536421652903 -0.00505617695389308 0.424672390245881 -0.852768656425727
0.0358823737868259 -0.00895828487414408 -0.513523536590078 -0.753634945126964
0.038583368445613 -0.050980143160713 -0.713327650604638 0.120192652207276
-0.0143532518387045 -0.0353649583497902 -0.177207801641209 0.447858809226896
-0.0290569943694139 2.80709201185988E-05 0.127317951412317 0.177096057397506
-0.0126773128803159 0.0141712679689325 0.0874147732587733 -0.175520709401855
-0.00827198079170987 -0.00275985637373363 -0.0889444195817458 0.178955821680706
-0.0177845089345474 -0.0191583278350044 -0.152066083598223 -0.0653555755554186
0.013832468904872 -0.0230462823302035 0.0623785408650992 -0.422902449540572
0.0481707313654369 -0.00517037727201766 0.531629176511308 -0.265008835949592
-0.00120515509755702 0.0304862326168016 0.6994080571712 0.439009806124944
-0.0475669588547303 -0.00799287623351631 -0.0336840201647459 0.875237522460761
0.00933568313090861 -0.0476875160692374 -0.528600533891776 0.411212727610797
0.0355926417776799 -0.045460759141352 -0.0556614754733334 0.114460500293345
0.0230529126753829 -0.0161608567455692 0.593104778767122 -0.240722753272129
0.00779984423044144 -0.011774331467193 0.340335041237066 -0.885913471890139
0.0319054250812243 -0.0152941114966084 -0.58173834864938 -0.695148384687231
0.03483221838048 -0.0540328071431798 -0.691145086750397 0.181203594273516
-0.0189159800725298 -0.0367186139584223 -0.142530125343102 0.458338450945504
-0.0324958226321592 -0.00454211174824741 0.139210881928539 0.165134588770608
-0.011396525472141 0.0102369510778188 0.0872960176820461 -0.181753917038384
-0.0036291027895267 -0.00789600468060145 -0.0823675655366717 0.181439764409578
-0.0216198440031352 -0.0272977656311365 -0.134066841155888 -0.0890886225791967
0.0139312182956782 -0.0261753376976327 0.101270781552476 -0.42742548839929
0.0497319443701199 -0.00333291975322479 0.564276850195093 -0.20872502186831
-0.00768080166103136 0.0320924157683405 0.653183144240665 0.519233903871938
-0.0487851773283725 -0.0143316566357809 -0.132371866141795 0.875072126890505
0.0185960828041195 -0.0513774450667943 -0.554279294301241 0.362915437221575
0.0428482813979731 -0.0446846018982284 -0.027070604826746 0.100232850729681
0.0254872768980296 -0.0173648450756969 0.583181859754272 -0.294323076350987
0.00742134084398002 -0.0120009291442545 0.233720117368261 -0.910104783332479
0.0293533551331219 -0.0190691766421474 -0.655880750086465 -0.613150127702728
0.0278506938607153 -0.0558870201915475 -0.660838083123573 0.255791533066049
-0.0244874396052165 -0.0355085154046727 -0.0985382159475833 0.465619737520221
-0.0348426106738424 -0.00533227469373475 0.154916244405583 0.150241344204933
-0.00859226315990825 0.00899062661404084 0.0909416727425744 -0.183449114555762
0.000345568310787867 -0.00812129060602045 -0.0755444495765755 0.181148253368027
-0.0201207332991089 -0.0285281612332336 -0.118717714279113 -0.105188813541925
0.0152454232001107 -0.0255581024569845 0.142119218452004 -0.42014930273492
0.0480995138135157 0.00133057811005191 0.592050066255508 -0.143516097865256
-0.0134220745353905 0.0358721694413607 0.590177035300065 0.602179351725384
-0.0471904572156749 -0.0179924898743829 -0.242460000318499 0.864651814925805
0.0225594629931011 -0.0465638363866068 -0.576056683962845 0.314606699769793
0.0398922143518868 -0.0403277615475255 0.00549730581154278 0.0878720472953119
0.0214641822837963 -0.0121319269795424 0.569032002545106 -0.347312215805946
0.00780524992573045 -0.00781334131499671 0.12251887922812 -0.926320202707646
0.0276777036013224 -0.0199176182486794 -0.719301316466291 -0.522325093754212
0.0205533475991528 -0.0544709586460228 -0.62120185903779 0.321049820435025
-0.0302708317707057 -0.0317735178246298 -0.0521601804412257 0.466637853218165
-0.034726008201244 -0.00287622235253129 0.170513235983663 0.130296989992444
-0.00376473139832907 0.0113137235368646 0.0938165037594544 -0.188374036268696
0.00490346399902058 -0.00526373181952055 -0.0706969841949086 0.179232679631173
-0.0169964039306835 -0.0263664637368972 -0.106058189958682 -0.120797306490351
0.0153565266581951 -0.0216204731798103 0.179569030903039 -0.411794456777814
0.0457926562362956 0.00618913501495614 0.612675851457599 -0.079401859079852
-0.016204331430682 0.0416906202724364 0.517996116682848 0.67185443805243
-0.0445728946746882 -0.0133740716346165 -0.345297299127678 0.84154635163071
0.018001812532042 -0.0363908493199795 -0.589841937405616 0.264360267948443
0.0277420750760118 -0.0292538943579378 0.03838672548882 0.0754569339443256
0.0140576227251824 -0.000367665289649571 0.552986689489084 -0.396376729192928
0.0114950268707307 0.000553088011080742 0.0231397923329841 -0.925709546863405
0.0277937649297667 -0.0194155486429629 -0.766010620730995 -0.43295983133217
0.011873010362648 -0.0525185817397983 -0.576142967624245 0.382743067945417
-0.0344032110763338 -0.0260939296162778 -0.00886377812296131 0.463349171705048
-0.0332484584765087 0.00266833020843479 0.183823635899795 0.109934451851815
0.000388280439237004 0.0161461155596744 0.0987686945173886 -0.191057069764629
0.00773580011474344 -0.000683622115802429 -0.0663686489859252 0.17705271671069
-0.0121191590937485 -0.0196617670659281 -0.0971574391644596 -0.131151679176561
0.0157068181903938 -0.0168537061461636 0.202536198059549 -0.403716882954666
0.0425971833124409 0.0110372799519462 0.620790857352625 -0.0389848736430508
-0.016158936855322 0.0495581075664512 0.46650905124511 0.716069780190264
-0.0450410552046684 -0.00145341866791804 -0.413044107653795 0.824912682511032
0.000542259813168855 -0.0216693916321938 -0.592587508175994 0.233286138169916
0.00442351099511686 -0.0153603898931923 0.0608922694164904 0.068940102567634
0.0033892373343703 0.0183587737302083 0.5411431810108 -0.427585262969066
0.0182306387352607 0.0125232763395186 -0.0385712315850592 -0.921522237356631
0.0312727445138431 -0.0163189640720731 -0.788557283155385 -0.373305569447387
0.00662570257303716 -0.0484157368410118 -0.542599455381559 0.418873383418785
-0.03580044116715 -0.0204024933656819 0.0182355268782434 0.458333241769622
-0.0282399257397124 0.010010735729943 0.19162508184998 0.093443892246978
0.00470157721016434 0.0235254671287651 0.102234938440758 -0.194642554970399
0.0100608573545033 0.00473942108104105 -0.0621186929481056 0.175459055137624
-0.00823358459722598 -0.0109416304007009 -0.0955246301891416 -0.136558157742393
0.0135518813496702 -0.011492092777935 0.208063909304324 -0.400168323063167
0.0401039490071651 0.0156505554719997 0.621889916292376 -0.0239907048707131
-0.0124178024147366 0.0587883881585874 0.444343549138817 0.732784279448054
-0.0463765800533815 0.0152439680572369 -0.4369120909263 0.817696116936979
-0.0239193997210477 -0.00492276675534047 -0.591243630117155 0.222236733135957
-0.0233358762876802 -0.000457428096437003 0.0710001187685796 0.0683834215525043
-0.00729291611518033 0.0388631035573416 0.537229251129866 -0.438151276157562
0.026909293915267 0.0256824655882698 -0.0602573933385452 -0.918908963232262
0.036130964194464 -0.0125289163916261 -0.794350851891398 -0.352627822580365
0.00396864788725364 -0.0452595288191491 -0.53266095110696 0.426550010517855
-0.0341771106655178 -0.0157281623346096 0.0286617401212082 0.453284029216742
-0.0215995443300203 0.0172360836841584 0.193321418428918 0.0856686994954041
0.00793402591835676 0.0306273018145425 0.10534507883432 -0.197386474768965
0.0119598378601691 0.0111227440385606 -0.0602444427839257 0.173482809415037
-0.00333928899626553 -0.00211660783551711 -0.100790462878919 -0.135842915215516
0.0116644583062301 -0.00573869872779741 0.196749477255528 -0.40427702878395
0.0379000776872117 0.0174985761615417 0.619308732245655 -0.0426361787271061
-0.00551004631879144 0.0673561757721219 0.460858148074024 0.717398041826221
-0.0475527294988105 0.0332471817784652 -0.419267386018018 0.828226976193433
-0.0487021498989406 0.0119447650757058 -0.586344992414927 0.236805847358302
-0.0524390438853764 0.0138016868471405 0.0665778356894152 0.0725341049983761
-0.0204445388665496 0.0589396145632524 0.544542966145288 -0.424368534062955
0.0328570317476459 0.039461983915829 -0.035809887588466 -0.919638575726776
0.0427129911493387 -0.00815387512845515 -0.785493849530712 -0.37543249384172
0.00407556388160545 -0.0412414806616039 -0.541889880660033 0.414438018158921
-0.0300713103740614 -0.0123516127310256 0.0186583390085757 0.453253247895469
-0.0149759258538083 0.0256539477651065 0.191015108359663 0.0846620577210185
0.00966212434954446 0.0377065927679756 0.107302582690363 -0.200068800536016
-0.00972789676588621 0.000872221677216343 -0.0956454448478731 0.175831723632423
-0.012595277567384 -0.0121090430507097 -0.165609640905111 -0.0531762708415067
0.0141855229074696 -0.0190037976107747 0.0258316317948983 -0.423324605685462
0.0482566001261761 -0.00710116966544252 0.499448130892305 -0.311162105982724
0.00585997995967847 0.0324303669589133 0.735509350797454 0.365039099206771
-0.0430035389617566 0.00328032570909273 0.0497820506770075 0.868700839026883
-0.00125807770657991 -0.0379480005380603 -0.505191499427699 0.449255397042189
0.0200855016566722 -0.0396804831866277 -0.0773684687260712 0.125325546468004
0.0141816842046117 -0.00979095393858691 0.598302655049032 -0.194551966216564
0.0103954542461086 -0.00521520380877223 0.424863589137028 -0.852897688541371
0.0362094862677278 -0.00910490756959128 -0.515310938500995 -0.755096074158388
0.0380987336879614 -0.0504911184193386 -0.713359891723886 0.120685977825358
-0.0147235200393667 -0.0356387104292986 -0.176302535543081 0.450471289594722
-0.0280783876671595 -0.000385138786656384 0.128028987746853 0.177530959157946
-0.0121556573604848 0.0134401105357363 0.0878477205778505 -0.175072462954194
-0.00781381414732149 -0.00323383164567427 -0.0885814794233573 0.178703693760509
-0.0178805658005938 -0.0187699072229338 -0.152016766542585 -0.065686403390835
0.013679721572696 -0.0230451554894982 0.0618814130322047 -0.424456779034281
0.0475984551074806 -0.00527006821479608 0.533002212498104 -0.266109411571235
-0.000801343469005853 0.0313685510647274 0.700686189338273 0.436457348895307
-0.0478478259973211 -0.00759847239671623 -0.0337669684904054 0.876768232174733
0.00919768154909031 -0.0481981196391061 -0.529643742787267 0.411973732408222
0.0356052986188105 -0.045477013518157 -0.0554144606330484 0.11390289689672
0.0228277595441335 -0.0163834954674127 0.594592354070847 -0.240943892420402
0.0081012580123322 -0.0121707983038013 0.340091602869388 -0.887190624753461
0.0317686186511453 -0.0158977839325947 -0.58210728214525 -0.695480530909631
0.0337865789366089 -0.0538162010025879 -0.692233394646703 0.183595249527548
-0.0193224680292288 -0.0365865177717668 -0.140761969200163 0.459962192620807
-0.0319601443259222 -0.004598722364417 0.14077464890884 0.166216837655272
-0.0107368612717042 0.0102411688607902 0.0880176225688818 -0.182488044832254
-0.0031878116838334 -0.00847339701298143 -0.0813630782298218 0.181256789580286
-0.0227736975287936 -0.0270962726124702 -0.134342568612264 -0.0887234664208893
0.0146765635211413 -0.0259058749811916 0.101196268576529 -0.429996797760353
0.0495899328628824 -0.003784218414021 0.565366965922855 -0.210214907032164
-0.00775320537664892 0.0331076567778317 0.654644044859377 0.51893091429316
-0.0480867250530522 -0.014907307151344 -0.133214448545941 0.876346635518957
0.0191665584672191 -0.0518644286389206 -0.555539869889372 0.364156275651913
0.042507562065598 -0.0449694295245207 -0.0259746813366036 0.100573537587674
0.0246843650390194 -0.0172734450718545 0.582807745273306 -0.293567028126303
0.00712999338183692 -0.0125490399373158 0.232612935437384 -0.910788932218483
0.0294117085994044 -0.0186615557099356 -0.656949634462651 -0.613175689136018
0.0274214984546549 -0.0560360349204566 -0.6629513903406 0.257906870196499
-0.0248079505340165 -0.0349866793889433 -0.0962080593964119 0.467038196137546
-0.0345163520186904 -0.00494575504685447 0.155547581626386 0.15061291474913
-0.00787845259458944 0.00927482927778757 0.0908171744292725 -0.184028294725724
0.00118209476531893 -0.0081537948521524 -0.0751231753176241 0.180682556254111
-0.0204198654384502 -0.0281122665596536 -0.118149003233107 -0.105380527091096
0.0152707831572158 -0.0256310162189618 0.141479134557234 -0.424019374213752
0.0476178427929318 0.000469633547063596 0.593860317080002 -0.145755092550179
-0.0124985040885179 0.0355837505518573 0.589092987757507 0.600966545368324
-0.0477863020646196 -0.0180524408451772 -0.242301699605972 0.866600978682429
0.022447493444483 -0.0467778201116946 -0.576875581300779 0.315326721000033
0.0405473492298192 -0.040205587103879 0.00605922785311646 0.0873262813177908
0.0212363527767516 -0.0126751217093233 0.569839354483362 -0.349115443650336
0.00758499671206112 -0.00858226062444167 0.124186139964179 -0.926785115546876
0.0273687414957243 -0.0195562982468631 -0.719114615871242 -0.521437469068323
0.0193788127562672 -0.0549690230652233 -0.621914898358431 0.326410474074991
-0.0310576375551154 -0.0317877154153303 -0.0511698799904881 0.467888532332022
-0.0349375033626009 -0.00219674666009898 0.171111774957268 0.130573947661049
-0.00378607301471088 0.0117589363558082 0.0941604015776214 -0.188356843590874
0.00410191488102354 -0.00643002011729571 -0.0703445575282305 0.179893559781776
-0.0178960919493658 -0.026578217022983 -0.105601401887045 -0.121471013689232
0.0159316414390377 -0.0223880183923293 0.177264363206533 -0.414341526673949
0.0456407563195036 0.00668376680772777 0.614257448908107 -0.0828016845558101
-0.0161892744449093 0.0421205570204344 0.517101368783647 0.672297616192717
-0.0447887684534431 -0.0142169292464388 -0.346428415702946 0.844795658624186
0.018274315530098 -0.0370568796052878 -0.590302954467935 0.264173174930757
0.0281496758890001 -0.0296978743975619 0.0389123607309043 0.0757470751222443
0.014658344251245 -0.000755966000612479 0.553775730037312 -0.397681403015715
0.0114730055710056 -2.40000105618142E-05 0.0228919292289197 -0.926520249593919
0.0281220153758146 -0.0188596380921062 -0.766913638510735 -0.432641163036114
0.011934917887798 -0.0520082779791158 -0.575978357876654 0.384149211489919
-0.0347511568131162 -0.025942686363586 -0.00639257034186579 0.464880161101649
-0.032584662341482 0.00349884204045777 0.184650654952516 0.110207098580172
0.00121460957301608 0.016778205462414 0.0994979465752674 -0.191257763743417
0.00860561045314364 -0.00112592825036296 -0.0652966326816257 0.177370566935077
-0.0132480222585238 -0.0193925078557366 -0.0967053390986779 -0.131855939740896
0.0151125340937392 -0.0176906853346562 0.201617880426703 -0.405200156035713
0.0423178221979671 0.0115066369944434 0.623931727378503 -0.0394655290934645
-0.0159345144910355 0.0497842096667949 0.46669681097922 0.715874311539773
-0.0449100208444257 -0.00228000708168831 -0.416042116663818 0.827789184170521
0.000893587579852865 -0.0215193543192855 -0.594175873865027 0.232069642196254
0.00432060688674176 -0.0155149350209483 0.0612295765865961 0.068931847963339
0.00397899958770007 0.0181121690076673 0.540694746813712 -0.42736470470968
0.0179406683970615 0.0123002025974126 -0.0420166217178599 -0.923399689266772
0.0310893324971986 -0.016350342173538 -0.789699663520731 -0.37263609782907
0.006379419388086 -0.0484261512445657 -0.543408125618956 0.419350673920912
-0.0360787982456184 -0.0206663735698814 0.019717277144086 0.45881555507367
-0.0277257754652962 0.00998643198848719 0.192315318192539 0.0931453522074845
0.00485290888560516 0.0231173510225892 0.10257373376362 -0.194863465391479
0.00946603298316864 0.00422556342894986 -0.0621541109174363 0.175182830147646
-0.00824527863345417 -0.0113513434200683 -0.0956235158699329 -0.137156801552302
0.0139427322489819 -0.01181054859973 0.207151112344931 -0.402104705757965
0.0400936160329339 0.0145169413949454 0.624339805833095 -0.0258185165419713
-0.0125670869700219 0.0594360762320644 0.446248861947105 0.73125202533828
-0.0467774953549635 0.0145894723952164 -0.439848774219141 0.819262791154702
-0.0242906618551169 -0.00549462421831378 -0.592728960528632 0.223280792011059
-0.0232727654608966 2.80839813487361E-05 0.071858549014109 0.0680612706530728
-0.00728118839036459 0.0392757530144464 0.537241258531618 -0.437519678203255
0.0263345085197922 0.0257751459791617 -0.0608148670318445 -0.918469855608665
0.0363493993648872 -0.0126693096618304 -0.795833062595556 -0.350016607905777
0.00382929603805939 -0.0447715199168553 -0.530498325651665 0.429271608975024
-0.0337732874179871 -0.015470586569176 0.0299676156633174 0.454357332785093
-0.0208366820137907 0.0174868620515672 0.1942477602196 0.0853145765169584
0.00857922213171634 0.0309372876052206 0.106577317648396 -0.198181345077909
0.0117101776863099 0.00987900148460648 -0.0597743413059722 0.173538931065644
-0.00332741281423959 -0.0017494678748606 -0.100896661115574 -0.136528421525444
0.0118499396512866 -0.00619235783642447 0.197049514060014 -0.406535582306577
0.0382836037476665 0.0165574096335562 0.619842761421481 -0.0446873918682593
-0.00575158767265367 0.0681589039375773 0.460950339276718 0.716849199677624
-0.0475944268384777 0.0331125827188251 -0.419081734593333 0.831934380006803
-0.0490610434246857 0.0121243968227427 -0.586872728516772 0.237277798720528
-0.0520493028182205 0.0138041627869424 0.0674652864472361 0.0722174965045878
-0.0206154166801634 0.0586926408195691 0.545615580023415 -0.42596961439496
0.032803650168596 0.0392377610534351 -0.0372097040905454 -0.921373390627659
0.0432002220412783 -0.00735178723692097 -0.78834673546749 -0.376032236541297
0.00375913909608937 -0.0414079096392076 -0.542219421818303 0.416095536684666
-0.0306751594030818 -0.0121852968934446 0.0206905210039404 0.454214635354859
-0.0141055701538462 0.025904684913194 0.191619816729917 0.0848952358759751
0.00945400404542657 0.0376057635616001 0.107914227218632 -0.20036055933111
-0.00981058918804315 0.000776589564420532 -0.0947779995873069 0.176107765318808
-0.0131092979988271 -0.0119559488841282 -0.165792597463662 -0.0524872555042432
0.0147530372500722 -0.0195334551321533 0.0252762128737492 -0.424966001984516
0.0485163907696683 -0.0070147955146566 0.500059723930862 -0.315390387733146
0.00641529023759696 0.0332987697062129 0.7356490213965 0.366041173341874
-0.0431618607131568 0.00313593687678278 0.0496746294790618 0.873600594001991
-0.000795089858227117 -0.0381538428135997 -0.505633718232367 0.449605068069664
0.0207449968591991 -0.0409600020648025 -0.0768188603698159 0.125910687877506
0.0143780896375225 -0.00979722064958348 0.599836647370856 -0.194057723873135
0.00957755374665814 -0.00459214283067901 0.42435371183725 -0.855334926202966
0.0361440760112395 -0.00883536894148011 -0.517498369367888 -0.759293723686317
0.0376966778776096 -0.0498022711548485 -0.715722559879317 0.123931612315616
-0.0150906085962884 -0.0355010003070319 -0.176401350379386 0.452955250018489
-0.0286595350446553 -7.31092734861391E-05 0.129426450089227 0.178400053863395
-0.0120578980926562 0.0135527211030334 0.087962402244321 -0.175608542219197
-0.00801909181590465 -0.00385487076921837 -0.0886613161494849 0.179411405660152
-0.0177177332903436 -0.0186019651757887 -0.152656214436352 -0.0659107296130842
0.0134588252722389 -0.0232455583400247 0.0608290801831165 -0.426901368651733
0.0482301216768691 -0.00531349368471668 0.53442941875585 -0.268713719299858
-0.000466362808043133 0.0324401189268081 0.703207082475261 0.434645779991216
-0.0476760764863166 -0.00799377221119182 -0.033753215089912 0.87865527766446
0.0101981833577753 -0.048986433713325 -0.530859407064986 0.414270837433579
0.0360047915888458 -0.0454257186127928 -0.0558800262105311 0.114365453068215
0.0231576792344167 -0.0163545786131698 0.595174774726207 -0.241394559269647
0.00798959587280337 -0.0120957219439618 0.340272611221703 -0.890431110011672
0.0322409484656423 -0.0157401556429574 -0.585280624513957 -0.696538312633269
0.0338477160150981 -0.0539926916437013 -0.695711905899125 0.188506044186677
-0.0195810213111428 -0.0365465205792908 -0.140096447284465 0.461416400252094
-0.0323382710000064 -0.00451173794196055 0.141187555412112 0.166686601662296
-0.0110715822596417 0.0103396039038996 0.0879773283762266 -0.181867929451256
-0.00307033260282461 -0.0090140900540826 -0.0814793738372712 0.181555362685605
-0.0221117704829125 -0.0272038750805742 -0.134739515390992 -0.0894633378031175
0.0145063108048709 -0.0264058681089115 0.100060134130859 -0.431994170744434
0.0496024818480404 -0.00440147188410974 0.567283945028988 -0.212618812585149
-0.00753756661745879 0.0334385220813354 0.653971182150583 0.516402922103978
-0.0480533681891774 -0.015427267882559 -0.134123938033131 0.878347503674579
0.0193136996806229 -0.0523285928394035 -0.556827164159485 0.365861112300951
0.0429975059695725 -0.0452743480443434 -0.0253468849215262 0.100814714588233
0.0257451075245344 -0.017831093566393 0.583893290204283 -0.295452187558804
0.00692438133963874 -0.012304928960793 0.233106217330288 -0.914577082097298
0.028989360799088 -0.0189033024611906 -0.659792136447021 -0.613872370995102
0.0280234153156657 -0.0556869608337675 -0.664725470332673 0.260446468474699
-0.0261365406130809 -0.0351905570857734 -0.0954226422674401 0.471056489464244
-0.0338554812251111 -0.00524101065488392 0.156443121076768 0.151321942732355
-0.0070465473808767 0.00997577547722919 0.0919259914392815 -0.184660925307493
0.00126939553059619 -0.00876898227186326 -0.0748890953705674 0.181096512967745
-0.0216400587512608 -0.0285456335720281 -0.119823093833867 -0.106241389384748
0.0152662788683749 -0.0257560173598108 0.140909132773686 -0.42506734368091
0.0484077924826675 0.00081837876780377 0.597063976205493 -0.148802227608947
-0.0125128298003948 0.0376982558227627 0.592092418687347 0.601124745414653
-0.0473767152575867 -0.0184717678795309 -0.243938058959697 0.869246337895802
0.0233881236317138 -0.0476061582475834 -0.578934267239551 0.315522909767474
0.040763563234047 -0.0397789597597526 0.00652586781942355 0.0879475408205543
0.0214118770237733 -0.0131282563802334 0.571545992087614 -0.348834493443116
0.00736225295788478 -0.00794464073125243 0.121825444719572 -0.929959635496712
0.0274774663786454 -0.0198483304841129 -0.721838069946679 -0.521367673692933
0.0197835127637668 -0.0548413424856037 -0.623275320513085 0.327036278587054
-0.0308928505672639 -0.0307880645158125 -0.0498060168791954 0.470504975472967
-0.0344124838722849 -0.00155525620916365 0.172314096567733 0.13097515196589
-0.002732664246628 0.0117104665173649 0.0942012266689159 -0.188817787462238
0.00436289854871133 -0.00666643447689528 -0.0698556114323015 0.178725181731766
-0.017875147977236 -0.0259197967061422 -0.106583405731624 -0.122116166773322
0.0154581697891914 -0.0225661180515086 0.178913687508563 -0.417366270822578
0.0454954032982025 0.00558347355777307 0.616662715201251 -0.0849859345007865
-0.0157916326400625 0.0430912055695162 0.519495908586765 0.672102640698199
-0.0446386114147613 -0.0140207961884621 -0.344765339962207 0.847452117889626
0.0184244681636062 -0.0374006180711239 -0.591220732518146 0.264827184050652
0.0284795498179293 -0.0299945290132408 0.0392537598405979 0.0754895772028068
0.014933559393075 -0.00103051819101354 0.554652252522969 -0.398096302504582
0.0112831581869469 0.000982687885812402 0.0240193088768802 -0.929808091840189
0.0282421602553702 -0.0194310736496408 -0.769185280018387 -0.43333262156543
0.0109024896780879 -0.0528327557497877 -0.576272917914173 0.387256150977933
-0.0347368843043254 -0.0255149299054879 -0.00636354430609076 0.466612545910747
-0.0319515102059334 0.00357269659565007 0.1853572760411 0.109971151019962
0.00189721598284535 0.0172943032908477 0.100271063457445 -0.191611987213463
0.00797362374875266 -0.0018521055087394 -0.0651179222346568 0.177233907370931
-0.0132366677140806 -0.0193620249223639 -0.0974324802538393 -0.13306431561402
0.0149855624207406 -0.0178440946727746 0.20235584961624 -0.408557931075339
0.0430845801053418 0.0109827921210787 0.623835367047612 -0.0421630926881045
-0.0157242587287524 0.0510643478911911 0.469284964375146 0.717810771861816
-0.0449617679576331 -0.00237013856112254 -0.415119363799065 0.831007055172848
0.00178187200711647 -0.0227149070734268 -0.597414807529736 0.233795236285012
0.00535643938913862 -0.0155181421375222 0.0616132225565236 0.0697484764705371
0.00435219082749702 0.0178569021627709 0.542547263675683 -0.430314107428577
0.0178536013334683 0.0121408104547356 -0.0426933903060191 -0.924903203138603
0.0309341735113384 -0.0167812341036788 -0.793512151584753 -0.373397146453525
0.00600974217516152 -0.0488540354530254 -0.54546095608086 0.422951815644387
-0.0361345536808157 -0.0198038135129332 0.0227228571469265 0.460678081082368
-0.0267687062594786 0.0112128272534004 0.193534979622305 0.093641251417486
0.00591739818034355 0.0233604512007654 0.10284777902732 -0.195745655897077
0.00992221253524582 0.00389295101271598 -0.0620373372529368 0.175342071495687
-0.00769482369195579 -0.0114682727610271 -0.0968630067505339 -0.139034927895859
0.0131747904510783 -0.0116631096592141 0.206479954063304 -0.405309137027504
0.0404951884070118 0.0143326064140015 0.627314325521202 -0.029224448183854
-0.0117854577020583 0.0607922232018386 0.44677873528665 0.730543767846755
-0.0470447646679019 0.0146719075510474 -0.44123149165661 0.822360745866515
-0.0235981533572868 -0.00570955655970978 -0.594758005008014 0.222944823054173
-0.0234707165980875 2.94538779990702E-05 0.0724100123034893 0.0681632174791124
-0.00693071987966023 0.0385391451509055 0.538371165557861 -0.439372104359339
0.0264615518907732 0.0260199755504132 -0.0630189036670523 -0.920634300345895
0.0367725021133873 -0.0127109268882881 -0.80011275321285 -0.352070123611026
0.00290849201709639 -0.0447914455705977 -0.531830586430299 0.433010278290099
-0.0339835615246799 -0.0148417620245354 0.0315518760602373 0.456598105711568
-0.0204052817569698 0.0178829731231681 0.195407570380738 0.0846024945237836
0.00888886310188199 0.0310333111287563 0.106893081325243 -0.199110615009339
0.0117212749813486 0.00906137968816597 -0.059236072395111 0.173057006953784
-0.00349730011013235 -0.0017297351976942 -0.101510634179097 -0.137983283959256
0.0116370636841904 -0.00626817995901207 0.195276084454747 -0.408332342118299
0.0375297810815451 0.0165516271211008 0.622827035942407 -0.0471271979712769
-0.00545108771890373 0.0686434942450759 0.461940021421738 0.720816615903544
-0.0477135579317676 0.0330346381562122 -0.421261098771188 0.83537380931126
-0.0495641818952944 0.0107496671786332 -0.588531833420888 0.238251180501507
-0.0522957795160456 0.0140237660167237 0.0684111625377746 0.0725461948430171
-0.0205722766945811 0.0587723089335843 0.546031218028102 -0.426990994805101
0.0324977970427118 0.0391394213234856 -0.0375382698294294 -0.92414437050655
0.0430047018832111 -0.00788595443944324 -0.790149820986136 -0.37557478814916
0.00364496672962197 -0.0409634609791 -0.541950049911966 0.420254851789037
-0.0301832553109446 -0.0119846899163421 0.0218404759087786 0.455969308806995
-0.0132560698511943 0.0253339450029152 0.192400166436424 0.084932339232541
0.0106134600986726 0.0379445200217702 0.10908593217755 -0.201397892562564
-0.00943364672067688 0.000892324794589199 -0.0945255894751347 0.177328103093142
-0.0133241301845326 -0.0120670225514467 -0.166876443944165 -0.052831249666318
0.0142641276252845 -0.0197082292887411 0.0241360514524233 -0.429182222540577
0.0485347880407043 -0.00730208491827241 0.502499995460923 -0.318968837088755
0.0070691246356228 0.0336985673390895 0.741187942778391 0.362901616113841
-0.0432754353743497 0.0031380018755511 0.0507517707204965 0.876278309374789
-0.00124416948023748 -0.0387196188495277 -0.50669397719931 0.452319346879886
0.0210245015855445 -0.0404239725529241 -0.0769438119158253 0.126460260484635
0.014912941664353 -0.00966174890288257 0.601554802240004 -0.196290497133096
0.00949746490633448 -0.00545799903268152 0.426206088059121 -0.860076868971524
0.0363119345630795 -0.00915818478186271 -0.52026318112633 -0.760425083618625
0.0378479890965239 -0.050381494304949 -0.720190732565823 0.127074056977143
-0.0149686454754966 -0.0360227117119012 -0.176083746975405 0.45581238047305
-0.028288632503085 -4.79999184802376E-05 0.130864116421566 0.179024603907332
-0.0115081161878367 0.0140313573252972 0.0882497934015819 -0.176314300170824
-0.00742398149683788 -0.00418442300191251 -0.0885435222112246 0.18036029857895
-0.017776163145492 -0.0190336868913972 -0.152436000102246 -0.0656382698629435
0.0146387548863268 -0.0234075192570683 0.0610437282204772 -0.430739326720666
0.0484732155074438 -0.00606124862723386 0.537581017059921 -0.273306233386867
0.000386183199144416 0.0331414594077333 0.70612740199486 0.433745022420201
-0.0478274227003089 -0.00808358002442054 -0.0327330367981813 0.883344432219801
0.00985179025309112 -0.0489859482126713 -0.533853732388529 0.417063978361761
0.0362162909221092 -0.0455647498917287 -0.0545326524290067 0.114422095618826
0.0228643878428241 -0.0165150920820411 0.598312314541381 -0.241668708937191
0.00792643029678228 -0.0122298101755741 0.339821901924246 -0.895572676116964
0.0327125839034125 -0.0155316860924437 -0.589576817157397 -0.699518274184358
0.03367302309274 -0.0540655299980537 -0.696838679684711 0.191823373557568
-0.0194559355438658 -0.0364796647676205 -0.139667831923628 0.465410129896656
-0.0312585673539797 -0.00363537655360089 0.142810763084422 0.167332348821042
-0.00986554177427951 0.010898039725382 0.088350217674293 -0.183512609411699
-0.00295795899542659 -0.0097755456262185 -0.0814486921544106 0.182562638194477
-0.0221709377254187 -0.0270113416977712 -0.135460864419769 -0.0909178207089879
0.0142787565281428 -0.0266430454342646 0.0983367916697194 -0.436200136142903
0.0498205865908694 -0.00433269464791603 0.570366105442092 -0.21726664017283
-0.00673204618531025 0.0347530970220559 0.660358574228456 0.517625506587145
-0.0485990269851342 -0.0154927399893147 -0.133241251019108 0.884358068045284
0.0200241360517727 -0.0532350054212544 -0.558984366292557 0.368549828158648
0.0434188020344746 -0.0454332466132513 -0.0249820461116049 0.101413940968911
0.0267717260875762 -0.0186750030680545 0.586749473611791 -0.297875574981923
0.00715775409538454 -0.0126943076915918 0.232619840406686 -0.920837456715812
0.029552367749911 -0.0192983917580755 -0.665153954504233 -0.615209636106409
0.0265083978130601 -0.0558888623033514 -0.665614094428069 0.264835135236318
-0.0254369061640687 -0.0353098741195539 -0.0940586784157626 0.472663988238059
-0.0338603941815042 -0.00510365737009435 0.158496088706842 0.151680339840233
-0.00689083998476629 0.0100602720193158 0.092430157525339 -0.18533684450223
0.000942940924807009 -0.00970201525096831 -0.0748455911641813 0.181910323808499
-0.0217985135406502 -0.028240255782711 -0.11973956761167 -0.107597457850048
0.0143798830880055 -0.0266210480023637 0.140213709102319 -0.42917940780071
0.0480982540459754 0.000204968717777029 0.599295167485915 -0.151217009503032
-0.0123847420073842 0.0381362150939696 0.595060896627859 0.602269052927128
-0.0474404272035616 -0.0182275995165707 -0.24494587379353 0.875874168007434
0.0239044227321044 -0.0492253165506906 -0.581152226746067 0.317979229764626
0.0407519024848912 -0.0408032820355521 0.00748160549128149 0.0885924639316354
0.021997755254461 -0.0134074610176651 0.573038195803695 -0.351128708906219
0.00742782077004548 -0.00858139775177875 0.120744368223097 -0.936272846820799
0.0281204077918631 -0.020181389139706 -0.726551547256958 -0.522967020971198
0.0189137175955621 -0.0554603289114193 -0.625107966783909 0.331050267857009
-0.0315411938928832 -0.031121355936678 -0.0477356282802882 0.473576863023801
-0.0340837947148749 -0.00187209636017096 0.173344039034539 0.131553576607649
-0.0023283936855358 0.0120100562209556 0.0950171988382111 -0.189688756257241
0.00523381588949059 -0.00753467205989145 -0.069236172481802 0.179507380247751
-0.0175440924068805 -0.0263056319766263 -0.106649544924502 -0.123579111547306
0.0156066107180757 -0.023167969504018 0.177568947376781 -0.420752519559414
0.0461310344700333 0.00492129035416426 0.619868505245428 -0.0883750738182817
-0.015459094566733 0.0438343834574339 0.522329958539438 0.673766868151707
-0.0452375487568386 -0.0145640735204898 -0.348112113352821 0.851557613993727
0.0186381522392223 -0.0387737979245684 -0.595092765918697 0.267942011326763
0.0285475165835616 -0.0295407731485548 0.0402005249342755 0.076272319962383
0.0147973238915131 -0.00145620945579061 0.55491103727437 -0.401531151790772
0.0115105261912145 0.000713727248574894 0.0205967844965376 -0.935877164537047
0.0280079263542009 -0.0189847773814426 -0.772735393334625 -0.430666611438028
0.0109296774744253 -0.0523654050142058 -0.578644191745746 0.392282793391719
-0.0348959675292832 -0.0252872506434117 -0.00501798202390213 0.470125859590072
-0.0320278921751874 0.00368333934325765 0.187061933689238 0.110881021572699
0.00178951592174923 0.0174082188155073 0.100359228598228 -0.192507527131526
0.00836089803901217 -0.00311291856577048 -0.0638855855077976 0.177357825444029
-0.0133086195557511 -0.0196056032337991 -0.0981988945988559 -0.134154879707815
0.0145766190769937 -0.018104182956868 0.201409536114039 -0.411828348401033
0.042757884394474 0.0100642117070642 0.628570743596311 -0.0457316395862367
-0.0153298904026667 0.0520824703766681 0.471551931990858 0.71986233237633
-0.0455289560772833 -0.00226568635431715 -0.418252021120515 0.836260832453995
0.00132767091274679 -0.0231554433675603 -0.598962015116527 0.235210590321432
0.00483011197984862 -0.0156124196104639 0.0627557312332285 0.0689310793860254
0.00478462822478269 0.0173210314578196 0.542715910651625 -0.433243677402506
0.0178772271660855 0.0125918039698136 -0.0445894535961933 -0.930399888428859
0.0312847055472847 -0.0169418919205502 -0.798524030099535 -0.372795023704915
0.00534299121765373 -0.0487019483856418 -0.545598295466999 0.428693067366718
-0.0360827284668285 -0.0198714674239434 0.0239289171983475 0.462585176921814
-0.0262770999086103 0.0108220030110612 0.194329942778608 0.0939709936384643
0.00646258427637516 0.0237911476516755 0.10383544954635 -0.196318951896285
0.0100794795086812 0.00270009567344974 -0.0612088718742879 0.175787693729793
-0.00801480185598247 -0.0106003069371991 -0.0971898082152989 -0.139915273413567
0.0130697927758686 -0.0121671160456878 0.207159064646506 -0.409611997686892
0.039822145431438 0.0141586393658308 0.630604886728813 -0.0317884832811908
-0.0121757571378008 0.0613032062809156 0.449383938688275 0.735859076956435
-0.0470699823751341 0.0138918976813456 -0.443889498639608 0.827646151732772
-0.0233498633755951 -0.00640212029860542 -0.596649176874706 0.225164140854254
-0.0235101741958347 -9.01413259138707E-05 0.073002079738328 0.0673520514318637
-0.00691527289647523 0.0388620330673331 0.54012941314685 -0.44107243280967
0.0255554750066756 0.0252090884919556 -0.0637926609563968 -0.925571300861046
0.0369815113408149 -0.0128835216197955 -0.805514110526361 -0.350555708348933
0.00333783764139744 -0.0450255022471896 -0.533423026136466 0.437876194925527
-0.0344833311588332 -0.0147322055675446 0.0328194743727273 0.459744991316181
-0.0202457320769912 0.018631701677801 0.196249226088392 0.0845974915814598
0.00883025775633959 0.030678355093171 0.10732635675565 -0.199697707588923
0.0116219675420732 0.00830706170181825 -0.0588014700522883 0.173418829077884
-0.00380811787541871 -0.00142774319366335 -0.102253927591378 -0.139244323163408
0.0120787937915389 -0.00665219728501015 0.194500193608142 -0.413657442673956
0.0385756548631165 0.0165517720028864 0.628201955521089 -0.0498453256570771
-0.00507985671956542 0.0699957263658778 0.467076675044598 0.722156889115811
-0.0476513013554462 0.032360902296247 -0.423864545060289 0.840278344414019
-0.0486151467088307 0.0106077091702217 -0.591756277619995 0.240005737962614
-0.0520255040637642 0.0134383789578153 0.0690720340380373 0.0721500220434071
-0.0198767299443628 0.0586366647063537 0.548533784120144 -0.429948074352663
0.0326156209556035 0.0389768577330628 -0.0376895904460922 -0.928446654458866
0.0437808961528811 -0.00836416363166202 -0.796198667917944 -0.375805114753531
0.00374703542796635 -0.0408945328700503 -0.543402371866984 0.425837610036819
-0.0306953835814904 -0.0112916298409205 0.0235484423044872 0.458939703590769
-0.0127211349285468 0.0264933479766603 0.193818108160519 0.0840957734558537
0.0113303819924311 0.0379690202447878 0.109683208605993 -0.20185897325379
-0.00928865703752003 -0.000697235491763922 -0.0939399342071904 0.179169388121001
-0.0126662086916763 -0.0121354618902449 -0.167177569668105 -0.0529161497214261
0.0140450011399883 -0.0202908884804538 0.0220593645339601 -0.433789533352303
0.0491519974291593 -0.0077554210781282 0.505147907371026 -0.324508160910985
0.00769495426317454 0.0346056669056521 0.745681742621853 0.361353904404711
-0.0431657368481648 0.00282522346780485 0.0536165848251321 0.881185831851277
-0.000243375616883815 -0.0400406090555772 -0.507845221698034 0.455549320293517
0.02164745664624 -0.0406667788800165 -0.0771576147202541 0.126886420965719
0.0165612542069699 -0.010106892753989 0.604840402407568 -0.199699102728262
0.0094546621024371 -0.00581445938788743 0.425772527088836 -0.869694366914909
0.0364914717398349 -0.00929798397699013 -0.527563514448115 -0.762857205128117
0.0373240549585452 -0.0502811734910166 -0.722461828926113 0.132520371577791
-0.0152919044639806 -0.0358555278371641 -0.174611873348514 0.459899043269877
-0.027801288589151 3.84371676276211E-05 0.132461359044468 0.179770370082551
-0.0114757999270696 0.014656949059137 0.0891262059102021 -0.176896132484304
-0.00690157633541398 -0.00475460042332498 -0.0883464589194238 0.181376611356301
-0.0181605935425278 -0.0201451978519714 -0.153093184865391 -0.065430858325192
0.0136624016102063 -0.0242016655590662 0.0587572470162633 -0.434909807705091
0.0493015504520519 -0.00611147948275195 0.539221988515622 -0.280992891038339
0.000402484823434354 0.0342942266284562 0.712301393233595 0.432342439673066
-0.0483890135873427 -0.00805708370795914 -0.0304783667794501 0.889067694921118
0.00987438576381512 -0.0505267157976415 -0.534351408518001 0.41968277537472
0.0363893125439444 -0.0461787415573329 -0.0537414951355086 0.115910513416745
0.024235187885945 -0.0171426349218358 0.599885784675891 -0.24505792831299
0.00769887645436446 -0.0121618234323138 0.337668948190418 -0.902170566840843
0.0323168825660901 -0.0158649029276478 -0.596276653074947 -0.700464353718471
0.0335499158985805 -0.0534621417878785 -0.700192719310871 0.195085960165407
-0.0201547020774838 -0.0363062420186997 -0.138585045562507 0.469931092745577
-0.0315245514573461 -0.00422848462777997 0.144373103235605 0.168248725292006
-0.00949854410863178 0.0108448372837361 0.0886244567199711 -0.184242686280928
-0.00283854600831144 -0.010954234185631 -0.0808513654749329 0.182875380111646
-0.0229254702871975 -0.0269960055602311 -0.136510938514912 -0.0907323533217167
0.0140126598621605 -0.027842853069945 0.0962882054929456 -0.440192723222679
0.0505325642664267 -0.00481246864133249 0.573770107089191 -0.222380272567274
-0.00684399933888387 0.0356899217446983 0.665836328502097 0.515917215433783
-0.0487973239161977 -0.0157682741255049 -0.132525807345833 0.890525030695701
0.0203649982490345 -0.0542334369147528 -0.560675469175415 0.372055650415198
0.0436056419090516 -0.0457671160869551 -0.0251828985764314 0.101777320143109
0.0263795416266606 -0.0185023565900605 0.588837454083706 -0.299393615775551
0.00699235380201782 -0.0125947426884024 0.231899335177617 -0.925796315365323
0.0291760851903814 -0.0185801642673329 -0.670145539178017 -0.617301799029621
0.0264927683336554 -0.0557494523049646 -0.667477249841975 0.270194331766745
-0.0259180368748759 -0.0348842428059562 -0.093160905947917 0.477263943065578
-0.0334454747265244 -0.00447187162119588 0.16050691034302 0.152015636854372
-0.0067245048276727 0.0106143377366992 0.0921073926904529 -0.186482667466487
0.000983997701386392 -0.0103999141712881 -0.0740493500745957 0.182424806666379
-0.0220517959922554 -0.0285524308924265 -0.12067692408483 -0.108064340505194
0.0147455700247194 -0.0263641818413619 0.139214157701491 -0.434144510035655
0.0492349025615372 0.000468904026571803 0.602937375694405 -0.157729223016399
-0.0115385070638552 0.0392557091326106 0.600051391603867 0.601959418685093
-0.0478798329375252 -0.0184316624351614 -0.242838963103148 0.88012046689896
0.0242803279734267 -0.0497980728037499 -0.583612758293462 0.322145873282027
0.0412029174691989 -0.0406947186801185 0.00827630057760653 0.0881090466570957
0.0226279310565233 -0.0137769686986775 0.575638074946412 -0.354739335115544
0.00760253875537457 -0.00874821308245892 0.11800892800693 -0.941230134285893
0.0277261321270844 -0.0200103008028061 -0.735623420985482 -0.522273216143748
0.018547286606225 -0.0553179662618901 -0.626168259638385 0.339725027739233
-0.0312789896933113 -0.031394331042055 -0.0461351475545521 0.476907340188986
-0.0338595930009138 -0.00188963681013798 0.175760071827519 0.131040459707628
-0.00216213701073061 0.012508417598098 0.0955784200636247 -0.19184633219628
0.00443046459487657 -0.00815675086267986 -0.0689629093197121 0.180441126423203
-0.0189366082589166 -0.0261250663591333 -0.10831124484552 -0.124483971184413
0.0149716666638606 -0.0235827785938243 0.177138394826241 -0.426050844320792
0.0461134042597509 0.00491511292560971 0.624443461117929 -0.0940761568307496
-0.0150406936047953 0.0447968397063393 0.528724629426482 0.675620829585021
-0.0453133921300911 -0.0144754978592016 -0.348048815319592 0.859998079638975
0.0187136829358876 -0.0393253034594268 -0.596244003935809 0.271101331864365
0.028649169493904 -0.0300037395707795 0.0405893724571118 0.0757928166865964
0.0145897204881125 -0.00215682798781713 0.557229589665018 -0.403270245604463
0.0112922397593518 0.0003468871076222 0.0185954499817636 -0.938169351672654
0.0280890841409737 -0.0194812529741642 -0.778874622903097 -0.430007238921568
0.0102985112548414 -0.0536574298975023 -0.579728177789364 0.398873815739829
-0.0355502293175875 -0.0254915528238016 -0.00220706019322612 0.472131271730258
-0.0313050814068674 0.00412072734315267 0.188566885026439 0.110023370942047
0.0022187110936996 0.0176643392399659 0.100842952433997 -0.194513598855844
0.00759316433413538 -0.00340693818075488 -0.0633405875066076 0.17769634653001
-0.0137523718011689 -0.0200805575950115 -0.0994324488388284 -0.135133198467587
0.0147106684171157 -0.0177749543155915 0.199471046051089 -0.416807372401755
0.0430633326082225 0.00989153194267713 0.633547001783284 -0.0515603753567319
-0.0142130245837286 0.0539728784235077 0.476320979046769 0.718495776980189
-0.0460723973674404 -0.00237943052771764 -0.417713266022901 0.843040728328688
0.00169924351215542 -0.0236045922043161 -0.601495098351311 0.239637759076663
0.00552233406337308 -0.0160624298551742 0.0631717247250159 0.0690069049442385
0.00401817603725384 0.0169861693484282 0.545555584908634 -0.434353274636726
0.017634236517954 0.0122861669261447 -0.0481194742781734 -0.934675052492919
0.0315499475267938 -0.0168540727345706 -0.80402935166402 -0.372181139766349
0.0053634280405452 -0.0487073462569455 -0.546101693078051 0.432800813116256
-0.0365150014779735 -0.0195590758391428 0.0263099713179236 0.465811061403964
-0.0265211327577978 0.0119766864509851 0.195772888271674 0.0931352279337442
0.00701114635253508 0.0240964555811547 0.103969349569961 -0.198213803589204
0.0102227456474389 0.0017625365291523 -0.0601720129736568 0.175938050248966
-0.00842010561597522 -0.0112930748192831 -0.098794460586909 -0.140715458819
0.0127300074527419 -0.0123914361980166 0.204234464173225 -0.414369537962542
0.0405317961036351 0.0136269400597402 0.635346350068527 -0.035696533209517
-0.0113824301692327 0.0629912930369664 0.456070576196821 0.734662856559864
-0.0464992309115878 0.0140963425092069 -0.443872830286602 0.833789117163737
-0.0234411243491054 -0.0070157934878219 -0.600320777789152 0.228090974586283
-0.0231382488952011 0.000272699041665657 0.0735958353659238 0.0681026453953826
-0.00658209139871269 0.0383732209280241 0.542741621300033 -0.445979954167411
0.0258647650737017 0.0256028434753871 -0.0683738119899124 -0.930398210263344
0.0371054548501173 -0.0132058703263341 -0.811169701213327 -0.349961033246792
0.00232517962966955 -0.044671099916674 -0.533179898461824 0.443739949840082
-0.0349423355164719 -0.0146406308077993 0.035224602356246 0.462307422571863
-0.0188933056071909 0.0187258874043119 0.198207484665498 0.0848465602671159
0.0100217474419412 0.0310998152006323 0.10770046859069 -0.201433548324038
0.0108413345412702 0.0073742537001409 -0.0578426085072754 0.173884768456054
-0.00432462153929319 -0.00143758178740092 -0.103077647313809 -0.140057067596447
0.0120831246280803 -0.00675062435383164 0.194172364527832 -0.418243619141671
0.0380246074230312 0.0158391354178252 0.630209547484407 -0.053392359114276
-0.00426171168475581 0.0714383480543949 0.473122208757907 0.722645133903259
-0.0478119292457949 0.0331756907244356 -0.422388346490631 0.846017510978255
-0.0494552522860489 0.0108790658905768 -0.594124935380226 0.242340831770689
-0.0531202747698404 0.0146683202481211 0.0697087712762463 0.0720801678118374
-0.0199808350998045 0.0581820416938582 0.550297943180084 -0.43221878466488
0.0325390775626685 0.0393321440189202 -0.0421826197347286 -0.933745843420459
0.0439672452380372 -0.00825248150010904 -0.801285346256352 -0.373863242321372
0.00294283852528699 -0.041614932652426 -0.545440659417754 0.430198710814996
-0.0312618124065832 -0.0114087593108213 0.0264792815062844 0.461211690124913
-0.0122835329025945 0.026369494628307 0.19596251995007 0.0841441865008409
0.0115459854824114 0.0378113801727577 0.109840695188799 -0.203388081580187
-0.00879081057197239 -0.0012221209637133 -0.0947143353040507 0.180153143826851
-0.012973280438058 -0.0122693354875254 -0.167533074117279 -0.0522470314003818
0.0146039471041046 -0.0205146787630567 0.0195826004426823 -0.438351936631461
0.0494921037967795 -0.00788308982306402 0.506120500638935 -0.331216620286796
0.00819562936651269 0.0355809520944909 0.749958252133961 0.358826396681311
-0.0435573223198675 0.00292518398778986 0.0579660257208417 0.886890851507205
-0.000633641959105789 -0.0404137233065416 -0.510154851681529 0.462591127987708
0.0213342204056377 -0.0405125674790179 -0.0764190044712491 0.127927704001166
0.015767655077268 -0.0111027535711657 0.607261867274427 -0.20207501316407
0.00930072007633549 -0.00615014529568758 0.424196287714744 -0.876150198840963
0.0366540788559429 -0.00983631553486948 -0.535561029906302 -0.764574940162367
0.0370334968980616 -0.0509236371382968 -0.727304383052405 0.139255116631605
-0.0156890969886927 -0.0360208371798449 -0.172882325960671 0.464916328452689
-0.0273401050194667 0.00095672003606139 0.135676602636938 0.180601216388901
-0.0111214678375602 0.014925690224113 0.0892394460897172 -0.178482572069054
-0.0066354951733893 -0.00549201938136494 -0.0881016279941741 0.182937872471539
-0.0179876590740082 -0.0185766668243718 -0.154231456858695 -0.0654238447972885
0.0139648095267504 -0.0248690311196419 0.0549560632920879 -0.43886651588176
0.0491641991804069 -0.00591067685014649 0.54207730294008 -0.285773651145656
0.000983249046727547 0.034531537474343 0.717023833075165 0.429639825340938
-0.0486882320439235 -0.0078418603959143 -0.0267310354362562 0.894851894180694
0.0105050879182406 -0.051583557095744 -0.535155474830836 0.426593029610984
0.0363027000935863 -0.046287938766102 -0.0533722878294469 0.11630493756115
0.0245807787260822 -0.0178585002870501 0.602660039381405 -0.250138239584094
0.00790651216458346 -0.012165510447592 0.337310339141158 -0.908207702628236
0.0325538429827889 -0.0165551026306936 -0.602840032135436 -0.70200513885539
0.0332541322829088 -0.0539163215910637 -0.703590616472688 0.201785520541797
-0.0198631423862759 -0.0363242965170365 -0.136426079991681 0.473986427421705
-0.0312333118524277 -0.00370569236065896 0.147099014709755 0.168685637027444
-0.00932423943310491 0.0110926220673153 0.088124996128735 -0.185703853928787
-0.00246188909057666 -0.0114168368016962 -0.0801860060488993 0.184336716309103
-0.0228432710895296 -0.0264694452020831 -0.137450026909263 -0.0914317578255377
0.0139072657686667 -0.0281958138388299 0.0934116344127088 -0.445027701151674
0.0504905081198412 -0.00559472209525049 0.575594736627536 -0.229199966592356
-0.00627762903492045 0.0364295813055439 0.670059954929243 0.517498898732788
-0.0492339472196273 -0.0161103278751563 -0.129843662440586 0.896994945924218
0.020516036928266 -0.0549119220946026 -0.56209425748072 0.375389188760077
0.0440319244163229 -0.0463280738600255 -0.0236947301821913 0.102936871554138
0.026437671993852 -0.0195285160199206 0.590667820626755 -0.303549416642542
0.00645641663169347 -0.0129484407642664 0.226434359037173 -0.932020096852132
0.0294531051199424 -0.0191434724336382 -0.67940169485728 -0.61497098432525
0.0264444977367909 -0.0562706852717388 -0.670113711833053 0.277183706423838
-0.0258788663049827 -0.0349663560209399 -0.0901113861212583 0.481364360620798
-0.0330130716681776 -0.00343679869964699 0.162939019408442 0.152432112098317
-0.00655841839329345 0.0107165761335118 0.0925545448144944 -0.18783090029214
0.00127534724967969 -0.0111227640788231 -0.0729274657810619 0.18399117050193
-0.0218989932307749 -0.0280883852625509 -0.1230320296117 -0.109062297405285
0.0150780062487797 -0.0274150901900549 0.135439053147165 -0.438312802488495
0.0494509580506678 -0.000783055832786313 0.607015573152096 -0.164647504855734
-0.011524910136106 0.0402426503069285 0.606190019185703 0.601994119496219
-0.048045299337878 -0.0190959994436453 -0.243367657684615 0.888639572544751
0.0245836601052383 -0.050685135306058 -0.584896761431354 0.327002950547034
0.0413604594644096 -0.0409807829105931 0.00912986793574171 0.0889196978098951
0.022826233487697 -0.0150349769832566 0.575870261164177 -0.359020583173021
0.00779456313427972 -0.00890309116335652 0.115160708135904 -0.947707662864357
0.0274886636306102 -0.020719710682223 -0.741287397221884 -0.520652093372482
0.0185416396637587 -0.0559186156104703 -0.628922853530929 0.345251111660784
-0.031965264776169 -0.0309353336389834 -0.0421032899034118 0.480992609114254
-0.0328137222403225 -0.00125992290496578 0.177751191671901 0.131558753349898
-0.00128861635313699 0.013507064524358 0.094868065429548 -0.192491597777814
0.00451046192526077 -0.0089850964693306 -0.0670864589089361 0.181516983647653
-0.0194045172887255 -0.0264442665939466 -0.109559882677678 -0.125468983236588
0.0148512873956994 -0.0244215029361646 0.17488194830201 -0.43018679654189
0.0469336741496033 0.00484227285005868 0.627100511449036 -0.0986483552815632
-0.014418537930199 0.0461497494545398 0.534500099682877 0.677271107047829
-0.046275774730827 -0.0140398646734527 -0.348327213769534 0.868160908347074
0.0194676759032099 -0.0408092270318475 -0.600525742389232 0.274979847220137
0.0291276508684821 -0.0305339608964187 0.041985795711172 0.0759312599371082
0.0156872833432618 -0.0022324231506891 0.559558837567127 -0.409360170524268
0.0112359517770388 1.32747783484991E-05 0.0125908374239674 -0.947216901066925
0.0281690240186881 -0.0192785704440142 -0.787378608468098 -0.429937687379918
0.0098816831468523 -0.0530741807346356 -0.580160126964517 0.405699192223463
-0.0353086945686379 -0.0253194764164478 0.00146667683946776 0.475728566526123
-0.0310646528557735 0.00478159028308698 0.190795801218418 0.110378885382124
0.0030234236724002 0.017724909549444 0.100360944327237 -0.1962092471819
0.00740423418625764 -0.00460237469545505 -0.0620610161976861 0.178526452637567
-0.0144446162144237 -0.019633627818837 -0.100692408378751 -0.136321109546506
0.0146436969209932 -0.018948535106496 0.198216740681127 -0.422609354344411
0.0438831753258554 0.00909332018378366 0.636110462478224 -0.0562489015128509
-0.0139687812723593 0.054794918887967 0.483578313122918 0.722880484706197
-0.0457133734266769 -0.00295107296582082 -0.417706176479579 0.849841439877481
0.00144771681702791 -0.024617154326768 -0.603954958535799 0.243176905760859
0.0056793309418664 -0.0157254619372783 0.0651110241533422 0.0685940560311521
0.0055445046418599 0.0163217505069658 0.545466937869165 -0.439833476178607
0.0178851206470556 0.0123653056202096 -0.0539652474214407 -0.940042193606534
0.0312931887240666 -0.017781133283056 -0.811706763006518 -0.368716929374023
0.00433978058371387 -0.0485713219643416 -0.547092959066287 0.440934319111842
-0.0367757518628271 -0.0187806986457739 0.0296347442085718 0.470619247097479
-0.025525213435883 0.0116169577243204 0.198256709658244 0.0932382754381954
0.00761440487851434 0.024832667863871 0.103760360376702 -0.200552726387723
0.0104273282906426 0.00103299454171522 -0.0591955002127699 0.176353526672427
-0.00946298700812789 -0.0110541615024763 -0.099699312297986 -0.142566156438465
0.0125502881686008 -0.0125712629089304 0.203388227287572 -0.419606360768819
0.0409169917700968 0.0129839906002334 0.638738983829006 -0.0421827114009044
-0.0102698462995217 0.0639498359910989 0.461081154659327 0.738080252820142
-0.0475983227070454 0.014783725608563 -0.443257907827203 0.843556713620656
-0.0233428211961922 -0.00740474746261478 -0.603508786122482 0.233550822666046
-0.0231818562664499 0.00020262623656697 0.0754523350576441 0.0676631002228422
-0.00639719454144016 0.0377687110861106 0.543355543017563 -0.449945979924524
0.0261015818092699 0.0251502431599472 -0.0741233930006088 -0.937098400551015
0.0368214452715223 -0.0139704477835725 -0.817539171580276 -0.345311468958026
0.0021818608548659 -0.0450659416674046 -0.533201279159603 0.451229152829309
-0.0351256794908655 -0.0145058176702551 0.0381072548901713 0.465344417842863
-0.0190577987613106 0.0189532455094716 0.200458060185203 0.0837197325788947
0.0105918048583019 0.031033889818869 0.107053375643225 -0.203206352804096
0.0114971127816416 0.00683077358157543 -0.0566073865366719 0.174571040397957
-0.00429686577341489 -0.00135802365596361 -0.104895842998507 -0.141229840193428
0.011419251920409 -0.00676535879286008 0.190215986925123 -0.422440304649134
0.0385389357330836 0.0154396739419057 0.634805508064969 -0.0596311324524988
-0.00342639826594553 0.0718486655027106 0.477439125147174 0.725043214786893
-0.0481854829851497 0.0327576091820062 -0.422550923086932 0.856123903220403
-0.0493883457830858 0.0108129285739614 -0.596600117728358 0.245739184389491
-0.0522875930533587 0.0149937020300231 0.0712181416618415 0.072259555243839
-0.0199859401465946 0.0582441748215426 0.551213928510931 -0.438815595825004
0.0334478206236929 0.0389434356943381 -0.0498337654421906 -0.939764571027463
0.0437166439807466 -0.00847014620306632 -0.808472379188253 -0.372216503249909
0.00277492652548018 -0.0419143815869824 -0.544950944986469 0.43772535215564
-0.0312713100748368 -0.0108136865551951 0.0299600895745644 0.464682575746453
-0.0119959659504876 0.0266746632242888 0.197496964648812 0.0844271889300259
0.012453003100164 0.0386039256424918 0.109924343418562 -0.205413076321922
-0.00948189734855413 -0.00219976860812369 -0.0934257364806364 0.181494516989998
-0.0133533303889323 -0.012283960689671 -0.168613124667539 -0.0519753223980639
0.0144710062079554 -0.0206681062273454 0.0159781438212535 -0.442377288112181
0.0500568718352117 -0.00847504750934506 0.506424192947679 -0.340753447095163
0.00930785697108202 0.0363306635017047 0.759110997226135 0.354348734157068
-0.0439617545907524 0.00306630609980792 0.0663342237895067 0.893198036073085
-0.00129292447683545 -0.0410729913959036 -0.509453856936535 0.469272046103597
0.0219051949392692 -0.0415356837109996 -0.0759629662726177 0.128588817640406
0.0162888097054548 -0.0114893324689001 0.609528495927483 -0.206927093257794
0.0100345679325444 -0.00651860640312522 0.421618629024414 -0.884793935253302
0.0367526954890912 -0.0105161905868819 -0.545741043946245 -0.765649436924142
0.0371407936414424 -0.0513197503498287 -0.730635399479301 0.145986205943633
-0.0157060006986713 -0.0362957861722836 -0.169941399252603 0.470283257377571
-0.0277088717645274 0.00129579789586533 0.13850523696771 0.181619707730852
-0.0108329450319442 0.015169753750312 0.0894459069166253 -0.179847343788752
-0.0069892853470612 -0.00563965341307267 -0.0874469965040746 0.185201090918537
-0.0179385222365075 -0.019012300744693 -0.155478765964469 -0.0651877614841072
0.0136947407365505 -0.02530205827088 0.0515948625336342 -0.443900539437832
0.0498112108809887 -0.00731060564512317 0.542961096108146 -0.293976922982321
0.00174655074722784 0.0359560783674005 0.726394218231959 0.427331575908217
-0.0488534881076471 -0.00806952822707929 -0.0197574428531337 0.904257831142502
0.00994982049896312 -0.0525034147846508 -0.536094236824645 0.433535978198553
0.0365586341715498 -0.0474682147721517 -0.0526763892467254 0.117244298136159
0.0242284070127369 -0.0188986469361644 0.605103308201537 -0.25484530523369
0.00719880779717182 -0.0130285932011034 0.332790177737903 -0.917882330887789
0.0320801675831452 -0.0163588107054561 -0.613457137180868 -0.702415132468804
0.032807422877752 -0.0545977086999812 -0.706432346882426 0.210504507498393
-0.0205191993139265 -0.0365074511251734 -0.131336911985371 0.479027862807723
-0.0309706316590735 -0.00316620546520221 0.150072534772904 0.16986220517792
-0.00896812658822553 0.0117756745919337 0.0881644714751577 -0.187684879860927
-0.00253261928007869 -0.0119391999820465 -0.0794214566762443 0.18525583335526
-0.0240463900822979 -0.0265773999453474 -0.139213834083343 -0.0915448699376295
0.013581256209711 -0.0289971262019235 0.0885983490099296 -0.449726165461238
0.0508126840027475 -0.00689903429332215 0.576682473523983 -0.236009790278024
-0.00509523792144576 0.0380151327014275 0.678433160012487 0.51406945271052
-0.0495001000544651 -0.0155353703909004 -0.123933672467652 0.903374133200321
0.0202270977526678 -0.0556622050941472 -0.562996988226387 0.382199792922016
0.043815480931305 -0.0474027082778606 -0.022638954414999 0.102974532012616
0.0272745506672177 -0.0206369968966221 0.592283831755503 -0.308827626909329
0.00617420926410456 -0.0134754567040295 0.222301147738125 -0.941297688545368
0.0298898002200622 -0.0204083498914399 -0.688070900871655 -0.61557436402236
0.026323550371838 -0.0566820448499914 -0.673502791463703 0.284646255936924
-0.0261924292182122 -0.0350240667663982 -0.0858002883857004 0.4862240141491
-0.0330629353073395 -0.00337755186168407 0.165424719763386 0.152438110811419
-0.00572058057415112 0.0108264577853613 0.0917072050969402 -0.18967710462415
0.00119379130551759 -0.0120715987575453 -0.071808502905771 0.184654137744119
-0.0225922098494217 -0.0280876188014752 -0.124602764552338 -0.109647524942596
0.0145490507144516 -0.0279406068014492 0.132685130413838 -0.443753962825697
0.0497995872268605 -0.00104974316038296 0.609379224019721 -0.169191077490411
-0.0107677279296901 0.0408562899818343 0.615968226700955 0.60143503032241
-0.0487408697310103 -0.0189635738247837 -0.238036749797875 0.897226054158809
0.0237354821904847 -0.0523938354657925 -0.587433667382732 0.333636498555622
0.0419348284600103 -0.0410624400815209 0.0102803023543219 0.088374775683335
0.0230234301576214 -0.0155810238618694 0.578534750137615 -0.36566815905846
0.0069041235726555 -0.00859128675286918 0.107295179449903 -0.955522330204215
0.0280590722294235 -0.0210015138582772 -0.750773035547276 -0.519455011087434
0.0170766694865 -0.0563966916467544 -0.629845484014554 0.354897298501935
-0.0319937818744805 -0.0302248517655873 -0.038682978918799 0.485971624140608
-0.0332720675154184 -0.000830226632366313 0.179759069063525 0.131310260738453
-0.000768909400189612 0.0130714033302297 0.0946663947916019 -0.195303751403445
0.00427992953542528 -0.00994778412873449 -0.0668003524343463 0.182507498272948
-0.0197338948849659 -0.0262456775161682 -0.110787547707518 -0.126330057548201
0.0151753213431885 -0.0245889577294727 0.171328918812464 -0.435983148193096
0.04656901584286 0.00461399817794749 0.631427804803156 -0.10593569117169
-0.0135307473099613 0.0468752553510414 0.54276130676025 0.676341140614557
-0.0464495311317593 -0.0149170453753779 -0.344362812235376 0.8768134649324
0.0194542063827302 -0.0408955169976205 -0.601631603187739 0.27962663333726
0.0293317076979221 -0.0310038440546307 0.0432652479822256 0.0769034250095727
0.0155623139166376 -0.00329836232311981 0.558550577735095 -0.415753168677106
0.0112916883498919 -0.000186857008159163 0.00389480964101496 -0.95297107187062
0.0287936860431466 -0.0201712933419728 -0.795674601056615 -0.427456550319404
0.00944633582212517 -0.05307384619093 -0.58121564982112 0.413330126605498
-0.0366864572967126 -0.025049298770027 0.00637537697971622 0.480870991391686
-0.0301655133867356 0.00492640531238293 0.193388751832104 0.109351114743741
0.00368134810886331 0.0181789137808085 0.100579527439534 -0.198263309176263
0.00769246947330838 -0.0052644162481222 -0.0613335626472373 0.179517212201228
-0.0145855020821909 -0.0199657631597402 -0.102862850687651 -0.137546825984889
0.0143425009693746 -0.0192496473332605 0.194465827289489 -0.427601195066866
0.0436412594013538 0.00825597203206874 0.641181283945522 -0.0629304996963688
-0.0134000818755787 0.0559710166633955 0.491125698187075 0.724162382533842
-0.046178315220559 -0.00223331408815758 -0.417427830663956 0.858994834874215
0.00138962839923849 -0.0250652861211803 -0.607459240972579 0.248496783895049
0.00578870612283125 -0.0157915809372531 0.0662985995910703 0.0688336672726099
0.00487868390836561 0.0159903270054429 0.545314356420658 -0.446923161658015
0.0176244715527955 0.011925451949828 -0.0610551388800034 -0.946567226162018
0.0311557060572335 -0.0175876878815567 -0.820279916417878 -0.3645408751338
0.00419625901250741 -0.0493512494346125 -0.547930163096902 0.449609956924312
-0.0367185030933899 -0.0183753570630579 0.0351080513052887 0.473941406743242
-0.0251859023747427 0.0119957744425234 0.200433243094879 0.092277829827177
0.00823381360114492 0.0249615610224968 0.103793100553153 -0.201859626043561
0.00956281107285957 0.000336817725075265 -0.0584500036297205 0.176619288504139
-0.00916615515937311 -0.0103920528887865 -0.101715631086058 -0.143090086491068
0.0124377720600571 -0.0124050973496535 0.201535649162523 -0.424723169053517
0.0409312596124303 0.0126977997904558 0.643445380261851 -0.0473387609272965
-0.00949153650581978 0.0647372089402576 0.470369635805252 0.739242163424378
-0.0473233621804809 0.014749814688306 -0.442022250416715 0.854566495439235
-0.0237745739565306 -0.00740543119671098 -0.605638820164086 0.239919948958406
-0.0228908106954601 0.000612867374376657 0.0765403922446773 0.0668854455718121
-0.00578329849597103 0.0376157102582638 0.543617722537431 -0.455635772140189
0.0265434434123148 0.0256494460416223 -0.0792114335925019 -0.941103747854222
0.0374219392211255 -0.0140179423288521 -0.826320573460356 -0.343185395932657
0.0018669927745009 -0.045316718470351 -0.534949531599782 0.458002127459164
-0.0349152657253875 -0.013999704264113 0.0437618874318158 0.467673355651085
-0.0181577029602318 0.0193358490436854 0.202012004279463 0.0830463950332624
0.0117232227043171 0.0313789855431185 0.107329070697161 -0.205766518186532
0.0106728084288176 0.00600667921292616 -0.0560706781789046 0.175766559764549
-0.00397700827594541 -0.00127274079324377 -0.107233477309754 -0.141584791184131
0.0113053841428476 -0.00669373375319573 0.188552038053672 -0.428536067177109
0.0387517519242809 0.0154692283470148 0.639223920290048 -0.0672278430635435
-0.00279575426328106 0.0734352190738115 0.486078227570265 0.725197529256074
-0.0487531180183281 0.0334024521358944 -0.420525062756925 0.865336435338075
-0.0504424682932042 0.0103136517238558 -0.600369028656081 0.252399770749575
-0.0530514231556352 0.0153772745447314 0.0727370511553641 0.0713413554852659
-0.0196335117087195 0.0582527336644954 0.551645555822477 -0.445664125432225
0.0329960546400278 0.0386047223543483 -0.0568497887991147 -0.94409645014496
0.0447474116524469 -0.00907237186371709 -0.81753544231217 -0.366224644318273
0.00221664018446871 -0.0416311085517105 -0.543932180829331 0.4461346881481
-0.0304872946009999 -0.0108772222429332 0.0336765126372992 0.467528711914952
-0.0110139825400804 0.0270621384958884 0.199414849662821 0.0831239189239546
0.0134229813312076 0.0383941156920223 0.109235696555303 -0.207588694758302
-0.00851747679974771 -0.00194823306794385 -0.0920407580958974 0.184054739473338
-0.0134751565796487 -0.0121119098839564 -0.169259831512182 -0.0504202197982501
0.0147899517399116 -0.0214131804226586 0.00977362222094596 -0.446059446325573
0.0506060929176812 -0.00969969016243384 0.505696431242592 -0.347974438868418
0.0101920843593593 0.0372004817272307 0.767934229576012 0.34767311261796
-0.0441917542688992 0.00295345330614574 0.0723806919116127 0.898151124495059
-0.000722105496030179 -0.0426075250495505 -0.50625628882345 0.476165722993021
0.0210122912205118 -0.0421438531526681 -0.0743333007498117 0.129922190944418
0.0164207588280668 -0.0120165742836688 0.610001519938752 -0.212440118907856
0.00915036184971302 -0.00621153743924351 0.415322504671989 -0.894291544593987
0.0369071378085453 -0.0103945911380241 -0.557444753428057 -0.765267499120268
0.0364241895462487 -0.0516930047951818 -0.734043809062638 0.153404227434818
-0.0163079190673111 -0.0351878637273751 -0.16590180490284 0.476157251540742
-0.027892411899503 0.00211305728937321 0.141090543611276 0.181617809185026
-0.010144014588285 0.015189995233231 0.088335366775104 -0.181651505909501
-0.00650758742593244 -0.00648524003016001 -0.0857776866578866 0.186032284698842
-0.018384067647144 -0.0187772305141366 -0.155800266089823 -0.0646718259362219
0.0135920084440062 -0.0260436342016876 0.0476031451811615 -0.449422469368318
0.0499873360220026 -0.00795667858567605 0.543506633633205 -0.302992034611663
0.00293168064816306 0.0364064614224479 0.734022489151045 0.423438927011165
-0.0497850358647385 -0.00812381196932012 -0.0124763210683218 0.9111798597606
0.0105118303049907 -0.052875049960935 -0.536691021500235 0.442374727313305
0.0361049279838684 -0.0481965969071042 -0.0514656637248688 0.118081245352662
0.0252314648250129 -0.0198411649778182 0.606367930977117 -0.260823084071983
0.00779896716240745 -0.0130493364392552 0.326276583774132 -0.928612569401127
0.0322732755019835 -0.0160614838473151 -0.622087414641043 -0.700295037017784
0.0327118563588323 -0.0549409154811642 -0.710132420182923 0.219307781150835
-0.0212998293932591 -0.0364123311623243 -0.127271779167331 0.485271738799932
-0.0312232603580131 -0.00334985603420792 0.152581628524816 0.170073332883662
-0.00872021573512059 0.0115699131839658 0.0873007470158876 -0.188593778588922
-0.00258331893439519 -0.0127914175782153 -0.0773510266739889 0.186388474331575
-0.024663996906901 -0.0265895396460932 -0.141476310584899 -0.0912208774813652
0.0133724548322433 -0.0296559563982512 0.0828723045488925 -0.455306262319196
0.0517131277093821 -0.0069822106520035 0.580208614922368 -0.24566250412509
-0.00407023610998415 0.0382124706752121 0.68721910448952 0.509603494337682
-0.0502707530556323 -0.0152865681282449 -0.117869819737563 0.912612258421606
0.0201555814163956 -0.0570503193932735 -0.563517743474954 0.390626201259211
0.0440503911044585 -0.0481926595782647 -0.0211975507078004 0.10355900620158
0.0270262819980408 -0.0212590995570182 0.594690403927997 -0.316187168365579
0.00607054469908035 -0.0135547153793586 0.215145544267868 -0.948614734452416
0.0298940698561957 -0.0201358295806362 -0.69872516570964 -0.610964460701306
0.0250825738385924 -0.0577599270227363 -0.675865366222564 0.293567260742541
-0.0264203711004531 -0.034993450955714 -0.0810528695259102 0.490232285551791
-0.0333128535983123 -0.00284330552496891 0.168626288756994 0.152016694287646
-0.00555127318149378 0.0117823794126654 0.0908920924988676 -0.191612972812601
0.00110090136271862 -0.0130291379146579 -0.070334063024747 0.186312101580947
-0.0236182422442975 -0.0284954012506104 -0.126363882854654 -0.109686980889315
0.0141594051251331 -0.0291012316918239 0.128285571759655 -0.450732841510466
0.049869062848531 -0.00188222541244628 0.613277639700226 -0.179634991849446
-0.00949089661133771 0.0418077186494984 0.624445239682851 0.598251089423338
-0.049174775785103 -0.0185266981416247 -0.23148660696775 0.90598750521908
0.0241650550269242 -0.0532751696554648 -0.587323561231553 0.339218785762978
0.0415573109667191 -0.0422610786880245 0.0117633396641921 0.0897321430687973
0.0233543871120627 -0.0166436891194527 0.57833941379228 -0.371293835344634
0.00694234400527195 -0.00920224940240846 0.0989917718690438 -0.961291162609199
0.0283424488229334 -0.0212981620686736 -0.76135936035974 -0.517781981810283
0.0172652061431906 -0.0569149438355328 -0.628904470664729 0.364754087466494
-0.0326539208429966 -0.0302035417550663 -0.0322825875588205 0.489458619028679
-0.0331253375552772 -0.000547604047170443 0.182932123881896 0.130807909298786
-0.000160811882757662 0.0137821469718774 0.0939171262552214 -0.196695283770696
0.00433707104509754 -0.0104631250652778 -0.0646749165124519 0.183553407057839
-0.0194256486459371 -0.0259362385606661 -0.113339469405923 -0.127191469701854
0.0154068130049001 -0.025358192632179 0.1661884201913 -0.442233551246242
0.0474967319165321 0.00286865781674633 0.635167576738404 -0.114486785682508
-0.0125445913056682 0.0490881920616752 0.552611313619639 0.676304239845518
-0.0464912059993087 -0.0145433364959505 -0.340638813147203 0.886731589893386
0.0189397246521503 -0.042049904537119 -0.603821245926288 0.288767891471938
0.0292791191371408 -0.0314635762018103 0.0445140629519683 0.0759761825435242
0.0163121428378324 -0.00422300559803275 0.559063048362953 -0.422330488349282
0.0112653053886909 -0.000372569253655711 -0.00317941527945844 -0.959681744274425
0.0280515257375906 -0.0201536681982337 -0.805403930331498 -0.419844051471648
0.00916151711772084 -0.0531812304547646 -0.579759972468233 0.424097863540567
-0.0362301712333763 -0.0244277663643321 0.0101635124143389 0.483831407335136
-0.0298640082972905 0.00621529626933006 0.196177183915568 0.108574898154859
0.00455499967263935 0.0179476423122564 0.0995866117756448 -0.200775553857639
0.00797250305774929 -0.0066347908068515 -0.0593616329651816 0.181018211546443
-0.0146791925895483 -0.019066982671767 -0.105440645487065 -0.138437049627966
0.0142362433385458 -0.0198452339948957 0.189512822133249 -0.433787543586507
0.0444393137283518 0.00858439192692151 0.645662001761387 -0.0702251216802596
-0.0126644443257177 0.0569755570553793 0.501179053955906 0.721892305477209
-0.0467910764705655 -0.00277484190707215 -0.411897012922989 0.871691331604326
0.000931423319520036 -0.0254496568181196 -0.608718401055687 0.256169511986475
0.00541795904320805 -0.0158386278149264 0.0672083446822294 0.0672991626976917
0.00545623694117054 0.0154056867411524 0.547205638455142 -0.455871499433013
0.0177989512834314 0.011592615573022 -0.0712778444358237 -0.953177041117806
0.0315764799913582 -0.0181993759923368 -0.827616766183219 -0.359732836841984
0.0037284546065468 -0.0496266744438691 -0.544234922798685 0.458729348547197
-0.0371527050077522 -0.0184610297003303 0.0398099138856335 0.477454305318449
-0.0245525124182642 0.0127491065337674 0.203415169468022 0.0913389062198333
0.00976723457633368 0.0246749225099465 0.102102430136238 -0.205294728437935
0.00894550963227374 -0.0013019420339028 -0.0567311610687789 0.177949726675783
-0.00934714989325793 -0.0110106868454707 -0.104031040512775 -0.144546857756441
0.0128050432034205 -0.0130149599108973 0.197763228623895 -0.430512344662795
0.0412507622294922 0.012080499199531 0.647173804209245 -0.0552506762975779
-0.00879206228087377 0.0658344233953394 0.480056627980979 0.739755316729291
-0.0481550041648784 0.0151957904099594 -0.436795787793164 0.865843677115223
-0.0239457111764042 -0.00785082097838397 -0.606886238962801 0.244847968473225
-0.0230279079678447 0.000706830049937798 0.0779938737023575 0.066230544250812
-0.00511805632044382 0.0368222659785899 0.542328720829281 -0.465508900896932
0.0263554466107585 0.0256472592312014 -0.0898805113001083 -0.946572945388474
0.0374030434493369 -0.014324561657111 -0.834859895204543 -0.337908568727618
0.00130646704057262 -0.0459757944196581 -0.532635623934393 0.468976009650269
-0.0353386030334855 -0.0133415922437529 0.0502934233520659 0.472252010215742
-0.01741298043156 0.0196402235193761 0.204792376543287 0.0817341113140013
0.0124617637120367 0.0316616765314745 0.105886758316954 -0.207610565077686
0.0107387059068196 0.00466543344105196 -0.0540244875807502 0.176348364015826
-0.00463623807526348 -0.000833736186618552 -0.110248210792063 -0.142390266310675
0.0110910438602076 -0.00765232347408151 0.184335112941334 -0.434864556120202
0.0390067738258796 0.0142631102080032 0.642661995665222 -0.0740846016606945
-0.000992817354760367 0.0740759962886267 0.497433603917234 0.724154578944567
-0.0487438761391409 0.0339533824250928 -0.416017146048773 0.876412745227659
-0.0504253754942816 0.0103868970625246 -0.602711467759306 0.258971693295814
-0.0528708059526527 0.0158904982500418 0.0742788359199979 0.0715113949140259
-0.0198856702686723 0.0586100781743194 0.551766149124563 -0.452695331689282
0.0338271197264546 0.0384034678306163 -0.065157612834372 -0.952004606445992
0.0447004732254411 -0.00926296204030564 -0.826931533237784 -0.36406219941718
0.00209090126172109 -0.0420018308523572 -0.544575196144799 0.454917246957928
-0.0310673065334102 -0.0102690034998707 0.0403148330835817 0.471391785135638
-0.0101673053078219 0.02782890468675 0.202791041344774 0.0812317825236774
0.0149017446885412 0.0388572547446224 0.108335115545814 -0.210316094958795
-0.00877786360198569 -0.00318385238307166 -0.0906592160274255 0.186266657456407
-0.013652771171299 -0.0125679320759606 -0.17078425057193 -0.0492998877560558
0.0141503651355104 -0.0219592625652488 0.00470610814062597 -0.45062674319579
0.050558505873158 -0.0107545786066485 0.504279390892408 -0.359174679065607
0.0119035999350364 0.0366009913460698 0.77461147153988 0.340399059199968
-0.0444754911761795 0.00383500444130069 0.0830716195354626 0.902804540252163
-0.00143313836476607 -0.0427123454859191 -0.505876385672336 0.484807429215215
0.0210809007570742 -0.0428366940900992 -0.0734312952997994 0.131059523047127
0.0166215027878673 -0.013249837612747 0.612116810955141 -0.219017912284464
0.00899657713060234 -0.00697483878294966 0.407331825597598 -0.904235636638886
0.037199266418816 -0.0113145154673153 -0.568982959936755 -0.764535897344285
0.0362370496539998 -0.052021705028869 -0.737774073675457 0.165127541703773
-0.0170819132285658 -0.0358899376481358 -0.160978693419594 0.481752472247657
-0.0269192077882947 0.00166066986568125 0.144173993032318 0.180795714697121
-0.00941490624090424 0.0154464793115012 0.0868007073089926 -0.183920750971143
-0.00641183707360025 -0.00748793499633098 -0.0846425247825472 0.188313488164956
-0.0189054939234073 -0.0183595842832468 -0.157380298967584 -0.0637546196901958
0.0135321581281515 -0.0263522248527205 0.0415014426922183 -0.452224103537016
0.0510308938241035 -0.00863078413328859 0.543830657906529 -0.314292850821432
0.00320096552577146 0.0371214898013647 0.740887761222692 0.416274382251002
-0.0503263975716279 -0.00730628892698323 -0.00281935352793338 0.915534121555477
0.00965478070374615 -0.0552200201209655 -0.533845050423911 0.450095487398848
0.0361775183290272 -0.0486427407882155 -0.0494876027745509 0.119520331408415
0.0251825700183962 -0.0203718914611509 0.607463870527716 -0.269512731186985
0.00694755963536128 -0.013245414866095 0.317149745794494 -0.935696824369693
0.0324300542160812 -0.0172615481973353 -0.634842701220426 -0.698096342326626
0.0317336765014817 -0.0556621257613036 -0.710562304234377 0.229296488884243
-0.0211275233522649 -0.0370233677047038 -0.122651344539422 0.491119257949685
-0.030459069381965 -0.00261155157190327 0.15613558409452 0.168743339777212
-0.00766101197758185 0.0121893328785206 0.0855087570219286 -0.191479126545779
-0.00276920321030201 -0.0138830785881129 -0.0750047099826405 0.188649669630615
-0.0246335257607332 -0.0263134263804032 -0.143446048927344 -0.0912777646341048
0.0129627826827426 -0.030600841655778 0.0785925660062206 -0.460457546648355
0.051712537294981 -0.00811034646686671 0.580682615179939 -0.255302142746275
-0.00345679699303218 0.0393651647081662 0.696134726610649 0.503997934007431
-0.0510410094251521 -0.0146430819449632 -0.110120965598627 0.920688546070195
0.0195064132612288 -0.0584918921383562 -0.563940914571962 0.398505162743887
0.0437236380845695 -0.0482755982526349 -0.0202161854190492 0.103723228668765
0.0267377343745452 -0.0221063817485213 0.594947843063194 -0.32239771717777
0.006148838812418 -0.0139972438690731 0.205805273492036 -0.957311449153511
0.0295081848009194 -0.0206832218241917 -0.709941161879443 -0.607553837759401
0.0250992953024082 -0.0579167958375036 -0.673018934331352 0.305994648581484
-0.0272933906278978 -0.0344364177197048 -0.0749080522461814 0.495669743069058
-0.0323189025545389 -0.00274951830034644 0.171596541522023 0.151979717878763
-0.00463269740333765 0.0117666669107582 0.0895930455648081 -0.193959575116532
0.00109831034972706 -0.0139421831312171 -0.0679206634203729 0.186898977080132
-0.0237445869988901 -0.0280590796695654 -0.128163464528679 -0.109341909548194
0.0138348188036015 -0.0293855603504674 0.123007435652656 -0.454869714679318
0.0506652038085542 -0.00334237202402553 0.614046870243568 -0.190404436609483
-0.0084937208261524 0.0434636669677536 0.633293600712387 0.59457135723583
-0.0497676200776142 -0.0187723984381292 -0.223798668796137 0.914391907411625
0.0242233869346235 -0.054216746387359 -0.588202250498438 0.347561095728901
0.0415321915961824 -0.0431809033316422 0.0136351643266197 0.0890111409817519
0.0232437706863207 -0.0177625999277809 0.57741744333765 -0.379866368620902
0.006709557037089 -0.0101596702603556 0.0905819355126692 -0.96857245430591
0.0278236528616429 -0.0216702727387366 -0.771299335266635 -0.509733845134682
0.0164703853748674 -0.0567738478619161 -0.628035423139306 0.373496993916821
-0.0325772642725692 -0.0303577513116458 -0.0275248826263984 0.494559144932901
-0.032606956205095 0.00047605713065319 0.185977266461597 0.12964087194714
0.000882243155470917 0.0140409831628413 0.0924895191235837 -0.198890025490821
0.00401180060387266 -0.0116704762178985 -0.0627982360795015 0.184944252179539
-0.0199010490530491 -0.0256778836294385 -0.115926927797244 -0.126604882410189
0.0142944115971587 -0.0254045888303378 0.162589154314743 -0.447925498610948
0.0481101622858289 0.00260730679924263 0.636760801895361 -0.12477692663203
-0.0118340106613996 0.0496341636196053 0.563273268770044 0.67490755039957
-0.0478861965025607 -0.0139961929936841 -0.334100379600648 0.897038105875866
0.0185239299220119 -0.0432313400060625 -0.604245149917526 0.294936819602492
0.0287630453990421 -0.0319126436392925 0.0460984037160668 0.0752749196781873
0.0164551129981752 -0.00418772024737762 0.557446536742772 -0.430517668707443
0.0109131170736736 -0.000588809194707638 -0.0154941508691404 -0.963047378861472
0.0280004121638804 -0.0208366451341165 -0.816410259422142 -0.412721360314762
0.00781021418186561 -0.0537461953565191 -0.578085775090374 0.434180119864378
-0.0369391964082842 -0.0238895529210672 0.0173353379344126 0.488162223029744
-0.0294357995190784 0.00648550324571527 0.198444010557648 0.107946553845526
0.00548463842027797 0.0186157167874501 0.0978660466159668 -0.203210725335464
0.00708924316515068 -0.00729700948734141 -0.0574371709363853 0.18179910571598
-0.0155802031517903 -0.0192704501404425 -0.107170701655996 -0.139125220081703
0.0133966145048918 -0.0203676312379705 0.185948511522009 -0.439394674662289
0.0444212054984913 0.00714368502225792 0.647964703203068 -0.0807212359572371
-0.0110049461430457 0.0574162445545974 0.512774030340933 0.721528535590751
-0.0470078156042533 -0.00215099313141102 -0.406610872514773 0.881603433334142
0.00155029863363931 -0.0262231670210566 -0.610102025759362 0.263156322871787
0.00540575846910423 -0.0163435612124289 0.0687370970078853 0.0671931938247401
0.00574328993639316 0.0152011224146731 0.545094597000501 -0.461890566549408
0.0179191107702566 0.011662112788074 -0.0803507268271671 -0.957781378266208
0.0316484446074957 -0.0185471337842092 -0.837798565250258 -0.351636913206539
0.00256749480300594 -0.0495367163034827 -0.543360517958858 0.469367988784419
-0.0380672473986364 -0.0178691479589922 0.0462130751957572 0.480266470408107
-0.0240288846855748 0.012838271347131 0.205132052620319 0.089577262626762
0.0102988076591226 0.0248863891127602 0.1012093499985 -0.207174213196101
0.00905069975834152 -0.00127180485453169 -0.0548043917674456 0.179341146715941
-0.0099958781920833 -0.0104202983216846 -0.107029845568567 -0.143995333054028
0.012664823894105 -0.0138364345916417 0.191365922408104 -0.435585103570435
0.0414176757474395 0.0112139244404656 0.650124786895735 -0.0649570477928199
-0.0071552978271125 0.0663206026867998 0.489471332940175 0.738932185847528
-0.0483861634761106 0.0146588936147311 -0.431138546286673 0.876734098256433
-0.0244800127257444 -0.00776491405275886 -0.610226137327456 0.252651278507755
-0.0232738972035827 0.000302712358360384 0.0796747204453615 0.0657186071800242
-0.00557982900711405 0.0369222459601773 0.541504202558731 -0.472337580438936
0.0270197006374124 0.0251589504100071 -0.0997768295353904 -0.953031870921365
0.0374413197368049 -0.0152172960998977 -0.844754334310292 -0.329446212494859
0.000708363370755711 -0.0458760264540693 -0.529715963243443 0.476734012873945
-0.0352226699492276 -0.0130632092843701 0.055641154739528 0.474428218746345
-0.0165391422510921 0.0203843335419294 0.207685322699997 0.0803836194048287
0.0132278095001262 0.0318079399847101 0.105001449005007 -0.211011550230391
0.0105075711989399 0.00412710198075528 -0.0525040527098667 0.177366377453443
-0.00451648846871894 -0.00131596475350862 -0.111701015600965 -0.142754542896043
0.0112921352637677 -0.00794905748928947 0.179814201433604 -0.439777725737143
0.0394248399692474 0.0130073895551791 0.645236624364296 -0.0844101613145713
0.000764912748238287 0.0753498763276544 0.508339725938084 0.723152603116411
-0.0486315210988203 0.0337075221112319 -0.410192527837365 0.887528701396752
-0.0504093259673471 0.011205969678681 -0.604014704541513 0.268062862681466
-0.0527591046837311 0.0164010420882641 0.0760861493541726 0.0701545022211523
-0.0190187645703976 0.0579658761573437 0.54905041666897 -0.460657811544127
0.0338965127838466 0.0384326844042352 -0.0771463325317315 -0.955269766554443
0.0454389632112458 -0.0105579538068805 -0.836505889562897 -0.354182006863796
0.00129599121232488 -0.041952953254913 -0.540497099399432 0.465548150703056
-0.0310511962927071 -0.00965613671466764 0.0450540631654189 0.474322515398974
-0.00925691196902277 0.0272019306968126 0.204106861899338 0.0803120514004023
0.0153564124617344 0.0387288489139831 0.10679228013664 -0.212249675549648
-0.00886990019668393 -0.00369357608764787 -0.0885980406390999 0.187666340628553
-0.0133369422909715 -0.012540336746674 -0.170898766711542 -0.0468129305866769
0.0146078104444507 -0.0225757736986538 -0.00234290292674953 -0.454430622113487
0.0512163751692286 -0.0118442669390912 0.501800648464035 -0.368448504211013
0.0119319855829142 0.037323813841583 0.782813330964847 0.329901155148326
-0.0449852713694897 0.00372218138888758 0.0955439108437424 0.90747024613056
-0.00140245240776105 -0.0438820210021185 -0.501316106686067 0.492379445947305
0.0210273775942488 -0.0435695481897004 -0.0710789260634632 0.131904451806844
0.0166753093967313 -0.0138904192738223 0.612049086957213 -0.227609616173497
0.00838724555248042 -0.00771300792954169 0.397863712592461 -0.914150620139334
0.0376154500518783 -0.0118566275579978 -0.58344105022276 -0.759204285650896
0.0355414210961801 -0.0525498595037638 -0.738355280407776 0.177132032054721
-0.0179629693542628 -0.0365249100979642 -0.155706530295007 0.487113965366857
-0.0263808591411049 0.00299767564858404 0.14759987782695 0.180128732782201
-0.00867875157338342 0.0156524941532497 0.0850584892706612 -0.186122272544916
-0.0064225719670853 -0.00743873045611237 -0.0818234709512124 0.189333484916063
-0.0184977228671349 -0.0185820563374764 -0.158200760014333 -0.0616863998765655
0.0132946024715414 -0.0263572335070813 0.0348029159416014 -0.457257519873078
0.0511419131306178 -0.00943793407750174 0.541515333237953 -0.322951671243632
0.004567523873472 0.0374940805391683 0.751056781314113 0.407903183614579
-0.0504130673216857 -0.0071581472271859 0.00752617278436501 0.920893309774248
0.00855491565882512 -0.0558677840725259 -0.531063143576509 0.457049081671353
0.0359912078774489 -0.049976196527495 -0.0484111446468516 0.11987044070626
0.0249860894645306 -0.0216826005819518 0.605675975341444 -0.277664530336638
0.00669890504485761 -0.0140423620698003 0.309582602955879 -0.94269933827955
0.0322224887556731 -0.0177107286194702 -0.647249590295711 -0.693568099654213
0.0314214021539592 -0.0559492393936947 -0.710208358271158 0.242028806902841
-0.0220430022249809 -0.0367005286644717 -0.115420562076708 0.495684555976488
-0.0307957263972055 -0.00194714699093834 0.159392217102871 0.16795065698827
-0.00710690501231628 0.0128016014134989 0.0841921213533961 -0.192768219448719
-0.00303885714421553 -0.0143454208702965 -0.0727275247692774 0.189969796296269
-0.0252739252900243 -0.025989223490599 -0.144919165316276 -0.0911628160701811
0.0121707695652655 -0.031141440503089 0.0715301431243212 -0.46548888540459
0.0523344737928783 -0.00926571542007482 0.579996179652569 -0.267083356564233
-0.00229082035412585 0.0399878577544738 0.70663845379134 0.498111099213866
-0.0516881324505604 -0.0149693225132942 -0.0976210226123661 0.927618411684141
0.0189275330090053 -0.0594710909014261 -0.561383985946749 0.407441482530876
0.0429828116817952 -0.0499647833252231 -0.0190075765505931 0.104485669310162
0.0265097929339308 -0.0233371651229286 0.593051929924113 -0.332152694997621
0.00581854462004802 -0.0146168548422551 0.194929949407997 -0.96417910127553
0.029439640064167 -0.0210786690058156 -0.721956816674633 -0.599447625743315
0.0246033521605186 -0.0582121137315989 -0.674418675003942 0.316798825321181
-0.0284828595094064 -0.034602745898536 -0.0691818888166754 0.499243295358451
-0.0328028469535078 -0.00246046185579817 0.175027764542194 0.150950590272338
-0.0034491501034361 0.0120215851568454 0.0872275635658894 -0.196264646002749
0.000247884923451772 -0.0146572619815306 -0.0656997351658955 0.188402960135162
-0.0248830679468381 -0.0273198114391565 -0.13028785062667 -0.109477419670173
0.0133131220003194 -0.0300351294086316 0.116273041755275 -0.460277932658829
0.0506694456143714 -0.00431403367818956 0.614803812495502 -0.199229318883399
-0.00758562476759905 0.0443601095731778 0.644104150732225 0.589923030642506
-0.050343553750461 -0.0180488425964793 -0.214285534009229 0.922680194763398
0.0229523986206431 -0.0557478377554724 -0.586559954628518 0.356658195531811
0.0412429055675636 -0.0438253744016992 0.0145536639590721 0.0885029730480012
0.0231555205877817 -0.0178186418699736 0.576538091923565 -0.389205027398093
0.00652723675510002 -0.00978358542799565 0.0775957691046906 -0.974467802044048
0.0278081266418224 -0.0224342997153538 -0.78262584059452 -0.501740767253441
0.0157496866702177 -0.0571906697625673 -0.626837195602628 0.385252685915694
-0.0329936319837069 -0.0301295971707668 -0.0196985242274031 0.497870953878306
-0.0320718725665876 0.000915311396883028 0.189034931768105 0.127835059197894
0.00108501291058329 0.0139471260000844 0.0902148165009109 -0.201497671568445
0.00427373696602473 -0.0126876074738422 -0.0593205477035977 0.185334268644985
-0.0214394015352373 -0.0260180265657245 -0.11791633822661 -0.1266339800546
0.0135543916107188 -0.0264962208701351 0.155468957138377 -0.452890055538267
0.0483399418785672 0.00116923001073006 0.638679339719795 -0.134389771033493
-0.0105896184384701 0.0501949962569454 0.574756470952077 0.66859975792373
-0.0478221023665498 -0.0140392987180802 -0.324433040710898 0.906675729251268
0.0183724275544952 -0.0440020591919456 -0.603461952313603 0.304649270322086
0.0292256640308916 -0.0327832627124334 0.0472822178327163 0.0743321543403422
0.0162113850387371 -0.00527366483798009 0.556627679753105 -0.439466006840319
0.0108591505113891 -0.000596529209155493 -0.0269674334616523 -0.968876184810018
0.0286244933134398 -0.0216186374739072 -0.826871649961085 -0.404981484737739
0.00699904724591704 -0.0539132168139998 -0.574640537824079 0.445548442937976
-0.0371998808285778 -0.0235894833373501 0.0241644707993492 0.489976149500242
-0.0293874546657798 0.00667935647653453 0.201307624000849 0.105221814125989
0.00636441909374541 0.0192736398479464 0.0960810140230369 -0.205094208808656
0.00683300061877255 -0.00822437280539267 -0.0549010556306447 0.182353743257327
-0.015741851663809 -0.0191814131217218 -0.110440242296216 -0.138562198596964
0.0133088401695486 -0.0206792443550638 0.179237622588444 -0.444767026580295
0.0450050264213707 0.00599529633437257 0.650579589572059 -0.0914210498157717
-0.010004883986202 0.0589255173306596 0.524364825434863 0.717550971272363
-0.0475271656879458 -0.00193237270552896 -0.397966969922166 0.893951617666736
0.000806140345113119 -0.0268500078905186 -0.609725616781232 0.272022928783373
0.00510405049260112 -0.0165660173797321 0.0712759973540966 0.0659587434018695
0.00571449566994646 0.0148244316598821 0.540299218043738 -0.472299969977616
0.0180513112756841 0.0108460549690907 -0.0951692624432005 -0.961365466563302
0.0321193178841105 -0.0192391748100982 -0.8466502648976 -0.341724757761338
0.00237907928692608 -0.0504350855776088 -0.539469662792735 0.479048565099006
-0.0378726382492937 -0.0170462236552653 0.0535950199529002 0.481697792041056
-0.0231501229190842 0.0137746072675369 0.20780852472133 0.0873113471115896
0.0112019096797908 0.0249000396019235 0.0989717719999751 -0.209897056348371
0.00847263966886572 -0.00322278628967724 -0.0521933011649625 0.179492489252349
-0.00995687662596023 -0.0104713205621691 -0.108867452456423 -0.145164153150324
0.0121389908244417 -0.0148758102125598 0.185517894260944 -0.441554924607448
0.0419208504686427 0.0104976717548993 0.65195824392855 -0.0753289069331047
-0.00507804074844942 0.0683675406990694 0.504256867338615 0.735077134275701
-0.0490926058442719 0.0154996662007529 -0.422788188764926 0.889196351409551
-0.0244651257635022 -0.00870782792501552 -0.609953393561532 0.262936206785978
-0.0232314270684139 0.000546890165063663 0.081028274745191 0.0646435946621917
-0.00534195793321147 0.0372972025311073 0.537713369534959 -0.482152065657521
0.0267190161601035 0.0250714276931106 -0.114855859999088 -0.956817156917035
0.0376940073456627 -0.0154599344862943 -0.85305465301677 -0.319208833453426
-0.000250694387859091 -0.0457078682805266 -0.525266586811035 0.48978324405258
-0.035182581300493 -0.0125315235674195 0.0627816263911064 0.477395028745656
-0.0159790996159482 0.0208287779412277 0.209001855910916 0.0778674307408563
0.0148557631942512 0.0321214319110235 0.102483584965252 -0.213161870179463
0.0096990759488745 0.00246541766933224 -0.049446411184787 0.17767685689327
-0.00443920140514773 -0.000473092978031888 -0.113972989832828 -0.142791607200032
0.0103141208514068 -0.0076033350023766 0.173116693745981 -0.445013473453619
0.039880789188292 0.0125755936151761 0.647209583376609 -0.0941033060708313
0.00240270544960963 0.0761777452866999 0.52062110128789 0.721619153007887
-0.0493212658892394 0.0348992625712679 -0.40159102508524 0.89935049151239
-0.0513874301418349 0.0110823327491234 -0.604098540083593 0.275500886206401
-0.0528818023843877 0.017047801449107 0.076873797883039 0.0685695382012873
-0.0185707514900552 0.0584049034382571 0.545197095391146 -0.470759935031741
0.0349830272975472 0.0376863552558318 -0.0903360965945538 -0.959692237453804
0.0451031241255989 -0.0104797674153685 -0.846484792552086 -0.34533784668744
0.00126936235561704 -0.0419919363692432 -0.537300424533791 0.476180078635034
-0.0310733091706632 -0.00932062548260562 0.0539073700498586 0.476126771348914
-0.00824197620713447 0.0277383826570203 0.206885090270053 0.0768374626779709
0.0165455940078017 0.0384927959591286 0.104492210368265 -0.215653846978202
-0.00837257660393127 -0.00444870099248356 -0.0857451239633805 0.188943624519729
-0.013419783303022 -0.0127038634437801 -0.171722021254132 -0.0454435863399389
0.0138587992425296 -0.0236314995321642 -0.0100670962360079 -0.457305192988989
0.0509138854262991 -0.0125667448185143 0.498324904061087 -0.379214713533266
0.0138983680963363 0.0382270021647419 0.790951538761774 0.319517246407655
-0.0449841084221001 0.00395302558785171 0.107811470237001 0.910878073626901
-0.00239997112566609 -0.045005554778505 -0.497642289100257 0.50074668127247
0.0207131237415612 -0.0433984518653109 -0.069456529105902 0.132920192383854
0.016601826441095 -0.0143744690465243 0.611977204146927 -0.236509252540226
0.00853639982854491 -0.00786390239931288 0.385840440457035 -0.922068354363088
0.0373391458565036 -0.0124810213077817 -0.594650787921003 -0.755420746908881
0.0351426189250977 -0.0529840339835606 -0.737256221365776 0.188552484419686
-0.0182183577059961 -0.0362275403055545 -0.148445042275666 0.49169417935973
-0.0261616158576565 0.00306234930801492 0.150839242086171 0.179473345355402
-0.00769181993352244 0.0160579973220729 0.0827305815442656 -0.187787842049087
-0.00660490276282682 -0.0083355782888575 -0.0790678280906851 0.191558638311796
-0.0196365206063455 -0.0192405628690665 -0.159820518485619 -0.0598004940085678
0.0131093853921054 -0.0272594305765966 0.0275898685712638 -0.460290107096071
0.0511917741117977 -0.0101372337240813 0.538676435835014 -0.33513449902358
0.00583287510767371 0.0381206174920566 0.759301207651076 0.397791715201501
-0.0507256298183612 -0.00659916884861608 0.0197560893701441 0.925384374004255
0.00809705985892561 -0.0559537602916679 -0.527485594938628 0.465878968968531
0.0355043656288397 -0.0505614166828371 -0.0468014025910887 0.120353350267348
0.0249119359757232 -0.0222217819912677 0.604115823139105 -0.285920299072642
0.0066046265869151 -0.0144375059354575 0.295697714481247 -0.953684902573648
0.032755611575309 -0.0189064420546424 -0.660335813510814 -0.687740244682481
0.0306188544950676 -0.0571699229188643 -0.711627253634455 0.254489808817516
-0.0223025339055429 -0.0366879392065849 -0.109186430556432 0.499353942137092
-0.0300959956130569 -0.00147105260091732 0.16242123824669 0.167354616842762
-0.00612367285164588 0.0128824623579553 0.0815259911082112 -0.19441260413495
-0.00306561568110969 -0.0154321140457136 -0.0704760109143876 0.190776178811217
-0.0264813953346689 -0.0253493937318315 -0.147060816463168 -0.0891219639844456
0.0117313003709832 -0.0319276666479193 0.0625524837367085 -0.467566067934973
0.0529357630969015 -0.0103790371198304 0.576542024297721 -0.277547920144153
-0.000909784307089562 0.0407146901432917 0.716396028427907 0.489103402530624
-0.0522905131772056 -0.0144273640904384 -0.0859627742844187 0.933343458038736
0.017719585212807 -0.0604319249039686 -0.557781314254924 0.416819286503642
0.0430584923554009 -0.0509544393034297 -0.0165875163386039 0.104316144686263
0.0264637806641857 -0.0244462697545829 0.590833334476479 -0.341168170002428
0.00580711329122974 -0.0145285586058951 0.181998976244133 -0.97133932548536
0.0293609186127367 -0.0217424304647568 -0.732359475174875 -0.594586688743051
0.0233496088111542 -0.058580379228996 -0.671202575180856 0.329189379797564
-0.0285474878438036 -0.0337763568961177 -0.0609841149900864 0.503170960873356
-0.031982372549404 -0.00158675475736456 0.17745595471144 0.149341983808297
-0.00320172727063821 0.0124512617381502 0.0853262185725176 -0.197521840769339
0.000776886408386808 -0.0156166641420642 -0.0635087543480874 0.189581445734442
-0.0249238225973234 -0.0265500526581816 -0.132540673892275 -0.108060201765613
0.0122394642204993 -0.0308419610441212 0.107632755504206 -0.465109007343053
0.0506694875439718 -0.00507222130160438 0.61243765758227 -0.212259187663218
-0.00656439720603596 0.0449798390703839 0.654819672928243 0.581445848128336
-0.0511256462744434 -0.0175410049381823 -0.201309220600773 0.932161916741043
0.0219060857624993 -0.0565518289091619 -0.58430296541454 0.365481913858321
0.0403988502478589 -0.0450898172518206 0.0164173585904229 0.0882175210392616
0.0229470995904533 -0.0185575083455061 0.573066402126525 -0.397687867942638
0.0060237551779858 -0.00991448827243997 0.0637843086527302 -0.979306475400018
0.0277903620277039 -0.0230802221478738 -0.792945310397624 -0.49242221860872
0.0150967525627619 -0.058761355953566 -0.622494860263765 0.397182911922586
-0.0338654776265233 -0.0295434336212012 -0.0115281543400819 0.501293103285751
-0.0319371588633927 0.0017025304740532 0.191463773337692 0.126039378279973
0.00277325421906084 0.0140394816013829 0.0880030456054473 -0.202818358778895
0.00319397130606447 -0.0129792137696259 -0.057527450308088 0.1858441951706
-0.0214262063090719 -0.0249532918794559 -0.120644026481694 -0.125664658881232
0.013167639048165 -0.0271427366053877 0.148098801098516 -0.459962853594264
0.0479678357937571 -0.00010024884695848 0.638517223558234 -0.145616346564719
-0.00839066810025373 0.0509641182882838 0.58667813136955 0.662725770599858
-0.0487778858579124 -0.0135903852057966 -0.311787606673729 0.917057973513883
0.0175655984328398 -0.0446220547057154 -0.602700631979441 0.314208749968016
0.028425782013497 -0.0326796509766359 0.0487247378131939 0.0735417624401331
0.0157993329014407 -0.00679364534856391 0.55227951036856 -0.448764210542313
0.0110666718713899 -0.00132936794733184 -0.041267184662041 -0.97359701684462
0.0281686273951917 -0.0221204828092359 -0.83347100740484 -0.394209369380288
0.0065650668178047 -0.0549827617389228 -0.56951897865604 0.457274585680534
-0.0376763971690249 -0.0229160044289945 0.0325994885649478 0.492192223481373
-0.0295184741411792 0.00722291121982887 0.203789133341366 0.103266233273302
0.00739256400062304 0.0180931260171576 0.093310793316438 -0.20732506867834
0.0063044829610437 -0.00928199677746604 -0.0516949525662926 0.182805704820613
-0.0160663048373111 -0.0185009471707006 -0.112783866378395 -0.138516246163644
0.0120558268726447 -0.021410020805363 0.172388927348043 -0.451410057024327
0.0450816898744616 0.00539449306489864 0.651523558862372 -0.102470428045774
-0.00804929670429173 0.0595954103497463 0.534941902725768 0.712506150259691
-0.0487076043167692 -0.00166981814973759 -0.386870478377778 0.904245049505007
0.000519082751458216 -0.0272164031501704 -0.609432491176368 0.28147929257088
0.00547083698367186 -0.0166412725469444 0.0724309198112527 0.0651187717078327
0.00607110772833374 0.0139248503959608 0.535335241554386 -0.482937395496621
0.0181746991138867 0.0103171806083579 -0.108137602549195 -0.964720086859181
0.0316769142158648 -0.0200735624468921 -0.855305849158207 -0.330594103509081
0.00185900609859604 -0.0496092593308645 -0.532034311701161 0.490363167895459
-0.0382012634413907 -0.016838432616176 0.0622562067256455 0.485075191358748
-0.0229754418047754 0.0144026796465111 0.210545469818409 0.0848217349376759
0.0123715681757622 0.0247003899100762 0.0967255447836484 -0.212020134175651
0.00851501713561318 -0.00343411150032437 -0.0484163466555844 0.180357729654856
-0.0099840878620879 -0.0102437185419678 -0.112552476764706 -0.144022006531507
0.0112020834483832 -0.0141498213217628 0.179341098664309 -0.447972636272649
0.0421007247826592 0.00908579587039889 0.653617986403081 -0.0873668362528038
-0.00354488331552938 0.0685632655367637 0.514750202382725 0.731565110017477
-0.0491862862739032 0.0163388637798322 -0.413912183235353 0.899202300900436
-0.0250613814392353 -0.00824462647438811 -0.608647055706139 0.271752107287771
-0.0234440426311661 0.00122342711606851 0.0828754569445307 0.0627992207944198
-0.00494358755257736 0.0368041846624399 0.532270073065187 -0.491496584251461
0.0269096998465167 0.0239441686847768 -0.128920744266125 -0.956845163999998
0.0372863128921824 -0.016259964658337 -0.861505246090617 -0.308050829659297
-0.000357597632530925 -0.0458833888603578 -0.518958710013515 0.499741103428946
-0.035979858338782 -0.0112629177617067 0.0716062356872783 0.478755507843907
-0.0147081085292065 0.0213597339629417 0.211475969546913 0.074491657805424
0.0162572039221063 0.0317612958726118 0.10000783980572 -0.215891292068992
0.00927199761784706 0.00200456580179725 -0.0467349457000267 0.179131688290172
-0.00462443880015297 -0.000797883731828994 -0.117999715904763 -0.142695789163701
0.0102820773439462 -0.00816392342516308 0.166086138800398 -0.45081812743049
0.0399236116652231 0.0119951150632536 0.648737061012586 -0.105606763408138
0.00424144372679508 0.0766613600454012 0.531820320801721 0.716703012347656
-0.0488359262358078 0.0359970206922495 -0.390004654937945 0.91049836638034
-0.0515026388950043 0.0115778246923579 -0.601245831247103 0.285381952530769
-0.052835099289461 0.0179268422569427 0.0792463699586136 0.0671548286177569
-0.0181392615644011 0.0583880780920038 0.542656245298566 -0.479915512070455
0.0344804022684501 0.0378461302563404 -0.10335328405368 -0.960407754918483
0.0452160903732574 -0.0124473415314287 -0.853589621766079 -0.333517623216256
0.000276771176249307 -0.0423875071166716 -0.532155008289983 0.486065891198489
-0.0312705887181105 -0.00833118428730573 0.0616922375510716 0.47872666717384
-0.00725049326095286 0.0281543945834892 0.208343268961415 0.0752866683873289
0.0180753587937393 0.0380014598695515 0.101825498459844 -0.217685679480083
-0.00855852138171311 -0.00439439102786496 -0.0821461315524196 0.190663463470717
-0.0139155703638789 -0.0125759997428964 -0.172653580292028 -0.0433772221982293
0.0136779709218208 -0.0238393373380606 -0.0179494888078313 -0.459613254265273
0.0519627587262179 -0.01354408022851 0.492620448488998 -0.389596967012275
0.0150313903804489 0.0384495643113298 0.796570536874277 0.307472370866796
-0.0453583597619976 0.00504092159116741 0.123338807782279 0.911462650140639
-0.00327861164350296 -0.0457116592168306 -0.489834230045584 0.510079765215418
0.0195611331633446 -0.0438884887188499 -0.0668399609683105 0.133832747620989
0.0164548140630556 -0.0153056047410006 0.607353895135847 -0.246291406430741
0.00788912086438449 -0.0077006179659272 0.373614244689447 -0.929999886335172
0.0369145992735079 -0.0128783749851411 -0.608314215678446 -0.746901514026175
0.0341943187857291 -0.0545538446633511 -0.735766973657411 0.202572680362108
-0.0184579827760366 -0.0359709206494392 -0.138755548908063 0.496753370865272
-0.0259175019055438 0.00307553235374401 0.154695061353686 0.177128057289989
-0.00715067757910216 0.0160810963374925 0.0802029455159083 -0.18905631588205
-0.00647100364319387 -0.00919726449915976 -0.0757733969360519 0.192851714564722
-0.0196432130659055 -0.0183170431003196 -0.160887944168283 -0.0585097161735274
0.0123646264073117 -0.0287926794332082 0.0189961374244325 -0.464044920504474
0.0523333727334052 -0.0118036637702624 0.533987641864803 -0.344797126916274
0.00765454509559576 0.0382606624807592 0.765776580262741 0.386497806587627
-0.0513353136846121 -0.00580802001644411 0.0344565269223449 0.927704326446401
0.00674401335220717 -0.0571276289616215 -0.520399075311916 0.474917665797298
0.034568246733607 -0.0510437808110038 -0.0440978182904438 0.120447791499473
0.024756318391649 -0.0235228395213848 0.60078948870016 -0.297051352548007
0.00595465420994526 -0.0146737235740067 0.280454807016464 -0.95868637505115
0.0325542093861954 -0.0193771351193353 -0.674430448469644 -0.677760544012627
0.0295340085331873 -0.0574147404170367 -0.706644847831118 0.26694123385468
-0.022904029581568 -0.0361992895891228 -0.0995755271769256 0.502515262750601
-0.029712225770643 -0.000325672264432794 0.166366058882297 0.16558231282554
-0.00496299567465498 0.0134534070186292 0.0780851969395873 -0.196296687451997
-0.00428435111763166 -0.0161678545737108 -0.066736030466213 0.191068342179449
-0.0261642477005558 -0.0250348444115424 -0.149291751551154 -0.0884308739477801
0.0107571508289674 -0.0320506402961017 0.0558998676417253 -0.472270329265568
0.0525177395595507 -0.0118819828691679 0.573063456026662 -0.289826134043799
-5.24997972649009E-05 0.0415338816150275 0.722561250445524 0.478161161210651
-0.0527753710122028 -0.013585231455234 -0.0714913815859293 0.93744549888861
0.0175636315557022 -0.0613807539716138 -0.551288873982709 0.425131911946658
0.0423766832844771 -0.0514038870703486 -0.0145769891533384 0.10429417956988
0.0258670738833372 -0.0250505736382273 0.586265343235035 -0.351511654235942
0.00431278926244846 -0.0141693318238566 0.167502052676001 -0.974784618108083
0.0291208229802412 -0.022810512736288 -0.74392516759063 -0.581361603442805
0.0222647735762621 -0.0587479636320769 -0.667175800576411 0.341151345830079
-0.028893013912266 -0.0336443833260078 -0.0521481548630415 0.506361512299732
-0.031832475999845 -0.00106985184471259 0.180638390915553 0.147073858032691
-0.0019149583772254 0.0122006172663073 0.082169892846327 -0.198930907439452
-0.00071838120652329 -0.0163463039751472 -0.0592540953537904 0.189592149798165
-0.0261766835698816 -0.0266617983278894 -0.135293776613861 -0.107129664129958
0.0111751919996677 -0.0313773558881508 0.0994272642920133 -0.468943853585479
0.05070800254104 -0.00668555081417691 0.610490665532698 -0.223326669309574
-0.0046350984892925 0.0460952611194286 0.665256565365005 0.572340962968226
-0.0512213528947777 -0.0171302114014624 -0.188620690034737 0.937675579694493
0.0216753867727936 -0.0579346301280952 -0.579942640517013 0.375717242636476
0.0400939958586473 -0.0454487234991612 0.0179578458043046 0.088154339932191
0.0224646581338434 -0.020813993312404 0.566768204352887 -0.406697283436982
0.00679196729509328 -0.00995312943229225 0.0493818486220152 -0.982001795600487
0.0275007869746383 -0.0236727661326695 -0.803107478428118 -0.478144985553555
0.0139477166601425 -0.057873516811146 -0.615505472965112 0.409261366891364
-0.0343545985230327 -0.0283212487942785 -0.00323003886060161 0.503340711599516
-0.0313503366595274 0.00223079858410441 0.194560200675171 0.122746924458296
0.00354000339615864 0.0141759543452822 0.0850391934658853 -0.205120339853072
0.00282565085062097 -0.0141744540079855 -0.0542084057010573 0.186213037038646
-0.0217675224216369 -0.0245316774494085 -0.122791248253506 -0.124897196170801
0.0125437753399568 -0.027341701816973 0.140007832161753 -0.463500547749232
0.0477328202993123 -0.000962000645671569 0.637264295440253 -0.157667110517568
-0.00760815707360918 0.0517665020012774 0.597457959930178 0.654091893882282
-0.0496402587164567 -0.0129353429873077 -0.298845003429096 0.924330330516581
0.0170205979106887 -0.0466064893533937 -0.598583440455597 0.324283306552923
0.0283654839546474 -0.0339900352086584 0.0497963282838649 0.0724359785380528
0.015692150935175 -0.00649296512420375 0.545047194130727 -0.458750125743474
0.010965121952764 -0.00100042965433209 -0.057494591123541 -0.974096204746643
0.027827005796842 -0.0227450367089249 -0.842279901106221 -0.3819394355876
0.00628751659163217 -0.0542190396781755 -0.563463370811317 0.467617089615854
-0.0373951746063962 -0.0215626684795722 0.0415983898160011 0.494159520835856
-0.027765560598939 0.00754861020976553 0.206309980375008 0.100037943413203
0.00847868199693375 0.0188801393239598 0.0903434242270903 -0.20951698551142
0.00589110979403354 -0.0105072188773406 -0.048782871141851 0.183023822127248
-0.0162778793286756 -0.0181802194103079 -0.115787459576082 -0.137617006357479
0.011299144516386 -0.0218616672743778 0.165230654787105 -0.455666795807636
0.0450438272684998 0.00455322287829342 0.650867095343689 -0.114387078736271
-0.00524608646171629 0.0599635515982359 0.548081946246613 0.706329536538286
-0.0481513484945692 -0.00112359327148957 -0.373696280062598 0.913518450205587
-0.000165570033912571 -0.0279949270336592 -0.606021199735155 0.292415053295661
0.00517653031129395 -0.0166098354065244 0.0736390386579779 0.0629728618482517
0.00553474384557525 0.0135277691267448 0.528093507824791 -0.488263913619698
0.0181479810126495 0.0099638230358605 -0.125065138244269 -0.963203079125118
0.031426265851068 -0.0206952071203763 -0.86142524330318 -0.317433825890103
0.000589603124128049 -0.0500250083404152 -0.524108547459713 0.501099605080791
-0.0382148897590203 -0.0153906266495215 0.071780779341006 0.483519785101243
-0.0223147974641776 0.0140893869340751 0.211790637736338 0.0813961554489344
0.013836549867382 0.0240483572389486 0.0931190547022947 -0.21386200160727
0.00762442777911929 -0.00462808853864993 -0.0459733044766221 0.180128600817275
-0.0108103783109505 -0.00937487972274437 -0.115274676642426 -0.142711776838521
0.0108285114433494 -0.0144985020397701 0.170381304534781 -0.452997128575569
0.0427021917879418 0.00792547686727415 0.652667067551676 -0.101004624817967
-0.00208472789129052 0.0698628422173593 0.525785567006416 0.724240914690379
-0.0496439876074182 0.0172596437572321 -0.39956776264 0.909817112675974
-0.0247236205909125 -0.00774947986349758 -0.605280188345329 0.280544157844262
-0.0229474098836112 0.00180595391356688 0.0843597713955731 0.0615161843054559
-0.00459107922627256 0.0357733154882254 0.524844324856966 -0.500000089578544
0.027134783108357 0.0239404994437757 -0.145994315312684 -0.956793386706026
0.0374160542527066 -0.0172787487453984 -0.868042845798177 -0.293395767844495
-0.00136221071367618 -0.0463766655324619 -0.511097465358062 0.509396425128728
-0.0360721337957986 -0.0108788111772378 0.0811539181255143 0.479119566928839
-0.0143218625826928 0.0210232723787263 0.213092844931732 0.0716608652383447
0.0175079177335957 0.0312613184075238 0.0968268576236946 -0.217400397003565
0.00859458550556934 0.000527633078353643 -0.0438943556485472 0.177850553282566
-0.00465553023307213 -0.000400617651277125 -0.120297115663285 -0.141741453233592
0.00956681900232396 -0.00850612461252729 0.158515961644595 -0.454779421294936
0.0397768921198964 0.0102249464699912 0.647568521386045 -0.117782719265892
0.00667122199101788 0.0768969147779788 0.543987529645179 0.708406925074952
-0.0489920770844546 0.0361781770122508 -0.377312969791113 0.919695726538914
-0.0518277970067521 0.0118933936157188 -0.598517942734461 0.294535995660393
-0.0518320004545546 0.0188517425456581 0.0805899767390825 0.0654656072161205
-0.0172262401802229 0.0587229734597782 0.536880595392225 -0.488111564259402
0.0353220112454911 0.0374024192586674 -0.118802025567622 -0.961444518103028
0.0448451959469727 -0.0131109164083104 -0.860612902667795 -0.318755493653943
-0.000662362213283155 -0.0426724888088665 -0.522774253806312 0.497461374231239
-0.0317782067870572 -0.0079146494169663 0.070779083406677 0.478551871091837
-0.00640942969129885 0.028089343428479 0.209822860623182 0.0716071445375903
0.0193638456763899 0.0373951212920944 0.098033016649437 -0.219957600919657
-0.00896411417629756 -0.00577976118168763 -0.0793030962145898 0.191649212232422
-0.0139992717762967 -0.0124844964919758 -0.17248297386671 -0.0405136796606464
0.0130560958939189 -0.0244942605814217 -0.0269840320438823 -0.459949841054207
0.0518522760369786 -0.0146969096837412 0.48555658186747 -0.399381877109566
0.0166641504995625 0.0381624786644981 0.799566644241618 0.291774792371759
-0.0453880756341702 0.00490861529783655 0.137410298571358 0.908811490449843
-0.00437328297043062 -0.0456780596813207 -0.479809692028606 0.517187367949522
0.0187461301171883 -0.0443256090282165 -0.0644113458791081 0.134294115964408
0.016234620940493 -0.0164372354784655 0.602644663917127 -0.255650909494074
0.00763132548337798 -0.00826665513826265 0.356522133430525 -0.935742372003004
0.0374502125104553 -0.0138145181577861 -0.622583256453359 -0.73458006426381
0.0335394733550112 -0.0541930675939475 -0.732440615778797 0.21577821972203
-0.0192826116872619 -0.0353064984983369 -0.130001368264883 0.499555397887575
-0.0255038854852634 0.0041725127432536 0.15825054174196 0.175187903033437
-0.00638303967068253 0.0156947435133468 0.0770584592892958 -0.18992804165846
-0.00618616432963717 -0.0100925865736753 -0.0723101082511464 0.19329377920121
-0.0193103908357573 -0.0187330825153972 -0.160873339933517 -0.0555930142981766
0.011770223683549 -0.0289078800186046 0.0106992128963894 -0.464836321597405
0.0520439627334466 -0.012848398248334 0.526789098813475 -0.356584690306102
0.0084116862228744 0.0386028528891164 0.772859624118249 0.372953712873112
-0.051385784029563 -0.00499299156523716 0.0481047262495158 0.927729088921835
0.00602189707246454 -0.0575737417223855 -0.512055463900947 0.481652801066189
0.0340059071271998 -0.0515934930259407 -0.0414952983972568 0.121088701627365
0.0237467387306733 -0.0245476087427879 0.59507424474099 -0.303925912226031
0.00527371561941029 -0.0150259485777411 0.264348896190628 -0.962173838678603
0.032356441641454 -0.0197514072478343 -0.683418493603695 -0.664446608190557
0.0287034486043088 -0.0572046371618335 -0.702992105205957 0.278951565130169
-0.0234226065270868 -0.0358731990718121 -0.0910030674764958 0.50544568461614
-0.0296320220001489 -0.000595071470326525 0.168612108637398 0.163072407418677
-0.00426270649839458 0.0128386037289519 0.075057775971559 -0.197291167575405
-0.00476766794398869 -0.0165372458771609 -0.0635043943647093 0.191876767425962
-0.0267595809343381 -0.0246977780024167 -0.150109315440995 -0.0855907977747086
0.00955912978869045 -0.0328242734204481 0.0449244740289272 -0.472561164689822
0.0523750654777577 -0.0132254771630521 0.567649493070789 -0.300757694621844
0.000852061045545968 0.0412588898791582 0.731038439944846 0.464209313654231
-0.0527770320103723 -0.0131305667360317 -0.0567165256258392 0.938316412689084
0.016384484495049 -0.0622261774267491 -0.545108524072004 0.434031964970964
0.0415472631285549 -0.0520558413974868 -0.0122617382243262 0.103970193158832
0.0254856727959286 -0.0263546742392319 0.579096095462522 -0.359613606082468
0.00409328918576912 -0.0153706793426487 0.148762424938036 -0.977340884623927
0.0283084839180532 -0.0225983622832575 -0.754543115139704 -0.568929662823576
0.0219022697412823 -0.059164227547558 -0.660278011097762 0.353788118333003
-0.0294075264473075 -0.032939086018647 -0.0415475514469647 0.507899513637446
-0.0319169894337863 -2.34904732734709E-05 0.183039315788863 0.143274682532898
-0.000969528425613557 0.0123990849725085 0.0782669230275661 -0.200379065133117
-0.000965161045364381 -0.0174043173611249 -0.0553572928714712 0.18978663324196
-0.0268805445921991 -0.0258583588594945 -0.136844197520142 -0.105024357680837
0.0107901610209994 -0.0319543130139381 0.0902587660276013 -0.471213055192061
0.0509801488039704 -0.00818516552068764 0.606853620946165 -0.235698610017834
-0.00340089748140557 0.0457396935344246 0.673066093643692 0.559221083565579
-0.052120249732629 -0.0163081106450846 -0.172396917574423 0.941744679264727
0.0201403810243726 -0.0585507106469298 -0.574365397516449 0.385250337610655
0.0401476704247779 -0.0463434305487859 0.0201095998747195 0.0871654496781268
0.0223658000666698 -0.0205805367703952 0.559059206918045 -0.415332612733326
0.00516807842473618 -0.0109141455196852 0.0311437148702562 -0.981505246702871
0.0273814281698875 -0.0237148029635037 -0.810774276470029 -0.465214064613108
0.0128905731962718 -0.0580122458974247 -0.608289828277494 0.420739699704891
-0.0344404338793322 -0.0286384773839265 0.00716487305664649 0.504013931345397
-0.0312355656683559 0.0025974788871671 0.195735645021635 0.121015772531037
0.00475713251765924 0.0138563342350062 0.0809679277337381 -0.206450873678756
0.00214122333736784 -0.0151568631501155 -0.0504570907267139 0.186312534371141
-0.0229602964724812 -0.0245341735184164 -0.125148180965216 -0.123859938936606
0.0113943319542777 -0.028137001357505 0.130238243762066 -0.465266637626997
0.0481752566537757 -0.00273209829202261 0.634534628193448 -0.170187598322859
-0.00605546044325733 0.0527230734182285 0.60953831408252 0.643153735072933
-0.0490387065061291 -0.0119662040753899 -0.283644561957564 0.929910853307682
0.0160198643129686 -0.0463613271245389 -0.592243502951161 0.333128504949333
0.0271950659459628 -0.0341158888487908 0.0521110213312786 0.0713839741641116
0.0153953563080766 -0.00754790277378831 0.537788324833585 -0.465973245433411
0.0102096906446234 -0.00161406158102193 -0.0740972558700669 -0.972382659517267
0.0271583034750849 -0.0229590039272845 -0.847657468192571 -0.364429426913517
0.004641210309195 -0.0541815034686614 -0.553504777367217 0.478209696709472
-0.0375960753280838 -0.022045866543472 0.0511713472817307 0.493050681992488
-0.0273525244334513 0.00830999221037121 0.207077376484414 0.0961096246269905
0.00956191045533996 0.0190245069949815 0.0871968241584025 -0.210326048740963
0.0049883035155408 -0.0111701947105264 -0.0453251388482455 0.182805888107697
-0.0170811725363731 -0.0174373408170416 -0.117985916618528 -0.136181737873046
0.0111919786853918 -0.0219311043052151 0.154927413346241 -0.458786179587766
0.0456864142738094 0.00340100685552657 0.647417571189594 -0.12733608484384
-0.00434043992367255 0.0609765293196269 0.558161270757916 0.695441466689339
-0.0485443139842431 -0.000190616433514708 -0.358682735753724 0.919609186780603
-0.00147620139814025 -0.0284612612557315 -0.601457014802285 0.300232694658245
0.00451163265066706 -0.0168264060780382 0.0747738667500075 0.0611386134586801
0.00634863488727535 0.0129277674321482 0.520218307933342 -0.498701788543874
0.0177771834707427 0.0103715181948018 -0.140132599034091 -0.958642254123608
0.0308462693418718 -0.0214073946065069 -0.865341101248366 -0.301533599033861
-0.00038230360267752 -0.0504019053916223 -0.516328015881799 0.510911695617048
-0.0380707740316429 -0.0151806039359758 0.0802499599996088 0.483361094559452
-0.0214347412713061 0.0151791142175888 0.213363801417234 0.0775962127954206
0.014911638747204 0.0240791999452226 0.0900753289028104 -0.215515948178321
0.00676024907070918 -0.00553971301194503 -0.0424167817888224 0.179824299859604
-0.0113386641286537 -0.00927562029462164 -0.117766217166028 -0.141523515013838
0.0097364289619312 -0.0146919386663967 0.161252303289143 -0.455416099486701
0.0421951521187337 0.00649099127577939 0.649797288744899 -0.113351223650956
0.000436128811975932 0.0696109590712837 0.537301303789567 0.714262137960552
-0.0492555005081749 0.017171143630599 -0.385916483424808 0.915045210942793
-0.0254517222834366 -0.00732779247028821 -0.600948092827929 0.290661887442553
-0.0229967439836562 0.00181646035891636 0.0844775854259571 0.0591307746026657
-0.00430197043042461 0.0363521805364426 0.515171169622542 -0.508739238746341
0.0272278760492147 0.0232557130089511 -0.161521050456414 -0.952982974293012
0.0369560232003105 -0.0185281802231753 -0.871884930264335 -0.278579662963229
-0.00248874025595669 -0.0465161839456925 -0.501569681406482 0.519079375562243
-0.035732183156057 -0.0104700685911538 0.0893879436515446 0.477244608682607
-0.0135629043897517 0.0213492495465876 0.213849362516297 0.0680869993316008
0.0185798660237731 0.0301699505953784 0.0938901887468515 -0.218970607083653
0.00791324634876226 0.000163173543184494 -0.0398684261328683 0.178463873310571
-0.0051409396166021 2.00622159801031E-05 -0.123187611624963 -0.139783737041195
0.0093128100495618 -0.00861066179404764 0.149687433709754 -0.459262747192544
0.0398994305944192 0.00933179830678599 0.644079866537811 -0.130422181817684
0.00863554511355948 0.0764070363128216 0.554658337583324 0.696567100307492
-0.0483760122869158 0.0365475580259946 -0.361977134193829 0.925605775463382
-0.0511802124364634 0.0129396419983428 -0.593126514791516 0.304109453150225
-0.0520357178867955 0.0196117709936201 0.0813725540643373 0.0637155999205716
-0.0165263341847583 0.0582114873309825 0.525962030791884 -0.496868681398657
0.0359343324432673 0.0367030695456463 -0.135056179611502 -0.957845597724741
0.0446286757209876 -0.0141234259754855 -0.864828909643492 -0.305213665123644
-0.00136077998574596 -0.042353916656408 -0.514319019867205 0.50630767202552
-0.0316406986403029 -0.00699937705618804 0.0792447454531758 0.477077133238763
-0.00537985616263846 0.0283001602217713 0.21153154960431 0.0687421990158433
0.0204842589211419 0.0368485307269112 0.0945616117203879 -0.221095914843156
-0.0088510155601208 -0.00647512659622738 -0.0760929053345838 0.192177996572479
-0.0149129264753436 -0.0125098952985166 -0.17197162581599 -0.0378778265158848
0.0121966304707154 -0.0251901236096459 -0.0363596780197318 -0.458803930855186
0.0510450239862251 -0.0160456115092845 0.476286486001079 -0.406769456998911
0.0173053288253496 0.0374535714408807 0.79921452905372 0.278555795137797
-0.045281940811026 0.00556838875651012 0.151896371968337 0.903881050409497
-0.00489176493513678 -0.0451195122168599 -0.47073658098854 0.523022394833641
0.0182320134240148 -0.0447781200733643 -0.061602106527383 0.133848182383952
0.0150962343640621 -0.0170065920783466 0.595559719352043 -0.262935972933156
0.00707759356075921 -0.00895971254483964 0.341909665838465 -0.937651438568241
0.0366168005861577 -0.0142893831360713 -0.629694646388805 -0.721621300172946
0.032708401012523 -0.0547950408210593 -0.724611538575348 0.229429064885754
-0.0198572727801275 -0.0349259572771685 -0.120683183936564 0.500997400703984
-0.0248395462345471 0.00458838144894145 0.160587912517518 0.17179890546485
-0.0057067676176455 0.0159070811508018 0.0735113780524957 -0.190524699400232
-0.00681848406588745 -0.0105826469275145 -0.0686355039855132 0.193573622324328
-0.0203653374995166 -0.018753984024563 -0.160734092742805 -0.0542819211024384
0.0110497695519923 -0.0296982471468695 -0.000858671858739177 -0.464596414693192
0.0514721889542753 -0.0138509835036814 0.518210194181381 -0.365293593266432
0.00968219861103521 0.038507329733356 0.774760440492074 0.357295561698748
-0.0510091767184392 -0.0046826052698126 0.065018861479989 0.924090260167023
0.00489122762234248 -0.0579929892100674 -0.501462796134833 0.487748947008499
0.0333899013740595 -0.0519002549566153 -0.0392447349183615 0.120482989317185
0.023264506687978 -0.024863212697417 0.587257675007821 -0.311676616047287
0.00448561837274791 -0.0147099404440128 0.248445022828039 -0.962445721404673
0.0315893041699544 -0.0199168998056985 -0.692221420540467 -0.653008102590412
0.0281747130988733 -0.0579446703373575 -0.694561304469957 0.289845639607207
-0.0241541763565501 -0.0357859067900042 -0.0807660199889846 0.505962849808135
-0.0291670064339371 0.000353255037507034 0.171406450929278 0.15929673415376
-0.0027391999995352 0.0126705979400232 0.0706396023635251 -0.197302348037353
-0.00514299326777966 -0.0180282789958948 -0.0583157632277955 0.191379690089397
-0.0281666807595615 -0.0238542615731783 -0.15205094363458 -0.0829532081144707
0.00828781894192372 -0.0333375058941419 0.0347486165283734 -0.471832369848071
0.0516644356468454 -0.0151405952392983 0.558789601100464 -0.309686496502852
0.00335401775030936 0.041470391372857 0.734442485251849 0.450919710014639
-0.0537618162869972 -0.012082588853555 -0.0423616807832624 0.936394955511426
0.0151451162161663 -0.0631215876982075 -0.535542888038231 0.440311028789961
0.0411124942780703 -0.0524893765843098 -0.0109160984625293 0.10298708462938
0.0250587777003308 -0.0268650119724982 0.570897468672301 -0.365832360341383
0.00396383130749189 -0.015240381697565 0.132253674744176 -0.975456383229751
0.0281729442438438 -0.0231057040551723 -0.761291785837092 -0.554722374969585
0.0200030182870094 -0.059043464766594 -0.65104887640656 0.364588149281312
-0.0296110200471331 -0.0328039967334708 -0.0321281231886666 0.508422482364439
-0.0306862100299615 0.000389234295562215 0.185550264150261 0.140419302222032
-0.000177111984340039 0.0123090815619651 0.0749870557498613 -0.2007112532896
-0.00178041476337921 -0.018232999140178 -0.0516053229985758 0.189643069315949
-0.0273473240955169 -0.0250709432088722 -0.139434450909759 -0.1027439992232
0.00967553425900644 -0.0324990018517185 0.0794146432356121 -0.472156630750805
0.0505598937828771 -0.00991537904754106 0.599375884815875 -0.246763803823216
-0.00128701790903695 0.0459058754096136 0.679477692675483 0.546706267404647
-0.0517632538566304 -0.0156376012982348 -0.156457446837394 0.940874517266277
0.0193583636760725 -0.058462922507104 -0.565304881899779 0.39142786555287
0.0385460522418916 -0.0466604727192868 0.0210711618302464 0.0850359672586079
0.0216943653975625 -0.0216673001205378 0.550584785209836 -0.42365261635402
0.0055090042713006 -0.0112630460071211 0.0154934926780687 -0.978937725527166
0.0263317406018994 -0.0239969525201392 -0.814411416307138 -0.450658308245249
0.0118492371892762 -0.0575319347752189 -0.599282719476829 0.429658865800004
-0.0349659701033134 -0.0278504031092792 0.0162635690019137 0.502612367643258
-0.0305256496903916 0.0035231602725589 0.198199355710604 0.117065690007763
0.00489697976037709 0.0141577193653398 0.0783333351546509 -0.20704247830306
0.00156927438885809 -0.01599632774887 -0.0468637369227674 0.185594149255807
-0.0230198818593537 -0.022905506464246 -0.126966898196435 -0.121475779139187
0.0105158561272967 -0.0284512356153396 0.119453233500672 -0.467822251045792
0.048160800101709 -0.00390086605976269 0.628816722352965 -0.182068502276566
-0.00377914088001626 0.0522983303131748 0.614671632554248 0.631218993954377
-0.0496537793175767 -0.0117561673512591 -0.268854856536969 0.931513941723396
0.0148794050553545 -0.0463650733432662 -0.584463865734613 0.342826537923198
0.027020267963465 -0.0345208955261187 0.0533892026011838 0.0691639398487523
0.0151701232472622 -0.00825578764131861 0.526807898547068 -0.47377410616783
0.00994682471182726 -0.00220202659890879 -0.0897463242654657 -0.965425206987996
0.026700451876889 -0.0236731012892282 -0.850671316747545 -0.350274247960578
0.00323478895809826 -0.0539334578456597 -0.541670338212128 0.487751152952651
-0.0380137925789415 -0.021350794748162 0.0599460233433064 0.492401598719345
-0.0266916333294719 0.0085104752606456 0.208538496453816 0.0927902979180306
0.0102037947077951 0.0178947050897552 0.0829635541383927 -0.210858724580332
0.0035689411316917 -0.0117692330284911 -0.0414736184457596 0.181574111640005
-0.01757106036508 -0.0166157005715529 -0.120620521317076 -0.134058016954509
0.0102980662692378 -0.022664975502765 0.145527508914056 -0.461046728337919
0.0454514123442966 0.00135489833474393 0.643081253376502 -0.139569947329737
-0.00220311509275528 0.0606214258216047 0.566891719298217 0.68434539286009
-0.0482277648690561 0.000871939687793592 -0.342707077836729 0.924289486486818
-0.00137052077715356 -0.0286153910776999 -0.593731941962077 0.30875231142648
0.00480260915067559 -0.0173175740050095 0.0755261071804043 0.0587253275211231
0.00583651234785388 0.0118129569415626 0.50916609604939 -0.504239546004295
0.0188636792413094 0.0096030805967242 -0.155336897716125 -0.952929214757883
0.0307305107692801 -0.0220286204635651 -0.867229857142545 -0.285939415704776
-0.00196763319591128 -0.0496903636556249 -0.504579509491193 0.519079771638174
-0.0385576800891274 -0.0146424382589143 0.0895240623905755 0.481728156697175
-0.0203062058761891 0.0150689998555763 0.213762838223297 0.0746815737289218
0.0155263680540108 0.0231779530646697 0.0862895218003929 -0.21568054426521
0.00540521258633098 -0.00642784489795418 -0.0389316676226164 0.178523624185116
-0.0109805355861263 -0.00940994390561083 -0.120834541299405 -0.139695886744456
0.0097618129321061 -0.0151434688269907 0.150768370832992 -0.457896217418846
0.041522568758363 0.00556781330105344 0.645825686766468 -0.124567250047569
0.00214352822895967 0.0692397457830812 0.548668952366013 0.702978367010391
-0.048547793456919 0.0180681693484712 -0.367211701668511 0.92028964117628
-0.0258270063778959 -0.00755716187391781 -0.593597369200189 0.299423654970892
-0.0225601825174195 0.00233971303455436 0.0855615171278564 0.056636369234039
-0.00385902506476726 0.0355859429016064 0.507189010679103 -0.513822551207181
0.0272502844003092 0.0219086742129013 -0.17490815669263 -0.946432555269109
0.0369408498680646 -0.0187518184520897 -0.873809029663304 -0.260922714977819
-0.00292983170437919 -0.0457431272725197 -0.489711511022939 0.526686744419657
-0.0356695331585675 -0.0098374298886073 0.0972697466294332 0.474536329225313
-0.0122804922930205 0.0215075633670696 0.214352877633695 0.0641846767024034
0.0198049039205425 0.0296036058983569 0.0894442374614292 -0.219705570727573
0.00669367974000439 -0.00058366053961827 -0.0369055431866384 0.177266031271722
-0.00461348414692696 0.000292103308031763 -0.125302477162234 -0.138690989227212
0.00852104519214413 -0.0093193184443019 0.139269532680134 -0.460341383498848
0.0396561571801603 0.00793013207783835 0.639148015402864 -0.142692903847364
0.0107681677146161 0.0764036632181064 0.563627507649829 0.685983011964134
-0.047775503747702 0.0374660633710796 -0.345690560526551 0.930690236200383
-0.0505145260008366 0.0133693816147864 -0.58654103618645 0.313048706321623
-0.0515900663518079 0.0200236675272461 0.0824531803732265 0.0613099277618715
-0.0157580462804453 0.0579113397631957 0.514663324859236 -0.502013124014579
0.0356996290428823 0.0353484698862068 -0.152224148208589 -0.951435495330671
0.0439365234386069 -0.0146200127208203 -0.867830846229508 -0.289735115998434
-0.00204295745345151 -0.0424201630911662 -0.503282572155095 0.514156050753938
-0.0317063205763227 -0.00720261666299313 0.0878541001525513 0.476676218432007
-0.00444563404529168 0.0282809682523053 0.211594033879134 0.0652348191065856
0.0215772311778086 0.0359649393124258 0.0912664966159531 -0.221616848772739
-0.00911724954793402 -0.00730072569703998 -0.0726036823981647 0.191434997697666
-0.0143787194317847 -0.0125400221351728 -0.170958867094849 -0.0358908852449155
0.0116407751886558 -0.0256435767733722 -0.0440545541570805 -0.455959658556972
0.0514282902954245 -0.0176179868204855 0.464339196527725 -0.415282746299012
0.0188826302481148 0.0372244640692106 0.798274527456548 0.263280306566143
-0.0448445384044512 0.00633079700076725 0.166135403796003 0.897202575763553
-0.00593915786512628 -0.0458328838871326 -0.45931461245833 0.527240671767782
0.0175982117141919 -0.0444885222360883 -0.0590228144896335 0.133992878239032
0.0149190751981414 -0.0175873618969304 0.58967245613066 -0.271417773074903
0.0072126161754674 -0.00856535740025971 0.32249431079472 -0.939283541309066
0.0365673863140012 -0.0153266002337647 -0.639971673958542 -0.707663143595163
0.0310824623572992 -0.0541780598233374 -0.717069578640546 0.239624499448063
-0.0205513219520863 -0.0344329977980856 -0.110038552609769 0.500876994211477
-0.0240754737974205 0.00498301295803276 0.162504783240823 0.16803574787932
-0.00422668131998754 0.0162583028616048 0.0699480166759324 -0.18983999046075
-0.00745597272700786 -0.0116746763155864 -0.0648405107825772 0.193738283204717
-0.0195944435294507 -0.0183172047034479 -0.159846954281827 -0.0510058267200314
0.00979491393622907 -0.0301439649930721 -0.00831680217370029 -0.461709783984813
0.0513854753009858 -0.0149843251604314 0.508455027469766 -0.372378846697524
0.0108374970074029 0.0384210655788282 0.774208389370328 0.341986948052532
-0.0514399074437095 -0.00357240184222396 0.0788202234851653 0.918441581657298
0.00379078084299997 -0.0574640557886529 -0.489598972063961 0.493600072864675
0.0312477728074095 -0.0527156954886557 -0.0375103425314966 0.119807823361557
0.0229967117459821 -0.0254883188019202 0.579467217141232 -0.320923625595394
0.00413435446521972 -0.0145914555529068 0.22895913235043 -0.961188274685163
0.0308190335778236 -0.0203163453440232 -0.700301466808793 -0.636667194723524
0.0275432693036222 -0.0575699629057446 -0.684667728871734 0.301527749264493
-0.0242564329221066 -0.0345554217222931 -0.070397618664184 0.505490955417659
-0.0283981291327856 0.00073152803181091 0.173633626141924 0.155651333282069
-0.00242622902997357 0.0129902389591677 0.0687295477215986 -0.196949629009746
-0.00586823152214152 -0.0186246926978852 -0.0556286424989919 0.189933144655134
-0.0277903586576995 -0.0233815260994496 -0.152772165117564 -0.0816822222123761
0.00769333025654537 -0.033951236591815 0.0253927920330722 -0.471061484773927
0.0514588149011198 -0.0163148726340968 0.549435815872897 -0.318015372724622
0.00532235630665087 0.0413088459765368 0.73726070317007 0.436687904508144
-0.0535338258559416 -0.0114622257903726 -0.0261208714552117 0.934867710649857
0.0136737679537591 -0.062275940941341 -0.524837855363922 0.447943094569595
0.0398660281925594 -0.0533378939015495 -0.00861205087068159 0.102124633180375
0.0242596423628204 -0.0268632205383463 0.561235001327274 -0.372916681573305
0.003132203316808 -0.0151461319405205 0.116168471804444 -0.971135075887729
0.0270000129346951 -0.024085216051399 -0.765468232456177 -0.538367731913742
0.0188399507445538 -0.058994373958036 -0.640354325852687 0.374348801677683
-0.029339752847464 -0.0318259532016564 -0.0228784437871147 0.50546352166707
-0.0296263151656871 4.00500126871732E-05 0.186282838837979 0.137099354633628
0.000569000475268318 0.0123335444297553 0.071495172251846 -0.200390386676072
-0.00248857846790483 -0.019212601605493 -0.0484506795110729 0.188188346227535
-0.0272478364786719 -0.0250744846518911 -0.140012534470848 -0.100834735258188
0.00801488716797109 -0.0327141785506545 0.0700032352292507 -0.472125200554032
0.0500389199970037 -0.0111401549305436 0.59124877084999 -0.256079049121525
0.000120205278291749 0.0453594235608165 0.684744282324867 0.533655890458911
-0.0525757541304307 -0.0152704818809282 -0.141308976247155 0.939180711378933
0.018153409634644 -0.0596010616890021 -0.555014048989636 0.398601290050564
0.0382100478102635 -0.0470252004117265 0.0232077471121151 0.0845079293780426
0.0207026703353503 -0.0217076275822175 0.540813019842042 -0.428620749872761
0.0050088612668374 -0.0107610118527101 -0.00113210099141663 -0.97213475875664
0.0257594154327315 -0.0247859721583019 -0.816908229913262 -0.43466689144959
0.011178247469272 -0.0580598570532766 -0.588245594472314 0.438402338403801
-0.0343021038033515 -0.0268400268456462 0.0261591952807032 0.499248782714672
-0.029537159276105 0.00380481212687319 0.198533040381813 0.112925325943486
0.00621517639190636 0.0137396679568245 0.0736921948904791 -0.206952771481227
-1.06757234044925E-05 -0.0161621014354229 -0.0429566127051662 0.184402442205359
-0.0237431567520849 -0.0224677403791808 -0.128523336516434 -0.119482266944355
0.00942177123490458 -0.0285941502497078 0.109159916230201 -0.466758214162784
0.0477568372007278 -0.00534156615593015 0.621213215055966 -0.192442541095634
-0.00193756749726834 0.0526061952423152 0.620518709874309 0.618846717098785
-0.050050918284042 -0.0108276393086992 -0.251513407961105 0.932410441528092
0.0139390408660429 -0.0472969720715351 -0.576519803438607 0.348185807180077
0.0261040859591938 -0.0349994604218023 0.0537961720320203 0.0676954391615138
0.0139836863376199 -0.00924009601548633 0.515847057391094 -0.477646254642299
0.00957977766980378 -0.00208762597562158 -0.104187017554647 -0.957580652635317
0.0266247622190488 -0.0242097068047244 -0.852981223958294 -0.333735661202893
0.00285628895947198 -0.0533509738719245 -0.528977376468735 0.493756646250563
-0.0384222177503429 -0.0197215077928702 0.0700977436318694 0.489039982862324
-0.0256683412402498 0.00909649390069346 0.209461533680499 0.0890037208102995
0.0115481360882347 0.0172405836874798 0.0782243985543804 -0.211475630028186
0.00336803547386856 -0.0126909293343334 -0.0384498073514143 0.180024686736806
-0.0172741210500954 -0.0165161406570799 -0.122251740213034 -0.132676556591601
0.00906505012344203 -0.0220398242628488 0.134572553120626 -0.460979478872641
0.04429414113496 0.000380193351341093 0.636301337938742 -0.150248041899509
-0.00107644241835417 0.0599548650338606 0.576411476648654 0.671698030922027
-0.0487103712027224 0.00121812436944361 -0.325537179243392 0.92622393414307
-0.00277756563516719 -0.0283805504349145 -0.586879953304423 0.31725956733283
0.00440620950177898 -0.0175774114482386 0.0760453114657944 0.0566583009129848
0.00607802546884796 0.0122533869601179 0.499904482204327 -0.5087481701628
0.0175320158632357 0.00862357914262646 -0.170606681786708 -0.943408523854915
0.0302592689788073 -0.0225688978434568 -0.868463748927117 -0.26939548447462
-0.00155092595957569 -0.0493556126280929 -0.491463760121349 0.524698907688712
-0.0387529880779564 -0.0136800612300527 0.0992581028674272 0.478486460461206
-0.0189591445025099 0.0155262349511095 0.213395484715156 0.0696953519676796
0.0169585232346721 0.0229801737650753 0.0818968917067009 -0.215822974252687
0.00435977167508441 -0.00696398912554951 -0.0356224846035483 0.177154427568894
-0.0114319096592896 -0.00882257132495926 -0.122577544956375 -0.138420844187707
0.00783935786999099 -0.015242952575646 0.141483967044012 -0.457234400457121
0.0415382874719933 0.00443092570372139 0.639131986097594 -0.135004384077789
0.00405116072075541 0.0687471463387017 0.557940776822156 0.688427291212953
-0.0482938188724535 0.0180913729963642 -0.350258453535628 0.924564119497273
-0.0260707218458538 -0.00761952508376073 -0.585613308223071 0.306544459671841
-0.0228134361996462 0.00261709299483709 0.0863587114654112 0.054598242428972
-0.0037919285656936 0.0348954107447389 0.494528733611856 -0.519341326583611
0.0274463519508602 0.0212162670164183 -0.189324093675945 -0.938648344794244
0.0358380136970663 -0.0199239374929126 -0.873061874162323 -0.244026020092631
-0.00402233142837566 -0.0456288404287783 -0.478975591953725 0.532074091781756
-0.0357183588265916 -0.00916921720814652 0.107105427261895 0.471034303917664
-0.011399149982065 0.0215435156699942 0.214290384917028 0.0609324966195365
0.0203807986267918 0.028672029083523 0.085483104226459 -0.21932846100504
0.00593750860268619 -0.0015464248228016 -0.0339297697856406 0.174646909117977
-0.00483288816987354 0.000506446284174809 -0.127661504136045 -0.13611171503084
0.00765613665717703 -0.00889841252745215 0.129329838577685 -0.459682744156747
0.0389004078438984 0.00677520774124714 0.632107277713918 -0.152835222962162
0.0126235514003442 0.0753269233541889 0.57216970495813 0.673092359936678
-0.0472616473764602 0.0377684043950963 -0.328859780269548 0.933603056118851
-0.0502619869763001 0.0138367364839333 -0.578406305883143 0.319778778472611
-0.0506632527403221 0.0207577863371092 0.0825316306106267 0.0587262340360869
-0.0151477525303627 0.0577525892095594 0.504568145485845 -0.506408877614649
0.0358348501674723 0.0348275841446613 -0.165561411048834 -0.942344618309209
0.0436800596751367 -0.0159226228070677 -0.869296085457052 -0.272205194315157
-0.00253996625589513 -0.0421724110245837 -0.490523885854245 0.520857293543833
-0.0309441078286583 -0.00675366669422306 0.0969583713243957 0.47199343370787
-0.00329251487925408 0.0278599266952013 0.211828753076171 0.061106517864503
0.0229370481797398 0.0343712877616282 0.0869112082130458 -0.221532668185538
-0.00965189529774567 -0.00737837075174753 -0.068218249451511 0.190397141827476
-0.0145995008051281 -0.0130722073303764 -0.170337201907969 -0.0332036652379778
0.0107910158072158 -0.0259215422055948 -0.0524416774111609 -0.452058334747553
0.0503025182763808 -0.0187212001496334 0.453163604602541 -0.4189115400449
0.019908880554384 0.0364487350643944 0.797294780595187 0.247673119938044
-0.0450259347269581 0.00671361203789535 0.177868129466337 0.88990726332987
-0.00688065069030393 -0.045524539601411 -0.446333185746985 0.528693746021045
0.0164675279736001 -0.044054349193287 -0.0565963863151644 0.132682112862396
0.0144651588892956 -0.017492624943016 0.578832100314809 -0.277262463745756
0.00610728339948206 -0.00921136159701933 0.305105525800275 -0.933570405189733
0.0353219576741378 -0.0153671884787163 -0.646148963392419 -0.69254120488382
0.0304649919747286 -0.0545402418620992 -0.706628444981341 0.251280769474101
-0.0207889219045069 -0.0334344616508833 -0.100358453768638 0.4991252331589
-0.0237363640732825 0.00528217415632857 0.162928399147934 0.16455870661639
-0.00327903293895298 0.0150175863400683 0.0657809770498913 -0.18924174449491
-0.00703018792845574 -0.0115583795600683 -0.0612846787297759 0.191417859116812
-0.0203507541633498 -0.0180195865628858 -0.159447965253568 -0.0491067308515793
0.00943819821306453 -0.0306137081924225 -0.0167028071043877 -0.460583188684068
0.0502146943097389 -0.0168717924169288 0.498107023130775 -0.37906844953007
0.012196971621075 0.0375950355219502 0.77381512901511 0.328121444623272
-0.0515462792993778 -0.00281549561065202 0.0934925327433206 0.911551116923953
0.00286051904956403 -0.0577273737765251 -0.478866511200002 0.496924542130395
0.0312891213145115 -0.0528420359482191 -0.0345169719354242 0.118003640011211
0.0223272133692719 -0.0260259923625272 0.568661380407283 -0.324121074043235
0.00343437106980703 -0.0148478405600415 0.212383060528752 -0.955348371115671
0.0302668738279029 -0.0214450814227569 -0.705778497687564 -0.619402506823854
0.0252123101219773 -0.0576052672950882 -0.674607139922669 0.310756870745273
-0.0246955030620045 -0.034319974809702 -0.0609074882708761 0.50351561596718
-0.027711415599869 0.0013460103690571 0.174772228672109 0.153107568735781
-0.000703329202173489 0.0131084563780686 0.0640959879858249 -0.196065511955965
-0.00657288935710594 -0.0186153181679442 -0.051856719502577 0.188555729989461
-0.0284817034818793 -0.0230307552462681 -0.153492330310014 -0.0785540688811081
0.00622062424237058 -0.0337162035009232 0.015771184386603 -0.469160674848275
0.0501431162966009 -0.0171407536506138 0.539381220731172 -0.326254933644104
0.0065126650561993 0.0407432892187289 0.737092025048566 0.420792826210912
-0.0530427895060324 -0.0105094958211435 -0.0123273040451044 0.927596809660121
0.0122997254117536 -0.0626796443189458 -0.5130187859662 0.450749072925968
0.0382933676009651 -0.0532967263977362 -0.00724908992174319 0.101051806643343
0.0236771739489417 -0.0282903447668437 0.55189485297364 -0.37943359837631
0.00280025743186283 -0.0150107434375171 0.099620717241595 -0.964185005073604
0.026867619539809 -0.0239769984152822 -0.76808815006182 -0.521697159206737
0.0178678330166201 -0.0587005406171269 -0.628305706337359 0.383221291006547
-0.0299081994689491 -0.0310420727899872 -0.012525940283317 0.502887221135324
-0.0295053166682548 0.00102954856878577 0.187677979247315 0.132702769520166
0.00197667001926776 0.0116095453272419 0.0672418730933111 -0.199354721019718
-0.00358884426428654 -0.018935925678443 -0.044621914407318 0.186597405388841
-0.0275752361378961 -0.0238145733048133 -0.140499423884797 -0.0983566224106843
0.00714451360034745 -0.0322397361639109 0.059798844716945 -0.469108386751427
0.0494942657164852 -0.0122698047372817 0.580636347669778 -0.264791506501574
0.00160674125379997 0.0449732674397108 0.686181763321402 0.516470535353435
-0.0517203702327076 -0.0136672238134222 -0.125331694336588 0.934891173891763
0.0165856905986518 -0.0595770767960285 -0.543807015496906 0.404281105781583
0.0364197503281576 -0.0473435782101205 0.0239073195808693 0.0824057772742679
0.0203926850521445 -0.0226060528958199 0.529542392356741 -0.432023356591543
0.00385721727096623 -0.0105126898303123 -0.0151041636662527 -0.962957948957788
0.0249843621014704 -0.0250403334650773 -0.816866816933571 -0.416654671308382
0.00984404051957304 -0.057396649864475 -0.575644339059718 0.445310112666288
-0.0352679479846035 -0.0259566343954542 0.0352791930648142 0.495879116332741
-0.0287374922928189 0.00435601141371937 0.199598949831787 0.109493320666907
0.0065254199236465 0.0129058803190887 0.070803010440278 -0.205792240207237
-0.00119391361793716 -0.0166569609170768 -0.0397425433425332 0.181929253826135
-0.0236352144706762 -0.0222080856425905 -0.130634775603104 -0.117508684391784
0.00847342408066323 -0.0280867031881036 0.0990640510134708 -0.466594170846688
0.0461279309605356 -0.00760527342189354 0.611578998652105 -0.202011376163611
-0.00104548143419043 0.051548820486323 0.625936102784955 0.602883371502329
-0.049664230435837 -0.0104047100079192 -0.234123014575567 0.931396021177612
0.01308887782315 -0.0475624377359224 -0.566824896095997 0.355427254170045
0.0256333355690758 -0.0353999004732293 0.0551521163619919 0.0655281640557742
0.0143855207620053 -0.00928720164565315 0.504593145825176 -0.480969922993408
0.00924059938150661 -0.00174414706085099 -0.118366025365034 -0.949009070124235
0.0254023583953256 -0.0246963434194554 -0.850244817332959 -0.316014954229297
0.00187466777568429 -0.0538535879533233 -0.518626466227866 0.499182795102441
-0.0373116755267923 -0.0195497205374706 0.0782748451691148 0.484072928723968
-0.0249553475294731 0.00954307387844847 0.209261051041054 0.0851622140324126
0.0120924934024266 0.0171125623408352 0.074993184470303 -0.209808432317776
0.00217759040102955 -0.0131289864006651 -0.034456171924302 0.177917713277942
-0.017596395139919 -0.0159683000774146 -0.124488690492607 -0.130144108439282
0.00781355407285024 -0.0218843240696175 0.124170252165545 -0.459923125571575
0.0441181155286688 -0.00127905358470643 0.627385628463971 -0.159879336863408
0.000979086718382576 0.0599471821168016 0.581190388042659 0.656885651904442
-0.0485506379260236 0.0014928973027411 -0.308970993279044 0.924150303340111
-0.00251773782714706 -0.0285750458607531 -0.575377701040373 0.323067879252062
0.00431401511382545 -0.0170269671923147 0.0769160908348432 0.0545988852701813
0.00565986294829605 0.0112267732452536 0.486337348545097 -0.511098990728588
0.0176311169935651 0.00923485541994684 -0.182371506150109 -0.932612088559436
0.029687808122516 -0.0223939296613889 -0.866194552662464 -0.253226393845849
-0.00240859857538449 -0.0497471045000176 -0.479924411069687 0.529547181769363
-0.0379920472123804 -0.0136477312046362 0.107341568695274 0.472106767091535
-0.0183524330231073 0.0153325102071657 0.213225297785851 0.0669103472705716
0.0173856919921929 0.0218643612643636 0.0782809238838836 -0.214843995094097
0.00339118127319322 -0.007277822802251 -0.0319623737678078 0.174963607855062
-0.0105169593781623 -0.00797979743740855 -0.12412251770066 -0.135365959423663
0.00732126476034684 -0.0150390789597895 0.131928977068778 -0.457225720902196
0.0410733797298392 0.0030163877020085 0.630681463953867 -0.145987421571274
0.00617671261078456 0.0682132665696093 0.561886437223997 0.67531209831771
-0.0478956615370487 0.019403731117171 -0.334885442911852 0.923267995125829
-0.0263075857084082 -0.00738595784188061 -0.578122256481533 0.31262854199172
-0.0222647521184844 0.00315541755400214 0.0860748181292893 0.0515173506964947
-0.00310647377914649 0.0347975563034428 0.483351598320933 -0.521292247424319
0.026851332909292 0.0217409018466234 -0.204044863440858 -0.926404228749683
0.0355632053008201 -0.0197656128166172 -0.870842910502701 -0.230776370228562
-0.00449039367808664 -0.0444315452237123 -0.464586785827699 0.536145982536067
-0.0351688131988113 -0.00881950991123158 0.115412273725344 0.466055815349321
-0.0103193226603374 0.0216164547578121 0.213544596374223 0.057030714599779
0.0212858896539461 0.0273726497565236 0.0809838029266435 -0.218859853620978
0.00537006612574695 -0.00218582836884236 -0.0304862534896009 0.172694463894728
-0.00490037541870219 0.000585517276468829 -0.128835169084561 -0.133533558002503
0.00730877013191557 -0.00856466058470739 0.119183244492316 -0.458370653248322
0.0386281216680162 0.0059590499450492 0.623614907842917 -0.161583153969385
0.014546594270011 0.0746335037969292 0.578551122239341 0.659593529845611
-0.0465480332940749 0.0380702859417688 -0.311624632831846 0.933217654781485
-0.049340688855871 0.0146348371683823 -0.569388926258303 0.325116424287547
-0.0498914164890558 0.0213775689816763 0.0822535837080716 0.0567723937167541
-0.0143744612937991 0.0565324872226942 0.492328850705447 -0.511366124738942
0.035241141799822 0.0337795770416061 -0.178246538071291 -0.93146063127893
0.0434379712920496 -0.0164385265642295 -0.865724524162797 -0.255882141822217
-0.00297781794201293 -0.0418049782417407 -0.479346680391873 0.525941711155937
-0.0302361705055792 -0.005807150561053 0.104235111494315 0.466167404246968
-0.00172212517666827 0.0277634076647575 0.210667892596652 0.057438010040713
0.0239280688606665 0.0333168750173711 0.0822129580297612 -0.220314698771782
-0.00996867321878301 -0.0086267965455396 -0.0644696776012467 0.189966882063483
-0.014274619410937 -0.0121033864911946 -0.16848440460075 -0.0317500470009808
0.00979673272302894 -0.0267987800238726 -0.0598046791340756 -0.447403882898038
0.0497913152764045 -0.0198361458389377 0.441365128210669 -0.422517445629529
0.0211357625414225 0.0356354977363663 0.790222431596715 0.234099700499028
-0.0447309025568015 0.00722904223778329 0.188395554635864 0.876823973173899
-0.00785193650537808 -0.0456230676755014 -0.434584623166077 0.529087731958079
0.0160060840043968 -0.0447130315367839 -0.0546489160940547 0.131381729427803
0.0139432870673671 -0.0186464442806329 0.570665282703978 -0.280135785417913
0.00537897760473022 -0.00917385291225342 0.291346015373784 -0.927483375209901
0.0351368024631205 -0.0159588340623201 -0.648692604426956 -0.67736325983569
0.0291217315070832 -0.0545161772676522 -0.697927460233137 0.258727284114994
-0.0207583721379437 -0.0329340670972341 -0.0917139833142107 0.496105882698675
-0.0231250784051457 0.00547443852334137 0.164079118418659 0.161202768935988
-0.00261550645604873 0.0144705249937148 0.0628392047148853 -0.187619071759273
-0.00843559516436011 -0.0123283318451411 -0.05774753475484 0.190684372847182
-0.0202745968085739 -0.0179351294338615 -0.158379875913133 -0.0475535753294649
0.00811953536740167 -0.0306504982660449 -0.0244361837602569 -0.456201968524288
0.049885832573433 -0.0174440572874341 0.487294325889113 -0.382765516951701
0.0139936984411098 0.0374966920521397 0.767669121733253 0.313962322781198
-0.0506574132129055 -0.00267309794394962 0.103258169641605 0.902476899544322
0.00124684376648751 -0.05843105850223 -0.467571213984173 0.49787438525315
0.0298454739403002 -0.0520949776632699 -0.0324091059208122 0.116956371888748
0.0210705174796158 -0.0271902501930575 0.558230246975069 -0.32819597100016
0.00362889804721681 -0.0149665307348786 0.19794766875116 -0.94716799651257
0.0297924645148919 -0.0208952451921465 -0.705805450461604 -0.60346062769806
0.0246132457277757 -0.0573092938343719 -0.661867525299973 0.317187820794947
-0.0243350626975894 -0.0334375831564045 -0.0512965692950948 0.499365129515333
-0.02693555564943 0.00257241498615199 0.174918374510135 0.14886986336872
-0.000515765302166071 0.0118937446236719 0.0604388604914433 -0.193620146526599
-0.00814681043010371 -0.019298203454398 -0.0476401064146335 0.186403133968542
-0.0282646868601473 -0.0218130876793542 -0.152604120650328 -0.0765882435914101
0.00509061261519553 -0.0334748898775502 0.00717697411378865 -0.464386046269052
0.0499822057743559 -0.0185618509492968 0.528806575694823 -0.332116312471796
0.00753360766053554 0.0405117597706964 0.734661277959439 0.407031633515463
-0.0530074937556435 -0.0094732673089885 0.00113643003690842 0.920243983666432
0.0111890790094837 -0.0627975431925573 -0.502233230178178 0.452391987098323
0.0372311242538054 -0.0530709018716963 -0.0056241662061416 0.0985286009408507
0.0225564947600959 -0.0286521373367452 0.539887995331669 -0.380602366435997
0.00193412687685394 -0.0152396363869081 0.0858440552874511 -0.955002569547929
0.0261149051158399 -0.0246197441807262 -0.76602391975827 -0.503387424885927
0.0170308821852473 -0.0581825993988779 -0.615443857061983 0.387805888125486
-0.0303054234492398 -0.0308219635755344 -0.003716731608223 0.499661264129709
-0.0285458718211314 0.00125110026722523 0.187870618688187 0.130114718949064
0.00254213476818955 0.0109009455187876 0.0645028219198207 -0.197384042163046
-0.00462261010105528 -0.0196725512106611 -0.0412061511720412 0.183679400796316
-0.0280921202369755 -0.0230424152887379 -0.140728052648296 -0.0961723577245237
0.00580628217446623 -0.0324710220452994 0.0513304448426665 -0.46624188780836
0.0484361554979367 -0.0134859140885587 0.571443345207945 -0.272398038579448
0.00300427339058824 0.0447705498706588 0.686270540794703 0.501335904412837
-0.0521567143383809 -0.0129984462135159 -0.112926767541875 0.930631584928739
0.0156139529457968 -0.0587520022557453 -0.533587138396969 0.406426660211631
0.0354715459395985 -0.0472562004438999 0.0248262745485322 0.0803683491773712
0.0190418548629607 -0.0234537481968404 0.517577593817909 -0.435553952350452
0.00356759387036943 -0.0108634221589638 -0.0278781248624784 -0.951339852724876
0.0242524150617534 -0.0252554069205662 -0.815066457920925 -0.400452160796287
0.00948194337721175 -0.0567433990678626 -0.5622587322918 0.449893018658575
-0.0349499185154832 -0.025396984454668 0.0424814216154549 0.491581315841247
-0.0278011486568804 0.00477910492995534 0.198842167067178 0.105476758059124
0.00755515854659244 0.0124485546425457 0.066596945267119 -0.204164634496099
-0.00181322048678291 -0.0176691401497773 -0.0369111794186485 0.179925861637994
-0.0237525673286619 -0.0214873662969164 -0.13151737388828 -0.114864772455989
0.00718997872677819 -0.028154467576601 0.0906434769222474 -0.463653536666714
0.0463688596282655 -0.00810978661856787 0.602347663503656 -0.207629288006027
0.00137671437302999 0.0513012616565576 0.628350783052985 0.58673160585173
-0.0497618486043698 -0.00947891974486409 -0.220346881643393 0.926520318319074
0.0125322788860017 -0.0465314935607743 -0.556842175176978 0.357699281159448
0.0245577048488058 -0.0349835594368277 0.0547981674925489 0.0635159679850153
0.0139363554544953 -0.0100092784385032 0.491913510733487 -0.482425290943327
0.00829132062067111 -0.00241626709093086 -0.131711913398776 -0.935366744119587
0.0243323472828709 -0.0244705698504365 -0.846349927704375 -0.300434838131883
0.00101330294976653 -0.0527314157068289 -0.503681107118253 0.50330043387836
-0.0371818351619239 -0.0193379876065539 0.0857332271595298 0.478828419827275
-0.024357072593167 0.0101446207348448 0.20827778606088 0.0816361841412806
0.0133545301233893 0.0161570985007873 0.0715843156872683 -0.208463624449538
0.000646437273545998 -0.0132316429359022 -0.0317007310633505 0.175587080428283
-0.01792783147295 -0.0152764358045648 -0.125118840392808 -0.127828391037145
0.0073955308198601 -0.0218373179151371 0.11603610947114 -0.457898403673039
0.042623428394884 -0.00213437784799535 0.61853297006487 -0.167492337357454
0.00287786336736783 0.0589287523433612 0.583927394488315 0.642093843106053
-0.048243506763751 0.00228818216768289 -0.29441500227145 0.920550320260892
-0.00303403445046877 -0.0281903812126076 -0.56679115690481 0.327140089405852
0.00426960561040034 -0.017050363912671 0.076568302153952 0.0519257502238884
0.0051999756996106 0.0108595021850786 0.475193173188706 -0.513052269295526
0.0171139048518423 0.00827781978866279 -0.1957114493104 -0.921810259193645
0.0285259185296757 -0.0230317546123344 -0.86011679226099 -0.237272750793181
-0.00341443495699949 -0.048713478610885 -0.465044362268655 0.532023457908124
-0.0378872267508526 -0.0125965670178533 0.11307553547655 0.466415894168218
-0.0170974410285891 0.015382236994663 0.211816399915476 0.0631061753616381
0.0182617866141329 0.0208108845720209 0.0738855060616119 -0.213761981241084
0.00275185231319357 -0.00774216261577856 -0.0296052262013917 0.172712500751971
-0.010983493495435 -0.00731399477652478 -0.124708037573514 -0.132897154501846
0.00717185518631413 -0.0149327071823314 0.122538036921387 -0.455170429660717
0.0397830289095739 0.00177978428318563 0.622150977425058 -0.154403802633831
0.00809851618056958 0.0661609194903956 0.56608963728813 0.660735593629211
-0.0469214282761295 0.0194398679393199 -0.317444577038748 0.919097039311767
-0.0254368638781626 -0.0063344263547087 -0.566631944549762 0.31797638913499
-0.0223775597079487 0.00324952892781096 0.0860630872814368 0.0498371091934241
-0.00307318376411256 0.0334811571684678 0.470840671372073 -0.521869915428347
0.0264293097850362 0.0200969367202722 -0.212378956272394 -0.913880669721695
0.034535455707809 -0.0211262219337842 -0.866417776366428 -0.213771917966707
-0.00529889737244239 -0.0443067889742909 -0.450816413082397 0.538834659551232
-0.034607137441889 -0.0078161589963562 0.121691154234557 0.459759620359833
-0.0093257963291048 0.0214217297759248 0.212476455657676 0.0534888181677223
0.0218140901979023 0.0267128699138544 0.0771985950268403 -0.217258513253206
0.00351959391969323 -0.00216241083353126 -0.0277341678881606 0.170177515080284
-0.00490762102060554 0.000284966583453321 -0.130575832769912 -0.130789377111588
0.00613049024138883 -0.00843360599442221 0.109648935387681 -0.454538569936329
0.0373935194517291 0.00418850472187428 0.616052340202291 -0.170110988662317
0.0163552786160372 0.0731446513118123 0.581863039729927 0.645437314920409
-0.0459200603500349 0.038179486060754 -0.296053227230056 0.928278597136414
-0.0494407005509679 0.0147438531606814 -0.560417748506436 0.330175791942191
-0.049041721589734 0.0216981078001372 0.082300660302491 0.0547683507549743
-0.013693043736487 0.05625442880532 0.479421813766242 -0.512362058654771
0.0354695984368985 0.0326998038395284 -0.188866818947178 -0.919565543570254
0.0422987039727273 -0.0169282438022966 -0.85989952555201 -0.239712418984812
-0.00340507476033717 -0.0413794299592784 -0.464647674564936 0.525856415882401
-0.0308727096392426 -0.00573313655977791 0.110750135679524 0.46026661826398
-0.00102793159027183 0.0267984329795819 0.209343036694588 0.054156401233789
0.0242579030594838 0.0319504929629729 0.07858648180488 -0.218711449085239
-0.0106796547009727 -0.00937106367358641 -0.0616005903040469 0.187150561586892
-0.0143101458837332 -0.0124449086083285 -0.166139428267742 -0.0299939876022527
0.00859189695744618 -0.0268880946091912 -0.0662174054383868 -0.442335120882254
0.049168510107144 -0.0207414678640727 0.43091452475449 -0.42374126197686
0.0217877769399445 0.0352201110315725 0.782647424774856 0.222804721207545
-0.0436150600503005 0.00673912319305933 0.195906742283181 0.86606096646794
-0.00746595186472284 -0.0446264813889765 -0.422762886172194 0.527100677323897
0.0153569022315219 -0.0441956181115506 -0.0520796972095169 0.130261197402592
0.0135821156785933 -0.0187124544949295 0.559814600370562 -0.283253553037916
0.00538570792119141 -0.00884213657721238 0.275932843405372 -0.919303644352159
0.0341593808556251 -0.0165016400100381 -0.648114206730595 -0.660787555647254
0.0286433802302216 -0.0539595615112421 -0.683548965429359 0.265353540227908
-0.0215257412955293 -0.0323987310224019 -0.0833704339622659 0.491622146234224
-0.0219146948095467 0.00513721854817199 0.164712617906949 0.157493273419894
-0.00213870778861158 0.0141334978982362 0.0600314145578654 -0.185754656108703
-0.00891503958903862 -0.0128247008151389 -0.053944781089968 0.187446675599331
-0.0201178929807797 -0.0178527266283522 -0.156302140521015 -0.0455199571606813
0.00797560527496336 -0.0311567518522331 -0.0315339343176509 -0.451106913441579
0.0492911956678065 -0.0183505158299538 0.475993239518742 -0.385396572806422
0.014602835551408 0.0370897179680935 0.763154054700511 0.302925170820424
-0.050467446399084 -0.00182953740856793 0.113423243312081 0.891674522463968
0.00107241383629734 -0.0569684031148626 -0.457039699062608 0.496154067746932
0.0285779689889262 -0.0517897050869599 -0.0313519918476028 0.116250837833923
0.0198865406595163 -0.0271418344929234 0.549823366431601 -0.329806624786847
0.00285196963620187 -0.0146618473648583 0.185768522335074 -0.937791240684693
0.0292011634913011 -0.0209618692364904 -0.703526612313091 -0.590423957868295
0.0238452598479928 -0.0573510424970319 -0.652201894468205 0.321816102100954
-0.0248720582836864 -0.0328801375823781 -0.0445778942222016 0.495658403977012
-0.0253310474616915 0.00200392565837134 0.174444991585908 0.145452056645713
0.000395361371225856 0.0113110223339255 0.0576195516449136 -0.191997572677421
-0.00883709084796117 -0.0194239698923971 -0.0452057658182129 0.184047140766574
-0.0287886930792955 -0.0213216630462727 -0.151788079480681 -0.0741716853588514
0.00457107593679057 -0.0334949223022899 0.000435073594687252 -0.459706835838197
0.0487815354631608 -0.0197120309553465 0.518405120087413 -0.334581506139675
0.00858614782592433 0.0396206808389482 0.730600788850281 0.393541468522258
-0.0527250278264668 -0.00916990662336479 0.00990238594663172 0.909826307042271
0.0104629341637224 -0.0621217160886684 -0.492173966912566 0.451468829899578
0.0360730349366044 -0.0527836586999613 -0.00461233192040687 0.09758201115463
0.022065975068356 -0.0287191404933973 0.529228358656658 -0.38161288117626
0.00173210606236 -0.0150818778787162 0.073611595245794 -0.944500245228111
0.0252432568846846 -0.0243667232147225 -0.763349395648505 -0.49001348101684
0.0165415469272448 -0.0577050692070312 -0.602664751637978 0.389802385975803
-0.0296583283599142 -0.0299510306042309 0.00160243001106335 0.492858415767687
-0.0277207919114983 0.00147570331753115 0.186882476227139 0.126953193297334
0.00332674678523506 0.0108546729911917 0.0614196049569164 -0.195531131141969
-0.0055927042807216 -0.0202491836279338 -0.0381494993503263 0.180975981546918
-0.0275317079969928 -0.022037319259001 -0.141089460919084 -0.0941379035849918
0.00502859643123563 -0.0325159837780659 0.0437531623367133 -0.459345291365262
0.0473257483124193 -0.0149099961475197 0.559191503153571 -0.275163665737798
0.00362631309092487 0.0440165635191936 0.68366285460563 0.489000642118317
-0.0516182607889245 -0.0126667570559603 -0.100439800113316 0.921830008468435
0.0146481721546863 -0.0585635160575267 -0.522812330523681 0.408022724346005
0.0349954249976416 -0.0472439853673948 0.0246930202494414 0.0788611810699577
0.0188738409509443 -0.0239272988966773 0.505317066952737 -0.434710229173703
0.00328876236606006 -0.0110322333102339 -0.0397316054262246 -0.940796660634569
0.0239246873055973 -0.0254634310048625 -0.810476931985766 -0.386424732441714
0.00818273255993463 -0.055995662651763 -0.549415783087873 0.451792385896245
-0.0350451582650567 -0.0249507931366852 0.0498366173052585 0.486037163902389
-0.0265663350201201 0.00501749934890001 0.197618573380071 0.102333932728286
0.00815583618331555 0.0116819513548913 0.063785769027384 -0.201667341369169
-0.00324064343371663 -0.0175671435236624 -0.0331337838950986 0.177036368424032
-0.0242048828113691 -0.0206960631599483 -0.131186126511611 -0.112846250352199
0.0060084953991955 -0.0275951084300814 0.0816225937083064 -0.45848897823603
0.0456103540404933 -0.00893428225365163 0.592230510721415 -0.214975327207861
0.00215568531245074 0.0496639236662331 0.625749572095122 0.574263597700805
-0.0490412431147039 -0.00905913523435555 -0.206282231739641 0.919661752680624
0.0117306461877049 -0.0468203027699948 -0.545858139335263 0.360839256517476
0.0238817256682243 -0.0344216189680947 0.0552918216080058 0.0614536059193678
0.0128031100792071 -0.010305256372904 0.481123146345604 -0.481348873134689
0.00843452743871352 -0.00301481552982429 -0.139175471838767 -0.923832752148351
0.0238843576260264 -0.0247630896047069 -0.838782925871085 -0.287992078867859
0.000755687114488059 -0.0524602783479156 -0.492168411661963 0.502852750274244
-0.0377517767557737 -0.0181989708265327 0.0919601044551396 0.473089728452652
-0.0229346437811781 0.00998824464955004 0.207075093831762 0.078631862807986
0.0137544450558796 0.0146052501814862 0.0682165139984125 -0.207174788988171
-0.000253238215230472 -0.0136813761315742 -0.0294239197091525 0.172928488126469
-0.0181469814514791 -0.0151759217518005 -0.125873828555933 -0.125384130543805
0.00623467621718513 -0.0219801204105096 0.106444898210708 -0.454878772426406
0.0421866450479078 -0.00323119819531144 0.609787198143284 -0.174988705071237
0.00410035485364655 0.0582098248328226 0.584996640891202 0.627189714743111
-0.0480049143503791 0.0025688640157474 -0.278045376038093 0.916814102957368
-0.00364405783059311 -0.0285540632860459 -0.556877342978231 0.329657313741892
0.00344527672093492 -0.0169221824136687 0.0758801135992291 0.0503836082663539
0.00536974431629913 0.0101823249466009 0.463325591229373 -0.510774997330926
0.0173058692686786 0.00771008254310925 -0.201999058354628 -0.90974183623684
0.0280267107546097 -0.0234724410853746 -0.851446747954801 -0.223713124542576
-0.00411875814388433 -0.0480502238921239 -0.451610826935936 0.531239312516074
-0.037523302540779 -0.012260577005682 0.117980913850903 0.459169194715784
-0.0160539759934279 0.0150042604729558 0.210137804033133 0.0604210828055607
0.0184477018784265 0.0194410582703318 0.0705695275762972 -0.211482448231637
0.000834241141144772 -0.00775735096253342 -0.0270374181498093 0.169592889002408
-0.0109098184076906 -0.00807956313048021 -0.126193232253498 -0.130427477174047
0.00518947956105441 -0.0143815921312497 0.114449379944389 -0.45122883894913
0.0388683644510529 0.00152752326374975 0.613183374718532 -0.159787442661135
0.00876157925159616 0.0662685024502359 0.567564664256519 0.645597760664055
-0.0464626533816251 0.0202465480105106 -0.304083902828631 0.913911407457432
-0.0252235618053246 -0.00722887659186843 -0.558599488008486 0.320534904444949
-0.0216131945487135 0.00257887707245176 0.0854162135531046 0.0474400120181094
-0.00279964043130924 0.0326062055740868 0.457678773417852 -0.519715685747744
0.0260666094358832 0.0199455016612238 -0.221309525799571 -0.899588833033341
0.0338034000803947 -0.0208127759904974 -0.855486509439978 -0.200571513104564
-0.0056560875286817 -0.0435407128676627 -0.439418160015129 0.538842110053246
-0.0341382895175786 -0.00775996589967107 0.125868121013223 0.452658617649838
-0.00804029144966912 0.0208871298980655 0.211146402600402 0.0506827534885379
0.0226586451631174 0.0255279831432276 0.0739285695950443 -0.215157374764686
0.00274494033901879 -0.00275114820014546 -0.0254875954821243 0.167544412969735
-0.00437556679045233 0.000674632587839993 -0.131045699882401 -0.128488549365916
0.00584652395200834 -0.00819734149782111 0.102212441444838 -0.452016797285389
0.0370506257633985 0.00353736241710313 0.605352882420779 -0.175988726252521
0.0178880044347158 0.0719274404500516 0.581834506844527 0.629833957758796
-0.0452088216257928 0.038447230719978 -0.280192550945304 0.922265716454892
-0.0485959180183618 0.0153323284747964 -0.54943000354382 0.332404109726086
-0.0480956155703282 0.022140336871642 0.0815347230587361 0.052316414260093
-0.0133224691350934 0.0553938098964694 0.468605112255724 -0.510394837718735
0.034808189988842 0.0318864797558887 -0.198388739371584 -0.906297867665639
0.0418332520728151 -0.016904969798259 -0.852721379621769 -0.229426278252609
-0.00419870793686795 -0.0409058173633597 -0.452936159383777 0.528417202686235
-0.0300480125276243 -0.00515500582036876 0.115613960487293 0.454323507428233
-0.000132254780303922 0.0268009202778054 0.207535446123583 0.0517183126040588
0.0247687093417861 0.0308566278833521 0.075354465861336 -0.217063836807545
-0.0109315562096754 -0.00969618575670087 -0.0578351824734717 0.184914272042031
-0.0143171467385814 -0.0124939738819781 -0.163985782170121 -0.0288679501603736
0.00823658888718345 -0.0270418605018283 -0.0704435334720128 -0.436595538590038
0.0484188748253132 -0.0214886923134496 0.420645091533133 -0.424106692616392
0.0228923220339535 0.0342247633417852 0.775503679580422 0.213234513416564
-0.0444318190692251 0.0080167761728108 0.201112216929685 0.852473300799503
-0.00852545266974941 -0.0451245439166666 -0.413780435629997 0.524594627655818
0.0140586320456326 -0.0435691022287448 -0.0499211155778469 0.128541890423291
0.0131042724582992 -0.0190787303378116 0.548782403124757 -0.284426785214563
0.00418818096350993 -0.009210592044859 0.264776399086823 -0.909751791848256
0.0331782359796806 -0.0166640991735285 -0.646278540278872 -0.646691169369833
0.0273715746022911 -0.0535538300409297 -0.672305547887222 0.267823279945704
-0.0212873789296884 -0.0314909046886353 -0.0759892457419904 0.488123948844519
-0.0210649078322797 0.00542600143486169 0.163829505104261 0.153944722485323
-0.00149837413710721 0.0130109456698919 0.0575183446472218 -0.18335797008122
-0.00936760715414322 -0.0133126726868044 -0.0513834980405925 0.18565017339906
-0.0205183706371701 -0.0180008119647002 -0.154742695947716 -0.044372712027145
0.00645059888017148 -0.030844676226729 -0.0369093283250764 -0.445385952385127
0.0489146882908409 -0.0193467642461201 0.465073587047389 -0.384776373022085
0.0154797124555114 0.0356560440769607 0.754629084972769 0.291238795173234
-0.0503335917288614 -0.000967384854286902 0.118550926644587 0.880525080602018
0.000535451265687173 -0.0566174497605188 -0.446726268801483 0.494294728708763
0.0278181830297339 -0.0516768396632423 -0.0291093898273742 0.11415840909609
0.0195807982517151 -0.0272979362622659 0.538039473264027 -0.329957756924217
0.0019742753031652 -0.014055418538333 0.175960892223457 -0.925824530697525
0.0281614788585571 -0.0216741171790939 -0.699623399518737 -0.573034186488413
0.0229037131425398 -0.0561738898658352 -0.637548451455114 0.3264417346619
-0.0247160108254213 -0.03227066899545 -0.0372158417117248 0.489776912300404
-0.0247753100599222 0.00235178397276194 0.174045835615632 0.142806607542692
0.00105035364040726 0.0111959716147813 0.0550084373274863 -0.189589942215499
-0.0101799420407083 -0.0200725385111274 -0.0428416861232985 0.181143159556863
-0.028822599789926 -0.0206681465044281 -0.151058592059299 -0.0722890502960204
0.00238131974916689 -0.0325253467719237 -0.00543860675283128 -0.453384785895829
0.0474154126123963 -0.0200648470013016 0.508158487935684 -0.335098082556048
0.00980913785810025 0.039205821495112 0.725266626533494 0.380991554925826
-0.0521930118207517 -0.00911930844104999 0.0189445680987583 0.899393606760891
0.00959406258281199 -0.0617684327061471 -0.481193483972365 0.450110126223206
0.0351046313488554 -0.0528630444574888 -0.00300484524410373 0.0945204363484005
0.0214379474829816 -0.0289784967069119 0.517749655182702 -0.3801173793607
0.0013599372578343 -0.0150754133858006 0.0655634871657571 -0.932409253078248
0.0245618397349434 -0.0244523375746479 -0.757220961402916 -0.476713528957435
0.0149528763540048 -0.0573991943384713 -0.591188741929183 0.391511274979907
-0.0300128858578655 -0.0295080136538875 0.00778410760542668 0.487730540413156
-0.0272603246093435 0.0023219573064781 0.186279833966673 0.123272815061932
0.00393796642511341 0.010181823255374 0.0588141242096396 -0.193457168863518
-0.00607259977058682 -0.0200429415870795 -0.0364258691722197 0.178309761375478
-0.027937774320453 -0.0213420845870735 -0.140514558798894 -0.0922375170713382
0.00321168448922418 -0.0322101403892937 0.0360320670828853 -0.455497031775105
0.0464769897161798 -0.0155086243248593 0.548069248891226 -0.277188199192432
0.00532883911794796 0.0431029622715714 0.678151821906965 0.477401216650593
-0.0512854837010275 -0.0118805771891054 -0.0906029614031787 0.910865687470005
0.0136391024442734 -0.0579579974636857 -0.513839875304711 0.406069322200977
0.0342092620763429 -0.0470988304454884 0.0255182068341897 0.0763239062239139
0.0178280852011396 -0.0233729409902057 0.494369504637497 -0.432566527475734
0.00293388474636433 -0.0110299971877886 -0.0466805988545709 -0.926953662888228
0.0232933726547876 -0.0256916492728302 -0.80173360494403 -0.373505597455916
0.00781604106236138 -0.0560631285655708 -0.53838386962363 0.451672606036367
-0.035099292651201 -0.0238836184501013 0.0554783547609407 0.478463815673121
-0.0258100353109278 0.00482085317583884 0.196421799986521 0.0996464541495139
0.00895180750709719 0.0109002766524767 0.0611194583316533 -0.199740319751668
-0.00404895473832932 -0.0173069679931423 -0.0316755378643069 0.173555991667732
-0.0243837721723236 -0.0200786291792691 -0.131016478041382 -0.110815909336865
0.00461374168005757 -0.027500761748913 0.0753924131881344 -0.453851451547436
0.0437196864641364 -0.00941048303496074 0.582249242875591 -0.217700013456427
0.00355813790393219 0.0493740177875491 0.624252436918371 0.559808222362973
-0.0487707832846278 -0.00852671483713517 -0.195091373660799 0.909377526079577
0.0105286384244619 -0.0463911094546944 -0.536211231720937 0.359794424592583
0.0236547910956217 -0.0347353873743842 0.0545194899588454 0.0589721088164848
0.0127370356390691 -0.010271531876352 0.469162974848576 -0.479860946816922
0.00833298203477749 -0.00336902522785311 -0.145076478296029 -0.910526694217527
0.0235829548927536 -0.0244936183424757 -0.832140888147221 -0.276408418685567
0.000414094408659534 -0.0513746291334615 -0.480499067201437 0.502949762954525
-0.0366683729091438 -0.0171110389590814 0.096729547638287 0.464765046069461
-0.0225124358336735 0.00964469955396064 0.204839439964109 0.0764472981939993
0.0138965472950157 0.0139515489864452 0.0656244495946649 -0.203989448712831
-0.00128580788940339 -0.0139514504931191 -0.0270887288704204 0.16947107265953
-0.0179297939174807 -0.014378719544818 -0.125877172548782 -0.123217812951706
0.00513541305706846 -0.0215133895795741 0.100001644968517 -0.448386072034655
0.0408249855170821 -0.00371126273031354 0.599564975161019 -0.178282232266642
0.00488793346487197 0.0571129106780418 0.582367480782124 0.61431197738519
-0.047531608133067 0.00327199408961033 -0.266533510721059 0.906634938886956
-0.0035875597993398 -0.0281148713035994 -0.546384955224672 0.330429215865397
0.00320834492497039 -0.0165988755015988 0.0755408598222825 0.0483506065319897
0.00515280423830006 0.00990268987590771 0.452833843704962 -0.507949494619155
0.0160181844962473 0.00811532529793153 -0.207014640921495 -0.893829175201378
0.0274706667608273 -0.0228458776898555 -0.843818563598849 -0.213477581947078
-0.00434740942045004 -0.047533355611553 -0.441389030363146 0.529905361554901
-0.0369582235834649 -0.0117869633279986 0.122050955271399 0.453271706714192
-0.0153497717711646 0.0153540274949245 0.208125400308803 0.0580284296618312
0.0193757499311207 0.0188412505219957 0.0676670516394829 -0.209860485164361
-0.000395711281183254 -0.00829917451678287 -0.0252137837205253 0.166022365056177
-0.0106762791054511 -0.00702461125025346 -0.126474951300543 -0.12826984161429
0.00464958172873214 -0.0144084707737354 0.107273664132608 -0.446541138082807
0.0380963247943209 0.000643704615895878 0.602815965800924 -0.164363305986128
0.0101346562573176 0.0649389646927151 0.566035657403915 0.633792835020866
-0.046386166313638 0.0202370519285652 -0.290680055054391 0.905668857986683
-0.0258224911544139 -0.0067559113022098 -0.547588587406074 0.319926236490422
-0.021370815230566 0.00287311726476741 0.0844431212020809 0.0456416233573231
-0.00309331176056061 0.0326620613962315 0.449400912672908 -0.517031470842419
0.025104834461066 0.019271590436798 -0.226892009141762 -0.885514737412978
0.0334307637604921 -0.021040316829306 -0.847685511185136 -0.190966162926134
-0.00588479014029388 -0.0433076303038255 -0.429143041981018 0.535433197319511
-0.0342388175170457 -0.0068916759504339 0.131312775865276 0.446316483509585
-0.00717056953378601 0.0206093863768041 0.207555852947323 0.0487877779254116
0.0228501625082949 0.0234771616903708 0.071960074135036 -0.212327275730057
0.00146986446979387 -0.00242434475729198 -0.0231039244152958 0.163849069552881
-0.00474411955704927 0.000941067651614978 -0.130517485382225 -0.125551890690694
0.00503322886315931 -0.00768878640351372 0.0948371197520054 -0.44677944799151
0.03589659194294 0.00287608936001843 0.594553847053218 -0.180291936622918
0.018856819592612 0.0710225075073578 0.580639287071753 0.616729090477614
-0.0441350397014393 0.0389623336794523 -0.265846129947859 0.912928157092883
-0.0477008894599477 0.0153760806812416 -0.538895489525988 0.332734509843201
-0.0470109748197114 0.0227686690388928 0.0808538507187801 0.0505634381842124
-0.0127447609587356 0.0544103924050892 0.457041600132479 -0.508002137695629
0.0343611204931282 0.0316931517590816 -0.203243230366119 -0.891815638484687
0.0406107754089805 -0.0173160825834199 -0.843067183019977 -0.217289414461466
-0.00409426484518657 -0.0403100609595125 -0.440671104431836 0.525395144018204
-0.029887731096788 -0.00451729878369807 0.121541716525226 0.447994120675809
0.000516801283070752 0.0258105344099138 0.204728719729269 0.0493860131075244
0.0247457741374592 0.0286458442755094 0.0718822204918077 -0.21371754019361
-0.0108504969184653 -0.00472354117866245 -0.0274572279425154 0.188377661350011
-0.0165974143753927 -0.00742511843047291 -0.16645476538702 -0.0040771040609091
-0.00368175378951498 -0.0290321005841387 -0.136291392306916 -0.421118411084617
0.0374427963092331 -0.0394395273080745 0.357183787583232 -0.480570494838798
0.0356236035760139 0.0153576339325739 0.798124993638813 0.0965716866398197
-0.0316724692456399 0.00957811232091897 0.319832695959721 0.819704411139858
-0.00947228749138989 -0.0380123376330692 -0.344872857028435 0.576573941679291
0.0100227978341187 -0.0436385929924862 -0.031780503497622 0.132491924981596
0.00897566968217473 -0.025420142951436 0.503856028252097 -0.362191743362951
0.00131471544082344 -0.0159143119927098 0.122503286996805 -0.941429011461187
0.0223528011221607 -0.0214221281373275 -0.734515260030544 -0.536839716509828
0.0118873411885367 -0.0542908802457654 -0.617834209184144 0.363979094188156
-0.0254252768172996 -0.0241196669526024 0.000567764671100192 0.490021976933223
-0.017358804802989 0.0109833176694542 0.183355910512645 0.124714221930101
0.00014226417171935 0.00987505677408218 0.0315476021924048 -0.185239364827694
-0.00949114256239238 -0.00865567451999338 -0.0208919370596827 0.187609449135317
-0.023352372058395 -0.0123554242270338 -0.160522209388772 -0.0218685949999454
-0.00578870121184703 -0.0334100799963349 -0.103979863441565 -0.435195281522543
0.0390198646451676 -0.0384679664471875 0.406338705125531 -0.450473428236349
0.0305331317200142 0.0184715473334986 0.790027831023438 0.176752319894892
-0.0375271424661218 0.0030439749695366 0.239211162320499 0.856716547412596
-0.00318083958092798 -0.0500996685699528 -0.381036693322528 0.550484429182687
0.0224257909726902 -0.0529696438827086 -0.0135038352865656 0.115074374221118
0.014495981700042 -0.0336093851906593 0.485774110522998 -0.403603391901304
-0.00288399500679764 -0.020911620493344 0.0312711344752678 -0.944832633607214
0.0168064772679773 -0.0246196718217645 -0.778844620066673 -0.458172036621177
0.00709876292716744 -0.055278036223313 -0.576137412816884 0.414904982021169
-0.0286862600918057 -0.0245013165424716 0.0398640678928686 0.485794228462052
-0.0220125585330007 0.00793573915349607 0.191816414737169 0.111551262600669
0.00247883387692264 0.00707376316160235 0.0290067393656657 -0.19121222958824
-0.0101656159403806 -0.014595739909664 -0.0126563184901886 0.180853366063355
-0.0320408800287814 -0.0140253203175224 -0.162218437876367 -0.0492135229357563
-0.00981281274653953 -0.0352063666950924 -0.0750712931984358 -0.446418647505889
0.038302685927891 -0.0396469379205739 0.454886163752028 -0.405274245953529
0.0266281133377925 0.0233218281995645 0.771491015705834 0.26979842649402
-0.0400894188356873 -0.00292438673249465 0.146260251227067 0.888654893506869
0.00508692516103321 -0.0557853321677668 -0.420723138171023 0.513021814756694
0.0289770886977039 -0.0544806397400174 0.0107185047301062 0.0934875652731152
0.0153318607756606 -0.0355619889146454 0.460160136990824 -0.452680326741988
-0.00440438742734003 -0.0204786488493655 -0.0777847504591389 -0.933037561609769
0.0132839513689523 -0.0258794205497892 -0.82064509620556 -0.352347200938847
0.000604730783626519 -0.0548763850193891 -0.521492215569844 0.474525024366936
-0.0330404555617129 -0.0211472811873807 0.0848123322985122 0.476149443343209
-0.0236006792624768 0.00799530120705299 0.20052655559093 0.0911541561078386
0.00505966725503704 0.00565909733511261 0.0316360510708674 -0.195011989553479
-0.00767277798692752 -0.0150739884091936 -0.00718621783114716 0.176686634571036
-0.0318304532312701 -0.0149460266074248 -0.155188514332331 -0.070305900737311
-0.00803608745548962 -0.0345787745589299 -0.0322437413941788 -0.455518576886358
0.0391762180310927 -0.0355928801207388 0.507344857587507 -0.354983551280495
0.0248186639652954 0.0293985230383279 0.741355674666375 0.370790061547397
-0.0397335951887083 -0.00444532159037487 0.0362252634363349 0.916664919078505
0.00904738729138542 -0.0522038016482634 -0.458356942387951 0.471654346968571
0.0285601814053769 -0.0500127703710917 0.0359978719242672 0.0713274296273843
0.0118469147444717 -0.0298742536861176 0.429432575419379 -0.500437707216638
-0.00309409758248503 -0.0165093568164384 -0.186802659979405 -0.910191468833657
0.0118266707953355 -0.026289929852606 -0.848498219896603 -0.244280538699169
-0.00729554935490475 -0.0508039571378117 -0.458490759576243 0.525578549438113
-0.0367843263664815 -0.0161368213959416 0.129437724618871 0.461853219743242
-0.0220337359388472 0.01005278367162 0.207013224799317 0.0667105751840531
0.00999909588882842 0.00553353793794584 0.0331533625987847 -0.201983803921338
-0.00486010905539153 -0.0138462513330083 -0.00350437583513348 0.172014840758701
-0.0282236080605465 -0.0144105633309664 -0.148758445239781 -0.0899846751681194
-0.00658636611565647 -0.0318022206305153 0.00495307535756213 -0.459903194582655
0.0391940701906088 -0.0293852593299411 0.545414008824696 -0.300295731332288
0.0248502963200329 0.0370723842149098 0.698654382281792 0.463251301034441
-0.0361456790271387 -6.48118150853305E-05 -0.0673367176332523 0.930614589536911
0.00683852886106689 -0.0413947231754745 -0.487243802432088 0.429860042944988
0.0196235721170787 -0.0362514060865929 0.0624098742902275 0.050266016834484
0.00810274085597975 -0.0161994670901818 0.397455334684275 -0.542621011104632
0.00210878641529232 -0.00895638352622728 -0.283293926322073 -0.878092037330091
0.0124698534092914 -0.0249536614490582 -0.860814968036612 -0.143732096284449
-0.0132278291408783 -0.0453239529439724 -0.395147236127987 0.564732584616347
-0.0375432783996658 -0.00858562186256614 0.166667370956319 0.440480423000503
-0.0170034356857033 0.0137840250912743 0.211078937491804 0.0420060071619027
0.0157435017701073 0.00827207772102813 0.0371425481876742 -0.207610141959778
-0.00144670289124243 -0.0109290687302344 0.000705054137543273 0.166823578239755
-0.0212345375801557 -0.00923367295429183 -0.145407803654262 -0.102777712347983
-0.00525736786575636 -0.0251847970607627 0.029860996598526 -0.45735667062966
0.038260476291409 -0.0235394839254306 0.569348114173695 -0.262448197005042
0.0282283819061713 0.0453410940343866 0.667372503863094 0.521657232269504
-0.0341596875288886 0.0122272955452943 -0.138509537160374 0.939457193645643
-0.00456678600001213 -0.0211091174382396 -0.503409446515003 0.401012117121622
0.00279882052548066 -0.0168139461252593 0.0802022390087379 0.0367786115047143
0.00296431079246784 0.0049272512274212 0.375778932456938 -0.57133521630472
0.0112931327988223 0.000764802404165883 -0.343014882064076 -0.852926892713308
0.0160704372805055 -0.0229488289043855 -0.864566991099981 -0.0788929457634633
-0.0165093242486966 -0.0404028807936699 -0.352606905592292 0.586428870381561
-0.0366418982330041 -0.00273386087244175 0.191189196913787 0.424419946438118
-0.0100153711631516 0.0176856154033681 0.211282369601728 0.0242795118428823
0.0214426636833222 0.0124180637119273 0.0393587023505909 -0.212853113917075
0.000966332209181372 -0.00489284605644172 0.00229480588005559 0.16389680907398
-0.0143824102094116 -0.0040072210365555 -0.144982140568126 -0.107560209002433
-0.00401996866221498 -0.0196887290378806 0.0375383513106955 -0.454694180969482
0.0362770729748734 -0.0190562677076349 0.574277690642037 -0.249063518264053
0.0339520058392804 0.052846679771801 0.651420271792345 0.54214911124307
-0.0312330146472521 0.0283587025759516 -0.162389866832002 0.94156369209895
-0.0233909232169452 0.00229816980190503 -0.507602223907755 0.392580356499744
-0.0191334892889518 0.00531493065319201 0.0888472893543856 0.0319635064042522
-0.00286010332598395 0.0279304365625012 0.368747816932313 -0.578994305809344
0.0224267845847866 0.0106464521749673 -0.361223490024036 -0.841159764966656
0.0234078602810527 -0.0213549788506463 -0.865029951973862 -0.0577710675529899
-0.0170239460986187 -0.0358146445069567 -0.336591687247946 0.588877003048528
-0.0331712481198332 0.000871487290768889 0.19721835660197 0.417216280259666
-0.00101511569028934 0.0220275332129279 0.208691095038796 0.0155123409431174
0.0249481807114909 0.0171567472429108 0.0412190063538386 -0.215924010521386
0.00178580041090266 -0.000410112968759757 0.00309507501463572 0.162549298993738
-0.00711792184089042 0.00336317447304973 -0.150533643425492 -0.103630743594378
-0.00261382871749268 -0.0128710680299333 0.0260654927159063 -0.45470016852592
0.0344535848943757 -0.0164380584920231 0.563887898816088 -0.26376140195793
0.0428610448463127 0.0567912778493712 0.665898950176886 0.52844044038762
-0.026646903374844 0.046496819603695 -0.137658567065623 0.946877201088784
-0.0421411228192992 0.0263351479202993 -0.498420333222035 0.404113516470375
-0.0426693296844292 0.02676942863229 0.0856315429861879 0.0379417818445119
-0.0093230477409043 0.0500619988123998 0.381125854522792 -0.570878240833606
0.031768168823945 0.021782354727444 -0.340808070229185 -0.850906989329318
0.0301472298043076 -0.0191312925445069 -0.864763208892432 -0.0820215734766649
-0.0153404511241599 -0.0334690753193978 -0.352129828190104 0.581468320749897
-0.028925314358473 0.00214429238632811 0.188000068520289 0.420404677522534
0.00703625250238571 0.0263048273173428 0.206652678918418 0.0168082101636542
0.0276650728111892 0.0214836664846169 0.042179568591916 -0.21744013462349
-0.0118897079286616 -0.00513547250024792 -0.0266805826591727 0.184865069402476
-0.0171286343786228 -0.00740658619096459 -0.164551566200491 -0.00381935034972808
-0.00435533380226775 -0.0288413376294073 -0.136277522397317 -0.415548738645054
0.0365117562744781 -0.0393614274198993 0.349683773777993 -0.475584452785934
0.0355136842859197 0.0147671094939553 0.786899676539738 0.0916105042658456
-0.0307847177434362 0.00975500544730167 0.316829612592377 0.808240444277796
-0.0102455018642989 -0.0378408168679557 -0.339185507232908 0.569421683674071
0.00992585085847751 -0.0426639141583279 -0.0310652486764795 0.129513421512319
0.00915674028196163 -0.0254552206341976 0.496199235409503 -0.356071440295724
0.000251741792087624 -0.0157097267676015 0.118687293404058 -0.927256487568009
0.0220676681950564 -0.0214779754544366 -0.725562211146166 -0.526757188387611
0.0119163740840085 -0.0534448312888653 -0.60691150330014 0.361767052730924
-0.0255792174676012 -0.0233839728637803 0.00400053273506307 0.482999507409728
-0.0163408370135825 0.0103129888579655 0.181439530524647 0.122203430103246
0.000767973493662352 0.00925867005295141 0.0309293646187863 -0.182820877490826
-0.0101473828587163 -0.00887061684705199 -0.019548688064654 0.184177457642078
-0.0238688114228016 -0.0120670812966474 -0.157971944718936 -0.0209113564916878
-0.00617253310610987 -0.0334350311889594 -0.104976349919968 -0.429273553967745
0.0380094497193862 -0.0386828660306375 0.397044279824173 -0.445952866734105
0.0304732532916555 0.0176506863492377 0.779631289770352 0.171127498097418
-0.0370160175628425 0.00330641177223996 0.241190913595881 0.845480367542282
-0.00323199875899175 -0.0496907865542606 -0.375228436911295 0.542919746937948
0.0209644638667157 -0.0520535398203926 -0.012947796365699 0.113642459043498
0.0140393608156587 -0.033653239186767 0.476715197695031 -0.400604288787802
-0.00357756706496033 -0.0209134914398753 0.0262980499887986 -0.931322706342981
0.0158908609131352 -0.0242068444756287 -0.770050060616813 -0.44772917908431
0.00679454572820764 -0.0545449215169805 -0.565534883363027 0.412551359002026
-0.0290473461541321 -0.0236482707347734 0.0415825105881431 0.479034890306633
-0.0211579423504376 0.00774153688238912 0.190114415709657 0.110385722504163
0.00256479113886244 0.0064271496736941 0.0280413632527441 -0.188027267395167
-0.0115586087248216 -0.0144692447250132 -0.0121158931016178 0.177338648125065
-0.0319053163150049 -0.0135291310468069 -0.161033654444916 -0.0483223395092532
-0.00997758559822928 -0.0340278188530399 -0.076465972698296 -0.441500545165971
0.0372113903656867 -0.039044201421235 0.446920064645032 -0.402405722229939
0.0267175008510517 0.0222734834204589 0.763251712016784 0.263954996321914
-0.0401494694606855 -0.00223512553558053 0.14528808263286 0.878209340539258
0.00492274995675046 -0.0553837317926747 -0.41362618586214 0.506378695283142
0.0285288419019439 -0.0543625381922407 0.0101199462927313 0.0919854225026795
0.0146807027933995 -0.0357329608083657 0.452246787787558 -0.447306612627923
-0.00381910445741015 -0.020445772938104 -0.0793241407818713 -0.919756169987832
0.0126268409128243 -0.0257729340141472 -0.810971353294375 -0.344170423141767
-0.000162056263301125 -0.0528546263792017 -0.511035555322001 0.470286966492267
-0.0324587019188992 -0.0211052185545633 0.0864838135047662 0.470399623465115
-0.0232591635509793 0.00725614988600867 0.197997624068251 0.0891494473092542
0.0056161479744642 0.00489151280598522 0.0304343379998291 -0.191437111877171
-0.0079262869973838 -0.015112200359057 -0.00619102127456404 0.172973936310763
-0.0312710052521524 -0.0148417100662768 -0.154068194231392 -0.0699019643698624
-0.00890343362324252 -0.0340933416360343 -0.0357265452428589 -0.449005797251753
0.0386397862327162 -0.0353981909034364 0.496765972792813 -0.351336471568307
0.0253441652269417 0.0284686658616523 0.732141706182381 0.362649319503525
-0.0395657433443453 -0.00432593915745083 0.0403868200951814 0.905718296824524
0.00860594757668475 -0.0526593833198871 -0.450982919299188 0.466267940949561
0.0282714783662508 -0.0488675831457472 0.0358002059500783 0.0701400716774181
0.0120268814228015 -0.0303286506367195 0.422176759056919 -0.495364190109837
-0.00297895105838215 -0.0167739618436396 -0.189937361004856 -0.896398200337212
0.0112897112179319 -0.0261079725384501 -0.836916497603675 -0.238182372913172
-0.00682187302148265 -0.0499803386390485 -0.449040696662412 0.520380097473135
-0.0368129499332694 -0.0148470153972985 0.129795392516676 0.453011579779728
-0.0207605087045028 0.00973207774835332 0.20395274712467 0.0648502728201056
0.010441935376725 0.00541635671185322 0.0320194576710944 -0.199201970595158
-0.00585363701471005 -0.0137705588033663 -0.00209003620720132 0.168424097017477
-0.0283947901399309 -0.0137075358511698 -0.147212927415957 -0.088771369859461
-0.00688119424356266 -0.0304386356636017 0.00172248364022407 -0.451829815634375
0.0384325599419695 -0.0296774159275653 0.537096321409752 -0.297067559143496
0.0252139221322464 0.0356149548234573 0.692421649541222 0.454535114671472
-0.036739457000136 0.000223584966579751 -0.0625928802254512 0.919906786052034
0.00670030018020155 -0.0408352720119218 -0.478874074783202 0.424677864977741
0.0189493530177946 -0.035615667091932 0.0612480265500911 0.048964158629239
0.00796461839825663 -0.0165100458827704 0.39023380123037 -0.535618044012528
0.00213839215561951 -0.00872965397173692 -0.282181437421921 -0.863419574909727
0.0128147035248587 -0.02459109000479 -0.850668030215462 -0.137175054911367
-0.0128482746466128 -0.0447230269022061 -0.387191343575917 0.559593688519234
-0.0376180695045926 -0.00864399475739081 0.168515783211297 0.434982429364797
-0.0162876216538324 0.0136394696804587 0.208176199957093 0.0408899841754893
0.0153432544371053 0.00799534485649239 0.0359882186892442 -0.203729717781065
-0.00240260708206846 -0.0104338535107254 0.000706521930719608 0.163104656355303
-0.0220191971121249 -0.00918199790154781 -0.144845739619784 -0.101642473602214
-0.00551854653045309 -0.0248753049014207 0.0259218407393775 -0.451054310614732
0.0364562583087718 -0.0229651029089195 0.558755520991831 -0.260308702680733
0.0283048959590762 0.0441226628902816 0.659235273866774 0.514251659123894
-0.0339210742948829 0.0122725874901595 -0.132750794115621 0.927366375967431
-0.00495713247041298 -0.0206666180639352 -0.494404221379679 0.396844403898703
0.00215395509680524 -0.0161218834592537 0.0792332887272481 0.0353710617587737
0.00244679469153123 0.00432669148613517 0.36836992151179 -0.564498032434149
0.0107167699874557 0.000943973288635666 -0.339616340258555 -0.837751460121618
0.0163194411884318 -0.023421618824251 -0.852665491562599 -0.0749083370277969
-0.0154661914396984 -0.0392417214750272 -0.345954899552004 0.579684077609869
-0.036025029596812 -0.00327654274690209 0.190898902360868 0.418203198469779
-0.00923152889481899 0.0175973475420531 0.208308381173711 0.0229573436031325
0.0208050775207076 0.0111658256119876 0.0379054223328837 -0.208759864625055
-0.000821594408763315 -0.00497422690427458 0.00213806086828218 0.160108851163431
-0.0145182150101227 -0.00387857030128002 -0.145491842771618 -0.105925474617345
-0.00418794489985999 -0.0176744095371929 0.0326367275224325 -0.448559175457099
0.0351988770672689 -0.0184028542104025 0.564871065689951 -0.249167461186686
0.0348368400447862 0.0509057675062193 0.64669257041599 0.534666760939486
-0.0304670871281672 0.028367009558483 -0.155571003287014 0.929185269432817
-0.022201366408304 0.0020097941545119 -0.500150547650271 0.388903712813437
-0.019431997259788 0.00575382653141897 0.0870346818149989 0.0306907464895185
-0.00245156787154928 0.0270818069890077 0.361809552301572 -0.571420737962755
0.0221218423141265 0.0107129096116586 -0.358013529299428 -0.828439420660352
0.0222307550112263 -0.0210054663159937 -0.851976849955556 -0.0520370554645397
-0.0173309530220746 -0.0351904189230896 -0.330701085471366 0.584924043639514
-0.0327199924069332 0.00112030089484208 0.197637331221836 0.411405016226979
-0.00109734066405984 0.0215170753982113 0.206845918088347 0.0147567588097373
0.0249402839854219 0.0156512205916976 0.0396554380022319 -0.21266142226394
0.00126525534511651 7.40386614230854E-05 0.00334154671916386 0.157991028596323
-0.00682489696048779 0.00331980422768235 -0.148688959287312 -0.102896256363868
-0.0033385755156712 -0.0119142849875241 0.0213293874474429 -0.447640891470585
0.0329684286578389 -0.0160880688568917 0.553643901735689 -0.261719496900599
0.0428829616441829 0.0549137583426537 0.658936136583566 0.516517691229341
-0.0267017850640624 0.0453680728057115 -0.129342465587087 0.935586804959392
-0.0412436035302094 0.0259406337011351 -0.490521937439525 0.400726593967593
-0.0422669714789631 0.0266149442062116 0.0840923986307109 0.0359482466764408
-0.00948986588834762 0.0490793263037888 0.371951567269726 -0.564032378213583
0.031926293502446 0.0213595696975802 -0.338135995251133 -0.837081365441925
0.0294091735320598 -0.0195006857147931 -0.853438959673593 -0.0768449718889548
-0.01612905569717 -0.0325466580140827 -0.345347270321058 0.576707417204915
-0.0285815848246167 0.00255943742650495 0.18808326933106 0.413526856061643
0.00830960921872202 0.0252259633303464 0.203519046525737 0.015655961765264
0.0273860477629457 0.020475711881616 0.0415998723750457 -0.214831014673141
-0.0118234039964166 -0.00541296664556864 -0.0254489887847444 0.181300426394274
-0.0176500391845978 -0.00830677563676538 -0.163185660978326 -0.00467348579820071
-0.00569727299619137 -0.0286200679102657 -0.137549930809335 -0.409300320949596
0.035171230825785 -0.0398743453904922 0.343889884157594 -0.470464815726256
0.0358498181143568 0.013942671683291 0.775936525364853 0.0902969653077573
-0.031106755789475 0.00938135080584256 0.314126920959593 0.79704724745686
-0.0100685856307337 -0.0376779383132525 -0.332899432077598 0.561717031202055
0.00987205318892041 -0.0421765317582911 -0.0303223600420186 0.12817474095468
0.00800721839916632 -0.0251244076691226 0.489064183384607 -0.351607676707656
0.000537769807902794 -0.0160395282220327 0.1173505587361 -0.913177107435434
0.02109871945625 -0.0213585468605601 -0.716174449348475 -0.517258806114668
0.0112990278190555 -0.0526653579656175 -0.599019174246381 0.358648999644718
-0.0252992153769828 -0.023394168825417 0.0061773318345976 0.47516102624091
-0.0158759528331636 0.0104559965323876 0.178696770038321 0.121774775766712
0.00117478382817937 0.00822823005708332 0.0304645576223322 -0.179245844193537
-0.0103184936315244 -0.00944093254353929 -0.0191814382429418 0.181231733808393
-0.0233894098932519 -0.0122014929284679 -0.156666551451349 -0.0209714238051844
-0.00685888006679913 -0.0321142479600169 -0.106956390708362 -0.423458311657044
0.0375951235698008 -0.0385397878370899 0.391891851758591 -0.44176469043789
0.0309910217087975 0.0169594020915048 0.769997389562913 0.168192483696917
-0.0366190825804103 0.00330361055302542 0.239654201343118 0.83364265264496
-0.00338538054247885 -0.0494410788805672 -0.36902091175055 0.535706048639788
0.0210329775455786 -0.0508131957362352 -0.0128553075706163 0.110760642734932
0.0136590683922952 -0.0336211807225325 0.471707691063631 -0.395603683226468
-0.00343788180576237 -0.0209702680563375 0.0251302605328711 -0.91820420621885
0.0160551380823366 -0.0246054807003055 -0.757955979595643 -0.441650685677323
0.00653572486044086 -0.0542882900848381 -0.557939163818552 0.408335672608351
-0.0282702159768854 -0.0238586251580419 0.042375657207046 0.471670361661479
-0.0202337308379851 0.00744710861697679 0.188247978706341 0.109191371318861
0.00306784348782357 0.00535976601973332 0.028060335730031 -0.184571271005442
-0.0119515454765317 -0.01459859829245 -0.0119453600717642 0.173136070859449
-0.0317877349881203 -0.0129871146294588 -0.15931725849258 -0.0479489571176697
-0.0113644402359251 -0.0336610577403087 -0.0778941686332238 -0.433322382388044
0.0364071367718062 -0.038994697878179 0.439423278527397 -0.397975781162944
0.026711547861859 0.0215634249939941 0.751802732616105 0.260603770237403
-0.0396065323468865 -0.00208726218399037 0.145571654442468 0.867185538903303
0.00390264731684658 -0.0549675783804196 -0.408944373790045 0.499865813126086
0.027552280566142 -0.0529514233446368 0.00955664672910926 0.0893437831259481
0.0138738830737344 -0.0358361912494931 0.445699664620838 -0.440508744687706
-0.004815141329435 -0.0197316559477256 -0.0797487263481996 -0.905542354868834
0.0126659619318092 -0.0261637676803203 -0.800362754674721 -0.338602395647583
-7.79232440843367E-06 -0.0525979695455257 -0.504305567334664 0.466807972423752
-0.0317939584725332 -0.0201139757361476 0.0873638640536835 0.462460454844945
-0.0212497758478709 0.00713018911971608 0.195667576429208 0.0883382284497514
0.00556899693605799 0.00412120764064206 0.0300505767062445 -0.188973484983188
-0.00943327520067307 -0.0157102927242673 -0.00568803052148629 0.169994640580966
-0.0312087114527891 -0.0141187884126078 -0.152626389085451 -0.0685325508966876
-0.0108341615336016 -0.0330995091524374 -0.0379338540051701 -0.442890384361433
0.037570000369174 -0.0345453272214577 0.48834169437992 -0.349187498213336
0.0251284109406648 0.0280615270925408 0.722568967113407 0.357645935169232
-0.0392166584482533 -0.00456010475006843 0.039917715823296 0.894353572923166
0.00850741649604059 -0.0527248355298172 -0.444785491933347 0.461033593539673
0.027725460607582 -0.0481522605516857 0.0343486069659943 0.0685134399777063
0.0113539777322455 -0.0296909068361783 0.413918450862064 -0.487335241546858
-0.0036662260650869 -0.0165228550037072 -0.188173441383277 -0.884307801299602
0.0112977436458355 -0.0254167383096842 -0.827199144741863 -0.232415907913712
-0.00695299241855727 -0.0500027342169124 -0.442175655175797 0.514499019950389
-0.0357371922628021 -0.014638064647869 0.12921465433465 0.447125298252835
-0.0197665332112509 0.00951406589731224 0.201599681168777 0.0647286103619007
0.0107339561571225 0.00436572235611046 0.0316225721815972 -0.195743953439771
-0.0062247322904575 -0.0132833155018354 -0.00189870454948854 0.165151490925548
-0.0277311478103347 -0.013574774309405 -0.146528742934156 -0.0878380336818178
-0.00734215138439872 -0.0293197616656923 0.000296997253944333 -0.446150138897694
0.0369221354089491 -0.02905521239397 0.529083791526273 -0.29654048880303
0.0252224056080354 0.0348435901233386 0.682831131549825 0.448723945477818
-0.0358462401248043 6.39490289611085E-05 -0.0593352240149283 0.908733090969396
0.00644114693737307 -0.039919294947891 -0.47274449544629 0.419230681536155
0.0188895921493207 -0.035209278077618 0.0593488132295329 0.0474134010364621
0.00747685573061978 -0.016907153559922 0.382352098409024 -0.529439737114933
0.00153252292898522 -0.00813855404471747 -0.280334898594094 -0.85114986890161
0.0115261792813577 -0.0241642145299963 -0.835988052611504 -0.133040639584526
-0.0126334150195229 -0.0438082016457759 -0.37972418561652 0.553254387052725
-0.0366771483722839 -0.00857796211570377 0.166146975796018 0.428496071632686
-0.0157432407940118 0.0132457396109249 0.205584025607103 0.0405636908571513
0.0153353835814765 0.00695774392287716 0.035570585063425 -0.201358176741028
-0.00351422982707899 -0.00938257079062607 0.000988994088328778 0.159677433722524
-0.0217722930831447 -0.00950676707291364 -0.143279191885666 -0.0990446915269727
-0.00564755989729044 -0.0243428600388473 0.0245978808820209 -0.444299040332568
0.0362172602994945 -0.0231924421996362 0.551117397789138 -0.259440835729467
0.0287255481605172 0.0430632125267549 0.652070457989711 0.504244548530634
-0.0329502640219358 0.0115453858283922 -0.128138001753624 0.916275265024071
-0.00542756834797652 -0.0207557856864313 -0.48964508570426 0.392679094333589
0.00238637673066402 -0.0160796401346727 0.0771742508745348 0.0344264296945594
0.00212015509200763 0.0037306547113253 0.36217304867591 -0.555510448242611
0.0109575952883868 0.000776356997680651 -0.336546598111286 -0.826212585699166
0.0160843215453909 -0.0229052167327483 -0.840995487971638 -0.0726872542935426
-0.0159029941704809 -0.0386097254181806 -0.337750609226904 0.574064375281765
-0.0354980235020184 -0.0027271644809759 0.191087047091105 0.412974731287441
-0.00882289323732011 0.0174019738815887 0.205803252885977 0.0235099983504718
0.0205435814656432 0.010057958346016 0.0378106398808088 -0.205903433119951
-0.00131963854490723 -0.00436708117886107 0.00140656525683356 0.157185557760421
-0.0140135735345103 -0.00371066614590762 -0.144640247247901 -0.103938577683568
-0.00510016263469038 -0.0173950592707122 0.0308319503914763 -0.441617853049234
0.033430539724248 -0.0186508064354734 0.555074251208743 -0.247196388244362
0.0348014827580034 0.0496430333728168 0.639167822204279 0.526311902999304
-0.0301158319611659 0.0281666762713414 -0.150536120281323 0.918524139857009
-0.0234292886650748 0.00168006407761652 -0.49126744031916 0.385161666424593
-0.0192595160693467 0.00548883443671417 0.0852127465489159 0.0299495627752381
-0.00263662479786532 0.0264353944284715 0.356044858757421 -0.564082115454322
0.0213186191648556 0.0110221374385154 -0.354194600470445 -0.816103604369983
0.0215096305389038 -0.0211354515575957 -0.840246939178799 -0.0501741377877081
-0.0174786331562136 -0.0348441576396196 -0.323644976637674 0.577649849927
-0.0322368832560236 0.00158981628292835 0.196579631596373 0.404367644479461
-0.000323185611170638 0.0212430712995034 0.204633265445876 0.0142182878048572
0.0242889086445493 0.0147689628499455 0.0398729861541913 -0.209486021505077
0.000626992630403412 0.000348489423265899 0.00221991593876595 0.154837815047872
-0.00664207516003239 0.00299420367348072 -0.148333270539107 -0.101333628981991
-0.00380889627751899 -0.0114260056312703 0.020462287630095 -0.441251565168236
0.0325961839411421 -0.0159163346981953 0.545796122776182 -0.260578911272982
0.0430877807488341 0.0541515384303126 0.651235883718879 0.509103691871533
-0.0265550691125644 0.0447962738356352 -0.12733383368804 0.926323433354105
-0.04085015144243 0.0256421573663653 -0.484151335769201 0.395072469435054
-0.0416881223764985 0.0258215243571132 0.0829326022599479 0.0353617236957625
-0.00961965071771139 0.0484325675134698 0.365343311751584 -0.554812392835429
0.0314117121279098 0.021156323653451 -0.333827312167496 -0.825790404972569
0.028851286688137 -0.0185929176759562 -0.840064866607483 -0.0753062249900111
-0.0155201140690246 -0.0319250451696722 -0.3384200264797 0.569489530033517
-0.0281518850671732 0.00269714294218427 0.186593175152662 0.407432373661943
0.00764233821665921 0.0247495313375447 0.201529887649807 0.0159244053629323
0.0265808101694675 0.0197319880152012 0.0410987308822093 -0.211672130013036
-0.0119778652281912 -0.00572586483245781 -0.0259354886520039 0.179237911958642
-0.0176201351007915 -0.00803132621572397 -0.160647592984479 -0.00543336914117299
-0.00636605354721513 -0.0286162807549771 -0.136818250790489 -0.405005453857106
0.0346972699703778 -0.0398362037953306 0.33935666203191 -0.465356829002771
0.0357804840434164 0.0129829754115973 0.765014943020438 0.0904051613756272
-0.0309520116012675 0.0100451659382414 0.310365679568288 0.789002256246931
-0.0096736698500696 -0.0375417769983128 -0.331143578913754 0.554949783058018
0.00965272463753623 -0.0413363434705106 -0.0303685474453427 0.125219513870963
0.00777179224075322 -0.0246362110329184 0.483800758656073 -0.345757256985934
0.000253340176040409 -0.0156153425243803 0.116307882196224 -0.901904462011794
0.0208865094906951 -0.0209913162732475 -0.707555395970681 -0.511752763048334
0.0109552852010461 -0.0525152123757741 -0.592048308990994 0.355105361895062
-0.0248401749573315 -0.0231684634057868 0.00577786267780579 0.470320043753328
-0.0156721698270705 0.00977677169908068 0.177296118373799 0.12182796903228
0.00121663864896522 0.00709497832409141 0.0302561240523189 -0.176502011800496
-0.0106461817593684 -0.00937620434321485 -0.0189032758232691 0.17774325400122
-0.0232515915077591 -0.0128230864542011 -0.155519445018843 -0.0219687767316351
-0.00815097734349676 -0.0323297336705274 -0.106690554045577 -0.418858983322674
0.0367285564884717 -0.0385284788277336 0.385537600260771 -0.43567790392472
0.0307504401670493 0.0162926015168642 0.75936067516288 0.166906391176541
-0.0363227779961371 0.00287476726882916 0.235427294259918 0.825929480065917
-0.00362795538906938 -0.0486629876660873 -0.366923772555092 0.529567784204451
0.020587394578466 -0.0496981588962519 -0.0128176432712682 0.109149668729313
0.0122869337597043 -0.0328914700257365 0.466250456975088 -0.38748945668219
-0.00369559920202986 -0.0203334385066083 0.0276966294235871 -0.905449354446612
0.0156355732941812 -0.0236250374312117 -0.749381891526949 -0.436213369865808
0.00656953438974139 -0.0533511889151626 -0.551421946567445 0.403725821647108
-0.0283797498767503 -0.0233176756823488 0.0435875397008549 0.466950006894099
-0.0200013424002847 0.00697028955509378 0.185819553416287 0.108937210851673
0.00244583115998329 0.00488995836421499 0.0282212792914789 -0.182123435073539
-0.0130353987778491 -0.0144458200213015 -0.0126895038722943 0.170136733172174
-0.0311738077809042 -0.0124626390599891 -0.158121868177087 -0.0470714682270115
-0.0114576955653164 -0.0327932505569507 -0.0795169360715336 -0.428268409597654
0.0350608444254599 -0.0394722100183927 0.434313270111528 -0.394517430162409
0.027703600514426 0.0212334288464639 0.742321574522843 0.257965271491697
-0.0395776248646745 -0.00198876426061666 0.143822826853377 0.858876302512681
0.00418725719513633 -0.0542456834981888 -0.404172476360665 0.49232242018478
0.0272743822943952 -0.0517293160392698 0.0090914927947707 0.08745255804958
0.0139366949214222 -0.0350082432198703 0.442766501461739 -0.433326538103114
-0.0047393065174229 -0.0196819609036483 -0.078511501698229 -0.895315411690615
0.0124977410434008 -0.0254403489638458 -0.789239733756063 -0.334992342136547
-0.000599266733102167 -0.05228652192248 -0.496755471085148 0.460490815799826
-0.0315862350688858 -0.0203150821574657 0.0866863714960128 0.458136417039529
-0.0209698361993464 0.00686339407704379 0.194190159836329 0.0888258080547961
0.00566937449275106 0.00352707400629357 0.030411699129789 -0.186170090053078
-0.00885826361799789 -0.0152296978052924 -0.00657931953536572 0.166544245481436
-0.0306100747555493 -0.0133726096149551 -0.151018404711283 -0.0680849798077241
-0.00982344160485103 -0.0322474606510693 -0.0389152538058269 -0.435995353674804
0.0361947443707245 -0.0346089697713824 0.482491926195908 -0.345726134278756
0.0250277225026361 0.0268070961845126 0.71423697560538 0.355492453898456
-0.0387343919428703 -0.00403299777665356 0.0403915611723924 0.885197547448451
0.0082100282762761 -0.0515617912729459 -0.438926245992695 0.453891521081406
0.0269102690027821 -0.0470951631863859 0.0335539564397029 0.0671299153388853
0.0106012526982212 -0.0295190799218408 0.411117879273995 -0.480988045027868
-0.00382274222324979 -0.0155030688890178 -0.183460417226841 -0.873319672324227
0.0110198998299351 -0.0249030881302291 -0.815052911617399 -0.231143813844895
-0.00680030730545708 -0.0487219047721039 -0.436003723413981 0.507978303264185
-0.0355347780201178 -0.0147812639490358 0.128747885999095 0.442748067249035
-0.0197027161352303 0.00960129677025365 0.20036194889889 0.0646010265041984
0.0107327445727779 0.00366685074850653 0.0316054650867654 -0.192462067178809
-0.00717144846435725 -0.0134336894757781 -0.0031620169989475 0.161387500902725
-0.0273280318632125 -0.0130697838975304 -0.146344219801796 -0.0871375534811949
-0.0080312249425747 -0.0287941304349036 -0.00122774164228116 -0.439916709584543
0.0355639859043461 -0.0289476658862444 0.520429505138919 -0.292281354215503
0.025113061360594 0.0343550718254455 0.674972457183062 0.442544537035539
-0.0356691955080875 -4.6124496281978E-05 -0.0584783850520837 0.899538064584707
0.00622404873439335 -0.0398681327347279 -0.469120820108121 0.413727423123464
0.0189487848772364 -0.0349415196238472 0.0583440094089347 0.0465154080807241
0.0070846664837318 -0.0163522183217817 0.37902762553429 -0.520991619443729
0.00149115907316619 -0.00858964276079039 -0.27424506739718 -0.840437117461425
0.0118921035706256 -0.0239323192290682 -0.828336325553525 -0.133987366808588
-0.0130901826033644 -0.0433233705195328 -0.375187078356238 0.546530445986345
-0.0365798488660202 -0.00809175410316399 0.165903417269193 0.422579442796554
-0.0152828812398611 0.0126904820433938 0.204100512137981 0.0410198500143006
0.0159918844621385 0.00550176936629794 0.0353153008691392 -0.19855628123374
-0.00434348016866121 -0.00906523969764716 9.08649591483559E-05 0.156630459003288
-0.0203984382846898 -0.00870329052214866 -0.142218629105805 -0.0991211463478102
-0.00632647616290109 -0.0234721971965498 0.0230348269052411 -0.438933104751346
0.035254056127746 -0.0235717868106275 0.543264090481395 -0.257208715123668
0.0291525497933495 0.0419937870976137 0.643887123674368 0.500457581542663
-0.0329782091604526 0.0121572578928551 -0.125217032262493 0.906518165679186
-0.00531513872683887 -0.0212734680906117 -0.483535071842526 0.386170428260536
0.00226016010266446 -0.0155100546265123 0.0760546007343683 0.0335884974497165
0.00176366742954754 0.00314097886731272 0.359635331183119 -0.546164347725842
0.00986396361597809 0.00131076155848838 -0.329998225619707 -0.816258779926612
0.0158576066802966 -0.0221432998695079 -0.829880768106969 -0.0722273430949738
-0.0160117495655068 -0.0388742690682942 -0.33336139512117 0.567037412626624
-0.0346280104496836 -0.00276381814610381 0.188604849931076 0.406704055909986
-0.00869862834513676 0.0165968025165389 0.203560626697936 0.0234784452134038
0.0207206965562829 0.0097972459973261 0.0370736150313505 -0.203412755624338
-0.00220152943997503 -0.00413971561983343 0.00117522923866863 0.153943841599711
-0.0134153740695671 -0.00301537957379762 -0.14264678495887 -0.103441047852612
-0.00470839823831992 -0.0167597239928006 0.029486554519636 -0.43720696257664
0.0328346827186163 -0.0186257461066791 0.548445499645835 -0.245046784279416
0.0347265860149041 0.0484347918383381 0.629664030786996 0.520104646837511
-0.0302314667030824 0.0277235062503111 -0.150599397474759 0.910992975733819
-0.0225861466949741 0.00200831805213964 -0.486931500497638 0.379035291062925
-0.0185176551827288 0.00544899144271133 0.0836065681543638 0.029673331954273
-0.00337043659255791 0.0262842992942088 0.351714963630119 -0.554990223515925
0.0210777213654397 0.0112278702633135 -0.348994529606857 -0.807225968113404
0.0211884785021377 -0.02080177155223 -0.829886648787509 -0.0506218232628153
-0.016784231127057 -0.0350209195991092 -0.320268292946291 0.570734803391231
-0.0319546031572171 0.00130030089502198 0.194791432523752 0.399491732967413
-2.89336324301439E-05 0.020804300288038 0.202692206348866 0.0154157417472373
0.0242049359250489 0.0140967818909489 0.0399278433134452 -0.206511362033404
-0.000234402390214876 0.000468382226606074 0.00178916254927131 0.151909723464592
-0.00632435153954643 0.00381123706296812 -0.146581486603819 -0.100246043200743
-0.00440548024283713 -0.0102833314009278 0.0191440756102791 -0.435105498187947
0.0312006376598815 -0.0158046065461044 0.539305662857292 -0.257454809897895
0.0423125475964927 0.052659646384012 0.642910354336094 0.503771192744564
-0.026107590352718 0.0448774174279005 -0.125096572586463 0.914604930012056
-0.040406692153119 0.0251805913873041 -0.480387040738326 0.389832014870287
-0.0408056288378315 0.0262316988675423 0.0812398646937183 0.034391838109467
-0.0090131719110021 0.0479620075537456 0.363686091847695 -0.547981800124809
0.0307300603252518 0.0211305104178903 -0.328979091553166 -0.815584216465591
0.028157572793656 -0.0188027470746439 -0.830517681242167 -0.0748289529771209
-0.015834729315583 -0.0317281317587123 -0.334937320022774 0.562838521531675
-0.027889097773625 0.00276500075833199 0.185664237426046 0.403108670043976
0.00778131897367954 0.0238006528252625 0.199095784546668 0.0167003336249727
0.0262860311975505 0.0183694037898633 0.0404239102863011 -0.208183239245313
-0.0129877788353718 -0.00573738371712531 -0.0257071230965804 0.17583591506182
-0.0176999814466013 -0.00866053806762566 -0.158919410039469 -0.00675371728017661
-0.00666090771308202 -0.027887140646329 -0.135869582500542 -0.401502661341692
0.0351531789736211 -0.0399974855959119 0.335199771574905 -0.458437258297413
0.0353410201717894 0.0131311550549288 0.758631144849834 0.0929575166081998
-0.0309310967633723 0.00944567366181184 0.30475762111819 0.784848463672323
-0.010091424963788 -0.0372262576462616 -0.328939443099389 0.546884589649383
0.00928730799192147 -0.0409309039976835 -0.0315426451350517 0.123209076321063
0.00754760460555991 -0.0241621871132225 0.479852179560847 -0.33953274937331
-0.000173703036429093 -0.0157292005915841 0.119767899056695 -0.892779504278491
0.0208286597190436 -0.020942955386643 -0.698399658529133 -0.508902816790688
0.0111743383247806 -0.0518054817176072 -0.586596399295784 0.348484193710366
-0.0243538615640624 -0.0234405729283203 0.00450076477859788 0.466848690077611
-0.0149440958818609 0.0094083994552984 0.174049279370954 0.121284747928732
0.000785791742232363 0.00649512924360193 0.0306765498876149 -0.173594741540079
-0.0115123354043865 -0.00900147184505372 -0.0190311667262077 0.174778450603266
-0.0233765425750199 -0.0122448848457977 -0.153653513937842 -0.0230870560430609
-0.00860294011806325 -0.0319787054349051 -0.106019323775098 -0.415420952614103
0.0358891988731207 -0.0384691629971566 0.382395460613809 -0.43148775717034
0.030705442466965 0.0164481391741493 0.751127143218369 0.169129890212349
-0.0366339471427123 0.00282714033284685 0.23024009666736 0.820792054792133
-0.00327950666805036 -0.048754529227317 -0.363461021411025 0.520686703902007
0.0209287719376954 -0.0494067022381202 -0.0140699647522654 0.10710292310234
0.012811642980242 -0.0330474227899279 0.462365768084189 -0.380266341346795
-0.00428564720220138 -0.0197765904021537 0.0307628887560819 -0.896534047024875
0.0153603556563832 -0.0235646620395466 -0.740349754382375 -0.436538572479665
0.00688828622015759 -0.0518665518829493 -0.546067489058294 0.397873814952841
-0.0281010424013334 -0.0237710357621982 0.0423447734598772 0.462193571807371
-0.0194954729732759 0.00645437604641091 0.184093716595479 0.108624007931851
0.00300661038857771 0.0036438222355745 0.0288581672412835 -0.17877922743156
-0.0134702268356406 -0.014581088102265 -0.0130172665780803 0.167831440581202
-0.0307937257611328 -0.0122934255753302 -0.156654293181872 -0.0479341884955176
-0.0120355199046818 -0.0316443152755247 -0.0770986901315645 -0.423652774727458
0.0343495500558425 -0.0392116108837783 0.428605251805088 -0.386955435310311
0.0270418303148027 0.020577929762884 0.735458841463978 0.259055518228594
-0.038904659304921 -0.00256374165202031 0.138763029406709 0.851977244458777
0.00392610370785837 -0.0538346686986411 -0.402737864558734 0.485191296529467
0.0276963937339578 -0.0515676531373339 0.00856121737164778 0.0868971604084767
0.0133772013605888 -0.0352119277509947 0.437900136275557 -0.426493472299167
-0.00489480848032332 -0.0194123144615432 -0.072696612247216 -0.88478078466999
0.0119025345742246 -0.0249011447732265 -0.779513091915555 -0.334894071440243
0.00039994933863767 -0.0512837114875297 -0.492863261077083 0.453712977883709
-0.0315973340382456 -0.0194906995758034 0.0857510877153111 0.452534909973906
-0.0201848017549418 0.00719929045471617 0.191808972325159 0.0881229453711906
0.00598254052052474 0.0025140019342139 0.0310791713249155 -0.183460034263296
-0.0100385886750099 -0.0143685307233801 -0.00739102472841999 0.163426627547291
-0.0302474703422185 -0.0128943801579837 -0.150181686292614 -0.0682936219909977
-0.0100875825171957 -0.0316244113734762 -0.0378268722396845 -0.431474345046871
0.0353747446782463 -0.0341350716673607 0.478070466849664 -0.339622743447659
0.0252270023092496 0.0261945789664285 0.705099905180767 0.354250057054386
-0.0385997630910907 -0.00409779977230077 0.0362689976212741 0.877694796086
0.00851788222486565 -0.0508306070241604 -0.438192853859721 0.44772772950361
0.0269026753645181 -0.0464463285749395 0.0329277561327634 0.0657765567364347
0.0105378985888799 -0.0291235289460219 0.409263701103461 -0.473728055249114
-0.00352853090854933 -0.0153778622350078 -0.17740438818897 -0.864635418486367
0.0106071393045038 -0.0246126423679958 -0.806992657365272 -0.231194532498665
-0.00667776153814824 -0.0482035495840825 -0.434273491968455 0.501577522369194
-0.034917841365566 -0.0142725073613015 0.128703068594081 0.437625513463926
-0.0191192171637357 0.00920877718764523 0.198142447071736 0.0651340439411511
0.0107021315168966 0.00289226743202688 0.0329784404759359 -0.189814884062462
-0.00807308121022408 -0.0133692917401307 -0.00380514725438471 0.157812058621829
-0.026272615830203 -0.0124607330230848 -0.144918318127692 -0.0868484294334037
-0.00856064970525443 -0.0276407485744166 -0.00219087748409584 -0.434722620565281
0.0359772216595483 -0.0287233096313988 0.515614264491596 -0.287515615798329
0.0253384151907661 0.0337185605245481 0.665637493666215 0.441527245873293
-0.0352393420321205 0.000102905651037677 -0.0617839322042175 0.890143384408723
0.00626505779505076 -0.0392654888166103 -0.465840514334508 0.406651128356881
0.019465357984234 -0.0344377712619337 0.0571245118670372 0.0453024551950935
0.00676275983239624 -0.017344607861835 0.377876786253392 -0.513246899096314
0.00146054868150339 -0.007889809414077 -0.267780383788792 -0.832325871142565
0.0114534541816757 -0.0240395486309904 -0.819128810813997 -0.135198913695116
-0.013173922884822 -0.0436407568167381 -0.373250128651034 0.541205563855085
-0.0359787884238445 -0.00825105329280858 0.163545696625852 0.419798544757013
-0.0145122006316783 0.0120547474422009 0.201275366917961 0.0423890371235097
0.0151324180116484 0.00504571541114926 0.0364362065509637 -0.195024585452155
-0.00445280131118746 -0.00909317812534563 -0.000663919244761704 0.153863538007836
-0.0204181292752794 -0.00929529483106736 -0.141358292936341 -0.0983650817949126
-0.00700922839494495 -0.022082454264344 0.0238370993215657 -0.433573526704462
0.0344836907349498 -0.0231158274965385 0.537976574061004 -0.252866274934879
0.0288253775936516 0.0402998128827831 0.635267886926222 0.497513456799034
-0.0330566729158582 0.0112089025236608 -0.127163885146674 0.898367720133747
-0.00524281821759476 -0.0208507309332419 -0.482152635096335 0.380595918401006
0.0028285320174373 -0.0156474629531005 0.0742167163080259 0.0330796452156989
0.00142288315865296 0.00322681702307614 0.358161334205971 -0.538469283877638
0.0102268366978071 0.00117834060114638 -0.324522917929133 -0.808078461846541
0.0150830852641584 -0.0218227774935144 -0.821173136983667 -0.0730063022812174
-0.015651447875957 -0.0386848983544265 -0.33368387383818 0.559363283396506
-0.0346730276864401 -0.00237008646506677 0.186386806660663 0.401916480340064
-0.00800943434853013 0.0161111678390436 0.201752049918185 0.0248884222624485
0.020250244611171 0.00879089104201726 0.0381642104734643 -0.200173330996438
-0.00315526490865511 -0.00422772096886197 -0.000115557015029714 0.150622067713056
-0.0134977839498323 -0.00292192945041268 -0.141333549126969 -0.103076693314036
-0.00532670780427295 -0.0155848074311008 0.0307523865089917 -0.431748448535295
0.0319999504308085 -0.0184437666236608 0.544027829686372 -0.239075266339079
0.034574810863974 0.0481755064555755 0.622724711294907 0.517283158496218
-0.0301770144918018 0.027286063557466 -0.150024129991992 0.900014352471952
-0.0225347912588746 0.00103013852354966 -0.483794494832049 0.374207482200662
-0.0187264550356318 0.00541298967648057 0.0822038017907321 0.0291351282635473
-0.00346279048778111 0.0257728263957747 0.352262286826437 -0.548183935722424
0.0202543987863534 0.0109403328380122 -0.341092008713948 -0.798376323010385
0.0209755861167227 -0.0205725747710766 -0.823073284797608 -0.0525858224792795
-0.0166777603733938 -0.0346065166966934 -0.317626790321987 0.564126016678212
-0.0315974729002893 0.00116165854167798 0.192059488413896 0.395304312051764
0.000475936360681226 0.0196178108212228 0.199781104293832 0.0158971221418881
0.0237169192855851 0.0133258329615888 0.0414497052341218 -0.204340837562445
-0.00136652752391447 0.00115595961355093 0.000528714824466492 0.149212198229776
-0.00642589277824387 0.00362014305809415 -0.145292536739796 -0.0991025997018269
-0.00432609093435119 -0.00981374079683936 0.0192541765490332 -0.430257966605412
0.0301657793211779 -0.0160051592322543 0.533687497654471 -0.253567139350912
0.0423507257939032 0.0521497720716024 0.634444088343954 0.501312512215731
-0.0262065828481659 0.0437629476854978 -0.126688578599906 0.90432460434034
-0.0401639529903977 0.0242662850415017 -0.476824381724275 0.384804293173159
-0.0406311481055334 0.0254884635639144 0.0799838337640599 0.0343055677625818
-0.00993856670730417 0.0473672858146439 0.36280433320617 -0.539199967132741
0.0298888950152752 0.0210845915129652 -0.320550862699661 -0.807245293252309
0.0280147035013258 -0.0185044878117146 -0.822328240432105 -0.0765349465143718
-0.0154943073191452 -0.0323570028491329 -0.332456812956999 0.55710214345634
-0.0275415411539475 0.00293219977953897 0.182418150784991 0.398307041781539
0.00851770017946836 0.0230302779847806 0.197375062217762 0.0177930731786867
0.0257020026169445 0.0179362420185694 0.0421392179302004 -0.205578046333039
-0.013756223646748 -0.00578271592421051 -0.0265936891473525 0.172940667316892
-0.0179749102684445 -0.00920067189271521 -0.158128982116755 -0.00781193702842909
-0.00719288703825538 -0.0272319672393388 -0.133521433939587 -0.398545303941887
0.034396563092076 -0.0398738164583793 0.334153091336479 -0.454325587924384
0.0355020854574932 0.0123269717901553 0.750015017354405 0.0951749319340327
-0.0312734428440401 0.00894703989990515 0.2981857278335 0.780181032459586
-0.0103013987178432 -0.0370262528849242 -0.329259596953195 0.538825341042966
0.00948425992180347 -0.0406494519437319 -0.0323149239849932 0.121807390930608
0.00754355907309615 -0.0245587514042902 0.47682021184034 -0.332148550141421
-0.000520740868355241 -0.015275088262949 0.124423670699186 -0.883583712314594
0.0207811318082035 -0.0204496615791228 -0.687793767532596 -0.507904977534792
0.0117102064518123 -0.0509835872209805 -0.582163452158229 0.342321835050612
-0.0240520011826584 -0.0232193825641662 0.00283277214289926 0.461711046241152
-0.0139359970783562 0.00895616666783007 0.173575554213679 0.121952812832619
0.000958290639369737 0.00629370134374192 0.0317619811822844 -0.171954032426787
-0.0119758758823079 -0.00972352298064137 -0.0200846235555495 0.171583350940621
-0.023395717938398 -0.0125249643881278 -0.152409764117899 -0.0247898839069549
-0.00878958336041403 -0.0311622486095076 -0.103774682114654 -0.41182706791721
0.0347786494544198 -0.0382768890274125 0.380499586480804 -0.424603157529984
0.0313695758723849 0.0159158167886048 0.744249442854403 0.171945513647211
-0.0360227208316449 0.00344301751382409 0.223180785936081 0.814061761672899
-0.00297642393149469 -0.0484378609100962 -0.364201368991672 0.514867896226385
0.02123819184362 -0.0485758696267888 -0.0150146462928367 0.105435828495782
0.012721012904434 -0.033021583444307 0.460761963852484 -0.374017823334672
-0.0039219513626476 -0.0196145934196805 0.0364973544213959 -0.887704760441453
0.0153804226785742 -0.0232812094419924 -0.731004730463352 -0.435403557402016
0.00683942555233149 -0.0523482761258989 -0.544583346113859 0.392969200893618
-0.027498297149165 -0.0230920636530142 0.0401266381514211 0.457271483457043
-0.0185404027435928 0.00607223664442994 0.18144566614426 0.109021706836372
0.00338599317058102 0.00371715374641999 0.029754723336029 -0.177165923532098
-0.0139626073543171 -0.013973347606565 -0.0134458575358362 0.165464869037714
-0.0306367496025873 -0.0119626547397086 -0.155480053279373 -0.0488223231337951
-0.012382165094202 -0.0311458399836298 -0.0758112500143323 -0.419272599805077
0.0336422751512269 -0.0383167814240833 0.426328808624176 -0.38300748189498
0.0273908644775762 0.0199350084801779 0.727341320523701 0.261152007183694
-0.0393064294757564 -0.00254761561851699 0.132513889887426 0.845007733289259
0.00377875834412539 -0.0534080058026852 -0.402759739183049 0.47747106880695
0.0277322697681488 -0.0507577942352292 0.00675414518055964 0.0855812284186886
0.0131649314301089 -0.034820522378782 0.435557734760606 -0.420004954939757
-0.00546514888525823 -0.0194763408572603 -0.0670551121343785 -0.875960560473488
0.0119189586586398 -0.0247805983857067 -0.770397622150396 -0.33633861835869
0.000384247303914328 -0.0516033326631947 -0.491463497004659 0.44685571241555
-0.031378659430132 -0.0201521240395005 0.0835565021379529 0.450102273945113
-0.0198292991370292 0.00615526072673138 0.190122712544584 0.0893354289615175
0.00586475073291327 0.00201525884694162 0.0323099946321791 -0.181030723803771
-0.0111725785683411 -0.0145536676321102 -0.0089062357413329 0.160627942209597
-0.030085047631321 -0.0133210716263872 -0.149442678660874 -0.0687797294459317
-0.0107147868885228 -0.0308771503147299 -0.0371315134683007 -0.427391817620724
0.0343899771090759 -0.0341984241908726 0.473328950180411 -0.334884870288803
0.0252909248326514 0.0255805847618315 0.697584309344205 0.354407389903153
-0.0386291675541175 -0.00418207708894113 0.0323329510749768 0.871097597677583
0.00837820605078486 -0.0503459339259313 -0.436297098561207 0.440200985383216
0.0272622855238315 -0.0457979550862877 0.0319138598081851 0.0647174215809325
0.0109140846532613 -0.0285181826124252 0.407195613744312 -0.467253487774159
-0.00404656708164074 -0.0154621385459181 -0.169076831453437 -0.857474429908502
0.0105286882856808 -0.0246035263015228 -0.796918801848638 -0.232773744316809
-0.006016297168575 -0.0481232673331083 -0.430959292975871 0.49480822958977
-0.0348812025761302 -0.0146323531118764 0.124947103505534 0.434983327745112
-0.0184587522949188 0.00834233134755778 0.195707990522599 0.0663267632793836
0.0106074720800078 0.00285141859408465 0.0345135999261406 -0.188135167045749
-0.00784365203145221 -0.0124695879944235 -0.00500386695573975 0.155833641292948
-0.0263091303236353 -0.0126518617861425 -0.142221836420282 -0.0871923295583809
-0.00870349194191767 -0.0274178311982765 -0.0026647084858892 -0.431083462114598
0.0345478391432452 -0.0286879164672604 0.51171657767956 -0.28355753892755
0.0257188059703021 0.0324473501747754 0.659308578457676 0.441635229971282
-0.0359777385618135 0.000443601641282931 -0.0640261188361306 0.885101795972572
0.00664277234342001 -0.0393118227762139 -0.464418051822237 0.400569312762997
0.0192016102996333 -0.0336423181467277 0.0563515362872144 0.0453942875133505
0.00593125325917942 -0.0160632745550867 0.378757177414824 -0.50608467078355
0.00133012012872494 -0.0075862655835877 -0.259876101108127 -0.824390641927098
0.011008219210324 -0.0232662551157406 -0.809717092832011 -0.136997306642316
-0.0124486334048697 -0.0434636656992484 -0.370265722055331 0.534083868396757
-0.0353266593245976 -0.0078078734999521 0.161382016497705 0.415110253188736
-0.0137016329914748 0.0116612891220581 0.200167551529349 0.0438224855047394
0.0152957033434754 0.00474635475550528 0.0379249715280037 -0.192789150194584
-0.00526253443800603 -0.00917579225714526 -0.00172362792883771 0.151168822055645
-0.0204772413633814 -0.00844366223919326 -0.139863733554093 -0.0986838027622004
-0.00652045779248462 -0.0213357677250068 0.0227753203775704 -0.429696072201102
0.0329077312227917 -0.0224965903574845 0.533348586382623 -0.24873163471856
0.0282780468207048 0.0405630589403544 0.62862795502477 0.496180037075247
-0.0327217508864721 0.0111239496947323 -0.130017501727397 0.890055473119255
-0.00501533842040256 -0.02048280344809 -0.479005821310247 0.374878723822612
0.00273614241850962 -0.0154584847651801 0.0729546845341216 0.0333628610018468
0.000591946534102626 0.00320450287585247 0.355523336119934 -0.532022726505703
0.00993273515696933 0.00112337972032866 -0.316841760084501 -0.803346460402654
0.0149749443615588 -0.0221914134049552 -0.81348048129074 -0.0770516999575303
-0.0161645338228995 -0.0382309630788995 -0.330425850113096 0.553091915389224
-0.0341813848748234 -0.0030005728382624 0.184962430951971 0.399780469215284
-0.00713568153024494 0.0152625194967661 0.200194063175005 0.0264746958484831
0.0194460957194418 0.00762627901148922 0.0392827874963383 -0.197743539922703
-0.00351983010802722 -0.00350554258627846 -0.00203862945818247 0.147940873091978
-0.012574593182893 -0.00270298787868178 -0.141141284296027 -0.102686778820746
-0.00554381299325457 -0.0153599581284909 0.0299108997525463 -0.425443351635962
0.031440958404755 -0.0178086516151898 0.539471559806973 -0.234123885401785
0.034448280260956 0.0476104686016037 0.612564338632751 0.516485004013208
-0.0302456540096442 0.0266947370662535 -0.154170103618503 0.892320404323738
-0.021926663319573 0.0016694559801648 -0.481783150373395 0.367389325721054
-0.0180795603631606 0.00515763371003731 0.0814176208833678 0.0288481087479008
-0.00366616153888064 0.0252796355148607 0.350288647613645 -0.540445126408259
0.0198054602565907 0.0117124472514059 -0.332771102952289 -0.79278829215995
0.0204785209808161 -0.0202688827537854 -0.81311469611208 -0.0548355517542019
-0.0164159122884594 -0.0342771019232999 -0.319245494893096 0.556241701051361
-0.0309574424677867 0.000998105244606733 0.189946074938081 0.392160020911516
0.000914378216522999 0.0187171603890509 0.197694978937118 0.017715612325641
0.0231855302912632 0.0122855717707004 0.0424444182110065 -0.201385638933819
-0.00230431028809697 0.000677218118210624 -0.000504887527923203 0.146753507424984
-0.00659153569621306 0.00373327733724082 -0.144455116491609 -0.0995184311880274
-0.00445734440375259 -0.00905416227471604 0.0203530738838564 -0.427075957916526
0.0292757942667238 -0.0149953923937608 0.529695806971948 -0.249277288147565
0.0417791236589666 0.0510005283249468 0.625245804949675 0.499768909138245
-0.026303001750366 0.0434157890832076 -0.129554688162677 0.897164365690432
-0.0408687994109058 0.0239379004836063 -0.474509785883903 0.378168076957134
-0.0401096957899088 0.0251281389443651 0.0784528413282648 0.0337869644185234
-0.0105143399089496 0.0472153959247891 0.360293308772296 -0.531852917044224
0.0295753052225795 0.0214460757166074 -0.312948060993512 -0.802392582498971
0.027778822811861 -0.0184724332331081 -0.815160229597005 -0.0797498396008977
-0.01518177436421 -0.0321645596386552 -0.332102401790066 0.54855800001007
-0.0272926609550025 0.0023129809480448 0.180594781957153 0.39553631093236
0.00837286329092929 0.0223515328495933 0.195902937002868 0.0197808435274547
0.0253148594417455 0.0172254380770969 0.0433117027092783 -0.203164229584898
-0.0140652912252126 -0.00635036145734872 -0.0274912825432168 0.170316053331075
-0.0179269765297068 -0.00904315307077753 -0.156848083421317 -0.00973824349200064
-0.00721413323020355 -0.0268421460416733 -0.131246739618243 -0.397881564694312
0.0329166739147182 -0.0389466715427034 0.334516790264274 -0.449336730642245
0.0351884726529632 0.0123951634538751 0.744834841988136 0.099662675320725
-0.0318840544172109 0.00896322904828446 0.292138093549904 0.776842544647674
-0.00997454140288777 -0.0374823547477429 -0.331449951286116 0.534028216041125
0.0103540138412623 -0.0392560158255752 -0.0328732871803762 0.119894330574375
0.00667525074516922 -0.0244397921498676 0.476765256748454 -0.32710850659428
-0.00113211325276782 -0.0147926557879443 0.129539598311875 -0.874082865467952
0.020060916699282 -0.0206916296927381 -0.679382464283206 -0.508378652067375
0.0116367298493338 -0.0507666252421251 -0.580567213993782 0.337655422051687
-0.0234441269901814 -0.0228635153867779 0.00124773673564439 0.458922814680075
-0.0142824030013017 0.00850528290795151 0.171029971712048 0.123213399839854
0.000929129118724387 0.00475464195085254 0.033206038549932 -0.16922562253836
-0.0125234439351684 -0.0097893369325542 -0.0212607300521403 0.170067881414697
-0.0236521125409406 -0.0126235316376491 -0.15175473606298 -0.0258695581668013
-0.00936671481416932 -0.0307000496504086 -0.103631877994465 -0.410017024463138
0.0351156077506329 -0.0373203595083479 0.379459220541274 -0.420632290679873
0.0309823920789558 0.0156703503547524 0.737766477379876 0.177521832841657
-0.035558966576182 0.00221593996928419 0.217048928899166 0.810472608872219
-0.00329649629888366 -0.0484342571917783 -0.365706914983585 0.507270759717988
0.0211420970095581 -0.0487377505851818 -0.0155540247407833 0.104264580123641
0.0120523367819493 -0.0326517637127984 0.461353623596685 -0.36710693615752
-0.00486581263723414 -0.0192581941195743 0.0421202941356872 -0.879383532809294
0.0160512624593147 -0.0227418511923618 -0.722443788116208 -0.436580320691993
0.00715626350945048 -0.0518606084520881 -0.541767157855042 0.385799771874195
-0.0271916569727927 -0.0230349506914396 0.0379538073895339 0.454459345171401
-0.0175246966980339 0.00595124207539353 0.180101568165152 0.11042846612389
0.00296705498212277 0.00229230441496722 0.0304440166604807 -0.174654938854742
-0.0141128969200133 -0.01408331499519 -0.0161650952386563 0.161957144297371
-0.0307379780549797 -0.0120069321554044 -0.155197138120831 -0.0492641119389124
-0.0127225665279449 -0.0299256389457003 -0.0761425721424379 -0.415868454756437
0.0332061396131777 -0.0379034799595569 0.425499451859855 -0.378024545949848
0.0270245217701471 0.0195904554785762 0.720950942051453 0.263161352037585
-0.038858148400975 -0.00269875656631752 0.127388390953614 0.841361495891912
0.0046377904321752 -0.0530541663971201 -0.403807957916122 0.47173194815911
0.0282115926297414 -0.0495005012436064 0.00635692484264223 0.0843532832579387
0.0129373408536214 -0.034832162237501 0.435632860937201 -0.412500713275084
-0.00572625714137041 -0.0191942165415166 -0.0585396127751507 -0.87052113425452
0.0122294166209616 -0.0242701816666291 -0.761463084438246 -0.337073812615142
0.000990761095753842 -0.0510957461388277 -0.491351420741945 0.441297995532163
-0.031107215371058 -0.0203760585724967 0.0820429135075833 0.446255830008159
-0.0192738007280498 0.00556425763823167 0.18842761185652 0.0908813021228286
0.00538237309592235 0.00128823191796324 0.0334027869867822 -0.178818477812364
-0.010997464948807 -0.0141716356443471 -0.0102382107777485 0.157702691357335
-0.0294284268867123 -0.013353690549229 -0.148899635489515 -0.0698989575978732
-0.0114288936823623 -0.030158099187707 -0.0360434130528295 -0.423881018547379
0.0336455679098951 -0.0339319883172083 0.472741167039786 -0.328854906803149
0.0252222991798489 0.0250819277240413 0.690197098067412 0.357074219372466
-0.0378373675000685 -0.00478199761695656 0.0260165453867332 0.866326887188294
0.00844339845581175 -0.0505259410971756 -0.43732077348094 0.435461334963256
0.0272452351302882 -0.0448371285555271 0.0298300444138553 0.0642483620933912
0.00996815137937131 -0.0290126627099811 0.407865899642434 -0.459556621896432
-0.00423285792823348 -0.0151219682847437 -0.162158292516954 -0.851073610819436
0.0103103212732538 -0.0245301970071148 -0.789168665502039 -0.237050122964444
-0.00626351292788041 -0.0477811739046678 -0.431921105805262 0.491019712832512
-0.0344343191975729 -0.0146821440494382 0.122316736985913 0.4322285127762
-0.0176632052422201 0.00773901890538005 0.194676397573379 0.0674360771290019
0.010409878706099 0.00214063813615695 0.0356645901002278 -0.18546488366807
-0.00874949663393501 -0.0126101559880185 -0.00724839124163386 0.153128870435776
-0.0259545016588213 -0.011942999599294 -0.143042524537791 -0.0871175299215807
-0.00872088304892358 -0.0264081181265077 0.00112255328083021 -0.427911506230816
0.0336123414566131 -0.0285355253816501 0.510067778895951 -0.279295015721328
0.0252630544686925 0.0320689671465689 0.650266608624957 0.442491176410748
-0.0357133239291348 -0.000277475555373875 -0.0693506761468349 0.876727908590688
0.00612499067685947 -0.0392087327292832 -0.465197372311196 0.39425665775502
0.0197226711646478 -0.0333472735433733 0.0544129803457777 0.0450140833589585
0.00596962906186006 -0.0165093442575905 0.378483416014363 -0.499519072736985
0.00109056153386158 -0.00759424789980098 -0.252108966644795 -0.822223805636638
0.0114491148422023 -0.0237207697359579 -0.80291031226206 -0.141105498579926
-0.0124769144860177 -0.0431137207924027 -0.371050934134462 0.528274913537323
-0.0353373364555868 -0.00887647366126127 0.158431088712468 0.413561154977107
-0.0136627788962472 0.0115350166673556 0.198427460784409 0.0443709561235584
0.0149776104925262 0.00420064139408296 0.039673370789746 -0.191368247525377
-0.00596418744618393 -0.00864833462655137 -0.00391186897074968 0.148521416019529
-0.0201524804045311 -0.00804415106810158 -0.139356100323844 -0.0988449796819173
-0.00686466055104839 -0.0207643796029956 0.0249314724104666 -0.426705452359633
0.0327816821800926 -0.0224680383542139 0.529547054095222 -0.241701096020889
0.0280903985411954 0.0395045681897491 0.621025755350472 0.495322728992002
-0.0326917872372101 0.0111966627758107 -0.135829822417135 0.884111643431473
-0.0055440571825871 -0.0203969213656781 -0.478059588650677 0.368530402799486
0.00313175576859028 -0.0151269566917129 0.0714874379565899 0.0331333614645442
0.000444190166913327 0.00293410878819594 0.358031027928658 -0.524013295230231
0.00929980479074748 0.00131060711195093 -0.309043996315557 -0.800703933833401
0.0152767911727431 -0.0221596446009623 -0.806566358847302 -0.0829149483769863
-0.0148764711655408 -0.0382558202751994 -0.334335121938158 0.547082018602516
-0.0340804424140915 -0.00282393936285651 0.180799324786535 0.397973672623316
-0.00677445100032625 0.014478747069243 0.198831753467277 0.0277149229161675
0.0195401909945547 0.00772926845922663 0.0406586167220427 -0.195719315662634
-0.00439076624823362 -0.00356263034342476 -0.00325055182720523 0.145552698485258
-0.0130913646316349 -0.00288394484496408 -0.139102009209162 -0.103472379497991
-0.00531506668776377 -0.0144550549292802 0.0332838679054285 -0.423090734561828
0.0310147291942099 -0.0171706229651551 0.535915271544495 -0.230107294443284
0.0339996769635109 0.0462810467803139 0.605299386341513 0.516524911435128
-0.0301158918566364 0.0272889395936297 -0.158340465935917 0.885549774688263
-0.0227304210303006 0.00132988480348231 -0.482200488781377 0.361845865804311
-0.0185000266596404 0.00535210387677016 0.079960415367676 0.028759886417738
-0.00479567907420691 0.0251653863375943 0.35242502723271 -0.533396302433702
0.0193321706577932 0.0120234827076263 -0.325881357087289 -0.788894119127131
0.0203561925185064 -0.0206185666428642 -0.806912313316196 -0.0610116386288623
-0.016041670416901 -0.0345880201852418 -0.319571450569435 0.552293708086906
-0.0314453097808004 0.00054481862039819 0.185729952050161 0.390870375318887
0.000646603824119405 0.0181594475323545 0.19776954018011 0.0197043811661067
0.0226539986486439 0.012088715485306 0.0435311541731599 -0.198950188279679
-0.00233899785248973 0.00120116857751205 -0.00292794024853779 0.143946648264718
-0.00595840718121322 0.00319767529939776 -0.143409369310244 -0.0988562129283691
-0.00417098982129138 -0.00854706069182522 0.0210673600233052 -0.422027982050137
0.0287912267234634 -0.0146120890758017 0.527410372316726 -0.244643866263954
0.0416778811037091 0.0506957742905405 0.619851646195422 0.500143943596373
-0.0269401636574032 0.0431142581964616 -0.135285562286935 0.892336067422338
-0.0402180832982731 0.0239723378249203 -0.473796532176248 0.371909718815176
-0.0406104432895756 0.0246282920527105 0.0766045215581417 0.034171849146646
-0.0108072809409775 0.0459766889121642 0.361527675045601 -0.524434302138224
0.0287308429025181 0.0212821895810103 -0.305028509976259 -0.797595025399191
0.0276404397089758 -0.0179300516256405 -0.808324544471862 -0.085733848589124
-0.0149568240341681 -0.0318293798017088 -0.33373488560037 0.544943614801271
-0.0269348261864514 0.00249100112109864 0.176405586061208 0.392900336225807
0.00839118726668796 0.0221375075667385 0.194847063834621 0.0217233027929438
0.0241158031382971 0.0166428814812419 0.0448430543722284 -0.200684945000134
-0.0144047995171136 -0.00655896052022893 -0.0290242897918987 0.16947517872525
-0.0183704821588237 -0.00848366061904235 -0.156349052126109 -0.011700866778157
-0.00812071324021737 -0.0259604643006188 -0.129725542670592 -0.396435168363901
0.0326803769171699 -0.0393033104715568 0.337102709811918 -0.444788068917717
0.035924949477966 0.0125804182589504 0.74116062153285 0.104882150379259
-0.0315920599707182 0.00943808961400899 0.284828339973147 0.774287216764246
-0.010026783625085 -0.0374009934115228 -0.335014193109472 0.526724276459048
0.0102718738923091 -0.0388969047661545 -0.0341446427484036 0.118142144363866
0.00693108842618372 -0.024646401836057 0.475788945701068 -0.318424836003191
-0.000829714425543561 -0.015334280656012 0.137539395794644 -0.869815170308274
0.0200906802111993 -0.0199211277463148 -0.671226449114282 -0.512540978005465
0.0123504123441115 -0.0507630627717801 -0.579527339287749 0.330168469955355
-0.0239500281376707 -0.0225186240320409 -0.00126664748686672 0.456262652201081
-0.013719961073699 0.00836490626437431 0.169132562351601 0.124160556291496
0.00101682044637395 0.00411600860740711 0.0343079132100572 -0.167554125597714
-0.0129232687740278 -0.00984107114650053 -0.0226540378409995 0.167264436634598
-0.0239279402755457 -0.0125594748170725 -0.151408120052495 -0.028222229241428
-0.0102238171851949 -0.0298648806473471 -0.100796328031722 -0.409154645738979
0.0347626809227348 -0.0386481804629926 0.379487065982117 -0.415880739715285
0.031389221417582 0.0148961469676117 0.734467702353738 0.18150419279834
-0.036342801588568 0.00264000881407828 0.212219285608246 0.809899624921764
-0.0031503782927898 -0.0479835922673568 -0.368936689435373 0.502405104457806
0.0219534650519286 -0.0476785261966077 -0.0174758904726275 0.103383319822056
0.0123383238411966 -0.0326848202743496 0.461996470399071 -0.361008986218959
-0.00377489189088211 -0.0194902143242366 0.0516730221307969 -0.87619494950662
0.0153642340309995 -0.0227460533662422 -0.71553196614736 -0.440125486459197
0.00771458927464789 -0.0520786206580913 -0.542972176405825 0.379783631576587
-0.0270849133268028 -0.0236027316755816 0.0349995892206915 0.451093789296346
-0.0180287329591907 0.00539347602299336 0.179467784052138 0.112724803593441
0.00272422160161555 0.00254882492825943 0.0327239915143879 -0.172440290847162
-0.0150214687676837 -0.0139394853724492 -0.0173959307658204 0.159884207509176
-0.0296603990885713 -0.011795997649839 -0.15521741660028 -0.0504003598539305
-0.0124023926779699 -0.0295548338121778 -0.0723374805312363 -0.414908680881909
0.0324156112937697 -0.0374119539077633 0.426563007740543 -0.373058987622382
0.0273860308686526 0.0188561792748411 0.715875668308328 0.268309378591452
-0.0385216593774057 -0.0026348216833151 0.122304194722556 0.840179780822362
0.00435505394206392 -0.0524449179798023 -0.405239465796354 0.465991607881459
0.0283389022356192 -0.0490466006122622 0.00473925149877735 0.0836697794127233
0.0130349869188893 -0.0340512283691698 0.43705394686494 -0.40535576591044
-0.00515770551186325 -0.0192027553763163 -0.0526168396255514 -0.865994000453901
0.0120027543432639 -0.0241787151010088 -0.755969895894413 -0.342490281404786
0.000741088089862972 -0.050560464773159 -0.490402385912934 0.435583514498491
-0.0303532889018246 -0.02002270050254 0.0790398757853852 0.443636302979364
-0.0191639444289881 0.00525887352878355 0.188270545105844 0.0928417292952733
0.00560631543829041 0.00142030926448782 0.0358295365928997 -0.177787050457881
-0.0117400806193102 -0.014827893896276 -0.011196229518082 0.156789394743688
-0.0297281474526873 -0.0138648421417196 -0.148581429356024 -0.0707035013603957
-0.011207224298837 -0.0289592266433347 -0.0335692923218463 -0.422485901609301
0.0333944871516301 -0.0339968752767888 0.472653344598155 -0.323415554701006
0.0248566950910491 0.0246289718806594 0.683479511858485 0.361068890159571
-0.0383017564105685 -0.00417714864031364 0.0207391809021221 0.863778720354815
0.0084277628543654 -0.0504638911121779 -0.439888457907484 0.428523471071002
0.0275565445238974 -0.0442216295450371 0.0296102345555029 0.0637606382247195
0.0104633298017491 -0.0285968661661099 0.409807740874316 -0.452944892154279
-0.00349548721079231 -0.0157474501419203 -0.153001127919971 -0.848413038211963
0.010615372696592 -0.0242282192773266 -0.784239311298487 -0.242378912644053
-0.00560720552016236 -0.0471586583103921 -0.433690730602928 0.484575019390885
-0.033921354126481 -0.0151026602164364 0.119792995782093 0.430124185338635
-0.0176769975945439 0.0068850690865323 0.192788708698985 0.0692863894202569
0.0100320433211133 0.0018826423000411 0.0370743969979632 -0.184269268837279
-0.00859666627646886 -0.0119975669752365 -0.00837254585272023 0.151048501451431
-0.0254078393394853 -0.0124549357329208 -0.142008586946579 -0.0882644848948949
-0.00904197355131264 -0.0257116654600218 0.0017936566751635 -0.426281882847946
0.0331503521003463 -0.0270986042239005 0.50916982143551 -0.27416177083748
0.0248865998176136 0.0316089502541679 0.644294184657034 0.445790856413225
-0.0354279138207755 -0.000298709963352716 -0.0766098272876379 0.873758261819567
0.00623505089289422 -0.0389980616572995 -0.466836392385756 0.388821700389181
0.0197670888015436 -0.0327817776192071 0.0531558730592545 0.0448581614474895
0.00559831083150208 -0.0164802329337384 0.381534183698287 -0.491991598873354
0.00109993748763175 -0.00778162908518484 -0.24388000775772 -0.818830575728639
0.0114841109000223 -0.023283177669637 -0.797304754048483 -0.14745122218333
-0.0109830111066492 -0.0430936722086638 -0.374323518186365 0.522544046891449
-0.0350061125791108 -0.00854067125327917 0.155693925640457 0.412065934251019
-0.013689630221071 0.0100784240016177 0.197786509967765 0.0468726110636323
0.0140602983666697 0.00404295117728893 0.0411471413602468 -0.189152855821917
-0.00641799492486292 -0.00827941220212807 -0.00580612696958834 0.146658004436742
-0.0197002288716146 -0.00836840151273844 -0.138263082425002 -0.0991427383378744
-0.00733298604097532 -0.0201367259168834 0.0263776658473546 -0.423398977904163
0.0318085758510302 -0.0215347344699654 0.529868329208341 -0.23890278162174
0.0275345611752868 0.0392640876642249 0.613658042346694 0.498840055149916
-0.0328620631390052 0.0112482829457467 -0.140949441395238 0.879456176800939
-0.00497232609900162 -0.0205278678687975 -0.47948232276606 0.363437833544398
0.00299107861917816 -0.0151623438555819 0.0708932426204868 0.0331772221420767
0.00031483566805247 0.00345371124764951 0.360565674345805 -0.518482462489969
0.0100730294011563 0.00149840688862804 -0.299742011413946 -0.797169956827392
0.0148931682670934 -0.0215548955059019 -0.801517966312647 -0.0862943863455816
-0.0148694158780099 -0.0382144435819846 -0.332827422064794 0.542582168756327
-0.0333904163097996 -0.00330384832996488 0.177677503733871 0.395561363587682
-0.00636023962253251 0.0145577870053003 0.197973569376979 0.0298049063956188
0.0195656732022739 0.00719985686986775 0.0427374248444666 -0.193676123378931
-0.00434584192113153 -0.00339473189099695 -0.00472585619540122 0.143976860479277
-0.0128582765950214 -0.0022887614642883 -0.139248654618622 -0.10299854802683
-0.00521830321838018 -0.0134781085918234 0.0343715890126019 -0.42111600525611
0.0297422057106986 -0.0174394609708879 0.534825364077402 -0.225467942433012
0.0331336537703551 0.045909111847316 0.600881674814966 0.518678538561543
-0.0303489528539171 0.0264831775784628 -0.163346634726457 0.881747752336097
-0.0220562293203692 0.00142042815322012 -0.482601313160199 0.355231344037265
-0.0177360524600013 0.00497220516710304 0.0782924642191609 0.0288029705194444
-0.00515243868355449 0.0249138836517003 0.355644082198824 -0.527247565683488
0.0191339519040823 0.0116478400923219 -0.316950147558189 -0.788071854535476
0.0207293624722407 -0.0192996577095023 -0.803611647563904 -0.0666799076090816
-0.01611058929593 -0.0342258758255344 -0.321626344272633 0.546721983588616
-0.0305744003276227 8.27875616392377E-05 0.183513057999016 0.390120480846147
0.00122283300804519 0.0177268639109907 0.196321439540207 0.0222146528973704
0.0221361442773507 0.0113671682345967 0.0458354836919288 -0.198333171896602
-0.0029402427902179 0.00183094389730948 -0.00414654823267738 0.142168257544506
-0.00647271516375976 0.00356094041903917 -0.142224662130156 -0.0996577084219007
-0.0043530588381371 -0.00739203247255441 0.0236781987124265 -0.41938321838014
0.028217212568181 -0.0134669313526267 0.526550428876421 -0.239101481259896
0.0411168503745714 0.0506817253840495 0.612616689754966 0.502588992614123
-0.026818885374328 0.042287561751672 -0.137340047429964 0.887196970733284
-0.040268941546686 0.0232727377117055 -0.474861058425579 0.366361198721592
-0.0398178364939918 0.0242206372464733 0.0750953993013479 0.0342232194768632
-0.0121494349747127 0.0460150600010389 0.365607560407609 -0.518500290698709
0.028048073902644 0.0218967773631285 -0.295668175794854 -0.797844622318902
0.0273585470216374 -0.0180384593591054 -0.802330074319441 -0.0894095355070901
-0.0143053596597907 -0.0319893195208398 -0.334838141635787 0.539192581313159
-0.0268704025614244 0.00213732572200615 0.174047636149317 0.392502016091013
0.00846160648673575 0.021011819248754 0.193425589605574 0.0234678779302531
0.0239819565961326 0.0159517489815581 0.046719686779898 -0.199516118452795
-0.0147054071541337 -0.00618723386206374 -0.0300374749823806 0.167813151233304
-0.0180361365702356 -0.00966671656392213 -0.157043568021614 -0.0136206000353181
-0.00889078372000639 -0.0253418315814133 -0.127748150283033 -0.395431853147893
0.0330744157327861 -0.0398208064051349 0.337618150251074 -0.441592034245779
0.0362329644930248 0.0117502740604806 0.739919559921141 0.11045771064943
-0.0326063252871086 0.00882699311452239 0.277823525950707 0.777597485680537
-0.0099778778643368 -0.0368937645879668 -0.338710200723875 0.523214242642397
0.0105391423348628 -0.03976494887226 -0.0361439511729241 0.11735791448477
0.00666855710666135 -0.0242357537067555 0.478655984736491 -0.313466363540913
-0.00103207746565862 -0.0145744503930172 0.146312821983398 -0.866206823861989
0.0199792073501718 -0.0194368161659672 -0.665555207387784 -0.519417193879678
0.0121501749322306 -0.0506284103583931 -0.581448582835807 0.32501022580868
-0.0233827843655527 -0.0230752461747268 -0.00444419547038054 0.455471008344692
-0.0135827129063266 0.0074022567787465 0.168532285471535 0.126660652774103
0.000247990504547217 0.00405715605292606 0.0371017430207792 -0.1665334673856
-0.0133994802431471 -0.00981446432830859 -0.0242268653774513 0.166703034461967
-0.0243636418007929 -0.0126009981177294 -0.150970984254136 -0.0293995386135209
-0.0101454720762198 -0.029733499701657 -0.0979313435060213 -0.408689901032047
0.0344193027539305 -0.0383695641701563 0.381878250213146 -0.412897738714217
0.0316583315829883 0.0146106496475115 0.731779152848447 0.186603673493722
-0.0363867547093245 0.0020454249774695 0.204552849338713 0.810026421241608
-0.00257745196092141 -0.0479879440323853 -0.373043877983601 0.497445769295997
0.0218964047697064 -0.0472740517434469 -0.0186783719497598 0.102542580612518
0.0121670410533324 -0.0325749905455597 0.464672375873591 -0.354342642660899
-0.00423320502738031 -0.0192666229148198 0.0602361468095145 -0.87217728472743
0.0154105792752802 -0.0227112941818487 -0.710280340763187 -0.44515157326073
0.00761619742187514 -0.0512797803515644 -0.543605910581969 0.374168666231552
-0.0268652876040364 -0.0232978693078436 0.0315915611446377 0.452165075943096
-0.0179687590240339 0.00474643396925218 0.178609464642732 0.11425833955586
0.0024043967506989 0.00195874009666088 0.0355134687919085 -0.171397568255816
-0.0149114534628204 -0.0138818904392068 -0.0190835355373472 0.158532512768373
-0.0302554641269194 -0.0121990395930642 -0.154642418087772 -0.0518408832537412
-0.0129851624742686 -0.0286658962339081 -0.0706815954262708 -0.414666243781981
0.0320565887776609 -0.0376056662666223 0.427008479243364 -0.369151228763705
0.0267974857689596 0.0187006583214518 0.712378581220348 0.274062652183221
-0.0388433417504521 -0.00272910622529381 0.114787302553676 0.839355587362013
0.0046680289637077 -0.052328426008247 -0.408819682689334 0.461131974331314
0.0283816342620444 -0.0489065058394955 0.00323041643932077 0.0831906413485358
0.0134772997721292 -0.0342093733241845 0.440207119670177 -0.399797927214782
-0.00499626105270878 -0.0188678346657761 -0.0432252545393326 -0.864197610085461
0.012098641726477 -0.0240330034774268 -0.750944610677796 -0.348660977167495
0.00170089796010956 -0.0507012614347715 -0.493117517826363 0.430651477610894
-0.0310680346432587 -0.0204960907044023 0.0755428796055878 0.444443791461185
-0.0182795865592831 0.00469856553816744 0.186286905767592 0.0952126769537881
0.00547197090990345 0.000445582378711242 0.0378006246798918 -0.176171641055939
-0.011728233586971 -0.0140499187221758 -0.0140609477366126 0.154553957519842
-0.0293843954169102 -0.0135123320657349 -0.147631315140682 -0.0712326968729684
-0.0115071487999966 -0.028651472882138 -0.0322325432660053 -0.420235993923596
0.0326349157360703 -0.033191538896528 0.473668381026019 -0.319410571771768
0.0253229243866066 0.0242565483890126 0.681922205337503 0.365602258049262
-0.0381493148296186 -0.00494201465658256 0.013529085906636 0.863899170275777
0.00854037685233329 -0.0495812091143412 -0.442545820031885 0.423864955454767
0.0280241251172668 -0.0436683963449437 0.0280048853457824 0.0632186704006473
0.00990386875994969 -0.0290856370690092 0.413251844457264 -0.446019553015949
-0.00370096527114581 -0.0147288866058244 -0.145020654265736 -0.848027529428608
0.0103282626820196 -0.0238107652371432 -0.780695402693477 -0.247529638642229
-0.00502577573987117 -0.0474998684270375 -0.435799179438883 0.480034077551174
-0.0333455372103738 -0.0153872399728892 0.117616891261886 0.42979860707589
-0.0168944469365982 0.00749000093979813 0.193563126036019 0.0717758072171972
0.0100311542484233 0.00142727456318787 0.0391465960519373 -0.183141164438893
-0.00964426514675164 -0.0119965965655746 -0.010977741521359 0.149583967686108
-0.0259607418366852 -0.012190146528793 -0.141585278191405 -0.0895357128226091
-0.00894112280158111 -0.024865335945316 0.00476977877192373 -0.422922244639073
0.0330052910969515 -0.0265578069432601 0.509324175546584 -0.26954896333475
0.024841773571234 0.0312939142106082 0.639951480759648 0.448881211501234
-0.0359839579055285 -0.000891154432535115 -0.0811876130731133 0.874176507855358
0.00702189122855335 -0.0387755122389851 -0.468364218015577 0.383303396437808
0.0192495513783122 -0.0318948820355584 0.052329257515674 0.0452847758088293
0.00545672298878746 -0.0162783954714435 0.384897432170125 -0.488528649860889
0.00154401867381556 -0.00786573093797556 -0.234072419588948 -0.819574274434191
0.0114017341139435 -0.0230793733014364 -0.795250443401476 -0.151855502306064
-0.0115504318649807 -0.0427638757122996 -0.375721179629674 0.518658415263558
-0.0349548347124786 -0.009416595889946 0.153316234510764 0.41137212881487
-0.0127061335409268 0.0107009867806229 0.197780716501065 0.048739045774648
0.0146258666653686 0.00347575379686297 0.0429292943123941 -0.18863226101247
-0.00657392492738791 -0.00818509076438896 -0.00776518684710417 0.145032833947574
-0.0194179864689007 -0.00806956922477556 -0.138922632682038 -0.100667842700764
-0.00711928841539378 -0.0193687552432107 0.0297984676131426 -0.422052297174536
0.031643936756734 -0.0212053699267052 0.531326751069162 -0.233697756790877
0.0280325772944343 0.0386282332255027 0.608393368113634 0.503880434469571
-0.0334171571015691 0.0101005411110524 -0.146859559086106 0.876934031462415
-0.00409662385217226 -0.0205293258673188 -0.481713960312144 0.357801949802104
0.00331956780404853 -0.0142469630504428 0.0692807613820608 0.0333219789510134
-6.59899687505908E-05 0.00277187634976439 0.365729271654298 -0.513114480891577
0.0089747836953977 0.0021097805359853 -0.291056560343309 -0.797426107611347
0.0145274532090433 -0.0215484210997628 -0.798684320814714 -0.092480327070173
-0.0149734095785914 -0.038086004206689 -0.337373577097713 0.539574636775772
-0.033250144505776 -0.00372838693082298 0.174237905672372 0.397852066491929
-0.00642823067068072 0.014058669667707 0.198583225148337 0.0317101025208279
0.0186737103248519 0.00703290217382273 0.0456835292061293 -0.192605242243406
-0.00504314905760478 -0.00265935546435149 -0.00718748901029199 0.142804626536223
-0.0133798911148151 -0.00237277389367872 -0.137914173421806 -0.10487616753049
-0.00577651217129696 -0.0122113102511771 0.0367656326903067 -0.419474478184146
0.0300628897376295 -0.0165017432757583 0.535566472272371 -0.219760975078513
0.0327914506688292 0.0458498441029108 0.5948566347697 0.522517089764745
-0.0306901382708551 0.0258728082191078 -0.16948264942176 0.878869464413978
-0.0224660705388114 0.000505991478966454 -0.484905938548575 0.348922615305262
-0.0180945016166079 0.00484423389101337 0.0768682958404076 0.0298013649501439
-0.00589503168801637 0.0243061050039058 0.359095851837251 -0.52205886779583
0.0186041463053089 0.0115025506408233 -0.308300453548295 -0.789342862173063
0.0202323423838119 -0.0198595777743866 -0.799867269897301 -0.0727532639282424
-0.0159599012863853 -0.0346446791633855 -0.324975342759455 0.54422624348489
-0.030171519627122 0.000287452711219067 0.180364656551148 0.390803873178273
0.0010369649745192 0.017219299055798 0.196258538245639 0.023510334714656
0.0218635795373589 0.0112558773774524 0.0477207579881334 -0.196748396990954
-0.00330803338591143 0.00171856787552448 -0.00676282074195283 0.140845452145614
-0.0060933440052023 0.00394983218539903 -0.142236173646094 -0.100699346846081
-0.00411876779780905 -0.00702329536143826 0.0274657473912076 -0.417782565544349
0.0277754620042232 -0.0136662485181019 0.526514830219284 -0.233510133427881
0.0404566358807683 0.0501171358569657 0.606492227959363 0.506993185830357
-0.027900292240043 0.042437995738817 -0.145227629324337 0.883268550498444
-0.0405869990795153 0.022982930644457 -0.476424933077829 0.359948343487841
-0.0396499267944522 0.0241878175380533 0.0743255805153384 0.0347347250720677
-0.0127175949357277 0.0458268463039184 0.36854593706972 -0.513245600644611
0.0282877664530701 0.0218664469045628 -0.289185137061473 -0.796745994282586
0.0273931198593816 -0.0175972486692762 -0.799725421042068 -0.0975740517313146
-0.0136742695159561 -0.0321457412214376 -0.339006201394063 0.535894191952266
-0.0261686884282136 0.00221422452161003 0.170467670628533 0.393048948576316
0.00840484006000419 0.0211462417351448 0.194025694590731 0.0251884175211666
0.0232149804917499 0.0156059380330884 0.048867468433817 -0.198123132766361
-0.0154193401390078 -0.00671846726518446 -0.0321640281895332 0.166148924695068
-0.0181586608930481 -0.00939549002639352 -0.15635594518267 -0.0160764671004207
-0.0088033190488287 -0.0248220141222352 -0.125848239316024 -0.398531533548153
0.0326520616321843 -0.0396447280332863 0.340850756450581 -0.43987087560752
0.0357129470254176 0.0115694792210706 0.738577469006905 0.117433515362614
-0.0322963455024588 0.00854461116792326 0.272081265554501 0.781498025171078
-0.00979564912088623 -0.0375942374261593 -0.345200927761865 0.520378189538578
0.0113199520125968 -0.0390395138482093 -0.0374102142853976 0.116498999304469
0.0065587111575412 -0.0254192391829494 0.482388769777199 -0.308840387270344
-0.00114120237477004 -0.0151592300712224 0.154810833030887 -0.864585475094104
0.0200520425623389 -0.0199733752727784 -0.661761125334714 -0.524610721243906
0.0125703592307472 -0.0509043046987007 -0.584444041469771 0.320111299904397
-0.0233585657320869 -0.0236242492620888 -0.00750716025195241 0.455155658294647
-0.0133596707623533 0.00720718896899854 0.167707305479367 0.129576111914568
-0.00050535545539448 0.00311974972752102 0.0390299374282399 -0.165452828070116
-0.0141200620479664 -0.0106357038248501 -0.0258121087079136 0.165810443095272
-0.0241201582146675 -0.0134937107317645 -0.150551070248525 -0.0318415857860009
-0.0104401161767053 -0.0294527570418378 -0.0959977798813618 -0.41082733902346
0.0346509638211501 -0.0386316317920865 0.38492759536964 -0.411058686799051
0.0311395826439825 0.0145304873347178 0.73095447826226 0.193167922165656
-0.0363937625254246 0.00141794311082437 0.197942535169133 0.81372959726795
-0.00231628243482028 -0.0484998354227568 -0.377400199337616 0.494067289722924
0.0225394167906604 -0.0468353216358426 -0.0196665796048997 0.101556157427996
0.0124078049940909 -0.0322292931550664 0.467925654902928 -0.3492761250311
-0.00430675783670605 -0.0191427894094261 0.0683032086312593 -0.870530966904259
0.0150213673646145 -0.022131162377261 -0.705590880905222 -0.452709976487942
0.00802433151608073 -0.0515173480197953 -0.548205064393095 0.370603956300835
-0.0264347090961925 -0.0235841091212257 0.0297908887358429 0.451161213294838
-0.0172856050766375 0.00417932109704586 0.17799600904126 0.115641073751311
0.00241779085993935 0.00160860926207026 0.0374371993052758 -0.170788409580634
-0.0149005150995111 -0.0135994105622417 -0.0213196656259868 0.157422156048543
-0.0301153128070366 -0.0119392670066522 -0.154532387839197 -0.0532884111054131
-0.0133998217422991 -0.0278688340134173 -0.0689586786658011 -0.415446623564411
0.0319359622580196 -0.0373471328655644 0.429644267098083 -0.36434976637917
0.0270776028326456 0.0180833414740036 0.711138853211238 0.280809256516467
-0.0390642790972466 -0.00358585689479635 0.108558289936408 0.840542955947165
0.00542384486118237 -0.0533995420812074 -0.415256925727227 0.457973592674246
0.0291716035264013 -0.0488720064813884 0.002341798978764 0.0826120187172488
0.0128466270386157 -0.0341531383229049 0.444727709307207 -0.395345132684346
-0.0052558768613757 -0.0187482384243862 -0.0340479555280334 -0.864740844935624
0.0118011832964006 -0.0238811764577397 -0.748684283071108 -0.356397920284342
0.00158562740904584 -0.0513589989824798 -0.495596345378071 0.427765354409603
-0.0304305338384474 -0.0209399241046522 0.0728389767656526 0.445301912487183
-0.018256459135223 0.00385289428264338 0.186596648556744 0.0972476383987463
0.00491531058530364 -4.43448628345429E-05 0.0403268046391326 -0.174761337092391
-0.0119951653010898 -0.0142611958928138 -0.0154952815000486 0.153691941975061
-0.0292146272707394 -0.0134099989254456 -0.147963875601778 -0.0727198152450987
-0.011717071787607 -0.0277129780709388 -0.0281731125532518 -0.421220406417734
0.0327519273216883 -0.0329368081724873 0.473755067636074 -0.317351620160727
0.0245742965155885 0.0233443115200427 0.678562785251411 0.373664704017436
-0.0387023461242401 -0.00480304819065757 0.00734563709244788 0.864008212166591
0.00914944890027742 -0.0497851850742847 -0.44781275997381 0.41977161843872
0.0288665729607012 -0.0437911395878677 0.0268128033581575 0.0633802019127651
0.0100861944765035 -0.0291755533411641 0.417193894692838 -0.443031539559198
-0.00394252094083931 -0.0148830487729253 -0.137777617118672 -0.848210667550806
0.0106021791946816 -0.0240366376241385 -0.777925615919585 -0.254390798546383
-0.00517082120348299 -0.0479373946762058 -0.439961925433842 0.474535209606257
-0.0335502569767115 -0.0154507671691668 0.113984817128048 0.430592807595952
-0.0165539857744948 0.00640702424011593 0.193312161205951 0.0733301674149726
0.00989058786855152 0.000727595027057003 0.041460229740457 -0.182212694705834
-0.00989789627417802 -0.0119437552202929 -0.0127274832638836 0.149038821278277
-0.025365167226103 -0.0119119075057373 -0.141717894422237 -0.0903669159238274
-0.00910718049044574 -0.024451901091827 0.00819704267747002 -0.422949705395359
0.0321238781890985 -0.0265309110112898 0.510953872135955 -0.265018173273442
0.02447303119783 0.0314846103023689 0.636087048313958 0.456835479326553
-0.0358714063932677 -0.000962884958093356 -0.0903977241618383 0.873839195731228
0.00739785449713717 -0.0390311049522117 -0.472706307720894 0.380468841047921
0.0201667516651666 -0.0317358792832127 0.0511313446079326 0.0450101317840724
0.00514834035640766 -0.0166786431318947 0.388281395000307 -0.481516386254863
0.000709980141530675 -0.00722720620146583 -0.227955886898716 -0.820737632205577
0.0113200938137317 -0.0228996375688845 -0.793898550884224 -0.161258804702172
-0.0114835326269331 -0.0429286779774062 -0.380203298659333 0.51648177660113
-0.034592362093354 -0.00864126800861797 0.149724290483205 0.414177949112848
-0.0125584181616071 0.0101257501313373 0.197442902166951 0.0508785263090793
0.0144523346747018 0.0038428084573739 0.0454109373600856 -0.187647644799845
-0.00696732434514446 -0.00772999056128188 -0.00972619196122527 0.1442664281604
-0.0192578451764183 -0.00776653959577198 -0.137965684785755 -0.101384935941704
-0.00702518485375868 -0.018317045910431 0.0322217448026317 -0.421530257119002
0.0312723607001413 -0.0206858344715592 0.53118060731586 -0.228697323202647
0.0280154064988363 0.0385470913283205 0.602566266112858 0.509260022900512
-0.0336796197699628 0.0102529868084147 -0.153734260738625 0.878677385538577
-0.00440900553448067 -0.0203856763963589 -0.486608580569472 0.353811349830607
0.00395453999397931 -0.0143054294739399 0.0682134622380987 0.0334536753651274
-0.000569563192515308 0.00314385412103545 0.370850225698887 -0.509356773819275
0.00824438396559912 0.00143918747762272 -0.283680696775081 -0.801178899910267
0.0147934384471981 -0.0212587048121446 -0.797565353407637 -0.101304961418478
-0.0147707766010747 -0.0381076229829376 -0.34220307550494 0.537165652625479
-0.0332598553979357 -0.0042186796741509 0.172069830225508 0.39949436443004
-0.00598754025681826 0.0138537344576742 0.19854603617931 0.0336988321862873
0.0181988021926403 0.00628356771631019 0.04729886721021 -0.193114065073839
-0.00586623805684613 -0.00290811865178327 -0.00914981392177751 0.14139505230698
-0.0124118438701954 -0.00269862100323023 -0.13851774014315 -0.105168143764224
-0.00514282491379501 -0.0117518967718623 0.0409268578110784 -0.419452320494784
0.0292756445414622 -0.0160758452345076 0.535549893324925 -0.216894637320757
0.0327390103019478 0.0454759263680941 0.590630563599167 0.528474134913825
-0.0313470368400963 0.0254841105603201 -0.175552010046709 0.877028627616411
-0.0229300017126352 0.000809592853802816 -0.488355591133321 0.346017442397785
-0.0172788854665772 0.00485530345603823 0.0761263190907705 0.0303314916231177
-0.0062542210609891 0.0249835368699423 0.364309486025736 -0.517385472267493
0.0188828983775879 0.012337347777241 -0.3009109640451 -0.791489955978482
0.0206153899484041 -0.0194844048217382 -0.798968712333784 -0.0793655289928225
-0.0161760085466912 -0.0356368551949041 -0.330475737324127 0.542682068553701
-0.0306259279741506 0.000101816317057008 0.177222391861799 0.393427256857074
0.00208822672713405 0.0166922998788862 0.196323205078686 0.0260645916902035
0.0210035767306941 0.0111607317376379 0.0506782526204992 -0.195883669292826
-0.0043922099926082 0.00238567524824306 -0.00785053848963317 0.139992373487962
-0.00610991087641659 0.00368513358026872 -0.14153724010338 -0.102698107482141
-0.00413292392018742 -0.00589106389812918 0.0307902512318108 -0.416827459497905
0.0279622404398815 -0.0130602617692665 0.528800289584326 -0.229480510907444
0.0402564514444725 0.0495400266921049 0.603427094810073 0.512080231067059
-0.0282948513536067 0.0424803423672079 -0.152063007720707 0.883209533087932
-0.0408760188516617 0.022453512899108 -0.480653945015583 0.356153973680129
-0.0394375230749659 0.0240717436362227 0.0736959881127583 0.0347849772392154
-0.0128683727515655 0.0453137903032382 0.374714801485634 -0.509372622746191
0.027695463745018 0.0224596415801514 -0.281059857472363 -0.80113735968056
0.0273729337558265 -0.0173318991240171 -0.799807294199676 -0.102876730798458
-0.0142286052497421 -0.0324335929849547 -0.344088379851522 0.533708118971228
-0.0264567658433347 0.00203413702760286 0.1674609413677 0.394756956234232
0.00883753673389376 0.0199004985949222 0.194257155580669 0.0274219822940349
0.0228105696383134 0.0157197566967166 0.0510787888459338 -0.197070296137431
-0.0158980579116847 -0.00678736399671503 -0.0336583451362241 0.16615937789274
-0.0189408811644944 -0.00946570867224035 -0.157666439265983 -0.017302466343023
-0.00863420758889269 -0.0252387232118103 -0.124799679652946 -0.400529438299298
0.0330177696926162 -0.0399034249347326 0.345050902737744 -0.439320077669486
0.0359270804876574 0.0116499145466234 0.741491533690397 0.122889695950155
-0.0326338305999637 0.00847568068343644 0.266316625977975 0.787229384803582
-0.00996977389891569 -0.0378602632313565 -0.351604415606662 0.519332577466438
0.0113745930687057 -0.0391039320701201 -0.0398169677806111 0.11591862112254
0.00580239599471436 -0.0242116224599368 0.48683606676599 -0.303690698899108
-0.000609661635745433 -0.015152316614208 0.163201201778023 -0.864310721591595
0.0201038090122452 -0.0198339455526009 -0.658469163010103 -0.532012704595782
0.0127798046851119 -0.0512013924167173 -0.587938310154715 0.316766364152589
-0.0231195813575498 -0.0234810375513594 -0.0114092706735606 0.457291872736851
-0.0130240890083847 0.00661353917799822 0.167924014655426 0.131967216057107
0.000161907769569531 0.00275627390364455 0.04072904523722 -0.165078637463328
-0.0142319818715758 -0.010419894322316 -0.027793089757297 0.164547930911631
-0.0247544318420001 -0.0139399220794979 -0.152274666228748 -0.0340635834919844
-0.0105112592267342 -0.028666468709434 -0.0960652824346376 -0.41147549233498
0.0344652748718013 -0.0386192963649313 0.38752070405149 -0.407356349974227
0.0313648847639572 0.0140024927924996 0.732184450061109 0.201209595915387
-0.0368930554115495 0.00164535233781847 0.192717668441913 0.819383872761211
-0.00171025821448358 -0.0482548536863688 -0.383130124142771 0.4914700489372
0.0229193078262745 -0.0466702657798615 -0.0219373973819113 0.101491001244648
0.0119071076578158 -0.0326867414949156 0.471620525288812 -0.34673294116198
-0.0039401235488706 -0.0196487317582799 0.0757772650917305 -0.873016254869863
0.0157438552380858 -0.0225351248310572 -0.703247804691786 -0.459735013875437
0.00839543924572179 -0.0522694682073124 -0.552942791203052 0.367324991869084
-0.0265223620411408 -0.0243403622446489 0.0256739867522544 0.453083000363882
-0.0171866072896287 0.00453489040482305 0.179140170347703 0.118557892075917
0.00222389304259989 0.000524336638528042 0.0397905878334977 -0.17053054562732
-0.0153371623831025 -0.0138661279183568 -0.0229127020746602 0.155983635210402
-0.029441440473699 -0.0119740229811176 -0.154996246067494 -0.0546359681138721
-0.0132494045856956 -0.0275707734687151 -0.0654679665702175 -0.413284765524264
0.0318371177436632 -0.0372411628797146 0.433642704148507 -0.362505540782174
0.0272064847566379 0.0182936024813326 0.710957782359225 0.288169702343266
-0.0392151896103474 -0.00376339726426432 0.102119639117265 0.845127400016063
0.0055833989002852 -0.0531999063248791 -0.420023269050844 0.455493987062433
0.0301660279424566 -0.0479202256028646 0.000625872315112037 0.0828353091561481
0.0129105956480913 -0.0343849660388196 0.449697905253758 -0.390850998671761
-0.00512713692192893 -0.0189730291663118 -0.0248964558811192 -0.867528880625985
0.0117784325324558 -0.0234100198361065 -0.746555038507781 -0.364377842576649
0.00254789308567779 -0.0507926433106745 -0.501847652529357 0.42355493603111
-0.0304102718655281 -0.0208767723303291 0.0698219833876078 0.446410813390758
-0.0182464418782042 0.00432555014931759 0.187155640381276 0.0997919332194153
0.00576135358426389 0.000185477731319065 0.042587665382092 -0.175124821199016
-0.0129888340255397 -0.0138170103190235 -0.0172238049865124 0.152644527633147
-0.0284663331388886 -0.012794411791528 -0.147484478130696 -0.0738302507067038
-0.0120807729034473 -0.026477286921931 -0.0259834697929134 -0.421754688276858
0.0328030366579447 -0.0323531953694759 0.478694095525405 -0.313862404150566
0.0247459028772246 0.0235922390763781 0.678431297024253 0.380074966817136
-0.0384068046456266 -0.00499176227361797 0.00131708919927263 0.868315271512003
0.00937092004830163 -0.0501063731894149 -0.451625402915836 0.417375984008743
0.029738738735501 -0.0435240068941679 0.0247615717418921 0.0636047262001295
0.0103212953335487 -0.0289203099852718 0.422236731410304 -0.436840144986944
-0.00383040439650575 -0.015135141174894 -0.129750628035287 -0.85158114463837
0.0106113859015447 -0.0236627838231575 -0.779763378546517 -0.263259405084397
-0.00394061209350549 -0.0483584109733261 -0.444799434636039 0.475123300664093
-0.0336430612406472 -0.0157199621488755 0.112010464254155 0.432194153786694
-0.0169764269792097 0.0062535906853171 0.193949118133517 0.076367792700258
0.009416878230928 0.000758390921247859 0.0438003106148764 -0.182701823650724
-0.0102198256997149 -0.0117094784991898 -0.0143658741991754 0.147798097373284
-0.0249421571278496 -0.012239458876685 -0.141901883226018 -0.0912148882502341
-0.00832492424539197 -0.0229443481377615 0.0113761309468462 -0.42286496522744
0.0323705497778138 -0.0266529586177138 0.516873749788841 -0.261737424968233
0.0249303092045829 0.0310728418861056 0.635928672719063 0.462582767592972
-0.0362698826322345 -0.00110343143861785 -0.0950826555138355 0.87498397726201
0.00734011581308152 -0.0385237190165313 -0.477585718673425 0.376357736606949
0.0208417195337557 -0.0315857413214041 0.049981399040073 0.0451531636619899
0.00518861402673394 -0.0161233353216812 0.395043868683854 -0.479488893239833
0.000220336010566667 -0.00785230653031022 -0.218961263710684 -0.825610471422948
0.0112991923814873 -0.0221897841119495 -0.794479818951202 -0.167835226921916
-0.0109147684839389 -0.0432832704251459 -0.386216024261509 0.513808547910912
-0.0344685138430379 -0.00947303874333909 0.147421023654545 0.414625395926646
-0.0126178340051857 0.00911828770356193 0.198541633061753 0.0534958047505728
0.0145714757876608 0.00328469421126947 0.0471625032470392 -0.187179627992457
-0.00802955144046698 -0.00756645758173429 -0.0117260253682383 0.143244606777029
-0.0200763514599115 -0.00837553501613197 -0.138438965813172 -0.103091765729497
-0.00645000385453718 -0.0171197809931958 0.0340643241615346 -0.421537417302021
0.0312671979110761 -0.0203691138864907 0.534441342646482 -0.226342571202335
0.0278344515939195 0.0387965164753506 0.601097084816831 0.515265028322708
-0.0332992216575043 0.00948030045066225 -0.160749864702883 0.877909957235017
-0.00464661394543925 -0.0208265356824013 -0.490842659430731 0.349868859289335
0.00383844938253696 -0.0146579800887317 0.0680298610074125 0.0342223962952704
-0.000227467522628944 0.00298929539370608 0.373497282366235 -0.506207586070453
0.00848877419763159 0.00242327297097866 -0.275686973234432 -0.804459838027817
0.0149693932440043 -0.0216860397047009 -0.801162298317169 -0.10777359414191
-0.0147142632363766 -0.0388656829615185 -0.348407743753787 0.536703291042239
-0.0334044102496373 -0.00401838519693141 0.170464184917462 0.399964259527042
-0.00605993140345238 0.0132784408576194 0.198665188762081 0.0363431215037329
0.0183306408700032 0.00615680161552907 0.0500398101044533 -0.192360586162772
-0.0058857287689923 -0.00265000756749464 -0.0112623551243853 0.140894884309968
-0.0124413635657488 -0.00257569996596873 -0.137943019442687 -0.106410964529379
-0.00484219706237852 -0.010716844568407 0.043190849638732 -0.417687689864702
0.0286263013268419 -0.0155875495470079 0.539247997897514 -0.21262223628064
0.0328690945306161 0.0458686773734975 0.588002137979464 0.53460680412546
-0.0326343798226015 0.0257405430517342 -0.181850290519475 0.880100474918935
-0.0229699902105899 -1.7776280823072E-05 -0.492155474582617 0.344049076553378
-0.0177152067218612 0.00458424943303768 0.0751448059243662 0.0312873595332365
-0.00702007202697747 0.0241549919244369 0.370088457778649 -0.515232435688444
0.0182035437835203 0.0120338181033028 -0.295136086204025 -0.796507695412161
0.0202203075642009 -0.0199144063190494 -0.800883686155853 -0.0864605936789503
-0.0151318430533181 -0.0351477583991739 -0.335091372249766 0.541318312204988
-0.030153065287 0.000106761618614124 0.17521215132635 0.394276347703052
0.00190145004662124 0.0168467856168479 0.19792170975038 0.0285943350538858
0.0214770563433831 0.0103754116791225 0.0527827338577487 -0.195340113240374
-0.00465752766260924 0.00259440127979424 -0.0109232143889114 0.139616547514133
-0.00551086779336766 0.00350065274997668 -0.141697240468648 -0.103948412048742
-0.00417051328949688 -0.005628345359189 0.0342144590055734 -0.417622272316774
0.0273709114317746 -0.0126969432059255 0.532040133873107 -0.226247808088901
0.0398983911311385 0.0499696018621256 0.59992997140658 0.517852861832738
-0.0288023613648479 0.0421540875343833 -0.159159476241246 0.88546111978644
-0.0414492600885096 0.0222749824860567 -0.485885473282861 0.353266090919041
-0.0397625782949217 0.0236631189687137 0.0730070743319344 0.0359776886097972
-0.0135831691154392 0.0454709734498167 0.379094647751183 -0.506471261504925
0.0271215865721684 0.0222980866615305 -0.273175158243101 -0.804788789912495
0.0273572985243885 -0.0169584592967846 -0.800791893497117 -0.109976315329699
-0.0140353499829708 -0.0326194425797589 -0.348967202185814 0.53236078111129
-0.0262666851195477 0.00153626731529771 0.165197253098199 0.395751645922214
0.00881563366197278 0.020405443088982 0.195147714355845 0.0295211978897087
0.0224601262321701 0.015598479756453 0.0542787319390139 -0.196623730389049
-0.0166209989141062 -0.00716152306901901 -0.0357176902356455 0.165536592576572
-0.019245526078475 -0.0096833210376556 -0.158475149583316 -0.0198483740974697
-0.00891510894814965 -0.0251340037625342 -0.124247360339703 -0.403831938829866
0.0331786671819602 -0.0406620291954459 0.349057723242345 -0.438688223019187
0.036258268955635 0.0114273002699555 0.745166463789573 0.131474194576937
-0.0335530517834658 0.0089828152844626 0.262681868026152 0.795393109761101
-0.00947073039001462 -0.0379172889910398 -0.357908140336056 0.5172376738949
0.0123134682479783 -0.0390181780324264 -0.0412919146864685 0.116284905230857
0.00612920828180816 -0.0245870427811136 0.493437086217277 -0.301440665155621
-0.00110579084551923 -0.0150861146463027 0.172277668491203 -0.868711534164017
0.0196339373484565 -0.0196509654309055 -0.657448615969018 -0.540942563136401
0.013459992812146 -0.0508329574478213 -0.594595913117698 0.314810169608197
-0.0231556366280053 -0.0235360257125385 -0.013576145843367 0.459173316340507
-0.0125176397275491 0.00617412868463558 0.168488646435388 0.13566750008033
0.000100892883486007 0.00276901209491692 0.0430869750467507 -0.165391421107288
-0.0139752354883697 -0.0110439649074919 -0.0290257061965182 0.164247556999348
-0.0247685111663568 -0.0141391071160684 -0.152574801121465 -0.035206637328682
-0.0107773473604915 -0.0285482692884525 -0.09523762409855 -0.414005286252434
0.0348397169113296 -0.038582146695247 0.393685752979959 -0.406929002208383
0.0318248020311267 0.0138668227077072 0.733569434477494 0.208278201318417
-0.0370426431161997 0.00148482497336684 0.188437084866421 0.826333789873409
-0.0015956386829244 -0.0488194115932625 -0.392178852186757 0.491088735454048
0.0236193615931586 -0.0466624526900872 -0.0234757059718227 0.101953619615305
0.0125475784206656 -0.0326548930927869 0.477756182563407 -0.343450313578604
-0.0032681355909492 -0.0192466524476429 0.0851118545806367 -0.879103665295464
0.0155420346248223 -0.0219729534211752 -0.703834757793665 -0.468870654746511
0.00921378959378147 -0.0522359765927372 -0.559482512646487 0.365388512678863
-0.0264155820388999 -0.0249381639730184 0.0227114478672592 0.455252936957452
-0.0164681456554861 0.00332313191763637 0.178799426057351 0.122596234380296
0.00210821612937162 0.000486114874723226 0.0417217657575423 -0.170403900306762
-0.0165850059940319 -0.0136233433130487 -0.0249131405090137 0.156304667272832
-0.0294614739418677 -0.0126046897014907 -0.156704028522107 -0.0565062410630382
-0.0132358536677385 -0.0264693771136888 -0.0642404754285255 -0.417579013897692
0.0320831063510372 -0.0374489720722852 0.438947829459568 -0.361604540048335
0.0269654362210295 0.0182917107042431 0.713562883194973 0.296051792604541
-0.0398612136130312 -0.00341375076827048 0.0969408472072126 0.85273152224478
0.00568064282268401 -0.0539744579810409 -0.425758111175066 0.454224763470209
0.0305412987496942 -0.0477391089483226 -0.000836640139177782 0.0833431190617288
0.0128657156433123 -0.0344189886140645 0.456109538063107 -0.390250843244307
-0.00452039294298549 -0.0190162546739517 -0.0182735550637583 -0.871773902585811
0.0118356101909778 -0.0235655519930039 -0.74813640664224 -0.371911867621858
0.00235210529851707 -0.051395074780063 -0.507921153243956 0.423939225158509
-0.0302194785594637 -0.021757302664698 0.067271399847025 0.448645735549612
-0.0177576311484019 0.00400382545896589 0.18764820507266 0.102191013137307
0.00519806184206565 -0.000261608670320183 0.0446529522512774 -0.174906501699852
-0.0132157624323253 -0.0138290102208415 -0.019645444583425 0.151879045651612
-0.0291889807070594 -0.0133799415230098 -0.148778314923957 -0.0751589541531387
-0.0121916193636878 -0.0264896456268728 -0.0242088651866456 -0.423348640284946
0.0324696215468453 -0.0321479736388873 0.482984198003832 -0.31121415466619
0.0248175834108097 0.0237670434671219 0.678408325202903 0.387127433656143
-0.0383347167901635 -0.00521439918219169 -0.00407338987659882 0.872333651840984
0.0100088810186605 -0.0498509757297179 -0.458986251284947 0.415037868750239
0.0297394926270612 -0.0428342026352052 0.0243027955420117 0.0641407179353371
0.00987199687142008 -0.0293825110756302 0.42753866870842 -0.438000244556334
-0.0041292908631947 -0.0151782703093299 -0.121683766378261 -0.855069946907071
0.0102968445990507 -0.0236346378763715 -0.779542489458595 -0.269385908023908
-0.00477111048773114 -0.0492039200831453 -0.451627997628271 0.474657554097768
-0.0329369094535654 -0.0161170856319684 0.109976087125216 0.435890127482383
-0.0161009742621826 0.00529025355734622 0.194603708770594 0.0785325447400589
0.00970669286565144 0.000227785772376564 0.0465446391473231 -0.182321653953911
-0.0111237801863408 -0.0118788302572941 -0.0164446371565428 0.146909965708649
-0.0250728678816214 -0.0120037610222835 -0.1427160840636 -0.0935795041074018
-0.00901946325109804 -0.0222796968113731 0.0129598992003789 -0.424972685892167
0.0320544672650307 -0.0265699131392899 0.519875758994732 -0.257919448937984
0.0248511995075196 0.0310912505840609 0.636232871513691 0.471024357847445
-0.0361811908728469 -0.00149514332042148 -0.10163476281809 0.880908054535336
0.00796527949047469 -0.0395083994485394 -0.483843115357201 0.373343654940052
0.0213581905593122 -0.0319938029626075 0.0493963445771456 0.0457935166448185
0.00503536026456563 -0.0164423391515885 0.401437290988686 -0.478787024587696
0.000594939284288824 -0.00748296694753197 -0.215295854109955 -0.831111817066612
0.0112005730474208 -0.0223222141033653 -0.797340574818148 -0.176856166432323
-0.0103800427317636 -0.0438711767422178 -0.392557599374542 0.514490236932876
-0.03485833133076 -0.00949889918306861 0.147309661032121 0.418505895457438
-0.0123463384657826 0.0092017340771719 0.199526814031137 0.0549193401245046
0.013834777516708 0.00237747334552251 0.0503833329873274 -0.187350786812607
-0.00821918612703008 -0.00724969612438693 -0.0139042337595805 0.143379376852915
-0.0190591652583846 -0.00815009732326841 -0.138809978314538 -0.104316402547713
-0.00621398014020315 -0.0166217224855276 0.0361083754370346 -0.422686478098637
0.0314750392635544 -0.0202625776138106 0.538551103846804 -0.22241669941482
0.0276626005376735 0.038637387196683 0.60293541281316 0.52398203109895
-0.0342926467783708 0.00988922830699921 -0.167474095385532 0.8836176728489
-0.00477693153596095 -0.0215252907817047 -0.497275812812638 0.348019600954335
0.00407683395546446 -0.014471752503728 0.0677864508915522 0.034938349413689
-0.000556801163184273 0.00340290867840565 0.382715122153706 -0.505659246008717
0.00831707526878068 0.00278158044317309 -0.26985754807007 -0.811232395704341
0.0148164592883941 -0.0206638315294444 -0.803486643961279 -0.115054251129211
-0.0144901688613274 -0.0385395254000283 -0.353355902125008 0.538322474441481
-0.0330718461290098 -0.00387510084637728 0.168278466066034 0.404062311345407
-0.00485527641523468 0.0131856052475693 0.200669132453607 0.0384384797210469
0.0183072668467583 0.00600997459831947 0.0526657211694826 -0.192884761361053
-0.00674321681762676 -0.00204932829514177 -0.0128694113361978 0.140667028348241
-0.0120992624860911 -0.00293856122359148 -0.139082267804546 -0.108220447741098
-0.00483892931535867 -0.010618179268167 0.045380204039404 -0.419910754045524
0.0285559174193577 -0.0150192145754904 0.543255858654415 -0.208912801465364
0.0319531685182548 0.046164037613213 0.588260925881569 0.540870702604548
-0.032564783798651 0.0257587397106367 -0.190664566628063 0.884055016104327
-0.0235076298995859 0.000197034103915087 -0.498209634736151 0.340326025059501
-0.0171827045881093 0.00496597350088995 0.0752420530897145 0.0317330481247019
-0.00758651498007363 0.0242461307764436 0.375199763872899 -0.513704274425227
0.0183263088912487 0.0124389529550746 -0.289286322507759 -0.803629775222988
0.0204773680597252 -0.0190968134702184 -0.804999145793646 -0.0933969091792227
-0.0160918516259373 -0.0347519826032269 -0.341338947957865 0.540932164905322
-0.0303291537087957 -0.000733409830339075 0.173478083044348 0.396140029755242
0.00181505464767565 0.0164132902788417 0.19930100765915 0.0302015926783738
0.0206659621595253 0.0101422623641786 0.0547789824574578 -0.195793360976085
-0.00559302858357073 0.002717750463845 -0.012665399546568 0.139665210996713
-0.00565575648237089 0.0044219678305014 -0.142211550979442 -0.104516935438178
-0.00338516199397113 -0.0044960900794189 0.035386051216205 -0.418844045974217
0.0270261747566577 -0.0122348452684801 0.535574393965121 -0.223513548717982
0.0396903256318561 0.0498297619387114 0.598770655151056 0.525395593595435
-0.0292546860977757 0.0425584306298324 -0.165357607050586 0.889707610451541
-0.0418942295956965 0.0221422716092819 -0.491147373010778 0.351652932517707
-0.039804412590472 0.0237419275639391 0.0718041605932838 0.0363932104269605
-0.014604197729248 0.045556730098464 0.385880601223123 -0.505577775452966
0.0268538402517737 0.022639654062869 -0.268611270175437 -0.811127946280424
0.0272904567072126 -0.0165376398956617 -0.804839876358804 -0.116889177994855
-0.0142239930120862 -0.0325829489892289 -0.355831374694984 0.533221262767499
-0.0261814135249444 0.00133529544383556 0.164974171544441 0.400216424694619
0.00862479075173254 0.019642031133137 0.196529775749296 0.0320910177612177
0.02207332863916 0.0152214330244193 0.0562423217298396 -0.197765481488925
-0.017056848746863 -0.00730617663502253 -0.0374735071175976 0.165974678465888
-0.0193291415302171 -0.0102444157954874 -0.160164878909803 -0.0215592561141354
-0.00962858841445449 -0.0244580121750388 -0.123942865995642 -0.406026880971511
0.0332575668156714 -0.0405528953830127 0.354220270241429 -0.438897577696561
0.0368655053330185 0.0113606036042754 0.749503183770999 0.136327375838508
-0.0340400145327204 0.00873079818192334 0.260602207372598 0.803610342145283
-0.00954264943661383 -0.0385516993477024 -0.365609112152275 0.519480907167638
0.0129037066272537 -0.0390743717566934 -0.0430100685796711 0.116574339508803
0.00620297636564472 -0.024858400004028 0.499461704976232 -0.298133742825223
-0.00128638597341463 -0.0149529974416727 0.181282236387806 -0.872238061862589
0.0203713826115625 -0.0190834000704115 -0.658456280659796 -0.551977326630997
0.0140224863726032 -0.0514622554129374 -0.601436865213151 0.3133877630673
-0.0232674145658533 -0.0237282959662097 -0.0148220280993045 0.461135827111634
-0.0129968884951895 0.00570257690101952 0.169053929599144 0.138456418230881
-0.000346536023173362 0.00134785684144208 0.0452552643295668 -0.165017603955904
-0.0150337320522275 -0.0105109154642888 -0.0309775553490895 0.164673127504546
-0.025646294985867 -0.0140165981242185 -0.153758108844356 -0.0374858434928929
-0.0106045280820481 -0.0280765388888179 -0.0943318281975715 -0.419359904933993
0.0345105843930286 -0.0390637927710335 0.399190811636592 -0.407659323181721
0.0320025874512104 0.0135611169310882 0.740208355226461 0.215173296169722
-0.0375463641149244 0.00102625873271799 0.184950627737248 0.834873509671278
-0.00157041752893279 -0.0491066148198889 -0.397637427958546 0.493246280940645
0.0239165376949744 -0.0458557868122825 -0.0247840084237982 0.101674006873261
0.0124305397527977 -0.0322601403058362 0.483759306586558 -0.341449328861808
-0.00413473361027929 -0.0193645411771197 0.0945537971490453 -0.88273441622352
0.0153379649601088 -0.0219269714292384 -0.705852569489147 -0.478028504522956
0.0086159146394012 -0.052624005290624 -0.566492752698099 0.365600104027789
-0.0265106158565851 -0.0248796747647516 0.0211483094589882 0.459922571739261
-0.0169717675472147 0.00308628002432619 0.180257343371492 0.125034205351852
0.00190142128055795 0.00060928202787424 0.0440203739027573 -0.171343828552312
-0.0170010275594042 -0.0141833442370902 -0.0270378653055246 0.156206907294209
-0.0296457997405261 -0.0120064980474825 -0.158086275860628 -0.0576380235562203
-0.0136735629528029 -0.0262836528326684 -0.0634128358924091 -0.419407364713673
0.0315200607834216 -0.037307018700183 0.443593176087581 -0.360834841896491
0.0281870999754059 0.0177367016848706 0.717817294604966 0.302126949419607
-0.0398526180787739 -0.00425667063702771 0.093083055114977 0.862080826502736
0.00610247305794973 -0.054346721133669 -0.433006878403639 0.455302582936786
0.0317226594747013 -0.0479003030058246 -0.00213041286938123 0.0842221744212999
0.0131879621674069 -0.0355666261806449 0.46255179911147 -0.388480391751403
-0.00554218161588424 -0.0193928673362326 -0.0105267453426001 -0.879128999143117
0.0118478689665778 -0.0234615954040508 -0.751276381681228 -0.379317064507166
0.00258968585533103 -0.0511198266278898 -0.514590197222874 0.423255493897032
-0.0308350371366886 -0.0220262718036905 0.0660163500001518 0.45303709918537
-0.0178682347889551 0.00287437381680258 0.189223643684953 0.105116231891504
0.00461494043148177 -0.00100918669742209 0.0466640539134244 -0.175561772330972
-0.0140684729161776 -0.0137530754664717 -0.0216162168201428 0.151492168162859
-0.0289440995297606 -0.0131638761577217 -0.150570853147943 -0.0774943953952178
-0.0117814889586262 -0.0258152296264972 -0.0232093979959158 -0.426230597533168
0.0327397672532632 -0.0322106818381524 0.489127417347351 -0.310757083363912
0.025191177214394 0.0238380910846415 0.682132365840092 0.394413673024062
-0.0392716336098018 -0.00560566931934875 -0.00991839014440692 0.880287897505694
0.0102901968681683 -0.050672634728936 -0.467191278932534 0.415325078004108
0.0309724926388697 -0.0431867286875972 0.0234273756723933 0.0649832902727265
0.00990516873637149 -0.0289668493804546 0.435090823227541 -0.436735687239901
-0.00428974791838829 -0.0151289748827947 -0.115649527381467 -0.865379712519482
0.0103190629169364 -0.0236269316707461 -0.784183013453828 -0.277725247877286
-0.00506102611189052 -0.0489256082902703 -0.459587706051758 0.475644197878634
-0.0339174955225668 -0.0164465101071839 0.108608939152321 0.440249046346429
-0.0166743064349696 0.00546862343202525 0.196898949047623 0.0812119969674149
0.00978506769701641 0.000161321751139663 0.0486549301307101 -0.184024594611573
-0.011342297974451 -0.011590816853076 -0.0187791468504201 0.147136510128618
-0.0252782568371192 -0.0124822760693001 -0.14467075701121 -0.095213174303228
-0.00865847437687768 -0.0220397546763102 0.0155724733884081 -0.42715070675365
0.0319798070742703 -0.0256727227303404 0.524372426845177 -0.256880579811821
0.0243442051224067 0.0309908790417526 0.637860314434938 0.479993124237891
-0.0367521425065185 -0.00120867659363719 -0.108654717564195 0.886336209434579
0.00733194170681903 -0.0394493005112186 -0.490638605525005 0.375419448350588
0.021876036654923 -0.0315594686182826 0.0491367206588779 0.0469073865724774
0.0052090044909417 -0.0168401614135264 0.407913110259267 -0.478840106981953
0.00043086772037431 -0.00797949984302204 -0.208934691983145 -0.839781434723678
0.0118599111023247 -0.0227604083118045 -0.802963351421789 -0.183090026210349
-0.0106649293872478 -0.0441047709593403 -0.398874931380938 0.518056406243507
-0.0346028181136768 -0.00966818288842361 0.14533297337344 0.422243981150767
-0.0121710194218919 0.00877620943970152 0.201429322520829 0.0582833551778363
0.0139614742887598 0.00262636635000834 0.052355065379243 -0.188823729115363
-0.00914113267427957 -0.00758329117966082 -0.0158683176047472 0.142928833001584
-0.0184299003026998 -0.00841511280801598 -0.13994770288302 -0.106532875974182
-0.00679825696952319 -0.0160809637926237 0.0395163461404936 -0.425243353286255
0.0306289137870802 -0.0196498624547791 0.545943162586549 -0.220212642437281
0.0271161464793244 0.038783505131706 0.602596098421346 0.531712080842753
-0.034527552679521 0.0101201008062016 -0.174680884145778 0.889513215966168
-0.00457688392741251 -0.0212828554850386 -0.502886087442947 0.347688933223328
0.00466242486660641 -0.0146416976683854 0.0664725980788094 0.0359801334979693
-0.000987475872150671 0.00254215343877795 0.387126267277953 -0.505124363699626
0.00837960768056114 0.00251163618342663 -0.265883613511595 -0.818979284358176
0.0153680247623612 -0.0210750098414399 -0.808251171444168 -0.122101865783086
-0.0143446752729785 -0.0398026217830952 -0.360689391658146 0.539838635784648
-0.033742103411152 -0.00433653189488486 0.168093725742239 0.408026270068049
-0.00579436589716469 0.0125723245111207 0.202716759434674 0.0410105534483367
0.0178320679963767 0.00641128301231337 0.0547530417903844 -0.19330693989765
-0.0068148024150043 -0.00225254984937687 -0.0148866897542199 0.140450415089628
-0.012056344967253 -0.00234457344610044 -0.140181821485683 -0.110302993801205
-0.00457268727147031 -0.00944519344433042 0.047651644492828 -0.422217446153455
0.0287094726923172 -0.0149663149584605 0.550048132757159 -0.206852098369201
0.0322349155552788 0.0458550666709054 0.588908503516128 0.550692308625377
-0.0329649487348424 0.0255314477875559 -0.19674121816306 0.890645250134667
-0.0233341783878883 0.000348925359842626 -0.505388597579312 0.340084181605861
-0.0171984154654709 0.00456342685966347 0.074091758064459 0.0323640281745716
-0.00751319892541735 0.0255650051822345 0.383800551977676 -0.513629819231666
0.0182803139919903 0.012758486430183 -0.285324846447357 -0.811381761867428
0.020951890388467 -0.0193518443261997 -0.811265232566585 -0.100491450084825
-0.0148990524051396 -0.0359346625286012 -0.347355084611618 0.545075655704365
-0.0303844404196384 -0.000641228606958047 0.17326102890265 0.400448073907156
0.00294818184952551 0.0160904900504045 0.201702497013324 0.0318681468678911
0.0206561588840354 0.0103824473547143 0.0574472060594816 -0.197334487633009
-0.00585852656852503 0.00326998602027126 -0.0142552379638676 0.13932819254478
-0.00602427612469927 0.00446207118487281 -0.143527032531325 -0.106555143797397
-0.00323589416852452 -0.00410836139260668 0.0382599166911839 -0.42117937624108
0.0277820677911985 -0.0113795039849885 0.541171019751828 -0.220921910620625
0.0399126067498664 0.0502030824360165 0.602279572891523 0.534609247616608
-0.030507325234257 0.0418106463710433 -0.173306503823269 0.897649368487259
-0.0424164957374966 0.0221006136378311 -0.497752482061807 0.350916893426536
-0.0405998002554794 0.023431499034714 0.0719296627305639 0.0379008839611025
-0.0153955686625871 0.0461039784384841 0.392822480723415 -0.505176696802768
0.0268886606864777 0.0231662586719358 -0.263380637512799 -0.81966649613725
0.027783015379958 -0.0167840661514015 -0.811128229750454 -0.123923927233201
-0.014238208352779 -0.0335707607544404 -0.362364400687656 0.535555868047396
-0.0262416128152746 0.00131814604876191 0.162745786009169 0.403179945557385
0.00914601117096511 0.019349339330857 0.198351802057866 0.0335856543279287
0.0216583924992898 0.0155539942394737 0.0593767984489833 -0.198631060927752
-0.017851992695547 -0.00802836238629661 -0.0387071124879085 0.165835547184097
-0.0202118006379831 -0.0103484536671099 -0.162188803717868 -0.0233824907449162
-0.00902851651503801 -0.0239800578479068 -0.124784008962067 -0.41164295158114
0.0335686267798736 -0.0407404737294379 0.358550545143205 -0.443496784846653
0.0371410872604541 0.010918252444112 0.75862522368867 0.140528947582406
-0.0344017613028053 0.0090264207357883 0.259763669897515 0.813443655545839
-0.00954857575709016 -0.0389447974622276 -0.371624720131993 0.523316623190474
0.0128540495175506 -0.0393176139637544 -0.0444750436085313 0.117061789461605
0.00613863411311396 -0.0253025170206286 0.50586315422582 -0.297809357204233
-0.00113579039088758 -0.0155994823798956 0.188684892562809 -0.88233976031857
0.0203017881563826 -0.0194349376488822 -0.661650141114931 -0.559903245517606
0.0138233834067365 -0.0517433267723746 -0.609230622548159 0.314524006470847
-0.02308064209291 -0.0243457064293159 -0.0174268769236798 0.467014564180773
-0.0121919025924912 0.0049555044030484 0.170510922364156 0.142161799653985
-0.000996516841471423 0.00147866309651519 0.0467694448673776 -0.165966675718182
-0.0155669088463141 -0.0115377948623493 -0.032975895493094 0.164572750428034
-0.0254716089456252 -0.0136959308024595 -0.155935995374614 -0.0391569208159915
-0.0114414886997852 -0.0274010898980143 -0.0932162127063621 -0.42303506433904
0.0348787499054322 -0.0398295671555146 0.403336512454767 -0.410964826316482
0.0327857076559146 0.0135623102324674 0.746537978625685 0.220039528627752
-0.0379032630371718 0.00098787934298513 0.183957578312252 0.846543148732761
-0.00110797510595674 -0.0497680644545761 -0.405197114380159 0.49482599591899
0.0253949634929394 -0.0464519416782514 -0.0266380164995229 0.10248539825868
0.0122787486379284 -0.033156490356184 0.490989455683757 -0.341053152507562
-0.00502403445343598 -0.0198819247311344 0.100910679697906 -0.892283702301072
0.0158716946278222 -0.0220616458120475 -0.710110637600116 -0.486257758701363
0.0100020287742903 -0.0534496544175443 -0.573052699338454 0.366140835462029
-0.025818860860363 -0.0251350653027236 0.0201303485161111 0.463199429451511
-0.0169362571417832 0.00279997062254394 0.182279969002861 0.127718524784848
0.00214781707181347 0.000754658923346647 0.0465139275481854 -0.171770911553998
-0.0178883597383657 -0.0137572095364823 -0.0292388010452802 0.156312249053688
-0.0298043061263177 -0.012360289847178 -0.159840730317799 -0.0582988874485536
-0.0133676846665897 -0.0255378696315324 -0.0619029930316495 -0.423488729605321
0.0314119849493069 -0.0376068594215594 0.450402028888673 -0.362178186775235
0.0276005288254918 0.0175155882262733 0.72248693474854 0.308882801681575
-0.0400220304565756 -0.00420917137970315 0.088803618353753 0.871420186748459
0.00673239442719109 -0.0541146405940222 -0.44083478599701 0.456595092476636
0.0318117038465683 -0.0477084396388254 -0.00296480327057817 0.0841084190842669
0.0132641019818032 -0.0352251197059575 0.469554191381856 -0.389256926883054
-0.00529968125060299 -0.0195089441796476 -0.00480154368804182 -0.887761002660474
0.0121818632665511 -0.023691408690305 -0.756572970058884 -0.387533443772641
0.00287137852114171 -0.0525348699777362 -0.521242402339702 0.425876816167779
-0.0311506995946 -0.0214810149504967 0.0659509595244952 0.457889700887212
-0.017379137556173 0.00257676627683774 0.19127361687524 0.10801673846195
0.0048979022698609 -0.000751941042519029 0.0490916128399098 -0.176976533404504
-0.0143028128447278 -0.0140244340197371 -0.0242266359772495 0.152049322106255
-0.029349727200642 -0.0133750787488911 -0.152387574771566 -0.0789394120723139
-0.0112165626082051 -0.0252946120818529 -0.0227307169550534 -0.428764379670816
0.0324315861920146 -0.0326138851879663 0.494607459953028 -0.310326462652047
0.025212429223578 0.0236595399031135 0.687331034357768 0.40172468616734
-0.0393439959541586 -0.00608680590267058 -0.014067013089056 0.890546128776309
0.0108304433693201 -0.0510647624702949 -0.474840410291441 0.415931335402291
0.0316956688761462 -0.0429562930130964 0.0218672008115316 0.065401134531585
0.0105263753039027 -0.0297477269024734 0.442312054971466 -0.438000687798596
-0.00430663740014761 -0.0157073097458428 -0.112179957785344 -0.874383646128642
0.0108354364133451 -0.0233824586795058 -0.790587236909789 -0.284927594638032
-0.00445825101353199 -0.0492782532307903 -0.465578285315272 0.47854505227077
-0.0335821389279583 -0.0167377914098591 0.108090937596316 0.444446445109773
-0.0162010367921678 0.0050829345031273 0.198966903750233 0.0836019909961941
0.00956827522159123 -6.14551931791491E-05 0.0507465614721826 -0.184432007711271
-0.0113341395787734 -0.0113915566192083 -0.0200672206620551 0.146740058621949
-0.0255797618123348 -0.0125783693352577 -0.145866349531715 -0.0965007406852919
-0.00884612444638562 -0.0212694966808291 0.0166673632941588 -0.431645069127137
0.032729086967911 -0.0260343467804657 0.530845318897181 -0.256403264260209
0.0245099209524731 0.0308755714663796 0.641154793184511 0.486656805699824
-0.037262234510367 -0.00213336184759384 -0.112149061014616 0.896512972910515
0.00792539943348546 -0.0399588681315808 -0.49785535418952 0.373369069795426
0.0226535622053824 -0.0313901589426207 0.0480268562326109 0.0474040137132982
0.00469423118132979 -0.0171670720362975 0.415360338006711 -0.481528268988141
0.000278675715933492 -0.00760458002494055 -0.204137717987976 -0.852018119360031
0.011973750607743 -0.0228978534327718 -0.810691073062678 -0.188862286918204
-0.01041666236841 -0.0444391566231284 -0.406584714454089 0.520178073542285
-0.035165367817773 -0.0101985752972162 0.146584255416898 0.427430425766209
-0.0112157377495934 0.00845132144029308 0.203569436810046 0.0600745494933452
0.0140642509664806 0.00264479940722608 0.0542725281648002 -0.190070469614013
-0.00912632004824472 -0.00734659502896593 -0.0172754688867469 0.143632610171245
-0.0190721886580378 -0.00830136500270042 -0.141550653508724 -0.108151613606425
-0.00586623828607122 -0.015665784829237 0.0425276236091095 -0.427368705857671
0.0309694197820787 -0.0198687750699132 0.550779504773276 -0.221072133876073
0.0274199052962188 0.0391364327160429 0.605246005534679 0.540283376102677
-0.0351728181414938 0.00991808191793566 -0.179474270646817 0.897544539965033
-0.00471100574380459 -0.0216276143314166 -0.510673475932295 0.347941288114924
0.00530777328275421 -0.0145565470721121 0.0657139274975083 0.0361898716692568
-0.00121794468290464 0.00273649323102581 0.39503994527467 -0.508530432342714
0.00860848374719244 0.00233352317839747 -0.265057249486647 -0.829558421554686
0.0153550938794033 -0.0213623407105263 -0.816493093863772 -0.128796539681034
-0.0143958741392846 -0.039661454738642 -0.366463427635461 0.544571561215126
-0.0340648299256634 -0.00447914563284854 0.167706748077759 0.411915949731483
-0.00560848874151146 0.0123044134260871 0.205098759958783 0.0428543425715157
0.0181591191706153 0.00565406740467802 0.0566693888395515 -0.195459559819147
-0.00782852682838624 -0.00206163639914925 -0.0172275650278691 0.14043814378073
-0.011928300236898 -0.00252015985408612 -0.141480787437803 -0.11121744973293
-0.00431324657459774 -0.00910352091615613 0.0506421483669266 -0.425397445760271
0.0288068227947203 -0.0141769223952308 0.556129999918807 -0.206166502531188
0.0324600154003526 0.0461022291981196 0.591050642322483 0.559393096059072
-0.0334165335600511 0.0261881916910787 -0.20145644745803 0.898679418146596
-0.0235852217831816 -8.46658452527353E-05 -0.512625374564115 0.341904327269622
-0.0173080544331134 0.00483622168485306 0.0746932069688811 0.0336648441580021
-0.00814695090204195 0.0249204600629568 0.38853725022379 -0.516915777821988
0.0180210687212863 0.0127057967725928 -0.282786817890201 -0.820956395291741
0.0205415311331558 -0.0189632312095542 -0.819075000197102 -0.104142785742443
-0.0153035240986798 -0.0362567340586497 -0.35386573799081 0.549016006213843
-0.0306437462483395 -0.000828996438572644 0.173604613640552 0.405292623584181
0.00214828871893217 0.0160304369475268 0.204167326245754 0.0343349623179268
0.0202679711944343 0.0105713803979212 0.0595375589548417 -0.198549328264526
-0.00617538492828741 0.0031588826951683 -0.0160544805920012 0.139647365095167
-0.00597592250942975 0.00471722885521328 -0.144710484455952 -0.108243652527614
-0.00262722976450733 -0.00280865590708436 0.0394686161226845 -0.423967578534838
0.0272454268670129 -0.0116151396322653 0.548199063049703 -0.221262401910558
0.0400382918598785 0.0504842377755072 0.603996087217897 0.542836433262869
-0.030912949941899 0.0430712008856432 -0.177189191838365 0.904935734301396
-0.0431419180430159 0.0223810636064086 -0.504799957618635 0.351759301255517
-0.0407054708083049 0.023445105359119 0.0711553096969168 0.0380302078262043
-0.0161989462123511 0.0457229183872323 0.398415447609561 -0.507604039365374
0.0268848842786148 0.0238856229032955 -0.260589429748521 -0.827809122925706
0.028152751073398 -0.0163329839940454 -0.817461720469616 -0.129434822709459
-0.0142905140994384 -0.0335958040505277 -0.36794963773658 0.539545865256374
-0.0267116390833175 0.000679492732581275 0.164915931433521 0.407301746044642
0.00953216026734878 0.0193408844727183 0.200373988268745 0.0361642586461629
0.0217790311100198 0.0155414244328836 0.0607337344418087 -0.200028761979037
-0.0182884057258694 -0.00744478877477658 -0.0398520402173061 0.166401641680588
-0.0207055536558779 -0.00999574368947473 -0.16442960167242 -0.0242046324168766
-0.00962150974011697 -0.0236632342449467 -0.126563342541897 -0.414712246877402
0.0331710565009305 -0.0419006667881072 0.36366781937295 -0.445286439302865
0.0378794181524353 0.0102046173690502 0.76606485966494 0.145909324652621
-0.035093238195921 0.00931970560388267 0.261470942579679 0.824994550475547
-0.00995286213639401 -0.0398571325948465 -0.378766257424475 0.527035587206442
0.0133067356676535 -0.0396417317385046 -0.0464122560390819 0.118386349134335
0.00542612833262034 -0.0252413310317086 0.513377420849058 -0.298235775018237
-0.00205799440913328 -0.0158382220753127 0.19607628219374 -0.889443604615433
0.0200670933874962 -0.019514741322282 -0.667221694772786 -0.569517479614547
0.0141302522684735 -0.0528235579695765 -0.616579114104704 0.314799754840582
-0.023598722449829 -0.0248977273098549 -0.0193890531667173 0.47194495349508
-0.0126553039899058 0.00446027623103084 0.173636578498098 0.145140583113508
-0.0013387785899255 0.00173083052868095 0.048978822434054 -0.167529232634087
-0.0164814732302887 -0.0117637258623942 -0.0340011346116737 0.165374458392895
-0.0264102738553034 -0.0142015411416114 -0.158987318484838 -0.0402287147460001
-0.0108882348618915 -0.0271058456218226 -0.0951622291391413 -0.426674771544006
0.0349048236818629 -0.0402491840432081 0.409666314527321 -0.41331515502652
0.0322172074478766 0.0133500329712696 0.755908543959118 0.223526776480143
-0.0389520276713025 0.00168978987600804 0.184649383568987 0.856640775237258
-0.00150212387087621 -0.0502936811519477 -0.411423731766084 0.499035803115563
0.0261097039664199 -0.0469521712122907 -0.0281134226346983 0.103488632416971
0.0121341374228322 -0.0337016899352758 0.499919748081214 -0.342200239268847
-0.00416343557114186 -0.020264805116825 0.106404035721632 -0.901864227640356
0.0163334625761665 -0.021925215461159 -0.71728967948312 -0.49665216725835
0.0102071999134291 -0.053203359006172 -0.580488711238542 0.368616571567324
-0.0266442767773459 -0.0254437900143193 0.0193946518038069 0.469026457015872
-0.0166659210584621 0.00284642853995447 0.184993349351276 0.130504235817616
0.00146683692061563 4.86809930971186E-05 0.0474882642845676 -0.173518298854704
-0.0183310105150383 -0.0141199737474055 -0.0305111634713344 0.157004423135899
-0.0304922769930775 -0.0120442190005184 -0.162463548483939 -0.0602506813271425
-0.0134771022627033 -0.0253710539580275 -0.0624834941541231 -0.427647031172339
0.0318317511573642 -0.0378271762078899 0.456123964298642 -0.364720890597142
0.0278114105683107 0.0175330034549315 0.731539603123582 0.314921403277307
-0.0408160859382726 -0.00428278789705658 0.0906050629990358 0.883470592459736
0.00687468233775901 -0.0548410395067452 -0.448201644517352 0.461046073449551
0.0325145432831135 -0.0479840774448765 -0.00408029440374832 0.0852206300860589
0.0134041184822606 -0.0354262791523985 0.477170122605744 -0.390800000794714
-0.00544362628657458 -0.0200557176451605 -0.00106976799330413 -0.897664508672574
0.0124201306948237 -0.0240947866175718 -0.764572530314101 -0.395828426339801
0.00285364929596984 -0.0534312332318599 -0.531093700914323 0.429644289173221
-0.0309873765312508 -0.0224869293340633 0.0645100907197988 0.462221154394243
-0.017539590171886 0.00222268691206232 0.194491281535442 0.11061372424585
0.00472512477233737 -0.000572168242633152 0.0502559017766022 -0.178157888476275
-0.014903364128036 -0.0143166906000061 -0.024927664133516 0.152527435228775
-0.0292370335195335 -0.013818789551213 -0.154542527318415 -0.0798034439137756
-0.0120228948913632 -0.0249862775191452 -0.0222026532176231 -0.433788482059171
0.0328225620305807 -0.0324220271745364 0.502102417582222 -0.313444054914408
0.0258939553173285 0.0236493487937425 0.694851101591776 0.409811777087284
-0.040112701607228 -0.00606478375659006 -0.0166166657633621 0.901219573431587
0.0110715019016205 -0.0512645517953825 -0.481051155327288 0.420776039618596
0.0320437019853906 -0.0433532432011886 0.0219385583075333 0.0660250126795851
0.0101681990788647 -0.0304781843646226 0.449007038639858 -0.440213103679155
-0.00460959961199102 -0.0156289495642591 -0.108981458659643 -0.884870936732505
0.0114970000743457 -0.0236986486997694 -0.798597310429783 -0.292709343624939
-0.00427747814490428 -0.0501897839071734 -0.472887111858478 0.483404536636407
-0.0344381681991715 -0.0171945755541705 0.109079112252779 0.449414239385421
-0.0156584398416834 0.00526208109548064 0.201687397854142 0.0856522885308958
0.00955354178138802 -0.000486182953616094 0.0525879664245813 -0.186377748321404
-0.0125348436084678 -0.0114475248382675 -0.0216665913928589 0.14848041792055
-0.0253477813622339 -0.0122434171384641 -0.14812697793275 -0.0976935951462008
-0.00895456629677654 -0.0206025624722493 0.0171932556668106 -0.4345102474656
0.0324578158173576 -0.0258732247590507 0.538081464835047 -0.257978979876931
0.0253648956904411 0.0309322437726217 0.648270232102157 0.494926945146992
-0.0374659516475235 -0.0012915581995569 -0.117139624253564 0.90730074950742
0.00816680618447349 -0.0399034460421609 -0.506055520960934 0.378405005914757
0.0228456658650629 -0.0322556824227808 0.0474919107887709 0.0477683585362052
0.00476528751287702 -0.0176195230135025 0.421642195104334 -0.48398575379404
0.000734436896095765 -0.0076423092817065 -0.203266215692095 -0.860095048021861
0.0115797928064441 -0.0229467236136869 -0.817719725445449 -0.194850385947979
-0.0107641124407943 -0.0449320812683045 -0.412887005486933 0.526741290318378
-0.0356626857127584 -0.0105520848497044 0.147422868188762 0.432589203315804
-0.0121247649595226 0.00869588742236484 0.206993856949706 0.0617300233830101
0.0139689088596463 0.0024560837937554 0.0567998490084988 -0.191240955823579
-0.00973627862317444 -0.0069661127254223 -0.019173529884643 0.143608259476087
-0.0190045976339385 -0.00850787369705081 -0.143087777725796 -0.109024907577357
-0.00563586191920498 -0.014905947509909 0.0420249647925093 -0.432490484310106
0.0313040680998409 -0.0188319314898457 0.558372377519639 -0.220836598563152
0.0275348532016846 0.0391259602873135 0.611996885863663 0.548168111287342
-0.0352898350388836 0.00997086037900064 -0.183735888409833 0.90838404563121
-0.00470776886902013 -0.0218505483331155 -0.518801965438829 0.350975497252952
0.00550757197389217 -0.0145585673562638 0.0663406116846819 0.0371010990090606
-0.00175499945168291 0.00247935322853171 0.400948524429038 -0.510284699461523
0.00803809573128482 0.00227312286577081 -0.262503312382406 -0.839835523021665
0.0159330924464182 -0.0212042113582372 -0.824199002344757 -0.130713643034104
-0.0150833864915158 -0.0407390202489279 -0.371646125185265 0.549639889693995
-0.0341887638533194 -0.00468289709042862 0.170725384722723 0.417270251504943
-0.00502657360902355 0.0120366690632528 0.208443395546908 0.0443494781111336
0.0181192792931046 0.00577330208788058 0.0593977403201412 -0.1978636322317
-0.00802864252357796 -0.00177239257620865 -0.0185241365719866 0.14145367176714
-0.0120976296423361 -0.00273541839272231 -0.142886540211726 -0.114233768140652
-0.00310687214372442 -0.00819098797837328 0.052694826855097 -0.429318402216101
0.0285371986292595 -0.0143853580538092 0.56408784272904 -0.207590953508252
0.0333747438401862 0.0463526072403257 0.597153897005427 0.56649060387144
-0.0341869032750993 0.0262382475525297 -0.207011201708673 0.90802891876011
-0.0240703623585265 0.000142919473827954 -0.519894586248656 0.343697590487237
-0.0166817481507558 0.0052997710526855 0.0751558174481463 0.0344632439315695
-0.00875042444500334 0.0247297594257676 0.3965476056351 -0.519079437088052
0.017910072434812 0.0131298505270315 -0.28039971079335 -0.831978587732144
0.0210146197139246 -0.0189568094627642 -0.826600282985463 -0.110377936255773
-0.0153593571281814 -0.0370660167839379 -0.359300866535877 0.556067882585896
-0.0303651002346323 -0.000911156774966247 0.175230122162956 0.410339557259004
0.00277612113060033 0.0151667450979308 0.207186344357337 0.0348992739530772
0.0203443497275492 0.0104577444534088 0.0614012868763154 -0.200261688756859
-0.0070340131139491 0.00370059543309953 -0.0184396535740534 0.140495904578345
-0.00573178248594222 0.00464588235124287 -0.146194402629578 -0.109753715520287
-0.00231696909397931 -0.00266682786415519 0.0411430703418971 -0.428975067838276
0.0274983208413481 -0.0110622647128468 0.554338725704773 -0.221557283757786
0.0398267671873053 0.050575516838101 0.611344820423077 0.550781073865534
-0.031717226531587 0.0434873830349407 -0.182170723959202 0.91513170448638
-0.0436978790480334 0.0221135620878228 -0.512619020531115 0.354227884202622
-0.0406901811245378 0.0235414967335871 0.0718037243415851 0.0394108023581339
-0.0166108736978561 0.0468884997375072 0.405363795358252 -0.511180953819633
0.0270616283232803 0.024795996999064 -0.259135264862499 -0.840559057481392
0.0283402195129629 -0.0173079048989041 -0.826151302241892 -0.134265655062564
-0.0143837600511783 -0.0343719765756337 -0.373163388442188 0.547166313424447
-0.0270211987813622 0.000745387935364527 0.165160539374861 0.412773367251462
0.0102839072186052 0.0187098805162352 0.20363039995779 0.0367509885137634
0.0211756416849539 0.0152912932785253 0.0637183717432402 -0.201526375664312
-0.01939049923041 -0.00785122989080269 -0.0414401131564256 0.167810717190276
-0.0220160194825776 -0.0101804912078946 -0.167244315382119 -0.0242869504404573
-0.0100333143334125 -0.0234029397799994 -0.128604452088138 -0.420764878993018
0.0340688766300527 -0.0420730633644528 0.368004949794317 -0.451953077967192
0.0384383260063408 0.0104663339244087 0.777537757637127 0.146563686726832
-0.0360134379857677 0.00957628948078777 0.266253765270508 0.834772998837123
-0.0094126235616258 -0.0395671429114087 -0.386019157433578 0.535637834670919
0.0143256196685037 -0.0394133024878368 -0.0481798039354092 0.119981549863027
0.00575402861667681 -0.0259626552645903 0.520565502098819 -0.300455035571641
-0.00187826233577093 -0.0158966098801194 0.202004133447016 -0.903046997833889
0.0203859806165215 -0.0192737645829838 -0.675917836919988 -0.578904184395724
0.0144080328307065 -0.0536320899220945 -0.627461734921025 0.319447669375428
-0.0234286362943156 -0.0251568856724641 -0.0194128619845629 0.478078477092861
-0.0124020444437283 0.00438357834410994 0.175924792490041 0.147913758403739
-0.00133921087613486 0.000244788003455571 0.0494518148403251 -0.169321300807939
-0.0165996334906568 -0.0119664559816367 -0.0355834529131049 0.167406125304796
-0.0268730261845308 -0.0146983888738576 -0.161539984448761 -0.0414579938209432
-0.0119683538969508 -0.0270046215361104 -0.0976602652848083 -0.432567047531073
0.0355386879158594 -0.0409645225463448 0.413740365900758 -0.418948318297085
0.0332211081026037 0.012689691610338 0.767100702893341 0.228307523681821
-0.039657585174382 0.00112812365111264 0.186034213970263 0.868818936021273
-0.00137851862961355 -0.0511939417117444 -0.41907313031734 0.506146064573267
0.0260903436906257 -0.0472151170928213 -0.0291480104793762 0.104981814414559
0.0133957159332441 -0.0342845080046888 0.504134306315473 -0.344694286377941
-0.00504705830434386 -0.0203788392195924 0.108442772460941 -0.913617800763631
0.015631008907355 -0.0217798743641439 -0.724904448929752 -0.503822326467784
0.00951892197896727 -0.0543583335748739 -0.590144389325042 0.374023721533773
-0.0275531754607968 -0.0259650295816884 0.019767965640335 0.475216087113766
-0.0161318968673097 0.00238324328481103 0.188612157102198 0.132337683961449
0.00229938349285059 -0.000303919438073266 0.0492076871245287 -0.174785077977475
-0.0193862013902842 -0.0140952654560168 -0.0318304149482794 0.157862692825105
-0.0305265140230672 -0.0122034451595578 -0.16477109384019 -0.0609056501911081
-0.0137890402475656 -0.0247786419304224 -0.0649759855262796 -0.432690851897846
0.0319256368314762 -0.0379828504717376 0.462865096362724 -0.369315918954251
0.0285063861887804 0.0176533022563585 0.742156420830308 0.320749129456259
-0.0416756087896224 -0.0043902136975325 0.0907986344597092 0.894980383829523
0.00665369531572059 -0.05597088335097 -0.455001223831904 0.465177952326297
0.0337049034759883 -0.0485329129287267 -0.00513557020102949 0.086800568162597
0.0135294902497432 -0.035873543541787 0.482135333596243 -0.393883303778134
-0.00520746062271654 -0.0200826486491286 0.00213475031200987 -0.910690693176004
0.012475812530803 -0.0238379319088059 -0.772643359245629 -0.399312534037088
0.00299824369691354 -0.0537591741633887 -0.538524569823502 0.437373942887192
-0.0314808622447594 -0.0223697186522008 0.0661570066737849 0.46923142716578
-0.0172713031712867 0.00246990847224841 0.197806155605293 0.112627067465711
0.00491751430188029 -0.00117505116883729 0.052121922196578 -0.180456512308503
-0.0156074032900818 -0.0135983519208266 -0.0266239417251741 0.154346882849003
-0.0296043730332951 -0.013670257092267 -0.15660904091997 -0.0803418314660817
-0.0109266388023915 -0.0238122668153444 -0.0235224875989517 -0.439194131682412
0.0326582162896332 -0.0327998439376788 0.509010445852027 -0.317171299962276
0.0251628017198432 0.0233808249382104 0.703602679805618 0.415324652400625
-0.0404125020702545 -0.00592908085848933 -0.0159062260545924 0.913848405961899
0.0110204209825818 -0.0524323515266933 -0.488122518051857 0.426524479762793
0.0331794434170524 -0.0441335241396382 0.0210512608735308 0.0672467908689197
0.00962995035540835 -0.0303440323438088 0.457154976723088 -0.444475472936713
-0.00504400002531248 -0.015546741567116 -0.108345936971082 -0.897295330968039
0.0117856340062585 -0.0238565117779576 -0.809858105621623 -0.297839468729825
-0.00453371724779011 -0.0504557101767602 -0.479406009207557 0.49152359866624
-0.034564982508747 -0.0179748827234342 0.109418762442461 0.455553744268552
-0.0154284804070897 0.00451898278011214 0.20463681087882 0.0874253377950101
0.00960864993902348 -0.000545120638578285 0.054051751932356 -0.188523721442623
-0.0129326194752494 -0.0116730154253488 -0.0226475221676008 0.148995803868367
-0.0259165534267719 -0.0122753625695082 -0.15040634774177 -0.0992414144513308
-0.00736050508229748 -0.0194465628193327 0.016921012196092 -0.44044314835106
0.0322543334599909 -0.0261700150779451 0.544234348124131 -0.26186959748236
0.02543798991133 0.0311142812905763 0.656678673853513 0.501740376025427
-0.0377253435829104 -0.00179264175725801 -0.116959700407409 0.920212939147522
0.00842625493873788 -0.0399881693180547 -0.513641956740573 0.382024654244894
0.0236587354399648 -0.0320687668883071 0.0479871634509791 0.0498907769779199
0.00424605798018936 -0.0175229059695342 0.428740284030269 -0.488995227943291
0.000162732920812217 -0.00758085313837181 -0.204885173131268 -0.873816268783335
0.0122104064191392 -0.0226530756267576 -0.828666148612049 -0.198689014576069
-0.0111700057090157 -0.0462330750589653 -0.417951994248722 0.534180561713264
-0.035828872397595 -0.0106404251036403 0.148176868563102 0.437450651801728
-0.0113308901977662 0.00837873931797068 0.209154023894549 0.0631156280348458
0.014147695438317 0.00238469602396988 0.0584718453213504 -0.19392806302837
-0.00991637855905502 -0.00697148796027036 -0.020528929181782 0.144285399909371
-0.0190025921801826 -0.00869781775641061 -0.14481040507036 -0.111714902295726
-0.00542465162756304 -0.0137074197813619 0.0420497978697852 -0.437766148545205
0.0314501637738078 -0.0195542966108749 0.564798466161707 -0.223644968214287
0.027830176184514 0.0389723832450745 0.619410905460237 0.555702404223106
-0.0366117905798716 0.00996798288410932 -0.186156780336742 0.921024527139511
-0.00482963873470749 -0.022324320377135 -0.524640241701609 0.355459457405817
0.00609725938730382 -0.014514528568448 0.0660805217126631 0.0382402967331777
-0.00224688227955003 0.00251666865821189 0.408720918047327 -0.516190433462983
0.0083670234737678 0.00248502039593477 -0.264513725829244 -0.853106551838915
0.0157373547287979 -0.0210196399069685 -0.836408717998346 -0.13449788391141
-0.0147946577679949 -0.0411017533219813 -0.378030123306881 0.559603402977426
-0.0344535980467696 -0.00489805620076385 0.171117591685313 0.42352173190446
-0.00434727758416522 0.0114033957624035 0.211335125389466 0.0449148269286466
0.0180348215682127 0.00591976693870587 0.0611059656010608 -0.200027791140291
-0.00898818028451423 -0.00143977681301402 -0.019998393339892 0.142709507834717
-0.0120921578873642 -0.003227444628087 -0.14504000464005 -0.115584969169507
-0.00320948394635565 -0.00767377869130359 0.0515230572172194 -0.435340716081381
0.0292488262858313 -0.014822733977633 0.571494153058921 -0.210295424264983
0.03312402382677 0.0461879969930649 0.605095890957552 0.574389044533682
-0.0341644121528276 0.0265955830557119 -0.209393489680728 0.921577804138652
-0.0240845958280267 -0.000714941396779131 -0.527270668500937 0.3472440832082
-0.0171399328273185 0.00496722536246237 0.0741963965567195 0.0344472395604127
-0.00915316823259006 0.0253753862768631 0.401675686529634 -0.525953135160497
0.0179091083273992 0.0132489048719601 -0.285277586065173 -0.843753249223779
0.021353217766305 -0.0194956340480407 -0.837270610055983 -0.111695507152393
-0.0158022470279362 -0.03723029786414 -0.365137097774462 0.564153631766854
-0.03099821114069 -0.00111570459646591 0.177911743352828 0.415607537958617
0.00330015640829006 0.0151292804516875 0.209510081222836 0.0368607637569291
0.0200733242549334 0.0103913301840067 0.0641966939297563 -0.202886106695682
-0.00802681924041235 0.00390368664662249 -0.0189222887560914 0.141621063133083
-0.00506559153356867 0.0046417315654844 -0.14839939848965 -0.111027450540537
-0.00206969378865905 -0.00162500747685172 0.0417039209694932 -0.43417154144318
0.0277529374439456 -0.0112143974043197 0.562816066076418 -0.224149535963255
0.0408706943508355 0.0502999323991424 0.619647600400377 0.55711888560718
-0.0323906030532061 0.043927908753465 -0.182430144547892 0.928791494454036
-0.0443518876883039 0.0217857809110249 -0.519290784709237 0.357970807791487
-0.0412775437513183 0.0238892533204056 0.0716305292270137 0.0393636487671726
-0.0176333115651165 0.0475978404022575 0.412118165720827 -0.517576396112642
0.0268860560663834 0.0245193083328458 -0.261114493643066 -0.851139601289411
0.0290286136839827 -0.0168733876777389 -0.837872347808316 -0.137276332948871
-0.0146759814363248 -0.0349355873897361 -0.379062693066601 0.552203510090143
-0.0273525408753853 0.000876683726949018 0.166735831065048 0.417717240723571
0.0101873225190836 0.0188024384609417 0.206935032678365 0.0381684012557439
0.0213386664778999 0.0156663347013836 0.0646599550704724 -0.204314250577046
-0.0202031040419177 -0.00824022526065862 -0.0421480113271151 0.170072856022582
-0.0224589567819608 -0.00978223412458214 -0.170350077026166 -0.0250981169160738
-0.00977004863279833 -0.0234577271204566 -0.133886636905559 -0.424221835013581
0.033598090650545 -0.0433445226543665 0.37372476152958 -0.460665538169809
0.039173206285496 0.00921322642720448 0.788475091124475 0.148485197340614
-0.0362015260768001 0.0102492580583173 0.273136635199663 0.848146154966297
-0.0106584643923228 -0.0405252663922042 -0.391970077192427 0.54283962659255
0.0144682453617143 -0.0402777663949496 -0.0491801676202893 0.121759295328356
0.00564932823086866 -0.0261593161193405 0.52812733668283 -0.304513316265166
-0.00203020230416292 -0.0155233065812396 0.20384908767809 -0.915374198428016
0.0205470484923256 -0.0195860269305927 -0.684662086563036 -0.586624456030769
0.0140538836681133 -0.0540489278329555 -0.635660751314929 0.325374697011944
-0.0239687417904881 -0.0256382509170784 -0.0184175545434377 0.485267126387619
-0.011804651504401 0.0049060020653413 0.180582059653043 0.149946767561063
-0.00183110909646367 0.000351951017788212 0.0508873353729147 -0.171521617859653
-0.0177933340058079 -0.0118368875963917 -0.0365454257484395 0.168192428193062
-0.0274096573401351 -0.0147563494558967 -0.165169320083341 -0.0427044683141802
-0.0118107656449921 -0.02657856279884 -0.101293539121378 -0.437460032623563
0.0346906111692436 -0.0424191887521586 0.419481397007685 -0.425914842583322
0.0334832763053895 0.0126925527302198 0.779638843013374 0.231230911134619
-0.0395794337298212 0.00195668881342132 0.193644260433095 0.882277189140812
-0.00164941170394585 -0.0515542251420723 -0.42490380060452 0.513677376736265
0.0272449598050053 -0.0481107795176125 -0.0299542942677961 0.106961969477896
0.011832381372847 -0.0347607275327346 0.512026752920611 -0.349495375244428
-0.00483765245237828 -0.0211696240378 0.110762586595662 -0.926520005677955
0.0162965400877811 -0.0226241674261531 -0.7383567258744 -0.510160028112434
0.00994354561233518 -0.0551320636807742 -0.599463218330126 0.380942291124062
-0.0279565563461219 -0.0262162244962347 0.0214383942778989 0.481463720894379
-0.0160224663147356 0.00224524228662984 0.191892111894697 0.13453644023196
0.00163715807222069 -0.000478596053150125 0.0501679973937367 -0.178109338306742
-0.0196014422330162 -0.0134539111186157 -0.0332618358383622 0.158966259141732
-0.0306757774814635 -0.012036853692396 -0.168308613077027 -0.0610292934282775
-0.0136227669426251 -0.0237295362283735 -0.0673190154606693 -0.437035526152732
0.0318540403713816 -0.0377537658687003 0.467178271866337 -0.376057644605217
0.0287934185658938 0.0174974983466855 0.75354710387337 0.32287686799571
-0.0425318737885611 -0.00427191628902045 0.0947780963599515 0.908291167855369
0.00666622306142031 -0.0571905472382107 -0.46178166638632 0.474353370077629
0.0347742267539035 -0.0494177899395831 -0.00625858581180952 0.0877575125479783
0.013611133386997 -0.0360390707833246 0.49120655163079 -0.400500876881077
-0.00615320524397418 -0.0207609446609002 0.00107090445224973 -0.924102888838116
0.0123351883316779 -0.0238687718073697 -0.785186332344306 -0.406410659392957
0.00306449081863627 -0.0544710169748882 -0.545620567865891 0.444142309298639
-0.0317481146921799 -0.0231331314646025 0.0677508706616975 0.475613751644243
-0.0173407942622824 0.00192932036225764 0.201662306371195 0.11417799628609
0.00470282578273602 -0.00144711295182491 0.0537367288233027 -0.183415636145909
-0.0162172548618656 -0.0137387870593967 -0.0279070543275947 0.155340660544902
-0.0299998766437212 -0.0129638931879256 -0.160700809178344 -0.081550350858113
-0.0113589297879415 -0.0230124094504911 -0.0244644450019916 -0.443376610248864
0.0328682036699295 -0.0340273099491138 0.514527677232809 -0.321995682905302
0.0261713561976913 0.0232618422675473 0.716322382497112 0.419622560598013
-0.0414365783760086 -0.00615235492222433 -0.0123913070019821 0.928287461043282
0.0111933001431023 -0.0537112058834814 -0.494965280766851 0.431784673809902
0.0335225372328835 -0.0450481825759496 0.0208285843101383 0.0682936063299538
0.0100830838054303 -0.0313619841105588 0.463219601065936 -0.45091527426696
-0.00460049068033421 -0.0157562533543819 -0.110013610738058 -0.910336233388552
0.0117278677729153 -0.0235772653243048 -0.820073499711182 -0.299549042731868
-0.00390513923314059 -0.0515777115099408 -0.485214992705657 0.49920921839607
-0.0343992776130528 -0.0177776599865897 0.113128416641335 0.461203694752723
-0.0156666598602489 0.00410721278216409 0.209276392999481 0.0883106548443917
0.00970869719711082 -0.000613335026363868 0.0546518870237129 -0.191006605625509
-0.0138560782570099 -0.0119307352802297 -0.0236892893261031 0.149875310173885
-0.0256820233945445 -0.0122282584019967 -0.15246350456939 -0.0999606511595806
-0.00743107342326546 -0.0193158433520338 0.0152776081336681 -0.445059880039379
0.0319515668542439 -0.025900892366835 0.551883981155926 -0.263694147719268
0.025926786229573 0.0309049233632693 0.668488314461057 0.506632631161486
-0.038747135761614 -0.00159260349512163 -0.117236452492021 0.934507452787514
0.00827210204142735 -0.0407906619665949 -0.51960623920529 0.38839160138199
0.0240226259135546 -0.03259496235435 0.047849518163971 0.0507009144748507
0.00429983217175027 -0.0175167682065571 0.433321882414173 -0.495650060837355
-0.000112834743394408 -0.00828242426398368 -0.20933555595373 -0.884195297610082
0.0120244226307191 -0.0232926029230045 -0.841300363744527 -0.197843381153084
-0.0114926748751958 -0.0468520742880806 -0.422524818677589 0.543637612801808
-0.0358342493121064 -0.0109147601904005 0.151081764735963 0.443200656516805
-0.0104597005271847 0.00790888505073505 0.214631386808874 0.0636772545648302
0.0138763679861287 0.00191229337569159 0.0597544980626166 -0.196484738738903
-0.0112817751841576 -0.00656397426152172 -0.0215988892125239 0.146041480781444
-0.0191148387585766 -0.00788862847838809 -0.14899163873292 -0.11201436759244
-0.00478034507145197 -0.0139812493003012 0.0430945681422407 -0.443279824406107
0.0316632651999587 -0.0192941363081374 0.573434776465218 -0.227517427427465
0.0277996788158097 0.0388388590018881 0.630919612898938 0.561424328041747
-0.0363251495843543 0.0100795277221238 -0.184176988723338 0.934354303941627
-0.00446185843911166 -0.022376304371583 -0.533217338117473 0.361506934015607
0.0064443040263922 -0.0145967321485333 0.0669474666254814 0.0392440309076197
-0.00234070934727937 0.00282639748955095 0.413835606083805 -0.525386303212721
0.00827950989574948 0.00226606368818739 -0.269167396456592 -0.864026462929015
0.0159386644775642 -0.0220969193886482 -0.849292893259715 -0.134559654214077
-0.0153948694755734 -0.0419889534992683 -0.382740124579891 0.568167481121105
-0.03507182201253 -0.0051846647421112 0.176937838124799 0.428228358995245
-0.00414885491703964 0.0116280673834114 0.215432030549123 0.0458900531815661
0.0184123770294818 0.00534546284825234 0.0620357831727455 -0.202901422835728
-0.00930542057668252 -0.000636404303704835 -0.0208241756692673 0.143323268142829
-0.0117796437157561 -0.00257553874835439 -0.147004207166098 -0.115888072982592
-0.00318656023783327 -0.00724395521342972 0.051383831831741 -0.440819957924469
0.029591354490256 -0.0145977143029135 0.578742704324672 -0.21286415133572
0.0334275683209632 0.0463185822672046 0.616466216200456 0.581004845857071
-0.0347128046164532 0.026902566287947 -0.208845565195166 0.934644831039093
-0.0247647179187764 -0.000148588879357751 -0.534387728613221 0.35164459191957
-0.0166424327133469 0.00515567905962215 0.0757196420645199 0.0355004715739789
-0.00934771883684564 0.0256766574589837 0.408715398784504 -0.533577574113268
0.0186552127133821 0.0134014323978736 -0.289538673899268 -0.856428615743422
0.022505907399334 -0.0202987419566751 -0.849475664936847 -0.111344738182816
-0.0161747563409278 -0.0381673188697684 -0.369550496463054 0.572746803977806
-0.0311110077270499 -0.00102682323573944 0.180781872721289 0.419756656794308
0.00359436824406852 0.0148168497790233 0.214203726536017 0.0366139065580502
0.0208857222448089 0.0106410491761678 0.0650921733537395 -0.206641425682029
-0.00847467098205759 0.00440188181381296 -0.0208279643164989 0.142283680990443
-0.00512881963596835 0.0043970798792662 -0.150867594671797 -0.112521196091538
-0.000988494525037766 -0.00160504201550922 0.0405115676710205 -0.438884722722999
0.0276697385792538 -0.0112447188259343 0.56966781410242 -0.228335245257526
0.0408367559458028 0.0508254340772225 0.628720964766708 0.56465410704276
-0.0326264103533916 0.0447894138177666 -0.183669557853042 0.941503786480922
-0.0450715807638433 0.0234985443225808 -0.526381947260485 0.364074787542923
-0.0412939478876123 0.0242600940718843 0.0727567085913794 0.0409366365885471
-0.0180330492738437 0.0480521097778853 0.418372724802122 -0.522726737776331
0.0273479938549421 0.0241659342714249 -0.266252376665768 -0.86357135233032
0.0295787553104621 -0.016995248387752 -0.850453036157467 -0.137506572826493
-0.0151393914511683 -0.0353426757832578 -0.383634822822445 0.563877094941118
-0.0275520964702584 0.000901904484760796 0.169911604443612 0.424120691155511
0.0108210397671004 0.0181930147556392 0.211023614097243 0.0384468826053667
0.0225820215380098 0.0151473067495256 0.0660166798699345 -0.207846326593614
-0.0207707031219043 -0.00792928349168349 -0.0424428898710504 0.171896800755038
-0.0224571523145298 -0.0100119308157175 -0.173525000006314 -0.0256309116063704
-0.0103774527714198 -0.0226982774344679 -0.138583921764444 -0.430776245747537
0.0332254205503915 -0.0446329890631535 0.37621297627637 -0.468287981772784
0.0397234424273505 0.00915391958691542 0.802807671307539 0.147162231984923
-0.0373479646649355 0.0108557866120719 0.280469993862782 0.86164401126556
-0.0108884089150761 -0.0414114710919022 -0.396195327609425 0.552070089824468
0.0144387218793852 -0.0411788281394813 -0.0503271763652202 0.124082848708094
0.00490782156235375 -0.0262044722071648 0.535508794508779 -0.311555305126251
-0.00261945459415095 -0.0154522957749895 0.204786612109883 -0.930732278440121
0.0206750533794587 -0.0201138930888742 -0.697681645442323 -0.591755723038301
0.0141238117508122 -0.0550189772249396 -0.643792841309125 0.333769573255677
-0.0245764978750908 -0.0258329609062918 -0.016337993524281 0.492620432799389
-0.0119948257359409 0.0038548682511283 0.18377107558297 0.153044331077364
-0.00229518251802155 0.000278234283687643 0.0521123319084226 -0.173470325372096
-0.0186223788518532 -0.0117662591097122 -0.0360544973899033 0.169394439413089
-0.0285895770396889 -0.014309292378789 -0.168866110804868 -0.0427470744843189
-0.0118877646340176 -0.0268099292590566 -0.106553512881589 -0.44329633035726
0.0348228227714392 -0.042935592060191 0.423816054713209 -0.433716109305521
0.0338459338339882 0.0119443943911394 0.792883853493767 0.231116020560372
-0.0402640872061908 0.00188047578520863 0.198970482562476 0.894424613521995
-0.00202220858209212 -0.0526328764902486 -0.428504375865501 0.52379117044724
0.0274970093402661 -0.0486252758749983 -0.0305478040369532 0.10863196249591
0.0121983192296936 -0.0350604321380245 0.519790685726438 -0.355251925043391
-0.0052534507353112 -0.0206299315461074 0.110054211744301 -0.940925382331196
0.0163794803989957 -0.0225707368568874 -0.750083986002919 -0.513642556973218
0.0094043249590314 -0.0561627969735698 -0.606750596284375 0.391035335492852
-0.028337048414334 -0.0268133396857889 0.0234083521127043 0.487857406939711
-0.0164593718501218 0.00175605841362748 0.197512193165845 0.136598331115469
0.00175527344534348 -0.000703651948256799 0.0509917789511992 -0.179553898191043
-0.0203701511296141 -0.0140681875970967 -0.0341208259819628 0.160817591361486
-0.0315086252150797 -0.0118617772816729 -0.171716333553844 -0.0613559227800133
-0.0138451096090143 -0.0233941466027941 -0.0717113444250918 -0.443012060088382
0.0315576675299553 -0.039276383553678 0.473915653853001 -0.383174908904896
0.0292243841870133 0.0168176904697019 0.76881913774558 0.324916500290748
-0.0426236263135466 -0.00388186242972275 0.101486336459927 0.922328515377269
0.00667212351004562 -0.0574325385514311 -0.46775524391635 0.483068448253311
0.0353070895102933 -0.050387663790176 -0.00588505067010838 0.0893885142011057
0.0133430958955453 -0.0374493778319543 0.495546295609016 -0.407472628288043
-0.00617356267855925 -0.0208604042180583 -0.000919125715864951 -0.937172362575189
0.0131181628823123 -0.0243769703502039 -0.800028762978842 -0.408734993562207
0.00186584013643405 -0.0556079636931928 -0.552074016688115 0.454540341295195
-0.0322765003704025 -0.0230926849401761 0.0714686027841214 0.482357570516142
-0.0176436492492078 0.00198393722488989 0.206665954095894 0.115031512164927
0.00518273078732238 -0.00191744027947557 0.0537817776914681 -0.185317157997483
-0.0175511938493794 -0.0134862990783022 -0.0283064633311869 0.156070706036128
-0.0299726492531992 -0.0134866803449107 -0.163287063489765 -0.0819650276167495
-0.0109584208565065 -0.0224966596315242 -0.0275309126469507 -0.449870671397405
0.0321124425932546 -0.0334557245425371 0.5219802396513 -0.328301539333772
0.0268566708004853 0.0228909716515424 0.729429590960174 0.423372731465101
-0.041655492980758 -0.00600847960994412 -0.00897967974484563 0.943036147284158
0.0108522085232297 -0.0537292126113682 -0.50071083745931 0.441338853126219
0.0342082116118765 -0.0462301860616533 0.0208864842557625 0.0696700692613712
0.0101890268138069 -0.0314548750004416 0.468875811543453 -0.45779102047885
-0.00544652345010268 -0.0161489868740598 -0.113992441898047 -0.923736193622496
0.0116782892116703 -0.0240091737448642 -0.835130787800456 -0.300773452895566
-0.00462982132377496 -0.0524681315573104 -0.490691743259876 0.508203700853996
-0.0353224154960593 -0.0179025891069313 0.117169644779801 0.467710943501325
-0.0153562546838777 0.0039783324378075 0.213751494082961 0.0899423989297657
0.0105609084589674 -0.00140580057143897 0.0555591751648606 -0.193989567342894
-0.0146337609140835 -0.010978851104533 -0.0248510695533745 0.151178047162521
-0.0255643468376936 -0.0123403240595908 -0.156083085706086 -0.101197927480428
-0.00713046100979666 -0.0189971302075236 0.0132035185933752 -0.451342147675371
0.0324898562254174 -0.0265579396168788 0.559812432065288 -0.271291693339455
0.0260183304412121 0.0306764239178779 0.6808279457504 0.511628818347873
-0.0393371525311725 -0.00133545876605161 -0.113929110494378 0.948869800149283
0.00883936306165381 -0.0419400908777059 -0.527328661948993 0.395444612410042
0.0255267942989619 -0.0325625636178317 0.0481948001425457 0.0510495161380772
0.00442431222011998 -0.0176893603846049 0.438478101733603 -0.503800594927853
0.000155062400209668 -0.00797417787259521 -0.214024943565644 -0.899459688820918
0.0126835027577676 -0.0233810837700543 -0.854873465525666 -0.197663376430232
-0.0117345074483876 -0.047205150635166 -0.427044355268718 0.554883451886537
-0.0367892984114077 -0.0107322161474132 0.156477497961556 0.450483333026127
-0.0105359787793724 0.00755972876469677 0.218371021986889 0.0644652785787383
0.0143843093417863 0.0021057310600361 0.0610469568724697 -0.200216554286104
-0.0118335853503829 -0.00699618591055262 -0.0230511564429237 0.147253505489247
-0.019207503708534 -0.00842359481556738 -0.151411143599641 -0.113438588191569
-0.00428519012779349 -0.0130373393997281 0.0414037070221976 -0.448245749845236
0.0313024632165183 -0.0192343910737158 0.580248712420518 -0.233331873004242
0.0286676303578221 0.0392933025577968 0.64339609550769 0.568401318623646
-0.036698202647553 0.0104547383065278 -0.184664311023223 0.950150299055456
-0.00456014505650166 -0.0217309336665482 -0.540414685615999 0.36843083021177
0.00664946326819913 -0.0151496269908803 0.067897090677889 0.0397325597725578
-0.00242839977066708 0.00258354124193227 0.419266246768219 -0.531413721313176
0.00787198119528282 0.00322655804402248 -0.273321160417095 -0.876823836492696
0.0164962402736712 -0.0225430293579884 -0.864372068538906 -0.133319231411127
-0.0163644403187005 -0.042117771047601 -0.384851021450835 0.57877181185649
-0.0354156262168947 -0.00467468255389304 0.180663786341094 0.432932250583096
-0.00382615418593208 0.0108597450554346 0.219340457979419 0.0456623831382998
0.0184552294739136 0.00544716204271583 0.0632487940805618 -0.206472468923449
-0.0101606783203488 -0.000290258610612221 -0.022530204618359 0.144681852814718
-0.0117749840267717 -0.00202145123342908 -0.150871150827551 -0.117357565380262
-0.00174367128066725 -0.0068514450638911 0.0500898387075749 -0.445635941604832
0.0298116055611927 -0.0140289691020644 0.586464781998928 -0.218726057194922
0.034375757414342 0.0472874424135972 0.629256783155937 0.588902041982425
-0.0355859157759525 0.0277116018037421 -0.207016596353526 0.947896407674083
-0.0249940402224772 -0.000315690044135944 -0.541810873124358 0.360236736712782
-0.0166010430566118 0.00516066886908396 0.0758516180407244 0.0363772734526502
-0.0101625776729761 0.0263002233987193 0.412093683631385 -0.542611408377639
0.0188084011917847 0.0134318319536907 -0.294976697744121 -0.867997736376376
0.0224801738803105 -0.0202869728621319 -0.864780906018829 -0.111168910964145
-0.0167176878207116 -0.0379933353995791 -0.371059581527355 0.583485736238982
-0.0321206416066298 -0.000750034445727179 0.186123982393038 0.426370449117663
0.00389412705692837 0.0142920980906715 0.218228050081905 0.0365544693939789
0.0206086490796348 0.0107269015206216 0.0653629644962418 -0.209577461872494
-0.00895489333001195 0.00537396139521346 -0.0213377192436187 0.144006032603076
-0.00512968269076996 0.00451293914265226 -0.154530377561619 -0.11331513740108
5.73135907488247E-05 -0.000819883887133603 0.0411851835253317 -0.445949698348515
0.027562701403582 -0.0113504399434124 0.577655177752728 -0.233683668864769
0.0415869259890854 0.0513462434703678 0.640086394855805 0.570621016354989
-0.0327229967529235 0.0459227849142186 -0.182857231994184 0.954398332706893
-0.0455642253482929 0.0233591729504883 -0.533941699176398 0.371397909327953
-0.0411636806113548 0.0251024708103112 0.0731403492167664 0.0414865315194596
-0.0188478399636715 0.0480954542246816 0.422145480921657 -0.532580620346315
0.0274476375886853 0.0252187203387177 -0.273185627062513 -0.875781635991803
0.0297004067366716 -0.0173552663227601 -0.862894609284457 -0.136648932473961
-0.0155435978722456 -0.0358605598442041 -0.386804308370072 0.574536945828538
-0.0277788563400199 0.000982478351563888 0.174150625068569 0.429092102785263
0.0113366423505695 0.0182434360802328 0.214985147738211 0.0383009045938422
0.0216516408040345 0.0152788118750308 0.0673526446059349 -0.211179740139273
-0.0221207072022741 -0.00799332342272985 -0.0429155127512399 0.172800800023512
-0.0235886067063044 -0.0100935598703403 -0.17710377192761 -0.0255125105573659
-0.0104165289217561 -0.0217967370796624 -0.145449765223973 -0.435521130293721
0.0331674209898711 -0.0458780354903155 0.377271070643299 -0.47770871294555
0.0396919219512438 0.00767805588412959 0.815042362931821 0.141963031472337
-0.0375087366369479 0.0114863163295813 0.292695632625183 0.872358332540771
-0.0118743855040132 -0.0409936574695309 -0.397792648550252 0.563980461851186
0.0145732550016528 -0.0422340319157835 -0.0504996372549558 0.126117926208158
0.00435756898045792 -0.0267616854579155 0.542043407421267 -0.318966582749703
-0.00295305514617473 -0.0172053457746853 0.200815046199037 -0.946709940252936
0.0212881810818431 -0.0206913066819535 -0.713528767207301 -0.596368714900715
0.01358816419293 -0.0556891402764709 -0.649325463145503 0.342971156609877
-0.0246829719151378 -0.0263702933123922 -0.0129109549264268 0.499958014037245
-0.0122700180645028 0.00344747144770907 0.189488365446686 0.154222088633182
-0.00279483891325848 -0.000495340806662523 0.0519874290425044 -0.17610992442119
-0.0191486555463494 -0.0124250785882226 -0.0370329577530952 0.171844987065281
-0.0294725122415816 -0.0139563158516893 -0.171653245930827 -0.0421855304091511
-0.0124374564374343 -0.0263014278148217 -0.112655430722481 -0.448364321372224
0.0342336642588526 -0.0443458226035029 0.426900771851722 -0.444642082346293
0.0348762753845924 0.010978989956856 0.808484111919704 0.227780244594734
-0.0411502352762603 0.00236904865123753 0.209198585951202 0.908832516556156
-0.00251473007652307 -0.0531937822836139 -0.432233016294515 0.534129202474798
0.0281557551580002 -0.0493962728004088 -0.0314938378295069 0.110686372387281
0.0116076109652326 -0.0358619439810873 0.525747604979903 -0.364727336479251
-0.00567852049565447 -0.0209072259920068 0.107184661802532 -0.958823758950298
0.0163507249165217 -0.0227773048275686 -0.766369484435624 -0.516512352185092
0.00928978492296857 -0.0570979989649572 -0.611303841452872 0.40151818791539
-0.0287977131054539 -0.0267368885820369 0.0289143189629816 0.496286055598987
-0.0160586441709755 0.0013827229381585 0.201715760438614 0.137306327878072
0.00159518184893541 -0.000956809467128686 0.0514636063347611 -0.182998025407087
-0.0219543243970794 -0.0136006628375165 -0.0343705217709934 0.162141922952692
-0.0316350450447023 -0.0117404469749507 -0.174873775996164 -0.0603637782058024
-0.0126350731860333 -0.022210836579294 -0.0750832561321581 -0.448490728870974
0.031419758409701 -0.0398931198018439 0.478300585037888 -0.392114077017428
0.0296429634583027 0.0163824714113754 0.782396971990889 0.323720943541463
-0.0435444835008588 -0.00355592654935934 0.110172911180066 0.93551450058854
0.00659410622399146 -0.0581227531397462 -0.471222811859479 0.494338872881357
0.0349856341111224 -0.0514931188201221 -0.0059614861474431 0.0909398180763965
0.0124580603932461 -0.0373422425799668 0.501645353238313 -0.414986099770949
-0.00672307269192694 -0.0204490868049287 -0.00724717972659259 -0.952365349636685
0.0131142853641247 -0.0242305131280061 -0.814870697427282 -0.410862080412648
0.00293436202751401 -0.0563124866721238 -0.557200481114511 0.465031253251731
-0.0330367314231201 -0.0231248317468112 0.0758474890546595 0.487534478306306
-0.016577160328124 0.00153964278623822 0.21102298229361 0.115477824345967
0.00589132266419364 -0.0024490246547319 0.0538308749282765 -0.188425355023736
-0.0180018142844887 -0.0132471621701854 -0.0289106277239195 0.157830156388598
-0.0303353453503421 -0.0134636508629895 -0.166782327556335 -0.0821710760440256
-0.0105612143894963 -0.0218529999921905 -0.0314475558257931 -0.455090850980811
0.0319822515177862 -0.0351640174950905 0.527539232194961 -0.337454260153044
0.026513565474134 0.0227903034888209 0.744419234026104 0.42372668822493
-0.0421337008896743 -0.00575624486579041 -0.00113142584728401 0.956515777327332
0.0108653640415616 -0.0545451240238443 -0.505043704336529 0.450172813576359
0.0349561830501348 -0.045831423054977 0.0211630065484449 0.0698246455064008
0.00874358655810049 -0.0321371604181829 0.473725056631342 -0.467959240788083
-0.00560497699941658 -0.0162614133217307 -0.121012346962665 -0.937934294328068
0.0116384825205842 -0.0251662745601781 -0.84948805564174 -0.30076295292236
-0.00537358930097303 -0.0533000595837592 -0.494502302004394 0.521091386703696
-0.036568532159655 -0.0179274271011668 0.122803956724403 0.474509730347433
-0.0146516233598539 0.00331670545736468 0.217257406771377 0.0896379144495851
0.010406759337637 -0.00152417078179223 0.05631471210791 -0.197030760147104
-0.0156425687971666 -0.010853550451297 -0.0250003415891581 0.151973791783843
-0.0256229128301443 -0.0125389778275005 -0.159626860151141 -0.100863513793329
-0.00670351011185066 -0.0185038128381775 0.00930161364607642 -0.457470241960762
0.032533675317957 -0.0271658278764874 0.56639221465359 -0.28052987169042
0.0271595950916098 0.0301338233653481 0.696055478754893 0.514006735944349
-0.0397532617235836 -0.00101042753796178 -0.107493636541815 0.964541910289164
0.00758828893109367 -0.0421890824235002 -0.531703422031658 0.406081458120878
0.0254074652015717 -0.0335698519759759 0.049454956207459 0.0515045316120281
0.00399975626429251 -0.0183555351046451 0.441944047326171 -0.513175193028675
-0.000782302987742969 -0.00850976987320612 -0.222724464380757 -0.911084031298018
0.0124220292990821 -0.0239460398113165 -0.868864812585788 -0.195895851463382
-0.0121575011244168 -0.0480350304927974 -0.429065859673009 0.566368454502802
-0.037086505111635 -0.0105032223719041 0.163024221734278 0.45360135490167
-0.0100403696125544 0.00748496413929406 0.222347228062285 0.0633819443220393
0.0148272147433945 0.00160167008592192 0.060238970336172 -0.203908790859069
-0.0121142272206419 -0.00560592618762781 -0.0231580921434121 0.148005190326323
-0.018991384720455 -0.00817220645904449 -0.155198143571062 -0.113915585870738
-0.00370882689363999 -0.0122251562381198 0.0378509190448279 -0.454523050292407
0.0318158705656623 -0.0200839742632213 0.588995826208606 -0.241106626442904
0.0295632412569284 0.0395264065278619 0.658891948832095 0.570267265965384
-0.0374691200126672 0.0111797934032243 -0.177704377209358 0.968902399259654
-0.00531431762322442 -0.0224132674686294 -0.545074060028099 0.378125094462977
0.00654725256043496 -0.0148125429639193 0.0687380430585481 0.0402192199395125
-0.00329098649477839 0.00300135763926324 0.420668964212647 -0.542855060867947
0.008368278599043 0.00254982427082448 -0.286766724795403 -0.890228082072621
0.0163912069248479 -0.0225291334772528 -0.876877966903066 -0.1299207357846
-0.0162031859111492 -0.0422936382159857 -0.386373226261695 0.591822347314417
-0.0362427719370201 -0.00479495625269958 0.187094955490183 0.438067879236279
-0.00337290923255145 0.0115110870697184 0.224266587967765 0.0438906543089145
0.0188500839677677 0.00502795799409495 0.0627625447454821 -0.209861102725223
-0.0107328109269997 6.48249439831641E-05 -0.0224154673292337 0.146471992373792
-0.0115472979159578 -0.00219561982050251 -0.154702758499198 -0.117754176401047
-0.000803490014992719 -0.0053786703506955 0.0473987999280481 -0.452432919656828
0.0302936028576074 -0.014979885778391 0.594301231430525 -0.22706244065283
0.0346500884239004 0.0472696253623273 0.641507136065462 0.593130614512776
-0.0355741316098131 0.0284056814411626 -0.203272449854558 0.966323869549507
-0.0252198207964978 0.000717653452364526 -0.546677861490472 0.368947891329001
-0.0164447072167107 0.00529046183335776 0.0772705086086013 0.0367429220715461
-0.0100074733096939 0.0265380781251245 0.413764087318279 -0.552078467169125
0.0179599783086461 0.0138772365599223 -0.304486155279208 -0.879235318799772
0.0228543275309902 -0.0210487289212231 -0.87754952201686 -0.104944353381614
-0.0172219040152183 -0.0381450213245183 -0.371950805016934 0.597235472467712
-0.0320254543278746 -0.000925628229620248 0.192870648891577 0.431054354613105
0.00440373403931692 0.0140148664168171 0.222230103112454 0.0355084198887093
0.0217654007628997 0.00994687913202351 0.0658655677483811 -0.21332399379445
-0.00909732320202298 0.00569712490459124 -0.0217641228014456 0.14575488813818
-0.00448474692084635 0.00524862257610106 -0.158881414647979 -0.113911544537641
0.000360679182197111 -0.000528881736378838 0.0367586900572551 -0.452403660023449
0.0272459272540948 -0.0116028718860376 0.585048443965842 -0.24198738312986
0.0424910952320838 0.0511500246420962 0.655227957360294 0.571426073220657
-0.0332159479618246 0.0468730152191509 -0.176479488243033 0.972222974585901
-0.0460047373137361 0.0243152169982982 -0.538426738974682 0.380854658319833
-0.041448757341084 0.0254647547692545 0.0743160473084588 0.0422000850635855
-0.018245571794164 0.049723872591749 0.424051025521707 -0.543258719853257
0.0273602666880432 0.0254968591673105 -0.281721112688043 -0.888037476232361
0.0306218843929215 -0.0181890158820239 -0.878056566020514 -0.132973980061729
-0.0158407896680209 -0.0356642968990199 -0.387321278030094 0.586666354059021
-0.027525033657781 0.00107129839412048 0.180746978637009 0.432630741383181
0.0119830610600965 0.0176235561396906 0.219049611726881 0.037109443562415
0.0224723182431817 0.0148814835397504 0.0676037063446513 -0.215026088832123
-0.0230048764820178 -0.00740115011385221 -0.0423386114722327 0.175303979038138
-0.0242029470913769 -0.00969894637117093 -0.181228470101 -0.0237731211240635
-0.0107776698442371 -0.0213921873415365 -0.152946899656971 -0.438207700397217
0.0318474440530139 -0.0469096657427229 0.377927816898709 -0.488643668575064
0.0403985127398801 0.00751495067838948 0.828855971001453 0.134015191078288
-0.0381424972137898 0.0128568707450277 0.306623042453522 0.881258465287633
-0.0124698572153522 -0.0425247599785761 -0.397291536071953 0.578211238086417
0.01471011352394 -0.0424183624682789 -0.0512788458075615 0.12841511921854
0.00414081982413135 -0.027383819220872 0.544927159291019 -0.329220451045816
-0.00375311616335348 -0.0165436231089095 0.196023704416533 -0.962183258599015
0.0209293623883772 -0.0205858420470683 -0.729105469207897 -0.599489899749076
0.0129538889118989 -0.0568687723856799 -0.657837381622179 0.356712283386009
-0.0254000615869563 -0.0260948665258088 -0.0070235796572961 0.50697899648912
-0.0114281844063935 0.00282525221283298 0.194137752489873 0.15488356117425
-0.00277799885142395 -0.000750840915555345 0.0513038121493872 -0.179056452167049
-0.02056775443141 -0.0114267343311821 -0.0359804306015211 0.173996096568056
-0.0301583634539652 -0.0141395081106754 -0.175267717630293 -0.0421417259902461
-0.0126348906492037 -0.0252101003416353 -0.120425620911391 -0.452524304855548
0.0346885457588483 -0.0453179747259299 0.427421371774771 -0.455138705999695
0.0353559727199829 0.0104366701071984 0.821676667335382 0.22199172288329
-0.0417113348386144 0.00297087938357322 0.223634784333463 0.918024333275466
-0.00291317986376416 -0.0531064486741722 -0.435034693930218 0.547656799028392
0.0278489678431307 -0.0508978031633272 -0.0313079949052532 0.112403858026282
0.0110338320198701 -0.0358304486898561 0.529667261420021 -0.374814222867323
-0.00658685909339215 -0.0213290931148033 0.0995293316111634 -0.970965726351309
0.0168328605251812 -0.0229318893711936 -0.781074102235556 -0.518455311206665
0.00855579651826142 -0.0580492731006685 -0.618057595960929 0.415240515460443
-0.0296769683723402 -0.0264209760748393 0.0355550773445847 0.501615211884344
-0.0160261194209945 0.000986016274283059 0.206414225889604 0.138354789150659
0.00182113732650323 -0.00136384337122375 0.0506776126211413 -0.185512895588527
-0.0226301951887627 -0.0133615826706967 -0.0340625743880381 0.164656247757595
-0.0320728324786699 -0.0111999544535183 -0.178561016046801 -0.0590578007109589
-0.0131747308286771 -0.0225806633305799 -0.0818676139980476 -0.452553855655234
0.0306686457925715 -0.0408820838628274 0.48120865267275 -0.403064336607003
0.0302575566470272 0.0156119201876579 0.798210194438036 0.317286621440182
-0.0444968686429165 -0.00224055176704527 0.123428435691681 0.947973993646614
0.00561395450103108 -0.0592397849756645 -0.473986783284293 0.506376766464833
0.0358961471118649 -0.052595463141845 -0.00609649745030151 0.0921212584367253
0.012249573229126 -0.0384172640576848 0.505718533005081 -0.425367571904534
-0.00696601565382802 -0.0214117961467367 -0.0164701133821053 -0.967609014709257
0.0134597720900558 -0.0244682450308727 -0.829731090347625 -0.409132552426931
0.00199385833425468 -0.057185100774253 -0.560729000376421 0.478955184224002
-0.0338307456561385 -0.0235615703598354 0.0827733789456633 0.494962482734958
-0.0165134148439335 0.00164479468053936 0.216028143953999 0.115162239022945
0.00545749340080288 -0.00261342902286248 0.0530030705193958 -0.192278560758085
-0.0190175261589524 -0.0129567784479351 -0.0284780321457526 0.159402286852373
-0.0306999814244821 -0.0126900208458992 -0.171181490473856 -0.0808470936336341
-0.0100714120459808 -0.0214836020683224 -0.0376792350365769 -0.460785180616776
0.0314875984069307 -0.0354181399512626 0.53169321569895 -0.349001589642944
0.0279710109718548 0.0216060134331711 0.761409182859176 0.421442514952959
-0.0435282880543742 -0.00454722117579586 0.0117944067122805 0.971816365219585
0.0100583967332386 -0.0548191402612622 -0.508715803593572 0.461815879786213
0.0348022614675816 -0.0470204413782611 0.0212095258331894 0.0712439683904688
0.00873260883372035 -0.0326732767369285 0.47599823980001 -0.479180149566372
-0.00611824358551449 -0.0164278611128801 -0.133990682298563 -0.950115028028812
0.0116518058144185 -0.0252195778755799 -0.865390268067344 -0.296105324170981
-0.0059092552150931 -0.0533111091377282 -0.495481861548316 0.536468344654641
-0.0365722864860591 -0.0173861970448536 0.130632433625931 0.478270644405923
-0.0147479715899995 0.00407139964979233 0.223435863368337 0.0888476286465391
0.0103319215944391 -0.00138272069981668 0.0556253904572857 -0.200871107859054
-0.0156647062240349 -0.0104235406079622 -0.0255821667784056 0.154058008412517
-0.0258929423649014 -0.0117486599881262 -0.163757238359057 -0.101582395834685
-0.00636639385614685 -0.018148038917421 0.00511209972888452 -0.463716593659736
0.0322861227161433 -0.0277028858164627 0.570294145840986 -0.289716176438717
0.0275455298528548 0.0306428084195194 0.711637504949966 0.51521782162586
-0.0400987581074509 -0.000525171590477661 -0.0972518100154517 0.979889363627015
0.00780449291277155 -0.0430017193568348 -0.536063454608754 0.417418355571991
0.026033721114226 -0.0340337334125947 0.0500856796493722 0.0515419757093277
0.00390527483200982 -0.0181482119172464 0.442835740387832 -0.524168796664361
-0.000921677805959462 -0.00827562335985905 -0.235247585251627 -0.920994809948255
0.0125380840566674 -0.0241094942989545 -0.882124512406506 -0.189051043223453
-0.0134751743509341 -0.0488071580493228 -0.428785117980721 0.580226896304237
-0.0375190804068253 -0.0104590992590457 0.170861208901261 0.458645975111791
-0.00992221588993659 0.00719274823655043 0.228021091845477 0.0623826534924757
0.0145206186283931 0.000793824269601982 0.0596775883029601 -0.206662778697761
-0.012478653778382 -0.00561264992065812 -0.0229424781330641 0.150153261018613
-0.0190685872290118 -0.00811916112647732 -0.159452061594372 -0.113301412542078
-0.00324558236966656 -0.0123282599118353 0.0337083261309364 -0.460496370103076
0.0314417399539734 -0.0207346684062953 0.59469691967056 -0.249860486577838
0.0302360142545547 0.0390256520064512 0.67324003211296 0.57131620537424
-0.0377850305494784 0.0115194951776276 -0.170996936205276 0.982800856164588
-0.00567252674626428 -0.0229167754247712 -0.550066398062 0.387758983719865
0.00715889846559669 -0.015544875977777 0.0692153063789447 0.0401535145444012
-0.00331078257956458 0.00300589567993785 0.422590305113361 -0.553514546561907
0.00842386715262209 0.00271054911060176 -0.297621747884437 -0.899102604392352
0.0168942697331565 -0.0230103422469277 -0.890234737906283 -0.123593666077751
-0.0168138003361409 -0.042780753078693 -0.384946726307002 0.604384202514636
-0.0364390928853755 -0.00468247903417122 0.19473044532702 0.441424854390314
-0.00256820783437927 0.0103149130369053 0.227472535329921 0.0432616507431411
0.0193243503506874 0.00474491623819623 0.0627980671687374 -0.213481237747702
-0.0111009188955906 0.00091992395730492 -0.0228447935644973 0.147893629987873
-0.0117360051108066 -0.0023768545559751 -0.15861256034244 -0.117251314207603
-0.000541206041908947 -0.00570403075531612 0.0425161239072542 -0.458562568997395
0.0297140330803497 -0.0151777792545378 0.59866908073828 -0.236299671242367
0.0360791698124379 0.0469804983980852 0.658135388592887 0.594331780176313
-0.0355648752300908 0.0294851461399191 -0.193663016535517 0.980129840187503
-0.0256518778263289 0.000904727771912606 -0.550859153155088 0.379402460423883
-0.0166055482801733 0.00592162256950883 0.0778865287341408 0.0362641198552461
-0.0104730662325984 0.027585039009751 0.415596750708955 -0.563214159972938
0.0184933661035331 0.0144134812670491 -0.317734558416692 -0.889345675132122
0.0225583641962745 -0.0218100834370453 -0.890961709045023 -0.0982633836932308
-0.017562521731475 -0.0390855742367658 -0.371841434318172 0.610493047179334
-0.0321065942211014 7.05467881504315E-05 0.199400483166335 0.434838651148375
0.00542174634403099 0.0132119832726227 0.226541417851764 0.0336421388100684
0.021934791125821 0.00957178415701096 0.0649413154153841 -0.217095777196432
-0.00976680714623698 0.00651127453572919 -0.0214181109628365 0.147444870005891
-0.00414881997973694 0.00499427923808425 -0.161852871993642 -0.113127575890154
0.00125489427937725 0.000215623473012315 0.0339220111105231 -0.457842393919399
0.0277644923053574 -0.0114298917128591 0.590985068323829 -0.251595857992209
0.0434959067182986 0.0514863003662494 0.670555726679221 0.574362758276603
-0.032741885078688 0.048087096193841 -0.169513594724335 0.988165592165237
-0.0459997638318092 0.0256279098656526 -0.543739021037577 0.39113541880903
-0.0412347410399753 0.0265602070567103 0.074848548315306 0.0422430984114411
-0.0187788736366905 0.0506642441520803 0.426172281474719 -0.554249374364591
0.0286821394126927 0.025421320014187 -0.294871012745255 -0.897491633925184
0.0307765298956176 -0.0187708350747749 -0.89157049967704 -0.123306240327653
-0.0169171769290809 -0.0370224117191514 -0.387468108515468 0.599539416446293
-0.0280519648557336 0.00115786524968203 0.187700579839013 0.437235801561897
0.0119747933222347 0.0169154466819566 0.223118430668659 0.0356040388267417
0.0224917731438298 0.0146379643782529 0.0665524998204232 -0.218200182445775
-0.0190005074363012 -0.00906006351633585 -0.0786433664077021 0.161040901992653
-0.0230360898859714 -0.0115797194646556 -0.176574746664123 -0.0597920406389798
-0.0118642129525127 -0.0243993303597478 -0.064502865605461 -0.464975957951886
0.0338328654147457 -0.0489432475005434 0.480550643215376 -0.413810983069727
0.0450373141481215 0.000271664014203157 0.802676002098021 0.298629211677452
-0.0296945593980434 0.00813814359481221 0.130498808001761 0.941095816114504
-0.00395704430298218 -0.0409995525299236 -0.516462095917997 0.497638086510045
0.0252709730045174 -0.0368879806381687 -0.0779956342218009 0.11831268804555
0.00971091391052737 -0.0247320527363022 0.614132381068192 -0.21718698792609
0.000711871248860761 -0.0235643876697325 0.387110890975631 -0.921984601581607
0.0216542658088718 -0.022637242872795 -0.609988374119499 -0.739020088658784
0.0144630856015074 -0.0551589049572998 -0.724256268395774 0.223807665726231
-0.0234186336364275 -0.0282505924142738 -0.105955997933645 0.503080189639774
-0.0107288852692101 0.0031419459516328 0.160727128750429 0.194015527596597
-0.00272586144545645 -0.00290009393400864 0.0917958412491067 -0.166373737521821
-0.0156115554973363 -0.0130973951814805 -0.0730525414765273 0.159997721660319
-0.0277802983929986 -0.0172970673400481 -0.166874117855384 -0.0768706652331289
-0.0128520333427439 -0.0289379810158453 -0.0293394078257482 -0.472411502589958
0.0360418022479476 -0.0472469223615978 0.52368141261251 -0.370053271527387
0.0402760360478056 0.00324183382480484 0.779007415032614 0.384332049064821
-0.0316782940461245 -0.00126688554903167 0.0413686825430385 0.96279065201615
0.00724668917268141 -0.0507519239444994 -0.546597152513079 0.458865976500953
0.0404843533365874 -0.0419563023006037 -0.0551876394365317 0.105917576330868
0.018985632297159 -0.0330175152338654 0.607918456406414 -0.26759057504516
-0.00102713049266416 -0.0287195732794196 0.289874468950513 -0.950217428779146
0.017664083366356 -0.0248017021900526 -0.675806430998799 -0.665679937627975
0.0104235360148849 -0.0561965776169468 -0.69558751833606 0.288444857992556
-0.0275450200729778 -0.0287531444891802 -0.0627955975395876 0.506567725706355
-0.0139211158653118 0.000177553990853877 0.17712672899445 0.178638692380663
0.00262117814817817 -0.00322692997247947 0.0922188805416619 -0.172885205877048
-0.017483546467331 -0.0146553841865136 -0.0692721444020974 0.151329475056066
-0.0303260151013463 -0.0156416750584281 -0.167126737510855 -0.0945023055753649
-0.0137118932859764 -0.0258953326188255 0.00829725690533136 -0.464807003671311
0.0335134727564388 -0.044078492471538 0.56623321709694 -0.307061150563733
0.0360248343833074 0.00873828208878096 0.735615376758354 0.476988461226763
-0.0336730354103267 -0.00711385760435492 -0.0661375003376524 0.971737063565084
0.016810943346476 -0.0540039662766714 -0.576817033974038 0.411098078682796
0.0478888905887426 -0.0421340163090695 -0.0256030827698908 0.0912019021301552
0.0207513186832587 -0.0341925774393512 0.592345735290172 -0.32462467091463
-0.00277754503390644 -0.0282848099037479 0.174786586143227 -0.968925276800551
0.013467591870655 -0.0267016319013123 -0.7444427002476 -0.568372751609777
0.00280111958704223 -0.055093033777498 -0.652094943393181 0.364706299113541
-0.031730204177005 -0.0259547625536322 -0.0126153616897398 0.507809486970055
-0.0140819060612515 -4.84648615121826E-05 0.191665933894562 0.158072211072944
0.00628528708172842 -0.00389929109471143 0.0955900031812762 -0.178231021432441
-0.0143977688243965 -0.0136890850243892 -0.0628268871618545 0.148725379754057
-0.0288131491127022 -0.016372560281591 -0.154389829327051 -0.115098810656399
-0.0109262590515212 -0.0253657467134169 0.053724486919986 -0.462333928362414
0.0351720636450897 -0.0379874456653804 0.605928966931765 -0.240938309120572
0.0345039029736905 0.01506283910397 0.675604421344137 0.571266432167685
-0.0325358709755272 -0.00757767138570919 -0.182431581931663 0.970087505349018
0.0200719854103202 -0.05000344649371 -0.604361943703727 0.359999916120352
0.0470287606028924 -0.0374483906431802 0.00631467165661728 0.0753038087873808
0.0159375839404014 -0.0295916259175385 0.572179673887846 -0.385703830185734
-0.00284154441965512 -0.023481488631344 0.0547592981143792 -0.975339958832052
0.0113035081701034 -0.0267623352833653 -0.801774674171187 -0.463195039111996
-0.00433970693134911 -0.0524032917932954 -0.599907890561458 0.434281529776391
-0.036031039066188 -0.0208146725811593 0.0353325070704416 0.50287281740156
-0.0132114292418224 0.00183661620175305 0.202663696786177 0.133159204852037
0.0111311380909174 -0.00177854754461338 0.100042457919512 -0.186727992433944
-0.0118444370286116 -0.0106535619486929 -0.058558677963148 0.144381412311976
-0.024463366773017 -0.0149722059844897 -0.143198746237253 -0.132699635237935
-0.00755233635314155 -0.0215076898575015 0.0975874322434914 -0.457205040773688
0.0346856662163877 -0.0317505975861829 0.6336966159901 -0.173962547978472
0.0336720768588102 0.0247686909630345 0.610271897843264 0.654829821721062
-0.0314025709211331 -0.00147773088031933 -0.293200238787898 0.957503939266605
0.0146346783126691 -0.0380053536799195 -0.624044939703246 0.310069407375818
0.0344420476342178 -0.0271302563418254 0.0374523368788978 0.0629602053793977
0.0078997673804806 -0.0171746632785515 0.551432917951282 -0.437202588099518
-0.000471463218199158 -0.014114984288136 -0.0518936544874904 -0.967338970794422
0.0121194719960498 -0.0250706980214373 -0.841323127846113 -0.36136681479429
-0.0124615822807284 -0.047648430049217 -0.541645670508476 0.492075674615669
-0.0376532261707162 -0.0139747372252071 0.0790382549133933 0.488919802058551
-0.00832827939329873 0.00634632068236107 0.21228679622613 0.108671042707571
0.0161058387909561 0.00196132153132727 0.10532702131012 -0.191953044408329
-0.00983214194610356 -0.00564166118133371 -0.0550577635909936 0.140986766338463
-0.0188067790663524 -0.0101580561699818 -0.13630909022904 -0.144019872124612
-0.00463229121485069 -0.0153479013330797 0.12473327293544 -0.45006462329761
0.0334675860057796 -0.0258567604751655 0.647748890991642 -0.129877935054189
0.0348178858136823 0.0353153012277204 0.5604189821229 0.707712666245003
-0.0322176300113223 0.0115808531727724 -0.365893938193549 0.947065187778037
-0.00256319229351334 -0.0211517015117181 -0.630512061955815 0.278805440247665
0.0119528594173117 -0.0138949097973555 0.059995031323085 0.0547707950925831
-0.00397191634295728 0.0032490299013372 0.535412683898748 -0.470436488186314
0.00585722208232999 -0.00137549437009774 -0.120176987169705 -0.9582136556566
0.0155572029532757 -0.0219896147985765 -0.861527648665381 -0.295075594685566
-0.0177614949824279 -0.0427133134210506 -0.503778836188181 0.524125728126162
-0.0374738317235077 -0.00747950854077919 0.106465825084752 0.478263782787172
-0.0020260299272185 0.0111652686105871 0.217505659729208 0.0889895303803656
0.0185697765080495 0.00678791419161117 0.109198775181248 -0.19895647833605
-0.00949722908052855 0.00145891525300667 -0.0538991605359408 0.138888255751437
-0.0128431738562791 -0.00301197269834251 -0.134262560289069 -0.149095018386015
-0.00349069528788918 -0.00858669375759379 0.134649950257626 -0.444000246259253
0.0308458928605984 -0.0196932703324375 0.650904304620514 -0.113944493807845
0.0392694104121833 0.0442379761165731 0.538879456489123 0.724258988709376
-0.0342310238906324 0.0302126938360179 -0.390159750674969 0.941252127792383
-0.0269352726313596 -0.00200229114602167 -0.631777979274302 0.269671372909884
-0.0166337476313158 0.00173153446849595 0.0699431220411864 0.0531200702225973
-0.0164275878321512 0.0252303733381138 0.529383801311543 -0.482424782095223
0.0133811027607441 0.0128697828210443 -0.142299526613294 -0.952675266443814
0.0209158255767278 -0.0187257676159231 -0.866964085656669 -0.272428807214798
-0.0191438776897891 -0.0386796441614168 -0.490588510962669 0.532114679091195
-0.0340770977927184 -0.00262009584395183 0.113994664859522 0.470871888555493
0.00494749556071586 0.0161678489407753 0.217157600659851 0.0794074561350853
0.0200293606369132 0.011986759317333 0.112645814822508 -0.202451448727534
-0.00947009151342892 0.00736604455312986 -0.0534543580078306 0.138817010110895
-0.00770713535673731 0.0058924775003481 -0.139235202682896 -0.144351364748537
-0.00294883136849495 -0.00313052745107175 0.125225724428639 -0.44487173743296
0.0275411155100785 -0.0166096975730359 0.644823290781052 -0.131719628495206
0.0454782635156152 0.0497969203784806 0.559108350235143 0.708910370462501
-0.0353260313805939 0.0485494727335461 -0.365256068646227 0.954025294902124
-0.0528001367542429 0.0173978450591962 -0.627522427982804 0.282879368416931
-0.0462909408628905 0.0156263882847677 0.0657188592872463 0.0575750576328859
-0.0297217182312193 0.0467134817669995 0.53817402351844 -0.470403049433888
0.0200882943562684 0.026769138516439 -0.117481059011221 -0.953989627952273
0.0283239520866595 -0.0143774675669078 -0.864469694991675 -0.298961738102261
-0.0185259236996236 -0.0359124295696139 -0.503088151542179 0.519818648258486
-0.0299465262411845 0.000186282625553383 0.10098639869087 0.472641403582858
0.011771458720692 0.0213179730141223 0.212956401753299 0.079905905958692
0.0193525677842154 0.0174489608072565 0.114810183386413 -0.203404812096784
-0.0204734188279292 -0.00907203876031869 -0.0784718194934923 0.162968208693453
-0.0237646002934126 -0.0117550550951778 -0.179366830367196 -0.0589132209616879
-0.0122761442351739 -0.0233898352783996 -0.0759641066495552 -0.467074470693144
0.0325812579110595 -0.0500100806479457 0.479143423213098 -0.426675105952879
0.0451334239049203 -7.78665672337316E-05 0.817161781476579 0.28747420116745
-0.0300705489984169 0.00880211940489197 0.149203244528175 0.951318198813666
-0.0050508056536499 -0.0416544714937339 -0.515194190878719 0.51267708507842
0.0251263933379906 -0.0376387029624163 -0.0776020337713987 0.120869792629094
0.00952899719644389 -0.0256522649683658 0.617797833996868 -0.229985701295383
0.000795415431917627 -0.0232924477841614 0.377636087180613 -0.939911838040845
0.0216214359383001 -0.022281503536915 -0.626545777639185 -0.738686751618127
0.0134645089759557 -0.0561987857256135 -0.728399863291457 0.239626637719834
-0.0242876789465134 -0.0284520376421348 -0.0990656201773032 0.50946908732575
-0.0102472243227421 0.00240959980944773 0.1670212948977 0.194315250511992
-0.00310455986770444 -0.00324710137910208 0.0902489258474893 -0.168155951023759
-0.0170207923280307 -0.0124400451290415 -0.0713514912372049 0.161869680279114
-0.0288222154706351 -0.0169841707350374 -0.171173301009399 -0.0755940458426354
-0.0133388435202598 -0.0285150162017461 -0.039089577582609 -0.476206348025604
0.034819784965366 -0.0487277641146705 0.52264989802964 -0.382599437306337
0.0402046243684692 0.00230707704294299 0.792843734633338 0.375501656351014
-0.0322262072541905 -0.000733030894883577 0.0573540035694406 0.974668405217806
0.00701763677418317 -0.0514285740897171 -0.546415506314613 0.473185503487524
0.0410246999566403 -0.0429250872491758 -0.0538981251911649 0.108440964335729
0.018798690715269 -0.0336891229100346 0.610744913619284 -0.279946541860184
-0.00236757409789112 -0.0287033526229726 0.281487361968181 -0.967510711531176
0.0174046098270716 -0.0249722622612681 -0.694637059806172 -0.663848056155565
0.00977176893252524 -0.0578504320494424 -0.700237584194436 0.303662777246346
-0.0274475275190302 -0.0283230357509878 -0.055924225233125 0.513252432632099
-0.0134956287556747 0.000608041037797635 0.182994581803946 0.178166898334776
0.00275466728003521 -0.00380364302264387 0.0913128879557667 -0.17632814135684
-0.0181489782604358 -0.0136798440255113 -0.0687710203594379 0.153373610122207
-0.0302049940202471 -0.0144588723484575 -0.170993138053309 -0.0926100863570318
-0.0136946561421137 -0.0253909360055586 0.000334323110830185 -0.467337331174369
0.0328350260924971 -0.0448800282914048 0.567636926028313 -0.319147477847797
0.0363115581695481 0.0075300042948146 0.750979662342488 0.471671229157367
-0.0330296084761693 -0.00634457737976952 -0.0503868096179528 0.9841728224268
0.0162343460367107 -0.0546205479604987 -0.577779106272167 0.424948519363046
0.0491472433763676 -0.0432002168675475 -0.0251039727366363 0.0928817821484972
0.0192895580371238 -0.0357235295342186 0.594583039424251 -0.336446979062392
-0.00359738033688978 -0.0292471931269124 0.162981799138678 -0.982755644010328
0.0133495843286428 -0.0276618081464799 -0.762944788301514 -0.563971439483887
0.00225734026097722 -0.0562672965382381 -0.655309099887002 0.380495483427494
-0.0324150374805302 -0.0256599737340689 -0.00621971812441317 0.513282320493787
-0.0139420668137347 -9.30534788204165E-05 0.196666557726796 0.157521847133474
0.00656812567585345 -0.00394226511751087 0.0945861160244984 -0.181628481178925
-0.0148651573870035 -0.0132721733593823 -0.0621955737893292 0.149996330573367
-0.0289030113323376 -0.0162099966044323 -0.158775296306263 -0.113328779451337
-0.0106018429835129 -0.0241328405008639 0.0463385703117342 -0.466936059271574
0.0345016873583145 -0.0391768503073651 0.609688915449007 -0.254226079049857
0.0342618843562714 0.0144430568741798 0.691996657711997 0.567159056130693
-0.0326153442152496 -0.00724302918700288 -0.169100701391256 0.986229700690049
0.0197777086058739 -0.0506190732804436 -0.607622335848727 0.375177017173368
0.046926962698164 -0.0376496088800022 0.0066769784815171 0.0770736448551726
0.0157363114193505 -0.0305646195528128 0.575013078018042 -0.395914781198792
-0.0045409937447858 -0.0233427102040657 0.0424974165332509 -0.987547465472536
0.0117769160048934 -0.0271525213234607 -0.819862669020208 -0.455412715561416
-0.0059204056857983 -0.0536223220073371 -0.599429359228501 0.450544747377769
-0.0353436176956768 -0.020517610842757 0.0444703799662215 0.505284233834636
-0.0122680714232181 0.00188438035319446 0.208419850199809 0.131238195641297
0.0115372906758837 -0.0026118741265857 0.0986309944854795 -0.190739572749334
-0.0129013738062234 -0.0100403296413897 -0.0577087321256046 0.145921818044517
-0.0246720158811507 -0.0139809236032792 -0.148209639539069 -0.132020181265608
-0.0069404803734153 -0.0209838414127291 0.0909672256704212 -0.462353227155605
0.0340803708296825 -0.0322929528474887 0.639138061263666 -0.18661220176521
0.0334953847090917 0.023776585879564 0.627341090968057 0.653389823438727
-0.031319648153988 -0.00115941389989364 -0.28032773292961 0.973795202566502
0.0145913029984556 -0.0385537723868446 -0.625249760776462 0.324978783487451
0.0351244734418214 -0.0281604734540599 0.0385362682636243 0.0630380044066026
0.00696354163099969 -0.0172838718432427 0.550799449809859 -0.448346969499272
-0.00101662099436496 -0.0141573029642249 -0.0666955361812137 -0.978554784721411
0.0120902227456535 -0.0249972012625919 -0.857935559225876 -0.351906821281393
-0.0133949642061805 -0.0479075408454841 -0.540586162337004 0.508261008018254
-0.0379296135512777 -0.0135423148578666 0.0889549254251873 0.493611956830153
-0.00747018363896369 0.00652626605351277 0.217952708263211 0.106326444792019
0.0163424215410138 0.00154146191855271 0.104226075762613 -0.196586167227476
-0.0103144645862249 -0.00458582604650758 -0.0547238197414513 0.142802814226835
-0.0187429033535527 -0.00923377045592444 -0.14022733053846 -0.143213677037148
-0.00386501008702747 -0.015991685509484 0.120145791295409 -0.455609772053275
0.032598858070255 -0.0258549690297842 0.652436788925762 -0.141455839173771
0.0354682105615653 0.0344736742045962 0.577744933343554 0.705420827895187
-0.0317719036435461 0.0128231411177681 -0.354482289755757 0.963299424786837
-0.00284763354816751 -0.0209040496446059 -0.632979820717965 0.291902895893815
0.0125140754887228 -0.0140061362285106 0.0611912399244989 0.0550375311147241
-0.00487361329246954 0.00326605449274611 0.533550027766048 -0.483219296669719
0.00477849464295883 -0.000810770825173432 -0.135338512447281 -0.967454737873693
0.0156103184700636 -0.0228675662676641 -0.875390100578184 -0.284484259810615
-0.0181474723656069 -0.0432002225306971 -0.499923536944399 0.539895784561808
-0.037435632003053 -0.00716779527284862 0.116986389528966 0.480713699980787
-0.000783773324600667 0.0107210207103188 0.220797451869146 0.0862670233539344
0.0193005926709827 0.00621142288995555 0.107813134060584 -0.203255433496024
-0.0095175033634562 0.00185467233633083 -0.0541495686937898 0.140627226235218
-0.0128513369478972 -0.00221798752004836 -0.138407482664534 -0.147183335257356
-0.00299170030644426 -0.00856364487804809 0.128699304337109 -0.450871418685392
0.029964155974582 -0.0205824186424471 0.655667212478902 -0.126187734903877
0.0399511027969632 0.0437834660913152 0.557857724396193 0.72322828795631
-0.0340971288657358 0.0306692339208581 -0.378887574093033 0.957316142474599
-0.0273886994386768 -0.00119633370289612 -0.635717150055138 0.281536770726745
-0.0167140301922899 0.00182004820993764 0.0707053055733643 0.0527872130726766
-0.016355697720881 0.0258876747789703 0.528411320121062 -0.495160752380929
0.0133361763274964 0.0125821846949483 -0.158666254984582 -0.961415427226753
0.0207396762521913 -0.0191342149611714 -0.883098696193515 -0.259658784287149
-0.0202592741108933 -0.0389862748320259 -0.487636852645476 0.547485222633754
-0.0347430016727663 -0.00228282143115813 0.123049173210091 0.474366012140125
0.00594664041535644 0.0151489634088078 0.220160503197401 0.076742743340288
0.0206912014325098 0.0115121318778071 0.111850652844134 -0.2062950888973
-0.0100417818951793 0.00803503509193088 -0.0530029604804652 0.140254227741398
-0.00698699103548811 0.0054731977155513 -0.143225209324629 -0.143789975473064
-0.00256905755431868 -0.00258042383494714 0.119957093428986 -0.451418175312893
0.0282619841746738 -0.0175376869961345 0.649954550687785 -0.144064275848512
0.0468787308281692 0.0495417695301415 0.574805370128953 0.707442601229423
-0.0343862107375883 0.0498121903921107 -0.354660915430059 0.970847081977864
-0.0527983049021739 0.0186747470122417 -0.630170863111098 0.295068003760902
-0.0458146123582979 0.0165878735900721 0.0664256394442638 0.05742009001587
-0.029863233004342 0.04718808799482 0.535961729984792 -0.484170099330994
0.0206129448462098 0.0266035461399846 -0.134041937625984 -0.965370666368709
0.0290591039159084 -0.0151653211635549 -0.879496154776402 -0.28918644154412
-0.0189603702603764 -0.0365920463550258 -0.501826632390235 0.535148612853656
-0.0300912902879181 0.000578809194239426 0.109021018032761 0.475387469790903
0.0126047862012885 0.0204835949984044 0.216910348882318 0.0782692097781786
0.0203713831327396 0.0171697373354171 0.113610680599566 -0.207663673447874
-0.0206528873254896 -0.0087253492036434 -0.0770259952109096 0.164203546534774
-0.0243576820098817 -0.0117333198607538 -0.18339135798425 -0.0565296552519052
-0.012493043945911 -0.0230451840535019 -0.0845077602259704 -0.470545266979857
0.0319253462289158 -0.0513084148356027 0.478193387660854 -0.438674791763501
0.0449348836609249 -0.00202596569163536 0.829214948393705 0.277419980797866
-0.0297485849202839 0.0096585032285301 0.168059401819858 0.960148941267
-0.00569836339784265 -0.0412634201086245 -0.5103810659718 0.52658627372701
0.0249022100157694 -0.038707161158943 -0.0766150027510648 0.124208676564227
0.00851217719067202 -0.0258094985403992 0.620172896275938 -0.241150749472955
-8.24944905601019E-05 -0.0236333334550867 0.366414606555827 -0.955178945661459
0.0211970524156281 -0.022987756359531 -0.644709945825817 -0.733343675892145
0.0127365082084443 -0.056945306233328 -0.7310330271657 0.254744771344812
-0.0246868154315813 -0.0275433350170495 -0.0899297297314037 0.516711371473339
-0.0096525116765255 0.00223605823378304 0.173000400084713 0.193163956317473
-0.00288560639206428 -0.00365818927887887 0.0894119560999602 -0.170789321422535
-0.0177393765381278 -0.0122764164591605 -0.0700501722586737 0.163800863910489
-0.0302363107313295 -0.0168172552178695 -0.175086167776058 -0.072643345517369
-0.013691253077123 -0.0278778208509215 -0.0490857668228742 -0.479195849538634
0.0344170383143428 -0.050800063039986 0.522028400185074 -0.39718316887421
0.0405633533110836 0.00145705480578981 0.810826577162264 0.363367057059
-0.0323326775194947 -0.0003374230609276 0.0776715980835663 0.982390124848041
0.00548458467684294 -0.0518001650329019 -0.542703518019277 0.489007357377725
0.0409797292010602 -0.0446017325158214 -0.0529310677271093 0.110454014170639
0.0186445346431099 -0.0340991242815604 0.610966197014803 -0.290768382936429
-0.00311439240108505 -0.0287878408909787 0.268033872286603 -0.979820444521227
0.0174251682850542 -0.0254005888015409 -0.713773363520143 -0.659307722285706
0.00875646404582331 -0.0583125233209117 -0.70205774479755 0.321336167672034
-0.0283723010667687 -0.0288075733999589 -0.0463684476394808 0.518978330255981
-0.0130888485849987 -0.000502184395372128 0.188032790580677 0.177032846746018
0.00308386563699496 -0.00408863891332057 0.0903108109209263 -0.178948992334575
-0.0190049550313009 -0.0133913358279738 -0.0671873892043489 0.155454267618477
-0.0307971757299467 -0.0143085221599869 -0.174498241286216 -0.0900307369944374
-0.013372351417596 -0.0243758224625039 -0.00845699796536084 -0.46960860491922
0.0317732361698006 -0.0460882181053781 0.568066409110261 -0.333400561522647
0.0368748069574154 0.0062540791869734 0.765351001222388 0.461788560268546
-0.0342448852498836 -0.00589504503757359 -0.0333227955374848 0.994608846944306
0.0153281702336498 -0.055869375304875 -0.575530846069422 0.437916083373843
0.0484792959411323 -0.0444818023122831 -0.0237550947202833 0.0936697457666835
0.0187083370858956 -0.036169572629263 0.593977995722269 -0.34882119713517
-0.00501309253185562 -0.0292034389812117 0.149265571705784 -0.993838862810274
0.0130088850502025 -0.0274530658273835 -0.780645849043942 -0.556189626688653
0.00118836103330485 -0.0573433061502653 -0.653352803735333 0.396819272947927
-0.032850207021417 -0.0260785533565392 0.00405709998028771 0.518500900112324
-0.0134615187543912 0.000151204335987127 0.201640792787881 0.155589599131088
0.00668819956530596 -0.00443634219081581 0.0927175999969854 -0.184762677828958
-0.0157370310505272 -0.0128404649406304 -0.0606879467100905 0.151901600646859
-0.0292647995880747 -0.0157163317326904 -0.162883509722511 -0.110821284802841
-0.0103634985500867 -0.0239920526602487 0.0385753001918615 -0.470718409044905
0.0335593917951299 -0.0400421891192249 0.612346839220648 -0.267013170791077
0.0345012528672656 0.013988567635954 0.709360465013303 0.55991265821802
-0.0331775399111795 -0.00667841502911557 -0.151315858707325 0.998462659147058
0.0191629687249215 -0.0509287293603727 -0.605506743368844 0.388088864473932
0.0468398888509236 -0.0401684814954626 0.00846123107249639 0.0774448692127358
0.0148543508677572 -0.0308214517256339 0.57243500322799 -0.410388264702489
-0.0045892429226717 -0.0237135391973288 0.0262865163635772 -0.997651410724465
0.0113082537044615 -0.0279376407056618 -0.832967894045313 -0.44706720614406
-0.00658855645163717 -0.0533560195522259 -0.595755826858688 0.465702629252891
-0.0361405753836282 -0.0197962610486684 0.0539244723999791 0.507998944668053
-0.0114455702511748 0.00168052548403439 0.213172512903042 0.129496676570102
0.0119805511356726 -0.00317360613924939 0.096619837170879 -0.19373340325888
-0.0134865460793341 -0.00900182231464434 -0.056532100869635 0.146370703810597
-0.0248696055839548 -0.0140802398022103 -0.152157326666364 -0.129914775622261
-0.00661062686366177 -0.0209917882500875 0.083109476838284 -0.467154384730995
0.0336041030031167 -0.0327261546434726 0.641237821153281 -0.199700553657596
0.0344434523471762 0.0234792787354624 0.644003944458354 0.647119399902546
-0.0310457033134981 7.29757709984164E-05 -0.263958977400277 0.98783643513153
0.0139614968768795 -0.0385985444236094 -0.626941721841873 0.336666908218877
0.0352841783298127 -0.0288812836667405 0.0392313665950435 0.0629750230884469
0.00666753730319793 -0.0178075140989887 0.548323222802573 -0.462642181051844
-0.00117581467637966 -0.0140134014709377 -0.0844545702083 -0.986651878015711
0.0110498302059772 -0.0261255531936173 -0.871619118245035 -0.338509690254019
-0.015303211271413 -0.0486164411560228 -0.536422868491223 0.521673200789037
-0.0380666243234825 -0.0131963356393231 0.0972758600145644 0.496049186504043
-0.00681633698885695 0.00589772639249445 0.221572927871531 0.102875686455793
0.0162087435065948 0.00047180380750547 0.101865870619041 -0.19994838271103
-0.0113402738134069 -0.00440624772791607 -0.0532878781257366 0.143716948388201
-0.019299991935051 -0.00914298266400176 -0.145110838509693 -0.14189871985578
-0.00412005848744209 -0.0147950402189714 0.112966903976255 -0.462089647228276
0.0324549388313973 -0.0260959227834664 0.657870252857283 -0.154934725727128
0.0367411915054752 0.0340502010216748 0.59765321208811 0.700928055636557
-0.0315364894519293 0.0138114579039866 -0.338930161494286 0.979425716287252
-0.00291665819432015 -0.0208983461426991 -0.633450244003778 0.304538878551607
0.0124195171417437 -0.0137775715207398 0.062291668840028 0.054872787931034
-0.00457135419585728 0.00308011423092666 0.529802247050603 -0.49576151911855
0.00513681409923284 -0.000951774366506159 -0.153965090485817 -0.975224891249553
0.0152164369422288 -0.0229195451567161 -0.889917513053239 -0.273652661888031
-0.0195221887479744 -0.0427512477211551 -0.495274364043167 0.55476060836647
-0.0375044784051375 -0.00641395218381898 0.125888577625803 0.483815213782095
-0.000316807928820653 0.0100820366566045 0.225144832354234 0.083397807855177
0.0197036422814335 0.00525042986139915 0.105682260407765 -0.206177414913621
-0.0102162083023168 0.00255677304202928 -0.052743236963603 0.141940467883104
-0.0130919061438811 -0.0015074675258254 -0.143444105798964 -0.145889403841929
-0.00202206379333163 -0.00776441135193027 0.120116204920217 -0.456050654979222
0.0296207228957506 -0.0211462696866678 0.660472387941651 -0.138850207939123
0.0402527030079236 0.0433358811253256 0.575550074188258 0.719846226308891
-0.0336837519253065 0.0320979250751333 -0.362936707866098 0.973123228383663
-0.0276188437406595 -0.000760806367392022 -0.637393685938594 0.296640226633328
-0.0158395117587504 0.00199303760875326 0.0722150286339059 0.0528589907822464
-0.0169319947167197 0.0265639437431223 0.525528044975721 -0.507579351629017
0.0130217636499785 0.0124327985483233 -0.177305667601201 -0.966170767257017
0.0208454910534399 -0.0201746398698777 -0.896687807882461 -0.24648170889529
-0.0212506038020682 -0.0388691750453283 -0.481121860516736 0.561987209880873
-0.034239617911482 -0.00113490548406774 0.132493421164876 0.476364526683536
0.0065971175875244 0.0142226091013128 0.225503340459442 0.0734294293229144
0.0213248630733194 0.0107807824877161 0.109910021993971 -0.210837183713597
-0.0096342875708014 0.00868771370332642 -0.051972727076765 0.142417732860571
-0.0068715333856654 0.00574307696037178 -0.147480449259915 -0.142119169123173
-0.00131980337114442 -0.00241257986511443 0.112284602620903 -0.456876752546666
0.0266292583511215 -0.0177343188784149 0.654251474519888 -0.156279450831623
0.0477851732209263 0.0485708219246305 0.593006886714626 0.703659035777616
-0.034518724948 0.0511497855377823 -0.339138480542726 0.984397617234563
-0.053018883989195 0.0202319082577248 -0.630240554045259 0.309864980830778
-0.0456127645632397 0.0175529096875857 0.0677630361510963 0.0574926959718074
-0.0294747695510983 0.0482453954527604 0.534024120080002 -0.495738372939067
0.0208008238967386 0.0266530390892713 -0.150754111169719 -0.973343701486964
0.0289199670481025 -0.0161717828421951 -0.892946338905733 -0.274766158108392
-0.0205163517003182 -0.036220820793865 -0.496960145225772 0.54962033572854
-0.0307907827118289 0.0012675565178979 0.119940343999185 0.478216654909949
0.01320959925783 0.0190413909227757 0.220219785070325 0.0752162392669542
0.0207551490033682 0.016552692520598 0.111881851312718 -0.212044490097471
-0.0214290990914169 -0.00752736834803295 -0.0747989983699756 0.165692833739646
-0.0248115550275738 -0.0101367676972599 -0.186332340702125 -0.0528492208404768
-0.012913293163659 -0.0220012981949641 -0.095111380870608 -0.470699677870674
0.0301708182190221 -0.0522897640065358 0.471309829039732 -0.451475358598356
0.0451316992346046 -0.00295114154641692 0.842928810761586 0.263351521653309
-0.0300646284840648 0.0103387345981538 0.188096461945379 0.960940583343702
-0.00656611007262682 -0.0418837959225218 -0.505294628225358 0.53857192894751
0.0248411035325637 -0.0391507822875176 -0.0756434677695125 0.126426400488315
0.00721898865679048 -0.0255495239893638 0.621177262932315 -0.253688003894704
-0.000914243288257559 -0.0241917046701734 0.350955510989267 -0.967808285375459
0.0209983219753395 -0.0229704282648604 -0.660889624075971 -0.726464505358784
0.0111402615471875 -0.0572339919849887 -0.730471711061656 0.270488957979545
-0.0256639133843489 -0.0276508718032458 -0.0808608435594831 0.522385263587243
-0.00947374648762644 0.00213771407718238 0.178264377538454 0.192703003805359
-0.00303741968133662 -0.00375725042660227 0.086857962845209 -0.173375199431763
-0.018345503260786 -0.0116920872047832 -0.0681196437514899 0.165357699817627
-0.0296221203085442 -0.0158443078719161 -0.177719052415816 -0.0697591964762647
-0.0140911296953967 -0.0269295596858984 -0.0597887626748384 -0.481166527809772
0.0330664590219442 -0.0508964009845989 0.515681817493835 -0.409811950769937
0.0412308334207477 -0.000220619363754008 0.822871262667176 0.351655779030758
-0.0321038734705351 0.000472282412092066 0.0969880892533679 0.987454658444422
0.00452338259910389 -0.0515407773441233 -0.536650714448674 0.502116902067818
0.0400593375683515 -0.04589517885552 -0.0520601754958719 0.11216612550113
0.0170384484878443 -0.0349385868880811 0.608482063537952 -0.304305531997214
-0.00376374070566677 -0.0290346214931493 0.250340634948243 -0.992443174716954
0.0173004466452731 -0.0260001669103719 -0.730937138220031 -0.649832660088721
0.00749993530444573 -0.058453351125728 -0.699954700039904 0.336982025935439
-0.0287321039015339 -0.0279812504758571 -0.0376755961314187 0.522109423437087
-0.0133333816214959 -0.000780511952025938 0.193801145154806 0.175441172756966
0.00305141799744916 -0.00459247759570713 0.0873640679858602 -0.181284919962297
-0.0201006019241944 -0.012442761878458 -0.0659430071561809 0.156825304914763
-0.0306762234346626 -0.0134771893075768 -0.178068831855016 -0.0872284630362495
-0.0133410670263181 -0.0237337918093615 -0.0182845214032386 -0.471911980506167
0.0309850354951732 -0.0465048853528046 0.566375001560655 -0.347570960704202
0.0365572558876678 0.00572006764001493 0.783169354302478 0.44810894812909
-0.0342455725639548 -0.00440363345059604 -0.0119110336268178 1.00121610398197
0.014009893900522 -0.0558705801422319 -0.572181780425598 0.451824805595779
0.0484544207691862 -0.0457268255075507 -0.0233560444523918 0.0957431320691939
0.0180034401997544 -0.0366292477485632 0.592034737829415 -0.361437756257377
-0.00520829396192396 -0.0289065872338903 0.129889008003292 -1.00425242361683
0.0131445763416524 -0.0279505805077054 -0.794416286971559 -0.544991934999177
0.000180025607868759 -0.0573039892904243 -0.650216590355106 0.412462225347185
-0.0332520653782346 -0.0247013306842822 0.0147531609546376 0.519812648883307
-0.0129535034095629 -0.000739390181893215 0.206222986588627 0.152803294885474
0.0066140481376059 -0.00495360283164493 0.0910703685517551 -0.187542773418899
-0.0163201092309361 -0.0119786005752142 -0.0599814785463016 0.152412611499252
-0.0289851227248481 -0.014668363127592 -0.166981128784636 -0.108465235707757
-0.0101539156823058 -0.0233480354103997 0.029640719443622 -0.473483010521172
0.0324761674055688 -0.0410209895498621 0.607990529304392 -0.279779925784281
0.0346677010555261 0.012859098397197 0.726919535326144 0.549333579801593
-0.0330194233986214 -0.00591706381887777 -0.133285826018496 1.00610482099615
0.0180450840844969 -0.0510541951217589 -0.600096527618833 0.402549937643599
0.04686236086097 -0.0408868007862942 0.00851219572665074 0.0783400363124451
0.0136959964506823 -0.031243906466739 0.568676994597041 -0.420528910759125
-0.00559867063231299 -0.0241272650979574 0.00688044313369218 -1.00524367712111
0.0111866398810847 -0.0280350423734191 -0.849128552399758 -0.433363663138752
-0.00828690050794267 -0.0540455998976055 -0.591893963704556 0.481343192339695
-0.0369085691117915 -0.0193192136068322 0.0661737691762973 0.511642569226139
-0.0110888555767951 0.00190121941133983 0.21657519826977 0.126013823903309
0.0121499676772998 -0.00327327280545687 0.0943963213384788 -0.196699304672874
-0.0136307739453621 -0.00883807857591763 -0.0556716465389877 0.148009654345135
-0.0249921473653052 -0.013941935106153 -0.156838978284323 -0.127879298815212
-0.00666177100853943 -0.0200124098758676 0.0748629883249628 -0.470910731482555
0.0324322393769653 -0.0335899992970031 0.641621169199979 -0.214305788745149
0.0347001743156543 0.0226287982549154 0.662321801359101 0.636356033909592
-0.0316165473944514 -0.000160269115744874 -0.245707052895855 0.99928854627734
0.0130122935983901 -0.0384007820615214 -0.624703268426263 0.352207939773673
0.0357008639719278 -0.0298777856747758 0.0408672100460592 0.0623058668360722
0.00598107609347222 -0.0174774388277992 0.542883476423103 -0.474528948567999
-0.00142062646874493 -0.0142564184907086 -0.104265994128812 -0.99290484992232
0.0113898147705756 -0.0266738017757326 -0.88347801180352 -0.325301251202109
-0.0155051409073337 -0.0487248354438158 -0.52930388204401 0.537879271466902
-0.0382022021037095 -0.0120452941198 0.109253205255991 0.497068747500994
-0.00655177139904054 0.00558874542936671 0.226106732070833 0.0995221650189639
0.0165006606651079 -0.00079957118877591 0.0993475228876431 -0.203694927285603
-0.0120964761353448 -0.0033006928937055 -0.0526150606427191 0.145186445136704
-0.0191883300655875 -0.00875379735819648 -0.148850227720305 -0.139550104007536
-0.00322778474898113 -0.0146786902513442 0.103949340318462 -0.466602373795601
0.0321933378320075 -0.0269385492994063 0.659332481548249 -0.168846243123539
0.0375174730397715 0.0333768935377355 0.611738012721807 0.693131789159444
-0.0317940475433693 0.0141688308315029 -0.322451539102936 0.98975172342716
-0.00342023241138356 -0.0205493564142265 -0.634169173998733 0.3195867794468
0.0128717338219379 -0.01450509521503 0.0624657293810608 0.0541677756766818
-0.00501995383825798 0.00318479555586135 0.523690943794296 -0.508110172327767
0.00449865597234343 -0.00189918236222873 -0.172207627826953 -0.976527487597947
0.0156080187785923 -0.0237338774144251 -0.901659622715796 -0.25531015134504
-0.0202576017198099 -0.0427779823322312 -0.487281899614715 0.568448588773812
-0.0376221826850846 -0.00544633021800703 0.137531476857444 0.483412410353483
0.000229061481682346 0.00925292184744593 0.228544335150719 0.0793093046580053
0.0200762895559392 0.00447095522176389 0.103063092434097 -0.210147695861225
-0.0105767726554055 0.00289335314435628 -0.0521042093234875 0.143133814318392
-0.0126551627726032 -0.00178495735736714 -0.147697569674401 -0.143926054856435
-0.00188352645036171 -0.0081177158498575 0.115110798151536 -0.461733620520029
0.029720824210526 -0.0214029103544253 0.662492062506178 -0.154398923052886
0.041603365862545 0.0424232463204054 0.593287285714312 0.711641182714723
-0.0331098874874337 0.0329282486693234 -0.345746363148623 0.987491794193754
-0.0278425669728275 -9.37705306455414E-05 -0.635423361605595 0.310705637677899
-0.0156706330629025 0.00218235579096285 0.0730418671744426 0.0519123720744962
-0.0165818564121765 0.0272091218879298 0.519468948136696 -0.520471706823147
0.0135146946826543 0.0132107105590179 -0.193378362755542 -0.970862835364515
0.0208833304427616 -0.0208565255514728 -0.907484609450399 -0.23290778869223
-0.0219751803366114 -0.0390106468754272 -0.473372735688624 0.57789040936356
-0.0341656659431383 -0.000609294079117627 0.143460228908703 0.475185495916842
0.0075160867711033 0.0134272321293058 0.227489764163292 0.0704394653592907
0.0212746226618586 0.0100817869502001 0.10661949052319 -0.214324051109307
-0.010591738784731 0.00920906657345731 -0.0506715968152098 0.143011677338976
-0.00629493718664279 0.00630391081919832 -0.151211882150582 -0.139463447676007
-0.000274811389717786 -0.0024385021138127 0.104939977753462 -0.461749109721188
0.0273456499426034 -0.0180737988324714 0.655525325537238 -0.171418781665185
0.0487205557913817 0.0479976717338592 0.610312782748227 0.695898307660963
-0.0336353754759136 0.0519458304282527 -0.322361779958764 0.996922768502949
-0.0528858514458657 0.0217002636923071 -0.628887016569688 0.323983488067591
-0.0454501595581435 0.0182737086127216 0.0685181060755432 0.0566361727686781
-0.0293692996507414 0.0495381933092545 0.527992113713303 -0.509262390431117
0.021116440378069 0.0260251092115743 -0.169909242322562 -0.975694578406223
0.0285968446376273 -0.0164922697826732 -0.902156440145535 -0.259742436574882
-0.0214749282670574 -0.0361843184606942 -0.489034627346671 0.5641054764312
-0.0306856215948338 0.00185212266364287 0.129368709980094 0.47768579369129
0.0134070666471635 0.0183628782955843 0.223896001983628 0.0724785713583684
0.021363606545153 0.0154449482192764 0.108708911006482 -0.214958526109066
-0.0222145409947563 -0.00737671690340716 -0.073032611584463 0.16759016531912
-0.0251439803030825 -0.0101425513104106 -0.188605030152138 -0.0500544225852096
-0.0127489223849205 -0.021886731300507 -0.106541232694746 -0.470352876783433
0.0292588909479179 -0.053270745914948 0.463582494985534 -0.461776537202304
0.0453741408889754 -0.0043464741183921 0.848488329356669 0.2440407956721
-0.0297145272564728 0.0117858757624525 0.208888769893253 0.960938062972064
-0.00705800910590377 -0.0419500504078649 -0.495419986532908 0.550451634313336
0.0244311356975195 -0.0399295104868935 -0.074012185076911 0.127448926784153
0.00624517516652374 -0.0262037549317625 0.617091760684472 -0.265973092730985
-0.00257272050476921 -0.0241104946845451 0.335852725450596 -0.977373837847279
0.0206591938722106 -0.0238107744187318 -0.677995595982125 -0.716907596963996
0.00998987285975967 -0.0575996212523535 -0.729952637435815 0.285647192796929
-0.0259616290971685 -0.0270450450230572 -0.0705014589667697 0.524711448014953
-0.00893081497330698 0.00157077571305233 0.184015513958645 0.190313700733026
-0.00330566873501571 -0.0043648191633154 0.0840895335555593 -0.176640786193167
-0.0196628122143783 -0.0108155290252156 -0.0667181065219576 0.165674780533185
-0.0305850349321903 -0.0148667954495042 -0.181361479613705 -0.0678173533012074
-0.0137534735184986 -0.0257305398382731 -0.070279128699828 -0.480303726253695
0.0317148121337247 -0.0520393158026771 0.511328311859802 -0.421589313663087
0.0410146146434872 -0.00138195988629661 0.831842990828437 0.333949333983628
-0.0317045248212304 0.00141673838993606 0.117880227929364 0.988464730034946
0.00284057350859697 -0.0525596097809138 -0.530026561859528 0.514001146773125
0.0395632509825168 -0.0457787850573158 -0.0506210154796856 0.113213282365557
0.015606083953795 -0.0344654661189746 0.606088214550018 -0.315349927063165
-0.00463472152790387 -0.0286320055429993 0.233382079685295 -1.00009264094226
0.0166981734206666 -0.0275826265249653 -0.745975083002035 -0.638039693430466
0.00666968333903343 -0.0583070599578538 -0.696132713298379 0.352338072245301
-0.0293480679373334 -0.027846329090896 -0.027338875346012 0.525239844170487
-0.0119262212218461 -0.000477754538296219 0.198975400021268 0.172162683540114
0.00285889027808467 -0.00548819444120898 0.0848486056230972 -0.184155506746669
-0.0202718545403579 -0.0119695207380604 -0.0651932983229289 0.158202938006172
-0.0302012892674024 -0.0131230419555096 -0.180932003704667 -0.0837059520844263
-0.0130541433176426 -0.0227524510203718 -0.0274227177145503 -0.47269086529253
0.0293108908611347 -0.047275172209024 0.560544294144522 -0.360047851276072
0.0364158152066238 0.00443919551516179 0.793752909039229 0.433120258130448
-0.0336818811337817 -0.00404206907717048 0.00918184924872898 1.00512094426594
0.0128516607912016 -0.0563276698700997 -0.565805711420147 0.466028350673274
0.0476532639532712 -0.0468800624129461 -0.021943813769535 0.0957655856592384
0.0170087847407338 -0.0366388172737351 0.586792841371195 -0.372882149545101
-0.00623926874942967 -0.0290217881998727 0.110637991724082 -1.01135674770395
0.0124047397668164 -0.0290191401274879 -0.810075867543172 -0.531729153947961
-0.00105647399808017 -0.0572626262421583 -0.642799020025306 0.428334850923535
-0.0336200260936219 -0.0244480841520711 0.0238494398073389 0.523478018638195
-0.0122986751985825 -0.00141705288263652 0.210617621260691 0.149046741815056
0.00717072136176193 -0.0059117698247323 0.0881147276443124 -0.190636372192325
-0.0170089156617551 -0.0110195759543805 -0.0578227437186863 0.153889024447913
-0.0293130198856698 -0.0142302602767309 -0.170402970583343 -0.105149894163582
-0.00962141274723726 -0.0230572981497312 0.0200799470743687 -0.475366218954825
0.031256449903422 -0.0415811522471236 0.606134517326193 -0.294309856829041
0.0349275772745947 0.0120382827920694 0.739964748521919 0.535530758409059
-0.0328099540348856 -0.00485895482437761 -0.112202293250902 1.01381989298361
0.0174110882248591 -0.0520635436711859 -0.596756125321576 0.416325646940615
0.0467851781163633 -0.041310371580291 0.00995714730971303 0.0783031198179187
0.0123006425342996 -0.0313936884006073 0.563379214458058 -0.433596152523898
-0.00658127655941208 -0.0240180502811891 -0.0125741322241404 -1.00919751487827
0.0109347726124455 -0.0280617580114873 -0.860379455781668 -0.41854735734336
-0.00914837754662887 -0.0542176226650008 -0.584208954368952 0.493851352773792
-0.0370655470294978 -0.0184100192193318 0.0752244384691142 0.511122739473232
-0.0105994849098101 0.000761814877275044 0.221325237640113 0.123293359518284
0.0124656439933267 -0.00457936366764362 0.091225066955195 -0.199543185169666
-0.0139085893217167 -0.00757907094647383 -0.0544581863539406 0.148715913879812
-0.0246878106484985 -0.0132721275817164 -0.160037689249938 -0.125095870381979
-0.00595917454738215 -0.0195686619282927 0.0652362943252155 -0.473572479856254
0.0318982231931097 -0.0346778771058113 0.640305737896022 -0.228572042379062
0.0349098686463686 0.0220691618296689 0.676331662705576 0.626303985002129
-0.0310567723691271 0.00162098849639693 -0.225673451409736 1.00779062343001
0.0129580578064818 -0.0395126715746242 -0.619607863336755 0.363974918804496
0.0352101362180613 -0.0304421186484462 0.0417484608143461 0.062908218855845
0.00483884169189233 -0.018664252568778 0.534902462671262 -0.486098822539707
-0.00271212826054322 -0.0140036946652127 -0.122788359227495 -0.993304713264426
0.0109686359477685 -0.0270990508813389 -0.893989481017087 -0.310273277810884
-0.0163754933534879 -0.0484597459678468 -0.518725378690682 0.551350529350666
-0.0388378136317472 -0.0113400128350493 0.119970564660945 0.496514425629939
-0.00587727181696087 0.00445665354013478 0.228454156033497 0.0959990228070042
0.0164911643053445 -0.000943014676260131 0.0970016900862445 -0.206263457328807
-0.012089167427271 -0.00196045136532898 -0.0515086072255449 0.145612760596146
-0.0180609704769039 -0.00852960358703683 -0.153436468068636 -0.13721028499424
-0.00300323746280327 -0.0141281386893798 0.0952420213472576 -0.468222686115313
0.0314493893310566 -0.0278016136693489 0.659783332304741 -0.18321832635886
0.037323837455523 0.0324780783869719 0.62649088564815 0.682663363430808
-0.0315432581062638 0.0151398146504785 -0.300086012553564 1.00089913935131
-0.00349779948219132 -0.0200800996370023 -0.628420588681556 0.331381863946913
0.0123876021138161 -0.0147904344269872 0.0642666394794199 0.0529630129638993
-0.0051595421370448 0.00364579451865453 0.517325659367337 -0.520380058853914
0.00460547111943213 -0.00129387401755911 -0.191764277759436 -0.977764555295069
0.0149873751676119 -0.0244893023099342 -0.910629288666225 -0.239981349205457
-0.021477114392226 -0.0424758186624547 -0.478052696077854 0.582448612708086
-0.0379808512234801 -0.00463954622075028 0.146727527489482 0.482876521853037
0.00120958455196872 0.00897005435880746 0.231547622840308 0.0757623125462593
0.0197624162806674 0.00360522549826167 0.0994259794719888 -0.212985845178051
-0.010645838749388 0.0040726379725426 -0.050330290658862 0.144710259413085
-0.0122631814121938 -0.00157398920723292 -0.15164337673781 -0.14119378841125
-0.000928806208696032 -0.00766974394801537 0.105895682968046 -0.464671083485123
0.0291801094166875 -0.0221656643361716 0.66271545605284 -0.167283525927985
0.042338053093298 0.0413241801232706 0.608934574984984 0.701616749127478
-0.0318970294132259 0.0340843789541605 -0.327173609879114 0.996616660174281
-0.0277403378316952 0.00117855251885963 -0.631186793704233 0.323677680044984
-0.0153776310300127 0.00259666537324073 0.0738235200631841 0.0515329146050931
-0.0164085142953994 0.0283901678409195 0.511149641629796 -0.531532642712748
0.0132181108479058 0.0123022965957715 -0.216043899035273 -0.968432202345394
0.0209994854892562 -0.0212536414991452 -0.917447689256765 -0.214091838880045
-0.0230277698911408 -0.0387038971461789 -0.462635074171889 0.590200180821972
-0.0343205703952486 -0.000486221766354392 0.152055203596593 0.474508620033569
0.00841518006666707 0.0131700881896159 0.231093822355375 0.0657638115882403
0.02120167096207 0.00867786463036357 0.103043921599973 -0.216832565467654
-0.0101853913235309 0.0100325007727134 -0.0495214946705093 0.144562295139967
-0.00554320279997271 0.00614534646669164 -0.154598940983485 -0.137131527307739
0.00090568276245784 -0.00183851463704221 0.0963661207762713 -0.464988730664432
0.0267912809318091 -0.0185751240818919 0.654717987390244 -0.184814185672731
0.0490664951861617 0.0474274568000731 0.626428180521233 0.683261032051007
-0.0320593378196338 0.0528823518997657 -0.300479698912406 1.00586959538188
-0.0520466406988119 0.0223276753285092 -0.623890882545553 0.33572637724055
-0.0446500600405743 0.0193057494831892 0.0700418202823825 0.0561689428744452
-0.0288818310316814 0.0507823567599974 0.521109982475489 -0.518811580478438
0.0217780818493941 0.0260200089685089 -0.190513460722303 -0.975339388940379
0.0282306237946696 -0.0179269147089567 -0.913185836215629 -0.242772484477189
-0.0213620314869391 -0.0357431979846812 -0.479798717983099 0.576618648286239
-0.0299935071147201 0.00259737434659492 0.139877507105611 0.47746711137361
0.0146655670469085 0.0169469787674855 0.227291695311949 0.0677848410998878
0.0213408808625616 0.0142040968903426 0.105482781929225 -0.217941820491203
-0.0228905516438553 -0.00687729434665525 -0.0708212101557356 0.168229739772013
-0.0260362616066428 -0.00932667160144781 -0.190235348682835 -0.046879069034163
-0.0125517822427026 -0.0216444130134601 -0.118043094492428 -0.467757352908885
0.0271693499892892 -0.054809190263041 0.454466193446202 -0.472324515350087
0.0453098314703412 -0.00602359682752543 0.855822088992586 0.226967934986633
-0.0294356545845423 0.0115743742767629 0.231290865863207 0.955385422790443
-0.00921912925389688 -0.0415129177450947 -0.485785975287221 0.560187233425095
0.0242390613563315 -0.0400724378925057 -0.0717490330952897 0.129192151646729
0.00627623670312962 -0.0259521506442999 0.611795122786578 -0.276593564365475
-0.00387569862721112 -0.0236866980280938 0.316261866775273 -0.984321575606904
0.0206265412501702 -0.0248188813281753 -0.69495346404074 -0.706159431099463
0.00965345918638554 -0.0576125538129814 -0.724145176364562 0.299428367556866
-0.0262092336983582 -0.0266175213198734 -0.0597843437099501 0.525108264167382
-0.00872898082750163 0.00113149241186285 0.188789020111655 0.186587259052606
-0.00372257134610381 -0.0047636855057963 0.0814831241294816 -0.17751866625027
-0.0201884155243135 -0.0106217381114084 -0.0642978957406957 0.166129779636136
-0.0309140522809922 -0.0140533015055325 -0.183517250864416 -0.0638796099723883
-0.0139987291522797 -0.0253370932691556 -0.0814865755362184 -0.477766793750948
0.0292765260959815 -0.053188944843282 0.502340917624293 -0.433532404248743
0.0401820588296272 -0.00249773600307784 0.838310466917594 0.316781843438468
-0.0321618450376319 0.002335621024135 0.140182241533204 0.986496769823251
0.00280929811145083 -0.0520842132983498 -0.517925867304936 0.525336373070571
0.0394831479963613 -0.0468385111253622 -0.0486602259101313 0.115140186439145
0.0148444183217075 -0.0346997096459338 0.60026148578321 -0.327596251648727
-0.00566036077894158 -0.028787904881834 0.212916523819679 -1.00688988703298
0.0162985134231375 -0.0274262145337399 -0.758984121354014 -0.625242519093502
0.00521618835893564 -0.0592616287261176 -0.689124259496717 0.368961945874307
-0.0298899376277155 -0.0269500003726196 -0.0160152590301284 0.526375875599344
-0.0118090891009442 -0.00162856873864275 0.202707517937435 0.168517446395183
0.00254353599596118 -0.00581942948883634 0.0824813864966549 -0.185201288753623
-0.0206542075354137 -0.0106731723900264 -0.062577794594026 0.158505576283679
-0.030058061371479 -0.0119511882541639 -0.183780999299639 -0.0788509361016755
-0.0123256360799843 -0.0227897406378508 -0.0374017295400371 -0.471521481028269
0.0278572844761545 -0.047853338275539 0.554989198403932 -0.371525782781903
0.0368664096622392 0.00378207247857855 0.802691369469649 0.415776431351741
-0.0339926401511398 -0.00354225378447964 0.0292637016737476 1.00529110506608
0.0122409556067224 -0.0564432633228253 -0.556548900662655 0.47748399891353
0.0472039868595173 -0.0471655176126238 -0.0208798139901018 0.096339320083551
0.0161554749286481 -0.0378840282307924 0.579809261382166 -0.383000033310747
-0.00729628487561659 -0.0286972113710603 0.0939979603085443 -1.01336140084666
0.0121792529731648 -0.0288264526655415 -0.820304085738683 -0.516176963174245
-0.00207038899563494 -0.0580027109367491 -0.634546634254902 0.442352190900627
-0.0340978879811164 -0.0234029670320711 0.0345228565427009 0.522529955961475
-0.0119206698849302 -0.00140278096846892 0.214348178398454 0.145436287292771
0.00628938435845396 -0.00629043187467652 0.085902114389357 -0.191319182550029
-0.0171354884039452 -0.0107444154677095 -0.0561374452264656 0.154537357319082
-0.0285099744745335 -0.0137012385498183 -0.172292993119494 -0.101815186483985
-0.00929516009812644 -0.0225035687887724 0.0104959299314358 -0.474093287884317
0.0300077382293739 -0.0420264816850456 0.600096385856835 -0.308037461830557
0.034849649601276 0.010608061944122 0.750663461934696 0.519769258937057
-0.0329033351827577 -0.00432950935901622 -0.0901504630271615 1.01758106077697
0.0164303763883877 -0.0515400104514445 -0.589255569132301 0.427511164591915
0.0460497899667724 -0.0430670659224783 0.0109696155234122 0.0791757102895121
0.011387498172502 -0.0316710838534322 0.554373213632575 -0.444435426038472
-0.00686999683311285 -0.0235057189035237 -0.0317702442654287 -1.01019964003757
0.0103847136764218 -0.0287190732780393 -0.86922245586229 -0.400766639022201
-0.0100251242498142 -0.0542082141122271 -0.572732812534713 0.509596486401505
-0.0371742836975741 -0.0178821587997177 0.0858182982614425 0.509765827417074
-0.00992381907591816 -0.000278133467091726 0.224082032681014 0.118946781681177
0.0116666552584488 -0.00539409045737186 0.0872460012977509 -0.201384300286834
-0.0150286241634752 -0.00712282325329801 -0.0526775668475468 0.148899214089244
-0.0241508450567488 -0.0122952655691162 -0.163174202588228 -0.12201576598448
-0.00506380049860311 -0.0190942779187277 0.0564180783709482 -0.474678054448885
0.0309683680048915 -0.0350762797974468 0.634835235303785 -0.242343705620043
0.0349718625671282 0.0207205328299926 0.690722100277698 0.611121228732536
-0.0314634364881379 0.00161836148104287 -0.205667647660699 1.01117185895091
0.0124400480879068 -0.0395592637973287 -0.612795820797309 0.377347089763928
0.035047189901562 -0.0315006643280545 0.0426460959198102 0.0627445723460297
0.00382722556824999 -0.0173122946791791 0.526488901449448 -0.496013595951212
-0.003541947144057 -0.013468459979728 -0.142182654780981 -0.992732624392314
0.0107674176932682 -0.0275521343469671 -0.900273085377402 -0.291835520106201
-0.0175917283753298 -0.0482240830714662 -0.509583770608306 0.562186066104614
-0.0380034640366403 -0.0105382108410058 0.128922141862953 0.493162151120711
-0.00520657443641485 0.00424569247226683 0.231567375488769 0.0916090656167568
0.0173566941944853 -0.00233128830809207 0.092482141246185 -0.208588172509802
-0.0125582891929398 -0.00186556982604433 -0.0485839589210321 0.14645513551767
-0.0174756693399675 -0.00840576078963695 -0.156686299684587 -0.134108505492041
-0.0016866110729163 -0.0140711120212678 0.0859060226115997 -0.468902721625004
0.0304501149495806 -0.0274271800306687 0.654469870997346 -0.196564046354506
0.0387804035671006 0.0312588727529403 0.643284189313909 0.66778365363372
-0.0311056806998095 0.0157408328883294 -0.280201601201766 1.00554272657889
-0.00362946234612313 -0.0198961228129677 -0.623595902050383 0.346164961982934
0.0125165334675094 -0.014993922668741 0.0642141678980095 0.0526249367821508
-0.00565121811067776 0.00361150599758799 0.506076558384108 -0.529429083769664
0.00425204211433468 -0.00198974664373827 -0.213823569253016 -0.975590820042609
0.0146217529062798 -0.0248778363017538 -0.915647135980264 -0.220397251362325
-0.0223621050003736 -0.0422531159212539 -0.464949267176737 0.591605762812204
-0.0374714159255518 -0.00390259024542977 0.156570270198109 0.479162558651695
0.00132999395980276 0.00785204363650764 0.233686531009413 0.0716614333348411
0.0198471291497567 0.00280934020256101 0.0954472865966794 -0.214937868725961
-0.0110467325071795 0.00476861384904957 -0.0479610943023845 0.144975501277847
-0.0112047616651652 -0.00147481277580272 -0.154593434210207 -0.138296079696281
0.000342620333751882 -0.00773162942988734 0.0975333095034041 -0.465931038026103
0.0280847758319749 -0.0217924618004585 0.660445624304453 -0.181600473192798
0.0429575646013409 0.0407973272217177 0.624231569748564 0.689856176368531
-0.0315337148557679 0.0336518629136595 -0.306675371702984 1.0043395127381
-0.0274219142540309 0.00163444647386251 -0.623840149968584 0.336875394331607
-0.0148830947742409 0.00298400497538997 0.0745573712590316 0.0499814026652378
-0.0158439237661751 0.0280058491249905 0.500848386554706 -0.540997523369811
0.0138364257555069 0.0132008365685378 -0.231675998604003 -0.966043812876874
0.0204071375515541 -0.0218390080198041 -0.920283682608061 -0.197161608094859
-0.0237499898310442 -0.0386203553483513 -0.451576271433908 0.601524499442971
-0.0338138963773614 0.000537340654465333 0.162502440706489 0.472014941740912
0.00890845149275337 0.0113964112677504 0.232228188343104 0.0613747492177537
0.0218554624514047 0.00736348532261643 0.0990825171915388 -0.218914748375911
-0.00994966606030532 0.0108041852490999 -0.0474638606180892 0.144756965892991
-0.00477218318079362 0.00631626153330701 -0.158763735676015 -0.133873935664957
0.00187211175305872 -0.00218491853256752 0.086631475837178 -0.46515884906207
0.0256179141178489 -0.0189088099914129 0.650123179712536 -0.199364777112826
0.0501925889301381 0.0462044602695048 0.641528344369693 0.671166054579536
-0.0305982643317387 0.0534673008328233 -0.280752577509168 1.01278099814841
-0.0514633489635085 0.0242144492467406 -0.618131815775581 0.3487169663577
-0.0440786326272474 0.0194203235290582 0.0704094573205048 0.0546841095130416
-0.0277813181649907 0.0513934911579814 0.509199845991186 -0.530570542659223
0.0217131048114961 0.0260137057155149 -0.209307807122151 -0.972420604876674
0.0282350669305984 -0.0189349294318257 -0.917368517650278 -0.224825895974981
-0.0224562045570096 -0.0356165891471949 -0.468103215235087 0.587082429172389
-0.029702815738287 0.00331500182029772 0.14882713426605 0.473434183521269
0.0152866328218946 0.0155060321040046 0.228412324955859 0.0631549803318768
0.0212561701607575 0.0135998305320728 0.101378404661687 -0.220944270479689
-0.0233629226944096 -0.00543267191990641 -0.0677086845166935 0.168910013352496
-0.0261560016365411 -0.00805018960789599 -0.191593936350395 -0.0427054517973278
-0.0125484332771457 -0.0209318116665884 -0.12702959490669 -0.46261062414387
0.0250983841646983 -0.0546439848200409 0.443372019247324 -0.482098475932094
0.0441785632103246 -0.00701393289013911 0.857264276835023 0.207250130668975
-0.029053919399532 0.0131186412240028 0.250407367734493 0.949962977476119
-0.00917268201676144 -0.0409348908667919 -0.472318897123483 0.569307881581457
0.0235843917511248 -0.0405483914708201 -0.0697455165940186 0.130837210178889
0.00566668555062517 -0.0252062081792481 0.604656098425735 -0.288084559916691
-0.00355089644401795 -0.0233909807174265 0.296678610866361 -0.988395782696933
0.0200177082655196 -0.0244049099951596 -0.706255649943796 -0.691903207365674
0.00775566667534368 -0.0583745669969441 -0.717932532434208 0.315255554212894
-0.0263750351465865 -0.025996988848839 -0.0500111358241612 0.526136443302732
-0.00848237333327389 0.000702159291397875 0.192652350921447 0.182748052051009
-0.00409001210448882 -0.00484189788471855 0.0777735169436683 -0.178179969650336
-0.0205373604267149 -0.0099706100868507 -0.0619544403802335 0.166522591886633
-0.0309090385047401 -0.0123641402580432 -0.184590272024748 -0.059451119702165
-0.014157744911091 -0.0253165021193562 -0.0924040201991005 -0.474564221094919
0.0282817708359813 -0.0535351787734197 0.492438120880832 -0.443290226390464
0.0400125281105176 -0.00327466969777733 0.842079290466034 0.299334063450456
-0.0314995864487031 0.00278731149276666 0.159984064886551 0.98110209418862
0.00174172595804833 -0.0516305373060377 -0.508624030634408 0.532793514817098
0.0382857839985712 -0.0471544754312155 -0.046516530128602 0.115839985425519
0.013480124794316 -0.0353033423425289 0.593983189509922 -0.338006325565348
-0.00599539123525723 -0.0288860639911227 0.195516794734001 -1.00782218898178
0.0155439802671354 -0.0274421690031518 -0.770123630847467 -0.607026695491584
0.00371381163622399 -0.0589474039963558 -0.67982249268614 0.38221889009438
-0.0304378204858261 -0.026218412289494 -0.00727066332650989 0.525462794747737
-0.0116132617632328 -0.00186026107411161 0.206861773533498 0.16525886902851
0.00268748195653699 -0.00655498670386107 0.079045589965717 -0.186760568974174
-0.0213992884339131 -0.00984915856492274 -0.0608463292208241 0.158580361733747
-0.0305951980750435 -0.0116744268337189 -0.184918332884305 -0.0752386005089628
-0.0121513932514228 -0.0218915473513465 -0.0458756987277681 -0.468855979057345
0.0260685351256795 -0.0476940739802845 0.545149106333915 -0.381797741471866
0.0361802882573501 0.00233095163062677 0.808245349719917 0.397823017903163
-0.0336854862093708 -0.00269824643723533 0.0518344630338035 1.00244677367621
0.0114052673048555 -0.0560169088255123 -0.545388130894654 0.485732027349374
0.0469535874655644 -0.0487874887031619 -0.0191233802745141 0.097281402525236
0.0145207546502839 -0.0370508801354006 0.572663562713275 -0.393998800633217
-0.00732422751875494 -0.0282065297321005 0.0744692025439825 -1.01338633955421
0.0118737381441615 -0.0296706001961726 -0.829641087281839 -0.499442373500432
-0.00293020249846588 -0.0572510831089057 -0.62437962849938 0.453024396225828
-0.0342609642170582 -0.0229143237644568 0.0448444652580571 0.518848907535158
-0.0117852653924721 -0.00255492620966442 0.217094472551124 0.141220010075915
0.00686383078449123 -0.00805285206146211 0.0813640017586391 -0.192267501242935
-0.0178400300601805 -0.00977109684098293 -0.0538645366641023 0.154759211672627
-0.0280542397862542 -0.0134399812150415 -0.174832376154227 -0.0973948238372546
-0.00860907605065144 -0.0217131191058136 0.00186863828303928 -0.473500325076817
0.0290692613152957 -0.0424147846655737 0.593545031938583 -0.319164358850228
0.0350593188962729 0.0100488519667735 0.760758005978073 0.502186911331581
-0.0328732757699102 -0.00344521656359964 -0.069453393356443 1.01460888207219
0.0151314465186229 -0.0518383369906038 -0.578404916146164 0.438261864586577
0.0459326648136757 -0.0435907852628286 0.0121988152853619 0.0788761483673576
0.0117846188173277 -0.0315513744274119 0.545825691776398 -0.453822152127058
-0.00784783148554262 -0.0234615291934011 -0.0497148532169678 -1.00698971062823
0.00956336449945319 -0.0292030881895258 -0.875863565907169 -0.383604713127239
-0.0113901443370133 -0.0527884211775789 -0.561253489579161 0.52070454162069
-0.0373670797222822 -0.0172341677849584 0.094785025601312 0.505791914663621
-0.00997654568946693 -0.0004028486971859 0.226559968493876 0.113818008934321
0.0119324167811924 -0.00649220822190084 0.0835219460920295 -0.202532265421245
-0.0151334782949076 -0.00598353277339827 -0.0500507052909776 0.149547476375718
-0.0244373004655351 -0.0119878239287149 -0.165883475206739 -0.117428587575586
-0.00432974796855367 -0.0187121420124872 0.0478615185937692 -0.473356962582398
0.0294665318836684 -0.0350871570241356 0.629603177528106 -0.254966695455587
0.0355809481078601 0.0201885094333511 0.699642030661572 0.596421597695011
-0.0313034248084674 0.00248430517518572 -0.182746321090333 1.01252933274736
0.0113676629801454 -0.0393046481192625 -0.603350051104139 0.387357614700918
0.034423195789269 -0.0319435834892656 0.0432322351888311 0.0619005077427518
0.00354511078265117 -0.0177551791637279 0.517417385251771 -0.503345133261856
-0.00303544947881077 -0.0142679532305694 -0.159726255871904 -0.986668183081612
0.0107649456956036 -0.0279960927610144 -0.906458320425608 -0.272341174963151
-0.018316724972245 -0.0480901324356356 -0.496079111790458 0.572248404962852
-0.0385618842224505 -0.00962326740857302 0.138247283574712 0.489737963230518
-0.00407009074302001 0.00247681550682438 0.232893649664795 0.0863748241441573
0.0171307483707438 -0.00324842252669561 0.0886568110478938 -0.209506849715178
-0.0119975244003977 -0.00094529682395149 -0.0471894753338976 0.146478636248842
-0.0176306292999639 -0.00784513297928993 -0.159146401404565 -0.129747016305578
-0.000885727542479458 -0.0138856366859336 0.0775468886028416 -0.469112877111678
0.0295426036234453 -0.0284627950568584 0.649130912400227 -0.208809176084438
0.0386966546889752 0.0305284154713795 0.654710602318791 0.653421455050299
-0.0301924622962101 0.0165392122356346 -0.258847890634284 1.00832396341955
-0.00428254415741458 -0.0193223850392074 -0.614162431856029 0.356829696306242
0.0124099408335808 -0.0160083970600434 0.0650342396476801 0.0514189778970971
-0.00587134033825426 0.00392182531924293 0.49622481763887 -0.538002230766364
0.0042086284831478 -0.00141735684320472 -0.22942869820272 -0.968423846175636
0.0138643692881182 -0.0256600489957163 -0.917818998062748 -0.202486103597968
-0.0229109399188877 -0.041897061387515 -0.451031170936771 0.601804877076503
-0.0369753184527179 -0.00329767354427335 0.165402853293555 0.474426886939348
0.00207474468362387 0.00668327789830573 0.235491334372051 0.0663344715365684
0.0203594133815813 0.000891616341494963 0.0914656454375888 -0.21633044510813
-0.0105854780901152 0.00571704863465347 -0.0465584842794905 0.145084539610231
-0.0108734019692438 -0.00176275559462478 -0.157339226155757 -0.13483184009446
0.000885668546276953 -0.00769404466087122 0.0885514610594473 -0.466806996712826
0.0280629245193079 -0.0227758196101313 0.653864131910535 -0.194343238839362
0.0444801080249297 0.0397291621945892 0.635753646942436 0.675111429672825
-0.0301371396902913 0.0345552018137142 -0.283377035430597 1.0052019297275
-0.0277311276575903 0.0020081673007147 -0.616942107586535 0.346266368930956
-0.0141516791844192 0.00328294234367856 0.0753785696550893 0.0488729098854385
-0.0158348896426092 0.0296381264267901 0.489541765603898 -0.547680128968423
0.0133941774372178 0.012249690969481 -0.251376270891461 -0.959695058765151
0.0205012755872279 -0.0225916144099199 -0.921749529099023 -0.178232751072911
-0.0246158905139791 -0.0384922503672493 -0.437582554809442 0.608304804509483
-0.0338939543415466 0.00114075352356027 0.170900485800493 0.467075869119759
0.00891922326338648 0.0101881946172649 0.233590350167083 0.0566348348370071
0.0212940959917471 0.00691784829782264 0.0955554934728923 -0.221071686313025
-0.00995391723956164 0.0116815929857183 -0.0453275928095469 0.146151090246648
-0.00449202778023854 0.00601009090294605 -0.161023955194944 -0.130790076387845
0.00255332043771751 -0.00242692747169938 0.0776566996813045 -0.467553185268451
0.0253138933734927 -0.0189597995213273 0.643966290300505 -0.21334421126243
0.0509474389214927 0.0451575978066196 0.649888656716562 0.65690728833285
-0.0298185628445234 0.053827253436957 -0.25715767759929 1.01503956412286
-0.0503581239227244 0.0251486382957889 -0.610054089380764 0.360197281810267
-0.0429042716655268 0.0208131914175051 0.0711758497188865 0.0541250734271411
-0.0272814275455807 0.0519495213637823 0.497934130962828 -0.537000348497944
0.0222175597510195 0.0259475275388252 -0.22664386840427 -0.966933563365249
0.0280124714729258 -0.0192508729296757 -0.920778146754448 -0.204746972638478
-0.0231010372081085 -0.0347673710436514 -0.453763020190941 0.596885798049691
-0.0290052739484132 0.00301208751872272 0.157005039304792 0.469756877472454
0.0155876454518345 0.0145077324064759 0.22948566897819 0.0588527424245742
0.0213511038632053 0.0125588586407004 0.0971406135278924 -0.222182165352812
-0.024220747436866 -0.00481371885550177 -0.0656617264133001 0.168254412484162
-0.0256946315465016 -0.00765278478856222 -0.192529777116942 -0.037931470574231
-0.0122327936922573 -0.0198495875004231 -0.136329673705163 -0.456499118849111
0.0236947087335975 -0.0546845163888436 0.431535876814323 -0.487604237594499
0.0436334333831844 -0.00810250669587225 0.856532961245299 0.188320744994103
-0.0281657167947139 0.013525357947118 0.266799479824387 0.939714377215932
-0.00960449431529877 -0.0404194976732391 -0.461527663196341 0.575265448460889
0.0230382850530677 -0.0412682528613729 -0.0670945098133898 0.131752122699319
0.00492540196072586 -0.0252419897544331 0.597639061579864 -0.297637641669327
-0.0046468275095371 -0.0233946045002846 0.277249349302682 -0.992609729463058
0.0192748251653028 -0.0253281672277507 -0.715833172434178 -0.675289155381679
0.00727242082786533 -0.0574581225896228 -0.706814699930441 0.327596773456252
-0.027158262757902 -0.0255556739057372 -0.0392375123950696 0.524711591096985
-0.00757010429029899 -0.000322312264872934 0.195325167671338 0.178515199300936
-0.0036721697907287 -0.00480057301885015 0.0749025946954655 -0.178416852015751
-0.0209150941080565 -0.00871048237603128 -0.0594113698163072 0.167117288464324
-0.030929842394545 -0.0120149299623846 -0.185516651170426 -0.0562169688358642
-0.0137074212453148 -0.0239521692367935 -0.0998789356599996 -0.468737777920568
0.0259096124893802 -0.054038770944637 0.481024442669745 -0.448475873185832
0.0392501992898772 -0.00469387113727861 0.84624459032193 0.28012842936821
-0.0311471010185637 0.00332414992731418 0.178015460627206 0.973832575341602
0.00113572820003377 -0.0511934086459521 -0.496004229599143 0.540618243447164
0.0378659091308921 -0.0478671418707464 -0.0456306662983332 0.116844813924123
0.01327062700801 -0.0350572553629648 0.584072380519218 -0.346613450695785
-0.00689823178996143 -0.0278115841932487 0.177393618444621 -1.00664426295343
0.0159697924721577 -0.027796909401956 -0.776089369582911 -0.592599745854393
0.0032819553983324 -0.0587246304621472 -0.66982074996423 0.3927627501193
-0.0305201409861448 -0.0256132301731749 0.00412030769110149 0.522729110861268
-0.0113030097254785 -0.00268267403530653 0.208858972114044 0.160100750409492
0.00265820254172635 -0.00666438915837096 0.0754766789452935 -0.186629269479561
-0.0218944392928156 -0.00850871897835709 -0.0584664662861474 0.158831289090745
-0.0300487745241749 -0.011130867412544 -0.185702317078381 -0.071035776848283
-0.0110420248591353 -0.0217065981878719 -0.0550014366529203 -0.465307395322281
0.0251114155193399 -0.0477723026886587 0.535592677911522 -0.391432896256329
0.0354803086812582 0.00159653521321777 0.813550670993414 0.37865409583925
-0.0333986757557884 -0.00165573308072938 0.0699219777554232 0.99527801586238
0.00983723823751794 -0.0556134954017585 -0.53403034322415 0.493188251894124
0.0453682521106431 -0.049539411649432 -0.0175276172032297 0.0973275622837503
0.0135802337321348 -0.0365262482253478 0.563392785451797 -0.400227162839033
-0.00845732278213127 -0.0284706770646505 0.0552097878308242 -1.01003318897965
0.0111556689751834 -0.0291536680300921 -0.833744137868664 -0.481611341021795
-0.00460114620711511 -0.0574114498407521 -0.614262165196044 0.464958541165342
-0.0339577258494273 -0.0219530071080808 0.0538564280274262 0.515922674664011
-0.0114880265157966 -0.00329879837949093 0.21947226739784 0.13664695768623
0.00686651273821959 -0.00775239523033368 0.0778711019221014 -0.194429346411491
-0.0181978001760642 -0.00899095266996412 -0.0522727726996701 0.15438734333914
-0.0287294875430264 -0.0126233721531246 -0.176543511735652 -0.0928950670944718
-0.00838363955953 -0.0214226736082066 -0.0073560372805523 -0.46988765085675
0.0278092101174464 -0.0419848485596131 0.585071448530432 -0.328360819590152
0.0341089635669127 0.00932511573628815 0.766551388443139 0.48581381988829
-0.0322400385398892 -0.00261366118242446 -0.0483385619649205 1.01222420706208
0.0145413067337662 -0.0510188026049597 -0.568198549546506 0.447033133491843
0.04499595425487 -0.0438004621673989 0.0129931306851728 0.0784275541226428
0.0100177045571962 -0.0310669036818866 0.533771531440561 -0.460273995108409
-0.00827403196960532 -0.0222611194682153 -0.0671007178810849 -1.00054279774361
0.00967817642463193 -0.0295766898090718 -0.880407348035934 -0.365447608242761
-0.012659078918715 -0.0530760923972343 -0.549621912466932 0.528410217056702
-0.0375416969777708 -0.01630186472573 0.104202252633049 0.503278885793111
-0.00897500650436508 -0.00133135932623056 0.228191938888219 0.109154908086288
0.0119622527467902 -0.00642003844658914 0.0803866084368906 -0.203170288827531
-0.0152112443122271 -0.0055396643365363 -0.0489661544071187 0.149576883859749
-0.0241055753634708 -0.0117249934689662 -0.167584710592869 -0.113232227107233
-0.00392924601155616 -0.0188068112434252 0.0389539026322652 -0.470933313790535
0.0285808994021432 -0.0348287154385315 0.622566252803331 -0.266776883178995
0.0352016493680696 0.0193270487250931 0.707028831173207 0.578951979953101
-0.0302277044546156 0.00244981735351137 -0.162541903578666 1.00959055505955
0.0114430696360184 -0.0381804250652482 -0.593400694571141 0.396769467758057
0.0339343920219292 -0.0320332698913625 0.0441423325714011 0.0608567822208261
0.00293207090890349 -0.0174864276631022 0.505163912367005 -0.509536870173313
-0.00356754781560787 -0.0134964676927433 -0.177706714711964 -0.981539229153073
0.0101896841391278 -0.0279052752135538 -0.905831157900387 -0.256131328272439
-0.0197892888844034 -0.0466571730531805 -0.482701699810333 0.580423614162619
-0.0382311777091436 -0.00881391862395806 0.148597304922687 0.4842312375871
-0.00389193791462709 0.00179808713584234 0.233924192334104 0.0821085467566711
0.0163868460739941 -0.00417678797206638 0.0844866198551439 -0.210529796993374
-0.0134559030907955 9.38013091034964E-06 -0.0453223730960388 0.146259107413354
-0.016961871884825 -0.00718705517077897 -0.161032230870915 -0.125775817365114
-0.000666071974207887 -0.0135396964517804 0.0681931676545757 -0.46835192370726
0.0282188378620962 -0.028458847731926 0.642966771455349 -0.221891630019918
0.0388501775617869 0.0295638153671529 0.663277854211691 0.638102899901845
-0.0294707121695249 0.0164435700172957 -0.24008103588614 1.00662062169398
-0.00389705294717149 -0.0194460624326694 -0.605404148032846 0.365219025946293
0.0126690043061539 -0.0161217202467412 0.0658826719782305 0.0501304465695022
-0.00592602624706068 0.00476159513065467 0.483830434449194 -0.541651416162072
0.0039963730653628 -0.00100275066619556 -0.245773225151172 -0.960350766241433
0.0133182497916269 -0.0256879595327766 -0.918027767631586 -0.184909954923025
-0.023723674222766 -0.0412832042386315 -0.437822941465964 0.607579138114512
-0.036920616779293 -0.00240511510422003 0.173309109501268 0.468433640798132
0.00259200774776073 0.00508688741855836 0.234804748068997 0.0619238013726401
0.0193965814111415 0.00057656620018969 0.0880465774423594 -0.217051567326368
-0.0102581234325699 0.00648530047788736 -0.0447656817467933 0.145222712920298
-0.00991156008438085 -0.00189815072849348 -0.159994065184985 -0.129906261716103
0.00246647321438169 -0.00734007085558554 0.0792156332199569 -0.467136212411323
0.0269331985406015 -0.0223189071817633 0.646914907701575 -0.207516661845133
0.0441182371608233 0.0384491474943948 0.644339269939287 0.659595517365145
-0.0293469730274362 0.0352240088858992 -0.263830857189539 1.00493642964991
-0.0267793915525813 0.00390796793819192 -0.60735995273803 0.357595532294595
-0.0142616345626719 0.00262604465388146 0.0747802461757796 0.0478462859398184
-0.0155373125631369 0.0297151274421036 0.478175275615691 -0.553947944624561
0.0134272039548239 0.0115199590665156 -0.268397068785635 -0.950455924435035
0.0202224764548697 -0.0235230135277239 -0.919950324419667 -0.159370181247455
-0.0253769472937973 -0.0366076288328917 -0.424281310866483 0.61485423175596
-0.0329201613785457 0.00145224005900613 0.177753546519948 0.461853706512805
0.00892920587666418 0.00919598459693208 0.23374281627638 0.0527841279029363
0.0208979756770557 0.00587428976212733 0.0911529521110969 -0.221993253733364
-0.0104369066839318 0.0119647005680764 -0.0439137864415253 0.145064007046539
-0.00382209809926462 0.00573964007162146 -0.162212309503478 -0.126473803309798
0.0035914645959676 -0.00254840184102391 0.0698050536418405 -0.464826357021397
0.024283158060582 -0.0192090662363556 0.637566966079069 -0.223799122808827
0.051611577085903 0.0431801452107538 0.659996402975751 0.640707855554426
-0.0282976754513774 0.0539283173752851 -0.237759936920445 1.01334324351256
-0.0495870974018296 0.0257910651033894 -0.600067878978682 0.369564099389395
-0.042277416583016 0.020993726641373 0.0713848748146183 0.05297079628321
-0.026393840944265 0.0530256086209313 0.487241686807023 -0.543501037274958
0.0225650344891909 0.0250355141218799 -0.244070274406878 -0.959677013258265
0.026776001720364 -0.0202455768470661 -0.921495666767291 -0.187836120754526
-0.0234885293319324 -0.0344927114257763 -0.440798776957927 0.603139496558547
-0.028763242397872 0.00460071073120474 0.165413433373142 0.465283661114142
0.0153694270923105 0.0130226643100636 0.229767348783897 0.0544979858504621
0.0208268556279935 0.0112396700762323 0.0926487569334062 -0.223065069531463
-0.0242340810000292 -0.00398646547007576 -0.0632357023930044 0.167549458046763
-0.0258861079308504 -0.00674448503203591 -0.192353595387446 -0.0350329951913424
-0.0118040485707067 -0.0194521684410358 -0.143737586903424 -0.451665787486666
0.0215978914723027 -0.0546986811144843 0.420615970851876 -0.49234109330229
0.0427317316656373 -0.00869116448445893 0.851452817035389 0.175040466507478
-0.027457968619975 0.0145246841110271 0.281970807717571 0.928162368331643
-0.0104385712170535 -0.0400915044152716 -0.448890535008572 0.578076743286556
0.0225319158651031 -0.0410594568561745 -0.0644203551291313 0.132780049247825
0.00438135113884785 -0.0242802255825191 0.587835850013271 -0.304527602091583
-0.00557989783512949 -0.0230488654266152 0.258912107021349 -0.989241476318102
0.0187457285307996 -0.0256049721414434 -0.720497356686921 -0.660061450170445
0.00677168668900881 -0.0571313809404583 -0.697313755663943 0.336623265014723
-0.026115286201576 -0.024944296117341 -0.031079951044165 0.520099972655237
-0.00711733893838914 -0.00102206665016637 0.198312113120514 0.174437310918402
-0.00451750994951428 -0.00507328799548599 0.0721120798111426 -0.178287627984341
-0.0211881989539209 -0.00835016284715295 -0.0577032377257116 0.16556417420093
-0.0309846868569171 -0.0109988293811686 -0.185423891776633 -0.052618975721361
-0.0138525620121029 -0.0236604259151905 -0.108856466415734 -0.463812743155753
0.0240696453427645 -0.0537219782762223 0.469764634344616 -0.453849948246991
0.0379962831332982 -0.00530923277975762 0.842531754481454 0.263165652613207
-0.0300264351174597 0.00314917713037347 0.19540365020303 0.962862233164584
0.000365544781284862 -0.0500073005009847 -0.484316985990733 0.543509639039984
0.0363756889952068 -0.0477301786983815 -0.0429629206662635 0.117117963932831
0.0117341816269921 -0.0348477387264086 0.574277397366781 -0.350905106193093
-0.00716597913495169 -0.0280114080262125 0.158520061003028 -1.00403477017851
0.0145666133854434 -0.0283321515250889 -0.781002622626091 -0.575833871484504
0.00200136583302051 -0.0583514625061674 -0.657839886631976 0.401862753635226
-0.0304133449889775 -0.0248021929653575 0.0115830543303013 0.518876230812886
-0.0104711606644935 -0.00386563624839921 0.210107692582416 0.155761232167886
0.00218175716808197 -0.00780630744567637 0.0714666531553147 -0.186939521062737
-0.0215261414088046 -0.00784571430218813 -0.0561197083478042 0.157708621178958
-0.0297556210552835 -0.00942857893761859 -0.185639604038352 -0.0668057397910426
-0.010385288884693 -0.0213418378358077 -0.0621516022280858 -0.460536852682442
0.0239317390501835 -0.0474988415477369 0.525733882972028 -0.397700381267007
0.0349412514958667 0.00117898852130278 0.812194233761503 0.363732285986873
-0.032620413368519 -0.00171626149505712 0.088077806566041 0.986158264014817
0.00917845297671452 -0.0551928510813709 -0.521771229356891 0.498454350189048
0.0445303997210294 -0.0491939822688303 -0.0159611486669044 0.0970783233230565
0.0128288294668029 -0.036392844724791 0.55100008574116 -0.406980921735342
-0.00902200468112473 -0.0272334751841975 0.039193184305598 -1.00423956987969
0.0107752855254902 -0.0292479562433118 -0.836940786408254 -0.465143545416397
-0.0045159140255938 -0.0567084697149508 -0.602318130630123 0.472499384948159
-0.0343336497453912 -0.0214168032306142 0.0618278549032581 0.511246624973571
-0.0110556419688086 -0.0039762692396877 0.220817039212224 0.132489997822399
0.00620992320976065 -0.00823175794440041 0.0751341341035524 -0.193119095985097
-0.0177271856376658 -0.00763395027679962 -0.0504739715705652 0.154140816077482
-0.0283675052082747 -0.0121408614022249 -0.176972932622173 -0.0889764817436449
-0.0072145824945897 -0.0207723490998296 -0.0146130411977974 -0.46612141590883
0.0262250829814762 -0.0420145860788578 0.575636551357568 -0.337280940167432
0.0341497600974654 0.00869483701929531 0.767557356443848 0.466878898902894
-0.0321596907999287 -0.00277597210904405 -0.0293813665092979 1.00401931686118
0.0140672073126142 -0.0507922382797084 -0.558017292271014 0.45307862038616
0.0435986432933364 -0.0443899132757982 0.0132389538827876 0.078353744991925
0.00914057437719822 -0.0306930982606626 0.523418536414712 -0.465253544633892
-0.00929705227077247 -0.0226465398554403 -0.0850182424675492 -0.993574011970872
0.00852270682952171 -0.029279665747209 -0.878532693356761 -0.348192784511093
-0.0133084007469003 -0.0522896349209656 -0.536602224856328 0.533557754307111
-0.0369647475322884 -0.0155165979351695 0.110455500869833 0.497343515280072
-0.00858742635860475 -0.00152901471631108 0.228407997360082 0.104945801299757
0.0116001130359448 -0.00819072097293086 0.0768904193159059 -0.203288330729162
-0.0146236750773502 -0.0051354212326736 -0.0466617487990089 0.148391274256412
-0.0230403649371749 -0.0114945191461744 -0.1681091727323 -0.109266362709057
-0.00319727885816705 -0.0186066499685854 0.0307507517278143 -0.468546494198377
0.0277183794505043 -0.0351661122440248 0.613762145405762 -0.27531104758926
0.0354385172378523 0.0183892811351894 0.711686034631649 0.561458304290717
-0.0291849744573995 0.00317389777890146 -0.142667046364702 1.00462117525177
0.0109314696343241 -0.0382923532313418 -0.582299981095798 0.404623482698511
0.0335443755809862 -0.0329643054555902 0.0437139606344166 0.0601070641578266
0.002533098141807 -0.0170512692484985 0.492816168406806 -0.513085248382483
-0.00484027999341465 -0.0128047721432315 -0.191405001158432 -0.970367058013133
0.00905881904738413 -0.0278766766704063 -0.903064141128587 -0.239603427231536
-0.0199851752760627 -0.0466158264599337 -0.470111272636822 0.583529376675735
-0.0380267604642569 -0.00817962736849845 0.154280514292304 0.478155438190232
-0.00357744969633346 0.00135180979083962 0.234007875096298 0.0778135734505341
0.0162408840568226 -0.00500348844342179 0.0805216094465639 -0.210080854342974
-0.0118451606325179 0.00082258531316049 -0.0438263767058194 0.145881887351531
-0.0167570734049673 -0.00786912444360196 -0.1618322067077 -0.123083286521273
0.000423994117219269 -0.0136896816182254 0.0603809544529065 -0.466161470660265
0.0274220454624415 -0.0281170554105142 0.633929946457156 -0.231668940429453
0.0390012205798544 0.0291005774135851 0.669127662551297 0.622004767894843
-0.0288030615687663 0.01680640908814 -0.219118807099431 1.00349193096112
-0.00404689739635582 -0.0186747653007717 -0.594723581471979 0.372471451651821
0.0120954590844247 -0.0157299385858439 0.0649892860385469 0.0494652097780829
-0.0061380075186651 0.00508165303358326 0.470853546842496 -0.544597298542673
0.00356584586006188 -0.00143079794332904 -0.260287156443548 -0.949282590140477
0.0130068379600929 -0.0264559157198146 -0.913984490379539 -0.16718584905354
-0.0237361546322679 -0.0402780673513515 -0.425343945806043 0.612107663605523
-0.0360829339516909 -0.00174913902310521 0.180028153562504 0.46267148061584
0.00266541866971501 0.00417097508872386 0.234636080240245 0.0574460622336818
0.0193008184629879 -0.000424291074082095 0.0841375462311194 -0.217743453083239
-0.0107181490612786 0.0068787462107821 -0.0425723496897112 0.14439838988354
-0.00956661919626481 -0.00153909661677385 -0.160895544899746 -0.126386980093625
0.00252706639011946 -0.00852913256812618 0.0712819396418451 -0.46401599456075
0.0261766297901488 -0.0227206212043744 0.638244578658061 -0.215958001480928
0.0440364243215154 0.0370704701699238 0.650441507954193 0.641372664379326
-0.0285277521265853 0.0350717521078832 -0.246060804697088 1.00151293183592
-0.0255091086445426 0.00360931034004883 -0.598560529493083 0.364081388410162
-0.0130799511945795 0.00306810662267548 0.0750063349384002 0.0466598109975329
-0.0148668113303229 0.0297061403218231 0.465845840054016 -0.557526738645233
0.0134247821678052 0.0112343749909865 -0.280698294421865 -0.940366444441639
0.0183548679415111 -0.0241678846710704 -0.917487406357961 -0.141270271156234
-0.0257940934457368 -0.0357292640920683 -0.410491239142609 0.619929724484295
-0.0316671787503926 0.00262688494394954 0.183677500672344 0.454920692029977
0.00902133270251692 0.00721767822194625 0.232923291874833 0.0480695536995688
0.0206551896333114 0.00468175867092449 0.087080538187899 -0.22224948266122
-0.00967413927546109 0.0130685770666267 -0.0413843527534946 0.144654186550309
-0.00307706333376664 0.00507756719783693 -0.163619358539289 -0.122566300717292
0.00384333779634008 -0.00281732362800543 0.0608158887351843 -0.463431510025217
0.0238514270596418 -0.0190907598446988 0.629850007054624 -0.233270825078791
0.051935626220249 0.0424931882235878 0.666327459062191 0.623879933036815
-0.0269153789546603 0.0540762071275786 -0.21821010401939 1.00869441066132
-0.0476467340682063 0.0268039318840726 -0.588715261734882 0.376308283009774
-0.0415843232373531 0.0215767045115107 0.0716001076227088 0.0520054690802953
-0.0255847220373679 0.0530543969118884 0.475153563068034 -0.545220177521935
0.0225803053384369 0.0245051110047143 -0.258218640448274 -0.94676140367173
0.0269692794381052 -0.0205919639846888 -0.917113471069262 -0.171304852240982
-0.0242106262946547 -0.0334414599637008 -0.426586242258019 0.605704160678618
-0.0285412875708182 0.00405356407376218 0.171503898213887 0.458623175862907
0.0155600172413609 0.0116706832476563 0.229795009626652 0.0506838506167445
0.0206345485339866 0.0104122623497753 0.0888588674958317 -0.223071121050332
-0.0243006043476008 -0.00325328781939521 -0.0619632091343572 0.166569458545684
-0.0254550985724879 -0.00580374810059702 -0.192411448785562 -0.0310603283165458
-0.0115552619417481 -0.0187560523002654 -0.149558135641191 -0.44340873419974
0.0199070583334989 -0.0547619887351023 0.407590669503479 -0.494173143115507
0.041904158732957 -0.00902082125991048 0.848552125812354 0.158698478914582
-0.0265123511378119 0.0146954344469156 0.293906784757742 0.914483690402698
-0.0111110355958844 -0.0385258147802296 -0.435719519556262 0.579480772312562
0.0217124126117789 -0.0414389134546627 -0.063123184128313 0.13218729249906
0.00418974122582375 -0.0238419310657106 0.579354583758129 -0.309220876421913
-0.00632712120724792 -0.0225801007067195 0.244846220863542 -0.982744925549533
0.0185118111394991 -0.0251324988460695 -0.723899853636373 -0.645054543160634
0.00542037750870919 -0.0563826636117948 -0.684374752149708 0.344604630905241
-0.0267181473354358 -0.0244702198138237 -0.0234337601219842 0.51552461435564
-0.00730441623398441 -0.00197828779850298 0.199031923731239 0.170446095855761
-0.00451551020107631 -0.00488370223056843 0.069030487522775 -0.178019482710095
-0.0212912521001897 -0.00701092854530541 -0.05541537953695 0.164633879656616
-0.0312374961978986 -0.0103692372315321 -0.186054855978084 -0.0498536754848611
-0.0129024665822014 -0.0225935228725887 -0.114405440196507 -0.457386340664345
0.022532179822527 -0.0539403512817363 0.457998487905422 -0.458424169363066
0.0378086910724702 -0.00555437721540319 0.838780332909086 0.246206819659504
-0.0300372276762532 0.0041729837626223 0.208347844397675 0.948688550367096
0.000160322717898512 -0.0496856970395009 -0.472654389733235 0.54688369231109
0.0358860746889031 -0.0483647511683268 -0.0414154906394245 0.11567861343212
0.011100766803176 -0.0343765133233868 0.565624149823291 -0.356603891751561
-0.0077200653552105 -0.0272472731185297 0.144196736970676 -0.995314740742094
0.0145141874018358 -0.0283556521760938 -0.783483330950399 -0.559107597748195
0.00124039869172166 -0.0578022469343168 -0.646642285441247 0.408322049689082
-0.0303040668083813 -0.0237779158500973 0.0188694440070343 0.512702487770954
-0.0109226449571403 -0.00369051324653667 0.21193502975069 0.151797918748872
0.00222654511449716 -0.00758757564794328 0.0698904302814607 -0.186011786167635
-0.0213405013340654 -0.00697593230342227 -0.0546227309028213 0.157419733427352
-0.0285967671540464 -0.0104874082951669 -0.185659659305221 -0.0632955813461483
-0.00955987161219383 -0.021089018991843 -0.0681265864066872 -0.453439743708275
0.0232031471727896 -0.0469651787410641 0.515844646114675 -0.402606621153851
0.0349485561855052 0.000504380666950265 0.811209873195458 0.346166736938897
-0.0324281410689578 -0.00116420727062556 0.102210998753924 0.974571715100409
0.00940259814337445 -0.0547562372215509 -0.511040708761796 0.502239624619697
0.0437668588468707 -0.0499252261608623 -0.0152032830843933 0.0966892381145291
0.0120290438225176 -0.0357657550311224 0.542292469353167 -0.410238090110062
-0.00979031687760385 -0.0273283520541596 0.0242220779459867 -0.995625322998941
0.0103499697597861 -0.0296155276461117 -0.834633454849992 -0.448073166622053
-0.0060492564700077 -0.0558188549203081 -0.58939118560478 0.478483474285342
-0.0334084449512538 -0.0204480428414338 0.0683533412486333 0.506735470365636
-0.0105913483241813 -0.00415070656256508 0.221391703263266 0.128167841174717
0.00623491661278028 -0.00940114153226624 0.0708350433401733 -0.192607577911588
-0.0180553713264765 -0.00742269990122144 -0.0492665996283689 0.153166483426231
-0.0276654233311781 -0.0114669557736115 -0.177135607297347 -0.0851353708035669
-0.00651397555911337 -0.0210827943904011 -0.0201862417473441 -0.461197432105922
0.0254939954645637 -0.0416425650529451 0.566928859635635 -0.342451875705782
0.0343047018333616 0.00820818655278993 0.767897894426998 0.451680213986172
-0.0310957843157171 -0.00263937862350228 -0.0136246931980801 0.993084731901318
0.0131041377707725 -0.0502912100867839 -0.545772126733869 0.457170702299823
0.0429065414557028 -0.0451815133197549 0.0149240422755987 0.0776770928181895
0.00765081436995874 -0.0304517739760866 0.511168006812148 -0.467063321321971
-0.00978339641834385 -0.0221523232902655 -0.0962446809489095 -0.98354383893597
0.00812032254531835 -0.0290149968156283 -0.876087743829649 -0.3340046918804
-0.0135072112409029 -0.0514166713017101 -0.522900717056109 0.537957327801739
-0.0368692246599147 -0.0149028645374215 0.116980528231856 0.491152450570447
-0.00854757007154126 -0.00233339614520223 0.228561543332169 0.100284307868399
0.0110479090826541 -0.00811629839775086 0.0733759300101174 -0.202828848974911
-0.0154517555795585 -0.00470219005800228 -0.0456301186731075 0.147152808602789
-0.0227633983576967 -0.0111590312725863 -0.169255927607759 -0.105721496084785
-0.0023286490051284 -0.0179913995852523 0.0222889614353472 -0.464690161280025
0.0266511389946115 -0.0345978605493525 0.603537502863021 -0.280452041779072
0.0350296546690841 0.0180862468251343 0.713214807384426 0.546923219724964
-0.0294204040744083 0.00304296802481106 -0.127600628802367 0.996950184346509
0.0107735547286775 -0.0378917401225655 -0.571969860661911 0.407732338377489
0.0329003720747024 -0.0329733196674267 0.0435699616892758 0.058786883433877
0.00184047230739679 -0.0158979716968707 0.481517247129103 -0.51588627133962
-0.00498086533364627 -0.0128846766185165 -0.203134349142707 -0.958494879516261
0.00894345389170513 -0.0284286247297924 -0.899647114412917 -0.221528654149952
-0.0205813007469335 -0.045477721809548 -0.456999178781997 0.58654482597284
-0.0370533100220602 -0.00788354622476344 0.160449237646366 0.471594327184153
-0.0039739693157686 -3.42841613291539E-05 0.233548971673018 0.0741307437530672
0.0152610165219005 -0.00600262328588405 0.0777486156283755 -0.209851761387148
-0.0126580319019872 0.000537086552137971 -0.0420510132127754 0.144988911770397
-0.0169049702092942 -0.0071682627791095 -0.162987200430524 -0.117466586669231
0.00131775414846784 -0.0135583370120687 0.0543687445142526 -0.462192828229715
0.0268508792786537 -0.0274935092719269 0.624893391640713 -0.239493428099715
0.0385866212239653 0.0277231563016421 0.670873869138885 0.604881672515582
-0.0277404978750044 0.0165956373359881 -0.20231175660935 0.996710824642244
-0.00402789766044022 -0.0178942257133473 -0.583197808933448 0.376051215967578
0.01283699106034 -0.0161434310353484 0.0647940334445461 0.0485125961208121
-0.00553886022592745 0.00559793789943038 0.458694541480327 -0.547158430441431
0.00307723771070402 -0.00131964149104983 -0.271920645606271 -0.937599310459238
0.0124050607604826 -0.0267569218478088 -0.909657330268934 -0.152759368216619
-0.0244424829422763 -0.0393872308396391 -0.410328262580577 0.612802103687322
-0.0352994366503306 -0.00183994410827364 0.184403569887863 0.456049120778057
0.00252573355989994 0.00282377971548971 0.233845296462127 0.05389065067668
0.0192210300002348 -0.00142213868833566 0.0801753705988867 -0.21709950655242
-0.0103767977849874 0.00711367670241743 -0.0413261735537647 0.143698881772048
-0.009082530690168 -0.0019418734866969 -0.161572200332087 -0.123088549517903
0.00321229142562124 -0.00832174406522242 0.0633176795195935 -0.459246566292554
0.0250037578720196 -0.0227777254007749 0.627955207890538 -0.225415281178326
0.0443619144708476 0.0364209918657729 0.652711934046978 0.628007357989373
-0.0268992175779485 0.0348827130063819 -0.226190486097343 0.995707986868186
-0.0256995353647198 0.00434590165691085 -0.587119872982141 0.368790496146988
-0.0131851948108268 0.00395160504221902 0.073986068357507 0.0453770412420043
-0.0145651116250323 0.0300039886376697 0.452705281392783 -0.558021404201343
0.0130189955452596 0.0114166079123533 -0.292172737177514 -0.926761999655646
0.0184946961739642 -0.0242969713648373 -0.912293400507461 -0.128221025574464
-0.0260810670982623 -0.0351784123610363 -0.396612918208695 0.618346126762392
-0.0319325025335274 0.00248216800563975 0.190556581478002 0.448540834034306
0.00899695360722805 0.00632626164261662 0.231824350531624 0.0446761439058102
0.0200547512866175 0.0041444737496551 0.0832691379005906 -0.221183172621994
-0.0096046221371056 0.0134075075678656 -0.0400328836121751 0.143235444202366
-0.00298683674934498 0.00532518189236955 -0.164329617517328 -0.118170855739156
0.00549268478026365 -0.00355630310660407 0.0552460639345238 -0.459363871752039
0.0230082391685371 -0.0186722371623802 0.619385481354764 -0.240204696244586
0.0516938146923465 0.0410480712557083 0.668556993213995 0.608898287332967
-0.0257617976345579 0.0537839982662369 -0.201908751713619 1.00202912010261
-0.0472491136342407 0.0280262232126999 -0.57976562271231 0.379598619879644
-0.0401780338360314 0.0223346025911876 0.0711772724993006 0.0512257089205924
-0.0245710249455185 0.0534043457402853 0.463238883368378 -0.547428940381748
0.0221878551929649 0.0241190569628115 -0.269825045245524 -0.935279806192948
0.0258438538275894 -0.0211747686268756 -0.912082736058894 -0.154845624119606
-0.0245110368041527 -0.0332538837446649 -0.413585978070661 0.609425565965942
-0.0274659757745844 0.00441002747234196 0.177120845786669 0.451576525959952
0.0149192030870693 0.00927614718889303 0.228015142494226 0.0466188436225148
0.0198144562694943 0.00938431632744271 0.0849610398194458 -0.222728551840627
-0.0243195525782954 -0.0026169104444171 -0.0595067809674866 0.165258064248454
-0.0255892299902806 -0.00583695700630155 -0.190512431013658 -0.028390814598469
-0.0105030739168431 -0.0183458682440381 -0.153295029301432 -0.43691815098062
0.0181831717308287 -0.053820201812242 0.397666262938582 -0.495485830091204
0.0415083706708997 -0.00966255971633742 0.841845418787242 0.145283418609499
-0.0256046026924569 0.0156017424392753 0.303023384707786 0.902322683332292
-0.0109958493229455 -0.0381513527298844 -0.424299322237818 0.580014777523937
0.021383643786755 -0.0409167810632324 -0.0608210984756995 0.131926579760474
0.00329299996586573 -0.0232514393223581 0.569863080909676 -0.313322502822615
-0.0068871583042405 -0.0220354217898004 0.232052230940091 -0.976455114751801
0.0180306992849264 -0.0254571358112469 -0.726446888878195 -0.631934921522879
0.00465204030691421 -0.0564254568226453 -0.675528799875648 0.35134237593738
-0.0264623333951527 -0.0240125859848187 -0.0192182868084647 0.512265878431913
-0.00728212284205346 -0.00298652595427704 0.200033444816015 0.166506363413727
-0.00505598723479362 -0.00585800338954479 0.0669604635857946 -0.176432103989399
-0.0217606527924375 -0.00706108905286247 -0.0543680537695948 0.162849733303898
-0.0311886243743253 -0.0093756174392031 -0.185381387605166 -0.0466748990953088
-0.0130250025467479 -0.0223152380273501 -0.119558964693299 -0.449110633773232
0.0214321498924396 -0.0531150250952897 0.447258565939727 -0.460150640354154
0.0374094147130379 -0.00545376663433834 0.835381561825568 0.23327649827512
-0.0293200523926433 0.00419476067484183 0.218704774022442 0.937827846642994
0.000369870235040096 -0.0492964832576462 -0.46103194585359 0.546455507392294
0.0351273047524831 -0.0482907166208742 -0.0400339165698402 0.116165530362396
0.010585097073969 -0.0328161707023478 0.554968679939189 -0.357871318003882
-0.00841554462847657 -0.0260731524800053 0.133649927910568 -0.988067635120932
0.0144329945981068 -0.0283329656585546 -0.781554945647016 -0.546589692785804
0.000211215994875179 -0.0571170113541062 -0.635700681951948 0.413565079413811
-0.0299272358963292 -0.0242579826398279 0.0238719598234579 0.508545665206604
-0.0106485804858449 -0.00436190662744181 0.212994409138863 0.147758616844024
0.00140501847448907 -0.00855928668845022 0.0665292229561811 -0.18533924140441
-0.021678801295818 -0.0066957211073306 -0.0535605222762687 0.155925936300935
-0.0282068927215672 -0.00987545647654206 -0.183827555657577 -0.0599765306422668
-0.00875461582125637 -0.0205632421398682 -0.0707307209079467 -0.447835330761086
0.0215537477521922 -0.0471471094933396 0.505328656403655 -0.405632362081753
0.0338258113406648 0.000623130375061755 0.806961537340386 0.333045128634042
-0.0314057311227632 -0.00101811838790562 0.113641933101501 0.964847760464773
0.0083821810494102 -0.0531958539540614 -0.500127694850091 0.501552805064687
0.0429000346826858 -0.049070355542687 -0.0138363709377873 0.0967017438625969
0.0108949221041344 -0.0359262382060473 0.530299799176569 -0.412375921015216
-0.0103044789605708 -0.0262982604284813 0.0141855672952656 -0.986214114320873
0.0100872749111081 -0.0293209412881245 -0.83310890250073 -0.436227593103618
-0.00711149099938464 -0.0553766577407934 -0.578463752637194 0.482055924044957
-0.0331764862756835 -0.0202064910210335 0.0746381520937796 0.499826569380465
-0.0107561943579607 -0.00506738565973679 0.221957080420965 0.1243133090194
0.00529851316739544 -0.00987164695080235 0.0685674067237388 -0.191779616753066
-0.0175217680187109 -0.00623190835807622 -0.0477253468505609 0.152055117643593
-0.026726714802671 -0.0113817247066717 -0.17655090679984 -0.0819966755658252
-0.0053694574885753 -0.0205742038710971 -0.0251792002022003 -0.455895577585825
0.0245012061996733 -0.0418335247626617 0.555457938743837 -0.347506136845415
0.0334808185283089 0.00786007246869755 0.764501230940556 0.436585172776708
-0.0310037621563446 -0.00217145416189992 0.000298535090598117 0.984547126487666
0.0127918143496068 -0.04982426154942 -0.534851283151381 0.457341645076104
0.0418891552850881 -0.0449164483934897 0.0148969710183922 0.077180362249196
0.0076937398591768 -0.0294620928272556 0.501329190443178 -0.467588322591978
-0.0099528699779304 -0.0220100540099469 -0.107640904710935 -0.973931862155365
0.00782180963728199 -0.029609300464918 -0.873623327493188 -0.319660948532829
-0.0142373445509087 -0.0512290426734923 -0.511086539434024 0.541615947056317
-0.0363820314793781 -0.0142198770764459 0.121795270149866 0.484823615287241
-0.00838147357671891 -0.00341012586148577 0.228195723831732 0.0970357199476239
0.0104035467593585 -0.00897216936486727 0.0705684872859446 -0.201298264259758
-0.015126484032501 -0.00364617518432602 -0.0444044386659309 0.146169493676456
-0.0220202274913842 -0.0109908933396365 -0.169096550008804 -0.102380620961315
-0.00174699735185316 -0.0184793462852636 0.0188864272199589 -0.457988925990018
0.0263637287334866 -0.0340687054024331 0.595057064862778 -0.28556175943433
0.0347386010581549 0.0171766268471423 0.713074166716962 0.531642335167045
-0.0290207914451765 0.00427335962879528 -0.11452986749499 0.988888995696288
0.010472479376638 -0.0375508641608046 -0.56155925907293 0.411059085511049
0.0324365399862193 -0.0330233241158909 0.0440413328089424 0.0590502739799284
0.00148845894995187 -0.0159287848009777 0.47071819624913 -0.514937090093084
-0.00550929981806432 -0.0124127624772227 -0.214682294185837 -0.94865357962793
0.00824801533196854 -0.0279594274561272 -0.894606812410082 -0.211277821572528
-0.0208689273310176 -0.0441921501647821 -0.442068105885096 0.588427801450245
-0.0362250590631211 -0.00718479539178114 0.163313446215885 0.465790156412277
-0.00390142545672464 -0.00101544811764266 0.232058199060179 0.0699786915746004
0.0151105992954192 -0.00626606217038259 0.0744253215060258 -0.208719516880235
-0.0124611292892269 0.00117575149142001 -0.0409944405731197 0.143053556071668
-0.0155732532472474 -0.00782820494628352 -0.163233986656448 -0.114768405128867
0.00223071603505317 -0.0137990187031139 0.0478781895725871 -0.45705668285688
0.0256495376655836 -0.0276278972005018 0.616108017060879 -0.245483532380732
0.0387033743551018 0.027351825760531 0.670564792800516 0.592360856269326
-0.0272159681638881 0.0167943737148585 -0.189025821213811 0.98873022086959
-0.00326688496989295 -0.0176230935147872 -0.573243061209054 0.380075517586849
0.0122252985860965 -0.016063018373421 0.0644259852065909 0.0472946767696401
-0.00657589384519038 0.00611916576461893 0.448243185591554 -0.5455348040592
0.00277404452176251 -0.000630023819435619 -0.279475785373228 -0.926135032883985
0.0112273654014967 -0.0269592708422186 -0.902046678106108 -0.139124919642374
-0.0245298276694556 -0.0382476375044346 -0.400470460671523 0.611796163996539
-0.0350014070859193 -0.00126033318003214 0.186917555893624 0.449193223166169
0.00254668897893879 0.00194371559185617 0.23224225134752 0.0505642843995126
0.0187606817350203 -0.00200843717260693 0.0768341342359748 -0.215714257978051
-0.010059760271932 0.00793351951591438 -0.0403053579042298 0.141890171532033
-0.00885244582347747 -0.00200945315444249 -0.161520937307135 -0.1191262969707
0.00456382911756566 -0.00879467874163448 0.0593963066364896 -0.456533351374382
0.0248418822902199 -0.0218228675045906 0.62061918117233 -0.230711841063006
0.0446011485183433 0.0356875795715174 0.654773903272956 0.613016783670464
-0.0265214483082309 0.0347710664432711 -0.213508628112151 0.986321573409582
-0.0236114506172395 0.0041362399369478 -0.575976395429259 0.372699855778446
-0.0128286172497007 0.00327413353202784 0.0739601009413587 0.0445100197591564
-0.0142784817027445 0.030137382259244 0.443464354569463 -0.555898390037908
0.0129538948251968 0.0116995901197316 -0.301255407505912 -0.915271098794936
0.0177369727660991 -0.0243658479775613 -0.90499828803269 -0.115197847156371
-0.0261299290094995 -0.0345586893927094 -0.3839842575519 0.61813986197734
-0.0308597928368561 0.00260602688740763 0.192305544999013 0.442854096381361
0.00907304106677452 0.00527667009947771 0.231105497471486 0.0419518871224177
0.0196502868404934 0.00336343819997896 0.080282793668912 -0.219966627842903
-0.00923451701713033 0.0136229379695577 -0.0387820972489676 0.142212039762379
-0.00225827192620536 0.00475074509298903 -0.163506718953958 -0.114744990090959
0.00603341777887811 -0.00409257354793897 0.0505237443899564 -0.457121714361472
0.0225024305900136 -0.0183846239812563 0.61145335533615 -0.248138364058482
0.0513551679161924 0.0403156175681515 0.667618796994881 0.593963114705162
-0.0246178401098121 0.0533128694451937 -0.187254086070038 0.995686257089062
-0.0458015080479437 0.0282190048282481 -0.568425685897878 0.383669373998949
-0.0392682725217812 0.0222820891479425 0.070620643363586 0.0500261306573802
-0.0236692378843563 0.0537226594246056 0.453977380728804 -0.54705613907793
0.0219440294845015 0.023957173787674 -0.277159995426646 -0.924213575951689
0.0252353673114649 -0.0215071253100133 -0.905690846307168 -0.144336388978512
-0.0246438103550712 -0.0327200851808743 -0.402488652282711 0.608103884604471
-0.0264342969966563 0.00413299197397991 0.179885132286691 0.445746312967072
0.0149844541895781 0.00883540089920228 0.227339679056549 0.0439592438034261
0.019613099579859 0.00875616529904262 0.0815371542975422 -0.2214205177021
-0.0239756683938866 -0.00207408935564003 -0.0584284662678789 0.164132773052159
-0.0256243664551196 -0.00494225492078726 -0.190088417630967 -0.0262892300840868
-0.0105426152015939 -0.0177565231970654 -0.157389143593833 -0.429437118107292
0.0171712451347469 -0.0536717451679882 0.39022315433487 -0.494849109310157
0.0403732938339801 -0.0107431963907523 0.833253464388073 0.137207276782447
-0.024833827110426 0.0148102010797278 0.307488541445847 0.889072911543169
-0.0111274946106892 -0.0372052614959183 -0.417810919580246 0.57749228799995
0.0211966784702345 -0.0404401448000021 -0.0599179158173838 0.130927441664846
0.00268922933287022 -0.0223758738570867 0.561316543827738 -0.314003865935926
-0.00729885649055973 -0.0212979239450321 0.220792386478408 -0.968835831572495
0.0175342046765261 -0.0253392156606006 -0.72570480436635 -0.617592667912872
0.00437149419105599 -0.0555074818159374 -0.66556003234898 0.352564921860618
-0.0261716881412233 -0.0232088273786055 -0.0126474989467477 0.506133118194408
-0.00753594860984656 -0.0035358472174328 0.200741466422009 0.1639655958483
-0.0049589711440566 -0.0062052498847049 0.0645833618352126 -0.175374352830276
-0.0217435450598175 -0.00642203266478888 -0.0525573015945112 0.161378800734389
-0.0306379481314038 -0.00943225602267525 -0.184598281651045 -0.044376726099972
-0.0126526589661052 -0.0224228305047007 -0.123876710576927 -0.442759842933016
0.0206399965122142 -0.053147950644579 0.437785335726186 -0.460610652997049
0.0363534798404692 -0.00682611771847146 0.828084906904734 0.222323251737224
-0.0287676220917401 0.00385415712156103 0.224760886219619 0.92500329667741
0.000171849261254298 -0.0481871920041667 -0.451508086295009 0.545473536451731
0.0344063676901509 -0.0486300161669412 -0.0384884090816727 0.114720965244093
0.0100260362919576 -0.0326222746555318 0.547206750004298 -0.358610866993966
-0.00895659791785665 -0.0260123642881959 0.12337966068718 -0.980116062064989
0.0134681993464033 -0.0283884787277285 -0.7806943772094 -0.532828519204623
-0.000660022185719551 -0.0570472871826442 -0.626065802166882 0.415310411361863
-0.0296884465659415 -0.0239425913902241 0.0290379610138194 0.503601851182975
-0.0105386849967155 -0.00539283248318826 0.211604348134554 0.144293353958435
0.00159780154956733 -0.00940069952572715 0.0645797865658671 -0.183658581807318
-0.0210308276192987 -0.00600659888158306 -0.0517219412382502 0.155136330832677
-0.0271901230849972 -0.00956902764582546 -0.183352907604789 -0.0578038794018615
-0.00824869143745788 -0.0205236563775273 -0.0755559696448178 -0.441875564071137
0.0201393429353075 -0.0457808026087463 0.496387921456644 -0.407693554021131
0.0341402841632712 0.000281872403618655 0.803322959294422 0.319562688975882
-0.0312066508317033 -0.000338568627653635 0.123629870621977 0.953502124011082
0.0086478871919344 -0.0529138240862693 -0.488804089516245 0.501703638541597
0.0424977804349186 -0.0493907474242559 -0.0137243443582512 0.0962595904609951
0.0110774750476915 -0.0344389772059826 0.522773928646578 -0.412100474962321
-0.0103528169037353 -0.0260932053916919 0.00525656292008643 -0.977559517280822
0.00909824531086449 -0.0298909609473673 -0.829807921065451 -0.423833741071358
-0.007041816674752 -0.0549145820623825 -0.56610811319505 0.481871119523088
-0.0334334182539692 -0.019950129203912 0.0771770400860047 0.494997548679728
-0.0097725454901594 -0.00591911701301895 0.22145800463537 0.121461522622092
0.00525768352503411 -0.0107859206012324 0.06627881944532 -0.190467046629041
-0.017978466178722 -0.00583082085576653 -0.0473292076633469 0.150712326179925
-0.0264339631972238 -0.0110688107517171 -0.175416316368527 -0.0786076036571243
-0.00518729530545565 -0.0207164768122964 -0.0311018837468269 -0.447944643072665
0.023324788592261 -0.0408362820648902 0.546540772637238 -0.348803619044694
0.0333390493862891 0.00723970601335747 0.760860851018923 0.425987817810295
-0.0303730094700235 -0.00184271414074895 0.00817277168996436 0.97245088484217
0.0126317810231028 -0.049277262922703 -0.524840461376493 0.457920068483889
0.0420945657914181 -0.0448062933633543 0.0148540982518486 0.0764819410279175
0.00732187072247413 -0.0287626380600432 0.492089573663464 -0.466980412259636
-0.00976094467944427 -0.0214227184279521 -0.113279903091876 -0.964321956824485
0.00720560809021487 -0.0301102886470755 -0.86659436246483 -0.308041766938737
-0.0142778508889754 -0.0496872123645628 -0.499567614999594 0.539936253561181
-0.0353089840834903 -0.0141921498265442 0.124852261351926 0.477720386345383
-0.00820609099728681 -0.00481080833780655 0.226734542922962 0.0941584188103329
0.0105027236318389 -0.00917979444446561 0.0687267671262783 -0.200544057364282
-0.015048125589431 -0.00314490335726238 -0.0435956808527974 0.145209638826807
-0.021167041862586 -0.0110841268274706 -0.167955361237086 -0.099514760911358
-0.00037329418523901 -0.0179148229168544 0.01350788060966 -0.454088973880691
0.0249914935810398 -0.0339799017800248 0.585530913803969 -0.289254361117007
0.0348490056353386 0.0169267494133672 0.709734666221774 0.51740292567551
-0.0283277548025236 0.00346989672326064 -0.0995858733439123 0.976699249320173
0.0104017060861057 -0.036778976089658 -0.553214501713338 0.412069204503142
0.0320697061664978 -0.0334578209974105 0.0427172436455921 0.0587037886407758
0.000526268333198554 -0.0145578600855125 0.461684986215808 -0.511922666329569
-0.00479162028415876 -0.012776322021377 -0.219120527430468 -0.934579852619476
0.00759188809562555 -0.0282092193651179 -0.886056878613134 -0.199087839304554
-0.0208557737597053 -0.0440532549636577 -0.433375872402447 0.586916233646472
-0.035862657269072 -0.00673110713628593 0.166087977912334 0.458730630466694
-0.00371240872659994 -0.00199392729947677 0.231503611444183 0.0680354165002037
0.014322935335516 -0.00626612567773089 0.0716747060004192 -0.207431003512354
-0.0121745857244529 0.00229486119989745 -0.0407815472984363 0.142020474579376
-0.015302857675711 -0.00781876233306083 -0.163535310722852 -0.111372632896277
0.00252380336459678 -0.0140558402574183 0.0443658621878569 -0.454122152420986
0.0248924681001906 -0.0268265666093387 0.606486655033367 -0.249498855592467
0.0380706043279824 0.0265933157394173 0.669478515872397 0.577100159489414
-0.0260749322084096 0.0161428902545863 -0.176599396816447 0.978642692378809
-0.00297146495270135 -0.0176470494127276 -0.564113638118156 0.381875878728856
0.0122289982612471 -0.0156212005264217 0.0638942303845299 0.0468922048614791
-0.00600657134911101 0.00625470450495485 0.438720356798513 -0.543301712121452
0.00284136630328746 -0.000407900544134957 -0.284133304774581 -0.91212958104014
0.0108490276735893 -0.0266787572340257 -0.894811433037537 -0.13030042436731
-0.0253746362575596 -0.0373825932188389 -0.388240315612004 0.612746018402664
-0.0338729695210091 -0.00121751948320474 0.188884959305984 0.443030703309123
0.00231446339450396 0.00136429289294107 0.230894056540019 0.0484795935405483
0.0173395488669109 -0.00269414232491841 0.0738260074338077 -0.214140297177032
-0.0102646020782286 0.00861021549656177 -0.0396755256355477 0.139623434049422
-0.00879281099503058 -0.00261453422235972 -0.160679090507594 -0.115086580971257
0.00509521222110107 -0.00943363016293671 0.0535047445728575 -0.451192754355644
0.0241920697488597 -0.0211382602613439 0.612407521773582 -0.233689946907368
0.0440704793478414 0.0348367512778507 0.651741984666739 0.600510511555943
-0.0256328427212071 0.0340569723556641 -0.201016245488746 0.977496081219513
-0.02352641191926 0.00481637051113969 -0.568878551480249 0.3730475648505
-0.0121047463992068 0.00344856866127905 0.0729722989537666 0.0441509187095168
-0.014039437886224 0.0307819426240807 0.433652255588752 -0.554182395648379
0.0127417712640896 0.0115829466877477 -0.305465059590548 -0.90145602252979
0.0172375186742117 -0.0244821481240948 -0.89750800582816 -0.105375667144881
-0.0261626505816047 -0.0338023033820834 -0.374059641372618 0.616409113995073
-0.0309641622928816 0.00230693858900059 0.193922377677484 0.437045288759584
0.00840011043864746 0.00415511733177172 0.228625702061669 0.0392613876808991
0.0188173870296236 0.0027932976630014 0.0775418419002051 -0.219021938636943
-0.00901092598366574 0.0137414314806485 -0.0378286597973421 0.141311433207028
-0.00212494952079006 0.00404086636975051 -0.163505791154258 -0.111330461490128
0.00670624765473714 -0.00460735360723187 0.045473539250996 -0.451563650553288
0.0223329453589068 -0.0182192559914218 0.603391877626445 -0.251441372267472
0.0514102541644236 0.0389831059523919 0.666002376808474 0.580172546473687
-0.0236906197258492 0.0525237024144757 -0.173828551177343 0.98507051068128
-0.0447221877078716 0.0290130951946367 -0.559170960471398 0.386075067880603
-0.0383615932763279 0.0218428863080043 0.0702542983711895 0.0493066128926924
-0.0229072418339253 0.0537746063200953 0.444599507943192 -0.544065485264093
0.0218573909623577 0.023892101890624 -0.283023269441298 -0.912208075766001
0.0245808800963662 -0.0219593992491916 -0.898627343724637 -0.133398552090045
-0.0251132536159148 -0.0317524871245276 -0.392451666312365 0.606230250085459
-0.0261524944449755 0.00383558998708238 0.181316792472845 0.440333920908016
0.0140069990544063 0.00759587441258276 0.225611971240957 0.0413697879932403
0.0187301537917243 0.00855925248450978 0.0790895364026404 -0.219978318187519
-0.0233480718198754 -0.00163945494425296 -0.0579777727767578 0.162471752242966
-0.0247329497698097 -0.00455197002272356 -0.189644918320448 -0.0242160052132396
-0.00965093916127406 -0.0183914684712035 -0.158247104286159 -0.422781884999962
0.0161719141945064 -0.0526913332964108 0.381392956461743 -0.493275738921667
0.0401008374318268 -0.0112044760762249 0.825129440796334 0.12766754205786
-0.0244173006574479 0.0150037998964498 0.312367778906825 0.874541102932015
-0.0109739841495418 -0.0366358724987255 -0.406012581374899 0.574521659493521
0.0206927311171377 -0.0409845579913713 -0.0580031169857133 0.129717329493673
0.00275398802001984 -0.0224686051159819 0.553400118584376 -0.313056518124317
-0.00822276325650988 -0.0206761812008856 0.212996698339753 -0.959262712367081
0.0169938565735778 -0.0249658619886438 -0.721101824307364 -0.606667936603176
0.00411194882250977 -0.0552003995929094 -0.656006443638847 0.354448358822146
-0.0260166449633742 -0.0238669480346487 -0.00881392653867059 0.502739021207219
-0.00756589395956692 -0.00454566248611784 0.200580317305784 0.161616423443631
-0.00592274993053568 -0.00582716504860293 0.0632806863584185 -0.173452228802733
-0.0216340668694509 -0.00530444876944081 -0.0522238012146348 0.160344725283316
-0.030104594596109 -0.00886330054612224 -0.183716747162856 -0.0426812209307795
-0.0115114489723959 -0.0217963591060407 -0.125421169637035 -0.436462569017978
0.0185390355124405 -0.0525153923979613 0.429260490895432 -0.458655747402596
0.0356879436301234 -0.00663316744329893 0.819352221393142 0.211500393377194
-0.0285516954734989 0.00409524813013837 0.230580805165785 0.911716027631964
-0.000193542865446216 -0.0468797483647029 -0.443309788957048 0.540405591941157
0.0343479859510379 -0.0475954249932313 -0.03805589155886 0.114447839422142
0.0099097300120629 -0.0320796715051567 0.538162837963174 -0.359215165662884
-0.00948108863277718 -0.0258600903922322 0.115623592070696 -0.969495068147055
0.0127687806724294 -0.0278516266338035 -0.776187748624769 -0.520673092339675
-0.000871672210799763 -0.0566655913006539 -0.615260964103757 0.416804535162114
-0.0300744525075143 -0.0231485645370441 0.0322926092064527 0.498573569463569
-0.0107494388088273 -0.00595896641504374 0.210768547105619 0.142008503327194
0.000789791644523134 -0.00991981567997883 0.0623395318276396 -0.181771283656425
-0.0216186795804956 -0.0053528605759961 -0.0518334423750233 0.153608385258322
-0.0270765878565211 -0.00934432405612166 -0.182207428919983 -0.0546754129288254
-0.00695090696758275 -0.020427680082264 -0.0773244441341131 -0.43631858279398
0.0199042975149627 -0.044907453672079 0.488546929008657 -0.40694524287931
0.0330432679918414 -0.000291198486465694 0.795614813463517 0.311603330955922
-0.0305304339199066 -0.000456116562295833 0.126824917008162 0.941166685715207
0.00867652645056924 -0.0522748606839296 -0.482371271637035 0.499572183098124
0.0422674600767641 -0.0490944169016031 -0.0127799628701837 0.0951734130146987
0.0105338011436818 -0.0341808784970058 0.513238006239379 -0.407850818106794
-0.0106109398034564 -0.0257276078199765 -0.000566269634338338 -0.967285438234244
0.0092464124342697 -0.0291479389710427 -0.823736080290879 -0.411560040297907
-0.00746463226498235 -0.0536104253217077 -0.556217055482277 0.481543963996876
-0.0328064275838098 -0.019367896845093 0.0811516734192742 0.489712965127185
-0.0106007712835505 -0.00687201519200593 0.219956838515194 0.118233078535451
0.00500432625325993 -0.0114749294833521 0.0645741134214371 -0.189061842291253
-0.0176188304108769 -0.00513555566376908 -0.0461701948883085 0.148352494817294
-0.0255752119493727 -0.0115151609279055 -0.174439165924476 -0.0766797887863536
-0.00400869608084122 -0.0208681496531971 -0.0319015628816837 -0.443273157726473
0.0229830937407914 -0.0399918139116177 0.537010076305459 -0.350297456307197
0.0325583777599567 0.00756338643420047 0.754457237104513 0.414417938628221
-0.0295910256907292 -0.00209997870475599 0.0152210393171131 0.962590903732078
0.0131138873003634 -0.0489323555720861 -0.515882366244609 0.454158142297104
0.0412968234253422 -0.044430889572374 0.0154828261287236 0.0758519629232499
0.0074365355027591 -0.0279827764032938 0.482582097301308 -0.46465611880265
-0.0101834401208341 -0.0206856133705449 -0.120006709803487 -0.949794216335261
0.00687255357912414 -0.0296404495938328 -0.85982532755031 -0.29845218319906
-0.014643119064963 -0.0492611143056749 -0.491023573101192 0.538176665409355
-0.0354232599464806 -0.0139738641230551 0.126663116582069 0.473629639976438
-0.00829209226958475 -0.00524976927093864 0.225598304282788 0.091916364315072
0.00965745316975891 -0.010249082698345 0.0657496012308476 -0.199037403340375
-0.0147045548453371 -0.00216950190350223 -0.0424941423458148 0.143924815268542
-0.0207770769795917 -0.0109836682726248 -0.167271061716755 -0.0966633147797491
0.000157517001667665 -0.0188294481565485 0.0107402804474334 -0.448526684543608
0.0245485200943085 -0.0331474327861094 0.577412196470332 -0.291042419785389
0.0343280750663325 0.0161068990268597 0.704135841161511 0.506501032115131
-0.0272313920934725 0.00362930675978162 -0.0922881211990818 0.966865999149939
0.0103591173663545 -0.0367421561408482 -0.543822118249301 0.410247962667764
0.0316549087230411 -0.0329563277878296 0.0429832597103876 0.0580195372024335
0.00133341881284345 -0.014079341378868 0.453935985217838 -0.510390120687724
-0.00545434799374617 -0.011737708830666 -0.223247660021567 -0.924932657112985
0.00734576885714596 -0.027633630751269 -0.877092033652924 -0.191740378011694
-0.021539411337909 -0.0430740537132955 -0.422848665841997 0.583864693721457
-0.0358732538783915 -0.0071012412868508 0.167394104467949 0.453971235652806
-0.00419320265998169 -0.00258170099917739 0.229714750566462 0.0653323510717481
0.0140229806348263 -0.0075816336721772 0.0694109892920291 -0.206049692966626
-0.0115821810111984 0.00240570451000729 -0.0389403895231633 0.140331387351528
-0.0146545036547658 -0.00773819752329937 -0.161946251189502 -0.108878569004588
0.00359910676880097 -0.014462188865289 0.0399733771517238 -0.449030569821311
0.0249286373296398 -0.0263600555129356 0.598493571165994 -0.250587557842571
0.0382987757254438 0.0261851052159181 0.666377981877884 0.567651026497011
-0.0258733342048607 0.0161804015661421 -0.166713939343174 0.968975856681935
-0.00264292394609614 -0.0168948620528138 -0.555685946760816 0.381451210455459
0.0126519637681345 -0.0166077345160624 0.063133009406848 0.0466531721685742
-0.00634831855694028 0.00738076553499776 0.43182077717669 -0.540248183738151
0.00278942097784019 -0.000211116325451628 -0.288585749589197 -0.90064224658426
0.0111705680789978 -0.0270810840792114 -0.887893437818207 -0.123346314516288
-0.0248297173272287 -0.0377919124650373 -0.380231495742434 0.609922612692983
-0.0338622619089429 -0.00080464462989931 0.190326755555192 0.437995569719022
0.00176003093823566 0.000205047714696094 0.229281431244374 0.0464734918097897
0.0171676785727605 -0.00343197538622463 0.0717027903117889 -0.213097613800186
-0.00969963539514405 0.00899961657110339 -0.0385863276471639 0.139547480960011
-0.0081531761848411 -0.00275095249331927 -0.160504696383548 -0.113001984777178
0.00539240229242882 -0.0100711657328178 0.0513378468931608 -0.448732367430431
0.0230518696535939 -0.0209677263156917 0.603641513391174 -0.236426888303997
0.043791481780574 0.0343336624565789 0.646877544200926 0.587166475554969
-0.0254832542187091 0.033314696835765 -0.191909605903974 0.969218092437353
-0.022697617867157 0.00539084244889211 -0.558245245888457 0.373481946235638
-0.0120094498510082 0.00320659765560625 0.0730737037862703 0.0437588681543113
-0.0136772088213937 0.0312575295832804 0.427167040526953 -0.550751769590419
0.0123734785325181 0.0112130986366893 -0.306920969432538 -0.89146182675447
0.0161724323743637 -0.0243524356126804 -0.888010233565841 -0.096912367284976
-0.0262033323976311 -0.0332275612769934 -0.365180058168487 0.614366268145333
-0.0302774565430207 0.00200272529503077 0.195055758649119 0.431312632140927
0.00761872416547917 0.00306988839120006 0.227905462410958 0.0375144568130087
0.0177961055171821 0.00202043902225709 0.0749340479592484 -0.217100618217679
-0.00859267192125689 0.0142229934390234 -0.0372841224489714 0.139505682725915
-0.00193407443952491 0.00392383580428306 -0.162773075117424 -0.10946650904929
0.00711395389060359 -0.00516074554423034 0.0421582808495283 -0.448878584414001
0.022143716188651 -0.0176839487103066 0.592562901948414 -0.252591935593107
0.0505760320328561 0.0385668048134195 0.661453390561609 0.572227453529366
-0.0233727343380749 0.0515893593033765 -0.164982078779177 0.973592976421368
-0.0432873602008174 0.0283058750217386 -0.551490472532769 0.385146214597553
-0.0373830127380145 0.0217292792938674 0.069666202323172 0.0480433327484697
-0.0223786223980493 0.0545481741870196 0.43637611209745 -0.539930175119073
0.0220516332912048 0.0234741727578208 -0.284932955241541 -0.899764830367354
0.023926067504666 -0.0216020580782554 -0.887481972778665 -0.124064072232067
-0.0246113351299328 -0.0310310570219423 -0.383623553165528 0.603817905449318
-0.0258807098485935 0.00387331775850882 0.183169009509598 0.435800926958765
0.0128818817618955 0.00675973830207964 0.22487478986675 0.0396326581507612
0.0178629092509482 0.00755437769357341 0.0771716071775266 -0.218340181128523
-0.0238683472770909 -0.00121533292324257 -0.0573085877871322 0.16063937995613
-0.0240430203223296 -0.00419359408308369 -0.187368351759384 -0.0229777225248205
-0.00934256610174298 -0.0184145587590754 -0.160084378035992 -0.416846371861921
0.0151118934626616 -0.0517462256334548 0.374673099280489 -0.490084424401476
0.0392474737299199 -0.0106354157110124 0.815884464781778 0.120653065953509
-0.0235971262186864 0.0159958571859935 0.313285230790796 0.864655708596096
-0.0105812399882701 -0.0354450854336843 -0.399876586850672 0.569561960297678
0.0200206140883681 -0.0398596440809848 -0.0570237479036159 0.129113827808549
0.00306093331742833 -0.0209006194121956 0.546868265161995 -0.311065239071264
-0.00848387293296925 -0.0202464252617582 0.20646507749044 -0.950746749174159
0.0166222270994478 -0.0246083679037118 -0.717400931971923 -0.596214322259486
0.00394511450264134 -0.0540555730080385 -0.647846073726643 0.353683517016989
-0.0255685630501403 -0.0231749828658259 -0.00800598062553893 0.497348947647639
-0.00794944820770178 -0.00498144693797927 0.200901079327296 0.157795479088241
-0.0050540675130086 -0.00652244398927112 0.0619394143326172 -0.172574536820994
-0.0215454435048967 -0.00527316634315235 -0.0523994031660843 0.157781251672961
-0.0296591659324191 -0.00852908169377634 -0.182777880010418 -0.0413286299795195
-0.0110221212126327 -0.0217854702068756 -0.126812728923149 -0.430864625654213
0.0184349822585541 -0.0509980548221978 0.421882813597378 -0.457423452651724
0.0349893105934349 -0.00688935442333309 0.812745206674146 0.206495024176949
-0.028056602345307 0.00360884405451639 0.233578447686531 0.903450365172434
-0.000203285362147455 -0.0475287890399624 -0.438387826988446 0.538179883615475
0.0340212994099063 -0.047220369106844 -0.0383880578540917 0.113379713579206
0.00946099958299839 -0.0310242789586886 0.531683136989919 -0.356165966728644
-0.00966109725589861 -0.0250407383042349 0.109448076115367 -0.960973928236802
0.0125105118798956 -0.0287022817551813 -0.771139799540803 -0.513292780000952
-0.000293900609187707 -0.0559052533606581 -0.608265568210627 0.414541937550399
-0.0296955161929683 -0.0233183375810993 0.0335264403598437 0.49332337519014
-0.0103065029918928 -0.00663276013014263 0.210580224048347 0.139459168279644
0.000299388130088214 -0.00976683132268536 0.0618706645261517 -0.180991961143435
-0.0211799031803354 -0.00497310723357706 -0.0511721596637392 0.151662273511261
-0.0267840426578883 -0.00972517090473626 -0.180288764441442 -0.0528908905801505
-0.00648174281841604 -0.02048757285183 -0.0781519646763948 -0.430779118379783
0.0191363807694713 -0.0444611992501493 0.479806334127449 -0.407213764841831
0.0327493623708765 -0.000248552629190459 0.78867051134807 0.304211662571896
-0.0303762321901331 -0.000624328214545378 0.132396410746038 0.931125790290407
0.00904047611662217 -0.0518087201969965 -0.473469606946141 0.496880003171398
0.0421291333252293 -0.0485968419016446 -0.0118448373417741 0.0945721574171178
0.00974759939551022 -0.0332149099717099 0.50672058987457 -0.407790782472643
-0.0111976446720852 -0.025042151432464 -0.00640443017409771 -0.957140113879816
0.00862875407770669 -0.0291400134467936 -0.816501760809527 -0.404845331230511
-0.00807718786490222 -0.0534558039371348 -0.548680818376105 0.480606190838304
-0.0320363930832522 -0.0190917537161172 0.0819153145274351 0.483495262597433
-0.0103041271408513 -0.00702193896513871 0.218834331667856 0.116633344505145
0.00372782897799159 -0.0110666401109563 0.0636623636635791 -0.187679587562428
-0.0175259540432674 -0.00447872502193393 -0.0455122053224963 0.147509551938201
-0.0248194042988984 -0.0116643103636411 -0.172999716910697 -0.074074799275616
-0.00398075824545359 -0.0213855677370081 -0.0320431306609321 -0.438609536042547
0.021897985526426 -0.0392888689242022 0.53171186195521 -0.348833169736896
0.0328548865461218 0.00750838244969665 0.749110465167104 0.405484051026318
-0.0298193197148848 -0.00215926494168511 0.021285737742827 0.951324957964205
0.0133554161988748 -0.0481197274854799 -0.51060483922794 0.456037504591587
0.0407133362527922 -0.0446463900769373 0.0144289617966268 0.0754914231800172
0.00623787687433788 -0.027408406753724 0.477403269697725 -0.460492272824572
-0.00981638604385495 -0.0202955615512173 -0.122674570341978 -0.941387814255655
0.00714438883807275 -0.0299597184121987 -0.851394643443188 -0.292447717741061
-0.0144795553269114 -0.0485431134031998 -0.482535031723962 0.535932273472995
-0.0350990774643764 -0.0137272045731159 0.126673861145678 0.469643846936807
-0.00918902082284667 -0.00618749638571198 0.225245298972249 0.0903550057627015
0.00931999002769068 -0.0106939242917487 0.0650229356817519 -0.196988684542306
-0.0145665018096157 -0.00182027601295718 -0.0424077612440122 0.14202736963403
-0.0201517470214851 -0.0114881540514711 -0.166241223316262 -0.0942362348056313
0.00014511976635798 -0.0186987717686567 0.0097983528664523 -0.443992365547749
0.0235963648664089 -0.0327308381523552 0.569515386947728 -0.29202393646921
0.0334835428910454 0.0162475234008905 0.700057465274971 0.49612385931776
-0.0270781597183911 0.00275510886025438 -0.0873690272751858 0.956992768977785
0.0110708885676912 -0.0359538220522243 -0.535409649260786 0.408304830129463
0.031393565972688 -0.0329547059495698 0.0432483423104446 0.057386745000635
0.000787620865188613 -0.0137079021789323 0.448245356157698 -0.505215081464451
-0.00601437780263603 -0.0114084054040537 -0.22527766906681 -0.914286496996996
0.00744665889066559 -0.0280852380392368 -0.871351946012942 -0.185331170498944
-0.0213514991165755 -0.0421665237447498 -0.415846090576442 0.581486198013933
-0.0349985424145215 -0.00673020039014193 0.166883630182948 0.44775357024886
-0.00411491819712291 -0.00332065140916804 0.229053134245014 0.0636791704551794
0.0130848941700276 -0.00773301689266967 0.0681820649228788 -0.204420643660563
-0.0119285325280357 0.0030185886273877 -0.039143920585153 0.13883857980315
-0.0141488554555063 -0.00840956965657325 -0.161229623998672 -0.106597217176761
0.00369149018810178 -0.0152638636509868 0.0386560140885507 -0.444978541791933
0.0244812632610891 -0.0262742585324977 0.591606273462949 -0.252623114073453
0.037901357374272 0.0258120708209716 0.66062179579211 0.557004713298069
-0.0255569291495358 0.015326223261318 -0.160170079700792 0.958485282045264
-0.00250595298486989 -0.017416967595618 -0.550200504740587 0.38000802859436
0.0128878368898055 -0.0158336358622753 0.0631410537979463 0.0455757873685504
-0.00598220391968472 0.00733502751976766 0.425664974105416 -0.536180638693092
0.00203846385499926 -0.000266660972736237 -0.287824341471597 -0.891053732144053
0.0104752565917549 -0.0270424335416122 -0.876943656607229 -0.116623097457412
-0.0257239997226418 -0.0367210254911082 -0.372518833565297 0.605360382342936
-0.0332724537168345 -0.00123243424278782 0.18974394908279 0.43215886081213
0.00146516923679886 -0.0011938171296525 0.227773732929461 0.0448763676567332
0.015919806711907 -0.00368038345390509 0.0705219719775527 -0.210843548047253
-0.00940211958187412 0.00921223765585304 -0.0384611649292534 0.138253474951232
-0.00777995831848855 -0.00276948717235874 -0.159706739704187 -0.110812034856279
0.00566459086969471 -0.00983372106356262 0.0495119762126363 -0.444788357790032
0.0241543561043306 -0.0201939540521412 0.595885858700669 -0.237353649825109
0.0441830401922969 0.0339890612883891 0.643950757139171 0.579855820841508
-0.0251186787925998 0.0332674377655156 -0.184545269139155 0.95874142910497
-0.0219227545818643 0.00558347395845079 -0.55019711789393 0.371446976818834
-0.0112521483042123 0.0033376284861975 0.0713946190966112 0.0426293927826961
-0.0131269764151839 0.031781267212484 0.419951417710677 -0.546573914223109
0.0128551838403819 0.0119147132365041 -0.307987760798447 -0.881336336179733
0.015979115193969 -0.0247986280572398 -0.878043573316821 -0.0935725487029551
-0.0260756895306673 -0.0330759709019064 -0.357917311313347 0.610769421579314
-0.0293655453930361 0.00201733889521556 0.195018519597053 0.425835652148998
0.00739168962964631 0.00158927290449589 0.225600557693543 0.0351794225763559
0.0169742039991357 0.00160120165571238 0.0736241449872804 -0.215705002047469
-0.00853173402026931 0.0148737963889295 -0.036508367580156 0.138581035584008
-0.00144159440955434 0.00290556728933906 -0.16223426311521 -0.106544819857535
0.00771694426936966 -0.00615445071326899 0.0397543673379979 -0.44355531771479
0.0209492101086571 -0.0170148127515639 0.58597497707292 -0.252909045867743
0.0514554790723044 0.0379685401496054 0.658745227137543 0.5605331670944
-0.0224401388552647 0.051113754311568 -0.158550182768059 0.96414424763398
-0.0420031924804888 0.0279528684031905 -0.542756181679826 0.381878740936956
-0.036579056912098 0.0220324281571891 0.0695084664450812 0.0484512080961771
-0.0218908581921659 0.0545674225158091 0.428729628317945 -0.535830210473973
0.0212122398034701 0.0232599792480735 -0.285698294905537 -0.889449055729402
0.0236048996381289 -0.0222080545157536 -0.879648538022172 -0.119978285526592
-0.0248133582693522 -0.0304199680072263 -0.376247448859552 0.598928614162455
-0.0254211602429416 0.00395129073481736 0.182158746421422 0.429745230319048
0.0126590818726009 0.00597836891227573 0.222548633509487 0.0384867177825397
0.0171829815957055 0.0071058479340182 0.0758112423125011 -0.21664616021366
-0.0243619045795891 -0.00084550476186045 -0.0571145122066592 0.158902752096213
-0.0238494032133973 -0.00397743559139184 -0.187049209400042 -0.0218627204144818
-0.00931465758542484 -0.0184451012516615 -0.159724152931313 -0.411536589846707
0.014778757011796 -0.0510359773234502 0.369890505595668 -0.487528679157259
0.0385181350018639 -0.0103660859814135 0.808409276821793 0.116807336079954
-0.0221987591531897 0.0148647515707724 0.313262763375816 0.855374110453795
-0.00991349226809455 -0.0353437789704405 -0.395221492122224 0.564628119732002
0.0207556727221844 -0.039926128085125 -0.0567855417200125 0.128948104958761
0.00333089656143348 -0.0213884958390933 0.541504891126712 -0.308250155247931
-0.00781018020418742 -0.0198804911087682 0.20246423528038 -0.943139279986109
0.0164398095220981 -0.024582069609453 -0.712153526441038 -0.591567578305907
0.00316301042919822 -0.0537765582690374 -0.641325109102604 0.353783072721998
-0.0258607389311676 -0.0231148798917049 -0.00614433370065576 0.493066141960434
-0.0082882868119573 -0.00566202589923798 0.199261225833078 0.156939572304871
-0.0065912312642415 -0.00658989066713622 0.0609585072706376 -0.17082373402675
-0.0214784535885943 -0.00498106578905256 -0.0524245544100103 0.156221992226209
-0.0292249466517739 -0.00784667718585903 -0.18236675824768 -0.0393630235725015
-0.0103689796808116 -0.0216759703023272 -0.127887001547286 -0.425116089774568
0.0171907847242646 -0.0507987554188271 0.416386688056702 -0.454390633614903
0.0350752164772865 -0.00657480921232158 0.804501444877226 0.201031419137632
-0.0278877592136979 0.00404047404769122 0.236007637029398 0.892840360907427
0.00125006075001407 -0.0463309206664085 -0.431661644031174 0.535321950439499
0.0337478973758217 -0.046611508998722 -0.0366204968001653 0.113158162897559
0.00955696603930544 -0.0304451067844712 0.525882879742134 -0.353898282068998
-0.00992188954615844 -0.0246608749394015 0.106317906467064 -0.95408597601223
0.0120978525694684 -0.0278006128983357 -0.765072273973301 -0.505435315066311
-0.00137148315529735 -0.0544505606394245 -0.601228044551366 0.413906406704065
-0.0292912910091601 -0.0231137648408919 0.0338312292117198 0.489205718220141
-0.0108776352959024 -0.00783991509333926 0.209428342475869 0.137823027781597
-2.54689771425568E-05 -0.0102187090683282 0.0606671341867561 -0.179286844644798
-0.021036767839359 -0.0046380581682951 -0.051352104665559 0.151013269598981
-0.0257090311596626 -0.0093575695569607 -0.178914822037951 -0.0509269018551465
-0.00592247772029822 -0.0210643017025291 -0.0773047577824869 -0.427020789874835
0.0188497122122252 -0.0439306999318372 0.475257351066157 -0.405403378814341
0.0322108198233123 6.23743087219686E-05 0.781621714704118 0.297969020102441
-0.029665453075869 -0.000586059227744105 0.133290976358003 0.921011378052961
0.00916258397319804 -0.051134166074401 -0.470453603725704 0.493457726865358
0.0416616224438232 -0.0485271395739476 -0.0120657654779071 0.0939553566356737
0.00976693221893439 -0.0317121176045269 0.50278614005487 -0.405547040993277
-0.0114408864270828 -0.0246746277881426 -0.006725970229211 -0.948566226114198
0.00828805673739499 -0.0294699748496526 -0.81096568419114 -0.399881431692312
-0.00801073195410358 -0.0529660069125839 -0.543361689258446 0.478108327714681
-0.0321738791883511 -0.0192388620100063 0.0825548263412064 0.479881386473699
-0.0107776679245283 -0.00847530327462517 0.21815783913745 0.115523784285607
0.00362926951757014 -0.0116328506514755 0.0621940673743631 -0.186576631135452
-0.0164328754403814 -0.00398893288000832 -0.0461532162051446 0.145577122422312
-0.024475866241354 -0.0113451571064986 -0.17238967316723 -0.0727478575552417
-0.00285098960248956 -0.0217772627532889 -0.0332900779474064 -0.43531348519701
0.0216911387311012 -0.0387343258701746 0.526718223034164 -0.34918319154262
0.0316405877618481 0.00672185049155407 0.742887565872046 0.399027918830149
-0.028450371480145 -0.00203221223771577 0.0231715553939089 0.942022090798177
0.0136999165373863 -0.0476707742117415 -0.504907091275398 0.450197562531957
0.0409383419891172 -0.0437660132033236 0.0146006175217159 0.0752924888845564
0.00590801760120815 -0.0260062827381192 0.472899397653885 -0.456623653858877
-0.0102970763961741 -0.0192060280269826 -0.122125574962652 -0.932474871274224
0.00654535606532916 -0.0292398228245498 -0.845662642925407 -0.287305773584284
-0.0148932220483761 -0.0482604015450683 -0.477492027029959 0.535641032921289
-0.0343231587298612 -0.0137244979516753 0.128082215368839 0.463676708819173
-0.00915801642696104 -0.00684134378571692 0.223238824187238 0.0885995705583998
0.00859947551644612 -0.0109315991757336 0.0643765500071132 -0.195200263877256
-0.0138958201527717 -0.00106194598296063 -0.0426677775214483 0.140589973848359
-0.0206232489082215 -0.0110989992810495 -0.165674097656432 -0.0927238748536007
0.00115992419443682 -0.0194273590169824 0.00959653102497134 -0.440035227748998
0.023600883985952 -0.0316381126021639 0.561623132660272 -0.290992146046923
0.0336997472085818 0.0161909537936406 0.693958697335939 0.491234749494205
-0.0263793551702196 0.00292117875117891 -0.0835929684889131 0.947346552005257
0.011582772267855 -0.0362929596966583 -0.530825073279369 0.407532073783271
0.0313357801680726 -0.0328555489428981 0.0418724563187596 0.0571846078804225
0.00125736637051443 -0.0128059506721575 0.441169119348608 -0.501310750269436
-0.00651391357234153 -0.0111099278213703 -0.223565113848733 -0.904258813388344
0.00677203440598457 -0.0280835374184998 -0.863663579595135 -0.180114839455923
-0.0212517838591934 -0.0417633921070285 -0.410260814775255 0.577461052608111
-0.0345021221668945 -0.00718112793807081 0.166608527809532 0.444653956869992
-0.00416098099027476 -0.00433048469790939 0.226390810446999 0.0624169207154646
0.013081593555939 -0.00839329064538306 0.0674502620906259 -0.203348547128232
-0.0117868736476411 0.00337045266730937 -0.0386916191825635 0.137706568333064
-0.0137113271203871 -0.00818586923622579 -0.159608342716451 -0.104649896250885
0.0040871598671918 -0.0164583557618173 0.037523973924402 -0.441016253161228
0.0242967509904681 -0.0255735006811498 0.584655587539694 -0.252343333266351
0.0378565972215438 0.0256521332258747 0.656763566249123 0.548512414556459
-0.0249745020508508 0.0158552865355739 -0.155339292280987 0.948636666057723
-0.00214970008569543 -0.0165606107197644 -0.543453144039003 0.377740792790668
0.0131717955076827 -0.0157410402236123 0.062113955609784 0.046008652841302
-0.00606517285413763 0.00782260252128921 0.420948196433317 -0.531212751364738
0.0029466196897756 0.000499450571670376 -0.288879409251526 -0.883508688670056
0.0103112505833311 -0.0270584027469504 -0.870174308470428 -0.114367988998978
-0.0253377070893497 -0.0361073622023127 -0.366271298844706 0.600307937805506
-0.0324180189445834 -0.00162011462793394 0.189882439567339 0.428510670776784
0.000825839472537612 -0.00192022382411299 0.226045265152231 0.044164590529938
0.0156103679670041 -0.00392539974240677 0.0693648647862301 -0.210072909059366
-0.00953086542225057 0.00923589682741592 -0.0385244917426807 0.136691201055117
-0.00772602627541009 -0.00422911434663531 -0.158864613585509 -0.108519786236756
0.00717210373941482 -0.0103064553758177 0.0474971743340816 -0.440129528479487
0.0233856623207047 -0.0197120493773107 0.58806879386076 -0.23767452943905
0.0434855514555112 0.0330783125246672 0.63930004383661 0.571611544334747
-0.0245061846150341 0.0328624034039218 -0.180888797623148 0.948874458924447
-0.0213575679265038 0.00453954725851708 -0.545831901858431 0.369410645697327
-0.0109965791785094 0.0034546838124382 0.0718036403998739 0.0426723115037393
-0.0129035292654181 0.031481037647478 0.414365943435574 -0.541164584893772
0.0115380196158864 0.0118578565470728 -0.306408444451205 -0.8745588841097
0.0154091727728716 -0.0248894320271229 -0.871851466287309 -0.0902535995648397
-0.0257419555239818 -0.0323043345211789 -0.353435938429256 0.607518851365041
-0.029643511742979 0.00169866131257118 0.193356949670268 0.423277295377629
0.00672596636571291 0.000800780917860049 0.223814956720812 0.034979343305202
0.016467688555831 0.00224128289332445 0.0727912485729304 -0.213458325021046
-0.00861391599663896 0.0149808527551353 -0.0367166620894485 0.136708934787215
-0.00170390314889517 0.00230475420150985 -0.159933964669633 -0.104653551721199
0.00800489211950523 -0.0059236192826548 0.0382399566669222 -0.439697813841577
0.0215242969838996 -0.0162682871292981 0.579469610047714 -0.25363399192021
0.0506304538221447 0.0377336867617185 0.651872834612678 0.553123719679637
-0.0221426349001666 0.0505103526882198 -0.154604390660137 0.956332582513182
-0.0411143935825518 0.0280469793726477 -0.539221472257482 0.380428884196522
-0.0356953564276398 0.0219326439290766 0.0681047001511858 0.0481664913902293
-0.0218027138686611 0.0547632208536899 0.426030728392636 -0.531131169590269
0.0211518053633749 0.0235101169300001 -0.285454245587068 -0.881254876289197
0.0224475515451266 -0.0217072120607621 -0.872861223061951 -0.115920716751882
-0.0241722120886448 -0.0301132947279441 -0.370184082580763 0.596648037331063
-0.0250767410896657 0.00269844093469847 0.1825871901133 0.426455479434648
0.0118029413260235 0.00508268411604181 0.221144579591962 0.0371246299991779
0.0165297184783136 0.00699663843404008 0.0740964296613681 -0.215536201478737
-0.0232141203679613 -0.000992967510269233 -0.0575097077815286 0.156987818007784
-0.0246223894456634 -0.00343561467602121 -0.185876661804048 -0.0214185656873696
-0.00851264014839426 -0.0179469938036316 -0.158972318256027 -0.406824630355696
0.0144285297389003 -0.0508228771285174 0.364949105840297 -0.485121950715437
0.0381687175651118 -0.0102721815858626 0.802800715820484 0.117260591254789
-0.0224861167673401 0.0151216549379705 0.312932440669257 0.847394304468275
-0.00981661383944655 -0.0348706460448056 -0.391657997112473 0.56125204192976
0.0204090046718644 -0.0392049527763316 -0.056259906179596 0.128143548503969
0.00297707335654159 -0.0200745859565192 0.536820252558052 -0.30695874099831
-0.0082510077989488 -0.0191573966846248 0.20115278571736 -0.937637820717562
0.0162315759238288 -0.0249082847081052 -0.708430957587348 -0.587088829608734
0.00374515306611865 -0.0536368571441833 -0.637065150352236 0.352029491142583
-0.0253508330923738 -0.0228700293365003 -0.00663188143891591 0.489398585764959
-0.00885355666548303 -0.00676376188514641 0.199139182327197 0.155800890676368
-0.00693408237720794 -0.00682047971512308 0.0610312312699138 -0.168990868071269
-0.0215039697043465 -0.00425034279793968 -0.0521854767838654 0.155909511838407
-0.0285661077307365 -0.00802602110369295 -0.181527344394509 -0.0384968388744052
-0.010104801673299 -0.0221796469655366 -0.128643912687276 -0.421306301405852
0.0165136804998385 -0.050529043702614 0.412637735074898 -0.453479681789337
0.0340284854765799 -0.00660486437230368 0.800076408906328 0.196245602354159
-0.0270628813547917 0.00413632909807487 0.235941806108906 0.886027766691541
0.000948140206391529 -0.0464736307793413 -0.428370756318855 0.532779512544766
0.033471487850191 -0.0463171708749963 -0.0364030425948526 0.113254663955619
0.00950687142593014 -0.0294749596587656 0.522486622166842 -0.35134608290647
-0.00964558871753506 -0.0237783529175919 0.106271019891083 -0.944991926011308
0.0128295301812791 -0.0278800970788964 -0.759688776044593 -0.503569596069092
-0.0015303627353146 -0.0542458497710926 -0.596121756218958 0.413913293215594
-0.028420124423967 -0.0228750024088537 0.0328443990841315 0.486379024310338
-0.0109811796578424 -0.00854612251345729 0.209047610446992 0.136045573744404
-0.000196664343387496 -0.0104537370467885 0.0603092997232722 -0.177590957301661
-0.0206198094038157 -0.0048390088747303 -0.0516266102089117 0.149450154284573
-0.0254430604017712 -0.00936941298811934 -0.17777739907792 -0.050175000389753
-0.00539292663682097 -0.0212673440940379 -0.0785378268828235 -0.423015080751184
0.0179118444481057 -0.0429241249219418 0.470595232276679 -0.403373836817533
0.0318361352649537 -0.00012248993325897 0.7747712801421 0.295198435674901
-0.0292834793411927 -0.00119677119453819 0.134365460804515 0.913609904612173
0.00913055225619433 -0.0507856832843578 -0.46503530768434 0.489307551985827
0.0417421123269494 -0.0479131424659341 -0.0122718365192234 0.0936240723427873
0.0103314960422188 -0.0313775511997508 0.49846330820169 -0.402141412878444
-0.0111778172393603 -0.0244161380021153 -0.0072734989815029 -0.9404840013499
0.00830631743592833 -0.0294337769817101 -0.806087583133441 -0.396083239949728
-0.00789139722807908 -0.0520459317410276 -0.538356618213803 0.476558873175928
-0.0317334773949823 -0.0192691835129532 0.0823017490067884 0.476617611993341
-0.0109221422883643 -0.00880132301769729 0.217404937628901 0.114136664697006
0.00301567883552505 -0.0114913213807701 0.0618497914119832 -0.184986129717132
-0.0171773346461516 -0.00329548846960418 -0.0463679915748933 0.144853009302434
-0.0242953504324725 -0.0119599836945042 -0.170647566253597 -0.0717779240360411
-0.00251925288985751 -0.0220710632924513 -0.0342888022011567 -0.432239777357678
0.0214916659831888 -0.0377810283167086 0.520845520524266 -0.347045482931728
0.0319759395108524 0.0070642225970124 0.736737424610345 0.395500138912979
-0.0287888044181315 -0.00238477293269259 0.0249327569682357 0.934443505662252
0.0134646362131883 -0.0476320349931044 -0.499748073826499 0.448022892217745
0.0409311740482876 -0.0432149576242694 0.0145039908116864 0.0746276889015569
0.0070317002963466 -0.0260217709258641 0.469766533030759 -0.454090276316627
-0.0100006775309608 -0.0194347915361822 -0.121957440021537 -0.925358422206882
0.00589836461300064 -0.0290214442198378 -0.840009211969999 -0.284209468465758
-0.0147710781576373 -0.0480227662805153 -0.47308063006662 0.530515299785193
-0.0337083467073315 -0.0135040546735221 0.126813468717691 0.46145341458493
-0.0087104189983211 -0.00760534712424403 0.222539100880157 0.0879615159387944
0.00832818028204978 -0.0113648247840559 0.0630252668534673 -0.193646473745791
-0.0142204473958215 -0.00100769713966846 -0.0430074714283642 0.139270890855932
-0.0197736997063938 -0.0115290474967874 -0.164613458483825 -0.0909005708646508
0.00179580145377996 -0.0192785869381314 0.00821277749565519 -0.437015024480232
0.0237414183375905 -0.0313170027242468 0.55830232397525 -0.291314419991696
0.0338519331371898 0.0163985649237778 0.689968120001559 0.485721505602391
-0.0270068994344413 0.00287584068318261 -0.0822343867403925 0.940942054982909
0.0119009046770208 -0.035342959992725 -0.526741897307284 0.40505102689472
0.031770622359575 -0.0327053739664529 0.0416683046939921 0.0568621035763584
0.000981029636523122 -0.0124497652112477 0.439309438756436 -0.49835348716404
-0.00638754666137444 -0.0113862080406177 -0.223468697251231 -0.897837723025232
0.00636794825291969 -0.0283917376634498 -0.857670441302582 -0.179200343609754
-0.0212657926531141 -0.041395184486794 -0.406606034988804 0.575645942654907
-0.03430417087146 -0.00686558352660358 0.166644381082879 0.440879350084278
-0.00483978160635336 -0.00503251005771801 0.225683261915702 0.0616913292319038
0.0114875880568047 -0.00836772326141961 0.0669935956896222 -0.200726260067141
-0.0117800856253126 0.00389697938241715 -0.0400549903620039 0.136446056742542
-0.0135003016030169 -0.0084691357503698 -0.158896715827428 -0.10310210389461
0.00526048913836809 -0.0162326907686839 0.0370715458315973 -0.437547444483226
0.024096311410136 -0.0246494689444341 0.579764493675652 -0.25223717803204
0.0371064225739775 0.0258013683253347 0.649376164620015 0.545380969400905
-0.0247126755305756 0.014713547632958 -0.154090970471202 0.941345343156387
-0.00119015335502945 -0.0167116717801228 -0.537524357013156 0.37524732209578
0.012957219118358 -0.0164576416534078 0.0606632435083238 0.0460198808241581
-0.00545943408981582 0.00829691095707546 0.417851710612341 -0.526614059266691
0.0017230259302609 0.000202335937031568 -0.286268626459677 -0.874679775227452
0.00959859924810611 -0.0268304676369693 -0.864197925444139 -0.113315266262865
-0.0241710978362719 -0.0360455434458181 -0.363846617362459 0.597177776974155
-0.0323717163906014 -0.00207318096063931 0.188517677290461 0.426673369844575
0.000457720728638179 -0.00242198297883914 0.225141614445086 0.0428563284987343
0.0144446973087664 -0.00406201385681309 0.0695117479882138 -0.20781990966043
-0.00930771750152101 0.00993212573668864 -0.0391872276730953 0.135603827075333
-0.00718597108250193 -0.00446799410381511 -0.157482828833055 -0.107900860329893
0.00699744833633834 -0.0118276698996935 0.0463938276360791 -0.436486375444032
0.0234119104260477 -0.0193827963502722 0.584869596893097 -0.236555304455192
0.0438425553509304 0.0335211597807114 0.634457338181391 0.566136220204855
-0.0243819734690817 0.0315298974673026 -0.178101882381918 0.941911932834791
-0.0199361858028284 0.00439728284317821 -0.541019142011829 0.366461239772212
-0.0103645166626993 0.0029389133633228 0.0710599236247164 0.0429654385775911
-0.0128684856329746 0.0322353974730183 0.411603797206969 -0.536348667433497
0.011844080667229 0.012207402776304 -0.305266573541572 -0.864522583020046
0.0154806600777148 -0.0244193574850144 -0.866573595127094 -0.0869836657202894
-0.0254973629937202 -0.0321380531230511 -0.349661231136248 0.603958500428226
-0.0290737384520842 0.00176696019491181 0.192826056205491 0.419094057253063
0.0059888627151075 0.000347639607057663 0.223080967766718 0.034384255885407
0.016135298024253 0.00141976297349773 0.0715231001035575 -0.212544813685934
-0.00846013484844229 0.0154470599437544 -0.0367955933625091 0.135084928675372
-0.00142371126593888 0.0023277067524972 -0.15883762053175 -0.10367647569829
0.00846729467489956 -0.006932416641178 0.0383029281410787 -0.438291620736584
0.0219290466876491 -0.016609558516603 0.574354836403744 -0.254551861617245
0.0507186330207556 0.0371386490096206 0.647408857016615 0.549493756108644
-0.022310334557861 0.0499832847307111 -0.15046869433462 0.94811200663859
-0.040185025231791 0.0281570898116553 -0.533266449061194 0.377777083412286
-0.0346509647902553 0.0208623974545937 0.0683627113361892 0.047797679586703
-0.0208412930901342 0.0543794928269598 0.422074753908122 -0.525672356122149
0.0208434828038848 0.0237770562400607 -0.282186934929986 -0.87301189956205
0.0223258151949749 -0.0226694183147141 -0.867501161521664 -0.113432404646633
-0.0242653931904447 -0.0298903077130799 -0.367546266385258 0.593279019702197
-0.0249535285519459 0.00305799084832206 0.181364092453064 0.425038427170522
0.0106511423398634 0.00463285532155863 0.220067644620518 0.0368507774836464
0.0157595297421739 0.00676634095139637 0.0738652391001108 -0.213431970097486
-0.0238395011572706 -0.000284155494761758 -0.0581019574887494 0.156118909245265
-0.0237603967832907 -0.00360123810335178 -0.185327739481634 -0.0206917551020352
-0.00793190471106664 -0.0186343626532747 -0.159129102019536 -0.404339214095126
0.0136424145918752 -0.0493603260167874 0.363754278147477 -0.482164186073153
0.0379993845803094 -0.0104332714298324 0.798249282697315 0.114722455960156
-0.0213772640653591 0.0148300480255429 0.312645565171896 0.842196104137738
-0.00911306384066391 -0.0347555006422984 -0.390098722897953 0.557546871575633
0.0203505237606493 -0.0387748351457756 -0.0559488152665195 0.127312154008696
0.00397654105864524 -0.0195153342783782 0.532566892050451 -0.305722770228174
-0.0085112872807761 -0.0188122259024069 0.201360457810015 -0.93190382106997
0.0165101770443116 -0.0247496503242962 -0.704142480510807 -0.584679574454749
0.00317520531995629 -0.0524881297349659 -0.632599327081927 0.351083642541449
-0.0257411341263484 -0.0226673885633639 -0.00518335015744892 0.487758439146607
-0.00845169038225205 -0.00708509172839897 0.19796113017609 0.155368090884513
-0.00687580374304559 -0.00670521137817148 0.0613850358143533 -0.167956354636791
-0.0210093669560409 -0.00415942223894737 -0.0529108298950395 0.153233963769205
-0.0284254913343199 -0.00781277934294962 -0.182007686683195 -0.0379080365207292
-0.00972316187149621 -0.0217952720487981 -0.127487490751467 -0.418084831567421
0.0158286167930768 -0.0493879106671243 0.410612498939372 -0.44919696510089
0.0343689593046049 -0.00632640023499658 0.795773996818096 0.19525547197662
-0.0267720757070362 0.00343431127118861 0.234871595397833 0.87949420735065
0.00155994206736483 -0.0455341987835202 -0.426181833920871 0.528312813563935
0.0338845712470633 -0.0457001108602293 -0.0357855764021349 0.111814877123514
0.00899812782364653 -0.0286335873590864 0.518445845002893 -0.349151803154505
-0.0101044581738158 -0.0240673142276623 0.106830103027935 -0.940049259355006
0.0121192254114105 -0.0278264827956443 -0.754596769467361 -0.500938057561457
-0.000688904242212181 -0.0541798130036345 -0.593677922450358 0.409772655326534
-0.0283918152142341 -0.022486842023687 0.0344496525878565 0.483906230397211
-0.0114520342231008 -0.00917761554292375 0.209064337216406 0.136290907684137
-0.00102127891909888 -0.0109754418227032 0.0602740815355835 -0.175972620411371
-0.0208560389071954 -0.00422651571969737 -0.0522319971643478 0.148127579150409
-0.0250120221625655 -0.00988220610140235 -0.176820538721099 -0.0494561919033572
-0.00452950757308486 -0.021882625898546 -0.0760663206421963 -0.420685766901126
0.0183239871462738 -0.0421567778359748 0.467657479643137 -0.402863302556248
0.0326822530838761 -4.9276230879379E-05 0.770921342810168 0.291832439709234
-0.0299623318928384 -0.00134820117068016 0.135570701138525 0.906888223637382
0.00957469756818869 -0.051015498964746 -0.465035404598106 0.486689600237795
0.0415826007438397 -0.047583704649271 -0.0127287920459373 0.0934121803559837
0.00933007274170141 -0.0307794363284361 0.496703091391816 -0.396951454783942
-0.0114374210499016 -0.024085139971832 -0.00562946751222901 -0.936532812901515
0.0081747466451144 -0.0290621701051092 -0.801669365266634 -0.395165173674716
-0.00710336221186714 -0.0517384551255244 -0.535595351382478 0.473890637348787
-0.0307134124360092 -0.0189197166708595 0.0807839723097189 0.475646692231424
-0.0112278031150197 -0.00938676389636623 0.216310038261518 0.1134072677727
0.0024357841958951 -0.011773876881387 0.0619426192868377 -0.183241564196461
-0.0171428451852685 -0.00391388657757203 -0.046737606105228 0.143275499622118
-0.0240212112440358 -0.0115875117863723 -0.170522821814561 -0.0707295998151497
-0.00183089933592095 -0.0223677659745042 -0.0321746562822259 -0.429643401016607
0.0211548511614184 -0.0374160288226173 0.517088659946316 -0.345847054911951
0.0320545193123396 0.00743202575007906 0.732714059769562 0.393060835456841
-0.0282813218425892 -0.00254082741525787 0.0242464621086307 0.927944450377163
0.0140555326757773 -0.0466856453435872 -0.498237571431843 0.443897143692967
0.0403449351170424 -0.0428073220658511 0.0140873644057154 0.074815599194357
0.00650991398723875 -0.0251279853220952 0.466774195762531 -0.450173362182185
-0.0113411594005522 -0.0189709752181067 -0.119547046839243 -0.920809483137838
0.00616776024933086 -0.0291126998219973 -0.833438248489634 -0.283154349557754
-0.014315514924136 -0.0470515211231276 -0.470108914648362 0.528599064104877
-0.0340085192500625 -0.0134970340178676 0.125186298066011 0.459346208600221
-0.00921699426226543 -0.00775906940239803 0.221432688280425 0.0867550356651596
0.00750306324728133 -0.0114689535008039 0.0628860760296219 -0.192913062195284
-0.0140604269345594 -0.000728392844632623 -0.0433002921707021 0.138119103343109
-0.0198777060561338 -0.0120871695445709 -0.163499388947815 -0.0900251367598336
0.00184630558712725 -0.0201528952269066 0.00837755782163464 -0.434721980026582
0.0232424358060187 -0.030735571159134 0.555110988238724 -0.289583132833493
0.0339715767506085 0.0164437613096585 0.684011690239533 0.484443802679544
-0.0265418964557056 0.00206339610366343 -0.0815918630609996 0.933776754779143
0.0123409522043105 -0.0355580447349268 -0.52424874044314 0.40104353903053
0.0316467723099621 -0.0320024990762377 0.0417629259401237 0.0574822915633232
0.00101693199971891 -0.0107621233510346 0.438558498404277 -0.494386322486744
-0.00656227117523876 -0.0105577113607596 -0.220995112957246 -0.891114931426505
0.00640959105933519 -0.0279737780922427 -0.85248027604015 -0.179603174510492
-0.0206140306778518 -0.0410106346904414 -0.402094084232206 0.57126289976157
-0.034225010364565 -0.00756836836770372 0.165328532268683 0.440015192218733
-0.00537801730539142 -0.00609882951808935 0.225068930485169 0.0614601201221576
0.0114398334984728 -0.00861289543009082 0.0667390813712651 -0.199770729476671
-0.0113966063409075 0.00431938487688602 -0.040281993776625 0.135165229200874
-0.013092357680807 -0.00914986891546913 -0.158369545047637 -0.102851799160525
0.00549875969386735 -0.0164070271637726 0.0378717790465166 -0.435349805221069
0.0246696554224008 -0.0236429942735425 0.577453517809074 -0.2503785564521
0.0372180988309141 0.0251961009964762 0.646380767321742 0.541536709264737
-0.0247673868919138 0.0144531790418642 -0.15271565308086 0.93548865597069
-0.000372531054798331 -0.0162032396835293 -0.534846675215134 0.372915241424429
0.0128788272403719 -0.0161666438378682 0.0611699098732941 0.0460517579486012
-0.00534863738993523 0.00922904716761127 0.416536657542552 -0.522466534093433
0.00129172090340725 0.000120397989559803 -0.283664470024987 -0.871189521233547
0.00937913302342203 -0.0269452803313148 -0.858311569349542 -0.111885651052755
-0.0248238615995987 -0.0355718296174098 -0.360266215984999 0.595590271630753
-0.0319917891649309 -0.00189160273630892 0.186674516991431 0.423763656346005
-0.000106176596135409 -0.00318211650005503 0.224142997446962 0.0431159105067504
0.0130341737237693 -0.00412687386673305 0.0696312268754166 -0.207651134401857
-0.00949715090614656 0.0102560956268255 -0.0394045209082392 0.133886691819268
-0.00642779836274732 -0.00439224295223947 -0.156335927097551 -0.10697321225949
0.00757694955594574 -0.0120451512467116 0.0470606052022603 -0.433323936750753
0.023201289114575 -0.0182026803056162 0.581284601474625 -0.235986783848624
0.0435603513002968 0.0325916932395751 0.628513231242607 0.5628943541736
-0.024143311790926 0.0312728745962379 -0.176208465629102 0.935242431531831
-0.0196365983512857 0.00518823649436562 -0.539380532231846 0.364121371830036
-0.0102718407317581 0.00345771752150897 0.070601186360859 0.043148492983168
-0.0122885734091178 0.0324894650700874 0.408715993034849 -0.532372152810471
0.0113665704463049 0.0109903594266756 -0.303295429635886 -0.860353150714841
0.0149504751558901 -0.0245895730256004 -0.859252619304736 -0.0882192185530417
-0.0254065072022939 -0.0314849574920529 -0.347283786593043 0.600793669090738
-0.0285124183682878 0.00160908215723084 0.191374414606805 0.418208936906287
0.00559955081353411 0.000641205857501019 0.222359743053763 0.0339976470286565
0.0148553087268332 0.00115432831661417 0.0722587716895828 -0.210969172497117
-0.00821785862975813 0.0158899176657286 -0.0381947909419187 0.134171030704743
-0.00114608237629394 0.00170745320805561 -0.157587567254418 -0.102445405786519
0.00876337339512812 -0.00786400812404696 0.0372748078049705 -0.435748154001638
0.0213189023180741 -0.0161816233326984 0.570893946637904 -0.251005907850633
0.0502900162823404 0.0368890365331426 0.643883324232076 0.544528875463208
-0.0221822238968497 0.0493541122462007 -0.151157555396534 0.940075471306685
-0.0398838494830582 0.0274457523061776 -0.531320643812394 0.373507408680172
-0.0345451075047172 0.0207623019748624 0.0682120761685502 0.0480972906727812
-0.0207160917971868 0.054823514282385 0.420165525992615 -0.523499515033671
0.0195667358630229 0.0235367552486231 -0.279470032437009 -0.869493746863289
0.0210780351968511 -0.0224247884837406 -0.861048723546837 -0.113778649875732
-0.0237330325383987 -0.0299236781590087 -0.363863902571367 0.591352788455585
-0.0245700007396833 0.00318673324726591 0.180172944684979 0.42178701560324
0.0104656222303997 0.00345725472155652 0.219092519878658 0.0367403562598501
0.0147275433396957 0.00686198210685897 0.0737735339847851 -0.21172690417884
-0.0237019100992666 0.000312970957320411 -0.0590205420079097 0.155263716027003
-0.0236452881762519 -0.00340323982893261 -0.185849125854508 -0.0210176244786082
-0.00738472168002451 -0.0187020642529966 -0.158913765952795 -0.401661296940456
0.0131896694682496 -0.0494407423854938 0.361932477569256 -0.481941337152908
0.0379070059438581 -0.00995103853716659 0.794249229774025 0.11379558689294
-0.0219711240118822 0.0143931499594524 0.309268760583529 0.838123430617658
-0.0086225433628651 -0.0342432101514339 -0.389353883117532 0.55532815825941
0.0211571325413449 -0.0386027290518185 -0.0562973145848789 0.126461960401428
0.00381289300773484 -0.0191302675322275 0.532805293473826 -0.300682565538443
-0.0089995092761385 -0.0184703226886603 0.202500795182336 -0.92693071181223
0.0163188923803273 -0.0243594125102978 -0.70125243596587 -0.581986266479797
0.00365578390632393 -0.0535529237290768 -0.632345333832531 0.34846082748421
-0.0248608183622091 -0.0226454902579585 -0.00652432259718932 0.485007485847367
-0.00920408117266907 -0.00846160512756266 0.198591515897428 0.155744042198667
-0.00708367428201363 -0.00731727961656809 0.0613932702598649 -0.166777474090634
-0.0210509738410815 -0.00353509006466886 -0.0537907853837855 0.152647821495825
-0.0284407702706671 -0.00762980661916917 -0.180796388085217 -0.037195496440375
-0.00929022457483997 -0.0220996508985579 -0.126378762718002 -0.41595929144417
0.0153994238781253 -0.0484588829738118 0.408235839425515 -0.448970256981675
0.0340909871632767 -0.00646431306600569 0.790249261493564 0.193560121370169
-0.0264896249980176 0.00298015920245483 0.230345958450585 0.875960087243252
0.0019241221873915 -0.0452926052822141 -0.42507360473416 0.52517865588004
0.0344266709601997 -0.0455554794665625 -0.0363748655666917 0.111838370785052
0.00939405838233883 -0.0279163456039155 0.519548588664236 -0.344955958923493
-0.00990601887009681 -0.0236911692889791 0.108351702233677 -0.936624545292277
0.0119461486740443 -0.0279851468505229 -0.752834634182123 -0.501383136546987
-0.000580189133838852 -0.053405693435466 -0.590777002934165 0.409569519673538
-0.0285798187101797 -0.0226666404591667 0.0331864612217225 0.484344273463407
-0.0117872402209844 -0.0103348381446391 0.206761306180183 0.13601968789759
-0.00118041107090134 -0.0105431951396006 0.0607573329500192 -0.175694823436818
-0.0207942872720886 -0.00317402296594772 -0.0527487416233707 0.147674019589362
-0.0252368116722497 -0.0102052414945584 -0.175508580928943 -0.0486430635657241
-0.00439260808639306 -0.0226482412356911 -0.0748515469193046 -0.41787414942858
0.018436024874277 -0.0417879628776934 0.466506857226278 -0.40048696578828
0.0319772151350649 0.00098913653283789 0.7667957166935 0.29143261174677
-0.0290697456494094 -0.00149981029994126 0.132031106493802 0.904158084881013
0.00955751418607685 -0.0500162663361785 -0.461694715799048 0.484145229712916
0.04137746610765 -0.0474091270470467 -0.0125746689418566 0.093011508813535
0.0097266771436468 -0.0300367828928728 0.495597619981747 -0.39448586715794
-0.0118811340923928 -0.0234271219264043 -0.00395107564993834 -0.932462743468098
0.00775352013044679 -0.0297713982414442 -0.799298286185927 -0.395295147051284
-0.00709811620680086 -0.0507787034959136 -0.533327868885595 0.472143549040025
-0.0313348160370857 -0.0192838114769344 0.0806700719329808 0.473912009289288
-0.0120242209947834 -0.0105199193665652 0.216299010773486 0.113868104992618
0.00256192803913356 -0.0123480932356654 0.062021197367954 -0.182484728934339
-0.0169111629948868 -0.00289402199834271 -0.0480059842011033 0.142496063776348
-0.0233709431965905 -0.0123885629371887 -0.168569578413984 -0.0694696845513472
-0.00177367836586266 -0.0226843437402605 -0.0321070358697088 -0.426516184454709
0.0211252948886326 -0.0369529469415874 0.514929533183048 -0.344422352493158
0.0323196104910837 0.00735601179945845 0.728759293414485 0.392600651460253
-0.0283760491132169 -0.00319756800042439 0.0232441760869936 0.923680974839113
0.0144365805729729 -0.0472276069942814 -0.495785480563067 0.443995229830278
0.0416144990953308 -0.0426531498108491 0.0135359907467139 0.074471270579612
0.00690724007754036 -0.0243232935787042 0.465558887609394 -0.44755470738041
-0.0110736471355662 -0.0190051642650762 -0.11874541977946 -0.916944979694872
0.00586747371027933 -0.0295647334569669 -0.832538598875224 -0.283682399021167
-0.013852142238421 -0.0467924283096264 -0.468726016359051 0.527477136241341
-0.0342382461146237 -0.0135814082678387 0.125654681392302 0.458958571180561
-0.00968036623219517 -0.00929226531370611 0.221057120500142 0.0872221289871495
0.00611528944588396 -0.0112022017215536 0.0634606277638044 -0.192013482908686
-0.0141969276062916 -0.000189354875985826 -0.0446628992558081 0.137153826003237
-0.0187160621666129 -0.0120830584708775 -0.162882732314966 -0.0903478549469294
0.00234689004698957 -0.0212044301988099 0.0092482234548096 -0.433346332599884
0.0231762303384048 -0.0298005658804504 0.552765838882519 -0.288554020805391
0.0338856803831912 0.0162159414838502 0.680790306520901 0.483276360429608
-0.0261597953506021 0.00156738095813456 -0.0823758204373628 0.92858844010356
0.0126405746690085 -0.0347532110101354 -0.523475605484021 0.398571806957316
0.0319482530976706 -0.0319192547857534 0.04148931220896 0.0572158964332527
0.00165355855497807 -0.0106035734480824 0.436880436538853 -0.490646614702845
-0.00598107535458185 -0.0107788278029364 -0.217950911669386 -0.890952190322635
0.00582162644284599 -0.0280080333523418 -0.848305958362238 -0.179446383386647
-0.0203973209868883 -0.0407863950937106 -0.403711078240856 0.570650092487757
-0.0335999808783119 -0.00791956881157616 0.164338210892644 0.438580094471193
-0.00571292552957564 -0.00666100567601388 0.22371281013817 0.0613231078518644
0.0103849672339415 -0.0088534512855819 0.0674591723985406 -0.199679571875864
-0.0109295664480392 0.00484440178520961 -0.0415855310833356 0.134524542129487
-0.0126290109900205 -0.00968499442636176 -0.157133568826299 -0.102116751302465
0.00570811309989714 -0.0173084288368782 0.0374687713087535 -0.432650067183564
0.0237806429131809 -0.0239027884186851 0.573376328726596 -0.249436775732299
0.0381820435307918 0.0250872165878035 0.642695309347636 0.540210767976974
-0.0254081775007515 0.0134196770100559 -0.153116875292704 0.930210371994205
5.21851396686271E-05 -0.0171456545360156 -0.534533117421193 0.370185258931763
0.0137042939661537 -0.0155314299255374 0.0609429581289224 0.0467115965415549
-0.00490632818436407 0.00887571277340671 0.414946118214527 -0.518826520535921
0.00127563640199437 -7.17578239393217E-05 -0.282444079713194 -0.8680754218603
0.00880439033725646 -0.0262983103977609 -0.855578406175816 -0.112255320571044
-0.0235671995857779 -0.0352723045613911 -0.359203595194625 0.592473115482303
-0.0317316592829026 -0.00220918003323072 0.18557695428037 0.423916204292071
-0.00128422051796272 -0.00433383357471557 0.222977658145898 0.0437413500482434
0.0135730005894864 -0.00449678002360897 0.0689410433980524 -0.206421115730299
-0.00948713011045579 0.0100800650300889 -0.0405594514756906 0.133165587860396
-0.00710548364940224 -0.00421665587486036 -0.155785570649896 -0.106023762859949
0.0079828665133299 -0.012817823299563 0.0486990883300955 -0.433482208747737
0.0230095988262523 -0.0184379566663551 0.577445301482854 -0.234871093341735
0.0432047984675896 0.0328561260434944 0.62597887033629 0.560739746198221
-0.0242383370897818 0.0317448357528736 -0.178272654972987 0.930288619196462
-0.0196049500526166 0.00469521069672104 -0.536697038671791 0.361542671688063
-0.00963777098150009 0.0028631439758137 0.0704618023059826 0.0436801102524371
-0.0119222036992322 0.0325073787595824 0.4085487780892 -0.528554942902126
0.0109569203536807 0.0126582500608377 -0.29939292765292 -0.860105086515252
0.0148556773023998 -0.0247317359990793 -0.856029134596872 -0.0877838325679707
-0.0245712713810631 -0.0313832065303301 -0.346884470574785 0.59924427479473
-0.0276039133563508 0.000947043862808816 0.191263947337636 0.417455516068099
0.00428546925922115 -0.000296086805011806 0.222028711556908 0.0344268029975259
0.0135165449145947 0.000762078615058706 0.072150669132354 -0.209960296485038
-0.00811824881419482 0.0159048840375891 -0.0384999605450641 0.13350924332347
-0.00089035359971391 0.00159073156321052 -0.157042078666849 -0.102340842511817
0.00890696573452375 -0.00817324806314805 0.039406759955181 -0.433895104960752
0.0217256386343617 -0.0150886004333473 0.568325787885653 -0.251112652734269
0.0506234082494398 0.0368684444457539 0.638993781411909 0.544419229181736
-0.0227370381421122 0.0489606271185785 -0.152406653371403 0.93403516006726
-0.0388063438093199 0.0266873852862452 -0.528775233317577 0.372458351627477
-0.0338982813293043 0.0206815325281542 0.0679795807624946 0.0483573979521261
-0.019868708833746 0.0549473077855059 0.419622675149959 -0.51925718740009
0.019698204616743 0.0242236978712932 -0.274944487280211 -0.867623106205499
0.0220497230117011 -0.0224226813012102 -0.857916786696933 -0.114378471801767
-0.0235053748770216 -0.0292685618268589 -0.36403598890382 0.588827161750951
-0.0243349174129481 0.0022523140381629 0.17934398372309 0.422032367954048
0.00920890466229367 0.00366054824145963 0.218916615008376 0.0369502948920399
0.0142112921611763 0.00653354111274892 0.0743890964174597 -0.21077809145862
-0.0239515961739156 0.000437803181037662 -0.0606004087862121 0.154288652106873
-0.0237842956661727 -0.00281810643387136 -0.185081956125635 -0.0201074309454997
-0.00728622393989779 -0.0183987027852554 -0.157068615365834 -0.399911428568347
0.012705050698167 -0.0492613336491661 0.361073387398344 -0.480864342846311
0.037996170695161 -0.0100859637795204 0.791400624890413 0.113367112991277
-0.0217669866325726 0.0148045317554899 0.308137343067304 0.836463041246471
-0.00858190411596008 -0.0341049417024543 -0.388834290388552 0.55396287170285
0.0213893953986634 -0.0387702637301372 -0.0567707753965611 0.126676724242684
0.00350480440810084 -0.0182406905536097 0.532561130810655 -0.298924358424606
-0.00921608872365069 -0.0182445887096132 0.205234132061806 -0.925912390583141
0.0157653685808845 -0.0249737248149423 -0.699349190396514 -0.586273330061346
0.00425314472676171 -0.0527637911084344 -0.631335623936665 0.34736832139368
-0.0247079747716306 -0.023362345434761 -0.00800666447883178 0.484973206642933
-0.00943598211400519 -0.0088235445980448 0.19851882771011 0.1555116649521
-0.00735733543148208 -0.00686625592704832 0.0616431571166675 -0.166744138957264
-0.0219363243657616 -0.00352850746111237 -0.0547216478805544 0.152184316226422
-0.0285820201744652 -0.0074444836231744 -0.181394379974902 -0.0369672061221311
-0.00848874939624542 -0.0223848489475942 -0.12501536802204 -0.415240252752252
0.0152668245694013 -0.048231638650324 0.408176486715446 -0.447385821779869
0.0344687545257427 -0.00639145176016184 0.789247927898604 0.194652157779639
-0.0268122057353862 0.0025090361931013 0.228895680418205 0.873063033806613
0.0025952551513992 -0.045187262197705 -0.425654759401047 0.524033501215032
0.0350725766461102 -0.0450269143181436 -0.0364754198741191 0.11088728958509
0.0100030852423348 -0.0276533991619718 0.519137607276296 -0.342727994544215
-0.00973939388043434 -0.0237320419270175 0.110223081353424 -0.934027655413043
0.0118082640481057 -0.0278878145020394 -0.750086888556202 -0.502434007612992
-0.000782274754968889 -0.0531839950507385 -0.591127592377074 0.408351966600225
-0.0282545801965521 -0.0225540955456126 0.0319483238210768 0.482156272470356
-0.0125920235023844 -0.0105114712995208 0.208410863699677 0.135868099475382
-0.00217467964471428 -0.0108739821852945 0.0611381933837649 -0.175665579170259
-0.0211835078415261 -0.00319287119520385 -0.0547605736110781 0.146221707744647
-0.0245007024438009 -0.00981386764877192 -0.176086098527214 -0.0485665511898728
-0.00351375220633145 -0.0227538676752218 -0.0735804660049461 -0.417017589937203
0.0179334870658967 -0.0412130145141164 0.465548723394956 -0.399562162534533
0.0321617759249464 0.000474725306177905 0.764385021025438 0.289935586512461
-0.0285379040569527 -0.00191980661650689 0.133123881310865 0.901120816863787
0.0110689295213549 -0.0499437704068066 -0.463539847323216 0.483106528953104
0.0421004972750291 -0.0472775913243864 -0.0130132926088125 0.0931730966885639
0.0104355422718187 -0.0290477957607249 0.495575596442994 -0.393452668482763
-0.0118797940108613 -0.0240574459672526 -0.00210716605090089 -0.931626772186177
0.00767405746800425 -0.0297405937999871 -0.796913974666927 -0.39385372607977
-0.00777771480490641 -0.051006390784445 -0.533152096024263 0.471515415973972
-0.0311237487197405 -0.0203685673882643 0.0788069970774855 0.474279917711886
-0.0122042519976273 -0.0107853924022384 0.216513627475299 0.113538773820271
0.00164242807994579 -0.0114473170169293 0.0625545178212279 -0.18207941014101
-0.017040981827575 -0.00253216024617238 -0.0483411897520623 0.141913266662866
-0.02340683453745 -0.0122581512242548 -0.168980748166529 -0.0697448133522936
-0.000732675910748345 -0.0231473922522941 -0.0297381646734698 -0.426036426170014
0.0211480416744886 -0.0355571170800889 0.514942894700851 -0.343426741520708
0.0321093466792125 0.00709840933394439 0.727785548083322 0.392891746845117
-0.0281832348449133 -0.00376405785301985 0.0225036792076707 0.920467912376422
0.0151557620122191 -0.0469661271249975 -0.496384818364218 0.440242400747527
0.0411648404476673 -0.0423285213303373 0.0138165073394006 0.0744735457845031
0.00741658273300668 -0.0237448651177756 0.467148588942796 -0.444721113965362
-0.010575946227071 -0.0189860177374121 -0.115468131341914 -0.916164278582241
0.00533292710167727 -0.0295401255789388 -0.830483567954177 -0.283353900141231
-0.0138245333252998 -0.0467389953869968 -0.468091453422741 0.525370781462894
-0.0327166944383476 -0.0144475660702924 0.124296910981047 0.457530233680508
-0.0103354518241686 -0.00984538142589985 0.220771435548796 0.0869406387639697
0.00599130586597954 -0.011487342779612 0.0640832396118879 -0.191742573980044
-0.0139115691689219 -9.82261237434775E-05 -0.0459222638138731 0.137360594776328
-0.0188787966486575 -0.0124337660480069 -0.162281194500975 -0.0887865655950595
0.00272710626188105 -0.0216827147094178 0.00994234481932689 -0.432729804619941
0.0233887838135234 -0.0293851593559491 0.55229451878441 -0.28696214156045
0.0339447379543456 0.0157803465839133 0.679409192997537 0.482234981055871
-0.0260509656867816 0.00107133277087043 -0.0834317260510321 0.927559283713676
0.0136660139752829 -0.0347325184837433 -0.521384320581117 0.396702928304932
0.0324970305374251 -0.0317165004092021 0.041170810663122 0.0577002385160166
0.00166134902903402 -0.0111579463998621 0.436209563645999 -0.489522997992145
-0.00675523028980458 -0.0103577247251494 -0.216060164449236 -0.887890553872121
0.00543026259430792 -0.0285379355133728 -0.848331114554915 -0.180210132043078
-0.0199764507448475 -0.0407141558099717 -0.40193906090497 0.569429494700197
-0.0335386627594907 -0.00759245672048733 0.163193616833354 0.437311495878008
-0.00661784909889759 -0.0073102347958404 0.224578346491311 0.0613463605624329
0.00986703176729246 -0.00796834073717261 0.0675591382446525 -0.199334147847547
-0.0114187002452939 0.00508099496266889 -0.0423105877884501 0.133181809382418
-0.0129616329021393 -0.0101781860117074 -0.156483740048168 -0.101449200699132
0.00582958300687894 -0.017227554043113 0.0385519569148787 -0.432522502082377
0.0245021823621331 -0.0233523779242144 0.571804142855494 -0.249010307441641
0.0375895627098643 0.0246177860299602 0.640233152403155 0.538859776021307
-0.0250387296748816 0.0136629943246534 -0.153652961398769 0.92684007202528
0.000669915499455005 -0.0173687446575388 -0.534157028373101 0.368693470146605
0.0146172096760013 -0.016105214392749 0.0613138301412317 0.0465528627165566
-0.00388073820772732 0.0101722979255789 0.41623307948812 -0.517538769887973
0.00101499684491942 0.000578827696515041 -0.278538212548738 -0.867154527533943
0.00815728653648003 -0.0265791401777441 -0.8527662259568 -0.11264846372963
-0.0237446230921956 -0.0346474902247284 -0.359269502696591 0.591889225248651
-0.0320164960223719 -0.00315509600636903 0.185539339666845 0.424513104107399
-0.00119478922104285 -0.00498454780757604 0.223009232743538 0.0427225444259686
0.0122635039368849 -0.00427174850712703 0.0696619996807862 -0.205130132275415
-0.00918269451801664 0.0113648072038057 -0.040951784881683 0.13345738382758
-0.00623456386231595 -0.00501279153240064 -0.155304609818526 -0.104965799184858
0.00824854106160969 -0.0131415423962699 0.0498055308905474 -0.432345837234156
0.0238857304752754 -0.0178650945888383 0.578399362029155 -0.233681096002667
0.0433361851143527 0.0324996795676907 0.6224359642895 0.561972421043763
-0.024075915682915 0.0302560255035579 -0.177903869219713 0.928807197731658
-0.0186814716493172 0.0042582342242142 -0.536614648040529 0.36001441761344
-0.00880264287058592 0.00305967945574341 0.0701912225849421 0.0434606771422857
-0.0121109146210299 0.03272491781467 0.409469941900702 -0.525896049920012
0.0109927316874307 0.0125386594520095 -0.296680520202409 -0.856549171491703
0.0134886714513979 -0.0247696301871715 -0.854627264744479 -0.0888220120745599
-0.0242780924473023 -0.0314911334250234 -0.345842020682498 0.596894952958835
-0.0286999321747875 0.000735423740004343 0.190054315285298 0.417443534736891
0.00378944738631386 -0.000795373299969109 0.221660519656444 0.0342926161798218
0.0135903349174338 0.00152081229377937 0.0723140727430281 -0.210384052880052
-0.00872947682616433 0.0164726896445572 -0.0393001139633608 0.133236653734735
-0.000866262504388093 0.000981359530565265 -0.156715406733893 -0.102118161913889
0.0091223567835527 -0.00909997725983647 0.0392609658360281 -0.434390480441201
0.0218315411191224 -0.0147459149321819 0.567698043277058 -0.249173091971609
0.0498698059121281 0.0365729947887453 0.637465424622103 0.545284078472624
-0.0226495674217979 0.0485300532838249 -0.152020925251286 0.932334317279697
-0.0378754551324465 0.0266157650461838 -0.528453908541194 0.370293246849511
-0.0332219864325704 0.0202738094220421 0.0672584362292244 0.0487449290289382
-0.0200954225321509 0.0553469263400465 0.419819230715454 -0.517472907651814
0.0196675603719185 0.0241595664836203 -0.274718624346341 -0.866154216830347
0.0212553784077691 -0.022478563840358 -0.856608962392486 -0.116953023885149
-0.0233213940795866 -0.0293789245806894 -0.363770677888065 0.588713826980853
-0.0241042886155851 0.00169254894029737 0.178073882367661 0.421968240504629
0.00865368054581189 0.00263621368067247 0.218876705709683 0.0370607707495061
0.0132393311165624 0.00661221329917623 0.074192046668323 -0.210977756998524
-0.0236800238651068 0.000398472477129007 -0.0612155415766026 0.153896571109338
-0.0237617106583423 -0.00313141534934643 -0.18606552251563 -0.0197664304545203
-0.0071703615391893 -0.0191664839051865 -0.155975517856088 -0.399421738790042
0.0127907705268029 -0.0489515394015571 0.361514108510148 -0.480533333968956
0.0377354233812897 -0.00977242906730868 0.790993447283539 0.114510997912073
-0.0207201947023108 0.0138376912867261 0.306496290897404 0.834674349295091
-0.00763753473382815 -0.0342293124039513 -0.390253979516549 0.551855246538616
0.0217200450967972 -0.0386718499107059 -0.0567966020833469 0.12685971329283
0.00463729894247835 -0.018267377609737 0.531440037787583 -0.297829281142254
-0.00941427496088845 -0.0176641866174385 0.206630589350362 -0.923766234870086
0.0156681150526203 -0.0247665360970966 -0.698127312452617 -0.586724108596864
0.0044934254250675 -0.0527630497480653 -0.631224253285709 0.345881747407034
-0.0254717466443847 -0.023157312174423 -0.00735824672168235 0.48658415332729
-0.0102469147534186 -0.00912981173095637 0.198983238245279 0.156199490221552
-0.0079905793655524 -0.00705579444430755 0.0624624544990927 -0.166022965703552
-0.0210754664467796 -0.00370294417219301 -0.0558562105535722 0.151427293536947
-0.0282316140584837 -0.00713040507532223 -0.18132045503711 -0.0367606172726054
-0.00870159016712026 -0.0226728187258346 -0.124905064800922 -0.413986498680357
0.0153657770301725 -0.0481503040222895 0.407681150279934 -0.447074965712372
0.0342346219099621 -0.00582796672480716 0.786639977035319 0.195798638674423
-0.0264043448978048 0.00298994911809035 0.229045286349136 0.870639039206185
0.00315686009539102 -0.0459439507147365 -0.426913280177715 0.522221626290268
0.0352275606456459 -0.0449947398132422 -0.0371039777903887 0.111394914863619
0.0107760450935312 -0.0269282428836256 0.51981421575846 -0.341956717743118
-0.0105032197260278 -0.0234157483513633 0.112817590027915 -0.933615230666277
0.0115085715611953 -0.0280448320940699 -0.747452695658156 -0.502115983412742
-0.000504967097754175 -0.0525689775179053 -0.591439916715477 0.4067626454272
-0.0281066906054154 -0.0235580926467622 0.0312291613875473 0.482711257928431
-0.0123420970165704 -0.0105358323836826 0.208872957390947 0.136633997091078
-0.00232818784264724 -0.0107467615664798 0.0611907309526783 -0.1750321030137
-0.0210855633615843 -0.00276964225021776 -0.0547311859868715 0.146121517225297
-0.0246794567868576 -0.0108575808578577 -0.175298376089334 -0.0485487547792426
-0.00357752716331642 -0.0233657065025234 -0.073150039022412 -0.417967890219844
0.0179523094996263 -0.0407388904346034 0.46678947499791 -0.400227759089239
0.0322381859099257 0.000537815281959644 0.764173090780843 0.291792055830114
-0.0287537795416569 -0.00264165135825438 0.129741594679987 0.89967373658829
0.0119094976991646 -0.0506079465861903 -0.464241499346887 0.481276318112271
0.0426711731593419 -0.0470510469793236 -0.0133703072118776 0.0933594670256157
0.0112419435197654 -0.0288953402322058 0.496443061866676 -0.391251700918359
-0.0119786116624386 -0.0232614661197167 0.00108925407590142 -0.931155630995345
0.00783255517441086 -0.0293348709769685 -0.794788407918254 -0.396114304316828
-0.00699088702344255 -0.0507794767186507 -0.533834178690083 0.47057274350662
-0.0311257982891657 -0.0199868332447203 0.077815246950122 0.474752645806472
-0.0123140839371543 -0.0112182977649632 0.216863647843841 0.11412392039291
0.000799679798237866 -0.0126319570947154 0.0628317800646365 -0.181100670256095
-0.0169439064086866 -0.002288147154552 -0.0494262518067817 0.141783416531744
-0.0226284875037938 -0.0127731247188566 -0.168853178122782 -0.069687225379369
-0.000611661214815817 -0.0239108674422317 -0.0296145589996748 -0.427029289142017
0.0214310567557973 -0.0355381162723976 0.515088829597131 -0.343760238101883
0.0323437978610298 0.00745541985661397 0.72504847847618 0.390604556678534
-0.0276302715596003 -0.00362452190476162 0.0208890177875131 0.920256072381907
0.0163361792697265 -0.0465061817223167 -0.496965555378715 0.439524654966147
0.0419836967866121 -0.0421967428535946 0.0133382514096676 0.0755323984499914
0.0072485778444228 -0.0234984981028714 0.467634185793472 -0.442464226811108
-0.0113110943021655 -0.0179653347411419 -0.112433925418668 -0.916847466431784
0.00524284726358712 -0.0293952528603168 -0.828952157145818 -0.286232165186908
-0.013750810788479 -0.0470314689589861 -0.469986918534924 0.526730446788974
-0.0328022167895865 -0.0146530792636594 0.123995764586942 0.458328899522885
-0.0111605490262314 -0.0102350454016911 0.221701123196541 0.0871347877161574
0.00568735322198173 -0.0110786792646379 0.064545327274596 -0.191339519860375
-0.0143772745076913 0.000443189639398442 -0.0458772937046333 0.136052594833109
-0.0186354501964725 -0.0129461839911763 -0.161262917899791 -0.0891718450725984
0.00251085370701064 -0.0218332853988453 0.0120109511351488 -0.431505654270122
0.0230953402055837 -0.029034607936378 0.55162218378518 -0.287442666691424
0.0334822014833021 0.0169264552186618 0.67661641353564 0.482326060835557
-0.0257599658461402 0.000870252472754963 -0.0850105000974184 0.924607602344033
0.0133838665859871 -0.0346331464748645 -0.52228189893709 0.394413484248356
0.032739992059953 -0.0320310208420224 0.0406615524473089 0.0572234560993388
0.00246588740974237 -0.00982832258033318 0.438950951215536 -0.488305620529988
-0.00668868458970946 -0.0100560200281186 -0.212660340892438 -0.888178155799775
0.00516378934616287 -0.0279238848314032 -0.847077328960821 -0.182559783275419
-0.0196099193380662 -0.040585500388166 -0.40123513557448 0.569777569802688
-0.0337745804804047 -0.00789137203670002 0.162849709593109 0.439922815208033
-0.00732295815530666 -0.00762234758031795 0.224702814744304 0.0629247611250446
0.00893299824714001 -0.0082998859105648 0.0674219456406176 -0.199259464335162
-0.0108440147729125 0.00545904701899977 -0.0439104194398087 0.133494925399502
-0.0130752055537683 -0.00973210897720203 -0.156263423504472 -0.100596337649731
0.00626334130551416 -0.0183861265941963 0.0396884480376187 -0.432539032839755
0.0242780332547688 -0.0227296315033527 0.571789831855804 -0.249329970973571
0.0381862619930614 0.0250630669033907 0.637524952951094 0.540458265841337
-0.025091292812079 0.0132184853025917 -0.156846983800616 0.925301862999034
0.000916828806309909 -0.0165493687275311 -0.535081880727345 0.366223476765148
0.0151930015017672 -0.0154994801141718 0.0608000760679484 0.0471740476581615
-0.004406312970645 0.0102018540491359 0.41789456084358 -0.515837902618445
0.00126595138481474 0.000605415365140829 -0.27523319170916 -0.865620569333584
0.00857194866284424 -0.0264033988346072 -0.85420520014398 -0.1143335488004
-0.0234029025976143 -0.0346931249599287 -0.359246598912368 0.5907496365674
-0.0314728837354387 -0.0029955252396507 0.184416110218641 0.424047029459647
-0.00213502305394605 -0.00420056136252613 0.224190060924384 0.0432671472362815
0.0123564591162605 -0.00386345799027407 0.0701953976866358 -0.205280718492148
-0.00930633921068654 0.0114158222321375 -0.0421074880796777 0.133049168019484
-0.00628576532909941 -0.00542898870708168 -0.154987129772788 -0.106594619568713
0.0077882299963351 -0.0138617494495078 0.049667473552369 -0.432253616151468
0.0232025925414598 -0.0174297389026016 0.57590271173251 -0.232895399917739
0.0437084070904801 0.032659239630988 0.621133442688198 0.56276227443601
-0.0246386122893233 0.0304074343788487 -0.178583115863416 0.925227835032112
-0.0179165330284433 0.00433878386211443 -0.535329051442319 0.357551781269056
-0.00843871250804988 0.00207521077601562 0.0705835514472496 0.043592908436472
-0.0111847025281203 0.0337980067482382 0.412074071056243 -0.52474464435118
0.0107812845351622 0.0128765341798851 -0.295658634634011 -0.857089154752159
0.0138180231381137 -0.0247550887793254 -0.855714447818818 -0.091962996377899
-0.0245624229722704 -0.0315532780009042 -0.346168604619541 0.598492092809308
-0.0276843887374689 0.000484844896303142 0.190315757695595 0.417776840122275
0.00265075442943056 -0.00150742753694118 0.22157451847608 0.0343793972059033
0.0125164398696541 0.00126565655572077 0.0730981167942685 -0.20930634942104
-0.00827207282156213 0.0167949272217109 -0.0401695964736418 0.132626546966402
-0.0010258296862937 0.00064436722839231 -0.156709771050794 -0.101578935614357
0.00934419262827586 -0.00942447162865433 0.0408191123481558 -0.43285352890731
0.0218752452107974 -0.0141773404746806 0.567057753510715 -0.248003865100844
0.0507007172967324 0.0363772161797752 0.635057670515572 0.54468260519016
-0.0235575931365341 0.0484104423959793 -0.155316271246727 0.931845559365041
-0.0378439128163453 0.0261569691618848 -0.529779518409893 0.369173792614468
-0.0327120564126544 0.0201078735463067 0.0677042378544167 0.0487662379591976
-0.019515060779693 0.0559810440663526 0.421513140387571 -0.516347093481261
0.0195925993265947 0.0245889703979441 -0.272050225516356 -0.865796060519509
0.0205163644956956 -0.0222403485342244 -0.856619409592605 -0.118756333153676
-0.0228057538291725 -0.0289666619705694 -0.363690912612169 0.587896129046397
-0.0246240080589518 0.0022098605467435 0.177990470495076 0.423278104702728
0.00784471587416873 0.00234215643142312 0.219460787348324 0.0368492633002312
0.0121480210713948 0.00753551297071092 0.0745337490715687 -0.210224342498929
-0.0184171541697542 0.00858051318050001 0.00607957747325984 0.167060755536507
-0.0197736693138207 0.00884691958651627 -0.177926674342029 0.0627575636522899
-0.0164310512506496 -0.00855595478939445 -0.310681032642953 -0.293123304847054
-0.0176934776861996 -0.0462353140000304 0.11966851998334 -0.594048708630967
0.0222499379081892 -0.0352773659693486 0.763742388533894 -0.238725418266967
-0.00866156372405971 0.0145707642354763 0.635614126611426 0.623427869583013
-0.0208430525715096 -0.0272872633428495 -0.119791213622706 0.669218068310794
0.00560019387262104 -0.0447652155900976 0.00299513967248325 0.139375801455323
0.000244003703347633 -0.0184280479185988 0.354290020456472 -0.499514136013521
-0.0180841317040842 -0.0148107789879005 -0.211297965236217 -0.927464190854915
-0.00019815551359878 -0.0288063447526625 -0.878956671837702 -0.2323793604305
-0.0253386670950746 -0.0429060564506702 -0.422951888561255 0.58084780681169
-0.0352293408058092 -0.00553158233206065 0.198423071698674 0.440143152727099
-0.0117706955339869 -0.00159390984242219 0.247207860800765 0.0575066663128799
-0.0113167787899871 -0.00355669367074544 -0.0105123999638866 -0.177717451696166
-0.0182104840512384 0.0040690155110694 0.00941496936740378 0.162774192327389
-0.0261792695707815 0.00692546928579105 -0.181081006766778 0.0449533089146349
-0.0194840804097973 -0.0116780771174247 -0.288105523183828 -0.319642244433933
-0.0150031501432927 -0.0472014587845357 0.176908780335525 -0.582742186422667
0.0217654049358905 -0.0301988683793792 0.79446320970934 -0.164674708411306
-0.0181820850198472 0.00721595379548744 0.58184291910141 0.690025638316974
-0.0155018959873609 -0.0424772557849 -0.165050596250262 0.656055876170769
0.0151235920699135 -0.0570730643695432 0.0149652065458565 0.116987940590637
0.00160235666160996 -0.029000433308627 0.323303143477275 -0.533458303441211
-0.0214380030642521 -0.0189330020563135 -0.300520171514028 -0.895649075721064
-0.00549810573789872 -0.0292470798009837 -0.88809425984962 -0.135766135570959
-0.0295139581661314 -0.0406187608968524 -0.360859990199953 0.618175602480281
-0.0369691905604669 -0.00443461604728345 0.233102033004352 0.419791909648771
-0.015006132284556 -0.00206427783818964 0.247461576681416 0.0354023446006662
-0.00798513426841939 -0.0100211068231463 -0.0148306670748288 -0.185144835410381
-0.0173910497426575 0.00496817764539816 0.00882820109027109 0.156786297226312
-0.0238619843811001 0.00247090359993617 -0.180261205544567 0.0316691520588406
-0.0165834269998761 -0.0146234838681786 -0.242039555773412 -0.346303252677054
-0.00970289059317837 -0.0433766646029532 0.250418094400039 -0.568375108675229
0.0240050008833606 -0.0246683120694413 0.814903065518208 -0.0686950041940023
-0.0209548747891398 0.00450371248357109 0.504029684818496 0.757600078297949
-0.0105646378987751 -0.0494557128871028 -0.216231910189736 0.633769246187578
0.0214017293432716 -0.0614431729583561 0.0292282084604144 0.0909685083025582
0.00080007885425239 -0.0308988879678388 0.28094628662984 -0.568364850258451
-0.0227943450406927 -0.0183142506787696 -0.40032260725414 -0.843537360838778
-0.00966615992933974 -0.0288783754241815 -0.884458427461246 -0.0184744188832947
-0.034243074922227 -0.0355024218273413 -0.282765598431319 0.651689472688839
-0.0375949747437367 0.000415890116765439 0.27235187850918 0.391381745216421
-0.0151755319206842 -0.0037104260894405 0.245687411262661 0.0122889891121884
-0.00504106339012529 -0.0130531881635221 -0.0171807130149682 -0.192302728475072
-0.0133906014781546 0.00353365864881536 0.0107374724544796 0.150321739869169
-0.0239420383565587 0.000264398891387335 -0.182887949402073 0.00900137051449527
-0.0144077937949542 -0.0167153105167838 -0.207919937160575 -0.374312125554367
-0.00470560531450838 -0.0418260447483943 0.31792901307098 -0.534833037023181
0.0283445699505275 -0.0194620920538033 0.823795541598474 0.0392145028392434
-0.0211744652873743 0.00237182566408896 0.41359253937698 0.821428188178466
-0.00539397126741053 -0.0487802826060742 -0.26372028668441 0.610242474810168
0.0224996147857444 -0.0565793226694615 0.0447392521862898 0.0627967333516021
0.000387883884172366 -0.0254527133400303 0.232102931940269 -0.603568118693133
-0.02123422220095 -0.0135729549516901 -0.496270579709421 -0.781596985957259
-0.0113466363959713 -0.0271469101779287 -0.869523168325759 0.0956751373717882
-0.0366912837117174 -0.0278345333459566 -0.200814898934997 0.671130527586202
-0.0370362977478173 0.00556934021575916 0.306184778526875 0.359824036111184
-0.0124693431331945 -0.00281649032464135 0.238332502412454 -0.0135894101502753
0.000101366869136624 -0.0150709856597063 -0.0204062300951777 -0.201498702271891
-0.0105097186957894 0.00520764843902551 0.0128189072081358 0.144136492643203
-0.021214469416136 -0.00240412748733396 -0.185582326452051 -0.0113591098663845
-0.0110155131514619 -0.017110251485016 -0.17186825203138 -0.394420427810733
0.000481904358870239 -0.0382677778853672 0.37759238428135 -0.500347585487314
0.0348044992112683 -0.0132761727344721 0.81948339063228 0.142511082476918
-0.0166970051857129 0.00766588803595367 0.319782876621324 0.872325370788445
-0.00218137640216072 -0.0375685592472176 -0.306144775675119 0.580241890841631
0.0181491116476612 -0.0434425682148717 0.0627710363492493 0.0350925959902011
0.000201045328663406 -0.0109231769023681 0.187363754439241 -0.63011978859138
-0.0139745339679126 -0.0079417711051202 -0.576677170860826 -0.713805056282183
-0.0105968968448235 -0.0259796147461245 -0.840660969499052 0.197214867379081
-0.038961175554659 -0.0190266619040494 -0.120739197945156 0.682951702302596
-0.03414096791127 0.0120034973526683 0.332594284356227 0.32462106778794
-0.00784599055175446 -0.0026061013048905 0.230665177466448 -0.037515519819023
0.00432065271448518 -0.013333247689127 -0.0197181309620695 -0.208225248460986
-0.0056114808714669 0.00820887737004888 0.0144012644590191 0.140121819773107
-0.014263605552243 -0.00115485382388569 -0.185724524881648 -0.0247586428819841
-0.00663626874053426 -0.0159866344595857 -0.148114734532628 -0.408350124889446
0.0039825266290611 -0.0332545242124025 0.413107461880984 -0.47192198810773
0.0428516982087432 -0.00657770102752269 0.810513547398909 0.210707187162199
-0.0106759007547809 0.0189718031621214 0.255530846426802 0.904045135852098
-0.00629671925299506 -0.0160892620462475 -0.329441451335248 0.56124281449651
0.00744893602844234 -0.0210730935424862 0.0756822974597229 0.01659203873571
0.0027244109262549 0.0106117624842168 0.156180294706978 -0.646334730802889
-0.00208348065884001 -0.000431270327574118 -0.622689736089494 -0.664333008534471
-0.00663865990153538 -0.0254050463344065 -0.816168245042818 0.259831187839045
-0.0399400752028575 -0.0130764753847236 -0.0730728217694865 0.685190406122787
-0.029749985602357 0.0156048851853959 0.346059113709708 0.301680883594826
-0.00186331563686956 -0.00262166584351586 0.22178543983377 -0.0548820295730666
0.00902354939624902 -0.0100300415800606 -0.0207709954041851 -0.216610871426717
-0.00182992264427263 0.0132038050252045 0.0153651893864548 0.138418110941877
-0.00722102321040526 -2.547485597219E-06 -0.185915300976256 -0.0299694161515552
-0.00330900394647446 -0.0121735183301807 -0.138972614202328 -0.411938274411938
0.00536231345278636 -0.0287631463893912 0.422723419245518 -0.462172080436195
0.0518684395487175 -0.00284644283332249 0.804926891994957 0.239305684652983
-0.00255275962358027 0.0343968743807991 0.234361007084943 0.914303132506848
-0.0152579880648961 0.0115007076095342 -0.334381637228492 0.556657057090805
-0.00684865810117965 0.00488430605072196 0.0825057716096265 0.0100649138905222
0.0062804243030497 0.0344577877847823 0.14624430355635 -0.653245581357964
0.0121248006411011 0.00629508108308462 -0.636467086089405 -0.648358131545414
-0.000423215406783025 -0.025440994705831 -0.807707877240218 0.281701825007518
-0.0380974355137147 -0.00856656754893317 -0.0593222760236172 0.685633139407695
-0.0252209061956689 0.0171127819398082 0.347020854957077 0.293815903578147
0.00443021764369153 -0.0010921351197765 0.216286598893385 -0.0612322579867285
0.012366639003356 -0.00594943267903415 -0.0207357715202169 -0.220849210839469
0.00135864939473865 0.0178076019287577 0.0174990682096125 0.13854821424638
0.000290147963918131 0.00342900846136256 -0.184759647139014 -0.0258617676384991
-0.00112253648341482 -0.00843550308294515 -0.146797549344178 -0.409986396962541
0.00536391982427998 -0.0251055964880088 0.40770450836897 -0.471555862840149
0.0588194148114022 -0.00156538829710253 0.810153936856608 0.217872336590449
0.00594579690337937 0.0492823584019025 0.259672389829161 0.907550374010444
-0.0242870439588266 0.0393193048112263 -0.324439652951701 0.562932848870023
-0.0221724651735204 0.0311574448328876 0.0819951494624483 0.0153155919412747
0.00728595966200937 0.057826935323289 0.157974236571275 -0.648791219423686
0.0246581739263389 0.0135010139928349 -0.618437448677663 -0.665659612232063
0.00685947831761528 -0.0265591101629392 -0.821340552145997 0.259399026202001
-0.0362572764056579 -0.00797224816176749 -0.0795952012044151 0.68436292908568
-0.021086374686432 0.0172153658039561 0.339302090695916 0.304034984674351
0.0101461025512344 0.000394982474193332 0.214372491361415 -0.0574379327276703
0.0146707495727971 -0.000179192046544878 -0.0192536759441594 -0.223026919997517
-0.019096094198752 0.00887163975134161 0.00526863111678252 0.167170371612156
-0.0193119989497972 0.00947126636229538 -0.178030243344241 0.0626344186985366
-0.0163723687063997 -0.00916857234601487 -0.311147582366186 -0.293343835074977
-0.0174188342498633 -0.0454775447098706 0.12055371118522 -0.595659724108018
0.0223565963017643 -0.0346114448614974 0.764836843537954 -0.240383598825195
-0.00833166353409734 0.0144177845064753 0.637581136722261 0.622943779246163
-0.0206604451054515 -0.0269041121745904 -0.120092660136716 0.66985446123078
0.0060104972712648 -0.0457293253955541 0.00426783728613539 0.139838431389233
-0.000210499349755302 -0.0185673702725945 0.357894623414178 -0.50100594751296
-0.017673780769982 -0.0145248708819978 -0.209785777948247 -0.932441715047682
0.00022681596660157 -0.028740372047261 -0.882199313269086 -0.232869635045892
-0.0261058080049021 -0.0430845297001674 -0.424774773373665 0.584087696822035
-0.0349810185852128 -0.00634481024461782 0.200884332477011 0.441800398100954
-0.0129456337693826 -0.00183858666952773 0.247781036678759 0.0577103121571417
-0.0105992865125469 -0.00298106157494116 -0.0104163239100047 -0.178768985195978
-0.0183148665024678 0.00484885506961406 0.00766715286788514 0.162717333975122
-0.0253555359583789 0.0072224584646995 -0.181645271508597 0.0455211474297795
-0.0199126983458554 -0.0122961350906528 -0.289973329985852 -0.319350786053441
-0.0159845635750241 -0.0468967198500173 0.17695520874277 -0.585895029619816
0.0217674352894602 -0.0309263767719649 0.796474062435558 -0.165783096873193
-0.0186900556787658 0.00683106696609187 0.583241771168062 0.691174452040036
-0.0154393122063841 -0.0422165576158818 -0.166185377121578 0.658834175483873
0.0163311783721 -0.0570288916225725 0.0149509321843235 0.11771466111177
0.000988610790155177 -0.0285540378929374 0.326242867374973 -0.533624628201524
-0.0217558081874269 -0.0192200978896787 -0.300041733873124 -0.897781044394764
-0.00595938549733972 -0.0293658889479169 -0.891496984810086 -0.136876973438633
-0.0288459739755943 -0.0405032385906361 -0.361759462545599 0.620559958541438
-0.037015313393304 -0.00395918216449638 0.23510630472888 0.421928589925345
-0.0153645458680159 -0.00269122943499224 0.248427619678973 0.0354304133289774
-0.00865441851700366 -0.00979460448716772 -0.0150542582628524 -0.185680521546637
-0.0171619874055444 0.00504364140020065 0.00753780053215098 0.157510481493451
-0.0242667657518411 0.00222101533690501 -0.180282840873133 0.0315368162839676
-0.0163178660035702 -0.015189681214209 -0.244382684902722 -0.347245930853982
-0.00957567839689357 -0.0432766101776222 0.248773929211798 -0.568880032278443
0.0241680389759625 -0.0249002762569043 0.817930759989268 -0.0667295820559781
-0.0218150392356122 0.00341431063219369 0.505283817065669 0.758540550926766
-0.00996397449206385 -0.0508859092065531 -0.217345740233286 0.635258409479966
0.0223499927412506 -0.0618426370317359 0.0287740961044909 0.0911953962602541
0.00187184885263723 -0.0310358736013952 0.282622914591704 -0.571555931409821
-0.0231309096929261 -0.0177513547065392 -0.401287432545838 -0.848180155876852
-0.00970969878283485 -0.0291395989576128 -0.890161641551445 -0.0209437548350059
-0.033321325590722 -0.0352629612423642 -0.281858713193367 0.651637046014592
-0.0377968408218115 0.000272321896874156 0.274045886035836 0.393826607187125
-0.015298711394009 -0.0037032489819486 0.24687384462292 0.0116695674920555
-0.00512986289110145 -0.0132024392442838 -0.0159357452846167 -0.192272310488151
-0.0138833214117634 0.00419905079484695 0.0105320573547714 0.151327979268576
-0.0237358791221755 -0.000136635823866116 -0.183229297738831 0.00951276268055234
-0.0142002262074765 -0.0167652006786699 -0.206852755924133 -0.374655393560141
-0.00435463749043857 -0.0415252902352348 0.318226612980483 -0.5393623015102
0.0284726697461726 -0.0199080233797037 0.828092931531193 0.0394054221075812
-0.0209195255656149 0.00286012702967221 0.414382965769198 0.824356536297632
-0.00434624979506687 -0.0493983158779422 -0.264877367547071 0.612554685417612
0.0232186450225278 -0.0576770662400324 0.0455567165909812 0.0632267280125499
0.000686924183114494 -0.0245990325565816 0.235528683257954 -0.605826238856687
-0.0214288790043229 -0.013222803424869 -0.497164563975235 -0.783868492819313
-0.0116259681132461 -0.0271283110926708 -0.87118093744821 0.094785316430662
-0.0366074729597295 -0.0283082704718734 -0.200285949666363 0.674537585376767
-0.0372015862910541 0.00569462380604168 0.307901091549634 0.359573668544544
-0.013003486199878 -0.00391536261491646 0.239467129807647 -0.0139684976649436
-0.000930726284524784 -0.014356502426951 -0.019905119032202 -0.201883683183207
-0.0102741106329012 0.00596428651299658 0.0122101325408822 0.14504971651136
-0.0204880963586888 -0.00206856394774306 -0.185835526017901 -0.0111707068086205
-0.0117452219598914 -0.0175003747852535 -0.172806619508773 -0.397462734598625
0.000545426138120786 -0.037529540547035 0.37812661966757 -0.502290626440175
0.0348548567952251 -0.0125001111188751 0.822588977388827 0.144394675328118
-0.0172913097242972 0.00675407782858199 0.31970227763969 0.874577193483043
-0.00233725357575884 -0.0376698952870759 -0.306820078982276 0.582810426352518
0.0187320335175913 -0.0439757032327105 0.063092153555829 0.0354359114365732
0.00105757577577039 -0.010578520201674 0.18772898642932 -0.631726121996604
-0.0139082075294484 -0.00672139844543476 -0.577234308948894 -0.715578278334384
-0.0108626174638128 -0.0255289405877598 -0.842824015185092 0.196878507719258
-0.0388019254145407 -0.0197108108246918 -0.122441379660529 0.686563871171035
-0.0343909973317841 0.011677602618411 0.334353634812353 0.326905975120589
-0.0085810064060195 -0.00332230383942333 0.231327741638305 -0.0388405602347604
0.00387063287458538 -0.0122649607893323 -0.0193281929743571 -0.2094603217032
-0.00551932595578658 0.00858072273976094 0.0136992584879116 0.140891064983021
-0.0147722078857488 -0.00185096973234574 -0.185524459968686 -0.0246219313988549
-0.00692559750911779 -0.016369824251732 -0.148071500749313 -0.411511288707875
0.00408288656843287 -0.0324468609618267 0.413936335052264 -0.474647334914034
0.0436941458388612 -0.00701969595946689 0.812309993301991 0.212989581803296
-0.01085500866093 0.0184821555721899 0.258034391150898 0.904233231754409
-0.00562748531718741 -0.0159315470787976 -0.329943118156058 0.561593460729939
0.00776185755172861 -0.0218988364371526 0.0757622240661321 0.0171378642731868
0.0034283686904024 0.0110318795704359 0.156846546070227 -0.648749461566466
-0.00180915136218321 -0.000293883444796417 -0.625266758364442 -0.668215439310595
-0.00696938833386778 -0.0247222759497223 -0.819452963224846 0.260278143614888
-0.039548966757508 -0.0131220179594238 -0.0736099769886516 0.688713013368951
-0.0300985778270395 0.0155074777971711 0.34762280396886 0.303591117720782
-0.00233390212153933 -0.00270060398089864 0.222503138770887 -0.055167930459505
0.00854053523521144 -0.0101352152384208 -0.0201831771757313 -0.216455404890463
-0.00123758222859763 0.0133793036103717 0.014509146865186 0.139550590032868
-0.00760556260961627 0.000102896496879533 -0.185959404586128 -0.0291615363856412
-0.00355321564083619 -0.0127858576889224 -0.139025555131811 -0.412850599913055
0.00544613789771017 -0.0282751797205129 0.423795454711581 -0.462115877752898
0.0512935246075424 -0.00285319934305243 0.807048998507503 0.238811376344105
-0.00342601028635916 0.0340112616560711 0.235194120463483 0.915558466190669
-0.0147099923669526 0.010655582465445 -0.337530305771222 0.556529324692489
-0.00593731101236859 0.00435425141066404 0.082946652295263 0.0100730558757091
0.00676308488467643 0.0347330541888061 0.147844226165874 -0.653799555438059
0.011468604797136 0.0067491028079556 -0.637388649339628 -0.650436512482599
-0.0013259325951135 -0.0252460183617587 -0.811803167821395 0.284134031700589
-0.0383441869135012 -0.00945892629778626 -0.0599238049178921 0.688497967572018
-0.0255255872498287 0.0172891931042296 0.349896573768255 0.296008480263993
0.00357451916873722 -0.0016446626737813 0.216987927291043 -0.0612603573036607
0.012135327833804 -0.00531242735711466 -0.0196376879430294 -0.222383658841887
0.0016194841381499 0.0182943246394377 0.0166190068121307 0.138859315125058
0.000169085223860907 0.00291803705136387 -0.185396693605569 -0.0258345011219889
-0.00111712467600257 -0.00913922010596855 -0.147153511542804 -0.411699670214074
0.00515091647095926 -0.0250511348883611 0.408318858661015 -0.471509840588324
0.0596565224494592 -0.00161770725036042 0.813047111540756 0.218676081064031
0.00541333152764246 0.0489674560755479 0.259973466263895 0.910587634023648
-0.0238372362547856 0.038521071168077 -0.326019771116304 0.564674722746748
-0.0222960224685483 0.0308515605019232 0.0821345912277054 0.0152844611870078
0.00805488866386973 0.0584680123085151 0.160403198059343 -0.650638791321332
0.025161448308548 0.0142821276462235 -0.621162470023091 -0.667985379010526
0.00623938115115829 -0.0259919330009291 -0.825223040554372 0.259545762149022
-0.0365452989363081 -0.0080288579033053 -0.0789327720029202 0.686253062274496
-0.0217386966178676 0.0167725619537699 0.340304942721482 0.305967106365515
0.00976061173503362 0.000333413799595762 0.215569958890558 -0.0579258080661683
0.0146721887781347 -0.000238567034499426 -0.018088561864727 -0.223588698973036
-0.0188677400760418 0.0101742541514306 0.00470745545822261 0.168281176845964
-0.0193531950342151 0.00966999401552963 -0.17921264970777 0.0642361696043154
-0.01658734087372 -0.00938803556359635 -0.312874886468916 -0.29464427815128
-0.0176010216005521 -0.0454976527871726 0.119280236337169 -0.598632151776936
0.0224786170455 -0.0350873553826946 0.76734930481639 -0.242724219179125
-0.00821799580533681 0.0146223219742473 0.64115873618048 0.625236551493594
-0.0201798742106375 -0.0279522817926744 -0.119411172199634 0.673581534443322
0.00643886826380656 -0.0454892477907722 0.00390715937990901 0.140576931124854
0.00113429735052229 -0.0185565836804086 0.357625986757625 -0.502589521333279
-0.0181024990407391 -0.0142739962612525 -0.211559938521289 -0.933888814404523
-0.000671081652124025 -0.0286749581481046 -0.887956885982561 -0.23555255934535
-0.0258839861314459 -0.0433307688930862 -0.42595664021389 0.587692265727817
-0.0349605387237016 -0.00590643489691099 0.201088327809807 0.44508347520808
-0.0137696341276596 -0.00184737190120638 0.250457665055039 0.0569673918959005
-0.011485227244821 -0.0034752982271183 -0.0107074910230804 -0.179505360195971
-0.0184316581438753 0.00519687363527161 0.00759357869639266 0.164347347640328
-0.0254846856246587 0.00758941937068563 -0.182275615628959 0.0476333942234702
-0.0197406346712893 -0.0117016887698879 -0.290669320878554 -0.319342268382535
-0.0155611484259382 -0.0473204139261929 0.176554118530326 -0.58920299301934
0.0216734718936227 -0.0309030048803127 0.799908644888667 -0.16887853596733
-0.018464096772271 0.00690335114109631 0.58663263984187 0.693016134550197
-0.0152743244438138 -0.0435523035771196 -0.166247281079309 0.661405663996272
0.0167067180240133 -0.0577311241554283 0.0152046573840341 0.117977965620498
0.00203779614716029 -0.0284026142891622 0.327096633658447 -0.536229493801127
-0.0219548513909085 -0.0188289928397172 -0.302107210900482 -0.903084484276611
-0.00616510657406836 -0.0296581343818056 -0.897160401586566 -0.13761238741546
-0.0291642744062961 -0.0405973335752679 -0.362409609982051 0.624871407556545
-0.0377897131918398 -0.00443097763481827 0.237495914273609 0.424503519316572
-0.0164959500176557 -0.00266542716839229 0.250524071112959 0.0352384820855784
-0.00847766167615797 -0.00969027657379716 -0.0151911345968999 -0.186882100886576
-0.0168697339589422 0.00539295110098966 0.00737138063575025 0.158384197058876
-0.0239814984495235 0.00204363059903759 -0.181882624551961 0.0325038120836382
-0.0164560543271132 -0.0153881107739812 -0.243238230871702 -0.349903258645758
-0.00959408355634409 -0.0434643225157342 0.249872358797063 -0.572981405940209
0.0242122212158595 -0.0257563432582902 0.822084540588998 -0.0697753259720067
-0.0217237286704934 0.00330054982862125 0.508535179888454 0.759564046977552
-0.00986351106306519 -0.0508956758330046 -0.21843045171866 0.639750508010935
0.0226945024894027 -0.0623149027630579 0.0290882515734436 0.0911407461298696
0.00258061034434468 -0.0306641094162989 0.284069847305171 -0.572092665517117
-0.023257652426006 -0.0175171076474303 -0.400305699166384 -0.850962683772462
-0.0101069472835111 -0.0282667463028258 -0.893558259770891 -0.0186120704056451
-0.0334149300976652 -0.0354756369488044 -0.281306141280815 0.65659449794781
-0.0387292990700331 -7.4175454854203E-05 0.276279680604186 0.395605858636867
-0.0163576004278094 -0.00376202006421087 0.247427577313583 0.010881006413399
-0.00621544821035966 -0.0127767847039522 -0.0165309798082434 -0.193582624784395
-0.0134751373034544 0.00414499218691902 0.0100347434179161 0.152139083636683
-0.0238783255425201 -0.000511862272210133 -0.183323304925577 0.0102640794991999
-0.0146580128250982 -0.0179627890855253 -0.209839485458955 -0.376820343167637
-0.00439100332188718 -0.0411927413265222 0.318632782746509 -0.542507336360956
0.0291727722702141 -0.0194705963877884 0.827103727021059 0.0394996726528642
-0.0214220367347357 0.00258176276508293 0.416104557900957 0.82634416983868
-0.00381113396186248 -0.0499902478071979 -0.266308217710376 0.614718859280293
0.0234727338869756 -0.0575163953531986 0.045885081160585 0.0635748044637238
0.00117768749840475 -0.0245420558042458 0.235366944916434 -0.607350291234148
-0.0211165813184017 -0.0135430802415173 -0.500373199181529 -0.78934746015197
-0.0116268310738873 -0.0272194303444455 -0.877207524911809 0.0967569417217888
-0.0367665005040899 -0.0284983179972336 -0.201126977683738 0.677579323846924
-0.0378832743528808 0.00577815263277495 0.309950107860809 0.362065136439393
-0.0144264583491304 -0.00357376871026783 0.240700609255081 -0.0143814956140817
-0.0013841449924019 -0.0131888854797596 -0.0194472358802194 -0.203055427582292
-0.00986644456355473 0.00568566632653699 0.0105766914324408 0.146115773519816
-0.0208102142587963 -0.00249744008360803 -0.186352965810212 -0.0109574357577345
-0.0113066622058769 -0.0182047292820826 -0.175166613486858 -0.398630989154299
0.00079511903881427 -0.0372335089905012 0.379100969024521 -0.503946162564546
0.0356749779105703 -0.0140886325582283 0.825442647805789 0.142708534944866
-0.0174104717987557 0.00658646997108652 0.322100891715579 0.876533913452874
-0.00140738544542158 -0.0380610749941784 -0.30864069381006 0.5865133052496
0.0189559431037176 -0.044915910304059 0.0636794362621242 0.0355859813645017
0.00185674309908148 -0.0101076308012931 0.189421829577891 -0.634692588255675
-0.0139258296187581 -0.00638023846421522 -0.579293673366316 -0.720501762041006
-0.0109216560632446 -0.0259943494982553 -0.846380131793159 0.198559144407478
-0.0393604928828847 -0.0192403485146847 -0.119771933938965 0.690686053278206
-0.0339395407850898 0.0114510128672402 0.335962192981448 0.328124677208045
-0.00928002930251708 -0.00238930571437092 0.232740466924885 -0.0384100460243404
0.0036659185294245 -0.0124392358378422 -0.0200663392946284 -0.211574230123344
-0.00523640618189435 0.00917195347848095 0.0130923858478973 0.141352450437192
-0.0148801752074269 -0.0015803991215578 -0.185987494676504 -0.0236233862720236
-0.00707097324680242 -0.0163564111548406 -0.148558874741518 -0.411516171636
0.00441767975242406 -0.0327071684721573 0.414175485748848 -0.477225069933588
0.0437142569827244 -0.00702225616317425 0.816879979652055 0.212139688479699
-0.0112057511056898 0.0186367843452227 0.257457329630734 0.906856341388409
-0.00580555820308312 -0.0164610036203621 -0.332907544284202 0.56616160297165
0.00821446395728495 -0.0219664256658886 0.077134405098693 0.0167974511199709
0.00454505811401989 0.0113069485214935 0.158673645828295 -0.651223111159698
-0.00211327409442549 0.000534527454990004 -0.62737271535452 -0.670775901167731
-0.00738241554213753 -0.0250219043739253 -0.824145601398387 0.263223033920761
-0.0394131796401668 -0.0130017004781695 -0.0705678657290693 0.69261566276299
-0.0307700584404431 0.0157835933223214 0.349924166941852 0.306307011223563
-0.00325574504721886 -0.00263530828040189 0.223219026613513 -0.0561329763590219
0.00842058185132895 -0.00941659577675749 -0.0210476967602051 -0.218492688441112
-0.000579224150536143 0.0139061390674159 0.0139275850691033 0.140451152045126
-0.007612186603461 -0.000388876585036237 -0.18649000435277 -0.0295105670970348
-0.00388677435805985 -0.013107261524518 -0.139236765307401 -0.416553933354045
0.0058861461905014 -0.0282903989085518 0.427001320696925 -0.465425909428629
0.0521733188007895 -0.00293454001190285 0.811064510925543 0.240120216788422
-0.0041035202293535 0.0339641801959746 0.234281720276911 0.917949393613185
-0.0148084257881893 0.0104741908010897 -0.337232293205623 0.559922265852575
-0.00620759420493317 0.00409264658266221 0.0836937469003315 0.0100018546527072
0.00744253118450775 0.0349227815846413 0.148822836239434 -0.657596371504032
0.0122698653816478 0.00711218130554551 -0.639143563142462 -0.655490321103655
-0.00127682871165193 -0.0256078829487565 -0.816079943551327 0.283077481395063
-0.0382052998307124 -0.00873480961791157 -0.0575306059276583 0.692274635146575
-0.0259879377494675 0.0170942020771691 0.35232342750118 0.297098245022022
0.00260809858954251 -0.00129961339977128 0.217999427211061 -0.0624945170594911
0.0118371520777136 -0.00489173728542908 -0.0206330672390155 -0.223352025281982
0.00189837043370233 0.0188208636817024 0.0163891791207568 0.140183681185556
0.00021882268976344 0.00305292513341631 -0.185857026097117 -0.0252392474503177
-0.00153666800415129 -0.00916106739100702 -0.147175132235008 -0.414904880086235
0.00568095729238489 -0.0241787413012184 0.409776657224665 -0.474549145540859
0.0594140591935135 -0.00188002717338754 0.816361464769314 0.219426353276979
0.00553887458915813 0.0496124518000009 0.261396198671189 0.913838356203115
-0.0234591234486418 0.0386586402333682 -0.326125085201828 0.566934123053093
-0.0218710643410467 0.0309156445952279 0.0834481217637772 0.0153015221390562
0.00894970877282518 0.05840147583189 0.16139959742066 -0.652556449174905
0.0252389146182664 0.0143787440159365 -0.623839089980403 -0.670597150495402
0.00642238009709345 -0.0259103590325301 -0.825726537977086 0.25974114908234
-0.0363043168407529 -0.00848705547960431 -0.0784483395435199 0.688788652150435
-0.0220121707837184 0.0167334926238667 0.342900710646535 0.306562018965882
0.00910697167136175 0.000846063977915111 0.216321570199648 -0.0588315991364335
0.0139285629847138 0.000641042391492761 -0.0190839674976895 -0.225260054844803
-0.0189520905239463 0.0104717724188203 0.00409078795212566 0.169475322463617
-0.019046039626221 0.00894031210269358 -0.179584821291357 0.0665783428787275
-0.0171643049123528 -0.00979539472191187 -0.314190394504206 -0.294774369176149
-0.0183328445851702 -0.0451037213405793 0.116335082866333 -0.603152916291319
0.0229120309003147 -0.0359569264821901 0.769107654706639 -0.245362173772001
-0.0088450789361032 0.014539428057116 0.646119674663162 0.626829439622311
-0.0205296802760691 -0.0285045241165929 -0.119897034636193 0.676529614903372
0.00648545281857775 -0.0459385073019009 0.00409788408350814 0.141631364633208
0.00186606109410149 -0.0182631090062348 0.360783090048236 -0.506295750276658
-0.0182777861368802 -0.0135259551012848 -0.213720939876652 -0.940763089289586
-0.0004576451979904 -0.0292399718577936 -0.892546831867203 -0.233843471135859
-0.0257876698069469 -0.0440391388637257 -0.427412888658252 0.593532286389753
-0.0357865048613383 -0.00636232607163969 0.203930091341847 0.446723384211435
-0.0145353527397699 -0.0023404027948834 0.252313127709803 0.0563199518797366
-0.0125587312540454 -0.00358529914459126 -0.0110593439170336 -0.17999783757
-0.0184328927824167 0.00547107304311867 0.00724726780049061 0.164884190800806
-0.0254417569766814 0.00710318601038234 -0.183449795857773 0.0484449033872592
-0.0197990816364447 -0.0124652640596536 -0.293091576279792 -0.319998332766558
-0.0157539509539224 -0.0465198262078431 0.176072780230617 -0.593420564636791
0.0222734522693092 -0.031414780786409 0.801899223957378 -0.170746155085573
-0.0192513658719405 0.00674941285957271 0.59039442037691 0.692429199962329
-0.0153175813845314 -0.0441678955179805 -0.165504350720779 0.665702456456472
0.0169539677494078 -0.0581128600265284 0.0154320627164926 0.118990140588599
0.00295737651239983 -0.0287666190426047 0.327865116756734 -0.540789134940468
-0.0223494014703793 -0.0186013966107879 -0.305295771275553 -0.90707340111667
-0.00594281779873452 -0.0297802359415496 -0.903877288536724 -0.135650074969311
-0.0301176433158208 -0.0413488895598772 -0.362498124783883 0.630301331991458
-0.0381910961339269 -0.00426612403805262 0.24076476539741 0.426047055315373
-0.017196902589945 -0.00251274998744531 0.253058361329073 0.0344270083578018
-0.00859013881185262 -0.00944212803266971 -0.0147293819240134 -0.187866570486657
-0.0168015882867145 0.00604156721750709 0.00668524285210602 0.159244003600558
-0.023892139200678 0.0014001493746997 -0.181859513148404 0.033729950792898
-0.016660343862307 -0.0161047220064811 -0.246585602173098 -0.351281966048823
-0.00959016818623805 -0.0425211605827802 0.249429697141349 -0.57563768297093
0.0250216651056361 -0.0260224184494817 0.823203687965524 -0.0715806792293644
-0.0224138972289073 0.00336286042527896 0.511860521209772 0.762915768645199
-0.00985760949138022 -0.0515903543316402 -0.216948377984737 0.642602779206773
0.0229303056075798 -0.0632090108848985 0.0292920754967814 0.091384548908217
0.00344227926235545 -0.0312441290877972 0.284750011090532 -0.576744594341289
-0.0237246991863582 -0.0170489447541796 -0.40603904980765 -0.856039062054813
-0.0103950629992368 -0.0289177193587383 -0.898716482938794 -0.0178573569279695
-0.0334849769251458 -0.0357129640467965 -0.282079998200996 0.66250860157522
-0.0387683821066883 -9.63961720188969E-05 0.279390444825072 0.39822698674624
-0.0168919049525442 -0.00324609635267323 0.249667676597949 0.0102159800224374
-0.00644128928619201 -0.0126443672800617 -0.0171396375702519 -0.194498439347357
-0.0138885865698538 0.00532537441182943 0.00995055873214529 0.153035896221252
-0.024249572751511 -0.00079662234643568 -0.184699321343995 0.0113826800228938
-0.0148087848957577 -0.0181290499292166 -0.211349917677185 -0.378431307619134
-0.0038942471782206 -0.0411814567358096 0.318768622692381 -0.545192470354429
0.0293732291790781 -0.0194635583083985 0.833467616038169 0.0371830242677471
-0.0220997482012511 0.00192652283222121 0.419420710088153 0.828405928387003
-0.00427615199803028 -0.050378050625549 -0.265927867281438 0.618387051454663
0.0243623639359394 -0.0589716958609991 0.0464007876319719 0.0635464620134336
0.00221907695302605 -0.024804111637887 0.236460978208968 -0.611367053288417
-0.021056362175939 -0.0129823233511492 -0.50422104492455 -0.79211932089045
-0.0118500375797301 -0.0272448704041647 -0.882305428925347 0.0983610501671643
-0.037119863598182 -0.0287443875179339 -0.199307679256166 0.683839320618418
-0.0373241230405233 0.00595949125594353 0.313857341537962 0.364677827917411
-0.0149585792112568 -0.00332769356774718 0.242960771996323 -0.0158506958691825
-0.00135347528726264 -0.0140445936489946 -0.019898740775301 -0.204412043548364
-0.00996582672790167 0.00619169925777159 0.0101039548097515 0.146062543754479
-0.0212253555118066 -0.00309303222106985 -0.187891157033498 -0.00998276548164904
-0.0116505639380299 -0.0185057025364365 -0.174930466920597 -0.402204249783388
0.00152258620729825 -0.0371775768208146 0.378938990286694 -0.509109744715829
0.0353977802011528 -0.0134230395026706 0.829143128691878 0.142385191981682
-0.0181700503850804 0.00696366863753627 0.326464063195421 0.878908778561235
-0.000721816009534009 -0.0384053056990202 -0.308990639660295 0.588999502320388
0.0196064390867876 -0.0448014946069737 0.0639421470877608 0.0360563422952578
0.0022074371539851 -0.0102105769638903 0.189758170162325 -0.638163817670068
-0.0136060464726261 -0.00641013994621823 -0.584838521110175 -0.722617345377317
-0.0111876598600054 -0.0258760163356215 -0.852523118778427 0.20142794111091
-0.0392290745464919 -0.0202162032983741 -0.119518239742874 0.694609560881493
-0.0350216532645145 0.0122496008661186 0.339846826728957 0.329415023759145
-0.010337299457641 -0.00283863009692621 0.234103371377717 -0.0404436111160234
0.00346711745066154 -0.0116873719600851 -0.020065136819221 -0.2123919408753
-0.00508684709527009 0.00960814811390149 0.0122305531777653 0.142529538099158
-0.0142092644915636 -0.00347364429859233 -0.18666699130268 -0.0230580256759483
-0.0074718075119315 -0.0163627925085489 -0.150224305301298 -0.415461182819027
0.00494428894799446 -0.0329324106775325 0.41516765577727 -0.481376735235999
0.0443736740501781 -0.00763433777651313 0.820045143597724 0.213380097451812
-0.0119142310262203 0.0184908140032889 0.261722366456267 0.914010380107725
-0.00516092768978795 -0.0172565474187189 -0.332281148583594 0.568440892606232
0.00903621963812284 -0.0223738307762217 0.0769071305959194 0.0169141929258552
0.00501845787702911 0.0105475723322466 0.15838158091267 -0.654421043931511
-0.00201988781279966 0.000972088775916785 -0.633325743604487 -0.674177571252284
-0.00765525228894814 -0.0248899815901323 -0.828185918847828 0.266240400304029
-0.0392377429758917 -0.013156757378081 -0.0708087625859269 0.697192404410199
-0.030694658598806 0.0155004607319517 0.354035419026317 0.305687620609013
-0.0039538207088782 -0.00248511847051822 0.224523642682188 -0.0571402314417204
0.00770363805372363 -0.00935791941684965 -0.0210771900670043 -0.219286931788741
-0.000153144899208646 0.0149225506844436 0.0133621083981376 0.141706667944479
-0.00777870089058162 -0.000979793805146938 -0.186924891836246 -0.0286085508605891
-0.00429805693102198 -0.013858452173676 -0.141913540147086 -0.419028324208079
0.00619579257255147 -0.0281069024668364 0.426691333197378 -0.46926527130211
0.0524159976126939 -0.00332033449501821 0.814680092634547 0.240832049079356
-0.00408655466992665 0.0346240238241614 0.237729190531065 0.92366271469452
-0.0147379896307531 0.0101274496557596 -0.338891421503546 0.564416224840067
-0.00552711889912784 0.00386342485286708 0.0843074901244501 0.010397945187215
0.00832091823118003 0.0349217405715119 0.148297553610805 -0.661330477593621
0.0115212769069434 0.00780076549975549 -0.643999936456009 -0.655994990327507
-0.00190142248804074 -0.0253775887205825 -0.820275674330131 0.288725256140984
-0.0385873278024196 -0.00998998608161109 -0.0561196550003008 0.696665708594883
-0.025578714040421 0.0172010250768401 0.355259502637459 0.298374658544813
0.00237049197102728 -0.00106937074567788 0.219469706015813 -0.0636838266215412
0.0113065862845842 -0.00417376980159754 -0.019785633194134 -0.224758253890956
0.00269561865917342 0.0192611439058814 0.0149305381331793 0.141251156053865
-0.000181772759917717 0.00222296169576661 -0.186806505268467 -0.0250132039630737
-0.00160691519253717 -0.00962186867547323 -0.15019459515725 -0.415478236096742
0.00610349617815333 -0.0246753186749762 0.40971843920169 -0.479085625713269
0.0602660483750333 -0.00311393429495882 0.820938699464223 0.217617767748474
0.00505428080378337 0.0501099396391066 0.265173753453971 0.917925754378376
-0.0235612910787185 0.0387375212906855 -0.328099210694413 0.570812351427415
-0.0218921888403279 0.0302222234186411 0.0836478500866114 0.015701928701043
0.00935175063843377 0.0590078204678178 0.160976788884371 -0.655706843402094
0.0247554357823761 0.0149496168052663 -0.627628976789908 -0.675374422682341
0.00596819242448923 -0.0261899298253523 -0.833787206480447 0.265910402542489
-0.0366908098905466 -0.00824001444785748 -0.0754955006460307 0.694050421295527
-0.0219222179660477 0.0164742483720889 0.347432434469622 0.308067102669018
0.00839877342459365 0.000916438645138799 0.217131249417995 -0.0595079377802354
0.0141524568792235 0.000991758700960414 -0.0196024473408301 -0.226461384142628
-0.0189582210234611 0.0111601556148627 0.0037323473896349 0.171197481960842
-0.0190158711135857 0.0091487823167688 -0.181326608217736 0.0676497377647309
-0.0170340923662052 -0.0103982873220678 -0.317694691479882 -0.294529889893844
-0.0180534625339716 -0.0445557581655245 0.113872683395927 -0.609079239898033
0.0224151879869513 -0.036261342865093 0.773678409955294 -0.250662439976124
-0.00815328821070517 0.0143228755242757 0.652772202563762 0.627676444034099
-0.0200382509738261 -0.028515291400403 -0.117456979090233 0.682273289125881
0.00701053526202034 -0.0469698958633414 0.00431782434551574 0.142599783837952
0.00185671868766594 -0.0179338515158022 0.362422753792771 -0.51111214261491
-0.0180415684759731 -0.0133630194608194 -0.218696576041132 -0.947409469128498
-0.000609731678673189 -0.0285316349032801 -0.902375925189926 -0.232359768358823
-0.0261444969492762 -0.0444143059651058 -0.426722460177277 0.598801681176487
-0.0364421238152034 -0.00626307338083834 0.208001643333299 0.449976879914771
-0.0153314952932276 -0.0017125252781526 0.255058796286267 0.0550756449050035
-0.0122557582548758 -0.00251464306650411 -0.0107039037412533 -0.181585279389528
-0.0183599708844702 0.00604495957512098 0.00697572449880498 0.166406585292724
-0.0256633532133085 0.00736773267030287 -0.184408425982249 0.0506432977862294
-0.0199585109077662 -0.0123838219606064 -0.29458648184989 -0.321415891314597
-0.0161615177070463 -0.0461048305379563 0.173298037383148 -0.598494962840911
0.0224741484457533 -0.031551682311347 0.807754166772157 -0.175624893897624
-0.0195282087377368 0.00673187938512401 0.598360286946907 0.696493232243612
-0.0150693419361765 -0.0447239850238305 -0.165256799852048 0.670928277331652
0.0175216878892459 -0.0589954016531204 0.0151409252421057 0.120406164321596
0.00361091175405701 -0.0288150700391372 0.328852592934142 -0.544327239895506
-0.0227657237540321 -0.018167827223254 -0.309357916197929 -0.913132223081027
-0.00625947840607536 -0.0298105584705634 -0.909695489468136 -0.134644997527024
-0.0294037377996069 -0.0416832989488665 -0.362752969498979 0.635771904877283
-0.0384778863253855 -0.00457531612142172 0.244019196757073 0.429779278298755
-0.0181325540563989 -0.00274505452158914 0.254519887499579 0.0330015589011341
-0.00955778176180742 -0.00897348791957971 -0.0157037096539171 -0.188975839974663
-0.0166362052607798 0.00611735864184388 0.00603731687558019 0.160204241394971
-0.0241582468839118 0.00158814992405455 -0.18243456926714 0.0351402788221196
-0.0173889548355005 -0.016677097940551 -0.250244486532749 -0.352789947779113
-0.0097995630553254 -0.0430486450861069 0.248070061943502 -0.581646940499632
0.0245897310044433 -0.0260032239161041 0.830059904820081 -0.0757160983915281
-0.0228517137105915 0.0030404929971079 0.517611053541155 0.765102650623484
-0.00929869781166275 -0.0524900193103931 -0.217745915498682 0.648118491755139
0.0233670585111282 -0.0636401686448134 0.0302738906352943 0.0927481662845072
0.00362728399983553 -0.0312505787597406 0.285521292971488 -0.579936624188523
-0.0234904618142695 -0.0170542818366811 -0.412914797592391 -0.860752889589137
-0.0103650441353957 -0.0288039211739609 -0.907371678706406 -0.0147283658350593
-0.033918543738186 -0.0360490897653415 -0.279944381421448 0.66849436378073
-0.0392855482367895 -0.000221377620493216 0.281722241934431 0.400807824760397
-0.0183440279611777 -0.00362604070047923 0.251822555444378 0.00894480038703832
-0.00659421245549511 -0.0121766175558869 -0.0171312000159508 -0.195963419844114
-0.0132084283618763 0.00530400990814111 0.00922493062917337 0.153860052865946
-0.0245847185253016 -0.000570930541274102 -0.185193007986137 0.0120709368635447
-0.0154119204520686 -0.0186324110562916 -0.213791279413974 -0.380111115874047
-0.00393973817500141 -0.0414396924338077 0.318293702787865 -0.55044122871127
0.0294973310680513 -0.0204679877354848 0.838709602908047 0.0339021424707976
-0.0223761555765298 0.00194144201980374 0.425496700216805 0.831864559501567
-0.0036010800874504 -0.051149242493938 -0.265091546788645 0.623840225505659
0.0247664655891225 -0.0596430051731264 0.0469331982433327 0.0642432825758031
0.00310413134367856 -0.0245589611249038 0.237142261732199 -0.616165968913526
-0.0217059683507119 -0.0129023766781668 -0.510814081114203 -0.796086093238987
-0.0122010961159937 -0.0274737772855374 -0.886529324922801 0.10312854707112
-0.0372925651967069 -0.0283875221258126 -0.196197949110191 0.689634236767629
-0.0379852592349369 0.00577497232457322 0.317406959726318 0.365686244957343
-0.0156818411251207 -0.003764871647591 0.244659415970118 -0.017031959578879
-0.00169881089019856 -0.0135938001619846 -0.0208256841678939 -0.205034281415375
-0.00878942887632955 0.00682084064989978 0.0105257128258277 0.147360446293893
-0.0212418533182646 -0.00318204357934009 -0.187769941122499 -0.00898453953437725
-0.0117812777442272 -0.0190812509138288 -0.177540296877526 -0.403889310676625
0.0012601696811215 -0.0370513619191502 0.378657192729644 -0.514457877988251
0.0361452954500211 -0.0144835287838211 0.833812551499026 0.141384998546445
-0.0186315766362575 0.00638551129694256 0.329981043492616 0.884254474594216
-0.000529462446400154 -0.0398391389212805 -0.308965016175038 0.594459037402474
0.0200213256714921 -0.0462518061898083 0.0649657536159784 0.0358651937671318
0.00348903570875093 -0.0104969292352983 0.188286453749988 -0.642465297670962
-0.0137969503951888 -0.00616207580450835 -0.590731374812514 -0.725728713778142
-0.0117034818261616 -0.0254342160053669 -0.856753360199514 0.206710169402237
-0.0395315028716774 -0.0200613491632086 -0.11606381469959 0.701481471402758
-0.0348172537237466 0.0109324772385943 0.343488689497248 0.330934535563573
-0.0106959215857478 -0.00327563946063936 0.235632744717034 -0.042337359329931
0.00307442098252314 -0.0116355415462921 -0.0205422608153419 -0.214193845211393
-0.00422684400416249 0.0103798980953897 0.0121904213901175 0.143718027763266
-0.0150929748966803 -0.00309844898491313 -0.188553948866942 -0.0232026530728896
-0.00797653622550896 -0.0170718573338184 -0.152544164956588 -0.418792609210896
0.00449747215873575 -0.0330818600312487 0.415059700919749 -0.486320546152763
0.0444529082717363 -0.00813677507680036 0.82662781657688 0.211103374928767
-0.0121830307321407 0.018549506302002 0.264880062477732 0.917717394804936
-0.00498538296646534 -0.0171713825221717 -0.333558850144237 0.574252174653267
0.00890758464898164 -0.023322117392804 0.0782792369223328 0.0178645067873917
0.00600201013021375 0.0117149381145622 0.157317916011193 -0.660367981667412
-0.00192585386578064 0.00106924825732297 -0.63881528138958 -0.677244915717988
-0.00808677108819476 -0.0245925497293173 -0.834039496918904 0.269783647651656
-0.039737165195397 -0.0134392284436152 -0.0667204688909921 0.704557036421074
-0.0306618164764018 0.015723173355853 0.358145991270909 0.307904523689992
-0.00440974325781654 -0.00198393518806181 0.227796374040826 -0.0583590384069576
0.00807736394686853 -0.00895788742264569 -0.0224871017669444 -0.221505805648439
-0.000159243841634629 0.0152889546110671 0.0131788426347108 0.142436239004255
-0.00761244252236065 -0.0012707996465807 -0.188618750088462 -0.0283282554331563
-0.00432833196607179 -0.0137388115002607 -0.143189366113589 -0.421244790531459
0.00636530226076773 -0.0280419989385384 0.425772806791954 -0.473778204022221
0.0522011473432788 -0.00391130152013237 0.821565681789007 0.239146238347118
-0.00448181099277168 0.0342435931670811 0.244016176543092 0.92892684530582
-0.0141043165695334 0.0101260834674414 -0.339651465163921 0.568027085999852
-0.00554964221406023 0.00305021447744678 0.0850578502238139 0.00956120089188633
0.0093822566072102 0.0357996859929165 0.148122974384305 -0.666091580626952
0.0120703061827471 0.00781193946777616 -0.651432879861238 -0.659188916234692
-0.0023765827400746 -0.0256876924524306 -0.825725209547607 0.293315721042905
-0.0388547623831235 -0.00977833911491625 -0.0518698495456805 0.703500714743151
-0.0266733660205125 0.0173420766463825 0.360251484203187 0.299797537699813
0.00132304473516066 -0.000708475270322199 0.220774815687775 -0.0655171379541354
0.0112237800528889 -0.00410849881477642 -0.0208109398459642 -0.226279594152456
0.0034048321635184 0.0191152546233983 0.0151466676686572 0.142273222581031
-0.000527635685111814 0.00184226358406325 -0.187425871436724 -0.0247609760318825
-0.00216066815501351 -0.0104309543399817 -0.152734477139315 -0.41934713493126
0.00613984597010445 -0.0244618685810773 0.41064899047769 -0.484376528126086
0.0602405907637434 -0.00313494900280337 0.826052553188415 0.218451834928785
0.00444953835272786 0.0502269765045038 0.269548237998447 0.921717596497294
-0.0230368919209969 0.038779214973852 -0.328034974517914 0.575332574870109
-0.0214378982354636 0.0301423859728231 0.0848510204679889 0.0154564868269484
0.0104429027111124 0.0592766049407948 0.16003170914935 -0.66188345672094
0.0253790086053155 0.0157023657075374 -0.635611582769521 -0.677244784464883
0.00566982222040734 -0.0259475569451895 -0.837319070875233 0.270488103228794
-0.0365473780989473 -0.00813246662797863 -0.0738198870256054 0.700230158543513
-0.0222271264720171 0.0171855233414437 0.352203682775531 0.309541928958248
0.00708454465100058 0.00145309899553532 0.219597143834444 -0.0619319995979777
0.0142678236266089 0.00172981123895479 -0.020187154804583 -0.22785964795191
-0.0188280233132755 0.0114012680640073 0.00392418240699401 0.17196940962648
-0.0191667103503328 0.00948762717506753 -0.181149897724601 0.070451003479063
-0.0174283962275594 -0.00998786938786893 -0.321887207818383 -0.294323655492948
-0.0187537852662735 -0.0444926988770685 0.111341559162356 -0.613033361472712
0.0223918065773994 -0.0364489267155551 0.776554994366741 -0.258658728793314
-0.00844311545364744 0.0133254479617111 0.659722444438501 0.626270938788494
-0.0199807234668395 -0.0281986696539389 -0.113735594431817 0.687845662507538
0.00716097361378769 -0.047381913058347 0.00530087940889298 0.143024262091562
0.00277651299234708 -0.0184190574158467 0.360804442411248 -0.516467025914563
-0.0187677695366236 -0.012812573533033 -0.223201733876646 -0.955096992970422
-0.000912545850719175 -0.0289630316310127 -0.911217062985278 -0.230423964506088
-0.026320681514693 -0.0450737241029671 -0.426690474418929 0.606291189296432
-0.0367473659305739 -0.005489713821622 0.212230116221825 0.453251580495115
-0.016028540250459 -0.00160043422069895 0.257610435766609 0.0537040040920985
-0.01291869990388 -0.00187547762064703 -0.0119822155454369 -0.182797032892906
-0.0187706595560045 0.00636693491950742 0.0071899767720568 0.168087197948948
-0.0251772656284173 0.00742303660239446 -0.185180657396654 0.0523217855179516
-0.0202902473392028 -0.0127221520364289 -0.299421793353271 -0.320331356169371
-0.0163483057808636 -0.04599737581846 0.169500660784322 -0.602933551521425
0.022178772778188 -0.0325501818792905 0.8097911345101 -0.181637188904128
-0.0195121563251222 0.00669484682432169 0.605103472295418 0.694145489937091
-0.0145364312071416 -0.0451583739904814 -0.162119777798139 0.676529599284493
0.0170225958286771 -0.059940498666208 0.0171652381022963 0.120789799363232
0.00441346949172555 -0.0294740346553369 0.328491136070378 -0.5499924020816
-0.0224917832853435 -0.0175963187651141 -0.316794059114409 -0.919802249682433
-0.00609040817874998 -0.0301058349836484 -0.917432480481725 -0.129191631624788
-0.0301139054099705 -0.0416807602185418 -0.360087422963774 0.644623067397718
-0.0387025243724069 -0.00395291907692229 0.249146705801359 0.431923306730741
-0.0186927269810233 -0.00206351410134843 0.25677133754028 0.0317584588503378
-0.00982457307921334 -0.00860734994479618 -0.0169085148920556 -0.190782558577496
-0.016340579095083 0.00700358418108005 0.00678614386211205 0.162294544124307
-0.0248501768053469 0.00181116038938311 -0.183141368880144 0.0367686898918699
-0.0176288556444209 -0.0171161047380971 -0.254534991006939 -0.353360393793419
-0.00972848053544851 -0.0426383485727868 0.24481826671451 -0.585903399786928
0.025388814666385 -0.0271106110421293 0.833647736605273 -0.0822274340872831
-0.0233846018991897 0.00300497516099765 0.524966896069186 0.766199126782275
-0.0093622091304986 -0.0531097524688567 -0.214586564952801 0.653191874388027
0.0233469399681603 -0.0641594089948358 0.0307799544095766 0.0935493850102058
0.00431006376443992 -0.0321679248324638 0.285280800202153 -0.586446260627899
-0.024043498600944 -0.0165107809483969 -0.418492209445828 -0.866009941285985
-0.0110913048484858 -0.0292659638510329 -0.91298084505991 -0.0102575686574514
-0.0338842847053477 -0.0366088893744239 -0.278572142408321 0.676609808418653
-0.0392777373286092 0.000891294354374007 0.288092884244135 0.401322708956359
-0.0184336341294421 -0.00364363982444959 0.254209522588369 0.00690902442877768
-0.00709858360331796 -0.0113356893444184 -0.0189554159894092 -0.196979986512753
-0.0129736754650953 0.00572981035387802 0.00884286063733487 0.154619130939565
-0.0240407256893437 -0.00140902153668313 -0.186647136603401 0.013871367511666
-0.0160329975677943 -0.0191022950310388 -0.216954753171507 -0.381289335840636
-0.00352121750051709 -0.0403684483442628 0.315524584324018 -0.557537377717926
0.0294781486135132 -0.0220237291035587 0.843857750433993 0.030046467828524
-0.0226488246605091 0.00185374761088479 0.434197641332024 0.833994299674469
-0.00339805119197191 -0.0515357271718645 -0.263862084854347 0.629295534229115
0.0244124580725136 -0.0602481053918164 0.047416027777383 0.0645087201628322
0.00346292127449992 -0.0247521084988001 0.23584230431727 -0.620529932650331
-0.0223612722622372 -0.0126746581973682 -0.518114882912732 -0.799881644097987
-0.0126745133229088 -0.0270517201176654 -0.892826552726959 0.107868463175511
-0.0373874925045355 -0.0283591697887901 -0.192303524096725 0.696919271366718
-0.038295861951826 0.00608892684447428 0.321365961825221 0.365711178035303
-0.0161083348781462 -0.00295960688874908 0.24698552513042 -0.0191859401993123
-0.00154526993438406 -0.0128599291932788 -0.0217932270015552 -0.206647432255831
-0.00896820495150819 0.00720362202471889 0.0106402194552854 0.149368047811807
-0.0211211518695509 -0.00278521196822315 -0.189239820383135 -0.0077569597131061
-0.0121755408537107 -0.0193985618760615 -0.181378728467862 -0.407074241675729
0.00146891399323772 -0.0370179372698468 0.37787085560636 -0.519700408482848
0.0361120099843943 -0.0150285623714873 0.839532582771092 0.13680129999471
-0.0184918392972879 0.00686673452793887 0.338231083589286 0.888914166994215
-0.00126199317918171 -0.0399701379650433 -0.306662452682606 0.599874601081964
0.0204703457759384 -0.0466914104752389 0.0651327827284352 0.0359874163904657
0.00394488682751145 -0.0103531396550888 0.189065457525026 -0.648677439390079
-0.0142090392617456 -0.00627803765144485 -0.599998633534375 -0.729934383156684
-0.0122506473031194 -0.0255212934190742 -0.86345875748761 0.213394427940543
-0.0390688194914583 -0.0204863212284193 -0.111584350281306 0.707132406418473
-0.0348383602569608 0.0124192254906356 0.348783100318382 0.331045748410688
-0.0112824730782086 -0.0030260371907939 0.237431219822068 -0.0434987333546151
0.00174557647134127 -0.0116812909015043 -0.0227414324195756 -0.215587303767596
-0.00367529839652776 0.0105897067818853 0.0122718293237658 0.144321696816901
-0.0153374875639082 -0.00318897637587784 -0.189739672708542 -0.0214884907440969
-0.0086453645347114 -0.0181232502442563 -0.156501117637454 -0.421065559068844
0.00518466263705874 -0.0326521405598613 0.415861264146257 -0.491213434499164
0.044792230561773 -0.00892445394249413 0.832514568050731 0.208534495410987
-0.0119829947958529 0.0186815928450142 0.272902180586029 0.921797224256105
-0.00493584780462257 -0.017732732553682 -0.331717178756743 0.58018109967689
0.00961808888133496 -0.0237587604819436 0.0793582785034985 0.0170252859878597
0.00609943001095934 0.0106243758909583 0.155708250124888 -0.663891074278554
-0.00208487328187857 0.00154606925854194 -0.648015715904163 -0.678854286685245
-0.00790538362136279 -0.0250358942254384 -0.836887140880551 0.277147278510625
-0.0397859422480584 -0.0137291574198145 -0.0629895056089627 0.70902138211235
-0.0310600605897885 0.0154069510569335 0.362976020579344 0.307745979231641
-0.00548392407206994 -0.00220173030087775 0.228101453474423 -0.0616373881355387
0.00762568818470988 -0.00822371912475399 -0.0238236955241522 -0.222549152613863
0.000143593371969671 0.015364323175934 0.0137625162603659 0.143002823091791
-0.00828188135162872 -0.00156123451700902 -0.189080667970868 -0.0272982480489694
-0.00476514454841947 -0.0142888715229275 -0.146646678507909 -0.424236079978824
0.00644022615687046 -0.028207879474803 0.426659308710691 -0.479481518542973
0.0534134919738654 -0.00450679251153709 0.8282021367503 0.237258781377727
-0.00432216741467377 0.0347961943596869 0.247934381994029 0.932859578110024
-0.0136718472102544 0.00963957958708904 -0.3383157791147 0.574104081344332
-0.00562530143120115 0.00269021024697491 0.0857915884870924 0.00924387331717847
0.0103855417767661 0.0355108115904622 0.145535635017667 -0.671050164615035
0.0123275770631327 0.00834615502307837 -0.660237834031969 -0.661416666181743
-0.00184219946380386 -0.0253052526272785 -0.831056824320694 0.300899792424907
-0.0389379963557345 -0.00983559674728713 -0.0472018173950278 0.707451209334289
-0.0261713765211115 0.0171005778151049 0.364205964961546 0.299721639963992
0.00076476360009473 -0.000834455643476673 0.221565035193256 -0.0676118917281245
0.011516300295696 -0.00256353422485882 -0.0228213447941116 -0.227986803199898
0.00391503633584745 0.0196934008198831 0.0155783488339253 0.143374569684629
-0.000450637732542483 0.00193169227086641 -0.18871771247842 -0.0228240354669943
-0.0023287152263033 -0.0105528962757132 -0.15615708494942 -0.42204468789072
0.00666449604949123 -0.0248494615209706 0.410033837796382 -0.48821873499578
0.0607108770058467 -0.00376291249190384 0.833429336190739 0.215213103171828
0.00493351069458376 0.0507451718947256 0.275060269375255 0.92714583117536
-0.023099089170387 0.0383944188993305 -0.327013082390028 0.582225982691325
-0.0210090311270927 0.0297798087848965 0.0855989235836241 0.0148800506711769
0.0118175407256572 0.0590644454870399 0.157897250857984 -0.666585424304895
0.0261644936963023 0.016252000575127 -0.643245484444774 -0.678368465984295
0.00586703685045614 -0.0259874128627551 -0.842885562040768 0.27804889696032
-0.0368888866835113 -0.00884976120411548 -0.0680242315220676 0.707035455688201
-0.022793557622153 0.017129656593674 0.355959244450117 0.31096858099168
0.0069525985705529 0.00202429177636736 0.220663748004302 -0.0638918121774761
0.0139360532957898 0.0019246422195381 -0.0218658254082685 -0.228956967482487
-0.0190229935071249 0.0120449621226579 0.0036268616502922 0.173627825941587
-0.0187848054569378 0.010017242667931 -0.182057939692373 0.0735598828751432
-0.0173523721949519 -0.0099974735460287 -0.324855283791747 -0.292123390109776
-0.0195877559890368 -0.044118531856931 0.105161001235325 -0.61682046475415
0.0226812431626256 -0.0374886427075599 0.778644191977768 -0.267245485697788
-0.00874622343017226 0.0138208226514975 0.668353792402968 0.624460573317196
-0.0201140030113526 -0.0290295108174386 -0.109015309654234 0.691607906691103
0.00776282920830574 -0.0480060212767455 0.00608687911929893 0.144941445679837
0.00363725017455639 -0.0182493876296086 0.360515509610676 -0.521602992499875
-0.0183095972493465 -0.011620484661976 -0.233295371742726 -0.959110446847222
-0.00136665067313274 -0.029004284137127 -0.921594983409048 -0.224788153161648
-0.0264869488641509 -0.0453372395071836 -0.424067988726447 0.615250822071237
-0.0369680029422693 -0.00570359053957446 0.217556923590146 0.45476488177205
-0.0166934938691116 -0.00129484308084843 0.260316660892699 0.0513314270788237
-0.0126298638896317 -0.00144456838602436 -0.0130519107190549 -0.183998432747017
-0.0183402240491943 0.00688500600636859 0.00791817758945451 0.16860644904999
-0.024895265763125 0.00746398667360761 -0.18569155913745 0.0556028063674337
-0.0204532714641855 -0.0125773663498969 -0.302906348322319 -0.319087771813528
-0.0166390647595953 -0.0452261156002532 0.16455970892546 -0.607177078232235
0.022242723812207 -0.0325923778903014 0.813295687443101 -0.190535148867541
-0.0203583811121907 0.00673557215158644 0.615429257533678 0.695055682187817
-0.0154911442468041 -0.0461722467799717 -0.158977933457188 0.679956834208391
0.0170754255074317 -0.0610933681978223 0.0172110446438469 0.121755767184977
0.00487572649544228 -0.0293702551347885 0.327192701167976 -0.555055159338595
-0.0224638277796531 -0.0175364390984979 -0.325120721162896 -0.924335079917521
-0.00677647360190387 -0.0299255312826708 -0.926948522289012 -0.122560873436524
-0.0305394395014626 -0.0423532349248552 -0.357054951873394 0.652845442492257
-0.0392872404223772 -0.00398982851056836 0.254657039966792 0.433141984956566
-0.0192354076348044 -0.0017111545688736 0.258617401412536 0.0292848256009847
-0.0103423749891995 -0.00792479430377445 -0.016947195368441 -0.191497432981028
-0.0164286705288784 0.00693685408004328 0.00719025128580006 0.163234580283054
-0.024812414471034 0.0016964594120904 -0.183183166411643 0.0384804520156344
-0.0176721845410589 -0.0167442522565079 -0.258500245771073 -0.353197889022297
-0.00891795605290231 -0.043344854307329 0.240769825736501 -0.594571579063446
0.0252754731727785 -0.0276109788998504 0.837350614495075 -0.0886155707131578
-0.0231651455654948 0.00321770558555598 0.535074876512048 0.766364756822123
-0.00893253831278922 -0.0542253656414824 -0.211270936564272 0.659505846511456
0.0234144248700173 -0.0651877883814362 0.0316921358988879 0.0938662307366442
0.00506140719312635 -0.0315155636828718 0.28359724257369 -0.59158147712974
-0.0243308385877879 -0.0162585505194421 -0.428949104956047 -0.867010771881421
-0.011400847198959 -0.0293148488347931 -0.921062978701992 -0.00333192437082302
-0.0339154705707504 -0.0364313133260103 -0.275286250712183 0.682393534752354
-0.0398341080864302 0.000766453510457104 0.294070489406672 0.401868892453272
-0.0193462463525448 -0.00310692106166696 0.256468118233156 0.00460250539261682
-0.00749721970042406 -0.0107587006712659 -0.0196825154565692 -0.198230441940658
-0.0132321334894812 0.00572533405536498 0.00995151131198301 0.156695742089252
-0.0248211657183203 -0.00119605666010463 -0.187047907503682 0.0154534520620052
-0.0162274748197673 -0.0195107485448162 -0.222279234108185 -0.38291407795874
-0.00382508881392629 -0.0409305883672273 0.312451702759485 -0.5642253529222
0.0296154584090854 -0.0218275087765139 0.848285701112869 0.0232658171948848
-0.0234918505078175 0.00191099811109464 0.442459505615881 0.835689799771011
-0.00375709737283634 -0.0526551555444148 -0.260754331803012 0.634688800863048
0.0248991511116725 -0.0613475901391777 0.048282973424874 0.0647409722227087
0.0036275273078303 -0.0251839933483562 0.23333457405597 -0.625882196774768
-0.0226251540994872 -0.0114321025274258 -0.527672067076323 -0.800652792895751
-0.0136945007976224 -0.02787472728573 -0.900022887565156 0.115143818151592
-0.0380274681037496 -0.0291438054404614 -0.188162605825661 0.703582113916215
-0.0386109593806721 0.00680952299032492 0.32910587137691 0.367456903949626
-0.0168192182087035 -0.003201784988509 0.248596928684568 -0.0216107090560265
-0.00180214673162736 -0.0127317744558998 -0.0236663186408968 -0.20779688823342
-0.00861507400281869 0.00805763527159538 0.0108223159657132 0.150293945818368
-0.0216369221414415 -0.0032178244175107 -0.190401649933556 -0.00542413140107218
-0.0122112364214962 -0.0199056245703988 -0.186336708676647 -0.407918214073274
0.00175916855218478 -0.0371654087238955 0.373711197950816 -0.525504126228497
0.0363356722373227 -0.0153115722981639 0.847097143390529 0.130970579760562
-0.0193491804547449 0.0072428875453884 0.346381595468877 0.889981062401341
-0.000358730539732517 -0.0409406921014123 -0.305264298366291 0.605151457496093
0.0200762861650086 -0.0475472228284479 0.0658879155471596 0.0353966912313237
0.00504556992234328 -0.0110089858532276 0.184799601688618 -0.652984747999695
-0.0143890788094725 -0.00556090097998748 -0.609911264783925 -0.729923758150419
-0.0129872458157974 -0.0251799328568178 -0.867559851908374 0.220232474548089
-0.0396328155125856 -0.0208157415924534 -0.105607730850375 0.712366131962383
-0.0358520877086518 0.0122792368121936 0.355452458858627 0.331237031190661
-0.0120113798169301 -0.00228853570369666 0.237944562270712 -0.046859832720738
0.00193249418179841 -0.0115365121672944 -0.0244687442965774 -0.216438894617614
-0.00342920992923718 0.0109240110581976 0.0121982619000247 0.145677844777957
-0.0156479298020091 -0.0036600299726921 -0.190350441976915 -0.0195193321146481
-0.00829679428329208 -0.0176079314865272 -0.159539866594046 -0.422072881571989
0.00515554484565359 -0.0333288741317066 0.413736337727145 -0.498737647286237
0.0448552873012971 -0.0100355850280535 0.839748453359556 0.203640995974764
-0.0130427380266886 0.0186902818568155 0.280923585203461 0.923949881212452
-0.00470531858766431 -0.0182768899895166 -0.329489928738787 0.587184021038403
0.00974931233195007 -0.0246967148206545 0.0793071319612086 0.0164478465468016
0.00698530282771719 0.011111048137981 0.150386588780587 -0.668891485014338
-0.00182573925203987 0.00215404608192797 -0.654884842983443 -0.679385875558254
-0.00874149687128895 -0.0250116235099155 -0.842375695138019 0.287194275570798
-0.0401949716601436 -0.0135553066538985 -0.0554019508610153 0.715908335075348
-0.0313668575704498 0.0159877596710451 0.369386048811751 0.306907441195647
-0.00620612107585743 -0.00168273031167373 0.229114541121094 -0.0633343743628226
0.0073756484179922 -0.00808090079293302 -0.0253243261483031 -0.224651126846284
0.000943765061000225 0.015344273099246 0.0135247410921301 0.144409730139635
-0.00837481180031317 -0.00181122124226419 -0.190641975391674 -0.025428274789748
-0.00497602518652282 -0.0143017394006257 -0.151855592013713 -0.427065757624522
0.00700374919637059 -0.028191322727567 0.425454900551596 -0.485556081501633
0.0530803622752559 -0.00531252894830452 0.835627487032356 0.231499662867311
-0.00479078364199799 0.0343633343243941 0.257102475267489 0.937193922089317
-0.013998596733535 0.00956542131574901 -0.33628271135061 0.578684918509434
-0.00453454560975309 0.00249543050703964 0.0867745017888571 0.00922632720174935
0.0109423616913836 0.0351702464910638 0.141729498713199 -0.675673796123384
0.0129762694108266 0.00933720442661396 -0.669135783679575 -0.662258399839688
-0.00276313075599007 -0.0249252720633471 -0.832248551827934 0.308634289082424
-0.039185321714703 -0.0106736261807778 -0.0412986833893207 0.714823349957662
-0.026835393807357 0.0177227317453555 0.371294139482359 0.298673571905317
0.000153075817245463 -0.000897942438483255 0.223057735184338 -0.0699616662167395
0.0115242907569551 -0.00325911746464575 -0.0246754304173933 -0.229444965433671
0.00408504039355862 0.0203689470825402 0.0159592480661532 0.144362595664565
-0.000825353749924204 0.00130302658518734 -0.189491485221248 -0.0218503106960704
-0.00268093292852047 -0.0108806139871126 -0.159954721947976 -0.424899580889457
0.00739507102274907 -0.0247866224629649 0.408604432164825 -0.495084939117951
0.0608139100667895 -0.00448393462372021 0.840324142508161 0.209931112561243
0.00451163811052608 0.0509637045173441 0.283551107725763 0.931886893846332
-0.0225375747900077 0.0385092574058558 -0.326428021358445 0.587000541876434
-0.02093597976368 0.0299444826226977 0.0865351251521918 0.0142452499485399
0.0128369045341755 0.0590524075992127 0.155308301877501 -0.671106214718427
0.0266011782306079 0.0162742669410331 -0.654148112839588 -0.679602759150792
0.00522686482238711 -0.0261019460304336 -0.84620808020259 0.286675451919282
-0.0375730358652091 -0.00866867523206719 -0.0630551267877979 0.713505928190804
-0.0230000760561862 0.0175066116683376 0.363238047000061 0.308287253226041
0.00647605244567233 0.00203371202791936 0.220901199570522 -0.066670198805184
0.0141453940883779 0.00242902060414389 -0.023451184584965 -0.231434276458416
-0.0183260986225461 0.0125459664400873 0.0052623176714364 0.175046967372158
-0.0176189706091896 0.00994391466079527 -0.181370705002923 0.0757565257294944
-0.0176492728909413 -0.00974226308925479 -0.328558694844629 -0.29145384019337
-0.0193872888155664 -0.0433557451100678 0.0991955767617623 -0.62133145701232
0.022355277225198 -0.0384557923748706 0.78091760086726 -0.27445180305207
-0.00852811157030454 0.0133648175743733 0.678331858333767 0.62037306107486
-0.0201662598727704 -0.0296005482149759 -0.104577291131359 0.695686651133316
0.00752341097230494 -0.0494997591183009 0.00780163850723129 0.145073092502288
0.00377865642293491 -0.0190330241533783 0.357702584553835 -0.527009835880568
-0.0193978615652411 -0.0111418282969452 -0.243382321578727 -0.962355230028817
-0.0015951687151208 -0.0288233204620523 -0.930679268921838 -0.217138292208158
-0.0267434944665089 -0.0448279205081793 -0.420987806661358 0.62287389969015
-0.0376765512827042 -0.00533561172563705 0.224249335361488 0.456407440708953
-0.0176766724049021 -0.000941415916784937 0.26412859356606 0.0487529736578427
-0.0132277054177733 -0.00149084829560558 -0.0143288958739523 -0.184506476826196
-0.0178994921490902 0.00756943099489215 0.00847957583049986 0.169929790020519
-0.0245385335108143 0.00804549905662803 -0.186180554081285 0.0585575603715344
-0.0205450131935744 -0.0122112500900032 -0.30703851090689 -0.318415734692358
-0.017437687421398 -0.0453553814508365 0.160401982174253 -0.613027413427425
0.0218474440490913 -0.0337720515166481 0.815134115431126 -0.198505531759018
-0.0205023977349768 0.0069186500587288 0.624512459209119 0.691155780236232
-0.0152536685032345 -0.0456067702339307 -0.149558553091576 0.685857842898224
0.0170009237789606 -0.0613699386332586 0.0182091993778619 0.121508535176476
0.00542445166015386 -0.0294186462002062 0.323822899497572 -0.561953800382886
-0.0230927457104824 -0.0165947837472486 -0.336124066148008 -0.928303959868604
-0.00707537020194733 -0.0300294872683199 -0.933337927500705 -0.116049792353048
-0.030967309025789 -0.0424752110805945 -0.352579713956803 0.660698246377168
-0.0396044993181869 -0.00367380433543689 0.263302080370553 0.433545172555571
-0.0199749242884467 -0.00166001661509898 0.26121551083728 0.0257843257383951
-0.0106607715214445 -0.00770589568321569 -0.0193627787596873 -0.192411067318457
-0.0159999841356922 0.00805785039362865 0.00789562193801266 0.16419837304357
-0.0243271946002998 0.00132960990575669 -0.183411353018818 0.040825220075701
-0.0180545093576178 -0.0174502867432622 -0.262916512344983 -0.354656834971542
-0.00932260644579971 -0.0428268955383215 0.237488427296698 -0.599112928836203
0.024713446446322 -0.028755410854294 0.840129800507594 -0.0970958194003256
-0.0243318085434956 0.00357985628060403 0.543779032880197 0.765468738428894
-0.0093185129507099 -0.054528181335376 -0.205464199584375 0.664935947778323
0.0233991526939771 -0.0663422855206533 0.0329770195060596 0.0945924129950994
0.00563784864189096 -0.0318429699377178 0.279877769208881 -0.598120228980332
-0.0245313845209864 -0.016701175366508 -0.439053726204607 -0.869428104194972
-0.0123426781293145 -0.0289624365192461 -0.92667300077635 0.00686287240535665
-0.0345067126624589 -0.0367665056676638 -0.268277286188601 0.691881972512705
-0.0399197958684134 0.00119102607002557 0.301018736047804 0.403737828012334
-0.0200760253373796 -0.00273217349219203 0.257893285162926 0.00177027854769081
-0.00781238035881905 -0.0111824675044793 -0.0216463746926599 -0.199504857051623
-0.0122325750754437 0.00663041290109463 0.0106091509949464 0.157647003477221
-0.0252167101159572 -0.0012084089381734 -0.186835749923472 0.0186072363971291
-0.0169828103739472 -0.0196864826680959 -0.22615258249412 -0.383333815488807
-0.00387149191729543 -0.0406863912374279 0.308786822481851 -0.570559014448699
0.0297529310012641 -0.0229755274234663 0.852447056028922 0.0145333469888229
-0.0237911164906132 0.00237963617981609 0.450606769136786 0.836275299948886
-0.00395600581147693 -0.0522316228832345 -0.256193195438353 0.642468848169256
0.0245150846632283 -0.0620695895208505 0.0497116141153669 0.0645786050096788
0.00505847017350672 -0.0253242088913153 0.227160232989793 -0.631407102946797
-0.0219865361279146 -0.0111061410388502 -0.538973002586321 -0.801140464157511
-0.0139329103318155 -0.0264957436715103 -0.903449100123444 0.12547079433689
-0.0383911065055442 -0.0293472560756105 -0.181665205336206 0.710124860612781
-0.0388167843970723 0.00736326157808411 0.336195317728429 0.365686787935947
-0.0176764898723316 -0.00258077834770662 0.249855225121753 -0.024711123896553
-0.00216981962849742 -0.0125995974454134 -0.0255583261364911 -0.209456375172045
-0.00828204406125579 0.00787265521891118 0.0111869846845898 0.150818298318475
-0.0219082524730944 -0.00351291280278221 -0.190145592386437 -0.00309845234811867
-0.0129482075344004 -0.019907537600693 -0.190807944153107 -0.408677418884068
0.00127916279343677 -0.0372656401415804 0.369836120325457 -0.533127990504727
0.0367242801473351 -0.0161490931551891 0.85284563862203 0.124657566004832
-0.0201620959728897 0.0071722206187318 0.355023447819081 0.892093332493362
-0.000791924952450358 -0.0410058042411422 -0.302098797415188 0.61071706308893
0.0201762137828153 -0.0486359008468658 0.0670492362637432 0.0360118927694016
0.00502454197025037 -0.0103119344222721 0.180070799981144 -0.657782393751516
-0.0144245113811267 -0.00463573198979945 -0.619881114108452 -0.728043749531407
-0.0132741693342207 -0.0249855928721381 -0.870885865728051 0.231782015716676
-0.0398099773270208 -0.0204913209132192 -0.0993966032964294 0.719309587991096
-0.035679151044691 0.0133441082995741 0.3620592914693 0.330286895636347
-0.0128680242127073 -0.0018905473394414 0.240267927589546 -0.0492517064178913
0.00222335748468206 -0.0113459246718601 -0.0262428723674695 -0.218099321070699
-0.00315064447633533 0.011192580596661 0.0133795147861694 0.146111268305118
-0.0158620331528235 -0.00418346805016461 -0.19102141589598 -0.0176428633014973
-0.00884774510633268 -0.0177835440676071 -0.166148643549696 -0.423962102676674
0.00529127359806874 -0.0330292477110532 0.409727328642689 -0.504579047323141
0.0446400320310607 -0.0104753011731318 0.846604137097459 0.196553645367285
-0.0130044273044337 0.0189443863740364 0.291166414646 0.926953937091277
-0.00440835923509355 -0.0184082506167976 -0.324849635228241 0.592479338379135
0.00944900084462535 -0.0248479053326815 0.0802823826854486 0.0159622314946531
0.00876442942812077 0.011074801217932 0.147969999637246 -0.674747668817172
-0.00149828401615326 0.00248192952196807 -0.666315056357938 -0.6774645781577
-0.00923731993227586 -0.0242520787595763 -0.845584970324159 0.297434442542461
-0.0399751412779502 -0.0129600109716413 -0.0473537525094729 0.720991108999235
-0.0317096696144555 0.0168954255660396 0.375719251868887 0.305710720817979
-0.00666578084449557 -0.00108910311193004 0.229733999516647 -0.0664479250486475
0.00714174339087242 -0.00829111646618308 -0.0274657515383037 -0.226018803639983
0.00153414364100602 0.0162145791576911 0.0144469757329938 0.145594994186825
-0.0080218047225888 -0.00206454294812335 -0.191531407797481 -0.023069135319249
-0.00558289969401024 -0.0150897040521339 -0.156335993989525 -0.429379698272281
0.00671629841833737 -0.0280552509196009 0.423301462850789 -0.494120107656174
0.053275079910856 -0.00628638398432068 0.843498719367545 0.225506330109508
-0.00492034356085693 0.0353390047589449 0.269033878296176 0.93837935743903
-0.0127366878919641 0.00952062761585538 -0.332814411145873 0.58600297206388
-0.0051688022071162 0.00213201089451364 0.0872168698774602 0.00830854002692122
0.0122049925318183 0.035391838020353 0.137044216045483 -0.681149187538591
0.0134087583020702 0.00902232026803982 -0.679869992765396 -0.66001520034912
-0.00299748415565711 -0.0254540164931214 -0.835290358228265 0.320303928310846
-0.0392024576302282 -0.00968662187340969 -0.0330624398084429 0.71879955164187
-0.0269288776239983 0.0183872568714918 0.377365446941395 0.297627202302311
3.4384387822647E-05 0.00012456925483785 0.223620097394586 -0.0725228385112684
0.0118644591063811 -0.00248595210670025 -0.0271185153761634 -0.231495570792513
0.00498815269735126 0.0206941823661662 0.0171094285003506 0.145146406596855
-0.0012852194057818 0.000886953708617898 -0.190513611522942 -0.0200377676618485
-0.00256653154803299 -0.0108395658672928 -0.165491517748251 -0.42598724904023
0.00724301982447573 -0.0248876412484528 0.407134979146187 -0.50292622923412
0.0607774420569043 -0.00522076566973014 0.846580631683551 0.203551565015481
0.00474126501803681 0.0516552535351547 0.294255123897941 0.931635742219328
-0.021865731102088 0.0384817879447324 -0.320211097499575 0.5937900980154
-0.0207709011221814 0.0294344742892881 0.086915356865589 0.0131459502027299
0.014579856854994 0.0594076529769453 0.150944071223437 -0.677092111144413
0.0270686763781269 0.0164878156558163 -0.66195355606096 -0.67866493934742
0.00436817676101102 -0.0259459663260086 -0.850663212836021 0.29575436957563
-0.0381805868478299 -0.00859904804227195 -0.0551269176387737 0.719592986992032
-0.0230290009433651 0.0176326181597056 0.368663672814366 0.30674772517236
0.00628670796726321 0.00217253449067021 0.221796307358575 -0.0689607944639645
0.0146494487255801 0.00310212835081151 -0.0258667020400291 -0.233233939878797
-0.0185875114886326 0.0134416877893578 0.00580333198430473 0.176502684555689
-0.0175284439452753 0.00994451321282869 -0.181403620772483 0.0798640539625891
-0.0178869002221134 -0.00946441815877019 -0.334271120849707 -0.287862080702056
-0.019765539983555 -0.0428986237386035 0.0923840914191538 -0.624771327680074
0.0219028130300456 -0.0389552268560314 0.779248951429288 -0.286577072331721
-0.00883902693244239 0.0135032165854607 0.688611329127244 0.614286421891391
-0.0198533153280187 -0.0300927029147201 -0.0968123644443289 0.701291232759312
0.00677895152801873 -0.0498363939765051 0.0104982626831024 0.146039961667436
0.00437882415315756 -0.0192956724232336 0.354307055768142 -0.533496186880757
-0.0188301919275339 -0.0106297350064623 -0.254077134659572 -0.965086757069608
-0.00241791531468208 -0.0289741913327629 -0.938570033704846 -0.206324170970034
-0.0278137033200767 -0.0453356523135191 -0.414883085994452 0.630810765302996
-0.0376996564216069 -0.00493816077368439 0.232861089171223 0.456009304531051
-0.0183287870630449 -0.000579796738796205 0.265514278707055 0.0455174230575778
-0.0131386520273161 -0.00110817771842068 -0.0166639456751538 -0.185812437535649
-0.0178885442633799 0.00811766893490539 0.00932513561273432 0.171392538595145
-0.024532823923487 0.00853267926558693 -0.185918137964589 0.0619759326643871
-0.0209307655782766 -0.0129810670321979 -0.311366337072931 -0.316146572893238
-0.0174163776840954 -0.0444521976257026 0.15361596682439 -0.619179006844844
0.0220457044916586 -0.0344252124834512 0.815734096930826 -0.209261879232081
-0.0208960143853853 0.00720940169110355 0.63584635543305 0.688393051692482
-0.0154538189659183 -0.0467327896231784 -0.146028461538997 0.691097783252739
0.017262425683945 -0.0628956465569163 0.0201635782367532 0.122608103423326
0.00606393305545121 -0.029646216996766 0.320459978448005 -0.567907441653817
-0.0233526403294247 -0.0160614932681509 -0.346345249481156 -0.928362873747491
-0.00788338982668864 -0.0292814080822456 -0.939717031153846 -0.103542696732485
-0.0309655170791127 -0.0424438196491876 -0.345079034035965 0.668197022763289
-0.0396953255057497 -0.00286349414585101 0.269436313247685 0.432947410784145
-0.0202714265742583 -0.000362430380374978 0.263682897062071 0.0227094666588406
-0.0101656001087123 -0.00728770841579246 -0.022408899017959 -0.192431344258261
-0.0157000091876468 0.00851275415969917 0.0089942057461616 0.165718048867435
-0.02458646247765 0.00146845328208273 -0.183593308764088 0.0431951986428311
-0.0190301486871651 -0.0172466165220241 -0.266867927513104 -0.353132010435677
-0.00957208152347547 -0.0421718106203747 0.22962301572888 -0.604591791564246
0.0246088552770415 -0.0289449629714437 0.842972269245492 -0.108235977238002
-0.0239374809083204 0.00330320389182859 0.554924612409894 0.761837770515978
-0.00980630174395661 -0.0550669611912435 -0.200792937074401 0.671073093395374
0.022838556721445 -0.0677621857274843 0.0340787954636115 0.0940271715790548
0.0054641262199163 -0.0322159493276376 0.27463958193222 -0.602901052463609
-0.024830259701846 -0.0148403895621982 -0.45053194717939 -0.869050728487178
-0.012343782363921 -0.0286272651302046 -0.931060205858437 0.0155625479416104
-0.0358733580753953 -0.0369972598492202 -0.260367504793452 0.698615410588437
-0.0404410696026474 0.00163811931330807 0.307377229763227 0.400767410776302
-0.0202385235397078 -0.00200627048860457 0.259385043338939 -0.00246304837769875
-0.00773994577437731 -0.0100064047752796 -0.0235824003707708 -0.2004309435681
-0.0118215972408042 0.00697032185064306 0.0112879920256916 0.158331603318374
-0.0247092345503235 -0.00123450705462887 -0.187542640359251 0.0208764585301559
-0.0173573069762302 -0.0195731982173337 -0.231151234698712 -0.383214527855862
-0.00365359679248188 -0.0403896142506913 0.302386741132878 -0.577167349722088
0.0291580858974843 -0.024257960136162 0.857412607362905 0.00471375406778687
-0.0239216981771582 0.00251128671988089 0.463884909331004 0.834191205350144
-0.00432148458799564 -0.054148336700912 -0.250196166231256 0.64812824598993
0.0242220316567356 -0.0632140697676981 0.0506084548009467 0.0644698535610827
0.00477456299111052 -0.0261514962936411 0.221736436760736 -0.635973232876467
-0.0222187588187645 -0.0101655151370885 -0.549115414469336 -0.801237312399404
-0.0137253292809096 -0.0265243958665822 -0.908862830948461 0.136683288700028
-0.0385726788552691 -0.0290190573965805 -0.173335660435478 0.715623162802641
-0.039442433254492 0.00769166314998202 0.342021101625018 0.364450994441817
-0.0183309446308319 -0.00206429578997692 0.250702576657919 -0.0276139940075668
-0.00275587494606061 -0.0116734607332265 -0.0270994054059467 -0.210344249212282
-0.00773405425973201 0.0081391620151036 0.0122962305974411 0.151237949210097
-0.0220282292280047 -0.00394851894157866 -0.191569425213491 -0.00117594910392236
-0.013665950088508 -0.0199727776053048 -0.197277626159612 -0.407981704057067
0.00148242202996791 -0.0373903285862532 0.366392866224455 -0.541070678032317
0.0363691074487119 -0.0170676216884877 0.85738873237741 0.115323720309104
-0.0198131261591297 0.00689011189853479 0.368072841659644 0.891402288650698
-0.000928987547632199 -0.0418824402672331 -0.296927741089943 0.618558256503689
0.0200067344222955 -0.049072854863073 0.0680344142957937 0.0341212711071742
0.00583558377246025 -0.0110116034811303 0.175085272538624 -0.66273558142517
-0.0139561440969945 -0.00478499818456573 -0.631184661337097 -0.72714188837873
-0.0140335547472885 -0.0247537611764418 -0.87238275527693 0.242871296584678
-0.0401295390053946 -0.0200931097144063 -0.0900287381399952 0.723671936351467
-0.036272768409964 0.0134775283550756 0.368857934128631 0.327147247150409
-0.0130669127138237 -0.0014352441256477 0.240019100308236 -0.0531423426250017
0.00180239126029506 -0.0106856481059362 -0.0289305413765317 -0.219153733803017
-0.00259991383877521 0.0116584739815892 0.0143178703627474 0.14694787851388
-0.0162129092062464 -0.00432133085958399 -0.191141758328534 -0.0151579336667076
-0.00902937022716246 -0.0183406836554804 -0.171853611942564 -0.42437204075434
0.00542154080916465 -0.0330924139638773 0.40734709468149 -0.511069391064138
0.0445796455354545 -0.0113818917382792 0.852353988833792 0.187542648775731
-0.0131129450440675 0.0190124433006073 0.301406552904786 0.927068742949733
-0.00445840992311555 -0.0194392097001947 -0.321333153003903 0.598823760501213
0.0096361770301421 -0.02595209620022 0.081051157974201 0.0146704567078064
0.00925346616329343 0.0104838344000243 0.140474826075765 -0.679958908403383
-0.00210386451389984 0.00272962251749787 -0.678294804562216 -0.672698374018739
-0.0100157184731482 -0.0243954427376428 -0.847003084115007 0.309572865503632
-0.0404666409882675 -0.0132382235000009 -0.0397845737184327 0.723639248205281
-0.0314565227337371 0.0171008253355218 0.381460679324465 0.302873037091692
-0.00713432452607479 -0.000720315725902643 0.230000896029239 -0.0692077188693557
0.00730562532824183 -0.007289999889299 -0.0299822626657745 -0.227000976744616
0.00169686603028308 0.016402484224913 0.0152731963259073 0.146448150446534
-0.00899457390872996 -0.00227610566723464 -0.191976344465607 -0.0207441829580656
-0.00559499240631121 -0.0147048349130927 -0.163171229444221 -0.430600939287234
0.00744856605688536 -0.0286419796229448 0.419556335851894 -0.499789699684063
0.0531453750661406 -0.00707795107174087 0.847856272688624 0.217921117090053
-0.00541416166418336 0.0364475893886668 0.280608459583355 0.940434347261622
-0.0126497205838966 0.00877825719110626 -0.328453140895066 0.592025205360357
-0.0047169277504635 0.00158140713255307 0.087480625823798 0.00669849560811779
0.0129649714169304 0.0349824963936773 0.12950354163449 -0.684404990080618
0.0132092655391113 0.00918112969080519 -0.690924395087726 -0.653454612135558
-0.00345475852426616 -0.0245564452444307 -0.83624702037066 0.331153376566736
-0.0397256060234008 -0.009547473468442 -0.0247302044409505 0.723733205999825
-0.0265108706222054 0.0182119468281944 0.383174819038987 0.293682748209673
-0.000913827777936587 -0.000201764916919658 0.223435424402359 -0.0759666895970839
0.011458298892949 -0.00256176231689681 -0.0299502552100607 -0.23219716738483
0.00534838147134103 0.0208442108880936 0.0179103050513214 0.145954502543177
-0.00112057090826017 0.00128971768501052 -0.191161493575214 -0.017339717510724
-0.00313526487070784 -0.0110989719954614 -0.171672889735399 -0.427452744861474
0.00702474904959917 -0.0250612549108443 0.402410804389547 -0.510162068103839
0.0610172158973022 -0.00662649274158798 0.852900064343931 0.194748012497635
0.00518583176757797 0.0520858323453711 0.305824143914893 0.933339584266259
-0.0213943444349909 0.0381083331586728 -0.31689538458266 0.598649726001956
-0.0200199282141591 0.0297466818735739 0.087731095160899 0.012671267753655
0.0159719736287341 0.0589523291417417 0.143301187277295 -0.682656514325127
0.0276944213805037 0.0167460799354908 -0.673031997232089 -0.674113493605311
0.0037329690469915 -0.026049261355346 -0.85001295788938 0.309483879103936
-0.0384330914299323 -0.00815061943098119 -0.0442565284092189 0.722553032585647
-0.0226680008452003 0.0184899669105997 0.376066152312532 0.3037022871339
0.00569867157225617 0.00286911898302073 0.222134709386849 -0.0721073274897971
0.014188893520347 0.0031288665336716 -0.0288942748105791 -0.233790159725741
-0.0181647859589941 0.0134459391166683 0.00812075698656525 0.176999662894607
-0.0172859863254113 0.0108790884861015 -0.180427971567181 0.0831268080901925
-0.0181860764103548 -0.00977039411775262 -0.338524922500392 -0.283569277132627
-0.0205612032016537 -0.0425643496398651 0.0839744578337181 -0.628243293585249
0.0212833046004796 -0.0397354107552617 0.776676012120444 -0.295417399652361
-0.00865121781747549 0.0137301333001726 0.69823771967156 0.608004292784388
-0.0193158711707459 -0.0305093556316363 -0.087405997869006 0.702741098012256
0.00635828115087159 -0.0503267477661562 0.0113296477417864 0.145737011854233
0.00511127451985663 -0.0197526398538179 0.348322063973974 -0.539950371210607
-0.0191794121513002 -0.00980425530002938 -0.267691708071773 -0.965937446119685
-0.00236996606141324 -0.0291601595679947 -0.944312758889473 -0.194986965192578
-0.0282079504514018 -0.0448770711129926 -0.408409219658151 0.639557817976044
-0.03826690731154 -0.00388622348303847 0.240551173441999 0.453652237303485
-0.0191382510786668 0.000143187306633787 0.267779340445741 0.0413063287163797
-0.0130375089366299 -4.0594998493293E-07 -0.0184040581259235 -0.185770309736135
-0.0180157324243949 0.00915051900823089 0.0105569866038415 0.172579802812031
-0.0238469698727158 0.00881945812730812 -0.184798106505001 0.0654482499597395
-0.0215327444876567 -0.0126070042626962 -0.315164324986531 -0.311899174670254
-0.0177799661316671 -0.0441099217492037 0.143558161688541 -0.622461094751713
0.0212450302557939 -0.0356882413360827 0.815512917500344 -0.222133590323563
-0.0211078645198723 0.00740556109427015 0.646170985302094 0.678997651933056
-0.0163617236744908 -0.0473410146730985 -0.137103979803733 0.695580436670183
0.0165752615507411 -0.0635947288463888 0.0218481296965913 0.122640737982034
0.00593975185088722 -0.0304142672276715 0.313730683074792 -0.573393927772563
-0.0234727427249963 -0.0154379384015454 -0.36155948286057 -0.927384316799555
-0.00901970112696866 -0.0290660380248925 -0.946038546459847 -0.0926685200075557
-0.0317245984033176 -0.0426483329001762 -0.338269370869355 0.675909416948593
-0.0396257404440428 -0.00214452626411031 0.276339693787297 0.430582315469395
-0.0206301188990022 -0.000663202354504063 0.265397269151808 0.0191672756486112
-0.0105025054115097 -0.00702497548550837 -0.0238704190024063 -0.193542807559678
-0.0153789266000271 0.00880197234152571 0.0100384731995457 0.166086227143496
-0.0247542037696436 0.00135528421284986 -0.182766666264509 0.0470585655105283
-0.0194804213021192 -0.0172506754456559 -0.27298639383755 -0.351494286130969
-0.00942225720601513 -0.0422492135563715 0.222212152948386 -0.610573618955164
0.0243961771117882 -0.0297186490402891 0.844139723363646 -0.118467254331562
-0.0251491810736587 0.00425219278349616 0.566771178872297 0.757342615245921
-0.010269061098264 -0.0556011581148917 -0.190163818582227 0.674351234938729
0.0227777251861176 -0.0681892611878823 0.0355293250650286 0.094761005369167
0.00612039204450279 -0.031997532023884 0.267966392764615 -0.607381873464988
-0.025055739203247 -0.0138252177567431 -0.463992343408099 -0.867565436329839
-0.0129084552153521 -0.0281932806379965 -0.936379255533582 0.0282758992461692
-0.0361817794839579 -0.0367518636617858 -0.25113076252964 0.703451945177639
-0.040530625864473 0.0023399096362607 0.313148791266445 0.398057093982558
-0.0213991113516254 -0.0015143573716676 0.260563744840063 -0.00545791746716977
-0.0079076145822405 -0.0100337856044958 -0.026318833333356 -0.200625782860184
-0.0116724655289195 0.00722645443319162 0.0129311585142741 0.15879274169907
-0.02469890736536 -0.00110000686270611 -0.187575526745227 0.0236687873696846
-0.0173853187284077 -0.0190848020498036 -0.238178917886668 -0.381807680818732
-0.00413177136398246 -0.0405824498211629 0.294883950861159 -0.583310528399989
0.0289282333555282 -0.0243659561091765 0.858719405866227 -0.00474297502062287
-0.0253413026121211 0.00365454165968348 0.476392964326425 0.831740110498982
-0.00473572569503064 -0.0538179089730135 -0.244909361393989 0.65347664062911
0.0236699774253865 -0.0643541591868064 0.0515771696968243 0.06399687304397
0.00573797342860077 -0.0263765196428754 0.215566946904105 -0.641664406338199
-0.022424397159657 -0.0096972416936724 -0.561722146188916 -0.796251521084168
-0.0155233913774531 -0.0264920968613643 -0.910341565124781 0.150749687349377
-0.0393638132589562 -0.0287466027715635 -0.163922992040862 0.72227004200673
-0.0395049255435437 0.00800984349603329 0.349036200477297 0.36064687437718
-0.0191198021604252 -0.00182866018741648 0.251067929624339 -0.0321125218331996
-0.00332724259212071 -0.0119285701490107 -0.0306876859908393 -0.210039948412012
-0.00771556084972195 0.00921879095638102 0.0134095021038868 0.152316062388942
-0.0218401959481434 -0.00335879664298258 -0.191313940014903 0.00154985769403278
-0.0142977507042708 -0.0196689862305644 -0.203147049919255 -0.409335210675828
0.00185358715559877 -0.0373814416720416 0.359876399843813 -0.547383826302691
0.0354216609208387 -0.0187016348830818 0.860784458408249 0.104480022754749
-0.020638574549529 0.00752355688186591 0.379363597860725 0.889915474669649
-0.00131625138172936 -0.0427068551656889 -0.290742520901234 0.623836225531501
0.0196736342745071 -0.0503125905763494 0.0692692343606189 0.0344856076078025
0.00673694489445379 -0.0111022468907967 0.166339180529673 -0.666651234727776
-0.0146768864314668 -0.00322756448059179 -0.641004677831354 -0.719076352985366
-0.0139474583320988 -0.0243606406014608 -0.873549985383688 0.25619055376856
-0.0409737886020925 -0.0201596005125806 -0.0797360025003511 0.728769062280969
-0.0361308705569796 0.0140537536082893 0.374945286757703 0.323325373782205
-0.01393093213032 -0.00137249788317306 0.240630399505271 -0.0562698670184596
0.00181982486060504 -0.0106154043536073 -0.0314182652760964 -0.218657489299023
-0.00239912024334976 0.0118022545801099 0.0147202016132907 0.148516103298453
-0.0160658261628713 -0.00391701201186411 -0.191454768569051 -0.0133889073925549
-0.00970643213147529 -0.0185114952923279 -0.177955447860475 -0.424235054727106
0.00601353964957633 -0.0332217011958108 0.401180399333873 -0.518372614596603
0.0442266297367477 -0.0123058190911507 0.857569570407357 0.180100518124121
-0.0134845526105504 0.0198537438275601 0.313273637476003 0.926829262558857
-0.00452066565175977 -0.0202235034569654 -0.315210149857166 0.603770373801464
0.00925807788827208 -0.02707930079491 0.0812862225202678 0.0135909702195028
0.0106144055833761 0.0101709316073745 0.131834635881884 -0.684389475765143
-0.00155869904908249 0.00400000583947564 -0.689365432859158 -0.667746064050229
-0.010232821764348 -0.024110491397122 -0.845447571185592 0.320551769555085
-0.0414359575477673 -0.0124618575080598 -0.0292435918322759 0.729019446288459
-0.0312213718356889 0.0173703973658991 0.388283102467777 0.29812840075177
-0.00713487426812862 -0.000222207116920749 0.230388892619227 -0.0734737941353826
0.0073817073364431 -0.00708507892742888 -0.0328229971833927 -0.228050108137026
0.00303432055578181 0.0169977049671092 0.0167861717457341 0.147161752385687
-0.00894242351145674 -0.00244594213182094 -0.192341070733322 -0.0183842480475262
-0.006619289914349 -0.0148131523621096 -0.169141163263117 -0.430426997003387
0.00783254603568257 -0.0287974022099483 0.414140415953766 -0.506384590090874
0.0529551567424745 -0.00840770098709599 0.852790019239667 0.207784976105924
-0.00457403993351855 0.0365302493828292 0.290619560392075 0.93795879435521
-0.0119744868925122 0.00857696536045126 -0.323247077937066 0.596820338028397
-0.00445826015834357 0.000928701899700962 0.088238511928042 0.00609080941327942
0.0145276848682898 0.0346085513454844 0.123781956194126 -0.687835172573976
0.0138714365793862 0.0102756966707092 -0.699726349089847 -0.649225302496244
-0.00425641221548786 -0.0247565605000221 -0.835271585407743 0.341892519383714
-0.040311394869897 -0.00932679942500092 -0.0147939498284692 0.727670668593402
-0.0270695852035905 0.0186566675991644 0.389596866450035 0.291276729322736
-0.000782596301082947 0.00065373818171215 0.223335325195472 -0.0801479618430259
0.0113892018619854 -0.00237929307046315 -0.0327827601661103 -0.233018399611379
0.00674358491950374 0.0215200922131093 0.0191075982888985 0.146846652830836
-0.00138985849637825 0.00064459023303199 -0.191436717201616 -0.0148494934573765
-0.00397854681143852 -0.0111384372791898 -0.178165765072405 -0.427315534026291
0.00728958639812629 -0.0258217574763227 0.39709184027331 -0.516088739040481
0.0606155199964881 -0.00780920318679565 0.859140019153057 0.184919149936753
0.0052868648117699 0.0523805378814048 0.319498562748805 0.932967447481661
-0.0201705869147317 0.0388160770002136 -0.309940306266194 0.604634476997838
-0.0192786823428785 0.02874935222116 0.087555252606034 0.0110514016054639
0.0172157201310678 0.0586691321638595 0.136829450571414 -0.684355212774538
0.0277589910837894 0.0167708882832952 -0.683558779194939 -0.666102981880042
0.0038844639499278 -0.0256163626043192 -0.850187328859933 0.321442505439662
-0.0385266299448018 -0.00823389198991032 -0.033789895119828 0.726349822366322
-0.0235086383906617 0.0188610268469939 0.382212328743813 0.301437573722511
0.00566836514665696 0.00310761389255772 0.221878525304346 -0.0754393551872484
0.0142833862834108 0.00342000928081597 -0.0322457708978451 -0.234907638278751
-0.0174706930948148 0.01481157250491 0.00986277481906885 0.178066229951693
-0.0169330774264416 0.010865476970202 -0.178556102684819 0.0860661111070097
-0.0183090780552127 -0.0092346554114974 -0.341841872747467 -0.27977259417264
-0.0206503942953994 -0.0420940113246715 0.0745969813793449 -0.631325193002051
0.0202524055037973 -0.039956511163209 0.773961393856919 -0.307591968872298
-0.00918007711215374 0.0131913043023213 0.705583627310633 0.598967134014564
-0.0201993368117109 -0.0301280242829969 -0.0794760828352567 0.706627383971175
0.00597859611960551 -0.0508669380639964 0.0131198506802396 0.146126439385581
0.00521326723677925 -0.020021065277793 0.343343931345871 -0.545173064643652
-0.0186781517202112 -0.00960085396644002 -0.27997491377723 -0.963962317318476
-0.00287417383290092 -0.0289059102300741 -0.947679300159509 -0.184036331263787
-0.0293249868821968 -0.0452080502447528 -0.399322492215656 0.646598684040076
-0.038599278978017 -0.00322639515093074 0.246996978622889 0.452991050243112
-0.0196055561723784 0.0011212498358372 0.268791115504618 0.0374375618268745
-0.0124674204433046 -0.000146942259527858 -0.0209197596246808 -0.186286033930659
-0.0174494973543033 0.009454361197237 0.011780167451689 0.172817963726314
-0.0241140061654766 0.00916203622592114 -0.183843606508746 0.0686219476028807
-0.0216034835580145 -0.011972760691908 -0.321344362465335 -0.308703326467691
-0.0179291514583999 -0.043035173342293 0.134450014417383 -0.625214180155451
0.0209621977281847 -0.0353453238067936 0.814275697972521 -0.232186632106047
-0.02140537537298 0.00799726185980424 0.654961119697107 0.671987245780041
-0.016433681522969 -0.047412875058825 -0.128143519211716 0.698649197131856
0.0157012789366314 -0.0634314010514413 0.0236070742741681 0.122754671261935
0.00611493982452782 -0.0310656455963416 0.307356022955452 -0.578043465601175
-0.0235147034407039 -0.0146580086536429 -0.373633577652221 -0.925432544920285
-0.00858873433978546 -0.0288492186179872 -0.950210376939992 -0.0815006094997875
-0.0329344719842405 -0.0427628663768852 -0.328170583373787 0.682449142487735
-0.0403549511892335 -0.00170737679446876 0.283995539930141 0.429378857629398
-0.0211103312764321 0.00011916033803951 0.265944665222662 0.0150368294373002
-0.0114853047952211 -0.00671223242799055 -0.0260431147113292 -0.193523098824133
-0.0147278211043723 0.00964152759779588 0.0118995997367776 0.16703752613709
-0.024299830115967 0.00162100476468927 -0.182110000346703 0.0500732233568912
-0.0196923829162629 -0.0168660958955169 -0.27816553481373 -0.348974576394245
-0.009981388153351 -0.0418563652269717 0.212855371928939 -0.615807318061693
0.0235069061642152 -0.0307042128825851 0.843994992084153 -0.130190719341247
-0.0253718648645439 0.00454020740228763 0.576776357047203 0.749012296730024
-0.0111289309481391 -0.0556046159469779 -0.182987004804818 0.67898039894077
0.0220232835305181 -0.0694890160127762 0.0368784686041583 0.0929097774181878
0.00647950804534743 -0.0332236148365587 0.261716593224869 -0.611164364090488
-0.0252745370000462 -0.0137419709381353 -0.473797673708269 -0.864176356386353
-0.0135615584165621 -0.0279645228194051 -0.938483989885432 0.0412833162829566
-0.0363232982866146 -0.0368047959142753 -0.242368156575532 0.709141275240913
-0.0407879714883467 0.00294148717599576 0.320847801176563 0.395317360989633
-0.0218737945571365 -0.00154484448222423 0.260786859061927 -0.00928897318793985
-0.00805759421819055 -0.0097234007350941 -0.0287626407891736 -0.200932940754906
-0.0112164247364941 0.00811455819848073 0.0141627204892739 0.159412452501511
-0.0256332119360349 -0.00142131249111745 -0.187042105829008 0.0256843398464592
-0.0182656894167083 -0.0192816084803321 -0.242787601638618 -0.380617676337956
-0.0043234948225915 -0.0406798027686716 0.288511652908517 -0.589210601317835
0.0281967333677861 -0.025185961179276 0.860680882910497 -0.019584926674805
-0.0252077430577372 0.00402268753643053 0.486750240512435 0.824995775574853
-0.00509567139627222 -0.0545783553693227 -0.236161717001976 0.657288329406161
0.0232407973669257 -0.0648412106617373 0.0526085217049291 0.0639460038901746
0.00618254041952632 -0.0272937756249257 0.207470488838645 -0.645489770831329
-0.022623390569968 -0.00912514980339325 -0.57410508577045 -0.790241463406351
-0.0152057188173893 -0.0259338390473879 -0.909770934618945 0.160447537463854
-0.0392982965437753 -0.028579847216479 -0.153087155737205 0.726072327270107
-0.039023697842858 0.00878039955123403 0.356520342985233 0.356610824559307
-0.0190223447847748 -0.0010170883300368 0.251613333240067 -0.0362532670178678
-0.00330272105792329 -0.0111879932126549 -0.0333532342263532 -0.210871341176406
-0.00630894830494433 0.00927511564675395 0.0145372136879146 0.153256639302201
-0.0225518840098035 -0.00326800192122808 -0.191191214794637 0.00438785587992427
-0.0143238816062509 -0.0197640393055395 -0.209264255545653 -0.407331706412307
0.00153927843992011 -0.0370866983570674 0.35245127547132 -0.553591386631386
0.0353195960068502 -0.0186489436411642 0.864532514754754 0.0938505241225863
-0.0207351131879458 0.00857586736352178 0.391227895636589 0.884276381430268
-0.0015667957597209 -0.0433171228706925 -0.28257647981592 0.628677598514946
0.0194425081664167 -0.0508451461258414 0.0692688507425959 0.0334262201863529
0.00696021876798456 -0.0113155581559241 0.157873091249304 -0.669603564816268
-0.0138424674055258 -0.00263266030589108 -0.653219448965303 -0.713344174258708
-0.0142458074902039 -0.0248675090847084 -0.872358483305456 0.267302947072033
-0.0417446550249769 -0.0200310978333597 -0.0690960741358517 0.731156094036835
-0.0362602993280171 0.0142234805417385 0.381370102969622 0.319758489744341
-0.0146640344341645 -0.0010916489015377 0.24010690092716 -0.0599499341228644
0.00230586695848927 -0.0107149650359961 -0.0344909533867548 -0.219613523078161
-0.00163528752218314 0.0120748801853272 0.016291994563512 0.148643463172218
-0.0166166691940519 -0.00435207039106034 -0.192258529940047 -0.0105158856266251
-0.0104045848135507 -0.0185416904564678 -0.183515024058594 -0.423049008649989
0.00582832182299223 -0.0333180467103791 0.393989619397363 -0.525577639294279
0.0438299367489216 -0.0131602617813735 0.861196766357572 0.16800000994198
-0.0136269849717835 0.0204493684496629 0.324971894458973 0.923072634524594
-0.00425985528215464 -0.0204742446837862 -0.308087502853867 0.60823477013866
0.00896344837833633 -0.0273740541577518 0.0822334173203347 0.0131176051149585
0.010937651887351 0.00950275047281476 0.125240809654994 -0.684695760298244
-0.00101371330975337 0.00391857542432646 -0.698463735368398 -0.660685215676297
-0.0106209316219516 -0.0239936313112426 -0.843163223698857 0.332956527977095
-0.0417344621233975 -0.012820735028527 -0.0189613508495001 0.729984774422893
-0.0315956095182719 0.0183537426995536 0.393263603114613 0.294786755773796
-0.00823700928568012 -0.000228908745137417 0.229501772631896 -0.0765838717481619
0.00696852700455524 -0.00712880231216842 -0.0363569179031118 -0.227955362039511
0.00388500145439013 0.0166722373041844 0.0181239046653595 0.147178941031334
-0.00912994155192089 -0.00266641842920984 -0.192450653452906 -0.0160529820472522
-0.00636287614825088 -0.0150809643853407 -0.174565652607119 -0.42944413825807
0.00749925096206065 -0.0287213124358484 0.40680647110866 -0.512772550605175
0.0527907055001092 -0.00905894469041097 0.858620432233552 0.197783550711212
-0.00483864618053766 0.0364681860679364 0.303092736994607 0.936446983781511
-0.0118584812346163 0.00880456010637791 -0.315855274688183 0.602825875207494
-0.00468312216351845 0.000796784015402036 0.0890938890261286 0.00488659770905114
0.0158069746521078 0.0340204156390286 0.115613853902195 -0.691615664940949
0.0134152926254939 0.00996626362573724 -0.709986329860568 -0.640880707218966
-0.00476643438852908 -0.0241513364632518 -0.832929175343647 0.354708142030872
-0.0405325187765475 -0.00866085363104389 -0.00198969719895845 0.728525987128307
-0.0270797885450365 0.0196591747152285 0.395225465922553 0.286395550993646
-0.00124341986012659 0.00105376276194658 0.223400030665447 -0.083422675302015
0.011205929841601 -0.00211158272618727 -0.0357396147937622 -0.232848670857924
0.00701355254954497 0.0216674489366348 0.019793589414979 0.147308774678176
-0.00162384384189872 0.000658542770403231 -0.191536921825118 -0.0128192698455032
-0.00360078644400447 -0.0112302551248775 -0.183455401176558 -0.42599737433508
0.0077645498698801 -0.0256226574310782 0.389814639119221 -0.522343505555821
0.0606476052858508 -0.00854279886383921 0.863252495314581 0.172796684396255
0.00586409461270753 0.0529747188034346 0.328843673213734 0.930341679784223
-0.0198058585625233 0.0382401452066911 -0.302643615227076 0.611106663469936
-0.0191678432139735 0.0284806931651933 0.0890488397899091 0.00967529545251314
0.0186569430378949 0.0583981560281484 0.127702255605682 -0.687620243283512
0.0281900564618359 0.0169121420096875 -0.69479598988011 -0.659009781639922
0.00354518355676021 -0.0258385194974682 -0.846927235768651 0.332534151128851
-0.0389659541108015 -0.00821670109189517 -0.0247230015691889 0.729145378388794
-0.0232465003529551 0.0191351007834583 0.388345646703898 0.296405186305528
0.00547397110652199 0.00384426298143384 0.221776691091758 -0.0786230719458983
0.0140153024405186 0.00373358891765798 -0.0344043120284773 -0.234891416450342
-0.0168361607904823 0.0144360834579272 0.0108857098678115 0.17813147617579
-0.016497358186455 0.0108441515228184 -0.176513175078166 0.0892542087557816
-0.0176890707014625 -0.00921962286005679 -0.343843935991307 -0.274362090861945
-0.0208331650769871 -0.0404339268168714 0.0641932215290922 -0.632921144169949
0.0195210704183377 -0.0409143796552249 0.767967568506121 -0.317896188021098
-0.00841369011141041 0.0128081159099005 0.713331606136499 0.587670707126366
-0.020061657938372 -0.0307477627453428 -0.0684165908371136 0.705346174220883
0.00607235144468098 -0.0519016597276248 0.0154317727330043 0.146330314824945
0.00541274199116188 -0.0203356103225772 0.335536124766112 -0.548824162352664
-0.0190684401753693 -0.00836664560180286 -0.294337607202915 -0.961374753146741
-0.00391637277304062 -0.0286306624698068 -0.951603028625264 -0.172133161548764
-0.0297373586996064 -0.0451283132580188 -0.389648658611336 0.65377965683923
-0.0384437424373587 -0.00273346952351568 0.254767043707848 0.449255466661619
-0.0198285931895086 0.00104685896389225 0.269117441546594 0.033680083711125
-0.012674085512101 7.30222953230705E-05 -0.0234826392679107 -0.185671719782134
-0.0168811887555679 0.0101200978701449 0.0145177720432733 0.173032536730077
-0.0235310418579549 0.00952667551019261 -0.18171014649582 0.0718575846546068
-0.0217668190011248 -0.0117675545764298 -0.324714230455726 -0.303666134642157
-0.0186841690812504 -0.0427461687293082 0.125687767422673 -0.626256086504991
0.0194023437651578 -0.03586338721946 0.807326992835043 -0.243943567155305
-0.0218249726750094 0.00799986654921168 0.66267492797587 0.662383674661979
-0.0170339836590585 -0.0470688964586048 -0.118410203510909 0.699336229580655
0.0155122164314254 -0.064651276017554 0.025337905945643 0.121511149606465
0.00643040320782616 -0.0313827940365527 0.300871112515344 -0.581356074042612
-0.0234941604677353 -0.013755743720712 -0.384945205122702 -0.920824318019165
-0.00933463051872271 -0.028908756612719 -0.949497161080769 -0.0682290471889851
-0.0330636428126481 -0.0419360645842511 -0.316251407527474 0.688337408216257
-0.0408640784213068 -0.00126213144633446 0.289403107226834 0.423744902201409
-0.0215101880524844 0.00110092065094384 0.26623480995597 0.0109978916469821
-0.0108628170552545 -0.00620253771823882 -0.02794218722773 -0.193442762225597
-0.0146572236355258 0.00995845108678261 0.0131806593326578 0.166107836502641
-0.0245140913677866 0.00138730992233197 -0.18034635749918 0.0518770208526876
-0.0198294767143438 -0.0168327474034083 -0.281391325921393 -0.346339440589872
-0.00962576155025496 -0.0417205933302899 0.203114639473915 -0.618441257428651
0.0232731793323727 -0.0309478388203758 0.840438912351051 -0.14181879812556
-0.0257399354440394 0.00496536704311451 0.588336498613939 0.74050562078126
-0.0107420084338844 -0.0557568268527542 -0.173804002903935 0.679452163810737
0.0209829892128185 -0.0697739681635196 0.0385569263791468 0.0934352180111432
0.00642703133377879 -0.0334179048071366 0.25240526361968 -0.614792550293391
-0.0248928619962642 -0.0130675978310971 -0.487085601411626 -0.857268909241428
-0.0137555718108564 -0.027370100889882 -0.93843514512918 0.0547785155918836
-0.0371704599399902 -0.036506274063164 -0.2304969809929 0.714848978254438
-0.0408436620827848 0.00360261752725155 0.328135801902948 0.389591552541806
-0.0216683686489094 -0.000497022317753709 0.261507362467556 -0.0137481630724178
-0.00808595400046895 -0.00925977041900032 -0.0316227987040088 -0.200313545132483
-0.0103150970847103 0.00883631422546755 0.0153095702879203 0.159614531450887
-0.0253645258506123 -0.000765165127434901 -0.185241640633829 0.0292240175037682
-0.0184918434806487 -0.0191791974402225 -0.248891226057228 -0.377900421764044
-0.00433178584355108 -0.0405350188734533 0.278163154908545 -0.591463196419233
0.028385035001408 -0.02620582758966 0.859532685955872 -0.0294178650222986
-0.0254826725299229 0.00422719961924252 0.495842603591473 0.816611536184876
-0.00542665344811 -0.0559704200962939 -0.225575124106599 0.657595367889952
0.0226364102819464 -0.0658259654039467 0.0536499522548323 0.0627975067416747
0.00607261933076155 -0.0268474244459716 0.199572364496786 -0.647917835098894
-0.022023730093615 -0.00877317753137121 -0.583727514302241 -0.782898556831989
-0.0158817323734024 -0.0255896306273942 -0.908463590157698 0.173791828086113
-0.0399970005483025 -0.028601025396432 -0.141093128308612 0.727669989003491
-0.0392038748462109 0.00946436939174103 0.361977459377724 0.351590589522769
-0.0197283074028736 -0.000686767423214059 0.251126451918748 -0.0396566511185648
-0.00333781547773925 -0.0110806250681867 -0.0359245183524578 -0.210244805542436
-0.005749818226502 0.00956046745221001 0.0157406614244345 0.153137227291622
-0.0223863932631205 -0.00383775906686248 -0.190042391579396 0.00691527187679718
-0.0144828332150696 -0.0195641742671809 -0.214969066615974 -0.406087300772298
0.00186599643157943 -0.0377505765514448 0.345545995736763 -0.557819682389343
0.0344521489178519 -0.0197531506201064 0.864893025275689 0.0812035417478416
-0.0209341795307358 0.00894765450519508 0.40295383853414 0.878372957426238
-0.00201678737713384 -0.0430694644677162 -0.273046260280029 0.632902244082659
0.0191601309970364 -0.0525172970321916 0.069967570497691 0.032449313777662
0.0079596192377178 -0.0124499427090888 0.151133872170233 -0.670325897740371
-0.0134557610539341 -0.00193649839671054 -0.662888735235699 -0.704449856319415
-0.0153029058852477 -0.0235238188175095 -0.868233484397886 0.281749019368287
-0.0415538430389444 -0.0191764856274645 -0.0573595191192018 0.731505091562962
-0.0359638734811549 0.0151871165084297 0.385492523823552 0.313925474341327
-0.0148905806551748 -0.000389178037903296 0.23923678220239 -0.0638295739196096
0.00169724508415974 -0.0102475183621831 -0.0372766447113006 -0.219388744181196
-0.00097982818132088 0.0124780025744893 0.0171353609404264 0.14864048406634
-0.0167743302694242 -0.00374985076532198 -0.19176283815441 -0.00718433150096331
-0.0109413879827903 -0.0182432132092974 -0.190041883337283 -0.421217859079106
0.00590745719682739 -0.0333266239859343 0.385596529339184 -0.530392795954402
0.0433789234019998 -0.0137482719257138 0.861391797818787 0.156198594714251
-0.0135609671363835 0.020748760842082 0.336856627985253 0.918360924032213
-0.00416566464662773 -0.0208008764427118 -0.299347535396729 0.612500253499264
0.00903731597469911 -0.0281302899155514 0.0822333799590565 0.0117780325761825
0.0114287217850332 0.00856078061803242 0.114743664107157 -0.68563919829754
-0.00126734017035651 0.00384120294473653 -0.706196556288761 -0.650359655385577
-0.011195794306068 -0.0234262868039065 -0.835581749225097 0.3450614548883
-0.0416197668410055 -0.0126086646154164 -0.00640338338719624 0.729759024570133
-0.0314934740379685 0.0185311777616414 0.397925835192483 0.288511562019442
-0.00828537139396623 0.000728570890003825 0.228282314042168 -0.0805256398448168
0.00686943830075067 -0.00662754806302561 -0.0393908046872317 -0.227446008534363
0.00437728239910115 0.016544602862895 0.0192875676433139 0.147499088108994
-0.00949787845191824 -0.00270759542088108 -0.192099635260702 -0.0131178511069631
-0.0065696904337633 -0.0144525617381943 -0.180643072115207 -0.42852718456938
0.00756908703919863 -0.0291522314617665 0.398792247949162 -0.517638340722632
0.0520612167265376 -0.0104645129677368 0.85961568819035 0.184814349323623
-0.00480074026606442 0.0369074186933063 0.316615045174879 0.931878508088815
-0.0114477544521182 0.00780244643160687 -0.308117789877428 0.606166278713361
-0.00394569377739985 8.77073522922473E-05 0.0878713370546781 0.00334291678328302
0.0168373932478443 0.0336707661333777 0.107350478442513 -0.692164751759719
0.014344483147557 0.0100926228735604 -0.719620317350066 -0.633209185514414
-0.00501744662733756 -0.0240433928383545 -0.82833288047852 0.367611135476808
-0.040573045611165 -0.00844473599360228 0.00957288387273261 0.727502885285159
-0.0265237573872784 0.0202358634565253 0.400121988964371 0.279334178943388
-0.00153997208525349 0.00152434020483011 0.221415360618117 -0.0859720052404449
0.0113072421390308 -0.00173714848676618 -0.0392349078539852 -0.232944453621009
0.00795677653490649 0.0212117911744916 0.021580652110754 0.146951378184217
-0.00191658419861572 0.000648758829051641 -0.191115599394631 -0.0105296010366068
-0.00447056761036655 -0.0113295939052147 -0.189086506661133 -0.426025393034597
0.00784808747674815 -0.0259819345977093 0.382448693677473 -0.527960058297009
0.059740416905581 -0.00936793677280667 0.864021713574796 0.163448335195375
0.00682289950909065 0.0533582367311156 0.342379634321215 0.924686685255598
-0.019154819404716 0.0379444409257573 -0.29371242728778 0.613417729948048
-0.0185401612980401 0.0281301996663587 0.0886166265273916 0.00874975832077995
0.0201018283110452 0.0573247138443316 0.118854897231984 -0.689027148212195
0.0289675417502642 0.0169458778309453 -0.702092366935532 -0.651102740356541
0.00299990244602303 -0.0250165132108806 -0.843785304937733 0.343487349310132
-0.0391652885068225 -0.00744710636795463 -0.0115507479034777 0.729699507576815
-0.0224536521203659 0.0194698491036215 0.393718014750202 0.291406178222103
0.00472682304338844 0.00427613547529765 0.220307934157042 -0.0823232863066801
0.0148489776215289 0.00413682670342738 -0.0376448309230389 -0.234717686728487
-0.0167475895283027 0.0155398910364849 0.0131784948331885 0.17769774874803
-0.0160749451851379 0.0105797964378046 -0.17371659244041 0.091862816038794
-0.0184299695292408 -0.00869946483311106 -0.347571433240596 -0.268840446844456
-0.021336014893273 -0.0404109268095131 0.0553894160224298 -0.631359647962226
0.0184082236694646 -0.0409415622989768 0.760857011032763 -0.326803980840223
-0.00854150511455541 0.0134470470033207 0.717798675395727 0.576436796386153
-0.0196964702914853 -0.0305059871253659 -0.0601515431013229 0.705258007184242
0.00502755043140709 -0.0519855344703856 0.0173747329592976 0.145557484101227
0.00569988532246938 -0.0208147888368113 0.326899608902677 -0.550422189793448
-0.0189089758657699 -0.00763208485505725 -0.305752770887983 -0.954543282521625
-0.00416815449982781 -0.0286398697814086 -0.953360709994043 -0.15537073927284
-0.0306334726637787 -0.0444885967506552 -0.379101353559819 0.659516815934852
-0.0385144148213105 -0.0019291846738583 0.260376114596016 0.443184973083278
-0.0202026226878922 0.00216791549256932 0.269582780213883 0.028715325474651
-0.0125865643105535 0.000737995205140141 -0.0255007340503289 -0.18481722440105
-0.0168599991783696 0.0109856993907059 0.0154199433410377 0.173526609358879
-0.0227950130245365 0.00892984713693577 -0.179866804820322 0.0755552133649499
-0.0216003421340699 -0.0112751458098234 -0.327323195687463 -0.297985844534434
-0.0186510416773592 -0.0413108513102005 0.115010670224736 -0.626955549500357
0.0188675288427958 -0.0359945107059767 0.803596437270739 -0.252982634290876
-0.0218308739817498 0.00843222919532812 0.669889047985974 0.650821046453949
-0.017668656397972 -0.0479979404054725 -0.10925049565955 0.69771336711513
0.0144105627139722 -0.0653937326930293 0.0264685955638156 0.121720069293005
0.00705992295381096 -0.0316051916820648 0.290083632778139 -0.584558024619033
-0.0234658968300671 -0.0131662307549644 -0.396828897286799 -0.913635841135818
-0.00987286579576001 -0.0285563372799011 -0.949637176305509 -0.0512697414582727
-0.0336722436811776 -0.0414762601219588 -0.306576452049087 0.690272630397793
-0.0405974488761661 -0.000334778257167575 0.298709100838391 0.418924919648469
-0.0214373016472518 0.000977902301824186 0.265739877073783 0.00665432460904103
-0.0108070562669398 -0.00558344661934392 -0.0310364706678239 -0.192806902238105
-0.0132579649406447 0.0104242960754164 0.0150127278004283 0.16662836329189
-0.0246220622562412 0.00169773850806201 -0.178419720640419 0.0545014249363031
-0.0199796343929629 -0.0170681221868083 -0.285293380265733 -0.341987474436036
-0.00985610441215584 -0.041374577798833 0.193185830647424 -0.621058650850053
0.0220976680749645 -0.031834509926016 0.834375344826433 -0.152878968084963
-0.0258267641380475 0.00558372842061049 0.594262290684527 0.729885234016642
-0.0123182895985184 -0.0565693035777076 -0.164104502536983 0.681374234631994
0.020070410097738 -0.0707935482378086 0.0392920881156456 0.0926824851272864
0.00667637023603179 -0.0337382329117194 0.245962006338843 -0.616497439549419
-0.0252698869377952 -0.0112254635787967 -0.498062178777678 -0.848658015764995
-0.0139607277852348 -0.0269858626023432 -0.935104696787427 0.0691015450876904
-0.0375173902828526 -0.0356838031221451 -0.218467922230344 0.715706234141322
-0.0406399143087567 0.00430533411349981 0.333910476099033 0.385091489272542
-0.0222352648084036 -5.10803363304446E-05 0.260319145319264 -0.0173931088374212
-0.00815364729742927 -0.00896893322426157 -0.0342631773333067 -0.199267326295392
-0.00996901685431079 0.00863253263451261 0.0171685870638864 0.159952716128797
-0.0252325427237193 -0.00122385905970418 -0.18341568368339 0.031391539765305
-0.0186550763456558 -0.0189539550051455 -0.252672055763045 -0.374394815056666
-0.00443360868178064 -0.040051619421674 0.268435971867356 -0.594966578169494
0.0269750729910813 -0.0263698761072508 0.854921390681733 -0.0394679774440619
-0.0258542650290762 0.00501422463595177 0.506549187471319 0.809471366172293
-0.00614101088858308 -0.0556641720928571 -0.216893648984676 0.66023897882806
0.0219224778469211 -0.0666565827140167 0.0545103893393248 0.0618008626347296
0.00629338890310277 -0.0275641166053662 0.190669170539568 -0.646845091946656
-0.0219074915366438 -0.00778771837347012 -0.592968353807875 -0.773414799771012
-0.0158768052117402 -0.0250715472194134 -0.903697049735321 0.187443658552836
-0.041031771959405 -0.028034806045909 -0.130650970024636 0.728890996629632
-0.0391400413089099 0.0101168771865974 0.366441362414006 0.345091734373371
-0.0194044431605652 0.000200859487376016 0.248703746812371 -0.0424869551400486
-0.00350553318297519 -0.0102672644364552 -0.0382310639964447 -0.209070320787616
-0.00513474156362728 0.00932757503804021 0.0164750775537481 0.153428377475175
-0.0224615852327972 -0.00417331399342047 -0.188519799131508 0.00995518687662717
-0.0149160265661476 -0.0191703110884901 -0.218406031354926 -0.403247852575614
0.00128281108626559 -0.0367798742241235 0.33511099125203 -0.560742911234396
0.0342589368815233 -0.0203927755020908 0.864562001870961 0.0696624022562009
-0.0215848089158611 0.00875803319730734 0.412076243808005 0.872749337441133
-0.0024280918978169 -0.043954147341275 -0.264445249734891 0.635184538912122
0.0180297804242374 -0.0526366603522132 0.0700948260664159 0.031310674337944
0.00786532339502019 -0.0138158937780354 0.141543724338982 -0.670232435443993
-0.0136718538249198 -0.00148773158613999 -0.668849068734084 -0.693255106740258
-0.014910560952408 -0.023369264348452 -0.862400760904281 0.290846380406324
-0.0418256186648872 -0.0188188721522946 -0.0462103468943143 0.731397606059554
-0.0358819357559153 0.0152287359006973 0.39043834785244 0.307203317957053
-0.0145989283734465 0.000535811162849328 0.238243674482583 -0.0676486731537378
0.00138123267318334 -0.0091332485092553 -0.0404090180143718 -0.217834552303566
-0.000193091968178135 0.0127777375160827 0.0184114178887942 0.148309980075977
-0.017451175427625 -0.00414213030620436 -0.190682937880767 -0.00413510162210494
-0.0108143622056141 -0.0181466494241247 -0.195085717185319 -0.418777893849304
0.00637876389147272 -0.0339918065047043 0.377152724336933 -0.535177402219964
0.043071351771498 -0.0148001982485645 0.862768589511771 0.143950881207207
-0.0141783934539171 0.0213618759282862 0.349358070253449 0.912116854079625
-0.00425720596082534 -0.0215544269055484 -0.290909729474361 0.615399726062924
0.00850834879051078 -0.0294009569778088 0.0814588566112259 0.0105064541580621
0.0128859071232097 0.00812055128511429 0.107341593859689 -0.684978289527746
-0.000553598223410993 0.0049764692079618 -0.71451665145854 -0.640510167838906
-0.0112522823245426 -0.0231385564681475 -0.832179631346532 0.355893073145677
-0.0423027927858185 -0.0121517255497634 0.00601900828217196 0.728607538481484
-0.0311521421329944 0.0186523779415475 0.402646255213258 0.28226924448274
-0.00835704382436222 0.00108563912573243 0.226375470290172 -0.0830840369688848
0.0069196494604265 -0.00687047089993942 -0.0423720648341361 -0.22614188095548
0.00575097549757371 0.0167143819579531 0.0202608304939255 0.147351466990166
-0.00992093090522896 -0.00267000250746251 -0.191390371694021 -0.0103760923327031
-0.00767419962505679 -0.0151361196485539 -0.187218667490214 -0.425746611749624
0.00736673446841408 -0.0292785866033755 0.389696748247483 -0.523821361459208
0.0513558184585098 -0.0109012106455624 0.860113897937447 0.173285118459289
-0.00416326899370651 0.0376761034397935 0.326502332519476 0.925391352335676
-0.0108912778686889 0.00788413015164107 -0.298328211120827 0.608929009055896
-0.00421601207936784 -0.000564001128581239 0.0887226804633798 0.0018853909132818
0.0175936065758041 0.0326704522467171 0.0980281698283343 -0.691701965282565
0.014861862354737 0.0106145365545573 -0.725638383401608 -0.621547089393372
-0.00557037601989374 -0.0236153350699105 -0.821690261036604 0.377189321847454
-0.0414379709524603 -0.00790535060948 0.0199195577968203 0.72772032615624
-0.0262633654089485 0.0203498198924509 0.404204025352659 0.272184137495863
-0.00175947901516234 0.00233287431459565 0.219276527875394 -0.0897071617438231
0.0115596597419413 -0.00111733062791954 -0.0427904102174348 -0.231652610294634
0.008582968763548 0.0213857134316305 0.0230615087945973 0.147475025798254
-0.00193242684148604 0.000124347194300496 -0.189279571119883 -0.00753786936250584
-0.00425165498448191 -0.0114056291172396 -0.197552394020138 -0.422296994413761
0.00701738891966944 -0.0259142342916267 0.373783933356853 -0.532743989530465
0.0588367383859999 -0.0104767570100626 0.864860027089449 0.148411090962306
0.00688975063741934 0.053698132518106 0.352298897369536 0.918991629401797
-0.0187379190143668 0.0378509994367554 -0.285468172037511 0.615614442645715
-0.01807785405384 0.0275395293225522 0.0882562172002949 0.00736874810639746
0.0214344351103732 0.0563713962546944 0.110802375795014 -0.688164531757292
0.0293067133051933 0.0160938530363258 -0.709881490170939 -0.641163635077391
0.00206935144476187 -0.0245641924174986 -0.835745002986043 0.357321263126338
-0.0399341728362864 -0.00685417070376164 -0.000450480857576514 0.727617772173863
-0.0231106167188248 0.0198904591708556 0.397844234116721 0.284270299255432
0.00488939561988641 0.00472452740682779 0.218509548097347 -0.0853664560366968
0.014326747673384 0.00336995837026053 -0.0409204880386019 -0.233227954521777
-0.016256613198866 0.0159532603619598 0.014573289438018 0.177802674031013
-0.0155304065010928 0.0113681788606148 -0.171192698099593 0.095035307560777
-0.0179260666283623 -0.00870452534756827 -0.347671304555564 -0.263978056092309
-0.0210117274794487 -0.0391456707737898 0.0462651820542536 -0.629957079817055
0.0170662848349664 -0.0409257864680227 0.753345056129339 -0.336135195016966
-0.00874122634336134 0.0125698982923393 0.723473352741593 0.563143383301044
-0.0200559975768275 -0.03032153416879 -0.0496456800073788 0.701914603155688
0.00429256976798277 -0.0521655176112035 0.0199992792666725 0.14500435474942
0.00601444282020552 -0.0210826410421653 0.318876234672403 -0.552593800229444
-0.0180044516467446 -0.00794236364238522 -0.31947066088613 -0.948095467588798
-0.00463042027269044 -0.0275000627236101 -0.951477339239142 -0.141812933798366
-0.0318135396751535 -0.0441506886438036 -0.366881261483486 0.662541194463782
-0.0376944065029932 -0.0012977883012033 0.265595916344165 0.438298488719352
-0.0197815495847658 0.00324176842433926 0.268822780013342 0.0246754987433341
-0.0125641682605247 0.00085682600151642 -0.0278134382805226 -0.183829528501151
-0.0165836954231038 0.0115434857619068 0.0171089492038283 0.172446669497418
-0.0225775037451842 0.00956840155286507 -0.176557314859483 0.0774792528873197
-0.021581702634562 -0.0112518504029568 -0.328834831510359 -0.292025176096312
-0.0190325110257504 -0.0412121794799345 0.107033458147775 -0.624602884786878
0.0180258202837033 -0.0365799291674661 0.795064825980945 -0.262020510736477
-0.0217976229932915 0.00897006868574911 0.674568636265539 0.640845085125585
-0.0175455753658816 -0.0483873399159678 -0.0980703535525901 0.69671349330772
0.013519354097997 -0.0655826042168721 0.0284162061735941 0.121034374034168
0.00715838331214288 -0.0321680596775617 0.28340177517375 -0.583881400133131
-0.023264744871273 -0.0122302474231487 -0.407607414228424 -0.904104183962632
-0.0103854529822388 -0.0288002053963513 -0.946556867504162 -0.0388643792552696
-0.0343779466884656 -0.0411622583072037 -0.295504561494483 0.692817445702912
-0.0399122046567789 0.000776920228204892 0.302558638323379 0.413558086518448
-0.0217934615510567 0.00209248017580764 0.265021232155573 0.00280820906388863
-0.0110332999622624 -0.00547173789349956 -0.0329525948792323 -0.19062676726171
-0.0131659308563848 0.0105631432130313 0.0165636179263866 0.166091567998395
-0.0240906437910629 0.00166457315954708 -0.176036413736421 0.0568402352580016
-0.0203084614521351 -0.0161783862891755 -0.288694150678782 -0.337062080798102
-0.0108892620084346 -0.0407858719875381 0.184331005798191 -0.62044653172468
0.0209919898399732 -0.0318889324965894 0.829564670078893 -0.164650072599569
-0.0257632740426693 0.00578057706864528 0.601481004724981 0.716850794373474
-0.0122884148079233 -0.0568063333921492 -0.154760176804509 0.680965415150606
0.019447815049015 -0.0709880679541952 0.0402030238051431 0.0917237393000909
0.00645537919365095 -0.034241818873349 0.236843165182317 -0.61612732350159
-0.0249658960152736 -0.0110669476037799 -0.50798726525135 -0.83985307911346
-0.0147924021583973 -0.0266259987863078 -0.929494341545228 0.0819661717918705
-0.0380732700558356 -0.0357098127496642 -0.206394557312363 0.716518846398007
-0.0399658803263243 0.00494358954188562 0.33884891203309 0.378799723045347
-0.0218818482918253 0.00107585363285768 0.258250071610788 -0.021276309058816
-0.0083489238240295 -0.00831681577996714 -0.0362583470864116 -0.199316119912665
-0.00940372793757413 0.00929786722249883 0.0185205849350684 0.159364609075409
-0.0251590006230608 -0.0014491188712583 -0.18215340388018 0.0337790641977203
-0.0188303213965259 -0.0189089574241745 -0.255468409132549 -0.370031840962523
-0.00448004175281447 -0.0394583905089126 0.259901715090041 -0.596030679345797
0.0263498707810242 -0.0274178175863833 0.850698013103623 -0.0525177334157467
-0.0261637925774242 0.00530958312971417 0.514552570489373 0.798493437306554
-0.00676142789435173 -0.0557127753322458 -0.207305643588089 0.660773069482837
0.020605328343554 -0.0669871426732798 0.0547276680022016 0.0603687167445035
0.00630212781469724 -0.0276909699266105 0.182983234112525 -0.646324858974298
-0.021887118217088 -0.00692744435021428 -0.598735510466048 -0.763713966403491
-0.0168048973503716 -0.0251895532926541 -0.896757513995542 0.198261143559018
-0.0404441955842878 -0.0278089064303362 -0.119531326371905 0.72887079903446
-0.0384369569590033 0.0105457547838389 0.370060528773808 0.338350165483924
-0.0199827359079007 0.000643056549683402 0.24783215865312 -0.0469528649406651
-0.0034503578218909 -0.00979326865488943 -0.0405195907680974 -0.207869533806926
-0.00455245721019722 0.0103795944747089 0.0191332658419992 0.152531882822452
-0.0226157991684724 -0.00310363329157958 -0.18607244618042 0.0123586263827308
-0.0150878815809531 -0.0192235664544236 -0.223170567413182 -0.398733023080605
0.00126621114035419 -0.036874030903636 0.326195237586507 -0.564734097373938
0.0326573473021756 -0.0210290984354779 0.859800993588977 0.058503259555905
-0.0217033621848943 0.00988935579431227 0.422905315084995 0.862619783353355
-0.00292418465631011 -0.0445105114558102 -0.254298107533021 0.633986867557309
0.0174852538946659 -0.0533482729959436 0.0703961355130181 0.0299715801305172
0.00815349908488258 -0.0135419629796417 0.13265186353661 -0.668258810518002
-0.0139561327991714 -0.00153860906427613 -0.677259351001767 -0.682424255457721
-0.0158868605873252 -0.0222934478002911 -0.855101310315977 0.301880084320194
-0.0423379725139084 -0.018473765553122 -0.0349378882759528 0.729183630170206
-0.0349181002392167 0.0161088715982951 0.394814078591072 0.30055259236609
-0.0150503315311905 0.00104328861645124 0.235653284251533 -0.0704848756355881
0.00124996269857587 -0.00920652576804219 -0.0424425987533404 -0.217056480043503
0.000681410036094106 0.012434591236428 0.0205047849520305 0.148474705732451
-0.0171287674964617 -0.0039665744220914 -0.189273694395301 -0.0023810693360742
-0.0106336478963738 -0.0178523217568579 -0.198760218039036 -0.415913908107159
0.00545889503087755 -0.0332415660781597 0.368035128635873 -0.537793132169447
0.0415788259551422 -0.0153866271260924 0.862503945926943 0.132213984424626
-0.0139065609376872 0.0217836569153443 0.357613822863781 0.902532321344523
-0.00460444094742391 -0.0215448452059046 -0.279832334310578 0.615648545951817
0.0085114362355843 -0.0298357429540092 0.0813641743266991 0.00899012820475908
0.012351111434301 0.00805528321821083 0.0993655910286931 -0.682228039555927
-7.70297927053347E-05 0.0049221071513969 -0.720740397411112 -0.626837124324894
-0.011882486290065 -0.0220572353930708 -0.824090041350836 0.36653120053491
-0.0425466774001283 -0.0116371581030398 0.0166306120043312 0.725014929278536
-0.0308841947311519 0.0200550995129306 0.40567917588532 0.273835621715985
-0.00869974679431229 0.00166467895072067 0.224138532975557 -0.0864458394789175
0.00633061878370029 -0.00624652814087552 -0.0452697532873248 -0.22448951868621
0.00545224951510134 0.0168881345644162 0.021815697093731 0.146933639433172
-0.0105655756937822 -0.00263798206845275 -0.189305592130751 -0.00875838309302007
-0.00741779773493159 -0.0150414976020952 -0.191630974421413 -0.423487463755412
0.00764206937686039 -0.0292136533936854 0.381113221680893 -0.525961721215507
0.0506734769007379 -0.0115046307669902 0.859697222638043 0.161450691479634
-0.00411948170330337 0.0369385570444222 0.337614006276167 0.916222970175473
-0.011575000908907 0.00702358104837123 -0.289537399090733 0.610727089014366
-0.00391949541152805 -0.00103500059629688 0.0882626846950477 0.000850481668830747
0.0190966175767841 0.0316588382498518 0.0874518988945455 -0.690244758464156
0.0156297576816876 0.0110146144385611 -0.730957524388701 -0.609561383502033
-0.00622294631381199 -0.0233461847054876 -0.811863250733267 0.387383684434094
-0.041560276479635 -0.00817141074580148 0.0303282147164853 0.723507760174866
-0.0251455016175309 0.0209386949352399 0.406104633228662 0.266551962972301
-0.00175297235866157 0.00260101590292359 0.217298269123276 -0.0920744894462569
0.0116320862790744 -0.00135022595226968 -0.0454148569186652 -0.230707640752394
0.00971023384901426 0.0214743730985823 0.024617435481829 0.146425832875709
-0.00248248822313634 0.000405252474634684 -0.188309940464387 -0.00554991538817564
-0.00418175507252769 -0.0116430040615954 -0.202053745611394 -0.419617777017399
0.0070903756668905 -0.0258315078231363 0.365257631223904 -0.534046755058171
0.0583039034585715 -0.0113752300023961 0.86345835483368 0.138806156710935
0.00709306175382116 0.0535413778421857 0.361072174249791 0.908304363037313
-0.0176045834155127 0.0365827523465308 -0.276752165619558 0.617530283627475
-0.0178883895034185 0.0269250394625521 0.0880494630756343 0.0059945477437221
0.0218554854168337 0.0549195039236092 0.102423650919524 -0.687000940187222
0.0299551874849601 0.0168175141902659 -0.714907731122013 -0.630005746816396
0.0019741175626078 -0.0244870795967807 -0.82741610467413 0.36716670352402
-0.0402656224762645 -0.00681497633386389 0.0115452965716663 0.725222127631258
-0.022162617687998 0.019917733496254 0.400019203895254 0.276442744273109
0.00517153130780349 0.00497329301869704 0.216228490029085 -0.0878947772452278
0.0142138710029812 0.0041113656978469 -0.043527046336372 -0.231705878343485
-0.015821761311137 0.016887838061105 0.0165314241340447 0.177453523144073
-0.0153523293918365 0.0109631652065058 -0.168415414331711 0.0975037522735264
-0.0178046614704602 -0.00820762443517614 -0.349340006989688 -0.2568591107688
-0.0212339440651975 -0.0379074936514104 0.0353402821787653 -0.624988866819043
0.016037803138547 -0.0413986172319359 0.741609708716569 -0.343679740262504
-0.00901309527839103 0.0133571425952304 0.724250032784666 0.551444044778315
-0.0197533389593947 -0.0305794838326943 -0.039959108923029 0.697888739750491
0.00435572124332653 -0.0526104453033046 0.021169015272017 0.144043151660145
0.00631337712633021 -0.0218950860805683 0.309986982032606 -0.552743780635439
-0.0173102006087784 -0.00674283071450914 -0.327219962198922 -0.938198566348472
-0.00451854920222085 -0.0278184176891725 -0.948393958292904 -0.128958359070384
-0.0310643276952517 -0.0436494156801156 -0.357144813191764 0.66321847966556
-0.0380582245845425 -1.95877650017648E-06 0.271019163549089 0.431009210403029
-0.019762484638912 0.00314608623503405 0.267381970325616 0.0209369255977889
-0.0131465714357725 0.00146683297273184 -0.0298967827519843 -0.182465056196511
-0.0156382886040054 0.0116379266527818 0.01795637629412 0.171140331187139
-0.0216908330762574 0.00933631236089962 -0.174212566574059 0.0795869495558323
-0.0212668094073653 -0.010585566547796 -0.329244377475187 -0.286576942909588
-0.0190167674020202 -0.0404016237792783 0.0956197884878992 -0.622634862006515
0.017066699265678 -0.0369630697174524 0.78534196197192 -0.27189405275415
-0.0215839047202414 0.00948558623023795 0.678425914028589 0.626163558765653
-0.0180139503544251 -0.0482449056776042 -0.0901903260648312 0.694297279760627
0.0125357405630466 -0.0660383051082051 0.0296036705159382 0.119516872910403
0.00727655167768438 -0.0326149691484056 0.275808873555956 -0.583651376111474
-0.0225805677031172 -0.0116347407405227 -0.415532258508196 -0.895933500566287
-0.010258654870352 -0.0276027971655847 -0.943826216156615 -0.0278287270090871
-0.0349339017731022 -0.0413883664422005 -0.284736013397754 0.692960504119942
-0.0400718030830131 0.0015933547780889 0.307275246765424 0.407356788548164
-0.0214926592161358 0.00269068587444413 0.264114116575958 -0.000915173433114624
-0.011208854327823 -0.00546643341996652 -0.0353102804082854 -0.189275456798344
-0.0122840227511854 0.011399809907887 0.0176206603346718 0.165626197172234
-0.0240687257656323 0.00168021099375732 -0.173305865615019 0.0585361431641986
-0.0205873321077828 -0.0158584764678248 -0.29166869217025 -0.332521391904509
-0.0101510570050528 -0.0401353731682662 0.173583817883443 -0.618834934527625
0.0204190662685573 -0.0323705682956873 0.821271073697268 -0.172525333580235
-0.02619214253212 0.00703252506456504 0.606043264877487 0.706728112691272
-0.0133549854945889 -0.0567067729019966 -0.14592590482332 0.677915639075922
0.0178980250218343 -0.0715387042018361 0.0414395796674052 0.0908340696486356
0.00661319032259843 -0.0347947863017652 0.227496946155514 -0.614018254539361
-0.0249952769821288 -0.0103480959535301 -0.51356190532546 -0.828150846220643
-0.0146863455069696 -0.0260549925414443 -0.924332616886734 0.093597595058894
-0.0382800323611641 -0.0353774235718528 -0.196649365711545 0.714901293735393
-0.0396307236679282 0.00626032191796756 0.342489329676085 0.371130873723483
-0.0218285610271 0.00199628107631743 0.257131537025047 -0.0250059621966544
-0.00874399038431911 -0.00833786377237295 -0.0380548827075673 -0.196928691647778
-0.00897281836177282 0.00969805324492721 0.0198268094586121 0.158799124546978
-0.025352908240244 -0.000991499688031604 -0.179302678486567 0.0359386445889958
-0.0183132967032043 -0.01818739768217 -0.259275774196708 -0.365481979229354
-0.00455717841592619 -0.0403552902219932 0.248455616325361 -0.595704188971316
0.0255332682375002 -0.0278081812615575 0.845285693852114 -0.0612403929018046
-0.0255753163691384 0.00584428021318057 0.520070234317072 0.786237821361679
-0.00724033637230189 -0.0559556344741643 -0.197670731756185 0.659767685021745
0.0197364652038624 -0.0677569717478956 0.0555547267328904 0.059477687502804
0.00648233323679303 -0.0286541059291727 0.173621541158172 -0.644978452306614
-0.0217628249397294 -0.00550798038853316 -0.606162105759901 -0.752458081938022
-0.016699264734437 -0.0238094342747823 -0.890036003901536 0.209816760067164
-0.0407893940682196 -0.027317379821243 -0.108010867208122 0.726066866794531
-0.0383910865820378 0.0117632442441509 0.374610117235567 0.33121021039748
-0.0194469659894958 0.000876665507664808 0.245844055436805 -0.049884286565983
-0.00394667453891745 -0.00998131795068211 -0.0434167951532111 -0.206197158231266
-0.00411789022583816 0.0103680365019132 0.0195105967987517 0.152627371110898
-0.022870121847558 -0.00362371620149537 -0.184731601507501 0.0148890659441316
-0.0158607310492966 -0.019018824607482 -0.226581552212449 -0.394359347439729
0.00112540700804197 -0.0368762566511457 0.316025986819842 -0.56460919206645
0.0320560352732555 -0.0214595408012506 0.854026185326494 0.0490430752454138
-0.0213053909850676 0.0105008669101945 0.428224240147944 0.854388799567624
-0.00317013708245251 -0.0448174773991773 -0.245762805891456 0.632661072324979
0.0162225645056352 -0.0535997618625821 0.0705485138252753 0.0292035394421491
0.00799706322359541 -0.0145820719524757 0.124282850359437 -0.666371551128946
-0.0128675115649168 -0.000510768927165138 -0.679946404043813 -0.670905120143109
-0.0159341329390195 -0.0215869293192414 -0.846249809886159 0.311961174129372
-0.042602770475583 -0.0181997103515582 -0.0252410888636477 0.725511554607437
-0.0349115970885568 0.0165855774546338 0.395255832152818 0.293206656756487
-0.0150715978805713 0.00162712851872114 0.233468613139717 -0.0736506132913632
0.00143033035136095 -0.0092955308678175 -0.0452032701749645 -0.215109467618912
0.0013323244681447 0.012694744446601 0.0217122202694995 0.148294310427366
-0.0177237572889136 -0.00390220968526447 -0.186744011178683 4.89601578503675E-05
-0.0113939078257328 -0.0180005460030078 -0.203919223673544 -0.412576320997894
0.00567618431900951 -0.0334442585606691 0.358451510542214 -0.539826383437781
0.0407110049547037 -0.0160350542749829 0.858400249082371 0.120579681631293
-0.013335966251178 0.0222936646871588 0.36664562932174 0.892620677978413
-0.00461473816855921 -0.0213200363344269 -0.271879448575245 0.615018438658349
0.00757021249593415 -0.0294844349988023 0.0813458719512965 0.00850819677536592
0.0130933549279181 0.00666859142558811 0.0903644748878926 -0.680005156923744
-0.000495803544507182 0.00507145929219879 -0.721159661088855 -0.613749240290271
-0.0118414618557209 -0.022130967987808 -0.81428139594522 0.374624873267717
-0.0422764726422649 -0.0109873015947479 0.0277867361224785 0.721140014994243
-0.0303636846902655 0.0201101430558534 0.407467973740569 0.267325934920905
-0.00887927511554905 0.00203977687125127 0.221972558077927 -0.0887221880995667
0.00632047571427587 -0.00597844351140935 -0.0469612998988277 -0.222970439937411
0.00676486197247817 0.0168580866747258 0.0233135122512258 0.146425687886965
-0.0103474374683112 -0.00278535316441607 -0.187866633930294 -0.00645847720807255
-0.00740498524822856 -0.0147598001022012 -0.196923968434209 -0.4189807854907
0.00790339122993311 -0.0290059999035748 0.372169867143782 -0.529175468145469
0.0498402743763349 -0.0119911958590381 0.855813212399088 0.149032960757525
-0.00392455926378409 0.0387084969996231 0.346268677860363 0.906685893906021
-0.0112766357206405 0.00620647600971792 -0.280197063429076 0.609563937528585
-0.00393685345158616 -0.00154994009538827 0.0879420149910952 -0.000442131725193401
0.0188592629260594 0.0311004065271321 0.0791422881027361 -0.685262649887436
0.016171330437831 0.0108876739170594 -0.733304902758393 -0.597420766110956
-0.00619892564627842 -0.0227566753957394 -0.802754229498798 0.396114590812428
-0.0412196540099652 -0.00714028021945116 0.0423498409393292 0.719017181480937
-0.0251831823562353 0.0211728763904823 0.409388861667363 0.259324966293808
-0.00208581742871341 0.00371539933218602 0.214908068729487 -0.0943287971259258
0.0110405694095747 -0.00106541049304048 -0.0468423214712002 -0.228832215087629
0.0104957780088987 0.0207192481487554 0.0257583421220904 0.146458899313316
-0.00264748802333377 -1.40364759022715E-05 -0.186852492904615 -0.00376157526235677
-0.00414719282802564 -0.0112219273616368 -0.206571847078988 -0.415023702738164
0.00742114925373934 -0.0263700429598517 0.355527065500671 -0.536823570559465
0.057151299636916 -0.0119398404654874 0.859667993791252 0.125168764101882
0.00752669460935524 0.0534674436139898 0.372540896734277 0.899126028091316
-0.0174959423109141 0.0363175222064423 -0.267639132545343 0.617264373380268
-0.017610451475305 0.0266194530243097 0.0872946333666227 0.00463334007836676
0.0231826951287204 0.0542496923555738 0.0938914537609185 -0.683460482967233
0.0301358204768359 0.0164635653900512 -0.718037675899108 -0.616632493994456
0.00155269865709224 -0.0245255357017282 -0.81773342483205 0.375789557758658
-0.0396224528040847 -0.00636714403521475 0.0204450638984407 0.721348895672815
-0.0220482823575877 0.020543199707627 0.402193916321159 0.269929386064976
0.00497872736750739 0.00459411561947807 0.213468046617646 -0.0900954179449298
0.0147304350935904 0.00420296463380612 -0.0469635996832953 -0.230255619211723
-0.0152274593646965 0.0167404925917421 0.0170940139499128 0.175741073846412
-0.0149164296533556 0.0108158068832235 -0.164569162841378 0.0987749985967048
-0.0183812284528923 -0.00770720087222636 -0.347396857338282 -0.251248607201452
-0.0212185202912308 -0.0369332865326987 0.0276476177572893 -0.622035328581737
0.0155064194266198 -0.0412147046760415 0.734399659497175 -0.348943329183906
-0.00936897541436692 0.0137693116463346 0.722932471264782 0.54034068247321
-0.0198025982166648 -0.0308595972700936 -0.0334122027524278 0.692901224539284
0.00326517610648668 -0.0529714254806028 0.0221652924856165 0.142588517121839
0.00624436671328444 -0.0224676568108482 0.302202768752294 -0.551596148473006
-0.0169067439462679 -0.00626158497555931 -0.335884763194496 -0.93064566651309
-0.00505802644653366 -0.0272305558874623 -0.942774433513178 -0.116463857192924
-0.0320755815637068 -0.0434667771885351 -0.34618482719251 0.662517573287265
-0.03817922641087 -9.18372401485529E-05 0.275118289587078 0.428055337635057
-0.0201695899077332 0.00408583097862806 0.26631402825724 0.0175347571257826
-0.0122747829614734 0.00217819095079699 -0.0303481116045126 -0.180886269314013
-0.0151266646589159 0.0122084683216707 0.0198808544801635 0.170598466994225
-0.021340079762753 0.00919950201816505 -0.170975669106459 0.0817277452865506
-0.021407073070706 -0.0100341170424635 -0.329663041390734 -0.280448149803292
-0.0189902413883237 -0.0391396644117995 0.0882531495038405 -0.619141139747041
0.0165315170969459 -0.0370374636520184 0.775895270843313 -0.277779949137624
-0.0211146998613844 0.00988100332237773 0.679600506196495 0.614282566480514
-0.0181760147253275 -0.0478220803285935 -0.0829088686160749 0.688614280043886
0.0118518621773082 -0.0659527153672281 0.0304695630596896 0.118439229156934
0.00715405492157535 -0.0332731073358769 0.266874758534965 -0.580776386566987
-0.0227093618098215 -0.0114105119021533 -0.423243412378224 -0.88316980320765
-0.0103133801629108 -0.0268348797888998 -0.937320830127319 -0.0154830632792266
-0.0347694324678975 -0.040350734125657 -0.271838904296425 0.692103778014389
-0.0396446344250002 0.00167445881564311 0.309585110874026 0.399881081872638
-0.0214124236895212 0.00353680102007263 0.260972636983084 -0.00408459517999078
-0.0104962028355734 -0.00488351264952215 -0.0360945829525445 -0.188330502291236
-0.0119140126493961 0.011499351632314 0.0187527837066524 0.164785265375366
-0.024158079657731 0.00190273153641445 -0.170564423485208 0.0599174960698265
-0.0207516313251514 -0.0155119762473037 -0.293302909160435 -0.327588276768373
-0.0100861845228227 -0.0398645999748843 0.16586417607768 -0.615279377519051
0.0197598633976114 -0.0324563052385734 0.811746680789403 -0.180290539620969
-0.0256154272585309 0.00699325684155339 0.608200744960524 0.693928701868222
-0.0135399346824905 -0.0570095892559422 -0.135903232550057 0.674997829534504
0.0179008677952646 -0.0716733022692632 0.0422357979624712 0.0893478214952657
0.00621249846867871 -0.0347692776336927 0.220737135622864 -0.612854762331208
-0.0244682859656015 -0.0088481453779695 -0.518248955063454 -0.816787448735837
-0.0153616272846018 -0.0258010971920782 -0.916993728895639 0.102282243314707
-0.0384398149049578 -0.0352026774668368 -0.185511496867599 0.711239361807408
-0.0399885166598481 0.00590849095030017 0.345509664172702 0.365431214089278
-0.0219757306368484 0.00222362107331862 0.255297772026788 -0.0276543522927247
-0.00860580282809456 -0.0077877562449996 -0.0398349766555336 -0.194593739372495
-0.00753517961191708 0.00918001879447404 0.0206700102757024 0.158217043458654
-0.0249703691447437 -0.000378422253600964 -0.17610709168233 0.037344558625761
-0.0185785293478813 -0.0185114948237958 -0.261019218819802 -0.362050153208642
-0.00428381320511356 -0.0388109841106329 0.239098976516804 -0.593297489212519
0.0237750795254427 -0.027727248537296 0.838729003209221 -0.0699571090488817
-0.0260225086925631 0.0064239710118155 0.52405586072527 0.774446374779448
-0.00775179179238153 -0.0555081320801204 -0.187856292625681 0.656309457910163
0.0183951178666431 -0.0680210467431842 0.0556594540317097 0.0581354582509862
0.00659068101629748 -0.0284546255051257 0.167258503025546 -0.640060062974504
-0.0210815230966354 -0.00503967101936037 -0.609327894965146 -0.739639845146508
-0.0174113944727744 -0.0231767993543207 -0.881346073099254 0.219056073528221
-0.041054569434747 -0.026161042107431 -0.0976173280927709 0.721137374083513
-0.0381893291916379 0.0113241711541886 0.374583291108178 0.325078327033926
-0.0198733861041504 0.00255087990539239 0.242977172716087 -0.0523990683817882
-0.00368637697184824 -0.00945794929915079 -0.0450141581852484 -0.204398710641657
-0.00351381795106716 0.0104382520262964 0.0208932057738699 0.151363156097816
-0.0226147770554535 -0.00352449659122998 -0.182217102105612 0.0162677561536661
-0.0152353845478732 -0.0188969327053683 -0.230022151894558 -0.391176526611445
0.00154632016414344 -0.0362666771535598 0.307476932772857 -0.563907682057494
0.0314662734743272 -0.0218210184930958 0.84823662935585 0.0379173870958123
-0.0218987148953851 0.0109421327346427 0.435501010323791 0.841349217783638
-0.00374122372446696 -0.0446813070435909 -0.237926664286615 0.631792833678233
0.0159891930691057 -0.0537173380524729 0.0699906316862494 0.0274247568677855
0.00886770296228216 -0.0145001890243113 0.115241791612311 -0.662508305025862
-0.0127797564375737 -4.97633702516154E-07 -0.681631885760667 -0.657613514782071
-0.0159464066782876 -0.0215786420680415 -0.836549736304349 0.320564307513735
-0.0421140182469511 -0.0175123954797534 -0.0140830683338477 0.72083400961408
-0.0345020414528321 0.0166170516328972 0.397848673923337 0.285646779030093
-0.0150920217709175 0.00147538602679417 0.230919599639159 -0.0750177315376081
0.00108010809187803 -0.00865732526226758 -0.0473846263245985 -0.213585793703749
0.0017520103954177 0.0127288789992292 0.021961598490731 0.146991420150505
-0.017627439847294 -0.00448378563814312 -0.185033614833943 0.00155768789646106
-0.011767294904984 -0.0175501378751126 -0.208305876209555 -0.408369938695009
0.00600090018601338 -0.0334383854519583 0.349527026951584 -0.539308311206868
0.0395239696092146 -0.0165230613661533 0.852068390797279 0.110934083449394
-0.0132966298369909 0.0228477029473799 0.373539579990029 0.882124059176478
-0.00498790493026733 -0.0220543447621855 -0.26441964608774 0.613638784960737
0.00712631904693461 -0.0304098249735462 0.0816406674071525 0.00706296899981769
0.0135820072093615 0.00593964077555725 0.082318073761588 -0.675793716617381
0.000309056822411599 0.00581226738694469 -0.723866648044327 -0.605171270332697
-0.0120496761414677 -0.0210646974735035 -0.804184343320522 0.381288386337031
-0.0425882482103457 -0.0101093282102738 0.0366125351685797 0.716581962750398
-0.0297905476046216 0.0199802371304711 0.407777719691791 0.260486164977615
-0.00876686766107553 0.00201870306192104 0.219128001283803 -0.0904206463176272
0.00691364786265708 -0.00577167690695694 -0.0491484973589853 -0.220847355801408
0.00720196459687511 0.016583093925817 0.0243379108341251 0.145280895745613
-0.0110012146556486 -0.00319246806731252 -0.185486504929028 -0.00388448247865172
-0.00770612385504083 -0.014968301244078 -0.200899603140904 -0.415387163789506
0.00766234276617863 -0.0291454447930276 0.362595734207055 -0.529093190875236
0.0490818378185486 -0.0126636643042398 0.851165344779801 0.137919252798874
-0.00389760393933426 0.0380882474159123 0.352707765805405 0.896562880025531
-0.0107889776918875 0.00642251347128982 -0.271410976513468 0.608109433584589
-0.00451493563794971 -0.00205770431592626 0.0867323320617626 -0.00158526178394722
0.0195471115269863 0.0290686876776222 0.0746309838921824 -0.681213928387605
0.015931184348468 0.0106193347590108 -0.734899607688028 -0.584341067422112
-0.00608067534878822 -0.0222768950707215 -0.791634599951113 0.403144625258405
-0.0415105585111019 -0.00715915512893027 0.0515442884358634 0.713669842381211
-0.0253765749672388 0.0213641365523528 0.408719186628642 0.252860534933265
-0.00188662431351894 0.00360536856386175 0.212627157420356 -0.0955554520925005
0.0115067560446487 -0.00131432804200433 -0.0495727465812872 -0.226579199798331
0.0111374424211252 0.0206171359244197 0.0264054032691688 0.145525644730766
-0.00263548030097251 -0.000514668012026322 -0.183994922500614 -0.00142623632250489
-0.00436203171895677 -0.0114969877551336 -0.21143876513081 -0.411297118976698
0.00773957307868624 -0.0268702130410023 0.348313059694706 -0.537072349789416
0.0560270833949845 -0.0122105713287024 0.855097305713057 0.114527997289006
0.00786673046616114 0.0538242070062142 0.378962261681522 0.886058055398291
-0.0164246408691841 0.035386357878712 -0.259869922780275 0.614970228112283
-0.0173013785703771 0.0259613170372996 0.0869644215909569 0.00300529900357382
0.0238926162159342 0.0528054505558733 0.0875624394488391 -0.679140279909868
0.0308220971326527 0.0164723331173702 -0.720569157085604 -0.603324204625622
0.0010198163226987 -0.0236999326956824 -0.807651947684841 0.381634833703073
-0.0397076852053345 -0.00607078395958774 0.0287708264815456 0.714768731158868
-0.0215420037209849 0.0206489018952572 0.403895445121102 0.263006031160256
0.00449208375328786 0.00537556632278186 0.211681730261524 -0.0920941313759215
0.0145596967074678 0.00449129441120775 -0.0489146133216294 -0.228362099518494
-0.0144946280335964 0.0163276085912864 0.0185813324031032 0.174907011828385
-0.0142143902356381 0.00987321304944284 -0.160466871252151 0.0989780111375458
-0.0172442445331309 -0.0082448073282681 -0.346904134390068 -0.247828990534067
-0.0207889068838987 -0.0360452479417342 0.0202397532856929 -0.61664068305193
0.0146703897896987 -0.0412391477897403 0.723348080675676 -0.351289197505302
-0.00909944931086307 0.0135772599397436 0.72235794835177 0.526824734232014
-0.0197448137344004 -0.0307934551079009 -0.0260844217511703 0.687313036128417
0.00264449211744448 -0.0531107845263783 0.023969643096627 0.14083097309252
0.00677299652350168 -0.022935014723039 0.29580299907061 -0.548504424421015
-0.0168046467628522 -0.00530266690559426 -0.339843776268199 -0.917300207875722
-0.00535535647732195 -0.0268355097448339 -0.93608422589594 -0.107679932134126
-0.0326704823021693 -0.0424206885020318 -0.335709620333272 0.660406221861238
-0.0371235098463431 0.000595728738272803 0.278014291054262 0.420386944257844
-0.0199343948890332 0.00492004234886087 0.264336054078345 0.0139586944716254
-0.0119941525198235 0.00153703784500383 -0.031866712713508 -0.178796071955763
-0.0146906132663456 0.0122689866997746 0.0209469922368181 0.169445728207096
-0.020837813828361 0.00908274640335128 -0.167081750776875 0.0828678280473133
-0.0212587718113057 -0.00992432429355486 -0.329790838170697 -0.27605085717073
-0.0191259941710869 -0.0383832217677223 0.0811092633356027 -0.614972252397741
0.015512506785552 -0.0367390161299902 0.766323827328518 -0.281270782148325
-0.0210791458852408 0.0107351772014275 0.678387715376914 0.601295497450465
-0.0189427808411181 -0.0484432369733126 -0.0752097317836171 0.68330710934488
0.0111470461235535 -0.0665247569817861 0.0316369759608019 0.116823464212469
0.00734830322599219 -0.0331029011895698 0.260125098971823 -0.578857609145146
-0.0219700202872413 -0.0103631472834818 -0.427949883440605 -0.872020366846583
-0.0104939309135002 -0.0268261674965829 -0.929380615970248 -0.00692227282985536
-0.0355813903091774 -0.039820589358787 -0.263173060616937 0.687916545997561
-0.0389602481347189 0.00308271093504463 0.310921365164105 0.393203802334035
-0.0213171103709578 0.00344651645678623 0.258768798769244 -0.00690871721320654
-0.0109387709341254 -0.00424307856754967 -0.0378941589621453 -0.185767501139592
-0.0109247352504433 0.0116600155001815 0.0192414829728915 0.164043168270037
-0.0234296846647029 0.00129633787442791 -0.167524827251201 0.0611972737363389
-0.0204829354356493 -0.0158109187853628 -0.293735843572082 -0.323434453205024
-0.00965064173917736 -0.0390438021285799 0.156671174786834 -0.612959708605736
0.0186660364592976 -0.0326584556492743 0.803936098138329 -0.185891241091107
-0.0260146994941153 0.00751594587695548 0.608166846773127 0.680897371814217
-0.0133396117952573 -0.0562524419441039 -0.130458431134512 0.668742945458042
0.0164221632749773 -0.072018360411623 0.042048660919671 0.0884740544023354
0.00661878254837771 -0.0352838499286434 0.212574323264427 -0.607550510479551
-0.0232906203575873 -0.00894624722230968 -0.521847821384883 -0.805551878963974
-0.0152754394560424 -0.0251026120433183 -0.909227666561936 0.110528001927267
-0.0390247384186634 -0.0338765881686214 -0.175167102455371 0.708596682774511
-0.0392430461052694 0.00686845214863276 0.346672350097299 0.358220378263297
-0.0217736770076377 0.00228764099159414 0.252048028017916 -0.0304881417415101
-0.00848961089858016 -0.00729224465628306 -0.0412331270767254 -0.193167756996466
-0.00721962593648808 0.00971203043209781 0.0216313539538493 0.157145566048237
-0.0247637637699926 -0.00107803511689451 -0.173698273143516 0.0381942156214859
-0.018726507184414 -0.0175680741618092 -0.262679538946256 -0.356865928064915
-0.0042129486046913 -0.0388244489062042 0.231608343581833 -0.591395389226716
0.022723153525121 -0.0275292840073073 0.829244201185023 -0.0779929748461154
-0.0258712137432154 0.00727448935042276 0.526273561619933 0.762996911423482
-0.00753618226269378 -0.0558822986784579 -0.182239850122934 0.651109315776979
0.018411292270018 -0.0675055842939779 0.056561058070523 0.0575980790757266
0.00667007774335888 -0.0291988526537976 0.159869009472786 -0.637034808303415
-0.0205939735001116 -0.00527166519210264 -0.610892708879953 -0.72703167206921
-0.0172593544602857 -0.0227765271403053 -0.872689938815411 0.226172451491766
-0.040915119245335 -0.0260110146573879 -0.0883368949077142 0.716569373409459
-0.0379197666573615 0.0119320551716118 0.375485144590004 0.318616186594181
-0.0193294636287519 0.00174984753782119 0.240160814843292 -0.0552618370423302
-0.00322164108957792 -0.00940760316421159 -0.0463067612149849 -0.202598375223693
-0.00252051204013007 0.0108444064668394 0.0208710266473917 0.150485809148787
-0.0226928592350751 -0.00357377372853425 -0.179454140952604 0.0165895311740335
-0.0155633343409895 -0.0185240056100371 -0.232800678309046 -0.385741680018966
0.00175765535254384 -0.0360997267273164 0.297564098350483 -0.561483588246528
0.0304930374651309 -0.0217335254275591 0.842215011197864 0.0304612980574196
-0.0221702510679703 0.0110448216431423 0.436925606532429 0.828012157635773
-0.00380595433175517 -0.0449520034637872 -0.229606178945963 0.627817210599117
0.0148061742876832 -0.0543390453247662 0.0696781141206835 0.0275664552840558
0.00908970364860293 -0.0149806396456956 0.111152840812796 -0.657908204322206
-0.0119854607255555 0.000353863911042529 -0.682462860597638 -0.645518644710212
-0.0161478465498182 -0.0207162190430583 -0.82651027908625 0.32513126957895
-0.0423801806674091 -0.0168205070385557 -0.00657482278635682 0.713145751489251
-0.0338221508445396 0.0174890836127216 0.396971522559218 0.280497785901906
-0.0150955561446468 0.00256570958298496 0.22782900254659 -0.0778381350872653
0.00112248218178672 -0.00874409246233283 -0.0485089490144137 -0.210877945667442
0.00263124659796952 0.0126852314864942 0.0230921288435288 0.146077833694398
-0.0178387129105858 -0.00479594576884856 -0.181915471404991 0.00282740033762656
-0.0115285551215477 -0.0171766508291948 -0.210395536051516 -0.403987454665853
0.00575983816632788 -0.0328780689107514 0.341851367028044 -0.537323285017956
0.0393671497246626 -0.0161800445007363 0.845600461141881 0.103786590285151
-0.0137763695177181 0.0228883727286049 0.377973684586144 0.869774562352807
-0.00492055441619581 -0.0224814194975358 -0.256167945462306 0.61076199706988
0.00657372499957028 -0.0311577652825474 0.0802670961744163 0.00614282681147725
0.0136541349628096 0.00492965150414479 0.0777013192930226 -0.670567275760473
0.000273087631491878 0.00595296815360689 -0.722454372523175 -0.591099543272861
-0.0122591157865761 -0.0211470124000634 -0.793223379308932 0.386204021844336
-0.0426555478923758 -0.0103304182220734 0.0443371524570484 0.71001277777485
-0.0290537338939186 0.020266996577163 0.408196049373514 0.254333862519447
-0.00927304194971203 0.00289595767729829 0.216527112891722 -0.0921958916133531
0.0063713021910465 -0.005831356056528 -0.0510679214333992 -0.219276971931403
0.00841117984139479 0.0162775886202292 0.0247086966426733 0.145196202426531
-0.0112540965253184 -0.00330633897349698 -0.183074392961388 -0.00324326070423771
-0.00746148800815612 -0.0145991255091161 -0.203505295353276 -0.410193508305563
0.00821689780558085 -0.0294321789233275 0.353733320086899 -0.5281306487862
0.0479072643280255 -0.0130197645850558 0.845156848966674 0.130428970857406
-0.00327306544239539 0.038890388171348 0.357426871453545 0.884269017035559
-0.0102125634738513 0.00547272579358207 -0.26290837613225 0.605000881739793
-0.00436146928787739 -0.00262619384540764 0.0858732105073085 -0.00201978213863099
0.0198221432475934 0.0286340297747134 0.066517438399685 -0.677165204258404
0.0162950992483906 0.0104044230822485 -0.734157975087287 -0.571830378764768
-0.00638909790636197 -0.0214952233082676 -0.779746703474678 0.407849928807087
-0.0416630263032917 -0.00611686129413313 0.0595146029534896 0.706844834002166
-0.0244033948698333 0.0213048092379208 0.40934665669835 0.246408163466546
-0.0019918992526562 0.00376343592770363 0.209475816519083 -0.0972786834353785
0.0119077439704199 -0.00136526635212883 -0.0519540369092614 -0.22412353507912
0.0120257191445461 0.0203089868355871 0.0268544225389826 0.144229537239742
-0.00305246433399933 -0.000742437237370293 -0.181760992729057 -0.000846114302625309
-0.00470589447614089 -0.0114716960968368 -0.213090709204092 -0.407374911275584
0.0083903044870309 -0.0258706485012489 0.338246924011858 -0.535961735361668
0.0551846179993559 -0.0128956364863991 0.848679706923038 0.10835897223528
0.00838133216041373 0.0534531576743077 0.383218513680144 0.876161556749171
-0.0160606608680756 0.0348458908214509 -0.252123484826609 0.611464312741277
-0.0170481317832126 0.0258204477985674 0.085500779676601 0.00244645868250133
0.0244530562918109 0.0512646488869122 0.0799153854395349 -0.674115445866742
0.0305590943281844 0.0159190905304456 -0.719537314676852 -0.592629280174496
0.000684294520899232 -0.0234438031130258 -0.797843166876597 0.386459453831735
-0.0402754339460065 -0.00535092469751002 0.0378936955842638 0.708816794417905
-0.0211638527340976 0.0207024326164057 0.40235652373089 0.257007296011859
0.00511052107382603 0.00547341269029173 0.208650070946458 -0.0931347363185626
0.0143560948636894 0.00406589215535305 -0.0502045357045895 -0.22626956674047
-0.0138133722445682 0.0172045677793427 0.0192885357695765 0.174087518007577
-0.0131897561459208 0.00990446540945502 -0.157287262928219 0.0999175029235034
-0.017375930739361 -0.00771016886983291 -0.345099554390747 -0.242647698329373
-0.0202149317685535 -0.0355584225972204 0.0156105633646015 -0.612461171741658
0.0135263472702825 -0.0411300346155836 0.713949460791257 -0.353856279402913
-0.00956408117351057 0.013537404140683 0.718145599100662 0.518795875288988
-0.0196629952540461 -0.0309636930075656 -0.0223511138496585 0.680737609495726
0.0024079715131477 -0.0528866645225632 0.0252655178239347 0.139308443758356
0.00630094204864721 -0.0233384068356177 0.289615934556609 -0.546924037012784
-0.0155300771722207 -0.00439387422014484 -0.342992953977931 -0.908545495443969
-0.00508072446215304 -0.0264427451811382 -0.92902665517405 -0.0986811909785495
-0.0324973000267398 -0.042374753477325 -0.32701955312517 0.657238722197821
-0.0371917198389063 0.00147688739466532 0.278713394225295 0.415019353193319
-0.0198251624407546 0.00529922372028147 0.261930986790585 0.0116800667230618
-0.0123085094689629 0.00210163729254001 -0.0323380450663128 -0.176902848995976
-0.0140449614381165 0.0133321623490044 0.0215108902026414 0.169136237603055
-0.0203991340275368 0.00924124018459609 -0.163994042222265 0.0837178583151999
-0.0202398330108782 -0.00974277035491895 -0.328285351863354 -0.271850957068183
-0.0183190703620678 -0.0378573566832924 0.0761519544391364 -0.612238129073208
0.0141839637658553 -0.0367120086441766 0.756854706439923 -0.28592425396642
-0.0219187420864238 0.0108508861023971 0.67665330838835 0.591605002980711
-0.0181349175437952 -0.048314461456784 -0.0704778102080192 0.677310660024065
0.0108103605220705 -0.0656639364844589 0.0317960812776246 0.115505244700423
0.00653093773869012 -0.0331630850653147 0.254366869756595 -0.576082441369241
-0.0222657067735315 -0.00993461736802052 -0.429380224441115 -0.861028552902155
-0.0112871179269595 -0.025763160592207 -0.92030476230532 0.0020399503965547
-0.0351122641456494 -0.0399327195223529 -0.254320224785986 0.684135101170059
-0.0383581349351017 0.00293961715770108 0.311599805746989 0.386617815300141
-0.0211610644070473 0.00467987257905653 0.257248016355341 -0.00928746489129519
-0.0107050008130514 -0.00422681742268602 -0.0385220269870026 -0.184173513481726
-0.0104191222614384 0.0113448340475584 0.0198646487539171 0.162901660375443
-0.0231562805539726 0.00146548127785582 -0.164083537260365 0.0611258834060957
-0.0202015163489289 -0.0154629096464254 -0.293882563249053 -0.318844327622732
-0.00955561980722382 -0.0394097272013034 0.149446920380789 -0.608174176805274
0.0178207365783148 -0.0323801514137557 0.794429939138178 -0.191041397918847
-0.0258865896303884 0.00780231469328708 0.608883013497849 0.670242297569568
-0.0140405356284291 -0.0565516525401242 -0.123305445645447 0.663491022669955
0.0158658060396807 -0.0717801934072584 0.0422047008814414 0.0870254124597776
0.00702701558269014 -0.0354151070836028 0.207408987487802 -0.604323307643742
-0.0234151397540404 -0.00839670227864645 -0.521021388399598 -0.794430553706221
-0.0147215444284004 -0.0243898249101995 -0.89956596577527 0.115840422408277
-0.038835809354143 -0.0336956249119658 -0.16759081281432 0.70379667856469
-0.0384513646895383 0.00732758983204049 0.346241685875081 0.352379722399743
-0.0215461070958946 0.00291130465126204 0.249118260891795 -0.0323803521765761
-0.00808897109036929 -0.00726211307827754 -0.0423315739741327 -0.191229315124424
-0.00671193108432987 0.0102822212450083 0.0217797018176114 0.15589736098769
-0.0247140043619459 -0.00148289004706271 -0.170740414792736 0.0396378329963296
-0.018688186334773 -0.0179790241941729 -0.263445989856717 -0.352998869911105
-0.00441573360733464 -0.0388212539206792 0.224164547315749 -0.587818226716092
0.0225803558504068 -0.0272425295531838 0.821395998473426 -0.0816492863941277
-0.0256479786710547 0.00733443516751276 0.528240677386869 0.752193555999247
-0.00843024012418964 -0.0559366745361544 -0.175794627365834 0.647169379546586
0.0171953284351482 -0.0676195267294534 0.0551361226203559 0.0565621536021395
0.00668158589376995 -0.0288641510058785 0.155469432658798 -0.631495526082311
-0.0202635452570996 -0.00434111898065698 -0.609174720140291 -0.716328417530151
-0.0172195352764212 -0.0224012427098247 -0.862654046819583 0.229006626758657
-0.0413646469260201 -0.025805922369803 -0.0806236920535137 0.711582908240624
-0.0369409198320506 0.012798406905166 0.376418033974826 0.312316599817985
-0.0196809041177396 0.00250140485459129 0.238095210252542 -0.0557623614858691
-0.00370833607798279 -0.00844860737188243 -0.0468487806368828 -0.20027148058696
-0.00179817497974086 0.0102627024330578 0.0220665386488688 0.149639356693906
-0.0235184395709859 -0.00362080384120253 -0.177469618930654 0.0179048157807659
-0.0151201507035848 -0.0184001373136542 -0.234073426842107 -0.381815862770292
0.0018068155242394 -0.0362728944702787 0.29099082360247 -0.559622809525319
0.0294616209585408 -0.0218109558657164 0.833311133896949 0.0234990468435477
-0.0210415635532357 0.0119690555137184 0.439584540400439 0.81743447354461
-0.00377953213065257 -0.0448974533920274 -0.222873854251504 0.624167129141833
0.014350112051959 -0.0541370361841884 0.0693336701892453 0.0261136011138419
0.0084301728145168 -0.0157948854733228 0.105808065371269 -0.652265179132853
-0.0117751469891634 0.00109460955413709 -0.679862483798734 -0.636039214859917
-0.0159603959523439 -0.0200282274361447 -0.815214867848839 0.328512188804176
-0.0423562097707457 -0.0163161614498361 0.000998214483572019 0.710080825727496
-0.0328223416166397 0.017537315688816 0.39822708426512 0.273534091608558
-0.0143657005113299 0.00273714893746255 0.225231797320142 -0.0794288171794426
0.000802497084869106 -0.0084540235825645 -0.0499777333577006 -0.208960628621896
0.00397124399674156 0.0130378454929929 0.0238131588383182 0.145460270714839
-0.017792317119364 -0.00429247205040494 -0.179253729877095 0.00349034485058049
-0.0112459320629916 -0.0173217833549218 -0.212800851498655 -0.400566703234056
0.00592414977246047 -0.0326519985974534 0.334237659326589 -0.535629498967507
0.0383749378590041 -0.0167877781569638 0.838318439489752 0.0951148188377801
-0.013167048313289 0.0233598004916597 0.380626801085222 0.860783562100349
-0.0052369293717076 -0.0224503464669789 -0.249013145667732 0.60648786420637
0.00629352922327231 -0.0312045773164723 0.0797892817129097 0.00539457761971771
0.0144207938020636 0.00482549673601644 0.0722420339250977 -0.664489026992768
0.00138759627023261 0.00564416646161216 -0.719859370418975 -0.581666051306893
-0.0123119091358033 -0.0201303973388745 -0.78447099206953 0.388364371861214
-0.041506459408998 -0.0100159021334471 0.0490050498587949 0.702347765101024
-0.0287365346691793 0.0207122122457991 0.406837788559124 0.247689133033186
-0.00864877253604483 0.00317912231155903 0.213103580224159 -0.0931012121763733
0.00633287613822882 -0.00595708742180226 -0.0521869846053337 -0.216836953580443
0.00872112125868086 0.016272325137118 0.0250723429596499 0.143909999404615
-0.0110461419256074 -0.00326119766854687 -0.180298416870992 -0.00289944043399078
-0.00779919696340194 -0.0146481162783713 -0.205754900596136 -0.40791300621087
0.00810578407470034 -0.0288186306786958 0.347080804265262 -0.525723692484497
0.0469037842834221 -0.0128557598593096 0.838996133300403 0.122970898030386
-0.00287517026339877 0.0384810957315559 0.360415018295398 0.872737536636609
-0.0102098984005695 0.00526570755863724 -0.256856065734099 0.60178042966059
-0.00483925315294163 -0.00290103637234338 0.0852964005749571 -0.00336086898005426
0.0195377959511771 0.0273283417832176 0.0630473768751159 -0.670482698474889
0.0160775117387717 0.0106220556311701 -0.731200557112554 -0.563830427812864
-0.00686605669914088 -0.020815918047889 -0.771791613981519 0.410450692786237
-0.0409140528292305 -0.00640812104762899 0.0626474519378338 0.70027637723085
-0.0247330374072864 0.0216756530731613 0.408759536631293 0.240516638942498
-0.00118502310651698 0.00413890023812058 0.206773009928249 -0.0980374941857368
0.0115307239916805 -0.00118648095615369 -0.0529450126603568 -0.222324895330082
0.0122213202298849 0.0199307509873273 0.0276292492104297 0.143288463709308
-0.00332733868761079 -0.000733077879084932 -0.179834566151058 -0.000592273778904765
-0.00474980123764214 -0.0114989756627446 -0.21575592948306 -0.403032351664547
0.00815040128566387 -0.0259792113021349 0.330235829029689 -0.53389158187394
0.0540767258056774 -0.0128769241691791 0.842294076087326 0.0996781908159672
0.00868995732086703 0.0540275905954032 0.385440404290251 0.865698357171951
-0.0158558853738982 0.0338724112323267 -0.245325941511074 0.608194464916914
-0.0167143163488044 0.0249640733464009 0.084976455535677 0.00174540942447828
0.0241568905871551 0.0502467052293933 0.0755289326108842 -0.669225684277837
0.030909250428071 0.0159937686686042 -0.715636928144053 -0.581881940094674
0.00104501651518031 -0.023189102916212 -0.787856611263064 0.390614727246486
-0.0399347021693016 -0.00535305678707301 0.0431992418990008 0.701423426628498
-0.0210220695784539 0.0206787381424402 0.401820633552543 0.25059598466815
0.00502003363926925 0.00586132968327736 0.205619936419932 -0.0941139033481949
0.0144475789364181 0.00440912478205833 -0.0517028366585019 -0.223618088741745
-0.0129754515700222 0.0174512029071989 0.0195770068764502 0.172176021876138
-0.0129768325262476 0.0096886930907359 -0.153626752955899 0.0993125573668374
-0.0172194419799899 -0.00736766006926783 -0.343153421289472 -0.238983784253897
-0.0198202994145906 -0.0352569899475925 0.0101160545892814 -0.605774789147114
0.012637542432914 -0.0403813353073716 0.704811404298766 -0.352760797542813
-0.00934437996296573 0.0137802310642464 0.714486324231361 0.507778272302534
-0.0199178634844267 -0.0309395283778445 -0.0190591835711045 0.673583450717505
0.00229312495981976 -0.0530550393986753 0.025705759478237 0.137351120055527
0.00653270888461387 -0.0241587554169831 0.28330501298428 -0.54173790744329
-0.0151258732203082 -0.00465570820321268 -0.345740493186583 -0.897437607619151
-0.00470065318837267 -0.0262228005894009 -0.919824226870508 -0.0895098561072765
-0.0328903268480105 -0.0416354224927077 -0.317882456560224 0.652945454446889
-0.0365914518051795 0.00122814319809737 0.277825099076527 0.408624271840469
-0.0194908728774102 0.00547006720856793 0.259690549390646 0.00971714130077943
-0.0118602274289683 0.00170290949379836 -0.0329413544693158 -0.175255333530316
-0.013372225492304 0.0130785249920163 0.0214610574140635 0.167775921507545
-0.0201529372328925 0.00881669250639205 -0.160579344443247 0.0839129887058804
-0.0199826645746665 -0.00932623600623888 -0.32524006370124 -0.268074123761933
-0.0177985075099347 -0.0368512266394665 0.0708062586148469 -0.605423144928858
0.0136702161153321 -0.036256868502363 0.748211817718023 -0.286611943398122
-0.0210791984387773 0.010835469907804 0.672482797886868 0.580780701296091
-0.018578501844788 -0.0481178348183605 -0.0654492725834209 0.671864419906949
0.00986975911037411 -0.0659447996456579 0.0319488050197225 0.114136993918385
0.00695967500707027 -0.0340200859215022 0.249051682448299 -0.570818732910187
-0.0211049364657268 -0.00943197837597883 -0.429290895485956 -0.851667121279234
-0.0112007805151505 -0.0262275904820991 -0.913138816032678 0.00733081062086127
-0.0356246062250711 -0.0393988766685918 -0.245988912058539 0.679571339639459
-0.0382194488253336 0.00277318440186951 0.311616695132141 0.381043363766532
-0.0210411110549428 0.00478691850140223 0.255065684455449 -0.0111985385407785
-0.010727845891425 -0.0037974345527749 -0.0390213835711292 -0.182278818832154
-0.00965439123587725 0.0118137489800207 0.020208023162962 0.16206446159778
-0.0233622567862805 0.00106846066614238 -0.160599558786194 0.0614538833368996
-0.0201965061658024 -0.0157088762740843 -0.292973995097299 -0.314694836214464
-0.00871683162433398 -0.0388441633783471 0.144163488715463 -0.603333951758119
0.0165032887845607 -0.0323276965830115 0.785308077830001 -0.192075590778772
-0.0262295084707322 0.00856938707231311 0.606084097384779 0.662085161459857
-0.0139337420990383 -0.056259238136735 -0.120400257470771 0.660020224390169
0.0151625644493866 -0.0715109407024995 0.0426935383091661 0.0860147212296535
0.00708706111950941 -0.0358200194070562 0.20202650645217 -0.599096487395234
-0.0230238109019643 -0.00812393035700898 -0.521976757589881 -0.783275203377914
-0.0152524896768858 -0.0243964330568336 -0.88974942580744 0.119450287408718
-0.0388628700253816 -0.0330678059157405 -0.161812177411505 0.697815522741416
-0.038565446017313 0.0073443177655789 0.345050890314232 0.346590127542499
-0.0210430564395238 0.00332804479737948 0.247158180255373 -0.0330481062366462
-0.00842332483444665 -0.00673953470776111 -0.0429373467570403 -0.188724031422377
-0.00587534695976369 0.00929409153271047 0.0222117102768007 0.154943754450469
-0.0249410763382285 -0.00183185320294169 -0.168790350114362 0.0399984833039814
-0.0184485612542159 -0.0174765194711527 -0.262543137749536 -0.348498200255537
-0.00373472592938066 -0.0387136738393762 0.216694337858644 -0.584273608954863
0.0215503884650991 -0.0268883609577247 0.811987420677046 -0.0861338984681145
-0.025515356326539 0.00776853697873936 0.524668795658112 0.741430775465537
-0.00827985006564447 -0.0558144412160125 -0.170087689144991 0.640996772855121
0.0162558216857616 -0.0678400622235837 0.0553585374277607 0.0556948209970443
0.00711040934829897 -0.0295180227670586 0.151549301828639 -0.62652567177109
-0.0200020024383519 -0.00402991445607692 -0.607228176738798 -0.706865604612599
-0.0168627289451124 -0.0218124190456423 -0.85321897628913 0.23286400505075
-0.0409582993581156 -0.0257462850535056 -0.0763543573881089 0.704904117282632
-0.0363636400539256 0.0121938476791384 0.374201989468837 0.307056387023579
-0.0192585651472426 0.00283226908115809 0.235876098067008 -0.0567957337360417
-0.00410362171455176 -0.00920032590526336 -0.0481771230069055 -0.19815635279862
-0.00147744645909482 0.00995326233011957 0.0223097828094939 0.148638389289236
-0.0231149912430953 -0.0040275038971919 -0.173947687649391 0.0183967666686011
-0.0151132927935596 -0.0184257325136178 -0.234054616042391 -0.378484891138529
0.0016273735370753 -0.0358394367609147 0.285476557154777 -0.554713951813816
0.029077992525963 -0.0216851277351301 0.826828765625768 0.020801413048839
-0.0215463407060575 0.0130077837070195 0.441233446285309 0.807559455035598
-0.00386165898200501 -0.0451146734377283 -0.217830457873567 0.619204858599905
0.0142085049244692 -0.0542465363498703 0.0688567680969058 0.0256233100673447
0.00900034617858671 -0.0159808897657241 0.103378366222567 -0.644145730806925
-0.0111335310292161 0.00120062935108665 -0.674102279392855 -0.627858046214406
-0.0162020294081681 -0.0205070088268357 -0.806487911633448 0.330604569856069
-0.0426200660309114 -0.0167778375473445 0.00435431871521718 0.702175739816137
-0.0323520095089894 0.0173788236589939 0.39431504943851 0.268920251645087
-0.0145453681289066 0.00267535372216452 0.22210965464193 -0.079540900958486
0.00106819257686876 -0.00833028722384982 -0.050417134138017 -0.207109341493912
0.00390784878296283 0.012085193891299 0.0241872484847229 0.143817876886543
-0.0176059521881805 -0.00464007933334656 -0.177092144177664 0.00429114630509567
-0.0106355017969028 -0.0174815548632217 -0.214893889562454 -0.396563981679853
0.00608440782158161 -0.0331533578707335 0.326798963378192 -0.534093375167791
0.0375077462578228 -0.0162673034768077 0.831341657977551 0.0897931191636882
-0.013272890759006 0.0239315739423943 0.380779015337012 0.850667316344513
-0.00507589459585717 -0.0229586628976319 -0.24357962257431 0.602612714486852
0.00568434797952402 -0.0311265486399861 0.0788454418605524 0.00482391127764286
0.0140959693035955 0.00370012932614521 0.0701402383382327 -0.658300566133024
0.00190624910037645 0.00600628320065703 -0.715827294585966 -0.572402438513819
-0.0121311862621135 -0.0196312979083917 -0.774895779263481 0.390402372644726
-0.0420503890524982 -0.00924658330872454 0.0545144699759087 0.694578682196925
-0.0282184230292199 0.0201629432547728 0.404744701581023 0.244048810361764
-0.00854130082174298 0.00386956886876953 0.2105972136203 -0.0931851334534135
0.00595520474641542 -0.00551470400840129 -0.0535105927242075 -0.214304066958905
0.00949953811122418 0.0158038293907429 0.025693896018975 0.142808383648317
-0.0112027550473805 -0.0037077714400423 -0.178691702215198 -0.00264391724181906
-0.00781044240060921 -0.0153442540105663 -0.206686244523416 -0.402618507821668
0.00833225008469587 -0.02955208533403 0.34086136389034 -0.522933150507585
0.04611240090695 -0.0126978766798811 0.831453451227764 0.11728079320579
-0.00262485399886759 0.038946185347887 0.360809563350614 0.863640965207475
-0.0101920754680027 0.00476752663199299 -0.250505114086329 0.598706944323894
-0.00448062395654263 -0.00359043055098232 0.0839111222507888 -0.00279219203868458
0.020041837266504 0.0258697219121998 0.0580125298572172 -0.662984750646298
0.017471425057346 0.0101887615318686 -0.727021543536127 -0.554751880464649
-0.00683588188615122 -0.0207288832969598 -0.761414284269981 0.410513243168395
-0.0406942242983519 -0.00555701803785534 0.068017880303913 0.692542329684137
-0.0238016201868797 0.0216913484761486 0.404915185834852 0.235521963841554
-0.00171908839529326 0.00405694720178717 0.203070976385438 -0.0985638954321914
0.0113841065816919 -0.000813873535379464 -0.053631025554541 -0.220000433499696
0.013462196022732 0.019686757472885 0.0278159721299352 0.142881907134254
-0.00412689434524305 -0.000751397555565713 -0.176844127497247 0.000364752472043515
-0.00410080520236637 -0.0117392290085947 -0.216418809095083 -0.399837775565341
0.00830299160285849 -0.0264152658789343 0.323954189213378 -0.530891778913132
0.0534981716308122 -0.0125752414390862 0.834128188892862 0.0947876862547473
0.00924093533331781 0.0527034852382187 0.385270081721248 0.855002769332361
-0.0153468271945974 0.0331435598019194 -0.23968535213629 0.602630591670825
-0.0172321351210378 0.0243427279816903 0.0846139077251914 0.00118471963417799
0.0245642703330573 0.0485300784326934 0.0715495439904717 -0.661702368436131
0.0314445545293741 0.0159069907717234 -0.711557859597311 -0.574658576445822
0.000946412997567658 -0.0227000214250344 -0.77814469149558 0.391025099953169
-0.0394481766963888 -0.0048642312680313 0.0473686094767826 0.696382348798852
-0.0198955969338587 0.0205846645772618 0.400190796978327 0.246283939741319
0.00499184043695465 0.00585341513070401 0.20258236204548 -0.0938462439695869
0.0146067636679178 0.00467880111106333 -0.0521468069023807 -0.221628020174992
-0.012193536475444 0.0171087647391087 0.0196158038622549 0.171562443411568
-0.0130188624767308 0.00949939263373073 -0.151103345767599 0.0994842758531936
-0.0168854262278174 -0.00758048390500414 -0.34072936968183 -0.23599313973514
-0.0193467234828018 -0.0343900803281732 0.00797453177396355 -0.598533141474197
0.0121919109793964 -0.039650937008678 0.697091865652592 -0.35139621618112
-0.00908387993839367 0.0135891646992292 0.708489906632317 0.502241478957975
-0.0194584751507631 -0.0314829195452022 -0.0159230172866746 0.667864326181773
0.00181738503852923 -0.052382510493637 0.0256761070549211 0.135541676354272
0.00676152865207369 -0.0243236852404703 0.27974007954373 -0.538268926052595
-0.0147187009492533 -0.00410861439114168 -0.344627366831198 -0.887957326575854
-0.00534194889977208 -0.0256482889791776 -0.913393190842846 -0.0867153982079422
-0.0324128960812664 -0.0411077615675694 -0.312970889213746 0.649324139587842
-0.0362028973749181 0.00202132318078585 0.277698982609219 0.404375213793164
-0.0190426965079845 0.00614004025542905 0.257207353953016 0.00824995079323923
-0.0117882555987822 0.00275981701548208 -0.0331910239381036 -0.174344304325857
-0.0126861983013385 0.0134115922830117 0.0224006984115789 0.166225049567149
-0.0198461892068432 0.00846752580126874 -0.157945579864629 0.0838777414989873
-0.0194514637036056 -0.0101383508700994 -0.322677830013092 -0.266466038364389
-0.0174031153118666 -0.0360197322971331 0.0663945204143202 -0.599493352099639
0.0134415743418903 -0.0355438549581993 0.737743445274524 -0.28452649440822
-0.0205212626371666 0.0113040701781738 0.668288148852219 0.573018303775052
-0.018644989478364 -0.0481563096445951 -0.0621061274959056 0.664210062244008
0.00959455049690565 -0.0655995938706784 0.0329192274949612 0.112930821818432
0.00708042861857766 -0.0338180973448042 0.24571971826801 -0.566471782521649
-0.0200780155646891 -0.00954414159999511 -0.428033331056645 -0.841997150085719
-0.0114489185255249 -0.0256729162643386 -0.903840077881674 0.00875421895482076
-0.035717951418594 -0.0383995106075536 -0.240978062124274 0.673953814813161
-0.037278645410089 0.00386558214036132 0.310860409952745 0.376544375954198
-0.0202118601021603 0.00433545610759058 0.252035071476669 -0.0118310895316599
-0.0103625941415479 -0.00382044887607603 -0.0387230606660547 -0.180635279538527
-0.00907399171077827 0.0114751216430102 0.0205701436696892 0.160900005271933
-0.0230044864684454 0.00105079552268118 -0.1592154205072 0.0607666561370172
-0.0196668159527457 -0.0153716643305252 -0.291060421379544 -0.311550693098172
-0.0088614065513949 -0.0386138381386301 0.138591087797563 -0.59771125472762
0.0162771154945655 -0.031749795256652 0.77660489141041 -0.192676903453778
-0.0259686221522072 0.0086999913182424 0.601647799189514 0.652383473146757
-0.0141097640503122 -0.0562329100525782 -0.115110262391426 0.651853121489855
0.014916240624482 -0.0712042914502882 0.0425540762502586 0.0852817418134419
0.00705262247902399 -0.0363252175479315 0.199815555031149 -0.593734594001213
-0.021889429240102 -0.00738116162396063 -0.518479700383227 -0.776979718163222
-0.0146439741781207 -0.0236287442884485 -0.882026424770561 0.123628255905422
-0.0391453265345243 -0.0329961272449349 -0.156927307011182 0.692410234973812
-0.0373155166294703 0.00777210321484317 0.343829547157829 0.341610212145809
-0.0207959074284088 0.00307412730865624 0.244488210689506 -0.0342279574979571
-0.00790528734969875 -0.00701460430401968 -0.0429656240799274 -0.187849086006292
-0.00496248041493672 0.00999079501630281 0.0215780719250229 0.153106096454604
-0.0246211245980919 -0.00134707760087493 -0.165857545845888 0.0393480363549449
-0.0184886148533776 -0.0173786331500871 -0.262660774400982 -0.34599544888388
-0.00363883295528665 -0.0387498977661522 0.212572254387683 -0.578887856104453
0.0209507632465159 -0.0265926807541903 0.803621293008517 -0.089029177990741
-0.02558822049211 0.00857348367418259 0.52223111638931 0.733323915313183
-0.00882138322463965 -0.055589195364495 -0.166558400078461 0.637462779587826
0.0158707353479987 -0.0678324453729406 0.0546864578650793 0.0546685372513924
0.00717690362772593 -0.0297128049415452 0.148260176267504 -0.620333954759998
-0.0192048272584458 -0.00368527463905389 -0.602730531722236 -0.698834844648882
-0.0167708322301285 -0.021542106125608 -0.844969889740581 0.233673983666547
-0.04112352396616 -0.0245587485288639 -0.0709276408227203 0.697250488742653
-0.0360563951249768 0.012573677269518 0.372993476758426 0.301234824414787
-0.019060299399936 0.00260966365387813 0.232952223585995 -0.0571795585340869
-0.0035929141921258 -0.00842353766137199 -0.0485189130110867 -0.196676347532592
-0.000904939278487967 0.0105532256564513 0.0220112216754956 0.147331298556976
-0.0229520519248865 -0.00391812973292643 -0.171790247250529 0.0187903995610111
-0.0148214027525262 -0.0186168899621408 -0.23474936103227 -0.375689526380729
0.00287768425305547 -0.036001655992863 0.278719622804797 -0.551233593736504
0.0284071372911106 -0.0211073917485907 0.818178511641672 0.0158384245108977
-0.020601861884657 0.01300577845803 0.438641067807232 0.799329972777691
-0.00431125812465567 -0.0456578688419092 -0.213985473940771 0.613367440467997
0.0140595345277138 -0.0540195847658567 0.0684256157156326 0.0247991042307234
0.00965812738423419 -0.0163691642342408 0.0992422919286934 -0.639851825792897
-0.0108078779584528 0.00120351045289161 -0.672476969854271 -0.619218708989692
-0.0159908583082798 -0.0192559544195019 -0.796211653433645 0.330566512245905
-0.0418595297143375 -0.0161758210073655 0.00783465724952552 0.695961359818673
-0.0323944344653907 0.0176780050059041 0.393151355639509 0.263401516500421
-0.0144985483178971 0.00313456628778703 0.220225106196047 -0.0792988910977079
0.00102923946426992 -0.00746762359511325 -0.0504073437096433 -0.205490829722755
0.00493927204230635 0.0118653622395725 0.0236303760476767 0.143509523856794
-0.0180238822471416 -0.00465469537120716 -0.17429202389755 0.00479612203973793
-0.0105999749474466 -0.0174414378745218 -0.213872791871533 -0.39267100074964
0.00637278648120437 -0.0326964055503827 0.321444077155541 -0.529312422312102
0.036653443625972 -0.0163148355802447 0.82449920852019 0.0873836406641426
-0.0127529285201905 0.0238309861915775 0.379308374452433 0.842324994783968
-0.00545281920299544 -0.0233767843952211 -0.239659377696283 0.597247093675836
0.00571803301488002 -0.0314143222314756 0.0782365363146376 0.00477049004702194
0.0140751476003197 0.00298907534911112 0.0664042663454079 -0.652669283177316
0.00216309660198464 0.00662540154364535 -0.710495151708913 -0.567791639751145
-0.0129093158474462 -0.0191152214743686 -0.763168236929949 0.388793441728154
-0.0413938889310641 -0.00937699507414553 0.0566234839124568 0.689837434973683
-0.0282420914699531 0.0206078071799707 0.402548355932844 0.238907653828403
-0.00821209753312602 0.00325167685917339 0.208052605260634 -0.0931918121824029
0.00670171021015085 -0.00511553389578866 -0.0533642145873124 -0.212801312581759
0.00983346364807347 0.0152569053528831 0.0261776631122476 0.14167115446266
-0.0115718414347147 -0.00395551518287992 -0.176477133446541 -0.00190083449927392
-0.00742161957705092 -0.0144886785975639 -0.207528096341449 -0.398900663209797
0.00848033763445178 -0.0301159836833786 0.334110251349707 -0.518290341608908
0.0454499202315775 -0.0126429945598108 0.823698763646337 0.112319275325412
-0.00255533051327339 0.038646927629715 0.360983976558811 0.855435242320287
-0.0098922925228023 0.00332953046257996 -0.247302905452113 0.592312164643872
-0.00529210940943881 -0.00419515882937136 0.0826926243070829 -0.00430047279476527
0.0201566088505953 0.0254912116806588 0.0555598712900177 -0.656357208171592
0.0173308730231084 0.0108944805350945 -0.721680026529269 -0.547725154293147
-0.00695061341785366 -0.0206035695221432 -0.753666976793784 0.409975236318942
-0.0404497538074071 -0.00576644776397325 0.0715051242810255 0.686470406765346
-0.0232088212812885 0.0212437407828935 0.403224265062832 0.23139938136633
-0.00173156665181837 0.00452635148922389 0.201747990148048 -0.0979647993199861
0.0109844224336558 -0.000304485083042801 -0.053951717792891 -0.21800829529986
0.0135715442631708 0.0189795375141781 0.0279288851186075 0.141649302033951
-0.004112121923673 -0.000812765301991084 -0.175037417981121 -0.000187410127459932
-0.00403130713833763 -0.012147476928636 -0.217865188407309 -0.39605250321145
0.00774760945994705 -0.0265254823955684 0.319064631999709 -0.527479364942934
0.052357901621364 -0.0125195792943258 0.827413936052521 0.091905830249486
0.00972807303014067 0.0529752134053542 0.385138243793326 0.846213245012472
-0.0143058512267092 0.0318635025825583 -0.235483187110294 0.598446846135254
-0.0169149516063326 0.0235013571214959 0.0828214039411547 0.000860297958594889
0.0243890277548416 0.0471987487058603 0.0703028810542316 -0.654878199520711
0.0315258390902545 0.0163191917380284 -0.707200446519699 -0.56630525563838
0.000542706227932871 -0.022232262649994 -0.768224972444538 0.391074286510241
-0.0394623229880916 -0.00425746802104271 0.0519480786201812 0.688917533583005
-0.0198992362621799 0.0209286175642548 0.397264616139897 0.241869868442953
0.00579050400475447 0.00616065554885506 0.200112934872256 -0.0939543596254626
0.0144333482751407 0.0047670562891329 -0.0534109371205738 -0.219613141120274
-0.0114636002354134 0.0155446887599734 0.0103977184778182 0.172395627845177
-0.0117979712016557 0.0090131120536238 -0.152257944084233 0.0901048076607164
-0.0172404746440031 -0.00427284898740875 -0.319709601655025 -0.250077639834578
-0.0221113605400827 -0.0329042430755577 0.0337044914678436 -0.590287387824625
0.00553041465311468 -0.0431998717009573 0.696840102858728 -0.314734796922112
-0.00794751263047263 0.00741193802543979 0.668441821481506 0.521816172805011
-0.0173789473271327 -0.0275056981030938 -0.044482783811749 0.65586690716436
0.00477379957700712 -0.0534780932993639 0.0206780440935224 0.133831876379862
0.0100227396145751 -0.0300228623016093 0.295915850671063 -0.521746470228348
-0.0198044959179 -0.0100722672132072 -0.312668922692098 -0.888109106040515
-0.0105842131927758 -0.0241064028814357 -0.894348388559369 -0.12129133749506
-0.0326538479832796 -0.0299237779395731 -0.335221669182123 0.621871182836315
-0.0323727559909393 0.00707892983620791 0.252786610694886 0.407018882308396
-0.0147689436141436 0.00629327992925649 0.252569289811291 0.0202348711194312
-0.0132341999654261 0.000838369569294586 -0.0219143640449108 -0.172559650907969
-0.01190505414489 0.0110557504560223 0.0121938773964959 0.16741977799523
-0.0178837226595171 0.00749539516350744 -0.158857764528201 0.0743367003464337
-0.0211335721170513 -0.00641485999049638 -0.30221369672041 -0.277470227171434
-0.019388282717451 -0.0352731225252446 0.0923281615681382 -0.587138744586071
0.00705243262014237 -0.0406247911669094 0.735323954495505 -0.248959004392208
-0.0190427003479851 0.00477715047058832 0.626168708130275 0.589776812085023
-0.0172010324181714 -0.0439870819115798 -0.0896174552063422 0.65304403020225
0.0128212482833855 -0.0656058448124203 0.0288818536201674 0.111963717685503
0.010212170540611 -0.0396938991006141 0.262513549186442 -0.552352179140183
-0.0254030595302401 -0.0147978868067555 -0.396365334644894 -0.845914343423989
-0.0157205340160545 -0.0235406443773538 -0.889245475688385 -0.026931837005123
-0.0336900911401571 -0.0269532045822863 -0.266857315586019 0.649329587476753
-0.0335796418187415 0.00843616251211437 0.286313510469487 0.382283032521249
-0.0168290733071015 0.00454279862514211 0.247953231683969 0.000768569276719774
-0.0112261222654778 -0.00458515155079945 -0.0270221049904199 -0.179682328608273
-0.00764038277917477 0.00934689323454714 0.0114499488532356 0.161250468003754
-0.0216145768897365 -0.000471673736965791 -0.158665867800497 0.0507616135576434
-0.0214282935880882 -0.0127177566523587 -0.270970696173363 -0.322225093635544
-0.0118295969883824 -0.0379677228670621 0.163675924599775 -0.582536156913079
0.0103159922588089 -0.0372058570732101 0.767172817274208 -0.15704138227502
-0.022158958291667 0.00224335525306453 0.558107060649246 0.665220885307488
-0.0122294014104468 -0.0518269986412503 -0.142854757200781 0.63835175532297
0.0189214909155535 -0.0708896626390162 0.0395843299844969 0.0842981267224566
0.0099281461766339 -0.0420571182002081 0.219248682871089 -0.580634949485269
-0.0273020049816325 -0.0121668306844104 -0.487066768470924 -0.783525506800095
-0.0194990169931398 -0.0212662182659367 -0.871644539207441 0.0870837716361622
-0.0360858292467803 -0.0214239822141009 -0.184255210901203 0.671105576455675
-0.0333995296883634 0.0119650342878277 0.320105480213478 0.350053336040048
-0.0168331236565935 0.00320760418319449 0.242190149712184 -0.0221261466131756
-0.00969331690305536 -0.00844506464241371 -0.0307951757895894 -0.186200937484598
-0.00403307094202888 0.00823473855735508 0.0128251526287362 0.154560569926155
-0.0238239915422676 -0.00219495414052177 -0.164791077718711 0.0307989347594537
-0.0210578430530618 -0.0153117897914375 -0.240140851122989 -0.352290842503135
-0.00680525899399529 -0.0379062842471861 0.234878590649509 -0.561722658001714
0.0156229594624542 -0.0335278769599599 0.79105483637276 -0.0528575949119524
-0.0216955162768416 0.00234331617953342 0.477065243849345 0.738842228858523
-0.00700492875953567 -0.05108370991387 -0.192189349098735 0.618918645532106
0.0200353068357553 -0.0674134229843139 0.0520947263229565 0.0548686875743287
0.00986943121205846 -0.0357147597324291 0.168180194827114 -0.608232545102101
-0.0248718248172523 -0.00699194200610159 -0.575111337423179 -0.709041617692669
-0.0207962145707769 -0.0181117682424089 -0.840305885551721 0.197024197814912
-0.037343352128621 -0.0140212107516 -0.100958642212907 0.68154026217043
-0.0313674803233498 0.0162606347266322 0.348886811555782 0.314282443923303
-0.0154051276538635 0.00237982352409891 0.231738812419384 -0.0456750464666914
-0.00481329166635087 -0.0100529186881242 -0.0349168684181892 -0.195019229190131
9.36023326606338E-05 0.00891371056753092 0.0135905834582466 0.148424541610392
-0.0210534427962338 -0.00466615747110172 -0.169654516971634 0.00949119800755496
-0.0177687705892825 -0.015640107381337 -0.211128659409823 -0.380746211739487
-0.00122543996767319 -0.0363354505170096 0.299565780847634 -0.530962076779553
0.022932569129635 -0.0282776559539684 0.802686684094327 0.0488379484232388
-0.0161734607725832 0.0080155270515153 0.392915079838111 0.798948567722369
-0.0041386983017898 -0.0399334452006844 -0.237601959259522 0.597317642378363
0.0164074835716967 -0.054231252896804 0.0662433979261808 0.0266942887663778
0.010421483787986 -0.0223115900580925 0.122179144402402 -0.630609249567704
-0.017122867960793 -0.000951451987127122 -0.646344823211563 -0.633278617954795
-0.0198484104259734 -0.0152765665606363 -0.797419970273753 0.294838660982881
-0.0372791205517405 -0.00556791377912381 -0.0227753629225985 0.681835241148361
-0.0272432636575576 0.0209046858660272 0.371763715376184 0.2770473788251
-0.0105750741165814 0.00198010468974518 0.220042626480307 -0.0672339995920594
-0.000202331915500948 -0.00904170555444778 -0.0370160889791204 -0.203883091980626
0.00578999668250096 0.0110183017316057 0.0166111953440444 0.143913528343302
-0.0163172105619367 -0.00437494251911753 -0.17202329820118 -0.00519991998151174
-0.0137452923376635 -0.0142571480564521 -0.190613478106927 -0.395982858068503
0.00241044202132507 -0.033902602823366 0.338908418105489 -0.507072879026852
0.0326889285165186 -0.0232339710901884 0.803390612870594 0.116713097320419
-0.00869248977603085 0.0195549823153307 0.334003042802856 0.838398534572604
-0.0062516345916403 -0.0192314201713125 -0.260803181835803 0.581059669802908
0.00764239749968985 -0.031559267285669 0.076773970406728 0.00635447252071584
0.0141671029246752 -0.00265772461519207 0.0900174805098425 -0.643489670966319
-0.00460616394036597 0.00482687031849414 -0.685928813377392 -0.580141407855587
-0.0152701136098817 -0.0152130264070598 -0.767590250248716 0.352858549288553
-0.0361684357682867 0.000378873802646434 0.0252996884270288 0.678878433920857
-0.0225515414747076 0.0240311015725587 0.380602301043663 0.252690096675574
-0.00463159512139278 0.00269156788238503 0.209687951375972 -0.0814592576501705
0.00491357713677083 -0.00611048322411385 -0.0396049365678313 -0.2112408877255
0.0104173654252142 0.0150825856764597 0.0174601043352191 0.141639382001787
-0.0100158127815826 -0.00250367028302565 -0.172764654235849 -0.0120633155715511
-0.0107468682260381 -0.0115132738896397 -0.183232765216882 -0.402600398486562
0.00473972263258212 -0.0305729238864956 0.353632178193029 -0.495843020908164
0.0401256317160681 -0.0191828213123282 0.804727981825922 0.145691516366075
0.000978061679245176 0.0348586389061444 0.315059000830288 0.852336035109008
-0.01284878853216 0.00811040592898104 -0.267238438985512 0.57572387998408
-0.00496739574137435 -0.00465415657799776 0.08202153922464 -0.00130405779875501
0.0197085462214304 0.0195009090879465 0.0777795166591737 -0.647746127509608
0.0100966287972799 0.0100081655686726 -0.695229200809943 -0.564403815701319
-0.00894720604167805 -0.0160650525736005 -0.756518239421952 0.374032170223507
-0.0349859080657787 0.00385173273899 0.040118306718023 0.675329987399509
-0.0188150118076427 0.0247289475606306 0.382535194119587 0.24651036909051
0.00131511213063884 0.00367616988918897 0.202874466515081 -0.0859628223499111
0.00909754440562279 -0.00156463320070847 -0.0392080680757962 -0.215708848599113
0.0142044786247563 0.0187064843498805 0.0205862797406156 0.141695973534296
-0.00307820138669045 -0.000325823055515265 -0.172090077566625 -0.00984302446137748
-0.00761990595867092 -0.00842892840097377 -0.194107336021358 -0.399820716710134
0.00424989267275521 -0.0273076872761841 0.337323944116019 -0.505575125303876
0.0468237873106579 -0.0185265289396434 0.806752533154319 0.12087367963799
0.0118474673351911 0.0496017962057366 0.339356617072914 0.843059043633622
-0.0190924371942166 0.0350773594062595 -0.256107755965679 0.580459361718615
-0.017841340418206 0.0226333301975768 0.0812765736679438 0.00400432832860072
0.0228912346156003 0.042038208603578 0.0913493519692409 -0.645885537477432
0.0240711989582529 0.0157347618097841 -0.682670002367568 -0.582439315892641
-0.00228605158444899 -0.017389179620525 -0.769511450030217 0.354047118127614
-0.0346345162977238 0.00490034318986402 0.0199551122647812 0.678102624797651
-0.0148387803150203 0.0246269288104757 0.376691425719617 0.254919421551879
0.00880516823317662 0.00572749633720842 0.202029641168147 -0.0816705519503427
0.0124109105399072 0.00339661934982739 -0.0382897360527835 -0.21722041133637
-0.0105084668447278 0.0153183939658365 0.0101064137698487 0.171354654883345
-0.0107974096864929 0.00833156575538565 -0.150610389911481 0.0888708535880714
-0.0176138997387811 -0.00442863562012594 -0.317081009615709 -0.250305439651337
-0.0212076997347386 -0.031421191649369 0.0324510383852935 -0.585449375626129
0.00509153545238403 -0.0423654042661482 0.688753296414348 -0.313584298026195
-0.00841260469392346 0.0076266361217739 0.663514389726936 0.517493620373789
-0.0179471665216732 -0.0279214650533505 -0.0429567785845235 0.653094791034738
0.00456138687054893 -0.0529628249679614 0.0207660623530024 0.133059369718484
0.0106111625892678 -0.0296813158109984 0.294177826925959 -0.518632811630836
-0.0177491707756796 -0.0104418267931302 -0.309775280895172 -0.881512631930309
-0.0106596211062365 -0.0237154360377037 -0.886830541934794 -0.119260848457698
-0.0331750037149274 -0.0297455830279696 -0.333104775456346 0.616749137718196
-0.0318542006324215 0.00727375223432705 0.251724714655584 0.403461351254691
-0.0152360560819889 0.00626787866162615 0.250678025939215 0.0198510246633289
-0.0130665400955508 0.000807869312191689 -0.0214231733110117 -0.170943210308652
-0.0115896023513365 0.0113850503827929 0.0113223595832968 0.165891132988363
-0.0179013263369836 0.00715628467606408 -0.156079158172968 0.0737384363893229
-0.0209535621705457 -0.00676443363865193 -0.299462851388714 -0.275520826088598
-0.0187730342545934 -0.0350110322419552 0.091534909862865 -0.582748349402098
0.00644085923165425 -0.0399493463534818 0.729830000575202 -0.24721972447719
-0.0183179645568563 0.00524696212637781 0.620536245316011 0.585385336902817
-0.0174159347928485 -0.0436333380091325 -0.0893467807932967 0.647739765339666
0.0127930849088129 -0.0660171418160278 0.0285145116178003 0.110689971698839
0.010490045692825 -0.0395885891956595 0.262919821471975 -0.548093120753546
-0.0249379604379651 -0.0138561103495602 -0.392093345436741 -0.839304748855006
-0.0153525481817652 -0.0231550626305266 -0.883255293287198 -0.0251875625181983
-0.0347427775737506 -0.0266099352938518 -0.262633141546579 0.645812466861998
-0.0327098307884139 0.00851693885311533 0.284152757682365 0.379296660901685
-0.01635158248769 0.00490944785406328 0.246046599333606 0.000106309766832207
-0.0119393204449967 -0.00452228505526383 -0.026548446203869 -0.17820555642667
-0.00675649979846796 0.00944184611777069 0.0103385286031856 0.160908785062148
-0.0211263725766759 -0.000733527251170042 -0.15525235885869 0.051184538848953
-0.0211545050609655 -0.0126447142519838 -0.268919167512413 -0.320052983275293
-0.0114109250988261 -0.0371853791692117 0.160587236666011 -0.578185671948626
0.0100628526831149 -0.0365747367246152 0.762168926542696 -0.155265165895822
-0.0220976693618503 0.00260429169659885 0.552371313835131 0.658559629943434
-0.0119754186204585 -0.0521916039742737 -0.142201855030388 0.631928333911778
0.0183373046903889 -0.0708929644903153 0.0391213635695382 0.0833408082183438
0.0103638389936656 -0.0418919780281705 0.21854949395522 -0.575526779379859
-0.0268213973912091 -0.0120224190913373 -0.482149531164812 -0.778599732831101
-0.0195493599549423 -0.0209213681332922 -0.863924337622625 0.0867684242273916
-0.0358141413976521 -0.0219228855564875 -0.18083036314859 0.666401823759781
-0.0325425663282456 0.0119796706610146 0.316995211297709 0.346894310589344
-0.0168733015772026 0.00286484260056546 0.240308928642853 -0.0217030038379987
-0.0096270436406008 -0.00815811958307369 -0.0301090363546314 -0.185191940401316
-0.00341055641028048 0.00790827619012579 0.0127772790114042 0.154140559509468
-0.0232542861637149 -0.00278972039155213 -0.161924175005456 0.0292879079866522
-0.0199318935723051 -0.014876830000537 -0.239479047821926 -0.350202891573086
-0.00632661286824025 -0.0382843201060998 0.231000995316629 -0.556571616723974
0.0153479812424327 -0.0329886435278098 0.784905700553961 -0.0517096059459959
-0.0214869355698379 0.00239282177214648 0.472684374924035 0.733508593133604
-0.00708934276708867 -0.0514604339327335 -0.189244855710618 0.613671371436078
0.0193323173425605 -0.0675127768293268 0.051804493941312 0.0544521695970593
0.00994864707540086 -0.0361854052801259 0.167759118500502 -0.603729343300479
-0.0250124570532682 -0.00737093904221703 -0.569601040202722 -0.705377500375434
-0.0203190341891565 -0.0180395662847041 -0.833395450247115 0.195959855764638
-0.0366941570318635 -0.0142433249872833 -0.0991006826756601 0.676330844546044
-0.0304024036083715 0.0169241572763471 0.347338091728248 0.309091830309287
-0.0146658133059565 0.00245233755468154 0.229674496589249 -0.0449648080875954
-0.00526737150363974 -0.00960225229068383 -0.0349079940320184 -0.194082948899588
0.000833936929494574 0.00869965362891641 0.0128155667483759 0.148187257439764
-0.0209193188604504 -0.00451763835520001 -0.167379484161258 0.00850933064804617
-0.01706261161078 -0.0159867733816308 -0.210839812424129 -0.377413107878954
-0.00121394601129236 -0.0362481816456226 0.295793240026523 -0.525638865212462
0.0227809623607145 -0.0273532660385301 0.794794904663995 0.0494820119503341
-0.0159953232604392 0.00766630265656209 0.388955876423984 0.793622920423894
-0.00394783125033957 -0.040466172082449 -0.235882826482702 0.591070181514947
0.0161707823108399 -0.053844402644197 0.0657492730676128 0.0253292540813228
0.0100293459520972 -0.0224374614442851 0.121700186041471 -0.624994201681002
-0.0165983176396392 -0.00065951502147113 -0.640738628881245 -0.628787825916284
-0.0189947275694856 -0.015789047176236 -0.792103214079473 0.291690842106751
-0.0378754628068355 -0.00572654952741834 -0.0201587091663585 0.676645350409114
-0.0269920536466834 0.0209991134433789 0.368301560323501 0.274753645538528
-0.0100968616949766 0.00191310010051398 0.217652466242032 -0.0663296503153806
-0.000168964143658233 -0.00824266088688984 -0.0367992600275535 -0.202787594128844
0.00627133022261064 0.010313176770165 0.0148278619975703 0.143827920343367
-0.0163619857745535 -0.00500847625770254 -0.169382702179806 -0.00645418978749338
-0.0134286826913762 -0.014939412989156 -0.189330053773029 -0.394579329135015
0.00296820959554172 -0.0339596529134623 0.3371055232763 -0.504444650535055
0.0313842741805268 -0.0225117442572328 0.798379005503169 0.118358021890346
-0.00834411667014811 0.0196552702777748 0.32929836358714 0.831422381389386
-0.00631605894202475 -0.0196302035217533 -0.259140216420098 0.574333015872347
0.00750913882422336 -0.0313539159302722 0.0759162461481686 0.00644064728443418
0.0142493538484781 -0.00353396112388586 0.0891134543254512 -0.638386916359515
-0.00439246480956428 0.00491445097001294 -0.679047033062258 -0.576479489304277
-0.015513352849817 -0.0145873282341966 -0.759758991584153 0.350082969168785
-0.0366408612456348 5.75612906592929E-05 0.0269038130884469 0.673332252561976
-0.0223587983540176 0.0235737151929381 0.378776144940947 0.25071407128028
-0.00497039204750502 0.00268294349243067 0.20712287134105 -0.0803562819172082
0.00505181794768439 -0.00674442496714923 -0.0392220517762021 -0.209698283724528
0.0110168843438654 0.0143515306839908 0.0175705555870789 0.141317212902294
-0.0105413208832182 -0.00361099556513908 -0.171941690949201 -0.0120268770722417
-0.0105911102027177 -0.0119133128006626 -0.18385283237187 -0.401444872307259
0.00497179185263071 -0.030517861845569 0.34993089827976 -0.492160137623812
0.0401130232360855 -0.0189599850350469 0.796317348879657 0.143852334616268
0.00131841371891476 0.0354472101041993 0.312373305978655 0.845348494866336
-0.0126409646132249 0.00672587981176268 -0.267066637036511 0.570557395732334
-0.00504452637562575 -0.00580098618945268 0.0814829542496176 -0.00123760858604282
0.0187549948381167 0.0186180314681479 0.0789010732084681 -0.6428931070278
0.010602944930213 0.00992223446036952 -0.689048148878959 -0.558977467083786
-0.0093829339981273 -0.0157115924016011 -0.749791834641055 0.372185503851863
-0.0353440531221524 0.00465236289752083 0.0397699804676907 0.671086229062046
-0.0182796647029839 0.0248441567097996 0.380656175540016 0.243627485532063
0.00159797832143282 0.00383190780237413 0.200367138409421 -0.0849287059727538
0.00913672680393951 -0.00175780642726448 -0.0390258253541511 -0.21486461064013
0.0148381795420619 0.0181993581794032 0.0208341835019584 0.140799194585492
-0.00329720623779311 0.000103869830250398 -0.170589984596603 -0.0109194228687195
-0.00795532406001189 -0.00886517349577365 -0.19509325483317 -0.398534619737821
0.00469312474171846 -0.0275699883590326 0.334339302843101 -0.500783197117597
0.0466719697260352 -0.0177908235539602 0.800697399084665 0.119260508263836
0.0118667233004639 0.0490591536665129 0.336783487213994 0.83675272477608
-0.0195221792394243 0.0348027397344657 -0.253953336206924 0.574785318864129
-0.0179235995431195 0.0220221080794402 0.0804687890556151 0.00356846297641432
0.0225562985166082 0.0411996086193169 0.0913742657537642 -0.6411681210279
0.024723811990639 0.0150190939913659 -0.676759332728223 -0.578069598363345
-0.00251702597700057 -0.0170993928115294 -0.765010095733615 0.351886912509127
-0.0343662389068446 0.0048819600650019 0.0194647582050339 0.673230163650357
-0.0149601371228483 0.0242598209107078 0.375042966672554 0.252661893329931
0.00842951571865339 0.00573053048964628 0.200124493568378 -0.0805939499144671
0.0129974232512065 0.00302495987530995 -0.0390157348341067 -0.215812772329982
-0.0102410994628052 0.0152781777317747 0.00906369960539463 0.171064096669076
-0.010948629099964 0.00814345366964074 -0.148158038789425 0.0878973089599228
-0.0166884327488529 -0.00400213882487123 -0.314043663115432 -0.248486345269317
-0.0205255471425091 -0.0322153756341264 0.0318340400482659 -0.582258734413282
0.00516468185459367 -0.0412351212951461 0.687283010881003 -0.309233452429117
-0.00801347201156905 0.00802081719937345 0.657103415454766 0.516873040121233
-0.0175505193362611 -0.0281505091006559 -0.0457344428601457 0.646280207866109
0.00424448757908704 -0.0532905181847324 0.0204701211135697 0.131622972384563
0.0104502073021234 -0.0303119648052403 0.294750062388698 -0.512947732748768
-0.0184142874585147 -0.0100829868810498 -0.305333203588608 -0.876458843479258
-0.0104580195306439 -0.0233281159230484 -0.880800451438095 -0.121344963772081
-0.0327916824530757 -0.0294452653865756 -0.331956660078169 0.61373173615779
-0.0315948781933688 0.00751595132859329 0.24953439167293 0.401659869698065
-0.0144918339345083 0.00720710433200708 0.24859553843911 0.0198429544414132
-0.0126903508050621 0.00123438660154443 -0.0210163692739585 -0.169845586136853
-0.0111921436197633 0.0105490811029914 0.0101212057398888 0.165935368142783
-0.0171789766050378 0.00659273530535364 -0.154671386087924 0.0734094834168098
-0.0205207503079981 -0.0068953134599585 -0.295901465848672 -0.275295627907776
-0.018170932041107 -0.0347167922584631 0.0913083427070431 -0.578925040626184
0.00614828074413844 -0.039201600083779 0.723424110672564 -0.243688396131473
-0.0180844480389826 0.00506875719433463 0.614461955414119 0.582073769253857
-0.0166362816727018 -0.0444291682512095 -0.0901306885342819 0.642425234407839
0.0126531197130573 -0.0659330777256633 0.0281824676334349 0.110328723857439
0.0114545319933845 -0.040458755985757 0.261449816574028 -0.542611945541701
-0.0243239377140871 -0.0138263434807737 -0.386882994069814 -0.835793740468339
-0.0153706435945138 -0.023467002422333 -0.875658270578477 -0.0283579043551508
-0.0338262429185409 -0.0269537581570853 -0.261355707641802 0.640323896884397
-0.0323323599653937 0.00867394250147043 0.28228709073799 0.37650161531866
-0.0157547798533395 0.0043401637237052 0.243800011036199 0.00131596615068789
-0.0114180197004728 -0.00495512924662868 -0.0260047962864235 -0.177117524236708
-0.00640389328267345 0.00925463926478939 0.0100729551258012 0.160106228769624
-0.0217170766270873 -0.00100596800702065 -0.15436666002835 0.0488830103593387
-0.0210656105295932 -0.0127702463227573 -0.26700792595964 -0.319317832929816
-0.0109457020869794 -0.037562084990347 0.160491349433961 -0.573207338068245
0.00938978207751288 -0.0366471141798748 0.758307054685717 -0.151534256139395
-0.0215978240791442 0.00291656873520619 0.547763554697768 0.655626598123811
-0.0120294818342424 -0.0519528246263717 -0.141959709092419 0.627864343458702
0.0184370314589396 -0.0709284562217918 0.0385105900103377 0.082875193695771
0.0109902755880488 -0.0425513968223513 0.217443628167652 -0.571513095399207
-0.025907026870557 -0.0117621610451435 -0.476830055807379 -0.774148862047747
-0.0199946078120879 -0.0202382587467147 -0.857542943919587 0.0850345572988092
-0.0356069509202104 -0.0216921040951474 -0.180283958689381 0.660948182056671
-0.0323382056626223 0.0117028033769086 0.314447546132021 0.345009104631281
-0.0166223398833765 0.00308454871687674 0.23794634791122 -0.0211466650874183
-0.00942438691139314 -0.00787876002518223 -0.0291435991918171 -0.184072487803148
-0.00308304324737426 0.00722576416765611 0.0118169980354955 0.153449259759272
-0.0226347920537418 -0.00276230105424964 -0.160461507390603 0.0279103361679456
-0.020013692972969 -0.0152554373842763 -0.238139840063405 -0.3495970069747
-0.00525695229112059 -0.038025979220039 0.230717634484248 -0.550778218702302
0.0149662833584378 -0.0322354595102704 0.779004114073945 -0.050459252791886
-0.02112735594325 0.00304902063640428 0.466922446056013 0.728795014282627
-0.0060206211221607 -0.0511012195469766 -0.190876441171671 0.60966876227574
0.0197316995838628 -0.0670715198715199 0.0513432304500371 0.0543196196924474
0.00966431787918156 -0.0363071788882924 0.169237271590274 -0.598823006660067
-0.0237376541332952 -0.0064547635738144 -0.563220424219915 -0.702955781021438
-0.0202718209620028 -0.0182245237171538 -0.827367808658559 0.193541437650547
-0.0371228149542821 -0.0142695822298465 -0.0975878534137984 0.670464224263472
-0.0299691063877797 0.0164837466510098 0.343344338041914 0.307607154938192
-0.0141802169601803 0.00202442693710486 0.22791704794932 -0.0443000708527297
-0.00512337023096299 -0.00927181976980197 -0.0337042736633758 -0.193132251342224
0.00161697469985772 0.00829832947070825 0.0128519815701916 0.147378897489398
-0.0208656842326873 -0.00512383465721068 -0.16634889479507 0.00665033900104205
-0.0172703827379062 -0.0160693677906812 -0.209275215716647 -0.376455024254767
-0.00068617465216174 -0.036458606985149 0.295755180547069 -0.521300580556575
0.0220625648083805 -0.0272887946802616 0.78989769472501 0.0511527515996846
-0.0164872627025297 0.008378568681084 0.382442889399939 0.788970601447902
-0.00349837977321029 -0.0404165912395636 -0.233961984395516 0.58683764834971
0.0156772207917042 -0.053891825186285 0.0649709367868296 0.0254579828984106
0.010811530459744 -0.023576166000466 0.122848569677647 -0.61950368518216
-0.0160289048749093 -0.000645276888058863 -0.633757255577164 -0.625683649536701
-0.0190822216120958 -0.0151472894981784 -0.78626902322419 0.289353127075389
-0.0371051612342936 -0.00633250085537561 -0.0207623294008792 0.672513279034412
-0.0262382738680545 0.0205337259951117 0.365511083010199 0.274307223769598
-0.0103210762429843 0.00208507984626018 0.216543683595198 -0.0653904406610765
-0.000149511397542566 -0.00861790926903258 -0.0365252926632336 -0.20033570258387
0.0067800665847241 0.0103633273095403 0.0151847318675584 0.142639913134599
-0.0167587724020516 -0.00502582692280841 -0.168604542243326 -0.00787355495685925
-0.0135875878400761 -0.0148989300137428 -0.188644196085032 -0.392084007386745
0.00332469752381866 -0.0336948093900528 0.334813015963341 -0.498617835449986
0.0309670336377685 -0.0223190571128114 0.791124777919287 0.118263255876726
-0.00815231145417698 0.0196605708438742 0.324967200733625 0.827560826474495
-0.0059854131679233 -0.0202112864531178 -0.259110850993332 0.571471274892952
0.00634188007698536 -0.0321477061884374 0.0746988396561335 0.0066993503444624
0.0145979160849081 -0.00406381723603833 0.0896684450127762 -0.633872166772005
-0.00325912269243341 0.00523802299263412 -0.672423913175643 -0.575428899821644
-0.01524958336172 -0.0149494012961559 -0.756866404378096 0.347232461686743
-0.0361426176494896 2.60965809333776E-05 0.0259891595145812 0.66805989473139
-0.0221001815952905 0.0236819742978827 0.376814518895653 0.249779785022015
-0.00461724633966115 0.00238840607654332 0.206003801100053 -0.0795305221016022
0.00514696262297241 -0.0059048149396961 -0.038253302488388 -0.208751962565583
0.0109970579724343 0.0138523759050413 0.0170587100943062 0.140619044042885
-0.0105832514318314 -0.00317665573598737 -0.169254952226135 -0.0138425354815813
-0.00999754327234844 -0.0126580448026319 -0.183607820779583 -0.399599556212013
0.00482572099039837 -0.0308592273287379 0.348414655643128 -0.486740085946241
0.0394336773997052 -0.0179894104607031 0.791516929691655 0.144277085277093
0.0015628090025116 0.0349225260524069 0.308983124456667 0.840606764957945
-0.0129104788333872 0.00720507527305375 -0.265297808939417 0.565743740158858
-0.00491626151599804 -0.00586338545395763 0.0809289625893152 -0.000962114473028463
0.0194504346237574 0.0173408286885118 0.0794670079063595 -0.638387464682452
0.0112511778645945 0.0102108503138701 -0.683663378186491 -0.557819722510527
-0.0100238675242487 -0.0148444378297748 -0.743688951365898 0.367483166843498
-0.0355125542531922 0.00372722430995522 0.0397831061645375 0.667608601040958
-0.0175414053461717 0.0244377170649421 0.37833680647239 0.243108823150344
0.00183299700807174 0.00384719406613433 0.199210321977 -0.0845499204507677
0.00936322618901442 -0.00149930036260138 -0.0387353253352063 -0.212915210135269
0.0149076585668094 0.0180164728759949 0.0204557981117132 0.140469656490601
-0.00362672135031625 0.000101018079998108 -0.169264624526087 -0.0119030385778092
-0.00782907165672875 -0.00891733420488733 -0.19236922986902 -0.396300548430534
0.00474531911956564 -0.0275320091750823 0.333296368620083 -0.495976689030814
0.0460605382120814 -0.0169455544060518 0.795446004825849 0.120435713488438
0.0117447126478534 0.0498081905513739 0.332123426852146 0.831991108948988
-0.0188375980262221 0.033526536302805 -0.252639188942607 0.572699054155702
-0.0184317709088002 0.0210441665608069 0.0793998396331431 0.00381105122239783
0.0227644099074017 0.0400977644227497 0.0930096601462132 -0.637629717244048
0.0250581327456015 0.015213884864669 -0.669877523683709 -0.577468867405819
-0.0020104719874534 -0.0168132720885458 -0.760723968446068 0.347446846559052
-0.0343850725907722 0.0047420263833853 0.0199637605358216 0.668275700939916
-0.014236641268817 0.0239766140243502 0.372338496749938 0.2513299742036
0.00881818804369149 0.00537395007521143 0.198429479466469 -0.0798946918054319
0.012426309070709 0.00395568824278755 -0.0378208393007088 -0.214669324511534
-0.0101732034436766 0.0154578763578538 0.00831173510770225 0.1703284139655
-0.0102190121414764 0.00774776296347275 -0.146639427116358 0.0868023720700171
-0.017117718968919 -0.00435504388533932 -0.311917661911332 -0.249131115761276
-0.0199567701827352 -0.0322677439921595 0.0331825127956647 -0.578791912694243
0.00461167907206801 -0.0416987582573284 0.684130569743944 -0.30342169519585
-0.00774956750050063 0.0075229246141627 0.652193643386679 0.516686869702306
-0.0175659366539814 -0.0288151594689027 -0.0465119779712784 0.643055795035203
0.00424821095259999 -0.053232294222432 0.0193253356443184 0.131295646050824
0.0101597427069051 -0.0302213287359887 0.295022875201642 -0.51027153917315
-0.0176919479507037 -0.00994098295565667 -0.300314466472784 -0.874001112523797
-0.0105737487581999 -0.0241481575734582 -0.877331584473401 -0.121946371157223
-0.0329837041526392 -0.0297728963894337 -0.330987484052341 0.608547845818146
-0.0313786252837018 0.00701781580124545 0.247905580190924 0.399452387811832
-0.0145506458134215 0.00643814882947527 0.247331104631355 0.0209705265566213
-0.0128772923611222 0.000114295440040066 -0.0205888247250429 -0.169034948507848
-0.010472636220847 0.0109781615517165 0.0099997122010126 0.165899916562032
-0.0176138920793867 0.00556154703475562 -0.152199577502506 0.0717143197254641
-0.0203613451028742 -0.00723722471946084 -0.295050874811722 -0.276449318130199
-0.0176187857632746 -0.034935894476673 0.0923583911297165 -0.574949448710393
0.00630766416659515 -0.0390314944764578 0.722463945672297 -0.239771344089868
-0.0180612823296826 0.00590183713380761 0.609485574470789 0.580916526339168
-0.0165763801296171 -0.0449399478629636 -0.0914121869833442 0.638202825830429
0.0125893500546342 -0.065297083841665 0.0274140494017562 0.10956075326026
0.0108244632554417 -0.0405880502628462 0.262592943746941 -0.538169104812681
-0.0238389459263606 -0.0137297282468855 -0.381055005980719 -0.836019389118618
-0.0153913549450868 -0.0232203316727164 -0.873022853131296 -0.0291956415228336
-0.0337324184921285 -0.0268384035112991 -0.262343883975647 0.636470601745217
-0.0320204988835823 0.00789990702946585 0.280671287634998 0.37600373811292
-0.0155351602746481 0.00446751089848513 0.242776267463396 0.00191866109469435
-0.011650785314855 -0.00457808901627014 -0.0249026163247433 -0.175948115934132
-0.00566809771628631 0.00912642858779889 0.00969603902899368 0.160484151760785
-0.0220390243509067 -0.00128353848774647 -0.152709638132838 0.0469822268709856
-0.0207491583027491 -0.0131974015583408 -0.264849872679756 -0.321083682976491
-0.0101911484673128 -0.0377210235831692 0.160601218931737 -0.570822717677634
0.00920608108064208 -0.0361995859602356 0.753690506365295 -0.14954286738091
-0.0218873853698112 0.00284670105079642 0.54146990738194 0.654966553570485
-0.0123644994334952 -0.0526798803229599 -0.14399488123898 0.623558609731965
0.0187597591447199 -0.0699269479198769 0.0378313737887994 0.0828637620363515
0.0100179461404189 -0.0422220871600254 0.220014614471054 -0.56785473304002
-0.0251231430288176 -0.0117633012410509 -0.472387416757807 -0.773213011193125
-0.0192505199957574 -0.0199475930878648 -0.853200832763585 0.0827831165780663
-0.0356564919259068 -0.0211349309634975 -0.180329320190137 0.657800668509712
-0.032087733399901 0.0118728184497656 0.312621878007478 0.343361921626244
-0.0163777555301878 0.00281009545751217 0.236885711207592 -0.0205785630177846
-0.00913986586859702 -0.00821677233576602 -0.0290404748046742 -0.18359136725704
-0.00243417490496042 0.00673234279722696 0.0115760112757322 0.152881834300311
-0.0225014156723201 -0.00397605457842297 -0.159207664951753 0.0264694462035218
-0.0192221533312991 -0.0154868522170775 -0.236568019696202 -0.351619811268327
-0.00514950753786485 -0.0383362377186509 0.230568959348445 -0.547688061131105
0.0146036198385847 -0.0323197228849284 0.776415383094567 -0.0474229770609282
-0.0210467018353391 0.00319825144671086 0.462699374630538 0.728187248488133
-0.00661434869379703 -0.0512236340454644 -0.190960605956341 0.606562389379996
0.0191556057562863 -0.0674407988778961 0.0510307663674657 0.0542766385329728
0.00962251006443448 -0.0372362536662131 0.172122072172262 -0.594745819549471
-0.0234849528844014 -0.00662026311152532 -0.559522137820197 -0.702281231000102
-0.0199921898109345 -0.0178458732814268 -0.824148099509444 0.189335050940362
-0.0371985932631601 -0.0143410732691978 -0.100431453348565 0.667828071850577
-0.030566033194621 0.0165369225570231 0.343191555562163 0.308239311778375
-0.0144452595591946 0.00234910915093451 0.227425303615285 -0.0427364105970329
-0.00450098282523612 -0.00975721763209695 -0.0326759692817354 -0.191901974419902
0.00212228020250432 0.00773120296963007 0.0125558085338123 0.146839678225997
-0.0214897447337222 -0.00543287283419001 -0.165330225724185 0.00562929564076626
-0.0169994102242325 -0.0158520549061831 -0.20891109575258 -0.375998183406937
0.000412320976206165 -0.0371495305909658 0.29549797932323 -0.519287750596301
0.0219185261524855 -0.0269193673394384 0.785345858245422 0.0532095197113026
-0.0158728759147877 0.00835371934371455 0.379171204827226 0.787117989109164
-0.00318152389869426 -0.0412719760290595 -0.235264715109643 0.583141706965396
0.0159289717309046 -0.0539128118803109 0.0643648516764528 0.0261312757645667
0.0110157567074337 -0.0239256130117738 0.1254606316964 -0.618429972069075
-0.0157792742411187 -0.000805165374534206 -0.629418771094104 -0.62753217971171
-0.0196438928582118 -0.0151914394731934 -0.783208913223828 0.286427759995117
-0.036830524040503 -0.00636292856416985 -0.0226029350472514 0.670330391654928
-0.0263708697398539 0.0209484122375092 0.362653182662403 0.271977595513723
-0.0103044015556736 0.00251680361479015 0.215307158749164 -0.064511616732448
-0.00019806586371379 -0.00821734742252741 -0.0355359390435137 -0.200633525995001
0.0069527625112859 0.0103437965435534 0.0147685184253123 0.142292781604586
-0.0172479927184993 -0.00558572106628328 -0.16689511708182 -0.00905112173291375
-0.0136324926081466 -0.0151883782213968 -0.18931112247582 -0.393007829158267
0.00334669893589444 -0.0344614048949984 0.335029459074074 -0.496024205435662
0.0308585439020287 -0.0218784661253053 0.787001507854513 0.119961846608778
-0.0085168253247721 0.020297688519582 0.321671280240259 0.82370710418069
-0.00620394215384767 -0.0208764712116827 -0.259581955374128 0.566039236472278
0.00720650685907534 -0.0318731413295991 0.0744191697444225 0.00647035532566122
0.0144830637235868 -0.00487067605861903 0.0923526152737772 -0.630049070940787
-0.00277687474317961 0.00466327925697621 -0.669573263062799 -0.576796394002153
-0.0153664431871094 -0.0140643325113738 -0.75317818256558 0.341915291222069
-0.0358901607439582 0.000367222777557047 0.0252304906638346 0.664622994295482
-0.0219779927398643 0.0232233885858387 0.374239006930868 0.250116752416329
-0.00454241977721975 0.00241328195296766 0.205018272963558 -0.0783269212981418
0.004929334875537 -0.00541066990059543 -0.0383831863180833 -0.207499774369594
0.0116055644510277 0.0135127945588783 0.0170675437082963 0.140936593506062
-0.0107331252182921 -0.00367701759419213 -0.169022001957726 -0.0148335354487948
-0.00973686216067638 -0.0125052548566798 -0.181747045866914 -0.399433352020509
0.0048643695231984 -0.0312207272870046 0.348443242779589 -0.485794686254428
0.0393001528714809 -0.0173829052437417 0.787634276707833 0.145411008182335
0.00128470942126315 0.0347606912492175 0.305129244500294 0.83676922039057
-0.0128149541602052 0.00659285961968202 -0.266752668587584 0.562587958033825
-0.00603796732341562 -0.00558240170225198 0.0796608196869176 -0.00115915882729073
0.0189546266075537 0.0174618008564676 0.0819396239484503 -0.634816024013046
0.0111417486294087 0.0108568116629356 -0.678148380741443 -0.558064618846187
-0.0094804352406912 -0.0148809406586154 -0.743364614211359 0.363896632177027
-0.0358852082074929 0.00415130326118307 0.0390313445786898 0.66420750452984
-0.0176504876978346 0.0238181280828366 0.375726976003831 0.243461446864442
0.00220228170524182 0.0035604015586402 0.197886460978012 -0.0828075334983205
0.00939809819279466 -0.00150542430509047 -0.0381451675762757 -0.212673715609652
0.0154895960330636 0.0170501449133726 0.0192806051576166 0.140157039618245
-0.0040650740999753 -0.000915603116076679 -0.167565173780851 -0.0134230318704467
-0.00761401949636165 -0.00876323044829884 -0.191685878313314 -0.39605892200901
0.00453041102592129 -0.027721964025846 0.332822521948127 -0.493550570789269
0.0453724406215977 -0.0165011428099308 0.790333792078861 0.124838542940075
0.011961413848315 0.050007652172675 0.327901076677658 0.829979974332906
-0.0186941850362664 0.0328654542038795 -0.253895906041973 0.568618173205406
-0.0193405773414096 0.0209443280530347 0.0789202280758556 0.00392768487585124
0.0220428333418699 0.0399017540503886 0.0958452383255366 -0.632935665084903
0.0256233990394876 0.0151943280363016 -0.663327462130361 -0.576957307742189
-0.00193740786269081 -0.0164500158890352 -0.755974665532514 0.34379313459466
-0.0344787937712839 0.00504267836251689 0.0203578759056615 0.666838299151329
-0.0144281791575902 0.0239782275830236 0.370117137537763 0.251506888645486
0.00822717100305533 0.00561223966826364 0.197594822279771 -0.0783506620507037
0.0125540546490863 0.00361975059146232 -0.0367946850066963 -0.213896116916181
-0.0100045857372392 0.0151631741628061 0.00740575996831089 0.170311231882934
-0.0105855236063753 0.00701835357258085 -0.145209672403032 0.0850907690667289
-0.0168492481471107 -0.00513177495657552 -0.311106557494949 -0.250349998989062
-0.0191881961439211 -0.0320212681569943 0.0348051153640471 -0.575901869191814
0.00485350902297133 -0.0409724251393243 0.682837614045266 -0.300281763161177
-0.00808288400269314 0.00779918582416283 0.6478823351632 0.516922781531175
-0.0172654014925602 -0.0291798718997215 -0.0509141452408552 0.639645298359235
0.00379056354819694 -0.0535262051699113 0.0191364985618179 0.131024831041141
0.0104302871746943 -0.0309580329692161 0.296608793110936 -0.507684152473761
-0.0172196906931753 -0.00938317109007567 -0.29725710095408 -0.873353996371976
-0.00987481928510241 -0.0237759943451933 -0.872408312038251 -0.125445179143808
-0.0326738454704146 -0.0295544858950296 -0.331495945704069 0.604441465885497
-0.0305093773676141 0.00704884624528506 0.24523906640507 0.400288859703656
-0.0143439728275296 0.00668101539790044 0.24704693890637 0.0210335899833401
-0.0129004773763269 0.000500095040103969 -0.0196040586894528 -0.168799776809624
-0.00949907150079813 0.0103316358601425 0.00933553503193611 0.166091026421379
-0.017058515321038 0.00556464746866939 -0.150661697885409 0.0702369050801795
-0.0197119978130279 -0.00669608551699847 -0.292365876547203 -0.276844433903521
-0.0170553877081204 -0.034975093629173 0.092151394577706 -0.573291794274029
0.00567446225945416 -0.0384189185760913 0.718332036227274 -0.23766453457981
-0.0180828209669324 0.00582866918453336 0.605485372688475 0.582175618728322
-0.0163502367964068 -0.0457131869439548 -0.0951537825871556 0.637084746397452
0.0124707837765506 -0.065791478919504 0.0257036064220422 0.108999883320489
0.0113741748928848 -0.0408182903210802 0.265191367453399 -0.53504415933785
-0.0225718048889479 -0.0136483622406872 -0.377381897710386 -0.834879932906856
-0.0156853198772966 -0.0231381016560142 -0.869637682855698 -0.0318241763874826
-0.0343715576269153 -0.026958084874009 -0.262370667964521 0.635261161614737
-0.0320367261597799 0.00872433713696861 0.277191575531886 0.374985127636531
-0.0156803828669412 0.00407975734931339 0.241450630943906 0.0018062211961814
-0.0111883308677531 -0.00476384205148933 -0.0244085622235412 -0.176303077601508
-0.00539249142530855 0.00895009916993433 0.00898315034930742 0.159783518224262
-0.0211694299759569 -0.00185463989378581 -0.152050108348789 0.0460780295708044
-0.0202994781269773 -0.0130619036742237 -0.265357263751553 -0.321458289254831
-0.00999305405328263 -0.0385901454763936 0.161243360141046 -0.567583912865252
0.00896548576297275 -0.0357069509164839 0.751299234772694 -0.144720384786536
-0.0220615150075066 0.00351543815376838 0.538666418184523 0.654978143569165
-0.0119477333892073 -0.0527512076237045 -0.146824507289919 0.621510138444185
0.0184858781973752 -0.070873069086305 0.0373985142236143 0.0825900192885151
0.0109165088962007 -0.0427210479222699 0.221336477130376 -0.56580551556317
-0.0259679580711342 -0.0118207971776076 -0.470142499532216 -0.771763741434435
-0.0198091741034421 -0.0200644448032777 -0.852952670950192 0.0768829815257771
-0.0357482318125429 -0.0218765236748589 -0.181552750825365 0.654811518573203
-0.0318178813819805 0.0110385390026389 0.310828669614255 0.343853183513453
-0.0162316592807335 0.00289460084623047 0.236438325091424 -0.0196396415033451
-0.00899675661227622 -0.00824931867862689 -0.0280308779814097 -0.183278328847071
-0.00231528137954499 0.00714525817202516 0.0108340759455829 0.152977654741666
-0.0229731094738656 -0.00453034214576567 -0.158049045202307 0.024665081787069
-0.0193593647283942 -0.0151524023545685 -0.235186431768936 -0.350663155699731
-0.00463607780202388 -0.039104590559371 0.231616747651073 -0.546625039981451
0.0143318368509792 -0.0312385241198869 0.773737489652295 -0.0432393561846319
-0.0207106012011332 0.00370886431398417 0.457598038848127 0.726697195281586
-0.00614244098598279 -0.052231433532205 -0.19372843476426 0.604090328635396
0.0194556050377351 -0.0668814817680258 0.0504944296749587 0.0541282394761285
0.0100791004118726 -0.0371689902777492 0.172941287534304 -0.592575850055775
-0.0224555004936351 -0.00760991249634503 -0.556302639432137 -0.70103006283318
-0.0210988195916868 -0.0175335920105273 -0.822911348235252 0.186175882624284
-0.0371025345337015 -0.0138957685961645 -0.101332665320621 0.665278961621635
-0.0297694091396907 0.0162635087188607 0.34090171114797 0.307613839577961
-0.0145458067765316 0.00213960076398131 0.226129903625567 -0.0419900249333307
-0.00535218817056089 -0.00929780491091313 -0.0328654703375295 -0.191476911066131
0.00231726488464279 0.0075594471206297 0.0117717851775804 0.146555654144549
-0.0218228656078714 -0.0059345306526655 -0.164121485029479 0.00464235785543284
-0.0169907085179376 -0.0161785175053014 -0.207183528663007 -0.37713079416432
0.000364975942887392 -0.0376635878338777 0.296194467341923 -0.515979490024217
0.0220374950107754 -0.0267200139181039 0.782748677015783 0.057662648959829
-0.015600459052384 0.00865965679542158 0.373943522421614 0.784933560485857
-0.00382782482744803 -0.0417823029121848 -0.236792382616733 0.579826379342366
0.0157889920083355 -0.0541584709537109 0.0644973367902147 0.0256885389170064
0.0109939434500864 -0.0244312143727701 0.127436863627103 -0.614124651928411
-0.0150221896450552 -0.00107562501444795 -0.623878770336825 -0.626747644442961
-0.0190369929827083 -0.0152803601094871 -0.782296923817796 0.279625888081822
-0.0371712279814918 -0.00596767729328807 -0.0235109591015166 0.667039286405088
-0.026340595276293 0.0208407220634359 0.362190163010952 0.273979697664999
-0.00960843459852574 0.00241849964793667 0.214793788796045 -0.0644372623815105
-0.000235222256011894 -0.00822403099573865 -0.0352227222919414 -0.200076365635044
0.00760239077000923 0.00958066128628264 0.0138019475964224 0.142423372289562
-0.0167322471371823 -0.00579815651306809 -0.166304083725357 -0.0099872513311113
-0.0140197261214923 -0.0153371618137886 -0.187724004022961 -0.392461977761602
0.00437167538192879 -0.0340905070076547 0.334972338050406 -0.493178997760007
0.0309282056841044 -0.0208829117059336 0.784380857529527 0.122089375447481
-0.00799752375373032 0.0204089371003141 0.317579569793031 0.823422690977915
-0.00630727667936212 -0.0210244900647995 -0.260774548644964 0.562882802497557
0.00699579214701222 -0.0319051636605911 0.0740709141368979 0.00693787302102801
0.0146031789205532 -0.0047835262260347 0.0956758711207604 -0.627245722019334
-0.00279687691420529 0.00526682889065515 -0.664066318511816 -0.577547887567997
-0.0152378678336176 -0.0137990212909897 -0.752674862318004 0.338322514040797
-0.0374232273466748 1.86832522743041E-05 0.0226173444075502 0.66368105112663
-0.0221027947185377 0.0237029019559642 0.373113966684924 0.249929871947299
-0.0047655939657151 0.00230996925411647 0.204566780548945 -0.0775426070878998
0.00540846495744353 -0.00596700844959996 -0.037333169146234 -0.207135162422794
0.0123083915943018 0.0134038103657498 0.0160076120136271 0.140256472528234
-0.0114133771732996 -0.0039686754679949 -0.1673796440919 -0.0167874796070699
-0.0107629729561833 -0.0127651147217907 -0.182978097703719 -0.398615553243772
0.00567281493546104 -0.0308719755401271 0.348523576684968 -0.482088745997931
0.0390602114758903 -0.0170035653556071 0.785157467023598 0.147963279489222
0.00161480675079579 0.035404925613463 0.300353340299434 0.835519919511302
-0.0133612912805055 0.00502655800287841 -0.267466030502266 0.559197503239227
-0.00585153805936968 -0.00604433696820779 0.0792810488281381 -0.000361195500135649
0.0187031570867656 0.0165861665462304 0.0858724250451475 -0.633250947262326
0.0122494183777504 0.010423122466003 -0.673702281895596 -0.559442552733013
-0.00955621698255413 -0.0143632340380003 -0.741502042558428 0.359745102785402
-0.0347576011523704 0.00293934805611457 0.0367159493285604 0.660925415965916
-0.0173969141333384 0.024179887907795 0.374818447408159 0.243583172753623
0.00199774374823166 0.00310717584414347 0.197738326431543 -0.0816661988399895
0.00948752892855935 -0.00101867888082367 -0.0374600522105775 -0.212213045805411
0.0156633327988972 0.0168794858542483 0.0186091008397546 0.139829356785296
-0.00460052287822912 -0.000951405469072966 -0.167080022087994 -0.0159013411853392
-0.0078375849659655 -0.0100359488224241 -0.192124010392123 -0.395955073027505
0.00477621164039827 -0.0278367789747025 0.332558894821432 -0.490120876601135
0.045637099439202 -0.01641190048333 0.787175033989236 0.124796784801788
0.0120400504757041 0.0499240999866116 0.323213881132539 0.827459701512852
-0.019611072497982 0.032107073280606 -0.255149428443201 0.565973274787387
-0.0189837787041087 0.0200585300101473 0.0777843268605267 0.00412320045722035
0.0219153770959013 0.0393958596458362 0.0988585232336828 -0.629937492424608
0.0253924934340019 0.0154671211216849 -0.660235904473278 -0.579570271877967
-0.00193264453439771 -0.0160570371249763 -0.756807642684553 0.340853926271459
-0.0345148272201481 0.00484965045720322 0.0161293202720384 0.66263824463421
-0.014040707231009 0.0240785513976493 0.368204780416558 0.25209748111736
0.00878668136851733 0.00626397375445962 0.197003335551255 -0.0772348662383247
0.01268631331493 0.00405182616323528 -0.0364908648211952 -0.213162316048021
-0.00920609215318485 0.0141881941804396 0.00672118884631882 0.170403195933888
-0.010956769081088 0.00661987876311367 -0.143434356429424 0.0842206762320856
-0.0160543854805344 -0.00560877404006406 -0.309327471581073 -0.251529822344234
-0.018368196174957 -0.0323070734669749 0.0371051794244818 -0.574110434669355
0.00497378514453352 -0.0402739634080594 0.683413345558209 -0.298257108188958
-0.00773227787946435 0.0079168233309152 0.643906094287947 0.518428684065518
-0.0171346173145599 -0.0299388242713201 -0.0538230954343055 0.638370789183307
0.00379756713193364 -0.053301541723437 0.0180673391639099 0.130595709533588
0.0108732996523569 -0.0311671287632944 0.299131685859456 -0.503870474193672
-0.01619837135256 -0.00949891402156697 -0.291014908675935 -0.873769265995204
-0.0107181561588106 -0.0240148654212375 -0.87261639727202 -0.127959367435765
-0.0329570427524948 -0.029296257201045 -0.332403655361181 0.604833881724424
-0.0305159339728677 0.00683476788888632 0.243302839459571 0.400540681304381
-0.0142529801530632 0.00646460400696073 0.245935300329193 0.0223367704222417
-0.0130142357011554 0.000845070708899934 -0.0188715767748604 -0.169276333869201
-0.00918429382919948 0.0105326708360609 0.00829471997681742 0.165696632260467
-0.01739297830724 0.00596032697910909 -0.150153579791179 0.0682710980513893
-0.0199066856327507 -0.00726096524226936 -0.290847372197651 -0.278642614942325
-0.0169350461870331 -0.0345419883933922 0.0941306480531361 -0.570387452705212
0.00608728838920496 -0.0387218116650957 0.719575335102558 -0.232814466780107
-0.0178092216081043 0.00576082935187936 0.60190897633761 0.584176354619381
-0.0169480154488385 -0.046027380597163 -0.097651926531769 0.635782652479931
0.013025620425187 -0.0656316694792977 0.0253677711131563 0.108240426341236
0.0117136024037383 -0.0409389568743461 0.265931618808551 -0.534612822041384
-0.0228323580623996 -0.0139369488410459 -0.373763667372771 -0.831718209898527
-0.0161102112716802 -0.0231570023608445 -0.867145781301749 -0.0359581669360345
-0.034860913806532 -0.0271942691194221 -0.263376619183869 0.631631374143254
-0.0318664746565197 0.00826602159183687 0.276322916801764 0.37626134477124
-0.0154271745659175 0.00415212006922601 0.241582488832736 0.00308254382483791
-0.0113254241169585 -0.00465477115212213 -0.0236409162983923 -0.176029854047739
-0.00547189721709278 0.00866059738098733 0.00832164186687272 0.159748957525407
-0.0217440130226718 -0.00275212812473252 -0.150553704362914 0.044697806437463
-0.0201939703119071 -0.0135615154300236 -0.263182685280089 -0.321591156511052
-0.00959169092990051 -0.0385356862908512 0.161975499621303 -0.566149749699568
0.00925055867564808 -0.0354574865184879 0.750172862797337 -0.141936683753341
-0.0213157582384408 0.00308333795548674 0.533348488777028 0.65788931480917
-0.0113571507766046 -0.0533767446922227 -0.147596078535329 0.619602081690858
0.0179709875021354 -0.0707113770735744 0.0371738951215524 0.0829652029173842
0.0109325387433025 -0.0441436435174239 0.22558807682527 -0.564062501091901
-0.0250312700578469 -0.0121018219476928 -0.464202897577879 -0.77474132812739
-0.0195204339637258 -0.020290774599721 -0.852161798979274 0.0748391821274109
-0.0361733697858662 -0.0213913444818063 -0.1832115817536 0.652036644436523
-0.0313023524228081 0.0120171233105239 0.310237870234265 0.344821568325273
-0.015957860190034 0.00267287023879346 0.235771046960091 -0.0185473048014953
-0.00948689954734196 -0.00813137939179169 -0.0274102810015236 -0.182299064179266
-0.00212959517428143 0.00646423004424273 0.00951554076485756 0.15309914535268
-0.0231611664310583 -0.00469748063011638 -0.157018328775047 0.0231351953006845
-0.0200663176148544 -0.0161822477555339 -0.235204917880957 -0.352409435035614
-0.00393570907372938 -0.0394654727079326 0.232421609142219 -0.543427890391153
0.0139669488540219 -0.0312013687921843 0.772409643209277 -0.0402265640864869
-0.0204606438598196 0.00359355733004214 0.45316122960353 0.728731756727726
-0.0065090006238592 -0.052370274348492 -0.195582487037068 0.601201484527696
0.0190713760033366 -0.0673292299046499 0.0498398033312174 0.0543371247831871
0.00997781228338021 -0.0378631764663497 0.176403475499367 -0.591941267225026
-0.0220886182788683 -0.00701122460594922 -0.552114562890646 -0.704179027400442
-0.0207972722408531 -0.0178794039472283 -0.823205042754401 0.182468582010236
-0.0373420248659176 -0.0144614028416255 -0.102571448879383 0.663191275929447
-0.0297053130120296 0.0171074480908566 0.340095362745764 0.308954813048526
-0.014525422896112 0.00191090675460294 0.225928767084082 -0.0408751115062306
-0.00450725202870533 -0.00955832560464636 -0.0322227396432293 -0.191567730057599
0.002292046896604 0.00696486126399266 0.0104873897574358 0.146267748162038
-0.0216806120723182 -0.00697635892907838 -0.162545724517759 0.00252824720899812
-0.0171283770827721 -0.0167352708621633 -0.206627303531715 -0.379023619484175
0.000743841802306691 -0.0374028301826003 0.2970664881902 -0.513943559878005
0.0217857431104264 -0.0258615986703594 0.780830748085056 0.0589710409547415
-0.0151218296452629 0.009558565583633 0.370712071690137 0.785355648454124
-0.00353204709332198 -0.0426420358083342 -0.238587748720207 0.578086627834215
0.0156992515814588 -0.0539431109317333 0.0633738865796484 0.0261317751073951
0.0108029632861345 -0.024490740102577 0.130365226251401 -0.612456824233902
-0.0143470281048539 -0.00136909340306956 -0.620166885056144 -0.629496120578781
-0.019614885224176 -0.0147945258977141 -0.781679038426065 0.277613706111206
-0.0369148123375913 -0.00589310730022573 -0.0252661803479817 0.665856354105292
-0.0260274526559099 0.0208556508277554 0.359965490070574 0.273196410497284
-0.00961191965570198 0.00229799085141218 0.213876987811419 -0.0631312071794634
2.30105283511427E-05 -0.0084320999325042 -0.0337821969729432 -0.199773978841403
0.00853818793322736 0.00927253342536779 0.0132865283610709 0.142357589995778
-0.0177151918378198 -0.00619602309412276 -0.165589371198667 -0.0118846293742834
-0.0130566844092093 -0.0157790217731185 -0.187631162086048 -0.394418834873746
0.00456542760015627 -0.034676748438479 0.33603952028468 -0.490204880331516
0.0300549928822251 -0.0202741807334732 0.782059749987532 0.127056057477128
-0.00784888940162277 0.0208114569795612 0.313360068861393 0.821048869222965
-0.00583819959605844 -0.0215169511562663 -0.262037411545062 0.561551906716191
0.00708578299140341 -0.0327049741543289 0.0734838717578809 0.00738614211206348
0.0138812366528954 -0.00563167737690655 0.0993067217589676 -0.625331382208874
-0.00185792899807441 0.00581456569649172 -0.661059974909175 -0.579835858621403
-0.0150583779605418 -0.0137640267482353 -0.752950225818977 0.335964899465596
-0.0369998200928444 -0.000133798780417423 0.0199683376947919 0.662572809019376
-0.0218218566149813 0.0233084296197637 0.371668897432912 0.250234269195382
-0.00425193911982239 0.00282859289208581 0.203891661170154 -0.0760821959043209
0.00590332065548829 -0.00561571202701378 -0.036668958981763 -0.207355947929745
0.0128292594870698 0.0130058715023825 0.014921645534853 0.140062251368398
-0.0118020941819249 -0.00409416921628344 -0.167049874673005 -0.0183775717536441
-0.0104558982143616 -0.0133600914215933 -0.181599515938347 -0.399667870228971
0.00527083677729734 -0.0312929552411939 0.348387320276007 -0.479743724852482
0.038970150472272 -0.0163306320974862 0.780826794603694 0.151454426955797
0.00183940688893214 0.0360887759995367 0.296152887253356 0.836933193900864
-0.0131185623901008 0.00498913608127411 -0.269504932223145 0.556455418462648
-0.00603971999513368 -0.00659784081714143 0.0792620069194219 -0.000382060487142386
0.0180829717198582 0.0164335570561828 0.0891347300202782 -0.63262442421485
0.0120999564374859 0.0101784443578121 -0.672602158110531 -0.562007664921985
-0.00939556090839801 -0.0146374546446525 -0.741354492828078 0.356754859114315
-0.035940738676006 0.00357808091254096 0.0350981509957009 0.661042764818954
-0.0175241014289413 0.0240387936797296 0.372789792723281 0.243013389067572
0.00261139678440801 0.0035316740590918 0.198043350286179 -0.0802366654905264
0.00968959755692228 -0.00132621881467008 -0.0364164765031257 -0.21100308803563
0.0161292027878606 0.0166050039903055 0.0178821572670202 0.13999209231771
-0.00463820693456395 -0.00111985081663431 -0.166783328361398 -0.017167605146618
-0.00772156289459931 -0.0100702686477645 -0.191978652707458 -0.396847946069178
0.00510377910112044 -0.028547989216104 0.333539485776953 -0.489263008115756
0.0457061357036409 -0.0153988467484584 0.785707420554672 0.128276478262525
0.0123532103275069 0.0504896090619559 0.318820015268166 0.828227544750239
-0.020540978754897 0.0314225803074557 -0.25610848486958 0.564131838756269
-0.0190818930705988 0.0197419581756923 0.0786172469383961 0.0041386512563513
0.0212956593364414 0.0384975132009672 0.10181853152768 -0.630181612301118
0.0257073966671612 0.0158129982434255 -0.658075600937376 -0.579269007385492
-0.00248224909838317 -0.0160547552232816 -0.756449220643768 0.336939907884741
-0.0345333889713104 0.00507906400081265 0.0160586199636275 0.662261493504317
-0.0143156199540649 0.0237202852625195 0.368211419992165 0.253100556990673
0.0085132828662112 0.00619993557738572 0.196981388311834 -0.075977520224433
0.0130742275573433 0.00408338095156646 -0.035492418243768 -0.21314502206391
-0.00975524321709164 0.0149155914469078 0.00632898539300763 0.170838418828107
-0.010584391448136 0.00679419761312161 -0.143507507891203 0.0828224223787683
-0.0165161712881683 -0.00546751378332732 -0.307598914352301 -0.253987424312087
-0.0175123099532971 -0.0325675061388231 0.0404613195984487 -0.573593244030881
0.00468383454033457 -0.0406746127081777 0.683471651782013 -0.29337926313886
-0.00791723733375403 0.0076365724441543 0.642822728649574 0.52360720220754
-0.0171000417225064 -0.0301968699565902 -0.0560127266371596 0.639388754997169
0.00417984183940242 -0.0531269597874022 0.017737333588433 0.12994558079151
0.0107373952865779 -0.0315229138210888 0.30124153532978 -0.503867303795414
-0.0165703995158883 -0.00929722320737262 -0.286569265400667 -0.87594614305025
-0.0101352091600504 -0.0232784574459308 -0.871635058369396 -0.131535720041967
-0.0328231813272003 -0.0295604667089109 -0.335189578373642 0.603239788891869
-0.0304042311754747 0.00692321825708688 0.243121283592858 0.40231945481148
-0.0143781771945299 0.00680058007301254 0.245962278874125 0.0229405299956847
-0.0129722426958775 0.000435949798676286 -0.0176670247176898 -0.168451692261244
-0.00945131983121431 0.0106469349730651 0.00733596075526752 0.165915835814412
-0.0169032947754468 0.00447497685106704 -0.149300303758628 0.0676699799207219
-0.0194805640790976 -0.00800006251047378 -0.289034110635945 -0.280093757507175
-0.0158976263689364 -0.0347156965949334 0.0966147735190039 -0.569897129146631
0.00532165534581284 -0.0386098830425928 0.719654351748671 -0.229554164359291
-0.0178135468349035 0.00561978230968041 0.59879004113642 0.586684885763876
-0.0161066426259843 -0.0464183886020423 -0.100679097296275 0.634407758778026
0.0133079893751641 -0.065629185873661 0.0254714226133703 0.10850231964819
0.0120945036030911 -0.0420527081030699 0.269862169966739 -0.53288162048687
-0.022549125274355 -0.014638447397246 -0.371020436927191 -0.837085895163456
-0.0155560530899383 -0.0225720018191409 -0.867152422951278 -0.0413788848979876
-0.0343572794171409 -0.0275522579269909 -0.264627965103431 0.630138445151222
-0.0320535756214539 0.00780981410882383 0.275997604785109 0.376419340922293
-0.0154375292742192 0.00398402175683938 0.24170648605216 0.0043016859788107
-0.011716632764863 -0.00463562526353737 -0.0228194094541746 -0.175985230552451
-0.0047182708977426 0.00775457054168094 0.00744634541420236 0.160403155946637
-0.0220110570312893 -0.00297077397587875 -0.150400724517811 0.0424877207147942
-0.0207985973756975 -0.0141941187175279 -0.263647899427912 -0.324315083835969
-0.00863960559700828 -0.0392345873967111 0.164679922480282 -0.566273434657601
0.00931726632465562 -0.0348345600114093 0.750519871605426 -0.13874284940919
-0.0213195836262166 0.0034813005627936 0.532339960539197 0.658451003598684
-0.0110966066741507 -0.0536020082639457 -0.151850170866198 0.619573024511747
0.0186412468538143 -0.0706123550455508 0.0364818599002629 0.0826412347248252
0.0113296524866992 -0.0441779584560783 0.228166165167008 -0.563165826552278
-0.0244105180809973 -0.0118025695162543 -0.460728769600386 -0.777004189132201
-0.0200028100404615 -0.0194203725845267 -0.851945283383883 0.0727932621981406
-0.036303018127563 -0.0219401067879928 -0.185616082768872 0.652271751826209
-0.0306509307802507 0.011317084456804 0.309553776951852 0.345706421241484
-0.0153109211395339 0.00254198150127313 0.236152109485207 -0.0176482035824219
-0.00894668403156238 -0.00776788581974617 -0.0264304522726626 -0.18260853537774
-0.00150056543881152 0.00634377118183054 0.00942098624476552 0.153256686486861
-0.0235766540990622 -0.00562311410625576 -0.156874447676222 0.0212819242558169
-0.0198033628994822 -0.0158759148087436 -0.235471177850307 -0.35382127312578
-0.0045278576322147 -0.039530476816944 0.235028085166146 -0.54283170244514
0.0144072985982037 -0.0306637430811191 0.772502724565699 -0.0367924411320485
-0.0207537459760149 0.00392445856776259 0.451860710951647 0.72954976505002
-0.00599521959534758 -0.0529294013750406 -0.199589708468826 0.600071456275817
0.0196020264503943 -0.0677099703218887 0.0496054826202941 0.0542558210036395
0.0108175014267033 -0.0383056219436103 0.178974549572444 -0.591560967943411
-0.022048270996179 -0.00696330986547726 -0.54763400922727 -0.705962336077524
-0.0210134318543458 -0.0171759934805257 -0.822731442662267 0.178890648151736
-0.0371544541976757 -0.0145359053469439 -0.104635917353604 0.663435471342679
-0.0297063229972176 0.0160774082026152 0.340798656987871 0.309243576466093
-0.0143837349582272 0.00193917372873131 0.225670557961636 -0.0404677381841766
-0.00429681131624795 -0.00921789223135732 -0.030992689951321 -0.192665336644552
0.00303739062132419 0.0072260055466292 0.00982698717115059 0.14680128955121
-0.0217471220270868 -0.00697877399956636 -0.162929223505307 0.00129854584156192
-0.0164683568757897 -0.0179211604363565 -0.20671818647771 -0.380948461682222
0.00072847786079518 -0.0381499649196029 0.298076324712497 -0.514184241961096
0.021934992823327 -0.0248073581998818 0.782051645155514 0.0620697227208502
-0.0155170702641069 0.00890813507134193 0.366584004589942 0.78835858337473
-0.00291372565646535 -0.0423416405246776 -0.242071358776396 0.575322001740709
0.0160347097835769 -0.0543425399237011 0.0629510817212048 0.0266256958275339
0.0113131103850209 -0.025622973979703 0.134869758632046 -0.612912980901716
-0.0146982572238613 -0.00100338883843171 -0.617342249801552 -0.632404172164468
-0.0192771254121491 -0.0147336203566459 -0.783394386472263 0.27365752581084
-0.0369403100779716 -0.00647920819836176 -0.0264676033144187 0.66451798848428
-0.0262558222081627 0.0203082739970178 0.360519972358214 0.276395516448924
-0.00957365303289117 0.00200577318944068 0.214682034534991 -0.0607614472591488
-6.83132982108991E-05 -0.00839854681422392 -0.0334339754833882 -0.200103368068872
0.00742212525531571 0.00925041199478599 0.0130472786105502 0.142428815625518
-0.0177811455676418 -0.0066069592823168 -0.1657320992607 -0.0129118142433975
-0.0134287174563325 -0.0157164337472266 -0.187751325941477 -0.394424150005278
0.00522293418892347 -0.0348540076486332 0.338934021954798 -0.488945330541404
0.0304376780035718 -0.0204521092368705 0.782178830434072 0.129307620259461
-0.00757528149296898 0.0205575741326923 0.311593188965164 0.824214566034269
-0.00603195061176176 -0.0222748701395386 -0.26584907035038 0.560017057631207
0.00678727270538464 -0.0324230517615308 0.0739189159896007 0.00751810938883153
0.0138464649916426 -0.00553347307374488 0.10209592692745 -0.627601054928336
-0.00222244112097932 0.00559445705460447 -0.65869329454897 -0.583699056036095
-0.0159675508888263 -0.0135373815061544 -0.754325861886725 0.331513368643842
-0.0369364298674691 -0.000604995552278231 0.0196803695271415 0.66125336783992
-0.021724661166462 0.0225925721278274 0.370688835607406 0.251472080223694
-0.00390716662997138 0.00281138891372152 0.20386058403649 -0.074804805815151
0.0045874828777912 -0.00565800922354803 -0.0358734644164196 -0.207160285964208
0.0129554090371691 0.0124144611440446 0.0148526834085834 0.139904313170513
-0.012540145457691 -0.00489101487618019 -0.166680166132576 -0.0202181499201369
-0.0103354620925391 -0.0132551784602264 -0.182191034601445 -0.401600683619275
0.00605660229855109 -0.032189092062417 0.350581272001117 -0.478547424177439
0.0387207868293931 -0.0158179119909023 0.781507249457997 0.15347064140157
0.00160008558642616 0.0363324455452996 0.293157787398834 0.836968686487872
-0.0128905589346327 0.00373164736901598 -0.271375850470856 0.555225032727403
-0.00567737839211857 -0.00683984979953478 0.0784667522012928 -0.000470979598577283
0.0183670162068195 0.0158954719048324 0.0922554229740687 -0.632696691498339
0.0125184134774522 0.0101204747091146 -0.667680412481935 -0.567541906856917
-0.00934153092365374 -0.0139862382225338 -0.744121061913875 0.352517660592052
-0.0354913349936054 0.00362465960344035 0.0328889061434816 0.659655136515591
-0.0170099379635559 0.0236237829730674 0.372163293424368 0.245262808647723
0.00195399848098593 0.00321706678939941 0.198413040622898 -0.0798699264152652
0.010032374356563 -0.000839435069260517 -0.0357511674535255 -0.211749493939177
0.016354065038986 0.016684682210094 0.0173940170445936 0.140052492605313
-0.00501243050577218 -0.0010974917100979 -0.166228430289986 -0.018642854974289
-0.00780468328870931 -0.0105368368447461 -0.192418298433879 -0.39955535630328
0.00488171425188525 -0.0290913402450281 0.335987227165186 -0.487551561799446
0.0456940388183266 -0.0147058032703237 0.786201856457922 0.132879576032065
0.0120349182637766 0.0501457364937134 0.316174221529614 0.830086684502485
-0.020247759029084 0.0302371756737416 -0.258993532182004 0.562545544867553
-0.0193232723026589 0.0195833434180664 0.077922455177655 0.0041424872476593
0.0208543554853392 0.0383953244299369 0.105253795357357 -0.630398777432932
0.0262657056746379 0.0158279618983277 -0.65464481519301 -0.583668951321502
-0.00251515339781916 -0.0158018676967461 -0.757484702041948 0.334515791352897
-0.0352322004363969 0.00503321141361545 0.0133474440847378 0.660823705818581
-0.014252656071718 0.0239548238414345 0.367258646040829 0.255932644876606
0.0090349284860888 0.0060490956572495 0.197269952510804 -0.0743381219315062
0.0125236598505629 0.00437751303573596 -0.0347536155955154 -0.212631845770397
-0.00927251419941169 0.0150476231751257 0.0051532919754639 0.171780819558027
-0.0100661405713788 0.00598317424693056 -0.143561152697458 0.0812806524531098
-0.0165322495917538 -0.00571058678470952 -0.308938634797705 -0.257467408830915
-0.0173544836819852 -0.033079556544568 0.0405396559226268 -0.573449056134726
0.00521949807339311 -0.039716957261651 0.686338511395193 -0.291416329390647
-0.00841218201557059 0.00767540962045507 0.642794615462894 0.527266687831976
-0.0171690373709212 -0.0315875185604542 -0.0601624387554637 0.639735757792081
0.00396681550348954 -0.0538719014285391 0.0172316849892827 0.130581059751301
0.0107271574655307 -0.0324898580914755 0.304632332719767 -0.503595633670431
-0.0156171320776809 -0.00954911484290599 -0.283776817971614 -0.877168982467669
-0.0105336297858894 -0.0235906385881676 -0.8713048985629 -0.13813031981816
-0.0328690221971113 -0.0298733120050991 -0.33751984018928 0.603326633336899
-0.030153320889481 0.00698236666038335 0.241820901172454 0.404377481859511
-0.0143192660754644 0.00646691660647065 0.246607238615996 0.024658520788468
-0.0129649315111217 0.000771966575507519 -0.0173981986437426 -0.168647031219473
-0.00897161376230614 0.0102983619974319 0.00723950241892723 0.1671776566076
-0.0172219743363455 0.00377054885409759 -0.149353701968462 0.0664323733107664
-0.0196603002455744 -0.0080478270694691 -0.288606646180818 -0.283115269640147
-0.0154633553333206 -0.0356745504190657 0.0975547411991196 -0.571699039631936
0.00614133240742026 -0.0376743697224606 0.722733023932576 -0.225784568888628
-0.0176216861761023 0.0063119661730729 0.59771886878613 0.5901037266375
-0.0156220858138247 -0.0469265748586318 -0.10158686507738 0.636193028367266
0.0133950522400179 -0.0659633491972794 0.0247829021571982 0.108684589082403
0.0118755085811215 -0.0417440529406937 0.273156306645031 -0.532639235597383
-0.0219413545195727 -0.0143937751614958 -0.367659606353079 -0.840945821545898
-0.0164054364049584 -0.0224065495412784 -0.869795373620705 -0.044419548609288
-0.0342809825772061 -0.0279550376912583 -0.267852442329414 0.630679881752548
-0.0316602900530209 0.00795952847986452 0.276411221593614 0.379096649414038
-0.0153533224786246 0.00405952246797473 0.241980854728176 0.00524429647425916
-0.0113520605549071 -0.00562977932267163 -0.0225183337433451 -0.175974722567957
-0.00486676672529703 0.00794224415265038 0.00688469250407768 0.161280442190093
-0.0223409876734601 -0.00398984302030433 -0.15167729178618 0.0414378380701686
-0.0207470317897114 -0.0146029661495767 -0.263711606851741 -0.327173596835889
-0.0088386108351658 -0.0391671616041608 0.166893549871889 -0.566347409617239
0.00886081765202303 -0.0348708723323208 0.753487851470516 -0.137320448947338
-0.0209707562668941 0.00377742446350148 0.528580301574666 0.661887034918136
-0.0104186192068531 -0.0547192845355194 -0.153591390844329 0.618773844350686
0.0186640032161807 -0.0710152780836688 0.036002612870604 0.0828440110419067
0.0112767984780234 -0.0441152976799019 0.229780892410297 -0.562408898302904
-0.0240953678677798 -0.0124532650709684 -0.457308869707086 -0.781719142482661
-0.0196822799177151 -0.0194443828858997 -0.854259183540585 0.066115935783201
-0.0367100945107665 -0.0222119333714845 -0.187989820299645 0.653598705040464
-0.0307837458721811 0.0116134542620339 0.309236483919513 0.346582053492287
-0.0157127823608814 0.00249176185729918 0.23613359825022 -0.0168921973632378
-0.00890848680740671 -0.00815587915184487 -0.0260253540137239 -0.183638506753586
-0.00130105416040419 0.00657114799122089 0.00846854121083031 0.154261059796248
-0.0244316892910159 -0.00594407344955238 -0.156715802602136 0.0195172487067394
-0.0195447265004365 -0.0164026360210567 -0.235887442689882 -0.357021950774857
-0.00392593035947956 -0.0399128440033932 0.236499801286049 -0.543620599304653
0.014147719455141 -0.0304065741744883 0.774014259890353 -0.033537602245439
-0.0203987367636287 0.00368667367147221 0.448550700747083 0.733179834811617
-0.00625367197638856 -0.054192562365405 -0.1997890911544 0.602197945235
0.0200325863051662 -0.067060623417152 0.0496194926579989 0.0544846981958535
0.0102000669424025 -0.0389311492448797 0.183580908712006 -0.591330220804559
-0.021707966089979 -0.00712632116590057 -0.5446523270542 -0.70919220535644
-0.0207395096102611 -0.0166991149972407 -0.824469539296716 0.174687677828989
-0.0374453118783887 -0.0152225102450759 -0.106396857249315 0.663199723709847
-0.0294391523685005 0.0158617808422306 0.338835974224983 0.311481326732019
-0.0141991583124968 0.00236146886630557 0.226601847484469 -0.0394573939788705
-0.00515142108228251 -0.00894921247528842 -0.0306185845131635 -0.191706349504649
0.00277161734043919 0.00664552484053026 0.00921579272077306 0.147438847151319
-0.0229383884062893 -0.007354273518483 -0.162499365001926 -0.000548244361953654
-0.0172206042230356 -0.0173567473961675 -0.206221506220121 -0.382526674049561
0.00148700865332902 -0.0382901454111798 0.300040536587495 -0.512992414272074
0.0217579864176557 -0.0255094137644483 0.782625128344298 0.0664342685685066
-0.0152222582821282 0.00938410640711531 0.365269939759067 0.791061270765755
-0.00289493538628169 -0.0435037490949434 -0.243462316765259 0.575404816504222
0.0157179025212743 -0.0550561121091599 0.0631560385058331 0.0260577095326157
0.0110174217756996 -0.0260021023660563 0.138888814595027 -0.615258945565221
-0.0138190642608753 -0.000871174374536231 -0.616417711648406 -0.638792122051336
-0.0197057978394223 -0.0142902206248709 -0.78565315464605 0.272227520494189
-0.037435793337809 -0.00665890018476575 -0.0279568025998977 0.665789096064787
-0.0258898299933281 0.0204698135079442 0.359816167628065 0.27652300531726
-0.00990865551292343 0.00168789293868087 0.214766382121297 -0.0606452237589749
-0.000200159155252526 -0.00867345513585964 -0.0331347158409821 -0.200021667332956
0.00824716097007581 0.0088375462592723 0.0123628950200213 0.143041359014153
-0.0183291859540474 -0.00715832890214305 -0.165622613603402 -0.0146310779165354
-0.0134453700658878 -0.0167493373194126 -0.187890050516527 -0.397343413708177
0.00430394301264836 -0.0354528032516641 0.339567638658938 -0.488564898014917
0.0310759889700309 -0.0198862657121993 0.782219646553195 0.133602864743578
-0.00753881841079323 0.0208297637773976 0.30803580868019 0.827871110414686
-0.00604203846095807 -0.0230163920908269 -0.267984826973512 0.560403555411756
0.00591177491685788 -0.0329044292916878 0.0736489833367234 0.0079187274570711
0.0139078608985495 -0.00673871100613429 0.105248480816993 -0.62692764713005
-0.001474003612193 0.00515703330858173 -0.656252753315401 -0.58850295700335
-0.0153112902809201 -0.013443201285214 -0.756345134464736 0.3298890661124
-0.0371844691877414 -0.000327225492081199 0.0186503299291355 0.661555764174378
-0.0209630393695063 0.02328809210815 0.370960534141544 0.254171320108763
-0.00379141892673823 0.00237447564284365 0.20480957946257 -0.073833890232515
0.00479413279363804 -0.00519256255276274 -0.0350071526851372 -0.20822650804096
0.01319943533291 0.0122315962611566 0.014400379374784 0.140864232482193
-0.0124613749914275 -0.00451747650755172 -0.16728901910357 -0.0219914440393776
-0.0110541449455856 -0.013444581952142 -0.182463324040738 -0.402941109868971
0.00602309225464241 -0.0325563105037783 0.353543955771162 -0.478414206319388
0.0388047180809383 -0.0157780349290118 0.78269640336928 0.157811669620016
0.00158793903568246 0.0361724962185034 0.287649588427366 0.842357284013934
-0.0133838554524172 0.00350516110885957 -0.273893202659006 0.555817039387201
-0.00607322774926304 -0.00745765020024475 0.0796228414384327 0.000362950229054344
0.0179198801113884 0.015924572800856 0.097145815085975 -0.630994059099587
0.012836858588884 0.0108233550795642 -0.667473155807916 -0.569810947189056
-0.00943101388951058 -0.0138993714693973 -0.746717632232509 0.350416095992586
-0.0361371936946439 0.003458546387487 0.031948840919312 0.661684253190427
-0.0174111815514059 0.0237929149811449 0.373685697434117 0.246012884530413
0.00215861310667882 0.00372348506702016 0.198024832830255 -0.0787110160931545
0.00946954349309745 -0.000935031756165505 -0.0352367876038696 -0.212539490853498
0.0160415720474869 0.0165708177351205 0.0165973093908126 0.14088938464494
-0.00532753991099723 -0.00142676336842296 -0.166168088185463 -0.0205266004036674
-0.00830986163662923 -0.0107420260418278 -0.19277753568657 -0.401010772472054
0.00536230843157452 -0.0295482278810588 0.337437423446936 -0.486821526745879
0.0462815841512459 -0.0140977693466575 0.787195271508481 0.135131252054073
0.0121768997556454 0.0508471131320564 0.313540079116997 0.83372360114601
-0.0210122142194419 0.029934247984376 -0.261099030432927 0.561485110938041
-0.020044859296322 0.0185336063054179 0.077417811524371 0.00534002569874169
0.020618747148927 0.0377157251254725 0.108258904164999 -0.631269519674092
0.026861244667639 0.0161940309125714 -0.654331348057892 -0.589009286329217
-0.00209981448437337 -0.0154974706149052 -0.760463928648212 0.331937730135703
-0.035183078606456 0.00505684427877715 0.0124362695416434 0.663255963679639
-0.0139356699466699 0.0235021632628149 0.367499397805242 0.254948236542962
0.0089796630172144 0.00568556740880861 0.198348100537106 -0.073793774493559
0.0129611628820279 0.00466798426088295 -0.033794901002468 -0.213740489062102
-0.00917043301583771 0.0149573075222963 0.00457219131924156 0.172345887505266
-0.0102622635169112 0.00566385377952598 -0.143605124384998 0.0799156028356759
-0.0167463068402688 -0.00593782772387907 -0.309457255716898 -0.25999082405324
-0.0170852261621981 -0.0339051623733648 0.0415343161263944 -0.57654019397487
0.00562133169945379 -0.0392072520185939 0.69005838525408 -0.287764876819971
-0.00824342557794792 0.00819030732548045 0.643522501225863 0.531909972162831
-0.017436757097737 -0.0316853116488745 -0.0618013781865019 0.64136438234866
0.00472885452610267 -0.0540828785066491 0.0169525449258102 0.130628318444176
0.0107122911177435 -0.0321223522252377 0.309009571385323 -0.505135651636237
-0.0157426831244226 -0.0101098248436788 -0.281513330652665 -0.883430507041976
-0.0104175022299362 -0.0241199100283239 -0.875259667403998 -0.137848409825334
-0.0327703916808836 -0.0300145820576404 -0.340016895665194 0.603831871975934
-0.0308321285679842 0.00651196360872327 0.242876936573834 0.406818623382514
-0.0144863445938283 0.00651148588586258 0.247011893425158 0.0248008519186002
-0.0135727844931923 0.00110093996487063 -0.0167643342740314 -0.168960867179964
-0.00897331745880724 0.0105670230884262 0.006425614759648 0.168154644589457
-0.0174824884287994 0.00367934350657753 -0.149063967529198 0.0654370380982114
-0.0194943497040791 -0.00843412139785125 -0.289693985906314 -0.285851243920512
-0.0151181932850195 -0.0356881202129572 0.100305071376011 -0.572600091432156
0.00609872502212912 -0.0374933192173093 0.725909775857322 -0.224923013114709
-0.018393286597609 0.00555721885113786 0.598293666195373 0.595508328689575
-0.0163131196573078 -0.048023259410334 -0.105214632999768 0.638186003696086
0.0134660372951251 -0.0660679331788059 0.0244937880163841 0.109071059710759
0.0121932074446418 -0.0422789562275023 0.276529837777312 -0.533863051864296
-0.0220314318376545 -0.0137363180748967 -0.365737736485 -0.84539871457513
-0.0161240444145594 -0.0226351978649286 -0.873362341255184 -0.0464948943566038
-0.035110509620057 -0.0278194951621174 -0.270929563299917 0.632078543543072
-0.0312519150311122 0.00762525119946506 0.275103147997342 0.380488661936797
-0.0152786599492176 0.00387453372299877 0.242846210144593 0.00658999092791791
-0.0117417476852319 -0.00544737312424456 -0.0215114050169527 -0.176821383344811
-0.00451943793549156 0.00761673880387223 0.00598849873522799 0.162224400950219
-0.0226896252626602 -0.00440420778365828 -0.151397824272305 0.0396700331932548
-0.0212313903522282 -0.0147375335112352 -0.266612712122327 -0.329286262242265
-0.00894019340022758 -0.0404288980653596 0.167955836399354 -0.567614776522364
0.00897960553662724 -0.0343998364906861 0.756323971588802 -0.133676918610717
-0.0214827471497649 0.00343075223484075 0.528173517834078 0.665599042257039
-0.0114444699289088 -0.055719174621312 -0.156840919383953 0.620608308131101
0.0186327827045494 -0.0712686409684055 0.0362273865839965 0.0831342285850287
0.0116568686493815 -0.0449886885105965 0.234554092524978 -0.5644325344149
-0.023788296070539 -0.0123106469026679 -0.456219847984415 -0.785981604561298
-0.0198853575586066 -0.0198821955361577 -0.858954270304065 0.06489381207885
-0.0368583319551394 -0.0224907802862761 -0.19037498415098 0.654800039846967
-0.0309983357222982 0.0110614049024266 0.308311203407061 0.349073488497519
-0.0158168791686105 0.00249384429173524 0.236501435045128 -0.0160710316416021
-0.00913468249075868 -0.00769636768339062 -0.0252142230176148 -0.184335874753153
-0.000968629820290562 0.00590468769566704 0.00856788144030479 0.154601515377493
-0.0246862742616819 -0.0059758310223007 -0.157146802260564 0.0182431554551411
-0.020017301493571 -0.016900248162578 -0.235777178947533 -0.360164532809518
-0.00388958834869644 -0.0405529769853545 0.238334151197623 -0.543743864171746
0.0143785989420296 -0.030625671263 0.779268638128705 -0.0318133470156053
-0.0204323474964381 0.00434207777835115 0.446835658854411 0.739599488655184
-0.00591184581401156 -0.0549424965960625 -0.203740329978912 0.603182966660459
0.019569894047773 -0.0682688544432198 0.0496462168720011 0.0547225602084143
0.0104395669245058 -0.039301889274013 0.185734719821643 -0.59243499855608
-0.0216495487215507 -0.00692998887586934 -0.544243648084634 -0.715892909009021
-0.0211167375297515 -0.0168017255452688 -0.829481814413161 0.172590479100189
-0.0390276031320925 -0.0150942365962843 -0.107232008192248 0.668241115302397
-0.0289816857008064 0.0159908937379543 0.339205502695866 0.314251969447125
-0.0145340419689157 0.00188240440020337 0.227154659036664 -0.0378973092345993
-0.00482596941797676 -0.00929558557235423 -0.0296239521523686 -0.192906240827862
0.00310105946280578 0.00609161157666585 0.00884148103591758 0.148565046854928
-0.0232471380034172 -0.0080595914763037 -0.162906977512501 -0.00279836334791361
-0.0165747263380835 -0.017721437181198 -0.209086005836869 -0.385638927899118
0.00177413575207077 -0.038817504811094 0.301582658792291 -0.514257908752463
0.021717717977211 -0.0245706463022914 0.786041677819135 0.0700937925685017
-0.0150556707016331 0.00942868057241146 0.362481361283855 0.796615995013517
-0.00302909765766232 -0.0445552570914887 -0.246373650043003 0.577605931081191
0.016571398122831 -0.0551880770713352 0.0633711735295021 0.0271721025897768
0.0111503348564767 -0.0263288988577046 0.14198299113921 -0.615417909128603
-0.0132694990602454 -0.000338816909276764 -0.614794876167917 -0.642392355809566
-0.0189759054335324 -0.0145863920195398 -0.790379877621085 0.270520615489438
-0.0379060937055846 -0.00664988930863759 -0.0308757217385133 0.667178470623483
-0.0259663460125779 0.0198436578706398 0.36051102084515 0.279151394390511
-0.00985197129896517 0.00198249191516427 0.21625312445552 -0.0587146579611049
0.000812049301386517 -0.0083274882973966 -0.0326777949992497 -0.20169738501222
0.00825490609955454 0.00869703121850427 0.0117797311262773 0.144441182747485
-0.0195187230765552 -0.00718350884116392 -0.165642905338728 -0.0163446107504586
-0.0133862931395387 -0.0163840663144876 -0.188758339991346 -0.400321488278719
0.00497662898438575 -0.0362376011696797 0.342804370669921 -0.490815920186305
0.0309342879883757 -0.0193541268031588 0.785894519873803 0.135592131229007
-0.00769726356456007 0.0211008451355305 0.305513576701832 0.83152549965534
-0.00570610577617795 -0.0231884191658043 -0.270232270545852 0.561602410432663
0.00695640481973858 -0.0332249212994828 0.0736524517131011 0.0081619990617344
0.0138359194591741 -0.00666398753320231 0.11050860871805 -0.629449177978876
-0.000905706098630887 0.00496791025639028 -0.658419226464483 -0.591883314930597
-0.015973020115371 -0.0135788387308938 -0.762512610304958 0.328224911241997
-0.0373442334244009 5.74643352906495E-05 0.0171212143341505 0.665287358175365
-0.0210439112112319 0.0233653492612081 0.373009740373643 0.255865426375971
-0.00390903822979601 0.00216880986589841 0.205370252509101 -0.0723620848319826
0.00497707097801753 -0.00509300749149914 -0.0341874749585814 -0.208963575318028
0.0134005603615056 0.0119922329218249 0.0136784689479847 0.14184603545219
-0.013253002307616 -0.00474911742107926 -0.167639640561877 -0.0232770487363894
-0.011303572851293 -0.0137400973474646 -0.183841316651615 -0.405606396112076
0.00557168185802472 -0.0334378647970145 0.35581717221801 -0.481585249374139
0.0399246281313245 -0.0151525932326157 0.784900509068411 0.161223837411951
0.0013393649556183 0.0367560734707937 0.287574455711236 0.84351156444526
-0.0136407851777173 0.00245100116175716 -0.27780645428095 0.556486078990665
-0.00592648682062595 -0.00740281991149933 0.0786023472477043 0.000203203562105447
0.0186598839632745 0.0158811652131364 0.100015175364154 -0.634868958607783
0.0130297409777985 0.0106238320796532 -0.667884464877018 -0.576707796695727
-0.0097675406012457 -0.0135323996858196 -0.750654228770064 0.350008959419839
-0.0366171718124508 0.00342128093469494 0.030265330280493 0.664367422406534
-0.0169224646393802 0.0236979499658346 0.373194663118862 0.249131670961426
0.00220779502529039 0.00395164494452553 0.199319630752737 -0.0773046609597066
0.0102030254843887 -0.00054499352414634 -0.034538128842054 -0.213609984254537
0.0162438377634156 0.0158770675463428 0.0162249699134157 0.141742940882399
-0.00567667484851594 -0.00155014542701229 -0.167078530427644 -0.0224220409834294
-0.00893693930781507 -0.0108312321885435 -0.194572967079917 -0.402359326450342
0.00587917753307746 -0.0300331581751349 0.340410927998901 -0.487687405405484
0.0460610016163251 -0.0144347867137966 0.790079641024933 0.138712377716819
0.0127130439063328 0.0511276835637941 0.310887204944551 0.83747125296869
-0.0213341747214978 0.0294333243009256 -0.266250198334048 0.561659031668555
-0.02045377306502 0.0185332860562173 0.0773703275535533 0.00542697953748897
0.0205999380758438 0.0373012878337973 0.111310484218864 -0.633904044232927
0.0269687902719907 0.0155562039650188 -0.654696614229691 -0.594269002456837
-0.00180432239153689 -0.0143967632048519 -0.76479612537243 0.330136290776971
-0.0359281810921332 0.00479029014503521 0.0112640091760543 0.665186647406992
-0.0138475507298744 0.0235150134549413 0.369622135130135 0.258206688692001
0.00880639241556833 0.00576777564180789 0.199077194292915 -0.072848221306081
0.0131278145892002 0.00507424277355248 -0.03397936742573 -0.214541634605502
-0.00841419829021704 0.0148285571932464 0.00450751948117677 0.173748915063673
-0.0111349535846199 0.00448557880182204 -0.143412610174618 0.079389398323115
-0.0161948152323836 -0.00669992105529089 -0.311871247189951 -0.262904191266161
-0.0164939839814515 -0.0335857385850562 0.0438735785062755 -0.57911981400098
0.00494942243372271 -0.0398706129417113 0.694015112300353 -0.288967891988757
-0.00845344872237563 0.00816774277284403 0.645822872691282 0.536579011127721
-0.0167275403418201 -0.0331747002875159 -0.0650997176870642 0.643731716019607
0.0041396055284187 -0.0549721533973078 0.0165168218140339 0.131375054109112
0.0107952851616916 -0.0335231489829 0.312522453372202 -0.505370414528895
-0.0148781596106983 -0.00946862750014922 -0.28075935657426 -0.890396763810675
-0.010634009669016 -0.0237865419882545 -0.878429312516919 -0.141381159784194
-0.0336197785092601 -0.0300210854322835 -0.342998229781483 0.607330721545307
-0.0302445395823014 0.00626636502199793 0.242066717334975 0.409906064351789
-0.0141022388945818 0.00685017581272861 0.248830708644132 0.0260756464591782
-0.0135502707225648 0.00105675006534857 -0.0160493487138174 -0.170521715985543
-0.00873822824438859 0.0104927124726632 0.00674087076579179 0.16867343202794
-0.0174081775458441 0.00278497014541927 -0.148666598250965 0.0647210387829527
-0.0192660560459965 -0.00924819813678943 -0.292742265536244 -0.289842373042676
-0.0146790816712135 -0.0364150857720093 0.102962473587144 -0.575323952089282
0.00621036526819694 -0.0379263223895707 0.729046612975058 -0.225041119901624
-0.0179531182785551 0.00628587706560606 0.599826826881461 0.600107799072643
-0.0165595551070432 -0.0489922302960169 -0.107518226659837 0.640099563020632
0.013434350252559 -0.0674362138607558 0.0238375169375042 0.109895177947558
0.0124962198675046 -0.0432100899436921 0.279588791228093 -0.537197640379678
-0.0214876490119192 -0.0138364498862396 -0.364852726212522 -0.851255915270108
-0.0162032859491975 -0.0227982891097641 -0.877268624201682 -0.0491542713024522
-0.0353000097709419 -0.027718359235939 -0.272812081272337 0.634517551973066
-0.0312804712352324 0.00821931376302191 0.276554756244687 0.383202812635371
-0.0156645486503397 0.00366131413346401 0.244303255003297 0.00724820247827264
-0.0117771388151413 -0.00490418367480424 -0.0210815265493314 -0.177202218091234
-0.00481439717334873 0.0074864835537981 0.00574459613451844 0.163578196278248
-0.0236285847475763 -0.00422012592612094 -0.151700062452969 0.0379792529951793
-0.0213023954672633 -0.0148965295778284 -0.266426631319792 -0.332989607912373
-0.00838379417456655 -0.0405374248901409 0.169580715730906 -0.569711358797033
0.00873948416530671 -0.0342963361810647 0.761905072877255 -0.133229673855472
-0.0209345165691836 0.00360668361671533 0.529655385401632 0.673293367584451
-0.0110956532324794 -0.0565841629411739 -0.157467921272239 0.624641648222761
0.0193516244376823 -0.0720288459500067 0.0357710469588246 0.08315842377826
0.0116060414076431 -0.0459285197077572 0.237104878559909 -0.566995447380308
-0.0234068548442876 -0.0125653960205036 -0.457744483349039 -0.79276433758229
-0.0200722734592063 -0.0199258023810863 -0.863698309922795 0.0621672621358648
-0.0371075372237421 -0.02283996687988 -0.192340740485734 0.65634917425838
-0.0311367582293848 0.011502411678209 0.312012428756502 0.352279990875186
-0.0162229842803915 0.00172112620143851 0.238554647548915 -0.0145149313673319
-0.00915154711603172 -0.0078725899968556 -0.0246183677843761 -0.184999511699503
-0.00070926046773582 0.00582280302806252 0.00767794080047469 0.156552204632076
-0.0257652400349174 -0.00671360875013468 -0.157615063005522 0.0168059984796215
-0.0200381068949526 -0.0173229934270514 -0.23853675087374 -0.363501094594035
-0.00359311917652731 -0.0412260430194089 0.240067216751394 -0.545661439391902
0.0146280534970971 -0.0301527063303677 0.782748027127968 -0.027786728519787
-0.0205130082705483 0.00388885091757725 0.44689348443915 0.745582581920642
-0.00647900194311188 -0.0557838072865212 -0.206436173773615 0.606028145369944
0.0202360627579028 -0.0684924036617339 0.0494629413904573 0.0552740764981856
0.0111992427726686 -0.0401629763137523 0.18969433748093 -0.59653032345707
-0.0207931742787327 -0.00727892467249103 -0.546613828163298 -0.721893051620787
-0.021394718481342 -0.0168593492972352 -0.834199097680259 0.171125568532404
-0.0386147426561807 -0.0161653785629529 -0.110366186405405 0.668898617650367
-0.028809095593473 0.0158760269086164 0.33995686732164 0.315893623946841
-0.0142489540881401 0.00137655236345753 0.228636342551425 -0.0379356718799944
-0.0047452938378385 -0.0094597749508968 -0.0291485731317666 -0.193799885755427
0.00378290061097498 0.00625153462934789 0.00871184561276889 0.149551179574044
-0.0241301532758951 -0.0085458961391154 -0.164144521718472 -0.00376256504759391
-0.0169490100384143 -0.0189934595271564 -0.210501226347435 -0.388481458807828
0.00124284787086431 -0.0394408913999304 0.304331547447416 -0.515322351035016
0.0221343983413073 -0.0247059702237959 0.787851957378774 0.0719518666603958
-0.0151870594214011 0.00931791457451632 0.362953014650561 0.799869161614006
-0.00336134838784528 -0.0449767905629331 -0.249767230542189 0.581491148972804
0.0161025130452601 -0.0556529324066269 0.0635211559074602 0.0276112823979815
0.0111371079788888 -0.027102720153896 0.145071590356744 -0.62008917580887
-0.0128885974147674 -0.000947069979738341 -0.618438437255429 -0.649538966817609
-0.0195747693258767 -0.0139653239163213 -0.795088390123838 0.269248139517843
-0.0382838456939441 -0.0070142329848634 -0.0308793818076095 0.670876702038382
-0.0261815455847634 0.0203920502520271 0.362301362345312 0.281765782460063
-0.0108493408853656 0.0016277255645185 0.217003816730498 -0.0587237330490149
9.51230601761027E-06 -0.00795916574573226 -0.0321192794928888 -0.202261946983244
0.00915284728148912 0.00800371354648909 0.0115856132722552 0.14473833321292
-0.0192171393617439 -0.00757063133935858 -0.167039939226043 -0.0187734897138024
-0.0137955591318984 -0.0173939214338486 -0.190672537631946 -0.40375215605498
0.00522946380245471 -0.0368915482743881 0.345712162994679 -0.490979099545192
0.0311487356368348 -0.0191892367715612 0.788436482073276 0.139718967273921
-0.00748789729729128 0.0215767986803131 0.305146227942302 0.837564309225984
-0.00650717904865288 -0.0239445976973947 -0.272586426540109 0.563951999321958
0.00680644050395966 -0.0338942417818426 0.0737048042170947 0.00816925041261756
0.0140757959135356 -0.00746451970305925 0.112575447343071 -0.632946724911264
-0.00068788128001571 0.00547817563877906 -0.659766455735054 -0.59884081961589
-0.0158680573445511 -0.0130166366578782 -0.767291299273339 0.330583198961941
-0.0379613490515084 -5.08092793996447E-05 0.0153458209903581 0.668225202321286
-0.021115103423772 0.0229450478213701 0.374648590804088 0.257191306317354
-0.00436410650963077 0.00193161313149214 0.206659814033702 -0.0730355172820053
0.00519453829193921 -0.005160750362438 -0.034716179026633 -0.209459291081013
0.0133532069024335 0.0112318561423037 0.0130871766408873 0.142871854155247
-0.0136253240579066 -0.00485240371447528 -0.168568604092799 -0.0255595684630609
-0.0109288454333976 -0.0153677833623699 -0.185518436726216 -0.410122360667054
0.00598067338403666 -0.033723899091225 0.357920048806194 -0.480439402877469
0.03917034753439 -0.0147203091545772 0.788268109650407 0.16397346773951
0.00204059965504508 0.0371501465274508 0.285955025535243 0.848352613252734
-0.0142741625194163 0.00230034616906056 -0.280044316030306 0.557483058175624
-0.00634681651622196 -0.00793989857802875 0.078666449814146 0.000544194792188809
0.0180309169115895 0.0158307705677748 0.10360255264047 -0.63779786016998
0.0136463134194439 0.0107889989808738 -0.671227580284299 -0.582305693047042
-0.00936289254690577 -0.0135597139966018 -0.755259547413449 0.349546991236665
-0.0368349469155863 0.0032839511100964 0.0280198599798574 0.667038169629764
-0.0170004374674635 0.0237782057370879 0.375625228659488 0.25118933809884
0.00197777296213708 0.00358793971257299 0.200645121118043 -0.0773622080996121
0.00943980201687898 -0.000675811374999934 -0.034344195269939 -0.214089236898496
0.0169044856486117 0.015560111364529 0.0160826989561355 0.142287378022052
-0.00662287911933699 -0.00186380002088109 -0.16867948676644 -0.0239487521979103
-0.00855753885091474 -0.0111451764082939 -0.195560103943831 -0.406128915386649
0.00581916393318374 -0.030447025320851 0.342602955257274 -0.489413045171702
0.0468343065167862 -0.0134752710467977 0.794114990592427 0.141232977115848
0.0127304375249303 0.0519383016807609 0.311543624941679 0.842533617701262
-0.0219917042238096 0.0291308559286094 -0.267932951980941 0.564848509028658
-0.0202804723923818 0.0180533170141496 0.0773190520815586 0.00567563031093123
0.0205005088442821 0.0372949567643492 0.114929379810261 -0.63658074971735
0.0274852594328026 0.0157022678297356 -0.656515065823992 -0.599795783515938
-0.00249611326258763 -0.0146463725612575 -0.768919065823411 0.330365297866615
-0.0362149159033758 0.00504499264939868 0.00953773514521614 0.66976158817455
-0.0138939394496014 0.0236318491292408 0.369846949341349 0.259725946428269
0.00843152067432843 0.00573567420585117 0.199823347280502 -0.0727722227029922
0.0134495590651831 0.00468495846515335 -0.033331365214226 -0.216381235687278
-0.00859814343205314 0.0153431713416681 0.00343021997862036 0.176100312123709
-0.011344154254043 0.00426466936195339 -0.14324626698773 0.0786255956597569
-0.0163611841589187 -0.00700302030563701 -0.314166990766526 -0.266762435062812
-0.0164567929829746 -0.0345874305864497 0.0447976977846152 -0.583063360180255
0.00538635173154836 -0.0400662434355113 0.70167150463912 -0.288907847134634
-0.00818789025746211 0.00803048839964683 0.648985633902757 0.541574744287488
-0.0173806403871737 -0.0343200640649752 -0.0669446475283204 0.648659553436129
0.00422088341247446 -0.0550325267274074 0.0160279817683467 0.131719230212379
0.0107717455925849 -0.03399167104873 0.315205988571347 -0.509220820769131
-0.0139606263061706 -0.0104275859736493 -0.28023048593044 -0.898827865723788
-0.0108451320422024 -0.0234729005050744 -0.886892284349665 -0.145805334439942
-0.0337421972278331 -0.0298841617554292 -0.347341545058174 0.612654844300927
-0.0306078760942501 0.00687448597171745 0.24451818226828 0.413172071376232
-0.0139784826416887 0.0069224042003135 0.250277281602343 0.0266563362100285
-0.0136359954555752 0.000908962139385002 -0.014791518983646 -0.171436472656537
-0.00868889306776778 0.0103544555811819 0.00571700114391449 0.170647474846175
-0.0180135052660042 0.00231491896121686 -0.149755364568856 0.063619613493615
-0.0195454110251571 -0.00958110087119129 -0.294551297045402 -0.292691936512378
-0.0143414211407405 -0.0367161524643306 0.103378542206678 -0.579827973143721
0.00617457751389947 -0.0380072565724852 0.736055742170078 -0.224826454966074
-0.0177981077708533 0.00612187129117019 0.602818430060095 0.605379584878316
-0.0168971959111479 -0.0501545186101616 -0.107984350918969 0.644309902604326
0.0136239943522013 -0.0672433744719636 0.0241659689857839 0.110897157063546
0.012542117619129 -0.0438249433683303 0.283100103183955 -0.538943524060916
-0.0214023942689456 -0.0142569592725181 -0.36463531159042 -0.858049626215958
-0.0169681920523891 -0.0223526196059564 -0.885339378750436 -0.0512875180705595
-0.0355013680496502 -0.0277340786547984 -0.275773065769916 0.6389090115996
-0.0312761304807839 0.007522634415829 0.277812339897735 0.386649147629909
-0.0153066723887804 0.00372838668548609 0.245618568396703 0.00822439234020232
-0.0120020453861061 -0.00532483202456734 -0.0218830573839055 -0.179067355578903
-0.00411379963835359 0.00716892461708918 0.00493319857261994 0.164722753853072
-0.0237531475056635 -0.00486680916556836 -0.152735841964181 0.0372613101338364
-0.0211053948216164 -0.0152915123416143 -0.270042233487216 -0.337256262980931
-0.00846281646045845 -0.0414564457938232 0.17195160599067 -0.573805635554298
0.00903579895344034 -0.0348242111166783 0.767944944225192 -0.132130839777948
-0.0210212021412138 0.00315547888566477 0.534114632228164 0.678513213546661
-0.0117174010895661 -0.0575852345050398 -0.161901984475881 0.627844846183653
0.0192578557477214 -0.0729654169806292 0.035850178260883 0.0834319876154651
0.0113170259084059 -0.0460257147660183 0.241854932711992 -0.570478102965144
-0.0241668647536396 -0.0124656633850422 -0.45867958127271 -0.798788364451323
-0.0200097573560664 -0.0198887661984829 -0.869977131723406 0.0607311300755347
-0.0375244823115947 -0.0231387889993133 -0.193833959915244 0.660568685604837
-0.0317350265849128 0.0108226946017051 0.312066504536074 0.35682779337346
-0.0161262028574914 0.00184652493966328 0.240237200477716 -0.0143966270571884
-0.00950190221026126 -0.00787431260412106 -0.0244709362273832 -0.186689452427473
-0.000454061890756082 0.00543270154663881 0.00639945248733119 0.157882908656469
-0.0257917945016803 -0.0071032110813124 -0.158303830112966 0.0155358318289083
-0.0201648210224761 -0.0179003850586175 -0.240675482821334 -0.367140191665639
-0.00335078699835208 -0.0417914224711887 0.243953748480644 -0.549960594372162
0.0147266150550785 -0.0300075561049432 0.788658880074396 -0.0269768975771402
-0.0204283668128443 0.00415033676036113 0.449908920195449 0.752144475133573
-0.00595026198823327 -0.0569368357369057 -0.210285926093949 0.608033895488957
0.0201083002759543 -0.0688249868162132 0.0494684175045385 0.0558675353057438
0.0104541066406897 -0.0408427975968381 0.192703869137809 -0.600531499515345
-0.0208457540834518 -0.00753635335931535 -0.548086609834415 -0.730249877352384
-0.0216095050183184 -0.0167809141974535 -0.839996941690579 0.172531273759267
-0.0383657560429897 -0.0156239891035011 -0.111070232199452 0.67363758483385
-0.0294365116639823 0.0160003625271196 0.343245211345268 0.319234287037929
-0.0138701454729596 0.0013186810772337 0.229541479636737 -0.0373502669794963
-0.00513048565830415 -0.009313962193855 -0.0294449719700188 -0.195082844503855
0.00416023181277197 0.00558828276652267 0.0086676285068621 0.150968110305202
-0.0248208465379172 -0.00842541141975072 -0.165091904082751 -0.00516315507300011
-0.0169749951951837 -0.018690047059994 -0.212804033764613 -0.392161693992756
0.00178442766583722 -0.0401971089124521 0.307274147140566 -0.518004827558716
0.0222041455329394 -0.0244948071807921 0.79498082587059 0.0757803822424211
-0.0156767436010866 0.00940830724627538 0.3636761351062 0.808355479674541
-0.00332225579105405 -0.0464220368210318 -0.253684822784627 0.584003224315063
0.0164770084904046 -0.0560521601749866 0.0637430272852525 0.0279402657271576
0.0110307693388122 -0.0277005129717218 0.147013442172966 -0.622548359519008
-0.0125595790645592 -0.00146485709155374 -0.621199678832666 -0.656580696235419
-0.0199393465367183 -0.0136247626957275 -0.802456090892359 0.269275964020398
-0.0389441064479604 -0.00717894472416674 -0.0337747153347402 0.676749588668475
-0.0256550323588811 0.0201050814519575 0.365383505571406 0.283692763102025
-0.00973195572323506 0.00173286826461706 0.218729361937811 -0.0586675422500239
0.000257644497271073 -0.0084440802352724 -0.0322950494208633 -0.204529617276895
0.00956339132126151 0.00759020935746348 0.0112157976249386 0.145881971790594
-0.0201465449757902 -0.00766997126786394 -0.167991069591935 -0.0196831207197282
-0.0137379608080408 -0.0169299896040341 -0.19267833083953 -0.406944952500743
0.00513398844076504 -0.0373368854687459 0.347836453995701 -0.493362181470091
0.0316844405367889 -0.0190568527540201 0.795056718895985 0.142906684684686
-0.00685030196335142 0.0217305222187605 0.305320435865114 0.84436045649614
-0.00599366357217804 -0.0252169139466001 -0.276270914652005 0.567448641382536
0.00629310461020129 -0.0346148774624305 0.0736619093297153 0.0084432368818387
0.0139179764627328 -0.00773705569513785 0.114985619881662 -0.635932682806555
-0.000202964488990886 0.00519811248665338 -0.663474248896166 -0.60552049177672
-0.0157093918436116 -0.0128633705637719 -0.770616708438009 0.328765679530452
-0.0385708929189513 -0.000329680496698979 0.0153235456011594 0.674032384365198
-0.0214293817961372 0.022688093226683 0.377177330633323 0.260720579324916
-0.00390336245961159 0.00176100179022346 0.207756644068328 -0.0722799580838965
0.00553094812481509 -0.004821992830819 -0.0341726467716118 -0.211605692102172
0.0139132267913493 0.0108719046244156 0.0127847337344407 0.144533062391924
-0.0142422546393725 -0.00555044893902424 -0.17025889195252 -0.0267595841720971
-0.0109375905803364 -0.0148641665486511 -0.187533659821783 -0.410978052025259
0.00631732424954175 -0.0337154983355646 0.361051104968718 -0.482646545744928
0.0398839272729063 -0.0143407010937287 0.79383299160275 0.165573524961911
0.00208159002527389 0.0375230601628498 0.287371794705429 0.854639504814894
-0.0148646321898204 0.00193618298924757 -0.283052392301119 0.560951041133559
-0.00683282366288196 -0.00787935610293173 0.0788794123870814 0.00124149163574301
0.0175072391237353 0.0151036145631793 0.107038935287931 -0.643517147176745
0.014311001231785 0.0104453445566653 -0.67408000693798 -0.58836481234111
-0.00945314871371772 -0.013107548014358 -0.763293313802773 0.3498629062461
-0.036914534718655 0.0027012921913267 0.0288777724006221 0.67206268787266
-0.0173139739244817 0.023769608745827 0.378829477726 0.25323994244434
0.00221754295717462 0.00302577211463313 0.202239365971795 -0.0765482842171389
0.0099607910544891 -0.00058670647396177 -0.0339530816263947 -0.216735772144191
0.0173294753924171 0.0150793711629776 0.0160431202748287 0.143552413305678
-0.00702175725349139 -0.00175876630448953 -0.170073895642148 -0.0254413834382095
-0.00907191270363369 -0.0108489867931958 -0.198050098827879 -0.40929892516114
0.00574804590195724 -0.0306870136991171 0.345896041567354 -0.492504677800388
0.0474011612804064 -0.0133160412885663 0.797537957432891 0.144634959886411
0.0129145364501162 0.0515478998161798 0.312401099524803 0.849202277917419
-0.0219663644845681 0.028944812648898 -0.270866461400607 0.568929160151809
-0.0210675978464481 0.0183576424712371 0.0780314575451314 0.00571955464920707
0.0200446800484201 0.0375041192051446 0.117551774192966 -0.640624871867284
0.0275724542467028 0.0163311217298584 -0.661285903589352 -0.606691535553352
-0.0018193895286897 -0.0142207013372226 -0.775128706774312 0.330746467514448
-0.0361677164966703 0.00430395312811489 0.0095233377091808 0.674387965820598
-0.0138974315789348 0.0234769887793677 0.373026695106425 0.262104826128157
0.00884446026375943 0.00516258130720157 0.201509435725486 -0.0722370309584559
0.0132074408437329 0.00427770353898571 -0.0335016320247834 -0.217095196890584
-0.00869850336646986 0.0146252739518683 0.00390064056105867 0.176843733289208
-0.0120837370279284 0.00377102611095965 -0.144641298778016 0.0785971568761819
-0.0162868407042445 -0.0068824420843855 -0.317498415206887 -0.269829574577177
-0.0156673320715686 -0.0343758305356346 0.0438487272278198 -0.58711489332979
0.00594961951852841 -0.0399216769694753 0.707263381088447 -0.290308981240774
-0.00824254755658422 0.0081049855915987 0.654886138706925 0.547659160530437
-0.018042340172045 -0.0349968488914332 -0.067881665011253 0.654296756301111
0.00413293313880802 -0.056506020377543 0.0162205444998724 0.13246178104963
0.0109715931010736 -0.0344654048511019 0.319003343363331 -0.513199876959546
-0.013695638537823 -0.0100868686990171 -0.282649317641426 -0.905906797036883
-0.0117960632065929 -0.0232833295620378 -0.892366279197659 -0.147470663147958
-0.0346618614649339 -0.0310311356672075 -0.348550279685421 0.615821952172231
-0.0306938752104814 0.0068033015466797 0.24650552640381 0.415934991198802
-0.0141482420773311 0.00620816846112127 0.252403796447525 0.0267600465840391
-0.0131683224328942 0.00142543611639531 -0.0152162869955272 -0.173310404043993
-0.00832353968289392 0.0105432823318306 0.00534988464116156 0.172104643032374
-0.0179114789185996 0.00247052969507144 -0.150619190332683 0.0629565611631852
-0.0196204283352739 -0.00953017789230851 -0.298636406276043 -0.295948564926818
-0.0143244256695469 -0.0370292176950713 0.104422334053234 -0.583499008294501
0.00644160713518956 -0.0378538169883175 0.741941558212685 -0.225210601445851
-0.0178797266032746 0.0060609553969387 0.607226954055012 0.611265672308133
-0.0170733774346662 -0.0506945692625176 -0.110419772954807 0.648734222843173
0.013710807827448 -0.0684706220010343 0.0239276852415104 0.111311113568111
0.0125351100572094 -0.0445553566378339 0.286517009019002 -0.542674868926232
-0.0210516167362311 -0.0148027962423204 -0.367102660472598 -0.867909933088626
-0.0169281733231854 -0.0225413123693004 -0.889944198511558 -0.0533176410655788
-0.0365001768887481 -0.0280817233416759 -0.277032849757494 0.644489520732506
-0.0312550084092141 0.00785219839376238 0.280175583026534 0.390659232143833
-0.015773859996528 0.00350594533111216 0.248361368983705 0.00852974626363834
-0.0124666466304459 -0.00483731756523643 -0.0211101710455333 -0.18043606395556
-0.00379270945252496 0.00686483201307865 0.00542187000244303 0.166370737599964
-0.0243793556275124 -0.00512055598636131 -0.153301695591781 0.0367420108572094
-0.0217152531461736 -0.0159686402120373 -0.273296905447035 -0.340504369643045
-0.00837828987369956 -0.0424483308093198 0.173170019329278 -0.57913204375483
0.00898773729120056 -0.0339326875134237 0.773019042040024 -0.130996654273246
-0.0211603085147072 0.0037679523899084 0.537550119354447 0.685824425615481
-0.0123858816471204 -0.0586810190044799 -0.163158082906036 0.633464035809775
0.0195680558799777 -0.0738691642547243 0.0357178926582822 0.0842282937166245
0.0123664599209737 -0.0464569379696694 0.243870419906099 -0.573714336422313
-0.0230518108418207 -0.0124280498092568 -0.461775401522923 -0.807209030219429
-0.0205280943298451 -0.0194799910730949 -0.876790488116009 0.0606993708462598
-0.0385508191107281 -0.0227759169572447 -0.196051675672903 0.666547923272659
-0.0311405879173653 0.0115163906781041 0.315734212214223 0.35805247700053
-0.0166042643022664 0.00136193830417298 0.241686264440738 -0.0135782247406255
-0.00998451998342026 -0.00867547110646557 -0.0247485928978594 -0.187208556519008
-0.000465262425979159 0.00466609586524175 0.00724902150000712 0.159093381050413
-0.0265109276257521 -0.00770027583797964 -0.159945299546961 0.014816220863642
-0.0205203483684011 -0.017899803611774 -0.244797053578722 -0.370586690078577
-0.00329733770474024 -0.0422488696976121 0.246108826948227 -0.553925472131374
0.0148602358107709 -0.0302072771173439 0.794857248643851 -0.02723263998055
-0.020797835821359 0.00407852772764081 0.453254772477998 0.756751325019774
-0.00678800047467099 -0.0577764977430223 -0.212084693068207 0.613950842528556
0.0204781640523691 -0.0699314431522981 0.0493070939107231 0.0564848462179802
0.0106427517215297 -0.0412094048770364 0.194677091376767 -0.605025569307645
-0.0205829434709277 -0.00722484284040636 -0.552405047077076 -0.737378011594518
-0.0215082890084947 -0.0161267787389281 -0.846956688912465 0.173970868842225
-0.0399216354146297 -0.0152500549037382 -0.10938858338926 0.679433218735317
-0.0292479222192705 0.0157321598042112 0.346715084480943 0.321055729383482
-0.014314907949401 0.00105952051433295 0.232358025433864 -0.0368388110056923
-0.00581005124980158 -0.00957867042036444 -0.0297084224494069 -0.197245334597828
0.00422742467355054 0.00581402361252813 0.00812435039176828 0.152060179546331
-0.0247251525410409 -0.00897393898549355 -0.166064353414958 -0.00601418285126619
-0.0178146353876672 -0.0190347355169269 -0.215918550696532 -0.396624191557299
0.00143361050335592 -0.0409955143368365 0.310122116342828 -0.52316656198451
0.02233648640185 -0.0245904096176468 0.80158721805668 0.0762281915971574
-0.0151824897065101 0.00937670173939667 0.366871036040413 0.816710394673825
-0.00364566332818366 -0.0471204288252813 -0.254420568064792 0.588914602082265
0.0166351754483343 -0.0574788613632389 0.063853256198824 0.0281367180423291
0.0114188977183303 -0.0275216033103134 0.149347402486713 -0.62896227141161
-0.0131872025217227 -0.0011449809571165 -0.626481387518565 -0.6614679158162
-0.0201634116816053 -0.0139476414974667 -0.809499889946723 0.270612324768755
-0.0391535470700283 -0.00672427633528697 -0.0309918490327854 0.681712331442294
-0.0260394569454131 0.0202405863321015 0.368543347876402 0.286095352193515
-0.00981399420104474 0.00171553439323727 0.220026175611192 -0.0585740281399766
0.000295707383834489 -0.00849154694439276 -0.0321970573284919 -0.205626313161898
0.00934109821294283 0.007612549376723 0.010876731825382 0.147151192967951
-0.0214635022574712 -0.00813462868815255 -0.168890576859968 -0.0207812813703649
-0.0137014357238891 -0.0178977386452046 -0.195968631669955 -0.410082340960015
0.00495743944291562 -0.0379895692568359 0.350628361845521 -0.498823289410642
0.031375777315262 -0.0187380548101542 0.800368062319876 0.142487499676109
-0.00681488683439345 0.0219758917881065 0.306773970451344 0.852543145058641
-0.00640139401155146 -0.0256812278775456 -0.277906227911909 0.569542573992835
0.00685149944107714 -0.0355664386500054 0.0744676581088942 0.00884099191845691
0.014464279822168 -0.00814973864538787 0.116743452948432 -0.642627541768946
-0.000922746748998941 0.00514539446625515 -0.668505200578152 -0.611354948917156
-0.0157125866890393 -0.0126855964516506 -0.780962489196091 0.332216418407045
-0.0388471041747418 -0.000234521268553771 0.0177989002386071 0.680450494460673
-0.0216988472613596 0.0231988937704688 0.381243748721119 0.263257049908902
-0.00401988430257314 0.00242601341987729 0.209899183097629 -0.0728829778583275
0.00474835639658472 -0.00532701177613342 -0.0340820527613427 -0.212991053823503
0.0138617211685937 0.0111515200463236 0.0137806977618648 0.145045590503253
-0.0150697407113594 -0.00574712815902616 -0.172074932721685 -0.0285840591572042
-0.0112787889286899 -0.015172334832572 -0.191082987050076 -0.41515617140595
0.00624994810487156 -0.0345427520840592 0.364292099677835 -0.487167612097942
0.0405078423688619 -0.0140293555132245 0.802369171020059 0.168927090705941
0.00276393544254696 0.0381194698033072 0.288906111668599 0.864175929506172
-0.014673330735982 0.00108832396106213 -0.284308055019009 0.566507086666457
-0.00672478324934793 -0.00861954518851788 0.0792653143480562 0.00103445702936189
0.0172827711088211 0.0144911449862981 0.106654582169407 -0.649033951551951
0.0146521688596798 0.0108947165328969 -0.678648003995943 -0.591092799334731
-0.00930091063751481 -0.0131155303559907 -0.767096405263696 0.351828570774529
-0.0371545189354669 0.00398617314961429 0.0296000207587503 0.677609452852139
-0.0173318304392481 0.0241934078818435 0.3832171901089 0.255093979042538
0.00225565896298454 0.00295616803670027 0.203751319633193 -0.0770848923462205
0.0100662280533514 -0.00103597327168856 -0.0350177779081882 -0.217999671842761
0.0171242882486302 0.0151436561052088 0.016474120326484 0.144682082099721
-0.00779478336142593 -0.00196166887972243 -0.171547590544724 -0.0268117838181764
-0.00919850999955854 -0.0117024336459559 -0.201783716690789 -0.41197176676727
0.00534156964269848 -0.0315809657066279 0.347756215903739 -0.498001546839518
0.0477043660741514 -0.0135450339863197 0.805947275573265 0.145944569287001
0.0133304792443834 0.0523715763944705 0.313650234453154 0.858267226414525
-0.0226170143153413 0.0283228208108205 -0.274348718374475 0.572921255262091
-0.0215034099382421 0.0181603692919829 0.0780869476580577 0.00588068108771951
0.0202811408019943 0.0373084886384363 0.117628523130086 -0.646830635072038
0.0287128462807776 0.0164431129431932 -0.666524470368579 -0.611772670936222
-0.00187471408829285 -0.0141894332423177 -0.781471818273472 0.332144647282747
-0.0375028233799424 0.00560831535063236 0.00974572991003843 0.679072634334822
-0.0139589142386325 0.023565193997992 0.377448236852598 0.264559059853956
0.00896631021931491 0.00546746355382485 0.203123058833609 -0.0724614751054087
0.0134547464361498 0.00477435024507011 -0.0333468529464664 -0.219388796307991
-0.0083601632237717 0.015091837444475 0.00457634306088732 0.179588264969558
-0.011752455042428 0.003494866737737 -0.145605426265015 0.0778654743501424
-0.0167895327557207 -0.00659536007839729 -0.321055700739445 -0.27203502213733
-0.0165435989044586 -0.0348087997663755 0.0435104590746963 -0.593319037101405
0.00569927763730301 -0.0402116697740644 0.712667514060476 -0.293487708817566
-0.00825114053409352 0.00893025347528986 0.660524542093831 0.550717213502691
-0.0188100135078852 -0.0357684727139855 -0.0678818308570631 0.658957302159788
0.00429199531197187 -0.0569364839189268 0.01612232599275 0.133981596597009
0.0111608042709169 -0.0353183445626142 0.320560293289587 -0.51891500679326
-0.0138713351896191 -0.0105147283974034 -0.286206102625521 -0.912796428216419
-0.0117327220437506 -0.0235788427515527 -0.90134511401894 -0.147606186040162
-0.0353032342742657 -0.0309099550305502 -0.350594058734119 0.622077273959137
-0.030034484475224 0.00673719165718371 0.250734822965675 0.419672937826298
-0.014068403638718 0.00635761375036818 0.254495011311647 0.0272381094109155
-0.0139236860155603 0.00125105075695932 -0.0159803674480707 -0.174275800689753
-0.00826283933862698 0.0109338498599258 0.00561400958132129 0.174131837543384
-0.0186324347864486 0.00212542352690705 -0.150218023910247 0.0630058538189647
-0.019589292646145 -0.00952404329043043 -0.302121991324031 -0.298350622400091
-0.0144810641421528 -0.0375690195816159 0.103445488854708 -0.590243571978258
0.00659292036254181 -0.0377801533797372 0.748250724043437 -0.22855211040113
-0.0175387793351887 0.00618785176034009 0.614620757627699 0.6147388411883
-0.0175987665673902 -0.0519358324833758 -0.111028962392417 0.655066145369277
0.0134041328008004 -0.0692601306896356 0.0243555140783925 0.111967499689909
0.0119616023204091 -0.0453614548094837 0.287611557651331 -0.548704342649942
-0.0212232060721092 -0.0143886596782089 -0.371456767448916 -0.874918325241866
-0.0169337961370048 -0.0221756956802832 -0.899052736798273 -0.0529487384577893
-0.0367468806816002 -0.0285440959339715 -0.279894400810883 0.649555934012349
-0.0316292967208007 0.00770982392132848 0.285228764358955 0.393579731526374
-0.0156488776256311 0.00336428949446738 0.249696452415809 0.00830604829900395
-0.0125866547132352 -0.00479960468264738 -0.0209157020528779 -0.182010684131589
-0.00355185003072445 0.00687815178112869 0.005418855019647 0.168529942866736
-0.0255366631787273 -0.00559664130783748 -0.154531135386607 0.03598977712373
-0.0221647539628829 -0.0165442591923748 -0.279548342173373 -0.344668556427085
-0.0086339440300484 -0.0425126604077198 0.172355165791294 -0.583848401923693
0.00936885491322101 -0.034393904045046 0.780488408409899 -0.131967439338153
-0.0212656312537543 0.00358248474922399 0.542899269757386 0.691201224525819
-0.012688251147436 -0.0587770045885854 -0.162960891796745 0.638762075256095
0.0194464271390995 -0.0745308751097473 0.0356545701021515 0.0851003342890043
0.0116561465164049 -0.0480110999089334 0.245070740592054 -0.580585727192659
-0.022800523386493 -0.0122371133548226 -0.467118768723811 -0.814773957502889
-0.0207846409073155 -0.0193787045987677 -0.885795744644152 0.0632940679402488
-0.0392144536620768 -0.0238403709514766 -0.195013934443488 0.673314072321525
-0.0309959802321095 0.0108998629269643 0.319443626684013 0.360146585146097
-0.016228592910457 0.00184340673572855 0.243722230991513 -0.0141937556905629
-0.00976603041003566 -0.00797718580939836 -0.0252026200751653 -0.189314113295646
-9.14014345106931E-05 0.00508778114814174 0.00673623802490883 0.161026245497092
-0.0268195021239081 -0.00789385827630144 -0.161297813941958 0.0139529330969695
-0.0206716117197117 -0.018689951844649 -0.249187616007185 -0.373929689892376
-0.00371784272561627 -0.0430505443986309 0.245610866690446 -0.559014632200608
0.0149680727562416 -0.0307335333160956 0.802824234587664 -0.0289001274375144
-0.0204049476855291 0.00356955089793223 0.458788731260671 0.763189052267445
-0.00734112823287732 -0.0589616756760384 -0.21265903765278 0.619243002544148
0.0208283727716652 -0.070733979720945 0.0494163738470574 0.0566754683647829
0.00997316369246744 -0.0420100775595528 0.196006651084069 -0.610262778794572
-0.0206363973361769 -0.00771046618582375 -0.559432283443267 -0.74305576724451
-0.021312378733541 -0.0154610281976313 -0.857034773928609 0.174497716750387
-0.0406262134673098 -0.0154433928025527 -0.110299504408767 0.686531340288768
-0.0294360099669088 0.0161537684968325 0.351581036542964 0.323557772218402
-0.0147491542963754 0.000870150069144277 0.233843611778525 -0.0373491581400987
-0.00514667533900899 -0.00966197705403625 -0.0299482477997609 -0.199178406696714
0.00435900198918476 0.00538384674771266 0.00829962046555053 0.153120629438038
-0.0260811247937495 -0.00924183682240826 -0.16816347123881 -0.00716072420647678
-0.0178739505110363 -0.0194432129573398 -0.221266646823591 -0.400264124217672
0.00147430186180005 -0.0413806940009188 0.310685389006084 -0.527326747070659
0.0228568976008346 -0.0243944937426288 0.808928355458759 0.0753004424766741
-0.0150894237975388 0.00973759273461017 0.371838004871697 0.822574036945913
-0.00401582405080536 -0.047938081431482 -0.255146376604338 0.594485914682549
0.0164145061730915 -0.0577164526749766 0.0644140984852067 0.028234365786846
0.0108520569059579 -0.0283228904083318 0.150221906554294 -0.633097937739616
-0.0126994096358465 -0.00124953905470053 -0.633688673442359 -0.667086796502853
-0.0203800143995231 -0.0133320361784013 -0.81731769866144 0.275040503696024
-0.0399943157701724 -0.00690040874368516 -0.0297892867232635 0.686786002586699
-0.0257852147620145 0.0206480822432298 0.374062335939927 0.288206423177638
-0.00999434258710096 0.00144802636667373 0.222644121995439 -0.0591349601025638
-0.000505298033798882 -0.00880839103576418 -0.0325454990866494 -0.207307477125523
0.00977377725155861 0.00780450256280391 0.0114079403237783 0.148688414839373
-0.021670178463457 -0.00836190730630062 -0.17122206576915 -0.0215254173630368
-0.0148237900362883 -0.0175787233236677 -0.200645639495477 -0.413064078586731
0.00466259541623285 -0.0387572856880855 0.35262803817201 -0.503037210399138
0.032527155628367 -0.0186849952876571 0.808841124653932 0.143828953849521
-0.0069045074753938 0.0219133507095311 0.311085676524534 0.859693363164996
-0.00713263305410005 -0.026785914987055 -0.27894474793379 0.575092500815409
0.00601794096118337 -0.0350000377052337 0.0746565813594671 0.00846842119355889
0.013614893674727 -0.00880823994298471 0.118882349865843 -0.648093557953844
0.000246906024327771 0.00501265881834257 -0.675894315723346 -0.616560787523357
-0.0159907604281642 -0.0122416403439213 -0.787017789729643 0.335925310785055
-0.0392933157697598 9.94143800743183E-05 0.0180701065967824 0.685502184931999
-0.0209553615859097 0.0236898129580686 0.386592329377781 0.26411031863479
-0.00438879930068547 0.0019518240871379 0.211176679383997 -0.0730324601459924
0.00583015505076149 -0.00502651588641506 -0.0352418032908433 -0.215304627236411
0.0143783321261268 0.0106484238438467 0.0133904304596521 0.146929947419254
-0.0154945052447068 -0.00558084333099748 -0.173526178805416 -0.0290817672502629
-0.0116376257135401 -0.0155280783864657 -0.197252241412985 -0.419414009784732
0.00597480080579398 -0.0358165301563124 0.365368773489766 -0.491478192176384
0.0411896347220038 -0.0146971791324382 0.806880312838079 0.169630910174824
0.0033822976973143 0.0377702818722212 0.291785953529225 0.872227879762426
-0.0150801958659925 0.000745913637709986 -0.286367384620238 0.571229974899198
-0.00747726479752341 -0.00914225309412474 0.0799502190866111 0.00104011570153958
0.017719829293581 0.014376110297536 0.109160763657476 -0.654178453778726
0.0152144150480589 0.0108831914347535 -0.687975244683216 -0.597564187453542
-0.00946425611122814 -0.0128465045014839 -0.775632178575091 0.359364353363918
-0.0383897885104689 0.00395848030632898 0.0317122316903364 0.683812955045999
-0.0172491211483542 0.0238336636687964 0.386560041991834 0.256142517518347
0.00178783686004099 0.00271753842689459 0.205668805736537 -0.077709531562643
0.00993266186476101 -0.000388083306680317 -0.0354894641370617 -0.219939675608642
0.0174063505222713 0.014536164360609 0.0165283368848538 0.146034221299423
-0.00835258834691073 -0.00185010482212874 -0.173427778369838 -0.0276533333537669
-0.00927905655176353 -0.012041587487766 -0.206234455568803 -0.416501837506285
0.00499706707422949 -0.0323486499537107 0.349597556310217 -0.501331463672204
0.0486110255432587 -0.0133271055397559 0.813103690207862 0.146066875289695
0.0140023625056746 0.0533066394493371 0.318999321552054 0.864807821170219
-0.0233720974121627 0.0286656166813375 -0.274680604831659 0.578711966106148
-0.0217223248753464 0.0173226365214693 0.0783611591848859 0.0061333689189429
0.0194869659910603 0.0373378441360316 0.118863058787104 -0.651757770120649
0.0289584617795198 0.0165675567908904 -0.674208380217514 -0.618423162229732
-0.00193013833393908 -0.0143741795249127 -0.789940527333721 0.33636774839774
-0.0370750152318655 0.0057369668161922 0.0132347752883236 0.685625816621329
-0.0138659453280467 0.0240142039444776 0.38124326974513 0.265196732695791
0.009170635891552 0.00538841275594093 0.20510244554511 -0.072301402240014
0.0131321440716914 0.00478477186556052 -0.0339971125055465 -0.220859988975119
-0.00842705861171523 0.0153701512844016 0.00429310171245754 0.181394783415772
-0.0121639099987737 0.00311116665377018 -0.145680282522044 0.0782443707560315
-0.0170024059629947 -0.00753842944448013 -0.325061402347882 -0.274122178712338
-0.0161319326769278 -0.0353378000195344 0.0419046840496886 -0.598401643305917
0.0059947195268977 -0.0405887646639883 0.71908652099131 -0.300568967706241
-0.00821191547901529 0.00838790305270926 0.670408621623037 0.552787042466622
-0.0191470003462445 -0.036930356697435 -0.065819947149694 0.667624689563292
0.00375100805507837 -0.057108022698121 0.0169062961533315 0.134417075324664
0.0107903411396732 -0.0358893568788112 0.323733899771768 -0.524544756418846
-0.0139206669789861 -0.0110692886281939 -0.291920277536522 -0.92230179161441
-0.0121202681892788 -0.0231071831220714 -0.911543245327058 -0.143967072908842
-0.0356958625934791 -0.0310297924142188 -0.352426213099372 0.629609887251463
-0.0307007545499309 0.00659197511965533 0.256381139211026 0.422596044477836
-0.0144390815986167 0.00666400348657979 0.257438697878351 0.0265142331215943
-0.0135781179450298 0.00162643449564666 -0.0161209207251181 -0.176118733685377
-0.00823058626636706 0.0109194993054714 0.00633348637926559 0.175988028194847
-0.0190419276744095 0.0010960336008267 -0.152005342191411 0.0628408774995011
-0.0204131496881191 -0.0101569742596412 -0.308107215975368 -0.301526212512169
-0.0141157924648912 -0.0382963020660538 0.102112950770281 -0.594509065401148
0.00649553037578219 -0.0387546893407835 0.753568858807939 -0.232123007401274
-0.01820704418101 0.00650641169703198 0.624099575887452 0.621267442441282
-0.0181248983545621 -0.0527602461297853 -0.109752144145057 0.662584316592511
0.0136825338602109 -0.0703638572938952 0.0250359604746749 0.11263862052194
0.0113985134812429 -0.0464972318832358 0.289620849612284 -0.55453459306619
-0.0207639016271162 -0.0147523130470209 -0.379630017018587 -0.88343027662811
-0.0174740617108886 -0.0221772889537523 -0.90896474000491 -0.0498115427855975
-0.0379576696611571 -0.028974618266562 -0.278852527337413 0.656953146984841
-0.0311503315224444 0.00780774712081848 0.288486031811739 0.395222673602968
-0.0159819902147908 0.00286361469059305 0.252107715634445 0.00825203113292517
-0.0128233348169372 -0.00471132991680668 -0.0221163924213169 -0.183916068850152
-0.00390693024641268 0.00691463679649616 0.00629292790688935 0.169960551661942
-0.026355274139314 -0.00587153856534469 -0.155946698168927 0.0357305597905778
-0.0221638011229296 -0.0163147803606206 -0.284906246926944 -0.346343723094266
-0.00898632601745852 -0.0428280721963719 0.172222021055938 -0.589243926515724
0.00856703496850879 -0.0347687961344547 0.787009951557643 -0.137255728177038
-0.021211942446298 0.00386499774416061 0.552402150431855 0.695165487344528
-0.0134279763971433 -0.0604947943178508 -0.162171436512691 0.64458294268415
0.0190796705374269 -0.0754672919682531 0.0361561978115585 0.0860227993613818
0.012047811173131 -0.0487473912377193 0.246099799881045 -0.58760862135647
-0.0232578304958551 -0.0122974128875949 -0.475438741608989 -0.821413102277569
-0.0210376411455218 -0.0187286497002079 -0.892033785586665 0.0654997708437308
-0.0399117453076654 -0.0231213665883782 -0.19457320141991 0.680867897057706
-0.0313742171253131 0.0118278605485652 0.324641101149042 0.363661431174813
-0.0165768950525056 0.00155494255526756 0.246950955673876 -0.014949986657705
-0.0099937509678314 -0.0083073545539339 -0.0257385612931232 -0.191102885180729
-0.000358085187651154 0.00459440560714354 0.00830459017392457 0.162737328074053
-0.0281646773026406 -0.00805986620746615 -0.163295660116378 0.0133546690525618
-0.0214594665221268 -0.0181623984490728 -0.254025379125412 -0.377920395004226
-0.0038592806448876 -0.0436752454345439 0.246969521418051 -0.565328085123992
0.0149073585635869 -0.0303565186433961 0.809839958319837 -0.0305051087805251
-0.0209258858162828 0.00447045096616885 0.468026193433337 0.769741766772133
-0.0073931604773442 -0.0595635030433735 -0.212395834965758 0.626143776118411
0.0196844918915847 -0.07217321181353 0.0503245766844563 0.056979848750951
0.0103912803886118 -0.0435777034073806 0.196407685737857 -0.616412490058098
-0.0206774128652962 -0.00723367397733819 -0.566666427806224 -0.749487246116995
-0.0224118092387677 -0.0154667047545767 -0.8640676486864 0.180562815002991
-0.0411138462179665 -0.0152587878804646 -0.10959155988262 0.692545875395222
-0.0291254711138731 0.0162784090783424 0.356024280002897 0.324894539748909
-0.0149746954131033 0.00101584301508001 0.236143014174643 -0.0385318757795523
-0.00530299425219369 -0.00931883638680816 -0.0316986866334771 -0.200993925574653
0.00432493274727427 0.00512076118800807 0.009203022822113 0.156453542770538
-0.0269895092523155 -0.00932945417119725 -0.169359453689666 -0.00677292572846159
-0.0185036727812543 -0.0197398492162849 -0.22608605511345 -0.402618785095893
0.00166781333084086 -0.0421743024704628 0.313326044041026 -0.533551774582263
0.0230677991973405 -0.0247753977376424 0.81730593558827 0.074406836796384
-0.0151042578671633 0.00993080290103164 0.379588095149463 0.828552406337933
-0.00438741931119612 -0.0492595668636231 -0.258077827501166 0.601140338803507
0.0160031503562471 -0.0584045958332896 0.0647188400323605 0.0284300016365592
0.011315961176685 -0.0297042306439833 0.151210922544542 -0.640676867971235
-0.0120055037356103 -0.0011535399352756 -0.640846790149346 -0.672721894211462
-0.0202461091292028 -0.0131580470007407 -0.823321768037993 0.280834655026159
-0.0413132474199767 -0.00726438652039388 -0.0285103000706577 0.69441324624727
-0.0261591068923212 0.0208814368513281 0.378487777455734 0.288593950357364
-0.0104833845651161 0.000804504276394991 0.224032736265087 -0.0599449931316655
-0.000471391088782845 -0.00852720646154766 -0.0336984533868896 -0.209181219346123
0.00995843862927171 0.00702537940278329 0.0120729133463855 0.151122793123191
-0.0230026322166591 -0.00832083336467547 -0.173311207702399 -0.0228153961917552
-0.015232414502693 -0.0185973923339798 -0.205986830976569 -0.417849274686294
0.00493857381634933 -0.0399734652368912 0.354322237317519 -0.510107282962315
0.0329291615051999 -0.0190261469257694 0.818263367093357 0.142491434782538
-0.00664234347606711 0.0224459768935427 0.317255187464652 0.86814404266757
-0.00765533563995474 -0.0269958443756093 -0.280638252871931 0.582668769230736
0.00628485237699884 -0.0370891079466853 0.0753882986329121 0.00866624052679473
0.0136372631653542 -0.00889100219567153 0.115994627765629 -0.655630525516295
0.000744272457779558 0.00488584516187106 -0.685515496141199 -0.620199218123532
-0.0161936140020651 -0.0120312071418727 -0.794178713830625 0.341285398550087
-0.0403359728266061 -0.000357064381573444 0.021644513839703 0.692032026974841
-0.0208975349467131 0.0234976551076044 0.391834347161599 0.262986709561278
-0.00546362714050263 0.00209201885840588 0.214147588160005 -0.0738438746384759
0.00473292031653605 -0.00524366690072198 -0.0364844567860023 -0.217031685515653
0.0144026146770962 0.0103146746194939 0.014419155504137 0.148369785092322
-0.0166278231942352 -0.00579631860402146 -0.175703902497579 -0.0292533914957234
-0.0118945054205164 -0.0153735258810086 -0.201044265197902 -0.423375401072022
0.00556275195386921 -0.0358693355456528 0.366472581935655 -0.498739218940774
0.0415890753363785 -0.0142353929452714 0.816849964621968 0.168864779535404
0.00326322500951642 0.0384285672783558 0.29892882775169 0.879265922670691
-0.0154574013741005 0.000305604631798129 -0.288020065292769 0.577053938797783
-0.00715216347229356 -0.00992970248649976 0.0799668358125127 0.000608203646364608
0.0174030594714894 0.0143712998803915 0.107417976703378 -0.661590134791298
0.0155078040684302 0.0104393024364996 -0.697845755450523 -0.603614660836635
-0.00947514379879167 -0.0129594859454242 -0.782642197402318 0.363524907073027
-0.0388173378388811 0.00462057599558314 0.0347288682720865 0.689449020854007
-0.0166711316683284 0.023350005036536 0.393115193887431 0.257492868413255
0.00281999007191525 0.00281692595441284 0.207830434968724 -0.0784522169255661
0.0101665136011894 -0.000274729131169313 -0.036309572955285 -0.221975921817491
0.0180458332984819 0.0143616190825531 0.0173272431481447 0.148001037706828
-0.00909154106111387 -0.00216418276811467 -0.175850195061859 -0.0283905133955405
-0.00986668664004608 -0.0120116841533814 -0.212371634752079 -0.41838624086269
0.00515817829503688 -0.0331773568768073 0.351077748760179 -0.507592595327467
0.0490307238030612 -0.0132991300386871 0.819873367022725 0.143886618890297
0.0143079064602113 0.0535013750525155 0.325103068525577 0.870803469870291
-0.0239605826415194 0.0283972437927051 -0.275983483326426 0.584696552194946
-0.0219882686005311 0.0173568986840334 0.0789034479283805 0.00580877855672727
0.0200273583389694 0.0374157299193012 0.119980322529096 -0.65971141879258
0.0301401654880589 0.0156892059347434 -0.683632900620831 -0.621721752570803
-0.00207722968212525 -0.0139624489100308 -0.795829772128583 0.344797466762949
-0.0377235202077859 0.00593135717302389 0.0145113820801047 0.692668451094081
-0.0134592248733369 0.023540638397928 0.386824368441293 0.266052597320281
0.00920779089825994 0.00545392277231146 0.207377318383609 -0.0740588127769602
0.0135409105101554 0.00535835584320664 -0.0349376101043073 -0.223179837265483
-0.00803701620052519 0.0152988435305618 0.00527281313290783 0.183730604383262
-0.0122994378191362 0.00302130703517946 -0.145766367395135 0.0795311498846937
-0.0171253057669858 -0.00750209750906836 -0.331940363260853 -0.275111351182831
-0.0167948147047172 -0.0360484944053131 0.0377031853706851 -0.60340586628506
0.005907228431168 -0.0404196279591237 0.724383602648916 -0.30729923043585
-0.00843330937775801 0.00855949045232737 0.679889241982423 0.556504770179703
-0.0201198602160252 -0.0375368734820661 -0.0621810698427814 0.674695852169779
0.00305487003108134 -0.0584644364565154 0.0181776967805068 0.135284894813773
0.0106320124965932 -0.0365918878724186 0.322931530591994 -0.530182097117066
-0.0136501342615426 -0.0106339086694319 -0.297878179106252 -0.93200151385862
-0.0122361469435272 -0.023178659280314 -0.923314294007023 -0.142016097342899
-0.0364755595979661 -0.0307423659879586 -0.349758590473348 0.63788517032094
-0.0304253357612345 0.00708658171712307 0.260424181022656 0.425477902454635
-0.0143099559732292 0.00655266893299492 0.260195265728958 0.0256936413615549
-0.0138219059940225 0.00141752575979319 -0.0165737572730767 -0.177750952465308
-0.0082560569809811 0.0108385704579601 0.00695681436138483 0.178178112261999
-0.0191935803496726 0.000985616593132451 -0.152503493824042 0.0635181826854171
-0.0198507896558534 -0.0103927334591164 -0.312760202018796 -0.303572644798287
-0.0145201720651827 -0.0384875795851522 0.0996578272613747 -0.601791611685017
0.00624115221380239 -0.0383190884516146 0.761206447705195 -0.238449327145782
-0.0185496374158374 0.00672855373542457 0.632818270014815 0.623391174397807
-0.0187162621437841 -0.053816928047056 -0.107114778266926 0.669249636775427
0.0128854639198267 -0.0712204789397234 0.0254209079860267 0.113369550987837
0.0119577963014941 -0.0472295326353736 0.289799503547858 -0.562623867700698
-0.0208097652486605 -0.0148506512718438 -0.387508744416202 -0.891350057657587
-0.018032465327774 -0.0220851478369211 -0.91789232505671 -0.0466090410687141
-0.0385749419978612 -0.0283967545646107 -0.276795263459053 0.665485278485003
-0.0318963561765902 0.00794405266311603 0.295218800608012 0.397741824856226
-0.015802099206835 0.00255168276440592 0.255477178467306 0.00681124761754179
-0.0133544710491168 -0.00533654004584489 -0.0231685835301586 -0.184882736906698
-0.00342914531234162 0.00661102169155907 0.00735353772761304 0.172388619869528
-0.0273537974831381 -0.00630475991469645 -0.156617909612233 0.035392095705669
-0.0228230666518755 -0.0167924580341742 -0.292022047769037 -0.348051483520811
-0.00880016327195077 -0.0437556683611328 0.168886973568999 -0.595803217261284
0.00894075413087399 -0.0348073591855541 0.795276600289276 -0.141644188866516
-0.0217502325122677 0.00410267526413569 0.560911478034751 0.698840700508158
-0.0141114223497662 -0.0620033742157919 -0.160768698956518 0.652606985014233
0.0188966573761872 -0.0768160589308641 0.0367972551886211 0.0863709523822145
0.0112547085367562 -0.0493118830440486 0.245890613879712 -0.593070625190584
-0.0231171367916046 -0.0129410203605018 -0.483215665798749 -0.826857061750559
-0.0217826615236405 -0.0191187293673235 -0.902221341637662 0.0725405277902142
-0.0407638055802912 -0.0230132894508044 -0.191874731307913 0.69016913978736
-0.0308272569184631 0.0116572757461042 0.330234417042862 0.365041211495344
-0.0165647560872613 0.00115398609151032 0.248795588560969 -0.0159965289579035
-0.0101241074173628 -0.00825864919155298 -0.0267499932073979 -0.191937948627655
-0.000373033701207984 0.00535174217538504 0.00912925575709598 0.165372805731917
-0.0292061020093795 -0.00852111369462609 -0.164513443371531 0.0135418319618537
-0.0218526695660437 -0.0191352177083033 -0.260747694406581 -0.37931614559376
-0.00410983388834645 -0.04436224900054 0.244814793920247 -0.573341705081945
0.0147405307065571 -0.0303822198764331 0.818256297823486 -0.0348171750634479
-0.0203199546065603 0.00434670778729186 0.474821436432933 0.775972952672561
-0.00780983569319727 -0.0606519865493073 -0.210237649346535 0.63332951851904
0.0196908575800954 -0.0734288124913915 0.0513875825061162 0.0572832313545293
0.010420806223928 -0.0435781006234173 0.195950457380226 -0.624020443106802
-0.0203868729665193 -0.00744055045705724 -0.577619220831361 -0.754491621554818
-0.0229710912312469 -0.0149547417993094 -0.871843239310536 0.186794042414127
-0.0417735797553691 -0.0151284132074903 -0.105194078622396 0.699292240246475
-0.0299270936317619 0.0164177549522395 0.362297558747974 0.328471513549918
-0.0150460930016369 8.51432429221644E-05 0.238174632991129 -0.0393457732644184
-0.00577643378127704 -0.00967517507943767 -0.0328118440260028 -0.202498230755449
0.00482057581897441 0.00461326717160771 0.0103308933831478 0.157572960274214
-0.0276992264184766 -0.00957895291290152 -0.171819022819596 -0.00839056119582272
-0.0190032017138841 -0.0199763852250047 -0.232208358046389 -0.404693684535492
0.00108110224098354 -0.042811127935718 0.311127838635815 -0.540116101846889
0.0232102486215051 -0.0248686236720693 0.825520240460721 0.0696108706075733
-0.0150380915898276 0.0099669909022977 0.385489765430077 0.83463553458903
-0.00555474215190658 -0.0496038552581071 -0.255457399821528 0.60719355903924
0.0159811570358669 -0.059589116481367 0.0652254712284257 0.0283519918323997
0.0109022425687426 -0.0303346290082055 0.149208284645561 -0.649091224044626
-0.0118015738244588 -0.00101185771066937 -0.651134264633327 -0.67735557491872
-0.020998408966025 -0.0127510482588159 -0.829856913435913 0.286859504637431
-0.0412189805432988 -0.00608161915170111 -0.02200447387914 0.702757190964797
-0.0259145368307842 0.0211787160464332 0.385318146498622 0.289027611666625
-0.0103118372816326 0.000723167465337921 0.226814397536202 -0.0615923969237774
-0.000643923007044404 -0.00853126800187366 -0.0356558253496521 -0.211221967904318
0.00978977597358908 0.00648089578155447 0.0125035991470947 0.151993758481286
-0.0236784787077847 -0.008366489382029 -0.17561489063891 -0.0226418713469683
-0.0155156001760742 -0.0187697840789173 -0.211991082076467 -0.420598354249089
0.00484975397139789 -0.040095867752151 0.354821450260469 -0.516772492701482
0.0330272249262641 -0.0189911090231464 0.827046854479174 0.139673266086692
-0.00615405570964406 0.0224205751351788 0.326561920688342 0.87395794615632
-0.00805346517644669 -0.027829790850409 -0.280385448041688 0.588257479004038
0.00612345030746586 -0.0370058865904609 0.0756240667264605 0.00827283355244136
0.0135833582552143 -0.00940392107816672 0.115211746511887 -0.662122117923768
0.00133960980532485 0.00519662733558526 -0.694460533444459 -0.624175798590111
-0.0158201686458579 -0.0118386123219357 -0.800478558159829 0.34941437059884
-0.0405994089729661 0.000187564360576466 0.026464865568031 0.698280136393771
-0.0216373243037907 0.0231329601118365 0.396766291394635 0.264528075377269
-0.00493321279154251 0.00144829949808424 0.215132343593421 -0.0753096237371857
0.00496373788365395 -0.0057528234959383 -0.0377237811935258 -0.219457185423068
0.014798476903067 0.0101572800587113 0.0156457669524296 0.149510274702704
-0.0175127039449725 -0.00563957929005211 -0.177754061961627 -0.0293822528975897
-0.012501273141054 -0.0157379440871995 -0.208185635934874 -0.427362370295895
0.00564770033891574 -0.037005353527602 0.368403391870355 -0.505193908276856
0.0423198328102239 -0.0142681187404278 0.825978918104722 0.165673824779852
0.00393528315357161 0.0384545005477109 0.307229111229649 0.885270555715133
-0.0165292505432755 6.59693083272413E-05 -0.287340346680223 0.583927966242634
-0.0078963012714421 -0.00955159924595126 0.0809309822587357 0.000672891100175042
0.018202632686968 0.0135147203102349 0.104959971145036 -0.668788063683522
0.0163131672734954 0.0104533095541189 -0.708067207975037 -0.605252011520101
-0.00977512550466296 -0.0120746371834832 -0.786369077753627 0.371751654787413
-0.039069182861067 0.00486908131690439 0.0412344528443517 0.696372973683109
-0.0170800732357172 0.024039742553949 0.398477996563065 0.257788275867724
0.00238211883399519 0.00321353624129821 0.209303900830797 -0.0799173833911819
0.00988812046713302 -0.000482689632209018 -0.0380263550054216 -0.22405709959705
0.0184515585578859 0.0139335592749263 0.0183562596724374 0.148835599364841
-0.00946725546997286 -0.0021005811001581 -0.178220971964413 -0.0285360773899864
-0.00990689546997037 -0.0123095288613398 -0.220159851122944 -0.421210245629023
0.00477512577300728 -0.0337684031784486 0.351353879088334 -0.51470974341039
0.0498535288505799 -0.0133097608105642 0.830117512075937 0.141780454553877
0.0147891738497701 0.0536988921569545 0.33161218770999 0.878697458170734
-0.0241435814801894 0.0284713636747464 -0.27469800567964 0.592596728948691
-0.02234796854619 0.0174025027585502 0.079686541995578 0.0057051701969527
0.0203419897972328 0.0375576565539023 0.117407897324019 -0.666941102148305
0.0311250217076482 0.0161823176511907 -0.691429090588545 -0.625511832937468
-0.00209832326989758 -0.0137397656535128 -0.802020552156789 0.351088664228528
-0.0386556309114413 0.00635701639775508 0.0198031766708181 0.698661566427966
-0.0133364647752665 0.0240275770447723 0.393068856159547 0.267172611299085
0.00951355085114481 0.00494935182317436 0.208846416559275 -0.0752878280907275
0.0138070238195892 0.00485257088359415 -0.0367015528246422 -0.225192643099603
-0.00816620744993555 0.0156494228905698 0.00704652426015447 0.184855635623631
-0.0128811148243241 0.00225967283368962 -0.146661130211848 0.0800924776907622
-0.0163486838332581 -0.00798923483997649 -0.338880317201575 -0.276386027929912
-0.0171777122559623 -0.0367182120502875 0.0332820151699346 -0.610966505153137
0.0057610268770996 -0.0409043115988028 0.729662651336606 -0.313818165165391
-0.00815067304539537 0.00850572895436541 0.693050149701477 0.556948825852162
-0.0204902571946157 -0.0379895621529749 -0.0586232365309309 0.681549230558395
0.00247623202715973 -0.0593838248396232 0.0185404407798446 0.136814110292095
0.0103218459957726 -0.0367151739441847 0.322118422917562 -0.538784021610549
-0.0137011559145479 -0.011213630061235 -0.30858516981384 -0.939220100525789
-0.0126171371064559 -0.0227008734802475 -0.932858220551638 -0.136035876074189
-0.0369491939071496 -0.0313642938364184 -0.349829052114245 0.647996526989232
-0.030537358347872 0.0071439105908235 0.265046117049602 0.428319669076079
-0.0145572589371374 0.00629555765304953 0.263177630727308 0.0250000057153301
-0.0143708807291898 0.00158480580497081 -0.017904087432264 -0.178976095140708
-0.00828978184472922 0.0111400134166303 0.00840457803535677 0.1798148291349
-0.0197654693309105 0.000844052820991386 -0.153322304974856 0.0640218141354705
-0.0195389587860495 -0.0103613614557252 -0.319986949573268 -0.304198445035058
-0.0148336682351092 -0.0386667829285609 0.0949803861772755 -0.608030745709073
0.00631403725177691 -0.0390262272685615 0.765813292608964 -0.246297748145999
-0.017655207940345 0.00635370032919272 0.644586918125876 0.624500341953726
-0.0208597011726285 -0.0542400400871702 -0.103220630504034 0.675725838777694
0.01182710907379 -0.0721049846355406 0.0261530888530159 0.114878695221856
0.0128392763160017 -0.0485851849901931 0.287280139664217 -0.569659023876699
-0.0211437625170571 -0.0146790987845265 -0.397219282454329 -0.897111071301923
-0.0173734565353145 -0.0212797638869568 -0.928365485339383 -0.0400071370802384
-0.0393792801714766 -0.0280758098334051 -0.27449234017922 0.674688780983401
-0.0314688381997936 0.00793994158158584 0.300955331905365 0.399543786355967
-0.0170272754104682 0.00327557890344922 0.257798144487379 0.00565322848301895
-0.013088304843811 -0.00519347180419065 -0.0245170174221594 -0.186450874559312
-0.00336958885268408 0.00679685360089992 0.008508770088015 0.174320220991791
-0.0274731170543685 -0.00643414582529315 -0.157755977651798 0.0365409874473598
-0.0232843731542882 -0.0166772095148662 -0.297844545203195 -0.34960834157102
-0.00948772655240631 -0.0448337970126621 0.164913779899157 -0.601939024576473
0.00911234065170599 -0.0353690461727637 0.80291731228732 -0.150036887062846
-0.0220399616797232 0.00425029755626801 0.572601490596568 0.701416229079335
-0.0145790265299316 -0.0623687193964343 -0.156473486599309 0.65986515335044
0.0180103969892745 -0.0778163113332506 0.0381519335148252 0.0869424783523041
0.0113740215631044 -0.0505861191171805 0.244819097989657 -0.602981030991036
-0.0229224592882911 -0.0128865839852168 -0.49564831487065 -0.833598313441775
-0.0220543575081223 -0.0183575015331114 -0.910366105366149 0.0792858434917378
-0.041463934754588 -0.0228768453389497 -0.187648704863121 0.696416241430375
-0.03117820113611 0.0119431924135942 0.336890063762505 0.365958320119415
-0.0169582056122418 0.00111387736844672 0.251659653540656 -0.0178605277561264
-0.0104997695893749 -0.00835427760627411 -0.0283919025467273 -0.194093051376308
0.00025926238323145 0.00383851262473914 0.0110826040574331 0.166739525303535
-0.0301996655878017 -0.00859048953211833 -0.165505496158043 0.0139345667247684
-0.0221039400392284 -0.0193320212458958 -0.269363534195491 -0.382210747655176
-0.00464373995390144 -0.0447940150779809 0.241518002705617 -0.581067694620105
0.0148605114114027 -0.0308280148998197 0.824898162757946 -0.0406937101606966
-0.0210038388255135 0.00467866476373977 0.486275904263038 0.780952891120235
-0.00906740047610718 -0.0609950420066569 -0.206291097210079 0.640481500982715
0.018904687074658 -0.074038095131774 0.0517195753783526 0.0575083472078212
0.00998190630825381 -0.0451424818703427 0.194595588664435 -0.631870196676207
-0.0193541076986593 -0.00776830779047647 -0.588386975892938 -0.759028233209335
-0.0228504319188346 -0.0154318054699141 -0.880134393775577 0.19332184811797
-0.042930778215843 -0.0151741253968762 -0.10092933653062 0.708285908476183
-0.0303145015180815 0.0161545107637087 0.368580381263167 0.326918869250682
-0.015578293593815 0.00019094260887164 0.240786594035263 -0.041011567849802
-0.00625032192469577 -0.0101836183099446 -0.0344738741751135 -0.203834815560195
0.0046339701431089 0.00471125142827093 0.0120121512653249 0.159105192961884
-0.028792598899771 -0.00950626072207764 -0.173934130701 -0.00791076733458121
-0.0195962774807583 -0.0205048328948307 -0.239955812876459 -0.407555843840589
0.00101622817193183 -0.0438660819465185 0.309440633626436 -0.547995354945803
0.0231414253950764 -0.0247210958390536 0.83592779727714 0.0636799023999014
-0.0146863984663162 0.0100430653689027 0.395935498352159 0.839855901920161
-0.00656148019565936 -0.0504413216076813 -0.252561611563759 0.614580706976716
0.0156296241037424 -0.0603317369482883 0.0663143159401235 0.0280477510898945
0.00976443240887038 -0.0306628369842993 0.146342557467995 -0.654482339077417
-0.0110275300499067 -0.00120375175876025 -0.661628492454559 -0.680341528315362
-0.021119520351725 -0.0120344543063982 -0.837929305980687 0.297123525074213
-0.0423754413755554 -0.00608011817363364 -0.0183068925397413 0.709710982667566
-0.0249616462803692 0.0215559420412489 0.391620229394449 0.289611169238755
-0.0105327979538533 0.000266782749059828 0.227732320765118 -0.0623458943268845
-0.000703089589700211 -0.00883309591200721 -0.0369817904396504 -0.213026503253149
0.0101072551007888 0.00628253094383863 0.0146947426284352 0.153799779636025
-0.024553410727937 -0.00849137044724236 -0.177514227329778 -0.0220685313879285
-0.0160032412890838 -0.0188762630572929 -0.220531200275579 -0.423769636666669
0.00432085897729751 -0.041414842683199 0.354530009678391 -0.525554629217676
0.0329942434573009 -0.0192093238039809 0.835463865807422 0.136341168918483
-0.00590371464882104 0.0226954307592326 0.336093307221442 0.87847422373169
-0.00908978725849444 -0.0278818257350612 -0.27910083003933 0.596218514269109
0.00558314710599212 -0.0379199920976866 0.0758526015598277 0.00801186719005306
0.0135760773671128 -0.0104351618561929 0.11115470039983 -0.671171924395398
0.00158708922523971 0.00551891660512118 -0.707809661885457 -0.626232943956249
-0.016394508404193 -0.0116851557873923 -0.804042180371497 0.359000967670527
-0.0422713570191291 0.00112716123735284 0.0331413225464128 0.704429422959539
-0.0209968488361361 0.0238689778946604 0.402842849175021 0.263750378680645
-0.00417280588322524 0.00128529402891574 0.217429970214955 -0.0771600829039652
0.00455176074325461 -0.00488706426653556 -0.0403430783744313 -0.220637007569474
0.0155278362809466 0.00942133949733191 0.0167251727529485 0.151672237288294
-0.0183374251452673 -0.00575261260833623 -0.181468627034599 -0.0297948867527375
-0.0129771170582032 -0.0162269069866866 -0.215714534604636 -0.426922132423171
0.00509070766417457 -0.0373649956158962 0.366847648084879 -0.512639438252686
0.0429117207921896 -0.0150072258324651 0.833630853411781 0.161778840204185
0.004224272628069 0.038597122032331 0.317420682441993 0.891607064189479
-0.0166258381741501 0.000280877005773679 -0.285961659831344 0.591721818543156
-0.00798009250224676 -0.00998331382313441 0.080559221888492 0.000258952599963702
0.017433278350866 0.0137061505913955 0.101752093520388 -0.675119603189094
0.0166480377330546 0.0104079395687516 -0.720521077581063 -0.60697058100654
-0.00994423579232386 -0.011856308918406 -0.792752655775554 0.383172396091176
-0.0406179911427582 0.00563444772080274 0.0474600727511251 0.704599782592709
-0.0165831176125081 0.0247718076632012 0.40469590336867 0.255963693760587
0.00197698366985032 0.00296341090719031 0.211191853725753 -0.0816720926911456
0.0101737362032691 -0.000852623104539757 -0.040107289635098 -0.226347788290586
0.0191452603490666 0.0132403838597165 0.0191703070211125 0.150492476768219
-0.0109585145516473 -0.0021972939859218 -0.1808601089265 -0.0283272905108689
-0.0109306586621222 -0.0124211624780102 -0.226368973523873 -0.423509807961471
0.0040072030954346 -0.0341584266126797 0.350615664547623 -0.522201401119232
0.050352089702567 -0.0137485247088852 0.837966772990266 0.137791915420122
0.0161485674236318 0.0543535621177806 0.342024870455525 0.88384824891329
-0.0244247525558183 0.0284043679528367 -0.273860791584765 0.597946104920523
-0.0228757353053475 0.0175732567574103 0.0802626109032864 0.00498647168013845
0.0207375544403817 0.0369395898934408 0.113546953694701 -0.674256872061995
0.0313631030718742 0.0163489118337687 -0.70415006744105 -0.627029096685955
-0.00195007684813956 -0.0133968358938755 -0.809027087991096 0.361546121230112
-0.0390596700484836 0.00701898834716311 0.0262620386287841 0.706249927252756
-0.0134534595898282 0.0242347364389623 0.39911524542839 0.26691661263473
0.00894143133230359 0.0050587058262405 0.210988873676669 -0.0769441521146724
0.0136058446683497 0.00498396587443624 -0.0390314777630901 -0.226817289343928
-0.00737544255502738 0.0159237738890029 0.00815195913607965 0.187060602848407
-0.0137253787930251 0.00291266521666947 -0.146548218342367 0.0809593393696595
-0.0168948750322099 -0.00767749178910013 -0.345318981765936 -0.276141532397987
-0.0172709280786227 -0.0373828305140084 0.0280793193280547 -0.617600877123468
0.00528308195915233 -0.0411124472333078 0.734872119351623 -0.325693042266493
-0.0085682858624003 0.00874237067748676 0.702877016147449 0.555483616574489
-0.0224644689987615 -0.0383522707185564 -0.0523696665963934 0.6873232691903
0.00160884782244427 -0.0597207901567724 0.019781754240641 0.136737963837905
0.0094795458221854 -0.0381072027744646 0.321056447556526 -0.54670402122273
-0.0132582778101902 -0.0105600455485389 -0.318096987128332 -0.94456973127336
-0.0134322217252364 -0.0220739839226521 -0.940363682709532 -0.130108305567778
-0.0383282851131049 -0.0305992413024398 -0.347330742706428 0.656823990857405
-0.0314223712580906 0.00758849811291375 0.273789418162869 0.42961747705409
-0.0144463846078325 0.00690853037732883 0.266071699598187 0.0217842262265259
-0.0150389015830599 0.00113451801360556 -0.0196706660218866 -0.179887740570107
-0.00789393371090846 0.0115649807633914 0.0102245522349543 0.182146714548521
-0.0206683002052092 0.00134274379074725 -0.153335296372971 0.0654543687648423
-0.0207166951138185 -0.0103440076039241 -0.326892588029795 -0.304833527400051
-0.0153994425551114 -0.0401662008086528 0.0897476463944907 -0.614861778463163
0.00604528566059142 -0.038821327184165 0.771166576983751 -0.255607604093154
-0.0180676307628363 0.00641605614689839 0.657585486172605 0.624435837960256
-0.021909561452114 -0.0549350642461373 -0.0983076310055351 0.683620533141541
0.0115392940095748 -0.0734489772707509 0.0270976108392955 0.115573953550342
0.0108218431180473 -0.0490272168554623 0.287095715921069 -0.578634700053647
-0.020876190824977 -0.0147951203827581 -0.409267150945758 -0.902962323400047
-0.0188063251581897 -0.0214725916515893 -0.936338992515682 -0.0326679265906655
-0.0402750466801691 -0.0279702063872457 -0.269637004866057 0.683511062586715
-0.0313986023475499 0.00883380618749524 0.308171421608046 0.401603281668829
-0.0167988894273963 0.00303707986857046 0.260764222550513 0.00329712176143619
-0.013342526278862 -0.0051360165973575 -0.0257312607530417 -0.188233583149875
-0.00328572841460618 0.00643993456496812 0.0104938538815081 0.176218885598969
-0.0293460276017479 -0.006880633731594 -0.159543531515718 0.0366907788466
-0.0241150005602185 -0.0171394047440753 -0.305799163899538 -0.349829741542478
-0.0101109189845071 -0.044872589057264 0.161298362986301 -0.610619851905204
0.00862491550153403 -0.0353720816621252 0.808035539039348 -0.158255774723279
-0.0221616378019674 0.00460521787837366 0.584661501182426 0.702226718425216
-0.0159806015514009 -0.0635017813749089 -0.154253357831995 0.666668459783445
0.0174110709402802 -0.0786111252262044 0.0379478923609242 0.0877972891840387
0.0108133103409013 -0.0516318301752112 0.241287801079458 -0.608743461574096
-0.0231266183949685 -0.0130688606143193 -0.507868836556842 -0.838250733304343
-0.0223556802681819 -0.0179150193390795 -0.920402667676626 0.0877110116209937
-0.0418591082613294 -0.0221792080097073 -0.183140979713796 0.705580724109681
-0.0315527265414643 0.0123849409215364 0.344990299109176 0.367655978870939
-0.0172016248988281 0.00131136414538453 0.253595489523176 -0.0192169737843897
-0.0106959855024703 -0.00828962529806431 -0.0314978448584493 -0.196520966155438
0.000483446933087613 0.00392548989644952 0.0130663291814267 0.167804475021955
-0.0318238350762065 -0.00847478686760733 -0.16702590190227 0.0144787539633995
-0.022921495159739 -0.0197219532513511 -0.277477116558593 -0.382941481974713
-0.00506976841172474 -0.046172053888606 0.237680541796188 -0.587699455755622
0.0149337661651983 -0.0310677384090422 0.834070759178306 -0.0501339072861531
-0.0207315003503479 0.00414845474616662 0.497840220185186 0.781786658767309
-0.0101469954086406 -0.0623077956750566 -0.202103076500695 0.64818018465035
0.0181587370120525 -0.075084342324499 0.0520526214089441 0.05807681307568
0.00963528017151658 -0.0458186792134695 0.190023692498312 -0.640518400839493
-0.0199164931445499 -0.00791137702179374 -0.60186219600315 -0.761043897352375
-0.0231279180962703 -0.0149200028161208 -0.887501220834909 0.20523050889673
-0.0435960123705348 -0.0145779551612414 -0.0944399511667681 0.716279312697904
-0.0290937782217789 0.0166776612721838 0.375387429580781 0.326803205818322
-0.0154504932190232 0.000259958779191671 0.242734802526124 -0.0426975053217623
-0.00636597319150451 -0.0096179351751344 -0.036768628514808 -0.205448583804885
0.00526676945368586 0.00446511957590012 0.0131028453968203 0.160239885898354
-0.0298792025981571 -0.0095872185553754 -0.175338666727351 -0.00692583241868301
-0.019556999999299 -0.0200809990318217 -0.247231319330671 -0.409420425602586
0.000285605651257544 -0.0444568105512653 0.30702982323555 -0.55601606320795
0.0232243351317203 -0.0252870228411015 0.844016150831227 0.0587696689639577
-0.0150108347263327 0.0099734530343161 0.408925406648047 0.844423079105992
-0.00633970026662486 -0.0515845027895909 -0.24961025281189 0.622850845306742
0.0147732243000367 -0.0611719705146531 0.0669529001644756 0.0273488939010039
0.0106933578360107 -0.0316048451520655 0.140633983255954 -0.664007424447565
-0.0111782901023832 -0.0014641748964453 -0.675607634565783 -0.681718297297588
-0.0211325760288196 -0.0115902711627129 -0.844176052804027 0.307018494193167
-0.0429148711563596 -0.00539280035979204 -0.010435272863635 0.716946154108624
-0.0253445906142996 0.0213991779137039 0.39796440295775 0.288049489093603
-0.0112839471032086 0.000639133723026604 0.228952258770983 -0.0658705447497404
-0.00119078743799701 -0.0090600938254707 -0.0393594733628879 -0.214110286465079
0.0105995000280038 0.00625384923184365 0.0161128803494245 0.154787030244845
-0.0254363472286405 -0.00844799186277034 -0.180211708811393 -0.0224836717287252
-0.0161026990583316 -0.0188051504597171 -0.227942373696569 -0.425154017686568
0.00337445822191319 -0.041980235808487 0.352233873532323 -0.531649301513763
0.0335261641132108 -0.0194390641373203 0.844969171164094 0.128190166662326
-0.00585345046987366 0.0228855662448026 0.347335829842071 0.885422138182435
-0.00999837577563275 -0.0290407319698238 -0.276889670110101 0.604858441238141
0.00489281802516908 -0.0388918339381836 0.0764806419661098 0.00786851340881911
0.0128736217713735 -0.010953167287525 0.10692436719943 -0.68028204681832
0.00227890763458025 0.00472094433683777 -0.71956345091746 -0.626335071234708
-0.0163962900655308 -0.0112150078507169 -0.812623557276986 0.370871093784426
-0.0424164108160111 0.00145979978462928 0.0405852623771511 0.710115923240322
-0.0209157706007077 0.0240429715098684 0.409587924091017 0.262827573105543
-0.00475424576082303 0.000911831101413567 0.218218714038915 -0.0792412908718682
0.00552011759339109 -0.0056195500020392 -0.0426852733312589 -0.223551487894142
0.0152389489269861 0.00910616701356401 0.0184397473125498 0.15131401929434
-0.0191418808007143 -0.00541318518317113 -0.182939240980953 -0.0290033869550178
-0.0129347128123012 -0.0160329685596961 -0.223797149095844 -0.429374338818787
0.00505649489146348 -0.0383645638543969 0.366588271022505 -0.52144855335437
0.0438075966389882 -0.0151960752850149 0.844560498216495 0.155270346405231
0.00465813406544826 0.0387877440150994 0.328827168272456 0.898335948344037
-0.0176260877508825 -0.000250081858644231 -0.28343014752138 0.599916837898081
-0.0085356171688684 -0.0108496307530998 0.0821604963432463 -0.000311202189666109
0.0178687736888677 0.0132294995606531 0.0987467802169995 -0.684470984995181
0.0176200562215197 0.00958566356937917 -0.731345108475497 -0.60809957683994
-0.00989556880721283 -0.0116609715022433 -0.797780161534812 0.393732474521824
-0.0406897951437461 0.00624116215513778 0.0543856855360152 0.709359924221709
-0.0162077100162059 0.0246994348446294 0.412266127622172 0.254686877859099
0.00205411926959761 0.00245896701619436 0.213014424410618 -0.0840380864154498
0.00956060445968317 -0.000677003842524749 -0.0426677590297676 -0.227483484834403
0.0189219768628841 0.0130623037910824 0.0209897625025306 0.151267503782701
-0.0115061927795425 -0.0016469046427188 -0.183287136728118 -0.027380746141913
-0.0107208914286204 -0.012166521264484 -0.234061772115503 -0.424976321242607
0.00409525659290923 -0.0348952340023849 0.349207351663075 -0.530236046865117
0.0509857252485223 -0.0145890295059395 0.848711386903974 0.130883956947656
0.0166518365659799 0.0543679227502718 0.355383959392436 0.889509637343643
-0.0246304759703502 0.0291526615768098 -0.269971142727459 0.607036155822783
-0.0229777135639 0.0173361577434642 0.0805113403978179 0.00432633541468941
0.0210631238785935 0.0370720202383741 0.108319341508638 -0.682209871169388
0.0322156027525373 0.0157568722875503 -0.716757308596469 -0.627008402720481
-0.00178323769993427 -0.0137391843845703 -0.813455514980913 0.371060747057932
-0.0397843675700295 0.00747707351348507 0.033729598950843 0.711837931327574
-0.0131665506354739 0.0241460860314569 0.406432469600229 0.265377948841789
0.00914372805168787 0.00516625178923183 0.212493265685978 -0.0784863977216463
0.0137701630849214 0.00494980340040412 -0.0407196336116813 -0.228924002881443
-0.00718899938745654 0.0160276503921289 0.0107936412442154 0.189449144230503
-0.0142793103722493 0.00231692041665654 -0.145895802870783 0.0823099086437451
-0.017253097188878 -0.00890887243662616 -0.352431268234602 -0.275604215674462
-0.0176465098725284 -0.0369285846591094 0.0208059648485488 -0.623372136901918
0.00511500517921308 -0.0417817858775683 0.736202740785746 -0.335124212869849
-0.00872773520826084 0.00908939179100787 0.715661686266156 0.552455267743581
-0.0231982050552041 -0.0396839194885061 -0.0466217845106484 0.693439015806923
0.00018842884200708 -0.0603975544596419 0.0217250539182627 0.138470509105642
0.00933700839514937 -0.038974091217456 0.317508580526336 -0.554042534287812
-0.0130020264596843 -0.0108679665357021 -0.332635983158445 -0.949831316142926
-0.0134707364693317 -0.0221452550350297 -0.951307152304624 -0.121559839078846
-0.0395278438593379 -0.0306259463996202 -0.342048739025214 0.667595316383518
-0.030706712077614 0.00771782117603235 0.280078321609818 0.429359614513297
-0.0151601374698657 0.00650733639219641 0.268760007313078 0.0207791514124444
-0.0150739032702632 0.00167478659862113 -0.0212561093806672 -0.18146987630988
-0.00755611280186579 0.0115496369386899 0.012429271695257 0.184378962811598
-0.0211563223093777 0.000547350604449444 -0.153139382747081 0.0664811774433702
-0.0204045186287611 -0.0111136943018611 -0.333798684182996 -0.305369996301135
-0.015959768824545 -0.0399758698294144 0.0833741989281461 -0.621475756761176
0.00563742450301147 -0.0398334103489123 0.775130085007985 -0.265854278497817
-0.0180075710033029 0.00707149656253806 0.66937963886057 0.622579258403417
-0.0227502763059987 -0.0558542075096674 -0.0906719362826965 0.689546164716754
0.0106953259886404 -0.074433011478888 0.0279831422829391 0.115920115398338
0.0105340638221703 -0.0498229286381854 0.283484931597877 -0.587127685592466
-0.0209589466882828 -0.0151361539796784 -0.421475402440948 -0.906329574816076
-0.0187995831177606 -0.021627119370283 -0.945715654359185 -0.0240173473675848
-0.0412137626460841 -0.0272363421131587 -0.264108388430298 0.691837012529835
-0.0321896850433861 0.00896412250182744 0.317239619017609 0.399887156314393
-0.0167524674987117 0.00341141275081907 0.263250012579158 0.0015036111076912
-0.0143299329742699 -0.0041412208036159 -0.0281132074566721 -0.18980517400887
-0.00274900301332465 0.0059478873822676 0.012730432313129 0.17698671565713
-0.0304116906328443 -0.00633391849554511 -0.160309592260442 0.0383782982153775
-0.0247364780177509 -0.0172475091926314 -0.314358683654792 -0.35033775933784
-0.010647484573081 -0.0459607860487299 0.155483406292264 -0.616564358433083
0.00838071438468319 -0.0359316571213082 0.813664659988785 -0.168466745097441
-0.0219727741213287 0.00446217328453418 0.59736516654352 0.702835525190185
-0.0168843295808218 -0.0639925941909079 -0.144963964316178 0.675286016035353
0.0162143794604308 -0.0796790517683005 0.0396982215826914 0.0881902375412155
0.00988757829318527 -0.0526852570177471 0.237351885662312 -0.616458412501715
-0.0225913569800601 -0.012688887372893 -0.52077336310167 -0.840515364820271
-0.0225422100494116 -0.017481514404272 -0.925353505928583 0.0970006106578081
-0.0433822338111654 -0.021811440490081 -0.175114960360335 0.713851935473617
-0.0314961823698933 0.0124835664699631 0.350691401745737 0.365563179140026
-0.0174472822955455 0.00118059703398647 0.256789389721781 -0.0219895691980211
-0.0112669425978351 -0.00852198226556618 -0.0329512995467472 -0.197420878133463
0.00103632589789976 0.004071565747834 0.0144568942021165 0.168994708624173
-0.0321687230836552 -0.00842170016466394 -0.16897919580158 0.0152531919902152
-0.02368482015532 -0.0192794384071059 -0.285721959540047 -0.382473298466944
-0.00584772370322729 -0.0465995729295214 0.233895337240514 -0.596532835139768
0.014852744190251 -0.0312547821823267 0.840091860121794 -0.0592888020635393
-0.0208716535961215 0.00493189115006006 0.511179564161031 0.782274279742882
-0.0114711038897048 -0.0635908923709124 -0.198637651092358 0.655211361436391
0.0176481080417813 -0.0760384364908786 0.0535492361832286 0.0576787219813925
0.00907735186433688 -0.0463598215816696 0.184801728268441 -0.647640421764073
-0.0201222210385065 -0.00723713380545737 -0.613719720678961 -0.760967658484189
-0.0235618294226414 -0.01419649856468 -0.892486743309459 0.215872337893062
-0.0436517812766479 -0.0134366593179653 -0.0849200990116753 0.723167781293595
-0.0293818850997496 0.01717707492773 0.383928413692914 0.325077088670093
-0.0159992635127391 0.00025039818688331 0.244533545955986 -0.0454955950871728
-0.00653012875233859 -0.00956672362295702 -0.0392277589080305 -0.207079257179476
0.00536262058158508 0.00451760760927677 0.014820585190492 0.161781901311353
-0.0303727381137553 -0.00944383465110234 -0.177704866747817 -0.00570932640885488
-0.0198415457794574 -0.020556373158012 -0.257672871639441 -0.409819699782317
-0.000609200783420207 -0.0446438927407709 0.30301762716736 -0.564171153418738
0.0233918265085281 -0.0251778636824124 0.85252622091458 0.0477141770672154
-0.014531757817191 0.0106311532865602 0.421477602091736 0.847024329871537
-0.00770850311476692 -0.0518909639926714 -0.246778284216155 0.629551961543294
0.0143388156732232 -0.0627311844108922 0.0672018757287117 0.0275907137702441
0.00994868126532176 -0.0326065702992096 0.13563636532982 -0.671835312373527
-0.0108551676970197 -0.00114365539580596 -0.688281792412417 -0.678672165535309
-0.0220351778906668 -0.0112924387647186 -0.846473803710984 0.319085949034482
-0.043594538063068 -0.00497301233702516 -0.00240567083059305 0.721975800694498
-0.0253118254659521 0.0214738524622882 0.405630639795759 0.285827861721282
-0.0114040820204529 -0.000271049300742142 0.231176365477119 -0.0678908544462894
-0.00142716323588981 -0.00838216273704095 -0.0425374331025775 -0.215680289068616
0.0108266989694114 0.00541944132606422 0.0181055985154405 0.155812716799782
-0.0268753858125902 -0.00806221991268472 -0.182331502991061 -0.0214721579195216
-0.0173451740298613 -0.0192610734627166 -0.237410130705942 -0.424910476739151
0.0028274970318204 -0.0426884450931949 0.346562245511593 -0.540198784972189
0.0341624795848806 -0.0202778966196637 0.853239233330689 0.119031670775876
-0.00567307237561841 0.0232989025126321 0.360074193249302 0.889031539267539
-0.010543472669296 -0.0293088094860595 -0.271563215393475 0.612408697032626
0.00395797099202241 -0.0395451332997319 0.0772577634960794 0.00667311889405981
0.0132606535042502 -0.0108337072389748 0.101102634949357 -0.684682344358842
0.00232819983294294 0.00493231760814798 -0.732757987407001 -0.624992065960033
-0.0165631386389382 -0.0108141509919752 -0.812018029098952 0.382880538035022
-0.0423742112539915 0.0022180767513981 0.0505162349488621 0.716199869362501
-0.0205845183152053 0.0243665500246589 0.417856872856102 0.260800125834405
-0.00505870207836537 0.00101351915948889 0.219656780717025 -0.0811446818234289
0.00527231249402854 -0.00542824128090896 -0.0456296474619535 -0.223145135095648
0.0160549156896498 0.00839770029001864 0.0205746322842429 0.153383478275736
-0.020215055104882 -0.00498259385263333 -0.185087281829156 -0.027972277140938
-0.0136334930308128 -0.0163828313503084 -0.231998358393151 -0.429439269497997
0.00419551433853269 -0.0386460641093555 0.363029833105154 -0.528242688651291
0.0439694253166653 -0.0156608247775486 0.85330919339156 0.147105339261146
0.00575168063293748 0.0393716538850979 0.341377117710611 0.902394324316906
-0.0180387207195178 -0.000166708756830532 -0.278600539858645 0.606664574217625
-0.00851736532588373 -0.0115700901168347 0.0821286152767302 -0.00159346759017241
0.0182538552349554 0.012615581598483 0.0902038592485266 -0.691218411674434
0.01801838319022 0.00986192034128737 -0.743511441368865 -0.605112629902191
-0.010302249420722 -0.011414729489224 -0.801056563736377 0.405333166003395
-0.040763673460276 0.00674320306985686 0.0637397164036491 0.713971324337592
-0.0166270438963133 0.0247618141010426 0.419658513745745 0.253285127583453
0.00222971394986348 0.00214989128045169 0.213641165855524 -0.0863863632767758
0.010029177917767 -0.000514849034244106 -0.0460002576028699 -0.229571705914812
0.019243657246387 0.0126553492444199 0.0235439053698062 0.152617919525984
-0.0123522451083576 -0.00103723687369739 -0.185934236471347 -0.0269540009366034
-0.0121176287724178 -0.0129402168071381 -0.243360194906113 -0.425089469633773
0.0034750763657983 -0.0351657994915325 0.345855882355617 -0.538942748652474
0.0516528226323041 -0.0151682065181102 0.856346292532076 0.122226695038322
0.0171020120447014 0.0548813682512296 0.365659489923925 0.892569620347128
-0.0245940776282878 0.0291323720141952 -0.264942010013079 0.613977347486502
-0.0234102231471412 0.0174843876708576 0.0808134197947355 0.00374524387297497
0.0210615063621952 0.0375225966558985 0.10148837106396 -0.689397018147165
0.032528184107199 0.015326739792048 -0.731386337808576 -0.625156407174275
-0.00176469961180685 -0.0133398787925214 -0.81773937408271 0.385209382902096
-0.0402798023165425 0.00798212180359161 0.0426021110808342 0.717213981883499
-0.0128814913691573 0.0242403881807881 0.412644987456762 0.262572959361844
0.00904654912440298 0.00494474175031877 0.214243400891788 -0.0811228794739852
0.0139257096649791 0.00509232445022343 -0.0439841831117643 -0.230577759210216
-0.00613735466921908 0.0159880202105684 0.0132589645481102 0.189705589489647
-0.014403934729109 0.00184006157273585 -0.14550045040929 0.0835106640971959
-0.0176403947789057 -0.00768123720197842 -0.361029819914184 -0.273033801985244
-0.0175871213591859 -0.0373909645664354 0.0112396614885609 -0.628038739060398
0.00486743203247106 -0.0420957643245929 0.739449485876827 -0.347094868100483
-0.00839985280987026 0.00892155323939238 0.729916332133987 0.546926762288021
-0.0242363005174164 -0.0400434213610564 -0.0374171809548907 0.699145611267272
5.40743468426907E-05 -0.0614745179961181 0.022817227120192 0.138483679924515
0.00894438359626142 -0.0397549511185799 0.31258701603432 -0.563226355635205
-0.0136468700798075 -0.0109179900364323 -0.346728607757429 -0.95390251409837
-0.0144786086223817 -0.0217161232460786 -0.960594859943346 -0.111371249588696
-0.0405744168548263 -0.0302453987531074 -0.336808128441203 0.675446334525885
-0.0309513884667024 0.00791387908442713 0.289627796463592 0.429405132161251
-0.0144511457380436 0.00681259819027597 0.271762523343895 0.0168069051364826
-0.0153438323163038 0.0016066219948741 -0.0243694483983347 -0.182496463705573
-0.00665049041313109 0.011862083564928 0.0154598481913654 0.184824993741727
-0.021654323135337 0.000853565821528349 -0.153112412755434 0.0679742817308308
-0.0208372595016606 -0.0111326936504447 -0.341248199146762 -0.302690007098861
-0.0163620240015283 -0.040080307651108 0.0756228054973632 -0.626146536086913
0.00545875149699848 -0.0396480254257208 0.777443673879801 -0.277725720679487
-0.018179352836241 0.00682903128890008 0.680684114826629 0.61855676453658
-0.023596258734594 -0.056280489008903 -0.0826565266414363 0.695505684654017
0.00926612937734934 -0.0754248081301436 0.0299224521991764 0.116483092629623
0.0094228550330141 -0.0513276461613357 0.276779803262183 -0.591724488827938
-0.0203744180557012 -0.0147139965568941 -0.435850031881789 -0.909549022665366
-0.0197460669830763 -0.0209544368861367 -0.953918299473916 -0.0090056511939814
-0.0422025098898439 -0.0268769648312362 -0.257037779443728 0.700954544531157
-0.0325484777966136 0.00865273115391538 0.323078002588216 0.400020363772111
-0.0166275175129418 0.00310878954253083 0.265721912068565 -0.00178183589437221
-0.0145513661365279 -0.00484628501420308 -0.0304567586476478 -0.190394573556012
-0.00277780802358981 0.00549338706163596 0.0150512857776198 0.178386765699834
-0.0313479323959467 -0.00614535207630215 -0.161074193949172 0.039114308422998
-0.0256433569044631 -0.0168566301357125 -0.323834481540068 -0.347135467522267
-0.0111160436205621 -0.0459718754828077 0.14705170937406 -0.622822920549762
0.0086128933864011 -0.0359957471724263 0.818019905522091 -0.179730829433209
-0.0222888969215612 0.00475444653198445 0.61035824992625 0.699295127863266
-0.0188478007263287 -0.0647942913748732 -0.140250372441392 0.67957991740257
0.0150924656121715 -0.0812918180641962 0.0413289712298355 0.0880972527438418
0.00986439829631802 -0.0537660892170282 0.231278377260333 -0.624878846710065
-0.0230424052153604 -0.0125745945500764 -0.535424665726366 -0.839341001490286
-0.0231575271074541 -0.0171945349487267 -0.933939746613401 0.111205140018953
-0.0438521653807612 -0.0209684961284062 -0.16629798258546 0.721305548546757
-0.0315356074649902 0.0128226580640461 0.359390242277352 0.363308774707879
-0.0179174909803297 0.000910770550012898 0.257876691242262 -0.0243497519856228
-0.0118056686801398 -0.0080404388497788 -0.0352624486619196 -0.198147571577388
0.000876017877273833 0.00374729617764538 0.0165356431272081 0.170317507271108
-0.0332122003774195 -0.00800537965948515 -0.169354677814395 0.0172077983049807
-0.0242299064476649 -0.0201515218450549 -0.295256178820195 -0.380921275525295
-0.00624679771880654 -0.0467748422457674 0.22627110586758 -0.602091935559227
0.0146559004845235 -0.0315507284324311 0.844965505919685 -0.0716598934710776
-0.0211499438552466 0.00528308114934257 0.524655468821783 0.782294230036079
-0.0126818370897521 -0.0644128212603734 -0.192172174515589 0.662043220956498
0.0164031866495453 -0.0773228949966806 0.0543941056620367 0.0574100546108641
0.00787227993883247 -0.0478812116024137 0.17767715960699 -0.654536941212126
-0.0200197849076267 -0.00708316069906218 -0.628753176731358 -0.761188810791572
-0.0236552849389756 -0.0133909720614272 -0.895139903296268 0.228426560539665
-0.0445706961965242 -0.013019890757194 -0.0767266619907082 0.729684598775043
-0.0287085536021249 0.0177457550664191 0.391618276903809 0.323205428388354
-0.0158593240297957 0.000316581509776658 0.244948919949333 -0.0485702013933373
-0.00700689140537184 -0.00945666195274459 -0.0415564534757401 -0.207316407504916
0.00573022897652456 0.00325065708885377 0.0173261113134473 0.163072646276835
-0.0318451651873874 -0.00872778421129103 -0.179387770194028 -0.0046680475007603
-0.0207480637876356 -0.0205202576719162 -0.26604677344888 -0.408934219158891
-0.00111695783875031 -0.0459215488118246 0.298264162030465 -0.5721005832493
0.0237300076646505 -0.025942471634993 0.859065471885657 0.0374952810312918
-0.015130595649933 0.0108395720599893 0.435412235233775 0.847185985730928
-0.00863161067739231 -0.0529848058605596 -0.240005937160733 0.636675247866948
0.0127499385610217 -0.0634478576552528 0.0679030331313024 0.0269202607003141
0.00996435699210464 -0.0335154069960569 0.12942026017978 -0.676886784643783
-0.0112137058239526 -0.00110592459103713 -0.704578111032056 -0.677130384494111
-0.021843000375526 -0.0113472829409488 -0.849118294763449 0.333188946647887
-0.0440907558247066 -0.00376022542336148 0.00882926936548314 0.727416768725231
-0.0250836803273095 0.0221167342622531 0.413321571318274 0.282734559831088
-0.0116851861282029 -0.000285632706562951 0.232302682018244 -0.0705199730797922
-0.00154205422334699 -0.00821028871660991 -0.0456716360420366 -0.216947212082705
0.0107918876880834 0.00429722063830574 0.019744812109064 0.157133127829946
-0.0271984284579188 -0.00716408823207543 -0.184256127812544 -0.0201180799648412
-0.0174776360943837 -0.0199088608227025 -0.244585717143469 -0.42452926084639
0.00246802971597337 -0.0429194810085421 0.342456523392469 -0.547489833331653
0.0338929106223737 -0.0207382441178765 0.861629366292746 0.108250582962506
-0.00519406646577219 0.0235856203431006 0.372501898597517 0.89057044606694
-0.0115458071589897 -0.0299831949448401 -0.265932921948926 0.619394207749777
0.00324306903364213 -0.0402662664758341 0.0776959109954246 0.00624165176984247
0.0127087139768724 -0.011867521354692 0.0952721989865198 -0.691559956833637
0.00254968095003234 0.00439494849126462 -0.746857820753733 -0.620265858078833
-0.0165557253660237 -0.0101417138020256 -0.813482037885689 0.396281168064861
-0.0426321239480853 0.00333731018863431 0.059752183414801 0.719636405644252
-0.0201210495579385 0.0245364466689956 0.42402513839505 0.256805761396657
-0.00504581141268899 0.00121315801729905 0.220630140916024 -0.0845774029100701
0.00413580106462578 -0.00551666828827178 -0.0489663048276547 -0.224689925814743
0.0160785989411601 0.00764690671271749 0.022459733007506 0.154017732558224
-0.0207193095658164 -0.00449663570827264 -0.187031595280173 -0.0272492695257981
-0.0142188313359002 -0.0169254990982261 -0.241445380747767 -0.429471376178065
0.00389227293408556 -0.0395671154698885 0.357811043123997 -0.537696825407757
0.0437844539009483 -0.016347766622211 0.86158382239398 0.137888847265913
0.00609146166131105 0.0398466996170006 0.354988860874499 0.904141327068784
-0.0181324400833214 -0.000173174305998268 -0.272469972822421 0.612280760200241
-0.0102567468369631 -0.0112642411122779 0.0820748795739058 -0.0019453500018774
0.0179575305190564 0.0123872641491739 0.0825014469331452 -0.698996100985686
0.0183286081695 0.00927009327461124 -0.759082432801303 -0.600379975607085
-0.00951595337501914 -0.0112376899638414 -0.801696080120309 0.418838563066256
-0.0412761013598638 0.00744895833448583 0.0734461928175464 0.719869926889014
-0.0163196577750005 0.024349616502482 0.426331133562274 0.248489458358488
0.0016145836661529 0.00213622897482173 0.214819572791556 -0.0889893314101034
0.00987950262361914 -0.00082194985422769 -0.048415904946217 -0.230393082589888
0.0196739042534004 0.0118151263390937 0.0261044323509845 0.1529415712201
-0.0128945948235777 -0.000731650059556084 -0.188378980690668 -0.0261035567738576
-0.0121468732471744 -0.0126953301101871 -0.252432712352903 -0.424650538985189
0.00266726467375768 -0.0359570407331539 0.33966025579483 -0.546078082959798
0.0522201960050167 -0.0159037260314213 0.864821357847188 0.113755329903086
0.0182451704692587 0.0552404278849403 0.379565791806975 0.894420146691098
-0.025439819054861 0.029412366878502 -0.259879789778933 0.619932632406765
-0.0237047692337636 0.0171443460076403 0.0809427542487607 0.00279077015853195
0.0219448663756547 0.0363979012348602 0.0950502617348769 -0.69564831575766
0.0339944166186757 0.0145213226195193 -0.743701100414201 -0.620450940928426
-0.0019580222487907 -0.0125945935726228 -0.817726552848028 0.397228317931344
-0.0401789108397295 0.00937896665259688 0.0535111988880799 0.720660471864785
-0.0127577794038812 0.0248572677351098 0.421186733539759 0.259470535073509
0.00922413074519385 0.00415575016971441 0.21474464213998 -0.0842805999846907
0.013957930973601 0.00539707690248935 -0.0467170410325888 -0.231681808681902
-0.00642440536125617 0.0160137778237699 0.0158570731227719 0.191384597567465
-0.0150213515658499 0.00215307843046947 -0.144976722314875 0.0849084501786543
-0.0182279243225635 -0.00892021317718514 -0.367474203542187 -0.26811780303044
-0.0183096733848165 -0.0374672647345518 0.00346297781882323 -0.630706841728291
0.00479289754859913 -0.0424410507742385 0.739030419501074 -0.359488893997397
-0.00799219709764486 0.00855216137158825 0.741847245961991 0.540017511353046
-0.0251659091824409 -0.0411489836439458 -0.0289573654490582 0.703343371093107
-0.00189107431619092 -0.061398460332588 0.0245106587987973 0.139374469013762
0.00909357331853022 -0.0400144313272308 0.307019309970565 -0.568130480991761
-0.0133231545469125 -0.0108753882639755 -0.361397249487166 -0.95318074708545
-0.0144359244599036 -0.0219035165980275 -0.966750332758264 -0.0984856652324801
-0.0409941377742917 -0.0291385353479057 -0.32819127866162 0.684296049080224
-0.0304765355928608 0.00929068698605155 0.297958210166303 0.427504775247947
-0.0149866527655969 0.00718592851290311 0.273601326045329 0.0145990691123112
-0.0149845435387086 0.00215236806036138 -0.026672051282801 -0.183581902343065
-0.00598159190239411 0.0119012688251686 0.0172696580845505 0.18620316401638
-0.022656015644329 0.000816582980685125 -0.152658531181649 0.0683428271809305
-0.0207451568180318 -0.0107910671505536 -0.349642575200658 -0.299474359654234
-0.0166916876279759 -0.0400284313246749 0.0669271300940234 -0.631470778220076
0.00456566178972413 -0.03974181050237 0.777834617087932 -0.290305170760091
-0.0186422835999613 0.00716582698496618 0.694182290504559 0.611385043827283
-0.0250933458738863 -0.0563312710261426 -0.0734182395151501 0.699967604445251
0.00813151746536924 -0.0756754649962425 0.0307380854549361 0.116965236396919
0.00934066614041621 -0.0509572803953162 0.27171050678638 -0.600185496719959
-0.02129619790481 -0.014604530711353 -0.452357194863557 -0.908412994466774
-0.0202929702950545 -0.0196969829994297 -0.958705452665973 0.000350703109193117
-0.0427045477736728 -0.0261313490864665 -0.248151046437174 0.708432510754962
-0.0322002808686237 0.00977287024435928 0.332026311984019 0.396356089701297
-0.0172503120269593 0.00249203545828977 0.267369817288262 -0.00403781336604602
-0.0154769523292453 -0.00362649503109951 -0.0323967314850922 -0.191197553642909
-0.00268624015083224 0.00518335241754052 0.017637872949476 0.179344028317888
-0.0328107583207505 -0.00609439138478508 -0.161403822143588 0.0406137614362709
-0.0256598936133959 -0.0168769297128165 -0.331959132463117 -0.344815822957626
-0.0120688605520214 -0.0464160276696503 0.139404586836642 -0.628645782939093
0.00749750712653317 -0.0364443950237253 0.819313002580034 -0.191340278559245
-0.022361497293712 0.00525485202536436 0.622870418107971 0.694329745462052
-0.0198359476267852 -0.0657065714390979 -0.130231907842534 0.684284295774348
0.0139065803735713 -0.0818229347911909 0.0415978213095407 0.088329268265064
0.00830919565136094 -0.0540851390603975 0.224536286051418 -0.631653037823296
-0.0230732640462463 -0.0124995759260864 -0.549750010799705 -0.837556398764592
-0.0231714354974159 -0.0165682058266372 -0.936511793875078 0.123592057983965
-0.0444584874141848 -0.0209040871600207 -0.157787018252889 0.727004177398651
-0.0313326743141444 0.0133856154457738 0.367389902337258 0.359777817776115
-0.0176657770888879 0.000959578214266017 0.260086388659622 -0.0276934270871303
-0.011990491601085 -0.00758002902373605 -0.0385058821210419 -0.198276098634731
0.000985086935957221 0.00352162753253826 0.0189703789473092 0.171091277313174
-0.0352026831968278 -0.00733707075508602 -0.171328606729583 0.0185727657641839
-0.0247243405766758 -0.0198427853505259 -0.303319145687152 -0.380175541294246
-0.00756792387815087 -0.046711526617313 0.219494438693428 -0.609479182173046
0.0141251400080239 -0.0321737130943124 0.850635100753226 -0.0826698671839756
-0.0212693253396867 0.00505266129118309 0.538918122098936 0.777746316902763
-0.012775375017737 -0.0648843519478885 -0.182976531471206 0.667494616900675
0.0151676109486707 -0.0783607665396682 0.0549635002544646 0.0571450115090224
0.00758414996172795 -0.0479949732960943 0.171080080759566 -0.661543706363096
-0.0201214300537082 -0.00754264770095529 -0.644196165612787 -0.756636319333379
-0.0240697415147134 -0.0131720887669992 -0.898167963318529 0.241983121409079
-0.0450377290705002 -0.0122414656081261 -0.0654696048986 0.734322138477022
-0.0292697835913562 0.0178745851667652 0.397669654259901 0.317495987396994
-0.0163119855008273 7.28307760570479E-05 0.247141654285249 -0.0518602677813956
-0.00738153550316012 -0.00922483144335301 -0.0452387024557191 -0.208751047225262
0.00577070960241939 0.00302194764950007 0.0200301346889989 0.162922303134498
-0.0327561089073538 -0.00800279001353084 -0.180180987079764 -0.00415588587001788
-0.0219374606935678 -0.0206616727975017 -0.274576243708016 -0.407602446332966
-0.00162492089215057 -0.0459432775469984 0.29103872968759 -0.580000793414138
0.0240147138751749 -0.0264029029063668 0.864554783980039 0.026222975334672
-0.0154342469742586 0.0114040112688695 0.449827591661299 0.845663194290601
-0.0101870326626245 -0.0527750478203084 -0.230922617776249 0.643512312636462
0.0117530520978525 -0.0643936373458075 0.0680567654466363 0.0262849920040537
0.00833026389288756 -0.0336099794311034 0.120851522304935 -0.683213109233773
-0.0113712738005658 -0.00160833919627557 -0.715221866161432 -0.671324792398375
-0.021132082015928 -0.0107077164552811 -0.850408014644485 0.346682801380168
-0.0443361619677258 -0.00239404931287624 0.0186483187537741 0.731258986566668
-0.0246611820463241 0.02223040561934 0.419433435880625 0.277688482970331
-0.011917976693783 0.000105811141121744 0.233395027019557 -0.0738741002218227
-0.00176056091255167 -0.00848118863260881 -0.0488686614424468 -0.217425401792853
0.0115866696211281 0.00402524314537559 0.0219326760870767 0.157552315796352
-0.0285190899939595 -0.006700181376576 -0.185845264526855 -0.0189634883250572
-0.0181630239888403 -0.0190298127557959 -0.255583932781265 -0.42251488092164
0.00158101857504162 -0.0437990852490838 0.338533375096412 -0.555337085472397
0.0341823623239749 -0.0209611629213849 0.866525152657443 0.0986081086528633
-0.0046760854388402 0.0230353924821638 0.387515977798172 0.888400117189409
-0.0126232273237467 -0.0299381802604815 -0.257628446750425 0.626867523132646
0.00249532944635186 -0.0402468897975248 0.0776809628087152 0.00600569048155357
0.0124687160078002 -0.0122829917023155 0.0831279954062919 -0.696891638177394
0.00329571254410681 0.00439798042270869 -0.758735416547332 -0.61436316340952
-0.01690376652974 -0.00943151005654363 -0.813945769880117 0.410351198031628
-0.0432264249314238 0.00373371981949443 0.0707627277009222 0.722477483248484
-0.0201183418864984 0.0245360766881345 0.431640021743603 0.251859760746648
-0.0055895855765127 0.000722292481476847 0.221031905486765 -0.0881562887713853
0.00434069965675777 -0.0054035561324972 -0.0518430443180922 -0.225381689227237
0.01573422964707 0.00738552971494011 0.0257727952511633 0.153901645639153
-0.0219681685728798 -0.0033860817837178 -0.189134119916433 -0.0255671470659238
-0.0142232368881082 -0.016187444480411 -0.250064067398585 -0.426419267980046
0.00275342487328927 -0.0401602447491111 0.352342049963961 -0.544245298479212
0.0438105811589432 -0.0164314024858945 0.868401115693538 0.127147881700491
0.00617518180862773 0.0395288197641656 0.367172867154502 0.90209765829589
-0.0192444301333189 -0.000324711359867898 -0.265947150020592 0.620952404451629
-0.00974423487927421 -0.0113342179272868 0.0823540384140793 -0.00293495457878906
0.017620826928682 0.012103985355005 0.0757360994637795 -0.704950930462723
0.018412915138042 0.00916219917980028 -0.770809239334191 -0.594182604213287
-0.010059931936247 -0.0105605249073271 -0.802064121142871 0.431471993247743
-0.0414065123933007 0.00834639212111641 0.0857897115776964 0.721901042116767
-0.0150879756300306 0.0251221415329592 0.431728780043247 0.242800272188902
0.0016715222725143 0.00223608886722223 0.2146873458625 -0.092211490603196
0.00973950320229081 -0.00113732580196866 -0.0524663046926 -0.231188132992671
0.0201656703217146 0.0114593782501305 0.0274159654698922 0.153629980493447
-0.0132219965686615 -0.000455002272517393 -0.190114253032353 -0.0241132034801711
-0.0123188361651296 -0.013349656837886 -0.26226367930136 -0.423315074507258
0.00210777445359067 -0.0366862565581428 0.334174864493669 -0.552754825799904
0.0528800967361254 -0.016285740816565 0.870987963437986 0.102677222075908
0.0188110494631116 0.0547332418210126 0.395617181824284 0.894015092494052
-0.0259974502666109 0.0294949159647157 -0.253567165547182 0.62815118503737
-0.0241747809473853 0.0178066900151328 0.0810363006014991 0.00236269240853396
0.0221118822479278 0.0363191228261022 0.0845307914750143 -0.702071422770379
0.0348834803460756 0.0142172202164292 -0.756314600473157 -0.613408328515774
-0.00224148413163911 -0.0131978731549782 -0.817294742606077 0.411437935350323
-0.0407367557024624 0.00989627071605579 0.0647931982531537 0.724534721584728
-0.0121635501176986 0.0248011107802739 0.426106364853573 0.255367835194944
0.00863816340294974 0.00456640957221868 0.215329584295729 -0.0869197844986892
0.013941260429377 0.005364969553409 -0.0506599244178405 -0.232869503773212
-0.010876470414543 0.00939847236594603 -0.0782582591903904 0.178469861608879
-0.0116920336376875 -0.00543694307523601 -0.167815529940887 0.00518821698588763
-0.0109027175984085 -0.00974112582322651 -0.194787544685884 -0.413277365940377
-0.00483723768645667 -0.0367726027013591 0.301603058872102 -0.557842422714115
0.0150047262144215 -0.0422350292612934 0.822774227168456 0.0349578517421833
-0.00708517972042874 -0.00198691940127536 0.3906083681964 0.834740484703047
-0.00272187765900285 -0.0418439665339809 -0.364052136823191 0.601595019997491
0.0283704979536426 -0.0557698118356033 -0.0438152535190838 0.132880304395076
0.0238238389799413 -0.0356887392514541 0.536911005040673 -0.357598415511545
-0.013505524554024 -0.0206208339880154 0.129775100098031 -1.00143101242295
-0.00812360743982235 -0.023170915649419 -0.80090480962166 -0.544486720829507
-0.0238744983633865 -0.0328709519346298 -0.615106871584677 0.440196969407732
-0.0293643597167581 -0.00259020511978772 0.0530164716904538 0.521449454382767
-0.0131604874468242 -0.000613662598526254 0.236013437101441 0.148742197291576
-0.015492532480063 -0.00623488435642157 0.0714479536789844 -0.174398861701084
-0.00930635358822888 0.00573336957408153 -0.0747687046816837 0.174226181820915
-0.0179977544815674 -0.00990477062275836 -0.167585594764772 -0.0119921511797414
-0.0130077408703154 -0.0134908213879449 -0.164273170212199 -0.431173236893889
-0.00240649316765726 -0.0388611326404604 0.359261665954671 -0.526772600760668
0.0148824772823266 -0.0408668408572927 0.823859802190803 0.116151954499836
-0.0152629004341979 -0.00694753868406154 0.314321938968876 0.875113137192882
0.00520963863296057 -0.0563577189110166 -0.401842883877161 0.577282194548965
0.0439842878506988 -0.0638682123065949 -0.0279818183981704 0.11561397635342
0.0301127788730221 -0.0462474220672596 0.519210677287997 -0.400140990383613
-0.0180831688378197 -0.0263330188896551 0.0294059910813952 -1.00334676508264
-0.0129451442873664 -0.0237621407385308 -0.840157968024648 -0.451239636570687
-0.0253583777843562 -0.0314416939125574 -0.558061385527915 0.499708788680207
-0.0299643547960586 -0.00225378825807158 0.0990087619984183 0.512439861909349
-0.0124322340272541 -0.00592683701998102 0.239451250553204 0.129051182235383
-0.0120375449083035 -0.0109782102709428 0.0697185712742018 -0.184766173166321
-0.00287986289031914 0.0017568284883615 -0.0710707330749622 0.169319075620536
-0.0246398437724631 -0.0198619122164339 -0.161562055248999 -0.0417032379173827
-0.0155533440080062 -0.0207863052885099 -0.128310005991188 -0.462855917421844
0.00386215500105508 -0.0429256634028108 0.420985834669532 -0.490724891753694
0.0162514171006226 -0.0375558059930265 0.814229208061802 0.220643837076942
-0.0161455420383102 -0.010822441433134 0.210703182043379 0.913263918055428
0.0129392171282846 -0.0618160868935648 -0.445413162421722 0.538195850172715
0.0531291995486092 -0.0665717497489229 -0.00511909424794975 0.0961776687759725
0.0302580994327126 -0.0483390235719781 0.492203587535466 -0.449147218272502
-0.0212951185276688 -0.0246557530188189 -0.0892932727954326 -0.988543589761559
-0.0172959123467584 -0.0218265251539413 -0.880689230004855 -0.334272838992517
-0.0270558964277076 -0.0269168002931375 -0.486285419338285 0.557663298817229
-0.0306388602402574 0.000747572377608345 0.147322405211103 0.49666091995307
-0.0126399851030796 -0.00806668077305443 0.244461716060062 0.104268823363512
-0.00772794502254019 -0.013081517475109 0.0686924625854983 -0.193553345416552
0.00162158775407103 0.00158461624929205 -0.0653399289559729 0.161813381772121
-0.0252679458182092 -0.0219284049627403 -0.159376610119124 -0.0662720805646667
-0.0143216621985134 -0.0229513745340173 -0.086563809434174 -0.4785809969341
0.0080684845564706 -0.0427765868275818 0.481790335377587 -0.435870457823354
0.021217681565291 -0.0305417284526567 0.788251683671274 0.330726788504156
-0.0146238487609021 -0.00933244986568047 0.0950351393446044 0.945996438258091
0.0176960909669119 -0.0580380569986922 -0.482903463075728 0.496103905056284
0.0521998900113649 -0.0632873086284536 0.0208914694147457 0.0751311759331359
0.025773613739096 -0.043299668658169 0.459855361481133 -0.500166790213021
-0.0215014994829069 -0.0175626130287467 -0.210002818610118 -0.95968483069834
-0.0192165901628721 -0.0194990443891138 -0.902942869342686 -0.212578628391767
-0.0307391897803107 -0.0208957985619959 -0.411007667347399 0.609690542062078
-0.0308579332592677 0.00540121618999755 0.196132736858372 0.475361464229461
-0.0103624986935594 -0.00849882071316964 0.244906211239105 0.0773162589709174
-0.00333272504628794 -0.012059809020087 0.068290331444652 -0.206200762323517
0.0051821389193939 0.00343224089807384 -0.0609087137001923 0.155152685732745
-0.0235673678696858 -0.0209343455148289 -0.157935874959026 -0.0893899483338563
-0.0114357221251424 -0.0221801923730033 -0.0488718893297387 -0.489650813180108
0.0116584746982527 -0.0394887394342169 0.533137550050697 -0.373920425187751
0.0281363801407027 -0.0229772668215536 0.749293281615895 0.43312760687582
-0.0118985552087988 1.8819137310503E-05 -0.0137271372460944 0.961416900824462
0.015346205078759 -0.0459757072780885 -0.513981432120551 0.452664961862394
0.0421739456171197 -0.0516002919985439 0.0464736735751575 0.0546263267839145
0.0201441820565305 -0.0297860916001283 0.424367502788485 -0.543240343839956
-0.0155902577217379 -0.00653593677662122 -0.311683313649398 -0.918432328889313
-0.0177052919336644 -0.0149096539772341 -0.908439019417456 -0.0968585287998654
-0.0327626986156269 -0.0128445380290639 -0.333848454410867 0.648592138831802
-0.0286557891934083 0.0109930562171282 0.233896276394108 0.451260333431928
-0.00678713157759371 -0.00651024854721774 0.243542943231147 0.0510376515217464
0.000992219659858224 -0.00899949132122268 0.0687057970245241 -0.216552043140354
0.00987368875104159 0.00719136932903772 -0.0562798305673576 0.150756109010701
-0.0210353014179349 -0.0182666477377555 -0.155900934259593 -0.105065775158812
-0.0090001064314375 -0.0192284090464184 -0.023410124178021 -0.493259639955072
0.0132740523975438 -0.0361303779601989 0.561477461935911 -0.332010841635741
0.0356862593106076 -0.0137510683938382 0.718405244664563 0.501843266882674
-0.00887800495946567 0.0161634198791331 -0.0888008278982672 0.967277890767
0.00173561829030998 -0.0263680267956102 -0.528896444234134 0.424324053435577
0.0223085331271865 -0.0358887487277062 0.0651925673427642 0.04088406075281
0.0128947096208386 -0.00914418015494937 0.399504590827884 -0.571049378702072
-0.00652226158862101 0.00514056911025483 -0.376151072367284 -0.88859787664727
-0.0137345390758992 -0.0118065643207326 -0.9082844112368 -0.0254823986399469
-0.0350438783750789 -0.00579638936451577 -0.286742691218739 0.666824290468541
-0.0255214481134576 0.014659359056874 0.255087392572521 0.432565062355108
-0.00154533309685279 -0.00364600250052244 0.239752991529564 0.0330197411884099
0.00516729667094297 -0.00253320741901095 0.0706741631452455 -0.225480658086709
0.0123691522158877 0.0124911853300608 -0.0521482921029728 0.149040607084036
-0.015946936955001 -0.0117001259679376 -0.155351529524421 -0.113726873448222
-0.00752371091024147 -0.0152514847062126 -0.0167087102704111 -0.495246631596417
0.0130290631502951 -0.0330444046232725 0.571349167250732 -0.315490203426977
0.0434358982459542 -0.00523105346843504 0.7073802115868 0.523666201681208
-0.00586405377631757 0.0356696538903445 -0.112966712304929 0.97026951630306
-0.0176001384012267 -0.00372068567557542 -0.531312025178176 0.415450690572605
-0.00313368042014908 -0.0159153635840987 0.0728895072175118 0.0360241273402512
0.00702676427243382 0.0150700636697719 0.392159400062738 -0.582231358592269
0.00599082110954884 0.0168086050101919 -0.396835158870338 -0.876760896747116
-0.00681451398898754 -0.00961055729694774 -0.907449653846473 0.00305358000296313
-0.0359679798332211 -0.000770144576606313 -0.27343347442102 0.67334077374086
-0.0224049884283415 0.0180774842451266 0.26313227442251 0.426241551830971
0.00389205731433557 0.0013832094068484 0.23580672224029 0.025721007711485
0.0083375112884908 0.00409755586242424 0.0718507538237152 -0.230170959206661
0.0139133991965452 0.0180020608186056 -0.0492143549676592 0.149659377509433
-0.0107595394964453 -0.00429005756309962 -0.15746403165445 -0.112940335264291
-0.00690655995631194 -0.0107398609801436 -0.0294071186840318 -0.497138586653232
0.0103420572438157 -0.0300963547781038 0.557689475641241 -0.331919006898724
0.0497844848066786 -0.00108682125882459 0.719761458949614 0.503010635813231
-0.00171825389371979 0.0552046073141434 -0.0854779174161387 0.975284195105952
-0.0387021196537789 0.0196646012821474 -0.523225341977434 0.428885251250562
-0.0301437607814689 0.00328683978104106 0.0695705941513446 0.0401829362478631
-0.00136273077661572 0.0387641845369205 0.401461943757739 -0.576542855983984
0.0169179602916538 0.0287482914804513 -0.374900036119951 -0.887851171855638
0.00191836470131864 -0.00766500317491772 -0.911176916690625 -0.0249831971990708
-0.0348732323425782 0.000104302630113465 -0.29277782158556 0.664008426746658
-0.0188720894538192 0.0186671347310845 0.250684517654048 0.432289470167768
0.00896654876935133 0.0068354508381627 0.234307657142606 0.0311395459517345
0.00872199622581944 0.0107218894546679 0.0746449478756686 -0.230753204170994
-0.0106021322820192 0.00951372291060426 -0.0754873988473741 0.180091470349971
-0.0128130066394174 -0.00572072272057762 -0.167860056290637 0.00710946338218699
-0.0110527990821512 -0.0103083980936807 -0.202016118377938 -0.411777741624792
-0.00499366266201987 -0.036924074142459 0.293028742685973 -0.563781339457538
0.0145881601001705 -0.0428586561627126 0.82585217747576 0.0235662282098415
-0.00716070894044827 -0.00183168497686853 0.404402917410541 0.829454734985587
-0.00342360042978334 -0.0427128605306232 -0.356732619499973 0.608439420836352
0.0280739411735049 -0.0568721296438246 -0.042051862815654 0.132654476594272
0.0236533807881118 -0.0365495947567928 0.532004763774183 -0.364741907687196
-0.0127852414184179 -0.0208661621422136 0.114737594512184 -1.00543880944875
-0.00815194132576365 -0.0222692151033404 -0.812666891049421 -0.53230811400095
-0.0246959107306923 -0.0330067444446407 -0.610031207492821 0.449516643009692
-0.0291179217289119 -0.00247637920277211 0.0625392462955639 0.523006372313141
-0.0115482847078311 -0.000988289949200839 0.238674140985239 0.14629741922744
-0.0161649517849384 -0.0061146450468462 0.0692844655319482 -0.175657657043746
-0.00823411894008542 0.00547031397092876 -0.0720555709002564 0.176183998249832
-0.0187867360847576 -0.00998817251667262 -0.167127224121283 -0.0103944367127927
-0.0132810814121957 -0.0145306020888534 -0.172374500691506 -0.429042688459057
-0.00238129207738387 -0.0391982732851414 0.351148016259746 -0.535669411994737
0.0142084379502579 -0.0413040113402166 0.827809970133525 0.103698695058738
-0.0151083418784103 -0.00734909328901847 0.327192434025717 0.870165754567341
0.00476836971457665 -0.0571117301021405 -0.393339557863232 0.585332174748567
0.0430273888511134 -0.0651557334566964 -0.026457518879974 0.116756446456041
0.0297046431101667 -0.0468707574158792 0.515415535064706 -0.408326830079692
-0.0189635740158933 -0.025938204865299 0.015775425198823 -1.00553275192058
-0.013507435437485 -0.0232827414485927 -0.849345451168938 -0.440853331188936
-0.026004773402058 -0.0307787539161806 -0.551416567560512 0.507732632061576
-0.0294813364521717 -0.0021197517772239 0.106064411407604 0.511020722723914
-0.0126611653582826 -0.00610117468076325 0.242239657867906 0.126337104674275
-0.012734384237958 -0.0105628369547634 0.0672889652748244 -0.186268113470815
-0.00211310432502928 0.00131044727358272 -0.0687648178263081 0.169894951685341
-0.0254322329280124 -0.0195437715016374 -0.162074309964038 -0.0410141251153069
-0.0157895997939556 -0.0207975896930777 -0.136504420694173 -0.461600718687945
0.00304866047191575 -0.0433540131956894 0.414483711742907 -0.497982796250008
0.0159445883723621 -0.0374967893611777 0.820296006084419 0.209275468009202
-0.0170782078130201 -0.010746680356598 0.225977516994882 0.913197264167221
0.0122344916285808 -0.0623678674092077 -0.436714128282582 0.545090486467812
0.0512887529393929 -0.0674898981869611 -0.00340645700970665 0.0960217809094651
0.0293130029859728 -0.0489679233098809 0.486234784015461 -0.456750199393372
-0.0220335739774991 -0.0234621749139163 -0.104012783460731 -0.987828288370823
-0.0173965698675 -0.021401967963076 -0.887273509558383 -0.322851481841783
-0.0287437999497927 -0.0268731642727438 -0.478877941398996 0.569150763282621
-0.0309239837200423 0.00157791681618829 0.155980606242679 0.494973355288113
-0.0129734100937109 -0.00832426033873396 0.246203917214933 0.101926697566297
-0.00893950552990976 -0.0127964881746401 0.0665090834522623 -0.19597989997374
0.00195367623161565 0.0014828094604583 -0.0629535025160438 0.163474958666967
-0.0265192708432178 -0.0222019810145064 -0.160289365493429 -0.065014532129174
-0.0143671911160472 -0.022412614470196 -0.0961801696708071 -0.478599257868898
0.00804131626412635 -0.042563513247517 0.476858696858878 -0.443096703738172
0.0205982190730103 -0.0309067432699426 0.795053250759662 0.321050749465337
-0.0147700866456126 -0.00923435961118659 0.112138961671134 0.946327900757939
0.0166387896173346 -0.0594720369177129 -0.475642387480197 0.504784458710724
0.0508613458203588 -0.0634053756612079 0.0224454913759554 0.0759612312017021
0.0253801029372964 -0.0439985789711506 0.452766061865839 -0.507352928247778
-0.0212133160428297 -0.0173604068452322 -0.222936850439258 -0.95991193490059
-0.0190156116471078 -0.0183976646994193 -0.907128558363564 -0.200755056515449
-0.0309857894386561 -0.020604519541352 -0.402492607648223 0.617817624167926
-0.0301955602545147 0.00569871892160441 0.202965348916254 0.473498414086393
-0.0115305568138922 -0.00906184600486428 0.246341288526896 0.0745279234044186
-0.00406126840451051 -0.0120916259910474 0.0650596828562302 -0.20828539764831
0.00589230821554621 0.00269159077920096 -0.058353555666138 0.15636514696241
-0.0249996994417727 -0.0214979735583098 -0.159437714775698 -0.0876715004636444
-0.0116339417816162 -0.0220753545323775 -0.0581041672193954 -0.489424497382845
0.0112447635303787 -0.0404139213244643 0.528298793022715 -0.382648593467704
0.0278475038271416 -0.0230527605324577 0.758770767953072 0.424745087813158
-0.0115697731568222 -0.000365131423733607 0.000429919590674275 0.961888425586314
0.0148834472172898 -0.0466789980031119 -0.50667046843807 0.460036744894434
0.0405536894650203 -0.0532842629395426 0.0479255003590933 0.0539610740253834
0.0198391059337905 -0.0300852827979887 0.417273483887766 -0.551425491393319
-0.0160729238688842 -0.0068877748330502 -0.327556684043807 -0.916712308582855
-0.0183422423779918 -0.01467913566096 -0.912829805708846 -0.0846028622290897
-0.0334652144453634 -0.0120455299779216 -0.323877998558438 0.653419891378969
-0.027945500665727 0.0111215317986769 0.241449015718669 0.447914909919456
-0.00736864494822078 -0.00727049252606304 0.244975960533428 0.0484505591037196
0.00132119687296319 -0.00877043093735029 0.066535777390785 -0.217913496636201
0.00995716329815905 0.0067542806730275 -0.0535158255178093 0.15195551768455
-0.0215765906116804 -0.017935744235891 -0.15772782568016 -0.104730107711894
-0.00941567533835835 -0.0197145071612024 -0.031762310348657 -0.495055117287005
0.0123155335952517 -0.0366873414090074 0.558486341344793 -0.34112100592092
0.0354842763368944 -0.0138432283298763 0.727632210332409 0.490260828126337
-0.00844347440136323 0.0161639593041586 -0.0743186373566754 0.972365572553547
0.0011092181315026 -0.0271528551927362 -0.523993625503142 0.433009713195759
0.0214685002706663 -0.036364213599673 0.0658720350886863 0.039940594815636
0.0125921102122693 -0.0101262940331256 0.393105674348969 -0.580009792377558
-0.00602425166348876 0.00507216907827059 -0.390508650885836 -0.88583377242862
-0.0134266750409078 -0.0111151011625491 -0.910158059786946 -0.011208338601373
-0.0351956063192394 -0.00503488287839132 -0.276016421031646 0.673955634809477
-0.025490079852095 0.0154695253922212 0.263994033123932 0.429206621280147
-0.00268261736063008 -0.00379333587520974 0.241293475831799 0.0303357203664314
0.00551840801186441 -0.00247119523500044 0.0677852090009348 -0.226568733082437
0.0123891421345863 0.0117792872340245 -0.0501382731493173 0.150814636071888
-0.0172013669943411 -0.0114145535394248 -0.158552605990171 -0.112924919250531
-0.0079537123785346 -0.0155411511379276 -0.0269471380819773 -0.495859814821926
0.012729559559375 -0.0341374294787976 0.567326371296733 -0.323917142741149
0.043652102184811 -0.00583280350032828 0.715126755429641 0.514624262120819
-0.00481889576789193 0.0362631373933628 -0.0976200369521266 0.974401093874344
-0.0190190766308521 -0.00397110074934924 -0.526662104733832 0.425017848268441
-0.00342576070675802 -0.0164393550242798 0.0729386868578428 0.0352879900361632
0.00669980639136613 0.0143901761743548 0.384389655280784 -0.589929567661678
0.0066704301264566 0.0167173163603593 -0.410440903845521 -0.874206661516132
-0.00704412549806251 -0.00828576542996502 -0.909070027274868 0.0130319505711545
-0.0358491663569097 -0.00182601573320352 -0.26270457618284 0.678121779240552
-0.0211548421318045 0.0177267379779755 0.269640996069691 0.422486537194451
0.00301602517348877 0.000928988482131309 0.237831562466883 0.0233840372884133
0.00841719236063795 0.00376621040499302 0.0694236127600329 -0.232226319588597
0.0140639494067228 0.0168936124778538 -0.0473193765286491 0.150095893984974
-0.0111641559286349 -0.0040684084305753 -0.159328207828616 -0.111779631486564
-0.00771889671110297 -0.0104314886341806 -0.0386738373640073 -0.496903878803052
0.00998115526541896 -0.0307452325577428 0.554718919676451 -0.340127334804609
0.0502540756029683 -0.00123691805255669 0.729782523683787 0.491822677108412
-0.00175087268696752 0.0552855837113157 -0.0701298580308535 0.978681798743693
-0.0383344116308587 0.0200095167680785 -0.516899422580631 0.436129372073879
-0.0300428221994066 0.00346557261268597 0.0705918234350495 0.0398671004080397
-0.00112605240203653 0.038810352893593 0.395198717551278 -0.582906161897557
0.0179318283876505 0.02787437797165 -0.386322856111696 -0.886074753912316
0.00169450149661073 -0.0073890858988599 -0.912828255430453 -0.0120892864986048
-0.0353746854913462 0.000664191009491801 -0.284562349563424 0.669118585999012
-0.0177040478239363 0.0187850542786611 0.258887353925676 0.430674789191849
0.00947415887436797 0.00673862279525845 0.235655782637652 0.0276912868280646
0.0092429354476568 0.0110786181240263 0.0712687204285559 -0.232287851139389
-0.00951409275331758 0.0094677848142831 -0.0732186313893422 0.181358302053785
-0.0139170754255644 -0.00600532025222374 -0.166238752940418 0.0080096722576621
-0.0112673207724482 -0.0103303411145753 -0.208655340150247 -0.408150999262574
-0.00567855122991059 -0.0367781190429112 0.285274178473633 -0.56853754030797
0.0138578651649233 -0.0429637219844546 0.82545772605045 0.0122913684544948
-0.0080198244766932 -0.00231630871616797 0.417202977777067 0.823777447375333
-0.00388339800487495 -0.0441128569741135 -0.346928091117511 0.614516291817862
0.0260312047155069 -0.0572494406005555 -0.0412112714614532 0.133295340014417
0.0236730901832924 -0.037130447695814 0.528549075787877 -0.372194105091974
-0.0133384315993196 -0.0205398519788972 0.0993205354997198 -1.00921616248466
-0.00920442482158807 -0.0220939554523092 -0.819406239527338 -0.52088198647876
-0.0247523626066408 -0.0316247505214963 -0.603292756350213 0.459823568056595
-0.0278875035604919 -0.00166798661855744 0.0714502302827525 0.521351430392835
-0.0128493551979508 -0.000871352483876105 0.242311085314171 0.144498329346947
-0.0165735565433533 -0.00534116205221269 0.0669304622760827 -0.177242042947261
-0.00853511438526657 0.00533879175547415 -0.0693818509104757 0.176997306639113
-0.0185266139951752 -0.0110456361051139 -0.166235793160545 -0.0098782211569468
-0.0131861962578477 -0.0138906223803061 -0.179239543779347 -0.427330440549929
-0.00354349914091114 -0.0390495037479581 0.34337530024138 -0.540273362797884
0.0130518873332607 -0.0411366789022487 0.829639159912027 0.0910072960656193
-0.016204565055831 -0.00750449221493488 0.340916970967527 0.867351113621929
0.00291604344845377 -0.0576602902812727 -0.386572794652772 0.592485518424223
0.0422180639338877 -0.0670600640354264 -0.0248180415336748 0.116553805510213
0.0289732007834424 -0.0485297282886659 0.507753739392465 -0.416167590235981
-0.0179021104470114 -0.0257378679837952 -3.1535154856071E-05 -1.00897723479395
-0.0138266043782942 -0.0227842483066521 -0.858939845818188 -0.428887323500294
-0.0260131975554921 -0.0297029349460749 -0.541570146552313 0.516581216190706
-0.0300253109539132 -0.00128841983177293 0.114855765181254 0.509733936067781
-0.0128157689961786 -0.00664452126342445 0.244610868289838 0.123571832213199
-0.0137788927000144 -0.0114313791970126 0.0652179385426439 -0.187382011980484
-0.00296827365449728 0.00138053704090115 -0.0664504143823009 0.172091097127674
-0.0264723265312153 -0.0193145774580294 -0.163502225072325 -0.0398883439426337
-0.0167494561184658 -0.0209190382633708 -0.144487259015799 -0.462375907575399
0.00237673462613587 -0.0431737646671246 0.406138674018607 -0.505046926254961
0.0153886645689228 -0.0372740383312758 0.823983872298399 0.19730121020021
-0.0171724241059888 -0.0111059977862054 0.24036687665901 0.908496268480768
0.011901254407277 -0.0629223006567366 -0.42947314485036 0.550236052316968
0.0509946477894225 -0.068727875957997 -0.0022400015727374 0.0951709331661889
0.0281731471301959 -0.0498278937386545 0.481606022067462 -0.464274908739269
-0.02190495648822 -0.0241345961955318 -0.119729494399992 -0.989857317737218
-0.0175566139387783 -0.0212896658976302 -0.890990879495121 -0.308413149810856
-0.0291412981775446 -0.0265743444657776 -0.470140372302237 0.575493598214541
-0.0302311807734225 0.00166301734865787 0.162430017273223 0.492694861783521
-0.0125453965432117 -0.00843136733709711 0.248707471835003 0.0974667350813344
-0.0091753296006485 -0.0122127626189127 0.0640276760998436 -0.196134403263185
0.00284080434998014 0.00161777676345355 -0.0612204751190026 0.164268335927725
-0.0283936057520386 -0.0209681304873377 -0.162617067454299 -0.0638769104371072
-0.0150899110614262 -0.0227558992620975 -0.105025544209668 -0.476592190882713
0.00666395761210766 -0.0421377726760366 0.468043870803703 -0.450357840449821
0.02125910765677 -0.0322089733401195 0.80069206335756 0.309742372749245
-0.0164296944494885 -0.00821920877085841 0.124424385062837 0.945031556803021
0.0149585361601024 -0.059786537552213 -0.469764052490438 0.511745432520677
0.0500274746871983 -0.0651094720995512 0.0229255430105397 0.0757015465083157
0.0253094690634008 -0.0452319737577394 0.445602831944871 -0.514878663359426
-0.0211075745265656 -0.0175482737723925 -0.237337767160295 -0.957030956162125
-0.019740132128543 -0.0182722629610785 -0.912616257377165 -0.186395466591829
-0.0330651049510167 -0.0200873951048491 -0.392085069553866 0.623225330230354
-0.0301020194306547 0.00596807144983358 0.210757943234114 0.46991110990638
-0.0108076919627294 -0.00830912854405696 0.248181251619129 0.0705426478350358
-0.00344879470163877 -0.0113493336702199 0.0619789245567469 -0.209008860494603
0.0057572116782572 0.00196655050101595 -0.0572012529655632 0.157368248191925
-0.0262027778271576 -0.0206470909296441 -0.16103799503645 -0.0868926971199031
-0.0120761905341071 -0.0229055128103684 -0.0675195448865951 -0.489377573685115
0.0102440508796394 -0.0419216428484842 0.522196779034271 -0.391502235805378
0.0279024508386551 -0.0238997317169364 0.764828101567131 0.412827383164809
-0.0119031411578404 0.000447798898172674 0.0127432419238341 0.96097557317251
0.0141112373836182 -0.047980737598249 -0.499812110986013 0.468486170685466
0.0397490440799065 -0.0543765845805376 0.048177275672238 0.0531642695986925
0.0191101139027945 -0.0321609027383939 0.411613279652867 -0.557113799532938
-0.0157714038404289 -0.00592906570598524 -0.342348981544284 -0.914754836979331
-0.0172010868110869 -0.0136757850212979 -0.914709828612648 -0.0719365179435523
-0.0348511363215981 -0.0117692288094571 -0.313588578281183 0.65984452707479
-0.0278530445803977 0.0103754929371558 0.249458773484666 0.443556408924088
-0.00689383660445983 -0.00745097299813551 0.245315041541477 0.044675430972205
0.000132860485610904 -0.00886064022011504 0.0640126904949107 -0.218737824367905
0.010003216928205 0.00629530554799169 -0.0509109736573657 0.15291476645531
-0.0219653904845468 -0.017951811521153 -0.159262401751566 -0.102795375700533
-0.0103506540327739 -0.0193916307830034 -0.0427718648641684 -0.494518800503049
0.0120601328830125 -0.0366559611984896 0.55207623122947 -0.350754142398573
0.0341059568500216 -0.014539322803379 0.734759534402279 0.477983435655426
-0.00772018567444203 0.0167284993478494 -0.059383077316344 0.973986139213199
0.00111629872975891 -0.027338938803579 -0.515398758345446 0.440244753502384
0.020359023698738 -0.0372114308962386 0.0657165336927379 0.039806336878228
0.0129050801053559 -0.0113074157187625 0.38594230493868 -0.585721542424741
-0.00710500405702615 0.0049494337230444 -0.403477264455309 -0.881501996478476
-0.0134120894575172 -0.0109669922245539 -0.910682119828303 0.0029760078198024
-0.0348274215774539 -0.00550260591102374 -0.266881715565105 0.677385320908061
-0.0246209291137195 0.0159017133218304 0.270240175388619 0.427113267480263
-0.00188050161311359 -0.00391607355937136 0.241411673568726 0.0273316517106233
0.00577379904147162 -0.00364533558031556 0.0627388545099628 -0.228277352663275
0.0125502307972287 0.0114849885262274 -0.0473336637015227 0.150416615914661
-0.0171921300442984 -0.0114755314058306 -0.161075642119522 -0.111189887448261
-0.00882578017501714 -0.0151588392482742 -0.0350567128704439 -0.49544564817441
0.0119170744269411 -0.0340954830003598 0.562711258181431 -0.332909365632229
0.0433071797973288 -0.0062149534205755 0.723231738286458 0.503486868461924
-0.00567987391461301 0.0358632752059856 -0.0840776771602932 0.975565579288984
-0.0192174455082755 -0.00558864621786141 -0.520732608452093 0.431372658033907
-0.0046345213601771 -0.0168589947096361 0.0738903298480134 0.0329339458800657
0.00736455488590338 0.0133361312163365 0.375739580688136 -0.59488344405809
0.0070928628995717 0.0159205318134912 -0.422039804947221 -0.868748441571985
-0.00639637023003113 -0.007891963176779 -0.9085303402923 0.0272302754339797
-0.0356904442774877 -0.000565089621073406 -0.253086469549839 0.682198368330461
-0.0207492421458015 0.0183390345281978 0.276616624949631 0.420741844527076
0.00373696250600881 9.1467986883649E-05 0.238904731921815 0.0203895788024943
0.0077866339304954 0.00379937214140248 0.0654103147899392 -0.233339799426428
0.0139205209969531 0.0157237308609196 -0.0446472947224728 0.150096121098569
-0.0118973053347473 -0.00387276549027238 -0.161238606291043 -0.110810577126014
-0.00752512141129724 -0.0115421222734718 -0.0490555676753869 -0.494998217420029
0.00903433821528583 -0.0311471435580923 0.549507701561554 -0.349717056558607
0.0506271388575482 -0.00164058471343431 0.736683066029744 0.483246524762998
-9.09999226148079E-05 0.0549445946611727 -0.0555727224375964 0.980226026795815
-0.0381165209825746 0.0203274241969663 -0.509462837742468 0.443696511352631
-0.0306235535767335 0.00398137220517811 0.0704475652888039 0.0387118957745026
-0.000765121472520969 0.0371659088506993 0.386850004471257 -0.588049414993947
0.0180375824176423 0.02768922743076 -0.400510171158811 -0.88011787205471
0.000963385321708057 -0.00688893342760327 -0.914442526305001 0.00143455016449839
-0.0357239827388725 0.00128485898028572 -0.274191238905267 0.674163776146293
-0.0171070918712191 0.0186316839888165 0.265954889184517 0.42624572437243
0.0092725688321268 0.0058845998405424 0.235612724129535 0.0258391534024897
0.00939628674641427 0.0105419598400136 0.0673156583427915 -0.232683759730563
-0.0093397363309832 0.00971178193173427 -0.0704579794993131 0.183395849902895
-0.0131904739182175 -0.00577047072044389 -0.165546461872577 0.00979966026009575
-0.0110732508721855 -0.0104145531954783 -0.215174468146041 -0.407409224094929
-0.00594277886369158 -0.0368043373159358 0.275289506132098 -0.572399925585738
0.0131365619495206 -0.0429484120409809 0.827272293075623 0.0005842934033001
-0.00753035417027985 -0.00205105205140127 0.429550163311033 0.818057730160756
-0.0052739028825203 -0.0439327473021074 -0.33707413862826 0.618879411466025
0.0259698966950564 -0.0576221437903726 -0.0377629185700463 0.13387228447831
0.0229071667436348 -0.0386169243531988 0.522188557047061 -0.378568259559817
-0.0134673835446901 -0.0202366177455999 0.087193287344593 -1.00934240908839
-0.00920730850936932 -0.0216952556080625 -0.827974473154254 -0.509004242255489
-0.0258972384034368 -0.0315855426836824 -0.594500391918205 0.468871075296487
-0.0282848023461349 -0.00148236071305253 0.0793964950397392 0.519767839880511
-0.0125854739404398 -0.00132773584066747 0.243591044952815 0.140643822350243
-0.0167713920420085 -0.00580854822769206 0.0655260158244554 -0.177927997660255
-0.00771669514193548 0.00553847838367142 -0.0667675804909019 0.178647824640685
-0.019582883490583 -0.00999625350836663 -0.165682115106973 -0.00747140757669686
-0.0133151802899685 -0.0140139989078734 -0.187270228860976 -0.425342723089106
-0.00350634143474541 -0.0400805972079294 0.334488932684807 -0.545289330670896
0.0124260882118762 -0.04110215594077 0.831956422630245 0.079390044819189
-0.0156833796715306 -0.00639951378958067 0.353535166018117 0.861517549836461
0.00178247763034881 -0.057375447921913 -0.375599492436052 0.595388382548894
0.0410406350925151 -0.0671517403727075 -0.0233615077992667 0.11673242556325
0.0278757746300783 -0.048115404659515 0.50233886552725 -0.423325216192387
-0.0184068487131047 -0.0254786527915712 -0.0129882187635456 -1.00833731172031
-0.0143462059294253 -0.0219921139445789 -0.86323548644452 -0.416923549763258
-0.0273948481784495 -0.0294907643776492 -0.534354604285772 0.523852686320624
-0.0298130611092097 -0.00137126186437646 0.122264977089983 0.508692533802451
-0.013085055294672 -0.00630996478984118 0.24673983837371 0.120731622313899
-0.0137411363219093 -0.0103551478404107 0.0624209881851991 -0.18786969027062
-0.00237303734810345 0.000752576658324561 -0.0637832936366914 0.172738529131358
-0.02772044840736 -0.0193243676670549 -0.162884266262358 -0.0393741500245002
-0.0171491607607541 -0.0213536797626992 -0.154797073876471 -0.458290621653063
0.00186645509488522 -0.0437154136218211 0.398129943300745 -0.509165904110456
0.014935888997577 -0.0371723866673776 0.825873574905966 0.186581654871581
-0.0174784463646901 -0.0101591022980265 0.252459161832708 0.903890988375679
0.0101450706607303 -0.0635878083503801 -0.422045197450367 0.557619265962886
0.0490146146578282 -0.0700500514216549 -0.00144772378529965 0.0962719777118762
0.0282020943475059 -0.0509662480942169 0.474589162338876 -0.470214332347699
-0.0215909725901955 -0.0234447624581674 -0.131428846122649 -0.985385572770534
-0.018690874093398 -0.0197994948299142 -0.894097698319212 -0.298005548560808
-0.0300174105154526 -0.0259307673963203 -0.46079904524264 0.581321708613569
-0.0302042836097966 0.00173463333523782 0.171956680333651 0.490814417456942
-0.0135620499811617 -0.00915264526274477 0.249956895764524 0.0954686560641292
-0.0098609997668662 -0.0127752230719259 0.0610253448861783 -0.197261847266741
0.00211571135070283 0.0010450085822871 -0.0578408745228097 0.16510534591829
-0.0289159898503372 -0.0213185595120376 -0.16137020837599 -0.0626408306260771
-0.0153695107659053 -0.0236703651612403 -0.113577040939498 -0.474608044693743
0.00575332317759073 -0.0432146384522494 0.461567550114187 -0.45765340014258
0.0200673034996303 -0.0318312330882883 0.80465671209462 0.297691344091851
-0.016134220817693 -0.00840221287439209 0.138769410508509 0.941602593846249
0.0150693030891097 -0.060769981456804 -0.459839319093571 0.518298158951764
0.0481463035944149 -0.0657834733136016 0.0231455513582274 0.074246141253846
0.0244256814864157 -0.0456838367628739 0.436468058983317 -0.520362931427807
-0.0207222149342566 -0.0171948609552013 -0.250010871704873 -0.953004809904317
-0.0196541437899599 -0.0170942372125169 -0.914519629059317 -0.172849883778476
-0.0319924913035633 -0.0188279000693077 -0.383171856432069 0.629276209486828
-0.0295263835165346 0.00675880293613926 0.218549747707077 0.467954347895052
-0.0113801550036496 -0.00906587923988786 0.250188441319663 0.0681516241819424
-0.00498878097307402 -0.0117184553871758 0.0583791367628689 -0.210100804914216
0.00622788555723376 0.00255950024509151 -0.0537656526231639 0.157923602639159
-0.0273777370792047 -0.0204628235079487 -0.161573996907044 -0.0859399615008265
-0.0132220920731796 -0.0218966364429575 -0.0753742476354791 -0.487652468770058
0.00984585100947081 -0.0412766551941677 0.515997394644884 -0.397036590632979
0.0265782220434154 -0.0238238057430528 0.769855790148592 0.402598717225195
-0.0113803403421708 9.96690221630502E-05 0.0274865583757487 0.961769018762545
0.0123838379576076 -0.0480551887468539 -0.492852334017873 0.474119523823633
0.0389173026183867 -0.0554720803653662 0.0483520153678399 0.0529582879522644
0.0181732969063418 -0.0316491427176445 0.402126183506849 -0.563195806195592
-0.015358040771973 -0.00637230942900039 -0.352806952704585 -0.908036346829326
-0.0186965272786854 -0.0132428049760837 -0.916170308162682 -0.0584204803425405
-0.0347973622230453 -0.0111554946245241 -0.3043308613017 0.664347986445995
-0.0276720180922095 0.0118153166669334 0.256498197266789 0.439935482627128
-0.00794097559064411 -0.00717829363703669 0.247299722510992 0.0418615089494855
-6.66618367535562E-05 -0.00819314976784963 0.0597392191367279 -0.22037414897085
0.0100410378444151 0.00594642291019563 -0.0486202880451043 0.152818845484071
-0.022825431667201 -0.0165656528108688 -0.160678580438895 -0.102004716053987
-0.0108937058728159 -0.0197274520109623 -0.0501839417163465 -0.491119533111101
0.0111577666311758 -0.0377010418767801 0.546662320750081 -0.35700173248877
0.0354133386242044 -0.0148599161734172 0.741191466240509 0.468386532682808
-0.00797049419325334 0.016257543762047 -0.0470305207987625 0.973453471522597
0.000556591389373251 -0.0281750360421349 -0.508518896967571 0.446283546759817
0.0196856508655311 -0.038205307733058 0.0660578344895477 0.0386445205037002
0.0129974384483905 -0.0111302480507148 0.377344552495853 -0.590097851797063
-0.00554044285695615 0.00550789093757993 -0.415583590235843 -0.873573825301199
-0.0137803690643297 -0.0101183063819823 -0.909664005845832 0.0142568276920166
-0.0351166786436877 -0.00438827683404522 -0.254930462865211 0.682092744252977
-0.0242467827743382 0.0153569387531576 0.277529869264865 0.422027555994665
-0.00278246219164556 -0.00496979339128779 0.242016429493093 0.0251969775370043
0.00442634559318916 -0.00296741441363672 0.0599226935456241 -0.228745144574571
0.013197586551081 0.0104733055986721 -0.0451053647356143 0.151279001049653
-0.0183425573061787 -0.0112179201781174 -0.162117361842488 -0.110053716116077
-0.00892037820646424 -0.0154180560942229 -0.0440923053714128 -0.494160776606387
0.0112262570489715 -0.0343269951574089 0.556135579960041 -0.340392744530616
0.0436713369834372 -0.00673067173564815 0.730109643537147 0.494095715070717
-0.0037525616766455 0.0364697245389517 -0.0695135911909471 0.975989602387506
-0.0186660601862663 -0.00434389876474627 -0.513277111682197 0.436962392092926
-0.0045838091113991 -0.0172941110913492 0.0736021013462184 0.0339807002545608
0.00663972078915708 0.0135159955148077 0.366807531115841 -0.601814690526176
0.00793771319075823 0.016115068920788 -0.43446887613308 -0.862896102099727
-0.00697974963397713 -0.00827729315227898 -0.90864087357991 0.0414081913877946
-0.0355548741652167 5.24432810492075E-05 -0.240789695125354 0.684567606685222
-0.0203092954908181 0.0179041173760573 0.282648114344156 0.413859321133734
0.00304806060792925 -0.000232974012641694 0.238537245832395 0.0181560855339646
0.00778201672915554 0.00392560834393625 0.0622193227744738 -0.233943820023037
0.0145337355993081 0.0156268742571073 -0.0426512707180151 0.151433647254014
-0.0123263208120306 -0.00385816124327132 -0.163041250665029 -0.109492890395872
-0.00813858701708342 -0.0110579316386267 -0.056341740770581 -0.494260493761853
0.0080944449051833 -0.0311708223932209 0.542891818901067 -0.35755900783517
0.0504358640980068 -0.00237642307723988 0.742636458725717 0.471840822843525
0.000567684631229825 0.0550112862346727 -0.0410696671380244 0.979714629508409
-0.0386827586657934 0.019925892981099 -0.503865990219893 0.449580963859606
-0.0309475859220131 0.00365165016975124 0.0705989024453055 0.0378205278726108
-0.000196306019535656 0.0369617218310983 0.378411229116111 -0.59266201992738
0.0193137831267028 0.0268097228180102 -0.413818389742387 -0.874634303262572
0.00158132589925327 -0.00637296835408793 -0.914190053147751 0.0162179556560794
-0.035318066161252 0.00241071676163657 -0.260685720965872 0.677945025862119
-0.0171438055818852 0.0193078978651601 0.272966937938962 0.421429236288446
0.00898948189800102 0.00543765396609031 0.237541430943708 0.0226085399551841
0.00905925285167567 0.0114540165170589 0.0646616369003166 -0.234881375759155
-0.00926156965987764 0.00957299281298441 -0.0682781263134811 0.183008431520819
-0.0141029299664543 -0.00669600865923255 -0.163889101738494 0.0110669834706001
-0.0106846241215349 -0.0108920395115815 -0.221199242639685 -0.402693058882665
-0.00577286663726841 -0.0360458446155633 0.266295303167264 -0.574491371180687
0.0128936871006354 -0.0433996850850532 0.823995475868453 -0.0116321058297795
-0.00769865613476802 -0.00188241131961026 0.439310514350248 0.808509390772795
-0.00594672895862242 -0.0434853105261056 -0.327788364240518 0.620781990754279
0.0245647323131774 -0.0580966188845646 -0.0369332163536269 0.134408633676217
0.0225052031931119 -0.0390687184332753 0.51584826319336 -0.385039955592439
-0.0130289596567123 -0.0197678003242595 0.0734164805639049 -1.00697595232252
-0.00989072754371714 -0.0215001477998423 -0.832640692760643 -0.49573515199586
-0.0264812190208974 -0.0311813844510164 -0.588453275459459 0.474985415719189
-0.0282759743087545 -0.00135436461691972 0.0855444215844494 0.517640817327653
-0.0126602117661106 -0.00115538901972596 0.245125455184575 0.137189094477708
-0.017503636059125 -0.00565263323383557 0.0623666847090412 -0.177453483062071
-0.00728185119712533 0.00573898126841003 -0.0647897833757206 0.179350741055755
-0.0200017622860399 -0.00992258349059456 -0.164524604281445 -0.00639846492040733
-0.0132969145832783 -0.0142003515882109 -0.193850336019569 -0.421823180827735
-0.00411860301305321 -0.0394035971488488 0.325354777352368 -0.547799925338679
0.0115971810450017 -0.0417343094402727 0.831095474072007 0.0682681183065378
-0.01594692924041 -0.00681230385795222 0.364405662931909 0.851269681271302
0.000735895321599792 -0.0579949049607051 -0.367522208284286 0.598150225431774
0.0395638198369704 -0.0674286879222855 -0.0221404457666252 0.116786166996503
0.0270531277076431 -0.0491054296134974 0.49449550900791 -0.427523825777345
-0.0187564175653032 -0.0255075151978708 -0.0256557959989085 -1.00314918798673
-0.0144166474086288 -0.0218333604606155 -0.864705022339214 -0.403953638474953
-0.0274715192728414 -0.0289075769069381 -0.526266251783677 0.530598447822565
-0.0286888657448042 -0.000995067836403105 0.129096992233529 0.505221968429624
-0.0133152714700003 -0.00675151786757183 0.248373667753321 0.118285804196172
-0.0143818978785913 -0.0103107877554789 0.060224217415756 -0.188329061825924
-0.00249257736832115 0.000275185832055839 -0.0604548703604003 0.172759152068426
-0.0284388706636649 -0.0192157930226857 -0.162321216558728 -0.0373884525684256
-0.017518965142825 -0.0215166821421055 -0.162034393638845 -0.454335026734692
0.00120051782758253 -0.0439376955654065 0.388049982661978 -0.511716523726582
0.0145912604119641 -0.0374001840622305 0.826547005498514 0.174073176277637
-0.0176012653045555 -0.0100597800980941 0.264149752151532 0.898039927740353
0.00857078986345546 -0.0640208814202372 -0.412751889697798 0.559992953144767
0.0478954575931495 -0.0707073004238862 -0.000636854819327457 0.0961933103669224
0.0271241577101765 -0.0515342604575363 0.466147361972897 -0.475770743832753
-0.0213508573019384 -0.0233156994030003 -0.1441522065596 -0.98199584182252
-0.0186297767064995 -0.0196488646373301 -0.898341796880637 -0.283223015437486
-0.030433542289081 -0.02535862769803 -0.451020287970833 0.587399635344998
-0.0296993048797993 0.00207260957287156 0.178193588978246 0.487092285770947
-0.0128876167445238 -0.00876568304510824 0.250577017164799 0.0931222397760912
-0.0106826535089323 -0.0121048155418275 0.0582913716947474 -0.197750036504895
0.00228220148973671 0.000263603718489977 -0.0551865842375482 0.165905931996565
-0.0299359882211452 -0.0211628343239473 -0.161790787272271 -0.0609209374631765
-0.0156366244582882 -0.0231180706219051 -0.122025244005922 -0.472301685319089
0.00501666855829028 -0.044072567013587 0.453762455643198 -0.461927718645117
0.0200575307483109 -0.0317207569532213 0.807163639659346 0.285836185799422
-0.0158324629375093 -0.00826614785545731 0.150300218900248 0.936308372119857
0.0135321435655548 -0.0610544681110505 -0.452119349158275 0.522741887285095
0.0470822910102338 -0.0666352090132196 0.023535364004199 0.0747086476281262
0.0236080918831603 -0.0462070279138048 0.429028816854368 -0.523658060597969
-0.0211983828648182 -0.0165218778475845 -0.262567593452061 -0.948729396810348
-0.0202566611942453 -0.0164752707338374 -0.912157160744541 -0.161684461094375
-0.0326951972943288 -0.018938028610364 -0.372048245694058 0.633447101696055
-0.0296653823774381 0.00696965062548374 0.224924897836399 0.462307485662238
-0.0119375537581853 -0.00932080158456287 0.250695040852965 0.0659832699136538
-0.0047932780113919 -0.0115789214137034 0.0562569819679207 -0.210111518012644
0.00676225213122616 0.00124187741659453 -0.0516809320884762 0.158222954684439
-0.0283295254345166 -0.0207461338130259 -0.162710046110396 -0.0847630974924829
-0.0134970695672414 -0.0227980524647528 -0.0833141464703115 -0.484447625535096
0.00912724358890653 -0.0407693193623081 0.507115870184936 -0.403387999418406
0.026754205107066 -0.0239369078445676 0.773909793620373 0.389602791249765
-0.0121179620582255 0.000649344285463264 0.0429464860520709 0.95903202156624
0.0120081122616353 -0.0478434983611158 -0.485793550581835 0.48058000312733
0.0381508845429537 -0.056621243103357 0.04825659619098 0.0515488927536458
0.0181346528717186 -0.0317504665444291 0.393706123284953 -0.566177669958506
-0.0153481612106037 -0.00666758291944007 -0.363429994069681 -0.901469220168894
-0.0190533489097258 -0.0127201475731013 -0.912867390303064 -0.0452934845501556
-0.0346627210954965 -0.0101359806301227 -0.293069865749231 0.666583802060743
-0.0270416729465981 0.0119864696509194 0.262284896882891 0.435199246856595
-0.00787490817621512 -0.0077851919752674 0.247194338943222 0.0397442614639298
-0.000526330258574575 -0.00829289216068051 0.056470281500042 -0.220041580300885
0.0106980074023154 0.00506673359495741 -0.0465206773699247 0.152828417688883
-0.0245205651600034 -0.0165276880526724 -0.162008468837415 -0.100947785118708
-0.0109078845475728 -0.019999991982209 -0.0591402412554533 -0.490538878208542
0.011151063393243 -0.0383878517318903 0.540544315323862 -0.36299711632072
0.0354638013571518 -0.0148610062680877 0.744725892416109 0.458083501539621
-0.00760060375515425 0.0165033870326076 -0.0328412417066163 0.97182851235226
-0.000869566605442088 -0.0284972925759207 -0.501432489532909 0.451698679463554
0.0192029214923565 -0.0383621143241328 0.065916931894611 0.0376382515371718
0.0121307338564565 -0.0112442285099157 0.367757168758549 -0.593603242443107
-0.00435960669434538 0.00463273799572135 -0.42634175043939 -0.868308009704347
-0.0135325173562474 -0.0100103238704102 -0.907641973011436 0.0272157372014546
-0.0359125618285854 -0.00351246229345779 -0.243948503349082 0.680699121378874
-0.0240203565444242 0.0154708652781098 0.282694583925079 0.417451294947787
-0.00331639109769328 -0.00505341814880799 0.242356788327442 0.0222505542511379
0.00442922662273553 -0.00310564870260819 0.0567978830329603 -0.22896418848938
0.0135912032858001 0.00934661592668913 -0.042622449099481 0.150715617555325
-0.0195604665054243 -0.0105547344041188 -0.162250544050256 -0.108111870397994
-0.0091988532368552 -0.0156081171330502 -0.0527307678337576 -0.492580667805883
0.0104534456198905 -0.0346311100451852 0.548269792576003 -0.345216872859537
0.0437734690717316 -0.00709331041801462 0.732920199608597 0.47923085247082
-0.00408793787837081 0.0362193937130193 -0.0554727919399635 0.974742942629887
-0.0194057863004286 -0.00435419404607993 -0.505676970263342 0.443169212876264
-0.00542295487806827 -0.0174729727485597 0.0737985314198824 0.0323570345831794
0.00655289991682257 0.0129178236552449 0.359988814698246 -0.6038500308453
0.00815300486458536 0.0158247169246398 -0.445726697992227 -0.855170410129535
-0.00662205130681354 -0.0077123157988199 -0.904962417176447 0.0536398661955815
-0.0354084958981013 0.000628670265305562 -0.232145623208714 0.687046632900555
-0.0206395444440059 0.0175423935291312 0.290354840215427 0.410200535739744
0.00283854196341892 -0.000443367451699355 0.238865558863077 0.0157373035556272
0.00732788825400038 0.00386975125189491 0.0586532391899151 -0.234110783290501
0.015056532106752 0.014912412412582 -0.0395230218097244 0.150823938631541
-0.0129879217304225 -0.00350191832469373 -0.164262201963764 -0.108166744942012
-0.00839068879689746 -0.0110384868904302 -0.0655878329399698 -0.49074228466725
0.00827368726182759 -0.0318137827764893 0.537235442199364 -0.361510510112033
0.0506333967859295 -0.00312182365384145 0.747053465830752 0.460731730407091
0.00163507630692113 0.0555060886203352 -0.0282042632826836 0.975335246356461
-0.0379002161550092 0.0203715535188497 -0.496331242322179 0.454920121042195
-0.03082380708854 0.0029717317495671 0.0702030235577291 0.0374828008708129
0.000298757569090738 0.0372868283795672 0.369418359706485 -0.597825737626059
0.0194822209063274 0.0264916407445633 -0.42521525913023 -0.866394682249802
0.00161109733177102 -0.00640669650114701 -0.909547610783637 0.0282320392504305
-0.0358426066626829 0.0031661541734428 -0.251422020136873 0.680341195550905
-0.0175354208318378 0.0188947733166348 0.278477960215421 0.417783759236414
0.00872854774457667 0.00490248532164035 0.237263819504549 0.0201731307933827
0.0083450781950856 0.0111808620944241 0.0610311402265722 -0.234400828983267
-0.00882228891858663 0.00940144203904232 -0.0653687330500371 0.18420572631738
-0.0138351730949595 -0.00581485003492395 -0.161504387801452 0.0121106000720303
-0.0107152610322016 -0.0109706128143837 -0.227495026904152 -0.397401224532012
-0.00603083268011884 -0.0371205039363478 0.256888791853584 -0.573596238480948
0.0123092478562766 -0.0431691841298942 0.821326734280344 -0.0221938410059773
-0.00838074874086007 -0.00237295303364768 0.448392905547818 0.799213700904414
-0.00688177570596783 -0.0440433617662928 -0.31859874619899 0.623151902858907
0.0231289464905341 -0.0580629214557012 -0.0355124301348526 0.133209137034271
0.0213734947157503 -0.039646693960478 0.506182540032031 -0.389686398920107
-0.0125038469023374 -0.0198456808987686 0.0621221301991891 -1.00620029452968
-0.0103405260875198 -0.0203088979164817 -0.834247695523557 -0.483059287251943
-0.0276951484460192 -0.0309581936449176 -0.579734772977054 0.482164957374816
-0.0280692394384637 -0.00153233066224729 0.0924445245930753 0.51534321020056
-0.0129958310079461 -0.000986888981354243 0.246256439009599 0.135064339761908
-0.0166077260996018 -0.00523396236501887 0.0610353758290111 -0.178068148236707
-0.00727026326888937 0.00580738638446324 -0.0618831110746685 0.179559497429345
-0.0203999445004135 -0.0111059285757864 -0.163142872059403 -0.00515974304186087
-0.0138522026764602 -0.0154819649168514 -0.19956523520654 -0.417116542214795
-0.00414344347774196 -0.0395030883486701 0.317254417777931 -0.54926161068903
0.0114543777717552 -0.0415030253891585 0.828510885535525 0.0567720635712735
-0.0160863501366221 -0.00699333845068744 0.374500831658518 0.844889499573913
-0.000518492848614514 -0.0580383585997812 -0.358718121588689 0.600197288191612
0.0383668432000705 -0.068300242882441 -0.0201741343123579 0.116828485104881
0.0268460083925048 -0.0495879065084198 0.48785694696529 -0.433386709290432
-0.0186307010668067 -0.0256999179125353 -0.0391124186392044 -1.00103771967041
-0.014951474728312 -0.0213594783115838 -0.868707915688759 -0.390845545709072
-0.0287899808927574 -0.0292227037776302 -0.514696212625322 0.535347219782205
-0.029599677284733 -0.000409672305866256 0.136138184694606 0.502482648008113
-0.0138025823784526 -0.00801423076963886 0.249178834103865 0.115078812019205
-0.0146907636109988 -0.00991855375094902 0.0575542024743008 -0.188459970071014
-0.0017282172348606 0.000553552573700523 -0.0581999166049531 0.173307695527984
-0.0293761304444105 -0.019297603405282 -0.161123635636541 -0.0365556033018599
-0.0180034706840399 -0.0212836712052388 -0.168077343463762 -0.450719068354702
0.000440851681142815 -0.0444304774736013 0.380571489546712 -0.515351381294377
0.0136292046690895 -0.0379779090722906 0.825330528930837 0.162886004235502
-0.0178109397699556 -0.00975162144070488 0.274002026608436 0.890745425589455
0.00752902900105801 -0.0645261067101891 -0.403041094926829 0.563966714596613
0.0464050842935398 -0.0717028001639075 0.000494287903827021 0.0954687112379556
0.0266560589028517 -0.0520320630431374 0.457464096188268 -0.480153838828897
-0.0212865288773549 -0.0230715874557818 -0.156904357193356 -0.976339897381663
-0.0190929766681751 -0.0194766497988755 -0.899042939827281 -0.271651625048458
-0.0303503048251514 -0.0241011777249338 -0.440645094298784 0.589041942562256
-0.029780827432627 0.00167177098197346 0.183350441329808 0.483090461813801
-0.0140900720216527 -0.00958344387154121 0.25180942317339 0.0903631306000507
-0.0109323373915479 -0.0117854392018812 0.0555746445752595 -0.197882559318987
0.00173401105374566 -0.00048860012116933 -0.0520578238771782 0.165953049553782
-0.0310015802749915 -0.0204910552849885 -0.16235267236365 -0.0599821978880456
-0.016844866212214 -0.0227182780644039 -0.127816756771112 -0.468458304405547
0.0049481944757768 -0.0437279930837109 0.446407710745272 -0.465746768496377
0.0189071337658175 -0.0326594228760572 0.807189391217556 0.273806735818945
-0.0159751857214462 -0.00803726045948331 0.164270872431868 0.931946498709343
0.0125634659237274 -0.0608566081955836 -0.444562252394539 0.52468100939783
0.0462334990725333 -0.0679896924500863 0.0244636595120294 0.0736344344885796
0.0231815600174018 -0.0464352933037213 0.423423356632048 -0.528217218112857
-0.0211100378313261 -0.0165465539748991 -0.274375406926794 -0.941512411871895
-0.019812919533776 -0.0155891507274161 -0.912251883031559 -0.149244481651797
-0.0330093482523071 -0.0176211323556628 -0.362064674269808 0.636413321754838
-0.0295208292662686 0.00701969147065423 0.230430547529445 0.459219518815063
-0.0116199074546276 -0.0096235611068388 0.250337532877962 0.0620091468397519
-0.00525968758573022 -0.0114906519596988 0.0535277481453663 -0.209798045488155
0.00657975784586737 0.000918147742319186 -0.0487781884883714 0.158047270399653
-0.0293501982294564 -0.0197019027523527 -0.163161810805707 -0.0829105184446476
-0.0136258937559495 -0.0223861390859921 -0.0906369151703025 -0.481570054375903
0.00810605366113185 -0.0419909427431175 0.500790766879225 -0.408219662544817
0.0264586442074256 -0.0237186506540864 0.775428270372221 0.378866479787418
-0.0122460018085026 0.000467826701602964 0.0519906973680534 0.953264065493356
0.0118319503297744 -0.0489210849968374 -0.477915899520014 0.48325353483703
0.0357925696134885 -0.0565985305822692 0.0488969224058707 0.0516328371448199
0.0179991743389791 -0.0321430191752332 0.385364279993772 -0.568540526374194
-0.0151887843554065 -0.0058408179088699 -0.373490069787083 -0.894283221675746
-0.0196535132477005 -0.0120713847822463 -0.912668897220117 -0.0347159991328965
-0.0347433795980199 -0.00929435993867018 -0.283806963943097 0.667491499374286
-0.0271591334968384 0.0114629049970066 0.267281145686449 0.429871625099882
-0.00858692080899032 -0.00820833416419134 0.246828438885119 0.0369394319718715
-0.000630798372541635 -0.00842507120583044 0.0535773143308015 -0.220142701628423
0.0102365992680228 0.00402192989633796 -0.04428246805935 0.152204876152528
-0.0247270309914341 -0.0162237804395033 -0.163621218048321 -0.100769108852522
-0.0114319429429729 -0.0205187928531906 -0.0678351695788227 -0.487203062754323
0.00977257300491871 -0.0388032957085881 0.532006201928543 -0.368079770804343
0.0354079288442956 -0.0153745140733634 0.747152546590029 0.444959160659241
-0.00704688909794452 0.0165495447000771 -0.0209834774749892 0.968202295301286
-0.00108763814932948 -0.0280724978305163 -0.493732171298643 0.455848975370837
0.0173860779404136 -0.0394180582437127 0.0658235853447115 0.0370381416249929
0.0118930761761409 -0.0114751331129675 0.358418358654298 -0.596000071970121
-0.00423250522627967 0.00478541140514554 -0.434852908241846 -0.859621719751962
-0.0139689613794287 -0.00945501101109598 -0.904086640224755 0.0404454265071046
-0.0354489229783649 -0.00288499596815038 -0.234696413842734 0.682609564714195
-0.0240855650544743 0.0158401943569517 0.288511547862098 0.410239051075806
-0.00312057655924659 -0.00616560832816246 0.241874260534209 0.0190655898375697
0.00312177447482215 -0.00274195993221052 0.0542328878479395 -0.22895153844455
0.0133515114687935 0.0089932501319791 -0.0403304238698846 0.150485385310618
-0.0203731358091952 -0.00994332877680563 -0.163389142976971 -0.105895339443269
-0.00933994965480431 -0.0160698974578044 -0.0610209244521836 -0.48746577570177
0.00932228640553872 -0.0353204970158913 0.54181003663009 -0.353157599467759
0.0434107399635995 -0.00755764887446792 0.738558860855038 0.470585238695354
-0.0035203196478376 0.0356718969215617 -0.0441163085407062 0.971421404409762
-0.0196025668587981 -0.00453315697360793 -0.49767596962069 0.447823780257986
-0.00603251587791747 -0.0181073418112929 0.0737324537154182 0.0315659434675372
0.0069116030412285 0.012675175085782 0.350851394987093 -0.605279235535509
0.00867672296190176 0.0152133599423174 -0.454760314591376 -0.84777590390353
-0.00682005741833764 -0.00788668041284819 -0.900100369263415 0.0647579628598281
-0.036036931376622 0.000582415027049364 -0.218694646464215 0.688400703140266
-0.0198647782818286 0.0178693037979613 0.293385165590083 0.404289476955124
0.00261809879053 -0.000526949402900035 0.238794897896194 0.0124621038155477
0.00752100321082436 0.00424430914380729 0.0557492934828962 -0.234408403740007
0.0150054267545139 0.0140734478028279 -0.0379259158528499 0.150587587777003
-0.013911225514974 -0.00321384774278239 -0.165956544892446 -0.106584744919787
-0.00912972157738817 -0.0110630441625537 -0.0735617004623003 -0.488388270231882
0.00763583872475534 -0.0320710607943371 0.528838976496267 -0.368194801021183
0.0504346940995124 -0.00325864820935558 0.749117186370373 0.447949008212851
0.00153549628780849 0.0548639518535706 -0.0149479392892278 0.973602344477424
-0.0380769555063585 0.0199262758885139 -0.487621473739457 0.459497900492097
-0.0309467703488265 0.00325239691091714 0.069831574359647 0.0358958891751759
0.000135886614912015 0.0370766704454586 0.360457317511559 -0.599287663859328
0.0201540889372123 0.0261905608105404 -0.432977626218193 -0.859094217457006
0.00134150926367254 -0.00603669931124198 -0.907410747763257 0.0400010910576249
-0.0356244127165378 0.00374656282440071 -0.240271075463574 0.681940194083347
-0.0166176615660896 0.0182242112950571 0.283728357609253 0.412796253217106
0.00787921529350487 0.00465391213409785 0.237413240519654 0.0174314974681935
0.00832921094058828 0.0108474587985574 0.0565823528693337 -0.234823734100559
-0.00792280975520313 0.00961350297465732 -0.0629380327223159 0.183687527216891
-0.0146956093341536 -0.00648695857357647 -0.160870295603244 0.0124947330895829
-0.0111087976617239 -0.011212330406643 -0.231938418695301 -0.394116981247446
-0.00696475303315952 -0.0368581072686791 0.248181551500009 -0.574957196466595
0.0116243468973457 -0.0432309270269184 0.818989714590389 -0.0326971810770273
-0.00789858543843692 -0.00242491002814038 0.456877054285485 0.790237146293402
-0.00746332957902127 -0.0445565108642125 -0.310015456661282 0.623024446944833
0.022001373555778 -0.059032034014815 -0.0328329868964884 0.132533498793346
0.0217194918309108 -0.0397831497829298 0.500173095291908 -0.393990666238266
-0.012501566035661 -0.0195201567451761 0.0491789448141014 -1.00238473938189
-0.0102658000143377 -0.0199401249481011 -0.834708056227859 -0.471449562277305
-0.0278102412445787 -0.03027570398564 -0.570201557598844 0.486448551429049
-0.0277449253275393 -0.000576448371420308 0.0999570468726218 0.510188978469462
-0.0122772530277953 -0.00127242848207567 0.247736201844298 0.130653749999119
-0.0182254503917299 -0.00455713451477921 0.0588510450029105 -0.178037995901181
-0.00695836817349612 0.00551342872501788 -0.0591752575328172 0.179409314984206
-0.0214715174535001 -0.0103290871107537 -0.161668811486474 -0.00391047875760395
-0.0137077260779313 -0.0150527767234923 -0.204982898078722 -0.41450433342318
-0.00439316924421537 -0.0394581504013241 0.307360130983666 -0.550795807935846
0.0108249310875199 -0.0419854258194591 0.823240976814526 0.0483500307527215
-0.0158549061505198 -0.00656649963660226 0.383796437766354 0.836652933306012
-0.00128182076521085 -0.0584255687861934 -0.349823335793602 0.600560210374035
0.0366994585236851 -0.0681232186728889 -0.018919122719164 0.116260399212966
0.0253310843516929 -0.0503619663033981 0.481341871136627 -0.435078744984678
-0.0188596243386293 -0.0247360056344254 -0.0512209568482611 -0.995530009066479
-0.015025216809136 -0.0207967794982996 -0.868684927892778 -0.379871829265158
-0.0287803097956723 -0.0282917133159012 -0.506479254449642 0.537594160406609
-0.0292451077512514 -0.000518401621750484 0.141088778699015 0.498243715555823
-0.014022155681453 -0.00681051243778448 0.249759275230216 0.111820717037599
-0.0155786814366861 -0.00941700133471961 0.0550675033749854 -0.188463408105862
-0.00181262905555593 -0.000237116096052286 -0.0557392475298843 0.173343222975904
-0.0305428097193391 -0.0186437281953444 -0.1611083384789 -0.0355032925785363
-0.0179362351576001 -0.0210417153169038 -0.174799219075248 -0.446577280936367
0.000516945774344038 -0.0443128894716089 0.371769260011091 -0.517273798991664
0.0137255145679184 -0.0368136038595986 0.823676627912609 0.152268448938255
-0.0184980219874498 -0.00946796134881941 0.283795550780761 0.883727360951879
0.00642907052282229 -0.0640311527590142 -0.396095567443302 0.565361862614031
0.0444248220736561 -0.0719427283856476 0.00213330370143645 0.0949290091040197
0.0255426415862157 -0.0522124452382861 0.450300387818935 -0.48265008083585
-0.0212783539162267 -0.0232569167359556 -0.168312406348301 -0.971124745098266
-0.0189504095128952 -0.0184633128103654 -0.896866461746346 -0.259389250961391
-0.0308079748126199 -0.0235290050897749 -0.431903327293721 0.591367679973952
-0.0293663548098753 0.0030038780649299 0.190069628311264 0.477836739402986
-0.0145876844393104 -0.00925003412218082 0.252075482173363 0.0876417657733793
-0.0111281859073152 -0.0116209353852786 0.0529812384005013 -0.198284709126179
0.00239394973121082 -0.000757929435162674 -0.0511885118241132 0.166172365125558
-0.0318055311322756 -0.0201056111939649 -0.162454703605315 -0.0592713925167677
-0.0167962656641885 -0.0228779520698387 -0.136254394176596 -0.462516868002305
0.00459122544609351 -0.0441466004958235 0.437002098387723 -0.468670103484636
0.0182533727631844 -0.0320977168175065 0.806346056418657 0.264004468752429
-0.0162752140779442 -0.00780699241095617 0.17155763325889 0.924174871515994
0.0110952531586044 -0.0611022702870159 -0.435578484051839 0.526824777831937
0.0440517945456914 -0.0682385334996287 0.025552004264085 0.0729400328483257
0.0220795355554631 -0.0470022729521062 0.413708168002798 -0.530060154124208
-0.0207081272222184 -0.0163341987838958 -0.283395688876428 -0.933115041296684
-0.0199264003830296 -0.0153303793833924 -0.910559814659088 -0.136897861743207
-0.0333201145616906 -0.0170997688234125 -0.351928157392533 0.636438576913563
-0.0291513715776684 0.00708723993852443 0.235037059600537 0.453548966148203
-0.0119978805696223 -0.00948151364746852 0.25001499015758 0.0595755368590742
-0.00574148100871886 -0.0109899222468112 0.0505864135092338 -0.209803310010207
0.00608530482197734 -4.70589419457109E-05 -0.0468210644212795 0.157535697044959
-0.0303037404883368 -0.019357906538952 -0.162853522005953 -0.0818433541155131
-0.0141806670797167 -0.0225957919225476 -0.0970642833465776 -0.475513986767176
0.00760896961883383 -0.0420927820009066 0.492638124695307 -0.41246338911182
0.0266589183291788 -0.0242024091734515 0.775686631583955 0.366743707821699
-0.0121282206040694 0.000313053636485506 0.0642040879014617 0.947612094488761
0.0103372061590302 -0.049605149373304 -0.468801764650709 0.4853637616655
0.0354500084048777 -0.0570637882519746 0.0491114660672799 0.0510027078421199
0.016845483181435 -0.0331555394283014 0.377370812335937 -0.570459198552916
-0.0149843666323101 -0.00690474735134418 -0.382188783518353 -0.885385394499943
-0.0187802353408031 -0.0115448891414734 -0.907865029299063 -0.0224078707173974
-0.0343644749729258 -0.00898659832152221 -0.271643157117674 0.666663990931582
-0.0268550524108406 0.0120039313571762 0.272413804279227 0.424199576374519
-0.00948650768253417 -0.0079536825122616 0.247239724119978 0.0344247683539117
-0.0014136883207948 -0.00814597705347836 0.0501833017912922 -0.219326948118803
0.0098817777307181 0.00353531250096641 -0.0420266755433467 0.152377741699875
-0.0265007968925648 -0.0158158060671998 -0.16378932716431 -0.0980234040672893
-0.0118447216395797 -0.0197962611997253 -0.0734967748743552 -0.481894973521146
0.00960045965466398 -0.0388308361683564 0.525937370435827 -0.372847351286596
0.0348222221480521 -0.015413947556657 0.751122493143785 0.433483396785768
-0.00712283515283848 0.0163755575998517 -0.00941685947698406 0.960697956829392
-0.00165749764116352 -0.0292168807869806 -0.484967981735233 0.45960166301614
0.0171157423040268 -0.0397121852401839 0.0660467155945006 0.0366012937082059
0.0114219811397299 -0.0124181750275053 0.350503414188944 -0.598102328430769
-0.0041949800031899 0.00454062098176608 -0.442751120660257 -0.851530143701033
-0.0135712154069741 -0.00893085377555105 -0.899040271599296 0.0494835899521498
-0.0355141660975591 -0.001626729706776 -0.222026227656901 0.682323530262392
-0.0239432184795442 0.0154050195024453 0.292687726976159 0.40628668371776
-0.00398189680570718 -0.0054956190505706 0.241552264113788 0.0172662934807824
0.00346067904074858 -0.00241197987416583 0.0502702497317502 -0.229427103698137
0.0130492392854424 0.00870444313573335 -0.0388097832700902 0.15107893670006
-0.0205070287717797 -0.00993578907395091 -0.164675964942336 -0.105322563032412
-0.0107865575010514 -0.0160219626914143 -0.068729015438464 -0.483620857403545
0.00907500350125144 -0.0351644854396167 0.535327157944048 -0.356629451606798
0.0441391485986391 -0.00803728163348093 0.741972752357327 0.46020803161342
-0.00385983880040372 0.03627830744905 -0.0312274637331225 0.964992074111918
-0.0197654880542592 -0.00480111139051104 -0.489573002436331 0.450881612373677
-0.00617236481666868 -0.0187966474658984 0.0733271070260482 0.0312307933537262
0.00714554200715088 0.0123564480467122 0.34105582352475 -0.607021130777952
0.00884672725992178 0.0142959559997708 -0.463739917114271 -0.837023480770026
-0.00613823923878546 -0.00661867975327758 -0.895417820634702 0.0760046085606357
-0.0356838248046372 0.00181971758660596 -0.210508655196072 0.686726704729173
-0.0199732112748946 0.0180078036142347 0.298086596882427 0.399156326218234
0.0018318194972259 -0.00128729147323797 0.237397719499723 0.0103801795250699
0.00686063401526509 0.00406053125220664 0.0522567409170677 -0.233951753473291
0.0148228832984636 0.0130127136796527 -0.0358336790012373 0.149808671339515
-0.014998023983434 -0.00280148361171759 -0.166367513666304 -0.104268371661179
-0.00915983241809067 -0.0107994367229896 -0.0802459550903447 -0.483374656132753
0.00685868775137726 -0.0316105480762889 0.521728929469523 -0.371663736278598
0.0501129349964499 -0.00421939816467681 0.750921582383078 0.436880419266718
0.00229289189353633 0.054759867024301 -0.00370829552661582 0.968919768967292
-0.0378976474842217 0.0208349904909877 -0.479520345762678 0.463060465291417
-0.0313599082782842 0.00360835776780871 0.0704122548860884 0.0350094054558583
0.000981644413900199 0.0360638401209012 0.350921433901843 -0.600015527646533
0.0210320302289605 0.0254661741835627 -0.443550564786197 -0.850261932126007
0.000957470503918242 -0.00628625253937707 -0.901991432529108 0.0496620108373629
-0.035284553136152 0.0042532764925949 -0.230146975331422 0.680583617011554
-0.0164721516682362 0.0187792371088929 0.287813196117991 0.406981880776262
0.00778894979119294 0.00445387744858994 0.237453796253721 0.0158475757864456
0.00857238647345774 0.0110517547304241 0.0545518625433734 -0.234230182838175
-0.00765571800333507 0.00915988715811019 -0.0603973192015046 0.183960700206904
-0.0151875578655048 -0.00677462784342047 -0.158508771419853 0.0132188383746248
-0.0114125947172794 -0.0122568455056669 -0.237112068979799 -0.38806340511962
-0.00704870555962429 -0.0367885026503247 0.241424940283053 -0.574353496074395
0.0112501186075178 -0.043796397922297 0.812649230859951 -0.0401060014416294
-0.008525525353782 -0.00214470990439467 0.46238432902315 0.781237526612463
-0.00779192883526837 -0.0443426514049109 -0.301297510862799 0.622835924412187
0.0212259966769117 -0.0591108338755999 -0.0323683139222766 0.131976511077727
0.0209481317482531 -0.040434845266316 0.494992828215257 -0.397011662047756
-0.0127598251125319 -0.0195164536661661 0.0388777771278461 -0.999925558384182
-0.0105952993484772 -0.0196542679778241 -0.838249153645777 -0.461956956979159
-0.0280618010291533 -0.029061148132707 -0.559228451355961 0.489149733342452
-0.0278046891381709 -0.00029467571757967 0.105240639733678 0.507438892567846
-0.012482151326695 -0.00169129749634055 0.248171493253808 0.128017037479309
-0.018792085293011 -0.00427508765753199 0.0565676933900492 -0.178138261633926
-0.00636912604560703 0.005203989263305 -0.0572338485173042 0.179286122519311
-0.0216970801103039 -0.010653338870317 -0.160866637782164 -0.0039303029476904
-0.013201787197104 -0.0154729012610961 -0.208296552553132 -0.409771378765874
-0.0050527307767258 -0.0395640934512128 0.29950885827204 -0.551173356083288
0.0106052148656983 -0.0413934193147841 0.821031108097621 0.0384780775879557
-0.0164728685516391 -0.00608235340204335 0.392044082295836 0.826793154259615
-0.00184775750751521 -0.058634537959786 -0.340540780409326 0.601942903055625
0.0355479837105165 -0.0684710647739972 -0.0173958401766493 0.116339993960633
0.0249436095584349 -0.050474918349076 0.47400961200008 -0.437974364844024
-0.0183995965351634 -0.0251059449620629 -0.0607690266608654 -0.991226164411353
-0.0154894507173873 -0.0201698761728013 -0.868493820816625 -0.367903511808446
-0.0286141529813065 -0.0274541511651367 -0.497070915302729 0.541875104874486
-0.0288495440499564 0.000290987816020234 0.146426048886069 0.492837926240229
-0.0141068401614292 -0.00717054073870643 0.250134157480889 0.109274533057205
-0.0158837907740039 -0.00913005981255655 0.0527328094371779 -0.187752164782883
-0.0017126959704168 -0.00113879865661201 -0.0530945521830683 0.172543868297414
-0.0312250410179625 -0.018064128342276 -0.160967274243137 -0.0348265254621345
-0.0187178998780422 -0.0214848698099525 -0.179505292503721 -0.441297878767513
-0.000409146719362578 -0.0440281560829788 0.363753198049694 -0.517949154433326
0.0128852186218946 -0.0372809947982767 0.820633948507533 0.144315328409437
-0.0184023730185435 -0.00860853117939181 0.292226199411781 0.873443281964934
0.00548527966119845 -0.0645247848886891 -0.385904341877426 0.565162984249762
0.0428247474110731 -0.0722973698122931 0.00277493559058509 0.0948142605809015
0.025071920161322 -0.0525835944365812 0.442921979400226 -0.483313713595201
-0.0209358733147006 -0.0226744934114562 -0.177835706539964 -0.966052179937645
-0.0192463709549534 -0.0181951114272602 -0.896148991187461 -0.248529910037742
-0.031497174959587 -0.0229779665673619 -0.421505181638785 0.594792314813153
-0.0293622194059188 0.00267638876817963 0.194603005367048 0.473799284116068
-0.0143486837214781 -0.00994194357281232 0.25146370024797 0.0843929746404048
-0.0119903673904859 -0.0111558330947037 0.0514431815644967 -0.197516657406381
0.00243353585235278 -0.00188311617672624 -0.0482949306172566 0.165380158890617
-0.0327365246311606 -0.0199225060969861 -0.161827644898239 -0.0581890023909352
-0.0170671415701985 -0.0231148511646089 -0.142586729966607 -0.459244731056004
0.00328497006452748 -0.0440439307273222 0.427861216932546 -0.470189660883299
0.0185339573599319 -0.0315737802033631 0.804956299624383 0.253045038679325
-0.0166710742281686 -0.00761384446413551 0.182579517597413 0.91754257475379
0.010273889235098 -0.061400307536766 -0.426338491847871 0.528522184185909
0.0431062962975108 -0.0684199220290854 0.0255800065519449 0.072650488335766
0.0215653670332967 -0.0475825981334213 0.404994754106653 -0.531354399555212
-0.0206531121696743 -0.0164159055969879 -0.291875998537081 -0.927922176458804
-0.0205626512783882 -0.0146478989817825 -0.907161486736391 -0.124952038841917
-0.0333579598530227 -0.0164080321885735 -0.341765991263193 0.6360747197197
-0.0286622736727697 0.0073645640059192 0.24005019910929 0.447726142051284
-0.0127340643651191 -0.0101383508150373 0.250161626532831 0.0576560652165297
-0.00667830213100877 -0.0104475520301566 0.0482690907789875 -0.209008239870707
0.00550531930458814 -0.000603054715738466 -0.0447680420701786 0.157393527913091
-0.0306421244547916 -0.0189824783343152 -0.163376868692932 -0.0813337325672963
-0.0144724789249486 -0.0226267620604135 -0.103077156930666 -0.472661254236901
0.00744805185547471 -0.0423408834573426 0.486073233074495 -0.414772373708857
0.0258672926411411 -0.0238829694252731 0.77675358432115 0.357501076050837
-0.0121794876985608 0.0004990579943883 0.0745195766756251 0.941634139124267
0.00941582646426442 -0.0500948507164762 -0.461296588354553 0.487361262314152
0.0347045866915225 -0.0576332696790315 0.0491660670781148 0.0503538512672441
0.0157580228069514 -0.0341027630363191 0.370916527200313 -0.57129148514945
-0.0144314284001834 -0.00637757751325084 -0.390185619365706 -0.878953928569691
-0.0188054708229371 -0.0108409154125044 -0.903218413957838 -0.0124922699734639
-0.0348164764236658 -0.00904158356776345 -0.264139994991575 0.665556307396332
-0.0260979648614639 0.0118027469617324 0.275035200355089 0.419891453121533
-0.00916149791111554 -0.00792836784305253 0.246658107928746 0.032222292255268
-0.0010250781371842 -0.00738427072789801 0.0479569411987415 -0.219535871185187
0.0098735553348228 0.00348289135900811 -0.0400171073438159 0.152219782120557
-0.0269503603470255 -0.0150658935835551 -0.163965947089298 -0.0970638625842512
-0.0122451434852071 -0.0201057152204892 -0.08045051855351 -0.477674488626688
0.00850663581454414 -0.0392648125787625 0.51792899878547 -0.37704504210411
0.0352032449850324 -0.0155775746628114 0.749639886080788 0.424018446224489
-0.00755847458121675 0.0162348474950958 0.00200904869557333 0.957058600498865
-0.00208996042630664 -0.0290827839780189 -0.478019662324246 0.458777611556699
0.016132135707609 -0.0401041584058886 0.0654807100620709 0.0354567858058147
0.011557990573766 -0.012468335588304 0.342083871800089 -0.597375555618326
-0.00456713430752322 0.0039767349731438 -0.449911689005318 -0.842272398219005
-0.0141764263914394 -0.00818757319443333 -0.894282042253877 0.0595254737066582
-0.0351929510901834 -0.00200396529757246 -0.213779737589942 0.681606610520269
-0.0230653066487075 0.0158806331990752 0.295566791902024 0.400346091271887
-0.00450850014124965 -0.00525475735848232 0.240834250778395 0.0148719875512398
0.00297455933625845 -0.00203916341745982 0.0479056230076227 -0.228288182605327
0.0130016136216848 0.00719302372799735 -0.0359699588854877 0.149737598655471
-0.0217006846035284 -0.00917728799434398 -0.165295815109793 -0.103968539890887
-0.0105945518868618 -0.0155372124991292 -0.0753673135647716 -0.479759219521317
0.00822981045146175 -0.0354653369263287 0.527484308371526 -0.358607872615448
0.0433075855046946 -0.00861234862936913 0.740158611554307 0.449328171304041
-0.00292118553006125 0.0357949670699704 -0.0190920170279657 0.96043231420219
-0.0194669105712782 -0.00502959643073678 -0.481865980266933 0.452464959161286
-0.00682754595742808 -0.0179648555440432 0.0728814265403662 0.0304900850218229
0.00744342791616459 0.0120362789582884 0.333849317060735 -0.606315353544742
0.00932859418886282 0.0145021051379513 -0.470608118981364 -0.828741803820058
-0.00712857966175269 -0.00667657738727655 -0.891288318435427 0.0860165586702173
-0.0357551301360879 0.00270311140059095 -0.198893401671836 0.685512387450874
-0.0201032401159771 0.0176910229767032 0.301251664314734 0.39409870812365
0.00146619168461654 -0.00153181153333043 0.237368837417857 0.00801714190885811
0.00703886763560438 0.00405405438922331 0.0494266962441072 -0.233497201976756
0.0147347882052419 0.0121661941922739 -0.0337707257218567 0.149628732632651
-0.0152622553216354 -0.00189700100126786 -0.166944053031193 -0.102823003576412
-0.00979804805629272 -0.0112382792565245 -0.0875815820479232 -0.479104759704512
0.00570184167870582 -0.0318386575180395 0.514544313264823 -0.374919288946398
0.0506813627124359 -0.0044168236923526 0.751948435656242 0.425571150397037
0.00282139716906757 0.054479112793171 0.00821102005464442 0.962472713911093
-0.037112494969122 0.0202524663397248 -0.472223857320504 0.464332515958898
-0.0317512699413962 0.00306628497031295 0.0698434079776585 0.0344664164186376
0.000762459450726789 0.0357058754613907 0.344445071461725 -0.600659852639729
0.0211609237647144 0.0244039223710852 -0.448128727206506 -0.842893447249948
0.000818325451390586 -0.00608506216807806 -0.897058270821697 0.0609705041149936
-0.0349334951229187 0.00462845160541007 -0.220782408765047 0.679033337922033
-0.016391446700232 0.0186995886713962 0.291823416019439 0.400574981904155
0.00714842794157125 0.00358125661287826 0.23616885917254 0.0137256165389067
0.00827107139590915 0.0114087524793081 0.0512392569885883 -0.233867092316251
-0.00749993458832917 0.00884120114489154 -0.0584174415803047 0.184233409261782
-0.0160166171600636 -0.00671056607315567 -0.157538738713935 0.0135019080175216
-0.0117749336870246 -0.0120903579198568 -0.240347035532195 -0.383544731330161
-0.00723775762454665 -0.0368320090152049 0.233821131995622 -0.574226617024966
0.010494267387536 -0.043324504149795 0.80863651038165 -0.0485161565300697
-0.00860479438046147 -0.00263721000186472 0.467755918118977 0.770187193320414
-0.00880758513043288 -0.0443893880751893 -0.293758742810339 0.621804094456843
0.0201693027497921 -0.0587090112610146 -0.0308611601179558 0.131452983078199
0.0196246940563928 -0.0403963625976532 0.487122454973966 -0.398778317400161
-0.0122049814758354 -0.0199061224095749 0.0290353770773967 -0.99375584252313
-0.0107745118235016 -0.0191075066737944 -0.836597793479817 -0.448608963319842
-0.0276527193838309 -0.0287512056960152 -0.552119832737386 0.49184807772286
-0.0274636775821472 -0.000487866016189643 0.110220119037089 0.50430519213434
-0.0127192277040011 -0.00139332268841642 0.248799148753348 0.125264806754732
-0.0189949970702162 -0.00378244853223299 0.0546715368704888 -0.176997990307514
-0.00589345461891476 0.00518957008445362 -0.0548065467051519 0.178928419260263
-0.0223659896184184 -0.0103052429226746 -0.159256624286024 -0.00356844932565438
-0.0139669316356361 -0.0152405645134194 -0.212160345188874 -0.404959218544055
-0.00493651519090633 -0.0396417890798121 0.293323289790583 -0.550375158612171
0.00966546390890568 -0.0413914731779604 0.816107605515295 0.0304111035946374
-0.0170342582730536 -0.00566793567624382 0.397017546963626 0.817970323036929
-0.00279137406430577 -0.0588182941950605 -0.332608640944022 0.601316832565653
0.0344836073736063 -0.0686844214327619 -0.0165208047355203 0.115618203676831
0.0243244699204857 -0.0500376908534575 0.465907058780309 -0.439286943792021
-0.0187172959842615 -0.024739877986392 -0.0690186160114465 -0.986537486590451
-0.0152882608589587 -0.0193690960052242 -0.866548404387617 -0.35864942242199
-0.0290083002199717 -0.0274593682610903 -0.489531106111832 0.542242550164014
-0.0287047851827788 -0.00031668289828617 0.15255605827775 0.488766422044908
-0.0145737934700092 -0.00844191919807714 0.250809826083544 0.10698575151605
-0.0163546683463931 -0.00869741402938049 0.0516683412981774 -0.186890623028165
-0.00126574807346765 -0.000971624235605543 -0.0511768050410918 0.172500783610596
-0.0328499873615383 -0.0179693268149027 -0.160146951582594 -0.0344041585012025
-0.0194893799900371 -0.0206319636517687 -0.184193123915583 -0.434460723917275
-0.00140416560284475 -0.0449619285565366 0.355943987220888 -0.518909028199723
0.0127787172227199 -0.0368898347023514 0.818333056040178 0.132773332161949
-0.0187588413002491 -0.00858747633091714 0.299273733446763 0.866806149193959
0.00504630707455077 -0.0642929769695708 -0.377804134591233 0.564791673697368
0.0417098574374111 -0.0725529103909887 0.00322440685923243 0.0940173392749687
0.0237683767158046 -0.0530026299903981 0.437410181181106 -0.486578608611406
-0.0208788539422978 -0.022889150099357 -0.18326846059538 -0.959236755904871
-0.0193196968937387 -0.0175555920354072 -0.892961470055674 -0.239150972920878
-0.0316102186957797 -0.0228808601980653 -0.413305640121767 0.593607077996195
-0.0292058097831814 0.00276378174803704 0.195737170926095 0.469818605034238
-0.0141398776647734 -0.0104909347814847 0.251912330914646 0.0823315295227283
-0.0124280627911829 -0.0110512899156398 0.0492307896388014 -0.196508987100253
0.00246327713488167 -0.00206799847257302 -0.0471315750402625 0.164087488040161
-0.0326918766117262 -0.0191899265765982 -0.16061051357765 -0.0581741488146262
-0.0180549573602914 -0.0229222176873589 -0.147780562905861 -0.455422673542702
0.00288850522441181 -0.044413988130808 0.423388186973916 -0.4713075718607
0.0182398020432188 -0.0311357609037722 0.803322810677426 0.244910823375292
-0.0164053957720098 -0.00738952795933148 0.190294311882124 0.909797900741683
0.00967768569846867 -0.061719910047986 -0.417934114766941 0.528744439605025
0.0417446868557642 -0.0687303002574523 0.0264833656756146 0.0717087866679627
0.0207769696645147 -0.0477966861004139 0.399362047857478 -0.531804920376896
-0.0204515625223447 -0.015826424459471 -0.297700967749193 -0.92000269027734
-0.020507043165984 -0.0144183586852164 -0.902163068310886 -0.116111267103424
-0.0342903750434879 -0.0154655269653425 -0.334322013850039 0.635369837458934
-0.0279636051581902 0.00670833054982347 0.242964443759835 0.443832393466234
-0.0138451180614702 -0.0104749227000803 0.249625682808159 0.0558923439806759
-0.00732731859812178 -0.0103348291484308 0.0460179407719606 -0.208732124499194
0.00541969122392474 -0.00132035267340967 -0.0436393581806805 0.1562447966659
-0.0319356810478156 -0.0181734950091338 -0.163841250477804 -0.0796253213902239
-0.0151293149225503 -0.0224428185758199 -0.108934551055087 -0.4671316277564
0.00694667890956738 -0.0427113451891767 0.478200031910618 -0.417259443070846
0.0256707418709872 -0.0241101626328601 0.775194997457496 0.347153208099466
-0.0122671122964652 0.000825215999069338 0.0836290515992504 0.935046954884048
0.00838063369558974 -0.0504531878563694 -0.453153709039807 0.488030001790033
0.0333354546305973 -0.0578054536889616 0.0488599835955978 0.0501444366773695
0.0154275033033018 -0.0342025190345731 0.362222023795776 -0.571759450832376
-0.0138791859028927 -0.0067190820612606 -0.396019392405443 -0.868171887172301
-0.0188898715361937 -0.0104724302689775 -0.898739784270509 -0.00382236866589031
-0.0345085981672365 -0.0083494981502625 -0.256329151011756 0.665737056757711
-0.0260381387759643 0.0129033755343229 0.278926669493717 0.415792826843503
-0.0100010389065735 -0.00870420546982495 0.246104004672818 0.0305519272588814
-0.00209234108340044 -0.00734342149399078 0.0450937734622721 -0.21825328401565
0.00971365976053085 0.00268538849437359 -0.0385673316184405 0.151069359746707
-0.0278825291244042 -0.0148426306041346 -0.163238736954839 -0.0945291437346539
-0.0130232369043668 -0.0197648382492488 -0.085820098334267 -0.475244943839649
0.00774424146076387 -0.0395535916306072 0.511371797233521 -0.379017869048642
0.0348005453454749 -0.0155299179364469 0.749822632066929 0.413825313449043
-0.00734039821537412 0.0162730568449854 0.0103412695063111 0.950920911572558
-0.00236993561239703 -0.0300747261499936 -0.470504151021322 0.462513074719403
0.0148460657072903 -0.039780799908926 0.0651318685865387 0.0352818839423139
0.0105332267243909 -0.0128849019029122 0.333844466678935 -0.598456542979116
-0.00301747342662954 0.00384151209343226 -0.456035643019809 -0.832601996363477
-0.0134272458894072 -0.007859280983515 -0.891196653988084 0.0683336748067788
-0.0353054627413183 -0.000817182062946849 -0.204875581667328 0.679125794442268
-0.022773824306906 0.015352883535976 0.29853629284461 0.395214418049156
-0.00477408200438928 -0.00607583808031961 0.240768207346361 0.0131125665222625
0.00287014308790837 -0.00166623258423726 0.0451156180305226 -0.22735520815231
0.0126727662633484 0.00624190496190543 -0.0346396506251313 0.149193649470797
-0.0221302374085795 -0.00891942354104043 -0.165402118923744 -0.102561291548499
-0.0106251803594446 -0.0151507927829507 -0.0808626345971991 -0.475310562241196
0.00726773657792916 -0.035498423367813 0.520410913606389 -0.363080291294676
0.0433435538824148 -0.00793560852597162 0.741016900806979 0.439655879627056
-0.00257735382006187 0.0362688960434378 -0.0123517909014203 0.954911557997831
-0.0200851200966791 -0.00429317499945468 -0.474752617935986 0.4540299699893
-0.00733768188680519 -0.0183537791131092 0.0732268228177036 0.0298864667870227
0.00670860182363905 0.0113540466472673 0.326151176137936 -0.605588859835227
0.00874660938613523 0.0138713035322947 -0.47498144886256 -0.820218383579814
-0.0077016785262897 -0.007006694412182 -0.884654453687109 0.0949649575491018
-0.035213230955122 0.0031738839289826 -0.190461802802961 0.684132318796432
-0.0194354087466454 0.0182936148950534 0.303534601444922 0.388967400308156
0.000790445474486882 -0.00189269637552063 0.236487308369859 0.00639818110365757
0.00645573360439842 0.00441672177168243 0.0463251608105225 -0.233411616582295
0.0141366937012936 0.0116344714978058 -0.0323089025363844 0.1484807052719
-0.0153233111222943 -0.0018023420935957 -0.168220808592271 -0.102402652146229
-0.0105810243314206 -0.01088853690618 -0.0930204580404491 -0.473794815798879
0.00541172538541427 -0.0321416077415782 0.50788835470524 -0.376890325615841
0.0503316486725949 -0.00464251116886688 0.752619255766825 0.417837937355661
0.00389589672744694 0.0545185823884364 0.016097923062479 0.955711089810738
-0.0375218509597238 0.0200056139578388 -0.463658994956783 0.466063502878941
-0.0316777047853473 0.0030663424626324 0.0696621079102474 0.0342220385404191
0.000821604599592048 0.0346405161712048 0.336345195729567 -0.600655032851232
0.0211066742165865 0.0241013121881667 -0.45317095725124 -0.833330173964809
0.00157132365235561 -0.00564885570661226 -0.891606136992333 0.0670857688138531
-0.0352789478380236 0.0048899267686085 -0.213623341797615 0.677367849771566
-0.0163750376580815 0.0184392113997643 0.294457193532124 0.398006139716182
0.00691843547459709 0.00403608195320237 0.235790762529706 0.0114998632299404
0.0082794888348265 0.0112274638737775 0.0486639277170325 -0.232640388456899
-0.00685799958946526 0.00840907995248119 -0.0568113402312239 0.183782981335298
-0.0160842370381922 -0.0066178875106834 -0.155762748389781 0.0128788528009842
-0.0120521963392246 -0.0129032111705138 -0.24255968814672 -0.37902704852392
-0.00722899108955679 -0.036702073222557 0.226731022215349 -0.571697780779475
0.0101030507824801 -0.0431998465921971 0.807167780283019 -0.0543162684374363
-0.00865726268887414 -0.00289238435187612 0.47288599432459 0.761889687201043
-0.00978474093231443 -0.0445464981902618 -0.286250340612004 0.619041464493517
0.0188121572876624 -0.0591663876728556 -0.0297083554611674 0.130775512890159
0.0191644472597651 -0.0410866849649149 0.481023654478333 -0.400696248155179
-0.012343962510308 -0.0199160227280568 0.0213471734809284 -0.988153333650213
-0.0103815798195482 -0.0182074477473809 -0.837131158921071 -0.441806392217721
-0.0284992827566964 -0.0280357527480992 -0.544168762065657 0.49269788574677
-0.0269334544640656 0.000509957198605796 0.114445604492797 0.500213056167494
-0.0134710112294279 -0.00170904537124892 0.249291889628776 0.123777159246711
-0.0188440605345057 -0.00412672161569422 0.0534620213248736 -0.176874930619733
-0.00589129107875198 0.00432606712495208 -0.0534454571518598 0.17845061513035
-0.0229549680652004 -0.0109063888299675 -0.157160524489401 -0.0032184604194825
-0.0148000459747917 -0.0162531431262174 -0.214121102994158 -0.400830266784534
-0.00502885529123494 -0.0393811105354739 0.285827218359831 -0.550177995582615
0.00892000346271583 -0.0408434337832384 0.814190807829947 0.0243572710627376
-0.0171729234322474 -0.00567747161890837 0.401243609514522 0.810401547619289
-0.00329988871803786 -0.0587362440473548 -0.325085330675369 0.600899648880225
0.0326276301936728 -0.06889586048813 -0.015909010533043 0.115046778835251
0.0233790824798852 -0.0509970218342101 0.459636041704257 -0.439953816816556
-0.0186033396317921 -0.0248345541515841 -0.0772497923832356 -0.978008287199217
-0.0148674932922175 -0.0190671041875633 -0.863754589818771 -0.348777234095539
-0.0295371396918318 -0.026331009603427 -0.480106527084558 0.544907919460767
-0.0284692686169078 0.000136342341979583 0.155445922711611 0.484606143815429
-0.0147625901553439 -0.00811419192838871 0.250735114103082 0.103748294521272
-0.0167353347370153 -0.00781701358543378 0.0494926433551829 -0.186947068516092
-0.00235535650664247 -0.00211273670095194 -0.0494188740376444 0.171529645735304
-0.033324967219044 -0.017465090768187 -0.159645165980503 -0.0347754073213311
-0.0193195060329441 -0.0212106368010372 -0.189705932995933 -0.431317825067371
-0.00150503621937394 -0.0446831441797462 0.348485467242705 -0.518441523823184
0.0120853627591837 -0.0363698346668304 0.815059755183917 0.126366171793703
-0.0191898749540432 -0.00883383714989488 0.30548914272255 0.858245826812849
0.00435319152019526 -0.0644013872499268 -0.372465342168225 0.565470820903726
0.0411707155052999 -0.0724681887383593 0.00379599988316725 0.0934392759590792
0.0234381398539761 -0.0534965616992922 0.429663212374727 -0.484873241001098
-0.0214437416755555 -0.0225769382440732 -0.19071078920729 -0.951197528588997
-0.0187229026984416 -0.0163703237398732 -0.891315368627928 -0.230864291714053
-0.0316908606877777 -0.0222339513221398 -0.404741182953618 0.594461242238786
-0.028638150954014 0.00258365128008222 0.202713733066373 0.464399088918037
-0.0155177517674607 -0.0103074072782985 0.251703862068728 0.0803603000180008
-0.012701463605783 -0.0104636391733851 0.0469779651852297 -0.196264031213876
0.00167338551748086 -0.00235733723246081 -0.0443194404972828 0.163562469825025
-0.0345666097799432 -0.0185549590474125 -0.161079704532405 -0.056387551727836
-0.0181753836755719 -0.0234002981954092 -0.15076760536247 -0.449345082434344
0.00220961603795695 -0.0450087628557826 0.414751684082416 -0.471294680735131
0.0172093786152321 -0.0315304189540763 0.801647892919312 0.236933306946011
-0.0170191048951177 -0.00747417198337139 0.197737748549266 0.901082791023266
0.00886716707557322 -0.0620003887894863 -0.411789858029671 0.528902588662794
0.0400302290745393 -0.0692017630884221 0.0262886058088679 0.0714979032388274
0.0196225503826937 -0.0474515110538756 0.392690691820433 -0.53142975626915
-0.0199985924284312 -0.0162460044604625 -0.302567978512001 -0.912738357412245
-0.0202453875675054 -0.0139559839145626 -0.899944501897698 -0.109553237746748
-0.0335666412095962 -0.0155312226672176 -0.327084716337642 0.635272294796497
-0.0280633466403424 0.00678573152085645 0.24601119270277 0.43810557277611
-0.0141125142424134 -0.0108284116710701 0.249820510652575 0.0537174939310448
-0.00767067660299424 -0.00995677129626728 0.0434069503118061 -0.208439179796361
0.00556394783451289 -0.0018461079805731 -0.0421717960288542 0.155445426661878
-0.0328283235792266 -0.0175973570149462 -0.163118536217445 -0.0789986396269695
-0.0155930315664241 -0.0225277093316915 -0.114723911798701 -0.463702435367599
0.00636642529877127 -0.042642322567744 0.471744521699143 -0.418199759477228
0.025495601751516 -0.0235698987352872 0.773573181482814 0.338543764765462
-0.0119314402490538 0.000612276710619976 0.0895505400822634 0.928325904546335
0.00756603062053341 -0.0498250159093037 -0.446155299401408 0.487954271756293
0.032015280517781 -0.0578503556389879 0.0483392530227814 0.0498324701082661
0.0157686565042644 -0.0337092293545928 0.355342635114168 -0.570862264396096
-0.0139690664635228 -0.00717742822289745 -0.401034867681102 -0.863263633092271
-0.0185674439765642 -0.00985877635686495 -0.892905432802607 0.00278631533832811
-0.0353619328369313 -0.00808194197158287 -0.248357254942099 0.662739584748698
-0.0254382272208663 0.0121786876346499 0.280998503865955 0.409967576108095
-0.0102492340108032 -0.00883138056094626 0.24498801451681 0.0285637819622828
-0.00272557697496027 -0.00717576184806132 0.0425130096075211 -0.217355208479899
0.0100274447538035 0.00206985121347647 -0.0368402175989245 0.150268273835849
-0.0283192286915415 -0.0137979342770019 -0.163429492149815 -0.0946092700012767
-0.0129245286019656 -0.0192994331290715 -0.0914261470003539 -0.469802919157185
0.00731238614824858 -0.0389425561045391 0.505302862574988 -0.38057365121081
0.0348957092587442 -0.0159371102875227 0.748991050691619 0.406559205371891
-0.00663279079309992 0.0164439561375221 0.0169852451350336 0.943606482733525
-0.00297783693665457 -0.0296514888869979 -0.463059651907229 0.461555566643291
0.014231004115368 -0.0408171284804681 0.0650527757046097 0.0343979168196815
0.0105240401066948 -0.0125509269021548 0.327166640803499 -0.596853150148155
-0.00333595969557606 0.0034671703530599 -0.45953257238308 -0.826064761460336
-0.0136954341268376 -0.00716227879818188 -0.882753015825688 0.0743547331170989
-0.0350872779979305 -0.00111786353565672 -0.198803125673933 0.676838695642033
-0.0221977761942221 0.0151672144440379 0.300042042613401 0.390643070398032
-0.00557600763027649 -0.00645541167052482 0.23916200349504 0.0122518336713481
0.00222077103211137 -0.00198146365969803 0.0434124685113059 -0.22648162385244
0.0128037423343358 0.00589395125915441 -0.0329359139273842 0.147707553203296
-0.0231188422644791 -0.00845622599261931 -0.166291599225004 -0.101523273658624
-0.0116441309605011 -0.015039697628641 -0.0852938694024279 -0.471110770585186
0.00752111411625496 -0.0356140044364348 0.514737560225685 -0.364559238802782
0.0433845383089547 -0.00938956809479726 0.739868645721199 0.431185245666076
-0.00186986777056804 0.0349594348106478 -0.00334520054565171 0.950915784109872
-0.0204294769226338 -0.00561988288204442 -0.467479997033504 0.455016646205127
-0.00786815674209516 -0.018194944843151 0.072111811276411 0.0293009387311941
0.00613158510619131 0.0106304955191057 0.320062169503558 -0.605339448890128
0.00965700571003239 0.0134963717033472 -0.479509440495113 -0.813690622691802
-0.00701127344641762 -0.0063431571011055 -0.879011263871544 0.10038776128033
-0.0349498671419249 0.00314691856579049 -0.184099550175897 0.681047571469706
-0.0184980865171783 0.0173307164965815 0.306466504150767 0.384313632395758
-0.00014430118083492 -0.00164697304106749 0.235806273966454 0.00543099891476847
0.00634370135476066 0.00481292580443756 0.0438372131129821 -0.232798020528063
0.0145388070184289 0.0108010368976507 -0.0304968216623269 0.147783716646161
-0.0163518609925561 -0.0011687485355244 -0.167772630616567 -0.100660201902004
-0.0109207108401478 -0.0112501881546481 -0.0974784116545268 -0.470392315767954
0.00505162103685508 -0.0321833159583358 0.502266355175395 -0.37840779719229
0.0502276021126263 -0.00539071714477858 0.75097350963701 0.408756868118575
0.00387211568017968 0.053997462968936 0.0232670629143675 0.950973332827589
-0.0372181965265719 0.0192496119398909 -0.4588747162008 0.466120988470791
-0.031482147494676 0.00275566600340208 0.0696629370192561 0.0338694578605984
0.000977824546864963 0.0346778506398001 0.329158093777639 -0.598683403515569
0.0226051237446641 0.0238780246230065 -0.458863645545044 -0.826028476844092
0.00143420568267934 -0.00518810735716368 -0.88467219054186 0.0760628543823651
-0.0347274847026127 0.00558709598128596 -0.205004088139113 0.676548645020923
-0.0162959984841439 0.0182679910018617 0.295939265462074 0.39069591108597
0.0064065604843587 0.00321049311991801 0.23523543266076 0.0106153723090904
0.00783974336987883 0.0114878292218448 0.0466976904769733 -0.232227832622647
-0.00716797208370681 0.00818897442198997 -0.0546689581815186 0.183147341497082
-0.0170162704704103 -0.00688224760721991 -0.154604779473418 0.0128842522555758
-0.0122737408472807 -0.0128282751172282 -0.245406769667335 -0.375418017890548
-0.00719949079230693 -0.0368625250724117 0.220557804976685 -0.569795802246619
0.0095531301459257 -0.0429862332950127 0.800917324946199 -0.0605846777841664
-0.00940704461528865 -0.00228990010248769 0.475564306323176 0.752651736891502
-0.00965806152132832 -0.0445385757660509 -0.279535229999067 0.617991045639227
0.0179810610408098 -0.0590862551604659 -0.0287738979337382 0.130394012816007
0.0185448987537524 -0.0414826650091135 0.476356808656664 -0.400791111316073
-0.0120466331092423 -0.0198679111751483 0.01431577894818 -0.983826034639378
-0.0110064980139336 -0.018391601933008 -0.83359112703332 -0.433513664541369
-0.0288354901837428 -0.0281247580042836 -0.538335014434731 0.495735517654561
-0.0275264168282596 0.000308066601001722 0.117808467526914 0.495869196649399
-0.0135603530081307 -0.00289288920735974 0.249739706399982 0.122658890909514
-0.0194467488478087 -0.00342658981800492 0.052076187318556 -0.176107070175528
-0.00624813785669237 0.00384348176838839 -0.0516150531133299 0.178273686583874
-0.0229125479545989 -0.0109311007803697 -0.155968442030786 -0.00365994065300849
-0.0142267427272331 -0.0164562724533511 -0.218186122529254 -0.397402082063045
-0.005245098562179 -0.0389309395570839 0.279727738957184 -0.547875411828137
0.0089678453794825 -0.0411271052526333 0.8090999871773 0.0170436845046465
-0.0169024977510615 -0.0053036878627309 0.404543194284911 0.803292064297839
-0.00465277715873074 -0.0588533241744909 -0.319931358607262 0.599050772226692
0.0318846441588829 -0.0688111213015982 -0.0151053130668472 0.114839690274924
0.0231186433670145 -0.0515201886206746 0.454716666332163 -0.440592789024338
-0.0182539386927137 -0.0251634152122152 -0.0828447156950251 -0.974054758314948
-0.0155344737418821 -0.0187447896590113 -0.862519665019075 -0.342851902631037
-0.0298746184207352 -0.025614823743737 -0.475112410844084 0.543949233096878
-0.0282800389734393 0.000262280086402574 0.158663951304432 0.481356835349733
-0.014912518705646 -0.00831513467028061 0.251620011924847 0.102879257775695
-0.017212215450918 -0.00777163621536662 0.0478850226426452 -0.186595022285473
-0.00192054655025105 -0.00267808849983439 -0.0478878842613501 0.171651594818295
-0.0342530864805539 -0.0165263829303837 -0.158794111244485 -0.0336614656984857
-0.0205327122124981 -0.0204865657961348 -0.192433153521699 -0.425444298083855
-0.00181922844829106 -0.0451964141938166 0.34316668469999 -0.516642639942366
0.0113983351762862 -0.0369738409499324 0.81057025411913 0.120216045557302
-0.0192391153578748 -0.00884048310347637 0.309556008991089 0.851244246627583
0.00299350158309078 -0.0645564607270362 -0.365709957311933 0.563370932602184
0.0395970596560856 -0.0727383146323035 0.00425633272323427 0.0937371942356126
0.0226320064551162 -0.0537460640481989 0.423451505700341 -0.485742077708973
-0.0207789710340834 -0.0229893965055105 -0.196195007430587 -0.945220881327532
-0.0189667256313261 -0.0161177457992615 -0.888085899972383 -0.223634221666434
-0.0322054516579669 -0.0218353280980564 -0.398527039828377 0.593422748989081
-0.0287587971600211 0.00273336219747986 0.204719459605709 0.461221380037084
-0.0157918903164404 -0.0107666881921564 0.251713472772962 0.0790359897576557
-0.0134223948816555 -0.00998171070947157 0.0446500932054351 -0.195386064596631
0.0013689519571993 -0.00287935510256904 -0.0429924066731944 0.16322694611928
-0.0352162985998817 -0.0178642678002858 -0.160333692932099 -0.056780570894828
-0.0188388293583211 -0.0222327079217623 -0.15457097407386 -0.445085980192753
0.00165410320805677 -0.0445049983481112 0.410390416041101 -0.470094509668355
0.0172500421884223 -0.0313580368467649 0.797106670979787 0.228015254235749
-0.0163795553765382 -0.00706194607710627 0.202455267987455 0.89630120704762
0.0082789852764548 -0.062144510889991 -0.406135776256199 0.528829262655782
0.039589941016574 -0.0691180441904226 0.0264377576262609 0.0709685710188966
0.0195457308542098 -0.048420052623747 0.387040950046973 -0.532135430398302
-0.0195772425412829 -0.0163801072599416 -0.30881106305461 -0.904969834835866
-0.020100038089722 -0.0134600132356808 -0.894697082460545 -0.10225117281785
-0.0333724385104137 -0.0151390707742087 -0.318832333236175 0.6335431856342
-0.0279832154663171 0.00745420192716669 0.248067062598322 0.435042087383881
-0.0141891669760445 -0.0109626395174938 0.248797476961446 0.0524083433306721
-0.00787625372827083 -0.00932435655538094 0.041668743659513 -0.207261888357538
0.00518511372893497 -0.00179140307689313 -0.0400514973683491 0.155670286877458
-0.0330930994281391 -0.017091386994923 -0.163711587477728 -0.0786458883073795
-0.0160761444751188 -0.0220966637964602 -0.118120810404503 -0.459163454535371
0.00547520640063638 -0.0423947510820915 0.464452869111985 -0.41759691738013
0.0253254724717964 -0.0242390401090497 0.773669968628369 0.331032127100827
-0.0122730140002388 0.00107776023817383 0.0966196071736667 0.921770747433241
0.00692977084473561 -0.0503352098713554 -0.441676261125562 0.489833200550811
0.0308845733609005 -0.0580617843929097 0.0492705067437425 0.0485392399225098
0.0146656003899085 -0.0344549123065149 0.351054629924556 -0.569643989687285
-0.0138655429890784 -0.00715145228054373 -0.405439975935631 -0.85671777931458
-0.0180838267684109 -0.00939295129109735 -0.88771856905828 0.00916948382312688
-0.035406950431415 -0.00778423156965263 -0.239717654712998 0.661399941824821
-0.0255440429646133 0.0118010727506552 0.282647593939527 0.406716922306261
-0.0106845568366709 -0.00903712736228145 0.244679780405948 0.0273496061240652
-0.00260204761436514 -0.00628758762491058 0.0414046107917428 -0.218074324064771
0.00953553342379705 0.000842189888085846 -0.0358533521775543 0.149330989815063
-0.0289193023015111 -0.0133755502340665 -0.164567411143962 -0.0937140239913551
-0.0132675029824102 -0.0195491784009465 -0.0949330563000598 -0.465415141018474
0.00693595187578758 -0.0394560417105492 0.49977093298891 -0.381682948780698
0.0345216751141091 -0.016171489965164 0.749238741866757 0.396475368765258
-0.00731743128833927 0.0161837995654729 0.024824405534194 0.939976696217258
-0.00342198050619962 -0.0303204038821255 -0.457337473932645 0.462914541446399
0.0134909714731432 -0.0402348002645935 0.0644004555843209 0.0341431277336636
0.0104044041917097 -0.0140653150970856 0.324061316298002 -0.593362050272686
-0.00316013789535023 0.00340097870904745 -0.4641131277991 -0.82001950752231
-0.0132215988479134 -0.00688602913259415 -0.877482237118746 0.0800011767941901
-0.0357324425575935 -0.000945367242875301 -0.19159276725936 0.675870637638308
-0.0224420639629289 0.015347672872645 0.301474920599566 0.38670471713158
-0.00627561288204888 -0.00610726244280484 0.239188033032189 0.0106658714695531
0.00253743497923137 -0.00184081169996153 0.040848257447271 -0.226339372746863
0.0116263485775718 0.00579948188192961 -0.0322220303747203 0.146730289717251
-0.0235828173097075 -0.00739738669883187 -0.166300416183087 -0.100866436956243
-0.0118296074562793 -0.0156101319120883 -0.0882963469807002 -0.468170179006053
0.00641978333156148 -0.0350563699441348 0.508760814863041 -0.366844688904314
0.0437690555678727 -0.00932188555595549 0.738338696962502 0.423608353666619
-0.00176424941306877 0.0353136968819049 0.00399119487871415 0.941846487854501
-0.0206268491890029 -0.00490686962222065 -0.46217479322473 0.454118604812772
-0.00876636068118495 -0.0185445272585127 0.0717287745312957 0.0286567901709108
0.00642111352792634 0.0104807999061103 0.313492971200158 -0.604871110229121
0.00960346094798967 0.0133612924943694 -0.481687726820375 -0.80658645732816
-0.00674561860104858 -0.00536725225205978 -0.876208726971941 0.106777712338941
-0.0355344426032295 0.0037843859830918 -0.178260085207593 0.67890459278724
-0.0188312540930128 0.017067365989631 0.30709817677206 0.379734300710734
-0.000155181139899029 -0.00233245538266145 0.235382207540524 0.00396520564129053
0.00624223631329945 0.00475745216161174 0.0417725957630125 -0.230811602897642
0.0137228779443221 0.0104021506508552 -0.0295881881957728 0.146723208484877
-0.0166966398596117 -0.000790772064929015 -0.168314793484768 -0.100419812852452
-0.0110092373951966 -0.0104880223099951 -0.100001551998331 -0.465552694743398
0.0044815515685767 -0.032175457515786 0.497059104670498 -0.37961004099608
0.0503782531855862 -0.00561282162106636 0.751658634150505 0.400675019515577
0.00410255395440576 0.0539246315296537 0.0308185358712972 0.944739455575225
-0.0376867508134509 0.0195443009847959 -0.450606204806551 0.466905164667303
-0.0318409197548349 0.00319532064428331 0.0685775531614934 0.0333193643661824
0.000933988547263502 0.0339425139026101 0.32348337161437 -0.597798513078949
0.0225057327939337 0.0228087962857173 -0.461321280226388 -0.820271682659814
0.00134773304447779 -0.00554523975392755 -0.88075586489635 0.0816734320381602
-0.034733393978504 0.00630230709418505 -0.198165695167723 0.674866758274566
-0.0159959339028908 0.0182701384217169 0.298519264838277 0.387682014902114
0.0058347871736684 0.00376978338223416 0.234658305267385 0.00871483207960262
0.00804778562552341 0.0117847223203198 0.044252842411807 -0.231725531668271
-0.00702244336879378 0.00774867396660701 -0.0532506737339447 0.182731501508321
-0.017040754893846 -0.00714462556367189 -0.153117527732321 0.0118151772496245
-0.012427400047289 -0.013458078710144 -0.246387914067645 -0.371641119630904
-0.00733338291404627 -0.0367625087224313 0.215024483780762 -0.567980963543126
0.00862846240593026 -0.0430163590324079 0.797663323331652 -0.0655497395759558
-0.00988283577159102 -0.0019357137442765 0.479670666714977 0.746384284250873
-0.0107163503091915 -0.0453122823548714 -0.276351178994549 0.616491160488517
0.0173547772492193 -0.058788825265429 -0.0279629842949885 0.129423627473228
0.018687862201952 -0.0415989938646926 0.471854203587105 -0.402657117617722
-0.0120709403865607 -0.020436683401297 0.00804924463753704 -0.980048446650933
-0.0109161315439146 -0.0174504748399808 -0.830985098697443 -0.426629240286555
-0.0290549826589341 -0.0273016886041805 -0.531990844947034 0.496496004031551
-0.0270650520646265 0.00102211844865344 0.12053380734581 0.493941972145336
-0.0138692225596827 -0.00268890599736823 0.249413416398407 0.119623440051646
-0.0204847706705842 -0.00223408837816925 0.0501579562977856 -0.176265113504162
-0.00525929951572688 0.00370959850526687 -0.0507265518201375 0.178026957542072
-0.0238898585717517 -0.0109157993365798 -0.154735935320963 -0.00378323852602913
-0.0148986388969572 -0.0166452959987464 -0.219740368405812 -0.392152663981918
-0.00553146767655035 -0.0394025480336263 0.274853636696219 -0.547194813399276
0.00880443389390044 -0.040501420360178 0.805184292328969 0.0127172893846404
-0.0173855338105819 -0.00502584259986389 0.407236811501687 0.794770459459909
-0.00586013755787636 -0.0596031387186713 -0.315802507617439 0.596627385041926
0.0307091132209198 -0.0691162529787735 -0.0145278383457728 0.114217114565316
0.0217113409802906 -0.0519697381288327 0.448760966194952 -0.440880713109689
-0.017651543082166 -0.0249264853717915 -0.0868531124122563 -0.967602513150206
-0.014984107472494 -0.0183182139472175 -0.860981790908145 -0.337034796669875
-0.029844409926199 -0.0252288779675993 -0.46835295233917 0.5439330655317
-0.0278820121422784 -0.00024812030926352 0.1610924362912 0.478000349327878
-0.015440804758434 -0.00859667467038939 0.250724521104266 0.101385849921799
-0.0175866490732029 -0.00678486518817197 0.0458041920887573 -0.185771260526043
-0.00246121349767412 -0.00295665944922414 -0.0461998588286442 0.170680270782773
-0.0345349489074671 -0.0161693992929612 -0.159007997531819 -0.0340718461529938
-0.0206327024984752 -0.0206363767044074 -0.195444454700181 -0.422384469857205
-0.00210899153202382 -0.0452164489344691 0.336333808510188 -0.51593018311846
0.0115603989976636 -0.0359239888326632 0.808491413677096 0.114877641042097
-0.0193505168436594 -0.00855871310644813 0.313262022351971 0.845729395065706
0.0032326103988898 -0.064788258094862 -0.359436274728722 0.561521026467289
0.0385526429577762 -0.0723110373858254 0.00560472295557416 0.093016281725462
0.0223594461592699 -0.0539129925204154 0.419513556383869 -0.486424777093272
-0.0208140988592254 -0.0224180264494676 -0.202482778430804 -0.940951926551802
-0.0193733637023763 -0.016313434836902 -0.883433201505159 -0.215540442633824
-0.0322316972772363 -0.0208760224526339 -0.392750526457473 0.593295552476507
-0.0287366534527828 0.0027398619370253 0.206322275526643 0.457804538059647
-0.0163587698861403 -0.0111247856027112 0.252306148017408 0.0776092297838615
-0.0140212095393806 -0.00881928472612177 0.0436629498928693 -0.195175290794359
0.000740322652314917 -0.00319927883642305 -0.0423148134723947 0.162975249950704
-0.0355168496308932 -0.0179933413617479 -0.161159509615491 -0.0558638313961103
-0.0193172293162235 -0.0226961813892192 -0.15888012760721 -0.44192314123611
0.00137456739330706 -0.0441802672516231 0.404826616302107 -0.471581332384727
0.0176813846277534 -0.0312571097713638 0.794587923477898 0.223119626496629
-0.0168774897372911 -0.00691090683600375 0.207278450269521 0.890008942702384
0.0077112491711992 -0.0627409248420846 -0.400746965164515 0.528141143538445
0.038156695247627 -0.0693097799043073 0.0268829185702062 0.0704718494127982
0.0191296823618683 -0.0485161325121997 0.381841124515178 -0.531953022448729
-0.0194756004559175 -0.0165029537725127 -0.312211462865019 -0.900212579200367
-0.0206096707270688 -0.0133152208354621 -0.891844387664983 -0.0955603820153185
-0.0336718924985921 -0.0145013929424689 -0.312828196593362 0.633519989862711
-0.0279127333376659 0.00698270361860151 0.250973606734218 0.430143623217329
-0.0148740411868545 -0.010603429151759 0.248846031285172 0.0511449562924091
-0.00831298604858672 -0.0091951310338643 0.0399565551059235 -0.206760879044069
0.00483546278481575 -0.00241905770626017 -0.038457458732452 0.153638035793208
-0.0338415193252493 -0.0164459626715064 -0.163182453297052 -0.0785667658729983
-0.0169375883657863 -0.021849219782595 -0.120854440767209 -0.454026064734494
0.00507204224195812 -0.0427263023788225 0.458572642187032 -0.419946299436077
0.0254997873617399 -0.0235766162072302 0.770641211802208 0.325520822975466
-0.0122873036907154 0.00120579179286267 0.100294723144008 0.917322947183497
0.00619087536680538 -0.0506166455199235 -0.433875737055861 0.488451041044928
0.030156989605098 -0.0579555108075799 0.0481587598272189 0.0480864956378115
0.0146992494271129 -0.0348715671546006 0.34495033700146 -0.56917257396381
-0.0136813665286979 -0.00732266720267807 -0.407494374588754 -0.850969917946283
-0.0185640204903224 -0.00902473136637063 -0.884453143196349 0.0158317435146145
-0.0351672292951663 -0.0070472731598961 -0.234793250164029 0.660868030306328
-0.0251832976177479 0.0117777347129143 0.284768097062879 0.402068931374953
-0.0115028688519587 -0.00930834329895692 0.243849028612325 0.0265585907348531
-0.00294404267599636 -0.00618895027307487 0.0387036414656863 -0.216157726532085
0.00810484200299532 0.000249459960120535 -0.0341949108708445 0.149017614024783
-0.0294686979638474 -0.0123606623044718 -0.164984813879063 -0.093013116003309
-0.014179882287991 -0.0198574568755006 -0.0985406063192967 -0.461209212582909
0.00664222402669468 -0.0391047640943857 0.492775919588895 -0.382560780912069
0.0349483858800813 -0.016210759290156 0.745558064801709 0.39056018346633
-0.00677113238013373 0.0161400118218 0.0314773164024382 0.934160324569153
-0.00372066520897762 -0.0308111189624253 -0.452980486481179 0.462789895341238
0.013010911178594 -0.0405148817074051 0.0647319091596177 0.0341897628504787
0.0100976495997219 -0.0139827733516494 0.317251120139419 -0.593232014088075
-0.00258925542575577 0.00321076809482497 -0.465974769732677 -0.812268576142561
-0.0138777834047755 -0.00676257177292331 -0.873679004735834 0.0861027027483823
-0.0351046859886666 -4.60540427373191E-05 -0.187402136558635 0.67237938504176
-0.0221189225827705 0.0148250213077995 0.304276788983583 0.382619646672027
-0.00673911203885375 -0.00669836663973275 0.238824893171988 0.00958576798986938
0.00236018558515607 -0.00160233436990447 0.0381004469750235 -0.224972552152065
0.0113123970002786 0.00541363852324235 -0.0308709941122459 0.146095564025792
-0.0241600702634068 -0.00656275584733603 -0.166593606257487 -0.100406605061782
-0.0119580177615359 -0.0152218639579418 -0.0922313513594848 -0.463595090522935
0.00580217363270091 -0.0358279826903824 0.504598422458157 -0.366983467622251
0.0432632109321586 -0.00980203201539035 0.738586844276474 0.414321508362112
-0.00153508020760251 0.0353731230063799 0.0109097944461938 0.939214702843171
-0.0206768016590824 -0.00567256299171875 -0.456457878948793 0.455031965081238
-0.00887655854514749 -0.0188031065120538 0.0713296588507789 0.0281925223601816
0.00636077049762451 0.0101283404814985 0.309093593735573 -0.603775109370315
0.00979363418646167 0.0128788894051329 -0.484610355653937 -0.798368901422518
-0.00661032556324332 -0.00543664760096789 -0.868838511062194 0.111336641467863
-0.0352424780759916 0.00435060541960563 -0.171392575079475 0.676868107916616
-0.0182103434083754 0.0170641505286997 0.309368980310057 0.375614095994952
-0.00104347288495 -0.00245215931040884 0.234266030570934 0.00305204602890521
0.00603160774648082 0.00566597829569821 0.039379496088504 -0.23028396813576
0.0132092957987674 0.0101187962794232 -0.0275720323329101 0.145938027451917
-0.0174372811036817 -6.43391513754608E-05 -0.168797104561201 -0.0987150732361983
-0.0114331739565885 -0.01085335682293 -0.104282133740369 -0.460930752702425
0.00357428884507308 -0.0323499282952936 0.490609537615951 -0.381503737480657
0.0509504771714188 -0.00626079058685239 0.749361207177278 0.394054675057731
0.00459676735594032 0.0536495999999696 0.0377852814739445 0.940047264231218
-0.0372528339723428 0.0193107594822178 -0.447414392768105 0.466402574040841
-0.0320868971468917 0.0024582429714887 0.0684347912203691 0.0328587730909155
0.00113534659059191 0.0328981859335581 0.318634258952612 -0.596405497002648
0.0217037766792391 0.0224664405885051 -0.463999214359711 -0.813006164208363
0.00168203883058137 -0.00460152555144964 -0.874573098778163 0.0864012304800552
-0.0350314609412136 0.00622387984631774 -0.192469562113264 0.671936499218868
-0.0155988357309513 0.0173336481650979 0.300077990148305 0.382751714528839
0.00495074870473284 0.00333265007652162 0.234680172648404 0.0076797606405548
0.0078278513401168 0.0122808365753726 0.04185146992077 -0.230634164957931
-0.0066135090338761 0.00746127840818667 -0.0516898695943365 0.181728792779794
-0.0178619167522604 -0.007222635701001 -0.152434782506343 0.0108898079927051
-0.012702004986797 -0.0134357169112662 -0.248631358596709 -0.369744148422074
-0.00713592483496012 -0.0370584846894373 0.21149805342572 -0.565318193888222
0.00832149450500879 -0.0425546090935658 0.793438642464255 -0.0701571183627743
-0.0101534471299643 -0.00267350300723901 0.481741866488842 0.73659475527636
-0.0105630673500641 -0.0451473631196731 -0.270157734913534 0.614277301023722
0.0161113668799751 -0.0586148824707423 -0.0274196829072471 0.128873450815416
0.0174236035577313 -0.0424599804228674 0.466313731990255 -0.403132449985817
-0.0115106404450626 -0.0204189412487486 0.00169223436395784 -0.974677020612769
-0.0109082049027417 -0.0169334756124589 -0.832540544402134 -0.419374355473401
-0.0292204277095117 -0.0270917064927084 -0.52633573341737 0.496320824169928
-0.026433172766269 0.000222061425631965 0.123754518512971 0.489437324461916
-0.0138242286191906 -0.00281295876060772 0.249366824595749 0.118411847977495
-0.0204785811011087 -0.00155848603728237 0.0497322621413598 -0.175160743439769
-0.00584657789379973 0.00347251688563914 -0.0488890829838254 0.177922256691417
-0.0249198263655035 -0.0105128764898258 -0.153076878370911 -0.0043397285224076
-0.0152607026018419 -0.0167315074424079 -0.222010949598478 -0.389783816939506
-0.00498921626488967 -0.0389532525235077 0.271306007792884 -0.54562771211037
0.00806866024016043 -0.0400819703234038 0.801187977047997 0.00702106094832332
-0.0175473832175071 -0.00483648058538201 0.410174012808079 0.786599859581669
-0.00603051449262072 -0.0592696004802729 -0.308951782271117 0.596328970721533
0.0301453126610284 -0.0691715441076007 -0.013819589281919 0.11367606925571
0.0207777904103278 -0.0520276230164868 0.445899193766619 -0.442112448973466
-0.0180372884050687 -0.0252235748921425 -0.0935486625104194 -0.96510104512627
-0.0156162866637091 -0.0178062484496269 -0.858021042801112 -0.327608945353926
-0.0295826424308451 -0.0248198084621423 -0.462053491926777 0.543727221429465
-0.0275381211585288 0.000537668501266611 0.165204742129241 0.475327178968458
-0.0163774303250442 -0.00903021416506136 0.251464866328704 0.100230453035589
-0.0180106333101607 -0.00650336424796339 0.0451172135066276 -0.185362119658656
-0.00272744474152119 -0.00336454792330108 -0.0451244052543218 0.170719619858256
-0.0351614988287268 -0.0156544168182765 -0.158172406304704 -0.0341212407262892
-0.0210985756885325 -0.0204675059158467 -0.198385628784526 -0.418246709488212
-0.00270901135306365 -0.0453692905932031 0.333326820021691 -0.515455684585615
0.0112585072974545 -0.0368373942679511 0.804933874574723 0.108510223119834
-0.0193601761068774 -0.00831815679875671 0.316445670616822 0.837445084764652
0.00188980263279592 -0.0649664604315183 -0.35469301578069 0.560780244721912
0.0373615218312324 -0.0723388764862382 0.00505514646853709 0.0933938414271593
0.0214081084364252 -0.0539483729500721 0.413983806031523 -0.484911221497083
-0.0199273211786317 -0.0232482514846394 -0.204462077638685 -0.936517788360536
-0.0193444310092544 -0.0153758264623132 -0.881826227496127 -0.209908544268966
-0.0319763636672339 -0.0202491918880205 -0.387140456274301 0.592666106168901
-0.0277363531873765 0.00278874101831396 0.208808862683944 0.453182222974685
-0.0163727740105356 -0.010755773910107 0.251486707101389 0.0756320690305155
-0.0138892711138395 -0.00891291214051225 0.0421369433246505 -0.194270924171044
1.97501133573095E-05 -0.00367478450248776 -0.0406706325980746 0.162635236466992
-0.0363483044881023 -0.0166206563704225 -0.160451159619483 -0.0561003490604963
-0.0196597004849045 -0.0219903322797857 -0.161645917097418 -0.437216526359608
0.000824740600190709 -0.0447960045306775 0.398380374662816 -0.470309641067998
0.0177768900224467 -0.0311529865446171 0.793389036505602 0.216584275636634
-0.0173466530087657 -0.00632493465818559 0.211944091580645 0.885052859054823
0.0070530481312093 -0.0627848834389731 -0.396154974785201 0.527878839109965
0.0375845896073843 -0.0690388385700172 0.0267930080550478 0.0701506154029024
0.0181312036056608 -0.0487445824188245 0.376477120445058 -0.530617125532243
-0.0201433572893804 -0.0165702595852299 -0.316389946959237 -0.894293311586226
-0.020460742329075 -0.0121105203913544 -0.887531171426498 -0.092450310221091
-0.0339364980626473 -0.01428002399502 -0.306896115259542 0.632714481218308
-0.0271507384093974 0.00728514712601618 0.25230517285703 0.426546407667354
-0.0156898613962805 -0.0115799687452825 0.248189454042365 0.0497403844992179
-0.00868044280897695 -0.00872783385587013 0.0386811952572369 -0.206536365747265
0.00436660382798198 -0.00254187038404025 -0.0377239993646313 0.153983061480693
-0.034497387081576 -0.0160768846347805 -0.163407455661855 -0.0779357507481026
-0.0171595277830572 -0.0218664235258137 -0.125063119653644 -0.452032982364795
0.00436714480867861 -0.043237816332632 0.455161692620515 -0.419684264142406
0.026023229522309 -0.0240767253547992 0.767005030026486 0.319609042346765
-0.0124007770777706 0.00173940752164845 0.105529965015611 0.909869200270019
0.0053354986434393 -0.0509225725693798 -0.429290768286433 0.489173377089064
0.0291460120016477 -0.0579030415273954 0.0489783080908109 0.0484258659747387
0.0137523157582911 -0.0344312460045864 0.3401936332712 -0.568158463304959
-0.0137214759476114 -0.00753907145431883 -0.410438198059143 -0.843340496124931
-0.0180424997328574 -0.00839895708412001 -0.879947054004624 0.020626758292051
-0.0349948233456011 -0.00639405897393429 -0.22813956457528 0.659396988924654
-0.0251981042723461 0.0121199465266189 0.286538039945752 0.399212149649506
-0.0116905313317481 -0.00983118026406977 0.243520233029774 0.0244718791275091
-0.00353162293387822 -0.0062455866412897 0.0374947233986333 -0.215877760901895
0.00814025857700952 0.000342002054967719 -0.0326753990329259 0.147812989667239
-0.0299833706874278 -0.0119660442369513 -0.165365261383408 -0.0929793006274585
-0.0143925732517922 -0.0190666879544867 -0.10229204879331 -0.458254764727421
0.0056899883472726 -0.0395681102343988 0.48920549053813 -0.384842928797123
0.0349638053434605 -0.0163603196676416 0.745170414012918 0.385517696891578
-0.00719921893222257 0.0165951059570376 0.0362491034449531 0.928126270308784
-0.00424122142528408 -0.0308116915845868 -0.44568341298423 0.46277235188717
0.0121758354071507 -0.0399751464928387 0.0637971431823261 0.0337257858720184
0.00973197077957356 -0.0144288194804897 0.313290557632555 -0.591314615133521
-0.00266381809528483 0.00286756188276904 -0.469416320769053 -0.806682649149607
-0.0133224309482381 -0.0065347513212763 -0.868174287882342 0.0887564752436245
-0.0356732677645532 -0.000216470259327656 -0.180103477413516 0.669911333350142
-0.0217813110501995 0.0148782041653762 0.305308718630317 0.378887989948526
-0.00745578864272317 -0.00722605637538166 0.238385948713866 0.00855706451470965
0.00224785755802324 -0.000300289195129266 0.0367324513932368 -0.224883801011837
0.0110527180369084 0.004731946634094 -0.0299113723017337 0.14511667063935
-0.0247394519612018 -0.00635109998745375 -0.167269287721132 -0.0996523316442838
-0.0128192102291852 -0.0151720876403862 -0.0958429960712414 -0.459702790114722
0.00556203407954388 -0.036104321771833 0.498102478545529 -0.36778410217465
0.0438865177043579 -0.00985188707205485 0.736001728111434 0.409041769750714
-0.00131887268587771 0.0355717903597697 0.0154596064815492 0.934078588303211
-0.0208836398779789 -0.00612367760299741 -0.451747959970144 0.454997751346631
-0.0094816814591763 -0.0184691822299874 0.0712675348701406 0.0283153727189238
0.00581848642206012 0.00956288875334203 0.303940944306035 -0.602635223124219
0.00946226707387447 0.0122581325577569 -0.487523502109828 -0.793457716217025
-0.006510644186667 -0.00520828717762038 -0.864009935449378 0.115893106390301
-0.0348681505142712 0.00422063537646732 -0.166219631840013 0.673070889805875
-0.0181493609884757 0.0167399908054554 0.310209691109536 0.371805638504754
-0.00186940358589052 -0.00240458339276303 0.234554015795842 0.00223823543384007
0.00591215702859062 0.00545781837281563 0.0377180205325329 -0.229578292649116
0.0120959594970559 0.00957996122058356 -0.0270841043750253 0.145303390149141
-0.018188176740009 0.000507947474738211 -0.169734717388695 -0.0983924041719366
-0.0119997217341535 -0.0108266462193245 -0.107959438658489 -0.458697838921502
0.00361586844326174 -0.0328044421118235 0.486461719348012 -0.380517704645868
0.0508106478731177 -0.00646390966382837 0.748448245561061 0.387159260683418
0.00492684390382891 0.0534211046978206 0.0415979490103261 0.933144051890805
-0.0372457297008603 0.0192022142531078 -0.442309915155075 0.466762555090083
-0.0323433258933742 0.00246431122046853 0.0684419346487409 0.0324993686319641
0.0015393097940936 0.0333720062701061 0.313302391172111 -0.597769958578644
0.021892985328103 0.021689443592663 -0.466800592226089 -0.806516723487844
0.00144840099773668 -0.00473617648316394 -0.871427899591204 0.090664207981825
-0.0344533993982666 0.00663369631966377 -0.187468775071353 0.669581948140085
-0.0152934412814001 0.0176045313888552 0.301350404630593 0.379937124995752
0.00430270674853068 0.00277654620855046 0.234226761613044 0.00642576683745635
0.00798465277931186 0.0122015320703862 0.0403504114023897 -0.230654317914529
-0.00656287924182437 0.0069958131174307 -0.0506671245690602 0.183160357344021
-0.018897756050719 -0.00712359831944882 -0.150416636845411 0.0107361295133484
-0.0131361439086483 -0.0139087295501328 -0.249316421371695 -0.366275425474129
-0.007818183070071 -0.0371673542965185 0.207204763006084 -0.564528578719252
0.008506016745491 -0.0425242887102607 0.791414888897907 -0.0736706533504241
-0.0106504368053235 -0.00223173769700127 0.48331089845939 0.733216121466234
-0.0116201753808167 -0.0452874119553998 -0.265669729916836 0.611665044969159
0.0152875689968258 -0.0587495765842649 -0.026975270134727 0.128528796432074
0.017277644696458 -0.0428346684174073 0.460590348545402 -0.405528162097603
-0.0106917145044291 -0.0207845171169853 -0.00340314660207548 -0.97325590806792
-0.0105032853773493 -0.0164241688528852 -0.82856607124535 -0.415144630868544
-0.029623890815623 -0.0264298304308101 -0.520219886549502 0.496886343080468
-0.0259833788947938 0.000413376112060128 0.126036929121827 0.488197168274905
-0.014353209200695 -0.00361270881906663 0.250364487526783 0.116077830512919
-0.0214775837560058 -0.00127415539852863 0.0482863728550857 -0.175211584039265
-0.00551701363652621 0.00338798243215206 -0.0477593414600356 0.177233832002637
-0.0248653555438094 -0.0110614096541201 -0.152734305962202 -0.0049107508022772
-0.015667142051066 -0.0178006326333943 -0.224012677873877 -0.387897942745551
-0.00536619048931722 -0.0396305242062449 0.267050257305029 -0.543419215562104
0.00850038467698503 -0.0401645191535463 0.799305275709147 0.00222405621819127
-0.0177492088515648 -0.00465759546792502 0.414207526814293 0.780971330760988
-0.00602071462173323 -0.059625723829626 -0.303994705081602 0.593138929604201
0.0289435288809379 -0.0688309744229212 -0.0133554482068828 0.113158284981634
0.0216343914779831 -0.0518177337558861 0.441749651883584 -0.442225005317976
-0.0172759086179214 -0.0252054052377368 -0.0979037034152203 -0.963024366359741
-0.0156921778301983 -0.0174627611763739 -0.85685081060995 -0.32316443678924
-0.0303099187871161 -0.0246002124933024 -0.456924178568765 0.543223413193499
-0.0275396361408321 0.000500732810100277 0.166350761716097 0.472730085286658
-0.0166561187723348 -0.00928012373811186 0.251433070979862 0.0985855129090829
-0.017985131603493 -0.00619827832958322 0.0433221203221968 -0.184555489065127
-0.00329024336604193 -0.00364028894909796 -0.0441128163423014 0.169874334670088
-0.0355377308185 -0.0148797102445518 -0.158306515570738 -0.0340126274810602
-0.0217825230079244 -0.0206981688266643 -0.200160243347208 -0.41388215997189
-0.00367033198584754 -0.0452980291879287 0.327854347782003 -0.513949312680993
0.0111727603779719 -0.0361881524614673 0.803026467568376 0.102971401849917
-0.0194731368299992 -0.00788851226321998 0.319352413551768 0.831110326849195
0.00131369735882729 -0.0657923458880053 -0.35042674772219 0.561197496897328
0.0367663143573035 -0.0723071957731888 0.0060932213325018 0.0918969088502251
0.0211272347586659 -0.0543735509840135 0.410100923779955 -0.485256146317044
-0.0204074135380049 -0.0229413880064005 -0.209401269621356 -0.931181240126726
-0.0192040453577824 -0.0149702545366005 -0.878619310340546 -0.206026328385168
-0.0325371053341348 -0.0197795302002414 -0.381188015332968 0.593266054264663
-0.0275219315314365 0.00239102651718095 0.209727808801312 0.450151847108785
-0.0172434603572027 -0.0108802697212424 0.251610843326597 0.0747185023853828
-0.0140970646100565 -0.00835805996872054 0.0406703276508632 -0.193962416489529
7.46422329979111E-05 -0.00425002336278783 -0.0397247553022488 0.161540241379062
-0.0368519656379334 -0.0166345243044611 -0.160328123226071 -0.0565342913328655
-0.0199437711852268 -0.0225901804805459 -0.162909587122674 -0.434334633827295
0.000605381594839859 -0.0452453388911307 0.394651033542897 -0.46964984990318
0.0174936714107784 -0.0313849179139819 0.791363135732564 0.211105810536422
-0.0171752059639238 -0.00638081377653104 0.216221667641658 0.877597687072446
0.00611056763958602 -0.0629655199575248 -0.390827010259934 0.525407432150059
0.0359349917296925 -0.0690109567441557 0.0273047498809461 0.070079112416648
0.0174930262612636 -0.0490040373234367 0.373042098037245 -0.529560628938672
-0.0193495053803856 -0.0171724672022953 -0.320433660531883 -0.890085174047738
-0.0204167466492901 -0.0120545702457082 -0.884783553267671 -0.0865307311579107
-0.034264753129502 -0.0136642407014105 -0.300983142406556 0.630662177776852
-0.0271045183982815 0.00729429691579025 0.2539755831805 0.423250070613878
-0.0162141417890261 -0.0116349103340753 0.249146392277607 0.0489144277855781
-0.00870077070303235 -0.00824224347280923 0.0369735856493065 -0.205811880481037
0.00397940675906054 -0.00384458401263018 -0.0364811426425386 0.153702214615811
-0.0350333532945933 -0.0154484318975228 -0.163778805216805 -0.0783008545026826
-0.0176065567094119 -0.0213353632061729 -0.1263610201174 -0.449063054876914
0.00354305608889555 -0.0434202017023914 0.449330023777872 -0.419735792372279
0.0261138607047773 -0.0243227357281561 0.767060047436591 0.313419144001168
-0.0123579082448197 0.00160817306696458 0.111045695027594 0.906012194280197
0.00567627209663233 -0.0506680851570816 -0.424501611130717 0.489564179524913
0.028464936001396 -0.0583671021164841 0.0493173870392729 0.0483844843371456
0.0135017989220015 -0.0353669002540362 0.334791723653162 -0.565979100114291
-0.0133922737825703 -0.00747714384964146 -0.413822811683205 -0.838118503483347
-0.0186163576430776 -0.00854838402010139 -0.876776053649952 0.0252150129889446
-0.0353644860716076 -0.00581615881426838 -0.224076284769063 0.657843534446407
-0.025043852188273 0.0114256305576061 0.287401524964318 0.396539650855471
-0.0127556404604581 -0.00956941068285488 0.243249004351974 0.0241679966834114
-0.00308636259409067 -0.00533580966865155 0.0360710502655237 -0.215161322511383
0.00740476684933807 -3.48675419130642E-05 -0.0325146791569597 0.147631920585609
-0.0308752933871123 -0.011382264245981 -0.1657620740515 -0.0923300248335499
-0.0148491111420134 -0.0190416254037607 -0.104739260754989 -0.454619374205708
0.00524701450294005 -0.0399157591394909 0.484433676250719 -0.383117983260674
0.0348080354250569 -0.0168669027164022 0.744281970821455 0.378786899689257
-0.00717491302601767 0.0165712903022778 0.0412181261691668 0.923425805561535
-0.00481143741957113 -0.0306434457572452 -0.442783510173586 0.462933467806506
0.0120287060403323 -0.0404113945084361 0.0640502117938866 0.0335248263695793
0.00943458575472948 -0.0147053843583016 0.309581128505032 -0.591956714237202
-0.00299530996570761 0.00245438912569787 -0.472858220218423 -0.802638115313205
-0.0136349862054183 -0.00597961011779737 -0.863283759686198 0.0948563497745295
-0.0352617865897739 0.000185965163198246 -0.175376859209958 0.667905802923542
-0.0212430518375961 0.0153149259422862 0.307169147592675 0.374042686701514
-0.00814799368101872 -0.00654702227758237 0.237931985072036 0.00763993280076594
0.00262989504540187 -0.000375646588028624 0.0347933109325934 -0.223504196705318
0.0103432017232196 0.00444846435261348 -0.0288850752266729 0.144404860406741
-0.0254233873360701 -0.00532349101376851 -0.168150104343281 -0.099336652784556
-0.013177829949554 -0.0148647012716641 -0.0986986194525273 -0.456277072738102
0.00484402796556783 -0.0364775832275661 0.494284980364662 -0.367835491623916
0.0433883657098828 -0.0102375488193576 0.733809154375776 0.404020268868613
-0.00120415510092933 0.0352403057748067 0.0197459607127651 0.928587768488195
-0.0212196698711869 -0.00634241656489701 -0.448010476044629 0.454950737620633
-0.0101531008644469 -0.0191325049888425 0.0705220085543335 0.0282646487587809
0.0058004900659865 0.00916973853556351 0.298807815595928 -0.600020522669333
0.0101461284897306 0.0119556879467634 -0.490345815198195 -0.788083422953244
-0.00669325583182203 -0.00461274210853522 -0.858955745455285 0.119187332177885
-0.0349791379198005 0.004532992738072 -0.162403722274618 0.672127706236904
-0.0182150548473209 0.016441856965929 0.311212020259802 0.369356149407669
-0.00186922834669291 -0.00261322774257587 0.234282850487608 0.00155330871072114
0.00528310414966272 0.0058542580546755 0.0360440697057275 -0.228444885166477
0.0117601557095663 0.00920626122651725 -0.0269054517961891 0.143939180690252
-0.0178996716619315 0.000767858067930894 -0.170078524683893 -0.0981738780527585
-0.0123743966316753 -0.0103207944706022 -0.111177359414215 -0.454353871981454
0.00249000412891516 -0.0323017398584199 0.480826665648858 -0.381975986119433
0.0507182495492014 -0.00707286138342048 0.746751495756038 0.381631225851013
0.0049102090804534 0.0533826852105019 0.0480293990139481 0.930353272839027
-0.0377314041502427 0.0192608722952693 -0.437007548481186 0.466236498842388
-0.0324855142203284 0.0023345338436976 0.0681141264476762 0.0325869323636364
0.000980959543493557 0.033135851487289 0.310333925394402 -0.594406414361091
0.0217361267352969 0.021019613334252 -0.469601477544866 -0.801357949839652
0.00171633201080724 -0.00425762061940275 -0.866722671618196 0.0940573799798032
-0.034498325340752 0.00697709829632722 -0.181045486325727 0.667839210305345
-0.0152679310482849 0.0171661316589667 0.302877542825053 0.375952764791999
0.00406872513762031 0.00302109724888205 0.233834256949994 0.005861306486611
0.0078718156295099 0.012214755172406 0.0380596815714134 -0.229871215805066
-0.00703681701526174 0.00707752778610881 -0.0495055633879637 0.182292945989299
-0.0190831637827203 -0.0068467848791118 -0.149832139862213 0.0100635746955964
-0.0130397147518078 -0.0142661648596211 -0.251722901106421 -0.364315926703872
-0.0073821807628835 -0.037309932194017 0.204175999777609 -0.563434512670943
0.00784096108535912 -0.0422988202814678 0.786901454808709 -0.0786109344023632
-0.0113062249726638 -0.00243753092326356 0.484237433303308 0.726448640208337
-0.012472271597685 -0.0456798357057732 -0.261473594521193 0.611097337721397
0.0151031741171545 -0.0587821220000636 -0.0258967776162223 0.128093177393994
0.0165553830063151 -0.0426969031388876 0.458343871807937 -0.403563305136046
-0.0108983237171751 -0.0206979247578866 -0.00652811441415888 -0.968637641071319
-0.0108903356236442 -0.0166309131790346 -0.828302742416788 -0.406962260727981
-0.0294600612827312 -0.0259062835553588 -0.515747330194283 0.499385250578625
-0.0262574471501871 9.15705906997903E-05 0.128231302694987 0.48521024980695
-0.0148010146424483 -0.00385759832386368 0.25100232079347 0.115773160911476
-0.0207466636285696 -0.000965731255414092 0.0467941120023753 -0.175177799808142
-0.00554368640695383 0.00336442812244038 -0.0458188520317478 0.176819575561639
-0.0255777489071115 -0.0110650583412349 -0.151909862820697 -0.00579930781880601
-0.0157928728245584 -0.0179122079009192 -0.224963158254583 -0.383617412906799
-0.0055997000912155 -0.0397747518201093 0.262420030353357 -0.543696427341126
0.00805220281131658 -0.0399436328150908 0.796567828257108 -0.000831963786505582
-0.0179983456880651 -0.0046850895367982 0.415806711209124 0.775833504078343
-0.00719429226969158 -0.0599853233751296 -0.299863132163003 0.590706854624115
0.0282957724210683 -0.0686930015239829 -0.0121183644028067 0.112980764905254
0.0208193040086803 -0.052259377130159 0.435919400089608 -0.442736207108554
-0.0181680249428827 -0.0256107950595978 -0.102840878323417 -0.957175397975242
-0.0159378715361547 -0.0169658429176321 -0.856384133551493 -0.318218309672227
-0.0306446983787955 -0.0242741744748319 -0.453609441408228 0.543620831307478
-0.0274343955340547 0.000411710736394112 0.168505615367598 0.471142543676047
-0.0171722967596083 -0.00980616907328633 0.252465146506778 0.0970193171810296
-0.0186994795406665 -0.00502642899691882 0.0426803459153863 -0.18498781644626
-0.00381680843916552 -0.00406211212282614 -0.0421896678383411 0.169903949950992
-0.0365453467917309 -0.01435998615459 -0.15813878740977 -0.0352247895674205
-0.0221594519146263 -0.0202164003411667 -0.203180286932364 -0.4108744891736
-0.00372150071681089 -0.0452163228975337 0.322021719238691 -0.51296785259642
0.0111419321094625 -0.0365392508442311 0.799580177453763 0.097236548163687
-0.0199347730877177 -0.00746006622873119 0.322460805081106 0.826431260457216
-9.26240857450737E-05 -0.0655300452301773 -0.345309849208726 0.559029581178389
0.0358374980403234 -0.0720536196892328 0.00537197898678975 0.0917627842804752
0.0208075945585891 -0.0539959254928562 0.405729936272732 -0.48673006566065
-0.0202476906839768 -0.0234018245626213 -0.213088546542735 -0.927598177893864
-0.0195809915195096 -0.014851377647458 -0.877687246365601 -0.19907336079989
-0.0322650549647594 -0.0199875934936372 -0.377496232934907 0.591374478243391
-0.0279103883734024 0.00320459134356836 0.213104558291106 0.44886974276413
-0.0178382431349806 -0.0118273803996609 0.251660682439592 0.0733402742652868
-0.0147737050032888 -0.00785546577471547 0.0397836785862751 -0.193528025702745
-0.000193116761045631 -0.00434671458357532 -0.0381921471392192 0.161413376634714
-0.0377821088125587 -0.0155860653483948 -0.160664150947464 -0.0569243660762414
-0.020752687718768 -0.0216767612685834 -0.166359416293204 -0.431395007720078
0.00012482220370423 -0.0450979100798641 0.389853414075303 -0.470223578209063
0.017199921495138 -0.0311178486532063 0.788803425824396 0.206486177689683
-0.0177606566505742 -0.0062498090700218 0.217398552236316 0.872894377372052
0.0055206974741666 -0.0631938412378445 -0.386251943363176 0.526658807711749
0.035715140148909 -0.0692425130468246 0.0271741643884391 0.0697108038070994
0.0170440577629184 -0.0496105245871446 0.368467366888616 -0.529287037526207
-0.0200949296370999 -0.0166387714177429 -0.322683229050502 -0.884200957647109
-0.0202877823426398 -0.0113562850524925 -0.882973553440779 -0.0813708889445882
-0.0340122743948371 -0.0134382451159548 -0.297387485250492 0.630261975538568
-0.0267387569823468 0.00713043118937432 0.256827455736254 0.420174119195058
-0.0168584159977781 -0.0119340455316989 0.248615811678087 0.0473019987238562
-0.00922200391909198 -0.00788609330507209 0.0355040262813378 -0.204455717670735
0.00359039359642171 -0.00262072302411176 -0.0354816349472137 0.152395402872475
-0.0355694458662037 -0.0145803547784009 -0.164190390616864 -0.0777493083891521
-0.0184445010001787 -0.0218142593673588 -0.13042393265489 -0.445547725949418
0.00418938015963274 -0.0428295359648196 0.446764311308933 -0.420741421016319
0.0261050096201571 -0.0243733682954421 0.765976283952469 0.308952920779255
-0.0128585438853959 0.00138773381260719 0.114118363241377 0.90116830017095
0.00496436656358115 -0.0509235802305109 -0.421845349423569 0.487156789259601
0.0276624369351005 -0.0582233507439596 0.0492033133089226 0.0479782008300799
0.0128865717565392 -0.0355194296070455 0.331313654604963 -0.566353296571975
-0.0133392869375329 -0.00749101654589905 -0.416001623726608 -0.834402997070422
-0.0181917343482141 -0.00840384976519061 -0.873651878615302 0.0283398268205351
-0.0350286581796366 -0.00547270491077632 -0.218830630063259 0.655842156968462
-0.0246687146807695 0.0116540521128171 0.289411292660839 0.391685811649552
-0.0131217087623279 -0.0104988267309528 0.242312274250483 0.0233752296552175
-0.00394007850135568 -0.00515008574790449 0.0340457028391509 -0.214711449890533
0.00660225914198365 -0.000443104393222779 -0.0308235913924724 0.146747441928137
-0.0317045359095233 -0.0103927881595898 -0.165707300687104 -0.0919200564108136
-0.0153571640022107 -0.018575997121664 -0.108744428801249 -0.450819913086459
0.00502649736261414 -0.0397580211133795 0.479901413748452 -0.385755210540435
0.0350024768451257 -0.0173218256867495 0.74350825929987 0.375370787380049
-0.00707564566167273 0.0168580428586898 0.0464058150428515 0.919128240528377
-0.0054439988840934 -0.0314814109964678 -0.438318119102412 0.461132045984312
0.0109378017013254 -0.0407362950242883 0.0639368691829039 0.0330850982635423
0.00958354590518924 -0.014479041540717 0.304477168975486 -0.589904272325984
-0.00283638025905125 0.00269299571820612 -0.473182838719282 -0.794437622076807
-0.0133055266793408 -0.00559999893004085 -0.860612671300211 0.0969592315564317
-0.0352346339025886 0.00041073406329461 -0.170764285922852 0.666204578049414
-0.0217286929185128 0.0146563120589858 0.309091464494753 0.372566030883101
-0.00908558769949978 -0.00723756268871921 0.237912328436739 0.00704723631768234
0.00163204910673058 0.000156206443589857 0.0333621609157418 -0.223309838003066
0.010065783508692 0.0042110359451658 -0.0279570126298738 0.143636312024431
-0.0257047447783233 -0.00487764243534134 -0.168120134524233 -0.0985675277600613
-0.0134416907120766 -0.0150734499589592 -0.101319944013225 -0.453078229237247
0.00381918619999582 -0.0359984238941898 0.490766251769963 -0.369585410019913
0.0435979458787656 -0.00994525554233372 0.735268002138693 0.399734781048514
-0.00125484549988029 0.0350877782665379 0.0236443660689762 0.92433363333543
-0.0212722476313702 -0.0066115985055949 -0.444100220605172 0.45472624535453
-0.0102668602118455 -0.0194671544734863 0.0703832191711028 0.0282080305681508
0.00548184956525014 0.00908691862164284 0.294150068046264 -0.599879339226756
0.00939147435895043 0.0118181798759886 -0.493080654892482 -0.782336884509311
-0.00663036355569382 -0.00463630729371791 -0.856014760481028 0.123141820648207
-0.0353376807743144 0.00549762982122998 -0.158542064882138 0.669948441517513
-0.0177122034160121 0.0164531396083347 0.312455132239695 0.364886717398089
-0.00263376757718729 -0.00212578287579843 0.234439266349108 0.000976807998781466
0.00527320298364018 0.00565188734403128 0.0344017784555013 -0.22838259000117
0.0114167725970245 0.0092744508825722 -0.0253835570831366 0.143968810266958
-0.0194053766304739 0.00212484295192598 -0.170394576424394 -0.097480686528202
-0.0126488283754762 -0.00975658006756361 -0.113831329724527 -0.451522014911411
0.00229532210776064 -0.032423529580964 0.477003029719276 -0.383742421454005
0.0512426645673234 -0.00725956847071018 0.743457176093569 0.376198980300865
0.0052062119097448 0.0529461072263364 0.0522660645120055 0.926611362305482
-0.0381197729924319 0.0183144345024865 -0.433623419996863 0.465402758204011
-0.0326989049915734 0.00226174922590737 0.0678118022723557 0.0324761265606606
0.000745431771602096 0.0320780476555017 0.304922849788947 -0.594377534682011
0.0217915387560426 0.0206342359735401 -0.472914480419798 -0.797436265239178
0.00173405685354882 -0.00414860467294394 -0.864135999142439 0.0991148147564015
-0.0343359929415313 0.00765050900200117 -0.177959329712151 0.666880435480103
-0.0153916188956897 0.017385119004452 0.304355157106855 0.373800226775731
0.00322478364837396 0.00250381099758531 0.233808081734444 0.00480669555354626
0.00770797934003758 0.0129116071711197 0.0368524306670899 -0.229202930232584
-0.00673386965653102 0.0067322835124825 -0.0481184295480149 0.181539885608538
-0.0198541419124395 -0.00701473110239485 -0.149749830784258 0.00913630015574946
-0.0143451417021672 -0.0148765044543118 -0.25247994661924 -0.360072204051955
-0.0076604005527289 -0.0376828446349007 0.200993642172866 -0.562321057169099
0.00765303203596602 -0.042428703184056 0.786041837472551 -0.0828368760861635
-0.0112511674018849 -0.00176958394473903 0.486947631251098 0.721108493499194
-0.0125854852164669 -0.0468991525002795 -0.259058793963592 0.608481239223437
0.0141878878823747 -0.0586058638426022 -0.025751328850575 0.127990838901647
0.0161758704303886 -0.0437193742474406 0.454264794337283 -0.404443028430775
-0.0110506698986413 -0.0213766082394361 -0.0109863914183015 -0.965840468898813
-0.0111647885688455 -0.0157788789597317 -0.828621954232606 -0.400687682048037
-0.0305635758417881 -0.0255515961797995 -0.511766408627238 0.499571849280543
-0.0260366938878224 0.000630285389361709 0.131126740194849 0.482794635671121
-0.0151274274694343 -0.00405909247423705 0.251740198950619 0.112797020806167
-0.0210246791702672 6.28008471011462E-05 0.0462999318612625 -0.175517790906024
-0.00629946406060645 0.00249003804895862 -0.0447679252248731 0.177279255538047
-0.0267636492387647 -0.0109931581887293 -0.151322217616734 -0.00640088345532769
-0.0166381305165192 -0.0181195653410098 -0.226499118374963 -0.382448064184792
-0.00601896238421754 -0.0400465104922425 0.258198158570474 -0.543334154087624
0.0079093185184895 -0.0397233145555422 0.793575552561465 -0.00575419518386153
-0.0173463029050845 -0.0041888802553095 0.418552938557592 0.77004508775479
-0.00739642013828205 -0.0601970252459197 -0.297061716270222 0.590694388395822
0.0273655531633657 -0.0685700777092196 -0.0115094434602184 0.112536647093373
0.0193548032684115 -0.0526402628078347 0.433643455419685 -0.443081273834959
-0.0170736978738489 -0.0253851401028292 -0.105538959487171 -0.955739084225915
-0.0161246160167177 -0.01648177835782 -0.854444627071253 -0.312962697797298
-0.0312541320910504 -0.0233675300601055 -0.447659513574171 0.544683117240686
-0.027612747288611 0.000396011456476846 0.171283490228524 0.467326601248598
-0.017685266348096 -0.00937593073449881 0.25289941648837 0.0961650706414398
-0.0183444135362979 -0.00482399933896579 0.0412788004305662 -0.184211618945294
-0.00433390641366337 -0.0042845307027492 -0.0414313963731427 0.168766460492442
-0.0371910802030854 -0.0137071747855164 -0.158777060041196 -0.0348362085480925
-0.022216372863905 -0.0204913992623794 -0.204103439139988 -0.407766955389082
-0.00437569514884161 -0.0450990716725049 0.318978304646077 -0.513822587414824
0.0111869836605921 -0.0361795071157848 0.796457065489071 0.0946855040101123
-0.0202147781176834 -0.0069266973074505 0.327220992986938 0.822484523724328
-7.6786184055759E-05 -0.0665640541701733 -0.341484466816996 0.557487478716627
0.0350286285178689 -0.0724052807823438 0.00584425732811631 0.0916506706577799
0.0198443480798139 -0.0545095316664631 0.402790772836608 -0.485991480027734
-0.0201995871008598 -0.0232869071665798 -0.21654658694234 -0.924137224389882
-0.0194620992978089 -0.0147192368725614 -0.874786021753087 -0.195728896157982
-0.0330493542523377 -0.0197602144442692 -0.373080813659472 0.590100764640623
-0.0274829377270492 0.00300701310227499 0.214560076722474 0.445818072211656
-0.0185031139503775 -0.0119002389045385 0.252190972591641 0.0717376002658542
-0.0147333211939421 -0.00782610874035474 0.0378529041814082 -0.193279274458488
-0.000930715063260629 -0.00476518184543766 -0.037527586984584 0.160704000366595
-0.0385347351674789 -0.0149754238691385 -0.161670631740052 -0.0570206273547902
-0.0210842001678601 -0.0219769108824555 -0.169291164246583 -0.429063299707598
-0.000471487857897942 -0.0454177333295417 0.387553378223886 -0.470256733497951
0.0172920152325401 -0.0317681683951539 0.787795877910163 0.202436638223421
-0.0176232167361175 -0.00590227339307702 0.222535687934163 0.868941728736073
0.00462606821604818 -0.0636178879760382 -0.381690044523412 0.525029300822226
0.0349657641487195 -0.0687150849876266 0.0271539722220501 0.069605335106196
0.0164962474503276 -0.0489691123183258 0.365206748854379 -0.531116534796681
-0.0196019132472867 -0.0171682059716515 -0.326445982395856 -0.882343176482451
-0.0203754647424439 -0.010974414306418 -0.880128331129154 -0.0768794821499698
-0.0343792409748279 -0.0126522952900471 -0.293762679549649 0.629004588003573
-0.0270028813709298 0.0073160071959178 0.257523062330728 0.418841099158021
-0.0173753758241646 -0.012402736005035 0.249339815162592 0.0463938396029349
-0.00932818478054321 -0.00743069534348896 0.0345301048836461 -0.204765293797868
0.00275974907782269 -0.00336905308030777 -0.0347156885896855 0.152452133727808
-0.0366407210421595 -0.0134910835203534 -0.164275781636158 -0.0770713613467882
-0.0184849334373976 -0.0211587270155333 -0.133706873394081 -0.441631551239007
0.00297387333482558 -0.0428669354450506 0.442807555226112 -0.420582366014796
0.0255132292475102 -0.0243966147824972 0.763754610395761 0.303058379685477
-0.0124940765189621 0.0021095271272754 0.119201081933536 0.896530378870644
0.00425625477844934 -0.0514926292741971 -0.416028584771661 0.488605605268178
0.0273693724213838 -0.0585879246446973 0.0482026786515094 0.0481496497819454
0.012476991487126 -0.036178260390031 0.32829371012502 -0.565397653827102
-0.0130102356534578 -0.00747710186621305 -0.418955924885557 -0.830399317718075
-0.0184764888388571 -0.00724781933495655 -0.871361822903902 0.0326597865797974
-0.0346424261096971 -0.00511281377443424 -0.213348121954598 0.653956683815421
-0.0244551669370126 0.0114858382757566 0.291656163819013 0.38961488252681
-0.013681618779318 -0.0095645939088038 0.244182395110083 0.02242721296016
-0.00346933517513967 -0.00515727377276967 0.0320446570026059 -0.214652296486755
0.00666285388141726 -0.000155267916328667 -0.0301038203078848 0.146320603020301
-0.031809597473618 -0.00977904847045877 -0.167039072390281 -0.0921492612635998
-0.015863980134582 -0.0183894338853291 -0.110410359201967 -0.44837871316152
0.0040050792833442 -0.0396639138057663 0.476212798900509 -0.385318176489926
0.0351017831192761 -0.0173913484974428 0.741734650881392 0.367409663121613
-0.00689017301257721 0.0167387776876631 0.0501636166905503 0.91607501446771
-0.00577681864955886 -0.0317134014184523 -0.433976003018338 0.462956671179128
0.0102314444202752 -0.0402442511167722 0.0636955281773061 0.0334490758559648
0.00870881646697642 -0.0151814206405451 0.301158690218962 -0.590509924251691
-0.00296970558443442 0.00184568963367761 -0.476927221706437 -0.792716423986272
-0.0139684807497291 -0.00501721689280915 -0.85722918397529 0.103682212101369
-0.0357521602045323 0.00103284404903275 -0.16746187754663 0.665781311751562
-0.0213152156760031 0.0144591680228934 0.310357937476963 0.369463788502703
-0.00918497340253849 -0.00633586381847686 0.237906926763104 0.00583397523296705
0.00183749821277325 0.000213457599411615 0.0315135615048913 -0.22247360648971
0.00888265826713844 0.00458294699183251 -0.0275070692548892 0.143374774905146
-0.025973164586026 -0.0035135406147731 -0.169030482254781 -0.0983902803467709
-0.0139375397864743 -0.0142112271242584 -0.104001009256352 -0.449161718272158
0.00396666450354876 -0.0363427848059611 0.486872203139175 -0.371118043316922
0.0437269159855802 -0.010857493755968 0.733648597066418 0.392875142341339
-0.000743481251131473 0.0353255942170827 0.0285755795237267 0.921840192832559
-0.0217731302256414 -0.00679094704030597 -0.439730441862756 0.453974795376642
-0.0104959521011627 -0.01925912097346 0.0704353156656366 0.0275663323111488
0.00534851018423175 0.00868180257168117 0.290664235554253 -0.599615956889859
0.00993660602408043 0.011067356651456 -0.495205189339157 -0.77987492987374
-0.00669991883865434 -0.00453977057562938 -0.85186037192722 0.127756248617095
-0.0349969680189013 0.00608211756385241 -0.151987762869662 0.669098204454588
-0.0180106335679219 0.0160834829227275 0.315491060577612 0.364091700898519
-0.00327111573186741 -0.00295589994514344 0.234295035813633 -0.000971196997704804
0.00539657327526454 0.00621423378758781 0.032264181723618 -0.226889087431485
0.0107045155536997 0.00919883138881396 -0.0253369478847556 0.142970010404296
-0.0192186557236237 0.00275308809012201 -0.171411346492539 -0.0973449484573179
-0.0130333335510631 -0.00995380980853963 -0.116581713283507 -0.447494735321941
0.00155689516677112 -0.0326411831103658 0.473529251906985 -0.384669111041743
0.0509523041544056 -0.00808378032555178 0.743869565987836 0.371767213956931
0.00594771494181613 0.0530099374247495 0.0568562839831096 0.923290320169506
-0.0383908355141619 0.0183805808712835 -0.429338749158168 0.463932447290001
-0.0326498059098877 0.00237123452589804 0.0672706216198517 0.031913558072531
0.000731936658737152 0.0320745064452878 0.301640195469525 -0.593290611052258
0.0219990941917661 0.019956037972708 -0.474078289933214 -0.792987556171136
0.00129348410715869 -0.00420186689283206 -0.861070753797174 0.102318841895943
-0.034631629698641 0.00750627270807028 -0.174075983916894 0.663892795940584
-0.0151657995880068 0.0171222254306778 0.306111667905887 0.372200882831969
0.00308843491446118 0.00218778741917808 0.233525601218605 0.00379893610352692
0.00813550498047305 0.0127365749279668 0.0348915392010896 -0.22827144922685
-0.00674256704174713 0.00615485150294346 -0.0472668671458867 0.18263058052895
-0.0208110023606503 -0.00669134238753769 -0.149446325791614 0.00823149944961464
-0.0147930895092176 -0.0146941661389743 -0.255576854595704 -0.360713148441674
-0.00854529146400403 -0.037487292380546 0.196264894694772 -0.562274767376269
0.00717282208145003 -0.0422251905811698 0.784605278478906 -0.0852218771713595
-0.0115901721387549 -0.00199826103593406 0.488854369121602 0.718803438319057
-0.0123817709817725 -0.0464731281729766 -0.254179584973615 0.609225747634234
0.0131430512755186 -0.0585041553318894 -0.0249053868703576 0.1274870700038
0.0158017479489605 -0.0438204269645414 0.450816838800117 -0.40694903367288
-0.0112743116792212 -0.0214145345009358 -0.0164788959703244 -0.964706998794164
-0.0107558935577317 -0.0158153764730125 -0.830267679962 -0.400279540592733
-0.0295320107906546 -0.0251584702201396 -0.508507327113554 0.499470008421401
-0.0258318395639984 0.000208848108710098 0.133682139015641 0.481135509744594
-0.0159710990634557 -0.00377009536078242 0.252866984683974 0.11285117084835
-0.0218651806183627 0.000699427696423755 0.0459610621748877 -0.17546503317165
-0.00661991423780338 0.00262477648701263 -0.0440083622569242 0.176886537731049
-0.0271552707844312 -0.010755616037488 -0.151184104417745 -0.00673772648736763
-0.0171227538292723 -0.0184764444482177 -0.2276011271218 -0.380505593477009
-0.00580092198392061 -0.0401464404323203 0.255602406742342 -0.544980762537755
0.00742403785570393 -0.0399978541927609 0.792819765811681 -0.00957453309209224
-0.0179956751956466 -0.00423412270233163 0.419646799435578 0.766760205745555
-0.00835985026099852 -0.0612878758334752 -0.292998149776252 0.589652827638707
0.0268387583894925 -0.0688372981394225 -0.0119388602784942 0.112150458786689
0.0198070519373756 -0.0531236164847631 0.429660487812107 -0.44478585617529
-0.0180333394116518 -0.0256417657991446 -0.108735437396141 -0.954169315924035
-0.0156114438601733 -0.0161460571922777 -0.85589602251964 -0.308027713621226
-0.03161072055858 -0.0231334643412418 -0.445201959971219 0.54479853673428
-0.027363732424037 0.000748430328915958 0.173920478101229 0.46606408249722
-0.0186019066170591 -0.00986833652413779 0.253195682072304 0.0941160949174837
-0.0182871866448424 -0.00447147749963413 0.0405241447793958 -0.184650308792039
-0.00470731989313876 -0.00441839490018331 -0.0406874672193301 0.168180079149684
-0.0383113670103221 -0.0127759944105076 -0.158808784321886 -0.0354422059395414
-0.0228803421860821 -0.0195586561597022 -0.207019173886141 -0.40748443116218
-0.00499121729533003 -0.0458497315876814 0.316839452647729 -0.51226388093448
0.0110789425744841 -0.0359402520368147 0.798004521962197 0.0885717293964569
-0.0202478239704353 -0.00680214114020787 0.328267029573846 0.819995631005041
-0.000518047766039895 -0.0670681602104854 -0.33807486214019 0.55926595210325
0.0344399920465774 -0.0726560145856405 0.00690574125668672 0.0921137081217141
0.0199647336587751 -0.0550852948084512 0.399943934272558 -0.486780784129016
-0.0203954519230994 -0.0237483701811594 -0.221619145831453 -0.923347741117015
-0.0197356718430213 -0.0140365940195577 -0.875005530753249 -0.190750709719981
-0.0322999513054863 -0.0193785346118914 -0.370249717084003 0.59105681963882
-0.0270380482931315 0.00321352268922833 0.217138306740524 0.444807155558318
-0.0182750343663566 -0.0124462916069706 0.253483006802853 0.0710063912091942
-0.0145402700094629 -0.00712677343102576 0.036296440756681 -0.192910131490242
-0.00170115309139976 -0.00478383980501756 -0.0368548642874364 0.160738478828696
-0.0386021524525803 -0.0138865833937011 -0.161149256309026 -0.0568718782239461
-0.021351404498997 -0.0218826595338747 -0.171016845748058 -0.426462644931423
-0.0015244911502269 -0.0449750355284942 0.384019664733973 -0.472784013268555
0.0176466501927601 -0.0311825647355875 0.787805589443644 0.198219197510842
-0.0182168809752243 -0.00568130952389362 0.227052550570148 0.865668624696944
0.00376764083313499 -0.0639956161603997 -0.380298276991379 0.525102033901757
0.0337279321354724 -0.0691258219833693 0.0272305162835901 0.069410497968069
0.0162891601899854 -0.0498984041661722 0.362714561404874 -0.530782732770721
-0.0193794936944431 -0.0173117761072869 -0.328739627518172 -0.879537500684704
-0.0200139119406321 -0.0106730004198732 -0.879382486760387 -0.0725633610630564
-0.0345945969675452 -0.0130477097291139 -0.289394582525005 0.628827847233212
-0.0266264080216566 0.0067729478007768 0.258582616580018 0.417865601269471
-0.0180347707771918 -0.0118980953066399 0.249667489542271 0.0454491375383005
-0.00935452589378353 -0.00694936707993747 0.0324631727071377 -0.203938661736953
0.00240700021674686 -0.00341058076447948 -0.0340235487919759 0.152170098463021
-0.037591232686742 -0.0130496220585193 -0.165057247406388 -0.0772179979852427
-0.0180725922609059 -0.0211463148757378 -0.135376053695996 -0.440359375967644
0.00237807514127478 -0.0436838964038333 0.4398642885576 -0.42254090250589
0.0252995758275296 -0.0247335962298668 0.763161147177732 0.299003765813324
-0.012647121816695 0.00231394523531186 0.123629968760622 0.896367174950927
0.00335264955200743 -0.0519942826727744 -0.413425777002562 0.487404166466045
0.0263103725369101 -0.0588221489828154 0.0484690873618731 0.0477005711630828
0.0124587363274625 -0.0362699405006603 0.325653939764696 -0.567791505722078
-0.0135527910903049 -0.00850226759680379 -0.421855949252332 -0.827139948680696
-0.018412004493835 -0.00732519698685678 -0.87009553436398 0.0386064653409394
-0.0351758869406721 -0.00488216042302651 -0.21096494358997 0.653057869825903
-0.02455975982285 0.0113096567509774 0.292634431336695 0.388215147211887
-0.0147648075998312 -0.00937159283014539 0.244600194422216 0.0220371905170723
-0.00397411793405225 -0.00414582342740466 0.0307228369919462 -0.213951143307374
0.00562538555772162 -0.000218999170792576 -0.03073994329649 0.146585276351782
-0.0324435294023482 -0.00865442785488095 -0.168246499743264 -0.0911302267125315
-0.0159030896697269 -0.0180898855108874 -0.11357614903097 -0.446074084602321
0.00423628395982804 -0.0402189329584153 0.475031755326652 -0.386440269300108
0.0345156789818173 -0.0178893402253856 0.743792383044709 0.363635044063491
-0.00655966104499722 0.0168973932990598 0.0541151986646928 0.914961160248792
-0.00665792686332502 -0.031497567926183 -0.432977073481248 0.462879920474316
0.00967612294569223 -0.0406548243076785 0.0644811438487458 0.0336475792377224
0.00873612835442464 -0.0153759695599944 0.299171171096611 -0.590505678559221
-0.00291833008806918 0.00109843749916408 -0.47850313131213 -0.791258272768158
-0.0130564289488116 -0.00509753678802743 -0.857223824998533 0.105299964755489
-0.0351825238799731 0.000728111321880583 -0.164717186880879 0.665520083918753
-0.02159733943341 0.0147270659911352 0.312675527224142 0.367806708226215
-0.00954299089723672 -0.00686054115342483 0.238022672275992 0.0045819868355809
0.00168670274887902 0.000203943979150526 0.0295537491051395 -0.223391197947541
0.00805101500851851 0.00396141396322338 -0.0265866285057356 0.142374471442055
-0.0262825964690246 -0.00296963648258454 -0.170189979533666 -0.0982773190053335
-0.0140391565145781 -0.0139550976678709 -0.107192443426093 -0.448639635669791
0.00368554563109711 -0.0367615325139215 0.485066397792838 -0.371179398669976
0.0441421315090844 -0.011531621204044 0.734294733299248 0.390539387239969
-0.00131946402151511 0.0350457726473081 0.0337301365722869 0.920042705048084
-0.0227743032646925 -0.00697940872992743 -0.436513071101148 0.454105813632169
-0.011191481565112 -0.0188596122361038 0.0705377208501796 0.027635159783367
0.00487541588020052 0.00873568209158422 0.290275717195005 -0.599110743649682
0.00962147611514355 0.0109184983529783 -0.496952823722113 -0.774694649549933
-0.0072629848374292 -0.00397826995292308 -0.852745236127644 0.129040187152689
-0.0343600116822117 0.00577541095130945 -0.14911792066543 0.667760108619826
-0.0176393405431712 0.0161797747434602 0.316466757033369 0.360322095705647
-0.00428827335481945 -0.00202158657030501 0.235560986111815 -0.00135587984150112
0.00582003584463088 0.00661633449586002 0.031532245823639 -0.227181815768888
0.0101944045703652 0.0093230228553558 -0.0251923197873997 0.142422944423387
-0.0195667325270109 0.00354742323315313 -0.172011842517222 -0.096878260931901
-0.013084975741499 -0.0094295272478916 -0.118752652056318 -0.446671819743316
0.00086961521414292 -0.0317620046790236 0.470904706145351 -0.384787663897962
0.0507559016210969 -0.0081178807284608 0.743968714789084 0.365877020977283
0.00562047935380317 0.0534814151196099 0.0613272637762917 0.920354276055632
-0.0378219492650811 0.0179028392446125 -0.424668513870522 0.466379537322714
-0.0327200399795826 0.00159962027157855 0.0680375838580744 0.0317269936875141
0.000714927280300122 0.0315925926310852 0.299716337777428 -0.593542390562444
0.0217425472387994 0.0197601302774427 -0.480942511556614 -0.790382795166616
0.00184841002661617 -0.00404527659016343 -0.857133479515772 0.108433668079158
-0.0346430305960776 0.00743786286375741 -0.170250812906068 0.666143084025037
-0.0153215202445913 0.0154296644235186 0.3064544135045 0.369810454488848
0.00248699139400555 0.00317076199889068 0.235410099262422 0.0027885565499051
0.00836260259236507 0.0131663421235963 0.0333629757807045 -0.228580546933034
-0.00758652956062874 0.00688908352827566 -0.0456780384687624 0.182564600195022
-0.0215431335445605 -0.00717017912100417 -0.149038006862729 0.00728799515527099
-0.0156852130602579 -0.0154389722376417 -0.25644247561745 -0.35899782709149
-0.00800340577407578 -0.0383911637556697 0.193803853434855 -0.561410769344637
0.00701280544316298 -0.0430301552880347 0.781465038155403 -0.0918351934577396
-0.0127232819522786 -0.00167783628303961 0.491911982709966 0.713168709238961
-0.0138320322942722 -0.0470458156150161 -0.251260803416545 0.60869983076102
0.0128811801131578 -0.0580017205579457 -0.0258508264147847 0.126915611855837
0.0148422304889758 -0.0438142422994304 0.448690911178061 -0.407542775262822
-0.0112736793450357 -0.021343590266129 -0.0206532382408871 -0.96215103494036
-0.0110702372235694 -0.0150421689603291 -0.829084863280452 -0.394897168146715
-0.0304668759904681 -0.0248250205934 -0.50461553014085 0.502403654049896
-0.0254648087625403 0.000469062752258385 0.136014984957943 0.480957842270493
-0.0163576916503738 -0.00424913418970643 0.253342768249058 0.111306416977391
-0.0218361796723705 0.00106521931228995 0.0447113166693729 -0.174930437540389
-0.00615090427770946 0.00269412224800231 -0.0428523208561242 0.177747431943533
-0.0279017395107182 -0.0110527140736708 -0.152251841556544 -0.00785382720502083
-0.0172206894699776 -0.0188478490213442 -0.231029179638439 -0.380271757691165
-0.00571220879943518 -0.0406812544521696 0.25354013017932 -0.543499332303246
0.00763076755385252 -0.0398021728510501 0.790270566636105 -0.0123989321259239
-0.0184179986281183 -0.00378296541228629 0.422443874310519 0.762835080551477
-0.00924574874944083 -0.0614603793071064 -0.289417174576072 0.58863078643227
0.0266877755961581 -0.0680654992999899 -0.0108884740248733 0.112596467348636
0.01885043280185 -0.0532751692062843 0.427050375408488 -0.444923036530389
-0.0184081376381871 -0.0257153243423798 -0.114223277602944 -0.951652153076999
-0.0161269683700908 -0.0159216994791846 -0.855441821478669 -0.303656841100983
-0.0313896065464373 -0.0232342718743646 -0.441160450852497 0.545643900437378
-0.0265551344901699 0.000502490337096012 0.17610094324144 0.464416918892568
-0.0190599061108724 -0.0105207560322451 0.254363446639298 0.0935445345011881
-0.0187974057184332 -0.00354811439951553 0.039139483983027 -0.18460133543144
-0.00525662517938377 -0.00453156247356481 -0.0392714352999025 0.168199945202845
-0.0384388628028798 -0.0124162199770356 -0.159670406312096 -0.0355244121588772
-0.0234003119910866 -0.0200417619313456 -0.209636540417512 -0.404537795115185
-0.00557162142829739 -0.0458104409773538 0.313036662693256 -0.513612468836768
0.0102522889000464 -0.0360386762880318 0.796241101120054 0.085307361856303
-0.0205401468985601 -0.00604536783197551 0.330789686745415 0.813105110544763
-0.00211390792853784 -0.0674471531639546 -0.335384323511226 0.559934496376509
0.0330461886300261 -0.0723845000457623 0.00673363457720036 0.0915566125589696
0.0197994512907761 -0.0555217788035717 0.39630352029537 -0.488203343098962
-0.0208010002386393 -0.0238670454461035 -0.223803054329327 -0.919875844320222
-0.0190881961199275 -0.0134922035200026 -0.874481473515594 -0.187909250668039
-0.0326940477919738 -0.0188972709761756 -0.366513721723716 0.591444356487008
-0.0268547394258378 0.00232932864275791 0.219436664881618 0.442237849752219
-0.0195231527152274 -0.0119930726210158 0.254243461145666 0.0697267574919195
-0.0139905386173134 -0.00596875190312322 0.0349925635073534 -0.193071179774954
-0.00169038421886465 -0.00494419716929737 -0.0353508168503734 0.160004706177043
-0.0392479995386807 -0.013291685163192 -0.16273279597488 -0.0570039865231971
-0.0214772556806626 -0.0216439057589369 -0.172844131450507 -0.422827014705373
-0.00151364822607947 -0.0461415252924575 0.379638824983422 -0.47203060291746
0.0177704704499295 -0.0326500383789139 0.785925280435158 0.194427416499586
-0.0182276854232731 -0.00552330787841453 0.228920227388517 0.861052143518484
0.0037855803603653 -0.0640293835252475 -0.375492527667833 0.524169250894914
0.0339631725934186 -0.0699011427296136 0.0285622278248189 0.0693803185548022
0.016217753734392 -0.0500072777769503 0.359361443872529 -0.531472222675008
-0.0193907990079447 -0.018335630852778 -0.333415974887821 -0.876861074746826
-0.0207014445691995 -0.0107563152342979 -0.877177272475379 -0.0697004964366023
-0.0349926259813568 -0.0121470740864133 -0.285263216874068 0.630524086487868
-0.0271106353071962 0.00653104011184679 0.2604258941455 0.413842107075791
-0.0187511970401705 -0.0123370163170693 0.250518971058243 0.0444808430241861
-0.00931265833400815 -0.0065578195428765 0.0309004562717884 -0.203761431183722
0.00212773059970915 -0.00372845260029671 -0.0328006791850448 0.152529225077332
-0.037682320891759 -0.011743593605832 -0.16540385543478 -0.0767632473535163
-0.0186106032544648 -0.0202431572193181 -0.138863779035247 -0.437612554717684
0.00237382809035785 -0.0438176873664504 0.436494370191366 -0.423317852184467
0.0257382246979361 -0.0253628247383923 0.763792710240381 0.295384488780812
-0.0125790702391195 0.00232885135430874 0.125784087722698 0.894793524245347
0.00271556747632067 -0.0524424498557017 -0.411374292792093 0.487615820877505
0.0263219150202749 -0.0588891378851152 0.0490411825985612 0.0472446992445046
0.0118216945662887 -0.0368837038557391 0.321586645166806 -0.56698918222622
-0.0135759463578969 -0.0085130515139926 -0.424817086479181 -0.823922178194237
-0.0184312607276616 -0.00658312037529801 -0.86648252932805 0.0399064328991515
-0.035141085376673 -0.00463565977252018 -0.207053055290678 0.653319560794176
-0.0241723793594045 0.0105259744974566 0.293500907495572 0.38546033085209
-0.015126075276209 -0.00955139327841169 0.244876369557838 0.0200489676212254
-0.00408167014237267 -0.00445516978492248 0.0290648756722353 -0.213693374536649
0.00503026610697519 -0.000604253306919934 -0.0290292175870066 0.146015387186399
-0.033130157527424 -0.00841206454592393 -0.168960446354635 -0.0913805048773895
-0.0161464858394246 -0.0182694776857282 -0.117232560373414 -0.444497501296682
0.00263527568129902 -0.041274232257938 0.471205675712484 -0.387193100402837
0.0350827930273377 -0.0184906212819778 0.742008932489741 0.36030552594382
-0.00714121370511647 0.017681487458686 0.0591962832201614 0.910267140017901
-0.00692619441147122 -0.0319137590311512 -0.42894932784218 0.464749510188044
0.00886785173429586 -0.0412373995053634 0.0634392484400978 0.0334730817282249
0.00780596206929644 -0.0152546107007394 0.294412521728873 -0.590663053894531
-0.00315871964551185 0.00160282913651981 -0.48076025559084 -0.786585207848655
-0.0136823118299509 -0.00534676784125294 -0.853397308902688 0.109576182202338
-0.0352749941197297 0.00217669297834545 -0.160213708922331 0.665132219648247
-0.0210115457845373 0.0146400480446798 0.314458195517258 0.365754382648962
-0.0103662888370231 -0.00732395362033889 0.238759250436603 0.004293462310073
0.0011887849214389 0.000648473736166259 0.0286657937984783 -0.221474902923774
0.00825994779368231 0.00416974784874248 -0.0257429109916887 0.142891387575615
-0.026707642309485 -0.00274592579955783 -0.171216443902091 -0.0973418252530287
-0.0146957926926869 -0.0142801042125935 -0.109661254149567 -0.445873185716694
0.00269421330254154 -0.0365146951260815 0.482664467533459 -0.373446911407294
0.0435380547682552 -0.0120677740869968 0.731777308216255 0.386099551077749
0.000205455825067201 0.0361378211138117 0.0374617060639219 0.916350910086511
-0.0227636106701599 -0.00722638680080307 -0.433596697476119 0.455559344049056
-0.0115483943745012 -0.0190408195674736 0.0699203891708451 0.027641394214489
0.00475045702882389 0.00861848559679636 0.286958505526286 -0.600718064706314
0.010393571143115 0.0107082809668717 -0.500044393434025 -0.772442137006673
-0.00629005778156776 -0.00384108976558832 -0.847962946808327 0.131749262233279
-0.0343884890735996 0.00636564195525925 -0.14431273133473 0.667113518673002
-0.0178083511488631 0.015663276278168 0.318505581995003 0.359344724384653
-0.00495196371993209 -0.00239226509894383 0.234302099550224 -0.0028878290451399
0.0058937506072188 0.00663631505153783 0.0293118278469948 -0.226587622865926
0.00967266055677083 0.00903659724887079 -0.0239881635737354 0.142250454515969
-0.0194717633678806 0.00349742552152513 -0.173307641196034 -0.0965687228433461
-0.0136528322551932 -0.00842633189414951 -0.121694270069841 -0.444487370636387
0.000750336068070962 -0.0325687465410692 0.466141568287071 -0.385062998335516
0.050893736943318 -0.0086560998331549 0.743593455182422 0.360180506703121
0.00647230650836421 0.0524985800749498 0.0646783558731052 0.915571470193017
-0.038281288502613 0.0178120040804248 -0.422576118516478 0.466893293653972
-0.0344287141428429 0.00197132537294517 0.067969076805826 0.0322808480882223
0.00156823940370129 0.03106647803562 0.295271111003153 -0.594085987082351
0.0214615929674477 0.0191443565496733 -0.482241398340087 -0.787058081662382
0.00184439348082502 -0.00412965213165845 -0.856435142539988 0.110846503986455
-0.0343256535636182 0.00755815903549393 -0.166535555632763 0.665094936347586
-0.015367000906492 0.01648045385112 0.308718858371458 0.36713643878502
0.00085947933575658 0.00308064959030556 0.234842656965215 0.00109720979041892
0.00674874615945539 0.014039195007525 0.0321536382750981 -0.227616403112069
-0.00771652530372377 0.00615093655881996 -0.0437712030659589 0.182220965191004
-0.0215125552654784 -0.00650694198696992 -0.148261387769348 0.0072158965282614
-0.0155464531763292 -0.0156783246418767 -0.257481889947896 -0.356987967663709
-0.00804202928058279 -0.0386063290379569 0.189668680876754 -0.561392217898213
0.00694615379137732 -0.0423055568265557 0.780580197810912 -0.0959735806266138
-0.0125676322057988 -0.00141814585188258 0.494234955702995 0.708375334765638
-0.0146329446394028 -0.047269073305225 -0.247602207239587 0.608656208975355
0.0119839559009513 -0.0572030134343064 -0.0241820561308082 0.126776365656178
0.0145779108254401 -0.0437632555447696 0.445344927351497 -0.40988868210369
-0.0116045066598963 -0.022784847523312 -0.0267391523153835 -0.959478627141097
-0.010520179233231 -0.0153507688437234 -0.829914282283286 -0.390086795706679
-0.0309269347943878 -0.0241917334479895 -0.499964626471962 0.502596986755309
-0.0251720365000189 0.000222077217489515 0.139906968712403 0.478304093337714
-0.0165534410118043 -0.00354321517104395 0.254638034007879 0.109479147450354
-0.0218031848340588 0.00144647088783521 0.0431086532328999 -0.175214907022603
-0.00680884978568796 0.0020768920356701 -0.0423861242656271 0.17752811014908
-0.0280148258468438 -0.0105383253451705 -0.15162280806173 -0.00812755368219331
-0.0180322680934173 -0.0181799621563358 -0.232773926924825 -0.376556794909241
-0.00582192017142103 -0.041059357748348 0.248573558280799 -0.543661420751535
0.00729808790470458 -0.0398518101438484 0.789404869711957 -0.0173306333576431
-0.0195102891017566 -0.00335700770562182 0.426616405262903 0.758116389705441
-0.00979933617537268 -0.0614842189989482 -0.286212851281039 0.589287364451307
0.0257089349908149 -0.0683895705903839 -0.0104188400068623 0.11194214524323
0.0177831486196498 -0.0532805893299198 0.424158680710434 -0.446103858701178
-0.0171763977845058 -0.0264355838492462 -0.120116003166524 -0.950224432850975
-0.0160681289121065 -0.0155887792037466 -0.856299473523587 -0.30041884919599
-0.0309231773049054 -0.0229058785986281 -0.437723210433814 0.545295575408621
-0.0263995580091371 0.000273026594627711 0.178417415098401 0.462877675611045
-0.0199519430520884 -0.0100049024846707 0.25521496335236 0.0911678715537852
-0.01860872276583 -0.00282384197120066 0.0378601385470058 -0.184175604563982
-0.00630241577732406 -0.00370341067081991 -0.038010607251074 0.168623597649237
-0.0390880965301807 -0.010818665557421 -0.159552165671442 -0.035539398929048
-0.0231003116180614 -0.0191916188107464 -0.212128068980945 -0.403424450037985
-0.0061629053102231 -0.0459314066555473 0.308871708673383 -0.515230387165847
0.011084865201773 -0.0365002252406697 0.794609115338906 0.080710050875256
-0.0208555946746158 -0.00657206237806921 0.335327309816079 0.811188364885867
-0.00226635950428785 -0.0672378523776464 -0.331721207725573 0.558276682155339
0.0331369193305266 -0.0724840177452747 0.00769202837274841 0.0910412191118583
0.0180537343765611 -0.0553471708005462 0.393243572357724 -0.487237973904606
-0.0209838896737624 -0.0234783194097528 -0.228012524051149 -0.916845232305031
-0.0194188945312175 -0.0131481167026693 -0.871979450044671 -0.185403371858715
-0.0332620928530298 -0.0175802734736581 -0.361303698999483 0.592113636987547
-0.0271422990163742 0.00262503504089446 0.223187219394659 0.440436735430501
-0.0206120367851772 -0.0122119142566626 0.254772903641227 0.0692853965865191
-0.01516727212593 -0.00650348009775208 0.0332838087281198 -0.192714186714179
-0.00214894568789161 -0.00504055386801935 -0.0340395944953819 0.159622946454947
-0.0398408814679974 -0.0128936416451236 -0.163381763726664 -0.0564602601552282
-0.0230768750064378 -0.0211553790283321 -0.177374059565286 -0.420730431314474
-0.0020121057196108 -0.0459681426459148 0.376252230260038 -0.471695134152923
0.0175722714584896 -0.0322930826634812 0.78519400567366 0.188158140914312
-0.0179857389311209 -0.00446252598087621 0.234778669997133 0.855489727751258
0.00247912249925674 -0.0641361448825634 -0.372949234468013 0.525938694735363
0.0327727715820879 -0.069895502556791 0.0285935238772058 0.0693500273598308
0.0150942007486763 -0.04967707056468 0.354852203001658 -0.531008107848435
-0.0197592558962337 -0.0177529717029461 -0.338222051981582 -0.874368895024461
-0.020161191273663 -0.00976369981361179 -0.875825459201562 -0.0632561717093477
-0.0348171185877666 -0.0120180745837961 -0.280762981063567 0.630281994651644
-0.0259992789608862 0.00666273106885687 0.263812753262418 0.412082534060955
-0.0198222018720652 -0.0120546708857931 0.250422957111174 0.0431717626526097
-0.00991796585011666 -0.00671758055011019 0.0296064620359746 -0.203658488260773
0.000678392549126846 -0.00326574446244156 -0.0314642660714209 0.150855380800252
-0.0375023759922017 -0.0106757397587108 -0.167343310179777 -0.0770465760068422
-0.0197866593389678 -0.0206864108203712 -0.141811225031019 -0.435066307055693
0.000793468543973546 -0.0439014036779757 0.433079247005181 -0.424600606462155
0.0264330181289483 -0.0259991237244302 0.762789329027091 0.288503942901528
-0.012868413175604 0.002084933282125 0.131128850619771 0.890963341416873
0.00135707802914313 -0.0532666517110298 -0.407748967903316 0.487101006378542
0.0250673981327536 -0.0587183116478055 0.0486313495751183 0.0474602849461076
0.0111199129451286 -0.036891060712754 0.316688941457848 -0.567507342957631
-0.0134318114092188 -0.00886972001226653 -0.430772269014313 -0.821236649930307
-0.0184377937829154 -0.00667970789397539 -0.864621141940655 0.0450797262778757
-0.0354671307452265 -0.00371605232787235 -0.203116305964187 0.652992751709208
-0.0246345750072668 0.0106909702324542 0.296945173673038 0.382860181245111
-0.0158089024908046 -0.00909336548414112 0.244962907845375 0.0185516008732689
-0.00414846084630342 -0.00334133460150262 0.0278222610616514 -0.213037986604595
0.00477008820580132 -0.00014766964512862 -0.0277628700187907 0.14559136961777
-0.0336567091933095 -0.00700771301841896 -0.169819769924965 -0.0896536300736515
-0.0168257011012695 -0.0176101641115101 -0.118405426124339 -0.443328534029068
0.00200533243815472 -0.0403159413467989 0.468760887049876 -0.388188350712181
0.0353190657779047 -0.0188240643377581 0.742492005601633 0.355261862185182
-0.00652642126566915 0.0173749491880487 0.0634500545486317 0.908007023799239
-0.00746974125372977 -0.0325508317013427 -0.426891764849971 0.463898290984411
0.00864554558475911 -0.0412012145309903 0.0638567646525982 0.032352054271769
0.00780569894936482 -0.0156121577258886 0.291699334358577 -0.590414328223975
-0.00240038045782622 0.000400722877280359 -0.485251755551643 -0.783724776628384
-0.0127703871938939 -0.00389694552244348 -0.851999044980908 0.112128914798055
-0.0355073582403502 0.00200049084225291 -0.154269636484974 0.663951784970492
-0.0204477384011888 0.0135746833304264 0.31570489135679 0.362544102801745
-0.0110992451041771 -0.00647677382354852 0.238977608261895 0.00273798284729405
0.00180865134908425 0.000641924454978383 0.0263869463732588 -0.221927102146915
0.00667157889078316 0.0037828403675514 -0.025705704759348 0.141649629592961
-0.0267397701533759 -0.00152387133773879 -0.172611198497725 -0.097287301582266
-0.0151428963939941 -0.0130137756324226 -0.113604461229493 -0.44289549952033
0.00188477627231294 -0.0364730600306042 0.476096573519593 -0.374388639657496
0.0436626376882301 -0.0125007866071514 0.734655661132465 0.380430299115768
-0.00101687868285873 0.0352997781689705 0.0422442533550987 0.915292775577138
-0.0226008903347752 -0.00716373034475701 -0.428489173096262 0.455381215098146
-0.0117490601148062 -0.0199080268645935 0.0704162986187145 0.0265137149823685
0.00482103569654613 0.00776772958091721 0.280987795907041 -0.599213999053661
0.00992015569321229 0.010338177831445 -0.505147395044169 -0.769159135636992
-0.00673374555474153 -0.0032111586627429 -0.847234257367551 0.136789695803846
-0.0354341812634696 0.00644553321728596 -0.141102726046186 0.666520807208796
-0.0172850317817446 0.0161135059504097 0.319397118610332 0.355239904997488
-0.00584419542736108 -0.00232341118782833 0.236114643131202 -0.00319954331965352
0.00590674547354366 0.00718377102964128 0.0281778095075288 -0.226056772687261
0.010238209443067 0.00973223418440395 -0.0224350416500472 0.140512867187841
-0.0192195444377753 0.00514194680624924 -0.175373844905414 -0.0963823339039981
-0.0130026176166427 -0.0100312314970655 -0.124114265364777 -0.441041823972145
8.67075590591671E-05 -0.032071578066765 0.463273230626939 -0.387898528033114
0.0503975836956833 -0.010380670447533 0.743186421211477 0.359480847757106
0.00623885076974416 0.0538116581320786 0.0681684321479183 0.914602304007962
-0.038933481817841 0.0181318101422077 -0.419053657177573 0.467324095426647
-0.0347733328443749 0.0015609768159069 0.0672071146293177 0.0320005685266138
0.000162193219469415 0.0302272628408318 0.292071881810626 -0.594064260126572
0.021316333711282 0.0195188300713772 -0.48680010254235 -0.781974047990495
0.00221643673787554 -0.00364726198717795 -0.855984207021887 0.116391889668262
-0.0353102386427861 0.00853563941951706 -0.161543973510076 0.664380251887052
-0.0156467105209907 0.0166344135012915 0.312936236935829 0.364128029710749
0.00116963191225524 0.00371022321233369 0.235340849674402 -0.000239484579123382
0.0074713133109363 0.0145096075524551 0.030787627987966 -0.22740489237089
-0.00798480508451925 0.00639132292061506 -0.0432765798947539 0.18280246838462
-0.0223167725958736 -0.0072041853838708 -0.149031213658923 0.00632871339589499
-0.0161760543396169 -0.015306870571461 -0.260284544266048 -0.354889172417948
-0.00852556248042316 -0.0390443819559962 0.187975201643047 -0.562496756911966
0.00670823922786984 -0.0420131164991095 0.776573635400423 -0.099492418990131
-0.0130509240079353 -0.00124099146979659 0.496240791383622 0.70474164833862
-0.0149100567765857 -0.0481310548404644 -0.244263738911474 0.607774841651071
0.0113587471433118 -0.0579289895068783 -0.0230546840090318 0.126976052951816
0.0141447532867354 -0.0444746385698787 0.441906116052042 -0.410416902720558
-0.0105366650969151 -0.022727550762306 -0.0301589324467234 -0.95809331024965
-0.0103675520953261 -0.0145131564720962 -0.828198931796719 -0.386639342543805
-0.0304569889988364 -0.0229852392302058 -0.496082243951845 0.504152112467967
-0.0250570075231421 0.00015351145124157 0.1422500421811 0.476652641952891
-0.0180561105146521 -0.0041910298045203 0.255438044137859 0.108233322007265
-0.0212592239847281 0.00198581042521281 0.0426899205394439 -0.175311425283131
-0.00613314841579517 0.00245531749009711 -0.0407287380674251 0.177821600768795
-0.0290043150992796 -0.0102568180269078 -0.151777930548331 -0.00919957028625309
-0.0182165473073728 -0.0191624062110799 -0.235173353869001 -0.375341207797554
-0.00661552417951604 -0.0415706036531968 0.243973273461785 -0.544382508097763
0.0067959105694254 -0.0400420887911277 0.786466058647148 -0.0220458744431662
-0.019466644043839 -0.00311770638242592 0.430552737100715 0.754580390699778
-0.0103006607623687 -0.0624299381441605 -0.284383875743964 0.588751322903502
0.0253371710075633 -0.0685985291638758 -0.00986681274140063 0.111235561478031
0.0177278474136082 -0.0537919850797902 0.420557365167982 -0.448861482946427
-0.0178236468354468 -0.0261417299973782 -0.121662873906496 -0.948565105689927
-0.015868540815405 -0.0149252736153289 -0.856733228988566 -0.296387204732946
-0.0309303717706083 -0.0221440482436407 -0.433280085374966 0.54679632683536
-0.026280320974353 0.000378031848655175 0.180255909684771 0.4611781828461
-0.0202457165457 -0.00975428666075263 0.255988287543004 0.0894962089275078
-0.0186798451705716 -0.00242521260709655 0.0360761218532006 -0.183926459983365
-0.0060477221001863 -0.00426258139149334 -0.0361998144943983 0.168758645218782
-0.0395333851792117 -0.0100620740305925 -0.160320061854302 -0.0355580769603522
-0.0242184056828445 -0.0192545630212761 -0.214589746058918 -0.399701551097282
-0.00603435293289458 -0.0461646662960297 0.305559621702393 -0.513537463324512
0.0112179169261761 -0.0367702412605223 0.793893502137964 0.0768674093343112
-0.0206777305432842 -0.00557186936862703 0.339217742051858 0.807821845995929
-0.00344755734307774 -0.0683570766722972 -0.327141300499016 0.559552436724854
0.0323510457703908 -0.0726749749833522 0.0076835352287492 0.0906573449823364
0.0172948123461743 -0.0559526608859158 0.389037709866316 -0.488718209355969
-0.0204629896065576 -0.0250207031495305 -0.232761361856034 -0.915687503034207
-0.0194034456316715 -0.0132269618160456 -0.871529760486876 -0.179020771301053
-0.033171510029621 -0.0175603298297652 -0.358053182616527 0.592785896653475
-0.0272179630202441 0.00238183052096393 0.224124159980034 0.439502437267917
-0.0211407972972125 -0.0119156908465195 0.255438982202672 0.0664830525185291
-0.0147834427834344 -0.00576336234009015 0.0322489101225415 -0.192289206278221
-0.00269175312960182 -0.00485620810490235 -0.0332479575342654 0.159912490992005
-0.0402386762707365 -0.0116386784594836 -0.164167087021901 -0.0575234550631772
-0.022448662413023 -0.0202943444944382 -0.178792459841023 -0.419421686072418
-0.0030177911504112 -0.0461243723047376 0.37286428972335 -0.473040985838855
0.0170666113401067 -0.0323136169536583 0.784097516652144 0.183803855435996
-0.0185694246979769 -0.00430475211088143 0.237783780687454 0.853385146433793
0.00196097468077336 -0.0647724811655011 -0.369819596652155 0.524386255357862
0.0320921386253216 -0.0697416542171305 0.0284232006415727 0.0682945551604688
0.0147308437425691 -0.0502108564765975 0.351886916592965 -0.532089349429625
-0.0193379831458891 -0.0173823112073231 -0.341807773241586 -0.870164280299444
-0.0203320102180844 -0.0100454757289295 -0.876783500500015 -0.059488525176929
-0.0347643488715409 -0.0114556328712209 -0.276325828203473 0.629255934103309
-0.0266820821896422 0.00659039131159027 0.267160275355996 0.410315821937917
-0.0202836714826304 -0.0123237518356172 0.250808149308433 0.0416898907701981
-0.00908846040292131 -0.00534083878503893 0.0284253821819771 -0.203368072722732
0.00081499249264635 -0.0036009126027735 -0.0313183253025606 0.150914653719113
-0.0377540833677741 -0.0104303147828719 -0.168003636507774 -0.0767827887357608
-0.020039727442852 -0.02046387750926 -0.144457413551981 -0.433487492788172
0.000195747040004328 -0.0440986916113156 0.428421052556626 -0.425782444662428
0.0252696199676396 -0.0261394831071221 0.761774377721165 0.284331290686573
-0.0128064134236961 0.0028340707491939 0.134665835455772 0.887549338473827
0.00055878913747328 -0.0538429122365381 -0.40460047866867 0.489059430951338
0.023805534256279 -0.0589502359643357 0.048983037684421 0.0462673261923856
0.0101729868543398 -0.0364820801516869 0.314635586184439 -0.567998712508097
-0.0135541305649782 -0.00879681936920752 -0.431317511682593 -0.816267310295886
-0.0179125997423494 -0.00555845451047476 -0.863712174455437 0.0499529353860079
-0.035638918056117 -0.00462765800870226 -0.199111340621662 0.652395940048191
-0.0234174569360779 0.0111715291004822 0.299626523464445 0.381323060526677
-0.0168657248846353 -0.00979409477083871 0.24425105426463 0.0169484611528453
-0.00439686828742945 -0.00346580377677277 0.026538027213284 -0.21328582332995
0.00338672150252994 -7.54939138118444E-05 -0.0282968376961935 0.14517429970967
-0.0328415039382337 -0.00613767525439706 -0.171032316152293 -0.0904422236260838
-0.0170292095358801 -0.0175065568607537 -0.122737093693618 -0.439509026099814
0.00163851970909708 -0.0407425133309553 0.464816960989448 -0.388781590516603
0.0350817149474986 -0.0193198530530197 0.742405221641025 0.3516204917502
-0.00625251944017927 0.0177383764536625 0.0682472446614576 0.905405476469878
-0.00831381299056375 -0.0321059910210187 -0.423095106558264 0.46406401286789
0.00810287203381533 -0.0411379265517781 0.0636225678322924 0.0325279505335168
0.00807726999716024 -0.0161859265239111 0.287493223625108 -0.591445054939094
-0.00247217373260371 0.000625268428180475 -0.48813712669177 -0.780091675455235
-0.0136717064476999 -0.00423273122407225 -0.850599310658044 0.117810427550496
-0.0354573564639326 0.00259075569400347 -0.150969777604644 0.662656767060847
-0.0217567777352028 0.0137097728957496 0.318371277009972 0.359888130563081
-0.0118358026978695 -0.00642147399651366 0.23907421705574 0.00142862636084584
0.0019615124953563 0.00150653081937733 0.0248686489038001 -0.221994802944141
0.00664979272169034 0.00433604970924543 -0.0247397558534205 0.141250262374449
-0.0269299540242694 -0.00069922851309435 -0.17369214520164 -0.0957272705576517
-0.0149847954588367 -0.013203436328773 -0.116185646446093 -0.441724159885515
0.000955297247769351 -0.0364675785807085 0.473324541204563 -0.376121457751064
0.0435328614563468 -0.0134663929307503 0.734596251649398 0.375028291184791
-0.000140770357077906 0.0355903867307841 0.0448110284961712 0.912160662830636
-0.0234901097094309 -0.00764727669887471 -0.425728347898898 0.456313103117737
-0.0122925266817365 -0.0196350429755358 0.0702030123717773 0.0266033444106013
0.00441210163670775 0.00711246751764633 0.278280553139828 -0.59910596135786
0.00987555359614167 0.0103652262715946 -0.507080414802207 -0.765348995944747
-0.00617700288926417 -0.00302035603261897 -0.844708075848103 0.140361265940932
-0.0342440205974012 0.00686507379566749 -0.135036740043512 0.665880501777286
-0.0182984933920653 0.0156879948797913 0.322545956858326 0.353980576322564
-0.0065542173768338 -0.0019207936546391 0.235049601659847 -0.00406340752739903
0.00602732911629458 0.00766711800273052 0.0260046447998678 -0.225817532150637
0.00750015825462023 0.0102346360721908 -0.0224811354120913 0.141240802214497
-0.0202750810430795 0.00550206734273769 -0.175251191258588 -0.0947188911965649
-0.0139450981875721 -0.00942728783116635 -0.126756818649858 -0.437831861444488
-0.000860696799350271 -0.0320946885815682 0.460345209093269 -0.38942546733311
0.0502820338744294 -0.0111791990779158 0.742584679476945 0.350856589063261
0.00690959965011829 0.052837836914217 0.0735812274072915 0.911292103412737
-0.039303689492947 0.0178854223541458 -0.415274107985101 0.467589333042742
-0.0340310340470081 0.00215594957642359 0.0681390699844162 0.032411122189084
-0.000367750172547572 0.0316013596637821 0.287534528001124 -0.593477442569356
0.0220971752796885 0.0184054684192162 -0.490305271920322 -0.779630581995455
0.00180853754713286 -0.00335407926805738 -0.854209780295272 0.119974304209442
-0.0344325406153111 0.00918058464912824 -0.157762120123848 0.665267625298525
-0.0145928430058028 0.0157392139575424 0.313562697514142 0.361206881014334
0.000759488848119492 0.00362241710038302 0.23414909322089 -0.00130901333384339
0.00816250853177801 0.0134396764211219 0.0282985698952195 -0.226961342909313
-0.0105177227876051 0.00228899896723585 -0.0788750291082351 0.171976269803528
-0.0197496569289515 -0.011707370213101 -0.147175595622621 -0.0251074064075363
-0.00639209941995132 -0.0178383045142115 -0.18018513249817 -0.398760929126016
0.00268864307514522 -0.0308232462065114 0.298507418117325 -0.50978635999768
0.00469160086394172 -0.0339199242574827 0.780198470074475 0.0595903444579134
-0.0169643842886199 -0.00923012542019608 0.340314640678718 0.795993422627975
-0.00195607314301794 -0.0498117281394085 -0.37597447436315 0.544207114494323
0.0241772187378985 -0.054528863058237 -0.0492841520818077 0.116877655869656
0.0217372616544114 -0.0390759058775226 0.518973941466023 -0.305030772322546
-0.00932918842639663 -0.023644768756867 0.182070375860372 -0.935486166465821
-0.00698593982094759 -0.0155711123315395 -0.724955532425873 -0.554483583267766
-0.0207080789874726 -0.0240005164676599 -0.599308722174199 0.383205494829703
-0.0220046314714718 -0.00415566775655881 0.0389242008128622 0.501190318299247
-0.0152997523813567 -0.00938683182044099 0.232356045036066 0.162302329266087
-0.0221054856094439 -0.00222682005977894 0.0828460593026363 -0.166432145358604
-0.00825799711288232 -0.0011833910624315 -0.0752370309533828 0.167027120400611
-0.0252044210580795 -0.01645926431997 -0.146094342094217 -0.0417727473109807
-0.00808186545695494 -0.0209470432829727 -0.150474984772612 -0.413625801027779
0.00352889683022185 -0.0327492551369145 0.351420675182408 -0.480845337368508
0.00525141957669534 -0.0328912926919518 0.772604883829565 0.137627719469735
-0.0210986376357535 -0.0125593130258034 0.262641131817235 0.8304194426516
0.00425185375062769 -0.0624930677910596 -0.407654147462726 0.516767583287291
0.0387821851493549 -0.0625195619950735 -0.0332611856913459 0.106598624984221
0.0274899574806874 -0.0470639762179835 0.506886664024404 -0.346182478706719
-0.0151010939934221 -0.0281319400909127 0.089360794572873 -0.94405266474924
-0.0121634140442239 -0.0170209506174581 -0.769699936513613 -0.472825326035044
-0.0215926440047043 -0.0237953045340748 -0.546799206240172 0.439886930783984
-0.0234163868895314 -0.00503085575515181 0.0808425322678026 0.494595990124017
-0.0162592754178144 -0.0160264132451151 0.237471416779505 0.14557055977294
-0.0181254148800351 -0.00594858446103206 0.0789130880729797 -0.177559558343421
-0.0068985750224047 -0.00720133798544535 -0.069452133007371 0.158430765655518
-0.0343948507565159 -0.0189281069369273 -0.150179374786699 -0.0698432955088675
-0.0133335742733917 -0.0219339067805008 -0.125822752373343 -0.432258256051983
0.00423446811017052 -0.037352382227412 0.402885845032099 -0.44129736207058
0.00664944356543736 -0.0302768249527548 0.759957224403001 0.234162479950651
-0.021580967149343 -0.015981415123828 0.162923226422116 0.861724916395512
0.0127122935714692 -0.0654790984699499 -0.4451277338368 0.477257050335063
0.0471155769091026 -0.0649338319693025 -0.0120988513712445 0.0902968824363759
0.0281877656082799 -0.0488261576701159 0.484192820607661 -0.392909670493112
-0.0176288687201166 -0.0260039937684579 -0.0252164413893552 -0.937596687177561
-0.0162512452895938 -0.0154401480386905 -0.809821826103285 -0.363175554535568
-0.0237196466003415 -0.0203307969850865 -0.482502595543888 0.501423808408212
-0.0240593518263722 -0.00290194838977957 0.127913166839327 0.481633775353303
-0.0169742139042143 -0.0181568718478433 0.242005583976309 0.120855835667469
-0.0139312285063579 -0.00792300145140823 0.0772821735670506 -0.18585484108918
-0.00352418978162848 -0.0070088441311884 -0.0638305571816156 0.150409786101259
-0.03452388012782 -0.0192065065636006 -0.149568257368656 -0.0909307625845624
-0.0112942527742521 -0.0231678934953907 -0.0876182105830597 -0.443096008049981
0.00549158400534136 -0.0358882756043075 0.460439450849137 -0.386121869297062
0.0116271243003728 -0.0266095817161169 0.726945439200319 0.336469287322559
-0.0185626786149366 -0.0146119816593879 0.0535673874052462 0.887466306152463
0.0172539709440026 -0.0616426541103832 -0.478971997989979 0.435070506058624
0.0458633255781765 -0.0618696119254651 0.0130360127752248 0.0732948324930376
0.0240643437626105 -0.0443095912533609 0.457631155551748 -0.440990887018137
-0.0177929244741271 -0.0197792581359659 -0.139308406405979 -0.919146222287516
-0.0172892421901091 -0.0127087601965332 -0.840775435920896 -0.247027703581615
-0.0266694390627092 -0.0149751530139166 -0.411230572426462 0.554656098966884
-0.023505812441381 0.00057986630880775 0.174407898632549 0.462306166528937
-0.0171941963808355 -0.0178541877975608 0.242143619692189 0.0953421706523734
-0.00842241476494407 -0.00773113129089891 0.0752164179327305 -0.19854389206409
-0.000639874580751091 -0.00474985153996492 -0.0609054029926076 0.14235778576565
-0.0325593126603125 -0.0179747159831596 -0.149505966895957 -0.110679175047748
-0.00878575812456249 -0.0208764014585968 -0.0505412615308482 -0.449579925714167
0.00782281089302015 -0.0329194146061337 0.505312146143678 -0.327557091572099
0.01847069584532 -0.0202742953078057 0.686055213492422 0.431440452284429
-0.0143724650117455 -0.00673503405930765 -0.0552583478383586 0.898970055027813
0.0143383050713448 -0.0502598002453122 -0.504182202029237 0.390962319302409
0.0358610643283605 -0.0536248487170147 0.0374531273446844 0.0562555564504449
0.0173703408638052 -0.0324483058683457 0.428151999707412 -0.484804010145929
-0.0132685491247104 -0.00986449435860835 -0.238669068565603 -0.887030625715436
-0.015467421039667 -0.00878997815682991 -0.852396208889489 -0.136879173290016
-0.0282587074288398 -0.00869778228337385 -0.341814112443386 0.595540661460098
-0.022612584683396 0.00541887433917492 0.213177897017196 0.441377302195999
-0.0132847927167346 -0.01539074917476 0.241698279316089 0.0708623250015888
-0.00375735830507639 -0.00392338817094891 0.0756968617577572 -0.208363555744009
0.00204912088929704 -0.00114702736507288 -0.0558943684268413 0.13629054707839
-0.0288183945945212 -0.0131516290722988 -0.149967550622498 -0.124128147943247
-0.00738961279239163 -0.0175569998562456 -0.0282422892765315 -0.452117775607165
0.00757518657809329 -0.0301421169699769 0.533608102735998 -0.284434409958805
0.0260442516497463 -0.0121396811055713 0.652629454927921 0.49215111537095
-0.0103775060560065 0.00899755885681218 -0.124694649545757 0.90180794922064
-6.06076689653873E-05 -0.0319146633512186 -0.519259922556792 0.364063574470985
0.0159433373041371 -0.039602963490964 0.054642284915059 0.0448640031913775
0.00976438555471793 -0.0127204274489781 0.408170806156955 -0.513263119575531
-0.00437091710697711 0.0022065978059587 -0.302006503380057 -0.863416164063538
-0.0113917506657332 -0.00541191986303181 -0.851804018688891 -0.0697894797635362
-0.029059531671091 -0.00194449043634547 -0.295342812754832 0.615816649104957
-0.0207009590676537 0.00884251453543537 0.238078953244783 0.424666907197679
-0.00985477085040585 -0.0112014215544301 0.238846424053285 0.0527288916161236
0.000925530065991708 0.00142135808858619 0.0758456442225477 -0.216510156902259
0.00410902775840361 0.00410273747467408 -0.0524984386947249 0.134506289791577
-0.0235713545071856 -0.00676860506985289 -0.15204747131614 -0.13047831056094
-0.00682338120856841 -0.013434983521831 -0.0216007181432362 -0.452197493791075
0.0064257125299043 -0.0260008661944353 0.541510223700681 -0.269251885309398
0.0330560741936807 -0.00516182854851805 0.63943299518163 0.513461543637681
-0.00738715708077523 0.0278847003542156 -0.147722977233406 0.90283571197195
-0.0195403952906651 -0.011013343800561 -0.520409866364591 0.353852275398824
-0.00897338908572269 -0.0224572690531878 0.0624255649045992 0.0421845742460035
0.00231344746114723 0.00935782084098612 0.399280600791199 -0.524172131528307
0.00586991136755515 0.0134633719929303 -0.32415164667471 -0.85141404420871
-0.00458856120035962 -0.00387327963632698 -0.8537134436967 -0.0460617564689038
-0.0293940024750492 0.0020268244499866 -0.281573238563535 0.623722308783281
-0.017878430491824 0.0110646542826221 0.243245428410511 0.418714528021895
-0.00477102200452182 -0.0046338337568554 0.235821302965952 0.0458735248801224
0.00398405015672829 0.00906842454999648 0.0785559674729669 -0.221066363374668
0.00453637593354782 0.00970633377436807 -0.0500109745107567 0.134818724682785
-0.0176827399299818 0.0014097821540885 -0.154544405600438 -0.129603434851108
-0.00516488288509288 -0.00853455704099501 -0.0329153100537329 -0.453555533254736
0.00405531046354988 -0.0233178929231284 0.528601912374428 -0.284323222318101
0.03954672580888 -0.000194007425698877 0.652078242946316 0.493241958858174
-0.00488101983008994 0.046734646185518 -0.120946079868736 0.907779968549696
-0.0385390336325327 0.011256786949697 -0.511749775523831 0.369471272856464
-0.0332639616470143 -0.00514775135351736 0.0594992653965671 0.0454481658615927
-0.00705915550120801 0.0308512593648015 0.407695302580798 -0.516665996839247
0.0154089546948911 0.0249244022728201 -0.303584827424917 -0.862509542340199
0.00305844789439832 -0.00205235518610185 -0.855622463878824 -0.0669639272076323
-0.0300216352378897 0.00491691649379795 -0.302027329119699 0.615807190490984
-0.0155725500368514 0.0128336811074602 0.232714165055353 0.424195299260345
0.00017315395622058 0.00121567359608039 0.235809199983015 0.0497202931153547
0.00468441149313034 0.0151714698108241 0.0807758343457572 -0.222224333966884
-0.0104911032482238 0.00200821041390279 -0.0774757262865523 0.172210651312997
-0.0199239237273993 -0.0122937796344046 -0.147125484107259 -0.0263347455743877
-0.00696842627304307 -0.0184619561845052 -0.181308821875085 -0.396859269265681
0.00169534434389025 -0.0317469774122741 0.293651876536074 -0.511439975052555
0.00494747085880802 -0.0341117879395758 0.777395903615567 0.055421250302287
-0.0173229884163176 -0.00859996726159711 0.342838798706444 0.79026300670207
-0.00279562755260444 -0.0500140818082076 -0.370909383172056 0.544169659651773
0.0233566341365045 -0.0544094333094979 -0.0491301534630378 0.116854565650684
0.0214033938166122 -0.0394126885594148 0.514558143712035 -0.306348964975502
-0.00933497465406223 -0.0237610508235629 0.174663356606712 -0.934145286867979
-0.00722456123417163 -0.0148420907742244 -0.726468378935102 -0.549684713026047
-0.0216864979536435 -0.0238247109642118 -0.595486156836885 0.385945722660891
-0.0215106598231195 -0.00421770146250679 0.0422480693509601 0.500574410516008
-0.0151588052445698 -0.0097719958779173 0.234259804815285 0.160503059378315
-0.0221726480591737 -0.00139312449868977 0.0810891897279977 -0.166955650188056
-0.0088910937291492 -0.00132804619653285 -0.0736810612532439 0.167110426292713
-0.024822809917808 -0.0169468932492058 -0.146084517576461 -0.0417044832598548
-0.0086285715093563 -0.0214018643668847 -0.153419772251835 -0.411595988212885
0.00351153359176996 -0.0335833027075661 0.347470809413518 -0.483208562236329
0.00462990882068572 -0.0332193286845426 0.769762493424792 0.132968494163384
-0.0212593879747425 -0.0114428216723318 0.266009894588826 0.824480514142434
0.00345104951752575 -0.06320961747173 -0.403010668032287 0.51714605586718
0.0381326883553791 -0.0626062063480111 -0.0327888944338787 0.106102887974864
0.0275181606306684 -0.0476732184162152 0.50170902099756 -0.347610581640058
-0.014743102428559 -0.0281524466203664 0.0819944583709925 -0.944162580959984
-0.012298052459099 -0.0174060723773992 -0.771059578340169 -0.466669831360744
-0.021810688962715 -0.0230636725299688 -0.544239432773866 0.440036172688061
-0.0225912894484894 -0.00458441927001227 0.0834214132316928 0.494027417758821
-0.017944484341903 -0.0162623956240927 0.238636646232705 0.143160836632352
-0.0179810665839636 -0.00642122422797937 0.0772424839171845 -0.177276828439149
-0.00825093290132795 -0.00704977025598072 -0.0686339784553293 0.158205014569248
-0.0347571086398029 -0.0174561861784018 -0.150281297784194 -0.0695967294673066
-0.0136963406205706 -0.0219836720441537 -0.129780711058776 -0.430642046390782
0.00299709231291567 -0.0373614302265507 0.399426664825388 -0.441147862145235
0.00679284564695982 -0.0304439667705894 0.758391196504225 0.22790641491146
-0.0213063135441128 -0.0158571331747918 0.166328237566272 0.858519078927724
0.0113315219189714 -0.0664178416467023 -0.441563407926127 0.477933055065433
0.0459284167814432 -0.0649883416224913 -0.0112147013919515 0.0901048284790868
0.0278722612651571 -0.0487524493587203 0.480036111583937 -0.394916246270358
-0.0178430706489866 -0.0268789746769114 -0.0310561039487315 -0.934293939994163
-0.0164932017684599 -0.0151183820343383 -0.811447723370278 -0.357078496282713
-0.0237201099781645 -0.0198460127490016 -0.478646852928158 0.500930146959225
-0.0237319550547415 -0.00257172149774584 0.13069071278735 0.480645752310167
-0.0182540715195193 -0.0189312821183553 0.242098382134243 0.119280988177266
-0.0133444737832298 -0.00837436897830413 0.076028745834411 -0.186920483592872
-0.00418547145458686 -0.0065658188038424 -0.0633445368029498 0.150142065382197
-0.0349165028431586 -0.0195666572792202 -0.150271095106351 -0.0907619363867164
-0.0117665936691837 -0.0225981509936058 -0.0913968403799468 -0.441559856449994
0.00547514557240776 -0.0363800182274141 0.457910658297541 -0.38826825495027
0.0119061478709627 -0.0267843458867044 0.728456090057895 0.331834626978143
-0.018576522163269 -0.0137889190457999 0.0581774391300021 0.884010200072693
0.0155954668825623 -0.0624633731658121 -0.474809333664843 0.437320763129886
0.0450545659690786 -0.0624111100323145 0.0135401483334536 0.0726473136030862
0.0237532371553331 -0.0449489102327526 0.4545851082007 -0.442810060389562
-0.0177041316186215 -0.019620699332783 -0.144398060753335 -0.914283719913328
-0.0170569747589182 -0.0122711581034916 -0.839623264442005 -0.241934671146454
-0.026661393991248 -0.0147528051829453 -0.406749713083173 0.555112525456062
-0.0236591525859555 0.00117131078341811 0.178906012938353 0.460222060564244
-0.0172230307783206 -0.018463218853454 0.24310565415374 0.0933279436212829
-0.00863039078649129 -0.00727862488027608 0.0725967938245132 -0.19803326547949
-0.000961830282536074 -0.00469685221340143 -0.0591442268967536 0.141862891218608
-0.0328618878026535 -0.016937592953447 -0.151275079288222 -0.110286634224094
-0.00949699827858764 -0.0206567728345705 -0.0553504225158042 -0.446923071036411
0.00660697668587848 -0.0340734857104387 0.502040239681648 -0.328698464802275
0.0186079258577926 -0.0205436467327081 0.687091118208866 0.426520238925793
-0.0141816678525973 -0.00599919738284309 -0.0498098063899435 0.895315096073213
0.0125989386718077 -0.0504137610180622 -0.500943329553179 0.392425844822701
0.0356411553681492 -0.0538695684423636 0.0367576585089518 0.0562605065143384
0.0169975178520793 -0.032765543252716 0.424557636459746 -0.487756089808536
-0.0133753306951104 -0.00960423775340211 -0.243452925253878 -0.883156577733053
-0.0159437920324532 -0.00837786976296495 -0.850635780446049 -0.13150236585243
-0.0282309079481879 -0.00762442711520332 -0.336022903400562 0.594845598354103
-0.0222154838135365 0.00593111586303542 0.216752668175385 0.438667924001391
-0.0145003801438855 -0.0149482582986853 0.241584108928043 0.0684273425397373
-0.00339732828030199 -0.00386636185648695 0.0728712058548045 -0.208972687743488
0.00130672505300952 -0.000360085496909645 -0.0540878150428275 0.136675931050353
-0.0287897729997522 -0.0127325349961836 -0.15169810693418 -0.123803535275348
-0.00745615746072818 -0.0176259123717134 -0.0305038146162708 -0.450333544909027
0.00695402615453341 -0.0302430270696381 0.528337459727943 -0.286087455804408
0.0265848613291621 -0.0129886002449276 0.652409161010627 0.486379558112743
-0.0101137716088744 0.00958998989062088 -0.119028238376 0.899517271649357
-0.000686168053545128 -0.0325629924979754 -0.515321595549822 0.366216002428477
0.0160587352788588 -0.0400340905309759 0.0548156123379088 0.0449718517712047
0.00943424779097217 -0.013200034406564 0.403960462300378 -0.51560521298057
-0.00448226177094374 0.00211538873146915 -0.306171489945204 -0.859079380322089
-0.0118516525133609 -0.00526124734909682 -0.851159668539858 -0.062703515753177
-0.0294489980336306 -0.00296739149276552 -0.292938604280721 0.615419008159836
-0.0207291740182882 0.00859195973866948 0.239207046866048 0.422488148187447
-0.0103129493027363 -0.0109803702273958 0.239127352121361 0.0507562262304936
0.000821358219886419 0.00207089831594273 0.07322686363496 -0.216872139231401
0.00359826174556857 0.00493499182815128 -0.0508310207114914 0.134315628442297
-0.0236473082302833 -0.0056295062682866 -0.153816074974083 -0.12993341535839
-0.00597457233673815 -0.0126137779803673 -0.0252779502362979 -0.449099636365193
0.0059407784575064 -0.0261408823263027 0.536788076550505 -0.271547103530203
0.03355828880069 -0.00580432131968634 0.639753043770139 0.510047415463394
-0.00717944965655961 0.0279458405561594 -0.142226174861188 0.902602347610189
-0.0198348765588394 -0.010801003052897 -0.517642023597355 0.357378413576881
-0.00864531534930848 -0.0234360066968771 0.0617992641130779 0.0411762018939228
0.00170756935655394 0.00941612595917511 0.396954428506293 -0.524995196135895
0.00596922600226829 0.0134814237704943 -0.327340715563832 -0.848020650103385
-0.00498778374736025 -0.00266434813911872 -0.85119305653058 -0.0389099637617421
-0.0301744290650049 0.00159010474190691 -0.27669092118739 0.622649505481604
-0.0181612360685463 0.0110638336128778 0.246468871021544 0.416296861197659
-0.00530443453684338 -0.00494710118235141 0.236477716089905 0.0427741876734138
0.00424247113806095 0.00880279812520014 0.0760837320488717 -0.221784127168298
0.0035147663530393 0.0100638712029282 -0.049983714873644 0.13419190658252
-0.0160978588877972 0.00144310581956809 -0.157297451462406 -0.128221818789195
-0.00640460064438372 -0.0084192577028812 -0.0364715883132712 -0.450089634453413
0.00276152624970186 -0.0239786192523285 0.52405027786651 -0.287804944845986
0.0393602629559514 -0.00173179608735539 0.65399129066618 0.488191170017251
-0.00429267913644306 0.0457234535621619 -0.116326240223262 0.907541582180683
-0.0403881295724815 0.0100832413648794 -0.510332471906968 0.36968103396994
-0.0350886521210495 -0.0053467906581131 0.0593605916292668 0.0457187229671666
-0.00815776808232923 0.0311290927354813 0.403777225830885 -0.516539452792061
0.0149790651324705 0.0242175060848622 -0.309673973667185 -0.858577843653052
0.00343703347288931 -0.00102155282564698 -0.854035046850725 -0.0616780589314413
-0.0294324125489603 0.00456297281710571 -0.296403418068896 0.616242489520471
-0.0150333331707964 0.0126886418103306 0.236067488495188 0.4211741191676
3.26289123753201E-05 0.00156530003307247 0.23630065484075 0.0478466542386564
0.00509307444540369 0.0159573991986011 0.0791211889185867 -0.221423377967819
-0.0105392807102303 0.00177424487058415 -0.0756742618783333 0.171934884561673
-0.0204722938755212 -0.0118549731588348 -0.146800585538094 -0.0272617997808649
-0.00740870955557397 -0.0184841105123738 -0.184454345202897 -0.394842479380161
0.00141768444040885 -0.0316883124085519 0.290052375685819 -0.511440631680015
0.00501014543292771 -0.0338709752320845 0.77608696279952 0.0501494110061525
-0.0174061250898977 -0.00784970232726376 0.346757797710866 0.783665201495809
-0.00390761179822652 -0.0508871295302222 -0.366772530911822 0.543595106953158
0.0228070192100927 -0.0550027268638941 -0.0487287910475555 0.116636272873054
0.0208512936224867 -0.0399863802737755 0.510754008259244 -0.307358901289648
-0.0092729909928977 -0.0240615014331583 0.170545223565355 -0.931805715573645
-0.00659985011995299 -0.0153416878652073 -0.727084616794733 -0.545619564523225
-0.0221097347727465 -0.0228844011057877 -0.591375996860215 0.388209673894031
-0.020997691919645 -0.00429771740325232 0.0454277032860034 0.498953065472025
-0.0163431296486827 -0.00972069204483215 0.235380187040354 0.15924776639458
-0.0225548228809808 -0.00126438214081833 0.0802513201124296 -0.166964218339014
-0.00852125968814116 -0.00132900191120488 -0.0727967599380588 0.167481813574743
-0.0265231310394701 -0.0157652720392167 -0.146563182823779 -0.0421885763229681
-0.00959409153819926 -0.021758245822465 -0.155733376039544 -0.410468487857382
0.00324376375555481 -0.0331499488700409 0.343293156641431 -0.483099415502369
0.00471388411478068 -0.0330087579556542 0.769649833272341 0.127450743143583
-0.0214012477258927 -0.0112197683012611 0.271269707559129 0.821676198217612
0.00272485423657781 -0.0628216849760769 -0.399139698403224 0.516860609618328
0.0374932697448868 -0.0623087827541086 -0.0319736871471409 0.10557122404507
0.0272523460114135 -0.0473016366415027 0.498064400633075 -0.348724820330685
-0.0152303051090253 -0.029122411227291 0.0769848920026799 -0.941795787671938
-0.0117709544253335 -0.0163570668213095 -0.77121570211289 -0.462043282891329
-0.022110310721709 -0.0219431260569521 -0.539465591442484 0.443177103972021
-0.0225941057416508 -0.00430972802388157 0.0865260538962593 0.49208330797171
-0.0190512197720494 -0.0158970943155598 0.239122344093639 0.141426389985564
-0.0182797579885666 -0.0053617206729887 0.0760851723059872 -0.177357553971958
-0.00826957527046474 -0.00698899351530456 -0.0664414840206601 0.158057663324869
-0.0346882155784557 -0.0172162262377658 -0.151099147590932 -0.0695221247668202
-0.0139483605776169 -0.0212161820803123 -0.131059693235984 -0.428070425329583
0.00234876456865066 -0.037505784621982 0.395246357853225 -0.440938031005639
0.00678783703935416 -0.0305609961496581 0.756764119303016 0.22245300586242
-0.0216226141732624 -0.0154215440988722 0.170057664412549 0.854533740118007
0.0103836175199301 -0.0664066887251069 -0.43762817379581 0.479333087646024
0.0451539344429123 -0.0650732890851538 -0.0107895024352391 0.0894981187532048
0.0270772149554456 -0.0497593188980668 0.476013454625372 -0.395966169516304
-0.0176159226568899 -0.0269069405067931 -0.0366604408371182 -0.932083921359457
-0.0156945950536049 -0.0146767674631082 -0.81242948904044 -0.351573911237391
-0.0243481490555279 -0.0190479619524643 -0.474123788322975 0.503397877346679
-0.0233091003426887 -0.00341515308024341 0.13498061648732 0.477305504678593
-0.0186999681405875 -0.0184604498952963 0.242379237264304 0.11798831266408
-0.0133195757087622 -0.00737199052999614 0.073247465155726 -0.186577224350155
-0.00454873646006154 -0.00677165018064968 -0.061512534940878 0.149625943118019
-0.0356895169847971 -0.0182122779410046 -0.15218898675134 -0.0906685253646807
-0.0121116065591575 -0.0228943980681621 -0.0939098883488237 -0.439326722788711
0.00513924502633465 -0.0368947999155371 0.452590320268292 -0.388436426752441
0.011486928358547 -0.0270517689645052 0.728540823396092 0.325987459719522
-0.0188575319946328 -0.0136182470127881 0.0638530906561492 0.881345176245297
0.0148138584896787 -0.0625969247012494 -0.472069763187495 0.436170757964433
0.0443328656635856 -0.0630474845544731 0.0130451012665789 0.0718505335175118
0.02333732664595 -0.044658553837153 0.450172665602241 -0.444871883078019
-0.0176997826150311 -0.0196245421748647 -0.149982847642123 -0.912727940200429
-0.0173872050885695 -0.0117990600306082 -0.839139961739943 -0.236764463301891
-0.0268123033276327 -0.0144374873275841 -0.402136374776408 0.556045502403599
-0.0241248197210231 0.00119130551514997 0.181194969485909 0.458503107726273
-0.0180715068890579 -0.0182972430695314 0.243715619083726 0.0921638310517809
-0.00851582840981104 -0.00668072419141846 0.0708693077604354 -0.198842284116553
-0.00115917851711689 -0.00456334032160285 -0.0577163099190887 0.141875802171252
-0.0327662431796981 -0.0163530738499474 -0.151158074346624 -0.11012211160072
-0.00984967436766298 -0.0202464063490981 -0.0587907401152505 -0.445469896131364
0.00625198621323303 -0.034129490354125 0.498680742119727 -0.330640603010209
0.0181916637479074 -0.0203601743133146 0.685592148654555 0.421424588189035
-0.013918603907557 -0.00513163049596726 -0.04386501892754 0.89288121872782
0.0116593726394549 -0.0506019729480696 -0.496837911602064 0.394471068541756
0.034468088659932 -0.0540988697837652 0.0373466225804753 0.0557553445438241
0.016896174582564 -0.0320248321282701 0.420983667107134 -0.486710740795065
-0.0139092408777098 -0.00972521930523819 -0.248396947650783 -0.879746387875848
-0.015850899384725 -0.00766061831750282 -0.850046360179983 -0.128312451195191
-0.0283277340877597 -0.00774761175345169 -0.331140400602953 0.59453721682864
-0.0225286678127753 0.00447388919702931 0.219994411492604 0.436353735190481
-0.0151180624888815 -0.0157399464540092 0.241267894535628 0.0672211361611725
-0.00399731733600736 -0.00358169750007104 0.0716273713217708 -0.207817094578327
0.00212635574783564 4.08534974302918E-05 -0.0538844160957306 0.136063587206229
-0.0289478710925601 -0.011466132772366 -0.153276425970629 -0.123434409031173
-0.00758729022713793 -0.0172399780167344 -0.0342796070947775 -0.447253572810331
0.00661673227016867 -0.0311134021264859 0.526737446081878 -0.287791765204754
0.0263513663814756 -0.0132462958282109 0.653470177996998 0.481894735594437
-0.010195370559084 0.00983085486332933 -0.113296810745024 0.899182583321323
-0.00143901356755593 -0.0320216474865991 -0.511393567560042 0.367237079968794
0.015346878047532 -0.0400220040738126 0.0540395357420891 0.0443376022563412
0.00897181021494927 -0.0136179481072035 0.400546821960494 -0.513549676496655
-0.00493177329865688 0.00260162740893489 -0.312530303970195 -0.855464611574132
-0.0111546899233551 -0.0049495828009557 -0.849732950725882 -0.0578557288460762
-0.0290733647576839 -0.00199366055611821 -0.286484415420267 0.616893285674132
-0.0198885874311329 0.00814951232660658 0.242723179558308 0.419315215468285
-0.0107127093851524 -0.0105125655632315 0.238703826688709 0.0493739552034916
0.00036382077142978 0.00216996809082529 0.0717042825136765 -0.216885391189811
0.00339876166821103 0.00487763605431787 -0.0504021015100606 0.133959291126318
-0.0237449486085076 -0.00464750005621755 -0.154797265277993 -0.129259400259911
-0.00671320183558528 -0.0123723792200545 -0.0281554922685764 -0.446797710622159
0.00472494864503418 -0.0262811532656507 0.532803886968497 -0.272598851411513
0.0329044442528782 -0.00650544410879575 0.640652843288277 0.504291565854172
-0.00711252882661324 0.0280798152919787 -0.138329036766404 0.899630766161145
-0.0205571931449233 -0.0108312882177057 -0.51411448245668 0.358728785379875
-0.00938161694174752 -0.0231272447446439 0.0618663746664692 0.0404180358002462
0.0019998202368769 0.00920461607466884 0.39089759553098 -0.524466697497815
0.00561685277364126 0.0134111781119093 -0.330393899000924 -0.844300623504302
-0.00456608900095238 -0.00303111763954804 -0.84988048704614 -0.0367986291164882
-0.0294714010737997 0.00250333576979748 -0.270712463459543 0.62228827073297
-0.0181988531269026 0.0102635355413791 0.247644582743152 0.412750659182776
-0.00606065748068313 -0.00448191694443414 0.237194613329702 0.0420602189201247
0.00355919104247243 0.00925231187830648 0.0744870722280781 -0.221033918278915
0.00374610704237146 0.0113142115151334 -0.0482983577271688 0.134342707268576
-0.0179346422037228 0.00357396027750265 -0.157845410455807 -0.127596339911047
-0.00623467649766916 -0.00844963690529159 -0.0412032381255095 -0.448132623778614
0.00284574341164846 -0.0228841638243458 0.522922289650312 -0.287064049771673
0.0390455151151811 -0.00224213726206141 0.653988342038873 0.48148550589264
-0.00348783395781991 0.0462502331868904 -0.108729285331721 0.904881210115959
-0.0409819703166982 0.0109274132219157 -0.50610763310277 0.371185647461079
-0.0345551371551599 -0.0062761153074754 0.0585859668211815 0.0449808773381191
-0.00688672890801525 0.0315285659317889 0.399208670672493 -0.51961061864481
0.0155533967542117 0.0247724889835146 -0.311064595882629 -0.855003823434817
0.00320500683590478 -0.0007601823952153 -0.850408738604002 -0.0577861083250956
-0.029437301140248 0.0045858233437842 -0.292505851896909 0.617571917177817
-0.014759436335141 0.0124799829958158 0.238233682266372 0.41990305519194
-0.000582832548639868 0.00232225007623291 0.236272585234242 0.0461910865817684
0.00489987524498684 0.0162922672694576 0.0775831457814413 -0.221370649064624
-0.0104303271687848 0.00179891471376922 -0.0743132289981786 0.17262034323621
-0.0212411940900791 -0.0111679139570169 -0.147002513480339 -0.0271864598977512
-0.00783770884709092 -0.018389549555138 -0.188391922455827 -0.392822117603238
0.00183566681952651 -0.0321021044674719 0.285495471319363 -0.511302601750939
0.00406429153996747 -0.0343149039726216 0.77461319791217 0.0448802403407691
-0.0182492565443492 -0.00754764628690382 0.349651891631454 0.779885831202938
-0.00517992117119141 -0.0512408375167056 -0.362616464690132 0.542553933533704
0.0221550391276834 -0.0547845165370255 -0.0485773965156353 0.116096952914985
0.0199591129906394 -0.0393078490200833 0.506924820199575 -0.310297193845782
-0.00965879766518036 -0.0247804417748265 0.161501787002879 -0.932336518538
-0.00664845986154945 -0.0143982656470167 -0.726998181634709 -0.54133510428133
-0.0214096478395438 -0.0222089298808888 -0.587266299947683 0.389204974520736
-0.0209008483791619 -0.00462822085742714 0.0489879647390752 0.496344505541044
-0.0169217237757477 -0.0100806910476126 0.235452116810611 0.156985255286383
-0.0226955784958826 -0.000289067630762348 0.0787762221503469 -0.167451612642426
-0.00895322684022601 -0.00128753767264981 -0.0699572275203299 0.166743277871993
-0.0272691054802696 -0.0156482230418335 -0.146781013071508 -0.0424149134402633
-0.01015827576149 -0.021152999665026 -0.158714281152867 -0.407717150673792
0.00327494065960634 -0.0335075285493239 0.338462837028451 -0.483484261952088
0.00444925811778834 -0.0333661698941164 0.76791390820707 0.121526232384236
-0.0211704680519713 -0.0109504109072274 0.274125644006582 0.816289698717227
0.00129571652160015 -0.0633157046749566 -0.395970685328781 0.517249984319357
0.0366594295847803 -0.0629874976883409 -0.032116555962342 0.104940098404176
0.0256980764111856 -0.0474451788100875 0.493718275686185 -0.350709708889169
-0.0153880990340796 -0.0288085756216443 0.0704886042977376 -0.938970348281719
-0.0118979702618343 -0.0164067678478731 -0.772374846889728 -0.458186686062824
-0.0216956929712363 -0.0216592437770568 -0.535024176393521 0.444710722998609
-0.022855224469441 -0.00482775798137422 0.0906439585768705 0.489937816567699
-0.0194783676834761 -0.0158635168522555 0.239913917574046 0.138934876856415
-0.0183079449407591 -0.00469641780865113 0.0741039702889568 -0.177695694752696
-0.00837980475635556 -0.00684387398085349 -0.0650898385533716 0.158132055873421
-0.0348447282626313 -0.0162914866164568 -0.151975203187561 -0.0696543544364999
-0.0142612263721067 -0.0215325108620231 -0.134574827753156 -0.425186530291149
0.00120410698810404 -0.0379147873264488 0.391681124582792 -0.443618946212401
0.0063892615908666 -0.0317091032582425 0.75564920003716 0.216503869082046
-0.0218830797894898 -0.013793346872879 0.176150236786067 0.851376096596858
0.00928159598547853 -0.0670714442497543 -0.434231065669668 0.480104977614011
0.0441912458869767 -0.0661778515407753 -0.0107312822545274 0.0892084166952031
0.0268868135530581 -0.0494824190208942 0.472587901818685 -0.396761435155642
-0.0177257497481195 -0.0269323553102801 -0.0410180763748785 -0.929865948692975
-0.0155921865969251 -0.0145753911880183 -0.810011598188112 -0.346675544410598
-0.0245076991351841 -0.0191135320566017 -0.469967853706589 0.503968957820307
-0.0235064318209068 -0.00334428810614193 0.137148522530286 0.474802861890643
-0.019716960955742 -0.0183045965103619 0.244408788117557 0.115421182946485
-0.0140636735619621 -0.00740901509647346 0.0715525300322833 -0.186544932642407
-0.00520846623099074 -0.0064668386501425 -0.0606286560744502 0.150211008818928
-0.0355855190795133 -0.0171377228197656 -0.152486411251046 -0.0904512356777498
-0.013093588050524 -0.0221757689231815 -0.0957938384240453 -0.435517369611326
0.00422012610941931 -0.0364385337783078 0.448210033956194 -0.388227948807475
0.0108859193890763 -0.0268816645007496 0.725529799644212 0.321348588592185
-0.0188697107287966 -0.0133401191513035 0.067851197542831 0.87722078851082
0.0143544750855211 -0.0629348232010904 -0.467882919881901 0.437268459817448
0.0430778977723514 -0.0623091090097496 0.0136980411110588 0.0717253594491959
0.0230156899795549 -0.0444641056642983 0.444940875292624 -0.445062783920889
-0.0185972341477452 -0.0196125504861174 -0.154119776674713 -0.909831939431362
-0.0167971641647385 -0.0111112204810233 -0.838054227462036 -0.231643289900693
-0.0266465089919871 -0.0137733399954446 -0.397195937824379 0.557097127799075
-0.0233688990457884 0.000545049926537925 0.183977490531777 0.455713678070592
-0.0186873682116194 -0.0173756610522929 0.243347895406928 0.0899473883184203
-0.00860788087790783 -0.0065523216631222 0.0695596101927085 -0.198623487740127
-0.00193537331822477 -0.00409930557439672 -0.0566601779821043 0.141448761097724
-0.0331535082587427 -0.015426147279567 -0.15353055273667 -0.109067504487355
-0.0102433070660804 -0.0196420543271668 -0.0612992569374137 -0.44216477758213
0.0057175836806704 -0.0340331307688913 0.49411334906155 -0.333155758515187
0.0177226811273576 -0.0211373445679022 0.686643097079436 0.415239059484461
-0.013823198516346 -0.00541985935586865 -0.0394634552987456 0.889978974485531
0.0104095629246483 -0.050754152400805 -0.493812540281311 0.393896478928922
0.0338439655728462 -0.0544003658653035 0.0371868265341778 0.0558797455301089
0.0163912974584162 -0.0321407447242521 0.416502501764015 -0.487494994194911
-0.0133740252468503 -0.00987086927351253 -0.2548883146282 -0.875890934228196
-0.0156209785434546 -0.00783744013566815 -0.846443751226024 -0.121778589706075
-0.0282420567871791 -0.0074426206016335 -0.327146937730306 0.593702917281581
-0.0225420729680124 0.00541739242277113 0.222451302959124 0.432164626269391
-0.0158224550401572 -0.0146117645799658 0.242794553169685 0.0644992177490813
-0.00358651441757936 -0.00285676238407887 0.0695466096010986 -0.207205123673122
0.00139545250416169 0.000391495631535537 -0.0524426723113783 0.136404103864349
-0.0284209352601365 -0.0103635383793173 -0.154047845209092 -0.121775992747049
-0.00802747180935298 -0.0164437846278558 -0.0383162762256557 -0.444659376448845
0.00476445755211037 -0.0298208311399136 0.52230956373504 -0.289446073238132
0.0258496043292738 -0.0140532551156144 0.653628800711714 0.47574560435712
-0.0101873619430756 0.00960590637534459 -0.108775750625605 0.894269703972128
-0.00261839664808968 -0.0327283802482994 -0.506639545530352 0.36717751306228
0.0143109493247853 -0.0405117443348257 0.0536290497283854 0.0444457690788416
0.00913738338004007 -0.0135897635950964 0.395824095120846 -0.515749198756901
-0.00477293355187527 0.00139994198829332 -0.315625096300896 -0.851197110955253
-0.0114245779039877 -0.00466466534123745 -0.848593609268798 -0.0539066737845406
-0.0293394103024674 -0.00110043416877294 -0.281459925516963 0.615655167654734
-0.020530574336154 0.00799415024215191 0.245073386114692 0.415753674283605
-0.0118306534598288 -0.0102667887031938 0.23901134607977 0.0482992919279938
0.000948375815318397 0.0030259395121598 0.0696233199396084 -0.215875827654956
0.0034055503336392 0.005669070654107 -0.0490829633600558 0.133763081477168
-0.023100296826734 -0.00398373293999769 -0.155559391601753 -0.127544465016413
-0.00695552656387087 -0.0123580855504137 -0.0311923486368177 -0.445434767882069
0.00456554913682701 -0.0258809672299523 0.528723348949024 -0.27528760633848
0.0330816887390128 -0.00687322066959826 0.641421322748874 0.498051723698995
-0.00677932671317963 0.0279284667194727 -0.130428861486912 0.896980831010154
-0.0212070269574243 -0.0106741409507285 -0.509448287036674 0.358406227743863
-0.0103062436337964 -0.0232595066870352 0.0620493946918194 0.0414384074048011
0.00193977371865157 0.00911057542242168 0.38685718710586 -0.525612707209441
0.00543941630616442 0.0132857593993846 -0.336722835639386 -0.839639809062891
-0.00421251961243965 -0.00277911147862261 -0.846288840271441 -0.0296888941175254
-0.0289935341118454 0.00240996046546603 -0.266350971172986 0.621519954761774
-0.0175399199677311 0.0102737764946427 0.250579234214178 0.410205713668778
-0.00706515030583807 -0.0042992483205747 0.235828852992589 0.0412723583381646
0.00371263337620025 0.00954883015358753 0.0715950000476369 -0.2205231464293
0.00411179494477912 0.00938878856045438 -0.0469341088625393 0.133477246271071
-0.0180148836364262 0.00370022651689164 -0.159103607317246 -0.126027227762412
-0.00668224681735246 -0.00815345878044373 -0.0441566804361129 -0.446795214745096
0.00189644852696483 -0.0224870249531299 0.517531406673602 -0.290056476698627
0.0386506869079632 -0.00266968581304763 0.653074496582187 0.476601577657138
-0.0030192246547469 0.0466635819435249 -0.104139297360429 0.900435183165703
-0.0412373241735545 0.0103811888146083 -0.501645151669551 0.372862293994182
-0.0352962786998292 -0.00546880467081075 0.0568810430602889 0.0444556422843416
-0.00689616714726651 0.030723011766378 0.394470790193619 -0.518862430502765
0.0155610981985869 0.0238362292992208 -0.316102227401641 -0.849145887907441
0.0030916681630533 -0.000688047216715015 -0.850012756854335 -0.0527874954454481
-0.0300373990328839 0.00501864559721626 -0.287513613356107 0.615630662240321
-0.0152044096095168 0.0121927269925034 0.240721757828835 0.415104356640155
-0.000990263916848463 0.00243635400626485 0.236388813735636 0.0443544757045479
0.00452287966881917 0.016576551714017 0.0746854614568312 -0.220829560869577
-0.0106582329439678 0.00209532633414793 -0.0721581166029152 0.172835087222936
-0.0217842382288362 -0.0107232352990138 -0.147415093410044 -0.0268411402102296
-0.0087460422001321 -0.0187847695783221 -0.189376037075858 -0.39102807179814
0.000984061565448706 -0.0328902912536843 0.280981248979096 -0.51147274978959
0.00337327517801665 -0.0343260093040531 0.770642602782126 0.0393125187492369
-0.0183914249945179 -0.00709173126416181 0.352329918079029 0.774261818967297
-0.00636870432424558 -0.0519411826268873 -0.358763224406486 0.542972532745959
0.021117240651441 -0.054732400329017 -0.0475239608951701 0.115841022331291
0.0192143024428827 -0.0396909382156932 0.503900335780073 -0.311262235044233
-0.00896109387917339 -0.0249899494770363 0.156426860012648 -0.930036310838958
-0.00629566554983931 -0.0136418257159376 -0.726614398669503 -0.533841180961412
-0.0209050637394011 -0.0219672920649321 -0.582185160835384 0.391159692824188
-0.0204692621561123 -0.00513921900269618 0.0521273573510464 0.49352392200915
-0.0173028782774822 -0.0107360299076235 0.236212047766248 0.15465261791174
-0.0225063112128426 0.000710136300630257 0.0771179757186633 -0.167556613170522
-0.00847810121150121 -0.00111134129607042 -0.0690105604201964 0.167328704144565
-0.0273310244999053 -0.0157747321048452 -0.146971719873944 -0.0436874955541801
-0.0102514160181054 -0.0215318778568805 -0.162074461846531 -0.405230370466313
0.00244346669713071 -0.0350421823259988 0.335431924564877 -0.484282633469441
0.00349464764823177 -0.033305458010926 0.764961142095819 0.118206248423613
-0.0213791698761006 -0.0110308385157464 0.278852903792062 0.811142795876111
0.000153858450406531 -0.063699995589216 -0.392392152691545 0.516487985241955
0.0364451741079927 -0.0632196442470602 -0.0317477292338449 0.10499618013336
0.0255381013922386 -0.0472877858956903 0.491077190966891 -0.351510480795111
-0.0161653468695172 -0.0291905832804221 0.0654564146132849 -0.937734836750267
-0.0118367799319393 -0.0156363809035784 -0.771083093320325 -0.451442216107119
-0.0219906472422747 -0.0215163326384987 -0.529626603215499 0.447215036369525
-0.022888369384052 -0.00504512215909121 0.0941543573525414 0.486626625116818
-0.0204043159442223 -0.0158556706337015 0.240654519867023 0.136965308004575
-0.0190645570173177 -0.00416549416023372 0.0719302929412388 -0.176305549272779
-0.00869674741071237 -0.00643159919137044 -0.0634794693424687 0.158375424073416
-0.0356196082794817 -0.0155818799586388 -0.153567524782466 -0.0690288562121026
-0.0145460635852793 -0.0208640650338095 -0.138095821609147 -0.422029507734498
0.000589737067334637 -0.0379396484919449 0.38616528486061 -0.442349356121431
0.00582145583119404 -0.0311555233927482 0.754437055079748 0.211434041718952
-0.0224625566287849 -0.013401865662522 0.180023434209862 0.845903520779806
0.00804389484908558 -0.0669251912473667 -0.429755509479876 0.479456687137291
0.0434686190631862 -0.0656664937939821 -0.00971856220171774 0.0882993299537152
0.0268866615758425 -0.0492878111631581 0.467938949802941 -0.397564851612182
-0.0189674078154869 -0.02700277129325 -0.0462460696946455 -0.927304396518763
-0.0156105726856954 -0.0138036639169719 -0.809877577977011 -0.342424378548657
-0.025124962877323 -0.0181868319562405 -0.46382454042249 0.505195326021633
-0.0237820727707603 -0.0029255100244755 0.141287942357451 0.471943143230051
-0.0201638765169192 -0.0186541568891482 0.243919999905267 0.11343974685992
-0.0138272283620733 -0.00721572818628045 0.0699785818759736 -0.185979732484727
-0.00512358998457778 -0.00622595911361206 -0.0593903547357954 0.149852690854314
-0.03549371675883 -0.0172122883986093 -0.153245476253604 -0.0889607398703769
-0.013311144444985 -0.021812366600273 -0.101487685026399 -0.432804776018963
0.00337353128126114 -0.0361917444533798 0.442759201087449 -0.389557622939563
0.0104630599594818 -0.0275905911240828 0.723904297987477 0.316304101981247
-0.0187164425402819 -0.0130364577410076 0.0717022240569387 0.872516437613285
0.0130013223634586 -0.0629664695175803 -0.463088672915563 0.436652356610854
0.0433793961284293 -0.0636636812860933 0.0139567811635618 0.0710558806244076
0.0220526556738406 -0.0451165327447222 0.439561178289722 -0.445609780143555
-0.0187598551831985 -0.0201236528869642 -0.15952856508042 -0.904071471200313
-0.0164840374893254 -0.0102781318344914 -0.836232010316291 -0.226373136620793
-0.0266653036457084 -0.0134059994241066 -0.392128087002828 0.556684387802449
-0.0237512515522755 0.000884081308711173 0.187814538347941 0.452720361731873
-0.019247645876733 -0.0176142920717359 0.24368030415758 0.0882738645823586
-0.00910585079667253 -0.00632467850158294 0.0672993195044926 -0.197835174160386
-0.00204014338582783 -0.00382970229542665 -0.0559349812803394 0.140887471464369
-0.0331242717103266 -0.01516460257784 -0.154815639869423 -0.108634162951811
-0.010596761309983 -0.0194223271986349 -0.0644344160695701 -0.440589798493569
0.00526159303945697 -0.0342475045005474 0.489608684588551 -0.333220738932757
0.0179557328834947 -0.0216399720392048 0.684457232122473 0.409284828593543
-0.0139952437922481 -0.0045842136324716 -0.033039895388357 0.885109275099721
0.00957917423890851 -0.0508121333323035 -0.489044692055446 0.394710953729067
0.0331011879367451 -0.0544027635149388 0.0371169964501527 0.0546669225760017
0.0157264019275926 -0.0329385554073613 0.411755467885625 -0.489562958887609
-0.0133349049185001 -0.00975025301556263 -0.257457830469348 -0.870751398236727
-0.0158758879165471 -0.0066562596080118 -0.844281965293251 -0.117968425565779
-0.0284211683521407 -0.0068620828364594 -0.320889766881747 0.594933974735081
-0.0221169154522797 0.00443252316017392 0.224391734911565 0.429272547601429
-0.0166428392828298 -0.014277897358754 0.2417076997917 0.0632732756948275
-0.00367335834372684 -0.00294732428295987 0.0672379351791201 -0.207618742390636
0.00155401834086275 0.000432236626884558 -0.0515416763291395 0.135130157007346
-0.0291705483407236 -0.00972392292110781 -0.156199202376116 -0.120956801204785
-0.00868462206747795 -0.0167505629849074 -0.0413591488077476 -0.441825797693541
0.00526385627176603 -0.0303324630294655 0.518031681728766 -0.291794517489065
0.025103485097592 -0.0141029315536674 0.653470385834286 0.470057869840459
-0.00931639130833606 0.00994758692593935 -0.102236151184714 0.892128698628543
-0.0031540368244596 -0.0327536807214443 -0.503473525049292 0.368673438499415
0.0138008791732648 -0.039724678094203 0.0539536925382548 0.0440669508957815
0.00940906912988008 -0.0137119775069535 0.391336838123175 -0.515719820792496
-0.00470150284399909 0.00143473399671861 -0.320249594400981 -0.844935485894992
-0.0114957816456688 -0.00381873236477483 -0.844180204771988 -0.0485947353217023
-0.0292119858013789 -0.0014200256555796 -0.27699799671943 0.61575454928987
-0.0214552147089331 0.00829838793855174 0.247993087389438 0.412453888747837
-0.0124672558610052 -0.00997480645313847 0.238550427183372 0.0460654270009482
-3.52359887153229E-06 0.00314513083241358 0.0677658974106884 -0.21567938350335
0.00296750615071765 0.0055728226762466 -0.0489083469074134 0.133148568335458
-0.0230484138258105 -0.00316977706751467 -0.158109469479135 -0.126916142308432
-0.00746525982980692 -0.0113497250926478 -0.0366643115428597 -0.442955885131352
0.00324368431839766 -0.0263706922491874 0.52525304053399 -0.275884035627356
0.0326091731920464 -0.00757353872021567 0.641241948222343 0.49325999511762
-0.00658163922928666 0.028100804971403 -0.125365938837432 0.894322774587468
-0.0225107642501052 -0.0106387401431342 -0.505950034736105 0.3603010583489
-0.0101615523157587 -0.0235946419805677 0.0624038917314629 0.040259695364937
0.00211397586087365 0.00865949810941553 0.382396836482509 -0.525178653225921
0.00655006161084686 0.012225277622261 -0.339670643274203 -0.833454976005283
-0.00410144193979298 -0.00191838563231933 -0.843462034701977 -0.0247463562732986
-0.0289479256319582 0.00282824750370494 -0.261806985248913 0.62009500867768
-0.0182036104094398 0.0107118868949151 0.252834777427802 0.4083201921648
-0.00746267503139707 -0.00438473117508031 0.236321976894579 0.0396348975004832
0.0040098591979101 0.00992726587149704 0.0704858883268154 -0.219820481892632
0.00423514757670221 0.0106155801673825 -0.0462798288614197 0.135081258758651
-0.0179898556430269 0.00441476551467128 -0.160382946149932 -0.124850246259821
-0.00768036196885105 -0.00588532345860708 -0.0493281048263617 -0.441712664644984
0.00177784725709413 -0.0222422008345169 0.514170324975473 -0.290521168590143
0.0390407041381745 -0.00316826824463456 0.65321576851696 0.472447175511325
-0.00237422835880597 0.0469276763625952 -0.0996163354875165 0.896499168608684
-0.0420749939629788 0.00984125972187821 -0.500602622046918 0.373208695003131
-0.0358830162790738 -0.00494140446443055 0.0579328302412645 0.0432326423089768
-0.00742061256163249 0.030214946453766 0.390111936552686 -0.518434572945669
0.0153172477469633 0.023612506815523 -0.320868185471272 -0.844274755358016
0.00350865040999944 1.44022884778494E-05 -0.847291138358488 -0.0473400520635882
-0.0280867119729261 0.00568572259418175 -0.283048587011799 0.616584939490365
-0.0155861829650576 0.0122505818099104 0.242887388603969 0.41208670303601
-0.00293996152826013 0.00202344280117214 0.234340549701045 0.043353877114413
0.00525295937253451 0.0165838166848686 0.0733726897501835 -0.219764227273111
-0.0110569147246046 0.00161085984002458 -0.0704661064524733 0.171973985863272
-0.0218935010723795 -0.0107802172593536 -0.147684818638854 -0.0281646039313193
-0.00914267449569616 -0.0189922988504861 -0.19179302987176 -0.389425367837758
0.000351652811333528 -0.0332754800747265 0.278377177249084 -0.511002373957238
0.00352526898888714 -0.0346897904515593 0.767553667179328 0.0346678660469651
-0.0185202644119313 -0.00576610062708903 0.355692734444031 0.76732718346901
-0.00679722187136064 -0.0523704321255008 -0.35466684209698 0.542708533005105
0.0201739141226952 -0.0546812862843718 -0.0466349866939159 0.114085118105736
0.019433343728207 -0.0400965164585643 0.498409657376176 -0.312970767369495
-0.00970878594297816 -0.0248958575450164 0.150942129764183 -0.927378219665117
-0.00577706368527831 -0.0135065487524326 -0.726553987238565 -0.530622309109225
-0.0216253662969622 -0.021011427726985 -0.579239868272359 0.392506129128543
-0.020148254021196 -0.00456581914695477 0.0550457443617456 0.493525424007645
-0.0182328039338964 -0.0101298983622754 0.236593920944506 0.153572088339463
-0.022578050082477 0.00199980741037954 0.0763176053519442 -0.167287605320355
-0.00872764200584422 -0.00116740777417243 -0.0676347825935461 0.167214210481605
-0.0274883479755779 -0.0152232426581756 -0.147661831188649 -0.0435989644989713
-0.0107937375913153 -0.022139649858216 -0.165212077516755 -0.404296060820741
0.00224475723061834 -0.0344740393273835 0.330689073248292 -0.483351934067249
0.00315926366881448 -0.0335480774213503 0.761958616515032 0.112602736933378
-0.0218520728331281 -0.0103677030750774 0.280314636553956 0.806014821842073
-0.00103177084052437 -0.0637305398428371 -0.38780994417908 0.516747104935802
0.035680399731399 -0.0637002217163399 -0.0309443454899414 0.10407596160005
0.0252007495108848 -0.0481978547845828 0.484248808397962 -0.351774719003914
-0.0163280830817073 -0.0290670877524197 0.0611078062925093 -0.932025097809253
-0.0116892794608389 -0.0148153323586994 -0.771118590158377 -0.445874261016499
-0.0217556073188125 -0.0208547465628098 -0.525110792455653 0.446193683326187
-0.0213438456430225 -0.00544176671529195 0.0965861338659511 0.483935968975211
-0.0213712315775963 -0.0158399197927411 0.24110187292434 0.135403951662852
-0.0184203841007757 -0.00383531367759129 0.0699718591797999 -0.176974909296928
-0.0088309092686281 -0.00592433907332731 -0.0623433897380881 0.157854719724736
-0.0357857879294142 -0.0143757726107371 -0.153722625909526 -0.0687377073441815
-0.0148435104951892 -0.0203039209731149 -0.140646274735203 -0.419746891534214
0.000722826532987404 -0.0381456498112132 0.383162651807729 -0.441890544204326
0.00607528905658056 -0.0314704335959214 0.750850498274418 0.205846167056699
-0.0219183262553845 -0.0138304230064799 0.182728213105807 0.84025009601614
0.0066295253202117 -0.0670255975737646 -0.425246057113294 0.480808669537898
0.0417051956919383 -0.066798569499131 -0.0095819993631683 0.0879349852754805
0.0263308842975952 -0.0498125151108142 0.462682774294528 -0.398485154038747
-0.0181133757482488 -0.0266874552612285 -0.0519550749219537 -0.923599508415906
-0.0150410984103756 -0.0128609543024073 -0.809399975404476 -0.336127170096336
-0.0240717497545403 -0.0186632950908662 -0.459389449472054 0.503798884965538
-0.0228325049132942 -0.0029426379492339 0.14288909389306 0.469051060904368
-0.0219358323033205 -0.017747237397479 0.244165853994874 0.111046119996149
-0.0146309884442835 -0.00602833409567857 0.0688127192237165 -0.18474204346562
-0.00602753852447475 -0.00524341085667104 -0.0578391806649954 0.149637707731718
-0.0358332215082753 -0.0155916249529338 -0.154160226863662 -0.0883785905307981
-0.0137222670834379 -0.0216059439675029 -0.104150417662113 -0.431759577571364
0.00294870138956712 -0.0366819156868002 0.440449931975966 -0.391207653436789
0.0110466562285963 -0.0278057039493525 0.722649676173695 0.309003838961865
-0.0187539602608054 -0.012212553701165 0.0763647464703759 0.868636127102108
0.0120675602433759 -0.0630701328919965 -0.459851060418558 0.439228786025435
0.0418278579255765 -0.0635231478956656 0.0131428564162151 0.0713598094062628
0.0221089879116899 -0.0445619583313651 0.437060273361241 -0.444707881475746
-0.0184367968364213 -0.0197667969299643 -0.163012322333982 -0.899805531658967
-0.0159737509170717 -0.0104841139765965 -0.8336686214491 -0.221262411119822
-0.0261447116748193 -0.012669636676857 -0.387473301908813 0.554134947578884
-0.0234885897382271 0.000966782405740154 0.188376706597448 0.449240881860061
-0.0204381707793726 -0.0176762767388839 0.243810001515925 0.0857800184181912
-0.00941871259453459 -0.00576866397091404 0.0653061465567459 -0.196981324014864
-0.00252670631467915 -0.00332926572657357 -0.0554979227938418 0.141398854942968
-0.0327982735848784 -0.0146072506775491 -0.15536825531198 -0.107887694741604
-0.0107047688425479 -0.0187921474395673 -0.0688476130755662 -0.437432519257753
0.00420714373352032 -0.0336319346910186 0.485736277659547 -0.333660183133516
0.0176712363381431 -0.0218887557652864 0.683832440599461 0.404689347952484
-0.0135109140603752 -0.00404009603660775 -0.0303251534024052 0.881206200176581
0.00851960810965643 -0.051384673430371 -0.484981532215646 0.395594806537246
0.0318470317012557 -0.0547915929538306 0.0379690954850193 0.0542131579988924
0.0156570524970464 -0.0327999903257036 0.406701042736079 -0.488381622508601
-0.0138622934073187 -0.00995923656013239 -0.261873292949759 -0.866815068929729
-0.0153188221088693 -0.00664967416347911 -0.842392896323328 -0.113065195341613
-0.0268035081043425 -0.00628292007956231 -0.315349373066889 0.594229744793322
-0.0227923968801042 0.00460660238489 0.225781939528476 0.42556285462979
-0.0173396389007517 -0.014050719582922 0.241933645469239 0.0619260516896627
-0.0043022372127243 -0.00252110555830198 0.0653474695527177 -0.206238597018354
0.00129114388672337 0.000757075642794583 -0.0505715245515064 0.135453890253474
-0.0290038403260359 -0.0093702694088156 -0.156437654225882 -0.120649294087608
-0.00854279440502406 -0.016574949682518 -0.0446931233625126 -0.440316964161161
0.00386147755178652 -0.03026786258914 0.513329647944283 -0.291763287803033
0.0251554707372731 -0.0146213645182844 0.650913968433362 0.462981809274425
-0.0090533512525584 0.00982653442128556 -0.0982392964721282 0.889000029204145
-0.00368357793588285 -0.0325194186570722 -0.499451367698927 0.368519935196977
0.01271194724327 -0.0408710271898192 0.0540993400734771 0.0435729426652837
0.00950720904154794 -0.0143950398379702 0.38631368897387 -0.514379841395039
-0.00566729600794067 0.00205778486894595 -0.325525364571224 -0.840106790538239
-0.0105746385716547 -0.00401078672044712 -0.841294610316401 -0.0452959553380714
-0.0290385705325402 -0.00056082691693503 -0.270564462533794 0.614088485818287
-0.0206721730310398 0.00839734754936669 0.247802230916204 0.409058926517912
-0.0127805737745035 -0.00971880780574835 0.237807824718943 0.0451998949000794
0.000830799726496672 0.00328768494571689 0.0663107540404276 -0.214666686805498
0.00247002791743809 0.00586684872909243 -0.0476326859780511 0.13266927827033
-0.0233815168427045 -0.00301774421107416 -0.15941625635074 -0.124659416195939
-0.00724685550076654 -0.0116481457137433 -0.0390681360086656 -0.438570658466615
0.00238019634632417 -0.0258994221157969 0.522171305766449 -0.278063360021817
0.0324563133314861 -0.0080913376051636 0.639509845831444 0.486949652389744
-0.00563221361172442 0.0285832177833937 -0.120768563194094 0.889398458606463
-0.0221949813582456 -0.0108410662972382 -0.500911317987444 0.360493900682067
-0.0111560457523693 -0.0236201683913958 0.0615484107870923 0.0397931751065254
0.00200722349459612 0.00813076386436997 0.376238632471356 -0.525326392161918
0.00517895867766896 0.012923634807661 -0.343146394591993 -0.83129424705157
-0.00370891937852143 -0.00202331909832776 -0.83998347527956 -0.0231943936991438
-0.029941877226009 0.00373168288978795 -0.257835237391299 0.62129887055567
-0.0182824162731749 0.010406019484984 0.254552700949937 0.404075434041286
-0.0088975670226654 -0.00398931229186014 0.235298817664778 0.0385971003218721
0.00371762616072649 0.0101375426187514 0.0688019421901906 -0.219261898143911
0.00282797930379029 0.0109779896458752 -0.0470753075178783 0.13333779187171
-0.0175314400782938 0.00526575383614956 -0.162062912094877 -0.123637448628095
-0.0078815799130045 -0.00770741330869389 -0.0523265635225767 -0.440674772073921
0.00108575058932128 -0.0216344899201266 0.511168151474763 -0.290780806647575
0.0399665687623676 -0.00405961456404025 0.651145268627804 0.466170596593703
-0.00213183778522355 0.045440802190236 -0.0938015382440049 0.894264814815217
-0.0417687634594688 0.0108306865771807 -0.493806058832778 0.37357288406411
-0.0353280489927876 -0.00585765489384041 0.0570718516399207 0.0434458641423932
-0.0076730518597977 0.0298712413001206 0.384169838184547 -0.517211979483828
0.0150354275097902 0.0241127120552209 -0.323445356892883 -0.841651537921742
0.00426305417032662 -0.000198351445403495 -0.844965735905297 -0.0428015367039288
-0.0286020147124523 0.00647771615509575 -0.277676194591559 0.613990060155366
-0.0156754514641596 0.0114253444888581 0.24422013681003 0.408789400158456
-0.0018607844906292 0.00339245436816564 0.235365438404104 0.0402364445420057
0.00512372346205532 0.0167985378361125 0.0705677061664318 -0.219883199533379
-0.0108043019692897 0.00204444781390476 -0.0690677718221562 0.172063844589647
-0.0222727275105076 -0.0102605172586647 -0.147081972854695 -0.0284617965429659
-0.0089773756680119 -0.0181589558545623 -0.194510615842873 -0.387242610184415
0.000279436413273199 -0.0335010705468838 0.272401566192997 -0.510700727153429
0.00307351009232495 -0.0347444286881716 0.765281894969881 0.0307706161009164
-0.0190772397032123 -0.00556431919926144 0.355245075211208 0.763697426242727
-0.00888086835361005 -0.0518095343364006 -0.350183661778103 0.541011021465629
0.0201719121743056 -0.0548446784775659 -0.0473126284617442 0.114639283898792
0.0183944067930835 -0.0398070695474812 0.494179181616147 -0.312223370851393
-0.0101479087745077 -0.0255200972568105 0.146874217976624 -0.924133584914254
-0.00564152774839338 -0.0132959123750794 -0.72703429710212 -0.523637155910881
-0.0215118362792681 -0.0214496123054587 -0.574588101525772 0.395524358410791
-0.0210189162397731 -0.00473458327856859 0.0575384618371818 0.488869582239649
-0.018518420372858 -0.00923511816264998 0.23755604198794 0.150175172267839
-0.0226961107184046 0.00177308298524428 0.0746309465136326 -0.167054664192419
-0.00942066568590126 -0.000775575349643878 -0.0660779311543252 0.167294710008888
-0.028291320429573 -0.0145757530061203 -0.147134543690608 -0.0430337972957666
-0.011539447065615 -0.0212894759110289 -0.166374990349814 -0.401756835259937
0.0017406701116771 -0.0353480867977878 0.325622244168658 -0.482628145851473
0.00269553282406868 -0.0338515311019331 0.758710206657195 0.107325853749191
-0.0210531134037085 -0.0101180389486391 0.282351908962129 0.799489529572535
-0.00309986212402205 -0.0629952658836076 -0.384442548619173 0.515358211538759
0.0343781226244428 -0.0632684383239306 -0.030177053357912 0.103542533397807
0.0243215147538066 -0.0471929783374219 0.482289935843508 -0.352560558225581
-0.0162355677246679 -0.02829511212115 0.056489257237683 -0.931674773026155
-0.0110138219379976 -0.0148233239564302 -0.770225353757304 -0.44174730033358
-0.0220647970570769 -0.0207501702408054 -0.521482859843474 0.446910613522389
-0.0222154976600497 -0.00557041275792994 0.0977236320221048 0.482095875139032
-0.0217669092171436 -0.0157950900302519 0.241075746724207 0.133457721006024
-0.0194787051764615 -0.00252717665637345 0.0691711210624265 -0.175092399648259
-0.00884467491072118 -0.00551807022496963 -0.0619845327999951 0.157128765817008
-0.0353434515671993 -0.0139150515705655 -0.154764521692049 -0.0676568102675729
-0.0149357788320423 -0.0201504967303208 -0.14311502302633 -0.416945040639279
-0.000516919156619087 -0.0381275033780061 0.378840575916108 -0.443289781342389
0.00569989752668057 -0.0316430350212154 0.748158517143218 0.201795497727163
-0.0226626120817706 -0.012770452211333 0.188262892110181 0.835702894252168
0.00597788619228552 -0.0666770237431353 -0.421722743619814 0.477526490636001
0.0419648794804459 -0.0660449469523662 -0.00995233189888485 0.0870043317737702
0.0253159549042214 -0.0497962512814445 0.46064080700151 -0.398273037918724
-0.0183273189370832 -0.0260908477609889 -0.0550475471133526 -0.917608595015796
-0.0149850432405318 -0.0133739431227432 -0.807952408043627 -0.331145346127187
-0.0238521356398461 -0.0175794597825841 -0.455549862450209 0.50457482304477
-0.0232567653977802 -0.00288011191799991 0.144687474563892 0.467010438874258
-0.0223384014953299 -0.0174811903332447 0.242863669872625 0.109702866189484
-0.0151274924680726 -0.00534803287216771 0.0673392569391531 -0.184642868040122
-0.00583348737469394 -0.00537336218424527 -0.0569450095120572 0.149327324170253
-0.0358965225627551 -0.0145021710867451 -0.155394830630605 -0.0876286318636498
-0.0135812293649796 -0.0207896614072907 -0.105664469752025 -0.428080845077199
0.00206151073032167 -0.0363913043086321 0.434112148706134 -0.390164767317248
0.010240422197154 -0.0282909321560039 0.72221710369969 0.305214068892916
-0.0184092668619001 -0.0115474485110165 0.0808461658618528 0.863354663286828
0.0103219619152587 -0.063432608579446 -0.455937900447463 0.438266213799455
0.0404408737329059 -0.0637162126863698 0.0137810074257203 0.0707627063588663
0.021654351773514 -0.0450901421439342 0.43272714201328 -0.446226428732278
-0.0187473148965279 -0.0202179575088185 -0.167579133104832 -0.895822895523845
-0.0168913986972316 -0.00957940314167041 -0.831374121433838 -0.217013625613917
-0.0265725706328803 -0.0127547238004781 -0.382819493344473 0.555332719435107
-0.0238501721519131 0.000117098144208532 0.189581626159292 0.446967741636022
-0.0209904463043858 -0.0164671871882588 0.243228016615646 0.0845490400554224
-0.00888143773094915 -0.00484524164797419 0.0641337141862917 -0.19612757468512
-0.00256632554150849 -0.00360105172269622 -0.0541622632068845 0.139972690375443
-0.033380546891412 -0.0131032325191689 -0.156959859467997 -0.106266657456109
-0.0107549139808867 -0.0191313048803132 -0.0701207294936496 -0.43438451496109
0.00378975094378623 -0.0335502144919263 0.481650174806282 -0.334131392487531
0.0174793605690125 -0.0227513251052299 0.680570509211308 0.399938395225265
-0.0138507905710151 -0.00366780041841118 -0.0261103066740961 0.878531141796381
0.00762646117525254 -0.0503522278248977 -0.481272428371157 0.396370349585051
0.0309043967870727 -0.0550692183155364 0.0370706455538974 0.0541819016231336
0.0158504645012066 -0.033100037503251 0.402885844260803 -0.489064483267622
-0.0139254260924639 -0.0102747702585282 -0.264437826141665 -0.862301807675356
-0.0147955160276972 -0.00664959813054418 -0.840089067009574 -0.108677334841138
-0.028378869006857 -0.00657259809133314 -0.313501511073907 0.591939002564218
-0.0225377972304055 0.00429840234309616 0.227655041637242 0.422999388176428
-0.0180218616924376 -0.0142316911148769 0.241304827474921 0.060535731085343
-0.00371578939962239 -0.0019838941056121 0.0631369967281957 -0.206143906334604
0.000199602537660897 0.000784335143529547 -0.0494731821042044 0.135274386858535
-0.0285467551896947 -0.00853780025230347 -0.157318932738344 -0.118109678205841
-0.00848709960425223 -0.0156455312947127 -0.0482928739852704 -0.437160066348844
0.00359350468313602 -0.0302778877629732 0.509875501950982 -0.29277827714137
0.0248565616952391 -0.0156115043540972 0.649890030764248 0.458160794464324
-0.00922618469338134 0.0104516583076779 -0.0942948502570352 0.881848310201071
-0.0037898423863271 -0.0324056508348155 -0.495372769912767 0.368106144012545
0.0121938456966556 -0.0408653854087752 0.0538332017714971 0.0432244527297013
0.00819271639224492 -0.0143331017444108 0.382488182609491 -0.513890276100245
-0.00505761366478143 0.00111429497608501 -0.32610538484231 -0.834711999146511
-0.0104910000566338 -0.00308064504067597 -0.837888196677641 -0.0411800914242658
-0.0281660173855924 -0.000321227980863389 -0.265926219388167 0.612567257718312
-0.0208534302938401 0.00796803334482474 0.250676481595896 0.405864326300376
-0.0134832224521119 -0.00902709195053245 0.237549836461964 0.0429983214092103
0.000296382853708709 0.00433692060312352 0.063928437131674 -0.214181096564837
0.00283040544789794 0.00645915419033797 -0.0469173996683883 0.132124022801953
-0.0230998200018097 -0.00183471770071823 -0.160073380902114 -0.123553834834718
-0.0077599909758322 -0.0114106235508979 -0.041736702063839 -0.437684261059348
0.00251212463776381 -0.0262928294012402 0.516697913094978 -0.277812445461134
0.0318362526430626 -0.00859107502199355 0.639328543691985 0.48235969255796
-0.00479910820770905 0.0281252117515984 -0.116303996222297 0.885509964816878
-0.0229573728829645 -0.0109858691155738 -0.497331389848914 0.360470527345724
-0.0120976643659598 -0.024125996922885 0.0616566837417509 0.0397700361565765
0.00168176119744511 0.00797305377620743 0.375286222940206 -0.523877940821337
0.00587992432612946 0.0121559775153249 -0.345882913069289 -0.825196448770435
-0.00349223448885993 -0.0014750454918999 -0.838507838631503 -0.0160086982955837
-0.0284270691571533 0.00422517706901552 -0.252206023800186 0.618477460210365
-0.0178046454936367 0.0101886654449215 0.255333222741715 0.400086735257911
-0.00827026736504363 -0.00361801789654986 0.233948023617081 0.0358597832236506
0.00332507359327813 0.0107638259943608 0.0665746587634099 -0.218865243193652
0.00339943358551458 0.0112728397878656 -0.0437956361028791 0.132313953274346
-0.0163175826796845 0.00489277282801287 -0.163152840091021 -0.122280735651733
-0.00742222422626527 -0.0073310517815211 -0.0549974559119891 -0.437566696483833
-1.11186846099695E-05 -0.0223859955756842 0.505145506836296 -0.292959148409623
0.0379134074366676 -0.00388624413672568 0.650234482368476 0.460297438788727
-0.00176562417002615 0.0466584106097382 -0.0893799958949404 0.890559790357373
-0.0414643119145605 0.0119646863211706 -0.488729054079787 0.372227964530678
-0.0361543913052217 -0.00634939037708476 0.0585631697230854 0.0432553807319387
-0.00715725009089971 0.0292633126367487 0.381948890140682 -0.517625035951109
0.0158119907514619 0.02328770276966 -0.326202131536016 -0.835946012606674
0.00346332958918516 0.000246091729296169 -0.84110599747214 -0.0396807379130872
-0.028707148346042 0.00577566677128501 -0.27264522303487 0.61320697690715
-0.0158503931190923 0.0113144810677481 0.246037956027871 0.404084243809284
-0.00309352901773362 0.00300792088852815 0.234155877256498 0.0408454905998036
0.00452734116262966 0.017405897717482 0.0692090957167242 -0.219853494115785
-0.0111492438240399 0.00201527963462126 -0.0672052352867656 0.172055152058177
-0.0224009807439318 -0.00930354157783193 -0.147234552373331 -0.0281816070701895
-0.0100739228792822 -0.0181774382304976 -0.195842777644662 -0.383629814281398
-0.000123115883048875 -0.0332975224391596 0.270208728539389 -0.508475068753802
0.00279500539490776 -0.0343083748508151 0.759103773288648 0.0268919374217504
-0.0188935657654024 -0.00557870632697882 0.358337091665295 0.758130044584891
-0.00973362944821685 -0.0522347201861044 -0.346883234943397 0.539074132858529
0.0200541885137942 -0.0546900812250203 -0.0463585300909424 0.113658646160609
0.0175165542615597 -0.0394046946434928 0.491923964203572 -0.312567399493015
-0.0105958885002253 -0.0254142298121608 0.143905596559466 -0.919674093885265
-0.00584809611908858 -0.0135363533072903 -0.725012544646838 -0.519814757528124
-0.0210817720770515 -0.021130041544548 -0.570049771900651 0.393598632996135
-0.0203395991912502 -0.00567978818546625 0.0603394404117073 0.487061117526994
-0.0192059511408044 -0.0095596387523766 0.23831091490077 0.14861095843132
-0.0225941737728074 0.00305868830358799 0.0735575400522024 -0.166837015865067
-0.00913383157337149 -0.000721551714389103 -0.0644744184546629 0.167442852499497
-0.0287103394599185 -0.0136694795767527 -0.14735437640124 -0.043279018750047
-0.012094860746439 -0.0213054400751013 -0.16836447618006 -0.399674868456998
0.00108633617278616 -0.035199348960914 0.323298565241244 -0.482829041660459
0.00284252082445974 -0.0336246829063362 0.757356404123852 0.104226336710897
-0.0217693702146446 -0.00823787500304161 0.284411483022942 0.795577938230457
-0.00416523400891619 -0.0629353104863043 -0.380731308595353 0.513835154646842
0.0337691563634043 -0.063674386654432 -0.0303309382199866 0.103610879184663
0.0243150327209537 -0.0476427222422566 0.479287973158629 -0.352446149687499
-0.0160789912645834 -0.0290146425816441 0.0510100380021488 -0.925865243559405
-0.0112215742492518 -0.0146620413261446 -0.767646458467988 -0.437988037466644
-0.0222102386423258 -0.0204240868609731 -0.518034649528645 0.446417066644346
-0.0220908810565098 -0.0062118125058882 0.101273908568896 0.478683262687159
-0.0222037646756893 -0.0160133760990021 0.241356829209679 0.131238908328498
-0.0189867994769311 -0.00236982552651679 0.0674364168975293 -0.175603783888621
-0.0096909045243381 -0.00538530463304048 -0.0603516670494299 0.157053897417037
-0.034930345608294 -0.0135759888126949 -0.155700073446395 -0.0672436355350934
-0.0161240233927042 -0.0203984356918397 -0.144617885890928 -0.413469408884503
-0.000793514691437521 -0.0380337992501249 0.374436782617592 -0.441413338870174
0.00530323018283177 -0.0316475301449905 0.745556521900125 0.198503295389572
-0.0222185574754028 -0.0123797185231355 0.188301959099803 0.831130107068862
0.00519250102963056 -0.067202876676983 -0.416950273940237 0.47774797403592
0.040909756570019 -0.0661189239081359 -0.0089751231013223 0.0870828533820232
0.0251602034150471 -0.0502201392917538 0.455218737512904 -0.397753164457948
-0.018820617112272 -0.026659414944411 -0.059012865420084 -0.915103311095839
-0.0152818759062682 -0.0126169070465164 -0.804291003989693 -0.328148885086
-0.0240446967119024 -0.0173068056462578 -0.450708961271997 0.50558825607373
-0.0236983582115152 -0.00390846926220709 0.1474429375632 0.464613126412151
-0.0230569590702789 -0.0176290843712288 0.244239735045128 0.108586187049711
-0.0146222721979551 -0.00517765415372825 0.0644500197822842 -0.184096449668935
-0.00570108465286602 -0.00475082369725233 -0.0560620418597938 0.147798930773882
-0.0359980522838879 -0.0138659207716658 -0.156226413773808 -0.0874178690869712
-0.0136536642833793 -0.020907940434662 -0.108669373199104 -0.425148757017357
0.000763549762720204 -0.0358633504947719 0.431028619200227 -0.390131834616715
0.00994487011477517 -0.0280298612048876 0.718046562576059 0.301163658199192
-0.0181161238491039 -0.0111431070703693 0.0814509122698877 0.859110770918945
0.00899635370491586 -0.0634402592613507 -0.451039367955858 0.437212223156135
0.0396204641229067 -0.0635798769413298 0.0135623770838601 0.070472127699644
0.0209861555169554 -0.0458927799271083 0.428586343145488 -0.445689875344943
-0.0184750890231214 -0.0196963718150075 -0.168813672323779 -0.891138262412075
-0.0163795211715769 -0.0100014623421209 -0.828624346488584 -0.212979799384899
-0.0265061099837946 -0.0124743232358949 -0.380190685260074 0.554547372766026
-0.0236855129857019 0.000153668839523386 0.192945246188491 0.443326249815097
-0.0215732043992423 -0.0170523259099493 0.242826796147836 0.083486344996884
-0.00888955046942469 -0.00417959541176751 0.0618075737256562 -0.195808714261018
-0.00256455724587484 -0.00321734244193389 -0.0534576157999917 0.140190524641026
-0.0330462077465577 -0.0125238652116213 -0.156969384018833 -0.10512907203798
-0.0113536096701445 -0.0187334233295436 -0.0738327012981869 -0.431882029045702
0.00273920600657531 -0.0330146766634497 0.478039516973659 -0.334116283452468
0.0170621013221965 -0.0223069065850901 0.679609981617684 0.393597220817246
-0.0140080536588344 -0.00392942827569737 -0.0235524715605137 0.874542736634008
0.00686668575801619 -0.0505286340841613 -0.478512208350915 0.395133514485177
0.0301411222385919 -0.055132530708569 0.0366943326167167 0.0540869798055752
0.0160374465256424 -0.0333642676501817 0.399120910243792 -0.48714178646225
-0.0144762752560631 -0.00972029545627892 -0.266524516439893 -0.858374296677381
-0.0150798029231878 -0.00614908316483343 -0.839223883897938 -0.105268935879151
-0.027463877793597 -0.00636969547791247 -0.308393004871047 0.591587970327464
-0.0227153099904778 0.00469022846256867 0.231176902662176 0.420737660306553
-0.0182252054457549 -0.0135506006410315 0.24113848415982 0.0589117771592562
-0.0046337707323517 -0.000692810850208783 0.0623410352459407 -0.205491279521619
0.000221260578546162 0.00146259249672234 -0.0493690920062294 0.134822707420339
-0.0288177958348707 -0.00760199723130586 -0.157629260905715 -0.116680453722957
-0.00830490021594421 -0.0156989350612178 -0.051234699188119 -0.434298178860161
0.00323170346438141 -0.029282243033094 0.50523324832105 -0.292827169137603
0.02497333759508 -0.0154202345876262 0.647921407695544 0.455381329734325
-0.00883414468447872 0.0106892682446054 -0.0911765439597645 0.878862748654338
-0.00528532404724645 -0.0322227312048149 -0.491317094371548 0.369807455255592
0.0112788517273795 -0.04089983270812 0.0531485289049801 0.0430714824210309
0.00868489738213271 -0.014665766191901 0.37928094924346 -0.512717481248161
-0.00564676426661636 0.00126637977282877 -0.330374613913846 -0.832056833775644
-0.0104298661324242 -0.00304040448167856 -0.835967103191741 -0.0389900266704151
-0.0281611011824079 -0.000658795616362038 -0.263603050902539 0.610379286168973
-0.0208077537070898 0.00718381452260131 0.252009429561478 0.403481437787051
-0.0141444089417345 -0.00941232987392134 0.236172049072698 0.0423332411658654
-9.82369008072637E-05 0.0042108411929203 0.0619011744034872 -0.21360183345925
0.00325826105795052 0.00639731789462915 -0.0468728417456718 0.131372390030745
-0.023082518603124 -0.00149535217238838 -0.160588894681657 -0.122462836773487
-0.00687945447083393 -0.0110796124404165 -0.0445440817276769 -0.433004798909532
0.00225822144787456 -0.0251596288248419 0.513966052171562 -0.278106057531813
0.0317558343001764 -0.00876454108625355 0.637157055765944 0.479006450449622
-0.00551078531831493 0.0282532196625289 -0.114128700241409 0.882290738563795
-0.0239602719910021 -0.0111274785400284 -0.493175935062644 0.359797319443644
-0.0117586812906051 -0.0240930650639499 0.0602772376033418 0.0389716623288433
0.00163062279296702 0.00770124149010929 0.369546113040409 -0.522263020923781
0.00554168722676887 0.0123142858078134 -0.348898018259859 -0.8184259495955
-0.0030667977888998 -0.00140746308422747 -0.836300455040879 -0.014668503337969
-0.0289623407617444 0.00421234613282415 -0.250412573171594 0.616813451629891
-0.0179617894326916 0.0102448077975412 0.256349006166937 0.396677076449437
-0.0083657038676952 -0.0032824608470739 0.234367498353129 0.03499918197699
0.00370042539339479 0.0108056902823473 0.0646936214625724 -0.217428403697669
0.00418399929501451 0.0123438898978347 -0.0446269217708384 0.131912150283327
-0.0166408204561843 0.00568052586477086 -0.162750753457917 -0.120527965182203
-0.00798569296213614 -0.0063774282068076 -0.0564506906335679 -0.435169903219033
6.26992575437236E-05 -0.021364817438774 0.503528166507505 -0.293280781089171
0.0376659799352024 -0.0045108069403395 0.648918295404223 0.457828456150243
-0.00182318423949231 0.0464603509243457 -0.0863454611751089 0.884430661067152
-0.0422622332188941 0.0113943737476036 -0.485307150293753 0.372681925914169
-0.0369472816379352 -0.00698633795553186 0.0571522039072154 0.0435816845626115
-0.00667324919971003 0.0292236887426449 0.377904656415171 -0.516098102256986
0.0158824210360127 0.0229249116071747 -0.328688958504812 -0.831425222915621
0.00412921906322377 0.000151331142804398 -0.838718211569866 -0.0352806874597041
-0.0286772710399994 0.0062587580943344 -0.269089352904868 0.610093790895248
-0.0153121337797713 0.0114212352551554 0.247848324675922 0.402677562101085
-0.00352797212990504 0.00448874204102078 0.23323670710114 0.0391038093668615
0.00519600970346943 0.017814741570844 0.0678838318123049 -0.21893000454809
-0.0111920587736798 0.00212401731178801 -0.0655886688129148 0.17130575852847
-0.0231506611714039 -0.0090862782909931 -0.147723146498795 -0.028444171514167
-0.0109051228972583 -0.0184739759192658 -0.197620742857779 -0.381243388312724
-0.00103888765649429 -0.0336633972202663 0.266067900604849 -0.506935355133658
0.00205298388451227 -0.0339110031786121 0.757192792847877 0.0244343185395173
-0.0191668639068068 -0.00423994713510902 0.357434837827294 0.754378320454464
-0.0099565452068166 -0.0526045194254797 -0.345013628160898 0.536889336460266
0.0192531673452543 -0.0548716731095933 -0.0463497467654939 0.113310697180484
0.0181783133296524 -0.039970541017878 0.487279547570483 -0.3116796311873
-0.0100206637970019 -0.0253913020880045 0.140727787585251 -0.915672357207528
-0.00534347973719437 -0.0130381521380924 -0.721918160770219 -0.515520393988632
-0.0211214637004763 -0.0206417316459679 -0.565125989099226 0.393203313993434
-0.0207872331015136 -0.00564647843622649 0.0612862732900818 0.483693352584162
-0.0198364929221464 -0.00937481392521972 0.238445023529089 0.146412222256433
-0.0220271916750244 0.00287325645189686 0.0716416172064747 -0.166035515124189
-0.00882232230055879 -0.000925701040019345 -0.0626253851584333 0.166137039491903
-0.0280107173295874 -0.0133093899873572 -0.148137346595096 -0.0441086865593393
-0.0123807899910701 -0.0218400750286678 -0.170750730077265 -0.396493619235284
0.000759940681534871 -0.0354559016910686 0.318018718723536 -0.481127760226659
0.00291704317196279 -0.0335907377720079 0.754759954433158 0.100427593621504
-0.020884511919477 -0.00889827084818329 0.284123761831205 0.79072206193271
-0.00468882774917409 -0.061965119135785 -0.377146293782542 0.512594403943458
0.0332354033347889 -0.0633647791489393 -0.03044777617104 0.102763933133025
0.0237926174331679 -0.048454666510012 0.475864612832658 -0.352843226894976
-0.0163180933229696 -0.0286164473013737 0.0483319738885689 -0.921930583153499
-0.011119313492331 -0.0142355770722003 -0.766042839052816 -0.433775004168701
-0.0217216554799211 -0.0203969918037374 -0.514127146313483 0.447054714085993
-0.0223864582777432 -0.00543144922131655 0.102691406545199 0.477079462918635
-0.0232051512422955 -0.0154374568594723 0.240876632150997 0.129444552289065
-0.0183935344794089 -0.00219275212684545 0.0663014835170435 -0.174886497389984
-0.0102403900607304 -0.00507860619655349 -0.0590524450369699 0.156717436394984
-0.0352976665397064 -0.0123767885188269 -0.155380540302401 -0.0671143951195243
-0.0156544903102366 -0.0194029309177196 -0.14628911445433 -0.410268765556913
-0.00132607584496174 -0.0378389773038129 0.371097695912625 -0.439685139588842
0.00439467313583243 -0.0315468837888986 0.74125599065875 0.194653211656308
-0.0217321863548707 -0.0118573789236021 0.188663230283932 0.825689355192288
0.00344387042111434 -0.06642376762458 -0.413842908174949 0.477037821341083
0.0397146212966742 -0.0662134991216352 -0.00947416329691914 0.087156928961239
0.0249112397822776 -0.0504200088460647 0.452320580649014 -0.397542473986328
-0.0185717634252387 -0.0272050719970649 -0.059813567680842 -0.910491230355408
-0.0148157867435498 -0.0122341599380597 -0.803880883922841 -0.323117848537269
-0.0241089310564769 -0.0169246716433493 -0.448937954645009 0.502564483182927
-0.0232450096613231 -0.0032208906401778 0.149806225165825 0.460156252938362
-0.0234161572788306 -0.0176417043125348 0.243098025585985 0.106177758592082
-0.0143367312612687 -0.00486069801786111 0.0634350868240869 -0.184024193385794
-0.00670795301928716 -0.00486502323589869 -0.0552427731535117 0.148419108087663
-0.035967731371154 -0.0137699365583524 -0.155944604913943 -0.0862286826092553
-0.0142240785832509 -0.0202501708798698 -0.109928856479963 -0.422067211586414
0.000177771880411054 -0.0365893754499023 0.426682278943928 -0.389264159410673
0.00966658724869965 -0.0285014451023085 0.715474481495535 0.298360837413334
-0.018251576646693 -0.0108795453549257 0.0838156792521638 0.854270353509085
0.00845372322869367 -0.0626893376084497 -0.447808782614127 0.436491267621063
0.0387544800371005 -0.0634531284152348 0.0134578062780987 0.0700029048634586
0.0206563544259596 -0.0456326390467547 0.424319765129821 -0.445221080005605
-0.0191893572946889 -0.0202523168487671 -0.171004430236548 -0.886400045913207
-0.0163256069752937 -0.00941720869500394 -0.825470923074882 -0.210156877203414
-0.0259785386880641 -0.0114839704575805 -0.376319151282975 0.551167841398711
-0.0234575877379172 -0.000135596051861479 0.192852018119109 0.440958563903466
-0.0223327968236404 -0.0166684265787229 0.242123269447404 0.0828146841855691
-0.00926450554948606 -0.00356700639900651 0.0607834265092869 -0.195476213033148
-0.00303053218217543 -0.00283123864936972 -0.0522352846102899 0.140074011326309
-0.032591181540488 -0.0120626588756147 -0.157345459944401 -0.103845538870222
-0.011799369567087 -0.0190457577404187 -0.0754719444442193 -0.428244330630138
0.00197205364476027 -0.0329782392255224 0.475411089560978 -0.333289169999292
0.016539027591372 -0.0224954280718539 0.677725118980684 0.391994293568622
-0.0127918557874087 -0.00362918155567791 -0.0195753363688921 0.867949386195475
0.00597646433633974 -0.0504956654109802 -0.474721015031736 0.39423220423151
0.029496595254248 -0.0552891902152397 0.0371234859485011 0.0538294102973604
0.0153124213833571 -0.0332784609853999 0.39503117326123 -0.484994725727797
-0.0136530232992914 -0.0101466499694189 -0.268712793133958 -0.853834718901057
-0.0144907304162389 -0.00574646845412851 -0.834507171703846 -0.103265582300984
-0.0269923687179792 -0.00607111950597919 -0.30446145602685 0.589792627906898
-0.0220675015595691 0.00399881477603809 0.230063033708975 0.417653153027657
-0.0187554057517748 -0.0132965621566206 0.240080832647967 0.057310873950489
-0.00455342368449018 -0.000353190143533405 0.0605927148779907 -0.203642568471149
0.000432968148642115 0.00154359952255865 -0.048526945184982 0.134316031092754
-0.028328083294112 -0.00750496530909129 -0.158846531278407 -0.116034380349378
-0.00890838617373583 -0.0155085179839868 -0.0515612693511742 -0.430740711899726
0.00265375950770953 -0.0290920114706231 0.502149247875713 -0.291444373523242
0.0241175819973719 -0.0156970849746992 0.645442169766827 0.450924258112254
-0.0080646416997472 0.010642635334263 -0.0884860511007721 0.876128313111457
-0.00617770527453127 -0.0324635810922823 -0.487973170921591 0.366721471932492
0.0104043433719785 -0.0409564289066152 0.0521693420092244 0.0431514124814807
0.00828754424614804 -0.0142141746826575 0.374702726591973 -0.512265327534634
-0.00524338740357189 0.000933485730023539 -0.331391726996745 -0.828176358484536
-0.00982830985038636 -0.00223231205316267 -0.831324470307433 -0.0345754106549866
-0.0274993795809071 0.000124926274695847 -0.260262896543653 0.608610448234796
-0.0205686627541859 0.00742348479424386 0.2521933914061 0.399873856146639
-0.0148660380918743 -0.00887059516552087 0.236108161965022 0.041416686016803
0.000561737523286152 0.0044370563247237 0.0607849951955709 -0.212476280401028
0.00267445052997333 0.00701936852589759 -0.045581278844163 0.130991378422201
-0.0222166682945655 -0.00172816392582102 -0.160724534181968 -0.121333408901443
-0.00741780941544162 -0.0108190059694688 -0.0471889324903307 -0.431505376715728
0.00140297914820316 -0.0251200451670155 0.509410062673665 -0.276809661111195
0.0318330548157724 -0.00887788419275739 0.634535604279107 0.474896275316946
-0.00490018893741683 0.0284830033222804 -0.109083320071886 0.874800800428756
-0.0238096634557758 -0.0103313850778951 -0.490614226850848 0.358733714190857
-0.0138167415193395 -0.0239108726539299 0.060105622297637 0.0395818566016577
0.00148975230608451 0.00733484565254849 0.367215998065912 -0.519583427431674
0.00533417664585142 0.0120939402445198 -0.350344658964614 -0.815278658286809
-0.00316871642378315 -0.000700433226474308 -0.832487308719423 -0.0129899922715094
-0.0278263336903454 0.00387796912136116 -0.246395334974771 0.614975470132039
-0.0181472460416628 0.00970440611617783 0.257475952682604 0.394003341262869
-0.00963901937743277 -0.00317350414521517 0.233289518051587 0.0336355845741863
0.00373958882815496 0.011718674822182 0.0627772575347005 -0.217447949922864
0.00390726138063239 0.0122027201509714 -0.0427367969262923 0.131300516190714
-0.0166163333987948 0.00651713361545249 -0.162705650451805 -0.118680468803032
-0.00660645648911594 -0.0071245076478512 -0.0592474549660168 -0.431764655571453
-0.00142591049859048 -0.0210775136827368 0.498651081085114 -0.292125710621068
0.0370811671085603 -0.00466535734811016 0.644718504291207 0.453862499656819
-0.00122683949480778 0.0460300690360853 -0.0817796966469647 0.881159210652193
-0.0433310951002143 0.0121084019871611 -0.48388029039229 0.370833453737123
-0.0370897242940245 -0.00777106120646887 0.0567943513838688 0.0419401533817382
-0.00681052135726048 0.0297024302041469 0.37501327039328 -0.514411251836982
0.0156518705035305 0.0228396391540567 -0.330491360920657 -0.825206344515026
0.00543383804401074 -6.39592728047256E-05 -0.834756561650527 -0.034508002181135
-0.0277115164778354 0.0065629648623973 -0.268108795713289 0.609193879917997
-0.0157613013740564 0.0109542516128322 0.247809446703083 0.400002416292275
-0.00316316824150385 0.00431659810428534 0.23326950594618 0.0376170495759818
0.00472781739982704 0.0175763702764928 0.0671224814985975 -0.217462691371853
-0.0107591181933187 0.00317937179679134 -0.0651082743168658 0.17157500396748
-0.0232585080819005 -0.00900254389465356 -0.146945491417177 -0.0293540840566727
-0.0114039664623483 -0.0183832645318471 -0.198653980919996 -0.380749954944901
-0.00108970453250238 -0.0337780215162121 0.262265974347715 -0.506424445896963
0.00210103903660623 -0.0343062414317397 0.752835466554935 0.0217199049116155
-0.0192567098350649 -0.00362214344155708 0.358063137294568 0.749662725349594
-0.0110663489109746 -0.0522565130461548 -0.341818990229505 0.535492491843249
0.0185988158459176 -0.0544616278689384 -0.0461090318043735 0.112384867575931
0.0172157237967852 -0.0396795773614663 0.485106834501224 -0.311790311918946
-0.0108707914157234 -0.0257262303389379 0.137435329173599 -0.911860192182133
-0.00473451915782385 -0.0130024143788286 -0.721197800943521 -0.512008754479165
-0.0209436254385959 -0.0200579310313851 -0.561357192594378 0.393913237783466
-0.0202770497779948 -0.00601422798487665 0.0628191916125029 0.481892081219708
-0.0206133208459664 -0.00959962993308393 0.23784372686652 0.145103764092704
-0.0225980535023196 0.00390096981236007 0.0711730442697951 -0.165602638213854
-0.00970621119954132 -0.0006299647907007 -0.0613041725501282 0.166307248734506
-0.0290974993621978 -0.0131464594887999 -0.147546610950866 -0.0435312286779433
-0.0133197505632804 -0.0209756903840639 -0.170701663234397 -0.39519852226639
8.5277836060868E-05 -0.0351412080308257 0.316510260442714 -0.479444377790211
0.0019063413343477 -0.0341510001676252 0.749890360555945 0.100873734842283
-0.0212939254641277 -0.00805948904197467 0.285132172083187 0.786482558805193
-0.00531002980914872 -0.0626425295251553 -0.374194926692249 0.510463197129438
0.0314553009241886 -0.0630945833057301 -0.0299713776485792 0.101964648735465
0.0234078477425084 -0.0477206376854024 0.471454737552958 -0.351365565304103
-0.0166411100203799 -0.0289957283336825 0.0465456132820324 -0.91765923072913
-0.0103979417598907 -0.0140914247818982 -0.762691520383984 -0.430958283751373
-0.0216426225171064 -0.0198456667524557 -0.511294767291509 0.445760898100318
-0.0223035493892666 -0.00589624729750512 0.104876129936544 0.473970818214603
-0.0233316582575829 -0.015380220555989 0.240170902695409 0.128249135433538
-0.0184133535526351 -0.00126072681932322 0.0656757943832472 -0.174508718662575
-0.00979065699232076 -0.00424086429280506 -0.0577984302901086 0.155925921519581
-0.0356251354972585 -0.012275688605671 -0.155610331205541 -0.066055312774291
-0.0161286515567902 -0.0196187620721951 -0.147450363092488 -0.408140175498248
-0.00245456564376022 -0.0368516026002377 0.368715128114331 -0.438397388684951
0.00416196617042583 -0.0316376743549317 0.738496232764657 0.193268402567422
-0.0216352280650536 -0.0117494224266734 0.189163721076105 0.819845681327854
0.00258823548410802 -0.0668343754173805 -0.412238397393634 0.474648501158859
0.038716408609772 -0.0664698257746939 -0.00954569319034061 0.0859982130255995
0.0246051177525112 -0.0501758373614662 0.450323454178315 -0.395596724537463
-0.0190168121610707 -0.0273142713708569 -0.0632578450045153 -0.907321724452447
-0.0142689283305095 -0.012342823708394 -0.801196224675501 -0.320991078951143
-0.0235061901972151 -0.0163865294562094 -0.444474804485028 0.501740869934983
-0.0230603283105132 -0.00375736979839258 0.149555741368882 0.458317251869025
-0.024173835905099 -0.0170325657060747 0.243231164493223 0.105540037208684
-0.0145753869899618 -0.00385301132093011 0.0621701798745252 -0.183386342137865
-0.00611584255601135 -0.00436452898164673 -0.0535554198961889 0.147458707805545
-0.0358653673811109 -0.0132556113286284 -0.15679050522119 -0.0848733881447709
-0.0145950843994766 -0.0202376504496482 -0.111006019886564 -0.419558777292933
-0.000399304995841806 -0.0361627151267046 0.423162854075389 -0.387849764217206
0.00902524252268116 -0.0283622193720238 0.712110929309347 0.295637024362902
-0.0181455096468598 -0.0104988234292748 0.0861151020313198 0.849934747302226
0.00645579605209676 -0.0625231166631204 -0.44611950905169 0.433229285754072
0.0383152459931593 -0.0638937638280393 0.0134406111389668 0.0696197312131649
0.0206246966406005 -0.0450634093051247 0.421413669720429 -0.442896680781811
-0.0185929756266552 -0.0200146846339972 -0.173066840223274 -0.883861471392672
-0.0157580805616713 -0.0088235602789377 -0.82451784364654 -0.207710477790683
-0.0257011397319911 -0.0121110107693148 -0.373451212569372 0.552083858899565
-0.0232868385747293 0.000174990182532246 0.194003510686906 0.437112180363397
-0.0229028930355728 -0.0165103135588387 0.241638493926891 0.0802491941902642
-0.00963786300570684 -0.00331227073189739 0.0601284131635147 -0.193304682910099
-0.00264729631545345 -0.00223974746347272 -0.0509877054546079 0.139216417194181
-0.0330615059220768 -0.0121310072433423 -0.157771733054459 -0.103322125302192
-0.0114721203911977 -0.0182785264764998 -0.0780288229821723 -0.42498416834471
0.00253297561679128 -0.0330049735482699 0.471038920472208 -0.332002861394814
0.0165822991132866 -0.0230552894703996 0.675175614739503 0.388239978987716
-0.0129907531793925 -0.0033776956162705 -0.0187656492453803 0.864556108224119
0.00559764533049704 -0.0507355927564564 -0.470882045369527 0.392331067457303
0.0285330367403975 -0.0549308416131921 0.0367860951428472 0.0535360521959431
0.0143182516302303 -0.0330159319306644 0.392404092251214 -0.483410296642669
-0.0136619797616326 -0.00979917414747314 -0.271227481617959 -0.84818049849374
-0.0142747756494241 -0.00488045021661778 -0.830694369123214 -0.0996627999471234
-0.0270928698574379 -0.00605333072875361 -0.301257412481792 0.588024087945661
-0.0228407665271401 0.00414563631162828 0.230972769137393 0.413669884382344
-0.0197991104164047 -0.0132496888977641 0.238792318188624 0.0572140534770341
-0.00400309131608845 -0.000120378814312049 0.0593390009509204 -0.203063163260737
5.56818533999854E-05 0.00225723296852632 -0.0481708540281297 0.133839662253716
-0.0284697511819161 -0.00726773534098178 -0.159878983631762 -0.115429039684582
-0.0084031888897368 -0.0146769105243695 -0.0540222228144485 -0.428249562502197
0.00210674997468667 -0.0289870835641083 0.498877946119821 -0.292104641137141
0.0242960991926215 -0.0159397754397839 0.643895671435026 0.446957188445468
-0.00848440546118529 0.0112493024676822 -0.0867759214067133 0.868963439740256
-0.00642534706185329 -0.0315572899749454 -0.484516619828386 0.3683204025269
0.00942151904062985 -0.0412875992611252 0.0522244051820718 0.0429430543922911
0.00766961151832934 -0.0154816135879313 0.370524003975866 -0.510724110742705
-0.00494479450132592 0.00143942324656545 -0.329670753099648 -0.823841003512567
-0.00903798151157901 -0.0026974257431943 -0.829515088900786 -0.0346691887117847
-0.0283193367155622 -0.000249070107048339 -0.258486766447189 0.606262241396465
-0.0203319047455093 0.00765126815996663 0.252538062124252 0.397653937488993
-0.0151580077239485 -0.00856013143223403 0.234540276750838 0.0405560732918131
0.000537977150419372 0.00466625288610723 0.0588549152105879 -0.211591397065057
0.00284728240215372 0.00695503098248723 -0.0449801347485628 0.130911550307406
-0.0221694021138511 -0.000880466512020157 -0.160438359854553 -0.12044556342613
-0.00756217542984172 -0.0109820929914136 -0.0480221077684839 -0.427275021779572
0.00146913845480782 -0.0244276460534413 0.505897507267855 -0.277110693872119
0.0313585644812842 -0.00928284088847878 0.630977670876443 0.471764650131834
-0.00502281749238907 0.0287714149254996 -0.10694916695163 0.871137841086811
-0.0244368022501556 -0.00939659693017783 -0.486866068487754 0.358364776656656
-0.014361704283769 -0.0241748762617889 0.0591763137860492 0.0392699932063383
0.000996124869208902 0.00698195179564164 0.363072418226754 -0.520202404693759
0.00533779956418699 0.0124922645988967 -0.350928665807026 -0.810885139291151
-0.00228306745259884 -0.000697569787451714 -0.829530804929246 -0.011534566846662
-0.0285578214503933 0.004234463064402 -0.243847986984856 0.612139493262738
-0.0181297450047792 0.00978517002265393 0.257115973743612 0.390642914894378
-0.0103287519449207 -0.00265187536322953 0.233318204821794 0.0337282082207218
0.00334898912670892 0.0112059691071836 0.0622291662761732 -0.216333170702387
0.00411038626960905 0.0125120187400833 -0.0425484047451808 0.132493289976258
-0.016261065775225 0.00581065777185551 -0.163702171320398 -0.117303952060582
-0.00668795902994615 -0.00608717730693775 -0.0600185828716725 -0.427538073909403
-0.00139054516600353 -0.020537222694267 0.495317039710296 -0.291772051098611
0.0364987985612747 -0.00510402751522146 0.643592258283444 0.450386556333417
-0.00107771266802499 0.0457638390552169 -0.0819943418383531 0.875492705611631
-0.0426630334383102 0.0118549891832874 -0.478867889565451 0.371114911234873
-0.0379848459070241 -0.00719200818955537 0.0572767232748218 0.0430739977063351
-0.00726627198580602 0.0269563348668842 0.370309881780082 -0.511958211211647
0.0156665327369661 0.022936294091852 -0.331646297065492 -0.822016744380107
0.00490199402905579 0.000528725531187279 -0.830933499296991 -0.0311215103850122
-0.02710730939648 0.00647048746841914 -0.2638170466242 0.607152493286967
-0.0159842643966859 0.0109649684117404 0.249306403252842 0.397762920227328
-0.00423809274183433 0.00435355753551459 0.231832077545225 0.0372280947844361
0.00505205877575797 0.0181540858101783 0.0648164209885799 -0.216680984525129
-0.0111954967008033 0.00268775552940064 -0.0630692755884862 0.170600733135293
-0.0235200356157036 -0.00910562857875887 -0.147813993767851 -0.0289118190279392
-0.0117826613383896 -0.0183634088412554 -0.199871274291677 -0.377572326436776
-0.00167101085953602 -0.034367889990234 0.259431764553194 -0.504143665002963
0.0017121637412507 -0.0342695028927801 0.749774356995887 0.0198516769319488
-0.0187650804774988 -0.00327669771862452 0.357563181160239 0.744205686632147
-0.0130315305510912 -0.0518343259978284 -0.340039220628159 0.532618531564706
0.0172983043750294 -0.0542056620719865 -0.0468290302136785 0.11226594502502
0.0170707557177034 -0.0403437639992919 0.48174417429393 -0.310110561236918
-0.0115814347206371 -0.0264025205025893 0.135448838894332 -0.907536529526512
-0.00485571572963952 -0.0129510047107833 -0.718600067840431 -0.511140103533441
-0.0203410435815282 -0.0197730018443482 -0.559023199534646 0.392582825660232
-0.0203905296658194 -0.00521437516355608 0.0649051706285516 0.479404513343193
-0.0217211211276284 -0.00904092790733313 0.237636046701484 0.143611409845086
-0.0220515426387231 0.00409316717005098 0.0701665128254196 -0.165421427550146
-0.00963273449303812 -0.000222622759086997 -0.0611851502509571 0.165939906560086
-0.0292522542678318 -0.0134315871994629 -0.147846026353827 -0.0439455922759393
-0.0132077111381223 -0.0205761507237775 -0.173286720784593 -0.393031293859193
-0.000222089996825802 -0.0357543316815211 0.312432332837438 -0.478261963611892
0.0015785575320386 -0.033088886146991 0.747663852690819 0.0970241589154497
-0.020798489214086 -0.00830919705306156 0.283861937538006 0.780941868894833
-0.00621875489570117 -0.0617603639497238 -0.371361349961288 0.508232576195115
0.0308356647204467 -0.0628261829883367 -0.030409183085475 0.10142551650109
0.0227270857401929 -0.0481309337044759 0.469936387448369 -0.351184574896905
-0.016814455624711 -0.0285868637173372 0.0454976110354184 -0.915705483364855
-0.0107075739973641 -0.0142528443106978 -0.762114250801008 -0.428968209286035
-0.0213873099071107 -0.0192323816254239 -0.507738477240361 0.444893575653151
-0.0227094764839925 -0.00597625896257122 0.104702957600488 0.470730871927611
-0.0237922852381564 -0.0143242152583706 0.239702488479311 0.126344540437002
-0.0180963478276161 -0.00165904586816401 0.0645253819198142 -0.173789318968951
-0.0101609567873266 -0.00397786228952347 -0.0577527100265497 0.155428023310048
-0.0361721695226383 -0.0119056528559649 -0.156634175604141 -0.06525409316639
-0.0162645429550302 -0.0190421820573281 -0.148018127738716 -0.40609815709872
-0.00258710175215465 -0.0374392835174357 0.36615626295498 -0.436529809227385
0.0039754758119366 -0.0315361045160156 0.736075711105844 0.191660671992177
-0.0214639333236219 -0.011201218425101 0.189466907858606 0.816683337090833
0.00151736721590214 -0.065669047521799 -0.408551587172274 0.471853764790794
0.037785901465891 -0.066448311993952 -0.0101160450602443 0.0864214632395078
0.0235840900755146 -0.0501126604174851 0.446896488777275 -0.39542334603268
-0.0193995250112647 -0.0268660419462847 -0.0660386932923635 -0.903046495662796
-0.0146574435645644 -0.0118982465333629 -0.799496962310035 -0.320220814693706
-0.0232987196470696 -0.0161940133049456 -0.441897680409235 0.500583057645994
-0.0229569897938468 -0.00343057062380563 0.150223804575069 0.45591427046422
-0.024485950613643 -0.0164508695480778 0.242000202240774 0.103921905289898
-0.0143497888511013 -0.00375685659634566 0.0612555765696669 -0.18189160540942
-0.0064953009315082 -0.00366540489620768 -0.053617793925709 0.14743533663463
-0.0355869421779975 -0.0129078150466843 -0.157811585305313 -0.0852437975966912
-0.0142328173941802 -0.0198937854747916 -0.112188042150918 -0.417220420814735
-0.000603657442505131 -0.0353570417374534 0.422490089113395 -0.385244443607712
0.00834558608385084 -0.0279587146856511 0.709400504080077 0.293776789975992
-0.0180806754746215 -0.0106644099300446 0.0864839213294928 0.845501901054857
0.00642751764264655 -0.0617393535751881 -0.442426036934859 0.432667252279419
0.0367502735582576 -0.0637231304555385 0.0128376186822758 0.0699129940119829
0.0202494694492139 -0.0452255377248661 0.419925266478109 -0.440974787009643
-0.0189183335582567 -0.0196486390486833 -0.175282032359002 -0.879014490673366
-0.0152403231344327 -0.00872995269506235 -0.8227120594546 -0.206038656324463
-0.0256906369810881 -0.0111866893513878 -0.371359616040853 0.549673646442453
-0.0233012106874689 -7.89470363060357E-05 0.195170924276013 0.433571951473786
-0.023730506863235 -0.0158992005152609 0.241181008399203 0.0809740121644642
-0.00887358667792873 -0.00264256563609252 0.0587128918221766 -0.193381637555767
-0.00302537552557918 -0.00162827817944141 -0.0517874339414607 0.139301505332645
-0.0322284354320491 -0.0111213985073568 -0.158113594179748 -0.102952211136881
-0.0113142834072001 -0.0179292494804049 -0.0788630044601928 -0.422934085372069
0.0013585023666908 -0.0323819778448983 0.467242815329733 -0.331022198181011
0.0162719806227884 -0.0223830079990734 0.671918524019001 0.387402400004907
-0.0126549102210869 -0.00325719107497294 -0.0168376315830388 0.860737840071842
0.00430487148054713 -0.0501937267606925 -0.468797132551596 0.390456644057241
0.0274869773064599 -0.0554887024444672 0.035767478772412 0.05387629902894
0.0144576470459629 -0.0336199104509312 0.389403658182035 -0.482823104018965
-0.0142266044197138 -0.0100511366403922 -0.270773817605528 -0.843793058893581
-0.0138054661862563 -0.00514530427788657 -0.828567259619634 -0.0990030657037235
-0.0273333493532261 -0.00506358247870502 -0.298320218239237 0.585391066474963
-0.0219667905233896 0.00451656995324088 0.230810295251496 0.4124681412906
-0.0198731530048406 -0.0126896547622636 0.237890729190626 0.0567995437414722
-0.00447167940235503 0.000117210444266898 0.0588777374158333 -0.203108423165969
0.000480991276241204 0.00215182747451747 -0.0470799201372521 0.132859959125624
-0.0281551996951676 -0.00664023991376927 -0.159928982555229 -0.113694701308101
-0.00911228201655815 -0.0146088741221639 -0.054737505697219 -0.425824461233612
0.00185521535866673 -0.0286505061113535 0.49647585787499 -0.291653602867817
0.0236067527559827 -0.0155766232005976 0.639773999138755 0.445547357145321
-0.00766221792274559 0.0107371477884967 -0.0854153376574502 0.864738382824131
-0.00684093977763209 -0.030746978563299 -0.482477556497206 0.365417216580433
0.00881952990415389 -0.0410695387011812 0.0522506409517675 0.0429389401831605
0.00797186759333463 -0.0149811367793689 0.369412457275926 -0.508767389764163
-0.00540854522882557 0.00125911910923554 -0.330168663095056 -0.820273535261247
-0.00873912112837776 -0.00213601353647048 -0.827497898159673 -0.030564437471924
-0.0276252020199603 0.00056660101853841 -0.255291339971191 0.603815288916074
-0.0205943603010421 0.00756340232274028 0.252068276917657 0.394122021483482
-0.0157098840023578 -0.00847031851037727 0.234871436998674 0.0394924991280969
0.000526721000730732 0.00510996150162429 0.0585579389150798 -0.210274541976681
0.00290678724579767 0.0075595675101234 -0.044156406093398 0.131086113565541
-0.021713315562611 -0.000613756263166793 -0.161305791350126 -0.118771361342641
-0.00771049704516587 -0.0107997095678214 -0.0492655852741906 -0.425061961345301
0.00104824856549286 -0.0245010210611461 0.505326445772878 -0.274916936029418
0.0310778307237548 -0.00939571536327424 0.628694677824899 0.46935625368546
-0.00415103119642714 0.0284130759354282 -0.106773059150162 0.868142912169849
-0.0250201763209337 -0.00932424617062764 -0.485245237603022 0.355880770332954
-0.0144345979505723 -0.0238407934034439 0.0592091622274352 0.0390971579607694
0.00101600888317461 0.00657132123987422 0.361521453358975 -0.516819099810683
0.00534066900460441 0.0123441209481835 -0.350034684835625 -0.806433818210393
-0.00222077141273955 -0.000948731175378564 -0.824995169034144 -0.00873325186357289
-0.0275796357041266 0.00393129382673999 -0.240226035548911 0.609162978369438
-0.0179496605722308 0.0100358615183548 0.258651454597691 0.389865765476348
-0.0102451655305568 -0.00157219140539738 0.231852376996201 0.0342458213808903
0.00423292188279263 0.0118705819695143 0.0607307265744826 -0.215766262924767
0.00378531635439891 0.01259876431965 -0.0430781166206718 0.131254840428252
-0.0162996852406847 0.00666665973580754 -0.16329828778743 -0.116485580864913
-0.00702008134541277 -0.00631150615617222 -0.0603982713564627 -0.425035795779567
-0.000819301752206836 -0.020886926066634 0.492669093767746 -0.288273791052056
0.0372800040717478 -0.00492571422207876 0.639954340114554 0.448874132645122
-0.00042740457118841 0.0461336909778374 -0.0808014396857018 0.873774284156712
-0.0436047807994626 0.0112276709898207 -0.479028090853046 0.367797203741779
-0.038746065157489 -0.00739739055009869 0.0561215822286577 0.0427642720178418
-0.0063418668379911 0.0271302240233605 0.36876111776048 -0.510248302599333
0.0159320972121455 0.0233997431432271 -0.331098812558403 -0.818946499769931
0.00541724494055066 0.00110959933721558 -0.828137725314481 -0.0292031993178295
-0.0274516300864424 0.00698651060828418 -0.260772419357772 0.606092397762579
-0.0163442859398731 0.0117677419509857 0.248134697186596 0.394670921631203
-0.00460250109686241 0.00446233486010625 0.230769350500128 0.0359341668461172
0.00590302059842651 0.0184167289954935 0.0636755166503516 -0.216634601532488
