TRXV5
3
4
4
9
string Extension=J
integer IsArchMeasurement=1
integer IsSpherical=1
string Generator=SPM
string GeneratorVersion=1.3.1 Dev
double ArchRadius=0.449999988079071
integer FrequencyAxisIndex=0
integer AzimuthAxisIndex=1
integer ElevationAxisIndex=2
Frequency
5 136 690000000 960000000 LIN
Azimuth
7 8 0 2.74889357189107 LIN
Elevation
7 15 -2.74889357189107 2.74889357189107 LIN
Polar H Real Part
13
Polar H Imaginary Part
14
Polar V Real Part
13
Polar V Imaginary Part
14
Polar H Magnitude (dB)
12 0xC0000002 0 1
Polar H Phase
7 0xC0000003 0 1
Polar V Magnitude (dB)
12 0xC0000002 2 3
Polar V Phase
7 0xC0000003 2 3
0.134117126464844 -0.0583419799804688 0.37261962890625 -0.012603759765625
0.0726394653320313 -0.133262634277344 0.18927001953125 -0.0989227294921875
-0.072662353515625 -0.0905532836914062 -0.0821304321289063 -0.0345001220703125
-0.0977630615234375 -0.00511932373046877 -0.089996337890625 0.164642333984375
-0.0664291381835938 0.0297622680664062 0.0610809326171875 0.235488891601562
-0.0481300354003906 0.0589179992675781 0.233444213867187 0.216934204101563
-0.0196342468261719 0.0620689392089844 0.348236083984375 0.11590576171875
-0.0375862121582031 0.0531845092773437 0.366851806640625 0.052490234375
-0.0623283386230469 0.0475311279296875 0.33319091796875 0.07647705078125
-0.077239990234375 0.0144119262695312 0.250350952148438 0.146530151367188
-0.0610198974609375 -0.03826904296875 0.143295288085938 0.154891967773438
-0.02398681640625 -0.0747756958007813 0.0494766235351562 0.111572265625
0.0692901611328125 -0.0757064819335937 0.091644287109375 0.0441131591796875
0.155349731445313 -0.00830078125 0.33697509765625 0.093536376953125
0.16680908203125 0.0701751708984375 0.405548095703125 0.38909912109375
-0.066009521484375 -0.165679931640625 0.380157470703125 -0.02642822265625
-0.1256103515625 -0.167160034179687 0.1944580078125 -0.10906982421875
-0.2159423828125 -0.039703369140625 -0.0492019653320313 -0.0463600158691406
-0.18035888671875 0.1114501953125 -0.0590438842773438 0.134140014648438
-0.0684814453125 0.158828735351563 0.0708770751953125 0.188140869140625
0.04058837890625 0.177032470703125 0.232086181640625 0.176422119140625
0.104820251464844 0.12896728515625 0.326690673828125 0.076904296875
0.0746002197265625 0.113166809082031 0.34405517578125 0.0177001953125
0.0631484985351563 0.123420715332031 0.321502685546875 0.043609619140625
0.024444580078125 0.127304077148438 0.255279541015625 0.122360229492188
-0.0296859741210938 0.098388671875 0.154769897460938 0.130889892578125
-0.0642967224121094 0.0695953369140625 0.0780029296875 0.100410461425781
-0.0751876831054688 0.0123062133789062 0.145721435546875 0.05328369140625
-0.0517120361328125 -0.0204544067382813 0.3717041015625 0.123199462890625
-0.0500755310058594 -0.0122337341308594 0.431060791015625 0.419158935546875
-0.260910034179687 -0.239349365234375 0.334320068359375 -0.067291259765625
-0.309173583984375 -0.15997314453125 0.16448974609375 -0.122879028320313
-0.324981689453125 0.03125 -0.0217781066894531 -0.0518760681152344
-0.22991943359375 0.218399047851563 -0.0231552124023438 0.0903778076171875
-0.052001953125 0.265090942382813 0.0740814208984375 0.11749267578125
0.127975463867188 0.265899658203125 0.200698852539063 0.1087646484375
0.214431762695313 0.175796508789063 0.2578125 0.0263214111328125
0.17578125 0.15740966796875 0.268386840820312 -0.0225067138671875
0.180892944335938 0.183090209960938 0.259857177734375 0.00106811523437501
0.121200561523438 0.230117797851563 0.221176147460938 0.0768280029296875
0.000854492187500026 0.231597900390625 0.146102905273438 0.0809326171875
-0.108062744140625 0.211517333984375 0.10394287109375 0.0706710815429688
-0.224349975585938 0.0915374755859375 0.192153930664063 0.05987548828125
-0.258010864257813 -0.042816162109375 0.3626708984375 0.146514892578125
-0.261566162109375 -0.102706909179688 0.390838623046875 0.410980224609375
-0.42706298828125 -0.26348876953125 0.236038208007812 -0.1173095703125
-0.45458984375 -0.10858154296875 0.104530334472656 -0.126602172851563
-0.385650634765625 0.1220703125 0.00194549560546873 -0.0511474609375
-0.230712890625 0.308929443359375 0.0133514404296875 0.0361480712890625
-0.015228271484375 0.333892822265625 0.0632781982421875 0.0324363708496094
0.202911376953125 0.309814453125 0.138450622558594 0.029388427734375
0.291778564453125 0.190826416015625 0.14971923828125 -0.0261383056640625
0.248550415039062 0.177597045898438 0.151580810546875 -0.0587158203125
0.271133422851563 0.219528198242188 0.1558837890625 -0.0435943603515625
0.197723388671875 0.301361083984375 0.150360107421875 0.0127716064453125
0.024627685546875 0.333770751953125 0.115394592285156 0.00909423828125002
-0.14532470703125 0.32666015625 0.120040893554687 0.0221328735351563
-0.348846435546875 0.151947021484375 0.22039794921875 0.057220458984375
-0.4266357421875 -0.0688171386718751 0.30450439453125 0.15972900390625
-0.431304931640625 -0.180084228515625 0.291259765625 0.360687255859375
-0.5341796875 -0.2427978515625 0.095306396484375 -0.161697387695313
-0.53875732421875 -0.0319824218750001 0.022430419921875 -0.11212158203125
-0.390472412109375 0.208953857421875 0.0175933837890625 -0.0420188903808594
-0.18994140625 0.36529541015625 0.0374984741210937 -0.0241165161132812
0.03497314453125 0.35528564453125 0.0344734191894531 -0.0524177551269531
0.256439208984375 0.305450439453125 0.0522880554199219 -0.0480422973632812
0.32855224609375 0.177093505859375 0.0186614990234375 -0.0698699951171875
0.284942626953125 0.17010498046875 0.01068115234375 -0.0869827270507812
0.316619873046875 0.22100830078125 0.0251998901367188 -0.087188720703125
0.240203857421875 0.321533203125 0.0534515380859375 -0.063232421875
0.043365478515625 0.3804931640625 0.0663070678710938 -0.0767440795898437
-0.158782958984375 0.38360595703125 0.121498107910156 -0.039398193359375
-0.414276123046875 0.18365478515625 0.22271728515625 0.04351806640625
-0.52197265625 -0.0841369628906249 0.201904296875 0.150787353515625
-0.5296630859375 -0.225616455078125 0.146652221679688 0.269943237304688
-0.561126708984375 -0.198211669921875 -0.0675048828125 -0.195693969726563
-0.544769287109375 0.035980224609375 -0.0726547241210938 -0.08251953125
-0.34576416015625 0.2559814453125 0.0205650329589844 -0.0285663604736328
-0.12921142578125 0.366851806640625 0.0436859130859375 -0.0783309936523437
0.077178955078125 0.3280029296875 -0.01104736328125 -0.121879577636719
0.271041870117188 0.257904052734375 -0.0471267700195312 -0.107086181640625
0.316680908203125 0.136566162109375 -0.11553955078125 -0.0970230102539063
0.275894165039063 0.138168334960938 -0.131118774414062 -0.100677490234375
0.307647705078125 0.188385009765625 -0.109031677246094 -0.121223449707031
0.237152099609375 0.28521728515625 -0.0499649047851562 -0.136672973632812
0.051605224609375 0.350982666015625 0.011444091796875 -0.156753540039062
-0.142547607421875 0.36456298828125 0.110542297363281 -0.0976943969726562
-0.395355224609375 0.179107666015625 0.19720458984375 0.02459716796875
-0.518218994140625 -0.0814514160156249 0.0756988525390625 0.127349853515625
-0.543060302734375 -0.228363037109375 -0.01568603515625 0.159271240234375
-0.498504638671875 -0.139862060546875 -0.228591918945313 -0.225250244140625
-0.47027587890625 0.0676879882812501 -0.166351318359375 -0.0564422607421875
-0.26544189453125 0.242996215820313 0.00618648529052733 -0.0135183334350586
-0.06683349609375 0.30889892578125 0.0308380126953125 -0.117286682128906
0.096893310546875 0.255752563476563 -0.0624237060546875 -0.166748046875
0.24005126953125 0.179031372070312 -0.143234252929688 -0.140960693359375
0.256500244140625 0.0787353515625 -0.232452392578125 -0.103973388671875
0.22265625 0.084564208984375 -0.252059936523438 -0.100143432617188
0.247222900390625 0.1224365234375 -0.22369384765625 -0.140182495117188
0.196395874023438 0.194305419921875 -0.137222290039062 -0.191360473632813
0.05682373046875 0.25433349609375 -0.03472900390625 -0.212112426757812
-0.088409423828125 0.2752685546875 0.0946121215820313 -0.138435363769531
-0.291748046875 0.150390625 0.15435791015625 0.00978088378906251
-0.419586181640625 -0.051483154296875 -0.0485153198242188 0.0969161987304687
-0.47308349609375 -0.17755126953125 -0.168304443359375 0.050201416015625
-0.356903076171875 -0.072479248046875 -0.358642578125 -0.2581787109375
-0.32244873046875 0.06805419921875 -0.246124267578125 -0.04742431640625
-0.16119384765625 0.178634643554687 -0.0248584747314453 -0.00194168090820312
-0.0135345458984375 0.203750610351562 0.00363922119140625 -0.135993957519531
0.0900421142578125 0.152175903320313 -0.108749389648438 -0.182952880859375
0.167526245117188 0.08416748046875 -0.219650268554688 -0.149993896484375
0.157211303710938 0.0149688720703125 -0.314788818359375 -0.094085693359375
0.136383056640625 0.019500732421875 -0.333160400390625 -0.0849609374999999
0.1484375 0.037567138671875 -0.298187255859375 -0.138824462890625
0.131301879882813 0.069793701171875 -0.192840576171875 -0.21722412109375
0.0639572143554688 0.116348266601563 -0.063385009765625 -0.232391357421875
-0.00849914550781249 0.149429321289062 0.0778961181640625 -0.153335571289063
-0.138397216796875 0.11663818359375 0.105804443359375 0.00353240966796876
-0.258438110351563 0.00973510742187501 -0.143478393554688 0.072906494140625
-0.3385009765625 -0.0859375 -0.28582763671875 -0.032684326171875
0.14031982421875 -0.0829315185546875 0.36871337890625 -0.05877685546875
0.0585479736328125 -0.158843994140625 0.177093505859375 -0.127960205078125
-0.0930862426757813 -0.0910415649414063 -0.0902557373046875 -0.0309219360351562
-0.110671997070313 0.008087158203125 -0.0794677734375 0.17266845703125
-0.0711669921875 0.0452117919921875 0.0799713134765625 0.232284545898438
-0.0422286987304688 0.076873779296875 0.253707885742188 0.199630737304688
-0.00921630859375 0.0772552490234375 0.360198974609375 0.08349609375
-0.0305862426757813 0.0692520141601563 0.373016357421875 0.015167236328125
-0.0580101013183594 0.068634033203125 0.341949462890625 0.042510986328125
-0.083404541015625 0.0330657958984375 0.266525268554688 0.123321533203125
-0.0760269165039063 -0.0313873291015625 0.163284301757812 0.1434326171875
-0.0410385131835938 -0.0798873901367187 0.0657577514648438 0.113372802734375
0.063385009765625 -0.0954818725585938 0.0948715209960938 0.0471038818359375
0.168548583984375 -0.0350799560546875 0.340057373046875 0.069549560546875
0.192214965820313 0.048431396484375 0.431915283203125 0.35821533203125
-0.0708160400390625 -0.171173095703125 0.37921142578125 -0.073211669921875
-0.14208984375 -0.174102783203125 0.1834716796875 -0.13934326171875
-0.230941772460938 -0.0283966064453125 -0.0575523376464844 -0.0480079650878906
-0.181289672851562 0.1317138671875 -0.0501785278320313 0.136978149414063
-0.0601806640625 0.174453735351563 0.085693359375 0.1800537109375
0.0577392578125 0.184722900390625 0.246978759765625 0.1539306640625
0.120933532714844 0.130622863769531 0.33258056640625 0.041778564453125
0.0877227783203125 0.117134094238281 0.34429931640625 -0.02227783203125
0.0749282836914063 0.1290283203125 0.327606201171875 0.00500488281250001
0.0308151245117187 0.134529113769531 0.272247314453125 0.0941619873046875
-0.0299301147460938 0.101936340332031 0.175521850585938 0.11492919921875
-0.0658149719238281 0.0695228576660156 0.0966339111328125 0.09759521484375
-0.0703582763671875 0.00623321533203126 0.154327392578125 0.049591064453125
-0.0403594970703125 -0.0264320373535156 0.3824462890625 0.094879150390625
-0.0342826843261719 -0.0117759704589844 0.46533203125 0.38824462890625
-0.274734497070312 -0.22296142578125 0.334625244140625 -0.11407470703125
-0.323760986328125 -0.147003173828125 0.154769897460937 -0.153213500976563
-0.33099365234375 0.053070068359375 -0.0305747985839844 -0.0592689514160156
-0.218368530273437 0.242141723632813 -0.0171051025390625 0.0884857177734375
-0.03277587890625 0.277145385742188 0.0831832885742188 0.104904174804688
0.152359008789063 0.261199951171875 0.208465576171875 0.084014892578125
0.233871459960938 0.16180419921875 0.255935668945313 -0.00582885742187499
0.193374633789063 0.148513793945312 0.263565063476563 -0.0584564208984375
0.20068359375 0.174240112304688 0.26141357421875 -0.0350494384765625
0.14019775390625 0.22454833984375 0.235992431640625 0.0470733642578125
0.015167236328125 0.232437133789063 0.164657592773438 0.06219482421875
-0.093719482421875 0.217025756835937 0.123786926269531 0.063690185546875
-0.211837768554687 0.101181030273438 0.205825805664063 0.0496826171875
-0.25189208984375 -0.0272674560546875 0.38079833984375 0.12030029296875
-0.257827758789062 -0.0816802978515625 0.431427001953125 0.38446044921875
-0.445098876953125 -0.228607177734375 0.236312866210937 -0.15802001953125
-0.46240234375 -0.0744018554687499 0.0972137451171875 -0.152557373046875
-0.37841796875 0.149749755859375 -0.00587463378906252 -0.0622825622558594
-0.206298828125 0.331695556640625 0.013946533203125 0.0289173126220703
0.012451171875 0.33782958984375 0.0649528503417969 0.0183143615722656
0.232086181640625 0.294158935546875 0.137451171875 0.00505065917968752
0.31134033203125 0.16693115234375 0.141555786132813 -0.0497589111328125
0.26763916015625 0.1575927734375 0.140792846679688 -0.08502197265625
0.29425048828125 0.196502685546875 0.15167236328125 -0.072418212890625
0.226409912109375 0.284393310546875 0.159393310546875 -0.0133056640625
0.05255126953125 0.33306884765625 0.127967834472656 -0.00967407226562498
-0.116607666015625 0.336669921875 0.13720703125 0.01104736328125
-0.3319091796875 0.1756591796875 0.237884521484375 0.04083251953125
-0.428192138671875 -0.0356445312499999 0.3258056640625 0.136322021484375
-0.44146728515625 -0.141998291015625 0.329833984375 0.34307861328125
-0.55352783203125 -0.192596435546875 0.0968170166015625 -0.189132690429688
-0.539947509765625 0.0172119140624999 0.0190048217773437 -0.1295166015625
-0.37139892578125 0.2403564453125 0.01177978515625 -0.0562515258789062
-0.157196044921875 0.3818359375 0.0342941284179687 -0.0346755981445312
0.06829833984375 0.351470947265625 0.0289497375488281 -0.0651741027832031
0.284881591796875 0.277099609375 0.0437774658203125 -0.0660018920898437
0.345184326171875 0.14306640625 0.00680541992187501 -0.0818557739257812
0.302825927734375 0.1417236328125 -0.00379180908203123 -0.099365234375
0.339691162109375 0.1875 0.014678955078125 -0.103118896484375
0.2728271484375 0.2972412109375 0.0543212890625 -0.0824508666992187
0.079071044921875 0.376068115234375 0.0696563720703125 -0.093780517578125
-0.1217041015625 0.398895263671875 0.132522583007813 -0.0540847778320312
-0.39312744140625 0.21807861328125 0.240005493164062 0.02301025390625
-0.5284423828125 -0.0372619628906249 0.225799560546875 0.1363525390625
-0.54791259765625 -0.175079345703125 0.179901123046875 0.265884399414063
-0.58294677734375 -0.14080810546875 -0.0665893554687501 -0.205963134765625
-0.54107666015625 0.0919189453125 -0.0699081420898438 -0.0905532836914062
-0.320098876953125 0.288970947265625 0.0168609619140625 -0.0435867309570312
-0.09002685546875 0.37908935546875 0.0354766845703125 -0.0898895263671875
0.111846923828125 0.317626953125 -0.0220489501953125 -0.130645751953125
0.294708251953125 0.223297119140625 -0.0600204467773437 -0.114852905273437
0.327728271484375 0.09747314453125 -0.1300048828125 -0.0937576293945313
0.288818359375 0.105804443359375 -0.146484375 -0.097686767578125
0.327972412109375 0.151336669921875 -0.123809814453125 -0.122421264648438
0.268997192382813 0.256118774414063 -0.057464599609375 -0.14501953125
0.0887451171875 0.345428466796875 0.00569152832031251 -0.169143676757812
-0.101287841796875 0.3785400390625 0.11419677734375 -0.113731384277344
-0.373626708984375 0.215789794921875 0.211654663085937 0.00352478027343751
-0.527740478515625 -0.0302734375000001 0.0983428955078125 0.123870849609375
-0.56805419921875 -0.16998291015625 0.00765991210937495 0.170578002929688
-0.519927978515625 -0.085479736328125 -0.228805541992188 -0.217041015625
-0.465057373046875 0.12432861328125 -0.15911865234375 -0.051788330078125
-0.23992919921875 0.274017333984375 0.00601577758789061 -0.0263881683349609
-0.02880859375 0.317108154296875 0.01812744140625 -0.126686096191406
0.129669189453125 0.241806030273437 -0.0779571533203124 -0.167556762695312
0.259719848632813 0.144866943359375 -0.158279418945312 -0.136489868164062
0.26226806640625 0.0420989990234375 -0.246231079101562 -0.0870666503906251
0.231597900390625 0.0543060302734375 -0.265869140625 -0.0816345214843749
0.259170532226562 0.087646484375 -0.240249633789063 -0.126617431640625
0.2196044921875 0.165130615234375 -0.151229858398437 -0.190017700195313
0.08734130859375 0.244491577148438 -0.0486907958984375 -0.2188720703125
-0.05242919921875 0.282745361328125 0.091400146484375 -0.15283203125
-0.270401000976562 0.181137084960938 0.165374755859375 -0.00875854492187499
-0.427032470703125 -0.00302124023437507 -0.0303421020507813 0.106552124023438
-0.497589111328125 -0.123321533203125 -0.1558837890625 0.0763702392578125
-0.37823486328125 -0.029937744140625 -0.365631103515625 -0.234466552734375
-0.32366943359375 0.11248779296875 -0.239761352539063 -0.033599853515625
-0.142562866210938 0.204849243164063 -0.0241775512695313 -0.0102119445800781
0.015167236328125 0.210983276367188 -0.0119171142578125 -0.1416015625
0.115272521972656 0.139762878417969 -0.12774658203125 -0.176101684570313
0.181198120117188 0.0565338134765625 -0.235061645507813 -0.13330078125
0.1571044921875 -0.01416015625 -0.326202392578125 -0.065185546875
0.136985778808594 -0.00418853759765625 -0.343170166015625 -0.053985595703125
0.151077270507812 0.010894775390625 -0.313507080078125 -0.1143798828125
0.140556335449219 0.0434951782226562 -0.209976196289063 -0.207107543945312
0.0821990966796875 0.102684020996094 -0.080078125 -0.233840942382813
0.0177459716796875 0.148574829101563 0.0710601806640625 -0.164520263671875
-0.117378234863281 0.135612487792969 0.114387512207031 -0.00762176513671874
-0.260299682617188 0.0465850830078125 -0.129623413085938 0.0945816040039062
-0.358184814453125 -0.040374755859375 -0.283782958984375 0.00698852539062494
0.135643005371094 -0.106620788574219 0.34320068359375 -0.09783935546875
0.0358428955078125 -0.177703857421875 0.153076171875 -0.148117065429688
-0.111541748046875 -0.0836944580078125 -0.0959548950195313 -0.0247421264648437
-0.118003845214844 0.0250320434570313 -0.067138671875 0.174041748046875
-0.0701637268066406 0.0618171691894531 0.09246826171875 0.22064208984375
-0.03021240234375 0.0917434692382813 0.262039184570312 0.174911499023437
0.00591278076171876 0.0877151489257813 0.352447509765625 0.05157470703125
-0.018035888671875 0.0822906494140625 0.36041259765625 -0.01904296875
-0.0466156005859375 0.0865402221679688 0.3348388671875 0.0074462890625
-0.0821609497070312 0.0534286499023438 0.268829345703125 0.09429931640625
-0.088104248046875 -0.018707275390625 0.174880981445313 0.124603271484375
-0.0584564208984375 -0.07769775390625 0.0798721313476563 0.107963562011719
0.0516433715820313 -0.111091613769531 0.0974502563476563 0.0494308471679687
0.170623779296875 -0.0648345947265625 0.326324462890625 0.048431396484375
0.205902099609375 0.0186309814453125 0.433502197265625 0.3201904296875
-0.0738677978515625 -0.173385620117187 0.355133056640625 -0.11773681640625
-0.157073974609375 -0.173492431640625 0.159408569335938 -0.16253662109375
-0.238372802734375 -0.0142364501953125 -0.0662727355957031 -0.0468368530273438
-0.17535400390625 0.148513793945313 -0.0421371459960938 0.134811401367188
-0.048797607421875 0.184005737304688 0.093231201171875 0.165145874023438
0.073822021484375 0.184982299804688 0.24859619140625 0.12603759765625
0.134429931640625 0.126213073730469 0.320343017578125 0.00921630859375001
0.0998992919921875 0.116584777832031 0.325469970703125 -0.056304931640625
0.087188720703125 0.131423950195313 0.314239501953125 -0.03131103515625
0.0361862182617188 0.137931823730469 0.272872924804688 0.0610198974609375
-0.0310821533203125 0.104110717773437 0.186691284179688 0.0921478271484375
-0.0672035217285156 0.0661506652832031 0.112205505371094 0.087799072265625
-0.0666084289550781 -0.00285339355468749 0.1588134765625 0.0441741943359375
-0.0281486511230469 -0.0380630493164063 0.3740234375 0.06695556640625
-0.0162544250488281 -0.0193099975585938 0.474609375 0.34356689453125
-0.274444580078125 -0.2039794921875 0.3125 -0.156463623046875
-0.326263427734375 -0.131072998046875 0.132049560546875 -0.175338745117188
-0.325714111328125 0.0709838867187501 -0.0403022766113281 -0.0622329711914062
-0.199432373046875 0.255416870117188 -0.0138626098632813 0.0828094482421875
-0.012451171875 0.277145385742188 0.0838623046875 0.089569091796875
0.169937133789063 0.247528076171875 0.202484130859375 0.0576171875
0.24322509765625 0.143936157226563 0.239364624023438 -0.0335693359375
0.203140258789063 0.135055541992188 0.241958618164063 -0.0874176025390625
0.210830688476562 0.160934448242187 0.245635986328125 -0.06781005859375
0.151321411132813 0.212249755859375 0.234390258789063 0.01434326171875
0.026397705078125 0.225296020507812 0.173614501953125 0.038360595703125
-0.07891845703125 0.212356567382813 0.137809753417969 0.0502700805664063
-0.194412231445313 0.101699829101563 0.2122802734375 0.0373077392578125
-0.234481811523438 -0.0193939208984375 0.379364013671875 0.090484619140625
-0.240020751953125 -0.064971923828125 0.449951171875 0.34210205078125
-0.43829345703125 -0.188323974609375 0.21905517578125 -0.192886352539063
-0.4501953125 -0.04443359375 0.0789947509765625 -0.17218017578125
-0.3585205078125 0.16876220703125 -0.0168609619140625 -0.0694503784179688
-0.177703857421875 0.335906982421875 0.0119209289550781 0.020650863647461
0.037322998046875 0.328125 0.0593070983886719 0.00418472290039064
0.24658203125 0.265899658203125 0.125946044921875 -0.015380859375
0.31524658203125 0.1370849609375 0.123931884765625 -0.0678176879882812
0.273635864257813 0.133514404296875 0.11944580078125 -0.104141235351563
0.301055908203125 0.1673583984375 0.134269714355469 -0.0968780517578125
0.2413330078125 0.257308959960938 0.155792236328125 -0.040924072265625
0.07470703125 0.318359375 0.132110595703125 -0.0315399169921875
-0.08819580078125 0.331573486328125 0.148208618164063 -0.00505065917968748
-0.303253173828125 0.185699462890625 0.245162963867187 0.0222015380859375
-0.40875244140625 -0.00793457031250005 0.333953857421875 0.10784912109375
-0.42510986328125 -0.103240966796875 0.353515625 0.310546875
-0.543914794921875 -0.14068603515625 0.0877227783203125 -0.213226318359375
-0.511810302734375 0.058319091796875 0.00988769531249996 -0.145217895507812
-0.338836669921875 0.256134033203125 0.000892639160156229 -0.0668792724609375
-0.1197509765625 0.37896728515625 0.0263748168945312 -0.0424842834472656
0.09332275390625 0.3314208984375 0.0185699462890625 -0.07611083984375
0.292877197265625 0.240997314453125 0.0288848876953125 -0.0781707763671875
0.341522216796875 0.105133056640625 -0.0101318359375 -0.0870361328125
0.302978515625 0.110992431640625 -0.0211334228515625 -0.104934692382812
0.3443603515625 0.149078369140625 -0.00186157226562498 -0.113883972167969
0.28887939453125 0.260833740234375 0.04742431640625 -0.0992507934570312
0.106781005859375 0.3558349609375 0.067108154296875 -0.109642028808594
-0.082000732421875 0.3924560546875 0.137107849121094 -0.0709304809570312
-0.3594970703125 0.235687255859375 0.246627807617188 0.000167846679687514
-0.50933837890625 0.00338745117187509 0.239334106445312 0.115036010742188
-0.5374755859375 -0.122344970703125 0.206222534179688 0.2467041015625
-0.57208251953125 -0.0814208984374999 -0.0663757324218751 -0.214584350585937
-0.50830078125 0.139068603515625 -0.0679931640625 -0.0995407104492188
-0.279388427734375 0.303497314453125 0.00938796997070311 -0.0557708740234375
-0.0489501953125 0.368560791015625 0.0234298706054687 -0.0964736938476562
0.137603759765625 0.28955078125 -0.0357589721679688 -0.133026123046875
0.300262451171875 0.1807861328125 -0.0741424560546875 -0.11749267578125
0.318359375 0.0592041015625 -0.140289306640625 -0.08599853515625
0.2852783203125 0.072998046875 -0.15753173828125 -0.089324951171875
0.32586669921875 0.10858154296875 -0.136871337890625 -0.1185302734375
0.28125 0.216888427734375 -0.06597900390625 -0.14971923828125
0.11749267578125 0.321258544921875 -0.0031890869140625 -0.177200317382813
-0.059295654296875 0.37054443359375 0.111579895019531 -0.127792358398437
-0.335723876953125 0.236724853515625 0.217071533203125 -0.0191650390625
-0.510040283203125 0.01727294921875 0.11590576171875 0.112602233886719
-0.559906005859375 -0.10870361328125 0.034454345703125 0.16986083984375
-0.513031005859375 -0.0292053222656251 -0.220718383789063 -0.209243774414063
-0.43475341796875 0.17120361328125 -0.147903442382813 -0.0526123046875
-0.201568603515625 0.288970947265625 0.00113677978515624 -0.0379142761230469
0.00903320312500001 0.30657958984375 0.00376892089843751 -0.129959106445313
0.15081787109375 0.2144775390625 -0.0918121337890624 -0.16204833984375
0.260345458984375 0.10467529296875 -0.16839599609375 -0.127548217773438
0.248733520507813 0.007476806640625 -0.24945068359375 -0.067596435546875
0.2230224609375 0.0242462158203125 -0.268524169921875 -0.0601348876953125
0.2530517578125 0.0518646240234375 -0.247055053710938 -0.109695434570312
0.225067138671875 0.127685546875 -0.160919189453125 -0.182693481445313
0.109420776367188 0.220428466796875 -0.0611724853515625 -0.218338012695313
-0.0171966552734375 0.272857666015625 0.083282470703125 -0.162841796875
-0.235748291015625 0.197647094726563 0.168487548828125 -0.0270233154296875
-0.409881591796875 0.04132080078125 -0.00913238525390628 0.108039855957031
-0.49310302734375 -0.0634460449218749 -0.130790710449219 0.0950241088867188
-0.37567138671875 0.013641357421875 -0.354461669921875 -0.21099853515625
-0.30419921875 0.151611328125 -0.223541259765625 -0.0252227783203125
-0.1160888671875 0.22003173828125 -0.0259304046630859 -0.0200099945068359
0.0446929931640625 0.2041015625 -0.027313232421875 -0.140853881835938
0.132179260253906 0.118141174316406 -0.140243530273438 -0.161895751953125
0.179885864257813 0.025482177734375 -0.24029541015625 -0.1126708984375
0.143722534179688 -0.040771484375 -0.32171630859375 -0.035552978515625
0.127296447753906 -0.0264205932617188 -0.33758544921875 -0.02423095703125
0.140594482421875 -0.0153656005859375 -0.31427001953125 -0.086700439453125
0.137222290039063 0.0152587890625 -0.218399047851562 -0.190719604492187
0.0929946899414063 0.0818099975585938 -0.0932464599609375 -0.226211547851563
0.04156494140625 0.135078430175781 0.060638427734375 -0.169845581054687
-0.089324951171875 0.143447875976562 0.117439270019531 -0.0203704833984375
-0.244613647460938 0.081451416015625 -0.106735229492188 0.106864929199219
-0.3531494140625 0.010894775390625 -0.261306762695313 0.04052734375
0.127372741699219 -0.124862670898438 0.307647705078125 -0.11810302734375
0.01239013671875 -0.186965942382813 0.125564575195313 -0.155303955078125
-0.125564575195312 -0.0737457275390625 -0.0997085571289063 -0.0186309814453125
-0.120048522949219 0.04083251953125 -0.0599365234375 0.17138671875
-0.0659713745117188 0.07562255859375 0.0963897705078125 0.207595825195313
-0.0168228149414062 0.101661682128906 0.257766723632813 0.156417846679688
0.0217208862304688 0.09295654296875 0.336578369140625 0.031494140625
-0.00260925292968751 0.0891876220703125 0.337646484375 -0.0390625
-0.0306472778320313 0.0989913940429688 0.31622314453125 -0.013580322265625
-0.0758514404296875 0.0705642700195313 0.260330200195312 0.07354736328125
-0.0953445434570313 -0.00421905517578123 0.177017211914063 0.107162475585938
-0.0727920532226563 -0.0716171264648437 0.0892562866210938 0.100349426269531
0.0371475219726563 -0.122116088867188 0.0996780395507813 0.0535049438476562
0.16510009765625 -0.091094970703125 0.3070068359375 0.04150390625
0.208633422851563 -0.00933837890625 0.4171142578125 0.2939453125
-0.072174072265625 -0.175872802734375 0.320281982421875 -0.14215087890625
-0.166915893554688 -0.173721313476563 0.131561279296875 -0.171600341796875
-0.241348266601563 -0.00389099121093754 -0.0725479125976563 -0.0434799194335937
-0.168746948242188 0.158416748046875 -0.0388336181640625 0.129364013671875
-0.0394744873046875 0.188751220703125 0.0924224853515625 0.150375366210938
0.085205078125 0.183624267578125 0.238800048828125 0.10595703125
0.143417358398438 0.12139892578125 0.297332763671875 -0.00875854492187499
0.108383178710938 0.115089416503906 0.298309326171875 -0.076080322265625
0.0959701538085938 0.132789611816406 0.291259765625 -0.053680419921875
0.0403900146484375 0.141632080078125 0.261672973632813 0.036468505859375
-0.0352020263671875 0.107406616210938 0.18756103515625 0.0707244873046875
-0.0719070434570313 0.0632400512695313 0.12176513671875 0.0767669677734375
-0.0662384033203125 -0.0152130126953125 0.16021728515625 0.041748046875
-0.0196952819824219 -0.0542945861816406 0.357208251953125 0.053131103515625
-0.00101280212402344 -0.0325431823730469 0.46258544921875 0.3118896484375
-0.26239013671875 -0.192413330078125 0.280792236328125 -0.181793212890625
-0.321044921875 -0.121490478515625 0.106063842773438 -0.185806274414062
-0.316986083984375 0.078338623046875 -0.0505409240722657 -0.0624160766601562
-0.184799194335938 0.2572021484375 -0.0149154663085938 0.076141357421875
-0.00210571289062503 0.272232055664063 0.0774002075195313 0.0756149291992188
0.176010131835938 0.234451293945313 0.187698364257812 0.040313720703125
0.243865966796875 0.12994384765625 0.215866088867188 -0.0475616455078125
0.205123901367188 0.124008178710938 0.212600708007813 -0.1031494140625
0.212158203125 0.149673461914063 0.220169067382813 -0.088165283203125
0.152999877929688 0.201202392578125 0.222320556640625 -0.010772705078125
0.0275421142578125 0.216949462890625 0.173141479492188 0.0164947509765625
-0.0728302001953125 0.200225830078125 0.146331787109375 0.0359954833984375
-0.180404663085938 0.0904083251953125 0.213043212890625 0.0286407470703125
-0.21563720703125 -0.0236053466796875 0.36822509765625 0.07244873046875
-0.21478271484375 -0.061279296875 0.4442138671875 0.30865478515625
-0.415557861328125 -0.163665771484375 0.195663452148438 -0.215545654296875
-0.42901611328125 -0.0303344726562499 0.06011962890625 -0.183837890625
-0.33966064453125 0.17034912109375 -0.0284042358398438 -0.0726242065429687
-0.157379150390625 0.328155517578125 0.00634574890136718 0.0140523910522461
0.0472412109375 0.312225341796875 0.0493392944335938 -0.00634002685546873
0.24560546875 0.244583129882813 0.107658386230469 -0.0281524658203125
0.306549072265625 0.116180419921875 0.101737976074219 -0.0754241943359375
0.268478393554688 0.115875244140625 0.0945281982421875 -0.112602233886719
0.296356201171875 0.146881103515625 0.110923767089844 -0.110450744628906
0.240890502929688 0.235015869140625 0.14404296875 -0.06256103515625
0.081298828125 0.29962158203125 0.129608154296875 -0.0506820678710937
-0.0706787109375 0.314697265625 0.152877807617187 -0.0209808349609375
-0.2784423828125 0.179855346679688 0.245452880859375 0.00837707519531251
-0.3822021484375 0.000854492187500054 0.329986572265625 0.088287353515625
-0.39447021484375 -0.08343505859375 0.35882568359375 0.279205322265625
-0.512359619140625 -0.10675048828125 0.0755920410156249 -0.231918334960938
-0.477508544921875 0.07501220703125 -0.000549316406250028 -0.157272338867188
-0.3084716796875 0.252288818359375 -0.00990295410156252 -0.073211669921875
-0.09613037109375 0.360504150390625 0.0169258117675781 -0.0480422973632812
0.100921630859375 0.306243896484375 0.00670623779296875 -0.0808868408203125
0.285369873046875 0.211273193359375 0.0120391845703125 -0.0847625732421875
0.324188232421875 0.080169677734375 -0.025634765625 -0.0871810913085938
0.29046630859375 0.089324951171875 -0.0385055541992187 -0.104530334472656
0.33062744140625 0.121826171875 -0.0187835693359375 -0.119331359863281
0.285064697265625 0.2296142578125 0.0375900268554688 -0.112777709960937
0.11810302734375 0.330078125 0.0620040893554688 -0.123397827148437
-0.0582275390625 0.371826171875 0.137710571289063 -0.08502197265625
-0.325469970703125 0.233062744140625 0.2449951171875 -0.0175933837890625
-0.47784423828125 0.0235595703124999 0.24407958984375 0.0961456298828125
-0.50531005859375 -0.08837890625 0.2196044921875 0.226242065429688
-0.538055419921875 -0.0419311523437501 -0.0634613037109376 -0.2257080078125
-0.464080810546875 0.159698486328125 -0.06719970703125 -0.110404968261719
-0.24456787109375 0.29644775390625 -0.000366210937500021 -0.0651626586914062
-0.024688720703125 0.34442138671875 0.0124130249023437 -0.0992507934570312
0.1422119140625 0.260040283203125 -0.0458908081054687 -0.132431030273437
0.2860107421875 0.14971923828125 -0.0862045288085938 -0.11578369140625
0.29541015625 0.0347900390625 -0.146209716796875 -0.0790863037109375
0.268112182617188 0.050445556640625 -0.164031982421875 -0.0812835693359375
0.308807373046875 0.080169677734375 -0.144973754882812 -0.11468505859375
0.275054931640625 0.182357788085938 -0.0731201171875 -0.153976440429688
0.129058837890625 0.293060302734375 -0.01031494140625 -0.1820068359375
-0.032684326171875 0.348602294921875 0.107749938964844 -0.138954162597656
-0.30047607421875 0.2362060546875 0.214447021484375 -0.037384033203125
-0.478240966796875 0.0446777343750001 0.127494812011719 0.0984573364257813
-0.528411865234375 -0.0672607421874999 0.0560455322265624 0.1612548828125
-0.48712158203125 0.00982666015625004 -0.205413818359375 -0.210311889648438
-0.3944091796875 0.19586181640625 -0.135841369628906 -0.0619049072265625
-0.16754150390625 0.28558349609375 -0.00571060180664063 -0.0485343933105469
0.03326416015625 0.2840576171875 -0.00714111328125 -0.129066467285156
0.156906127929687 0.185028076171875 -0.0986480712890625 -0.15380859375
0.245819091796875 0.0746612548828125 -0.172027587890625 -0.11846923828125
0.22467041015625 -0.01434326171875 -0.244613647460937 -0.0535888671875
0.204421997070313 0.0046539306640625 -0.2640380859375 -0.046112060546875
0.233474731445313 0.02685546875 -0.246627807617187 -0.0977935791015625
0.214401245117188 0.0970306396484375 -0.164291381835938 -0.178009033203125
0.116622924804688 0.19354248046875 -0.0684661865234375 -0.2154541015625
0.00607299804687499 0.250274658203125 0.076324462890625 -0.168136596679687
-0.202865600585938 0.196640014648437 0.165634155273437 -0.043182373046875
-0.381378173828125 0.0694885253906251 0.00895690917968747 0.10113525390625
-0.46466064453125 -0.0198669433593751 -0.103057861328125 0.100082397460938
-0.362274169921875 0.0459289550781249 -0.331695556640625 -0.20111083984375
-0.277069091796875 0.175369262695313 -0.204452514648438 -0.029388427734375
-0.09002685546875 0.223129272460938 -0.0294017791748047 -0.0284366607666015
0.0662078857421875 0.18853759765625 -0.0387191772460937 -0.135360717773437
0.138320922851562 0.0945663452148438 -0.144363403320313 -0.14715576171875
0.168777465820312 0.0001983642578125 -0.237014770507812 -0.0979156494140624
0.123153686523438 -0.056976318359375 -0.3070068359375 -0.0170593261718749
0.109893798828125 -0.04083251953125 -0.3221435546875 -0.00540161132812496
0.122383117675781 -0.0318984985351563 -0.30426025390625 -0.069366455078125
0.123764038085938 -0.00743865966796875 -0.217666625976563 -0.178009033203125
0.094390869140625 0.0594558715820313 -0.0988922119140625 -0.217498779296875
0.0565567016601563 0.114707946777344 0.0529022216796875 -0.170211791992188
-0.0635604858398438 0.140403747558594 0.115249633789063 -0.0309524536132812
-0.220596313476563 0.103958129882812 -0.0836868286132813 0.108970642089844
-0.330902099609375 0.047882080078125 -0.229721069335938 0.0595703125
0.119308471679687 -0.140640258789062 0.274093627929688 -0.122573852539063
-0.00848388671874999 -0.19384765625 0.103363037109375 -0.153060913085938
-0.137382507324219 -0.0636672973632812 -0.10308837890625 -0.0140914916992188
-0.122581481933594 0.0551071166992188 -0.0593719482421875 0.168930053710937
-0.0608901977539063 0.0879745483398438 0.09375 0.200225830078125
-0.0032501220703125 0.109848022460938 0.250564575195313 0.14935302734375
0.0367813110351563 0.0958404541015625 0.32080078125 0.026702880859375
0.011474609375 0.0939788818359375 0.3160400390625 -0.043975830078125
-0.014556884765625 0.107757568359375 0.299468994140625 -0.021240234375
-0.0674591064453125 0.0855789184570312 0.249847412109375 0.0641632080078125
-0.10052490234375 0.00959014892578125 0.17401123046875 0.0969085693359375
-0.0848236083984375 -0.0649642944335938 0.0950469970703125 0.095306396484375
0.0244598388671875 -0.130889892578125 0.10369873046875 0.0601119995117188
0.157333374023438 -0.1134033203125 0.2919921875 0.048919677734375
0.209365844726563 -0.0325164794921875 0.39361572265625 0.289215087890625
-0.0693206787109375 -0.186203002929688 0.2874755859375 -0.151123046875
-0.176834106445313 -0.17822265625 0.109024047851562 -0.1724853515625
-0.246505737304688 0.000976562500000012 -0.0791397094726563 -0.040557861328125
-0.16650390625 0.166091918945313 -0.0397872924804687 0.125350952148438
-0.0354766845703125 0.194900512695313 0.085235595703125 0.142227172851563
0.09246826171875 0.184921264648438 0.225418090820313 0.09893798828125
0.150985717773437 0.121047973632812 0.276443481445313 -0.012237548828125
0.116096496582031 0.116973876953125 0.273956298828125 -0.0801849365234375
0.103897094726563 0.137847900390625 0.269256591796875 -0.06231689453125
0.042144775390625 0.149124145507813 0.24786376953125 0.0222015380859375
-0.04205322265625 0.11297607421875 0.184616088867187 0.0561981201171875
-0.0819778442382812 0.05975341796875 0.127937316894531 0.0672683715820313
-0.0705490112304688 -0.0293426513671875 0.163681030273438 0.0444488525390625
-0.0162124633789063 -0.0748748779296875 0.34356689453125 0.05474853515625
0.0114822387695312 -0.0496940612792969 0.444122314453125 0.3009033203125
-0.24664306640625 -0.19622802734375 0.252761840820313 -0.194778442382813
-0.31658935546875 -0.126922607421875 0.0858001708984375 -0.189208984375
-0.315155029296875 0.0780639648437501 -0.0586090087890625 -0.0615997314453125
-0.180191040039063 0.256881713867188 -0.0201568603515625 0.0716018676757813
-0.000640869140624991 0.270187377929688 0.0671119689941406 0.0693511962890625
0.176971435546875 0.230911254882812 0.170669555664063 0.0334930419921875
0.241744995117188 0.126480102539063 0.193832397460938 -0.0499420166015625
0.204971313476563 0.122451782226563 0.187713623046875 -0.105911254882813
0.212188720703125 0.149551391601562 0.1968994140625 -0.095550537109375
0.149398803710938 0.199386596679688 0.207565307617187 -0.0267791748046875
0.021270751953125 0.21307373046875 0.169189453125 0.000442504882812513
-0.0773773193359375 0.190505981445312 0.151412963867188 0.0239410400390625
-0.175674438476563 0.073486328125 0.216903686523438 0.026092529296875
-0.201461791992188 -0.039215087890625 0.3587646484375 0.06878662109375
-0.192337036132813 -0.071746826171875 0.432647705078125 0.29376220703125
-0.391021728515625 -0.161712646484375 0.17388916015625 -0.230621337890625
-0.412872314453125 -0.0350036621093751 0.0418853759765625 -0.190460205078125
-0.33001708984375 0.1632080078125 -0.038330078125 -0.07489013671875
-0.152313232421875 0.317840576171875 -0.000637054443359384 0.0101232528686524
0.045562744140625 0.303375244140625 0.037445068359375 -0.0119743347167969
0.238479614257813 0.234649658203125 0.0901412963867188 -0.0316925048828125
0.295501708984375 0.110198974609375 0.08245849609375 -0.0760879516601563
0.260299682617188 0.110855102539063 0.0730819702148438 -0.113471984863281
0.286865234375 0.1396484375 0.0899505615234375 -0.116722106933594
0.2313232421875 0.224090576171875 0.131019592285156 -0.076873779296875
0.077423095703125 0.28802490234375 0.125556945800781 -0.0667343139648437
-0.070037841796875 0.2987060546875 0.156845092773437 -0.0344390869140625
-0.266586303710938 0.161178588867188 0.247772216796875 0.00079345703125001
-0.36199951171875 -0.00811767578125004 0.326385498046875 0.080963134765625
-0.365692138671875 -0.084259033203125 0.3548583984375 0.2646484375
-0.481109619140625 -0.098907470703125 0.06494140625 -0.24755859375
-0.4493408203125 0.0714721679687501 -0.0112457275390625 -0.168167114257812
-0.29443359375 0.23736572265625 -0.0213699340820313 -0.0787506103515625
-0.089996337890625 0.34332275390625 0.00765609741210936 -0.0510635375976562
0.096466064453125 0.290985107421875 -0.00440216064453125 -0.08392333984375
0.269760131835938 0.199417114257813 -0.00318908691406248 -0.0857009887695312
0.305694580078125 0.073638916015625 -0.0386734008789062 -0.0849761962890625
0.277130126953125 0.0818939208984375 -0.0530624389648437 -0.103019714355469
0.314422607421875 0.11090087890625 -0.0346145629882812 -0.12286376953125
0.272842407226563 0.212387084960938 0.0272293090820313 -0.124443054199219
0.11505126953125 0.31256103515625 0.057769775390625 -0.135162353515625
-0.051727294921875 0.35003662109375 0.139175415039063 -0.0978164672851562
-0.3082275390625 0.21624755859375 0.246047973632812 -0.0294189453125
-0.45294189453125 0.0221862792968751 0.244949340820312 0.0850830078125
-0.4730224609375 -0.080047607421875 0.226882934570312 0.211334228515625
-0.5052490234375 -0.02850341796875 -0.06005859375 -0.241867065429687
-0.43115234375 0.16015625 -0.0694808959960938 -0.126350402832031
-0.2252197265625 0.2813720703125 -0.010589599609375 -0.073211669921875
-0.0162353515625 0.323883056640625 0.00368499755859376 -0.101219177246094
0.136184692382813 0.239898681640625 -0.0539932250976562 -0.132286071777344
0.265975952148438 0.134979248046875 -0.0959014892578125 -0.114501953125
0.273117065429688 0.0274505615234375 -0.151702880859375 -0.075958251953125
0.2506103515625 0.042510986328125 -0.169204711914063 -0.0784759521484375
0.28851318359375 0.0677490234375 -0.153427124023438 -0.113449096679688
0.258697509765625 0.161834716796875 -0.0793609619140625 -0.160659790039062
0.126739501953125 0.270401000976563 -0.014312744140625 -0.188858032226562
-0.02349853515625 0.32440185546875 0.106689453125 -0.148040771484375
-0.27801513671875 0.221817016601562 0.212539672851563 -0.049591064453125
-0.4505615234375 0.0501708984375 0.134071350097656 0.0866317749023438
-0.496002197265625 -0.0509948730468751 0.071807861328125 0.151199340820313
-0.459869384765625 0.0284423828125001 -0.191024780273438 -0.224945068359375
-0.363128662109375 0.200714111328125 -0.128837585449219 -0.0793533325195313
-0.14666748046875 0.274688720703125 -0.0135612487792969 -0.0577812194824219
0.04400634765625 0.263473510742188 -0.0149688720703125 -0.127609252929687
0.152557373046875 0.163162231445313 -0.102066040039062 -0.149642944335938
0.22637939453125 0.0577239990234375 -0.175308227539063 -0.1151123046875
0.200973510742188 -0.0222320556640625 -0.240158081054687 -0.0489654541015625
0.186477661132813 -0.0034027099609375 -0.260391235351562 -0.0416107177734375
0.212295532226563 0.015777587890625 -0.245529174804688 -0.09320068359375
0.197235107421875 0.077545166015625 -0.165328979492188 -0.178817749023437
0.114181518554688 0.171798706054688 -0.0703125 -0.2166748046875
0.016357421875 0.228546142578125 0.0741119384765625 -0.173141479492188
-0.179840087890625 0.185943603515625 0.163772583007813 -0.0531158447265625
-0.353607177734375 0.0802001953125 0.0219039916992187 0.09234619140625
-0.43487548828125 0.000915527343750087 -0.0798492431640625 0.0970611572265625
-0.34814453125 0.0658874511718749 -0.308441162109375 -0.209686279296875
-0.254409790039063 0.187255859375 -0.192596435546875 -0.0451202392578125
-0.0708160400390625 0.221023559570313 -0.0353126525878906 -0.0386009216308594
0.078338623046875 0.173782348632813 -0.0447311401367187 -0.131500244140625
0.138038635253906 0.0756149291992188 -0.143386840820312 -0.139328002929688
0.154022216796875 -0.0150146484375 -0.230453491210938 -0.0919952392578125
0.102241516113281 -0.0635604858398438 -0.29486083984375 -0.011566162109375
0.0924148559570313 -0.0467376708984375 -0.309417724609375 -0.000305175781250003
0.103202819824219 -0.0404281616210938 -0.294952392578125 -0.06475830078125
0.106857299804688 -0.0221939086914063 -0.213455200195312 -0.17523193359375
0.0890960693359375 0.041168212890625 -0.0984344482421875 -0.214889526367187
0.0633697509765625 0.0964202880859375 0.0509490966796875 -0.171768188476563
-0.0435943603515625 0.131156921386719 0.115005493164063 -0.0388107299804687
-0.196823120117188 0.11614990234375 -0.0656051635742187 0.104217529296875
-0.308349609375 0.07061767578125 -0.199615478515625 0.063629150390625
0.112091064453125 -0.157363891601563 0.248870849609375 -0.120712280273438
-0.029632568359375 -0.200942993164063 0.085723876953125 -0.149444580078125
-0.150924682617188 -0.0547027587890625 -0.108177185058594 -0.00893402099609376
-0.124435424804687 0.0710372924804687 -0.060821533203125 0.17034912109375
-0.05517578125 0.102081298828125 0.0904693603515625 0.201400756835937
0.0113601684570313 0.118049621582031 0.247451782226563 0.1512451171875
0.0532379150390625 0.0986175537109375 0.3131103515625 0.029083251953125
0.026275634765625 0.0974960327148437 0.306976318359375 -0.041778564453125
0.00243377685546874 0.115715026855469 0.288665771484375 -0.02215576171875
-0.057586669921875 0.0998306274414062 0.242782592773437 0.0615234375
-0.104293823242187 0.0253448486328125 0.172805786132813 0.090057373046875
-0.0969924926757812 -0.0572586059570313 0.101547241210938 0.0915374755859375
0.00949859619140626 -0.140052795410156 0.112258911132812 0.0689315795898437
0.148956298828125 -0.135986328125 0.287322998046875 0.063140869140625
0.208236694335938 -0.0552520751953125 0.379913330078125 0.30218505859375
-0.0689544677734375 -0.203857421875 0.261795043945313 -0.154449462890625
-0.19268798828125 -0.187530517578125 0.0894317626953125 -0.1719970703125
-0.25750732421875 0.00624084472656255 -0.0857315063476563 -0.0384140014648437
-0.16961669921875 0.178176879882813 -0.045318603515625 0.126091003417969
-0.0327606201171875 0.205123901367187 0.07781982421875 0.142242431640625
0.104476928710938 0.1927490234375 0.217376708984375 0.0998077392578125
0.1617431640625 0.122756958007812 0.264785766601563 -0.00949096679687499
0.126747131347656 0.120628356933594 0.257614135742188 -0.078521728515625
0.115798950195313 0.144210815429688 0.253311157226562 -0.0649566650390625
0.04632568359375 0.160354614257813 0.23712158203125 0.014617919921875
-0.04925537109375 0.123893737792969 0.181549072265625 0.045745849609375
-0.0945358276367187 0.0618133544921875 0.134254455566406 0.0599365234375
-0.0810012817382813 -0.045928955078125 0.1724853515625 0.0485992431640625
-0.0175094604492188 -0.0994415283203125 0.34051513671875 0.0638427734375
0.0203170776367188 -0.0723800659179688 0.43359375 0.307464599609375
-0.238357543945313 -0.2113037109375 0.22747802734375 -0.20257568359375
-0.32470703125 -0.13775634765625 0.0659027099609375 -0.192855834960937
-0.32354736328125 0.07672119140625 -0.0684471130371094 -0.0614738464355469
-0.184219360351562 0.262466430664063 -0.0268936157226563 0.0701560974121094
7.62939453124751E-05 0.276687622070313 0.0565605163574219 0.0668373107910156
0.181930541992188 0.23602294921875 0.157455444335938 0.0347900390625
0.246917724609375 0.129119873046875 0.17889404296875 -0.045318603515625
0.209716796875 0.12554931640625 0.169158935546875 -0.102951049804687
0.217559814453125 0.154083251953125 0.178237915039063 -0.099273681640625
0.149032592773438 0.20635986328125 0.1944580078125 -0.0379180908203125
0.013763427734375 0.219802856445312 0.167465209960938 -0.0135498046875
-0.08807373046875 0.187210083007812 0.157791137695313 0.0117034912109375
-0.182388305664063 0.055816650390625 0.225784301757813 0.0250091552734375
-0.1983642578125 -0.061248779296875 0.358856201171875 0.0721435546875
-0.1785888671875 -0.089111328125 0.42742919921875 0.294158935546875
-0.376068115234375 -0.1737060546875 0.155670166015625 -0.245132446289063
-0.40887451171875 -0.0489501953124999 0.0240325927734375 -0.19830322265625
-0.334930419921875 0.153961181640625 -0.0509262084960938 -0.0776214599609375
-0.156280517578125 0.31634521484375 -0.0101966857910156 0.00714492797851564
0.041534423828125 0.3048095703125 0.0243606567382813 -0.014871597290039
0.23541259765625 0.239395141601563 0.0755767822265625 -0.0315093994140625
0.293304443359375 0.112640380859375 0.0660171508789063 -0.0715255737304688
0.258819580078125 0.113739013671875 0.054473876953125 -0.110366821289062
0.284820556640625 0.142486572265625 0.0716476440429688 -0.119499206542969
0.227783203125 0.225509643554688 0.116737365722656 -0.0904617309570313
0.0694580078125 0.28717041015625 0.120864868164063 -0.0827255249023437
-0.077362060546875 0.29156494140625 0.161666870117188 -0.0482940673828125
-0.266845703125 0.145065307617187 0.255874633789063 -0.00474548339843749
-0.35479736328125 -0.02490234375 0.32965087890625 0.0771484375
-0.34686279296875 -0.097503662109375 0.35650634765625 0.2589111328125
-0.46063232421875 -0.1051025390625 0.0534515380859375 -0.267730712890625
-0.4375 0.05999755859375 -0.0242767333984375 -0.181900024414062
-0.294036865234375 0.224639892578125 -0.0345993041992188 -0.0843505859375
-0.094940185546875 0.333404541015625 -0.0016326904296875 -0.0542678833007812
0.087646484375 0.2862548828125 -0.0152206420898438 -0.0861740112304687
0.261383056640625 0.199539184570313 -0.0181350708007812 -0.085906982421875
0.29620361328125 0.0755615234375 -0.0528335571289062 -0.082763671875
0.269195556640625 0.0840301513671875 -0.068695068359375 -0.101234436035156
0.3065185546875 0.110687255859375 -0.0518417358398437 -0.124153137207031
0.2642822265625 0.208145141601563 0.0138931274414063 -0.13720703125
0.108306884765625 0.3067626953125 0.0522613525390625 -0.150115966796875
-0.056427001953125 0.33929443359375 0.141586303710938 -0.112533569335937
-0.303955078125 0.200103759765625 0.251983642578125 -0.0384979248046875
-0.441802978515625 0.0129394531249999 0.2506103515625 0.0774688720703125
-0.451324462890625 -0.0858459472656251 0.234298706054688 0.203628540039063
-0.48370361328125 -0.027008056640625 -0.0632476806640625 -0.2667236328125
-0.41192626953125 0.152191162109375 -0.076751708984375 -0.145523071289063
-0.218231201171875 0.267227172851563 -0.02313232421875 -0.0809249877929687
-0.017608642578125 0.306732177734375 -0.00526428222656249 -0.102882385253906
0.127029418945313 0.2293701171875 -0.0629730224609375 -0.135238647460937
0.25067138671875 0.130966186523438 -0.107498168945313 -0.114875793457031
0.256179809570313 0.0278778076171875 -0.160858154296875 -0.0746307373046875
0.2381591796875 0.0423126220703125 -0.180343627929688 -0.0758514404296875
0.273941040039063 0.06591796875 -0.16461181640625 -0.116165161132813
0.24444580078125 0.153213500976563 -0.090118408203125 -0.171142578125
0.119232177734375 0.259750366210938 -0.0196380615234375 -0.200454711914062
-0.02362060546875 0.309661865234375 0.106887817382812 -0.161041259765625
-0.268951416015625 0.208358764648438 0.215835571289062 -0.0615692138671875
-0.435089111328125 0.047332763671875 0.14227294921875 0.0777740478515625
-0.473175048828125 -0.0477294921875 0.0858154296875 0.142868041992188
-0.442230224609375 0.0369567871093749 -0.184051513671875 -0.249267578125
-0.342620849609375 0.201385498046875 -0.130836486816406 -0.101036071777344
-0.134475708007813 0.266006469726563 -0.0251579284667969 -0.0670013427734375
0.048858642578125 0.246917724609375 -0.021881103515625 -0.12933349609375
0.145645141601563 0.149261474609375 -0.105880737304687 -0.15069580078125
0.209579467773438 0.0500030517578125 -0.180282592773438 -0.116470336914063
0.181930541992188 -0.02313232421875 -0.24285888671875 -0.0482635498046875
0.171005249023437 -0.003631591796875 -0.26318359375 -0.040435791015625
0.195220947265625 0.0120849609375 -0.251480102539063 -0.0950927734374999
0.180892944335938 0.067626953125 -0.172225952148438 -0.186477661132813
0.106689453125 0.156417846679687 -0.074462890625 -0.224563598632813
0.0186614990234375 0.210662841796875 0.0728912353515625 -0.18304443359375
-0.167388916015625 0.173980712890625 0.164901733398438 -0.0633697509765625
-0.333953857421875 0.083404541015625 0.0319671630859375 0.0829849243164063
-0.41204833984375 0.0133972167968751 -0.0590591430664063 0.0900039672851563
-0.338958740234375 0.0824890136718749 -0.296295166015625 -0.2332763671875
-0.236770629882813 0.197113037109375 -0.188858032226563 -0.0662689208984375
-0.0565948486328125 0.221511840820312 -0.0469131469726562 -0.0468521118164062
0.08770751953125 0.161972045898437 -0.0507659912109375 -0.1304931640625
0.13739013671875 0.05987548828125 -0.1431884765625 -0.136337280273438
0.140312194824219 -0.0275344848632813 -0.229690551757812 -0.0908660888671875
0.08306884765625 -0.0665359497070313 -0.29010009765625 -0.013031005859375
0.0771560668945313 -0.0487594604492188 -0.305389404296875 -0.000152587890624952
0.0850143432617187 -0.0429000854492187 -0.2939453125 -0.0652465820312501
0.08892822265625 -0.0321807861328125 -0.214797973632812 -0.181533813476563
0.0829238891601562 0.0252914428710938 -0.0989837646484375 -0.218536376953125
0.066131591796875 0.0783157348632813 0.051483154296875 -0.17706298828125
-0.0285491943359375 0.121475219726563 0.116851806640625 -0.0462417602539063
-0.176544189453125 0.124618530273437 -0.0509185791015625 0.0969161987304688
-0.287872314453125 0.08758544921875 -0.174728393554688 0.061614990234375
0.100692749023437 -0.178497314453125 0.2283935546875 -0.1173095703125
-0.057708740234375 -0.207412719726563 0.06939697265625 -0.14459228515625
-0.165969848632813 -0.041168212890625 -0.114372253417969 -0.00177764892578126
-0.124839782714844 0.0915985107421875 -0.0628204345703125 0.179916381835938
-0.0459136962890625 0.118553161621094 0.0918121337890625 0.20806884765625
0.0300064086914062 0.125282287597656 0.25347900390625 0.155593872070313
0.0727386474609375 0.097900390625 0.316925048828125 0.031890869140625
0.0435409545898438 0.100021362304688 0.3045654296875 -0.040771484375
0.0229721069335937 0.121315002441406 0.285430908203125 -0.023651123046875
-0.0446701049804688 0.115432739257812 0.242034912109375 0.0595245361328125
-0.107177734375 0.0432586669921875 0.175949096679688 0.0853424072265625
-0.112167358398437 -0.0465621948242188 0.110702514648437 0.0872344970703125
-0.00915527343750001 -0.1492919921875 0.126319885253906 0.07537841796875
0.135848999023438 -0.16143798828125 0.295989990234375 0.077667236328125
0.207504272460938 -0.0814971923828125 0.38153076171875 0.321380615234375
-0.0772705078125 -0.226089477539063 0.239715576171875 -0.158233642578125
-0.218124389648437 -0.196884155273438 0.071136474609375 -0.170303344726563
-0.274932861328125 0.016693115234375 -0.0959854125976563 -0.0341033935546875
-0.171188354492188 0.197494506835937 -0.0495223999023438 0.131401062011719
-0.025360107421875 0.222137451171875 0.0738067626953125 0.145980834960938
0.121078491210938 0.201644897460938 0.21563720703125 0.103607177734375
0.180099487304687 0.124267578125 0.26080322265625 -0.00495910644531249
0.143234252929688 0.124099731445313 0.248092651367187 -0.075592041015625
0.134780883789063 0.15216064453125 0.24346923828125 -0.066070556640625
0.0568695068359375 0.175430297851563 0.231002807617188 0.00813293457031251
-0.0535125732421875 0.14068603515625 0.182159423828125 0.035003662109375
-0.10943603515625 0.0698623657226563 0.142486572265625 0.0493011474609375
-0.0986099243164063 -0.0589141845703125 0.187530517578125 0.0496978759765625
-0.0270309448242188 -0.126869201660156 0.350494384765625 0.072052001953125
0.0225448608398437 -0.0993728637695313 0.438690185546875 0.3194580078125
-0.243408203125 -0.233001708984375 0.20489501953125 -0.212539672851563
-0.34613037109375 -0.14849853515625 0.044677734375 -0.194320678710938
-0.339935302734375 0.081512451171875 -0.0806503295898438 -0.0590972900390625
-0.188446044921875 0.27734375 -0.0352401733398438 0.0731582641601563
0.00323486328124999 0.291107177734375 0.0468940734863281 0.0684623718261719
0.195220947265625 0.245086669921875 0.149887084960938 0.03887939453125
0.260177612304688 0.131668090820313 0.16802978515625 -0.04071044921875
0.222946166992188 0.129776000976563 0.153671264648438 -0.0993804931640625
0.231216430664063 0.160720825195313 0.161483764648438 -0.101150512695312
0.156219482421875 0.217575073242187 0.183334350585937 -0.04852294921875
0.00834655761718751 0.232559204101563 0.162673950195313 -0.0289764404296875
-0.101837158203125 0.193038940429688 0.165573120117188 -0.00329589843749999
-0.196975708007813 0.0418243408203125 0.241317749023437 0.0201416015625
-0.205429077148438 -0.0851593017578125 0.3714599609375 0.073822021484375
-0.173477172851562 -0.113967895507813 0.43701171875 0.298248291015625
-0.374359130859375 -0.191192626953125 0.133193969726562 -0.262481689453125
-0.421722412109375 -0.059967041015625 0.00221252441406248 -0.20703125
-0.349822998046875 0.152008056640625 -0.0660476684570313 -0.0777816772460937
-0.162506103515625 0.32373046875 -0.0215167999267578 0.00805473327636721
0.039764404296875 0.31585693359375 0.0118331909179688 -0.0143346786499023
0.241973876953125 0.247024536132813 0.0621109008789063 -0.0275840759277344
0.299224853515625 0.11639404296875 0.0518150329589844 -0.0662345886230469
0.266769409179688 0.117660522460938 0.0363388061523438 -0.105415344238281
0.292510986328125 0.14794921875 0.05181884765625 -0.120620727539063
0.23028564453125 0.231903076171875 0.101600646972656 -0.102203369140625
0.065887451171875 0.2965087890625 0.114356994628906 -0.100318908691406
-0.0875244140625 0.294281005859375 0.167343139648438 -0.0673980712890625
-0.28021240234375 0.133102416992188 0.269149780273438 -0.0165863037109375
-0.359527587890625 -0.0418701171875001 0.341888427734375 0.0726318359375
-0.34173583984375 -0.11480712890625 0.368804931640625 0.255828857421875
-0.4547119140625 -0.11566162109375 0.03485107421875 -0.291534423828125
-0.438934326171875 0.0502319335937499 -0.0459747314453125 -0.1961669921875
-0.301300048828125 0.218841552734375 -0.0508270263671875 -0.087738037109375
-0.101654052734375 0.3331298828125 -0.01287841796875 -0.055633544921875
0.082672119140625 0.291107177734375 -0.029937744140625 -0.0884628295898437
0.258529663085937 0.20526123046875 -0.0332870483398437 -0.0834732055664062
0.29412841796875 0.0806884765625 -0.068817138671875 -0.0766448974609375
0.269866943359375 0.08734130859375 -0.08746337890625 -0.0954437255859375
0.305084228515625 0.1138916015625 -0.0722198486328125 -0.125
0.26177978515625 0.211227416992188 -0.00425720214843749 -0.148880004882813
0.105072021484375 0.307952880859375 0.041961669921875 -0.16778564453125
-0.0616455078125 0.33837890625 0.142303466796875 -0.13275146484375
-0.311676025390625 0.192413330078125 0.260894775390625 -0.0545501708984375
-0.44390869140625 0.00439453125000002 0.26031494140625 0.0680389404296875
-0.442779541015625 -0.0954895019531251 0.247772216796875 0.195968627929688
-0.47613525390625 -0.0271301269531249 -0.076141357421875 -0.29571533203125
-0.40460205078125 0.14715576171875 -0.0947265625 -0.1651611328125
-0.218963623046875 0.259384155273438 -0.0396270751953125 -0.087371826171875
-0.020538330078125 0.30078125 -0.0164031982421875 -0.10711669921875
0.12066650390625 0.22637939453125 -0.0748367309570312 -0.137855529785156
0.242630004882813 0.132919311523438 -0.122116088867188 -0.114814758300781
0.247879028320313 0.032562255859375 -0.174118041992187 -0.0704803466796875
0.231964111328125 0.046356201171875 -0.196304321289062 -0.0708160400390625
0.265884399414063 0.0684356689453125 -0.183639526367187 -0.115097045898437
0.237136840820313 0.151519775390625 -0.108428955078125 -0.181533813476563
0.11529541015625 0.255172729492188 -0.03155517578125 -0.216781616210937
-0.02569580078125 0.303009033203125 0.104507446289062 -0.1798095703125
-0.268173217773437 0.1993408203125 0.220199584960937 -0.07733154296875
-0.42962646484375 0.0469665527343749 0.15087890625 0.0654296875
-0.460357666015625 -0.0495605468749999 0.101615905761719 0.132698059082031
-0.433135986328125 0.047607421875 -0.191421508789062 -0.281097412109375
-0.328369140625 0.205047607421875 -0.143630981445313 -0.124710083007812
-0.125839233398438 0.261642456054687 -0.0414962768554687 -0.0749282836914062
0.0521392822265625 0.235641479492187 -0.0323638916015625 -0.132858276367187
0.140594482421875 0.139572143554688 -0.115264892578125 -0.152755737304688
0.197219848632813 0.0460662841796875 -0.192459106445313 -0.117218017578125
0.167266845703125 -0.0203399658203125 -0.252166748046875 -0.0479736328125
0.159759521484375 -0.00146484375 -0.274200439453125 -0.0378875732421875
0.18182373046875 0.014068603515625 -0.265823364257813 -0.0949249267578125
0.166488647460937 0.0634918212890625 -0.187301635742188 -0.195266723632813
0.100021362304687 0.145965576171875 -0.0846405029296875 -0.236953735351563
0.0180206298828125 0.197799682617188 0.0706024169921875 -0.197433471679688
-0.15911865234375 0.16455078125 0.167190551757813 -0.0776824951171875
-0.321624755859375 0.088226318359375 0.0415573120117187 0.0724639892578125
-0.39556884765625 0.019866943359375 -0.040924072265625 0.0805130004882812
-0.330413818359375 0.102386474609375 -0.2994384765625 -0.26043701171875
-0.221038818359375 0.210708618164063 -0.198883056640625 -0.08990478515625
-0.0405426025390625 0.22222900390625 -0.0608901977539062 -0.054718017578125
0.0994110107421875 0.149810791015625 -0.0594024658203125 -0.131050109863281
0.134468078613281 0.0449295043945313 -0.148391723632813 -0.135848999023438
0.126388549804688 -0.0374984741210938 -0.235260009765625 -0.091949462890625
0.0652580261230469 -0.0671310424804688 -0.293792724609375 -0.011627197265625
0.0636711120605469 -0.0478897094726562 -0.31109619140625 0.000823974609375062
0.0687065124511719 -0.0421104431152344 -0.30169677734375 -0.0668640136718751
0.0702323913574219 -0.0385894775390625 -0.22552490234375 -0.188430786132813
0.0730209350585938 0.010589599609375 -0.105224609375 -0.22796630859375
0.0665283203125 0.0604515075683594 0.0493011474609375 -0.188156127929688
-0.0156936645507812 0.111068725585938 0.11895751953125 -0.0566558837890625
-0.154998779296875 0.132354736328125 -0.0394821166992188 0.0891876220703125
-0.268997192382813 0.102890014648437 -0.153518676757813 0.0550079345703125
0.0802764892578125 -0.199432373046875 0.207168579101563 -0.113555908203125
-0.0923919677734375 -0.206771850585938 0.052886962890625 -0.137710571289063
-0.18157958984375 -0.019744873046875 -0.120292663574219 0.00965881347656251
-0.118904113769531 0.11669921875 -0.057952880859375 0.192581176757813
-0.0299224853515625 0.134635925292969 0.100753784179688 0.2154541015625
0.0559234619140625 0.127975463867188 0.2677001953125 0.154190063476563
0.0945510864257812 0.0915756225585937 0.325531005859375 0.02728271484375
0.0647964477539063 0.0962905883789063 0.3065185546875 -0.045867919921875
0.04742431640625 0.122200012207031 0.284637451171875 -0.0281982421875
-0.0241928100585938 0.128471374511719 0.243545532226563 0.0529327392578125
-0.104667663574219 0.0670547485351562 0.180755615234375 0.076812744140625
-0.1246337890625 -0.0288314819335938 0.119682312011719 0.0791854858398437
-0.03472900390625 -0.154205322265625 0.146575927734375 0.0764923095703125
0.112777709960937 -0.187652587890625 0.314849853515625 0.084197998046875
0.198516845703125 -0.111923217773438 0.39935302734375 0.337005615234375
-0.0986175537109375 -0.248062133789063 0.21453857421875 -0.158889770507813
-0.254318237304688 -0.195159912109375 0.0505828857421875 -0.165451049804688
-0.292083740234375 0.037689208984375 -0.105079650878906 -0.0237960815429688
-0.16607666015625 0.222930908203125 -0.05120849609375 0.141754150390625
-0.00840759277343749 0.24005126953125 0.073974609375 0.151870727539063
0.149124145507813 0.205703735351563 0.221588134765625 0.104843139648438
0.202667236328125 0.117828369140625 0.262786865234375 -0.00370788574218749
0.164993286132813 0.120803833007813 0.242202758789062 -0.0767822265625
0.1602783203125 0.153656005859375 0.233810424804688 -0.0705108642578125
0.07568359375 0.188522338867188 0.224258422851563 -0.000137329101562488
-0.0518951416015625 0.162429809570313 0.180023193359375 0.0211334228515625
-0.122077941894531 0.0853042602539063 0.150238037109375 0.0357818603515625
-0.123176574707031 -0.0657196044921875 0.2059326171875 0.0438995361328125
-0.0495452880859375 -0.1519775390625 0.3695068359375 0.072998046875
0.015350341796875 -0.130035400390625 0.457611083984375 0.323883056640625
-0.26190185546875 -0.25146484375 0.175796508789062 -0.22119140625
-0.376953125 -0.144500732421875 0.0192413330078125 -0.19439697265625
-0.357574462890625 0.09765625 -0.0958251953125 -0.0528335571289062
-0.183349609375 0.300079345703125 -0.0401992797851563 0.0816192626953125
0.017547607421875 0.30810546875 0.0407562255859375 0.0735702514648438
0.220748901367188 0.248001098632813 0.146026611328125 0.04302978515625
0.28009033203125 0.125137329101562 0.160888671875 -0.0341644287109375
0.241683959960938 0.128982543945313 0.140525817871094 -0.095947265625
0.252471923828125 0.15997314453125 0.143768310546875 -0.101364135742187
0.17401123046875 0.22772216796875 0.1693115234375 -0.0577850341796875
0.013336181640625 0.252090454101563 0.155838012695313 -0.04754638671875
-0.110992431640625 0.206466674804687 0.170074462890625 -0.02398681640625
-0.2186279296875 0.0369110107421875 0.257904052734375 0.004150390625
-0.225234985351563 -0.103744506835938 0.38934326171875 0.06365966796875
-0.180374145507813 -0.137451171875 0.457366943359375 0.29376220703125
-0.38702392578125 -0.204925537109375 0.099700927734375 -0.276611328125
-0.44384765625 -0.0592346191406249 -0.0275726318359375 -0.21051025390625
-0.36456298828125 0.163787841796875 -0.0832443237304688 -0.0741043090820313
-0.1639404296875 0.340423583984375 -0.0315952301025391 0.0136299133300781
0.050567626953125 0.32861328125 -0.00271415710449218 -0.0100421905517578
0.260650634765625 0.251663208007813 0.0514259338378906 -0.0223312377929687
0.3143310546875 0.114593505859375 0.0382575988769532 -0.0571174621582031
0.279541015625 0.1153564453125 0.0171279907226563 -0.0953521728515625
0.309051513671875 0.145172119140625 0.0289764404296875 -0.118827819824219
0.242889404296875 0.23895263671875 0.0804595947265625 -0.112335205078125
0.07122802734375 0.308837890625 0.100181579589844 -0.119392395019531
-0.091400146484375 0.30474853515625 0.166610717773438 -0.0930328369140625
-0.295196533203125 0.132049560546875 0.28228759765625 -0.03863525390625
-0.375030517578125 -0.050018310546875 0.3590087890625 0.057281494140625
-0.346282958984375 -0.130615234375 0.38897705078125 0.245025634765625
-0.45751953125 -0.12054443359375 0.00189208984375 -0.313385009765625
-0.448394775390625 0.05169677734375 -0.076690673828125 -0.206314086914063
-0.310882568359375 0.223297119140625 -0.0718994140625 -0.0854339599609375
-0.1036376953125 0.34197998046875 -0.0285987854003906 -0.0536346435546875
0.08416748046875 0.300262451171875 -0.0476913452148437 -0.0864944458007812
0.267303466796875 0.211257934570313 -0.0518035888671875 -0.0774307250976562
0.30181884765625 0.083038330078125 -0.086090087890625 -0.0662841796875
0.276718139648437 0.087554931640625 -0.106529235839844 -0.08404541015625
0.313507080078125 0.114593505859375 -0.0948638916015625 -0.11798095703125
0.2684326171875 0.21197509765625 -0.028778076171875 -0.156570434570313
0.109466552734375 0.31439208984375 0.0231170654296875 -0.184356689453125
-0.0621337890625 0.34307861328125 0.135696411132812 -0.15802001953125
-0.320770263671875 0.1934814453125 0.267303466796875 -0.0785369873046875
-0.451690673828125 0.00131225585937492 0.272491455078125 0.0497283935546875
-0.442474365234375 -0.101531982421875 0.266754150390625 0.180267333984375
-0.47137451171875 -0.0232543945312501 -0.10748291015625 -0.32305908203125
-0.39996337890625 0.15093994140625 -0.123641967773438 -0.180770874023438
-0.218795776367187 0.2586669921875 -0.0600204467773438 -0.08807373046875
-0.021392822265625 0.2984619140625 -0.0326995849609375 -0.107002258300781
0.1181640625 0.226547241210938 -0.0922775268554687 -0.138496398925781
0.241653442382813 0.134658813476562 -0.14202880859375 -0.10888671875
0.243896484375 0.0370330810546875 -0.19158935546875 -0.0595245361328125
0.231948852539063 0.048187255859375 -0.214340209960937 -0.058837890625
0.26531982421875 0.0701751708984375 -0.208389282226563 -0.106170654296875
0.233901977539063 0.151504516601563 -0.135757446289062 -0.186553955078125
0.115432739257812 0.25250244140625 -0.0536041259765625 -0.230606079101562
-0.023895263671875 0.300262451171875 0.0935821533203125 -0.201904296875
-0.268096923828125 0.19830322265625 0.222076416015625 -0.102264404296875
-0.4266357421875 0.05145263671875 0.16021728515625 0.04754638671875
-0.45440673828125 -0.0450744628906249 0.118293762207031 0.116539001464844
-0.424102783203125 0.0629272460937499 -0.21649169921875 -0.308624267578125
-0.31341552734375 0.213623046875 -0.168533325195313 -0.142486572265625
-0.113906860351563 0.258544921875 -0.0627593994140625 -0.0797653198242187
0.057098388671875 0.224411010742188 -0.0464324951171875 -0.133522033691406
0.136177062988281 0.1295166015625 -0.130340576171875 -0.153396606445313
0.187332153320313 0.042816162109375 -0.207977294921875 -0.113433837890625
0.155548095703125 -0.01507568359375 -0.266876220703125 -0.0388946533203125
0.152023315429688 0.0012054443359375 -0.289459228515625 -0.025115966796875
0.1722412109375 0.015899658203125 -0.2847900390625 -0.087677001953125
0.15435791015625 0.0611572265625 -0.212493896484375 -0.197067260742188
0.0918807983398438 0.137641906738281 -0.104461669921875 -0.246078491210937
0.01812744140625 0.186203002929687 0.0573883056640625 -0.215362548828125
-0.15185546875 0.155685424804687 0.16510009765625 -0.0987091064453125
-0.306884765625 0.092742919921875 0.0487518310546875 0.0581855773925781
-0.379974365234375 0.031646728515625 -0.0228843688964844 0.0667991638183594
-0.3201904296875 0.127288818359375 -0.317840576171875 -0.285614013671875
-0.198654174804688 0.224334716796875 -0.22021484375 -0.108123779296875
-0.020355224609375 0.222442626953125 -0.0812911987304688 -0.0563583374023437
0.10888671875 0.133583068847656 -0.0730056762695313 -0.12982177734375
0.13031005859375 0.0297088623046875 -0.157958984375 -0.132553100585938
0.108787536621094 -0.0467910766601563 -0.248077392578125 -0.0868988037109375
0.0465164184570313 -0.0632667541503906 -0.302276611328125 -0.00543212890624999
0.0495872497558594 -0.0443496704101563 -0.32037353515625 0.00970458984374996
0.0519294738769531 -0.0381507873535156 -0.31695556640625 -0.06121826171875
0.0473518371582031 -0.0407638549804688 -0.245681762695313 -0.189834594726563
0.0573959350585937 -0.002044677734375 -0.120742797851562 -0.236434936523438
0.0634613037109375 0.0428352355957031 0.04156494140625 -0.202301025390625
-0.00270080566406249 0.0978775024414063 0.117713928222656 -0.0711669921875
-0.131576538085938 0.136550903320313 -0.0287322998046875 0.0782089233398438
-0.246200561523438 0.118377685546875 -0.13336181640625 0.0439605712890625
0.0487213134765625 -0.21527099609375 0.185836791992188 -0.104537963867188
-0.12744140625 -0.192276000976563 0.0367660522460938 -0.1241455078125
-0.18817138671875 0.00720214843750002 -0.120109558105469 0.026123046875
-0.101104736328125 0.139205932617188 -0.04583740234375 0.203033447265625
-0.00712585449218749 0.144012451171875 0.1119384765625 0.21343994140625
0.0834121704101562 0.119216918945313 0.281890869140625 0.1453857421875
0.118217468261719 0.0754013061523438 0.334259033203125 0.01422119140625
0.0832977294921875 0.0851364135742188 0.3055419921875 -0.058013916015625
0.0736236572265625 0.111297607421875 0.281463623046875 -0.03656005859375
0.00144195556640626 0.133865356445312 0.244094848632813 0.044036865234375
-0.0907974243164063 0.0878067016601563 0.183303833007813 0.0652313232421875
-0.131271362304688 -0.006317138671875 0.126686096191406 0.0652389526367188
-0.062957763671875 -0.14813232421875 0.165924072265625 0.067962646484375
0.0776214599609375 -0.204635620117187 0.333343505859375 0.078948974609375
0.1768798828125 -0.140670776367188 0.423492431640625 0.337493896484375
-0.132080078125 -0.258575439453125 0.1844482421875 -0.151077270507813
-0.28985595703125 -0.17535400390625 0.02874755859375 -0.152023315429688
-0.298919677734375 0.06781005859375 -0.111610412597656 -0.0107879638671875
-0.146469116210938 0.246963500976562 -0.044036865234375 0.151412963867188
0.0174407958984375 0.24871826171875 0.0796661376953125 0.155029296875
0.178115844726563 0.19781494140625 0.226821899414063 0.0992889404296875
0.224411010742187 0.0997161865234375 0.262039184570313 -0.00769042968749999
0.183547973632813 0.107864379882813 0.23345947265625 -0.0793609619140625
0.1878662109375 0.138809204101563 0.221481323242188 -0.0719146728515625
0.101409912109375 0.193023681640625 0.215927124023438 -0.00788879394531249
-0.0391387939453125 0.181991577148437 0.171707153320313 0.00503540039062501
-0.126945495605469 0.106414794921875 0.151824951171875 0.0146942138671875
-0.150680541992187 -0.0615081787109375 0.219024658203125 0.027923583984375
-0.0816650390625 -0.167160034179687 0.386383056640625 0.05645751953125
-0.0023193359375 -0.1546630859375 0.480224609375 0.31304931640625
-0.2884521484375 -0.256561279296875 0.137466430664063 -0.220123291015625
-0.40692138671875 -0.126373291015625 -0.00718688964843751 -0.181045532226562
-0.367218017578125 0.126678466796875 -0.107154846191406 -0.0387115478515625
-0.1683349609375 0.325775146484375 -0.0431365966796875 0.0905685424804688
0.04315185546875 0.31829833984375 0.0377044677734375 0.0809478759765625
0.24737548828125 0.23724365234375 0.142608642578125 0.04296875
0.29693603515625 0.1114501953125 0.1544189453125 -0.0292816162109375
0.260482788085938 0.113906860351562 0.127883911132813 -0.0872726440429687
0.275497436523438 0.147201538085938 0.127281188964844 -0.0986099243164062
0.19659423828125 0.227996826171875 0.148910522460938 -0.06414794921875
0.0272674560546875 0.2662353515625 0.140129089355469 -0.0615997314453125
-0.113204956054687 0.2239990234375 0.165725708007813 -0.0473480224609375
-0.23992919921875 0.0397796630859375 0.266616821289063 -0.0185394287109375
-0.252288818359375 -0.11456298828125 0.404052734375 0.0423583984375
-0.195266723632813 -0.15625 0.47607421875 0.274688720703125
-0.40277099609375 -0.2044677734375 0.05828857421875 -0.279037475585938
-0.46429443359375 -0.0445861816406249 -0.0598297119140625 -0.20269775390625
-0.368743896484375 0.185150146484375 -0.101638793945313 -0.0610733032226562
-0.151947021484375 0.3592529296875 -0.0383758544921875 0.0231361389160156
0.067352294921875 0.3358154296875 -0.0104360580444336 -0.00115776062011717
0.28253173828125 0.243865966796875 0.0427055358886719 -0.0115280151367187
0.324981689453125 0.104217529296875 0.026031494140625 -0.044219970703125
0.293853759765625 0.1051025390625 0.00300598144531252 -0.0804519653320313
0.32513427734375 0.133880615234375 0.00517272949218752 -0.106857299804687
0.259323120117188 0.232467651367188 0.0556640625 -0.114669799804687
0.0828857421875 0.315948486328125 0.077117919921875 -0.134437561035156
-0.087127685546875 0.31634521484375 0.152206420898438 -0.116683959960937
-0.309661865234375 0.137908935546875 0.2840576171875 -0.07000732421875
-0.3936767578125 -0.0489501953125001 0.367034912109375 0.02978515625
-0.355316162109375 -0.13897705078125 0.40576171875 0.21728515625
-0.46392822265625 -0.116943359375 -0.0416259765625 -0.32080078125
-0.4542236328125 0.0588073730468749 -0.1126708984375 -0.198837280273438
-0.315704345703125 0.232208251953125 -0.0935211181640625 -0.072998046875
-0.097442626953125 0.350677490234375 -0.0414047241210938 -0.0454139709472656
0.09368896484375 0.304931640625 -0.0621719360351562 -0.07806396484375
0.27947998046875 0.203506469726563 -0.066253662109375 -0.0649681091308594
0.308319091796875 0.0738525390625 -0.100265502929687 -0.0460586547851562
0.282440185546875 0.0831298828125 -0.123497009277344 -0.0614700317382813
0.32122802734375 0.107818603515625 -0.118515014648437 -0.0990219116210937
0.275497436523438 0.20770263671875 -0.059906005859375 -0.1513671875
0.1160888671875 0.314239501953125 -0.00274658203125 -0.19647216796875
-0.053192138671875 0.350189208984375 0.116790771484375 -0.17999267578125
-0.32110595703125 0.201080322265625 0.26080322265625 -0.111160278320313
-0.45794677734375 0.00830078124999999 0.277099609375 0.0225982666015625
-0.445037841796875 -0.0967102050781251 0.27960205078125 0.152313232421875
-0.464111328125 -0.0137634277343751 -0.15032958984375 -0.33599853515625
-0.39080810546875 0.1541748046875 -0.157485961914063 -0.179885864257813
-0.211624145507813 0.256546020507812 -0.0811996459960938 -0.0797576904296875
-0.01727294921875 0.294647216796875 -0.0492019653320313 -0.101402282714844
0.116744995117188 0.222427368164063 -0.1119384765625 -0.127525329589844
0.242019653320313 0.130050659179688 -0.157516479492187 -0.0932464599609375
0.244293212890625 0.0374298095703125 -0.206298828125 -0.0433197021484375
0.233413696289063 0.0471649169921875 -0.228652954101563 -0.0377197265625
0.264907836914062 0.066925048828125 -0.227584838867187 -0.0879058837890625
0.232223510742188 0.146438598632813 -0.164459228515625 -0.179031372070313
0.114715576171875 0.2476806640625 -0.081085205078125 -0.234161376953125
-0.018646240234375 0.296112060546875 0.07196044921875 -0.219985961914062
-0.265625 0.197128295898438 0.209732055664062 -0.127471923828125
-0.42315673828125 0.0592041015625 0.160186767578125 0.02557373046875
-0.44403076171875 -0.0373840332031251 0.130889892578125 0.0902862548828125
-0.403106689453125 0.0810546875000001 -0.251953125 -0.321624755859375
-0.288909912109375 0.21636962890625 -0.198837280273438 -0.146804809570313
-0.0999603271484375 0.249801635742188 -0.084625244140625 -0.0729827880859375
0.0598602294921875 0.207000732421875 -0.064239501953125 -0.127082824707031
0.128791809082031 0.120750427246094 -0.148895263671875 -0.143707275390625
0.175582885742188 0.041107177734375 -0.223983764648437 -0.0985565185546875
0.144546508789063 -0.010101318359375 -0.275955200195313 -0.0186614990234375
0.14501953125 0.005859375 -0.29827880859375 -0.00457763671875
0.16229248046875 0.020477294921875 -0.30267333984375 -0.0682067871093751
0.140029907226563 0.05938720703125 -0.236465454101563 -0.186141967773438
0.0834426879882813 0.1312255859375 -0.130996704101562 -0.248748779296875
0.016082763671875 0.172897338867187 0.0392913818359375 -0.229141235351563
-0.142730712890625 0.147720336914063 0.152999877929688 -0.11663818359375
-0.28997802734375 0.098480224609375 0.0498809814453125 0.0391883850097656
-0.358856201171875 0.0437927246093749 -0.0107269287109375 0.0483512878417969
-0.297454833984375 0.1490478515625 -0.345947265625 -0.29510498046875
-0.169479370117188 0.232131958007813 -0.244766235351563 -0.112838745117187
0.000762939453125008 0.213958740234375 -0.0978851318359375 -0.0507125854492187
0.114028930664062 0.112068176269531 -0.0863113403320312 -0.121627807617188
0.11785888671875 0.0118255615234375 -0.168869018554688 -0.122039794921875
0.0894546508789063 -0.0497970581054688 -0.25830078125 -0.0752716064453125
0.0280609130859375 -0.055023193359375 -0.307342529296875 0.00848388671874997
0.0369377136230469 -0.0357818603515625 -0.324066162109375 0.024261474609375
0.0354766845703125 -0.0289878845214844 -0.326263427734375 -0.045928955078125
0.0266990661621094 -0.03570556640625 -0.266265869140625 -0.180557250976562
0.0403900146484375 -0.0123977661132812 -0.140869140625 -0.234542846679688
0.0535125732421875 0.023223876953125 0.0273895263671875 -0.211349487304688
0.00841522216796875 0.08148193359375 0.112342834472656 -0.0854949951171875
-0.105186462402344 0.132667541503906 -0.0227394104003906 0.06573486328125
-0.213134765625 0.130203247070313 -0.115928649902344 0.0286178588867188
0.0157928466796875 -0.213897705078125 0.165176391601563 -0.0849151611328125
-0.153640747070313 -0.163467407226563 0.0267562866210937 -0.105758666992188
-0.1810302734375 0.036224365234375 -0.114891052246094 0.0391082763671875
-0.077972412109375 0.15203857421875 -0.0303955078125 0.20489501953125
0.0179443359375 0.142440795898438 0.1246337890625 0.207382202148437
0.103012084960937 0.101165771484375 0.287261962890625 0.127471923828125
0.126029968261719 0.0532684326171875 0.331146240234375 0.001922607421875
0.0973587036132812 0.0669479370117188 0.29595947265625 -0.06622314453125
0.0941696166992188 0.093170166015625 0.27301025390625 -0.04412841796875
0.025848388671875 0.128311157226563 0.236801147460938 0.0378265380859375
-0.0718917846679687 0.10125732421875 0.175765991210938 0.052734375
-0.1265869140625 0.0156097412109375 0.127487182617188 0.0508575439453125
-0.0861892700195312 -0.130561828613281 0.1781005859375 0.0540771484375
0.0407867431640625 -0.20550537109375 0.344085693359375 0.0662841796875
0.147018432617188 -0.158035278320313 0.438690185546875 0.32537841796875
-0.160232543945313 -0.254547119140625 0.15655517578125 -0.134872436523438
-0.310302734375 -0.144805908203125 0.0125274658203125 -0.133277893066406
-0.291748046875 0.096282958984375 -0.110588073730469 0.00410461425781253
-0.121322631835938 0.25885009765625 -0.036102294921875 0.15643310546875
0.0440673828125 0.244781494140625 0.0834197998046875 0.1527099609375
0.198867797851563 0.172897338867188 0.227813720703125 0.0912017822265625
0.232254028320312 0.07843017578125 0.2591552734375 -0.012420654296875
0.197906494140625 0.08807373046875 0.224502563476562 -0.0758514404296875
0.204559326171875 0.12103271484375 0.210128784179688 -0.0690155029296875
0.124679565429688 0.184249877929688 0.199493408203125 -0.01092529296875
-0.02001953125 0.19451904296875 0.15997314453125 -0.00605773925781249
-0.124763488769531 0.123466491699219 0.14385986328125 -0.000900268554687492
-0.169403076171875 -0.0491790771484375 0.225021362304687 0.0055084228515625
-0.112564086914063 -0.16937255859375 0.38836669921875 0.03790283203125
-0.0278778076171875 -0.170852661132813 0.485870361328125 0.293609619140625
-0.311279296875 -0.2525634765625 0.104934692382812 -0.199813842773438
-0.421966552734375 -0.100433349609375 -0.0288543701171875 -0.161422729492188
-0.358673095703125 0.150390625 -0.111312866210938 -0.022186279296875
-0.14495849609375 0.334991455078125 -0.0393753051757813 0.0981826782226563
0.06536865234375 0.314605712890625 0.0349044799804688 0.0848007202148438
0.267044067382812 0.217697143554687 0.141159057617188 0.0444183349609375
0.30609130859375 0.08984375 0.149429321289063 -0.0216827392578125
0.26885986328125 0.0975799560546875 0.117225646972656 -0.075225830078125
0.28973388671875 0.129058837890625 0.111503601074219 -0.086212158203125
0.212570190429688 0.216903686523438 0.1285400390625 -0.0617599487304687
0.04266357421875 0.272445678710938 0.119590759277344 -0.0721511840820312
-0.106719970703125 0.235687255859375 0.149658203125 -0.0670013427734375
-0.254058837890625 0.0506591796875 0.2640380859375 -0.0454864501953125
-0.274154663085937 -0.112899780273438 0.40106201171875 0.018218994140625
-0.210433959960938 -0.165725708007812 0.48004150390625 0.247894287109375
-0.414031982421875 -0.203338623046875 0.0196533203125 -0.26263427734375
-0.469512939453125 -0.02667236328125 -0.0847015380859375 -0.178543090820313
-0.3663330078125 0.200897216796875 -0.110084533691406 -0.0440521240234375
-0.134765625 0.365936279296875 -0.0440254211425781 0.0319442749023438
0.08441162109375 0.336273193359375 -0.0203227996826172 0.00785827636718752
0.29638671875 0.226593017578125 0.0341072082519531 -0.00383377075195311
0.331146240234375 0.087860107421875 0.0230484008789063 -0.0269451141357422
0.299102783203125 0.09295654296875 -0.00757980346679686 -0.0607986450195312
0.332275390625 0.1202392578125 -0.00846099853515622 -0.0875473022460937
0.271102905273438 0.222335815429688 0.0298309326171875 -0.105758666992187
0.094940185546875 0.318634033203125 0.0526275634765625 -0.13702392578125
-0.08099365234375 0.3203125 0.132125854492188 -0.134132385253906
-0.314361572265625 0.14617919921875 0.273452758789063 -0.09625244140625
-0.4029541015625 -0.0469970703125 0.360565185546875 0.00372314453125
-0.3599853515625 -0.14154052734375 0.405364990234375 0.189605712890625
-0.46038818359375 -0.11468505859375 -0.081878662109375 -0.307830810546875
-0.450469970703125 0.0677795410156251 -0.140975952148438 -0.181640625
-0.31109619140625 0.2388916015625 -0.104537963867188 -0.0586166381835938
-0.08880615234375 0.350433349609375 -0.0506973266601563 -0.0348892211914062
0.10296630859375 0.302093505859375 -0.0764312744140625 -0.0629119873046875
0.285888671875 0.194244384765625 -0.0741119384765625 -0.0486907958984375
0.30694580078125 0.06951904296875 -0.101860046386719 -0.0263290405273438
0.285980224609375 0.07562255859375 -0.128929138183594 -0.03778076171875
0.323150634765625 0.09722900390625 -0.130867004394531 -0.0793075561523437
0.278305053710938 0.197265625 -0.0828170776367188 -0.138687133789063
0.123046875 0.309906005859375 -0.030303955078125 -0.19244384765625
-0.04901123046875 0.346893310546875 0.0912017822265625 -0.192352294921875
-0.320465087890625 0.20050048828125 0.246353149414062 -0.134414672851563
-0.45758056640625 0.0158996582031251 0.268630981445312 -0.0015716552734375
-0.437896728515625 -0.09619140625 0.2774658203125 0.123580932617187
-0.44683837890625 -0.0110473632812501 -0.187255859375 -0.327117919921875
-0.3759765625 0.15545654296875 -0.1884765625 -0.16656494140625
-0.2093505859375 0.252334594726563 -0.100593566894531 -0.0662612915039062
-0.01800537109375 0.28668212890625 -0.0607757568359375 -0.08966064453125
0.114013671875 0.220962524414063 -0.124221801757812 -0.112815856933594
0.236968994140625 0.128448486328125 -0.166778564453125 -0.076171875
0.239578247070312 0.03839111328125 -0.206512451171875 -0.0189361572265625
0.228591918945313 0.0453948974609375 -0.229965209960937 -0.0112762451171875
0.260818481445313 0.0641632080078125 -0.236709594726563 -0.0644683837890625
0.22509765625 0.141998291015625 -0.184738159179688 -0.158798217773437
0.113571166992187 0.242507934570313 -0.107498168945312 -0.226486206054687
-0.018280029296875 0.287384033203125 0.046539306640625 -0.226028442382812
-0.258026123046875 0.194183349609375 0.1915283203125 -0.147445678710937
-0.410430908203125 0.062408447265625 0.1522216796875 0.005889892578125
-0.427337646484375 -0.033172607421875 0.13055419921875 0.0650100708007813
-0.378875732421875 0.08624267578125 -0.284912109375 -0.318450927734375
-0.263671875 0.210220336914063 -0.227584838867188 -0.140060424804687
-0.0889739990234375 0.235565185546875 -0.100822448730469 -0.0597457885742187
0.0548095703125 0.192062377929688 -0.0759124755859375 -0.116912841796875
0.1158447265625 0.112274169921875 -0.157089233398437 -0.128936767578125
0.162521362304688 0.041900634765625 -0.230941772460938 -0.082183837890625
0.137626647949219 -6.866455078125E-05 -0.276290893554688 -0.00175476074218751
0.139228820800781 0.0109329223632813 -0.2977294921875 0.018341064453125
0.154464721679688 0.02740478515625 -0.307281494140625 -0.044952392578125
0.127830505371094 0.0652008056640625 -0.25518798828125 -0.167160034179688
0.0710372924804688 0.1256103515625 -0.151336669921875 -0.23681640625
0.00810241699218749 0.161865234375 0.0145721435546875 -0.231353759765625
-0.136665344238281 0.135360717773438 0.135971069335938 -0.131454467773438
-0.268386840820313 0.0936737060546874 0.047271728515625 0.0247840881347656
-0.332427978515625 0.0435791015625 -0.00544738769531252 0.0230560302734375
-0.263595581054688 0.16021728515625 -0.37225341796875 -0.292572021484375
-0.135360717773438 0.225372314453125 -0.267852783203125 -0.107528686523438
0.018585205078125 0.193710327148438 -0.112594604492188 -0.037322998046875
0.110832214355469 0.0873794555664063 -0.0948410034179688 -0.10992431640625
0.102348327636719 0.00061798095703125 -0.17144775390625 -0.109115600585938
0.069915771484375 -0.0451736450195312 -0.257705688476563 -0.0597076416015625
0.017730712890625 -0.0375251770019531 -0.30242919921875 0.021392822265625
0.0272235870361328 -0.0247707366943359 -0.31964111328125 0.0421447753906249
0.0264492034912109 -0.0141792297363281 -0.331298828125 -0.0292663574218749
0.00904273986816406 -0.0224208831787109 -0.2781982421875 -0.164627075195313
0.018341064453125 -0.0126895904541016 -0.15625 -0.225906372070313
0.0366859436035156 0.0110588073730469 0.00682067871093749 -0.213882446289063
0.00973129272460938 0.0580253601074219 0.0971603393554688 -0.0976638793945313
-0.0796966552734375 0.119789123535156 -0.020355224609375 0.0499153137207031
-0.182647705078125 0.126174926757813 -0.103691101074219 0.00814819335937503
-0.010101318359375 -0.203155517578125 0.154525756835938 -0.0602569580078125
-0.164382934570313 -0.1353759765625 0.0246353149414062 -0.0861053466796875
-0.169418334960938 0.0551605224609375 -0.106292724609375 0.0471267700195313
-0.0552978515625 0.155563354492188 -0.0203704833984375 0.202163696289063
0.035400390625 0.133651733398438 0.128738403320313 0.199859619140625
0.112945556640625 0.0811843872070313 0.286163330078125 0.116363525390625
0.128883361816406 0.0347442626953125 0.326385498046875 -0.004913330078125
0.102622985839844 0.0506362915039062 0.2882080078125 -0.066375732421875
0.102279663085938 0.0734176635742188 0.265228271484375 -0.0428466796875
0.0435562133789063 0.117782592773437 0.22943115234375 0.036163330078125
-0.0522994995117188 0.106483459472656 0.167266845703125 0.046966552734375
-0.116493225097656 0.0318450927734375 0.121795654296875 0.0408782958984375
-0.0978546142578125 -0.111343383789063 0.182418823242188 0.0399017333984375
0.01275634765625 -0.194564819335938 0.348602294921875 0.058013916015625
0.119766235351563 -0.160980224609375 0.4415283203125 0.3194580078125
-0.181869506835938 -0.245742797851562 0.139923095703125 -0.109542846679688
-0.31689453125 -0.119903564453125 0.00783538818359372 -0.110969543457031
-0.279464721679688 0.113479614257813 -0.107376098632813 0.01513671875
-0.0985107421875 0.260910034179688 -0.0303497314453125 0.15679931640625
0.061004638671875 0.237045288085938 0.08319091796875 0.152236938476563
0.207260131835938 0.150390625 0.224899291992188 0.0884552001953125
0.234390258789063 0.0584564208984375 0.254425048828125 -0.00885009765625
0.201919555664063 0.0729827880859375 0.217987060546875 -0.0685272216796875
0.212600708007813 0.101852416992188 0.201080322265625 -0.0609588623046875
0.13873291015625 0.174285888671875 0.18768310546875 -0.00582885742187499
-0.00474548339843751 0.1990966796875 0.144699096679688 -0.00825500488281249
-0.117599487304688 0.137046813964844 0.133140563964844 -0.0121688842773437
-0.18414306640625 -0.0354156494140625 0.224090576171875 -0.008209228515625
-0.137100219726563 -0.163970947265625 0.3863525390625 0.027740478515625
-0.0496826171875 -0.178726196289062 0.483551025390625 0.28277587890625
-0.325531005859375 -0.247314453125 0.0823211669921875 -0.175994873046875
-0.4246826171875 -0.0802307128906249 -0.0378494262695313 -0.136299133300781
-0.34991455078125 0.1644287109375 -0.110755920410156 -0.00873565673828126
-0.1260986328125 0.33563232421875 -0.037841796875 0.103805541992188
0.07977294921875 0.30682373046875 0.0312118530273438 0.0893020629882813
0.272659301757813 0.198211669921875 0.137832641601563 0.0483474731445313
0.306427001953125 0.074005126953125 0.14898681640625 -0.0123748779296875
0.2720947265625 0.0838775634765625 0.113616943359375 -0.06103515625
0.29498291015625 0.113250732421875 0.103164672851563 -0.071624755859375
0.222518920898438 0.207427978515625 0.114532470703125 -0.0512466430664062
0.0526580810546875 0.274139404296875 0.100944519042969 -0.0714874267578125
-0.103775024414062 0.243698120117188 0.133476257324219 -0.0751800537109375
-0.264129638671875 0.05950927734375 0.255279541015625 -0.06085205078125
-0.291412353515625 -0.1099853515625 0.392547607421875 0.00418090820312499
-0.223129272460938 -0.173965454101562 0.469940185546875 0.230377197265625
-0.417877197265625 -0.202789306640625 -0.00517272949218754 -0.238845825195312
-0.469024658203125 -0.01495361328125 -0.0973663330078125 -0.1546630859375
-0.361541748046875 0.207733154296875 -0.113311767578125 -0.0276565551757812
-0.124114990234375 0.36669921875 -0.0452728271484375 0.0415725708007813
0.092132568359375 0.330474853515625 -0.0250473022460937 0.0185737609863281
0.299285888671875 0.21240234375 0.0326671600341797 0.00557327270507814
0.33056640625 0.0787353515625 0.0246982574462891 -0.0112838745117187
0.2996826171875 0.08502197265625 -0.00690078735351561 -0.0425834655761719
0.3333740234375 0.1094970703125 -0.0151214599609375 -0.0691337585449219
0.273910522460938 0.215011596679688 0.0152511596679688 -0.0903472900390625
0.099761962890625 0.316131591796875 0.032379150390625 -0.13330078125
-0.078460693359375 0.323394775390625 0.111587524414063 -0.14105224609375
-0.3193359375 0.147003173828125 0.257568359375 -0.111679077148438
-0.409637451171875 -0.0451660156250001 0.34735107421875 -0.01129150390625
-0.362091064453125 -0.14892578125 0.392578125 0.1697998046875
-0.456573486328125 -0.119873046875 -0.107879638671875 -0.287353515625
-0.445953369140625 0.066009521484375 -0.157196044921875 -0.15911865234375
-0.311065673828125 0.23651123046875 -0.112419128417969 -0.0420303344726562
-0.0860595703125 0.3492431640625 -0.0541648864746094 -0.0230178833007812
0.103271484375 0.30078125 -0.0812835693359375 -0.0488357543945312
0.28326416015625 0.18896484375 -0.0756759643554688 -0.0345535278320312
0.305877685546875 0.067718505859375 -0.0991363525390625 -0.00961303710937498
0.284912109375 0.072174072265625 -0.125755310058594 -0.017822265625
0.32086181640625 0.09405517578125 -0.135841369628906 -0.0583419799804688
0.27569580078125 0.19342041015625 -0.096435546875 -0.120750427246094
0.1214599609375 0.3076171875 -0.0502166748046875 -0.183441162109375
-0.05010986328125 0.34222412109375 0.0696258544921875 -0.193862915039062
-0.32196044921875 0.1964111328125 0.224273681640625 -0.146438598632812
-0.454254150390625 0.0122375488281251 0.254348754882812 -0.01580810546875
-0.430999755859375 -0.10400390625 0.267776489257813 0.10260009765625
-0.43328857421875 -0.0182189941406251 -0.21197509765625 -0.31121826171875
-0.3663330078125 0.14227294921875 -0.20831298828125 -0.149246215820313
-0.210311889648438 0.240142822265625 -0.109321594238281 -0.0493011474609375
-0.0255279541015625 0.28021240234375 -0.0662841796875 -0.0761260986328125
0.107757568359375 0.221237182617188 -0.12884521484375 -0.0986175537109375
0.230606079101562 0.130401611328125 -0.167572021484375 -0.060455322265625
0.235824584960938 0.0442047119140625 -0.202743530273437 -0.00209045410156254
0.226318359375 0.0501708984375 -0.224807739257813 0.00736999511718753
0.256362915039063 0.0690765380859375 -0.237655639648438 -0.04339599609375
0.219085693359375 0.144454956054688 -0.196273803710938 -0.139617919921875
0.104278564453125 0.240203857421875 -0.12249755859375 -0.214157104492187
-0.0246734619140625 0.279083251953125 0.026275634765625 -0.224441528320312
-0.258255004882813 0.183212280273438 0.170135498046875 -0.154647827148438
-0.39910888671875 0.0543212890625001 0.139961242675781 -0.006561279296875
-0.41046142578125 -0.0419616699218749 0.122962951660156 0.0432357788085938
-0.3568115234375 0.078857421875 -0.304931640625 -0.31011962890625
-0.246749877929688 0.19244384765625 -0.24700927734375 -0.128341674804687
-0.0888824462890625 0.217239379882813 -0.109207153320313 -0.0440597534179688
0.04345703125 0.178863525390625 -0.0812454223632813 -0.103675842285156
0.102409362792969 0.111473083496094 -0.158172607421875 -0.115921020507813
0.15032958984375 0.0489501953125 -0.229843139648438 -0.0676727294921875
0.132881164550781 0.0123748779296875 -0.270233154296875 0.0109558105468749
0.134407043457031 0.019683837890625 -0.289031982421875 0.0321044921875
0.15045166015625 0.037445068359375 -0.304412841796875 -0.0284118652343751
0.118125915527344 0.0749282836914063 -0.261566162109375 -0.149978637695313
0.057525634765625 0.127540588378906 -0.162704467773438 -0.223556518554688
-0.00263977050781249 0.15301513671875 -0.00090026855468749 -0.226516723632813
-0.13873291015625 0.118385314941406 0.118263244628906 -0.135978698730469
-0.254043579101563 0.079345703125 0.0385017395019531 0.0134124755859375
-0.310333251953125 0.0325012207031249 -0.00727367401123049 0.000822067260742189
-0.2359619140625 0.15509033203125 -0.384796142578125 -0.2884521484375
-0.114944458007812 0.207382202148437 -0.284271240234375 -0.100311279296875
0.0243682861328125 0.173004150390625 -0.120147705078125 -0.0230941772460937
0.0987472534179688 0.0718917846679688 -0.096466064453125 -0.0973358154296875
0.0856094360351563 -0.00237274169921875 -0.168411254882812 -0.0997772216796875
0.0536346435546875 -0.0349655151367188 -0.252777099609375 -0.05084228515625
0.0132789611816406 -0.0219917297363281 -0.29571533203125 0.0284423828125
0.0239009857177734 -0.0126228332519531 -0.31170654296875 0.05096435546875
0.0222797393798828 0.000905990600585937 -0.326416015625 -0.0174560546875
-0.00175380706787109 -0.00638866424560547 -0.28228759765625 -0.15142822265625
0.000457763671875 -0.00599956512451172 -0.164459228515625 -0.21563720703125
0.020843505859375 0.00452041625976563 -0.00505065917968749 -0.209518432617188
0.00526809692382813 0.0392608642578125 0.084320068359375 -0.100830078125
-0.0651931762695312 0.0984954833984375 -0.0226783752441406 0.0374794006347656
-0.15667724609375 0.1116943359375 -0.0990524291992188 -0.015533447265625
-0.0259857177734375 -0.191848754882813 0.153396606445313 -0.03460693359375
-0.168106079101562 -0.114303588867188 0.0286788940429687 -0.0700454711914063
-0.158843994140625 0.0675048828125 -0.0997467041015625 0.0514984130859375
-0.03857421875 0.154388427734375 -0.0163116455078125 0.199981689453125
0.047332763671875 0.12579345703125 0.128662109375 0.199066162109375
0.117271423339844 0.0645599365234375 0.28369140625 0.114044189453125
0.128990173339844 0.0200347900390625 0.32537841796875 -0.003387451171875
0.104743957519531 0.037384033203125 0.287322998046875 -0.06072998046875
0.106613159179688 0.0576629638671875 0.264373779296875 -0.0363006591796875
0.054412841796875 0.106880187988281 0.226425170898437 0.043670654296875
-0.0377883911132812 0.107101440429688 0.159881591796875 0.0484771728515625
-0.107917785644531 0.0417938232421875 0.116889953613281 0.0359725952148438
-0.103767395019531 -0.0951995849609375 0.18597412109375 0.0322723388671875
-0.00424194335937498 -0.18243408203125 0.3543701171875 0.056640625
0.09979248046875 -0.15985107421875 0.442901611328125 0.325836181640625
-0.195159912109375 -0.239974975585937 0.133888244628906 -0.0828475952148438
-0.319915771484375 -0.102203369140625 0.00897216796874999 -0.0914230346679688
-0.2720947265625 0.122833251953125 -0.102767944335938 0.0227737426757813
-0.0843963623046875 0.259445190429688 -0.02777099609375 0.158157348632813
0.070068359375 0.229812622070313 0.081512451171875 0.1551513671875
0.210891723632812 0.136199951171875 0.222625732421875 0.08984375
0.235366821289063 0.047760009765625 0.257217407226562 -0.0025634765625
0.204055786132813 0.0626220703125 0.219131469726563 -0.0582427978515625
0.21697998046875 0.0894622802734375 0.199691772460938 -0.0494537353515625
0.148300170898438 0.167373657226563 0.18255615234375 0.00497436523437501
0.00575256347656248 0.202163696289063 0.134719848632813 -0.00471496582031249
-0.114898681640625 0.146896362304687 0.123992919921875 -0.014892578125
-0.193649291992188 -0.0252532958984375 0.221923828125 -0.016326904296875
-0.156097412109375 -0.1600341796875 0.387176513671875 0.026153564453125
-0.0664520263671875 -0.183334350585938 0.477874755859375 0.287139892578125
-0.335479736328125 -0.248779296875 0.0732421875 -0.148483276367188
-0.427032470703125 -0.070770263671875 -0.0383453369140625 -0.115470886230469
-0.34716796875 0.169921875 -0.108543395996094 0.00163269042968749
-0.11865234375 0.33392333984375 -0.0367431640625 0.108123779296875
0.08502197265625 0.303375244140625 0.0294036865234375 0.0969696044921875
0.27398681640625 0.187469482421875 0.136054992675781 0.0555191040039063
0.306488037109375 0.06695556640625 0.152938842773438 -0.0016326904296875
0.274154663085938 0.07794189453125 0.116241455078125 -0.0468368530273437
0.29852294921875 0.105560302734375 0.102066040039063 -0.0566635131835937
0.22845458984375 0.204620361328125 0.107261657714844 -0.037445068359375
0.0578460693359375 0.278900146484375 0.0880889892578125 -0.0667343139648437
-0.105194091796875 0.25152587890625 0.120437622070313 -0.078033447265625
-0.276260375976563 0.0631103515625 0.248580932617188 -0.0703277587890625
-0.308197021484375 -0.111480712890625 0.38720703125 0.000640869140624993
-0.235565185546875 -0.18572998046875 0.4605712890625 0.230316162109375
-0.426422119140625 -0.21099853515625 -0.0175018310546875 -0.214370727539063
-0.473388671875 -0.0157775878906251 -0.100814819335938 -0.133041381835937
-0.366119384765625 0.20867919921875 -0.112846374511719 -0.014923095703125
-0.12261962890625 0.367218017578125 -0.0447196960449219 0.0494613647460938
0.09375 0.33111572265625 -0.0265045166015625 0.0294742584228516
0.29815673828125 0.209197998046875 0.0316314697265625 0.0153999328613281
0.332061767578125 0.078399658203125 0.030120849609375 0.000793457031250005
0.30279541015625 0.083038330078125 -0.00259590148925779 -0.027313232421875
0.3360595703125 0.10845947265625 -0.0153427124023437 -0.053955078125
0.275482177734375 0.216079711914063 0.00762939453125002 -0.0757598876953125
0.0999755859375 0.3212890625 0.0190277099609375 -0.125900268554687
-0.084381103515625 0.3271484375 0.0969390869140625 -0.141311645507812
-0.3311767578125 0.14581298828125 0.24615478515625 -0.118484497070312
-0.42291259765625 -0.05267333984375 0.33941650390625 -0.016571044921875
-0.3682861328125 -0.163299560546875 0.381805419921875 0.165069580078125
-0.457244873046875 -0.133941650390625 -0.122802734375 -0.268966674804688
-0.45074462890625 0.0566711425781249 -0.1650390625 -0.140701293945313
-0.32159423828125 0.23291015625 -0.115814208984375 -0.0280990600585937
-0.093902587890625 0.3492431640625 -0.0548896789550781 -0.0126914978027344
0.099334716796875 0.305419921875 -0.0829086303710938 -0.0372085571289062
0.282745361328125 0.19232177734375 -0.0752410888671875 -0.023773193359375
0.30865478515625 0.07281494140625 -0.0935516357421875 0.00357055664062499
0.287261962890625 0.076568603515625 -0.120429992675781 -0.00396728515624998
0.322113037109375 0.097930908203125 -0.134864807128906 -0.0432815551757813
0.273696899414063 0.199722290039062 -0.103080749511719 -0.105735778808594
0.11651611328125 0.3128662109375 -0.0625 -0.175308227539062
-0.058929443359375 0.34210205078125 0.055511474609375 -0.191436767578125
-0.331573486328125 0.18988037109375 0.210678100585937 -0.150894165039063
-0.459808349609375 0.0018615722656249 0.242156982421875 -0.020721435546875
-0.42816162109375 -0.121490478515625 0.2554931640625 0.093170166015625
-0.427734375 -0.0358581542968751 -0.2259521484375 -0.301666259765625
-0.36846923828125 0.12567138671875 -0.220077514648438 -0.136199951171875
-0.222671508789062 0.229888916015625 -0.1142578125 -0.0353012084960938
-0.03717041015625 0.2791748046875 -0.0684127807617188 -0.0658721923828125
0.099517822265625 0.228225708007813 -0.130477905273438 -0.0877609252929688
0.226715087890625 0.139556884765625 -0.167098999023437 -0.051422119140625
0.238296508789063 0.05517578125 -0.197463989257812 0.00793457031249996
0.228256225585937 0.0584564208984375 -0.219253540039062 0.018890380859375
0.2568359375 0.07958984375 -0.237091064453125 -0.0312652587890625
0.214263916015625 0.154510498046875 -0.201004028320312 -0.12701416015625
0.094970703125 0.246078491210938 -0.131591796875 -0.206008911132812
-0.0368194580078125 0.277923583984375 0.013763427734375 -0.220733642578125
-0.266311645507813 0.171051025390625 0.156097412109375 -0.155685424804688
-0.398529052734375 0.0387268066406249 0.12786865234375 -0.0122833251953125
-0.40234375 -0.060943603515625 0.112884521484375 0.0287704467773437
-0.34393310546875 0.061859130859375 -0.317840576171875 -0.308624267578125
-0.243942260742188 0.172607421875 -0.261184692382813 -0.120651245117187
-0.0975494384765625 0.202896118164063 -0.114295959472656 -0.0322341918945313
0.0278778076171875 0.174484252929688 -0.081268310546875 -0.093963623046875
0.0893478393554688 0.117576599121094 -0.157684326171875 -0.108367919921875
0.14306640625 0.0616302490234375 -0.228439331054688 -0.059844970703125
0.1343994140625 0.0264434814453125 -0.267059326171875 0.0154571533203124
0.135505676269531 0.0305099487304688 -0.28521728515625 0.037872314453125
0.15057373046875 0.049896240234375 -0.304473876953125 -0.020965576171875
0.111907958984375 0.088409423828125 -0.265106201171875 -0.141082763671875
0.044342041015625 0.135093688964844 -0.16815185546875 -0.216995239257813
-0.017730712890625 0.150787353515625 -0.0104522705078125 -0.22369384765625
-0.147079467773438 0.10382080078125 0.106651306152344 -0.136642456054688
-0.25030517578125 0.0600128173828125 0.0297431945800781 0.00557899475097657
-0.29656982421875 0.0126953125 -0.0135536193847656 -0.0183467864990234
-0.219619750976563 0.143875122070313 -0.39459228515625 -0.294342041015625
-0.105743408203125 0.187759399414063 -0.298126220703125 -0.0982360839843749
0.0222320556640625 0.15728759765625 -0.123497009277344 -0.0134811401367188
0.0846023559570313 0.06231689453125 -0.0951995849609375 -0.0897598266601562
0.0713043212890625 0.00054168701171875 -0.163909912109375 -0.096527099609375
0.0445060729980469 -0.0217514038085937 -0.250137329101563 -0.0496520996093751
0.0129594802856445 -0.00683975219726562 -0.292572021484375 0.028472900390625
0.0231723785400391 -0.00084686279296875 -0.309051513671875 0.051361083984375
0.0229053497314453 0.0149059295654297 -0.32684326171875 -0.014495849609375
-0.00786495208740234 0.00936603546142578 -0.284698486328125 -0.14697265625
-0.0138101577758789 0.00342178344726563 -0.167343139648438 -0.2119140625
0.0050206184387207 0.00270414352416992 -0.010711669921875 -0.20770263671875
-0.00324821472167969 0.0243644714355469 0.0764389038085938 -0.101509094238281
-0.0590286254882813 0.0774383544921875 -0.0291213989257813 0.0271186828613281
-0.141952514648438 0.093780517578125 -0.100372314453125 -0.0387039184570312
-0.037994384765625 -0.183792114257813 0.159469604492188 -0.0100860595703125
-0.171951293945313 -0.0976104736328125 0.03668212890625 -0.0574302673339844
-0.151046752929688 0.0769500732421875 -0.09564208984375 0.0551528930664062
-0.0251922607421875 0.154510498046875 -0.0142059326171875 0.20257568359375
0.0566024780273438 0.120140075683594 0.1304931640625 0.20367431640625
0.120933532714844 0.051300048828125 0.289154052734375 0.1165771484375
0.130180358886719 0.007659912109375 0.33447265625 -0.001373291015625
0.1072998046875 0.0262527465820313 0.295654296875 -0.057403564453125
0.110565185546875 0.0447769165039063 0.271591186523438 -0.0302734375
0.0638580322265625 0.098785400390625 0.232086181640625 0.051177978515625
-0.0261154174804687 0.107124328613281 0.158447265625 0.0531005859375
-0.101608276367187 0.0491256713867188 0.113716125488281 0.0356216430664062
-0.107978820800781 -0.0828475952148437 0.192184448242188 0.0267486572265625
-0.016693115234375 -0.174209594726563 0.36749267578125 0.057861328125
0.0860137939453125 -0.158584594726562 0.453857421875 0.342315673828125
-0.210830688476563 -0.23919677734375 0.136978149414063 -0.05804443359375
-0.32794189453125 -0.09100341796875 0.0153884887695312 -0.0767059326171875
-0.271011352539063 0.131561279296875 -0.100212097167969 0.0290374755859375
-0.0764007568359375 0.262039184570313 -0.0264129638671875 0.162689208984375
0.0787200927734375 0.228622436523437 0.08251953125 0.1627197265625
0.214797973632813 0.126754760742188 0.226852416992188 0.096893310546875
0.239593505859375 0.0391693115234375 0.266571044921875 0.00341796875
0.210281372070313 0.0556640625 0.228012084960938 -0.0506439208984375
0.224273681640625 0.0810699462890625 0.205795288085938 -0.040283203125
0.15887451171875 0.164886474609375 0.184646606445313 0.0162353515625
0.0156707763671875 0.2088623046875 0.130340576171875 0.000770568847656263
-0.114334106445312 0.158905029296875 0.118194580078125 -0.0164642333984375
-0.20733642578125 -0.0160675048828125 0.225601196289063 -0.0229644775390625
-0.175521850585938 -0.15777587890625 0.396820068359375 0.02716064453125
-0.0842132568359375 -0.192276000976563 0.48583984375 0.300567626953125
-0.353515625 -0.256317138671875 0.0717239379882812 -0.125022888183594
-0.43963623046875 -0.0661621093749999 -0.035064697265625 -0.09918212890625
-0.353912353515625 0.176971435546875 -0.1064453125 0.00970458984375001
-0.11572265625 0.3388671875 -0.0359649658203125 0.115615844726563
0.091522216796875 0.307708740234375 0.029571533203125 0.1072998046875
0.279556274414063 0.184005737304688 0.138839721679688 0.0632095336914063
0.31524658203125 0.06402587890625 0.162979125976563 0.00732421875000001
0.283416748046875 0.075469970703125 0.126190185546875 -0.0364990234375
0.30914306640625 0.10308837890625 0.106216430664063 -0.0449295043945312
0.239410400390625 0.207183837890625 0.107276916503906 -0.0248870849609375
0.064453125 0.29010009765625 0.0808944702148438 -0.0610122680664062
-0.10955810546875 0.263748168945313 0.11279296875 -0.0788955688476563
-0.295196533203125 0.0694580078124999 0.24835205078125 -0.0770721435546875
-0.330108642578125 -0.115631103515625 0.392364501953125 -0.00103759765625001
-0.254409790039062 -0.200607299804688 0.4630126953125 0.24041748046875
-0.442626953125 -0.224334716796875 -0.02349853515625 -0.196990966796875
-0.488677978515625 -0.016693115234375 -0.103050231933594 -0.117988586425781
-0.381317138671875 0.2144775390625 -0.11322021484375 -0.00511932373046876
-0.12646484375 0.375823974609375 -0.0443801879882813 0.057403564453125
0.097686767578125 0.34124755859375 -0.0270729064941406 0.0401535034179688
0.30517578125 0.212249755859375 0.0335922241210938 0.0243606567382813
0.343536376953125 0.0802001953125 0.0376319885253906 0.0105514526367188
0.313629150390625 0.0848388671875 0.00521087646484377 -0.0159492492675781
0.347991943359375 0.110992431640625 -0.0143356323242187 -0.0414085388183594
0.28466796875 0.223602294921875 0.00461578369140627 -0.0629920959472656
0.10260009765625 0.334442138671875 0.009674072265625 -0.120689392089844
-0.092010498046875 0.34014892578125 0.0864410400390625 -0.142593383789062
-0.352813720703125 0.1484375 0.242416381835938 -0.125396728515625
-0.444671630859375 -0.061309814453125 0.338653564453125 -0.019256591796875
-0.383514404296875 -0.18359375 0.3787841796875 0.16815185546875
-0.470916748046875 -0.153350830078125 -0.132965087890625 -0.2584228515625
-0.467254638671875 0.0488281249999999 -0.172164916992188 -0.12786865234375
-0.34124755859375 0.23541259765625 -0.116706848144531 -0.0159683227539063
-0.1041259765625 0.3587646484375 -0.0548019409179688 -0.00487518310546873
0.099395751953125 0.319580078125 -0.0847625732421875 -0.0278549194335937
0.2877197265625 0.2015380859375 -0.0758819580078125 -0.0156173706054687
0.320068359375 0.079833984375 -0.0886459350585938 0.0118789672851562
0.297821044921875 0.0819091796875 -0.115882873535156 0.00672149658203123
0.33355712890625 0.1060791015625 -0.136550903320312 -0.0316925048828125
0.279876708984375 0.210357666015625 -0.108909606933594 -0.0947036743164062
0.113739013671875 0.327301025390625 -0.0717010498046875 -0.170379638671875
-0.069671630859375 0.3531494140625 0.0444488525390625 -0.193771362304687
-0.351470947265625 0.18829345703125 0.203811645507813 -0.155685424804688
-0.47967529296875 -0.009613037109375 0.238021850585938 -0.0230865478515625
-0.439056396484375 -0.143310546875 0.249099731445312 0.08953857421875
-0.43658447265625 -0.05633544921875 -0.24176025390625 -0.2994384765625
-0.381256103515625 0.111907958984375 -0.232376098632812 -0.1259765625
-0.24163818359375 0.229263305664063 -0.117156982421875 -0.024200439453125
-0.05181884765625 0.287445068359375 -0.0684127807617188 -0.0586585998535156
0.09429931640625 0.243270874023437 -0.132164001464844 -0.0812149047851562
0.230987548828125 0.153244018554688 -0.16986083984375 -0.0449981689453125
0.24859619140625 0.0655975341796875 -0.19647216796875 0.0140228271484375
0.237747192382812 0.0670166015625 -0.21826171875 0.026885986328125
0.266433715820313 0.09039306640625 -0.240875244140625 -0.022369384765625
0.217315673828125 0.16888427734375 -0.208053588867188 -0.119735717773438
0.088104248046875 0.261062622070313 -0.140457153320313 -0.203262329101562
-0.050323486328125 0.284637451171875 0.00514221191406248 -0.221572875976563
-0.284515380859375 0.1641845703125 0.149093627929687 -0.15875244140625
-0.41168212890625 0.02374267578125 0.120773315429687 -0.0155410766601563
-0.408935546875 -0.083831787109375 0.103462219238281 0.0183258056640625
-0.346099853515625 0.0443115234375 -0.33648681640625 -0.31549072265625
-0.251266479492188 0.158233642578125 -0.278656005859375 -0.116226196289062
-0.112274169921875 0.1956787109375 -0.118904113769531 -0.0224609375
0.012847900390625 0.177871704101563 -0.0814056396484375 -0.0889663696289062
0.0817413330078125 0.128776550292969 -0.158981323242188 -0.106094360351562
0.143157958984375 0.077178955078125 -0.232177734375 -0.0578765869140625
0.141433715820313 0.039398193359375 -0.270401000976563 0.018341064453125
0.141998291015625 0.040618896484375 -0.288116455078125 0.042572021484375
0.158370971679688 0.063385009765625 -0.310760498046875 -0.01470947265625
0.112464904785156 0.104911804199219 -0.27325439453125 -0.137603759765625
0.0347137451171875 0.147811889648438 -0.17596435546875 -0.2169189453125
-0.0315704345703125 0.155166625976562 -0.0164947509765625 -0.224563598632813
-0.1617431640625 0.0938873291015625 0.0994949340820312 -0.136604309082031
-0.256988525390625 0.0432434082031249 0.0210475921630859 0.000938415527343752
-0.296661376953125 -0.00772094726562504 -0.0224647521972656 -0.0357246398925781
-0.212677001953125 0.133651733398438 -0.41119384765625 -0.307037353515625
-0.105239868164062 0.17523193359375 -0.316192626953125 -0.09698486328125
0.0167999267578125 0.14697265625 -0.1275634765625 -0.00541687011718747
0.0721893310546875 0.0594406127929688 -0.0943984985351563 -0.0867080688476562
0.0615921020507813 0.00632858276367187 -0.163558959960938 -0.097412109375
0.0398979187011719 -0.00847625732421875 -0.25390625 -0.0508270263671875
0.0151615142822266 0.00635814666748047 -0.298828125 0.02618408203125
0.0264682769775391 0.00946044921875 -0.314208984375 0.05206298828125
0.0267620086669922 0.0279769897460938 -0.334625244140625 -0.013336181640625
-0.00957489013671875 0.0251121520996094 -0.29315185546875 -0.1478271484375
-0.0245628356933594 0.0145130157470703 -0.172836303710937 -0.214920043945313
-0.00843048095703125 0.00490808486938477 -0.0148468017578125 -0.209640502929688
-0.0134668350219727 0.0134363174438477 0.0708694458007813 -0.102691650390625
-0.0599937438964844 0.0604248046875 -0.0369300842285156 0.0196800231933594
-0.13592529296875 0.077239990234375 -0.107475280761719 -0.061798095703125
-0.0508270263671875 -0.177490234375 0.17340087890625 0.010040283203125
-0.1778564453125 -0.0824737548828125 0.0461082458496094 -0.0482711791992188
-0.145004272460938 0.0891876220703125 -0.0928497314453125 0.060333251953125
-0.0117950439453125 0.15594482421875 -0.00914001464843751 0.209609985351563
0.0680084228515625 0.115364074707031 0.1397705078125 0.20953369140625
0.124664306640625 0.0380020141601563 0.302947998046875 0.115936279296875
0.132110595703125 -0.0053863525390625 0.35076904296875 -0.006500244140625
0.11077880859375 0.0144577026367188 0.310028076171875 -0.06146240234375
0.114959716796875 0.0318450927734375 0.28570556640625 -0.03131103515625
0.0742950439453125 0.0909194946289062 0.2457275390625 0.05535888671875
-0.0137939453125 0.109169006347656 0.162628173828125 0.056732177734375
-0.0965042114257812 0.057830810546875 0.114395141601563 0.0341567993164063
-0.113571166992187 -0.0715255737304688 0.202484130859375 0.0178680419921875
-0.0298309326171875 -0.1685791015625 0.38946533203125 0.053070068359375
0.0727386474609375 -0.160415649414063 0.484130859375 0.35711669921875
-0.232940673828125 -0.238494873046875 0.1448974609375 -0.03759765625
-0.343231201171875 -0.07666015625 0.0223426818847656 -0.0659561157226563
-0.273696899414063 0.146621704101562 -0.0974655151367188 0.0360794067382813
-0.0661773681640625 0.270187377929688 -0.0229644775390625 0.171371459960938
0.091339111328125 0.23040771484375 0.0889739990234375 0.17303466796875
0.224334716796875 0.117950439453125 0.238662719726563 0.100814819335938
0.24932861328125 0.027587890625 0.2833251953125 0.002685546875
0.220733642578125 0.0450286865234375 0.24285888671875 -0.0507049560546875
0.237808227539063 0.0703277587890625 0.218490600585938 -0.0374298095703125
0.175277709960938 0.161575317382813 0.195541381835937 0.023345947265625
0.0291595458984375 0.2186279296875 0.130706787109375 0.00513458251953126
-0.112213134765625 0.174453735351562 0.115737915039063 -0.0179214477539062
-0.222869873046875 -0.00271606445312501 0.232940673828125 -0.033050537109375
-0.199203491210938 -0.154739379882813 0.414306640625 0.0208740234375
-0.10601806640625 -0.199752807617188 0.51055908203125 0.31396484375
-0.38116455078125 -0.260589599609375 0.07421875 -0.107139587402344
-0.462310791015625 -0.05316162109375 -0.0320663452148438 -0.0875778198242188
-0.365447998046875 0.19384765625 -0.106353759765625 0.0185775756835937
-0.110992431640625 0.3536376953125 -0.0331954956054688 0.123664855957031
0.104583740234375 0.31658935546875 0.0334396362304688 0.118408203125
0.293212890625 0.181396484375 0.147308349609375 0.07061767578125
0.3310546875 0.055694580078125 0.177825927734375 0.01043701171875
0.2989501953125 0.06768798828125 0.138336181640625 -0.032135009765625
0.32806396484375 0.09625244140625 0.114494323730469 -0.03741455078125
0.259567260742188 0.20947265625 0.112106323242188 -0.0153427124023437
0.07781982421875 0.30523681640625 0.076751708984375 -0.0569839477539062
-0.1090087890625 0.2845458984375 0.106452941894531 -0.0823516845703125
-0.3179931640625 0.083221435546875 0.251983642578125 -0.0883331298828125
-0.36138916015625 -0.113555908203125 0.405303955078125 -0.00762939453125001
-0.28118896484375 -0.21337890625 0.48114013671875 0.248931884765625
-0.47467041015625 -0.23443603515625 -0.0297698974609375 -0.183120727539063
-0.5169677734375 -0.00885009765625001 -0.105491638183594 -0.104598999023438
-0.399200439453125 0.23187255859375 -0.112937927246094 0.00644683837890626
-0.126312255859375 0.395050048828125 -0.04254150390625 0.0661277770996094
0.1092529296875 0.35736083984375 -0.0264930725097656 0.051025390625
0.3211669921875 0.21630859375 0.0373344421386719 0.0331153869628906
0.363311767578125 0.075775146484375 0.0485610961914063 0.0170097351074219
0.331878662109375 0.082000732421875 0.0142898559570313 -0.00747299194335937
0.370269775390625 0.109466552734375 -0.0113849639892578 -0.0306968688964844
0.305084228515625 0.230499267578125 0.00357437133789064 -0.0533218383789062
0.114166259765625 0.3553466796875 0.000663757324218764 -0.118232727050781
-0.09490966796875 0.363128662109375 0.07781982421875 -0.146759033203125
-0.377655029296875 0.162567138671875 0.241867065429688 -0.13641357421875
-0.478607177734375 -0.0606994628906249 0.345855712890625 -0.02587890625
-0.414154052734375 -0.1978759765625 0.389068603515625 0.170166015625
-0.500152587890625 -0.16448974609375 -0.148284912109375 -0.250778198242188
-0.495513916015625 0.05206298828125 -0.1822509765625 -0.114486694335938
-0.36395263671875 0.251708984375 -0.118537902832031 -0.00470733642578121
-0.108642578125 0.380645751953125 -0.0541610717773438 0.00307846069335941
0.1083984375 0.33990478515625 -0.0860137939453125 -0.01947021484375
0.304931640625 0.2115478515625 -0.07696533203125 -0.00652313232421874
0.341552734375 0.080169677734375 -0.08447265625 0.0207748413085938
0.318145751953125 0.082305908203125 -0.111701965332031 0.0176162719726563
0.355865478515625 0.107757568359375 -0.139495849609375 -0.0194244384765625
0.29803466796875 0.220184326171875 -0.115119934082031 -0.0848388671875
0.122283935546875 0.348358154296875 -0.084869384765625 -0.168563842773437
-0.07489013671875 0.375152587890625 0.0339813232421875 -0.198455810546875
-0.37872314453125 0.1993408203125 0.199691772460937 -0.1649169921875
-0.510040283203125 -0.011260986328125 0.238479614257812 -0.0283203125
-0.46600341796875 -0.159423828125 0.249542236328125 0.0861968994140625
-0.458038330078125 -0.0694274902343751 -0.265289306640625 -0.298614501953125
-0.40484619140625 0.110748291015625 -0.249526977539063 -0.115081787109375
-0.264144897460937 0.239334106445313 -0.12109375 -0.0128936767578125
-0.06146240234375 0.305694580078125 -0.069305419921875 -0.0530662536621093
0.0989532470703125 0.262130737304687 -0.13677978515625 -0.0755996704101562
0.244155883789063 0.166549682617188 -0.175827026367187 -0.037811279296875
0.268310546875 0.0721893310546875 -0.199539184570312 0.023223876953125
0.254501342773438 0.07147216796875 -0.220748901367187 0.03790283203125
0.28631591796875 0.096710205078125 -0.2496337890625 -0.00997924804687498
0.23052978515625 0.182403564453125 -0.219711303710937 -0.110809326171875
0.09051513671875 0.281005859375 -0.154373168945313 -0.202362060546875
-0.05816650390625 0.30218505859375 -0.00614929199218751 -0.225784301757812
-0.30767822265625 0.169189453125 0.142257690429687 -0.165725708007813
-0.436187744140625 0.0190429687499999 0.115653991699219 -0.01953125
-0.428619384765625 -0.0993957519531251 0.0972518920898437 0.00882720947265624
-0.356201171875 0.0353088378906251 -0.365509033203125 -0.32080078125
-0.264801025390625 0.1527099609375 -0.300537109375 -0.107879638671875
-0.1273193359375 0.198013305664063 -0.124153137207031 -0.01214599609375
0.00198364257812501 0.187713623046875 -0.083770751953125 -0.0857009887695312
0.0798187255859375 0.143356323242188 -0.1654052734375 -0.104461669921875
0.1502685546875 0.091949462890625 -0.241348266601563 -0.0528564453125
0.15484619140625 0.0491790771484375 -0.279083251953125 0.0257720947265625
0.153823852539063 0.0482940673828125 -0.295196533203125 0.0527648925781251
0.171432495117187 0.073272705078125 -0.323699951171875 -0.00463867187499997
0.119468688964844 0.119926452636719 -0.28900146484375 -0.13134765625
0.031097412109375 0.164932250976563 -0.190277099609375 -0.218612670898437
-0.0432281494140625 0.166152954101563 -0.0265655517578125 -0.2301025390625
-0.180068969726563 0.090972900390625 0.0934600830078125 -0.142471313476563
-0.271820068359375 0.032684326171875 0.0129156112670898 -0.00208854675292969
-0.306396484375 -0.02288818359375 -0.0343284606933594 -0.0508003234863281
-0.2110595703125 0.12896728515625 -0.443511962890625 -0.317596435546875
-0.105880737304687 0.1678466796875 -0.341552734375 -0.091522216796875
0.0127716064453125 0.142044067382813 -0.132965087890625 0.00408172607421878
0.0629196166992188 0.0589141845703125 -0.096588134765625 -0.0847549438476563
0.0549850463867188 0.0125885009765625 -0.168594360351562 -0.099273681640625
0.0396537780761719 0.00462722778320313 -0.264251708984375 -0.0496368408203125
0.0211048126220703 0.0172500610351562 -0.31219482421875 0.03106689453125
0.0307350158691406 0.0180568695068359 -0.326019287109375 0.05938720703125
0.0333786010742188 0.0391998291015625 -0.3505859375 -0.00598144531249994
-0.00837707519531251 0.0401573181152344 -0.31158447265625 -0.145355224609375
-0.0333003997802734 0.0276374816894531 -0.186325073242188 -0.218826293945313
-0.0208892822265625 0.00887680053710938 -0.022430419921875 -0.216690063476563
-0.0247230529785156 0.00421905517578125 0.0661392211914063 -0.107223510742188
-0.0650100708007813 0.0472297668457031 -0.0458793640136719 0.0148239135742188
-0.135238647460938 0.0643463134765625 -0.121467590332031 -0.081878662109375
-0.065826416015625 -0.1689453125 0.190673828125 0.023345947265625
-0.183853149414062 -0.06207275390625 0.0554542541503906 -0.0428276062011719
-0.135383605957031 0.103691101074219 -0.0878067016601563 0.0680084228515625
0.00526428222656249 0.155899047851562 0.00216674804687498 0.217254638671875
0.0806427001953125 0.107673645019531 0.1558837890625 0.212890625
0.127388000488281 0.0224685668945313 0.32122802734375 0.10760498046875
0.131767272949219 -0.0226364135742188 0.367218017578125 -0.023101806640625
0.112167358398438 -0.00022125244140625 0.322540283203125 -0.0762939453125
0.118690490722656 0.01544189453125 0.30029296875 -0.043060302734375
0.0844345092773438 0.080535888671875 0.26287841796875 0.050018310546875
-0.000503540039062489 0.109222412109375 0.1707763671875 0.0556640625
-0.0891265869140625 0.067779541015625 0.116950988769531 0.03106689453125
-0.118614196777344 -0.057373046875 0.21240234375 0.0023651123046875
-0.0454864501953125 -0.161605834960938 0.412689208984375 0.03448486328125
0.057525634765625 -0.16290283203125 0.525848388671875 0.35675048828125
-0.260345458984375 -0.229019165039063 0.1571044921875 -0.0224761962890625
-0.357696533203125 -0.0521240234375 0.0304756164550781 -0.0583763122558594
-0.271286010742188 0.168914794921875 -0.0932693481445313 0.044647216796875
-0.04974365234375 0.27813720703125 -0.0137481689453125 0.179931640625
0.110626220703125 0.229095458984375 0.10260009765625 0.180191040039063
0.235824584960937 0.104095458984375 0.255142211914063 0.09710693359375
0.25872802734375 0.0087127685546875 0.301025390625 -0.00927734375
0.231033325195313 0.0280303955078125 0.256378173828125 -0.0597076416015625
0.250946044921875 0.052490234375 0.230789184570313 -0.0422210693359375
0.195083618164062 0.15374755859375 0.20849609375 0.0229034423828125
0.0497589111328125 0.226181030273438 0.133094787597656 0.00549316406250001
-0.104278564453125 0.192840576171875 0.113746643066406 -0.0217666625976562
-0.23663330078125 0.0176849365234375 0.238510131835937 -0.050048828125
-0.22625732421875 -0.143280029296875 0.434051513671875 0.00131225585937499
-0.133819580078125 -0.202926635742187 0.546661376953125 0.3116455078125
-0.4173583984375 -0.25262451171875 0.07708740234375 -0.0925827026367188
-0.484222412109375 -0.027313232421875 -0.0279617309570313 -0.0765762329101563
-0.370513916015625 0.22314453125 -0.102615356445313 0.029937744140625
-0.096343994140625 0.37066650390625 -0.0256118774414063 0.133857727050781
0.126983642578125 0.321533203125 0.0430526733398437 0.127853393554688
0.312255859375 0.1702880859375 0.159942626953125 0.0732269287109375
0.348419189453125 0.03631591796875 0.193634033203125 0.005828857421875
0.31622314453125 0.050750732421875 0.151290893554688 -0.0340423583984375
0.3489990234375 0.07806396484375 0.122344970703125 -0.0349807739257812
0.285003662109375 0.20306396484375 0.120262145996094 -0.0111312866210937
0.101348876953125 0.3184814453125 0.0727767944335938 -0.0544281005859375
-0.099853515625 0.30926513671875 0.0987472534179688 -0.0878753662109375
-0.336273193359375 0.109344482421875 0.25244140625 -0.106903076171875
-0.395843505859375 -0.09893798828125 0.418304443359375 -0.026031494140625
-0.3167724609375 -0.214141845703125 0.51031494140625 0.2427978515625
-0.513916015625 -0.22796630859375 -0.0370941162109375 -0.16973876953125
-0.54290771484375 0.0165100097656249 -0.107231140136719 -0.0907745361328125
-0.4107666015625 0.26416015625 -0.111869812011719 0.01922607421875
-0.115692138671875 0.418731689453125 -0.0373687744140625 0.0752792358398438
0.13433837890625 0.369110107421875 -0.0217132568359375 0.0615234375
0.345245361328125 0.210540771484375 0.0435905456542969 0.0408592224121094
0.38629150390625 0.059661865234375 0.0601806640625 0.0200271606445313
0.354248046875 0.067138671875 0.023468017578125 -0.00319862365722656
0.394744873046875 0.09320068359375 -0.00824928283691404 -0.0212345123291016
0.333251953125 0.227203369140625 0.00434494018554689 -0.0440521240234375
0.138946533203125 0.371368408203125 -0.0093231201171875 -0.114486694335937
-0.0845642089843751 0.3902587890625 0.0654754638671875 -0.152328491210937
-0.39794921875 0.190155029296875 0.236618041992187 -0.154312133789063
-0.51544189453125 -0.0435485839843751 0.352264404296875 -0.042388916015625
-0.452056884765625 -0.198028564453125 0.404998779296875 0.162811279296875
-0.537078857421875 -0.159942626953125 -0.167434692382813 -0.238906860351562
-0.523040771484375 0.07354736328125 -0.19232177734375 -0.097320556640625
-0.378875732421875 0.28143310546875 -0.119148254394531 0.00942230224609379
-0.1011962890625 0.40704345703125 -0.0526237487792969 0.0108413696289063
0.13043212890625 0.35498046875 -0.0877914428710937 -0.00862121582031247
0.331634521484375 0.21087646484375 -0.0767135620117187 0.00440979003906252
0.365509033203125 0.07025146484375 -0.078338623046875 0.0296554565429688
0.340057373046875 0.072021484375 -0.106971740722656 0.0281295776367188
0.38262939453125 0.0980224609375 -0.141647338867187 -0.00312805175781249
0.325042724609375 0.220855712890625 -0.122001647949219 -0.0718994140625
0.144012451171875 0.366302490234375 -0.100692749023438 -0.163299560546875
-0.067138671875 0.401641845703125 0.0188446044921875 -0.202301025390625
-0.399200439453125 0.224029541015625 0.190704345703125 -0.179794311523437
-0.54443359375 0.0052490234374999 0.237838745117188 -0.0400543212890625
-0.501373291015625 -0.158538818359375 0.253372192382812 0.0772857666015625
-0.485748291015625 -0.0663146972656249 -0.295623779296875 -0.288665771484375
-0.426727294921875 0.124114990234375 -0.2672119140625 -0.096343994140625
-0.27935791015625 0.261795043945313 -0.123313903808594 0.00077056884765629
-0.060211181640625 0.328369140625 -0.0722122192382813 -0.0476150512695312
0.114517211914063 0.278411865234375 -0.14337158203125 -0.066375732421875
0.2667236328125 0.172225952148438 -0.183013916015625 -0.0249481201171875
0.290802001953125 0.067230224609375 -0.201126098632812 0.0360870361328125
0.274688720703125 0.066253662109375 -0.220535278320313 0.054779052734375
0.309661865234375 0.092437744140625 -0.2574462890625 0.01025390625
0.25323486328125 0.189300537109375 -0.233367919921875 -0.0958862304687499
0.105194091796875 0.299530029296875 -0.174758911132812 -0.197097778320313
-0.055908203125 0.32342529296875 -0.023345947265625 -0.2298583984375
-0.32586669921875 0.186248779296875 0.131484985351562 -0.175933837890625
-0.463623046875 0.02825927734375 0.109909057617187 -0.0246505737304688
-0.454620361328125 -0.10015869140625 0.0893783569335937 -0.00167846679687501
-0.37017822265625 0.036285400390625 -0.404388427734375 -0.315216064453125
-0.275970458984375 0.157699584960937 -0.324371337890625 -0.090301513671875
-0.137664794921875 0.20782470703125 -0.127593994140625 0.000656127929687534
-0.00308227539062502 0.200714111328125 -0.0884170532226563 -0.0815505981445312
0.085693359375 0.155776977539062 -0.175155639648438 -0.097625732421875
0.164306640625 0.100738525390625 -0.252273559570313 -0.0410308837890625
0.171676635742188 0.0524139404296875 -0.287384033203125 0.041107177734375
0.168441772460937 0.0496368408203125 -0.301116943359375 0.07147216796875
0.189926147460937 0.0754241943359375 -0.3359375 0.01641845703125
0.133872985839844 0.130607604980469 -0.308349609375 -0.116607666015625
0.034820556640625 0.182205200195313 -0.211517333984375 -0.21380615234375
-0.0481719970703125 0.180130004882813 -0.0432281494140625 -0.234710693359375
-0.196731567382813 0.0966339111328125 0.0836944580078125 -0.148605346679687
-0.288787841796875 0.0322875976562499 0.00510787963867186 -0.00472784042358398
-0.32086181640625 -0.028076171875 -0.0500030517578125 -0.063323974609375
-0.207962036132813 0.130096435546875 -0.485015869140625 -0.31488037109375
-0.104415893554688 0.165573120117188 -0.36749267578125 -0.074127197265625
0.010345458984375 0.138526916503906 -0.13739013671875 0.0166702270507813
0.0551795959472656 0.0601882934570313 -0.1015625 -0.081390380859375
0.0511550903320312 0.0192451477050781 -0.178298950195313 -0.096099853515625
0.0430221557617187 0.0156135559082031 -0.2772216796875 -0.0395050048828125
0.0291309356689453 0.0272159576416016 -0.324462890625 0.04486083984375
0.0377120971679688 0.0255317687988281 -0.336212158203125 0.0780639648437499
0.0431861877441406 0.0478401184082031 -0.36712646484375 0.013458251953125
-0.00340652465820313 0.0558280944824219 -0.334930419921875 -0.132843017578125
-0.0381126403808594 0.0428123474121094 -0.20721435546875 -0.217605590820313
-0.0317249298095703 0.0153045654296875 -0.0374298095703125 -0.222076416015625
-0.0378532409667969 -0.000736236572265628 0.0583419799804688 -0.111747741699219
-0.0706558227539063 0.0376968383789063 -0.0546760559082031 0.0135002136230469
-0.135795593261719 0.056671142578125 -0.14166259765625 -0.096649169921875
-0.0800323486328125 -0.153762817382813 0.20867919921875 0.0288543701171875
-0.183975219726563 -0.03826904296875 0.0649299621582031 -0.0405616760253906
-0.119110107421875 0.115814208984375 -0.0789718627929688 0.0736007690429688
0.0235595703125 0.150039672851563 0.01763916015625 0.218994140625
0.0911178588867188 0.0949783325195313 0.174301147460938 0.20648193359375
0.124931335449219 0.0059356689453125 0.334320068359375 0.087860107421875
0.126113891601563 -0.0393295288085938 0.374114990234375 -0.04827880859375
0.109550476074219 -0.01593017578125 0.32501220703125 -0.097869873046875
0.117088317871094 -0.0018463134765625 0.306884765625 -0.062164306640625
0.0929641723632813 0.0658493041992188 0.275283813476563 0.0352630615234375
0.0142669677734375 0.104301452636719 0.177261352539063 0.04876708984375
-0.077789306640625 0.0754928588867188 0.117500305175781 0.025360107421875
-0.119514465332031 -0.040679931640625 0.215179443359375 -0.0173492431640625
-0.0602874755859375 -0.14910888671875 0.424285888671875 0.00582885742187499
0.0378570556640625 -0.1607666015625 0.563232421875 0.33526611328125
-0.2841796875 -0.20758056640625 0.16937255859375 -0.0135345458984375
-0.36175537109375 -0.0186767578125 0.03759765625 -0.0528144836425781
-0.2579345703125 0.19207763671875 -0.085845947265625 0.05267333984375
-0.0272979736328125 0.279464721679688 3.05175781249796E-05 0.183822631835938
0.129837036132813 0.21820068359375 0.118392944335938 0.179046630859375
0.242630004882813 0.0831756591796875 0.266876220703125 0.0849151611328125
0.25927734375 -0.0154571533203125 0.31072998046875 -0.02862548828125
0.23388671875 0.0056915283203125 0.262054443359375 -0.076202392578125
0.257720947265625 0.02728271484375 0.238037109375 -0.0533447265625
0.21234130859375 0.135360717773437 0.219772338867187 0.014801025390625
0.073211669921875 0.224441528320312 0.134452819824219 0.00238037109375001
-0.0885772705078125 0.207870483398438 0.1087646484375 -0.0266265869140625
-0.241104125976562 0.04339599609375 0.235824584960937 -0.0706939697265625
-0.24908447265625 -0.122421264648437 0.44097900390625 -0.02545166015625
-0.162094116210938 -0.194427490234375 0.57769775390625 0.28924560546875
-0.447540283203125 -0.2257080078125 0.0814132690429687 -0.0789871215820313
-0.49285888671875 0.010528564453125 -0.0239791870117188 -0.0663108825683594
-0.3609619140625 0.25341796875 -0.0954971313476563 0.0398406982421875
-0.0714111328125 0.380126953125 -0.014434814453125 0.139289855957031
0.153350830078125 0.3153076171875 0.0564651489257812 0.131996154785156
0.327484130859375 0.148101806640625 0.17181396484375 0.06915283203125
0.35498046875 0.008819580078125 0.204742431640625 -0.005828857421875
0.3243408203125 0.02459716796875 0.158843994140625 -0.0422515869140625
0.362274169921875 0.04962158203125 0.129264831542969 -0.036102294921875
0.3077392578125 0.18426513671875 0.126617431640625 -0.0112152099609375
0.13055419921875 0.319183349609375 0.0678138732910156 -0.0540847778320312
-0.07989501953125 0.3272705078125 0.087554931640625 -0.0910110473632813
-0.342254638671875 0.140960693359375 0.243316650390625 -0.127197265625
-0.42193603515625 -0.0690917968750001 0.420867919921875 -0.052581787109375
-0.349090576171875 -0.2001953125 0.5311279296875 0.221405029296875
-0.545166015625 -0.199859619140625 -0.0432891845703125 -0.15130615234375
-0.55487060546875 0.0543823242187501 -0.10736083984375 -0.0743789672851562
-0.4052734375 0.300079345703125 -0.104965209960938 0.0311660766601563
-0.090789794921875 0.435394287109375 -0.0296859741210938 0.0830459594726563
0.163970947265625 0.366851806640625 -0.013763427734375 0.0698204040527344
0.367828369140625 0.190521240234375 0.0517807006835938 0.0447463989257813
0.39898681640625 0.03253173828125 0.0707550048828125 0.0180816650390625
0.367034912109375 0.0416259765625 0.032958984375 -0.00129318237304687
0.4134521484375 0.065216064453125 -0.00260257720947263 -0.0122385025024414
0.3592529296875 0.209197998046875 0.00651550292968752 -0.0366935729980469
0.169525146484375 0.374481201171875 -0.0202407836914063 -0.107795715332031
-0.062164306640625 0.409454345703125 0.0493927001953125 -0.153335571289062
-0.402587890625 0.225128173828125 0.222503662109375 -0.171676635742188
-0.541351318359375 -0.00933837890624997 0.3480224609375 -0.063812255859375
-0.48431396484375 -0.179718017578125 0.415924072265625 0.1427001953125
-0.5653076171875 -0.1361083984375 -0.185028076171875 -0.217636108398438
-0.533935546875 0.10552978515625 -0.197402954101563 -0.075347900390625
-0.376434326171875 0.3167724609375 -0.114601135253906 0.0234527587890625
-0.0821533203125 0.427398681640625 -0.0497474670410156 0.0191001892089844
0.158935546875 0.35809326171875 -0.0855636596679687 0.00279998779296876
0.354949951171875 0.196868896484375 -0.0734024047851562 0.0158462524414063
0.382568359375 0.046112060546875 -0.0709304809570312 0.0371551513671875
0.355377197265625 0.05029296875 -0.0984039306640625 0.0387344360351563
0.402496337890625 0.073455810546875 -0.138481140136719 0.0143890380859375
0.350677490234375 0.2080078125 -0.124946594238281 -0.0562896728515625
0.171722412109375 0.3717041015625 -0.115966796875 -0.151702880859375
-0.046356201171875 0.419097900390625 -0.0014801025390625 -0.201187133789062
-0.403900146484375 0.25567626953125 0.17327880859375 -0.192642211914063
-0.5657958984375 0.036376953125 0.23223876953125 -0.0531158447265625
-0.52935791015625 -0.140777587890625 0.251998901367187 0.0623016357421875
-0.5047607421875 -0.0474243164062499 -0.323699951171875 -0.265625
-0.4351806640625 0.1474609375 -0.277908325195313 -0.0705413818359375
-0.280181884765625 0.286712646484375 -0.121559143066406 0.0156402587890625
-0.04840087890625 0.346588134765625 -0.0733184814453125 -0.038665771484375
0.13555908203125 0.28411865234375 -0.1468505859375 -0.0529022216796875
0.288726806640625 0.165252685546875 -0.183853149414062 -0.00817871093750001
0.30859375 0.051513671875 -0.1968994140625 0.0517120361328125
0.28973388671875 0.0521240234375 -0.214508056640625 0.07159423828125
0.32940673828125 0.076446533203125 -0.256576538085938 0.0348815917968751
0.275253295898438 0.181900024414063 -0.242050170898438 -0.0737152099609375
0.12628173828125 0.307861328125 -0.192657470703125 -0.181427001953125
-0.042724609375 0.339263916015625 -0.0439910888671875 -0.22650146484375
-0.334136962890625 0.209503173828125 0.115005493164063 -0.182296752929688
-0.480194091796875 0.050628662109375 0.102287292480469 -0.0301589965820313
-0.47454833984375 -0.0877685546875 0.0790557861328125 -0.0111618041992188
-0.376190185546875 0.046478271484375 -0.439727783203125 -0.290496826171875
-0.27874755859375 0.1673583984375 -0.33990478515625 -0.0626220703125
-0.139862060546875 0.218765258789063 -0.127197265625 0.0159912109375
-0.00131225585937501 0.211318969726562 -0.0934677124023438 -0.0734100341796875
0.0955047607421875 0.162628173828125 -0.182571411132813 -0.0851593017578125
0.179244995117188 0.102218627929687 -0.258148193359375 -0.022705078125
0.186614990234375 0.04681396484375 -0.287353515625 0.061370849609375
0.180999755859375 0.044158935546875 -0.297088623046875 0.093017578125
0.206146240234375 0.0695648193359375 -0.3389892578125 0.04449462890625
0.151077270507813 0.133758544921875 -0.321197509765625 -0.091278076171875
0.0464630126953125 0.195571899414062 -0.230575561523438 -0.199234008789063
-0.045562744140625 0.192657470703125 -0.0631256103515625 -0.230987548828125
-0.207000732421875 0.108078002929687 0.06878662109375 -0.151962280273438
-0.30108642578125 0.0412292480468751 -0.00282096862792971 -0.00501441955566406
-0.330718994140625 -0.0233764648437499 -0.0677986145019531 -0.0699272155761719
-0.200164794921875 0.132614135742187 -0.5233154296875 -0.29046630859375
-0.100204467773438 0.162521362304688 -0.385772705078125 -0.046051025390625
0.00933074951171875 0.134162902832031 -0.136947631835938 0.0312118530273438
0.0482101440429688 0.0609130859375 -0.105987548828125 -0.0738677978515625
0.0485992431640625 0.0239448547363281 -0.185379028320313 -0.0867462158203125
0.04815673828125 0.0243644714355469 -0.283416748046875 -0.02398681640625
0.0394706726074219 0.0333023071289063 -0.328338623046875 0.066253662109375
0.0448379516601562 0.0291938781738281 -0.3350830078125 0.1014404296875
0.0540428161621094 0.052276611328125 -0.372344970703125 0.0415039062499999
0.0060882568359375 0.0676002502441406 -0.35150146484375 -0.10791015625
-0.0378265380859375 0.0583305358886719 -0.227432250976562 -0.204360961914063
-0.0397491455078125 0.0241050720214844 -0.055450439453125 -0.220993041992188
-0.0500907897949219 -0.00205612182617187 0.0476837158203125 -0.113876342773437
-0.0770645141601563 0.03106689453125 -0.0625 0.0143280029296875
-0.134620666503906 0.0512924194335938 -0.163040161132813 -0.10235595703125
-0.0869140625 -0.136054992675781 0.221694946289063 0.030609130859375
-0.175582885742188 -0.01763916015625 0.0715103149414062 -0.0389938354492187
-0.1011962890625 0.120216369628906 -0.0690689086914063 0.0757293701171875
0.0368881225585938 0.138290405273438 0.031280517578125 0.213882446289063
0.095855712890625 0.08087158203125 0.184860229492187 0.193359375
0.117691040039062 -0.00750732421875 0.336517333984375 0.066802978515625
0.115074157714844 -0.0516891479492188 0.36871337890625 -0.06964111328125
0.101493835449219 -0.0278396606445313 0.317108154296875 -0.11480712890625
0.10980224609375 -0.0170440673828125 0.302978515625 -0.078582763671875
0.094757080078125 0.05047607421875 0.278060913085938 0.0199432373046875
0.0256271362304687 0.0962142944335937 0.177597045898438 0.0409698486328125
-0.0655670166015625 0.0785293579101563 0.115470886230469 0.0210952758789063
-0.114952087402344 -0.0257644653320313 0.209548950195313 -0.0335235595703125
-0.0691986083984375 -0.133201599121094 0.421661376953125 -0.02008056640625
0.0214080810546875 -0.152206420898438 0.580322265625 0.3040771484375
-0.2947998046875 -0.181427001953125 0.179306030273438 -0.00663757324218751
-0.3524169921875 0.00988769531249992 0.0443458557128906 -0.0485076904296875
-0.236785888671875 0.2044677734375 -0.0759429931640625 0.0564117431640625
-0.00749206542968752 0.270797729492188 0.0126190185546875 0.182144165039063
0.140548706054688 0.202178955078125 0.130203247070313 0.171356201171875
0.240158081054687 0.063232421875 0.271697998046875 0.070556640625
0.2501220703125 -0.0363922119140625 0.30902099609375 -0.0457763671875
0.22802734375 -0.013153076171875 0.259292602539063 -0.0889129638671875
0.25335693359375 0.0046539306640625 0.237533569335938 -0.0639190673828125
0.219589233398438 0.114517211914063 0.223342895507813 0.00479125976562501
0.0908355712890625 0.215255737304688 0.132568359375 -0.000556945800781237
-0.0707855224609375 0.213455200195313 0.1019287109375 -0.02923583984375
-0.23663330078125 0.0645751953125 0.2257080078125 -0.0854644775390625
-0.260009765625 -0.098052978515625 0.43408203125 -0.050689697265625
-0.181396484375 -0.179458618164063 0.58734130859375 0.2598876953125
-0.45904541015625 -0.194732666015625 0.086395263671875 -0.0658111572265625
-0.48321533203125 0.0437011718749999 -0.0177955627441406 -0.0573463439941406
-0.340789794921875 0.2728271484375 -0.0867080688476563 0.0458908081054688
-0.048309326171875 0.377105712890625 -0.00273132324218749 0.139472961425781
0.170623779296875 0.298736572265625 0.067230224609375 0.130828857421875
0.33087158203125 0.1259765625 0.177993774414063 0.0619354248046875
0.349639892578125 -0.016326904296875 0.2080078125 -0.0174102783203125
0.3212890625 0.001739501953125 0.161834716796875 -0.0501556396484375
0.361358642578125 0.021636962890625 0.132156372070313 -0.0387344360351563
0.318695068359375 0.160491943359375 0.130622863769531 -0.0135955810546875
0.153289794921875 0.309722900390625 0.0624656677246094 -0.0509757995605468
-0.058837890625 0.333526611328125 0.0772933959960937 -0.0903778076171875
-0.3355712890625 0.166412353515625 0.2276611328125 -0.139678955078125
-0.431427001953125 -0.0382385253906251 0.408447265625 -0.073486328125
-0.368011474609375 -0.179168701171875 0.533721923828125 0.194183349609375
-0.556640625 -0.16937255859375 -0.0439300537109375 -0.131317138671875
-0.54718017578125 0.087738037109375 -0.10260009765625 -0.0600967407226563
-0.38604736328125 0.323455810546875 -0.096710205078125 0.0394439697265625
-0.067596435546875 0.43719482421875 -0.021881103515625 0.0854034423828125
0.185333251953125 0.35333251953125 -0.00462341308593748 0.07427978515625
0.376495361328125 0.1668701171875 0.0594329833984375 0.0462303161621094
0.39849853515625 0.004608154296875 0.07769775390625 0.0138931274414062
0.36614990234375 0.017303466796875 0.0397720336914063 -0.00186920166015625
0.416259765625 0.03631591796875 0.00392627716064456 -0.00528430938720703
0.3720703125 0.18487548828125 0.0102005004882813 -0.030181884765625
0.193572998046875 0.364349365234375 -0.0277557373046875 -0.0987777709960937
-0.03912353515625 0.415283203125 0.0348663330078125 -0.148422241210937
-0.394317626953125 0.250946044921875 0.203750610351562 -0.181121826171875
-0.54644775390625 0.025115966796875 0.336517333984375 -0.07952880859375
-0.49847412109375 -0.15728759765625 0.413299560546875 0.12353515625
-0.5745849609375 -0.109375 -0.192657470703125 -0.191268920898438
-0.528839111328125 0.13360595703125 -0.193374633789063 -0.054840087890625
-0.362945556640625 0.33892822265625 -0.106086730957031 0.0336685180664063
-0.06103515625 0.43402099609375 -0.0442657470703125 0.024658203125
0.179718017578125 0.348175048828125 -0.0798568725585937 0.01324462890625
0.3668212890625 0.176513671875 -0.0668296813964844 0.0258369445800781
0.385986328125 0.02252197265625 -0.0616989135742187 0.0413665771484375
0.3577880859375 0.02874755859375 -0.08770751953125 0.0452194213867187
0.40753173828125 0.0477294921875 -0.129463195800781 0.029296875
0.3646240234375 0.187469482421875 -0.121490478515625 -0.0414657592773437
0.194488525390625 0.36480712890625 -0.124557495117188 -0.136466979980469
-0.02496337890625 0.42388916015625 -0.017822265625 -0.192352294921875
-0.395233154296875 0.27886962890625 0.154037475585937 -0.195785522460937
-0.5687255859375 0.0667724609375 0.2193603515625 -0.0623321533203125
-0.54046630859375 -0.118621826171875 0.2445068359375 0.0496368408203125
-0.50933837890625 -0.0289611816406251 -0.336029052734375 -0.2344970703125
-0.430633544921875 0.1636962890625 -0.276824951171875 -0.046142578125
-0.2725830078125 0.30377197265625 -0.114898681640625 0.0268325805664063
-0.03582763671875 0.354095458984375 -0.0710296630859375 -0.0310211181640625
0.150985717773437 0.2799072265625 -0.145278930664062 -0.0399627685546875
0.301116943359375 0.152008056640625 -0.178604125976562 0.00688171386718753
0.314788818359375 0.0350341796875 -0.187759399414062 0.0630645751953125
0.294891357421875 0.036590576171875 -0.20257568359375 0.0843048095703125
0.337493896484375 0.05731201171875 -0.246261596679688 0.05560302734375
0.28900146484375 0.16900634765625 -0.2393798828125 -0.0522308349609375
0.143829345703125 0.307098388671875 -0.202011108398438 -0.162841796875
-0.028076171875 0.345794677734375 -0.0608062744140625 -0.2154541015625
-0.33013916015625 0.226287841796875 0.097503662109375 -0.181976318359375
-0.482452392578125 0.0725097656250001 0.0928192138671875 -0.032745361328125
-0.480438232421875 -0.0726318359374999 0.0662422180175781 -0.0176620483398438
-0.372283935546875 0.05438232421875 -0.455963134765625 -0.25946044921875
-0.274398803710937 0.171798706054688 -0.34222412109375 -0.03509521484375
-0.139175415039062 0.225372314453125 -0.122322082519531 0.0269927978515625
0.00131225585937501 0.21734619140625 -0.0933685302734375 -0.0647659301757812
0.10333251953125 0.162796020507812 -0.18328857421875 -0.071502685546875
0.189544677734375 0.099578857421875 -0.254486083984375 -0.00469970703124995
0.195816040039063 0.0392608642578125 -0.279998779296875 0.0771331787109375
0.186859130859375 0.036468505859375 -0.28582763671875 0.11029052734375
0.21539306640625 0.0599365234375 -0.3287353515625 0.067962646484375
0.16351318359375 0.13092041015625 -0.32080078125 -0.065277099609375
0.0582427978515625 0.20166015625 -0.240264892578125 -0.178436279296875
-0.0404815673828125 0.200485229492188 -0.07781982421875 -0.220245361328125
-0.21063232421875 0.116592407226563 0.05517578125 -0.149093627929688
-0.304656982421875 0.049224853515625 -0.00943946838378908 -0.00333023071289062
-0.332244873046875 -0.018310546875 -0.083770751953125 -0.0709762573242188
-0.189437866210938 0.129837036132813 -0.540618896484375 -0.259521484375
-0.0956573486328125 0.15570068359375 -0.38873291015625 -0.019195556640625
0.00682830810546875 0.128196716308594 -0.131446838378906 0.0424575805664062
0.0416717529296875 0.0628547668457031 -0.107139587402344 -0.065948486328125
0.0463676452636719 0.028472900390625 -0.187057495117188 -0.075775146484375
0.0543212890625 0.03045654296875 -0.282958984375 -0.00793457031249998
0.0487785339355469 0.0365371704101563 -0.322021484375 0.0831298828125001
0.0520439147949219 0.03173828125 -0.324859619140625 0.119781494140625
0.0634613037109375 0.0532722473144531 -0.365478515625 0.0656738281250001
0.0165863037109375 0.0741729736328125 -0.354736328125 -0.080535888671875
-0.0342941284179688 0.0708389282226562 -0.237808227539062 -0.186004638671875
-0.0442237854003906 0.0335311889648438 -0.070220947265625 -0.213302612304688
-0.0614509582519531 -0.00128555297851564 0.0371322631835937 -0.111534118652344
-0.0826339721679687 0.0264434814453125 -0.0673561096191406 0.0161476135253906
-0.132041931152344 0.045074462890625 -0.18035888671875 -0.1031494140625
-0.0870742797851562 -0.120750427246094 0.231689453125 0.0352020263671875
-0.164215087890625 -0.00381469726562502 0.0781173706054687 -0.0367202758789062
-0.087615966796875 0.118568420410156 -0.0609130859375 0.0739669799804688
0.0436935424804688 0.125709533691406 0.03802490234375 0.207626342773438
0.0950851440429687 0.0693817138671875 0.187210083007813 0.183151245117188
0.109718322753906 -0.0147933959960938 0.33135986328125 0.055267333984375
0.104507446289062 -0.0579071044921875 0.359771728515625 -0.07940673828125
0.0929489135742188 -0.0354385375976563 0.30889892578125 -0.1209716796875
0.101242065429688 -0.0263519287109375 0.296478271484375 -0.085235595703125
0.0928726196289063 0.0393142700195313 0.274978637695313 0.0107879638671875
0.0313873291015625 0.0865325927734375 0.175308227539063 0.0369720458984375
-0.0560684204101563 0.0779037475585937 0.1119384765625 0.0189895629882813
-0.1068115234375 -0.015899658203125 0.202590942382813 -0.04266357421875
-0.071868896484375 -0.119270324707031 0.413421630859375 -0.033203125
0.0105743408203125 -0.140945434570313 0.58062744140625 0.2864990234375
-0.2933349609375 -0.162872314453125 0.188751220703125 0.00251770019531249
-0.338470458984375 0.025482177734375 0.0508270263671875 -0.0446891784667969
-0.220611572265625 0.205917358398438 -0.0684547424316406 0.0560531616210937
0.00164794921874999 0.260223388671875 0.0196990966796875 0.176773071289063
0.142379760742188 0.18756103515625 0.134567260742188 0.16448974609375
0.232742309570313 0.05145263671875 0.271194458007813 0.0624847412109375
0.239471435546875 -0.0466766357421875 0.30474853515625 -0.054901123046875
0.219436645507812 -0.0238037109375 0.25482177734375 -0.0941314697265625
0.245361328125 -0.0094146728515625 0.235275268554688 -0.067138671875
0.219558715820312 0.0992889404296875 0.223403930664063 -0.000732421874999994
0.100265502929688 0.205581665039063 0.129676818847656 -0.000404357910156237
-0.0590972900390625 0.213165283203125 0.096771240234375 -0.0272293090820312
-0.229354858398438 0.076904296875 0.21466064453125 -0.0921783447265625
-0.26263427734375 -0.0799713134765625 0.423065185546875 -0.060089111328125
-0.191452026367188 -0.166351318359375 0.5858154296875 0.24420166015625
-0.456939697265625 -0.175140380859375 0.0932540893554687 -0.0527572631835938
-0.469482421875 0.059600830078125 -0.0100784301757813 -0.0504570007324219
-0.323638916015625 0.27862548828125 -0.07733154296875 0.0472869873046875
-0.036407470703125 0.368316650390625 0.00342559814453125 0.137893676757813
0.175689697265625 0.284332275390625 0.0731124877929688 0.1278076171875
0.32537841796875 0.1114501953125 0.180419921875 0.05841064453125
0.339874267578125 -0.03033447265625 0.207748413085938 -0.023712158203125
0.313201904296875 -0.011444091796875 0.161880493164063 -0.0523681640625
0.35400390625 0.005401611328125 0.134841918945313 -0.037750244140625
0.3201904296875 0.143341064453125 0.133056640625 -0.0146408081054687
0.1641845703125 0.298858642578125 0.0591812133789063 -0.0467033386230468
-0.045928955078125 0.332244873046875 0.0693893432617188 -0.0850753784179687
-0.3280029296875 0.17913818359375 0.213760375976562 -0.143020629882812
-0.431640625 -0.0204467773437501 0.396331787109375 -0.081695556640625
-0.375335693359375 -0.16522216796875 0.527008056640625 0.1806640625
-0.5557861328125 -0.151702880859375 -0.038818359375 -0.113655090332031
-0.534454345703125 0.103546142578125 -0.0940399169921875 -0.0497894287109375
-0.37164306640625 0.331298828125 -0.087677001953125 0.0422439575195313
-0.05511474609375 0.433074951171875 -0.0146713256835938 0.0860366821289063
0.191650390625 0.340301513671875 0.00189208984375001 0.0754547119140625
0.37457275390625 0.15374755859375 0.0651130676269532 0.0466804504394531
0.3912353515625 -0.009674072265625 0.081939697265625 0.011016845703125
0.360595703125 0.004364013671875 0.0450477600097656 -0.002899169921875
0.410491943359375 0.01934814453125 0.0102729797363281 -0.000656127929687499
0.37408447265625 0.1689453125 0.01434326171875 -0.0260467529296875
0.2047119140625 0.35498046875 -0.0307998657226562 -0.0897369384765625
-0.02740478515625 0.413238525390625 0.0254135131835937 -0.140396118164062
-0.386749267578125 0.26226806640625 0.188613891601562 -0.180023193359375
-0.545440673828125 0.041900634765625 0.321533203125 -0.084808349609375
-0.501617431640625 -0.144012451171875 0.403411865234375 0.112548828125
-0.57135009765625 -0.09735107421875 -0.18902587890625 -0.170608520507812
-0.518310546875 0.1441650390625 -0.186904907226563 -0.0415496826171875
-0.353240966796875 0.347869873046875 -0.0978851318359375 0.0378570556640625
-0.05047607421875 0.434417724609375 -0.0391006469726563 0.0281295776367188
0.188568115234375 0.339996337890625 -0.0733413696289062 0.017822265625
0.369842529296875 0.16497802734375 -0.0591812133789062 0.0304832458496094
0.3837890625 0.009124755859375 -0.0543670654296875 0.0422248840332031
0.35491943359375 0.017852783203125 -0.07843017578125 0.04730224609375
0.405548095703125 0.033416748046875 -0.118629455566406 0.0367355346679687
0.3680419921875 0.17364501953125 -0.115341186523437 -0.0323410034179688
0.205535888671875 0.35833740234375 -0.126663208007813 -0.124237060546875
-0.015106201171875 0.421844482421875 -0.0263671875 -0.181503295898437
-0.38916015625 0.287261962890625 0.139846801757813 -0.1910400390625
-0.5662841796875 0.0806274414062499 0.207626342773438 -0.0637969970703125
-0.539276123046875 -0.11041259765625 0.232818603515625 0.0442047119140625
-0.505279541015625 -0.0250854492187499 -0.33551025390625 -0.212738037109375
-0.425567626953125 0.168212890625 -0.271392822265625 -0.0301666259765624
-0.268768310546875 0.309906005859375 -0.107833862304688 0.0328826904296875
-0.03009033203125 0.357177734375 -0.0677337646484375 -0.0259513854980469
0.15771484375 0.276107788085938 -0.138839721679688 -0.03167724609375
0.30682373046875 0.1451416015625 -0.170166015625 0.01531982421875
0.316864013671875 0.025238037109375 -0.178634643554687 0.0670928955078125
0.29412841796875 0.02825927734375 -0.190383911132812 0.0882415771484375
0.33807373046875 0.045989990234375 -0.23358154296875 0.06610107421875
0.2945556640625 0.161041259765625 -0.232040405273437 -0.03900146484375
0.15203857421875 0.304779052734375 -0.202239990234375 -0.148269653320312
-0.02227783203125 0.34466552734375 -0.068023681640625 -0.203842163085937
-0.326995849609375 0.232574462890625 0.0863800048828125 -0.175262451171875
-0.479888916015625 0.08013916015625 0.0839767456054687 -0.0313568115234375
-0.4774169921875 -0.06964111328125 0.0544242858886719 -0.0196609497070313
-0.367919921875 0.0514831542968749 -0.457916259765625 -0.237640380859375
-0.272308349609375 0.167266845703125 -0.33795166015625 -0.0193786621093749
-0.140533447265625 0.226181030273437 -0.116409301757813 0.03326416015625
0.000320434570312488 0.22235107421875 -0.090789794921875 -0.0588607788085937
0.10540771484375 0.16461181640625 -0.17816162109375 -0.063385009765625
0.196273803710937 0.0977630615234375 -0.247222900390625 0.00515747070312505
0.201095581054688 0.03515625 -0.270309448242188 0.08380126953125
0.189605712890625 0.03326416015625 -0.272994995117188 0.115982055664062
0.219818115234375 0.0541839599609375 -0.316070556640625 0.080322265625
0.171539306640625 0.129058837890625 -0.313751220703125 -0.049346923828125
0.0645294189453125 0.2049560546875 -0.24066162109375 -0.16326904296875
-0.0394439697265625 0.2041015625 -0.084503173828125 -0.209381103515625
-0.213424682617188 0.12127685546875 0.0479583740234375 -0.143035888671875
-0.30621337890625 0.051055908203125 -0.015620231628418 -0.00170135498046875
-0.329803466796875 -0.021209716796875 -0.09619140625 -0.0717544555664063
-0.182464599609375 0.120208740234375 -0.543365478515625 -0.239166259765625
-0.0951690673828125 0.14520263671875 -0.3839111328125 -0.00430297851562505
0.000999450683593745 0.123886108398438 -0.126220703125 0.047515869140625
0.0344390869140625 0.0659255981445313 -0.103767395019531 -0.0607147216796875
0.04486083984375 0.0329818725585938 -0.183761596679688 -0.069305419921875
0.0593070983886719 0.0352287292480469 -0.276458740234375 0.000671386718750008
0.0563888549804687 0.0381355285644531 -0.314453125 0.090423583984375
0.0572090148925781 0.0330276489257813 -0.313934326171875 0.12567138671875
0.0707244873046875 0.0533599853515625 -0.354949951171875 0.078582763671875
0.025115966796875 0.07891845703125 -0.3489990234375 -0.0639648437499999
-0.029205322265625 0.0796737670898438 -0.239059448242188 -0.1717529296875
-0.0470619201660156 0.0403823852539062 -0.0755462646484375 -0.203521728515625
-0.0695571899414063 0.000507354736328129 0.0311508178710937 -0.107261657714844
-0.0885772705078125 0.0212860107421875 -0.0712356567382813 0.0169219970703125
-0.129920959472656 0.0356292724609375 -0.1920166015625 -0.103805541992188
-0.0843505859375 -0.111129760742188 0.244857788085937 0.0434417724609375
-0.154815673828125 0.0028228759765625 0.0859375 -0.035003662109375
-0.0790023803710938 0.115646362304687 -0.05657958984375 0.0717086791992188
0.0465164184570313 0.116920471191406 0.0406646728515625 0.203781127929688
0.0936126708984375 0.0626220703125 0.187271118164063 0.179244995117188
0.103240966796875 -0.0188827514648438 0.329925537109375 0.050994873046875
0.0966796875 -0.0611953735351563 0.35833740234375 -0.08270263671875
0.0864715576171875 -0.0394973754882813 0.30755615234375 -0.121246337890625
0.0949478149414063 -0.0323104858398438 0.29595947265625 -0.08648681640625
0.0906753540039062 0.03131103515625 0.275726318359375 0.007843017578125
0.0345382690429688 0.0804824829101563 0.175323486328125 0.0380401611328125
-0.0501174926757813 0.0763320922851562 0.110702514648438 0.0208511352539063
-0.100700378417969 -0.0110244750976563 0.199005126953125 -0.0465850830078125
-0.0717239379882813 -0.109939575195312 0.4119873046875 -0.03521728515625
0.00516510009765624 -0.131050109863281 0.58209228515625 0.286865234375
-0.2923583984375 -0.154541015625 0.199630737304687 0.0129241943359375
-0.329559326171875 0.031585693359375 0.058319091796875 -0.0409660339355469
-0.213973999023438 0.205276489257813 -0.0635757446289063 0.0550155639648438
0.00372314453124998 0.253082275390625 0.0229644775390625 0.17535400390625
0.141281127929688 0.181793212890625 0.136459350585937 0.162994384765625
0.227951049804688 0.0477142333984375 0.272506713867188 0.0606231689453125
0.232742309570313 -0.051513671875 0.305938720703125 -0.057586669921875
0.2144775390625 -0.0292510986328125 0.255722045898438 -0.0939483642578125
0.240753173828125 -0.0170440673828125 0.237594604492188 -0.0666046142578125
0.219375610351563 0.091766357421875 0.2255859375 -0.00195312499999999
0.105209350585937 0.2010498046875 0.128959655761719 0.00229644775390626
-0.05364990234375 0.213821411132813 0.094146728515625 -0.0239791870117187
-0.226760864257813 0.0840606689453125 0.209945678710938 -0.093719482421875
-0.26666259765625 -0.0711212158203124 0.4195556640625 -0.06109619140625
-0.19921875 -0.159286499023437 0.5870361328125 0.24609375
-0.457061767578125 -0.16973876953125 0.103904724121094 -0.0399169921875
-0.462646484375 0.064422607421875 -0.00347900390625003 -0.045379638671875
-0.318328857421875 0.279693603515625 -0.072265625 0.0468826293945313
-0.0343017578125 0.36492919921875 0.0075225830078125 0.137046813964844
0.175765991210937 0.279266357421875 0.0774765014648438 0.127754211425781
0.323089599609375 0.106964111328125 0.184097290039063 0.058349609375
0.335723876953125 -0.035858154296875 0.211090087890625 -0.025726318359375
0.31011962890625 -0.015472412109375 0.164779663085938 -0.052490234375
0.35198974609375 -0.001861572265625 0.139976501464844 -0.0356903076171875
0.321929931640625 0.136474609375 0.136505126953125 -0.014556884765625
0.170013427734375 0.2962646484375 0.0589370727539063 -0.0419921875
-0.0421142578125 0.3348388671875 0.0661239624023438 -0.0792770385742187
-0.32861328125 0.18682861328125 0.206985473632812 -0.142303466796875
-0.437286376953125 -0.011016845703125 0.390625 -0.081329345703125
-0.3826904296875 -0.1622314453125 0.524658203125 0.1837158203125
-0.556854248046875 -0.148956298828125 -0.0312118530273438 -0.100982666015625
-0.5311279296875 0.1048583984375 -0.0877456665039063 -0.04339599609375
-0.369781494140625 0.33575439453125 -0.0824737548828125 0.0431442260742188
-0.053192138671875 0.434295654296875 -0.00975799560546876 0.086700439453125
0.193634033203125 0.33734130859375 0.00698852539062501 0.07769775390625
0.37640380859375 0.150054931640625 0.0706939697265625 0.04852294921875
0.38916015625 -0.014801025390625 0.0869216918945313 0.00991058349609375
0.35986328125 -6.103515625E-05 0.049835205078125 -0.0021209716796875
0.4107666015625 0.0126953125 0.0170755386352539 0.00272846221923828
0.378143310546875 0.16339111328125 0.0190238952636719 -0.0232124328613281
0.2119140625 0.354888916015625 -0.0311965942382812 -0.083709716796875
-0.02392578125 0.416229248046875 0.021942138671875 -0.133476257324219
-0.390472412109375 0.268218994140625 0.180816650390625 -0.176605224609375
-0.55072021484375 0.0492553710937501 0.315277099609375 -0.081298828125
-0.507965087890625 -0.143798828125 0.397979736328125 0.113800048828125
-0.57568359375 -0.09832763671875 -0.18487548828125 -0.158523559570313
-0.520721435546875 0.146026611328125 -0.181167602539063 -0.03472900390625
-0.353668212890625 0.353363037109375 -0.0936508178710938 0.0402908325195313
-0.050048828125 0.43792724609375 -0.0350551605224609 0.0295810699462891
0.190338134765625 0.33929443359375 -0.0681648254394531 0.0207176208496094
0.374237060546875 0.1629638671875 -0.0527496337890625 0.0337791442871094
0.38433837890625 0.004608154296875 -0.0488700866699218 0.0424461364746094
0.3558349609375 0.0146484375 -0.07269287109375 0.0472335815429687
0.4075927734375 0.0272216796875 -0.111053466796875 0.0417404174804688
0.37347412109375 0.17041015625 -0.110183715820312 -0.0282363891601562
0.2103271484375 0.3602294921875 -0.126838684082031 -0.117263793945312
-0.0147705078125 0.42633056640625 -0.029632568359375 -0.174118041992187
-0.39404296875 0.292236328125 0.133224487304687 -0.186767578125
-0.5726318359375 0.0852661132812499 0.2015380859375 -0.060150146484375
-0.544921875 -0.11395263671875 0.225326538085937 0.044891357421875
-0.509429931640625 -0.0311584472656249 -0.335113525390625 -0.203399658203125
-0.43023681640625 0.16650390625 -0.268844604492188 -0.0230255126953125
-0.274169921875 0.315338134765625 -0.104057312011719 0.0357437133789063
-0.031829833984375 0.3656005859375 -0.0647773742675781 -0.023529052734375
0.159530639648438 0.279067993164063 -0.134895324707031 -0.0286865234375
0.312469482421875 0.14532470703125 -0.164627075195312 0.01934814453125
0.320892333984375 0.02252197265625 -0.173980712890625 0.068267822265625
0.297698974609375 0.027313232421875 -0.184371948242188 0.0890350341796875
0.34246826171875 0.043182373046875 -0.226394653320312 0.069976806640625
0.3006591796875 0.160186767578125 -0.226058959960938 -0.0334320068359375
0.157684326171875 0.309295654296875 -0.202392578125 -0.141357421875
-0.023193359375 0.349212646484375 -0.0713653564453125 -0.197097778320312
-0.335357666015625 0.23626708984375 0.080535888671875 -0.169937133789062
-0.486785888671875 0.08074951171875 0.0785751342773437 -0.028594970703125
-0.48193359375 -0.076690673828125 0.0444221496582031 -0.0199356079101563
-0.370361328125 0.0423278808593751 -0.460357666015625 -0.23065185546875
-0.278594970703125 0.161819458007813 -0.33782958984375 -0.0121459960937499
-0.148956298828125 0.228546142578125 -0.11395263671875 0.03607177734375
-0.00424194335937499 0.22998046875 -0.0890274047851562 -0.0570144653320313
0.10589599609375 0.169891357421875 -0.17559814453125 -0.06011962890625
0.202774047851563 0.100143432617188 -0.243179321289062 0.00810241699218752
0.207534790039063 0.0347900390625 -0.268020629882813 0.0859527587890625
0.194122314453125 0.035064697265625 -0.268386840820313 0.11602783203125
0.225234985351563 0.052947998046875 -0.3094482421875 0.084869384765625
0.178298950195312 0.1304931640625 -0.30938720703125 -0.0430908203124999
0.0686492919921875 0.211578369140625 -0.240814208984375 -0.157485961914062
-0.041778564453125 0.209609985351563 -0.0871124267578125 -0.204055786132813
-0.222412109375 0.122848510742188 0.0433120727539062 -0.137687683105469
-0.3133544921875 0.04913330078125 -0.0202083587646485 -0.000167846679687499
-0.3321533203125 -0.031494140625 -0.107070922851563 -0.0745620727539063
-0.182601928710938 0.110076904296875 -0.546600341796875 -0.236236572265625
-0.100440979003906 0.136703491210937 -0.385345458984375 0.000915527343750085
-0.00663757324218751 0.121932983398438 -0.12359619140625 0.0499191284179688
0.0281143188476563 0.0723800659179688 -0.1026611328125 -0.0592575073242188
0.0428657531738281 0.0390853881835937 -0.18212890625 -0.068115234375
0.06524658203125 0.0399246215820313 -0.274566650390625 0.00294494628906247
0.0632286071777344 0.0399703979492188 -0.31427001953125 0.09222412109375
0.0622100830078125 0.0358924865722656 -0.309967041015625 0.1265869140625
0.0761795043945313 0.0546646118164063 -0.350341796875 0.08209228515625
0.0327072143554688 0.0827713012695313 -0.346282958984375 -0.056976318359375
-0.0266342163085938 0.08782958984375 -0.240020751953125 -0.16705322265625
-0.049835205078125 0.0462493896484375 -0.0790557861328125 -0.199874877929688
-0.078277587890625 0.00131988525390626 0.0288543701171875 -0.103431701660156
-0.094818115234375 0.016265869140625 -0.0767288208007813 0.016357421875
-0.132034301757813 0.0250473022460938 -0.204315185546875 -0.108749389648438
-0.08258056640625 -0.105934143066406 0.263397216796875 0.052215576171875
-0.149856567382813 0.00833129882812501 0.0952529907226563 -0.0335693359375
-0.074066162109375 0.115791320800781 -0.0543365478515625 0.0704574584960938
0.0486526489257813 0.111663818359375 0.0438232421875 0.206024169921875
0.0942840576171875 0.0592803955078125 0.1917724609375 0.182342529296875
0.101249694824219 -0.022064208984375 0.33624267578125 0.05023193359375
0.0926055908203125 -0.0643997192382813 0.3668212890625 -0.086029052734375
0.0824508666992188 -0.0439376831054688 0.31512451171875 -0.12396240234375
0.0912017822265625 -0.0372314453125 0.302886962890625 -0.087615966796875
0.0909271240234375 0.0261001586914063 0.28289794921875 0.007110595703125
0.0375900268554688 0.0765228271484375 0.179351806640625 0.03973388671875
-0.0467300415039062 0.0760040283203125 0.11346435546875 0.0227127075195313
-0.0969314575195313 -0.00795745849609374 0.201370239257813 -0.0508270263671875
-0.0726242065429688 -0.104721069335938 0.420867919921875 -0.037322998046875
0.000862121582031245 -0.124626159667969 0.5994873046875 0.29644775390625
-0.296295166015625 -0.153594970703125 0.21746826171875 0.0245819091796875
-0.33001708984375 0.0362548828125 0.067596435546875 -0.0379104614257812
-0.213180541992187 0.207534790039063 -0.06048583984375 0.0541572570800781
0.00537109375000003 0.253555297851563 0.0258331298828125 0.1778564453125
0.143692016601562 0.182144165039063 0.141494750976563 0.165237426757812
0.230316162109375 0.0460205078125 0.279525756835938 0.0597686767578125
0.232803344726563 -0.0546417236328125 0.315399169921875 -0.06048583984375
0.214996337890625 -0.0331573486328125 0.264312744140625 -0.0957794189453125
0.243209838867188 -0.0225067138671875 0.2470703125 -0.0662689208984375
0.224533081054687 0.087615966796875 0.233184814453125 -0.0024871826171875
0.1116943359375 0.201904296875 0.132499694824219 0.00479888916015626
-0.051300048828125 0.220901489257812 0.0950775146484375 -0.02044677734375
-0.230438232421875 0.0916595458984376 0.211669921875 -0.0954742431640625
-0.275711059570312 -0.0650482177734375 0.427825927734375 -0.061126708984375
-0.21014404296875 -0.157180786132813 0.6011962890625 0.25640869140625
-0.469696044921875 -0.172576904296875 0.117218017578125 -0.0286941528320313
-0.4686279296875 0.0687255859375001 0.00410079956054684 -0.0413360595703125
-0.3231201171875 0.286956787109375 -0.0701446533203125 0.0468978881835938
-0.03466796875 0.37237548828125 0.011322021484375 0.139228820800781
0.178131103515625 0.2833251953125 0.081390380859375 0.131599426269531
0.329925537109375 0.10791015625 0.191131591796875 0.0600433349609375
0.340728759765625 -0.03955078125 0.219680786132813 -0.027191162109375
0.3160400390625 -0.0196533203125 0.173233032226563 -0.053192138671875
0.358917236328125 -0.007568359375 0.147933959960938 -0.033843994140625
0.33203125 0.135589599609375 0.1434326171875 -0.014312744140625
0.179046630859375 0.302825927734375 0.0599861145019531 -0.0387420654296875
-0.041168212890625 0.346893310546875 0.0653533935546875 -0.0760269165039062
-0.338714599609375 0.197509765625 0.207015991210937 -0.144180297851563
-0.45306396484375 -0.00515747070312509 0.397003173828125 -0.079254150390625
-0.398162841796875 -0.164398193359375 0.535308837890625 0.19293212890625
-0.57220458984375 -0.15496826171875 -0.0229263305664063 -0.0920867919921875
-0.542877197265625 0.108795166015625 -0.0839004516601563 -0.0391159057617188
-0.37890625 0.3466796875 -0.0802001953125 0.0441436767578125
-0.054473876953125 0.446807861328125 -0.00714111328125001 0.0891952514648438
0.19818115234375 0.34576416015625 0.0105133056640625 0.0807266235351563
0.385528564453125 0.151824951171875 0.0766983032226563 0.0504074096679688
0.398406982421875 -0.017547607421875 0.0936126708984375 0.00920867919921875
0.369110107421875 -0.00238037109375 0.0571517944335938 -0.00221633911132813
0.4208984375 0.008941650390625 0.0246753692626953 0.00578498840332031
0.3905029296875 0.163116455078125 0.0242576599121094 -0.0225582122802734
0.222076416015625 0.36419677734375 -0.032501220703125 -0.081451416015625
-0.02496337890625 0.43060302734375 0.0207977294921875 -0.130958557128906
-0.40509033203125 0.281402587890625 0.1806640625 -0.177276611328125
-0.5712890625 0.05548095703125 0.317840576171875 -0.07916259765625
-0.52581787109375 -0.15155029296875 0.403076171875 0.120147705078125
-0.5931396484375 -0.10479736328125 -0.1837158203125 -0.151214599609375
-0.536712646484375 0.14599609375 -0.181503295898438 -0.02996826171875
-0.36468505859375 0.3651123046875 -0.0928573608398438 0.0422439575195313
-0.05181884765625 0.454315185546875 -0.0323772430419922 0.0313129425048828
0.196624755859375 0.3504638671875 -0.0650901794433594 0.0232810974121094
0.387054443359375 0.16571044921875 -0.0486106872558594 0.0364303588867187
0.39727783203125 0.001556396484375 -0.0452766418457031 0.0434303283691406
0.367401123046875 0.013397216796875 -0.0691642761230468 0.0492019653320312
0.42071533203125 0.02484130859375 -0.107109069824219 0.045074462890625
0.386993408203125 0.171905517578125 -0.107963562011719 -0.026397705078125
0.220245361328125 0.372344970703125 -0.129585266113281 -0.113906860351563
-0.0155029296875 0.44140625 -0.0328216552734375 -0.172622680664062
-0.4102783203125 0.305145263671875 0.131103515625 -0.185806274414062
-0.5941162109375 0.0906982421874999 0.200592041015625 -0.0573883056640625
-0.56378173828125 -0.1236572265625 0.223464965820312 0.0488128662109375
-0.52642822265625 -0.0404357910156251 -0.34124755859375 -0.200653076171875
-0.4471435546875 0.16522216796875 -0.273361206054687 -0.0169830322265625
-0.286651611328125 0.32794189453125 -0.104049682617188 0.0387115478515625
-0.03448486328125 0.383056640625 -0.0632743835449219 -0.022369384765625
0.16546630859375 0.291290283203125 -0.134017944335938 -0.027191162109375
0.32623291015625 0.1490478515625 -0.163894653320312 0.022186279296875
0.33294677734375 0.02142333984375 -0.174942016601562 0.0708465576171875
0.3092041015625 0.02801513671875 -0.18377685546875 0.091064453125
0.35565185546875 0.041778564453125 -0.225204467773438 0.075927734375
0.31396484375 0.162994384765625 -0.226959228515625 -0.031829833984375
0.165191650390625 0.321533203125 -0.206832885742188 -0.139785766601562
-0.026336669921875 0.363739013671875 -0.0747833251953125 -0.195510864257812
-0.350494384765625 0.245025634765625 0.07940673828125 -0.16851806640625
-0.506195068359375 0.0835876464843751 0.0754928588867187 -0.0253982543945312
-0.4976806640625 -0.0877685546875 0.0364761352539062 -0.0201606750488281
-0.38372802734375 0.0342407226562501 -0.472930908203125 -0.231536865234375
-0.29339599609375 0.159271240234375 -0.34710693359375 -0.00723266601562501
-0.1602783203125 0.236434936523437 -0.115409851074219 0.039520263671875
-0.00842285156250002 0.244979858398438 -0.0893020629882813 -0.0567550659179688
0.109085083007813 0.180007934570313 -0.177139282226562 -0.060272216796875
0.214324951171875 0.104415893554688 -0.24566650390625 0.00947570800781251
0.219619750976563 0.0347442626953125 -0.27294921875 0.0890502929687501
0.203643798828125 0.036468505859375 -0.271530151367188 0.1182861328125
0.235885620117188 0.05438232421875 -0.312225341796875 0.0888671875
0.189300537109375 0.134658813476562 -0.312530517578125 -0.040008544921875
0.0735321044921875 0.222854614257813 -0.246170043945313 -0.1566162109375
-0.0464324951171875 0.21990966796875 -0.09100341796875 -0.20379638671875
-0.235885620117188 0.127410888671875 0.0424652099609375 -0.136268615722656
-0.32806396484375 0.0480957031249999 -0.026641845703125 0.000909805297851561
-0.343231201171875 -0.04266357421875 -0.121604919433594 -0.0786285400390625
-0.188949584960937 0.102462768554688 -0.5650634765625 -0.24298095703125
-0.109062194824219 0.131881713867188 -0.397125244140625 0.00445556640624994
-0.0146102905273438 0.124862670898438 -0.125534057617188 0.053009033203125
0.023834228515625 0.0803451538085938 -0.103889465332031 -0.0600433349609375
0.0431251525878906 0.0457267761230469 -0.184829711914063 -0.070892333984375
0.0720367431640625 0.0441131591796875 -0.279525756835938 0.00321960449218748
0.0723953247070313 0.0419464111328125 -0.322235107421875 0.0949401855468749
0.0687828063964844 0.0390739440917969 -0.3167724609375 0.129547119140625
0.083465576171875 0.0572662353515625 -0.355987548828125 0.0862121582031251
0.0401153564453125 0.0882339477539063 -0.352447509765625 -0.0534057617187501
-0.0236663818359375 0.0970916748046875 -0.2449951171875 -0.16680908203125
-0.0544662475585937 0.0529403686523438 -0.082244873046875 -0.201171875
-0.0877761840820313 0.00304412841796876 0.0276260375976562 -0.103492736816406
-0.10467529296875 0.0126113891601563 -0.0842819213867188 0.0161361694335937
-0.137901306152344 0.015289306640625 -0.221923828125 -0.116867065429688
-0.0839157104492187 -0.1021728515625 0.289794921875 0.05596923828125
-0.148513793945313 0.0162353515625 0.107505798339844 -0.0351486206054688
-0.0691680908203125 0.118766784667969 -0.0512924194335938 0.0718536376953125
0.0528488159179688 0.10809326171875 0.0511016845703125 0.211395263671875
0.0987930297851563 0.05511474609375 0.203231811523437 0.185134887695313
0.101570129394531 -0.0269393920898438 0.350860595703125 0.043731689453125
0.0894088745117187 -0.0698699951171875 0.38092041015625 -0.098236083984375
0.0795364379882813 -0.0495529174804688 0.327972412109375 -0.1341552734375
0.0888824462890625 -0.0453643798828125 0.31683349609375 -0.09722900390625
0.0920257568359375 0.0190048217773438 0.2960205078125 0.000823974609375001
0.0406265258789063 0.0739059448242188 0.188125610351562 0.03900146484375
-0.0429840087890625 0.0784454345703125 0.1187744140625 0.022857666015625
-0.0955886840820313 -0.00421905517578127 0.20635986328125 -0.0594482421875
-0.0772247314453125 -0.100852966308594 0.437835693359375 -0.04595947265625
-0.00363159179687501 -0.120689392089844 0.63702392578125 0.30072021484375
-0.31048583984375 -0.15032958984375 0.240127563476563 0.0304412841796875
-0.3365478515625 0.04608154296875 0.07763671875 -0.0363693237304688
-0.21441650390625 0.219009399414063 -0.0587348937988281 0.0562629699707031
0.00958251953125 0.260177612304687 0.0328521728515625 0.182388305664063
0.151504516601563 0.184249877929688 0.151885986328125 0.170440673828125
0.23870849609375 0.0423736572265625 0.294830322265625 0.056732177734375
0.237197875976563 -0.0632476806640625 0.330230712890625 -0.0706787109375
0.21966552734375 -0.040863037109375 0.277557373046875 -0.10400390625
0.249221801757813 -0.0328216552734375 0.2593994140625 -0.0726776123046875
0.236160278320313 0.080963134765625 0.245086669921875 -0.0076751708984375
0.123733520507813 0.205337524414063 0.137977600097656 0.00410461425781251
-0.0448455810546875 0.231842041015625 0.0989532470703125 -0.019927978515625
-0.236862182617187 0.10479736328125 0.21551513671875 -0.104156494140625
-0.29180908203125 -0.0543212890624999 0.444580078125 -0.071563720703125
-0.22735595703125 -0.154617309570313 0.6351318359375 0.26043701171875
-0.494598388671875 -0.168426513671875 0.133460998535156 -0.0219268798828125
-0.484283447265625 0.0818786621093749 0.0111618041992187 -0.0380821228027344
-0.328857421875 0.306121826171875 -0.0687370300292969 0.0494003295898438
-0.029052734375 0.387542724609375 0.017547607421875 0.143478393554688
0.1912841796875 0.290130615234375 0.091400146484375 0.134811401367188
0.346893310546875 0.104034423828125 0.204559326171875 0.059112548828125
0.352386474609375 -0.049285888671875 0.232772827148438 -0.0332794189453125
0.328155517578125 -0.027740478515625 0.18463134765625 -0.0586700439453125
0.373199462890625 -0.019927978515625 0.159194946289063 -0.0361480712890625
0.350921630859375 0.128814697265625 0.15277099609375 -0.017608642578125
0.19769287109375 0.312164306640625 0.0614128112792969 -0.0387687683105469
-0.033203125 0.366455078125 0.0662460327148438 -0.0758743286132812
-0.350830078125 0.2176513671875 0.209609985351562 -0.151016235351562
-0.478912353515625 0.0110778808593751 0.410308837890625 -0.087249755859375
-0.4254150390625 -0.16278076171875 0.56219482421875 0.19549560546875
-0.6036376953125 -0.15240478515625 -0.0167388916015625 -0.0840530395507813
-0.564208984375 0.1236572265625 -0.0817108154296875 -0.033203125
-0.38818359375 0.37152099609375 -0.0793075561523438 0.04815673828125
-0.04693603515625 0.469940185546875 -0.00277709960937501 0.0923004150390625
0.21514892578125 0.35662841796875 0.0175628662109375 0.0841827392578125
0.409515380859375 0.1484375 0.0859909057617188 0.0522918701171875
0.4154052734375 -0.028533935546875 0.101860046386719 0.0068511962890625
0.386138916015625 -0.01116943359375 0.0653114318847657 -0.00350189208984375
0.441619873046875 -0.0037841796875 0.0319156646728516 0.00726509094238281
0.415679931640625 0.1588134765625 0.0292224884033203 -0.0235347747802734
0.243682861328125 0.3780517578125 -0.0357437133789062 -0.0792922973632812
-0.01690673828125 0.45538330078125 0.0175323486328125 -0.130058288574219
-0.420745849609375 0.307647705078125 0.180755615234375 -0.18487548828125
-0.601806640625 0.07659912109375 0.32611083984375 -0.084320068359375
-0.560302734375 -0.150787353515625 0.419403076171875 0.123382568359375
-0.625732421875 -0.1048583984375 -0.1884765625 -0.145843505859375
-0.560821533203125 0.16265869140625 -0.185623168945313 -0.020263671875
-0.378509521484375 0.39434814453125 -0.092559814453125 0.0477447509765625
-0.04705810546875 0.483245849609375 -0.0304908752441406 0.0334892272949219
0.213714599609375 0.364990234375 -0.0633468627929688 0.0270195007324219
0.412994384765625 0.165069580078125 -0.0454788208007812 0.040435791015625
0.416473388671875 -0.008514404296875 -0.0421791076660156 0.0454483032226563
0.386505126953125 0.007232666015625 -0.0649032592773437 0.0517387390136719
0.443023681640625 0.01544189453125 -0.104179382324219 0.0521087646484375
0.41204833984375 0.16973876953125 -0.108650207519531 -0.02398681640625
0.242584228515625 0.3870849609375 -0.13720703125 -0.112022399902344
-0.01025390625 0.4658203125 -0.0385589599609375 -0.1728515625
-0.429107666015625 0.33087158203125 0.130416870117187 -0.190231323242187
-0.62396240234375 0.10992431640625 0.20477294921875 -0.059326171875
-0.59625244140625 -0.1248779296875 0.226776123046875 0.0491180419921875
-0.55499267578125 -0.0404663085937499 -0.357879638671875 -0.1947021484375
-0.469696044921875 0.17852783203125 -0.284088134765625 -0.00729370117187493
-0.298614501953125 0.3525390625 -0.106369018554688 0.0445098876953125
-0.029632568359375 0.410400390625 -0.0641403198242187 -0.0207290649414062
0.180450439453125 0.306243896484375 -0.136917114257813 -0.024993896484375
0.35076904296875 0.1495361328125 -0.166412353515625 0.0274810791015625
0.3533935546875 0.014251708984375 -0.17767333984375 0.0767974853515625
0.328094482421875 0.02252197265625 -0.1856689453125 0.0977020263671874
0.37640380859375 0.035552978515625 -0.22833251953125 0.0857086181640625
0.33648681640625 0.163665771484375 -0.233016967773437 -0.0249481201171875
0.1832275390625 0.338104248046875 -0.217544555664063 -0.136627197265625
-0.023468017578125 0.3858642578125 -0.0822296142578125 -0.196807861328125
-0.369873046875 0.265380859375 0.07794189453125 -0.171585083007812
-0.532562255859375 0.096771240234375 0.0732574462890625 -0.0252761840820312
-0.52734375 -0.0918273925781251 0.0281543731689453 -0.0205783843994141
-0.40576171875 0.0324096679687501 -0.50030517578125 -0.2283935546875
-0.311553955078125 0.166290283203125 -0.36456298828125 0.00415039062500007
-0.170501708984375 0.254562377929688 -0.118698120117188 0.0460128784179688
-0.00685119628906247 0.266098022460938 -0.09332275390625 -0.0566024780273437
0.118515014648437 0.191619873046875 -0.18328857421875 -0.0599212646484375
0.2327880859375 0.107086181640625 -0.253280639648438 0.0168914794921875
0.23590087890625 0.0310211181640625 -0.281158447265625 0.09808349609375
0.219497680664062 0.0343170166015625 -0.277496337890625 0.12701416015625
0.253097534179688 0.051605224609375 -0.31964111328125 0.100677490234375
0.20660400390625 0.13800048828125 -0.323150634765625 -0.0318603515625
0.0857391357421875 0.23724365234375 -0.259078979492188 -0.153915405273437
-0.0463714599609375 0.235977172851562 -0.0999603271484375 -0.206512451171875
-0.252410888671875 0.140945434570313 0.0399322509765625 -0.137863159179688
-0.347137451171875 0.05419921875 -0.0318050384521485 0.0035858154296875
-0.36395263671875 -0.0485839843750001 -0.138847351074219 -0.0820236206054687
-0.197113037109375 0.099700927734375 -0.5982666015625 -0.2420654296875
-0.117866516113281 0.13360595703125 -0.41729736328125 0.014617919921875
-0.0199813842773438 0.132118225097656 -0.129646301269531 0.0597381591796875
0.02239990234375 0.090301513671875 -0.108322143554688 -0.06072998046875
0.0447540283203125 0.0527381896972656 -0.193878173828125 -0.0699005126953125
0.080780029296875 0.047515869140625 -0.291900634765625 0.00973510742187505
0.0831146240234375 0.0425033569335938 -0.335205078125 0.1058349609375
0.077545166015625 0.0407028198242188 -0.326904296875 0.138336181640625
0.0938644409179688 0.0589218139648438 -0.366973876953125 0.09832763671875
0.0494537353515625 0.0939102172851562 -0.365325927734375 -0.045257568359375
-0.0185165405273438 0.1072998046875 -0.2586669921875 -0.166763305664063
-0.0575408935546875 0.0618438720703125 -0.090667724609375 -0.204849243164062
-0.0994110107421875 0.00732421875 0.026031494140625 -0.105323791503906
-0.115707397460937 0.0123977661132813 -0.0930023193359375 0.0180130004882812
-0.147689819335938 0.00801086425781251 -0.247039794921875 -0.121963500976562
-0.0876312255859375 -0.0970611572265625 0.318939208984375 0.050567626953125
-0.14508056640625 0.0277557373046875 0.119331359863281 -0.039581298828125
-0.0614700317382812 0.123565673828125 -0.0483245849609375 0.074188232421875
0.0594711303710938 0.1033935546875 0.063995361328125 0.214279174804687
0.102890014648438 0.0482177734375 0.2203369140625 0.18084716796875
0.100685119628906 -0.03485107421875 0.36663818359375 0.0277099609375
0.08514404296875 -0.0767440795898438 0.3927001953125 -0.1219482421875
0.0755996704101563 -0.0572509765625 0.336151123046875 -0.154052734375
0.084503173828125 -0.0545654296875 0.326995849609375 -0.1153564453125
0.0941925048828125 0.0100479125976563 0.3089599609375 -0.0142822265625
0.0473289489746094 0.0702438354492188 0.197677612304688 0.03204345703125
-0.036956787109375 0.0817108154296875 0.125144958496094 0.0187759399414063
-0.0948486328125 0.00128936767578127 0.209091186523438 -0.073272705078125
-0.0834503173828125 -0.0948410034179688 0.4552001953125 -0.068817138671875
-0.00997161865234375 -0.115821838378906 0.68218994140625 0.287109375
-0.329803466796875 -0.138427734375 0.266876220703125 0.02850341796875
-0.3419189453125 0.067352294921875 0.0874710083007812 -0.0384521484375
-0.209121704101562 0.235305786132813 -0.0558128356933594 0.0592803955078125
0.0214996337890625 0.265884399414063 0.044158935546875 0.186416625976563
0.165557861328125 0.18115234375 0.167312622070313 0.167999267578125
0.248580932617187 0.0297698974609375 0.31121826171875 0.044891357421875
0.240524291992187 -0.077911376953125 0.342315673828125 -0.090362548828125
0.224456787109375 -0.0553131103515625 0.287384033203125 -0.12127685546875
0.25469970703125 -0.0504608154296875 0.270370483398437 -0.0862884521484375
0.249908447265625 0.0673675537109375 0.25738525390625 -0.0201416015625
0.141708374023437 0.204971313476563 0.14422607421875 0.000534057617187513
-0.03265380859375 0.245635986328125 0.103240966796875 -0.0225753784179687
-0.240646362304688 0.125030517578125 0.216354370117187 -0.118560791015625
-0.3084716796875 -0.0346679687499999 0.459564208984375 -0.091796875
-0.2479248046875 -0.143783569335937 0.6783447265625 0.24603271484375
-0.5240478515625 -0.152496337890625 0.152847290039062 -0.0187835693359375
-0.496490478515625 0.1099853515625 0.0179252624511718 -0.0345497131347656
-0.32598876953125 0.333831787109375 -0.0660552978515625 0.0543251037597656
-0.011871337890625 0.403961181640625 0.0271453857421875 0.147552490234375
0.21343994140625 0.29345703125 0.103485107421875 0.136260986328125
0.366607666015625 0.09033203125 0.219390869140625 0.0503387451171875
0.362884521484375 -0.0687255859375 0.24383544921875 -0.047332763671875
0.3389892578125 -0.047027587890625 0.19439697265625 -0.070098876953125
0.387664794921875 -0.04345703125 0.169891357421875 -0.04425048828125
0.374786376953125 0.111358642578125 0.16119384765625 -0.025360107421875
0.225250244140625 0.31463623046875 0.0627517700195313 -0.0392570495605469
-0.014556884765625 0.3878173828125 0.0658340454101563 -0.077392578125
-0.356231689453125 0.249786376953125 0.208084106445312 -0.165634155273437
-0.50213623046875 0.04339599609375 0.420867919921875 -0.106292724609375
-0.45709228515625 -0.14794921875 0.595947265625 0.18121337890625
-0.64141845703125 -0.13238525390625 -0.00956726074218754 -0.0761032104492188
-0.58172607421875 0.15789794921875 -0.0793685913085938 -0.02435302734375
-0.3883056640625 0.4075927734375 -0.077880859375 0.0548248291015625
-0.026763916015625 0.494659423828125 0.00440216064453126 0.0960922241210938
0.24151611328125 0.363739013671875 0.024871826171875 0.086578369140625
0.4366455078125 0.13385009765625 0.0970687866210938 0.0509109497070313
0.43194580078125 -0.051483154296875 0.111198425292969 0.000953674316406247
0.40228271484375 -0.032257080078125 0.073486328125 -0.0074462890625
0.46148681640625 -0.029815673828125 0.0406570434570313 0.00852203369140625
0.44293212890625 0.140869140625 0.0320377349853516 -0.0248928070068359
0.277862548828125 0.38336181640625 -0.0398330688476562 -0.076690673828125
0.006500244140625 0.480743408203125 0.0123367309570312 -0.129867553710938
-0.427276611328125 0.34698486328125 0.175735473632813 -0.195846557617188
-0.62811279296875 0.112548828125 0.334197998046875 -0.098358154296875
-0.597412109375 -0.1324462890625 0.439666748046875 0.112640380859375
-0.6649169921875 -0.0834350585937499 -0.19500732421875 -0.131683349609375
-0.58056640625 0.1951904296875 -0.189666748046875 -0.00582885742187498
-0.375640869140625 0.433868408203125 -0.0916213989257813 0.0560073852539063
-0.021453857421875 0.51239013671875 -0.0273208618164062 0.0372467041015625
0.24322509765625 0.37322998046875 -0.0612411499023437 0.0315704345703125
0.443634033203125 0.1507568359375 -0.0395736694335937 0.0443534851074219
0.437225341796875 -0.030731201171875 -0.0374031066894531 0.0490188598632812
0.406402587890625 -0.014617919921875 -0.0588951110839843 0.0555763244628906
0.46600341796875 -0.010223388671875 -0.0994415283203125 0.0608749389648438
0.442901611328125 0.151519775390625 -0.110641479492187 -0.0190963745117188
0.277923583984375 0.39532470703125 -0.1474609375 -0.10638427734375
0.01416015625 0.49249267578125 -0.048431396484375 -0.170242309570313
-0.43670654296875 0.370758056640625 0.124542236328125 -0.199981689453125
-0.64996337890625 0.14703369140625 0.206695556640625 -0.0657958984375
-0.63427734375 -0.1090087890625 0.233001708984375 0.044036865234375
-0.59039306640625 -0.0217895507812499 -0.3775634765625 -0.178009033203125
-0.489501953125 0.206451416015625 -0.2940673828125 0.01361083984375
-0.297943115234375 0.38763427734375 -0.106765747070313 0.055572509765625
-0.010101318359375 0.4383544921875 -0.0658187866210938 -0.0174102783203125
0.206329345703125 0.315032958984375 -0.140357971191406 -0.018585205078125
0.379791259765625 0.139129638671875 -0.168167114257813 0.037994384765625
0.374969482421875 -0.00433349609375 -0.178787231445312 0.08868408203125
0.34869384765625 0.007232666015625 -0.1837158203125 0.109664916992188
0.3992919921875 0.015899658203125 -0.227691650390625 0.101303100585937
0.3642578125 0.152313232421875 -0.240432739257812 -0.0147247314453125
0.21295166015625 0.347808837890625 -0.233566284179688 -0.128036499023437
-0.00634765625 0.40948486328125 -0.095245361328125 -0.194671630859375
-0.379119873046875 0.30059814453125 0.0717010498046875 -0.176910400390625
-0.555206298828125 0.1275634765625 0.0718460083007812 -0.0253219604492187
-0.55908203125 -0.0803833007812501 0.0195827484130859 -0.0210800170898438
-0.428985595703125 0.04443359375 -0.53326416015625 -0.210418701171875
-0.32562255859375 0.183685302734375 -0.379180908203125 0.0268859863281251
-0.170867919921875 0.2769775390625 -0.120864868164063 0.0572662353515625
0.004425048828125 0.28692626953125 -0.0978927612304688 -0.0525054931640625
0.134185791015625 0.201095581054687 -0.192092895507813 -0.05322265625
0.254608154296875 0.101760864257813 -0.260772705078125 0.0302581787109375
0.25372314453125 0.0200042724609375 -0.28692626953125 0.11627197265625
0.236419677734375 0.025634765625 -0.28033447265625 0.145263671875
0.272750854492188 0.040924072265625 -0.324676513671875 0.121551513671875
0.227828979492187 0.133819580078125 -0.33441162109375 -0.0162353515625
0.105712890625 0.247802734375 -0.27716064453125 -0.145858764648437
-0.0384521484375 0.25518798828125 -0.11456298828125 -0.205810546875
-0.263839721679688 0.1624755859375 0.0350189208984375 -0.14190673828125
-0.365478515625 0.0723876953124999 -0.0376014709472656 0.00756072998046875
-0.387847900390625 -0.044464111328125 -0.160064697265625 -0.078765869140625
-0.206085205078125 0.104736328125 -0.63848876953125 -0.22344970703125
-0.124832153320313 0.139396667480469 -0.43841552734375 0.0384521484374999
-0.02020263671875 0.138862609863281 -0.1324462890625 0.0701522827148438
0.0250167846679688 0.10101318359375 -0.114532470703125 -0.0565338134765625
0.0498542785644531 0.05780029296875 -0.203765869140625 -0.0649566650390625
0.0920257568359375 0.04718017578125 -0.30194091796875 0.023773193359375
0.094818115234375 0.038726806640625 -0.344818115234375 0.126312255859375
0.0891952514648438 0.0391769409179688 -0.33349609375 0.159454345703125
0.106224060058594 0.0572280883789063 -0.3759765625 0.120330810546875
0.0627593994140625 0.0958251953125 -0.379852294921875 -0.0272827148437501
-0.0101699829101563 0.117935180664063 -0.27825927734375 -0.158447265625
-0.0595474243164062 0.0727386474609375 -0.105743408203125 -0.206222534179688
-0.110023498535156 0.01458740234375 0.0210647583007812 -0.108253479003906
-0.125709533691406 0.016815185546875 -0.101638793945313 0.0236587524414063
-0.157379150390625 0.0051727294921875 -0.277191162109375 -0.117599487304687
-0.0900802612304687 -0.0891036987304688 0.34271240234375 0.033599853515625
-0.138008117675781 0.0399169921875 0.127349853515625 -0.0467529296875
-0.0501480102539063 0.1256103515625 -0.0428466796875 0.0764007568359375
0.0649261474609375 0.0962066650390625 0.0803070068359375 0.211990356445313
0.105712890625 0.0380783081054687 0.235565185546875 0.169082641601563
0.0962142944335938 -0.0436477661132813 0.3736572265625 0.00408935546875
0.0786209106445312 -0.0835342407226563 0.392181396484375 -0.150054931640625
0.0675621032714844 -0.064239501953125 0.334686279296875 -0.178131103515625
0.0767745971679688 -0.0626983642578125 0.3284912109375 -0.136871337890625
0.0928192138671875 -0.0007781982421875 0.314361572265625 -0.0341796875
0.0533828735351563 0.0627632141113281 0.204483032226563 0.020721435546875
-0.0292739868164062 0.0835494995117188 0.128753662109375 0.0115814208984375
-0.090972900390625 0.00846862792968749 0.2059326171875 -0.090179443359375
-0.0881423950195313 -0.08428955078125 0.460296630859375 -0.0977783203125
-0.0167312622070313 -0.10888671875 0.72088623046875 0.24993896484375
-0.343597412109375 -0.118438720703125 0.290313720703125 0.018951416015625
-0.337188720703125 0.09136962890625 0.0965194702148437 -0.0421295166015625
-0.19384765625 0.251602172851563 -0.0506973266601563 0.0634307861328125
0.0371551513671875 0.2652587890625 0.0588836669921875 0.18402099609375
0.17938232421875 0.171905517578125 0.182846069335938 0.160064697265625
0.2542724609375 0.0130767822265625 0.319580078125 0.024169921875
0.238632202148437 -0.0950469970703125 0.345947265625 -0.114532470703125
0.222625732421875 -0.0715484619140625 0.28887939453125 -0.14202880859375
0.253097534179688 -0.0722808837890625 0.275833129882813 -0.104690551757813
0.256988525390625 0.0458221435546875 0.263046264648437 -0.037750244140625
0.161651611328125 0.196502685546875 0.147674560546875 -0.00701904296874999
-0.0142974853515625 0.254074096679688 0.104904174804688 -0.0263519287109375
-0.236129760742188 0.146224975585937 0.209640502929687 -0.133132934570313
-0.3162841796875 -0.00848388671874998 0.463623046875 -0.11834716796875
-0.265167236328125 -0.12646484375 0.71173095703125 0.20947265625
-0.545013427734375 -0.11968994140625 0.1700439453125 -0.02117919921875
-0.49407958984375 0.143707275390625 0.0261116027832031 -0.0314083099365234
-0.309600830078125 0.35992431640625 -0.0608139038085938 0.0593338012695313
0.014251708984375 0.41229248046875 0.0396270751953125 0.14697265625
0.2347412109375 0.283294677734375 0.11767578125 0.130691528320313
0.380462646484375 0.0650634765625 0.228179931640625 0.0364227294921875
0.365386962890625 -0.0946044921875 0.249267578125 -0.0660552978515625
0.342315673828125 -0.07171630859375 0.199722290039063 -0.085357666015625
0.39093017578125 -0.071441650390625 0.175430297851563 -0.05511474609375
0.388916015625 0.08319091796875 0.164169311523438 -0.037628173828125
0.255615234375 0.3050537109375 0.0625724792480469 -0.0402336120605469
0.01214599609375 0.399658203125 0.0634307861328125 -0.0785751342773437
-0.34967041015625 0.283203125 0.199478149414062 -0.179519653320312
-0.51251220703125 0.084136962890625 0.422393798828125 -0.13134765625
-0.482696533203125 -0.118377685546875 0.6220703125 0.15142822265625
-0.66705322265625 -0.0939331054687501 0.00124359130859371 -0.0682334899902344
-0.58172607421875 0.1976318359375 -0.0736618041992188 -0.014617919921875
-0.36712646484375 0.441986083984375 -0.0716171264648438 0.0609054565429688
0.00546264648437498 0.508514404296875 0.0134963989257813 0.0981979370117188
0.2716064453125 0.356048583984375 0.0347213745117188 0.0859222412109375
0.458404541015625 0.10693359375 0.105552673339844 0.0443649291992188
0.438629150390625 -0.080780029296875 0.116752624511719 -0.00756072998046876
0.409942626953125 -0.059783935546875 0.0808486938476563 -0.0142059326171875
0.47088623046875 -0.06402587890625 0.0472259521484375 0.00689697265624999
0.46331787109375 0.1097412109375 0.0336017608642578 -0.0272865295410156
0.31439208984375 0.37493896484375 -0.04583740234375 -0.0714340209960937
0.041534423828125 0.49615478515625 0.00664520263671876 -0.12762451171875
-0.4161376953125 0.38616943359375 0.16619873046875 -0.206924438476562
-0.63494873046875 0.16162109375 0.33343505859375 -0.115447998046875
-0.6246337890625 -0.10015869140625 0.45074462890625 0.09259033203125
-0.6884765625 -0.0466308593750001 -0.196823120117188 -0.115219116210938
-0.58392333984375 0.2366943359375 -0.186767578125 0.0119476318359375
-0.35748291015625 0.470672607421875 -0.0852737426757813 0.0660781860351563
0.013397216796875 0.529327392578125 -0.022003173828125 0.0407867431640625
0.275177001953125 0.367950439453125 -0.0565147399902344 0.037017822265625
0.46807861328125 0.121337890625 -0.0323905944824218 0.0486640930175781
0.447418212890625 -0.061126708984375 -0.03125 0.0509376525878906
0.41619873046875 -0.04180908203125 -0.0503425598144531 0.0584945678710937
0.479461669921875 -0.04541015625 -0.090972900390625 0.0695571899414063
0.464447021484375 0.122955322265625 -0.109909057617187 -0.012481689453125
0.314239501953125 0.38653564453125 -0.157257080078125 -0.09393310546875
0.046875 0.50775146484375 -0.0588531494140625 -0.165084838867188
-0.424713134765625 0.40997314453125 0.11383056640625 -0.205581665039062
-0.6575927734375 0.19647216796875 0.204193115234375 -0.075836181640625
-0.6602783203125 -0.0751953125000001 0.23565673828125 0.0348358154296875
-0.613037109375 0.00946044921875005 -0.391357421875 -0.151123046875
-0.4931640625 0.239410400390625 -0.295806884765625 0.039337158203125
-0.282989501953125 0.419708251953125 -0.10296630859375 0.0673065185546875
0.0196533203125 0.454864501953125 -0.0658721923828125 -0.0132675170898437
0.233184814453125 0.3131103515625 -0.141464233398437 -0.00944519042968751
0.402069091796875 0.115753173828125 -0.163894653320313 0.050994873046875
0.386688232421875 -0.031280517578125 -0.1739501953125 0.10186767578125
0.36016845703125 -0.016571044921875 -0.1744384765625 0.121566772460938
0.41375732421875 -0.01287841796875 -0.22076416015625 0.118942260742187
0.386016845703125 0.128662109375 -0.242996215820312 0.00161743164062504
0.2457275390625 0.344512939453125 -0.2452392578125 -0.111953735351562
0.020538330078125 0.424774169921875 -0.108779907226563 -0.1865234375
-0.37469482421875 0.3345947265625 0.0627288818359374 -0.179183959960937
-0.56390380859375 0.1678466796875 0.0693283081054687 -0.0256004333496094
-0.58251953125 -0.0542602539062499 0.0107707977294922 -0.0202465057373047
-0.442962646484375 0.064208984375 -0.55621337890625 -0.176971435546875
-0.3306884765625 0.20709228515625 -0.385345458984375 0.05804443359375
-0.1619873046875 0.29718017578125 -0.11676025390625 0.070343017578125
0.024169921875 0.301605224609375 -0.101325988769531 -0.04638671875
0.153106689453125 0.201797485351562 -0.196807861328125 -0.0417327880859375
0.271331787109375 0.0871429443359375 -0.259780883789063 0.0488128662109375
0.2664794921875 0.00213623046875 -0.282318115234375 0.136505126953125
0.248031616210938 0.0115509033203125 -0.273590087890625 0.164138793945312
0.286346435546875 0.02239990234375 -0.319854736328125 0.145050048828125
0.246353149414063 0.11981201171875 -0.338287353515625 0.00476074218749997
0.129547119140625 0.250228881835938 -0.290283203125 -0.126800537109375
-0.0232391357421875 0.268722534179688 -0.129104614257813 -0.197738647460937
-0.265777587890625 0.18585205078125 0.0278778076171875 -0.144393920898437
-0.373077392578125 0.09613037109375 -0.0424575805664063 0.0121383666992188
-0.405181884765625 -0.029937744140625 -0.17974853515625 -0.06951904296875
-0.20916748046875 0.11309814453125 -0.67144775390625 -0.18682861328125
-0.126052856445313 0.145782470703125 -0.4473876953125 0.0700073242187501
-0.0173187255859375 0.143783569335938 -0.12896728515625 0.0854873657226563
0.030914306640625 0.108779907226563 -0.120262145996094 -0.050201416015625
0.0544204711914063 0.0607070922851563 -0.209259033203125 -0.0540618896484375
0.102874755859375 0.0425872802734375 -0.3037109375 0.0431213378906249
0.103157043457031 0.0325469970703125 -0.344635009765625 0.152496337890625
0.098541259765625 0.033905029296875 -0.328369140625 0.182708740234375
0.1177978515625 0.0513763427734375 -0.373809814453125 0.147979736328125
0.0760650634765625 0.0935134887695313 -0.386505126953125 -0.00164794921874994
0.00252532958984376 0.126609802246094 -0.2928466796875 -0.141876220703125
-0.056610107421875 0.0842514038085938 -0.120895385742187 -0.200546264648438
-0.119293212890625 0.0262222290039063 0.015106201171875 -0.108383178710938
-0.132949829101563 0.0232086181640625 -0.106239318847656 0.03173828125
-0.166152954101563 0.00584411621093747 -0.302490234375 -0.102783203125
-0.0909576416015625 -0.08160400390625 0.3575439453125 0.01544189453125
-0.123825073242188 0.0484466552734375 0.1328125 -0.0548248291015625
-0.0413742065429687 0.123611450195312 -0.036651611328125 0.0743331909179688
0.0673751831054688 0.0866241455078125 0.08984375 0.203201293945313
0.104011535644531 0.0301589965820313 0.242691040039063 0.152786254882813
0.0915985107421875 -0.0491714477539063 0.370697021484375 -0.01788330078125
0.0698699951171875 -0.0875930786132813 0.38262939453125 -0.17205810546875
0.06170654296875 -0.0678176879882813 0.32421875 -0.19696044921875
0.0659561157226563 -0.067352294921875 0.321258544921875 -0.156219482421875
0.0880889892578125 -0.00797271728515625 0.31024169921875 -0.05419921875
0.0531768798828125 0.0570793151855469 0.20391845703125 0.0102996826171875
-0.0223388671875 0.0822906494140625 0.129539489746094 0.00486755371093751
-0.0843734741210938 0.0130767822265625 0.196090698242188 -0.098052978515625
-0.0891342163085937 -0.07275390625 0.45489501953125 -0.123504638671875
-0.0190505981445313 -0.100021362304688 0.73675537109375 0.2076416015625
-0.34478759765625 -0.093780517578125 0.306365966796875 0.00408935546874999
-0.325286865234375 0.11016845703125 0.10406494140625 -0.0462493896484375
-0.178482055664063 0.258102416992187 -0.0455513000488281 0.0634117126464844
0.0496826171875 0.260467529296875 0.0691680908203125 0.178009033203125
0.186386108398438 0.156646728515625 0.193695068359375 0.147811889648438
0.25225830078125 -0.0040740966796875 0.322265625 0.007049560546875
0.231735229492187 -0.106475830078125 0.338104248046875 -0.137542724609375
0.214431762695312 -0.0862884521484375 0.281463623046875 -0.159210205078125
0.246734619140625 -0.0890655517578125 0.270355224609375 -0.120849609375
0.258285522460938 0.026763916015625 0.260406494140625 -0.05078125
0.173294067382813 0.18243408203125 0.146942138671875 -0.0117034912109375
0.00550842285156252 0.255966186523438 0.103019714355469 -0.0302734375
-0.2242431640625 0.160781860351562 0.199356079101563 -0.142288208007813
-0.31512451171875 0.017425537109375 0.4561767578125 -0.13995361328125
-0.272796630859375 -0.104690551757812 0.72039794921875 0.17083740234375
-0.54779052734375 -0.0888061523437499 0.18280029296875 -0.0279693603515625
-0.48126220703125 0.171112060546875 0.0348587036132812 -0.0309696197509766
-0.287841796875 0.372528076171875 -0.0514411926269531 0.0591850280761719
0.0372314453125 0.410614013671875 0.047943115234375 0.142059326171875
0.252853393554688 0.26898193359375 0.127151489257813 0.123817443847656
0.3807373046875 0.04010009765625 0.2314453125 0.0242767333984375
0.35894775390625 -0.1153564453125 0.244857788085938 -0.0821990966796875
0.337646484375 -0.092926025390625 0.197311401367188 -0.0979461669921875
0.3828125 -0.09918212890625 0.17919921875 -0.0644378662109375
0.390228271484375 0.05633544921875 0.162857055664063 -0.046905517578125
0.2762451171875 0.2872314453125 0.0618820190429688 -0.0429344177246094
0.041595458984375 0.40045166015625 0.0626220703125 -0.075927734375
-0.33026123046875 0.306427001953125 0.185379028320312 -0.185317993164063
-0.50592041015625 0.119354248046875 0.41314697265625 -0.145355224609375
-0.4927978515625 -0.088043212890625 0.6285400390625 0.11944580078125
-0.6708984375 -0.0539550781249999 0.00907135009765621 -0.0611076354980469
-0.56573486328125 0.2279052734375 -0.0659675598144532 -0.0039520263671875
-0.338836669921875 0.461029052734375 -0.0645484924316406 0.0664253234863282
0.036041259765625 0.5089111328125 0.0216903686523438 0.0945053100585938
0.29034423828125 0.33984375 0.0434799194335938 0.0841217041015625
0.464263916015625 0.0806884765625 0.113800048828125 0.0410919189453125
0.435333251953125 -0.108551025390625 0.119331359863281 -0.0153656005859375
0.4052734375 -0.08782958984375 0.0838623046875 -0.023834228515625
0.46392822265625 -0.09466552734375 0.0548896789550781 0.00423812866210937
0.4681396484375 0.080902099609375 0.034423828125 -0.0289745330810547
0.338897705078125 0.35528564453125 -0.0488662719726562 -0.0666923522949218
0.07135009765625 0.49957275390625 0.00238800048828126 -0.123886108398437
-0.39794921875 0.413116455078125 0.152114868164062 -0.208953857421875
-0.6241455078125 0.20220947265625 0.32464599609375 -0.1290283203125
-0.63079833984375 -0.06646728515625 0.452484130859375 0.07000732421875
-0.6927490234375 -0.00744628906249999 -0.191802978515625 -0.097808837890625
-0.56964111328125 0.26715087890625 -0.176864624023438 0.02923583984375
-0.331695556640625 0.4920654296875 -0.0771026611328125 0.0689010620117188
0.0443115234375 0.53167724609375 -0.0197105407714844 0.0411415100097657
0.295074462890625 0.351593017578125 -0.0513153076171875 0.0376510620117188
0.479217529296875 0.0938720703125 -0.0273017883300781 0.0519447326660156
0.44403076171875 -0.0897216796875 -0.0257949829101562 0.0498886108398437
0.414642333984375 -0.069488525390625 -0.0414848327636719 0.0577239990234375
0.476318359375 -0.07708740234375 -0.0806732177734375 0.072296142578125
0.469146728515625 0.0888671875 -0.109199523925781 -0.00794219970703126
0.34344482421875 0.367950439453125 -0.16064453125 -0.0793914794921875
0.077728271484375 0.5098876953125 -0.060546875 -0.151931762695312
-0.40496826171875 0.436676025390625 0.101715087890625 -0.208114624023437
-0.64434814453125 0.23565673828125 0.198654174804687 -0.078857421875
-0.66546630859375 -0.0437011718750001 0.22802734375 0.02728271484375
-0.6136474609375 0.0408935546874999 -0.391815185546875 -0.121673583984375
-0.484344482421875 0.266815185546875 -0.285552978515625 0.062042236328125
-0.2626953125 0.438262939453125 -0.0921783447265625 0.0748443603515625
0.04827880859375 0.460784912109375 -0.0627288818359375 -0.00765228271484372
0.254974365234375 0.302825927734375 -0.136878967285156 -0.00238800048828125
0.413848876953125 0.08905029296875 -0.15264892578125 0.058013916015625
0.388031005859375 -0.055694580078125 -0.16168212890625 0.111007690429687
0.3634033203125 -0.039703369140625 -0.165924072265625 0.127716064453125
0.416290283203125 -0.039642333984375 -0.206253051757812 0.128875732421875
0.396484375 0.102783203125 -0.23919677734375 0.014068603515625
0.27130126953125 0.330596923828125 -0.248855590820312 -0.0930633544921875
0.045257568359375 0.42889404296875 -0.112594604492188 -0.172149658203125
-0.3585205078125 0.358917236328125 0.05316162109375 -0.177719116210938
-0.55279541015625 0.19696044921875 0.0650787353515625 -0.0230484008789062
-0.58966064453125 -0.02752685546875 0.00171089172363278 -0.0137367248535156
-0.444000244140625 0.083892822265625 -0.561676025390625 -0.140655517578125
-0.3251953125 0.219696044921875 -0.37762451171875 0.0844421386718751
-0.149261474609375 0.31036376953125 -0.109207153320312 0.0778427124023438
0.042816162109375 0.308349609375 -0.102699279785156 -0.040374755859375
0.167343139648438 0.196151733398437 -0.1954345703125 -0.0316314697265625
0.285308837890625 0.070770263671875 -0.252197265625 0.0626220703125
0.269607543945313 -0.018280029296875 -0.271835327148438 0.153182983398437
0.252410888671875 -0.00689697265625 -0.2615966796875 0.174591064453125
0.2926025390625 0.0045166015625 -0.30615234375 0.162811279296875
0.255691528320313 0.105392456054688 -0.331451416015625 0.0245971679687501
0.14984130859375 0.2435302734375 -0.294677734375 -0.105377197265625
-0.00878906250000003 0.275039672851563 -0.137710571289062 -0.1844482421875
-0.25665283203125 0.20751953125 0.0204010009765625 -0.141433715820313
-0.370513916015625 0.117889404296875 -0.0449638366699219 0.0191459655761719
-0.412841796875 -0.0150756835937501 -0.193374633789063 -0.0562591552734375
-0.2064208984375 0.117431640625 -0.6796875 -0.14569091796875
-0.126022338867188 0.146942138671875 -0.442413330078125 0.102996826171875
-0.0135498046875 0.145660400390625 -0.122451782226563 0.093963623046875
0.0375289916992188 0.113456726074219 -0.121536254882813 -0.044097900390625
0.0593605041503906 0.0630836486816406 -0.2109375 -0.0423126220703125
0.107948303222656 0.0373306274414063 -0.30145263671875 0.058929443359375
0.108840942382813 0.0233078002929688 -0.334381103515625 0.172607421875
0.103302001953125 0.0298233032226563 -0.319366455078125 0.199371337890625
0.125251770019531 0.0442352294921875 -0.361236572265625 0.168975830078125
0.08563232421875 0.088043212890625 -0.38018798828125 0.0229187011718751
0.0130615234375 0.128097534179687 -0.2972412109375 -0.120513916015625
-0.0524139404296875 0.092254638671875 -0.13079833984375 -0.187454223632813
-0.119308471679688 0.032684326171875 0.0116043090820312 -0.109062194824219
-0.137351989746094 0.0296249389648437 -0.108551025390625 0.038421630859375
-0.17120361328125 0.00621032714843751 -0.317474365234375 -0.08258056640625
-0.0861663818359375 -0.0747909545898438 0.36639404296875 0.0020751953125
-0.116294860839844 0.0518417358398438 0.13739013671875 -0.0596847534179688
-0.0321273803710938 0.120841979980469 -0.0330352783203125 0.0711898803710938
0.0664901733398438 0.0795135498046875 0.09716796875 0.194793701171875
0.103790283203125 0.0229721069335938 0.24456787109375 0.142501831054688
0.083251953125 -0.0534896850585938 0.361846923828125 -0.029876708984375
0.061553955078125 -0.0877914428710938 0.373199462890625 -0.1854248046875
0.0534439086914063 -0.0685577392578125 0.31591796875 -0.20538330078125
0.058074951171875 -0.0703811645507813 0.313812255859375 -0.165191650390625
0.08380126953125 -0.016357421875 0.304962158203125 -0.062744140625
0.0560798645019531 0.0506706237792969 0.202560424804687 0.0044097900390625
-0.0155410766601563 0.08148193359375 0.128761291503906 0.000976562500000005
-0.0819778442382813 0.0162811279296875 0.188430786132813 -0.105987548828125
-0.089874267578125 -0.0653152465820313 0.446441650390625 -0.1346435546875
-0.01861572265625 -0.09033203125 0.73876953125 0.1812744140625
-0.343017578125 -0.08062744140625 0.31689453125 -0.0032958984375
-0.308868408203125 0.1201171875 0.110984802246094 -0.04693603515625
-0.162765502929687 0.258071899414063 -0.039459228515625 0.0610160827636719
0.05816650390625 0.252243041992187 0.0751953125 0.1728515625
0.189315795898437 0.1494140625 0.1951904296875 0.136215209960938
0.246612548828125 -0.0151519775390625 0.31591796875 -0.00567626953125
0.22247314453125 -0.115585327148438 0.330780029296875 -0.147369384765625
0.206878662109375 -0.0931854248046875 0.276519775390625 -0.1685791015625
0.233657836914063 -0.0989532470703125 0.268585205078125 -0.12823486328125
0.253433227539063 0.0119476318359375 0.256317138671875 -0.060546875
0.181015014648438 0.173843383789062 0.14501953125 -0.0155792236328125
0.0172882080078125 0.252822875976563 0.103546142578125 -0.0323333740234375
-0.213943481445312 0.169113159179688 0.191116333007813 -0.146835327148438
-0.31011962890625 0.0325622558593749 0.44818115234375 -0.15191650390625
-0.273712158203125 -0.088897705078125 0.72235107421875 0.14544677734375
-0.547393798828125 -0.0659484863281249 0.195327758789063 -0.0281829833984375
-0.463104248046875 0.18402099609375 0.0427665710449218 -0.0286102294921875
-0.269317626953125 0.378875732421875 -0.0481109619140625 0.0604972839355469
0.052337646484375 0.40338134765625 0.0546493530273438 0.138092041015625
0.259292602539063 0.258056640625 0.128692626953125 0.115989685058594
0.3812255859375 0.024505615234375 0.23321533203125 0.0154876708984375
0.351318359375 -0.12921142578125 0.244888305664063 -0.089080810546875
0.3292236328125 -0.105255126953125 0.195358276367188 -0.108001708984375
0.374267578125 -0.114654541015625 0.179244995117188 -0.071319580078125
0.389404296875 0.03680419921875 0.160614013671875 -0.0518951416015625
0.287567138671875 0.27325439453125 0.0566291809082031 -0.0386123657226562
0.05633544921875 0.3975830078125 0.0617446899414063 -0.0755081176757812
-0.318023681640625 0.318603515625 0.177215576171875 -0.186920166015625
-0.495849609375 0.1385498046875 0.405548095703125 -0.15618896484375
-0.490203857421875 -0.069732666015625 0.62371826171875 0.10064697265625
-0.6663818359375 -0.0324096679687499 0.0213813781738281 -0.0588035583496094
-0.551605224609375 0.24517822265625 -0.0518608093261719 1.90734863281489E-05
-0.323699951171875 0.468109130859375 -0.0569000244140625 0.0652656555175782
0.0587158203125 0.504608154296875 0.0259017944335938 0.0923843383789063
0.304840087890625 0.32757568359375 0.0460662841796875 0.079559326171875
0.464080810546875 0.055389404296875 0.117256164550781 0.03350830078125
0.427703857421875 -0.125244140625 0.122665405273438 -0.0221481323242188
0.400726318359375 -0.1011962890625 0.0853347778320313 -0.0287933349609375
0.455780029296875 -0.11370849609375 0.0595664978027344 0.000473022460937493
0.466278076171875 0.05511474609375 0.0338764190673828 -0.0312881469726563
0.353759765625 0.337799072265625 -0.0490760803222656 -0.0588302612304687
0.09002685546875 0.49212646484375 0.00197601318359376 -0.116897583007812
-0.378204345703125 0.42620849609375 0.144790649414062 -0.208663940429687
-0.61199951171875 0.22564697265625 0.3162841796875 -0.13177490234375
-0.632080078125 -0.0446166992187501 0.44903564453125 0.058837890625
-0.69073486328125 0.0121459960937501 -0.179550170898438 -0.0873260498046875
-0.556182861328125 0.28314208984375 -0.16448974609375 0.0378265380859375
-0.313751220703125 0.4991455078125 -0.0695571899414063 0.074188232421875
0.06842041015625 0.530517578125 -0.0142822265625 0.0411376953125
0.31207275390625 0.34033203125 -0.0467567443847656 0.03826904296875
0.47930908203125 0.06927490234375 -0.0176239013671875 0.0490684509277344
0.442108154296875 -0.107208251953125 -0.0185317993164062 0.0499229431152344
0.412109375 -0.084442138671875 -0.037261962890625 0.0528068542480469
0.470245361328125 -0.095916748046875 -0.0706405639648437 0.0749893188476563
0.47015380859375 0.069122314453125 -0.104042053222656 -0.00248718261718751
0.358062744140625 0.3533935546875 -0.1595458984375 -0.0713653564453124
0.09906005859375 0.504638671875 -0.063934326171875 -0.146560668945312
-0.387237548828125 0.45379638671875 0.0959167480468749 -0.203460693359375
-0.63214111328125 0.25750732421875 0.190673828125 -0.0790252685546875
-0.6693115234375 -0.0247802734375 0.224533081054687 0.0223388671875
-0.6129150390625 0.0589599609375 -0.3828125 -0.104400634765625
-0.47540283203125 0.27984619140625 -0.275497436523438 0.0748443603515626
-0.248504638671875 0.44598388671875 -0.0844955444335938 0.077972412109375
0.069854736328125 0.460723876953125 -0.0595283508300781 -0.00630569458007809
0.26702880859375 0.29400634765625 -0.134727478027344 0.00177001953125002
0.418060302734375 0.06988525390625 -0.14605712890625 0.061798095703125
0.38507080078125 -0.073089599609375 -0.153366088867187 0.11328125
0.36260986328125 -0.054351806640625 -0.155715942382812 0.127166748046875
0.413818359375 -0.058074951171875 -0.194854736328125 0.135162353515625
0.396759033203125 0.085174560546875 -0.231338500976562 0.0233917236328125
0.28558349609375 0.3179931640625 -0.24822998046875 -0.081695556640625
0.06298828125 0.426910400390625 -0.116058349609375 -0.165084838867187
-0.343902587890625 0.3726806640625 0.0482330322265625 -0.173660278320312
-0.543304443359375 0.216400146484375 0.0619659423828125 -0.0215492248535156
-0.59112548828125 -0.0161132812500001 -0.00623893737792972 -0.0100345611572266
-0.44171142578125 0.093780517578125 -0.559356689453125 -0.1177978515625
-0.321258544921875 0.227264404296875 -0.368896484375 0.100982666015625
-0.14190673828125 0.3138427734375 -0.102195739746094 0.0835647583007813
0.057373046875 0.308441162109375 -0.100051879882813 -0.0353775024414063
0.176071166992188 0.193832397460938 -0.194198608398437 -0.0255126953125
0.28790283203125 0.055816650390625 -0.244155883789063 0.0691986083984375
0.271316528320313 -0.030303955078125 -0.263656616210938 0.161056518554688
0.255035400390625 -0.0153045654296875 -0.249786376953125 0.1810302734375
0.293304443359375 -0.00933837890625 -0.29315185546875 0.17047119140625
0.262039184570312 0.092132568359375 -0.32464599609375 0.0371398925781251
0.161575317382813 0.237930297851563 -0.293060302734375 -0.0921630859374999
0.00224304199218752 0.2763671875 -0.139373779296875 -0.173751831054687
-0.250946044921875 0.216720581054688 0.0176162719726562 -0.136367797851562
-0.365509033203125 0.128082275390625 -0.0468063354492188 0.0230026245117187
-0.4158935546875 -0.0101318359374999 -0.200347900390625 -0.045135498046875
-0.205535888671875 0.11767578125 -0.6798095703125 -0.12030029296875
-0.126327514648438 0.147918701171875 -0.436553955078125 0.117523193359375
-0.0158843994140625 0.1451416015625 -0.115066528320313 0.098480224609375
0.0431747436523438 0.115158081054688 -0.119865417480469 -0.0379562377929688
0.0636749267578125 0.0657119750976563 -0.209671020507813 -0.0353851318359375
0.113479614257813 0.0326080322265625 -0.29296875 0.068572998046875
0.114593505859375 0.0168380737304688 -0.324615478515625 0.182342529296875
0.109909057617188 0.0232391357421875 -0.30682373046875 0.2054443359375
0.131820678710938 0.0367355346679688 -0.350067138671875 0.180328369140625
0.0923233032226563 0.0840835571289063 -0.37200927734375 0.0357055664062499
0.022491455078125 0.128623962402344 -0.297271728515625 -0.106536865234375
-0.047454833984375 0.0971221923828125 -0.1357421875 -0.178741455078125
-0.121185302734375 0.044769287109375 0.00682067871093749 -0.10546875
-0.13653564453125 0.033447265625 -0.111343383789063 0.0439987182617187
-0.176376342773438 0.00627136230468749 -0.32916259765625 -0.06768798828125
-0.0850906372070312 -0.0721588134765625 0.378692626953125 -0.00579833984375
-0.107284545898438 0.0533065795898438 0.143875122070312 -0.064208984375
-0.0273971557617188 0.117507934570313 -0.0320930480957031 0.0696258544921875
0.066009521484375 0.0749130249023438 0.09942626953125 0.191009521484375
0.100631713867187 0.0191268920898438 0.246170043945313 0.137222290039062
0.08074951171875 -0.0548171997070313 0.36151123046875 -0.037139892578125
0.0570831298828125 -0.0892181396484375 0.370147705078125 -0.19293212890625
0.0480232238769531 -0.0698890686035156 0.314666748046875 -0.212127685546875
0.0513839721679688 -0.072265625 0.3140869140625 -0.170989990234375
0.0794830322265625 -0.0202789306640625 0.30474853515625 -0.068115234375
0.0568656921386719 0.0469436645507813 0.202316284179688 0.0019989013671875
-0.0125198364257812 0.0795669555664063 0.129341125488281 -0.0010223388671875
-0.0792694091796875 0.0168685913085938 0.185134887695312 -0.107879638671875
-0.0884628295898438 -0.0583419799804688 0.44921875 -0.142852783203125
-0.0174179077148437 -0.0836410522460937 0.7464599609375 0.16815185546875
-0.34130859375 -0.0731506347656251 0.331451416015625 -0.010467529296875
-0.30096435546875 0.1251220703125 0.120368957519531 -0.0502700805664062
-0.1588134765625 0.259078979492188 -0.0378227233886719 0.0597343444824219
0.063079833984375 0.251007080078125 0.0784912109375 0.16796875
0.19134521484375 0.144424438476563 0.19610595703125 0.132980346679688
0.246734619140625 -0.0215606689453125 0.3177490234375 -0.011138916015625
0.218765258789063 -0.122848510742187 0.331207275390625 -0.1546630859375
0.203948974609375 -0.0980377197265625 0.277053833007813 -0.175994873046875
0.229949951171875 -0.1053466796875 0.269973754882813 -0.1343994140625
0.250640869140625 0.0041046142578125 0.254989624023438 -0.066131591796875
0.1876220703125 0.168746948242188 0.145095825195313 -0.0157318115234375
0.0246734619140625 0.252532958984375 0.105903625488281 -0.033721923828125
-0.211105346679687 0.1761474609375 0.187911987304687 -0.1478271484375
-0.30975341796875 0.044525146484375 0.44927978515625 -0.15643310546875
-0.275421142578125 -0.0810699462890625 0.73211669921875 0.137939453125
-0.54876708984375 -0.0579528808593751 0.209381103515625 -0.032073974609375
-0.455810546875 0.193511962890625 0.0532951354980468 -0.02935791015625
-0.262908935546875 0.381744384765625 -0.0442314147949219 0.0593605041503907
0.060516357421875 0.403472900390625 0.0566482543945313 0.134857177734375
0.265548706054688 0.25201416015625 0.130767822265625 0.112495422363281
0.382720947265625 0.012847900390625 0.236221313476563 0.0108184814453125
0.3504638671875 -0.139312744140625 0.246414184570313 -0.0982818603515625
0.32733154296875 -0.1143798828125 0.19696044921875 -0.114517211914063
0.372039794921875 -0.125762939453125 0.182693481445313 -0.0751190185546875
0.388885498046875 0.02423095703125 0.160354614257813 -0.0558319091796875
0.2987060546875 0.266632080078125 0.0579071044921875 -0.0378341674804687
0.0694274902343749 0.399505615234375 0.0636215209960938 -0.075408935546875
-0.313232421875 0.32830810546875 0.174697875976562 -0.186904907226562
-0.495208740234375 0.153167724609375 0.40594482421875 -0.158111572265625
-0.496612548828125 -0.060760498046875 0.6279296875 0.09320068359375
-0.67041015625 -0.0215454101562501 0.034149169921875 -0.0585784912109375
-0.547332763671875 0.2542724609375 -0.0428123474121094 0.00199127197265627
-0.314605712890625 0.475250244140625 -0.0521240234375 0.0666732788085938
0.069854736328125 0.506378173828125 0.028778076171875 0.090667724609375
0.313323974609375 0.322479248046875 0.0478897094726563 0.0779876708984375
0.467926025390625 0.041046142578125 0.122299194335938 0.0303726196289063
0.429046630859375 -0.13739013671875 0.125099182128906 -0.0269241333007813
0.400665283203125 -0.112060546875 0.0876922607421875 -0.0352020263671875
0.457763671875 -0.127777099609375 0.0660362243652344 -0.00148773193359376
0.46868896484375 0.04168701171875 0.0344123840332032 -0.0319766998291016
0.367431640625 0.330474853515625 -0.0494956970214843 -0.0546913146972656
0.104278564453125 0.495147705078125 0.00462341308593751 -0.115318298339844
-0.37408447265625 0.439239501953125 0.1414794921875 -0.208419799804687
-0.610595703125 0.23883056640625 0.31549072265625 -0.13092041015625
-0.6396484375 -0.03570556640625 0.44964599609375 0.057708740234375
-0.69390869140625 0.0230712890625001 -0.172103881835938 -0.08233642578125
-0.55364990234375 0.293914794921875 -0.155349731445313 0.0418701171875
-0.30755615234375 0.50823974609375 -0.0641937255859375 0.0740432739257813
0.082672119140625 0.53387451171875 -0.0115318298339844 0.0405197143554688
0.322662353515625 0.337677001953125 -0.0459709167480469 0.0383720397949219
0.48565673828125 0.05487060546875 -0.0116157531738281 0.0484542846679688
0.442840576171875 -0.121124267578125 -0.01373291015625 0.0477218627929687
0.4146728515625 -0.095977783203125 -0.0346603393554687 0.0492973327636719
0.47271728515625 -0.109375 -0.063873291015625 0.0750503540039062
0.474212646484375 0.056396484375 -0.103660583496094 -0.00112152099609373
0.37139892578125 0.3448486328125 -0.159271240234375 -0.0647277832031249
0.110321044921875 0.508636474609375 -0.0613555908203125 -0.143997192382812
-0.382171630859375 0.46600341796875 0.093963623046875 -0.2015380859375
-0.62841796875 0.26953125 0.19024658203125 -0.0783233642578125
-0.67596435546875 -0.01837158203125 0.222091674804688 0.0254364013671875
-0.61785888671875 0.0662231445312499 -0.378814697265625 -0.0976257324218751
-0.4761962890625 0.28778076171875 -0.267837524414063 0.08197021484375
-0.2447509765625 0.454254150390625 -0.0802154541015625 0.0808029174804688
0.083648681640625 0.466278076171875 -0.0592002868652344 -0.00390624999999997
0.27899169921875 0.291778564453125 -0.133827209472656 0.00294494628906253
0.42462158203125 0.0570068359375 -0.140411376953125 0.0649566650390625
0.389862060546875 -0.0853271484375 -0.150054931640625 0.115798950195313
0.365570068359375 -0.063323974609375 -0.152191162109375 0.125595092773437
0.41754150390625 -0.069793701171875 -0.188339233398438 0.1380615234375
0.402374267578125 0.073333740234375 -0.230026245117187 0.0267791748046875
0.29974365234375 0.312835693359375 -0.247695922851562 -0.073944091796875
0.07281494140625 0.43011474609375 -0.11419677734375 -0.160873413085937
-0.3404541015625 0.384307861328125 0.0479888916015625 -0.1729736328125
-0.542083740234375 0.2279052734375 0.0597496032714843 -0.0186386108398437
-0.5997314453125 -0.01116943359375 -0.0117235183715821 -0.00411510467529297
-0.44549560546875 0.098876953125 -0.5599365234375 -0.1068115234375
-0.32574462890625 0.234100341796875 -0.365447998046875 0.110382080078125
-0.142822265625 0.32073974609375 -0.0975189208984375 0.0868606567382813
0.0673828125 0.315093994140625 -0.100349426269531 -0.0326614379882812
0.18536376953125 0.195587158203125 -0.193572998046875 -0.022735595703125
0.294036865234375 0.048126220703125 -0.239776611328125 0.0727386474609375
0.276092529296875 -0.038543701171875 -0.258590698242188 0.165756225585937
0.260848999023437 -0.0243682861328125 -0.248367309570312 0.182327270507813
0.298553466796875 -0.018402099609375 -0.286865234375 0.17559814453125
0.267562866210938 0.0837249755859375 -0.323089599609375 0.042236328125
0.172317504882813 0.23712158203125 -0.2943115234375 -0.085205078125
0.00912475585937499 0.281707763671875 -0.139083862304687 -0.169815063476563
-0.250534057617188 0.225814819335938 0.0167999267578125 -0.136062622070313
-0.36688232421875 0.134368896484375 -0.0486030578613281 0.0266838073730469
-0.424957275390625 -0.00839233398437503 -0.209793090820313 -0.0351104736328125
-0.206710815429688 0.116561889648437 -0.6859130859375 -0.10809326171875
-0.13323974609375 0.14959716796875 -0.43511962890625 0.12774658203125
-0.01739501953125 0.147598266601562 -0.112319946289062 0.101486206054688
0.0457916259765625 0.1202392578125 -0.120330810546875 -0.0342330932617187
0.067840576171875 0.0683975219726563 -0.21099853515625 -0.0329437255859375
0.1180419921875 0.0299911499023437 -0.29083251953125 0.0731506347656251
0.117912292480469 0.0121536254882812 -0.32281494140625 0.188812255859375
0.115066528320313 0.0197372436523438 -0.305389404296875 0.2115478515625
0.136054992675781 0.0325546264648438 -0.347076416015625 0.186370849609375
0.098785400390625 0.0800552368164063 -0.370697021484375 0.042816162109375
0.0300216674804688 0.128822326660156 -0.298675537109375 -0.0997314453125
-0.0455245971679687 0.101966857910156 -0.137176513671875 -0.174453735351562
-0.121795654296875 0.0498809814453125 0.00552368164062499 -0.105079650878906
-0.139915466308594 0.034515380859375 -0.116157531738281 0.0474929809570312
-0.183868408203125 0.00311279296874997 -0.340301513671875 -0.058868408203125
-0.0854339599609375 -0.070526123046875 0.39678955078125 -0.01507568359375
-0.101486206054687 0.0553207397460938 0.153213500976563 -0.0705108642578125
-0.0230636596679688 0.117080688476562 -0.0319137573242187 0.0690841674804688
0.0656814575195313 0.0716323852539063 0.1036376953125 0.191360473632812
0.100242614746094 0.0152664184570313 0.25238037109375 0.134933471679688
0.0790176391601563 -0.0586013793945313 0.366424560546875 -0.0438232421875
0.05352783203125 -0.0927658081054688 0.37451171875 -0.20672607421875
0.0430755615234375 -0.0718612670898437 0.318511962890625 -0.22430419921875
0.046630859375 -0.0741653442382813 0.31866455078125 -0.181549072265625
0.07672119140625 -0.0245208740234375 0.309661865234375 -0.075927734375
0.05877685546875 0.0444831848144531 0.207046508789063 -0.000915527343749997
-0.00908660888671875 0.078399658203125 0.132438659667969 -0.00380706787109375
-0.0785598754882812 0.0186920166015625 0.185791015625 -0.112594604492188
-0.08843994140625 -0.0530166625976563 0.4608154296875 -0.154937744140625
-0.0148849487304687 -0.0811080932617188 0.77081298828125 0.15618896484375
-0.348724365234375 -0.067169189453125 0.350006103515625 -0.017974853515625
-0.2989501953125 0.1322021484375 0.130386352539062 -0.0549240112304687
-0.1558837890625 0.265274047851562 -0.0367431640625 0.0598373413085938
0.0679473876953125 0.252517700195313 0.0823516845703125 0.168289184570313
0.197250366210938 0.1414794921875 0.201614379882813 0.131454467773438
0.249649047851563 -0.0293731689453125 0.324066162109375 -0.018463134765625
0.220413208007812 -0.13140869140625 0.33721923828125 -0.1680908203125
0.202438354492188 -0.106155395507813 0.280624389648437 -0.188583374023437
0.229019165039063 -0.11444091796875 0.277816772460938 -0.143783569335937
0.25335693359375 -0.0053253173828125 0.25909423828125 -0.0721893310546875
0.197280883789063 0.165985107421875 0.148574829101563 -0.0163726806640625
0.0343780517578125 0.256973266601563 0.109138488769531 -0.0355377197265625
-0.211395263671875 0.187042236328125 0.188079833984375 -0.152923583984375
-0.3143310546875 0.055816650390625 0.45916748046875 -0.167938232421875
-0.28271484375 -0.073333740234375 0.7508544921875 0.12799072265625
-0.559814453125 -0.0474548339843749 0.2261962890625 -0.0371551513671875
-0.457611083984375 0.20489501953125 0.064239501953125 -0.0316848754882812
-0.261383056640625 0.3948974609375 -0.0434799194335938 0.0609169006347656
0.07183837890625 0.41021728515625 0.0613937377929688 0.135551452636719
0.275863647460938 0.250686645507813 0.136184692382813 0.111579895019531
0.389892578125 0.0015869140625 0.243743896484375 0.0045013427734375
0.3548583984375 -0.15289306640625 0.252044677734375 -0.107757568359375
0.330291748046875 -0.125885009765625 0.200347900390625 -0.12506103515625
0.376220703125 -0.140228271484375 0.1895751953125 -0.0820770263671875
0.39617919921875 0.011444091796875 0.162307739257813 -0.0598602294921875
0.3153076171875 0.263702392578125 0.0596275329589844 -0.03607177734375
0.083251953125 0.406768798828125 0.066680908203125 -0.0780105590820312
-0.3148193359375 0.3463134765625 0.174270629882812 -0.192626953125
-0.50225830078125 0.17218017578125 0.41473388671875 -0.165313720703125
-0.51068115234375 -0.052337646484375 0.64410400390625 0.08636474609375
-0.68377685546875 -0.01007080078125 0.0453147888183593 -0.061065673828125
-0.550933837890625 0.27032470703125 -0.0341510772705078 0.00259208679199221
-0.314453125 0.4921875 -0.0499229431152344 0.0681915283203125
0.08599853515625 0.516448974609375 0.0327987670898438 0.0913543701171875
0.329254150390625 0.322296142578125 0.0501251220703125 0.0787811279296875
0.479248046875 0.026641845703125 0.128364562988281 0.0277252197265625
0.436614990234375 -0.154266357421875 0.130523681640625 -0.0329513549804688
0.407745361328125 -0.1263427734375 0.0904388427734375 -0.042083740234375
0.46478271484375 -0.144622802734375 0.0725479125976563 -0.00394439697265626
0.47833251953125 0.02801513671875 0.0348587036132813 -0.0338935852050781
0.388763427734375 0.3270263671875 -0.0504531860351562 -0.0513420104980469
0.12176513671875 0.503875732421875 0.0069732666015625 -0.118423461914062
-0.37518310546875 0.46026611328125 0.142181396484375 -0.213363647460937
-0.6190185546875 0.25921630859375 0.32086181640625 -0.135162353515625
-0.658935546875 -0.0267944335937499 0.459075927734375 0.05419921875
-0.71038818359375 0.0346069335937499 -0.167221069335938 -0.0805511474609375
-0.56365966796875 0.30963134765625 -0.149124145507813 0.0470428466796875
-0.307220458984375 0.5269775390625 -0.061126708984375 0.0772552490234375
0.1009521484375 0.54644775390625 -0.00860977172851562 0.0418968200683594
0.33978271484375 0.338653564453125 -0.0457000732421875 0.04052734375
0.4993896484375 0.038299560546875 -0.00597000122070309 0.0479774475097656
0.45184326171875 -0.138092041015625 -0.0101432800292969 0.0465583801269531
0.424713134765625 -0.110687255859375 -0.0342445373535156 0.046051025390625
0.483489990234375 -0.126251220703125 -0.05908203125 0.0755615234375
0.48663330078125 0.04302978515625 -0.105278015136719 0.000297546386718746
0.3924560546875 0.34368896484375 -0.1632080078125 -0.05938720703125
0.12744140625 0.51885986328125 -0.0614166259765625 -0.145721435546875
-0.3834228515625 0.4874267578125 0.0932617187499999 -0.20684814453125
-0.639404296875 0.28948974609375 0.194320678710937 -0.07867431640625
-0.69775390625 -0.00775146484375003 0.225372314453125 0.0270233154296875
-0.633544921875 0.07684326171875 -0.383544921875 -0.09149169921875
-0.486602783203125 0.3033447265625 -0.266464233398438 0.0904846191406251
-0.245208740234375 0.47296142578125 -0.077606201171875 0.0838623046875
0.101226806640625 0.478729248046875 -0.0588417053222656 -0.00275802612304684
0.295013427734375 0.2955322265625 -0.136260986328125 0.00558471679687503
0.43841552734375 0.04351806640625 -0.137733459472656 0.0668563842773438
0.400146484375 -0.100677490234375 -0.148727416992188 0.1190185546875
0.375823974609375 -0.07672119140625 -0.15338134765625 0.127243041992188
0.42919921875 -0.0849609375 -0.185165405273438 0.142898559570312
0.414337158203125 0.06353759765625 -0.233184814453125 0.0311737060546875
0.31866455078125 0.312652587890625 -0.252044677734375 -0.0677032470703125
0.0853271484375 0.440704345703125 -0.11480712890625 -0.161880493164062
-0.343048095703125 0.403228759765625 0.046539306640625 -0.176513671875
-0.55157470703125 0.242401123046875 0.0601463317871093 -0.0146026611328125
-0.62158203125 -0.00579833984375006 -0.0152606964111329 0.00199127197265625
-0.457672119140625 0.1051025390625 -0.57147216796875 -0.0969848632812501
-0.33575439453125 0.2449951171875 -0.3685302734375 0.122222900390625
-0.14508056640625 0.333251953125 -0.0953292846679688 0.0919036865234375
0.080047607421875 0.32427978515625 -0.100791931152344 -0.030426025390625
0.197952270507813 0.198974609375 -0.197982788085937 -0.0188751220703125
0.305084228515625 0.038848876953125 -0.239730834960937 0.0771942138671875
0.283355712890625 -0.049102783203125 -0.260665893554688 0.174041748046875
0.2694091796875 -0.033538818359375 -0.251251220703125 0.188674926757813
0.309478759765625 -0.02984619140625 -0.286590576171875 0.184844970703125
0.278152465820313 0.077789306640625 -0.326904296875 0.049072265625
0.186508178710938 0.238311767578125 -0.30047607421875 -0.079132080078125
0.017242431640625 0.29205322265625 -0.141845703125 -0.169708251953125
-0.253128051757813 0.23931884765625 0.0162811279296875 -0.139396667480469
-0.375579833984375 0.143646240234375 -0.0525550842285156 0.0324592590332031
-0.442169189453125 -0.00531005859374993 -0.220428466796875 -0.025482177734375
-0.2130126953125 0.118499755859375 -0.70501708984375 -0.0955810546875
-0.140151977539063 0.155059814453125 -0.443328857421875 0.141571044921875
-0.0205535888671875 0.152816772460938 -0.109909057617188 0.106361389160156
0.051910400390625 0.125816345214844 -0.122428894042969 -0.03192138671875
0.0729446411132812 0.0720596313476562 -0.2158203125 -0.03021240234375
0.124618530273438 0.0271759033203125 -0.294036865234375 0.078155517578125
0.123085021972656 0.00748443603515625 -0.326080322265625 0.200927734375
0.121803283691406 0.01495361328125 -0.309173583984375 0.22100830078125
0.145233154296875 0.027557373046875 -0.3502197265625 0.19720458984375
0.106689453125 0.0786056518554688 -0.375579833984375 0.051239013671875
0.03759765625 0.131973266601563 -0.305572509765625 -0.094879150390625
-0.0432968139648438 0.10931396484375 -0.141464233398437 -0.173599243164063
-0.125244140625 0.0566329956054687 0.00362396240234374 -0.107589721679688
-0.146255493164063 0.0372161865234375 -0.122283935546875 0.053619384765625
-0.195266723632813 0.00175476074218749 -0.356414794921875 -0.0483703613281249
-0.0886993408203125 -0.0676498413085938 0.41827392578125 -0.033294677734375
-0.0965347290039063 0.059173583984375 0.162261962890625 -0.08123779296875
-0.018035888671875 0.1190185546875 -0.0306625366210938 0.0711669921875
0.0665283203125 0.0696144104003906 0.113021850585937 0.192306518554687
0.101425170898438 0.010223388671875 0.264724731445313 0.128448486328125
0.0767288208007813 -0.0641021728515625 0.37554931640625 -0.0589599609375
0.0486068725585938 -0.0982818603515625 0.378814697265625 -0.229156494140625
0.0379867553710938 -0.0748672485351563 0.322174072265625 -0.244476318359375
0.040557861328125 -0.076904296875 0.325103759765625 -0.200592041015625
0.0740966796875 -0.0298080444335938 0.317657470703125 -0.08941650390625
0.0623817443847656 0.0403099060058594 0.2139892578125 -0.0082244873046875
-0.00424957275390626 0.0794219970703125 0.136703491210938 -0.00861358642578124
-0.07891845703125 0.022918701171875 0.18701171875 -0.12213134765625
-0.0905303955078125 -0.0473403930664063 0.4730224609375 -0.17864990234375
-0.0145797729492187 -0.0793914794921875 0.80413818359375 0.1314697265625
-0.36126708984375 -0.055145263671875 0.371856689453125 -0.034149169921875
-0.297637939453125 0.145233154296875 0.141921997070313 -0.0642547607421875
-0.150863647460937 0.277877807617188 -0.0360374450683594 0.0620231628417969
0.0787200927734375 0.255996704101563 0.0912933349609375 0.170608520507813
0.207534790039063 0.137649536132813 0.21246337890625 0.1285400390625
0.254562377929688 -0.0432586669921875 0.334991455078125 -0.0316162109375
0.219345092773438 -0.146575927734375 0.342681884765625 -0.189483642578125
0.201950073242188 -0.118820190429688 0.284027099609375 -0.208526611328125
0.22906494140625 -0.128753662109375 0.2840576171875 -0.16021728515625
0.258346557617188 -0.0179290771484375 0.264984130859375 -0.0846099853515625
0.212249755859375 0.159820556640625 0.153472900390625 -0.0209503173828125
0.04840087890625 0.263046264648438 0.112594604492187 -0.04156494140625
-0.2108154296875 0.203582763671875 0.18878173828125 -0.163864135742188
-0.320953369140625 0.076202392578125 0.4720458984375 -0.1903076171875
-0.294342041015625 -0.062164306640625 0.78314208984375 0.10186767578125
-0.5787353515625 -0.0275878906250001 0.24334716796875 -0.0487213134765625
-0.4598388671875 0.22613525390625 0.0743942260742187 -0.0370407104492187
-0.25506591796875 0.417266845703125 -0.0404930114746094 0.0633583068847657
0.0914306640625 0.4190673828125 0.0692672729492188 0.13714599609375
0.29522705078125 0.247467041015625 0.142990112304688 0.110549926757813
0.401336669921875 -0.01947021484375 0.254318237304688 -0.0054779052734375
0.359527587890625 -0.1766357421875 0.258056640625 -0.124847412109375
0.33502197265625 -0.145233154296875 0.202133178710938 -0.1405029296875
0.38128662109375 -0.163665771484375 0.19769287109375 -0.0938873291015625
0.40704345703125 -0.007537841796875 0.166168212890625 -0.0668792724609375
0.340118408203125 0.256195068359375 0.0607681274414063 -0.036224365234375
0.105377197265625 0.41802978515625 0.0684356689453125 -0.08465576171875
-0.312957763671875 0.37237548828125 0.173095703125 -0.203872680664062
-0.51263427734375 0.20074462890625 0.425018310546875 -0.1829833984375
-0.532135009765625 -0.0330810546875001 0.67022705078125 0.06768798828125
-0.70928955078125 0.0124511718750001 0.0551185607910156 -0.0658760070800781
-0.55731201171875 0.298065185546875 -0.0263500213623047 0.00300407409667971
-0.30859375 0.52215576171875 -0.0463790893554688 0.071197509765625
0.112030029296875 0.530029296875 0.0379257202148438 0.0931549072265625
0.354583740234375 0.320587158203125 0.0546722412109375 0.0792160034179688
0.495880126953125 0.00335693359375 0.137611389160156 0.0209884643554687
0.445770263671875 -0.183074951171875 0.135749816894531 -0.04254150390625
0.416015625 -0.150390625 0.090911865234375 -0.0516128540039063
0.47430419921875 -0.173736572265625 0.0793991088867188 -0.00987243652343751
0.4947509765625 0.0057373046875 0.0344467163085938 -0.0360984802246094
0.419830322265625 0.318206787109375 -0.052581787109375 -0.0476837158203125
0.147979736328125 0.517120361328125 0.00434875488281251 -0.123451232910156
-0.37164306640625 0.492889404296875 0.138519287109375 -0.223556518554687
-0.6312255859375 0.2947998046875 0.330413818359375 -0.14630126953125
-0.68719482421875 -0.00408935546874986 0.476959228515625 0.044219970703125
-0.73504638671875 0.0595703124999999 -0.16680908203125 -0.0781707763671875
-0.57122802734375 0.3408203125 -0.144454956054688 0.0533294677734375
-0.300079345703125 0.56005859375 -0.05670166015625 0.0817031860351563
0.13226318359375 0.560577392578125 -0.00569152832031249 0.0434188842773438
0.368072509765625 0.337249755859375 -0.04583740234375 0.0435523986816406
0.518829345703125 0.014801025390625 -0.000400543212890595 0.047027587890625
0.464447021484375 -0.166290283203125 -0.00647735595703122 0.0455818176269531
0.43450927734375 -0.134735107421875 -0.0332984924316406 0.0452766418457031
0.495025634765625 -0.15618896484375 -0.0530776977539062 0.0776443481445312
0.503448486328125 0.021087646484375 -0.108512878417969 0.00460052490234375
0.4259033203125 0.334869384765625 -0.168441772460937 -0.0524444580078125
0.155548095703125 0.532806396484375 -0.0656585693359375 -0.149765014648437
-0.37896728515625 0.52215576171875 0.0887756347656249 -0.215744018554687
-0.6519775390625 0.32427978515625 0.199630737304688 -0.0826568603515625
-0.728271484375 0.0131835937499999 0.233154296875 0.025543212890625
-0.65496826171875 0.0987548828125001 -0.3934326171875 -0.081024169921875
-0.495758056640625 0.331817626953125 -0.266525268554688 0.1044921875
-0.2410888671875 0.5018310546875 -0.0733108520507813 0.0907058715820313
0.128631591796875 0.491485595703125 -0.0578079223632812 0.000167846679687533
0.32098388671875 0.295196533203125 -0.140625 0.0115966796875
0.4561767578125 0.0230712890625 -0.135848999023437 0.070953369140625
0.411102294921875 -0.1251220703125 -0.146194458007812 0.12738037109375
0.387481689453125 -0.098876953125 -0.154571533203125 0.134063720703125
0.44342041015625 -0.111236572265625 -0.182083129882812 0.152450561523438
0.431060791015625 0.045196533203125 -0.2384033203125 0.0406951904296875
0.3468017578125 0.307373046875 -0.2615966796875 -0.0573883056640625
0.109344482421875 0.45391845703125 -0.1226806640625 -0.163970947265625
-0.34051513671875 0.43206787109375 0.0433349609375 -0.18353271484375
-0.56451416015625 0.2720947265625 0.0616035461425781 -0.0123672485351562
-0.64990234375 0.0134887695312499 -0.0180320739746094 0.008148193359375
-0.47442626953125 0.120697021484375 -0.59149169921875 -0.0787963867187499
-0.34429931640625 0.26702880859375 -0.374053955078125 0.141693115234375
-0.14276123046875 0.354705810546875 -0.091644287109375 0.0990066528320313
0.099884033203125 0.336334228515625 -0.103309631347656 -0.0266571044921875
0.216659545898438 0.200302124023438 -0.204421997070313 -0.011566162109375
0.31976318359375 0.025115966796875 -0.24188232421875 0.0869903564453125
0.293731689453125 -0.06695556640625 -0.260604858398437 0.188995361328125
0.28070068359375 -0.048553466796875 -0.253280639648438 0.2022705078125
0.32305908203125 -0.048583984375 -0.286895751953125 0.20001220703125
0.293670654296875 0.065673828125 -0.333984375 0.063385009765625
0.207611083984375 0.23785400390625 -0.31134033203125 -0.06817626953125
0.03118896484375 0.30230712890625 -0.150543212890625 -0.170516967773437
-0.254425048828125 0.259231567382813 0.011810302734375 -0.144195556640625
-0.385223388671875 0.161834716796875 -0.0543594360351563 0.0399971008300781
-0.465057373046875 0.00662231445312508 -0.233352661132813 -0.0117645263671875
-0.21923828125 0.125320434570313 -0.73370361328125 -0.0706787109374999
-0.145782470703125 0.164718627929688 -0.45391845703125 0.165374755859375
-0.0206451416015625 0.160018920898438 -0.107528686523437 0.114707946777344
0.0612258911132812 0.131179809570313 -0.126091003417969 -0.0275192260742187
0.0826873779296875 0.074371337890625 -0.224227905273438 -0.023345947265625
0.13275146484375 0.022247314453125 -0.29962158203125 0.090057373046875
0.129646301269531 0.00095367431640625 -0.3291015625 0.220794677734375
0.129432678222656 0.0081329345703125 -0.312774658203125 0.24041748046875
0.15545654296875 0.01898193359375 -0.352020263671875 0.218414306640625
0.117149353027344 0.0745468139648438 -0.383087158203125 0.0675354003906249
0.048065185546875 0.135200500488281 -0.318267822265625 -0.08404541015625
-0.03863525390625 0.117286682128906 -0.151779174804688 -0.1734619140625
-0.128623962402344 0.0656661987304688 -9.91821289062459E-05 -0.111404418945313
-0.153350830078125 0.0432891845703125 -0.128463745117188 0.0643081665039063
-0.209259033203125 0.00547790527343747 -0.376190185546875 -0.031280517578125
-0.0925064086914063 -0.0620498657226562 0.43499755859375 -0.062774658203125
-0.0889434814453125 0.0636978149414063 0.168441772460938 -0.096099853515625
-0.0093841552734375 0.119224548339844 -0.0277557373046875 0.0740509033203125
0.0688667297363281 0.0660057067871094 0.125946044921875 0.188308715820313
0.101165771484375 0.0037994384765625 0.276718139648438 0.115020751953125
0.070770263671875 -0.0712051391601563 0.378509521484375 -0.083282470703125
0.0399017333984375 -0.103965759277344 0.37200927734375 -0.259307861328125
0.0297470092773437 -0.0771942138671875 0.31414794921875 -0.270782470703125
0.0321044921875 -0.080230712890625 0.32098388671875 -0.225372314453125
0.0693473815917969 -0.0362396240234375 0.3194580078125 -0.111663818359375
0.0658721923828125 0.0345191955566406 0.218856811523438 -0.0204315185546875
0.000770568847656257 0.0793304443359375 0.138862609863281 -0.0182037353515625
-0.077728271484375 0.028350830078125 0.183074951171875 -0.135574340820313
-0.092132568359375 -0.0389633178710938 0.474884033203125 -0.212799072265625
-0.0158309936523438 -0.0777435302734375 0.83050537109375 0.0841064453125
-0.37054443359375 -0.0339965820312501 0.389373779296875 -0.061126708984375
-0.289215087890625 0.16326904296875 0.150436401367187 -0.077606201171875
-0.13671875 0.29046630859375 -0.0322685241699219 0.0649375915527344
0.09423828125 0.25469970703125 0.103500366210938 0.167449951171875
0.2181396484375 0.126800537109375 0.223419189453125 0.118026733398438
0.254241943359375 -0.0625457763671875 0.340240478515625 -0.053375244140625
0.212066650390625 -0.166122436523438 0.33843994140625 -0.217926025390625
0.196136474609375 -0.133621215820313 0.277191162109375 -0.232040405273437
0.221908569335938 -0.14837646484375 0.28369140625 -0.18402099609375
0.258346557617188 -0.0372314453125 0.265335083007813 -0.102340698242188
0.22802734375 0.1451416015625 0.156585693359375 -0.0293426513671875
0.0685882568359375 0.264114379882813 0.113265991210938 -0.0507049560546875
-0.202011108398437 0.2235107421875 0.182693481445313 -0.177352905273438
-0.3212890625 0.1025390625 0.47601318359375 -0.2242431640625
-0.303314208984375 -0.04388427734375 0.80859375 0.0565185546875
-0.5927734375 0.00579833984374993 0.256942749023438 -0.0666351318359375
-0.452392578125 0.255584716796875 0.0839309692382812 -0.0449447631835937
-0.23748779296875 0.441070556640625 -0.036285400390625 0.0665550231933594
0.119110107421875 0.419830322265625 0.0796356201171875 0.135200500488281
0.316436767578125 0.233489990234375 0.152236938476563 0.104888916015625
0.406951904296875 -0.04840087890625 0.261032104492188 -0.023345947265625
0.35333251953125 -0.207122802734375 0.257064819335938 -0.146652221679688
0.331634521484375 -0.170806884765625 0.197235107421875 -0.159164428710938
0.376617431640625 -0.195098876953125 0.200103759765625 -0.111801147460938
0.41192626953125 -0.036041259765625 0.165512084960938 -0.07879638671875
0.3665771484375 0.234771728515625 0.0618171691894531 -0.0389595031738281
0.1361083984375 0.4185791015625 0.06549072265625 -0.0913848876953125
-0.298095703125 0.404052734375 0.164230346679687 -0.217071533203125
-0.50994873046875 0.240020751953125 0.4276123046875 -0.211700439453125
-0.54840087890625 -0.00210571289062495 0.69110107421875 0.0306396484375
-0.723388671875 0.0523071289062502 0.062286376953125 -0.0721511840820313
-0.55047607421875 0.33465576171875 -0.0168704986572266 0.00372219085693361
-0.285797119140625 0.553436279296875 -0.0414352416992188 0.07537841796875
0.149749755859375 0.532379150390625 0.0459976196289063 0.0919952392578125
0.38348388671875 0.3040771484375 0.06048583984375 0.079437255859375
0.50494384765625 -0.033233642578125 0.1451416015625 0.0095977783203125
0.443023681640625 -0.219940185546875 0.138412475585938 -0.0554046630859375
0.41473388671875 -0.18206787109375 0.0885162353515625 -0.0615463256835938
0.473175048828125 -0.212677001953125 0.0848007202148438 -0.0185699462890625
0.50396728515625 -0.028717041015625 0.0334548950195313 -0.038421630859375
0.45245361328125 0.29351806640625 -0.0544853210449218 -0.0431938171386719
0.1865234375 0.519989013671875 -0.001129150390625 -0.128616333007812
-0.35150146484375 0.532196044921875 0.128036499023437 -0.235626220703125
-0.6285400390625 0.341552734375 0.33245849609375 -0.167144775390625
-0.70587158203125 0.0350952148437501 0.48992919921875 0.018798828125
-0.74981689453125 0.10064697265625 -0.167343139648438 -0.0706329345703125
-0.56341552734375 0.3804931640625 -0.137420654296875 0.0632705688476563
-0.27728271484375 0.59381103515625 -0.0507583618164063 0.086151123046875
0.1722412109375 0.56396484375 -0.00107192993164062 0.04473876953125
0.4014892578125 0.3212890625 -0.0439796447753906 0.0488967895507813
0.530059814453125 -0.02325439453125 0.00633239746093753 0.0446395874023438
0.463104248046875 -0.204132080078125 -0.00149154663085935 0.0430870056152344
0.435699462890625 -0.1688232421875 -0.0338020324707031 0.0453529357910156
0.497772216796875 -0.197845458984375 -0.045501708984375 0.0790634155273437
0.5152587890625 -0.012298583984375 -0.109825134277344 0.0108871459960938
0.459747314453125 0.312835693359375 -0.173370361328125 -0.0400390625
0.192962646484375 0.535736083984375 -0.0746917724609375 -0.151473999023437
-0.358673095703125 0.558746337890625 0.0785369873046875 -0.223678588867188
-0.64739990234375 0.37176513671875 0.201522827148437 -0.09185791015625
-0.75128173828125 0.0538330078125 0.23992919921875 0.015869140625
-0.6668701171875 0.13543701171875 -0.400970458984375 -0.059173583984375
-0.4912109375 0.370635986328125 -0.260833740234375 0.124481201171875
-0.219451904296875 0.532257080078125 -0.0665740966796875 0.0963363647460938
0.16802978515625 0.496063232421875 -0.0568275451660156 0.00413513183593753
0.350982666015625 0.282012939453125 -0.142578125 0.022125244140625
0.46868896484375 -0.00982666015625 -0.130760192871094 0.077850341796875
0.413787841796875 -0.158905029296875 -0.139427185058594 0.136001586914063
0.392059326171875 -0.12847900390625 -0.152236938476562 0.14361572265625
0.44757080078125 -0.148956298828125 -0.1727294921875 0.1636962890625
0.444610595703125 0.016326904296875 -0.240203857421875 0.0561370849609375
0.377838134765625 0.289306640625 -0.268341064453125 -0.0400390625
0.141204833984375 0.4580078125 -0.1334228515625 -0.161712646484375
-0.324066162109375 0.464996337890625 0.03271484375 -0.188980102539062
-0.5611572265625 0.312042236328125 0.0633773803710937 -0.0118370056152344
-0.6705322265625 0.0491333007812501 -0.0185413360595704 0.0142192840576172
-0.48089599609375 0.1463623046875 -0.60723876953125 -0.0439453124999999
-0.342010498046875 0.2952880859375 -0.37200927734375 0.170135498046875
-0.128997802734375 0.37615966796875 -0.08502197265625 0.106346130371094
0.129241943359375 0.33807373046875 -0.104972839355469 -0.0201416015625
0.238937377929687 0.192535400390625 -0.209426879882812 0.00108337402343751
0.330596923828125 0.00146484375 -0.239974975585937 0.100860595703125
0.2984619140625 -0.090423583984375 -0.252822875976563 0.208633422851563
0.28558349609375 -0.070831298828125 -0.248184204101562 0.221176147460937
0.32855224609375 -0.0767822265625 -0.278594970703125 0.220993041992188
0.306243896484375 0.04522705078125 -0.33636474609375 0.0841369628906251
0.230422973632812 0.227554321289062 -0.320465087890625 -0.0481567382812499
0.052764892578125 0.308319091796875 -0.16253662109375 -0.165267944335937
-0.24542236328125 0.282501220703125 0.00299072265624998 -0.147842407226562
-0.386688232421875 0.188323974609375 -0.0537071228027344 0.0488853454589844
-0.482208251953125 0.0319213867187499 -0.2412109375 0.00749206542968746
-0.220504760742187 0.136184692382813 -0.75372314453125 -0.0275268554687501
-0.146163940429688 0.178878784179687 -0.455352783203125 0.20037841796875
-0.0164947509765625 0.168182373046875 -0.100700378417969 0.123100280761719
0.0734329223632813 0.131874084472656 -0.128715515136719 -0.0203094482421875
0.0927276611328125 0.07342529296875 -0.230804443359375 -0.00979614257812495
0.1396484375 0.0129547119140625 -0.299560546875 0.108428955078125
0.135627746582031 -0.0089569091796875 -0.321441650390625 0.24615478515625
0.136016845703125 -0.00212860107421875 -0.306396484375 0.26409912109375
0.162567138671875 0.00543212890625 -0.345123291015625 0.24468994140625
0.127037048339844 0.0670242309570313 -0.3857421875 0.0930480957031249
0.06103515625 0.134597778320312 -0.3280029296875 -0.06451416015625
-0.0304031372070313 0.124656677246094 -0.164520263671875 -0.166839599609375
-0.128219604492188 0.0765380859375 -0.00812530517578127 -0.113540649414063
-0.157302856445312 0.0529632568359375 -0.12982177734375 0.0781707763671875
-0.220367431640625 0.01556396484375 -0.3914794921875 -0.00329589843750004
-0.0931854248046875 -0.0548934936523437 0.43695068359375 -0.0955810546875
-0.0784072875976563 0.0654296875 0.168487548828125 -0.111785888671875
3.05175781250074E-05 0.11492919921875 -0.0224380493164063 0.0750274658203125
0.0702400207519531 0.06134033203125 0.137771606445313 0.179031372070313
0.098541259765625 -0.002532958984375 0.282196044921875 0.095947265625
0.0629425048828125 -0.076446533203125 0.37005615234375 -0.107086181640625
0.0281829833984375 -0.105667114257813 0.35321044921875 -0.285308837890625
0.0215835571289062 -0.0770492553710938 0.2962646484375 -0.292022705078125
0.0234603881835938 -0.0809173583984375 0.30615234375 -0.246490478515625
0.0626564025878906 -0.0407867431640625 0.310272216796875 -0.130950927734375
0.0669326782226563 0.0262832641601563 0.2169189453125 -0.0343475341796875
0.00730133056640625 0.0761566162109375 0.1373291015625 -0.0274200439453125
-0.073455810546875 0.0340957641601562 0.17401123046875 -0.1473388671875
-0.0898361206054688 -0.0293045043945312 0.461700439453125 -0.247711181640625
-0.0174026489257813 -0.0741043090820313 0.83258056640625 0.02838134765625
-0.368988037109375 -0.010040283203125 0.39276123046875 -0.09002685546875
-0.271575927734375 0.176727294921875 0.153060913085937 -0.09124755859375
-0.116790771484375 0.295684814453125 -0.0266036987304688 0.0658493041992188
0.108901977539063 0.246688842773438 0.114883422851563 0.159103393554688
0.223983764648438 0.111373901367188 0.22979736328125 0.103790283203125
0.246200561523437 -0.0815582275390625 0.335845947265625 -0.076751708984375
0.196533203125 -0.180908203125 0.32366943359375 -0.24127197265625
0.1834716796875 -0.145828247070312 0.260498046875 -0.251693725585938
0.207870483398438 -0.163482666015625 0.272293090820313 -0.20440673828125
0.251190185546875 -0.056732177734375 0.257843017578125 -0.11859130859375
0.238418579101563 0.124847412109375 0.155746459960938 -0.0385894775390625
0.0872955322265625 0.256546020507812 0.109718322753906 -0.0585784912109375
-0.185882568359375 0.238967895507813 0.170700073242188 -0.1868896484375
-0.3099365234375 0.127105712890625 0.462860107421875 -0.255035400390625
-0.304840087890625 -0.022674560546875 0.80908203125 0.00482177734375
-0.59033203125 0.0401611328124999 0.26239013671875 -0.0868377685546875
-0.430084228515625 0.27911376953125 0.0903778076171875 -0.0536575317382812
-0.208831787109375 0.455474853515625 -0.0294075012207031 0.0680351257324219
0.146392822265625 0.408843994140625 0.08917236328125 0.128509521484375
0.330780029296875 0.21142578125 0.158599853515625 0.0960845947265625
0.398651123046875 -0.07952880859375 0.259674072265625 -0.0423126220703125
0.3359375 -0.233245849609375 0.2470703125 -0.166275024414063
0.316619873046875 -0.19232177734375 0.183929443359375 -0.17364501953125
0.359466552734375 -0.222869873046875 0.194961547851563 -0.127365112304688
0.40478515625 -0.066558837890625 0.159072875976563 -0.08831787109375
0.382293701171875 0.205169677734375 0.0612602233886719 -0.0408554077148437
0.163909912109375 0.40673828125 0.0592193603515625 -0.0963973999023437
-0.271575927734375 0.42633056640625 0.150604248046875 -0.225006103515625
-0.4921875 0.27581787109375 0.416473388671875 -0.238494873046875
-0.549285888671875 0.033416748046875 0.69140625 -0.01226806640625
-0.72119140625 0.0953369140624999 0.0678558349609375 -0.0786666870117188
-0.524627685546875 0.36627197265625 -0.0069828033447266 0.00205039978027346
-0.25054931640625 0.572021484375 -0.0335845947265625 0.07666015625
0.187408447265625 0.517608642578125 0.054046630859375 0.0880661010742188
0.403350830078125 0.275848388671875 0.0659942626953125 0.0765304565429688
0.499053955078125 -0.07196044921875 0.14794921875 -0.0024566650390625
0.425201416015625 -0.252044677734375 0.135231018066406 -0.0682907104492188
0.399932861328125 -0.21099853515625 0.081939697265625 -0.0693206787109375
0.45611572265625 -0.2481689453125 0.0867462158203125 -0.0279083251953125
0.497283935546875 -0.064666748046875 0.0309524536132813 -0.0396270751953125
0.47216796875 0.25775146484375 -0.0548934936523437 -0.0370559692382812
0.2225341796875 0.504180908203125 -0.00999450683593748 -0.128822326660156
-0.316375732421875 0.555450439453125 0.112655639648437 -0.240432739257812
-0.6043701171875 0.3858642578125 0.324005126953125 -0.18572998046875
-0.7064208984375 0.08001708984375 0.491485595703125 -0.011138916015625
-0.74456787109375 0.14361572265625 -0.163192749023438 -0.061492919921875
-0.53924560546875 0.415130615234375 -0.124137878417969 0.0708694458007813
-0.24090576171875 0.6142578125 -0.0425338745117188 0.0883483886718751
0.21246337890625 0.549530029296875 0.00411987304687501 0.0440254211425782
0.422607421875 0.29376220703125 -0.0394401550292968 0.0533294677734375
0.525421142578125 -0.061737060546875 0.011993408203125 0.0401802062988281
0.446746826171875 -0.24029541015625 0.00344848632812503 0.0395774841308594
0.42388916015625 -0.19891357421875 -0.0333175659179687 0.045440673828125
0.4818115234375 -0.2362060546875 -0.0371017456054687 0.0782470703125
0.51104736328125 -0.051727294921875 -0.108596801757812 0.0190200805664063
0.48150634765625 0.27532958984375 -0.172866821289062 -0.026275634765625
0.22943115234375 0.520751953125 -0.083892822265625 -0.147308349609375
-0.324462890625 0.58258056640625 0.064453125 -0.22564697265625
-0.621337890625 0.41473388671875 0.198135375976562 -0.1016845703125
-0.7509765625 0.0990600585937501 0.2403564453125 0.00370788574218751
-0.6605224609375 0.1729736328125 -0.398162841796875 -0.0345458984374999
-0.4678955078125 0.400177001953125 -0.24615478515625 0.141189575195312
-0.1888427734375 0.55133056640625 -0.0569839477539063 0.0995025634765625
0.20367431640625 0.482086181640625 -0.0544853210449219 0.00722122192382815
0.372589111328125 0.2581787109375 -0.138893127441406 0.0329971313476563
0.466217041015625 -0.045196533203125 -0.122032165527344 0.0816650390625
0.4031982421875 -0.191314697265625 -0.128219604492187 0.141815185546875
0.38232421875 -0.157012939453125 -0.14447021484375 0.152542114257813
0.43505859375 -0.18402099609375 -0.159027099609375 0.171783447265625
0.443450927734375 -0.01800537109375 -0.234619140625 0.0719757080078126
0.398193359375 0.2601318359375 -0.267532348632813 -0.0203399658203124
0.171875 0.44671630859375 -0.142654418945312 -0.153106689453125
-0.294830322265625 0.486846923828125 0.0205230712890625 -0.188919067382812
-0.541412353515625 0.347686767578125 0.0642852783203125 -0.0119361877441406
-0.67352294921875 0.0894165039062499 -0.0181961059570313 0.0192222595214844
-0.475006103515625 0.172607421875 -0.60498046875 -0.00372314453125002
-0.32586669921875 0.3173828125 -0.355682373046875 0.1959228515625
-0.108978271484375 0.388519287109375 -0.075439453125 0.111190795898438
0.15350341796875 0.3287353515625 -0.103347778320312 -0.0131988525390625
0.254974365234375 0.17657470703125 -0.20794677734375 0.0161285400390625
0.330535888671875 -0.023223876953125 -0.229644775390625 0.112899780273437
0.29364013671875 -0.114532470703125 -0.237091064453125 0.223358154296875
0.28253173828125 -0.092315673828125 -0.234451293945313 0.236557006835937
0.323394775390625 -0.1036376953125 -0.260223388671875 0.2364501953125
0.308837890625 0.02142333984375 -0.3280029296875 0.106353759765625
0.247634887695313 0.20953369140625 -0.320098876953125 -0.025634765625
0.07427978515625 0.305816650390625 -0.172103881835937 -0.154647827148437
-0.228515625 0.298675537109375 -0.00614929199218753 -0.146514892578125
-0.37591552734375 0.2130126953125 -0.0500297546386719 0.0570411682128906
-0.486663818359375 0.0605163574218751 -0.242111206054688 0.0270233154296876
-0.215652465820312 0.14501953125 -0.7525634765625 0.02191162109375
-0.13909912109375 0.189544677734375 -0.441162109375 0.23126220703125
-0.0104827880859375 0.172378540039063 -0.0908203125 0.128570556640625
0.0838394165039063 0.12689208984375 -0.128944396972656 -0.0113754272460937
0.0997238159179688 0.0680313110351563 -0.2293701171875 0.00546264648437502
0.141983032226563 0.0025634765625 -0.290313720703125 0.1256103515625
0.13714599609375 -0.0204925537109375 -0.30352783203125 0.267120361328125
0.138023376464844 -0.013916015625 -0.288787841796875 0.2841796875
0.164138793945313 -0.0091552734375 -0.32525634765625 0.264892578125
0.134185791015625 0.0548248291015625 -0.37567138671875 0.1170654296875
0.0732040405273438 0.129417419433594 -0.329620361328125 -0.040008544921875
-0.0203018188476563 0.128395080566406 -0.174118041992188 -0.155715942382813
-0.124122619628906 0.0855941772460937 -0.0164718627929688 -0.111862182617188
-0.156585693359375 0.0630645751953125 -0.125770568847656 0.0909423828125
-0.22528076171875 0.0279998779296875 -0.39312744140625 0.0273132324218749
-0.0913772583007813 -0.0475006103515625 0.42913818359375 -0.118194580078125
-0.0693435668945313 0.0632247924804687 0.165618896484375 -0.122894287109375
0.00585174560546875 0.108589172363281 -0.0177154541015625 0.0737228393554688
0.0698432922363281 0.0563697814941406 0.14349365234375 0.166900634765625
0.0941314697265625 -0.00720977783203125 0.279525756835937 0.080291748046875
0.05499267578125 -0.0782546997070313 0.35546875 -0.120941162109375
0.018463134765625 -0.10345458984375 0.330322265625 -0.29644775390625
0.0146484375 -0.0745086669921875 0.276092529296875 -0.300384521484375
0.016357421875 -0.0787200927734375 0.288360595703125 -0.257171630859375
0.0555076599121094 -0.0427932739257813 0.297210693359375 -0.142852783203125
0.0655632019042969 0.0199012756347656 0.210525512695313 -0.0438232421875
0.0112228393554687 0.07147216796875 0.132667541503906 -0.03375244140625
-0.0676460266113281 0.0375480651855469 0.163223266601563 -0.151824951171875
-0.0851898193359375 -0.021728515625 0.44061279296875 -0.265716552734375
-0.0173568725585937 -0.0704574584960938 0.8140869140625 -0.01239013671875
-0.3607177734375 0.00714111328124994 0.388031005859375 -0.111419677734375
-0.253250122070313 0.179412841796875 0.153350830078125 -0.102401733398437
-0.099884033203125 0.292236328125 -0.0211753845214844 0.0650482177734375
0.116561889648438 0.234939575195313 0.120391845703125 0.14837646484375
0.222671508789063 0.0985260009765625 0.229019165039062 0.0900421142578125
0.233154296875 -0.0935211181640625 0.324951171875 -0.09161376953125
0.179244995117188 -0.187774658203125 0.304595947265625 -0.253997802734375
0.170166015625 -0.149978637695313 0.242416381835937 -0.2591552734375
0.19189453125 -0.171463012695313 0.258590698242188 -0.21441650390625
0.239471435546875 -0.0685882568359375 0.245986938476563 -0.127487182617188
0.238616943359375 0.106597900390625 0.15081787109375 -0.0443115234375
0.0987701416015625 0.2454833984375 0.104530334472656 -0.0625228881835937
-0.169509887695313 0.245040893554688 0.158828735351563 -0.1903076171875
-0.294281005859375 0.142333984375 0.4434814453125 -0.273040771484375
-0.29840087890625 -0.00738525390625002 0.79107666015625 -0.0311279296875
-0.57489013671875 0.06463623046875 0.261093139648437 -0.101638793945312
-0.403778076171875 0.287506103515625 0.0949935913085937 -0.06201171875
-0.1834716796875 0.45428466796875 -0.0233802795410156 0.06610107421875
0.16265869140625 0.390777587890625 0.0951156616210938 0.119583129882813
0.33258056640625 0.19110107421875 0.159561157226563 0.0867919921875
0.38311767578125 -0.099639892578125 0.25372314453125 -0.0561676025390625
0.31451416015625 -0.247528076171875 0.2342529296875 -0.177871704101563
0.299041748046875 -0.203125 0.171554565429688 -0.179794311523438
0.33697509765625 -0.2392578125 0.186431884765625 -0.136993408203125
0.389434814453125 -0.086456298828125 0.151641845703125 -0.0925445556640625
0.383392333984375 0.17669677734375 0.0590553283691406 -0.042205810546875
0.18121337890625 0.38995361328125 0.0531234741210938 -0.0974273681640625
-0.245758056640625 0.432891845703125 0.137649536132813 -0.224945068359375
-0.465850830078125 0.297027587890625 0.400543212890625 -0.252716064453125
-0.5384521484375 0.057708740234375 0.67584228515625 -0.04241943359375
-0.70343017578125 0.12225341796875 0.0710830688476562 -0.0838088989257812
-0.495635986328125 0.37835693359375 0.00253653526306149 -0.00180196762084959
-0.22021484375 0.5732421875 -0.0267257690429688 0.0746994018554688
0.20751953125 0.496307373046875 0.0589523315429688 0.081634521484375
0.408935546875 0.2520751953125 0.0694808959960938 0.0735931396484375
0.482391357421875 -0.097412109375 0.146621704101563 -0.012725830078125
0.4012451171875 -0.27178955078125 0.130233764648438 -0.07733154296875
0.381317138671875 -0.226470947265625 0.0756149291992188 -0.0718841552734375
0.430267333984375 -0.271392822265625 0.0855560302734375 -0.0351943969726563
0.481689453125 -0.09130859375 0.0288848876953125 -0.039215087890625
0.47503662109375 0.224639892578125 -0.0529670715332031 -0.0320625305175781
0.241455078125 0.482421875 -0.015777587890625 -0.125747680664062
-0.2861328125 0.56298828125 0.099884033203125 -0.238113403320313
-0.57183837890625 0.4078369140625 0.3114013671875 -0.195159912109375
-0.6923828125 0.10845947265625 0.478790283203125 -0.0301513671875
-0.725830078125 0.17041015625 -0.15484619140625 -0.0559234619140625
-0.50927734375 0.427001953125 -0.110710144042969 0.0730972290039063
-0.20867919921875 0.6180419921875 -0.0343856811523438 0.0869674682617188
0.235198974609375 0.525665283203125 0.00873565673828126 0.0414352416992188
0.429595947265625 0.26788330078125 -0.0350608825683593 0.0558547973632813
0.509002685546875 -0.089569091796875 0.0167465209960938 0.0350666046142578
0.42645263671875 -0.2611083984375 0.0058860778808594 0.0343551635742187
0.40521240234375 -0.21661376953125 -0.0328369140625 0.0454673767089844
0.4566650390625 -0.261474609375 -0.029998779296875 0.0739898681640625
0.496551513671875 -0.077850341796875 -0.104736328125 0.024383544921875
0.4854736328125 0.241455078125 -0.16796875 -0.0164794921875
0.2474365234375 0.498779296875 -0.0891876220703125 -0.140426635742187
-0.29046630859375 0.59002685546875 0.0529632568359375 -0.222274780273437
-0.590087890625 0.435546875 0.19207763671875 -0.105636596679687
-0.73480224609375 0.12872314453125 0.234359741210937 -0.00529479980468749
-0.64404296875 0.19464111328125 -0.385772705078125 -0.017486572265625
-0.44256591796875 0.4117431640625 -0.228378295898438 0.149337768554688
-0.16253662109375 0.5555419921875 -0.0482559204101562 0.0987472534179688
0.223602294921875 0.4619140625 -0.0502090454101562 0.00884246826171878
0.378509521484375 0.235198974609375 -0.132896423339844 0.0401382446289062
0.453643798828125 -0.070404052734375 -0.113136291503906 0.0823593139648438
0.385986328125 -0.211761474609375 -0.117431640625 0.142730712890625
0.368255615234375 -0.173797607421875 -0.13592529296875 0.156112670898437
0.414398193359375 -0.2080078125 -0.145187377929687 0.17181396484375
0.43316650390625 -0.04254150390625 -0.224929809570313 0.0819091796875
0.404327392578125 0.230010986328125 -0.259628295898438 -0.00564575195312497
0.18988037109375 0.430419921875 -0.1470947265625 -0.142974853515625
-0.26934814453125 0.492523193359375 0.0123748779296875 -0.184677124023437
-0.51434326171875 0.366455078125 0.0647544860839843 -0.0108833312988281
-0.65948486328125 0.115234375 -0.0176239013671875 0.022613525390625
-0.462860107421875 0.18536376953125 -0.5887451171875 0.02264404296875
-0.30889892578125 0.3267822265625 -0.336334228515625 0.209747314453125
-0.09246826171875 0.391571044921875 -0.066253662109375 0.110855102539063
0.16748046875 0.3140869140625 -0.100456237792969 -0.00832366943359375
0.261184692382813 0.16156005859375 -0.201019287109375 0.026763916015625
0.323394775390625 -0.04083251953125 -0.217254638671875 0.118850708007812
0.28326416015625 -0.130584716796875 -0.22021484375 0.22808837890625
0.273223876953125 -0.106185913085937 -0.219467163085937 0.242294311523438
0.31072998046875 -0.12188720703125 -0.24237060546875 0.24151611328125
0.30401611328125 0.00238037109375 -0.314453125 0.118988037109375
0.255020141601563 0.190231323242188 -0.311981201171875 -0.00759887695312503
0.08795166015625 0.29681396484375 -0.175247192382813 -0.143173217773438
-0.21197509765625 0.3045654296875 -0.0135650634765625 -0.141403198242187
-0.359954833984375 0.226226806640625 -0.0454864501953125 0.0616455078125
-0.47979736328125 0.0788879394531251 -0.236221313476563 0.0412445068359375
-0.208450317382812 0.147125244140625 -0.73516845703125 0.0567626953125001
-0.132415771484375 0.193771362304688 -0.42022705078125 0.250396728515625
-0.00657653808593751 0.17431640625 -0.0814971923828125 0.128837585449219
0.0892562866210937 0.12115478515625 -0.125244140625 -0.00531005859375
0.104110717773437 0.062408447265625 -0.223464965820313 0.0164642333984375
0.140914916992187 -0.0054779052734375 -0.277679443359375 0.135177612304687
0.135635375976563 -0.0294876098632813 -0.28399658203125 0.275634765625
0.136466979980469 -0.0222015380859375 -0.269500732421875 0.29290771484375
0.161346435546875 -0.0203704833984375 -0.304107666015625 0.274322509765625
0.135581970214844 0.04443359375 -0.359283447265625 0.131927490234375
0.0805130004882813 0.122756958007813 -0.32183837890625 -0.022064208984375
-0.0120925903320312 0.127761840820313 -0.17706298828125 -0.142959594726563
-0.118972778320313 0.0908203125 -0.02178955078125 -0.107505798339844
-0.15301513671875 0.06878662109375 -0.119293212890625 0.0992965698242188
-0.22491455078125 0.0369873046875 -0.384796142578125 0.0489501953124999
-0.0882186889648438 -0.0435104370117188 0.4232177734375 -0.1302490234375
-0.0628929138183594 0.0577201843261719 0.16436767578125 -0.131072998046875
0.00848388671874999 0.101966857910156 -0.0149612426757813 0.0716018676757812
0.068115234375 0.0534324645996094 0.144210815429688 0.1583251953125
0.0914535522460938 -0.0097198486328125 0.274002075195313 0.0717620849609375
0.0491104125976562 -0.0782089233398437 0.3446044921875 -0.126251220703125
0.0126266479492188 -0.0998764038085938 0.316925048828125 -0.299774169921875
0.0101318359375 -0.070831298828125 0.26409912109375 -0.3021240234375
0.0107955932617187 -0.0756988525390625 0.278640747070313 -0.25836181640625
0.0501213073730469 -0.0430946350097656 0.28753662109375 -0.145233154296875
0.0633316040039063 0.0146560668945313 0.203887939453125 -0.048309326171875
0.0129776000976563 0.0670967102050781 0.129302978515625 -0.0359725952148437
-0.063079833984375 0.0385284423828125 0.156951904296875 -0.152679443359375
-0.0794677734375 -0.0172576904296875 0.42626953125 -0.2738037109375
-0.0155677795410156 -0.0675430297851563 0.7965087890625 -0.02850341796875
-0.3521728515625 0.013641357421875 0.383941650390625 -0.122711181640625
-0.241012573242188 0.1754150390625 0.155014038085937 -0.11053466796875
-0.092071533203125 0.28631591796875 -0.0177268981933594 0.0624008178710938
0.118743896484375 0.226181030273437 0.121376037597656 0.140121459960938
0.220184326171875 0.0911407470703125 0.225570678710937 0.083251953125
0.223159790039063 -0.098541259765625 0.315643310546875 -0.0972900390625
0.168411254882813 -0.188629150390625 0.292266845703125 -0.2586669921875
0.162155151367187 -0.149490356445313 0.231658935546875 -0.261016845703125
0.18048095703125 -0.17340087890625 0.249740600585938 -0.217544555664063
0.229415893554687 -0.0737762451171875 0.238601684570313 -0.129409790039063
0.235397338867187 0.0944976806640625 0.1473388671875 -0.04632568359375
0.102264404296875 0.236648559570312 0.100563049316406 -0.0637435913085937
-0.1593017578125 0.246322631835938 0.152908325195312 -0.189437866210937
-0.2816162109375 0.148529052734375 0.429595947265625 -0.27813720703125
-0.29241943359375 0.000122070312500021 0.77362060546875 -0.0472412109375
-0.5631103515625 0.0735473632812501 0.261978149414062 -0.110549926757812
-0.388214111328125 0.282745361328125 0.0998458862304687 -0.0696182250976562
-0.17083740234375 0.44891357421875 -0.0196304321289063 0.0636482238769532
0.16650390625 0.3770751953125 0.09698486328125 0.1126708984375
0.330230712890625 0.178955078125 0.158798217773438 0.0825653076171875
0.36956787109375 -0.10931396484375 0.247955322265625 -0.062713623046875
0.298370361328125 -0.2520751953125 0.225143432617188 -0.183151245117188
0.28729248046875 -0.206085205078125 0.16339111328125 -0.1798095703125
0.321685791015625 -0.245208740234375 0.181747436523438 -0.140838623046875
0.3763427734375 -0.096466064453125 0.147262573242188 -0.092926025390625
0.38006591796875 0.15985107421875 0.0582008361816406 -0.0421066284179687
0.18695068359375 0.37811279296875 0.0499725341796875 -0.096923828125
-0.22943115234375 0.434356689453125 0.131072998046875 -0.2225341796875
-0.4468994140625 0.303314208984375 0.388275146484375 -0.257232666015625
-0.52825927734375 0.06634521484375 0.66046142578125 -0.05340576171875
-0.68865966796875 0.1304931640625 0.0760574340820312 -0.0875625610351562
-0.4774169921875 0.374298095703125 0.0106945037841797 -0.00721740722656248
-0.20458984375 0.57086181640625 -0.0221710205078125 0.0712356567382813
0.2152099609375 0.478759765625 0.0604171752929688 0.0769424438476563
0.407012939453125 0.237030029296875 0.0710983276367188 0.0719375610351563
0.4677734375 -0.109100341796875 0.14544677734375 -0.0193023681640625
0.384552001953125 -0.279571533203125 0.126266479492188 -0.0820770263671875
0.36859130859375 -0.231414794921875 0.0710372924804688 -0.0724105834960938
0.4112548828125 -0.28009033203125 0.0848236083984375 -0.0398635864257813
0.468170166015625 -0.102569580078125 0.028228759765625 -0.0384674072265625
0.471466064453125 0.20574951171875 -0.0513687133789062 -0.0287094116210937
0.247283935546875 0.4681396484375 -0.0188217163085937 -0.122184753417969
-0.2672119140625 0.562744140625 0.09356689453125 -0.233901977539062
-0.55029296875 0.413482666015625 0.30352783203125 -0.197052001953125
-0.67987060546875 0.1197509765625 0.4677734375 -0.036468505859375
-0.7122802734375 0.17669677734375 -0.14593505859375 -0.0547332763671875
-0.490478515625 0.426666259765625 -0.0993728637695313 0.0702362060546875
-0.19384765625 0.6165771484375 -0.0296554565429688 0.0835647583007813
0.24407958984375 0.508575439453125 0.0103225708007813 0.0389022827148438
0.4307861328125 0.252532958984375 -0.030517578125 0.0579071044921875
0.495361328125 -0.103607177734375 0.0196781158447266 0.0296955108642578
0.409210205078125 -0.269805908203125 0.00738716125488284 0.0303974151611328
0.3931884765625 -0.22259521484375 -0.0320243835449219 0.0454597473144531
0.438873291015625 -0.2708740234375 -0.0266761779785156 0.0695610046386719
0.483306884765625 -0.090667724609375 -0.100486755371094 0.026763916015625
0.482330322265625 0.222747802734375 -0.16265869140625 -0.0113525390625
0.25506591796875 0.483245849609375 -0.0911178588867187 -0.134956359863281
-0.2760009765625 0.58880615234375 0.048614501953125 -0.216796875
-0.56866455078125 0.44073486328125 0.188339233398437 -0.105712890625
-0.72467041015625 0.1392822265625 0.228607177734375 -0.00709533691406249
-0.6326904296875 0.19927978515625 -0.373748779296875 -0.0109558105468749
-0.427490234375 0.41168212890625 -0.214675903320312 0.149810791015625
-0.148529052734375 0.554962158203125 -0.0439605712890625 0.0961227416992188
0.23272705078125 0.44598388671875 -0.0478553771972656 0.00914382934570315
0.380096435546875 0.222442626953125 -0.127426147460937 0.044281005859375
0.4420166015625 -0.08251953125 -0.107017517089844 0.0792617797851562
0.372650146484375 -0.2215576171875 -0.110458374023438 0.1395263671875
0.35858154296875 -0.181243896484375 -0.131072998046875 0.156631469726562
0.399932861328125 -0.218841552734375 -0.137374877929687 0.168106079101563
0.42144775390625 -0.0548095703125 -0.217178344726562 0.0857086181640625
0.402496337890625 0.214691162109375 -0.251998901367188 0.00117492675781256
0.19476318359375 0.418548583984375 -0.146942138671875 -0.137222290039062
-0.25543212890625 0.49200439453125 0.00907897949218747 -0.179244995117188
-0.4984130859375 0.37005615234375 0.0657463073730468 -0.0096321105957031
-0.65118408203125 0.12457275390625 -0.0183792114257813 0.0253486633300781
-0.455474853515625 0.18658447265625 -0.5743408203125 0.0358276367187499
-0.299713134765625 0.327728271484375 -0.321563720703125 0.2147216796875
-0.08447265625 0.39385986328125 -0.0617294311523437 0.108535766601563
0.173553466796875 0.304962158203125 -0.0974273681640625 -0.00611114501953121
0.262252807617188 0.1533203125 -0.194366455078125 0.0323944091796875
0.316558837890625 -0.050048828125 -0.20904541015625 0.117324829101562
0.274795532226563 -0.139175415039063 -0.209320068359375 0.226959228515625
0.267959594726563 -0.113143920898438 -0.2103271484375 0.243850708007812
0.301025390625 -0.1319580078125 -0.230361938476562 0.238876342773438
0.297332763671875 -0.0079345703125 -0.302642822265625 0.12359619140625
0.256393432617188 0.178497314453125 -0.302764892578125 0.000732421874999982
0.092926025390625 0.2899169921875 -0.174240112304688 -0.135528564453125
-0.203033447265625 0.305267333984375 -0.0158767700195313 -0.136726379394531
-0.349639892578125 0.22930908203125 -0.0419540405273438 0.0654411315917969
-0.473968505859375 0.086761474609375 -0.231658935546875 0.048492431640625
-0.205795288085937 0.1446533203125 -0.71905517578125 0.0713500976562499
-0.128402709960938 0.195404052734375 -0.406219482421875 0.257843017578125
-0.00595092773437499 0.1759033203125 -0.0772857666015625 0.126785278320312
0.091278076171875 0.117561340332031 -0.12188720703125 -0.00215911865234372
0.105499267578125 0.0602035522460938 -0.216964721679688 0.0219573974609375
0.13983154296875 -0.00920867919921875 -0.26873779296875 0.136795043945313
0.134368896484375 -0.0343170166015625 -0.271224975585938 0.27728271484375
0.135795593261719 -0.0272674560546875 -0.258148193359375 0.29388427734375
0.158523559570313 -0.026763916015625 -0.291259765625 0.27459716796875
0.134986877441406 0.0381622314453125 -0.347808837890625 0.13690185546875
0.0838088989257813 0.118026733398438 -0.3126220703125 -0.0127868652343749
-0.00798034667968751 0.126937866210938 -0.175308227539063 -0.135025024414063
-0.115676879882813 0.0926742553710938 -0.02423095703125 -0.1036376953125
-0.151138305664063 0.071014404296875 -0.114509582519531 0.10400390625
-0.224258422851563 0.0402984619140625 -0.377532958984375 0.0601501464843749
-0.0864410400390625 -0.042144775390625 0.42633056640625 -0.13751220703125
-0.0602035522460937 0.0530815124511719 0.166900634765625 -0.14013671875
0.00853729248046874 0.0975189208984375 -0.0133171081542969 0.0701026916503906
0.0672454833984375 0.0523796081542969 0.14495849609375 0.154647827148437
0.0906143188476563 -0.0103912353515625 0.272415161132813 0.069549560546875
0.0456619262695313 -0.0787811279296875 0.34173583984375 -0.127838134765625
0.00920104980468749 -0.0985107421875 0.31304931640625 -0.30377197265625
0.008148193359375 -0.0690231323242188 0.26177978515625 -0.3043212890625
0.0078277587890625 -0.0746612548828125 0.27850341796875 -0.261306762695313
0.0464248657226563 -0.0427627563476563 0.28643798828125 -0.14617919921875
0.0618247985839844 0.0118331909179688 0.203414916992187 -0.0488433837890625
0.0132408142089844 0.0651283264160156 0.128471374511719 -0.0369949340820312
-0.0597419738769531 0.0385360717773437 0.156707763671875 -0.1549072265625
-0.0753097534179688 -0.0152359008789062 0.425079345703125 -0.2801513671875
-0.0131568908691406 -0.0665473937988281 0.7962646484375 -0.0318603515625
-0.351348876953125 0.0155029296875001 0.388702392578125 -0.129913330078125
-0.238327026367187 0.170944213867188 0.159927368164063 -0.119735717773438
-0.090911865234375 0.284515380859375 -0.0159721374511719 0.0601768493652344
0.11920166015625 0.224365234375 0.122817993164063 0.137260437011719
0.22039794921875 0.08929443359375 0.225433349609375 0.0829010009765625
0.217987060546875 -0.101806640625 0.314056396484375 -0.100860595703125
0.163711547851563 -0.190048217773438 0.2891845703125 -0.263458251953125
0.159561157226563 -0.14959716796875 0.2298583984375 -0.262527465820313
0.175994873046875 -0.17535400390625 0.250747680664063 -0.220947265625
0.225875854492188 -0.076690673828125 0.238082885742188 -0.129409790039063
0.234466552734375 0.0894775390625 0.146453857421875 -0.047332763671875
0.104690551757812 0.23443603515625 0.100448608398438 -0.06451416015625
-0.155593872070312 0.249954223632813 0.152725219726562 -0.19049072265625
-0.276596069335938 0.15234375 0.4298095703125 -0.284454345703125
-0.2919921875 0.00115966796874995 0.77484130859375 -0.04901123046875
-0.5650634765625 0.0733642578125 0.267868041992187 -0.116607666015625
-0.38519287109375 0.279571533203125 0.106147766113281 -0.0774993896484375
-0.168304443359375 0.4503173828125 -0.0174293518066406 0.0611686706542969
0.169769287109375 0.374298095703125 0.0971221923828125 0.109832763671875
0.331756591796875 0.177093505859375 0.159576416015625 0.0825958251953125
0.365020751953125 -0.114654541015625 0.247817993164063 -0.067230224609375
0.293914794921875 -0.257720947265625 0.224288940429688 -0.188552856445313
0.286529541015625 -0.20849609375 0.161911010742188 -0.181442260742188
0.31500244140625 -0.251068115234375 0.181991577148438 -0.144607543945313
0.37298583984375 -0.100311279296875 0.147842407226563 -0.0925445556640625
0.380706787109375 0.153106689453125 0.0587120056152344 -0.0411109924316406
0.19012451171875 0.375823974609375 0.0487213134765625 -0.096588134765625
-0.22784423828125 0.440826416015625 0.1314697265625 -0.221847534179687
-0.444122314453125 0.3099365234375 0.39044189453125 -0.26055908203125
-0.530426025390625 0.069000244140625 0.6607666015625 -0.05413818359375
-0.69366455078125 0.1297607421875 0.082489013671875 -0.092315673828125
-0.476043701171875 0.3714599609375 0.0185737609863281 -0.0137596130371094
-0.20135498046875 0.57403564453125 -0.0212821960449219 0.0698013305664063
0.218170166015625 0.477783203125 0.0613937377929688 0.074920654296875
0.40948486328125 0.235076904296875 0.0734024047851563 0.0734176635742188
0.46484375 -0.11712646484375 0.146865844726563 -0.0242462158203125
0.379974365234375 -0.28607177734375 0.126556396484375 -0.0868759155273438
0.36810302734375 -0.2353515625 0.0705413818359375 -0.0730438232421875
0.406341552734375 -0.28704833984375 0.08624267578125 -0.04315185546875
0.463104248046875 -0.109161376953125 0.0290908813476563 -0.0369796752929688
0.47265625 0.19805908203125 -0.0498733520507812 -0.0276603698730469
0.252166748046875 0.467498779296875 -0.01885986328125 -0.12115478515625
-0.26617431640625 0.5697021484375 0.0940093994140625 -0.232284545898438
-0.546295166015625 0.41876220703125 0.306121826171875 -0.19830322265625
-0.6851806640625 0.1209716796875 0.46771240234375 -0.036376953125
-0.7177734375 0.1751708984375 -0.140121459960938 -0.0574264526367188
-0.491180419921875 0.424652099609375 -0.0909652709960938 0.066162109375
-0.19189453125 0.62432861328125 -0.028106689453125 0.0821685791015625
0.248077392578125 0.505950927734375 0.01153564453125 0.0380592346191407
0.43353271484375 0.25067138671875 -0.027923583984375 0.0602912902832031
0.49334716796875 -0.11065673828125 0.021514892578125 0.0249118804931641
0.406402587890625 -0.279083251953125 0.0090904235839844 0.026437759399414
0.3944091796875 -0.22918701171875 -0.0330009460449219 0.0463790893554687
0.43267822265625 -0.2783203125 -0.0256156921386718 0.0670661926269531
0.4794921875 -0.0977783203125 -0.0989761352539062 0.0281982421875
0.484130859375 0.214935302734375 -0.16064453125 -0.00900268554687502
0.258148193359375 0.483642578125 -0.0909271240234375 -0.132789611816406
-0.2730712890625 0.59576416015625 0.04876708984375 -0.215255737304687
-0.5653076171875 0.4461669921875 0.191680908203125 -0.105361938476562
-0.72845458984375 0.14080810546875 0.2276611328125 -0.00544738769531249
-0.63824462890625 0.1976318359375 -0.36883544921875 -0.0104064941406251
-0.429168701171875 0.412841796875 -0.207733154296875 0.14971923828125
-0.14727783203125 0.5633544921875 -0.0429611206054688 0.094635009765625
0.235870361328125 0.444854736328125 -0.04736328125 0.0094261169433594
0.3853759765625 0.22088623046875 -0.12396240234375 0.04754638671875
0.4415283203125 -0.089019775390625 -0.103965759277344 0.075164794921875
0.37042236328125 -0.229888916015625 -0.108436584472656 0.137779235839844
0.35955810546875 -0.18707275390625 -0.131118774414063 0.157928466796875
0.395751953125 -0.225860595703125 -0.135879516601562 0.166244506835938
0.420257568359375 -0.061187744140625 -0.21527099609375 0.0867767333984375
0.405364990234375 0.2091064453125 -0.249420166015625 0.00437927246093751
0.198211669921875 0.41925048828125 -0.147018432617187 -0.134689331054688
-0.253631591796875 0.497100830078125 0.00924682617187497 -0.177719116210938
-0.4964599609375 0.374298095703125 0.0675125122070312 -0.0071754455566406
-0.6563720703125 0.12567138671875 -0.0188350677490235 0.0281696319580078
-0.4613037109375 0.185272216796875 -0.5721435546875 0.0372314453125
-0.301849365234375 0.330810546875 -0.316650390625 0.21728515625
-0.08380126953125 0.40155029296875 -0.0607376098632813 0.108528137207031
0.176727294921875 0.30462646484375 -0.0970458984375 -0.00524139404296873
0.266494750976563 0.152679443359375 -0.191635131835937 0.0350799560546875
0.31768798828125 -0.053985595703125 -0.206588745117187 0.115936279296875
0.274551391601563 -0.145965576171875 -0.206314086914062 0.227218627929688
0.269485473632813 -0.118179321289063 -0.209335327148438 0.245681762695312
0.29937744140625 -0.13763427734375 -0.228530883789062 0.238616943359375
0.29693603515625 -0.013031005859375 -0.300323486328125 0.125213623046875
0.259246826171875 0.175491333007813 -0.299468994140625 0.00402832031249998
0.095794677734375 0.291229248046875 -0.174453735351563 -0.133209228515625
-0.202789306640625 0.308990478515625 -0.0165786743164063 -0.134979248046875
-0.35015869140625 0.232452392578125 -0.0403938293457032 0.0690803527832031
-0.480865478515625 0.0869750976562499 -0.232620239257813 0.0527191162109376
-0.210494995117188 0.141159057617188 -0.71661376953125 0.0765380859375001
-0.13092041015625 0.19830322265625 -0.40313720703125 0.26239013671875
-0.00708007812500001 0.182144165039062 -0.07708740234375 0.127174377441406
0.092529296875 0.118606567382813 -0.121726989746094 -0.000785827636718739
0.108406066894531 0.0610733032226562 -0.214431762695313 0.0239715576171875
0.1419677734375 -0.010284423828125 -0.265869140625 0.136962890625
0.135841369628906 -0.0385665893554688 -0.268325805664063 0.279449462890625
0.137702941894531 -0.0305938720703125 -0.256378173828125 0.296112060546875
0.158966064453125 -0.0307464599609375 -0.289459228515625 0.27545166015625
0.136146545410156 0.0345458984375 -0.343780517578125 0.137969970703125
0.0873031616210938 0.116935729980469 -0.308929443359375 -0.00970458984374993
-0.00601196289062499 0.128715515136719 -0.175521850585938 -0.132354736328125
-0.117324829101563 0.094940185546875 -0.02545166015625 -0.101417541503906
-0.15380859375 0.0722503662109375 -0.113662719726562 0.109649658203125
-0.229293823242188 0.0409393310546875 -0.37896728515625 0.0652770996093749
-0.0861892700195313 -0.0400238037109375 0.437408447265625 -0.15032958984375
-0.0593490600585937 0.0508689880371094 0.170211791992188 -0.153366088867188
0.00870513916015626 0.096466064453125 -0.0116119384765625 0.0699653625488281
0.0684776306152344 0.0520210266113281 0.150436401367188 0.153884887695313
0.0923614501953125 -0.012481689453125 0.277877807617187 0.0673675537109375
0.042236328125 -0.0812835693359375 0.34637451171875 -0.1351318359375
0.00514221191406251 -0.0990219116210938 0.314666748046875 -0.3165283203125
0.0062408447265625 -0.0689430236816406 0.26458740234375 -0.316162109375
0.00434112548828125 -0.0750961303710938 0.28363037109375 -0.27197265625
0.0447006225585938 -0.0435676574707031 0.29241943359375 -0.152984619140625
0.0612449645996094 0.00846481323242187 0.206588745117188 -0.0521087646484375
0.014617919921875 0.0643730163574219 0.130966186523438 -0.0399627685546875
-0.0574607849121094 0.0405921936035156 0.158432006835938 -0.161972045898438
-0.0730743408203125 -0.0133438110351563 0.431793212890625 -0.296630859375
-0.0119400024414062 -0.0674362182617188 0.815185546875 -0.0428466796875
-0.358856201171875 0.02032470703125 0.400970458984375 -0.143035888671875
-0.241592407226563 0.171951293945313 0.1654052734375 -0.132659912109375
-0.09039306640625 0.2906494140625 -0.0145378112792969 0.0600013732910156
0.12445068359375 0.2261962890625 0.1278076171875 0.136329650878906
0.227462768554688 0.0883941650390625 0.231674194335938 0.0824432373046875
0.21820068359375 -0.108642578125 0.3199462890625 -0.10870361328125
0.161239624023438 -0.197509765625 0.291900634765625 -0.276611328125
0.160690307617188 -0.155471801757813 0.232528686523437 -0.272720336914062
0.174041748046875 -0.182907104492187 0.255661010742187 -0.23138427734375
0.227676391601563 -0.0819549560546875 0.242950439453125 -0.134719848632813
0.240020751953125 0.0844879150390625 0.149505615234375 -0.048736572265625
0.11065673828125 0.237945556640625 0.101997375488281 -0.0666580200195312
-0.15350341796875 0.260879516601563 0.155014038085938 -0.197525024414063
-0.27685546875 0.162933349609375 0.437225341796875 -0.2996826171875
-0.2998046875 0.00598144531250005 0.79278564453125 -0.058837890625
-0.5789794921875 0.08184814453125 0.2784423828125 -0.12799072265625
-0.392181396484375 0.28350830078125 0.113807678222656 -0.0889129638671875
-0.166595458984375 0.464111328125 -0.0162773132324219 0.0605506896972656
0.17828369140625 0.378875732421875 0.101669311523438 0.109756469726563
0.3433837890625 0.177215576171875 0.166030883789063 0.0843048095703125
0.36865234375 -0.125 0.253738403320312 -0.07489013671875
0.293243408203125 -0.269195556640625 0.22650146484375 -0.1995849609375
0.289581298828125 -0.219207763671875 0.16351318359375 -0.1883544921875
0.315521240234375 -0.26324462890625 0.187179565429688 -0.152908325195313
0.377960205078125 -0.10986328125 0.1517333984375 -0.0960235595703125
0.391082763671875 0.147918701171875 0.0602569580078125 -0.0416908264160156
0.2008056640625 0.383819580078125 0.0500106811523438 -0.0985870361328125
-0.2249755859375 0.4576416015625 0.133407592773438 -0.22845458984375
-0.446502685546875 0.326507568359375 0.39801025390625 -0.27252197265625
-0.545074462890625 0.077728271484375 0.67578125 -0.06121826171875
-0.7135009765625 0.1396484375 0.0887756347656249 -0.100715637207031
-0.48455810546875 0.38140869140625 0.025726318359375 -0.0211448669433593
-0.20001220703125 0.59466552734375 -0.019561767578125 0.0701103210449219
0.23138427734375 0.4832763671875 0.0651702880859375 0.0751571655273438
0.426788330078125 0.235687255859375 0.0786819458007813 0.0760650634765625
0.471588134765625 -0.1287841796875 0.150924682617188 -0.03155517578125
0.382171630859375 -0.3040771484375 0.128067016601563 -0.095611572265625
0.37481689453125 -0.24969482421875 0.0706710815429688 -0.0756759643554688
0.407562255859375 -0.303314208984375 0.0890731811523438 -0.0482177734375
0.469696044921875 -0.121063232421875 0.0308113098144532 -0.0375785827636719
0.486785888671875 0.191680908203125 -0.0502777099609375 -0.0262870788574219
0.264404296875 0.476776123046875 -0.0202560424804687 -0.122627258300781
-0.2642822265625 0.592529296875 0.095062255859375 -0.23834228515625
-0.54974365234375 0.438262939453125 0.313690185546875 -0.206146240234375
-0.70648193359375 0.13201904296875 0.477874755859375 -0.039886474609375
-0.7415771484375 0.18450927734375 -0.139404296875 -0.060699462890625
-0.501373291015625 0.437286376953125 -0.086181640625 0.0644302368164063
-0.1884765625 0.6456298828125 -0.027557373046875 0.0835647583007813
0.26263427734375 0.513946533203125 0.0130844116210938 0.0387802124023438
0.4508056640625 0.252105712890625 -0.0237464904785156 0.0642013549804688
0.502838134765625 -0.123443603515625 0.0241794586181641 0.0197525024414062
0.40966796875 -0.29718017578125 0.00965309143066409 0.0225429534912109
0.401885986328125 -0.243011474609375 -0.0322952270507812 0.0487213134765625
0.436004638671875 -0.2952880859375 -0.0235671997070312 0.066314697265625
0.487640380859375 -0.10858154296875 -0.0997543334960937 0.0311050415039062
0.4990234375 0.210052490234375 -0.162322998046875 -0.00567626953125
0.271392822265625 0.49481201171875 -0.094207763671875 -0.133926391601562
-0.271728515625 0.6181640625 0.048675537109375 -0.219635009765625
-0.57171630859375 0.4656982421875 0.197296142578125 -0.108428955078125
-0.75244140625 0.15216064453125 0.233154296875 -0.00508117675781249
-0.66021728515625 0.20574951171875 -0.374298095703125 -0.00842285156249992
-0.437896728515625 0.427703857421875 -0.2052001953125 0.153335571289062
-0.14373779296875 0.58477783203125 -0.0424575805664063 0.0977401733398438
0.24945068359375 0.45318603515625 -0.0471763610839844 0.0110054016113281
0.40191650390625 0.22149658203125 -0.122154235839844 0.0518264770507813
0.450592041015625 -0.10076904296875 -0.103736877441406 0.073516845703125
0.374725341796875 -0.245574951171875 -0.10845947265625 0.139572143554687
0.3680419921875 -0.20135498046875 -0.131332397460937 0.164764404296875
0.399932861328125 -0.24139404296875 -0.136199951171875 0.17022705078125
0.4273681640625 -0.07098388671875 -0.217437744140625 0.091827392578125
0.41925048828125 0.2060546875 -0.252655029296875 0.00881958007812506
0.20880126953125 0.42913818359375 -0.151290893554688 -0.134658813476562
-0.25384521484375 0.515716552734375 0.008270263671875 -0.18017578125
-0.502044677734375 0.391693115234375 0.0722503662109375 -0.00543212890624998
-0.67877197265625 0.13580322265625 -0.020284652709961 0.0323410034179688
-0.47808837890625 0.1907958984375 -0.58056640625 0.0441894531250001
-0.30859375 0.343048095703125 -0.31732177734375 0.22686767578125
-0.08074951171875 0.419677734375 -0.061920166015625 0.112480163574219
0.1865234375 0.310821533203125 -0.099029541015625 -0.00302124023437497
0.279464721679688 0.154678344726563 -0.191986083984375 0.0396575927734375
0.324859619140625 -0.062774658203125 -0.207687377929687 0.116867065429687
0.279251098632813 -0.157333374023437 -0.20684814453125 0.23370361328125
0.276702880859375 -0.12823486328125 -0.211029052734375 0.256179809570313
0.303314208984375 -0.1490478515625 -0.231124877929687 0.246246337890625
0.30316162109375 -0.01971435546875 -0.304901123046875 0.131317138671875
0.26922607421875 0.174209594726563 -0.303680419921875 0.00842285156249998
0.102874755859375 0.298736572265625 -0.179443359375 -0.132247924804687
-0.2061767578125 0.3221435546875 -0.01812744140625 -0.135841369628906
-0.356536865234375 0.243682861328125 -0.037933349609375 0.0753402709960938
-0.49603271484375 0.0943603515624999 -0.239044189453125 0.0594329833984375
-0.21978759765625 0.144287109375 -0.7305908203125 0.0880737304687502
-0.134536743164063 0.206634521484375 -0.406951904296875 0.27691650390625
-0.00569152832031251 0.1917724609375 -0.0788421630859375 0.132247924804688
0.09710693359375 0.121803283691406 -0.123985290527344 0.00260925292968749
0.114212036132813 0.0627670288085938 -0.21685791015625 0.02740478515625
0.147415161132813 -0.013763427734375 -0.269012451171875 0.140380859375
0.139938354492187 -0.043975830078125 -0.269378662109375 0.2899169921875
0.142898559570313 -0.0360565185546875 -0.257965087890625 0.308868408203125
0.163223266601563 -0.03643798828125 -0.29241943359375 0.28509521484375
0.140411376953125 0.0310745239257813 -0.349273681640625 0.1451416015625
0.0937728881835938 0.118423461914063 -0.313934326171875 -0.00494384765624995
-0.00287628173828126 0.133987426757813 -0.18048095703125 -0.131820678710938
-0.121307373046875 0.100410461425781 -0.0274429321289063 -0.101089477539063
-0.158721923828125 0.0774383544921875 -0.113502502441406 0.118499755859375
-0.239364624023438 0.0449981689453125 -0.38934326171875 0.0742187499999999
-0.0874786376953125 -0.0366897583007813 0.44921875 -0.17388916015625
-0.0586471557617187 0.0505256652832031 0.17034912109375 -0.171585083007813
0.0116500854492188 0.0967025756835938 -0.0086822509765625 0.0703811645507813
0.0716705322265625 0.049835205078125 0.160430908203125 0.150848388671875
0.0946578979492187 -0.0173263549804688 0.288360595703125 0.060943603515625
0.0380935668945313 -0.0851593017578125 0.352386474609375 -0.149749755859375
-0.00144195556640625 -0.100502014160156 0.312347412109375 -0.339385986328125
0.00254058837890626 -0.0694847106933594 0.262908935546875 -0.337432861328125
-0.000183105468750001 -0.07586669921875 0.286163330078125 -0.29266357421875
0.0427703857421875 -0.0450859069824219 0.297027587890625 -0.1668701171875
0.0618362426757813 0.00415420532226563 0.2119140625 -0.06011962890625
0.0171089172363281 0.0640335083007813 0.134056091308594 -0.0458831787109375
-0.0549392700195313 0.0437088012695313 0.157272338867188 -0.174392700195313
-0.0715484619140625 -0.00965881347656251 0.433135986328125 -0.326080322265625
-0.0131797790527344 -0.0687522888183594 0.83984375 -0.07122802734375
-0.370025634765625 0.034820556640625 0.41290283203125 -0.166259765625
-0.243194580078125 0.180877685546875 0.168319702148437 -0.152206420898438
-0.083343505859375 0.302032470703125 -0.0115318298339844 0.0600204467773438
0.135726928710937 0.22808837890625 0.1368408203125 0.133232116699219
0.238555908203125 0.08245849609375 0.2423095703125 0.078094482421875
0.218048095703125 -0.120895385742188 0.325469970703125 -0.123748779296875
0.1552734375 -0.209945678710938 0.289459228515625 -0.2979736328125
0.159332275390625 -0.166488647460938 0.23095703125 -0.291168212890625
0.168975830078125 -0.195358276367188 0.258529663085938 -0.25079345703125
0.22930908203125 -0.09307861328125 0.247467041015625 -0.1466064453125
0.24945068359375 0.075103759765625 0.152633666992188 -0.0547027587890625
0.123748779296875 0.24139404296875 0.1036376953125 -0.0723114013671875
-0.145523071289062 0.276901245117188 0.15374755859375 -0.210922241210937
-0.27520751953125 0.179763793945312 0.44061279296875 -0.32830810546875
-0.310333251953125 0.0166015625 0.8173828125 -0.0875244140625
-0.598876953125 0.10467529296875 0.287811279296875 -0.14599609375
-0.396270751953125 0.303070068359375 0.118080139160156 -0.104576110839844
-0.15692138671875 0.486419677734375 -0.0142822265625 0.0614356994628906
0.19677734375 0.3826904296875 0.109428405761719 0.1072998046875
0.3634033203125 0.169891357421875 0.1766357421875 0.0826263427734375
0.371978759765625 -0.144989013671875 0.25860595703125 -0.0903472900390625
0.288909912109375 -0.292022705078125 0.225311279296875 -0.218536376953125
0.29107666015625 -0.239349365234375 0.16290283203125 -0.20074462890625
0.3116455078125 -0.285186767578125 0.18988037109375 -0.167434692382813
0.383514404296875 -0.129180908203125 0.154373168945313 -0.1033935546875
0.408447265625 0.134857177734375 0.0614662170410157 -0.0435752868652344
0.221893310546875 0.389984130859375 0.0495223999023438 -0.102737426757812
-0.21368408203125 0.485992431640625 0.131088256835937 -0.24072265625
-0.4447021484375 0.353729248046875 0.401947021484375 -0.29803466796875
-0.5638427734375 0.0989990234375001 0.69677734375 -0.08453369140625
-0.73785400390625 0.1680908203125 0.09344482421875 -0.110877990722656
-0.491058349609375 0.408172607421875 0.030792236328125 -0.0306663513183593
-0.185791015625 0.62451171875 -0.0170364379882813 0.0722122192382813
0.2562255859375 0.490234375 0.0705184936523438 0.0745697021484375
0.450775146484375 0.228729248046875 0.0872650146484375 0.0776443481445313
0.478271484375 -0.153564453125 0.155105590820313 -0.043121337890625
0.378875732421875 -0.331878662109375 0.127487182617188 -0.107696533203125
0.378448486328125 -0.27423095703125 0.0709762573242188 -0.0800628662109375
0.4066162109375 -0.331268310546875 0.0916366577148438 -0.0556716918945313
0.47882080078125 -0.14422607421875 0.0322418212890625 -0.0394210815429688
0.509063720703125 0.177001953125 -0.0515289306640625 -0.0245018005371094
0.2921142578125 0.48565673828125 -0.0237808227539062 -0.124557495117187
-0.2503662109375 0.626220703125 0.0925140380859375 -0.248626708984375
-0.55078125 0.4757080078125 0.318756103515625 -0.2255859375
-0.7314453125 0.158935546875 0.49267578125 -0.05584716796875
-0.7679443359375 0.215087890625 -0.140541076660156 -0.0612258911132813
-0.507171630859375 0.46844482421875 -0.0805892944335938 0.062957763671875
-0.171142578125 0.68115234375 -0.0254135131835938 0.0873870849609375
0.292236328125 0.52099609375 0.0163345336914063 0.0402030944824219
0.48046875 0.245147705078125 -0.0180587768554687 0.0687789916992188
0.511474609375 -0.150421142578125 0.0263690948486328 0.0133342742919922
0.4088134765625 -0.3277587890625 0.0100803375244141 0.0191402435302734
0.40631103515625 -0.270111083984375 -0.0320014953613281 0.0519790649414062
0.435943603515625 -0.325531005859375 -0.0215072631835937 0.0671615600585938
0.49755859375 -0.133575439453125 -0.100044250488281 0.0353927612304687
0.523590087890625 0.196441650390625 -0.166427612304687 0.00115966796875002
0.298583984375 0.50274658203125 -0.100395202636719 -0.133430480957031
-0.2586669921875 0.65435791015625 0.0448760986328125 -0.22662353515625
-0.57220458984375 0.50311279296875 0.203170776367188 -0.118087768554687
-0.7794189453125 0.18060302734375 0.240097045898437 -0.010650634765625
-0.6856689453125 0.23394775390625 -0.381317138671875 0.00177001953124995
-0.44403076171875 0.456939697265625 -0.201568603515625 0.161636352539063
-0.1273193359375 0.61865234375 -0.0411758422851563 0.103218078613281
0.2777099609375 0.459503173828125 -0.0467262268066406 0.014556884765625
0.42791748046875 0.21612548828125 -0.119674682617187 0.059722900390625
0.461273193359375 -0.12451171875 -0.10418701171875 0.0731048583984375
0.376068115234375 -0.273345947265625 -0.107269287109375 0.1439208984375
0.37359619140625 -0.224884033203125 -0.129913330078125 0.175735473632813
0.40130615234375 -0.267486572265625 -0.134674072265625 0.178741455078125
0.43707275390625 -0.091705322265625 -0.220230102539062 0.102584838867188
0.441650390625 0.195404052734375 -0.258758544921875 0.0193939208984375
0.23333740234375 0.438323974609375 -0.159469604492187 -0.133102416992188
-0.24615478515625 0.546478271484375 0.00361633300781249 -0.184768676757812
-0.50421142578125 0.422943115234375 0.0775833129882812 -0.00547027587890622
-0.703125 0.1611328125 -0.0200462341308594 0.0375900268554688
-0.4974365234375 0.211578369140625 -0.5960693359375 0.0640869140624999
-0.3106689453125 0.366546630859375 -0.31524658203125 0.2452392578125
-0.0684814453125 0.444061279296875 -0.0605239868164063 0.120048522949219
0.206634521484375 0.31512451171875 -0.100807189941406 0.00308990478515625
0.29827880859375 0.150665283203125 -0.192611694335937 0.048431396484375
0.334808349609375 -0.080108642578125 -0.209686279296875 0.123199462890625
0.282623291015625 -0.177734375 -0.205429077148437 0.2470703125
0.28173828125 -0.146484375 -0.208740234375 0.2730712890625
0.306243896484375 -0.168853759765625 -0.229782104492187 0.261581420898438
0.311370849609375 -0.03521728515625 -0.308349609375 0.146148681640625
0.286468505859375 0.169403076171875 -0.31048583984375 0.020751953125
0.11859130859375 0.30712890625 -0.188690185546875 -0.129745483398437
-0.20257568359375 0.343780517578125 -0.0223541259765625 -0.137130737304687
-0.35919189453125 0.26611328125 -0.0337295532226563 0.0828857421875
-0.51531982421875 0.113311767578125 -0.246307373046875 0.07366943359375
-0.2296142578125 0.153884887695312 -0.7493896484375 0.11566162109375
-0.13433837890625 0.220230102539062 -0.408355712890625 0.30224609375
0.000350952148437485 0.20428466796875 -0.0776824951171875 0.141311645507813
0.105140686035156 0.124000549316406 -0.127578735351563 0.010040283203125
0.122947692871094 0.0620346069335937 -0.2203369140625 0.0359344482421875
0.154388427734375 -0.0211029052734375 -0.27252197265625 0.150970458984375
0.144515991210938 -0.05426025390625 -0.266876220703125 0.308380126953125
0.147247314453125 -0.0455474853515625 -0.255218505859375 0.329376220703125
0.167633056640625 -0.0469512939453125 -0.29241943359375 0.30584716796875
0.146286010742188 0.024383544921875 -0.354217529296875 0.162017822265625
0.103668212890625 0.117759704589844 -0.321136474609375 0.00637817382812495
0.00279998779296876 0.140449523925781 -0.190322875976562 -0.12847900390625
-0.123359680175781 0.11053466796875 -0.0318832397460938 -0.101188659667969
-0.163742065429688 0.0877227783203125 -0.111137390136719 0.130943298339844
-0.24993896484375 0.0552215576171875 -0.4017333984375 0.0943603515625
-0.0878677368164063 -0.031219482421875 0.450225830078125 -0.20684814453125
-0.0562171936035156 0.0506858825683594 0.162017822265625 -0.191513061523438
0.0163421630859375 0.0952606201171875 -0.0047760009765625 0.0701065063476563
0.0750808715820313 0.0462722778320313 0.171463012695313 0.14117431640625
0.09515380859375 -0.025299072265625 0.297210693359375 0.045501708984375
0.0307769775390625 -0.0880661010742187 0.35076904296875 -0.172393798828125
-0.00984191894531249 -0.0999069213867188 0.29571533203125 -0.36553955078125
-0.00276565551757813 -0.0690383911132813 0.2476806640625 -0.36102294921875
-0.0070648193359375 -0.0758285522460938 0.2763671875 -0.318359375
0.0397529602050781 -0.0479011535644531 0.295166015625 -0.186553955078125
0.0608634948730469 -0.00101089477539063 0.211837768554687 -0.0728912353515625
0.0207099914550781 0.0630569458007813 0.134056091308594 -0.0549850463867187
-0.0496826171875 0.046295166015625 0.148284912109375 -0.189071655273438
-0.0692634582519531 -0.0052032470703125 0.419769287109375 -0.36181640625
-0.0153045654296875 -0.0692977905273438 0.85333251953125 -0.12322998046875
-0.3756103515625 0.0592651367187501 0.41436767578125 -0.196044921875
-0.23822021484375 0.194046020507812 0.163040161132812 -0.172531127929688
-0.067596435546875 0.311920166015625 -0.00886154174804688 0.0600700378417969
0.150436401367188 0.222686767578125 0.147201538085938 0.125564575195313
0.249588012695312 0.068756103515625 0.253021240234375 0.0655975341796875
0.211395263671875 -0.137496948242188 0.323944091796875 -0.147003173828125
0.1414794921875 -0.223175048828125 0.274993896484375 -0.323333740234375
0.15106201171875 -0.179489135742188 0.2177734375 -0.310821533203125
0.157318115234375 -0.209381103515625 0.250274658203125 -0.274261474609375
0.225967407226563 -0.109512329101563 0.245819091796875 -0.16363525390625
0.257766723632813 0.0591583251953125 0.152801513671875 -0.0631256103515625
0.141387939453125 0.238235473632813 0.102668762207031 -0.079925537109375
-0.127899169921875 0.2930908203125 0.144622802734375 -0.225448608398437
-0.26544189453125 0.200851440429687 0.429718017578125 -0.3641357421875
-0.317230224609375 0.0361328125 0.8287353515625 -0.13702392578125
-0.608154296875 0.1431884765625 0.28857421875 -0.16998291015625
-0.38848876953125 0.327606201171875 0.116775512695312 -0.122573852539062
-0.130157470703125 0.5068359375 -0.0109024047851563 0.06182861328125
0.22308349609375 0.3773193359375 0.118881225585938 0.101478576660156
0.38397216796875 0.15008544921875 0.187698364257813 0.0746612548828125
0.36767578125 -0.171844482421875 0.25750732421875 -0.110137939453125
0.272186279296875 -0.317596435546875 0.213943481445313 -0.239608764648438
0.281463623046875 -0.2630615234375 0.154006958007813 -0.214553833007812
0.29681396484375 -0.311431884765625 0.185501098632813 -0.185623168945313
0.37982177734375 -0.1566162109375 0.153274536132813 -0.11395263671875
0.42333984375 0.1094970703125 0.0610084533691406 -0.0467147827148437
0.25091552734375 0.385284423828125 0.0454559326171875 -0.106986999511719
-0.184906005859375 0.512542724609375 0.120162963867187 -0.25469970703125
-0.427032470703125 0.387603759765625 0.392852783203125 -0.330657958984375
-0.5758056640625 0.13494873046875 0.70587158203125 -0.12554931640625
-0.7496337890625 0.2164306640625 0.0936355590820312 -0.121604919433594
-0.48089599609375 0.44122314453125 0.0332527160644531 -0.0419425964355468
-0.15032958984375 0.65252685546875 -0.0130538940429688 0.0743560791015626
0.28997802734375 0.483367919921875 0.0778121948242188 0.0717010498046875
0.47686767578125 0.205963134765625 0.0978622436523438 0.075103759765625
0.47503662109375 -0.18963623046875 0.153762817382813 -0.0583343505859375
0.362274169921875 -0.36492919921875 0.1212158203125 -0.120956420898438
0.368255615234375 -0.304656982421875 0.0680770874023438 -0.0858383178710938
0.389892578125 -0.364959716796875 0.0916976928710938 -0.0654678344726563
0.4759521484375 -0.179534912109375 0.0317878723144532 -0.0413131713867188
0.529052734375 0.147003173828125 -0.052734375 -0.0199775695800781
0.327484130859375 0.47998046875 -0.0293731689453125 -0.125015258789062
-0.21478271484375 0.6595458984375 0.0811309814453125 -0.258026123046875
-0.529205322265625 0.51678466796875 0.3145751953125 -0.249298095703125
-0.74249267578125 0.206298828125 0.500701904296875 -0.082489013671875
-0.7789306640625 0.265625 -0.143295288085938 -0.0571746826171875
-0.495330810546875 0.505950927734375 -0.0743637084960938 0.0617752075195313
-0.13201904296875 0.71221923828125 -0.020416259765625 0.0917892456054688
0.328765869140625 0.513763427734375 0.0214157104492188 0.0409965515136719
0.509490966796875 0.220245361328125 -0.00965118408203122 0.0715484619140625
0.51043701171875 -0.188720703125 0.0250053405761719 0.0061817169189453
0.394256591796875 -0.3634033203125 0.00938510894775393 0.0151824951171875
0.39862060546875 -0.304046630859375 -0.0289764404296875 0.0557403564453125
0.4212646484375 -0.361328125 -0.0170631408691406 0.0673027038574218
0.496337890625 -0.16912841796875 -0.0996475219726562 0.0422134399414062
0.545196533203125 0.16552734375 -0.168228149414063 0.012664794921875
0.33740234375 0.4976806640625 -0.107978820800781 -0.129112243652344
-0.2237548828125 0.68817138671875 0.035369873046875 -0.233779907226562
-0.549896240234375 0.5460205078125 0.203781127929687 -0.132415771484375
-0.7913818359375 0.230224609375 0.243881225585937 -0.0213165283203125
-0.69732666015625 0.27911376953125 -0.38641357421875 0.0216064453125
-0.430389404296875 0.493133544921875 -0.19183349609375 0.172531127929688
-0.09197998046875 0.64599609375 -0.0351791381835938 0.109939575195313
0.31085205078125 0.45208740234375 -0.0445404052734375 0.0193710327148438
0.45574951171875 0.195770263671875 -0.114204406738281 0.0679473876953125
0.462432861328125 -0.158660888671875 -0.103904724121094 0.0742340087890625
0.364501953125 -0.3072509765625 -0.102828979492187 0.150405883789063
0.36663818359375 -0.25616455078125 -0.1221923828125 0.188262939453125
0.390045166015625 -0.301025390625 -0.126800537109375 0.189529418945312
0.438018798828125 -0.12310791015625 -0.217666625976562 0.11737060546875
0.461822509765625 0.1697998046875 -0.260604858398437 0.0355682373046875
0.264404296875 0.436279296875 -0.169052124023438 -0.124191284179687
-0.2169189453125 0.57769775390625 -0.00471496582031253 -0.187088012695312
-0.488189697265625 0.459625244140625 0.0826644897460937 -0.00868225097656247
-0.7147216796875 0.20635986328125 -0.0190811157226563 0.0426788330078125
-0.501861572265625 0.24566650390625 -0.60198974609375 0.0980834960937501
-0.299468994140625 0.39483642578125 -0.30462646484375 0.26690673828125
-0.043182373046875 0.464111328125 -0.0546035766601562 0.129508972167969
0.231109619140625 0.310546875 -0.100242614746094 0.0119247436523438
0.318389892578125 0.136016845703125 -0.190643310546875 0.0609588623046875
0.336334228515625 -0.1043701171875 -0.208724975585937 0.132293701171875
0.276138305664063 -0.203506469726562 -0.195175170898437 0.261764526367188
0.278915405273438 -0.17059326171875 -0.196533203125 0.2926025390625
0.30072021484375 -0.19378662109375 -0.219589233398438 0.2808837890625
0.3133544921875 -0.056488037109375 -0.305755615234375 0.167022705078125
0.30389404296875 0.1531982421875 -0.313262939453125 0.039947509765625
0.140106201171875 0.3092041015625 -0.199447631835938 -0.11968994140625
-0.1878662109375 0.365997314453125 -0.0290603637695313 -0.137077331542969
-0.35052490234375 0.2939453125 -0.0250396728515625 0.0896835327148438
-0.5250244140625 0.1468505859375 -0.247543334960938 0.0932769775390626
-0.232345581054688 0.169631958007812 -0.7574462890625 0.1612548828125
-0.126556396484375 0.23529052734375 -0.396820068359375 0.333648681640625
0.011932373046875 0.21343994140625 -0.0709991455078125 0.15277099609375
0.115936279296875 0.122581481933594 -0.127311706542969 0.0205307006835938
0.132461547851563 0.0571136474609375 -0.220947265625 0.0487060546875
0.157699584960938 -0.0331268310546875 -0.270492553710938 0.165618896484375
0.144180297851563 -0.067352294921875 -0.254425048828125 0.32965087890625
0.148056030273438 -0.0583648681640625 -0.24017333984375 0.351898193359375
0.167236328125 -0.060577392578125 -0.279815673828125 0.330810546875
0.150360107421875 0.0140380859375 -0.351165771484375 0.18603515625
0.115425109863281 0.113250732421875 -0.324615478515625 0.026123046875
0.013275146484375 0.144760131835938 -0.2015380859375 -0.118728637695313
-0.121177673339844 0.123237609863281 -0.037811279296875 -0.0990982055664063
-0.162918090820312 0.100830078125 -0.101806640625 0.143890380859375
-0.255950927734375 0.0719451904296876 -0.405426025390625 0.123291015625
-0.08502197265625 -0.0247116088867187 0.434906005859375 -0.2352294921875
-0.0528945922851562 0.0505599975585938 0.146270751953125 -0.204437255859375
0.0211029052734375 0.0916824340820312 -0.000930786132812497 0.0682144165039063
0.07586669921875 0.0402603149414063 0.176727294921875 0.126693725585938
0.091644287109375 -0.0324020385742188 0.2969970703125 0.026611328125
0.0223464965820313 -0.0880813598632813 0.33697509765625 -0.19091796875
-0.0177078247070313 -0.0949172973632813 0.26953125 -0.381439208984375
-0.00807952880859375 -0.0664291381835938 0.223388671875 -0.37371826171875
-0.0136489868164063 -0.0734024047851563 0.256256103515625 -0.335174560546875
0.0353736877441406 -0.0493392944335938 0.282318115234375 -0.202850341796875
0.0574607849121094 -0.00600051879882813 0.20526123046875 -0.084320068359375
0.0237617492675781 0.059722900390625 0.12982177734375 -0.063385009765625
-0.0431938171386719 0.0479888916015625 0.133941650390625 -0.197616577148438
-0.0647468566894531 -0.00106430053710939 0.38787841796875 -0.38702392578125
-0.0182647705078125 -0.0668601989746094 0.83929443359375 -0.17529296875
-0.366729736328125 0.0830688476562499 0.401580810546875 -0.22283935546875
-0.226089477539063 0.203643798828125 0.14984130859375 -0.188186645507813
-0.048431396484375 0.313690185546875 -0.00567626953125 0.0585250854492188
0.16192626953125 0.209808349609375 0.152603149414063 0.113067626953125
0.251663208007813 0.0505828857421875 0.256210327148438 0.0499420166015625
0.197189331054688 -0.149169921875 0.31085205078125 -0.165679931640625
0.1221923828125 -0.22991943359375 0.250457763671875 -0.339599609375
0.137542724609375 -0.186477661132813 0.197052001953125 -0.322540283203125
0.13909912109375 -0.2169189453125 0.2333984375 -0.291259765625
0.21441650390625 -0.123153686523437 0.234710693359375 -0.176376342773437
0.256393432617188 0.04022216796875 0.147598266601563 -0.0709075927734375
0.155548095703125 0.228439331054688 0.0976715087890625 -0.0857009887695312
-0.104827880859375 0.29852294921875 0.129074096679688 -0.232681274414062
-0.2445068359375 0.214691162109375 0.40069580078125 -0.389892578125
-0.31304931640625 0.056671142578125 0.81353759765625 -0.18731689453125
-0.5941162109375 0.18267822265625 0.2803955078125 -0.189041137695313
-0.368316650390625 0.34588623046875 0.108055114746094 -0.136680603027344
-0.097320556640625 0.511383056640625 -0.00734329223632813 0.0619468688964844
0.244293212890625 0.358367919921875 0.124649047851563 0.0916900634765625
0.391357421875 0.123016357421875 0.193634033203125 0.062408447265625
0.348297119140625 -0.19549560546875 0.246063232421875 -0.12713623046875
0.244659423828125 -0.33233642578125 0.195053100585938 -0.2529296875
0.261077880859375 -0.279220581054687 0.139450073242188 -0.222488403320313
0.26971435546875 -0.3287353515625 0.173782348632813 -0.198867797851563
0.363250732421875 -0.180084228515625 0.145675659179688 -0.121810913085938
0.4248046875 0.079193115234375 0.057891845703125 -0.0476188659667969
0.2752685546875 0.367645263671875 0.0404281616210938 -0.109352111816406
-0.14764404296875 0.521942138671875 0.105026245117187 -0.259719848632812
-0.3935546875 0.41082763671875 0.37060546875 -0.353057861328125
-0.5654296875 0.17242431640625 0.69342041015625 -0.16644287109375
-0.7347412109375 0.263916015625 0.0905685424804687 -0.129684448242187
-0.452667236328125 0.4676513671875 0.0323257446289062 -0.05145263671875
-0.10931396484375 0.66046142578125 -0.0083465576171875 0.075164794921875
0.318206787109375 0.460693359375 0.0835189819335938 0.0653228759765625
0.492034912109375 0.171630859375 0.105865478515625 0.0682144165039063
0.454498291015625 -0.220550537109375 0.145538330078125 -0.07080078125
0.32965087890625 -0.388153076171875 0.109474182128906 -0.130340576171875
0.34527587890625 -0.32904052734375 0.0623092651367188 -0.0890426635742188
0.35760498046875 -0.3885498046875 0.087615966796875 -0.0734939575195313
0.457000732421875 -0.20916748046875 0.0294342041015625 -0.0427589416503906
0.5322265625 0.10980224609375 -0.0530509948730468 -0.0140724182128906
0.35675048828125 0.456878662109375 -0.034912109375 -0.122055053710937
-0.1693115234375 0.6702880859375 0.066925048828125 -0.2615966796875
-0.488494873046875 0.5443115234375 0.297882080078125 -0.26788330078125
-0.7308349609375 0.250732421875 0.49261474609375 -0.1103515625
-0.76483154296875 0.314697265625 -0.14117431640625 -0.050506591796875
-0.46466064453125 0.532867431640625 -0.0683555603027344 0.0591659545898438
-0.086181640625 0.71990966796875 -0.0141830444335938 0.0941085815429688
0.3592529296875 0.48944091796875 0.0260086059570313 0.039276123046875
0.52459716796875 0.185516357421875 -0.000228881835937463 0.07196044921875
0.4892578125 -0.221771240234375 0.0218467712402344 -0.000461578369140639
0.36285400390625 -0.388580322265625 0.00713253021240237 0.0120573043823242
0.37493896484375 -0.329498291015625 -0.0248336791992187 0.0575485229492187
0.39007568359375 -0.387481689453125 -0.01324462890625 0.0654678344726562
0.477294921875 -0.1993408203125 -0.09521484375 0.04840087890625
0.550872802734375 0.12750244140625 -0.164596557617187 0.0250701904296875
0.3660888671875 0.475189208984375 -0.113075256347656 -0.120903015136719
-0.17645263671875 0.69873046875 0.0232391357421875 -0.233627319335937
-0.50872802734375 0.57452392578125 0.197006225585937 -0.144439697265625
-0.7779541015625 0.2783203125 0.240936279296875 -0.0332794189453125
-0.68212890625 0.32171630859375 -0.3792724609375 0.0434875488281251
-0.402435302734375 0.517425537109375 -0.1771240234375 0.178176879882813
-0.0484619140625001 0.65277099609375 -0.027496337890625 0.114326477050781
0.3372802734375 0.430328369140625 -0.0396614074707031 0.0232963562011719
0.469024658203125 0.164306640625 -0.105003356933594 0.07415771484375
0.44598388671875 -0.19049072265625 -0.103012084960937 0.0757369995117187
0.337432861328125 -0.332916259765625 -0.095001220703125 0.153579711914063
0.348175048828125 -0.280242919921875 -0.109283447265625 0.19525146484375
0.36358642578125 -0.32470703125 -0.113922119140625 0.193771362304687
0.422027587890625 -0.150421142578125 -0.208450317382812 0.129104614257813
0.470001220703125 0.137176513671875 -0.254776000976562 0.05352783203125
0.291656494140625 0.418426513671875 -0.1739501953125 -0.112045288085938
-0.179443359375 0.58929443359375 -0.01300048828125 -0.184707641601562
-0.452117919921875 0.4852294921875 0.0855331420898437 -0.0129852294921875
-0.70306396484375 0.25042724609375 -0.0163726806640625 0.0467987060546875
-0.492095947265625 0.277618408203125 -0.5892333984375 0.134033203125
-0.2767333984375 0.411468505859375 -0.2830810546875 0.281524658203125
-0.012847900390625 0.469940185546875 -0.0456085205078125 0.135406494140625
0.249237060546875 0.29541015625 -0.0951690673828125 0.0200958251953125
0.3284912109375 0.115997314453125 -0.181671142578125 0.0713653564453125
0.326507568359375 -0.128387451171875 -0.202850341796875 0.13983154296875
0.258392333984375 -0.223464965820313 -0.179397583007813 0.270034790039063
0.265975952148438 -0.189422607421875 -0.176300048828125 0.302978515625
0.283050537109375 -0.2135009765625 -0.201080322265625 0.29144287109375
0.3043212890625 -0.077728271484375 -0.2921142578125 0.1842041015625
0.311126708984375 0.130889892578125 -0.305755615234375 0.0592041015625
0.16046142578125 0.299896240234375 -0.204116821289063 -0.105270385742187
-0.164093017578125 0.37841796875 -0.034912109375 -0.132728576660156
-0.328643798828125 0.311614990234375 -0.015625 0.0921630859375
-0.516998291015625 0.1793212890625 -0.2403564453125 0.110702514648438
-0.227142333984375 0.182235717773437 -0.74041748046875 0.20416259765625
-0.11322021484375 0.243133544921875 -0.370330810546875 0.3570556640625
0.0253448486328125 0.215591430664063 -0.05938720703125 0.159286499023438
0.123100280761719 0.116729736328125 -0.12261962890625 0.0310592651367188
0.137535095214844 0.0493850708007812 -0.2147216796875 0.060791015625
0.155120849609375 -0.0443267822265625 -0.260589599609375 0.178558349609375
0.138862609863281 -0.07940673828125 -0.23223876953125 0.34246826171875
0.143218994140625 -0.0699310302734375 -0.216766357421875 0.364410400390625
0.161178588867188 -0.0724334716796875 -0.257415771484375 0.34539794921875
0.148895263671875 0.003326416015625 -0.3358154296875 0.20556640625
0.123176574707031 0.103919982910156 -0.31781005859375 0.04620361328125
0.0243682861328125 0.144317626953125 -0.2064208984375 -0.103103637695312
-0.114517211914062 0.133087158203125 -0.04254150390625 -0.0938262939453125
-0.156265258789062 0.111282348632812 -0.0885162353515625 0.151565551757813
-0.25384521484375 0.08782958984375 -0.39495849609375 0.15130615234375
-0.0800018310546875 -0.0203933715820313 0.41851806640625 -0.247894287109375
-0.0500984191894531 0.0490303039550781 0.131576538085938 -0.208023071289063
0.0225601196289063 0.0865554809570313 0.00130081176757812 0.0656814575195313
0.0734481811523438 0.0354843139648438 0.175521850585938 0.115142822265625
0.086700439453125 -0.0367279052734375 0.2900390625 0.01458740234375
0.0161666870117187 -0.0858383178710938 0.32086181640625 -0.19873046875
-0.022247314453125 -0.0891265869140625 0.2459716796875 -0.383453369140625
-0.010772705078125 -0.0627899169921875 0.204345703125 -0.374420166015625
-0.0179252624511719 -0.0686149597167969 0.238800048828125 -0.339813232421875
0.031524658203125 -0.0489082336425781 0.268951416015625 -0.208282470703125
0.0537757873535156 -0.0087127685546875 0.197006225585938 -0.089813232421875
0.0254898071289062 0.0575714111328125 0.124473571777344 -0.06707763671875
-0.0372581481933594 0.0456619262695313 0.120834350585938 -0.19842529296875
-0.0588264465332031 0.00178909301757813 0.358917236328125 -0.39373779296875
-0.0188980102539063 -0.0636940002441406 0.80963134765625 -0.2042236328125
-0.352081298828125 0.0965576171875 0.386322021484375 -0.23553466796875
-0.213775634765625 0.204147338867188 0.136672973632812 -0.193954467773437
-0.035064697265625 0.307525634765625 -0.00387954711914063 0.0571441650390625
0.164627075195313 0.196975708007813 0.15216064453125 0.102386474609375
0.247589111328125 0.0367431640625 0.253143310546875 0.0383758544921875
0.18218994140625 -0.15362548828125 0.29583740234375 -0.173980712890625
0.107330322265625 -0.227157592773438 0.229248046875 -0.342376708984375
0.125808715820313 -0.186614990234375 0.1806640625 -0.323272705078125
0.123245239257813 -0.216567993164063 0.218048095703125 -0.29522705078125
0.201309204101563 -0.128829956054688 0.223968505859375 -0.180801391601562
0.248916625976563 0.0278167724609375 0.14166259765625 -0.0731964111328125
0.161666870117188 0.215789794921875 0.0934066772460938 -0.0880813598632812
-0.086761474609375 0.294464111328125 0.116546630859375 -0.2332763671875
-0.226272583007812 0.21795654296875 0.372528076171875 -0.396697998046875
-0.30419921875 0.0699462890625 0.7861328125 -0.21282958984375
-0.572998046875 0.20318603515625 0.271408081054687 -0.19818115234375
-0.347747802734375 0.350128173828125 0.0995635986328125 -0.144332885742187
-0.0747375488281249 0.50396728515625 -0.00527572631835938 0.0612220764160157
0.251007080078125 0.338958740234375 0.1253662109375 0.0830459594726563
0.388092041015625 0.101837158203125 0.19415283203125 0.05279541015625
0.32666015625 -0.205108642578125 0.231781005859375 -0.134994506835938
0.21954345703125 -0.334228515625 0.177276611328125 -0.255874633789063
0.24224853515625 -0.282867431640625 0.1287841796875 -0.222915649414063
0.2449951171875 -0.330535888671875 0.162521362304688 -0.203826904296875
0.343353271484375 -0.190277099609375 0.138877868652344 -0.123832702636719
0.4149169921875 0.058990478515625 0.0550346374511719 -0.0472183227539062
0.284576416015625 0.34814453125 0.0373382568359375 -0.108726501464844
-0.121307373046875 0.515869140625 0.0933074951171875 -0.257888793945313
-0.3638916015625 0.41351318359375 0.345794677734375 -0.3599853515625
-0.547698974609375 0.19171142578125 0.6695556640625 -0.186767578125
-0.7091064453125 0.2886962890625 0.0879669189453125 -0.133567810058594
-0.427642822265625 0.471343994140625 0.0298728942871094 -0.0581245422363281
-0.0767822265625001 0.65289306640625 -0.0047454833984375 0.0745697021484375
0.327728271484375 0.435882568359375 0.0855560302734375 0.0591964721679688
0.489715576171875 0.14642333984375 0.110313415527344 0.06134033203125
0.428680419921875 -0.235443115234375 0.134635925292969 -0.0765762329101563
0.30126953125 -0.39361572265625 0.09893798828125 -0.132713317871094
0.322601318359375 -0.334747314453125 0.0579071044921875 -0.0883865356445313
0.32757568359375 -0.393829345703125 0.0826644897460938 -0.077117919921875
0.432037353515625 -0.2220458984375 0.0278511047363281 -0.042022705078125
0.52166748046875 0.083648681640625 -0.0509529113769531 -0.00973510742187501
0.368865966796875 0.434844970703125 -0.0364837646484375 -0.11834716796875
-0.136962890625 0.6614990234375 0.0564727783203125 -0.259109497070312
-0.451141357421875 0.54583740234375 0.280609130859375 -0.273284912109375
-0.7081298828125 0.27618408203125 0.4755859375 -0.12432861328125
-0.74041748046875 0.340087890625 -0.135581970214844 -0.0466156005859375
-0.437225341796875 0.538818359375 -0.0635299682617188 0.0540733337402344
-0.0532226562499999 0.711669921875 -0.00949859619140626 0.0951614379882813
0.369903564453125 0.463470458984375 0.0297050476074219 0.0370864868164063
0.523956298828125 0.1580810546875 0.00714874267578128 0.0691757202148438
0.464630126953125 -0.239959716796875 0.0157203674316407 -0.00388336181640627
0.330810546875 -0.39715576171875 0.00457000732421877 0.0103206634521484
0.352447509765625 -0.33795166015625 -0.0225906372070312 0.0584068298339844
0.359466552734375 -0.394317626953125 -0.0108070373535156 0.0626678466796875
0.452789306640625 -0.21435546875 -0.091217041015625 0.05157470703125
0.54144287109375 0.101165771484375 -0.158721923828125 0.0319671630859375
0.37841796875 0.4522705078125 -0.113067626953125 -0.113533020019531
-0.1458740234375 0.69189453125 0.015655517578125 -0.229766845703125
-0.471923828125 0.57720947265625 0.188507080078125 -0.148757934570312
-0.75347900390625 0.302978515625 0.234420776367187 -0.03961181640625
-0.6597900390625 0.3453369140625 -0.3656005859375 0.053924560546875
-0.375946044921875 0.522613525390625 -0.166015625 0.176223754882813
-0.01971435546875 0.6461181640625 -0.0208816528320313 0.115821838378906
0.3486328125 0.40728759765625 -0.0342922210693359 0.0248298645019532
0.4696044921875 0.1400146484375 -0.0952224731445312 0.075531005859375
0.42291259765625 -0.207244873046875 -0.102134704589844 0.0753326416015625
0.30999755859375 -0.340850830078125 -0.0893096923828125 0.15228271484375
0.326812744140625 -0.28936767578125 -0.0991973876953125 0.195907592773437
0.3380126953125 -0.33343505859375 -0.10491943359375 0.193145751953125
0.40155029296875 -0.1654052734375 -0.198394775390625 0.135421752929688
0.462432861328125 0.113250732421875 -0.244537353515625 0.0629425048828125
0.302734375 0.3990478515625 -0.17205810546875 -0.102325439453125
-0.152587890625 0.58477783203125 -0.0174102783203125 -0.180206298828125
-0.4232177734375 0.487640380859375 0.0862808227539062 -0.0161666870117187
-0.68182373046875 0.27325439453125 -0.0145072937011719 0.0482635498046875
-0.477569580078125 0.290985107421875 -0.56793212890625 0.15155029296875
-0.25732421875 0.4150390625 -0.26416015625 0.2838134765625
0.00872802734375003 0.465911865234375 -0.0370025634765625 0.137374877929688
0.257034301757813 0.280075073242188 -0.0883102416992188 0.0242385864257813
0.32928466796875 0.09942626953125 -0.172012329101562 0.0758056640625
0.31072998046875 -0.141510009765625 -0.196914672851562 0.141860961914063
0.239959716796875 -0.232254028320313 -0.166717529296875 0.2703857421875
0.250717163085938 -0.19805908203125 -0.161285400390625 0.303741455078125
0.264312744140625 -0.221633911132813 -0.185577392578125 0.292877197265625
0.29046630859375 -0.08831787109375 -0.27801513671875 0.1904296875
0.31011962890625 0.1131591796875 -0.294189453125 0.070556640625
0.170074462890625 0.287261962890625 -0.201568603515625 -0.0939483642578125
-0.146484375 0.379364013671875 -0.0368728637695313 -0.127883911132812
-0.307708740234375 0.315277099609375 -0.00739288330078127 0.090301513671875
-0.502685546875 0.195404052734375 -0.229782104492188 0.12042236328125
-0.220458984375 0.18817138671875 -0.7127685546875 0.22711181640625
-0.1025390625 0.244155883789062 -0.346160888671875 0.361541748046875
0.034942626953125 0.214706420898438 -0.0497283935546875 0.160751342773438
0.126426696777344 0.110527038574219 -0.114494323730469 0.0360565185546875
0.139244079589844 0.0429611206054688 -0.205902099609375 0.067047119140625
0.149490356445313 -0.0515289306640625 -0.251724243164063 0.18194580078125
0.13043212890625 -0.0862045288085937 -0.215118408203125 0.34368896484375
0.137138366699219 -0.07562255859375 -0.198455810546875 0.366455078125
0.153564453125 -0.0788116455078125 -0.2388916015625 0.34857177734375
0.1441650390625 -0.0034942626953125 -0.31976318359375 0.2127685546875
0.126243591308594 0.0941314697265625 -0.306243896484375 0.0577087402343751
0.03106689453125 0.141021728515625 -0.204971313476563 -0.090911865234375
-0.108200073242188 0.137657165527344 -0.0436553955078125 -0.0887527465820312
-0.149002075195313 0.11541748046875 -0.0759124755859375 0.152099609375
-0.247421264648438 0.0963287353515625 -0.379180908203125 0.165740966796875
-0.0751266479492188 -0.0191879272460937 0.40887451171875 -0.2509765625
-0.0490455627441406 0.0465126037597656 0.1240234375 -0.207672119140625
0.0217742919921875 0.0834197998046875 0.0015716552734375 0.0637245178222656
0.070648193359375 0.0334625244140625 0.17193603515625 0.108871459960938
0.0826339721679688 -0.0382461547851563 0.28448486328125 0.01043701171875
0.0122528076171875 -0.0827484130859375 0.31134033203125 -0.198211669921875
-0.023712158203125 -0.0834732055664063 0.235198974609375 -0.38006591796875
-0.0116462707519531 -0.0587158203125 0.19635009765625 -0.371734619140625
-0.0198593139648438 -0.0654106140136719 0.23101806640625 -0.339508056640625
0.0290184020996094 -0.0483245849609375 0.263168334960938 -0.208038330078125
0.0494880676269531 -0.00939559936523438 0.191970825195313 -0.090118408203125
0.0255088806152344 0.0555191040039063 0.12139892578125 -0.0682830810546875
-0.033294677734375 0.0430221557617187 0.114532470703125 -0.195785522460937
-0.0536270141601563 0.00170135498046874 0.343719482421875 -0.39129638671875
-0.018218994140625 -0.0602455139160156 0.79058837890625 -0.21142578125
-0.3411865234375 0.10052490234375 0.379486083984375 -0.239776611328125
-0.208633422851563 0.201278686523438 0.129165649414063 -0.19622802734375
-0.030914306640625 0.301727294921875 -0.00381088256835938 0.0565643310546875
0.16192626953125 0.189895629882813 0.149444580078125 0.096405029296875
0.2430419921875 0.0299530029296875 0.250076293945313 0.033782958984375
0.172088623046875 -0.152053833007813 0.28564453125 -0.174224853515625
0.0979766845703125 -0.222335815429688 0.21673583984375 -0.33984375
0.119964599609375 -0.183944702148438 0.173828125 -0.321380615234375
0.115081787109375 -0.213104248046875 0.21075439453125 -0.297332763671875
0.192398071289063 -0.128646850585938 0.21923828125 -0.180572509765625
0.242156982421875 0.02252197265625 0.138542175292969 -0.0718536376953125
0.162841796875 0.210250854492187 0.0912399291992188 -0.0889434814453125
-0.07843017578125 0.289093017578125 0.110305786132812 -0.230911254882812
-0.2147216796875 0.214263916015625 0.356689453125 -0.39483642578125
-0.298095703125 0.0747070312500001 0.76837158203125 -0.219970703125
-0.55908203125 0.209930419921875 0.267333984375 -0.20196533203125
-0.3382568359375 0.345947265625 0.0942230224609375 -0.147750854492187
-0.064544677734375 0.497802734375 -0.00418472290039062 0.0615272521972657
0.249267578125 0.328033447265625 0.124282836914063 0.0775070190429688
0.38336181640625 0.090911865234375 0.193954467773438 0.0477294921875
0.311492919921875 -0.206298828125 0.222457885742188 -0.136001586914063
0.205108642578125 -0.33050537109375 0.167984008789063 -0.254745483398438
0.2330322265625 -0.281219482421875 0.124038696289063 -0.220916748046875
0.230987548828125 -0.32855224609375 0.157150268554688 -0.205337524414063
0.32940673828125 -0.191314697265625 0.135704040527344 -0.122596740722656
0.4061279296875 0.04974365234375 0.0544815063476563 -0.0446662902832031
0.28607177734375 0.33892822265625 0.0361251831054688 -0.108795166015625
-0.1083984375 0.507415771484375 0.0880889892578125 -0.25592041015625
-0.347747802734375 0.407470703125 0.3319091796875 -0.35858154296875
-0.537933349609375 0.198028564453125 0.6531982421875 -0.19256591796875
-0.69512939453125 0.29718017578125 0.0891952514648437 -0.135604858398437
-0.416473388671875 0.46807861328125 0.0271835327148437 -0.0634498596191406
-0.0646972656250001 0.64544677734375 -0.00313568115234375 0.0763244628906251
0.32855224609375 0.422576904296875 0.0863800048828125 0.0554351806640625
0.48516845703125 0.13232421875 0.112350463867188 0.0577392578125
0.4117431640625 -0.23974609375 0.126937866210938 -0.0778121948242188
0.281463623046875 -0.3912353515625 0.0924758911132813 -0.132598876953125
0.311676025390625 -0.3348388671875 0.0562896728515625 -0.0871124267578125
0.311920166015625 -0.39239501953125 0.0800933837890625 -0.0793685913085938
0.416656494140625 -0.224151611328125 0.0275993347167969 -0.0400733947753906
0.511627197265625 0.07330322265625 -0.0484886169433593 -0.00622940063476563
0.370361328125 0.422332763671875 -0.036102294921875 -0.116790771484375
-0.12347412109375 0.65435791015625 0.0533447265625 -0.256561279296875
-0.43353271484375 0.5379638671875 0.271728515625 -0.274032592773437
-0.6947021484375 0.283203125 0.464508056640625 -0.126312255859375
-0.72760009765625 0.34716796875 -0.128799438476563 -0.0474929809570312
-0.42535400390625 0.536407470703125 -0.0621604919433594 0.0484542846679688
-0.03851318359375 0.70367431640625 -0.00589752197265625 0.0969696044921875
0.371551513671875 0.4493408203125 0.0324897766113281 0.0356369018554688
0.520965576171875 0.14569091796875 0.0118446350097657 0.0662078857421875
0.44573974609375 -0.2431640625 0.0113258361816407 -0.00436782836914064
0.312255859375 -0.397491455078125 0.00177097320556643 0.0094795227050781
0.33953857421875 -0.3399658203125 -0.0201606750488281 0.0586509704589844
0.342529296875 -0.393768310546875 -0.01043701171875 0.0603828430175781
0.434967041015625 -0.216552734375 -0.0885391235351562 0.0533676147460937
0.530731201171875 0.08953857421875 -0.153427124023438 0.0366973876953125
0.380096435546875 0.4390869140625 -0.110832214355469 -0.110420227050781
-0.1322021484375 0.68408203125 0.013092041015625 -0.227371215820312
-0.4556884765625 0.56597900390625 0.184051513671875 -0.1497802734375
-0.74139404296875 0.31072998046875 0.229034423828125 -0.0396728515625
-0.6492919921875 0.35235595703125 -0.354705810546875 0.0550842285156251
-0.365142822265625 0.519744873046875 -0.160171508789063 0.170944213867188
-0.00573730468749998 0.64056396484375 -0.0166702270507812 0.118049621582031
0.348907470703125 0.396026611328125 -0.02972412109375 0.0243301391601563
0.467498779296875 0.12823486328125 -0.088897705078125 0.0741348266601563
0.407562255859375 -0.211822509765625 -0.104263305664062 0.0742950439453125
0.293701171875 -0.34222412109375 -0.0880126953125 0.151077270507813
0.3170166015625 -0.2921142578125 -0.0949554443359375 0.195404052734375
0.3226318359375 -0.3336181640625 -0.101638793945312 0.190719604492187
0.386871337890625 -0.1671142578125 -0.193511962890625 0.13671875
0.45556640625 0.103302001953125 -0.237472534179687 0.0668182373046875
0.305084228515625 0.38873291015625 -0.168685913085937 -0.0978546142578125
-0.14129638671875 0.5787353515625 -0.0189666748046875 -0.17791748046875
-0.408416748046875 0.481170654296875 0.0863037109375 -0.0179519653320312
-0.67022705078125 0.279052734375 -0.0140571594238282 0.0501289367675781
-0.470489501953125 0.296966552734375 -0.55230712890625 0.154449462890625
-0.249298095703125 0.41339111328125 -0.2548828125 0.27947998046875
0.017913818359375 0.461944580078125 -0.0315093994140625 0.139175415039063
0.258102416992188 0.27178955078125 -0.0826644897460937 0.0254745483398438
0.329559326171875 0.09051513671875 -0.165191650390625 0.0755462646484375
0.300994873046875 -0.145050048828125 -0.195785522460937 0.1407470703125
0.227005004882813 -0.234893798828125 -0.161941528320313 0.268447875976563
0.243377685546875 -0.201080322265625 -0.154022216796875 0.30230712890625
0.253265380859375 -0.223007202148438 -0.179290771484375 0.290802001953125
0.281082153320313 -0.0910797119140625 -0.270660400390625 0.191680908203125
0.305999755859375 0.10418701171875 -0.28582763671875 0.073699951171875
0.172561645507813 0.28106689453125 -0.197982788085938 -0.088592529296875
-0.13885498046875 0.37713623046875 -0.0367889404296875 -0.125694274902344
-0.29833984375 0.311981201171875 -0.00328826904296877 0.0887832641601563
-0.49615478515625 0.19921875 -0.224472045898437 0.123947143554688
-0.219329833984375 0.18975830078125 -0.6971435546875 0.232666015625
-0.09906005859375 0.242507934570313 -0.33233642578125 0.36090087890625
0.0392303466796875 0.214218139648438 -0.0435638427734375 0.161514282226563
0.127388000488281 0.108055114746094 -0.108650207519531 0.0378189086914063
0.139762878417969 0.039794921875 -0.19970703125 0.0677947998046875
0.144927978515625 -0.0537872314453125 -0.24774169921875 0.181686401367188
0.1248779296875 -0.0893325805664063 -0.207061767578125 0.34088134765625
0.133087158203125 -0.0784912109375 -0.190277099609375 0.363494873046875
0.14794921875 -0.0814056396484375 -0.2303466796875 0.347198486328125
0.1400146484375 -0.00620269775390625 -0.31072998046875 0.214202880859375
0.126899719238281 0.08880615234375 -0.297607421875 0.060638427734375
0.03436279296875 0.138542175292969 -0.20135498046875 -0.0849151611328125
-0.104965209960938 0.141189575195312 -0.0424652099609375 -0.0860366821289062
-0.145004272460938 0.115829467773437 -0.0685882568359375 0.151229858398438
-0.245620727539063 0.0987396240234375 -0.37030029296875 0.1710205078125
-0.0723876953125 -0.01971435546875 0.412872314453125 -0.254180908203125
-0.050140380859375 0.0457000732421875 0.122940063476562 -0.209548950195313
0.0204544067382812 0.0831985473632813 0.00100326538085938 0.0639610290527344
0.0689544677734375 0.0338401794433594 0.170974731445313 0.108291625976563
0.0811080932617187 -0.0394744873046875 0.285675048828125 0.0096435546875
0.0103988647460937 -0.0815582275390625 0.3131103515625 -0.1976318359375
-0.0239791870117188 -0.0809707641601563 0.234222412109375 -0.381805419921875
-0.0114555358886719 -0.0565299987792969 0.19830322265625 -0.375732421875
-0.0217094421386719 -0.0636558532714844 0.233673095703125 -0.344879150390625
0.0276145935058594 -0.0478744506835938 0.2667236328125 -0.209487915039063
0.0479736328125 -0.0091552734375 0.191986083984375 -0.0890045166015625
0.025787353515625 0.0555572509765625 0.121696472167969 -0.0697708129882813
-0.0318794250488281 0.0402793884277344 0.114105224609375 -0.196456909179688
-0.0498886108398438 0.000656127929687498 0.340545654296875 -0.392364501953125
-0.0160026550292969 -0.059539794921875 0.7919921875 -0.21331787109375
-0.340789794921875 0.100982666015625 0.384246826171875 -0.243682861328125
-0.210494995117188 0.200729370117188 0.127273559570313 -0.199356079101563
-0.03076171875 0.303680419921875 -0.00370788574218751 0.0581626892089844
0.159881591796875 0.19000244140625 0.149734497070313 0.0952911376953125
0.242294311523438 0.0278167724609375 0.252029418945313 0.0327301025390625
0.168472290039063 -0.151702880859375 0.28466796875 -0.174102783203125
0.0947113037109375 -0.220870971679687 0.216156005859375 -0.341339111328125
0.119735717773438 -0.18389892578125 0.17572021484375 -0.323944091796875
0.11163330078125 -0.212890625 0.212677001953125 -0.3018798828125
0.190277099609375 -0.128585815429688 0.221923828125 -0.180633544921875
0.240646362304688 0.022064208984375 0.139450073242188 -0.0706863403320313
0.164886474609375 0.211288452148438 0.0921707153320313 -0.0907745361328125
-0.076904296875 0.2880859375 0.110214233398438 -0.232711791992187
-0.212570190429687 0.21307373046875 0.355316162109375 -0.396453857421875
-0.299835205078125 0.076751708984375 0.76824951171875 -0.21881103515625
-0.560821533203125 0.213287353515625 0.272048950195312 -0.20703125
-0.341949462890625 0.346221923828125 0.09332275390625 -0.152557373046875
-0.0630187988281249 0.50201416015625 -0.00317764282226562 0.0638885498046875
0.24853515625 0.32879638671875 0.125030517578125 0.0763626098632813
0.385009765625 0.088287353515625 0.196487426757813 0.0463714599609375
0.30718994140625 -0.206939697265625 0.220382690429688 -0.136062622070312
0.19952392578125 -0.3306884765625 0.166061401367188 -0.256088256835938
0.233154296875 -0.283447265625 0.125656127929688 -0.221939086914063
0.227142333984375 -0.329071044921875 0.158737182617188 -0.209442138671875
0.326690673828125 -0.191925048828125 0.137741088867188 -0.122367858886719
0.4053955078125 0.04888916015625 0.0556526184082031 -0.0427131652832031
0.289215087890625 0.3421630859375 0.037750244140625 -0.110847473144531
-0.10797119140625 0.51031494140625 0.0877227783203125 -0.259185791015625
-0.34747314453125 0.405426025390625 0.3306884765625 -0.36016845703125
-0.54266357421875 0.201141357421875 0.65667724609375 -0.190673828125
-0.69952392578125 0.3018798828125 0.09356689453125 -0.140838623046875
-0.421722412109375 0.470916748046875 0.0264472961425781 -0.0687828063964843
-0.06182861328125 0.651123046875 -0.000648498535156256 0.0799789428710938
0.328460693359375 0.42413330078125 0.0880966186523438 0.0536727905273438
0.489715576171875 0.128631591796875 0.1158447265625 0.0555496215820313
0.407257080078125 -0.2393798828125 0.124168395996094 -0.0782623291015625
0.274627685546875 -0.39385986328125 0.0903244018554688 -0.133331298828125
0.311370849609375 -0.339752197265625 0.057647705078125 -0.08721923828125
0.308258056640625 -0.394256591796875 0.080078125 -0.0819549560546875
0.412933349609375 -0.22381591796875 0.028778076171875 -0.0393409729003906
0.51226806640625 0.07122802734375 -0.04718017578125 -0.00351715087890624
0.37432861328125 0.426910400390625 -0.0349349975585937 -0.118827819824219
-0.1219482421875 0.65826416015625 0.052764892578125 -0.260147094726562
-0.4354248046875 0.53704833984375 0.27154541015625 -0.274642944335937
-0.7027587890625 0.28570556640625 0.466766357421875 -0.124542236328125
-0.73321533203125 0.35467529296875 -0.126289367675781 -0.0513458251953125
-0.43109130859375 0.540557861328125 -0.0632209777832032 0.0443801879882813
-0.0349121093750001 0.71136474609375 -0.00262451171874999 0.101165771484375
0.374237060546875 0.449981689453125 0.0352134704589844 0.0345306396484375
0.526824951171875 0.14141845703125 0.0156517028808594 0.0645751953125
0.4417724609375 -0.245941162109375 0.00703620910644534 -0.00476408004760744
0.305145263671875 -0.399658203125 -0.00108432769775389 0.00952053070068357
0.33953857421875 -0.344451904296875 -0.0201759338378906 0.0608444213867187
0.33978271484375 -0.39715576171875 -0.0116844177246094 0.0599327087402344
0.43145751953125 -0.2158203125 -0.0885772705078125 0.0553512573242187
0.53302001953125 0.087738037109375 -0.15179443359375 0.03912353515625
0.38531494140625 0.44268798828125 -0.110084533691406 -0.112197875976562
-0.13134765625 0.68994140625 0.013153076171875 -0.230743408203125
-0.4560546875 0.56646728515625 0.185028076171875 -0.151031494140625
-0.75048828125 0.31402587890625 0.229049682617187 -0.037353515625
-0.6566162109375 0.35650634765625 -0.353271484375 0.0525207519531249
-0.370574951171875 0.5245361328125 -0.1612548828125 0.168655395507813
-0.00128173828124996 0.64862060546875 -0.0130691528320312 0.122566223144531
0.353363037109375 0.397918701171875 -0.0266532897949219 0.0237007141113282
0.473236083984375 0.125640869140625 -0.0860519409179687 0.0729904174804688
0.404693603515625 -0.214996337890625 -0.109062194824219 0.0748138427734375
0.287261962890625 -0.3458251953125 -0.0898284912109375 0.152374267578125
0.316741943359375 -0.296844482421875 -0.094970703125 0.198898315429687
0.319854736328125 -0.335601806640625 -0.103515625 0.192642211914062
0.384429931640625 -0.16705322265625 -0.194000244140625 0.138626098632812
0.455810546875 0.09979248046875 -0.236297607421875 0.0686798095703125
0.30859375 0.392730712890625 -0.168014526367187 -0.09857177734375
-0.1424560546875 0.58526611328125 -0.0189208984375 -0.180404663085937
-0.409881591796875 0.4808349609375 0.0876693725585937 -0.0189132690429687
-0.67962646484375 0.28070068359375 -0.0149307250976563 0.0526161193847656
-0.47698974609375 0.30145263671875 -0.55419921875 0.154083251953125
-0.253173828125 0.415740966796875 -0.2554931640625 0.27911376953125
0.022186279296875 0.469940185546875 -0.028045654296875 0.14251708984375
0.262863159179688 0.273773193359375 -0.0799407958984375 0.0250244140625
0.334869384765625 0.088592529296875 -0.163543701171875 0.0746612548828125
0.299560546875 -0.14715576171875 -0.200881958007812 0.141525268554688
0.2218017578125 -0.237686157226563 -0.163772583007813 0.2708740234375
0.242843627929688 -0.204849243164063 -0.1556396484375 0.3062744140625
0.251922607421875 -0.224456787109375 -0.18182373046875 0.2938232421875
0.27923583984375 -0.0911102294921875 -0.272674560546875 0.193695068359375
0.3074951171875 0.10235595703125 -0.285125732421875 0.074920654296875
0.17462158203125 0.283599853515625 -0.197921752929688 -0.0878143310546875
-0.1400146484375 0.38201904296875 -0.036651611328125 -0.127731323242188
-0.300384521484375 0.3115234375 -0.00112915039062502 0.088348388671875
-0.50164794921875 0.201416015625 -0.226470947265625 0.126907348632812
-0.224319458007813 0.192367553710938 -0.69781494140625 0.23272705078125
-0.10064697265625 0.245086669921875 -0.333221435546875 0.362335205078125
0.041656494140625 0.218338012695313 -0.03997802734375 0.163742065429687
0.130508422851563 0.11004638671875 -0.105972290039062 0.03826904296875
0.142730712890625 0.0395660400390625 -0.19970703125 0.0670623779296875
0.144805908203125 -0.0548248291015625 -0.251678466796875 0.1820068359375
0.122268676757812 -0.0913467407226563 -0.2088623046875 0.34326171875
0.132362365722656 -0.0812835693359375 -0.19146728515625 0.368133544921875
0.147506713867188 -0.0831451416015625 -0.2330322265625 0.35162353515625
0.139503479003906 -0.00656890869140625 -0.313323974609375 0.21478271484375
0.128211975097656 0.0870742797851563 -0.296966552734375 0.06060791015625
0.0358200073242188 0.139617919921875 -0.20135498046875 -0.08355712890625
-0.105453491210938 0.145294189453125 -0.0427398681640625 -0.0868453979492188
-0.146697998046875 0.1168212890625 -0.06689453125 0.15191650390625
-0.250167846679687 0.0994567871093749 -0.3719482421875 0.173980712890625
-0.0719146728515625 -0.0209579467773438 0.42620849609375 -0.266937255859375
-0.050689697265625 0.0466079711914062 0.12396240234375 -0.2176513671875
0.02069091796875 0.0856170654296875 0.00196456909179688 0.0666580200195313
0.0688552856445313 0.0351905822753906 0.176040649414062 0.108062744140625
0.080596923828125 -0.042449951171875 0.293304443359375 0.006561279296875
0.00790405273437499 -0.0828857421875 0.320343017578125 -0.204376220703125
-0.0256729125976563 -0.0804672241210938 0.235137939453125 -0.39593505859375
-0.0116310119628906 -0.0569229125976563 0.20147705078125 -0.391998291015625
-0.0247955322265625 -0.0632286071777344 0.238616943359375 -0.3629150390625
0.0266990661621094 -0.0494194030761719 0.27484130859375 -0.21826171875
0.0471534729003906 -0.00922012329101562 0.197113037109375 -0.0921630859375
0.0275917053222656 0.056671142578125 0.124885559082031 -0.0743637084960938
-0.0314483642578125 0.0388412475585938 0.114990234375 -0.20306396484375
-0.0481147766113281 -0.000942230224609385 0.342498779296875 -0.405609130859375
-0.0157394409179688 -0.05975341796875 0.8114013671875 -0.22552490234375
-0.347564697265625 0.1075439453125 0.396240234375 -0.25823974609375
-0.215789794921875 0.207122802734375 0.128509521484375 -0.208938598632813
-0.029083251953125 0.31390380859375 -0.00212478637695313 0.0613136291503906
0.164230346679688 0.194915771484375 0.154647827148438 0.094635009765625
0.24871826171875 0.0246124267578125 0.259902954101563 0.02972412109375
0.167373657226563 -0.156661987304688 0.290802001953125 -0.180328369140625
0.0917510986328125 -0.225387573242188 0.21771240234375 -0.354400634765625
0.121490478515625 -0.190231323242188 0.17889404296875 -0.337738037109375
0.11004638671875 -0.21868896484375 0.217193603515625 -0.3172607421875
0.192123413085938 -0.13348388671875 0.229461669921875 -0.187820434570313
0.245697021484375 0.0203857421875 0.143569946289063 -0.072357177734375
0.172943115234375 0.216461181640625 0.0943756103515625 -0.0958633422851562
-0.0743408203125 0.295867919921875 0.1104736328125 -0.241470336914062
-0.214019775390625 0.218170166015625 0.35845947265625 -0.411529541015625
-0.30780029296875 0.084136962890625 0.78839111328125 -0.2330322265625
-0.57464599609375 0.22613525390625 0.28179931640625 -0.22076416015625
-0.350311279296875 0.359283447265625 0.093414306640625 -0.162216186523437
-0.0576171875 0.5186767578125 -3.81469726562331E-06 0.0691070556640625
0.25653076171875 0.335784912109375 0.130020141601563 0.0758132934570313
0.39697265625 0.0843505859375 0.204696655273438 0.04364013671875
0.30810546875 -0.21490478515625 0.223464965820313 -0.141021728515625
0.19573974609375 -0.33935546875 0.166046142578125 -0.265487670898438
0.236602783203125 -0.295013427734375 0.128997802734375 -0.231231689453125
0.226837158203125 -0.34100341796875 0.161148071289063 -0.220947265625
0.330596923828125 -0.19873046875 0.1429443359375 -0.126296997070313
0.41693115234375 0.045806884765625 0.0581893920898438 -0.0417289733886719
0.303375244140625 0.34979248046875 0.0380783081054688 -0.116134643554687
-0.1048583984375 0.525726318359375 0.086944580078125 -0.26873779296875
-0.3536376953125 0.416900634765625 0.335601806640625 -0.373565673828125
-0.5579833984375 0.215118408203125 0.67315673828125 -0.2015380859375
-0.71917724609375 0.3211669921875 0.0989227294921874 -0.151092529296875
-0.431488037109375 0.48858642578125 0.0255813598632812 -0.0761642456054687
-0.0529785156249999 0.674560546875 0.00355529785156249 0.0855255126953126
0.342559814453125 0.4324951171875 0.092987060546875 0.0527801513671875
0.506591796875 0.124755859375 0.122650146484375 0.05340576171875
0.4097900390625 -0.25018310546875 0.124420166015625 -0.0806045532226563
0.270050048828125 -0.405731201171875 0.089141845703125 -0.138389587402344
0.3150634765625 -0.35430908203125 0.0596847534179688 -0.0899200439453125
0.3092041015625 -0.40936279296875 0.0809173583984375 -0.0877838134765625
0.418792724609375 -0.231689453125 0.0302162170410156 -0.0389976501464844
0.525299072265625 0.066864013671875 -0.0463829040527343 -0.000926971435546874
0.392913818359375 0.4368896484375 -0.0364837646484375 -0.123794555664062
-0.1207275390625 0.67987060546875 0.0504302978515625 -0.270172119140625
-0.443145751953125 0.553131103515625 0.2757568359375 -0.286468505859375
-0.7247314453125 0.303466796875 0.477325439453125 -0.13140869140625
-0.75616455078125 0.3763427734375 -0.127044677734375 -0.0564117431640625
-0.44146728515625 0.56060791015625 -0.0653076171875 0.0420150756835938
-0.0231933593750001 0.73944091796875 0.00296783447265624 0.107986450195313
0.390411376953125 0.459381103515625 0.0391960144042969 0.0330810546875
0.54644775390625 0.13580322265625 0.0201606750488282 0.0637474060058594
0.446441650390625 -0.256744384765625 0.00361323356628421 -0.00360631942749025
0.301727294921875 -0.41400146484375 -0.00268173217773436 0.0101308822631836
0.34600830078125 -0.360504150390625 -0.0186843872070312 0.0643081665039062
0.341278076171875 -0.412689208984375 -0.0121612548828125 0.0613861083984375
0.439971923828125 -0.22479248046875 -0.090545654296875 0.0593795776367187
0.547607421875 0.084747314453125 -0.154296875 0.0436553955078125
0.404449462890625 0.45635986328125 -0.11358642578125 -0.115684509277344
-0.1282958984375 0.7149658203125 0.00967407226562501 -0.239532470703125
-0.46636962890625 0.58367919921875 0.188156127929687 -0.1575927734375
-0.7742919921875 0.33123779296875 0.234039306640625 -0.0380401611328125
-0.6771240234375 0.37847900390625 -0.361236572265625 0.05401611328125
-0.380401611328125 0.54461669921875 -0.165420532226563 0.171524047851563
0.00909423828125006 0.674560546875 -0.00642395019531249 0.129562377929688
0.369720458984375 0.406402587890625 -0.0245418548583984 0.02313232421875
0.49200439453125 0.1202392578125 -0.0849227905273437 0.0738601684570312
0.41131591796875 -0.22467041015625 -0.115440368652344 0.0787582397460937
0.284393310546875 -0.35858154296875 -0.093719482421875 0.158599853515625
0.32208251953125 -0.31201171875 -0.09503173828125 0.208419799804687
0.322601318359375 -0.350860595703125 -0.105758666992188 0.200790405273437
0.391387939453125 -0.17388916015625 -0.199462890625 0.145858764648437
0.470428466796875 0.097259521484375 -0.24017333984375 0.0750885009765624
0.324005126953125 0.403076171875 -0.173446655273437 -0.10064697265625
-0.1427001953125 0.60736083984375 -0.022705078125 -0.187545776367187
-0.419769287109375 0.49560546875 0.0908432006835937 -0.0208282470703125
-0.7030029296875 0.298828125 -0.0159988403320313 0.0573921203613282
-0.493560791015625 0.3172607421875 -0.5667724609375 0.160888671875
-0.2598876953125 0.43359375 -0.261260986328125 0.288726806640625
0.031707763671875 0.487030029296875 -0.021942138671875 0.149215698242188
0.2747802734375 0.279190063476563 -0.0790176391601562 0.0253982543945313
0.348724365234375 0.08544921875 -0.165542602539062 0.0771026611328125
0.3028564453125 -0.15496826171875 -0.209121704101562 0.148117065429688
0.2203369140625 -0.24664306640625 -0.167327880859375 0.2816162109375
0.2469482421875 -0.215927124023437 -0.15692138671875 0.320709228515625
0.254013061523438 -0.235107421875 -0.18536376953125 0.308013916015625
0.28436279296875 -0.095123291015625 -0.279708862304687 0.203384399414063
0.316864013671875 0.099517822265625 -0.29107666015625 0.0809631347656251
0.184967041015625 0.291015625 -0.203704833984375 -0.08831787109375
-0.140533447265625 0.398895263671875 -0.0400238037109375 -0.132575988769531
-0.307403564453125 0.322235107421875 0.000961303710937487 0.0907516479492188
-0.5208740234375 0.213714599609375 -0.233154296875 0.1358642578125
-0.233993530273438 0.201736450195313 -0.71551513671875 0.244384765625
-0.1024169921875 0.253860473632813 -0.340850830078125 0.375152587890625
0.047943115234375 0.2261962890625 -0.03515625 0.169601440429687
0.137939453125 0.111724853515625 -0.106620788574219 0.039306640625
0.149826049804688 0.0388031005859375 -0.203781127929687 0.0696868896484375
0.147842407226563 -0.059051513671875 -0.260391235351563 0.189987182617188
0.122314453125 -0.096527099609375 -0.212982177734375 0.357330322265625
0.13525390625 -0.086944580078125 -0.1939697265625 0.384307861328125
0.150588989257813 -0.0889892578125 -0.23699951171875 0.367919921875
0.142654418945313 -0.0081787109375 -0.32086181640625 0.225006103515625
0.133377075195313 0.0858001708984375 -0.303253173828125 0.064453125
0.0401458740234375 0.144668579101563 -0.207260131835938 -0.0828399658203124
-0.107513427734375 0.154983520507813 -0.04522705078125 -0.0891876220703125
-0.150741577148438 0.121902465820312 -0.0653839111328125 0.156784057617188
-0.26104736328125 0.1065673828125 -0.38116455078125 0.1873779296875
-0.07281494140625 -0.0205764770507812 0.43280029296875 -0.296051025390625
-0.0516777038574219 0.04913330078125 0.120986938476562 -0.231307983398438
0.0237274169921875 0.0885772705078125 0.00540924072265625 0.0694236755371094
0.0712661743164063 0.0360946655273438 0.185516357421875 0.104019165039062
0.0793685913085937 -0.0468597412109375 0.304046630859375 -0.0048828125
0.00268554687499999 -0.08453369140625 0.325592041015625 -0.223419189453125
-0.0296783447265625 -0.0801925659179688 0.228668212890625 -0.420196533203125
-0.0142974853515625 -0.0570487976074219 0.193634033203125 -0.418365478515625
-0.0295600891113281 -0.0627784729003906 0.233978271484375 -0.390472412109375
0.0243492126464844 -0.0516738891601562 0.280288696289063 -0.238113403320313
0.0471992492675781 -0.0107040405273437 0.200515747070312 -0.1015625
0.0309982299804688 0.0581588745117188 0.126548767089844 -0.082794189453125
-0.0303268432617188 0.0383491516113281 0.111282348632812 -0.215591430664063
-0.0471992492675781 -0.00122833251953124 0.337493896484375 -0.4324951171875
-0.0167732238769531 -0.05999755859375 0.83099365234375 -0.26458740234375
-0.354644775390625 0.12451171875 0.403106689453125 -0.28692626953125
-0.216705322265625 0.222198486328125 0.124984741210937 -0.223785400390625
-0.01788330078125 0.328155517578125 0.00286483764648438 0.0659370422363281
0.17572021484375 0.1981201171875 0.16290283203125 0.0909881591796875
0.2574462890625 0.0143280029296875 0.270492553710938 0.019439697265625
0.164886474609375 -0.166213989257813 0.294464111328125 -0.1959228515625
0.08441162109375 -0.233856201171875 0.21038818359375 -0.376220703125
0.118988037109375 -0.201614379882813 0.173675537109375 -0.359771728515625
0.10223388671875 -0.228927612304688 0.212615966796875 -0.343048095703125
0.192092895507812 -0.144149780273437 0.233917236328125 -0.204513549804687
0.25494384765625 0.0113067626953125 0.1470947265625 -0.0782012939453125
0.190093994140625 0.219070434570312 0.0941696166992188 -0.105316162109375
-0.06707763671875 0.308380126953125 0.103713989257813 -0.255889892578125
-0.2132568359375 0.23187255859375 0.3538818359375 -0.438507080078125
-0.31719970703125 0.100494384765625 0.8096923828125 -0.26873779296875
-0.587158203125 0.258056640625 0.2861328125 -0.2452392578125
-0.35247802734375 0.384521484375 0.0894927978515625 -0.175918579101563
-0.03912353515625 0.542724609375 0.00668334960937499 0.0746078491210938
0.277252197265625 0.340057373046875 0.137489318847656 0.0710601806640625
0.414306640625 0.068878173828125 0.2144775390625 0.035125732421875
0.306549072265625 -0.2327880859375 0.225509643554688 -0.153106689453125
0.185546875 -0.35614013671875 0.160858154296875 -0.282470703125
0.233642578125 -0.315521240234375 0.126205444335938 -0.246368408203125
0.218536376953125 -0.361083984375 0.158279418945313 -0.239395141601563
0.332427978515625 -0.21722412109375 0.145599365234375 -0.136062622070313
0.432647705078125 0.031707763671875 0.0605926513671875 -0.04327392578125
0.33074951171875 0.353729248046875 0.0349807739257813 -0.124397277832031
-0.0897216796875 0.54998779296875 0.0784912109375 -0.28436279296875
-0.351806640625 0.442962646484375 0.332275390625 -0.399993896484375
-0.57513427734375 0.24481201171875 0.68853759765625 -0.2322998046875
-0.73577880859375 0.3621826171875 0.099578857421875 -0.166946411132812
-0.432708740234375 0.524383544921875 0.0226058959960937 -0.0846023559570312
-0.0260009765625 0.70538330078125 0.0127716064453125 0.0914382934570313
0.370819091796875 0.436798095703125 0.0996932983398438 0.0494766235351563
0.531036376953125 0.10455322265625 0.130851745605469 0.0483551025390625
0.40924072265625 -0.273895263671875 0.123062133789063 -0.086639404296875
0.259765625 -0.428131103515625 0.085601806640625 -0.147445678710938
0.313262939453125 -0.381317138671875 0.0608901977539063 -0.0961837768554688
0.299774169921875 -0.436920166015625 0.0800323486328125 -0.096160888671875
0.4232177734375 -0.255096435546875 0.0315437316894532 -0.040130615234375
0.548614501953125 0.049591064453125 -0.0461997985839843 0.00322723388671875
0.42730712890625 0.441986083984375 -0.042510986328125 -0.128990173339844
-0.1004638671875 0.7130126953125 0.039337158203125 -0.2840576171875
-0.44134521484375 0.585693359375 0.2740478515625 -0.30645751953125
-0.74542236328125 0.345458984375 0.489776611328125 -0.151580810546875
-0.77264404296875 0.422607421875 -0.132049560546875 -0.058929443359375
-0.44049072265625 0.599609375 -0.0684890747070313 0.0414199829101563
0.0103759765625001 0.77215576171875 0.0139694213867187 0.11395263671875
0.421966552734375 0.462860107421875 0.0438919067382813 0.0307655334472657
0.5743408203125 0.114990234375 0.0258140563964844 0.0627708435058594
0.449981689453125 -0.282928466796875 0.000278711318969754 -0.00281071662902834
0.290802001953125 -0.43896484375 -0.0042285919189453 0.0108890533447265
0.34417724609375 -0.3912353515625 -0.0154838562011719 0.0692787170410156
0.33355712890625 -0.442230224609375 -0.011505126953125 0.0641365051269531
0.44512939453125 -0.248077392578125 -0.0910568237304687 0.0672683715820312
0.5711669921875 0.0648193359375 -0.156051635742187 0.05303955078125
0.439178466796875 0.459197998046875 -0.1221923828125 -0.117347717285156
-0.108154296875 0.75 -0.00169372558593753 -0.250381469726562
-0.46441650390625 0.6202392578125 0.1885986328125 -0.169509887695312
-0.79974365234375 0.376953125 0.240447998046875 -0.0455474853515625
-0.69305419921875 0.42333984375 -0.370361328125 0.0655517578125
-0.37744140625 0.58294677734375 -0.167327880859375 0.181976318359375
0.0394287109375 0.7039794921875 0.00495910644531251 0.136032104492188
0.39959716796875 0.406494140625 -0.0219993591308593 0.0235385894775391
0.5189208984375 0.101409912109375 -0.0829391479492187 0.07757568359375
0.414520263671875 -0.248443603515625 -0.120437622070313 0.087493896484375
0.275299072265625 -0.3804931640625 -0.092926025390625 0.169021606445312
0.321075439453125 -0.338409423828125 -0.0896453857421875 0.222625732421875
0.318145751953125 -0.377593994140625 -0.1031494140625 0.215805053710938
0.397857666015625 -0.19366455078125 -0.20184326171875 0.16131591796875
0.490203857421875 0.081390380859375 -0.244293212890625 0.08740234375
0.35577392578125 0.407867431640625 -0.18353271484375 -0.0992584228515625
-0.12493896484375 0.6409912109375 -0.033660888671875 -0.194992065429687
-0.419647216796875 0.528411865234375 0.093536376953125 -0.0244522094726562
-0.72393798828125 0.338623046875 -0.0158500671386719 0.0637550354003906
-0.503509521484375 0.35101318359375 -0.582275390625 0.1854248046875
-0.255523681640625 0.4615478515625 -0.262359619140625 0.306396484375
0.0543212890625 0.506256103515625 -0.0113372802734375 0.15570068359375
0.297393798828125 0.27899169921875 -0.078216552734375 0.02880859375
0.36785888671875 0.07208251953125 -0.166854858398437 0.085174560546875
0.3070068359375 -0.172088623046875 -0.214508056640625 0.162399291992188
0.214767456054688 -0.264129638671875 -0.16461181640625 0.299835205078125
0.247360229492188 -0.23626708984375 -0.1497802734375 0.3426513671875
0.25286865234375 -0.255386352539063 -0.180999755859375 0.331024169921875
0.289306640625 -0.10784912109375 -0.283905029296875 0.22369384765625
0.33221435546875 0.089599609375 -0.296966552734375 0.09478759765625
0.205291748046875 0.295867919921875 -0.21435546875 -0.0841827392578125
-0.130889892578125 0.42449951171875 -0.0483627319335938 -0.136421203613281
-0.3095703125 0.344329833984375 0.00630187988281248 0.0942306518554688
-0.53692626953125 0.243804931640625 -0.23663330078125 0.153472900390625
-0.238494873046875 0.219894409179688 -0.73272705078125 0.27850341796875
-0.0987548828125 0.268447875976563 -0.34002685546875 0.40283203125
0.0599517822265625 0.2337646484375 -0.02642822265625 0.17669677734375
0.148956298828125 0.109420776367188 -0.105987548828125 0.0441055297851562
0.159408569335938 0.0329437255859375 -0.208465576171875 0.079833984375
0.151321411132813 -0.066558837890625 -0.266616821289063 0.2064208984375
0.120773315429688 -0.105354309082031 -0.20819091796875 0.380584716796875
0.136421203613281 -0.0972518920898437 -0.18682861328125 0.40924072265625
0.152389526367188 -0.0986480712890625 -0.23089599609375 0.39581298828125
0.147018432617187 -0.0138702392578125 -0.325958251953125 0.24627685546875
0.141891479492188 0.0816650390625 -0.310577392578125 0.078582763671875
0.0484466552734375 0.148590087890625 -0.217330932617188 -0.0778350830078125
-0.105239868164062 0.169219970703125 -0.0511093139648438 -0.0902633666992187
-0.153274536132813 0.132598876953125 -0.0600433349609375 0.165313720703125
-0.270782470703125 0.122268676757813 -0.38836669921875 0.212371826171875
-0.0744476318359375 -0.0179901123046875 0.42633056640625 -0.333038330078125
-0.0493888854980469 0.0530433654785156 0.109832763671875 -0.245269775390625
0.0300369262695312 0.0904083251953125 0.0118255615234375 0.07135009765625
0.0747833251953125 0.034271240234375 0.195159912109375 0.0935516357421875
0.0759811401367188 -0.0520782470703125 0.309173583984375 -0.024749755859375
-0.00418090820312501 -0.0842208862304688 0.321075439453125 -0.24664306640625
-0.0349197387695313 -0.0783538818359375 0.206634521484375 -0.444732666015625
-0.0178451538085938 -0.0560188293457031 0.171295166015625 -0.44439697265625
-0.0358924865722656 -0.0592689514160156 0.2135009765625 -0.4208984375
0.02032470703125 -0.0535354614257813 0.274261474609375 -0.26226806640625
0.0463600158691406 -0.01251220703125 0.199325561523438 -0.113967895507813
0.0361862182617188 0.0566444396972656 0.122604370117188 -0.09423828125
-0.0291671752929688 0.03826904296875 0.0995025634765625 -0.229217529296875
-0.0464859008789063 0.000385284423828133 0.314422607421875 -0.462188720703125
-0.0190315246582031 -0.0594367980957031 0.8314208984375 -0.32257080078125
-0.35369873046875 0.149261474609375 0.396270751953125 -0.32275390625
-0.209503173828125 0.239532470703125 0.114120483398437 -0.239471435546875
0.00350952148437499 0.338897705078125 0.0108528137207031 0.0683059692382813
0.190994262695313 0.193832397460938 0.1712646484375 0.080291748046875
0.261856079101563 -0.001983642578125 0.27752685546875 0.0011138916015625
0.15447998046875 -0.177581787109375 0.289398193359375 -0.217376708984375
0.070037841796875 -0.241043090820313 0.19036865234375 -0.39886474609375
0.109161376953125 -0.21270751953125 0.155792236328125 -0.38232421875
0.0875091552734375 -0.238998413085937 0.195281982421875 -0.370361328125
0.18560791015625 -0.158203125 0.229400634765625 -0.224014282226563
0.259994506835938 -0.0022430419921875 0.147109985351563 -0.0867156982421875
0.209243774414063 0.211929321289063 0.0883712768554688 -0.115402221679688
-0.050079345703125 0.3197021484375 0.0880126953125 -0.269805908203125
-0.204116821289062 0.247390747070313 0.331695556640625 -0.46844482421875
-0.31854248046875 0.124420166015625 0.807373046875 -0.32562255859375
-0.58428955078125 0.30126953125 0.278915405273437 -0.274337768554688
-0.339019775390625 0.4151611328125 0.078857421875 -0.189620971679687
-0.00155639648437505 0.561676025390625 0.016937255859375 0.0767822265625
0.30340576171875 0.332000732421875 0.144821166992188 0.0610809326171875
0.42694091796875 0.041778564453125 0.221542358398438 0.0204010009765625
0.295562744140625 -0.253204345703125 0.220245361328125 -0.168472290039063
0.163848876953125 -0.371917724609375 0.144805908203125 -0.29962158203125
0.21832275390625 -0.339324951171875 0.114639282226563 -0.263275146484375
0.19720458984375 -0.38177490234375 0.145416259765625 -0.258499145507813
0.325531005859375 -0.24066162109375 0.143280029296875 -0.148117065429688
0.4434814453125 0.00543212890625 0.0612678527832032 -0.045745849609375
0.364044189453125 0.342529296875 0.02685546875 -0.131881713867187
-0.0587158203124999 0.56988525390625 0.058990478515625 -0.295867919921875
-0.334930419921875 0.470855712890625 0.312103271484375 -0.426483154296875
-0.57470703125 0.2884521484375 0.68853759765625 -0.2784423828125
-0.7298583984375 0.41998291015625 0.0922851562499999 -0.183486938476562
-0.41424560546875 0.56378173828125 0.0147933959960937 -0.092620849609375
0.0225830078125 0.726806640625 0.0258331298828125 0.0930938720703125
0.40625 0.425048828125 0.104804992675781 0.0412979125976563
0.55029296875 0.069091796875 0.13812255859375 0.0388412475585938
0.398895263671875 -0.30303955078125 0.118827819824219 -0.0949630737304688
0.23406982421875 -0.450042724609375 0.07659912109375 -0.156707763671875
0.2957763671875 -0.41229248046875 0.0578765869140625 -0.103523254394531
0.274932861328125 -0.465179443359375 0.0750198364257813 -0.104415893554688
0.416046142578125 -0.28460693359375 0.0317878723144532 -0.0421524047851563
0.561859130859375 0.015380859375 -0.0448341369628906 0.00792694091796875
0.46807861328125 0.424713134765625 -0.0524520874023437 -0.131370544433594
-0.05859375 0.739990234375 0.019256591796875 -0.292724609375
-0.41790771484375 0.6253662109375 0.25927734375 -0.328216552734375
-0.74554443359375 0.40478515625 0.48974609375 -0.182647705078125
-0.76837158203125 0.4827880859375 -0.138145446777344 -0.0580978393554687
-0.4171142578125 0.6448974609375 -0.0703125 0.0431442260742188
0.06231689453125 0.79388427734375 0.02862548828125 0.116279602050781
0.462554931640625 0.448638916015625 0.047760009765625 0.0263328552246094
0.59564208984375 0.07647705078125 0.0313644409179688 0.0605201721191406
0.4384765625 -0.3153076171875 -0.00256657600402829 -0.000743865966796894
0.2640380859375 -0.463836669921875 -0.0061521530151367 0.0113115310668945
0.3267822265625 -0.424530029296875 -0.00925445556640623 0.0718307495117187
0.309814453125 -0.47418212890625 -0.00811767578124998 0.0680274963378906
0.437652587890625 -0.279693603515625 -0.0876541137695312 0.0757827758789063
0.58734130859375 0.02850341796875 -0.152862548828125 0.0650787353515625
0.481536865234375 0.44427490234375 -0.133865356445312 -0.114341735839844
-0.0640869140625 0.77972412109375 -0.022186279296875 -0.255813598632813
-0.44195556640625 0.66204833984375 0.181564331054687 -0.18377685546875
-0.7998046875 0.440185546875 0.242599487304687 -0.057891845703125
-0.68609619140625 0.48089599609375 -0.375457763671875 0.085479736328125
-0.35369873046875 0.62127685546875 -0.162338256835938 0.19415283203125
0.09014892578125 0.7188720703125 0.0203857421875 0.138496398925781
0.436187744140625 0.39208984375 -0.0194015502929687 0.02301025390625
0.539581298828125 0.067626953125 -0.077789306640625 0.0823211669921875
0.405975341796875 -0.279296875 -0.121078491210937 0.0981979370117187
0.254241943359375 -0.404693603515625 -0.0861358642578125 0.179824829101562
0.306396484375 -0.369781494140625 -0.075286865234375 0.235763549804687
0.298980712890625 -0.407958984375 -0.091796875 0.230010986328125
0.3936767578125 -0.221710205078125 -0.195785522460938 0.179962158203125
0.50634765625 0.051666259765625 -0.242721557617187 0.105819702148437
0.39276123046875 0.396026611328125 -0.194717407226562 -0.0906982421875
-0.088623046875 0.66888427734375 -0.0494232177734375 -0.196853637695312
-0.39959716796875 0.56591796875 0.0944061279296875 -0.0294952392578125
-0.72625732421875 0.39337158203125 -0.0116424560546876 0.0700798034667969
-0.49749755859375 0.394805908203125 -0.58343505859375 0.2220458984375
-0.236785888671875 0.489654541015625 -0.25146484375 0.32977294921875
0.09130859375 0.51702880859375 0.00308227539062501 0.159469604492188
0.322906494140625 0.26690673828125 -0.0764007568359375 0.0325851440429688
0.38330078125 0.047698974609375 -0.163833618164062 0.0955047607421875
0.30206298828125 -0.194915771484375 -0.21319580078125 0.180389404296875
0.1993408203125 -0.282470703125 -0.15155029296875 0.318817138671875
0.236709594726562 -0.259658813476563 -0.130645751953125 0.362579345703125
0.24090576171875 -0.278717041015625 -0.163421630859375 0.3546142578125
0.288360595703125 -0.128448486328125 -0.276580810546875 0.247879028320312
0.344818115234375 0.06817626953125 -0.2955322265625 0.11541748046875
0.23065185546875 0.290679931640625 -0.225082397460938 -0.0733642578125
-0.106781005859375 0.445953369140625 -0.0603561401367188 -0.135635375976562
-0.297607421875 0.370880126953125 0.0135421752929687 0.0966110229492188
-0.5382080078125 0.2860107421875 -0.231643676757813 0.175491333007813
-0.233963012695312 0.241775512695313 -0.733642578125 0.328857421875
-0.08612060546875 0.282379150390625 -0.32476806640625 0.433990478515625
0.0769500732421875 0.235275268554688 -0.01336669921875 0.180404663085938
0.159194946289063 0.102142333984375 -0.104171752929688 0.051422119140625
0.167282104492188 0.0226898193359375 -0.206497192382813 0.093231201171875
0.150802612304688 -0.0779876708984375 -0.263198852539063 0.228668212890625
0.115142822265625 -0.115028381347656 -0.190460205078125 0.404205322265625
0.132881164550781 -0.109619140625 -0.1646728515625 0.435333251953125
0.148681640625 -0.112503051757812 -0.210662841796875 0.424774169921875
0.148910522460938 -0.0238037109375 -0.318634033203125 0.274688720703125
0.149948120117188 0.0722503662109375 -0.3114013671875 0.09844970703125
0.0604095458984375 0.14874267578125 -0.227096557617188 -0.0647125244140625
-0.09539794921875 0.182693481445313 -0.0587615966796875 -0.088104248046875
-0.149444580078125 0.145736694335938 -0.048828125 0.172653198242188
-0.27301025390625 0.143829345703125 -0.38287353515625 0.244781494140625
-0.0738601684570312 -0.01434326171875 0.401397705078125 -0.36114501953125
-0.045257568359375 0.0553703308105469 0.0934906005859375 -0.253067016601563
0.0363845825195312 0.0876007080078125 0.0186882019042969 0.0697555541992188
0.0767288208007813 0.031646728515625 0.198272705078125 0.0785980224609375
0.0701866149902344 -0.0558547973632813 0.303070068359375 -0.044189453125
-0.0115432739257812 -0.0806427001953125 0.30389404296875 -0.264984130859375
-0.03936767578125 -0.0733795166015625 0.173980712890625 -0.455596923828125
-0.0210189819335937 -0.05340576171875 0.138702392578125 -0.456512451171875
-0.0404701232910156 -0.0535011291503906 0.18109130859375 -0.43695068359375
0.0151252746582031 -0.0536537170410156 0.257980346679688 -0.280838012695313
0.0446968078613281 -0.0144119262695313 0.191024780273438 -0.125
0.0401268005371094 0.053802490234375 0.114753723144531 -0.102752685546875
-0.0276527404785156 0.0372886657714844 0.082183837890625 -0.235061645507813
-0.0452079772949219 0.00148391723632813 0.279998779296875 -0.475738525390625
-0.0206680297851562 -0.0563888549804688 0.79974365234375 -0.37078857421875
-0.34051513671875 0.17095947265625 0.371673583984375 -0.35003662109375
-0.193389892578125 0.251327514648438 0.09625244140625 -0.248855590820312
0.028656005859375 0.336334228515625 0.0196151733398438 0.0664138793945313
0.20245361328125 0.182098388671875 0.173446655273438 0.06707763671875
0.257904052734375 -0.0198974609375 0.273818969726562 -0.0169219970703125
0.138519287109375 -0.183273315429688 0.274093627929687 -0.232589721679687
0.0525665283203125 -0.240707397460938 0.162322998046875 -0.40948486328125
0.0942230224609375 -0.218368530273438 0.12835693359375 -0.3941650390625
0.0684967041015625 -0.240036010742188 0.165924072265625 -0.384124755859375
0.171905517578125 -0.16802978515625 0.21533203125 -0.238922119140625
0.257156372070312 -0.019134521484375 0.141632080078125 -0.0936737060546875
0.223922729492188 0.197174072265625 0.078338623046875 -0.12188720703125
-0.02960205078125 0.32037353515625 0.0667877197265625 -0.273056030273438
-0.18707275390625 0.257400512695313 0.2958984375 -0.484466552734375
-0.30810546875 0.147064208984375 0.77630615234375 -0.372802734375
-0.55865478515625 0.33935546875 0.257537841796875 -0.294952392578125
-0.3123779296875 0.434844970703125 0.0637969970703125 -0.19659423828125
0.038665771484375 0.55810546875 0.0279922485351563 0.0737075805664063
0.322998046875 0.31201171875 0.146194458007813 0.0487518310546875
0.42401123046875 0.011810302734375 0.220718383789063 0.0042877197265625
0.272247314453125 -0.268325805664063 0.20709228515625 -0.179534912109375
0.135498046875 -0.375579833984375 0.12249755859375 -0.308074951171875
0.194305419921875 -0.351165771484375 0.0969696044921875 -0.272384643554688
0.166259765625 -0.389556884765625 0.125503540039063 -0.269012451171875
0.305206298828125 -0.25848388671875 0.134780883789063 -0.157058715820313
0.439422607421875 -0.02386474609375 0.0598182678222657 -0.0477714538574219
0.387481689453125 0.31658935546875 0.0162887573242188 -0.134689331054688
-0.0213623046875 0.571533203125 0.035736083984375 -0.297088623046875
-0.303253173828125 0.48779296875 0.280120849609375 -0.44122314453125
-0.554931640625 0.328399658203125 0.6622314453125 -0.316650390625
-0.69732666015625 0.468017578125 0.078826904296875 -0.19366455078125
-0.375732421875 0.5880126953125 0.00537109374999998 -0.0963821411132812
0.07537841796875 0.72137451171875 0.039520263671875 0.0892333984375
0.430023193359375 0.39599609375 0.106575012207031 0.03131103515625
0.5491943359375 0.029571533203125 0.13995361328125 0.0272369384765625
0.371124267578125 -0.324127197265625 0.109619140625 -0.100143432617188
0.199951171875 -0.457672119140625 0.063232421875 -0.161331176757813
0.264801025390625 -0.429718017578125 0.0514678955078125 -0.108489990234375
0.237518310546875 -0.478515625 0.0670318603515625 -0.109672546386719
0.39263916015625 -0.30828857421875 0.0309982299804688 -0.0434799194335938
0.559326171875 -0.0228271484375 -0.0421562194824218 0.0121726989746094
0.4971923828125 0.393341064453125 -0.0623245239257812 -0.128898620605469
-0.00878906250000005 0.74188232421875 -0.004241943359375 -0.289886474609375
-0.37786865234375 0.64520263671875 0.2340087890625 -0.339996337890625
-0.717529296875 0.4530029296875 0.472686767578125 -0.21075439453125
-0.7318115234375 0.53594970703125 -0.1419677734375 -0.0538330078125
-0.375732421875 0.66973876953125 -0.0704116821289063 0.0449905395507813
0.12158203125 0.78558349609375 0.0433883666992188 0.1112060546875
0.489227294921875 0.415130615234375 0.0496711730957032 0.0204811096191406
0.596435546875 0.0322265625 0.0371742248535157 0.0551986694335938
0.411895751953125 -0.340423583984375 -0.00513172149658201 0.00124120712280271
0.22857666015625 -0.473480224609375 -0.00700759887695311 0.011810302734375
0.294708251953125 -0.445098876953125 -0.00275421142578123 0.0711669921875
0.271392822265625 -0.4923095703125 -0.00285339355468748 0.0689926147460937
0.415985107421875 -0.304962158203125 -0.080718994140625 0.0825347900390625
0.583251953125 -0.01104736328125 -0.146011352539062 0.07611083984375
0.51239013671875 0.410003662109375 -0.141677856445312 -0.105667114257813
-0.0128173828125 0.78363037109375 -0.042724609375 -0.250350952148437
-0.39788818359375 0.68524169921875 0.16851806640625 -0.1923828125
-0.76824951171875 0.4931640625 0.236648559570312 -0.0699920654296875
-0.65167236328125 0.5262451171875 -0.368133544921875 0.10546875
-0.31341552734375 0.642578125 -0.151870727539063 0.202774047851563
0.142822265625 0.7105712890625 0.0352020263671875 0.133964538574219
0.460174560546875 0.360687255859375 -0.0163459777832031 0.0222911834716797
0.540771484375 0.024932861328125 -0.06976318359375 0.0845565795898438
0.381561279296875 -0.302886962890625 -0.116767883300781 0.107398986816406
0.221405029296875 -0.41412353515625 -0.074676513671875 0.184799194335937
0.278350830078125 -0.39019775390625 -0.0565185546875 0.239898681640625
0.26513671875 -0.426300048828125 -0.073883056640625 0.237564086914062
0.374664306640625 -0.2445068359375 -0.181610107421875 0.193389892578125
0.504669189453125 0.015472412109375 -0.23175048828125 0.12060546875
0.41912841796875 0.367645263671875 -0.20062255859375 -0.0778503417968749
-0.04266357421875 0.67498779296875 -0.065765380859375 -0.190093994140625
-0.3629150390625 0.5853271484375 0.0931015014648437 -0.0346603393554687
-0.698974609375 0.44354248046875 -0.00611877441406254 0.073638916015625
-0.47137451171875 0.42816162109375 -0.56573486328125 0.257080078125
-0.20465087890625 0.50408935546875 -0.230682373046875 0.3448486328125
0.12835693359375 0.508697509765625 0.0175323486328125 0.155853271484375
0.3387451171875 0.242218017578125 -0.0720901489257813 0.0360183715820313
0.385498046875 0.018463134765625 -0.154266357421875 0.103286743164062
0.2857666015625 -0.213592529296875 -0.20306396484375 0.194976806640625
0.1766357421875 -0.291656494140625 -0.131072998046875 0.328216552734375
0.21728515625 -0.275634765625 -0.102447509765625 0.37115478515625
0.21759033203125 -0.293975830078125 -0.135986328125 0.3673095703125
0.276718139648438 -0.145248413085938 -0.25836181640625 0.266510009765625
0.34552001953125 0.0426025390625 -0.2845458984375 0.13348388671875
0.25091552734375 0.272216796875 -0.228164672851562 -0.0572052001953125
-0.074951171875 0.45465087890625 -0.0707244873046875 -0.128631591796875
-0.2728271484375 0.387725830078125 0.0216598510742187 0.0955047607421875
-0.519287109375 0.320343017578125 -0.215652465820313 0.192245483398438
-0.219680786132812 0.257034301757813 -0.70672607421875 0.372314453125
-0.06890869140625 0.28704833984375 -0.295440673828125 0.45220947265625
0.0912628173828125 0.229354858398437 -4.57763671874978E-05 0.177627563476563
0.164993286132813 0.0897064208984375 -0.0974960327148437 0.0571670532226563
0.168777465820312 0.0095367431640625 -0.197540283203125 0.104385375976563
0.145278930664063 -0.088104248046875 -0.249801635742187 0.2445068359375
0.105056762695313 -0.121551513671875 -0.164306640625 0.416656494140625
0.123756408691406 -0.118881225585937 -0.13287353515625 0.447265625
0.139358520507813 -0.122917175292969 -0.176910400390625 0.440673828125
0.145904541015625 -0.033477783203125 -0.298187255859375 0.29632568359375
0.151962280273437 0.059234619140625 -0.30133056640625 0.116851806640625
0.071990966796875 0.142684936523438 -0.229202270507813 -0.047943115234375
-0.0805206298828125 0.191177368164063 -0.06494140625 -0.0820846557617187
-0.140670776367188 0.155319213867187 -0.0344696044921875 0.174560546875
-0.263656616210938 0.162841796875 -0.359588623046875 0.269500732421875
-0.0714569091796875 -0.0110244750976562 0.37640380859375 -0.370025634765625
-0.0412559509277344 0.0553550720214844 0.079620361328125 -0.253738403320313
0.0405731201171875 0.08349609375 0.0229263305664062 0.0654449462890625
0.0771560668945313 0.028045654296875 0.19439697265625 0.0668487548828125
0.0642852783203125 -0.0563316345214844 0.291839599609375 -0.055145263671875
-0.0156936645507812 -0.0756683349609375 0.287261962890625 -0.271148681640625
-0.0407905578613281 -0.0681877136230469 0.14971923828125 -0.453521728515625
-0.022186279296875 -0.0497932434082031 0.11309814453125 -0.45538330078125
-0.0423622131347656 -0.047088623046875 0.15399169921875 -0.4393310546875
0.0109367370605469 -0.0519561767578125 0.240325927734375 -0.28729248046875
0.0425148010253906 -0.0147781372070313 0.18145751953125 -0.128463745117188
0.0421028137207031 0.0502433776855469 0.105278015136719 -0.105728149414063
-0.0271644592285156 0.0359611511230469 0.0668182373046875 -0.2335205078125
-0.0433692932128906 0.00186920166015625 0.249267578125 -0.474334716796875
-0.0206298828125 -0.0527458190917969 0.759521484375 -0.39288330078125
-0.323883056640625 0.18194580078125 0.346893310546875 -0.36114501953125
-0.17877197265625 0.2537841796875 0.0812530517578125 -0.250091552734375
0.0452880859375 0.326812744140625 0.0262184143066406 0.06170654296875
0.206085205078125 0.169570922851563 0.170150756835938 0.055938720703125
0.248626708984375 -0.030792236328125 0.265121459960938 -0.0281219482421875
0.125411987304688 -0.181930541992188 0.258087158203125 -0.2384033203125
0.0403594970703125 -0.233535766601563 0.1387939453125 -0.4085693359375
0.082000732421875 -0.217300415039063 0.10589599609375 -0.394287109375
0.0547332763671875 -0.233840942382813 0.142242431640625 -0.385711669921875
0.158828735351563 -0.169906616210938 0.201828002929688 -0.2442626953125
0.249649047851562 -0.029388427734375 0.135848999023438 -0.095794677734375
0.229034423828125 0.182479858398438 0.0694656372070313 -0.123908996582031
-0.016326904296875 0.314239501953125 0.05084228515625 -0.269195556640625
-0.171798706054687 0.258026123046875 0.265625 -0.4822998046875
-0.2933349609375 0.158538818359375 0.73687744140625 -0.39190673828125
-0.528533935546875 0.3551025390625 0.236785888671875 -0.304229736328125
-0.28656005859375 0.437896728515625 0.0505523681640625 -0.198013305664062
0.06573486328125 0.5426025390625 0.0363006591796875 0.0673561096191407
0.329681396484375 0.29095458984375 0.1429443359375 0.03997802734375
0.412017822265625 -0.008453369140625 0.215072631835938 -0.00604248046875
0.250747680664063 -0.270523071289063 0.194427490234375 -0.182022094726563
0.1136474609375 -0.368011474609375 0.1036376953125 -0.30731201171875
0.1737060546875 -0.351898193359375 0.08154296875 -0.273330688476563
0.142364501953125 -0.385498046875 0.109222412109375 -0.270339965820313
0.284698486328125 -0.264129638671875 0.127059936523438 -0.160537719726563
0.42620849609375 -0.042205810546875 0.0582008361816407 -0.0469627380371094
0.394683837890625 0.290985107421875 0.00853729248046878 -0.133125305175781
0.003662109375 0.56231689453125 0.018341064453125 -0.28912353515625
-0.278228759765625 0.489044189453125 0.252716064453125 -0.4398193359375
-0.52764892578125 0.347869873046875 0.630126953125 -0.3338623046875
-0.65704345703125 0.489013671875 0.0661621093749999 -0.19757080078125
-0.34405517578125 0.59210205078125 -0.00271606445312502 -0.09686279296875
0.1124267578125 0.70135498046875 0.0483779907226563 0.0816726684570313
0.438629150390625 0.36785888671875 0.104415893554688 0.0233917236328125
0.53564453125 0.00030517578125 0.137916564941406 0.0187606811523437
0.343597412109375 -0.3304443359375 0.102569580078125 -0.0997543334960938
0.170654296875 -0.450592041015625 0.0525054931640625 -0.160354614257813
0.240142822265625 -0.434478759765625 0.045928955078125 -0.110679626464844
0.20697021484375 -0.476898193359375 0.0604629516601563 -0.110908508300781
0.368621826171875 -0.3173828125 0.030181884765625 -0.0439643859863281
0.542938232421875 -0.04766845703125 -0.0383949279785156 0.015289306640625
0.50543212890625 0.3599853515625 -0.0682754516601562 -0.123954772949219
0.0241699218749999 0.728759765625 -0.02001953125 -0.280181884765625
-0.34197998046875 0.6446533203125 0.214263916015625 -0.33917236328125
-0.6826171875 0.4779052734375 0.451934814453125 -0.220672607421875
-0.6893310546875 0.558837890625 -0.142837524414063 -0.05029296875
-0.34033203125 0.67376708984375 -0.0704116821289063 0.0454483032226563
0.15838623046875 0.76214599609375 0.0531158447265625 0.102638244628906
0.497283935546875 0.384246826171875 0.0492973327636719 0.0155982971191407
0.58367919921875 0.00140380859375 0.0396919250488282 0.0493965148925781
0.382049560546875 -0.348541259765625 -0.00655364990234373 0.00381040573120115
0.19940185546875 -0.4676513671875 -0.00830173492431639 0.0120658874511718
0.266998291015625 -0.449676513671875 0.00218582153320314 0.0688743591308593
0.23944091796875 -0.49176025390625 0.00167846679687501 0.0681915283203125
0.39013671875 -0.313720703125 -0.0736923217773438 0.0851669311523437
0.5665283203125 -0.03741455078125 -0.136924743652344 0.081024169921875
0.521759033203125 0.376495361328125 -0.143753051757812 -0.09759521484375
0.0228271484375 0.770263671875 -0.054779052734375 -0.23907470703125
-0.3607177734375 0.68377685546875 0.15667724609375 -0.19287109375
-0.7318115234375 0.5191650390625 0.2281494140625 -0.074462890625
-0.61358642578125 0.5465087890625 -0.356201171875 0.116058349609375
-0.28192138671875 0.64410400390625 -0.142745971679688 0.204132080078125
0.1751708984375 0.6881103515625 0.0454559326171875 0.125747680664063
0.46600341796875 0.33148193359375 -0.014291763305664 0.0208778381347656
0.528778076171875 -0.0023193359375 -0.06280517578125 0.082794189453125
0.355865478515625 -0.3123779296875 -0.111557006835937 0.112411499023438
0.19610595703125 -0.41143798828125 -0.06634521484375 0.185211181640625
0.25286865234375 -0.395538330078125 -0.0426025390625 0.236968994140625
0.23614501953125 -0.4268798828125 -0.0579681396484375 0.237213134765625
0.3533935546875 -0.25372314453125 -0.16717529296875 0.198043823242187
0.48992919921875 -0.01080322265625 -0.219772338867187 0.128219604492188
0.426422119140625 0.339508056640625 -0.19940185546875 -0.0668792724609375
-0.01007080078125 0.66619873046875 -0.07373046875 -0.17901611328125
-0.33197021484375 0.5865478515625 0.091552734375 -0.036468505859375
-0.6650390625 0.46673583984375 -0.0011215209960938 0.0742263793945313
-0.442596435546875 0.439422607421875 -0.543914794921875 0.27325439453125
-0.1810302734375 0.503997802734375 -0.21246337890625 0.348175048828125
0.148162841796875 0.492034912109375 0.0271453857421875 0.14849853515625
0.3409423828125 0.2220458984375 -0.0665130615234375 0.0368461608886719
0.37689208984375 -0.00177001953125 -0.144317626953125 0.105194091796875
0.268600463867188 -0.221328735351563 -0.193008422851563 0.201004028320312
0.158355712890625 -0.290374755859375 -0.11395263671875 0.32781982421875
0.199661254882813 -0.280731201171875 -0.08160400390625 0.36944580078125
0.196563720703125 -0.29791259765625 -0.1114501953125 0.367431640625
0.262939453125 -0.153488159179687 -0.23968505859375 0.274078369140625
0.33709716796875 0.02484130859375 -0.270462036132813 0.14202880859375
0.25860595703125 0.2545166015625 -0.225311279296875 -0.0456085205078125
-0.051025390625 0.451202392578125 -0.07562255859375 -0.119949340820312
-0.25225830078125 0.388946533203125 0.027587890625 0.09197998046875
-0.49493408203125 0.33837890625 -0.199081420898438 0.197784423828125
-0.20501708984375 0.261825561523437 -0.67352294921875 0.39422607421875
-0.056793212890625 0.28375244140625 -0.26922607421875 0.457244873046875
0.0988922119140625 0.220306396484375 0.00860595703125001 0.171401977539063
0.164398193359375 0.0794525146484375 -0.0903778076171875 0.059295654296875
0.165878295898438 0.0005035400390625 -0.186630249023438 0.1085205078125
0.138206481933594 -0.0932464599609375 -0.236495971679687 0.249862670898438
0.0970001220703125 -0.122215270996094 -0.14300537109375 0.41644287109375
0.114959716796875 -0.122802734375 -0.107208251953125 0.444427490234375
0.129066467285156 -0.128082275390625 -0.147918701171875 0.440643310546875
0.140380859375 -0.0385360717773438 -0.278228759765625 0.30352783203125
0.149612426757813 0.04937744140625 -0.2889404296875 0.126068115234375
0.0768280029296875 0.135490417480469 -0.224822998046875 -0.0350189208984375
-0.067779541015625 0.192230224609375 -0.06658935546875 -0.0750732421875
-0.130569458007813 0.158157348632813 -0.0229949951171875 0.170852661132813
-0.252365112304688 0.172134399414063 -0.3355712890625 0.278045654296875
-0.0690231323242187 -0.0103073120117188 0.36041259765625 -0.371856689453125
-0.0385932922363281 0.0539741516113281 0.0717620849609375 -0.253372192382813
0.0428314208984375 0.0797119140625 0.0255813598632812 0.0610389709472656
0.0770187377929688 0.026214599609375 0.190032958984375 0.0605926513671875
0.0610580444335937 -0.0556411743164062 0.283050537109375 -0.057861328125
-0.018157958984375 -0.0716476440429688 0.277313232421875 -0.271865844726563
-0.0413703918457031 -0.0648536682128906 0.135223388671875 -0.449127197265625
-0.0221595764160156 -0.0476455688476563 0.098388671875 -0.45147705078125
-0.0420913696289062 -0.0421371459960938 0.137451171875 -0.435546875
0.00860214233398438 -0.0496101379394531 0.231781005859375 -0.2894287109375
0.0411834716796875 -0.0149650573730469 0.176193237304688 -0.1278076171875
0.0431404113769531 0.0482177734375 0.098785400390625 -0.106895446777344
-0.0278377532958984 0.0343246459960938 0.05810546875 -0.230819702148438
-0.0411262512207031 0.00209808349609374 0.23150634765625 -0.466033935546875
-0.0187797546386719 -0.0506629943847656 0.73187255859375 -0.39410400390625
-0.311553955078125 0.184600830078125 0.330780029296875 -0.36151123046875
-0.17022705078125 0.250961303710938 0.0720062255859375 -0.24932861328125
0.053741455078125 0.317718505859375 0.0301856994628906 0.0566787719726563
0.206497192382813 0.16229248046875 0.166091918945313 0.0499725341796875
0.241134643554688 -0.03515625 0.25762939453125 -0.0321197509765625
0.11688232421875 -0.177658081054688 0.250518798828125 -0.237228393554688
0.0341796875 -0.227294921875 0.12591552734375 -0.404449462890625
0.0766448974609375 -0.215164184570313 0.09259033203125 -0.39190673828125
0.047454833984375 -0.227996826171875 0.12823486328125 -0.384124755859375
0.151168823242188 -0.167526245117188 0.19451904296875 -0.246383666992188
0.243759155273437 -0.0334320068359375 0.132987976074219 -0.0944442749023438
0.229461669921875 0.17327880859375 0.063568115234375 -0.124008178710937
-0.010772705078125 0.30987548828125 0.0418853759765625 -0.263427734375
-0.164108276367188 0.254257202148438 0.249969482421875 -0.473907470703125
-0.2838134765625 0.162811279296875 0.71185302734375 -0.39251708984375
-0.50897216796875 0.360260009765625 0.223419189453125 -0.30560302734375
-0.2734375 0.436492919921875 0.042388916015625 -0.197677612304687
0.080291748046875 0.528594970703125 0.0411109924316406 0.0612068176269532
0.3302001953125 0.27777099609375 0.139183044433594 0.0340576171875
0.401458740234375 -0.017608642578125 0.20989990234375 -0.01068115234375
0.23809814453125 -0.266616821289063 0.18798828125 -0.181259155273438
0.103546142578125 -0.35986328125 0.093353271484375 -0.304107666015625
0.162750244140625 -0.34942626953125 0.0731658935546875 -0.271820068359375
0.12835693359375 -0.37774658203125 0.099578857421875 -0.26971435546875
0.272308349609375 -0.263031005859375 0.123031616210938 -0.161529541015625
0.416656494140625 -0.049957275390625 0.0583534240722656 -0.0458488464355469
0.395233154296875 0.276275634765625 0.00350952148437504 -0.131484985351563
0.0161437988281251 0.553253173828125 0.010467529296875 -0.280624389648437
-0.263336181640625 0.48187255859375 0.237518310546875 -0.432373046875
-0.510223388671875 0.3533935546875 0.610107421875 -0.33209228515625
-0.63372802734375 0.4949951171875 0.057647705078125 -0.197509765625
-0.32586669921875 0.58892822265625 -0.00836944580078127 -0.0964584350585937
0.12725830078125 0.68310546875 0.0534591674804688 0.0737457275390625
0.438262939453125 0.351226806640625 0.102195739746094 0.0193099975585938
0.522674560546875 -0.0113525390625 0.136543273925781 0.0136489868164063
0.32763671875 -0.32867431640625 0.0977783203125 -0.0977401733398438
0.157196044921875 -0.441680908203125 0.0454559326171875 -0.159561157226563
0.225311279296875 -0.43072509765625 0.0419998168945313 -0.111618041992188
0.18988037109375 -0.468994140625 0.0568923950195313 -0.111549377441406
0.35198974609375 -0.315673828125 0.0306968688964844 -0.0443267822265625
0.5291748046875 -0.05792236328125 -0.0344009399414062 0.0170612335205078
0.50592041015625 0.34210205078125 -0.0706634521484374 -0.121017456054687
0.03936767578125 0.71942138671875 -0.026519775390625 -0.270004272460937
-0.32659912109375 0.63824462890625 0.2032470703125 -0.333221435546875
-0.66107177734375 0.48370361328125 0.437103271484375 -0.220611572265625
-0.66424560546875 0.56500244140625 -0.142852783203125 -0.0493011474609375
-0.32281494140625 0.66888427734375 -0.0712356567382813 0.0452041625976563
0.1739501953125 0.742919921875 0.0592422485351563 0.0945281982421876
0.4971923828125 0.36627197265625 0.049224853515625 0.0121421813964844
0.56878662109375 -0.01385498046875 0.0411415100097657 0.0445442199707031
0.365081787109375 -0.3468017578125 -0.00722503662109373 0.00598764419555662
0.1837158203125 -0.460479736328125 -0.00997161865234374 0.0123729705810547
0.251617431640625 -0.449554443359375 0.00451660156250001 0.0662040710449219
0.219940185546875 -0.483367919921875 0.00548553466796876 0.0666046142578125
0.37445068359375 -0.3153076171875 -0.068084716796875 0.0850677490234375
0.5523681640625 -0.0506591796875 -0.130615234375 0.0830612182617188
0.52178955078125 0.356109619140625 -0.143829345703125 -0.0932769775390625
0.041748046875 0.7598876953125 -0.0597991943359375 -0.229568481445312
-0.344482421875 0.67645263671875 0.151947021484375 -0.190231323242187
-0.7108154296875 0.52496337890625 0.22259521484375 -0.0749969482421875
-0.590576171875 0.55047607421875 -0.347381591796875 0.118011474609375
-0.2642822265625 0.6397705078125 -0.138229370117188 0.204391479492188
0.1884765625 0.671630859375 0.0512313842773438 0.118553161621094
0.46368408203125 0.315765380859375 -0.0123538970947265 0.0191268920898438
0.51806640625 -0.0164794921875 -0.0583267211914062 0.0787582397460937
0.34014892578125 -0.312530517578125 -0.108871459960937 0.115005493164062
0.180572509765625 -0.404510498046875 -0.0633697509765625 0.183746337890625
0.238983154296875 -0.395416259765625 -0.0348968505859375 0.233551025390625
0.218902587890625 -0.4224853515625 -0.0489349365234375 0.234329223632812
0.339599609375 -0.254974365234375 -0.158828735351563 0.198867797851562
0.477752685546875 -0.021270751953125 -0.21075439453125 0.130157470703125
0.427947998046875 0.321807861328125 -0.1971435546875 -0.0615386962890625
0.00720214843749997 0.6549072265625 -0.076995849609375 -0.170547485351562
-0.31610107421875 0.5792236328125 0.091278076171875 -0.0365524291992187
-0.64544677734375 0.47320556640625 0.00193786621093746 0.0742034912109375
-0.42584228515625 0.44219970703125 -0.5260009765625 0.276153564453125
-0.16973876953125 0.499755859375 -0.201812744140625 0.34783935546875
0.156982421875 0.48101806640625 0.0328216552734375 0.142425537109375
0.3388671875 0.209869384765625 -0.0632743835449219 0.0358467102050782
0.369293212890625 -0.01214599609375 -0.137779235839844 0.101982116699219
0.256515502929688 -0.22222900390625 -0.187255859375 0.203109741210938
0.147705078125 -0.285552978515625 -0.105743408203125 0.32635498046875
0.1885986328125 -0.28204345703125 -0.06951904296875 0.36505126953125
0.1842041015625 -0.2962646484375 -0.09716796875 0.36395263671875
0.253265380859375 -0.155609130859375 -0.227569580078125 0.274490356445312
0.328338623046875 0.0162353515625 -0.261062622070313 0.144424438476562
0.259490966796875 0.242782592773438 -0.220626831054687 -0.0391845703125
-0.03741455078125 0.444976806640625 -0.0764846801757813 -0.113166809082031
-0.240447998046875 0.38616943359375 0.0322341918945312 0.0894012451171875
-0.48114013671875 0.344757080078125 -0.188308715820313 0.197128295898438
-0.198410034179688 0.262222290039063 -0.64959716796875 0.39715576171875
-0.0521087646484375 0.280410766601563 -0.256500244140625 0.45635986328125
0.100326538085938 0.2144775390625 0.012237548828125 0.167251586914063
0.161224365234375 0.0743865966796875 -0.0853118896484375 0.0586013793945313
0.162933349609375 -0.004241943359375 -0.179412841796875 0.106658935546875
0.133560180664063 -0.0952911376953125 -0.229629516601563 0.251220703125
0.0923004150390625 -0.121383666992188 -0.13104248046875 0.41424560546875
0.109649658203125 -0.12451171875 -0.092559814453125 0.440582275390625
0.122688293457031 -0.129203796386719 -0.131072998046875 0.436279296875
0.136199951171875 -0.0407485961914062 -0.26544189453125 0.304718017578125
0.145828247070313 0.044342041015625 -0.279937744140625 0.128173828125
0.07879638671875 0.130340576171875 -0.219924926757813 -0.028289794921875
-0.0594024658203125 0.191360473632813 -0.0662460327148438 -0.0703201293945312
-0.125198364257813 0.157333374023438 -0.0155487060546875 0.16680908203125
-0.246322631835938 0.175216674804687 -0.319488525390625 0.277099609375
-0.0684471130371094 -0.0106315612792969 0.357025146484375 -0.3758544921875
-0.0374946594238281 0.0523223876953125 0.0677032470703125 -0.2568359375
0.0442276000976563 0.0771484375 0.0265655517578125 0.0582656860351563
0.0783767700195313 0.025299072265625 0.187835693359375 0.057464599609375
0.0598831176757813 -0.0557861328125 0.28228759765625 -0.05865478515625
-0.0193557739257813 -0.0695266723632813 0.277511596679688 -0.274322509765625
-0.0417022705078125 -0.0633316040039063 0.129791259765625 -0.451141357421875
-0.0223007202148437 -0.0467414855957031 0.09185791015625 -0.454345703125
-0.0425796508789063 -0.0399055480957031 0.12994384765625 -0.439422607421875
0.00726699829101563 -0.0487327575683594 0.229949951171875 -0.293426513671875
0.0411109924316406 -0.0141830444335938 0.175949096679688 -0.1270751953125
0.0442771911621094 0.0471267700195313 0.0956268310546875 -0.107994079589844
-0.0293140411376953 0.0341777801513672 0.0536651611328125 -0.230545043945313
-0.0395393371582031 0.00152206420898438 0.22601318359375 -0.46435546875
-0.0168724060058594 -0.049957275390625 0.72515869140625 -0.39117431640625
-0.308197021484375 0.18524169921875 0.324981689453125 -0.36627197265625
-0.167755126953125 0.251495361328125 0.066925048828125 -0.25201416015625
0.058074951171875 0.31396484375 0.0325889587402344 0.0521965026855469
0.207839965820313 0.160293579101563 0.16375732421875 0.04730224609375
0.239212036132813 -0.037261962890625 0.257293701171875 -0.0330047607421875
0.114089965820313 -0.1759033203125 0.249862670898437 -0.239212036132812
0.03216552734375 -0.224990844726563 0.11932373046875 -0.406982421875
0.0750885009765625 -0.215713500976563 0.087005615234375 -0.395111083984375
0.04510498046875 -0.224929809570313 0.1226806640625 -0.386871337890625
0.14825439453125 -0.1676025390625 0.193222045898438 -0.249557495117187
0.242568969726563 -0.03509521484375 0.133865356445313 -0.0942153930664063
0.232666015625 0.170867919921875 0.0603179931640625 -0.125335693359375
-0.00851440429687498 0.310699462890625 0.0368804931640625 -0.261642456054688
-0.163070678710937 0.254745483398438 0.243255615234375 -0.471282958984375
-0.2813720703125 0.166412353515625 0.707275390625 -0.39141845703125
-0.50445556640625 0.363433837890625 0.21771240234375 -0.308074951171875
-0.270660400390625 0.437347412109375 0.0369720458984375 -0.20074462890625
0.085784912109375 0.524627685546875 0.0440330505371094 0.0554771423339844
0.33203125 0.27484130859375 0.137924194335938 0.0312423706054688
0.399658203125 -0.0223388671875 0.20947265625 -0.0129241943359375
0.233596801757813 -0.265274047851563 0.187225341796875 -0.18194580078125
0.099639892578125 -0.357208251953125 0.087615966796875 -0.306304931640625
0.160186767578125 -0.35260009765625 0.0685272216796875 -0.27532958984375
0.123809814453125 -0.375885009765625 0.096160888671875 -0.27313232421875
0.26837158203125 -0.263824462890625 0.123321533203125 -0.16387939453125
0.415496826171875 -0.0523681640625 0.0604896545410156 -0.0453720092773438
0.39971923828125 0.272796630859375 0.000526428222656279 -0.133087158203125
0.02044677734375 0.554962158203125 0.006317138671875 -0.27764892578125
-0.262359619140625 0.4827880859375 0.235015869140625 -0.43023681640625
-0.50872802734375 0.35992431640625 0.604736328125 -0.330810546875
-0.62799072265625 0.49920654296875 0.0536651611328124 -0.199447631835938
-0.32208251953125 0.59185791015625 -0.01190185546875 -0.0979080200195312
0.1356201171875 0.68023681640625 0.0577926635742188 0.0678634643554688
0.440155029296875 0.34735107421875 0.101081848144531 0.0160140991210938
0.52093505859375 -0.01739501953125 0.136627197265625 0.0111465454101563
0.321807861328125 -0.327301025390625 0.0983123779296875 -0.0970687866210938
0.15252685546875 -0.44024658203125 0.0413818359375 -0.159957885742188
0.22100830078125 -0.43597412109375 0.0405197143554688 -0.114395141601563
0.182586669921875 -0.46893310546875 0.0565185546875 -0.114006042480469
0.348236083984375 -0.3167724609375 0.0318107604980469 -0.0453758239746094
0.526275634765625 -0.0618896484375 -0.0317935943603515 0.0179901123046875
0.511260986328125 0.336700439453125 -0.0727996826171875 -0.121925354003906
0.04656982421875 0.72119140625 -0.0301513671875 -0.266311645507812
-0.32476806640625 0.63824462890625 0.201751708984375 -0.33282470703125
-0.65765380859375 0.49322509765625 0.43585205078125 -0.21875
-0.6573486328125 0.57012939453125 -0.1456298828125 -0.0499572753906249
-0.31744384765625 0.67364501953125 -0.0730514526367188 0.046173095703125
0.18365478515625 0.740478515625 0.0636062622070313 0.087982177734375
0.499420166015625 0.36138916015625 0.0491447448730469 0.00994110107421877
0.56756591796875 -0.02105712890625 0.0418052673339844 0.0413627624511719
0.359466552734375 -0.348297119140625 -0.0073575973510742 0.00815629959106443
0.179290771484375 -0.4573974609375 -0.0118169784545898 0.0129365921020508
0.246734619140625 -0.45404052734375 0.00524139404296877 0.0643882751464843
0.213714599609375 -0.484375 0.00830078125000002 0.0651435852050781
0.370147705078125 -0.316650390625 -0.0662689208984375 0.0853805541992187
0.549652099609375 -0.054840087890625 -0.127365112304687 0.0847930908203125
0.52545166015625 0.351226806640625 -0.145462036132812 -0.0931243896484374
0.049072265625 0.76324462890625 -0.0618133544921875 -0.224853515625
-0.34130859375 0.6768798828125 0.15155029296875 -0.189849853515625
-0.70733642578125 0.53521728515625 0.22265625 -0.0734100341796875
-0.5848388671875 0.55584716796875 -0.34783935546875 0.11920166015625
-0.26104736328125 0.6458740234375 -0.137649536132813 0.206558227539063
0.1956787109375 0.67034912109375 0.0555343627929688 0.112739562988281
0.466033935546875 0.3106689453125 -0.0112142562866211 0.016535758972168
0.516937255859375 -0.02301025390625 -0.0572280883789062 0.0757980346679688
0.335845947265625 -0.31317138671875 -0.108772277832031 0.117515563964844
0.176849365234375 -0.403594970703125 -0.0626983642578125 0.185958862304688
0.235076904296875 -0.401031494140625 -0.03094482421875 0.233627319335937
0.213043212890625 -0.4239501953125 -0.0427703857421875 0.233993530273437
0.335296630859375 -0.25604248046875 -0.155975341796875 0.200729370117187
0.475738525390625 -0.025787353515625 -0.206924438476562 0.132003784179688
0.430877685546875 0.316986083984375 -0.197708129882812 -0.0608062744140625
0.0150146484375 0.65966796875 -0.077667236328125 -0.1661376953125
-0.31353759765625 0.57952880859375 0.0930938720703125 -0.0378875732421875
-0.6434326171875 0.48046875 0.0039596557617187 0.0744705200195313
-0.42181396484375 0.44696044921875 -0.52374267578125 0.2781982421875
-0.167694091796875 0.5032958984375 -0.198760986328125 0.351348876953125
0.161865234375 0.478729248046875 0.0357131958007813 0.139167785644531
0.339874267578125 0.207794189453125 -0.0607872009277344 0.0350494384765625
0.3701171875 -0.01629638671875 -0.136672973632812 0.0993804931640625
0.254135131835938 -0.223907470703125 -0.18743896484375 0.205581665039062
0.145111083984375 -0.285552978515625 -0.10284423828125 0.32861328125
0.18603515625 -0.285491943359375 -0.063385009765625 0.36627197265625
0.17938232421875 -0.29730224609375 -0.0888671875 0.36456298828125
0.251220703125 -0.156600952148438 -0.2252197265625 0.277236938476562
0.32598876953125 0.012603759765625 -0.258132934570313 0.145721435546875
0.262435913085938 0.239425659179687 -0.2203369140625 -0.03741455078125
-0.030487060546875 0.447357177734375 -0.0765609741210938 -0.109046936035156
-0.238739013671875 0.385528564453125 0.0360946655273437 0.0873947143554688
-0.47955322265625 0.349945068359375 -0.18560791015625 0.196914672851563
-0.197479248046875 0.264236450195313 -0.64593505859375 0.39990234375
-0.051727294921875 0.28204345703125 -0.25054931640625 0.459259033203125
0.101058959960938 0.215377807617187 0.014434814453125 0.16595458984375
0.161117553710937 0.073883056640625 -0.0826797485351562 0.0581130981445313
0.1636962890625 -0.0055084228515625 -0.178787231445312 0.104202270507813
0.133293151855469 -0.0971298217773437 -0.230789184570312 0.254608154296875
0.0905990600585938 -0.121841430664062 -0.127410888671875 0.4180908203125
0.108619689941406 -0.126693725585937 -0.086395263671875 0.443511962890625
0.120307922363281 -0.131134033203125 -0.122650146484375 0.438323974609375
0.135673522949219 -0.0415420532226563 -0.26214599609375 0.3082275390625
0.144943237304688 0.0417633056640625 -0.278533935546875 0.129104614257812
0.0805587768554688 0.128646850585937 -0.2176513671875 -0.0259246826171875
-0.0552520751953125 0.193344116210938 -0.0652885437011719 -0.0676803588867188
-0.124588012695312 0.158462524414063 -0.01092529296875 0.164474487304688
-0.246658325195312 0.178634643554688 -0.31561279296875 0.276947021484375
-0.069366455078125 -0.0104522705078125 0.358062744140625 -0.38934326171875
-0.0374412536621094 0.0523300170898437 0.06207275390625 -0.26568603515625
0.0465927124023438 0.07489013671875 0.0282211303710938 0.0572128295898438
0.0803604125976563 0.0241317749023438 0.190719604492188 0.055145263671875
0.0591011047363281 -0.0579910278320313 0.2869873046875 -0.06256103515625
-0.0216865539550781 -0.0684700012207031 0.281097412109375 -0.285400390625
-0.0436439514160156 -0.0626983642578125 0.123748779296875 -0.463287353515625
-0.0226402282714844 -0.0470962524414063 0.0816650390625 -0.467926025390625
-0.0437736511230469 -0.037109375 0.12158203125 -0.45294189453125
0.00587844848632813 -0.0492935180664063 0.231231689453125 -0.306304931640625
0.0426292419433594 -0.0154380798339844 0.179580688476563 -0.130706787109375
0.0465583801269531 0.0465164184570313 0.0937881469726563 -0.112152099609375
-0.03076171875 0.0355453491210938 0.0479583740234375 -0.235977172851563
-0.0394248962402344 0.00142288208007812 0.2222900390625 -0.473114013671875
-0.0157127380371094 -0.0509529113769531 0.7357177734375 -0.40386962890625
-0.311431884765625 0.19317626953125 0.32421875 -0.3795166015625
-0.167068481445313 0.259063720703125 0.0608367919921875 -0.260482788085937
0.065704345703125 0.317047119140625 0.0349464416503906 0.0490303039550781
0.214675903320313 0.159469604492188 0.1666259765625 0.0448455810546875
0.242324829101563 -0.042022705078125 0.261688232421875 -0.037811279296875
0.11212158203125 -0.178909301757813 0.25360107421875 -0.248550415039063
0.029083251953125 -0.228927612304688 0.112548828125 -0.4189453125
0.0733795166015625 -0.222549438476563 0.07904052734375 -0.40771484375
0.0418243408203125 -0.227828979492187 0.1163330078125 -0.400726318359375
0.147232055664063 -0.172683715820313 0.195205688476563 -0.261428833007813
0.247512817382813 -0.0394287109375 0.137298583984375 -0.0965423583984375
0.242538452148437 0.16949462890625 0.0577239990234375 -0.130088806152344
-0.00363159179687502 0.31884765625 0.031951904296875 -0.26611328125
-0.162399291992188 0.262039184570312 0.242156982421875 -0.481048583984375
-0.283355712890625 0.17578125 0.71551513671875 -0.40325927734375
-0.507843017578125 0.378814697265625 0.215118408203125 -0.31842041015625
-0.2689208984375 0.450958251953125 0.031036376953125 -0.206436157226562
0.098846435546875 0.531707763671875 0.048370361328125 0.0505332946777344
0.344024658203125 0.27392578125 0.139839172363281 0.0281295776367188
0.406097412109375 -0.03070068359375 0.213165283203125 -0.01727294921875
0.231903076171875 -0.27191162109375 0.190200805664063 -0.1884765625
0.095947265625 -0.36505126953125 0.081634521484375 -0.315032958984375
0.157440185546875 -0.365753173828125 0.063629150390625 -0.285919189453125
0.119293212890625 -0.38397216796875 0.09271240234375 -0.284088134765625
0.268722534179688 -0.272293090820313 0.124588012695313 -0.172103881835938
0.42266845703125 -0.060699462890625 0.0641555786132813 -0.0457191467285156
0.414093017578125 0.270294189453125 -0.00369262695312496 -0.137130737304687
0.03253173828125 0.5697021484375 0.000930786132812522 -0.280563354492187
-0.262939453125 0.495819091796875 0.2330322265625 -0.440521240234375
-0.513214111328125 0.377288818359375 0.61407470703125 -0.341796875
-0.6304931640625 0.519775390625 0.049102783203125 -0.205062866210937
-0.31988525390625 0.61309814453125 -0.0167999267578125 -0.100730895996094
0.15240478515625 0.68927001953125 0.0619583129882813 0.0622291564941407
0.456787109375 0.347076416015625 0.102958679199219 0.0127716064453125
0.530426025390625 -0.028167724609375 0.139488220214844 0.00658416748046875
0.32183837890625 -0.337799072265625 0.0998992919921875 -0.100517272949219
0.14849853515625 -0.448760986328125 0.0360107421875 -0.164260864257813
0.21820068359375 -0.452545166015625 0.0391464233398438 -0.11962890625
0.178192138671875 -0.480072021484375 0.05609130859375 -0.120681762695313
0.3482666015625 -0.327728271484375 0.0327987670898438 -0.0486831665039063
0.536102294921875 -0.072479248046875 -0.0288372039794922 0.0194530487060547
0.529388427734375 0.334381103515625 -0.078369140625 -0.125114440917969
0.0623779296874999 0.74072265625 -0.034576416015625 -0.267822265625
-0.32403564453125 0.65484619140625 0.202880859375 -0.33978271484375
-0.66497802734375 0.51507568359375 0.44232177734375 -0.225494384765625
-0.6607666015625 0.59112548828125 -0.151016235351563 -0.0499725341796875
-0.3140869140625 0.6954345703125 -0.0754241943359375 0.0485687255859375
0.20416259765625 0.75140380859375 0.0687408447265625 0.0828628540039063
0.51629638671875 0.359527587890625 0.051055908203125 0.0077018737792969
0.579833984375 -0.03350830078125 0.0430335998535157 0.0387802124023438
0.359161376953125 -0.36065673828125 -0.00701332092285154 0.00907039642333982
0.173553466796875 -0.467864990234375 -0.0143499374389648 0.0130624771118164
0.24346923828125 -0.472320556640625 0.00794982910156251 0.0645866394042968
0.20880126953125 -0.4989013671875 0.0119438171386719 0.0637855529785156
0.37176513671875 -0.327972412109375 -0.0649414062499999 0.0870361328125
0.559112548828125 -0.065032958984375 -0.126029968261719 0.0882110595703125
0.54449462890625 0.348876953125 -0.151153564453125 -0.0947113037109375
0.0670166015624999 0.7813720703125 -0.0656585693359375 -0.224960327148437
-0.34136962890625 0.696533203125 0.15472412109375 -0.195465087890625
-0.716552734375 0.56011962890625 0.227798461914062 -0.0766448974609375
-0.58758544921875 0.57757568359375 -0.354461669921875 0.126678466796875
-0.25653076171875 0.66741943359375 -0.138137817382813 0.21441650390625
0.214599609375 0.68316650390625 0.0605850219726563 0.110061645507813
0.481842041015625 0.3095703125 -0.0094642639160156 0.0161323547363281
0.5283203125 -0.034515380859375 -0.056854248046875 0.0744400024414062
0.337127685546875 -0.324798583984375 -0.110031127929687 0.122993469238281
0.1729736328125 -0.41424560546875 -0.0630950927734375 0.192123413085937
0.23272705078125 -0.41766357421875 -0.0261383056640625 0.239532470703125
0.2083740234375 -0.436553955078125 -0.035919189453125 0.238494873046875
0.337554931640625 -0.265533447265625 -0.15472412109375 0.20782470703125
0.482696533203125 -0.033538818359375 -0.207595825195312 0.137603759765625
0.446014404296875 0.315704345703125 -0.202606201171875 -0.0595703124999999
0.02825927734375 0.67431640625 -0.0801544189453125 -0.16510009765625
-0.31280517578125 0.5955810546875 0.0977249145507812 -0.0408554077148437
-0.65203857421875 0.503173828125 0.0067825317382812 0.076171875
-0.4259033203125 0.46429443359375 -0.52972412109375 0.291961669921875
-0.165008544921875 0.520660400390625 -0.197418212890625 0.363555908203125
0.173309326171875 0.4893798828125 0.0402450561523438 0.138160705566406
0.3504638671875 0.207183837890625 -0.0599021911621093 0.0353813171386719
0.3782958984375 -0.024810791015625 -0.13861083984375 0.100006103515625
0.256057739257813 -0.2330322265625 -0.190444946289062 0.214828491210938
0.1429443359375 -0.292938232421875 -0.099822998046875 0.340301513671875
0.1834716796875 -0.298309326171875 -0.055389404296875 0.376922607421875
0.17681884765625 -0.3077392578125 -0.08013916015625 0.373809814453125
0.253036499023438 -0.162506103515625 -0.2239990234375 0.288238525390625
0.3310546875 0.007537841796875 -0.2601318359375 0.1517333984375
0.272369384765625 0.23956298828125 -0.224533081054687 -0.03411865234375
-0.020477294921875 0.459228515625 -0.0778427124023438 -0.107681274414062
-0.239654541015625 0.396728515625 0.0413436889648437 0.0875396728515625
-0.48724365234375 0.366546630859375 -0.18438720703125 0.201812744140625
-0.200027465820313 0.273483276367188 -0.65228271484375 0.41705322265625
-0.049407958984375 0.28948974609375 -0.246826171875 0.475616455078125
0.106246948242188 0.2216796875 0.01739501953125 0.16802978515625
0.164871215820313 0.0743865966796875 -0.0810699462890625 0.059326171875
0.168548583984375 -0.009246826171875 -0.181915283203125 0.105728149414062
0.134811401367188 -0.101852416992188 -0.234466552734375 0.266281127929688
0.0903396606445313 -0.125419616699219 -0.122222900390625 0.430999755859375
0.107620239257813 -0.133880615234375 -0.07720947265625 0.45709228515625
0.120376586914062 -0.137435913085938 -0.113433837890625 0.450408935546875
0.137222290039063 -0.0442962646484375 -0.26251220703125 0.32110595703125
0.147125244140625 0.0396270751953125 -0.28082275390625 0.13507080078125
0.0840988159179688 0.129226684570313 -0.220916748046875 -0.021942138671875
-0.0504150390625 0.199172973632813 -0.0654182434082031 -0.0662612915039062
-0.124771118164062 0.163314819335938 -0.00616455078125 0.165939331054688
-0.251205444335938 0.187774658203125 -0.316619873046875 0.283935546875
-0.07183837890625 -0.00829315185546876 0.352294921875 -0.41461181640625
-0.0369911193847656 0.05377197265625 0.0503387451171875 -0.276199340820313
0.049530029296875 0.0721511840820313 0.0313568115234375 0.0544967651367188
0.08319091796875 0.0204620361328125 0.195632934570313 0.0479278564453125
0.056640625 -0.0612983703613281 0.292388916015625 -0.07464599609375
-0.0261497497558594 -0.0676956176757813 0.279052734375 -0.304779052734375
-0.0470619201660156 -0.0622825622558594 0.107391357421875 -0.48187255859375
-0.024139404296875 -0.0475845336914063 0.061859130859375 -0.4859619140625
-0.0455856323242188 -0.0337753295898438 0.103363037109375 -0.47235107421875
0.003143310546875 -0.0492210388183594 0.226531982421875 -0.3280029296875
0.0433502197265625 -0.0180320739746094 0.18048095703125 -0.139602661132813
0.0505332946777344 0.0438385009765625 0.0891342163085938 -0.118949890136719
-0.0319595336914063 0.037841796875 0.0360565185546875 -0.24334716796875
-0.0389633178710938 0.00203704833984375 0.208343505859375 -0.489105224609375
-0.0163917541503906 -0.0521316528320313 0.73773193359375 -0.4368896484375
-0.31109619140625 0.2095947265625 0.31610107421875 -0.40069580078125
-0.161895751953125 0.2706298828125 0.04827880859375 -0.27105712890625
0.080322265625 0.318939208984375 0.0382308959960938 0.0444107055664063
0.22576904296875 0.153701782226563 0.170257568359375 0.03717041015625
0.245895385742187 -0.0535888671875 0.267242431640625 -0.0485687255859375
0.106735229492188 -0.185577392578125 0.252593994140625 -0.266357421875
0.02069091796875 -0.234512329101563 0.096405029296875 -0.435638427734375
0.0673980712890625 -0.233612060546875 0.06121826171875 -0.4251708984375
0.0339813232421875 -0.23388671875 0.100250244140625 -0.41949462890625
0.143890380859375 -0.181442260742187 0.190994262695313 -0.278945922851563
0.253097534179688 -0.050384521484375 0.140464782714844 -0.103813171386719
0.256561279296875 0.163848876953125 0.0510025024414063 -0.136756896972656
0.00866699218750002 0.329925537109375 0.02056884765625 -0.2734375
-0.157485961914063 0.274581909179688 0.229736328125 -0.500030517578125
-0.283355712890625 0.19171142578125 0.7198486328125 -0.43475341796875
-0.5052490234375 0.40625 0.206268310546875 -0.335052490234375
-0.257476806640625 0.4727783203125 0.0198516845703125 -0.2139892578125
0.124359130859375 0.537353515625 0.0524101257324219 0.0449905395507813
0.36285400390625 0.26605224609375 0.142868041992188 0.0215911865234375
0.4139404296875 -0.0479736328125 0.219024658203125 -0.026580810546875
0.225799560546875 -0.28546142578125 0.190032958984375 -0.201370239257813
0.08331298828125 -0.3756103515625 0.067626953125 -0.327362060546875
0.148040771484375 -0.38494873046875 0.051116943359375 -0.298797607421875
0.1063232421875 -0.397430419921875 0.081878662109375 -0.299652099609375
0.265045166015625 -0.2889404296875 0.122238159179688 -0.184036254882813
0.431915283203125 -0.079315185546875 0.0672798156738282 -0.0486373901367188
0.437591552734375 0.260284423828125 -0.0117340087890625 -0.142227172851562
0.0559692382812499 0.5863037109375 -0.010162353515625 -0.2862548828125
-0.2520751953125 0.51898193359375 0.223907470703125 -0.4573974609375
-0.51239013671875 0.4088134765625 0.61810302734375 -0.3690185546875
-0.6258544921875 0.55804443359375 0.041259765625 -0.212493896484375
-0.302978515625 0.6412353515625 -0.0244979858398438 -0.103218078613281
0.187255859375 0.69879150390625 0.067108154296875 0.0555419921875
0.4820556640625 0.335601806640625 0.105606079101563 0.00734710693359377
0.542938232421875 -0.05279541015625 0.143692016601563 7.62939453124968E-05
0.313873291015625 -0.3570556640625 0.0993881225585938 -0.107177734375
0.133941650390625 -0.463165283203125 0.027130126953125 -0.170455932617188
0.205902099609375 -0.478179931640625 0.0338287353515625 -0.127021789550781
0.161529541015625 -0.498931884765625 0.0531082153320313 -0.13037109375
0.3433837890625 -0.349273681640625 0.033203125 -0.0528182983398438
0.54730224609375 -0.094818115234375 -0.0256004333496093 0.0210742950439453
0.558258056640625 0.32025146484375 -0.0876846313476562 -0.127609252929688
0.0964965820312499 0.7606201171875 -0.0447235107421875 -0.271133422851562
-0.31072998046875 0.6845703125 0.19732666015625 -0.354583740234375
-0.66461181640625 0.5584716796875 0.447357177734375 -0.24395751953125
-0.65533447265625 0.6353759765625 -0.157958984375 -0.0452728271484375
-0.29339599609375 0.72772216796875 -0.0782928466796875 0.053131103515625
0.24102783203125 0.76226806640625 0.0747833251953125 0.0770950317382813
0.54461669921875 0.348114013671875 0.0534858703613282 0.00386810302734377
0.5938720703125 -0.05865478515625 0.0466690063476563 0.0356636047363281
0.353363037109375 -0.382537841796875 -0.00645637512207029 0.0104751586914062
0.160858154296875 -0.486236572265625 -0.0175876617431641 0.0152931213378906
0.230987548828125 -0.49920654296875 0.0111351013183594 0.0640983581542969
0.19183349609375 -0.519866943359375 0.0166549682617188 0.0612335205078125
0.3690185546875 -0.350189208984375 -0.062652587890625 0.0920486450195312
0.5684814453125 -0.08935546875 -0.122955322265625 0.095062255859375
0.5753173828125 0.33502197265625 -0.16009521484375 -0.0930633544921875
0.10443115234375 0.802001953125 -0.07373046875 -0.225509643554687
-0.32635498046875 0.7257080078125 0.154571533203125 -0.2061767578125
-0.71392822265625 0.6046142578125 0.232162475585937 -0.08538818359375
-0.58251953125 0.61846923828125 -0.358673095703125 0.143157958984375
-0.23834228515625 0.69635009765625 -0.13348388671875 0.2261962890625
0.24993896484375 0.69244384765625 0.0677108764648438 0.105926513671875
0.5069580078125 0.29840087890625 -0.00701332092285153 0.0141696929931641
0.541259765625 -0.059051513671875 -0.055755615234375 0.0761489868164063
0.332183837890625 -0.346038818359375 -0.109115600585937 0.132240295410156
0.16192626953125 -0.43035888671875 -0.0583953857421875 0.201629638671875
0.220733642578125 -0.443145751953125 -0.0146484375 0.245773315429687
0.19403076171875 -0.458160400390625 -0.02349853515625 0.24285888671875
0.33587646484375 -0.283599853515625 -0.150802612304687 0.2197265625
0.49249267578125 -0.053375244140625 -0.205307006835937 0.148040771484375
0.472747802734375 0.305267333984375 -0.211135864257812 -0.05474853515625
0.0621337890625 0.69415283203125 -0.0858154296875 -0.163742065429687
-0.30145263671875 0.62353515625 0.102287292480469 -0.0467071533203125
-0.65069580078125 0.54388427734375 0.0105209350585937 0.0773544311523438
-0.421173095703125 0.493316650390625 -0.531402587890625 0.3184814453125
-0.1483154296875 0.540863037109375 -0.187225341796875 0.381683349609375
0.200347900390625 0.49798583984375 0.04779052734375 0.137466430664063
0.368804931640625 0.2001953125 -0.0572242736816406 0.0367546081542969
0.388763427734375 -0.04241943359375 -0.13922119140625 0.105056762695313
0.254119873046875 -0.249359130859375 -0.189208984375 0.230239868164062
0.135833740234375 -0.305572509765625 -0.089569091796875 0.3558349609375
0.17578125 -0.3165283203125 -0.038787841796875 0.38970947265625
0.168701171875 -0.3245849609375 -0.0634155273437499 0.3848876953125
0.253463745117188 -0.176284790039063 -0.217864990234375 0.306640625
0.338043212890625 -0.005218505859375 -0.25958251953125 0.164443969726563
0.289093017578125 0.23394775390625 -0.231002807617187 -0.026824951171875
0.00070190429687499 0.4730224609375 -0.0812149047851562 -0.105598449707031
-0.231658935546875 0.4151611328125 0.0489501953125 0.0845870971679688
-0.48736572265625 0.398223876953125 -0.181549072265625 0.212554931640625
-0.19622802734375 0.28985595703125 -0.651611328125 0.45166015625
-0.039764404296875 0.2999267578125 -0.233184814453125 0.49749755859375
0.11785888671875 0.226394653320313 0.0252838134765625 0.17156982421875
0.172332763671875 0.071533203125 -0.0780868530273438 0.063079833984375
0.174087524414063 -0.0173492431640625 -0.183547973632812 0.113418579101563
0.135002136230469 -0.111488342285156 -0.233551025390625 0.284149169921875
0.0876235961914063 -0.132484436035156 -0.108367919921875 0.452056884765625
0.104324340820312 -0.142974853515625 -0.05682373046875 0.47369384765625
0.11749267578125 -0.148223876953125 -0.094268798828125 0.46612548828125
0.139297485351563 -0.0512008666992188 -0.2557373046875 0.341278076171875
0.150527954101562 0.0351104736328125 -0.282958984375 0.14794921875
0.0911331176757813 0.128456115722656 -0.226593017578125 -0.0133056640625
-0.0405731201171875 0.206787109375 -0.0670585632324219 -0.0642471313476562
-0.122390747070312 0.172286987304688 0.00311279296875 0.167007446289062
-0.251922607421875 0.204513549804688 -0.31451416015625 0.30181884765625
-0.0727615356445313 -0.00429534912109373 0.331207275390625 -0.438873291015625
-0.0346946716308594 0.055023193359375 0.03179931640625 -0.282470703125
0.05218505859375 0.0673675537109375 0.0341415405273438 0.0507278442382813
0.083953857421875 0.0148391723632813 0.197540283203125 0.0363616943359375
0.05218505859375 -0.0647087097167969 0.292205810546875 -0.091583251953125
-0.030975341796875 -0.06427001953125 0.26715087890625 -0.326995849609375
-0.0513191223144531 -0.0588531494140625 0.0767517089843749 -0.495758056640625
-0.0267372131347656 -0.0469818115234375 0.028289794921875 -0.496337890625
-0.0466842651367188 -0.029541015625 0.07293701171875 -0.4844970703125
-0.000236511230468751 -0.0497474670410156 0.210235595703125 -0.348297119140625
0.0429115295410156 -0.0214767456054688 0.176971435546875 -0.151031494140625
0.0541648864746094 0.040130615234375 0.0807571411132813 -0.125099182128906
-0.0305213928222656 0.041107177734375 0.019683837890625 -0.246246337890625
-0.0371284484863281 0.00334930419921874 0.182220458984375 -0.50262451171875
-0.0173721313476563 -0.0523834228515625 0.72210693359375 -0.4774169921875
-0.3018798828125 0.2291259765625 0.295166015625 -0.422271728515625
-0.14788818359375 0.28216552734375 0.0293121337890625 -0.277084350585938
0.09857177734375 0.314666748046875 0.0411453247070313 0.0381927490234375
0.236709594726563 0.141860961914063 0.172012329101563 0.026763916015625
0.243331909179687 -0.0688323974609375 0.267807006835938 -0.0643310546875
0.0955047607421875 -0.190521240234375 0.241424560546875 -0.286102294921875
0.00769042968750001 -0.23736572265625 0.06829833984375 -0.44635009765625
0.0543060302734375 -0.2418212890625 0.03271484375 -0.43499755859375
0.0215606689453125 -0.237045288085938 0.0731201171875 -0.432830810546875
0.134811401367188 -0.191177368164063 0.1771240234375 -0.297576904296875
0.252716064453125 -0.066253662109375 0.138534545898438 -0.112159729003906
0.27001953125 0.148666381835938 0.040069580078125 -0.141738891601563
0.028564453125 0.334747314453125 0.00338745117187502 -0.275146484375
-0.1435546875 0.2861328125 0.203155517578125 -0.51416015625
-0.27423095703125 0.21044921875 0.70501708984375 -0.47406005859375
-0.48638916015625 0.438995361328125 0.18829345703125 -0.34930419921875
-0.231414794921875 0.491546630859375 0.00386047363281249 -0.217727661132812
0.15673828125 0.532073974609375 0.0548553466796875 0.037322998046875
0.3812255859375 0.2470703125 0.14410400390625 0.0115966796875
0.41412353515625 -0.073883056640625 0.22021484375 -0.040374755859375
0.21014404296875 -0.29925537109375 0.181732177734375 -0.2161865234375
0.06365966796875 -0.383453369140625 0.045745849609375 -0.333984375
0.125885009765625 -0.401947021484375 0.0318603515625 -0.30731201171875
0.08428955078125 -0.408203125 0.062530517578125 -0.311492919921875
0.249969482421875 -0.305816650390625 0.113693237304687 -0.1961669921875
0.431793212890625 -0.10479736328125 0.0683822631835938 -0.0536422729492188
0.459503173828125 0.236328125 -0.0233917236328125 -0.144378662109375
0.09375 0.592041015625 -0.026092529296875 -0.285736083984375
-0.22686767578125 0.53936767578125 0.201446533203125 -0.472991943359375
-0.493896484375 0.44366455078125 0.604736328125 -0.4041748046875
-0.59893798828125 0.6002197265625 0.0277862548828125 -0.217086791992188
-0.2684326171875 0.66455078125 -0.0339202880859375 -0.102813720703125
0.2314453125 0.69232177734375 0.0712356567382813 0.0464553833007813
0.506256103515625 0.310638427734375 0.106986999511719 -0.00110626220703123
0.5433349609375 -0.0869140625 0.145797729492188 -0.00991821289062501
0.2965087890625 -0.37677001953125 0.0951309204101563 -0.114990234375
0.10870361328125 -0.475372314453125 0.014617919921875 -0.17218017578125
0.178741455078125 -0.499725341796875 0.0247039794921875 -0.132888793945313
0.133941650390625 -0.51312255859375 0.044952392578125 -0.139869689941406
0.32666015625 -0.3717041015625 0.0304756164550781 -0.0567817687988282
0.54827880859375 -0.126922607421875 -0.0214862823486328 0.0226249694824219
0.58502197265625 0.29010009765625 -0.098968505859375 -0.125411987304687
0.1439208984375 0.76556396484375 -0.0587158203125 -0.2689208984375
-0.2781982421875 0.71099853515625 0.18218994140625 -0.36968994140625
-0.63934326171875 0.60308837890625 0.439422607421875 -0.26995849609375
-0.62518310546875 0.6787109375 -0.16217041015625 -0.0366668701171875
-0.25396728515625 0.75250244140625 -0.0778579711914063 0.0582122802734376
0.2923583984375 0.7540283203125 0.080657958984375 0.0681610107421875
0.57049560546875 0.31842041015625 0.0552864074707032 -0.00197601318359373
0.59661865234375 -0.1007080078125 0.0489501953125 0.0311203002929687
0.333770751953125 -0.407623291015625 -0.00596141815185545 0.011423110961914
0.135040283203125 -0.4990234375 -0.0190601348876953 0.0191612243652343
0.202880859375 -0.523895263671875 0.0149955749511719 0.0617218017578125
0.161590576171875 -0.537994384765625 0.0217742919921875 0.0557060241699218
0.351318359375 -0.3729248046875 -0.057647705078125 0.0968017578125
0.57122802734375 -0.1214599609375 -0.115867614746094 0.101875305175781
0.6014404296875 0.30517578125 -0.169754028320312 -0.0865325927734375
0.15533447265625 0.805908203125 -0.0844879150390625 -0.221450805664062
-0.29229736328125 0.75360107421875 0.14703369140625 -0.218032836914062
-0.68719482421875 0.6544189453125 0.230819702148437 -0.0986328125
-0.5528564453125 0.65802001953125 -0.353302001953125 0.16473388671875
-0.19873046875 0.71881103515625 -0.121963500976563 0.237289428710938
0.296630859375 0.68603515625 0.0757217407226563 0.0988082885742188
0.53155517578125 0.2723388671875 -0.00377178192138669 0.0116767883300781
0.544525146484375 -0.094970703125 -0.0521469116210937 0.0770111083984375
0.314849853515625 -0.36932373046875 -0.103607177734375 0.141693115234375
0.138946533203125 -0.443695068359375 -0.0487060546875 0.21044921875
0.195037841796875 -0.464508056640625 0.00221252441406251 0.24786376953125
0.167510986328125 -0.475555419921875 -0.00694274902343747 0.242431640625
0.322845458984375 -0.30621337890625 -0.138656616210937 0.232437133789062
0.493011474609375 -0.08062744140625 -0.19781494140625 0.160659790039062
0.495849609375 0.281494140625 -0.21722412109375 -0.0441741943359375
0.10565185546875 0.6978759765625 -0.0927886962890625 -0.159454345703125
-0.27166748046875 0.64605712890625 0.103775024414062 -0.05560302734375
-0.6280517578125 0.5914306640625 0.0155105590820312 0.0770111083984375
-0.39788818359375 0.524078369140625 -0.51715087890625 0.350860595703125
-0.119598388671875 0.5567626953125 -0.166900634765625 0.3984375
0.23333740234375 0.493560791015625 0.056793212890625 0.134414672851563
0.38543701171875 0.181854248046875 -0.0523719787597656 0.0376815795898438
0.3912353515625 -0.0679931640625 -0.135299682617187 0.111457824707031
0.24176025390625 -0.267730712890625 -0.179641723632813 0.246063232421875
0.120086669921875 -0.31597900390625 -0.0701904296875 0.36956787109375
0.15777587890625 -0.3333740234375 -0.01220703125 0.395721435546875
0.14892578125 -0.33990478515625 -0.03662109375 0.389251708984375
0.24578857421875 -0.192123413085938 -0.200958251953125 0.324554443359375
0.339569091796875 -0.023223876953125 -0.252334594726562 0.180145263671875
0.30609130859375 0.219818115234375 -0.235137939453125 -0.0141754150390625
0.032073974609375 0.47808837890625 -0.0840377807617187 -0.101051330566406
-0.213409423828125 0.432037353515625 0.057281494140625 0.079345703125
-0.4715576171875 0.43280029296875 -0.170913696289063 0.221847534179688
-0.1829833984375 0.304840087890625 -0.63055419921875 0.49102783203125
-0.024169921875 0.30670166015625 -0.204742431640625 0.5189208984375
0.134017944335938 0.225326538085937 0.0361480712890625 0.171524047851562
0.179779052734375 0.064239501953125 -0.0726165771484375 0.0659637451171875
0.176544189453125 -0.0288848876953125 -0.18048095703125 0.122451782226563
0.129951477050781 -0.121749877929688 -0.221923828125 0.304473876953125
0.0825119018554688 -0.138954162597656 -0.0810546875 0.466705322265625
0.095855712890625 -0.152389526367188 -0.0254516601562499 0.482147216796875
0.108505249023438 -0.1580810546875 -0.062652587890625 0.475738525390625
0.138542175292969 -0.0590362548828125 -0.23773193359375 0.362091064453125
0.15240478515625 0.02716064453125 -0.277908325195312 0.164749145507813
0.09967041015625 0.124435424804688 -0.2275390625 -0.000717163085937514
-0.0260467529296875 0.211105346679688 -0.068389892578125 -0.0604934692382812
-0.1153564453125 0.181106567382813 0.0153656005859375 0.164291381835937
-0.24456787109375 0.223281860351563 -0.29974365234375 0.318572998046875
-0.0704803466796875 -9.15527343749885E-05 0.30169677734375 -0.449493408203125
-0.0316047668457031 0.0553512573242188 0.012542724609375 -0.280303955078125
0.0527839660644531 0.0625267028808594 0.0351486206054688 0.0455856323242188
0.082977294921875 0.00997161865234375 0.193954467773438 0.02545166015625
0.0463447570800781 -0.0656166076660156 0.28424072265625 -0.105743408203125
-0.0343971252441406 -0.0591049194335937 0.2462158203125 -0.339813232421875
-0.0537948608398438 -0.0544509887695312 0.04632568359375 -0.495880126953125
-0.02899169921875 -0.0453758239746094 -0.00457763671875001 -0.49102783203125
-0.0457344055175781 -0.0243949890136719 0.0396728515625 -0.48382568359375
-0.00358200073242187 -0.0481338500976563 0.18768310546875 -0.35955810546875
0.0412330627441406 -0.0246391296386719 0.168777465820313 -0.157485961914063
0.0558891296386719 0.0347213745117188 0.06976318359375 -0.126617431640625
-0.0277366638183594 0.0434684753417969 0.00190734863281251 -0.241851806640625
-0.0348587036132813 0.00372123718261718 0.15179443359375 -0.502044677734375
-0.0182304382324219 -0.0512771606445313 0.68670654296875 -0.5047607421875
-0.283355712890625 0.24334716796875 0.266387939453125 -0.4306640625
-0.12994384765625 0.284423828125 0.010467529296875 -0.274551391601563
0.11334228515625 0.3026123046875 0.0413131713867188 0.0318069458007813
0.239837646484375 0.1259765625 0.168487548828125 0.016021728515625
0.234420776367187 -0.080474853515625 0.262130737304687 -0.078399658203125
0.08355712890625 -0.190093994140625 0.224029541015625 -0.297210693359375
-0.0056915283203125 -0.232498168945312 0.039947509765625 -0.445281982421875
0.039398193359375 -0.245010375976563 0.00305175781250004 -0.432159423828125
0.00860595703125 -0.234161376953125 0.04443359375 -0.43353271484375
0.121505737304687 -0.19580078125 0.158660888671875 -0.3072509765625
0.24615478515625 -0.0803375244140625 0.134506225585938 -0.118499755859375
0.275985717773438 0.129898071289063 0.0286712646484375 -0.1416015625
0.048797607421875 0.32952880859375 -0.012969970703125 -0.268539428710938
-0.12554931640625 0.28875732421875 0.1727294921875 -0.514068603515625
-0.257644653320313 0.22216796875 0.67071533203125 -0.49957275390625
-0.45318603515625 0.459075927734375 0.16497802734375 -0.35284423828125
-0.201263427734375 0.496795654296875 -0.0119476318359375 -0.213973999023438
0.184478759765625 0.5150146484375 0.0549583435058594 0.0285453796386719
0.3878173828125 0.22265625 0.1414794921875 0.00215148925781251
0.402191162109375 -0.0970458984375 0.215469360351563 -0.052215576171875
0.189117431640625 -0.3031005859375 0.16845703125 -0.224700927734375
0.040771484375 -0.37994384765625 0.02362060546875 -0.331695556640625
0.10028076171875 -0.407501220703125 0.00918579101562503 -0.306976318359375
0.059539794921875 -0.40667724609375 0.040771484375 -0.31536865234375
0.229248046875 -0.3143310546875 0.101470947265625 -0.202789306640625
0.421051025390625 -0.1270751953125 0.0684089660644532 -0.0572052001953125
0.467559814453125 0.205108642578125 -0.0350189208984375 -0.141494750976563
0.12921142578125 0.5797119140625 -0.040679931640625 -0.278640747070312
-0.1964111328125 0.543670654296875 0.17633056640625 -0.474853515625
-0.462066650390625 0.464874267578125 0.577880859375 -0.42645263671875
-0.5567626953125 0.62457275390625 0.0149383544921874 -0.21435546875
-0.2259521484375 0.66925048828125 -0.0426712036132813 -0.0983352661132812
0.2669677734375 0.66741943359375 0.0719757080078125 0.0366897583007813
0.51531982421875 0.276397705078125 0.105422973632813 -0.00979614257812498
0.529571533203125 -0.1180419921875 0.143417358398438 -0.020111083984375
0.268951416015625 -0.3848876953125 0.0874176025390625 -0.118995666503906
0.08123779296875 -0.474029541015625 0.00231933593750001 -0.168563842773438
0.14739990234375 -0.508331298828125 0.0146713256835938 -0.134330749511719
0.1005859375 -0.514312744140625 0.0340118408203125 -0.145050048828125
0.30126953125 -0.3822021484375 0.0277023315429688 -0.0593185424804688
0.533050537109375 -0.155487060546875 -0.0166759490966797 0.0224514007568359
0.59442138671875 0.25335693359375 -0.108268737792969 -0.118919372558594
0.1888427734375 0.74560546875 -0.070465087890625 -0.259918212890625
-0.2381591796875 0.7152099609375 0.1632080078125 -0.373931884765625
-0.59637451171875 0.63238525390625 0.420135498046875 -0.2879638671875
-0.578125 0.70367431640625 -0.161392211914063 -0.027313232421875
-0.2076416015625 0.756591796875 -0.0751800537109375 0.0629730224609376
0.33245849609375 0.727294921875 0.082763671875 0.0579452514648438
0.5816650390625 0.2847900390625 0.0549163818359375 -0.00915145874023436
0.58245849609375 -0.13372802734375 0.0502128601074219 0.0252876281738281
0.304656982421875 -0.417816162109375 -0.00544261932373045 0.0123367309570312
0.106536865234375 -0.4986572265625 -0.0189781188964844 0.0232772827148437
0.1683349609375 -0.533355712890625 0.0177879333496094 0.0584030151367187
0.126495361328125 -0.540863037109375 0.0231094360351563 0.0484619140625
0.3245849609375 -0.385894775390625 -0.0499420166015625 0.0981674194335937
0.55560302734375 -0.149322509765625 -0.106353759765625 0.105987548828125
0.61083984375 0.2677001953125 -0.174789428710937 -0.0777435302734375
0.20123291015625 0.7862548828125 -0.091400146484375 -0.21270751953125
-0.25018310546875 0.75799560546875 0.136276245117187 -0.224777221679687
-0.6424560546875 0.6846923828125 0.2232666015625 -0.109039306640625
-0.5098876953125 0.67816162109375 -0.33819580078125 0.180816650390625
-0.1573486328125 0.719970703125 -0.1080322265625 0.242385864257813
0.3336181640625 0.66033935546875 0.0805587768554688 0.0901718139648438
0.541595458984375 0.23974609375 -0.0017743110656738 0.00794935226440431
0.53167724609375 -0.1259765625 -0.0479278564453125 0.07666015625
0.288543701171875 -0.38128662109375 -0.09454345703125 0.147567749023437
0.115386962890625 -0.44512939453125 -0.035919189453125 0.214889526367187
0.163970947265625 -0.4727783203125 0.016998291015625 0.242965698242187
0.13702392578125 -0.478912353515625 0.00773620605468749 0.234024047851562
0.301605224609375 -0.3187255859375 -0.121551513671875 0.237579345703125
0.48150634765625 -0.105438232421875 -0.184310913085937 0.168075561523438
0.50537109375 0.2496337890625 -0.21868896484375 -0.032806396484375
0.14764404296875 0.68231201171875 -0.0958099365234375 -0.15142822265625
-0.23529052734375 0.65057373046875 0.102119445800781 -0.0633773803710937
-0.58612060546875 0.61810302734375 0.0195999145507812 0.0735244750976563
-0.36383056640625 0.53955078125 -0.48974609375 0.373199462890625
-0.08782958984375 0.556976318359375 -0.141204833984375 0.403167724609375
0.261474609375 0.47613525390625 0.0646133422851563 0.127571105957031
0.392059326171875 0.159149169921875 -0.0476455688476562 0.0362892150878906
0.3836669921875 -0.09112548828125 -0.128631591796875 0.114952087402344
0.22320556640625 -0.27813720703125 -0.164413452148437 0.256118774414062
0.103729248046875 -0.31805419921875 -0.04656982421875 0.37274169921875
0.13525390625 -0.3408203125 0.012603759765625 0.390228271484375
0.125762939453125 -0.3443603515625 -0.012176513671875 0.383209228515625
0.231887817382813 -0.2015380859375 -0.17864990234375 0.333282470703125
0.332916259765625 -0.04010009765625 -0.239151000976562 0.190780639648438
0.31390380859375 0.19952392578125 -0.23187255859375 -0.00202941894531246
0.061187744140625 0.468536376953125 -0.0835952758789063 -0.0954132080078125
-0.188507080078125 0.437530517578125 0.0637359619140625 0.0712203979492188
-0.441009521484375 0.454010009765625 -0.157302856445313 0.226043701171875
-0.165435791015625 0.3109130859375 -0.5927734375 0.51507568359375
-0.00738525390624999 0.3043212890625 -0.17236328125 0.523468017578125
0.14654541015625 0.2166748046875 0.0460968017578125 0.16668701171875
0.1822509765625 0.053863525390625 -0.0655364990234375 0.0655097961425781
0.174285888671875 -0.0395355224609375 -0.173202514648438 0.1285400390625
0.121894836425781 -0.128692626953125 -0.20458984375 0.3162841796875
0.075164794921875 -0.142120361328125 -0.05169677734375 0.469696044921875
0.0859375 -0.156158447265625 0.00625610351562503 0.477447509765625
0.095977783203125 -0.16375732421875 -0.03131103515625 0.47039794921875
0.133857727050781 -0.06591796875 -0.212310791015625 0.37322998046875
0.151412963867188 0.019500732421875 -0.266128540039063 0.177978515625
0.105209350585938 0.117393493652344 -0.2220458984375 0.0120391845703125
-0.0120391845703125 0.208297729492188 -0.0668449401855469 -0.0570831298828125
-0.103927612304687 0.184707641601563 0.0259552001953125 0.15753173828125
-0.229171752929687 0.235733032226563 -0.2803955078125 0.326385498046875
-0.067474365234375 0.00274276733398437 0.277374267578125 -0.4473876953125
-0.0297279357910156 0.0537223815917969 -0.000473022460937524 -0.27294921875
0.0508460998535156 0.0585174560546875 0.0343208312988281 0.0413932800292969
0.080169677734375 0.00690460205078125 0.188018798828125 0.0183258056640625
0.04168701171875 -0.0646858215332031 0.274826049804688 -0.11334228515625
-0.0348854064941406 -0.0534439086914063 0.229766845703125 -0.343292236328125
-0.0545005798339844 -0.0498313903808594 0.0242919921875 -0.486114501953125
-0.0300331115722656 -0.0440711975097656 -0.025299072265625 -0.479095458984375
-0.0433387756347656 -0.0217475891113281 0.020477294921875 -0.472930908203125
-0.00543594360351562 -0.046600341796875 0.169189453125 -0.360565185546875
0.0390052795410156 -0.0264053344726563 0.161834716796875 -0.159347534179688
0.0553817749023438 0.0308265686035156 0.0611419677734375 -0.123977661132812
-0.0252304077148438 0.0434417724609375 -0.00859069824218752 -0.23272705078125
-0.0319919586181641 0.00221824645996094 0.1302490234375 -0.490386962890625
-0.0177001953125 -0.0500984191894531 0.655517578125 -0.5076904296875
-0.265914916992187 0.24566650390625 0.245361328125 -0.426116943359375
-0.116867065429688 0.280059814453125 -0.00315856933593753 -0.266876220703125
0.119873046875 0.290069580078125 0.0399131774902344 0.0268440246582031
0.2366943359375 0.114898681640625 0.163162231445313 0.00915527343750001
0.224136352539063 -0.0865936279296875 0.25457763671875 -0.0858612060546875
0.0741119384765625 -0.185256958007812 0.210205078125 -0.30047607421875
-0.01324462890625 -0.225799560546875 0.0205078125 -0.435638427734375
0.0289306640625 -0.24273681640625 -0.016387939453125 -0.422760009765625
0.000869750976562524 -0.227752685546875 0.023651123046875 -0.42681884765625
0.111465454101563 -0.193222045898438 0.143157958984375 -0.308441162109375
0.238052368164063 -0.0877838134765625 0.129829406738281 -0.120689392089844
0.274032592773437 0.115203857421875 0.0201492309570313 -0.1383056640625
0.0606689453125 0.320404052734375 -0.02276611328125 -0.258743286132813
-0.112762451171875 0.284271240234375 0.15313720703125 -0.50482177734375
-0.2435302734375 0.225555419921875 0.64007568359375 -0.5048828125
-0.4239501953125 0.46148681640625 0.148040771484375 -0.347503662109375
-0.178802490234375 0.48907470703125 -0.022247314453125 -0.206649780273437
0.19744873046875 0.4932861328125 0.0536842346191406 0.0226058959960938
0.38470458984375 0.204345703125 0.135604858398438 -0.00485229492187499
0.38836669921875 -0.108917236328125 0.209503173828125 -0.0594940185546875
0.173370361328125 -0.298858642578125 0.157241821289063 -0.22723388671875
0.027191162109375 -0.371429443359375 0.00900268554687499 -0.323211669921875
0.082000732421875 -0.405029296875 -0.00610351562499997 -0.300079345703125
0.043548583984375 -0.39703369140625 0.02392578125 -0.311737060546875
0.212554931640625 -0.313232421875 0.091644287109375 -0.203216552734375
0.40716552734375 -0.1400146484375 0.067840576171875 -0.0591926574707031
0.46435546875 0.1824951171875 -0.0425338745117187 -0.136993408203125
0.14715576171875 0.561920166015625 -0.047882080078125 -0.267501831054687
-0.17352294921875 0.535400390625 0.157440185546875 -0.467254638671875
-0.434417724609375 0.469207763671875 0.551513671875 -0.429229736328125
-0.51947021484375 0.62542724609375 0.00761413574218745 -0.208099365234375
-0.1976318359375 0.65765380859375 -0.0464553833007813 -0.092620849609375
0.28680419921875 0.6397705078125 0.0705795288085938 0.0293426513671875
0.5108642578125 0.2520751953125 0.100662231445313 -0.0161056518554687
0.51165771484375 -0.135711669921875 0.140380859375 -0.0255584716796875
0.24884033203125 -0.38189697265625 0.0825271606445313 -0.119369506835938
0.062652587890625 -0.464569091796875 -0.00437927246093751 -0.162353515625
0.12225341796875 -0.5050048828125 0.00711059570312499 -0.132850646972656
0.079132080078125 -0.50555419921875 0.024017333984375 -0.146728515625
0.27984619140625 -0.38262939453125 0.0256004333496094 -0.0599937438964844
0.516387939453125 -0.170440673828125 -0.0122585296630859 0.0211086273193359
0.58990478515625 0.22552490234375 -0.113334655761719 -0.112648010253906
0.2137451171875 0.72186279296875 -0.07464599609375 -0.250442504882812
-0.20916748046875 0.7059326171875 0.148223876953125 -0.369354248046875
-0.56170654296875 0.63543701171875 0.40167236328125 -0.29095458984375
-0.537841796875 0.70660400390625 -0.15679931640625 -0.0217132568359374
-0.1759033203125 0.7430419921875 -0.07159423828125 0.06610107421875
0.35345458984375 0.6962890625 0.0828933715820313 0.0499649047851563
0.575927734375 0.2548828125 0.05255126953125 -0.0151596069335937
0.56195068359375 -0.15283203125 0.0500679016113282 0.0207595825195312
0.2816162109375 -0.4156494140625 -0.00427818298339842 0.0132331848144531
0.085784912109375 -0.490264892578125 -0.0167522430419922 0.0270538330078125
0.142425537109375 -0.529937744140625 0.0183219909667969 0.0551910400390625
0.101226806640625 -0.531463623046875 0.0216903686523438 0.041656494140625
0.303955078125 -0.385467529296875 -0.0443649291992187 0.097564697265625
0.537750244140625 -0.16583251953125 -0.0971221923828125 0.10565185546875
0.60601806640625 0.23919677734375 -0.176010131835938 -0.06982421875
0.22686767578125 0.7596435546875 -0.0934600830078125 -0.203399658203125
-0.22137451171875 0.745849609375 0.128463745117187 -0.225982666015625
-0.60064697265625 0.68878173828125 0.2142333984375 -0.112808227539062
-0.47247314453125 0.67816162109375 -0.32061767578125 0.186065673828125
-0.129150390625 0.70794677734375 -0.0955963134765625 0.2413330078125
0.35089111328125 0.6312255859375 0.0820770263671875 0.08221435546875
0.536224365234375 0.215972900390625 -0.00107645988464352 0.00363969802856447
0.515228271484375 -0.14373779296875 -0.0451202392578125 0.0738449096679687
0.267486572265625 -0.3800048828125 -0.086669921875 0.149642944335937
0.09710693359375 -0.43768310546875 -0.02496337890625 0.214569091796875
0.14166259765625 -0.47052001953125 0.02557373046875 0.235565185546875
0.112091064453125 -0.472686767578125 0.015106201171875 0.22406005859375
0.282073974609375 -0.3197021484375 -0.10809326171875 0.237411499023437
0.4669189453125 -0.119354248046875 -0.172195434570312 0.168869018554688
0.5028076171875 0.226165771484375 -0.216018676757812 -0.0252532958984374
0.1707763671875 0.6591796875 -0.094635009765625 -0.145416259765625
-0.2088623046875 0.64306640625 0.0999908447265625 -0.0688934326171875
-0.55120849609375 0.62261962890625 0.0208892822265625 0.0699386596679688
-0.337188720703125 0.537872314453125 -0.461212158203125 0.375274658203125
-0.0667724609375 0.546539306640625 -0.121307373046875 0.39923095703125
0.27349853515625 0.455352783203125 0.068206787109375 0.120635986328125
0.388275146484375 0.1417236328125 -0.0446929931640625 0.0332107543945313
0.371795654296875 -0.103790283203125 -0.122550964355469 0.114852905273437
0.2078857421875 -0.27874755859375 -0.1519775390625 0.260116577148438
0.0909423828125 -0.314483642578125 -0.0286865234375 0.36944580078125
0.118865966796875 -0.339263916015625 0.028564453125 0.379791259765625
0.1072998046875 -0.340606689453125 0.00250244140625005 0.369598388671875
0.21868896484375 -0.203826904296875 -0.15997314453125 0.333282470703125
0.322265625 -0.04974365234375 -0.225982666015625 0.193984985351562
0.313446044921875 0.184173583984375 -0.22637939453125 0.00544738769531249
0.078094482421875 0.45361328125 -0.0817718505859375 -0.09185791015625
-0.170257568359375 0.43359375 0.06622314453125 0.062713623046875
-0.41436767578125 0.458648681640625 -0.146865844726563 0.22271728515625
-0.152252197265625 0.30902099609375 -0.557830810546875 0.517578125
0.00192260742187499 0.29730224609375 -0.145721435546875 0.51666259765625
0.152175903320313 0.207305908203125 0.0518798828125 0.160690307617188
0.180526733398438 0.046630859375 -0.0602340698242187 0.0627784729003906
0.169876098632813 -0.046112060546875 -0.166671752929688 0.129318237304687
0.114486694335938 -0.130645751953125 -0.189727783203125 0.31988525390625
0.069854736328125 -0.141769409179688 -0.029327392578125 0.46356201171875
0.0777435302734375 -0.156402587890625 0.027130126953125 0.467071533203125
0.0853118896484375 -0.163131713867188 -0.012054443359375 0.457061767578125
0.128402709960938 -0.0683746337890625 -0.191864013671875 0.372833251953125
0.148086547851563 0.0146484375 -0.254119873046875 0.181594848632812
0.106605529785156 0.111404418945313 -0.214614868164063 0.0190277099609375
-0.00285339355468748 0.203140258789063 -0.0639228820800781 -0.0548248291015625
-0.0966339111328125 0.183822631835938 0.0321044921875 0.147994995117188
-0.215850830078125 0.239105224609375 -0.264495849609375 0.324493408203125
-0.0643653869628906 0.00297164916992188 0.267181396484375 -0.440277099609375
-0.0288658142089844 0.0522918701171875 -0.00790405273437502 -0.266281127929688
0.048980712890625 0.0562019348144531 0.0321426391601563 0.0395011901855469
0.0781173706054688 0.00646209716796875 0.182998657226563 0.01593017578125
0.0383529663085938 -0.0630264282226563 0.270706176757813 -0.115707397460938
-0.0340766906738281 -0.0497970581054688 0.221923828125 -0.343475341796875
-0.0540084838867187 -0.0465621948242188 0.0137023925781249 -0.4798583984375
-0.0305633544921875 -0.043182373046875 -0.0367431640625 -0.470306396484375
-0.0408668518066406 -0.0200614929199219 0.00930786132812495 -0.46624755859375
-0.00668716430664062 -0.0450668334960938 0.159393310546875 -0.361053466796875
0.037261962890625 -0.0274391174316406 0.159271240234375 -0.159088134765625
0.0547904968261719 0.0280380249023437 0.0569686889648438 -0.121116638183594
-0.0237388610839844 0.0430488586425781 -0.0136871337890625 -0.2255859375
-0.0305919647216797 0.000436782836914068 0.122955322265625 -0.4781494140625
-0.0170364379882812 -0.0490798950195313 0.642578125 -0.5009765625
-0.256072998046875 0.243576049804687 0.2353515625 -0.418975830078125
-0.11163330078125 0.27545166015625 -0.0107574462890625 -0.259262084960938
0.12091064453125 0.2821044921875 0.0381050109863281 0.0236701965332031
0.233810424804688 0.109832763671875 0.158111572265625 0.00645446777343751
0.217453002929687 -0.0879669189453125 0.250091552734375 -0.0880279541015625
0.070648193359375 -0.179672241210938 0.2021484375 -0.30181884765625
-0.0162353515625 -0.220626831054688 0.010711669921875 -0.42840576171875
0.023101806640625 -0.241348266601563 -0.02777099609375 -0.414764404296875
-0.00140380859374998 -0.223831176757813 0.0133056640625 -0.420318603515625
0.1065673828125 -0.190887451171875 0.13494873046875 -0.30902099609375
0.232467651367188 -0.0911102294921875 0.129302978515625 -0.121589660644531
0.271133422851563 0.108444213867188 0.0145721435546875 -0.135162353515625
0.06500244140625 0.314208984375 -0.0260772705078125 -0.251449584960938
-0.107147216796875 0.279495239257813 0.146026611328125 -0.495391845703125
-0.2354736328125 0.224380493164063 0.62744140625 -0.49798583984375
-0.408599853515625 0.457763671875 0.14117431640625 -0.339996337890625
-0.169342041015625 0.479522705078125 -0.027496337890625 -0.199691772460937
0.202056884765625 0.480010986328125 0.0514640808105469 0.0185661315917969
0.37994384765625 0.195037841796875 0.131614685058594 -0.00796508789062499
0.3775634765625 -0.11370849609375 0.20635986328125 -0.062713623046875
0.1661376953125 -0.292510986328125 0.152023315429687 -0.227218627929688
0.021759033203125 -0.363861083984375 0.00280761718750002 -0.316864013671875
0.072479248046875 -0.40283203125 -0.014404296875 -0.295135498046875
0.03668212890625 -0.391815185546875 0.01409912109375 -0.308929443359375
0.20391845703125 -0.3089599609375 0.0863800048828125 -0.20361328125
0.398773193359375 -0.14447021484375 0.0690956115722657 -0.0609016418457031
0.459747314453125 0.172943115234375 -0.04718017578125 -0.132667541503906
0.1552734375 0.549652099609375 -0.0494842529296875 -0.2603759765625
-0.165313720703125 0.52813720703125 0.152069091796875 -0.459381103515625
-0.421661376953125 0.466461181640625 0.5404052734375 -0.426483154296875
-0.500244140625 0.61895751953125 0.00532531738281248 -0.20257568359375
-0.1854248046875 0.6475830078125 -0.0487060546875 -0.0879135131835937
0.2919921875 0.623291015625 0.0683517456054688 0.0249176025390625
0.505279541015625 0.240997314453125 0.0968475341796875 -0.0196304321289062
0.49932861328125 -0.1414794921875 0.1383056640625 -0.0286712646484375
0.238067626953125 -0.374603271484375 0.08099365234375 -0.119132995605469
0.056304931640625 -0.456573486328125 -0.00645446777343751 -0.157424926757813
0.109527587890625 -0.503326416015625 0.00224304199218752 -0.131317138671875
0.06878662109375 -0.497528076171875 0.0165252685546875 -0.148193359375
0.2696533203125 -0.378021240234375 0.0248146057128906 -0.0613555908203125
0.5064697265625 -0.174713134765625 -0.00855255126953122 0.0188255310058594
0.583984375 0.2138671875 -0.116851806640625 -0.1087646484375
0.2208251953125 0.7056884765625 -0.0741119384765625 -0.243698120117187
-0.19842529296875 0.6956787109375 0.14398193359375 -0.36602783203125
-0.542724609375 0.632080078125 0.39373779296875 -0.289398193359375
-0.5181884765625 0.70037841796875 -0.152664184570313 -0.01885986328125
-0.16278076171875 0.7318115234375 -0.069183349609375 0.0674705505371094
0.35797119140625 0.6767578125 0.0817413330078125 0.0448684692382813
0.56951904296875 0.2442626953125 0.0504913330078125 -0.0188217163085937
0.551544189453125 -0.1612548828125 0.05010986328125 0.0178489685058594
0.27154541015625 -0.409088134765625 -0.00259876251220702 0.013676643371582
0.078369140625 -0.48382568359375 -0.0140857696533203 0.0289440155029297
0.12908935546875 -0.528106689453125 0.0178680419921875 0.0537033081054687
0.090240478515625 -0.523712158203125 0.0178070068359375 0.0376129150390625
0.292938232421875 -0.3812255859375 -0.0402145385742187 0.0963973999023437
0.5269775390625 -0.1707763671875 -0.09112548828125 0.103347778320313
0.6011962890625 0.227294921875 -0.178024291992188 -0.065704345703125
0.23614501953125 0.7421875 -0.0911102294921875 -0.199539184570312
-0.2076416015625 0.73736572265625 0.125930786132813 -0.225494384765625
-0.58428955078125 0.68408203125 0.209625244140625 -0.11309814453125
-0.455810546875 0.6717529296875 -0.310760498046875 0.18505859375
-0.11572265625 0.69659423828125 -0.089111328125 0.239959716796875
0.35723876953125 0.6156005859375 0.0823898315429688 0.0764389038085938
0.52960205078125 0.20379638671875 -0.00176429748535153 -0.000231504440307605
0.503997802734375 -0.151214599609375 -0.04327392578125 0.0721206665039063
0.257232666015625 -0.374420166015625 -0.082061767578125 0.150665283203125
0.090972900390625 -0.432830810546875 -0.0179595947265625 0.214263916015625
0.13043212890625 -0.468505859375 0.0305938720703125 0.230667114257812
0.101715087890625 -0.46685791015625 0.015655517578125 0.216629028320312
0.273895263671875 -0.315704345703125 -0.1007080078125 0.235671997070313
0.45709228515625 -0.123992919921875 -0.165740966796875 0.167266845703125
0.49810791015625 0.214752197265625 -0.2147216796875 -0.0217742919921875
0.17828369140625 0.64410400390625 -0.0910491943359374 -0.143035888671875
-0.1995849609375 0.63494873046875 0.09918212890625 -0.073272705078125
-0.5347900390625 0.6199951171875 0.020111083984375 0.0679359436035157
-0.3258056640625 0.5325927734375 -0.4468994140625 0.371429443359375
-0.0594482421875001 0.53839111328125 -0.11126708984375 0.394012451171875
0.27777099609375 0.443695068359375 0.0701751708984375 0.115104675292969
0.384490966796875 0.133636474609375 -0.0430870056152343 0.0295486450195313
0.36553955078125 -0.1104736328125 -0.12030029296875 0.113609313964844
0.200271606445312 -0.276199340820312 -0.145172119140625 0.261322021484375
0.08642578125 -0.312255859375 -0.018463134765625 0.366668701171875
0.110382080078125 -0.3385009765625 0.036956787109375 0.3721923828125
0.09796142578125 -0.33636474609375 0.00762939453125002 0.360443115234375
0.21337890625 -0.20135498046875 -0.150299072265625 0.331512451171875
0.317047119140625 -0.053009033203125 -0.21929931640625 0.193069458007812
0.31121826171875 0.17694091796875 -0.222808837890625 0.00805664062500001
0.084716796875 0.44390869140625 -0.0778121948242187 -0.0909957885742188
-0.16387939453125 0.42852783203125 0.066986083984375 0.0560798645019532
-0.402099609375 0.458465576171875 -0.144546508789063 0.218902587890625
-0.147430419921875 0.306365966796875 -0.5390625 0.510345458984375
0.00518798828124998 0.29290771484375 -0.1346435546875 0.50909423828125
0.153884887695313 0.203155517578125 0.0548553466796875 0.156463623046875
0.179306030273438 0.043731689453125 -0.0579109191894531 0.0597572326660156
0.16766357421875 -0.04931640625 -0.1644287109375 0.129669189453125
0.110832214355469 -0.130668640136719 -0.181976318359375 0.321624755859375
0.06854248046875 -0.141952514648438 -0.0172119140625 0.459808349609375
0.073577880859375 -0.156204223632812 0.037811279296875 0.458099365234375
0.07952880859375 -0.161773681640625 -0.00268554687500003 0.44769287109375
0.125953674316406 -0.0684890747070313 -0.18023681640625 0.371124267578125
0.145599365234375 0.0138092041015625 -0.24774169921875 0.182464599609375
0.106773376464844 0.108108520507813 -0.209381103515625 0.021575927734375
0.00170898437500001 0.199188232421875 -0.0607681274414062 -0.0557594299316406
-0.0922698974609375 0.182998657226563 0.03350830078125 0.139892578125
-0.209518432617188 0.23919677734375 -0.259246826171875 0.31988525390625
-0.0631370544433594 0.00282669067382813 0.26751708984375 -0.438934326171875
-0.0297050476074219 0.0528678894042969 -0.0114593505859375 -0.26397705078125
0.0485382080078125 0.0559234619140625 0.0312652587890625 0.0391502380371094
0.0786056518554688 0.00608062744140625 0.181838989257813 0.01556396484375
0.0376205444335938 -0.0615348815917969 0.27197265625 -0.118621826171875
-0.0335731506347656 -0.0476570129394531 0.2205810546875 -0.3505859375
-0.0540046691894531 -0.0452613830566406 0.00610351562500001 -0.4818115234375
-0.0316581726074219 -0.0434341430664063 -0.04388427734375 -0.471405029296875
-0.0395965576171875 -0.0206184387207031 0.003387451171875 -0.468017578125
-0.00776290893554688 -0.0446662902832031 0.1561279296875 -0.36669921875
0.0364494323730469 -0.0289459228515625 0.161865234375 -0.161407470703125
0.0554008483886719 0.0263748168945312 0.0545654296875 -0.120124816894531
-0.0226707458496094 0.0431365966796875 -0.0168914794921875 -0.222427368164063
-0.0303249359130859 -0.00148773193359375 0.1221923828125 -0.476531982421875
-0.01580810546875 -0.0492744445800781 0.64697265625 -0.50042724609375
-0.254470825195313 0.24383544921875 0.233123779296875 -0.4178466796875
-0.111175537109375 0.275726318359375 -0.0143585205078125 -0.25653076171875
0.122512817382813 0.28094482421875 0.0364265441894531 0.0224647521972656
0.2342529296875 0.109878540039062 0.155960083007813 0.00523376464843751
0.216720581054688 -0.0885009765625 0.252304077148438 -0.09161376953125
0.071685791015625 -0.177871704101563 0.201507568359375 -0.306793212890625
-0.017364501953125 -0.219894409179688 0.00509643554687505 -0.43017578125
0.0193939208984375 -0.244186401367187 -0.0345458984375 -0.4151611328125
-0.0024566650390625 -0.225189208984375 0.00503540039062503 -0.42333984375
0.105072021484375 -0.191055297851563 0.13238525390625 -0.313629150390625
0.233001708984375 -0.0941925048828125 0.132759094238281 -0.124588012695313
0.27374267578125 0.106536865234375 0.0116043090820313 -0.133712768554688
0.068634033203125 0.31463623046875 -0.0274505615234375 -0.248855590820312
-0.107025146484375 0.279266357421875 0.14642333984375 -0.493316650390625
-0.234848022460937 0.226470947265625 0.631591796875 -0.497802734375
-0.40625 0.458953857421875 0.141357421875 -0.33831787109375
-0.1668701171875 0.480560302734375 -0.030181884765625 -0.196151733398437
0.20562744140625 0.47808837890625 0.0503654479980469 0.016265869140625
0.381683349609375 0.193817138671875 0.129714965820313 -0.00978851318359374
0.376983642578125 -0.116363525390625 0.208404541015625 -0.0655975341796875
0.166656494140625 -0.2908935546875 0.152542114257813 -0.230728149414063
0.02001953125 -0.364227294921875 -0.000823974609374975 -0.317596435546875
0.0657958984375 -0.40765380859375 -0.01947021484375 -0.295654296875
0.0341796875 -0.394317626953125 0.00823974609375002 -0.31097412109375
0.203155517578125 -0.30914306640625 0.0846710205078125 -0.2081298828125
0.400238037109375 -0.1488037109375 0.0730133056640625 -0.0637741088867188
0.46429443359375 0.17156982421875 -0.0518875122070312 -0.130760192871094
0.16070556640625 0.55108642578125 -0.0492706298828125 -0.259307861328125
-0.165313720703125 0.5294189453125 0.15264892578125 -0.46014404296875
-0.4210205078125 0.470245361328125 0.54364013671875 -0.425384521484375
-0.49639892578125 0.62237548828125 0.00669860839843747 -0.200912475585938
-0.18280029296875 0.64849853515625 -0.049530029296875 -0.085174560546875
0.298828125 0.62030029296875 0.0678634643554688 0.0215606689453125
0.5079345703125 0.2396240234375 0.0953369140625 -0.0226593017578125
0.49859619140625 -0.146636962890625 0.139923095703125 -0.0313873291015625
0.23779296875 -0.373504638671875 0.0814132690429688 -0.120704650878906
0.053253173828125 -0.458892822265625 -0.00704956054687501 -0.156646728515625
0.10137939453125 -0.509552001953125 -0.000938415527343734 -0.131103515625
0.063690185546875 -0.499114990234375 0.0106201171875 -0.149917602539063
0.269622802734375 -0.379119873046875 0.0248870849609375 -0.0633201599121094
0.5078125 -0.179931640625 -0.00572967529296872 0.0165615081787109
0.58837890625 0.21221923828125 -0.121818542480469 -0.106552124023437
0.2303466796875 0.707275390625 -0.0732421875 -0.243316650390625
-0.19671630859375 0.697998046875 0.144989013671875 -0.369049072265625
-0.541748046875 0.63623046875 0.395233154296875 -0.28924560546875
-0.51422119140625 0.70330810546875 -0.150802612304688 -0.0180206298828125
-0.1597900390625 0.7340087890625 -0.0685348510742188 0.0699005126953126
0.367919921875 0.676025390625 0.0823516845703125 0.0414962768554688
0.572021484375 0.2430419921875 0.0485420227050782 -0.0209770202636719
0.550872802734375 -0.167877197265625 0.0516433715820313 0.0166282653808594
0.269805908203125 -0.40869140625 -0.000957489013671859 0.014230728149414
0.077178955078125 -0.485260009765625 -0.0112209320068359 0.0306987762451172
0.122467041015625 -0.534393310546875 0.0179214477539063 0.0534477233886718
0.086181640625 -0.52520751953125 0.0138969421386719 0.0362091064453125
0.293304443359375 -0.38134765625 -0.038360595703125 0.0964279174804687
0.52923583984375 -0.175384521484375 -0.08935546875 0.102317810058594
0.60491943359375 0.2254638671875 -0.181884765625 -0.0639953613281249
0.24322509765625 0.74371337890625 -0.088897705078125 -0.200607299804687
-0.2076416015625 0.73870849609375 0.126846313476563 -0.2301025390625
-0.584228515625 0.6900634765625 0.209152221679688 -0.1131591796875
-0.45367431640625 0.67633056640625 -0.308074951171875 0.185272216796875
-0.1141357421875 0.69891357421875 -0.0861053466796875 0.241714477539063
0.36480712890625 0.614990234375 0.0836639404296875 0.0740737915039063
0.5328369140625 0.201995849609375 -0.0028741359710693 -0.00282740592956542
0.506500244140625 -0.158111572265625 -0.0424118041992187 0.071319580078125
0.2559814453125 -0.376495361328125 -0.07965087890625 0.153594970703125
0.0886535644531251 -0.4365234375 -0.0121307373046875 0.21685791015625
0.125091552734375 -0.475616455078125 0.0334320068359375 0.230743408203125
0.09588623046875 -0.466888427734375 0.014617919921875 0.215866088867187
0.274261474609375 -0.316619873046875 -0.0972442626953125 0.2371826171875
0.459136962890625 -0.1263427734375 -0.163482666015625 0.1676025390625
0.502044677734375 0.214263916015625 -0.217453002929687 -0.0201263427734375
0.186279296875 0.64581298828125 -0.0888824462890625 -0.144729614257812
-0.19842529296875 0.63690185546875 0.100456237792969 -0.0784683227539062
-0.534423828125 0.625 0.0179595947265625 0.0678977966308594
-0.324981689453125 0.536865234375 -0.444427490234375 0.370635986328125
-0.056976318359375 0.5401611328125 -0.106658935546875 0.396240234375
0.284088134765625 0.444549560546875 0.0725326538085938 0.113662719726563
0.387359619140625 0.13330078125 -0.0436897277832031 0.0272674560546875
0.36688232421875 -0.115325927734375 -0.120780944824219 0.114295959472656
0.199417114257813 -0.277191162109375 -0.142196655273438 0.265899658203125
0.086090087890625 -0.31573486328125 -0.01031494140625 0.369476318359375
0.107330322265625 -0.341796875 0.042388916015625 0.3729248046875
0.094024658203125 -0.337005615234375 0.00921630859375003 0.360443115234375
0.214462280273438 -0.201675415039063 -0.145843505859375 0.333587646484375
0.318023681640625 -0.054229736328125 -0.217727661132813 0.194259643554687
0.313323974609375 0.176055908203125 -0.223953247070313 0.00955200195312498
0.0896911621093751 0.444183349609375 -0.0755386352539062 -0.09417724609375
-0.1617431640625 0.43072509765625 0.067840576171875 0.0501823425292969
-0.40228271484375 0.46112060546875 -0.147552490234375 0.218612670898438
-0.147308349609375 0.308868408203125 -0.537109375 0.509185791015625
0.00509643554687497 0.293609619140625 -0.12841796875 0.5103759765625
0.1571044921875 0.203659057617188 0.057373046875 0.156143188476563
0.180267333984375 0.0437164306640625 -0.05816650390625 0.0583000183105469
0.169235229492187 -0.0529022216796875 -0.166213989257813 0.131195068359375
0.110160827636719 -0.131942749023438 -0.180023193359375 0.328277587890625
0.06884765625 -0.144149780273438 -0.00839233398437502 0.463348388671875
0.0730743408203125 -0.157821655273438 0.0455322265625 0.458404541015625
0.07745361328125 -0.161651611328125 0.00161743164062505 0.44793701171875
0.1268310546875 -0.0687942504882812 -0.176116943359375 0.374969482421875
0.146591186523438 0.013580322265625 -0.247894287109375 0.184967041015625
0.108299255371094 0.109153747558594 -0.208633422851563 0.0219268798828125
0.0040283203125 0.198699951171875 -0.0590057373046875 -0.0581016540527344
-0.0922088623046875 0.184463500976562 0.0341110229492187 0.135162353515625
-0.209381103515625 0.241668701171875 -0.263275146484375 0.3189697265625
-0.0632781982421875 0.00299835205078126 0.26666259765625 -0.4500732421875
-0.0290756225585938 0.0542259216308594 -0.0181884765625 -0.266326904296875
0.0489349365234375 0.0559806823730469 0.0315589904785156 0.0392189025878906
0.0797958374023438 0.00525665283203125 0.185134887695313 0.013519287109375
0.0368270874023437 -0.0619544982910156 0.276580810546875 -0.128555297851563
-0.0332870483398438 -0.0463371276855469 0.2177734375 -0.364990234375
-0.0551185607910156 -0.0437736511230469 -0.00720214843750005 -0.4921875
-0.0340042114257813 -0.0436897277832031 -0.05841064453125 -0.480072021484375
-0.0400314331054688 -0.0214691162109375 -0.00845336914062496 -0.478973388671875
-0.00935745239257813 -0.044281005859375 0.150054931640625 -0.380645751953125
0.035614013671875 -0.0309677124023438 0.165191650390625 -0.168991088867188
0.0571365356445313 0.0244102478027344 0.05230712890625 -0.121528625488281
-0.0217819213867188 0.0434494018554687 -0.022369384765625 -0.222808837890625
-0.0311756134033203 -0.00346183776855468 0.1177978515625 -0.4837646484375
-0.0151443481445312 -0.0508537292480469 0.6595458984375 -0.5177001953125
-0.253662109375 0.251953125 0.234039306640625 -0.426422119140625
-0.1082763671875 0.2818603515625 -0.019775390625 -0.257705688476563
0.1300048828125 0.282989501953125 0.0366935729980469 0.0212516784667969
0.240570068359375 0.108474731445313 0.158218383789063 0.00279235839843751
0.219757080078125 -0.09356689453125 0.256790161132813 -0.100067138671875
0.0718231201171875 -0.180084228515625 0.200347900390625 -0.320281982421875
-0.020263671875 -0.223098754882813 -0.00619506835937499 -0.439544677734375
0.0134735107421875 -0.250961303710938 -0.047698974609375 -0.422637939453125
-0.00643920898437499 -0.230667114257813 -0.00601196289062503 -0.434173583984375
0.104217529296875 -0.195144653320313 0.127685546875 -0.325927734375
0.235870361328125 -0.10137939453125 0.135627746582031 -0.131927490234375
0.282562255859375 0.103546142578125 0.00706481933593751 -0.134124755859375
0.07611083984375 0.320281982421875 -0.031585693359375 -0.250091552734375
-0.105010986328125 0.285858154296875 0.1444091796875 -0.505126953125
-0.235397338867187 0.235214233398438 0.64208984375 -0.51605224609375
-0.40521240234375 0.472412109375 0.1412353515625 -0.344390869140625
-0.162078857421875 0.49127197265625 -0.0349273681640625 -0.195907592773437
0.21868896484375 0.48211669921875 0.05035400390625 0.0130996704101563
0.392822265625 0.192230224609375 0.130401611328125 -0.012481689453125
0.38336181640625 -0.125823974609375 0.21319580078125 -0.073211669921875
0.166748046875 -0.296905517578125 0.152191162109375 -0.2403564453125
0.01470947265625 -0.371429443359375 -0.00872802734375003 -0.32403564453125
0.05682373046875 -0.4202880859375 -0.029144287109375 -0.300506591796875
0.02642822265625 -0.40350341796875 -0.00360107421875003 -0.3189697265625
0.203460693359375 -0.317657470703125 0.08184814453125 -0.216171264648438
0.40655517578125 -0.16033935546875 0.0760879516601563 -0.0694580078125
0.4783935546875 0.16583251953125 -0.0582504272460937 -0.129928588867188
0.175201416015625 0.560455322265625 -0.053009033203125 -0.262405395507812
-0.160614013671875 0.542877197265625 0.152069091796875 -0.47235107421875
-0.422882080078125 0.4874267578125 0.55255126953125 -0.4403076171875
-0.495849609375 0.64068603515625 0.00668334960937498 -0.20428466796875
-0.17529296875 0.66204833984375 -0.0520553588867188 -0.0824966430664062
0.31707763671875 0.62652587890625 0.0694808959960938 0.0183372497558594
0.521759033203125 0.236480712890625 0.09442138671875 -0.02569580078125
0.505340576171875 -0.16082763671875 0.144485473632813 -0.036895751953125
0.238037109375 -0.383819580078125 0.0821762084960938 -0.126190185546875
0.047149658203125 -0.468536376953125 -0.00958251953124999 -0.160079956054688
0.092071533203125 -0.524658203125 -0.00540924072265624 -0.133811950683594
0.05535888671875 -0.510650634765625 0.0027618408203125 -0.153457641601563
0.270721435546875 -0.388824462890625 0.0242385864257813 -0.0662879943847657
0.51593017578125 -0.194091796875 -0.00302028656005856 0.0143938064575195
0.60675048828125 0.20745849609375 -0.129341125488281 -0.103431701660156
0.24822998046875 0.71685791015625 -0.076385498046875 -0.24725341796875
-0.19024658203125 0.71710205078125 0.143890380859375 -0.37994384765625
-0.5460205078125 0.65997314453125 0.401092529296875 -0.29949951171875
-0.51385498046875 0.72479248046875 -0.151611328125 -0.01654052734375
-0.15020751953125 0.74993896484375 -0.0673675537109375 0.0751266479492188
0.38873291015625 0.6810302734375 0.0839920043945313 0.0387649536132813
0.5882568359375 0.23907470703125 0.0474815368652344 -0.0244865417480469
0.55810546875 -0.183868408203125 0.0544662475585938 0.0138702392578125
0.271148681640625 -0.419036865234375 0.00133419036865236 0.0145139694213867
0.0703125 -0.4971923828125 -0.00838661193847656 0.031076431274414
0.112396240234375 -0.551666259765625 0.0193901062011719 0.0542526245117187
0.07562255859375 -0.538299560546875 0.0112113952636719 0.0368156433105468
0.295135498046875 -0.39300537109375 -0.0366287231445312 0.0977401733398437
0.53826904296875 -0.189178466796875 -0.087310791015625 0.103164672851562
0.62432861328125 0.21875 -0.18963623046875 -0.05987548828125
0.26300048828125 0.75537109375 -0.091278076171875 -0.204666137695312
-0.20025634765625 0.75738525390625 0.126907348632813 -0.240081787109375
-0.58697509765625 0.7158203125 0.212127685546875 -0.118179321289062
-0.45196533203125 0.69854736328125 -0.30938720703125 0.190887451171875
-0.10626220703125 0.71478271484375 -0.081939697265625 0.249176025390625
0.38531494140625 0.62103271484375 0.0875015258789063 0.071533203125
0.54949951171875 0.198211669921875 -0.0036511421203613 -0.00515031814575194
0.51336669921875 -0.17388916015625 -0.0414352416992187 0.072265625
0.256439208984375 -0.387237548828125 -0.0766448974609375 0.15948486328125
0.08367919921875 -0.44805908203125 -0.00404357910156248 0.2213134765625
0.115020751953125 -0.490966796875 0.0400543212890625 0.234024047851562
0.088226318359375 -0.479156494140625 0.01629638671875 0.22003173828125
0.27655029296875 -0.325592041015625 -0.0932769775390624 0.243637084960937
0.468017578125 -0.138031005859375 -0.163253784179687 0.171951293945313
0.516754150390625 0.211639404296875 -0.224838256835937 -0.0144195556640625
0.2020263671875 0.65521240234375 -0.0904388427734375 -0.14923095703125
-0.19219970703125 0.654296875 0.101448059082031 -0.0863876342773437
-0.536376953125 0.6494140625 0.0173072814941406 0.0693473815917969
-0.323394775390625 0.554290771484375 -0.44549560546875 0.381072998046875
-0.05145263671875 0.553375244140625 -0.100555419921875 0.40576171875
0.299224853515625 0.4501953125 0.0772323608398438 0.112930297851563
0.398590087890625 0.13067626953125 -0.04412841796875 0.025970458984375
0.3734130859375 -0.127288818359375 -0.121078491210937 0.118324279785156
0.20001220703125 -0.2869873046875 -0.138626098632812 0.276718139648438
0.082733154296875 -0.32537841796875 0.00195312499999999 0.3779296875
0.10101318359375 -0.353302001953125 0.0545654296875 0.379241943359375
0.089019775390625 -0.3448486328125 0.015716552734375 0.3675537109375
0.217315673828125 -0.208328247070313 -0.140289306640625 0.343414306640625
0.3248291015625 -0.060516357421875 -0.219375610351563 0.201202392578125
0.32403564453125 0.17645263671875 -0.229202270507812 0.0144805908203125
0.100067138671875 0.452178955078125 -0.0766525268554688 -0.0987548828125
-0.15875244140625 0.442169189453125 0.0698204040527343 0.0447540283203125
-0.4053955078125 0.4796142578125 -0.151580810546875 0.225494384765625
-0.14697265625 0.319091796875 -0.540557861328125 0.52105712890625
0.00860595703124999 0.299530029296875 -0.12042236328125 0.521240234375
0.164962768554688 0.206146240234375 0.062835693359375 0.157562255859375
0.184844970703125 0.04180908203125 -0.0576667785644531 0.0587997436523438
0.172439575195313 -0.0587005615234375 -0.168075561523438 0.137557983398438
0.110588073730469 -0.136932373046875 -0.1766357421875 0.34112548828125
0.0685577392578125 -0.150482177734375 0.00640869140625003 0.4739990234375
0.071746826171875 -0.163528442382812 0.059356689453125 0.46734619140625
0.07525634765625 -0.165939331054688 0.011566162109375 0.457305908203125
0.130271911621094 -0.0719223022460938 -0.16961669921875 0.38714599609375
0.150634765625 0.0114898681640625 -0.250198364257813 0.194137573242188
0.112442016601563 0.110244750976563 -0.212020874023437 0.0255889892578125
0.00917053222656251 0.202484130859375 -0.0596847534179688 -0.0625267028808594
-0.0907745361328125 0.189956665039062 0.0365753173828125 0.132293701171875
-0.211685180664063 0.252655029296875 -0.267608642578125 0.330108642578125
0.0118014846617777 0.105235615210567 0.544984081648533 -0.0290561785795001
0.0720080259340606 0.0138453460810726 0.235491942937816 -0.160710467878757
0.0147177293638037 -0.0764059130578511 -0.0394248753168318 0.0548688610089301
-0.0680831924545408 -0.0715986344862938 0.0688086431088631 0.195488589485843
-0.0979140374852034 0.0348278688001405 0.286512677864606 0.192750878670354
-0.0419904146476348 0.0884367740871208 0.440074347947067 0.0293442902130765
-0.00885652336038282 0.101794120965103 0.479031943636546 -0.184210007327705
-0.00140751250713388 0.086576987724517 0.441092776503344 -0.293938927435269
-0.00552080448825787 0.0797648859979173 0.454373426514902 -0.212619174786307
-0.029820986338647 0.0605781322070076 0.405591267693441 -0.0526957054745145
-0.0560143789442012 0.00339719785182638 0.242102722321432 0.0794020272203051
-0.019322913077632 -0.0566416567075632 0.127403740897686 -0.00885990542785015
0.0426089323741983 -0.000557895006470389 0.167289568913507 -0.145356921561614
0.00667035231418605 0.051462685124923 0.484812504097855 -0.134413512328173
-0.0613652701676661 0.0657218874906485 0.798112576281183 0.209700210834129
0.318756696397612 0.126754203009902 0.492309425950764 -0.0887533790329457
0.309535184908183 -0.0676551906158756 0.200522707634561 -0.200261475813789
0.157299769085102 -0.27863467259822 -0.0804993216404617 0.0424787322823598
-0.0902199904379034 -0.284968698865407 0.0177568712749382 0.194816985044926
-0.254602589537894 -0.0780752363724965 0.249357872068816 0.218604104353531
-0.209838061969132 0.0867191291505805 0.404251938343882 0.0572745053236813
-0.189585627337861 0.162904964563428 0.442257752010454 -0.138023210815872
-0.185105372530798 0.183485109787312 0.408338747920529 -0.242058136228256
-0.207044659126042 0.170919993483838 0.42441054777931 -0.172641904192265
-0.223724629349542 0.0640238791876874 0.348410563283023 -0.0167410008470768
-0.245085308539841 -0.099955689161413 0.179620792652055 0.0970366808128619
-0.0880911159069541 -0.302243342838403 0.0781709467636027 -0.0442083104854485
0.157790788691981 -0.266792931802365 0.159161466308029 -0.179805829905062
0.269859961611202 -0.0628509525235684 0.510507119644739 -0.156667728865424
0.273473453394766 0.0960504361389848 0.807892967691353 0.16764729228258
0.589777191901599 0.123491733718778 0.354117108472544 -0.163105488903023
0.51610597070195 -0.163344803964578 0.109557561182892 -0.219229177191445
0.270556037864639 -0.470788362578821 -0.120819384805553 0.0490065612148264
-0.123200450217309 -0.47587189395008 -0.0229082055094644 0.190084801954259
-0.395954052892914 -0.17723787778289 0.199680219059182 0.220470359661618
-0.354614987197043 0.0797157435784216 0.320934800973713 0.0719135020038174
-0.342946377724925 0.203381203648206 0.342317726168931 -0.0742857004003958
-0.340922561692632 0.252979821549279 0.312329872143297 -0.152746284386058
-0.37417184405133 0.235835607280493 0.32836900400667 -0.103117396074171
-0.385270750952617 0.0574679068085154 0.231055179845509 0.0200097028616534
-0.402768945166582 -0.188789737422796 0.0786992258428327 0.0937669577850314
-0.1506022953188 -0.51258756856088 0.00973828319206053 -0.0902030859699235
0.251827248271794 -0.506215142645611 0.133284169761031 -0.213338017080787
0.499407917826985 -0.173724064972866 0.480332801558617 -0.163381047305195
0.569336305543651 0.113781546133239 0.713460563313063 0.115740837033848
0.788328821802148 0.0889853695385309 0.143636167252682 -0.228037994871958
0.666652090358471 -0.273942862281576 -0.0316010276357665 -0.203887662782216
0.331655735798976 -0.639510574295416 -0.159067237023952 0.0764582024216134
-0.173871727599105 -0.621280221356453 -0.0572291592510513 0.180031077884841
-0.508325856717263 -0.246663794755144 0.128904927028336 0.197006089358046
-0.457564117462872 0.0691760363118488 0.193281939767556 0.0765306220005315
-0.448070691484466 0.216118847215735 0.191004443305018 0.000417578748535859
-0.442181247658982 0.28544910177781 0.169718229203747 -0.0402954815178145
-0.481256220372013 0.262726459216729 0.181091116798776 -0.0151474667293754
-0.485776355490412 0.0393826713095157 0.0734519440620727 0.0574338700271513
-0.500088367900251 -0.25252899774844 -0.0473520926421052 0.074978391705608
-0.19267686938655 -0.651737672638037 -0.0714849766891676 -0.135114921716168
0.306027718852218 -0.6707247666857 0.0927256657856253 -0.230465944422537
0.650148960492175 -0.259833244681267 0.391790172984876 -0.145812208920974
0.77042709716973 0.117021583218534 0.525316094106476 0.0631081247068644
0.882006096038633 0.0345241858938808 -0.116536853610111 -0.269716359631414
0.722501453821267 -0.36535492093873 -0.203951608904718 -0.147535666266651
0.334340908209028 -0.736075519218974 -0.190498831745086 0.112789546234731
-0.215863739062985 -0.68124192548319 -0.0898679031697321 0.155600403822511
-0.555549335187861 -0.274178720791242 0.0321027121355001 0.150947744022982
-0.496814994007596 0.0531240843937726 0.0323317120392878 0.0749452002458691
-0.487733039950331 0.199839259312804 0.00855912709838242 0.0777648920182401
-0.477778985994112 0.274706983741237 0.00134621975609149 0.0795608274778546
-0.513117150721894 0.247477791439141 0.00657528028854387 0.0769312201986141
-0.503556265072951 0.0124116369269615 -0.100066938662697 0.0882833913725196
-0.506372442695602 -0.276456547640073 -0.176446060668508 0.0408922493306582
-0.187108494680957 -0.67765112040958 -0.146798681921399 -0.169602286489903
0.32253093331889 -0.710892222010151 0.0465865395597832 -0.221978617152128
0.690329419009345 -0.285382734368858 0.261169024034798 -0.0980784838048467
0.843699839153402 0.110682057999338 0.275547387145144 0.018245240369806
0.842798392389715 -0.0267457698071601 -0.387086359036701 -0.28200154670139
0.66059506808812 -0.399568039900913 -0.377227644185428 -0.0633667268825316
0.282999673943367 -0.702799929570051 -0.206318480000663 0.140698409988363
-0.219717416479999 -0.621965374385012 -0.117817538638532 0.113297699555762
-0.509211539579748 -0.256491048158124 -0.0769139066363604 0.0877236821534472
-0.453383037645889 0.03028032048123 -0.139335473968421 0.0664328644545693
-0.45087871379878 0.150364062894271 -0.177497821867466 0.146076065861238
-0.440390485974773 0.220072847167413 -0.168319841655811 0.18641174469294
-0.464058352137891 0.188118926181668 -0.169767242940637 0.156268156290587
-0.438676963583417 -0.0252115121431118 -0.256545044017447 0.101135130094582
-0.414611946090067 -0.261507798079291 -0.277438219640445 -0.00870783501110777
-0.125001803736571 -0.580320018114036 -0.188607805124138 -0.189614242019337
0.299671623875362 -0.600061596277557 0.0135488712886158 -0.189513919720721
0.607178469104854 -0.236673180109097 0.118663362726365 -0.0339203119915981
0.77347259763531 0.0954810699415765 0.00857587067055584 -0.0151136896559934
0.670366782184865 -0.077971423623347 -0.622000427976166 -0.265346584810971
0.488987921903811 -0.353440319270734 -0.515115216363613 0.0273618965093144
0.190464609772658 -0.532891614916772 -0.202227793602393 0.153850133241977
-0.166979623276491 -0.444695790854269 -0.129479878876141 0.0609745030337781
-0.362505859484065 -0.192754755764684 -0.170164775002271 0.0152749325839213
-0.331852045294998 -3.48154459447469E-05 -0.285414836765411 0.0484259250902756
-0.340706732386592 0.0761188226629275 -0.337104038891914 0.191627592836057
-0.333239750692507 0.130756245912051 -0.313786600408274 0.264992682900606
-0.346656546167844 0.100394717613549 -0.319181614799462 0.208080347914188
-0.306079196262752 -0.0604632649643847 -0.369732376962514 0.0908751962722254
-0.256776317409213 -0.210437240714768 -0.326528028507794 -0.0692134557138456
-0.0350519883675125 -0.392626607885713 -0.188229681450311 -0.195262081220263
0.234761948217806 -0.388440030585353 0.00190373237064655 -0.143671770901954
0.427074985376419 -0.143808114390731 -0.00556083673854842 0.0264813880164626
0.584188646862373 0.0662324798250812 -0.226755657353148 -0.0352421351278789
0.39309885567172 -0.116843937629416 -0.782995662292652 -0.225615729292164
0.241933649897137 -0.251502802306006 -0.601122452650417 0.10681639870032
0.0674213991100808 -0.277141796799374 -0.180629834591476 0.160548485515787
-0.0906197478056316 -0.198013499431093 -0.115136835261642 0.0202145466965151
-0.158313703183456 -0.0992197707704258 -0.220237140659676 -0.0510549128894428
-0.15447231806949 -0.0310886679845042 -0.378954480661462 0.0213835537629451
-0.175349363482176 -0.0097425663568044 -0.444262169444147 0.206507864071121
-0.175699085632128 0.0219640628711716 -0.411589791190948 0.302294282492852
-0.178900268958238 0.000106470434541192 -0.418886913490265 0.226079966089466
-0.139902602143738 -0.0826003519404423 -0.423520534780305 0.0621073199185967
-0.0809666102309184 -0.128625485205723 -0.324788347158032 -0.1262951563983
0.0388332112788842 -0.168661972859125 -0.15501095327233 -0.186147790996747
0.131970621233253 -0.148530028206582 0.00649846377309803 -0.0999430871531114
0.197431167582408 -0.0513886041051702 -0.0940919835765795 0.0696274004318529
0.314911820250072 0.0217073706310517 -0.397422127773795 -0.0396635303101073
0.0164968612388893 0.105457201496536 0.548992997071537 -0.0521469742040976
0.0727125726330081 0.00925172876342433 0.226014600228141 -0.172166396453714
0.0112901986037923 -0.0763746274806363 -0.0378866496769212 0.0561656761367619
-0.0714221449444411 -0.0690338235300879 0.0784146564790236 0.193615555083299
-0.0953614173347299 0.0392711781052788 0.30121258268924 0.177288217889714
-0.0374571548580921 0.0899686508613822 0.447437012102389 0.00333658171810034
-0.00277845425606777 0.1022323449005 0.470322402484281 -0.215069297545702
0.0048687285704341 0.0875555382646284 0.424713697489177 -0.32344947002195
-0.00112858706048852 0.0815035567782409 0.445079953359082 -0.245025863753229
-0.025814036836931 0.0628999738557826 0.407400209878698 -0.078218639645797
-0.0555724111680757 0.00759038439336812 0.251647236863764 0.0679772396830284
-0.0235110370608693 -0.0546319335811427 0.125709634486336 -0.0152995841219498
0.0424270553089385 -0.00291184049589086 0.157701734936762 -0.151979083022925
0.00889228565680499 0.0520734992296888 0.479606501764202 -0.156566840459344
-0.0600333296755369 0.0688181261559492 0.818291445009154 0.173851256378086
0.327309675574884 0.110880242771719 0.491877836663317 -0.110549129217051
0.307736559533962 -0.0826524328372869 0.189752331800938 -0.209293473891783
0.143839273509338 -0.287054830911803 -0.0790871946681519 0.0454731070481863
-0.105213977942409 -0.283533164933552 0.0271268566844084 0.194089638724439
-0.260729904980652 -0.0657074495211933 0.265739006020385 0.206504645620155
-0.207002298734958 0.0969177702953786 0.412750103383753 0.0344530804166058
-0.182946123830531 0.173202636223439 0.437252828870121 -0.165665906464999
-0.175799446321044 0.197792914727776 0.395098297781226 -0.26906148838152
-0.199302658292196 0.185194883839813 0.418218437282208 -0.200860590973539
-0.221867099458768 0.0756403339468579 0.351611033751664 -0.0393690494835987
-0.252484979382281 -0.0865456314825487 0.189778258026001 0.088194090801527
-0.106532177742697 -0.300764055192938 0.0733111222576376 -0.0478942433957907
0.145371213834611 -0.278209575250969 0.149534563665584 -0.186313530165229
0.269837042761735 -0.0763907042791236 0.507047126151179 -0.1799281400214
0.281394896209423 0.0823603188843817 0.826582403520883 0.131598031743423
0.59990418629348 0.0931435589066089 0.3499151058652 -0.177573005214716
0.511661705918292 -0.19039273518586 0.0973991441067398 -0.223583553916588
0.247481991183068 -0.488972480663126 -0.119186620169052 0.0550583820442034
-0.148180927922644 -0.474912565891622 -0.0142789973379064 0.191535238348188
-0.408170745928709 -0.156845418258351 0.216541475395403 0.210354960187415
-0.353918781630171 0.0970906298134617 0.329724473840649 0.0542487098985974
-0.335822924582734 0.223719088679799 0.339970421681539 -0.0956142113316715
-0.328307794682962 0.278167695037642 0.303801163027285 -0.174062309924773
-0.364809491293069 0.260526494238049 0.323942330699734 -0.126025169272517
-0.386212034407047 0.0760966357931385 0.235176127440804 0.0051700567476774
-0.416340376114126 -0.168980731096003 0.0882365041375926 0.0899173486820399
-0.181167405151066 -0.513021840568348 0.000579343853639727 -0.0908434661685154
0.226515349572185 -0.526696411912667 0.123713969194705 -0.219231511241053
0.497133208999348 -0.201159764496429 0.476999195011116 -0.188359272069247
0.581229028873321 0.0850988256862142 0.728821417210798 0.0818784395608506
0.79879715741203 0.0500342698057716 0.13510124534376 -0.234539750738354
0.656403933134427 -0.307520707739066 -0.0427189392511642 -0.200294689565418
0.299539342698618 -0.6618792477587 -0.155105523947189 0.0846399246593277
-0.206307265906444 -0.620080335009571 -0.048962281150021 0.182941057928071
-0.524350298907324 -0.220288704050228 0.1442751813557 0.190278606035959
-0.461108387734115 0.0914249207081312 0.201394448070852 0.0671005884837384
-0.441617240830717 0.241321784119613 0.193155915965432 -0.010681982902214
-0.430954542219481 0.316635050363471 0.167991241804926 -0.0509357471710857
-0.472413427111426 0.294218356909182 0.179973424232565 -0.0284323117436031
-0.488358326705551 0.0639131647119714 0.0776787526375263 0.0529334253872235
-0.518251037158302 -0.22663865918802 -0.0405673650710245 0.0771016322885563
-0.229839645907291 -0.651353101352507 -0.0837605539762023 -0.131694793104483
0.273428762860535 -0.69531300628199 0.0829963818481576 -0.235371634396385
0.645765069176336 -0.292294716533105 0.390568835010878 -0.167859535602954
0.787505222691368 0.0767594248515341 0.534156805705779 0.0383186290048733
0.89004254177535 -0.00895786645607658 -0.127701570051484 -0.266271731690012
0.709118048336653 -0.405787937457426 -0.213362007020673 -0.136093136362002
0.297076407642794 -0.761285171252127 -0.18382055166848 0.123406844442953
-0.253659778900213 -0.678582389150386 -0.0823615514192278 0.15963119472023
-0.575705878726253 -0.244292740507852 0.0449973492988322 0.149052540807926
-0.500170088690396 0.0784452088365147 0.0378500844929554 0.0740113099018581
-0.483131487696107 0.228311448029444 0.0146439773149395 0.0782199310608814
-0.467461567146227 0.307442731246721 0.00610107990577283 0.0793908698341475
-0.504489234871317 0.278631787071699 0.00825069803147173 0.0753610883735784
-0.509377063860755 0.0357181669749672 -0.0965414015014467 0.0943976857691182
-0.526520035359819 -0.252705536654782 -0.173883125823169 0.0487861676692743
-0.223987218822314 -0.6793541504324 -0.160695506375627 -0.163126252429754
0.288471545329743 -0.735532226213174 0.0384093042523852 -0.226795705720005
0.682703552673913 -0.320789237765933 0.261767841733625 -0.115016941696547
0.861302354870324 0.0667750050104017 0.276684134115336 0.00449256643819964
0.849378555592789 -0.0698744284934265 -0.401217274693586 -0.265886467730825
0.647206575217833 -0.432613293331145 -0.381489779585195 -0.0419182294692225
0.247265408300612 -0.725726567981479 -0.197424491048126 0.153034619011811
-0.252672885667389 -0.61773075580574 -0.111629851411639 0.117681019341978
-0.527586090317515 -0.227340818928349 -0.0694343132339394 0.0913978463746027
-0.45887103202868 0.0535372757896425 -0.136031801458165 0.0750135594114932
-0.450035937317632 0.175290063770174 -0.16837134548491 0.158775363606978
-0.432272071214333 0.249653074606548 -0.157496669605181 0.19829070113293
-0.458661899887785 0.218113083229949 -0.16322579551504 0.166436810481201
-0.44567781727873 -0.00497499896984844 -0.254069203457282 0.117623206226253
-0.432355363975586 -0.242385099498604 -0.279495746781723 0.00396854254744683
-0.157027090300861 -0.585152757193415 -0.203700957329362 -0.180549200842819
0.268734113114784 -0.622891811287042 0.0074857625835143 -0.193150808736755
0.600753360095975 -0.269104044760774 0.121516059688064 -0.0445211535527779
0.790906251058541 0.0544926959252122 0.00471295815719139 -0.0165776645090824
0.673659842008199 -0.112663601247113 -0.637184971748846 -0.240768559637619
0.476892382596066 -0.379399004592243 -0.515276796467906 0.0549609835242594
0.164298472800016 -0.548804682327236 -0.19271704969969 0.165426578341582
-0.192018092063816 -0.442820614402894 -0.125772459457962 0.0666921903895686
-0.377784152502904 -0.173148132876462 -0.168933144748826 0.0239141210881385
-0.337108933194976 0.0168638795272451 -0.286216710318848 0.0650387208239368
-0.342820444373442 0.096004478952244 -0.326487461995596 0.215233693652819
-0.330198798941294 0.153446680147778 -0.298328569936454 0.285918821202799
-0.343504646232947 0.120366353145015 -0.311367987600153 0.228055847395388
-0.314615099663449 -0.0466587287165369 -0.368313089283855 0.114124698597145
-0.270746655442598 -0.198415228447761 -0.3336629996448 -0.0533441176760968
-0.0562130368826457 -0.397219370142985 -0.201539796719122 -0.187068577755946
0.215239782333727 -0.404721023727206 -0.00189914859779625 -0.148129110266945
0.423880173774761 -0.165652487031355 -0.00123312589678407 0.0214984569672684
0.595702007482332 0.0360042538967411 -0.235182118328379 -0.0258967432320609
0.392775628043095 -0.135361618601761 -0.796804802584685 -0.195432252314754
0.233172591653677 -0.26475027105933 -0.59911246479112 0.138720861390496
0.0541946903771593 -0.285040854203573 -0.171914938333094 0.172234706433244
-0.101742924581814 -0.195782621966616 -0.113221832566605 0.0251667817071846
-0.166477119149227 -0.0894913813378719 -0.224538250141665 -0.0405072117211071
-0.159068531554275 -0.0226847701998581 -0.381946997496886 0.042092962239415
-0.179783331030905 0.000766410536664923 -0.433659341255875 0.235799936508687
-0.177667862118841 0.0333838408509477 -0.39463869654227 0.330150801135327
-0.18078129928657 0.009667844599466 -0.409263450045231 0.25246522057104
-0.147689386777026 -0.0767016341921104 -0.423898397017147 0.0883990255995943
-0.0888593947296659 -0.126111840532533 -0.335347209219753 -0.109946728697976
0.0302795394829537 -0.174191701739717 -0.165653308484294 -0.179180036476895
0.124188643731266 -0.157259631238261 0.00495749399533935 -0.104748706212273
0.196516738826744 -0.0618326374761108 -0.0891068359742663 0.0701251852129938
0.321503288388861 0.00453338053497525 -0.407432595778935 -0.0221056234817556
0.0202651241419564 0.103325442559716 0.544072607360333 -0.0721567996663492
0.0709753795188592 0.00569959728809228 0.213614246107137 -0.178125047334239
0.00909855181158409 -0.074764458010613 -0.036390053648526 0.0572254057957993
-0.0730358247663295 -0.0653773113481745 0.0864378462235999 0.188031295939763
-0.0922333451931544 0.0421461544203355 0.307139202089136 0.15964466073755
-0.0329955104523996 0.0897334257524614 0.444822068400445 -0.0202617192524309
0.00270556170589264 0.100182077499124 0.451482312847178 -0.238947105341413
0.010595001858288 0.0862414824210709 0.399057946177613 -0.342772505071986
0.0035002574219153 0.0815449410020737 0.427785779862147 -0.268395268145084
-0.0204216975297952 0.0630512844517535 0.399720564249431 -0.10196915162693
-0.0538107511960293 0.0111260478211166 0.255060874146515 0.054949384993051
-0.0270106848396925 -0.0511627549372004 0.121832426241848 -0.0202546068051627
0.0420219929799718 -0.00457130420910104 0.146466149759828 -0.154500190195434
0.00978150844470701 0.051166994884098 0.46809676351484 -0.171108807470087
-0.0579010936244204 0.0697349272821974 0.818237260512781 0.138399726854652
0.327864110077748 0.0950267645808475 0.484530502370241 -0.127680772510685
0.298957285562589 -0.0965839603202913 0.175270342005135 -0.212610298305646
0.128504571439658 -0.289767493063629 -0.0764621414657218 0.0491441823589333
-0.116787501810273 -0.275924637274231 0.0354098864315621 0.190212688139442
-0.259955294095214 -0.0518654999329716 0.275487904514163 0.189619102067186
-0.200310155696516 0.104086219011119 0.411776704629562 0.0120274617130653
-0.172282365713603 0.179990281031639 0.420744935449976 -0.188916926855057
-0.162643484637206 0.205938584455952 0.373022740866825 -0.287895845085949
-0.187163652331366 0.194996455392383 0.401312161481345 -0.224472174194337
-0.21561036742056 0.0839758258895133 0.345893596643582 -0.0602789062836809
-0.253181220206068 -0.071923937623632 0.195032140503947 0.0771141887531268
-0.121622061357278 -0.29336140684501 0.0669799099314486 -0.0497256287147064
0.130708637338878 -0.283989044286029 0.13774012733089 -0.188073592158745
0.264317275682639 -0.0880033900712814 0.492354914653726 -0.198786545431213
0.282891252851329 0.067067716481664 0.824109717950163 0.0955037114707793
0.595799249149369 0.0653623108547878 0.340776530739312 -0.188338840170619
0.496720937681545 -0.210702204651631 0.0845175736575136 -0.221984525642052
0.219996006680658 -0.493546808664 -0.113889701277606 0.060175546139542
-0.16777615686133 -0.464292113305526 -0.00522421025646872 0.188320130574465
-0.411370648090498 -0.133665724292375 0.227970245209072 0.195602536651734
-0.346430582607309 0.111930984114949 0.330795481635567 0.036126905100116
-0.322703259671957 0.237138843847018 0.330828355533561 -0.113464133228367
-0.310502266643684 0.294260839555546 0.288112118086505 -0.188581941583726
-0.347178123957327 0.278254423361095 0.311864542026571 -0.144334962258029
-0.379181581858387 0.0919671900070851 0.232735750655796 -0.0087894877992742
-0.421215533440122 -0.145494162689924 0.0943864307312124 0.0834750958318122
-0.205795952695862 -0.50102145577573 -0.00764163351511386 -0.0884829509603318
0.198504163819603 -0.533508812104086 0.112762786597443 -0.220200172065308
0.482917739410741 -0.220490174032001 0.464727225474068 -0.206080269765795
0.581329538093663 0.0552727724230214 0.724025107112415 0.0505621218116514
0.790093355729126 0.0136323137494215 0.125794556952539 -0.236146288850102
0.635483703616096 -0.332926023488477 -0.0508908700866394 -0.193007974694134
0.262951260816826 -0.667832984214947 -0.147224148872659 0.0901377849964137
-0.232915165104449 -0.605321574846483 -0.0402929200412908 0.181322164968629
-0.529236730395237 -0.189632560121029 0.155428975621122 0.178903901675559
-0.450484921500203 0.111461549218392 0.203248915307323 0.0548192110551328
-0.427687163613652 0.261650103992126 0.190291210465476 -0.0222553787160257
-0.409594964372913 0.339073548152247 0.162010780867319 -0.0604952298354568
-0.45228202611061 0.317694849266067 0.174230215445113 -0.0398680109779966
-0.482396201155496 0.0842960349840351 0.0789212399600576 0.0475657829591183
-0.523596821915023 -0.197948718570027 -0.0338016817377516 0.0759473841970345
-0.261113637326078 -0.637651224192972 -0.0930102388680237 -0.124534315098015
0.238121502606077 -0.703986390226763 0.0733146356113923 -0.235296309526497
0.626939969429584 -0.318845129345887 0.380520671496986 -0.184745270336142
0.785223251877156 0.0382236493941772 0.528646961787599 0.0159621336848365
0.879785142711502 -0.0501548022300339 -0.135507669693954 -0.258198731143255
0.684299524379613 -0.429722082282725 -0.215571332970169 -0.122116226692311
0.255880324209449 -0.768460554368828 -0.173999046362915 0.130159163670827
-0.281623422467018 -0.662692148572501 -0.0742008955992063 0.159349823973742
-0.583085059492001 -0.21214099275086 0.0554112516921566 0.14291752757294
-0.492530686866069 0.101363385111396 0.0424191250192824 0.0704133756717069
-0.468834562895401 0.250459278938024 0.0202310227783694 0.0757828103854932
-0.446567249040529 0.332807086541786 0.0104645957216729 0.0775399886580235
-0.483162091063504 0.304007574147195 0.0102196049097978 0.0727670784009338
-0.505182152687861 0.0579828540951527 -0.0915743336278878 0.0988602137443801
-0.532453148580089 -0.222938429161916 -0.168085786272946 0.0550967961146722
-0.25803341065602 -0.664604451281871 -0.169943967934926 -0.151322513425376
0.248345293388331 -0.743025046363014 0.0295389784501077 -0.22675157706019
0.661456172994941 -0.346803115830654 0.255892958590193 -0.128719799914836
0.858596023864279 0.0256147360611838 0.271792237042791 -0.00729681908501667
0.839117710912572 -0.106874439052249 -0.40540948966324 -0.248625959862419
0.62307609027482 -0.456512590867814 -0.377106530399398 -0.0232787496623582
0.209655325925254 -0.731701652334108 -0.185410004449341 0.160229439882272
-0.27900810185859 -0.602001381551106 -0.104864857835873 0.119253913528595
-0.533741609527234 -0.195997881627811 -0.0612562815997564 0.0916018756381423
-0.452010037014621 0.0740593430277871 -0.130727936815462 0.0806561683493448
-0.441039009352008 0.19812216970827 -0.156009467741541 0.16611423982665
-0.415649692050571 0.273094750933722 -0.143414113076927 0.203851687666946
-0.442380468294855 0.240359843881954 -0.154682518863712 0.173052763152513
-0.443906723422918 0.0140179700116979 -0.245900985503007 0.130137863162489
-0.441478031431614 -0.218726883913426 -0.27590312892486 0.0168489414653964
-0.185036250046005 -0.576202849529349 -0.212846186095589 -0.167803312930656
0.236144359638959 -0.630156143478145 0.00141806146306669 -0.193924491156081
0.583842721120009 -0.292563151586985 0.119769136022131 -0.0552584694577475
0.78741523482813 0.015368972945776 0.000453117603104055 -0.0159751022735831
0.662974198686284 -0.140888920776528 -0.638194895266549 -0.213987213851261
0.458448851206835 -0.395241545524128 -0.504059521087147 0.0778633620691466
0.136075968070888 -0.554333606309083 -0.18030516649655 0.172310820913739
-0.210428554153147 -0.43110453379417 -0.121162112296051 0.0693226121700899
-0.382746808532109 -0.15031412702112 -0.163974329954065 0.029878097465977
-0.334632724705334 0.0330858015155439 -0.280556899459751 0.078352818291348
-0.338342772249441 0.113819219377209 -0.307945776773565 0.23104112266309
-0.320283613961024 0.171076521512959 -0.276831485336966 0.298815584305024
-0.333103283933488 0.137353630681702 -0.296554438080473 0.242535487754409
-0.315336558918909 -0.0327825648346013 -0.358587311810104 0.133756581863697
-0.277632058869343 -0.182832532780949 -0.333459317554651 -0.0368886578940892
-0.0759769311558267 -0.395515644184087 -0.209936698779847 -0.174232043633999
0.192660958085236 -0.412152870496809 -0.00599530118018136 -0.15058998936476
0.412309842149094 -0.18213578991165 0.00118490423337389 0.0155039210267721
0.593739081529347 0.00692244335026465 -0.237573803563214 -0.0149604633696762
0.384823074038865 -0.152008301830165 -0.795261540149341 -0.163338180859974
0.221723736944389 -0.270816373962069 -0.582193887245785 0.163890035024534
0.040055307290543 -0.287366900762472 -0.160225614920056 0.177474170476192
-0.108482812580585 -0.190443918724364 -0.110704894080396 0.0280831622134393
-0.169740766435017 -0.0784014125960267 -0.224224360536536 -0.0304914888049642
-0.159893118949311 -0.0148012115682515 -0.377904331270847 0.0612992802415024
-0.180571621049882 0.0112818986207535 -0.413569110486191 0.257359755695722
-0.17583875695441 0.0434267370021341 -0.368831518864386 0.348334589571635
-0.178883398518917 0.0181585542152528 -0.391474167506316 0.273130189659463
-0.1520122891637 -0.0692496222064262 -0.414665596558367 0.111890703727388
-0.0944244472689864 -0.120520244892868 -0.339173124722918 -0.0925311286331637
0.0213122729364694 -0.176788726331148 -0.17253611992184 -0.168937309470238
0.11442563641811 -0.162217405179568 0.0019022613429443 -0.108008182606148
0.191303185478782 -0.0688024778475925 -0.0839922234817031 0.0678948737291873
0.320021096134044 -0.0111285467143512 -0.408286791437842 -0.00311849035002729
0.0565975104140364 0.0850235413237286 0.483254986458403 -0.243602502168115
0.0671230495317221 -0.0221225221959923 0.139111350378872 -0.229248523414651
-0.0151018775557255 -0.0720059755306375 -0.0117517423941772 0.0686846652104312
-0.0901453186127326 -0.0333858774196314 0.14781206553875 0.144158240327124
-0.0674939880018203 0.0695651791316613 0.33869286489236 0.0419707241207064
0.00516023079169773 0.0912412737684329 0.404087854640054 -0.172895066658508
0.0395052241846537 0.0900250122781619 0.332484747302263 -0.380465689958116
0.0397848814795843 0.0721265818913426 0.243445612465571 -0.451235053868001
0.0319012116841874 0.0738530449683893 0.302298117955902 -0.390938034608019
0.0013418702903514 0.0632746196420942 0.33463637472079 -0.227233918159219
-0.0446281470247292 0.0287763903361268 0.255292285715823 -0.0354178360525011
-0.0415299163817391 -0.0366259908828683 0.105549674659386 -0.0557422011908503
0.0369170609440345 -0.0179204604029234 0.0851534208216339 -0.185722449323087
0.0209205196040322 0.0459170531510342 0.383557024241782 -0.302704935962519
-0.0388691590689038 0.0845750427783071 0.80018705571183 -0.120022696514928
0.343478227120642 -0.0299350372289023 0.404458496777222 -0.264630044605755
0.246021131116037 -0.198312544906948 0.0903215352997766 -0.236530309372699
0.0199291259183415 -0.31286401290223 -0.0408975432501249 0.0838440830357535
-0.206921577498073 -0.212073769190671 0.112993603596966 0.164176004433435
-0.252882128620962 0.0397637701499876 0.325239366125248 0.0748577749893983
-0.145173867568105 0.161004855025336 0.386199013669305 -0.137738523674644
-0.0990242617229462 0.225781815500414 0.325890079297134 -0.328531184593998
-0.0796164854344814 0.239986961002555 0.236627248682847 -0.396662793092439
-0.105742722322784 0.242506999609676 0.291806055303493 -0.345211304096386
-0.173014004810034 0.146114198742271 0.302611886170473 -0.173173003777399
-0.256470288404466 0.0182115396177556 0.213161329994528 0.00198660833345822
-0.209547609364474 -0.231282486580626 0.0486948127681138 -0.0600503492384616
0.0280122526522711 -0.30609171284196 0.0636208950040214 -0.210247778905327
0.211962457466385 -0.167145858163775 0.393649178041705 -0.338702650331956
0.281918098578883 -0.0252476757602937 0.785593263697047 -0.168571407747592
0.587813848791926 -0.150747475303072 0.243507854000135 -0.267156536589922
0.390131661071477 -0.373714456418807 0.00268848823426043 -0.204451538248723
0.0316457711897534 -0.53364793077039 -0.0609860939367346 0.114653092868855
-0.322081225792579 -0.36693810208066 0.0859667097036463 0.176871824016053
-0.41995008017407 0.0158326048669945 0.288718576391534 0.0895803036400958
-0.277237388293267 0.215719262689015 0.319551505854162 -0.0939221748400822
-0.222826412564203 0.331191366907727 0.272364952390238 -0.231093545403163
-0.185646086724641 0.370938050880137 0.193314949833374 -0.281183351350991
-0.226017324814781 0.372070324148336 0.233974845943362 -0.243037153903456
-0.322999922548294 0.206777219825157 0.21725019687663 -0.0910175088755961
-0.435977501523986 0.00533785761009515 0.126041923984384 0.0386753797577306
-0.357115513706252 -0.397824993905905 -0.0296242436946158 -0.0679469270595693
0.0105681270383044 -0.559357741469229 0.0271686329003253 -0.228920836593689
0.37459637265852 -0.361117376466393 0.360789322867223 -0.341374499236581
0.561315751461535 -0.129945068579807 0.672482186028007 -0.186349265124835
0.751688976733824 -0.266609371141361 0.0235089369811324 -0.236527127286543
0.477124775811813 -0.535349022330756 -0.113012024198422 -0.124417351310722
0.00959306256154364 -0.712210872384588 -0.0716045310967993 0.159976607965001
-0.431369494688206 -0.473670978043125 0.0599863685911472 0.179439944669575
-0.548612019681618 0.00531634424068252 0.220752385129743 0.0930166041706958
-0.375935095727089 0.250575474612196 0.209839516701087 -0.0368231679861238
-0.314691849431278 0.390653223991319 0.178510016696501 -0.100319359485068
-0.262012612004397 0.445223296256602 0.121943225906726 -0.12257235445532
-0.308401401575163 0.441438169093969 0.142192834139313 -0.102417094154588
-0.421053735273375 0.233154858449624 0.0951100711441964 0.0105760877484837
-0.54800743714096 -0.0101092105108598 0.00794969975146744 0.0738534922234486
-0.453199958110894 -0.507622232647547 -0.118323656523265 -0.0716483704435331
-0.00818192736084803 -0.729681327604078 -0.0168283180770543 -0.230142613195262
0.476189005453409 -0.501325884516026 0.28428926955515 -0.29807137585372
0.749509867617236 -0.211304227968037 0.476647932103646 -0.165751818233725
0.815062404999555 -0.353460962126075 -0.228439072524451 -0.168821638312035
0.490592795039852 -0.643265033131975 -0.2404875351887 -0.00159800210523089
-0.0320314002176007 -0.80108200671963 -0.076644566379141 0.206554936254975
-0.500008875668095 -0.508152462803706 0.02550908066248 0.168292272947591
-0.606449353871902 0.00423636243030002 0.117599651532465 0.0904107663056391
-0.420348710975308 0.254628247211158 0.0646479153808694 0.0307350513958161
-0.35790231047341 0.39727536374229 0.0572027314283416 0.0481278299769433
-0.298295910320828 0.452647676745933 0.0322897316277003 0.0543042746185034
-0.343543367786688 0.439933184284699 0.0290548019869176 0.0553829997744378
-0.449792449768294 0.216391146945805 -0.0444210321117488 0.113779660459558
-0.56399730813554 -0.0299193848218226 -0.122401494678802 0.0992137343901081
-0.458907726122514 -0.535879171393944 -0.197923134855625 -0.0718046561311438
-0.0114149183791873 -0.769378991427174 -0.0553518511833275 -0.208760830653576
0.500408265446802 -0.538564506792631 0.184534258237887 -0.209193870266234
0.815592407281931 -0.246815903995273 0.231229816810837 -0.108496038748536
0.752573251354706 -0.390887531711816 -0.474913633996769 -0.0737651473774596
0.423385500627149 -0.645754839346745 -0.356313349581645 0.141069024866732
-0.0632721598452501 -0.753224557360956 -0.0788457049801797 0.234193711243211
-0.475091624490893 -0.456122354996594 -0.0199605734701441 0.140237111680228
-0.557370269502499 0.00158828261547065 -0.00963232744215326 0.0827490532564021
-0.394613832787759 0.21807028779971 -0.092247815426346 0.10140432564579
-0.350290834170522 0.339013794352336 -0.0732660084050195 0.194661971384492
-0.291834170328517 0.389130262858711 -0.0619684229791834 0.223354028920108
-0.325827830686061 0.367635337019229 -0.0881717958358651 0.203636857244184
-0.407321727200828 0.157365360126399 -0.177788690243301 0.195186452464064
-0.477472807421944 -0.0571206688967218 -0.236444772266573 0.101255612596542
-0.362567882673457 -0.476434615995909 -0.243968804027978 -0.0753713444447039
0.0118931692046685 -0.660419784104694 -0.0701406738049547 -0.172650622167993
0.446804981933655 -0.461670911580332 0.0820859064964768 -0.0984854313014292
0.74622738062295 -0.233966454789162 -0.0211288491075838 -0.0325091033106516
0.575681868241844 -0.360785737962417 -0.677560413805457 0.0282176123336556
0.29196148855519 -0.530073317555062 -0.440807479200353 0.266109485950939
-0.0679086289578816 -0.563541746763054 -0.0801931386156153 0.23659956500453
-0.349596457085403 -0.32352027005894 -0.0628582307173509 0.0993694281021292
-0.405223461813669 -0.00669466260560694 -0.130134959215854 0.0658002379376934
-0.301416888871147 0.142241596006963 -0.23286622569867 0.155973423742964
-0.283722666504612 0.22623793650461 -0.193984393399644 0.311455394316156
-0.238704575404036 0.264892663410691 -0.149361977292208 0.35917125151712
-0.261370851371587 0.236510981561693 -0.193014155850466 0.317817483434412
-0.303902074801729 0.0732770319003862 -0.281328822165509 0.23752276938313
-0.316371470095776 -0.0784697062585129 -0.310593283217548 0.0741132953833405
-0.201658993501626 -0.344041767744794 -0.24507081788813 -0.0856182830266542
0.0432010132131069 -0.44378818509413 -0.0612495726254169 -0.135412244928048
0.324382236237279 -0.303769983393366 -0.00246682484520579 0.00481415923265779
0.564351545007104 -0.183401493941228 -0.237493573320136 0.0452201962521358
0.308105286333418 -0.271388239650858 -0.800565719562311 0.117294694686926
0.113173478805521 -0.326936696517214 -0.484540442196587 0.357400108621631
-0.0628186455861138 -0.281839571126232 -0.0740846475526738 0.223817180194559
-0.168905557650835 -0.137097829901465 -0.0813954408693145 0.0588000381985338
-0.185052406050025 -0.0130303642085028 -0.2129148939293 0.037724137089126
-0.157706623887392 0.0411873473943074 -0.32954287419415 0.180906347642017
-0.171204836438703 0.0767037824153937 -0.28425272583234 0.379064151241888
-0.14879685944143 0.100415914693146 -0.21495036211269 0.440436666457027
-0.159657717217801 0.0761737875640884 -0.267977914837358 0.380317178396199
-0.163421504416474 -0.0127673726456873 -0.343122932583567 0.238911287532137
-0.127276084810624 -0.0814153268946906 -0.339496571726878 0.0285410269381467
-0.0389517879393789 -0.172260466814327 -0.211624903911061 -0.0977964174306435
0.0516382036987482 -0.186597338913232 -0.0374038274050172 -0.103410781347235
0.156708370086788 -0.126342811137513 -0.0612997365513409 0.0826627687614223
0.300491773992409 -0.11446392634603 -0.386690907474704 0.114509144033797
0.0565597936156687 0.0823936536350114 0.47889896673598 -0.247050017028476
0.0649248244629178 -0.0230942670429411 0.133925775365175 -0.226834752540653
-0.0148778496811162 -0.0710155638327189 -0.0105878291990262 0.069532903669586
-0.0898153248398623 -0.0318595046214256 0.149559791290474 0.139819166204091
-0.0655831449239361 0.0693211670171339 0.337153176252723 0.033235101730242
0.0066308619954751 0.0898153562719972 0.398963272010745 -0.183186002859163
0.0410595969812053 0.0873198289285243 0.319228339264947 -0.383834773094946
0.0416556894279287 0.0701486362984306 0.227373068559165 -0.450478168867137
0.0346636119669951 0.0721541924571958 0.288316330910713 -0.398452230210057
0.00318745038068385 0.0619130840053623 0.326289572152729 -0.235800637435079
-0.0425861794110531 0.0293869666107027 0.254645062487859 -0.0417913963980488
-0.0410958475810197 -0.0337705480326769 0.102503808641396 -0.0557676460095154
0.0359959454889734 -0.018543439678147 0.0818451155322806 -0.181444046756744
0.0197724536111343 0.0453860148259669 0.378229755728273 -0.304556300998858
-0.0398104556410301 0.0848616555591537 0.796055660579257 -0.1316831729728
0.340183459375735 -0.0362946855949454 0.398852751381684 -0.268927439001434
0.240087900198359 -0.200249090720574 0.0860104390279384 -0.23291735774244
0.0143482293444742 -0.309833547926068 -0.037941034794691 0.083977241091409
-0.208400122158991 -0.207772641492119 0.11455838808243 0.159432022318982
-0.250319522160369 0.0438404653811401 0.325019062468503 0.0648791939369069
-0.141211218942735 0.161157684513432 0.38171940224522 -0.148218105589208
-0.0940044079236786 0.225513571174692 0.313753209339966 -0.33295559460109
-0.0722086742376548 0.241052286028198 0.222511299279446 -0.397198464256838
-0.0979749032664105 0.242916607151432 0.278204459037057 -0.351336150706891
-0.169969056570783 0.147610281429591 0.294283166835861 -0.181406680470866
-0.253704918531809 0.0231683730664152 0.212733058783028 -0.00426418924586187
-0.213808470742314 -0.225608917013771 0.0458523432736117 -0.0588172893786627
0.0209898695315946 -0.305230582464385 0.0610069570614334 -0.206723316942293
0.207417102178951 -0.169426898032219 0.388253741790934 -0.342149951365553
0.278457457794479 -0.0305567793509442 0.780356745719662 -0.178114999972408
0.579627464185791 -0.16043592912371 0.240367874368892 -0.268368387424462
0.383557081928682 -0.376900665328807 -8.08047045861475E-05 -0.200535411317264
0.0217011636522525 -0.528234133362521 -0.0561999190809111 0.114347091974503
-0.326509559886679 -0.35990942275175 0.0873576536393331 0.172100148500727
-0.41426929755108 0.0243666916554681 0.289263626242531 0.0797256970526452
-0.271082401453989 0.217880470991168 0.315939654297062 -0.103159185183298
-0.215169695800333 0.335181697396772 0.263058048847233 -0.236663213481921
-0.174298908825627 0.375365549312748 0.182240615791309 -0.282156573683026
-0.213500401203641 0.375006106734217 0.223131273412111 -0.248899485668133
-0.31821916443056 0.210666838547469 0.212163983477997 -0.0966177169512481
-0.432181687800661 0.0136969396316806 0.126920860515742 0.0340136489432967
-0.363584144153278 -0.388571483403105 -0.0323219396228199 -0.0652559938284045
-0.0012848845196633 -0.558597067250239 0.0247885425350731 -0.226098848389157
0.366065186977413 -0.366402513522198 0.352507636715226 -0.344956149144308
0.554354926978189 -0.140191611121867 0.666299210961527 -0.194067651433006
0.739953319658417 -0.275532572562088 0.0215796877696214 -0.235352586314612
0.467032420504369 -0.54048595825152 -0.113041354943654 -0.119591462065367
-0.00423558955982286 -0.705923531288029 -0.0658235382442936 0.158610840086461
-0.437878881956812 -0.464575378682575 0.0614397388994794 0.175606292357386
-0.54286626579221 0.0161382590496349 0.222705843740715 0.0844320487069371
-0.369298196170358 0.254456116977717 0.207349394819628 -0.0433602026087539
-0.305560282242443 0.395537236884563 0.17379443851414 -0.104271124348127
-0.249524694989397 0.452153266330183 0.115996131661506 -0.124276846955324
-0.294830999346149 0.445696804344334 0.135250009178552 -0.105926659026553
-0.415508114838457 0.238792816931737 0.0940914006703455 0.00766867707063222
-0.544532587660042 0.000817320942115777 0.00889079734482556 0.0710149504895815
-0.463141556696996 -0.498514382878028 -0.120500385798312 -0.0666641608854871
-0.0243800104175044 -0.727443161231423 -0.0186056301436342 -0.22757670303072
0.466633562595557 -0.503942994125889 0.278278888519905 -0.301669833963181
0.743241337639167 -0.224110264884074 0.471213460633051 -0.169112194073949
0.802331602324478 -0.365193873198443 -0.228588345772285 -0.166355162281046
0.477985055568589 -0.648192863507852 -0.23765939371238 0.00380222993687485
-0.0481931589825178 -0.797199205987178 -0.0699117518597808 0.203944673896318
-0.504063883319346 -0.498628499370203 0.0259207351373064 0.164890589447057
-0.600131112372547 0.0171513324352893 0.120614334830249 0.0836060246856164
-0.413276361850944 0.260587084883338 0.0642934652878601 0.0282843041233925
-0.349750078519016 0.405189628436958 0.0576039401056196 0.0451964166821751
-0.284960247950837 0.461327415924263 0.0326204718023875 0.0523135399048513
-0.328422821414493 0.446264433847745 0.0283315850968983 0.0537491056754634
-0.445641385019107 0.223228083507269 -0.0414690356455479 0.114071434225033
-0.561254956827754 -0.019173294360673 -0.120229096614775 0.0994403030870257
-0.4698678660788 -0.526422539864794 -0.198648695095643 -0.0653384271244966
-0.0289255571485032 -0.766430979279995 -0.0567604153670714 -0.207834062109168
0.491969035382771 -0.542158441749513 0.178209035617729 -0.213593609190999
0.807438934986833 -0.262481885175201 0.226442504867234 -0.109523689227663
0.741697010438368 -0.400986214853343 -0.474448686970697 -0.0688392845559009
0.413417316031195 -0.650633706470021 -0.350445893458808 0.145715446017771
-0.0788176953741753 -0.748062819668472 -0.0718190124740622 0.231793113949989
-0.482192290819316 -0.446956518016347 -0.018516994573272 0.138446410040911
-0.552915902262198 0.0138617757888677 -0.00660673991243176 0.0795047830483452
-0.38891640641416 0.223862952491293 -0.0917730947897736 0.102596315100697
-0.342599880745952 0.349611773263552 -0.0671988079621941 0.193484099405597
-0.279468350646215 0.397972931643903 -0.0564506817877847 0.221177813346555
-0.313738760052135 0.373389800777081 -0.0840901194378223 0.204278121079722
-0.404481358932851 0.163502826376386 -0.171536292618873 0.198893529665534
-0.476161856351068 -0.04796302786241 -0.234147407840578 0.105673240299643
-0.373458031563554 -0.467426643178782 -0.243942588196377 -0.0681424920412299
-0.00208744652340039 -0.656587170678732 -0.0727469756880761 -0.173714766763813
0.439764570298868 -0.466287173201613 0.0780263551732893 -0.10349440263653
0.740634382536885 -0.248923742771019 -0.0233651887890955 -0.0298834366259506
0.567366470527507 -0.367958597104419 -0.67348089059438 0.0351396037333971
0.285716372520108 -0.531629063231912 -0.433406530108458 0.269366609651723
-0.0787299486861336 -0.560302599373464 -0.073917132869321 0.234156402636169
-0.353252368397104 -0.31756473528813 -0.0613070863576289 0.0991020465257376
-0.401569608457762 0.00360813616285643 -0.127584907535095 0.065656309486284
-0.297254342505418 0.147937354333852 -0.23055777400863 0.160087515658298
-0.278676470681112 0.235123566651353 -0.183835308007735 0.312424466143042
-0.230482679253477 0.272784262930966 -0.137861965891203 0.357274637781576
-0.253852241543691 0.241677105008412 -0.183637774652449 0.319934037488068
-0.302945965652349 0.0790861992059781 -0.273213649515448 0.243812999631904
-0.315452456640216 -0.0720193666058431 -0.308412567503061 0.0809014114402375
-0.209946832758644 -0.340571958602109 -0.245466713342393 -0.0792323857091363
0.0320222088561452 -0.442890995233502 -0.0640309074812845 -0.137320308551391
0.319696877791598 -0.305520208919302 -0.00496764050875988 6.23381514432996E-05
0.558228712326106 -0.195329749303748 -0.23682828771458 0.0512907081849374
0.303352956115651 -0.274755053736542 -0.795874875726996 0.124154204635036
0.110804163943745 -0.326909259658892 -0.476489163477567 0.35925713127491
-0.0689165282929861 -0.2804208843132 -0.0683797913167171 0.221833282727508
-0.16934034379064 -0.135916300103256 -0.0807637435451639 0.0595749831275023
-0.183920753659163 -0.00758150699943403 -0.211492329757173 0.0406625587122078
-0.156430137831333 0.0448551145734823 -0.32781904735619 0.188816194967011
-0.169127123852712 0.0819989177913342 -0.272492285992068 0.381565872234602
-0.146337748052691 0.106414854262423 -0.199516563450435 0.439672707807327
-0.15782837477983 0.0794148075615021 -0.254900190168418 0.384937119371521
-0.164307094674922 -0.00949859445669001 -0.333324094226498 0.247511888793897
-0.128015500377122 -0.07797851360197 -0.337140917635954 0.0367906694940118
-0.0447395775331625 -0.17186353677655 -0.211792292563206 -0.0924370153409986
0.0459592758446487 -0.186602120481134 -0.0409300917476035 -0.10626210682241
0.155204195983524 -0.127449259228057 -0.0620161350668038 0.0789360577450178
0.298087180148417 -0.120642639711049 -0.384709130195649 0.122273714758827
0.0574051919955418 0.0811143709731391 0.483927416229744 -0.256670630684981
0.0642475923493596 -0.024530048721632 0.132295870736405 -0.228719261591238
-0.0146206859864931 -0.072091004574879 -0.00963361102946493 0.0720090074206318
-0.0910126837104229 -0.0308853292543781 0.153202015335264 0.137442677503454
-0.0650411685012395 0.0707847755163318 0.341571038796663 0.0247815535948307
0.00835142569938441 0.0891538545650103 0.400728369035008 -0.198366810951444
0.042563124308819 0.0859231958095056 0.311248485077424 -0.394254409592059
0.0439994018798484 0.0685827286611936 0.217409960291216 -0.456117898358404
0.0382288287432552 0.0720026247070891 0.278879590851648 -0.409628868670372
0.00526726918724898 0.0614594699944851 0.322004305904785 -0.248297484658201
-0.0419584299938545 0.0301451930522999 0.257774376941742 -0.0492689235806958
-0.0415466331014967 -0.0312750656296145 0.101487528730158 -0.0571278470322408
0.035781250183082 -0.0192557937746568 0.0807051903574633 -0.180830879900664
0.0181473065115228 0.0461702479913671 0.378982098995942 -0.311080223176602
-0.0409347984337082 0.0868645174573062 0.803444182829537 -0.144774404778913
0.34137262678074 -0.0445673955434153 0.401834896772774 -0.276280575432772
0.237982467219915 -0.206370892693145 0.0828874080005489 -0.233788511898402
0.00812274634616947 -0.313015311548172 -0.035231119571001 0.0861919439387442
-0.213937395637658 -0.206170948971003 0.117344150995106 0.157271639516689
-0.251253991332634 0.0490148473036218 0.330178381356495 0.0557962015515335
-0.140264644139492 0.163484007035335 0.382273597583907 -0.161269165851989
-0.0907998342633331 0.230618488867536 0.307738034073884 -0.342945672645471
-0.0655121065919903 0.24634264994972 0.212450420277049 -0.40304001655655
-0.0918124674446046 0.247725766048193 0.268439585539679 -0.362663732421079
-0.168987482926225 0.151838884998046 0.291624448586508 -0.192142365052102
-0.255803051634833 0.0280562593126225 0.215476121528509 -0.0103360544903454
-0.221841240887553 -0.224168403064345 0.0443452515598311 -0.058788700928097
0.0141297721063258 -0.310599192160401 0.0610726475565942 -0.207388217793447
0.205847855860216 -0.174404239648221 0.388039873248164 -0.349860439662064
0.280543120562152 -0.0379513133239229 0.785243012069909 -0.19384744133135
0.581878382368052 -0.172554774199117 0.240120704457789 -0.274095827659553
0.380208133568518 -0.387568768895014 -0.00268629921685679 -0.199818498497177
0.0103305916241092 -0.533630212501663 -0.0529483016252841 0.115626780276168
-0.33616223903689 -0.358291802815381 0.0895931137559603 0.170270415970738
-0.417000228787978 0.0327174882378674 0.295385848759056 0.0715095815302149
-0.27119128246677 0.224128666645733 0.317162987828485 -0.112974822042014
-0.210898264685418 0.343919331972857 0.258249991606706 -0.244810414985068
-0.165726898893829 0.385372858727677 0.174193100250441 -0.286527418168916
-0.205297137579733 0.383873611614955 0.215577223999764 -0.25714150242174
-0.319236752418134 0.219389939110731 0.210576501664071 -0.103659200936598
-0.436136691570458 0.022134625493932 0.128857125510102 0.0298447369216569
-0.379188352540727 -0.388070426104784 -0.0351181783268483 -0.0629783639561862
-0.0147226284864557 -0.565941348053336 0.0242907165147613 -0.22768232663496
0.364692855798093 -0.376819527661804 0.352154703924752 -0.354433843087781
0.559268817900253 -0.155454242594462 0.670402924905578 -0.205056016970521
0.742516603486902 -0.293081148326382 0.0184975112207087 -0.237359450618002
0.465034499994798 -0.554828954383554 -0.115522561030735 -0.117393279645402
-0.0190979515329931 -0.712803807772803 -0.0609932380788325 0.158456980947958
-0.451403845687562 -0.463251707507914 0.0638673370119809 0.174588349861598
-0.545792337923269 0.0298317642774617 0.228000273180344 0.0764493131571435
-0.368504797431054 0.262645908215934 0.207296716203607 -0.0502408968569412
-0.302447620933162 0.410313172478973 0.171853539495223 -0.110336314045579
-0.239763183429878 0.466737348656024 0.111902239603378 -0.127635232636206
-0.285521125984052 0.458350564175296 0.130558102110605 -0.110949828005313
-0.418536308171515 0.249061395990916 0.0930419134713664 0.00547879212354866
-0.54832307796146 0.0104976037852333 0.0101286444505664 0.0702224170428453
-0.482404451159372 -0.495358366159282 -0.123707295591325 -0.0633760875877009
-0.0406727689931986 -0.736357860171089 -0.0210535448090464 -0.230751542807751
0.464880920462931 -0.516645528800123 0.276539500477517 -0.310240098581847
0.748696034616022 -0.244526014202716 0.472549038552788 -0.177502719105109
0.803964547821394 -0.382714018064473 -0.235307513226628 -0.165058502337282
0.473603951898525 -0.665843429099873 -0.23951653257879 0.00920593162741395
-0.0658454367491393 -0.802800028801259 -0.0645020340451966 0.204098742494468
-0.520060243824398 -0.497030336083884 0.0281463628741938 0.164604380704856
-0.604582638099946 0.0299177019343899 0.124515483363029 0.0784698592521648
-0.412639015607802 0.271133088545168 0.0633688244618482 0.0269456657116988
-0.345569538720793 0.419891483833343 0.0581536364673891 0.0429915712909646
-0.274949379871208 0.476190419505622 0.0324517519328838 0.0508376811077721
-0.320238567593735 0.459387074486235 0.0265059864918857 0.0528075335777278
-0.449515779699418 0.234452751788665 -0.040264870860679 0.11660081351605
-0.566645676622403 -0.0082637149071342 -0.120477152472345 0.102443370764043
-0.491018845024329 -0.524992117738502 -0.202749540344432 -0.0604198393073605
-0.0449832445973135 -0.774682927110826 -0.0608449151678294 -0.211052702383667
0.490189767520876 -0.554394968794083 0.175493721001209 -0.220378430915708
0.81248404439054 -0.283900726767923 0.225535998278127 -0.112383301900758
0.742337214105164 -0.418518304221803 -0.482647695965938 -0.0633544969719693
0.410387185835786 -0.666521546980901 -0.35138516195501 0.15329727432628
-0.0960711144012549 -0.756790881360178 -0.0665496241603291 0.232251515217351
-0.495598764159356 -0.446987005312826 -0.0176681545336453 0.13927236490313
-0.556727702739402 0.0279760403623676 -0.00435585280045527 0.0768749325584796
-0.389283320705654 0.235788885483794 -0.0922797273308752 0.106384945231934
-0.339967022419693 0.363545789462949 -0.0646775217426471 0.194581858385962
-0.272526769376647 0.412223784231863 -0.0518841703832832 0.222494506179381
-0.307659066904892 0.38449241972009 -0.0802538528393491 0.207646290661563
-0.40822682293986 0.174120908221394 -0.167878080453171 0.205804974364622
-0.481443585502033 -0.0384083169880428 -0.235256225709742 0.111019807954242
-0.390991358914091 -0.469099946828586 -0.248492209328523 -0.0632438662837185
-0.0179924008141625 -0.666907198060609 -0.0777036936850726 -0.177487972708922
0.437226328486296 -0.477198826125111 0.0739052320095466 -0.108875833929606
0.745726882952679 -0.269322507357404 -0.026012483529581 -0.0280467261481068
0.566901620691507 -0.38243190759957 -0.684109088531154 0.0440428815940069
0.282256143762094 -0.546438125944826 -0.433122408098866 0.279316586435255
-0.0936360682333403 -0.566735605181032 -0.0690419691054588 0.234860842363227
-0.36370804975948 -0.317223638773186 -0.0610584090919327 0.100686349924982
-0.404973043697794 0.0137492132482335 -0.126486970122033 0.0672364258899514
-0.299213465121527 0.15555237944117 -0.232552175597885 0.170942401130739
-0.277858151921877 0.246641880704232 -0.178141189262139 0.317783106325641
-0.22566597246438 0.284675284422131 -0.13010535995337 0.361014538049646
-0.251841179304504 0.251391336124722 -0.176928740200388 0.327722110944307
-0.30710269696918 0.0859417125827754 -0.269007332241735 0.254464765166855
-0.320328823053448 -0.066623370594705 -0.311709435227519 0.0898252207593264
-0.223322398834006 -0.341477770869266 -0.249788508574743 -0.0744538237244147
0.0216306133502382 -0.448188529444634 -0.0691958587652703 -0.141527576078373
0.319738523738518 -0.313572594371148 -0.00816529418938105 -0.00251436550415976
0.563898323799438 -0.212134776494308 -0.240314899742861 0.0573396311791178
0.30397074645525 -0.282462862528675 -0.805444584591103 0.134084418284618
0.108963398921862 -0.333594492978115 -0.47584895393235 0.369359838766972
-0.0760623555948626 -0.283826729606011 -0.065482211630275 0.223117820018944
-0.174245050763944 -0.136406265621593 -0.0802791556851321 0.0617119820534192
-0.185002125422382 -0.002302031155424 -0.212536007866782 0.0451052638872832
-0.157851882851359 0.0491011390301987 -0.330582139657424 0.201369731865703
-0.170324350003697 0.0896575252651899 -0.264552273594331 0.390312376699116
-0.144946213043606 0.113481056554808 -0.188507151301434 0.44503870694782
-0.159033583825567 0.084571896175802 -0.245635569218597 0.395352902158847
-0.167960558619602 -0.00540553923837283 -0.328902701551475 0.258887464978045
-0.130483397838084 -0.0759083710514605 -0.34094586654918 0.0459161788290032
-0.0512630099475459 -0.17398141601755 -0.215529526294226 -0.0888145448203182
0.0408881108385287 -0.189507533895533 -0.0462619477310765 -0.110747182907343
0.157110772354523 -0.131262334123249 -0.0638218337891211 0.0780900360765746
0.301075792869034 -0.12998830319786 -0.387424059198699 0.13180023408905
0.0593570323199818 0.0791651365676993 0.486197266746138 -0.278398092702041
0.0628003182535227 -0.0266201904797774 0.127851062633729 -0.234500839787126
-0.0160819182299375 -0.0734962996222403 -0.00480665169243826 0.0752689533381555
-0.0943904920934022 -0.0284658364087832 0.160623528399022 0.1332682446103
-0.063996923087823 0.0734060508452061 0.348380393397219 0.00855994178674107
0.0117320640732154 0.08866456409367 0.400043841194698 -0.221835600423686
0.04661925516075 0.0847240143805643 0.298667887758646 -0.414768496053282
0.0484238591378082 0.0672457847510098 0.199368630865031 -0.471637977767357
0.042766138274624 0.0698994130705123 0.263013333260579 -0.430036257479785
0.00876100613361452 0.0618201934853653 0.315508459092208 -0.267094669464851
-0.0410677539201354 0.0322881279935324 0.260289891709895 -0.0614843069566693
-0.0422981733221033 -0.0290441284408628 0.0999392392950448 -0.0608416415161659
0.0352412748612416 -0.0208131094643291 0.0789289950640324 -0.183220394014353
0.0173180333045486 0.0484700422255026 0.37810664432392 -0.328444896057735
-0.0400667968668526 0.0909328049610133 0.811227632240037 -0.175237321748062
0.342660072541446 -0.0582515802321996 0.402821840633619 -0.293430709015483
0.232875717182932 -0.218696675803013 0.0777609268098296 -0.237410466334813
-0.00287970554432819 -0.318300696854836 -0.0306607121435469 0.0890414797845672
-0.226061985665398 -0.202314369882263 0.124797087977953 0.154952950883854
-0.253015386819685 0.0590920751712596 0.338362672547359 0.04070399636073
-0.136979412218382 0.170311640916022 0.383269634406236 -0.1832180409792
-0.0834576971190011 0.238153546541876 0.297461383613357 -0.361977788770523
-0.0563137171856911 0.253717270044705 0.196471411951718 -0.413962599654575
-0.080348350850363 0.255420318911821 0.253530139174176 -0.381346802654211
-0.167186402069864 0.161595075067901 0.286291743777537 -0.207759516616674
-0.258848856765743 0.038309293851811 0.219455657846705 -0.0203993628176211
-0.23543887435393 -0.218428253321347 0.041971466432456 -0.0603335044382023
0.000710059293036064 -0.316989767890976 0.0583901411349964 -0.210608321916199
0.202335926204594 -0.183931619874624 0.385574212773568 -0.368244552438552
0.282637096050681 -0.0498555649177742 0.792840434228333 -0.221748124665238
0.582430170585896 -0.19776826375793 0.236235649548889 -0.286156040592575
0.371969658871426 -0.408307133455106 -0.00853826250741226 -0.200254812639908
-0.00926412306312085 -0.54256861599178 -0.0477330680121944 0.117333704892998
-0.354879198443117 -0.353432194028964 0.0959283976765749 0.1677138777292
-0.422168548086656 0.0499045779819733 0.303304480357487 0.0571313922149539
-0.268456228491286 0.236639230691371 0.31722401061333 -0.131539256031202
-0.201799234676367 0.359967627450015 0.251471356188548 -0.260924777159115
-0.150726747615955 0.400757578926272 0.162900844043379 -0.296427733567941
-0.190389261395324 0.398879648206701 0.20372429222518 -0.272079907477247
-0.318567688246159 0.234908279418747 0.207586596670163 -0.114583429264272
-0.442823140136982 0.0395375924780229 0.131977372429387 0.0244873049583886
-0.404028494487464 -0.382430555251697 -0.0390049124328779 -0.0615823336050695
-0.038845844645837 -0.576793122159994 0.0192976419508926 -0.232059250055222
0.357701796830364 -0.395105117076603 0.346878618823185 -0.3718112299646
0.56338313913515 -0.180316307807457 0.675654433819885 -0.230843275036138
0.743265440048393 -0.323640755050255 0.0114950165315377 -0.241637540410856
0.453280360816292 -0.583187384799606 -0.120663441238481 -0.112939648171754
-0.0473195768407723 -0.725192469817724 -0.0553319517427397 0.160706059288859
-0.476151801162713 -0.456553783032825 0.069171072958848 0.173710316392803
-0.553469958996544 0.050982535545328 0.235794740110655 0.0648306675659223
-0.366469534959184 0.279938434703725 0.207616910220431 -0.0605646237789872
-0.291045421742669 0.431870015333183 0.168477496956836 -0.120509933215041
-0.220616738702037 0.486906441855363 0.105306343216663 -0.133136344348229
-0.268658499279855 0.478066128572751 0.123845972408406 -0.119639275410137
-0.419957734383154 0.269060073745047 0.0936873881516618 0.00192927263970402
-0.558923659749521 0.0312643273124418 0.0122509838292161 0.0701646414801068
-0.513408297216068 -0.489006594280211 -0.129079056419089 -0.0584516252351762
-0.0717535291901264 -0.749123901323141 -0.0277283246986323 -0.235295565327228
0.456778885381686 -0.543895496380149 0.26904417294065 -0.32500483417403
0.75304684259816 -0.278923181987737 0.475299063773266 -0.193726700926064
0.801531752854188 -0.420068012829477 -0.245361057333289 -0.159289029418112
0.46148948378538 -0.695637660746964 -0.24335487481779 0.0183009782415802
-0.0996783571147429 -0.81457170975969 -0.0570615035646778 0.206732209231318
-0.54839177080675 -0.489543231898674 0.0326033026312518 0.165746324625848
-0.611177775189993 0.0568949442479544 0.130448157392688 0.0703329923174107
-0.412013822928522 0.290143611225567 0.0641495804013969 0.0249437471435331
-0.335476189900435 0.445758905360203 0.0596109707396324 0.0393646836318181
-0.257431915646037 0.499396654320146 0.0332966018145588 0.0500262131070456
-0.304455071221859 0.479923092485934 0.0266501217200409 0.0525155095787952
-0.451738143891587 0.255860036983565 -0.037128151225934 0.120830534122054
-0.577656721820321 0.0115344608155519 -0.119530475051713 0.10845379561424
-0.523700167842988 -0.517561859112494 -0.209486528727841 -0.0533286908402518
-0.0778634267125089 -0.78905352628454 -0.0692357931526487 -0.214813544165855
0.481544528006114 -0.582834358161619 0.168048377491076 -0.23221539098358
0.818543974228034 -0.321236630235853 0.225726218384568 -0.119558970807821
0.741607643056574 -0.4515310932383 -0.495083221040998 -0.0486067255115685
0.396381617997517 -0.696270515469514 -0.352801982651222 0.168663757289669
-0.126999835622049 -0.765657487205419 -0.0592688671242541 0.234119833045499
-0.521197982749945 -0.440081155565213 -0.0146791884992815 0.141901180747775
-0.563859551130824 0.0530540804600042 -0.000134249818587152 0.0751648769215088
-0.389504136299892 0.253752072144222 -0.0924134999497531 0.114442981001362
-0.33162731515241 0.387701481268215 -0.0584360226693885 0.198617544934739
-0.257189332476018 0.434939164206051 -0.0449165901176457 0.226683739960489
-0.29597388395919 0.404732887183333 -0.0746648164412082 0.21394182417506
-0.413129426596165 0.192989237192488 -0.162166628044194 0.2172383938079
-0.48967170491901 -0.0216106794986099 -0.236279314190143 0.122279639109824
-0.421661582116556 -0.463540652285018 -0.25564104604138 -0.0542996190182983
-0.046408516977514 -0.67783729510566 -0.086779538881322 -0.181060236069565
0.433198165004598 -0.499441862899902 0.0685906574742261 -0.115348654231049
0.750105434750523 -0.30760566593359 -0.0283948200520237 -0.0253843129310118
0.563760023058716 -0.408733506461267 -0.696691769702079 0.0672276655926262
0.270342248815178 -0.565170249325583 -0.431478324421674 0.298770140661337
-0.117448175614328 -0.574967481755196 -0.0623114693059826 0.2379149464664
-0.382747558023702 -0.313181292062084 -0.0592363416567018 0.104618613227551
-0.410202908519131 0.031795663459213 -0.1262268175976 0.0716407482769758
-0.300499838439778 0.17097311210555 -0.231952645443677 0.185879336714718
-0.273299222068244 0.265993511524871 -0.169250181589494 0.329366581396329
-0.216068404839405 0.302211341262296 -0.11723330818729 0.369168578847418
-0.245256121878131 0.267820495714315 -0.164874254490369 0.340451820563441
-0.312036803125137 0.100157629959053 -0.262396699060484 0.27127684441246
-0.327814583508454 -0.0556065853662541 -0.313262757031309 0.103919614132644
-0.243859053813435 -0.340690033009381 -0.25664440514259 -0.0661633163575561
0.00171428853890502 -0.456764883373478 -0.0788264442326781 -0.144850618537443
0.317984136604648 -0.332557725697402 -0.0121399879832812 -0.00492727326410804
0.567054714777421 -0.239395473350212 -0.2432352842551 0.0692773673899309
0.300416227318325 -0.29745722156542 -0.818257469975952 0.163590426470537
0.101731511787026 -0.345023346410667 -0.471945387520915 0.390039173161355
-0.0893084506809754 -0.287362425597418 -0.059311086032981 0.227280865583033
-0.182602318007354 -0.13598294959178 -0.0795189506887816 0.0656667567678085
-0.187244835062134 0.00557187580450364 -0.214827244689923 0.0534618609597999
-0.159701852364721 0.0575684026669069 -0.330129956351553 0.221902729834043
-0.16934911723108 0.101049928414107 -0.252406411321993 0.406732225930687
-0.142015854873317 0.12362618248988 -0.172096685558263 0.456643590515821
-0.158840646216358 0.0945737542079054 -0.230982528987572 0.4115156636413
-0.172593846534945 0.00175396994631261 -0.32153365671918 0.277687563690159
-0.136262324983435 -0.0728573987129344 -0.344846542228666 0.0616644151469618
-0.0616894971170897 -0.175974411411336 -0.221727056730228 -0.0828253258927809
0.032740344328063 -0.193692250932752 -0.0553512784270027 -0.11391866968084
0.158060535040531 -0.1409273914378 -0.0653752444982101 0.07934624493909
0.302885705361695 -0.147063463816612 -0.391529468892821 0.149762313290515
0.0614944186309412 0.0755294792749602 0.476748071090771 -0.304617411829249
0.0597807148813783 -0.0294363778992718 0.11788298367123 -0.240146666676222
-0.0197074923288985 -0.0738238676208561 0.00159186606322601 0.0773725225542223
-0.0962669952612417 -0.0229583172144692 0.16873126834386 0.124335477571688
-0.0612054312947136 0.0765256390608739 0.34837923434944 -0.0125176914164287
0.0157981721136679 0.0868826225005965 0.388556576022285 -0.250409458316689
0.0507767456548058 0.0821939345085509 0.275669431998371 -0.433253935632834
0.0519215429988551 0.0635047097317637 0.173516856534216 -0.481659855124843
0.0481017877009225 0.0662175876844547 0.234000521126949 -0.446081428606699
0.0133596460170009 0.0604899276253618 0.298732107247584 -0.288169586487509
-0.0392342281866352 0.0346892673471723 0.258643322001898 -0.0771497178723664
-0.0430060001199899 -0.025234807347524 0.0965474799058173 -0.0657474740963489
0.0334436413620241 -0.0222409019845588 0.0734664884019387 -0.187305567178527
0.0180036801541773 0.0508420452278279 0.366975488988942 -0.349313403547468
-0.0371783004577974 0.0945896630834096 0.80776238124401 -0.216282099204072
0.33810788549568 -0.0774613522938887 0.39288046611709 -0.315449581815698
0.220865731170394 -0.231156521630259 0.0679963735608079 -0.239973082188643
-0.0201715016210452 -0.31968094584549 -0.0241043840922214 0.090655230157091
-0.237937740762107 -0.19266816183774 0.131824911929306 0.147221734116831
-0.250886849266187 0.0734325534948942 0.34151521806182 0.0175399370515629
-0.129652006150138 0.176552331770786 0.372856820587802 -0.209617301176378
-0.0708106982975779 0.245878292106631 0.27641356068251 -0.381717768188731
-0.0398352048774483 0.258577635095295 0.172487207772695 -0.424382608335803
-0.0642326470928426 0.260326273333706 0.22757002017291 -0.3973755248428
-0.159773664743718 0.171541193866389 0.27385389834809 -0.226680445789471
-0.258923553360855 0.0528366250939662 0.219086745488042 -0.0339625768356508
-0.249642454925911 -0.206217239735302 0.0380961176018497 -0.0618368766155324
-0.0185304471730743 -0.318574284309421 0.0515326570908261 -0.214150775687545
0.193413676720334 -0.193490906992419 0.371636450428302 -0.390154254409106
0.280938209187391 -0.0655279251675337 0.787507588960809 -0.263167910373573
0.570571241271264 -0.229040885387107 0.225017484512832 -0.298397674909441
0.351100345071418 -0.430521443820504 -0.0164817403197349 -0.197846924959183
-0.0386830395445214 -0.544978603099856 -0.0402168241780914 0.118577222783146
-0.376791345308876 -0.339653571061034 0.103010735065504 0.163741546308824
-0.420308168365389 0.0738320663354156 0.308054440741959 0.0359617920626084
-0.259093579813101 0.250153790309742 0.310170400203102 -0.152252499374302
-0.181791724713632 0.37652652240152 0.235994609889768 -0.278214068080262
-0.126020572677323 0.414110049848706 0.145168561886564 -0.303773563392388
-0.167193611169672 0.411720599032996 0.184222615690889 -0.284333929373924
-0.310277698198846 0.254667853336723 0.200100072046282 -0.127228331649381
-0.444369025305274 0.0630518975433642 0.134303670962524 0.0158930741840049
-0.429824550727166 -0.36140458067646 -0.0434748249955254 -0.0591969687026798
-0.0733481125227547 -0.577509673048991 0.0113781743353822 -0.23512601496737
0.341030384399704 -0.416011181443186 0.330920665651812 -0.390391139525319
0.555930854930098 -0.214299558886962 0.668111317258525 -0.264779114027508
0.728288616504707 -0.366649341933266 -0.00155133334656536 -0.241513781865505
0.424781585257251 -0.610416593794646 -0.125760282678595 -0.105233059715297
-0.0900970196149274 -0.725898145587136 -0.0459349695194466 0.162498579320765
-0.504299125568307 -0.438753899545068 0.0758629969926628 0.170257360965664
-0.550402226487889 0.0817853633348805 0.240286092368286 0.0474375979802511
-0.355773320369138 0.299704691016884 0.203642836610978 -0.0733095344508561
-0.26841074592725 0.456094839993399 0.160708649620838 -0.132404780964661
-0.190897882951083 0.505446571922247 0.0966605446234584 -0.137672129025577
-0.241111742980591 0.496735551554359 0.113711095600838 -0.126437348106777
-0.41133989859966 0.295121695701162 0.0927690340362038 -0.0029037495264251
-0.561969166228685 0.061786165704575 0.0158978499590413 0.0697813006297085
-0.548531798770113 -0.465041278972729 -0.13472189936414 -0.0501727948329471
-0.11588970481751 -0.748986850951554 -0.0388256106743147 -0.236136947846601
0.434145352846132 -0.570393512952569 0.254205337713513 -0.341186999994305
0.741504400019483 -0.323670575625615 0.468791528111155 -0.216796640275234
0.783962013557396 -0.46224824420009 -0.256456453303372 -0.146552934885249
0.428144368932978 -0.725483748373432 -0.242861019873248 0.0331862029804349
-0.146037798817667 -0.812670375405954 -0.0465670035632523 0.206579271103117
-0.579006603051109 -0.469508036658155 0.0381991348755103 0.164957155274404
-0.607666059849902 0.0914906288521571 0.135576192536898 0.0582969783701499
-0.400422444875724 0.314780868299871 0.0637495467069706 0.0227333372141834
-0.313848161752001 0.471337201304959 0.0604258207311512 0.0350559288079814
-0.227312286985413 0.520535376587907 0.0335992051163613 0.0497539361094361
-0.276757698211744 0.500245576571928 0.026430264057119 0.050962492213258
-0.444220261647166 0.284808766374751 -0.0312761908624432 0.124222740509964
-0.580469459453822 0.0423148842412053 -0.11471840281223 0.115269003429447
-0.561452033887394 -0.492741544505543 -0.214756328356888 -0.0415367450563464
-0.124945390504188 -0.788104806200036 -0.0812726320397574 -0.214843161867582
0.458942705432114 -0.612677359578784 0.15527522334182 -0.242707129612248
0.805040074187332 -0.371283804962422 0.220730399780882 -0.130014544670722
0.722611815623338 -0.494305080741415 -0.503330455857818 -0.023093986745821
0.362755892334007 -0.723008489679516 -0.346850778583409 0.188769084237003
-0.171476355482059 -0.763115903078384 -0.0479453619021619 0.235257738745304
-0.548473037225174 -0.421405199074278 -0.00991571946943655 0.143512939249588
-0.561652344048775 0.0855260529995182 0.00494881874165681 0.0711520050957302
-0.379985665669442 0.277263416177005 -0.0879716928303248 0.123327791590177
-0.31196359900422 0.414112974661268 -0.0493259291829384 0.201447081223977
-0.229325244066743 0.455345791761257 -0.0339474859599095 0.228437524554635
-0.272452295315457 0.426751396108018 -0.0631225267208946 0.218978643211861
-0.408041603962695 0.217181800655218 -0.151197682940648 0.228990917310076
-0.494511178005715 0.00406929758902946 -0.231055321594144 0.136232761547694
-0.453431192281696 -0.443914072667022 -0.26088076587747 -0.0407938006946408
-0.0866020094137704 -0.678098677924843 -0.0999714032993162 -0.179988339561176
0.411496216297809 -0.528207869476245 0.0596543929288489 -0.119777375109991
0.738391479139166 -0.352579346923067 -0.0297471894603482 -0.0220438123194352
0.547725358641234 -0.44003450302989 -0.700756386547588 0.101763528500235
0.245314917605152 -0.585955847760915 -0.421487228965201 0.322519283976845
-0.152077560262979 -0.571535290148311 -0.0518265929935493 0.239700452329033
-0.404131351456409 -0.301289524335715 -0.0559208312483611 0.109679087013249
-0.408116552388243 0.0552351512137799 -0.121670761128203 0.076122118451054
-0.293667874930646 0.190180516861578 -0.224121330353971 0.204704955779007
-0.259394617437284 0.288041233640865 -0.151470899070575 0.339508520072279
-0.197652347414026 0.31923635495413 -0.0968770501748322 0.375325671673765
-0.230449151613546 0.285240620877588 -0.144783300774692 0.350464712596798
-0.310845327470752 0.119870034415879 -0.246012583442779 0.288042056155289
-0.333036637946926 -0.0388236128476017 -0.309798987012697 0.122596351044718
-0.268778124451028 -0.328456409052582 -0.262633736202032 -0.0526253962325064
-0.0260638923141315 -0.458660597342685 -0.0909931762364325 -0.143884856123015
0.304858618277184 -0.352284654973978 -0.0162427245132471 -0.00536706977763513
0.555854189780231 -0.275972706967558 -0.241578386572953 0.0835318485043145
0.288532624333622 -0.314627397358028 -0.817803544370634 0.203735035102592
0.0872085640997054 -0.353589959389416 -0.4562940210091 0.415332644574974
-0.106880834917961 -0.285682558171754 -0.0508623322788566 0.230210039132946
-0.191917105171623 -0.131060995650067 -0.0769013250701577 0.0712200016086065
-0.186176284241004 0.0169145754271911 -0.21365608222094 0.064990280127029
-0.157359278313841 0.0678403460058928 -0.320213056700802 0.24702768114674
-0.165572022085548 0.113765426420466 -0.230333804103026 0.423565777113985
-0.134888273940837 0.134754335723544 -0.145782689146197 0.465183242165888
-0.154743672164555 0.106259713533154 -0.204442768232559 0.426813101425359
-0.175631947868577 0.0123884752978768 -0.304637530559123 0.29916884346497
-0.140558829027151 -0.0666315315486194 -0.343225513702208 0.0825330510915795
-0.0751224933372457 -0.173688650791723 -0.227625106977058 -0.0711695457784413
0.0206234300909048 -0.195949641958248 -0.0664087259182426 -0.113978175489453
0.153606318756314 -0.152125897399283 -0.0651680071396192 0.0823066796807963
0.296714907130463 -0.167138300856358 -0.38479660859339 0.172629869253981
0.0750573077215966 0.0521448443610058 0.410096183284575 -0.367311410627942
0.049264706816421 -0.044147263284674 0.0801029682048738 -0.24714566213256
-0.0308522619827179 -0.0684003491201834 0.0209858600390371 0.0750600404420603
-0.0924471186529132 -0.00335420639460955 0.1861798701597 0.0885209113217363
-0.0397522459653115 0.0800505812147692 0.332768588043273 -0.0728644518874565
0.0324404907773455 0.0688780602396356 0.328995237659582 -0.30671632940639
0.0632344738424394 0.0635624762802268 0.192576248051672 -0.467025716076334
0.0556637883389963 0.0460316954016124 0.090999365373507 -0.486029507563133
0.0546073636791107 0.0493366929417412 0.162138911838911 -0.466233239713833
0.0194869274665543 0.0531062928569601 0.251230289129846 -0.324582620730982
-0.0329643211626372 0.0372637988631463 0.241518905855479 -0.111498288946579
-0.0458323980027944 -0.0177981613855974 0.0873111475128757 -0.0745680002291437
0.0255714391224602 -0.0254202796688363 0.0499696878012925 -0.191972302890217
0.0185832592059513 0.0503901019075373 0.319113949038054 -0.3925743626676
-0.0277296508150264 0.092684523130183 0.761966923006687 -0.30746185168349
0.313889513511222 -0.144295371064603 0.325450135044292 -0.34881898140208
0.167255407793651 -0.266757146701305 0.0375026220416157 -0.227406896138246
-0.0759606923377492 -0.304880045536703 0.0101488967831138 0.0963692978205382
-0.26187395464889 -0.143385583402742 0.165513655741239 0.115604394490776
-0.221930060718103 0.10914141583142 0.332148323991836 -0.0523138070011538
-0.09337769205061 0.180258756577542 0.318361228725814 -0.270588129783981
-0.0264644676986669 0.248638034000428 0.202812600858056 -0.424831488493965
-0.00139576262069546 0.248921888168684 0.0963678324470547 -0.433280024413944
-0.0218628845963915 0.258673443747159 0.161064125468999 -0.418384840750851
-0.132273904585382 0.190155302439201 0.235918269068869 -0.262823437357945
-0.242527675172257 0.0903129807131624 0.212047296153732 -0.0663655289174964
-0.280485523418148 -0.161234703975468 0.0360697856227716 -0.0587503896536689
-0.0710029673052699 -0.304410461179023 0.0237211748505087 -0.208962261677459
0.15439024766126 -0.215122841096333 0.309289090620827 -0.434348119178992
0.260181830794685 -0.110761097484368 0.728450566288366 -0.354936546194404
0.511370174962208 -0.331659158933916 0.1664523922684 -0.294015899232146
0.257325638081348 -0.481084342556932 -0.0318817476537166 -0.163867095221179
-0.136182219234183 -0.517392410765161 0.0108384666649366 0.129267785874022
-0.422744628249417 -0.260748385809815 0.150344326852058 0.133786945682858
-0.384218965964535 0.138187813160324 0.304919612789497 -0.0378072971080268
-0.206973215301401 0.27442622940831 0.265719751315595 -0.208486938424637
-0.111571355187359 0.399225926431975 0.183146789113143 -0.324213311180638
-0.0581275028115126 0.41357818347648 0.0855988242471693 -0.314554371579332
-0.095114613336522 0.425413962832866 0.133650037111553 -0.303034024078753
-0.26523847475707 0.298495059729428 0.180237823713368 -0.157349590153152
-0.420569150638615 0.130862400106037 0.138308877046471 -0.00834450727025255
-0.483631393199372 -0.282319070146778 -0.0384892407535226 -0.0418558390678511
-0.163841435986909 -0.548777491284046 -0.0205420160100889 -0.217513336775147
0.265435829774873 -0.45376749626741 0.262926371075552 -0.433083946606675
0.509920141873992 -0.295171131877509 0.605477852056705 -0.346529521611601
0.635062465079715 -0.486819369761823 -0.0397671569574199 -0.194481690156209
0.293382686871845 -0.666400152129175 -0.116858846463233 -0.0499399726619692
-0.215062728852783 -0.682231043740618 0.0205569886612627 0.172528517000434
-0.567126417748166 -0.332386495106024 0.133599767863883 0.141687105357447
-0.509742382480947 0.16976850992722 0.242425892981983 -0.0229720934276794
-0.294332445712433 0.341029644671543 0.176424960830485 -0.117604076363499
-0.182074300654274 0.49747417532088 0.135883943860569 -0.175302458848714
-0.105716320676273 0.513038609815955 0.0633211863485515 -0.149465325253848
-0.150575801672827 0.523700958477018 0.0864358271712467 -0.140496164387177
-0.356768735182892 0.356425057206968 0.0936411050381358 -0.0213664916850612
-0.533913330781997 0.149612858503117 0.0314249404268473 0.0589993581190631
-0.617905247708601 -0.364344997908601 -0.123773573301162 -0.0203051675164682
-0.232323620502264 -0.709443375637989 -0.0715893779797228 -0.20774659162644
0.334347522738652 -0.621118617544341 0.18663931517678 -0.374663301434781
0.677391622148951 -0.430093485504251 0.411429344554027 -0.279789752827181
0.672880335589383 -0.586233007814954 -0.270145229442369 -0.059253831915697
0.277999793507709 -0.774600823857356 -0.205394541156664 0.104620910674961
-0.285953946384168 -0.758936900107286 0.0309702587785047 0.21603843803298
-0.646273074757243 -0.352395384670181 0.100080759050227 0.140744012213562
-0.565993993322958 0.188968088759374 0.142875770515591 0.0026943821118429
-0.336233135582218 0.367384489150274 0.0582097160945302 -0.0033002104216191
-0.221787597887916 0.524327451488105 0.0672776796318441 0.00116099582376438
-0.134648023343374 0.538225863716975 0.0311241256053222 0.038111275189157
-0.183713561984329 0.537181189651738 0.0274480498212387 0.0440974490839451
-0.389238840488923 0.352460768281971 -0.00915333215871425 0.120149068893346
-0.555496304771613 0.135165452252087 -0.0889714172124773 0.121461881807725
-0.636129429010533 -0.388310506610311 -0.200701946008492 1.44624554416118E-05
-0.247391952050064 -0.743248680891704 -0.112346346206921 -0.179890863607377
0.354365748089643 -0.664767925913177 0.0999981802770233 -0.264752233985887
0.73508071329535 -0.487140414551241 0.178198680397138 -0.166377354229572
0.603513517250122 -0.600831690024619 -0.486399771193534 0.0948693516502832
0.217828325299659 -0.756303040425302 -0.280488653781141 0.268606413488523
-0.303532241757485 -0.705069577247191 0.031763667845249 0.241716560135533
-0.611355120521774 -0.310403639054716 0.0472014796954095 0.128181266579448
-0.52340336945276 0.176943170922917 0.0177767005730739 0.0389519886052347
-0.324542094624722 0.332826602450278 -0.0698788801039431 0.120844520408474
-0.231563184788148 0.471206420626779 -0.0107723773307567 0.182856662812068
-0.147706200682972 0.477108911743918 -0.0055639729403255 0.220508359140257
-0.191660275371071 0.464580370147089 -0.034753312874874 0.220328941200216
-0.362971027776637 0.28363624530283 -0.111182121543062 0.239043601750118
-0.478176535212209 0.0857238479648569 -0.199985487631902 0.15928203526486
-0.521906505168229 -0.356851719863413 -0.248855047300965 0.0048772177449398
-0.193466578310963 -0.641912386790297 -0.127266206841287 -0.145678898489514
0.322988063235434 -0.577456985225807 0.0230537298403607 -0.132210029515521
0.670545200407678 -0.45420181618305 -0.0506812766109773 -0.0294825905274422
0.444182618138293 -0.514273533754788 -0.656721646664618 0.237748080122799
0.12926470263061 -0.600151562400528 -0.337192963487113 0.401380355898569
-0.250135793399202 -0.523851962798143 0.0178775201826485 0.244448084940033
-0.449709051411058 -0.219422333789958 -0.0115881843272673 0.105465502027418
-0.383510126059714 0.124136183463521 -0.104345312138987 0.0723727654243757
-0.256042417616474 0.238791380884004 -0.186122275190802 0.225284666726973
-0.202547306976698 0.33935281285519 -0.0871587132242426 0.338401033702775
-0.136113716596565 0.344737727055521 -0.0418632454196135 0.370055790857416
-0.174038173071075 0.321939496145888 -0.0931857576727797 0.35946801562648
-0.282780010769807 0.17266247875256 -0.196425996437029 0.312440873016572
-0.326430516173639 0.0181529914696881 -0.279915945967912 0.158896696185479
-0.321014731974443 -0.27416786287563 -0.255965272614121 -0.00984204162104261
-0.0985390371312194 -0.437352119335316 -0.11476957699985 -0.117722730755428
0.245923800485711 -0.389811594989851 -0.030766871893617 -0.00801480525868293
0.505015781031765 -0.351519353145762 -0.239297229012506 0.101674134375146
0.214724658458524 -0.343739838173738 -0.751065833696512 0.339323773967883
0.0204409914874426 -0.345176290717862 -0.366498833530099 0.485466252834911
-0.153940948740803 -0.253694566991269 0.00192409409308617 0.231481388947633
-0.213647462299689 -0.0933776928326231 -0.0509362074611286 0.0764736294069925
-0.178499456289974 0.0503304586281471 -0.19547338294867 0.087349830592844
-0.144509277047782 0.101470898126712 -0.26903738929828 0.287808157188375
-0.140720361736512 0.152011750096978 -0.151305772402235 0.441927434678583
-0.104969253098123 0.1579587340299 -0.0709484469355766 0.465158037835526
-0.13005094628532 0.137476404740166 -0.137144056625405 0.441040058607334
-0.166628539840279 0.0462056224103763 -0.253199732499495 0.332556870003792
-0.146155426414467 -0.0387799264496983 -0.319437352429694 0.12829993646339
-0.105159434352733 -0.153518524168409 -0.229581012191265 -0.0354132088449804
-0.011970727979579 -0.190685922066595 -0.0868986321085338 -0.0973311153385067
0.128619357412429 -0.173779083943626 -0.0608371100732608 0.0867880852524203
0.269012890207079 -0.206451581410035 -0.362370554011564 0.20932984081828
0.0717404365359164 0.0485207740007597 0.387088815269122 -0.368646570768575
0.0440761459568499 -0.0416273496282128 0.0720438865761275 -0.242031801935685
-0.0328368844099548 -0.0661786610652778 0.0257507735795231 0.0706604108852195
-0.0884445604384272 -0.000534377071520315 0.182742029966043 0.0782820805154942
-0.0363113522868318 0.0787700793308765 0.315527341430133 -0.0838883587966775
0.0318593262066967 0.0642010158550246 0.302853825942632 -0.311661671980306
0.0638091685047227 0.0580816966830059 0.166559046547087 -0.459631735560206
0.0548437736476949 0.0418842409208646 0.0707914213504348 -0.469879115579447
0.0545867321216761 0.0439630230608517 0.136635836376898 -0.454251038565999
0.0212445939782254 0.0488016819252466 0.228012506076382 -0.323137417742558
-0.0301287087149577 0.0371486494294512 0.229529912135552 -0.117326495808515
-0.043216215107572 -0.0157270150032367 0.0809940576732964 -0.0740972045773047
0.0237344578092435 -0.0245860254478335 0.0448536587514191 -0.188187831069111
0.0199368555368625 0.0512366692947056 0.295990432763681 -0.390602689213233
-0.0243714204987301 0.0916112793661115 0.727373792094671 -0.320788467044786
0.295114933397336 -0.148974846186724 0.304913710849377 -0.347476795219295
0.14986235927799 -0.261423004888372 0.0320279818136971 -0.220629186958673
-0.0856792425896193 -0.291164292175869 0.0150219838697736 0.0906428327161195
-0.258591127332609 -0.129634336378307 0.163323577700296 0.105564139158856
-0.209679677815168 0.112983201851229 0.315533941310393 -0.0646912045020799
-0.0861179974687469 0.177283900996128 0.294688659468153 -0.275559561006928
-0.0149591383436181 0.242085449472259 0.175523487923695 -0.418604471798781
0.00995562464481231 0.240732394063065 0.0760141339379201 -0.419290088927611
-0.0100867836986628 0.248796951855994 0.135969917532071 -0.407562188808042
-0.120407438416208 0.189762032984712 0.216146444700502 -0.262340269002977
-0.230873410775766 0.096663648468043 0.20222743965379 -0.0734569634025246
-0.277089069246957 -0.144925037078437 0.0319478710565805 -0.0573202669838019
-0.0807714759733262 -0.290609007844679 0.0184166836011676 -0.204188314948834
0.142135220793217 -0.211343508182784 0.287166631845993 -0.430249142540496
0.245709408742056 -0.116268746703725 0.693640384014978 -0.365472155488059
0.47944420826633 -0.33588861056892 0.153667503010933 -0.287382749383297
0.229228799291704 -0.471456241020442 -0.0328129109095194 -0.156268572064741
-0.150975552475291 -0.493392034016633 0.0151768845551912 0.122184604223191
-0.421105034422828 -0.239500146772085 0.14869181694322 0.124951904333507
-0.364942624349651 0.14668640093784 0.290200993446913 -0.0513793451843058
-0.192470382362571 0.27291052332474 0.247030710239934 -0.212402724199077
-0.0910160610885877 0.393020873000754 0.160232157769771 -0.320713218453898
-0.0375627044726961 0.403492164651088 0.0697785892042161 -0.304263567720538
-0.0733039142385177 0.413751756337355 0.113369611577247 -0.295860407942847
-0.24580309886561 0.299832078285082 0.166129494402553 -0.157729638030886
-0.402403868606388 0.141708658493034 0.132339037772344 -0.0138988712623174
-0.480672305620929 -0.255084702319237 -0.0401269499008733 -0.0379397167817081
-0.179131145924764 -0.522977838608297 -0.0258629210945723 -0.211082749075674
0.242698948605192 -0.448212112435291 0.241160403968761 -0.426954844184403
0.480131314186728 -0.304943435740208 0.575449422666268 -0.354274366534116
0.596815866013666 -0.491334390614492 -0.0439479201769092 -0.184354472733821
0.260512629718328 -0.653546944973528 -0.112043677037225 -0.0424139839867554
-0.233488740099382 -0.650534683080044 0.0249940900703148 0.163785434871254
-0.564274531025949 -0.307054502679212 0.131865912408944 0.13469684826251
-0.483759478585781 0.181005138588636 0.230011562932932 -0.0352875818116184
-0.274256263568702 0.342330945016268 0.165766392981656 -0.120172512369538
-0.15321582260876 0.490388455708417 0.119619190752739 -0.176087494400172
-0.0785540499850062 0.502613850811291 0.0545039200796199 -0.143824659331189
-0.123941256781917 0.510621265727508 0.0744356398522649 -0.137108065638281
-0.332771925729542 0.359232866489375 0.0888719664515739 -0.0227625362411947
-0.51085548997389 0.164154465647431 0.0314976334340183 0.0550290557941927
-0.614963791697889 -0.327772481844005 -0.121722898618359 -0.014229068077601
-0.251854642038653 -0.674410245595568 -0.0752414043369893 -0.199755237558151
0.304069324820239 -0.612211165611462 0.168622974115303 -0.367676111360804
0.637423916990583 -0.440621386380959 0.389349979371074 -0.284012725413261
0.627662419551002 -0.588184155123301 -0.261884769987851 -0.0459226350081854
0.242568710644753 -0.75677166821614 -0.192580122136538 0.109876196381199
-0.305762390573357 -0.719955841152712 0.0358154063188862 0.205296139318646
-0.645689719007698 -0.32032417102521 0.101164628591052 0.135128876214257
-0.538821783452937 0.202321700383823 0.135857598428038 -0.00725113803332252
-0.312840941614467 0.369583849344249 0.0566818307118955 -0.00337519927635146
-0.192226521205046 0.519278802684672 0.060362344413347 -0.00198164136153331
-0.107791799585055 0.527625588785124 0.030191436461814 0.0376393104152421
-0.154149898708471 0.524252153919026 0.0253065707407195 0.0424018673355165
-0.365073760754688 0.358092213474465 -0.00473594526104236 0.118179776078176
-0.532171556550716 0.150670509246927 -0.0830049588771494 0.120754311140657
-0.633352902321441 -0.349734692871146 -0.195767036108256 0.00727346399382619
-0.268658669382413 -0.707602542474581 -0.116344961678064 -0.170657228636966
0.321038723911541 -0.656993231591346 0.0883732682274565 -0.258387603023564
0.689628180004613 -0.49660156928157 0.167034463255141 -0.165981997617832
0.562759164323923 -0.600285834741312 -0.467580117709512 0.111332852764904
0.18583751235936 -0.742167247052376 -0.262154144660677 0.271866698462013
-0.318622627017752 -0.668748352898905 0.0357481677235112 0.231968676666622
-0.610452417649942 -0.282514396389762 0.0501912238774856 0.124990610857826
-0.496391828934168 0.187549325831117 0.016741827389886 0.0330566534771684
-0.301293593394617 0.336106203789236 -0.0619159591761579 0.122460740139596
-0.201624737632124 0.468666511825783 -0.00633079792337211 0.176694144935346
-0.120096043927661 0.468827879196766 0.000954378281985163 0.213863542434346
-0.163380784510413 0.457176333145938 -0.0269991395940119 0.213912858545961
-0.342488323019776 0.290874048067339 -0.0974577868090915 0.23730134442875
-0.458194526270576 0.0986732132314147 -0.188456076059479 0.161645384093073
-0.521338244499376 -0.324332392411836 -0.241591343175867 0.0140765013477496
-0.210240179399247 -0.611989675537147 -0.131380617360051 -0.13675429666524
0.293552932092859 -0.570057652277345 0.016615385564471 -0.127436328383
0.62890502891609 -0.465226050747798 -0.0503438507173423 -0.0265094081596673
0.414261328759369 -0.512396774951491 -0.627763500346072 0.25233892742974
0.106696180613247 -0.586703752792586 -0.313216510809557 0.402783835306464
-0.260843781803257 -0.495824651121243 0.0223342938131719 0.236033624405284
-0.449563817360531 -0.200275717433591 -0.00723947287033063 0.104364243468885
-0.364608438935385 0.133040371524566 -0.0989922085216964 0.070658404382556
-0.237881208410756 0.242826674548497 -0.169101235594109 0.228823578456471
-0.18109767129229 0.340003708621945 -0.072211059132657 0.330665453963098
-0.116256506772392 0.340423409581811 -0.0280998867706014 0.358556040765706
-0.152351309569878 0.318726677962317 -0.0757263894094526 0.348429898741751
-0.267246279735849 0.179527520171819 -0.175904338375802 0.310285128276518
-0.315790986899994 0.0294065552359158 -0.264695649065505 0.165653449711139
-0.324098461641778 -0.251564851709451 -0.248400135240084 0.000778401330061322
-0.112482819302226 -0.417298067959414 -0.119472418004641 -0.108853835835537
0.224452092630512 -0.388311573314216 -0.0314896535282012 -0.0059562810772101
0.473235893364731 -0.359982233393161 -0.228020540440058 0.106743106490932
0.198539966617727 -0.339690803525371 -0.716235354860077 0.354118147237569
0.0100077740936073 -0.336918898170421 -0.339635204738694 0.484880282448556
-0.158655766883835 -0.239482000339655 0.00645724347607721 0.224881122977653
-0.21494168490466 -0.0851966428230852 -0.045541641791139 0.0773405079215855
-0.169089750134468 0.0532045690973177 -0.185805351621076 0.090451913818063
-0.134831972776968 0.105332614495691 -0.246765401762703 0.292800246388383
-0.129681153860302 0.155044615161297 -0.128755636541978 0.433390064148545
-0.0941670960936376 0.158792195518312 -0.0520635882639162 0.449705456782091
-0.118376006833123 0.138585424248821 -0.113760342392546 0.429082728166014
-0.160164013951461 0.0531489282354282 -0.228401124554976 0.331154335370147
-0.142944696751442 -0.032297954154944 -0.30389855168567 0.137573527362696
-0.10995017096988 -0.142980056729126 -0.223134135979116 -0.0259787907226407
-0.0199903919249958 -0.183152867208727 -0.0917776494575098 -0.0897888519568799
0.118128584852942 -0.175479147817479 -0.0572676015212288 0.0864836092398808
0.251968908237819 -0.212168168802878 -0.343471376375086 0.214313648957388
0.0678410560485163 0.0472875967241584 0.375127837209967 -0.362691586126337
0.0405931058356454 -0.0375050344529229 0.0701765375635922 -0.236972155894051
-0.0333978957219387 -0.0645680361273418 0.0279131316157611 0.0672010300648577
-0.0849757467992086 -0.00080654990774128 0.178411918648292 0.0727498758575377
-0.0338872005998438 0.0778715667235998 0.304105053954373 -0.0857179198225401
0.0296188594040046 0.0619855909860217 0.285581151017618 -0.309919242033346
0.0623083591535667 0.0552267641896014 0.151858190461215 -0.44874993359729
0.0536295103204138 0.0402769653064776 0.0643359738985935 -0.455568212869916
0.0525006424418678 0.0402806981713447 0.123917012010725 -0.442502873345975
0.0217296483722637 0.0465160367764348 0.214183778593246 -0.317367343570884
-0.02821846534873 0.0373793385032959 0.221847085609218 -0.118077600169452
-0.0407319452024324 -0.014619449809418 0.0779451355164016 -0.0718248535673136
0.0232776360007547 -0.0224961467091981 0.0441659754632961 -0.184935382299864
0.0208087774373865 0.0525288124377971 0.287361801182247 -0.384295616494368
-0.0231749252409012 0.0905301242051844 0.705089143772762 -0.315020750664921
0.282588831521092 -0.14491337790018 0.295442850837938 -0.340125999273746
0.141636042220502 -0.251817216511078 0.0315381308245744 -0.215898001288898
-0.0864465695340107 -0.281010379327252 0.0165328932038277 0.0855899782777445
-0.253668292129001 -0.12523323426 0.158458130101249 0.100828263403645
-0.20203052727729 0.111811219244591 0.303817938615979 -0.0684215669611916
-0.0837253149064896 0.173485998391966 0.279277082026274 -0.273762701098473
-0.0101456711669129 0.235611227223078 0.160279124675456 -0.409398309072535
0.0140229570942223 0.235441673694669 0.0692981116339724 -0.406088210317318
-0.00627963092495467 0.240851386034762 0.123510816698316 -0.395906355829284
-0.11530312501893 0.185645199080812 0.204571131998841 -0.257177361764065
-0.223053161069956 0.0974122694351132 0.195031887483361 -0.0738216482345035
-0.272323433434918 -0.137790184680407 0.0297981439279328 -0.054520159665608
-0.081051699800156 -0.280303891769227 0.0186434454392937 -0.201127063014788
0.137357975652852 -0.205205728141966 0.277216934799421 -0.422893817633553
0.237196103220082 -0.11474747171488 0.672154543585693 -0.360100937270632
0.460063788340319 -0.327951865774056 0.148737431233502 -0.278654355606217
0.215609780162486 -0.458898724180521 -0.0299599751551556 -0.150302652212716
-0.153140627165582 -0.476056651164233 0.0163339256909369 0.116444838474246
-0.415481979402196 -0.230048930510539 0.145243085520811 0.120593420213348
-0.35179275397616 0.144968733462998 0.277604376288227 -0.0564018852087093
-0.185688241192726 0.268689503556195 0.235105755323094 -0.21035222962334
-0.0801233401978263 0.384625795317539 0.145337735254481 -0.313721420389152
-0.0279987409923392 0.394964290617572 0.0645898031470557 -0.29388305483172
-0.0639415602015187 0.401017102758377 0.102903282364321 -0.286006232174474
-0.236407221238545 0.295385233096113 0.158886312931861 -0.153730499246566
-0.389550988853714 0.143692186503067 0.127464649975321 -0.0157635084350756
-0.472721172865601 -0.241399131177604 -0.0404944879065912 -0.0351669237145777
-0.18043510890769 -0.504099556469486 -0.0252771806629684 -0.206996321414211
0.234222263452218 -0.438051377112024 0.232699226832152 -0.418103177364972
0.462505832820826 -0.3018918972517 0.558245461306528 -0.347785265692801
0.573172873769848 -0.480530227763216 -0.0412750421275507 -0.176195147939306
0.245054346258009 -0.636633590381455 -0.105308252364921 -0.0387334376917494
-0.234641247798009 -0.62655763116285 0.0248003375166411 0.157211453493452
-0.558642664216928 -0.294466841892459 0.129797302977175 0.13155017292818
-0.466768830473093 0.179473907555236 0.220216614618624 -0.0408927562257962
-0.26402189000995 0.337470371623626 0.158672414619104 -0.118648959080676
-0.139217121916953 0.481768163091106 0.108390859142573 -0.172106010318154
-0.0664213128168564 0.491927507795167 0.0511641283822159 -0.138286427919589
-0.110799169688094 0.496166273952673 0.0675493410454952 -0.131683010515181
-0.320843796832364 0.355632296243204 0.0858896576988152 -0.0215476112164453
-0.495726418603773 0.165162193319079 0.0299003318286842 0.0524350572855154
-0.606036649451623 -0.310533784911048 -0.120234309588333 -0.0111833614717728
-0.252435517419689 -0.651816606880236 -0.0753356095170919 -0.19466491616392
0.292330288532439 -0.598259542838318 0.162795313692852 -0.359054236868186
0.612943353983884 -0.436006352051339 0.376094833081185 -0.277018892921703
0.60517519709551 -0.574332534522703 -0.252930320754393 -0.0394051163568307
0.228054867898308 -0.742152670194766 -0.183335734682799 0.112182683563115
-0.304058388494482 -0.69461996887571 0.0342409329950326 0.199648362595004
-0.638417100990499 -0.307838664583929 0.0994889300347633 0.132594553131089
-0.519590550812201 0.200327724076402 0.128379199863851 -0.0128871508392843
-0.300845696712237 0.36377435753268 0.0561062580567127 -0.0018453714200768
-0.176416034139779 0.509890921626014 0.0537728214353489 -0.00140071828085411
-0.0926632492145615 0.516404837411304 0.0286058000904449 0.0380054680949529
-0.140573794675764 0.511074067998042 0.0226014044303831 0.0425630658469148
-0.352432619781625 0.355508303675431 -0.00207348800118583 0.116626358854302
-0.516747953033491 0.15196810592875 -0.0810391730321397 0.11795879980532
-0.625874347568053 -0.331864005104004 -0.191848370406519 0.0110931680978777
-0.268889828431072 -0.683612029751468 -0.115783315262719 -0.164893243999417
0.307411530493026 -0.64390106323248 0.0846944148719509 -0.251853349808572
0.662217858109521 -0.491723562196386 0.160348455327648 -0.161734743857686
0.542113445680601 -0.58780978378835 -0.452806822551658 0.113972441126039
0.1741010254378 -0.725301850866024 -0.250577738469549 0.270852735462032
-0.317997388368036 -0.645376440330971 0.0343857186818666 0.226183817707454
-0.604457589230457 -0.27115787779933 0.0503110869231622 0.123201118307891
-0.480196195025755 0.186917842565202 0.0139556318946983 0.0276334762472921
-0.289797560627417 0.331986337292516 -0.0561189344344441 0.122554536077779
-0.187401032976413 0.461769320801967 -0.00755497212618693 0.172417821000529
-0.106304244424093 0.461319333274265 0.00305393001356741 0.208931161706921
-0.150042380602378 0.44495204424426 -0.0252109507200326 0.208608703383546
-0.329723014530095 0.28885891438746 -0.0901752490164363 0.232776145290036
-0.445939552188822 0.101383066469045 -0.183070417888397 0.160112912678401
-0.516207766672289 -0.305244279313978 -0.236282400384956 0.0173885492429603
-0.21320014594904 -0.590980681573625 -0.131627483123548 -0.130908452582362
0.280369807584065 -0.560085546080136 0.0153520243468777 -0.123415725725036
0.604252755042749 -0.461259516406618 -0.0505712599385891 -0.0252737737925792
0.398439337442907 -0.501802031772151 -0.608308577648216 0.251752546605425
0.100042947485072 -0.575203279085659 -0.300604386051735 0.397858803114031
-0.258228782112297 -0.478379924502123 0.0213302906478557 0.231281371585441
-0.446422336964104 -0.191956511966256 -0.00508455126667382 0.104004297223186
-0.352101818851538 0.131284797209494 -0.0972652219985343 0.0665240907972352
-0.228243634212705 0.240162283661083 -0.158677988465172 0.22815881347687
-0.168737608395816 0.336306912857067 -0.0676683205726866 0.32303498269357
-0.105446343280633 0.335198559899877 -0.023193699739292 0.348721190780047
-0.141043696798297 0.311774320778478 -0.0692457330421655 0.33905535804003
-0.258563414119924 0.179812384769934 -0.164492816565849 0.304314429384843
-0.306781326362363 0.0313376168706059 -0.256046474227406 0.164347478052722
-0.321257069336788 -0.238257199706691 -0.243476510807378 0.00331956909228603
-0.1151511337266 -0.402543642804383 -0.12036845445566 -0.103544804507268
0.213936482931956 -0.381156350381407 -0.0311151487316777 -0.0048984641026309
0.453505467498012 -0.357026523226491 -0.22192587775324 0.105241086655884
0.192521544968183 -0.333577663553424 -0.696396234460492 0.348663399163638
0.00970284398022762 -0.33106581852738 -0.327900974697921 0.477406965301949
-0.155940176302964 -0.230497236831914 0.00584637673486151 0.221718813812086
-0.214942512934756 -0.0815436501303462 -0.0424896138115871 0.0773453716869662
-0.163514804780524 0.0526595512945172 -0.17971767683991 0.0881238376857363
-0.129467779033816 0.104476741935241 -0.232502554105056 0.29177365316749
-0.122589207912483 0.156038609208919 -0.11863167890021 0.422615689774117
-0.0881394835280002 0.157101046315716 -0.0456534288286171 0.436792316469505
-0.111954942249121 0.137406085044007 -0.103074638467172 0.416695973061456
-0.154967131568332 0.0550663456995162 -0.214740346509721 0.324919150574452
-0.139585269560264 -0.0306372336018212 -0.293674591939331 0.138185861791991
-0.110790240347286 -0.135379859730309 -0.217254754305581 -0.0225737902434964
-0.0223282026621067 -0.176666287062606 -0.0939675370646354 -0.0845640252879012
0.112542544409112 -0.17408158818141 -0.0556092343461522 0.0850609212462679
0.24034362158837 -0.210820987855857 -0.333169938970864 0.211507602707997
0.0648907846131157 0.0484572968864453 0.374288043453937 -0.358832019496425
0.0402762062788371 -0.0329407932959753 0.0720764469174974 -0.237873093545723
-0.0337344329991102 -0.0636378094085612 0.029208631541559 0.0642176100555792
-0.0838454068395234 -0.00258283031019341 0.176090537204638 0.0716875438366311
-0.0335096042220188 0.077953239564945 0.300239316345017 -0.0842208473505566
0.0274012536212354 0.0624227128893047 0.280433778163712 -0.309197722440984
0.0617565807661302 0.0533249474965748 0.14671354342733 -0.443864355138534
0.0533578825802224 0.0397216538179602 0.0640750336059843 -0.450933062360575
0.0510315331731738 0.0392313504676873 0.121008349347729 -0.436698011202126
0.0222337842818819 0.0446505765715109 0.209447591233597 -0.31419602247127
-0.0272340203616745 0.0374900520773438 0.220386154030721 -0.116901447775292
-0.0388145356299612 -0.0144783269210792 0.0773831675249266 -0.0707688458525542
0.0241697406897549 -0.0211427809412427 0.0464927246231266 -0.185909661432044
0.0222213745066751 0.0548041171347253 0.28643637731736 -0.380847698675316
-0.0231993794050724 0.0902985112248261 0.702195279727425 -0.30648407713059
0.278756983766614 -0.141070154847191 0.297906698460115 -0.334376398499395
0.140660633902126 -0.245185021311395 0.0349668437487318 -0.214500266463076
-0.0856975152957992 -0.277368920099572 0.0171004026161283 0.0829430544211689
-0.252988603216473 -0.12682512499061 0.156428885344291 0.0996766393065323
-0.199728930699016 0.110585377298595 0.298181716758265 -0.0688999995248103
-0.0847966617284885 0.173040434867286 0.273599116070082 -0.271549370994431
-0.00787550680347528 0.233274353991043 0.153690817946984 -0.405052619415731
0.0157795836194286 0.234510230915671 0.069885631920938 -0.400231877136249
-0.0058330862502853 0.237348370304988 0.119637729255392 -0.389867054554709
-0.114342348177442 0.183757078581972 0.200595761709329 -0.254509189013909
-0.220626470734318 0.0967297789362405 0.192948055930054 -0.074285142337396
-0.270244711938585 -0.136681691752083 0.0294135728689363 -0.0530228915519661
-0.0798925765067572 -0.277403837043319 0.0208710317364535 -0.201161090390226
0.138610800129835 -0.201225878383046 0.28035512376545 -0.418402732261485
0.23506499797049 -0.112621657697025 0.671051947405584 -0.351923701450885
0.455806721344546 -0.321900884824157 0.152942847421603 -0.273445985443785
0.214725726494584 -0.450429935271288 -0.0255320124403444 -0.149950815410169
-0.150540831157374 -0.47082909136271 0.0148889594091653 0.114201650575703
-0.41498324062067 -0.231340223345171 0.143057074906353 0.120314809660189
-0.347887105551035 0.141458312042718 0.271628514671479 -0.0580883179052603
-0.186421658457332 0.267323918948206 0.231998035078213 -0.209634574989694
-0.0766570796800435 0.382139602333725 0.138438477023124 -0.30927133958661
-0.0250042276042156 0.393681218228396 0.0651593335441977 -0.288222226184455
-0.0624096095980058 0.396435124238821 0.0995810502173099 -0.281609941029456
-0.23591055129947 0.29443861957043 0.156792219142734 -0.151461259845931
-0.386275374802723 0.142337864923187 0.125308789305352 -0.0158105686316054
-0.471315053115688 -0.241497337292524 -0.0412317986913555 -0.0333985680675845
-0.178463810737621 -0.500495867701288 -0.0233028133889335 -0.20673260729512
0.235692899981121 -0.43252492002489 0.23610242836013 -0.415347537858258
0.458651640820519 -0.296265192317365 0.556875970300771 -0.340507918429306
0.568601453720285 -0.471719704969637 -0.0373587308453924 -0.172876724617367
0.244318053812561 -0.62925639536537 -0.100270357699628 -0.0378726622051538
-0.232912535509081 -0.620870310874768 0.0231098259963673 0.156408703827812
-0.560277763135028 -0.294703047558637 0.129232440533428 0.132019410646827
-0.462937981732083 0.175043722589771 0.214230009100762 -0.0432211702192659
-0.264499678469989 0.335367691543189 0.157386859234378 -0.117259450380075
-0.135563456866066 0.480784660931427 0.101763127685033 -0.169046035877174
-0.0608400004495868 0.49044959190293 0.0508925386952494 -0.133948581652141
-0.108543951911909 0.491643353306482 0.0639183496048346 -0.127422236342758
-0.320006129084868 0.353748857285038 0.085917813931623 -0.0201110639086839
-0.493858891834451 0.163608757866998 0.0281713063899516 0.0527793807547281
-0.605109813898381 -0.307727042431219 -0.120938916494069 -0.00983573226074385
-0.249647905660809 -0.648050804832089 -0.0740930905040933 -0.194433485344553
0.294493009797852 -0.595693263539487 0.165607620181765 -0.357055979802688
0.608651505336715 -0.429046393013137 0.375510056611203 -0.272497284153566
0.600854320242603 -0.566635283239134 -0.247517262472862 -0.0382615810293338
0.226496912723218 -0.735385385614254 -0.178684494159699 0.11292988271047
-0.302130251113031 -0.687975019203065 0.0328681747062624 0.199129779449061
-0.640981674411465 -0.307897590760801 0.100013914548007 0.134039734581927
-0.514252828185509 0.195482886889196 0.123307071964085 -0.0160657629190455
-0.300386843758416 0.362583236098799 0.0568085605049241 -0.00128081736964574
-0.170007625277221 0.509191487404761 0.048412690679791 0.00011220878378362
-0.0882230164558293 0.513816380049134 0.0288403529796598 0.0402406341060977
-0.13698625726664 0.504837509454742 0.0195932608793494 0.0448490961121177
-0.351209566156667 0.353193214257975 -0.000851991658993586 0.117489116284372
-0.515127554446314 0.149865515405817 -0.0829219860234565 0.117922611868189
-0.623760973861394 -0.329067486209141 -0.19296572346484 0.0116209511396605
-0.265086091602895 -0.679823283880615 -0.115544449589832 -0.163643910358084
0.308365398112654 -0.639060490947512 0.0861268524201184 -0.25015447324362
0.656601704521109 -0.486081327475676 0.159349540349148 -0.159108302534733
0.540832252761843 -0.580152299660926 -0.447263252563166 0.112700907435424
0.176240599966435 -0.721444318621393 -0.246850188777333 0.270478556794455
-0.313423820828783 -0.640883478188111 0.0313701521901713 0.227381513699823
-0.6078859955535 -0.270688499844698 0.0514794656901095 0.125174804691168
-0.47620582136515 0.181684134300574 0.0109866139580836 0.0238435086156235
-0.288453891109185 0.330675686168155 -0.0534310273205833 0.123330590133213
-0.182793148678566 0.461570964977016 -0.0108625259895156 0.172757952376825
-0.101798507615497 0.460726651221956 0.00284452285539581 0.208295720048478
-0.146692113979514 0.439863101204093 -0.0268910929647072 0.207667956662843
-0.328310728545292 0.28843285874696 -0.0868064096647586 0.231571900320295
-0.443223945070992 0.0984258618275067 -0.183481177429159 0.159056332527634
-0.514532378356345 -0.303822995061815 -0.236851728369003 0.0171068633795162
-0.209566660308817 -0.584461831526438 -0.131701052587715 -0.129540017721213
0.279195347505365 -0.555826182404873 0.0164089387003319 -0.122474959085409
0.597884843254772 -0.453808101640767 -0.0505082702602418 -0.025116070914897
0.399090841757394 -0.49755522869684 -0.605111699661135 0.248741044313168
0.102516824967037 -0.574054801519748 -0.299317516138455 0.397760951072421
-0.254230047644282 -0.476390590965605 0.0181160705963373 0.233217006655539
-0.450667737488393 -0.192019177783105 -0.00339632016757371 0.105365659019374
-0.348831354749934 0.12786362487616 -0.0989707555524792 0.0632743443228471
-0.226082996022831 0.238926360241136 -0.153723454374103 0.229507554218593
-0.164160526898695 0.337605813824293 -0.0687900497968228 0.321508995524653
-0.101036466778091 0.334763305105731 -0.0241036227306006 0.346176131163307
-0.137927696832651 0.308645852542176 -0.068671652486951 0.335503238556576
-0.256730000193643 0.180307258003246 -0.160313467762891 0.302008212620215
-0.305304070016273 0.0295795690082672 -0.255956123162916 0.1640934650264
-0.320771428665675 -0.234093187291796 -0.241984932478716 0.00339455907785709
-0.113943506410292 -0.397892861169112 -0.121985683080479 -0.101359334652369
0.21247309130568 -0.379380226145664 -0.030779482769332 -0.0045501370323662
0.44797822112006 -0.35449119811131 -0.222348491671501 0.103008922913132
0.194412367336635 -0.332018630469331 -0.692953666343627 0.34047882856533
0.0125087089226037 -0.33213057729914 -0.327644559603678 0.474941298349386
-0.153252903580104 -0.230669294306301 0.00429376009050777 0.223983604142923
-0.217673887934233 -0.0813852400859059 -0.0405518894853649 0.0775753446385142
-0.162572607498957 0.0506445455396471 -0.179155859386995 0.0855095718031541
-0.127244741351911 0.10397999537365 -0.228028326440562 0.291809649452066
-0.119947770330153 0.157274075837324 -0.115666659576884 0.418723605652566
-0.0861579187146101 0.157436907800261 -0.0464833413631898 0.432140349728219
-0.109354042093442 0.136736833550989 -0.101763027000404 0.410614909433967
-0.154270140625441 0.0561360868781211 -0.209737560187025 0.321895540591925
-0.138818745242678 -0.0313787469528814 -0.291091446539383 0.137754908526033
-0.112161877890353 -0.132349576787052 -0.216849924601879 -0.0226881156442929
-0.022693657894058 -0.174828605656223 -0.0954377515171809 -0.0816534462680484
0.110155442686429 -0.174435493334976 -0.0558558126847658 0.0847095193353001
0.236313682928336 -0.210805982022212 -0.332922103676547 0.207833045665927
0.0644881954458094 0.0511953464891982 0.383555055168685 -0.365621932304197
0.0411422997308094 -0.0304494296845464 0.0722158416343302 -0.24377974979556
-0.0350616701621492 -0.0636951385877467 0.0304129669323286 0.0625129023438966
-0.0854373546367065 -0.00405460179271852 0.178567176369921 0.071198159163089
-0.0333693184126026 0.079214698212732 0.303801029557752 -0.0876120250023732
0.026577724521536 0.0642040778339307 0.27968437396651 -0.316811219457271
0.0629917454019437 0.0527930952230333 0.14209496897692 -0.45123696722361
0.0550017909397534 0.0403080665455923 0.0636344959471289 -0.457793530627687
0.0512911901877296 0.0389731515183908 0.118727305251037 -0.443420540695532
0.0226540377944762 0.0441307011468701 0.208542394769529 -0.319663282176459
-0.0260363987888244 0.0385770540148115 0.223001363247011 -0.120754441001735
-0.0383756708273811 -0.0145977191147464 0.0780759538593087 -0.0719020678328574
0.0256282449608863 -0.0204169747362785 0.0479681779307278 -0.191445940402035
0.0247052687087718 0.0571923589955587 0.291797307113863 -0.389146768833763
-0.0234253547955634 0.0922575545988048 0.718067219361022 -0.313237792835756
0.28175576960045 -0.141354010103459 0.305016841341707 -0.338869770747437
0.142306729372515 -0.246342913571087 0.0366432613233841 -0.21985253170092
-0.0879711335187105 -0.279794304001561 0.0177689638865866 0.0823330051111008
-0.259411929581914 -0.129517271306321 0.158446399541518 0.100492493791606
-0.202001596600253 0.11214091843711 0.299953022641687 -0.0725285442598091
-0.0872742693139958 0.177986218760289 0.274219842044027 -0.279229056649242
-0.00541491027798957 0.236960553255454 0.149729570574292 -0.410020453164681
0.0198352357998902 0.239576205437169 0.0699093118747403 -0.405940702309021
-0.00512059177968328 0.241193974588553 0.117626317822234 -0.395430126670685
-0.115943728733732 0.187840570249524 0.200846606960123 -0.258887333769243
-0.224177494879598 0.0993673858966453 0.195201341893819 -0.0768888317531354
-0.276414111828858 -0.137732525383466 0.0292531425791093 -0.0534241919491645
-0.0807526698288452 -0.281331558050078 0.0227930022811409 -0.207596204602424
0.143515696950371 -0.205444454020244 0.285143293267874 -0.429027568351775
0.23891883536067 -0.114984999012799 0.684561279791345 -0.357832595435205
0.461813263024417 -0.324628578440354 0.158912777203661 -0.276658967921449
0.216698087710323 -0.456149951108837 -0.0228268498055559 -0.153079513189992
-0.153584983736879 -0.475842726147389 0.0156842219204955 0.114242134940103
-0.428059134013133 -0.234721593695589 0.146140564780378 0.12225706864583
-0.353277214979677 0.144362993655257 0.272496684892902 -0.0623211871667772
-0.190281115567302 0.274189702122817 0.233636260930851 -0.214454569343209
-0.0728875428174433 0.390060898648753 0.1333175363965 -0.312053281088124
-0.0189837298586408 0.401913887429671 0.0654286072576241 -0.292172505173939
-0.0620536528517302 0.40305742433681 0.0968121822963814 -0.283852167204072
-0.239801028044981 0.301512116767527 0.157671185208898 -0.154167792482502
-0.393008404643024 0.146263840005501 0.125886682001734 -0.01652460683073
-0.482750718578769 -0.242065994757717 -0.0431501314566562 -0.0325417213206618
-0.182357010244963 -0.507758521253915 -0.0227586317067378 -0.212776834408818
0.241959219058335 -0.441789283754797 0.241173690584139 -0.423917184140187
0.466595519614871 -0.302942770923755 0.567673030606624 -0.34689693956116
0.578561116472118 -0.478794513094048 -0.0327993945621754 -0.173828329072683
0.247314387271456 -0.63952964462059 -0.0974327501842558 -0.0383442218310206
-0.236454468953946 -0.630198792710648 0.0236340339283848 0.159105668334175
-0.578117243546153 -0.298549390275891 0.132121629465583 0.135082873740241
-0.469356951196812 0.177682107818378 0.213036344623052 -0.047361928760323
-0.268476820421304 0.344771708732183 0.159966855880677 -0.120365293666215
-0.130292893847575 0.491524011839544 0.0969324704179664 -0.168992918279971
-0.0554667716018308 0.503385854254891 0.0520933211548975 -0.134655805805371
-0.10754720699376 0.499166057032393 0.0620638046148844 -0.127636034195843
-0.325404530470337 0.363746399548037 0.0869141130149441 -0.0201041947429716
-0.503308078856826 0.166369843576678 0.0262536433407775 0.054558858162223
-0.618423882271462 -0.309675914631007 -0.12455152125743 -0.00786793290361205
-0.255656019576376 -0.658704454856107 -0.0745782721271074 -0.198671890156542
0.30017986042599 -0.605481398500576 0.170758182875179 -0.364681295899506
0.618077588343076 -0.438985866509881 0.382108096867699 -0.276823023203206
0.612046565807893 -0.575001720297322 -0.248398181904779 -0.0374499978586842
0.230172891163531 -0.749543405864706 -0.176581507388291 0.116350065833079
-0.307802090130795 -0.700171708831375 0.0327690399578745 0.204892621993851
-0.662824350241716 -0.312057017092402 0.103837313282819 0.137966543718713
-0.522524293185385 0.199279606997374 0.120558740941841 -0.0200715880643664
-0.305787750947857 0.373145900391051 0.0600791128113374 -0.00141794539486192
-0.166508482185244 0.522998905868938 0.0442232339086008 0.00251739480615153
-0.0799176013513824 0.529166677422429 0.0301939742069984 0.042686440162704
-0.135332690057591 0.512459160163373 0.0178065963095088 0.0473475972020908
-0.357310002151071 0.363935431149527 0.00154020164108728 0.119504151525763
-0.524189324461479 0.153701106805643 -0.086057770372884 0.121311145453159
-0.640067576887647 -0.330613388946784 -0.198227848840956 0.0141869683918508
-0.272553117800139 -0.690644752690949 -0.118105824440912 -0.166294678462679
0.313178235985366 -0.651207827427298 0.0889082658848036 -0.255630692426085
0.666404847504847 -0.496413614032815 0.161737153819956 -0.162154784477997
0.551128633922282 -0.591270833696463 -0.452706141730338 0.115532380383723
0.177632862527579 -0.735738689391391 -0.246938891551759 0.278565543477287
-0.32204496537759 -0.653111194485705 0.032636323392319 0.23517105216896
-0.627762348243499 -0.273651055064956 0.0544929319301733 0.129055960196954
-0.484963269184533 0.185576545189895 0.00662321878137319 0.0218039710009361
-0.292691765376445 0.340181966804105 -0.050161471016974 0.127043383231453
-0.176929597937853 0.474196011030008 -0.0138430987393249 0.17861078528378
-0.0972089114188313 0.471568875768406 0.00384604001721198 0.213290940723599
-0.145930876972986 0.447766991600134 -0.0269686404504432 0.212651829517113
-0.334411878460032 0.29750810278705 -0.0857929550018402 0.236597677855591
-0.451985319506192 0.100811417289952 -0.18803602677147 0.164354579767023
-0.528470804761209 -0.304512589638629 -0.243049544178213 0.0202946596598068
-0.216002402660829 -0.593480161366569 -0.135183408281292 -0.130124302254211
0.282575987377148 -0.566155516757685 0.0179587856070699 -0.125555315878461
0.606731499404681 -0.463705702627667 -0.0529431434373628 -0.02576718759678
0.407086850399204 -0.505933918158094 -0.614729518483872 0.2524161822003
0.103875644152208 -0.588021720567182 -0.300815941784814 0.408343660689304
-0.259678684973447 -0.486061537231312 0.0189402618775722 0.242506275517233
-0.466954951967978 -0.193400553585703 -0.000627843486419617 0.108912869503509
-0.355488249172904 0.130125785173172 -0.103589922915601 0.062647666680083
-0.229327112667168 0.245272914234295 -0.151445259560895 0.235488544443988
-0.161825395571134 0.347745107415988 -0.0690605821016319 0.329449127308783
-0.0982910304944271 0.344018364638735 -0.0224310902156688 0.352765267845995
-0.137606314001857 0.313609228148735 -0.0687005392341905 0.342141394691367
-0.261407689667263 0.186366405035594 -0.158900554277811 0.307276238933961
-0.311867323548802 0.0310248241827419 -0.259836139633556 0.170389227703789
-0.330291546902412 -0.234434954793139 -0.248139206604492 0.00586394471783584
-0.118108587767487 -0.404186430199745 -0.125895907343685 -0.100452518297436
0.214560055325846 -0.387777819966231 -0.0305040752164558 -0.00531891860910992
0.453856921961695 -0.362386597276572 -0.2280381975852 0.104104535442433
0.199647017148831 -0.339639545970149 -0.706009147365598 0.345437720975171
0.0130725943283937 -0.341635483569736 -0.332117321392275 0.488238595257141
-0.15649676489648 -0.23621342807499 0.00476305895315767 0.233237170178716
-0.226699628011719 -0.0816292207265123 -0.0382307699663725 0.0803139421373479
-0.165713466933871 0.0514313844994729 -0.184121389327515 0.0856461986322596
-0.128477399815465 0.10641178092057 -0.226898850169581 0.300887513756919
-0.118910669990262 0.163123285142899 -0.114991796863456 0.4288424056432
-0.084823331927161 0.162407997095759 -0.0453277924675349 0.439516025135045
-0.109499100019632 0.139765541756609 -0.100631932309951 0.417107203988695
-0.156917102811865 0.0595044400822622 -0.20907444466854 0.327389122527469
-0.142538322006112 -0.0314651830950156 -0.295807140191441 0.143223932485168
-0.116389418678021 -0.1321558569129 -0.221665533776937 -0.0220815647341087
-0.0249842340748427 -0.177032615547231 -0.0995542221057052 -0.0804418701556117
0.109703094122737 -0.178090330780273 -0.0554609496419742 0.0865433593301793
0.238717552095365 -0.216069088264753 -0.340630158511987 0.211553686055727
0.0657159615951418 0.0381137724847989 0.36955528689092 -0.392473357176751
0.0355002399627257 -0.0349896869541553 0.0575773932960493 -0.252930322379913
-0.0418954794502814 -0.0590324476290399 0.0411973146897857 0.057652286338951
-0.0843303042173247 0.00400052842136924 0.188692850924121 0.0508825790604618
-0.0219629271359128 0.0777791210430935 0.298202383390525 -0.116419455697962
0.0304226637834664 0.0568570894948332 0.252419535250753 -0.345230992889136
0.0689533204092018 0.0416101666087178 0.0954496660269861 -0.470649718756009
0.0572417837254482 0.0335479801371486 0.0248902029619951 -0.472398231863494
0.0564498538917911 0.033115321188209 0.0844277289952441 -0.471441282804489
0.0298376197576985 0.0447445915283016 0.189669183570619 -0.352961460492528
-0.020523189744536 0.0445716599044281 0.223560534344392 -0.146817930572269
-0.03838788938831 -0.00946852066473087 0.0778426824531491 -0.0826360486321939
0.0289663079090822 -0.0211112410343499 0.033885564909186 -0.206099017604877
0.0379155562080461 0.067043282217527 0.278026457432865 -0.439012307124605
-0.0140469579227981 0.109490832888119 0.737983408652284 -0.373175529354486
0.260535673234045 -0.178025171687081 0.303896300911262 -0.343194330203799
0.11292799633923 -0.26147395579601 0.0374745209554341 -0.218829939010536
-0.120556703854041 -0.27033081559591 0.0486144056846369 0.0762892513558605
-0.278193155800582 -0.0992479609347993 0.184744772508412 0.0712416933802001
-0.188523911971396 0.127801295745684 0.290127402739936 -0.112711565755685
-0.0746289632659556 0.182489305194776 0.245948760748051 -0.311659237486478
0.0231539741765497 0.239090438848052 0.0987433902247018 -0.440021749432801
0.0413674476673186 0.238309530640549 0.0328778729462093 -0.418576245704122
0.0218176151663054 0.244087353423183 0.0872072750470689 -0.420582043549149
-0.0972725897078001 0.206526842760492 0.187612227716718 -0.292244047496529
-0.215626382675382 0.12605617868495 0.200490913675528 -0.102538332530083
-0.29712711028759 -0.108952515591308 0.0377389925865589 -0.059043333875739
-0.106630427553237 -0.27841068940082 0.0146192709194768 -0.210443512752649
0.138723772902905 -0.217745139080986 0.253603536578643 -0.470872843521458
0.245147428646185 -0.129833382963523 0.678842744254967 -0.41798572012548
0.418711409829666 -0.380040158395248 0.17247592030575 -0.255691812994616
0.164970903329733 -0.47973607644353 -0.00460767284719582 -0.140636685739042
-0.209843037129793 -0.458381248827386 0.0669810238814058 0.105697268223417
-0.462129581884678 -0.18173931059193 0.186083037919031 0.0828173024227507
-0.338184736445589 0.176180964462075 0.25877955410207 -0.111020066439928
-0.168338878396057 0.291961973016154 0.206520995722884 -0.249060589588961
-0.0241411169209704 0.405643136786771 0.0859003021272472 -0.350163353786156
0.0171782430297731 0.407623616036686 0.0365032731785259 -0.300089702988517
-0.0162331570048638 0.414544223038133 0.0752016417433151 -0.302257759479183
-0.212592637272291 0.334959935539367 0.153518773943691 -0.182400442638366
-0.383141384633332 0.190938978473501 0.134114763735755 -0.0361174724370734
-0.520355791576819 -0.193393928197312 -0.0282908167837014 -0.0313732309452242
-0.233156160539565 -0.501345259866555 -0.0261671389165232 -0.202996016569736
0.219063222940762 -0.475876647840293 0.19505641340937 -0.453392910892424
0.468463325595732 -0.349130510967124 0.534801567052552 -0.396744189483529
0.520834260209082 -0.54507926256069 -0.00863476659032913 -0.129796567359903
0.174923851671634 -0.66642183098744 -0.0597303318430796 -0.0149484989097168
-0.310675387203481 -0.603679701152286 0.0932493028488073 0.145659529493046
-0.624628832966445 -0.227644343750647 0.182889071004875 0.0859577282996229
-0.45407491153001 0.223295849876597 0.196232267043658 -0.0996108242087847
-0.240443832851144 0.371312593660865 0.136957853123503 -0.150998593334827
-0.0688695701484137 0.517786376185576 0.0595136456059901 -0.208476695660203
-0.0074610318909639 0.514164327227177 0.0345239508268901 -0.137307279304078
-0.0525883154138485 0.516331380571275 0.0523997881379495 -0.135743205946435
-0.292962731025231 0.408946933672574 0.0925573825291544 -0.0378820946630244
-0.492832852640419 0.2211696996989 0.0369205991294066 0.0445807311863998
-0.669001989677647 -0.248215976024926 -0.107250780517067 0.00149157571421891
-0.324119489214979 -0.64967063565599 -0.0752589215875434 -0.177273326683258
0.264369750740364 -0.654161709353806 0.11586088839228 -0.378441096632323
0.617184737059665 -0.506288474786127 0.333294786312217 -0.31119501691644
0.544508792205109 -0.642754746855588 -0.214382508418092 0.0255995559031854
0.147869271899 -0.774247356876748 -0.122368986431191 0.148249316173088
-0.390667436948949 -0.667987592980113 0.114506826571302 0.188016980231502
-0.711921160911588 -0.228382851198901 0.157247908618849 0.0848559187763285
-0.507220962206759 0.252390425932759 0.102064174688061 -0.0676930460239348
-0.275134633422609 0.406912540995312 0.0450534117670767 -0.0238358796467425
-0.100589018008184 0.55566335093134 0.0223316866428286 -0.0323763837303765
-0.0318553348866332 0.542072342878972 0.0275186641752028 0.0462110673137374
-0.0802977181007049 0.533713660769449 0.0218325295294867 0.0501944773555379
-0.327162095115359 0.409958172919449 0.0151841915558642 0.115422801452552
-0.51724156438942 0.208148980833459 -0.074721246845832 0.125436347490532
-0.692723086997115 -0.268466935350094 -0.18255222848031 0.032063538614703
-0.345436487365911 -0.680868580923926 -0.116744729252564 -0.137947990298629
0.271636017817401 -0.705154045828441 0.0368702141373401 -0.254103200158521
0.661492273052785 -0.572626452269572 0.103238415595868 -0.177143800085629
0.482944545487352 -0.647602968266805 -0.414303826450148 0.18949656610731
0.100040487341838 -0.755367555669249 -0.183844110649287 0.317790806054033
-0.398549318178176 -0.619769153844382 0.112787962378792 0.218926193286949
-0.672684963028129 -0.192995224760695 0.104005542612946 0.0817624774017528
-0.470552375239684 0.23735502984292 -0.0103130964794334 -0.0130654022495983
-0.262442795581346 0.37496751813584 -0.0543619058287557 0.117153085651661
-0.117928764862325 0.511685223186383 -0.0171698048094723 0.15296021370431
-0.0515027386580165 0.488225216956103 0.0162370654702044 0.222526578083455
-0.0989612487854964 0.469079182850065 -0.0108033358803507 0.225602406940464
-0.310812882933326 0.338991730237071 -0.0654763069502531 0.246178049764702
-0.449962221291847 0.146369626887729 -0.17830931725814 0.181280536961044
-0.574166660489961 -0.253540194150993 -0.232967270910809 0.0429368526274417
-0.278402753896912 -0.587426272705513 -0.136867972065037 -0.100313910352608
0.246173909637686 -0.614119190299165 -0.0235319741771049 -0.114455840453756
0.596025447849398 -0.539644266300064 -0.109646343650857 -0.021102664431957
0.350911187396417 -0.546232782967211 -0.579584303004448 0.32679836943095
0.0439783618990561 -0.598850468842111 -0.240318528802263 0.449837311506149
-0.317252977471433 -0.459541851354213 0.0856391028753074 0.231410704944328
-0.499589476739383 -0.133835724636127 0.0357769908114642 0.0768647611300296
-0.346962392479109 0.169717296318689 -0.11423047169273 0.046594942506519
-0.207519491480253 0.275377826403259 -0.144118379331499 0.240124447401999
-0.116984919809185 0.381158578046673 -0.0529345527538502 0.317649487859171
-0.064559039944761 0.359434386627901 0.00275300772926345 0.365644198192785
-0.104414792859978 0.333409427618493 -0.0424646666044858 0.362338179503573
-0.249146018870895 0.216319914912835 -0.136737536209952 0.329373617879386
-0.314041770270448 0.0583627292694766 -0.253975624543695 0.196042543594423
-0.36278570666934 -0.204073877995098 -0.247849473157463 0.0287673606127119
-0.159729486557591 -0.402203653527882 -0.130858932622922 -0.0766794320289239
0.187048948309043 -0.424504424777631 -0.0558951864325418 0.00922157475150957
0.443607527603296 -0.4207501152767 -0.27243917437908 0.12577945562005
0.162612272327986 -0.352623547558574 -0.680331952473809 0.410384885036608
-0.0195029737748611 -0.339068784755946 -0.28207053765911 0.528318818010637
-0.183230588546237 -0.220527187253803 0.0468061876863489 0.230196371085727
-0.241990057225002 -0.0504700821579471 -0.0186553368473535 0.0670970440187239
-0.164130778643849 0.0723362161225821 -0.186435858808715 0.0910743047463685
-0.117964430048004 0.125739594871381 -0.208336154351053 0.319220685701539
-0.097756796141744 0.18820596154552 -0.079936519719682 0.433375961319768
-0.0680189790047175 0.175271569204366 -0.0109472983006698 0.454274155057937
-0.0955416009098468 0.153485028953935 -0.0683642855467833 0.442447852760145
-0.155445134995711 0.0756561192746347 -0.187994310985312 0.356682354166612
-0.149157223514936 -0.0220918737982921 -0.29511168500535 0.174878810870796
-0.132649412680627 -0.122554075442292 -0.230086480148123 -0.001498920747108
-0.0431046361739704 -0.178927868152623 -0.108859566426342 -0.0663570637297792
0.0950277336603009 -0.198201430182209 -0.0629359487428949 0.100056245534819
0.229075933912673 -0.251709400961898 -0.366030404076068 0.244042999482509
0.067807396447975 0.0380679771970593 0.357239234815521 -0.419787151005763
0.0366388635556291 -0.0341237368152778 0.0434265730300457 -0.26054867845579
-0.0456632284479613 -0.0568590133079768 0.0443034843565733 0.0561880786290644
-0.0874974833141975 0.00829770653976415 0.193957413372083 0.0403842813495227
-0.0175831243514116 0.0789985574230788 0.295179400031798 -0.134961054155418
0.033228204607257 0.0573380938030203 0.233899900925748 -0.363622415400478
0.0705642819332955 0.0371507117722029 0.0687134488406411 -0.480145893958452
0.0602445503781142 0.0301005051461181 -0.00157427624859255 -0.482061556390416
0.0584807604665463 0.0300794331271819 0.05742924613218 -0.482563356112206
0.0324558366638776 0.0419707480660039 0.170360576582089 -0.366827161458068
-0.0175080589184372 0.0459603303024716 0.218669964837074 -0.162597298904458
-0.0389409293040709 -0.0083432656640315 0.0744155626686874 -0.0882111179542571
0.0296975064425858 -0.0230252858280314 0.0239636899843503 -0.213443791777466
0.0434268392532176 0.0666792885265625 0.260666594003079 -0.461298263208924
-0.00904042726527294 0.11215243864613 0.734309027045359 -0.417205215985321
0.254663310983731 -0.192327187886928 0.296266356194795 -0.36585122670208
0.102393806375061 -0.268550568523964 0.0266332606096584 -0.225833305600855
-0.137240371454347 -0.266629055231958 0.0531474904150621 0.0742843365974361
-0.291533447422108 -0.0849504626911348 0.19105910849225 0.0621210779853161
-0.184642002276527 0.138873879016157 0.285793170451491 -0.130238951336375
-0.0662742808694821 0.191739461930392 0.230115904570459 -0.331344717425903
0.0382085867622151 0.240810441710628 0.0726174208729711 -0.44847780953529
0.0586401295193694 0.239614407872284 0.0104157984376975 -0.42551088845398
0.0361034260279704 0.246829666469953 0.0630747687390111 -0.430342260597217
-0.0878352102854719 0.215223328773105 0.172732866422312 -0.305889097392525
-0.212130382984851 0.140226043905845 0.197237681338498 -0.114831609828388
-0.309414388943789 -0.0935507006441307 0.0354082970786766 -0.0615427189830119
-0.122146347942191 -0.278032197136957 0.00351991379661179 -0.218461928594089
0.131202202056165 -0.229206275871321 0.232956490591689 -0.494487474321326
0.241162880524246 -0.146526378461457 0.672413537289347 -0.457938792827662
0.406538180547334 -0.406879406982655 0.166974160824192 -0.269135601807007
0.143711384699377 -0.492648395987106 -0.0096884012460765 -0.144894337227939
-0.238009508999113 -0.453999200804298 0.074457348259147 0.104489753381755
-0.485591684245349 -0.159016961377649 0.19315077078431 0.074700964358702
-0.335382538009777 0.195881511443605 0.252069508179944 -0.126263848227219
-0.155675006707502 0.307814663113245 0.194777877904963 -0.26490064128915
0.000633972163806533 0.412185391547705 0.0651337827930969 -0.354148284786431
0.0461797887834569 0.413283887934435 0.0218685138557501 -0.306273102432651
0.00664474114257456 0.42181354906821 0.0574603472799589 -0.307459626488947
-0.198015089530211 0.354062302640009 0.144703772134984 -0.192374342112653
-0.379747040140257 0.215326147246325 0.13407464165909 -0.042813044936375
-0.544477764377423 -0.165971757413929 -0.0303125980142285 -0.0286249284957557
-0.263633300488327 -0.499368023519165 -0.0366345480153373 -0.208403910041479
0.198621834657921 -0.495551472358534 0.176345532150581 -0.472592673392348
0.456974036296835 -0.381438687161797 0.525365793171269 -0.430517101916603
0.501251627013215 -0.579616994933456 -0.00942673722426788 -0.132247880969416
0.144788722741722 -0.685221975087505 -0.0574162826940247 -0.014604405271326
-0.350616946068215 -0.597902397663838 0.104884609520968 0.145449616779454
-0.651282501844895 -0.194195340678234 0.190874243941511 0.0782211310858617
-0.451444794682852 0.251374680683919 0.188682303391056 -0.112023910190429
-0.225141447685848 0.394278028456722 0.1314791647894 -0.162523329663572
-0.0364502729451006 0.530153343724308 0.0457900593213783 -0.20804356117167
0.0277321960450902 0.52259925507561 0.0286539287855224 -0.140221982964078
-0.0242664183681765 0.528977669706374 0.0444406680694877 -0.13754207811894
-0.27798221059994 0.435309340565208 0.0917749514916529 -0.0431573236684163
-0.490510612407814 0.253663987732888 0.0391694332445615 0.0461723512074195
-0.700040803186622 -0.212979402141883 -0.109734817174775 0.010482190224134
-0.364288456019284 -0.644403499329871 -0.084848595461409 -0.178987807011065
0.23566102285867 -0.680580349219882 0.0998124282384651 -0.393594317676409
0.598282173650433 -0.550389440303609 0.322103232534294 -0.332885046548706
0.520600776880844 -0.682102160259811 -0.212187356346712 0.0369725861402793
0.110036042870747 -0.795737600453297 -0.111172901820443 0.155562305653211
-0.435612090936533 -0.659368390891919 0.129890971898473 0.187411924225157
-0.744283269123432 -0.188774508278191 0.166275523297946 0.0781087271888846
-0.503583498146916 0.284041544599489 0.09481004365441 -0.0738040241359121
-0.257808284563763 0.432233835313813 0.0467151089268605 -0.0277590239332976
-0.0642930515298034 0.571850510409726 0.0183784223881074 -0.0271605702879681
0.00600621487240901 0.554705184136889 0.0316263365252066 0.0471624224494178
-0.0503485564971397 0.549297941946695 0.0246544452254165 0.0528042015800603
-0.311818161964246 0.43917473668525 0.022495055772722 0.116305782410416
-0.516282577078478 0.239641068794357 -0.0700615982508019 0.134959470127636
-0.724138076240129 -0.231327215151234 -0.18509818284427 0.045173268600992
-0.387100431990879 -0.674130151741504 -0.125568026468484 -0.135339234784495
0.240698679441575 -0.732901938150251 0.0244007170557769 -0.263925569881277
0.638716083183124 -0.618849809700004 0.0945892415741078 -0.184273537794165
0.460673024375874 -0.685499455063138 -0.409659246511969 0.21351034987693
0.0599749256090147 -0.77645432592571 -0.163951822982132 0.331716142399566
-0.439764627710624 -0.611434629857654 0.130337274242229 0.219497368785487
-0.70281826506538 -0.15627771186356 0.112859216981663 0.0782709222723301
-0.468452521256563 0.265649466044135 -0.0161787129272608 -0.0121265744841841
-0.248093079182337 0.397300874094973 -0.0450832721388213 0.121327608819056
-0.0846468263210688 0.526767280098685 -0.00968915171568609 0.163064989303754
-0.0176568183935494 0.500638151713631 0.0300217529586241 0.226653508070549
-0.0726574077684472 0.482169049481546 0.00178717206837305 0.231680709983464
-0.297867422830158 0.365288857283126 -0.051159752623187 0.253105525390124
-0.451438303760657 0.172122250143945 -0.172165363556675 0.197656092341737
-0.602160979328749 -0.221569156459876 -0.235714466417865 0.0590731718337336
-0.314926203514686 -0.581702547972503 -0.143813663993556 -0.0953286322215263
0.218151843879555 -0.639435905990292 -0.0294423325084877 -0.117872190429439
0.576393474056853 -0.581995529437348 -0.115334172523489 -0.0145805639513215
0.330816584438816 -0.574645098066565 -0.572148567983255 0.361501365374111
0.0102816487040794 -0.613456146297596 -0.215070531847461 0.471509180216948
-0.347732774577466 -0.452799151269057 0.1032672348283 0.234288154972686
-0.521720729651824 -0.10420820405886 0.0438511559261309 0.075996062503169
-0.345813943397389 0.190443869486829 -0.117766469657824 0.0540393140775339
-0.196016835279296 0.292056491382517 -0.128463323856236 0.251950923654455
-0.0924865969553647 0.39522258575878 -0.0356134420706941 0.330207839218459
-0.0405818385020336 0.370768944785779 0.0228041143846552 0.371933345031494
-0.0864095900516915 0.345135265086462 -0.0220956786065864 0.371062111579808
-0.240527222543316 0.236808313264456 -0.119385736986092 0.340611876496329
-0.318383437367645 0.0763383791865621 -0.248076415602443 0.216569496037259
-0.382874478043945 -0.183679910850559 -0.251056689568833 0.045269822231856
-0.185364493051524 -0.398936031004481 -0.137405974422245 -0.0707785433753693
0.167056434157396 -0.440375823492175 -0.0547415066728136 0.0104472932451789
0.425620721465473 -0.452706370956049 -0.274466690427088 0.142424550547724
0.147781750979885 -0.370155887774457 -0.674450183297676 0.452828495496522
-0.0388071819553566 -0.347526864020037 -0.256466202645438 0.552792910779082
-0.199078207277283 -0.216450859153236 0.0644593978438566 0.234391771746911
-0.252495614610409 -0.0359091343426234 -0.0127993907143482 0.0693579966588258
-0.164192665483823 0.0818732168266732 -0.187402566898039 0.102530498397813
-0.112933241922846 0.134184340856186 -0.189789794502164 0.336004886134624
-0.0849275241163071 0.197300830573635 -0.056998395814629 0.445050859457597
-0.0566796507549645 0.1837701234996 0.0142233023890643 0.462233750662885
-0.0876446677287364 0.162986694582004 -0.0426233998638134 0.45144839005245
-0.153874522166305 0.0873366828097279 -0.169368629709498 0.370968833969283
-0.154768697139561 -0.0141215035007218 -0.289207929388607 0.19674580396994
-0.142621837313432 -0.114344304690357 -0.234401070973708 0.0126155414639009
-0.0547758339525176 -0.177824819254498 -0.115021580634307 -0.0593017356934344
0.0845215110772309 -0.206280498398252 -0.0571785247449335 0.103494401162053
0.217384803008466 -0.269370395894042 -0.36260207272946 0.267943915856051
0.0686996591762182 0.0359325317485394 0.333429106503403 -0.435197909083886
0.0365256369230643 -0.0334999959337375 0.0252632190300421 -0.258574364171414
-0.0479165632147286 -0.0524988469066525 0.0470329659937879 0.053698471376139
-0.0874006097548729 0.0129980666132881 0.194158958312199 0.0288504461586496
-0.0123284708721048 0.0781087150969924 0.283479057787684 -0.15287138327864
0.0362234075710754 0.0558518960824753 0.206443437255272 -0.372504756710856
0.0699829918187823 0.0319239825471929 0.0366200768144622 -0.475590378867653
0.0614585140715765 0.0249334761508377 -0.0306773392372524 -0.474979745357212
0.0590111852048493 0.0258739030163358 0.0261593524220951 -0.47778282543435
0.0340368108698222 0.037741217986392 0.144258575984054 -0.370193122922363
-0.0135040750989494 0.0462153107377926 0.206581333520519 -0.174237061649024
-0.0376254061263678 -0.00712542327808158 0.0673582023276252 -0.0912046743024502
0.0295255745534715 -0.0252353282082774 0.00995021817224643 -0.21385999064582
0.0479273225702879 0.0636018373752816 0.230417211801438 -0.47207787057203
-0.0033117358150336 0.111819579064329 0.706937958245025 -0.453703904648861
0.240129150979464 -0.201836427437561 0.277094054636347 -0.380008349102425
0.0873131473433663 -0.268618222431837 0.0127669025243372 -0.224563657995751
-0.151116021597765 -0.254554805991457 0.0573287028882635 0.0715149066558398
-0.295931440806599 -0.0655946670650301 0.19258352711775 0.0499712915164469
-0.175173384519284 0.14693964676756 0.272319930557797 -0.145272974140206
-0.0537002861378179 0.194993028150066 0.205154321231637 -0.340375055360149
0.0524439873361515 0.234679421704168 0.0435659315208245 -0.44161488392887
0.0746827764292447 0.232655809034898 -0.0140468493719982 -0.420448425033505
0.0510463124773464 0.241932019987193 0.0338688253988042 -0.425762177194889
-0.0734316175274178 0.217697888948592 0.151164427948286 -0.310346040718609
-0.201277967425523 0.151506894581802 0.187940045254923 -0.124715112294232
-0.312747500080535 -0.0729833405611638 0.0309097190705434 -0.0621437525942061
-0.136671241271917 -0.268471747074956 -0.00897482284823637 -0.218543804170025
0.117522890814702 -0.234408189499317 0.204420797521024 -0.50149207125147
0.228248030910146 -0.15933723815098 0.64152253699778 -0.492478816136072
0.379086249813288 -0.422623530398579 0.155698835430278 -0.277521600696737
0.114622925013874 -0.492366676592017 -0.0163852752446312 -0.144745565533154
-0.262750223931278 -0.433834085555728 0.0816173435162559 0.0997658061874092
-0.493202722374699 -0.123764199787578 0.196390621623112 0.0622932451924283
-0.321710030487083 0.211984392570908 0.238766787286206 -0.138477531286748
-0.135789894492151 0.315569815703588 0.174628338692182 -0.274934357267381
0.0288277054008924 0.40646407978172 0.0415761122139254 -0.347530175940046
0.0768974103740987 0.404994339138176 0.00380409886480629 -0.302959319499901
0.03379410489496 0.417361854862688 0.0374435272561559 -0.304949336678491
-0.173765203340783 0.362721622364304 0.130001522038104 -0.197030826066928
-0.363770485273055 0.235861960826811 0.130139752776614 -0.0484890266270747
-0.550616738011035 -0.129734430139129 -0.0327623263599373 -0.0254251492575886
-0.291246131300378 -0.478321353315648 -0.0478609880821559 -0.207404605231471
0.168910891815333 -0.503403541014102 0.146891337344982 -0.479145206317767
0.427793779415981 -0.406001470727675 0.496087976437968 -0.455736279336336
0.461269204451444 -0.600306950631755 -0.0119816308673505 -0.131262397998767
0.102356056201051 -0.685104371996275 -0.0542752267282667 -0.0135851529833788
-0.383379932138507 -0.569361411497065 0.115212595702787 0.137691733200051
-0.662591600006839 -0.147195626806196 0.195394263205761 0.0661278196343256
-0.433162961289221 0.274297646120661 0.175450202017674 -0.119410346314047
-0.199208661191765 0.405511944319226 0.120571157038817 -0.170066512539225
0.000323660982640694 0.525263954016311 0.0322948189305593 -0.2006416184574
0.0663892959888323 0.514460601310928 0.0218432833933866 -0.139320848486983
0.00991195646776344 0.525078326913688 0.0345537395734777 -0.135232479909689
-0.246836431146197 0.449339667334847 0.0874822464807582 -0.0467806811809347
-0.472102050480987 0.280514346645716 0.0421421522581003 0.0459317576741395
-0.707614472830594 -0.16449252505593 -0.107861736598577 0.0186241974067498
-0.398846077324257 -0.616260318883736 -0.0932222485688212 -0.175377480286968
0.195268882686224 -0.687786105446455 0.0764889163173141 -0.397595102639321
0.555082077833805 -0.580078860179229 0.299542656448844 -0.346886481210383
0.476616184836234 -0.704971940790398 -0.203216098203468 0.0474966738419683
0.0608857703549727 -0.7933755687883 -0.0956551107983389 0.15767825901575
-0.472757062357102 -0.627828533611836 0.14329142540091 0.178977294262208
-0.753745659209762 -0.136378684016234 0.171944954047338 0.0676520722295366
-0.481960251032054 0.309341007471853 0.0841884336420054 -0.0752278446631547
-0.22837536440806 0.444571664152409 0.0461534341656479 -0.0315965024779645
-0.023587870812767 0.568306838745501 0.0164123310452579 -0.0201093846514701
0.0470766922650819 0.547695451820065 0.0358596681455024 0.0449379609461655
-0.0147908052284904 0.546172527104629 0.0277236118451196 0.053946387465232
-0.280238643282951 0.456173112483698 0.0295324962668453 0.114563211452412
-0.498633413713986 0.268793773655621 -0.0604684294950968 0.140966938434221
-0.733744334662575 -0.180132909727382 -0.1805334821163 0.0581385105951127
-0.42501932958046 -0.643479142250994 -0.131253429401904 -0.129079622032576
0.196990725810415 -0.739381061825862 0.00974699256636084 -0.265553097495782
0.592210595699083 -0.651441185945442 0.0802288491903545 -0.1858143695147
0.415540256170245 -0.704691577096187 -0.390038255022356 0.23427823261807
0.0151388175670204 -0.773312155997902 -0.138278752495206 0.334990693428522
-0.474268507818019 -0.580594529950741 0.147058540527864 0.210737892923966
-0.712270201015448 -0.106763141862172 0.11866832881848 0.0707582810520399
-0.449674210319865 0.2905823801076 -0.0202532711950618 -0.00816864146301604
-0.22095728236054 0.410654638346706 -0.0340717674042931 0.120284764523742
-0.0455304322271744 0.525789385513109 0.00114039433909843 0.16693603349809
0.0195167751086645 0.496981760492168 0.0444995933299073 0.222748759262453
-0.040650516444876 0.48294136335051 0.0162157620407705 0.230650905789797
-0.271262482436454 0.381451330554902 -0.0351026914285177 0.252379632958379
-0.439417713955073 0.197202163028486 -0.157952204975056 0.209037657774831
-0.611002205895287 -0.177692393863154 -0.230453069621514 0.0750224276125646
-0.347849213038461 -0.555910399368486 -0.147346153846258 -0.0871996973559893
0.177154620645215 -0.644755507976466 -0.0356152786268246 -0.117253571695037
0.53214404298711 -0.609737446711753 -0.118131952699524 -0.00592248235752909
0.293486787663703 -0.589086288464216 -0.544921673795761 0.390683119942995
-0.023049467665888 -0.610547573756972 -0.180750187853597 0.475976205285186
-0.372801213752544 -0.431386897241455 0.120893320651888 0.227115670122261
-0.5265982728689 -0.068284193253367 0.0504342141362384 0.0720061197307461
-0.334137311183363 0.208924917254927 -0.116090619132216 0.0633226407466645
-0.176076730290211 0.302165256066884 -0.10795314505216 0.254564792716639
-0.0613428682350721 0.396216131024101 -0.013583591762897 0.331597713198464
-0.0120460246373488 0.370066593693736 0.0461888486990451 0.366805255486414
-0.0636302442291181 0.347568789943775 0.00137315331380317 0.367087101506388
-0.22249102153823 0.251331566557171 -0.0964315072347 0.342440190706611
-0.312992562155638 0.0944762978610821 -0.231204130017401 0.231879197810476
-0.391783344084724 -0.153500136057006 -0.246224354561303 0.0615956261842046
-0.208252294654241 -0.380298701930722 -0.139109547808531 -0.0615422798340424
0.139054097354395 -0.446170673878076 -0.0539684087292497 0.0106130823476905
0.391846446594658 -0.47291282239954 -0.266202279290204 0.158307297221174
0.124446007135575 -0.376292765023021 -0.64209305977593 0.487104251449161
-0.0590581703238323 -0.344859486166927 -0.218315905276581 0.561997742958979
-0.210780286887128 -0.204976120880487 0.0818242244345839 0.229484911119018
-0.254181223740848 -0.0178420129264108 -0.00624488779510227 0.0681814790030516
-0.15819612659576 0.0907278231492134 -0.181627733834891 0.113892435882169
-0.103514963306472 0.139084450347292 -0.164507040690482 0.342761997391285
-0.0680528842760701 0.20089542377939 -0.0267856955542395 0.445107350249272
-0.0415402866692358 0.186774676860044 0.0425039226410554 0.455109188778234
-0.0761435656097622 0.167984905195253 -0.012937302573624 0.44766627906644
-0.146233061715598 0.0981281849321076 -0.143078483831504 0.375110095090499
-0.155648850687798 -0.00424518174658617 -0.273400675335879 0.214032368472227
-0.149208261941365 -0.101008703384677 -0.230860211408911 0.0286219802301791
-0.0662903392476002 -0.171030361242918 -0.117166452941842 -0.0505586417695007
0.0700268136966158 -0.209560301361124 -0.0500002711324747 0.10328768785134
0.196163618184167 -0.279494357030238 -0.345931407655965 0.287500816127934
0.0688773946755384 0.0341504558047819 0.308445483687415 -0.438072318839318
0.0375457460069156 -0.0323809931110299 0.0137388869741629 -0.249335286221964
-0.0474617451857467 -0.0478828514001585 0.0492088063993479 0.0508805550347449
-0.0852403908652431 0.0159027189157894 0.189450962342757 0.0191853980502301
-0.00961189609979098 0.0752962486172443 0.267881407431341 -0.159142601006645
0.0375182781121399 0.0534802550031487 0.182931659025795 -0.36913570450338
0.0673386517194126 0.0288670923897743 0.0158630111681088 -0.461113450065265
0.0603491691209266 0.021053532984288 -0.0478623725380856 -0.459050954888002
0.0580735832523764 0.0216076512406816 0.00420271278991206 -0.462669603601926
0.0337670882650577 0.0340022575911791 0.123601374255148 -0.361498034836822
-0.0100450273400986 0.0443760512870601 0.19320063464345 -0.177011222563067
-0.0362997232591494 -0.00675179916785276 0.0611877912505664 -0.0909639335874263
0.0290159888666638 -0.0261662499244207 0.000840096081564921 -0.209555201373664
0.0501463381381613 0.0605005282844999 0.206325695395413 -0.46482113603238
0.000259766786998902 0.108192102300598 0.670078367989338 -0.465023306959722
0.225349019803505 -0.202841661340986 0.257361300228667 -0.380094112306866
0.0777881492339929 -0.260656656251055 0.00430486854739012 -0.217725105134476
-0.15639459100808 -0.239186684096319 0.0602503231018005 0.067227158233156
-0.291415723086018 -0.0494827893500568 0.188716708232738 0.040784585104938
-0.165608067397234 0.148043459512748 0.257119117627511 -0.150490368177637
-0.0436777540239856 0.192627534155715 0.182531735753026 -0.337959085669052
0.0609868286434808 0.224159059942884 0.0238469600437187 -0.424984246765021
0.0845915420350973 0.220684026548838 -0.0298582521132739 -0.406690495546905
0.0595312884101766 0.231813207802271 0.0148289956289362 -0.410696340885714
-0.0631903137467751 0.21331629039467 0.13328938591099 -0.3045547369727
-0.188982221416417 0.155321435784823 0.178120479286464 -0.128360201249632
-0.306910959566157 -0.0571728893138089 0.0273053107142061 -0.0611425970990147
-0.142540749180529 -0.255394571363028 -0.0175493473811333 -0.214077551665503
0.105912713373875 -0.2318547071292 0.178702752647519 -0.49491125053629
0.2127617119067 -0.163006743988631 0.604602295693248 -0.498226327217076
0.351712502927324 -0.423708091578329 0.145296198110193 -0.276771913377959
0.0932493150280314 -0.479088594485747 -0.0195638869983631 -0.141672331195981
-0.271874672194399 -0.40886922637839 0.0854418742767377 0.0934077043509653
-0.486625642515269 -0.0973222186958726 0.194060360073141 0.0527872393128684
-0.305565459778813 0.217867134511631 0.223968499901114 -0.14104777924669
-0.118340959036348 0.313696839880453 0.157237313367702 -0.273649844400173
0.0464444392443708 0.391519075579548 0.0271853242350963 -0.331783717667913
0.0956367145943145 0.388547380224891 -0.00689714714267294 -0.292984266080747
0.0503096753788301 0.404648219249037 0.0230620743874882 -0.292714492478455
-0.154318057307384 0.360671619279326 0.118308001721268 -0.194123303026061
-0.344158142190083 0.243241826263605 0.124962130065929 -0.0514057738332411
-0.541670805448981 -0.10108066669998 -0.0320623629294047 -0.0218257699522543
-0.300690858789568 -0.453881000399663 -0.0542003463415528 -0.202485967731892
0.145389100912839 -0.49479124240828 0.125632275570365 -0.472085092328523
0.395425017674062 -0.408668477780017 0.467653797837418 -0.459165290530866
0.425445668123394 -0.599003193716816 -0.0108965689736145 -0.128567550675548
0.0743724518625314 -0.666527020851194 -0.0501540918035837 -0.0148134191562403
-0.395271019619822 -0.53511553705366 0.120551449512286 0.128540032897211
-0.651677730258108 -0.111893681721918 0.193738887891342 0.057173928617252
-0.412936072685219 0.281479432026014 0.162855301174733 -0.118228426385584
-0.176389953775717 0.403594237465714 0.110394029546181 -0.17137709464207
0.0264221162704779 0.505985530407629 0.0240813186231574 -0.188484511653623
0.09100199526973 0.495270611167012 0.0166643208794822 -0.135423870200791
0.0326945230789827 0.509268600915177 0.0279531097431624 -0.129755889258776
-0.221106614400068 0.446295224038682 0.0828214666741099 -0.0470298066697264
-0.44947047777182 0.291454286595861 0.0433127956131625 0.0452426375004321
-0.696122553572458 -0.128986399655476 -0.103734495734544 0.0245712302028059
-0.412225912055795 -0.581312271166932 -0.0967660697106248 -0.170013110730981
0.163174982865746 -0.67571488985036 0.0594640738715202 -0.390627136030212
0.513254533301732 -0.58315269818843 0.277635331479036 -0.345233059720561
0.435927601482645 -0.702082028187042 -0.191550568916343 0.0527694636525871
0.0301418119413412 -0.771441006577561 -0.0836577321434454 0.15179010381598
-0.48537981255256 -0.590663453402326 0.150343080694197 0.168060488354832
-0.743061398173886 -0.0970070933362568 0.172392506989622 0.0594810729448234
-0.461076303891622 0.319980013768552 0.0768822283792522 -0.0717339934198837
-0.203753854076229 0.442392382301338 0.0451253979186906 -0.035017580633263
0.00465347691105485 0.548208222849587 0.0177996467089242 -0.0126989135793889
0.0752357916780725 0.528893888850516 0.0379124368960112 0.0428548871482622
0.0101318038348519 0.532173190246179 0.0294916499805799 0.0535194957124394
-0.252842047401765 0.453905326570782 0.0321334095268388 0.110484897976311
-0.47593486044742 0.28189688208981 -0.0521533034552865 0.142405952384799
-0.720120684242373 -0.140443107798365 -0.172707461275089 0.0655965659948883
-0.438998691711923 -0.606762342497447 -0.131924272758947 -0.122504283222539
0.161705736209131 -0.724200291534994 -5.99483132381796E-05 -0.25952820617523
0.546791909487906 -0.654547607298406 0.070017780127594 -0.180663245525391
0.377210765066036 -0.700265278493421 -0.36745153182229 0.24047883155083
-0.0159570727316293 -0.752847850508798 -0.117576388161061 0.32601132408261
-0.484578984828556 -0.54611550452761 0.155309383873379 0.19806348515287
-0.699384998503555 -0.0705699022234942 0.121530881967251 0.0640417436675565
-0.429014194785855 0.300043342607711 -0.0219523181703096 -0.00261954421141261
-0.197135224765158 0.408526699749577 -0.0254894450059793 0.115975072374485
-0.0179421192214805 0.50869064333417 0.0103940250111431 0.167681704278444
0.0461059657398763 0.479771324297137 0.0532924471184536 0.214684866623565
-0.0194360210482947 0.470623991860508 0.0260210963899273 0.224436951013335
-0.247106135617906 0.383105299003863 -0.0238574307678232 0.245555203795283
-0.420570146925062 0.209064139338936 -0.143358754594413 0.212632488726291
-0.601891293535369 -0.142587865974695 -0.219512040565102 0.0842604668935913
-0.358606730227742 -0.52297636774496 -0.146351493978358 -0.0807843326812522
0.148464019072492 -0.631647647306704 -0.0386471433547014 -0.115925008513839
0.488291684767331 -0.610513595442399 -0.117121939028314 0.00128845208048667
0.262038057513093 -0.584677513279173 -0.513810921235006 0.397813280451956
-0.0478259682184232 -0.594628600589277 -0.155062560440054 0.465585912601263
-0.380964128696632 -0.405693944900863 0.130062078517677 0.215568052280947
-0.517006638937219 -0.0413807108530913 0.0547529536941058 0.0680461263968004
-0.317330336358153 0.216994699024463 -0.111594526877171 0.068590720169391
-0.158250534219443 0.30113086189076 -0.0918191059120568 0.249752972060298
-0.0384199522211692 0.386082817961236 0.00200425005738158 0.325480935498691
0.0081490496902992 0.358800238206299 0.0603952587773037 0.353338440855216
-0.0447924619009463 0.34088495153827 0.0176400674996514 0.355783752172461
-0.204972154185555 0.254568350969377 -0.0791724628337516 0.334601386437182
-0.301717303882266 0.105295702406336 -0.213066734251436 0.236203917633586
-0.386651865093208 -0.129057486431625 -0.236105954255249 0.0716360140869165
-0.216792308089791 -0.35914788191484 -0.137581561239421 -0.0543016020124638
0.115904512473178 -0.436971092329485 -0.0517809597591071 0.0091223716495558
0.356662286567259 -0.472247305495911 -0.255069935572557 0.165627042026105
0.10607113456399 -0.371131970024124 -0.607696830967672 0.495973141960326
-0.0715589373444316 -0.334618339467656 -0.18852158110605 0.55173744989848
-0.213839067672094 -0.193263359126593 0.091520148523122 0.219521548480019
-0.248551051383753 -0.00502574086389795 -0.00160752433443964 0.0656341051342083
-0.151778656012383 0.0946951884017417 -0.172396885760744 0.119391298420717
-0.0944442104429819 0.139599370714471 -0.14178974826673 0.337237950395175
-0.0545665377235182 0.197494717301376 -0.00629705129071389 0.43201965341808
-0.0296110814855142 0.182575536053727 0.0598392000320739 0.439218367562187
-0.0649011764785044 0.167146650926915 0.00580138146359665 0.432259199909496
-0.13603716896886 0.102723878006927 -0.123081496902826 0.367168988886035
-0.152767663641701 0.00329179959677548 -0.254635390798929 0.22029690750751
-0.148263267317521 -0.0884871180953969 -0.223574816018586 0.0380202143623271
-0.0717581900897872 -0.161356034112543 -0.115873990287531 -0.043121769062399
0.0582307741849099 -0.20526590516822 -0.0443049750101767 0.0991209660994171
0.177003731129011 -0.279408459605961 -0.328109554862871 0.293563353248907
0.0678204409983334 0.0342347214168469 0.296514591398008 -0.431460854230817
0.0387011088324146 -0.0307970728936465 0.0102354183759027 -0.240230762983729
-0.0458512075698167 -0.0448066998044853 0.0505401943007701 0.0493574612315422
-0.0827606290887331 0.0178568953910095 0.184545255447185 0.0147357438021225
-0.00865343330640037 0.0728567550458116 0.257951764825382 -0.159539117239141
0.0371590904727567 0.0522908345397777 0.170279087360341 -0.362156013940726
0.0648098518941332 0.0277503859983209 0.00899606532023136 -0.445927370716801
0.058286923020285 0.0192295129951232 -0.0527963551377704 -0.446113106774581
0.0557369123812664 0.0195745565066001 -0.00352039177712274 -0.447921366101313
0.032383915187762 0.031367133537374 0.115645645958807 -0.351480805408301
-0.00849840946743114 0.0425615031633495 0.18460400317555 -0.1761426132139
-0.0349574182666432 -0.00727713354525268 0.0574804656066889 -0.0893743621582721
0.0288694291548085 -0.0262817097190846 -0.0023462538103573 -0.204988729332476
0.0506990738522122 0.0588556687681372 0.196110291844597 -0.455034650790812
0.00020717509112711 0.105906805709256 0.650963472403123 -0.460305744734199
0.217448163893378 -0.198875318135793 0.24993761371812 -0.376177005034769
0.0743843691828301 -0.253459464608781 0.00230906855536463 -0.211829332752108
-0.155016675702807 -0.229538207734598 0.0619581406713517 0.064689646664249
-0.28645438093349 -0.0413805078837521 0.1852505976822 0.0364129410036207
-0.160849082233182 0.146047291143397 0.248246256119769 -0.149464799407141
-0.0401344054644217 0.189435942538801 0.171446166985551 -0.332538313820763
0.0625669833120671 0.217208472844371 0.0187034237081549 -0.41011179813798
0.0879428782934454 0.21237068101304 -0.033296995938852 -0.394659079876142
0.0618264364129792 0.224597899701497 0.00777492934865139 -0.396736970988901
-0.0586825414456146 0.209132982037846 0.126089301392898 -0.296079609827353
-0.182398523321979 0.153441898502083 0.171558192488052 -0.12737921252422
-0.301254088531088 -0.0511057617509168 0.0253119094596292 -0.0595387781166689
-0.141739644887769 -0.24781910758118 -0.020207865927139 -0.21139721879366
0.101568133281873 -0.227268555702673 0.170043031690324 -0.4853428533802
0.203393380139551 -0.16132710190078 0.588507013451002 -0.492139769932197
0.33761082401849 -0.416008393082282 0.143252847175711 -0.273260879596978
0.086552056002742 -0.466590631213942 -0.0195387368142846 -0.139053153358205
-0.271420888980034 -0.393114428066281 0.0880955371939431 0.0890819244467005
-0.477014140598054 -0.0834054415994594 0.191491871269076 0.0481278058349367
-0.297038896040574 0.217220224372069 0.215888492590622 -0.1382343993579
-0.110559309986978 0.308070767999944 0.148421584094068 -0.270101676818219
0.052571715014721 0.378335926400499 0.0241701927582917 -0.318066828448009
0.102828673131536 0.374109213322156 -0.0101059310050596 -0.284727422053504
0.0575069047676584 0.393584192278682 0.0184834742080791 -0.282504231890765
-0.145643387058848 0.354205547891044 0.112530373451724 -0.188985143187375
-0.33390592755502 0.242652031478514 0.122617447908152 -0.0504411165428907
-0.530557068665172 -0.0885263957962371 -0.0313216210708668 -0.0201815047594356
-0.299552277892663 -0.439002909766908 -0.0554121821445274 -0.200435025279458
0.138072775345265 -0.48473219459372 0.118613656779253 -0.463769554888176
0.377151380978121 -0.403122528775006 0.452434909916202 -0.449976923662401
0.407655113309466 -0.589716776008158 -0.00757944830896626 -0.127007602332638
0.0639294642342125 -0.648738266560039 -0.0473549446902372 -0.0170252144088021
-0.39407000936552 -0.516117412308354 0.12362227377712 0.123129019475937
-0.641321935605374 -0.0936809872880402 0.193207612247096 0.0525339677010186
-0.402068563769842 0.282043238553612 0.158279776069837 -0.11423754787168
-0.165228131369758 0.39709471978923 0.104660542096784 -0.170729070534437
0.0349191861117504 0.48961651455586 0.0249528197856434 -0.177393200168321
0.104122093035627 0.47907255418898 0.0160183068012872 -0.131007230427443
0.0418647838277957 0.496624365660996 0.0256830210755795 -0.122869854852809
-0.210319665676796 0.439437223917266 0.0804262416673345 -0.0450675665506236
-0.435825999818056 0.291994775051064 0.0443629066798962 0.0456043928438479
-0.683982856720029 -0.110359564078442 -0.0993700514753525 0.026512783170223
-0.410648878718918 -0.56330169466347 -0.0975882196515316 -0.167522382966942
0.151294697893075 -0.659966345101909 0.0539214152150415 -0.3845008159529
0.488938321337101 -0.57409180778238 0.266801639794349 -0.33657226357224
0.414662877651608 -0.68895876807805 -0.181676893448815 0.0521899644104715
0.0182710965901204 -0.752015104663415 -0.0771775602102854 0.144947030648284
-0.485126920986932 -0.568683778709623 0.153622654218378 0.160460833580373
-0.729371220359385 -0.0775893567974149 0.172821606835583 0.0555587240357797
-0.448273274539925 0.319367118088488 0.0753659013355045 -0.0669922954852377
-0.19035925886713 0.436244558904376 0.0444633552701486 -0.0380874019038488
0.0162455240853929 0.53310246212643 0.0215678920999801 -0.00761066961491128
0.0879460822861887 0.511145495457737 0.0388963873322889 0.04182220638349
0.019642003834529 0.518456065287249 0.0301555806296627 0.0546615205057344
-0.239068227889361 0.449170887398923 0.0340633560796512 0.10806613944908
-0.462008802258326 0.284400087367419 -0.0465471776834913 0.141569897613952
-0.706267908015623 -0.121700673670905 -0.166349552330264 0.0685229314323434
-0.43566657227121 -0.585927686036405 -0.131335328707115 -0.120733608539069
0.149844801379378 -0.709156032982855 -0.00335499688821327 -0.25669208917992
0.519425964546484 -0.64392105474284 0.0651745987554611 -0.174184665572124
0.358105104003816 -0.689117556435511 -0.351974457661742 0.238626524649379
-0.0265046680549437 -0.735170839694829 -0.108981353555615 0.314870507263692
-0.483118459819784 -0.528220760568563 0.158699223523492 0.190766353386347
-0.688066512043277 -0.0532354906333696 0.123599935933767 0.0613135993168626
-0.417946676484748 0.298983744596957 -0.0196541843001495 0.00186923144967862
-0.184985103477446 0.402098747061627 -0.0216960488094458 0.109960593746602
-0.00392522765453642 0.493655376614071 0.0157741375613548 0.167779167422106
0.0585052548267481 0.466551605242782 0.0559587273515735 0.208903465447017
-0.00850964132871997 0.460437081442935 0.0293779907288788 0.219639746091989
-0.234732975157215 0.37790532615474 -0.0194956154634364 0.240687541439646
-0.409450773572729 0.211744263546467 -0.134402195155292 0.211643508442112
-0.589903030225801 -0.126036251743281 -0.2127122683912 0.0875002234291838
-0.357231619233908 -0.505057850449138 -0.144197132833503 -0.0787288469654384
0.136033817147337 -0.617210926728685 -0.0392706895038684 -0.115391876446693
0.463972340823351 -0.6012144606359 -0.117083371756797 0.00524050863004444
0.24651345836865 -0.574654904764176 -0.495410524128908 0.395524752294463
-0.0556935191812378 -0.580057707746611 -0.142692700760144 0.452171540192736
-0.379819620538499 -0.392445001230497 0.13416525014176 0.207769466200893
-0.508486990499592 -0.0286885361517487 0.0576348976138313 0.0657295683385546
-0.30959866236118 0.216806254013058 -0.107025861847362 0.0720022482908951
-0.149386795806934 0.296764887606747 -0.0832649172979047 0.241933779450404
-0.0278669771752957 0.37472835192667 0.01037268335725 0.319822614662375
0.0193067530588367 0.349105376945146 0.064031657803045 0.343614632507823
-0.0373883301298417 0.33356857740871 0.0219899382518184 0.346401645846348
-0.195681430482524 0.251899457530784 -0.0721461015838117 0.326595390886664
-0.295242063322305 0.108640111543657 -0.20210682070583 0.236459655702532
-0.37869189472975 -0.116252802947113 -0.228346408002513 0.0754191037551117
-0.217282165007235 -0.346123427541121 -0.135743227424926 -0.0520872876038759
0.106906967873146 -0.425762454567676 -0.0500870253740268 0.00635422021799488
0.338830457662603 -0.464406917372207 -0.250601488201573 0.167437265224869
0.0978756275421648 -0.364594141293347 -0.588349599643571 0.489657326238944
-0.0757170813865619 -0.327953926074452 -0.175854220081154 0.538783420755212
-0.213556391680113 -0.188629851318113 0.0950192511106509 0.213523363508393
-0.244684182621614 0.000341091107755329 0.00237131104912614 0.063752315082966
-0.14781455528099 0.0949554409387579 -0.165787594609579 0.120279830894447
-0.0899083147101498 0.137465864179059 -0.131357351467495 0.329568146072717
-0.0470711720742092 0.192383255024012 0.00277839217154211 0.421565049311477
-0.0226450397261639 0.178927020766998 0.0645672131768957 0.427069262071989
-0.0589745378866162 0.164825601814751 0.0124821239189993 0.419360536705994
-0.130116925021623 0.102913891805218 -0.114657831865822 0.358049164952344
-0.150398549416235 0.0063445597815362 -0.242388798365616 0.220751056950648
-0.145520996732652 -0.0810145007288347 -0.21654231728927 0.0427789262207302
-0.0729111917557915 -0.155309549765416 -0.114476737962814 -0.0400579378697441
0.0525971647433671 -0.200024650615022 -0.0421879504167575 0.0936232755487658
0.166353076147947 -0.273585186638308 -0.320170276399176 0.291850291615942
0.0728811459231849 0.0200028889647518 0.221177258088281 -0.492867885846011
0.0316948004174834 -0.0373313346658945 -0.0302031929634266 -0.242637544140661
-0.0492899121606247 -0.0332226315892778 0.062866607935452 0.0338926119519862
-0.0732524200942874 0.0323698686503003 0.182343596532989 -0.0263802799177208
0.00466792669125674 0.0658601022294096 0.221897146288359 -0.206597270173031
0.0411721121607497 0.0413105709518711 0.100139284536216 -0.387048722468931
0.0642309104104729 0.0116095217340601 -0.0712292119103783 -0.433213834927145
0.0572789326812707 0.00602324482639078 -0.135410078277328 -0.427184785141144
0.0557031444895652 0.00495417244971788 -0.0890683174868279 -0.444858458109363
0.038145379875639 0.0205967820175843 0.0461831424495119 -0.374695377680303
0.00283873933444307 0.0392712489427832 0.149332854757814 -0.214197282904374
-0.0327966997889933 -0.00226980668849331 0.0386839581004038 -0.101163537324374
0.0254638842121433 -0.0330148985700656 -0.0435140159891109 -0.205770155889965
0.069514853046464 0.0455280054518951 0.0996650006767692 -0.499484660424166
0.0312673063977821 0.102595811670738 0.566671215039362 -0.591738439279838
0.172077194660064 -0.225265517564651 0.203161905931924 -0.432086187866581
0.0228194417372061 -0.255019534904698 -0.0236764110678058 -0.21903000899233
-0.188762283657892 -0.185772765976389 0.084637422874537 0.0300528846217175
-0.276831263379621 0.0199228170892793 0.186136086913463 -0.0219480944649926
-0.127828310888489 0.166878496658606 0.203042294168127 -0.196928050919838
-0.00745417610336669 0.187653077269147 0.0971262527901507 -0.356634103524881
0.101595399593036 0.190577474017945 -0.0690448755106596 -0.394766125758526
0.120320330008115 0.186003588041654 -0.107675887016577 -0.380976048558586
0.0989886894386523 0.199947930403351 -0.0679024843788724 -0.399212598418929
-0.0181657091601035 0.209321488259614 0.0660439836057278 -0.326083689647216
-0.143922359504843 0.175969724871734 0.144342777275557 -0.165752921170211
-0.296956486672044 0.00528668560580619 0.0169506964253787 -0.0714209035831457
-0.178526196401967 -0.212706603470745 -0.0514626294316542 -0.214830976614719
0.0630844670620272 -0.243091367221014 0.0742291499347565 -0.509349058168931
0.178013899522828 -0.197847711749465 0.494827483334535 -0.591180337846826
0.245331053849806 -0.451359804873178 0.129487829090075 -0.31204633563816
-0.00729054814443409 -0.459118143413363 -0.0229672491311429 -0.148887311101495
-0.33256204602337 -0.316640720619513 0.119724589944137 0.0329765231219699
-0.467656503328137 0.0217202897943856 0.192910303209942 -0.0278068640720994
-0.245139837357973 0.261173669600609 0.163985431489839 -0.182155165163365
-0.0527495305953679 0.315912151204735 0.07803249799941 -0.290966802186122
0.125504105595009 0.345481664339598 -0.0579606743563495 -0.301603504057043
0.165310807068641 0.338869987623061 -0.06309122410028 -0.276295000469533
0.125785819481868 0.363786004574106 -0.0349440093727385 -0.288614011644923
-0.0748694237403437 0.366791647625107 0.0739116650378163 -0.220902681503984
-0.27392613026644 0.287834329469163 0.110317340795624 -0.0809861674697065
-0.526359852514132 0.0133656307843609 -0.0273812442000022 -0.0247779703037505
-0.365235732161123 -0.365595636645698 -0.0755980792519864 -0.201320714787889
0.0462041538655534 -0.502170233006037 0.0305015294886012 -0.46559494413765
0.299478512948003 -0.468831272969075 0.366950523835897 -0.50455886168957
0.279358783862213 -0.627876717745549 0.0155377094896342 -0.138025494745495
-0.0628375979174238 -0.627841771004677 -0.0218989026553436 -0.0285159615602325
-0.474305467833907 -0.41143310640321 0.164328909268921 0.0460822369476637
-0.624401901070434 0.0457424892282969 0.19167977294932 -0.0362537061845315
-0.332934290392789 0.345221921174838 0.102900505334309 -0.149047500609841
-0.0883370166026305 0.412827156636167 0.0471170013977815 -0.185028968040584
0.135243051461934 0.455664895470879 -0.0400143707406859 -0.163353387008928
0.186293490524972 0.440295636975404 -0.00965986506847029 -0.130706380416831
0.130186118982609 0.467678887669546 0.00376502465584261 -0.132418283831656
-0.122030976492592 0.462956779808331 0.0691890843825123 -0.0726330587562065
-0.363625950834331 0.353099563997438 0.0517111773243185 0.0297191069195627
-0.6776738224263 0.0211063514559095 -0.084228626460243 0.0335907898293252
-0.493431188357635 -0.462733043977409 -0.104455234252953 -0.163647251494938
0.023754961689637 -0.674850844833738 -0.012965284255538 -0.364196403040425
0.373980884059079 -0.658846330490332 0.20035725865343 -0.343475357980307
0.267551339243809 -0.724903171821255 -0.122189575350823 0.0737951899967362
-0.126489913123105 -0.720822639553274 -0.0188742837010058 0.135528791675045
-0.570621653668955 -0.445216157417381 0.200896283515042 0.0690229618644007
-0.706162351230546 0.081912192517286 0.169163613487013 -0.0359332008496846
-0.370692254512022 0.39198394164116 0.0259313784727578 -0.086371222738187
-0.10415642852775 0.456514597315921 0.00973354377013115 -0.0427727053197532
0.126628215736095 0.500192124072242 -0.0161301440531088 0.0045027291459243
0.178584060239915 0.474308888167619 0.0451293621550118 0.0350929900987811
0.114169400582063 0.493485687911442 0.0423402200093102 0.0429722262524341
-0.150051677514867 0.478173880151375 0.0533124527512834 0.0902178385056708
-0.392030258067611 0.351068653812553 -0.0196689049114674 0.145261906275618
-0.702941443336818 0.0156297308887707 -0.142083434792745 0.0890554083255555
-0.523065573894625 -0.480601272478984 -0.127335631529072 -0.109953574683333
0.00919582028030272 -0.720434244245233 -0.0426748154386749 -0.222820992076991
0.384699027072428 -0.729661011233193 0.0280161012527401 -0.136536611543959
0.213625722743092 -0.71381158259452 -0.262977096922563 0.294852908817569
-0.164020695872012 -0.694180956238274 -0.0218737178130114 0.312241329280518
-0.563437453184938 -0.406451338184665 0.209414319857516 0.101266178273985
-0.66277415595999 0.0962319874015828 0.120476054296496 -0.0171224414030681
-0.344572578088708 0.369871680353721 -0.0525989212390522 0.000672968096632152
-0.102777547979085 0.423423157580833 -0.0259956756312578 0.11536024229553
0.0993574427328096 0.468662256035832 0.012692837477655 0.174849894722744
0.141827817371259 0.43765149120866 0.0927744305249924 0.195138117740383
0.0760050152572738 0.442624654512268 0.0725538229485161 0.207805860592644
-0.15877029811129 0.410780231666136 0.0270290039541973 0.235525377023694
-0.355982577341876 0.276984756396374 -0.0920874405487559 0.234010328560024
-0.59130344117475 -0.00968218849135825 -0.184727148291394 0.120184338101658
-0.434596119332549 -0.41544970673686 -0.136293340255246 -0.0608332468449305
0.0120008969694504 -0.62795612149887 -0.0524837317070787 -0.0786092025387122
0.335121042928456 -0.675294690017256 -0.120231371504375 0.0747524714118831
0.129344099946591 -0.5850868607184 -0.390350252746867 0.481744298817076
-0.163411829730404 -0.542159032629464 -0.0380882470090434 0.461914365979076
-0.440301599304842 -0.300281659609832 0.183555413715982 0.137299909898774
-0.488993866550105 0.081016205551241 0.0594581764183526 0.0142478803145538
-0.256112151595158 0.271557357707954 -0.117079040728957 0.0885491665774141
-0.0861835394438595 0.315289442696882 -0.0556477743984025 0.256010188918648
0.0543154499339524 0.361938186599794 0.0417320693210308 0.319827819090119
0.0840196481486275 0.332659733564534 0.126608152376727 0.326436249731187
0.0274679614824219 0.328726353683805 0.0903452248224503 0.33623312527877
-0.14321225267522 0.282595843912763 -0.0079431721536834 0.335028489595069
-0.26504691855171 0.157679315900189 -0.153696528137202 0.274222819801913
-0.386462046213554 -0.0398028138849715 -0.206118518315857 0.115886606215841
-0.271501499978413 -0.289772605541569 -0.130451235642604 -0.0307613277155795
0.0186165270397365 -0.435762618709745 -0.0426864582593577 0.0365296299700484
0.236179169575713 -0.518322476322012 -0.223550940426227 0.252086147254722
0.0249493322283384 -0.360272667776634 -0.483099051970893 0.599160639604166
-0.132370563785819 -0.297092496080391 -0.0666775909081393 0.563652846863914
-0.240390768306975 -0.138676112546071 0.138465131884966 0.17143427800367
-0.232733082864921 0.0534594476181694 0.00883111186850476 0.0438462631758847
-0.124234946971582 0.123069679267114 -0.153696533229232 0.150410374875542
-0.0579299355323748 0.150941892595747 -0.077541004180853 0.349885119152278
-0.000922714958138657 0.193561533719891 0.0634717678390275 0.415262647793756
0.013253993517943 0.176859901779262 0.14153404813341 0.40846590088671
-0.0246113915922786 0.171862193801778 0.0931318119048082 0.412278418927316
-0.107254036945984 0.126825213395802 -0.0439779883674629 0.378017089835683
-0.145856760935286 0.0354467184323166 -0.196179681755794 0.26950101518416
-0.155708638177383 -0.0501874316886277 -0.205024357413076 0.0861910743192777
-0.0992790030298733 -0.133883865389956 -0.116065672274495 -0.0176906020905947
0.00901495642712664 -0.204002384885524 -0.0211406246209999 0.110385118098481
0.102912351842344 -0.298118731532158 -0.268003358118688 0.374866484665339
0.0756557596378472 0.0200204686139338 0.220658554382127 -0.508144726524318
0.0347495880647567 -0.0389610058403213 -0.0313689982438925 -0.245809435328007
-0.0476690140007769 -0.0333894225415389 0.0670357890836046 0.0318594465117211
-0.0736598611252115 0.033586771795777 0.184671814050649 -0.0307123619877253
0.00446314814638413 0.0664972131129869 0.222598655074711 -0.215096688648747
0.0430346122669801 0.0419627837251012 0.0932189374096508 -0.395119139621114
0.0654734865000021 0.0117499133878029 -0.0805696833030304 -0.440465036822571
0.0574925568295804 0.00497440190169352 -0.143061803573063 -0.435154323497129
0.0561041142428351 0.00371755475533254 -0.0968591988444355 -0.449765996015428
0.038394190717262 0.0196702331419384 0.0424756684593937 -0.381795198207267
0.00311872126248766 0.039066796492837 0.148131091415494 -0.220626497305208
-0.0340145627449198 -0.00304770465127453 0.0364891955014545 -0.103848504004576
0.0268694277648384 -0.0347270915862296 -0.0487192280733217 -0.21137799225043
0.0725079489548865 0.0458436108952356 0.0961988470034895 -0.510727402539452
0.0316185980332101 0.105275135873453 0.574799240829619 -0.612418554297997
0.17259888029882 -0.231046638811702 0.202952691712776 -0.446702848296308
0.0229668688231825 -0.258613027318743 -0.0249106269602528 -0.222706064988697
-0.193050406367954 -0.185195351230536 0.0888997592720254 0.0267137817556111
-0.281817326155348 0.0259612912515235 0.189656818117231 -0.0271931468609457
-0.129325278926695 0.172770218537562 0.203899424614331 -0.204349122061242
-0.00483711549982988 0.192100455180231 0.0916994794612532 -0.365767800909239
0.106399853932517 0.191945248731016 -0.0740532549188134 -0.399678734330546
0.126743812792104 0.185573329445328 -0.11293071462614 -0.38700193498624
0.104541039906234 0.202439679138032 -0.073506648424206 -0.404016039593158
-0.016652609607376 0.213840124897817 0.0633265337803987 -0.331552935100408
-0.145102159255334 0.181101623729342 0.145324346593429 -0.171368209755543
-0.303556676068061 0.0109365265533433 0.0157427251036289 -0.073339101360131
-0.185473639427358 -0.215242441357013 -0.0568264909230242 -0.22133818858396
0.0622765750001007 -0.249679979022992 0.0703768385167194 -0.520866887891144
0.17682975436799 -0.202530822360638 0.50224940993464 -0.609812545027438
0.243031670564497 -0.462313409958724 0.132213264796475 -0.322538802678038
-0.0119800643105401 -0.465938567054991 -0.0242747416760732 -0.15335614959584
-0.342591359675082 -0.31616547070117 0.125714825671224 0.0282730424685097
-0.475408960239541 0.0321978397989937 0.197526777290896 -0.033025277221341
-0.248503314382014 0.271722926432142 0.165405396505666 -0.188722452174969
-0.0481527761711456 0.324494560181287 0.0727021836354268 -0.299601766581151
0.133916333456812 0.348598767252985 -0.0593405010148541 -0.304877166183981
0.176564367878419 0.340297254497713 -0.0668643763186447 -0.281397714605839
0.135888303296568 0.368073882871859 -0.0378964271452482 -0.291729748667188
-0.0716773856103276 0.377082603234128 0.0736747487729762 -0.22402806173769
-0.276019041702885 0.298568598684043 0.112446004609426 -0.0845345275239413
-0.537404079549958 0.023634701651917 -0.0281011323421464 -0.0260995481851492
-0.378274253432893 -0.36902290594554 -0.0815902560105786 -0.208016303933
0.0416782289928298 -0.512057719311103 0.0270564442449126 -0.477624631341061
0.297121563038368 -0.479767199002889 0.369811653583098 -0.519839515647094
0.275647000654399 -0.642525886554726 0.0200005956380192 -0.144713897925425
-0.0720420314570266 -0.637372670673156 -0.0218223038237086 -0.0313689490173347
-0.491592200911461 -0.408214328057922 0.172362791798275 0.0401725410847925
-0.637484897420454 0.0635523833489768 0.197776646347978 -0.0427882535973866
-0.335794302479001 0.360693046507484 0.105128143740009 -0.15476413432188
-0.0833786225938758 0.423992453033713 0.0432136123546007 -0.191580312512395
0.144374435352379 0.459553612520944 -0.0372649754083468 -0.163680287100217
0.200339458163896 0.442499130384786 -0.0091959420866088 -0.132873358304439
0.143098064025087 0.472563489803448 0.00430767500179786 -0.132759421404648
-0.118380252843064 0.476754539997512 0.0711548227887762 -0.0733243104184582
-0.366497938925263 0.368653985795188 0.0558570895361446 0.0301008044422653
-0.692247713278435 0.0350768736594565 -0.0844359925624643 0.0342080231135715
-0.511713239789646 -0.466273900835941 -0.110140840917911 -0.168714019142163
0.0162596156339541 -0.688825032582612 -0.0176094396342302 -0.375162630768962
0.369789304952007 -0.673617794581243 0.202206427264402 -0.352511260968348
0.26365062964465 -0.742805248028597 -0.119113352589896 0.0747097775258193
-0.139446108574291 -0.729694867055659 -0.0175551516488631 0.134892094911626
-0.591237023901242 -0.443032036843669 0.210345634330228 0.0637256565584459
-0.721047042449477 0.0991616057792686 0.175563878603342 -0.0421035298641546
-0.374477263390253 0.411492386587792 0.027993287040229 -0.0892696809121961
-0.0997383669642532 0.467927537704852 0.00830185276326191 -0.0465211293245097
0.138127131770778 0.503972207473194 -0.0100730432320664 0.00673111268116288
0.193602183958557 0.476951841489023 0.0490934866040995 0.035252951124903
0.126263836692513 0.501080359370058 0.0459533868765112 0.0452072508607334
-0.145569764944138 0.492258545469416 0.0568375938550484 0.0930159980567173
-0.397524536580952 0.36841664311702 -0.0147689755509166 0.150164575180784
-0.716263590672603 0.0299443739154842 -0.141866588409066 0.092470995118408
-0.542150611539545 -0.482232309313363 -0.13315967368336 -0.113091572056139
0.000394198698989197 -0.73383370982832 -0.0471100620861826 -0.230435879714472
0.380193856342506 -0.748470160736504 0.0267286832544671 -0.1367687607418
0.20754547370635 -0.730712755765895 -0.261441306859996 0.301391224449824
-0.179035597663174 -0.705053856594526 -0.0175687364618797 0.315639812185457
-0.585019476260573 -0.404967195639464 0.219021677765757 0.0970374320611777
-0.675801070354803 0.114413788028206 0.126897875371975 -0.0230179514148407
-0.348573207034003 0.38683505915433 -0.0504294033638231 0.00125075438556202
-0.0985133532807941 0.434170742626431 -0.024831373366699 0.114432225691867
0.1103252184365 0.472825422209742 0.0215954617952443 0.179382705527633
0.156192632985128 0.439627098864623 0.0994879479724025 0.1988137481383
0.0888452685735067 0.451712301290118 0.0788740253324587 0.212246618151511
-0.15486385979519 0.42352744302217 0.0317006703915008 0.240213810689231
-0.361044183966899 0.2890092725117 -0.0876400908002388 0.241808049153166
-0.602238917256966 0.0020114907909568 -0.186275211221514 0.125326923796023
-0.451190504600355 -0.418444436822711 -0.141546844472338 -0.0613337908639897
0.00428589654318783 -0.639175265346418 -0.0560983956335373 -0.0826951339362649
0.329067985432269 -0.691729715844337 -0.123706495041236 0.082529417775636
0.122785781978773 -0.598018126675123 -0.391162390033581 0.494381378957632
-0.174444771197605 -0.551997584397988 -0.0330789527838107 0.470145014799057
-0.458204695138251 -0.301004539915007 0.192160126609829 0.135628669161656
-0.49994308837156 0.0952504768349173 0.0650160414205861 0.0108689016615955
-0.259069871640867 0.283848484022834 -0.115318392314869 0.0922004733082083
-0.0842681679108792 0.323078626420419 -0.0531129873438574 0.259286975816803
0.0629033728791705 0.365247079445222 0.0507736975114644 0.326727044509332
0.095654595685965 0.334719120087355 0.134353234639712 0.331637716251697
0.035241466702863 0.335114713522573 0.0969426825944061 0.341854713154507
-0.141823791294888 0.291316335055766 -0.00286408159089467 0.341967088514407
-0.269526204474049 0.167114868611869 -0.150003352460727 0.284048466291595
-0.393948860735835 -0.0313119516278807 -0.207330855974813 0.122082953778261
-0.282972234533741 -0.289968265790936 -0.134260812049303 -0.0292392166440554
0.0135806491129421 -0.443210224451817 -0.0459309709939418 0.0344439462440849
0.231760020532825 -0.530095319548175 -0.227993379449843 0.26473187758612
0.019581207099131 -0.367558627735473 -0.487021187109277 0.617295463444874
-0.140479324782414 -0.302034478965147 -0.0621716464899183 0.574167923686526
-0.251345855107207 -0.139928113460709 0.146173587403792 0.17217221897039
-0.238241184557985 0.0616687152836485 0.0130636960230273 0.0423338361023938
-0.125688964111926 0.128644391411847 -0.153341753587805 0.155732957246266
-0.0573811774930283 0.15477867163715 -0.0730698041369483 0.3559777535826
0.00320166639209743 0.195957011229563 0.0733787607207923 0.423157783945546
0.0194941051353679 0.178967203603001 0.151116206023067 0.414760105496851
-0.0203287468264694 0.175717368193729 0.100706108042867 0.418117174887616
-0.106530209383749 0.131680415578629 -0.039064250667293 0.385567839227708
-0.148652834055752 0.0402613458661275 -0.193197530669267 0.278318091579706
-0.158434971728367 -0.0462423181884883 -0.205911697489222 0.0921901762740635
-0.104258294337766 -0.13349969227781 -0.11934532742863 -0.0151706332896221
0.00502053547869902 -0.207200064933046 -0.0227417659567321 0.109518722487004
0.0996660764650179 -0.304642165082681 -0.272165796059817 0.390849089567794
0.0793890485551158 0.0170584049849458 0.205794360779058 -0.531773474685334
0.0358501079868909 -0.04233444560109 -0.0413926756887395 -0.250048056973674
-0.0473619658725845 -0.0326652781868186 0.0708613707359698 0.0277242129760634
-0.0739061622712561 0.0366171447072087 0.186518518340173 -0.0404099268185605
0.00631258801795643 0.0673133001855634 0.216508552248112 -0.230947202131484
0.0463057081532362 0.0418971846048207 0.0757766804689009 -0.407413953573604
0.0680168803056394 0.00995532834431289 -0.101584203696131 -0.445008962267856
0.0578664084704596 0.00267496307807194 -0.165625294420598 -0.43901930302262
0.0569822529409642 0.00112115937345379 -0.119472582722104 -0.455458308150908
0.0386565159440323 0.0173705021990643 0.0269842501629251 -0.391228390511048
0.00531222839886344 0.0385356239993516 0.140497198196584 -0.232580424948539
-0.0350505722606266 -0.00274475676511369 0.0313513998236384 -0.107794477857701
0.0267239224164052 -0.0383302754153857 -0.0611349402261456 -0.215191660698795
0.0776485492023675 0.0443132906785965 0.0793378243724097 -0.527952281055717
0.0359823556755761 0.108904002538579 0.566895166346912 -0.658919709190206
0.167191445249098 -0.24341898439203 0.192600667904382 -0.466958242613715
0.0146427257229422 -0.264909065447115 -0.0332501257763599 -0.228047117228271
-0.204154491949989 -0.180176117878126 0.0940017803670306 0.0199881597013347
-0.287095182566078 0.0404936486521481 0.192003762284581 -0.0380914499980414
-0.126025061713965 0.182940709562288 0.199593776170441 -0.220013286526792
0.00460060686068578 0.198108230943294 0.0742940289589594 -0.3777187986003
0.117446182430131 0.191138887615429 -0.091821008101711 -0.404570703756209
0.138889418991794 0.183333738427912 -0.131434677722352 -0.392774643432945
0.117386481298829 0.201201236148867 -0.0928589063122331 -0.407821064296167
-0.00788430569312501 0.220033596569871 0.0517755252132102 -0.342006227644608
-0.140893575974285 0.192473861106874 0.141313481303102 -0.182465554468275
-0.310464248162397 0.0260294968716526 0.0114253561623447 -0.0769930028567166
-0.19964346056059 -0.213970366107779 -0.0704178457962403 -0.226860965174663
0.0546056962828267 -0.258130390630108 0.0512917064661198 -0.538640516662592
0.16976549591413 -0.212541713295178 0.492841651520005 -0.650554975336318
0.228946910805815 -0.48251550270391 0.126298321265662 -0.340248413874008
-0.0277126849084556 -0.472934709499187 -0.03045767824249 -0.158074278527124
-0.364014872362218 -0.306086273606753 0.132038821410204 0.0195528800664775
-0.484672460784325 0.0578691014326599 0.200980733421556 -0.0460896898719682
-0.243354024704816 0.292636252639117 0.160985108069615 -0.202239123465063
-0.0347576993651894 0.3355250572371 0.0580505070539705 -0.310183654118174
0.153158805571099 0.349084133629319 -0.0706010684023185 -0.308339224038982
0.19853828820548 0.336507384137226 -0.0782784702112797 -0.286063415679071
0.157288347307435 0.36945952790141 -0.050412103956408 -0.295095108842683
-0.0561836640640825 0.390618994229876 0.0669904896718718 -0.231151589482536
-0.269798087726999 0.320197788038704 0.113051316600376 -0.0915131947207966
-0.550169332751125 0.0508101588418674 -0.0309140040826159 -0.0268677896718407
-0.404906383657992 -0.362534055135356 -0.095208626209962 -0.213150402490785
0.0219793369723396 -0.526215262928617 0.00816751012415491 -0.494451406948557
0.280220629094728 -0.502037378367996 0.359641991821863 -0.549824633074903
0.253948032357245 -0.668223203495687 0.019147641873309 -0.153593057112339
-0.0999983008553895 -0.645561424350667 -0.0231686738133336 -0.0348999675573099
-0.522381816809026 -0.392532400663173 0.180924373455442 0.0285138119703003
-0.649437968955703 0.0977726313057269 0.202655468846599 -0.0566067453195684
-0.330351192543466 0.388357110177665 0.102464290428118 -0.164301829667809
-0.065854719329667 0.439168221572368 0.0325460246744939 -0.200278974105877
0.169245522961106 0.460644189388973 -0.0403282514389095 -0.164984311368585
0.228386502930674 0.438987317431613 -0.0130570247143306 -0.136250978301193
0.171226899532502 0.476597763793558 0.00045339294372344 -0.134003965107677
-0.0996630221604413 0.495849450263371 0.0722545119279619 -0.0774164122397434
-0.362309125307626 0.396461556531964 0.0609596561848682 0.0285884256326706
-0.707417148648973 0.06969838726724 -0.0854953838271421 0.0373648411054991
-0.547653435507703 -0.456126333347935 -0.12298623495532 -0.170029208764489
-0.011814909993925 -0.7065639893095 -0.0329564952877948 -0.386519138626908
0.344437176182382 -0.704087407835071 0.194065834612658 -0.36723208976527
0.237033919464906 -0.768611759356968 -0.112982978411174 0.0757587032694643
-0.174629503660792 -0.739953143517462 -0.0120555993019126 0.135965877951012
-0.629273592215542 -0.423278962251744 0.221639000022821 0.0508990344739516
-0.732903903042351 0.142087043089381 0.180789610101296 -0.056010163292031
-0.365797992107897 0.44207917084868 0.0275055387474374 -0.0947236100056499
-0.0800210326038903 0.48465866234002 0.00379971824626149 -0.0509196475066497
0.166015782761073 0.506726069904075 -0.00412735993759485 0.00778068519122749
0.224823238908607 0.474097334255196 0.0542935340549912 0.0335403940842703
0.157103006290206 0.50455677336341 0.051120030125078 0.0457554232168377
-0.125717888732958 0.514750835213515 0.0650520044784714 0.0937051531490426
-0.392325656488037 0.397408861427393 -0.00573446641973193 0.154151821893867
-0.733250133798261 0.0685947281151329 -0.140720875409329 0.0992875404466051
-0.580480568577163 -0.469533495861667 -0.14330571718619 -0.11221930172899
-0.0287500291796405 -0.751828793596253 -0.0592739450081244 -0.237151761286403
0.353872977722111 -0.780177012505592 0.0221086126334241 -0.137136518842771
0.18092810046551 -0.754017866961497 -0.251225820456529 0.315742756394089
-0.214744393901326 -0.713036197784898 -0.00458246901968058 0.321476269481752
-0.622436513128122 -0.386989199271997 0.232549311434179 0.0853482980423334
-0.687114411285061 0.155383218260743 0.132923684987955 -0.0335594528672395
-0.340154339276666 0.418175329496509 -0.0492600606866129 0.00181076625389891
-0.0816832433513718 0.450914226220609 -0.0222156573431972 0.115058144519883
0.134758644082158 0.47722017563762 0.0362527047730644 0.182978873413583
0.184782631661121 0.43892994141865 0.112931373515324 0.198865066494977
0.113766669691123 0.456309134246618 0.0917952967649941 0.215077736677336
-0.140098490598142 0.442550024481964 0.0451157892427103 0.24604490249755
-0.357792834206258 0.315957694415491 -0.0754488775810346 0.252428859981831
-0.616497968165015 0.0351326202194992 -0.183819796734289 0.135938663787077
-0.482553812903835 -0.40659941917144 -0.1487554644513 -0.0579887185778667
-0.0227432942323897 -0.654625505869442 -0.0637672380844186 -0.0855389287174667
0.304707665564313 -0.720716122495233 -0.124033055793708 0.0952917278443295
0.099887795022169 -0.615738442726753 -0.377360579892767 0.521059205497339
-0.204394046210268 -0.556896012889603 -0.014797415591042 0.481431182576648
-0.487349246988034 -0.285318158295573 0.206520678603918 0.128017637923941
-0.50995327522762 0.124828847903042 0.0714449602912879 0.00433302872821296
-0.254033105864648 0.306465176331777 -0.111470067604887 0.0976072791418736
-0.0719300146205778 0.336487547384897 -0.0428774172308721 0.26456804801898
0.0819513784725369 0.368616503545926 0.0724965848665708 0.332010636713771
0.117389898103753 0.335362072804184 0.154832455183199 0.334450584012508
0.0545586033849901 0.340590718878668 0.115494859063389 0.345904933622956
-0.130082531010288 0.307403937677602 0.0124782724869563 0.351007269573211
-0.268955431889278 0.186342502059817 -0.137685560652234 0.297998472899385
-0.40326225218102 -0.0110287238726939 -0.205543730492684 0.134633903630894
-0.303022620027844 -0.282805985681084 -0.140296557090326 -0.0240038520983773
-0.00598985388622782 -0.453383982774206 -0.0486800319826605 0.0339948693248164
0.211430062853994 -0.550219790779947 -0.223793666049664 0.287741864426933
0.00461616886390493 -0.376443704752526 -0.473758867040752 0.651342377153658
-0.158310807473358 -0.303280542809683 -0.039961543145066 0.589458591212738
-0.26832685420981 -0.131841373169734 0.16033127061049 0.169761474231194
-0.242553369055057 0.0763822941818646 0.0183364612219734 0.0402971822681253
-0.123233904341866 0.139405520903641 -0.148416418808318 0.1657862611771
-0.0530026075909849 0.160999876593879 -0.0586716354431239 0.36589869450531
0.0133033510150326 0.198487831561084 0.0972274758334352 0.42918704269019
0.0306428234715114 0.180575125600552 0.173677193177117 0.418775312718724
-0.0108791353329802 0.180556809137146 0.121474993171645 0.422398249791768
-0.102097653816521 0.140519453986695 -0.0222947919080349 0.397802316856467
-0.150832875673095 0.049756747799798 -0.182298343983233 0.295364375316776
-0.162670160483682 -0.0376634179438611 -0.205878007327583 0.104816428473451
-0.113752240337963 -0.13015000577212 -0.123055075222194 -0.00901394738347011
-0.0053773111904355 -0.210830409232722 -0.0214650139491008 0.110918238080176
0.0868065057108825 -0.315640149144908 -0.263730933239005 0.417931791415264
0.0801010665560395 0.0117203251519154 0.17117010580052 -0.545184390011468
0.0350558944369257 -0.0455126118880972 -0.0561086490417138 -0.246293914515361
-0.0469297059451573 -0.0315452186793478 0.074104911915975 0.021487912148111
-0.0717742925784473 0.0403351994960068 0.182525280788463 -0.0540367695371824
0.00935626683385017 0.0668218823479157 0.198433544894171 -0.246552630080727
0.0498673015809072 0.0387954419917426 0.0463654031732464 -0.410131495470325
0.0691171071748913 0.00581708685727757 -0.132170532792775 -0.436502793588076
0.0570391528405049 -0.000990607040478965 -0.194661825582687 -0.428295731633072
0.0560834766285726 -0.00294217127490128 -0.150381248205203 -0.445349797267344
0.0379175287689999 0.0137671062018525 0.000997429660982852 -0.391380727796722
0.00753739482740761 0.0372344452603489 0.122329637348858 -0.240971594364082
-0.0356258600160312 -0.00121385222845112 0.0219213251159177 -0.108726493549403
0.0253536710444996 -0.0412456972281569 -0.0786353718731959 -0.212036249214287
0.0809951268619104 0.0390122925763457 0.0477686722930367 -0.530816997373099
0.0421854843066406 0.108365467051056 0.523680037247006 -0.69741987095812
0.15013291580584 -0.252727365790333 0.16427893172661 -0.481798564252856
8.0196852039284E-05 -0.264313907351615 -0.0472740719131043 -0.226384763102412
-0.213023394732518 -0.165339548101331 0.0958626833703853 0.0103137305271013
-0.283858715115648 0.0603008992603534 0.188687449732546 -0.0526876049505189
-0.11433870479333 0.192271771122602 0.182673329646392 -0.23425201187394
0.0181755278480798 0.198108219466691 0.0461093911743553 -0.380820519645685
0.130164720344407 0.182839391387919 -0.117286075925749 -0.3968446984551
0.151120361935585 0.171859982542063 -0.156967134709239 -0.383465801043353
0.130965005967364 0.192217278766398 -0.118555349677841 -0.399707639296151
0.00612860705243277 0.220789605780821 0.0308697656035067 -0.343499986160429
-0.128051651697659 0.201671260997588 0.128176431377421 -0.192041949712273
-0.308430503217917 0.0488792601673161 0.00422954937866479 -0.0784996429731872
-0.213553075859028 -0.201359590045345 -0.0885416800611006 -0.223799347981071
0.0383949873668355 -0.261428412796072 0.0164237058908498 -0.543653709303594
0.154744792443285 -0.220251526058172 0.451313712529881 -0.684930212359114
0.196263768611596 -0.494141687079956 0.107491762016306 -0.35327727412093
-0.0571232241032402 -0.46670259869199 -0.03986893437255 -0.15781072687434
-0.381827118379418 -0.27786382252051 0.134096827468498 0.005229234863181
-0.480054088670386 0.0925665151524777 0.197425447873185 -0.0624452173401679
-0.224060821009317 0.310315482703241 0.146597677807841 -0.214901113378812
-0.0115831572417812 0.338517946295573 0.0334736637418904 -0.313440432277105
0.175927068450952 0.336501268814481 -0.0875141481063296 -0.30260367208723
0.222899127640255 0.319144909531765 -0.0956105691323711 -0.281262325682843
0.183741413687574 0.355910111969367 -0.0683746397955636 -0.2891545726157
-0.0297046119692415 0.395216011103231 0.0533218032445735 -0.234563973759428
-0.249390038766803 0.339097704814117 0.106654508010713 -0.099804820220103
-0.544076750938764 0.0923073215034308 -0.0348309092407047 -0.0267720319678584
-0.430754581012152 -0.335174560498924 -0.112186872081191 -0.208377613794387
-0.0107574724460968 -0.52620912427056 -0.0238762629555307 -0.497381145386362
0.244601454866944 -0.514922602414766 0.325946113440411 -0.574144550796673
0.207783019131717 -0.680697320078419 0.0142023619600375 -0.160831384956898
-0.138743274856128 -0.633329714878904 -0.0255548654960721 -0.0363408929342361
-0.547534527993166 -0.352890203631347 0.183989668029953 0.0103115179873303
-0.641977065824878 0.146291583213761 0.199508033505703 -0.0743873096362335
-0.30273595852149 0.413258774652437 0.0908845566439872 -0.17357182217028
-0.035197055226081 0.445664594274558 0.0158756644631292 -0.20270403089106
0.199151130467197 0.446572969799563 -0.0468920013528687 -0.161974441199993
0.261465184778654 0.417477109745072 -0.0195695017758965 -0.136586756226216
0.20460436370635 0.461150236920639 -0.0060564108027384 -0.13280744747138
-0.0646816608834872 0.503795808733555 0.0690527889074296 -0.0811236220088057
-0.335370827611864 0.4227634491986 0.0645428432229167 0.0230840994001852
-0.699878588949159 0.124441566310711 -0.0845914856983108 0.0407998175833971
-0.580476718178889 -0.417319890501377 -0.136245235887022 -0.164272715045413
-0.055505952608602 -0.704442061543144 -0.0600499860095722 -0.387420904306725
0.293007079008812 -0.72068482238722 0.171521751657355 -0.378946515794171
0.183624169979105 -0.780759916203664 -0.10319815011439 0.0766214563094275
-0.219711951456881 -0.722682049828706 -0.00292601718532622 0.13277557680992
-0.659352489591014 -0.375181806709607 0.227129892728325 0.0292138603829176
-0.723365135272571 0.196892538127535 0.179011473504472 -0.0732224740188595
-0.334923557031166 0.471462546020087 0.0216339833813709 -0.0990483885041882
-0.047565388290346 0.491678639952077 -0.00260258432076719 -0.0528285877869634
0.198492365283626 0.492749215760226 0.00229195285244396 0.00676019291278141
0.258958528608403 0.452901368546471 0.0593283930525723 0.0287603649972292
0.192628153354944 0.491185952756307 0.0565148086833039 0.042877486468145
-0.0889329974678468 0.522879627135002 0.0729948369524312 0.0900731743636562
-0.366336651999451 0.426755175648625 0.00844683986085239 0.153863401731195
-0.72495267129345 0.124046194005458 -0.134567854161663 0.106697065931717
-0.613284883224005 -0.429109885521707 -0.152462110685543 -0.10274084273569
-0.0776072596956182 -0.747977747026695 -0.0773883225804652 -0.236275359221147
0.296149650089649 -0.79823826681403 0.0143931568671769 -0.134317514251701
0.130834496150942 -0.762492692217939 -0.225556163101577 0.326818472024453
-0.259151591118188 -0.695624631471332 0.0163025641880843 0.318485459779329
-0.651314181764208 -0.339602773857613 0.240773166657324 0.0638493629975898
-0.677642520835097 0.206918841232429 0.133240316868455 -0.0471846296887544
-0.31003973627498 0.44510826991658 -0.0471690042535677 0.00280504528780866
-0.0513418189313497 0.458022549653365 -0.0165392976536373 0.113971674825354
0.166601729621231 0.464426434586494 0.0535190605725443 0.178632194443466
0.21782006911715 0.419906506249947 0.129086538466687 0.18961488107406
0.148123954609316 0.445165962334268 0.107462728434478 0.208682454228405
-0.107635246153432 0.453844339250742 0.0637233463802666 0.24373360136287
-0.337126403790377 0.343251159790968 -0.0547388792669735 0.257054828519885
-0.611538911273468 0.0804112234488317 -0.175552165111934 0.147251497859383
-0.510261095068494 -0.371250357574613 -0.153495678279172 -0.0484109537403264
-0.0655518855196702 -0.64959874589162 -0.0724504798172856 -0.0846161277967889
0.25307311409555 -0.735638590458121 -0.116104243664701 0.108968862149676
0.0602787846501242 -0.619527031058307 -0.341494783410045 0.539792273648009
-0.239449474712469 -0.541576528116435 0.0165110663994896 0.47953291202889
-0.509258231680404 -0.249745515739065 0.217581524297392 0.109831820807147
-0.4997519768776 0.164858667520747 0.0740086478300135 -0.00502556215993762
-0.232245675093162 0.326734547022199 -0.102911779017768 0.104380096106928
-0.0499496346684319 0.342312460503362 -0.0266853349233111 0.264815449289143
0.106311693473877 0.360610676243865 0.0986761138423679 0.324654329329241
0.141940844432542 0.322039313597756 0.178325186076278 0.322837077170377
0.0800771876971991 0.334198272282556 0.139583522495927 0.336972586071
-0.107951456721671 0.316716465593738 0.0387170614535959 0.350661454872998
-0.256670739485717 0.207075634808838 -0.113334059224496 0.307322853865218
-0.400656841994745 0.0199206321449152 -0.196086591210032 0.148337903752587
-0.323703989979292 -0.259296075912537 -0.141815946327204 -0.0144088061829734
-0.0361280389030853 -0.450048121631449 -0.04999466892698 0.0346753981131893
0.171348617123103 -0.561137802225388 -0.203745876839515 0.309186508137926
-0.0187284909961155 -0.373985287283558 -0.431181762669603 0.67862612161824
-0.178836978946586 -0.292163978221887 -0.00279940009165526 0.591256771407102
-0.281477154547441 -0.11263216909137 0.173636840368817 0.15690307564695
-0.237291050475194 0.0959473490095294 0.0233393397230083 0.0358776374304517
-0.112984367128758 0.14944967108931 -0.135760134042707 0.174613400725389
-0.0432414335809913 0.165315934910345 -0.0337309067542813 0.366745661827518
0.0275766772420392 0.195878172972033 0.127172284094134 0.420860275956735
0.0448995134930971 0.175271710519699 0.202711878725678 0.407328456938856
0.0039702207418347 0.179800801011366 0.149249490681276 0.413435450754678
-0.0909315825301996 0.147917748918021 0.00514995700395387 0.39863753616115
-0.14662926916662 0.0618082158622744 -0.158508977930786 0.307172578600246
-0.163229253990011 -0.0247592779854489 -0.197238744579336 0.119254133550835
-0.123713489645581 -0.119369296003729 -0.12339925610495 0.000457911449485037
-0.0196110788850991 -0.209200660015347 -0.0179409780025624 0.109846495919802
0.0631151642186103 -0.320448058552292 -0.235841455205794 0.44101433841525
0.0774423946993253 0.006154648623612 0.132983251548896 -0.53554859502244
0.0321237852062709 -0.0466701553887357 -0.0665202442561843 -0.232846233693587
-0.0445690274615493 -0.0300963501970605 0.0734622086126403 0.0149189701694824
-0.0676044289196995 0.0423130339537379 0.171526106699714 -0.0632863323173136
0.0111111215932314 0.0635730240900671 0.174101893625878 -0.249602279060461
0.050818184590465 0.0342787416666091 0.0185832815038901 -0.395569165877455
0.0671835981392372 0.0014892766518129 -0.152813938938044 -0.408921088073398
0.0547088116825655 -0.00316358477348981 -0.212103934089645 -0.401458822355993
0.0523814693528918 -0.0061792918005479 -0.169852310434583 -0.418111059477175
0.0358976596749736 0.0110364710772264 -0.0202267052422167 -0.37538730222154
0.00955059216963685 0.034080042436708 0.102230106164456 -0.238498431191556
-0.0348933506737338 0.000436753466507295 0.012735523358862 -0.104278699993152
0.0226397526061808 -0.0426510752841122 -0.0902817594720835 -0.199837850454385
0.0812495109237768 0.0333129746354362 0.0169250023067471 -0.516505747610269
0.0469573774263077 0.104414898131158 0.464346764360956 -0.703853666324123
0.129464097472634 -0.249769770469594 0.133443520731241 -0.477531822056782
-0.0121934468862607 -0.253253124387322 -0.0573070703892702 -0.214713210479716
-0.211721290715091 -0.147370313868791 0.093370700465835 0.0017243247348398
-0.269991043452083 0.0753642012138187 0.177390540428626 -0.063327109631182
-0.0999948245065296 0.192674743560969 0.15997779194361 -0.237169038458775
0.0293431893110402 0.19011790884754 0.0201921672414739 -0.367175992609092
0.135796281837187 0.167347407076663 -0.134606213109633 -0.373155516965155
0.155277553177787 0.155213573163869 -0.172074689499814 -0.361042019738265
0.137073658834608 0.175960252690906 -0.135845322956226 -0.37535354927913
0.0176623364082937 0.212522582017289 0.0114849005822078 -0.331817247707478
-0.11123997655237 0.201853566428212 0.111050098919465 -0.192475757470725
-0.293718965975889 0.0646310308471028 -0.00396213109781244 -0.0752222035242213
-0.21751015569649 -0.182100056356186 -0.10117882489982 -0.211120929843015
0.0232617382500136 -0.252659451814158 -0.0125075245241241 -0.525837868820001
0.135086934034925 -0.216172717027412 0.395233958334395 -0.685763347413219
0.159529388663876 -0.483577195035618 0.0871488131347063 -0.352332923411947
-0.0769175805976782 -0.445337458265105 -0.0471583662853527 -0.151645022062319
-0.381084244020037 -0.243754165926227 0.129470308319463 -0.0070187467809834
-0.455360084054839 0.119109066318568 0.18539705210513 -0.074013003173595
-0.197144453501862 0.312977010724651 0.127095496179249 -0.216058146591945
0.00879137088150174 0.327245838843762 0.0116516960403681 -0.302603525149599
0.18858573211226 0.312553295870012 -0.0996347459501108 -0.285667663732681
0.233510288773736 0.290870583213753 -0.10729705855241 -0.266734059453423
0.198466486987369 0.329991929512737 -0.0802755326340905 -0.27338290769346
-0.00548804813783643 0.383125215245908 0.0397880717214732 -0.228655238602187
-0.220934185918352 0.343060793035995 0.0974271728354302 -0.10286664618951
-0.519256940348318 0.122309356270619 -0.0384606229366413 -0.0236586576253042
-0.434613288235851 -0.297992094009471 -0.121864871532819 -0.19546768034676
-0.0387265145305285 -0.505880429310357 -0.0504860470690613 -0.4793707720659
0.20368111979945 -0.50481024548577 0.281868497634373 -0.570910428080439
0.159928203276374 -0.664960449361383 0.00765109790457462 -0.163309401062137
-0.166094364749878 -0.599487222914531 -0.0264487280880141 -0.0357395117204793
-0.545073253519366 -0.303911034084994 0.17766731211846 -0.00698124702050165
-0.606438096793259 0.183782924490898 0.187138845047592 -0.0873571802226549
-0.267318940372418 0.417324197630961 0.0769859146670244 -0.174046738891078
-0.00759631862319975 0.431683135431215 -0.000257163290070048 -0.195940759658527
0.218778982191497 0.417040364787546 -0.0507435424031358 -0.154257037277305
0.276226429916442 0.382033793403213 -0.0254124647077968 -0.132304780830304
0.226107571700138 0.429175239875646 -0.0117461682890631 -0.126418988592659
-0.031752715203065 0.489175012462653 0.0637450631000561 -0.0814128222700328
-0.298235179193031 0.42946949168166 0.065046076499912 0.0176464158977507
-0.664791484759933 0.162815952903567 -0.0823813603383915 0.0426392162808478
-0.583809479739908 -0.366884995822756 -0.142989101849531 -0.153005125889586
-0.0927739506837229 -0.67226528416514 -0.0807645481346659 -0.372410322462195
0.238214644689756 -0.702943133760756 0.145229021093886 -0.371034984565604
0.131322406808364 -0.758049684064069 -0.091818539115121 0.0720230327490461
-0.248727734149635 -0.68120147578634 0.00365917679526552 0.124566199669731
-0.65607145826738 -0.31728667133316 0.220536912923934 0.00827436009608589
-0.682709967726118 0.236953826713205 0.168578681258579 -0.0851456778373517
-0.293645653674649 0.476316495610064 0.0153942235373283 -0.0988769896139144
-0.0150532981191291 0.477306117844016 -0.00931900823940451 -0.0514694323162064
0.219878579618477 0.460645272909236 0.00720208168162422 0.00498086761445815
0.278644566849726 0.414675295256508 0.0606072748885455 0.0221274559217263
0.216241012213653 0.459546744683781 0.0589948373548066 0.0389741032521183
-0.0552176403561693 0.509847222283906 0.0780839915258136 0.0828129559856441
-0.327061142354689 0.435854071597891 0.0192623233090588 0.146577130066376
-0.688022599479626 0.163360829898959 -0.126234148674064 0.109776080792145
-0.617267422004236 -0.373781306009858 -0.154022427272773 -0.0928087654221942
-0.115779001520528 -0.714649157005884 -0.0904386448791254 -0.226058300277041
0.238065431058608 -0.777122352130463 0.00889754107774633 -0.125913558900151
0.0818998087724133 -0.739318561532536 -0.196443694797843 0.319903845202421
-0.28617258332933 -0.652914732826578 0.0333358650511732 0.301940699673114
-0.648546546944514 -0.284751141408549 0.236279344468289 0.0412741317468015
-0.637899208128564 0.243797468243792 0.126333097170693 -0.0586157218308699
-0.271447594888818 0.449069957385803 -0.0446828654033967 0.00341280554388494
-0.0235105810863588 0.446334166616247 -0.0120966926473145 0.109095738948999
0.187777129938782 0.43458643732691 0.0665368784795833 0.166847044731419
0.235990067863322 0.385863163030648 0.137199049297808 0.172934142506539
0.16976284156541 0.416720668553956 0.117442621226545 0.195050757407546
-0.0752547038149808 0.443623925964923 0.0770292589613951 0.230851531365727
-0.30440146925496 0.353413893514538 -0.0348111674752818 0.249464869060316
-0.579572348742796 0.117127621193872 -0.161587481640639 0.15131347129817
-0.513276540469169 -0.32335413421403 -0.151251021276154 -0.0400152660552086
-0.0983570407909011 -0.620468017953698 -0.0778657346312359 -0.0798592056768494
0.196363867180231 -0.716016537022601 -0.103198238120369 0.117409605403833
0.0250487251325116 -0.59777486845264 -0.295778861418896 0.533190953465056
-0.260635863904719 -0.505541246400166 0.0421017395863571 0.458506844073517
-0.507752133873896 -0.206252717051574 0.216906039279426 0.0881488014217447
-0.47217671163754 0.192248614708238 0.0728684454890117 -0.0133499909238472
-0.2023461354169 0.331029989347077 -0.0918579995505768 0.103874002968848
-0.0278999681063829 0.334698713264334 -0.0124024490854789 0.253569559695866
0.123558960143057 0.33888935508794 0.117213384240389 0.30445350110252
0.157507824885442 0.297188303333332 0.192635048995164 0.299513091068322
0.0993544852576557 0.313709349955005 0.153615878497818 0.316819050001893
-0.0835180776010619 0.311661987727116 0.058802096738954 0.334547369068573
-0.234998239978794 0.216470657291306 -0.0879533122598259 0.301841875289573
-0.380871884273487 0.0456134883798785 -0.179954609316279 0.153310137514062
-0.327373908527138 -0.226755721562714 -0.137470354624739 -0.00631828244646405
-0.0605764452422503 -0.428190118095233 -0.0491601291449397 0.0344022573574043
0.129234648765607 -0.545494124553214 -0.17625228577941 0.314689676928386
-0.0370108076523322 -0.35787767537515 -0.377667863682881 0.675592116730683
-0.187564246739325 -0.271430748745838 0.0301040371168093 0.568477472818353
-0.28110637494003 -0.089645735500687 0.177329725609501 0.138827032158984
-0.221699304133529 0.108848692573049 0.0260250894242059 0.029499256500947
-0.0994821197311765 0.151595733508009 -0.118910751469353 0.174904876690593
-0.0322604598925319 0.162939610746022 -0.011611223562456 0.352748055679248
0.038135298761856 0.185748678645849 0.149473187037472 0.394965117609358
0.0556361802392646 0.163681918656237 0.218735259860097 0.37920916902123
0.0168424894068224 0.171432871948569 0.1667513442364 0.387516832539905
-0.0766123346097587 0.147581627139962 0.0289367768675763 0.383209904598295
-0.137056216533713 0.0700473509979251 -0.131340920538132 0.303987218759238
-0.155532756612805 -0.0118473920804253 -0.181351828128471 0.126751247017516
-0.126741813835806 -0.104582604843246 -0.118456940843796 0.00816335058711729
-0.0314220146934553 -0.197774495797666 -0.0146883516399048 0.104928004749261
0.0398998054693728 -0.310477079590533 -0.200180714029374 0.443899501284361
0.0662214863329207 -0.0120076843243583 0.0396859718940986 -0.521953796273892
0.0200097622606312 -0.0479447229205199 -0.097569628200693 -0.209886932139982
-0.0429230440489459 -0.0257945136148125 0.0709877635797873 -0.00223155152321787
-0.0567057479870921 0.0439934836947623 0.145954126450716 -0.0881783222409623
0.012539938707268 0.0528941071510868 0.122152823028803 -0.259440745541372
0.0467528762757082 0.0253183375973224 -0.0400413200020685 -0.375479833338319
0.0587819380579059 -0.00676083247894231 -0.20259663941283 -0.367384735067869
0.0472089881497404 -0.00868650630699617 -0.258664498461476 -0.347037380510105
0.0433692121330134 -0.0119463154223848 -0.226845676923224 -0.369711358770307
0.0318977073200666 0.00379246465437647 -0.0809386084564974 -0.351970201711785
0.0118637814711744 0.0273591737032741 0.0571283726288445 -0.240459902709451
-0.0327454079453271 0.00286636875904146 -0.00512422455711739 -0.0983281578178905
0.0161749851256467 -0.0454673553856866 -0.118850558807484 -0.17181418000836
0.0832511298478883 0.0137881121998251 -0.0676976834385541 -0.483220143020693
0.0603144178898066 0.0826403802846631 0.33366670450052 -0.724398221440899
0.084403275366627 -0.252755449306932 0.053054622861106 -0.482119410922132
-0.0465355278274085 -0.231227603538761 -0.0867850327461697 -0.203803112936575
-0.210070814374267 -0.109608315120581 0.0769043474654991 -0.0296327844412502
-0.234846292407637 0.104307746563093 0.137254073638976 -0.0952213113424774
-0.0719467465117133 0.187611115573455 0.102745126385687 -0.237928137043402
0.0471983109671512 0.174080128875757 -0.0373103479357133 -0.34197208909205
0.145304073560664 0.137207526185077 -0.178904823291361 -0.328372867601243
0.1609107367833 0.124769580930404 -0.216211275042144 -0.315179197948297
0.147483535831995 0.146121778263784 -0.191414239071042 -0.336931663318921
0.0420273031736036 0.196329069435573 -0.0477237932096306 -0.317196906469969
-0.0820006518365468 0.198536218857303 0.0726909445129502 -0.199763515272895
-0.267864346307032 0.0990985033044022 -0.0127533226892898 -0.0720953745619316
-0.223105581659098 -0.146757254997821 -0.13132879147136 -0.187511973958342
-0.00866963132071215 -0.245399868969457 -0.0928652067588654 -0.486228792546864
0.10433919877528 -0.228493429419065 0.274819080370747 -0.696631016988862
0.0852312254965889 -0.469514630013006 0.0318932260775643 -0.370069983724634
-0.129123845768492 -0.39718308842327 -0.0690618728190106 -0.154256306247775
-0.376569798037369 -0.173863083817644 0.0981913808544259 -0.0544266715414877
-0.397494476705283 0.171988544250456 0.130319316039358 -0.111974262836653
-0.142638770789682 0.312201767302206 0.0676646158701425 -0.205179234276369
0.0470912599518556 0.305530398391203 -0.037263558977231 -0.27329439794304
0.214009773868605 0.263196807923964 -0.133344728772557 -0.242133795592012
0.250332783031754 0.240891211582569 -0.140693491421025 -0.234822987852527
0.226369685892301 0.2818900974082 -0.124681166847602 -0.248804107792085
0.0452489735824494 0.360011767888104 -0.00704561697767206 -0.226496286247398
-0.16795082557096 0.344115223342744 0.0752898454273673 -0.114903927125202
-0.470662706239786 0.184554831310355 -0.0345096960820596 -0.0220171503489921
-0.439390715665276 -0.228485494179207 -0.150392770863991 -0.174006751096311
-0.0997322675110271 -0.472858545065525 -0.115967528659384 -0.434973985579759
0.132750106277931 -0.505214345000643 0.18913687540046 -0.569547912428071
0.0674038619220493 -0.631817947627348 -0.010508440108796 -0.190715446657494
-0.22927466993351 -0.528988051259928 -0.0342509653482196 -0.0561931249925559
-0.535086399322149 -0.206262897945468 0.132866028139879 -0.0695305705353828
-0.524806923772083 0.253013339055572 0.118359155016496 -0.127599353829845
-0.191390418035609 0.419349571505904 0.0224645194670301 -0.152303301576383
0.0467589032471834 0.405588601448486 -0.0334870413901731 -0.166285896938645
0.257111571016472 0.354931748381762 -0.0683533682090402 -0.119700138095801
0.303121890943026 0.319260969918535 -0.0441655309215192 -0.118963732654849
0.267453341467708 0.371064157340525 -0.0381143786157953 -0.121922869666085
0.0363564526430684 0.464014966285388 0.0374699751444975 -0.0925179689074372
-0.231826214470616 0.435329608458044 0.0657402633021135 0.00281398205815838
-0.604366244493421 0.242544891202504 -0.0621645435432335 0.0465304817172386
-0.585753246759178 -0.27233250290587 -0.162593495712325 -0.134004320767002
-0.173142925995805 -0.61955842323686 -0.125151159384249 -0.330088614862846
0.140754845894944 -0.693175483671497 0.0922866970456114 -0.362159026325454
0.0311223877399022 -0.711808806720802 -0.0652722838776235 0.040542041772057
-0.314256154801685 -0.591361192283686 0.0179123463956138 0.0867221787849172
-0.638582722117006 -0.204494740459314 0.168731626690992 -0.0651203208657416
-0.586282516632387 0.315042789941956 0.0950155657071386 -0.123060631120077
-0.206313800434107 0.478222249856599 -0.0247988450724664 -0.0685102855361501
0.0475201707974954 0.450272676279871 -0.0209149485983694 -0.0267983098108473
0.266156557528867 0.395736174166771 0.00891481859491367 0.0256365655815642
0.309762062220008 0.349265423484784 0.0592001462138451 0.0151772226506611
0.264063855209824 0.39917072928308 0.0545291672024813 0.0242374129175155
0.0191040756679904 0.488309790235734 0.0773236628771222 0.0604428940251037
-0.254820184531293 0.446287644724681 0.0445105453189332 0.13113830994288
-0.625904283786967 0.248778870348624 -0.0922695026750341 0.115298385348371
-0.616420251134751 -0.2741150335705 -0.163155324362465 -0.0762354821428373
-0.200994816199108 -0.652892002396891 -0.110756354601649 -0.191338726947967
0.129265401208317 -0.759329544806791 -0.000160836194624334 -0.111618595882304
-0.00784613828205295 -0.682395463204695 -0.124968100010542 0.290855153248887
-0.342611120308192 -0.560530184155582 0.0717833522802992 0.250963361911502
-0.627393963038007 -0.176092048762932 0.188593166079502 -0.033139184305314
-0.546403044362159 0.31657701159856 0.0627878250544259 -0.088961563197691
-0.186462292150446 0.451461638268142 -0.0627221278160427 0.035197347627516
0.0378724525465164 0.422052223370646 0.00116992696151843 0.12465026488853
0.234435604160701 0.376376303785366 0.0882122389274392 0.170474813161913
0.268846509611881 0.32748994646779 0.154382103205598 0.146581626486162
0.216613549347338 0.366696116184376 0.135326110683374 0.163366458105164
-0.00814360533678187 0.428660358931116 0.103068541151567 0.200369381545378
-0.242650351110818 0.368515616789435 0.0113684972911839 0.237539844252054
-0.528895487812082 0.190034616031599 -0.119130028411361 0.161037377407351
-0.515334691559546 -0.236910347245205 -0.151001327889411 -0.0238278816436667
-0.17294280108074 -0.564873860789314 -0.0773709554883241 -0.0571694871013254
0.0991907703770661 -0.692356675735093 -0.0698589984294665 0.131637690897141
-0.0436031915076529 -0.542895705157458 -0.186501073265822 0.516478535500822
-0.297933817520996 -0.430189051619615 0.106474163065857 0.404858414528283
-0.492818649403117 -0.122442515071033 0.187255067427979 0.0231110310307212
-0.40183102140614 0.245516018251525 0.0312520190795413 -0.0349017631297575
-0.138178611679927 0.334544059148333 -0.0852752656003564 0.131198896554176
0.0204396438742194 0.318314482683791 0.0237535720936697 0.256648652701428
0.164605060337461 0.295514425491416 0.155164489585958 0.289852249010414
0.18580123184601 0.254825770991447 0.225065263091436 0.25702978157696
0.138547053915432 0.279084390481762 0.190747546162609 0.273761359270363
-0.0333021498932653 0.305795810061503 0.104985301870144 0.302998227424995
-0.193293202169289 0.232919152682913 -0.0304950989723659 0.296464487124306
-0.352616301608925 0.0962567180054523 -0.13781496577914 0.169660416874907
-0.329775617202287 -0.168937765678483 -0.131523321357481 0.00812508774723545
-0.114436027358053 -0.389385032122751 -0.0361134106528057 0.0433895636032229
0.0535748768201539 -0.522762154893575 -0.111771385231721 0.3263094009481
-0.0706046648232501 -0.31193507257676 -0.243150394434226 0.674517994962117
-0.198959429241482 -0.222571245859163 0.114306009107842 0.519723842386156
-0.267831394479659 -0.0449018531177574 0.172292886997523 0.0893891392683868
-0.185190288479337 0.132837148754961 0.0124870003851918 0.0187131794735459
-0.0668128449580816 0.156100050609946 -0.0913324384758659 0.191331064592341
-0.00485350596345224 0.157358405416635 0.0401010702859083 0.343125092356551
0.0652390604933654 0.165632065271506 0.198100059827112 0.364312298008132
0.0748513493177585 0.143441478948377 0.262601006342194 0.328004839582954
0.0426139191085448 0.156891175221321 0.216088199233758 0.34058376215642
-0.0487959333794405 0.150612200626811 0.0884260053780588 0.355222160069338
-0.118495245609151 0.0845403468000174 -0.0703908913755886 0.307214241771603
-0.148025825770703 0.0114636254299642 -0.146424519414936 0.147467213340011
-0.130145514155185 -0.078881942326219 -0.10966555475984 0.0241711674875183
-0.0572280074325287 -0.177872228453994 0.00348154960593889 0.101902855956332
-0.00181051039411735 -0.289195895932726 -0.118431005819791 0.448236615777963
0.0627845091781572 -0.00957806536417751 0.0474719304253066 -0.502852595384437
0.0209774875879658 -0.0459042442385525 -0.0876915404551459 -0.203008981207549
-0.040562647775194 -0.0285177302963873 0.0697892451136478 -0.00404021324732346
-0.0562182602506204 0.041189613113747 0.139606774869997 -0.0842865028875668
0.0100606914656354 0.0531535855697903 0.118223614410781 -0.247441164874623
0.0441849961693577 0.025139732652038 -0.0340913946024021 -0.360107297760095
0.056037011974708 -0.0063441371934133 -0.188342553962845 -0.354797830427337
0.0454457772345777 -0.00706700418482069 -0.244195820281813 -0.338416215542786
0.0404793307142073 -0.00994442178713674 -0.210825359804567 -0.357368418439288
0.0288265537755214 0.00482235589893239 -0.0715078065503421 -0.33870116547706
0.0104451765649411 0.0251864356927105 0.0570286167001099 -0.228494513508312
-0.0325493952675858 0.00197729354826164 -0.00485082968776125 -0.0925832266162277
0.016182764525364 -0.0452421483075665 -0.11359963914146 -0.165019391948153
0.0811752185990019 0.0151224183919612 -0.05663083360584 -0.466916601775621
0.0579104540615623 0.0820166753723232 0.331120886262593 -0.69212231114595
0.0843195516266524 -0.239296056800773 0.0579507822281981 -0.467825586619251
-0.0384517990293981 -0.222383894163409 -0.0783896010769097 -0.196900435019798
-0.198811764886407 -0.109564077875846 0.0747088314645702 -0.0303819012585832
-0.226947866599367 0.0975513163618688 0.131735800707126 -0.0914387318977259
-0.0721672191674733 0.180895346090952 0.0993982467986687 -0.226627916488266
0.0429969732455515 0.168704903628405 -0.0322930569853761 -0.327136224902769
0.137314006426856 0.133002078418752 -0.165727404728183 -0.316794179090008
0.153072340550676 0.121339013500983 -0.204007565294232 -0.30777492023352
0.138552752433583 0.142870016920238 -0.177438929044054 -0.32560257045187
0.0369442178437768 0.190093283368957 -0.0398382093385239 -0.305371511240954
-0.0820842948807886 0.190325508671864 0.0721290797235803 -0.189795971921541
-0.259132562620907 0.0912626187314357 -0.014019076697334 -0.0672581100150341
-0.213192308685058 -0.144706288794249 -0.125970401457297 -0.18174408352368
-0.00229878090890726 -0.235905769625828 -0.0821302261410761 -0.471566247627264
0.105283178083425 -0.214715833200685 0.27701969223724 -0.666611703255636
0.0890314135199001 -0.445538279845686 0.0358159269006475 -0.361981342128222
-0.115442415836243 -0.383995475717805 -0.0639290434132561 -0.150116869193684
-0.358282627166393 -0.172538893389836 0.0941265325354935 -0.0537700952352046
-0.38308438653996 0.162387413591165 0.125643555664899 -0.108016541095079
-0.142077696571022 0.300477703678294 0.0664232855522299 -0.196804368187068
0.0412230607536036 0.295687057570557 -0.0336739485656756 -0.260445052592192
0.202246608294388 0.255496057167322 -0.122452923702472 -0.234906374427141
0.237093980125955 0.232358669067599 -0.132186679718708 -0.229044820301156
0.213472563591103 0.27257476950368 -0.114262085610339 -0.240102447637568
0.0376108566326926 0.347536856720961 -0.00167510528474373 -0.217570517828155
-0.165800534577818 0.329687030509318 0.0738411847726848 -0.109475246841942
-0.455432149724101 0.17188504017019 -0.036047722183476 -0.0187288417813525
-0.420203062213107 -0.223900998742008 -0.144466029992036 -0.171773210803309
-0.085710757115635 -0.456360327362956 -0.106748772279658 -0.422407123957932
0.137492132372325 -0.477787766991514 0.193008555441161 -0.544216403701192
0.0732114652922709 -0.602408945204134 -0.00811462735220722 -0.190550920181529
-0.208675989573187 -0.511188630945205 -0.0329569889228449 -0.0568367379459622
-0.509556340408594 -0.203077125734015 0.126529728703718 -0.0683829530503802
-0.508029774877731 0.238353707052931 0.114881498719919 -0.123593749326904
-0.18899840625649 0.402210976864461 0.0227022966821205 -0.146652346672796
0.040694278016982 0.392470461207283 -0.0322015139765146 -0.158395878276062
0.241826888737657 0.344178200109625 -0.0617998705998626 -0.117096816894991
0.287734786344797 0.306552768699782 -0.0401454269240804 -0.116541554771909
0.251911900048549 0.358864763235853 -0.0328176214644106 -0.116416770447987
0.0280989653997871 0.448663231328078 0.039775944547083 -0.0887760555977204
-0.226631494633196 0.41826258150431 0.0632249914765811 0.0031968108067098
-0.581631576817361 0.226802939691111 -0.0648829053226928 0.0462778582416926
-0.5589855027818 -0.268097374710924 -0.157168932873692 -0.132980604146145
-0.153975168774382 -0.598706587478385 -0.11753591099337 -0.321034348558745
0.146865891467233 -0.658466530880863 0.0979619578204995 -0.345397045647705
0.0422713488977481 -0.680806154549692 -0.0648835836333225 0.0304394236909055
-0.291850828995668 -0.574851108043469 0.0135882602856843 0.0816926524840466
-0.610405985409411 -0.202968623730945 0.160577710348584 -0.0632020343871347
-0.566849749994531 0.298495927736029 0.0932152102953856 -0.120529163411712
-0.204140487643062 0.45886157876716 -0.0224743397888762 -0.0672591773665629
0.0413975877256738 0.436108047273176 -0.0227364367291849 -0.0248118767551398
0.249820928419007 0.383703085835604 0.0107830847210864 0.0225685290010618
0.293991634431022 0.334451471438249 0.057200750544805 0.0132476022580046
0.249633733399652 0.383898850460329 0.0535145712422913 0.0250134296728497
0.0120082832051427 0.470527490131296 0.0764053681296923 0.058922759009634
-0.251657394735031 0.428272242487017 0.0418646379227559 0.126140008799534
-0.602747334503063 0.231234630065913 -0.0935007856684399 0.112118213974151
-0.588584308583874 -0.269685643172296 -0.158078076362969 -0.0783050629249749
-0.18100807137891 -0.627855002441718 -0.106366950776353 -0.187269789302029
0.13463895108971 -0.71998428520383 0.00637516496721984 -0.104832394536784
0.00139873064124244 -0.654801351347627 -0.126125951849911 0.270752053021966
-0.320066109629716 -0.544961927575168 0.0626902990467903 0.240805400061421
-0.602782093460831 -0.174279831578618 0.180348516343365 -0.0324307867751333
-0.526883504382082 0.300112878710261 0.0623241896313083 -0.0885597925693616
-0.184587626233983 0.433914764815643 -0.0600264554309414 0.0309546184940785
0.0330535555252542 0.407849539930435 -0.00323470727839728 0.11991928922621
0.22123368241678 0.36435890401381 0.0841743223297974 0.162498702072765
0.25467755678226 0.312335493922613 0.146950666250197 0.141623348686355
0.204756672126042 0.351752086391406 0.129183487255961 0.159433254838192
-0.0119726304392793 0.412191237541884 0.0979645428604931 0.194283757596684
-0.23739142284159 0.354272890745194 0.00951335157826085 0.227439367906464
-0.508536540848387 0.17583904253213 -0.11939723284694 0.155578054875416
-0.491927845671135 -0.231553006049548 -0.146698299175577 -0.0276616336642164
-0.155338507028826 -0.543859365601561 -0.0776307513577523 -0.0571668078879521
0.10500944619751 -0.657704646115467 -0.065160856848934 0.128639606107783
-0.0325058565422375 -0.52247154448335 -0.190271788050197 0.488848698220254
-0.278465861831967 -0.420621442000242 0.093164247558325 0.389521302248675
-0.472926507999535 -0.121005721534679 0.178543815247731 0.0227470388116118
-0.387681559824573 0.232856985349695 0.0316242189976478 -0.0364112450876653
-0.135861143460693 0.320725616285397 -0.0824520554149809 0.122468573226075
0.0161822435887262 0.307584414480054 0.0178571093397858 0.246263808448202
0.155089530118523 0.285816694556785 0.14675599838795 0.277494813571323
0.175872804293229 0.244074624650378 0.214107583252033 0.248746275001678
0.130168232752842 0.267370758950732 0.180328729939505 0.266667525056991
-0.0348363967985268 0.293192260814585 0.0983219254444465 0.292440534402142
-0.187327750383285 0.223754090596624 -0.0310808005977141 0.283330797453732
-0.336830567127679 0.0886958468984936 -0.135721619581516 0.162515833388381
-0.315006125180348 -0.162921435223266 -0.12758733923892 0.00501857485595316
-0.102680289306623 -0.373465159242436 -0.0392117332584907 0.040526083831909
0.0589516906680039 -0.49725078852829 -0.108414017331616 0.315429758550504
-0.0607649350814069 -0.301674052348594 -0.248188395707665 0.642537439489382
-0.187234146608099 -0.218553030601474 0.098718604044241 0.502989842932729
-0.258479141781156 -0.0442147792384675 0.163252844285738 0.0876687770766151
-0.178645127133066 0.127695967602886 0.0126250941510748 0.0150162851423153
-0.0650131150981488 0.148898694945512 -0.0887679922535849 0.181138979624293
-0.00656646315378194 0.152776860423394 0.0324324778625101 0.328943859777224
0.0607376474775634 0.160095200938041 0.185478748617177 0.350980784688083
0.0705859610539743 0.136721094296237 0.249103707875838 0.318653674041548
0.0400234128458395 0.149410074252624 0.203233640767323 0.330502923386358
-0.0472117037401578 0.143169681492708 0.0810791110812042 0.342449050136513
-0.113243374667727 0.0818703945943736 -0.0696111978496275 0.292395171099187
-0.140152368097654 0.00987123841662735 -0.141527747580639 0.140909778998473
-0.123581707091311 -0.0744956533777243 -0.106591247324107 0.0219083642156412
-0.0530820086198985 -0.170497186338901 -0.00110295936760316 0.0986905717555446
0.00156440547203434 -0.275059746207226 -0.116757477361827 0.432795664338784
0.062353221419532 -0.00585832699948769 0.0647498755099963 -0.500188296986634
0.0236862986366609 -0.0447250964752825 -0.0776613283651091 -0.204895329333339
-0.040219365488697 -0.0321370992153693 0.0710106351014296 -0.00458882453348798
-0.0584720601107004 0.0391984570598502 0.139674991660591 -0.0815301335537939
0.00703296287753909 0.054848243097979 0.123189975450546 -0.242676033253667
0.043072488701084 0.0269323081277216 -0.0235296612696417 -0.358476409831474
0.0552423021691049 -0.00496617888713123 -0.176920975052087 -0.35825005358252
0.0455530895741392 -0.00478851842409337 -0.235267314918204 -0.346022884911494
0.0394928850801742 -0.00768364219697109 -0.199452784373488 -0.361917449662926
0.0272683265313176 0.00669141301438439 -0.0596753414018659 -0.339027007235905
0.0084532389620243 0.0247078938750663 0.0636633019371695 -0.223728685770871
-0.0325327155432212 0.000614640212777151 -0.0031637092861853 -0.090936722993136
0.0170533583829853 -0.0460579213809527 -0.109106127013666 -0.166600798839826
0.0822925184769162 0.0173268594733146 -0.0415006079364258 -0.469103429573826
0.0561875416523782 0.0846825889462915 0.350045089573521 -0.680941258157322
0.090982291901005 -0.232218514315344 0.0737358855728319 -0.468027415783235
-0.029149268626548 -0.223155136653849 -0.0700751343943212 -0.199713897381257
-0.194272725201217 -0.116815502059021 0.0750044592405867 -0.0305890352365945
-0.229690292546582 0.0916819213370496 0.131972340569818 -0.0891282344909816
-0.0779782785408736 0.180765871365662 0.103893345453725 -0.222063739683013
0.0383959777335967 0.170470097532623 -0.022959402376787 -0.32529430965775
0.131898211289871 0.136010587464082 -0.154319581901697 -0.319865372128549
0.148269992105553 0.124845658554864 -0.194225422957033 -0.314758959415804
0.13312597692001 0.145999192229711 -0.165082894248765 -0.329017677356531
0.0303278511561074 0.192047912139651 -0.0294268208447265 -0.30673067559753
-0.0879746862437229 0.186991906240122 0.0771098715981218 -0.186278407292306
-0.261275653715187 0.083179544798118 -0.0142215178904797 -0.0646814935884903
-0.208924705488566 -0.150785523715551 -0.121986114148641 -0.185697012008447
0.00812727192749138 -0.235305999894118 -0.06611512783244 -0.472898842182792
0.113190341878751 -0.207878960857141 0.296628277333904 -0.656728946912887
0.101921651296832 -0.437546036805242 0.0465906591031912 -0.364914106533693
-0.0998325763014019 -0.386195946290642 -0.058596654575719 -0.152440930802975
-0.349472898934844 -0.182066943543426 0.0945154712868837 -0.0535323791103684
-0.385431210393669 0.152497270052618 0.127105426437111 -0.106235860091765
-0.150582554233204 0.296967334735842 0.0713558462610221 -0.193326550397324
0.0329863792320593 0.297612387551499 -0.0272388243104556 -0.258872287597548
0.193233783757573 0.260149998014215 -0.112920675616729 -0.238741407306567
0.22988277212887 0.236696340315017 -0.124645474112856 -0.234314647566717
0.203570029237324 0.2768949360649 -0.104788590715184 -0.242724622233913
0.0263855131488151 0.348956495928141 0.00668070144838717 -0.217348935938924
-0.174776847431659 0.324594875363437 0.0766398117780483 -0.10586352660229
-0.458692841562932 0.157695987454212 -0.0385224092506335 -0.016687752923447
-0.412401568020811 -0.236261030893879 -0.141678876445523 -0.177384451788864
-0.0695493264211632 -0.457422514842723 -0.0950578376996165 -0.427760297840129
0.154746293709201 -0.468296091043702 0.211262119383215 -0.536962970222538
0.0925839078409439 -0.594866385771935 -0.00329830340389513 -0.197349336937336
-0.18868201215448 -0.516317129246913 -0.0323481659674063 -0.0578818113367567
-0.500177204630207 -0.216209243138425 0.127151846498086 -0.0667706584537254
-0.510152437788989 0.225301061593829 0.117705933794186 -0.122410620482323
-0.19852190609328 0.397593127184306 0.0266477418094657 -0.144909902242198
0.0296292196379807 0.394190625332829 -0.0294341989198425 -0.156466967056883
0.23018205504435 0.349818005123601 -0.0553724662325626 -0.119915395772028
0.2771114742664 0.311916307122361 -0.0363772283682566 -0.119184440199159
0.239831787231731 0.362108453637742 -0.0267662332103373 -0.116239696019621
0.0145255986471358 0.448006870172887 0.0439668229215133 -0.0875474517724288
-0.238637738889946 0.410619319956309 0.0634505463053591 0.0054543053755526
-0.586790988177355 0.210079913164648 -0.0683637850190144 0.0478258995698205
-0.549880434162779 -0.282439714730448 -0.155711493946442 -0.140694507695011
-0.130657828307838 -0.601822568777559 -0.109813665266691 -0.325937835709307
0.169664721689359 -0.646851256316744 0.110895856235785 -0.34085308817735
0.0632577475537912 -0.673149261397167 -0.0678235694694999 0.0214731685990452
-0.268126115103522 -0.58253123275895 0.0087060947407407 0.0810864925319576
-0.600383685435927 -0.218468538826271 0.160304754211688 -0.0607970412693834
-0.570470264427455 0.28308628018621 0.0971460956100747 -0.120308298667967
-0.215125637032109 0.452732042961815 -0.0200741516068223 -0.0692878280083083
0.0278662351315752 0.437283324881745 -0.0234119192840496 -0.0240421478322579
0.238609840966269 0.388721161859464 0.0127237577245211 0.021181948448473
0.2824658232979 0.338904934207816 0.0575812043803491 0.0136615416928047
0.237547288332579 0.38814424207252 0.0549910011676644 0.0273666762627686
-0.00183229303796569 0.46936537051549 0.0762966954743174 0.0604141470936768
-0.262843815903962 0.422100358516775 0.0390726286321537 0.126359250021327
-0.606308189650846 0.212487513528716 -0.0993822536942745 0.11248482714496
-0.57917482336309 -0.283201959790757 -0.158350052922221 -0.0865377203192306
-0.156462353725081 -0.632120602293395 -0.104252401880243 -0.19132639311245
0.158596884663534 -0.707202420505496 0.013705102492577 -0.102935656243733
0.0235861837396813 -0.651751061539513 -0.137694955974691 0.260834389788267
-0.299525670422803 -0.556535293531106 0.0519345667653762 0.242039185282033
-0.594943942748362 -0.188803225373068 0.179769557215283 -0.0284261356071444
-0.533689296855565 0.287579683771228 0.0659633358723966 -0.090439656330961
-0.194852727419911 0.427288709898561 -0.0595964122251038 0.027278197695978
0.0220372440211719 0.409366688400062 -0.0089114175658948 0.120099069238628
0.210610164411996 0.368746434686412 0.0812510606433695 0.162467843943345
0.244861848260364 0.315599735258249 0.142762187088775 0.144407670963944
0.1933151552389 0.353713023077326 0.125871438385194 0.164153465867562
-0.0238104195547219 0.409998571863572 0.0937564125036864 0.196116211735183
-0.245910894468964 0.348114224932888 0.00421393344678817 0.226171678740023
-0.510136131409993 0.159937906255276 -0.125098166913839 0.154614963046438
-0.48390098676823 -0.242251553622299 -0.148029104386624 -0.0349353238497004
-0.137619618668268 -0.544854371682764 -0.0790766660319949 -0.0596204592101929
0.127334379089271 -0.647326076440828 -0.0648902295066155 0.128352670550908
-0.0140876718741751 -0.522868758571061 -0.209099131930817 0.477655540741752
-0.26261886499126 -0.431223657912882 0.0776877386573883 0.392498574800322
-0.469078946827693 -0.132276518652011 0.176476544179558 0.027300348275162
-0.392462662447783 0.223721042370652 0.0345255607489777 -0.0390452211944536
-0.143330412540975 0.315688556626599 -0.085264441487059 0.117266199005813
0.00841763564507625 0.309405009368781 0.00859132880940226 0.246102619039559
0.146357440058228 0.288271512815641 0.138608366383221 0.279641612015878
0.168603347035071 0.245136586423404 0.207033184106609 0.254252926762771
0.122504744513116 0.267608336601133 0.172838152098068 0.271746006105774
-0.0420115239325625 0.29027596231455 0.0920762559607902 0.294450764213893
-0.19124106560245 0.219029665860356 -0.0373608411945471 0.279750347142384
-0.336262182959762 0.079021965167453 -0.141051834696977 0.159853444811881
-0.307840097560937 -0.167645952058974 -0.129107167908297 -0.000177677445153002
-0.0901164733262124 -0.372897535842727 -0.0437096770477492 0.0384412430541919
0.0741521491673021 -0.489161436850896 -0.114218022326384 0.313372840874738
-0.0496565903279634 -0.304857345947629 -0.272167423391609 0.631395228238228
-0.179726175807937 -0.226547660500351 0.0804380927350208 0.506094543345583
-0.25805102772201 -0.0495321341548844 0.161786146265024 0.0922734406823141
-0.181191762452529 0.123353655663098 0.0139335253090955 0.0124479160746403
-0.0685652312326277 0.145339175222161 -0.0927188637074678 0.175489221846803
-0.0107636920559838 0.15300118468282 0.0214069596757632 0.328186474797486
0.0573885650014298 0.160038649893731 0.174567224572426 0.353846728830891
0.0666464502764068 0.136159780200229 0.239872918846062 0.325758338166236
0.0376109731735627 0.148073043812059 0.192973257297661 0.336004177750522
-0.0503060327393372 0.140475439307032 0.0716911157333462 0.342898609202003
-0.113389281096031 0.079579569398184 -0.076251678250899 0.2873706257548
-0.137436192034073 0.00631296275248387 -0.14465113264708 0.136732517610748
-0.120256193413272 -0.0748499540910358 -0.107609109725479 0.0182369820833309
-0.0486736637137126 -0.170259439110375 -0.00815153955243343 0.0976795447906456
0.00908152011549328 -0.272201635186693 -0.127373500129109 0.42962859313747
0.0647078821222624 -0.00260577028850881 0.0771458216610816 -0.520834998757485
0.0268497865174714 -0.0450873487605112 -0.0731325982598341 -0.21511729829382
-0.0415710747149705 -0.0363178737049662 0.0748576267273822 -0.00654653690139251
-0.0613631023713695 0.039697132417522 0.143431488463594 -0.0827742789568256
0.00618096363633255 0.0597157908644911 0.130144552408266 -0.247809256926452
0.0438107395160616 0.0292100592426286 -0.0181223452037624 -0.370411671711399
0.0561264614838093 -0.00373418754344948 -0.175101310599923 -0.372485494748348
0.0474136981533946 -0.00346755403979399 -0.237709331395634 -0.363329848002182
0.0400251278151092 -0.00557973220033649 -0.198637765172501 -0.379734097662286
0.0267540095568061 0.00844945237143921 -0.0550283918881337 -0.35130014967672
0.00734894710932224 0.0244951771039904 0.0704188677592478 -0.228339270305991
-0.0345161227809648 -0.00110914611589426 -0.00335147159859379 -0.091490549859648
0.0179391779061974 -0.048884266609277 -0.110489072480442 -0.172384077838108
0.0859148492836691 0.0194351462520102 -0.031853936491704 -0.486221818356125
0.0572147976103521 0.0901026071716622 0.377583579773812 -0.699250411203498
0.0990888540719769 -0.234889016827391 0.0850528010752174 -0.486721427011511
-0.0228452166121089 -0.230429098306146 -0.0671402822105199 -0.209551752897264
-0.199181549108155 -0.125304185618597 0.0782968020931347 -0.0334754300298578
-0.239762623944668 0.0919567179303059 0.136198945951497 -0.0915959512000375
-0.0843437431951838 0.188071793933804 0.110767841762847 -0.226163539250851
0.0372841259897781 0.178167488757972 -0.0182641446588718 -0.335060205363386
0.132835465232986 0.143513341572231 -0.151519539867426 -0.334577876725508
0.151723299718471 0.131880160807382 -0.196222730624352 -0.331263619280565
0.134301452411268 0.154159999215239 -0.163630881109273 -0.34408631010045
0.0268317436835558 0.200603489000518 -0.0233021114276627 -0.317265382157252
-0.0952702104628143 0.191542482635418 0.0833947346169238 -0.188941981704776
-0.272066814841599 0.0814865045826228 -0.0159549787451002 -0.0644572766507605
-0.214048732484632 -0.160402293794585 -0.124298326728058 -0.194403792205958
0.0160259039112724 -0.24425205776673 -0.060270652280075 -0.493969861416885
0.12298902653173 -0.210692934760193 0.323230754183793 -0.675386347935988
0.114269508328857 -0.445148187101346 0.0537340195016446 -0.382676082080097
-0.0915868466888675 -0.40055965700084 -0.0572109059462761 -0.159351738140343
-0.357809389388506 -0.194142266370569 0.097854328395486 -0.0563135380857625
-0.401331298330916 0.15264174414062 0.132244295963782 -0.110271043205196
-0.16124161348673 0.307227353623993 0.0765061231782945 -0.198570177662602
0.0299847443577443 0.309561960569477 -0.0241819030106678 -0.266088808444132
0.194472386648606 0.272472872026867 -0.109597760852974 -0.24990944123064
0.233482170640397 0.247142134865656 -0.125437936866065 -0.247186304086439
0.205142707775694 0.290159195247986 -0.101266405997999 -0.252800917767283
0.0197506982395907 0.363531489886936 0.013108206521549 -0.225663653850402
-0.186680642689814 0.333601874771434 0.081776857870084 -0.10727213323074
-0.477919104493227 0.1539406871363 -0.0420822128276412 -0.0138906924908972
-0.424026939945659 -0.250332567461011 -0.146003922488905 -0.188348966271553
-0.0576449199469854 -0.476159791875936 -0.0905135271031127 -0.444945083664644
0.17080482430622 -0.479086093693751 0.231818048471022 -0.55343596952475
0.106555012866841 -0.608995836433578 -0.00238578921338462 -0.210255852817297
-0.183195180108251 -0.537143891374222 -0.0331389867003382 -0.0604334686631588
-0.512109290338826 -0.232373076526532 0.131149498470283 -0.068719721860924
-0.530705519948157 0.226550136173106 0.123899486067086 -0.12831999583615
-0.214574135622527 0.410503677417085 0.0308730358984324 -0.150689914847608
0.024862421023972 0.409436614240083 -0.0286754479481464 -0.160452269468713
0.233507282752613 0.365113183500363 -0.0524064254514537 -0.12623546656333
0.281596006392674 0.324829393673333 -0.0349353702464626 -0.126148321237616
0.240955788401031 0.377810193236698 -0.022389447228282 -0.119611545304484
0.00544256127524362 0.466620518414503 0.049838597697362 -0.090771865255779
-0.252836102741104 0.422761180945198 0.0665185683198144 0.0078038056098469
-0.610800229635948 0.205785129607548 -0.0751249193057294 0.0528625877066268
-0.564538476182787 -0.300870222571196 -0.163254404209965 -0.151814810926639
-0.119219755840226 -0.625416296188382 -0.109833295876971 -0.340458172579925
0.191258021849137 -0.662620845867043 0.12421961571346 -0.350002000227932
0.0801037164186514 -0.691191523240709 -0.0745334590196596 0.015486299983767
-0.264884545758281 -0.610520592603089 0.00534700084551461 0.0850778881773703
-0.616889193822512 -0.234895577322398 0.166568225618753 -0.0613751305066443
-0.59542915862057 0.286026535968492 0.10335133135457 -0.127489090887304
-0.230807617722278 0.466016259270987 -0.0186586487004729 -0.0740653566942599
0.0242168664980495 0.455290104032578 -0.0261788570744781 -0.0232975959111439
0.240474766237556 0.405530459183635 0.0151399261651285 0.0201827801262544
0.286812856980467 0.352957199366117 0.0598362341549447 0.0138037452409544
0.236877508972681 0.40464928740668 0.0593710068320445 0.0307111001505399
-0.00934758948174512 0.48671691922956 0.0802077295153008 0.063285827476227
-0.277596926173219 0.433672387322979 0.0395518588769388 0.131708659300117
-0.630613350557078 0.210253038423536 -0.10752770725549 0.119206542308566
-0.593375657263861 -0.2998615793643 -0.166894492352603 -0.095828687550702
-0.14602154452616 -0.657575257320409 -0.108878270670567 -0.200942281601661
0.181127235016249 -0.725251137446861 0.0194383091526775 -0.104399163813057
0.0384891912460944 -0.672767421749092 -0.152166470821022 0.262884937802124
-0.297163582544695 -0.585280006442687 0.0469164385158984 0.253373092949949
-0.612969391022428 -0.203328336947281 0.186419752431852 -0.0275790315364214
-0.557792285278859 0.29038748781255 0.071687329470772 -0.0976219631977596
-0.210101296791879 0.439189758694925 -0.0611096055089666 0.0241533601151026
0.0170674822686468 0.426479698361583 -0.0132864663026927 0.125313684137486
0.212352165723871 0.38391069682367 0.0835720303161933 0.168109216572611
0.248395760304276 0.32895830136856 0.146271286352116 0.151403438073768
0.194065714165586 0.366916438792565 0.129446965715052 0.173753141922446
-0.0325896510685313 0.424757860007756 0.0955893515702002 0.204380302255855
-0.258600421994267 0.356890184056123 0.00166724131027416 0.23338982100023
-0.528730667237453 0.158860985451838 -0.133856538020109 0.161585960363537
-0.493793376575866 -0.254605761044245 -0.156990054625425 -0.0421434239203428
-0.126379223304943 -0.566396617957081 -0.0856630292342894 -0.0646410111091334
0.144469986899599 -0.663584264914901 -0.0657802994854728 0.134091678475925
-0.00269556366283967 -0.540433638597592 -0.229808993355943 0.488699055705031
-0.263328544016599 -0.454040677944402 0.0701220860261057 0.410152974217463
-0.48382980011404 -0.14382961416017 0.183663056742378 0.0304824437499482
-0.410548727374702 0.228049174944065 0.0384331846845481 -0.0447483886670995
-0.154597957223505 0.324381178964178 -0.0892251201942993 0.116293490047278
0.00392243375213981 0.322125648188298 0.00154029288998068 0.25534206372079
0.147845392924401 0.299764011417599 0.139208502570943 0.291080070687371
0.170884972936771 0.253893917252646 0.209891507114882 0.266785944163828
0.12256515352261 0.277204529521164 0.175048302314288 0.285477220301484
-0.0481127978045354 0.299585374191969 0.0904262558379462 0.305471125139021
-0.199748620003141 0.224959642435383 -0.0418994363282954 0.288436839510204
-0.347435203118125 0.077037146220661 -0.149028280722461 0.16603531111598
-0.314504348953275 -0.174804576470207 -0.137110816239252 -0.00481405598227515
-0.0847458009338608 -0.38695150503345 -0.0509333587661528 0.0384547026128366
0.08723020975873 -0.501426426270954 -0.121511533547643 0.324665650247361
-0.0440785904754113 -0.318398224799451 -0.297152467234015 0.649142029937536
-0.182559404703121 -0.241154608480411 0.0703482817239855 0.529259696995499
-0.267764897826401 -0.0541827224815679 0.166543663798448 0.0988308852024718
-0.189621912702502 0.1260737718043 0.0159502937459539 0.0088770019134717
-0.0733605879171411 0.148601510603255 -0.0993085478242073 0.176408560679386
-0.0129606397157315 0.159766138563651 0.0144864285786932 0.339847821548446
0.0576868199040486 0.165566671374423 0.174573317663716 0.369171566290445
0.0670849016897164 0.139719977731558 0.244025084004672 0.341688994117398
0.0364702853988676 0.151466021157757 0.193470960759802 0.35253418718829
-0.0532174605991593 0.143662250734809 0.0692569609509914 0.355072532775081
-0.117014902645924 0.0806193149617771 -0.082345966644933 0.295248615324405
-0.140405032398209 0.00514997689644403 -0.151152100546099 0.140041534743027
-0.121780930119167 -0.075747744998117 -0.11342038141747 0.0166813308014728
-0.0475681155117733 -0.174491932365003 -0.0134716022156719 0.100355788728438
0.0144288465953941 -0.279041421431503 -0.137277003418265 0.444948491664719
0.0689238659742444 -0.00168101718367287 0.0729297192037783 -0.555505747628525
0.0301267056090979 -0.0482049537460851 -0.0785830376733309 -0.227337747139581
-0.0451831378859435 -0.0394684887531735 0.0792041448221896 -0.0115772102052411
-0.0654975720015618 0.0427447516593106 0.147460011677322 -0.0903319607023509
0.00742592215176941 0.0648907366232473 0.130573888335497 -0.263213086183741
0.046990835834857 0.0306096051530208 -0.0260249934373569 -0.390136469199643
0.0581259814664883 -0.00382999683641693 -0.190643436840625 -0.390004642465713
0.0504062049982043 -0.00363161680484199 -0.260119420501256 -0.380959743451746
0.0419527966100924 -0.00556995950929312 -0.217532012177014 -0.397996321153486
0.0269196046399956 0.00969946713744703 -0.0641551125044432 -0.370395369311551
0.00645081280928661 0.0248778323635594 0.0696417868546289 -0.239897695567063
-0.0369352023172753 -0.000958518767090582 -0.00674281536909275 -0.0935474143442691
0.0172006098484722 -0.0537592748439271 -0.119752069919299 -0.17882793159452
0.092932323061093 0.0186502328475431 -0.0404320984413702 -0.515078210188562
0.0634217539633362 0.0951009538303662 0.386589378703378 -0.748213496046605
0.101028999923219 -0.246108399339932 0.0788411849370166 -0.519903185496815
-0.0255558821105231 -0.242901006228082 -0.0729227935888277 -0.21992427154676
-0.212175400799518 -0.128886625270674 0.0823903834347607 -0.0390293380161056
-0.251773290259556 0.102262281095854 0.139671289680493 -0.1002043597065
-0.0848434683458116 0.202991585728027 0.111017975140566 -0.240398029089387
0.0436487192976855 0.188370864705391 -0.0259772291903423 -0.352138722615288
0.142760356247893 0.15024045628337 -0.164568353882578 -0.35101603989853
0.163151279153855 0.135272230584449 -0.216015591568972 -0.346708641031268
0.1437914992827 0.161309471713952 -0.177894899079426 -0.360553270015026
0.0311465003060486 0.213410869065273 -0.0295194640878881 -0.335572881932218
-0.0979015743436372 0.204411937335564 0.084944818164055 -0.199228156334238
-0.287071755225701 0.09094964345842 -0.0199769790315314 -0.0638961901313373
-0.230099856147885 -0.165646610884762 -0.137108402774638 -0.204141463107603
0.0144427076765743 -0.259986480196647 -0.0708590057109168 -0.522121944056641
0.127697091908425 -0.223422830795266 0.328189384113758 -0.720924521309753
0.114016075530146 -0.467879541944886 0.0465543903744076 -0.410565388230626
-0.10058079585091 -0.422859515980211 -0.0620233908928818 -0.167587250761596
-0.380611170643545 -0.197872333229684 0.101655680769718 -0.0635009479751101
-0.41998601157127 0.171310193248251 0.135275799604799 -0.121839150126302
-0.16354563575446 0.330712232370006 0.0767479536792164 -0.210858508954571
0.0400139123480774 0.327317417112303 -0.0309490208884953 -0.278280810326648
0.21082759631898 0.284037009161231 -0.118652548577487 -0.263134502920267
0.252107190297584 0.255191490260604 -0.138646561691908 -0.259617702337485
0.221657608987748 0.30204422078017 -0.110319142966059 -0.265020433402649
0.0277133482762113 0.38588861340383 0.0104705556834384 -0.239799727729392
-0.190877366732544 0.357198766519717 0.0855515734655472 -0.112910585841242
-0.502779340892753 0.174311248860688 -0.0469646619548985 -0.00896362118635043
-0.452342381228104 -0.25506633878789 -0.163178941722001 -0.198078548891702
-0.0665136379759255 -0.504108241377814 -0.10469217951657 -0.471188539037433
0.173615208824181 -0.506952441795883 0.236304099106207 -0.587919416643868
0.102041367790331 -0.640362301292209 -0.0104366908332194 -0.227029218738091
-0.199571348627429 -0.566162916114225 -0.036666774792093 -0.0626324377021859
-0.544631591452902 -0.231914088718836 0.1364479833068 -0.0775454966164232
-0.556952370430154 0.25440977005944 0.127594595935796 -0.142288281424981
-0.215990445054786 0.439816785102788 0.0299190768251105 -0.160428276113622
0.0378069462171204 0.433459010668768 -0.0342083482752394 -0.166287287596132
0.253181282250794 0.380366352723435 -0.0552510051948703 -0.134449210021437
0.303783257427822 0.334168929753125 -0.0402099477565103 -0.134058627618602
0.26161258512541 0.394076374618776 -0.0229331869319095 -0.125752716470751
0.0150232259176976 0.494221455154421 0.0525958989698665 -0.0974016849244271
-0.259181804050959 0.453431679021756 0.071978453839887 0.00722452578786224
-0.641557601252208 0.230618091090752 -0.079783426208754 0.0630588745853267
-0.602341297368187 -0.305079515694338 -0.181296196892244 -0.160082772049878
-0.132915132859329 -0.660635427345206 -0.125895597000186 -0.359391546826777
0.191527364208211 -0.700316455426929 0.127783120354522 -0.37239470629969
0.0725474146826761 -0.729043978855128 -0.0825488077050375 0.0130901180704323
-0.288587551814714 -0.640694310984446 0.00658675064453173 0.091069893511193
-0.65605463134907 -0.232097022197389 0.174607085638235 -0.0702909155169781
-0.622629886452478 0.318511032660363 0.106801603465121 -0.142474695192438
-0.232147169325681 0.500297364569806 -0.0210027895787828 -0.0806466454784281
0.0369279918743092 0.482092437481333 -0.0289719747992129 -0.0221503035799193
0.26365796407899 0.422494983999579 0.0188255454265456 0.019325065509494
0.310911331335635 0.363414763406189 0.0640954083810748 0.0118766086659126
0.257654580721168 0.42066890329059 0.0672194484125497 0.0323510868617914
-0.00111235550630799 0.515998280529492 0.0878313290828099 0.0643726839674335
-0.284068659124662 0.463828191382801 0.0461120961882532 0.138371730712724
-0.662415863817655 0.235693769041178 -0.11257876614091 0.133299926932582
-0.630798103460471 -0.301047349847997 -0.184813326929071 -0.100237817439165
-0.162578679797607 -0.694060012805283 -0.122811913305053 -0.210011192933146
0.179181876148578 -0.765608868312737 0.0227413996006013 -0.109992796035733
0.0310432429346111 -0.708555049978195 -0.160634021006386 0.27727335624334
-0.324662847033138 -0.613724235589081 0.0531167306640293 0.269518750096483
-0.652020881846948 -0.2009460241199 0.196562117382027 -0.0342260401863699
-0.581514009183589 0.323528433524878 0.0739209753547962 -0.110799526186954
-0.211906413507394 0.47138318237891 -0.0641292991700247 0.0230290244058173
0.0295313735046744 0.451781298039732 -0.013276650219636 0.134367199233575
0.232561857620055 0.400779886575609 0.0930665769974827 0.173919912374558
0.268597573400014 0.337912438764958 0.157692481442753 0.155998048821021
0.212447321081254 0.382305613878809 0.143672307707253 0.181707860571687
-0.0260174482124205 0.4499208805844 0.107523089296831 0.212975653065598
-0.264039925680252 0.382579557268796 0.00761373989657662 0.246337802739188
-0.555351403809803 0.179238696647373 -0.139003461645343 0.177209761880556
-0.52464793002777 -0.256235607118047 -0.173039212746987 -0.0437435860819136
-0.142112854097099 -0.595871862347335 -0.0966218348323363 -0.0662578880538035
0.140410909401843 -0.699043011317253 -0.062428979780196 0.144869839004432
-0.0104390614288935 -0.571655814972421 -0.238482320710212 0.519100500666801
-0.288851787065523 -0.479518393004963 0.0808486633828031 0.436037722682364
-0.515918329118342 -0.138756622315071 0.195617266238446 0.0275576924944093
-0.428544250506948 0.253511832670875 0.0400902968695403 -0.0540203729009535
-0.156660757786275 0.346018758250879 -0.0917496625011041 0.12098644643217
0.0132392593691925 0.34067384982197 0.00559619731273405 0.270807992622749
0.164266516629582 0.312790960350518 0.154874146194475 0.303755633920905
0.186449953024801 0.261100404768277 0.228680523890291 0.277448671639114
0.135455243276713 0.287861119926789 0.193508794012583 0.299762062912199
-0.0449454568713346 0.316386939966037 0.103557970242505 0.321206282527626
-0.204442723445597 0.242075187587976 -0.036998644505034 0.304235503046294
-0.363174976448527 0.089169772483515 -0.154528849006845 0.180391846742592
-0.332321185165452 -0.174464276970754 -0.149513115014089 -0.00275230158442287
-0.0943075456315299 -0.406371982926782 -0.0577507257608563 0.0419601985134052
0.0816885642651609 -0.528480606671895 -0.11699303771305 0.347953824834947
-0.0512967907789524 -0.337628768577292 -0.304549545128404 0.690522651760034
-0.199797562951928 -0.254242645579159 0.0839663729374414 0.562644500315003
-0.285706353984664 -0.0498051846154992 0.179354933066891 0.100194316099075
-0.196785118624048 0.139345832736898 0.0175547905565137 0.00428615913968827
-0.0753611484693169 0.157940397576917 -0.101399602772197 0.184755281133378
-0.00941705653799258 0.169444555609144 0.0214198036362725 0.358912984337415
0.065787245727714 0.172351908682032 0.191635982939843 0.386924212300688
0.0743273021185351 0.144460010043567 0.264831087154308 0.356393085869595
0.0422588250320639 0.156923222289305 0.21252982871795 0.37017727717804
-0.0526479693274662 0.151401287312011 0.0805945550981264 0.373321022390958
-0.119868222679622 0.088273551483606 -0.0794255582096364 0.311820225468212
-0.146090322074392 0.00964194308345878 -0.155619430459659 0.152250727085275
-0.128003181806774 -0.0741370950014247 -0.122399219991914 0.0202573632401108
-0.0529778669168635 -0.181090887018512 -0.0166633468242277 0.106444560447148
0.0100026740222474 -0.293474968585725 -0.133184344411186 0.475824762211577
0.0623939747890366 0.00334764668165101 0.167435813404983 -0.555904827161799
0.0374961743343949 -0.0427882496604228 -0.0413651197783253 -0.250068919463073
-0.0379587758354838 -0.0513628833096965 0.0822439425620971 -0.00411524587147109
-0.0746451270519509 0.0284333072027614 0.161181268661176 -0.0695445349662567
-0.00766908560370554 0.0649124038526576 0.175650274122273 -0.248329764396672
0.0384950629533689 0.0383330643461502 0.0343223275416476 -0.408528776224183
0.0577837596307762 0.00662180083303972 -0.135349289632176 -0.43731629978556
0.0493355852413179 0.00548082904161025 -0.211085987585479 -0.438772184334543
0.043643917070409 0.00351325909417414 -0.165342336349932 -0.449128256970362
0.0244575552689583 0.013919233687675 -0.0094658837534349 -0.394209357217516
0.000813456648652228 0.0246809193740105 0.108617676916142 -0.235105481904824
-0.0381453778515136 -0.0100360144106739 0.00893950579029368 -0.0957004958987195
0.0285076697302775 -0.056029946956234 -0.0969862319703989 -0.201389160235047
0.096929282037283 0.0303572848225979 0.0402837690528168 -0.536593605889267
0.051867680584463 0.106034860051013 0.532438183938649 -0.711414828234909
0.140227700445989 -0.23568763515436 0.17084835061324 -0.527220252664643
0.0162373756650273 -0.248763708762128 -0.0388449344055879 -0.246936610472466
-0.190081788099824 -0.170338157726325 0.0782385617759355 -0.0372839292123612
-0.270693180701563 0.0593438847820026 0.140628123220212 -0.0828184032180187
-0.1255932894449 0.189785407343237 0.148361440015894 -0.219199450328092
0.00868422357973431 0.200592909903122 0.0283262666809176 -0.362728449572139
0.118676543972114 0.176619098800266 -0.114636108696425 -0.386295678265772
0.137989546628021 0.170161388163198 -0.168838327056452 -0.396809311717262
0.118115436802682 0.192547611185748 -0.133419732705463 -0.405566341963847
-0.00816572866258234 0.226719491655109 0.0184298766148102 -0.356855813546889
-0.143698635609997 0.190365116509156 0.122227227289091 -0.197886536778864
-0.314619166714636 0.0435072367062323 0.00176889954112124 -0.0763964783622004
-0.203938019962595 -0.222114012004194 -0.107919412245873 -0.227268549789625
0.0695435301319421 -0.276273493144455 0.0105927105320557 -0.536015543215312
0.183295925287282 -0.219280511809554 0.458574164262528 -0.679339057643822
0.194563733861004 -0.456019085796314 0.121088775037646 -0.430884040466415
-0.0291996037523626 -0.440869435385517 -0.038942196116653 -0.19489636142849
-0.346914808211126 -0.267146875675014 0.0925635493766263 -0.0637860160827145
-0.451355542344529 0.10340344237243 0.127340876348217 -0.107032677653197
-0.226597112770945 0.306253874287535 0.106052156522032 -0.186655095041292
-0.0188789941175636 0.342454832470676 0.0106994572983406 -0.282634406761786
0.166174692317461 0.324538667910961 -0.0812654575920052 -0.282010491989556
0.207035751814546 0.309040142837431 -0.102209684330056 -0.293712770937776
0.173137611620237 0.351634554919776 -0.0784511726615055 -0.296225450054014
-0.042580740458269 0.405276805897503 0.0426993820408921 -0.254466880328164
-0.272236655267167 0.33063958326195 0.113909230852004 -0.114211869340246
-0.553079579306718 0.0940730749252413 -0.0245508638958762 -0.0335613974000487
-0.416228474823494 -0.359719292620676 -0.131832147748333 -0.222413123834646
0.03325358855235 -0.545065589904267 -0.0307642745682555 -0.477283867176618
0.288720240377519 -0.509360477873224 0.331612211135813 -0.546982052347288
0.217918553843901 -0.62828157401302 0.0331924877054328 -0.26121574566062
-0.101940690698021 -0.604411931964321 -0.0319009329271107 -0.0866215518449364
-0.507099986433551 -0.331673610248444 0.120632624259591 -0.0745998649202818
-0.601322465893566 0.1669440163967 0.111906599946649 -0.129585249669688
-0.297868864003994 0.409215905158715 0.0478648982082441 -0.137398485936812
-0.0384171368025823 0.452734270949756 -0.0106060153644362 -0.165097425208134
0.194651708526129 0.430692003743291 -0.0372226548195146 -0.135202253837582
0.246517450744236 0.399536648962714 -0.0206175047275757 -0.146861037812752
0.198157912198968 0.45216705233994 -0.0105555567039506 -0.137848424038188
-0.0725271993680794 0.516424028166496 0.0626809674573664 -0.102244638607127
-0.362415538811446 0.420217946243026 0.0851814799086488 0.0038906397149714
-0.707731757041067 0.129603987450897 -0.0627226633557128 0.0297905925278303
-0.559503091062328 -0.439758333468344 -0.155496822129025 -0.184440823018313
-0.00754414259198473 -0.718601446852174 -0.0688940314423978 -0.359012065158283
0.343707531139773 -0.706997899968477 0.178026046502948 -0.330594878189591
0.206067634377304 -0.720822492751668 -0.0806428045344293 -0.0316870490042473
-0.17961367204384 -0.695351492734901 -0.0150534360455015 0.0775498043887772
-0.620252963227311 -0.351276812773208 0.151548919724039 -0.0613212879861088
-0.677915464668188 0.222691661438088 0.0858946321048927 -0.132189312168723
-0.325652613565969 0.468295357407044 -0.0169858819760415 -0.0592047103673821
-0.0454853926388762 0.502871183428531 -0.0279516976470237 -0.0132030890856355
0.198317300952194 0.474132584313096 0.0156589157291093 0.0385242942972931
0.248845151657374 0.43108916994285 0.064221782853664 0.0223833586580595
0.189273260373593 0.478142957982065 0.0592780316306236 0.0413594902621986
-0.0959811320547614 0.535609877099304 0.0749409409019842 0.0714838813002894
-0.389214852054618 0.427729541988822 0.0391457911708057 0.134530578535177
-0.729628844282025 0.13251398470781 -0.106106800710083 0.0965781310781309
-0.590538897155055 -0.441180923318038 -0.168706678414535 -0.12387840670545
-0.0332388276990932 -0.755801015506151 -0.0900763009874796 -0.203339851866995
0.343403626028053 -0.776928508070717 0.0202212055296326 -0.073932196607879
0.162761110864966 -0.70363177631714 -0.205168439651764 0.225553939344984
-0.217477756095444 -0.676840405173756 0.00301766504512909 0.270159631758146
-0.621837767236276 -0.318444958458557 0.169758094396369 -0.0183885601645342
-0.637850946297826 0.234812352648053 0.0501800281965741 -0.10316005390015
-0.296528533284755 0.443167352304579 -0.0773350081912078 0.0379804151464811
-0.046538640407112 0.47196090604156 -0.0364673054310916 0.150449805800603
0.172499177019375 0.447761997996836 0.0683359578471869 0.211346273931343
0.211637730958372 0.39799398012342 0.139376564435154 0.187942679793169
0.148063502322882 0.429417013166795 0.117195912272506 0.209557395705668
-0.107442733705842 0.463054261646616 0.0740012280411161 0.229277349315066
-0.352455734672122 0.348044919294625 -0.0167518648983901 0.24276327912337
-0.609517976100446 0.0938517813903542 -0.144002791627916 0.142745038190672
-0.487975986172131 -0.36959033597176 -0.167067661439964 -0.063500300910678
-0.0306092799371456 -0.645985801298509 -0.0883546854484557 -0.0558065063830814
0.289626231702986 -0.710555799091916 -0.109935216087897 0.17278734106555
0.098425431715551 -0.570617533479481 -0.325197408740464 0.465329007879338
-0.204165381212571 -0.533822244784115 0.00579487994546767 0.45175434782762
-0.495770491693869 -0.232156547923304 0.16717667067214 0.0488123666159878
-0.471904264023664 0.188975310104652 0.0174933265372457 -0.0503400965569653
-0.217628447015126 0.326495836471277 -0.119227814163247 0.12700971760745
-0.0428311911301487 0.355332356296416 -0.038853673941989 0.291340306453529
0.117702865973514 0.346138883930282 0.110694221453608 0.353587294054255
0.14258391370812 0.302587198602589 0.193293516222247 0.326091354296208
0.0873705057650853 0.318184556370086 0.151804862235502 0.34189019915537
-0.102154893614434 0.320937529761671 0.055238803158861 0.342054136694747
-0.261124141081672 0.212829889715144 -0.07462266388098 0.29948307918584
-0.394036475213382 0.0337867011863234 -0.169581557766278 0.151238409191337
-0.306160715479865 -0.246589600376376 -0.151611189410259 -0.0205270126026081
-0.0183558223718599 -0.437585380401758 -0.0681568951253227 0.0519423628947547
0.192207262444801 -0.537602328662756 -0.196064429275037 0.366208736859038
0.0169776024350591 -0.337957615194957 -0.426019500334021 0.639138033729101
-0.151231422210431 -0.291795955713246 -0.00987897115567611 0.58881766016232
-0.278847227379302 -0.100956020487773 0.153474813758729 0.126657658029501
-0.219352883827689 0.110398821609954 0.00225248112522667 0.00608537546683762
-0.101682918922985 0.149407103866889 -0.136663700241594 0.180993691205323
-0.0350757025903112 0.175140553646923 -0.0357864374990177 0.379627522481072
0.0404223349334052 0.186898586283881 0.137158371174906 0.441228181049411
0.0517238644469094 0.161806894362078 0.219256788317632 0.413825584893687
0.0159790635052874 0.167004990238234 0.163130727813414 0.418905679992325
-0.0803950365518007 0.14846116591942 0.0262734425103295 0.397708390459516
-0.14113070534593 0.0703010836367703 -0.124188326537107 0.306216133721151
-0.154057294065775 -0.0130304721184933 -0.176641365251575 0.129999966814252
-0.116544293553829 -0.100633857212412 -0.130067297388002 0.00599288641509785
-0.0217537560449946 -0.194534084566904 -0.0367348002463818 0.1143079331635
0.0681458317946903 -0.30388077949519 -0.227642707980168 0.485456492507549
0.0633701966682256 1.39475150346541E-06 0.121189743363142 -0.569877408040219
0.0373586452670385 -0.046108768118113 -0.0594145433316947 -0.248971429592378
-0.0423474100233366 -0.0502982990133297 0.0833444104921935 -0.013699989237699
-0.0738768628060265 0.0334449826841188 0.153489296631348 -0.0831313326399442
-0.00243395205630773 0.0670119711363447 0.154153984923324 -0.262479145224625
0.0422229047530554 0.0363322450228826 0.00107335929603743 -0.411485749545596
0.0582240879971442 0.00301094900015199 -0.17070049873472 -0.42531112927875
0.0503310957172569 0.00235132224429264 -0.248061203820837 -0.42109450328098
0.0434074217860253 0.00124754942269448 -0.20278216596503 -0.435425125125685
0.0244752832560122 0.0136552460005208 -0.0395716869688768 -0.393660683046077
0.00143020882585515 0.0235699813184104 0.0903910619756987 -0.241090936080168
-0.0403415215264263 -0.00801633614821676 -0.000416325384767575 -0.0931250776719667
0.0232741664058096 -0.059040811831664 -0.113763990544803 -0.193301118938063
0.100686507410495 0.0224062605804396 -6.9201884943938E-05 -0.542939861445235
0.0611866873054015 0.102365008210065 0.471460447808188 -0.755275032453101
0.122764716199179 -0.243818533688479 0.125395318059001 -0.544726164225973
-9.29783375024432E-06 -0.250074455628252 -0.0564516085695418 -0.244496133562058
-0.202952446262259 -0.154255567994256 0.076941440640791 -0.0461907204745031
-0.26545312270549 0.0827640239457284 0.13154009677761 -0.0956994378599176
-0.108785351409877 0.201578406147401 0.13031201847159 -0.231374273765138
0.0262584005688929 0.199960429314381 -0.000653421381790965 -0.364275395430485
0.133057652326657 0.168174634171018 -0.145091747469246 -0.377900084018413
0.15230594143703 0.158047508500684 -0.204139308539914 -0.382995788595168
0.13417287720711 0.183665576185377 -0.165551251951871 -0.395243216589182
0.00967510549183521 0.229536367302529 -0.00979674277911507 -0.357929448140967
-0.129389422599412 0.202671781470874 0.107995297428538 -0.206212104966709
-0.312613468213762 0.0696594005779467 -0.0055689980644758 -0.0729857604908581
-0.222045920594905 -0.205448473606406 -0.129252127829354 -0.219067482236652
0.0500072802844255 -0.28292237010481 -0.0309418878782674 -0.53931160050694
0.167089579316135 -0.231417431557693 0.402429932238469 -0.717964386036179
0.159134992260628 -0.466859907702746 0.0818323824586343 -0.443662437851302
-0.0607655174355468 -0.439205165302492 -0.0522667452927228 -0.192234913536828
-0.367216238302151 -0.237692095585721 0.0873278631145875 -0.0732811530232365
-0.441009326071202 0.142136001576071 0.11534967280537 -0.119798985622926
-0.199333100047865 0.326781831040416 0.0906262335373465 -0.196537705114137
0.0117718509888807 0.344291770557905 -0.0118325525801952 -0.28310721139068
0.192679967128221 0.311459350258146 -0.103019402027731 -0.278024316277777
0.233295134356042 0.28981840309453 -0.128423582850619 -0.285808492496915
0.2018809710355 0.337732294904062 -0.100786813517795 -0.290471276588872
-0.00943396193051317 0.411042210091826 0.0228767241186107 -0.258292704985549
-0.245599148873297 0.354488472720251 0.106557763148323 -0.122695391840501
-0.54570037407061 0.139208418587903 -0.028543977106281 -0.0265338975714511
-0.443322030818292 -0.325155899772795 -0.156143064029485 -0.212152274375335
-0.00830643726521305 -0.549733348189568 -0.070338709780217 -0.47483037526935
0.247328261185408 -0.528221008631953 0.28725832201317 -0.575264159692752
0.168533530870467 -0.640675973459741 0.0083439069104038 -0.266376815750589
-0.147713841811052 -0.595088318680676 -0.0371686181881483 -0.0834959520734344
-0.53226597554658 -0.286167218801391 0.114546377511604 -0.0870135541427289
-0.583836597992463 0.218891623820825 0.0986033657611718 -0.142060280376548
-0.262163398047775 0.436000657249701 0.03688603011575 -0.142888539047369
0.0012974859159233 0.455024948987071 -0.0239134618655789 -0.162515419137129
0.230119449697584 0.41364429020743 -0.0459384801173839 -0.134400674477493
0.278552530683753 0.376369270190012 -0.0337716975871642 -0.145625772171537
0.23555100401916 0.43439579774428 -0.0184287990700108 -0.137737927271747
-0.0307591764535241 0.524376666287437 0.0554534851883996 -0.108181147170622
-0.32819383961035 0.449747854920364 0.0871447653317243 -0.00298853862167848
-0.699832526840333 0.189625685411705 -0.0610438679289662 0.0401502881693868
-0.592343639951919 -0.393216508328538 -0.178874576619842 -0.172265024643963
-0.0614971724782379 -0.722608856345412 -0.101606137109918 -0.352842182598421
0.286529262570538 -0.731249875877598 0.151986539478984 -0.343496459702272
0.1498595619454 -0.733418549511914 -0.0868921638910885 -0.0278776850918925
-0.231994015384167 -0.68198930925767 -0.00689089432224903 0.0797729601847789
-0.646496599971538 -0.296064266383843 0.146976638806126 -0.0760834642274586
-0.656441942621418 0.281913497643252 0.0722758213373344 -0.143962346364654
-0.283908980647087 0.496485217119723 -0.0215022671501912 -0.0612490227633474
-0.00120697624032669 0.506952853068033 -0.0293754055689746 -0.00997276797786779
0.23789042764578 0.456986389156584 0.0205726960053433 0.0345957354991092
0.284976506804393 0.406314700041972 0.0659568242762574 0.0158443640093364
0.228392066994017 0.461171151980299 0.066426919482162 0.0350915086978302
-0.0510600133578548 0.545217268256013 0.0820945597975454 0.0651277242779507
-0.354318028885127 0.461168027123969 0.0523573991064011 0.130605405636661
-0.718463861675225 0.194894065330169 -0.0986391880924418 0.111116181605863
-0.622454662969109 -0.390996870519626 -0.187506689287622 -0.109563509968015
-0.08955420138013 -0.754527215565671 -0.111035475303927 -0.194861267874984
0.280772493908193 -0.79921643631335 0.0178437195780134 -0.0739156002309364
0.107831907460718 -0.714364277304011 -0.189446662490213 0.240066001406393
-0.272432990682321 -0.660247990282509 0.0261808732170918 0.271901241044738
-0.648246086323392 -0.263343744702764 0.168298901257008 -0.0349966877753064
-0.615720011768763 0.290649269921247 0.0394639463379567 -0.113463606912235
-0.259679566879593 0.468917210141316 -0.0741419130159586 0.0399547514247972
-0.00445463020537452 0.475738476867179 -0.0245213070177114 0.153668203086118
0.210805060881651 0.431718490917262 0.0870117124186685 0.203461131513259
0.244794588734412 0.373771651449483 0.155114332952032 0.175656107379902
0.184937214808205 0.415303073454352 0.138231312253208 0.199205019207232
-0.0692919295194959 0.472604910734855 0.0937024579809969 0.222855600688216
-0.322477037413276 0.377232978881966 0.00432133552890172 0.242817112862811
-0.599226651896973 0.145432912589081 -0.133789104251683 0.158801825722732
-0.513307434499879 -0.326700297421059 -0.180377816884643 -0.0492268770698652
-0.0787662514683856 -0.643922940410468 -0.0982556935889169 -0.0472169583394049
0.232890187354635 -0.727972410693587 -0.0915848620411662 0.182606732134276
0.0519423975138503 -0.578203208733495 -0.289299157614115 0.490895497707777
-0.248033460815844 -0.51847187051025 0.0424740802485067 0.453447555366438
-0.51674161195225 -0.187403168595679 0.171671080647276 0.0333794879339019
-0.455467141927994 0.230704777370941 0.0125919710702056 -0.0572601780531374
-0.19025597033626 0.346018290322474 -0.109897632862739 0.132725261065118
-0.01125449016354 0.358923971891907 -0.014774387499212 0.294521040301737
0.147107618705742 0.333823087991812 0.141296482924586 0.342590174614332
0.167660301315844 0.287016271381515 0.220847992155809 0.309341720606745
0.114170777864812 0.30824536010877 0.18287289398018 0.328831678192625
-0.0750935805772858 0.329034416620447 0.0841666155826758 0.337615766265875
-0.241883873026044 0.234548823926512 -0.0490094585604141 0.30487245628958
-0.387884532005564 0.0674089612905292 -0.156185879019606 0.169160827031332
-0.323228120228527 -0.21760884767424 -0.159080303192443 -0.00660486469204161
-0.0519188355773317 -0.434608367408936 -0.0689183345929335 0.0588606032799034
0.148124548442555 -0.54999532618013 -0.162151028322306 0.384197922402144
-0.0108187550669767 -0.341453150034293 -0.377001387540098 0.674030094236435
-0.177315216573226 -0.281308717573005 0.0374584558094973 0.591827450558638
-0.288858338175954 -0.0751771874641023 0.16418301637237 0.11327302847106
-0.208865820789488 0.130705837254806 0.00278352582103622 0.00139316826626574
-0.0901780768263748 0.15755953543858 -0.122860101851549 0.188195251909496
-0.0199946308812796 0.178032538351546 -0.00650579001630052 0.381499113397172
0.0564825922823175 0.181908193623061 0.174170739093169 0.428134696255873
0.0649913488919683 0.154587144892003 0.254682866032363 0.394435564992081
0.0307758987900497 0.163392281487148 0.199393788534891 0.405066870102086
-0.0675151791118996 0.15379263586121 0.0592054319656251 0.394839963993588
-0.133614375445746 0.0819683110190079 -0.0982100223237035 0.314627860578621
-0.151468069294581 0.00154591663203927 -0.165214524948816 0.147001384977521
-0.122881648382852 -0.0882364736527347 -0.131555013888269 0.018599301810837
-0.0366254143545497 -0.190667092766663 -0.0323429994561481 0.116976286837573
0.0425736453534158 -0.306483076457657 -0.183654114342953 0.506158231238309
0.0622384153539827 -0.00186814829490809 0.081442727185804 -0.557735510760597
0.0362894769487122 -0.0473364466496364 -0.0701096299016276 -0.237815378712787
-0.0440194751540333 -0.0483311674649408 0.0805324072378965 -0.0218099287565202
-0.0710182477349423 0.0362616045977928 0.142233767032299 -0.089902574358747
0.00226200198404554 0.065609950013115 0.131402795318917 -0.261518341097759
0.0433898962152252 0.033043295326517 -0.0243397425524076 -0.396350606034625
0.0563660602484446 0.0010876584721809 -0.189245196327025 -0.400949923006042
0.0490138618576398 0.000177188666622457 -0.265925982434626 -0.390071052831622
0.0413785207766679 7.3379352886524E-05 -0.221115217023527 -0.405804209703863
0.0237662751021292 0.0131036428445873 -0.0607852025171086 -0.376039195923778
0.00102741152736364 0.0229175981838141 0.0743147184073777 -0.235342120010257
-0.0404722329147496 -0.00635999431580112 -0.00633717029985387 -0.0865996143192016
0.0190354882072988 -0.0586410794623911 -0.12103815380848 -0.179395453956133
0.0995153079329017 0.0155781874810194 -0.0321953516845237 -0.524451829158965
0.0658439652391469 0.0960959490880698 0.409715849572391 -0.755712688632017
0.105965033662839 -0.238849283186529 0.0841970262036136 -0.532359513646294
-0.0100952951406263 -0.241455783965024 -0.0662863485168925 -0.233836636492581
-0.203485451344197 -0.137065802402492 0.071907632169967 -0.0523027771797523
-0.251270624352531 0.0959544360710595 0.118245051833505 -0.100621092394719
-0.0915964236054983 0.202198950466199 0.110338677326254 -0.230545568173377
0.0383795789894629 0.191601435697194 -0.0230171836160473 -0.351060515617268
0.138922889725209 0.154785483988764 -0.161887170259319 -0.356914860929239
0.156926410515757 0.142976486342771 -0.221059132360654 -0.355931367505733
0.140055714495706 0.169583511008554 -0.182423353707729 -0.37108630509661
0.0233494732115014 0.222441894518006 -0.0294460872591481 -0.344980313762477
-0.114150650214842 0.202796278674517 0.0929379696277464 -0.202790036443777
-0.297356784425191 0.0857594882508096 -0.0106657895297403 -0.0658703154128284
-0.224672314574201 -0.184535659153352 -0.141442931358633 -0.20398695107148
0.0328783666360237 -0.277168358058559 -0.0615102421489565 -0.518109829996981
0.148054815191348 -0.230684423754804 0.343831711170057 -0.715546461091031
0.12817410287304 -0.453597689339371 0.0499994599469094 -0.43400194369945
-0.0801609336075212 -0.420632874153951 -0.0596953501069994 -0.183619578332352
-0.364900605504933 -0.205607749729519 0.080247005353724 -0.0785422292509422
-0.414980880534395 0.165775695839923 0.101138862483573 -0.124489311425205
-0.17137896326032 0.327294457152934 0.0746698257481184 -0.195056528266029
0.0339872353074889 0.330539678397451 -0.0283354203102356 -0.271245713862842
0.206063660115079 0.288591899997498 -0.114130828106621 -0.264515432864871
0.241918398606203 0.263484984222932 -0.142920294064539 -0.267983366520057
0.2156617795395 0.314010698988952 -0.113378517236035 -0.274430902654111
0.015089508697058 0.399938427105054 0.00767982485349193 -0.250807094364354
-0.215719062520882 0.356764775676997 0.0960943525081474 -0.123860297685394
-0.518774999598514 0.16827479395022 -0.0294078737923148 -0.0185318280196176
-0.444323502656772 -0.287051915406514 -0.168680572303576 -0.194822588281203
-0.0375761231351084 -0.532155751086318 -0.0968807912005916 -0.454307329248794
0.209239181876323 -0.519943358801387 0.244133714809305 -0.569865759797361
0.125723038410322 -0.621917955133125 -0.0113697505957683 -0.259058858788531
-0.173525177378184 -0.565953304599023 -0.0383711261622488 -0.0787356068481702
-0.525947376189183 -0.242269397565541 0.105207194554799 -0.0935687205088059
-0.5476807129577 0.249355414194916 0.0832719697921178 -0.146240407059988
-0.226670487178217 0.436192557375038 0.0265277511865894 -0.14269973736473
0.0304715124079946 0.438081551138985 -0.0327631491724439 -0.155523509585936
0.247315240825766 0.38525176922563 -0.0513835011770393 -0.129876707412454
0.291253522543194 0.342387090751946 -0.0421094209762447 -0.138608827761441
0.253859027336934 0.405086668949836 -0.0241838810620189 -0.133270545450194
0.00240460312923829 0.510652531339971 0.0481863806141476 -0.107614557269522
-0.28855208125867 0.452727846411724 0.0843089694448319 -0.00836008707212885
-0.661069895394253 0.22602111061811 -0.0573292736389808 0.0482240867188264
-0.591443449807499 -0.34168808340669 -0.189437881560359 -0.154156536400446
-0.098981607135665 -0.695112262063149 -0.120680156621012 -0.333087517011075
0.233735432459061 -0.715586439037065 0.127813280011012 -0.340247858533246
0.102824565925285 -0.711690603884869 -0.0885831367916031 -0.0237332380860838
-0.26337414691588 -0.645232779574099 -3.47446770764889E-05 0.0772872497605593
-0.636919987751359 -0.242609314835863 0.13693602123646 -0.0847893280624398
-0.613473191461128 0.314547917811169 0.0578089143667063 -0.147604623382718
-0.241938692617045 0.497238357851803 -0.0253474463935918 -0.0619792370973919
0.0318396476277398 0.48593367934581 -0.029547270291963 -0.00733286486231206
0.259017838147724 0.425357432092884 0.0230051208900551 0.0292861590271726
0.298740482048575 0.370136377014666 0.0638392158743721 0.010953417206315
0.248668266058914 0.428542949509088 0.0687508385489196 0.0283453448885761
-0.0163080828391428 0.530010845322047 0.0838742890097016 0.0571953087187057
-0.312198929648924 0.465339000116525 0.0584610504098497 0.121752360033377
-0.678751626377328 0.233576872084777 -0.0886814465396568 0.117860132077206
-0.61979239770173 -0.337457793560879 -0.194480506289472 -0.0925981684895046
-0.127197420211881 -0.724496211073097 -0.121289712404417 -0.179281734181057
0.223365873960816 -0.779786446496372 0.0162403173813101 -0.0720860635983751
0.0641005189346796 -0.692839653820334 -0.170761724389957 0.240777730158474
-0.300371516126464 -0.621453330212064 0.0427215147234282 0.261696178820921
-0.6382086816305 -0.209964186144544 0.160608358046764 -0.0459407650575406
-0.571568493666529 0.321042902951274 0.0288711870541334 -0.116559734347987
-0.221148985277626 0.469331268894815 -0.0699415813801282 0.0380239387776594
0.0263970360302951 0.456982664787613 -0.0158330329302276 0.148994234580834
0.230549098274187 0.400479257009823 0.0970234362034932 0.188487681591084
0.258250599045383 0.341930522868208 0.159984243143791 0.159253594417378
0.202957015041166 0.387210503490183 0.147705380483385 0.181663036175621
-0.0384108117544979 0.45971573609072 0.104352279213452 0.209679483818969
-0.286698380608247 0.383673831310186 0.0193459283053185 0.231641139432837
-0.56455227291579 0.176616059048386 -0.11932692007797 0.16599833471582
-0.510988952721367 -0.281980242147321 -0.182943964368359 -0.0344977885927147
-0.110766119007371 -0.616029945124128 -0.101400054559014 -0.0377573383051526
0.181041744286974 -0.708537980260342 -0.0732168375163561 0.182545871262386
0.0178668881189289 -0.558942814330353 -0.252134437687967 0.488013148149349
-0.270509040207661 -0.486381791776237 0.0700196167426053 0.435689016882671
-0.50702726976158 -0.146723142505658 0.16795385929208 0.0202940773276884
-0.420571941151224 0.253288276845501 0.00645699145184669 -0.0612656561789642
-0.163350179019923 0.34508222430788 -0.0991918389831627 0.130020830728735
0.0117979424285921 0.345513089043648 0.00186624376277906 0.284045134333704
0.162368093459389 0.311549991549513 0.157752344196344 0.320099046590003
0.178706712453253 0.262472250243015 0.231668060812279 0.283420832473385
0.128852729771461 0.287518585124394 0.198971435212742 0.303843685164439
-0.0530679801238735 0.321450495928519 0.102906200551417 0.320753677261765
-0.216969296924178 0.241184927646091 -0.029533722212508 0.295568967479406
-0.366605458795556 0.0903711460725473 -0.13999157436004 0.175126401189839
-0.320762915379608 -0.18777150207538 -0.158273710641763 0.00561638299602066
-0.0745559181267145 -0.415164797643754 -0.0675162638434051 0.0631133779032063
0.11045129269512 -0.532938225971026 -0.128565448785163 0.381317348660289
-0.0305809197376189 -0.329034135445346 -0.323447813812858 0.671732231189791
-0.189948581972666 -0.261586093648402 0.0726033150408851 0.571615644183994
-0.283944361296826 -0.0520401079107494 0.16564481969105 0.0984909270646037
-0.191618020321389 0.140529399210476 0.0021512428615961 -0.00311710059816545
-0.0781303446013786 0.157653513097498 -0.108785450035525 0.184393259508948
-0.00786736173858405 0.172632982270258 0.0153117249476756 0.368953339435967
0.066226697375722 0.170195180070964 0.193626463512922 0.402207383294554
0.0716501778992912 0.142138851719533 0.269224349073301 0.366070326618011
0.0400517701608518 0.152715255789005 0.217575819634545 0.378188358636825
-0.0559846532446052 0.151321777978135 0.0811806882676365 0.377291172876652
-0.121371323933619 0.0862106600181084 -0.0749358109822801 0.308063848967779
-0.143067965355067 0.0116652010840186 -0.149151989016212 0.153074724887587
-0.121674605226773 -0.0754858974356583 -0.128024359309435 0.028076963777364
-0.0460197323709743 -0.179868113638444 -0.0284793291260856 0.115937439350961
0.0228696761127152 -0.29674005158073 -0.143062006102434 0.500235107861915
0.0610036359916966 -0.00161572137467187 0.0629533449848072 -0.53607197038124
0.0367016344855745 -0.0476624235473824 -0.071331090091401 -0.228542849819484
-0.0438788593087393 -0.0479395439086079 0.0778178599250599 -0.0261901598283191
-0.0689744105449738 0.0356960306545134 0.132227343305933 -0.0903645409183686
0.00370751552579315 0.0642522479663541 0.118555066636319 -0.253495653613198
0.0429921878908355 0.0312866547955008 -0.0334407070561698 -0.380198786242605
0.0544002984978239 0.000650975469560533 -0.190186713807421 -0.381873494341594
0.0479366494552466 0.000150760628387321 -0.264726272620514 -0.366911244836428
0.039571401091037 0.000817278700853997 -0.221033419890217 -0.384077718019674
0.022977596597983 0.0134997982777277 -0.065705538645244 -0.359654575026823
-0.000582752178991286 0.0220743691672411 0.0682325143234865 -0.224631734388463
-0.040454131674003 -0.0059249951939293 -0.00955115112650625 -0.0793620458727693
0.0169990075193293 -0.0570119883744607 -0.121904124435115 -0.168924504646402
0.0971530998162506 0.0126657864890873 -0.0411880338753453 -0.504757268299435
0.0656262868199436 0.0911058482402195 0.374444351550344 -0.732711522635604
0.0977729927710365 -0.227905753435399 0.0669686054074324 -0.513646175784601
-0.0119639649144292 -0.232138552869171 -0.0675049304506925 -0.224619827792545
-0.196706642754867 -0.127253252335096 0.068383716270646 -0.0549665425709356
-0.238231457040497 0.0986334492121548 0.108797621386598 -0.100156873959525
-0.0823223705170729 0.19758776058606 0.10013504865848 -0.223232253205899
0.0421217593084394 0.182292967055949 -0.0302816214043829 -0.336179636999061
0.137691016155982 0.146204366157971 -0.162481604842403 -0.341027493442583
0.154287102844103 0.132922049151072 -0.221002274936441 -0.335937920984076
0.13875504212172 0.16117519902711 -0.18425871413038 -0.352352535225635
0.0270256064538979 0.215406608613025 -0.0361046236576145 -0.330573318776655
-0.106133303260472 0.197677512305937 0.0859673017530127 -0.195330489613033
-0.284055223746948 0.0896832657608935 -0.0124756908338371 -0.0589095837546315
-0.218872817934109 -0.17195852744966 -0.142907209334915 -0.191531336396957
0.0283536943026172 -0.267522360528183 -0.0683279740458662 -0.498544999555974
0.138065622949222 -0.22116869019409 0.313645308122517 -0.692411150648832
0.115614555995099 -0.43395984107173 0.0348368442005241 -0.417349415030573
-0.0820133538941295 -0.401007771062251 -0.0595301208621398 -0.175929355050516
-0.352158045138284 -0.187753462812935 0.0751633525422178 -0.0800659419340311
-0.391303245521158 0.170925141319134 0.0905587032802144 -0.12257263496669
-0.155188302719031 0.319468283612783 0.0663345746232822 -0.190368028420149
0.0413176148467407 0.315291055933489 -0.0340012814846402 -0.259387003694015
0.205622713845944 0.271937571621229 -0.115768776273581 -0.253239919437214
0.238813736709366 0.244756053423567 -0.144372295250057 -0.253206882131704
0.214601315466024 0.295578948083773 -0.11413915670593 -0.262005925973012
0.0245454858373884 0.384614944104391 0.00218165747341573 -0.240472076946327
-0.199914080976916 0.347243065546079 0.0904861800101072 -0.120958238119751
-0.494849157194439 0.174250023681801 -0.0291962689681698 -0.0120535827211786
-0.430663889117142 -0.265227084898522 -0.17103517481794 -0.180831745574417
-0.0441939037604777 -0.511519686954058 -0.103044570062207 -0.434913655637634
0.189963783673397 -0.497977371999268 0.221591374580234 -0.55272303895389
0.109780770733481 -0.594548647735309 -0.020760436519684 -0.249363688726795
-0.176807371844881 -0.53957268267853 -0.03670540596666 -0.0762274911749367
-0.505917305214341 -0.217187298826079 0.0985154048497475 -0.0944634421358744
-0.515828882887117 0.254632791401498 0.0731308868946786 -0.144342228441549
-0.203647746956055 0.425099188593985 0.0211455019225234 -0.140100424981774
0.0411167291742327 0.417541856652157 -0.035616425602037 -0.147793646860753
0.247735725909754 0.362541160276161 -0.0521628348487441 -0.126068104974399
0.288285788455519 0.318680958725369 -0.0453258888468688 -0.132124771700621
0.253466282793221 0.382656164819441 -0.02582100632251 -0.128961801198191
0.0137468881311599 0.492533633005874 0.0448342216678576 -0.104193771606808
-0.265700368604288 0.44219279976058 0.0814714085147841 -0.010746802411012
-0.628472934519976 0.232986525725672 -0.0537898830892073 0.0526701705562378
-0.571797755993603 -0.314643927255682 -0.190595282409973 -0.141669681410254
-0.107786927714279 -0.667151650585862 -0.124307389113345 -0.315185916324874
0.211817332918064 -0.684171259576938 0.117662648906424 -0.328856604674147
0.0846393440747371 -0.681385622556231 -0.0887570039803845 -0.0221735958758971
-0.264107732870752 -0.612181064314818 0.00350431949461266 0.0738936161766009
-0.614299578181032 -0.214583701068526 0.129188281747365 -0.087070792043836
-0.575826310525495 0.320315334863737 0.0489876494867399 -0.146219204177981
-0.219125250050026 0.483543245709819 -0.0266653884512595 -0.0625468867555259
0.0438538333612162 0.464604353414802 -0.0295601962911233 -0.00647955978522863
0.258977359342351 0.400004172386344 0.0228395666596683 0.0243368073876029
0.294683358419155 0.34355469619884 0.0600751139853801 0.00900666731376701
0.2497183813155 0.404827880897928 0.0678919714393103 0.0225494929586244
-0.0029243354084203 0.511616495045242 0.0823424684318358 0.0533619025885612
-0.288865355665862 0.45407579673247 0.0593682451494806 0.114586167982963
-0.643271559136257 0.240483840087416 -0.0818191682885651 0.120240939765463
-0.597774940163763 -0.309695913781476 -0.194746914522561 -0.0813262000070906
-0.134715601326158 -0.694542037886338 -0.123313455984143 -0.167496019892738
0.198847327028426 -0.745505077231183 0.0172572932591932 -0.0690374884194806
0.0477781124305193 -0.663303981156923 -0.160367835160921 0.233167158290441
-0.302701095081757 -0.590443529015142 0.0489580356037849 0.250628344436436
-0.61667015746482 -0.182557306992456 0.152766603865301 -0.0499178497956219
-0.536863009613552 0.325409363100888 0.0221229748014305 -0.116816100020598
-0.199712285836182 0.456464790550975 -0.0679712593748447 0.033885284922382
0.0369474064179335 0.437264176116323 -0.0134053758538695 0.143460551263348
0.231503107609862 0.377181119026137 0.0976851353627864 0.175571810777789
0.254736826330161 0.317791714774441 0.156578299842986 0.148417733347455
0.205339666054818 0.364469093466241 0.14710380294619 0.168755341123234
-0.0255332754580384 0.443062157175664 0.105530382660148 0.198808067488474
-0.264861629311932 0.374873289137748 0.0239081352653253 0.220884279780819
-0.537477139329622 0.185660906204644 -0.10919009036711 0.166208682593924
-0.492674874152175 -0.257026407355518 -0.181091481777128 -0.0261066027902158
-0.118247099696808 -0.589787371494689 -0.101566403952018 -0.0315135446188241
0.159482021761579 -0.677546345330054 -0.0618741588373487 0.176960540355832
0.00680561126754893 -0.5353162312976 -0.231949191170553 0.471331668248457
-0.271891779833215 -0.462057187069409 0.0784142057558919 0.418974354909851
-0.490299914962801 -0.124488618460882 0.161265409611357 0.0143220083088058
-0.394275749149822 0.255695417576186 0.00260051559394267 -0.0632833228007302
-0.147736495279788 0.335928444620844 -0.0938419486739 0.122615887192637
0.0199649153546087 0.331002643856064 0.00608882491260583 0.272263561686474
0.163820053677158 0.293022676284483 0.15866657825629 0.302340026306425
0.176761003838397 0.243589358741065 0.228997262495301 0.26605303369287
0.130714489340889 0.270320923298298 0.198923720096819 0.285313762851155
-0.0428779421309913 0.310123023561552 0.106200647971381 0.305061453938023
-0.200552067781131 0.235434114816255 -0.0211302819124254 0.282555011958461
-0.346348339095522 0.0961934916508663 -0.128438949988157 0.174703707062712
-0.30808953615431 -0.170566365393677 -0.155288130052983 0.0116199807591857
-0.078271333130039 -0.395202529287853 -0.0673063508942813 0.0630650709737272
0.0950710565227218 -0.5098550794704 -0.110234465519107 0.368488873652689
-0.0365011840883885 -0.315824643740989 -0.294653466867084 0.648792200879034
-0.190257442597608 -0.246563944035679 0.0840284801139023 0.548125710280852
-0.273575076672414 -0.0394646425537111 0.161006606819939 0.0897660095885051
-0.177925259286223 0.140818094416499 0.0015398524025522 -0.00748339306512055
-0.0716643114738925 0.153303519707645 -0.101969242341231 0.175900913136707
-0.00325510280462015 0.165845761984087 0.0210818709613086 0.352433728890999
0.0676156936006958 0.159290969286563 0.195355293192936 0.381583756259679
0.0716955949755643 0.131802610389007 0.267612897648529 0.343386586356571
0.042309147105228 0.142668662390867 0.219689608278933 0.356079561598055
-0.049594464546582 0.145714058023979 0.0879953364772318 0.359482253493183
-0.112584190115089 0.0851573429489042 -0.0645053762675111 0.296992576102742
-0.133128889390101 0.0153007854107075 -0.137558054962399 0.15219532266636
-0.116689688817688 -0.0673892041275205 -0.122721989489848 0.0322450213203437
-0.0471251364640796 -0.170007618741733 -0.0288370309286836 0.113120433237879
0.0154475706688377 -0.282657734151406 -0.121192769689407 0.483219738754118
0.0612213093202459 -1.49911000679355E-05 0.0597338183531434 -0.525362999702019
0.0388772829494781 -0.0482020706160337 -0.0690468134776687 -0.225700226383601
-0.0438622282111757 -0.0495827974911482 0.0770273883077555 -0.0293029417587218
-0.0696125714984105 0.0349742405136649 0.128689889687943 -0.0887589139852804
0.00420182895870861 0.0638536431823754 0.115070016361555 -0.248596014828698
0.0431116834651326 0.0310543054373071 -0.0340006581123383 -0.37348613308801
0.0541268138566566 0.00217691429187275 -0.187673135758621 -0.37619961293946
0.0476694039271385 0.00107232813738043 -0.259427483740816 -0.359851558168498
0.0389590812279932 0.00247245030886834 -0.216296848258237 -0.376220354852587
0.0225211399453848 0.0143526628048337 -0.0638885981214667 -0.353142479620039
-0.00203976520174455 0.0212736923650798 0.0686882593763023 -0.217616363966307
-0.0411015689718535 -0.00618700783383769 -0.0100398665274028 -0.0749088780488368
0.0170473792346706 -0.0565541896172871 -0.120190298151149 -0.165192278719109
0.0969596178806511 0.0128912956820298 -0.0387156636786066 -0.498594329890314
0.0650044302149885 0.0901972744021599 0.364378595594362 -0.715570617445217
0.0986521968169393 -0.220452925613634 0.0630693796355669 -0.502392122168958
-0.00807378436573271 -0.22899944616296 -0.06486234291344 -0.221954732138312
-0.19168615942035 -0.126000269079489 0.0673774371291829 -0.0569090695526956
-0.233353755372703 0.0976815258425 0.104614709465057 -0.098768710956073
-0.0791492023250223 0.194544528687241 0.0970464975367115 -0.219319449773921
0.0421512580915061 0.177977131774777 -0.0306921725564812 -0.33051717788483
0.136206807762929 0.143903506053094 -0.160218400074886 -0.336811078513184
0.151791326370688 0.129921900010643 -0.218062018554426 -0.329313416937859
0.13650180628733 0.158722736425783 -0.179060465887803 -0.345502473099617
0.0269389512818818 0.212716222194328 -0.0342071292686967 -0.323650852061246
-0.105382498889567 0.194017101638747 0.0857294701059293 -0.189734681355542
-0.280077000557694 0.088162959930031 -0.013291669812531 -0.0539071070686479
-0.212893837689773 -0.16957252559769 -0.144078291356379 -0.186625193184394
0.0297012511891227 -0.263424636330083 -0.0656738431471591 -0.489650953682981
0.136947832489558 -0.213973051552034 0.306628771230845 -0.677461211839544
0.115542810292206 -0.421241079861251 0.0315303512204912 -0.408383012172645
-0.0768963514937332 -0.393855653372907 -0.0571262256197819 -0.174969527336362
-0.341680641412242 -0.182859267272349 0.0737856374659235 -0.0813545183470721
-0.380830595332582 0.16894193385077 0.086036316521816 -0.121486229356115
-0.150013333557715 0.31399125374449 0.0640758849810662 -0.187986514501512
0.0406472052920487 0.308097441014154 -0.0340631428593391 -0.25418035851345
0.202260080005205 0.266982432689737 -0.114634542421246 -0.250545134694022
0.233822065377145 0.238669413653508 -0.14227342892287 -0.248182845976118
0.21153671987885 0.290445374317315 -0.11183864290034 -0.258005616975846
0.0242536538024159 0.380397651698157 0.00265434578102365 -0.235837137235128
-0.19698163975902 0.341263238508027 0.089692669060735 -0.117822793012345
-0.485430633973354 0.171950882085617 -0.0287452775325849 -0.00714355608465594
-0.418637330836686 -0.260435882330189 -0.173490912514491 -0.175897819467983
-0.0410739784490494 -0.503041179962771 -0.100526784189159 -0.426741497540653
0.188960187335568 -0.483383820030329 0.218015650835495 -0.539154002022405
0.110420807533237 -0.578723556418565 -0.0223702151258898 -0.245140243191123
-0.169723697825196 -0.529233040890858 -0.0345119720707371 -0.0760688239478463
-0.492689858470807 -0.210929801070855 0.0965534028051597 -0.0952029583804747
-0.500185446079213 0.250869984488024 0.0684498509573176 -0.143844508399697
-0.197614470756972 0.417221372787336 0.0198095992898375 -0.140147730212489
0.0408270710179721 0.407232959231948 -0.0362845017557299 -0.144912749058554
0.243733806944054 0.354107246312945 -0.0515236240578852 -0.126738365476768
0.281644709495935 0.309370364729984 -0.0451864516759157 -0.129683129999583
0.25005803976048 0.375240637420919 -0.0245991831501673 -0.128659086713613
0.0136953697834258 0.485044616380468 0.0446763251972385 -0.102023045318768
-0.260892374426663 0.434076448955439 0.0796758590643649 -0.0103519259202026
-0.615831753537663 0.230328686282999 -0.0524421721464242 0.056552434010777
-0.557449318704058 -0.308564124457352 -0.193787079035565 -0.136207589073759
-0.10046316420747 -0.657633111377559 -0.122830586767815 -0.309132951921798
0.209091257481376 -0.663502245796845 0.117003621193012 -0.321580945045992
0.0857562683466784 -0.664037931303989 -0.0885674373656055 -0.0228918951102291
-0.2555693469232 -0.600970775210379 0.00464053795915348 0.0714843883549696
-0.598151024239778 -0.20754319508794 0.126064407344346 -0.0873158420640783
-0.560023423326074 0.318044361873513 0.0452140930540735 -0.145979025291777
-0.212094708731622 0.473920261672718 -0.0279391854801939 -0.0655142849969128
0.0419274805874878 0.454449042337555 -0.0304824819713095 -0.00677042062823446
0.256785878418714 0.390875013623989 0.0217452619470896 0.0218020057688572
0.288269822741744 0.33318351612989 0.0582716391822098 0.00850848983938244
0.246323732374168 0.396342876996801 0.0664836367865942 0.0203726747388186
-0.00290337583122382 0.503139307580101 0.081886008517134 0.0522166269914904
-0.281955936418673 0.445734245708628 0.0575037356996645 0.111732661528679
-0.629038586345937 0.237484048993772 -0.0795900953640944 0.123157484791754
-0.581507267610882 -0.303194981928762 -0.197077147986554 -0.077738061507306
-0.128007454824375 -0.681776694892562 -0.122528685299077 -0.163075555014223
0.198012068621154 -0.724369281337767 0.0194082052614634 -0.0667885274794284
0.0492401719236258 -0.648727042324696 -0.158649112472641 0.226854348792586
-0.294720831831161 -0.580590033529223 0.04948946460877 0.245759946561246
-0.60048650363559 -0.17435567318971 0.149632488352984 -0.0503330178813473
-0.522798146201402 0.321825958659152 0.01914642410906 -0.118956217896887
-0.193759526933812 0.447736222270813 -0.0684275545187825 0.0284877725536956
0.0372122465637835 0.428621252322057 -0.015112212760775 0.141015610003854
0.226769394272885 0.368538865932927 0.0954465275155663 0.169864272963366
0.249559620139509 0.308235873585758 0.152743933272754 0.145068139732211
0.201261670864973 0.355403491636521 0.144489007901315 0.163584860425933
-0.0244951021605568 0.436310512812213 0.105007591736281 0.195120486325089
-0.257619036667511 0.367361885739946 0.0228187169677441 0.215849778256518
-0.522525355679283 0.182644416539413 -0.10577675326745 0.167341306661228
-0.478009318544943 -0.251847816668618 -0.183351817604646 -0.0234020819007728
-0.112078339904854 -0.578247974810139 -0.102071742869702 -0.029371654767723
0.158800807984809 -0.65809994739081 -0.057097455180237 0.174277249410493
0.00765666463707458 -0.525284971014188 -0.227194507154169 0.461016251834584
-0.266646298620221 -0.452951205447571 0.0778059184016044 0.411353999441916
-0.478624130433869 -0.117284184633193 0.15839783899256 0.0124587520462813
-0.383998734277501 0.253043043841448 0.00115373934047759 -0.0668366228661425
-0.143950035690096 0.33013895001127 -0.0945411080681374 0.115394613408248
0.0203509692794825 0.324716463314333 0.00390811122494648 0.267408380195461
0.161797875656952 0.285181740060744 0.155083628254623 0.29561204744769
0.172606457155735 0.235300922457086 0.224303957177225 0.260341907935151
0.128069812938191 0.263049379685062 0.195065754484223 0.277695397749089
-0.0418622485451302 0.304563089040457 0.105400639583639 0.299258725993259
-0.194825591582877 0.230665189814101 -0.0206991950950004 0.277183946353938
-0.335461436710438 0.0950061621923807 -0.124868407733213 0.173921649849402
-0.298125534525152 -0.16504467532054 -0.155411602202667 0.0134480787264979
-0.0743392343129362 -0.38676664194548 -0.0696456231450873 0.0637895983697176
0.0946051049550678 -0.495434576262568 -0.10410383327642 0.361592715179688
-0.0350157513171303 -0.31075838036539 -0.289954532306601 0.634361142168844
-0.1878352062202 -0.241228543924267 0.0832615380927591 0.5401714492628
-0.267658297369598 -0.0354626649202605 0.158357147093652 0.0875010111002629
-0.172655701073856 0.138510044827007 0.000526466389589796 -0.0118088949608255
-0.0706359690517723 0.150728495253493 -0.102826798768258 0.169047833731347
-0.00337181460467748 0.162999946605615 0.0191116584935629 0.346626306159674
0.0660142667967039 0.154777410481141 0.191810801281272 0.374527307636655
0.0694545582329938 0.126619031056314 0.262992203825399 0.336155753010614
0.0412115440304994 0.137035886074583 0.21514626167335 0.348212110101056
-0.0479103609930333 0.142174232661942 0.0871386339389859 0.352442630154647
-0.108597323570483 0.0832826752855832 -0.0631547839754136 0.29014799319272
-0.127495463583776 0.0160069717491202 -0.132358728612471 0.150751570391686
-0.112729323930843 -0.0635321532670884 -0.121658960689549 0.032738641629778
-0.0450137946908526 -0.165137863537927 -0.0321101841811089 0.112103933148515
0.0150967512207334 -0.275473321717424 -0.114216055496629 0.474213222822656
0.0508910485773787 -0.017718529576168 -0.164845046251488 -0.507503150608969
0.0165735245041481 -0.0585980343156058 -0.162007330200435 -0.180588633581018
-0.0630264508653215 -0.0298805259668478 0.0534382543307805 -0.0614094560389475
-0.0523362997229065 0.0601696096110563 0.0768895059779624 -0.134047940071664
0.0266156438469643 0.0581675289997434 -0.00237430512393621 -0.275297745082333
0.050145030844006 0.0122063891913215 -0.193682980327017 -0.326514875945374
0.0515004902757937 -0.0203550503942241 -0.333239420228127 -0.264630050833256
0.0471625949261661 -0.0154255240323517 -0.395066875853629 -0.214662489961907
0.0380703169602704 -0.0137382780976812 -0.362126549300855 -0.247186042039887
0.025897998595773 0.00427884041604358 -0.210716532474496 -0.293613126543982
0.00519929004631673 0.0211372918698832 -0.0291127953693694 -0.22632432667577
-0.0424097248063265 0.010891316006435 -0.0414488502068725 -0.0633386352683544
-0.00848255228718844 -0.0639571814322087 -0.177063624374368 -0.096240693658196
0.0976600765281306 -0.0371572465252363 -0.245979522589068 -0.436527471598154
0.104841146384844 0.0495441497723741 0.0292213029695124 -0.805093449796947
-0.000311747685707008 -0.234294870773739 -0.159717829391387 -0.494916484214213
-0.0970319111461617 -0.203644390165822 -0.161321852235929 -0.178380538449864
-0.225969649537222 -0.0394901590352335 0.0265874589684095 -0.0768125550190802
-0.17062100876549 0.182750678672709 0.0467903094110585 -0.123824597999508
0.00536615280929699 0.209959054310905 -0.00239500030385213 -0.236434258839922
0.110728205299992 0.146913734534777 -0.16815896987272 -0.285361424338708
0.183845084057956 0.0742612714798194 -0.288144232739814 -0.238397361646645
0.195914427342669 0.0618135864602358 -0.343822973427988 -0.203331605688707
0.193927106570552 0.0901388159835428 -0.316853845378205 -0.234045802474451
0.114513071084817 0.187046654312624 -0.175794042990505 -0.276307154877816
-0.0188197677013215 0.226616811130873 -0.0111862161796953 -0.212111253786588
-0.218590572625233 0.200230573200183 -0.0491477894570701 -0.0545559045215721
-0.270843494354856 -0.0731197617869823 -0.206708972995412 -0.115090724520503
-0.0843192277084121 -0.264807461968609 -0.254229249307406 -0.420789165641079
0.0352003815826594 -0.267245110950375 0.00840377184480411 -0.737789326600525
-0.0599776365371893 -0.426236143131357 -0.156092345221361 -0.400107198232271
-0.224356005114294 -0.326553074365693 -0.137985480492659 -0.137010245502449
-0.384047783895327 -0.0315480521537296 0.0174672492522017 -0.0950849261960748
-0.271587332913901 0.305853563847202 0.0171776536462087 -0.128822134267043
-0.00857232960772522 0.346732697519085 -0.0153380847594302 -0.189189444685153
0.164071497199494 0.266171955153748 -0.135451656307292 -0.211602826539466
0.294033578651825 0.158372286739521 -0.2044326224105 -0.17623624562683
0.316051225971747 0.12853734352442 -0.238119964605347 -0.16088234216689
0.31827318919294 0.181045753521173 -0.219162449260103 -0.181882715438342
0.182632456024806 0.343492646191329 -0.10676702142483 -0.209880424881631
-0.0416536443110145 0.402663967917098 0.0155605263419275 -0.150949856193668
-0.368811088731392 0.36551654193329 -0.0556599430552619 -0.0158436022545933
-0.50120570113093 -0.0721137395971898 -0.228198987502948 -0.100995140048141
-0.252621508262743 -0.457517792273937 -0.24700148764481 -0.351575192216551
-0.039341131447219 -0.541896459097332 0.000838268004749049 -0.569835966763644
-0.123879803110218 -0.568255721644847 -0.141964237338753 -0.231854041769779
-0.361585655774137 -0.411277619674432 -0.0790035242588589 -0.0545586500978145
-0.530688921288864 0.00465430095807834 0.0288530867042229 -0.109843675680738
-0.343522887713696 0.427725038726516 -0.0103657151561252 -0.135022087302819
-0.00709844835494218 0.459114521909429 -0.0326021946098803 -0.124047660626692
0.205777572386919 0.355463752286935 -0.0873099479996208 -0.108803538692882
0.367671928155715 0.219626189267239 -0.0897551335924428 -0.0873196833065864
0.388269109939699 0.174688331977686 -0.0979070577133176 -0.0940497870511831
0.389599393938532 0.24340968369992 -0.0835140046577773 -0.101331406033742
0.218624285727575 0.444793393637016 -0.0132524695753279 -0.104001450083993
-0.0603538486197773 0.516331230337911 0.0474881441205494 -0.0514662274549812
-0.460839396808776 0.474682977499097 -0.0569173550683917 0.0466614080444745
-0.648804718963359 -0.058529440082326 -0.229291662694861 -0.0610714254583626
-0.375626333274653 -0.5696691065141 -0.208839834307417 -0.236283919668832
-0.100780664264333 -0.71751019587773 0.0102690219554344 -0.323512351118809
-0.175958229306156 -0.639203214834931 -0.114685653759918 -0.00149201204984025
-0.469364144641167 -0.444063101472845 0.0186682228022603 0.0659248316255203
-0.626861343961062 0.0490922890314076 0.0578365512074977 -0.110097315750404
-0.369840401098387 0.511629169334166 -0.0334319413030255 -0.124124454348483
0.00221062020484287 0.517100709380509 -0.0425371755318931 -0.0339477345551695
0.227590313402961 0.397079090603796 -0.021214976449357 0.0156453715594021
0.393120526723847 0.248850910247458 0.0431192772494727 0.0175721109900998
0.403639557998336 0.192330112210112 0.057290148090551 -0.0135136453346656
0.393025852740458 0.264061589913175 0.0649344455740387 -0.00596852082154667
0.211339387558194 0.470243391054894 0.0879485932956996 0.0194213187814725
-0.0742948300437994 0.537577580585885 0.0790836268073346 0.0679467675107227
-0.469920879812917 0.489744411369655 -0.0542902930245274 0.116990722306014
-0.670766037039671 -0.0404890406830534 -0.208115299573648 -0.0068998633019217
-0.41048047576841 -0.580294155292959 -0.146817433397842 -0.103491279389379
-0.139812519390108 -0.766429269800875 0.0313909306473606 -0.0501712652603415
-0.20176063876638 -0.613071510448133 -0.075574711254116 0.257855890573225
-0.495589804259638 -0.41168893147194 0.135487217512499 0.208257174580432
-0.615647864914244 0.0791078176681903 0.0967898829572646 -0.0859782729354366
-0.333138435578242 0.502059274912666 -0.0435888706439016 -0.0894476884577622
0.00921944018624469 0.485215046846592 -0.0397495105727184 0.0675139793249716
0.212411238160626 0.374857997426151 0.0559065207816032 0.142912321048926
0.357967844691876 0.238924847400322 0.174389789605706 0.121840163405669
0.35551024036529 0.182847396582766 0.203234951379473 0.0698805190712245
0.334220843806869 0.243955973751681 0.199212039858569 0.0892834500790054
0.162767256747972 0.416666805530451 0.171505886011804 0.13837555104578
-0.0846832741978681 0.452295772544167 0.0958170077626799 0.177507333914268
-0.396179814996585 0.393514197654821 -0.0515226838101773 0.172169975191702
-0.549898017494742 -0.0350007735665428 -0.172938341908103 0.0409500132462612
-0.352058254884597 -0.488317635922231 -0.0779756649937598 0.0115951076821658
-0.146575651389926 -0.685441123941937 0.05885189290364 0.199599452110121
-0.187816024453123 -0.487478627759922 -0.0391336137790444 0.504124642923355
-0.419533678428823 -0.309892034819656 0.236515551879644 0.348935724159324
-0.481541437629223 0.0845647760995372 0.137023858795889 -0.036002090275318
-0.237813809682852 0.383757583223057 -0.0353580700321376 -0.0417353533665479
0.00758078335712687 0.358054630889637 -0.0290954889226701 0.154884492893715
0.155468912339087 0.287199899287006 0.125836361856266 0.248413371920171
0.263436087952265 0.192135229317561 0.281369293845293 0.209176050910215
0.254614678550362 0.145602802715101 0.319509194797594 0.14383249666919
0.228021731416165 0.189900190943891 0.296715831456824 0.170800621236081
0.0913302456941158 0.300530414385138 0.220446618033357 0.23069192148998
-0.0826289817888965 0.29794688518481 0.0890393708614168 0.252958921511378
-0.2621622686975 0.231930584926219 -0.0536399070521248 0.194660759478166
-0.346808928301674 -0.0283444126303175 -0.132896697318017 0.0687754816896549
-0.235306475145255 -0.325029564622478 -0.019163072644486 0.0856787065459799
-0.135469015050011 -0.501837850699054 0.0862335716246865 0.384928739362212
-0.142417281118432 -0.276112716644198 -0.0157991962494844 0.695697227413115
-0.263630980489482 -0.150951646222183 0.303349364736904 0.463558865793948
-0.257213035735088 0.0745679280006904 0.176152740113412 0.0240198039787339
-0.0962955169498091 0.194860950513408 -0.00843655275640235 -0.00310710115300936
0.000231293629095011 0.165634616339698 -0.0188891434031829 0.20198800419066
0.0678118071976975 0.149266956728387 0.169891414595655 0.31152886721754
0.123029931218286 0.112906401397373 0.344486926166296 0.263583586795322
0.11321512355454 0.086134221851625 0.387498036940827 0.194028491700291
0.0938448204750972 0.109087609846874 0.346904559659717 0.224536097484477
0.0163693350875485 0.151898832429381 0.230592226446834 0.284003128675035
-0.0641696068105226 0.123927820936782 0.0637572935250446 0.286527842124599
-0.107166041123656 0.0702679098427806 -0.0595246077803535 0.186197266755516
-0.131107516731482 -0.00981717327703389 -0.0945120159317398 0.0787765122693264
-0.112811710113471 -0.131071383048278 0.0238051783312039 0.116659228344559
-0.110898215402258 -0.2604923674972 0.112242809522222 0.485003647741224
0.053594491438592 -0.019409371461589 -0.181316583177393 -0.513711161077324
0.0172993411888094 -0.0635291812941214 -0.171474506653686 -0.181947704027004
-0.0672135198829971 -0.0301125591439692 0.0511301557041264 -0.0682042582249649
-0.0537895262385656 0.0639021246440827 0.0739346296476098 -0.141186519343783
0.0293111920044768 0.0594493900267861 -0.0111734470725348 -0.282924199985396
0.0518120802751454 0.0115210198347028 -0.209436698937801 -0.329839932502734
0.0535866627174722 -0.0219417128783146 -0.35079377303332 -0.265030843286485
0.0497627458578454 -0.0169937049342756 -0.410906674831804 -0.210454278749188
0.0401943596041711 -0.0132443622283127 -0.377993276247328 -0.244356212473162
0.026789294351187 0.00528869917560796 -0.22110825079377 -0.296715040708435
0.00460351547848287 0.0230905060894626 -0.0316270440413498 -0.231606437739276
-0.0443921297173365 0.0126646616947497 -0.0429824455968895 -0.0601358020856246
-0.0102180824055835 -0.067060847243621 -0.184275962470669 -0.0927913796868768
0.100472207420833 -0.0416142849919777 -0.263639043575148 -0.442552264921922
0.109602755479648 0.0491177874290725 0.00916849002819458 -0.822380224390848
-0.00234978470783725 -0.238563039110142 -0.176682863611584 -0.49983249947647
-0.10218103627 -0.209714337295464 -0.170593421224168 -0.179487985307242
-0.232191984679061 -0.0352931726389823 0.0243713967632197 -0.0827906160435233
-0.169773660260201 0.191448280781504 0.0429095536916489 -0.129003650625296
0.0117747822896058 0.214317132507191 -0.0104522441732729 -0.242974961316623
0.117064047155538 0.148188816123552 -0.181011782168032 -0.287899853146622
0.191484568064609 0.0709612309270965 -0.303609657107978 -0.237868561713449
0.203376300027731 0.0576596968549982 -0.358724677714653 -0.198852033760495
0.20328497469469 0.0884879458341445 -0.331147130071241 -0.232223849658671
0.122969820531664 0.190916153812287 -0.186069012377346 -0.27987312556457
-0.014506954929269 0.233792047028909 -0.0144101737336235 -0.216305705230507
-0.219123392889114 0.211788980300378 -0.0505557629059172 -0.0506747515788333
-0.278833978103607 -0.0704412905363059 -0.217294694105885 -0.110008717385769
-0.0914840848523422 -0.271195019214342 -0.272347011989756 -0.427859405832739
0.0323047700516493 -0.272328429327855 -0.00811888839103758 -0.755052217359044
-0.0681972312161932 -0.432528962812826 -0.1711904243681 -0.405001891145571
-0.235162359443017 -0.330627508194449 -0.144966008945861 -0.138282718605672
-0.390891948861328 -0.0222840071443338 0.0149354078652884 -0.100854339420112
-0.268222423540114 0.319880919300713 0.0111321976697826 -0.133143960062696
0.00159528744195938 0.355470300261146 -0.023416535526724 -0.195747979579428
0.173462664954494 0.268663635477076 -0.145557031953447 -0.213111554084846
0.306528887264329 0.153016921666033 -0.216385910635422 -0.176495577141983
0.327491845638194 0.122556913172097 -0.249637344983675 -0.158084227214044
0.333370681483801 0.176857109428571 -0.230094753096875 -0.181254956878176
0.199161051073664 0.349134350318105 -0.113750081930321 -0.21327390989842
-0.0331238794290058 0.414743936501538 0.0129066627954992 -0.154660070530618
-0.368357104577826 0.386154909404074 -0.054819992926707 -0.0112067054981894
-0.514243366322326 -0.0647021389394422 -0.240145939732785 -0.0933547037586216
-0.269719925160066 -0.463598821017812 -0.260907594484457 -0.354933183831651
-0.0476671310887006 -0.550832374500251 -0.0119878023340265 -0.583026082894532
-0.136183059093855 -0.577265232350057 -0.153240409535412 -0.233703259065837
-0.376794415211226 -0.414867674860459 -0.0812399514008916 -0.0555848247786099
-0.538639370249203 0.019666626771379 0.0263143765331172 -0.116311478593874
-0.336920904391544 0.446269044331957 -0.0174940241399704 -0.139360938633271
0.00519217655271682 0.470234769619904 -0.0399062089001259 -0.129263952787833
0.219121880378498 0.360170294326878 -0.093175695437075 -0.108358051520004
0.383428895505434 0.215704000819495 -0.0965980808280267 -0.0879838734654867
0.400701630550861 0.167069336560417 -0.103103316937706 -0.0934189445364454
0.407217868338376 0.23647485882275 -0.0893011743013887 -0.101880259896801
0.237103951299055 0.453202089972447 -0.014236848543203 -0.10725018653719
-0.0495823842718579 0.531743583235034 0.0474763458231733 -0.0536473875329584
-0.45967328562195 0.499169605083381 -0.0537291478140103 0.0523634782029496
-0.664447043300558 -0.0464208121880168 -0.240631233957483 -0.0510780050781466
-0.397132595466376 -0.577756499637624 -0.2214671503935 -0.237318839696444
-0.116080772883198 -0.729431491149969 0.00516581664631331 -0.33103082304508
-0.191863118032036 -0.648656054337935 -0.11873458059804 -0.000442400749140611
-0.488743331016406 -0.445374361972227 0.0225257538430534 0.0660083155652594
-0.635279542814602 0.0695587196187205 0.0568501114681514 -0.116558431780906
-0.36009442407929 0.531592257926167 -0.0412186440143892 -0.128292911102847
0.0173454000963651 0.529185747997711 -0.0484018937803078 -0.0377313203072665
0.243622360985583 0.402675612018504 -0.0225212563578547 0.0177959779357341
0.409655193930566 0.24362858847786 0.0427989212602725 0.0162479959489303
0.415741037469206 0.184796554699005 0.0581544741307368 -0.0145165022617325
0.41093473107395 0.257630985581811 0.0646219635851917 -0.00776413261252756
0.232268945383866 0.479169377837741 0.0919805662087034 0.0173078856843262
-0.0639900701480962 0.55087101883976 0.0823254123728138 0.068249187930552
-0.467918648747278 0.512914246290167 -0.0477119224828802 0.124322792931998
-0.6834955455869 -0.0283400504528033 -0.217875224927584 0.00454882657483084
-0.433557671405971 -0.587311097767629 -0.155050775707484 -0.10200390227406
-0.156127747960339 -0.77736762361673 0.0346743292927862 -0.0533732531553759
-0.219074267938726 -0.624093050073594 -0.0722918797360627 0.263787702585489
-0.517119421435745 -0.410985871105072 0.14642758692534 0.209022181816356
-0.624111895152322 0.0983387509836978 0.0981681677272912 -0.0917446988289573
-0.324569971407296 0.521177001882928 -0.050877508472815 -0.0927388000284551
0.0238705635097726 0.497213397544057 -0.0433025982217603 0.0663686161210849
0.226288631175627 0.38121891174995 0.0600343536241797 0.146914388573167
0.372500658319976 0.235632862473366 0.18085894661797 0.119849124676338
0.365804286766269 0.176387894849088 0.210598892616019 0.0666178965261178
0.348551830939324 0.240639699311685 0.205123681095817 0.0867774283090383
0.179289422169342 0.423595954593766 0.181904810809904 0.136620192151501
-0.0740047259440398 0.466296502852599 0.102294593717887 0.180468185467637
-0.392631787300807 0.413046285335689 -0.0442117640022522 0.179743605060981
-0.561563270583829 -0.0235607072679244 -0.179742206897634 0.0522717777761495
-0.371059425878073 -0.494585147956878 -0.0818080593057922 0.0160332499869883
-0.16351351862287 -0.693076138049941 0.0704288925341575 0.200072339203075
-0.202699943944751 -0.495074060841136 -0.0277214415017326 0.513633623809374
-0.437479114006189 -0.306949905782387 0.254677546542772 0.351077311628798
-0.488302995539848 0.0994656621639912 0.140615226242067 -0.0413622694891676
-0.230304509745523 0.399593509398726 -0.0412229788710273 -0.0445684124998238
0.0174774401448694 0.367173711405194 -0.0301742388359269 0.156484950632295
0.167079370325855 0.291720703103909 0.134562912616275 0.253127855241092
0.27462925589978 0.188805433555946 0.293744315132882 0.206827492588322
0.260794834660825 0.141481839744759 0.331730472054912 0.138258386004022
0.237322188951842 0.18539691020621 0.308516319235959 0.166880983205172
0.102480825968346 0.305521472056031 0.233165411114306 0.230306073729828
-0.0760337398621733 0.306768169120066 0.0971900288900324 0.257473971472746
-0.258875929779002 0.244640610462764 -0.046760678180818 0.201183900860921
-0.352275984159852 -0.0199923953883141 -0.137395492996857 0.0779063420549368
-0.247170764976188 -0.327741015334456 -0.0195786901803829 0.0910162978399283
-0.147804606174715 -0.507884047890958 0.101970747987304 0.389246454752328
-0.153000568959874 -0.279655421937015 6.28912533598283E-05 0.709297444006422
-0.274178285024135 -0.146907037684127 0.325761107004087 0.466441547742712
-0.259269951038509 0.0845119406168968 0.182562523955146 0.0195893201649621
-0.0913936380477223 0.201912088222092 -0.0115875577482655 -0.00561584166593924
0.00473781023391721 0.170077121499385 -0.0185022350890205 0.205915445377359
0.0735508462946457 0.151827874730946 0.180893978610197 0.316175446180152
0.127143478423018 0.112281599088813 0.36151633198726 0.26142577172881
0.115382054088859 0.0842234892713451 0.403104535557233 0.188869717546665
0.0969153415068082 0.107390063074063 0.361299322202734 0.221048439964435
0.0217458800322552 0.154761345859901 0.244584544666953 0.285209096112835
-0.0613052619100054 0.126901269545902 0.0735766005148388 0.291792737982911
-0.104618828451204 0.0735652531391753 -0.05325873036251 0.192581282058343
-0.131402742967317 -0.00490038970932466 -0.0962888558879519 0.0856333589645905
-0.117692450947227 -0.130664739003533 0.0247761067470201 0.121648195993689
-0.120607184897219 -0.262324516557176 0.13059201545022 0.491719340981042
0.0551423904694307 -0.0227742569930376 -0.2104505004089 -0.50740333522934
0.0154052008039653 -0.0690206215651219 -0.184242322441682 -0.175892742376351
-0.0720315512205731 -0.027738927824529 0.0459956364046576 -0.0755143330991763
-0.0534731408339871 0.0686790850377944 0.0651246438545299 -0.148147448761045
0.0335602701479324 0.0590124885688249 -0.0290912949545864 -0.285673140761201
0.0531276553769962 0.00872267680815835 -0.231696117551709 -0.322347857237217
0.0548705439171841 -0.0251300848870159 -0.372160689799446 -0.249145372099041
0.0517074285156238 -0.0200745611721428 -0.428504624917334 -0.190000844251689
0.042076974907956 -0.0144109487925058 -0.396210078978539 -0.230048867505759
0.0274679957639124 0.00542246431960266 -0.239226073171333 -0.29008709587991
0.00442976511242483 0.0247247229365342 -0.041058386604861 -0.233622793462172
-0.0458366655013758 0.0158929003541916 -0.045150466846565 -0.0542053026960251
-0.0145412603615658 -0.0696285991513478 -0.191812299929598 -0.0828623258217429
0.100841744736523 -0.0479173449213715 -0.290965665753618 -0.437552530574955
0.115330969299049 0.0449028177562771 -0.032067374934118 -0.827471577686952
-0.0117036961055554 -0.240342576639988 -0.204848296737116 -0.493100021596448
-0.111444505999898 -0.209928060501279 -0.182810879050673 -0.174227503386689
-0.236077696627938 -0.024356495683314 0.0188781535021193 -0.088753139131513
-0.162379349961105 0.202861739664707 0.0340093712181688 -0.134071575009717
0.0240374121759093 0.216108636610198 -0.0262668351193663 -0.247605227370801
0.125748577485438 0.144323006208764 -0.201095473582825 -0.282100420459489
0.1993996812554 0.0614414586263512 -0.3226848003074 -0.224138189014494
0.210066761872676 0.0470726929927049 -0.374481539804145 -0.181979903082744
0.212106567016781 0.0785944921071754 -0.348438211837488 -0.217829554059258
0.136409163310123 0.188026429271902 -0.201133403248831 -0.275454668665651
-0.00345839510832853 0.239418162574453 -0.0241245171240031 -0.218627734447389
-0.211576519599932 0.227046182586336 -0.0511800505389511 -0.0446924483504176
-0.28531042722559 -0.0601815977129267 -0.227054578593797 -0.0961413739509296
-0.105144950002608 -0.271058592417845 -0.299341600132358 -0.420810589991107
0.0223302260345886 -0.275556500731761 -0.0477072308705498 -0.760214655701653
-0.0870308588207141 -0.430774044372053 -0.194947210815436 -0.398889174797364
-0.251550615407478 -0.326154923265577 -0.153202055928531 -0.133983368410165
-0.393104855594826 -0.0021151394635015 0.00874770433549349 -0.107056232895562
-0.252970695723293 0.336519370950402 0.00107866678102093 -0.13622247398901
0.0211279953162427 0.358236216898858 -0.037763975361855 -0.199950187509908
0.189547504273125 0.264128184213759 -0.159935745225489 -0.207456681414737
0.318499224419168 0.138323180239216 -0.23117292371902 -0.166933630184594
0.33722031759599 0.106023334338984 -0.261999382271971 -0.14593462209251
0.349081127762822 0.159410720491521 -0.243436154799045 -0.170814909517161
0.222371976303429 0.345259764563948 -0.124558227626727 -0.211683508491391
-0.0124328455532178 0.42348757338194 0.00626142997738802 -0.156878415354626
-0.351395081022026 0.410532262659008 -0.053120624653606 -0.00481431031782337
-0.522889203314478 -0.042511140086494 -0.250956762417096 -0.0766323863267148
-0.294934831318748 -0.457632771892521 -0.286488801761891 -0.348030419551732
-0.0713708731362027 -0.551514850162629 -0.0396287403378175 -0.587092918098955
-0.164312739304289 -0.574745032968033 -0.168041105480701 -0.228458848616479
-0.399598064297374 -0.403236946801844 -0.0836819846131702 -0.0537429438529528
-0.538455914528356 0.0461666982378431 0.02091883184325 -0.122741798556906
-0.313053092233464 0.46705978781611 -0.028906530437457 -0.141029408913467
0.0320368513008221 0.475369525497049 -0.0518855382652409 -0.132612951122012
0.241363803498118 0.354943172472162 -0.102144099995987 -0.104404687302355
0.398107497090664 0.195189673156547 -0.104258624958478 -0.0837745363552034
0.412583803966406 0.146704783160109 -0.109762054384263 -0.0885784660022601
0.425408852305538 0.215569783264026 -0.0969861954144968 -0.0976312656630862
0.266552111326685 0.447753118407993 -0.0184516566424535 -0.10966495413663
-0.0235092476770294 0.541474561387217 0.0458266597878421 -0.055970170988065
-0.436102481892693 0.530431663979009 -0.048245764550478 0.0584776285028538
-0.673343487396631 -0.0170614205312356 -0.250094958381459 -0.0322871688741998
-0.4282852334913 -0.564035498451998 -0.238060631427348 -0.230622424008279
-0.148187107803964 -0.727352747383098 -0.00905552246027931 -0.33591802528673
-0.224289014761464 -0.644988085425841 -0.12160148578181 0.00371259414282513
-0.51512108109189 -0.428811518927003 0.0285934871269207 0.0629682299461639
-0.632159756765236 0.102596321626465 0.052483111164155 -0.125146139111932
-0.332562698609286 0.555695722368352 -0.0525653043041041 -0.129464398308862
0.045106457520491 0.533614997546465 -0.0561548828375196 -0.0403141791388021
0.267538991861443 0.396706096498725 -0.0231055350685658 0.02035936936876
0.426663421847479 0.223504956128482 0.0425071797693288 0.0138584686165041
0.427956415170102 0.164830380617553 0.0584119724080926 -0.0177806011663281
0.42972954843902 0.235852332367879 0.0647254107201063 -0.010453351220785
0.262411285823289 0.472911935741847 0.0966812125237529 0.0112005612523001
-0.0353806834837143 0.562217302722265 0.0867537694588758 0.0659149978251594
-0.442823300085506 0.54371960532875 -0.0379107131452354 0.1302230425201
-0.690026495938183 0.00334429274790752 -0.224009021064427 0.0227821233225104
-0.467518161529656 -0.572726512364673 -0.16395634141839 -0.0941397252954686
-0.19194440127386 -0.7725061160818 0.0356623523770234 -0.0582951253631873
-0.250692437085085 -0.61700833607074 -0.0612222589296006 0.266739396222687
-0.542924796947666 -0.389945712675517 0.162407451881474 0.201558380645971
-0.620086171803667 0.134136350756174 0.095998292463758 -0.101129526874018
-0.297653280898907 0.543625693148652 -0.0607914246284779 -0.0933611922030204
0.0508973429523113 0.501355682300751 -0.0461367967801394 0.0652236556623183
0.25072851715956 0.376067912588763 0.0673287078467889 0.146767738136026
0.387976922637101 0.2170689372088 0.188867143392563 0.111518537260785
0.376013035978294 0.159298536598749 0.216951817959626 0.0563928294696511
0.364880890876856 0.220684408912337 0.211746183032537 0.0774215088642856
0.206498859965473 0.420226913512269 0.193063344171261 0.127471884044621
-0.0499559701857255 0.47525419355902 0.112811813418672 0.178330215611658
-0.371734409338293 0.438136056145247 -0.0316971300356835 0.185722528945927
-0.564654880833013 0.00356874191708131 -0.18251675820771 0.0678877849918684
-0.397790548532648 -0.480265836326436 -0.0840245291816133 0.0224632570212657
-0.196422680224662 -0.687910465449928 0.0843438717495496 0.19518311954273
-0.230487652350008 -0.489293816149764 -0.00307309757754458 0.518001404019786
-0.458454146044577 -0.288998504603268 0.279609141310569 0.340174159708151
-0.484367088132243 0.128083255348974 0.142001653893571 -0.0514746182095312
-0.208273795318927 0.415174722051379 -0.0476922329500605 -0.0456838902391697
0.0382343375391587 0.372077624018332 -0.0275269987808151 0.156754738761381
0.18551091669969 0.287866613884365 0.148416938986264 0.251571993953622
0.28593196012296 0.176259719043985 0.308527469231711 0.193781450396811
0.268091958698835 0.128814347599912 0.344082462167173 0.12260598217188
0.247350191174601 0.172894601596855 0.321210776601528 0.152984522287762
0.120937176024016 0.303802564016424 0.249825639459383 0.219958528786576
-0.0601227118728049 0.31338714735833 0.113017074351869 0.255614351243869
-0.244797842258758 0.259667486916137 -0.0335221948009719 0.206258168232026
-0.353471862879585 -0.00183292457748429 -0.137122261368773 0.0907096166829481
-0.265144253960693 -0.318299733159824 -0.0175181514627588 0.095833553041232
-0.174860265350642 -0.502387437145475 0.127396019129688 0.383847696987262
-0.170009663477723 -0.275829287137315 0.0334777423089432 0.7133177338354
-0.285788526220839 -0.134125656075676 0.357577818822789 0.454782269397422
-0.254837842538626 0.100801492808406 0.188220701855667 0.00990876564235104
-0.0795092766056204 0.209563020770731 -0.0151316909856232 -0.00737936339102155
0.0141816518766157 0.173462168310927 -0.0123661521511352 0.207325972325891
0.0835140526195097 0.150673635595055 0.199247329161288 0.312920520046451
0.134108600029407 0.106849992373799 0.37994963992893 0.245440936102341
0.117895245907618 0.0795179058775484 0.419176970393964 0.1699114953902
0.10111600586545 0.101195956852552 0.37904939957542 0.204754127865461
0.0303694101259369 0.153913610086265 0.264059780154214 0.27637168913949
-0.0541424891872075 0.130360635491097 0.0916937957755309 0.291253182395437
-0.0985678049329486 0.0785034339821275 -0.0407974034017655 0.196653005088905
-0.130292741036933 0.00416539758456112 -0.0940002952434462 0.0938173619803522
-0.125493977244674 -0.12459282744448 0.0300909528770408 0.125162439411079
-0.136037505964047 -0.257673648156526 0.16138625438144 0.485033852169965
0.0548678070960698 -0.0254906062834616 -0.234813991007738 -0.482454665127494
0.0123134213223357 -0.0723373359041651 -0.191745419263716 -0.162008193495026
-0.0744767461686275 -0.0237704262733894 0.0388670701318181 -0.0798160451904626
-0.0503070624537111 0.0719820783358296 0.0520982134581615 -0.15081150967053
0.0367866780928952 0.0561819617408558 -0.0487070017937896 -0.278411682112378
0.0529363073980772 0.00608860122314275 -0.250337475365045 -0.303806215055215
0.0539465196341897 -0.0281330653529648 -0.383269511097096 -0.222894871272713
0.0514479452572894 -0.0235322273854776 -0.434090616275539 -0.161225788206214
0.0428913828706958 -0.0152912155538217 -0.401457910906208 -0.202143045736768
0.0274524537768973 0.00516316310503465 -0.250641651360777 -0.273152138033734
0.0048283158156276 0.0258846916564677 -0.0510091900670579 -0.227617053542707
-0.0458498132065154 0.0186975719763096 -0.0451527767392399 -0.046942667276742
-0.0192033639066187 -0.0698423998052486 -0.192604266830739 -0.0693463568893935
0.0975289215557024 -0.0536062723249153 -0.312829404533595 -0.416266254274035
0.118156357196515 0.0377829311376369 -0.0769165952452627 -0.807706241226581
-0.0220740052476374 -0.234199495472497 -0.229507611996189 -0.470935169203055
-0.119733294184723 -0.204027267896098 -0.189432142254031 -0.161286146558002
-0.232336183819232 -0.0110871740599134 0.0115934380848456 -0.0927089852494527
-0.147854371969155 0.208740806187112 0.0222086408445969 -0.134602658137084
0.0364302409408538 0.21093841610799 -0.0446406080513021 -0.242459685058694
0.13225891490284 0.135977088208852 -0.216809423445917 -0.265042916298073
0.200289191202856 0.0488012508068108 -0.332688397526715 -0.201999417206739
0.210232154794492 0.0336373144960285 -0.379632841680352 -0.156854896684553
0.215637295781777 0.0645205873827379 -0.355601107598129 -0.193670438991758
0.146628161003316 0.179216956493638 -0.212786699717626 -0.261360248760769
0.00932884118194947 0.237582658791813 -0.0337020426985287 -0.213693611461046
-0.19526608201055 0.236357407771853 -0.0502052339089965 -0.0373859477955177
-0.284725301036892 -0.0460206807262768 -0.229305741795215 -0.078545670130844
-0.116813913436243 -0.262286050287333 -0.320677845099299 -0.398923153608803
0.0110999011085731 -0.270182949608571 -0.0867269291858994 -0.741959825430782
-0.106570953441932 -0.416033877117739 -0.213484132767149 -0.379857591773818
-0.263067451603164 -0.310981287052403 -0.158075528880941 -0.124716608677053
-0.383211691181474 0.018541757776795 0.00161974928901153 -0.110364297976216
-0.227243578625206 0.344552783217344 -0.0103201053522868 -0.134569875968943
0.0415537433581005 0.350386433851947 -0.0535860074706462 -0.19647046300951
0.20203241710445 0.250913500151415 -0.171120782465498 -0.194613819103661
0.322511476633675 0.117250858327041 -0.239088284767529 -0.150554772296066
0.337537575436892 0.0843598526957953 -0.265996772862023 -0.127430994265146
0.352835915239148 0.13560058605053 -0.249150089580786 -0.152661882586554
0.240798071763493 0.32864282259017 -0.133711102325293 -0.202969808431904
0.0101452861711872 0.419574360677867 -0.00169832061319705 -0.154701477741162
-0.322123187950233 0.424599954931988 -0.0489762666415245 0.00103295773107517
-0.515512180237118 -0.0142206322892925 -0.252004689424574 -0.0565869740804745
-0.314135327620797 -0.434825425364802 -0.302477572607487 -0.32931620539869
-0.0957604848996415 -0.53514198584441 -0.069429152098339 -0.572806079812011
-0.188412986848822 -0.551832838828901 -0.178263385879309 -0.215283781769737
-0.412278241479121 -0.376864977746325 -0.0843352772371922 -0.0512924772470508
-0.519697331910869 0.0745297452886567 0.0129288245241625 -0.12722499388622
-0.278404938440456 0.475366765911221 -0.0409081868672011 -0.138154777000413
0.0574588403205555 0.46421304089091 -0.0652882027373927 -0.131328787355314
0.258167786482159 0.337586036867352 -0.108096948978688 -0.0956659661118623
0.403843368353421 0.170006256473799 -0.108996615525638 -0.0758601634980988
0.412959741293606 0.120286942631586 -0.112599102669336 -0.0805021613390124
0.430828219045982 0.185131644841036 -0.100941480098156 -0.0893344807967215
0.291254627571666 0.426067344066426 -0.0229173822728936 -0.108883199017291
0.0072881827379835 0.536759506607454 0.0424542253269922 -0.0572164744583299
-0.39697531425689 0.546522206451521 -0.0407929670435006 0.0625947454613594
-0.662666472065754 0.0184124462239949 -0.249848943179706 -0.0114945980324047
-0.450372848629286 -0.534688048867237 -0.249720490264193 -0.213697347114559
-0.181391983814586 -0.701338833699244 -0.0237311421408073 -0.330658096865004
-0.252308950875334 -0.617290119679296 -0.120661635975205 0.00795040868322086
-0.527602033761477 -0.394675356584963 0.0335842711307448 0.0560650073956849
-0.60894854658577 0.135383762182799 0.0450725272768951 -0.131142429864593
-0.292873809058731 0.563392651219959 -0.0636884126423952 -0.125710974009253
0.0760096988619273 0.52222057762455 -0.0652537209924741 -0.0410084219846792
0.286861332775848 0.377799317545041 -0.0233210197251427 0.0222600338880411
0.431202700743742 0.194465333236623 0.0418791158043841 0.0116389777670201
0.42743887404114 0.137601436003949 0.0571833919784304 -0.0205173699473201
0.433899460150862 0.204911329628933 0.0632988554068536 -0.0126753503462617
0.288006294115096 0.450939621419226 0.0970697431456621 0.00343978259379636
-0.0034779210932598 0.555726300415421 0.0895482315572635 0.0607422381308915
-0.402089750307257 0.558821419775764 -0.0265975124556279 0.131163002199614
-0.675986591123579 0.0387541183378266 -0.221513972382157 0.0427242888332709
-0.486385841857324 -0.537728161331522 -0.169398305340629 -0.0831400752355729
-0.224336645319443 -0.744507160304275 0.034660788965911 -0.0630570132080448
-0.278623284423866 -0.590732278133523 -0.0474561828870235 0.261756322658302
-0.553542267244806 -0.354474445152052 0.173900616267811 0.184357850996457
-0.595626420525345 0.167154912207527 0.0899157890763633 -0.10961940017479
-0.257754840968723 0.55180612468711 -0.0695359801003205 -0.0904208406530191
0.0803848861454244 0.490953909972423 -0.0490202815473409 0.0626849882013298
0.26971157257066 0.356603265929523 0.0732282132850793 0.142027133197112
0.393683926768652 0.190056323211467 0.192061498100426 0.0987264180005364
0.376399899595212 0.135012156542033 0.218125170410023 0.042842025890421
0.370433243526915 0.193970466343088 0.213348018174047 0.0648547107207543
0.229646659790607 0.401271009526435 0.198895714390466 0.112610973593805
-0.0230614480076997 0.470164798807058 0.121793757950956 0.170008536012227
-0.336814066387433 0.450410252514257 -0.0171606614006964 0.183626108854454
-0.551213922784032 0.0326765762153605 -0.178274762112853 0.084123370002797
-0.414536064527753 -0.450362813497798 -0.0832950414460849 0.0284971082337879
-0.226421654419398 -0.660531440582938 0.0967214901416022 0.181666519909208
-0.252669472281622 -0.466253401296205 0.0235619304219722 0.505445577482784
-0.467857365084589 -0.259537339051755 0.296887939712182 0.314031724209868
-0.465190347686101 0.15542581928578 0.13888965237477 -0.0618905722331392
-0.178622430227663 0.419786702478425 -0.0533739275410014 -0.0438437113843592
0.058640547332417 0.363951919102316 -0.0247068631017059 0.152687118017219
0.199991140062575 0.273663692291958 0.159916874709333 0.239983840231004
0.291347246368874 0.156201719882959 0.315215366905943 0.173444818196707
0.267831048489218 0.112082073493035 0.346794326072136 0.100319746376908
0.250440726890675 0.153639250613447 0.325495742707318 0.132690431248487
0.137633406543023 0.290958927214763 0.260919748123053 0.200452504514687
-0.0409747362834378 0.310770051840339 0.126653698456687 0.246060697742421
-0.222406129669681 0.267567478153213 -0.0188074267691391 0.203833855935783
-0.343963981807845 0.01818497047677 -0.131640109823569 0.102190722808415
-0.275953982084219 -0.297211898733173 -0.0134914544875069 0.0979885495367262
-0.197436000899144 -0.480076142251094 0.149626423780765 0.364280969963782
-0.183606428267982 -0.261178463566645 0.0692446876868946 0.694413760177144
-0.289498119940196 -0.115068692737372 0.380384749708545 0.425601978283929
-0.242874053326351 0.114233956470217 0.187615633273054 -0.00232801550296264
-0.0640983111472398 0.209870592939421 -0.0181718508656053 -0.00926087425997454
0.0241314680777713 0.170451827096603 -0.00451865281585226 0.203161711631675
0.0915384651423381 0.144193969543513 0.213643564985036 0.297822847158393
0.137259024128652 0.0971795284368903 0.389690845599743 0.219475342747066
0.117684306525036 0.0723994537448721 0.424596342221522 0.141810559014523
0.101402581770057 0.0924857567149012 0.386085126445184 0.179209320509447
0.0385324038673936 0.148431989694853 0.277789548886726 0.255385400191323
-0.0447604331009793 0.12981459603986 0.108213273915187 0.281901639278058
-0.0890004002783461 0.0808726865291129 -0.0261753092750776 0.194598505059565
-0.124181561980999 0.0133313044324741 -0.0879992252339077 0.100834622227814
-0.129246554191852 -0.114087635494801 0.0349771401235549 0.124205579278636
-0.149022274115063 -0.242545417379759 0.187964470970015 0.462595097235482
0.0535722858069207 -0.0265175820462884 -0.24076899767335 -0.45375478085848
0.00989369234336556 -0.0735210595190404 -0.189977897751294 -0.148008302279805
-0.0743012641108512 -0.0203463024650196 0.0323202715345363 -0.0811949120834775
-0.04781637806443 0.0731570562138741 0.0410891265680171 -0.147400628448853
0.0377628560519513 0.0531669754292196 -0.0610656168312914 -0.264827237573342
0.0513885721413028 0.00384612908291556 -0.255594141615216 -0.281370713743554
0.0518435264694215 -0.0296052048658288 -0.380569211564459 -0.20053094862069
0.0500270747693976 -0.0255531943194143 -0.425211459660369 -0.138160232337603
0.0435535925927444 -0.0164578271954199 -0.396279318940055 -0.180090111456226
0.0274859733929574 0.00581846636652904 -0.250626129009002 -0.255576022711266
0.0046730123102965 0.0269267959638787 -0.0540349447937128 -0.218035563590827
-0.0449943820673787 0.0204490719207841 -0.0421231218348195 -0.0393971130237432
-0.0226721724712493 -0.0687867120484976 -0.18800211089142 -0.0593941369580861
0.0935335990219195 -0.0560170832520061 -0.317306395547845 -0.39076980308759
0.116862881168854 0.0315742663398397 -0.101153833827874 -0.77076980478656
-0.0258795279101787 -0.22358136887229 -0.236074335996104 -0.442601009932191
-0.12051996836903 -0.195719145985766 -0.188188088035296 -0.148385274131747
-0.223228215154206 -0.00310805362870592 0.00568161397898568 -0.0936568476349849
-0.13549151772696 0.207216750097659 0.012447785733818 -0.131155307851693
0.0428848687114324 0.201818342446845 -0.056945329050746 -0.231092913216858
0.132908066721979 0.127642674933727 -0.221305313860055 -0.245459922186546
0.195102810873764 0.039019337719499 -0.330716124916793 -0.181588877795778
0.204941234796323 0.0240045922501301 -0.372526425004498 -0.135486697282958
0.211636691363533 0.054089067984541 -0.34936448364503 -0.172649468029093
0.149195736149333 0.169081344718736 -0.21415443030839 -0.245447817518795
0.0166126568900975 0.231161679262655 -0.0382225572539487 -0.20499476097176
-0.180780050280906 0.23560748606777 -0.046792035291697 -0.0310038600904792
-0.27777312882251 -0.0362501143670509 -0.223894286866835 -0.0646881291875718
-0.119431116997827 -0.249540710754024 -0.322842070903695 -0.374512331970245
0.00459089393574182 -0.25930185769909 -0.10710350197367 -0.706903164806409
-0.113574252733514 -0.394063691962383 -0.219596912178363 -0.356521806513459
-0.261840928336097 -0.2921484421804 -0.155542703975435 -0.116547681945774
-0.363983390970724 0.0304708571912741 -0.00409726923538837 -0.111681166929678
-0.206161980904448 0.338537712745108 -0.019034790944323 -0.130083643642155
0.052794381494801 0.335935505799601 -0.0657042693780139 -0.187627802702015
0.204963926972468 0.235742219983331 -0.174664395895458 -0.179545930249339
0.31492642084715 0.100477387764088 -0.237410565747146 -0.135446871231552
0.328675766421525 0.068586642720836 -0.261351967146949 -0.112534200337152
0.346092322198298 0.116727979388858 -0.244686341119557 -0.137199218322326
0.246373463019832 0.309725516150977 -0.135193055338507 -0.193134434915179
0.0243241103730256 0.406212960496116 -0.00567560674568884 -0.148706493731838
-0.294570507859437 0.420945261404245 -0.0437987682418299 0.00563771049132286
-0.498337353212742 0.00108507715108435 -0.246397320261804 -0.0402808922294816
-0.315027567609764 -0.409349255033932 -0.304824328856294 -0.306943912785848
-0.10481102560431 -0.507644004114013 -0.0859899592189464 -0.548186481352902
-0.197483388406383 -0.521327450161428 -0.18087792670711 -0.202095596595549
-0.407666068189607 -0.35088126737812 -0.0820646177010264 -0.0505520731745039
-0.49174135222672 0.0885442809566907 0.0065211012955217 -0.129269017428819
-0.24896429086548 0.466620910253913 -0.049118873369416 -0.132364398180573
0.0723916429317785 0.444021940064951 -0.0756700746769016 -0.125338556528825
0.262330789669949 0.31674150975012 -0.109776818245227 -0.0870997469808315
0.393888328277586 0.147956599634339 -0.10902195510695 -0.0685068928655189
0.401181722123941 0.0998471411741246 -0.110942519101367 -0.0729043415760401
0.419878436068206 0.160994184495823 -0.0990148049120931 -0.0808407474934784
0.299074901871982 0.402861500823033 -0.0248104326050345 -0.107104629533005
0.025591229289002 0.517928767355767 0.0397618864065496 -0.0555276692179917
-0.361236157253944 0.540551793243542 -0.0327773347310055 0.0630368668804731
-0.63610299802314 0.0378154317320144 -0.242293732330762 0.00476471031116824
-0.448957834130895 -0.500956847888071 -0.251148897634853 -0.196987337434933
-0.190008135394727 -0.6647329461425 -0.0318485984636461 -0.320241964149255
-0.261334230959514 -0.581844188225154 -0.118181003437532 0.00873410836682728
-0.519768850225882 -0.363614268583253 0.0347550024182199 0.0478323143188741
-0.574981948688463 0.150018876738164 0.0376748888481005 -0.1340719621253
-0.256393635964018 0.550240899448808 -0.0705430949211529 -0.120100077835201
0.0925918441358642 0.499328449004127 -0.0736246550004964 -0.0392873343015088
0.291315481192073 0.354245207707007 -0.023379319424361 0.0238021688586338
0.421716394489172 0.170224578862517 0.0404174998436818 0.00974548870934683
0.415048659089945 0.116902286266911 0.0556297732423894 -0.0221534741514484
0.424801016439658 0.178782280008817 0.0619199039270737 -0.013775457558817
0.295858302555125 0.424351904157012 0.0953995850263453 -0.0023690284208002
0.0172178550773898 0.53683580135969 0.0897167385883376 0.0559607890039215
-0.364450372567107 0.552397131376924 -0.0171271779922072 0.12764943537943
-0.646740024719726 0.058629435917975 -0.212488663545915 0.0559145270261739
-0.483973128171155 -0.502553388471595 -0.167669039636963 -0.0726772860126426
-0.234763023916078 -0.703543284014002 0.0334521681129773 -0.0657927180481365
-0.287339869337195 -0.55573442166542 -0.0404743616772271 0.249043741676571
-0.545209104600737 -0.323585070946081 0.174414197075181 0.166237766915799
-0.563569815904342 0.180762763946606 0.0828875431037078 -0.114163974767809
-0.223277565722348 0.537988695820045 -0.0750353286183898 -0.0863047618230413
0.0951438477677193 0.469167424909346 -0.0540312235600602 0.058950949579051
0.274680866114092 0.335807202438553 0.0749307466073042 0.135111416383186
0.384578038625978 0.16912750478489 0.189353697776287 0.0884173400838968
0.364173824337024 0.11769793391458 0.213143490556324 0.0328837506513751
0.359079031862607 0.171084489340944 0.209132400535618 0.0558598290309155
0.237424677940068 0.377880578478068 0.197323270209737 0.0993310139495797
-0.00419786126492587 0.453384878324408 0.124469562452853 0.160231641564119
-0.305712805251164 0.444116133009581 -0.00715177483076554 0.177708517578388
-0.525841188784002 0.0496090873370852 -0.169792456610891 0.0939585745034824
-0.412149358278804 -0.419824608899952 -0.0812554300118016 0.0323198697629411
-0.237010772754767 -0.622675634626022 0.101603913574909 0.166613445222503
-0.259685946118906 -0.438469973175746 0.0350211192355737 0.479339458728719
-0.458916363268342 -0.233132106276021 0.299158713664875 0.287427424216565
-0.438844749950254 0.164573020697924 0.132731746947305 -0.0685609786822599
-0.15328919853707 0.410263578475861 -0.0564334948420738 -0.0425087602185149
0.0707608177754355 0.348829857721519 -0.0251858578312401 0.145462821030223
0.203906522202426 0.25735119477749 0.161889946150968 0.226883829987833
0.285294370150748 0.139397467727134 0.311225492133728 0.154265138283241
0.259020048874527 0.0994177784350664 0.339261917450961 0.0830572088309548
0.242673898535122 0.137296121021388 0.319300585290731 0.116195212338407
0.144463357298203 0.273860341470419 0.260632990547399 0.182425465785232
-0.0271022953896939 0.299997992783354 0.131993278197241 0.232816949174509
-0.200917587548089 0.263321924841903 -0.00839563207119794 0.196196876326296
-0.32604501816795 0.0292591830831761 -0.123809539098303 0.108713424705199
-0.273976784602131 -0.275691749197805 -0.0110598340360616 0.0973293386992145
-0.204469054777756 -0.450575302058164 0.158194446391497 0.339527233137091
-0.187026886190232 -0.243783231314418 0.08692622568196 0.659773377835865
-0.283662872165293 -0.100077305394254 0.382374542367784 0.391286591621003
-0.227455727840245 0.119388607273884 0.18275649289163 -0.0113862349623455
-0.0518548304954055 0.203752050689502 -0.0204099860828958 -0.00981954285657446
0.0297665371156676 0.163985660834229 -0.00190735728010091 0.194589758542342
0.0943195663675559 0.13535219602208 0.216502384642133 0.279862944115672
0.134712121497158 0.0887735614317961 0.384772377802997 0.197305958097763
0.113840260507335 0.0663069326870905 0.415630311572291 0.120470351633037
0.0968099924676095 0.0846676857636818 0.380142081577613 0.157585055289921
0.0425574814420384 0.139397181817791 0.278583826012573 0.234416805868763
-0.0372509024024931 0.124702473911065 0.115777316423757 0.267028380195321
-0.0791723212970765 0.0784134356076283 -0.0166163729648803 0.187158794064719
-0.114658965959476 0.0189917152961394 -0.0812246980150107 0.10443540611954
-0.127957812616121 -0.104201536070933 0.036668100777638 0.121639489183655
-0.15219614754896 -0.225000128176184 0.199476348935938 0.433645769694859
0.0531903419238193 -0.017488510362105 -0.208550684422664 -0.449178980232075
0.014428092947472 -0.0719977972096076 -0.177586740445966 -0.149921083545702
-0.0732947984367864 -0.025263868333642 0.0315360553236956 -0.0762554310662364
-0.0529110927310469 0.0693502895497211 0.0427501601855176 -0.137418207038015
0.0309057888341105 0.0558312020451622 -0.0490235695832795 -0.253656182791177
0.0480284762476888 0.00952317702896395 -0.235852435386034 -0.276133687658371
0.0492207160524974 -0.0287978050746345 -0.362943695080591 -0.204722440388299
0.0509592575912363 -0.0244653682955769 -0.405993996129505 -0.144096607817429
0.0426103111592119 -0.0158091266008319 -0.377034779921709 -0.182906179770657
0.0251942228989056 0.00761651931204237 -0.23449347341741 -0.253087382704381
0.00200726464876555 0.0276258236902213 -0.0435294237490023 -0.21140310927703
-0.0466453021799632 0.0186275977338191 -0.0382247037651763 -0.0368421459370008
-0.0239145096125517 -0.0704012053885502 -0.175199655234427 -0.0660029694904026
0.0911842786030957 -0.0597429070570487 -0.287761928930553 -0.38905726583656
0.109039185992535 0.0265449444119146 -0.0517261204779531 -0.733438396496556
-0.0107093863351958 -0.214213789020296 -0.212352762698608 -0.439359938977369
-0.104010484272821 -0.197953896455259 -0.178572942997495 -0.147096961362354
-0.216814041632164 -0.0179489249901323 0.00648450376836858 -0.0841174680981822
-0.141511393731387 0.192705497380728 0.0164132506804377 -0.115593225712318
0.0288734236077039 0.198867899874985 -0.0425124680302702 -0.217801206328839
0.121668144651116 0.132369400864607 -0.199700377898295 -0.24170887393254
0.185271730245498 0.0448023385401108 -0.310262243969517 -0.186834277926253
0.200930953098649 0.0322714085644072 -0.351879257663527 -0.138905111698541
0.204294276083824 0.0585745904694727 -0.332191160743898 -0.172084345664156
0.141416067694157 0.171110369169609 -0.201391540208086 -0.239790162935979
0.00668525196747589 0.229357661885723 -0.0351936177937199 -0.194235477514613
-0.183600760433716 0.221434813808646 -0.0547236798737389 -0.0260429073177642
-0.272530418932427 -0.0498178622532844 -0.215316099481687 -0.0774546317674561
-0.108814605293449 -0.255414897097022 -0.290399805584765 -0.380272788544524
0.00921590140291021 -0.255966968426838 -0.0534396259447968 -0.679453426476174
-0.0836984710503209 -0.386843375691369 -0.210245515074842 -0.355217153204134
-0.234099121747626 -0.299811477502143 -0.152113868851172 -0.111839909770157
-0.35294865253218 0.00714696360374805 -0.000660801466019562 -0.0968528523394517
-0.213506214807438 0.313113972560157 -0.0122001885858468 -0.110649817059634
0.0310600014147007 0.327454059718879 -0.0485285231932235 -0.1742858632044
0.186643031058331 0.240935538561588 -0.154008224158842 -0.176797853517509
0.297392727507593 0.111163501401719 -0.217439228402453 -0.14073227372458
0.319728046928217 0.0828428947101593 -0.243839654577225 -0.113588701942501
0.332845194007514 0.123935042856692 -0.232245450281695 -0.133186674106009
0.232981676135086 0.311633714215967 -0.127946899268257 -0.184485864819431
0.00889989605790672 0.402082028940727 -0.0120111623507697 -0.136149881306417
-0.299034756403399 0.396372136717436 -0.0634297939920525 0.0118790133529358
-0.490510067015799 -0.0227700407682131 -0.24237106810039 -0.0589802863499516
-0.293345019215301 -0.416494606266457 -0.269867240200567 -0.319464290888482
-0.0883831222559012 -0.496235802124518 -0.0345405537999431 -0.532632480025835
-0.154686237685587 -0.517254390537036 -0.188388684776382 -0.204747129870949
-0.372959694860039 -0.364299593677733 -0.0858174633798344 -0.0421234663015984
-0.480166507394529 0.0549863031076165 0.0130255191277637 -0.107860428961623
-0.260336869140829 0.432541171349802 -0.0379051333115147 -0.109661327290605
0.0462997545541676 0.43301553449784 -0.0575807853922131 -0.113419641827916
0.23919469604086 0.321318414753186 -0.0919795695421464 -0.0862934174886437
0.37407886707571 0.161253357787724 -0.0926077487458796 -0.0737845888326087
0.390056587845401 0.118949791889507 -0.0990556673807917 -0.0718952102775521
0.403479240108988 0.170657737151436 -0.0921002115644743 -0.0741428056093772
0.282369757988129 0.403974790697259 -0.0244961917887225 -0.0967521874057407
0.00751910128478086 0.511751779957112 0.0259624921490079 -0.0438164201829304
-0.36714555582402 0.510485519686083 -0.0613161963944868 0.0685752523836049
-0.624213741560922 0.00758635769442948 -0.244011982807481 -0.016764697099289
-0.420184396428167 -0.507006161696758 -0.220727234493673 -0.215335559951556
-0.165904101587918 -0.647881737728663 0.00515735777431432 -0.318485421496729
-0.214912798376864 -0.58361072555797 -0.144243383493548 0.00174622225860081
-0.479969688300848 -0.385683910835847 0.0222801333479722 0.0596738459526164
-0.564367804074812 0.109242470565775 0.0461130110486944 -0.1076278235724
-0.270418832399668 0.511720572656742 -0.0565563497564521 -0.0968591927758219
0.0629400901947425 0.486354246520409 -0.0570250681345183 -0.0312983332691101
0.266348068615575 0.357504825453309 -0.0123899039127781 0.0221131999565417
0.399551586234992 0.185340061744329 0.0501223655938168 0.00642023038803062
0.399979961229731 0.136655501663352 0.0607253412074425 -0.0187234004699305
0.406979777138747 0.190699424080711 0.0617552244918766 -0.00464511806546021
0.280525074506722 0.425555540907238 0.0885582027841477 0.00657689084943296
-0.00190697448297699 0.530405166337169 0.069445591191337 0.0651706484986291
-0.367545603366207 0.520964548112732 -0.0493083128860244 0.130846705994737
-0.634257730828094 0.0281516386125442 -0.219401370990485 0.0339235035553488
-0.451937171381388 -0.508266541350332 -0.147731943903712 -0.0922761996823573
-0.206246424807959 -0.68321770803855 0.0552375047159562 -0.0747420334300917
-0.240133862730082 -0.562271308416256 -0.0816171103001071 0.237521673966237
-0.509215712876484 -0.351043708974953 0.152629546974394 0.180425483108352
-0.556227740550351 0.140648089929895 0.0904090410531047 -0.0866120058876713
-0.239342550224833 0.501177348875569 -0.0605831926605923 -0.0666042874750066
0.0692544631379746 0.458334388341818 -0.0425926760968342 0.0624544758683661
0.252199415357953 0.337411710755283 0.0771543212604277 0.13221883731616
0.366640988074339 0.183434461866493 0.190723797918474 0.0866118438523355
0.351982687457744 0.135257888551905 0.21026453697347 0.0375132796587246
0.344202995089945 0.17995744297885 0.20149710427948 0.0648191168328357
0.22410988880524 0.377407840259038 0.18560572022799 0.106147462863984
-0.0179463122387193 0.446993259726957 0.101607524541721 0.1639041558019
-0.304825471159996 0.417372301541399 -0.0357989683848463 0.177095971951037
-0.513793160157567 0.0271370842079998 -0.177736577244191 0.0753760020794888
-0.383444596580405 -0.422284636947696 -0.0713638754267123 0.0157368205631796
-0.208597668681613 -0.603584552596301 0.104857454408482 0.150045121716782
-0.220982423597087 -0.448421953736414 -0.0169416451247369 0.464555469527966
-0.431732525157721 -0.259154762467868 0.269478022944742 0.299798541967051
-0.434946354504936 0.132713566504856 0.136416939853929 -0.0445047896531924
-0.163536525770738 0.383841983462443 -0.0462944131737513 -0.0294489771503489
0.0521196406088731 0.339659210090667 -0.0223538858920051 0.143410125332836
0.188333826522744 0.256359582426465 0.154426024960707 0.223099276546266
0.271746175917107 0.150299369752061 0.303888410003314 0.155608649088066
0.249094018290534 0.112833567617772 0.329390760916377 0.0886914421322361
0.231244817681803 0.143848724706055 0.306124118972419 0.124172985342551
0.135702968814364 0.272217526262155 0.244734050339661 0.185554075135554
-0.0347956346063858 0.29388666635621 0.111494444093234 0.231546836691405
-0.198725882473226 0.247686150067935 -0.0288028355585903 0.191604415340721
-0.315778898895732 0.0169418919447616 -0.130522728319619 0.0955421438607792
-0.254852378035704 -0.275373611291851 -0.0102922238357077 0.0868225063142198
-0.181901115296957 -0.433676466560853 0.144572302658219 0.319589762413717
-0.161931087976082 -0.255789450510216 0.0316995821413489 0.641251039239439
-0.268905261025077 -0.119916407031714 0.34955995138969 0.399454997059323
-0.227804625293792 0.100150134449053 0.181212988521999 0.0052213455358526
-0.0575828906162464 0.191825099609651 -0.0157952983659627 -0.00522796926608063
0.0227276343113954 0.158702935715251 -0.00724921821281958 0.187490587288747
0.087707269076206 0.133224203182184 0.200409026417991 0.276312955008647
0.129072762940674 0.0941279288383828 0.369546541465797 0.200336103856325
0.107589408969439 0.0731001183089005 0.400839678836108 0.125929678857738
0.091521626779156 0.0877805386259503 0.363162845892344 0.163625364749559
0.0391717033258176 0.136927368671869 0.262880665157631 0.234339179587711
-0.038501330990428 0.120402875729944 0.101010977731901 0.260257303057842
-0.0755980555514644 0.0735753657188443 -0.0265983138331796 0.178934854986123
-0.109380577606775 0.0165016736344338 -0.0849430486958482 0.0969505973861743
-0.120135092518196 -0.101922962790284 0.0312461019624489 0.117062116893357
-0.138154221565369 -0.215389258968043 0.174180838816064 0.413532730924307
0.0550956110138255 -0.0172813076442453 -0.198325995418971 -0.443122015062572
0.0156093577835714 -0.0749527095630902 -0.1723515469692 -0.1486706333284
-0.0743024563749107 -0.0267087156734087 0.0293296507530648 -0.0780176332330171
-0.0549682445883716 0.0705372805728959 0.0390515015416051 -0.136092369455844
0.0295373986552111 0.0558184934722177 -0.0497280119981073 -0.248630673321813
0.0477161622662755 0.0107645163477677 -0.234300770987108 -0.272189731092229
0.0492707757782355 -0.0283448589788101 -0.360080835278624 -0.204437044486195
0.0518768933705376 -0.0251853388996092 -0.400735631992388 -0.143361075928002
0.0451374753438289 -0.0159153826075328 -0.370598580004161 -0.183969370667436
0.0266237328980139 0.00908182159950751 -0.229274823930259 -0.254172073887959
0.00172299657467815 0.0295842918523845 -0.0379239472313961 -0.209338755990123
-0.0482114416847851 0.0190519595310103 -0.0342910932391882 -0.0337081085257702
-0.0249606468276227 -0.0710702286978855 -0.172341839450304 -0.0659775181957393
0.0922113219019325 -0.0598429047227233 -0.282310923631273 -0.388174369336298
0.108697301135802 0.0262211514624657 -0.0422263940319768 -0.721110647067083
-0.00523917659780105 -0.210327668427465 -0.205621310462165 -0.432470673501761
-0.100348174029474 -0.199900688097391 -0.174272989768635 -0.147352204430688
-0.213192957762197 -0.0219602210328583 0.00470104295959044 -0.0874203809789327
-0.142054914545557 0.189987320337323 0.013007863902451 -0.114821091493061
0.0266765284049768 0.197593603193387 -0.0447468542204058 -0.213680902007714
0.120342569455475 0.133455306469643 -0.198227811356072 -0.237466223357295
0.183666266624573 0.0457489520783972 -0.307503346568068 -0.185748703680286
0.199196264692111 0.0324080432743269 -0.347079429104706 -0.139343659439127
0.203250637931128 0.0586990108648144 -0.326773448540216 -0.172798465614652
0.139927143403044 0.17206557885061 -0.1972188534815 -0.240515327134106
0.00422263973092098 0.230124476261825 -0.0307385594808244 -0.193226661711445
-0.18418650525641 0.217967197052827 -0.0508385200942009 -0.0227939535154881
-0.271098641801817 -0.0537920734825619 -0.212356606656181 -0.0767021778272967
-0.103057201742678 -0.256531959953493 -0.286376735179666 -0.38058326215948
0.0160452497207893 -0.251850583713901 -0.0443434675902691 -0.670475673591171
-0.0741024103135976 -0.380107481044905 -0.204547138955099 -0.351672026856875
-0.226989133491716 -0.301069051365531 -0.149393772757471 -0.113761127682694
-0.34524418713013 -0.000135721322554568 -0.00301887012960351 -0.101414650232511
-0.213221079944017 0.307719458760054 -0.0156024905745186 -0.109551492380609
0.0281526147002453 0.324544703365522 -0.0533483772712485 -0.170785383126043
0.184194290073987 0.24084493741694 -0.152999024928807 -0.173796672470042
0.294282316344598 0.112889396187644 -0.215242445650535 -0.140128122968688
0.316084120637537 0.0844179624329981 -0.239994939745968 -0.114319661262652
0.328451101044766 0.124985550323099 -0.226781852587192 -0.133721326434472
0.23000492865316 0.311792691012347 -0.12498025993685 -0.185201341561355
0.00505327696476564 0.399894334982291 -0.00798497062347664 -0.134257990769116
-0.298214161056622 0.390885757248203 -0.0600078943852476 0.0127657350491128
-0.484571192174462 -0.0293043030454657 -0.239277626731052 -0.0564576459021392
-0.282067513653001 -0.417758319527499 -0.267240704927097 -0.319854601433758
-0.0755270251857305 -0.490218163054296 -0.0256395654001387 -0.52707296166121
-0.142864823640949 -0.50802464593517 -0.18617963642308 -0.204928684922885
-0.360896412254448 -0.367966490150891 -0.08516149492004 -0.0462051096462335
-0.469393577368197 0.0466822259078418 0.0105210702425928 -0.113109172989563
-0.258309622194929 0.424551661595521 -0.0417624228397199 -0.109771680122144
0.041710190797395 0.429201149581164 -0.0642086024425889 -0.111443800877139
0.235791962789604 0.321709025861664 -0.0925838154374386 -0.0836949392424279
0.369029612898894 0.162250138891798 -0.0914652030525327 -0.072959240196723
0.384413861612266 0.121906652079392 -0.096746178404676 -0.0722737706782039
0.397566973614601 0.171922310264613 -0.0887878342472732 -0.0735961221272796
0.278982640130732 0.401919540323663 -0.022886132931596 -0.0984153415504839
0.00180200655607102 0.509297648367129 0.0281331780454313 -0.0422326666905378
-0.366690703164001 0.500785105758094 -0.0573091825086216 0.0689804572790366
-0.617510336835095 -0.000627381663022765 -0.241247486299874 -0.0131874674621029
-0.406798387762682 -0.509595319245998 -0.219308286291958 -0.215169825213374
-0.149408820228426 -0.638593187838409 0.0106020472946874 -0.316387069147801
-0.200415153981115 -0.573032623759475 -0.146287140376473 -0.00238365166409912
-0.469494163883037 -0.388526383627861 0.0199911617665791 0.0546871004024374
-0.554072567079873 0.100233895842935 0.0439475107037694 -0.113396735837221
-0.269922970357361 0.50261539140817 -0.060122429458766 -0.0978934245343969
0.0590876720661544 0.482781315668861 -0.0658492770922555 -0.0304838941696382
0.262674087918252 0.358327127047007 -0.014292413171078 0.0242672810779154
0.393282490139055 0.187004019327806 0.0502989245244068 0.00625584324010489
0.396110910847847 0.139328903702537 0.060831919815481 -0.019313346304028
0.398143728360289 0.190966273425854 0.0632369199806054 -0.0038915802793572
0.275630310043668 0.422982771969668 0.0882576328897638 0.00492625753503955
-0.00672787054905063 0.525803394761239 0.0700486803158489 0.0666288030524671
-0.365879592161595 0.511218615580403 -0.0468027685162379 0.129829669566403
-0.62682020212253 0.0193756858470707 -0.217491128618342 0.0389800536053632
-0.437166199338618 -0.509849047055836 -0.148141484346664 -0.0922848784952358
-0.188905739084776 -0.672894164682535 0.0575774432495468 -0.076916822338988
-0.22786215694192 -0.553404369041892 -0.0882789262899441 0.230230051513565
-0.499918738611178 -0.353451090828898 0.147303151310139 0.17450306902046
-0.546448960589728 0.130514215016993 0.0886778958994144 -0.0916704183903349
-0.237315172926712 0.493812476140794 -0.0639977520097893 -0.068306455123012
0.0645077658209595 0.455326073720879 -0.0524591069147759 0.0615654171972799
0.24960372381178 0.336465190643254 0.0736459055317816 0.133736872706417
0.360106522009257 0.18466975690211 0.189323084902412 0.0865638784263071
0.346183026617336 0.137762098797037 0.209452671665651 0.0376504381498697
0.336508321862231 0.182190011102469 0.201930666543856 0.0661427449189617
0.218409867027524 0.374995062253254 0.18355178121994 0.104921804382102
-0.0210604650628076 0.441963905974354 0.101367641904789 0.164407998915389
-0.302667922755088 0.409250869760252 -0.0345036806025568 0.175013273812181
-0.505163821331338 0.0197045507866264 -0.176754193637162 0.0799302573242732
-0.372900019170386 -0.423776145175866 -0.0723131991768658 0.0171539705476514
-0.193923892204737 -0.593901150853371 0.103503725388833 0.144539767712669
-0.212719265268058 -0.443341630457133 -0.0275839542161763 0.454669368633088
-0.426021853808699 -0.259397533120072 0.261902171395297 0.294771831322433
-0.428763620661635 0.12658826573144 0.13536633129616 -0.0481410397944413
-0.163566224898988 0.377259774706621 -0.0491364559758221 -0.0319097159938953
0.0501760323229213 0.337434891501814 -0.0317521622641846 0.141578033130367
0.186673129434299 0.256187992671056 0.149769643308075 0.223374097329208
0.267391666551706 0.151151721772016 0.301480238363804 0.155690321470474
0.244210023400087 0.114967285961072 0.326829250060274 0.0884701903986052
0.223940259535645 0.144850261414277 0.304309707200468 0.125379932797962
0.130895133283674 0.269560658050886 0.242606234105456 0.184581882035322
-0.036889296352026 0.289228937141462 0.110999141378121 0.230186284233556
-0.195477776685632 0.240646378447639 -0.027852901412757 0.188770327268453
-0.308181500970784 0.0132914460889149 -0.130107987205999 0.0992943276807854
-0.247940436726158 -0.275062192000709 -0.0124406510544694 0.088394649568635
-0.171374356918023 -0.426316586714655 0.141035668519843 0.312248177868428
-0.157519127533059 -0.253701391774046 0.0202722885894096 0.629047119780609
-0.266386047490084 -0.120433345532782 0.341244970252495 0.394731983978669
-0.224732375960522 0.0981294124646763 0.181153255617913 0.00400456367406143
-0.056643765006714 0.188175300806358 -0.0177947614734439 -0.00780244253714829
0.0221665790728878 0.15736960849322 -0.0148726913337665 0.185304713682612
0.0863603634545212 0.132003009486447 0.195253429352999 0.27644168592655
0.126272029390841 0.094527142679188 0.366824336961833 0.199365643003045
0.10454409701799 0.074604799931773 0.396325288977506 0.125038148974468
0.0857125703817301 0.0884105795725798 0.360206580641095 0.164626164367754
0.0356872275116656 0.133761746738204 0.26010473517472 0.232040888718572
-0.0381688048962363 0.116310275693898 0.10052944490902 0.258005495595638
-0.0724175955433129 0.0696393665461985 -0.0258170179905455 0.176506510016944
-0.104201251220484 0.0161967828057265 -0.0849872206959676 0.0992055792973013
-0.117282396413028 -0.0999546229286965 0.0288196296042458 0.119032498320578
-0.13406438416987 -0.21115233116008 0.169105271003788 0.405010686007139
0.0587961749735966 -0.0181264515557528 -0.194676981568372 -0.448151141851522
0.0161689450646539 -0.0808864013487001 -0.171935178592686 -0.151419482999814
-0.0768129046013131 -0.0291668169453821 0.0287327032900223 -0.0822556870146846
-0.0584213043069167 0.0738779313404005 0.0363196217578472 -0.138500867860003
0.0297153204980579 0.0583068362324796 -0.0524678529110999 -0.250653066510709
0.0486691500682482 0.0123472995943577 -0.240399867215592 -0.274517426541663
0.0511629331453927 -0.0279061577245785 -0.367622042877782 -0.206157544524375
0.0538373817652955 -0.0266643114107385 -0.406421411247544 -0.145757394695673
0.0480558272059752 -0.0165526737974486 -0.375074551201717 -0.188795833009876
0.0286200263502788 0.0111230091692967 -0.231060221939964 -0.260201333577526
0.00127380775115036 0.0321601887958626 -0.0341158664823681 -0.214177663097916
-0.0505621551969598 0.0206483751446158 -0.031390899879574 -0.0314369932910355
-0.0271822878094858 -0.0736220488866152 -0.175568891671298 -0.0672286935017707
0.0957785023910796 -0.0622829315411399 -0.287634030318053 -0.395894277771132
0.111448297381436 0.0270123636378546 -0.0340992130796863 -0.730487433349118
0.00154672172091349 -0.212130369446869 -0.203101760261343 -0.438182039472801
-0.0993770653034091 -0.208029127307841 -0.174419918594317 -0.151223919624833
-0.215142651368955 -0.0254579473355255 0.00229780526395108 -0.0931975386738835
-0.14623389556694 0.193684997336796 0.00880397004184276 -0.116319773757991
0.0259756436674954 0.201932230946753 -0.0492030768056363 -0.214916371578376
0.122760830369534 0.137875556318494 -0.203097024399563 -0.239350598581642
0.186318006837945 0.0477263683962304 -0.314283785728593 -0.187699923168156
0.203589681316596 0.0331169743323724 -0.352239350053284 -0.142193110204442
0.208116057059145 0.0599394219269038 -0.32955766435601 -0.176081639553235
0.143873121684388 0.176897554503432 -0.199260264792106 -0.247383570659322
0.00291465056141351 0.236685130081785 -0.0275489983833634 -0.196041718903619
-0.188592260620636 0.222752213624389 -0.0486726014378688 -0.0216583492847301
-0.277042106672078 -0.0581607221080203 -0.215733846563396 -0.0768857430191566
-0.100708273386094 -0.264295379234112 -0.291372540464749 -0.388750269307588
0.0221798969894202 -0.25552174908714 -0.0381152800507162 -0.679702339401726
-0.0666049766667124 -0.382849870608241 -0.204118706073462 -0.357089005626577
-0.226454869124066 -0.310240713803681 -0.150304054197402 -0.118432093271371
-0.348198780257762 -0.00434994248777497 -0.0063750657538157 -0.108748019118423
-0.217148078209293 0.311319936716674 -0.0202212146720406 -0.111269564499482
0.0274664467684976 0.331528897246909 -0.0593250217090392 -0.170553707453935
0.187833486219422 0.247481079853065 -0.156575402768696 -0.173797956969678
0.298387654748501 0.115769869562231 -0.219484101189065 -0.141736178404607
0.32127060744017 0.0865330697059795 -0.242990940859502 -0.116767201487862
0.334119038807386 0.128161183497374 -0.227984957442833 -0.136070118817956
0.235448620777433 0.319566639695376 -0.125773159301759 -0.191524574514109
0.00215147213275869 0.410542713471381 -0.00449627094171224 -0.136389482732885
-0.304792552493929 0.397333425012743 -0.0575959147851111 0.0144224430964124
-0.494875086693709 -0.0343423245329766 -0.24254872322653 -0.0548153445235331
-0.282623117701982 -0.429774439505533 -0.272613012955339 -0.327838989603907
-0.0677398868112009 -0.496112774359798 -0.0204005490511801 -0.535278746834821
-0.135101480577628 -0.512599810348953 -0.18949217017321 -0.209620679583381
-0.363375638090748 -0.377704792237746 -0.0872755988619676 -0.0507514908215657
-0.472867427697938 0.0401646022531825 0.0073174058900183 -0.121774984535711
-0.263454661231043 0.428453404918011 -0.0470464896006694 -0.112013477299077
0.0407549482951927 0.437438700468157 -0.0733470058339877 -0.110674917120067
0.240246114669302 0.329694161297054 -0.0951603421395448 -0.0825250713043566
0.373026951549903 0.168094431408343 -0.0924609962227154 -0.0743341372612347
0.391776449976848 0.125017041980599 -0.0972862092046402 -0.074442204138727
0.40179177547463 0.176487210324218 -0.0870220419937845 -0.0749036467805916
0.28380992574994 0.410729151607986 -0.0225649724474368 -0.102517531755125
-0.00217128232655349 0.521032122078142 0.0319517189852851 -0.041864830289647
-0.374509922470093 0.508957063804345 -0.0552447281095899 0.0705210364526174
-0.627370423894529 -0.00671718796138772 -0.245251210009446 -0.00990903768803371
-0.406698027645471 -0.524003819817734 -0.223866937546014 -0.220512498040056
-0.137862504579003 -0.646137924493775 0.0161706665216142 -0.322482501537307
-0.192988941483943 -0.579219058898901 -0.152777882932369 -0.00587927030440854
-0.473299221963314 -0.398732370090606 0.0179060192480443 0.0511384350284712
-0.558799802733343 0.0939560130370769 0.041596090427146 -0.122136560122284
-0.274183769454738 0.5091642575661 -0.0654148936551549 -0.100995893466454
0.0576502739148933 0.491021036235544 -0.0768209521693334 -0.0291325105803143
0.267685377872826 0.366122792252282 -0.0159184544781761 0.0277235755906885
0.400497333269011 0.191909734111722 0.0519852969403464 0.00612337887943233
0.40181900541287 0.144321688504557 0.0629810002108348 -0.0209710511900911
0.402259851056005 0.196705171455073 0.0674051707133714 -0.00380903937269825
0.278991132624473 0.432266933209856 0.0898513499443633 0.00336299260168901
-0.010976975875941 0.536171803097056 0.0740430325423548 0.0689501336864398
-0.373383849349735 0.518348110905481 -0.0450617955450008 0.132576327974293
-0.636083334767041 0.012772064526424 -0.221289810084417 0.0455003128446116
-0.438073687210685 -0.523972264645466 -0.152721295787454 -0.0936651361831517
-0.178910509842393 -0.681225453634218 0.0605328117911152 -0.0811618764128988
-0.222413248621311 -0.560642411426001 -0.0971509073209666 0.229310788518693
-0.505103820103513 -0.36147252149338 0.145973238124676 0.173762187192402
-0.552504752648472 0.128732273946345 0.0881616642999812 -0.0990957259599602
-0.241718903267414 0.499305344963273 -0.069150095651023 -0.0719226043022369
0.0651900380336959 0.463422153114534 -0.0641956038077844 0.0643642550321688
0.253755711780349 0.343514328849169 0.0733641666809099 0.139070360921531
0.365858922302881 0.189269095183074 0.193491842548647 0.0878797047811127
0.350537934688145 0.141847507589508 0.21325200068829 0.0368231672638694
0.33851513081846 0.186298476430912 0.207278748874165 0.0677742424078094
0.221041071277894 0.382185828387545 0.187251880728026 0.105236715604189
-0.0245303616081024 0.449565083732702 0.105150950610177 0.168081368113545
-0.307700218847774 0.412916849129608 -0.0330943229380191 0.177692554357141
-0.510871067098173 0.0157092716567198 -0.179579066722732 0.087694049550353
-0.372896706231372 -0.433217711020231 -0.0766125566970749 0.0184245324744472
-0.185565466385993 -0.599733467502618 0.104599744447511 0.142681398192878
-0.210051268017974 -0.448363215411989 -0.0389164724375577 0.456856865501766
-0.432356819209454 -0.266213811657455 0.262117223769361 0.297386146743383
-0.43342913536079 0.12413639266257 0.136514239143112 -0.0535624611313638
-0.164238748062496 0.382084081160904 -0.0535134601986865 -0.0348301829289953
0.0500888309809909 0.343361960813613 -0.0417853073843846 0.144524847098114
0.189963399694185 0.261437456993391 0.151176283932243 0.229819263000263
0.270927270919408 0.154523442532833 0.307325543596198 0.157620813718779
0.247403633010182 0.118438601078084 0.333012087607654 0.0893011586387232
0.223687566316334 0.149202654726419 0.310925961965866 0.127770255812579
0.13098075770121 0.273466804869104 0.246766147258031 0.18700964507824
-0.0390801062862584 0.291884631375176 0.114427457417582 0.234824034059664
-0.196454751269078 0.240767588325347 -0.0270398974790556 0.191981519984427
-0.309694091385375 0.0111936123865205 -0.132663017173196 0.106673621525369
-0.247292795179303 -0.279976123270322 -0.0150708023495629 0.09208849158776
-0.167560930153714 -0.429867579661701 0.141278592484972 0.312150026246787
-0.159525121297453 -0.257568034709074 0.00758326842894884 0.635199264392498
-0.271331683678932 -0.122368826008166 0.343428908086192 0.40036867727229
-0.228174386724109 0.0990756081887099 0.184488710520922 0.00129733962037619
-0.055819419481546 0.190161647591323 -0.0201902568482924 -0.010838791039282
0.0230197766265031 0.160684598592076 -0.0223175175115374 0.188500648378697
0.0885302124362388 0.133909666759228 0.197311861071307 0.283019820861703
0.1279087958353 0.0961071981811288 0.373619169934264 0.203878445984482
0.10553275722294 0.0774910881502381 0.403052682663771 0.127916696693354
0.0835863259997748 0.0919161427344933 0.36633322014695 0.166682731982174
0.0335453890737038 0.135347117442336 0.265317677611431 0.235178490962329
-0.0393132623596157 0.115353784448958 0.102833599446132 0.261682960979318
-0.0709175292421058 0.0674541810775597 -0.024472535761945 0.1793528784968
-0.102080597975846 0.0167007326506562 -0.0864914506194967 0.105592807906907
-0.117384367209291 -0.100359889216738 0.0270252218960976 0.123725641697956
-0.133814161427377 -0.212396363816611 0.168930099679359 0.407545614316569
0.0626713528585827 -0.020988763426241 -0.205560724896012 -0.456713183559685
0.0149403807064282 -0.0892818771664415 -0.177269826058808 -0.15273320272881
-0.082219207766086 -0.0300439290540172 0.0259864394956949 -0.0888235762968959
-0.0610816366009243 0.0810277332453292 0.0301445838684334 -0.143610993556123
0.0310520389816924 0.0610862316436565 -0.061657325836793 -0.255077948922522
0.0512905189381883 0.0136354752216365 -0.255499976776123 -0.274791414931875
0.0527764814335866 -0.0293717074016876 -0.386607602797937 -0.202266991440314
0.056155259534134 -0.0293134246031293 -0.424011219868032 -0.14170220138998
0.0516497616212701 -0.0193414406687863 -0.391524691748989 -0.188002276038534
0.0312800657082933 0.0122609972481431 -0.242469718481706 -0.266463130375602
0.00179436645076766 0.0359060092013177 -0.0358338078021921 -0.221990362415745
-0.0534474216058933 0.0241995368235077 -0.0290466593139785 -0.0289640404293216
-0.0309627409525209 -0.0771938177156378 -0.182299156491229 -0.0655360444216173
0.0989518573781541 -0.0688801335884179 -0.308287489465872 -0.404653275331401
0.116255758011734 0.0256707997350096 -0.0440618635261449 -0.748609142696077
0.00245804469386837 -0.218932728739258 -0.215196575083554 -0.44681343665837
-0.105684050305038 -0.217608100190646 -0.181684450662307 -0.15387983088201
-0.222461425149364 -0.0254340744252622 -0.00304246749459697 -0.100977782959333
-0.147804996970629 0.205155182179905 0.00185868057184838 -0.119969809074831
0.0303646397180295 0.209885210229373 -0.0594069781045048 -0.216755036403951
0.131087068244636 0.142036964887775 -0.215983811098781 -0.238698008571248
0.194353181482156 0.0467618936765525 -0.330081407364199 -0.184266491911719
0.211625810316312 0.0292580585276764 -0.366692473134025 -0.139586338107762
0.217876985523087 0.0567040870322066 -0.342215069483358 -0.176702088169177
0.154796081040236 0.181213709632943 -0.209609195284336 -0.253423515449464
0.00709219100604682 0.247354485541931 -0.0282895637974466 -0.203203727003374
-0.191721753541956 0.235858813237802 -0.0475562558566241 -0.01917667593543
-0.289531412497509 -0.0564049974756183 -0.224137990988513 -0.0731933676397195
-0.107035527493474 -0.274504416392807 -0.311132500736596 -0.397131321443429
0.0223691462767273 -0.263644872539936 -0.04620199017658 -0.697618601239856
-0.0678719749966146 -0.39200549531093 -0.217159666181768 -0.364218566085483
-0.238110968283767 -0.319912397573637 -0.157291251210171 -0.122119401906777
-0.356547860857658 -0.00372155224217268 -0.0131323312597731 -0.118753329234756
-0.218150846953029 0.326046954575439 -0.0283975592627055 -0.11482600695833
0.0350463160339109 0.343385962834202 -0.0708944180898223 -0.170597519628148
0.200275371580129 0.253948498866766 -0.166449392201653 -0.172560213346277
0.311794845873946 0.114873679330953 -0.229833684343234 -0.141030965582348
0.33487043250012 0.0827309991942679 -0.253164153259339 -0.116133967670496
0.348543386561122 0.125144505459951 -0.235388018450278 -0.136195217016675
0.251387822557589 0.327103413930293 -0.133155357832993 -0.197090269751037
0.00952352309101833 0.428219261073505 -0.00386755632173598 -0.141654319864839
-0.308477601982075 0.417951621829772 -0.0565210033660358 0.017848469268917
-0.513785722281808 -0.028689529885756 -0.25141402259538 -0.0483846381302854
-0.295727534442296 -0.442782629142682 -0.29039665038346 -0.334634059381655
-0.0711401320418363 -0.51064297056035 -0.0273603615337282 -0.55154474445301
-0.140349940258155 -0.521870496374251 -0.201483967709495 -0.213554360072375
-0.379454874811303 -0.387297981465028 -0.0926997946248251 -0.0539640039116313
-0.483861768793188 0.0444390564328819 -0.000420969513522935 -0.132593048689755
-0.262853345844799 0.445618462349124 -0.0559780653925957 -0.115415125074854
0.0515561438346531 0.452920107754908 -0.0854012058560309 -0.108271534964266
0.256260957035161 0.337791382139975 -0.10095110472906 -0.0796425634981246
0.390104291325017 0.165594782504358 -0.0973854750245148 -0.0746592941574898
0.405953671305105 0.121982400699222 -0.101305764990572 -0.0760000967227384
0.418758633047945 0.174317860952613 -0.0883691802397843 -0.0763263149302406
0.303456268532854 0.420043458190545 -0.0252852672581575 -0.107217571635217
0.00619230372834591 0.540710167119249 0.0356202558855733 -0.044208466754438
-0.377559476407267 0.532440937939154 -0.0533953804563336 0.0753020538835901
-0.650287922627859 0.000843005095226827 -0.252488573098595 0.000459465059908855
-0.425144784117428 -0.53907269290888 -0.239051579477846 -0.223423442934773
-0.145953005545466 -0.664119990592057 0.0136354061720121 -0.333740069788742
-0.202570574397031 -0.589625152411624 -0.162681600758891 -0.00441265683646509
-0.494090695309702 -0.404811532165719 0.0162504978173402 0.0492948021993174
-0.570945625620426 0.103946125549168 0.0354184500216765 -0.133757400941985
-0.271734710196292 0.52717738479864 -0.0754342346501175 -0.104248352208597
0.069506189875488 0.508027900602203 -0.0889158529296745 -0.0241933380729926
0.286903201021901 0.373582260295149 -0.0170859082315388 0.0322720067049852
0.416287816387691 0.1922032461543 0.0542288133830406 0.00412259840376026
0.417180864648261 0.141192185097897 0.0649365799927464 -0.0243734180548843
0.418191174512179 0.196082113192216 0.0721507466939866 -0.00546032993006292
0.297761029859148 0.442690899304972 0.0939299498128669 -6.0284549507323E-05
-0.00157806580384067 0.557153139593624 0.08109310088328 0.0696073891178474
-0.376037884867513 0.542212411512161 -0.0411603362229556 0.137806103173845
-0.655855213884914 0.0218570636675944 -0.226187278803816 0.0569943089465323
-0.457978556445343 -0.538338813072166 -0.162798553116007 -0.0932099397871241
-0.187127723441618 -0.699436497426807 0.0615807841878095 -0.0882608971800017
-0.234754990080185 -0.570370476860172 -0.103537691367819 0.236218365232524
-0.527131893467246 -0.365746135819039 0.15030801719144 0.17382426179813
-0.563832691630987 0.140200867359205 0.0849419621308379 -0.110953070358524
-0.237404849441699 0.517805106985166 -0.0781450176970517 -0.0747790413378259
0.0768771094575083 0.477905772596146 -0.0740568993697673 0.0711878367496507
0.271130852601957 0.350042875176232 0.0771720153688793 0.145216137052079
0.381163513472712 0.188397198988459 0.202867929288395 0.0855329573710785
0.365420619530887 0.140453534943184 0.221649797998046 0.0327760698764946
0.35161121228976 0.188360580188218 0.218028225284353 0.0652699091664735
0.235411630577089 0.39169702941192 0.195914574790846 0.10434396433803
-0.0177765511541776 0.465834542840339 0.11564473915522 0.171835613607406
-0.308029367703118 0.429569204270786 -0.0286852280237823 0.184646184283642
-0.525689336062915 0.0223050425521537 -0.183006639056462 0.101326748755643
-0.3874870766831 -0.444249808311733 -0.082014269791984 0.0229966368637653
-0.193315781352001 -0.6120743407494 0.110604867940102 0.140464666518266
-0.221509951106772 -0.458205266499059 -0.0403703512559625 0.46918794677378
-0.45159465977444 -0.26631334436026 0.272636240860842 0.299930391077522
-0.442862207000139 0.13663408898138 0.138033285197202 -0.063453211403445
-0.160457411364231 0.395873005833868 -0.0598980727396497 -0.0377496587659684
0.0595915255049842 0.354080077206589 -0.0495074958524835 0.153207181050167
0.202971189838962 0.265208072089158 0.159385188186337 0.237216518128005
0.282963634493954 0.154194966170747 0.32245715125034 0.154932401299003
0.257843415270124 0.118661139765503 0.345786031035501 0.0839865227057256
0.231380047514352 0.151984104149067 0.326016212553536 0.125167734931408
0.139012066332039 0.280150250534134 0.260094037560383 0.186545673892206
-0.0352359223407607 0.301546482761859 0.125979928253604 0.240101530018949
-0.195510988705694 0.250305344879139 -0.0218073405945355 0.198919059226539
-0.316192799024389 0.0163666620581783 -0.134025398924989 0.119381431305304
-0.256777375114407 -0.284521331747957 -0.0160408980303802 0.0984402880491023
-0.174171560642723 -0.439168270029954 0.150945376515356 0.314065955088237
-0.169943290282796 -0.261701326624541 0.0088152428699153 0.65294572377592
-0.28376829371379 -0.120105556827182 0.358465787861461 0.406097994433966
-0.232112055282422 0.108065336971151 0.190573760723488 -0.00609044057233537
-0.0517164230966681 0.19499853511368 -0.0242880477419262 -0.0136488665816513
0.0279280386935684 0.164815660795365 -0.0262882060231696 0.196465717472257
0.0944417587602582 0.135330522933656 0.208362394589039 0.290444054421741
0.134072269925073 0.0962638904503321 0.391344527760967 0.200499466140168
0.109725255398005 0.0784384881408193 0.420310606678415 0.121568666806561
0.0851521832594359 0.0953310994680213 0.383704096334701 0.164412370003083
0.0354757702439805 0.138325596838527 0.280606250810516 0.237005750121751
-0.0386666888739177 0.117007214760142 0.114290278565154 0.267859436559077
-0.0693488571051583 0.0673658563343999 -0.0194437595715766 0.185434329281819
-0.100778714171679 0.0196560216182934 -0.0868430174485419 0.11614814472827
-0.121484403982008 -0.100102691490088 0.0291370969711197 0.130442983267782
-0.140480484979726 -0.213541788630416 0.180972993987885 0.411541777562803
0.0659204999431137 -0.0265980738041426 -0.228121604777686 -0.457170064467591
0.00862786520775784 -0.097773142430235 -0.186776760654476 -0.149192803786933
-0.0890286555836289 -0.0284574725275197 0.0201608074365162 -0.0970044276308674
-0.0598099538280002 0.0903132506397315 0.0187164926585587 -0.148555514046625
0.0347474976185813 0.0629293697918051 -0.0792648256924035 -0.254991307941866
0.054535216259326 0.0129758083877422 -0.277150246603576 -0.264941456630999
0.0538682353545195 -0.03189654635403 -0.408538407340309 -0.183180294252731
0.0571717122533832 -0.0339501621178425 -0.441954689874922 -0.122742960585164
0.0543289189384372 -0.02417187237859 -0.41167814746127 -0.173204742443693
0.0347481668581037 0.0115783143895642 -0.262233124721134 -0.263356568350625
0.00371431857685136 0.0394262357652868 -0.0442002847673619 -0.228076921629038
-0.0553394335793007 0.0292904825278461 -0.0268326645191848 -0.0252361839446672
-0.0381566306398321 -0.0785527672573035 -0.190901274493858 -0.0578346473180029
0.0993821825943454 -0.0777459782936604 -0.339315686881539 -0.400017488564703
0.121915911148921 0.0204848044513438 -0.0765441899146555 -0.761412243233902
-0.00268867971003093 -0.224149201234691 -0.237680691190494 -0.445303554047643
-0.119386417487354 -0.22324300343246 -0.191837745620275 -0.149952113237375
-0.230484310658413 -0.0182512452369682 -0.0124497998496189 -0.10912501543077
-0.142224486330271 0.220708155442492 -0.00981891520651841 -0.122750331608795
0.0424301012294564 0.216016618378348 -0.0752552384686286 -0.215017687647313
0.14369246008534 0.14070302654243 -0.234659971463827 -0.230955669288035
0.203489481991484 0.0386962127997977 -0.348563546312023 -0.169011125735583
0.220063611007401 0.0179645533553881 -0.383310887856444 -0.123655602844105
0.228397625709329 0.0461217473985422 -0.358972247075566 -0.163520856328798
0.170172291080113 0.179699121321766 -0.22735918050242 -0.251714159539879
0.0197340094280597 0.257399826457375 -0.0355961019709129 -0.20825263874703
-0.185495696233007 0.253823804220486 -0.0462618586655209 -0.0152049558127922
-0.301910741489913 -0.0454417534802636 -0.234025551936724 -0.0619539902117695
-0.121194772088461 -0.28055746446214 -0.343415431285735 -0.394000755176027
0.0154612627634656 -0.271561680747638 -0.0784162914172217 -0.711235398152949
-0.081067478036383 -0.396579018250428 -0.239598176935054 -0.361932082613478
-0.257565555257448 -0.320912053309158 -0.167163187149883 -0.119375183246885
-0.364781329962986 0.00962842475919869 -0.0256279871665528 -0.12636580508962
-0.207118485476649 0.346019307942721 -0.0411192841526392 -0.115411077662886
0.0531191611098748 0.352387360133394 -0.0866984788355419 -0.166889737608797
0.221310214755089 0.252086400060392 -0.180252906034253 -0.164376191238089
0.326799706892608 0.103125591818371 -0.243742448981119 -0.130991345220442
0.349280424633455 0.0671536511365234 -0.265171987949492 -0.106417484781884
0.364229387133807 0.110356499197144 -0.246167535567324 -0.128575030369197
0.277537161061259 0.324273143920787 -0.147179033342824 -0.197963670877985
0.0304491944000737 0.442691703576687 -0.00715826743690264 -0.146246021882001
-0.294245886752079 0.445328847537408 -0.0546790175631651 0.0225535597561328
-0.529719164251922 -0.00717764193845167 -0.259670410274286 -0.0327774254998228
-0.321571886911027 -0.445135633913574 -0.319228209855213 -0.328518236749659
-0.0881494567108271 -0.519777654052004 -0.0514468165203612 -0.566214702312571
-0.159943220870234 -0.5267918352345 -0.218205660806154 -0.209283522147289
-0.404490043750765 -0.382369169829722 -0.0991121191324029 -0.0533260965016569
-0.491131882320008 0.0646983071420935 -0.0130670997368356 -0.142162835280927
-0.245879531394432 0.469205278740718 -0.069643706393602 -0.11483639819897
0.074104426331437 0.46395012322894 -0.0997506758448804 -0.10147951940181
0.283433255696025 0.334134230637386 -0.108312538560699 -0.0729797403827071
0.409282935916126 0.152180174454834 -0.102947409703356 -0.0712653066726584
0.424753239655436 0.10378183644261 -0.107539576445211 -0.0736997109699415
0.439685302164735 0.158813655106566 -0.0918806637777471 -0.0747773891470925
0.33472424157886 0.418782553661597 -0.0314454005143228 -0.110745874898344
0.0336469600828455 0.559378632521649 0.0383332493126928 -0.0482842020889538
-0.359229473376996 0.566645722684206 -0.0489111915914514 0.0807409039358793
-0.668030506486254 0.030735774697106 -0.258292090575116 0.0192643281864505
-0.459300798770583 -0.538624148297302 -0.261701078194341 -0.217172542810268
-0.170604359490143 -0.674399376020459 -0.000780113378420443 -0.346646830269118
-0.227467726094694 -0.593276564205659 -0.171364119360322 0.00282208104797901
-0.524282336923559 -0.393779077468426 0.0164243517060966 0.0473270799157506
-0.576423518125082 0.130048057234626 0.0228946394507858 -0.145010998990238
-0.25089952307447 0.55359339825102 -0.0889482236535106 -0.103554160595587
0.0982788425461642 0.518449360142274 -0.100489113214367 -0.0150526258225115
0.315353048123601 0.369268978986191 -0.0167868791291017 0.0374684926076301
0.439086718407004 0.175646535181934 0.0566463863292006 0.000440425525270788
0.436596489792589 0.12403483567445 0.065467604281041 -0.0293816728422674
0.437866019739274 0.182277175367461 0.0773393671088484 -0.010222222356197
0.327716155130052 0.441509875199882 0.0967242075146408 -0.00637363071008294
0.0250410118736758 0.574378720851225 0.0906327137195612 0.066912241069705
-0.357132536299465 0.573798859131325 -0.0333894200994175 0.144202321582745
-0.672099449357351 0.0517966569058021 -0.227947638403619 0.0773154261773083
-0.492953469487905 -0.535400886887951 -0.175759979584159 -0.0853536803394368
-0.215249739118326 -0.705649316788293 0.0596832915250099 -0.0982395476705066
-0.262166181675522 -0.571813189024941 -0.10241915194527 0.246991679405788
-0.557673524359822 -0.350418729054748 0.159263103661516 0.169014805486601
-0.570507805973801 0.167928146952035 0.0761054794738623 -0.12304342757309
-0.215360753212117 0.541250294659031 -0.0898669800636337 -0.0740989911983018
0.104060531552435 0.486318260371349 -0.0813174836096748 0.0816523881741641
0.297822126081926 0.345850723460356 0.0856367784822535 0.148302951165556
0.402342593729069 0.174018521909033 0.213469987752554 0.0753913455526798
0.382412070812534 0.126550198934269 0.229449262376582 0.0206626804505605
0.36849790481897 0.176621554388101 0.230621415080662 0.0552292297928007
0.262504866640652 0.391428864156661 0.207931126636511 0.0951579206942959
0.00278705679699304 0.479471907225649 0.131063537176078 0.170258095874102
-0.291091931910663 0.455678249788968 -0.0178063547534416 0.191327886132517
-0.537311667937891 0.0463510191160638 -0.181156758839352 0.120393233389138
-0.417380492525095 -0.439866176458764 -0.0859950935959539 0.0307443632680615
-0.2199071176997 -0.616962724358366 0.119640651008146 0.1337681174434
-0.248032319152269 -0.456370202204875 -0.0279492159512963 0.482362008338114
-0.476037225628121 -0.251148651772602 0.291485290677917 0.292963815826158
-0.445602288575166 0.161691323752727 0.135677166012527 -0.0762890680717712
-0.14329869749026 0.410096966299068 -0.0680825038978414 -0.0374400479652794
0.0803582245758146 0.359744430274395 -0.0506290241469325 0.163589083463308
0.222997171697162 0.261050779801273 0.175002949583958 0.238475073165634
0.298557667541735 0.143057566509957 0.340259840599438 0.140322045567218
0.269799205042114 0.108705496803153 0.359706719577038 0.0667192408138526
0.24243767779669 0.146417949373413 0.344642730660735 0.111624672811623
0.156418833955642 0.280598253119597 0.278494449635073 0.177231593175222
-0.021865473087933 0.310718517755722 0.144564247108955 0.239018855542153
-0.185305928185296 0.262426032374228 -0.0101496476681175 0.205883787046693
-0.320442454220439 0.0310168299854544 -0.130021378266011 0.136720749236839
-0.275331918875983 -0.280755035807307 -0.0138498714430229 0.10565828178411
-0.195246963932607 -0.437641192700505 0.170017762859459 0.309253770028384
-0.18728588107428 -0.259995747845101 0.0304913453066665 0.66773076953093
-0.297024856850991 -0.106642292439749 0.3857111954762 0.398192976557388
-0.231437116596655 0.12367482291341 0.194744186883044 -0.0180688401970261
-0.0410414453633156 0.199917795187191 -0.0285596142536942 -0.0152993074801323
0.0376407016063241 0.167081404306754 -0.0239725722082062 0.205581257640068
0.103857430551553 0.132478895302472 0.227846790676595 0.290361005020515
0.141420005289658 0.0905306809022783 0.412340403542631 0.184147520981056
0.115086781793001 0.0755575648378306 0.436379896414301 0.102413219812089
0.0897140234900822 0.0958016464572011 0.403476184861959 0.14782514352428
0.0412158077954535 0.139788286664895 0.302214419900667 0.227590449119635
-0.0346155885936 0.119422522746091 0.13369031839378 0.268063916308287
-0.0651230406901403 0.0684698649720018 -0.00778415371912762 0.191724690046089
-0.0981318517737649 0.0253548063562554 -0.0815042557011944 0.128964181329618
-0.127884399455565 -0.0947005748730476 0.0352683481557635 0.136678371680463
-0.152542252137474 -0.209953217946938 0.205665628612855 0.408816263462558
0.0716132710305894 0.0103133290915906 -0.00476446286811396 -0.515881713645979
0.0512742034032017 -0.0875353231798821 -0.103013661989069 -0.213863782096591
-0.072656457988093 -0.066927103311653 0.0608096189164183 -0.0815510693363804
-0.0970512922108419 0.0598567062825751 0.0784366544012286 -0.126753321733189
0.000423865962423456 0.0773471120338283 0.0386977439200617 -0.26361132793138
0.0424734216253981 0.0398204938956273 -0.135887205962628 -0.359339422274305
0.0602746804506462 -0.00554577753793688 -0.290082507243234 -0.340352551653135
0.0674661028106233 -0.00562423167120344 -0.345833957872004 -0.296078200719496
0.0590335773616233 0.00161981063014472 -0.296617086991507 -0.328691976578801
0.0249521878400104 0.0264968144001064 -0.121265309224717 -0.347032519835296
-0.0153427413639271 0.0394927209427083 0.0608271811537156 -0.223370961227095
-0.0645697756466787 0.00358778322537764 -0.0121049903938053 -0.0303746007200176
-0.00354712366849034 -0.0908034337826684 -0.145569815604987 -0.138573565796507
0.120705925124327 -0.0354662919858883 -0.130901788987083 -0.515001714424368
0.101451344597945 0.0702102604545043 0.290984724923976 -0.718692015045185
0.0991473448071525 -0.196469159631152 -0.0260739266921378 -0.509280416494819
-0.00950321182059908 -0.256220107624616 -0.107288579287752 -0.213525863671467
-0.203377436154311 -0.119727606248008 0.0378332796187818 -0.103652251949897
-0.223985122226109 0.140736185021866 0.0442000583092781 -0.112805878464135
-0.0592525182968282 0.21775683082649 0.0307624851267378 -0.225311946684823
0.0689563976892395 0.193789530054241 -0.10974266311492 -0.312726690678764
0.166219477996708 0.123571643356858 -0.239990210553318 -0.303591094751176
0.194019038482501 0.113996308756923 -0.290120601122437 -0.27382643943644
0.187077403091936 0.139586942477318 -0.252749117493513 -0.297501313253532
0.0789694577818486 0.236245530566939 -0.0984072580071313 -0.319148162201661
-0.0934217208693818 0.245632306294032 0.0538909820256057 -0.198703572763827
-0.275803636770393 0.149347612638311 -0.0426158139512091 -0.0288309333367835
-0.255998104981419 -0.177911829403224 -0.186831787306026 -0.166642425912459
0.00979373175660349 -0.314989278883234 -0.129112498847941 -0.514400048564172
0.133527924927224 -0.238214977998145 0.272217660861322 -0.673886562787047
0.107913348102049 -0.386596691076952 -0.068420687317983 -0.431847627684385
-0.0915943435658495 -0.403969091505963 -0.0981329234505885 -0.170459357902371
-0.334962811660883 -0.152695514547481 0.0356326762901051 -0.122882029078429
-0.334229735677919 0.225222477337883 0.0161417322619425 -0.117982176814771
-0.108303346723649 0.344441583133002 0.00543630151107402 -0.185450998696075
0.0918919218077613 0.327429633745885 -0.0857372987842258 -0.231794063954843
0.252188262490856 0.236073636855599 -0.160847244326731 -0.22536156027175
0.291576264279338 0.215162960710549 -0.189735549561401 -0.20911951571072
0.283196509307659 0.255710044073889 -0.166549394116648 -0.217363133741381
0.116455838930119 0.41322628534568 -0.0505000769043004 -0.235213018627034
-0.162525774493645 0.420237636523428 0.048315083300466 -0.127678081753254
-0.455224751296144 0.275021148584182 -0.0728200117342389 0.00281766582385455
-0.478955095142455 -0.242940655811263 -0.226093574927815 -0.155329662509638
-0.0997748663133085 -0.549492639823753 -0.1314369169621 -0.448128461532029
0.147770967627072 -0.505474435511358 0.229501280068738 -0.528387198502438
0.0942559706907853 -0.539726414588296 -0.12325595100111 -0.283928408438082
-0.198996318813471 -0.524368296497406 -0.0637548537264697 -0.0776412449727506
-0.472490205464899 -0.157731135688299 0.0563312671399405 -0.130192763520707
-0.420689165593978 0.31660924454905 -0.00675394962098279 -0.128834825672517
-0.135801008181686 0.452922313493853 -0.0314725743452538 -0.132685845428884
0.113978720107776 0.427625998926564 -0.0594953441978893 -0.119317252012146
0.307727860501199 0.316437695289121 -0.0588414968821888 -0.112469923197511
0.344237326724677 0.282350591512387 -0.0611724834049345 -0.113089408959047
0.329666728025359 0.32902938602516 -0.0491520133644894 -0.103032501349103
0.130295271769173 0.522907993664646 0.015464786983127 -0.107480071579296
-0.209762800003719 0.527270182274679 0.044100686748518 -0.0184782700309875
-0.562645554115649 0.355910493278981 -0.0973405915973478 0.0576009018166145
-0.618823321568326 -0.269981852510302 -0.249859150464604 -0.107888725919679
-0.182217725311573 -0.690347493078609 -0.126415181181657 -0.321469062344568
0.142429909695447 -0.678311130725976 0.174639449249946 -0.309711315599947
0.0641907823483271 -0.630829813618566 -0.176657161479447 -0.0696908884678685
-0.302439266690199 -0.589325269591052 -0.00144012122000394 0.0664287754728028
-0.581135007687521 -0.135418880614392 0.0947041102154201 -0.114936753101363
-0.461125111438169 0.38895720984332 -0.0259841012021565 -0.126852244736232
-0.138141692544067 0.511825827046496 -0.0680929528611604 -0.0553520326798267
0.127406111600229 0.472973539315633 -0.0244833699521267 0.0188455886917209
0.325495618509309 0.350827866892723 0.0543188871312418 0.0207672927535009
0.345885287207854 0.305721769826619 0.0756458019585599 -0.00028068654993243
0.319709702609 0.351598275238896 0.0758434726630574 0.0262414831312678
0.115480284910643 0.541257834452098 0.0856462854946389 0.0398829972458408
-0.221273258480977 0.537015789678187 0.0414701987603637 0.107230696629726
-0.560656219809336 0.363989944638739 -0.111746553619071 0.121289867551972
-0.630887125002785 -0.250987005558601 -0.249587283192415 -0.0400961205357709
-0.211801960346804 -0.701350611581858 -0.108375534482096 -0.161766155853196
0.11731371105571 -0.726086039008928 0.112118100839176 -0.0587571347786822
0.0226573706098429 -0.631146924947102 -0.22368248958219 0.183445189280383
-0.355105157630247 -0.564615395611528 0.07661133851033 0.239062682841138
-0.591710661315274 -0.0966292115121861 0.134962909259485 -0.0724604913043057
-0.423865409637333 0.391567543153796 -0.0392356059037903 -0.102196774813883
-0.117560850949562 0.484114777913711 -0.0940817494003917 0.0390327151780347
0.122611829042315 0.440857667400224 0.0182730667294613 0.164691327310649
0.292773143481195 0.331302452155312 0.1629589005883 0.155429584653604
0.295411651474792 0.283775106045447 0.200749576267206 0.112932488858242
0.256916114732845 0.317315082162755 0.186911415437593 0.149204015469197
0.0756650474504286 0.466456489541952 0.142666190655262 0.176935663512781
-0.200487296919266 0.440195516849472 0.0362625099078267 0.216528339898129
-0.451510472236624 0.285120647550024 -0.113774975434091 0.169111852772572
-0.502758279833237 -0.193299435748987 -0.225293266700325 0.0244113058687406
-0.184997084635948 -0.578405548883547 -0.0817043528844451 -0.0136566251637339
0.0737682902985691 -0.648143683373414 0.055911439056719 0.175788722049886
-0.0153547692323068 -0.523713767232873 -0.258049974872042 0.430388897316194
-0.325455136233503 -0.440853986366269 0.142975096007926 0.406829496023817
-0.476529454415542 -0.0475834725030986 0.166530248835063 -0.00479236112658137
-0.301197028695553 0.306466700099414 -0.0379979484596535 -0.0617081050594557
-0.0824724588817644 0.357945415192943 -0.107516566092542 0.126310726355065
0.0921564417634923 0.330362152879414 0.0569420324738853 0.286453486838214
0.213869093592511 0.258812043772472 0.24810992090192 0.269428523205922
0.199893245605264 0.218209685029007 0.297766364952295 0.210828323860605
0.156974401364293 0.235735752951129 0.265060797071767 0.246645985443006
0.0253463023339178 0.320610300359284 0.173293260286347 0.278441580714408
-0.15058599122462 0.273714814513596 0.0224621122232695 0.281083045700451
-0.272621394495073 0.156481352440772 -0.106830855978093 0.183281924894734
-0.29972761342796 -0.11093010132744 -0.183590796794641 0.066059746582852
-0.12476021818155 -0.370995334067796 -0.0547434589556416 0.0897382954124174
0.015724279658048 -0.477231294988537 0.0159397415145475 0.355369759324393
-0.0494887058658815 -0.322819535622635 -0.281110852778732 0.622796432126215
-0.225798836660253 -0.232499756664049 0.182144819865911 0.538039879847958
-0.26586952025695 0.0126774109861555 0.192091157642326 0.0708204172246556
-0.119878162538896 0.159922577152989 -0.0152610947370942 -0.0278372020504889
-0.0354215373780428 0.164361226660534 -0.109234129342718 0.175713670377871
0.0389140391494406 0.161148145010753 0.0791922802103165 0.359837914242011
0.0933867238501871 0.143252288799804 0.293416962731549 0.343169518873602
0.0732224591361929 0.119816504631698 0.350856249350169 0.275313204319656
0.0399222519111536 0.124420424337449 0.302708140564515 0.303560130855777
-0.0206518387073148 0.143323695322012 0.17536641021077 0.331777208085574
-0.0800299996895527 0.0914944242910726 0.00538874681094628 0.298556198132696
-0.082640885863113 0.0336641381108582 -0.0915191566926309 0.169997175984181
-0.0961214843400887 -0.0167455320951413 -0.13333645466025 0.084865390803698
-0.0733563868813307 -0.136867006089654 -0.0290984749534807 0.141673625657669
-0.0463645889390845 -0.252659483790473 -0.00169227134140839 0.460240930976096
0.0730681115424829 0.00420948770994881 -0.0298937723249816 -0.500305320093229
0.0439795628174144 -0.0941564577634532 -0.108795808470489 -0.203673519776047
-0.0785063054749926 -0.0640532786858186 0.0528322613500778 -0.0885960023376838
-0.0933231302666586 0.0675817156080636 0.0632671415662253 -0.129286750166284
0.00444898924934982 0.0781078344269017 0.0187076398026112 -0.25724090297062
0.0457576380896231 0.0387990193814449 -0.155831578074903 -0.34037726729623
0.0605614773472193 -0.0075648494062063 -0.303115634625452 -0.311998822934966
0.0670263280907209 -0.0105977523826115 -0.354735824880006 -0.268233165816347
0.0596020302294678 -0.00278329087891562 -0.306973735062181 -0.304977557745598
0.0271735730239718 0.0255661108303405 -0.137110929104168 -0.333981345254254
-0.0134643388928041 0.0420924007618867 0.0509329662304422 -0.222812892201831
-0.0648044122822411 0.00900471151238754 -0.00997883282768505 -0.0252061084737344
-0.0108631225227015 -0.0907097280611626 -0.150958065093204 -0.12681961155144
0.117783417315527 -0.0430845168801598 -0.157433586949018 -0.496608060602606
0.104631718336076 0.063146863738877 0.249021529886234 -0.713609734718737
0.0910969610106168 -0.19653972681662 -0.0496739087135779 -0.493344672062844
-0.0231987338457033 -0.254784903161478 -0.114843096477231 -0.202531396159789
-0.206005833482778 -0.108680834219099 0.0274147532247589 -0.109865433789619
-0.211252800043392 0.152548225667253 0.0300999005299079 -0.113159958911907
-0.0456084741203375 0.218208405971198 0.0129579518554247 -0.218660297007309
0.0797442137302042 0.187439642141008 -0.126339890891593 -0.295714316570884
0.172327583492292 0.112414801747571 -0.25256017371254 -0.280239518036664
0.197593879069427 0.0988343473601585 -0.298887115027337 -0.250036270268217
0.191441310045202 0.124852299358285 -0.262284027194579 -0.276803105289908
0.0925027797246251 0.228650751567955 -0.113261993868766 -0.308690076061483
-0.0780984089746434 0.249766799548738 0.0449234878333538 -0.198462160947357
-0.262339274202868 0.163481457328305 -0.040690784826951 -0.0222177402391118
-0.261966582749667 -0.161544416147324 -0.193173521645503 -0.150563856935309
-0.00487586892446232 -0.311229678325388 -0.159254344117675 -0.497136187832049
0.121637632512588 -0.238567682431051 0.233273564551657 -0.668752701478281
0.0909119374005477 -0.379219151828295 -0.0905602303529202 -0.416722475291675
-0.109905686911819 -0.394485231865358 -0.104364675235822 -0.162329114346847
-0.33399262397107 -0.133922860500625 0.0235271469622149 -0.129346302935019
-0.313014980889941 0.238547797044209 0.00195082553498384 -0.115741368961107
-0.0860226566522647 0.344495308777083 -0.0113195361101902 -0.177868671452973
0.110199789860856 0.316699281973676 -0.0986650114478232 -0.217682069630307
0.262099968628881 0.21682323774651 -0.170054439814226 -0.2086455218657
0.298205722826584 0.19327250135457 -0.196635763448335 -0.193246453036514
0.292376729915002 0.234002628014275 -0.171368396987674 -0.202960103712707
0.139352054747587 0.398989806402878 -0.061907965580532 -0.228751322567434
-0.135585608292356 0.424344593561763 0.0432844169623519 -0.128490909222678
-0.428986284976493 0.296149582905251 -0.0697125338713561 0.00953811208705243
-0.482048838455622 -0.213040532618291 -0.231122667321349 -0.135152208432384
-0.124317853654719 -0.537357318383092 -0.159632436429029 -0.429687347098301
0.124772827235103 -0.498908795151125 0.200541273800214 -0.529285596592765
0.0714448042482171 -0.527037402731916 -0.137824621587438 -0.270289489846664
-0.221111830385889 -0.503228744376555 -0.0674572816938293 -0.0745951919236593
-0.467070809385012 -0.132482261031972 0.0426630341154657 -0.137031088388924
-0.391415006434973 0.333282320704424 -0.0208715899342487 -0.126792533506414
-0.106125769566932 0.451871728836937 -0.0453094851201926 -0.123899001743953
0.136920546670925 0.413859012546677 -0.0662358142840665 -0.109321356217621
0.320032199478842 0.291283108134941 -0.0633404542983319 -0.105666286936715
0.353281825936675 0.255406151969934 -0.0657171721313154 -0.10786971972104
0.341885384276306 0.304692516191805 -0.0501618105544414 -0.0980930864966161
0.158118363831608 0.506170212608929 0.00970788639099234 -0.107771517238327
-0.175117249711451 0.532379326337116 0.0452202071451441 -0.0211019462098408
-0.529345996923165 0.381670312561571 -0.0910210209648567 0.0638094672029711
-0.620003190247044 -0.232266571991376 -0.251258400646464 -0.0856962248141561
-0.211531645850649 -0.671696803479244 -0.146402015753851 -0.306159042460494
0.110601442106827 -0.666724422092816 0.157668935234799 -0.314242856909534
0.03491025626479 -0.613617005246251 -0.181649455784355 -0.0594561665332558
-0.325821978890874 -0.560153719372136 -0.000128151930817016 0.0622984766388103
-0.569642998956914 -0.103715733905094 0.080928927701253 -0.124277302783491
-0.425717771678121 0.405507410731381 -0.0389694389233758 -0.124004260058994
-0.105574691659786 0.509837317536633 -0.0780535808985104 -0.0465552441838024
0.151629492947156 0.45587116726358 -0.0244754465804977 0.0243757427685777
0.338337390118533 0.323656541844158 0.0546671948511882 0.0171865599823993
0.356779528537631 0.278336164938404 0.0745950779258698 -0.00551855832799857
0.331802800765007 0.32595106811633 0.0793421465476255 0.0208015703003663
0.143957450135976 0.524933336156722 0.0872518486338076 0.0331152370319869
-0.186716189714517 0.542019721593688 0.0502103127582179 0.102524469802025
-0.526923698452466 0.387228875815373 -0.101292769349842 0.126965408630031
-0.628708217526909 -0.212881144135718 -0.246427489266862 -0.0169079162244051
-0.241806965360902 -0.676903358282156 -0.11946092941967 -0.149744032562138
0.0827286325888074 -0.712017369338199 0.108326440627913 -0.0673639206848865
-0.00676057575124679 -0.611783442280227 -0.214330766835133 0.188883986061332
-0.376027790102578 -0.531371218112573 0.0844728690998435 0.227688658108669
-0.577622374322156 -0.0626210548665565 0.124155668552656 -0.083599548035452
-0.388499139325197 0.406445806145998 -0.049267034854713 -0.100026124516496
-0.0877497417912066 0.481278414306489 -0.0994784342499 0.046672499221887
0.146407420946403 0.423081647854624 0.0250818309778958 0.163904841514598
0.306848132894948 0.30701543449742 0.168756131396467 0.141813569628721
0.304224832795439 0.260195945986373 0.20374589016776 0.0987928153968547
0.267542468892343 0.296725457994456 0.194974292609501 0.135079830664818
0.0996762111959185 0.453312834880412 0.151537707007843 0.16383247076979
-0.172532369878166 0.444310354898703 0.0510185312462272 0.209689219412874
-0.422727833792472 0.302586707353519 -0.100158898963176 0.173649382440074
-0.500085327880393 -0.163343022059482 -0.218821368811565 0.044814147024676
-0.208410920969434 -0.557631669695683 -0.0851699916261908 -0.00559444139545189
0.0424843175112222 -0.636371541248129 0.0650116750860273 0.163591674163517
-0.0411891469742957 -0.507542816343999 -0.235961676733048 0.431533530526239
-0.34116725595469 -0.411380310895354 0.158842916880335 0.388320504615658
-0.464926514770163 -0.0190693305117699 0.160949067753231 -0.0178840867124405
-0.275829213714789 0.314228698931599 -0.0437701085796421 -0.0615846804465718
-0.0600904951406037 0.354861683255583 -0.107017724209605 0.132048946105129
0.108446721704486 0.316989237309396 0.0698414370315368 0.280517877008077
0.223072090676682 0.239481553023092 0.257819936304361 0.248553304118183
0.206891693543415 0.201536965514557 0.303394046566222 0.188970656086351
0.164357704671598 0.223339677690194 0.27551661937409 0.226179552682019
0.0417783714994057 0.312320205362163 0.187620529862279 0.261591164023716
-0.131878312203747 0.275613732102402 0.042276293121847 0.273482569295644
-0.254416629389678 0.165881145980468 -0.0917531932763953 0.186779222916554
-0.294114687644592 -0.0905260459372369 -0.175294747514511 0.0825483117829177
-0.140356730102192 -0.355248095695046 -0.0512737391901377 0.0943535556083732
-0.00589272153181873 -0.463047696567018 0.0345239198237076 0.340230576112889
-0.0669526664662953 -0.309906318308595 -0.248445659118944 0.620705165990629
-0.233583461076211 -0.212647894275098 0.20398352310204 0.516090943863352
-0.256480411859439 0.0292076696274365 0.192362706444702 0.0567772598771371
-0.106557957712528 0.160566419496529 -0.0188872568547115 -0.030172195266955
-0.0247048043687015 0.161364621965756 -0.103849396730239 0.178491345190728
0.0468124044846843 0.154034643286679 0.0952961238550256 0.350194514953183
0.0983982145739212 0.133468706294215 0.306239660210127 0.316599872141475
0.0764340839653315 0.112694503285595 0.358176808024253 0.248516374393264
0.0437576794874173 0.121334952745879 0.315450785800851 0.278827150016814
-0.01374143830903 0.140495414564337 0.193049826552768 0.313350484636889
-0.0729771916838427 0.0914679418715636 0.0256341078799174 0.291981871243736
-0.0749479471072695 0.0336549704004649 -0.0767480954019101 0.172323085690694
-0.0898831007800261 -0.00881113607842207 -0.12538866411017 0.0974664584447096
-0.0781357493476057 -0.127820986926234 -0.0224005853644277 0.144040043222112
-0.0589621354021054 -0.242246579458609 0.0226845237705443 0.443921579248143
0.0728101653889145 -0.000328500575508981 -0.0449381165670248 -0.480336031172372
0.036687213539182 -0.0980108176660891 -0.109163059858625 -0.193962402576641
-0.0827429392985556 -0.0607370587751317 0.045248270272021 -0.0936201671060205
-0.0891496680169912 0.0726198675314485 0.0497047212832851 -0.127500817544711
0.00740793288845255 0.0780332776929082 0.00525505350007997 -0.246874084218684
0.0474758647648964 0.0375668290169191 -0.16590400272497 -0.3192167732731
0.0605395431249957 -0.00935495901075994 -0.30591799283685 -0.286552397745033
0.0664846076279829 -0.0134882698587516 -0.35259994637663 -0.244845091463362
0.0588989128206665 -0.00613330906160441 -0.308282856990303 -0.282919573834229
0.0286840744180721 0.0248116642705664 -0.144563050546367 -0.320766598824403
-0.0109328117160497 0.0445415384040976 0.0441223280910959 -0.219183522895516
-0.0642620731870956 0.0124613480062281 -0.00664805396344032 -0.0207750795498561
-0.0163158835296077 -0.0889525615081501 -0.152019777290723 -0.116937611239855
0.114704804272126 -0.0490090550174782 -0.176119184248701 -0.474183685964759
0.105507011330344 0.0569128174345801 0.220820211656244 -0.69337605260381
0.0864256066821153 -0.192899359328907 -0.0660658411557996 -0.472523994277677
-0.0321543229502361 -0.249979445725817 -0.116153674671563 -0.192991306378197
-0.204801244296865 -0.100622741949959 0.0182751043527877 -0.112173887444637
-0.198923856143456 0.158124166222569 0.0174223092093848 -0.10976848024833
-0.0350343814100659 0.215707044477861 -0.000559251858324416 -0.208026552461781
0.0871698070709289 0.180131260458179 -0.135169611103547 -0.276885532545001
0.173291634257345 0.102315915991118 -0.255054971276996 -0.257307199823053
0.196884644929246 0.086725795034138 -0.297583996352524 -0.230044485138609
0.192024291624639 0.112166395418378 -0.261580008521898 -0.258311050077945
0.0999863191372969 0.218911516530293 -0.120303402280266 -0.295845769654451
-0.0658647263909388 0.248854640769573 0.0393467639412849 -0.194797445849651
-0.248251979559787 0.16917623880894 -0.0378158437706725 -0.0164234449817753
-0.261744705509509 -0.149026239946525 -0.193340796877778 -0.13663439507475
-0.0142311845354528 -0.304484486903586 -0.175771542567012 -0.472552196401931
0.114113173907944 -0.234841402175955 0.205250540617972 -0.65244039270169
0.0812769434386475 -0.368752750781542 -0.102356512163973 -0.397873862963651
-0.12037016663912 -0.38081560728674 -0.106341601534359 -0.154844683739627
-0.327014959755292 -0.121131555899175 0.0117201128460292 -0.131846341418272
-0.292459049902793 0.243756396554263 -0.00985192744012516 -0.111650151729771
-0.0691684084089021 0.339138110595623 -0.0229600584061141 -0.167414277535031
0.120821665499887 0.303835530770036 -0.104484306240309 -0.202440336865379
0.263625865801149 0.199413688983158 -0.17141917298824 -0.193635282109581
0.297949636775532 0.174056027501001 -0.197607258519194 -0.178888047802441
0.293122737506017 0.213974818822015 -0.170134270781676 -0.190589862905287
0.150845684484475 0.383117306172309 -0.0680634319943093 -0.220681146733741
-0.115505232480874 0.421201391251218 0.0403577878937596 -0.127032196458972
-0.404484245367745 0.303846177757704 -0.0657102279308963 0.0150828584648272
-0.475369172294914 -0.190936260526243 -0.229181264355736 -0.118647335965367
-0.13734319734152 -0.519798783184096 -0.174983932107272 -0.410365876654283
0.108908405329763 -0.486650400696522 0.178023904125728 -0.518032371284444
0.0598184341185616 -0.509028873104737 -0.144260650654952 -0.255745821092556
-0.228041228914807 -0.481139713162029 -0.0693506146310867 -0.0715206000613181
-0.454255128856626 -0.113919523652056 0.0301443870147154 -0.14023872658572
-0.363919970274602 0.336030462232514 -0.0319307330852298 -0.121157547429816
-0.0863468826759888 0.443164833518934 -0.0553773485746379 -0.113549392523746
0.149721772835333 0.397031323579549 -0.0690604947804245 -0.0986449328766998
0.322539552301978 0.269443916262539 -0.0644343773235761 -0.0988294884915265
0.352115302883913 0.232529429604351 -0.0667738835310703 -0.101551135252631
0.343098337220642 0.281131727918572 -0.0485065314941981 -0.0935680649105447
0.17382589386451 0.486239244468372 0.0061509045421937 -0.106414199217605
-0.150680093534585 0.525549712249629 0.0468737894629202 -0.0229213029942474
-0.497503655047505 0.388763325833165 -0.084000111570211 0.0687404333227468
-0.609214426756659 -0.204345425304854 -0.246913460366724 -0.0680262233508443
-0.227124292799704 -0.646397834360934 -0.158047957435479 -0.288830535462242
0.0911977462802622 -0.647668397788417 0.143262202542331 -0.311164046105424
0.0209318951603583 -0.591335091517792 -0.182172420390952 -0.0520190270107354
-0.332240260931207 -0.531803405975545 -0.000317291591702486 0.0591716142443361
-0.550583693141729 -0.0829340107993056 0.068255112039531 -0.128976305849533
-0.395266741366179 0.405434797342282 -0.0488925439171032 -0.119597557949301
-0.0820997043276828 0.499766343469777 -0.0853579890959221 -0.0379152731216984
0.166030664937475 0.4343949174422 -0.0238307132098921 0.0288844463577558
0.341649574235635 0.298922576086668 0.0545875376813345 0.0144507307217317
0.354536700870025 0.255259500760404 0.072784358832822 -0.0092015844525397
0.334241827571314 0.303455620303361 0.0819138023535418 0.0161989554000903
0.160105765551803 0.504806642344886 0.087268061876779 0.0274398700561697
-0.161442061324165 0.535013275003242 0.0557607170712063 0.0965715580292766
-0.49289248542123 0.393291573467642 -0.091419629021595 0.129227400243793
-0.6151738856679 -0.184093582771381 -0.238742289566978 -0.000307435157414624
-0.25497834712167 -0.652146472971424 -0.126008986602759 -0.137704491511446
0.0626215829894117 -0.689478319105474 0.102902219709804 -0.0735585588366584
-0.0205220517384966 -0.587185651381667 -0.206857668986328 0.188389059052444
-0.380260685894058 -0.501860489562954 0.08766469011845 0.216134174563875
-0.557590980115878 -0.0421530569659803 0.113009224724257 -0.0902586623229422
-0.357588103211775 0.40465912385469 -0.0568057373682739 -0.096581054380948
-0.065635433561616 0.470281691495874 -0.102544123454134 0.0529582991078621
0.158161758502329 0.404331464234176 0.0293407316004854 0.161516903248369
0.307590684648383 0.283991571091023 0.169644960311633 0.130428482857673
0.304533269378763 0.238382918139502 0.201117162878657 0.0871283533614691
0.270884457771149 0.277512751638447 0.197221566243208 0.122561892058528
0.114606728504893 0.436012253058368 0.155008421889766 0.151485526128823
-0.149567183680399 0.438091688174053 0.0607944117366629 0.200236469818769
-0.394999644702466 0.306346075083903 -0.0886442966250112 0.174386049216134
-0.487084792175572 -0.140462045410479 -0.209435418983141 0.0596683209669191
-0.218854165889257 -0.537296753787938 -0.08689902553684 0.00212811042637781
0.0239931186865595 -0.612410870396883 0.0684964329379415 0.150526523122213
-0.0541976241204824 -0.485094256475852 -0.220988092024147 0.422365266257633
-0.344202725393972 -0.384990879299189 0.165405796724525 0.369778027147981
-0.445983087384277 -0.0023126247718277 0.15364103454623 -0.027098304811918
-0.252760781570196 0.312584219163327 -0.0480320521521017 -0.0608026670159035
-0.0441190617504429 0.345365750088766 -0.105864800553431 0.134446079325711
0.116761781323539 0.301954298798916 0.0777530785583536 0.272556348111024
0.224484135888331 0.221812800653602 0.259789712262417 0.229326831333411
0.207104694975856 0.186824260666014 0.301201608433839 0.169401583427138
0.166615804381665 0.211519887632342 0.2786224819604 0.206803755425046
0.0516122445849402 0.301288289731874 0.194047737271116 0.244834361573231
-0.117069659759198 0.270835083542389 0.0552067230501702 0.263285289607113
-0.235998894190279 0.166808875686007 -0.0787363823448495 0.186171585200133
-0.283306787703618 -0.0772639013506032 -0.166094261218819 0.0950287168333865
-0.14622003441269 -0.338571274127234 -0.049193899267935 0.0976139423243507
-0.0207093638778944 -0.443866522713296 0.0458997972879041 0.322348140254717
-0.0751091469275171 -0.294926221728207 -0.226170353282574 0.60690054357304
-0.23381221340227 -0.195655619262955 0.215307844337666 0.492713738907577
-0.243646292651995 0.0393069321628487 0.18969777391057 0.0452056146265839
-0.0951578254338569 0.157226284753792 -0.0209196338109188 -0.0321773174782512
-0.0179272974368039 0.156398419761411 -0.10024551963861 0.178364754936956
0.0500643707050991 0.146286683136576 0.104299918086331 0.338259760519775
0.0993266021458741 0.123753428544996 0.30811888890299 0.294073157737107
0.0772001576346955 0.106539174699855 0.356386147156872 0.224862224602864
0.0453385621976531 0.117627273111733 0.316893570789123 0.257701763501577
-0.0100240298237135 0.136677827644371 0.201097377282729 0.294381014098345
-0.0673660673111293 0.0887002999243539 0.0396368932110322 0.280893120886729
-0.0676928041195154 0.031882332669541 -0.0641292900446757 0.170850978914901
-0.082339264015421 -0.00364369811628594 -0.116748035633704 0.105257884182847
-0.0792748510529704 -0.11905962060204 -0.0174586985276508 0.144246121927238
-0.0659539000548883 -0.229825962046061 0.0381456671047013 0.422177312658579
0.0728803030226333 -0.0042841468756939 -0.0508222237060125 -0.462622026412525
0.0307330478381118 -0.100515925734356 -0.106719508266212 -0.187599193673397
-0.0865211172364796 -0.0579259708341858 0.0387729316503311 -0.0970073637611606
-0.0866881668521171 0.0769862952794984 0.0387253763479811 -0.12396606147237
0.00971871677553522 0.0785045605998082 -0.00398164381190175 -0.236684915377575
0.0497437614553981 0.0368986255721233 -0.170083493110938 -0.301752975787061
0.0609775173078867 -0.0102649478039833 -0.304685974976915 -0.267733532142541
0.0659183666938764 -0.0159761999984652 -0.349106254276509 -0.228738998539308
0.0581184878821785 -0.00853147911601237 -0.304922925416895 -0.268353177291508
0.0298346354655529 0.0247703812983711 -0.147169652735031 -0.310552150687896
-0.00944304516866432 0.0463581883574931 0.0415053052421597 -0.21586559395435
-0.064847757333771 0.0159453382460686 -0.00279670878904159 -0.0171892805033553
-0.020775623388925 -0.0877492689299661 -0.15155158472084 -0.108918218506275
0.111421873090823 -0.0532778035455686 -0.1870397249619 -0.454515058719789
0.105239148316367 0.0523537116809594 0.202945743363243 -0.674771554238438
0.084965462411812 -0.189701377427956 -0.0734300292968936 -0.454476882638546
-0.0375454383796333 -0.246313558970452 -0.114768622617994 -0.186189659494589
-0.203342847166692 -0.0945913584456423 0.0102807898766939 -0.115425590293077
-0.190347801376908 0.161465466119703 0.00779760910074745 -0.105904175393302
-0.0275437855038349 0.213537091898534 -0.00961706447938109 -0.198078227513851
0.0916861677827249 0.175018835352018 -0.138613516247826 -0.261739955527655
0.173566979960054 0.095654804408577 -0.253597701237322 -0.241448288926747
0.195015395513229 0.0780379376546708 -0.294318486740367 -0.215741899482993
0.190566196007748 0.103677531039592 -0.258242625868274 -0.244952805604911
0.104162011047594 0.212457189455017 -0.124065968951872 -0.287280875533394
-0.0575141454505806 0.247336126061704 0.0372484037768609 -0.191783856192658
-0.238497245496059 0.172690672587407 -0.0346939645566453 -0.0117541723455991
-0.259534862658132 -0.139963773082855 -0.192578801163599 -0.126831148607565
-0.01876566305596 -0.299776422841683 -0.188109420617795 -0.453403091168709
0.109661255370904 -0.230382878863623 0.188192043142711 -0.636105980096863
0.0787589441929019 -0.358118585921433 -0.108066995256987 -0.382815814617171
-0.123506268522762 -0.370677413573328 -0.106497971252339 -0.149860306796553
-0.319240461711839 -0.112766849607365 0.00235861914033252 -0.133892208734983
-0.277259619480834 0.244549294305849 -0.019072293399435 -0.106473445975361
-0.0589269689668523 0.334559676605577 -0.0312416762669444 -0.15736385663189
0.127575781385278 0.293999298555327 -0.107309168219267 -0.190518418359481
0.263518980806278 0.187305870972051 -0.170093807504557 -0.182165864162051
0.2943566152236 0.160329912638024 -0.195416072209254 -0.169448260272745
0.291347913490562 0.200312458270116 -0.166892240075965 -0.182358769683179
0.158643643186788 0.370865727236617 -0.0710022198404441 -0.214774307815713
-0.101083187703192 0.416491905852709 0.0388387162947302 -0.125684067648217
-0.385537605922953 0.306300577420791 -0.0617531859229048 0.0192993642961977
-0.468272050768442 -0.17665017184204 -0.226789525715614 -0.106615486522697
-0.143117463040823 -0.508218286590006 -0.183715949737065 -0.392940248286681
0.101895130026689 -0.474580600316591 0.164508802902913 -0.508503398278769
0.0550434138514438 -0.493636992022454 -0.148611260379466 -0.245895639019785
-0.230752472469163 -0.466182054893424 -0.0704821630055859 -0.06898357865536
-0.439879124847579 -0.105419607125323 0.0193246067838561 -0.14292566475437
-0.343449980132183 0.334814903893583 -0.0405800203559819 -0.11578992886069
-0.071223015972495 0.435267813293992 -0.0622587619612226 -0.104610060738292
0.156456722681252 0.382350065041762 -0.0696309544377062 -0.0901985168988209
0.321862897296018 0.254974865584653 -0.0632511292269623 -0.0939525696113787
0.348436672394197 0.216385506408658 -0.0668038149979655 -0.0977823438380005
0.341735444830152 0.266398261245013 -0.0453833860184442 -0.0915019420364382
0.18272693505511 0.471330898679493 0.00357065535510059 -0.105179449047246
-0.132319552955064 0.519622197479787 0.0475419038457162 -0.0245132540347111
-0.472743286450874 0.389419387424644 -0.0783482853599217 0.0718445683706566
-0.597683307291329 -0.187546722596963 -0.241471329435022 -0.0551591213402796
-0.231503786495498 -0.629603567087677 -0.165830016294417 -0.274049381769461
0.0809869454781167 -0.629068999986404 0.134044660504102 -0.308942692999387
0.01713531843516 -0.571542104719652 -0.182779462281806 -0.0471285388354548
-0.331868521518321 -0.510249549409185 -0.00117523105527018 0.0561042969491198
-0.534573369526618 -0.0725303025927546 0.0576234987989855 -0.132393783024034
-0.372841326478882 0.402862089862023 -0.0560038343210197 -0.115244983209664
-0.0677283806912511 0.488665526583887 -0.0910846493766037 -0.0302248560362796
0.172851196522143 0.420178442794596 -0.0224620801174628 0.0330293632897459
0.339692316935593 0.282555948538005 0.055034753632798 0.0123926630033112
0.351151749040509 0.238826321932391 0.0707726291132091 -0.0107077438363817
0.332858593581175 0.287554866826345 0.0840347807180343 0.012405304874512
0.169861701414031 0.490004445860661 0.085759850413712 0.0230037898204783
-0.143172510255133 0.52710440768935 0.0600268534104896 0.0916030810043562
-0.469556010084981 0.393114584544537 -0.0841584972350039 0.130683931590655
-0.601275962190465 -0.168586264123208 -0.231788960968036 0.0129878487030741
-0.25982620446621 -0.633548655076453 -0.130320715868529 -0.127484714446775
0.0525395892026123 -0.668695358300502 0.0988896408329408 -0.0779246202340613
-0.0266115995329762 -0.56755009033977 -0.204369513690153 0.186109001136275
-0.378021756150327 -0.478778323591577 0.0873991804307426 0.208136251390458
-0.539898082179804 -0.0303074650326226 0.104122667978952 -0.0951724618069585
-0.336715892670677 0.400102749982918 -0.0619684844915268 -0.0947346833645345
-0.0526817601023339 0.459341739102472 -0.106512017392547 0.0582600921161666
0.163571222563584 0.389894503043114 0.0321765016264909 0.160855567283585
0.306845781998225 0.268530865719857 0.169110717512996 0.121356696616995
0.301814584075459 0.224431532260648 0.197827634883045 0.0792453263559154
0.270152877755467 0.265390152327204 0.198578817797851 0.112689526451403
0.122489116793635 0.424117444346584 0.155799910373876 0.142487177496103
-0.134142113262151 0.430920210596398 0.0679912952490132 0.19278165643715
-0.374127586864001 0.305958665500693 -0.0793515576743021 0.173719575459365
-0.473752505131638 -0.126789018943452 -0.20096390553348 0.0716385254112109
-0.222441941010054 -0.519020008387916 -0.0879229581154488 0.00772197378613849
0.0162196885613983 -0.592521684075708 0.0689883325643012 0.139866490810599
-0.0588044326435284 -0.467922877799622 -0.213207466022734 0.414022290794239
-0.340842252274469 -0.36534217839475 0.166754606829312 0.356042144531214
-0.429981649712226 0.00749972823753549 0.147921358852708 -0.0335566974342735
-0.235899399661673 0.306128727128701 -0.0522100408265989 -0.061103422368373
-0.0342815957856474 0.337160532074367 -0.107457728185278 0.136089113701279
0.120517543569571 0.291089103085192 0.080914645892126 0.266920792055965
0.223326252421967 0.20929162926624 0.259430629300236 0.215787609808664
0.204607375000387 0.176729501456255 0.297138630529852 0.15740042127426
0.166552293664387 0.203385194334942 0.279536542825249 0.193342338953401
0.0569981515551352 0.293232522307376 0.196584795794887 0.232493990182691
-0.106659383041922 0.265767293293821 0.0633394111263517 0.253565293873512
-0.22192907130409 0.164228907069648 -0.0692502667574701 0.184792037075648
-0.272033000698908 -0.068113042088738 -0.157570911589825 0.103883390254941
-0.148957807329815 -0.327721723568478 -0.0475117497110608 0.100180787184417
-0.026632031828152 -0.428017809574873 0.0502022322453032 0.306638243404409
-0.0794101868437926 -0.282549619717108 -0.216667981569797 0.592412083689662
-0.230232527061376 -0.183035848253511 0.2187426229307 0.473169202784043
-0.232678213083717 0.0442663872059694 0.186583186712402 0.0367297802033395
-0.0869976207131307 0.15261157432676 -0.0234027559083585 -0.0353179143801781
-0.0138217139614455 0.151253956106179 -0.0991071036361853 0.177515076582573
0.0506626826532241 0.140053343774071 0.1089266235615 0.329318973254291
0.0977797117662326 0.117573446308189 0.306847702399669 0.277882098141202
0.0765765962557769 0.102247471937697 0.352442912654062 0.209638120155102
0.0460196799988223 0.115038173583542 0.316769271152372 0.241649245631723
-0.00811803757027928 0.132563807780445 0.205047558062945 0.280748891171132
-0.0633678065659643 0.0852277393913741 0.0496217155589455 0.270494661068784
-0.0618921338315624 0.0285914464265652 -0.0549450335486156 0.168224193358241
-0.0746302546991788 -0.000260974244774037 -0.109462024749098 0.112393077355052
-0.0786300054453153 -0.112039469528781 -0.0144530489981627 0.144240278951922
-0.0684561415658733 -0.218961283540499 0.0459418242001914 0.40362788402504
0.0727820238217811 -0.00713966991126263 -0.0545940230306516 -0.448373658821606
0.0249252023296246 -0.102908448393442 -0.104389512908102 -0.183780180906312
-0.0902825808607401 -0.055135419955028 0.032477399549271 -0.100810869776361
-0.084187620934931 0.0816623281073521 0.0295761258058283 -0.120365589859193
0.0119620899964951 0.0795842598413358 -0.0115143491097302 -0.228711999587357
0.0519129373867756 0.0364042302971168 -0.174018163243647 -0.288257039834638
0.0620781396878619 -0.0115472345426812 -0.30441622930801 -0.25247515843028
0.0660543787804413 -0.0185533550226087 -0.345098697922733 -0.216735497996992
0.0579426424358803 -0.0105430943234976 -0.302407486165931 -0.258271944447779
0.0313909918473421 0.0248301002610192 -0.150148924956112 -0.304675211454731
-0.00764870304132755 0.0487983691670776 0.0400175746568837 -0.213554574074717
-0.0652302578202123 0.0195348710457479 0.00101568673083126 -0.0146792092892102
-0.0252846162275257 -0.0865007716490089 -0.151745410268151 -0.103183766949055
0.10923439978419 -0.0575336204831302 -0.193363933091819 -0.439071338609847
0.105679410792505 0.0487586224389223 0.189958839261836 -0.662164724171919
0.0847735786297632 -0.188449756235597 -0.0772746596544498 -0.44174670315024
-0.0421719668788933 -0.244287794294883 -0.114721725759261 -0.181780557065024
-0.20314075222435 -0.0904427702913993 0.00281617206937826 -0.11769786105143
-0.182126188424109 0.164561194399366 -0.000520919810001416 -0.100581583881391
-0.0215867820027454 0.212774756979853 -0.0168027916413181 -0.18942809015885
0.0961517876520028 0.170903342209762 -0.141053161642639 -0.248909708149785
0.174127915317545 0.0896387972193284 -0.252769372053845 -0.229743040160302
0.194231974610545 0.0707255155735712 -0.291734890749097 -0.205196651361341
0.190081926199989 0.0964088061993441 -0.255888486882201 -0.236335978868278
0.108919900010364 0.208481503522162 -0.127175495240752 -0.281407123551554
-0.0504809668066836 0.247359313030268 0.0355801609777868 -0.190262471447572
-0.231200003555886 0.176364285945682 -0.0314933260702976 -0.00822174081483642
-0.259873493104348 -0.133967293942289 -0.192530232014435 -0.118210866329008
-0.022783319185941 -0.298253113560289 -0.197632293821337 -0.439341231457249
0.107294824071501 -0.227172378216401 0.178535208588403 -0.625419927298667
0.0794836907595535 -0.35312054189425 -0.113729011109827 -0.371337429329082
-0.125983453459789 -0.363818463078182 -0.107076850056737 -0.146317627115562
-0.314842450114047 -0.107500467014791 -0.00659773777468712 -0.13597478950889
-0.265867357326999 0.24556858521059 -0.027510783618701 -0.101310841342251
-0.0482412766707571 0.331743500144614 -0.0384674949581175 -0.148792279887233
0.133819010651421 0.287013719974161 -0.108742647321849 -0.180148755734967
0.264628073040459 0.177934773427305 -0.169574732462166 -0.173894240727789
0.293319604594739 0.149041562583973 -0.194456145249684 -0.162009432358543
0.291288694016859 0.190086906994442 -0.164653486599957 -0.177796999521981
0.167236096479321 0.363526189746651 -0.0743472016963775 -0.210669532936167
-0.0903929679065324 0.415029793510295 0.0385544031711995 -0.125243514303308
-0.371471192478044 0.309827972976974 -0.0574657308863534 0.0234219934678492
-0.46595617809481 -0.166108310241063 -0.225639103335826 -0.0963850884165605
-0.147316842434487 -0.499243700571572 -0.192983243524689 -0.380401817814827
0.0972105601941808 -0.465179296383642 0.155441030949379 -0.501481536606292
0.0554300636326131 -0.482834956379744 -0.152573111514235 -0.2366120632602
-0.231261356514523 -0.455100680281184 -0.0704830065371326 -0.0674940200105852
-0.43102515618425 -0.0979662246507278 0.0100330549947805 -0.144985138549748
-0.328537108038065 0.333791154775119 -0.0489073837076485 -0.111333352540878
-0.0602514654496577 0.429786903539733 -0.0692007639076308 -0.0961982122087303
0.163441344501092 0.372581712424247 -0.0704155503273167 -0.0827835137293987
0.321588640231832 0.242702351240081 -0.0628353431655542 -0.0908605720156063
0.347748443666014 0.204384919360442 -0.0665078751374748 -0.0945803278290019
0.340157979743633 0.253941993652181 -0.0430557902144798 -0.0913752936259649
0.191308278429827 0.461067765176411 0.00146268554471843 -0.104310522089113
-0.117922415446598 0.516765059369848 0.0491874144570885 -0.0263935598858687
-0.454811891423801 0.39484107611548 -0.0738868682650457 0.0754865538086013
-0.588654789247629 -0.174108436154099 -0.238477161465405 -0.0437802637318792
-0.236551296734327 -0.61812509864615 -0.172293208927175 -0.262719996699002
0.0782144025821115 -0.615129950397549 0.126770188231443 -0.309874089368719
0.0158088609080463 -0.559759834652017 -0.185572832399235 -0.0432343634165618
-0.331286199211306 -0.497664499956715 -0.00269093754927443 0.0554232666870935
-0.521551814752918 -0.0651593148839728 0.0473449305844769 -0.136139747612664
-0.353698700850395 0.400409167004175 -0.0642120301127367 -0.112061840502167
-0.0551854780638124 0.482338220458569 -0.0971429294826027 -0.0225767577224298
0.178984553301822 0.410368795170999 -0.0220564427439864 0.0371858303873635
0.339536929616147 0.269754692896785 0.0559477859138262 0.010432379904393
0.349788379663651 0.225886351428596 0.0693260766206387 -0.012394526939353
0.332438811473655 0.276311088646403 0.0864259973853182 0.00767917009691089
0.178960017193372 0.479805167914378 0.0853754088983173 0.01959908070219
-0.129572354859363 0.522958307744507 0.0635435161081029 0.087642795138593
-0.449488160462136 0.39489699000864 -0.0784405929519767 0.133001844115896
-0.591035180790597 -0.156296556689076 -0.22665013849767 0.0242820388017536
-0.264658345630254 -0.619880885088162 -0.134451732455109 -0.11793202214219
0.0484313938645048 -0.653764469520065 0.0947881673881299 -0.0827065617487817
-0.0283450919459804 -0.554538028963698 -0.204244927968447 0.185162505644671
-0.376603233830574 -0.464634248359611 0.086160833401284 0.203188732199719
-0.525755712920098 -0.0235923573240264 0.0957069864785805 -0.100371296131676
-0.318910159111453 0.396727084304887 -0.068507869504733 -0.0933801253812715
-0.0402009594241153 0.452098914514036 -0.110439622585945 0.0637058643048984
0.169748600408409 0.380392257973922 0.0340339436996283 0.161214779930526
0.306033634442168 0.256514616103953 0.169034678462667 0.114170050205395
0.299959642019124 0.214281307433323 0.196232928844062 0.0733453764553185
0.2708289693719 0.256493304935854 0.200716090944926 0.104140848928251
0.129602682055691 0.41570660436549 0.156555439900055 0.135753234047818
-0.122138184461615 0.428225772004809 0.0734771657565858 0.1860126119467
-0.356907203098607 0.30375635749962 -0.0722869882453878 0.174325063048827
-0.463073647481779 -0.117683507914905 -0.193930872743631 0.0820035900700538
-0.226105168779461 -0.507997439733125 -0.0891368994081231 0.0140188948036228
0.0110775186962875 -0.577139329259388 0.0682638491076296 0.129882411627482
-0.0617708795840126 -0.454109354075412 -0.210418964976114 0.406842053902977
-0.337975816179327 -0.351859566519547 0.168056927870479 0.346646056172481
-0.417713565225162 0.0148536552434913 0.142883071885243 -0.0406229107314308
-0.223376212068026 0.303271778585602 -0.0567674994741973 -0.0629075832160165
-0.0252867074027233 0.332201827237559 -0.109243983211884 0.13865697525335
0.123755046039242 0.282555331325716 0.0849096188208988 0.263436022773785
0.222667071358895 0.20030069315725 0.25880109582975 0.204830915706105
0.203150209998178 0.168764435434801 0.295120431891798 0.147637092481506
0.167929408410866 0.198002499119689 0.28069335052955 0.181307622440759
0.061396334893161 0.28822326955941 0.199300093680266 0.221914811161603
-0.0988414027359252 0.260937098182085 0.0710831886530821 0.245953788112659
-0.211186270988791 0.161503788885562 -0.0616231502290876 0.183835142193616
-0.263273472331504 -0.0625120996501947 -0.150173224618504 0.112951385728832
-0.150287984944997 -0.317201317679998 -0.0460886552738923 0.102958552307133
-0.0302993722263306 -0.415550750405163 0.0529431358486461 0.293428493960059
-0.0818390212266432 -0.273257071370455 -0.209427100615588 0.581556206293148
-0.22784058084724 -0.174170550898866 0.222280275720003 0.463056983814095
-0.223581520130921 0.0482327398973039 0.185095139322246 0.0287796670244453
-0.0804479486351047 0.148649596519825 -0.0269462003678119 -0.039513498175149
-0.0103067611781035 0.147750111504689 -0.100045735912474 0.177939922420396
0.052037413704602 0.136027271757603 0.111839603071371 0.322732840495989
0.096018117912592 0.112425944626303 0.306647874313986 0.26503449998842
0.0755612047468067 0.099502987682175 0.348534998785418 0.197686249543345
0.0465403794520462 0.113684648560623 0.316752599004887 0.230329997727387
-0.00737037985941449 0.130469853544957 0.209572931876346 0.269257331933281
-0.0606939838287077 0.0820223162033905 0.057048988846627 0.263283657463466
-0.0572019604606045 0.0242216563215532 -0.0463200840641121 0.166914387255597
-0.0664586926907997 0.0020394009549518 -0.102344344422998 0.11843734940031
-0.0782401766952573 -0.106589767696133 -0.0117825066616655 0.144623073931478
-0.0709865855663705 -0.209997619920729 0.0496063384819577 0.389026663373568
0.0766600605068877 0.00897430662100254 0.0328766987900221 -0.439541735015463
0.0425200688213999 -0.0954600557041425 -0.0604236752036985 -0.19692456634512
-0.07892284837196 -0.0675784498087196 0.0493384854186742 -0.0980649717561856
-0.0942990572437191 0.0670249064749162 0.0436798989553212 -0.110776334244273
-0.00115953764681424 0.0835034531119177 0.0272695030229681 -0.21975723717933
0.0465974852231504 0.0481794921801529 -0.115158191392425 -0.308526849888429
0.0630258476018312 0.00236151529850762 -0.245259952392012 -0.302225537119926
0.0697750314717827 -0.00550221072157455 -0.287612055511743 -0.274044440097421
0.0597265228292962 0.00213093657155259 -0.238086033680878 -0.308190162764055
0.025651915674298 0.032105253612241 -0.0808837022508879 -0.321655143632329
-0.017078665208276 0.0487669823337351 0.083975537921261 -0.197388408930377
-0.0674684010090825 0.00717996399033035 0.0056925826102628 -0.00967534240227619
-0.00927603456454165 -0.0901940644920012 -0.130247423040264 -0.131795397006529
0.114441497105511 -0.0355644283185272 -0.105489372210123 -0.468064056341498
0.0927803800461013 0.0691163080829742 0.33543274116302 -0.612137456137669
0.125833253194854 -0.158331304549635 0.0104162543849481 -0.438789406079553
0.0058186135684046 -0.239653458912212 -0.0663362129086809 -0.197622632262952
-0.176283073718076 -0.122823193845929 0.0237646422827959 -0.123438578303441
-0.198678297218581 0.124611008359844 0.00884014170432763 -0.0990489220654256
-0.0581103046842494 0.202571955992899 0.0150764628842695 -0.185196849758883
0.0635041528682798 0.184588882038486 -0.0937682402015628 -0.265365674567913
0.151617627829056 0.119260535789082 -0.198099189246655 -0.269287209880673
0.176903789802384 0.105989700981405 -0.23857621042641 -0.253104403971437
0.164562798653167 0.131109436760285 -0.19733436080359 -0.277330685310023
0.0647840066592569 0.223296375523776 -0.0644037523178891 -0.291775789969401
-0.0987813814284908 0.230472777345876 0.0723500800425393 -0.168324718957326
-0.256606541998112 0.119884934594744 -0.0328843069102647 -0.00490985198389965
-0.225546656134973 -0.1884684983557 -0.174564023932207 -0.153939773040932
0.0383566139203181 -0.294990361941098 -0.106471506668206 -0.47275043819314
0.154654284572655 -0.194858504582747 0.313909287772418 -0.582245134434449
0.154735143045523 -0.313083326900862 -0.0384037920596779 -0.380922625870075
-0.0504092413271582 -0.367763476585287 -0.061604973692577 -0.163215310394018
-0.275844092543063 -0.161557093445737 0.0185205920292026 -0.145526226830725
-0.289441460449452 0.183090481798722 -0.0186711111130734 -0.106445068185851
-0.105728065385644 0.309128288376155 -0.0137357797287392 -0.15142966799726
0.0759742809869728 0.302447101817053 -0.0775197087826303 -0.193012643866073
0.221263118645219 0.220505026701451 -0.128449206512734 -0.197912269302502
0.25713948405365 0.201741841771554 -0.153289571970319 -0.193282465922471
0.241645992088573 0.24131207033676 -0.120553641493468 -0.201598110683448
0.0903867041447404 0.382382646515991 -0.0279706698711863 -0.210767659867156
-0.16897674679426 0.382557405137439 0.0608345827890169 -0.100118171999239
-0.416019558956013 0.215686318671782 -0.0700608941066289 0.0253064733470825
-0.413268456751227 -0.264886546933521 -0.217546109511644 -0.138673345812145
-0.0383800436285509 -0.5166630172867 -0.11404905601829 -0.416704179457453
0.196374915431675 -0.425396441871424 0.261741452110605 -0.466478065360838
0.15724697735965 -0.442489790473766 -0.102985462317641 -0.260884836580173
-0.134247366993152 -0.472129939895832 -0.0387228598729684 -0.0829292250311718
-0.386935614968217 -0.174551179714117 0.0364699455779881 -0.155146995446908
-0.364078645334652 0.252770806708054 -0.0383521484464469 -0.122505038212659
-0.134685907679416 0.398751136663136 -0.0540934602154534 -0.108557338782445
0.0874084467966552 0.389598705636255 -0.0611761383973214 -0.0915907286091213
0.26507213513612 0.29242114581875 -0.0418461658889437 -0.0967908157918051
0.298338602838097 0.265863891817987 -0.0446342454227537 -0.104548980553093
0.276472798686018 0.312865513410424 -0.0207518740042981 -0.0953595782306085
0.0945954845788549 0.480157877586738 0.0226325786500712 -0.0921733548664366
-0.217544551201384 0.473498301461497 0.0508218771099251 0.000335274725903543
-0.511607264491509 0.277585936886163 -0.0978942688308676 0.0747014108872677
-0.531886633909114 -0.301414521623792 -0.243063897804849 -0.087807549026362
-0.0988374163791113 -0.648957274423346 -0.116607649919618 -0.298730753917227
0.211680977209257 -0.573503735769962 0.189540060148302 -0.284523317205691
0.132581629849321 -0.522970940101946 -0.173378992149895 -0.0827742715507081
-0.221350069736874 -0.529843268140976 0.0065222421641075 0.0453208327577637
-0.477364277205665 -0.158031177232501 0.0702953509875237 -0.141924922929156
-0.398795568475042 0.307327561037164 -0.05461535183911 -0.128228235553413
-0.139701863040071 0.448691938923109 -0.0951288537197457 -0.0439468817564865
0.0948343717494767 0.427136565247859 -0.0386344748821967 0.0325061060883891
0.277308813453595 0.320828095901807 0.0520710091316864 0.0245625590084954
0.294998394045824 0.287559045276823 0.0698697833942715 0.000727197585310344
0.262338758233491 0.331935607809656 0.0835536799414298 0.0255329939292994
0.0785761476060987 0.495504760666525 0.0775005768442163 0.0433687414629335
-0.229747903144538 0.477451691836577 0.0426002633194769 0.112300705314701
-0.503897128053784 0.277215657023511 -0.113406719020835 0.129747131105353
-0.534080963742098 -0.280996989093136 -0.242966740558272 -0.0171674702421212
-0.124179037128062 -0.653649696337665 -0.107026578679918 -0.149147474743211
0.190050426051049 -0.615704246324816 0.109482524429751 -0.0676122809305129
0.0866749560905841 -0.52918544453015 -0.236070738652351 0.133726606262586
-0.274154893687362 -0.506516183397849 0.0647680513209383 0.202511577493607
-0.489629079822814 -0.117918860126033 0.110501722485395 -0.0992174470011915
-0.366084385935556 0.30908568323792 -0.0617435056780535 -0.112576362865452
-0.122097731042916 0.419960230129352 -0.124468885045914 0.0360731687300067
0.0889559149587818 0.39466597799701 -0.00764477467321223 0.16377802106695
0.246324830320849 0.300273686182463 0.141529705425154 0.147925211196676
0.249585555597454 0.265771087452829 0.174180006080774 0.107005634909246
0.206077112457912 0.299964270719851 0.174174169362542 0.13940731308548
0.0442815875318467 0.422760163998354 0.122788001221962 0.167462565295404
-0.202931525349958 0.384982829330402 0.0326304170190563 0.206305108194166
-0.397178441334697 0.210602392944867 -0.113314608139325 0.166767875074688
-0.417891104354778 -0.21460878440259 -0.218659177795025 0.0478903083463083
-0.108385594018323 -0.535702181981428 -0.0892897699498576 -0.00840860481592972
0.13657822622567 -0.548807135102861 0.0373777641950717 0.136346122640531
0.0312592792210346 -0.444123733675748 -0.285547428570205 0.346955049572027
-0.261065586665049 -0.39161787936154 0.112489867686325 0.356841451706877
-0.395332252211788 -0.0621767832542706 0.144210662413317 -0.0291099641653147
-0.259543016737345 0.239723432384641 -0.053538565775604 -0.0804701627907436
-0.0849334403336753 0.307086171567924 -0.137367230221863 0.11005281163381
0.0635838586288024 0.29134746134516 0.0234032201488486 0.272306425419193
0.176116553686743 0.230096358690619 0.209739690139336 0.252438595785905
0.163481684635324 0.202925757076492 0.254053916284837 0.19687301465952
0.1196119214378 0.223839902069938 0.235934034554533 0.228999522619759
0.0026657612410671 0.286945304921583 0.146255974533759 0.255697881118425
-0.147826078780227 0.228710445489308 0.0210509963778708 0.257430606225898
-0.228118839207869 0.105664093126631 -0.0994515497646825 0.172522863503077
-0.234684715607937 -0.116569615393526 -0.17440822615914 0.0876323464172944
-0.0755913232626161 -0.334288209359573 -0.0649408548627733 0.0900099339576421
0.0601066932126728 -0.402544757610725 -0.0131489276287114 0.295083501048781
-0.027541677084246 -0.27832287458363 -0.317560119562217 0.520380295327962
-0.190694703174295 -0.205305583173465 0.139588430482141 0.480364693255005
-0.218737454936654 0.00768148780008453 0.172472148233932 0.0512770538468044
-0.0998273504002058 0.121253574743242 -0.0250613562713794 -0.0500266268230181
-0.0371000952665917 0.134215005787673 -0.134640910524537 0.150649063486833
0.0214704996439885 0.137078551935131 0.0415954330054694 0.335640887361455
0.0718629962251175 0.122953864321734 0.243433185413667 0.320654963726574
0.0525507693775075 0.11086558525525 0.295434343195081 0.257090574694137
0.0198775637786445 0.118636944468409 0.261003096911058 0.282123544726124
-0.0331210516620076 0.122024539409568 0.148103447341432 0.299163918640502
-0.0747697976575597 0.0625676318522564 0.00639550701126123 0.26454508489478
-0.0546564342404697 0.00702414313889295 -0.0761185634047243 0.153113251168856
-0.0591429662652027 -0.0105054410059356 -0.122917415228214 0.102674503164696
-0.0508832979805042 -0.115304919224158 -0.0405153688605897 0.140439705815613
-0.0246458697900418 -0.214851589467369 -0.0361689852818871 0.391233892206091
0.0764773207563879 0.00521630480971973 0.0293837654199281 -0.426587656572145
0.0373737726907988 -0.0970470485479295 -0.0592288885494922 -0.192517490919849
-0.0813624587386735 -0.0641176407550052 0.0430131728905278 -0.101544993618913
-0.0914139975344023 0.0716549551226853 0.0351999085483419 -0.106993697746419
0.00151181730397518 0.0841000543627432 0.0197970394040466 -0.21161456645024
0.0489061138307592 0.0469865214910717 -0.117975689009451 -0.295816063772143
0.0638274027164766 0.00122715058730965 -0.242721378496804 -0.28734857526607
0.0696093058437809 -0.00860907596261488 -0.284311562121932 -0.263939451238997
0.0595741327170022 0.000362101745805485 -0.236241902436796 -0.297860736919182
0.0269087175949086 0.0324433840567987 -0.0834648991898754 -0.31415825563977
-0.0152038023182584 0.0508965599515796 0.0817208093492852 -0.19557354660367
-0.0675765004356734 0.0109226406473758 0.0088605669367043 -0.007247591876262
-0.0137231077313139 -0.0886784022108783 -0.131007712159424 -0.124350660330387
0.112045584161578 -0.0401932237342941 -0.114338578902336 -0.450269947375076
0.0925840067931979 0.0657622075020439 0.320648957005468 -0.598483438996503
0.124656959551599 -0.156757433443357 0.00549183034604747 -0.424004938043979
0.00106799111958192 -0.237240013515873 -0.0656386374274144 -0.192135645440653
-0.174824684214804 -0.118163011816213 0.0166872147737859 -0.126013328934298
-0.190938557555152 0.127422129090341 0.000872736529089905 -0.0943827358145885
-0.0507092317321341 0.201627735347951 0.00837288676710902 -0.177315590596985
0.0678171058996764 0.17999230521452 -0.0958557118858639 -0.253166265743128
0.152592755319716 0.112948806047063 -0.196873176788326 -0.256472472009347
0.176236292591865 0.0985631938128766 -0.235936468019288 -0.242377459497199
0.164071895410542 0.124043546746273 -0.194844288113082 -0.269043719126421
0.0697938633512808 0.21737818220674 -0.0675274998366808 -0.284076589031284
-0.0910554835487459 0.23012560975419 0.0708606786070794 -0.167107740841874
-0.248667560963225 0.123743109233889 -0.0302679884615749 -0.00022178284559522
-0.224662484685237 -0.18190576905744 -0.174801526792828 -0.144974026870082
0.0341120403810772 -0.291651988133628 -0.116766197700008 -0.456448431479949
0.151692697302622 -0.190812100665314 0.30117699908648 -0.570723452064674
0.151791727604514 -0.30708825801317 -0.043109397506396 -0.367140476169702
-0.05386509984148 -0.359615530635304 -0.061707133120938 -0.158537726185822
-0.270337383792196 -0.155526207874612 0.00923638044661937 -0.147569133471431
-0.27723563327045 0.184212286375707 -0.0265300082148776 -0.101497725724818
-0.094907336949861 0.305309494800144 -0.02118294944218 -0.143309313997454
0.0818315817465485 0.294657386111535 -0.0790803451867227 -0.182922026519394
0.22209401236978 0.210793439442084 -0.127785815758474 -0.190258499728537
0.255010595639643 0.191185595716146 -0.15145766455198 -0.186409077653758
0.241809576504065 0.229894585650894 -0.117740972637782 -0.197295882690023
0.0970052575908957 0.37241869752797 -0.0311654195585532 -0.205558547737273
-0.15753510992643 0.380196976125675 0.0603737168942648 -0.0998576167896285
-0.400735868545123 0.21964011733199 -0.0658995379351057 0.0303333318831006
-0.407611976426186 -0.252294075418991 -0.214946831317536 -0.127093685103026
-0.044240607478809 -0.505504071259992 -0.121594365728995 -0.400977849299905
0.19169652366939 -0.412882108069164 0.249277202518383 -0.460143948473236
0.155108941244131 -0.431181219201815 -0.107537011592254 -0.249693674742595
-0.135203524650865 -0.460648682822185 -0.0395116280687333 -0.080328790944874
-0.377773176526866 -0.166490610513131 0.0258827975390118 -0.157769016252383
-0.34885780397028 0.250280066527307 -0.0466975386510753 -0.117406306408261
-0.12328242960271 0.392807400323642 -0.0610792530077309 -0.0995620266539128
0.0949022226413787 0.378836417362821 -0.0612808195992751 -0.0846845009960666
0.264871320256602 0.2800127655296 -0.041187615776602 -0.0941214079559991
0.296718884978693 0.253003282336516 -0.0443771400070787 -0.101648756083497
0.275893058473453 0.298793547905094 -0.0190513893042013 -0.0945487523200018
0.104260436369016 0.467773859721773 0.0203045370418262 -0.0903975298269696
-0.203123563377903 0.470184007157309 0.052562907511913 -0.00180026585444919
-0.490569127568758 0.279713955103496 -0.0933200616893145 0.0783135284538727
-0.522253189077344 -0.287157117188132 -0.238388363608591 -0.075422482742502
-0.103575807004837 -0.632811645205029 -0.121887838428363 -0.286657741537765
0.20328506944562 -0.556990820792705 0.181379174349998 -0.282443079619562
0.130298321657249 -0.509594078286481 -0.17558266820406 -0.0760210026352191
-0.221014700008351 -0.513857396763554 0.00647551152922817 0.0447477377939011
-0.462392294771306 -0.150378607370674 0.0605618496511901 -0.14544772941561
-0.381495626174813 0.30408293693246 -0.0617426858925651 -0.124516767245052
-0.126731433943704 0.440432432870929 -0.101154461698044 -0.0364553763653254
0.101386593930303 0.415092287468985 -0.0372190167119745 0.0372793939530674
0.275952480885154 0.306829250513431 0.0523786916698299 0.0215055684867087
0.293851116577367 0.275058971620272 0.0687392252373611 -0.000760572293502009
0.262996711150821 0.318545639337644 0.0849514102812233 0.0209017307347589
0.0884204141454383 0.482955773646908 0.0768904382664623 0.0405224833581802
-0.21366151166796 0.472457975606993 0.0469674782849127 0.107812091982236
-0.48480326747806 0.278536538798786 -0.106502058151393 0.131342271891674
-0.523118271666164 -0.267945211044133 -0.236340821618485 -0.00463264720019403
-0.129421326499524 -0.638092079385296 -0.111333912942108 -0.140526648069963
0.182151344429854 -0.597793287333545 0.104540734131259 -0.0724767967647945
0.0823604358631513 -0.514680240382454 -0.23550619085191 0.134180110206834
-0.27148106022477 -0.489875940990354 0.065092801423993 0.197321880771842
-0.474846175592545 -0.109188368367644 0.101665901754183 -0.104026293377201
-0.349442338084904 0.304277352110562 -0.0683634123717835 -0.110785248712892
-0.109201785809441 0.410760483830654 -0.129425188215431 0.0414590893994562
0.0943801703392453 0.383566282922577 -0.00542614176395544 0.163135577771143
0.245208509083063 0.287802391683448 0.141665459961158 0.139502325691699
0.247608392017257 0.254687268150507 0.172244546232272 0.100904316468004
0.207348674637766 0.289152696860093 0.174936485545731 0.130789772231037
0.0520127700851452 0.414203646688135 0.124216949528768 0.16024346898524
-0.190567359596249 0.379028913504509 0.0396173747191738 0.198243165575109
-0.380181030548685 0.209709031816257 -0.104918689832198 0.16721503721934
-0.406067554128709 -0.204549537837155 -0.21026618910465 0.058304183132283
-0.11255826585957 -0.521038947562138 -0.0900921455250398 -0.00302782651588477
0.130866798582095 -0.531310820478793 0.0360869694730537 0.126318244927071
0.0273535849082073 -0.42904595468778 -0.28150216122332 0.342857559404756
-0.258614691907611 -0.378973722345809 0.115045059415281 0.347299720056933
-0.382368090632939 -0.0547085634744547 0.137845510751601 -0.0362390027714881
-0.246880967426319 0.234396570064896 -0.0587343218096911 -0.0806261119979776
-0.0765937996880599 0.299388088973893 -0.140525727550285 0.112345549822877
0.0667393393611143 0.283280717049054 0.0261955829237596 0.268892281948651
0.174647907185606 0.220713201083922 0.209718795995805 0.240332981364277
0.162641189526094 0.195080375689824 0.250820219859106 0.187618335218695
0.119579908998358 0.216789385876183 0.236637048792238 0.21711435342956
0.00825613410968548 0.280508713024493 0.149656966768193 0.245006402073383
-0.139045240300867 0.223911916060477 0.0291843148580402 0.248534228202373
-0.21684114460474 0.102711247291083 -0.0906506010293463 0.170973818579114
-0.224700236404578 -0.109879824081791 -0.166506712213298 0.0958005580350265
-0.0773582474820336 -0.323811779981301 -0.0638730802697506 0.0919792089635137
0.0560801768119316 -0.387578871463752 -0.00966367412560784 0.28084130171079
-0.0294594376109996 -0.267456644592576 -0.310436180520129 0.510507050277161
-0.188378229492654 -0.19581504310013 0.142981918291314 0.467084990655934
-0.210170036819499 0.0120044025804692 0.168739740884986 0.04281933828561
-0.0940553833342597 0.116825816043999 -0.0296817600795332 -0.0528246717925837
-0.0337450062400822 0.129758901901959 -0.136355104620638 0.150724376183806
0.0223217190294039 0.132842442097732 0.0448305862219434 0.328870038805328
0.0703131337377247 0.118306605019575 0.243265509168491 0.306661004299546
0.0519482728667392 0.10758122177181 0.292057857972965 0.244474942224946
0.0204071174270768 0.116544198277667 0.260869878834278 0.268208454901015
-0.0312740385519248 0.120497128624452 0.152541388096171 0.287016871015506
-0.0721795540314732 0.0596126631896345 0.0146822282780369 0.256197047681477
-0.0504932345209376 0.00305600378671853 -0.0674879204974759 0.150961751320139
-0.050930882268646 -0.00842184443859564 -0.115336977233839 0.109145926891208
-0.0506279324003108 -0.109189226298694 -0.0384066630965448 0.139442105766385
-0.0271547239193667 -0.205932803580841 -0.0294213622269316 0.37401723486458
0.0760931833121938 0.00321951176306651 0.031172696800072 -0.411996744822994
0.0338106236633377 -0.0981620709698287 -0.0553864865436555 -0.189799380143276
-0.0828867077563728 -0.0616402852682848 0.0379101384550585 -0.104995901177409
-0.0877515798312724 0.0741813514927707 0.0286460119822251 -0.103397842565135
0.0033186017582408 0.084621491648624 0.0150000594988762 -0.203764778665491
0.050535364251694 0.0458812502815414 -0.116905923477872 -0.284132266900916
0.0645508968490613 0.000381957385273385 -0.237866264116635 -0.27606224349339
0.0692831294573344 -0.0106257558105703 -0.27734066117034 -0.253883194001687
0.0599577541413388 -0.000604448393059699 -0.230229976831735 -0.291519054530892
0.0280101670857343 0.0324322231761053 -0.0824584582089535 -0.307749585452023
-0.013621034156256 0.0524506952204494 0.0823524541394238 -0.192799384213013
-0.0672108810927027 0.0133268422346913 0.0118015215041119 -0.00485199177466843
-0.0165207451352666 -0.0869132843611855 -0.129521427390544 -0.119409208068074
0.109394487859609 -0.0422491392093891 -0.113956143233386 -0.43491147794622
0.09164641759028 0.064410476621135 0.31671217994454 -0.580695493823336
0.12542940598339 -0.154111896279851 0.00595667846204463 -0.409275973194657
-0.0005422358569074 -0.234167361094241 -0.062631155948457 -0.187969663939343
-0.172296601504436 -0.115146465516371 0.0106347510309969 -0.128348874284731
-0.184245562689213 0.128000955744771 -0.00513579908036406 -0.0896249918798133
-0.0464292281791033 0.198073861158809 0.00307875235018261 -0.168695429568986
0.0699804860004403 0.17573137319186 -0.0952922626597603 -0.243796366681812
0.151876712573975 0.109340012510708 -0.191978168639826 -0.247431242835568
0.173546386030607 0.0939030469446195 -0.230521833638272 -0.235380721928281
0.162840353741822 0.119239194395798 -0.188747057970159 -0.263684082110203
0.0709090061882637 0.212547711818318 -0.0672911964412334 -0.277528742209874
-0.0857823071963946 0.228611425176716 0.0709530345065582 -0.164167560676634
-0.241981247832722 0.123773810195896 -0.0275399387769449 0.00339138031899915
-0.221605292360521 -0.177153826551834 -0.172709121856068 -0.137307905269402
0.0333444869638195 -0.28676037516588 -0.117752619912171 -0.440084878696719
0.151072381342531 -0.184299077274299 0.293328855421675 -0.555401382953295
0.154836874481931 -0.299136988619936 -0.0431648793311406 -0.35331269513285
-0.0528278784674146 -0.353910369450887 -0.0599039508370775 -0.154501963930975
-0.262681430444347 -0.152344830766575 0.00187098466924417 -0.148579259215666
-0.268419307612712 0.180429343882587 -0.0324599848967191 -0.0960534255278715
-0.0893437925096319 0.299459414542113 -0.0259041424538158 -0.134624144087665
0.0843290881743537 0.287938075500004 -0.0773182978523068 -0.174321631094045
0.219588008651005 0.203834447118998 -0.123758015060002 -0.184181089032135
0.251490674334578 0.183640919586997 -0.147649680901029 -0.180658436584532
0.238104305341933 0.222263466972565 -0.114230575928855 -0.194190419305205
0.099428303146068 0.363819964673914 -0.031551967934306 -0.201425614460377
-0.150372676153426 0.375010690598733 0.0616251174527461 -0.0989032410575505
-0.38850114784521 0.217482800823166 -0.0627548402934457 0.0331682083567728
-0.399374517857616 -0.246986416075909 -0.211257131834105 -0.118267088143675
-0.042233522798448 -0.495470748730353 -0.125321860964674 -0.387378346311506
0.19198271274981 -0.399679558822518 0.243602216159873 -0.447537047009691
0.159224166116082 -0.418884396305817 -0.107275754341415 -0.239365844794919
-0.130923257002566 -0.451419143722584 -0.038628546824899 -0.0783262868441671
-0.364918642860239 -0.164402668277273 0.017436004484364 -0.159121597671586
-0.33701505684799 0.243559366936832 -0.0529292514787826 -0.113027457230399
-0.115971897014344 0.383825608159894 -0.0654693649475515 -0.0918996026719855
0.0961805046702883 0.371263153813699 -0.0595710039205319 -0.0782134433060575
0.261589013164261 0.271090695498573 -0.0396120179119799 -0.0924733627578647
0.292512693262343 0.244086115459505 -0.0429610114364735 -0.0990539995268698
0.270737318915368 0.289411022348977 -0.0166239405330783 -0.0947703917778581
0.106909194336603 0.456308495855723 0.0192490768472366 -0.0891552683236822
-0.193794470754312 0.461642798311504 0.0539350207854175 -0.00377457705059273
-0.475930314610785 0.275035399659996 -0.088847393662055 0.0809014165578981
-0.508937934708074 -0.280189270450313 -0.23266277036825 -0.0661236271105039
-0.101352195304653 -0.620180471245539 -0.125459412693165 -0.274349504838868
0.205512834696038 -0.540199201835449 0.175409762948431 -0.277592557052361
0.134737770352308 -0.494273663732711 -0.175615923975164 -0.0707924132109415
-0.215476041664946 -0.503743737022617 0.00563829390163509 0.0443443428239831
-0.448062113682974 -0.148765179103902 0.0514319247174239 -0.147726530022706
-0.368239586061065 0.295839177569154 -0.0677822154944939 -0.120962869701243
-0.120636594031055 0.429777997881106 -0.106003114516042 -0.0300663843967605
0.102952779336112 0.405823767647968 -0.0362336439334265 0.0404535566342775
0.270414706677731 0.29786203456517 0.0525571562003987 0.0188426243368207
0.287956485695909 0.267661196620031 0.0683461164854373 -0.00128108449889088
0.258584269435461 0.309325664940037 0.0854443093630019 0.0172007459401152
0.0923584121729148 0.471025169486392 0.0757264339471633 0.0388839289336932
-0.204902204039448 0.463573549291862 0.0494583147163009 0.102677743173452
-0.469254488141782 0.271755893338345 -0.100577894127558 0.132141045279222
-0.509071316194014 -0.261377297787441 -0.229011225192494 0.00393170582627757
-0.126225543525343 -0.624418855078075 -0.113459542422491 -0.13161913552112
0.183368663332434 -0.577114060836216 0.0994605198365192 -0.0749821259148619
0.0870849524907838 -0.49754682823799 -0.23634985155867 0.133380246823271
-0.264591108450175 -0.477682959988459 0.063951152439057 0.193685328344908
-0.45832964683338 -0.108225614702322 0.0925892020219413 -0.10707801773893
-0.337480687868843 0.295431521830222 -0.0740839844380471 -0.108547061201505
-0.104309257407626 0.401359617339558 -0.133435713707659 0.0462854140186522
0.0945001539428504 0.375720830558931 -0.0052128961617789 0.163697022945284
0.240580684180174 0.278990509899919 0.139322671843366 0.133710696858101
0.242053562725054 0.246949404593192 0.16933456023162 0.0980782320105252
0.203173912303217 0.280341684556678 0.173905209252061 0.124188840827702
0.0552493100398169 0.403923093254425 0.12285684125721 0.154857342841551
-0.182634917437356 0.371872740751996 0.0427703054418823 0.191050703049153
-0.366747187392892 0.203303976836211 -0.0987452421173378 0.165523433836917
-0.391120047090831 -0.199319270795216 -0.202132251821771 0.0657455495098794
-0.108931987439373 -0.509604439923913 -0.0912094684109054 0.00128554343320575
0.131854333045351 -0.512147984450029 0.0331995205734215 0.117794962638835
0.0318122608887893 -0.415054590924152 -0.281771919131901 0.336607750312859
-0.253155199455229 -0.367634405619041 0.113599703815868 0.338401532120406
-0.36866215409123 -0.0523528630983146 0.131094208516039 -0.0405610969070635
-0.238296068129374 0.226986682568448 -0.0637943583620301 -0.0815480131853834
-0.0733733225473547 0.291274182507963 -0.144018039818602 0.113652221219042
0.0655382285552209 0.276663782973968 0.0255062328826857 0.265545809128737
0.170964095743876 0.213783750528976 0.205864796816872 0.230708969830681
0.158542795617612 0.189809351206854 0.246340757965055 0.182123757552104
0.117577345717281 0.211177675591906 0.234007566673826 0.207563288951905
0.00915110308182645 0.273396457341456 0.149257792962351 0.236531220853444
-0.134326779030131 0.217935455945987 0.0336355443208707 0.239875839246373
-0.208163842027429 0.0969515324387029 -0.083400127575665 0.168433931992017
-0.213558106131158 -0.10714432145185 -0.158820023106979 0.101525186259536
-0.0744303852339576 -0.314370357639744 -0.0639111745142563 0.0925859970234721
0.0552196971393454 -0.372851733167324 -0.0109106277738621 0.26770664041461
-0.0282941498309497 -0.258006655866076 -0.310503468617628 0.496396977953159
-0.184343179732512 -0.188930561523514 0.142111945593425 0.453758978939569
-0.201204738790992 0.0127491345679123 0.164319256409375 0.0366592441986794
-0.0902024620460389 0.111011373894175 -0.0336108952216627 -0.0554997042414812
-0.0325482654586227 0.125886340482648 -0.138371500403626 0.149870916271453
0.0211931677639825 0.130229513844046 0.0434030236100987 0.32293596230713
0.0673216700436917 0.114933571258911 0.238046708066189 0.295572448434281
0.0498576981467971 0.105634182306869 0.285738367627659 0.237260483097585
0.0195302248595583 0.114780696277026 0.25761858662115 0.25859162354477
-0.0310312939565337 0.117487214922069 0.15272414052354 0.276243377782285
-0.0710568614370217 0.055510654663878 0.0197374703347814 0.246724606078159
-0.0467545227441509 -0.00137831099844403 -0.0599314314311934 0.146778749763297
-0.0440582258653561 -0.00759414643342209 -0.108828429049115 0.112962854572618
-0.0485641640596393 -0.104035371778752 -0.037574345875945 0.138437600442792
-0.0277296957735318 -0.197103050296335 -0.0287652291470015 0.357951904330311
0.075699004278909 0.00191272652977985 0.0388097475004804 -0.40189004710784
0.0315129098587426 -0.0995784131577412 -0.0500117790104661 -0.189446095117905
-0.084295975199017 -0.06072480915142 0.0343681461747183 -0.107827322414964
-0.0865490354381218 0.0764995029845319 0.0230601377702304 -0.0997324754310099
0.00436895122367284 0.0855398073364424 0.0131354198424013 -0.197819383030548
0.0522302845690676 0.0457941658978354 -0.113172189432171 -0.278301620554465
0.0661276260276078 -0.000129206599552361 -0.231613149164371 -0.270386995625142
0.0695981020629357 -0.0114539462157969 -0.2705508015287 -0.251655829466662
0.0608666977808717 -0.000906385743635767 -0.222780814673573 -0.291423436696585
0.0295857588642252 0.0330629567027911 -0.078085207346881 -0.305043681643254
-0.0126199762301573 0.0552278028613981 0.0851763662699548 -0.191239925687913
-0.0672066449713427 0.014922924829687 0.0151744506570744 -0.00213815157587504
-0.0177520920764096 -0.0857450609847821 -0.128395340464065 -0.116231464635951
0.108503397492321 -0.0434959797988426 -0.112107887477035 -0.425035239033368
0.0909554380575695 0.0638942419240392 0.319212575064832 -0.565296949834845
0.129194913745365 -0.15151112573481 0.0128150050062955 -0.398824361237282
0.000643408640405227 -0.234579967246244 -0.0579252596958414 -0.186690322640688
-0.169895559610941 -0.116539732646195 0.00546296532188185 -0.129918769694015
-0.181556568610134 0.126622772142741 -0.0101527157204381 -0.0854275938269849
-0.0450172813514347 0.19662523798474 0.000742810312541255 -0.161783677165851
0.0711376436467215 0.174001736993108 -0.0911673843179842 -0.237323192824671
0.151762227533539 0.108177795929567 -0.185299899114406 -0.243895795192649
0.17135571491821 0.0919755969701388 -0.223768701080136 -0.233935978229959
0.161391586182595 0.117589357826592 -0.1828221966578 -0.26400659584582
0.0712425852620565 0.211201579276497 -0.0631094011140929 -0.275241703219156
-0.0846299709802455 0.22802989171724 0.0739107236027355 -0.162475823661273
-0.238966011536373 0.121602090315429 -0.0251436440317901 0.00650111444773794
-0.218328146602813 -0.177359040431758 -0.170268319946815 -0.134106139878063
0.0368555087465481 -0.286073549673045 -0.117166463919969 -0.430717050807092
0.155623601896024 -0.177323915395808 0.297352700411095 -0.542015278623959
0.16224553890369 -0.29274420962072 -0.0378967967754449 -0.344054181413963
-0.0484063580248359 -0.352783754775159 -0.0563468724506227 -0.15264554501799
-0.256224076571726 -0.155294099694082 -0.00456335379979012 -0.151135059951535
-0.264379789643461 0.176311961331307 -0.0376557495147508 -0.0922396093205811
-0.0888278059601581 0.294876621378161 -0.028987309060432 -0.126991096925191
0.0837376893630575 0.28507636645177 -0.0744245620215244 -0.169482806400732
0.2179433711905 0.202071038324075 -0.118783795493617 -0.182936582069069
0.248306356068773 0.18177976892879 -0.142835540083434 -0.179245302909048
0.23441346301884 0.219618224015387 -0.108966780641542 -0.195463144002631
0.0989334072608981 0.360222807084916 -0.0291782563033966 -0.198809989043927
-0.150835691475009 0.371605417142906 0.064316202767599 -0.0985396894492581
-0.384153654249368 0.209398123093855 -0.0598823023336733 0.0369193959696254
-0.39073073225533 -0.248738388210086 -0.208259147405841 -0.113722076087253
-0.0349394678816127 -0.491155511563979 -0.124196316308762 -0.377382204276334
0.201096209274737 -0.387891751725882 0.244679001629777 -0.440017275840687
0.168543740156471 -0.410340064463242 -0.10559261408352 -0.232700422850666
-0.122422933653024 -0.447820742033141 -0.0365953111597795 -0.0764788905904183
-0.355337506161881 -0.168647581595874 0.0102951661765949 -0.161082996330509
-0.332497732757556 0.234695478939729 -0.0568859510155415 -0.108834964363957
-0.115808124796687 0.379714650070095 -0.0697408603697734 -0.0846669655988486
0.0937388423822706 0.367990160516641 -0.0574945996300802 -0.0735326391043419
0.257078633236971 0.26823016495008 -0.036885420167456 -0.0924110344420517
0.286953575201972 0.242628575447199 -0.0394934786968242 -0.0985562556398205
0.266287035840555 0.287607818524829 -0.0131038999079381 -0.0970287858296865
0.104599265905694 0.452597748513756 0.0206149930990145 -0.0872887968734914
-0.193815817545155 0.456554124337302 0.0559677116090537 -0.00502055681433525
-0.469664141245651 0.265300226982048 -0.0855803091005492 0.0827115444912391
-0.498346322122099 -0.282766060292284 -0.227753753661125 -0.0612815241681472
-0.0918535405462303 -0.614654644728119 -0.125544673145165 -0.267722227104066
0.216880483154062 -0.523464788717011 0.175768343593521 -0.274389555177276
0.145486349961035 -0.483582888967487 -0.177024006467498 -0.0677407337267697
-0.204686257450734 -0.49866747827336 0.00559689199549581 0.0442085738737944
-0.436077650728725 -0.154676452400122 0.0441867997944006 -0.149530667830867
-0.364755730381094 0.285106427745614 -0.0726212322328307 -0.118716974867674
-0.120976823134061 0.422069608284823 -0.110609449354303 -0.0237638881647918
0.0993974814018201 0.4024603503304 -0.035702942903179 0.0441533433064842
0.265533632798456 0.295140783671579 0.0518700853862264 0.0169043795555127
0.2827997462056 0.264456486616569 0.0683653441340697 -0.00113680215623836
0.254595598496465 0.3071051234941 0.0865401613103094 0.0146631322118332
0.0883803157539557 0.466067745098641 0.0752313196531609 0.0390539489026947
-0.204332876361146 0.456984708707425 0.0504326085553737 0.0994448161227156
-0.461924314779659 0.260995085897437 -0.0976733225815426 0.133252759514243
-0.494401655149712 -0.265634708800795 -0.22398246548057 0.00886577548728112
-0.114172745868448 -0.619022270520987 -0.114920020189523 -0.126942582059378
0.196168317354544 -0.56140065384238 0.0960908007280397 -0.076856122880294
0.0971187062214216 -0.486548493350414 -0.240785222585384 0.13214825474889
-0.254130300872344 -0.473878789209432 0.0611124836036898 0.191924805345345
-0.446792080333319 -0.112989156883117 0.0862747371416796 -0.109836081541229
-0.333210425723838 0.284299692253233 -0.0784906535976198 -0.108555716431796
-0.10510454806398 0.393914511479952 -0.139455157246344 0.0497976966976202
0.0903553977307297 0.371774254807833 -0.00626341187033214 0.166022908969876
0.235687558416694 0.277045511400741 0.136051651070323 0.130135952919264
0.237507354896434 0.246280541406691 0.167431679815841 0.097211429417631
0.197871624010688 0.27843282570856 0.17272423796567 0.120516382627273
0.0522058433328857 0.39927997576022 0.121597739650211 0.153403992947405
-0.182947203939073 0.365315067290942 0.0437058699162309 0.185868599663197
-0.35981544925507 0.192939432110858 -0.095725401747577 0.164243780440365
-0.379464628962086 -0.203117624481691 -0.196791614132655 0.0704920084179781
-0.100083849237446 -0.503547844853898 -0.0933255096674494 0.00427097710364611
0.140373642509634 -0.496827816567013 0.028720832407296 0.110870040804479
0.0390535189168035 -0.405696225606031 -0.288431087563623 0.329913987245415
-0.244676567877721 -0.363970399219477 0.109184828458765 0.33564749106643
-0.357978179092561 -0.056688594541213 0.12539198829161 -0.0436411931756782
-0.235483770832205 0.21807222100351 -0.0676547280868716 -0.0832182109137297
-0.07478326426964 0.285972054340317 -0.149557168213647 0.115219895351486
0.0625990645348147 0.274089795451823 0.0220328561739814 0.265762217642015
0.165161645020569 0.211907671400973 0.200591619031833 0.226857943334747
0.153661875915412 0.188604142913215 0.242316879202914 0.18064263606422
0.11427293444494 0.209779885789761 0.230588774804637 0.204203541099628
0.00722008337564777 0.270643569468683 0.147404950302687 0.232907839234381
-0.134137752246935 0.212233231501323 0.0351869039186007 0.233670823281645
-0.203419575492928 0.089232514357634 -0.0798118761227089 0.166126297511392
-0.203907691477833 -0.10863138948208 -0.153814112480422 0.105643207825198
-0.0683669571516546 -0.309098851313754 -0.0659779782662509 0.0939851742327965
0.0610771492872893 -0.36278778040077 -0.01658038866194 0.257690169842844
-0.023826751869567 -0.251235920096671 -0.316912455789803 0.48634357717497
-0.179336458629021 -0.186187755528786 0.137673587519139 0.448639880277819
-0.194187496530307 0.0108764286978939 0.160422464369226 0.0331771345277976
-0.0890061936368932 0.10621821419005 -0.0373130629636116 -0.0587165459629787
-0.0338823726448605 0.122558120126577 -0.14384228369866 0.148894994644984
0.0194325349216534 0.129163205016012 0.0383396931203314 0.322607616133663
0.0639285905509307 0.114113719575862 0.232310896770687 0.291258779548146
0.0468720785727562 0.105296124878054 0.280994562685282 0.235178510189314
0.0176572925691519 0.114502115833927 0.252640972058905 0.254296917300098
-0.0325331181155083 0.116373485875399 0.15066092441438 0.271015746397977
-0.0715628336923746 0.0511410741330706 0.0217547053504232 0.240436144131994
-0.0440372317310612 -0.00622082301142199 -0.0554875259659544 0.143145816269072
-0.0370414602214698 -0.0085321762068421 -0.104050151969671 0.115868120926952
-0.0461037724664528 -0.101237635222735 -0.0394536120516981 0.138454196715353
-0.0252922051862127 -0.190558398405142 -0.0336914470431719 0.345280387297015
0.0771175614662671 0.000861459175436218 0.0491838634262828 -0.400075268422815
0.0295907771660608 -0.103535727970957 -0.0448128427988687 -0.193577127369554
-0.0870061142501532 -0.0617559722088338 0.0309335791551001 -0.113116523170709
-0.0873761569672415 0.0797887551801361 0.018700207949905 -0.0975766923990335
0.0051709363070441 0.0879953502197491 0.0118622265898946 -0.194747788146172
0.0549788498666216 0.0465083703673895 -0.11180708940603 -0.278902647034064
0.0692156699869188 -0.000557694950363225 -0.228589637541192 -0.272672721127206
0.0713597938867135 -0.0129508399302304 -0.268585686253655 -0.2558988149792
0.0629029400468609 -0.00145252809229349 -0.220634149949418 -0.297989606701954
0.0313140506310818 0.0347438869460805 -0.074212011374312 -0.309467899513037
-0.012023048306578 0.0585128316872172 0.0914882821915351 -0.193310470121206
-0.0689718983576635 0.0177883831017092 0.0181835572955092 0.000966682079552946
-0.0192346001083889 -0.086839179472724 -0.128379942343895 -0.116026074198542
0.109936232200258 -0.0455620165177436 -0.111039168266871 -0.423133482490939
0.091928344417958 0.0651067019793519 0.33234136835031 -0.558437842054738
0.136266833748934 -0.151218150329106 0.0227984632768589 -0.396336449330356
0.00186285516641161 -0.238302347904117 -0.0532531910858633 -0.189840532022059
-0.170238781313121 -0.12048530950492 0.000677718450847273 -0.135144979413761
-0.182650685063197 0.127030400574808 -0.0152749815931801 -0.0827027027560517
-0.0457922923961621 0.198901227826267 -0.001958647410104 -0.157404641133141
0.0722066266609498 0.176669358215883 -0.0889564489692421 -0.236797297500282
0.154327011296827 0.109331485609653 -0.182573620974086 -0.246579748087396
0.172910211374977 0.0926041328255196 -0.22124604771863 -0.237987106229004
0.162550269488721 0.118901024588834 -0.179555817452893 -0.270424838436654
0.0716723811351655 0.213891276735229 -0.0597659350576635 -0.278314600097854
-0.0859373573763146 0.231927407918906 0.079525343017294 -0.164179685238847
-0.241094980117687 0.12121052492565 -0.0228860473300872 0.009930850213192
-0.218528699748893 -0.181933203893303 -0.170871360023077 -0.133087574899901
0.0420863201706616 -0.290154265694694 -0.114736406065611 -0.430129664368806
0.163833540112356 -0.17536849365346 0.30708950962403 -0.535626367381171
0.173778947361066 -0.2931215921432 -0.0320063036489024 -0.34133182362105
-0.0435459281391153 -0.357094407479302 -0.0525565109064059 -0.154889742920884
-0.254906748304972 -0.162577403698726 -0.00963045772330487 -0.155871363268218
-0.266421655392605 0.173824634350719 -0.0422045415931815 -0.0894242996765586
-0.0903116328299401 0.296758286242077 -0.0320936080427011 -0.122521712461249
0.0834201035180045 0.288717520236327 -0.0720795388069997 -0.167406417105051
0.219426774627151 0.204816092832263 -0.115940635294537 -0.185297814676397
0.249194972147559 0.183785345678571 -0.139823491580991 -0.182206297075065
0.235700142855316 0.2225833542511 -0.105153472354941 -0.201082082841593
0.0977341592879594 0.364574388114777 -0.0262887957310812 -0.200138978437377
-0.152548373076041 0.374767785088729 0.0682650447235499 -0.10022108747019
-0.387262817419209 0.207106990664105 -0.0586262457369651 0.0406765890560035
-0.391173885987647 -0.257613578116166 -0.208205927965155 -0.112358327145252
-0.0274722908583662 -0.498338057827964 -0.124380494207774 -0.375878463708033
0.214985122154078 -0.384655916514681 0.251546195424772 -0.437086883929556
0.183595339726669 -0.410364784854391 -0.10346429574686 -0.230229202359225
-0.115735881323166 -0.454638205400691 -0.0339763113175499 -0.0770346985357869
-0.352390416607903 -0.179284340887932 0.0042452258102358 -0.165714779997053
-0.335855634512965 0.230965196869053 -0.0628079154357987 -0.107739206399373
-0.118731519431233 0.379519503985435 -0.0747374380078138 -0.0797018321223505
0.0935446828016032 0.372273778203445 -0.0561720235453154 -0.0706466069992956
0.258265242020553 0.272611715715997 -0.0349979144010899 -0.0947785264110377
0.286873015462879 0.246406011208684 -0.0375846457890999 -0.0995455000364528
0.267215368950704 0.290579187014253 -0.0102524774587221 -0.101076534588065
0.1011836806492 0.457668256278089 0.0222990662633928 -0.0870421869516815
-0.198114866933469 0.459835795035788 0.058856645804001 -0.00722006734471997
-0.474568423264185 0.2606021924532 -0.0849724990874944 0.0863794903070426
-0.497054033924149 -0.293193684353151 -0.227413188170293 -0.058319802987291
-0.0817050593122124 -0.623106468769689 -0.126786544957618 -0.265076916164029
0.233795403345307 -0.520165815280786 0.177434667808762 -0.273657750402055
0.161993883214794 -0.482924874147603 -0.179632165317486 -0.0662680516736209
-0.196163299643435 -0.506740118749449 0.00675398000809387 0.0461327974774308
-0.432832835611478 -0.165418068518005 0.0387745712999121 -0.154250990239593
-0.369786954175256 0.27977632349341 -0.0778811319810388 -0.119042875253149
-0.124667026725871 0.424240567506396 -0.117220761623935 -0.0190840755806054
0.0973149903438734 0.408207195782048 -0.0356643484186461 0.04860237964381
0.264990611688703 0.298880694907503 0.052086466457542 0.015624810752411
0.281963871279313 0.26840445337118 0.0705544922766941 -0.00110421159974016
0.253195432446088 0.310457429554498 0.08894819386775 0.0123872888799881
0.0840319266105393 0.470824347974025 0.0765383611732725 0.0404511064626612
-0.209256835136321 0.459528596829959 0.0522690697361298 0.0977094562619855
-0.466326124098977 0.255630683391705 -0.0974358839940504 0.135853311127092
-0.492334861256446 -0.276635441871487 -0.223191567519735 0.012977885900982
-0.104738347010849 -0.625740032942855 -0.117810180884704 -0.12464327675998
0.213302099598653 -0.556798796637733 0.0941448875875779 -0.0794574286349875
0.113206857779018 -0.485824379321121 -0.248662470068042 0.132589004621191
-0.247365472757166 -0.481398049147747 0.0598823969354984 0.195474510016024
-0.443275288319804 -0.124425158730276 0.0815648569254284 -0.113724344681585
-0.339289281097637 0.279003480963706 -0.0835254406025625 -0.110499932633449
-0.110444606679692 0.395405194915379 -0.147669864322954 0.054908202628453
0.0883220381906104 0.376807323116371 -0.00859544851021476 0.171456635603691
0.232960263838969 0.280300390326532 0.135683562190759 0.129754684828152
0.235524583820347 0.249171788244694 0.168780122535427 0.0986030426314245
0.196255463966275 0.282971295058223 0.17478953526289 0.120668588299197
0.048511025001337 0.403396448788521 0.121908499445896 0.155402874438135
-0.186709329232497 0.3647928016127 0.0454777113393521 0.185102860155372
-0.362292596699041 0.186948076866776 -0.094685238312662 0.165824542730606
-0.374981785346285 -0.210990551010104 -0.195096808867428 0.0757067843596957
-0.0913544384693487 -0.506425150055488 -0.0967158781497515 0.00704686939427817
0.15576830934145 -0.493259774730845 0.0230708603259129 0.107108114770752
0.0499790615063911 -0.404882040322352 -0.301206946237932 0.329402497462566
-0.239770483895687 -0.368219208028112 0.106177180865171 0.339742053650269
-0.355287488541368 -0.0632048261584286 0.122112050671596 -0.047081723761555
-0.238392308629817 0.213065168036913 -0.0725263060765737 -0.0860036511964497
-0.078445530419849 0.285895113966139 -0.158629706561124 0.119948045527815
0.0604025873371866 0.278132349629098 0.0187741591795922 0.272297260129485
0.162462786981189 0.215347250132275 0.198318564333076 0.228631790076881
0.151304147814116 0.192461823845933 0.242637884444347 0.182897709217405
0.110682381513053 0.213448034035554 0.231553259606827 0.205395808411444
0.0040943492027746 0.273426991257492 0.148674227963188 0.234129813021245
-0.137197808051167 0.210405340813545 0.0354845534347553 0.231760527449537
-0.203846216346104 0.0830648890896373 -0.0783587087687659 0.166566815475008
-0.197746128877734 -0.113288587440811 -0.1519311293175 0.111701597737121
-0.0628277659532858 -0.310213504104409 -0.0693495129714178 0.0966260952569084
0.0713381019767342 -0.356100269648041 -0.0237226816085609 0.251744823465859
-0.0184639759759527 -0.250770060649114 -0.334296255792453 0.484880416020875
-0.177235662217844 -0.187751557374117 0.132687506327417 0.45299341307553
-0.191518260475129 0.00850741173192287 0.159144901250631 0.0309846164720343
-0.0914068321420693 0.102907812018185 -0.0420571200279307 -0.0628711151173082
-0.0361047030046876 0.122187925693216 -0.152718310624035 0.151570881141605
0.0171100646505191 0.130784429893233 0.0333781837504491 0.32821432699506
0.061449236914953 0.115806278275276 0.228531306023257 0.294804392565222
0.044148567380327 0.10742270759952 0.280187139499008 0.238851089339217
0.014538087673847 0.116750621493899 0.252891822102715 0.25598607526581
-0.0346719860828631 0.117411460630244 0.151066663645333 0.271414518461905
-0.0741181110054404 0.0478473978498946 0.022772965796238 0.238432068460803
-0.043465975834981 -0.0118408021316788 -0.052868474351878 0.141791101533067
-0.0311337140465243 -0.00961624343438378 -0.101949928556508 0.121348297363893
-0.0438912999668167 -0.099704200624813 -0.0425983707169298 0.141007357567843
-0.0232176605006527 -0.187322351955998 -0.0412968458218471 0.340321692966867
0.0636256485356314 -0.0471277935732033 -0.196611406192864 -0.36070123491205
-0.0403700276074726 -0.100947775666492 -0.156321114193049 -0.138245191823683
-0.109372539350789 0.00121603109322933 -0.053653321482211 -0.110688818035601
-0.022941056174352 0.115960917054986 -0.046093342133102 -0.0805597201791564
0.0576916543248016 0.0694549845381515 -0.107057955351109 -0.158426521013153
0.0733501866364001 0.00493106076648428 -0.258023453010526 -0.155259703399766
0.0567915055314588 -0.0423129610056681 -0.353420650170454 -0.0844793552452935
0.0492926032363441 -0.0563020544152511 -0.375037275677014 -0.0456918374160873
0.0493053027721712 -0.0428839028007582 -0.36621221137688 -0.109434759856549
0.047568136360561 0.0089378988401305 -0.251890568506153 -0.213416996378941
0.0294340123729964 0.0556674991260141 -0.0424230925401402 -0.217780973312795
-0.0462229112303564 0.0601787707475073 0.0208696069094901 -0.0111268468575325
-0.0767177799402911 -0.0603568619723535 -0.176649950350802 -0.0108316649238182
0.0564436982134394 -0.114043179557199 -0.355554172540826 -0.269438752368686
0.124723214646518 -0.0132401222922337 -0.0773649947489483 -0.673906081194705
0.030186610550021 -0.209824755650791 -0.227623168015003 -0.343805851801891
-0.138373897146602 -0.195545313107287 -0.164786958444493 -0.131666998957015
-0.212369627301693 -0.000996280866912722 -0.0963798676375728 -0.107437868216684
-0.0738720130007848 0.20678403888487 -0.064881552713048 -0.0421752906195636
0.0807401908125056 0.189009826158547 -0.0922473416555746 -0.117091691375661
0.165365244128057 0.100624232813338 -0.210258913670492 -0.132275780861484
0.191061911524427 -0.00501876491154832 -0.297668919463185 -0.092196141973837
0.197816176228363 -0.0316471427888992 -0.324902196852304 -0.0602329798395836
0.206348395361367 -0.00389044760825493 -0.316533254984252 -0.112407756048993
0.192669392138242 0.132112344457039 -0.220729275775031 -0.195230378766891
0.0752197698031399 0.246324165965577 -0.032251971055322 -0.18729640992546
-0.128230802805905 0.250971770099958 -0.00523083329851533 0.0219177523805358
-0.30879444912344 -0.0161752698939508 -0.217702464422543 0.00254915770022277
-0.155033321981056 -0.27771614864785 -0.358274303271373 -0.272447114928258
0.0355629593633045 -0.263479186841819 -0.0780580158245977 -0.631202356320698
-0.015560586282687 -0.350665252666227 -0.25006836125764 -0.265001204013894
-0.239697988500111 -0.267707824589096 -0.14715519480357 -0.105205654126929
-0.305848278924418 0.010347494285525 -0.121601223720796 -0.114351739482611
-0.116621993274793 0.291160607868999 -0.0917700973633815 -0.026344751131755
0.100835923720638 0.294327986752419 -0.0941478317475846 -0.0670694736423726
0.241652033082893 0.18533102899511 -0.152554792911989 -0.0831439175059205
0.300645054854566 0.0327881029920488 -0.204949745702739 -0.083591666169994
0.316855818637313 -0.00309378149195647 -0.225770006840895 -0.0649818248626223
0.331233216787132 0.0374859001801799 -0.214089817767874 -0.101090920692741
0.307593308394214 0.23974873833102 -0.145143353593885 -0.150910558847568
0.107084235306198 0.407975350490126 -0.000695514457883121 -0.128648328436613
-0.198751665580595 0.411608331095861 -0.0140687451307617 0.069017267538568
-0.504125687591687 0.0279272936593568 -0.231978695921287 0.0435796749692245
-0.343069393241499 -0.409580662102748 -0.325713041810107 -0.225980648718886
-0.0526600008850055 -0.472752150137848 -0.0565650916616118 -0.503480075728883
-0.0706163347644016 -0.453197756914754 -0.250723231342685 -0.13015675197682
-0.351365539794218 -0.305456786070988 -0.0898214795638021 -0.0530237536584623
-0.395665746241709 0.051296220200601 -0.119551370485802 -0.127665558768151
-0.142450769432762 0.375705497116628 -0.120140675493755 -0.0251984415905048
0.124773372451065 0.378939880068451 -0.102016623313671 -0.00444747767923931
0.298379557869003 0.248601038545537 -0.0782628478213504 -0.0112482874201439
0.371984269826714 0.0647016546269701 -0.0813628653241732 -0.0587902821279908
0.386670921034802 0.025380227943627 -0.091476560311938 -0.0606265153316173
0.400558477788798 0.0755016971542477 -0.0755167501630006 -0.0778415834743959
0.369718408930727 0.315354490899736 -0.0359096241246574 -0.0876685947827864
0.123520303355778 0.50876910233371 0.0500621712827459 -0.0472473602709811
-0.240728227002653 0.509290075252559 -0.00599339090103027 0.121720775781943
-0.615163004555116 0.0627824844213415 -0.210794248083117 0.099540719560319
-0.466917687813903 -0.477888321673877 -0.253676481703325 -0.134918093342552
-0.120609042154144 -0.598186939310096 -0.0133122937164433 -0.318074818479955
-0.128708066488116 -0.501522169410605 -0.220601831615049 0.0533255880025189
-0.444375814105392 -0.301823824438384 0.0135832541784884 0.0243350516575064
-0.452786587511806 0.10804485293567 -0.085280842548101 -0.135130702807864
-0.14356862469414 0.431937702973483 -0.139922086900894 -0.0233353197017877
0.144989140296088 0.418594675283355 -0.0999610514555866 0.0720128544263132
0.323780529667068 0.275360484109182 0.0115451963566829 0.0747267870935336
0.394096475191034 0.0831742710040837 0.059447440890772 -0.0213719770686674
0.396853925674213 0.046980018584429 0.0563508473884242 -0.0452956051158439
0.401990574649846 0.102337226629962 0.0757899117241166 -0.0462161091883495
0.365484021819041 0.338494095011134 0.0871163952334221 -0.0160014886037556
0.113434797514617 0.513554182058987 0.109111280722158 0.0411629022361252
-0.235469674623698 0.497992630557239 0.0134684904975918 0.168662215771971
-0.598772763355238 0.0749370112042154 -0.160141233014 0.154505677890924
-0.484871570949516 -0.464176535669647 -0.156861310493883 -0.0255360487232646
-0.161978681337027 -0.613028345760969 0.0416893652106658 -0.103179045081907
-0.171799838862665 -0.474285451212224 -0.158280351321846 0.261696599771686
-0.469514972116737 -0.250966679654362 0.146991353695993 0.116488570891775
-0.435513309210994 0.147849511123923 -0.0232522324412176 -0.126742033816142
-0.118584794279398 0.415134064935304 -0.13934868312977 -0.0156634320021217
0.140488839978642 0.384773669933632 -0.0814033871538032 0.149749045809489
0.29766507701317 0.254622353009683 0.107764904972334 0.15862307247065
0.356590397236206 0.087007463959225 0.197883065877207 0.0221897662822992
0.346525698229082 0.0612962287057233 0.197048762370432 -0.0237431411050459
0.339600168591325 0.113851712590291 0.212558039834874 -0.0109404893969918
0.292606837097621 0.304203075700967 0.195974437807316 0.0499771429393015
0.0722190211287223 0.420885912518763 0.155734825126242 0.116721737697371
-0.190507964122053 0.375654859084977 0.0329062069141996 0.19113608029756
-0.454394916093805 0.0552211017620131 -0.0989444467381377 0.187231233538524
-0.396903570871444 -0.369031617358555 -0.0597083816753031 0.0680867610624358
-0.172304704329031 -0.515579381356964 0.0976736964280248 0.0921997083229019
-0.180473100949029 -0.367536809404518 -0.0789779164231157 0.456664972380615
-0.398414765439182 -0.163061333121638 0.275574327505935 0.208515503920919
-0.325249262828347 0.147851287643871 0.0562845983724182 -0.0996624683131109
-0.0756897932832165 0.305387967704231 -0.116126396203355 -0.00970947565297739
0.102365651623849 0.277358725710741 -0.0539190557148224 0.205936374833333
0.215566605481568 0.191272896290528 0.189065189075456 0.221221567234287
0.259811731593179 0.0759807954425659 0.309307704241389 0.0655344770626252
0.242753828554875 0.0671036624055486 0.308900107618882 0.00021399340955034
0.226295008015556 0.109654405421111 0.312877335908866 0.0227836187805468
0.174632170638629 0.224391106696434 0.26573714283243 0.0988298909393819
0.0157254946393288 0.261559162562219 0.174504165588499 0.161870677491922
-0.121667445622028 0.190083281876877 0.0441713206525623 0.181295415090931
-0.238111100599755 0.0265432055482441 -0.0436083592515381 0.188178338400754
-0.246398662304453 -0.219128755621998 0.0141004364247465 0.124561878504363
-0.16187689553634 -0.342349052704354 0.147084525771036 0.23447142274599
-0.152851957782962 -0.195723177541191 -0.0018376912831966 0.605929900905901
-0.245689682090654 -0.0501591962428345 0.371421739292571 0.285863326294934
-0.148398212179181 0.114195307153831 0.14223363061153 -0.0643315784718847
-0.0175589303813106 0.132527690896111 -0.0771136311400919 -0.0195401060700747
0.0413294529783485 0.119714741453299 -0.0328329849804305 0.223616882105859
0.0924307691443387 0.0966033685159621 0.231285692965652 0.25566513207675
0.118226154630592 0.0565258664228268 0.373457333393745 0.102702197452789
0.102387074296069 0.0634299485431996 0.3740803838777 0.0233276228226599
0.0871704267512526 0.0898949133030185 0.363275970968186 0.0505974754181035
0.0444497783969806 0.119358407677742 0.290778484432597 0.127023149427456
-0.0340922414341439 0.0858689174059432 0.16650771359404 0.175399994203902
-0.0448433880740256 0.0129525392981657 0.0474975601713085 0.144862571774218
-0.0276412041650046 0.00919749549941347 0.000447308074437642 0.164070718556336
-0.0963038939152914 -0.0517963754039109 0.0590067603963184 0.142641404502083
-0.137024630058661 -0.135764917659194 0.183197954182767 0.309432855767256
0.0641986839630111 -0.0523429621502558 -0.205227854907143 -0.368381086453226
-0.0484861178836481 -0.102423802595353 -0.165369412755008 -0.142266331127423
-0.115315736249012 0.00671961726215502 -0.0661314317178215 -0.112777269237627
-0.0178355577077706 0.122122825168417 -0.0511181118577934 -0.0751558769541057
0.0643372046967771 0.0706680754110569 -0.11274165162492 -0.154032797042938
0.0774875982789315 0.000914581356653292 -0.268432160966241 -0.150131033842915
0.0579509083632854 -0.0486720607810574 -0.364841532164085 -0.077661429223717
0.0488541769274112 -0.0619088697710876 -0.386141974388395 -0.0378205904183025
0.049931888626096 -0.0481067940097071 -0.381925495187155 -0.104806473363323
0.0512546706987321 0.00738846900570845 -0.266246810893377 -0.214825423611944
0.0351230678193278 0.0571109711972641 -0.0479978483127349 -0.227653420022769
-0.0444750416561493 0.0655896532896136 0.0256288083902555 -0.0118771292583465
-0.0832192101065761 -0.0586867412193883 -0.18192592536256 -0.00327451204177142
0.0522773220002542 -0.121766306819139 -0.370779271439758 -0.263496618985478
0.130031965814475 -0.0183353674678773 -0.0924475065400802 -0.694144968772596
0.0283125265552073 -0.221386568396196 -0.237498100901308 -0.346909826783998
-0.150537486159407 -0.199276926363149 -0.172262793932133 -0.134633758855202
-0.22105389463203 0.00482150524933822 -0.110061188168284 -0.106160937528608
-0.0685914789175836 0.216277354290161 -0.0689727978695625 -0.034675367674529
0.0909078294726206 0.192154737885841 -0.0965514590655755 -0.110625389451786
0.175837730660134 0.0969236770849052 -0.218884258247319 -0.128934325866081
0.197897020852451 -0.0141139011278357 -0.308869448149445 -0.0884563674225243
0.202668056039776 -0.0414645172195512 -0.336348068550436 -0.054586647112005
0.212780673108027 -0.0130595364810177 -0.332583148776941 -0.109664879294821
0.204370667858416 0.130134578825093 -0.231991251218569 -0.196756740010575
0.0881872995188305 0.25253065033802 -0.0372912981133778 -0.195653022493357
-0.124062563532468 0.263729916639525 0.000541262525352303 0.0245239559338197
-0.320772728266093 -0.00898187839154711 -0.223609592247812 0.0119511595912763
-0.168549080939855 -0.286426384337817 -0.374237546343657 -0.266533608262844
0.0361309065338275 -0.276555631507335 -0.0930317406998445 -0.648195435962975
-0.0192166749904163 -0.36672060350881 -0.258017917966006 -0.26605116643486
-0.256226606036173 -0.271924104140982 -0.153330788312425 -0.106906184739267
-0.317476271649408 0.0167017235956686 -0.137133519339673 -0.11212839474328
-0.111513745890547 0.302565013738778 -0.0961699201868865 -0.0176676127518368
0.114315224582147 0.300303652675388 -0.096989050338043 -0.0586012287398099
0.256966384846436 0.182717572895964 -0.156373748030406 -0.08015713845692
0.311817676317992 0.0232790898381411 -0.212962903267844 -0.0822236696369897
0.32640582885266 -0.0144970543377058 -0.234337966101769 -0.0628800133821822
0.342625653017279 0.0270472412310929 -0.225598257092473 -0.101216165621096
0.325393534766602 0.238664136325311 -0.152315681565945 -0.153479278619722
0.126742613086942 0.418794301225989 -0.00343945649687635 -0.136049770548924
-0.1937203162783 0.429661573095276 -0.00721632089887417 0.0735191850552631
-0.520777749122446 0.0405372647785613 -0.23469247272027 0.054940123871981
-0.365081451958703 -0.417870346780007 -0.339257760140257 -0.217245566714558
-0.0574579512820542 -0.492411945501763 -0.0702883696014509 -0.518345087291602
-0.0781417965356837 -0.472374362382205 -0.257248096908602 -0.124539713108098
-0.371016103707014 -0.310209077351524 -0.0920710502998132 -0.054747739438235
-0.408141799457879 0.0585355578050692 -0.135234638904408 -0.124967050712777
-0.137228780630537 0.388701442790234 -0.127245327831224 -0.0158871946446462
0.140317534809367 0.386508433905808 -0.103941158041513 0.00729232381725273
0.318901421955371 0.245607494972862 -0.0769534099106405 -0.00733100837302757
0.38702763362125 0.0543382175669275 -0.085862668404894 -0.0610328872317326
0.399393979440717 0.0137667541970778 -0.0956607908679971 -0.0619819578495088
0.414332978354526 0.0646638151239329 -0.0816592320961948 -0.0820141889381507
0.393039172682434 0.314442524326931 -0.0372306899085141 -0.090802771398293
0.143045430123714 0.521461587551997 0.0502847759320582 -0.053603039355754
-0.233933661006725 0.530010735860978 0.00257817886985176 0.127947501999515
-0.635345486283364 0.0768778419342088 -0.209416244202817 0.1122458875177
-0.494119633158922 -0.486595863912076 -0.264857201263167 -0.125197142858677
-0.127684065036507 -0.619084227553568 -0.0235214713477749 -0.326197100454889
-0.137708410090722 -0.520239215121047 -0.223392661275476 0.0651968867189792
-0.465823259236683 -0.303325292111978 0.0170852159114087 0.0230004174659006
-0.465737286204288 0.116363112756692 -0.100795325600788 -0.133979703710886
-0.137570954652336 0.448139520127956 -0.148489555006813 -0.0144039651171158
0.162481706115215 0.4275075754834 -0.100329612173845 0.0867288685540454
0.344906997167194 0.274051079019324 0.0191984568582765 0.0790421514294196
0.408906864308597 0.073453495440143 0.0594420646658864 -0.0255738577603631
0.410159889506194 0.0378708397567525 0.0576452551835401 -0.0507627064642658
0.419063374767448 0.0916986026131446 0.0756687828667795 -0.0531378679198966
0.38897890253793 0.339038615846795 0.0924154236959551 -0.0207636760586351
0.131989015602258 0.528150226073737 0.113144607466857 0.036124164252527
-0.231572274620106 0.517846836889911 0.02383426932883 0.174368784605964
-0.61756716542052 0.0883474965566509 -0.154704328448318 0.167687021727241
-0.511683985799024 -0.469162539677605 -0.161293864538176 -0.0156109606390694
-0.170771391755509 -0.632111784679699 0.0347694899985062 -0.105830294176859
-0.182616901985901 -0.48896793616536 -0.157460559763775 0.278973490073226
-0.488928003710659 -0.249429322368118 0.15694109783363 0.114022037997125
-0.445263743684633 0.158208628670898 -0.0356934696255382 -0.127610961650362
-0.113206608851803 0.428582026883137 -0.14894699669502 -0.00822614774274671
0.155278861012146 0.392936434802355 -0.0794087632221104 0.166038152042126
0.316305484062283 0.255931349500437 0.121019052714253 0.162911461563011
0.369580239471151 0.079216774284156 0.203012989232324 0.016180456006311
0.358893702611826 0.0538682027874813 0.202767984584889 -0.0316590802710765
0.353040138701875 0.107879568910588 0.218626896293361 -0.0205291298863122
0.312164403136569 0.305935142654072 0.206007810755451 0.0431479404219129
0.0855578128092074 0.432323705847145 0.163171966634619 0.1122440354533
-0.189584696082874 0.388416359839427 0.0431622669317056 0.196256557699548
-0.467147474975927 0.063195825971883 -0.0890016367584488 0.19876448413975
-0.418924864293025 -0.372520966620188 -0.0583914107166696 0.0782955883790832
-0.181505667472945 -0.529367499089955 0.0961585830871548 0.0926406617608331
-0.189665181175411 -0.37585841240846 -0.0726128368324142 0.478456390840149
-0.412968818313929 -0.159001603393063 0.291104324300171 0.205710381403128
-0.330738470976777 0.156295720296624 0.0495879692031134 -0.103476512951459
-0.07060680544149 0.314664640225883 -0.12641667775217 -0.0040362453454361
0.112955332181332 0.283521921583753 -0.0509800706514861 0.222290813245677
0.229168275127738 0.192335453638606 0.205835981171154 0.227148942534781
0.269892457426617 0.0726155653136636 0.318776419544708 0.0581852516239936
0.252176952373377 0.0641026799650062 0.318350602615658 -0.00958174132153394
0.23650646868609 0.107725842331942 0.323173641831218 0.0115269682693684
0.187060825978927 0.227029105788774 0.278433285170454 0.0907220326832176
0.0209227693348529 0.26855877654225 0.184563849105933 0.157405110912239
-0.123213315435437 0.19536093915401 0.0530262701143373 0.182784293110931
-0.242152152058149 0.0268324236987352 -0.031126311689225 0.198073552727106
-0.257107823232913 -0.219494737021626 0.0187092475476246 0.132850268652182
-0.167923835158195 -0.347654682766463 0.149381039569501 0.236525980530097
-0.160345945525678 -0.197598316703721 0.00984127398215668 0.631065364763277
-0.251897402798118 -0.044271299760698 0.390695302478366 0.283527862329045
-0.147624831870842 0.118674161122571 0.14100860370646 -0.0711241169331766
-0.0160680958389188 0.135128940116326 -0.0862182556823798 -0.0171963593709928
0.0447240801382738 0.121887943976438 -0.0303281044926724 0.238286973336265
0.0983329712768928 0.0980243952237095 0.249181770054328 0.261525870468729
0.122917270563659 0.0568296455998672 0.386274775218853 0.0970929181925356
0.10728522653997 0.0656489289077333 0.385994279971985 0.0136974035503424
0.0924035459216123 0.092343867629865 0.375292476837215 0.0402534075549242
0.0487282184756603 0.122864796647709 0.303204693252276 0.118512599903637
-0.0366484981565429 0.0893637294228639 0.175798170250452 0.171204604101723
-0.0484742427053731 0.00972999033238432 0.0546293632208158 0.143790456579897
-0.0240108234065373 0.00510118743739474 0.0127858631266729 0.170720714054251
-0.0972747955259664 -0.0491274433546602 0.0656037486776158 0.148591523847126
-0.141259618133274 -0.132923092615598 0.188592511474396 0.311499819791673
0.0617629360013273 -0.059221209948937 -0.21975099367797 -0.365802065259106
-0.0586921762959807 -0.101090061308881 -0.175227712261917 -0.139956407398003
-0.118595599359547 0.0149092492803964 -0.0806093579626647 -0.109904254295149
-0.00863034331135018 0.1271170177991 -0.0563232201955264 -0.0671893286645289
0.0716370607449359 0.0689744377115421 -0.120757723269257 -0.144395947950071
0.0802394061789449 -0.00479371925412688 -0.279190608455821 -0.136732197787162
0.0562084747878327 -0.0561441498888405 -0.373271924473176 -0.0602701576697875
0.0454563733464594 -0.0682796001609319 -0.393208321054885 -0.0202623389231932
0.0476484866952198 -0.0543645205447858 -0.39551801595354 -0.0879007814881098
0.0549955705574796 0.00391123248363205 -0.281575920842792 -0.208695192238721
0.042774675981859 0.0558893865190779 -0.0595749642902702 -0.232778307408794
-0.0399287302553477 0.0715279035784095 0.0306718236938134 -0.0138009485858955
-0.0895589568257433 -0.0542273980307257 -0.183319502023668 0.00889940551673944
0.0440890071805203 -0.128204077704487 -0.385167355121593 -0.244002571844683
0.132237237180146 -0.0274778180887618 -0.120202028133398 -0.700785442939638
0.0194737624969711 -0.230966749756357 -0.249016799075992 -0.34213263526371
-0.16562092327809 -0.194932593089946 -0.18078869554998 -0.131278715250218
-0.226469041191895 0.0161491131964381 -0.124929252577616 -0.0994925343648834
-0.0562230425636338 0.223336873356301 -0.0719920922527158 -0.0246261815721718
0.104865977478542 0.190351310380003 -0.100162308906831 -0.100306725149105
0.185465525015501 0.0870693299020522 -0.225575966582769 -0.117432832020397
0.19976099801988 -0.0280737443470702 -0.317319740662428 -0.0748898734327763
0.202966968700212 -0.0549991653919469 -0.343158530990585 -0.0409731416803696
0.214260306382289 -0.0267661113280313 -0.344897277349357 -0.0968031207077103
0.216670503659901 0.120582551508552 -0.245282938832323 -0.190522760442281
0.105013006333034 0.251506945731037 -0.0472684273787357 -0.20043496705486
-0.112173151664484 0.275164603771937 0.00759628746828594 0.0263391650859024
-0.328866941372821 0.00664549596814654 -0.224099310313501 0.028136050458763
-0.187102500314917 -0.285917353811792 -0.388514885611165 -0.245004768389666
0.028959401222545 -0.287473181981904 -0.121273118546705 -0.652858393697063
-0.0336129569314438 -0.377541779747693 -0.267774222971881 -0.256046434209441
-0.275229024889936 -0.263658339249512 -0.158772827037345 -0.104536485126609
-0.324216092399651 0.0300695295227412 -0.153214599385556 -0.10233437944843
-0.097460205337541 0.312161263385329 -0.0991249285458808 -0.00607456200071222
0.132619957067515 0.298402913748277 -0.0983021195128716 -0.0464126884536304
0.273048278310846 0.17045347497387 -0.15871928040984 -0.0723559608458746
0.31749492476369 0.00439448627209457 -0.221095075888534 -0.0742242775218147
0.330187661340195 -0.0340295471553402 -0.239534117068689 -0.0544336259653127
0.34755082510674 0.00672318858419037 -0.236070475985707 -0.0939436963867734
0.345536407005431 0.225848959465848 -0.161399478579824 -0.150650891449928
0.152164651462332 0.419434828963986 -0.0100047890297681 -0.140999984957787
-0.17513436531819 0.44564307863578 0.00251300326391089 0.0764186697608636
-0.529739452920076 0.0651851300414761 -0.231894671130887 0.0720836430592331
-0.391939481892409 -0.410572955860554 -0.35199058502356 -0.19612001992488
-0.0715102980615148 -0.502730653772396 -0.0940491300611865 -0.52254805427623
-0.0965275875320223 -0.483393301763131 -0.261911458324287 -0.111739379869142
-0.39189851372968 -0.299097266135709 -0.093978688783126 -0.0539290341407025
-0.414641785155299 0.075390962908479 -0.153132256973481 -0.115443479640477
-0.120307372602275 0.400799561607789 -0.130597277715151 -0.00278089042779135
0.163431325650162 0.385023467113168 -0.101504075046998 0.0211724687244894
0.338447746570043 0.232236498814579 -0.0741829779754295 -0.0026555260441721
0.393954988846036 0.03416300328333 -0.0923844916726057 -0.0586557250584367
0.406157904429536 -0.00851329896896914 -0.0998415438308858 -0.0601333742505089
0.423902809541328 0.0412113515646213 -0.0886430459839352 -0.0817387387420496
0.416749500453504 0.298591317433469 -0.0404811174480308 -0.0928946969994705
0.173706895287804 0.522111593741654 0.0483252267917155 -0.0604078916662662
-0.212848648569129 0.546540198888048 0.0155741805103892 0.130856903600687
-0.643521434181506 0.105322973948151 -0.200690904037815 0.128881251201298
-0.524474620172751 -0.474006225780602 -0.271158596416992 -0.105635384582715
-0.147946248113044 -0.630369550827421 -0.041778750238533 -0.328665045144432
-0.159187132786838 -0.528513470027839 -0.220998985530983 0.0808074252364151
-0.486474080833414 -0.288511681868701 0.0210508868807251 0.0194741627222654
-0.468647504088631 0.134865862371795 -0.117542175004256 -0.126199364433209
-0.119483362586294 0.460415208843357 -0.153976696425418 -0.00153539201394129
0.185811491734757 0.425147219602767 -0.095455895333203 0.101928609673932
0.366384060391172 0.259688134017739 0.0284719570483342 0.0805598393628145
0.419286538807161 0.0529842876396638 0.056926854257935 -0.0303087489244228
0.418768375543381 0.0173127796132512 0.0561490303197295 -0.0564811352048113
0.42830854334336 0.0710867045834703 0.0724003566401659 -0.0604281146631619
0.414165686204511 0.323752368664982 0.0948650011524218 -0.0288762074063169
0.160040747521917 0.529766232483977 0.115869394046698 0.0274928461144348
-0.212281416934405 0.533501934816897 0.0382580196712589 0.176089130193684
-0.624604031903026 0.11463249351978 -0.140096989147123 0.180934010459719
-0.541440163881856 -0.45796886300096 -0.161404920841529 0.00079387862513891
-0.191530251454528 -0.640095944815555 0.0262960954234032 -0.107701262044744
-0.202431632391125 -0.494215916688329 -0.145487931697455 0.295379007860302
-0.50682502029675 -0.230930854188385 0.166487223906573 0.105731727465498
-0.445120388924299 0.176034489882414 -0.0501198635758133 -0.124432321384606
-0.0965740852218741 0.438462184057588 -0.156435201223208 0.00401249410405334
0.176612821684535 0.390781606858381 -0.0713454068104274 0.181509154079994
0.336157009303984 0.24224320342089 0.13634846422941 0.161614178418188
0.379410922398168 0.0626367485294434 0.204811018640093 0.00534995565097886
0.367908545198366 0.0377841314752966 0.204161308409132 -0.044494108642261
0.362622540485244 0.0913887317445712 0.220007368698044 -0.0351982796579827
0.334068466258384 0.295776560554322 0.213347756631907 0.0301553963279038
0.107225927895386 0.435779874129218 0.170416418783458 0.101739669904407
-0.174507568634423 0.398992346102569 0.0582142219995795 0.195726104071382
-0.469921737999632 0.083039050189984 -0.0712131645632869 0.208789570888786
-0.439253619470317 -0.361626279706781 -0.0533350316951367 0.0895083695197383
-0.198067870762355 -0.532368796953126 0.0947968956924874 0.0914511201609893
-0.205105138917735 -0.376757405865862 -0.0523380923594579 0.496215646022333
-0.424838628293981 -0.140967901995876 0.306377123991335 0.192415945236369
-0.328241705610726 0.169873656878368 0.038812392025342 -0.105975633361588
-0.0590372860729623 0.320747276467887 -0.133297059910496 0.00540052995910981
0.12725739435461 0.281301480343488 -0.0404958267689191 0.236474837415021
0.244663510177344 0.183473876787289 0.225161611742519 0.22346600725821
0.276758251409365 0.0611403766727121 0.32569507988154 0.0436216847815664
0.259103851164991 0.0542063743900503 0.322138874794227 -0.0268356824798217
0.244984493980473 0.0983514263884689 0.326706010734559 -0.00722070968112488
0.201341006826022 0.221792275419531 0.288199366356838 0.0740241405737749
0.0319667918596686 0.271589433306525 0.19415215891496 0.145531545385779
-0.11796280406144 0.199830124281279 0.0664623172832554 0.180217228954907
-0.242785414475099 0.0332361901314592 -0.0128622289804157 0.203958774014952
-0.267933411673231 -0.210657403292345 0.0278182111290084 0.138251712122926
-0.17883852968312 -0.346480681318484 0.154546220330952 0.233940397163851
-0.169342190682679 -0.192526820366143 0.0342506328204228 0.644815716191231
-0.256059435691744 -0.0322992061403122 0.410123272801562 0.266261788009928
-0.142052955532361 0.12379788235909 0.135673308618132 -0.0795951071864644
-0.0118336986864438 0.136074243591463 -0.094495820270296 -0.0113192112137834
0.0499345872798135 0.121089062562354 -0.0202822261250117 0.25038582653591
0.105977716547511 0.0952108961403663 0.268996806375635 0.256338079494807
0.127004759456233 0.0536237620969747 0.397130679095961 0.0791225283298536
0.112461677830846 0.0637912396365905 0.391468255803945 -0.00572565666091708
0.0984474064099464 0.0909081108914037 0.382075415431369 0.01844796357575
0.054735897431389 0.123429052703263 0.3133582384552 0.100724764663872
-0.0368722794914331 0.0928009061303353 0.186703469571861 0.159554805519494
-0.0520876174482642 0.00832143623737604 0.0640716543249245 0.138247098024476
-0.0210615154638173 0.000393134928268372 0.0306908446874843 0.172707772914037
-0.0973419027929867 -0.0435549834939747 0.0758454421867073 0.149846897368996
-0.145467413361911 -0.124436783438228 0.198283615560163 0.306573808488332
0.056826069742411 -0.0647766241131607 -0.228082395210912 -0.353442720055944
-0.0674799318821404 -0.0954330465037301 -0.181566199516691 -0.132775691879571
-0.118575776557786 0.0241932572497168 -0.0930238537808447 -0.102546556073075
0.000991343567593809 0.127504071772895 -0.0594839090091755 -0.0572076111593058
0.0780792632874509 0.0642667585711454 -0.123387696625392 -0.130191225526707
0.0800311262636225 -0.0114126102776413 -0.281056581245874 -0.11725704654157
0.0522937016219009 -0.0617792117501604 -0.371183365416414 -0.0405463945892033
0.0396733443546431 -0.0719187980716984 -0.390067815131795 -0.00175478920586889
0.0432174821478339 -0.0591484837763466 -0.398886665043913 -0.0679463136859818
0.0562168787033417 -0.000100404287682128 -0.29207078168897 -0.194488940830338
0.049383049773621 0.0526360403697078 -0.0708256133568464 -0.232295465239614
-0.0332905104813327 0.0755744752143872 0.0350467413871002 -0.0161270065663946
-0.0940478431651141 -0.0470855651307356 -0.179477602524457 0.0217408069123013
0.0337192865798004 -0.13069105351361 -0.388604561853462 -0.217438417334142
0.130783126202906 -0.0360766826345357 -0.145417028811026 -0.689164368180417
0.00822806371200921 -0.235168612818716 -0.256064398531553 -0.327634235013637
-0.17697607121023 -0.184964380226966 -0.18594804649669 -0.124223432387861
-0.225682359054285 0.0281674624799803 -0.137025744793379 -0.0889203887482902
-0.0422043177209132 0.223985887423642 -0.0715903063868457 -0.0147364266457643
0.116268682677687 0.182724713719682 -0.100504906321901 -0.0877999760150721
0.190089840295792 0.0735441601239069 -0.227163404254508 -0.102991161250354
0.195253987260976 -0.0417889373609573 -0.318746973394661 -0.058813072030438
0.196326127106169 -0.067704999506731 -0.341529769579614 -0.0251660490652342
0.208823016720325 -0.0407917178571857 -0.348269050905752 -0.0792332233164714
0.222657690279699 0.106811690808975 -0.252874270321385 -0.179473602113878
0.120717615060769 0.243658941741855 -0.0564481124926241 -0.199623894792881
-0.095403069481571 0.27957976411028 0.0153253814460167 0.026134818464859
-0.328152855102348 0.0235582635383153 -0.217944169508109 0.0432242466280346
-0.202146340099195 -0.276560114984124 -0.390852326766054 -0.216708624682061
0.0193029307040656 -0.291871548973564 -0.148146520082941 -0.641431702775128
-0.0492493098278739 -0.380070404232653 -0.269726674836739 -0.240340017891285
-0.288234723850595 -0.249854054231897 -0.161154376894988 -0.0990459221949058
-0.321833173116686 0.0446927039269126 -0.165017979018355 -0.0887465653376121
-0.079819840290487 0.313516582266831 -0.0974559377850112 0.00547613487441899
0.149253350761446 0.288588067005555 -0.0953357897781247 -0.0335981931694261
0.281863733862866 0.1521803083677 -0.157025146484229 -0.0620095345898556
0.313713887119242 -0.0156074367767143 -0.224146313982506 -0.063234027954761
0.324196802964212 -0.0523445752252613 -0.240608850817169 -0.0447190468911279
0.342812599321186 -0.0143462471484941 -0.240453939538991 -0.0828615387949464
0.356536795684969 0.204920876881367 -0.166029031411155 -0.14390263007347
0.174900919450478 0.407475638027991 -0.0172331518192474 -0.142583443565563
-0.151143055757012 0.449994669269526 0.0136850434856805 0.0767637992190418
-0.52433732379869 0.0882074222713404 -0.221004230471754 0.0875142985596404
-0.410546952767202 -0.390501019232758 -0.353918498288764 -0.170698830332969
-0.0883703637458976 -0.502969126110881 -0.11736835008167 -0.511164254008581
-0.114635939394601 -0.482789169554398 -0.258106847536521 -0.097038636392426
-0.405037106038353 -0.278898917223823 -0.0933834232917831 -0.052143690766974
-0.4098527258718 0.0910324043644284 -0.164691253926174 -0.100577476441433
-0.0988199872632595 0.402610978579253 -0.129733032943883 0.0101309469266894
0.182831251689543 0.372980842482671 -0.0960414622237014 0.0342535170452708
0.350700748879964 0.21185315569449 -0.0690739382499683 0.00167818248207296
0.392417303159484 0.01175402823534 -0.0959331452051931 -0.0540627033343687
0.400257980534558 -0.0305335564979787 -0.102024204013528 -0.057857179786731
0.419855892004107 0.016328844471433 -0.0940171754975056 -0.0784783113236285
0.430259637392036 0.273562948564453 -0.0426832124059039 -0.0929330445479116
0.199669212822615 0.510175546922217 0.0445248178658765 -0.0649860695001994
-0.183699778806579 0.552800596198766 0.0290482955442864 0.128650576737943
-0.634883900893927 0.133751261716279 -0.185601300221146 0.141163634453877
-0.545410635580088 -0.448282807660472 -0.269075081083279 -0.084017178081747
-0.168858459933973 -0.625767194413531 -0.0589371086853818 -0.320859406131195
-0.178866025260635 -0.523273910103733 -0.210012843584525 0.0935094440724624
-0.495331589464254 -0.263745718311181 0.0232455973879961 0.014398370857246
-0.461127847182487 0.152356284261497 -0.130127755340819 -0.113253566955252
-0.0967142401759476 0.460321247433571 -0.153804536664056 0.0120383380415245
0.205426381012627 0.411195638010403 -0.0862307445300319 0.115336553652113
0.379215458604299 0.236255915380843 0.037518186059071 0.0795940977480857
0.417516594130817 0.0295449803285437 0.0525949214849018 -0.033544352825082
0.415265269487565 -0.00598386014212163 0.0522422563660516 -0.0614275130714037
0.426484263119642 0.0473048845945936 0.0675900768604296 -0.0665819127834222
0.427813722298863 0.299518671007573 0.0944320816528563 -0.0367930928836526
0.187025037969278 0.519251129001595 0.115028558763964 0.0182860906196205
-0.18430001701524 0.537440942758041 0.0533093167554088 0.171901444355853
-0.615658438195823 0.141436694738114 -0.120701804982968 0.188822181240002
-0.559341507500328 -0.429994833976876 -0.155357301919596 0.0161418496733311
-0.210193352336636 -0.632096010687714 0.0166601907166442 -0.10483593991955
-0.219840052202095 -0.484830481884001 -0.128037678562115 0.303704435466835
-0.512894492936675 -0.206860717999059 0.172249940086886 0.092629004812734
-0.434978308043851 0.191148725868424 -0.0626367519293326 -0.115655251253109
-0.0750973105832826 0.438266449068519 -0.15778877072037 0.0172489341299666
0.194482451917507 0.377947974342778 -0.0601889065087153 0.193162562635027
0.349948716399807 0.221817017091289 0.148696058726933 0.154736552266365
0.378505108025158 0.0422996354345735 0.200651190376978 -0.00561750631676349
0.365982797279623 0.018232964217247 0.19969053117392 -0.056545113114109
0.362924113822268 0.0715663962704027 0.214398264854547 -0.0486585862879215
0.348379988343143 0.274859071916829 0.214078616471366 0.0145884632508839
0.127683893051194 0.426580780504698 0.172429524019955 0.0883560067782944
-0.156040939089205 0.402540107527183 0.0720515803673224 0.189105663871448
-0.463418650198732 0.0983040819898389 -0.049317556307885 0.212203145447951
-0.452142079967472 -0.337999504957805 -0.0442514360619577 0.0979114488245749
-0.212150231432443 -0.523159158590359 0.092461955368442 0.0885622292311138
-0.218126445400859 -0.365811972116092 -0.0291849257587282 0.499089019994988
-0.426073081076472 -0.120103687123084 0.313219414101526 0.17168049704223
-0.315863308441676 0.178650355085374 0.0279979574651415 -0.103970646883951
-0.0443740972600912 0.319592873521085 -0.136368550905456 0.0160980472783487
0.138620853928154 0.272208567991016 -0.027882860821497 0.244164456692688
0.252823353360945 0.168699740485717 0.23911265138447 0.211588338053821
0.277133010049729 0.0478915305173927 0.323574962071631 0.0268706693354587
0.260316430647908 0.0420086773842235 0.317538372420616 -0.0441942261134072
0.247355044805211 0.0858505148183435 0.323108685340568 -0.027419938226887
0.21229049279534 0.210048564511178 0.289266706329659 0.0541409846260772
0.043783858999145 0.269271933007767 0.198297055841238 0.129700460473908
-0.110299848110662 0.200065245660886 0.0773927553059124 0.172279468228386
-0.237405451286641 0.0395333079427299 0.00805672413919179 0.201761492217977
-0.27246986981605 -0.196038463141434 0.0364329777315825 0.139875201792063
-0.186668305234598 -0.334278801272613 0.156860921438985 0.225645300479771
-0.174150483128448 -0.181500822566014 0.0598530770651036 0.642972130294311
-0.252252963874326 -0.0181617483275134 0.41836211489611 0.241863972252499
-0.133556880942115 0.125117730918338 0.126465705707289 -0.0856114813027538
-0.00676037573536799 0.134051636377467 -0.0995315655099148 -0.00391141975435768
0.0534932006703427 0.117980597120291 -0.0083458490171279 0.255750944414539
0.109634056592699 0.0889503724257893 0.28460350468642 0.243420154069161
0.128553341730226 0.0487061999405702 0.397465623755266 0.0584612338692606
0.115809140555684 0.0601012586061553 0.387569118383709 -0.0259032136467739
0.102803718065756 0.0872865273721462 0.378034130126018 -0.00314490959628048
0.0604179229241589 0.120757246203448 0.314041847297588 0.0790622810709207
-0.0353227850200661 0.0950936272687633 0.191713374565696 0.143083366160366
-0.055167591378886 0.00768984708495199 0.0712267570215059 0.129250825768209
-0.0185929808435548 -0.00476662132628557 0.0478757673112725 0.168045258896936
-0.0948472130106695 -0.0375857896431926 0.0838640201326009 0.147246114957046
-0.144840711957479 -0.112997193841466 0.203274148246922 0.293588180415077
0.0511127829616156 -0.067610979888534 -0.227805899466359 -0.340554751793512
-0.0727604781593836 -0.0890846218427328 -0.18288178532296 -0.126493676709536
-0.116104232532987 0.0307791332023296 -0.101424682885639 -0.0935927120232463
0.00924778897077929 0.124943861895476 -0.059449325779907 -0.0478335632856053
0.0817303262995933 0.0589229112445957 -0.120671427399365 -0.117620544188116
0.0786003007674452 -0.0158641495877331 -0.275179418595146 -0.102427534053402
0.047143402153854 -0.0651881905522527 -0.362638567827442 -0.0262080899298207
0.0338319424328926 -0.0742842906203896 -0.379595096230769 0.0101964328951477
0.0383447048830623 -0.0616424534994648 -0.393333128811284 -0.0532730899320161
0.0563877828802705 -0.00360474022817217 -0.292628480282014 -0.181503783319325
0.0528568136011693 0.0481686190114184 -0.0766160675067411 -0.228484833377826
-0.0268046238523042 0.0772828538278305 0.0398010535276946 -0.0181532868996598
-0.0956417349012295 -0.0404509395743855 -0.17133225066971 0.0304277153629616
0.0253894910432986 -0.129686709949861 -0.38107365527875 -0.195313447364045
0.126943040926144 -0.0423607687424282 -0.158807098950713 -0.669229665656948
-6.20205788131323E-05 -0.234666037164114 -0.253075277240367 -0.313585636404634
-0.181319275278637 -0.173677286396737 -0.184620215574395 -0.118795125399427
-0.22100635044097 0.0361889800248455 -0.143715265910244 -0.0762960905727128
-0.0309006657632728 0.220655100549243 -0.0693996223611375 -0.00568577776117832
0.12280986797205 0.173006809232953 -0.0958894660477852 -0.0758882411418043
0.189052833650361 0.062726688507722 -0.221859429384891 -0.0913112989691843
0.187273638690655 -0.0510507588931049 -0.312874073132641 -0.0461531630561309
0.186788660535173 -0.07501827520341 -0.334078003460481 -0.0152778037535245
0.200415331564026 -0.048368821268854 -0.344572871151618 -0.0658441889745267
0.222193499560843 0.0954418960009542 -0.252708098796689 -0.16895946350064
0.129601249613447 0.232472563657732 -0.0620286279266271 -0.195788068774624
-0.0812326916632641 0.27640948533548 0.0228411107287237 0.024189357341406
-0.321624834763583 0.0341501891798889 -0.206446266599928 0.0534435994293745
-0.208458375151456 -0.265382877549676 -0.382522780615208 -0.193917626065152
0.0132733441620084 -0.290700694689494 -0.160038773187617 -0.621071710028926
-0.0598849345667453 -0.375303677556678 -0.26234477785261 -0.227212876019751
-0.29054443625929 -0.235085743413422 -0.159218982208738 -0.0955414611118696
-0.316147770495986 0.0532892206123375 -0.170688343520145 -0.0750105626551074
-0.0658295850714432 0.307474971081277 -0.0933339250480097 0.0150645720236461
0.157602287680168 0.275240838249093 -0.0885463143130048 -0.0232148066398612
0.281572403907207 0.135200433323153 -0.152043627680858 -0.0540957563945916
0.30348650891595 -0.0294499397071301 -0.222170740959006 -0.053791314072897
0.312297822787144 -0.0650163381657734 -0.236110838751045 -0.0383143799687867
0.330906627655195 -0.0271899582390834 -0.23891087145728 -0.074142308519604
0.355171606607766 0.186319797591207 -0.166217951170837 -0.13746779015885
0.187563548678755 0.392498718476946 -0.0224247544120334 -0.141616674741596
-0.131085593937935 0.444404743831546 0.0236011585879867 0.0740413221196994
-0.510207161021881 0.103586849343963 -0.206181806894863 0.096405361360563
-0.414880766021508 -0.372483536326278 -0.345104699101674 -0.147991035080768
-0.0950652705116069 -0.495467941903449 -0.128664477030449 -0.493679019021067
-0.125953259243055 -0.47487876000252 -0.247853420494661 -0.085971284263249
-0.404885791088904 -0.260293834976486 -0.0923109444261235 -0.0525187122522881
-0.400804027227434 0.0986800732678917 -0.170703637844235 -0.0848980042488069
-0.0841238372483436 0.393780571807305 -0.125558224609124 0.0205386468437472
0.191830599291056 0.3573141051457 -0.0869677659892411 0.0450512803007712
0.350367825465308 0.190841099735771 -0.0631285494955533 0.00497693570039233
0.381882721311723 -0.0050130113486337 -0.0975503246679825 -0.0496177118727936
0.389179127463182 -0.0460128732743388 -0.10151580240311 -0.0553553719331243
0.406851462840699 0.00165610889854419 -0.0955909392564041 -0.0751881513317223
0.43190074211641 0.251550861794172 -0.0437411555747591 -0.0929481948265779
0.214883060764456 0.492013047106243 0.0402910398809146 -0.0677999762733554
-0.162372127843845 0.543844110245068 0.0400515168293459 0.124333946884669
-0.618230826884243 0.149245287847892 -0.167753302453018 0.146555127984505
-0.546477344821892 -0.423980735102022 -0.259954594850375 -0.0664775565455472
-0.175802131230997 -0.613035427649179 -0.0673332720194356 -0.308985287663004
-0.188462790422995 -0.511913441584397 -0.196099830605495 0.0997995426502552
-0.492601058165192 -0.243464838352403 0.025280454780513 0.00855823689996424
-0.448432198419107 0.158603257300088 -0.137646128184551 -0.0989988054277716
-0.0806175288304427 0.450074424414089 -0.15046699324009 0.0234466285205578
0.215502140491768 0.393630952997901 -0.0755111378495083 0.124110599445056
0.380340059591908 0.215437231905617 0.0442930108953265 0.0764308935653821
0.406810957607535 0.0138452324036761 0.0479204619457009 -0.0341846292962197
0.403846338316737 -0.0212769070642666 0.0484303357596229 -0.0639984491322494
0.414867676070284 0.0313745255253845 0.0620484622294195 -0.0694834119871215
0.430724142996467 0.276173468477136 0.0918726272756274 -0.0438594207767426
0.201065549720092 0.500766294798278 0.111612142105984 0.0113446861813173
-0.162200141498917 0.529260468505766 0.0638854040438441 0.164848749125401
-0.597353075288718 0.154641544138056 -0.101184223104817 0.189406754481526
-0.559982765012106 -0.405162320723812 -0.144798688191152 0.0270830315424992
-0.217751308684293 -0.617142354911143 0.00955108796705662 -0.0999857723226624
-0.226997200988816 -0.470670639005141 -0.112234739351767 0.304057937281339
-0.504817086713474 -0.186257522941147 0.171641792900266 0.0804917576229777
-0.420793719244163 0.195138762875806 -0.0706528073089377 -0.105376825492987
-0.0617364604667586 0.427286622599108 -0.15540281075917 0.0276155105953564
0.201897972279396 0.362627916979881 -0.048617136451672 0.199117614038905
0.350340279068899 0.202004171319354 0.156213653051904 0.146590953166798
0.370378165758103 0.0280942956886937 0.193799350526274 -0.0116340044770736
0.357745312120551 0.00662927232387286 0.19244752874473 -0.0637680378448311
0.354467212592887 0.0572832723767148 0.205933336337398 -0.0577517060314892
0.350404969792883 0.256530259198986 0.2095957728909 0.00164827104998579
0.140550205029659 0.413544084095898 0.169574963134936 0.076582636104408
-0.142417862544841 0.395111931093795 0.081507690797866 0.179273902114574
-0.449310422099983 0.106970075612241 -0.0305854179314526 0.207293236544668
-0.449175704670888 -0.317408055409992 -0.0354594051422979 0.101885497531046
-0.215516919614706 -0.509330336494395 0.0871478953633222 0.0867828326820508
-0.221646155079584 -0.351139370048468 -0.0118500589870203 0.491868152541378
-0.415296504281246 -0.104076358747571 0.310679679559143 0.153985060650498
-0.303654562975785 0.179410423438723 0.0192874159102048 -0.0990514102577919
-0.0352121962206046 0.311091558967856 -0.135633956129203 0.0243685711592099
0.143026287730912 0.260905069875074 -0.0173693319516146 0.247625496218275
0.252912305850362 0.154506990790839 0.246056054708024 0.199546357635108
0.271911233924789 0.0382236724122992 0.315171837341831 0.015889339336196
0.256101893654364 0.033434511611174 0.307017237568609 -0.054906265255876
0.243907254152246 0.0771226916085183 0.31228157548686 -0.040492698124343
0.214650260363482 0.198117725311603 0.283555299524172 0.0369661959943634
0.0498949117083745 0.262434921559195 0.196283138708231 0.115741284623892
-0.105174630718271 0.195832289757578 0.0838768421294292 0.161540862309691
-0.229821258545961 0.0400409007520619 0.0252589895376448 0.194965158622419
-0.268995367640645 -0.183441856328539 0.043831525924318 0.139258821164919
-0.184863981005352 -0.321643710428858 0.15242660900028 0.217411254411594
-0.172416448656533 -0.170768808615736 0.0767845317228279 0.629723277331841
-0.2439815434172 -0.00932285041337486 0.413113728192432 0.217368780020341
-0.125251212922697 0.122424277462107 0.117205905250904 -0.0879751396041327
-0.00438151707062058 0.129486010545427 -0.101309402918823 0.00281111785902621
0.0540523174846243 0.113069514511331 0.000871949848924757 0.25666947322918
0.110319043169445 0.0819751273181337 0.290518856462044 0.229268276658279
0.127297740893806 0.0448545395671772 0.391798259278082 0.0443195089712959
0.116387840083099 0.0568707062534329 0.376343813768496 -0.0384687198176574
0.103651168700437 0.0832807716047275 0.366790536881872 -0.0191071822788405
0.062892117113507 0.116391977102906 0.307527931826236 0.0617899347495152
-0.0344354874827299 0.0959445289895715 0.190342731513367 0.127602858265387
-0.0585695516444141 0.00684782044071942 0.0739882277994189 0.119115453811536
-0.0170979028879925 -0.0102568936098158 0.0618094100457332 0.159785132198825
-0.0892374600093846 -0.0325203345361332 0.0889254892651918 0.142438814877903
-0.13973525112551 -0.102690587949502 0.199408861755839 0.280339451751305
0.0760151624340956 -0.0415764715587699 -0.0646106160432271 -0.403046266305597
-0.0290349674824215 -0.108589034731382 -0.117247056975727 -0.187899099864954
-0.11862847343942 -0.0193268362634325 -0.0590389309935551 -0.117735806373177
-0.0431066813818122 0.115309494214152 -0.0287819404133769 -0.0606243234799786
0.0509774504667162 0.0876446727038792 -0.0528591832513008 -0.151622656010564
0.0786896859879437 0.0172744390100932 -0.199700791989199 -0.203280704997484
0.0676966218810946 -0.0415400798048296 -0.313135104921658 -0.172697718172311
0.0577472187452276 -0.0555217169584673 -0.342164573803856 -0.146548881302474
0.056337928654662 -0.0413693543040756 -0.327804668798759 -0.206015129071557
0.0521566194057564 0.0193705153355978 -0.187895093839492 -0.284123606430178
0.0291310621509322 0.0627749760980025 0.0266551449041225 -0.236789120775117
-0.0520541281716865 0.0607450208240008 0.0472505314855556 0.000652205767885422
-0.0760936009122915 -0.0695053067704858 -0.162210772238753 -0.0405721661071065
0.0607816176728903 -0.108412912865737 -0.253855220068928 -0.32171219943663
0.128351160170988 -0.00476927639301928 0.13609735526011 -0.657620042607127
0.105924418536566 -0.217072952040009 -0.115178831000108 -0.379498077297041
-0.086162727433738 -0.231172337580025 -0.126509677970665 -0.176992524014564
-0.214965667071296 -0.0609950377564478 -0.104189391086833 -0.111392897335373
-0.118786945980482 0.179944346748145 -0.0486261809979071 -0.0215065626956232
0.0382773041925749 0.204696185771612 -0.0410325841648075 -0.104253774681101
0.143293822217194 0.131178410603058 -0.15112991901758 -0.173166011448082
0.184328982175836 0.0271721071630592 -0.258492369364202 -0.171840574675704
0.195640563746808 0.00493511841936787 -0.29073232700058 -0.151645992433915
0.195056712660247 0.0341496916644669 -0.278909000975282 -0.196238600781116
0.162591462637734 0.171236673511215 -0.156853977447336 -0.253080113033024
0.0267015588134451 0.2585017717567 0.0265940142870827 -0.199544494789635
-0.178877600979952 0.216077864455769 0.0119262052221901 0.0342837143290388
-0.311291910559294 -0.0872880035787706 -0.204543819529268 -0.037946017753988
-0.0976779161664879 -0.318608037269258 -0.253637145735465 -0.331564914013504
0.120369477671263 -0.274609029364594 0.127666348773979 -0.613610092930031
0.117880558011352 -0.372094164086123 -0.173836444703746 -0.296801527977254
-0.154044470157897 -0.333514116813644 -0.116782459838448 -0.14032426149609
-0.30613144858003 -0.0894291099579717 -0.12972157591593 -0.113846652419906
-0.187428245955189 0.239619312809959 -0.0749974030231832 -0.00873581218106747
0.0244674460054122 0.30807800571039 -0.0507622091555968 -0.0529601224696274
0.194573274523908 0.233295844719683 -0.0980231395694529 -0.11370118741846
0.277905134294608 0.0943146701095647 -0.173062415513542 -0.143186352001662
0.305402303093564 0.064500618477163 -0.194519289105644 -0.132740801399642
0.30326756357422 0.105572576982531 -0.182079686574881 -0.158556224101641
0.246002444801805 0.304406153350963 -0.0926162868896702 -0.187389897695912
0.0173782660761577 0.424208765102489 0.0392145818952931 -0.133298963869676
-0.289591938140153 0.346862342102242 -0.00958184497769942 0.0801155405185911
-0.509866758672439 -0.0988415849833779 -0.22302128322595 -0.00284958110476515
-0.242377130239143 -0.491364217060596 -0.234933583560468 -0.285888320071349
0.0998611997257963 -0.501766525603189 0.114192709376744 -0.487715120973345
0.105689459723926 -0.493886697491754 -0.23002601676299 -0.154538378637306
-0.241289587887306 -0.406290168293604 -0.074926038517002 -0.0683558494005501
-0.400613529604936 -0.0871048236494424 -0.12327090811352 -0.116548201004242
-0.241442290635 0.306250182581588 -0.102426708615219 -0.0143496323328094
0.0195546925705242 0.394095366662272 -0.0736100990126509 0.00836230971288216
0.231987351216743 0.309855728141124 -0.0388379713454286 -0.0254842413986082
0.336693610863909 0.148876045778892 -0.0624176416029117 -0.0883795113339458
0.366612047472517 0.113818553907309 -0.0680734628818567 -0.0942838334917338
0.360282560556884 0.161017996775407 -0.0539279140874164 -0.100781458225364
0.289234321894867 0.390986827035938 -0.0013543883999726 -0.0966473021743055
0.00489692116349748 0.524727022072557 0.0630115624345328 -0.0416739822783584
-0.356573875386712 0.422399860871712 -0.0180533649125352 0.131334890946556
-0.623793032284025 -0.0969906322735619 -0.208733567706571 0.0553298755210931
-0.339247708842101 -0.587201360540414 -0.189068841596436 -0.184914956018652
0.0730701945907206 -0.638011931008375 0.0965237569190765 -0.29836026206912
0.0659360055845627 -0.554752442506346 -0.265905149196713 0.0417991573541879
-0.324077559251166 -0.429644471598521 0.00420507319353507 0.0386701372735372
-0.467302695059866 -0.0555909151793977 -0.0837675492690884 -0.111224534291744
-0.263221968777872 0.35713914054193 -0.123777576560267 -0.0219078094864727
0.0219984358652206 0.435193084881746 -0.0948077540251593 0.0837919363355024
0.245929123012359 0.344991694470325 0.0291801035171442 0.082545265950132
0.351739680675771 0.176426629265656 0.0616954050101605 -0.0151640411838825
0.37043224181849 0.143328254167713 0.0684514688528558 -0.0406074557416912
0.356669783163514 0.191341414102631 0.0835086957815379 -0.0321166785863714
0.279782113011748 0.411516623027385 0.0994612860291357 0.00291682956883577
-0.0107979068624641 0.527656199947607 0.0935877937358559 0.0571644747617892
-0.352859510272058 0.40858093582424 -0.0134162426417768 0.17544867389562
-0.60553669119656 -0.0868192392397679 -0.165288045665649 0.119693042678653
-0.352194930152312 -0.574383577159542 -0.125465503756962 -0.0566975686262087
0.0389135781020243 -0.651332464292405 0.0788971829574154 -0.0809600108527861
0.0126670820997504 -0.532418275207113 -0.272179338566957 0.26324902973449
-0.358670184443506 -0.385956434695789 0.107785132441589 0.164858865407744
-0.457203943676369 -0.0112228974451413 -0.0173653710520903 -0.0915657669735452
-0.236565122109115 0.344371885000836 -0.131894468440975 -0.0225199985321646
0.022861728909665 0.401136718843641 -0.104621383845811 0.161817752148584
0.224874019217309 0.319382582816735 0.0982277372515811 0.191583591123993
0.312987955845436 0.175132968892877 0.182638281803864 0.0662624921492391
0.319040355821215 0.149522429929942 0.19586061912323 0.0187328391016015
0.293476179620194 0.191799256857686 0.205692294998965 0.0355066557181198
0.216052461007914 0.362961324027117 0.185879943049211 0.0895987733563492
-0.0326075804985296 0.425624589323568 0.11798360451265 0.137451708562384
-0.280613750268096 0.295820410320168 -0.00291022733093026 0.193864504174528
-0.449800199677272 -0.0747370207539122 -0.107115390072591 0.165906426160129
-0.283142248826383 -0.453659889588584 -0.0600343251419763 0.058558932928117
0.00111935163879073 -0.545494203317129 0.0648373922026304 0.114776129558543
-0.0367524447245546 -0.419329990663536 -0.250916935567353 0.469492072075088
-0.316839506342855 -0.27191742063105 0.206257939325402 0.283533642712713
-0.345080731282917 0.025185675722571 0.0626197247475105 -0.0584306459443946
-0.164774072444728 0.253110701354592 -0.120410833295572 -0.022542496496742
0.0132067230371826 0.287187764862809 -0.104125318752427 0.218733548853118
0.15781334113982 0.238211350145245 0.152237912265113 0.277823487375961
0.222373947168815 0.145054900664872 0.279332814280072 0.141922061280045
0.216658074123541 0.134419834525667 0.29533647290468 0.0748019211302052
0.188227102350438 0.165480377124919 0.292325901511733 0.0922657063349358
0.116610861978088 0.258024002358294 0.236400003527742 0.148485335994777
-0.0558073014197091 0.254386313010129 0.126023973899315 0.180054443476926
-0.170905326314225 0.130281445125192 0.00858939141475848 0.176413627489928
-0.221015748533859 -0.0542501018769187 -0.0497338227095139 0.179884176307868
-0.168724579569091 -0.263439852614013 -0.00831661413728473 0.131678281943059
-0.0394815152011809 -0.358347206299833 0.0592208654032749 0.254874767653235
-0.0754496472948613 -0.230532931332977 -0.212017400643285 0.620069144658919
-0.207105071270327 -0.113848631134378 0.278354421565719 0.37533632864039
-0.160880188962284 0.0516722744844337 0.145196798031326 -0.0220211400338616
-0.0604892173572308 0.10905482267758 -0.0907444085934771 -0.0352417335517313
-0.00240967589980221 0.119485168712873 -0.101445697531619 0.234789988047321
0.0612282802077114 0.11618862237208 0.172828126957232 0.325972735478514
0.092847265975623 0.0930214954679233 0.332627710064339 0.199857007434914
0.0830391523324845 0.100016507715146 0.348966979659593 0.117983968193768
0.0621026501804544 0.116188432250506 0.33121354265609 0.130073380523842
0.011458572606676 0.127177598368683 0.247752915836936 0.177012998317299
-0.0684478930656325 0.0718836347176596 0.115611305304393 0.185550334648303
-0.0561772108987628 -0.0204345284989382 0.0185047172580384 0.131826374408729
-0.00630275898521843 -0.0203331199820923 -0.000809554358559734 0.165668265700958
-0.0614815802590851 -0.0595562588710584 0.0249372122716991 0.160491995780421
-0.0821842182078459 -0.137730315520849 0.0637211689674932 0.326559901606175
0.0735422107892846 -0.044900895415513 -0.0616116944269116 -0.402621388947731
-0.033595511716335 -0.107277393604631 -0.119089203946152 -0.189553751371438
-0.120192371570721 -0.015489521654023 -0.06776709199476 -0.115170163746864
-0.0382885066016574 0.117714862968813 -0.0308739288515088 -0.0537962843030514
0.0556259026192113 0.086502219180026 -0.0527198389390582 -0.145057473020431
0.0804173634809006 0.014268603775085 -0.200321328794653 -0.196330783454951
0.0661336444795272 -0.0452399648366447 -0.313712616079226 -0.166803605503727
0.0556338657715216 -0.0583140963485742 -0.342847822445557 -0.142992503031062
0.0543963547405069 -0.0445753406547651 -0.331307706577712 -0.201513255180195
0.053850858561857 0.0177193802892005 -0.190689863233475 -0.283061992005583
0.0332307576375452 0.0618812078134022 0.0245689619646745 -0.239795658118611
-0.048543706406987 0.0630206496849495 0.0529545051095717 0.000183816772656017
-0.0794251688319596 -0.0666752367998865 -0.159426129297453 -0.0346562492341955
0.0571997854373595 -0.110110803565446 -0.251948340186664 -0.312799595727273
0.129813869643058 -0.00940297538236731 0.135857653865833 -0.655697286409123
0.103536242065143 -0.221375258903837 -0.110509632680258 -0.377304304939781
-0.0914237030272009 -0.229232962057654 -0.12671083060863 -0.178142172034983
-0.217360950459229 -0.0581262956436463 -0.113373093792204 -0.106329549208078
-0.113467510214702 0.18133752680265 -0.0495799939532195 -0.0147135192852262
0.043976628114656 0.202794992265065 -0.0392505353901231 -0.0968045978460274
0.146332421386367 0.126457127776665 -0.149856087406879 -0.168198835777875
0.183066777846876 0.0220621795045662 -0.260385569895383 -0.166658086190349
0.193775816997953 0.000209542183728472 -0.290904872955649 -0.149956005998561
0.192724528795537 0.0291429843096515 -0.282046385627242 -0.193192433998262
0.16584617723639 0.168578513813993 -0.159250895527019 -0.253212839640893
0.0325109705028528 0.256880826008107 0.0245710291924696 -0.202575618512526
-0.173453417926189 0.219131768737832 0.0199470946754812 0.0357096396912609
-0.313961496403771 -0.0831595908173172 -0.200958322674535 -0.031080920957199
-0.102614060118951 -0.319861864218926 -0.251789843633996 -0.320571131287173
0.121307706205407 -0.280569669808181 0.127083597857185 -0.611765131789657
0.116308338414291 -0.378186402239756 -0.168621801372408 -0.293552297961148
-0.157655997611126 -0.331424285327049 -0.116587745078028 -0.143174291031275
-0.309233709970091 -0.0873143069742496 -0.137950837032723 -0.10652811530456
-0.182367627220241 0.24118094305677 -0.0756623452328505 -0.00193667469316366
0.030874002904754 0.306696354322266 -0.0477141604185315 -0.0441491480409395
0.198709834403127 0.227729018045956 -0.0959727229992477 -0.109365333950521
0.277027913117543 0.088166536682986 -0.174935876557144 -0.138648958473709
0.302759211453187 0.0582666992931169 -0.195226327582045 -0.132738229079505
0.301484461856074 0.100066457299888 -0.183860288811723 -0.158203271227557
0.251814791526764 0.300969479206991 -0.0933374041506875 -0.189201132231403
0.0255994038267579 0.422584046938306 0.0376900083900629 -0.136064174330597
-0.282634484664397 0.349051413824675 -0.000692317377261043 0.0813572886868251
-0.511520000325717 -0.0923626155949983 -0.216345557837376 0.00418301783737286
-0.2469525842034 -0.491912540046533 -0.232155005367487 -0.275124938137775
0.101116950411912 -0.509103152315175 0.111711394381114 -0.485168107531124
0.102669800836573 -0.497575943741043 -0.223334982945134 -0.150468911163868
-0.244411289999729 -0.402902837993989 -0.0746358290021365 -0.072297002467884
-0.403695624850918 -0.0861399836512863 -0.131535185232881 -0.108971823428247
-0.237333675151094 0.307143555607059 -0.103097284068893 -0.00733489541632712
0.0248091862749213 0.392592079134396 -0.0703627421134384 0.0185551772975086
0.237107770721293 0.303522434438901 -0.0352239235895004 -0.022653674567224
0.336339868903679 0.141613863499775 -0.0646738956454954 -0.0865347133743249
0.365588594937009 0.106717778052497 -0.0689389196661888 -0.0960470860105477
0.359042604034918 0.154980736940442 -0.0551404887729482 -0.102320948395051
0.295436711036743 0.387166722155499 -0.00105484618860862 -0.100173066876478
0.0122582609898812 0.525751860112664 0.0619981206710766 -0.0451155309412959
-0.350783255308968 0.424338991319064 -0.0085937174646702 0.131834183140117
-0.62572216302215 -0.0922682201083839 -0.199912840830802 0.0613136609750051
-0.342134897132182 -0.587644342992009 -0.186738553556938 -0.174808706529673
0.076531395114758 -0.643700081513408 0.0932982306736239 -0.295947997010307
0.0638747147244469 -0.557836060542492 -0.26025733183386 0.0459575666827586
-0.324800307534377 -0.427408734620253 0.00505146617461905 0.0337336902778131
-0.470315439295143 -0.0556569394891095 -0.0919172447776177 -0.104257044656912
-0.259261851630766 0.356310425798803 -0.125580991929046 -0.0146803765378107
0.02840293416647 0.435324183288473 -0.0922182191489162 0.0956710185249457
0.250559960469941 0.338007921844086 0.0343412921680823 0.0842448031363107
0.351040174434901 0.170658145678967 0.0596083874659004 -0.0148516665011897
0.369393133405752 0.138129535941203 0.0677567239999767 -0.0438160841123913
0.356353695566877 0.185985842194699 0.0826630705196388 -0.0354910844545402
0.285835124098198 0.408067736164182 0.100857538981243 -0.00223497087372859
-0.00263274304633525 0.527332570272125 0.0940292727710617 0.0530197756722586
-0.347696064474364 0.407788712818444 -0.00391993003760592 0.175838397614514
-0.606675295060491 -0.0839997597419802 -0.153635582007886 0.123990350227936
-0.356204507571175 -0.5733738957896 -0.122384888096003 -0.0478820546257229
0.0429844760340688 -0.655624100458502 0.0747634899108799 -0.0784934058793686
0.0124412611674599 -0.533769072695282 -0.267034030191511 0.267581750217949
-0.358837639536364 -0.381316615767567 0.109447047437456 0.158463167636827
-0.457955105564454 -0.0132135215006602 -0.0242267034656058 -0.0862784107852216
-0.23512612837117 0.343911921615105 -0.135316440842296 -0.0167929916907702
0.027385644812167 0.400342284142904 -0.101125670922049 0.173395111591745
0.227559705015664 0.314108229021047 0.105334304685469 0.192119823623241
0.312876336794104 0.171202955382514 0.182123596302933 0.0647981574320658
0.319300238328121 0.145118257653773 0.195691742981326 0.0145829057927511
0.294601552447721 0.188162934375977 0.204959459505637 0.0298130248234577
0.22181727719153 0.360158460546865 0.187155072430603 0.0821472657793019
-0.0266980143894367 0.425209655279633 0.11842890714032 0.132045896443667
-0.277944124487212 0.294421290334913 0.00527572544138494 0.192598526502404
-0.448380335958715 -0.0749693352308868 -0.0940039006199325 0.168576636796391
-0.284728554268653 -0.452217803018155 -0.0552652074941568 0.0653985929489011
0.00505204414208642 -0.54746208345112 0.0602169685197138 0.11649441905318
-0.0361748528329974 -0.417736048798594 -0.247560928237268 0.473163546066725
-0.315688742841542 -0.26941057252598 0.208031263569844 0.276175791363749
-0.34457105236594 0.0234923565309775 0.056874287483531 -0.0567940215181356
-0.163235135107405 0.251538213697126 -0.124220761420782 -0.0185739157407076
0.0149126585531314 0.286271656573573 -0.101406255131252 0.228211127046914
0.160034698811451 0.234090884458461 0.15966132199046 0.277493611833242
0.222500367313974 0.142793403662699 0.279959026420831 0.138689192567476
0.218166290544984 0.132388250141865 0.294945498022314 0.0697818430146826
0.188869027180185 0.164330956715328 0.291792344025461 0.0841918282927264
0.11986952007882 0.256690791090914 0.238058541450911 0.139670250067841
-0.0540366395125038 0.255391948458931 0.127059685445117 0.173517579398721
-0.171895665892952 0.128360284336104 0.0145054765821678 0.173016883952741
-0.219389290751179 -0.0574397019232362 -0.0368872150213824 0.18052969202841
-0.166287847627283 -0.261288919644639 -0.0042586731803775 0.135553621050365
-0.0359536524362854 -0.35582164419629 0.0543403854161471 0.254211317951055
-0.0746033769689755 -0.226842809664877 -0.210654132108794 0.625163278009445
-0.204323827515582 -0.109734835933991 0.279057000298988 0.367057650433886
-0.158102040659089 0.0493690285619205 0.140976911396534 -0.0245965380274039
-0.0607000600898703 0.106560945389776 -0.0957274172252432 -0.0330756655436957
-0.00332780112890187 0.119344270207125 -0.100467987539691 0.243216531984266
0.060715147415698 0.115039430543456 0.179875826194511 0.325837124349123
0.0926652107318574 0.0931943117985525 0.33524191542659 0.19521649994302
0.0844080374826271 0.100574789087087 0.350026909418863 0.11324653706788
0.0635356159357386 0.117080869779008 0.33067265922843 0.12303832818381
0.012155015942531 0.127447483035015 0.247937048178221 0.16781278569132
-0.0699496235771217 0.073323650962242 0.116698522133954 0.178647122986212
-0.059987074438113 -0.0231402078132062 0.0216572731302039 0.127222937797434
-0.00353770019641981 -0.0259254033799966 0.0100535721261322 0.16397492845737
-0.0579549338432776 -0.0574627213030851 0.0277745772474192 0.161731377003565
-0.0785966697313626 -0.13288468728625 0.0587600989622863 0.324637635440773
0.0713922052642908 -0.0490175833593029 -0.0634827034583361 -0.406532941214581
-0.0402329674304429 -0.106334524214188 -0.125413384376663 -0.190257194610784
-0.123373663838263 -0.00971719238652818 -0.0785732155168034 -0.111524981067662
-0.0321132718393045 0.120898909318358 -0.0334398362858538 -0.0478395515648596
0.0620527782179705 0.085041815487724 -0.0535437133091696 -0.138617484866044
0.0833247709424562 0.00969071785976944 -0.204733191974876 -0.188675106201409
0.0641605095992801 -0.0498548328199437 -0.319677840116939 -0.157396939635786
0.0526403435710197 -0.0614438002086638 -0.349007012319816 -0.137160043508443
0.051768729811319 -0.0484303759054937 -0.340654870788114 -0.195084075764009
0.0564429894035703 0.0151289056419781 -0.201277935490745 -0.283405358525401
0.0386326430958909 0.0609915663843006 0.0190778423807121 -0.246631779552353
-0.0440035931319137 0.0666145958482163 0.0595463594880586 -0.0025705604016811
-0.0842739412343926 -0.0628625026648335 -0.158564036625117 -0.0273164427219065
0.0514906593289148 -0.113865489031443 -0.256511540233173 -0.303064527571129
0.130330505356982 -0.0168699129025496 0.128296433830188 -0.663925408745775
0.098985697521806 -0.229259566326829 -0.111333182448428 -0.37938391558178
-0.10003700084537 -0.22843687930969 -0.132644022163955 -0.179796958107062
-0.223242755353742 -0.051319938705983 -0.123680036671689 -0.0996715255387811
-0.107103809501514 0.186140122241822 -0.0511686730195824 -0.00853529744627375
0.0530745661458767 0.202130914030958 -0.0382550411778582 -0.0895687452068171
0.153101052680786 0.120972512222178 -0.153303860948504 -0.162336085047084
0.18387400956321 0.0151850665458183 -0.266640690706567 -0.158871485429671
0.193015382002604 -0.00716135486624807 -0.298292809626719 -0.145455306541576
0.192713975289675 0.0228795742552584 -0.289774086441438 -0.188880561018365
0.173235322770245 0.164425906336287 -0.167181102695402 -0.254648648856476
0.0427440931457887 0.257733570962008 0.0205867746827263 -0.207684094649492
-0.167125505148853 0.225336375288233 0.0282246495805737 0.0355372584084911
-0.320387674297987 -0.0749074461087192 -0.199025104727748 -0.0222584926288773
-0.112395035854321 -0.322727124048507 -0.256405068446423 -0.31127267812506
0.119016661644363 -0.292532101711202 0.118911633856779 -0.618541986015431
0.107307998116908 -0.387444960715212 -0.168571555614549 -0.293104847621434
-0.16886020885075 -0.330556103722792 -0.12080686271571 -0.144488444271471
-0.316710011018207 -0.0811900831621944 -0.148338716041994 -0.0983295073692877
-0.176510170255493 0.246639050181432 -0.0763624924789629 0.00557202522381097
0.0414582781921722 0.307078703389048 -0.0446980207542759 -0.0355545681860211
0.207847598563668 0.221376781632956 -0.0959395057778935 -0.105257815558175
0.280169025372897 0.0795569810728472 -0.180961266137587 -0.134297937648855
0.305156418511104 0.0485027319335006 -0.200590043794073 -0.131431067709008
0.303723293413077 0.0915481716115073 -0.190195807232345 -0.156402669457914
0.263214256409298 0.293761799158075 -0.0987714379249966 -0.191526926709896
0.038896536443359 0.425725511160541 0.0341022396725204 -0.140731287609786
-0.275313288790749 0.355912969484632 0.0092766785004285 0.0823814017574451
-0.520043846563067 -0.0816246661173802 -0.211350772038619 0.0131978976266551
-0.261764751730495 -0.492997047776219 -0.235212481886721 -0.26623107789658
0.0958024275562994 -0.523093048869707 0.103672963785951 -0.489007848860781
0.0946319045510473 -0.508587412841742 -0.221635266289637 -0.146298502262645
-0.255669934083168 -0.40302513269689 -0.0767753719382091 -0.0756935757483451
-0.412578626013175 -0.0804870605965196 -0.142074726752278 -0.0993275677639052
-0.231007654786745 0.313650481333475 -0.105366918502444 0.000269559125218142
0.0376392292876413 0.394905048656073 -0.0659487285561846 0.0298851673290931
0.246909578627626 0.297609647173124 -0.0318198393438861 -0.019238362321539
0.341432321341913 0.13291483744777 -0.0681513018136498 -0.0845911211817262
0.369573730415903 0.0959857273403626 -0.0724750590733614 -0.0977882918558347
0.362619821914826 0.146801123691871 -0.0586864644658326 -0.103497290466395
0.310743031343224 0.379520958975432 -0.00349230778844653 -0.104598602199879
0.0280080766363789 0.528767812789741 0.0609915748036709 -0.0496018431875684
-0.343681642140458 0.435382806028263 0.00391341994489148 0.13324111718315
-0.635291901714952 -0.0794295656104763 -0.190488600835512 0.0694240235167406
-0.359930805834067 -0.58788135711071 -0.186509472734651 -0.164774383349484
0.0682364013052388 -0.65942730840129 0.0874369545123002 -0.296289535503033
0.0555429737895403 -0.567788121016208 -0.255579457338817 0.0530951515917584
-0.336714621555784 -0.423521136415269 0.00630756604822488 0.0292053986071167
-0.477026731913206 -0.0499861972572247 -0.10096609330832 -0.0961217540863064
-0.254399121404503 0.362694093112351 -0.129571709670319 -0.00714148283280256
0.0396570362279081 0.43806997460394 -0.0860549079201932 0.108301627121952
0.263095770098348 0.333364688605986 0.0427265832101433 0.0858465364415147
0.357441152493387 0.161810240065399 0.0587247506175482 -0.0153436275892669
0.375278201622675 0.126724080479037 0.0669291119576189 -0.0485747704108666
0.361210008186324 0.178166959733738 0.0820919177661821 -0.0409145753358152
0.300891379917999 0.402947770530559 0.101835211747044 -0.00945198948558536
0.0121309299508534 0.533172508035143 0.0949605149513406 0.0489047980239826
-0.340753087648751 0.417536235843973 0.00801827421216075 0.176387866217047
-0.615233351204412 -0.0730683480597441 -0.141649121567134 0.129644209412678
-0.371288825915459 -0.573244475189907 -0.118392449218577 -0.0384038134422221
0.035393220620105 -0.670092059569813 0.0713194262198428 -0.0765560076552129
0.00486084360017543 -0.539914169701924 -0.260262039356224 0.27762793018578
-0.36716516650115 -0.377220487370553 0.114284179708037 0.152757013187434
-0.46365709313327 -0.00765407482351044 -0.0319403487988988 -0.0818932064287925
-0.230087745074378 0.349133662320121 -0.13943357996946 -0.00926552028521447
0.0374245064764648 0.40383165528628 -0.0951298872665604 0.187249093607917
0.237244861688727 0.308542437833466 0.116371422637646 0.193217393992685
0.31934214186554 0.164648162960537 0.184391673444168 0.0611480655690668
0.324126586187224 0.137927952299793 0.197631464378143 0.00806924949263021
0.299496548351954 0.183682008504713 0.206944647725069 0.0211141366964469
0.23511469241096 0.356224359403539 0.190481084624366 0.0731872165500431
-0.0157383312343407 0.430427964168433 0.121914047833288 0.127173682983976
-0.275798806705213 0.301038533565106 0.0159721901501783 0.192000042397556
-0.454967332723834 -0.0695890306022393 -0.0798013718341037 0.171378926189558
-0.295486235552952 -0.450988771786643 -0.0502710930350969 0.0727364244897827
0.000815965920835245 -0.557305814372462 0.0583386867580572 0.119980678365982
-0.0420675166667088 -0.421334123763481 -0.239338863621736 0.484531931646572
-0.319558714073142 -0.263592898073683 0.215290089651955 0.269604503110365
-0.346480419171562 0.0273060284191425 0.0521590698038986 -0.0556026380898692
-0.160406275037468 0.255551136380771 -0.129769731499968 -0.0131378349037753
0.0200961146355604 0.28824610703921 -0.0960437832161457 0.241591471785647
0.165596798986251 0.230930499833901 0.173723439338353 0.278264160059022
0.227497015331075 0.139696528193666 0.28567133477192 0.133464217740383
0.223108649726525 0.12836545394485 0.298398248272838 0.0620999339782113
0.194709375398623 0.163048693077852 0.294914179864217 0.0741369770449565
0.12796304734614 0.255432841731131 0.242822753012557 0.129998654027996
-0.0494598547130802 0.259361721001282 0.131515560671007 0.167349485655522
-0.172887669219617 0.130802794292082 0.0229752482040737 0.170937284429159
-0.221487371053702 -0.0573050497387835 -0.021975960537743 0.181145109532201
-0.17060098318079 -0.259512091176856 0.00162205383725579 0.141007205583547
-0.0375099375870585 -0.359071833929353 0.0531050146314815 0.258168047534902
-0.0771547996173007 -0.225382121034065 -0.199157446490861 0.637606147538594
-0.204440136651429 -0.105265590385614 0.286587998319488 0.360711355060669
-0.157491459788397 0.0500452022404733 0.138462294269467 -0.0281844924516024
-0.0605750167285596 0.107172762735566 -0.102155322621611 -0.0295099160075758
-0.00221186787426598 0.120954642932046 -0.0956484504849744 0.253619529302719
0.0624205063198493 0.113826566922918 0.19500667112707 0.326595819739926
0.0953992975684299 0.0941140494860956 0.342933195524715 0.189905187954951
0.0883762065019139 0.100911841844286 0.35483127441783 0.106007486435629
0.0675541106805482 0.118587517007835 0.33407545950263 0.111769086629691
0.0147116694592054 0.129031911604791 0.251632655029089 0.158298130745954
-0.0718416154780832 0.0770918341599257 0.121770048302091 0.170841310049165
-0.0651599842503943 -0.0246308149841289 0.026742404723028 0.123749808455714
-0.00312286381457089 -0.0310453552409207 0.0233883550374689 0.162602955135658
-0.0551462368552731 -0.055222399326552 0.0340883244088741 0.164662238558454
-0.0770251331422321 -0.129557912029175 0.0580521273851077 0.327263996589021
0.0675332608475421 -0.0542651074493563 -0.0754217814459003 -0.406302243830395
-0.0480975395409852 -0.10244375539003 -0.134748810940925 -0.186406016054775
-0.124973818209849 -0.000707232948747106 -0.0903776725689263 -0.103849654561057
-0.0230034755173193 0.12336626309168 -0.0356580533910197 -0.0400292001559289
0.0693400210252685 0.0796243387431984 -0.0557131262162186 -0.130197064208399
0.0851305950194397 0.00282472879540159 -0.21035700689508 -0.17527241406848
0.0600890557307026 -0.0552287640417993 -0.324578263843626 -0.140279795205896
0.0476852875793737 -0.0652276799882839 -0.354318414356767 -0.122193321707708
0.0473099643261544 -0.0523511515253754 -0.34936094766 -0.179208352789027
0.0594218382735841 0.011511188297833 -0.214928413531538 -0.27564850940184
0.0439000175314083 0.0575537009502898 0.00729971409655356 -0.250569623487167
-0.0377525899506049 0.069328318331382 0.0647654847859042 -0.00665068671205284
-0.0892950891851985 -0.0561428900951658 -0.155432925426278 -0.0166837415960986
0.0429436565354227 -0.117260295969508 -0.262741262500447 -0.285639661859546
0.128687784641206 -0.0265621038009191 0.10364706484817 -0.669365503367585
0.0878460387501785 -0.236464295496864 -0.120072999139546 -0.375826239872796
-0.111555317364296 -0.22258432556628 -0.140705439610201 -0.175715356066664
-0.227186492323553 -0.0390489421835286 -0.13336396107574 -0.0885536249809363
-0.0959116179584671 0.191106375947373 -0.0505364689236272 -0.000308497770178232
0.0655559376242442 0.197001112778052 -0.036944601260406 -0.0816760733677454
0.159634160575001 0.11017463263816 -0.156571678232866 -0.151646879276264
0.181646044051485 0.00416064131553912 -0.272414344842773 -0.144510672491761
0.190623873245816 -0.0174805882345261 -0.304118480042309 -0.134035134530487
0.190491173365924 0.0131000235561144 -0.297879893139317 -0.175602844010276
0.182073761507259 0.15412312852047 -0.179435335970932 -0.24879791408734
0.0568765750819308 0.254053738439579 0.0106408037345128 -0.210914238373406
-0.154531810805316 0.231589906847912 0.0375158029013331 0.0330410760022941
-0.325536380507731 -0.0596472105789754 -0.193869492803205 -0.0092321298667979
-0.128923195261995 -0.318981194495575 -0.262885342764541 -0.293046900884188
0.1080226235298 -0.303928677846307 0.0966998233160397 -0.620868509624521
0.0914571762564281 -0.395207919304742 -0.172851360927235 -0.287333402146503
-0.182711456671163 -0.323152052234403 -0.127076556286482 -0.142031411971757
-0.322219186271383 -0.0654301059806912 -0.157674952142616 -0.084695062378817
-0.163119891865323 0.253212147207823 -0.0762047900682972 0.0142424258083761
0.0577427625992222 0.302785484849336 -0.0405858057531356 -0.0258639894921942
0.218597657441868 0.207294495874026 -0.0960697643209235 -0.0981699485450712
0.281373163176121 0.0649402641476748 -0.18576599563488 -0.123162749634268
0.304580754447079 0.0320252317758312 -0.207294681036858 -0.124094698134652
0.304257793524719 0.0767242211408083 -0.197286086540752 -0.148914911200094
0.278359983661655 0.28045540585013 -0.107216216789336 -0.189973609963668
0.0616113771554501 0.421405957267556 0.0275280995584803 -0.143830671740254
-0.258777517984942 0.36627230123831 0.021461938966239 0.0814041508751558
-0.523674320700586 -0.0582256501211108 -0.203668712695507 0.0259799570998302
-0.284908584386918 -0.483028319678365 -0.239473140150455 -0.245919642399602
0.0775143924304049 -0.53502847595211 0.0853990690844613 -0.490243544596167
0.0731719824035201 -0.515598596411837 -0.219724151322973 -0.138099959025129
-0.271924790231529 -0.391938991831585 -0.0798169265294308 -0.076431922612519
-0.418511694581921 -0.062787749908293 -0.151170562761261 -0.0860220020446842
-0.21566141341471 0.321742723601952 -0.105384759005319 0.0103422127887252
0.0561758191057769 0.390685053150914 -0.0585086053862078 0.0411989869825222
0.260897433244519 0.282766964650491 -0.0267787128733727 -0.015948294606966
0.344552831800007 0.114028189135846 -0.0717921813974509 -0.0796045414211576
0.370897392401934 0.0757718360174541 -0.0776591190222167 -0.0964398016690251
0.365652555567635 0.1295859332893 -0.064007244991197 -0.103179995128878
0.328317699796843 0.363909620096329 -0.00813023084041394 -0.108128178628348
0.0535992665630117 0.527148675389943 0.0578804907903657 -0.0545385599623949
-0.320641328943932 0.446852250406263 0.0179557636834197 0.131803856419828
-0.638997699645845 -0.0516201641936288 -0.178075017275107 0.0791521028937418
-0.385206420242117 -0.574662953929499 -0.187539252563184 -0.148524217701982
0.0447332694378145 -0.668723587848013 0.0751489599914957 -0.296361024697713
0.0332977387205896 -0.573260593732681 -0.247779641367687 0.063555520566828
-0.352294892351839 -0.410789923241827 0.00681659133329593 0.0243182820232576
-0.483325708427213 -0.0314046068874625 -0.10909869391079 -0.0846828764072666
-0.237936391269588 0.372715451249777 -0.131199072687846 0.00337780759786506
0.0593581848569629 0.433975492984146 -0.075502412443729 0.121611205811326
0.276732745931397 0.316778458334582 0.0524252292955065 0.0848744140338307
0.363522820660102 0.144496905052642 0.0575073962001294 -0.0167913725542859
0.378951008628775 0.108138460284703 0.0640086374504714 -0.0533728430985576
0.366146990820743 0.162311315915743 0.0789093842333206 -0.0474334816067149
0.321712535088012 0.387000147523513 0.10060566934264 -0.0188032319277877
0.0392175425180574 0.532102163662397 0.0956679482167855 0.0414920721090952
-0.32277220516249 0.431032612231058 0.023379044831156 0.173152966095851
-0.618683099889108 -0.0478549737975525 -0.124603653645585 0.135207565409098
-0.395611291641166 -0.56010138757308 -0.114115644091237 -0.0265499004809175
0.0124965373574338 -0.678532979138312 0.0662284578047532 -0.0755475388812136
-0.0158400474197056 -0.54236787214459 -0.245023013680138 0.289416673062703
-0.38009434110843 -0.360831201802316 0.11904715961358 0.14321149187454
-0.465276793059775 0.0100879854154131 -0.038628703583516 -0.0742813435880048
-0.215205680829016 0.357367355646527 -0.14264370157969 0.000990626625238204
0.0534553360437552 0.400820134515366 -0.0820877292918965 0.200709955540478
0.250329951723629 0.296217003668273 0.131589288404616 0.188251477843655
0.325499001060864 0.150233230826283 0.186615106468358 0.0528941632730174
0.329641860392453 0.122301431454208 0.196460530088203 -0.00253287570385425
0.3056006815264 0.170307199842785 0.206305971429398 0.00857861926950164
0.251121533880388 0.344074040350572 0.193041796683524 0.0596209887706271
0.00373645933086561 0.430913595279963 0.126559419312874 0.117764978112206
-0.263687044092717 0.309852792076567 0.0304928925606087 0.187427185651472
-0.45823233964069 -0.0531212140828568 -0.0606689152133284 0.172817130482258
-0.311026181966837 -0.440976148345155 -0.0419404537281568 0.0803714691143225
-0.0166645448499809 -0.560637226243352 0.0600450213561875 0.121549948111602
-0.056372728847901 -0.418298168240292 -0.217915012366006 0.496498001697707
-0.327569063983424 -0.248889550416311 0.224361552424299 0.256057611868888
-0.345259529648461 0.0375357614912162 0.0461498225735759 -0.0547323463607093
-0.150639282051711 0.259264851108895 -0.134075339765865 -0.004305877507066
0.0315900371931059 0.28735317982137 -0.0823352502559059 0.25398431328299
0.174063386378855 0.222319209433874 0.191470875247236 0.270424333437026
0.232563788280955 0.130565752362625 0.290545790138947 0.119745267523235
0.229003626727198 0.118419248316784 0.300155959214108 0.0477732653816129
0.201187006836792 0.154806662335568 0.295846129302419 0.0575766476512196
0.139207137051382 0.24858941729406 0.246317307401113 0.113686655702382
-0.0380726623607016 0.261467534187138 0.137262139000786 0.156381179811581
-0.169885023489349 0.136406158685178 0.0341685943353877 0.165954560313782
-0.223574142279749 -0.0515850510726285 -0.00380004211184773 0.178695378358804
-0.177388221595331 -0.252632816012067 0.0109635334706923 0.143778915378541
-0.046413441528915 -0.357724781052758 0.0591687188448387 0.258741841159493
-0.0829288327549883 -0.219692343908373 -0.174658836400068 0.648039363903613
-0.204852157333847 -0.0953413614720292 0.300507319873588 0.343392794350426
-0.154141764859693 0.0538266239326215 0.134041023216785 -0.0337671456913992
-0.0575579661538851 0.107544195382572 -0.107207638276647 -0.0229746783566076
0.000683707223321252 0.120920830972003 -0.0837085219421997 0.26442323031611
0.0654113843133124 0.111219883144373 0.213570597602973 0.31720998627171
0.0991657630669566 0.0914315184388473 0.351367844336783 0.172718423741853
0.0936362391929281 0.0979207092612994 0.358978238472991 0.0886910769070874
0.0738966112552426 0.116855108504996 0.33631006237132 0.0939051143814402
0.0205556278350643 0.128414832436733 0.256920026189324 0.141509573348288
-0.0708784568286042 0.0814618154486164 0.126753461749964 0.159659370368412
-0.0702016442249789 -0.0235647108055296 0.033921436053287 0.11791476993532
-0.00324781794271329 -0.0360688727337966 0.038649148197779 0.157798779456167
-0.0531502378681928 -0.0525898382901394 0.0426277807905871 0.164537512121577
-0.0766431120529165 -0.122857283390462 0.0662467494770334 0.325441156693986
0.061117033204617 -0.057799579041416 -0.0849701355917016 -0.39362401629699
-0.0540277725685895 -0.0955144163583087 -0.139529034687753 -0.175929463221296
-0.121904779008677 0.00820115605118647 -0.098480909973081 -0.0916538384280583
-0.0131053730347266 0.121061599902457 -0.0355385651603116 -0.0316149502424388
0.0732730096904564 0.0716866790074888 -0.0561075880887994 -0.118685533317271
0.0828383716725454 -0.00425359869530725 -0.208210516027418 -0.156239492971005
0.0543529550601689 -0.0582155552433397 -0.318250413676013 -0.118454979681392
0.0409100335684602 -0.0664485988197819 -0.348945387184326 -0.103563003493643
0.0409638398920493 -0.0539090051782133 -0.347204957763246 -0.157549025858637
0.0592863441095907 0.00651356254991902 -0.223287670702501 -0.259529309200389
0.0480596728713324 0.0518737313693558 -0.00514571770671403 -0.24593693144414
-0.0308397177271599 0.0693377466991293 0.0678691918674761 -0.0115951095648296
-0.0908391324180672 -0.0472316182900777 -0.147945645888689 -0.0075562751119786
0.0330057687348695 -0.116022550847495 -0.262094643920502 -0.260443457367786
0.122303138291018 -0.0356044776909884 0.0751681430486807 -0.654295691174369
0.0740867816781288 -0.235632638884343 -0.125876943294525 -0.3623505652856
-0.120744983458243 -0.210064930949242 -0.144072582304538 -0.165638143582192
-0.222978314054577 -0.0249150683652786 -0.138107624757141 -0.0740936069852507
-0.0805846095270413 0.189126631843048 -0.0487436354719726 0.00742963312426995
0.0753496516111637 0.185962161745514 -0.0334597538207398 -0.0716088319073136
0.160327791246577 0.0954528229695425 -0.154419483997889 -0.137223201605756
0.174660283673242 -0.00712986499094805 -0.268876317886829 -0.125610744392284
0.181419902408963 -0.027174253937526 -0.301904785284558 -0.117838526487096
0.181935813252237 0.00305896784724331 -0.297611165981063 -0.157374550665825
0.185131617381228 0.139321139878113 -0.186116118764117 -0.23583980218474
0.0692951319687704 0.241937851052938 0.000169684083995015 -0.207065006068412
-0.137526780852275 0.230260902789655 0.0444601094377077 0.028781915810505
-0.319125376792391 -0.0409029819189315 -0.183313927301215 0.00182671540379453
-0.141627164702526 -0.305571940877656 -0.260739772857221 -0.267797678940311
0.0918276306536611 -0.305539251633896 0.0709704764125504 -0.607304258078088
0.0711166795965366 -0.390787269070094 -0.173503431698611 -0.274172266824497
-0.193286663314732 -0.304532514119791 -0.129403152517867 -0.135551301950633
-0.31841371734388 -0.0486289602673155 -0.160843699161407 -0.0682166417208177
-0.144984324112848 0.252707965839543 -0.0726723459598907 0.0227456180402233
0.0721858772257513 0.289353140293737 -0.0338660280801859 -0.0172884030214883
0.221354056037752 0.188026924970141 -0.092402793659668 -0.0894385040164207
0.274126576023545 0.0474491012536877 -0.184508947972969 -0.110331810273589
0.295049148122241 0.0155354614613004 -0.207843060051166 -0.113480111769262
0.29477661247304 0.060911359267416 -0.198757626627687 -0.13702552254485
0.284637044246716 0.257142362919083 -0.113538838670858 -0.182494883840668
0.0803433079747127 0.404692599555267 0.0195930166146943 -0.142734344039559
-0.232706300487274 0.365612562151174 0.0325624355414992 0.0753916609615963
-0.512121076740824 -0.0329816860195759 -0.18872797467236 0.0356607475701771
-0.298051309662836 -0.458032244992816 -0.236733454600598 -0.221640567064979
0.0533416334101565 -0.529800734292419 0.0654594956777844 -0.476621953618567
0.0499326396848227 -0.507674874369952 -0.213804905763214 -0.126762018761199
-0.280580473648343 -0.368596064988618 -0.0816523719957922 -0.0735290718144389
-0.411840975508377 -0.0427959084381563 -0.153761272116696 -0.0696031499602768
-0.194726333556055 0.321923741778945 -0.102625873252774 0.0199137322239132
0.0738602032830759 0.375400161563285 -0.0475397381903198 0.0493076362301664
0.266913495931796 0.259405518879933 -0.0207360573016955 -0.0143534087163772
0.339140765280665 0.0945133220768086 -0.0728464234279528 -0.0732329494665656
0.361758506187244 0.0549025150305418 -0.0816862889488987 -0.0925694512135025
0.358700008007076 0.109426278662458 -0.0675456076386142 -0.0996570043957947
0.337270484187979 0.3366726563007 -0.0136119801363488 -0.107737478355494
0.0794568959754715 0.505961421928794 0.0526093514087166 -0.0576235967909595
-0.292271045404762 0.445871010448992 0.0313502985440686 0.124118416351324
-0.622783146089563 -0.0226908367043041 -0.160584052035573 0.0844256052829641
-0.399723982098816 -0.542559101721546 -0.180762584156003 -0.130165070296744
0.0165950171267007 -0.658215892221423 0.0613800388029683 -0.28763670617855
0.00905009630459113 -0.56005671821671 -0.232334742656247 0.0708770493285022
-0.359238283133597 -0.384827375062906 0.00658541668001746 0.0195691691578449
-0.473575260594841 -0.0101014723412563 -0.112642110322292 -0.0703956438945075
-0.214607758075206 0.370499083093306 -0.128931926394436 0.0142398710775792
0.078584702426869 0.416731058089801 -0.0609558658319924 0.129377282679608
0.282706957449617 0.292599608004891 0.0607077539655801 0.0800544787327233
0.357338983138625 0.122082727630228 0.0551592561753041 -0.0184118740279628
0.37202484701324 0.085907405041132 0.0579249926435651 -0.0562340586761477
0.360747113310969 0.141352505641537 0.0725347235044535 -0.051861424759956
0.330990034806409 0.358500078950259 0.0956153096924748 -0.026566054255202
0.0638037910571919 0.514302704085931 0.0931854063981314 0.0340046988838833
-0.29451989575131 0.42875966796728 0.0375155197241199 0.163747123057216
-0.603270383094145 -0.0205575133298419 -0.105059696997024 0.135217363045041
-0.409707619670589 -0.528176478420686 -0.105450650618428 -0.0154606943878411
-0.0118922112125587 -0.665655711464701 0.0609079202923068 -0.0719550492935694
-0.034604127474015 -0.527023080048671 -0.222634707514993 0.291221296053483
-0.382099619610422 -0.335170214531662 0.120195054425817 0.129725232792553
-0.454030917181897 0.0276668418552505 -0.043439028288135 -0.0651999177033926
-0.195112099858209 0.35395170101065 -0.141430998645006 0.0112607891727571
0.0704608418697975 0.385660184602625 -0.0650343538493429 0.206141704334589
0.255002442654476 0.274099630835831 0.142467011611269 0.175962887093344
0.321771713712378 0.131204005219933 0.182642326414141 0.0429105319464112
0.324748660736844 0.102854077700592 0.188863265395536 -0.013037244336604
0.303721051495328 0.152437244782777 0.198170170931333 -0.00357790571575772
0.260570526004238 0.320787004301376 0.187882605198125 0.0444404476036022
0.0240177608699623 0.417447376571512 0.126459426455566 0.10561167688485
-0.243381719011975 0.310768339759535 0.0435858111746959 0.176230853041017
-0.44537801426011 -0.0332298604102053 -0.0411936514289699 0.166686524385909
-0.320491405817733 -0.414587778248425 -0.0318064726658533 0.0844149144417284
-0.0356514107256236 -0.549830488973656 0.0608701705419982 0.120008223350789
-0.068325442216409 -0.403306877314835 -0.189753024635642 0.492717760597713
-0.324277231603953 -0.228558031627852 0.226736498979493 0.234797915381112
-0.334686137107398 0.0497312727290516 0.0406607472095523 -0.0522506290295919
-0.136895509245585 0.256767313216641 -0.134052923490114 0.00470290573064484
0.0428985948138013 0.277662090067301 -0.0641735029614102 0.257350334599727
0.177771459898229 0.20707433604758 0.203118282961775 0.253311526580235
0.231187603169913 0.116515022619862 0.286989893910328 0.102520185558801
0.22734794076111 0.104668927940199 0.292480733990716 0.0314941574216455
0.202781431702348 0.142312797778517 0.286230213638224 0.0397105473840222
0.146391462090169 0.234293744052372 0.241295958077767 0.0941804670988821
-0.0253327102057272 0.256527133591512 0.138162332096362 0.141507587600408
-0.161389752386068 0.137339045649763 0.0437790827665366 0.154669937400467
-0.218963739755031 -0.0447501025696228 0.0133049282137488 0.169035513518357
-0.179888831206876 -0.238867415996939 0.0205354360062231 0.142138456942434
-0.0555316442704027 -0.347040369604695 0.0645171543289002 0.25198509902414
-0.0856185971093829 -0.208729981697372 -0.144521305413165 0.639121083215502
-0.198672429761649 -0.0829916301027049 0.3022631755087 0.316247090211872
-0.147206072215988 0.0556241056906957 0.126655402546987 -0.0382870808050383
-0.0534941184423997 0.10544907226976 -0.109970542345161 -0.0151957059522893
0.00486727919618346 0.11814930692781 -0.0684278761162094 0.26661101424734
0.0670358531771112 0.105513272201251 0.225394685902362 0.298519575876737
0.100465527554394 0.0854172376676468 0.348840731452174 0.150318155458041
0.0962691829725032 0.0919364582183729 0.351997108928942 0.0700656107373661
0.0780804797891205 0.111315250489099 0.326769472297034 0.0738575908741114
0.0245064332364987 0.124119845011942 0.252111035249558 0.121719223136892
-0.0671495577413831 0.0838752291942318 0.12780803457639 0.143682557804113
-0.0722698644927904 -0.0214613629550668 0.0388393516629484 0.108641479235758
-0.00515128350198821 -0.040371514371557 0.0527616559081415 0.146636657352789
-0.0492232005893964 -0.0491396429466115 0.0507806106548402 0.159457048962853
-0.0745653249226014 -0.114017845314005 0.0727339317153665 0.315108204839983
0.0476547429045038 -0.0674199513239094 -0.12462963057324 -0.361872660876269
-0.0644256137377041 -0.0829973569524399 -0.151000566538531 -0.148953777977539
-0.114876765687943 0.0248046252030293 -0.103125856856394 -0.0697862451012643
0.00298317191257074 0.114232374872328 -0.0340476230731488 -0.0240925247702949
0.0788499783586696 0.0571904498058905 -0.0632418743512749 -0.106524327306386
0.0771208499872483 -0.0148583600450189 -0.213040485804765 -0.124988629972733
0.0408832242956771 -0.0608141863870372 -0.31755925275527 -0.078483841994244
0.0294164962129845 -0.067094286130931 -0.340366668168334 -0.0587595657293987
0.0303993651119818 -0.0541502258257988 -0.345991719174201 -0.112070986099393
0.0579074388706505 -0.000624795067964543 -0.241309023517777 -0.220828417936266
0.0515002609839571 0.0431881310290623 -0.0303468174741027 -0.235334622096565
-0.019242277004109 0.0668997871869429 0.0689561522900989 -0.0195111934791423
-0.0908393535714583 -0.0289357285897172 -0.14000891635829 0.0129897376633667
0.0121845148668345 -0.105902556378891 -0.271897998338301 -0.216989469796285
0.0984364240176696 -0.0521440200497804 0.00493517096422471 -0.634550549552091
0.0384393222004784 -0.242483200545124 -0.157874044784227 -0.311528731219815
-0.138855543814177 -0.185439660068364 -0.151860278090546 -0.134734833710847
-0.215593938705348 0.00380541360323347 -0.133171158082033 -0.0453038269818696
-0.0547192466285864 0.184818929230189 -0.0375883272649042 0.0132871656087682
0.0921574271065727 0.164006574119381 -0.0332363258432942 -0.068823828673285
0.159864562986428 0.0709867432915163 -0.158502530003681 -0.118234073088342
0.15906246069441 -0.024987992068475 -0.269120794961936 -0.09482680822435
0.165158982964109 -0.0465031204778333 -0.297480844773148 -0.0777273326739165
0.169821227403115 -0.0158846240685614 -0.29590217947601 -0.118533757083917
0.189506706487027 0.108575100827838 -0.199184208578766 -0.202565983310709
0.0939402662654664 0.217689507066853 -0.01590964983744 -0.198823004712139
-0.101510998421236 0.227291922816543 0.0554438039701712 0.0261185711315857
-0.302791763522261 0.00356169720991574 -0.17592286892743 0.0308367676528011
-0.16835139884593 -0.262401187566652 -0.283608298030817 -0.22645230791771
0.0388987366593084 -0.298895585970676 0.00485565126525571 -0.594846674285547
0.0179730985411269 -0.392122658056365 -0.189579307421632 -0.20930541991966
-0.215897274435258 -0.26978440446265 -0.131815546440864 -0.105078334900658
-0.308283248982703 -0.0083491654882298 -0.149648746572805 -0.035328384152491
-0.110472306743172 0.250561711016802 -0.0549599449838973 0.0309445592181671
0.0993297998493586 0.262136366352282 -0.0229160126120924 -0.0203521993384435
0.227348447018245 0.151613955908884 -0.0923380986151459 -0.0853053662568738
0.257696573771726 0.0153436129588369 -0.185332437793611 -0.0924376548834769
0.275931353608169 -0.0187590593740323 -0.208384808625735 -0.0856115530120967
0.282099669356288 0.0254551535880753 -0.199110012337665 -0.111740900466826
0.295000862750377 0.206783585994707 -0.121161309758304 -0.162062160490101
0.123429521251137 0.369139498749146 0.0134758195339973 -0.138832242305219
-0.177661761882603 0.362525094271661 0.0522643122448263 0.0750441848787638
-0.480817197351909 0.0333011024576564 -0.181020715884992 0.0677128473332307
-0.328084243649959 -0.388673047020842 -0.266282367810875 -0.189361350089721
-0.0211156277412956 -0.502038888060383 0.0135672869109137 -0.477653998149575
-0.0156020028902173 -0.50197330198568 -0.208209300013267 -0.0546063552370121
-0.303378793133771 -0.322915030344514 -0.0773928779047161 -0.0519030450123306
-0.396784745497681 0.00519891225020134 -0.138423389675177 -0.0369577423442958
-0.151413991476505 0.319452861192475 -0.0818364897820345 0.0309398576197892
0.109338208753643 0.343357082107304 -0.0253946211076734 0.0430037070343143
0.276428250637871 0.215399892299567 -0.014624571597782 -0.0255921893326863
0.32479466192093 0.0535947391528733 -0.0726757225973764 -0.0715573325628388
0.344573832902662 0.0117800768532936 -0.0870679095718266 -0.0804615707424025
0.347567654594692 0.0622366824167261 -0.0700912425888938 -0.0910385700349191
0.353183630612887 0.274127885772016 -0.0159387598538575 -0.103436164585485
0.133062513302477 0.465300422854923 0.0561097904389294 -0.0605012424967546
-0.223660917407254 0.443278064655306 0.0579556438868473 0.123663073982407
-0.584344961768914 0.0540263952706203 -0.149476416758443 0.112652821385098
-0.430011026097455 -0.455940751655032 -0.208929148168516 -0.108402137641747
-0.066468253748656 -0.617920704224386 0.031387810604944 -0.298295630185153
-0.0603579228876837 -0.546843698750621 -0.201219213027123 0.14024681816039
-0.376463861548541 -0.329864687520806 0.0188706516463088 0.0265971036406351
-0.452033246497431 0.0412109273929592 -0.0955059542929101 -0.0445308403043263
-0.166780420500446 0.36886172465571 -0.107090555850511 0.0284903830855912
0.116227964304341 0.383831238513651 -0.0277189589985856 0.118985219378828
0.295304950935939 0.245806435680897 0.0738919106419036 0.0528464810568444
0.345780148210612 0.0785525962500868 0.0568202150703012 -0.034438640592485
0.357997085430681 0.0394290130625655 0.04824343966853 -0.0624187502192144
0.354208872559327 0.0920239347146629 0.0676197688446031 -0.061762315351323
0.34776754595567 0.295811938383374 0.0967696265574443 -0.0394403111388438
0.11822087113582 0.471753320675798 0.104096337852627 0.0214009058427756
-0.229251051334045 0.428088533833949 0.0665317803509939 0.160033247932482
-0.563615234725696 0.0522237114239697 -0.0902908250638996 0.152064095527269
-0.434017911798578 -0.444183919341894 -0.124224296929728 -0.00880207196642004
-0.0911618811693754 -0.618504996727789 0.0518952430000749 -0.0921784415246318
-0.096375573019993 -0.507492550652193 -0.165180939607474 0.345984653742701
-0.392517348627519 -0.282000728890853 0.139305219099787 0.116450341960918
-0.427618951411302 0.0737883351589135 -0.0301193471141163 -0.0512570322762647
-0.152067850781643 0.350878793614987 -0.121725396185999 0.0269373717031008
0.104041893297242 0.356790615779394 -0.0235907403402666 0.194689964476456
0.267896554810534 0.233147541333673 0.162100118686659 0.135927542638179
0.315248793954801 0.0900389712494275 0.185955859603835 0.0118802369710918
0.316060251400864 0.0605518098628427 0.17715123179871 -0.0356683092827498
0.30193435674139 0.109222813263625 0.190943484897266 -0.0286140318273932
0.278276181693473 0.267841226723547 0.190221542648334 0.0170153481686527
0.0714154396898904 0.386122257878226 0.139365832523076 0.0855779161451076
-0.195255082664491 0.311418933391993 0.0690914638615107 0.168903609659009
-0.419627603733931 0.0183638369246382 -0.0230198136875056 0.169811864491013
-0.337857934742392 -0.349173771946217 -0.0382737026751635 0.0777473878663464
-0.0954172740495902 -0.506871908861957 0.0714211211241439 0.0945053479993452
-0.111052376816983 -0.380232463046147 -0.112645435485028 0.523970770531606
-0.324380585861244 -0.184541320248184 0.249134326035578 0.200365263672835
-0.312051185176448 0.0792171893926216 0.0459459430252361 -0.0518418617409024
-0.106498170352246 0.25327137168265 -0.120366860021401 0.0207005282113862
0.0666572035444458 0.256921081807358 -0.0207954448105018 0.247311458257829
0.188157663969329 0.177683556757726 0.228064177549417 0.206528043453309
0.230549753824914 0.0862559220174953 0.291356241558163 0.0596895871714748
0.225650415824042 0.0735810929343802 0.278734255416971 -0.00508595515677513
0.206845245075931 0.110862610190922 0.276593818998441 0.00338289090705388
0.162305474355292 0.20026011489067 0.242139307786817 0.058597615437509
0.00488227268607011 0.241722233872294 0.149966714574224 0.11797849409272
-0.137400523703793 0.142795207613094 0.0612691736877495 0.144431878263639
-0.208782679573025 -0.0204476704277203 0.0326065597632335 0.158030126084756
-0.187652603905003 -0.203475760179702 0.0269810147531406 0.128456520653573
-0.0852278088100705 -0.315156150394313 0.0865891295481239 0.225973533126721
-0.102767691429294 -0.186983499411688 -0.0562423510986777 0.641840608559771
-0.190297240647236 -0.0591988554611805 0.325574813756119 0.263434052172365
-0.132858394030493 0.0648911889882877 0.120123804689747 -0.0527166353209961
-0.0427217675493766 0.10261905024948 -0.105486573547826 0.000287262024977075
0.0137921578899926 0.111296487396555 -0.0275680611854604 0.262357059359599
0.0732129958159643 0.0939065614371964 0.252383999362143 0.253459567505345
0.105251981565918 0.0707109502162986 0.353491241130883 0.102994063248213
0.102413601363333 0.0764521178007146 0.339123746641425 0.0254224862360224
0.0871588805249097 0.0951318582873276 0.315952932386041 0.032872268588591
0.0347896591931118 0.113177214554539 0.250565909483764 0.0832033365672482
-0.0551731691000599 0.0861639596208151 0.135188593322184 0.120441232378122
-0.0724769146071675 -0.0138760614535172 0.046953607200805 0.0963095489208769
-0.00872739936403537 -0.0427116872736105 0.0706452823677766 0.12695470121906
-0.0449734629676062 -0.0428734310333391 0.0652186386317745 0.144940405661761
-0.073539901551747 -0.096079188992467 0.0986229931597339 0.290591522757273
0.0440560307418877 -0.065079129984853 -0.108454150012604 -0.350123973616322
-0.061914780282605 -0.0777627533188192 -0.142594068878375 -0.145385063964402
-0.109578587807018 0.0245032402416588 -0.100897176865416 -0.0630446354478761
0.00414303224953621 0.108386790170886 -0.0306231783812159 -0.0198209534877502
0.0759715629624394 0.0532361297944694 -0.054393042112538 -0.100238593206431
0.073180541844515 -0.016000043513418 -0.196956924763455 -0.120487182182788
0.0385130809221866 -0.0583636041813007 -0.29805506669996 -0.0782230313608623
0.0273630369978261 -0.0639519206476607 -0.32488146828199 -0.0621114177348218
0.0279697374640517 -0.0508991252275924 -0.328697814300701 -0.112668226581913
0.0561270171782799 -0.00111485490287958 -0.22929365988232 -0.216126419033508
0.0507472374775458 0.0399510770480764 -0.0265810419690228 -0.228290392982909
-0.0173464741131611 0.0632462247507064 0.0704409846164317 -0.0209491535235116
-0.0863610729194918 -0.0260711098197998 -0.129685672651891 0.0109538524816913
0.0107889929824482 -0.100146914344502 -0.248040674715329 -0.207870484073107
0.0920158009869104 -0.0505830193854616 0.0181558891496274 -0.604980282301889
0.0390104832405805 -0.23301646554541 -0.140142817380025 -0.304509672986389
-0.13077995539793 -0.17730548375842 -0.142857587900592 -0.132892821401123
-0.204826520819351 0.00346846682176709 -0.128846108440876 -0.0397566504059635
-0.0520446236271747 0.175036970801544 -0.0340613334241933 0.0163844837130377
0.0867365138637042 0.155629668453659 -0.0243743147596319 -0.0637314598355211
0.151020700706673 0.0671832980088884 -0.145069549210086 -0.114826079798803
0.150270779893292 -0.0227848720264333 -0.253285621906698 -0.0933568496223903
0.156291389386562 -0.0428050463479218 -0.2836389689817 -0.0802963137800622
0.159626962743096 -0.0113660841525735 -0.281348024267488 -0.119122990320175
0.179773516629937 0.104708120200148 -0.189037427245793 -0.198354455696812
0.0879743751741598 0.206828993178226 -0.0124925477326828 -0.191696595166241
-0.0996407359193611 0.213800986627856 0.0577948094673891 0.0218356341777581
-0.289035194178439 0.0004491553188774 -0.163439750146861 0.0275612563814241
-0.158497084250772 -0.253801885549407 -0.259757331379453 -0.215928096035283
0.0407711966540747 -0.289034079413739 0.0184551800905759 -0.567412505132002
0.0216242190378841 -0.376519788385767 -0.171928848151823 -0.206689926953405
-0.201309514021 -0.259156794934282 -0.124539104428773 -0.10506003429531
-0.294454959157246 -0.0103720175985412 -0.143813109316968 -0.0301000887145127
-0.106598641407492 0.236072572223406 -0.0518957298027483 0.0331612332557125
0.0922968654340044 0.248951343313074 -0.0145046950315013 -0.0168855172119348
0.213346398041789 0.14579401670961 -0.0824545246929229 -0.0833698360190846
0.244113289913686 0.0173618779749663 -0.174465514873896 -0.0900600083364637
0.261870682366382 -0.0145451998487646 -0.199472252305443 -0.0857994193522959
0.266675530281557 0.0297816083061596 -0.188526689719133 -0.11103931202758
0.277547633231619 0.200601838731513 -0.115089138634688 -0.158316885142409
0.113142283544924 0.351929660783437 0.0142034214991139 -0.134015697565529
-0.173965031118898 0.340472280822941 0.0543522785315261 0.0690142042682673
-0.458937424924152 0.0248604171816519 -0.16712645719729 0.0606625779076879
-0.308596729307564 -0.378189752076828 -0.241902900161578 -0.180838076778128
-0.0119549806152802 -0.484135705641262 0.0255326634493339 -0.454188488551305
-0.0068656672776442 -0.482396213183485 -0.19359594523487 -0.0592306644502998
-0.284948699328372 -0.314242048756279 -0.0735854142055331 -0.0534577850523745
-0.37939746330162 0.000758457768656436 -0.132400484965191 -0.0318382784369864
-0.14928075016849 0.301317980758943 -0.0782728475708771 0.0341775872125387
0.0993178495560427 0.327358559318086 -0.0171866503509337 0.0443090708454887
0.259766257542826 0.208229479358404 -0.00898753341454449 -0.0265806598703327
0.306827283800176 0.0542000751615517 -0.068056487115663 -0.068499300249894
0.325932143177061 0.0147676532051778 -0.0838349231295209 -0.0789534118660749
0.328474117853066 0.0669668734926815 -0.0669309404840911 -0.0898229244289257
0.332570522846947 0.265098043536428 -0.0157864008384231 -0.101588573750634
0.123338722213164 0.442503810363873 0.0527025016455786 -0.0583204283764166
-0.220831504671263 0.417328438798984 0.0578918082910297 0.11388821078511
-0.55706112151027 0.0412178267984943 -0.137492438624751 0.102624309508884
-0.402718020131546 -0.445905829192547 -0.189670471486175 -0.103436646270757
-0.052630956447926 -0.595823848291926 0.0360148637604471 -0.282791678228763
-0.0450019343379369 -0.525153132402422 -0.191328779317456 0.127931282416364
-0.352256123130287 -0.32211424686516 0.0160266949584539 0.0220776284010643
-0.433186956852605 0.0322843443780773 -0.0917427051155101 -0.0383083405308176
-0.165228864420101 0.346551445483997 -0.103223694610718 0.0313390630384662
0.105627446142229 0.367205958492944 -0.0204542042849268 0.117231367189679
0.277396787988252 0.237549403036394 0.0744278985212347 0.0491637053136314
0.327202642001428 0.0796412776239253 0.0540427828665748 -0.0313670749424112
0.339422659083792 0.042218107366116 0.0451203057628307 -0.0602423376618747
0.33472028095998 0.0953042582144866 0.0645544065851517 -0.0595636722612298
0.327769503626715 0.286147767222784 0.0905853261237998 -0.0391349749356735
0.108837166026597 0.450118431117073 0.0969321516531388 0.0204619025742172
-0.227250911076356 0.402690605368588 0.0653852882059383 0.148471240423199
-0.538960717930976 0.0394011461108108 -0.08104931867527 0.139498314631233
-0.406349637894094 -0.433024895612553 -0.111319519111586 -0.00800723768639277
-0.0751797205710185 -0.596225637274425 0.0515193487987027 -0.0853335487611116
-0.0802319947825474 -0.488433486017346 -0.162542618186512 0.326478110625876
-0.365103681290839 -0.277627289785877 0.128607082248481 0.109615826629357
-0.411114254011209 0.0619138191736129 -0.0284494784297454 -0.0446752368933579
-0.151364205691973 0.330785554482473 -0.118639002107435 0.0289442785377365
0.0937038436825853 0.34156094096363 -0.0189108305483848 0.190994426055466
0.250620671518894 0.225262070222678 0.156884550937247 0.130475343000316
0.298259463804317 0.090493661123754 0.17637157759628 0.0143149073737993
0.299677355807597 0.061908167898812 0.16813734572982 -0.0320943385313756
0.287128953342662 0.109818465870688 0.180338609109387 -0.0263123295926538
0.261627810660003 0.258493224898467 0.177827800521958 0.0165881442940544
0.0639567887519427 0.368530135951697 0.129468795067552 0.0814405455061417
-0.192551333071599 0.291827663657393 0.0662845382031493 0.157175948796988
-0.40094562526828 0.00961021539900899 -0.0178470495437414 0.155578616000047
-0.314548972459462 -0.342438978864537 -0.0318776049885578 0.0754057918707786
-0.0787039825133997 -0.48830596337938 0.0651495687738405 0.094372044375317
-0.0952341212147312 -0.365853783158121 -0.115678082689897 0.498413057330603
-0.302316481083303 -0.183587778162104 0.231065073428458 0.192133057274425
-0.298749151271927 0.0684262168722487 0.0429973860753745 -0.0462337752854594
-0.107332276097981 0.238132594059102 -0.118315348798089 0.0221359847985712
0.0577855414305743 0.246553727936882 -0.018729554684002 0.240912514358689
0.1752592631931 0.173405815526554 0.217894612018977 0.198522351621345
0.218506178794485 0.0867016844954334 0.275524794887142 0.0607035646346819
0.214823812994059 0.0736812136333653 0.265306652573428 -0.00094645069786108
0.195838811017995 0.109232964112943 0.26098858589054 0.00735963187716618
0.151486910173683 0.193502291000834 0.226487555485684 0.056102704136312
0.000863399263617435 0.230653201309118 0.137981936294417 0.111546616213508
-0.135940048545742 0.132316156213751 0.0578902585139928 0.134115848865709
-0.199139824770837 -0.0260299412436663 0.0346902445154137 0.145833865464949
-0.173230622884596 -0.199619514898281 0.0272360135630247 0.124315189618918
-0.0718262611132595 -0.304041702201928 0.0760462782857937 0.219740041221053
-0.0908629636575398 -0.181158676207842 -0.0677349248055627 0.613969283669792
-0.176667678478847 -0.0614120837976467 0.302103137113415 0.255740205463446
-0.12769907140008 0.0574587538427584 0.113812815319317 -0.0478609795865427
-0.0447666921457507 0.097025178577103 -0.104513988352936 0.00191296336522668
0.0103512161452441 0.107350144507429 -0.0276911967316422 0.254672740983021
0.0669329177111628 0.0918996735346656 0.240286169681119 0.244738155638344
0.100197930950266 0.0703429217056581 0.335100860463487 0.102767599918409
0.0975364915891231 0.0755916189971883 0.322657038100333 0.0292802268322954
0.0822686303717916 0.0925370311742691 0.298037522205176 0.0354606052669037
0.0314296061929805 0.109008718542371 0.234027448755749 0.0807794440712857
-0.0548260630310166 0.082869746798201 0.123547470847437 0.113260626102456
-0.0719529113078381 -0.0147776327787101 0.0434356198807988 0.0885858126456628
-0.00860784933770621 -0.0442924409892103 0.0705154117662318 0.116133700354342
-0.0390477557999214 -0.0428302390035289 0.0620878464841128 0.139483510177386
-0.0638373230767186 -0.0927068563537301 0.0852676084501409 0.281878757876131
0.0437578903550084 -0.0627684449101668 -0.0881916261832052 -0.352235453418767
-0.0592726673481159 -0.0761940053322575 -0.134230347896741 -0.150031016964315
-0.1085022223551 0.0226027534370579 -0.0994040530996097 -0.0607257365511707
0.00289257240416353 0.106000651944314 -0.0282272486818288 -0.0169572526063451
0.0739329525098278 0.0533034343070391 -0.0443020952174586 -0.0984690680855643
0.0720073912743373 -0.0149729774292136 -0.184839229989944 -0.124939248085339
0.0390499177926392 -0.0572445314289301 -0.286433037238229 -0.0884623192288942
0.0281505667975759 -0.062493382649589 -0.31701945419882 -0.0751137646718675
0.0285762099844585 -0.0482969374289627 -0.317961074630585 -0.124220219008183
0.0559062563930541 -0.000527566441318786 -0.217989363054607 -0.221954977763423
0.049912445189565 0.039142108337334 -0.0171582759060181 -0.227311188125101
-0.0173447111191518 0.0608587721559486 0.0736034055076624 -0.0210572012037272
-0.0841622021421433 -0.0262128664361453 -0.123509003425688 0.00592654963850446
0.011671767720845 -0.0971077668955188 -0.227982144360511 -0.212873332648301
0.0895932902463493 -0.048075307273321 0.0474854429581906 -0.593449196802852
0.0457015072342732 -0.228335256003119 -0.121145710198207 -0.309024459231924
-0.122270733161728 -0.177680340582318 -0.134144502684777 -0.138270739274094
-0.200875875032495 -0.0021938887126982 -0.126930371591983 -0.0387863078721312
-0.0562335325139291 0.168262025860312 -0.0331536149786745 0.0190469964805844
0.0801929594902234 0.154083784930407 -0.0160575711824178 -0.0615959513091795
0.144619535090894 0.0695379021126934 -0.133892533973099 -0.118724849853995
0.145952918068166 -0.0167897660563287 -0.242217492081281 -0.101806901115274
0.153216702615757 -0.0363871892010406 -0.276388280886812 -0.0907077694557159
0.156030289077652 -0.00420303524588241 -0.271957691691863 -0.128948378462132
0.173099038507976 0.108124883570979 -0.178420125850719 -0.203897118414226
0.0795623676289485 0.205094707593287 -0.00552181480572895 -0.190571644504893
-0.105386446895896 0.204557766726742 0.0605357791873871 0.0205135992164768
-0.282880003676609 -0.00981719692671085 -0.156394641770421 0.0207955364222898
-0.147107525399088 -0.256257617862961 -0.237658755403415 -0.220972898661887
0.0502488904499005 -0.284865519711217 0.0454137468213645 -0.556708880171535
0.0362242339612359 -0.371334869907934 -0.156452753627777 -0.214882098758104
-0.188571473954923 -0.262989520046062 -0.117629332546663 -0.111848300122047
-0.287694294876283 -0.0204730125791746 -0.141818538339557 -0.0298177641698608
-0.112890759254191 0.225641419155035 -0.0514860156220653 0.0354572372832948
0.0808973226930263 0.246451851952054 -0.00690777665119502 -0.0145484196234898
0.202868096898063 0.149482233441075 -0.073572129528124 -0.0865673216714652
0.236791818200582 0.0266354172983943 -0.166784121804773 -0.0950406478424257
0.255697561818047 -0.00447753920677723 -0.19392336574816 -0.0934647929926742
0.258995311996116 0.0411829923393899 -0.181932494175997 -0.117899825651501
0.265847748753506 0.206375344186232 -0.107499739963922 -0.161579099421566
0.0997657823021645 0.348449087563309 0.0184644911029678 -0.132288797805604
-0.184365098827984 0.32597394204389 0.0558085074825364 0.0655166700919051
-0.451843078945375 0.00467013582547885 -0.160891158849007 0.0517952516254437
-0.28744982341234 -0.385637401251278 -0.222632252033227 -0.184927512056979
0.00917868592630192 -0.479380970317286 0.0464185281198763 -0.445056116319966
0.014016420832052 -0.476810981274278 -0.184260770819937 -0.0700179162615059
-0.265424856301381 -0.321205025974429 -0.070446855945148 -0.0594110865205107
-0.373560982161095 -0.0144637896633457 -0.129785675966463 -0.0306903392316554
-0.158168950201372 0.287184561569978 -0.0775086036478605 0.0358827468429038
0.0848252565294555 0.324477165455079 -0.0111230164903597 0.0450575890007633
0.245923039617624 0.21325699170593 -0.00308332892295754 -0.0285267995064701
0.297289243801198 0.0652146264966512 -0.0637269793370926 -0.0692446514418793
0.316896620489872 0.0276152471742873 -0.0804261398208647 -0.0820056437068035
0.318981261646105 0.0813805147458286 -0.0627375615190197 -0.0923396939996082
0.317539588250001 0.273500129032773 -0.0131133240610752 -0.102435122171904
0.104345596135958 0.439821019017392 0.052429997015854 -0.0562205987438788
-0.234371518084066 0.398789315548146 0.0575909582946097 0.109079133368176
-0.548790651679551 0.0154550977213077 -0.133223648533033 0.0923063539125562
-0.378007216794952 -0.456591303194207 -0.174265207898529 -0.107360699998238
-0.0261118297711256 -0.591066773352014 0.0497067506678863 -0.275085994984186
-0.0226548143194415 -0.521363699914238 -0.190673676258549 0.115884255155721
-0.332390422387538 -0.334143424829561 0.0139673960134757 0.0186780357947163
-0.426725192061285 0.0135977748329436 -0.0897107362741666 -0.0368195110406329
-0.176582391054973 0.331491683698189 -0.103506787812004 0.0316210028592656
0.088498466082202 0.363452312891228 -0.0169989818439555 0.118310461645969
0.260878952917204 0.245428484056029 0.0758625398057947 0.0489748476420114
0.317640302821114 0.0910568459514396 0.0534998212490618 -0.0279688681357696
0.329255703314968 0.053529841956562 0.0450590932588878 -0.0574003627947608
0.324212707683408 0.108670384009567 0.0638294324518286 -0.0573911498562117
0.311138505447812 0.293142644330758 0.0886793821235438 -0.0369399482334573
0.0893708586235376 0.446833875801797 0.0919580948163632 0.0229577664415946
-0.239778766138357 0.383066710530088 0.0621639658695252 0.143521763561948
-0.529788914917697 0.0131788624537105 -0.0788723009966391 0.129213345299138
-0.381568032476905 -0.445410380129558 -0.102116232523013 -0.0109054658986106
-0.0459442413866105 -0.59389508815501 0.0542215921303928 -0.0799707301444133
-0.0554302423904031 -0.484291790172044 -0.172015437198714 0.313111509958626
-0.346457123987884 -0.290873468149413 0.119720610133639 0.110048147520677
-0.406056192181352 0.0416376398190786 -0.0281778674901952 -0.0416970511679768
-0.163185739985818 0.316832091956315 -0.119424539157885 0.0287027385866221
0.0770838302713731 0.339502726186323 -0.0193391331761754 0.190132113263898
0.23594904494802 0.232272878355424 0.152612221536016 0.132082269913238
0.288844246433553 0.101203132409982 0.171001176111374 0.0213733548739867
0.291337654854866 0.0727439163625308 0.164847768454628 -0.0251360697295627
0.276365598932948 0.120462368364306 0.175609113636342 -0.01978188579659
0.246782274649777 0.262813727449941 0.17168633941548 0.0205402401751545
0.0472853334635976 0.364941514425114 0.120689514941042 0.0840733250115834
-0.201801258274483 0.277123224473131 0.0615979008459209 0.152159560674994
-0.394190828132732 -0.011745495352835 -0.0177101961751098 0.146450973585914
-0.294686713973676 -0.350545198501876 -0.0288886009995385 0.0742870751790243
-0.0536373379510715 -0.485442335751815 0.0595528375887598 0.0972614365824793
-0.0745240319574708 -0.364839024441321 -0.136679567043311 0.485783690727452
-0.286919483897086 -0.195571806014449 0.215775474988026 0.195344405304021
-0.296212012414533 0.0522003455898778 0.0428341588000403 -0.0425706581950049
-0.117111272391434 0.22822841826517 -0.119573294590971 0.0209901892763259
0.0455902697068777 0.244479876624084 -0.0230196304684239 0.240452039829959
0.163211412572892 0.178611809332615 0.209971255223565 0.202456992745505
0.210971043079235 0.0946217332789253 0.266777545935691 0.0718319178987329
0.207682064152914 0.0817768902750906 0.259170703228762 0.00997460955656276
0.188204110624626 0.116164273163584 0.253234044897117 0.0168649163345606
0.141201777965478 0.196293709373155 0.216687190624344 0.0614252004334999
-0.00858800940308499 0.227205178029108 0.127631685470667 0.112867251773578
-0.141053784213704 0.123252148964988 0.0523445996300968 0.129363944081412
-0.194378004050456 -0.0368430131158282 0.0336848083615928 0.137832612594824
-0.159806474583858 -0.204831169377615 0.0250501019020801 0.123992202934869
-0.0535938200436215 -0.303375145469544 0.0633372479429289 0.221331788591308
-0.0775159351456005 -0.180731233951649 -0.092622268841124 0.601752446879359
-0.167444541916262 -0.070044431025686 0.282256153114295 0.261142964793256
-0.127286474953859 0.0479065084542044 0.110170599345683 -0.0426801945126514
-0.0497547745457612 0.0923837377922558 -0.106715862109636 0.000564347154329536
0.00434356527636533 0.106412178235058 -0.0354632011776332 0.253194104935053
0.0608844075902754 0.0952195369447241 0.228658158355473 0.24977669942828
0.0956078124298497 0.0742443332907412 0.323643519146441 0.114719221404727
0.093853836888507 0.0789858709128858 0.315050507284368 0.0419108534091998
0.0780787115666326 0.094480698772625 0.288158323051384 0.0472376630275103
0.0257746785549364 0.109206166344117 0.222620227475241 0.0862134561954701
-0.058776102470701 0.0806495938317587 0.113111054039168 0.112846254849508
-0.072853459073586 -0.0180316737121517 0.0384053163601253 0.0854611074564481
-0.00686608701911974 -0.0475839678031869 0.0686853231816602 0.11118558893824
-0.0333628086941496 -0.0456751406322026 0.0568703891715041 0.140090443233528
-0.0536755004808122 -0.0935161025591154 0.0681806972519694 0.282874024753674
0.0443182350046644 -0.0632211650733985 -0.0713548231541021 -0.367975966089923
-0.0588693193915684 -0.0778136306117912 -0.130978647206053 -0.160814065988373
-0.111311724617565 0.0212406741233464 -0.101486982912633 -0.0614883029666513
0.00120987029958432 0.107387589034879 -0.0269507055391582 -0.0142801533900953
0.0746417886941966 0.055546710989281 -0.0367074272107565 -0.100690382455651
0.0734822585926574 -0.0148034138843483 -0.180262672897629 -0.135090973683728
0.0406859895625588 -0.0580103424436191 -0.285554201131338 -0.102560876086609
0.0298429809815558 -0.0627775082235335 -0.31996514207594 -0.0904259640704823
0.0293473402166126 -0.0473808871011803 -0.320914701727491 -0.140581276606297
0.0578262751455577 6.01590791531352E-05 -0.215419180411084 -0.23670814900837
0.050848251603325 0.0402986368750036 -0.00935171137203644 -0.235459803535884
-0.0186614178766873 0.0609358855184901 0.0797921367529571 -0.0217505915697102
-0.0845941506313227 -0.0281439440210264 -0.122756121778732 0.00178450663655308
0.0131440058384221 -0.0975644579215147 -0.215342331380761 -0.224472047818457
0.0900051384878339 -0.0470729133980271 0.0774784639646365 -0.605842650314291
0.0542917506631829 -0.232261628237152 -0.10616517314828 -0.32565912477167
-0.118420894753931 -0.184819015242596 -0.13145450445063 -0.149498645120172
-0.204411477228257 -0.00839507075643823 -0.130437442395444 -0.0392393333268483
-0.0611989499579149 0.167361280183068 -0.0337354482425674 0.0217437303694086
0.0762981895568123 0.158465107237312 -0.00781569930576603 -0.0625246797652572
0.144218460752503 0.0746096313955317 -0.127722146589078 -0.127890197842037
0.148853319092627 -0.0123930293469276 -0.240517957075583 -0.1133914608204
0.155830519931276 -0.0311420475852272 -0.27885746713745 -0.104900867749616
0.158281197019089 0.00349133860287373 -0.272370511067396 -0.144926958727385
0.172649378257774 0.116956481967849 -0.175646156775973 -0.217121070262565
0.0742505420193961 0.210589603351442 0.00171180640191716 -0.196675987612888
-0.1149326629982 0.203143915130782 0.0661872059214379 0.0195078952452371
-0.288700680948632 -0.0220994333919605 -0.15555725878056 0.0141014604186787
-0.141001076742969 -0.26818938693869 -0.225233942200746 -0.2340067999379
0.0624648821424651 -0.291862459549227 0.075181561637868 -0.566925996319565
0.0522081619421334 -0.379240698981458 -0.146541825515755 -0.230960152302161
-0.181742510323325 -0.276007771154204 -0.115441672051827 -0.122368126503346
-0.292240763852859 -0.0311401141113377 -0.144318451794646 -0.0305564521002906
-0.122839206520011 0.224103103772352 -0.0527993173484955 0.0384639239058448
0.0729415043000044 0.253870155149346 0.000600444479789406 -0.014208122743623
0.200842297572175 0.160163703608304 -0.0677325840326602 -0.0932673244686854
0.238946557264707 0.0364249526113811 -0.1641517301279 -0.103405344001275
0.258307938549481 0.00559019221213028 -0.195652129429284 -0.104498848325271
0.261991575307461 0.0545976548641608 -0.182109275596732 -0.129557029512427
0.263254502846439 0.221387794550205 -0.104850326417607 -0.172308409736443
0.0879617874511748 0.35866229643988 0.0229564471123431 -0.135182866468854
-0.20164319307338 0.322663019671136 0.0601010903401521 0.0646873565791459
-0.462024101294292 -0.0153848960742141 -0.160631698044455 0.0446331202443144
-0.278013632567297 -0.408095915163577 -0.21092695320732 -0.196868716888399
0.0306627528435139 -0.493707273210349 0.069298852782025 -0.453283088348723
0.0347092296499019 -0.489269313789676 -0.181307384027039 -0.082977951914525
-0.257992859045654 -0.338851527913273 -0.069612257688654 -0.0680574380012708
-0.379872143805787 -0.0289579109027689 -0.132497869353717 -0.0316304090478241
-0.171917772671394 0.285242312605998 -0.0802036338003003 0.0385604007374478
0.0730604036533307 0.334515899314432 -0.00526832321074061 0.0478862587365183
0.242381509036067 0.227869874706269 0.00195550810551742 -0.0319542705528252
0.30015811964663 0.0789507279588866 -0.06213136949257 -0.0728417252439842
0.320321585758058 0.0404152799277179 -0.0807730844067208 -0.0872659525071376
0.321460593093862 0.0980044509739827 -0.0613025554276195 -0.0981198876946289
0.31421051232615 0.290483375794244 -0.0109028754085317 -0.106680433565485
0.0881842154018434 0.452121696003051 0.0549220505523101 -0.0560183019652005
-0.257321470557389 0.394267330897443 0.058887744533376 0.108746177876859
-0.560921976304925 -0.00934366937544325 -0.133544581280586 0.0856556797094607
-0.367000631239696 -0.485223669822658 -0.165679624096185 -0.115402589134466
0.00145634727876327 -0.610097960199219 0.0648382683489617 -0.278191517954294
0.00203840151522471 -0.535312433632958 -0.196667799397862 0.107491617610511
-0.324178548862073 -0.358939739126341 0.0112832248919234 0.0157794154295309
-0.436953441874146 -0.00521478963156345 -0.0913000950417398 -0.0364147771675921
-0.19572337189281 0.328690380714475 -0.106946175669262 0.0338360690329635
0.0748802989164678 0.375616410761038 -0.0140291802022432 0.122116434893011
0.256512571427557 0.262159926506757 0.0793423618219624 0.0502222030557199
0.320240501259398 0.106685057672754 0.0555637254010869 -0.0256714721262095
0.332816010338709 0.0688631806327878 0.0469452365005307 -0.0575750394874117
0.32623646458694 0.125578355854653 0.0660371787139904 -0.0574372531624685
0.307555961137918 0.311302334968782 0.089034867947864 -0.0362555485801559
0.0742496063094862 0.458763029994923 0.0907658783222087 0.0263184246455787
-0.262905883484688 0.379671802967359 0.0612306210434307 0.144039601966972
-0.541515431396974 -0.010706440106897 -0.0800540402238517 0.123673264786773
-0.369384371195199 -0.472963980965613 -0.0966367490231548 -0.0143511036501628
-0.0185013085824466 -0.610760911517192 0.0593621772627612 -0.0775163048467477
-0.0324404728728477 -0.499772487551278 -0.187988470020653 0.311716032653102
-0.33883402669224 -0.314992888768257 0.115030855573329 0.113872327706149
-0.417511593519181 0.0231809352536852 -0.0277672871305867 -0.0401999838807636
-0.181754839517829 0.315294981771364 -0.124544228272772 0.0300171205646705
0.0625833473273372 0.350071718661865 -0.0214615734505775 0.197070828466264
0.2296146909996 0.249051845850945 0.154622568753805 0.1384951285337
0.289983682930472 0.116534401573667 0.17323290358066 0.0302815837584207
0.29242406523895 0.0862779244101405 0.168191944863742 -0.018934039130764
0.277695295922011 0.136697705728687 0.178295083565491 -0.0138504616036385
0.241457736389115 0.279344777403643 0.171258917682444 0.0253435289826533
0.033952072071088 0.374774152857737 0.117310552122527 0.0894628137479403
-0.220330932918704 0.272586095882086 0.0585895363352032 0.153213432216656
-0.401663977218593 -0.0313898828845735 -0.0185925339581114 0.14302637711955
-0.285228504586311 -0.37364836863962 -0.0271201122715851 0.0754441737068192
-0.030276131322265 -0.501245944643037 0.0550170233079706 0.103792079739082
-0.0569170254157241 -0.377367729276036 -0.159936810346502 0.491527760443363
-0.280059143396916 -0.214568036413925 0.209058040790459 0.206126699349402
-0.305079048244518 0.0378402276613016 0.0433775019598015 -0.0399053934376048
-0.131078955084839 0.226992372575527 -0.125650934914287 0.0208193116558047
0.0345032677292736 0.252621376417021 -0.0293315649776151 0.24786216379709
0.158739523771843 0.191711349786625 0.209312462069474 0.214062129021101
0.211023783940362 0.106992150112956 0.268319795791595 0.0847152133089704
0.208746806338299 0.0921166238654032 0.263459466944101 0.0207629327811414
0.188089015393477 0.127790890423728 0.255262946636243 0.0272788378975502
0.136020561111895 0.20704861510726 0.215163456500319 0.0690472260694821
-0.0188993462099189 0.23240693548482 0.122412870734263 0.117680686962976
-0.15177101344312 0.118333019197026 0.0486736368306157 0.130507279965403
-0.196887363711832 -0.0498915829861972 0.0335961994625031 0.136374797184539
-0.15168968302026 -0.217940924802333 0.0239848084464147 0.128248620634404
-0.0370572947807583 -0.312766315489678 0.0525595965153636 0.231207285955815
-0.0679460531998002 -0.1894308642104 -0.123119881095145 0.613868809425008
-0.164593136715562 -0.0800564962620069 0.271487478549397 0.276888676044973
-0.131724427357201 0.0411015640061719 0.111724048130213 -0.0391369320350601
-0.0566975424662911 0.0911505111498379 -0.112141174375431 -0.000849506773620804
-0.00194398634060125 0.110119767571166 -0.0441477324364928 0.260754900453889
0.056991992895203 0.102278197815967 0.226055330104629 0.263868133966253
0.095189594901835 0.0816854920696573 0.32469961263302 0.131048144430079
0.0931780547487294 0.0848638444080471 0.32007238593084 0.0560405045364719
0.0767515560509195 0.100331508820146 0.289141165391104 0.0608395673137767
0.0216555249657248 0.113574104087995 0.219387483190942 0.0952024076969654
-0.0643062099678145 0.0818281276604006 0.106579578718885 0.116739918895091
-0.0765814197406295 -0.0217140471632338 0.0344936925555056 0.0853067220960356
-0.0053969751979693 -0.052738347234068 0.0689496014545064 0.110521700225425
-0.0288059344979847 -0.0493773113241831 0.0539177510959595 0.145341435292386
-0.0459882917216087 -0.097828964567559 0.0542031877258507 0.293710882511065
0.0454235276565606 -0.0658708930668931 -0.0658109287444704 -0.395277720867071
-0.061823863032044 -0.0806152036749038 -0.135388204867419 -0.174395844047924
-0.116546099772708 0.0235600583655934 -0.108335784927187 -0.0613947628201153
0.00224420226825697 0.112910984320185 -0.027207819202496 -0.0117624956847174
0.0791699845667003 0.057972956077384 -0.0327370712274289 -0.105582365718995
0.0769122937532686 -0.0169431293267053 -0.184541825899618 -0.145110125515905
0.0418855824512241 -0.0614084198530029 -0.296988507474105 -0.113262116347978
0.031467398178768 -0.0658539966386233 -0.337356802285202 -0.101540959442634
0.0311433256054408 -0.049009392510938 -0.337037974403195 -0.15507767320619
0.0618656698292874 -0.000778264735190207 -0.225617422307219 -0.255031627077735
0.0541339285684992 0.0415027462570684 -0.00640550201484966 -0.25073535748531
-0.0187618799777675 0.0638703856117134 0.0886732236225007 -0.0260892415602615
-0.0888537300633784 -0.0280123578648127 -0.125020299489616 -0.000326192169341836
0.0126547364167028 -0.101536622476364 -0.215475194988324 -0.240467062722335
0.0931514385166734 -0.0491765609779406 0.0963862833343174 -0.637920698815301
0.0588547332550056 -0.245072401100974 -0.102624652505817 -0.350269567111573
-0.122548815339107 -0.195258243769476 -0.134857916254805 -0.163026343619162
-0.214459950786901 -0.00980086335197394 -0.138210468108487 -0.0381381515045522
-0.065191010965405 0.174698869648242 -0.0343050214419778 0.0267974016901501
0.0795391245382275 0.167332131940712 -0.00113538619050792 -0.0650495745237378
0.150345278927025 0.0798294743379822 -0.129045586645174 -0.138123948548347
0.155070405207828 -0.01115835922913 -0.250356721300936 -0.12398096378269
0.163054209505475 -0.0307043398088629 -0.294134535088084 -0.116687416780557
0.166740057434545 0.00744519738169455 -0.287008945064176 -0.159149535457357
0.18142287400524 0.125592370187591 -0.18363446511753 -0.234155739692059
0.0758831638701594 0.221907960351784 0.00446306329404425 -0.209237975764183
-0.124526179690932 0.2104034560732 0.0740223607488464 0.0173160053078087
-0.304739670142446 -0.0267278715704172 -0.159860298534562 0.0117223257783986
-0.146298820960091 -0.285326917480882 -0.225027888100253 -0.250089785069347
0.0698894547033243 -0.309646845536932 0.0930356354726615 -0.597636798758267
0.0597739651389692 -0.401560383557103 -0.147081510271443 -0.250826649324434
-0.18848143248114 -0.293466215555474 -0.119740411902443 -0.135359243161771
-0.308403968419125 -0.03627776375122 -0.152752656797795 -0.028884443668575
-0.131430622866247 0.232410254844597 -0.0547467144572155 0.0448480261057916
0.0736755955644712 0.268008149584362 0.00770504827491305 -0.0146325453353467
0.209054852412446 0.171449866236443 -0.0666958298354647 -0.101771124261935
0.250656521629718 0.0418273869254133 -0.169800954915048 -0.112326963955372
0.270647924049999 0.00950587142204759 -0.205743257622978 -0.114332539830398
0.275475390362573 0.0635938760789879 -0.190879116416215 -0.141785437801449
0.275279064058869 0.236758818830343 -0.109739036751753 -0.185030343224389
0.0882317160121335 0.378284774220996 0.0258583823879791 -0.144055216466529
-0.220562775067602 0.33517991237853 0.0678590822611615 0.0638479978858255
-0.487335512700157 -0.0246438665171499 -0.164555216813515 0.0423688429891021
-0.288340668451573 -0.436407822941889 -0.210529571691825 -0.210828467886329
0.0405610411516126 -0.524142810802205 0.0844013278988379 -0.478351379340347
0.0448968075970624 -0.517448477709112 -0.186714727688428 -0.0948963218531264
-0.266752275226007 -0.36322571851604 -0.0728539139641747 -0.0776877097466089
-0.401491975190239 -0.0379200178632568 -0.140886387377882 -0.0298819237685541
-0.187340211914529 0.296833866539508 -0.0839347302782019 0.0449664416058874
0.0713913654744256 0.354708054575177 0.00132394652956556 0.051376702567764
0.251500930966888 0.244834942934172 0.00589241322557951 -0.036917422733338
0.315290876179777 0.0885988199781357 -0.0639446098147321 -0.0775729259100846
0.335957014848073 0.048481837450937 -0.0848497176459308 -0.0942794806366964
0.337284060434677 0.110838048459741 -0.0650575895198045 -0.107343051496252
0.327535349439404 0.312104657921648 -0.0116912673313828 -0.115156993257591
0.087791103328432 0.477416579162838 0.0572973954683005 -0.0588642161631208
-0.279323571718902 0.409843779500273 0.0649402274391229 0.111142708554917
-0.593595384914957 -0.0227333047857904 -0.136114777938508 0.0846570287017099
-0.379875279374671 -0.520421071541874 -0.164557934802245 -0.124893118847562
0.0147322315016958 -0.646696540234773 0.0736471785543577 -0.293741847303992
0.0118784794237504 -0.567779795277639 -0.20679778039814 0.107343624625101
-0.335128985338724 -0.385524117504971 0.01094058496143 0.0119765284920926
-0.461198409376368 -0.0143285691993317 -0.0966024157518442 -0.0356159115550986
-0.213285015127529 0.343672341513464 -0.112779298154194 0.0396109377649648
0.0717595737685111 0.399469058596782 -0.00922336829680522 0.130771336702223
0.266551977441671 0.281310792688032 0.0870484845001807 0.0513223278873869
0.33575167144658 0.119084852860499 0.059044901123965 -0.0252771925458829
0.349017806474391 0.0780984729438379 0.0489444701044304 -0.0600759862298937
0.342559473059537 0.139759901330816 0.0691859497194381 -0.0611934451174972
0.320034665645994 0.333814835200554 0.0924573668003082 -0.0388534534578421
0.0723599834467836 0.485202583996877 0.0935315739079401 0.0290529590726753
-0.285046988280643 0.393714993859183 0.0662450925700993 0.147491789605365
-0.57248360309757 -0.024397845808941 -0.0800165003407123 0.124107502295338
-0.382311616416078 -0.508444673813208 -0.0951289041581195 -0.0153226437238188
-0.0073049931932056 -0.649302105247349 0.0643225265809994 -0.0803669201578148
-0.023160053409324 -0.530489630759876 -0.202630034283435 0.325088602198848
-0.350414031197966 -0.340942615079246 0.117081261667598 0.118126026619846
-0.441847586407103 0.0152082015412973 -0.0303497197321594 -0.0400182596258223
-0.198677945204808 0.328259896353879 -0.132766144604162 0.0347370965626785
0.059147050644576 0.372770373280089 -0.0194263575887326 0.210405520987295
0.239518272263584 0.268356292366514 0.165121434233112 0.146055292453778
0.30526133692204 0.129024055645947 0.181660315545456 0.0364977031347356
0.30744481441138 0.096493629453619 0.176603120556792 -0.0176734471335484
0.291208014705976 0.149964629619326 0.186266705747151 -0.0127948774162466
0.250658025528993 0.299096769077547 0.17722727760574 0.0278091688377091
0.0312442692917048 0.395621910500958 0.119753073395997 0.0954580950513383
-0.239938751407145 0.28284852377995 0.0614601373487951 0.157724163699484
-0.42433864353777 -0.0436862035964431 -0.016396890790527 0.144317357250086
-0.2943441531105 -0.402680476489472 -0.0244078800692214 0.079625856789085
-0.0180389200511815 -0.532020451414775 0.0552836094066602 0.112116034304037
-0.050411010664023 -0.401414960051521 -0.17736137021784 0.518012606863102
-0.290090385243122 -0.234459100840582 0.212834084213325 0.218393165113322
-0.322181980360156 0.0320810429883353 0.0447109376025046 -0.0403982827580108
-0.145742656105527 0.234670769575121 -0.135163071886358 0.024544247341822
0.0298321150985792 0.269405954477733 -0.0301992850636757 0.265455334271983
0.163830440312688 0.208347612397881 0.221178047209577 0.227382243838159
0.222283810582823 0.118301144264621 0.282197219535565 0.09580733422036
0.218938857139565 0.101151506423289 0.277269113557117 0.0260467615323563
0.197168450732199 0.139148685234234 0.266816760750396 0.0325756203050111
0.140495799194605 0.220988694618348 0.222537977875086 0.0744580118254633
-0.0236403553497533 0.245983335048186 0.123919366895579 0.12512381556394
-0.16542142718389 0.121378453815695 0.050458779897148 0.133773433808119
-0.207379023887065 -0.0601647381763088 0.0377441878855712 0.138019663437807
-0.154591435005407 -0.234328844005494 0.0267725544346994 0.136409379976679
-0.0289460043075207 -0.332492899458275 0.0496536422900299 0.24763555371836
-0.0643452344859838 -0.201910416852529 -0.141798402180241 0.64822176312003
-0.169659597334342 -0.0895687314496453 0.277067658202334 0.295283982886082
-0.13973820175545 0.0386765250607982 0.116095504230508 -0.0398706087327824
-0.0640619579929594 0.0941538740418594 -0.122109043726219 4.36994995515876E-05
-0.00596209153255212 0.117217362415906 -0.0491724126810186 0.279755028739047
0.0578646849084556 0.11143920664875 0.237185096145087 0.282545929949488
0.100126401551184 0.0896452668554288 0.340640818883848 0.145793787626394
0.0982683696617981 0.0920889857266474 0.336975447937008 0.0648868024078899
0.0807823731808586 0.108164203304963 0.302302310014197 0.0689584663657906
0.021263300822533 0.122113928568064 0.225052011938758 0.102356453459502
-0.0704686484673452 0.0876357784397226 0.107109345320034 0.122006203838406
-0.0837337423925662 -0.0237883454334819 0.0343693852579805 0.087045162096381
-0.00551012658275685 -0.0596441334294976 0.0748833279390658 0.111912627064121
-0.0267176893446152 -0.0548384949196864 0.0563698304258773 0.155387419415313
-0.041623221376967 -0.104148114256891 0.0487252499164184 0.313488194439606
0.0390623010397645 -0.0761106424628995 -0.131222691223537 -0.408415015173037
-0.0753653222374336 -0.0751785233642027 -0.167448632904364 -0.164915395145048
-0.117919924427953 0.043640954193061 -0.120444788453132 -0.0476144927019489
0.0198451487538952 0.117041676176344 -0.0295486039166919 -0.009099295274214
0.0935327318830347 0.0475854587949249 -0.0514828002329302 -0.108802606195354
0.0793640145949829 -0.0303100256445959 -0.218205361201749 -0.124861117671303
0.0351965615148101 -0.0712038150822464 -0.336131845719585 -0.0723328673370768
0.0234296445978104 -0.0765131624010786 -0.369035902426604 -0.0574366226207735
0.025570364848368 -0.0576009850790979 -0.380977146307346 -0.115222475108178
0.067209757887411 -0.0122613740193355 -0.277794296512236 -0.237219593100563
0.066104112850818 0.0338059929430916 -0.0449792867576626 -0.269109960873056
-0.0100253294643508 0.068621973914017 0.0938423587235661 -0.0460912635652089
-0.0966144589195858 -0.0127085932240027 -0.128161993192297 0.0194348227234501
-0.00220902105415018 -0.103195638068367 -0.256803980231866 -0.223232527036993
0.0832035186662713 -0.062580787168808 0.0153281836638023 -0.69158022837163
0.0248834170523307 -0.271406393208421 -0.151791416894972 -0.343295239561323
-0.155891232092478 -0.189336614879634 -0.15995694149027 -0.151242279068477
-0.226387063179665 0.0216949893660228 -0.140906363202482 -0.0199983461086955
-0.0434000638319604 0.190407889687157 -0.0267452733483392 0.0291876834100848
0.107053566953708 0.163171935900801 -0.0129265544068558 -0.0779372045794203
0.169999392346753 0.0616852348374199 -0.163260666462705 -0.13102748827543
0.161559309520354 -0.0334384047456205 -0.291055040965328 -0.0945798738336475
0.166392893081769 -0.0566931363048558 -0.327745842224284 -0.0794917889928024
0.175908206946277 -0.0173615961212844 -0.328667198913549 -0.128042461459693
0.209335316026451 0.102658986111283 -0.229585956823158 -0.223807250181717
0.11412037837588 0.219433166195618 -0.0259381295407212 -0.227884854159888
-0.102239780129635 0.235378450727334 0.0893095347652508 0.000526872526222533
-0.320896242011009 0.0194870019571667 -0.15974669125577 0.0395768654068007
-0.193079443228517 -0.273932367567668 -0.271679321795043 -0.227426227480355
0.0237235523146114 -0.330954651037351 0.0161873690819776 -0.650475600965558
-0.00132353730078959 -0.440529745577818 -0.17267367703753 -0.219185148619402
-0.239212965718184 -0.286675585288478 -0.134522487865752 -0.122339658073142
-0.330112656022342 0.00630123629766717 -0.148629669412668 -0.00840394138213554
-0.107032745822871 0.260675489630334 -0.0415050651047953 0.0487782783366721
0.113855768529391 0.271333070180072 0.00632165083687059 -0.0316623692957467
0.245675222668281 0.151447153962233 -0.0947110582290013 -0.10785018106663
0.269010002054723 0.0111212457696738 -0.206507322202395 -0.0977656232417194
0.285328304693259 -0.0285516975701831 -0.235584305606484 -0.0899509948577953
0.298615397851444 0.0262206145799199 -0.224916404846263 -0.125355901952952
0.323778555965032 0.20648360108103 -0.143908082174224 -0.183289297926556
0.14871610590257 0.380809588362709 0.00651343599574086 -0.16327639738812
-0.187574489253914 0.378454038754634 0.09191006889474 0.0487827078166163
-0.511023311073317 0.0474926404013419 -0.15868461730543 0.0750746477487157
-0.362534978644614 -0.412894786355053 -0.254439204344419 -0.183679396267724
-0.0356871620393766 -0.55145114027299 0.0226586815568834 -0.521735186376457
-0.0355201347572534 -0.564849852181333 -0.181392885642689 -0.0387416542476518
-0.333023401804148 -0.351798442517432 -0.0723057479745251 -0.0673444471767282
-0.430303931634129 0.0179545385004845 -0.13079867961415 -0.0138029431169217
-0.15872149393158 0.335382817485425 -0.0694287141070442 0.0518294728495033
0.122792910700839 0.363056694409533 0.011256943339074 0.0350407608299606
0.300344002819098 0.223763144262345 -0.00995285912004054 -0.0538072615654361
0.343530236908511 0.0519989313285992 -0.087225496325254 -0.079856285174391
0.359351938528823 0.00373743354513737 -0.1065576102677 -0.0867692294877293
0.370847343322421 0.0665129678025934 -0.0875729822175457 -0.106929372248518
0.387975766968238 0.278956679973721 -0.0294373011608964 -0.125064550161267
0.16139264167885 0.483898061265716 0.0520086190956418 -0.0785964641167755
-0.238202022063759 0.463925389310112 0.0976334689758025 0.0974234912735631
-0.622366779883246 0.0654921671586258 -0.120347857390723 0.114679038333684
-0.470101546552934 -0.487994855305897 -0.195227179330814 -0.0970180835965268
-0.0778335148335567 -0.674918718666978 0.0373069316060955 -0.324261520413977
-0.0788344147177876 -0.617037295816775 -0.166072272417869 0.182891450679746
-0.409217179963662 -0.366049921430947 0.0331320233140367 0.014047128534367
-0.492655318085029 0.0508937508340043 -0.0827409823867368 -0.0306595831566138
-0.181848853987502 0.386614630479213 -0.100362821901791 0.0497417932421588
0.126997309124002 0.40968930755268 0.0127695412264311 0.119521122421368
0.321258420118281 0.26250930221383 0.0886719387302498 0.0242873489385356
0.37054144192287 0.0822046630175753 0.0528028289904972 -0.0448689002605838
0.377018296154891 0.0350045450283775 0.0395435099203055 -0.070350950593815
0.380081677779888 0.0976025640947139 0.0616546551508985 -0.0776404992033945
0.383038160248536 0.302046220579518 0.0912900949078343 -0.059894193962379
0.146150854640978 0.495442350384036 0.102434546108496 0.0092780401579629
-0.24871694756232 0.450028470815635 0.102448989610483 0.136921338429369
-0.602604754545904 0.0579919363870142 -0.0557427466353154 0.147012950844583
-0.470154165990924 -0.476173193338285 -0.106986491566157 0.00674396141419955
-0.0972762361019936 -0.674787675855359 0.0553922529153092 -0.0961139052827776
-0.1111018109806 -0.572481805010299 -0.126787864486261 0.412053959731435
-0.420001041104197 -0.31809990956792 0.161345311072696 0.109447688521978
-0.465718867255203 0.0781781634672196 -0.0150437800747662 -0.0487265259850113
-0.169281865966842 0.369383964523906 -0.124166374288836 0.0480096950060208
0.108942005753517 0.384772466685316 0.0159632633931256 0.206839583806719
0.289836601703064 0.253434440085609 0.187490975090566 0.114078567307756
0.339084278532201 0.0978496317451163 0.195439460946364 0.00177927923994652
0.336565794963627 0.0611238564157962 0.179884190025789 -0.0445302330603779
0.327876141642336 0.116075645575803 0.193149233024483 -0.0427436067269033
0.304591196506978 0.277296532412727 0.190657904470067 -0.00120830290711853
0.0888865820350794 0.409178761796523 0.139469004107188 0.0769464652004946
-0.216604705968789 0.326524363507063 0.096524698720962 0.15033642303813
-0.449228589234092 0.0165465381461379 0.0121057492532601 0.155490405886718
-0.361622479964888 -0.378952108175022 -0.0177631581914328 0.0944061146736681
-0.0913664793165424 -0.553328400107469 0.0725187507821682 0.111042861592061
-0.11985050133952 -0.430524244292622 -0.0763555160643748 0.604997176056392
-0.341932085558525 -0.213074557285207 0.273805925150919 0.19968747735182
-0.339024685791888 0.0787556754075193 0.0564281378726251 -0.0594943059045966
-0.12495059911672 0.264787206053725 -0.132803878389575 0.0417669237207113
0.0627514624701636 0.279727177311039 0.0135024081178106 0.273486851287483
0.200124468262101 0.199494724606359 0.263526067149782 0.19513830031277
0.250666693960432 0.0975523861562411 0.313637237190649 0.0510993348649628
0.243825956987628 0.0791462269386162 0.293076494804158 -0.0125011213003011
0.227924983598118 0.118590409078353 0.285791120017536 -0.00631799968927875
0.178266861284279 0.212775188938108 0.243382302518457 0.0429748286317429
0.0089289669107104 0.261941799481613 0.147098511179465 0.110015525618236
-0.159707444327132 0.148394482200902 0.0770175354936707 0.129762664800995
-0.226438586542322 -0.034645168288067 0.0643736569983007 0.137080237032513
-0.192936611675237 -0.22504206212178 0.0460683082730921 0.142674085510281
-0.0719911305686856 -0.343188571922794 0.0843309689578476 0.257144210407748
-0.103066217987277 -0.213971056272955 -0.0314218020324543 0.725662623841222
-0.194933165541128 -0.0740529518314004 0.344690674384455 0.270208448668091
-0.144139427586769 0.0596169258096531 0.120184397363115 -0.0668283041880933
-0.0571277852955675 0.1061387249432 -0.127546212803756 0.0206458490027423
0.00433910213451336 0.124713760536872 -0.00300818411472731 0.300447774453583
0.0743270010273634 0.112489011153297 0.295071963319706 0.255577423150723
0.118451784213185 0.0835385162593756 0.388092950350648 0.0961575069769621
0.116449470294713 0.0860736409967966 0.361034718142847 0.0192236494439142
0.101067365178986 0.10407486939975 0.328154257908467 0.029707363016975
0.038282922584093 0.127250448724239 0.249663186314574 0.0737790796854683
-0.0625120975024554 0.104582776195425 0.127644505144463 0.111216135158594
-0.0940909262525657 -0.013527410986466 0.0492198292076388 0.0850645351984295
-0.0157706634819518 -0.0652374047090059 0.0975550667249081 0.101230866562207
-0.0335332446185318 -0.0567669534799237 0.0823719771542291 0.156170025698075
-0.0519835667185244 -0.104663344787234 0.0925919879192404 0.328964842958332
0.0318432609880725 -0.0799581879239364 -0.164028033679445 -0.414542181339906
-0.0830620884138682 -0.0685540648717871 -0.185645904417167 -0.159759229617842
-0.116008078279455 0.055578613676062 -0.127429137738704 -0.0345448523893316
0.0316117085666038 0.116118372074468 -0.0287661706176109 -0.00358710374025626
0.0999877878932833 0.0393361986391417 -0.0573900635291028 -0.107902670249458
0.0766390819748671 -0.0387881062913255 -0.230229072456588 -0.112565969462979
0.0281919774701202 -0.0770312398260309 -0.348144777938895 -0.0508796098071265
0.0166273237363903 -0.0804201369096239 -0.383874366235845 -0.0323013975552683
0.0217298381886628 -0.0601124054058458 -0.401085487459139 -0.0909204593670547
0.0679532511391088 -0.0198531694016173 -0.306063244874276 -0.222902813081113
0.0713046019777398 0.0270182871295123 -0.0685340373350454 -0.275344530972881
-0.00391062199130308 0.0704399064584291 0.0949418492940869 -0.0594417431021419
-0.0990659304384912 -0.00250760848212451 -0.126296404710445 0.0279003635057062
-0.0120545121012886 -0.10305742755564 -0.271955360433553 -0.211804277492279
0.0771494107759116 -0.0701510115905531 -0.0316161010954237 -0.712820183449655
0.00296747005696616 -0.280301701380571 -0.180087261557249 -0.347349026871029
-0.173902569021504 -0.180202834477954 -0.177498884547641 -0.147969005632747
-0.229120708595352 0.0413455938534637 -0.144800643354194 -0.00474222111410122
-0.0290966361892536 0.196762210535257 -0.0215426173308266 0.0360719601692475
0.1232308932732 0.157741791814193 -0.0142189009716875 -0.0801839609908478
0.177995545415598 0.0497425486051332 -0.17527468491308 -0.124581644363287
0.161144868468822 -0.0464624844160945 -0.303889979025902 -0.0769805922118239
0.164913694183528 -0.0701177447698628 -0.343595682972775 -0.0587039792550156
0.179664662621838 -0.029781546042233 -0.348391039596822 -0.108567365748478
0.223485603557401 0.0882662288006935 -0.254699817735761 -0.21306052023464
0.134002120161367 0.214283180898598 -0.0447323769924203 -0.234034185886667
-0.0880768711478583 0.248280046380798 0.0950681126554905 -0.0130087763401761
-0.32749699129073 0.0451903647805356 -0.156950316295592 0.0505227416687946
-0.219807520603432 -0.265573522670023 -0.287480877468821 -0.215506297129676
-0.00160256599796007 -0.342923448352685 -0.0302569333610778 -0.671587337738283
-0.0339797547098319 -0.452718291846 -0.191344846072819 -0.218708341958918
-0.266390638619239 -0.274000007626373 -0.149578987766437 -0.12124982551842
-0.336928977526041 0.0328381878378955 -0.151993641000614 0.00817125590883008
-0.0900132047320613 0.272642097045754 -0.0348214788631837 0.057106778131826
0.138320282761388 0.269054536543134 0.0100113793029407 -0.034901983153758
0.262528310208945 0.136479890814128 -0.103410355021209 -0.106977976071375
0.275983394837876 -0.00951017750681214 -0.217288885285745 -0.0855703407299136
0.288858911925103 -0.0494939998692415 -0.249797294482447 -0.075972941179565
0.309041167433714 0.00572190293162197 -0.242319398978478 -0.11295985745663
0.349132014477127 0.18719436602393 -0.162917708004574 -0.179099147943603
0.179755117621119 0.379196415658446 -0.0055882790429818 -0.168775135732216
-0.166020077421963 0.399893860306647 0.100630937532789 0.0363965569305733
-0.522142677958572 0.0868694966729997 -0.152135150490265 0.0841505365627291
-0.402106486770442 -0.396295313772434 -0.265924612550514 -0.172595077922494
-0.0770278627461328 -0.564487300006967 -0.0137291704974197 -0.538866308582574
-0.0805052459448584 -0.577850477179054 -0.186249031136374 -0.0323661844330071
-0.368165775413069 -0.335471818389765 -0.082246096956043 -0.0696123849583584
-0.439998420023748 0.0504413590882535 -0.133536768584318 0.00107401707090883
-0.138996879742539 0.35402589367885 -0.0635205187451687 0.0623618382170312
0.153939645245631 0.363816246597316 0.0214229471523409 0.0327620922448124
0.326478890195813 0.20775426785985 -0.0126018224061629 -0.0593002302646756
0.355670379410159 0.0278182865873829 -0.094549406796402 -0.075851128484887
0.367442311252457 -0.0218161457964832 -0.117036626674404 -0.0815877846946628
0.386092847377427 0.0420530178504378 -0.0993621809474059 -0.105253660218759
0.42138811592025 0.256324861322378 -0.0419195812067233 -0.128144895231186
0.204698875922099 0.484106295953574 0.0467094064017725 -0.0845644114670586
-0.214768325938089 0.491710922800064 0.110423541909692 0.0853850258225177
-0.634922513324047 0.112236335679356 -0.110103856197976 0.120632365495947
-0.517740318053144 -0.466088464481971 -0.200499703441782 -0.0884898809421564
-0.129724206030165 -0.69109325927651 0.0144845877476616 -0.337082942731194
-0.127297495630731 -0.627388057871766 -0.153854768178332 0.195402097622662
-0.44572303208886 -0.346260127476522 0.0307869648756675 0.00677525130480431
-0.50041697211262 0.0884470235807904 -0.0864144651009853 -0.0215690456150963
-0.15860382969314 0.41042467344572 -0.096047954172561 0.0626121292719743
0.161501934850802 0.412856747502783 0.0296203544178664 0.119844705574445
0.351842641570054 0.245785474678674 0.0951303562139939 0.0133471620031329
0.387083620881935 0.0567506883395049 0.0518074232752454 -0.0501383648495456
0.387775165629896 0.00887263958686019 0.0341752459454975 -0.0757855788225757
0.398666149440003 0.0728971513050967 0.0554322929439881 -0.0859040748822408
0.417126189853393 0.281859539240197 0.0872203685010102 -0.0699198782559464
0.188208667330968 0.498119152141172 0.104467821794392 0.00272431919928701
-0.224145543151 0.47970444041945 0.116495602257275 0.125351435823713
-0.615091867198458 0.102759875254489 -0.0423702899438871 0.147197899340109
-0.518486584504036 -0.454774350949635 -0.103003687807963 0.0117221134373532
-0.148564872923998 -0.689811467317648 0.0496493577005655 -0.102175163344135
-0.15638746697878 -0.579630090431211 -0.0968873138786462 0.429648267162837
-0.452653944634753 -0.297226234316104 0.169317081339155 0.0960684517018025
-0.473241658028066 0.113168083471223 -0.0200183502432479 -0.045839066594565
-0.15026730147633 0.391889116972015 -0.121832255866962 0.0646141005559205
0.139607694674506 0.38867756790275 0.039364256551613 0.211557605191883
0.317927061979844 0.240565047412646 0.20374303372147 0.0982550622869922
0.355990522224855 0.075947361061907 0.201043935720988 -0.0130925186936921
0.349116070874844 0.037845091923971 0.180881722908634 -0.0591583217569796
0.345861141765903 0.0958934585502037 0.193549358861914 -0.0599229045735709
0.335184373731189 0.261702202621642 0.191990909194464 -0.0165533279939612
0.123299238095665 0.413479119401909 0.146548636974419 0.0689444326310652
-0.200755309041127 0.350784679005738 0.11019957458272 0.140553161111344
-0.460596492081584 0.046636323001155 0.0271274110061146 0.150206284878761
-0.398894080819087 -0.363117196213538 -0.00649340851424715 0.0951219032646526
-0.132188434544678 -0.563146341250416 0.0819632736526735 0.110854062156149
-0.152671326631874 -0.434276855462626 -0.0313601147025156 0.62525436600883
-0.363995337532492 -0.196471452063823 0.290811693031126 0.183114032202085
-0.341727309831451 0.10290686123819 0.0504829080188544 -0.0640480513422312
-0.111595436316841 0.280827987788713 -0.133027241535871 0.0578934918520414
0.0840634978658096 0.285320227770827 0.0401369083563072 0.281710789519159
0.222012158889206 0.193311471321301 0.287956026286928 0.177612002850265
0.26628474979922 0.0834229380035339 0.327048086558213 0.0294635379521085
0.25677045198254 0.0644995606719815 0.299426124665884 -0.0346891650198552
0.244244293988146 0.105161168078024 0.290550817780136 -0.0277231365761111
0.199139540427933 0.20523640383169 0.248860879688065 0.0253127689689909
0.0297181557687341 0.269993328426507 0.155880353681269 0.101657120958081
-0.155949715838616 0.165285175118317 0.087331626644167 0.122224960001059
-0.235914959424243 -0.0227915160620799 0.0790648361895995 0.12765167399109
-0.212641504965754 -0.21895138201118 0.0607731309946469 0.141322942140346
-0.0945710279137077 -0.350200023327134 0.103956762961767 0.260408605968547
-0.118439449986431 -0.213477230121206 0.0227779695139647 0.748542929609101
-0.202096741486448 -0.0648001304635408 0.368645847324251 0.251362400985613
-0.143390534633705 0.0690810986326827 0.114675287415903 -0.076696512962792
-0.0534449854770721 0.113534140672653 -0.13120693927825 0.0344134256818393
0.0127510794960635 0.130366234670386 0.0231607158649363 0.312172510548051
0.0860716434839188 0.112851176129445 0.324871994754567 0.23904514160755
0.129455830638752 0.0782599367538915 0.406595979379464 0.0705805298352137
0.127776924286948 0.0808118856537065 0.371668904027131 -0.00723696665012017
0.112640725140796 0.0988993062703582 0.337935411937067 0.00707134554946744
0.0492081664825465 0.1290732951834 0.257897019590928 0.0569466985944045
-0.0561769393657604 0.114428750269882 0.134563520822559 0.103916437780162
-0.100054655705487 -0.00565406740691994 0.0553603455142825 0.0802459755448297
-0.0230562357474054 -0.0693107248479258 0.108832733291146 0.0889322219886864
-0.0365102500816413 -0.0581941540445704 0.0974942188920395 0.152905015271129
-0.0561501991882923 -0.10486191612462 0.116285301271329 0.334348888468782
0.0240490522044143 -0.0794784122237745 -0.187201101170125 -0.399483406631749
-0.0855637267915681 -0.0592083508764048 -0.195307473840383 -0.146292265340983
-0.108549427026836 0.0639732942109651 -0.126004506092976 -0.020617745065378
0.0406730033920261 0.109686239568476 -0.0249995618687587 0.00217990349326564
0.101144067906733 0.0293217120242951 -0.0598268262049552 -0.101436764590038
0.0700730517828063 -0.044136406149497 -0.231322915378985 -0.0950964261536699
0.0200204833415575 -0.0771358439543484 -0.342373569229719 -0.0287531549494638
0.00930158241946643 -0.0794561043056894 -0.378114116204771 -0.00707567506017665
0.0176437423885993 -0.059623332830445 -0.400331209445602 -0.0616056597014363
0.0655495933775627 -0.0250962896568737 -0.316038750098096 -0.19771495564235
0.0713783075397739 0.0193604017480844 -0.08718828290629 -0.267646490309818
0.00186157548438679 0.0677744798259173 0.0900655508045778 -0.0697018208765817
-0.0954349231185539 0.00793448252831858 -0.118018132874665 0.0346861995878969
-0.0195381606105381 -0.0974652412659666 -0.271807838056438 -0.191000062639589
0.0670611885852511 -0.0732226855705497 -0.0761582194105648 -0.696152394365076
-0.0173858007886224 -0.272866805000649 -0.198516395319446 -0.333243179368735
-0.181484718944754 -0.161830491535354 -0.185693050570799 -0.136511350288524
-0.219275502817181 0.0574173780696484 -0.139879865012145 0.0103271167742535
-0.0140285329627294 0.191770500477129 -0.0149465366331862 0.0396620386576368
0.132138797568361 0.143924221186143 -0.015228938582475 -0.0786531027750337
0.176233255953434 0.0353489220455381 -0.178834510988186 -0.111958646999449
0.152257601652265 -0.0566129174095437 -0.301400163384073 -0.0563290309711651
0.154334447956534 -0.079106357105244 -0.34006916386102 -0.0360039106490046
0.173338010044294 -0.0402615848009232 -0.349814684731749 -0.0838757893139722
0.224619814533301 0.0707139809596755 -0.265050263853996 -0.191791144743545
0.145279154839391 0.198659714757086 -0.0600623767166725 -0.227001410179127
-0.0704657459289475 0.247234346751381 0.0936942087431246 -0.0251037659858118
-0.315409866086028 0.0674835403327401 -0.146303279921448 0.0569407920832917
-0.232267807550044 -0.243089114603004 -0.287624250235267 -0.194861769242391
-0.025767494046227 -0.335391454013367 -0.0731346168961957 -0.65629585257332
-0.0660022353882907 -0.43931005865532 -0.200925325442931 -0.207022616553349
-0.27859097463769 -0.24817065288861 -0.157820145761438 -0.112904898171778
-0.324842975770358 0.0561704389457934 -0.145713708082284 0.0223073964197098
-0.0697840981865105 0.270432831818614 -0.0261646460632578 0.0616379879178801
0.155417069308579 0.252493861039861 0.0121838822758443 -0.036955451920821
0.266627962666595 0.114507274909536 -0.107506906187004 -0.100984329495914
0.266836894024489 -0.0273852256578379 -0.217459875109087 -0.0700022572576076
0.277219967174886 -0.0673050771610813 -0.250174356940709 -0.0588421203661287
0.302550021909455 -0.0139664443504062 -0.246859671919328 -0.0963514755257407
0.35436417175292 0.158527113950167 -0.174020308276382 -0.165535443752774
0.20243422058784 0.357011660291773 -0.0177657863902628 -0.165448710933546
-0.135867851990253 0.40220764350747 0.102731109447319 0.0212951868786036
-0.503231570079124 0.119604319343013 -0.139120966903177 0.0881210034304611
-0.421000144003804 -0.358805138575578 -0.263799639037883 -0.154371077128108
-0.112591736416939 -0.550762991188635 -0.048603858729056 -0.529193323807048
-0.118025288510173 -0.559702289230426 -0.182771445352464 -0.0252970482911841
-0.380875322482894 -0.302349904750086 -0.0893249530122975 -0.0675976328162372
-0.424642057164383 0.0797938902836006 -0.129008736549664 0.0140491435307008
-0.111438892213911 0.354948430531728 -0.0528081516210575 0.0690784210100687
0.177618694256742 0.345437815091114 0.0281379032093878 0.0271358183547315
0.335195652413004 0.180322822554564 -0.0148142077392136 -0.0610990848280561
0.348805761660853 0.00384244723912749 -0.0960373768030804 -0.06894807406436
0.355533019217038 -0.0449077987080639 -0.121177373155771 -0.0731656584674291
0.380912342403079 0.0153476354179339 -0.106336288861934 -0.097344185423011
0.43022542471732 0.220984701617361 -0.0522343464445586 -0.123304120181041
0.233724396298908 0.459923915220463 0.0394214884296767 -0.0854188728121587
-0.179466720896206 0.496071206671866 0.114187660275228 0.0679091342755786
-0.612682250163915 0.149633547006427 -0.0963680940702446 0.118908680469341
-0.536823851796114 -0.420826890855082 -0.194677576354065 -0.077090017556547
-0.171550756902581 -0.670970430437142 -0.00868021225887032 -0.329665107201646
-0.166896338094924 -0.60502924979168 -0.135032943437199 0.196141546058806
-0.45891092309908 -0.31084079548224 0.0255876784895889 -0.000603054834680266
-0.482698213826473 0.11849150794234 -0.0851983013296133 -0.0104093635914696
-0.128851113989967 0.410716456114057 -0.0860986967873261 0.0724303985060457
0.186958110027699 0.395228054483012 0.0434211505822916 0.112218945426452
0.363033973449158 0.217910954122085 0.0955436807286577 0.00178409151615795
0.381706948043908 0.0292185851979341 0.0483575796579593 -0.0527708927529793
0.378609416331193 -0.0162998199175047 0.0274906250973205 -0.0773675563329428
0.394912828705819 0.0448719640580738 0.0466773354926548 -0.0888756082510059
0.428706351195558 0.246043476785069 0.0781323023866941 -0.0754088205290172
0.218496209715975 0.472550090827653 0.101746746319945 -0.00370109960482551
-0.189714026509312 0.483620241000642 0.122588715250723 0.107035404378402
-0.594047873815737 0.139520381928805 -0.0287338285374182 0.138115867052415
-0.536139839256602 -0.408306580587784 -0.0944682821292301 0.0139410762452861
-0.188339815766744 -0.668219546879584 0.0408692931890262 -0.102806953112588
-0.19050427398271 -0.557841286917128 -0.0641313833053211 0.422463317063375
-0.462125632137628 -0.262653883426714 0.166662835798842 0.0789927825939145
-0.454943980667753 0.139348435529174 -0.0236442136990807 -0.0403109843632445
-0.122375592646087 0.391040389233958 -0.112237962809728 0.0746029572249091
0.163228834146564 0.37475714036816 0.0593284066530144 0.202543700206029
0.329424357173779 0.215511944943097 0.207588999982952 0.0771723965287395
0.354687410707795 0.0508226529020043 0.197522609597932 -0.0265430907026865
0.343240715053816 0.0149270343665576 0.171864064133205 -0.0701871761980943
0.345293787359814 0.0701974016215711 0.183300959684193 -0.0722456175783543
0.345779647037767 0.232467724044651 0.183410307460968 -0.0305316873229781
0.150079546317364 0.396745362731346 0.1463016806957 0.0588169434995196
-0.175038822251483 0.356314107981265 0.116655901756179 0.123205309654075
-0.449455947472403 0.0743443551951906 0.0385698978420578 0.136181103683898
-0.41247757294119 -0.32787257161207 0.0033740513292808 0.0902253083511512
-0.162185289502095 -0.544732746797016 0.0863705957999551 0.103704446730892
-0.176282981909783 -0.416525815825569 0.0114422087314582 0.611606779101995
-0.367460744504728 -0.17191535013964 0.29035879931686 0.157634686440137
-0.326489304597248 0.120595246436658 0.0424848881164637 -0.0637668273781575
-0.0929700453264256 0.28245004159254 -0.125617111300867 0.0689858125492477
0.101572048990005 0.276333024814136 0.063742686089399 0.272106165565606
0.2327513267737 0.176735154392384 0.295750088111839 0.150069464761756
0.267183436931517 0.0641884924679247 0.322764856573933 0.00691355380473543
0.255505020948642 0.0462935298870417 0.289897250733767 -0.054556991179211
0.246654191679039 0.0863199035048743 0.280939910843547 -0.0467361091884324
0.209262307493417 0.188439854046018 0.241267494822291 0.00793991603652088
0.04871392062812 0.263065183477048 0.155485402065837 0.0895878241348491
-0.14353535570383 0.172679419863443 0.0924189864510468 0.10850413361252
-0.23383637767588 -0.00928335199981863 0.0868670213602923 0.110432158740678
-0.221075666370052 -0.200560909334879 0.0711412068712679 0.131906711098855
-0.110955398556278 -0.338433081868672 0.118352234020179 0.249799983043544
-0.127584061459017 -0.201842310817629 0.0733941091309463 0.729469655086468
-0.200228540754568 -0.0528758996831632 0.371443688436864 0.221691933487428
-0.135162939172511 0.0747102297857366 0.101935033268699 -0.0813553093574572
-0.0469455532046614 0.114942383646849 -0.126708615405441 0.0469167972655541
0.0203535955734998 0.129312677384018 0.0474558912668874 0.305375667724029
0.0938208722706285 0.107451617372624 0.337001473912399 0.209785034345303
0.134288698130045 0.0686590430960013 0.403418040954115 0.042427247888283
0.130953535135874 0.0708703943826852 0.362591542386135 -0.0304582203676656
0.118319493904744 0.0891978292059789 0.329803150189238 -0.0151238638179047
0.0578653021238926 0.124136921700475 0.251990841648611 0.0384489707009571
-0.0457926922328982 0.117985595256694 0.13400693218226 0.0925241058927446
-0.100318452361678 0.00317659132652975 0.0574887213662252 0.0714388781762601
-0.0299022447087841 -0.069814273023648 0.113038098426517 0.0724613027041323
-0.0376792440408186 -0.0565434305461219 0.106440562177413 0.141718739545138
-0.0566053037775235 -0.101798880063514 0.135088257173422 0.32177417597624
0.0191202054458376 -0.0758867947831102 -0.191100103270125 -0.378550967045088
-0.0827356948143466 -0.0520419936962767 -0.192520365826859 -0.13640729356945
-0.100640608606218 0.0656769353783206 -0.119291046210892 -0.0118885351142454
0.0427130284331541 0.101379933290089 -0.0210624010803535 0.00564624120519043
0.0976979305043654 0.0225605339885426 -0.0563686462746401 -0.0952962602714331
0.0642627525677035 -0.0441999461267965 -0.221149719214213 -0.0845274334444383
0.0142439751655713 -0.0740939678680383 -0.326677960526597 -0.0197516627851125
0.00511017513579415 -0.075985443039702 -0.362667407441821 0.0022629603120064
0.0152210990329106 -0.0570677659438029 -0.385292875773883 -0.0483493434675899
0.0612344251406028 -0.0275802028016511 -0.309869543483169 -0.180729128183774
0.068077191400157 0.0139379786517525 -0.0920843017911723 -0.254448383000704
0.00427621710805641 0.0640286515219294 0.0847326897561376 -0.0738828499766913
-0.0885300407907684 0.0123543044225445 -0.108401998915205 0.0353736853238498
-0.0221744363906006 -0.0896975861990293 -0.257003441135174 -0.178231595166971
0.0587049763573211 -0.0704514103272688 -0.0899742115970459 -0.663749824633457
-0.0258012307554587 -0.258768294939061 -0.198469251659171 -0.316787156740213
-0.176786312517121 -0.148661732347147 -0.184344512651072 -0.128744322896547
-0.205954569026256 0.0616445347173799 -0.130577747156554 0.0159170208658461
-0.00777105717841629 0.181493956735546 -0.00937910357936908 0.040940678309605
0.131453435518887 0.131981093732721 -0.0136824658662669 -0.0763436775133974
0.168625251031169 0.0284376376028181 -0.172600943905105 -0.103455289548381
0.141607437620938 -0.0577334943642913 -0.288972194747963 -0.0467746968898074
0.143677288583041 -0.07861921024022 -0.32775635462396 -0.0270859299881233
0.164723703931977 -0.042916120095166 -0.338982179560431 -0.070462507757674
0.216932002666651 0.0598876060693597 -0.260587883392713 -0.176916050097213
0.143470456383191 0.183825728961554 -0.0646604917816247 -0.216580964505556
-0.0609689599379104 0.236728241637785 0.0897739809722533 -0.0321648524631667
-0.297753552288033 0.0731733437844405 -0.134561473526628 0.0561535276710934
-0.228031171671197 -0.224338148579349 -0.272069034536798 -0.181926641513402
-0.0349073614842551 -0.320399839535677 -0.0872671757752391 -0.625292586044043
-0.0747474767439135 -0.415172858817955 -0.197638228047113 -0.198168289425547
-0.27241021959884 -0.228861296438136 -0.157240678483813 -0.10726473815754
-0.306327631863576 0.0621623828824042 -0.135882914043345 0.0284874906628107
-0.0584984192323986 0.258946869496219 -0.0193307431415753 0.061467043756454
0.156893795656413 0.235703345289069 0.0142117884688007 -0.0379442406943047
0.258540504937007 0.101298084921859 -0.10450777258657 -0.0960496625052474
0.252696105236436 -0.0332670725931577 -0.208727153354243 -0.0622876689927405
0.260872139047616 -0.0699132213430766 -0.242159254414537 -0.050420309976899
0.288655859590928 -0.0212292395760728 -0.240659953083133 -0.085864430990057
0.343965819599554 0.140951074787736 -0.172316401033283 -0.154243331618296
0.203721005868923 0.334232644880927 -0.0219984224813677 -0.157803903850552
-0.121678727313062 0.386846794040857 0.0990195561091578 0.0110653767673548
-0.475759297294043 0.126198441846734 -0.127636282080799 0.0833279344354325
-0.409080651294917 -0.33177338231059 -0.249753685906495 -0.144828492664342
-0.121373285978008 -0.525023582812215 -0.0623960067988862 -0.502634363445485
-0.129108374577328 -0.527608890118515 -0.174353465133528 -0.0252535419176941
-0.371443022623327 -0.27868507336245 -0.0926400723669532 -0.0664604945198615
-0.401642711658703 0.086758799587042 -0.120719954353329 0.020528652181689
-0.0975601515075456 0.339642954032974 -0.0445408385627204 0.0694623428197081
0.181391724086259 0.324870804134483 0.0320626682920701 0.022146307402682
0.32648875949397 0.161993027562422 -0.0150746351315759 -0.061678868701638
0.332936404605265 -0.00611679089194407 -0.0937415893492225 -0.0639778520631353
0.337018898180564 -0.0505832739998723 -0.118717486709256 -0.0677023886620284
0.363914408848223 0.00604227513231542 -0.10662144352529 -0.091246263026595
0.418561845542437 0.197926530160195 -0.0556169423543736 -0.117414000473586
0.237738409242695 0.430352687266767 0.0351995447801686 -0.0819442522208245
-0.159726453402191 0.477794233864927 0.110684185393822 0.0546238060413062
-0.579572654100807 0.158184549737573 -0.0860790767499175 0.109314621181294
-0.522742272275361 -0.387498682896747 -0.182818398615993 -0.0727123029325019
-0.179731176960745 -0.639508981776968 -0.0184534783744599 -0.31536412972944
-0.174940075696125 -0.572372482908953 -0.122473170875103 0.185725989372456
-0.444810056741925 -0.285260963025713 0.0185586592381452 -0.00506847471480103
-0.457464725157338 0.123902003567035 -0.0804479569394454 -0.00403210829003265
-0.114627901252163 0.395100548800535 -0.0762556492960102 0.073912756566899
0.191002867993954 0.373278464296104 0.0497664993498757 0.103678086524839
0.355934808208574 0.197612078494102 0.0920305202900462 -0.00577705315849453
0.365710187814564 0.0179951468297928 0.0453768745569444 -0.0525124422833913
0.36063396812236 -0.0242272537714768 0.0230977654498969 -0.0753100696277573
0.378675885923419 0.032235396945524 0.0400598295791958 -0.0879621173435183
0.417917012043463 0.222585669341381 0.0698570619992176 -0.0750986017233906
0.222932511238634 0.444773149730617 0.0964252116555781 -0.00497580453242365
-0.17028638144255 0.467223311502829 0.11888209433601 0.09245320535837
-0.564856093290367 0.146327668632028 -0.0224192424502105 0.124696142607468
-0.520191912945355 -0.376932296700142 -0.0862484414351913 0.0125428397177389
-0.194537724382158 -0.636938394990274 0.0349983803928317 -0.0981528519173932
-0.195760021045978 -0.526777108534564 -0.0486770846014118 0.401046675458236
-0.445886071700523 -0.240470931946432 0.154792287524686 0.0683336399155377
-0.430658175073052 0.142536526001124 -0.0242678315158719 -0.0339694608449152
-0.109195970755135 0.377040553228265 -0.102294129857291 0.0773105172848948
0.167629114579066 0.354521070704608 0.0670485800915991 0.189181784570671
0.324031724284079 0.197300693945466 0.201704994045177 0.0636802164370959
0.340613634346906 0.0394563267152725 0.18846018627205 -0.0312289974128252
0.32827917848741 0.00695682147661678 0.161694461258858 -0.0725651097732305
0.332683189904857 0.058090195600503 0.171597406281571 -0.0748084748965694
0.338537342913367 0.21172377052354 0.171514962730586 -0.0342726948728344
0.155057498541988 0.37370417854686 0.139450096660702 0.053522348494574
-0.158935870981051 0.346070051935792 0.11294495757266 0.108508843810304
-0.426710257227916 0.0805403249126122 0.0409634776238117 0.120038492787602
-0.40069810428537 -0.301957161461367 0.00807444214296076 0.0831217916297518
-0.166233168937327 -0.519772416014565 0.0842307385733999 0.0981952017969165
-0.178094374233898 -0.393566687240452 0.0288278171020066 0.582608676174523
-0.352635430724482 -0.156103934569198 0.275751450011611 0.141884139535727
-0.309373764232236 0.120468511426963 0.0361075716589784 -0.0586624137733819
-0.0840712566244081 0.272350632373779 -0.117826294968892 0.0734934626791447
0.105030337257331 0.263957227360689 0.0720741255912031 0.257752861971175
0.230276975020542 0.163475657546916 0.288193263222667 0.131134497008008
0.259019183014067 0.0540509477661833 0.310073669176395 -0.00300667559918767
0.246221632885576 0.039138565785829 0.274845714606686 -0.059359325959255
0.238253539918263 0.0761172101645234 0.266105040419806 -0.0524773334137073
0.205870562542893 0.174264085704362 0.22754375981755 0.00077980924974231
0.0554698598541971 0.250815312406859 0.14914029856219 0.0813759405658492
-0.13422580541494 0.169994010884085 0.0897043002395189 0.0968748665552543
-0.2253373592634 -0.00577061208163953 0.0854757738740738 0.0953110145845035
-0.214764067557582 -0.186714815130558 0.0725312350220684 0.121812277633589
-0.110435296640513 -0.324047826043297 0.119004727733925 0.237117704984748
-0.125468009669805 -0.190529489085562 0.0890341242691009 0.694786428301852
-0.191124673923552 -0.0481075687816144 0.35566498101084 0.20383210947843
-0.127272971276529 0.0720703592670009 0.0911001577589054 -0.0778583142127033
-0.044180210082296 0.112100130469403 -0.121260272288531 0.0517059697311184
0.0228509349827598 0.125839285160923 0.0572637131404241 0.291748985978318
0.0948362370121649 0.102157328119717 0.329970722869932 0.188971931117005
0.131783621312674 0.0624701300218203 0.387295128925409 0.0288257060746891
0.12863305186968 0.0647160725552385 0.345457299760548 -0.0386128933035026
0.116381367172843 0.0821987321619995 0.31389165189013 -0.0226701572056597
0.0592184305817623 0.117713579912741 0.238226233193169 0.030986094766883
-0.0393552280903781 0.116032868361843 0.127315625068155 0.0850598932155427
-0.0977346003876722 0.00796370135891282 0.0551711712059891 0.0633707857662707
-0.0327263935236426 -0.0684268359785104 0.108788980415876 0.0581379072870801
-0.0359106565147213 -0.0552095494134406 0.105772059952352 0.131467911456306
-0.0518753553252263 -0.0981518901181649 0.136691381182335 0.306465731224072
0.0178049907266374 -0.0728818898421529 -0.181803121276883 -0.373143873684965
-0.0796198360999925 -0.0502211407582448 -0.189035048571801 -0.13621988756057
-0.0968839362024813 0.064216440405759 -0.114263482958469 -0.010451838002329
0.0413072103812628 0.0971586033394337 -0.0176171238466093 0.00793093675214488
0.0945960694514739 0.0205602173933032 -0.0503553387825134 -0.0925855957542883
0.0614577726156872 -0.0428531319339159 -0.212708482577013 -0.0852494949955614
0.012581726718212 -0.0708937162838498 -0.316345924402613 -0.0237353531715416
0.00459372643058028 -0.0732653752027673 -0.353728616790228 -0.00403517426123331
0.0153041229574416 -0.0551522256255796 -0.374849081385202 -0.0513168850935711
0.0599880315994659 -0.0275174982598613 -0.301319832947079 -0.178389455294451
0.0653022940060269 0.0122106338759331 -0.0887303433780837 -0.250335867202719
0.00416491910603064 0.0614775251066661 0.0834997898004509 -0.0745987545984292
-0.0838989143743934 0.0132168601574444 -0.102190354198276 0.0318741907569698
-0.0208192553397742 -0.0854270745848318 -0.240664341422789 -0.180413666319957
0.0552360936336489 -0.066371415010137 -0.0788739719299482 -0.646110979036081
-0.0229531598851611 -0.250034627993862 -0.1900481179048 -0.314327875954826
-0.16942441949066 -0.144330742518351 -0.181481377389119 -0.129948790427303
-0.198446675926965 0.0587889358375523 -0.125707055939106 0.0165457272697814
-0.00839712247150357 0.174248519865639 -0.00673465791380577 0.04109332604406
0.127166521130773 0.127011744075627 -0.00916133116074774 -0.0745987639805209
0.163272141626273 0.0289192155311284 -0.165552708106535 -0.103251569913864
0.135850556167753 -0.0549052331670126 -0.279192502710487 -0.0500196421058962
0.138832475602995 -0.0736880438366021 -0.319800127388011 -0.0313318750441039
0.161276733845312 -0.0391441794240829 -0.330323888238458 -0.0740989176650021
0.210460051309041 0.0594384945111153 -0.253361661345007 -0.175343752328765
0.137423514452321 0.178421996747852 -0.0610191504688712 -0.212877548383646
-0.0628664595543687 0.228866117452566 0.0876017636482838 -0.0354051818807931
-0.288804396355736 0.0676514889174769 -0.128149977589095 0.049784757691466
-0.217884531612415 -0.219795380732673 -0.256141443799524 -0.184171517077047
-0.0322530625869756 -0.312528623525456 -0.0763640233333663 -0.607535977479142
-0.069572215424043 -0.402614943457178 -0.189290364898484 -0.199234487134516
-0.259683314853022 -0.22484362335886 -0.15654696334521 -0.110245079871461
-0.295894869198453 0.0574129795927945 -0.130067922033585 0.028990066623421
-0.0596774264005215 0.248815825816026 -0.015742380856302 0.060994989264145
0.152341696644844 0.229503930502241 0.0173225038354137 -0.0392186223024209
0.250860823533716 0.100030132085121 -0.100719588420125 -0.0970291618728472
0.244707102597538 -0.0288960675603732 -0.202137186946881 -0.0641781665018877
0.253260690761168 -0.064037750617336 -0.236742723056775 -0.0526790831669661
0.28078069807267 -0.0162529483357692 -0.234035770530771 -0.0878497579813578
0.333134621503529 0.139998739573022 -0.168492571001286 -0.152335481616165
0.193549725116182 0.325190439996254 -0.0195223926701668 -0.153692389018542
-0.123944604765552 0.373360951881775 0.0962640981970935 0.00567985499586442
-0.462708717741168 0.115365338788775 -0.121917576453827 0.0746005273876626
-0.391024666955064 -0.327268527398046 -0.235822736598373 -0.147451045204016
-0.112356464456405 -0.513291860714316 -0.0548844604704113 -0.488106745841175
-0.118797472029234 -0.511625220971636 -0.168661745655067 -0.0325072519254764
-0.356075714953913 -0.275723838238045 -0.0949652281958698 -0.0698340427669265
-0.389185721268898 0.0790081229802305 -0.115323112733643 0.0213958361391572
-0.0991196326848687 0.327660831471751 -0.0403224653427725 0.0690646465533905
0.174412896685134 0.317063002958851 0.034693960777423 0.0194282778447799
0.318032271887877 0.160652116305465 -0.0145670959351466 -0.0646308661306086
0.322794006155064 -0.00212800786976181 -0.0898924020093305 -0.0645204913710752
0.326921490343113 -0.0436548965550733 -0.116085120237173 -0.0675202987933891
0.35447564700001 0.00993969450119415 -0.103909642607462 -0.0914455276008351
0.405539377156214 0.197175001840804 -0.0544479128519237 -0.115225086874538
0.224923885284547 0.419479454950856 0.0359779440809299 -0.0786334405643584
-0.160376885255706 0.461352051609268 0.105739628817313 0.0480020596870566
-0.567262461333461 0.145012506685692 -0.0834118360736018 0.0983007837812195
-0.499775653139426 -0.383853118224478 -0.172776737489573 -0.0767511968719521
-0.16582491923654 -0.62746223662092 -0.0152799986916435 -0.304539275812788
-0.162633057078719 -0.554897963655268 -0.120798542704125 0.172708573922001
-0.428287455960233 -0.282544639758828 0.0118303270237883 -0.00777351138100993
-0.444474255352454 0.113158703806824 -0.0773704349511224 -0.0015715734565605
-0.116604504509174 0.381777900708313 -0.0717918080771491 0.0726426258978503
0.183835082556729 0.365798921420058 0.0510173024349755 0.0984770942372358
0.346659707297212 0.195434050108013 0.08967289984551 -0.00904274358698293
0.354794937831127 0.0220011488654289 0.045369216109786 -0.051266099024486
0.349641313952683 -0.0177643040158204 0.0218285613782668 -0.0734902940544099
0.368622680188607 0.0369549327035224 0.0383053172955078 -0.0858905667196307
0.404777784701894 0.220488812669724 0.066255062146019 -0.072707495478808
0.21280764184067 0.434504323471841 0.0942090806639301 -0.00340271202678549
-0.171348870752793 0.450858582837264 0.112432518799988 0.0846936900610666
-0.549429155531233 0.132203376594799 -0.0227391087696059 0.112164411939415
-0.498893930265851 -0.37143884660518 -0.0813172373202398 0.00694516916013164
-0.178446256267751 -0.626133778793681 0.0328936739007632 -0.0934937253125373
-0.181531780915352 -0.513295438741751 -0.0513288634315331 0.384568314173496
-0.428757721296064 -0.241344062134873 0.142670075306399 0.0665130207708148
-0.419471829692919 0.130861250798271 -0.023647107956659 -0.0292281899832287
-0.113231266285213 0.365680557112311 -0.0983441655771693 0.0774942745856032
0.160735800502044 0.348126697869345 0.0664631778626854 0.183248064700754
0.315719845359621 0.195798996422207 0.195880232129165 0.0594934238105385
0.332072085688956 0.0421961071005532 0.183806735665287 -0.0296342108001938
0.318711908271835 0.0128536363886595 0.157294544042224 -0.0684140080703744
0.322456246815355 0.060658132511151 0.165516066332599 -0.0718495178805624
0.327972095279469 0.209900515947288 0.164201651157291 -0.032272985733156
0.14832999819352 0.364120384817131 0.135125746812787 0.0540985313510876
-0.160376849866329 0.334636264308222 0.106506867828966 0.10133300433203
-0.41661930823555 0.0691455873976767 0.0371315937947656 0.108056625387172
-0.38275516140921 -0.299025145842436 0.00846192199647327 0.0772482545460785
-0.1520861487532 -0.51120945748664 0.0794836507998052 0.0974417958809347
-0.164605612678483 -0.38373956381694 0.020461716506223 0.562450802026218
-0.339188870603723 -0.158714207972731 0.260578291274955 0.140419659707063
-0.301720328362444 0.109585209650419 0.033682409048552 -0.0531877312192194
-0.0875009825330464 0.263899951994016 -0.114089749544402 0.0730922751831322
0.0995882910894831 0.260662268678204 0.0711163215483435 0.250823743801358
0.225327088590515 0.162338057995611 0.279491088929878 0.127376883429418
0.252338310852785 0.0565667558740474 0.301685018881045 4.67881716653962E-05
0.239222410426819 0.0414399342829803 0.267321002068071 -0.0539169567095622
0.231823629958907 0.0763806590970375 0.25764530732921 -0.0479393021447159
0.198915310850596 0.171989680334038 0.217699322462128 0.00340860434311749
0.0520232908319996 0.244128922470967 0.14196883591892 0.0819834130204618
-0.133685899039184 0.165061150267802 0.0835634544498947 0.090359159046796
-0.220380397890334 -0.0103378054308632 0.0806435361235501 0.0848162356871375
-0.203517293033223 -0.185151279624653 0.0696635368875376 0.117498705605186
-0.100013881535184 -0.32007996724669 0.111488056080713 0.233339701857117
-0.117242160704238 -0.18705625274169 0.0783827593916132 0.67410787323921
-0.183396013227648 -0.0518318034205612 0.33811981120596 0.203484434690371
-0.124744524816393 0.0650248878815432 0.0857931009883618 -0.0709850073548565
-0.0465663616520719 0.109114277124413 -0.118894753136568 0.0529063894738301
0.0203910442530105 0.12474918559013 0.0557013363355659 0.284124283948034
0.094026673489133 0.101655919991601 0.320308349393307 0.184095785787392
0.129462630623563 0.0628624762167101 0.377385868445677 0.0324959799674751
0.125187455857581 0.0647695469833864 0.336684768990791 -0.0320663019090624
0.112584977694116 0.0810572325298132 0.304012804828431 -0.0177142335209327
0.0574232775135145 0.11615502617552 0.228061281355486 0.0337534162690707
-0.0381345367164762 0.113398378891418 0.119373879531301 0.084805072623957
-0.0961965165148514 0.008248984752966 0.0510862230996702 0.0590631347364996
-0.0338004545259365 -0.0691586169691087 0.104151352329684 0.0513354460457306
-0.0329261373218694 -0.0555724039087385 0.101450284144758 0.128639083847409
-0.0456779148859814 -0.0993635724060127 0.128844243318117 0.301486270044969
0.0272255898079366 -0.0680895745171871 -0.121239196197307 -0.396968522888212
-0.069213212118074 -0.0617861385676057 -0.168322287154173 -0.16876454411291
-0.104927169650002 0.049785826656781 -0.112100534933834 -0.0332063409243568
0.0253102282543163 0.100848435350507 -0.0198093318422777 0.00489857448575525
0.0888400392283722 0.0345022677222504 -0.0372652986662548 -0.098468775903504
0.067196462940825 -0.0306846919512259 -0.198320838872271 -0.115060552279392
0.0213076077552456 -0.0673623192835575 -0.31399510359525 -0.0693872921719196
0.0138882063260476 -0.0712938400056202 -0.350949197855026 -0.0654099070045828
0.0212607339901912 -0.048557833693101 -0.367228436135291 -0.115980579546884
0.0606808279761955 -0.0176450591240002 -0.272109108831174 -0.229740137285503
0.0585591429709212 0.020200050177646 -0.0469238558315799 -0.268346208911277
-0.00694295759956246 0.0591763158959147 0.0976446430383333 -0.0649850576563595
-0.0831915289008749 0.00283604928407203 -0.102969695201977 0.0144859402490694
-0.00969986456960573 -0.0830811472101489 -0.20314065571673 -0.223932436463477
0.0545803326202098 -0.05553760137935 0.0382970438689252 -0.664037471827636
0.0127732981633953 -0.248903312130383 -0.125584759723023 -0.337255823627534
-0.142814143475844 -0.169584686427156 -0.154834542685504 -0.163217191821015
-0.203860090245689 0.0267661015390396 -0.122298652281573 -0.0133956867298301
-0.0375561465772394 0.167553351003928 -0.0142063830014489 0.0344700517274692
0.102864295762889 0.144982953732412 -0.0016745564403283 -0.0791524808661466
0.156226532071254 0.0560227288251991 -0.155088866851486 -0.126966459400897
0.142112136264828 -0.0292218344337857 -0.274961108233379 -0.0919195562252545
0.147955076780541 -0.0485259808361241 -0.31272333471123 -0.0867482132750425
0.161173525137952 -0.00787022004493548 -0.318472764563508 -0.131834477711331
0.194213441934338 0.0940699889387073 -0.223020248447153 -0.221622480667949
0.100323409767933 0.195270991182405 -0.0216408275533091 -0.226740556731513
-0.103444129096221 0.212682023516416 0.0980082280752241 -0.0273256993636491
-0.293474594073883 0.0204526614343292 -0.129756374895618 0.0298234635109519
-0.178576695396746 -0.251525187450847 -0.22000219940299 -0.223433201603282
0.0149362110699994 -0.31552681324992 0.0304625292848704 -0.621605470668145
-0.0104925726406212 -0.405378745625768 -0.130289371518823 -0.220429001909099
-0.219413017012405 -0.263567466169757 -0.127669773420591 -0.141014184408187
-0.300170835376896 0.00847657408359345 -0.123983618944169 -0.00630050981852618
-0.101852822969396 0.232092619640715 -0.0239898568231999 0.0483760912716703
0.109136529127516 0.249645949937771 0.0168615802293577 -0.0445388036378113
0.23186411579691 0.141224507877278 -0.0966048865029412 -0.111840055417748
0.247396797229368 0.0143268155601359 -0.198310109687768 -0.0956164460610022
0.259794033088165 -0.0186844935771719 -0.226461929882986 -0.0938458851590498
0.27649444465 0.0345817694760315 -0.220966421446061 -0.130982696897518
0.302912875128431 0.193247276312195 -0.139977324035463 -0.187239635953899
0.132160934427361 0.348999681128892 0.0129006134560697 -0.162333627618396
-0.18991546515617 0.342605782257516 0.100612053196546 0.0131226452408995
-0.473385302859973 0.0371298435500787 -0.126515161321935 0.0562071529790128
-0.32879117263644 -0.389034121112081 -0.207906636696904 -0.178409948365003
-0.0263042455253197 -0.528431464347096 0.0299323116862308 -0.493864886155624
-0.0421275305449405 -0.522098806656669 -0.125041069324319 -0.0498252440213961
-0.305633965811978 -0.331013465640126 -0.0683878680138019 -0.0931036102543777
-0.394853017726479 0.0137772417417212 -0.106771783394805 -0.0165221622028933
-0.155954691739577 0.301676528883085 -0.0501344717470533 0.0482010277169986
0.116896694070049 0.340640921604041 0.0223824370103509 0.011049176802743
0.288147786306888 0.210247622438339 -0.0211150517628023 -0.0662667437579983
0.321292193529382 0.0540406787316522 -0.0876708275034123 -0.0805323187662658
0.329827074542891 0.0140738189641526 -0.104629707026567 -0.0879502370705114
0.343830630922874 0.0718739761827413 -0.0896387751883964 -0.112717084802538
0.364519192224836 0.260548711986408 -0.0327831835632078 -0.132881786498493
0.148092680896354 0.446958909030537 0.0560767220452647 -0.0784882840439435
-0.242488203759483 0.425706687272579 0.103070376720819 0.0558401151006306
-0.580248381027599 0.0462238952139894 -0.0925205139139212 0.0861909580507234
-0.423404127842681 -0.463590695744298 -0.159323481852902 -0.0926681588874522
-0.054694241254027 -0.650640371521474 0.0343012445258715 -0.302093039310416
-0.0784046540407445 -0.572433464478393 -0.102252563680673 0.160627433813085
-0.375044907793439 -0.351038546539505 0.03142429374971 -0.0173802994041425
-0.457443544474538 0.0374937019444565 -0.0655765078292013 -0.0368633252255424
-0.183348390478549 0.353010558907087 -0.0820736069962757 0.046065647563987
0.116061693374845 0.392011207764261 0.0264588337278447 0.0896746059293632
0.311233710100009 0.249406298818425 0.0723420609981715 0.00365907832517769
0.351151010290008 0.0833404237885644 0.0450464419140891 -0.0486105766749888
0.349403236611852 0.0442110439964612 0.0342190946876972 -0.0683603894559197
0.354430727653065 0.0987819160856592 0.0517616251808851 -0.0834371907713649
0.360969237210158 0.282673235854763 0.0799679959888302 -0.0698333094522009
0.134153863670435 0.457937398584403 0.10080863465738 0.00801521253605119
-0.249557948498142 0.413435860938677 0.102943188750612 0.0937983588186864
-0.559856009681156 0.0362823458115856 -0.0361820136581242 0.109108852387393
-0.422100410294438 -0.453584455792334 -0.0834785229729607 0.00795860902765372
-0.064127748601417 -0.651916346054544 0.0446832130000727 -0.0800389377532404
-0.101896082367076 -0.5346822204336 -0.0673965431778059 0.379287113955428
-0.383367357497982 -0.311654572617195 0.150827597089219 0.0767218450822271
-0.434899976631847 0.0562351247438628 -0.0107141862214518 -0.0553053469664716
-0.177701259987008 0.337947449028323 -0.110127838248897 0.0475938217293457
0.0950343737737554 0.372238864041866 0.0303720134953831 0.177141227902309
0.280703166404752 0.245320692061553 0.169928726329272 0.088044888151533
0.325261818356773 0.0995239563446152 0.181623730538629 -0.00570968312294511
0.315314585685816 0.0687111508899126 0.167592139096108 -0.0405735140643984
0.307580102790321 0.113388883241645 0.176682481682224 -0.0468615322052373
0.28776953291106 0.259472654580852 0.170359792835072 -0.010967182216902
0.0839776806111685 0.380435589855718 0.130471106479238 0.0727546333454125
-0.217400401809862 0.301088832344909 0.0928764762687683 0.11143848072477
-0.420894161766841 -0.00447658152826813 0.0220354178791618 0.112718994507533
-0.320611437675263 -0.361929745475647 -0.00795541018663238 0.0903938363153919
-0.0538074488015835 -0.534649485497376 0.0568876142287061 0.118604012962694
-0.104308191385589 -0.405867186560784 -0.0305032186517215 0.565896296123649
-0.308316762476615 -0.216832657905201 0.251341033145038 0.171972300592541
-0.315599483387068 0.0548349534604956 0.045538763353291 -0.0631495256169815
-0.135052206584304 0.243586872206554 -0.125513871227945 0.0458575932471083
0.0498775819695285 0.275751878994445 0.0274771684288965 0.248938584460933
0.197019677409531 0.197545266666579 0.247470847492466 0.168186860834408
0.245179887075036 0.0990948253896213 0.297300163509988 0.0412220584140698
0.23283407014236 0.0839135625483422 0.274853395115829 -0.00769125439373783
0.215551785721279 0.11294338334124 0.264297673480264 -0.00663264362693269
0.168735018752172 0.201512833595312 0.217059953962883 0.0359561390006085
0.0122250444060387 0.247713282203773 0.129759343938115 0.103747527391288
-0.161164068942378 0.138708743647745 0.0701700171037023 0.0997278509166462
-0.214291889185744 -0.0505693133620395 0.0658113608795013 0.0946364787540002
-0.16428841764771 -0.219114937975382 0.0464465542754454 0.135165649347478
-0.0345163150446837 -0.337412137345093 0.067225756822991 0.259932767736698
-0.0860427803603427 -0.204155884424063 -0.00558668409774155 0.682040429161351
-0.172426163318629 -0.0834027112168191 0.310818257959271 0.250986657636555
-0.133636634186005 0.0406706155059937 0.0944724296669983 -0.0624605243303884
-0.0673053969364162 0.0986173023765469 -0.126635969901813 0.0324519717393819
-0.00390003097980187 0.129176093868946 0.0120391437439971 0.286965046574237
0.0769073703187877 0.115147512140229 0.286790547794812 0.231640978238753
0.121701024785295 0.0838864874133103 0.370974980969491 0.0857921762902317
0.116633103427548 0.0862429697794281 0.340645770257581 0.0266914581517403
0.0998363961378673 0.0958906751579176 0.306838196567596 0.0338081580321409
0.0389628493559543 0.12376411481861 0.220202843098917 0.0705834403361584
-0.054639103867313 0.104791639386396 0.10335587634944 0.10468178784988
-0.0964584652008855 -0.00773043441143648 0.0405831785805313 0.0662464202094422
-0.0217783723282799 -0.0765371106996291 0.0921876403410623 0.0632940880742354
-0.0182277746560074 -0.0631788245629904 0.0767668609835672 0.147156187154777
-0.0189934918046612 -0.109332947323956 0.0738239730199395 0.328546207415257
0.0268354151902028 -0.070184932721885 -0.123594310425821 -0.414619660394222
-0.0718322173774061 -0.0628519394703042 -0.176013911485246 -0.176873647937415
-0.107549559397838 0.053036382962234 -0.116470875889069 -0.0330295839200459
0.0268465698743582 0.102669616596364 -0.0178295582556001 0.00811620907870699
0.0921082902162984 0.0333768353732382 -0.0336650569485106 -0.101048416499029
0.0691478697172746 -0.0318255451550523 -0.203744199550103 -0.119312249653664
0.0206061291369077 -0.0697609014919901 -0.32426969312154 -0.0747537868935339
0.0133227479383018 -0.0742846664578594 -0.367080236021288 -0.0716832170805901
0.0227263435559965 -0.0502990697647645 -0.381775839640377 -0.122042673496619
0.0637633597377016 -0.0191771249554812 -0.283569952473902 -0.238714868674042
0.0605150411309489 0.0197435745303507 -0.0488024378536166 -0.280561026485035
-0.00697634265404721 0.0610559977591562 0.102574542874628 -0.0702507037495656
-0.0841183018105887 0.00367249617901708 -0.102862490319891 0.0132758834095203
-0.0103088019696269 -0.0848728331405816 -0.202782480966455 -0.237009877936831
0.0549425699688542 -0.0565567692837724 0.0445286681672459 -0.685946906294201
0.0144001750687998 -0.256223557571641 -0.128313523289193 -0.352922581722677
-0.146432527989016 -0.175401768716082 -0.16433246918173 -0.172118916256566
-0.209851670339197 0.0277010407696245 -0.125971937588638 -0.0128574878708203
-0.039307212583369 0.171704013188949 -0.0115587305473732 0.0384771323486708
0.106887215106757 0.148111373313531 0.00199730632821757 -0.0822718984957891
0.162562261435663 0.0578355148239161 -0.160116070080789 -0.1330123904253
0.146186748358031 -0.0292494135596139 -0.284934918719456 -0.0976040912222164
0.151950960350219 -0.0486524723360644 -0.327284129130612 -0.0934208787491699
0.167909749145289 -0.00704096528404966 -0.331941519268035 -0.139521181594464
0.202291748363631 0.0971830885571737 -0.232495803003715 -0.231658741124521
0.102510160796208 0.20199157814284 -0.0216741997249417 -0.237223938643007
-0.109536249207473 0.218846767669413 0.102494661388231 -0.0326128525864378
-0.303022817990166 0.0179889922856171 -0.131642185881407 0.0282731743369701
-0.183038272376897 -0.261867939254637 -0.220581194096536 -0.236469560852109
0.0159902046437973 -0.328047061317156 0.0355161199570323 -0.642510367985573
-0.0072771708718844 -0.41976686610089 -0.133770024748664 -0.233263867266904
-0.224180480683345 -0.273958218073396 -0.137513210503556 -0.149915023274948
-0.309321279690544 0.0063365346624717 -0.127695314402852 -0.00563633434252607
-0.106189425298134 0.239557975971895 -0.0225268815172547 0.0519399425602704
0.114138671738954 0.257953158289632 0.020949599138985 -0.0466118642524656
0.241052620070994 0.145590553145782 -0.100247748848325 -0.117545413789211
0.256210161802724 0.0159366795727988 -0.205135997815617 -0.101520947856454
0.268318910956954 -0.0162723208409342 -0.23728846192962 -0.100258438308557
0.286284254630984 0.0382640192240304 -0.230795317915266 -0.137851462014135
0.314927540584669 0.201874864820304 -0.146857790236626 -0.195653225072902
0.134804797842275 0.361406562640819 0.0145589397637716 -0.16886984204725
-0.200344259950742 0.355048836290672 0.104417287401927 0.00954840558968903
-0.490424508264567 0.030488572344233 -0.131285402212944 0.0531428458114129
-0.335795618936205 -0.407979820191141 -0.210301003352553 -0.189152123716605
-0.0229168795495792 -0.552193276200385 0.0321456329288718 -0.511746123837942
-0.0385828732976329 -0.54084433252061 -0.130082199767414 -0.0578904940559012
-0.314583369655604 -0.345032209246007 -0.0766029689758206 -0.0991959610294178
-0.40904510415401 0.00760202433194398 -0.108729606527294 -0.014512962023617
-0.163459125883762 0.313024703450068 -0.0489876707712692 0.0522691893567848
0.120269184268219 0.353677792612006 0.0268610562504683 0.0107967583731174
0.30097268578903 0.218419762348993 -0.0219720953405645 -0.0720453847807686
0.333216622800802 0.0577505284713702 -0.0904406881125982 -0.0841621755053167
0.341954058566742 0.018485220419648 -0.109829734155789 -0.0928989839083425
0.356832791588042 0.0772904513068394 -0.0945779186996724 -0.120060834656255
0.379233114780945 0.270766101423868 -0.0356141597450937 -0.138519757047216
0.151205793795806 0.463914178224425 0.0597615235817499 -0.0806245123989495
-0.257423874735461 0.43941046139389 0.106247895359312 0.0530755119258149
-0.601704735538491 0.0405290568610678 -0.0967490757752042 0.0820191016734851
-0.434303626436927 -0.485496854296066 -0.161484035541904 -0.0997794502883477
-0.0508638778951904 -0.676862032732549 0.0337922953195227 -0.310603840953879
-0.0741113773040578 -0.591141855851467 -0.108680412096188 0.159066721990805
-0.384453440890248 -0.370026433480768 0.0259897698268516 -0.0189951282551072
-0.474689345029207 0.0306093465313335 -0.0660456527099356 -0.0348196697639347
-0.19421134756706 0.366132613294725 -0.0830417032413795 0.0494297330626699
0.120921987712883 0.408019731575184 0.0296415929969583 0.0919166551219405
0.324455220490848 0.25926583021615 0.0743172195894862 0.000148877708342573
0.36471679901281 0.0887587402974705 0.0469525697435563 -0.050304013461483
0.361745358708404 0.0495259575608884 0.0348594991316036 -0.0720229766313624
0.366923472587165 0.105544080354221 0.0517127753193579 -0.0881924885609291
0.37548948099702 0.294777106520341 0.0814817376385602 -0.0733133641107552
0.137559133149161 0.476911350585779 0.106803622443669 0.00923949194350575
-0.264581563244987 0.427785256812783 0.104953000164747 0.0923565123393169
-0.583109773428061 0.0298626925399825 -0.0402003803622075 0.105626603264213
-0.431686020973835 -0.475237289000218 -0.0861134021636793 0.00518534904624147
-0.0612234753896542 -0.681168910420664 0.0436234567035769 -0.0808104205492624
-0.0973406830946027 -0.553044938131902 -0.0729634160042753 0.387112078593386
-0.39255679161856 -0.328351478105826 0.149004668103065 0.0798999181490801
-0.452375029012612 0.0514087857774813 -0.0101719099207212 -0.0540949925977544
-0.187939434895026 0.350887412020189 -0.112893454712683 0.0513265274492164
0.0985784894043055 0.389615574453526 0.032622750934334 0.183573863802797
0.294259196791634 0.254727566096122 0.175208683221168 0.0886871884932436
0.338792416802867 0.104954648019152 0.188628766921792 -0.00539876392825871
0.32691148525706 0.0751893117636182 0.173124542022422 -0.0411828763505357
0.318869476463385 0.120203823135062 0.181169818973079 -0.0484674766211656
0.299663427499758 0.270201389575036 0.174045348862592 -0.0116413825087111
0.0862696585690456 0.394322773173743 0.135510620811888 0.0769371051477199
-0.228021565918691 0.311404798167778 0.0936461096233761 0.111581126039255
-0.436579489995348 -0.0117704707639768 0.0192598386996726 0.109614457674236
-0.326337733393307 -0.379952921381557 -0.00852254042331399 0.09198930373472
-0.0504072907698435 -0.558883843055686 0.0552936425000103 0.125399865949272
-0.10104154270592 -0.421441173396393 -0.0382245282262517 0.582105680467753
-0.315215895543048 -0.230347903108774 0.253653085684443 0.18128346103377
-0.328275048462288 0.0497442050930129 0.0472299787706387 -0.0617295442666844
-0.145355941156934 0.253065887162794 -0.129531177529561 0.0504793412022019
0.0512621350854459 0.289301410905895 0.0284929429666509 0.259535038847983
0.206269867605776 0.205768939090375 0.256767051526625 0.172781706629108
0.256850739032343 0.104930955936433 0.309400409314029 0.0444717154055421
0.242433830033917 0.0901502832407397 0.286108560599976 -0.00532344209153292
0.223702526728067 0.118434209998728 0.273265975664011 -0.00612196507622959
0.176057555239751 0.210031380711512 0.221844078924994 0.0382827442360738
0.0117848276739026 0.257521102141369 0.133057744413932 0.109633384646294
-0.169240573947486 0.144651901692157 0.0698453483420562 0.100185368012724
-0.224115301605954 -0.0571836932373323 0.0651691760234249 0.0910869347029283
-0.165890754417548 -0.230648144991583 0.0468976087442294 0.140143464923413
-0.0309256945333642 -0.353588160083624 0.0656165413411141 0.270973132800304
-0.0844919363578579 -0.212233857179429 -0.0121716756048877 0.706025482796063
-0.176164073619641 -0.0903257312265467 0.316966452027442 0.26421147850648
-0.139179347600093 0.0369651513745839 0.0963105970475135 -0.0601146618192753
-0.0726892907137505 0.103346004783401 -0.13187465673078 0.0365339678532407
-0.00505196176369337 0.13674942750063 0.0117914378671333 0.299846613626344
0.0818951096301809 0.120147163431697 0.297398291123883 0.240676413089355
0.128435759344198 0.0881011798527507 0.386098056607205 0.0916231235831834
0.121480105622779 0.0912570024695259 0.354557321895166 0.0311303501451701
0.103201947669884 0.10020552179337 0.317902464375695 0.0371447990782514
0.0402799835843484 0.129834726508632 0.225702042888958 0.0750225947947416
-0.0559972501960137 0.110405479059908 0.104054528613141 0.109740234985957
-0.101155775243123 -0.00746778612033971 0.0396851313915224 0.0655249543043233
-0.0247270918270605 -0.0817720152406954 0.0937751492383017 0.0603486401826452
-0.0173138742113239 -0.0673561563259969 0.0797367898753018 0.15336902960889
-0.0160379540688151 -0.116816933188379 0.0742300703521522 0.342734071363757
0.024099345909012 -0.0737265937646671 -0.142841904980615 -0.429127297010556
-0.0764126845324866 -0.0621438279237463 -0.194283786633612 -0.178615514855176
-0.10801237551 0.0608501708970143 -0.124297631270866 -0.0296401350333589
0.0321414513734019 0.103208004154565 -0.0155878385576122 0.0124045041814455
0.0972937868042254 0.0287262821784023 -0.0345311080994618 -0.104937816526526
0.0704279293434998 -0.0359985341227991 -0.213902044540396 -0.116831060969764
0.0164848182242831 -0.071947388033294 -0.340360040256054 -0.0683727703889621
0.00957196905468144 -0.077852872564534 -0.388208661368257 -0.0639267520813441
0.0228524490612266 -0.0536558608135202 -0.40458927930555 -0.114974576543586
0.0656522877233315 -0.0236883464288924 -0.306676137880403 -0.239865040566998
0.0629505126872448 0.016537862197248 -0.0629988434579627 -0.292601582632987
-0.00416160842120913 0.0632040543986342 0.104703443597645 -0.0805360055523532
-0.0847534988736841 0.00744878485065904 -0.102684772997179 0.0161500598482292
-0.013526213814981 -0.0866234938964662 -0.212863910163697 -0.244658323875743
0.0528598206885979 -0.0591810497952029 0.0247428914263168 -0.715661906419072
0.00622088256709509 -0.267522316773047 -0.146819418346948 -0.365808683889167
-0.157478558476416 -0.177654268456017 -0.182342920843232 -0.174590666642756
-0.216203377646355 0.0363448079673844 -0.132272307744824 -0.00854173847254153
-0.0337166038665537 0.178182030567727 -0.00808388909318196 0.0424763357963443
0.118222535643729 0.147670287870484 0.00314278431631337 -0.0861734863449294
0.171763106763322 0.053464333952429 -0.170726827131546 -0.132770088476299
0.149702197381817 -0.0348366081578975 -0.300542936847376 -0.0921558907303982
0.155764087280822 -0.0554028805482674 -0.347735497464541 -0.0880338195096663
0.176183931083801 -0.0132731056777787 -0.354743277128499 -0.135353586970064
0.215709511666259 0.092821820070612 -0.253688736172591 -0.234405426008606
0.113329137901334 0.205762300841329 -0.0312891312712766 -0.248857327847352
-0.106307195445209 0.231690617577744 0.106146003182116 -0.0405141739600828
-0.313157029447458 0.0270989914260224 -0.134991833911288 0.0311783288808015
-0.198654561325379 -0.26848388554269 -0.233097742380888 -0.242179922391887
0.0038296484209965 -0.34321714648071 0.015822312245333 -0.667690071188721
-0.0198440748172491 -0.434371027997848 -0.148595342857768 -0.242552805167029
-0.242390594306297 -0.277469320893025 -0.154358546071782 -0.152488393021428
-0.321356442529491 0.0166610725630651 -0.132808630178208 -0.00135594283021481
-0.10210857733316 0.250883347331218 -0.0189465514625699 0.057517824655375
0.129840329190136 0.262361283046423 0.0239558002414525 -0.0502035219576422
0.258047960487027 0.141266570229421 -0.109493239503799 -0.120173066545403
0.266374549311891 0.00804853336237997 -0.217359076937307 -0.0983076374239044
0.278947598004575 -0.0247691542216895 -0.253720482301149 -0.0982821387070156
0.301732128013638 0.0301634235244579 -0.248781133261073 -0.137501073778292
0.337641751749122 0.197420682817507 -0.162676256132346 -0.199338578286779
0.152094162138576 0.372368622474261 0.0108155759774582 -0.178222257030584
-0.198770257455129 0.377923137064274 0.108680861240919 0.00179674075763299
-0.509698456713276 0.0455194188560253 -0.134962972412654 0.0559416017722481
-0.363032965592612 -0.416636597065671 -0.221551672556428 -0.192066811727554
-0.0435051646162602 -0.576729418333661 0.0139941300419655 -0.529903396408855
-0.0540562539112904 -0.558188403380647 -0.138788133358809 -0.0615435636901462
-0.336666590496088 -0.34998849945988 -0.0897871080091055 -0.102524172514933
-0.42619072702882 0.020830324911103 -0.112432475187203 -0.010089250607905
-0.160192414186217 0.330046564345771 -0.0463645734113403 0.0584082418640233
0.140941467780753 0.363292618797644 0.0316142302361803 0.00987518252068513
0.322768221197259 0.214834054781945 -0.0264291326242191 -0.0765870306352404
0.349268865331684 0.0479575414336391 -0.0977604851469071 -0.0849498013186343
0.357345929959503 0.00900074457814204 -0.12030622513414 -0.0950688848952364
0.375948845130311 0.0688335605451546 -0.106328891164098 -0.12237302210943
0.406497280426677 0.268435864683813 -0.0442441728429641 -0.144278443453333
0.174124299360972 0.478989295333882 0.0616943090337831 -0.0873625543916117
-0.254335991914605 0.467351998693288 0.110449868227725 0.047144899366109
-0.626288404162462 0.0568532217984142 -0.100685245296998 0.0845105403578142
-0.464992572800439 -0.496493420401272 -0.170289641729741 -0.100318124337344
-0.0765029401115392 -0.70954219499936 0.021994777074589 -0.319769391359918
-0.0892685588148946 -0.611387027546992 -0.109846751156763 0.163536806215218
-0.411626171200129 -0.373631870384439 0.0189723555186193 -0.0216187859933013
-0.49467496055707 0.0458310131812644 -0.0684902634712857 -0.0320780080273148
-0.19132189723128 0.38838621244949 -0.0823876372511712 0.0572390296911414
0.142347825140891 0.420394340929215 0.0372788263474891 0.0948938754415837
0.349488521850442 0.256184121688816 0.076537418124923 -0.00500357477035862
0.384228848309344 0.0792480543906082 0.0473546302948545 -0.0542174584414003
0.379804181251174 0.0417945597112286 0.0317901984252425 -0.0764885225121623
0.386872576421098 0.0983183386479405 0.0478550078216529 -0.0946869520475397
0.403188394698632 0.292348637907765 0.0800932749292043 -0.0798382660009946
0.159874006598941 0.490668922488153 0.112770127828053 0.00534326603591925
-0.26119087241604 0.455392377792496 0.110097045505056 0.0883605576962983
-0.60858904441334 0.0455088454891973 -0.0426053413058977 0.105783434619091
-0.463176203480444 -0.485897248161002 -0.0887163202812814 0.00738186214940303
-0.0848705759242327 -0.709660910886629 0.0385094812767431 -0.0820363306280976
-0.113407700942679 -0.571738052660006 -0.0659843863741397 0.400290214879107
-0.418820315343429 -0.332742707621254 0.15140028161428 0.0789165928001579
-0.472054191880994 0.0631488712546335 -0.0115582852082349 -0.0526215935339526
-0.186048478375267 0.373751911843437 -0.114349850554472 0.0604871767720183
0.118323770854306 0.402957848726069 0.0432495097017187 0.190569676165414
0.317420711080768 0.253820553497159 0.184839342962527 0.0829257712823271
0.358931446645875 0.0971539894658333 0.196823317013263 -0.0124483201563316
0.345190629522597 0.0696788476437555 0.179142543855045 -0.0492637794549024
0.335960402581148 0.11477796619256 0.185107201468451 -0.0581923705924576
0.324009872506941 0.271390578135074 0.178455059690167 -0.0188769788394501
0.105005053581355 0.408649821240543 0.144935661348729 0.0755801181965109
-0.229148664599766 0.333028294731801 0.0986138122929787 0.108377602209359
-0.457416255203924 2.25090172966801E-05 0.0192874722275211 0.106701177169088
-0.351082662203433 -0.387458873959461 -0.00596539714967704 0.0963241712233257
-0.0696789826040032 -0.585817448535453 0.0582666822635972 0.132499084846808
-0.113849114805177 -0.434486205108352 -0.0224571502202094 0.603805725903275
-0.334822489907213 -0.233214457150419 0.265824000412463 0.181574679816516
-0.343035576570802 0.0582021319550667 0.0474976789235181 -0.0617405156195759
-0.144807562802403 0.270946539733768 -0.132970969817106 0.0608556605845673
0.0644230621249513 0.302836844024133 0.0414151507997294 0.27052729674474
0.224415427696002 0.206700755807444 0.273346557672863 0.168324757996195
0.273613545258621 0.0993967588310063 0.324018282800679 0.035804271772654
0.257101178590691 0.0877388116723992 0.29933611053678 -0.0145535958049428
0.237834433785454 0.11686783413332 0.283451300911993 -0.0155303341962161
0.193261091869668 0.213109824915019 0.230018951330383 0.031868758496093
0.022196963314893 0.268741829499173 0.141714654086409 0.109277040931384
-0.172393116716565 0.157045617232037 0.0738985313144826 0.0981169207362552
-0.237859980721039 -0.0545480998763611 0.0671476223367158 0.0864568024655988
-0.17929756465396 -0.237525764141664 0.0530855943759059 0.145416152290539
-0.0423277546815752 -0.37113028107638 0.0751417305164716 0.281618686241672
-0.09064776234117 -0.218890048669772 0.00817603397201503 0.732763649961371
-0.185211147089148 -0.0913233479212769 0.335069489683569 0.266999339536798
-0.145834291031912 0.039290038033247 0.0979092993725706 -0.0618587109547955
-0.0739805021204351 0.111997637093009 -0.138062970374902 0.0454469869232365
0.00029845116184631 0.145172914704323 0.0243176287223773 0.314690920584388
0.0906542449957013 0.122729960316129 0.319776055328394 0.23863834809427
0.139748135870865 0.086964875199429 0.40675374537634 0.0819570393935183
0.131945455353772 0.0922046619473869 0.3728425134207 0.0212181104302692
0.11110668027886 0.101460232948072 0.332922894870487 0.0281490683628436
0.0487171514894704 0.134900695873653 0.235695516662367 0.0708910694303864
-0.0539731798947076 0.118611276734653 0.110256286417002 0.111817735821048
-0.106711656748341 -0.00242387024360735 0.0417937642360698 0.0640804138558736
-0.0313742159079904 -0.0859770768162985 0.0967931482059642 0.0540690994460638
-0.0186669065396576 -0.0719926277860709 0.0876024030273907 0.158016392881096
-0.0181050436763763 -0.12447911634227 0.0879954257781055 0.355315456753622
0.0180736266260263 -0.076179095838768 -0.171043299095237 -0.426179628330194
-0.0809167101867383 -0.0574120802519087 -0.212144630944792 -0.169021889286814
-0.103406121921742 0.0695036210948214 -0.129040207681223 -0.01947714934284
0.039269647980305 0.100850214390947 -0.0122251474130236 0.0152701225326922
0.099015704641218 0.0203605613317017 -0.0367801706393738 -0.105192235223146
0.0688235175823779 -0.0417000713711105 -0.221674509617621 -0.103892733428445
0.0106331498042878 -0.0727820086554665 -0.349145331910664 -0.0484318773354126
0.0029728097286688 -0.079635864115227 -0.401790547600872 -0.041708170537405
0.0209669764060569 -0.0568012627761782 -0.420381285978872 -0.0916516212524942
0.0648246631191745 -0.0297602096197215 -0.327873909597213 -0.222749861342877
0.0638463017810628 0.0111966760003681 -0.0849941987943514 -0.294539919060456
0.000276546060142207 0.0635228403453506 0.101669747347191 -0.0911715369642255
-0.083002845471416 0.0125931922838999 -0.099053805562985 0.0204690192831102
-0.0193719391040409 -0.0852336668937309 -0.22475514804443 -0.240146940834004
0.0484250968985987 -0.0612886672918205 -0.0174307500634132 -0.723182891061262
-0.00961809692321907 -0.269649217321289 -0.171533531116451 -0.36450712622
-0.170555220768002 -0.169239964349139 -0.200397458085865 -0.165228453783531
-0.214436630559072 0.05080618869277 -0.135589832968002 0.000125508655902176
-0.0226148143744044 0.180040296435719 -0.00229434125431787 0.0459725718191363
0.128897344000985 0.139259308572739 0.00164661202515147 -0.0880271818724018
0.177566066813708 0.0413922891940626 -0.180426203648427 -0.123874420449494
0.148305545780148 -0.0437934982139834 -0.310680681912465 -0.0756985761444676
0.153244635030507 -0.0652040577099601 -0.362369240115622 -0.0686556902409976
0.178201443709752 -0.0242456366031758 -0.370137509521845 -0.115585096181039
0.224911059958849 0.0792875437089629 -0.273620993086585 -0.22196599866078
0.127088002640578 0.200820510279302 -0.047570938762254 -0.252533882710624
-0.0936620290626995 0.24008894196316 0.105096253987614 -0.0521518826429078
-0.315048337809173 0.0442257532379371 -0.132672612861284 0.0383116859472123
-0.216930693421012 -0.260975076493074 -0.24594710083778 -0.235570685024152
-0.0169825561431078 -0.347367964594495 -0.0231722935585291 -0.672625285199993
-0.0427932230322063 -0.437553620820493 -0.166850421766118 -0.241143062366511
-0.262155982885539 -0.266550738370865 -0.171873896155475 -0.144673826263409
-0.323546931133429 0.036264408268495 -0.13482309150923 0.0078025979716255
-0.0876359880486496 0.25909242970605 -0.0119707664432752 0.061624874517595
0.149612298870727 0.254897948335238 0.0242115734632187 -0.0531549628947785
0.271348930483313 0.124067789449884 -0.118842954788501 -0.1158386060813
0.269474046081282 -0.00875636180922176 -0.226666802396223 -0.0865427451189433
0.280317846100419 -0.0408518178799346 -0.267228330713347 -0.0846893734321764
0.308531792226574 0.0124547846513678 -0.263629720087722 -0.124551308607297
0.355870517088264 0.177729538062402 -0.179472747152354 -0.192830623406486
0.176661549927704 0.36763738537651 0.000420155299491385 -0.183986219903738
-0.178354236709334 0.393781139957618 0.109282172764153 -0.0092418492274641
-0.51513183582636 0.0726950619697435 -0.133562685825952 0.062450812899727
-0.390516201195634 -0.40170848422576 -0.232626799366601 -0.183639919772727
-0.0790715863172813 -0.582017886094049 -0.019269259596415 -0.531404040856202
-0.0835468839657054 -0.562202739791287 -0.146432739947671 -0.0582160026964702
-0.362849585773162 -0.334844187934146 -0.103305920430576 -0.0984089483849931
-0.431803313801982 0.0446646299970519 -0.113752576537272 -0.00245873802609458
-0.14262209467351 0.343156872043896 -0.039751561600675 0.064292256538042
0.167217161929258 0.357419090904587 0.0359677210796507 0.00749453305634162
0.342563094142935 0.194089711346389 -0.0323337325489641 -0.0772397549690287
0.35657777838647 0.0264598818361866 -0.104311677139285 -0.0803815509437795
0.362612395703576 -0.0109447300524067 -0.130850410645744 -0.0892763139216342
0.385438383614193 0.0484861619430821 -0.117728849879887 -0.118641112389767
0.430573829275706 0.244242416595419 -0.0562180545237559 -0.143693440025671
0.206747832980286 0.472682893431402 0.0587379001422338 -0.0940354556486544
-0.230170232679767 0.487278386655821 0.113254361938338 0.0362683337527285
-0.632949918787789 0.0909173672757353 -0.0996057594935995 0.0883185436865777
-0.499902508576019 -0.478037016183164 -0.176668692006635 -0.0919163340639748
-0.119086716916606 -0.71606018299725 0.000942946139342815 -0.318765767519891
-0.121106465427224 -0.614116069177774 -0.104853603524019 0.167426283286474
-0.43765131629516 -0.355868913018395 0.0119813671262905 -0.0224423449415887
-0.500213341225287 0.071853128447316 -0.070098950051146 -0.0271594174002678
-0.170176717791372 0.405282084797658 -0.077188064411172 0.0658561830876945
0.172799733045178 0.416235061346581 0.0466783794193567 0.0939211394503109
0.372321913324219 0.235366662292114 0.0758878214989895 -0.0117922054125735
0.394790358320341 0.0553402053105783 0.0448225043628162 -0.0575302215291628
0.388509752515231 0.0214647223988714 0.0258726751738171 -0.0806177254172936
0.399224117478827 0.0773072602909288 0.040114476754941 -0.0994317597604795
0.428454000682532 0.269764386614455 0.073647110837817 -0.0859454377979347
0.194945200734091 0.486940540675555 0.116664272153223 -0.00334678808762081
-0.239625914174213 0.475744236552165 0.113880290606247 0.0787506418309438
-0.617332483135756 0.0792095979973724 -0.0411238479982808 0.105178534738823
-0.497758012542383 -0.466984472070213 -0.0887429589229988 0.0131219471503534
-0.130324593858067 -0.718492690327061 0.0315637026154951 -0.0787407795037973
-0.142670255382565 -0.573398308739662 -0.0467351970727349 0.404633011893144
-0.442724606450813 -0.316132254498221 0.152912810386974 0.0715358616396225
-0.476760799806019 0.0883488834866212 -0.0130545619122201 -0.0509822636849013
-0.167010949640349 0.390961082277981 -0.109861949933794 0.071517767488917
0.146753478793485 0.402518103368487 0.058082859292396 0.192321045734084
0.339854904903876 0.235271129766199 0.19135282868815 0.0702051666004362
0.37114746392818 0.074773158356652 0.199077593591425 -0.0246421287486381
0.356065069883726 0.0516750499222149 0.177901656625769 -0.0607716455102111
0.348201520452389 0.0972440075003046 0.182008185044704 -0.0705097843802616
0.347958319310177 0.252513958665401 0.176768341237398 -0.0305615990354069
0.132461544105639 0.408023913812267 0.152102105565384 0.0665717252817014
-0.212253767674737 0.350860583248842 0.102762723038722 0.100762777171818
-0.466958000685009 0.0240200978156884 0.0205866073369042 0.102828628516361
-0.376658417116952 -0.374669757121051 -0.00105401562994672 0.0991105309212454
-0.105457190679678 -0.590820094754888 0.064458125459925 0.134809568962991
-0.134003439695182 -0.433997202497095 0.0097395610901572 0.609554228708171
-0.352096398966082 -0.218987615057807 0.276362221408764 0.168522320381964
-0.346676077254288 0.0749574280822008 0.0457408398663663 -0.0626804362302037
-0.131023710803178 0.284088438897556 -0.130775232344092 0.0724877419320936
0.0860469691260002 0.304803262477553 0.0608946932440626 0.27413730559413
0.242411199492503 0.195637697726916 0.287336243022976 0.151653687011487
0.285080464568385 0.0828883866898141 0.331272814871673 0.0161770167115703
0.269272953193331 0.0746226808183984 0.30306062070978 -0.0328184285264835
0.247796652558741 0.104797671358348 0.285078591279745 -0.0337498151976727
0.210456377058283 0.203566656970548 0.232469139723967 0.0186933050159063
0.0411127156433599 0.272003890811495 0.150596579476155 0.101630489102256
-0.165239328908435 0.170788828720945 0.0769812287976313 0.0917084452294079
-0.246814204119778 -0.0429183719225187 0.0680173181897226 0.0793358625597796
-0.194472995025953 -0.232200075453306 0.0623253508573743 0.146125922115482
-0.0633273207747431 -0.376188768472582 0.0906728378418354 0.284022625140154
-0.101115505160652 -0.218071137287051 0.0488429110867701 0.739606904527565
-0.191703454623757 -0.0847421055041213 0.353939172260119 0.251148342973011
-0.147579027623885 0.0450320783580889 0.0957074124660907 -0.0647621523873624
-0.0688247370450037 0.119416422592244 -0.137355105055609 0.0584674327222076
0.0104885020089267 0.150372128520655 0.0455814045158009 0.320292850580291
0.101250751944069 0.118761771129426 0.340522280231902 0.219497853336207
0.149238677126996 0.0785700109629711 0.418826748511997 0.058075125020538
0.141932280374016 0.0867026840731125 0.3822473837627 -0.000644673568084718
0.118657503328144 0.0966805464629008 0.338538350396017 0.00825141852801358
0.0587099394437954 0.133924298655895 0.240695687668249 0.0579801347373918
-0.0458138427169623 0.124536045670348 0.117820582511445 0.106675067333693
-0.108893799601632 0.00595116684427801 0.0428386848457041 0.0602646872260516
-0.0402327267737844 -0.0864332259257215 0.0977154851588869 0.0446725358104753
-0.0219763808539878 -0.0742107959603844 0.0992144677444022 0.156020103418677
-0.0240547143761037 -0.128735084930161 0.109441612967832 0.355719966969058
0.0118999156664804 -0.0742012929352184 -0.188438754721179 -0.406611523192671
-0.0821895848558826 -0.0512363503604664 -0.219111509939237 -0.150335360495205
-0.0949345824388383 0.0739311632280827 -0.128976058814229 -0.00997109902806134
0.0433112594521943 0.0940697491031317 -0.0077483175759177 0.017225046315238
0.0955863097583756 0.0127111229240359 -0.037779133722353 -0.102852564110386
0.0643976133276308 -0.0448190143797984 -0.219153987265081 -0.089844261160433
0.00458705747115017 -0.0694099017693484 -0.342853966712039 -0.0292657833052553
-0.00344880971281941 -0.0768456068803915 -0.397790188271808 -0.0192500939048935
0.0168244398158218 -0.0580349850767122 -0.415681093635758 -0.0659641854033736
0.0612532445358276 -0.0338140795431336 -0.333623025353677 -0.198840498187204
0.0614804794308638 0.00646114264247579 -0.101466968176099 -0.284057430201662
0.00383275943249746 0.0610518056455504 0.0947412335386506 -0.0978440337531452
-0.0781392368822435 0.0166545585204851 -0.0920052064186301 0.0222466404567068
-0.0238062993671462 -0.0807137529128776 -0.227170998297105 -0.226846713776504
0.0423615509572744 -0.0605308383984165 -0.0513817296347047 -0.701477680608367
-0.0235103209566366 -0.261676508293171 -0.186751815106021 -0.347152671110657
-0.174867185436521 -0.155007450691056 -0.208820398594466 -0.148788575915465
-0.204728179047102 0.0608785086726481 -0.134211482871194 0.00922175111288715
-0.012241971905455 0.17478264232551 0.00344549228355926 0.0458143273035113
0.132517226726795 0.126311831346561 0.000172588632694916 -0.0878333942441083
0.174820300737372 0.0289302625695287 -0.180982074387461 -0.11069254204779
0.14009667030032 -0.0497043074600287 -0.307486052930432 -0.0576861670280676
0.144982878332325 -0.0698105599879764 -0.361343875876217 -0.0473223144699708
0.173344382468287 -0.0339106331375179 -0.370348918077963 -0.0923215254147783
0.224146185098469 0.0632397301222873 -0.28106981229898 -0.201601034663408
0.133939405685468 0.188542267596665 -0.0610350885859103 -0.245671114615663
-0.0785052460649756 0.239077411237941 0.0996946911016981 -0.0601497432266258
-0.304764956630769 0.0574522052082221 -0.125411402715653 0.0422450572976983
-0.224688203789985 -0.244224325194004 -0.248015155637863 -0.220783508435812
-0.0359018480122853 -0.337061339715078 -0.0579297235671768 -0.64928478603794
-0.0639491671418344 -0.424026652332908 -0.176192015948166 -0.228697063585194
-0.268247603498846 -0.244668480975361 -0.180508838640709 -0.131014744862963
-0.31250721613938 0.0512513352829029 -0.132125561984252 0.0162547994880983
-0.0708703214374502 0.254911462396685 -0.00539116475599867 0.0618881705006678
0.160242418041647 0.237197351933478 0.0244053834297127 -0.0539862237872785
0.271271972185877 0.103355431881042 -0.121390691281139 -0.10702190167014
0.260517633778444 -0.0226124795665617 -0.226025312142318 -0.0720504434712505
0.271081150902401 -0.0531115134487675 -0.269401731958738 -0.0686816576033187
0.302037748033076 -0.00348183026162154 -0.266563967687964 -0.107648216119949
0.357671280509986 0.151486404245174 -0.187722710053235 -0.178401206229325
0.191424266240161 0.348919534510208 -0.00955100159335338 -0.181412791734244
-0.154740604188692 0.392600345131469 0.105070922235609 -0.0186192263027438
-0.499957328426559 0.0935062645861969 -0.127572087431547 0.065828226193933
-0.401493518955503 -0.376538820756498 -0.233408906789367 -0.16832664348271
-0.107614306510526 -0.56417301661177 -0.0455647001276685 -0.509683335971012
-0.106796207627947 -0.542958482258454 -0.148333757984972 -0.053132952246406
-0.369401393402815 -0.308324555936046 -0.111269727082533 -0.0895395200394004
-0.418140173911937 0.064457698908326 -0.11216252237338 0.00441716510682646
-0.119870666579432 0.341617694249812 -0.0317179010171622 0.0661864884149397
0.183640270454068 0.336422964537808 0.039047605979331 0.00540656052790162
0.344478683173712 0.167551376365881 -0.0366894816496746 -0.0744589415536163
0.34805888033514 0.00628608544517875 -0.106021810657732 -0.0729888008832273
0.353595527299838 -0.0279620064428989 -0.135733834821304 -0.0803247266486419
0.378775873816064 0.0273462645340505 -0.124520329575822 -0.10919229492895
0.435690072602689 0.213375826551345 -0.0648200984675596 -0.137855504275943
0.226328127738639 0.451927829901762 0.0531835503468954 -0.0975854416958875
-0.198370126710646 0.486688225491889 0.109588820574822 0.0264399585344503
-0.614763635207307 0.117608257042421 -0.0961585753009597 0.0895710604567951
-0.509283086247955 -0.444285147758408 -0.174837884028514 -0.0798995788131999
-0.153887688823018 -0.692417657961531 -0.0157006092828453 -0.303017302197006
-0.144785223678855 -0.592214994487988 -0.0966272820897795 0.164410392247192
-0.445555818729981 -0.325689076758433 0.00518655089613459 -0.0222163291962505
-0.483808152003034 0.093520435394086 -0.0697457136451807 -0.0210533622913489
-0.145131824514573 0.402474788031532 -0.0679104350177147 0.0710770451953477
0.192667645975186 0.395129314377774 0.0547436980116435 0.0894880436477315
0.37690711125376 0.207518797606144 0.0722487697803171 -0.0172964184993436
0.387010589592166 0.0314914887707508 0.041039178422315 -0.0588487361563697
0.381547361547828 0.00180717838705816 0.0183297346679862 -0.0807400011881741
0.393761534015155 0.0560086863154476 0.0311654298856041 -0.0989419524097519
0.43465338250429 0.237366654059447 0.0645620156077839 -0.0885021097968241
0.216100960339456 0.463860279170588 0.114556719117011 -0.0113581460911027
-0.208028568399534 0.477513582351238 0.111999894139862 0.0670782128715276
-0.600800145956132 0.103899608796991 -0.0393374052269109 0.103253637894382
-0.505535720995449 -0.432170264126501 -0.084708197042664 0.0181848737134201
-0.162000724749733 -0.694899084497577 0.0253640876480009 -0.0718004197218615
-0.162929918410957 -0.552268492530247 -0.0287439526434763 0.392632685893788
-0.447634328143917 -0.28699700584869 0.148006349107875 0.0621845508506893
-0.462798243155901 0.107609339723403 -0.0147298730688744 -0.0466972051217662
-0.142624039157999 0.389426349058587 -0.101042709160092 0.0784864454075212
0.168849168855438 0.383855688875999 0.0709685061157577 0.185624383486115
0.345621290510495 0.209551266032583 0.189454823441817 0.0561663458240137
0.366500713098238 0.0516719991500528 0.193321107578709 -0.0342362748153415
0.351981164892334 0.0328068647489906 0.170051299338465 -0.0695622049711283
0.345469072343526 0.0777609866081754 0.17109113566007 -0.0783907467113583
0.354456618154551 0.225400993743044 0.168020092958502 -0.0393200168103385
0.152039621469872 0.388401606736626 0.152637613033409 0.0546979094915292
-0.189133085558644 0.353073562733949 0.101908890758946 0.0896487267335557
-0.456567293236563 0.0446976015933707 0.0197719682691286 0.097115172950422
-0.384939395347821 -0.350929481120631 0.00541424370471857 0.0988786444725508
-0.133555041189262 -0.572882497658911 0.0683423842312295 0.133344140559839
-0.14758772197847 -0.417935473063721 0.0356153390019298 0.588818442741057
-0.354115493227669 -0.197822845887827 0.272996860186085 0.150929867851033
-0.337210775922086 0.0873169618912253 0.0418357730656444 -0.0616518863576579
-0.113746371696384 0.284709331861871 -0.121736079938498 0.081396177111906
0.103291345915055 0.293847223312904 0.0769301813672148 0.266442980324284
0.248337450032521 0.175795158277091 0.288275505276179 0.130835887651172
0.283252004907117 0.0637394459672102 0.32519678443894 -0.00111525657666858
0.268954554565374 0.0592507098196893 0.295410761940018 -0.0484893226418635
0.24741200447543 0.0902481321285762 0.274087263884098 -0.0470887316556172
0.217212098556992 0.185291355491201 0.224532428712504 0.00543612947742957
0.0568055458686023 0.262786788693724 0.152589748213668 0.0895375852717334
-0.152494092176949 0.176600361775273 0.0768818387009272 0.0832014367740611
-0.246269332695896 -0.0306359256370818 0.0658907881724734 0.0713469629906445
-0.200195996176742 -0.218938414348003 0.0692988975113637 0.140809432765972
-0.08144097428164 -0.366352556358764 0.10225116127714 0.274575381608654
-0.105217715750591 -0.20841357649579 0.0807820384941649 0.716475330847813
-0.190608411990834 -0.0746613701028149 0.354493459079176 0.227741732211425
-0.143645425233504 0.0483502516174149 0.0902190714347819 -0.0655979974730342
-0.0606948685852953 0.121055649709876 -0.130505375648026 0.0678485110810184
0.0206376554768886 0.147560388305643 0.064630010563019 0.312124557002596
0.106206150802091 0.110679869608286 0.344328851718155 0.194403744315974
0.151317430092994 0.0667739355956749 0.412295918947482 0.033732360035204
0.145511041182519 0.076656357356701 0.375556763706729 -0.0211707063372915
0.120886465727874 0.0888280281186814 0.330193568589945 -0.0100283611223044
0.0656435073979965 0.126865169277285 0.235007518378086 0.0441097593149834
-0.0360222870331596 0.124912564232845 0.11923159168189 0.0973942759518694
-0.106095858579273 0.012877035627841 0.0421532990241927 0.0544008343931324
-0.0463378188300766 -0.0825290101709517 0.0938152379450115 0.0351712949088525
-0.025154910510011 -0.0734228102684379 0.106085150562108 0.148393372076133
-0.0289476024911208 -0.126768615337851 0.125162330752029 0.341068366052928
0.0179038033461206 -0.0669346943726991 -0.126922103230414 -0.402339541169896
-0.0704089772248312 -0.0575876828518368 -0.193881835262364 -0.167861133009228
-0.0969130030620058 0.0573605602938024 -0.127591167764798 -0.0238123101961266
0.027033460349265 0.0932351578342139 -0.0109394571493268 0.018399914007621
0.087438183825177 0.02449871773202 -0.0236170938425171 -0.0980691781688552
0.0677939445465997 -0.0348585015718199 -0.192268747434687 -0.105982648692396
0.0121090359551505 -0.0627897583571503 -0.320873772194343 -0.0641742245002254
0.00322325326182537 -0.0726592389267357 -0.3819355333932 -0.0646047657821599
0.0243960735724608 -0.0521039101029537 -0.39579881986314 -0.111498926701952
0.0637310005885116 -0.0242961589777051 -0.301194617448029 -0.229147355361624
0.0568705596284705 0.0150622386340624 -0.0690290729488497 -0.288479649752557
-0.00517479274633135 0.0596585471349446 0.103923393752437 -0.0905700194468897
-0.0738759024627869 0.00757118404354372 -0.0852246129627578 0.00860343928097589
-0.0139806696313248 -0.0757898361052468 -0.189176329592597 -0.247239819336451
0.044797388520322 -0.0474954511933422 0.0327728821790913 -0.68540439421573
0.00962915428742259 -0.245605753931184 -0.122180467552681 -0.353670028980819
-0.142261919621617 -0.165515600140995 -0.183417109865943 -0.173155709856161
-0.197414460851105 0.0303652077277499 -0.136023147190153 -0.013175959716202
-0.0364802229991734 0.160203270864524 -0.0062371796654337 0.0430941293790342
0.105696306280544 0.136499733238272 0.00615821535484816 -0.0805311532823895
0.162407379504419 0.0483465911939782 -0.156650992548974 -0.116296085620461
0.139049192408121 -0.0278149990124624 -0.285766690810185 -0.0865218118755079
0.145701032513531 -0.0476082281231001 -0.343882235361009 -0.0889182960564806
0.171070973182068 -0.00950514679336302 -0.34997300175347 -0.133953044667529
0.207770894249478 0.0877605227630518 -0.252743649050178 -0.230967034556835
0.10284899101162 0.199344878444114 -0.0332056802332881 -0.254744401362102
-0.107642337636645 0.220197192652948 0.105877043466841 -0.0576836916047591
-0.297394096475935 0.0201255795535843 -0.113735709264721 0.0253238720353875
-0.187270930007704 -0.257755310229632 -0.200365630692802 -0.235184490907239
0.000917578802270957 -0.325499207856898 0.0304493068261124 -0.626312633908737
-0.00557697852986312 -0.401037714939786 -0.117813166172622 -0.249379648010089
-0.217169900869364 -0.261102085549631 -0.157642097056003 -0.160353043374942
-0.296831812797034 0.00651488923522062 -0.136758720010807 -0.0130818795039598
-0.102321388279376 0.227330727924 -0.0182653599416061 0.0541893605729123
0.116786588712881 0.244601261899983 0.0198308219194401 -0.047431522978331
0.242729659316189 0.130025163296704 -0.104864619632699 -0.102947490179362
0.250624860875596 0.0109447908861637 -0.210006415285094 -0.0909366789242779
0.266109372678108 -0.0160347282511249 -0.252337584000468 -0.0992502909713902
0.290208893059566 0.0349592748541043 -0.251200744018189 -0.138288604473119
0.324671632220869 0.188032385943947 -0.16816741498578 -0.20314829056749
0.139595471495402 0.35911827511034 0.0101695978747203 -0.193924338690722
-0.198060848338829 0.358271215659563 0.107473810519184 -0.0212652663166484
-0.490218278569032 0.0319864412976815 -0.113574975704379 0.0498924622827797
-0.34065891361773 -0.407524379292952 -0.183988688580891 -0.175849264445785
-0.0417780237690277 -0.55533683629712 0.0319055476690883 -0.48001305111357
-0.0297864004530167 -0.517552819373725 -0.10379500160387 -0.0893525665120321
-0.302798196458736 -0.33407923288947 -0.0985869654124507 -0.120568992618677
-0.397128169555041 0.00463205004242086 -0.118707099727667 -0.0276643206223304
-0.161138295207236 0.300973296955617 -0.0467286581148048 0.0534808854157764
0.125710561178549 0.342430214944287 0.0237273387928181 0.00914088240803547
0.303816558047742 0.2000551752422 -0.0301933255410861 -0.060643318651828
0.330476697410489 0.0479558385516741 -0.0970837897034856 -0.0782382190639493
0.343880499397278 0.0182051304958125 -0.121880981767161 -0.0953636449157275
0.360362619880417 0.0754589948314786 -0.114324576204843 -0.124529948437582
0.390815107233814 0.256147304282135 -0.0564560126508031 -0.15319696771088
0.160107847713925 0.461477961866497 0.0616674156439561 -0.110228320212615
-0.254526189796906 0.444264131638249 0.107018842134862 0.0200849134690456
-0.60458284290335 0.0407566161147849 -0.0845484886134179 0.0764384841537595
-0.438473265631421 -0.488381879467605 -0.132672531499066 -0.0796597029953663
-0.0712725415009442 -0.686715404538507 0.040937913654035 -0.269550313909366
-0.0579873045366689 -0.571196219662392 -0.0771230885960164 0.115733615561847
-0.370045258619545 -0.361756315411043 0.00207313654680927 -0.0478934089411049
-0.465292000433337 0.0213591434606854 -0.0787220283707775 -0.049359482230014
-0.194090975843709 0.35623660537297 -0.0834805744777563 0.0522922358214625
0.124507320067338 0.400216269666818 0.0266411842278982 0.0897977123201515
0.327977981489337 0.241447862561971 0.0644461953493025 0.00643699221985948
0.365236763231101 0.0758898713241703 0.0400650052413664 -0.0491583707814653
0.368002133658167 0.050285925279752 0.0267115727001653 -0.0776328036669276
0.370239313114662 0.103562635274079 0.0350586072544441 -0.0971862040210288
0.387018157107453 0.277305502085539 0.0618543183424431 -0.0917816525591644
0.149767490289952 0.470559195988791 0.111535355342132 -0.0198693430140906
-0.261561472426063 0.432333471386743 0.103606575561945 0.0608473723912112
-0.590831116342491 0.0300701078552758 -0.0329963356324892 0.0964725081857334
-0.435259965302469 -0.478367346204451 -0.057994458426538 0.0279310401699128
-0.0771788278049327 -0.69082552858928 0.0545576854244896 -0.0386900532343137
-0.0789451093203174 -0.536041463453847 -0.0409353118938648 0.336489945231874
-0.377729769545082 -0.326399816997217 0.126752351905148 0.047835466228295
-0.44756923869012 0.0364386655054492 -0.0241690118430742 -0.0662535028430707
-0.190765402495108 0.344316893078603 -0.114573018604716 0.0567228682391226
0.102750768500072 0.387871594655515 0.0313313950031597 0.181285804411697
0.296950595514759 0.241042318588702 0.167319346832117 0.0870929120107156
0.34301662580551 0.0914305180943297 0.1829270383029 -0.00939794660987134
0.33741254043356 0.0748172977256105 0.17129051325813 -0.0488934238431201
0.319974577538563 0.118285491609525 0.1684837612706 -0.0601626237320298
0.310198711671652 0.255881957211458 0.157886473937218 -0.030815141718461
0.099190644732181 0.392574840203571 0.141047298020765 0.0523135532083042
-0.225929473136331 0.315218679128876 0.0910134356168753 0.0862567052747892
-0.446788435708936 -0.0110278030232829 0.0195120711309671 0.0978987175961449
-0.329109364587049 -0.383075729249768 0.0142096226859723 0.11290538172976
-0.0642899467293429 -0.572535831216032 0.0686454693832864 0.161910814541793
-0.0823439536172774 -0.409130975675646 -0.0109243263965903 0.532530908731034
-0.301629192999384 -0.231897485904655 0.236561639039069 0.15134448137238
-0.328617955281941 0.033898021059327 0.0345003186792706 -0.0673302621010198
-0.14803091795517 0.250085971275004 -0.13160942154724 0.0585133549131272
0.05411988232348 0.293620838093317 0.0324721203324013 0.258726302962287
0.20896785675392 0.196640832329491 0.253803578383174 0.163941512261429
0.263861674129167 0.0925565704549891 0.30609524225115 0.0349320116681252
0.254954337117281 0.0901229185117861 0.29063130269831 -0.0133105133392982
0.225200087672213 0.117457934722841 0.266532776190159 -0.0176296791721358
0.185496613205617 0.201192845665069 0.209869927164002 0.0223809929072414
0.0228849726109958 0.257254843028337 0.137572135731542 0.0927361824935703
-0.169126931332704 0.150459122876625 0.0658284195411251 0.0824916056265916
-0.235975828575076 -0.0591830697837868 0.0589897301680214 0.0780495174303304
-0.1664556111338 -0.236503791923727 0.0623047170288807 0.155675979274174
-0.036314968520708 -0.367783528124981 0.0793233001855526 0.29596735014678
-0.0693519430690689 -0.208767793243881 0.00482400262399351 0.665018754517715
-0.165947614442366 -0.0957464656644017 0.304411217208551 0.242229430910421
-0.141531034915422 0.0231177421951956 0.0865278544758135 -0.0561437680734786
-0.0748929227150633 0.104419518942247 -0.132950228096325 0.0479741011464729
-0.00278623768782724 0.143327358785651 0.0230764500198556 0.300650892360755
0.0829024708441017 0.117301695242465 0.301830967095347 0.223647822067369
0.137394062102082 0.0786959237782763 0.386819422338029 0.0769478714542272
0.133815545206508 0.0904436192531687 0.364836832524739 0.0232659679595123
0.103692979742877 0.0989189806511531 0.318378429146696 0.0272927229046444
0.0468806691114205 0.127968624314498 0.219420063638515 0.0656389154064642
-0.0485374420278238 0.114829329933179 0.105527419215719 0.103068714006537
-0.104193665356852 -0.000284954360882382 0.035528560869931 0.0557977689353221
-0.0387771950592797 -0.0861639530732637 0.0847324859624978 0.0461064142334648
-0.014155875420975 -0.0771558994405433 0.0890611954600064 0.161039839592811
-0.01239866220039 -0.130459622105073 0.0868900462485782 0.353056152153903
0.0169909862128913 -0.0640416266000291 -0.116721074349062 -0.396138614809328
-0.068431204477952 -0.0565740667851903 -0.188988803924452 -0.165803568872454
-0.0945775596764172 0.0559807527504883 -0.125568817554649 -0.0220330242317628
0.0250245528580309 0.090627188686832 -0.00829157333041777 0.019450964364473
0.0836560633090155 0.0246884216133321 -0.0188797462223861 -0.0978304380481959
0.0662704515739911 -0.0334374869596339 -0.184005811037514 -0.105889923728488
0.0119720361895529 -0.0597397673024185 -0.312274024009319 -0.0683864560368845
0.00299729578186709 -0.0697351447083328 -0.376465878366046 -0.0675737191107956
0.0243434504466615 -0.0520147931044136 -0.386450737206518 -0.1144169194126
0.0627310161308455 -0.024377731765345 -0.292538734748795 -0.226969002241522
0.0547343464851858 0.0149043049936714 -0.0656945647932114 -0.282812212460616
-0.00527997189430824 0.0578769971378382 0.102962913798477 -0.0898631770131355
-0.0710564366369566 0.00582538589750544 -0.0802130724286621 0.00413450907054914
-0.0123257732316142 -0.0727490100665963 -0.177413801580568 -0.248391765003984
0.0430104505728058 -0.044379455062772 0.0454735021079152 -0.665209517757138
0.0121469703354855 -0.239263011353175 -0.11286739505271 -0.348893661121851
-0.136597418359148 -0.162410551702093 -0.179244973419439 -0.171080944004657
-0.192021904087037 0.0277063424111731 -0.134524088954459 -0.0124492115272849
-0.0377553526252556 0.154599105418617 -0.00434610214428898 0.0438669436518954
0.100904359221358 0.132935054827627 0.00978073185066826 -0.0804087991943839
0.157341153425328 0.0483768235179936 -0.14993931443236 -0.1165382169882
0.135168512670315 -0.0241810490267559 -0.278647058521859 -0.0891814794671873
0.142722688283787 -0.0428811672607452 -0.338971372335413 -0.0908199574799714
0.167447312852013 -0.00698680804209824 -0.341895866853328 -0.136198605743171
0.202755429296886 0.0877468786943279 -0.246008811270088 -0.229438009538665
0.0977896946714499 0.195796056755997 -0.0302093143860369 -0.251316938469909
-0.109870177156749 0.212688073155961 0.104123876554433 -0.0580826626411342
-0.291861485879814 0.0128871297222078 -0.109045252940388 0.0213664715173031
-0.178877203884353 -0.2559711615522 -0.187818295762705 -0.234997580974789
0.00551632315055786 -0.317070894411318 0.0424793182992734 -0.606044236481367
0.00196616995607259 -0.391541895556897 -0.11099951013008 -0.248021260360943
-0.207614524766238 -0.257019073938243 -0.156713605926476 -0.158554722475546
-0.289730722831027 0.0013670107559005 -0.134896179279828 -0.0126226150041312
-0.102982247643875 0.218423939431487 -0.0160855955804098 0.0529592090795263
0.111109906917873 0.23874494982862 0.0242667287732144 -0.0467931468935296
0.235418731234384 0.128697946290648 -0.0997162591534799 -0.102707674393217
0.243381508360692 0.0154593488376251 -0.203370979940541 -0.0925304564670376
0.261359334419755 -0.00959599991182379 -0.249200572771785 -0.0998964025031465
0.283812111177789 0.0389710287274941 -0.245216540468049 -0.139687244124583
0.315761766900394 0.186662560420634 -0.1638726376167 -0.201497085544182
0.131793534359835 0.353282422004262 0.0124011660013227 -0.192247167710343
-0.200742119436114 0.346437576812233 0.104537769098127 -0.0225453853557165
-0.48285329531051 0.0201091991237827 -0.110792031417691 0.046566488012844
-0.327536336504397 -0.406454506262856 -0.172923587754993 -0.176270012795251
-0.0310267385360265 -0.54287159089966 0.0428670889208763 -0.46175669834276
-0.0177278445505628 -0.507847175483149 -0.101661662386373 -0.091780563462935
-0.289699029332549 -0.328915773691726 -0.0998783074961895 -0.119212339685708
-0.390654039626178 -0.00269560349029639 -0.116252519982913 -0.0275616905952193
-0.16178292488048 0.290156623955239 -0.0431415703240763 0.0521825895788376
0.118045845398371 0.334409812624699 0.0278145911522807 0.00861298643952067
0.293317280395834 0.197403631803634 -0.0285200666518171 -0.060741922929876
0.321622904785411 0.0530352546962725 -0.0933319468096226 -0.0780500960451896
0.337066759145038 0.0252893384241072 -0.12130886288184 -0.0948079314982218
0.351771261245156 0.079933239837328 -0.1117582176016 -0.124136777296938
0.379086239981028 0.25321349455858 -0.0554160454503792 -0.150995246210679
0.151417651968082 0.453071779284698 0.0611901834790995 -0.110304523393818
-0.257265658916478 0.428878783366069 0.10311799887412 0.0189936745918406
-0.595739056083681 0.02729453996667 -0.0839384130712039 0.0737607568896468
-0.419227242506937 -0.48735636833491 -0.124424177504913 -0.0793345095735228
-0.0572530295407032 -0.671997366846402 0.0469242444603866 -0.255401863509584
-0.0437231143358537 -0.559838056586769 -0.0798753538842787 0.109011432548774
-0.354562821777743 -0.359942768315169 -0.00226281364939254 -0.0470062246778272
-0.457371557952011 0.00967670053534818 -0.077098860524418 -0.0482347694949987
-0.195900728456502 0.343544200061011 -0.0789349405156093 0.0505468356308766
0.116949434355999 0.392092537570322 0.0293586831504458 0.087994977985856
0.317024836076389 0.239495362642144 0.0628947756526627 0.00593972154199736
0.355619081104263 0.0806514798886835 0.0406647259362215 -0.0477846966433901
0.360965501108388 0.0565818132478347 0.02527151440733 -0.0755254014373532
0.360638705966284 0.108411041273362 0.033281285912196 -0.0946114078100943
0.375218509945397 0.275550726990601 0.0594653177195301 -0.0888018394079323
0.140763164959695 0.462281027990625 0.108478283649241 -0.0211174692162311
-0.263384898222944 0.417010042018473 0.098356395928623 0.0596066030608619
-0.581642415519661 0.0172128411984949 -0.0362966306896646 0.0945222166244511
-0.416396545458455 -0.477930302239968 -0.0535708595491057 0.0286002386201102
-0.0646640205215362 -0.67726190700838 0.0551186520971836 -0.0306258241571462
-0.0627169964217163 -0.526903738422505 -0.0506177840621593 0.325948613641984
-0.360855421368314 -0.326943072381301 0.117478108230685 0.0494250110472946
-0.44104690500572 0.0243432915549605 -0.0222085732473407 -0.0636830680263091
-0.192332868739118 0.333344265014135 -0.109940524197776 0.0550104964585637
0.0957516427947915 0.380053336683509 0.0328198212053336 0.179047376010608
0.286648770565089 0.238997145528769 0.162358259138628 0.0856860122021024
0.334134530638765 0.0943683611534391 0.179672241607571 -0.00626470339687797
0.331529406714569 0.0800051432840273 0.168166544075443 -0.0451497319232514
0.312098012515927 0.121838717846643 0.164280703863637 -0.0562276789836234
0.300846114570482 0.252455459961197 0.151365156958734 -0.0277883326387622
0.0930993751701877 0.383898146240567 0.136247028007824 0.0508554604588619
-0.226729770439922 0.304578728255332 0.0847566819446015 0.0839897946002144
-0.439824569322219 -0.0191081409449856 0.0143112281571041 0.0960118262911263
-0.314538416937917 -0.383229252467128 0.0151377437515209 0.113502350736945
-0.0513724975652496 -0.560575596928382 0.0649124218683906 0.16423724948677
-0.0682814048715943 -0.40376671031198 -0.0232361730252856 0.518193923233572
-0.288857152635748 -0.233909328874536 0.223655128432843 0.151368348906372
-0.32376329292431 0.0229964265708528 0.0348464173979578 -0.0635665348121111
-0.149774788646107 0.240673008102743 -0.128109523287742 0.057873858583693
0.050802944079781 0.287843773974176 0.0327116351912908 0.255010888264995
0.201626865296471 0.194557009780347 0.245519924829791 0.162313943677419
0.257120668277649 0.0925392886527637 0.300007515090228 0.0386604317961978
0.250060131468196 0.092098358635869 0.284708926241589 -0.00918389751362717
0.219544951938689 0.11972437919934 0.260113861289321 -0.0126871652386936
0.178648646951498 0.198652827677579 0.201990247735083 0.0254662487309965
0.0207693833031274 0.2509900987051 0.131539827466525 0.0909670709463931
-0.167363483301288 0.144093716528536 0.0613062698448055 0.0800955713678833
-0.232959071177936 -0.0619754916770498 0.0537677344841733 0.0767555875955844
-0.158067962627219 -0.236490159399831 0.0611037445180886 0.155971813780499
-0.0295607118098736 -0.361195211598092 0.0728629736322227 0.292646549508174
-0.060198152339479 -0.207262630824852 -0.0092843046943594 0.648604852802264
-0.159603061826956 -0.0980290522799396 0.289597650419302 0.242684385838817
-0.14040355459155 0.0171081472988264 0.0853456011121045 -0.0516717564101431
-0.0757333899997911 0.100418604319516 -0.130475431933163 0.0473770122194895
-0.00278729500097592 0.140879121613509 0.0208703549533035 0.296596042013667
0.0800797683302202 0.11576733174478 0.292533797197949 0.222323537158156
0.133362337899688 0.0781638351338161 0.379630997256845 0.0810509140392242
0.13156467462071 0.0898268079630957 0.357943482531473 0.0272219473852012
0.101007981499562 0.0994420376267535 0.310228965711779 0.0320061779477046
0.0443980169123449 0.125575276126364 0.211419228472367 0.0674360566002636
-0.047593813079097 0.111879423701397 0.0997800742858855 0.101138052828997
-0.101261396860888 -0.0012353644950914 0.0323056756273888 0.053566129860292
-0.0388277743057479 -0.0846391989491947 0.0792594000347625 0.044456612615388
-0.0127952328850644 -0.0779715326725697 0.0863378772200242 0.160848074836828
-0.00938672287746798 -0.129802784340417 0.0786949406679179 0.346381719048918
0.0165360849395774 -0.0629006822369569 -0.106766976217412 -0.405027899355621
-0.068188777403794 -0.0574940958177402 -0.188965146211823 -0.171562763755013
-0.0950831570745331 0.0559462532182762 -0.129345911911264 -0.0224984548183477
0.0228421504027829 0.0915328837486164 -0.00638411368588841 0.0209404847018542
0.0831932639282036 0.027143949400186 -0.0144214007460784 -0.101990551449581
0.0676962066286008 -0.0328840553905967 -0.180307661949334 -0.112008744461603
0.0133924295337656 -0.0584162101915051 -0.314948335276841 -0.0769989983634834
0.00300097140302688 -0.0691649776581891 -0.383003173789597 -0.0768922830993456
0.0254133079984796 -0.0531278929440637 -0.390568105683888 -0.126006421973034
0.0645670032969004 -0.0244534026981251 -0.29181659135368 -0.236338251674173
0.054713816175543 0.0157045148092921 -0.061564679110992 -0.289052145105802
-0.00650993576662806 0.0582808481069469 0.106725807027796 -0.0918167252466961
-0.0711111465496188 0.00372896822479429 -0.0783111325394886 -0.000994994300963172
-0.0109155774005997 -0.0723387435014594 -0.169948251882417 -0.260866721700384
0.0439687638164151 -0.0432357720036998 0.0689226935067023 -0.669178298837013
0.0185371950528276 -0.240963000558189 -0.104145210140267 -0.35746079697571
-0.133601034825668 -0.166258104500087 -0.1805977416506 -0.17627187599686
-0.194024580501664 0.0237209720102124 -0.137533503898658 -0.0133622279221583
-0.0420768800209536 0.15386338102552 -0.00237430819657524 0.0443323635435598
0.0986473307682048 0.136362884871507 0.0150978608997514 -0.0827755088760458
0.158050292296269 0.0512899551462001 -0.147276377353651 -0.121334575527501
0.136810794769968 -0.0193710748664229 -0.279462652401036 -0.0974803395371274
0.144941593970106 -0.0381529902919086 -0.34453768204646 -0.0991434429560669
0.169769750862397 -0.00343634284689188 -0.346276062934445 -0.148051456780838
0.203938517693585 0.091972971729869 -0.245251368472665 -0.238048008254935
0.0939994439993409 0.200865003115738 -0.0258785109678142 -0.257214373317467
-0.116787187012968 0.212165792120518 0.107154593241345 -0.05976817903588
-0.296848916654711 0.00325076443899596 -0.108476461860565 0.0174901833230003
-0.174742904228876 -0.265327274185286 -0.179634513740845 -0.246669404000752
0.0140890246377953 -0.319877704666653 0.0645024240766844 -0.607097077271025
0.0118691015963483 -0.3959793267194 -0.105782002724958 -0.255971608762567
-0.201666895693549 -0.263587384047129 -0.158580491033828 -0.16431884490501
-0.292893129699096 -0.00600532242822835 -0.138043495859042 -0.0147200931890893
-0.109920095877174 0.21671183736527 -0.01466940558054 0.0539184610293763
0.106370061294266 0.243165234564933 0.0299059977623507 -0.0488861947224443
0.233878139619913 0.134302282566516 -0.0973577126226728 -0.106670093944374
0.245687340068947 0.023263372462514 -0.203894147358217 -0.0992585057673258
0.265584769498203 -0.000490023059928539 -0.253775062647957 -0.105783931209008
0.287147157438492 0.0469504535473693 -0.248171434559501 -0.148584462511524
0.316282563327541 0.195140864242646 -0.162809599976647 -0.208454996894754
0.124946494547181 0.36136870953859 0.0161745182228826 -0.197219319276804
-0.213696179133296 0.344924602429163 0.106231478283737 -0.0232818530311754
-0.491321328483409 0.00475320494661558 -0.112550372769932 0.0442306588863344
-0.320054175530471 -0.422404593868302 -0.165063544962011 -0.184378415138194
-0.0155216844159749 -0.549970066981923 0.0593836248839495 -0.45879126287898
-0.0019936824323226 -0.51594265036222 -0.10209439695446 -0.0979265091332302
-0.281081740914639 -0.342247951953804 -0.102621588799857 -0.121949337167578
-0.395501334607725 -0.0144014535223061 -0.118934346839226 -0.028509346732888
-0.171990051982589 0.287790147789858 -0.0424691082701176 0.0519331520832863
0.111999171824246 0.339336627681463 0.031788366360543 0.00810232877099802
0.290732469161849 0.205583236099788 -0.0272413561696218 -0.0633384092990806
0.324222703006779 0.0627127617676906 -0.0925664536634245 -0.0824355484963243
0.342858150346691 0.0368513030569581 -0.123609637821387 -0.0978171642349757
0.355704240171604 0.0906664881669298 -0.112797851520446 -0.129270200694599
0.379125641417533 0.264447181054752 -0.0548268886315793 -0.154299193464655
0.142605508418483 0.463395243004193 0.063609214429359 -0.112743430800978
-0.274102700502117 0.425519291893978 0.102898635970817 0.018850131600054
-0.606109363983364 0.00879343203979115 -0.0868754057802885 0.0742484561419066
-0.411926275891966 -0.508973226479423 -0.118796724180919 -0.0832023524427112
-0.0389238560914371 -0.683305044823369 0.0580847644220426 -0.250652033313933
-0.0240787634562555 -0.570879888022641 -0.0866362219748939 0.105377185818156
-0.346788920387748 -0.375248338418107 -0.00663064311142838 -0.0469882930402915
-0.465388210333476 -0.00439487952712694 -0.0771439942777033 -0.0490653300182513
-0.208052215066925 0.340284534044791 -0.0778259867729441 0.0501154898582479
0.111105101639802 0.399310721140539 0.0325070109556905 0.0887480303812296
0.314593208407993 0.247761442136738 0.0632601214804742 0.00582084849426728
0.358301309401029 0.0911043855623971 0.0430041773725765 -0.0475837272099534
0.367169923191151 0.0680074803063652 0.0257254726085456 -0.0747664176246299
0.363574258186441 0.120730831262221 0.0344121051484863 -0.0957367388805663
0.374866651516876 0.286021717909911 0.0592392215472695 -0.0883171675722715
0.132595788106044 0.471616486685955 0.10906140001782 -0.0213132039906668
-0.279320512402009 0.415389758879255 0.0964596083419591 0.0607283935716635
-0.593129495298142 0.000574562327848469 -0.0399950898084914 0.0955614147849833
-0.409323705308697 -0.498456136079077 -0.0496549965423911 0.0297342112176508
-0.0452171949397227 -0.686272286893527 0.0591869385467991 -0.0236348765011948
-0.0448993137229666 -0.538514270253937 -0.062868660716071 0.326083782440838
-0.35387805930264 -0.343515007191375 0.112186939116569 0.0535667741704386
-0.44940182735308 0.00971482748752631 -0.0210265110375564 -0.0640536290005044
-0.20474928664273 0.330721269792237 -0.111369336718961 0.0532196776818861
0.0895966265886509 0.387379943164312 0.0342285802537688 0.182525772998717
0.28507055705863 0.247455695800064 0.161406522654523 0.0893827842579473
0.33630017493406 0.103078015207103 0.183168274718278 -0.0026236244708253
0.336701095865821 0.0913123479195287 0.170465455472057 -0.041034464968507
0.314577824393217 0.133559836528446 0.165984295392654 -0.0525250949926977
0.299314386580127 0.261676664796819 0.151328995021445 -0.0239873787984027
0.086844327641051 0.390568369259869 0.135549919245507 0.052041852441379
-0.237729039630828 0.301983712588608 0.0811816965947515 0.0852831028609272
-0.447526742163388 -0.0318746107392464 0.0106219537608126 0.0986594244653349
-0.308396621905836 -0.399695493570673 0.0169994282363126 0.117931812944914
-0.0364948857160522 -0.569127291243534 0.0622526965402151 0.172516228386878
-0.0543355392537945 -0.413565852305139 -0.0420603816441563 0.521415303139647
-0.28342383568717 -0.246975905537489 0.217026183807056 0.161034249089006
-0.331586419953784 0.0107395443795787 0.0372992063144727 -0.0623978601110211
-0.159451636995896 0.239201709819627 -0.130640716619589 0.0564262546826614
0.0456814481420278 0.293977941211779 0.0313628799300761 0.261121469433594
0.199882292346791 0.201328634131757 0.2448387792739 0.169214867816339
0.257672940569736 0.0996555936826802 0.304552189929617 0.0462935589570404
0.253945496097761 0.100607099243866 0.289506104865437 -0.00155452334151183
0.220185742125704 0.128199351057491 0.262994882819411 -0.00540047911312966
0.176274124510804 0.203654481117765 0.201343234239291 0.030738563916419
0.0166975583646576 0.254122621450679 0.129744285632336 0.0929931928371696
-0.173129260942221 0.141583199301158 0.0578550465649715 0.0811921865732023
-0.235994199173679 -0.0683184682526847 0.0505435090004555 0.0788980328939457
-0.153360871070038 -0.246433032597129 0.0620048066583309 0.161839128302014
-0.0191377928033054 -0.365756036354348 0.0657587921358591 0.299991914061687
-0.051860497927896 -0.213506154989074 -0.0319664767253052 0.654844084624406
-0.156358628689422 -0.106261952600861 0.282589621626362 0.254321690606837
-0.145124777403473 0.0093859246863726 0.0886314386682932 -0.0486400965781731
-0.0801452649799847 0.0994105782377409 -0.133074216908101 0.0465984303108366
-0.00561193815983052 0.142951871927927 0.016959730587902 0.303984962780538
0.0783412732823941 0.118579476333714 0.291384491081215 0.230637731498563
0.133545459550225 0.0813664397442207 0.384333860709849 0.0914367976126157
0.133732423034587 0.0948354518627681 0.364327918493499 0.0359992961976273
0.100953436898437 0.104321105300825 0.314101643951566 0.0406661730886512
0.0416124635741195 0.128620321825784 0.20960561835499 0.0740792184676525
-0.0489442205884182 0.111426712828225 0.0968174267418689 0.104466511172406
-0.103094510137419 -0.00358541013039851 0.0287172089292373 0.0540412541238697
-0.0390916097758617 -0.0862161321005028 0.0773754554911445 0.0458915095257442
-0.0108424029987083 -0.0811941889913293 0.0855040174289859 0.165988221215847
-0.00539205912500833 -0.132794143720781 0.0700494188639803 0.351873746335986
