TRXV5
3
4
4
9
string Extension=J
integer IsArchMeasurement=1
integer IsSpherical=1
string Generator=SPM
string GeneratorVersion=1.3.1 Dev
double ArchRadius=0.449999988079071
integer FrequencyAxisIndex=0
integer AzimuthAxisIndex=1
integer ElevationAxisIndex=2
Frequency
5 136 690000000 960000000 LIN
Azimuth
7 8 0 2.74889357189107 LIN
Elevation
7 15 -2.74889357189107 2.74889357189107 LIN
Polar H Real Part
13
Polar H Imaginary Part
14
Polar V Real Part
13
Polar V Imaginary Part
14
Polar H Magnitude (dB)
12 0xC0000002 0 1
Polar H Phase
7 0xC0000003 0 1
Polar V Magnitude (dB)
12 0xC0000002 2 3
Polar V Phase
7 0xC0000003 2 3
-0.0141868591308594 0.0310840606689453 0.0526962280273438 -0.00764083862304687
0.0204639434814453 0.0259132385253906 0.0240230560302734 0.00968170166015625
0.0230331420898438 -0.00223922729492188 0.0249576568603516 0.0229549407958984
0.0126495361328125 -0.012883186340332 0.049163818359375 0.0156745910644531
0.00340843200683594 -0.0164270401000977 0.0561752319335938 -0.00894927978515625
-0.00710487365722656 -0.0192203521728516 0.0474433898925781 -0.0336380004882813
-0.00866889953613281 -0.016047477722168 0.0352630615234375 -0.0377578735351562
-0.005340576171875 -0.0152502059936523 0.0240020751953125 -0.0277194976806641
-0.000480651855468752 -0.0210895538330078 0.0151405334472656 -0.0133457183837891
0.013031005859375 -0.0156278610229492 0.00268220901489258 -0.00706005096435547
0.0219612121582031 -0.00079345703125 -0.0137405395507812 -0.0176048278808594
0.0179328918457031 0.0123882293701172 -0.00838088989257812 -0.0389595031738281
0.000293731689453126 0.0232868194580078 0.0288848876953125 -0.0601692199707031
-0.0151729583740234 0.0265598297119141 0.0500106811523438 -0.0544776916503906
-0.0297985076904297 0.0204849243164063 0.0343894958496094 -0.0371818542480469
-0.0312919616699219 0.0400047302246094 0.0463829040527344 0.00565719604492188
0.00663375854492187 0.0425338745117188 0.0190277099609375 0.0225925445556641
0.0214557647705078 0.0154209136962891 0.0251655578613281 0.0334186553955078
0.0220832824707031 0.000827789306640625 0.0507774353027344 0.0248527526855469
0.0175571441650391 -0.0100593566894531 0.0589981079101562 -0.000190734863281251
0.0102500915527344 -0.0220603942871094 0.0524520874023438 -0.0270462036132813
0.0061492919921875 -0.0226535797119141 0.0383644104003906 -0.0305595397949219
0.00761985778808594 -0.0204143524169922 0.0244426727294922 -0.0209751129150391
0.0137710571289063 -0.0251121520996094 0.0125389099121094 -0.00586318969726563
0.0273990631103516 -0.0150508880615234 -0.00234365463256836 0.00102949142456055
0.0320987701416016 0.00603675842285156 -0.0217533111572266 -0.0115718841552734
0.0239963531494141 0.0246009826660156 -0.0190467834472656 -0.0348243713378906
-0.00231170654296875 0.0380401611328125 0.014251708984375 -0.0608024597167969
-0.0261497497558594 0.0386390686035156 0.0337982177734375 -0.0513687133789063
-0.0443229675292969 0.0306396484375 0.0189399719238281 -0.0313453674316406
-0.0474281311035156 0.0416603088378906 0.0325603485107422 0.0208797454833984
-0.0117263793945312 0.0532112121582031 0.00821685791015625 0.0385971069335937
0.0140762329101563 0.0339279174804687 0.021636962890625 0.0464744567871094
0.0266838073730469 0.0188236236572266 0.0490341186523437 0.0369300842285156
0.0299358367919922 0.00084686279296875 0.0576553344726562 0.00984573364257812
0.0279636383056641 -0.0191497802734375 0.0531997680664063 -0.0175018310546875
0.0206413269042969 -0.0257110595703125 0.0361595153808594 -0.0209693908691406
0.0189590454101563 -0.0220470428466797 0.0207366943359375 -0.0110301971435547
0.0249271392822266 -0.02618408203125 0.00695514678955078 0.00439167022705078
0.0367507934570313 -0.0147056579589844 -0.00924110412597656 0.00974655151367187
0.0385093688964844 0.0080108642578125 -0.0300350189208984 -0.00234794616699219
0.0297889709472656 0.0285606384277344 -0.0299167633056641 -0.0271034240722656
0.00118637084960937 0.0454063415527344 -0.00186538696289063 -0.0556831359863281
-0.0283622741699219 0.0469474792480469 0.0144615173339844 -0.0426406860351563
-0.0507049560546875 0.0376205444335938 -0.000230789184570316 -0.0225734710693359
-0.0569534301757813 0.0373878479003906 0.0107078552246094 0.0351238250732422
-0.0291557312011719 0.0551376342773438 -0.010009765625 0.0537185668945313
0.00168228149414063 0.0479507446289063 0.0129051208496094 0.0594139099121094
0.0256156921386719 0.0359344482421875 0.0425987243652344 0.0468215942382813
0.03692626953125 0.0138092041015625 0.0495452880859375 0.0186882019042969
0.0415153503417969 -0.0125732421875 0.0467147827148438 -0.00610733032226563
0.0321311950683594 -0.0248374938964844 0.0285816192626953 -0.00901985168457031
0.0271129608154297 -0.0204696655273437 0.0134611129760742 0.000484466552734374
0.0322036743164063 -0.0240554809570313 -0.00029945373535156 0.0150022506713867
0.040313720703125 -0.0139312744140625 -0.0164566040039062 0.0193653106689453
0.040191650390625 0.00727081298828125 -0.0361442565917969 0.00839996337890625
0.0322933197021484 0.0280971527099609 -0.0383262634277344 -0.0170936584472656
0.0051727294921875 0.0462265014648438 -0.0149459838867187 -0.0462532043457031
-0.0251274108886719 0.0493202209472656 -0.000610351562500001 -0.0282268524169922
-0.0515174865722656 0.0394744873046875 -0.0192356109619141 -0.00919532775878906
-0.0559616088867188 0.0267257690429687 -0.0130882263183594 0.0438919067382812
-0.0391159057617188 0.0473213195800781 -0.0316352844238281 0.0633354187011719
-0.0098724365234375 0.0496253967285156 -0.00026321411132813 0.0683403015136719
0.0175247192382813 0.0449867248535156 0.0312461853027344 0.0522537231445313
0.0359382629394531 0.0234909057617188 0.0386581420898438 0.0237388610839844
0.0462989807128906 -0.00314712524414062 0.0345134735107422 0.00317192077636719
0.0375099182128906 -0.0189666748046875 0.0164403915405273 0.00178718566894531
0.0307388305664062 -0.0158634185791016 0.00291633605957031 0.0118389129638672
0.0342864990234375 -0.0191650390625 -0.00865364074707031 0.0254306793212891
0.0398216247558594 -0.0104293823242188 -0.0232582092285156 0.0286369323730469
0.0377044677734375 0.00891494750976562 -0.0409049987792969 0.0168724060058594
0.0292568206787109 0.0263595581054688 -0.0415573120117188 -0.0080718994140625
0.00453567504882812 0.0414161682128906 -0.0212249755859375 -0.0337715148925781
-0.0226631164550781 0.0424423217773438 -0.0112333297729492 -0.0106334686279297
-0.0475349426269531 0.032196044921875 -0.0362586975097656 0.00428771972656251
-0.0423202514648437 0.0131759643554687 -0.0330734252929688 0.04827880859375
-0.0362358093261719 0.0300102233886719 -0.0495452880859375 0.0658187866210938
-0.0167083740234375 0.0380783081054688 -0.0128173828125 0.0703125
0.00614547729492188 0.0406303405761719 0.0177078247070312 0.0515174865722656
0.0254878997802734 0.0261402130126953 0.0238361358642578 0.0238208770751953
0.0392875671386719 0.0054779052734375 0.0191249847412109 0.00897407531738281
0.0357208251953125 -0.009552001953125 0.00359153747558594 0.0112695693969727
0.0293159484863281 -0.00942420959472656 -0.00774002075195312 0.0213069915771484
0.0325756072998047 -0.0117950439453125 -0.0164051055908203 0.0336933135986328
0.0356521606445313 -0.00372314453125 -0.0294246673583984 0.0343818664550781
0.0311088562011719 0.0122566223144531 -0.0434837341308594 0.0216064453125
0.021026611328125 0.0263690948486328 -0.0421180725097656 -0.00290679931640625
-0.00231552124023438 0.0341815948486328 -0.0236186981201172 -0.0240554809570312
-0.0229969024658203 0.0291767120361328 -0.0159931182861328 0.00210285186767578
-0.0410499572753906 0.0179443359375 -0.0489006042480469 0.0145950317382813
-0.0207366943359375 -0.00109291076660156 -0.0434341430664063 0.0480270385742188
-0.0218944549560547 0.01080322265625 -0.0586433410644531 0.0630874633789063
-0.0146236419677734 0.0185337066650391 -0.0214691162109375 0.0668525695800781
-0.00365638732910156 0.0243797302246094 0.00804519653320312 0.0476799011230469
0.0105419158935547 0.0204181671142578 0.014190673828125 0.0217437744140625
0.0247859954833984 0.0112495422363281 0.00654697418212891 0.0110626220703125
0.0270519256591797 0.000780105590820313 -0.00882625579833984 0.0175027847290039
0.0227603912353516 -0.00111198425292969 -0.0169315338134766 0.0279159545898437
0.0266132354736328 -0.0029296875 -0.0245590209960937 0.0380134582519531
0.0280361175537109 0.00458717346191406 -0.036895751953125 0.0364913940429687
0.0226345062255859 0.0157661437988281 -0.0462112426757813 0.0221595764160156
0.0109901428222656 0.0260448455810547 -0.0420417785644531 -0.001708984375
-0.0116996765136719 0.0257968902587891 -0.024200439453125 -0.0179042816162109
-0.0245285034179687 0.0123958587646484 -0.0215988159179688 0.00776290893554688
-0.0323619842529297 -0.00154685974121094 -0.0583000183105469 0.0173912048339844
0.00343608856201172 -0.0132923126220703 -0.044189453125 0.045562744140625
-0.00198078155517578 -0.00913810729980469 -0.0571250915527344 0.0587615966796875
-0.00632143020629883 -0.00286006927490234 -0.0223655700683594 0.0624237060546875
-0.00944232940673828 0.00370216369628906 0.0046539306640625 0.0424079895019531
-0.00471115112304687 0.0091848373413086 0.00987911224365234 0.0170793533325195
0.00537204742431641 0.0142612457275391 -0.00165176391601562 0.00938510894775391
0.0136899948120117 0.0111169815063477 -0.0161609649658203 0.0177898406982422
0.0134763717651367 0.00738239288330078 -0.0242748260498047 0.0299186706542969
0.0171232223510742 0.00637054443359375 -0.032012939453125 0.0395469665527344
0.0172615051269531 0.010951042175293 -0.0435256958007813 0.0349388122558594
0.0121288299560547 0.0182037353515625 -0.0509262084960938 0.019134521484375
-8.392333984375E-05 0.0231761932373047 -0.0435142517089844 -0.00479888916015625
-0.0197067260742188 0.0149822235107422 -0.0256996154785156 -0.0181484222412109
-0.0238056182861328 -0.00579643249511719 -0.0259113311767578 0.00588035583496094
-0.0203323364257813 -0.0204029083251953 -0.0639572143554688 0.0136337280273438
-0.00905990600585937 0.03631591796875 0.0597763061523438 -0.010162353515625
0.0261993408203125 0.0254421234130859 0.0293750762939453 0.00714874267578125
0.0245704650878906 -0.00640106201171875 0.0281887054443359 0.0212554931640625
0.0123291015625 -0.0174617767333984 0.0519142150878906 0.0125732421875
0.000967025756835938 -0.0191421508789063 0.058441162109375 -0.0131645202636719
-0.0118694305419922 -0.0204257965087891 0.0473899841308594 -0.0380783081054688
-0.0127458572387695 -0.0159072875976563 0.0359382629394531 -0.0423240661621094
-0.00885391235351563 -0.0154333114624023 0.0261135101318359 -0.0315322875976562
-0.00590133666992188 -0.0233306884765625 0.0174932479858398 -0.0150604248046875
0.0106868743896484 -0.0201072692871094 0.00554990768432617 -0.0059514045715332
0.0241165161132813 -0.00510787963867188 -0.0148782730102539 -0.0146665573120117
0.0221481323242187 0.0107097625732422 -0.0120201110839844 -0.0378952026367188
0.00469017028808594 0.0274257659912109 0.0240516662597656 -0.06640625
-0.0124301910400391 0.0329914093017578 0.0496253967285156 -0.0625152587890625
-0.0307159423828125 0.0282325744628906 0.0367813110351562 -0.0412445068359375
-0.0292510986328125 0.0460433959960937 0.0540657043457031 0.00501632690429688
0.0119705200195313 0.0438690185546875 0.0258331298828125 0.0219993591308594
0.0241317749023438 0.0132961273193359 0.0296001434326172 0.0320377349853516
0.0222129821777344 -0.00232124328613281 0.0547904968261719 0.0228271484375
0.0157108306884766 -0.013087272644043 0.0625152587890625 -0.00427627563476563
0.00716972351074218 -0.0240631103515625 0.0549850463867188 -0.0316619873046875
0.00374794006347656 -0.0246753692626953 0.0400009155273438 -0.0353279113769531
0.00478553771972656 -0.0217990875244141 0.0274982452392578 -0.0242919921875
0.0104274749755859 -0.0288944244384766 0.0165185928344727 -0.00674533843994141
0.0264892578125 -0.0193824768066406 0.00136327743530274 0.00257134437561035
0.0355644226074219 0.00214767456054688 -0.0219001770019531 -0.00694465637207032
0.0290355682373047 0.0234127044677734 -0.0226669311523438 -0.0318698883056641
0.00155258178710938 0.0423927307128906 0.00904083251953124 -0.0637626647949219
-0.0253334045410156 0.0466156005859375 0.0328254699707031 -0.0570449829101563
-0.0461082458496094 0.0396461486816406 0.02081298828125 -0.0323047637939453
-0.0474662780761719 0.0479698181152344 0.0397415161132813 0.0229301452636719
-0.00878143310546875 0.0569610595703125 0.0153312683105469 0.0406990051269531
0.0166854858398437 0.0336227416992188 0.0269546508789062 0.0465431213378906
0.02850341796875 0.0178070068359375 0.0548362731933594 0.0351448059082031
0.0301895141601563 -0.00138473510742188 0.0623321533203125 0.0068359375
0.0270900726318359 -0.0221214294433594 0.0567512512207031 -0.0221633911132812
0.0193252563476563 -0.0283660888671875 0.039306640625 -0.0255203247070313
0.0183334350585938 -0.0240898132324219 0.0246963500976563 -0.0134811401367188
0.0242195129394531 -0.0295162200927734 0.0117769241333008 0.00392436981201172
0.0374565124511719 -0.0188751220703125 -0.00487327575683594 0.0125923156738281
0.0425796508789063 0.00558090209960938 -0.0297889709472656 0.00254058837890626
0.0351486206054688 0.0285110473632813 -0.0335311889648438 -0.0228977203369141
0.00449371337890625 0.0496597290039063 -0.00780105590820313 -0.057373046875
-0.0282859802246094 0.0545539855957031 0.0134658813476562 -0.0452003479003906
-0.0537986755371094 0.045989990234375 9.53674316406214E-05 -0.02099609375
-0.0596427917480469 0.0429420471191406 0.0171623229980469 0.0399818420410156
-0.0285377502441406 0.0598526000976563 -0.00283050537109375 0.058929443359375
0.00374221801757812 0.0499229431152344 0.0195350646972656 0.0615577697753906
0.0281944274902344 0.0374069213867188 0.0485801696777344 0.0462875366210937
0.0398635864257813 0.0122528076171875 0.0556793212890625 0.0168342590332031
0.0428810119628906 -0.0157928466796875 0.0514488220214844 -0.0108985900878906
0.0330333709716797 -0.0279617309570312 0.0321788787841797 -0.0127468109130859
0.0289115905761719 -0.0230598449707031 0.0168685913085938 -0.00121307373046875
0.0331859588623047 -0.0272254943847656 0.00453948974609375 0.0158014297485352
0.0429306030273438 -0.0179519653320313 -0.0110340118408203 0.0229148864746094
0.0440177917480469 0.00600051879882812 -0.0353736877441406 0.0139541625976563
0.03692626953125 0.0289344787597656 -0.0403289794921875 -0.01202392578125
0.0072784423828125 0.0501594543457031 -0.02020263671875 -0.0454902648925781
-0.0262985229492188 0.0550765991210938 -0.00193023681640625 -0.0284442901611328
-0.0553398132324219 0.0462493896484375 -0.0192508697509766 -0.00515937805175781
-0.0610694885253906 0.0296440124511719 -0.00900650024414063 0.0511970520019531
-0.042144775390625 0.051361083984375 -0.02618408203125 0.071380615234375
-0.0103225708007813 0.053375244140625 0.00676727294921875 0.0724411010742188
0.0201683044433594 0.0486831665039063 0.037261962890625 0.0531349182128906
0.0395584106445313 0.0245857238769531 0.0428619384765625 0.0226707458496094
0.04949951171875 -0.00503921508789063 0.0385017395019531 -4.19616699218753E-05
0.0410537719726562 -0.0216331481933594 0.0190963745117188 0.000905990600585936
0.0331554412841797 -0.0182209014892578 0.00668048858642578 0.0113945007324219
0.0370903015136719 -0.0217437744140625 -0.00320816040039062 0.0269908905029297
0.0436248779296875 -0.0129013061523437 -0.0183277130126953 0.0322189331054688
0.0414695739746094 0.00921249389648438 -0.0388717651367187 0.0224685668945312
0.0330638885498047 0.0285892486572266 -0.0428962707519531 -0.00259017944335937
0.00561904907226562 0.0453948974609375 -0.0244369506835938 -0.0314483642578125
-0.0256881713867188 0.0477447509765625 -0.0117025375366211 -0.0089120864868164
-0.0520515441894531 0.037109375 -0.0378036499023438 0.00986862182617187
-0.0474319458007812 0.0131874084472656 -0.0311698913574219 0.0569953918457031
-0.0408210754394531 0.0320167541503906 -0.0456695556640625 0.0760879516601563
-0.0183143615722656 0.0417327880859375 -0.00665283203125 0.0755081176757813
0.00722503662109375 0.0457000732421875 0.022979736328125 0.0526885986328125
0.0282306671142578 0.0284080505371094 0.0273094177246094 0.0231704711914063
0.0444908142089844 0.00606918334960937 0.0220012664794922 0.00784492492675781
0.0407791137695313 -0.0123672485351563 0.00559043884277344 0.0114479064941406
0.0328483581542969 -0.0110435485839844 -0.00470733642578125 0.0231151580810547
0.0364112854003906 -0.0139083862304688 -0.0124397277832031 0.0360298156738281
0.0408554077148438 -0.00529098510742188 -0.0250740051269531 0.0372123718261719
0.0357322692871094 0.0132179260253906 -0.0418815612792969 0.0267524719238281
0.0243721008300781 0.0295867919921875 -0.0423393249511719 0.00217819213867188
-0.00218582153320313 0.0385017395019531 -0.0254383087158203 -0.0216121673583984
-0.0274620056152344 0.0316982269287109 -0.0167760848999023 0.00450229644775391
-0.0472526550292969 0.0205230712890625 -0.0510635375976563 0.0209617614746094
-0.0254421234130859 -0.00364685058593749 -0.0440025329589844 0.0566368103027344
-0.0271339416503906 0.00938034057617187 -0.0570831298828125 0.07281494140625
-0.0184612274169922 0.0199775695800781 -0.0162353515625 0.0715408325195313
-0.00516700744628906 0.0290813446044922 0.0123062133789062 0.0494499206542969
0.0118865966796875 0.0244579315185547 0.0162200927734375 0.0201015472412109
0.0297203063964844 0.0133895874023438 0.00747966766357422 0.0106010437011719
0.0320701599121094 0.0002593994140625 -0.00867462158203125 0.0176124572753906
0.0276031494140625 -0.0023651123046875 -0.0155200958251953 0.0300922393798828
0.03131103515625 -0.00429725646972656 -0.0219841003417969 0.0408096313476562
0.0336380004882813 0.00380134582519531 -0.0335845947265625 0.0400810241699219
0.0273571014404297 0.0175819396972656 -0.04522705078125 0.0262794494628906
0.0141162872314453 0.0300254821777344 -0.0423355102539063 0.00198745727539062
-0.0130996704101563 0.0299739837646484 -0.0257205963134766 -0.0153331756591797
-0.0300865173339844 0.0150012969970703 -0.0228176116943359 0.0118389129638672
-0.0390625 -0.000968933105468745 -0.0623054504394531 0.0228919982910156
0.0010986328125 -0.0197620391845703 -0.0461044311523438 0.0524101257324219
-0.00631523132324219 -0.0139579772949219 -0.0565872192382812 0.0674552917480469
-0.0108871459960938 -0.00475311279296875 -0.0174980163574219 0.06787109375
-0.0135002136230469 0.00602149963378906 0.00886154174804687 0.0435447692871094
-0.00512218475341797 0.0129995346069336 0.0105857849121094 0.0156488418579102
0.00921916961669922 0.0169467926025391 -0.00240707397460937 0.00959491729736328
0.0191421508789063 0.0115985870361328 -0.0175399780273438 0.0197849273681641
0.0173530578613281 0.00689411163330078 -0.0242366790771484 0.0338649749755859
0.0215282440185547 0.00573539733886719 -0.0313186645507812 0.0437583923339844
0.0226039886474609 0.0120162963867188 -0.0430908203125 0.0394935607910156
0.0161304473876953 0.0203723907470703 -0.0509109497070313 0.0233078002929688
0.00246620178222656 0.0279407501220703 -0.0452232360839844 -0.000682830810546868
-0.0224266052246094 0.0195102691650391 -0.0276565551757813 -0.0157432556152344
-0.0302391052246094 -0.00443077087402343 -0.0281429290771484 0.00986480712890625
-0.0264987945556641 -0.0225505828857422 -0.0695304870605469 0.0182075500488281
-0.00336074829101562 0.0392112731933594 0.0644912719726563 -0.0149040222167969
0.0322399139404297 0.0222663879394531 0.0330486297607422 0.00358009338378906
0.0256423950195313 -0.0111827850341797 0.0300121307373047 0.0177364349365234
0.00957870483398437 -0.0210094451904297 0.0523033142089844 0.00916671752929687
-0.00303077697753906 -0.0208759307861328 0.0585174560546875 -0.01617431640625
-0.0167369842529297 -0.0194606781005859 0.0477447509765625 -0.0419425964355469
-0.0158510208129883 -0.0146064758300781 0.0351905822753906 -0.0460853576660156
-0.0127010345458984 -0.0145359039306641 0.0257320404052734 -0.0349349975585938
-0.01080322265625 -0.0232906341552734 0.0190677642822266 -0.0175075531005859
0.00748062133789062 -0.0236797332763672 0.00818777084350586 -0.00566387176513672
0.0241928100585938 -0.0109672546386719 -0.0138483047485352 -0.0120973587036133
0.0252857208251953 0.0072174072265625 -0.0143928527832031 -0.0356559753417969
0.0104179382324219 0.0283412933349609 0.0182113647460938 -0.0683364868164063
-0.0078887939453125 0.0384254455566406 0.0466499328613281 -0.0691947937011719
-0.0264663696289063 0.03521728515625 0.0387001037597656 -0.0444526672363281
-0.0247268676757813 0.0503921508789063 0.0603981018066406 0.00218582153320313
0.0174064636230469 0.0431175231933594 0.0314216613769531 0.0189647674560547
0.0258979797363281 0.00977325439453125 0.0322799682617188 0.0294513702392578
0.0210952758789063 -0.005462646484375 0.0575294494628906 0.01922607421875
0.0134086608886719 -0.0150337219238281 0.0635948181152344 -0.00801849365234375
0.00332260131835938 -0.0247554779052734 0.0548057556152344 -0.03594970703125
0.00025177001953125 -0.0243892669677734 0.0404701232910156 -0.0408744812011719
0.00242233276367188 -0.0220508575439453 0.0287551879882813 -0.0279216766357422
0.0068817138671875 -0.0298519134521484 0.0203628540039063 -0.00951194763183594
0.024505615234375 -0.0234222412109375 0.00661659240722656 0.00300407409667969
0.0368576049804688 -0.00246429443359375 -0.0196723937988281 -0.00281715393066407
0.0338497161865234 0.0203952789306641 -0.0243110656738281 -0.0278434753417969
0.00717926025390625 0.0442848205566406 0.00293350219726562 -0.0647430419921875
-0.0215835571289063 0.0527496337890625 0.0301017761230469 -0.0614051818847656
-0.0443916320800781 0.0470809936523438 0.0227279663085937 -0.0337123870849609
-0.04547119140625 0.0530776977539063 0.0477447509765625 0.0222892761230469
-0.00439453125 0.0583343505859375 0.0230331420898438 0.0388412475585938
0.0194187164306641 0.0328884124755859 0.0320014953613281 0.0439262390136719
0.0291862487792969 0.0158729553222656 0.0583038330078125 0.0318679809570313
0.0301666259765625 -0.00299453735351563 0.065277099609375 0.00240707397460937
0.0249824523925781 -0.0246181488037109 0.0579795837402344 -0.0271415710449219
0.0177211761474609 -0.0305404663085938 0.040863037109375 -0.029998779296875
0.0172557830810547 -0.0256519317626953 0.0271034240722656 -0.0173454284667969
0.0220108032226563 -0.0321598052978516 0.0165176391601563 0.00190544128417969
0.0362930297851563 -0.0225028991699219 0.00106430053710938 0.0130548477172852
0.0443992614746094 0.00173187255859375 -0.0266628265380859 0.0068817138671875
0.03924560546875 0.0269622802734375 -0.0334911346435547 -0.0174617767333984
0.00889205932617188 0.05218505859375 -0.0126457214355469 -0.0554618835449219
-0.0264930725097656 0.0613327026367187 0.0117607116699219 -0.0467758178710937
-0.0531349182128906 0.0535926818847656 0.00259780883789062 -0.0192489624023438
-0.0608329772949219 0.0474433898925781 0.0253715515136719 0.04217529296875
-0.0273933410644531 0.0630874633789063 0.00512313842773438 0.0598869323730469
0.005950927734375 0.0510139465332031 0.0254898071289063 0.0594139099121094
0.0314102172851563 0.0380210876464844 0.0535507202148438 0.0437736511230469
0.0415611267089844 0.0114479064941406 0.0583915710449219 0.0123252868652344
0.0429267883300781 -0.0185966491699219 0.0533409118652344 -0.0153617858886719
0.0326309204101563 -0.0311412811279297 0.0344219207763672 -0.0162124633789063
0.0287647247314453 -0.0250492095947266 0.0197410583496094 -0.00382041931152344
0.0331878662109375 -0.0307788848876953 0.00966453552246094 0.0137872695922852
0.0436439514160156 -0.0204086303710938 -0.00477218627929687 0.0231533050537109
0.0467491149902344 0.0041046142578125 -0.0307731628417969 0.0178298950195313
0.0409164428710938 0.0282630920410156 -0.0399627685546875 -0.00606918334960938
0.0110244750976562 0.0528106689453125 -0.0235557556152344 -0.0422439575195313
-0.0254745483398438 0.0608596801757813 -0.00217056274414063 -0.0275211334228516
-0.05609130859375 0.0534515380859375 -0.0172576904296875 -0.00214385986328125
-0.0634422302246094 0.0328826904296875 -0.0023651123046875 0.0555686950683594
-0.0426254272460938 0.055450439453125 -0.01837158203125 0.075531005859375
-0.01007080078125 0.0572509765625 0.0136871337890625 0.0717926025390625
0.0237083435058594 0.050811767578125 0.0421218872070313 0.0506210327148438
0.0425529479980469 0.024322509765625 0.0464591979980469 0.0193405151367188
0.0522994995117188 -0.00760269165039063 0.0405120849609375 -0.00333786010742188
0.0419044494628906 -0.0261077880859375 0.0214748382568359 -0.00146293640136719
0.0356369018554688 -0.0217628479003906 0.00955581665039063 0.0100612640380859
0.0392608642578125 -0.0257034301757813 0.00113105773925781 0.0260543823242188
0.0457992553710938 -0.0154991149902344 -0.01239013671875 0.032440185546875
0.0450515747070313 0.00784683227539063 -0.0343189239501953 0.0257968902587891
0.0368537902832031 0.029541015625 -0.0410003662109375 0.00219726562500001
0.00728607177734375 0.0490226745605469 -0.0263900756835937 -0.0284652709960938
-0.0268592834472656 0.0520477294921875 -0.0110893249511719 -0.00703716278076172
-0.0553550720214844 0.0429573059082031 -0.0350551605224609 0.0147533416748047
-0.05218505859375 0.0147933959960937 -0.026702880859375 0.0636100769042969
-0.0443229675292969 0.0342941284179687 -0.0392837524414062 0.0820846557617188
-0.0200157165527344 0.0454177856445313 0.000358581542968755 0.0761871337890625
0.00903320312499999 0.0498046875 0.0275917053222656 0.0517959594726563
0.0325508117675781 0.0307559967041016 0.02972412109375 0.0212364196777344
0.0483245849609375 0.00407028198242188 0.0241432189941406 0.00569915771484375
0.0436325073242188 -0.0153007507324219 0.00693511962890625 0.0108489990234375
0.0357208251953125 -0.0139045715332031 -0.00156211853027344 0.0237197875976563
0.0398178100585938 -0.0170097351074219 -0.00769805908203125 0.0359115600585938
0.0443458557128906 -0.00696182250976563 -0.0203781127929687 0.0394058227539063
0.0404052734375 0.012847900390625 -0.038421630859375 0.0300064086914063
0.0287017822265625 0.0313472747802734 -0.0408973693847656 0.00637054443359376
-0.00183486938476563 0.0424613952636719 -0.0258407592773438 -0.0175724029541016
-0.0310211181640625 0.037750244140625 -0.0154199600219727 0.00810050964355469
-0.0521049499511719 0.0249061584472656 -0.0500411987304688 0.0253257751464844
-0.0302238464355469 -0.00606536865234375 -0.04248046875 0.0636062622070313
-0.0327072143554688 0.00938606262207031 -0.0523529052734375 0.0804901123046875
-0.0219345092773438 0.0224189758300781 -0.00944519042968749 0.074371337890625
-0.00501251220703125 0.0337696075439453 0.0160179138183594 0.0479164123535156
0.0151729583740234 0.02752685546875 0.0172290802001953 0.0189094543457031
0.0350799560546875 0.0128402709960938 0.00803565979003906 0.0100317001342773
0.0367584228515625 -0.0034027099609375 -0.00679206848144531 0.0184383392333984
0.0315399169921875 -0.00513267517089844 -0.0132732391357422 0.0316848754882813
0.0353431701660156 -0.00761032104492187 -0.0186538696289063 0.0434646606445313
0.0390777587890625 0.0015869140625 -0.0301094055175781 0.04132080078125
0.0317649841308594 0.0184803009033203 -0.0424346923828125 0.0293197631835938
0.0175647735595703 0.0328216552734375 -0.0411758422851563 0.00543975830078126
-0.0128517150878906 0.0350551605224609 -0.0262508392333984 -0.0125713348388672
-0.0350131988525391 0.0192947387695313 -0.0219345092773438 0.015045166015625
-0.0454978942871094 0.001556396484375 -0.0625152587890625 0.0286140441894531
-0.00346565246582031 -0.0234699249267578 -0.0459251403808594 0.0593338012695313
-0.0120935440063477 -0.0156450271606445 -0.0536575317382813 0.0746383666992187
-0.0154962539672852 -0.00416278839111328 -0.0106849670410156 0.0697250366210937
-0.0151920318603516 0.0108518600463867 0.0114097595214844 0.0412559509277344
-0.00427627563476562 0.0183582305908203 0.0108461380004883 0.0133390426635742
0.0141677856445312 0.0189285278320312 -0.00363492965698242 0.0086965560913086
0.0237903594970703 0.0100021362304688 -0.0181198120117188 0.0218944549560547
0.0220012664794922 0.00542831420898438 -0.02362060546875 0.0369071960449219
0.0263938903808594 0.00406646728515625 -0.0288124084472656 0.0462837219238281
0.0283393859863281 0.0101985931396484 -0.0406074523925781 0.042022705078125
0.0204563140869141 0.0209808349609375 -0.0491256713867188 0.0258369445800781
0.00606918334960937 0.0309467315673828 -0.0449714660644531 0.0020294189453125
-0.0229911804199219 0.0247669219970703 -0.0281257629394531 -0.0126495361328125
-0.0352058410644531 -0.00107192993164062 -0.0289592742919922 0.0134906768798828
-0.0339756011962891 -0.0213985443115234 -0.0716171264648438 0.0234909057617188
0.0020904541015625 0.0393791198730469 0.0669059753417969 -0.0191612243652344
0.0360565185546875 0.0184059143066406 0.0346279144287109 -0.000871658325195311
0.0249538421630859 -0.014984130859375 0.0295581817626953 0.0155696868896484
0.00713539123535156 -0.0233650207519531 0.0529975891113281 0.00775146484375
-0.00617027282714844 -0.0204486846923828 0.0579147338867188 -0.0188446044921875
-0.0205059051513672 -0.0171871185302734 0.0461540222167969 -0.0432319641113281
-0.0185527801513672 -0.0120849609375 0.0342292785644531 -0.0491752624511719
-0.0148200988769531 -0.0121908187866211 0.0257720947265625 -0.0379066467285156
-0.0146102905273438 -0.0215816497802734 0.0216236114501953 -0.0201168060302734
0.00380897521972656 -0.0247325897216797 0.0112438201904297 -0.00662612915039063
0.0228633880615234 -0.0147991180419922 -0.0115900039672852 -0.00948143005371094
0.027008056640625 0.0028228759765625 -0.0148563385009766 -0.0319442749023438
0.0156745910644531 0.0281715393066406 0.0139122009277344 -0.0678863525390625
-0.00212860107421875 0.0418434143066406 0.0440292358398438 -0.0725250244140625
-0.0219612121582031 0.0397453308105469 0.0405960083007813 -0.0480995178222656
-0.0213890075683594 0.0523147583007813 0.0658798217773438 -0.000907897949218747
0.0204963684082031 0.0405502319335938 0.0346698760986328 0.0151844024658203
0.0258369445800781 0.00637435913085937 0.0334587097167969 0.0260143280029297
0.0197105407714844 -0.00716781616210938 0.0576057434082031 0.0174522399902344
0.0112161636352539 -0.0157079696655273 0.0640792846679688 -0.0107002258300781
-0.000326156616210939 -0.0236854553222656 0.0545654296875 -0.0391960144042969
-0.00190544128417969 -0.0236263275146484 0.04095458984375 -0.0440101623535156
0.000810623168945314 -0.0206069946289062 0.0300273895263672 -0.0324726104736328
0.00373268127441406 -0.0289192199707031 0.0231113433837891 -0.0128173828125
0.0219688415527344 -0.0255661010742187 0.0100698471069336 0.00146007537841797
0.0366020202636719 -0.00627899169921875 -0.0164546966552734 -0.000308990478515625
0.03570556640625 0.0180168151855469 -0.02325439453125 -0.0233001708984375
0.0109138488769531 0.0449905395507813 -0.000869750976562494 -0.0626640319824219
-0.0172843933105469 0.0571784973144531 0.0283393859863281 -0.0628471374511719
-0.0406227111816406 0.0527305603027344 0.0248184204101562 -0.0353469848632813
-0.0435638427734375 0.05572509765625 0.0540084838867188 0.0207862854003906
-0.001617431640625 0.0587120056152344 0.0277900695800781 0.0360336303710938
0.0199012756347656 0.0317211151123047 0.0335540771484375 0.0410346984863281
0.0293540954589844 0.014984130859375 0.0596771240234375 0.0291976928710938
0.0291843414306641 -0.00449180603027344 0.0660209655761719 -0.00084686279296875
0.0227680206298828 -0.0248298645019531 0.0581741333007812 -0.03106689453125
0.0160503387451172 -0.0309562683105469 0.0415878295898438 -0.033905029296875
0.0160980224609375 -0.026123046875 0.0283889770507813 -0.0215568542480469
0.0201911926269531 -0.0329303741455078 0.0200080871582031 -0.00136375427246094
0.0354957580566406 -0.0251731872558594 0.00582027435302735 0.0114250183105469
0.0454673767089844 -0.00052642822265625 -0.0221118927001953 0.00917243957519531
0.0423202514648438 0.0247879028320312 -0.0317134857177734 -0.0130462646484375
0.0126457214355469 0.0535049438476563 -0.0155410766601562 -0.0527076721191406
-0.0232810974121094 0.0653915405273438 0.0104713439941406 -0.0470962524414063
-0.051025390625 0.05902099609375 0.00600051879882812 -0.0195331573486328
-0.0614204406738281 0.0509567260742188 0.0322456359863281 0.0419120788574219
-0.0259246826171875 0.0657501220703125 0.0114631652832031 0.05889892578125
0.0067596435546875 0.0521965026855469 0.0286674499511719 0.0570449829101563
0.032501220703125 0.0376472473144531 0.0555915832519531 0.0409317016601563
0.0423088073730469 0.0103111267089844 0.0604896545410156 0.009246826171875
0.0425453186035156 -0.0207786560058594 0.0539474487304688 -0.0185127258300781
0.0321369171142578 -0.0330753326416016 0.0355415344238281 -0.0193672180175781
0.0286846160888672 -0.0269889831542969 0.0223007202148438 -0.00739860534667969
0.032928466796875 -0.0320377349853516 0.0136528015136719 0.0108203887939453
0.043975830078125 -0.0230064392089844 0.000392913818359376 0.0219497680664062
0.0490570068359375 0.00273895263671875 -0.0259246826171875 0.0200271606445313
0.0438194274902344 0.0273094177246094 -0.0362510681152344 -0.00238800048828125
0.0134353637695313 0.0547370910644531 -0.024505615234375 -0.0390968322753906
-0.0245132446289062 0.0654640197753906 -0.00144767761230469 -0.0267963409423828
-0.0559043884277344 0.0589027404785156 -0.0131158828735352 -0.000212669372558589
-0.0659561157226563 0.0363578796386719 0.00453186035156249 0.0579452514648438
-0.0439643859863281 0.0581893920898437 -0.0111083984375 0.0763168334960938
-0.00927352905273438 0.0590553283691406 0.0175132751464844 0.0696220397949219
0.0252761840820313 0.0522994995117188 0.0440177917480469 0.0486831665039063
0.0448722839355469 0.0243721008300781 0.0474052429199219 0.0167312622070313
0.0540428161621094 -0.0109748840332031 0.0422630310058594 -0.00680160522460938
0.0430145263671875 -0.0286865234375 0.0233306884765625 -0.00410270690917969
0.0367889404296875 -0.0240898132324219 0.0118913650512695 0.00798606872558594
0.040283203125 -0.0281448364257813 0.00493049621582032 0.0239124298095703
0.0483894348144531 -0.0183982849121094 -0.00740242004394531 0.0313014984130859
0.0480918884277344 0.00654220581054688 -0.0295639038085937 0.0267257690429688
0.0399322509765625 0.0295600891113281 -0.0377845764160156 0.00542831420898438
0.00907897949218751 0.0514259338378906 -0.0263271331787109 -0.0255699157714844
-0.0270309448242187 0.0569419860839844 -0.00838232040405274 -0.00591754913330078
-0.0564308166503906 0.0483322143554688 -0.0313873291015625 0.0169143676757813
-0.0565948486328125 0.0164260864257813 -0.0220680236816406 0.06817626953125
-0.0477676391601562 0.0376091003417969 -0.0325241088867188 0.0844650268554688
-0.0212783813476563 0.0486984252929688 0.0050048828125 0.0751800537109375
0.0114059448242188 0.0523490905761719 0.029632568359375 0.0502510070800781
0.0359764099121094 0.0312843322753906 0.03057861328125 0.0199337005615234
0.0530929565429688 0.00100326538085938 0.0245532989501953 0.00287628173828125
0.0456314086914063 -0.0193710327148438 0.00862407684326172 0.00993537902832031
0.0380363464355469 -0.0172271728515625 0.000268936157226566 0.0219230651855469
0.0421829223632813 -0.020416259765625 -0.00494766235351562 0.0347938537597656
0.0482940673828125 -0.0103645324707031 -0.0161590576171875 0.0378990173339844
0.0440406799316406 0.0128974914550781 -0.0333423614501953 0.0307140350341797
0.0327186584472656 0.0330371856689453 -0.0378341674804688 0.00835800170898438
-0.000415802001953126 0.0460968017578125 -0.02496337890625 -0.0152187347412109
-0.0326004028320312 0.0422401428222656 -0.0132513046264648 0.00992012023925781
-0.0551223754882813 0.0294837951660156 -0.0472640991210938 0.0293388366699219
-0.0359992980957031 -0.00600051879882812 -0.0390586853027344 0.069305419921875
-0.0375938415527344 0.010772705078125 -0.046905517578125 0.0842132568359375
-0.0244350433349609 0.0251083374023438 -0.00442504882812501 0.0732498168945313
-0.00422286987304688 0.0384788513183594 0.0176734924316406 0.0461273193359375
0.0176715850830078 0.0304241180419922 0.0170745849609375 0.0177726745605469
0.0392990112304688 0.0122756958007813 0.00760173797607422 0.00880908966064453
0.0401268005371094 -0.00659942626953125 -0.00621795654296874 0.0194950103759766
0.0348243713378906 -0.00800704956054688 -0.0110969543457031 0.0327701568603516
0.0387611389160156 -0.0107841491699219 -0.0159530639648437 0.0429878234863281
0.0424728393554688 -0.001007080078125 -0.0270652770996094 0.042144775390625
0.0361785888671875 0.0179100036621094 -0.0394515991210937 0.0303764343261719
0.0220775604248047 0.0345172882080078 -0.0393028259277344 0.00751113891601562
-0.012298583984375 0.0396766662597656 -0.0248184204101562 -0.0103130340576172
-0.0386581420898438 0.0238571166992188 -0.0203933715820313 0.017791748046875
-0.0500602722167969 0.00575637817382812 -0.0616302490234375 0.0322418212890625
-0.00858879089355469 -0.0265541076660156 -0.0451736450195313 0.0634117126464844
-0.0175619125366211 -0.016688346862793 -0.0498733520507813 0.0788650512695312
-0.0194530487060547 -0.00301170349121094 -0.0062408447265625 0.0692291259765625
-0.0161981582641602 0.014683723449707 0.0127792358398437 0.0391120910644531
-0.00187110900878906 0.0212230682373047 0.00908565521240234 0.0120067596435547
0.0194435119628906 0.0189456939697266 -0.00545978546142578 0.00874137878417969
0.0279426574707031 0.00753974914550781 -0.0183353424072266 0.0242805480957031
0.0254726409912109 0.00250816345214844 -0.0223007202148437 0.0392532348632813
0.0301151275634766 0.00103569030761719 -0.0266342163085938 0.0482254028320313
0.0323886871337891 0.008209228515625 -0.0384025573730469 0.0422897338867188
0.0246143341064453 0.0211105346679688 -0.0474586486816406 0.0279426574707031
0.0104694366455078 0.0326881408691406 -0.043304443359375 0.00391387939453125
-0.0215549468994141 0.0287761688232422 -0.0278110504150391 -0.0104827880859375
-0.0389366149902344 0.00325775146484376 -0.0281257629394531 0.0172080993652344
-0.0387496948242188 -0.0195083618164062 -0.072418212890625 0.02764892578125
0.00658416748046875 0.0382575988769531 0.0708160400390625 -0.0230712890625
0.0382461547851562 0.0152397155761719 0.0352096557617188 -0.00400161743164062
0.024322509765625 -0.0180740356445313 0.0293235778808594 0.0137577056884766
0.00473976135253906 -0.0244636535644531 0.0528221130371094 0.0071258544921875
-0.00936508178710938 -0.0208282470703125 0.0577468872070313 -0.0197906494140625
-0.0228424072265625 -0.0150833129882813 0.0462913513183594 -0.0445175170898438
-0.0206222534179688 -0.0092620849609375 0.0348243713378906 -0.0512428283691406
-0.0167970657348633 -0.00991535186767578 0.0261993408203125 -0.0407371520996094
-0.0179119110107422 -0.0193405151367187 0.0233612060546875 -0.0228481292724609
0.000633239746093748 -0.0254058837890625 0.0135669708251953 -0.00860977172851563
0.0217113494873047 -0.0177993774414062 -0.00913810729980469 -0.00903415679931641
0.0275821685791016 0.000118255615234375 -0.0128250122070313 -0.0303668975830078
0.0193195343017578 0.0269012451171875 0.0113334655761719 -0.0660247802734375
0.00205230712890625 0.043731689453125 0.0421142578125 -0.0745010375976563
-0.0172920227050781 0.0427627563476563 0.0431747436523438 -0.0517082214355469
-0.0178413391113281 0.0535125732421875 0.0700340270996094 -0.00461196899414062
0.0226173400878906 0.0392074584960938 0.0370979309082031 0.0111541748046875
0.0247325897216797 0.00564956665039063 0.0333328247070313 0.0252437591552734
0.0187225341796875 -0.00867271423339844 0.05816650390625 0.0169715881347656
0.00909900665283203 -0.0149507522583008 0.0643844604492188 -0.0117645263671875
-0.00227165222167969 -0.0223255157470703 0.0548019409179687 -0.0414199829101563
-0.00356674194335937 -0.0223617553710938 0.0414505004882812 -0.0472030639648437
-8.01086425781234E-05 -0.0204429626464844 0.0300559997558594 -0.0358543395996094
0.00220680236816406 -0.0289039611816406 0.0256481170654297 -0.01605224609375
0.0193653106689453 -0.0266017913818359 0.014678955078125 -0.00119781494140625
0.0364990234375 -0.00870513916015625 -0.0123310089111328 -0.000209808349609374
0.037353515625 0.0164070129394531 -0.0212421417236328 -0.0211353302001953
0.0145339965820313 0.0454330444335938 -0.00296783447265624 -0.0606422424316406
-0.0134162902832031 0.0609054565429688 0.0269584655761719 -0.0650711059570313
-0.0380821228027344 0.057586669921875 0.0284919738769531 -0.0370025634765625
-0.0428504943847656 0.058868408203125 0.0586700439453125 0.0185470581054688
-0.000495910644531249 0.0589332580566406 0.0309982299804688 0.0333461761474609
0.0191211700439453 0.0315113067626953 0.0345191955566406 0.038482666015625
0.0295047760009766 0.0149936676025391 0.0606231689453125 0.0287513732910156
0.0288276672363281 -0.00441169738769531 0.0670967102050781 -0.00228500366210938
0.0213127136230469 -0.0245037078857422 0.0590744018554688 -0.033203125
0.0152473449707031 -0.0314731597900391 0.042266845703125 -0.0374603271484375
0.0158309936523438 -0.0263576507568359 0.0295391082763672 -0.025482177734375
0.0196056365966797 -0.0339202880859375 0.0224838256835937 -0.00561141967773438
0.0349674224853516 -0.0267181396484375 0.00982856750488281 0.00872611999511719
0.0466194152832031 -0.0030670166015625 -0.0171642303466797 0.00962543487548828
0.0444221496582031 0.0236549377441406 -0.0288848876953125 -0.0100765228271484
0.0150108337402344 0.0552635192871094 -0.0159988403320312 -0.0501365661621094
-0.0213966369628906 0.0699348449707031 0.01153564453125 -0.0479316711425781
-0.0503196716308594 0.06451416015625 0.00999450683593749 -0.0200157165527344
-0.0631027221679687 0.0548286437988281 0.0378265380859375 0.0412864685058594
-0.0268898010253906 0.0681419372558594 0.0152740478515625 0.0557708740234375
0.00701141357421875 0.0543632507324219 0.0298118591308594 0.0544052124023438
0.0338592529296875 0.0389442443847656 0.0566787719726563 0.0397262573242188
0.0435371398925781 0.0106468200683594 0.0622215270996094 0.0078582763671875
0.0432357788085938 -0.0217475891113281 0.0549659729003906 -0.0217781066894531
0.0325736999511719 -0.0351905822753906 0.0367355346679688 -0.0222434997558594
0.0294933319091797 -0.0288715362548828 0.0227985382080078 -0.0102863311767578
0.0335159301757813 -0.0342330932617188 0.0171127319335938 0.00817775726318359
0.0451622009277344 -0.0262107849121094 0.00374031066894532 0.0190277099609375
0.0512313842773438 0.00135040283203125 -0.0213775634765625 0.019256591796875
0.0466079711914062 0.0275650024414062 -0.0339946746826172 -0.000926971435546875
0.0152168273925781 0.0570487976074219 -0.0238609313964844 -0.0369644165039062
-0.0245704650878906 0.0698661804199219 -0.000312805175781249 -0.0267047882080078
-0.0559959411621094 0.0645408630371094 -0.00907421112060547 4.19616699218797E-05
-0.0704498291015625 0.0395584106445313 0.00962829589843749 0.0607032775878906
-0.0468559265136719 0.0619239807128906 -0.0060882568359375 0.0754547119140625
-0.009490966796875 0.0622177124023438 0.0196113586425781 0.067108154296875
0.0273704528808594 0.0555000305175781 0.0458488464355469 0.0470771789550781
0.0476417541503906 0.0245895385742188 0.0488510131835937 0.0155792236328125
0.0550804138183594 -0.0123977661132813 0.0420074462890625 -0.00877761840820313
0.0436897277832031 -0.0322189331054688 0.0255317687988281 -0.00646209716796875
0.0385818481445313 -0.0266876220703125 0.0129661560058594 0.00568008422851562
0.0429229736328125 -0.0313835144042969 0.00796318054199219 0.0210170745849609
0.05078125 -0.0203361511230469 -0.00406265258789062 0.0293426513671875
0.0513725280761719 0.00633621215820312 -0.0254573822021484 0.0271854400634766
0.044219970703125 0.0307579040527344 -0.03472900390625 0.00639915466308594
0.0100975036621094 0.0546379089355469 -0.0253391265869141 -0.0236186981201172
-0.0282020568847656 0.0620651245117188 -0.00712156295776367 -0.00556421279907226
-0.0591087341308594 0.0527877807617188 -0.0281391143798828 0.0181026458740234
-0.0614051818847656 0.0184516906738281 -0.0187873840332031 0.0702247619628906
-0.0514678955078125 0.0401725769042969 -0.0282440185546875 0.0864715576171875
-0.02276611328125 0.0522918701171875 0.007568359375 0.0740203857421875
0.0132369995117187 0.0560417175292969 0.0302963256835937 0.0488319396972656
0.0385932922363281 0.03277587890625 0.0303840637207031 0.0183868408203125
0.0556869506835938 -0.000732421875 0.0248813629150391 0.000759124755859375
0.0476760864257813 -0.0221939086914063 0.00922679901123047 0.00967884063720703
0.0413360595703125 -0.0203933715820313 0.001251220703125 0.0208225250244141
0.0456809997558594 -0.0240745544433594 -0.00407600402832031 0.0326175689697266
0.0505104064941406 -0.0125312805175781 -0.0137405395507812 0.0361175537109375
0.047882080078125 0.0119705200195313 -0.030914306640625 0.0308074951171875
0.03643798828125 0.0343208312988281 -0.0356826782226563 0.00891876220703126
-0.000663757324218752 0.0489349365234375 -0.024200439453125 -0.0152111053466797
-0.0347404479980469 0.0470657348632813 -0.0118017196655273 0.0108623504638672
-0.0576553344726563 0.0332603454589844 -0.0446090698242187 0.0305442810058594
-0.0410652160644531 -0.00513458251953125 -0.0372161865234375 0.0736160278320313
-0.0430564880371094 0.0130424499511719 -0.0432968139648438 0.0873260498046875
-0.0267429351806641 0.0287818908691406 -0.00229644775390626 0.0727081298828125
-0.00328826904296875 0.0419502258300781 0.0181503295898437 0.0446510314941406
0.0209388732910156 0.0325813293457031 0.0162258148193359 0.0165729522705078
0.0435066223144531 0.010589599609375 0.00756216049194336 0.00823736190795898
0.0419578552246094 -0.0102806091308594 -0.00592041015625 0.0203514099121094
0.0371055603027344 -0.0108451843261719 -0.0107479095458984 0.0330390930175781
0.0413665771484375 -0.0137214660644531 -0.0152015686035156 0.0435562133789063
0.0465049743652344 -0.0042572021484375 -0.0260391235351562 0.0410003662109375
0.0395851135253906 0.01727294921875 -0.0381278991699219 0.0294418334960938
0.0263023376464844 0.0357246398925781 -0.0372886657714844 0.00803756713867188
-0.0112495422363281 0.0434761047363281 -0.0232467651367188 -0.00951385498046874
-0.0418472290039063 0.0282936096191406 -0.0186710357666016 0.0195999145507813
-0.0541801452636719 0.00879669189453124 -0.0610008239746094 0.0356369018554687
-0.0138263702392578 -0.0280284881591797 -0.0457077026367187 0.0684394836425781
-0.0230770111083984 -0.0166969299316406 -0.0475234985351563 0.0816192626953125
-0.0233402252197266 -0.00156593322753906 -0.00471878051757813 0.0677261352539063
-0.0183849334716797 0.0184268951416016 0.0114593505859375 0.0377922058105469
0.00133132934570313 0.0246315002441406 0.00605487823486328 0.0120172500610352
0.0231246948242188 0.0183563232421875 -0.0068511962890625 0.00891876220703125
0.0314388275146484 0.00478172302246094 -0.0188961029052734 0.0265674591064453
0.0281314849853516 0.000873565673828125 -0.0220222473144531 0.0403480529785156
0.0330467224121094 -0.00210189819335938 -0.0259780883789063 0.0491485595703125
0.0360832214355469 0.005035400390625 -0.0382003784179688 0.0432014465332031
0.0277652740478516 0.0206317901611328 -0.0473136901855469 0.02801513671875
0.0134353637695312 0.0340290069580078 -0.0418357849121094 0.003997802734375
-0.0208015441894531 0.0321903228759766 -0.0262393951416016 -0.00901794433593749
-0.0412445068359375 0.00647354125976563 -0.0270938873291016 0.0185222625732422
-0.0436553955078125 -0.0171661376953125 -0.074554443359375 0.0305709838867187
0.00975799560546875 0.0384025573730469 0.073150634765625 -0.0270843505859375
0.0406303405761719 0.0119171142578125 0.0347766876220703 -0.0078277587890625
0.0237712860107422 -0.0201263427734375 0.0284423828125 0.0134925842285156
0.00267410278320312 -0.0255908966064453 0.0542068481445313 0.00745010375976562
-0.0116119384765625 -0.0198860168457031 0.059722900390625 -0.0196990966796875
-0.0252704620361328 -0.0121173858642578 0.047821044921875 -0.0466194152832031
-0.0219745635986328 -0.00745201110839844 0.0353050231933594 -0.0549545288085937
-0.0177478790283203 -0.00900077819824219 0.0266990661621094 -0.04339599609375
-0.0206871032714844 -0.0176792144775391 0.024444580078125 -0.0267353057861328
-0.00234603881835938 -0.0262489318847656 0.0162887573242188 -0.0115022659301758
0.0192909240722656 -0.0207939147949219 -0.00621604919433594 -0.00856542587280273
0.0288562774658203 -0.00294876098632812 -0.0121612548828125 -0.0288238525390625
0.0239887237548828 0.0271320343017578 0.0109443664550781 -0.0658950805664063
0.00714492797851563 0.0460739135742187 0.0421142578125 -0.07904052734375
-0.0135612487792969 0.0454902648925781 0.0455741882324219 -0.055999755859375
-0.0167198181152344 0.0548591613769531 0.0752944946289063 -0.0078887939453125
0.0241317749023438 0.0384674072265625 0.0395088195800781 0.00820541381835938
0.0256729125976563 0.00417900085449219 0.0333251953125 0.0235652923583984
0.0173301696777344 -0.00893688201904297 0.0605010986328125 0.0164718627929687
0.00874614715576172 -0.0151052474975586 0.0671005249023438 -0.0132675170898438
-0.00406837463378906 -0.0208854675292969 0.0577125549316406 -0.0438041687011719
-0.00450325012207031 -0.0211029052734375 0.0431900024414063 -0.0516815185546875
-0.000638961791992188 -0.0194072723388672 0.0314559936523438 -0.0396957397460938
-0.000452041625976559 -0.0282878875732422 0.0268096923828125 -0.0203723907470703
0.0185871124267578 -0.0273094177246094 0.0186424255371094 -0.00300788879394531
0.0368576049804688 -0.0103569030761719 -0.00761270523071289 0.000435829162597656
0.0391464233398438 0.0138168334960938 -0.0194110870361328 -0.0196552276611328
0.017669677734375 0.0468635559082031 -0.00229644775390625 -0.0597724914550781
-0.00983810424804688 0.0643959045410156 0.028228759765625 -0.0677871704101563
-0.0356864929199219 0.0613784790039063 0.0322341918945313 -0.0407638549804688
-0.04364013671875 0.0615768432617187 0.0652847290039063 0.0163421630859375
-0.000240325927734379 0.0611915588378906 0.0342388153076172 0.0307064056396484
0.0196514129638672 0.0321464538574219 0.0354232788085938 0.0379905700683594
0.0303249359130859 0.0153541564941406 0.0624504089355469 0.0287322998046875
0.0290889739990234 -0.00427055358886719 0.0704879760742188 -0.0030517578125
0.0213623046875 -0.0247955322265625 0.0620918273925781 -0.0363960266113281
0.0147533416748047 -0.0323905944824219 0.0446128845214844 -0.042327880859375
0.0164127349853516 -0.0273780822753906 0.0308551788330078 -0.0293865203857422
0.0191764831542969 -0.0344753265380859 0.0254039764404297 -0.00905799865722656
0.0349674224853516 -0.0283069610595703 0.0138912200927734 0.00615787506103516
0.0488014221191406 -0.00374603271484375 -0.013636589050293 0.0101318359375
0.0470924377441406 0.0234832763671875 -0.0256900787353516 -0.00905036926269531
0.0182991027832031 0.0571517944335937 -0.0166587829589844 -0.050262451171875
-0.0192184448242187 0.075531005859375 0.0119171142578125 -0.0501594543457031
-0.0498733520507813 0.0697288513183594 0.0139331817626953 -0.0223159790039062
-0.0656661987304687 0.0581245422363281 0.0438919067382812 0.0414886474609375
-0.0270767211914063 0.0725021362304688 0.0189971923828125 0.0555686950683594
0.00611495971679687 0.056396484375 0.0312728881835938 0.0544815063476563
0.0362052917480469 0.0405921936035156 0.0589828491210938 0.0400772094726563
0.0463027954101563 0.0108489990234375 0.0642623901367188 0.00689697265625
0.0450515747070313 -0.022430419921875 0.0568656921386719 -0.0248336791992188
0.0339241027832031 -0.0372276306152344 0.0386619567871094 -0.02557373046875
0.0306549072265625 -0.0304546356201172 0.0251979827880859 -0.0131855010986328
0.03509521484375 -0.0379981994628906 0.0179290771484375 0.00451469421386719
0.0479240417480469 -0.0266036987304687 0.00748634338378907 0.0158967971801758
0.0548934936523438 0.0004119873046875 -0.01812744140625 0.0194168090820313
0.0498161315917969 0.0283012390136719 -0.0305747985839844 -9.53674316405821E-06
0.0174903869628906 0.060638427734375 -0.023590087890625 -0.0366592407226562
-0.0242233276367187 0.0759735107421875 0.00100898742675781 -0.0286540985107422
-0.0581588745117188 0.0696983337402344 -0.00656366348266602 -0.000860214233398432
-0.0745773315429688 0.0423049926757812 0.0143051147460937 0.0632247924804688
-0.0487823486328125 0.0663070678710938 -0.00286865234375001 0.0768508911132813
-0.0107460021972656 0.0672721862792969 0.0206108093261719 0.0671310424804688
0.0300865173339844 0.0590553283691406 0.04742431640625 0.0478057861328125
0.0512313842773438 0.0264625549316406 0.0500717163085938 0.0157432556152344
0.0595664978027344 -0.0145149230957031 0.0440101623535156 -0.0109825134277344
0.0464706420898438 -0.0353660583496094 0.0269355773925781 -0.00754928588867188
0.040313720703125 -0.0297698974609375 0.0145282745361328 0.003570556640625
0.0444793701171875 -0.0345840454101563 0.00881576538085938 0.0195884704589844
0.0540313720703125 -0.0237007141113281 -0.00159835815429687 0.0273952484130859
0.0556831359863281 0.00525665283203125 -0.0236396789550781 0.0266513824462891
0.0479621887207031 0.0329742431640625 -0.0326576232910156 0.00704383850097657
0.0122146606445312 0.0588035583496094 -0.0244979858398437 -0.0231819152832031
-0.0299797058105469 0.0685806274414062 -0.00464630126953125 -0.00612401962280273
-0.0615730285644531 0.0588150024414063 -0.0258159637451172 0.0185794830322266
-0.0663185119628906 0.0210075378417969 -0.0152664184570313 0.0745391845703125
-0.0569343566894531 0.0460891723632813 -0.0262298583984375 0.0884323120117188
-0.0265045166015625 0.0582618713378906 0.00869750976562501 0.07281494140625
0.0158348083496094 0.0613250732421875 0.0310096740722656 0.0509185791015625
0.0435981750488281 0.0351448059082031 0.0319023132324219 0.0184535980224609
0.0595512390136719 -0.00289535522460938 0.0252971649169922 0.000951766967773437
0.0499191284179688 -0.0265541076660156 0.0108785629272461 0.00828361511230469
0.0430526733398437 -0.0239334106445313 0.00264930725097656 0.0201511383056641
0.0491752624511719 -0.0276870727539063 -0.00285530090332031 0.0320396423339844
0.05438232421875 -0.0171318054199219 -0.0129203796386719 0.0354766845703125
0.0527572631835938 0.0106315612792969 -0.0295810699462891 0.0299301147460938
0.0413398742675781 0.0361099243164062 -0.0337905883789063 0.0084991455078125
0.00104141235351563 0.0554656982421875 -0.0226116180419922 -0.0152530670166016
-0.0378608703613281 0.0534133911132812 -0.00872325897216797 0.0115194320678711
-0.0629348754882813 0.0398674011230469 -0.04443359375 0.0327377319335938
-0.0480880737304688 -0.00346374511718751 -0.036285400390625 0.0768814086914062
-0.0483856201171875 0.0158615112304687 -0.0422286987304688 0.0900650024414063
-0.0310649871826172 0.0321636199951172 -0.00104522705078125 0.0730667114257812
-0.00241851806640625 0.0467987060546875 0.0183181762695313 0.045257568359375
0.0249137878417969 0.0358161926269531 0.0149707794189453 0.0176010131835938
0.0484962463378906 0.00877761840820313 0.00612163543701172 0.00875520706176758
0.0456047058105469 -0.0139427185058594 -0.00594329833984375 0.0213298797607422
0.0391883850097656 -0.0138587951660156 -0.0103740692138672 0.0338249206542969
0.0447921752929688 -0.0179710388183594 -0.0138626098632812 0.0442161560058594
0.0502548217773438 -0.00703811645507813 -0.0264739990234375 0.0411872863769531
0.0443458557128906 0.0168190002441406 -0.0381546020507813 0.0301170349121094
0.030059814453125 0.038055419921875 -0.0366325378417969 0.00803375244140624
-0.0107879638671875 0.0476341247558594 -0.0226173400878906 -0.00911903381347656
-0.0438957214355469 0.0345649719238281 -0.0174140930175781 0.021270751953125
-0.0597305297851562 0.0123863220214844 -0.0612525939941406 0.0378990173339844
-0.0188655853271484 -0.0283756256103516 -0.0460205078125 0.0722885131835938
-0.0282745361328125 -0.0152454376220703 -0.0477371215820312 0.0848388671875
-0.0262432098388672 0.00115394592285157 -0.00278091430664063 0.0679893493652344
-0.0173988342285156 0.0229148864746094 0.0107917785644531 0.0379562377929688
0.00393486022949218 0.0274524688720703 0.00538539886474609 0.0116853713989258
0.0278282165527344 0.0180320739746094 -0.00807952880859375 0.0113449096679688
0.0342845916748047 0.00142860412597656 -0.0189971923828125 0.0295314788818359
0.0302009582519531 -0.00261878967285156 -0.0215377807617187 0.043670654296875
0.0347957611083984 -0.00478744506835938 -0.026885986328125 0.0515556335449219
0.0390777587890625 0.00231552124023438 -0.039031982421875 0.0448570251464844
0.0324687957763672 0.02081298828125 -0.047332763671875 0.0289764404296875
0.0169792175292969 0.0356292724609375 -0.0425949096679688 0.00364303588867188
-0.0209007263183594 0.036590576171875 -0.0254478454589844 -0.00955390930175781
-0.0447959899902344 0.01165771484375 -0.0265331268310547 0.0222129821777344
-0.0482711791992187 -0.0143013000488281 -0.078155517578125 0.03436279296875
0.013153076171875 0.0382957458496094 0.0780029296875 -0.0315475463867188
0.0434799194335937 0.00794601440429687 0.0368499755859375 -0.0119438171386719
0.0225410461425781 -0.0234031677246094 0.0287208557128906 0.0139083862304688
0.000118255615234377 -0.0284996032714844 0.0559844970703125 0.00745010375976562
-0.0144596099853516 -0.0200309753417969 0.0634651184082031 -0.0222511291503906
-0.0286998748779297 -0.00957298278808593 0.0503425598144531 -0.050994873046875
-0.0234050750732422 -0.00471687316894531 0.0354537963867188 -0.06011962890625
-0.0190906524658203 -0.00689697265625 0.0270118713378906 -0.0487823486328125
-0.0229740142822266 -0.0153636932373047 0.0257568359375 -0.0314750671386719
-0.00616455078125 -0.0263309478759766 0.0193977355957031 -0.0150432586669922
0.0181751251220703 -0.0237712860107422 -0.00361251831054687 -0.00956058502197266
0.0292129516601562 -0.00680923461914062 -0.0104770660400391 -0.0287532806396484
0.0276088714599609 0.0250339508056641 0.00960922241210937 -0.0673751831054688
0.0131492614746094 0.0476264953613281 0.0415725708007812 -0.0840835571289063
-0.00931549072265625 0.0491600036621094 0.0486679077148438 -0.0622100830078125
-0.0143241882324219 0.0567703247070313 0.0799789428710938 -0.0129165649414062
0.0275650024414062 0.0376014709472656 0.0404739379882812 0.00439453125
0.0251064300537109 0.00356292724609375 0.0336704254150391 0.0226364135742188
0.017552375793457 -0.00924110412597656 0.063323974609375 0.0160903930664062
0.00713348388671875 -0.0149431228637695 0.0711593627929688 -0.0157241821289063
-0.00524139404296875 -0.0191726684570313 0.0595932006835938 -0.0487136840820313
-0.00470542907714844 -0.0212860107421875 0.0437889099121094 -0.0577201843261719
-0.000408172607421876 -0.0199947357177734 0.0323486328125 -0.0450401306152344
-0.00182151794433594 -0.0282497406005859 0.028778076171875 -0.0258159637451172
0.0172367095947266 -0.0292835235595703 0.0209674835205078 -0.00760078430175781
0.0370330810546875 -0.0141868591308594 -0.00548124313354492 -0.00110530853271484
0.0416793823242188 0.0115203857421875 -0.0170536041259766 -0.0192012786865234
0.0224533081054687 0.0482292175292969 -0.00418853759765624 -0.0612449645996094
-0.00609970092773438 0.0685577392578125 0.0279006958007813 -0.0722198486328125
-0.03350830078125 0.0677223205566406 0.0360069274902344 -0.0465431213378906
-0.0442352294921875 0.066986083984375 0.0717315673828125 0.013641357421875
0.00164031982421875 0.0639801025390625 0.036865234375 0.0281486511230469
0.0201854705810547 0.0340900421142578 0.03643798828125 0.0376434326171875
0.0323257446289063 0.0163936614990234 0.0665969848632813 0.0282936096191406
0.0310001373291016 -0.00429534912109375 0.07391357421875 -0.006378173828125
0.0212993621826172 -0.0257530212402344 0.0638542175292969 -0.0414352416992188
0.0151615142822266 -0.0340690612792969 0.0459327697753906 -0.0477333068847656
0.0175971984863281 -0.0298519134521484 0.0320568084716797 -0.0344257354736328
0.0190048217773438 -0.0369606018066406 0.0271034240722656 -0.0139236450195313
0.0361175537109375 -0.0315284729003906 0.0170040130615234 0.0016183853149414
0.0512504577636719 -0.00653076171875 -0.00998401641845703 0.0086374282836914
0.0507926940917969 0.0227928161621094 -0.0234928131103516 -0.00863456726074219
0.0218620300292969 0.0602455139160156 -0.0171890258789062 -0.0497016906738281
-0.0170211791992188 0.081268310546875 0.0123786926269531 -0.0536689758300781
-0.0491867065429688 0.0778427124023438 0.0170173645019531 -0.0257549285888672
-0.0686988830566406 0.0652580261230469 0.0500755310058594 0.0413970947265625
-0.0275115966796875 0.0777511596679688 0.0229759216308594 0.0552330017089844
0.00741195678710937 0.0613174438476562 0.0330238342285156 0.054290771484375
0.0400047302246094 0.0437965393066406 0.0629768371582031 0.0399246215820312
0.050018310546875 0.0111236572265625 0.0672035217285156 0.00453948974609375
0.0464515686035156 -0.0255508422851563 0.05914306640625 -0.0289421081542969
0.0340957641601563 -0.0414047241210938 0.0403861999511719 -0.031097412109375
0.033050537109375 -0.0351676940917969 0.0257835388183594 -0.0179805755615234
0.0361137390136719 -0.0405158996582031 0.02008056640625 0.00023841857910156
0.0493659973144531 -0.0313377380371094 0.00956535339355469 0.0132904052734375
0.0590896606445313 -0.001983642578125 -0.0154304504394531 0.0179805755615234
0.0563774108886719 0.0279579162597656 -0.0282173156738281 0.000637054443359375
0.0208320617675781 0.0645980834960938 -0.0249595642089844 -0.03662109375
-0.0228347778320313 0.0843124389648438 0.00218963623046875 -0.0302734375
-0.0591659545898437 0.0785064697265625 -0.00347495079040528 -0.00234770774841308
-0.0807037353515625 0.0510482788085938 0.0188064575195312 0.0647659301757813
-0.0514755249023437 0.0748367309570313 0.0012359619140625 0.0779571533203125
-0.0103378295898437 0.0727920532226563 0.0228500366210938 0.067901611328125
0.0348739624023438 0.0633163452148438 0.0505790710449219 0.0496635437011719
0.0571784973144531 0.0267868041992188 0.0531349182128906 0.0137939453125
0.0630569458007813 -0.0176620483398438 0.0457725524902344 -0.0150032043457031
0.0477218627929688 -0.0402946472167969 0.0283050537109375 -0.0106277465820313
0.0434532165527344 -0.0338516235351563 0.0149030685424805 0.00147819519042969
0.0468482971191406 -0.0388412475585938 0.00932502746582032 0.0175313949584961
0.0566940307617187 -0.02813720703125 -0.000364303588867182 0.0251388549804688
0.0613937377929688 0.0030517578125 -0.0223445892333984 0.0254745483398437
0.0540771484375 0.0326423645019531 -0.0310611724853516 0.00707244873046875
0.0146751403808594 0.0641860961914063 -0.0246543884277344 -0.0238780975341797
-0.0293426513671875 0.0767059326171875 -0.00265979766845703 -0.00611257553100586
-0.0644493103027344 0.0662727355957031 -0.0237255096435547 0.0200672149658203
-0.0742111206054688 0.02685546875 -0.0122146606445313 0.079833984375
-0.0615158081054688 0.0532913208007812 -0.022918701171875 0.0926971435546875
-0.0259971618652344 0.064483642578125 0.010345458984375 0.0752029418945313
0.019317626953125 0.0664901733398437 0.0337677001953125 0.0510482788085938
0.0483894348144531 0.0370292663574219 0.0325698852539063 0.0188503265380859
0.0647926330566406 -0.00630950927734375 0.0257759094238281 -0.00091552734375
0.0529632568359375 -0.0308151245117188 0.0111446380615234 0.00800323486328125
0.0460166931152344 -0.0280799865722656 0.00341415405273438 0.0205516815185547
0.0516319274902344 -0.0325546264648437 -0.000701904296874997 0.0324134826660156
0.0588836669921875 -0.0215377807617187 -0.0118827819824219 0.0347537994384766
0.0579566955566406 0.0096435546875 -0.0295810699462891 0.0298576354980469
0.0464897155761719 0.037139892578125 -0.0333423614501953 0.00869941711425782
0.00386810302734375 0.0603866577148438 -0.0232658386230469 -0.0153903961181641
-0.0384445190429687 0.0615310668945313 -0.00726604461669922 0.0118923187255859
-0.0658645629882812 0.0462188720703125 -0.042816162109375 0.0356903076171875
-0.0539436340332031 -0.000957489013671882 -0.0357437133789063 0.0841903686523437
-0.0534019470214844 0.0220260620117188 -0.0397796630859375 0.0955352783203125
-0.0331878662109375 0.0379600524902344 0.000885009765624997 0.0745010375976563
-0.000663757324218749 0.0526237487792969 0.0184669494628906 0.0468482971191406
0.0299720764160156 0.0373916625976563 0.0148715972900391 0.0176353454589844
0.0538902282714844 0.00598526000976563 0.00650978088378907 0.00901317596435547
0.0488204956054688 -0.0183486938476563 -0.00502395629882812 0.0235328674316406
0.0427436828613281 -0.018402099609375 -0.008941650390625 0.0360832214355469
0.0479583740234375 -0.0225105285644531 -0.0142593383789062 0.0452079772949219
0.0539894104003906 -0.0118446350097656 -0.0258941650390625 0.0424575805664062
0.0498390197753906 0.0155258178710937 -0.0384902954101563 0.0311546325683594
0.0355415344238281 0.0395927429199219 -0.0377578735351563 0.0081787109375
-0.00859451293945313 0.0534324645996094 -0.0227909088134766 -0.010101318359375
-0.0462570190429688 0.0417900085449219 -0.0153636932373047 0.0228843688964844
-0.0634002685546875 0.018707275390625 -0.0627708435058594 0.0417823791503906
-0.0236301422119141 -0.0281734466552734 -0.0474624633789062 0.0802078247070313
-0.0339679718017578 -0.0129508972167969 -0.0463943481445313 0.0911407470703125
-0.0305976867675781 0.00475502014160156 -0.00222396850585938 0.0693626403808594
-0.0178775787353516 0.0276260375976563 0.0101165771484375 0.0390968322753906
0.00619125366210937 0.0300617218017578 0.00340652465820313 0.0138349533081055
0.0325489044189453 0.0160331726074219 -0.00984382629394531 0.0130805969238281
0.0371856689453125 -0.00140380859375 -0.0197010040283203 0.0327415466308594
0.0324535369873047 -0.00591087341308594 -0.0200309753417969 0.04693603515625
0.0381317138671875 -0.00858688354492187 -0.0261726379394531 0.0550880432128906
0.0416831970214844 -0.000286102294921875 -0.0395965576171875 0.0473670959472656
0.037109375 0.0195808410644531 -0.0496101379394531 0.0301399230957031
0.0217247009277344 0.0371017456054687 -0.0439567565917969 0.00434112548828124
-0.0187721252441406 0.0412712097167969 -0.0260105133056641 -0.0091552734375
-0.0487022399902344 0.0175132751464844 -0.0254669189453125 0.0252513885498047
-0.0530586242675781 -0.0110397338867187 -0.080230712890625 0.0390243530273438
0.0168037414550781 0.0378913879394531 0.0802078247070313 -0.040283203125
0.0447845458984375 0.0029296875 0.035614013671875 -0.0159034729003906
0.0205898284912109 -0.0251655578613281 0.0299854278564453 0.0122776031494141
-0.00196266174316406 -0.0284404754638672 0.0590667724609375 0.00449752807617187
-0.0184879302978516 -0.0185127258300781 0.0672111511230469 -0.0265235900878906
-0.0301742553710938 -0.006195068359375 0.0522117614746094 -0.0559425354003906
-0.0230216979980469 -0.00231742858886719 0.0340538024902344 -0.0682373046875
-0.0205669403076172 -0.00521659851074219 0.0252151489257813 -0.0546226501464844
-0.0274448394775391 -0.0117416381835938 0.0238456726074219 -0.0363311767578125
-0.0105991363525391 -0.027130126953125 0.0203266143798828 -0.0190277099609375
0.0155353546142578 -0.0267581939697266 -0.00133228302001953 -0.0108919143676758
0.0292835235595703 -0.00979995727539063 -0.00922584533691406 -0.0307140350341797
0.0327053070068359 0.0230236053466797 0.00812530517578126 -0.0716476440429687
0.0203285217285156 0.0470504760742188 0.0387191772460937 -0.09002685546875
-0.0035400390625 0.0508384704589844 0.049102783203125 -0.0703964233398438
-0.0104904174804688 0.0611534118652344 0.0844802856445313 -0.02105712890625
0.0297279357910156 0.0366783142089844 0.0420684814453125 -0.000385284423828123
0.0266189575195313 0.00123977661132813 0.0352783203125 0.0225486755371094
0.0177574157714844 -0.0108222961425781 0.0663986206054688 0.0134506225585938
0.00658321380615234 -0.0159330368041992 0.0753402709960937 -0.0211257934570312
-0.007110595703125 -0.0189704895019531 0.0608863830566406 -0.0552139282226563
-0.00626182556152344 -0.0202713012695313 0.0422706604003906 -0.0646171569824219
-0.0022430419921875 -0.0203990936279297 0.0307464599609375 -0.0509834289550781
-0.00366592407226563 -0.0279941558837891 0.0289382934570312 -0.0322265625
0.0148048400878906 -0.0315761566162109 0.0230674743652344 -0.0131416320800781
0.0365676879882813 -0.01800537109375 -0.0024564266204834 -0.00365829467773438
0.0452079772949219 0.008697509765625 -0.0146770477294922 -0.0193824768066406
0.0274810791015625 0.0469284057617188 -0.00622177124023438 -0.0637779235839844
0.0004730224609375 0.073822021484375 0.0248870849609375 -0.0780868530273438
-0.0284042358398437 0.072357177734375 0.0380096435546875 -0.0526809692382812
-0.0428619384765625 0.0736846923828125 0.0779190063476563 0.00764465332031251
0.00470352172851563 0.0664215087890625 0.0401420593261719 0.0235557556152344
0.0208797454833984 0.0348987579345703 0.0384140014648438 0.0373268127441406
0.0352249145507813 0.0163993835449219 0.0720672607421875 0.0268020629882813
0.0328941345214844 -0.00566482543945313 0.0769577026367188 -0.0108413696289063
0.0207748413085938 -0.0277252197265625 0.0645484924316406 -0.048187255859375
0.0142440795898438 -0.0370521545410156 0.0453147888183594 -0.0561027526855469
0.016937255859375 -0.032928466796875 0.0299034118652344 -0.0406570434570313
0.0179100036621094 -0.0404739379882813 0.0268077850341797 -0.0206165313720703
0.0356979370117188 -0.0356636047363281 0.0201892852783203 -0.00323295593261719
0.0532951354980469 -0.0106582641601563 -0.00691366195678711 0.00701332092285156
0.0559310913085938 0.0194549560546875 -0.0214958190917969 -0.00892448425292969
0.0277976989746094 0.0628395080566406 -0.0186538696289063 -0.0489845275878906
-0.0108108520507813 0.08819580078125 0.0106277465820312 -0.0584030151367187
-0.0462265014648437 0.0871353149414063 0.0189647674560547 -0.0301704406738281
-0.0682525634765625 0.0733108520507813 0.0562210083007812 0.0381355285644531
-0.0249404907226562 0.0867843627929688 0.0272712707519531 0.0524482727050781
0.0110816955566406 0.065155029296875 0.0367584228515625 0.0543289184570313
0.0457191467285156 0.0456161499023438 0.0675239562988281 0.0380020141601563
0.0522918701171875 0.00977325439453125 0.0719680786132812 -0.000564575195312499
0.0477027893066406 -0.0300064086914062 0.0607147216796875 -0.03436279296875
0.0339736938476563 -0.0462875366210938 0.0412330627441406 -0.0371780395507813
0.0331344604492188 -0.0400810241699219 0.0251636505126953 -0.0228633880615234
0.0373649597167969 -0.04498291015625 0.0228157043457031 -0.00320625305175782
0.0517959594726563 -0.0375022888183594 0.0118541717529297 0.0102214813232422
0.0631217956542969 -0.00748062133789063 -0.0132942199707031 0.0180110931396484
0.0620040893554688 0.0265579223632813 -0.0256977081298828 8.77380371093716E-05
0.0268402099609375 0.0686454772949219 -0.0265159606933594 -0.0375862121582031
-0.016082763671875 0.0930862426757813 0.00282859802246094 -0.0320262908935547
-0.0565261840820313 0.0890121459960938 0.000219345092773434 -0.00358033180236816
-0.0826950073242187 0.0600051879882813 0.0272789001464844 0.067535400390625
-0.0508575439453125 0.0855712890625 0.00699615478515624 0.0786590576171875
-0.00808715820312499 0.0808258056640625 0.0279121398925781 0.0685958862304688
0.0431480407714844 0.06695556640625 0.0557136535644531 0.0502815246582031
0.0632209777832031 0.0251502990722656 0.0557174682617188 0.0112648010253906
0.0640373229980469 -0.0242233276367188 0.04595947265625 -0.0192451477050781
0.049163818359375 -0.0482673645019531 0.0286846160888672 -0.0152721405029297
0.0433464050292969 -0.0408172607421875 0.01776123046875 -0.00222015380859375
0.0471153259277344 -0.0455665588378906 0.0120391845703125 0.0152769088745117
0.0607452392578125 -0.0347137451171875 0.00258827209472657 0.0237483978271484
0.0671806335449219 -0.00106430053710938 -0.0211105346679687 0.0248584747314453
0.0619354248046875 0.0320243835449219 -0.0288486480712891 0.00774002075195313
0.0205917358398437 0.0669288635253906 -0.0262203216552734 -0.0234184265136719
-0.0259780883789063 0.0862655639648437 -0.00145053863525391 -0.00801706314086914
-0.0643692016601563 0.0772323608398438 -0.0211944580078125 0.0198135375976563
-0.0793380737304688 0.0367889404296875 -0.00587463378906251 0.086212158203125
-0.0602798461914062 0.0628662109375 -0.018341064453125 0.0971450805664063
-0.0254364013671875 0.0724334716796875 0.0127792358398437 0.0770263671875
0.0260696411132813 0.0727081298828125 0.0388755798339844 0.0516891479492188
0.0552825927734375 0.0358734130859375 0.0362205505371094 0.0173606872558594
0.0685958862304688 -0.0114250183105469 0.0271320343017578 -0.00222587585449219
0.0546226501464844 -0.0385093688964844 0.0140705108642578 0.00856304168701172
0.0484886169433594 -0.0366630554199219 0.00406265258789063 0.0210437774658203
0.0548439025878906 -0.0409355163574219 0.000261306762695314 0.0310707092285156
0.0616645812988281 -0.0284004211425781 -0.01116943359375 0.0352249145507813
0.0635528564453125 0.0058441162109375 -0.0289859771728516 0.0309925079345703
0.0540008544921875 0.0379180908203125 -0.0325355529785156 0.00938224792480469
0.00883865356445313 0.0662651062011719 -0.0244331359863281 -0.0131511688232422
-0.0365447998046875 0.0712203979492188 -0.00386428833007813 0.0118980407714844
-0.0689888000488281 0.0565643310546875 -0.0436897277832031 0.0392532348632813
-0.0599937438964844 0.00297164916992188 -0.0309371948242187 0.0933609008789063
-0.0568351745605469 0.029388427734375 -0.0358428955078125 0.1016845703125
-0.0338478088378906 0.0457916259765625 0.003570556640625 0.0767364501953125
0.00473403930664063 0.05877685546875 0.0212554931640625 0.04766845703125
0.0362892150878906 0.0383644104003906 0.0159683227539063 0.0199432373046875
0.0587005615234375 0.00201416015625 0.00666141510009766 0.0100936889648438
0.0509567260742187 -0.0244560241699219 -0.00335311889648438 0.0262393951416016
0.0433425903320312 -0.0231285095214844 -0.00785446166992187 0.0390129089355469
0.0493202209472656 -0.0303878784179688 -0.012420654296875 0.0479278564453125
0.055633544921875 -0.0190238952636719 -0.02484130859375 0.0439224243164063
0.0574073791503906 0.0127983093261719 -0.0382423400878906 0.0329093933105469
0.0426025390625 0.0393447875976563 -0.0387344360351563 0.00966644287109375
-0.00450897216796875 0.0591278076171875 -0.0235252380371094 -0.0107040405273438
-0.0472526550292969 0.0504798889160156 -0.0127849578857422 0.0246334075927734
-0.0683021545410156 0.0267829895019531 -0.06219482421875 0.048187255859375
-0.0302219390869141 -0.0277061462402344 -0.0460968017578125 0.0872650146484375
-0.0376663208007813 -0.00920867919921874 -0.0425262451171875 0.0963592529296875
-0.0334587097167969 0.0106830596923828 0.000930786132812499 0.0709915161132813
-0.0158309936523438 0.0328426361083984 0.0103034973144531 0.0399513244628906
0.0104770660400391 0.0312232971191406 0.00251197814941406 0.0147209167480469
0.0369758605957031 0.0128288269042969 -0.0122098922729492 0.0154705047607422
0.039398193359375 -0.00648117065429688 -0.0178909301757812 0.0371971130371094
0.0343704223632812 -0.0105857849121094 -0.0180587768554688 0.0504493713378906
0.0395584106445313 -0.0141983032226563 -0.0247993469238281 0.0596275329589844
0.0458183288574219 -0.00524139404296875 -0.0398635864257812 0.0511283874511719
0.0403785705566406 0.0164260864257813 -0.0503463745117188 0.0335578918457031
0.0257759094238281 0.0375823974609375 -0.0450820922851562 0.00634384155273438
-0.0167694091796875 0.0471076965332031 -0.02679443359375 -0.00910758972167968
-0.0503578186035156 0.0255126953125 -0.0230693817138672 0.0285263061523438
-0.0579910278320313 -0.00461578369140626 -0.0821304321289063 0.0469436645507812
0.0201950073242188 0.0374641418457031 0.0799636840820313 -0.046112060546875
0.0456504821777344 -0.00140380859375 0.0342979431152344 -0.0224723815917969
0.0182704925537109 -0.0314044952392578 0.0295734405517578 0.0106124877929687
-0.00615119934082032 -0.0309257507324219 0.0604057312011719 0.00496292114257812
-0.0209884643554688 -0.0157890319824219 0.0689239501953125 -0.0321922302246094
-0.0296211242675781 -0.0033721923828125 0.0498504638671875 -0.0634269714355469
-0.0235443115234375 0.00264930725097657 0.0302047729492187 -0.0735244750976563
-0.0199623107910156 -0.00119400024414063 0.0217971801757813 -0.0600051879882813
-0.0277957916259766 -0.00788497924804688 0.0207633972167969 -0.0406761169433594
-0.0127811431884766 -0.0259342193603516 0.0189418792724609 -0.0266227722167969
0.0110206604003906 -0.0296897888183594 0.00107765197753906 -0.0133256912231445
0.0287132263183594 -0.0162296295166016 -0.00956916809082031 -0.0294055938720703
0.0357513427734375 0.0190925598144531 0.0030670166015625 -0.0715789794921875
0.0246734619140625 0.0436859130859375 0.0350112915039063 -0.0974197387695313
0.00458908081054688 0.05181884765625 0.045989990234375 -0.0774307250976562
-0.00951385498046875 0.0615692138671875 0.0858230590820313 -0.0302810668945312
0.0342025756835938 0.0340614318847656 0.0393714904785156 -0.00548171997070312
0.022491455078125 0.00051116943359375 0.0341815948486328 0.0218544006347656
0.0159082412719727 -0.00968074798583984 0.0670547485351563 0.0101737976074219
0.00457859039306641 -0.0149202346801758 0.0707244873046875 -0.0258865356445313
-0.00646877288818359 -0.017054557800293 0.0598297119140625 -0.0654067993164063
-0.00948333740234375 -0.0187702178955078 0.0375213623046875 -0.0716629028320312
-0.00343704223632813 -0.0197772979736328 0.0245857238769531 -0.0573081970214844
-0.00707817077636719 -0.0281848907470703 0.026611328125 -0.03814697265625
0.00989341735839843 -0.0348110198974609 0.0218925476074219 -0.0166397094726563
0.0348854064941406 -0.024261474609375 -0.00199174880981445 -0.00523996353149414
0.0462989807128906 0.00453948974609375 -0.0150299072265625 -0.0207767486572266
0.0303955078125 0.0474395751953125 -0.0100822448730469 -0.0611610412597656
0.00893402099609376 0.0728912353515625 0.0196380615234375 -0.0858688354492188
-0.0237655639648437 0.0781097412109375 0.0369529724121094 -0.0611152648925781
-0.0389785766601563 0.081146240234375 0.0807342529296875 0.000328063964843755
0.0111923217773438 0.0690765380859375 0.0452194213867188 0.0193557739257813
0.025970458984375 0.03741455078125 0.0429840087890625 0.0369758605957031
0.0361099243164063 0.0132217407226562 0.0749282836914063 0.0226287841796875
0.0332756042480469 -0.00717926025390625 0.0787277221679688 -0.0174560546875
0.0193462371826172 -0.0293731689453125 0.0629005432128906 -0.0546112060546875
0.0133132934570313 -0.0371360778808594 0.03887939453125 -0.0617790222167969
0.014862060546875 -0.0352554321289063 0.0277442932128906 -0.0472145080566406
0.0144538879394531 -0.0422286987304688 0.0236396789550781 -0.0243778228759766
0.0349922180175781 -0.0401496887207031 0.0193462371826172 -0.00701713562011719
0.0537338256835938 -0.0160331726074219 -0.00433826446533203 0.00497722625732422
0.0584907531738281 0.0169563293457031 -0.0219917297363281 -0.00803184509277344
0.0353546142578125 0.0628585815429688 -0.0208015441894531 -0.0511627197265625
-0.0027313232421875 0.0937576293945313 0.00627517700195313 -0.0616302490234375
-0.0375747680664063 0.0930252075195313 0.0192890167236328 -0.0342521667480469
-0.064453125 0.0864410400390625 0.057952880859375 0.0310173034667969
-0.0187530517578125 0.0922775268554688 0.0320701599121094 0.0523796081542969
0.0168190002441406 0.0696907043457031 0.0405960083007813 0.052337646484375
0.0521888732910156 0.0446319580078125 0.0703659057617188 0.0345535278320313
0.0598907470703125 0.00476837158203125 0.0714797973632813 -0.00742340087890625
0.0466728210449219 -0.0336456298828125 0.0593719482421875 -0.0421943664550781
0.0313186645507813 -0.0507698059082031 0.0375556945800781 -0.0463294982910156
0.0305595397949219 -0.0426521301269531 0.0221595764160156 -0.0288677215576172
0.0329704284667969 -0.0536918640136719 0.0170421600341797 -0.00827121734619141
0.0469131469726563 -0.0480613708496094 0.0122461318969727 0.00458908081054687
0.0635528564453125 -0.01318359375 -0.0102167129516602 0.0171594619750977
0.068084716796875 0.0220184326171875 -0.0247478485107422 -0.0013580322265625
0.0321083068847656 0.0681571960449219 -0.0276718139648438 -0.0375595092773437
-0.0121383666992188 0.100494384765625 0.00217437744140625 -0.0354347229003906
-0.0517349243164063 0.0981826782226563 0.00255918502807617 -0.0084395408630371
-0.0806961059570313 0.0705718994140625 0.0314521789550781 0.0620193481445313
-0.04254150390625 0.093719482421875 0.0117568969726562 0.07781982421875
-0.00131988525390625 0.0837173461914063 0.03076171875 0.0671730041503906
0.0487594604492188 0.0641822814941406 0.063262939453125 0.0465927124023438
0.0685195922851562 0.0207977294921875 0.0563926696777344 0.0052642822265625
0.0668373107910156 -0.0315361022949219 0.043304443359375 -0.0247726440429688
0.0467453002929688 -0.0526313781738281 0.0290164947509766 -0.0195407867431641
0.0429611206054688 -0.0457000732421875 0.0157871246337891 -0.00480079650878907
0.0429840087890625 -0.0535354614257813 0.0108928680419922 0.0114145278930664
0.0572662353515625 -0.0427436828613281 0.0043182373046875 0.0240287780761719
0.0690422058105469 -0.0086517333984375 -0.0205173492431641 0.0241603851318359
0.067901611328125 0.0234909057617187 -0.0279064178466797 0.00956726074218751
0.0254287719726563 0.0731964111328125 -0.025543212890625 -0.0215625762939453
-0.0186538696289063 0.0951461791992187 -0.00160408020019531 -0.0102319717407227
-0.0583114624023438 0.0874710083007813 -0.0175571441650391 0.0202388763427734
-0.078338623046875 0.0442428588867187 0.00395965576171874 0.0876693725585938
-0.0566482543945313 0.0705184936523438 -0.00925445556640626 0.0989227294921875
-0.0189285278320312 0.0844192504882813 0.019775390625 0.0761032104492188
0.0328445434570312 0.0721054077148438 0.0406913757324219 0.0517082214355469
0.063720703125 0.0321617126464844 0.0374679565429688 0.0201873779296875
0.0704116821289063 -0.0184478759765625 0.0278244018554688 -0.00478553771972656
0.0521202087402344 -0.0481834411621094 0.0150518417358398 0.005096435546875
0.0459403991699219 -0.0416908264160156 0.00487518310546875 0.0217399597167969
0.0503807067871094 -0.0472183227539063 0.00189399719238281 0.0334911346435547
0.0633621215820313 -0.0377883911132813 -0.00897216796875 0.0328102111816406
0.0684928894042969 -0.0006103515625 -0.0246658325195312 0.0327510833740234
0.0577812194824219 0.0328369140625 -0.0329437255859375 0.012969970703125
0.0129013061523438 0.0703582763671875 -0.0265045166015625 -0.0151348114013672
-0.0316619873046875 0.0797653198242188 -0.00485658645629883 0.00877380371093751
-0.0637855529785156 0.0679397583007813 -0.0360984802246094 0.0442695617675781
-0.0608177185058594 0.0112190246582031 -0.0253524780273438 0.0956954956054688
-0.0587844848632813 0.0385093688964844 -0.0248260498046875 0.103103637695313
-0.0312156677246094 0.0519294738769531 0.007965087890625 0.0771942138671875
0.00808334350585938 0.0588874816894531 0.0221710205078125 0.0490303039550781
0.0432815551757812 0.0381851196289063 0.0147552490234375 0.018157958984375
0.0637092590332031 -0.00412750244140625 0.00855827331542969 0.0088653564453125
0.0494308471679688 -0.0296401977539063 -0.00265121459960937 0.0243873596191406
0.042816162109375 -0.0303230285644531 -0.00323104858398437 0.04168701171875
0.0478401184082031 -0.0386505126953125 -0.00990295410156249 0.0510711669921875
0.0584678649902344 -0.0255241394042969 -0.0237579345703125 0.0463409423828125
0.0586051940917969 0.00621795654296875 -0.037200927734375 0.03387451171875
0.0495185852050781 0.0371513366699219 -0.0365371704101563 0.0102767944335938
0.000923156738281252 0.0618743896484375 -0.0232830047607422 -0.0117664337158203
-0.0447731018066406 0.0602302551269531 -0.00984573364257813 0.0247364044189453
-0.0670318603515625 0.0381660461425781 -0.0600547790527344 0.05511474609375
-0.0372047424316406 -0.0235671997070313 -0.0371627807617187 0.0963668823242188
-0.046356201171875 -0.00376510620117188 -0.0333023071289063 0.102272033691406
-0.0359878540039063 0.0182533264160156 0.00353240966796875 0.0699462890625
-0.012451171875 0.0404243469238281 0.01190185546875 0.0412483215332031
0.0153236389160156 0.0341911315917969 0.000360488891601562 0.0168972015380859
0.0442276000976563 0.00583267211914063 -0.0107536315917969 0.0173349380493164
0.0379753112792969 -0.0123939514160156 -0.0154304504394531 0.0439186096191406
0.0331554412841797 -0.0177268981933594 -0.0179481506347656 0.0537223815917969
0.04071044921875 -0.0221443176269531 -0.0196495056152344 0.0623245239257813
0.0477294921875 -0.00894927978515625 -0.0375518798828125 0.056488037109375
0.0462532043457031 0.0122795104980469 -0.0518836975097656 0.0376167297363281
0.0337409973144531 0.0361785888671875 -0.0492439270019531 0.00861740112304688
-0.0126991271972656 0.0466346740722656 -0.0303688049316406 -0.00546455383300781
-0.0490760803222656 0.0297012329101562 -0.0206127166748047 0.0328598022460938
-0.060699462890625 0.00407409667968749 -0.0811538696289063 0.0579147338867188
0.0232925415039062 0.0335979461669922 0.074188232421875 -0.0545120239257813
0.042572021484375 -0.00588607788085938 0.0303630828857422 -0.0230484008789063
0.0153522491455078 -0.0308208465576172 0.0295486450195313 0.0113372802734375
-0.0100803375244141 -0.0278797149658203 0.0603599548339844 -0.00200271606445313
-0.0238132476806641 -0.0149650573730469 0.0648078918457031 -0.0358772277832031
-0.0317802429199219 0.00204277038574218 0.0442962646484375 -0.066925048828125
-0.0243415832519531 0.00512886047363281 0.0231399536132812 -0.0751190185546875
-0.0197296142578125 0.000123977661132812 0.0148277282714844 -0.0621452331542969
-0.0281505584716797 -0.00472068786621093 0.0175437927246094 -0.0458488464355469
-0.0166664123535156 -0.0209503173828125 0.0192966461181641 -0.0276718139648437
0.00829505920410156 -0.0299930572509766 0.000948905944824221 -0.0166921615600586
0.0263385772705078 -0.0173053741455078 -0.01007080078125 -0.0297107696533203
0.0363693237304688 0.0135574340820312 0.000526428222656256 -0.0698471069335938
0.0309104919433594 0.0417633056640625 0.0253372192382813 -0.0975341796875
0.00905609130859375 0.0505485534667969 0.0412979125976563 -0.0848007202148438
-0.00313949584960937 0.061553955078125 0.0822677612304688 -0.0373001098632812
0.0342140197753906 0.0303974151611328 0.0384445190429687 -0.010406494140625
0.0238151550292969 -0.0013885498046875 0.0347957611083984 0.0185604095458984
0.0147733688354492 -0.0125093460083008 0.0678672790527344 0.00544357299804687
0.00487613677978516 -0.0149202346801758 0.0732879638671875 -0.0318069458007813
-0.00968456268310547 -0.0159673690795898 0.0538482666015625 -0.0660667419433594
-0.00863075256347656 -0.0190219879150391 0.0316162109375 -0.07623291015625
-0.00426292419433594 -0.0200214385986328 0.01995849609375 -0.0606803894042969
-0.00822830200195313 -0.0261173248291016 0.0225410461425781 -0.0423316955566406
0.00842857360839844 -0.0317020416259766 0.0212669372558594 -0.022674560546875
0.0321369171142578 -0.0243358612060547 0.000946998596191408 -0.00826168060302735
0.0450172424316406 0.000324249267578125 -0.0135593414306641 -0.0194149017333984
0.0367240905761719 0.04315185546875 -0.0113525390625 -0.0595130920410156
0.0152511596679687 0.0730972290039063 0.0134658813476562 -0.0830841064453125
-0.0139846801757813 0.0779495239257813 0.0319290161132813 -0.066375732421875
-0.0321807861328125 0.0829086303710938 0.0810775756835938 -0.00828552246093749
0.0141105651855469 0.0669975280761719 0.04150390625 0.0137405395507813
0.0270233154296875 0.0354423522949219 0.0407791137695313 0.0312156677246094
0.0384674072265625 0.0121269226074219 0.0745086669921875 0.0163421630859375
0.0326118469238281 -0.00972938537597656 0.0766372680664063 -0.0220565795898438
0.0176448822021484 -0.0306491851806641 0.05694580078125 -0.06060791015625
0.0107231140136719 -0.0391769409179688 0.0356559753417969 -0.0663871765136719
0.0128440856933594 -0.037017822265625 0.0224533081054687 -0.0508193969726563
0.0113410949707031 -0.0444145202636719 0.0219993591308594 -0.0313587188720703
0.0304222106933594 -0.0415077209472656 0.0187110900878906 -0.0126514434814453
0.0519905090332031 -0.0215950012207031 -0.00302314758300781 0.00216507911682129
0.0600013732910156 0.00952529907226562 -0.0181980133056641 -0.00849533081054688
0.0399894714355469 0.0590286254882812 -0.0231399536132812 -0.0463714599609375
0.00482177734375 0.09246826171875 0.00382232666015625 -0.0610542297363281
-0.02996826171875 0.09503173828125 0.018951416015625 -0.0392913818359375
-0.0600509643554688 0.0885772705078125 0.066070556640625 0.0247955322265625
-0.0121078491210938 0.0929641723632813 0.0352287292480469 0.0449752807617188
0.02056884765625 0.0698318481445313 0.0415573120117188 0.0488967895507813
0.0562705993652344 0.0388908386230469 0.0717010498046875 0.0300674438476563
0.0587844848632813 0.0006561279296875 0.0713424682617188 -0.00885009765625
0.0444831848144531 -0.0377578735351563 0.0528068542480469 -0.0460548400878906
0.0263748168945313 -0.0531272888183594 0.0327835083007813 -0.046966552734375
0.0272102355957031 -0.0481986999511719 0.0207424163818359 -0.0301265716552734
0.0286865234375 -0.0540809631347656 0.0190238952636719 -0.0125484466552734
0.0459785461425781 -0.04803466796875 0.0133028030395508 0.00185966491699218
0.0659027099609375 -0.0194282531738281 -0.00939178466796874 0.0132637023925781
0.0678977966308594 0.015228271484375 -0.0223598480224609 0.00146293640136719
0.0401763916015625 0.0678863525390625 -0.0285720825195313 -0.0327816009521484
-0.00247955322265626 0.100944519042969 -0.00211334228515625 -0.0367202758789062
-0.0426788330078125 0.101943969726563 0.00237560272216797 -0.00990009307861328
-0.0769500732421875 0.0799407958984375 0.0395965576171875 0.060333251953125
-0.0392532348632812 0.0989532470703125 0.017242431640625 0.0743560791015625
0.00450134277343751 0.0879287719726563 0.03363037109375 0.0634117126464844
0.05731201171875 0.0628738403320313 0.0601234436035156 0.04266357421875
0.0718917846679688 0.0156707763671875 0.0562286376953125 0.004119873046875
0.0639724731445313 -0.0357589721679687 0.0422630310058594 -0.0260887145996094
0.040985107421875 -0.0571250915527344 0.0253620147705078 -0.0216255187988281
0.0382499694824219 -0.0528717041015625 0.0159444808959961 -0.0072021484375
0.0410118103027344 -0.0587997436523438 0.0112400054931641 0.00864982604980468
0.0562591552734375 -0.0509147644042969 0.00383567810058594 0.0183429718017578
0.0715179443359375 -0.0144119262695313 -0.0154399871826172 0.0220909118652344
0.0702896118164062 0.0215911865234375 -0.0253047943115234 0.00908470153808594
0.0339508056640625 0.0689773559570312 -0.0270977020263672 -0.0228042602539063
-0.0111618041992188 0.0959548950195313 -0.00127124786376953 -0.0101995468139648
-0.05279541015625 0.0936965942382813 -0.0148944854736328 0.0193023681640625
-0.0776824951171875 0.0535125732421875 0.00954437255859374 0.08465576171875
-0.05401611328125 0.0791091918945313 -0.00119781494140626 0.0969696044921875
-0.0140609741210937 0.08392333984375 0.0232086181640625 0.0728836059570313
0.0410270690917969 0.069915771484375 0.0429306030273438 0.0473403930664063
0.0661773681640625 0.0291061401367188 0.0381927490234375 0.0157051086425781
0.0704879760742188 -0.0263290405273438 0.0248241424560547 -0.00494384765625
0.0472602844238281 -0.0518112182617188 0.0145664215087891 0.00358486175537109
0.0413398742675781 -0.0470237731933594 0.00751495361328125 0.0177478790283203
0.0457878112792969 -0.0557746887207031 0.00459098815917969 0.03106689453125
0.05914306640625 -0.0431785583496094 -0.00678443908691406 0.0340957641601563
0.0690956115722656 -0.00784683227539062 -0.0245208740234375 0.0308589935302734
0.0644912719726563 0.0269050598144531 -0.0299415588378906 0.0123462677001953
0.0214118957519531 0.0673027038574219 -0.026153564453125 -0.0135822296142578
-0.0243682861328125 0.083831787109375 -0.000949859619140627 0.0103588104248047
-0.059234619140625 0.0723114013671875 -0.0338706970214844 0.0438804626464844
-0.0636634826660156 0.0175323486328125 -0.0160980224609375 0.098358154296875
-0.0555572509765625 0.04364013671875 -0.0189971923828125 0.105789184570313
-0.0283584594726563 0.0578422546386719 0.0124282836914062 0.0734329223632812
0.017791748046875 0.0615043640136719 0.0256500244140625 0.045989990234375
0.0478591918945312 0.0325584411621094 0.0159931182861328 0.0197353363037109
0.0607757568359375 -0.0123748779296875 0.00594806671142579 0.01141357421875
0.0466957092285156 -0.0384292602539063 0.000974655151367189 0.0274124145507812
0.0411567687988281 -0.0368461608886719 -0.00140762329101563 0.0386810302734375
0.0448379516601563 -0.0432090759277344 -0.00638198852539062 0.0501022338867188
0.0548210144042969 -0.0329627990722656 -0.0196113586425781 0.0471878051757813
0.0608482360839844 -0.000820159912109375 -0.0356712341308594 0.0368118286132812
0.0521583557128906 0.0318069458007813 -0.0371017456054688 0.0120468139648438
0.0068817138671875 0.0623779296875 -0.0239715576171875 -0.00922012329101562
-0.0375480651855469 0.0636367797851563 -0.00554847717285156 0.0242538452148438
-0.0650520324707031 0.0427093505859375 -0.0540771484375 0.0571250915527344
-0.0392379760742187 -0.0192146301269531 -0.03094482421875 0.0987777709960938
-0.0434379577636719 0.00199127197265624 -0.0282135009765625 0.104789733886719
-0.0342388153076172 0.0213813781738281 0.00804519653320312 0.0698013305664063
-0.00711441040039063 0.0392189025878906 0.0142250061035156 0.0383872985839844
0.0206165313720703 0.03131103515625 0.00205612182617188 0.0179023742675781
0.04193115234375 0.00315475463867188 -0.00870513916015625 0.0220680236816406
0.0370635986328125 -0.0184974670410156 -0.0104217529296875 0.0427017211914063
0.0329666137695313 -0.0206069946289062 -0.00860977172851563 0.0547714233398438
0.0374717712402344 -0.024810791015625 -0.0172691345214844 0.0651397705078125
0.0457038879394531 -0.0184135437011719 -0.0324020385742187 0.0590972900390625
0.0468215942382813 0.00732421875 -0.0476417541503906 0.0399971008300781
0.0373992919921875 0.0322341918945312 -0.0458145141601563 0.0105628967285156
-0.00732421875 0.0508460998535156 -0.026458740234375 -0.0073394775390625
-0.0457077026367188 0.0371055603027344 -0.0169315338134766 0.0324897766113281
-0.061187744140625 0.00873565673828124 -0.0757675170898438 0.059844970703125
0.0254058837890625 0.0295295715332031 0.0709381103515625 -0.0579452514648438
0.0406227111816406 -0.0090484619140625 0.0269794464111328 -0.0246028900146484
0.0118255615234375 -0.03076171875 0.0283317565917969 0.0104331970214844
-0.0120525360107422 -0.0267353057861328 0.0589523315429687 -0.0034027099609375
-0.022216796875 -0.0133419036865234 0.0619773864746094 -0.0385780334472656
-0.0299224853515625 0.00528717041015624 0.0412406921386719 -0.0673561096191406
-0.0226020812988281 0.00590133666992188 0.0191116333007812 -0.0761871337890625
-0.0196762084960938 0.00142478942871094 0.011077880859375 -0.0625724792480469
-0.0270500183105469 -0.00198745727539062 0.0138359069824219 -0.0472908020019531
-0.0176639556884766 -0.0194950103759766 0.0160961151123047 -0.0307979583740234
0.00409889221191406 -0.0290775299072266 0.00196361541748047 -0.0172138214111328
0.0236320495605469 -0.0182304382324219 -0.00765037536621093 -0.0298976898193359
0.0367889404296875 0.0106086730957031 -0.00157928466796875 -0.0675392150878906
0.0329780578613281 0.0367851257324219 0.0207290649414063 -0.09552001953125
0.0114021301269531 0.0471229553222656 0.037078857421875 -0.0867462158203125
0.00120925903320312 0.0610847473144531 0.0794296264648438 -0.0410919189453125
0.0344676971435547 0.0283584594726563 0.0359344482421875 -0.0126266479492188
0.0223941802978516 -0.00099945068359375 0.0352783203125 0.0179176330566406
0.0135269165039063 -0.0120763778686523 0.0677909851074219 0.00305938720703125
0.00335597991943359 -0.0143833160400391 0.0701141357421875 -0.0342292785644531
-0.00865840911865234 -0.0136880874633789 0.04962158203125 -0.0688858032226563
-0.0086669921875 -0.0176525115966797 0.0263748168945313 -0.076995849609375
-0.00526237487792969 -0.0192222595214844 0.0156707763671875 -0.0617866516113281
-0.00868797302246094 -0.0242233276367188 0.0179214477539063 -0.0440025329589844
0.00625801086425781 -0.0323524475097656 0.0195560455322266 -0.0261249542236328
0.0296897888183594 -0.0258750915527344 0.00181198120117188 -0.0105533599853516
0.04315185546875 -0.0025177001953125 -0.0109462738037109 -0.0196342468261719
0.0376091003417969 0.0388031005859375 -0.0126838684082031 -0.0575332641601563
0.0188674926757813 0.0695228576660156 0.010101318359375 -0.0817642211914063
-0.008941650390625 0.0766448974609375 0.0303764343261719 -0.0675621032714844
-0.028106689453125 0.0839767456054687 0.0795974731445312 -0.0134201049804687
0.0169639587402344 0.0656013488769531 0.0395431518554688 0.00989151000976563
0.0271682739257813 0.0348281860351563 0.0398445129394531 0.0297966003417969
0.0383834838867188 0.009857177734375 0.0737075805664063 0.013427734375
0.0319595336914063 -0.0106296539306641 0.073974609375 -0.0253219604492188
0.0165367126464844 -0.0300006866455078 0.0530052185058594 -0.0626640319824219
0.00761795043945313 -0.0392723083496094 0.030426025390625 -0.067718505859375
0.0105705261230469 -0.0371513366699219 0.0181236267089844 -0.0511932373046875
0.009368896484375 -0.043487548828125 0.0183582305908203 -0.0332527160644531
0.0270614624023438 -0.0425529479980469 0.0174121856689453 -0.016510009765625
0.0499801635742188 -0.0233802795410156 -0.00213587284088134 -0.000754237174987794
0.0596542358398437 0.0066375732421875 -0.0161943435668945 -0.00903797149658203
0.0418586730957031 0.0563507080078125 -0.022491455078125 -0.0447883605957031
0.0106964111328125 0.0906753540039063 0.00126266479492187 -0.0608482360839844
-0.02459716796875 0.0951766967773438 0.0180931091308594 -0.0426063537597656
-0.0549850463867188 0.0928955078125 0.0667037963867187 0.02130126953125
-0.00787353515625001 0.0919342041015625 0.034210205078125 0.0396614074707031
0.0234527587890625 0.06884765625 0.0397262573242188 0.0452041625976563
0.0569114685058594 0.0364265441894531 0.0715408325195313 0.0266647338867188
0.0583305358886719 -0.00208282470703125 0.0692481994628906 -0.012542724609375
0.04156494140625 -0.0386428833007813 0.0496368408203125 -0.0474205017089844
0.0238494873046875 -0.0541725158691406 0.0303916931152344 -0.0487289428710937
0.0244712829589844 -0.0496025085449219 0.0174522399902344 -0.0318031311035156
0.0257110595703125 -0.0564689636230469 0.0162878036499023 -0.0151157379150391
0.0421104431152344 -0.050323486328125 0.01220703125 -0.00201034545898438
0.0632591247558594 -0.0220909118652344 -0.0071573257446289 0.0101776123046875
0.0697402954101563 0.0116386413574219 -0.0207366943359375 0.000257492065429685
0.0423431396484375 0.0648231506347656 -0.0269393920898437 -0.0310993194580078
0.00461578369140625 0.0999679565429687 -0.00190353393554688 -0.0364418029785156
-0.0361251831054687 0.10198974609375 0.00300788879394531 -0.0120763778686523
-0.0734329223632813 0.0827178955078125 0.0422897338867187 0.0554428100585938
-0.0330276489257813 0.0994949340820313 0.0204010009765625 0.070770263671875
0.00811767578125 0.088653564453125 0.0332183837890625 0.0608673095703125
0.0591545104980469 0.0592613220214844 0.0602684020996094 0.038970947265625
0.0722198486328125 0.0120315551757812 0.0553550720214844 0.0016937255859375
0.0613555908203125 -0.0397834777832031 0.0391502380371094 -0.0273475646972656
0.0383529663085937 -0.0601768493652344 0.0239162445068359 -0.0235671997070313
0.0350418090820313 -0.0556678771972656 0.0138521194458008 -0.0083160400390625
0.0368118286132813 -0.0620269775390625 0.0108299255371094 0.00599575042724609
0.0519332885742188 -0.0526199340820313 0.00306797027587891 0.0153236389160156
0.0695838928222656 -0.0189628601074219 -0.0144901275634766 0.0213165283203125
0.0715713500976563 0.01690673828125 -0.0246162414550781 0.00687599182128907
0.0367507934570313 0.0682601928710938 -0.0265178680419922 -0.0202503204345703
-0.0051727294921875 0.0976028442382813 -0.00119781494140625 -0.0116586685180664
-0.0451583862304688 0.0953140258789062 -0.0134696960449219 0.0179290771484375
-0.0749893188476563 0.058197021484375 0.014312744140625 0.0827713012695313
-0.0499420166015625 0.0825347900390625 0.00170898437500001 0.0928421020507813
-0.0112152099609375 0.0859756469726563 0.0225639343261719 0.0692329406738281
0.045440673828125 0.0687332153320313 0.04254150390625 0.0454940795898438
0.0690803527832031 0.024200439453125 0.0350189208984375 0.0137672424316406
0.0664138793945313 -0.0315361022949219 0.0232334136962891 -0.00548553466796875
0.0443954467773438 -0.0548477172851563 0.0140914916992188 0.0037240982055664
0.0394058227539062 -0.0506515502929687 0.00849056243896484 0.0162487030029297
0.0415153503417969 -0.0581626892089844 0.0040740966796875 0.0277996063232422
0.0553207397460938 -0.0469284057617188 -0.00666618347167969 0.0317001342773438
0.0694007873535156 -0.0126838684082031 -0.0231533050537109 0.0300807952880859
0.0668449401855469 0.0233917236328125 -0.0291538238525391 0.0104217529296875
0.0258636474609375 0.0674209594726563 -0.0240345001220703 -0.0130825042724609
-0.0189056396484375 0.0864944458007813 0.000442028045654297 0.00849008560180665
-0.0545883178710937 0.0755615234375 -0.0302581787109375 0.0417823791503906
-0.06304931640625 0.0232200622558594 -0.010589599609375 0.097747802734375
-0.0527763366699219 0.047027587890625 -0.0153274536132813 0.10369873046875
-0.0257644653320312 0.060089111328125 0.0127410888671875 0.0706710815429687
0.0219383239746094 0.0605583190917969 0.0253791809082031 0.044830322265625
0.0503005981445312 0.0293083190917969 0.015106201171875 0.0197200775146484
0.0592269897460938 -0.0164566040039063 0.00567913055419922 0.01214599609375
0.0440406799316406 -0.0411109924316406 0.00314903259277344 0.0265369415283203
0.0379562377929688 -0.0393028259277344 0.0011138916015625 0.0383987426757813
0.0410423278808594 -0.0467185974121094 -0.00431060791015624 0.0481491088867188
0.0530014038085938 -0.0366783142089844 -0.0188369750976562 0.045623779296875
0.0614852905273437 -0.00398635864257812 -0.0343093872070313 0.0364265441894531
0.0554962158203125 0.0283737182617188 -0.0352821350097656 0.0123367309570312
0.0106124877929687 0.0625343322753906 -0.0231342315673828 -0.00915908813476563
-0.0337600708007812 0.0666465759277344 -0.00440025329589844 0.0237483978271484
-0.0601806640625 0.0469169616699219 -0.050537109375 0.05682373046875
-0.04010009765625 -0.0166664123535156 -0.0263595581054688 0.100326538085938
-0.043792724609375 0.00590515136718749 -0.023529052734375 0.103279113769531
-0.0326995849609375 0.02374267578125 0.00873565673828125 0.0662460327148438
-0.00455093383789062 0.0408172607421875 0.0128631591796875 0.0398330688476562
0.0233650207519531 0.0281352996826172 0.00192070007324219 0.0191249847412109
0.0411109924316406 -0.001068115234375 -0.00851821899414062 0.0233421325683594
0.0362052917480469 -0.0207099914550781 -0.0079498291015625 0.0429763793945313
0.030975341796875 -0.0219688415527344 -0.00538253784179687 0.0552825927734375
0.0351753234863281 -0.0289840698242188 -0.0123558044433594 0.0638313293457031
0.0431480407714844 -0.0213050842285156 -0.0318031311035156 0.0576820373535156
0.0474853515625 0.00412368774414063 -0.0456008911132813 0.0409088134765625
0.0381965637207031 0.029296875 -0.0439338684082031 0.0116233825683594
-0.00460815429687501 0.0515174865722656 -0.0261211395263672 -0.00781631469726562
-0.0423011779785156 0.0405426025390625 -0.0134696960449219 0.0308685302734375
-0.0573043823242188 0.01263427734375 -0.0706634521484375 0.0621109008789063
0.0267467498779297 0.0287361145019531 0.0689659118652344 -0.0583724975585938
0.0389938354492187 -0.00992965698242188 0.0247249603271484 -0.02496337890625
0.0104484558105469 -0.0302276611328125 0.0273418426513672 0.0100631713867187
-0.0130710601806641 -0.0255889892578125 0.0581817626953125 -0.00400161743164063
-0.0237827301025391 -0.0123691558837891 0.0614509582519531 -0.0395736694335938
-0.0292015075683594 0.00684928894042969 0.040740966796875 -0.0685234069824219
-0.0217494964599609 0.0064544677734375 0.01727294921875 -0.076385498046875
-0.019744873046875 0.0025787353515625 0.00911331176757812 -0.0628814697265625
-0.0260467529296875 -0.000549316406250002 0.0120887756347656 -0.0484580993652344
-0.0181427001953125 -0.0179557800292969 0.0157279968261719 -0.0334835052490234
0.00210952758789062 -0.0283584594726562 0.00273323059082031 -0.0201530456542969
0.0221710205078125 -0.0189800262451172 -0.00592803955078125 -0.0305099487304688
0.0374794006347656 0.00879669189453125 -0.000480651855468752 -0.0657081604003906
0.033447265625 0.0342979431152344 0.0203475952148438 -0.0946578979492188
0.0132369995117188 0.0457801818847656 0.0359573364257813 -0.0881576538085938
0.00209426879882812 0.0605239868164063 0.0786056518554688 -0.0424957275390625
0.0337562561035156 0.0273857116699219 0.0326328277587891 -0.0126609802246094
0.0219135284423828 -0.00109100341796875 0.0339412689208984 0.0179214477539063
0.0131864547729492 -0.0116491317749023 0.0672798156738281 0.00329971313476562
0.00272178649902344 -0.0143260955810547 0.0698623657226563 -0.0353050231933594
-0.00821495056152344 -0.012150764465332 0.0483283996582031 -0.068756103515625
-0.00909233093261719 -0.0177669525146484 0.02349853515625 -0.07757568359375
-0.00494384765625 -0.0189304351806641 0.013580322265625 -0.0627288818359375
-0.00837516784667969 -0.0235538482666016 0.015655517578125 -0.0457420349121094
0.00509262084960937 -0.0312423706054688 0.0180797576904297 -0.0292644500732422
0.0285358428955078 -0.0260543823242188 0.00206184387207031 -0.0123424530029297
0.0431480407714844 -0.0034332275390625 -0.00906181335449219 -0.0211658477783203
0.038848876953125 0.0374488830566406 -0.0115203857421875 -0.0564804077148437
0.0202903747558594 0.0673484802246094 0.0101394653320313 -0.0811996459960937
-0.00722503662109374 0.074981689453125 0.0297355651855469 -0.0701408386230469
-0.0257492065429688 0.0846481323242188 0.0784759521484375 -0.0156097412109375
0.0177345275878906 0.0649070739746094 0.03802490234375 0.00870132446289063
0.0278511047363281 0.0355682373046875 0.0388336181640625 0.0295982360839844
0.038848876953125 0.00950241088867188 0.07257080078125 0.0133743286132813
0.0325374603271484 -0.0114612579345703 0.0728912353515625 -0.0267333984375
0.0160694122314453 -0.0291404724121094 0.0521507263183594 -0.0628433227539063
0.00718307495117188 -0.0392913818359375 0.0279960632324219 -0.0690994262695313
0.00982666015625 -0.0379981994628906 0.0163002014160156 -0.0523223876953125
0.0086517333984375 -0.04339599609375 0.0157852172851562 -0.0344028472900391
0.0257530212402344 -0.0435028076171875 0.0161113739013672 -0.0188312530517578
0.0492668151855469 -0.0250129699707031 -0.00193238258361816 -0.00371265411376953
0.0597000122070313 0.00485610961914063 -0.0144195556640625 -0.011383056640625
0.0429573059082031 0.0551681518554687 -0.0216064453125 -0.0439987182617188
0.013275146484375 0.0899810791015625 0.00135421752929688 -0.0612030029296875
-0.0220260620117187 0.0948333740234375 0.0178604125976563 -0.0446853637695312
-0.0535659790039063 0.0940628051757813 0.0662956237792969 0.0186653137207031
-0.00648498535156249 0.0928955078125 0.0337409973144531 0.0377120971679688
0.0241775512695313 0.0697784423828125 0.0382614135742187 0.0454902648925781
0.0580482482910156 0.0363006591796875 0.07073974609375 0.0264892578125
0.0581855773925781 -0.00297164916992188 0.0683975219726563 -0.0125007629394531
0.0414695739746094 -0.039764404296875 0.048065185546875 -0.0476455688476563
0.0224533081054687 -0.0555038452148438 0.028594970703125 -0.0499916076660156
0.0236358642578125 -0.051788330078125 0.0158100128173828 -0.0339527130126953
0.0235137939453125 -0.0573692321777344 0.0139131546020508 -0.0171375274658203
0.0400924682617188 -0.0517539978027344 0.0107536315917969 -0.00431537628173828
0.0626640319824219 -0.0247077941894531 -0.00760555267333984 0.00758981704711914
0.07037353515625 0.0096893310546875 -0.0191764831542969 -0.00184822082519531
0.0443038940429687 0.0643768310546875 -0.0260658264160156 -0.0313606262207031
0.00790405273437499 0.100173950195313 -0.00212860107421875 -0.0370979309082031
-0.0336685180664063 0.1024169921875 0.00360393524169922 -0.0146551132202148
-0.0715713500976563 0.0857620239257813 0.0436630249023437 0.0530242919921875
-0.0307159423828125 0.100028991699219 0.0196495056152344 0.0676345825195313
0.0102615356445313 0.09033203125 0.0326881408691406 0.0599098205566406
0.0614471435546875 0.0583076477050781 0.0596427917480469 0.0384864807128906
0.0728836059570313 0.00965118408203125 0.0541305541992188 0.0022430419921875
0.059967041015625 -0.0412483215332031 0.0371856689453125 -0.0270614624023438
0.0361709594726563 -0.0614891052246094 0.0231037139892578 -0.0247001647949219
0.0330810546875 -0.0563850402832031 0.0126752853393555 -0.00904369354248047
0.0341949462890625 -0.063995361328125 0.00910854339599609 0.00500106811523437
0.0503158569335938 -0.0550117492675781 0.00212287902832031 0.0135936737060547
0.0696945190429688 -0.0210647583007813 -0.0149173736572266 0.0190677642822266
0.073028564453125 0.0143203735351563 -0.022857666015625 0.00540733337402344
0.039581298828125 0.0687942504882813 -0.0256977081298828 -0.0202999114990234
-0.00234985351562501 0.0993576049804688 -0.000117301940917969 -0.0126409530639648
-0.0441055297851563 0.0958023071289062 -0.011195182800293 0.0158653259277344
-0.0743331909179688 0.0602340698242188 0.0160980224609375 0.0813140869140625
-0.0481491088867187 0.0834503173828125 0.00191497802734375 0.0908279418945313
-0.00940704345703126 0.0874862670898438 0.020721435546875 0.068450927734375
0.0474205017089844 0.0676765441894531 0.041259765625 0.0450019836425781
0.0695228576660156 0.0216217041015625 0.0346908569335938 0.0142154693603516
0.0658378601074219 -0.0324325561523438 0.0212535858154297 -0.00594520568847656
0.0432510375976563 -0.0564956665039063 0.0134859085083008 0.00243663787841797
0.0378036499023438 -0.0532989501953125 0.00860214233398438 0.0150041580200195
0.0401458740234375 -0.0604286193847656 0.00320243835449219 0.0271778106689453
0.0536956787109375 -0.0499191284179688 -0.00722503662109374 0.0301990509033203
0.0691757202148438 -0.0154571533203125 -0.0231475830078125 0.0289726257324219
0.0675926208496094 0.0209121704101563 -0.0286426544189453 0.00954246520996094
0.0270957946777344 0.0681381225585938 -0.0235252380371094 -0.0135345458984375
-0.0166397094726563 0.0874481201171875 0.000690937042236327 0.0074300765991211
-0.052978515625 0.0773162841796875 -0.0286445617675781 0.0402565002441406
-0.0632553100585938 0.0251808166503906 -0.00865173339843751 0.097747802734375
-0.0522575378417969 0.0497016906738281 -0.0139083862304687 0.101577758789063
-0.0249176025390625 0.0618400573730469 0.0117530822753906 0.0696029663085938
0.0246200561523437 0.0610122680664063 0.0244140625 0.0448989868164063
0.0521469116210938 0.0278587341308594 0.0149116516113281 0.0206317901611328
0.0595626831054688 -0.01873779296875 0.00538349151611328 0.0126857757568359
0.0421829223632813 -0.042938232421875 0.00389289855957031 0.0258903503417969
0.0363044738769531 -0.0418853759765625 0.00244903564453125 0.0377769470214844
0.0398101806640625 -0.0491676330566406 -0.00365447998046875 0.0475540161132813
0.0517196655273438 -0.0391197204589844 -0.0184707641601562 0.0453681945800781
0.0621757507324219 -0.0063323974609375 -0.0339012145996094 0.0357246398925781
0.0566635131835938 0.0262680053710938 -0.0347061157226562 0.0107059478759766
0.0125312805175781 0.0629081726074219 -0.0232639312744141 -0.00969696044921875
-0.0307693481445313 0.0697288513183594 -0.00285530090332031 0.0228443145751953
-0.0587234497070312 0.04913330078125 -0.04852294921875 0.0567550659179688
-0.0417366027832031 -0.0141525268554687 -0.0248184204101563 0.0999755859375
-0.0438003540039063 0.00787734985351562 -0.0220413208007812 0.101066589355469
-0.0325126647949219 0.0258903503417969 0.00705718994140625 0.0648002624511719
-0.00169754028320313 0.0408363342285156 0.0125083923339844 0.0397529602050781
0.0254135131835938 0.0261993408203125 0.000280380249023437 0.0215625762939453
0.0414466857910156 -0.00349807739257812 -0.00766754150390625 0.0248394012451172
0.0343990325927734 -0.0230598449707031 -0.00587081909179687 0.0434341430664063
0.0298900604248047 -0.0243568420410156 -0.00427627563476562 0.054595947265625
0.0344810485839844 -0.0308876037597656 -0.0113754272460937 0.0636520385742188
0.04217529296875 -0.023345947265625 -0.0305519104003906 0.0577774047851562
0.0479507446289063 0.00199508666992188 -0.0452079772949219 0.0405807495117188
0.0402565002441406 0.0275650024414063 -0.0433235168457031 0.0110511779785156
-0.00273513793945313 0.0504646301269531 -0.0256385803222656 -0.0091094970703125
-0.0406951904296875 0.0423202514648438 -0.0116691589355469 0.0302829742431641
-0.0565452575683594 0.0143089294433594 -0.0693626403808594 0.062896728515625
0.0271625518798828 0.0280933380126953 0.0709304809570313 -0.0596542358398438
0.0386848449707031 -0.010955810546875 0.0242633819580078 -0.0252323150634766
0.0101222991943359 -0.0315170288085938 0.0277748107910156 0.0109920501708984
-0.0137577056884766 -0.0255794525146484 0.0594062805175781 -0.0025787353515625
-0.0242919921875 -0.0103244781494141 0.0626945495605469 -0.0407485961914063
-0.0290546417236328 0.00831031799316406 0.042205810546875 -0.0714187622070313
-0.0222663879394531 0.00719833374023438 0.0167694091796875 -0.07781982421875
-0.0194015502929688 0.00218772888183594 0.00840759277343749 -0.0645217895507813
-0.0258522033691406 0.000213623046875 0.0106735229492187 -0.0503501892089844
-0.0194568634033203 -0.0169124603271484 0.0152015686035156 -0.0360984802246094
0.000827789306640625 -0.0287857055664062 0.00333404541015625 -0.0222320556640625
0.0212936401367188 -0.0199356079101563 -0.0047760009765625 -0.0322055816650391
0.0376510620117188 0.00646209716796875 0.0009765625 -0.0669937133789063
0.0344924926757813 0.0338611602783203 0.02069091796875 -0.0965499877929687
0.0144004821777344 0.0453681945800781 0.0368194580078125 -0.0919723510742188
0.00244140625 0.0614776611328125 0.0805130004882813 -0.0435562133789063
0.0340938568115234 0.0272731781005859 0.0322074890136719 -0.0137500762939453
0.0221271514892578 -0.000110626220703125 0.0340557098388672 0.0187206268310547
0.0128450393676758 -0.0116567611694336 0.0685768127441406 0.00344467163085937
0.00295639038085938 -0.0139837265014648 0.0710372924804688 -0.036468505859375
-0.00759315490722656 -0.0118732452392578 0.0492324829101562 -0.0723037719726563
-0.00897979736328125 -0.0177841186523438 0.022918701171875 -0.0804443359375
-0.00570106506347656 -0.0193958282470703 0.0122108459472656 -0.06463623046875
-0.00854873657226563 -0.0238361358642578 0.0142364501953125 -0.0479087829589844
0.00566482543945313 -0.0312023162841797 0.0175571441650391 -0.0322856903076172
0.0275096893310547 -0.0270442962646484 0.00295066833496094 -0.0155973434448242
0.0436744689941406 -0.0045166015625 -0.00709724426269531 -0.0232524871826172
0.0402069091796875 0.0374984741210938 -0.00985336303710938 -0.0570755004882813
0.0219345092773437 0.0679550170898438 0.010528564453125 -0.0823822021484375
-0.00646209716796874 0.0759735107421875 0.0299758911132812 -0.0732955932617188
-0.0261306762695312 0.0866317749023438 0.0798873901367188 -0.0166778564453125
0.0180587768554688 0.0664939880371094 0.0371246337890625 0.0075225830078125
0.0292739868164062 0.0371360778808594 0.0383872985839844 0.0305404663085938
0.0406036376953125 0.0102882385253906 0.0732955932617188 0.013885498046875
0.0334148406982422 -0.0119895935058594 0.0742340087890625 -0.0268020629882813
0.0168628692626953 -0.0297641754150391 0.0521774291992188 -0.06439208984375
0.00685501098632812 -0.0406761169433594 0.0275497436523438 -0.0713119506835938
0.00934982299804688 -0.039154052734375 0.0145339965820313 -0.0545845031738281
0.00889205932617188 -0.0441818237304688 0.0145530700683594 -0.0369415283203125
0.0258216857910156 -0.0449981689453125 0.0158023834228516 -0.0227413177490234
0.0494384765625 -0.0264358520507813 -0.00148200988769531 -0.00695610046386719
0.0607566833496094 0.00411605834960938 -0.0125503540039062 -0.0136079788208008
0.0443916320800781 0.0559921264648438 -0.0199775695800781 -0.0443687438964844
0.0149917602539062 0.09222412109375 0.001556396484375 -0.0624351501464844
-0.0218353271484375 0.0964736938476562 0.0188980102539063 -0.0475845336914062
-0.054290771484375 0.098358154296875 0.0678672790527344 0.0179176330566406
-0.00528717041015624 0.095458984375 0.0334968566894531 0.0373039245605469
0.0256500244140625 0.0727462768554688 0.03778076171875 0.0463066101074219
0.060394287109375 0.0360641479492188 0.0716400146484375 0.0276412963867188
0.0607986450195313 -0.00441741943359375 0.0694618225097656 -0.0123252868652344
0.0424079895019531 -0.0410575866699219 0.0477867126464844 -0.0485343933105469
0.0227928161621094 -0.0576095581054687 0.0274772644042969 -0.052490234375
0.0227775573730469 -0.053863525390625 0.0145835876464844 -0.0359230041503906
0.0231552124023438 -0.0598182678222656 0.0124282836914063 -0.0181140899658203
0.0404930114746094 -0.0543403625488281 0.0103902816772461 -0.00676059722900391
0.0639457702636719 -0.0272598266601563 -0.00762557983398437 0.00597572326660156
0.0724639892578125 0.0082550048828125 -0.0185756683349609 -0.00401687622070313
0.0465812683105469 0.0663681030273438 -0.0258598327636719 -0.0318374633789062
0.009002685546875 0.10357666015625 -0.00173568725585937 -0.0388412475585937
-0.0326919555664063 0.105133056640625 0.00490093231201172 -0.0163755416870117
-0.0728988647460938 0.0905838012695312 0.0452690124511719 0.0528678894042969
-0.0310516357421875 0.10369873046875 0.0201530456542969 0.0665550231933594
0.0114974975585937 0.0946807861328125 0.0307540893554688 0.0606269836425781
0.0648841857910156 0.0594711303710937 0.0594902038574219 0.0393562316894531
0.0761489868164063 0.008209228515625 0.0545806884765625 0.0038299560546875
0.0602035522460938 -0.0431900024414063 0.037872314453125 -0.0268783569335938
0.035491943359375 -0.0645408630371094 0.0227909088134766 -0.0258884429931641
0.0332298278808594 -0.0594863891601562 0.0122966766357422 -0.01123046875
0.0344963073730469 -0.0667572021484375 0.00851821899414063 0.00346517562866211
0.0500450134277344 -0.0574455261230469 0.00208091735839844 0.0114889144897461
0.0716400146484375 -0.0239791870117188 -0.0161800384521484 0.0167875289916992
0.075408935546875 0.0132064819335937 -0.0227565765380859 0.00324058532714844
0.0415573120117188 0.0706939697265625 -0.0262203216552734 -0.0210094451904297
0.000617980957031254 0.1024169921875 -2.76565551757798E-05 -0.0143184661865234
-0.0436935424804688 0.0998611450195312 -0.0114231109619141 0.0141010284423828
-0.0759658813476563 0.0640029907226563 0.0167007446289062 0.0818023681640625
-0.048492431640625 0.087860107421875 0.00153350830078125 0.0902099609375
-0.00813293457031249 0.0915985107421875 0.0195426940917969 0.069244384765625
0.0517425537109375 0.07000732421875 0.0415000915527344 0.0456085205078125
0.0726699829101563 0.02020263671875 0.0349903106689453 0.0162982940673828
0.0673408508300781 -0.0345993041992188 0.0219974517822266 -0.003753662109375
0.0413894653320313 -0.0593795776367188 0.0147638320922852 0.00217247009277343
0.0373916625976563 -0.0561561584472656 0.00850105285644532 0.014805793762207
0.0401115417480469 -0.0637931823730469 0.00242424011230469 0.0274162292480469
0.0538177490234375 -0.0535316467285156 -0.00833892822265624 0.0295314788818359
0.070953369140625 -0.0172271728515625 -0.02410888671875 0.0274562835693359
0.070709228515625 0.0199508666992188 -0.0286083221435547 0.00819015502929688
0.0295944213867188 0.0705413818359375 -0.0240154266357422 -0.0144824981689453
-0.0148239135742188 0.0918807983398438 0.00217676162719727 0.0055222511291504
-0.0532379150390625 0.0809097290039063 -0.0290451049804688 0.0393829345703125
-0.06500244140625 0.0275535583496094 -0.0090484619140625 0.0987396240234375
-0.0523681640625 0.0527000427246094 -0.014495849609375 0.101974487304688
-0.0246963500976562 0.0669708251953125 0.0110931396484375 0.0704345703125
0.0265426635742188 0.06280517578125 0.0236701965332031 0.0458564758300781
0.0545539855957031 0.0272216796875 0.0144901275634766 0.0214157104492187
0.0600357055664063 -0.0213165283203125 0.00582599639892579 0.0142898559570312
0.0418930053710938 -0.0454139709472656 0.00457954406738281 0.0271186828613281
0.0361480712890625 -0.0439300537109375 0.00283432006835938 0.0377960205078125
0.039459228515625 -0.0522842407226562 -0.00482559204101562 0.0479507446289063
0.0517349243164062 -0.0426750183105469 -0.0192108154296875 0.045867919921875
0.0639533996582031 -0.00916290283203125 -0.0350532531738281 0.0358047485351563
0.0593643188476563 0.0249748229980469 -0.0355224609375 0.00997924804687499
0.0139350891113281 0.0649070739746094 -0.0238838195800781 -0.0110530853271484
-0.0296783447265625 0.0725173950195313 -0.0016632080078125 0.0226974487304688
-0.0587654113769531 0.0517959594726563 -0.0489006042480469 0.0568275451660156
-0.0431365966796875 -0.013427734375 -0.0253143310546875 0.102066040039063
-0.0450897216796875 0.00919342041015624 -0.0225296020507813 0.101799011230469
-0.0329875946044922 0.0285224914550781 0.00615310668945313 0.0655136108398438
-0.00043487548828125 0.04180908203125 0.0116195678710937 0.0410919189453125
0.0270328521728516 0.0267162322998047 0.000474929809570314 0.0234966278076172
0.0423622131347656 -0.00450897216796875 -0.00798797607421875 0.0268707275390625
0.0339107513427734 -0.0252323150634766 -0.00421524047851562 0.0446701049804688
0.0302314758300781 -0.0262928009033203 -0.00243759155273438 0.0559310913085938
0.0332622528076172 -0.0335044860839844 -0.0113258361816406 0.0654335021972656
0.0423812866210938 -0.0259437561035156 -0.0312461853027344 0.05908203125
0.0502471923828125 4.9591064453125E-05 -0.0471572875976563 0.0410385131835938
0.0416641235351563 0.0265464782714844 -0.0446968078613281 0.0102386474609375
-0.00203704833984375 0.0519638061523437 -0.0260238647460938 -0.00926399230957031
-0.0400123596191406 0.0450668334960938 -0.0105514526367188 0.0303478240966797
-0.0566558837890625 0.0164794921875 -0.0702362060546875 0.06317138671875
0.0291175842285156 0.0280475616455078 0.0735397338867188 -0.0643386840820313
0.0399551391601563 -0.0126113891601563 0.0233917236328125 -0.0260295867919922
0.0100002288818359 -0.0320777893066406 0.0290355682373047 0.0121517181396484
-0.0158767700195313 -0.0262660980224609 0.0622367858886719 -0.00357437133789063
-0.0264377593994141 -0.00971794128417968 0.0651283264160156 -0.0443954467773438
-0.0294857025146484 0.0102291107177734 0.0419769287109375 -0.0763168334960938
-0.0223617553710938 0.00898361206054688 0.014678955078125 -0.0829925537109375
-0.0199928283691406 0.00357246398925782 0.00591278076171875 -0.0685043334960938
-0.0263004302978516 0.00237846374511719 0.00922012329101563 -0.0538673400878906
-0.0206451416015625 -0.0164852142333984 0.0137863159179688 -0.0400390625
-0.00086784362792969 -0.0294399261474609 0.00381278991699219 -0.0254611968994141
0.0212211608886719 -0.0217781066894531 -0.00342178344726562 -0.0343246459960938
0.0398445129394531 0.00552749633789063 0.000862121582031256 -0.0693702697753906
0.0370292663574219 0.0333671569824219 0.0202484130859375 -0.100387573242187
0.0168991088867187 0.0465126037597656 0.0374374389648438 -0.0982284545898438
0.00435638427734375 0.064422607421875 0.0833511352539063 -0.0477066040039062
0.0357704162597656 0.0289421081542969 0.0326175689697266 -0.0149135589599609
0.0237026214599609 -7.2479248046875E-05 0.0350112915039063 0.0197334289550781
0.0137615203857422 -0.0116081237792969 0.0712127685546875 0.00347900390625
0.00283432006835937 -0.0141925811767578 0.0733413696289063 -0.0398101806640625
-0.0079803466796875 -0.0116634368896484 0.0491485595703125 -0.0769805908203125
-0.00932407379150391 -0.0174217224121094 0.0210037231445313 -0.0849380493164062
-0.00634193420410156 -0.0207691192626953 0.00970077514648438 -0.0683097839355469
-0.00906753540039063 -0.0238189697265625 0.012176513671875 -0.0518302917480469
0.00434112548828125 -0.0323467254638672 0.016754150390625 -0.0366706848144531
0.02813720703125 -0.0284652709960938 0.00322532653808594 -0.0183086395263672
0.04498291015625 -0.00598907470703125 -0.00612258911132812 -0.0256881713867188
0.0426902770996094 0.0372314453125 -0.00979614257812499 -0.0591392517089844
0.0249824523925781 0.0702247619628906 0.009918212890625 -0.086700439453125
-0.00473022460937501 0.080047607421875 0.0316162109375 -0.0796966552734375
-0.024505615234375 0.0920333862304687 0.083343505859375 -0.01971435546875
0.0205764770507812 0.06976318359375 0.0373115539550781 0.00678634643554688
0.0316886901855469 0.0392608642578125 0.0395355224609375 0.0322990417480469
0.042724609375 0.00983428955078125 0.0762786865234375 0.013824462890625
0.0348453521728516 -0.0134830474853516 0.0769882202148438 -0.0292816162109375
0.0172119140625 -0.0312099456787109 0.0530357360839844 -0.0687446594238281
0.00618743896484375 -0.042572021484375 0.0258941650390625 -0.075958251953125
0.00854110717773437 -0.0419578552246094 0.012451171875 -0.0580520629882813
0.00777435302734375 -0.0470848083496094 0.0126419067382812 -0.0396575927734375
0.0253753662109375 -0.0471763610839844 0.0142459869384766 -0.0259189605712891
0.050811767578125 -0.0289993286132813 -0.00133132934570312 -0.00885868072509766
0.0640830993652344 0.0027618408203125 -0.012873649597168 -0.0158405303955078
0.0485191345214844 0.0581245422363281 -0.0203056335449219 -0.0465202331542969
0.01824951171875 0.096466064453125 0.000598907470703128 -0.0656204223632813
-0.0195693969726563 0.10174560546875 0.0196571350097656 -0.05206298828125
-0.0542449951171875 0.104888916015625 0.0716018676757813 0.0166854858398438
-0.00318145751953124 0.100875854492188 0.0338821411132813 0.0367202758789063
0.02972412109375 0.077362060546875 0.0389671325683594 0.0483856201171875
0.0647201538085938 0.0367202758789062 0.0740585327148438 0.027618408203125
0.0640068054199219 -0.00637054443359375 0.0718536376953125 -0.0139541625976563
0.0431900024414062 -0.0446205139160156 0.0490379333496094 -0.0508193969726563
0.021453857421875 -0.0614509582519531 0.0269393920898438 -0.0559043884277344
0.0213088989257812 -0.0578880310058594 0.0131683349609375 -0.0383720397949219
0.0228424072265625 -0.0637435913085938 0.0105876922607422 -0.0205974578857422
0.0405349731445313 -0.0584678649902344 0.00893688201904297 -0.0100212097167969
0.0664939880371094 -0.030517578125 -0.00791454315185547 0.00431251525878906
0.076904296875 0.00716400146484375 -0.0187816619873047 -0.00539398193359375
0.0513687133789063 0.0691719055175781 -0.0265102386474609 -0.0330390930175781
0.0133056640625 0.108444213867187 -0.00121307373046875 -0.0408401489257812
-0.031280517578125 0.111457824707031 0.00564765930175781 -0.0198459625244141
-0.07403564453125 0.0976181030273438 0.0476417541503906 0.0541534423828125
-0.0292282104492187 0.110145568847656 0.0205345153808594 0.0683441162109375
0.0158843994140625 0.100479125976563 0.0319671630859375 0.0630264282226563
0.0701370239257813 0.0605354309082031 0.0622062683105469 0.0404014587402344
0.0807266235351563 0.0057525634765625 0.0577888488769531 0.0030517578125
0.0627708435058594 -0.0469207763671875 0.0385894775390625 -0.0276260375976563
0.034912109375 -0.0693206787109375 0.0235137939453125 -0.0285415649414063
0.0316543579101562 -0.0651130676269531 0.0121555328369141 -0.0129680633544922
0.0331344604492188 -0.0722503662109375 0.00809812545776367 0.0032501220703125
0.0506210327148437 -0.0632095336914062 0.00142478942871094 0.00973987579345703
0.0748138427734375 -0.0284652709960937 -0.0158615112304687 0.0172595977783203
0.0806655883789063 0.0114822387695313 -0.0237865447998047 0.00246047973632813
0.0469207763671875 0.07366943359375 -0.0261325836181641 -0.0223789215087891
0.00345611572265624 0.108406066894531 0.000299453735351561 -0.0155763626098633
-0.0425949096679687 0.106002807617188 -0.0107927322387695 0.0129280090332031
-0.0789031982421875 0.0714111328125 0.018524169921875 0.084747314453125
-0.0484466552734375 0.0933990478515625 0.00289154052734375 0.0932159423828125
-0.00516510009765624 0.0982894897460938 0.0209808349609375 0.0720443725585938
0.0568771362304688 0.0706024169921875 0.0434951782226563 0.0477867126464844
0.0777206420898438 0.0182266235351563 0.0363960266113281 0.0172538757324219
0.0697364807128906 -0.0390052795410156 0.0227031707763672 -0.00382041931152344
0.0419349670410156 -0.0653419494628906 0.0158300399780273 0.00165462493896484
0.0368576049804688 -0.0615196228027344 0.0087118148803711 0.0150642395019531
0.0390853881835938 -0.0698814392089844 0.00237655639648438 0.0273265838623047
0.0550422668457031 -0.0585098266601563 -0.00814819335937499 0.0300807952880859
0.0748672485351563 -0.0220565795898437 -0.0248260498046875 0.0287609100341797
0.0756912231445313 0.0177459716796875 -0.0303821563720703 0.00774002075195312
0.0338211059570313 0.07373046875 -0.0245151519775391 -0.0151157379150391
-0.01165771484375 0.0975494384765625 0.00221586227416992 0.00611352920532227
-0.0524368286132813 0.0863494873046875 -0.0289039611816406 0.0410804748535156
-0.068572998046875 0.0323944091796875 -0.00746917724609376 0.103446960449219
-0.05413818359375 0.0576362609863281 -0.0136489868164063 0.106063842773437
-0.023193359375 0.0721054077148438 0.01116943359375 0.07269287109375
0.0310173034667969 0.0654678344726563 0.0243873596191406 0.047760009765625
0.0593490600585938 0.0260848999023438 0.0155181884765625 0.0244960784912109
0.0624847412109375 -0.0248756408691406 0.00717830657958984 0.0165071487426758
0.0417213439941406 -0.0505943298339844 0.00591087341308594 0.0275764465332031
0.0357818603515625 -0.0489540100097656 0.00510025024414063 0.0389060974121094
0.0385589599609375 -0.0570449829101562 -0.00330352783203125 0.0502052307128906
0.0523033142089844 -0.047454833984375 -0.019683837890625 0.0477981567382813
0.0677032470703125 -0.0127983093261719 -0.0363655090332031 0.0375747680664062
0.0640487670898437 0.0237274169921875 -0.0377540588378906 0.0107498168945313
0.0175437927246094 0.06903076171875 -0.0246944427490234 -0.0114421844482422
-0.0282135009765625 0.0780410766601563 -0.0010833740234375 0.0219745635986328
-0.0591011047363281 0.0565567016601562 -0.0498886108398438 0.0595970153808594
-0.0459938049316406 -0.0117301940917969 -0.0244293212890625 0.108551025390625
-0.0473861694335937 0.0126571655273438 -0.0218658447265625 0.106330871582031
-0.0336456298828125 0.0332469940185547 0.00681686401367188 0.0673675537109375
0.002410888671875 0.0451545715332031 0.0113296508789063 0.0427627563476563
0.0313529968261719 0.0263137817382813 0.000875473022460937 0.0254917144775391
0.0438919067382813 -0.007171630859375 -0.00663185119628906 0.0295753479003906
0.0342788696289063 -0.0281696319580078 -0.00278091430664062 0.0465469360351563
0.0299167633056641 -0.0298328399658203 -0.000228881835937503 0.0574836730957031
0.033172607421875 -0.036651611328125 -0.00982666015625 0.0683631896972656
0.0429000854492188 -0.0298538208007813 -0.0315818786621094 0.06243896484375
0.0524749755859375 -0.00278854370117187 -0.0479202270507813 0.0436744689941406
0.0452919006347656 0.0263175964355469 -0.0465888977050781 0.0112648010253906
-0.000614166259765626 0.0560874938964844 -0.027130126953125 -0.0106868743896484
-0.0400428771972656 0.0493736267089844 -0.009368896484375 0.0312213897705078
-0.0579948425292969 0.018707275390625 -0.071441650390625 0.068328857421875
0.0324268341064453 0.0273036956787109 0.0736541748046875 -0.070770263671875
0.0408058166503906 -0.0150299072265625 0.0227832794189453 -0.0272560119628906
0.00814247131347656 -0.0342960357666016 0.0298862457275391 0.0123424530029297
-0.0184803009033203 -0.0261917114257813 0.0647087097167969 -0.00546646118164063
-0.0276603698730469 -0.00751495361328125 0.0652008056640625 -0.0495033264160156
-0.0289630889892578 0.0131664276123047 0.0395965576171875 -0.0832061767578125
-0.0224380493164063 0.0112648010253906 0.0101394653320313 -0.087982177734375
-0.0208988189697266 0.00546646118164062 0.00177764892578125 -0.0719757080078125
-0.0266590118408203 0.00470733642578125 0.0053558349609375 -0.0571060180664063
-0.0217761993408203 -0.0146236419677734 0.010894775390625 -0.0447807312011719
-0.00397872924804687 -0.0300464630126953 0.0029449462890625 -0.0290317535400391
0.0207099914550781 -0.0238094329833984 -0.00375747680664062 -0.0368461608886719
0.041656494140625 0.0031280517578125 -0.000862121582031246 -0.0715408325195312
0.0409317016601563 0.0322494506835938 0.0169601440429687 -0.106544494628906
0.0207138061523438 0.0470314025878906 0.0349044799804688 -0.106460571289063
0.00888442993164063 0.0670890808105469 0.0853271484375 -0.0547332763671875
0.03887939453125 0.0280990600585938 0.0319385528564453 -0.0167427062988281
0.0252456665039063 -0.000539779663085938 0.0370521545410156 0.0200881958007813
0.0135335922241211 -0.0132303237915039 0.0745697021484375 0.000244140624999999
0.00222492218017578 -0.0146188735961914 0.0745468139648438 -0.045745849609375
-0.0085611343383789 -0.0109109878540039 0.0477447509765625 -0.0836715698242188
-0.0106487274169922 -0.0182209014892578 0.0171127319335937 -0.0900421142578125
-0.00771331787109375 -0.0210094451904297 0.0047454833984375 -0.0727920532226563
-0.0101871490478516 -0.0241622924804688 0.00864410400390625 -0.0554962158203125
0.00288581848144532 -0.0338611602783203 0.0139541625976563 -0.0417251586914062
0.0265369415283203 -0.0313282012939453 0.00241279602050781 -0.0221328735351563
0.046173095703125 -0.00881195068359375 -0.00663185119628906 -0.0276031494140625
0.046600341796875 0.0366554260253906 -0.0119476318359375 -0.0610084533691406
0.0305099487304687 0.0721511840820313 0.00666046142578126 -0.0911407470703125
-0.000358581542968747 0.08349609375 0.02978515625 -0.0863800048828125
-0.021026611328125 0.098785400390625 0.08685302734375 -0.0257720947265625
0.0254898071289062 0.0723114013671875 0.037384033203125 0.00500106811523438
0.03607177734375 0.0406455993652344 0.0418167114257813 0.0328140258789063
0.0460128784179688 0.0078582763671875 0.0802459716796875 0.0113983154296875
0.0361366271972656 -0.0164375305175781 0.078857421875 -0.0340652465820312
0.0173244476318359 -0.0330677032470703 0.0514297485351563 -0.0743942260742188
0.0037078857421875 -0.0456924438476563 0.0220565795898437 -0.0809478759765625
0.00568389892578125 -0.0445709228515625 0.00783157348632812 -0.0620536804199219
0.00575637817382812 -0.0494918823242188 0.00933074951171875 -0.0436630249023438
0.0238914489746094 -0.0507164001464844 0.0116634368896484 -0.03033447265625
0.0514945983886719 -0.0337677001953125 -0.00208759307861328 -0.0114755630493164
0.067047119140625 -0.00125885009765625 -0.0129337310791016 -0.0175714492797852
0.0541114807128906 0.0585136413574219 -0.0225982666015625 -0.0471954345703125
0.0253067016601563 0.100135803222656 -0.00207138061523438 -0.0689888000488281
-0.0152053833007812 0.107894897460938 0.0186500549316406 -0.0576629638671875
-0.05059814453125 0.114433288574219 0.0759429931640625 0.01324462890625
0.00282287597656249 0.106292724609375 0.0352439880371094 0.0356826782226563
0.0366134643554688 0.080902099609375 0.042144775390625 0.0495109558105469
0.07049560546875 0.0345687866210938 0.0781478881835938 0.0256500244140625
0.0675239562988281 -0.0109291076660156 0.0751266479492188 -0.0175628662109375
0.0430374145507813 -0.0489044189453125 0.0488548278808594 -0.0550918579101562
0.0188102722167969 -0.0661697387695313 0.0243263244628906 -0.0602035522460938
0.0189285278320313 -0.0626792907714844 0.0103530883789062 -0.0416488647460938
0.0192794799804688 -0.0688896179199219 0.00892257690429687 -0.0234737396240234
0.0384941101074219 -0.0642547607421875 0.00711345672607422 -0.0131053924560547
0.0670738220214844 -0.0364875793457031 -0.00861501693725586 0.00258016586303711
0.081390380859375 0.0020904541015625 -0.0192909240722656 -0.00632095336914063
0.0589141845703125 0.0704574584960938 -0.0282249450683594 -0.0338573455810547
0.0205459594726562 0.114387512207031 -0.00379562377929687 -0.0434036254882812
-0.0270156860351563 0.119155883789063 0.00516319274902343 -0.0226936340332031
-0.071685791015625 0.107467651367188 0.0529708862304688 0.0534706115722656
-0.0243148803710937 0.118522644042969 0.0233078002929688 0.0693473815917969
0.0226898193359375 0.106285095214844 0.0356521606445313 0.0645027160644531
0.077880859375 0.0595626831054687 0.0659904479980469 0.0396461486816406
0.08551025390625 0.00107574462890625 0.0595855712890625 0.00201416015625
0.0633316040039063 -0.0535850524902344 0.0395278930664063 -0.0296401977539063
0.0316162109375 -0.0750350952148438 0.0221767425537109 -0.0313701629638672
0.0280227661132812 -0.0702438354492187 0.0106773376464844 -0.0150537490844727
0.0297088623046875 -0.0786285400390625 0.00662946701049805 0.00269699096679687
0.0487594604492188 -0.070648193359375 0.000862121582031253 0.00890731811523437
0.0768280029296875 -0.0357208251953125 -0.0164422988891602 0.0166950225830078
0.0859222412109375 0.00659942626953125 -0.0249195098876953 0.0025177001953125
0.0546875 0.0758438110351563 -0.0278682708740234 -0.0228748321533203
0.010833740234375 0.114799499511719 0.000190734863281252 -0.0176219940185547
-0.0384674072265625 0.114212036132813 -0.00975227355957031 0.012293815612793
-0.0785675048828125 0.0805130004882813 0.0233612060546875 0.0879669189453125
-0.0448989868164062 0.101776123046875 0.00604248046875001 0.0961532592773438
0.00109863281249999 0.105445861816406 0.0232467651367188 0.0739593505859375
0.0642013549804688 0.0721359252929688 0.0464744567871094 0.0480690002441406
0.083740234375 0.0141830444335938 0.039276123046875 0.017333984375
0.0705108642578125 -0.0455856323242188 0.024169921875 -0.00325584411621094
0.0396041870117187 -0.0714111328125 0.0162782669067383 0.000414848327636714
0.0333099365234375 -0.0670661926269531 0.0101642608642578 0.0136919021606445
0.0358810424804688 -0.0763015747070312 0.00384140014648438 0.0286026000976562
0.0531997680664063 -0.0664024353027344 -0.007568359375 0.0314311981201172
0.0774459838867188 -0.0287399291992188 -0.025054931640625 0.0308094024658203
0.081268310546875 0.0137863159179688 -0.0310306549072266 0.00824165344238282
0.0411834716796875 0.076568603515625 -0.0259857177734375 -0.0159416198730469
-0.00590515136718751 0.104110717773438 0.0031886100769043 0.00452518463134766
-0.0493011474609375 0.094573974609375 -0.027069091796875 0.0429344177246094
-0.0700607299804688 0.0393447875976562 -0.00283050537109376 0.109390258789063
-0.0532264709472656 0.0644264221191406 -0.0100479125976562 0.110328674316406
-0.0196685791015625 0.07928466796875 0.0132827758789062 0.0748138427734375
0.0374259948730469 0.0670089721679688 0.0261650085449219 0.0492515563964844
0.0645751953125 0.0227432250976563 0.0178737640380859 0.0264949798583984
0.064361572265625 -0.0302085876464844 0.00870132446289063 0.0188217163085937
0.0399589538574219 -0.05615234375 0.00858116149902344 0.0279560089111328
0.0335159301757813 -0.0544509887695313 0.00664138793945313 0.0399398803710938
0.0364418029785156 -0.0635337829589844 -0.000820159912109377 0.052825927734375
0.0510025024414062 -0.0540962219238281 -0.0185890197753906 0.0504798889160156
0.0705337524414063 -0.0188522338867188 -0.0370712280273438 0.041015625
0.069091796875 0.0206146240234375 -0.0391044616699219 0.0125312805175781
0.0230865478515625 0.072021484375 -0.0255126953125 -0.0113563537597656
-0.0237960815429688 0.0841217041015625 0.000745773315429686 0.0218372344970703
-0.0582466125488281 0.0632247924804688 -0.0489540100097656 0.0641632080078125
-0.0494346618652344 -0.00835037231445313 -0.0214614868164063 0.115020751953125
-0.0494232177734375 0.0163803100585937 -0.0181808471679688 0.111862182617188
-0.032379150390625 0.0378761291503906 0.00861358642578125 0.0696067810058594
0.00628662109375 0.04754638671875 0.0124969482421875 0.0450897216796875
0.0346832275390625 0.0246906280517578 0.00214576721191406 0.028564453125
0.0457382202148438 -0.0113372802734375 -0.00444984436035156 0.0329074859619141
0.0336437225341797 -0.0325546264648438 0.000759124755859375 0.0487022399902344
0.0290088653564453 -0.0338344573974609 0.00288391113281251 0.0597801208496094
0.0320854187011719 -0.0419158935546875 -0.0064697265625 0.0725021362304688
0.0426559448242188 -0.0349655151367187 -0.0291519165039062 0.0671157836914063
0.0550727844238281 -0.0069122314453125 -0.0482139587402344 0.0485610961914063
0.0496864318847656 0.0243415832519531 -0.0484352111816406 0.01300048828125
0.00377273559570312 0.0588188171386719 -0.0281238555908203 -0.0100994110107422
-0.0381851196289062 0.054168701171875 -0.00662612915039063 0.0324993133544922
-0.05828857421875 0.0236892700195313 -0.0714569091796875 0.0748443603515625
0.0350227355957031 0.0251655578613281 0.0711746215820312 -0.0782318115234375
0.0404014587402344 -0.018646240234375 0.0198192596435547 -0.0291728973388672
0.00600433349609375 -0.0360145568847656 0.0312957763671875 0.0109996795654297
-0.0214252471923828 -0.0244960784912109 0.0662040710449219 -0.0093536376953125
-0.0297355651855469 -0.00452804565429688 0.0627861022949219 -0.0552978515625
-0.0282211303710938 0.0170307159423828 0.0334701538085937 -0.0879745483398438
-0.0220260620117188 0.0140190124511719 0.00312042236328126 -0.0905532836914063
-0.0204925537109375 0.00837135314941407 -0.00522613525390625 -0.0736007690429688
-0.0263652801513672 0.0073089599609375 -0.00040817260742188 -0.0597038269042969
-0.0238895416259766 -0.0119457244873047 0.00582504272460937 -0.0477676391601562
-0.0072174072265625 -0.0297698974609375 0.00119781494140625 -0.0318107604980469
0.0180931091308594 -0.0259990692138672 -0.00536727905273438 -0.0394973754882813
0.042388916015625 -0.0007171630859375 -0.0044403076171875 -0.0732421875
0.0440139770507813 0.0286026000976563 0.010833740234375 -0.108932495117188
0.0244331359863281 0.045654296875 0.028900146484375 -0.112754821777344
0.0136566162109375 0.0679664611816406 0.0835647583007813 -0.062255859375
0.0417747497558594 0.0259780883789062 0.0299110412597656 -0.0190029144287109
0.0260009765625 -0.00221061706542969 0.0385818481445313 0.0189361572265625
0.0131912231445313 -0.0136098861694336 0.07635498046875 -0.0032958984375
0.00084686279296875 -0.0145540237426758 0.073028564453125 -0.05145263671875
-0.00832080841064453 -0.0103015899658203 0.041717529296875 -0.0890426635742188
-0.0124015808105469 -0.0174102783203125 0.00906372070312501 -0.0932693481445313
-0.0100879669189453 -0.0207958221435547 -0.0018463134765625 -0.0743637084960938
-0.0119609832763672 -0.0233058929443359 0.00283432006835938 -0.0577812194824219
0.000226974487304685 -0.0338058471679688 0.00956344604492188 -0.0447883605957031
0.0243053436279297 -0.0327606201171875 0.00072288513183594 -0.0249176025390625
0.0456886291503906 -0.0123977661132813 -0.00757217407226562 -0.0292186737060547
0.050323486328125 0.0340232849121094 -0.0146369934082031 -0.0610122680664063
0.0362014770507812 0.071258544921875 0.001556396484375 -0.0930252075195313
0.0061492919921875 0.084716796875 0.0249099731445312 -0.0919723510742188
-0.0136947631835938 0.102874755859375 0.087127685546875 -0.0322189331054687
0.0315780639648438 0.0717086791992187 0.0372238159179687 0.00239181518554688
0.0412216186523438 0.0397071838378906 0.0436935424804688 0.0310554504394531
0.0482521057128906 0.00466537475585938 0.0823516845703125 0.007080078125
0.035888671875 -0.0194320678710938 0.0775527954101563 -0.0403060913085938
0.0150299072265625 -0.035247802734375 0.047332763671875 -0.0797805786132812
0.000114440917968745 -0.0466461181640625 0.0151443481445313 -0.0843658447265625
0.0019073486328125 -0.0461082458496094 0.00138473510742187 -0.0638351440429688
0.00196838378906249 -0.0511894226074219 0.00481414794921875 -0.0452423095703125
0.0195541381835938 -0.0539207458496094 0.00818824768066406 -0.0339908599853516
0.0494232177734375 -0.0384025573730469 -0.00356197357177734 -0.0132064819335938
0.0687751770019531 -0.00681304931640625 -0.0137519836425781 -0.0184574127197266
0.0602264404296875 0.0557174682617188 -0.0246963500976563 -0.0467910766601562
0.0337066650390625 0.100700378417969 -0.0067138671875 -0.0704116821289063
-0.00731658935546876 0.111839294433594 0.0154953002929687 -0.0626602172851562
-0.0425186157226563 0.121047973632813 0.0784912109375 0.00740051269531251
0.010467529296875 0.108657836914063 0.0372161865234375 0.0332260131835938
0.0448226928710938 0.0814208984375 0.0444793701171875 0.047821044921875
0.075592041015625 0.0303726196289062 0.0811386108398438 0.0217666625976563
0.0682601928710938 -0.0168228149414063 0.0740280151367187 -0.0228652954101562
0.0400581359863281 -0.0531349182128906 0.0459632873535156 -0.0592803955078125
0.012969970703125 -0.0688285827636719 0.0190620422363281 -0.0635986328125
0.0133399963378906 -0.0653419494628906 0.00563430786132812 -0.0439186096191406
0.0132369995117187 -0.0723037719726563 0.00571632385253906 -0.0240764617919922
0.0339508056640625 -0.0685310363769531 0.00477027893066406 -0.0151958465576172
0.066162109375 -0.0433616638183594 -0.00974941253662109 0.00147151947021484
0.0832061767578125 -0.004669189453125 -0.01971435546875 -0.00696182250976563
0.0664291381835938 0.0679664611816406 -0.0300025939941406 -0.0334663391113281
0.030853271484375 0.116058349609375 -0.00642013549804687 -0.0445823669433594
-0.0182876586914062 0.124534606933594 0.00454139709472656 -0.0259475708007812
-0.0652847290039063 0.116569519042969 0.057952880859375 0.0510101318359375
-0.0154037475585937 0.123428344726563 0.0278701782226563 0.0677642822265625
0.0331954956054688 0.108741760253906 0.0389633178710938 0.0635528564453125
0.0852432250976563 0.0553207397460937 0.0690040588378906 0.0370597839355469
0.08758544921875 -0.006500244140625 0.0616264343261719 -0.00235366821289063
0.0607414245605469 -0.0600128173828125 0.0387306213378906 -0.0324821472167969
0.0257339477539063 -0.0799331665039063 0.0198631286621094 -0.0327930450439453
0.0226669311523438 -0.0747299194335937 0.00834846496582032 -0.0164775848388672
0.023162841796875 -0.083465576171875 0.00583744049072266 0.00228500366210937
0.0433197021484375 -0.0762176513671875 -0.000254631042480467 0.00755929946899414
0.0750885009765625 -0.0433120727539063 -0.0160608291625976 0.0171213150024414
0.0893096923828125 -0.00078582763671875 -0.0252094268798828 0.00273704528808594
0.0625534057617188 0.07415771484375 -0.0292129516601562 -0.0217723846435547
0.0202407836914062 0.117782592773437 -0.000755310058593748 -0.0185394287109375
-0.030364990234375 0.11981201171875 -0.00853824615478516 0.0112705230712891
-0.0744247436523438 0.0901031494140625 0.0306472778320313 0.088134765625
-0.0383453369140625 0.108634948730469 0.0122222900390625 0.0966644287109375
0.010162353515625 0.109634399414063 0.0279617309570313 0.0738525390625
0.0721588134765625 0.0689010620117188 0.0494575500488281 0.0472259521484375
0.0869674682617188 0.006744384765625 0.0406646728515625 0.0157585144042969
0.0694046020507813 -0.0535507202148438 0.0255088806152344 -0.00363731384277344
0.03338623046875 -0.0770416259765625 0.0164937973022461 -0.000810623168945317
0.0280303955078125 -0.0720443725585938 0.0102243423461914 0.0123147964477539
0.0295944213867187 -0.0818862915039063 0.00608634948730469 0.0291862487792969
0.047607421875 -0.0727691650390625 -0.00721931457519531 0.0311069488525391
0.0769805908203125 -0.036956787109375 -0.0252323150634766 0.0329399108886719
0.085052490234375 0.00666046142578125 -0.0318775177001953 0.00969505310058593
0.049346923828125 0.0758743286132812 -0.0270290374755859 -0.0146007537841797
0.00365447998046876 0.108383178710937 0.00414228439331055 0.00359749794006348
-0.04248046875 0.101211547851563 -0.0241813659667969 0.0444374084472656
-0.0690155029296875 0.0465126037597656 0.00445556640625 0.11260986328125
-0.0496292114257813 0.07086181640625 -0.00290679931640626 0.113136291503906
-0.0128555297851562 0.084197998046875 0.017364501953125 0.0750885009765625
0.0444679260253906 0.06634521484375 0.0292472839355469 0.0494155883789063
0.0684318542480469 0.0174064636230469 0.0201454162597656 0.0270347595214844
0.0629310607910156 -0.0370101928710937 0.0113296508789063 0.0195484161376953
0.0351905822753906 -0.0610733032226563 0.0108299255371094 0.0279941558837891
0.0290260314941406 -0.0594863891601563 0.0100212097167969 0.0400619506835937
0.0316810607910156 -0.0685348510742188 0.00284576416015626 0.0543403625488281
0.04766845703125 -0.0604705810546875 -0.0154609680175781 0.053192138671875
0.0710906982421875 -0.0258560180664063 -0.0347862243652344 0.0443496704101563
0.0730438232421875 0.0149765014648438 -0.0396156311035156 0.0144920349121094
0.03082275390625 0.0722808837890625 -0.0262660980224609 -0.0102291107177734
-0.0171585083007813 0.0890579223632812 0.00330162048339844 0.0214252471923828
-0.0541725158691406 0.0695114135742188 -0.0447463989257813 0.0684089660644531
-0.0515861511230469 -0.00385284423828126 -0.013427734375 0.121116638183594
-0.0490837097167969 0.021514892578125 -0.0114898681640625 0.115364074707031
-0.0300559997558594 0.0429306030273438 0.0120582580566406 0.0700836181640625
0.0115013122558594 0.0484733581542969 0.0141754150390625 0.0460891723632813
0.0383872985839844 0.0219459533691406 0.00475502014160156 0.0309391021728516
0.0456428527832031 -0.0158500671386719 -0.000911712646484371 0.0358200073242188
0.0314521789550781 -0.036865234375 0.00607681274414062 0.0498847961425781
0.0261001586914063 -0.0368995666503906 0.00828933715820313 0.0599403381347656
0.0288352966308594 -0.0459632873535156 -0.000503540039062501 0.0741348266601563
0.0401878356933594 -0.0394248962402344 -0.0251007080078125 0.0700225830078125
0.0559043884277344 -0.0123786926269531 -0.0470390319824219 0.0536575317382813
0.0532569885253906 0.0207252502441406 -0.0485801696777344 0.0174560546875
0.00902938842773438 0.0600395202636719 -0.0300121307373047 -0.00909423828125
-0.0347938537597656 0.0586090087890625 -0.00437736511230469 0.0324611663818359
-0.0572891235351563 0.0293083190917969 -0.0676956176757813 0.0816726684570313
0.0364875793457031 0.0215339660644531 0.0666122436523438 -0.0820083618164062
0.0382919311523438 -0.021026611328125 0.0180721282958984 -0.0297317504882812
0.00321197509765625 -0.0360145568847656 0.0318183898925781 0.0106582641601562
-0.023040771484375 -0.0226650238037109 0.0650672912597656 -0.0122032165527344
-0.029632568359375 -0.00125312805175781 0.0580825805664063 -0.058746337890625
-0.025482177734375 0.0197563171386719 0.0264739990234375 -0.0899734497070313
-0.020416259765625 0.0164756774902344 -0.00370025634765625 -0.089813232421875
-0.0202121734619141 0.00988197326660156 -0.0108184814453125 -0.0718994140625
-0.0251350402832031 0.00984573364257813 -0.00608444213867188 -0.0593986511230469
-0.0250148773193359 -0.00979804992675782 0.000995635986328128 -0.0485076904296875
-0.00975990295410156 -0.0278835296630859 -0.000995635986328123 -0.0334320068359375
0.0152015686035156 -0.0274391174316406 -0.00645828247070313 -0.0399284362792969
0.0417251586914063 -0.00429916381835938 -0.00817108154296874 -0.0717544555664063
0.04559326171875 0.0252685546875 0.00463104248046876 -0.108665466308594
0.0276069641113281 0.0430450439453125 0.0214767456054687 -0.115409851074219
0.0183906555175781 0.0665245056152344 0.079742431640625 -0.067108154296875
0.0429763793945313 0.0231781005859375 0.0274410247802734 -0.0203514099121094
0.0261573791503906 -0.00384712219238281 0.0385932922363281 0.0173225402832031
0.0113191604614258 -0.0143470764160156 0.0749359130859375 -0.00736236572265625
-0.000233650207519532 -0.0136594772338867 0.0683174133300781 -0.0553321838378906
-0.00843524932861328 -0.00890445709228516 0.03515625 -0.0911483764648438
-0.0129690170288086 -0.0163669586181641 0.00189208984375 -0.0928878784179688
-0.0117244720458984 -0.0193748474121094 -0.00811004638671875 -0.073577880859375
-0.0135021209716797 -0.0226650238037109 -0.00244903564453125 -0.0576171875
-0.00240516662597657 -0.0333595275878906 0.00379180908203125 -0.046112060546875
0.02130126953125 -0.0343799591064453 -0.00138282775878906 -0.0269565582275391
0.0447120666503906 -0.0156211853027344 -0.00874710083007812 -0.0305747985839844
0.0523262023925781 0.0302734375 -0.0176811218261719 -0.059600830078125
0.0406303405761719 0.0684890747070313 -0.00400543212890624 -0.0922470092773438
0.01153564453125 0.0836639404296875 0.018951416015625 -0.0950927734375
-0.00627899169921876 0.103614807128906 0.0850601196289063 -0.038299560546875
0.0362701416015625 0.069793701171875 0.0355644226074219 0.000396728515625004
0.0438156127929688 0.0374298095703125 0.0442886352539063 0.0288925170898438
0.0477981567382812 0.00148773193359375 0.082183837890625 0.00255584716796875
0.0337028503417969 -0.0211811065673828 0.0743865966796875 -0.04461669921875
0.0136489868164063 -0.0358848571777344 0.0407638549804688 -0.0813522338867188
-0.00373077392578125 -0.0456047058105469 0.00835418701171876 -0.0845565795898438
-0.00210952758789063 -0.0460777282714844 -0.00383758544921875 -0.0633621215820313
-0.00225448608398437 -0.0514678955078125 3.05175781250029E-05 -0.0456008911132813
0.0152359008789062 -0.0544204711914063 0.00377273559570313 -0.0351142883300781
0.0461006164550781 -0.0418128967285156 -0.00499343872070312 -0.0153951644897461
0.0671806335449219 -0.0112266540527344 -0.0140495300292969 -0.0193424224853516
0.0641021728515625 0.0516471862792969 -0.0262680053710937 -0.0449371337890625
0.040771484375 0.0983810424804688 -0.0103912353515625 -0.0695457458496094
7.62939453123891E-06 0.111465454101562 0.0114974975585938 -0.0653762817382813
-0.032867431640625 0.124244689941406 0.078369140625 0.00222015380859376
0.0186004638671875 0.108177185058594 0.0372962951660156 0.0309066772460938
0.05126953125 0.0792770385742188 0.0456504821777344 0.0454254150390625
0.0773468017578125 0.0246658325195313 0.0810775756835938 0.0172119140625
0.0659294128417969 -0.0216445922851563 0.072479248046875 -0.0260696411132813
0.0367546081542969 -0.0560150146484375 0.0418930053710938 -0.0605697631835938
0.008056640625 -0.0697746276855469 0.0138473510742187 -0.0636329650878906
0.00759506225585937 -0.0664787292480469 0.0015106201171875 -0.043792724609375
0.00734710693359375 -0.07373046875 0.00280189514160156 -0.0244636535644531
0.0276947021484375 -0.070892333984375 0.00133705139160156 -0.0171575546264648
0.0626983642578125 -0.0486221313476563 -0.00990200042724609 -0.00016880035400391
0.0829086303710938 -0.0111541748046875 -0.0195827484130859 -0.00706291198730469
0.0707321166992188 0.063629150390625 -0.0302524566650391 -0.0308246612548828
0.0390777587890625 0.113273620605469 -0.00856781005859374 -0.0439300537109375
-0.010223388671875 0.124954223632813 0.00285720825195313 -0.0280895233154297
-0.056304931640625 0.121498107910156 0.0605316162109375 0.0465126037597656
-0.0066375732421875 0.123802185058594 0.0307121276855469 0.0657463073730469
0.04144287109375 0.107063293457031 0.0405158996582031 0.0612602233886719
0.0890655517578125 0.0492324829101563 0.0697975158691406 0.0332489013671875
0.0863723754882812 -0.0130691528320313 0.06048583984375 -0.0047454833984375
0.0562324523925781 -0.0641860961914063 0.0362892150878906 -0.0334625244140625
0.0188369750976563 -0.080718994140625 0.0166606903076172 -0.0349845886230469
0.0156478881835938 -0.0766677856445312 0.00572490692138672 -0.0172739028930664
0.0158157348632812 -0.0844268798828125 0.00541877746582031 0.000844955444335932
0.0367660522460938 -0.079193115234375 -0.00163507461547851 0.00644254684448242
0.072174072265625 -0.0497512817382813 -0.0158615112304688 0.0172691345214844
0.0887374877929688 -0.00762176513671875 -0.0244731903076172 0.00290489196777344
0.0680885314941406 0.069793701171875 -0.0299453735351562 -0.0197792053222656
0.0298919677734375 0.116584777832031 -0.00180244445800781 -0.0192089080810547
-0.0220794677734375 0.122100830078125 -0.00754165649414063 0.00942134857177735
-0.0676040649414063 0.0952377319335938 0.0358505249023437 0.0863265991210938
-0.030792236328125 0.111129760742188 0.0171737670898437 0.0948028564453125
0.0192642211914063 0.109855651855469 0.0303955078125 0.0715103149414063
0.0774383544921875 0.0638275146484375 0.0504417419433594 0.0447349548339844
0.0869979858398438 0.000762939453125 0.0428428649902344 0.0144615173339844
0.0649642944335938 -0.0582046508789062 0.0260066986083984 -0.004669189453125
0.0267868041992187 -0.0782241821289063 0.0169897079467773 -0.00176811218261719
0.02081298828125 -0.0736312866210938 0.010319709777832 0.0115203857421875
0.0217514038085938 -0.0840835571289063 0.00685882568359376 0.0287647247314453
0.041717529296875 -0.07733154296875 -0.00521278381347656 0.0309658050537109
0.0739517211914063 -0.0436630249023438 -0.0229148864746094 0.0338058471679688
0.0856170654296875 -0.00018310546875 -0.0312767028808594 0.0115394592285156
0.0554046630859375 0.0733261108398438 -0.0276565551757813 -0.0133228302001953
0.0121994018554687 0.108345031738281 0.00491619110107422 0.00202608108520508
-0.0358428955078125 0.104164123535156 -0.0218429565429688 0.0444908142089844
-0.0648078918457031 0.0522956848144531 0.0116195678710937 0.111724853515625
-0.0445022583007813 0.0741500854492188 0.00270080566406249 0.111793518066406
-0.00612640380859375 0.0861587524414063 0.0203628540039063 0.0737686157226562
0.0498847961425781 0.062591552734375 0.0307731628417969 0.0489501953125
0.0693931579589844 0.011749267578125 0.0220813751220703 0.0272846221923828
0.0598907470703125 -0.0416831970214844 0.0136852264404297 0.0199298858642578
0.0296821594238281 -0.0634498596191406 0.0134525299072266 0.0265789031982422
0.0230140686035156 -0.0615272521972656 0.0124473571777344 0.0380744934082031
0.0249404907226562 -0.0714645385742188 0.00681686401367187 0.0538253784179687
0.0417251586914062 -0.0642547607421875 -0.0125389099121094 0.0531234741210938
0.0688400268554688 -0.0317764282226563 -0.0325431823730469 0.0461006164550781
0.07391357421875 0.008514404296875 -0.0387382507324219 0.0162696838378906
0.0364532470703125 0.0702896118164063 -0.0275077819824219 -0.00921249389648437
-0.00992584228515625 0.0904312133789063 0.00543594360351562 0.0196685791015625
-0.0484161376953125 0.0729217529296875 -0.0396499633789063 0.0702743530273438
-0.0515632629394531 0.00138854980468751 -0.00643157958984376 0.1220703125
-0.0473289489746094 0.02630615234375 -0.0051727294921875 0.115287780761719
-0.0263748168945313 0.04620361328125 0.0144157409667969 0.0683059692382813
0.01593017578125 0.0479965209960937 0.0165138244628906 0.0458908081054688
0.0399246215820313 0.017822265625 0.00714874267578125 0.0318965911865234
0.0433731079101563 -0.0194549560546875 0.00349807739257813 0.036651611328125
0.0272026062011719 -0.0391654968261719 0.00959396362304687 0.0483512878417969
0.0219001770019531 -0.0396461486816406 0.0124740600585938 0.059051513671875
0.0241241455078125 -0.0482215881347656 0.0047760009765625 0.0743789672851563
0.0363235473632813 -0.0433311462402344 -0.0198898315429688 0.071746826171875
0.0544471740722656 -0.0164985656738281 -0.0425605773925781 0.0560417175292969
0.0539131164550781 0.0155868530273438 -0.0479621887207031 0.0186233520507812
0.0135040283203125 0.0599899291992188 -0.0298938751220703 -0.00790023803710938
-0.0294075012207031 0.0618705749511719 -0.00079154968261719 0.0316486358642578
-0.0544891357421875 0.0329017639160156 -0.0613327026367188 0.0856246948242188
0.0367622375488281 0.0195503234863281 0.0627212524414063 -0.0834732055664063
0.0368156433105469 -0.0219802856445313 0.0157947540283203 -0.028839111328125
0.00154495239257812 -0.0353775024414063 0.0310516357421875 0.0105304718017578
-0.0240287780761719 -0.0209846496582031 0.0640106201171875 -0.0138359069824219
-0.0292434692382812 0.000339508056640621 0.05523681640625 -0.0591850280761719
-0.0236339569091797 0.0203285217285156 0.0225677490234375 -0.088531494140625
-0.0177822113037109 0.0174045562744141 -0.00726318359375001 -0.0874786376953125
-0.0192108154296875 0.0111217498779297 -0.0143051147460937 -0.0703811645507812
-0.0236854553222656 0.0106639862060547 -0.00942230224609375 -0.0579299926757813
-0.0241527557373047 -0.00780296325683593 -0.00290679931640625 -0.0480918884277344
-0.0115776062011719 -0.0259170532226563 -0.00221061706542969 -0.0345077514648438
0.0140094757080078 -0.0268917083740234 -0.00664138793945312 -0.0403060913085938
0.040802001953125 -0.00664138793945313 -0.00832748413085937 -0.0690536499023438
0.0456199645996094 0.0228691101074219 0.0017242431640625 -0.106346130371094
0.0288887023925781 0.0414924621582031 0.0173568725585938 -0.115669250488281
0.0206146240234375 0.0657501220703125 0.0761947631835938 -0.0693817138671875
0.0430984497070313 0.0208358764648437 0.0252666473388672 -0.0205459594726563
0.025115966796875 -0.00457382202148438 0.0378913879394531 0.016815185546875
0.0108499526977539 -0.0146808624267578 0.0740737915039063 -0.00934600830078125
-0.000999450683593751 -0.0131292343139648 0.0650749206542969 -0.0559730529785156
-0.00808620452880859 -0.00865983963012695 0.0302276611328125 -0.08984375
-0.0135974884033203 -0.0147266387939453 -0.00312042236328126 -0.09100341796875
-0.0121212005615234 -0.0178146362304688 -0.0121383666992188 -0.0707015991210938
-0.0146999359130859 -0.0215187072753906 -0.00625228881835937 -0.0565338134765625
-0.00424575805664062 -0.0319385528564453 0.000396728515625003 -0.0467338562011719
0.0189800262451172 -0.0335121154785156 -0.00236320495605469 -0.0280075073242188
0.0427818298339844 -0.0172271728515625 -0.0086669921875 -0.0312747955322266
0.0528335571289063 0.0267677307128906 -0.0170974731445312 -0.0576362609863281
0.0430831909179688 0.0655670166015625 -0.00627899169921875 -0.0900039672851563
0.0144577026367187 0.0822296142578125 0.0153121948242187 -0.09637451171875
-0.00228881835937499 0.101821899414063 0.08258056640625 -0.0410079956054688
0.0383377075195312 0.0675468444824219 0.0337734222412109 -0.000459671020507808
0.0456886291503906 0.0355033874511719 0.0438766479492188 0.0284538269042969
0.0473899841308594 -0.00028228759765625 0.0799713134765625 0.00118255615234375
0.0319976806640625 -0.0224494934082031 0.0712661743164063 -0.0453338623046875
0.0121307373046875 -0.0356369018554687 0.0367507934570313 -0.0812149047851563
-0.00574493408203125 -0.0444908142089844 0.0037689208984375 -0.0830154418945313
-0.00461578369140625 -0.0445327758789063 -0.00753402709960938 -0.0613212585449219
-0.00513458251953125 -0.0502204895019531 -0.0035247802734375 -0.044647216796875
0.0121345520019531 -0.0540657043457031 -0.000221252441406249 -0.0353775024414063
0.0427589416503906 -0.0429725646972656 -0.00609970092773437 -0.016627311706543
0.0656852722167969 -0.0140838623046875 -0.0138797760009766 -0.0202732086181641
0.0651206970214844 0.0483856201171875 -0.0264549255371094 -0.0433158874511719
0.0447463989257812 0.0955657958984375 -0.0114021301269531 -0.0687828063964844
0.0045928955078125 0.109992980957031 0.00894927978515625 -0.0667686462402344
-0.028106689453125 0.123947143554688 0.077392578125 -0.00138092041015624
0.0229263305664062 0.105491638183594 0.0355682373046875 0.0289459228515625
0.0543670654296875 0.0757369995117188 0.0452423095703125 0.0440406799316406
0.0774612426757813 0.0209274291992188 0.079498291015625 0.0153961181640625
0.0642738342285156 -0.0243072509765625 0.0702896118164063 -0.0276565551757813
0.0336074829101563 -0.0568885803222656 0.0395050048828125 -0.0612869262695313
0.00365829467773438 -0.0678215026855469 0.0105628967285156 -0.0638427734375
0.00358963012695313 -0.0648422241210938 -0.00182342529296875 -0.0417671203613281
0.00290679931640625 -0.0727081298828125 0.000255584716796874 -0.0248165130615234
0.0240249633789063 -0.07147216796875 -0.00161933898925781 -0.0175628662109375
0.0594024658203125 -0.0505752563476563 -0.0110187530517578 -0.000905990600585941
0.0812225341796875 -0.0146408081054688 -0.0190296173095703 -0.00787353515625
0.0735626220703125 0.059967041015625 -0.0298824310302734 -0.0296497344970703
0.0437850952148437 0.110588073730469 -0.0100364685058594 -0.0437698364257812
-0.00467681884765626 0.123283386230469 0.00146102905273438 -0.0300636291503906
-0.0507888793945312 0.122703552246094 0.0615577697753906 0.0434112548828125
-0.00149536132812499 0.122970581054687 0.0302581787109375 0.0624198913574219
0.0471725463867188 0.104339599609375 0.040283203125 0.0585899353027344
0.0903472900390625 0.0447998046875 0.0693778991699219 0.03131103515625
0.0840530395507813 -0.0165481567382813 0.0596427917480469 -0.0057525634765625
0.0522270202636719 -0.0655517578125 0.0360870361328125 -0.0341072082519531
0.0139541625976563 -0.0800323486328125 0.0146560668945313 -0.0350666046142578
0.0109634399414063 -0.0755538940429688 0.004486083984375 -0.0174150466918945
0.0106201171875 -0.0844650268554688 0.00390005111694336 0.000239372253417964
0.0322036743164063 -0.0802154541015625 -0.00308418273925781 0.00478744506835937
0.0687065124511719 -0.0518531799316406 -0.0160818099975586 0.0166492462158203
0.0870513916015625 -0.0121383666992188 -0.0245285034179687 0.00288200378417969
0.071014404296875 0.066680908203125 -0.0296478271484375 -0.0195236206054687
0.0357513427734375 0.113853454589844 -0.00151634216308593 -0.019775390625
-0.0160903930664063 0.12066650390625 -0.00690698623657227 0.0078272819519043
-0.0626296997070312 0.0979156494140625 0.037811279296875 0.0832138061523438
-0.0261001586914063 0.111419677734375 0.0178451538085938 0.0918121337890625
0.02435302734375 0.108734130859375 0.0298118591308594 0.0695991516113281
0.0800399780273438 0.0598907470703125 0.0502471923828125 0.0430564880371094
0.0857162475585937 -0.00350189208984375 0.0420303344726563 0.0134353637695313
0.0600624084472656 -0.0607795715332031 0.0262088775634766 -0.00488471984863282
0.0222549438476562 -0.0782394409179688 0.0155258178710938 -0.00260066986083985
0.0169143676757813 -0.0735855102539062 0.00937175750732422 0.00999355316162109
0.01678466796875 -0.0839385986328125 0.00756263732910156 0.0272369384765625
0.0366134643554688 -0.0775680541992187 -0.00613594055175781 0.0303306579589844
0.070831298828125 -0.047088623046875 -0.0226573944091797 0.0327110290527344
0.08404541015625 -0.0039215087890625 -0.0300922393798828 0.0109043121337891
0.0587806701660156 0.0701484680175781 -0.0273361206054687 -0.0124130249023437
0.01708984375 0.107200622558594 0.00479221343994141 0.0012040138244629
-0.0310516357421875 0.103446960449219 -0.019561767578125 0.0428085327148438
-0.06243896484375 0.0553016662597656 0.0148773193359375 0.11053466796875
-0.040252685546875 0.0759124755859375 0.005279541015625 0.109298706054688
-0.00154876708984376 0.08636474609375 0.0197296142578125 0.0712890625
0.0528488159179688 0.0599174499511719 0.0301399230957031 0.0481948852539063
0.0685462951660156 0.00780487060546875 0.0233860015869141 0.0270004272460937
0.0570144653320313 -0.0446205139160156 0.0155601501464844 0.0196552276611328
0.0260009765625 -0.0640068054199219 0.0143566131591797 0.0254802703857422
0.0198745727539062 -0.0611724853515625 0.0129127502441406 0.0364723205566406
0.0201950073242187 -0.0711135864257813 0.008514404296875 0.0517044067382812
0.0372810363769531 -0.0655784606933594 -0.0115470886230469 0.0517311096191406
0.0663566589355469 -0.0356178283691406 -0.0308189392089844 0.0459976196289062
0.0737152099609375 0.004730224609375 -0.0375938415527344 0.01690673828125
0.0395431518554687 0.0684471130371094 -0.0269565582275391 -0.00862121582031249
-0.005035400390625 0.090087890625 0.00545310974121094 0.0183124542236328
-0.0452194213867188 0.0735321044921875 -0.0362510681152344 0.0696945190429688
-0.0506629943847656 0.00422668457031249 -0.00235748291015627 0.12103271484375
-0.0455055236816406 0.0288467407226563 -0.00237274169921876 0.112510681152344
-0.0225257873535156 0.047393798828125 0.0149688720703125 0.0667991638183594
0.0185813903808594 0.0463600158691406 0.0163650512695313 0.0461997985839844
0.0400428771972656 0.0159339904785156 0.0088043212890625 0.0325031280517578
0.0420341491699219 -0.0220832824707031 0.00561904907226563 0.0365219116210938
0.0240211486816406 -0.0401153564453125 0.011627197265625 0.0470199584960938
0.0192031860351563 -0.0399360656738281 0.014190673828125 0.0565681457519531
0.0208320617675781 -0.0491142272949219 0.00834655761718751 0.0716400146484375
0.0336723327636719 -0.0445175170898438 -0.0176849365234375 0.0707855224609375
0.0532875061035156 -0.0194320678710938 -0.0402259826660156 0.0570716857910156
0.0539817810058594 0.0130958557128906 -0.0468368530273438 0.020965576171875
0.0158767700195313 0.0585975646972656 -0.0296516418457031 -0.00712203979492188
-0.0253753662109375 0.0623970031738281 0.000637054443359374 0.0298309326171875
-0.05157470703125 0.0337142944335938 -0.056640625 0.0860748291015625
0.0370674133300781 0.0184593200683594 0.061492919921875 -0.0846710205078125
0.035614013671875 -0.0232048034667969 0.0146694183349609 -0.0287837982177734
0.000202178955078124 -0.0357627868652344 0.0310764312744141 0.0106315612792969
-0.0245342254638672 -0.0199508666992187 0.0634498596191406 -0.0139656066894531
-0.0282859802246094 0.00171279907226563 0.0536079406738281 -0.0592041015625
-0.022186279296875 0.0208663940429687 0.0197830200195312 -0.0882492065429688
-0.017181396484375 0.0179805755615234 -0.00965881347656249 -0.0865631103515625
-0.0184307098388672 0.0119400024414063 -0.0160446166992187 -0.0690689086914063
-0.0229644775390625 0.0116176605224609 -0.0111503601074219 -0.0573616027832031
-0.0244884490966797 -0.00592041015625 -0.00477981567382813 -0.0481071472167969
-0.0124950408935547 -0.0257511138916016 -0.00347900390625 -0.0356216430664062
0.0127849578857422 -0.0275936126708984 -0.00627517700195312 -0.0417213439941406
0.0408096313476563 -0.00768661499023437 -0.00806045532226562 -0.0689811706542969
0.0460700988769531 0.0215835571289063 0.000541687011718744 -0.106277465820313
0.029510498046875 0.0404396057128906 0.0156097412109375 -0.11724853515625
0.0219383239746094 0.0647544860839844 0.0758819580078125 -0.0711135864257812
0.0433845520019531 0.0198974609375 0.0251026153564453 -0.020263671875
0.0257282257080078 -0.00502777099609375 0.0372734069824219 0.0172462463378906
0.0104284286499023 -0.0145950317382813 0.0730667114257813 -0.00933837890625
-0.000878334045410157 -0.0121707916259766 0.0633888244628906 -0.0560684204101563
-0.00783681869506836 -0.00798177719116211 0.0284042358398438 -0.0896987915039063
-0.0136213302612305 -0.0136127471923828 -0.0052337646484375 -0.0903778076171875
-0.0130500793457031 -0.0169963836669922 -0.0143470764160156 -0.06951904296875
-0.0147666931152344 -0.0205459594726562 -0.00877380371093751 -0.0554733276367188
-0.00479316711425781 -0.0315647125244141 -0.00206756591796875 -0.0462684631347656
0.0173683166503906 -0.0335426330566406 -0.00366783142089844 -0.0299301147460938
0.0420989990234375 -0.0177803039550781 -0.00798416137695312 -0.0330104827880859
0.0529251098632813 0.0254669189453125 -0.0166702270507812 -0.05682373046875
0.0445785522460938 0.0641975402832031 -0.00727081298828125 -0.0900039672851562
0.0157089233398437 0.0819015502929687 0.0141143798828125 -0.097320556640625
0.000228881835937492 0.101669311523438 0.0819244384765625 -0.0425033569335938
0.0396385192871094 0.0658836364746094 0.0331001281738281 -0.000490188598632808
0.046783447265625 0.0344657897949219 0.0427970886230469 0.0286331176757813
0.047637939453125 -0.00092315673828125 0.0796737670898438 0.00086212158203125
0.0314826965332031 -0.0224971771240234 0.0697746276855469 -0.0453605651855469
0.0117530822753906 -0.0354881286621094 0.035308837890625 -0.0813369750976563
-0.00683975219726562 -0.0442123413085937 0.00157928466796876 -0.0825881958007813
-0.00553512573242187 -0.0442657470703125 -0.00972366333007813 -0.0602951049804688
-0.00672531127929687 -0.0498619079589844 -0.00568771362304688 -0.0440101623535156
0.0109100341796875 -0.0537796020507813 -0.00292205810546875 -0.0358428955078125
0.0415077209472656 -0.0440139770507813 -0.00777053833007812 -0.0181636810302734
0.0651969909667969 -0.0159072875976562 -0.0138912200927734 -0.0212650299072266
0.0665245056152344 0.0469970703125 -0.0255889892578125 -0.0428276062011719
0.0465850830078125 0.0941619873046875 -0.0117263793945312 -0.0681800842285156
0.00562286376953126 0.109825134277344 0.00795745849609374 -0.0680046081542969
-0.0254364013671875 0.124221801757812 0.077911376953125 -0.00229644775390624
0.0249557495117187 0.104835510253906 0.0351104736328125 0.0283622741699219
0.057037353515625 0.074981689453125 0.0436210632324219 0.0436477661132813
0.0783538818359375 0.019561767578125 0.0792694091796875 0.0152587890625
0.0624656677246094 -0.0251846313476562 0.0694999694824219 -0.0272254943847656
0.0324554443359375 -0.0571479797363281 0.0379753112792969 -0.0617485046386719
0.00185394287109374 -0.0677490234375 0.00820541381835938 -0.0631027221679688
0.00153732299804687 -0.0642890930175781 -0.00315475463867187 -0.042388916015625
0.000610351562499995 -0.0723876953125 -0.00104522705078125 -0.0249881744384766
0.0218276977539063 -0.0718002319335938 -0.00341987609863281 -0.0185127258300781
0.0573997497558594 -0.0523223876953125 -0.0119075775146484 -0.00237751007080079
0.0808486938476563 -0.0166473388671875 -0.0190773010253906 -0.00927925109863281
0.0759124755859375 0.0589370727539062 -0.0291233062744141 -0.0295562744140625
0.0475387573242188 0.10980224609375 -0.00982284545898437 -0.0439186096191406
-0.00287628173828125 0.122833251953125 0.00118064880371094 -0.0320549011230469
-0.0472488403320312 0.123733520507813 0.0625190734863281 0.0425376892089844
0.00112152099609376 0.122596740722656 0.0303230285644531 0.0616378784179688
0.0499496459960938 0.1033935546875 0.0390892028808594 0.0589523315429688
0.091766357421875 0.0421676635742188 0.0679550170898438 0.03131103515625
0.0833511352539063 -0.0188446044921875 0.0598602294921875 -0.00612640380859375
0.0500297546386719 -0.0665206909179688 0.0350933074951172 -0.0340290069580078
0.0116043090820313 -0.0799942016601562 0.0128173828125 -0.0351409912109375
0.00869750976562499 -0.075042724609375 0.00395870208740235 -0.0169696807861328
0.00737762451171874 -0.0851821899414063 0.00324702262878418 0.000674724578857417
0.0284194946289063 -0.0806655883789063 -0.00467348098754883 0.00482988357543945
0.0671119689941406 -0.0544471740722656 -0.0167236328125 0.0152692794799805
0.08673095703125 -0.0137252807617188 -0.0241260528564453 0.00249290466308594
0.073577880859375 0.0650405883789063 -0.0286426544189453 -0.0192756652832031
0.0391769409179688 0.11370849609375 -0.00167655944824219 -0.0203418731689453
-0.01422119140625 0.1209716796875 -0.00713825225830078 0.00650835037231446
-0.061004638671875 0.0990066528320313 0.0391998291015625 0.0828094482421875
-0.0236358642578125 0.110885620117188 0.0180740356445312 0.091094970703125
0.0275344848632813 0.107498168945313 0.0290298461914063 0.0684890747070312
0.0822067260742188 0.0578689575195313 0.0496902465820313 0.0437736511230469
0.0847396850585938 -0.0058135986328125 0.042327880859375 0.0143852233886719
0.0590591430664063 -0.061981201171875 0.0267105102539063 -0.00471305847167969
0.01971435546875 -0.07861328125 0.0157699584960938 -0.00413799285888672
0.0145950317382813 -0.0734024047851562 0.00938796997070313 0.00988769531249999
0.0137710571289063 -0.0836105346679688 0.00735282897949219 0.0270652770996094
0.033599853515625 -0.0791015625 -0.00729560852050781 0.02886962890625
0.0694122314453125 -0.0495262145996094 -0.0224514007568359 0.0321140289306641
0.0846481323242188 -0.0068511962890625 -0.0304374694824219 0.0112991333007813
0.0609664916992188 0.0698165893554688 -0.0266132354736328 -0.0128860473632812
0.0204849243164063 0.106903076171875 0.00560903549194336 -0.000963211059570306
-0.0287399291992188 0.104408264160156 -0.0187225341796875 0.0417900085449219
-0.0612640380859375 0.0572013854980469 0.01593017578125 0.110855102539063
-0.0385055541992187 0.0768203735351563 0.00553131103515626 0.108505249023438
0.00124359130859374 0.0867538452148438 0.0190048217773438 0.0712966918945313
0.0548248291015625 0.0591850280761719 0.0305709838867188 0.0486030578613281
0.0681381225585938 0.006378173828125 0.0239067077636719 0.0277194976806641
0.0553321838378906 -0.0462112426757812 0.0170764923095703 0.0198402404785156
0.0236015319824219 -0.0646095275878906 0.0147800445556641 0.0244998931884766
0.0172309875488281 -0.0617218017578125 0.0132942199707031 0.0355186462402344
0.0174560546875 -0.071990966796875 0.0092315673828125 0.0513458251953125
0.0347023010253906 -0.0667839050292969 -0.0107879638671875 0.0514373779296875
0.0651206970214844 -0.0376701354980469 -0.0301628112792969 0.0466537475585938
0.0732192993164063 0.0029449462890625 -0.037384033203125 0.0174598693847656
0.0413932800292969 0.0686264038085938 -0.02685546875 -0.008819580078125
-0.00244903564453125 0.090545654296875 0.00602531433105469 0.0165042877197266
-0.0425643920898438 0.0744476318359375 -0.0349044799804687 0.0687713623046875
-0.0503654479980469 0.0053253173828125 -0.00154113769531251 0.122428894042969
-0.04443359375 0.0297813415527344 -0.00236511230468751 0.111686706542969
-0.0211219787597656 0.0484809875488281 0.0130119323730469 0.0662117004394531
0.0209922790527344 0.0457611083984375 0.0157699584960938 0.0467338562011719
0.0404052734375 0.0138778686523437 0.00984001159667969 0.0340290069580078
0.041290283203125 -0.0237045288085938 0.00823593139648438 0.036590576171875
0.0226974487304688 -0.0407676696777344 0.0127220153808594 0.0463180541992188
0.0176658630371094 -0.0405235290527344 0.0155067443847656 0.0548744201660156
0.0183525085449219 -0.0494918823242188 0.00914764404296875 0.0711593627929687
0.0315971374511719 -0.0461845397949219 -0.0162315368652344 0.0698432922363281
0.0518341064453125 -0.0218963623046875 -0.0388374328613281 0.0575447082519531
0.0539741516113281 0.0118789672851563 -0.0463371276855469 0.0206947326660156
0.0181770324707031 0.0590019226074219 -0.0297698974609375 -0.00764846801757813
-0.023712158203125 0.0634002685546875 0.00105094909667968 0.0283145904541016
-0.0508918762207031 0.0347099304199219 -0.0550308227539062 0.0859603881835938
0.0378684997558594 0.0186614990234375 0.0620956420898438 -0.0885162353515625
0.0360107421875 -0.0237693786621094 0.0145969390869141 -0.0296401977539062
-0.000537872314453126 -0.036041259765625 0.0311756134033203 0.0112934112548828
-0.0263252258300781 -0.0199222564697266 0.0635299682617188 -0.014617919921875
-0.0294284820556641 0.00250625610351563 0.0543556213378906 -0.0595741271972656
-0.0210933685302734 0.0212078094482422 0.0182418823242187 -0.0886611938476563
-0.0165214538574219 0.0191669464111328 -0.0124740600585937 -0.0879898071289063
-0.0193958282470703 0.0134162902832031 -0.0182075500488281 -0.0692100524902344
-0.0231952667236328 0.0126609802246094 -0.0130157470703125 -0.0573616027832031
-0.0251655578613281 -0.00532913208007812 -0.006622314453125 -0.0484237670898438
-0.0136814117431641 -0.0243244171142578 -0.00414657592773438 -0.0375785827636719
0.0120792388916016 -0.0279407501220703 -0.00628280639648437 -0.0440521240234375
0.0397987365722656 -0.00918197631835938 -0.00685501098632812 -0.0695571899414063
0.0470466613769531 0.0204734802246094 0.000358581542968745 -0.108283996582031
0.0309219360351563 0.0411605834960938 0.0148849487304688 -0.120285034179688
0.0233154296875 0.0646629333496094 0.0772857666015625 -0.07421875
0.0441131591796875 0.0199737548828125 0.0245456695556641 -0.0208759307861328
0.0264396667480469 -0.00481414794921875 0.0377578735351562 0.0183067321777344
0.0101089477539063 -0.0153102874755859 0.0753631591796875 -0.00975799560546875
-0.00118064880371094 -0.0119514465332031 0.0645217895507813 -0.0566825866699219
-0.00693893432617188 -0.00867271423339844 0.0272140502929688 -0.0919342041015625
-0.013671875 -0.0131006240844727 -0.00742340087890624 -0.091949462890625
-0.0135860443115234 -0.0167369842529297 -0.0159530639648438 -0.0705947875976563
-0.0148811340332031 -0.0205097198486328 -0.0106735229492188 -0.0557441711425781
-0.00505828857421875 -0.0313034057617188 -0.00531768798828125 -0.0481491088867188
0.0173091888427734 -0.0347728729248047 -0.00539970397949219 -0.0314121246337891
0.0418205261230469 -0.0190887451171875 -0.0082855224609375 -0.0352783203125
0.0550575256347656 0.0248603820800781 -0.0157127380371094 -0.0585746765136719
0.0467872619628906 0.0648956298828125 -0.00713348388671875 -0.0918731689453125
0.0169448852539062 0.0832443237304687 0.0130996704101562 -0.101776123046875
0.00159454345703125 0.104133605957031 0.0834808349609375 -0.04449462890625
0.041717529296875 0.0669479370117188 0.0330429077148438 -0.000793457031249996
0.0485420227050781 0.0350112915039063 0.0431709289550781 0.0298957824707031
0.0478096008300781 -0.0015869140625 0.0812454223632813 0.00109100341796875
0.0322189331054688 -0.0232734680175781 0.0705795288085938 -0.046142578125
0.0119667053222656 -0.0372505187988281 0.0351638793945313 -0.0837936401367188
-0.00814056396484375 -0.0444259643554688 -9.91821289062442E-05 -0.084320068359375
-0.00724029541015625 -0.0445632934570313 -0.0112457275390625 -0.0610389709472656
-0.00806427001953125 -0.050811767578125 -0.00751495361328126 -0.0450706481933594
0.00966644287109376 -0.0551033020019531 -0.005462646484375 -0.0372543334960938
0.0408515930175781 -0.0450286865234375 -0.00913047790527344 -0.0199394226074219
0.0664596557617188 -0.0171928405761719 -0.013671875 -0.0230960845947266
0.0686798095703125 0.0470428466796875 -0.0242500305175781 -0.0439987182617187
0.0498428344726563 0.0948486328125 -0.0120773315429688 -0.0697402954101563
0.00768280029296874 0.112693786621094 0.00665283203125 -0.0715789794921875
-0.02410888671875 0.127433776855469 0.0793304443359375 -0.00382995605468749
0.026824951171875 0.10614013671875 0.0353889465332031 0.0286026000976563
0.0592803955078125 0.074859619140625 0.0436782836914063 0.0448417663574219
0.0802764892578125 0.018798828125 0.0800704956054688 0.015228271484375
0.0626182556152344 -0.0270843505859375 0.0699501037597656 -0.0285224914550781
0.0329093933105469 -0.0590972900390625 0.0384407043457031 -0.0620918273925781
0.000804901123046878 -0.0682716369628906 0.00674057006835937 -0.0644378662109375
-0.000942230224609381 -0.0650787353515625 -0.00488662719726562 -0.0426521301269531
-0.0019073486328125 -0.0735244750976562 -0.00286102294921875 -0.0254783630371094
0.0194015502929687 -0.0736770629882813 -0.00648880004882812 -0.0190258026123047
0.056976318359375 -0.0544090270996094 -0.0130653381347656 -0.0043325424194336
0.0822525024414063 -0.0189056396484375 -0.019500732421875 -0.0108242034912109
0.0783538818359375 0.0594863891601563 -0.0291595458984375 -0.030548095703125
0.050933837890625 0.111473083496094 -0.0100135803222656 -0.0456504821777344
-0.000984191894531248 0.126708984375 -0.000146865844726565 -0.0344810485839844
-0.0457229614257813 0.127372741699219 0.0640869140625 0.0425491333007813
0.00359344482421875 0.125404357910156 0.0296058654785156 0.0631141662597656
0.0533905029296875 0.105583190917969 0.0383796691894531 0.0610122680664063
0.0951080322265625 0.0426712036132813 0.0691146850585938 0.0327949523925781
0.084075927734375 -0.0214767456054688 0.060791015625 -0.00574111938476563
0.0509490966796875 -0.0700912475585938 0.0361061096191406 -0.0348243713378906
0.00942993164062501 -0.0817031860351563 0.0132675170898437 -0.0364570617675781
0.006317138671875 -0.0770950317382813 0.00235939025878906 -0.01812744140625
0.00522613525390625 -0.0873565673828125 0.00199377536773682 0.000166416168212885
0.0265579223632813 -0.0827789306640625 -0.00690126419067383 0.00493431091308593
0.0671615600585938 -0.057830810546875 -0.0174713134765625 0.0145750045776367
0.089599609375 -0.01593017578125 -0.0249061584472656 0.000513076782226566
0.0767822265625 0.0661468505859375 -0.0281028747558594 -0.0202178955078125
0.0431365966796875 0.115348815917969 -0.00280380249023437 -0.0222225189208984
-0.012939453125 0.12371826171875 -0.0077357292175293 0.00470733642578126
-0.0603179931640625 0.102806091308594 0.041839599609375 0.0852127075195313
-0.0212326049804688 0.114830017089844 0.0186767578125 0.0918807983398438
0.0316238403320313 0.108657836914063 0.0280685424804688 0.0716781616210938
0.0858230590820313 0.0572280883789063 0.0515060424804688 0.0457992553710938
0.0872955322265625 -0.006744384765625 0.0441551208496094 0.0142402648925781
0.0591773986816406 -0.0653266906738281 0.0290355682373047 -0.00447273254394532
0.01904296875 -0.08123779296875 0.0149307250976563 -0.00420951843261719
0.0120086669921875 -0.0752792358398438 0.00844764709472656 0.00943279266357422
0.0114669799804687 -0.0864639282226563 0.0067596435546875 0.0267105102539062
0.0316162109375 -0.081451416015625 -0.00753974914550781 0.0300216674804687
0.070098876953125 -0.0519294738769531 -0.023406982421875 0.0320453643798828
0.0858230590820313 -0.00893402099609375 -0.0308666229248047 0.0110721588134766
0.064971923828125 0.0698661804199219 -0.027191162109375 -0.0134372711181641
0.0245513916015625 0.109230041503906 0.0058436393737793 -0.00099134445190429
-0.0276947021484375 0.106338500976563 -0.0195960998535156 0.0413780212402344
-0.0615653991699219 0.0601997375488281 0.0184326171875 0.112754821777344
-0.0388565063476562 0.0799636840820312 0.0059356689453125 0.110923767089844
0.00290679931640626 0.0885772705078125 0.01763916015625 0.0731658935546875
0.058319091796875 0.0588417053222656 0.0300979614257813 0.0502891540527344
0.0702133178710937 0.00498199462890625 0.0247840881347656 0.0294570922851563
0.0556144714355469 -0.04962158203125 0.0186653137207031 0.0206756591796875
0.0221061706542969 -0.0664558410644531 0.0155544281005859 0.0247936248779297
0.0154800415039063 -0.0628814697265625 0.0129890441894531 0.0357551574707031
0.01531982421875 -0.0747222900390625 0.0102310180664063 0.051055908203125
0.0334510803222656 -0.069915771484375 -0.0104446411132813 0.0518302917480469
0.0657539367675781 -0.040496826171875 -0.0308647155761719 0.0466423034667969
0.0753860473632813 0.00176239013671875 -0.0380516052246094 0.0175552368164063
0.04486083984375 0.0696372985839844 -0.0276527404785156 -0.00993537902832031
-0.00032043457031249 0.0924911499023437 0.00636863708496094 0.0163869857788086
-0.0435256958007812 0.0768051147460938 -0.0351028442382812 0.0704345703125
-0.0516242980957031 0.00768661499023438 0.000389099121093755 0.124351501464844
-0.0444107055664063 0.0313873291015625 -0.00181579589843751 0.114036560058594
-0.0198097229003906 0.0495338439941406 0.0111846923828125 0.0670967102050781
0.0224533081054687 0.0466270446777344 0.0159225463867188 0.0488433837890625
0.041290283203125 0.0135612487792969 0.00977706909179688 0.0360603332519531
0.0413856506347656 -0.0254707336425781 0.00913619995117187 0.0373420715332031
0.0222969055175781 -0.0422096252441406 0.0145378112792969 0.0468177795410156
0.0167007446289062 -0.0413322448730469 0.01666259765625 0.0554771423339844
0.016876220703125 -0.0509796142578125 0.01153564453125 0.071685791015625
0.0302352905273438 -0.0467758178710938 -0.0169601440429688 0.0708770751953125
0.0521469116210938 -0.0235214233398438 -0.0396881103515625 0.0580787658691406
0.0568580627441406 0.0104827880859375 -0.046783447265625 0.0218925476074219
0.0194282531738281 0.0603828430175781 -0.0305461883544922 -0.00793647766113281
-0.0213737487792969 0.0645561218261719 0.00215339660644531 0.0277843475341797
-0.0516319274902344 0.0365142822265625 -0.0559616088867188 0.0876388549804687
0.0403518676757813 0.0174751281738281 0.062957763671875 -0.0949859619140625
0.0366172790527344 -0.0255928039550781 0.0136833190917969 -0.0315189361572266
-0.00269317626953125 -0.036468505859375 0.0330276489257813 0.0120429992675781
-0.0282821655273438 -0.0190563201904297 0.0672187805175781 -0.01593017578125
-0.0301647186279297 0.00428009033203125 0.0544586181640625 -0.0626335144042969
-0.0211467742919922 0.0233993530273437 0.0165863037109375 -0.092315673828125
-0.0157089233398438 0.0204296112060547 -0.0148391723632813 -0.0905609130859375
-0.0192756652832031 0.0151348114013672 -0.0214767456054687 -0.0716018676757813
-0.0234527587890625 0.0140228271484375 -0.016693115234375 -0.0581588745117187
-0.0260181427001953 -0.00449752807617187 -0.00949096679687501 -0.0497779846191406
-0.0155754089355469 -0.0248508453369141 -0.0064697265625 -0.0410575866699219
0.0107917785644531 -0.0291690826416016 -0.00749969482421874 -0.0473976135253906
0.0411605834960938 -0.01129150390625 -0.00754547119140625 -0.072479248046875
0.0492973327636719 0.018829345703125 -0.00179290771484375 -0.112030029296875
0.0329856872558594 0.04119873046875 0.0121536254882813 -0.127105712890625
0.0263328552246094 0.0665435791015625 0.078399658203125 -0.080108642578125
0.0471458435058594 0.0192146301269531 0.024658203125 -0.0223274230957031
0.0267181396484375 -0.007080078125 0.0398101806640625 0.0189018249511719
0.00952625274658203 -0.0152120590209961 0.07733154296875 -0.011627197265625
-0.00134849548339844 -0.0128507614135742 0.0649147033691406 -0.0596885681152344
-0.00724554061889649 -0.00863218307495117 0.025238037109375 -0.094757080078125
-0.0139360427856445 -0.0141887664794922 -0.00961303710937501 -0.0942001342773438
-0.0155191421508789 -0.0165805816650391 -0.0198974609375 -0.0718841552734375
-0.0171966552734375 -0.020111083984375 -0.014617919921875 -0.0572662353515625
-0.00702857971191406 -0.0319595336914063 -0.00780487060546875 -0.0495491027832031
0.0155601501464844 -0.0356864929199219 -0.00730514526367187 -0.0345821380615234
0.0430793762207031 -0.0214996337890625 -0.00835418701171874 -0.0384521484375
0.0570106506347656 0.0241470336914063 -0.0171012878417969 -0.0596961975097656
0.0507926940917969 0.0656890869140625 -0.00856781005859374 -0.0949554443359375
0.019561767578125 0.0863723754882813 0.0112380981445313 -0.107353210449219
0.00553131103515626 0.108818054199219 0.086334228515625 -0.0498733520507812
0.0457725524902344 0.0676994323730469 0.0332565307617188 -0.00195121765136718
0.0517616271972656 0.0340499877929687 0.0443572998046875 0.0305862426757812
0.0501861572265625 -0.00362777709960938 0.0837936401367188 -0.00066375732421875
0.0324287414550781 -0.0253372192382812 0.0726470947265625 -0.0493927001953125
0.011688232421875 -0.039093017578125 0.0336532592773437 -0.0860824584960938
-0.00928497314453125 -0.0456657409667969 -0.003692626953125 -0.0864410400390625
-0.0094757080078125 -0.0456504821777344 -0.0146369934082031 -0.0627822875976563
-0.0109214782714844 -0.0519638061523438 -0.0105667114257812 -0.0457878112792969
0.00732803344726562 -0.0573272705078125 -0.00899887084960938 -0.038421630859375
0.0410079956054688 -0.0487709045410156 -0.0110244750976563 -0.0223751068115234
0.0684661865234375 -0.0206069946289063 -0.0142707824707031 -0.0262031555175781
0.0739059448242188 0.0460433959960938 -0.0251960754394531 -0.0452079772949219
0.0559921264648437 0.097198486328125 -0.0145034790039062 -0.0725021362304688
0.0112762451171875 0.116668701171875 0.00548553466796874 -0.0764007568359375
-0.0208816528320312 0.133399963378906 0.08270263671875 -0.00581359863281249
0.031005859375 0.108673095703125 0.0362205505371094 0.0290451049804688
0.06549072265625 0.0766830444335938 0.046112060546875 0.0471916198730469
0.0843734741210938 0.0166778564453125 0.0820159912109375 0.0159072875976563
0.0650482177734375 -0.0298309326171875 0.0725784301757813 -0.029998779296875
0.0317420959472656 -0.0638618469238281 0.0395774841308594 -0.0653610229492188
-0.00157165527343749 -0.0711135864257813 0.005279541015625 -0.0665664672851563
-0.0034637451171875 -0.0679702758789062 -0.00758743286132813 -0.0438766479492188
-0.004608154296875 -0.0767364501953125 -0.0049591064453125 -0.0260047912597656
0.0172042846679688 -0.0775833129882812 -0.00890922546386718 -0.0202293395996094
0.0574722290039063 -0.0597610473632813 -0.0150222778320312 -0.00468540191650391
0.0850982666015625 -0.0224685668945313 -0.0194053649902344 -0.0121383666992188
0.0852432250976563 0.0581283569335938 -0.0297050476074219 -0.031219482421875
0.057769775390625 0.114395141601563 -0.0111503601074219 -0.0476646423339844
0.00208282470703125 0.131881713867187 -0.00134658813476562 -0.0382575988769531
-0.04388427734375 0.134620666503906 0.0684700012207031 0.0418014526367188
0.00768280029296875 0.129783630371094 0.0322990417480469 0.0634231567382813
0.0603256225585938 0.107246398925781 0.0387840270996094 0.0632209777832031
0.100189208984375 0.0404815673828125 0.0715866088867188 0.033172607421875
0.0875396728515625 -0.02325439453125 0.0631256103515625 -0.00635528564453125
0.0500106811523438 -0.0744171142578125 0.037353515625 -0.0368614196777344
0.0072174072265625 -0.0837020874023438 0.0113334655761719 -0.0377349853515625
0.00396728515625 -0.0805435180664063 0.00137901306152344 -0.0178928375244141
0.0010833740234375 -0.0905380249023438 0.00240540504455566 -5.34057617187555E-05
0.0236587524414062 -0.0873031616210938 -0.00867414474487305 0.00429344177246093
0.06695556640625 -0.0631752014160156 -0.0187168121337891 0.0146160125732422
0.0916671752929688 -0.0213165283203125 -0.0254268646240234 0.00167274475097657
0.0834732055664063 0.0663223266601563 -0.0284519195556641 -0.02020263671875
0.0499496459960938 0.1185302734375 -0.00197410583496093 -0.0240802764892578
-0.010589599609375 0.129508972167969 -0.00913047790527344 0.00314807891845704
-0.0579147338867188 0.109878540039063 0.0465240478515625 0.0880813598632813
-0.0199050903320313 0.121086120605469 0.0207672119140625 0.0947189331054688
0.0368881225585938 0.113845825195312 0.0291061401367187 0.07342529296875
0.0906448364257812 0.0559463500976562 0.0528335571289063 0.0465583801269531
0.0892715454101563 -0.0115890502929688 0.0456695556640625 0.0154495239257812
0.0586051940917969 -0.0701637268066406 0.0315322875976563 -0.00553703308105469
0.0158004760742187 -0.0844345092773438 0.0162429809570313 -0.00606727600097657
0.00975036621093751 -0.0790786743164063 0.00832176208496094 0.0101547241210937
0.00734710693359375 -0.0905685424804688 0.009765625 0.0260524749755859
0.029022216796875 -0.0873489379882812 -0.00894355773925781 0.0306587219238281
0.0698776245117188 -0.0579948425292969 -0.02349853515625 0.0334072113037109
0.0890045166015625 -0.0128097534179688 -0.0314922332763672 0.0118522644042969
0.0706558227539063 0.070587158203125 -0.0269489288330078 -0.0146961212158203
0.0297470092773438 0.112632751464844 0.00517082214355469 -0.00249481201171874
-0.0268096923828125 0.110923767089844 -0.0187568664550781 0.0431709289550781
-0.0611228942871094 0.06524658203125 0.0222625732421875 0.11810302734375
-0.0374298095703125 0.0849761962890625 0.00779724121093749 0.114540100097656
0.00696563720703125 0.0927734375 0.0180587768554687 0.0758819580078125
0.0627975463867187 0.0584335327148437 0.0318031311035156 0.0522308349609375
0.0732345581054688 0.00257110595703125 0.0277290344238281 0.0302238464355469
0.0553436279296875 -0.052947998046875 0.0206470489501953 0.0202770233154297
0.0195350646972656 -0.0696792602539063 0.0170326232910156 0.0250511169433594
0.0139884948730469 -0.0660629272460937 0.015106201171875 0.0358772277832031
0.01263427734375 -0.0778121948242187 0.0113143920898437 0.0529823303222656
0.0312118530273437 -0.0736618041992188 -0.0108871459960937 0.0538063049316406
0.0665435791015625 -0.0450286865234375 -0.0308914184570313 0.0494728088378906
0.0789413452148438 -0.00246429443359375 -0.0388145446777344 0.0186042785644531
0.0497589111328125 0.0712661743164063 -0.0287151336669922 -0.00998497009277344
0.00363159179687499 0.09625244140625 0.0076904296875 0.0151224136352539
-0.0425567626953125 0.0806427001953125 -0.0349502563476563 0.0732040405273437
-0.0539016723632812 0.01055908203125 0.00466156005859376 0.132164001464844
-0.045501708984375 0.0352058410644531 0.000228881835937493 0.118934631347656
-0.0184478759765625 0.0521430969238281 0.0127143859863281 0.0700263977050781
0.0259208679199219 0.0476646423339844 0.0172309875488281 0.0520057678222656
0.044708251953125 0.0128631591796875 0.0121307373046875 0.0366973876953125
0.0418853759765625 -0.0297889709472656 0.0121955871582031 0.0386390686035156
0.0205230712890625 -0.0447273254394531 0.0166702270507812 0.0475196838378906
0.0152397155761719 -0.0439910888671875 0.0185623168945313 0.0571403503417969
0.0158576965332031 -0.0534858703613281 0.013397216796875 0.0736160278320312
0.0295906066894531 -0.0515937805175781 -0.0145492553710937 0.074493408203125
0.0547256469726563 -0.0272026062011719 -0.0396614074707031 0.0615348815917969
0.05712890625 0.00864410400390625 -0.0490837097167969 0.0229415893554688
0.0233230590820313 0.0623283386230469 -0.0318012237548828 -0.00872421264648436
-0.0195579528808594 0.0673294067382813 0.00279045104980469 0.0280475616455078
-0.0528106689453125 0.0378303527832031 -0.0554275512695313 0.0923995971679687
0.0424842834472656 0.0156898498535156 0.058807373046875 -0.102516174316406
0.0359153747558594 -0.0301971435546875 0.0121345520019531 -0.0334720611572266
-0.0055389404296875 -0.0389442443847656 0.03460693359375 0.0111923217773437
-0.0304222106933594 -0.0170001983642578 0.0689163208007813 -0.0187873840332031
-0.0302677154541016 0.00678062438964844 0.0535659790039063 -0.0668678283691406
-0.0200824737548828 0.0248680114746094 0.0119552612304687 -0.096099853515625
-0.0140419006347656 0.0218544006347656 -0.0206375122070313 -0.0922317504882813
-0.0183391571044922 0.0167713165283203 -0.0267333984375 -0.0715179443359375
-0.0229015350341797 0.0166835784912109 -0.0216636657714844 -0.0596809387207031
-0.0263957977294922 -0.00202560424804687 -0.0138282775878906 -0.0510635375976563
-0.0179405212402344 -0.0231208801269531 -0.00989151000976562 -0.0433235168457031
0.00867652893066406 -0.0309314727783203 -0.00874710083007812 -0.0508346557617188
0.0417098999023438 -0.0145187377929687 -0.010345458984375 -0.0746383666992188
0.0522727966308594 0.0165214538574219 -0.00715637207031251 -0.114936828613281
0.0371284484863281 0.0406417846679688 0.0059661865234375 -0.133796691894531
0.031158447265625 0.0678558349609375 0.0762939453125 -0.088409423828125
0.0500373840332031 0.0162544250488281 0.0240154266357422 -0.0252552032470703
0.0270786285400391 -0.00847625732421875 0.0422935485839844 0.0181999206542969
0.00891590118408203 -0.0157833099365234 0.07928466796875 -0.014678955078125
-0.00159358978271484 -0.0128688812255859 0.0647315979003906 -0.0652198791503906
-0.00755500793457031 -0.008819580078125 0.0217742919921875 -0.0995559692382812
-0.0153017044067383 -0.0125885009765625 -0.016693115234375 -0.0968017578125
-0.0158977508544922 -0.0160322189331055 -0.024871826171875 -0.072662353515625
-0.0193271636962891 -0.0203838348388672 -0.0188064575195312 -0.0594711303710938
-0.0095062255859375 -0.0321426391601563 -0.0126762390136719 -0.0507125854492188
0.0139656066894531 -0.0377197265625 -0.0105552673339844 -0.0366058349609375
0.0433158874511719 -0.0241241455078125 -0.0104598999023437 -0.0411415100097656
0.0600738525390625 0.0209388732910156 -0.0178604125976562 -0.0617179870605469
0.0562973022460938 0.064208984375 -0.0132293701171875 -0.0978546142578125
0.0261688232421875 0.0876846313476563 0.00572967529296874 -0.113121032714844
0.0120162963867188 0.111557006835938 0.0866546630859375 -0.0575103759765625
0.0511245727539063 0.0669288635253906 0.033660888671875 -0.00413322448730468
0.0561714172363281 0.0318946838378906 0.0469779968261719 0.0304718017578125
0.0517501831054688 -0.006622314453125 0.0872650146484375 -0.00391387939453125
0.0323581695556641 -0.0282955169677734 0.07293701171875 -0.0541763305664063
0.00928497314453125 -0.0423965454101563 0.03057861328125 -0.0910186767578125
-0.0118751525878906 -0.0468254089355469 -0.00914764404296874 -0.0890731811523437
-0.0118942260742188 -0.0460014343261719 -0.0192375183105469 -0.0626220703125
-0.0145721435546875 -0.0532913208007813 -0.0141525268554688 -0.0471153259277344
0.00363159179687499 -0.0596656799316406 -0.0128173828125 -0.0390472412109375
0.0386123657226563 -0.0529251098632813 -0.0145111083984375 -0.0233249664306641
0.0693855285644531 -0.0251007080078125 -0.0159778594970703 -0.0279884338378906
0.079254150390625 0.0430145263671875 -0.0268478393554688 -0.046234130859375
0.0633392333984375 0.09637451171875 -0.017242431640625 -0.074310302734375
0.018280029296875 0.120445251464844 0.0007781982421875 -0.080718994140625
-0.0132827758789063 0.138893127441406 0.0865402221679688 -0.0119552612304687
0.0398635864257813 0.110244750976563 0.0387382507324219 0.0267829895019531
0.07257080078125 0.0746917724609375 0.0488510131835938 0.0471992492675781
0.0887985229492188 0.0117874145507813 0.085906982421875 0.0131149291992188
0.0659294128417969 -0.0348320007324219 0.0739974975585938 -0.0342330932617188
0.029296875 -0.0679588317871094 0.0364799499511719 -0.0699996948242188
-0.0061187744140625 -0.07275390625 0.00109100341796875 -0.0692863464355469
-0.0074005126953125 -0.0691871643066406 -0.0114707946777344 -0.0445175170898438
-0.01025390625 -0.0788192749023437 -0.00731086730957032 -0.0271282196044922
0.0120849609375 -0.0811004638671875 -0.01220703125 -0.0196056365966797
0.0555992126464844 -0.0657615661621094 -0.0173559188842773 -0.00465679168701172
0.0863723754882813 -0.029205322265625 -0.0206928253173828 -0.013427734375
0.092498779296875 0.0545883178710938 -0.0305538177490234 -0.0325946807861328
0.0676116943359375 0.113914489746094 -0.0131034851074219 -0.0495414733886719
0.0099945068359375 0.136489868164062 -0.00317001342773438 -0.04010009765625
-0.0374755859375 0.141403198242187 0.0738067626953125 0.039215087890625
0.01556396484375 0.132652282714844 0.0357131958007813 0.0643348693847656
0.0686874389648437 0.107032775878906 0.0431327819824219 0.0633773803710938
0.1072998046875 0.034637451171875 0.0753555297851563 0.0316848754882813
0.0892333984375 -0.03070068359375 0.0648880004882813 -0.00938796997070313
0.0466537475585937 -0.0805282592773438 0.0374641418457031 -0.040771484375
0.002532958984375 -0.088348388671875 0.010040283203125 -0.039703369140625
-0.000946044921875007 -0.08154296875 -0.000982284545898439 -0.0188541412353516
-0.0051727294921875 -0.0932693481445313 0.000804424285888671 -0.00120091438293458
0.0184326171875 -0.0923690795898438 -0.00983047485351562 0.00454616546630859
0.0655174255371094 -0.0699691772460938 -0.0192241668701172 0.0157108306884766
0.0944366455078125 -0.0280380249023438 -0.0257892608642578 0.000686645507812494
0.0916748046875 0.0621414184570313 -0.0306777954101562 -0.0217113494873047
0.0596466064453125 0.118553161621094 -0.00338554382324218 -0.0261993408203125
-0.00341033935546876 0.13525390625 -0.00863981246948242 0.00284242630004884
-0.054840087890625 0.117919921875 0.0526809692382813 0.087371826171875
-0.0117416381835938 0.124252319335938 0.0259170532226562 0.0977020263671875
0.04541015625 0.11566162109375 0.03253173828125 0.0755462646484375
0.0987319946289063 0.052337646484375 0.0565299987792969 0.0467376708984375
0.0929107666015625 -0.0168533325195313 0.0487480163574219 0.014312744140625
0.055511474609375 -0.0767059326171875 0.0318202972412109 -0.00826454162597657
0.0105361938476562 -0.0886688232421875 0.0150175094604492 -0.00628376007080079
0.0048675537109375 -0.0826950073242188 0.0088491439819336 0.00922298431396484
0.00124359130859375 -0.094329833984375 0.0092315673828125 0.0271644592285156
0.02313232421875 -0.0908355712890625 -0.00823211669921875 0.0313968658447266
0.0685844421386719 -0.0649681091308594 -0.0230293273925781 0.0357856750488281
0.0920333862304688 -0.0193023681640625 -0.0309162139892578 0.0123214721679688
0.0783233642578125 0.0687408447265625 -0.0291099548339844 -0.0141391754150391
0.0387420654296875 0.114456176757813 0.00593185424804688 -0.00544404983520507
-0.0211563110351563 0.11700439453125 -0.0170135498046875 0.0431137084960938
-0.0597305297851562 0.072052001953125 0.0307083129882813 0.121742248535156
-0.0336456298828125 0.0897445678710937 0.0137481689453125 0.117698669433594
0.013275146484375 0.0961761474609375 0.0212173461914063 0.0780563354492188
0.0700759887695313 0.0565414428710938 0.0348701477050781 0.0543632507324219
0.0759201049804688 -0.0024566650390625 0.0300960540771484 0.0299835205078125
0.0538444519042969 -0.0593681335449219 0.0228099822998047 0.0198841094970703
0.0159225463867187 -0.0733795166015625 0.0189380645751953 0.0243453979492187
0.00931930541992187 -0.0697135925292969 0.0166358947753906 0.0355148315429687
0.00690460205078124 -0.0813980102539063 0.015167236328125 0.053436279296875
0.0264434814453125 -0.078643798828125 -0.00877761840820312 0.0562019348144531
0.0653190612792969 -0.0520553588867188 -0.0294303894042969 0.0523719787597656
0.081329345703125 -0.00666046142578125 -0.0387916564941406 0.0207633972167969
0.0571746826171875 0.0701103210449219 -0.0299282073974609 -0.0102310180664062
0.0113754272460937 0.098968505859375 0.00914573669433594 0.0137996673583984
-0.0392532348632813 0.086090087890625 -0.0315628051757813 0.076507568359375
-0.0548667907714844 0.0135726928710938 0.0116424560546875 0.137153625488281
-0.0438652038574219 0.0398330688476563 0.00521850585937501 0.122810363769531
-0.0161056518554688 0.0570831298828125 0.014251708984375 0.0727920532226563
0.0307884216308594 0.0464897155761719 0.0197944641113281 0.0542449951171875
0.0469856262207031 0.00959396362304688 0.0156478881835938 0.0380210876464844
0.0407981872558594 -0.0334587097167969 0.0155105590820313 0.0385971069335938
0.0177803039550781 -0.0476036071777344 0.0209083557128906 0.0472602844238281
0.0127220153808594 -0.0464591979980469 0.0219001770019531 0.0569343566894531
0.0126876831054688 -0.056549072265625 0.018096923828125 0.0748825073242188
0.026458740234375 -0.0552330017089844 -0.0112075805664062 0.0767669677734375
0.0540885925292969 -0.0321617126464844 -0.0374183654785156 0.0652732849121094
0.0608673095703125 0.00555419921875 -0.0485191345214844 0.02618408203125
0.0290374755859375 0.06292724609375 -0.03271484375 -0.00780487060546874
-0.015655517578125 0.0715408325195313 0.00527572631835937 0.0276870727539063
-0.0524406433105469 0.0427970886230469 -0.051422119140625 0.0992050170898438
0.0444679260253906 0.0115318298339844 0.052215576171875 -0.107933044433594
0.0337162017822266 -0.034423828125 0.00798606872558594 -0.0348033905029297
-0.00980758666992188 -0.0376205444335938 0.0347557067871094 0.0105762481689453
-0.032440185546875 -0.0150279998779297 0.0687828063964844 -0.0222396850585938
-0.0311126708984375 0.00902748107910157 0.0504074096679688 -0.0706939697265625
-0.0167999267578125 0.0261955261230469 0.00648498535156251 -0.0969161987304688
-0.0130653381347656 0.0234298706054688 -0.027496337890625 -0.0894546508789062
-0.0166110992431641 0.0188503265380859 -0.0318717956542969 -0.0695419311523437
-0.0215015411376953 0.0178337097167969 -0.0256385803222656 -0.0582122802734375
-0.0266799926757813 0.000476837158203122 -0.018218994140625 -0.0498313903808594
-0.0200252532958984 -0.0217742919921875 -0.0133438110351563 -0.0438117980957031
0.00706863403320313 -0.0335674285888672 -0.0127296447753906 -0.0530853271484375
0.0406570434570313 -0.0185089111328125 -0.014739990234375 -0.0766067504882813
0.0543479919433594 0.0131149291992188 -0.0131301879882813 -0.116561889648438
0.0407295227050781 0.0389213562011719 -0.0039520263671875 -0.136940002441406
0.0366668701171875 0.0659370422363281 0.0720748901367188 -0.0954971313476563
0.0508155822753906 0.0117912292480469 0.0216751098632813 -0.0281124114990234
0.0280246734619141 -0.0109157562255859 0.0429000854492188 0.0165252685546875
0.00751304626464844 -0.0166797637939453 0.0795211791992187 -0.019256591796875
-0.00333881378173828 -0.0124711990356445 0.0634040832519531 -0.0674514770507813
-0.00871706008911133 -0.00815486907958984 0.0162429809570312 -0.102485656738281
-0.0155038833618164 -0.0120229721069336 -0.023895263671875 -0.09539794921875
-0.0176887512207031 -0.0139598846435547 -0.0307464599609375 -0.0704269409179688
-0.0198135375976563 -0.0186614990234375 -0.0237464904785156 -0.057647705078125
-0.01177978515625 -0.0311145782470703 -0.0172271728515625 -0.04986572265625
0.009613037109375 -0.0390968322753906 -0.0137710571289062 -0.037322998046875
0.0407600402832031 -0.0278892517089844 -0.0131187438964844 -0.0408287048339844
0.0622825622558594 0.0166053771972656 -0.0208778381347656 -0.0611000061035156
0.0611076354980469 0.0603675842285156 -0.0198287963867187 -0.0978775024414062
0.0321273803710938 0.086761474609375 -0.002166748046875 -0.116508483886719
0.0196456909179687 0.111984252929688 0.083648681640625 -0.0656356811523438
0.0569534301757812 0.0630035400390625 0.0333404541015625 -0.00697898864746093
0.0595512390136719 0.0279617309570313 0.0498695373535156 0.02899169921875
0.0520744323730469 -0.010528564453125 0.0877761840820313 -0.008087158203125
0.03106689453125 -0.0301876068115234 0.0714797973632813 -0.0572357177734375
0.00623703002929688 -0.0431785583496094 0.02520751953125 -0.0935821533203125
-0.0149154663085938 -0.045135498046875 -0.013946533203125 -0.0881423950195313
-0.0149154663085938 -0.045806884765625 -0.0245399475097656 -0.0617752075195313
-0.0178413391113281 -0.0524024963378906 -0.0183029174804687 -0.045806884765625
-0.000915527343750003 -0.0595016479492188 -0.0173606872558594 -0.0384712219238281
0.0352210998535156 -0.05670166015625 -0.0170249938964844 -0.0228729248046875
0.0678977966308594 -0.0314598083496094 -0.0173625946044922 -0.0299034118652344
0.0833282470703125 0.036956787109375 -0.0281982421875 -0.0455894470214844
0.0700912475585938 0.0919265747070313 -0.0206222534179688 -0.074432373046875
0.0268783569335937 0.120285034179688 -0.00533294677734376 -0.0833892822265625
-0.00164794921875001 0.141143798828125 0.085357666015625 -0.0177764892578125
0.0474472045898437 0.107879638671875 0.0402259826660156 0.0244674682617188
0.0786972045898438 0.0705184936523438 0.0501594543457031 0.0461311340332031
0.0901031494140625 0.0056610107421875 0.0871124267578125 0.0097808837890625
0.0649757385253906 -0.0403251647949219 0.0727157592773438 -0.0375747680664063
0.0253410339355469 -0.0697059631347656 0.0332107543945313 -0.073638916015625
-0.0103836059570312 -0.0740737915039063 -0.00533294677734374 -0.0705947875976563
-0.0126762390136719 -0.0682220458984375 -0.0139808654785156 -0.0430068969726563
-0.0164871215820313 -0.078887939453125 -0.0100231170654297 -0.0260276794433594
0.00562286376953125 -0.0829238891601563 -0.0157833099365234 -0.0201549530029297
0.051544189453125 -0.0708694458007813 -0.0182209014892578 -0.00505638122558594
0.084686279296875 -0.0373306274414063 -0.0230140686035156 -0.0143566131591797
0.097198486328125 0.048614501953125 -0.0305061340332031 -0.0326480865478516
0.0759735107421875 0.109207153320313 -0.0155029296875 -0.0488739013671875
0.0188064575195313 0.136405944824219 -0.00585556030273438 -0.0420341491699219
-0.025787353515625 0.146026611328125 0.078369140625 0.0346221923828125
0.0252838134765625 0.132720947265625 0.0400047302246094 0.0608177185058594
0.076629638671875 0.103561401367188 0.0458564758300781 0.0625953674316406
0.111671447753906 0.026702880859375 0.0794143676757813 0.0285186767578125
0.0869598388671875 -0.0374069213867188 0.0669631958007812 -0.01287841796875
0.040771484375 -0.0850753784179687 0.0351791381835938 -0.0434341430664063
-0.0054168701171875 -0.0892562866210937 0.00663375854492187 -0.0418281555175781
-0.00843048095703124 -0.0830078125 -0.00348472595214844 -0.0198326110839844
-0.0127944946289063 -0.0938339233398438 -0.000708818435668946 -0.00130498409271241
0.0117645263671875 -0.09375 -0.0121650695800781 0.00499629974365234
0.0609207153320313 -0.0760040283203125 -0.019195556640625 0.0157833099365234
0.0931625366210938 -0.0359115600585938 -0.0262184143066406 0.000356674194335934
0.0985870361328125 0.0554428100585938 -0.0310020446777344 -0.0213069915771484
0.069549560546875 0.114982604980469 -0.00371932983398437 -0.0261745452880859
0.00717926025390624 0.136703491210938 -0.0100221633911133 0.00227451324462891
-0.0453872680664063 0.123092651367188 0.0601272583007812 0.0828781127929688
-0.00435638427734376 0.12445068359375 0.0331268310546875 0.0952529907226563
0.0541000366210938 0.112991333007813 0.0351104736328125 0.0744476318359375
0.1031494140625 0.0441436767578125 0.0590782165527344 0.0439910888671875
0.0900192260742188 -0.0241012573242188 0.0515594482421875 0.0121536254882813
0.0499038696289063 -0.0831298828125 0.0335121154785156 -0.00915527343750001
0.004180908203125 -0.0883941650390625 0.0168018341064453 -0.00809574127197266
-0.00257110595703124 -0.0816421508789063 0.00995635986328125 0.00828742980957031
-0.00565338134765625 -0.0948486328125 0.0107421875 0.0259208679199219
0.0160598754882813 -0.0945358276367188 -0.00676918029785156 0.03204345703125
0.0651702880859375 -0.0729217529296875 -0.0217475891113281 0.0369758605957031
0.0932235717773438 -0.028045654296875 -0.031402587890625 0.0140361785888672
0.0853500366210938 0.0637588500976563 -0.0294933319091797 -0.0115089416503906
0.04901123046875 0.112396240234375 0.00575733184814453 -0.00684833526611327
-0.0117340087890625 0.120071411132812 -0.0149993896484375 0.0453262329101563
-0.0557403564453125 0.07867431640625 0.0382308959960938 0.121864318847656
-0.0265655517578125 0.0933685302734375 0.020111083984375 0.117691040039063
0.0199127197265625 0.0965576171875 0.0255584716796875 0.0774307250976562
0.0749282836914063 0.0511398315429688 0.0377426147460938 0.0537872314453125
0.0766830444335938 -0.00789642333984375 0.03253173828125 0.0286026000976563
0.0501136779785156 -0.0647926330566406 0.0251846313476563 0.0176868438720703
0.010101318359375 -0.075531005859375 0.0203533172607422 0.0238151550292969
0.00410079956054688 -0.0699844360351563 0.0198497772216797 0.0339603424072265
0.00167083740234374 -0.0811233520507813 0.019561767578125 0.0520133972167969
0.019927978515625 -0.080810546875 -0.00589752197265625 0.0560493469238281
0.0629158020019531 -0.0582962036132813 -0.0265960693359375 0.0545845031738281
0.0824813842773437 -0.0136642456054688 -0.037139892578125 0.0225143432617188
0.0629653930664063 0.0664329528808594 -0.0295562744140625 -0.00925636291503905
0.0205001831054687 0.0987701416015625 0.00960159301757813 0.0122966766357422
-0.0335845947265625 0.0893402099609375 -0.0278549194335938 0.0768966674804688
-0.0546112060546875 0.0210952758789063 0.021209716796875 0.137847900390625
-0.040283203125 0.0420417785644531 0.0116348266601562 0.123031616210938
-0.0117645263671875 0.0587806701660156 0.0190582275390625 0.0739822387695313
0.0373420715332031 0.0435447692871094 0.0214157104492188 0.0543594360351562
0.0483207702636719 0.004974365234375 0.0184440612792969 0.037109375
0.0383758544921875 -0.0365333557128906 0.0184669494628906 0.0375709533691406
0.0139656066894531 -0.0498847961425781 0.0251426696777344 0.0452041625976563
0.007843017578125 -0.0479927062988281 0.0270462036132812 0.0560874938964844
0.00696182250976563 -0.0592117309570313 0.0228424072265625 0.0725021362304688
0.021240234375 -0.0567207336425781 -0.00630950927734374 0.0767135620117187
0.0498886108398438 -0.0363922119140625 -0.0329475402832031 0.0674591064453125
0.0625457763671875 0.00111007690429687 -0.0460472106933594 0.0279273986816406
0.0359153747558594 0.0605506896972656 -0.0340518951416016 -0.00687980651855469
-0.0102691650390625 0.0731582641601563 0.00573539733886719 0.0248184204101563
-0.0502128601074219 0.0474014282226563 -0.0429229736328125 0.102088928222656
0.0427780151367188 0.00787734985351563 0.0440826416015625 -0.109909057617188
0.0298652648925781 -0.0384407043457031 0.00512313842773437 -0.0347480773925781
-0.0116729736328125 -0.0363807678222656 0.0351676940917969 0.00888824462890625
-0.0305442810058594 -0.0107765197753906 0.0669708251953125 -0.0268440246582031
-0.0258693695068359 0.0101051330566406 0.0454063415527344 -0.0700263977050781
-0.0160274505615234 0.0271663665771484 -0.00218963623046875 -0.0956192016601562
-0.0095672607421875 0.0241775512695313 -0.0313491821289063 -0.0893020629882813
-0.0151138305664063 0.0176677703857422 -0.0352668762207031 -0.0648994445800781
-0.0174942016601562 0.0184860229492188 -0.029388427734375 -0.0555610656738281
-0.0267257690429688 0.00282287597656249 -0.0204429626464844 -0.0441207885742188
-0.0209293365478516 -0.0201187133789063 -0.0188026428222656 -0.0433197021484375
0.00244712829589843 -0.0315914154052734 -0.0135574340820312 -0.0525436401367188
0.0384292602539063 -0.0212516784667969 -0.016265869140625 -0.0712966918945313
0.0521507263183594 0.00679397583007813 -0.0174407958984375 -0.111724853515625
0.0413436889648438 0.0354652404785156 -0.00878906249999998 -0.134567260742188
0.0368728637695312 0.0627517700195313 0.0605697631835937 -0.100242614746094
0.0524864196777344 0.008941650390625 0.0193653106689453 -0.0292453765869141
0.0261135101318359 -0.0134525299072266 0.0418663024902344 0.0153160095214844
0.00710105895996094 -0.0157842636108398 0.0774917602539062 -0.0234909057617187
-0.00403690338134766 -0.00983333587646484 0.0578155517578125 -0.0724945068359375
-0.00868320465087891 -0.0080270767211914 0.00872039794921875 -0.0983200073242187
-0.0156641006469727 -0.0112447738647461 -0.0283203125 -0.0920181274414063
-0.0180625915527344 -0.0127487182617188 -0.032745361328125 -0.0682640075683594
-0.0231170654296875 -0.0157718658447266 -0.0269584655761719 -0.0530433654785156
-0.0141716003417969 -0.0318603515625 -0.0206146240234375 -0.0486946105957031
0.00799942016601563 -0.037841796875 -0.0151443481445313 -0.038360595703125
0.0411300659179688 -0.0295372009277344 -0.0151748657226563 -0.0416145324707031
0.0627555847167969 0.0125465393066406 -0.0209503173828125 -0.0599479675292969
0.0649528503417969 0.0563926696777344 -0.0252685546875 -0.0958786010742187
0.0365219116210938 0.0820846557617188 -0.009979248046875 -0.113189697265625
0.0245819091796875 0.110328674316406 0.0789337158203125 -0.0716171264648438
0.0581893920898437 0.0573196411132812 0.0332984924316406 -0.00888633728027343
0.0607833862304688 0.0249061584472656 0.0491485595703125 0.0264701843261719
0.0526008605957031 -0.0120086669921875 0.086578369140625 -0.0130996704101563
0.02850341796875 -0.0311508178710938 0.0675086975097656 -0.0604209899902344
0.00284576416015625 -0.0439033508300781 0.0197830200195312 -0.09344482421875
-0.01806640625 -0.0442962646484375 -0.0200653076171875 -0.08721923828125
-0.0177421569824219 -0.0428123474121094 -0.0295753479003906 -0.0583877563476563
-0.0206260681152344 -0.0504951477050781 -0.0216407775878906 -0.0451316833496094
-0.00378036499023438 -0.058197021484375 -0.018890380859375 -0.0378646850585938
0.0296974182128906 -0.0575332641601562 -0.0199851989746094 -0.0213031768798828
0.066131591796875 -0.03448486328125 -0.0188484191894531 -0.0307750701904297
0.0840377807617188 0.0327911376953125 -0.0310707092285156 -0.0446662902832031
0.0768508911132813 0.0875015258789063 -0.0220489501953125 -0.0726165771484375
0.0315704345703125 0.1165771484375 -0.0105667114257812 -0.0831146240234375
0.00799560546874999 0.139999389648438 0.0813522338867188 -0.0266342163085937
0.0534210205078125 0.105232238769531 0.0397872924804688 0.0190315246582031
0.0822982788085938 0.0621871948242188 0.0530967712402344 0.0434761047363281
0.0914459228515625 -0.0023956298828125 0.08746337890625 0.0046539306640625
0.0607109069824219 -0.04150390625 0.0692176818847656 -0.0404129028320313
0.016632080078125 -0.07293701171875 0.0288009643554687 -0.074188232421875
-0.0144577026367188 -0.0724105834960938 -0.0102462768554688 -0.0688896179199219
-0.0128555297851563 -0.0682029724121094 -0.0194816589355469 -0.0379066467285156
-0.0214691162109375 -0.0742721557617188 -0.0118312835693359 -0.0254955291748047
-0.000167846679687502 -0.0838699340820313 -0.0200729370117188 -0.018707275390625
0.0425186157226563 -0.0716934204101563 -0.0194511413574219 -0.00395774841308594
0.0817031860351563 -0.0388259887695313 -0.0230426788330078 -0.0145511627197266
0.0972824096679687 0.0410079956054688 -0.0328369140625 -0.0287818908691406
0.0812530517578125 0.101417541503906 -0.0169410705566406 -0.0477561950683594
0.0271759033203125 0.134284973144531 -0.0106925964355469 -0.0402297973632812
-0.017578125 0.147796630859375 0.0771408081054687 0.0275115966796875
0.0347137451171875 0.13006591796875 0.04425048828125 0.0587425231933594
0.0823822021484375 0.0988693237304688 0.0476951599121094 0.0587158203125
0.110061645507813 0.0203018188476563 0.0786514282226563 0.0257720947265625
0.0838241577148438 -0.0417556762695313 0.064849853515625 -0.0166511535644531
0.0356292724609375 -0.0844802856445313 0.0363235473632813 -0.0449981689453125
-0.010955810546875 -0.0875091552734375 0.00235748291015625 -0.0368461608886719
-0.0116348266601562 -0.079742431640625 -0.00585556030273437 -0.020050048828125
-0.020538330078125 -0.0911636352539062 0.000940322875976561 -0.00231528282165528
0.00263977050781249 -0.0924530029296875 -0.0111732482910156 0.00673389434814452
0.0551986694335938 -0.0764694213867188 -0.0184173583984375 0.016693115234375
0.0888671875 -0.0429153442382813 -0.0244979858398437 -0.000612258911132813
0.102630615234375 0.0460739135742188 -0.0312786102294922 -0.0169849395751953
0.0756607055664063 0.107826232910156 -0.00497436523437499 -0.0269870758056641
0.01312255859375 0.134452819824219 -0.0101280212402344 0.00295352935791017
-0.0368576049804687 0.124900817871094 0.0638198852539062 0.076507568359375
0.00672912597656249 0.122161865234375 0.0338058471679687 0.0900650024414063
0.0617828369140625 0.106216430664063 0.0370254516601563 0.0750045776367187
0.104721069335937 0.03857421875 0.061187744140625 0.0411300659179687
0.0889892578125 -0.030120849609375 0.0539512634277344 0.00902175903320313
0.043426513671875 -0.0871734619140625 0.0315971374511719 -0.00917625427246094
-0.00421142578125 -0.0867691040039062 0.0163793563842773 -0.0123872756958008
-0.00936126708984375 -0.0804214477539063 0.00822019577026367 0.00750207901000976
-0.0131683349609375 -0.0934982299804688 0.00987434387207031 0.0223026275634766
0.00811004638671874 -0.094329833984375 -0.00882339477539063 0.0360450744628906
0.0556488037109375 -0.0762786865234375 -0.0171546936035156 0.0405540466308594
0.0878143310546875 -0.0351791381835938 -0.0307388305664062 0.00908660888671874
0.0881118774414063 0.0561141967773438 -0.0336284637451172 -0.0102138519287109
0.0558929443359375 0.106735229492188 0.00552082061767579 -0.0073561668395996
-0.00399780273437499 0.114608764648437 -0.012969970703125 0.0449600219726563
-0.0511474609375 0.0810165405273437 0.046295166015625 0.1182861328125
-0.0218582153320313 0.0944061279296875 0.0285797119140625 0.114952087402344
0.0271759033203125 0.0941009521484375 0.028167724609375 0.0750198364257813
0.0773696899414063 0.0439910888671875 0.0392494201660156 0.0503768920898438
0.07562255859375 -0.013275146484375 0.0350475311279297 0.0264396667480469
0.0427131652832031 -0.0676612854003906 0.0272026062011719 0.0187950134277344
0.0041656494140625 -0.0758438110351563 0.0197124481201172 0.0227756500244141
0.000190734863281256 -0.0692100524902344 0.0203475952148438 0.0290870666503906
-0.00637054443359376 -0.082244873046875 0.0209236145019531 0.0514144897460937
0.01544189453125 -0.08245849609375 -0.00228881835937499 0.0572166442871094
0.0574684143066406 -0.0631179809570313 -0.0235443115234375 0.0556297302246094
0.0803604125976563 -0.0222320556640625 -0.0347042083740234 0.0238685607910156
0.0666084289550781 0.0614547729492188 -0.0303916931152344 -0.00624847412109375
0.0262680053710938 0.0954742431640625 0.0111875534057617 0.0118589401245117
-0.0275039672851563 0.0886077880859375 -0.021820068359375 0.0810317993164063
-0.0502471923828125 0.0223350524902344 0.0297470092773437 0.135543823242188
-0.0405120849609375 0.0452423095703125 0.0209503173828125 0.122383117675781
-0.00766372680664062 0.0584831237792969 0.01922607421875 0.0690727233886719
0.0400733947753906 0.0417747497558594 0.0267333984375 0.0524826049804687
0.0514602661132813 -0.00151443481445313 0.0194931030273438 0.0358390808105469
0.0334510803222656 -0.038726806640625 0.0234832763671875 0.0368995666503906
0.0077972412109375 -0.0483932495117187 0.0287818908691406 0.045928955078125
0.000507354736328123 -0.0474090576171875 0.0261268615722656 0.0501785278320313
0.00351333618164063 -0.0574150085449219 0.0245513916015625 0.0664863586425781
0.0196533203125 -0.0575447082519531 -0.00309753417968751 0.0770111083984375
0.0497512817382813 -0.039825439453125 -0.0291976928710938 0.0682754516601563
0.0625038146972656 -0.00478363037109375 -0.0462188720703125 0.025787353515625
0.0383377075195313 0.058929443359375 -0.03326416015625 -0.00669479370117187
-0.00518798828125 0.0740585327148437 0.0075531005859375 0.02130126953125
-0.0447235107421875 0.0485801696777344 -0.0367279052734375 0.100509643554688
0.04290771484375 0.00724029541015625 0.03887939453125 -0.109786987304688
0.029022216796875 -0.0346298217773438 0.00392532348632812 -0.03509521484375
-0.0119895935058594 -0.0356483459472656 0.0348663330078125 0.00879478454589843
-0.0324668884277344 -0.00967979431152344 0.0652084350585938 -0.0265388488769531
-0.0273876190185547 0.0122566223144531 0.0430450439453125 -0.0716171264648438
-0.0153522491455078 0.0277538299560547 -0.00215148925781249 -0.0927581787109375
-0.00804710388183594 0.0228080749511719 -0.0345611572265625 -0.08477783203125
-0.0132465362548828 0.0222225189208984 -0.035736083984375 -0.0629615783691406
-0.0181007385253906 0.0218753814697266 -0.0321922302246094 -0.0530509948730469
-0.0253829956054688 0.00352287292480469 -0.0228042602539062 -0.0465736389160156
-0.0199184417724609 -0.0168609619140625 -0.0183334350585938 -0.04217529296875
0.00173377990722656 -0.0306110382080078 -0.0163726806640625 -0.0526847839355469
0.0364570617675781 -0.0208511352539063 -0.0156021118164063 -0.0716629028320313
0.0523834228515625 0.00730133056640625 -0.0192413330078125 -0.109931945800781
0.0442543029785156 0.0330009460449219 -0.0142898559570312 -0.133316040039063
0.0408592224121094 0.0594520568847656 0.0582275390625 -0.0994415283203125
0.0488777160644531 0.0069122314453125 0.0161457061767578 -0.0287227630615234
0.0254745483398438 -0.0109062194824219 0.0411872863769531 0.0146675109863281
0.00638198852539063 -0.0155725479125977 0.075653076171875 -0.024078369140625
-0.00314903259277344 -0.0118265151977539 0.0534248352050781 -0.0697555541992188
-0.00854063034057617 -0.00829219818115234 0.00592803955078125 -0.0974655151367188
-0.016322135925293 -0.0110540390014648 -0.0310821533203125 -0.0901641845703125
-0.0190029144287109 -0.0114898681640625 -0.0367279052734375 -0.0642204284667969
-0.0210895538330078 -0.0150966644287109 -0.0289535522460937 -0.0514717102050781
-0.0126781463623047 -0.0287227630615234 -0.0229988098144531 -0.0452308654785156
0.00711441040039063 -0.0368461608886719 -0.0188522338867187 -0.0356178283691406
0.0369148254394531 -0.0290985107421875 -0.015533447265625 -0.0435676574707031
0.059356689453125 0.0112457275390625 -0.0214805603027344 -0.0584754943847656
0.0642662048339844 0.0508079528808594 -0.0228424072265625 -0.0933685302734375
0.040252685546875 0.0799102783203125 -0.0116500854492188 -0.113319396972656
0.0287857055664063 0.104629516601563 0.07354736328125 -0.0714797973632813
0.05902099609375 0.0540809631347656 0.0288257598876953 -0.00990867614746093
0.060302734375 0.0218086242675781 0.0492439270019531 0.0270233154296875
0.0495338439941406 -0.0140190124511719 0.0839385986328125 -0.01312255859375
0.0271224975585938 -0.0318241119384766 0.0633125305175781 -0.0607414245605469
0.00110244750976563 -0.0426025390625 0.01666259765625 -0.0913925170898438
-0.0185127258300781 -0.0431594848632813 -0.0226058959960937 -0.084075927734375
-0.0192337036132812 -0.0411033630371094 -0.0305366516113281 -0.0558929443359375
-0.0219764709472656 -0.0473098754882813 -0.0220718383789062 -0.0424385070800781
-0.00745010375976563 -0.0572319030761719 -0.0215396881103516 -0.0344314575195313
0.0271415710449219 -0.0568313598632813 -0.020050048828125 -0.0228214263916016
0.0618247985839844 -0.0362396240234375 -0.0190143585205078 -0.0301418304443359
0.08270263671875 0.0278396606445312 -0.028167724609375 -0.0430183410644531
0.0767364501953125 0.0810317993164062 -0.0242233276367187 -0.0715713500976563
0.0362396240234375 0.113838195800781 -0.0120620727539062 -0.0813140869140625
0.00931549072265626 0.136093139648438 0.0794525146484375 -0.0281906127929687
0.05419921875 0.0969390869140625 0.0372657775878906 0.0177421569824219
0.0836639404296875 0.0604476928710937 0.0508956909179688 0.042022705078125
0.0880584716796875 -0.0047149658203125 0.0843048095703125 0.00250244140625
0.058013916015625 -0.0442428588867187 0.0671463012695312 -0.0406455993652344
0.0144271850585938 -0.071319580078125 0.0258941650390625 -0.07220458984375
-0.0170860290527344 -0.0694351196289063 -0.0104522705078125 -0.0649299621582031
-0.0178642272949219 -0.0632820129394531 -0.0194206237792969 -0.0396080017089844
-0.0243911743164062 -0.0720062255859375 -0.0139713287353516 -0.0246906280517578
-0.00339508056640626 -0.0792312622070313 -0.0194339752197266 -0.01605224609375
0.0420303344726562 -0.0729522705078125 -0.0198078155517578 -0.00363731384277344
0.078155517578125 -0.0436172485351563 -0.0233345031738281 -0.0165786743164063
0.0970382690429688 0.0356369018554688 -0.0302276611328125 -0.0292072296142578
0.0839996337890625 0.0952835083007812 -0.0181236267089844 -0.0474586486816406
0.030487060546875 0.131446838378906 -0.0103950500488281 -0.0424003601074219
-0.011383056640625 0.14208984375 0.0766830444335938 0.023101806640625
0.0367507934570313 0.123710632324219 0.0421524047851563 0.0536079406738281
0.0847702026367188 0.091400146484375 0.0468673706054688 0.05877685546875
0.109397888183594 0.0139923095703125 0.0777359008789063 0.0243606567382813
0.0810165405273437 -0.0452117919921875 0.062957763671875 -0.0167350769042969
0.0291061401367188 -0.0865859985351563 0.0310630798339844 -0.0455322265625
-0.0115814208984375 -0.0845260620117188 0.000850677490234372 -0.0401420593261719
-0.0160980224609375 -0.0782012939453125 -0.0059967041015625 -0.0178413391113281
-0.0218124389648438 -0.0881805419921875 -0.00268864631652832 -0.000677347183227544
-0.000640869140625006 -0.0911788940429688 -0.0146074295043945 0.00780868530273437
0.0505828857421875 -0.0804672241210938 -0.018951416015625 0.0165176391601562
0.0849151611328125 -0.0450668334960938 -0.0253067016601562 -0.000696182250976568
0.100067138671875 0.0431137084960938 -0.0296096801757812 -0.0193691253662109
0.0788650512695313 0.102516174316406 -0.00535202026367187 -0.0269374847412109
0.0188369750976562 0.129669189453125 -0.00938129425048828 0.000977516174316413
-0.0322113037109375 0.122451782226563 0.0652084350585938 0.0742950439453125
0.00866699218749999 0.121017456054687 0.0386886596679688 0.0869598388671875
0.0629119873046875 0.102226257324219 0.0387954711914063 0.0706634521484375
0.105720520019531 0.0324249267578125 0.0600242614746094 0.0410194396972656
0.088043212890625 -0.0323333740234375 0.0513076782226563 0.0080413818359375
0.0388031005859375 -0.0845794677734375 0.0314159393310547 -0.0137462615966797
-0.00695037841796876 -0.085601806640625 0.0132884979248047 -0.010319709777832
-0.009552001953125 -0.0784912109375 0.00855684280395508 0.00690984725952148
-0.0158462524414062 -0.09136962890625 0.0111122131347656 0.0245952606201172
0.004547119140625 -0.0918502807617188 -0.00699234008789063 0.0321903228759766
0.0541915893554688 -0.0764999389648438 -0.0189208984375 0.0379180908203125
0.08636474609375 -0.0351028442382813 -0.0291576385498047 0.0117664337158203
0.08917236328125 0.0508499145507812 -0.0293254852294922 -0.0144634246826172
0.0581436157226563 0.103523254394531 0.00661849975585938 -0.00953292846679687
-0.00213623046874999 0.115623474121094 -0.0113296508789062 0.0408973693847656
-0.0451736450195313 0.0797348022460937 0.0488357543945312 0.112258911132812
-0.0171661376953125 0.0920867919921875 0.028900146484375 0.110649108886719
0.02972412109375 0.09014892578125 0.0287933349609375 0.074462890625
0.0775299072265625 0.0410385131835938 0.0404739379882813 0.0513381958007813
0.0734329223632813 -0.0161972045898438 0.0348701477050781 0.0261650085449219
0.0385589599609375 -0.0676994323730469 0.0278987884521484 0.0145339965820312
0.00180053710937499 -0.0745849609375 0.0211601257324219 0.0194263458251953
-0.00370407104492187 -0.0683670043945313 0.0200347900390625 0.0312690734863281
-0.00836181640625 -0.08013916015625 0.0220565795898438 0.0469703674316406
0.01007080078125 -0.08074951171875 -0.00268936157226563 0.0546035766601562
0.0535392761230469 -0.0632247924804687 -0.020111083984375 0.0544624328613281
0.0782394409179688 -0.0218429565429688 -0.034637451171875 0.0230941772460938
0.0686187744140625 0.0566139221191406 -0.0294876098632813 -0.00872039794921874
0.0271682739257812 0.0921783447265625 0.0109729766845703 0.00901508331298829
-0.024658203125 0.0887527465820312 -0.0198287963867188 0.0777130126953125
-0.0481109619140625 0.02471923828125 0.0333023071289062 0.131790161132813
-0.0354690551757813 0.0459518432617188 0.0212860107421875 0.117774963378906
-0.00387191772460937 0.0584945678710938 0.021636962890625 0.0705337524414062
0.0391349792480469 0.0376243591308594 0.0252838134765625 0.0541954040527344
0.04620361328125 -0.000453948974609375 0.0208282470703125 0.0369377136230469
0.0324363708496094 -0.0408477783203125 0.0240554809570313 0.0338840484619141
0.0069732666015625 -0.048248291015625 0.0274734497070313 0.0411643981933594
0.00294876098632813 -0.0463294982910156 0.0289344787597656 0.0495071411132812
0.00131607055664062 -0.05645751953125 0.0280227661132812 0.0683021545410156
0.0143623352050781 -0.0567131042480469 -0.00128936767578124 0.0741424560546875
0.0465126037597656 -0.042022705078125 -0.0276451110839844 0.0676231384277344
0.0607795715332031 -0.00620651245117188 -0.0422439575195312 0.0300636291503906
0.0408134460449219 0.0549240112304688 -0.0335159301757813 -0.00487899780273437
-0.0023956298828125 0.0709152221679688 0.00916290283203125 0.0229434967041016
-0.0437850952148438 0.0506858825683594 -0.0333709716796875 0.101547241210938
0.0412139892578125 0.00638580322265625 0.0360031127929688 -0.109092712402344
0.0274810791015625 -0.0362472534179688 0.00202369689941406 -0.0330829620361328
-0.0117263793945313 -0.0345993041992188 0.0337734222412109 0.010711669921875
-0.0320243835449219 -0.00867652893066406 0.0646476745605469 -0.0272941589355469
-0.0262928009033203 0.0133171081542969 0.042266845703125 -0.07037353515625
-0.0125827789306641 0.0276298522949219 -0.00286865234375001 -0.0913314819335938
-0.00814628601074219 0.0228271484375 -0.0345458984375 -0.0817413330078125
-0.0122203826904297 0.0210075378417969 -0.036529541015625 -0.0607490539550781
-0.0169506072998047 0.0216884613037109 -0.0312767028808594 -0.0512199401855469
-0.02325439453125 0.00592994689941406 -0.023223876953125 -0.0451126098632813
-0.0209598541259766 -0.0162105560302734 -0.0196609497070313 -0.0425872802734375
0.00139617919921875 -0.0300636291503906 -0.0166778564453125 -0.053009033203125
0.034820556640625 -0.0214023590087891 -0.0137100219726563 -0.070465087890625
0.0513725280761719 0.00600814819335938 -0.0193099975585938 -0.109161376953125
0.0434188842773438 0.0320053100585938 -0.0158767700195312 -0.132469177246094
0.0403709411621094 0.0583038330078125 0.056854248046875 -0.100006103515625
0.0483245849609375 0.00519180297851563 0.0151939392089844 -0.0280990600585938
0.0246601104736328 -0.0114345550537109 0.041473388671875 0.0164146423339844
0.00568580627441406 -0.0165433883666992 0.0750885009765625 -0.0236740112304688
-0.00218868255615234 -0.0108146667480469 0.0531730651855469 -0.0693359375
-0.00893592834472656 -0.0072021484375 0.00531768798828125 -0.0956497192382812
-0.0157833099365234 -0.00925827026367187 -0.0314407348632812 -0.0865249633789063
-0.0164861679077148 -0.0102615356445312 -0.0359344482421875 -0.0617561340332031
-0.0205783843994141 -0.0137748718261719 -0.0299568176269531 -0.0514297485351563
-0.0148296356201172 -0.0260982513427734 -0.0242652893066406 -0.04443359375
0.00622177124023437 -0.036468505859375 -0.0194892883300781 -0.0358467102050781
0.0348548889160156 -0.0307140350341797 -0.0167503356933594 -0.0446205139160156
0.0598106384277344 0.00879669189453125 -0.0196037292480469 -0.0576629638671875
0.0644149780273438 0.0502166748046875 -0.0224761962890625 -0.0931015014648438
0.0405349731445313 0.079742431640625 -0.0132980346679688 -0.11328125
0.0295639038085937 0.104110717773437 0.0721588134765625 -0.0727005004882813
0.0587806701660156 0.0522651672363281 0.0279483795166016 -0.0112972259521484
0.059844970703125 0.0212516784667969 0.0475997924804688 0.0275497436523437
0.0486221313476563 -0.0154075622558594 0.08282470703125 -0.0126419067382813
0.0266265869140625 -0.0322818756103516 0.0633010864257813 -0.0595436096191406
0.000907897949218754 -0.0424575805664063 0.0159759521484375 -0.089874267578125
-0.0190887451171875 -0.0423049926757813 -0.0234298706054687 -0.0810165405273438
-0.0194969177246094 -0.0396957397460937 -0.0301094055175781 -0.0540962219238281
-0.0236129760742188 -0.0464591979980469 -0.0243186950683594 -0.0405082702636719
-0.00852584838867188 -0.0554046630859375 -0.0237560272216797 -0.0333480834960938
0.0263900756835938 -0.0567398071289063 -0.0211544036865234 -0.0224628448486328
0.0605049133300781 -0.03668212890625 -0.0201950073242188 -0.0322551727294922
0.0822067260742188 0.02655029296875 -0.0268745422363281 -0.0445442199707031
0.0771942138671875 0.0789794921875 -0.022979736328125 -0.0709915161132813
0.03680419921875 0.112709045410156 -0.0131378173828125 -0.0821914672851563
0.0107498168945313 0.133888244628906 0.0798110961914063 -0.0301284790039062
0.0546875 0.0956802368164063 0.0370330810546875 0.0178604125976563
0.0824966430664063 0.0589218139648437 0.0493659973144531 0.0430908203125
0.0867156982421875 -0.00559234619140625 0.0840988159179687 0.00389862060546875
0.0571250915527344 -0.0439338684082031 0.0666046142578125 -0.0408515930175781
0.0134429931640625 -0.0713043212890625 0.025146484375 -0.0720901489257813
-0.0191726684570312 -0.0685539245605469 -0.0116996765136719 -0.0649986267089844
-0.0197525024414062 -0.0628623962402344 -0.0201187133789063 -0.038665771484375
-0.0254364013671875 -0.0712814331054688 -0.014923095703125 -0.0233860015869141
-0.00528717041015625 -0.0767822265625 -0.020294189453125 -0.0155925750732422
0.0386276245117188 -0.0728225708007812 -0.0205192565917969 -0.00382614135742188
0.0766830444335938 -0.0449447631835938 -0.0234584808349609 -0.0168952941894531
0.0975875854492188 0.0335845947265625 -0.0305366516113281 -0.0306720733642578
0.0844879150390625 0.0943603515625 -0.0165977478027344 -0.0486640930175781
0.0311737060546875 0.129074096679688 -0.0116348266601563 -0.0420989990234375
-0.0110321044921875 0.140357971191406 0.0775680541992187 0.0220565795898438
0.0370025634765625 0.120376586914062 0.0405235290527344 0.0521202087402344
0.0848007202148437 0.0909271240234375 0.0455322265625 0.0598373413085938
0.108016967773438 0.01220703125 0.0764083862304688 0.0243988037109375
0.0793304443359375 -0.0450286865234375 0.0623435974121094 -0.0167503356933594
0.0271682739257813 -0.0861358642578125 0.0313262939453125 -0.0451240539550781
-0.0144805908203125 -0.0842971801757813 0.0013885498046875 -0.03924560546875
-0.01739501953125 -0.0773696899414062 -0.00777816772460938 -0.0171499252319336
-0.0247039794921875 -0.0863189697265625 -0.00251483917236328 -0.00033640861511231
-0.00273132324218749 -0.089263916015625 -0.0144567489624023 0.00810050964355468
0.046356201171875 -0.0805816650390625 -0.0189495086669922 0.0160980224609375
0.0841064453125 -0.0453872680664063 -0.0261707305908203 -0.00240135192871095
0.0989532470703125 0.0409011840820313 -0.0302085876464844 -0.0208396911621094
0.0781631469726563 0.0998001098632813 -0.00519371032714843 -0.0276451110839844
0.0184326171875 0.130081176757813 -0.00999927520751953 7.91549682617282E-05
-0.030853271484375 0.121261596679687 0.0652618408203125 0.0713043212890625
0.0109176635742188 0.119667053222656 0.0372085571289063 0.0851669311523438
0.0635833740234375 0.103164672851563 0.0381927490234375 0.0706100463867188
0.10369873046875 0.0313568115234375 0.0596809387207031 0.0409088134765625
0.085052490234375 -0.0332794189453125 0.0504112243652344 0.00844573974609375
0.0361709594726563 -0.0848770141601563 0.0315933227539063 -0.0140876770019531
-0.00792694091796874 -0.0854949951171875 0.0126361846923828 -0.00993633270263672
-0.012359619140625 -0.0785293579101562 0.00706577301025391 0.00727319717407226
-0.0190963745117187 -0.089202880859375 0.0106334686279297 0.0233440399169922
0.002288818359375 -0.0898971557617188 -0.00669097900390625 0.0321006774902344
0.051116943359375 -0.0781097412109375 -0.018035888671875 0.036407470703125
0.0838699340820313 -0.0376358032226563 -0.0294857025146484 0.010650634765625
0.0894851684570313 0.0490341186523437 -0.0285148620605469 -0.0136699676513672
0.0592803955078125 0.09954833984375 0.00602245330810547 -0.00979137420654296
-0.00138092041015624 0.116767883300781 -0.0109405517578125 0.0410499572753906
-0.0422515869140625 0.0799407958984375 0.050567626953125 0.11102294921875
-0.0155792236328125 0.09100341796875 0.0285415649414062 0.10784912109375
0.030242919921875 0.0903167724609375 0.0266952514648438 0.07470703125
0.0778884887695313 0.0392608642578125 0.040008544921875 0.0519561767578125
0.0728378295898438 -0.01708984375 0.0349082946777344 0.0276470184326172
0.0370407104492188 -0.0676002502441406 0.0289344787597656 0.0135250091552734
-0.000503540039062502 -0.0729217529296875 0.0216140747070313 0.0180606842041016
-0.00477981567382812 -0.0680427551269531 0.0193462371826172 0.0304985046386719
-0.011138916015625 -0.0794677734375 0.0210456848144531 0.0465888977050781
0.00762939453125001 -0.0789871215820313 -0.00227737426757813 0.0546798706054688
0.0514373779296875 -0.0641403198242188 -0.019927978515625 0.0532302856445312
0.0771560668945313 -0.0236434936523438 -0.0341110229492187 0.0214977264404297
0.0688934326171875 0.0556907653808594 -0.0297985076904297 -0.0092487335205078
0.0302810668945313 0.0902023315429688 0.0110445022583008 0.00821876525878907
-0.0234146118164063 0.089385986328125 -0.01776123046875 0.0760574340820313
-0.0476913452148438 0.0241470336914063 0.0354537963867188 0.130233764648438
-0.0338363647460938 0.0458641052246094 0.02215576171875 0.115974426269531
-0.00347518920898437 0.0581550598144531 0.019866943359375 0.0706558227539062
0.0400238037109375 0.0367279052734375 0.0258598327636719 0.0541191101074219
0.0471420288085938 -0.00083160400390625 0.0223159790039063 0.0368270874023437
0.0302619934082031 -0.0410804748535156 0.0243949890136719 0.0332241058349609
0.00588226318359375 -0.0485305786132813 0.0276832580566406 0.039794921875
0.0017852783203125 -0.0467033386230469 0.0286026000976563 0.0486564636230469
-0.00118637084960938 -0.0574607849121094 0.0272560119628906 0.0664405822753906
0.0127601623535156 -0.0571708679199219 9.91821289062476E-05 0.074249267578125
0.0454063415527344 -0.0424728393554688 -0.0254325866699219 0.0670547485351563
0.0595779418945313 -0.00764083862304688 -0.0425376892089844 0.0291786193847656
0.0408172607421875 0.0538825988769531 -0.0330142974853516 -0.00657081604003906
-0.000556945800781248 0.0693016052246094 0.0091705322265625 0.0217227935791016
-0.0423774719238281 0.0502738952636719 -0.0314178466796875 0.100845336914063
0.0415840148925781 0.00545883178710938 0.0356369018554688 -0.110816955566406
0.0272216796875 -0.0364456176757813 0.000389099121093749 -0.033477783203125
-0.0122356414794922 -0.0350341796875 0.0339698791503906 0.0109405517578125
-0.0314388275146484 -0.00818252563476563 0.0652046203613281 -0.0263633728027344
-0.0261325836181641 0.0140781402587891 0.0432510375976563 -0.071197509765625
-0.0128059387207031 0.0280971527099609 -0.00230407714843751 -0.090911865234375
-0.00725173950195312 0.0241966247558594 -0.03546142578125 -0.0824050903320313
-0.0111923217773438 0.0219516754150391 -0.0370330810546875 -0.0604934692382813
-0.015777587890625 0.0224437713623047 -0.0327110290527344 -0.0512123107910156
-0.0239105224609375 0.00680923461914062 -0.023895263671875 -0.0456695556640625
-0.0213527679443359 -0.0156898498535156 -0.0210685729980469 -0.0437431335449219
0.00106239318847656 -0.0301513671875 -0.0173263549804687 -0.0542488098144531
0.0343303680419922 -0.0218105316162109 -0.0127487182617188 -0.072418212890625
0.0520248413085938 0.00585174560546875 -0.0191726684570312 -0.110389709472656
0.0448417663574219 0.0319175720214844 -0.0174407958984375 -0.135299682617188
0.0406417846679688 0.0585174560546875 0.0556411743164062 -0.102348327636719
0.0486946105957031 0.00449371337890625 0.0135173797607422 -0.028900146484375
0.0260334014892578 -0.0118064880371094 0.0415420532226563 0.0184745788574219
0.0067148208618164 -0.0158977508544922 0.0761871337890625 -0.0226669311523438
-0.0028228759765625 -0.0107555389404297 0.0546073913574219 -0.0699996948242188
-0.00943851470947266 -0.00697803497314453 0.00460052490234376 -0.0965957641601563
-0.0159454345703125 -0.00983142852783203 -0.0326614379882813 -0.0868453979492188
-0.0171651840209961 -0.00970458984375 -0.0373573303222656 -0.0617103576660156
-0.0208473205566406 -0.0127410888671875 -0.0316658020019531 -0.0504837036132812
-0.0147705078125 -0.0256843566894531 -0.0256385803222656 -0.0441436767578125
0.0052642822265625 -0.0356330871582031 -0.0207366943359375 -0.0368843078613281
0.0356178283691406 -0.0301856994628906 -0.017791748046875 -0.0457763671875
0.0602073669433594 0.00860214233398438 -0.0194206237792969 -0.0594940185546875
0.0652198791503906 0.0494499206542969 -0.0222244262695313 -0.09442138671875
0.04241943359375 0.0809478759765625 -0.0146942138671875 -0.11627197265625
0.0300674438476563 0.105079650878906 0.072021484375 -0.0750579833984375
0.0597381591796875 0.0519599914550781 0.0261268615722656 -0.0111331939697266
0.0604667663574219 0.021026611328125 0.047698974609375 0.0292472839355469
0.0489768981933594 -0.0162124633789063 0.084564208984375 -0.0127944946289063
0.0269241333007813 -0.0329456329345703 0.0637969970703125 -0.0597572326660156
-0.000228881835937499 -0.0427284240722656 0.0154647827148438 -0.0910873413085938
-0.0201873779296875 -0.0430259704589844 -0.025146484375 -0.0821533203125
-0.0202102661132812 -0.0396614074707031 -0.0321998596191406 -0.0536003112792969
-0.0246505737304687 -0.0453948974609375 -0.0256156921386719 -0.0409584045410156
-0.0099945068359375 -0.0549774169921875 -0.024993896484375 -0.0336074829101563
0.0253219604492188 -0.0575523376464844 -0.0221881866455078 -0.0234260559082031
0.0603103637695312 -0.0376663208007813 -0.0214653015136719 -0.0337352752685547
0.0827484130859375 0.025787353515625 -0.0262985229492188 -0.0454025268554687
0.0788345336914063 0.078826904296875 -0.023223876953125 -0.0729827880859375
0.0385284423828125 0.114143371582031 -0.0142364501953125 -0.0839309692382813
0.01171875 0.136466979980469 0.0794906616210938 -0.0317306518554687
0.055511474609375 0.0955276489257813 0.0362739562988281 0.0174713134765625
0.0842514038085938 0.0584182739257812 0.0500411987304688 0.0448570251464844
0.0879058837890625 -0.00650787353515625 0.084930419921875 0.00429534912109375
0.0572853088378906 -0.0466499328613281 0.068267822265625 -0.040283203125
0.0122833251953125 -0.0721435546875 0.025054931640625 -0.0731430053710938
-0.01995849609375 -0.0691070556640625 -0.0131912231445312 -0.0652542114257812
-0.0205650329589844 -0.0628852844238281 -0.0221328735351562 -0.0379409790039063
-0.0272903442382813 -0.0715408325195313 -0.0168266296386719 -0.0232429504394531
-0.00728607177734375 -0.0772247314453125 -0.0211982727050781 -0.0147380828857422
0.0385971069335938 -0.0744400024414063 -0.0222091674804687 -0.00504112243652344
0.0766220092773438 -0.046142578125 -0.0248603820800781 -0.0186767578125
0.0983200073242188 0.0347137451171875 -0.0303668975830078 -0.0326118469238281
0.08660888671875 0.09405517578125 -0.017608642578125 -0.0506515502929687
0.0324478149414063 0.131126403808594 -0.0126495361328125 -0.0436439514160156
-0.00987243652343749 0.1424560546875 0.076812744140625 0.0195388793945313
0.0380477905273438 0.121620178222656 0.0398902893066406 0.052093505859375
0.0864028930664063 0.0908432006835938 0.0457305908203125 0.0615882873535156
0.109809875488281 0.01104736328125 0.0767669677734375 0.0245285034179688
0.0791397094726563 -0.04705810546875 0.0631675720214844 -0.0152168273925781
0.02532958984375 -0.0875701904296875 0.0319938659667969 -0.0456733703613281
-0.0166473388671875 -0.0848464965820312 0.00103378295898438 -0.0396347045898438
-0.0175552368164062 -0.0775146484375 -0.00934791564941407 -0.0160379409790039
-0.0262222290039062 -0.0877304077148438 -0.00399041175842285 -0.00132083892822266
-0.00452423095703124 -0.0893783569335938 -0.0148353576660156 0.00785636901855468
0.0456695556640625 -0.0826797485351563 -0.01959228515625 0.0165004730224609
0.08428955078125 -0.0482864379882813 -0.0273799896240234 -0.00421905517578125
0.100883483886719 0.0407791137695313 -0.0302677154541016 -0.0216999053955078
0.0812225341796875 0.100311279296875 -0.00583648681640624 -0.0288791656494141
0.0198516845703125 0.132438659667969 -0.00996971130371093 -0.00102996826171874
-0.029876708984375 0.123077392578125 0.0666427612304688 0.07196044921875
0.0111618041992188 0.12042236328125 0.0361480712890625 0.0857696533203125
0.065216064453125 0.103324890136719 0.0363311767578125 0.072723388671875
0.10614013671875 0.0289382934570313 0.0599517822265625 0.0419349670410156
0.0852813720703125 -0.0355224609375 0.0509452819824219 0.00934982299804688
0.0340576171875 -0.0852127075195313 0.032806396484375 -0.0142116546630859
-0.00977325439453125 -0.0861968994140625 0.0122871398925781 -0.00970458984375001
-0.0131607055664063 -0.0787506103515625 0.00579214096069336 0.00746488571166992
-0.0215835571289063 -0.0906524658203125 0.00986862182617187 0.0232810974121094
-0.000144958496093747 -0.0908584594726563 -0.00869560241699219 0.0322990417480469
0.0498733520507813 -0.079559326171875 -0.0190696716308594 0.0367050170898438
0.0846099853515625 -0.0399246215820313 -0.0301303863525391 0.00967788696289063
0.092498779296875 0.0482406616210938 -0.0301780700683594 -0.0143833160400391
0.0607681274414062 0.100006103515625 0.0055227279663086 -0.0105438232421875
-0.00101470947265626 0.118484497070312 -0.0117454528808594 0.0406379699707031
-0.0419769287109375 0.0818634033203125 0.0516510009765625 0.111305236816406
-0.015380859375 0.0920257568359375 0.028106689453125 0.108657836914063
0.0319137573242188 0.0916519165039063 0.0269393920898438 0.076751708984375
0.0794677734375 0.038543701171875 0.0404586791992188 0.0532760620117188
0.0729141235351563 -0.0185317993164063 0.0355186462402344 0.0282020568847656
0.0352783203125 -0.0687522888183594 0.0291175842285156 0.0130176544189453
-0.00216674804687501 -0.0734405517578125 0.0223770141601563 0.0181083679199219
-0.0068817138671875 -0.0685844421386719 0.0192184448242188 0.0304069519042969
-0.0128173828125 -0.080291748046875 0.0207786560058594 0.0464515686035156
0.00573730468750001 -0.0798416137695313 -0.00311279296875 0.0550079345703125
0.0506744384765625 -0.0658645629882812 -0.0201683044433594 0.0539474487304687
0.0776596069335937 -0.0258407592773438 -0.0353965759277344 0.0205001831054688
0.0706558227539063 0.0553741455078125 -0.0311508178710938 -0.00957679748535155
0.0320510864257812 0.0911636352539063 0.0109777450561523 0.00714778900146485
-0.0226058959960938 0.0911941528320313 -0.0170974731445312 0.076507568359375
-0.0468406677246094 0.0241050720214844 0.0373764038085938 0.132400512695313
-0.0338172912597656 0.0467643737792969 0.0221023559570312 0.117378234863281
-0.00278472900390625 0.0597305297851562 0.0194320678710938 0.072357177734375
0.0402603149414063 0.0369033813476563 0.0258026123046875 0.0558433532714844
0.0477027893066406 -0.002288818359375 0.022857666015625 0.0382881164550781
0.0293617248535156 -0.0419578552246094 0.0255279541015625 0.0324783325195313
0.00486373901367188 -0.0491447448730469 0.0286750793457031 0.0406112670898438
0.000465393066406247 -0.0470466613769531 0.0286445617675781 0.04864501953125
-0.00201034545898438 -0.0584564208984375 0.0277862548828125 0.0665092468261719
0.0109405517578125 -0.0587120056152344 -0.000160217285156253 0.0747451782226563
0.0443763732910156 -0.0444869995117187 -0.0246391296386719 0.0666389465332031
0.0610771179199219 -0.00884628295898438 -0.0432853698730469 0.0285568237304688
0.0431480407714844 0.0539398193359375 -0.034027099609375 -0.00742530822753905
-0.000709533691406255 0.0703201293945313 0.009002685546875 0.0208930969238281
-0.0425758361816406 0.0512199401855469 -0.0300674438476562 0.102218627929688
0.0423202514648437 0.00532150268554687 0.03302001953125 -0.1143798828125
0.0261001586914063 -0.0388412475585938 -0.000854492187500001 -0.0334415435791016
-0.0131263732910156 -0.0359649658203125 0.0356369018554688 0.012298583984375
-0.0330333709716797 -0.00597000122070313 0.0671920776367187 -0.0279083251953125
-0.0260219573974609 0.0158557891845703 0.0436553955078125 -0.0737152099609375
-0.0114402770996094 0.0293235778808594 -0.0041656494140625 -0.0927276611328125
-0.00691986083984375 0.0245590209960938 -0.03826904296875 -0.0831985473632813
-0.0100212097167969 0.0235404968261719 -0.0399971008300781 -0.0607147216796875
-0.0150909423828125 0.0243072509765625 -0.0349082946777344 -0.051177978515625
-0.0238761901855469 0.00770378112792968 -0.0253868103027344 -0.0465545654296875
-0.0215015411376953 -0.0141105651855469 -0.02325439453125 -0.0448684692382813
-0.000185012817382814 -0.0300216674804687 -0.0188674926757813 -0.0562934875488281
0.0340251922607422 -0.0235996246337891 -0.0131759643554687 -0.0754623413085938
0.05413818359375 0.0042724609375 -0.0215835571289063 -0.112876892089844
0.047393798828125 0.0313606262207031 -0.0213546752929688 -0.139724731445313
0.0422401428222656 0.0595130920410156 0.0538253784179688 -0.106193542480469
0.0495223999023438 0.00265884399414063 0.0119857788085938 -0.0293788909912109
0.0257225036621094 -0.0123424530029297 0.0429649353027344 0.0191841125488281
0.00604724884033203 -0.0163974761962891 0.0781173706054688 -0.0248641967773438
-0.00303459167480469 -0.0111408233642578 0.054962158203125 -0.0730514526367188
-0.00922679901123047 -0.00749397277832031 0.00333404541015626 -0.0990219116210937
-0.0164480209350586 -0.00966739654541016 -0.0360794067382813 -0.0873794555664063
-0.0172767639160156 -0.00841903686523437 -0.0397415161132813 -0.0613632202148438
-0.0211410522460938 -0.0122032165527344 -0.0345573425292969 -0.0504570007324219
-0.015899658203125 -0.0255489349365234 -0.0271492004394531 -0.04486083984375
0.0040130615234375 -0.0360450744628906 -0.0229415893554688 -0.0386772155761719
0.0344505310058594 -0.0320014953613281 -0.0194168090820312 -0.0480918884277344
0.0613441467285156 0.0074615478515625 -0.0192451477050781 -0.0620460510253906
0.068267822265625 0.0493736267089844 -0.0247726440429688 -0.0970840454101563
0.0452651977539062 0.0819778442382812 -0.01806640625 -0.119987487792969
0.0331878662109375 0.107315063476563 0.0718460083007813 -0.079193115234375
0.0614814758300781 0.0512962341308594 0.0256366729736328 -0.0117530822753906
0.0631523132324219 0.0201225280761719 0.0494384765625 0.03057861328125
0.0494384765625 -0.0177421569824219 0.0862274169921875 -0.0134201049804688
0.0260543823242188 -0.0341777801513672 0.0652427673339844 -0.0627288818359375
-0.00186538696289063 -0.0435867309570312 0.0150222778320313 -0.0928573608398438
-0.0223159790039063 -0.0432586669921875 -0.027618408203125 -0.0828399658203125
-0.0213279724121094 -0.0397987365722656 -0.0343475341796875 -0.0529327392578125
-0.0275154113769531 -0.0461311340332031 -0.0286102294921875 -0.0410537719726563
-0.01153564453125 -0.0551872253417969 -0.0270156860351563 -0.0327377319335938
0.0238494873046875 -0.0592041015625 -0.0241794586181641 -0.0239906311035156
0.0603599548339844 -0.0399360656738281 -0.0233879089355469 -0.0361061096191406
0.085479736328125 0.0251846313476563 -0.0264358520507812 -0.0473785400390625
0.0829238891601563 0.0787353515625 -0.0243301391601563 -0.0755615234375
0.0421829223632813 0.11669921875 -0.0174179077148438 -0.0875091552734375
0.0154571533203125 0.138771057128906 0.0807113647460938 -0.0349273681640625
0.058624267578125 0.0959701538085938 0.0356597900390625 0.0166702270507813
0.0875701904296875 0.058868408203125 0.0511436462402344 0.0474472045898438
0.0893783569335938 -0.00946044921875 0.0870742797851563 0.00507354736328125
0.0571327209472656 -0.0491256713867187 0.06976318359375 -0.0426521301269531
0.009765625 -0.0734481811523438 0.0246353149414063 -0.0758438110351562
-0.0226898193359375 -0.0704803466796875 -0.0155181884765625 -0.0661849975585938
-0.0232048034667969 -0.0638046264648438 -0.0240821838378906 -0.0366592407226563
-0.030059814453125 -0.0717544555664063 -0.0178775787353516 -0.0242156982421875
-0.0102691650390625 -0.0789871215820313 -0.0238704681396484 -0.0137882232666016
0.036773681640625 -0.0767440795898438 -0.0234489440917969 -0.00455856323242188
0.0766448974609375 -0.0489120483398438 -0.0270881652832031 -0.0200366973876953
0.101417541503906 0.0325164794921875 -0.0315685272216797 -0.0341548919677734
0.0909957885742188 0.0942001342773438 -0.0176849365234375 -0.0520553588867187
0.0363540649414063 0.1348876953125 -0.0148124694824219 -0.0458984375
-0.007568359375 0.147079467773438 0.0794906616210937 0.0185089111328125
0.040771484375 0.122955322265625 0.0399246215820313 0.0524749755859375
0.0906219482421875 0.0920257568359375 0.0469398498535156 0.0638999938964844
0.112312316894531 0.00812530517578125 0.0798416137695312 0.0260162353515625
0.0799407958984375 -0.0497055053710938 0.0650100708007813 -0.0157966613769531
0.0230178833007812 -0.0904998779296875 0.031829833984375 -0.047943115234375
-0.0199203491210938 -0.0860214233398438 -0.00112152099609375 -0.0407333374023438
-0.0215377807617188 -0.0778045654296875 -0.00986385345458984 -0.0149984359741211
-0.030517578125 -0.0880813598632813 -0.00508832931518555 -0.00148534774780274
-0.00792694091796875 -0.0917587280273438 -0.0164241790771484 0.00956535339355468
0.0440750122070313 -0.0867996215820313 -0.0213756561279297 0.0164813995361328
0.0842056274414063 -0.0517349243164063 -0.0296783447265625 -0.00502204895019532
0.105216979980469 0.03900146484375 -0.0323982238769531 -0.0233840942382812
0.085479736328125 0.101005554199219 -0.00606346130371093 -0.0312042236328125
0.0226287841796875 0.135597229003906 -0.0113973617553711 -0.00143146514892577
-0.0279541015625 0.127212524414063 0.0696945190429688 0.071563720703125
0.0141220092773438 0.1220703125 0.0371170043945313 0.0859527587890625
0.0689315795898438 0.105575561523438 0.0380401611328125 0.0747909545898438
0.108123779296875 0.0274887084960938 0.0622482299804688 0.0446205139160156
0.0865402221679688 -0.038482666015625 0.0528945922851563 0.0098876953125
0.0314407348632813 -0.0888900756835938 0.0330581665039062 -0.0160160064697266
-0.013824462890625 -0.088409423828125 0.0127944946289063 -0.0103664398193359
-0.0172653198242188 -0.08013916015625 0.00541353225708008 0.00798034667968749
-0.0262069702148438 -0.0920257568359375 0.0102672576904297 0.0230598449707031
-0.00403594970703124 -0.0927963256835938 -0.0089111328125 0.0333328247070312
0.0489501953125 -0.0851898193359375 -0.0181350708007813 0.0369796752929687
0.0847015380859375 -0.043792724609375 -0.0319843292236328 0.0100879669189453
0.0955429077148438 0.0474472045898438 -0.0316143035888672 -0.0155029296875
0.0646896362304688 0.100975036621094 0.00571250915527344 -0.0119600296020508
0.0023956298828125 0.121238708496094 -0.0103263854980469 0.0413436889648438
-0.0419464111328125 0.0841751098632813 0.0552520751953125 0.112403869628906
-0.01361083984375 0.0940628051757813 0.0302581787109375 0.110427856445313
0.035125732421875 0.094085693359375 0.0269012451171875 0.0781097412109375
0.0818099975585937 0.0371932983398437 0.0428848266601563 0.0548629760742188
0.0744781494140625 -0.021270751953125 0.0376472473144531 0.028961181640625
0.0338516235351563 -0.071868896484375 0.0307140350341797 0.0126705169677734
-0.00496673583984375 -0.07574462890625 0.023223876953125 0.0178661346435547
-0.00884246826171875 -0.070648193359375 0.0191154479980469 0.0314540863037109
-0.0165939331054688 -0.08221435546875 0.022064208984375 0.0475921630859375
0.00285339355468751 -0.082183837890625 -0.00205612182617188 0.0570106506347656
0.0492706298828125 -0.0708770751953125 -0.0198554992675781 0.054779052734375
0.078765869140625 -0.0295486450195313 -0.0371818542480469 0.021331787109375
0.0742721557617188 0.05419921875 -0.0321636199951172 -0.0097827911376953
0.034759521484375 0.0921173095703125 0.0113182067871094 0.00586891174316407
-0.02130126953125 0.09423828125 -0.0158843994140625 0.0782089233398438
-0.0480155944824219 0.0272331237792969 0.0421981811523437 0.134483337402344
-0.0335311889648438 0.0484390258789062 0.02313232421875 0.119979858398437
-0.00214767456054687 0.0619430541992188 0.0201187133789063 0.07470703125
0.0423583984375 0.0353584289550781 0.0266952514648438 0.0579566955566406
0.0485000610351563 -0.00373077392578125 0.0252151489257813 0.0394020080566406
0.0288276672363281 -0.0437812805175781 0.0266036987304688 0.0334930419921875
0.00303268432617188 -0.0501327514648438 0.0301284790039063 0.0404853820800781
-0.00116348266601562 -0.0493125915527344 0.0305442810058594 0.04962158203125
-0.005035400390625 -0.0603523254394531 0.0300941467285156 0.0673255920410156
0.00981140136718749 -0.0600090026855469 0.000205993652343744 0.076751708984375
0.0438652038574219 -0.0475616455078125 -0.0254096984863281 0.0689582824707031
0.0622978210449219 -0.010986328125 -0.04510498046875 0.0296401977539062
0.0455131530761719 0.053497314453125 -0.0358314514160156 -0.00728607177734374
0.000938415527343757 0.0723953247070313 0.00996589660644531 0.0212802886962891
-0.0431442260742187 0.0540008544921875 -0.0287017822265625 0.104667663574219
0.0431900024414063 0.0042724609375 0.02825927734375 -0.117919921875
0.0243377685546875 -0.0411415100097656 -0.00367164611816406 -0.0333194732666016
-0.0155410766601563 -0.0354080200195313 0.0374107360839844 0.0126953125
-0.0340518951416016 -0.00481796264648437 0.0673065185546875 -0.0307273864746094
-0.0253715515136719 0.0174827575683594 0.0414276123046875 -0.0767898559570313
-0.0098724365234375 0.0308876037597656 -0.00814056396484374 -0.0941619873046875
-0.00554084777832031 0.0252933502197266 -0.0421829223632812 -0.0823974609375
-0.00838279724121094 0.0247707366943359 -0.0422172546386719 -0.059783935546875
-0.0132656097412109 0.0257740020751953 -0.0386810302734375 -0.0500907897949219
-0.023651123046875 0.00965118408203125 -0.0292282104492188 -0.0454177856445312
-0.0229644775390625 -0.0124397277832031 -0.0265846252441406 -0.0452346801757813
-0.00197410583496094 -0.0305099487304687 -0.0216865539550781 -0.0573387145996094
0.0337238311767578 -0.025146484375 -0.0146331787109375 -0.0767974853515625
0.0545234680175781 0.00157546997070312 -0.0260086059570312 -0.115486145019531
0.0496635437011719 0.0295867919921875 -0.027374267578125 -0.142196655273438
0.0462570190429688 0.0602645874023438 0.0493316650390625 -0.111648559570313
0.0494422912597656 -0.00011444091796875 0.00984764099121094 -0.0300960540771484
0.0261497497558594 -0.0146217346191406 0.0450401306152344 0.0191993713378906
0.00540447235107422 -0.0168704986572266 0.0789642333984375 -0.0276565551757813
-0.00387382507324219 -0.0108861923217773 0.0532073974609375 -0.0763626098632813
-0.0102787017822266 -0.00657272338867188 -0.000495910644531261 -0.1004638671875
-0.0171308517456055 -0.0087747573852539 -0.040679931640625 -0.087371826171875
-0.016606330871582 -0.00809860229492188 -0.0433692932128906 -0.0603561401367187
-0.0228672027587891 -0.0105876922607422 -0.0375213623046875 -0.0499038696289063
-0.0179328918457031 -0.0247631072998047 -0.030426025390625 -0.0443649291992187
0.00211715698242188 -0.0369033813476563 -0.0260696411132813 -0.0387344360351563
0.0331497192382813 -0.0335865020751953 -0.0224990844726562 -0.0496978759765625
0.0623741149902344 0.00545883178710938 -0.0208854675292969 -0.0636405944824219
0.0723114013671875 0.0468521118164063 -0.0277481079101562 -0.0991287231445313
0.0493621826171875 0.0811614990234375 -0.0241165161132812 -0.123016357421875
0.0385208129882812 0.10888671875 0.06842041015625 -0.0841751098632813
0.06365966796875 0.0491600036621094 0.0239372253417969 -0.0135307312011719
0.0654525756835937 0.0175285339355469 0.0515213012695313 0.0313758850097656
0.0498275756835938 -0.0210151672363281 0.0877609252929688 -0.0157470703125
0.0249519348144531 -0.0356636047363281 0.0648078918457031 -0.0657920837402344
-0.00455093383789063 -0.0439949035644531 0.01068115234375 -0.0954742431640625
-0.024871826171875 -0.0424957275390625 -0.0316925048828125 -0.0823745727539063
-0.023468017578125 -0.0388374328613281 -0.0371551513671875 -0.051788330078125
-0.0300827026367188 -0.0445938110351562 -0.0314712524414063 -0.0400810241699219
-0.0149726867675781 -0.0551567077636719 -0.0301132202148438 -0.0317153930664063
0.0207405090332031 -0.0608558654785156 -0.0270862579345703 -0.0244274139404297
0.0591659545898438 -0.0431442260742188 -0.0265426635742187 -0.0366363525390625
0.0885696411132813 0.0218658447265625 -0.0279617309570312 -0.0485115051269531
0.0878677368164063 0.0764694213867188 -0.0277175903320312 -0.07708740234375
0.0481109619140625 0.117263793945313 -0.0215377807617188 -0.0889739990234375
0.0212554931640625 0.14129638671875 0.079315185546875 -0.0397872924804687
0.0633087158203125 0.0944595336914063 0.0352439880371094 0.0154190063476563
0.0927200317382812 0.0565109252929688 0.0534934997558594 0.0473442077636719
0.0908660888671875 -0.01397705078125 0.09014892578125 0.0020294189453125
0.0549163818359375 -0.0517120361328125 0.0701522827148438 -0.0450935363769531
0.0056610107421875 -0.0747909545898437 0.0218734741210937 -0.0776214599609375
-0.0270843505859375 -0.0697212219238281 -0.0190849304199219 -0.06622314453125
-0.0266189575195313 -0.063385009765625 -0.0266532897949219 -0.0362777709960938
-0.0355377197265625 -0.0713577270507813 -0.0210323333740234 -0.0232429504394531
-0.014404296875 -0.0786895751953125 -0.0258064270019531 -0.0125446319580078
0.0321884155273438 -0.080810546875 -0.0251216888427734 -0.00450515747070313
0.0755386352539063 -0.0535202026367188 -0.03021240234375 -0.0207157135009766
0.104690551757813 0.028900146484375 -0.0321750640869141 -0.03460693359375
0.0963592529296875 0.0916366577148437 -0.0197677612304688 -0.0540199279785156
0.041961669921875 0.136703491210938 -0.0173377990722656 -0.0469131469726563
-0.00157165527343751 0.1495361328125 0.0811004638671875 0.0145721435546875
0.0459442138671875 0.122764587402344 0.0414009094238281 0.0514488220214844
0.0966720581054688 0.0902481079101563 0.0496139526367188 0.0650367736816406
0.114669799804687 0.003173828125 0.0821685791015625 0.0242385864257813
0.0787811279296875 -0.054534912109375 0.0670509338378906 -0.0182075500488281
0.0179061889648437 -0.0920333862304688 0.0300445556640625 -0.0502510070800781
-0.0246200561523438 -0.0869140625 -0.00326919555664063 -0.0412712097167969
-0.0255203247070313 -0.078094482421875 -0.0120410919189453 -0.0148096084594727
-0.036956787109375 -0.0882644653320313 -0.0059499740600586 -0.000670433044433599
-0.0134735107421875 -0.092193603515625 -0.0171957015991211 0.0106515884399414
0.0391616821289063 -0.0910263061523438 -0.0220928192138672 0.0166854858398437
0.083038330078125 -0.056915283203125 -0.0317344665527344 -0.00475692749023438
0.109527587890625 0.03533935546875 -0.0334014892578125 -0.0234222412109375
0.0920486450195313 0.0980758666992188 -0.00769615173339844 -0.0324993133544922
0.0290908813476563 0.138023376464844 -0.0122957229614258 -0.00191688537597655
-0.023529052734375 0.130477905273438 0.0731887817382813 0.06927490234375
0.017120361328125 0.123443603515625 0.04052734375 0.0860214233398438
0.076080322265625 0.105216979980469 0.0403900146484375 0.07623291015625
0.111412048339844 0.0216522216796875 0.0656280517578125 0.0432777404785156
0.0863418579101563 -0.043243408203125 0.0552253723144531 0.0089111328125
0.0268402099609375 -0.0910263061523438 0.0329303741455078 -0.0180549621582031
-0.0179443359375 -0.08917236328125 0.0118885040283203 -0.0112628936767578
-0.021453857421875 -0.0805206298828125 0.00471782684326172 0.00899314880371093
-0.032318115234375 -0.0921401977539062 0.00965118408203125 0.0232696533203125
-0.00941467285156251 -0.0940399169921875 -0.00759506225585938 0.0352973937988281
0.0440444946289062 -0.0886917114257813 -0.0180435180664062 0.0377235412597656
0.0839996337890625 -0.0491867065429688 -0.034006118774414 0.00995445251464843
0.0994873046875 0.0441055297851563 -0.0328960418701172 -0.0153484344482422
0.0710525512695313 0.0991134643554688 0.00514698028564453 -0.0139293670654297
0.00714111328124999 0.125030517578125 -0.0088348388671875 0.0412673950195313
-0.038604736328125 0.0876083374023438 0.0610809326171875 0.111846923828125
-0.0101699829101563 0.0964431762695313 0.0341033935546875 0.111289978027344
0.0399856567382813 0.0949783325195312 0.0296707153320313 0.0807647705078125
0.0855789184570313 0.0329818725585938 0.0456123352050781 0.0556449890136719
0.0747528076171875 -0.0255966186523438 0.0403556823730469 0.0294418334960938
0.0294723510742187 -0.0746002197265625 0.0318546295166016 0.0114479064941406
-0.00914764404296875 -0.076080322265625 0.0243587493896484 0.0174922943115234
-0.0138626098632812 -0.0707855224609375 0.0208892822265625 0.0312404632568359
-0.0231475830078125 -0.0828704833984375 0.0241508483886719 0.0465774536132812
-0.00189208984375001 -0.0838546752929687 -0.000572204589843752 0.0587120056152344
0.04583740234375 -0.0753402709960937 -0.01824951171875 0.0565681457519531
0.077972412109375 -0.0343551635742188 -0.0379791259765625 0.02227783203125
0.0786285400390625 0.0517196655273438 -0.0336685180664062 -0.00918579101562499
0.0397491455078125 0.0922775268554688 0.0122146606445313 0.00475502014160157
-0.0174713134765625 0.0977783203125 -0.0124130249023438 0.0795822143554688
-0.04736328125 0.0294227600097656 0.0476608276367188 0.135124206542969
-0.0326728820800781 0.0503883361816406 0.0287246704101563 0.12091064453125
0.00146484375 0.0641403198242188 0.022430419921875 0.0759963989257813
0.045196533203125 0.0339508056640625 0.0304679870605469 0.0587081909179688
0.0493850708007813 -0.00696182250976563 0.0276756286621094 0.040191650390625
0.0253791809082031 -0.0459785461425781 0.0287990570068359 0.0324058532714844
-7.62939453124998E-05 -0.0509757995605469 0.032684326171875 0.0397796630859375
-0.003936767578125 -0.0496406555175781 0.0326194763183594 0.0490150451660156
-0.00994110107421876 -0.0610580444335937 0.0338325500488281 0.0669937133789063
0.00532913208007812 -0.0617790222167969 0.00283050537109376 0.0789718627929688
0.042144775390625 -0.0512619018554687 -0.0230789184570313 0.0705795288085937
0.0626106262207031 -0.0153770446777344 -0.0450363159179687 0.032196044921875
0.0490646362304688 0.0532035827636719 -0.0372734069824219 -0.00630950927734374
0.0048370361328125 0.0728530883789063 0.0114383697509766 0.0202751159667969
-0.0410499572753906 0.0570144653320313 -0.0243148803710938 0.106758117675781
0.0433387756347656 0.00365447998046875 0.02178955078125 -0.119117736816406
0.02166748046875 -0.0419921875 -0.00630950927734375 -0.0324115753173828
-0.017181396484375 -0.0354881286621094 0.0392417907714844 0.0118522644042969
-0.0335102081298828 -0.00262451171875 0.0667839050292969 -0.0333404541015625
-0.0240478515625 0.0185565948486328 0.0377349853515625 -0.0782852172851563
-0.00876045227050782 0.0317287445068359 -0.0117111206054687 -0.0934066772460938
-0.00427055358886719 0.0256900787353516 -0.0464401245117188 -0.08062744140625
-0.00603103637695313 0.0249595642089844 -0.0446052551269531 -0.0572395324707031
-0.0112113952636719 0.0267791748046875 -0.0413970947265625 -0.04803466796875
-0.0228366851806641 0.0111484527587891 -0.0315132141113281 -0.0444984436035156
-0.0239372253417969 -0.0109958648681641 -0.0294990539550781 -0.0441703796386719
-0.00308799743652344 -0.0297317504882813 -0.0241355895996094 -0.05706787109375
0.0324726104736328 -0.0270404815673828 -0.0166549682617187 -0.0773773193359375
0.0545730590820312 -0.000598907470703125 -0.030181884765625 -0.114952087402344
0.0509529113769531 0.0268058776855469 -0.034881591796875 -0.141067504882813
0.049041748046875 0.0584716796875 0.0436019897460937 -0.1141357421875
0.0481948852539063 -0.00217056274414063 0.00740242004394531 -0.0303936004638672
0.0255622863769531 -0.0161571502685547 0.0464324951171875 0.0183296203613281
0.00420570373535156 -0.0171833038330078 0.0780792236328125 -0.0303421020507813
-0.00440025329589844 -0.010711669921875 0.0499725341796875 -0.078155517578125
-0.0104646682739258 -0.0059661865234375 -0.00484466552734374 -0.100120544433594
-0.0180644989013672 -0.00749969482421875 -0.0448989868164062 -0.0853347778320313
-0.0166730880737305 -0.00706672668457031 -0.0458717346191406 -0.0576972961425781
-0.0221786499023437 -0.00942039489746094 -0.0404624938964844 -0.0477485656738281
-0.0188674926757813 -0.0230770111083984 -0.0332450866699219 -0.0421943664550781
0.000568389892578123 -0.0365066528320312 -0.0296287536621094 -0.0376319885253906
0.0311203002929687 -0.0353660583496094 -0.0250892639160156 -0.0496826171875
0.06231689453125 0.0025482177734375 -0.0221481323242187 -0.0637741088867187
0.0737457275390625 0.0430221557617188 -0.0318603515625 -0.0982513427734375
0.0530319213867188 0.07904052734375 -0.0308380126953125 -0.122055053710937
0.0428314208984375 0.107261657714844 0.063385009765625 -0.0883712768554688
0.0643119812011719 0.0455207824707031 0.0219955444335938 -0.0143604278564453
0.0665855407714844 0.0142593383789063 0.0531044006347656 0.0307083129882812
0.04827880859375 -0.0233154296875 0.0871505737304688 -0.0191421508789063
0.0227279663085937 -0.0371589660644531 0.0617942810058594 -0.0684127807617188
-0.00748062133789062 -0.0432395935058594 0.0067901611328125 -0.095977783203125
-0.0275688171386719 -0.0409927368164063 -0.0362777709960938 -0.080291748046875
-0.0251693725585938 -0.0375099182128906 -0.0400009155273438 -0.0490226745605469
-0.0324325561523438 -0.0424652099609375 -0.0340576171875 -0.0378379821777344
-0.017913818359375 -0.0533599853515625 -0.0322341918945313 -0.0298252105712891
0.0171127319335937 -0.0612602233886719 -0.0293350219726563 -0.0237140655517578
0.0563583374023438 -0.0456657409667969 -0.0286712646484375 -0.0367202758789063
0.0886077880859375 0.0177764892578125 -0.029296875 -0.0491294860839844
0.0916976928710938 0.07171630859375 -0.030609130859375 -0.0772476196289062
0.0536346435546875 0.115631103515625 -0.0268096923828125 -0.0888824462890625
0.0269012451171875 0.140579223632813 0.0771255493164062 -0.044036865234375
0.0659637451171875 0.090850830078125 0.0345458984375 0.0138568878173828
0.0951995849609375 0.05218505859375 0.0559463500976563 0.0467681884765625
0.0897598266601562 -0.018463134765625 0.0899810791015625 -0.000785827636718751
0.0525016784667969 -0.0548095703125 0.0687446594238281 -0.0473556518554688
0.00115966796875001 -0.074371337890625 0.0189056396484375 -0.0787124633789063
-0.03125 -0.0682716369628906 -0.0221061706542969 -0.0650291442871094
-0.0295257568359375 -0.0613288879394531 -0.0284042358398438 -0.0331478118896484
-0.0397186279296875 -0.0692863464355469 -0.02288818359375 -0.0208206176757813
-0.0188217163085937 -0.0771636962890625 -0.0269699096679688 -0.0110836029052734
0.0268707275390625 -0.0819931030273438 -0.0271377563476563 -0.00428390502929688
0.0719451904296875 -0.0574111938476563 -0.0318527221679687 -0.0202541351318359
0.106719970703125 0.0239410400390625 -0.0333938598632812 -0.0343780517578125
0.101158142089844 0.0866241455078125 -0.022216796875 -0.0545539855957031
0.0483551025390625 0.135223388671875 -0.0205345153808594 -0.0466842651367187
0.00509643554687501 0.149185180664063 0.080841064453125 0.0100250244140625
0.0506362915039062 0.119583129882813 0.0418777465820313 0.0491485595703125
0.101303100585937 0.0858917236328125 0.0521011352539063 0.0636863708496094
0.113754272460937 -0.0030517578125 0.08282470703125 0.0218048095703125
0.0750961303710938 -0.058258056640625 0.0663833618164062 -0.0206336975097656
0.0121002197265625 -0.0919342041015625 0.0281181335449219 -0.0519332885742188
-0.0298690795898438 -0.0847396850585938 -0.00592803955078126 -0.0410652160644531
-0.0298080444335937 -0.0766143798828125 -0.0131025314331055 -0.0125017166137695
-0.0423355102539063 -0.085845947265625 -0.00718975067138672 0.000332355499267572
-0.0190277099609375 -0.091033935546875 -0.0178966522216797 0.011871337890625
0.03350830078125 -0.0930862426757812 -0.0218906402587891 0.0173625946044922
0.0794906616210938 -0.0611648559570312 -0.0332469940185547 -0.0035533905029297
0.110786437988281 0.029693603515625 -0.034393310546875 -0.0224533081054687
0.0956954956054688 0.09356689453125 -0.00920486450195312 -0.0336208343505859
0.0354461669921875 0.137092590332031 -0.0129833221435547 -0.0021829605102539
-0.0165481567382812 0.131881713867188 0.0757904052734375 0.0643692016601563
0.0228347778320312 0.122344970703125 0.0418853759765625 0.0835952758789063
0.081512451171875 0.101936340332031 0.0431289672851563 0.0760650634765625
0.11224365234375 0.0152435302734375 0.0667991638183594 0.0415420532226563
0.0828323364257813 -0.0471878051757813 0.0559158325195313 0.00693893432617187
0.0213775634765625 -0.092193603515625 0.0323638916015625 -0.0198860168457031
-0.0232772827148438 -0.0872726440429687 0.0105705261230469 -0.0117311477661133
-0.0261688232421875 -0.07855224609375 0.00451469421386719 0.00975608825683593
-0.0386810302734375 -0.0885162353515625 0.00973320007324219 0.0231151580810547
-0.0146408081054687 -0.092742919921875 -0.00652694702148437 0.0361137390136719
0.0383377075195313 -0.091033935546875 -0.0178756713867188 0.0380287170410156
0.0801010131835938 -0.0543289184570313 -0.0339546203613281 0.0108795166015625
0.101722717285156 0.038848876953125 -0.0337791442871094 -0.0143604278564453
0.0759506225585938 0.094879150390625 0.00426006317138672 -0.0145759582519531
0.013580322265625 0.125076293945313 -0.00787734985351563 0.0414314270019531
-0.0345458984375 0.0896682739257813 0.0657577514648437 0.108222961425781
-0.00644683837890626 0.0961456298828125 0.037933349609375 0.108558654785156
0.0450363159179688 0.0937881469726562 0.0323257446289063 0.07977294921875
0.0863113403320313 0.0282974243164062 0.0479545593261719 0.0542488098144531
0.0721054077148438 -0.0301589965820313 0.042572021484375 0.0284271240234375
0.0252914428710938 -0.0756683349609375 0.0326862335205078 0.00996971130371093
-0.013824462890625 -0.0757522583007813 0.0247097015380859 0.0164146423339844
-0.0172653198242188 -0.0700912475585938 0.0211048126220703 0.0311985015869141
-0.0281906127929687 -0.0813674926757812 0.0250816345214844 0.0454254150390625
-0.0077972412109375 -0.0831375122070313 0.00191116333007812 0.0586471557617187
0.0409393310546875 -0.0773544311523438 -0.0160598754882813 0.0563888549804687
0.0757598876953125 -0.0383453369140625 -0.0377922058105469 0.0239410400390625
0.0812606811523438 0.047882080078125 -0.0345611572265625 -0.00926399230957031
0.04461669921875 0.0896377563476563 0.0128326416015625 0.00343513488769532
-0.0130996704101563 0.0988235473632813 -0.00922393798828125 0.0794143676757813
-0.0456886291503906 0.03173828125 0.0537185668945313 0.132072448730469
-0.0305557250976562 0.0513877868652344 0.0335159301757812 0.120185852050781
0.00491714477539062 0.0649490356445313 0.024383544921875 0.0760498046875
0.0469017028808594 0.0312767028808594 0.0326690673828125 0.0584373474121094
0.0480613708496094 -0.0095367431640625 0.0299911499023438 0.0397262573242188
0.0224800109863281 -0.047088623046875 0.0311050415039063 0.0312652587890625
-0.0025634765625 -0.051300048828125 0.0345039367675781 0.0380935668945312
-0.00661468505859375 -0.0499725341796875 0.0353851318359375 0.0478744506835938
-0.0140876770019531 -0.0606727600097656 0.0365142822265625 0.0644874572753906
0.00133514404296876 -0.0619239807128906 0.00685119628906249 0.0782546997070313
0.0388603210449219 -0.0539817810058594 -0.0194778442382812 0.0715408325195312
0.0617141723632812 -0.0183181762695312 -0.0444679260253906 0.0329856872558594
0.0515899658203125 0.0503654479980469 -0.0374794006347656 -0.00526046752929687
0.00827026367187501 0.072357177734375 0.0124320983886719 0.0185661315917969
-0.0382766723632813 0.0591697692871094 -0.0186538696289063 0.106674194335938
0.0438461303710938 0.00247955322265625 0.0172271728515625 -0.117843627929688
0.0192222595214844 -0.042022705078125 -0.00827789306640625 -0.0307998657226563
-0.0185356140136719 -0.034576416015625 0.03955078125 0.0116691589355469
-0.0321006774902344 -0.00171852111816406 0.065338134765625 -0.0339164733886719
-0.0232276916503906 0.0189151763916016 0.0354766845703125 -0.0782241821289063
-0.00705909729003906 0.0310745239257813 -0.0133209228515625 -0.0912399291992188
-0.00275039672851563 0.0255832672119141 -0.0476531982421875 -0.0777206420898438
-0.00460624694824219 0.0246028900146484 -0.0460357666015625 -0.0550918579101563
-0.00929641723632813 0.0266284942626953 -0.0428314208984375 -0.0454673767089844
-0.0210533142089844 0.0120182037353516 -0.0331954956054688 -0.0429534912109375
-0.0235671997070313 -0.00966453552246094 -0.0309829711914063 -0.0427780151367188
-0.00441360473632812 -0.0294418334960938 -0.0257530212402344 -0.0566864013671875
0.0308437347412109 -0.0274105072021484 -0.017608642578125 -0.0772323608398438
0.0536384582519531 -0.00248336791992188 -0.0321731567382813 -0.112335205078125
0.0509300231933594 0.0244407653808594 -0.0385894775390625 -0.137931823730469
0.0500526428222656 0.0566139221191406 0.0379257202148437 -0.114013671875
0.0462722778320313 -0.00336837768554688 0.0044097900390625 -0.0300788879394531
0.0244178771972656 -0.0165214538574219 0.0468101501464844 0.01800537109375
0.00401496887207031 -0.0170011520385742 0.07672119140625 -0.031402587890625
-0.00516319274902344 -0.0100364685058594 0.0474319458007813 -0.0790328979492188
-0.0110616683959961 -0.00493431091308594 -0.00717163085937499 -0.0980072021484375
-0.0182723999023438 -0.00685310363769531 -0.0461578369140625 -0.0824737548828125
-0.0165185928344727 -0.00575637817382813 -0.0465164184570313 -0.0545806884765625
-0.0219955444335937 -0.008087158203125 -0.0414505004882812 -0.04498291015625
-0.0187759399414062 -0.0213413238525391 -0.0338897705078125 -0.0400581359863281
-0.000974655151367189 -0.0350818634033203 -0.0304450988769531 -0.0364112854003906
0.0298557281494141 -0.0349235534667969 -0.0267753601074219 -0.04937744140625
0.0617408752441406 0.00026702880859375 -0.0224571228027344 -0.0641021728515625
0.0734939575195313 0.0394744873046875 -0.0337600708007812 -0.0965728759765625
0.0543670654296875 0.0765228271484375 -0.0342254638671875 -0.119895935058594
0.0458526611328125 0.105270385742188 0.0591888427734375 -0.0894699096679688
0.0633354187011719 0.0426712036132813 0.0195369720458984 -0.0151348114013672
0.0660781860351563 0.0119056701660156 0.0530548095703125 0.0296592712402344
0.0461959838867188 -0.0248222351074219 0.085540771484375 -0.0204010009765625
0.0210914611816406 -0.0370445251464844 0.0595779418945313 -0.0691146850585938
-0.0089111328125 -0.0418815612792969 0.0039215087890625 -0.09442138671875
-0.0282325744628906 -0.0392837524414062 -0.0384063720703125 -0.0777816772460938
-0.025787353515625 -0.0356559753417969 -0.0403594970703125 -0.0463638305664062
-0.0329742431640625 -0.0401954650878906 -0.0355491638183594 -0.0356941223144531
-0.0196418762207031 -0.0513038635253906 -0.0333118438720703 -0.0285167694091797
0.0143089294433594 -0.0605964660644531 -0.0304145812988281 -0.0228366851806641
0.0537605285644531 -0.0463638305664062 -0.0305099487304688 -0.0364494323730469
0.0879287719726562 0.015167236328125 -0.0293121337890625 -0.0487327575683594
0.0917205810546875 0.0670700073242188 -0.0319900512695312 -0.0759658813476563
0.0556716918945312 0.112266540527344 -0.0292892456054687 -0.087127685546875
0.0307159423828125 0.138404846191406 0.0733718872070313 -0.0460586547851563
0.0663223266601563 0.0868453979492188 0.0325641632080078 0.0121803283691406
0.095977783203125 0.0487899780273437 0.05584716796875 0.0464897155761719
0.0869064331054688 -0.0209426879882813 0.0888290405273438 -0.0019989013671875
0.0497550964355469 -0.0551338195800781 0.0673065185546875 -0.0481719970703125
-0.00154113769531249 -0.0725860595703125 0.0163192749023438 -0.0786361694335938
-0.0334739685058594 -0.0658493041992188 -0.0238113403320313 -0.0629692077636719
-0.0309600830078125 -0.0595970153808594 -0.0287456512451172 -0.0311069488525391
-0.0418281555175781 -0.0656585693359375 -0.0240726470947266 -0.0199069976806641
-0.0215072631835938 -0.0741424560546875 -0.0280437469482422 -0.00923919677734375
0.0231857299804687 -0.0810089111328125 -0.0274124145507813 -0.00380516052246094
0.0682868957519531 -0.0586013793945312 -0.0331935882568359 -0.0201663970947266
0.106056213378906 0.0210418701171875 -0.0337734222412109 -0.0343475341796875
0.102264404296875 0.0817413330078125 -0.02301025390625 -0.0545692443847656
0.051239013671875 0.131675720214844 -0.0220947265625 -0.0460281372070312
0.0087127685546875 0.147735595703125 0.0785293579101563 0.00711822509765626
0.0521697998046875 0.11590576171875 0.04052734375 0.0469894409179688
0.103096008300781 0.082000732421875 0.0523490905761719 0.0626335144042969
0.111274719238281 -0.00615692138671875 0.0821762084960937 0.01995849609375
0.0725250244140625 -0.0593032836914062 0.0657424926757813 -0.0210914611816406
0.00861358642578125 -0.0900344848632813 0.0266685485839844 -0.0516624450683594
-0.03271484375 -0.0818328857421875 -0.00667953491210938 -0.0397567749023438
-0.03179931640625 -0.074066162109375 -0.0131607055664063 -0.0111064910888672
-0.0453109741210937 -0.0818405151367188 -0.00828695297241211 0.000616073608398434
-0.022369384765625 -0.0880966186523438 -0.0178546905517578 0.012603759765625
0.0289840698242188 -0.0922698974609375 -0.0216464996337891 0.0166778564453125
0.0756607055664063 -0.063140869140625 -0.0336799621582031 -0.00316810607910156
0.110099792480469 0.0263214111328125 -0.0340728759765625 -0.0224342346191406
0.0972366333007812 0.0879287719726563 -0.0103435516357422 -0.0341987609863281
0.0382919311523438 0.134902954101563 -0.0129308700561523 -0.00196552276611327
-0.0139617919921875 0.130485534667969 0.0749588012695313 0.0611419677734375
0.025665283203125 0.118827819824219 0.0416717529296875 0.0801467895507813
0.0835647583007813 0.0976715087890625 0.0431442260742188 0.074737548828125
0.110153198242188 0.0120849609375 0.0666580200195313 0.0405693054199219
0.08001708984375 -0.0488433837890625 0.0562629699707031 0.00572586059570312
0.0177688598632813 -0.0904922485351563 0.0311927795410156 -0.0204181671142578
-0.0257034301757813 -0.084564208984375 0.0103158950805664 -0.011357307434082
-0.0269546508789063 -0.0763092041015625 0.00465679168701172 0.0107536315917969
-0.0420989990234375 -0.085296630859375 0.0102176666259766 0.0223045349121094
-0.0184249877929687 -0.0898361206054688 -0.00640106201171875 0.0361480712890625
0.0328521728515625 -0.0913772583007813 -0.0168914794921875 0.0369377136230469
0.0774688720703125 -0.0559234619140625 -0.0343093872070312 0.0113945007324219
0.101242065429688 0.0351638793945313 -0.0337810516357422 -0.0142021179199219
0.0763015747070313 0.0907058715820313 0.00377845764160157 -0.0159177780151367
0.0171356201171875 0.123390197753906 -0.00629806518554687 0.0397872924804688
-0.0318984985351562 0.0888595581054688 0.0673141479492188 0.104110717773438
-0.00463104248046875 0.0941314697265625 0.0389251708984375 0.105903625488281
0.0478515625 0.091278076171875 0.0328216552734375 0.078643798828125
0.0854721069335938 0.0249481201171875 0.0479354858398438 0.0532569885253906
0.0706558227539063 -0.0312728881835938 0.0432205200195313 0.0271987915039062
0.0216293334960937 -0.0742263793945313 0.0324573516845703 0.00876426696777343
-0.0165557861328125 -0.0733795166015625 0.0248603820800781 0.0149669647216797
-0.0197830200195313 -0.0679054260253906 0.0216026306152344 0.0306491851806641
-0.0319595336914063 -0.077789306640625 0.0252342224121094 0.0436019897460937
-0.010955810546875 -0.0811996459960937 0.00277328491210937 0.0581779479980469
0.0368194580078125 -0.0777969360351563 -0.0147781372070313 0.0554313659667969
0.0731964111328125 -0.0404052734375 -0.0369529724121094 0.0246200561523438
0.0814895629882813 0.0439376831054688 -0.0344791412353516 -0.00841712951660156
0.0461883544921875 0.0863571166992187 0.0120811462402344 0.00142860412597657
-0.010589599609375 0.09814453125 -0.00699615478515624 0.0773773193359375
-0.0441093444824219 0.0323143005371094 0.0562973022460937 0.128631591796875
-0.0285873413085938 0.0519981384277344 0.0349807739257813 0.117500305175781
0.00807571411132813 0.0636863708496094 0.0251083374023437 0.0748062133789062
0.0471458435058594 0.0292701721191406 0.0334243774414063 0.0575218200683594
0.0467376708984375 -0.0110321044921875 0.0312690734863281 0.0382156372070312
0.019927978515625 -0.046478271484375 0.0314922332763672 0.0290184020996094
-0.0050811767578125 -0.0506629943847656 0.0353507995605469 0.0360908508300781
-0.008819580078125 -0.0480690002441406 0.0352706909179688 0.04595947265625
-0.01727294921875 -0.0585975646972656 0.0365028381347656 0.0622787475585938
-0.00121688842773437 -0.0607223510742188 0.00864410400390626 0.0761642456054688
0.0350151062011719 -0.0548095703125 -0.0170669555664062 0.0703964233398438
0.0595893859863281 -0.0205650329589844 -0.0435562133789063 0.0344047546386719
0.0524406433105469 0.0480842590332031 -0.0375099182128906 -0.00497055053710938
0.0106430053710938 0.0701942443847656 0.0137224197387695 0.0168371200561523
-0.036102294921875 0.0590095520019531 -0.0154800415039063 0.10498046875
0.0434417724609375 0.002685546875 0.01495361328125 -0.116310119628906
0.0173759460449219 -0.0412330627441406 -0.00952148437499999 -0.0299949645996094
-0.0181770324707031 -0.0342273712158203 0.0396995544433594 0.0127716064453125
-0.0319652557373047 -0.00146484375 0.0649070739746094 -0.0336723327636719
-0.0228958129882813 0.0190105438232422 0.0347976684570313 -0.0772628784179688
-0.00681304931640625 0.0306549072265625 -0.0137939453125 -0.08953857421875
-0.00225257873535156 0.0251636505126953 -0.0478439331054688 -0.0766448974609375
-0.0036773681640625 0.02398681640625 -0.0454635620117188 -0.0537490844726562
-0.00799560546875 0.0263500213623047 -0.04241943359375 -0.0438194274902344
-0.0206451416015625 0.0126266479492187 -0.0331382751464844 -0.0418663024902344
-0.0226364135742188 -0.00883674621582031 -0.0310478210449219 -0.042694091796875
-0.00402259826660157 -0.0287914276123047 -0.0259323120117187 -0.0572967529296875
0.0300731658935547 -0.0270557403564453 -0.0164260864257813 -0.0776901245117188
0.05242919921875 -0.00286865234375 -0.0314483642578125 -0.110832214355469
0.0504989624023437 0.0241127014160156 -0.0389404296875 -0.136589050292969
0.0502967834472656 0.0562400817871094 0.0362014770507813 -0.112800598144531
0.0448150634765625 -0.00357818603515625 0.00303840637207032 -0.0289802551269531
0.0242271423339844 -0.017333984375 0.0466690063476563 0.0180587768554688
0.00348567962646485 -0.0169897079467773 0.07568359375 -0.0309066772460938
-0.00485420227050781 -0.0100288391113281 0.0471878051757812 -0.0780563354492188
-0.0109920501708984 -0.00448513031005859 -0.00701904296875 -0.0964736938476562
-0.0177135467529297 -0.00660133361816407 -0.0466842651367188 -0.0812149047851563
-0.0159988403320313 -0.00600433349609375 -0.0459785461425781 -0.0536460876464844
-0.0208396911621094 -0.0070037841796875 -0.0419654846191406 -0.0438575744628906
-0.0187606811523438 -0.0199184417724609 -0.0348472595214844 -0.0392036437988281
-0.0013580322265625 -0.0339164733886719 -0.0307540893554687 -0.0361747741699219
0.0288105010986328 -0.0349617004394531 -0.0268440246582031 -0.0501861572265625
0.0610237121582031 0.00030517578125 -0.0214500427246094 -0.0646858215332031
0.0731964111328125 0.0383453369140625 -0.0330657958984375 -0.0965652465820313
0.054046630859375 0.0751800537109375 -0.0343017578125 -0.118812561035156
0.0454940795898437 0.104362487792969 0.056365966796875 -0.0887374877929688
0.0618133544921875 0.0418472290039062 0.0173444747924805 -0.0150318145751953
0.0656242370605469 0.0115089416503906 0.0531349182128906 0.030120849609375
0.0455970764160156 -0.0245208740234375 0.0849990844726562 -0.019683837890625
0.0205039978027344 -0.0366706848144531 0.0595207214355469 -0.0680313110351563
-0.00974655151367188 -0.0409698486328125 0.004119873046875 -0.0933685302734375
-0.0286788940429688 -0.0382156372070313 -0.0388412475585937 -0.0768051147460938
-0.0250148773193359 -0.0349540710449219 -0.0398902893066406 -0.0449180603027344
-0.0327568054199219 -0.0387535095214844 -0.0356025695800781 -0.0347366333007813
-0.01959228515625 -0.0494041442871094 -0.0338344573974609 -0.0276126861572266
0.0130615234375 -0.0591850280761719 -0.0307598114013672 -0.0226707458496094
0.0526351928710938 -0.0465087890625 -0.0306625366210938 -0.036529541015625
0.0873489379882813 0.0145416259765625 -0.0286064147949219 -0.0502204895019531
0.0912628173828125 0.0654754638671875 -0.0318374633789063 -0.0762710571289063
0.055816650390625 0.111351013183594 -0.0295486450195312 -0.0864334106445312
0.0310897827148438 0.137191772460938 0.070831298828125 -0.0464096069335938
0.064300537109375 0.0860519409179687 0.0306205749511719 0.0118522644042969
0.0949249267578125 0.0473785400390625 0.05517578125 0.0467185974121094
0.0851593017578125 -0.0214157104492188 0.0878143310546875 -0.00156402587890625
0.0486793518066406 -0.0540199279785156 0.0668754577636719 -0.0476646423339844
-0.00251770019531249 -0.0707321166992188 0.015960693359375 -0.0775680541992187
-0.0341758728027344 -0.0645294189453125 -0.0242767333984375 -0.0616378784179688
-0.0307350158691406 -0.0585136413574219 -0.0282268524169922 -0.0297126770019531
-0.042144775390625 -0.0640068054199219 -0.02459716796875 -0.0188999176025391
-0.021942138671875 -0.0721511840820313 -0.027862548828125 -0.00952529907226563
0.0212860107421875 -0.0797653198242188 -0.0282840728759766 -0.00423622131347657
0.0673332214355469 -0.0583343505859375 -0.0336856842041016 -0.0203914642333984
0.105125427246094 0.0200119018554688 -0.0326995849609375 -0.0358734130859375
0.101768493652344 0.0794601440429687 -0.0227546691894531 -0.0554847717285156
0.0515594482421875 0.130332946777344 -0.0223464965820313 -0.0455970764160156
0.00958251953125001 0.14599609375 0.0769271850585937 0.00623321533203126
0.0504074096679688 0.11431884765625 0.0379905700683594 0.0457115173339844
0.102249145507812 0.080474853515625 0.0512466430664063 0.0629310607910156
0.109649658203125 -0.00701141357421875 0.081451416015625 0.0212326049804688
0.0709609985351563 -0.058685302734375 0.066436767578125 -0.0208816528320313
0.00756072998046874 -0.0883636474609375 0.0259857177734375 -0.0518264770507813
-0.0335845947265625 -0.080841064453125 -0.00724411010742188 -0.0388984680175781
-0.03155517578125 -0.073211669921875 -0.0125656127929688 -0.00992393493652344
-0.0461959838867188 -0.0794906616210938 -0.00816822052001953 0.00108957290649414
-0.0230941772460937 -0.0859451293945313 -0.0187435150146484 0.0128211975097656
0.0264816284179687 -0.090850830078125 -0.0224075317382813 0.0165462493896484
0.0734100341796875 -0.0628738403320312 -0.0342006683349609 -0.00376510620117188
0.109649658203125 0.0253524780273438 -0.0334510803222656 -0.0233402252197266
0.0965957641601562 0.086578369140625 -0.0106773376464844 -0.0352249145507812
0.03851318359375 0.133056640625 -0.013641357421875 -0.00264263153076171
-0.0129318237304688 0.128677368164063 0.0741424560546875 0.0590896606445313
0.0247955322265625 0.117141723632813 0.041412353515625 0.079345703125
0.084503173828125 0.0969161987304688 0.0419464111328125 0.0749740600585938
0.108482360839844 0.0108718872070313 0.0665969848632812 0.0406112670898438
0.0789871215820313 -0.0486831665039063 0.057281494140625 0.00650405883789062
0.0160598754882813 -0.0889434814453125 0.0310935974121094 -0.0207595825195313
-0.028106689453125 -0.0830230712890625 0.00988388061523437 -0.0116443634033203
-0.028045654296875 -0.0755538940429688 0.00440692901611328 0.0105781555175781
-0.0431365966796875 -0.0838088989257813 0.00896263122558593 0.022796630859375
-0.0199203491210938 -0.0885086059570313 -0.00638198852539062 0.0354957580566406
0.0309295654296875 -0.0904693603515625 -0.0172195434570312 0.0363693237304688
0.075225830078125 -0.0562667846679688 -0.0346012115478516 0.0111503601074219
0.101203918457031 0.03369140625 -0.0331554412841797 -0.0143566131591797
0.0771026611328125 0.0885848999023438 0.00304603576660157 -0.0171842575073242
0.0172653198242188 0.122634887695313 -0.00689697265624999 0.0397148132324219
-0.031158447265625 0.0883865356445313 0.0664596557617187 0.102226257324219
-0.004486083984375 0.0931472778320313 0.0384674072265625 0.104255676269531
0.04852294921875 0.09027099609375 0.0318832397460938 0.0785675048828125
0.0846176147460938 0.024017333984375 0.0478897094726563 0.0531768798828125
0.0695419311523438 -0.0312728881835938 0.0434722900390625 0.0268974304199219
0.0202865600585938 -0.0730667114257813 0.0327987670898438 0.00794219970703124
-0.0172882080078125 -0.0722274780273438 0.0247344970703125 0.0146560668945312
-0.0201530456542969 -0.0669059753417969 0.0216751098632813 0.0300674438476562
-0.033172607421875 -0.075775146484375 0.0248947143554687 0.0431137084960937
-0.0126190185546875 -0.0792007446289063 0.0030059814453125 0.0569915771484375
0.034881591796875 -0.0775375366210938 -0.0145683288574219 0.0543556213378906
0.0714111328125 -0.0411758422851562 -0.0370140075683594 0.0241203308105469
0.0814895629882813 0.0429840087890625 -0.0339679718017578 -0.00881195068359375
0.0462875366210938 0.0851058959960938 0.0121831893920898 2.86102294921927E-05
-0.0093994140625 0.0973052978515625 -0.00649261474609375 0.0760726928710937
-0.0435523986816406 0.0318603515625 0.0563735961914062 0.125892639160156
-0.0283470153808594 0.0512466430664063 0.03436279296875 0.116081237792969
0.00844573974609376 0.0637245178222656 0.0240707397460938 0.0748214721679688
0.0465774536132813 0.0282211303710938 0.033477783203125 0.0579261779785156
0.0461540222167969 -0.0113372802734375 0.0317955017089844 0.0379447937011719
0.0192794799804687 -0.0459785461425781 0.0319576263427734 0.02862548828125
-0.005523681640625 -0.0499687194824219 0.035430908203125 0.0346870422363281
-0.00884246826171875 -0.0481414794921875 0.0350799560546875 0.0458755493164063
-0.0183334350585938 -0.0573997497558594 0.0365257263183594 0.0605888366699219
-0.00236892700195312 -0.0599937438964844 0.00856781005859375 0.0750579833984375
0.0335540771484375 -0.0547218322753906 -0.0166511535644531 0.0691719055175781
0.057891845703125 -0.0212745666503906 -0.0427055358886719 0.033355712890625
0.0523414611816406 0.0471725463867187 -0.0374336242675781 -0.00521850585937499
0.0106201171875 0.0692138671875 0.0133905410766602 0.0158815383911133
-0.0351638793945313 0.058746337890625 -0.0143356323242187 0.103240966796875
0.0449943542480469 0.0030975341796875 0.0160598754882812 -0.116989135742187
0.0176353454589844 -0.0416831970214844 -0.0111846923828125 -0.0292301177978516
-0.018890380859375 -0.0346908569335938 0.0408439636230469 0.0139503479003906
-0.0321750640869141 -0.00210189819335938 0.0665740966796875 -0.0332908630371094
-0.022918701171875 0.0189189910888672 0.0359649658203125 -0.0781326293945312
-0.00632667541503906 0.0316524505615234 -0.0126953125 -0.0904159545898437
-0.00197792053222656 0.0259056091308594 -0.0474319458007813 -0.0775375366210938
-0.00357246398925781 0.0245304107666016 -0.0449066162109375 -0.0549774169921875
-0.00745773315429687 0.0268764495849609 -0.0419349670410156 -0.0448722839355469
-0.0201740264892578 0.012786865234375 -0.033416748046875 -0.0428619384765625
-0.0225505828857422 -0.00871658325195313 -0.0318145751953125 -0.0434303283691406
-0.00414657592773438 -0.0301132202148438 -0.0257301330566406 -0.0591506958007812
0.03076171875 -0.0273857116699219 -0.014801025390625 -0.0798187255859375
0.0528221130371094 -0.00273513793945313 -0.0304946899414063 -0.113395690917969
0.0514068603515625 0.0249443054199219 -0.0375747680664063 -0.139289855957031
0.0514984130859375 0.0576400756835937 0.0365753173828125 -0.113059997558594
0.0445060729980469 -0.00355148315429687 0.00167274475097657 -0.0286731719970703
0.0239143371582031 -0.0179119110107422 0.0472640991210938 0.0200653076171875
0.00327301025390625 -0.0173282623291016 0.0773086547851563 -0.0295181274414063
-0.00467681884765625 -0.0104408264160156 0.0488357543945313 -0.0785751342773438
-0.0106658935546875 -0.00433540344238281 -0.00588226318359376 -0.09808349609375
-0.0175313949584961 -0.00618934631347656 -0.046661376953125 -0.0825576782226563
-0.015162467956543 -0.00618743896484375 -0.0453414916992188 -0.0542068481445312
-0.0204105377197266 -0.00713348388671875 -0.0419044494628906 -0.0442771911621094
-0.0190906524658203 -0.0194454193115234 -0.0351791381835937 -0.0403594970703125
-0.00124168395996094 -0.0339450836181641 -0.0316429138183594 -0.0367164611816406
0.02899169921875 -0.0351791381835938 -0.0268898010253906 -0.0517807006835938
0.0618171691894531 0.000881195068359375 -0.0199928283691406 -0.0673980712890625
0.0730972290039063 0.0394134521484375 -0.0322113037109375 -0.098724365234375
0.0542144775390625 0.0766067504882813 -0.0337982177734375 -0.12091064453125
0.0465011596679687 0.107177734375 0.0566940307617188 -0.089263916015625
0.0613632202148438 0.042938232421875 0.015625 -0.0143518447875977
0.0665092468261719 0.0116004943847656 0.0535964965820313 0.0325584411621094
0.0461997985839844 -0.0247917175292969 0.0865020751953125 -0.0182113647460937
0.0214385986328125 -0.03643798828125 0.061798095703125 -0.0684738159179688
-0.00971603393554688 -0.0405731201171875 0.0046844482421875 -0.094635009765625
-0.0290107727050781 -0.0383644104003906 -0.0384597778320312 -0.0777740478515625
-0.0247535705566406 -0.0360755920410156 -0.0399360656738281 -0.0447273254394531
-0.0326957702636719 -0.0388565063476563 -0.0363044738769531 -0.034942626953125
-0.0196990966796875 -0.0493011474609375 -0.0344886779785156 -0.0277042388916016
0.0134353637695313 -0.0593986511230469 -0.0316753387451172 -0.0233020782470703
0.0533790588378906 -0.0465812683105469 -0.0312042236328125 -0.0385627746582031
0.088623046875 0.0154037475585938 -0.0273475646972656 -0.0522842407226563
0.0910263061523438 0.066619873046875 -0.0312118530273437 -0.0788803100585938
0.0555343627929687 0.113609313964844 -0.0296249389648437 -0.0884170532226562
0.0298233032226563 0.139846801757813 0.0707473754882813 -0.0465774536132812
0.0634613037109375 0.0873947143554688 0.0290927886962891 0.0124473571777344
0.09698486328125 0.0489883422851563 0.0552215576171875 0.0491752624511719
0.08624267578125 -0.0210800170898438 0.0891799926757813 0.000289916992187499
0.0500068664550781 -0.0542182922363281 0.0695419311523438 -0.047607421875
-0.00270843505859375 -0.0713272094726563 0.01739501953125 -0.078460693359375
-0.0340538024902344 -0.0655632019042969 -0.0245018005371094 -0.0624046325683594
-0.0304145812988281 -0.0597953796386719 -0.0282344818115234 -0.0296440124511719
-0.0426216125488281 -0.0640373229980469 -0.0244598388671875 -0.0190086364746094
-0.0224380493164063 -0.0721435546875 -0.0292110443115234 -0.00901985168457032
0.0213699340820313 -0.0801315307617187 -0.0293750762939453 -0.00436592102050782
0.0677566528320313 -0.0584487915039063 -0.0342655181884765 -0.0219459533691406
0.107032775878906 0.02142333984375 -0.0322799682617187 -0.0378074645996094
0.101737976074219 0.0804901123046875 -0.0236740112304688 -0.0575599670410156
0.0506591796875 0.13323974609375 -0.0223350524902344 -0.0464859008789062
0.00796508789062502 0.148406982421875 0.0762786865234375 0.00608062744140626
0.04937744140625 0.115982055664063 0.0370635986328125 0.0460968017578125
0.1043701171875 0.0823745727539062 0.0499343872070313 0.0656509399414063
0.110466003417969 -0.0062408447265625 0.0828781127929688 0.0238265991210938
0.0724105834960938 -0.0583648681640625 0.0688514709472656 -0.0201530456542969
0.00775909423828124 -0.0884780883789063 0.0267677307128906 -0.0532569885253906
-0.033905029296875 -0.0815200805664063 -0.00743484497070313 -0.0390586853027344
-0.0315933227539063 -0.0738601684570313 -0.0122795104980469 -0.0094146728515625
-0.0466384887695312 -0.0794830322265625 -0.00955867767333985 0.00138568878173828
-0.0240402221679687 -0.0864181518554688 -0.0190696716308594 0.0128936767578125
0.0266799926757812 -0.091949462890625 -0.0236625671386719 0.0161895751953125
0.0747222900390625 -0.0629806518554688 -0.0348262786865234 -0.00464820861816407
0.111618041992188 0.0259475708007813 -0.0335597991943359 -0.0254592895507813
0.0969390869140625 0.0879745483398438 -0.00994110107421874 -0.0369453430175781
0.0379791259765625 0.13543701171875 -0.0141363143920898 -0.00289916992187499
-0.0141067504882813 0.131317138671875 0.0737762451171875 0.0601806640625
0.0223922729492188 0.118392944335937 0.0391921997070313 0.080780029296875
0.0846481323242188 0.0995864868164063 0.04058837890625 0.0779495239257813
0.109550476074219 0.0118865966796875 0.0662307739257813 0.0432395935058594
0.0795211791992188 -0.0484085083007813 0.0587196350097656 0.00777816772460937
0.0166168212890625 -0.0888290405273438 0.0322399139404297 -0.0208415985107422
-0.0276947021484375 -0.0843048095703125 0.00971031188964844 -0.0113601684570313
-0.0278472900390625 -0.0769805908203125 0.00467205047607422 0.012359619140625
-0.04376220703125 -0.08355712890625 0.00795364379882812 0.0224876403808594
-0.020263671875 -0.0890960693359375 -0.0077972412109375 0.0357742309570312
0.0312957763671875 -0.09088134765625 -0.0181961059570312 0.0361137390136719
0.0772247314453125 -0.05694580078125 -0.0352554321289062 0.0107345581054688
0.102348327636719 0.0353622436523438 -0.0331516265869141 -0.0165348052978516
0.0776138305664063 0.0897674560546875 0.00321197509765625 -0.0181255340576172
0.016021728515625 0.124298095703125 -0.00739669799804688 0.0397071838378906
-0.0322189331054688 0.0888519287109375 0.0658340454101563 0.103286743164063
-0.00586700439453126 0.0942611694335938 0.0360794067382813 0.105682373046875
0.0494613647460938 0.092803955078125 0.029998779296875 0.0816574096679687
0.08538818359375 0.0247726440429688 0.0476036071777344 0.0558929443359375
0.0700340270996094 -0.0311393737792969 0.0447349548339844 0.0287361145019531
0.020263671875 -0.0738449096679688 0.0333881378173828 0.00784111022949218
-0.0182571411132813 -0.0733108520507812 0.0243892669677734 0.0152492523193359
-0.0201759338378906 -0.0682144165039063 0.0218067169189453 0.0315341949462891
-0.0337982177734375 -0.0764083862304687 0.0237274169921875 0.04376220703125
-0.0131149291992188 -0.0799484252929688 0.00239944458007812 0.0576171875
0.034454345703125 -0.0783615112304688 -0.016143798828125 0.0539360046386719
0.0726089477539063 -0.0415878295898438 -0.0378684997558594 0.0231056213378906
0.0829696655273438 0.044769287109375 -0.0343647003173828 -0.00966453552246093
0.0466079711914062 0.0860748291015625 0.0121498107910156 -0.000226974487304682
-0.0104827880859375 0.0990066528320313 -0.00772857666015624 0.0764083862304688
-0.0443382263183594 0.0319900512695312 0.0556640625 0.127548217773438
-0.0286903381347656 0.0516242980957031 0.0332183837890625 0.117279052734375
0.009735107421875 0.06463623046875 0.0225601196289062 0.0774154663085938
0.0468177795410156 0.0288658142089844 0.0327110290527344 0.0600013732910156
0.046966552734375 -0.0108909606933594 0.0326042175292969 0.0399169921875
0.0193824768066406 -0.0462074279785156 0.0328254699707031 0.0288963317871094
-0.00559234619140626 -0.0501174926757813 0.0356864929199219 0.0349807739257813
-0.00919342041015625 -0.0481033325195313 0.0352668762207031 0.0464630126953125
-0.0184974670410156 -0.0573081970214844 0.0359039306640625 0.0618515014648438
-0.00280380249023438 -0.0608291625976563 0.00832366943359376 0.0765914916992188
0.034271240234375 -0.0554122924804688 -0.017791748046875 0.0688705444335937
0.0598373413085938 -0.0216102600097656 -0.0438079833984375 0.0328292846679688
0.0523529052734375 0.0482711791992188 -0.0380668640136719 -0.00577545166015624
0.0103034973144531 0.0701828002929688 0.0139970779418945 0.0146474838256836
-0.0365257263183594 0.0594673156738281 -0.0156478881835938 0.103370666503906
0.0476188659667969 0.003326416015625 0.0158157348632813 -0.120979309082031
0.0177650451660156 -0.0434112548828125 -0.0124053955078125 -0.0294456481933594
-0.0204505920410156 -0.0365486145019531 0.0430564880371094 0.0146141052246094
-0.0332736968994141 -0.00195693969726563 0.0690689086914063 -0.0344009399414063
-0.024017333984375 0.0203189849853516 0.037261962890625 -0.080841064453125
-0.00648880004882812 0.0328121185302734 -0.0124282836914063 -0.093719482421875
-0.00103759765625 0.0270252227783203 -0.049224853515625 -0.0799407958984375
-0.00291061401367187 0.0245456695556641 -0.0469627380371094 -0.0570526123046875
-0.00669097900390625 0.0274486541748047 -0.0439987182617188 -0.0468597412109375
-0.0203685760498047 0.0144691467285156 -0.03485107421875 -0.0445709228515625
-0.0237083435058594 -0.00851821899414063 -0.03314208984375 -0.0449676513671875
-0.00424957275390625 -0.0310115814208984 -0.0267143249511719 -0.0623664855957031
0.0315170288085938 -0.0291461944580078 -0.0149765014648438 -0.0842056274414063
0.0543594360351562 -0.0036468505859375 -0.0313186645507813 -0.118133544921875
0.0533447265625 0.0257453918457031 -0.03924560546875 -0.144729614257813
0.0546188354492188 0.0603866577148438 0.0372543334960937 -0.117630004882813
0.04559326171875 -0.002899169921875 -0.000392913818359369 -0.0289134979248047
0.0245437622070312 -0.0184326171875 0.0500259399414062 0.0216064453125
0.00374794006347656 -0.0181312561035156 0.0813064575195312 -0.0307464599609375
-0.00377178192138672 -0.0103416442871094 0.0507965087890625 -0.081451416015625
-0.0114107131958008 -0.00347709655761719 -0.00608062744140624 -0.101425170898438
-0.0186328887939453 -0.00651359558105468 -0.04833984375 -0.0845870971679688
-0.0154361724853516 -0.00633621215820313 -0.0471687316894531 -0.05548095703125
-0.0207767486572266 -0.00687980651855469 -0.0439567565917969 -0.0453987121582031
-0.0187702178955078 -0.0199165344238281 -0.0372200012207031 -0.0412635803222656
-0.00168418884277344 -0.0345077514648438 -0.0331268310546875 -0.0387802124023438
0.0304985046386719 -0.0365447998046875 -0.0281715393066406 -0.0549850463867188
0.0639533996582031 0.000293731689453125 -0.0205001831054687 -0.071990966796875
0.0759201049804688 0.0398712158203125 -0.033203125 -0.103721618652344
0.056304931640625 0.0799636840820313 -0.0350341796875 -0.126014709472656
0.0486221313476563 0.111625671386719 0.0582427978515625 -0.0923614501953125
0.062591552734375 0.0450325012207031 0.0151920318603516 -0.0144309997558594
0.0687294006347656 0.0114212036132813 0.055816650390625 0.0351142883300781
0.0476341247558594 -0.0258674621582031 0.0907363891601563 -0.0188064575195313
0.0222587585449219 -0.0377197265625 0.0648651123046875 -0.0709304809570313
-0.010650634765625 -0.0411224365234375 0.0054473876953125 -0.0984954833984375
-0.0308151245117188 -0.0395927429199219 -0.04022216796875 -0.0799560546875
-0.0255622863769531 -0.0371665954589844 -0.0409431457519531 -0.0462150573730469
-0.03375244140625 -0.0400466918945313 -0.0380821228027344 -0.0353164672851563
-0.0206108093261719 -0.0501594543457031 -0.0362739562988281 -0.0285148620605469
0.0131950378417969 -0.0610847473144531 -0.0341453552246094 -0.0245723724365234
0.0555648803710938 -0.048492431640625 -0.0330085754394531 -0.0410804748535156
0.0926666259765625 0.0157318115234375 -0.0279960632324219 -0.0567893981933594
0.095306396484375 0.0678863525390625 -0.0319747924804688 -0.0835723876953125
0.0579605102539063 0.118812561035156 -0.0305938720703125 -0.0920181274414062
0.03082275390625 0.146316528320313 0.0729446411132812 -0.0482635498046875
0.0647354125976563 0.091461181640625 0.0276298522949219 0.0129528045654297
0.101066589355469 0.050018310546875 0.0571365356445313 0.05279541015625
0.0894012451171875 -0.0220565795898437 0.0932998657226562 0.00147247314453125
0.05218505859375 -0.0565147399902344 0.0738143920898438 -0.0497589111328125
-0.003387451171875 -0.073577880859375 0.0177078247070312 -0.081817626953125
-0.0364799499511719 -0.0667343139648438 -0.0255699157714844 -0.0649223327636719
-0.0315933227539063 -0.0618247985839844 -0.0292987823486328 -0.0300006866455078
-0.0438880920410156 -0.0662651062011719 -0.0265560150146484 -0.0186386108398438
-0.0235977172851563 -0.0736007690429688 -0.0306301116943359 -0.00884437561035156
0.0212020874023438 -0.082763671875 -0.0310726165771484 -0.00492095947265625
0.0703887939453125 -0.0611190795898438 -0.0359764099121094 -0.0241661071777344
0.111251831054688 0.0215606689453125 -0.0332756042480469 -0.0411262512207031
0.105987548828125 0.083038330078125 -0.0237617492675781 -0.0610466003417969
0.053070068359375 0.138626098632812 -0.0234184265136719 -0.0495529174804687
0.00851440429687501 0.155014038085937 0.078155517578125 0.00569152832031251
0.0494155883789063 0.12060546875 0.0364570617675781 0.0475883483886719
0.108695983886719 0.0859222412109375 0.0513877868652344 0.070159912109375
0.114662170410156 -0.007049560546875 0.0859375 0.0250320434570313
0.0759124755859375 -0.060546875 0.0724945068359375 -0.020782470703125
0.00717163085937501 -0.0916900634765625 0.0277786254882812 -0.0552253723144531
-0.0362930297851563 -0.0839691162109375 -0.00823593139648438 -0.0405654907226563
-0.0330276489257813 -0.0763626098632813 -0.0129051208496094 -0.00887107849121094
-0.04901123046875 -0.0818252563476563 -0.010502815246582 0.00204944610595702
-0.0253372192382812 -0.0880279541015625 -0.0203609466552734 0.0139617919921875
0.0261993408203125 -0.0951690673828125 -0.0261211395263672 0.0161838531494141
0.0777664184570313 -0.0658416748046875 -0.037017822265625 -0.00636672973632812
0.116294860839844 0.0270309448242188 -0.0343780517578125 -0.0279445648193359
0.101631164550781 0.0902099609375 -0.0107688903808594 -0.0398521423339844
0.0397186279296875 0.141845703125 -0.0148916244506836 -0.00340938568115233
-0.0150299072265625 0.137359619140625 0.07562255859375 0.0618438720703125
0.0229644775390625 0.123046875 0.0389404296875 0.0830917358398438
0.0894241333007813 0.103134155273438 0.0418701171875 0.0825958251953125
0.113883972167969 0.011810302734375 0.0683822631835938 0.0468215942382813
0.0831680297851563 -0.0503005981445312 0.0620002746582031 0.00751495361328125
0.0164337158203125 -0.0922317504882813 0.0328960418701172 -0.0226707458496094
-0.0294265747070313 -0.0872802734375 0.00993156433105469 -0.0115213394165039
-0.0290603637695312 -0.079803466796875 0.00518608093261719 0.0126161575317383
-0.0461807250976563 -0.0861434936523437 0.00782012939453124 0.023223876953125
-0.0223922729492187 -0.0911102294921875 -0.008148193359375 0.0368309020996094
0.0306930541992188 -0.0941085815429688 -0.0192451477050781 0.0379066467285156
0.0792770385742188 -0.059295654296875 -0.0366477966308594 0.0106124877929688
0.107223510742188 0.0358810424804688 -0.0347251892089844 -0.0178241729736328
0.0813827514648438 0.0924453735351563 0.00390243530273438 -0.0207099914550781
0.0170974731445313 0.130165100097656 -0.007965087890625 0.0403175354003906
-0.0335845947265625 0.0927047729492188 0.0672836303710938 0.106498718261719
-0.00611114501953124 0.0980224609375 0.036834716796875 0.108963012695313
0.0520782470703125 0.0958023071289063 0.030548095703125 0.0857009887695313
0.0890426635742187 0.0254745483398437 0.0494155883789063 0.0604057312011719
0.0730667114257813 -0.0318984985351563 0.0472831726074219 0.0298881530761719
0.0207290649414063 -0.0759963989257813 0.0351276397705078 0.00734901428222656
-0.0185470581054687 -0.075897216796875 0.0259685516357422 0.0151138305664062
-0.0214996337890625 -0.0707168579101562 0.022857666015625 0.0331592559814453
-0.0359573364257812 -0.0777511596679688 0.024383544921875 0.0455513000488281
-0.0146865844726563 -0.0827713012695313 0.00185012817382813 0.0595169067382812
0.0345306396484375 -0.0811233520507813 -0.016387939453125 0.0555686950683594
0.0750961303710938 -0.0438461303710938 -0.03948974609375 0.0242996215820312
0.0866165161132813 0.0459213256835938 -0.0359153747558594 -0.0106925964355469
0.0484542846679688 0.0885086059570313 0.0134143829345703 -0.00198173522949218
-0.01055908203125 0.103919982910156 -0.00737762451171875 0.0784912109375
-0.04595947265625 0.0333213806152344 0.0578384399414063 0.131996154785156
-0.0304908752441406 0.0546798706054688 0.0336074829101562 0.12127685546875
0.00990676879882812 0.0672721862792969 0.0224456787109375 0.0817718505859375
0.0488433837890625 0.0290565490722656 0.0344161987304688 0.0639076232910156
0.0488166809082031 -0.0115089416503906 0.0344505310058594 0.0416526794433594
0.0199813842773437 -0.0480690002441406 0.0343914031982422 0.0296344757080078
-0.00682449340820313 -0.0531234741210937 0.0373573303222656 0.0363655090332031
-0.00959014892578125 -0.0504341125488281 0.0371208190917969 0.0487556457519531
-0.0202789306640625 -0.0592536926269531 0.0366363525390625 0.0644760131835938
-0.00394821166992188 -0.0623703002929687 0.00799560546875 0.079132080078125
0.0345077514648438 -0.0585441589355469 -0.0182952880859375 0.0707855224609375
0.0617294311523437 -0.0229377746582031 -0.04583740234375 0.0341377258300781
0.0553970336914062 0.0506248474121094 -0.0393524169921875 -0.0073394775390625
0.0105819702148437 0.0732879638671875 0.0146760940551758 0.0141630172729492
-0.0365943908691406 0.0622711181640625 -0.0157623291015625 0.106742858886719
0.0514411926269531 0.00183486938476562 0.0129318237304687 -0.127143859863281
0.0165786743164063 -0.045379638671875 -0.0150852203369141 -0.0293922424316406
-0.0230979919433594 -0.0378913879394531 0.0465736389160156 0.0149459838867187
-0.0354385375976562 -0.0013580322265625 0.0718154907226562 -0.0373306274414062
-0.0242481231689453 0.0219001770019531 0.03704833984375 -0.0851058959960937
-0.00471687316894531 0.0351390838623047 -0.0150604248046875 -0.0979232788085938
-0.000240325927734374 0.0288505554199219 -0.05401611328125 -0.08203125
-0.0017242431640625 0.0263442993164063 -0.0504417419433594 -0.0588417053222656
-0.00482368469238281 0.0285491943359375 -0.0479087829589844 -0.0470771789550781
-0.020050048828125 0.0163078308105469 -0.0379829406738281 -0.0460014343261719
-0.0248756408691406 -0.00741386413574219 -0.0360031127929687 -0.0472602844238281
-0.00607872009277344 -0.0320892333984375 -0.0301971435546875 -0.0659446716308594
0.031890869140625 -0.0314121246337891 -0.0177230834960937 -0.0898284912109375
0.05615234375 -0.00531387329101563 -0.0357894897460937 -0.123382568359375
0.0569229125976563 0.0251617431640625 -0.0453033447265625 -0.151519775390625
0.0598297119140625 0.0620307922363281 0.0351715087890625 -0.124183654785156
0.0466842651367188 -0.00426864624023438 -0.00291061401367187 -0.0288906097412109
0.0253543853759766 -0.0208454132080078 0.0538749694824219 0.0227012634277344
0.0028839111328125 -0.0194015502929688 0.0843582153320313 -0.0341949462890625
-0.00478649139404297 -0.0106306076049805 0.0515823364257812 -0.0868453979492188
-0.0118741989135742 -0.00257682800292969 -0.00875854492187499 -0.106277465820313
-0.0194587707519531 -0.00494384765625 -0.0532455444335938 -0.0871658325195313
-0.016566276550293 -0.00656032562255859 -0.0508842468261719 -0.0569190979003906
-0.0210151672363281 -0.00650787353515625 -0.0475921630859375 -0.0463790893554688
-0.0199508666992188 -0.0188350677490234 -0.03973388671875 -0.0421142578125
-0.00266265869140625 -0.0354766845703125 -0.03656005859375 -0.0405311584472656
0.0302276611328125 -0.0391693115234375 -0.0317764282226562 -0.0582962036132813
0.0673484802246094 -0.00183868408203125 -0.0224609375 -0.0761642456054688
0.0802841186523438 0.0391616821289063 -0.0374374389648437 -0.109039306640625
0.0617446899414063 0.0826339721679688 -0.0402755737304688 -0.131729125976563
0.0550918579101563 0.115615844726562 0.0578689575195312 -0.0985260009765625
0.0663986206054688 0.0461769104003906 0.0137968063354492 -0.0151824951171875
0.0731277465820313 0.00983428955078125 0.0595893859863281 0.0366096496582031
0.0488662719726563 -0.028839111328125 0.0948638916015625 -0.0210800170898438
0.022552490234375 -0.0408248901367188 0.0666275024414063 -0.0763626098632813
-0.011993408203125 -0.0422210693359375 0.00281524658203125 -0.103286743164063
-0.033538818359375 -0.0400428771972656 -0.044525146484375 -0.0824203491210938
-0.02813720703125 -0.0379142761230469 -0.0438613891601563 -0.0472221374511719
-0.0365562438964844 -0.0399856567382812 -0.0411338806152344 -0.03558349609375
-0.0228462219238281 -0.0513229370117188 -0.0393867492675781 -0.0287818908691406
0.0117950439453125 -0.0636215209960938 -0.0369987487792969 -0.0252876281738281
0.05615234375 -0.0523300170898438 -0.0357933044433594 -0.0440750122070313
0.0980758666992188 0.0134658813476563 -0.0303955078125 -0.0602226257324219
0.101531982421875 0.0680007934570313 -0.0357513427734375 -0.0874404907226563
0.06396484375 0.123703002929687 -0.0342254638671875 -0.0964736938476563
0.0377655029296875 0.152984619140625 0.0743865966796875 -0.0526885986328125
0.0693130493164063 0.09442138671875 0.0275745391845703 0.0127372741699219
0.108238220214844 0.0498809814453125 0.0616798400878906 0.0554428100585938
0.092529296875 -0.0258941650390625 0.0988311767578125 0.000602722167968748
0.0536041259765625 -0.0608406066894531 0.0771484375 -0.0539321899414063
-0.00579071044921875 -0.07574462890625 0.016082763671875 -0.08697509765625
-0.0405426025390625 -0.0687522888183594 -0.0287017822265625 -0.0660324096679688
-0.0350723266601562 -0.0640716552734375 -0.0306072235107422 -0.0299663543701172
-0.0482101440429687 -0.0666923522949219 -0.0289096832275391 -0.017913818359375
-0.02728271484375 -0.0763931274414063 -0.0334568023681641 -0.00808906555175782
0.0187454223632812 -0.0870437622070312 -0.0342350006103516 -0.00446891784667969
0.0721435546875 -0.0659408569335938 -0.0394783020019531 -0.0249671936035156
0.118118286132812 0.0189056396484375 -0.0357894897460938 -0.0441665649414062
0.113105773925781 0.0835723876953125 -0.0269432067871094 -0.0646171569824219
0.05950927734375 0.145751953125 -0.0255661010742187 -0.0515632629394531
0.0132904052734375 0.163406372070313 0.0814971923828125 0.00366210937500001
0.0543289184570313 0.125411987304688 0.0373916625976563 0.0494346618652344
0.117225646972656 0.0866928100585937 0.0557708740234375 0.0743942260742188
0.120071411132813 -0.0104446411132813 0.09112548828125 0.0256881713867188
0.0783538818359375 -0.0658721923828125 0.0766830444335938 -0.0239181518554688
0.00460052490234375 -0.0953140258789063 0.02752685546875 -0.0586738586425781
-0.0408706665039063 -0.0860519409179688 -0.00983047485351563 -0.0411911010742188
-0.0368881225585937 -0.079559326171875 -0.0132961273193359 -0.00799369812011719
-0.0545425415039062 -0.0831680297851563 -0.0111331939697266 0.00323867797851562
-0.02984619140625 -0.0908279418945313 -0.0220203399658203 0.0157833099365234
0.0233535766601563 -0.100006103515625 -0.0276718139648438 0.0175609588623047
0.078765869140625 -0.0715484619140625 -0.0395660400390625 -0.00647735595703125
0.12445068359375 0.024658203125 -0.0372581481933594 -0.0298042297363281
0.108695983886719 0.091033935546875 -0.0126571655273437 -0.0423812866210937
0.04583740234375 0.149322509765625 -0.0150489807128906 -0.00378417968749999
-0.0123443603515625 0.144027709960938 0.0793914794921875 0.0622177124023438
0.0262374877929688 0.129417419433594 0.0410919189453125 0.0859222412109375
0.0984115600585938 0.106224060058594 0.0455474853515625 0.087554931640625
0.119880676269531 0.0100021362304688 0.0739974975585938 0.0487518310546875
0.0869598388671875 -0.0546493530273438 0.066436767578125 0.00638198852539062
0.0138931274414062 -0.0962600708007813 0.0342578887939453 -0.0255813598632813
-0.035369873046875 -0.0893402099609375 0.00970363616943359 -0.0127525329589844
-0.0340423583984375 -0.0823135375976563 0.00687885284423828 0.0145015716552734
-0.0517120361328125 -0.08795166015625 0.008392333984375 0.0256137847900391
-0.026947021484375 -0.0938186645507812 -0.00843048095703125 0.0405616760253906
0.0287322998046875 -0.0992431640625 -0.0201148986816406 0.0389442443847656
0.08111572265625 -0.0651702880859375 -0.0390281677246094 0.0112113952636719
0.114639282226562 0.0347671508789063 -0.0372962951660156 -0.0186653137207031
0.087615966796875 0.0941238403320313 0.00390434265136719 -0.0231418609619141
0.0223770141601563 0.136764526367188 -0.00704193115234375 0.0424842834472656
-0.0328292846679688 0.0990066528320313 0.07275390625 0.109954833984375
-0.00446319580078126 0.103691101074219 0.0401458740234375 0.113082885742188
0.0582427978515625 0.0998764038085938 0.0333786010742188 0.090667724609375
0.0940475463867188 0.02435302734375 0.0543670654296875 0.0630455017089844
0.0765609741210938 -0.0360565185546875 0.0521469116210938 0.0305213928222656
0.0189590454101563 -0.0801620483398437 0.0367698669433594 0.0068511962890625
-0.02374267578125 -0.0789031982421875 0.0271549224853516 0.0154743194580078
-0.0251235961914063 -0.0735092163085938 0.0250911712646484 0.0348472595214844
-0.040618896484375 -0.080322265625 0.0262985229492188 0.0478172302246094
-0.0185699462890625 -0.0857009887695313 0.00255584716796875 0.0627784729003906
0.0327606201171875 -0.0864181518554688 -0.0169448852539062 0.0584793090820312
0.07720947265625 -0.0484466552734375 -0.0414657592773437 0.0254478454589844
0.09332275390625 0.0450897216796875 -0.0376968383789062 -0.0114250183105469
0.0538558959960938 0.0911178588867188 0.0138082504272461 -0.00370788574218749
-0.00762176513671874 0.109382629394531 -0.00537872314453125 0.0827865600585938
-0.0474929809570313 0.0369224548339844 0.0628738403320313 0.137191772460938
-0.0310821533203125 0.0582809448242188 0.0378875732421875 0.125747680664063
0.014007568359375 0.07098388671875 0.0250015258789063 0.086181640625
0.0527725219726562 0.029205322265625 0.0379104614257813 0.0677375793457031
0.0504989624023437 -0.0131111145019531 0.0384178161621094 0.0436477661132813
0.0191421508789063 -0.0509567260742188 0.0372314453125 0.0294914245605469
-0.00959014892578126 -0.0549888610839844 0.0404586791992188 0.0365753173828125
-0.0120658874511719 -0.0531806945800781 0.0397758483886719 0.0502586364746094
-0.0229454040527344 -0.0608978271484375 0.0402641296386719 0.0663528442382813
-0.00675201416015625 -0.0653038024902344 0.0098724365234375 0.083099365234375
0.0339851379394531 -0.0622978210449219 -0.0185775756835937 0.074127197265625
0.0645866394042969 -0.0256843566894531 -0.047271728515625 0.0363922119140625
0.0603752136230469 0.0514144897460938 -0.0411605834960937 -0.00714874267578124
0.0137481689453125 0.0764312744140625 0.0168695449829102 0.0133876800537109
-0.0374069213867188 0.0668563842773438 -0.012725830078125 0.112007141113281
0.0538749694824219 -0.0016326904296875 0.00656127929687499 -0.131828308105469
0.0149345397949219 -0.0468711853027344 -0.0180149078369141 -0.0274105072021484
-0.0270462036132812 -0.0374946594238281 0.0492591857910156 0.0134658813476562
-0.0365066528320313 0.000431060791015632 0.07275390625 -0.0422821044921875
-0.0240154266357422 0.0240707397460938 0.033447265625 -0.0891265869140625
-0.00191497802734375 0.0371055603027344 -0.0194473266601562 -0.100486755371094
0.00216293334960938 0.0300216674804688 -0.0603256225585937 -0.0817947387695313
0.000555038452148439 0.0272312164306641 -0.0555915832519531 -0.0583267211914063
-0.00227737426757812 0.0297756195068359 -0.0521965026855469 -0.0460433959960937
-0.0187530517578125 0.0181541442871094 -0.0423965454101563 -0.0453605651855469
-0.0262947082519531 -0.00586700439453125 -0.039886474609375 -0.0472145080566406
-0.00876235961914062 -0.0330562591552734 -0.0354156494140625 -0.0676727294921875
0.0306243896484375 -0.0352020263671875 -0.0226593017578125 -0.0926132202148437
0.0580368041992188 -0.009765625 -0.0432357788085938 -0.125495910644531
0.0614166259765625 0.0231666564941406 -0.0552825927734375 -0.15478515625
0.0665550231933594 0.0599288940429687 0.0285110473632813 -0.129844665527344
0.0479888916015625 -0.00642776489257813 -0.00580215454101562 -0.0295219421386719
0.0241546630859375 -0.0231552124023438 0.0570945739746094 0.0215187072753906
0.00179481506347656 -0.0207424163818359 0.0855560302734375 -0.039306640625
-0.00619029998779297 -0.010498046875 0.0493850708007812 -0.0918655395507813
-0.0124235153198242 -0.00157642364501953 -0.014404296875 -0.109207153320313
-0.0202884674072266 -0.00355720520019531 -0.0601119995117187 -0.08685302734375
-0.0163860321044922 -0.00607681274414062 -0.0553169250488281 -0.0565643310546875
-0.0219631195068359 -0.00529098510742187 -0.0519828796386719 -0.04498291015625
-0.0208797454833984 -0.0182590484619141 -0.0443763732910156 -0.0412445068359375
-0.0052642822265625 -0.0357933044433594 -0.0402145385742188 -0.0398139953613281
0.0286293029785156 -0.0422134399414063 -0.0363922119140625 -0.0596351623535156
0.069244384765625 -0.00592041015625 -0.0277252197265625 -0.0792160034179688
0.0847244262695312 0.035400390625 -0.0448226928710938 -0.110664367675781
0.0697555541992188 0.0823516845703125 -0.04888916015625 -0.135185241699219
0.0643997192382813 0.117294311523437 0.0538101196289063 -0.105270385742187
0.0702972412109375 0.0447235107421875 0.0115985870361328 -0.0155601501464844
0.076141357421875 0.00568389892578125 0.0644302368164063 0.0356636047363281
0.0488967895507813 -0.0330619812011719 0.097930908203125 -0.0257644653320313
0.0207099914550781 -0.0434036254882813 0.0659866333007813 -0.0826568603515625
-0.0148162841796875 -0.0429306030273437 -0.00257873535156249 -0.107475280761719
-0.0367431640625 -0.0381546020507813 -0.0506591796875 -0.082000732421875
-0.0308609008789063 -0.0384101867675781 -0.047760009765625 -0.0461235046386719
-0.03985595703125 -0.0391311645507813 -0.0451469421386719 -0.0339508056640625
-0.0260658264160156 -0.0506782531738281 -0.0428924560546875 -0.0268898010253906
0.00809097290039063 -0.0656280517578125 -0.0404014587402344 -0.0243034362792969
0.0550765991210938 -0.0574798583984375 -0.0401268005371094 -0.0452117919921875
0.102531433105469 0.0079345703125 -0.0350837707519531 -0.0629043579101562
0.108558654785156 0.0641403198242188 -0.0426788330078125 -0.0893325805664063
0.0741653442382812 0.125152587890625 -0.0410995483398437 -0.0985031127929687
0.047454833984375 0.157135009765625 0.0736846923828125 -0.0593338012695312
0.0755615234375 0.0947341918945313 0.0279140472412109 0.0125026702880859
0.115493774414063 0.0459136962890625 0.0674591064453125 0.0563011169433594
0.094329833984375 -0.0322036743164063 0.103004455566406 -0.00380706787109375
0.0522422790527344 -0.0664138793945313 0.0769577026367188 -0.0603408813476563
-0.0100631713867188 -0.0777969360351563 0.0120697021484375 -0.0909652709960938
-0.046356201171875 -0.0677566528320313 -0.0339012145996094 -0.066375732421875
-0.0401191711425781 -0.0639228820800781 -0.0326786041259766 -0.0285320281982422
-0.053863525390625 -0.0654487609863281 -0.0314178466796875 -0.0171833038330078
-0.0325698852539062 -0.0761871337890625 -0.035308837890625 -0.0060577392578125
0.0145339965820312 -0.090423583984375 -0.0362510681152344 -0.00286483764648438
0.0702667236328125 -0.072723388671875 -0.042877197265625 -0.0248985290527344
0.124320983886719 0.0128250122070313 -0.0396194458007812 -0.0458564758300781
0.121414184570313 0.0789031982421875 -0.0318031311035156 -0.06646728515625
0.0705108642578125 0.148712158203125 -0.0298080444335937 -0.0523452758789062
0.0234527587890625 0.16900634765625 0.0838241577148437 -0.00063323974609374
0.0622100830078125 0.128395080566406 0.0393486022949219 0.049407958984375
0.127174377441406 0.083709716796875 0.062255859375 0.0759201049804688
0.1229248046875 -0.0174789428710937 0.0966796875 0.0238418579101563
0.078125 -0.0724105834960937 0.0791473388671875 -0.0293731689453125
-0.00122833251953124 -0.098541259765625 0.024871826171875 -0.0626296997070313
-0.048004150390625 -0.0864791870117188 -0.0128440856933594 -0.0423812866210938
-0.0434112548828125 -0.08026123046875 -0.013641357421875 -0.00715923309326172
-0.0611038208007812 -0.082000732421875 -0.0128259658813477 0.00417137145996093
-0.03631591796875 -0.0912322998046875 -0.0230026245117188 0.0182609558105469
0.01788330078125 -0.10418701171875 -0.0279293060302734 0.0200710296630859
0.0777359008789063 -0.0784683227539063 -0.0419960021972656 -0.0062103271484375
0.129745483398438 0.0177078247070313 -0.0402641296386719 -0.0304031372070313
0.117805480957031 0.0866546630859375 -0.0151481628417969 -0.04541015625
0.0560455322265625 0.152938842773437 -0.0159082412719727 -0.00383377075195312
-0.00360107421875 0.151153564453125 0.0852737426757813 0.0598373413085938
0.0327301025390625 0.13232421875 0.0454788208007812 0.086151123046875
0.108238220214844 0.105087280273438 0.0519027709960938 0.090118408203125
0.124626159667969 0.00331878662109375 0.0803298950195313 0.04827880859375
0.08697509765625 -0.0630035400390625 0.0704803466796875 0.0035247802734375
0.00885009765624999 -0.0997390747070312 0.0336666107177734 -0.0281219482421875
-0.0416641235351563 -0.0907745361328125 0.00943756103515625 -0.0131216049194336
-0.0404281616210937 -0.0839080810546875 0.00810623168945312 0.0153474807739258
-0.059295654296875 -0.0870437622070312 0.00896835327148437 0.0270824432373047
-0.034271240234375 -0.0949630737304688 -0.00749969482421875 0.0427169799804687
0.0227813720703125 -0.104446411132813 -0.0200386047363281 0.0408477783203125
0.0801620483398438 -0.07171630859375 -0.0408134460449219 0.0127487182617188
0.120903015136719 0.0288543701171875 -0.0390853881835937 -0.0187873840332031
0.0963363647460938 0.0921783447265625 0.00236320495605469 -0.0251598358154297
0.0307464599609375 0.141128540039063 -0.00483322143554687 0.0437698364257813
-0.0287017822265625 0.104850769042969 0.0809555053710938 0.109237670898438
0.000404357910156243 0.108146667480469 0.045989990234375 0.115119934082031
0.0666656494140625 0.100540161132813 0.0389556884765625 0.0939865112304688
0.0991134643554688 0.0195236206054688 0.0596542358398438 0.0633964538574219
0.0776901245117188 -0.0417022705078125 0.05621337890625 0.0289878845214844
0.0145797729492188 -0.0836639404296875 0.0381278991699219 0.00439071655273437
-0.029937744140625 -0.0796661376953125 0.0290489196777344 0.0144596099853516
-0.0304489135742188 -0.0749130249023437 0.0289287567138672 0.0351181030273437
-0.0472259521484375 -0.0797042846679687 0.0295219421386719 0.0483207702636719
-0.0248565673828125 -0.0863571166992188 0.00587844848632813 0.0661354064941406
0.0281600952148437 -0.091583251953125 -0.0144004821777344 0.061431884765625
0.0771102905273438 -0.0551605224609375 -0.0414772033691406 0.0287132263183594
0.0995101928710938 0.0417938232421875 -0.0397491455078125 -0.0110282897949219
0.0608291625976563 0.0913467407226563 0.0144729614257813 -0.0055093765258789
-0.00135040283203126 0.114646911621094 -0.000961303710937509 0.0849685668945313
-0.0467109680175781 0.040374755859375 0.0722122192382812 0.138336181640625
-0.028900146484375 0.0621070861816406 0.0455169677734375 0.128280639648438
0.0192413330078125 0.0731658935546875 0.0303268432617188 0.08929443359375
0.0570068359375 0.0271949768066406 0.0440406799316406 0.06854248046875
0.0525779724121094 -0.0168495178222656 0.0430526733398438 0.0433921813964844
0.0165634155273438 -0.0538787841796875 0.04022216796875 0.0283737182617188
-0.0146408081054687 -0.0563774108886719 0.0440864562988281 0.03570556640625
-0.01611328125 -0.0539665222167969 0.0444908142089844 0.0503387451171875
-0.0279464721679688 -0.0617141723632813 0.04498291015625 0.0673904418945313
-0.0115203857421875 -0.0664939880371094 0.0145263671875 0.0855484008789063
0.0313453674316406 -0.0669059753417969 -0.0153274536132812 0.0777740478515625
0.0653800964355469 -0.0308761596679687 -0.0473899841308594 0.0392913818359375
0.0656852722167969 0.0497932434082031 -0.0426597595214844 -0.00599670410156249
0.0189132690429688 0.0783615112304688 0.0184974670410156 0.0113430023193359
-0.0343780517578125 0.0717391967773437 -0.00730895996093751 0.116432189941406
0.0545578002929688 -0.00661468505859375 -0.00207519531249998 -0.132225036621094
0.0112228393554688 -0.0480613708496094 -0.0211124420166016 -0.0249118804931641
-0.0298728942871094 -0.0358505249023438 0.0504112243652344 0.0114288330078125
-0.0370674133300781 0.00260162353515626 0.0709381103515625 -0.0457992553710938
-0.0230903625488281 0.0254611968994141 0.0285415649414063 -0.0906600952148438
0.00130844116210937 0.0372467041015625 -0.0256271362304688 -0.0998153686523438
0.00505256652832031 0.0299072265625 -0.0646743774414063 -0.0786285400390625
0.00287437438964844 0.0267562866210938 -0.0589485168457031 -0.0549392700195313
0.000593185424804688 0.0289897918701172 -0.0554885864257813 -0.0425796508789063
-0.0163669586181641 0.0199851989746094 -0.0450515747070313 -0.0434074401855469
-0.0266971588134766 -0.00350761413574218 -0.0434417724609375 -0.0460548400878906
-0.0113754272460938 -0.0325241088867187 -0.040435791015625 -0.0669212341308594
0.0282096862792969 -0.0375289916992188 -0.0287246704101563 -0.0923995971679688
0.0576591491699219 -0.012664794921875 -0.0500946044921875 -0.123893737792969
0.0638046264648438 0.0189247131347656 -0.0652313232421875 -0.15216064453125
0.07177734375 0.0557174682617188 0.0209121704101563 -0.132499694824219
0.0468101501464844 -0.00879287719726562 -0.0091705322265625 -0.0271892547607422
0.0225677490234375 -0.0252132415771484 0.0592041015625 0.0183563232421875
-0.000236511230468752 -0.0209808349609375 0.0841827392578125 -0.0440750122070313
-0.00711917877197266 -0.010401725769043 0.0435562133789063 -0.0950546264648437
-0.0117807388305664 -0.00025749206542969 -0.0213851928710938 -0.108787536621094
-0.0196018218994141 -0.00188064575195312 -0.065399169921875 -0.08380126953125
-0.0167999267578125 -0.00540351867675781 -0.0587387084960938 -0.0531196594238281
-0.0212287902832031 -0.00460433959960937 -0.0548896789550781 -0.0416259765625
-0.0211715698242187 -0.0167369842529297 -0.0474967956542969 -0.0389213562011719
-0.00734519958496094 -0.0350685119628906 -0.0428810119628906 -0.038421630859375
0.0259933471679688 -0.0442695617675781 -0.0415763854980469 -0.0594100952148437
0.0693702697753906 -0.0108833312988281 -0.032470703125 -0.0793228149414063
0.0866317749023438 0.0298080444335938 -0.051971435546875 -0.108207702636719
0.0755615234375 0.07867431640625 -0.0573883056640625 -0.133560180664063
0.0726852416992187 0.113258361816406 0.04718017578125 -0.109336853027344
0.0732421875 0.0410385131835937 0.00847339630126954 -0.0153894424438477
0.0768890380859375 0.0012054443359375 0.0678482055664063 0.0334701538085938
0.0463066101074219 -0.0357627868652344 0.0974578857421875 -0.0311508178710938
0.0181465148925781 -0.0451583862304688 0.0617752075195313 -0.087310791015625
-0.0173759460449219 -0.04083251953125 -0.00906372070312501 -0.107109069824219
-0.0392341613769531 -0.0352821350097656 -0.055999755859375 -0.0788497924804687
-0.0332374572753906 -0.0362281799316406 -0.049896240234375 -0.0433082580566406
-0.04193115234375 -0.0361862182617188 -0.0477447509765625 -0.0307731628417969
-0.0286331176757813 -0.0486984252929687 -0.0447463989257812 -0.0243263244628906
0.00421905517578125 -0.0658035278320313 -0.0422821044921875 -0.0226364135742188
0.0517616271972656 -0.0605430603027344 -0.0438957214355469 -0.0440826416015625
0.103584289550781 0.001007080078125 -0.0395545959472656 -0.0624580383300781
0.112396240234375 0.0570220947265625 -0.0480804443359375 -0.0881805419921875
0.0829086303710938 0.121902465820313 -0.0470733642578125 -0.097137451171875
0.0583953857421875 0.155288696289063 0.0696830749511719 -0.0648384094238281
0.0817413330078125 0.0909271240234375 0.0267982482910156 0.0110607147216797
0.119049072265625 0.0379409790039063 0.0714111328125 0.05352783203125
0.0922698974609375 -0.0376052856445313 0.10394287109375 -0.00881195068359375
0.0488433837890625 -0.0703125 0.0743560791015625 -0.0661849975585938
-0.015380859375 -0.0765380859375 0.00653839111328125 -0.091522216796875
-0.0516624450683594 -0.0644454956054688 -0.0381202697753906 -0.0647125244140625
-0.0441436767578125 -0.0616264343261719 -0.0335636138916016 -0.0260963439941406
-0.0579261779785156 -0.06121826171875 -0.0328617095947266 -0.0139198303222656
-0.0374298095703125 -0.0732345581054688 -0.0356597900390625 -0.00319290161132813
0.00824737548828125 -0.0909042358398437 -0.0373191833496094 -0.00117874145507813
0.0662002563476563 -0.0770950317382813 -0.0458145141601562 -0.0246772766113281
0.1258544921875 0.0048370361328125 -0.0428466796875 -0.0445632934570313
0.126617431640625 0.0712738037109375 -0.0359115600585938 -0.0659866333007813
0.080078125 0.145767211914062 -0.0329360961914063 -0.0516281127929687
0.0339202880859375 0.168609619140625 0.0838394165039063 -0.00659942626953124
0.0696334838867188 0.125907897949219 0.0407829284667969 0.0468826293945313
0.133758544921875 0.0764312744140625 0.067474365234375 0.0742874145507813
0.122940063476563 -0.0248794555664063 0.0996780395507813 0.0185928344726563
0.0738754272460938 -0.0788497924804688 0.0785293579101563 -0.0340347290039063
-0.007080078125 -0.0981521606445313 0.0211830139160156 -0.0647850036621094
-0.0537261962890625 -0.0826416015625 -0.0152511596679688 -0.0411300659179688
-0.0488357543945313 -0.0778732299804687 -0.0133275985717773 -0.0048513412475586
-0.0672760009765625 -0.077728271484375 -0.0127773284912109 0.00668907165527343
-0.0430145263671875 -0.087646484375 -0.0221500396728516 0.0207958221435547
0.0107879638671875 -0.105224609375 -0.0276775360107422 0.0212345123291016
0.0731201171875 -0.0841598510742188 -0.0428657531738281 -0.00460815429687501
0.132476806640625 0.0090789794921875 -0.0427627563476563 -0.0298919677734375
0.122840881347656 0.0797805786132813 -0.0186996459960937 -0.0454750061035156
0.06707763671875 0.151016235351563 -0.0163373947143555 -0.00358963012695312
0.00506591796874998 0.15264892578125 0.0883407592773438 0.0558929443359375
0.0413284301757812 0.132194519042969 0.0491561889648438 0.0846099853515625
0.116165161132813 0.0991363525390625 0.05718994140625 0.0887680053710938
0.126060485839844 -0.00453948974609375 0.0838775634765625 0.0446014404296875
0.0839614868164062 -0.0691452026367187 0.0718154907226563 -0.000747680664062504
0.00213623046875001 -0.100288391113281 0.0319461822509766 -0.0302906036376953
-0.0495452880859375 -0.0880203247070313 0.00915431976318359 -0.0135536193847656
-0.0464019775390625 -0.0814743041992188 0.0102024078369141 0.0155563354492187
-0.0648193359375 -0.0821151733398438 0.0107250213623047 0.0275764465332031
-0.0409164428710937 -0.0914840698242187 -0.00556564331054688 0.0437393188476563
0.0156478881835938 -0.105743408203125 -0.0172233581542969 0.0426101684570312
0.075531005859375 -0.0779876708984375 -0.0411033630371094 0.0140953063964844
0.124252319335938 0.0210189819335938 -0.041290283203125 -0.0175971984863281
0.102149963378906 0.0860977172851563 0.00022315979003907 -0.0267372131347656
0.0409088134765625 0.141204833984375 -0.00168609619140624 0.0433158874511719
-0.0217742919921875 0.10736083984375 0.0870819091796875 0.105079650878906
0.00688934326171875 0.108879089355469 0.0520858764648438 0.112289428710938
0.0738601684570313 0.0971603393554688 0.0443496704101563 0.0939102172851563
0.100425720214844 0.013702392578125 0.0652008056640625 0.0611534118652344
0.0757980346679688 -0.047454833984375 0.0592231750488281 0.0259742736816406
0.00899505615234374 -0.0846786499023438 0.0382919311523437 0.00254058837890624
-0.0366592407226563 -0.0772247314453125 0.0302696228027344 0.0129737854003906
-0.0362319946289062 -0.072723388671875 0.0316486358642578 0.0345630645751953
-0.0531234741210937 -0.0760574340820313 0.0318336486816406 0.0471954345703125
-0.0309371948242187 -0.0843658447265625 0.00934982299804688 0.0660629272460938
0.022186279296875 -0.0936050415039062 -0.0115509033203125 0.0624160766601562
0.0736465454101563 -0.06005859375 -0.0412864685058594 0.0300941467285156
0.103195190429688 0.0349807739257813 -0.0410232543945313 -0.00996780395507812
0.0668716430664062 0.0878982543945313 0.0139293670654297 -0.00854873657226562
0.00617218017578124 0.115875244140625 0.00424194335937499 0.084686279296875
-0.044281005859375 0.0440216064453125 0.0799713134765625 0.13446044921875
-0.0257911682128906 0.0654716491699219 0.0521469116210938 0.126213073730469
0.024200439453125 0.0731277465820313 0.0355377197265625 0.0884628295898438
0.0585250854492187 0.022857666015625 0.0490150451660156 0.0675926208496094
0.0529098510742188 -0.0209846496582031 0.0465660095214844 0.0417900085449219
0.0126686096191406 -0.05511474609375 0.0417747497558594 0.0265846252441406
-0.01885986328125 -0.0550880432128906 0.0465850830078125 0.0322837829589844
-0.0201950073242188 -0.0534210205078125 0.048431396484375 0.0482635498046875
-0.0324363708496094 -0.0600090026855469 0.0486793518066406 0.0648994445800781
-0.01708984375 -0.0660476684570313 0.0195541381835937 0.085418701171875
0.0262718200683594 -0.0684700012207031 -0.0118331909179687 0.078826904296875
0.0633277893066406 -0.0358238220214844 -0.0457077026367187 0.0418014526367187
0.0699920654296875 0.0454673767089844 -0.04327392578125 -0.00405502319335938
0.0234756469726562 0.0773773193359375 0.019256591796875 0.00848579406738282
-0.0293426513671875 0.0745620727539063 -0.000122070312499997 0.1163330078125
0.0538864135742188 -0.00972747802734375 -0.00839233398437499 -0.130790710449219
0.00901412963867187 -0.0479812622070313 -0.0220623016357422 -0.0216484069824219
-0.0313873291015625 -0.0335769653320313 0.0511207580566406 0.00959014892578125
-0.0375175476074219 0.00413513183593749 0.0689697265625 -0.0472946166992187
-0.0214958190917969 0.0269680023193359 0.0257415771484375 -0.0903167724609375
0.00342178344726562 0.0373954772949219 -0.0278701782226563 -0.0978012084960937
0.00721359252929687 0.0290489196777344 -0.06683349609375 -0.075439453125
0.0044403076171875 0.0255031585693359 -0.0605278015136719 -0.0522956848144531
0.002655029296875 0.0278835296630859 -0.0567054748535156 -0.04010009765625
-0.0143146514892578 0.0207309722900391 -0.0469284057617188 -0.0410575866699219
-0.0258274078369141 -0.00170326232910156 -0.0445976257324219 -0.0443229675292969
-0.0129032135009766 -0.0316429138183594 -0.0431022644042969 -0.0654487609863281
0.025909423828125 -0.0378074645996094 -0.031768798828125 -0.0902099609375
0.0559577941894531 -0.0151023864746094 -0.0538101196289063 -0.119819641113281
0.0643386840820313 0.0159111022949219 -0.0700531005859375 -0.147705078125
0.0731048583984375 0.0511474609375 0.0143814086914063 -0.131233215332031
0.0451545715332031 -0.0102195739746094 -0.0109233856201172 -0.0252208709716797
0.0209980010986328 -0.0249958038330078 0.0601081848144531 0.0165863037109375
-0.00173568725585938 -0.0204963684082031 0.0820159912109375 -0.0457687377929687
-0.00730514526367187 -0.00970554351806641 0.0399627685546875 -0.0947799682617188
-0.0111370086669922 0.000403404235839843 -0.0242462158203125 -0.106735229492187
-0.0189037322998047 -0.000234603881835935 -0.0673980712890625 -0.0791549682617188
-0.0160942077636719 -0.00466156005859375 -0.0601615905761719 -0.04998779296875
-0.0209674835205078 -0.00369071960449218 -0.0561943054199219 -0.0388603210449219
-0.0206184387207031 -0.0143661499023437 -0.0483055114746094 -0.03662109375
-0.00809669494628906 -0.0330619812011719 -0.0441169738769531 -0.0366477966308594
0.0236663818359375 -0.0440711975097656 -0.0434646606445312 -0.0581436157226563
0.0670814514160156 -0.0136985778808594 -0.0356674194335937 -0.0777664184570313
0.0861587524414063 0.0254440307617188 -0.054443359375 -0.105873107910156
0.07830810546875 0.074371337890625 -0.061767578125 -0.1300048828125
0.0772781372070313 0.108772277832031 0.0409011840820313 -0.110565185546875
0.0730819702148438 0.0382919311523438 0.00647640228271485 -0.0144319534301758
0.076141357421875 -0.002288818359375 0.06878662109375 0.0311965942382813
0.0438346862792969 -0.0376510620117188 0.0953140258789062 -0.0333786010742187
0.0159950256347656 -0.0455856323242187 0.0572433471679688 -0.0884628295898438
-0.0186882019042969 -0.0387153625488281 -0.0127105712890625 -0.105621337890625
-0.0398406982421875 -0.0323753356933594 -0.0583953857421875 -0.0754318237304688
-0.0338993072509766 -0.0346298217773438 -0.0503005981445313 -0.0406494140625
-0.0422935485839844 -0.0338630676269531 -0.048431396484375 -0.0283088684082031
-0.0297355651855469 -0.0460433959960938 -0.0457611083984375 -0.0221023559570313
0.000953674316406257 -0.0644416809082031 -0.043426513671875 -0.0208702087402344
0.04833984375 -0.0623092651367188 -0.0469322204589844 -0.0432662963867187
0.101486206054688 -0.00333404541015625 -0.0415916442871094 -0.0614509582519531
0.112701416015625 0.0513381958007812 -0.0511322021484375 -0.0854263305664063
0.086944580078125 0.116897583007813 -0.0506973266601563 -0.095001220703125
0.0650787353515625 0.150665283203125 0.0648536682128906 -0.0673141479492187
0.083404541015625 0.0873565673828125 0.0244522094726563 0.0107746124267578
0.119316101074219 0.0331268310546875 0.0732498168945313 0.0515975952148438
0.0894317626953125 -0.0414657592773438 0.103515625 -0.0119400024414063
0.0456161499023437 -0.0716400146484375 0.0717697143554688 -0.0676651000976563
-0.0176315307617188 -0.0738449096679688 0.00232696533203125 -0.0896453857421875
-0.053009033203125 -0.0603446960449219 -0.0398979187011719 -0.0618553161621094
-0.0462112426757812 -0.0595283508300781 -0.0337982177734375 -0.0246925354003906
-0.0597114562988281 -0.0577659606933594 -0.0333194732666016 -0.0117397308349609
-0.0395851135253906 -0.0695686340332031 -0.0365409851074219 -0.00152969360351564
0.00389099121093751 -0.0888824462890625 -0.0375328063964844 0.000473022460937501
0.0610885620117188 -0.0790557861328125 -0.0470085144042969 -0.0236701965332031
0.124557495117188 -0.00084686279296875 -0.0449180603027344 -0.0440711975097656
0.126884460449219 0.0647048950195312 -0.0386962890625 -0.06439208984375
0.0863800048828125 0.140701293945313 -0.0342445373535156 -0.0506515502929687
0.04071044921875 0.165390014648437 0.0812530517578125 -0.00899505615234374
0.073272705078125 0.122360229492188 0.0399627685546875 0.0452308654785156
0.136215209960937 0.0696334838867187 0.0695343017578125 0.0720901489257812
0.119590759277344 -0.0293807983398438 0.0999298095703125 0.0150527954101562
0.07037353515625 -0.08087158203125 0.0762710571289063 -0.0371017456054688
-0.0108413696289062 -0.0956497192382813 0.0174980163574219 -0.0638847351074219
-0.05706787109375 -0.07861328125 -0.0162620544433594 -0.0396766662597656
-0.0513763427734375 -0.07489013671875 -0.0120439529418945 -0.00444221496582032
-0.0694580078125 -0.0722732543945313 -0.0121059417724609 0.00757026672363281
-0.045806884765625 -0.0839767456054688 -0.0210494995117188 0.0217666625976562
0.00527191162109376 -0.103569030761719 -0.0272140502929688 0.0221824645996094
0.0679397583007813 -0.085845947265625 -0.0443153381347656 -0.00325775146484375
0.131065368652344 0.00325775146484375 -0.0444755554199219 -0.0297126770019531
0.124160766601563 0.073150634765625 -0.0205421447753906 -0.04522705078125
0.0729522705078125 0.147384643554688 -0.0161066055297852 -0.00323009490966796
0.0117340087890625 0.149993896484375 0.0882949829101563 0.0505828857421875
0.0450286865234375 0.129676818847656 0.0504074096679688 0.0808639526367188
0.119255065917969 0.0930709838867188 0.0601043701171875 0.0871963500976563
0.123138427734375 -0.00983428955078125 0.0857391357421875 0.0410308837890625
0.0807113647460938 -0.0720748901367188 0.0715103149414063 -0.00395965576171875
-0.00285339355468751 -0.09820556640625 0.0295219421386719 -0.0305519104003906
-0.0521011352539063 -0.0830154418945312 0.00818538665771484 -0.0139474868774414
-0.0493087768554688 -0.0789947509765625 0.0113077163696289 0.0148811340332031
-0.0679473876953125 -0.0778579711914063 0.0113353729248047 0.0270652770996094
-0.0446853637695313 -0.0876617431640625 -0.0041046142578125 0.044586181640625
0.00998687744140625 -0.104949951171875 -0.0167236328125 0.04241943359375
0.0711669921875 -0.0797576904296875 -0.0400009155273437 0.0152091979980469
0.123405456542969 0.01458740234375 -0.0419654846191406 -0.0178070068359375
0.103096008300781 0.0799636840820313 -0.00114822387695312 -0.0277137756347656
0.0465469360351562 0.137619018554688 6.48498535156248E-05 0.0421943664550781
-0.0177230834960938 0.107040405273438 0.0891342163085938 0.0996246337890625
0.0104141235351562 0.108673095703125 0.0538864135742187 0.108741760253906
0.0778656005859375 0.0932159423828125 0.04718017578125 0.0917129516601562
0.0996017456054688 0.0087432861328125 0.0668678283691406 0.0587882995605469
0.0729751586914063 -0.05072021484375 0.0596122741699219 0.0236091613769531
0.00517272949218751 -0.0835342407226563 0.0371437072753906 0.00083541870117187
-0.0401382446289062 -0.074127197265625 0.0304241180419922 0.0115814208984375
-0.03961181640625 -0.0705032348632813 0.033477783203125 0.0328483581542969
-0.0564498901367188 -0.072113037109375 0.0334625244140625 0.0461311340332031
-0.0348968505859375 -0.0807418823242188 0.0116310119628906 0.0656089782714844
0.0165634155273438 -0.09295654296875 -0.00937652587890624 0.0615043640136719
0.069976806640625 -0.0631256103515625 -0.03985595703125 0.0301322937011719
0.103759765625 0.0294418334960937 -0.0415229797363281 -0.00896453857421874
0.0688552856445312 0.0833663940429688 0.0130252838134766 -0.0101690292358398
0.0112762451171875 0.114234924316406 0.007568359375 0.0831832885742188
-0.0419654846191406 0.045684814453125 0.0837936401367188 0.130126953125
-0.0224609375 0.0653419494628906 0.0557327270507812 0.121383666992188
0.0283889770507813 0.0706787109375 0.038177490234375 0.087066650390625
0.0590286254882813 0.0199356079101563 0.0514335632324219 0.0653190612792969
0.0507965087890625 -0.0239982604980469 0.0481109619140625 0.0391502380371094
0.00852966308593751 -0.0541763305664063 0.0423393249511719 0.0245208740234375
-0.0216598510742188 -0.05364990234375 0.0474510192871094 0.0311012268066406
-0.0231475830078125 -0.0522956848144531 0.0498542785644531 0.0459442138671875
-0.03594970703125 -0.0565261840820313 0.0505599975585937 0.0631179809570312
-0.0198211669921875 -0.0629310607910156 0.022125244140625 0.0844039916992188
0.0221328735351563 -0.0693473815917969 -0.00934600830078124 0.0776443481445313
0.0608978271484375 -0.038299560546875 -0.0438957214355469 0.0430717468261719
0.0716018676757813 0.0418548583984375 -0.0436210632324219 -0.00368118286132813
0.02667236328125 0.075225830078125 0.0196914672851563 0.00582695007324219
-0.0260772705078125 0.074859619140625 0.00438690185546875 0.114128112792969
0.0529289245605469 -0.0111083984375 -0.0110549926757813 -0.128677368164063
0.00792694091796875 -0.0469436645507813 -0.0223407745361328 -0.0197086334228516
-0.0325927734375 -0.0324211120605469 0.0511550903320313 0.00915908813476562
-0.0374755859375 0.00511550903320313 0.0681419372558594 -0.0473403930664062
-0.0211620330810547 0.0276145935058594 0.0244903564453125 -0.0889205932617188
0.0052032470703125 0.0363426208496094 -0.02838134765625 -0.096343994140625
0.00884819030761719 0.0283145904541016 -0.067840576171875 -0.0728912353515625
0.00539588928222656 0.0245933532714844 -0.0608901977539063 -0.05108642578125
0.00339317321777344 0.0270442962646484 -0.0565757751464844 -0.0388946533203125
-0.0131015777587891 0.0199451446533203 -0.0473403930664063 -0.0402641296386719
-0.0245018005371094 -0.000278472900390629 -0.04541015625 -0.0438575744628906
-0.0132884979248047 -0.0308856964111328 -0.0439834594726563 -0.0649795532226563
0.0243759155273438 -0.0379371643066406 -0.0321578979492188 -0.08856201171875
0.0546875 -0.0159835815429688 -0.053924560546875 -0.117279052734375
0.0640106201171875 0.0136566162109375 -0.07232666015625 -0.145645141601562
0.0733184814453125 0.0486831665039062 0.0109939575195312 -0.130226135253906
0.04486083984375 -0.0106887817382813 -0.0123100280761719 -0.0230560302734375
0.0198936462402344 -0.0254707336425781 0.0601310729980469 0.0164375305175781
-0.00262451171875 -0.0196666717529297 0.0816879272460938 -0.0458450317382813
-0.00794029235839844 -0.00945854187011719 0.0388031005859375 -0.094451904296875
-0.0101823806762695 0.000899314880371092 -0.0250701904296875 -0.104995727539063
-0.0176620483398438 0.000314712524414062 -0.0683746337890625 -0.0770797729492188
-0.0161285400390625 -0.00447463989257812 -0.0597648620605469 -0.049041748046875
-0.0197486877441406 -0.00379180908203125 -0.056396484375 -0.0371627807617188
-0.0196018218994141 -0.013671875 -0.0487823486328125 -0.0356254577636719
-0.00865936279296875 -0.0316009521484375 -0.0455703735351563 -0.0363731384277344
0.0221786499023437 -0.0441131591796875 -0.04534912109375 -0.0578765869140625
0.06561279296875 -0.0147628784179688 -0.0362319946289062 -0.0767135620117188
0.0847320556640625 0.0235137939453125 -0.055633544921875 -0.10400390625
0.0790863037109375 0.0714569091796875 -0.0639266967773438 -0.127822875976563
0.078765869140625 0.106086730957031 0.037506103515625 -0.109992980957031
0.0724945068359375 0.0370559692382813 0.00429916381835938 -0.0128812789916992
0.0751800537109375 -0.00362396240234375 0.069183349609375 0.0310897827148438
0.0419464111328125 -0.0372848510742188 0.0947799682617188 -0.0340957641601563
0.0150489807128906 -0.0457992553710938 0.0562973022460938 -0.0880279541015625
-0.0185356140136719 -0.0374259948730469 -0.0144500732421875 -0.103660583496094
-0.0402488708496094 -0.0300979614257812 -0.0583724975585938 -0.0733261108398437
-0.0340251922607422 -0.0335407257080078 -0.0499458312988281 -0.0394287109375
-0.0421791076660156 -0.0324821472167969 -0.0481452941894531 -0.0265121459960938
-0.0292205810546875 -0.0438156127929687 -0.0462150573730469 -0.0209579467773438
0.000156402587890626 -0.0625686645507813 -0.0439262390136719 -0.0200347900390625
0.0466156005859375 -0.0624732971191406 -0.0481681823730469 -0.0426025390625
0.100547790527344 -0.0052947998046875 -0.0420112609863281 -0.0608863830566406
0.110816955566406 0.0487823486328125 -0.0515670776367188 -0.0841522216796875
0.0888748168945313 0.11431884765625 -0.0514144897460938 -0.093475341796875
0.067779541015625 0.148239135742188 0.0620536804199219 -0.0674400329589844
0.0836029052734375 0.0863723754882813 0.0229091644287109 0.0109634399414063
0.11944580078125 0.0304183959960938 0.0743865966796875 0.0511856079101563
0.087127685546875 -0.0423660278320313 0.102783203125 -0.0130081176757813
0.0434951782226563 -0.0725555419921875 0.0703582763671875 -0.0682144165039063
-0.0189743041992187 -0.07196044921875 0.0011444091796875 -0.0890960693359375
-0.0541610717773438 -0.0571250915527344 -0.0405197143554688 -0.0595855712890625
-0.0469741821289063 -0.0583038330078125 -0.03289794921875 -0.0238380432128906
-0.0600357055664063 -0.0552597045898437 -0.0330448150634766 -0.0106563568115234
-0.0402030944824219 -0.0668296813964844 -0.0359687805175781 -0.000198364257812506
0.00205230712890624 -0.087188720703125 -0.037689208984375 0.000778198242187502
0.0596542358398438 -0.0788955688476563 -0.0484886169433594 -0.0236892700195313
0.122528076171875 -0.0038909912109375 -0.0461692810058594 -0.0441513061523437
0.125732421875 0.061492919921875 -0.0394172668457031 -0.0640182495117188
0.088165283203125 0.138519287109375 -0.0349617004394531 -0.0502433776855469
0.043914794921875 0.163604736328125 0.0792617797851563 -0.0110015869140625
0.0733108520507812 0.120491027832031 0.0379791259765625 0.0447273254394531
0.136283874511719 0.0666275024414063 0.0709991455078125 0.0720443725585938
0.11834716796875 -0.0315093994140625 0.100059509277344 0.0146865844726562
0.0678939819335938 -0.0824737548828125 0.0757980346679688 -0.0380630493164063
-0.0129241943359375 -0.0934600830078125 0.0162239074707031 -0.063018798828125
-0.0583953857421875 -0.0754318237304688 -0.0168571472167969 -0.03826904296875
-0.0524826049804688 -0.0728302001953125 -0.0112743377685547 -0.00418376922607422
-0.0700263977050781 -0.0694770812988281 -0.0122623443603516 0.00865840911865234
-0.0463790893554688 -0.0808563232421875 -0.0209598541259766 0.0228271484375
0.00347900390625 -0.10174560546875 -0.0274295806884766 0.0223579406738281
0.0657501220703125 -0.0865249633789063 -0.0451507568359375 -0.00331878662109375
0.129997253417969 0.00069427490234375 -0.0450096130371094 -0.029327392578125
0.12335205078125 0.0704803466796875 -0.0219345092773437 -0.0449981689453125
0.0746612548828125 0.145538330078125 -0.0161428451538086 -0.0039377212524414
0.0139923095703125 0.148696899414063 0.0872116088867187 0.04840087890625
0.046173095703125 0.128425598144531 0.0484237670898437 0.0795440673828125
0.120445251464844 0.0896835327148438 0.0616073608398438 0.0865097045898438
0.120925903320313 -0.0116500854492188 0.0859603881835938 0.0396041870117187
0.0790557861328125 -0.0732803344726563 0.0708236694335938 -0.00501251220703125
-0.00460052490234375 -0.0965423583984375 0.0280113220214844 -0.0295677185058594
-0.0540084838867187 -0.0796966552734375 0.0084238052368164 -0.0125617980957031
-0.0504608154296875 -0.0758209228515625 0.0125179290771484 0.0149564743041992
-0.0692367553710938 -0.0739898681640625 0.0114765167236328 0.0273933410644531
-0.04534912109375 -0.0841064453125 -0.00353622436523438 0.0446357727050781
0.00729370117187499 -0.103462219238281 -0.0158004760742187 0.0422630310058594
0.068450927734375 -0.0800399780273438 -0.0410079956054687 0.0145339965820313
0.121849060058594 0.012359619140625 -0.042724609375 -0.0180625915527344
0.102775573730469 0.0772781372070313 -0.00245094299316405 -0.0279750823974609
0.0490341186523438 0.136611938476563 -0.000164031982421875 0.0413589477539063
-0.01568603515625 0.106651306152344 0.0885772705078125 0.097625732421875
0.0113067626953125 0.107261657714844 0.0535507202148438 0.106452941894531
0.0801467895507813 0.090362548828125 0.048309326171875 0.0910186767578125
0.0983810424804688 0.006591796875 0.0673370361328125 0.057464599609375
0.0720138549804687 -0.051788330078125 0.0600852966308594 0.0220565795898438
0.00320434570312499 -0.081451416015625 0.0366287231445313 0.00057601928710937
-0.0415573120117188 -0.0712890625 0.0302162170410156 0.0113449096679687
-0.0411720275878906 -0.069183349609375 0.0340137481689453 0.0316295623779297
-0.0573883056640625 -0.0693893432617188 0.0335884094238281 0.0459861755371094
-0.0365982055664062 -0.07757568359375 0.012359619140625 0.0650787353515625
0.0138168334960937 -0.0922698974609375 -0.00945663452148437 0.0609359741210937
0.0675315856933594 -0.063262939453125 -0.0399971008300781 0.0298538208007813
0.103561401367188 0.0275192260742188 -0.0417976379394531 -0.00931549072265626
0.0688323974609375 0.080841064453125 0.0122156143188477 -0.0117568969726562
0.01336669921875 0.113250732421875 0.00910186767578126 0.0811767578125
-0.0417861938476563 0.0462074279785156 0.083892822265625 0.127273559570313
-0.0209693908691406 0.0656242370605469 0.0549240112304687 0.119781494140625
0.0300788879394531 0.0698432922363281 0.0385284423828125 0.086090087890625
0.0587882995605469 0.0180740356445313 0.0525054931640625 0.0644874572753906
0.0503578186035156 -0.0251007080078125 0.0481147766113281 0.0382652282714844
0.00790023803710937 -0.0534553527832031 0.0417327880859375 0.0235214233398437
-0.0236701965332031 -0.051361083984375 0.0476264953613281 0.0297393798828125
-0.0244102478027344 -0.0516242980957031 0.0515937805175781 0.0444107055664062
-0.0367851257324219 -0.0553436279296875 0.0507469177246094 0.0619544982910156
-0.0210647583007812 -0.0609397888183594 0.0228958129882813 0.0834884643554688
0.0198822021484375 -0.0688896179199219 -0.00812530517578124 0.0766830444335938
0.0588798522949219 -0.0388336181640625 -0.0436325073242187 0.0422821044921875
0.0723724365234375 0.0403671264648437 -0.0443229675292969 -0.00417327880859375
0.0272903442382813 0.0741195678710938 0.0186100006103516 0.00390434265136719
-0.0236587524414063 0.0748367309570313 0.00715637207031249 0.111854553222656
0.0529861450195313 -0.0120735168457031 -0.0126190185546875 -0.129997253417969
0.00743865966796875 -0.0470848083496094 -0.0231285095214844 -0.0180225372314453
-0.0332241058349609 -0.0315284729003906 0.0523300170898438 0.00949478149414062
-0.0378074645996094 0.00584030151367188 0.0694007873535156 -0.0471038818359375
-0.0216903686523438 0.0281410217285156 0.0255813598632813 -0.0897216796875
0.00605392456054687 0.0361480712890625 -0.02801513671875 -0.0975418090820313
0.0101146697998047 0.0286426544189453 -0.068450927734375 -0.07354736328125
0.00607872009277343 0.0239429473876953 -0.0616569519042969 -0.05206298828125
0.00372695922851563 0.0263824462890625 -0.05718994140625 -0.0395660400390625
-0.0118236541748047 0.0197124481201172 -0.0484809875488281 -0.0408210754394531
-0.0250511169433594 -8.58306884765681E-05 -0.0463409423828125 -0.0452079772949219
-0.0142669677734375 -0.03082275390625 -0.045562744140625 -0.0659141540527344
0.0234870910644531 -0.0381698608398438 -0.0317230224609375 -0.0896377563476563
0.055328369140625 -0.01617431640625 -0.0534133911132812 -0.118408203125
0.064666748046875 0.0132637023925781 -0.072540283203125 -0.14691162109375
0.0745697021484375 0.0475234985351563 0.00921630859375001 -0.131484985351563
0.0449142456054687 -0.0107879638671875 -0.0138225555419922 -0.0213031768798828
0.0194950103759766 -0.0249824523925781 0.0614967346191406 0.0173301696777344
-0.00288200378417969 -0.0193405151367187 0.0826187133789063 -0.0461654663085938
-0.00849533081054688 -0.00905609130859375 0.0396270751953125 -0.0951461791992188
-0.00957298278808594 0.00114250183105469 -0.0252838134765625 -0.105781555175781
-0.0168609619140625 0.000830650329589842 -0.0688705444335938 -0.0776214599609375
-0.0156641006469727 -0.00533485412597656 -0.0604515075683594 -0.0502204895019531
-0.0191497802734375 -0.00377273559570313 -0.0573806762695313 -0.03790283203125
-0.0186672210693359 -0.0134239196777344 -0.0495109558105469 -0.0356903076171875
-0.00780296325683593 -0.0309410095214844 -0.0464706420898437 -0.0374336242675781
0.022186279296875 -0.0444107055664063 -0.0463104248046875 -0.059234619140625
0.06549072265625 -0.0154876708984375 -0.0367584228515625 -0.078216552734375
0.08447265625 0.023773193359375 -0.0550003051757812 -0.105087280273438
0.0801010131835938 0.0718841552734375 -0.0647659301757813 -0.129447937011719
0.08062744140625 0.106163024902344 0.0359878540039063 -0.111312866210938
0.0725555419921875 0.0380020141601563 0.00279045104980469 -0.0116710662841797
0.0760574340820313 -0.00390625 0.0714111328125 0.0321044921875
0.0417327880859375 -0.0376129150390625 0.096710205078125 -0.0340652465820313
0.0146865844726563 -0.0458755493164063 0.0569381713867188 -0.0887527465820313
-0.0184822082519531 -0.0370941162109375 -0.0142440795898437 -0.104583740234375
-0.0395011901855469 -0.0296249389648438 -0.058929443359375 -0.0732192993164063
-0.034820556640625 -0.0341377258300781 -0.050262451171875 -0.0399551391601563
-0.0422744750976563 -0.0323104858398438 -0.0489311218261719 -0.0267105102539063
-0.0290336608886719 -0.0435791015625 -0.0466995239257813 -0.0206222534179688
0.000202178955078124 -0.0625534057617188 -0.0455055236816406 -0.0208702087402344
0.0466346740722656 -0.0627822875976563 -0.0500259399414062 -0.0443878173828125
0.100959777832031 -0.0058135986328125 -0.0429649353027344 -0.0623321533203125
0.111297607421875 0.0486907958984375 -0.0523452758789062 -0.0853118896484375
0.0901412963867188 0.1153564453125 -0.0524444580078125 -0.0950698852539062
0.0693206787109375 0.149612426757813 0.061309814453125 -0.0686111450195313
0.0837326049804688 0.0875778198242188 0.0206222534179688 0.012481689453125
0.120712280273437 0.030517578125 0.0765151977539063 0.052703857421875
0.0884017944335938 -0.0429153442382813 0.104591369628906 -0.0123672485351563
0.0437393188476562 -0.0735321044921875 0.0709991455078125 -0.0685806274414063
-0.0194473266601562 -0.0718307495117188 0.000953674316406252 -0.0891647338867188
-0.0538406372070313 -0.05645751953125 -0.0407485961914062 -0.0598297119140625
-0.0484962463378906 -0.0579566955566406 -0.0323200225830078 -0.0243072509765625
-0.060821533203125 -0.0546493530273438 -0.0332298278808594 -0.0104255676269531
-0.04010009765625 -0.0666160583496094 -0.0365028381347656 0.000190734863281249
0.00130462646484376 -0.0874481201171875 -0.0389633178710938 0.000408172607421862
0.0597076416015625 -0.0796051025390625 -0.050384521484375 -0.0244522094726562
0.124435424804688 -0.0042572021484375 -0.0469589233398438 -0.0451164245605469
0.126106262207031 0.0614395141601563 -0.0402984619140625 -0.0648269653320313
0.0895538330078125 0.13983154296875 -0.0364265441894531 -0.0511474609375
0.044464111328125 0.165664672851563 0.078460693359375 -0.011871337890625
0.0741653442382813 0.122444152832031 0.0365753173828125 0.0456695556640625
0.139030456542969 0.0665664672851563 0.072998046875 0.0742416381835938
0.11834716796875 -0.032318115234375 0.101600646972656 0.0152664184570312
0.0679702758789063 -0.0837326049804688 0.0770111083984375 -0.0384140014648438
-0.0133514404296875 -0.0928802490234375 0.0165214538574219 -0.0631484985351563
-0.05902099609375 -0.0742034912109375 -0.0170135498046875 -0.0378150939941406
-0.0537872314453125 -0.0732498168945313 -0.010890007019043 -0.00432395935058594
-0.071136474609375 -0.0688018798828125 -0.0123271942138672 0.00963592529296874
-0.0470657348632813 -0.079803466796875 -0.0214824676513672 0.0237026214599609
0.00240325927734375 -0.102264404296875 -0.0285263061523437 0.022186279296875
0.0656509399414063 -0.0873794555664063 -0.0467720031738281 -0.00401306152343751
0.130889892578125 -4.57763671875E-05 -0.046478271484375 -0.0298652648925781
0.123703002929688 0.0707244873046875 -0.0226097106933594 -0.0466156005859375
0.076263427734375 0.14715576171875 -0.0167808532714844 -0.00407695770263671
0.0160064697265625 0.150665283203125 0.0863800048828125 0.0486068725585938
0.0465011596679688 0.129951477050781 0.0475311279296875 0.0806961059570313
0.122901916503906 0.090087890625 0.0623550415039063 0.0885009765625
0.12255859375 -0.0129318237304688 0.0867233276367188 0.0407028198242188
0.0792465209960938 -0.075775146484375 0.07244873046875 -0.0054779052734375
-0.00560760498046874 -0.0955886840820312 0.0280570983886719 -0.0296421051025391
-0.05517578125 -0.0786819458007813 0.0084238052368164 -0.0124292373657227
-0.0521392822265625 -0.0767898559570313 0.0134363174438477 0.0147390365600586
-0.0697402954101562 -0.0740890502929688 0.0118808746337891 0.0279407501220703
-0.0460357666015625 -0.0838546752929688 -0.00285720825195312 0.0453414916992187
0.0060272216796875 -0.103599548339844 -0.0173149108886719 0.04290771484375
0.0688934326171875 -0.0820083618164062 -0.0431594848632813 0.0144691467285156
0.123130798339844 0.0121994018554687 -0.044586181640625 -0.0187873840332031
0.103240966796875 0.0776290893554688 -0.00294876098632812 -0.0292644500732422
0.0498199462890625 0.137367248535156 0.000148773193359381 0.0414466857910156
-0.014678955078125 0.1082763671875 0.0889816284179688 0.0979537963867188
0.011810302734375 0.108757019042969 0.0523223876953125 0.10675048828125
0.0814208984375 0.091278076171875 0.0492630004882813 0.09210205078125
0.0989608764648437 0.0060272216796875 0.0684928894042969 0.0583000183105469
0.07171630859375 -0.0538330078125 0.0612831115722656 0.0222396850585937
0.00278472900390625 -0.08154296875 0.0370025634765625 0.00123977661132812
-0.0431861877441406 -0.070220947265625 0.0306549072265625 0.0115547180175781
-0.0421905517578125 -0.069061279296875 0.0357933044433594 0.0328598022460937
-0.0584793090820312 -0.0688743591308594 0.0339775085449219 0.0473136901855469
-0.0373687744140625 -0.0773696899414062 0.0125579833984375 0.0667304992675781
0.0124053955078125 -0.09307861328125 -0.00995254516601562 0.0602607727050781
0.0674095153808594 -0.0650520324707031 -0.0412864685058594 0.0300979614257812
0.105316162109375 0.02752685546875 -0.0431900024414062 -0.0101814270019531
0.0699691772460938 0.08148193359375 0.0111970901489258 -0.0133266448974609
0.01397705078125 0.114799499511719 0.00919342041015625 0.0812911987304688
-0.0415802001953125 0.0468406677246094 0.084197998046875 0.128517150878906
-0.0211563110351563 0.0661659240722656 0.0549240112304687 0.119941711425781
0.0316009521484375 0.0703277587890625 0.0387725830078125 0.0870437622070313
0.0590972900390625 0.018310546875 0.0520591735839844 0.0653076171875
0.0502815246582031 -0.0260658264160156 0.0496826171875 0.0387840270996094
0.00724029541015624 -0.0536117553710938 0.0422096252441406 0.0238494873046875
-0.0245475769042969 -0.0507316589355469 0.0483589172363281 0.0298843383789063
-0.025970458984375 -0.0508918762207031 0.0521583557128906 0.044464111328125
-0.0378036499023438 -0.0551071166992188 0.0515403747558594 0.0628890991210937
-0.0223808288574219 -0.0604896545410156 0.0230255126953125 0.084625244140625
0.018768310546875 -0.0693855285644531 -0.00840759277343751 0.0767440795898438
0.0590629577636719 -0.0400314331054688 -0.0447120666503906 0.0424842834472656
0.0732040405273438 0.0405426025390625 -0.0460548400878906 -0.00519943237304686
0.0270614624023438 0.0750198364257813 0.0184535980224609 0.00293350219726563
-0.0243606567382813 0.075592041015625 0.00577545166015625 0.11260986328125
0.0542945861816406 -0.0135612487792969 -0.0147476196289063 -0.133438110351563
0.00710296630859375 -0.0488395690917969 -0.0244007110595703 -0.0170536041259766
-0.034820556640625 -0.0316505432128906 0.0550079345703125 0.00971221923828125
-0.0394859313964844 0.00751113891601563 0.072296142578125 -0.0493240356445313
-0.0216484069824219 0.02978515625 0.0263442993164063 -0.0920944213867187
0.00751495361328125 0.0371284484863281 -0.0291213989257813 -0.100616455078125
0.0119667053222656 0.0290374755859375 -0.0712814331054688 -0.0757598876953125
0.00685310363769531 0.0243167877197266 -0.0647697448730469 -0.0534706115722656
0.00491714477539063 0.0262813568115234 -0.0599441528320312 -0.0409431457519531
-0.0113010406494141 0.0209121704101563 -0.0504074096679687 -0.0422134399414062
-0.0242691040039063 0.000988006591796873 -0.0495262145996094 -0.0464591979980469
-0.0155143737792969 -0.0314407348632813 -0.0477638244628906 -0.0681915283203125
0.0237770080566406 -0.039581298828125 -0.0320205688476563 -0.0928878784179688
0.0563926696777344 -0.0171127319335938 -0.0556106567382813 -0.121536254882812
0.0671463012695313 0.0124664306640625 -0.0761566162109375 -0.15106201171875
0.0772628784179688 0.048004150390625 0.00709533691406251 -0.135536193847656
0.0461921691894531 -0.0110816955566406 -0.0150184631347656 -0.0202369689941406
0.019805908203125 -0.0255126953125 0.0645675659179688 0.0178565979003906
-0.0040435791015625 -0.0191936492919922 0.085845947265625 -0.0474853515625
-0.00885295867919922 -0.00856590270996093 0.0403594970703125 -0.0981063842773438
-0.00906085968017578 0.00233745574951172 -0.0262603759765625 -0.109291076660156
-0.0165224075317383 0.000910758972167966 -0.0718460083007812 -0.0793685913085938
-0.0159721374511719 -0.0051565170288086 -0.0636367797851563 -0.0510520935058594
-0.0198268890380859 -0.00422096252441407 -0.0597648620605469 -0.03851318359375
-0.0178890228271484 -0.0135517120361328 -0.0522308349609375 -0.0358428955078125
-0.00787734985351562 -0.0315895080566406 -0.0490493774414063 -0.038818359375
0.0220413208007812 -0.0458831787109375 -0.0495948791503906 -0.0608863830566406
0.0667304992675781 -0.0155830383300781 -0.0372848510742187 -0.0807113647460937
0.0866928100585938 0.0231552124023438 -0.0573806762695312 -0.107711791992188
0.083282470703125 0.0727767944335938 -0.0682830810546875 -0.133201599121094
0.084320068359375 0.108001708984375 0.0347442626953125 -0.115135192871094
0.0748367309570313 0.0386276245117188 0.00129508972167969 -0.010441780090332
0.0782318115234375 -0.00495147705078125 0.07513427734375 0.033111572265625
0.0421638488769531 -0.038970947265625 0.100318908691406 -0.0358200073242188
0.014373779296875 -0.0481452941894531 0.0582351684570313 -0.0922317504882813
-0.0190467834472656 -0.0374603271484375 -0.0154190063476563 -0.107864379882813
-0.0406303405761719 -0.0294036865234375 -0.0620574951171875 -0.0750885009765625
-0.0356788635253906 -0.0347442626953125 -0.0517196655273438 -0.0417938232421875
-0.044189453125 -0.03271484375 -0.0515289306640625 -0.0272598266601563
-0.0291671752929688 -0.0437355041503906 -0.0485191345214844 -0.020477294921875
0.0001220703125 -0.0633354187011719 -0.047760009765625 -0.0214881896972656
0.0471534729003906 -0.0652008056640625 -0.0532188415527344 -0.0462455749511719
0.103919982910156 -0.00713348388671875 -0.045135498046875 -0.064178466796875
0.114166259765625 0.049041748046875 -0.0550537109375 -0.0880279541015625
0.0944747924804688 0.118263244628906 -0.055816650390625 -0.0982437133789062
0.0737457275390625 0.152847290039063 0.0601959228515625 -0.0714797973632812
0.0872421264648438 0.0908279418945313 0.0199851989746094 0.0141353607177734
0.1258544921875 0.02978515625 0.0811233520507813 0.0545806884765625
0.090240478515625 -0.0451736450195313 0.108711242675781 -0.0134353637695313
0.0436553955078125 -0.076873779296875 0.0730743408203125 -0.0720367431640625
-0.0205764770507813 -0.0728302001953125 0.000602722167968754 -0.0916595458984375
-0.0563621520996094 -0.0566864013671875 -0.0427093505859375 -0.0606117248535156
-0.0500755310058594 -0.0594215393066406 -0.0338230133056641 -0.0251579284667969
-0.0633087158203125 -0.0552787780761719 -0.0346088409423828 -0.00980758666992188
-0.0410423278808594 -0.0672645568847656 -0.0379981994628906 0.00111007690429687
0.000381469726562496 -0.089630126953125 -0.0404129028320313 0.000110626220703119
0.0615921020507813 -0.0834579467773438 -0.0536270141601562 -0.0257110595703125
0.127822875976563 -0.00563812255859375 -0.0494194030761719 -0.0470619201660156
0.130035400390625 0.0620880126953125 -0.0423164367675781 -0.0678215026855469
0.0946807861328125 0.144149780273437 -0.038482666015625 -0.0530204772949219
0.0484619140625 0.170257568359375 0.0795516967773438 -0.0129547119140625
0.0772476196289063 0.1265869140625 0.0362129211425781 0.0476188659667969
0.144790649414063 0.0668182373046875 0.0770721435546875 0.0764083862304688
0.121894836425781 -0.0340576171875 0.105354309082031 0.0152587890625
0.0696334838867188 -0.0884552001953125 0.0795135498046875 -0.040679931640625
-0.01507568359375 -0.0947189331054687 0.0154609680175781 -0.0640449523925781
-0.0617523193359375 -0.074005126953125 -0.0176124572753906 -0.0386428833007813
-0.0571670532226563 -0.0751876831054687 -0.0100784301757813 -0.00506687164306641
-0.0747451782226562 -0.069183349609375 -0.0124759674072266 0.0103597640991211
-0.0494613647460938 -0.080963134765625 -0.0222587585449219 0.0249462127685547
0.000289916992187508 -0.104522705078125 -0.0294094085693359 0.0225944519042969
0.066802978515625 -0.090911865234375 -0.0492401123046875 -0.00471878051757814
0.135398864746094 -0.0014190673828125 -0.0488090515136719 -0.0317535400390625
0.127647399902344 0.0712966918945313 -0.0240020751953125 -0.0485076904296875
0.0812835693359375 0.151275634765625 -0.0182781219482422 -0.00478363037109374
0.0178070068359375 0.155364990234375 0.0889129638671875 0.04901123046875
0.048126220703125 0.133903503417969 0.047454833984375 0.0829086303710938
0.128089904785156 0.0915374755859375 0.0660400390625 0.090545654296875
0.125663757324219 -0.0139999389648438 0.0904006958007813 0.0419082641601562
0.0803070068359375 -0.0795135498046875 0.0746536254882813 -0.00608825683593751
-0.006256103515625 -0.0984420776367187 0.0287551879882813 -0.0303878784179688
-0.0578536987304688 -0.0784912109375 0.00815010070800781 -0.0133628845214844
-0.0555496215820312 -0.078216552734375 0.0149335861206055 0.0151090621948242
-0.0740280151367188 -0.0744705200195312 0.0127983093261719 0.0303230285644531
-0.0484466552734375 -0.0842437744140625 -0.00278091430664063 0.0475044250488281
0.0040130615234375 -0.106010437011719 -0.018218994140625 0.0438308715820312
0.0696792602539063 -0.0844879150390625 -0.0449676513671875 0.0141983032226562
0.127891540527344 0.0105056762695313 -0.0465888977050781 -0.0193061828613281
0.106430053710938 0.0787582397460938 -0.00473594665527343 -0.0315666198730469
0.05364990234375 0.14300537109375 -9.91821289062424E-05 0.0421600341796875
-0.0139312744140625 0.111747741699219 0.0913543701171875 0.100204467773438
0.0125045776367187 0.112869262695313 0.0530929565429687 0.109886169433594
0.086517333984375 0.09326171875 0.052093505859375 0.09515380859375
0.102195739746094 0.0051116943359375 0.07098388671875 0.0598373413085938
0.0737457275390625 -0.0570831298828125 0.0638885498046875 0.0221061706542969
0.001190185546875 -0.0831222534179688 0.0378379821777344 0.00207138061523437
-0.0453948974609375 -0.0699577331542969 0.03216552734375 0.0116386413574219
-0.0452041625976563 -0.070556640625 0.0386085510253906 0.0321311950683594
-0.062225341796875 -0.0698928833007812 0.0361709594726562 0.0494384765625
-0.0395431518554687 -0.0779190063476563 0.0133819580078125 0.0694465637207031
0.0104446411132812 -0.0957412719726562 -0.00965118408203125 0.0628318786621094
0.0683364868164063 -0.0681343078613281 -0.0430183410644531 0.0307121276855469
0.108993530273438 0.0270919799804688 -0.0458984375 -0.0100746154785156
0.07269287109375 0.0836334228515625 0.0110969543457031 -0.0145435333251953
0.0162582397460938 0.118446350097656 0.01025390625 0.083465576171875
-0.0420799255371094 0.0497474670410156 0.087554931640625 0.130783081054688
-0.0202980041503906 0.0689849853515625 0.0557022094726563 0.122886657714844
0.0341262817382813 0.0718002319335938 0.0405731201171875 0.0894241333007813
0.06097412109375 0.0169563293457031 0.0546989440917969 0.0673599243164063
0.0517120361328125 -0.0283355712890625 0.051849365234375 0.0400581359863281
0.00680923461914063 -0.055206298828125 0.0436363220214844 0.0249404907226562
-0.0266876220703125 -0.0506706237792969 0.0508918762207031 0.0297508239746094
-0.0280876159667969 -0.0519180297851563 0.0547828674316406 0.0453987121582031
-0.0401954650878906 -0.0556755065917969 0.0548782348632813 0.0646743774414063
-0.0239601135253906 -0.0621414184570313 0.0243072509765625 0.0875015258789063
0.0175857543945313 -0.072418212890625 -0.0088653564453125 0.0795516967773437
0.060455322265625 -0.042022705078125 -0.0459403991699219 0.043670654296875
0.0763626098632813 0.0403366088867188 -0.0486373901367187 -0.0051727294921875
0.0287322998046875 0.077178955078125 0.0183448791503906 0.00118255615234375
-0.0234832763671875 0.0786666870117188 0.00878143310546876 0.115470886230469
0.0553779602050781 -0.0174560546875 -0.0211944580078125 -0.136505126953125
0.00499725341796875 -0.0505332946777344 -0.0253410339355469 -0.0155029296875
-0.0371322631835938 -0.0308685302734375 0.0576858520507812 0.00841903686523437
-0.0403099060058594 0.00986862182617188 0.0736236572265625 -0.0535125732421875
-0.0211677551269531 0.0334262847900391 0.0254135131835937 -0.0959548950195313
0.00968551635742188 0.0382194519042969 -0.0331268310546875 -0.104110717773437
0.0145301818847656 0.0282878875732422 -0.0769271850585937 -0.0756759643554688
0.00885581970214844 0.0246601104736328 -0.0698585510253906 -0.0532722473144531
0.00610733032226562 0.0265426635742188 -0.0641021728515625 -0.040557861328125
-0.0095672607421875 0.0206680297851563 -0.0542068481445313 -0.0423698425292969
-0.0243434906005859 0.00208854675292968 -0.053619384765625 -0.0473556518554688
-0.0180835723876953 -0.0318794250488281 -0.0526809692382813 -0.0702171325683594
0.0223464965820313 -0.0416259765625 -0.0356979370117188 -0.0957260131835938
0.0581130981445313 -0.0196075439453125 -0.0606002807617188 -0.124282836914063
0.0699729919433594 0.00953292846679688 -0.08489990234375 -0.153839111328125
0.0817337036132813 0.0467681884765625 0.000465393066406253 -0.140266418457031
0.0462417602539063 -0.0126800537109375 -0.0165367126464844 -0.0184612274169922
0.0203876495361328 -0.0270175933837891 0.069061279296875 0.0162391662597656
-0.00460052490234375 -0.0190906524658203 0.0880279541015625 -0.0522308349609375
-0.00985431671142578 -0.00828933715820313 0.0385284423828125 -0.102912902832031
-0.00817632675170898 0.00276517868041992 -0.0305862426757813 -0.112831115722656
-0.0156431198120117 0.0012664794921875 -0.0774993896484375 -0.0794906616210938
-0.0163116455078125 -0.00522708892822266 -0.0677261352539063 -0.0514450073242188
-0.0203208923339844 -0.00405120849609375 -0.0639877319335938 -0.0379447937011719
-0.0183658599853516 -0.0136432647705078 -0.05548095703125 -0.0363082885742187
-0.00901222229003906 -0.0316448211669922 -0.0534210205078125 -0.0388755798339844
0.0207939147949219 -0.0482215881347656 -0.0541267395019531 -0.0629005432128906
0.0686225891113281 -0.0192604064941406 -0.0410537719726562 -0.08319091796875
0.0910720825195312 0.0216522216796875 -0.062591552734375 -0.110298156738281
0.089263916015625 0.0727920532226563 -0.0762557983398438 -0.136444091796875
0.0918197631835938 0.108795166015625 0.0301055908203125 -0.12030029296875
0.0792999267578125 0.0384140014648438 -0.00054550170898437 -0.00897598266601562
0.0815582275390625 -0.00762176513671875 0.079986572265625 0.032196044921875
0.0422401428222656 -0.0410652160644531 0.103507995605469 -0.0401382446289062
0.0129013061523438 -0.0501594543457031 0.057525634765625 -0.0981674194335938
-0.0205650329589844 -0.0369606018066406 -0.0189590454101563 -0.110679626464844
-0.0421104431152344 -0.0288429260253906 -0.0666122436523438 -0.0751266479492188
-0.0383148193359375 -0.0350456237792969 -0.0556488037109375 -0.0418510437011719
-0.0459098815917969 -0.0323219299316406 -0.054840087890625 -0.0261688232421875
-0.0312652587890625 -0.0437164306640625 -0.0516281127929688 -0.0198097229003906
-0.00198745727539063 -0.0647048950195313 -0.0509529113769531 -0.0214424133300781
0.0465850830078125 -0.0696830749511719 -0.0580291748046875 -0.0469131469726563
0.107101440429688 -0.0110549926757812 -0.0493392944335938 -0.06591796875
0.119285583496094 0.0473861694335938 -0.0593414306640625 -0.0902099609375
0.102653503417969 0.11944580078125 -0.0616989135742188 -0.100372314453125
0.0817718505859375 0.15582275390625 0.0589752197265625 -0.0760040283203125
0.0936279296875 0.0912399291992187 0.0193119049072266 0.0152130126953125
0.132705688476563 0.0259780883789063 0.0865478515625 0.0540390014648437
0.0913238525390625 -0.0496978759765625 0.112770080566406 -0.0175094604492188
0.0419692993164063 -0.0820159912109375 0.07366943359375 -0.0773086547851563
-0.0232772827148437 -0.0738525390625 -0.00257110595703125 -0.0951690673828125
-0.0596542358398438 -0.0557708740234375 -0.045806884765625 -0.0612106323242187
-0.0544548034667969 -0.0595779418945312 -0.0352592468261719 -0.0253944396972656
-0.0676803588867188 -0.0545806884765625 -0.0364151000976563 -0.00848007202148438
-0.0445327758789062 -0.0676002502441406 -0.0398139953613281 0.00297164916992187
-0.00315093994140626 -0.0915985107421875 -0.0430946350097656 0.00159072875976561
0.05963134765625 -0.0889816284179688 -0.0579566955566406 -0.0255241394042969
0.131973266601563 -0.00975799560546875 -0.0533103942871094 -0.0480232238769531
0.135848999023438 0.0603790283203125 -0.0468368530273437 -0.0697860717773438
0.103729248046875 0.146881103515625 -0.0422134399414062 -0.0537910461425781
0.0578155517578125 0.174774169921875 0.0801925659179688 -0.0162734985351562
0.0841751098632812 0.129707336425781 0.0367393493652344 0.0498466491699219
0.1536865234375 0.063690185546875 0.0838546752929688 0.0759506225585938
0.125114440917969 -0.0401535034179687 0.110069274902344 0.0126419067382812
0.067657470703125 -0.0945510864257813 0.0815353393554688 -0.0447540283203125
-0.0184555053710938 -0.0970458984375 0.0147972106933594 -0.0669174194335938
-0.06610107421875 -0.0733642578125 -0.0196418762207031 -0.0393295288085938
-0.0618133544921875 -0.0753707885742188 -0.0099477767944336 -0.00507354736328126
-0.0799026489257812 -0.0684814453125 -0.0125017166137695 0.011784553527832
-0.0534744262695313 -0.0810699462890625 -0.0220279693603516 0.0265312194824219
-0.00374603271484375 -0.107719421386719 -0.0309505462646484 0.0238609313964844
0.0658187866210938 -0.0967559814453125 -0.0532188415527344 -0.003570556640625
0.141220092773438 -0.0062255859375 -0.0522918701171875 -0.0307655334472656
0.135063171386719 0.0698165893554688 -0.0271415710449219 -0.0497283935546875
0.0903472900390625 0.155014038085938 -0.0191249847412109 -0.00494575500488281
0.024139404296875 0.161102294921875 0.0926666259765625 0.04803466796875
0.0552825927734375 0.139167785644531 0.0497665405273438 0.084808349609375
0.137763977050781 0.089935302734375 0.0730743408203125 0.092315673828125
0.129425048828125 -0.0196685791015625 0.0950469970703125 0.0409469604492187
0.081085205078125 -0.08660888671875 0.0777053833007812 -0.00847625732421876
-0.00936889648437501 -0.100936889648438 0.0290279388427734 -0.03155517578125
-0.0620651245117187 -0.0785369873046875 0.0087137222290039 -0.0139427185058594
-0.0607070922851562 -0.079193115234375 0.0161199569702148 0.01507568359375
-0.079803466796875 -0.0735321044921875 0.0138721466064453 0.0315208435058594
-0.0532379150390625 -0.0847015380859375 -0.00174331665039063 0.0498008728027344
-0.00062561035156249 -0.109817504882812 -0.0174026489257812 0.045318603515625
0.0686492919921875 -0.0918426513671875 -0.0473289489746094 0.0160675048828125
0.134292602539063 0.0061798095703125 -0.0496253967285156 -0.0189323425292969
0.113716125488281 0.0790939331054688 -0.00511741638183593 -0.0336036682128906
0.061859130859375 0.146499633789063 0.0010986328125 0.0433425903320313
-0.0103073120117187 0.1165771484375 0.097259521484375 0.101203918457031
0.0170211791992188 0.117469787597656 0.0567779541015625 0.1126708984375
0.094024658203125 0.0935134887695313 0.0569915771484375 0.096923828125
0.10595703125 0.00180816650390625 0.075927734375 0.0601730346679688
0.0735702514648438 -0.0629196166992188 0.0671653747558594 0.0217514038085938
-0.001434326171875 -0.0860443115234375 0.039520263671875 0.000915527343749995
-0.0496025085449219 -0.069976806640625 0.0339508056640625 0.0108432769775391
-0.0501022338867188 -0.070343017578125 0.0414619445800781 0.0319099426269531
-0.0681838989257812 -0.068695068359375 0.03985595703125 0.0505180358886719
-0.043914794921875 -0.0786666870117188 0.0164413452148437 0.0717391967773438
0.00665283203125 -0.0985946655273438 -0.00894165039062501 0.0651664733886719
0.0683135986328125 -0.0727615356445313 -0.0445022583007812 0.0327949523925781
0.114601135253906 0.0239334106445313 -0.0489349365234375 -0.00915908813476562
0.077606201171875 0.0843429565429688 0.0103664398193359 -0.0169363021850586
0.0217742919921875 0.122726440429688 0.0134658813476563 0.0855636596679688
-0.0413322448730469 0.0530433654785156 0.094940185546875 0.133369445800781
-0.0195846557617187 0.0727081298828125 0.0610733032226563 0.125625610351563
0.0393142700195313 0.0733489990234375 0.0445632934570313 0.091888427734375
0.0637245178222656 0.0157585144042969 0.059722900390625 0.0681304931640625
0.0521888732910156 -0.0311050415039062 0.0559310913085938 0.04022216796875
0.0050811767578125 -0.0567893981933594 0.046234130859375 0.0243034362792969
-0.030120849609375 -0.0502281188964844 0.0532798767089844 0.0294952392578125
-0.0323562622070312 -0.0526847839355469 0.0599098205566406 0.0448417663574219
-0.044921875 -0.0555801391601563 0.060211181640625 0.0657386779785156
-0.027374267578125 -0.0627861022949219 0.0283050537109375 0.0906219482421875
0.0143966674804688 -0.075653076171875 -0.0066680908203125 0.0826644897460938
0.0609817504882813 -0.0463905334472656 -0.0473709106445313 0.0461997985839844
0.0815963745117188 0.0388336181640625 -0.0509185791015625 -0.00351715087890626
0.0323028564453125 0.0796432495117187 0.0188312530517578 -0.00110054016113281
-0.0219268798828125 0.082763671875 0.0130538940429687 0.119827270507813
0.0551948547363281 -0.0208015441894531 -0.0300674438476562 -0.137458801269531
0.002349853515625 -0.051605224609375 -0.0270500183105469 -0.0118618011474609
-0.0392532348632813 -0.0292472839355469 0.0600547790527344 0.00605010986328125
-0.040771484375 0.0127143859863281 0.0726089477539063 -0.0584335327148438
-0.0192489624023438 0.0355110168457031 0.020965576171875 -0.0997848510742188
0.0133132934570313 0.0378303527832031 -0.0388031005859375 -0.105270385742188
0.0175838470458984 0.0267734527587891 -0.08270263671875 -0.0730209350585938
0.0102348327636719 0.0242748260498047 -0.0751266479492187 -0.0505599975585938
0.00794601440429688 0.0263538360595703 -0.0692710876464844 -0.0373153686523437
-0.0080718994140625 0.0214805603027344 -0.0587615966796875 -0.0402717590332031
-0.0240840911865234 0.00414466857910156 -0.0580673217773437 -0.045745849609375
-0.0199775695800781 -0.0306529998779297 -0.0582351684570313 -0.0687599182128906
0.0201911926269531 -0.0433464050292969 -0.0403823852539063 -0.0965347290039063
0.0575904846191406 -0.0230979919433594 -0.068084716796875 -0.124336242675781
0.0723724365234375 0.00603485107421875 -0.0950927734375 -0.15191650390625
0.0865249633789063 0.0422821044921875 -0.00837707519531249 -0.141555786132812
0.0466880798339844 -0.0152359008789063 -0.0183544158935547 -0.0163593292236328
0.0188655853271484 -0.0283775329589844 0.0720977783203125 0.01312255859375
-0.00599288940429688 -0.0186004638671875 0.0876235961914063 -0.0578536987304688
-0.010218620300293 -0.00684070587158203 0.035125732421875 -0.10687255859375
-0.00714445114135742 0.00353240966796875 -0.0364761352539063 -0.113327026367188
-0.0148887634277344 0.00146102905273438 -0.0836715698242188 -0.07647705078125
-0.0165328979492188 -0.0048818588256836 -0.0727310180664063 -0.0486297607421875
-0.0202655792236328 -0.00286674499511719 -0.068695068359375 -0.0347213745117187
-0.0185108184814453 -0.0126056671142578 -0.0598258972167969 -0.0344123840332031
-0.009613037109375 -0.0311851501464844 -0.0571670532226562 -0.0367584228515625
0.0185127258300781 -0.0502471923828125 -0.0601921081542969 -0.0614585876464844
0.0686264038085937 -0.0227851867675781 -0.0456085205078125 -0.0831375122070313
0.0934600830078125 0.0167694091796875 -0.0696563720703125 -0.10943603515625
0.09576416015625 0.0692825317382813 -0.0858688354492188 -0.134666442871094
0.100303649902344 0.104896545410156 0.0220794677734375 -0.123672485351562
0.0832061767578125 0.035125732421875 -0.00129938125610351 -0.00718498229980468
0.0837860107421875 -0.0126266479492187 0.0849685668945313 0.0280914306640625
0.0407981872558594 -0.044158935546875 0.103981018066406 -0.0463943481445312
0.00957107543945312 -0.0514183044433594 0.0537872314453125 -0.103202819824219
-0.0219535827636719 -0.0362968444824219 -0.025299072265625 -0.111953735351563
-0.04339599609375 -0.0266532897949219 -0.0726089477539063 -0.0730056762695313
-0.0408554077148437 -0.0338172912597656 -0.0595970153808594 -0.03961181640625
-0.0492897033691406 -0.029510498046875 -0.0579719543457031 -0.0234413146972656
-0.033447265625 -0.0429306030273438 -0.0541419982910156 -0.0172920227050781
-0.00546264648437501 -0.0657730102539063 -0.054229736328125 -0.0194091796875
0.0438461303710938 -0.0734939575195313 -0.0635299682617187 -0.0451583862304688
0.109054565429687 -0.0167999267578125 -0.0529899597167969 -0.0651054382324219
0.124320983886719 0.0420761108398437 -0.0656051635742187 -0.089080810546875
0.112678527832031 0.116615295410156 -0.069610595703125 -0.09893798828125
0.0937957763671875 0.154434204101563 0.0541458129882813 -0.0804367065429687
0.101249694824219 0.0890274047851563 0.0193462371826172 0.0158519744873047
0.137657165527344 0.0184402465820313 0.0933074951171875 0.0495758056640625
0.0906219482421875 -0.055084228515625 0.114616394042969 -0.0236587524414063
0.0376815795898437 -0.0857925415039062 0.071502685546875 -0.0828857421875
-0.02789306640625 -0.0730209350585938 -0.00788116455078125 -0.09661865234375
-0.0626258850097656 -0.0526313781738281 -0.0508651733398437 -0.0598487854003906
-0.0597152709960937 -0.057861328125 -0.0375938415527344 -0.0241661071777344
-0.0725250244140625 -0.0506973266601562 -0.0379295349121094 -0.00584030151367187
-0.04876708984375 -0.0652694702148438 -0.0403633117675781 0.00582885742187499
-0.00794982910156249 -0.0933151245117188 -0.0451469421386719 0.00350189208984374
0.0561141967773438 -0.0947494506835937 -0.0622749328613281 -0.0228042602539063
0.134811401367188 -0.018096923828125 -0.0570144653320312 -0.046112060546875
0.14239501953125 0.0543365478515625 -0.0513725280761719 -0.0687103271484375
0.115402221679688 0.144439697265625 -0.046783447265625 -0.0528984069824219
0.0689849853515625 0.175460815429687 0.0794143676757812 -0.0212554931640625
0.092926025390625 0.128677368164063 0.0389328002929688 0.0495262145996094
0.162307739257813 0.0558929443359375 0.0906143188476563 0.0726547241210938
0.125350952148438 -0.0481643676757813 0.113807678222656 0.00757598876953125
0.0635223388671875 -0.101318359375 0.0811233520507813 -0.050201416015625
-0.0237655639648438 -0.0977401733398438 0.0121040344238281 -0.0678558349609375
-0.0714111328125 -0.0698013305664063 -0.0223426818847656 -0.0390396118164063
-0.0683135986328125 -0.0733795166015625 -0.0101385116577148 -0.00518989562988282
-0.0855484008789062 -0.064361572265625 -0.0116443634033203 0.0136117935180664
-0.059112548828125 -0.0786819458007813 -0.0210437774658203 0.0295906066894531
-0.0104827880859375 -0.109222412109375 -0.031036376953125 0.0264606475830078
0.06121826171875 -0.103424072265625 -0.0559959411621094 -0.000995635986328143
0.1441650390625 -0.014923095703125 -0.0556564331054687 -0.0288429260253906
0.14080810546875 0.0641632080078125 -0.0304756164550781 -0.0502433776855469
0.102310180664062 0.153915405273438 -0.0203418731689453 -0.0038166046142578
0.0348358154296875 0.163467407226563 0.0960311889648437 0.0437164306640625
0.063873291015625 0.139869689941406 0.053924560546875 0.0848846435546875
0.1475830078125 0.083160400390625 0.0793304443359375 0.0894012451171875
0.131103515625 -0.0272598266601563 0.100486755371094 0.0365219116210937
0.0765304565429688 -0.09344482421875 0.0795059204101563 -0.013336181640625
-0.0165176391601562 -0.10186767578125 0.0278968811035156 -0.0330753326416016
-0.0677642822265625 -0.0752105712890625 0.00784778594970703 -0.0139007568359375
-0.06689453125 -0.0760345458984375 0.0183677673339844 0.0135841369628906
-0.08673095703125 -0.0695953369140625 0.0173244476318359 0.0320186614990234
-0.0594635009765625 -0.081939697265625 0.00161743164062499 0.0524063110351563
-0.00808715820312499 -0.111419677734375 -0.0168914794921875 0.0470046997070312
0.0643844604492188 -0.0969314575195313 -0.0492630004882812 0.0186424255371094
0.138290405273437 -0.001312255859375 -0.0528450012207031 -0.0163345336914063
0.120140075683594 0.0737838745117188 -0.00828361511230468 -0.0348339080810547
0.071624755859375 0.147079467773438 0.004364013671875 0.0438880920410156
-0.00331878662109374 0.120155334472656 0.102874755859375 0.0969467163085938
0.0245590209960937 0.119277954101563 0.0626907348632813 0.111534118652344
0.102310180664062 0.0891189575195313 0.0626220703125 0.0952224731445313
0.107589721679688 -0.00418853759765625 0.0806884765625 0.0580673217773438
0.0710372924804687 -0.0686874389648438 0.0703811645507812 0.0184326171875
-0.00675201416015626 -0.0878677368164063 0.0403785705566406 -0.00042343139648438
-0.0543136596679688 -0.0670623779296875 0.0352592468261719 0.0093536376953125
-0.0558090209960937 -0.0689468383789063 0.0445518493652344 0.02911376953125
-0.0738601684570313 -0.0655593872070312 0.0448226928710937 0.0493698120117187
-0.0495071411132813 -0.0766677856445312 0.02105712890625 0.0729217529296875
-0.000274658203124989 -0.100784301757812 -0.00611877441406251 0.0667190551757813
0.0651321411132813 -0.079559326171875 -0.0445327758789062 0.0353469848632813
0.119369506835937 0.0174713134765625 -0.0511436462402344 -0.00646591186523438
0.083892822265625 0.0820465087890625 0.00873947143554688 -0.0187816619873047
0.02996826171875 0.124656677246094 0.0191802978515625 0.08612060546875
-0.0393638610839844 0.0567741394042969 0.102813720703125 0.130500793457031
-0.0156402587890625 0.075225830078125 0.0673446655273438 0.124298095703125
0.0447921752929688 0.0722427368164063 0.0492401123046875 0.0914230346679687
0.0655097961425781 0.0121116638183594 0.064361572265625 0.0670700073242187
0.0506744384765625 -0.0359992980957031 0.0600852966308594 0.0376930236816406
0.000938415527343746 -0.0587348937988281 0.0483245849609375 0.02362060546875
-0.0333709716796875 -0.0487823486328125 0.0561180114746094 0.0273208618164063
-0.0366058349609375 -0.0512199401855469 0.0642051696777344 0.04107666015625
-0.0498847961425781 -0.0534744262695312 0.0657463073730469 0.0641250610351563
-0.0322494506835938 -0.061920166015625 0.0343017578125 0.0916671752929687
0.00912475585937501 -0.077850341796875 -0.00328063964843749 0.0841293334960938
0.0597343444824219 -0.0515708923339844 -0.0465164184570313 0.04986572265625
0.08673095703125 0.03485107421875 -0.0531234741210938 -0.000873565673828122
0.0379104614257812 0.0797576904296875 0.0185928344726563 -0.00329399108886718
-0.0169525146484375 0.0849990844726563 0.0201339721679687 0.119728088378906
0.0537605285644531 -0.0244483947753906 -0.0381317138671875 -0.13330078125
-0.000572204589843754 -0.0508460998535156 -0.026947021484375 -0.00845527648925781
-0.0404701232910156 -0.02606201171875 0.0602073669433594 0.00283050537109375
-0.0395164489746094 0.0156822204589844 0.0695457458496094 -0.0617828369140625
-0.0157241821289063 0.0378608703613281 0.0161361694335938 -0.100051879882812
0.0168724060058594 0.0369758605957031 -0.0435943603515625 -0.103012084960937
0.0194587707519531 0.0240669250488281 -0.0862960815429688 -0.0674514770507812
0.0120792388916016 0.0226955413818359 -0.0784530639648438 -0.0450286865234375
0.0102500915527344 0.0249366760253906 -0.0717697143554688 -0.0325241088867188
-0.00580406188964844 0.0212764739990234 -0.0611228942871094 -0.0369834899902344
-0.0223941802978516 0.00490760803222656 -0.0614471435546875 -0.0421142578125
-0.0219173431396484 -0.0295906066894531 -0.0621223449707031 -0.0653076171875
0.0172195434570313 -0.0440597534179688 -0.044677734375 -0.0942611694335938
0.0555458068847656 -0.0262031555175781 -0.0737228393554688 -0.119400024414062
0.0718536376953125 0.0012969970703125 -0.102645874023438 -0.144760131835938
0.0879592895507813 0.036407470703125 -0.0175704956054687 -0.13897705078125
0.0454254150390625 -0.0171966552734375 -0.0192584991455078 -0.0131797790527344
0.0169906616210938 -0.0292301177978516 0.0728225708007813 0.0090179443359375
-0.00634574890136719 -0.0174188613891602 0.0841522216796875 -0.0618057250976562
-0.0100507736206055 -0.00496959686279297 0.029541015625 -0.108306884765625
-0.00604724884033203 0.00354766845703125 -0.0417861938476563 -0.110633850097656
-0.0137147903442383 0.00197982788085937 -0.0874862670898438 -0.071044921875
-0.0162105560302734 -0.00412559509277344 -0.0756378173828125 -0.043670654296875
-0.0201625823974609 -0.00157356262207031 -0.0710906982421875 -0.0299453735351563
-0.0186214447021484 -0.0117683410644531 -0.0612449645996094 -0.0304718017578125
-0.010650634765625 -0.0299110412597656 -0.0598182678222656 -0.033905029296875
0.0150947570800781 -0.0500068664550781 -0.0642967224121094 -0.0575218200683594
0.0664596557617188 -0.0260734558105469 -0.0493850708007813 -0.0804824829101563
0.0926437377929687 0.011962890625 -0.074951171875 -0.104515075683594
0.0993499755859375 0.06304931640625 -0.09320068359375 -0.127944946289063
0.105964660644531 0.09796142578125 0.0138778686523438 -0.122734069824219
0.0848159790039063 0.0312118530273438 -0.00304937362670898 -0.00522470474243164
0.0820846557617187 -0.0180282592773438 0.0858383178710938 0.0228958129882813
0.0381813049316406 -0.0456619262695313 0.100776672363281 -0.0513916015625
0.00635910034179688 -0.0507698059082031 0.0478286743164062 -0.104560852050781
-0.0232753753662109 -0.0340385437011719 -0.0306396484375 -0.109375
-0.0439338684082031 -0.0239486694335937 -0.0764389038085938 -0.0677719116210938
-0.0422859191894531 -0.0311698913574219 -0.0618209838867187 -0.0363082885742188
-0.0498771667480469 -0.0263557434082031 -0.059478759765625 -0.0192337036132813
-0.0348930358886719 -0.040496826171875 -0.0550804138183594 -0.0135459899902344
-0.00851821899414062 -0.0639877319335938 -0.0558319091796875 -0.0159263610839844
0.0387420654296875 -0.0752334594726562 -0.0668067932128906 -0.0416107177734375
0.1068115234375 -0.0230026245117188 -0.0560150146484375 -0.0621261596679687
0.124855041503906 0.0345993041992188 -0.07000732421875 -0.0848159790039062
0.118736267089844 0.109657287597656 -0.075225830078125 -0.0935897827148438
0.102203369140625 0.147201538085938 0.0471267700195313 -0.0826797485351562
0.104957580566406 0.0841827392578125 0.0184154510498047 0.016693115234375
0.138641357421875 0.00957489013671875 0.0949783325195313 0.0427780151367188
0.0862274169921875 -0.0601806640625 0.112632751464844 -0.0292816162109375
0.0313339233398438 -0.0875320434570313 0.0668182373046875 -0.086273193359375
-0.0309982299804688 -0.0704345703125 -0.0124893188476563 -0.0949630737304687
-0.064666748046875 -0.0475654602050781 -0.053863525390625 -0.0558319091796875
-0.0625076293945313 -0.0535697937011719 -0.0383567810058594 -0.0224571228027344
-0.0743942260742188 -0.0455474853515625 -0.0378608703613281 -0.0031280517578125
-0.0512619018554688 -0.06170654296875 -0.0400886535644531 0.00820159912109375
-0.0134124755859375 -0.0905227661132813 -0.0454063415527344 0.00614547729492188
0.04962158203125 -0.096893310546875 -0.0647239685058594 -0.0198020935058594
0.133468627929688 -0.02557373046875 -0.0586509704589844 -0.0426559448242188
0.144393920898438 0.046417236328125 -0.0552749633789062 -0.0659027099609375
0.124099731445313 0.136871337890625 -0.0496559143066406 -0.0495376586914063
0.0791778564453125 0.169784545898437 0.074981689453125 -0.0242080688476562
0.100151062011719 0.12335205078125 0.0391616821289063 0.0479621887207031
0.165130615234375 0.044769287109375 0.0939788818359375 0.066314697265625
0.1217041015625 -0.05474853515625 0.114082336425781 0.00173187255859375
0.0562210083007813 -0.103874206542969 0.0775375366210938 -0.0540390014648438
-0.0292587280273438 -0.093963623046875 0.00771331787109374 -0.067535400390625
-0.0742568969726563 -0.064422607421875 -0.0243721008300781 -0.03662109375
-0.0723648071289063 -0.0681838989257813 -0.0105667114257813 -0.00500106811523438
-0.0887298583984375 -0.0572586059570313 -0.0104875564575195 0.0141477584838867
-0.0625762939453125 -0.07373046875 -0.0188198089599609 0.0310382843017578
-0.017364501953125 -0.106719970703125 -0.0306777954101563 0.0278110504150391
0.0536727905273437 -0.106224060058594 -0.057647705078125 0.00170516967773436
0.142990112304688 -0.0228424072265625 -0.056610107421875 -0.0259933471679688
0.143783569335938 0.05560302734375 -0.0334129333496094 -0.0494918823242188
0.111434936523438 0.147369384765625 -0.0202999114990234 -0.00232505798339842
0.0444183349609375 0.159591674804687 0.0956649780273438 0.0378036499023438
0.0716400146484375 0.135429382324219 0.05584716796875 0.081817626953125
0.151535034179688 0.0731353759765625 0.08331298828125 0.0830612182617188
0.127952575683594 -0.0339813232421875 0.101547241210938 0.0315017700195313
0.0697555541992188 -0.0971527099609375 0.0782318115234375 -0.0173187255859375
-0.0214309692382812 -0.100006103515625 0.0266647338867187 -0.0334377288818359
-0.0709915161132813 -0.0692138671875 0.00719642639160156 -0.0138673782348633
-0.0712051391601562 -0.0717620849609375 0.0193405151367188 0.0117721557617187
-0.0896759033203125 -0.062530517578125 0.0193233489990234 0.0309391021728516
-0.0633316040039063 -0.0770797729492187 0.00458908081054687 0.051971435546875
-0.0149002075195312 -0.109214782714844 -0.0142402648925781 0.04766845703125
0.057769775390625 -0.101402282714844 -0.0489273071289062 0.0208358764648437
0.136955261230469 -0.0103759765625 -0.0527915954589844 -0.0130043029785156
0.123252868652344 0.0672607421875 -0.0109405517578125 -0.0351486206054687
0.0811004638671875 0.142105102539063 0.0066986083984375 0.0431442260742188
0.00437927246093751 0.119560241699219 0.106575012207031 0.0903701782226563
0.031036376953125 0.117088317871094 0.066375732421875 0.107795715332031
0.107505798339844 0.081756591796875 0.0670013427734375 0.091094970703125
0.106803894042969 -0.0107574462890625 0.0830230712890625 0.0535125732421875
0.0654830932617188 -0.0726089477539063 0.0710296630859375 0.014190673828125
-0.011749267578125 -0.0862503051757813 0.0399284362792969 -0.00113296508789063
-0.0578804016113281 -0.0631103515625 0.0357627868652344 0.0081787109375
-0.0597953796386719 -0.0647239685058594 0.0461463928222656 0.0258941650390625
-0.0775985717773438 -0.0596466064453125 0.0475654602050781 0.0466384887695312
-0.0536422729492188 -0.0717926025390625 0.0252761840820312 0.0723190307617188
-0.00749969482421876 -0.0989532470703125 -0.00323486328125001 0.0660171508789063
0.0591812133789063 -0.0829544067382813 -0.0434646606445312 0.0375099182128906
0.119636535644531 0.0096893310546875 -0.0511741638183594 -0.00373458862304687
0.0881423950195313 0.0767440795898438 0.00755691528320313 -0.0200462341308594
0.0378646850585938 0.122108459472656 0.023529052734375 0.0837783813476563
-0.0351333618164063 0.0577545166015625 0.108062744140625 0.123146057128906
-0.0107650756835938 0.075775146484375 0.0713043212890625 0.119735717773438
0.0497245788574219 0.0686111450195313 0.052642822265625 0.0884246826171875
0.06494140625 0.00816726684570313 0.0673828125 0.0632858276367188
0.0476303100585938 -0.0388870239257813 0.0617218017578125 0.0342826843261719
-0.00259017944335938 -0.0581474304199219 0.0501518249511719 0.0214118957519531
-0.0361480712890625 -0.0456733703613281 0.0581398010253906 0.023529052734375
-0.0389213562011719 -0.0482177734375 0.0670204162597656 0.0365524291992188
-0.0530319213867188 -0.0488815307617188 0.0698280334472656 0.0594062805175781
-0.0359230041503906 -0.0587844848632813 0.0400161743164063 0.0893478393554688
0.00302886962890626 -0.0771560668945313 0.000778198242187507 0.0833511352539063
0.0548782348632813 -0.0552787780761719 -0.0437278747558594 0.0518112182617188
0.08868408203125 0.0283889770507812 -0.0531120300292969 0.00225067138671875
0.0422821044921875 0.0770950317382813 0.0176506042480469 -0.00562477111816406
-0.0113601684570313 0.0858993530273438 0.0271453857421875 0.116470336914063
0.0508193969726563 -0.0264930725097656 -0.0415802001953125 -0.127296447753906
-0.00193405151367187 -0.0493583679199219 -0.0264358520507813 -0.00670814514160156
-0.0406265258789063 -0.0241279602050781 0.0591087341308594 0.0013885498046875
-0.0369873046875 0.0175285339355469 0.0668983459472656 -0.0622673034667969
-0.012969970703125 0.0379066467285156 0.0134963989257812 -0.097625732421875
0.0182971954345703 0.0340347290039063 -0.0460128784179688 -0.0999603271484375
0.0202598571777344 0.0217056274414062 -0.0864486694335938 -0.063018798828125
0.0128746032714844 0.02105712890625 -0.078826904296875 -0.0413665771484375
0.0107135772705078 0.0230083465576172 -0.0722427368164063 -0.0290985107421875
-0.00412559509277344 0.0201034545898437 -0.0613136291503906 -0.0340957641601562
-0.0210781097412109 0.00616264343261719 -0.0616645812988281 -0.0394096374511719
-0.0228595733642578 -0.0270462036132813 -0.0629005432128906 -0.0616989135742188
0.015167236328125 -0.0426406860351562 -0.0456390380859375 -0.091217041015625
0.053558349609375 -0.0272331237792969 -0.0750579833984375 -0.113777160644531
0.0707550048828125 -0.0014801025390625 -0.10479736328125 -0.137123107910156
0.0864105224609375 0.0317840576171875 -0.0225906372070312 -0.133155822753906
0.0440635681152344 -0.0180015563964844 -0.0196475982666016 -0.0102577209472656
0.0156040191650391 -0.0290737152099609 0.0708465576171875 0.00675201416015625
-0.00717926025390625 -0.0160350799560547 0.0808639526367188 -0.062164306640625
-0.00951290130615234 -0.00348186492919922 0.0258102416992188 -0.105636596679687
-0.00463247299194336 0.00368642807006836 -0.043975830078125 -0.10687255859375
-0.0133724212646484 0.00191688537597656 -0.0874481201171875 -0.065765380859375
-0.0159168243408203 -0.0041646957397461 -0.0756607055664063 -0.0404205322265625
-0.0188579559326172 -0.00130653381347656 -0.0707244873046875 -0.0265121459960938
-0.0170021057128906 -0.0111780166625977 -0.0620269775390625 -0.0276374816894531
-0.0105018615722656 -0.0286216735839844 -0.0602607727050781 -0.0309219360351563
0.0128746032714844 -0.0489730834960937 -0.0653572082519531 -0.0544204711914062
0.063507080078125 -0.0268440246582031 -0.0504608154296875 -0.0777969360351563
0.090301513671875 0.0093994140625 -0.076019287109375 -0.0996551513671875
0.0995941162109375 0.0582809448242187 -0.0949249267578125 -0.120841979980469
0.106101989746094 0.0914077758789063 0.00784301757812502 -0.118721008300781
0.0836944580078125 0.02825927734375 -0.00389480590820312 -0.00332093238830566
0.0797576904296875 -0.02099609375 0.0844802856445313 0.0189437866210938
0.0356826782226562 -0.0453453063964844 0.0978775024414063 -0.052337646484375
0.004547119140625 -0.0490379333496094 0.04412841796875 -0.103004455566406
-0.0224761962890625 -0.0326366424560547 -0.0332412719726563 -0.10601806640625
-0.0426559448242188 -0.0219001770019531 -0.0766372680664062 -0.062896728515625
-0.0425987243652344 -0.029296875 -0.0616722106933594 -0.0330963134765625
-0.0487861633300781 -0.0234146118164062 -0.0589561462402344 -0.0163421630859375
-0.0347328186035156 -0.0381927490234375 -0.0547637939453125 -0.0115890502929688
-0.00988769531250001 -0.06182861328125 -0.055511474609375 -0.0135116577148438
0.0350570678710938 -0.0742568969726562 -0.0679779052734375 -0.0387687683105469
0.103935241699219 -0.0252227783203125 -0.0562324523925781 -0.0598640441894531
0.122390747070313 0.0306854248046875 -0.0712661743164062 -0.0805435180664063
0.119972229003906 0.103141784667969 -0.076080322265625 -0.0883407592773438
0.104934692382813 0.139350891113281 0.0418243408203125 -0.080352783203125
0.105445861816406 0.0781402587890625 0.0172348022460938 0.0175933837890625
0.135810852050781 0.003570556640625 0.094024658203125 0.0389556884765625
0.0820999145507813 -0.0611495971679688 0.109947204589844 -0.031341552734375
0.0270843505859375 -0.0853958129882813 0.0632400512695313 -0.0859375
-0.031768798828125 -0.0668563842773438 -0.01409912109375 -0.09222412109375
-0.0643119812011719 -0.0439796447753906 -0.0547561645507813 -0.0524826049804688
-0.0631103515625 -0.0508155822753906 -0.0387916564941406 -0.0207138061523438
-0.0738449096679688 -0.041046142578125 -0.0374336242675781 -0.000953674316406256
-0.051849365234375 -0.0574531555175781 -0.0394401550292969 0.00969314575195313
-0.0154647827148437 -0.0874252319335938 -0.0449676513671875 0.00737762451171874
0.044403076171875 -0.0957107543945313 -0.0657768249511719 -0.0173225402832031
0.129898071289062 -0.0296554565429687 -0.0583114624023438 -0.0408668518066406
0.141159057617188 0.0416259765625 -0.0563468933105469 -0.0620918273925781
0.126419067382813 0.130416870117187 -0.0499801635742187 -0.0470619201660156
0.0829010009765625 0.162261962890625 0.07061767578125 -0.0255279541015625
0.101753234863281 0.117530822753906 0.0377960205078125 0.0473823547363281
0.162033081054687 0.036956787109375 0.0932464599609375 0.0604476928710938
0.116424560546875 -0.0570144653320313 0.111213684082031 -0.001190185546875
0.0506515502929687 -0.102806091308594 0.0748977661132813 -0.0545730590820313
-0.031768798828125 -0.0901260375976563 0.0063018798828125 -0.0654144287109375
-0.0735855102539063 -0.0596542358398438 -0.0251674652099609 -0.0346107482910156
-0.0731887817382813 -0.064117431640625 -0.0103464126586914 -0.00514793395996094
-0.088165283203125 -0.0523910522460938 -0.00949859619140625 0.014796257019043
-0.0631523132324219 -0.069000244140625 -0.0180282592773438 0.0312442779541016
-0.0208587646484375 -0.101898193359375 -0.0293617248535156 0.0278968811035156
0.0486297607421875 -0.105316162109375 -0.0579643249511719 0.00303268432617187
0.138626098632813 -0.0279541015625 -0.0561981201171875 -0.0241279602050781
0.140792846679687 0.04986572265625 -0.0352249145507812 -0.0479621887207031
0.114341735839844 0.140090942382813 -0.0197124481201172 -0.00176048278808593
0.0489654541015625 0.153610229492188 0.0926513671875 0.0347137451171875
0.07421875 0.130485534667969 0.0554122924804688 0.0790176391601563
0.151077270507813 0.06536865234375 0.0823745727539063 0.0781478881835938
0.122901916503906 -0.0375823974609375 0.0994186401367188 0.0284042358398437
0.0639266967773438 -0.0970535278320313 0.0761795043945313 -0.0190200805664063
-0.024566650390625 -0.0960311889648438 0.0247840881347656 -0.0324630737304688
-0.0705184936523437 -0.0643081665039063 0.00673580169677734 -0.0136041641235352
-0.072418212890625 -0.0672073364257813 0.0191574096679688 0.00974082946777344
-0.0894851684570313 -0.0569000244140625 0.0204887390136719 0.02947998046875
-0.0639801025390625 -0.07220458984375 0.00612258911132812 0.0506935119628906
-0.0187149047851563 -0.104240417480469 -0.0137100219726563 0.0463676452636719
0.0513839721679687 -0.100456237792969 -0.0489158630371094 0.02191162109375
0.133659362792969 -0.0148849487304688 -0.0522270202636719 -0.0111007690429688
0.121849060058594 0.0614700317382813 -0.0119171142578125 -0.0343303680419922
0.0844192504882812 0.135337829589844 0.00777435302734376 0.0415115356445313
0.00814056396484376 0.115776062011719 0.105171203613281 0.0851287841796875
0.033447265625 0.113838195800781 0.0659255981445312 0.103614807128906
0.108161926269531 0.07470703125 0.0669937133789063 0.0863876342773438
0.103309631347656 -0.0136566162109375 0.0827865600585938 0.0501708984375
0.0607528686523437 -0.0733489990234375 0.0699043273925781 0.01153564453125
-0.0145187377929688 -0.0830535888671875 0.0394554138183594 -0.00202941894531251
-0.0578384399414062 -0.0586357116699219 0.035614013671875 0.00605010986328125
-0.0610771179199219 -0.0607185363769531 0.0463790893554687 0.0227813720703125
-0.0777359008789063 -0.0546112060546875 0.048614501953125 0.0434799194335937
-0.0546188354492188 -0.067535400390625 0.0276374816894531 0.0692825317382813
-0.0114212036132812 -0.0957565307617188 -0.00228500366210937 0.0646934509277344
0.054168701171875 -0.083526611328125 -0.04205322265625 0.0376243591308594
0.118209838867188 0.00482177734375 -0.0498085021972656 -0.001983642578125
0.0882797241210938 0.072235107421875 0.00578308105468751 -0.0208625793457031
0.0412216186523438 0.117843627929687 0.0255889892578125 0.08013916015625
-0.0317344665527344 0.0569419860839844 0.10784912109375 0.116905212402344
-0.00792694091796875 0.0743255615234375 0.0719833374023438 0.115226745605469
0.0511054992675781 0.0646476745605469 0.0527801513671875 0.0852813720703125
0.0634269714355469 0.00543594360351562 0.06756591796875 0.060546875
0.0444755554199219 -0.0401649475097656 0.0622062683105469 0.0313148498535156
-0.004913330078125 -0.0562667846679688 0.0493392944335938 0.0197486877441406
-0.0366592407226563 -0.0432167053222656 0.0582656860351562 0.0205917358398437
-0.0406417846679688 -0.0450248718261719 0.0667762756347656 0.0331344604492188
-0.0546226501464844 -0.0452957153320312 0.0711898803710938 0.0551300048828125
-0.0369606018066406 -0.0549583435058594 0.0422821044921875 0.0860214233398437
-0.000465393066406251 -0.0742950439453125 0.00251770019531251 0.0814132690429687
0.0513877868652344 -0.0562095642089844 -0.0420265197753906 0.0516204833984375
0.0880050659179688 0.0242691040039063 -0.0518379211425781 0.00326156616210939
0.0444869995117188 0.0742111206054688 0.0161638259887695 -0.00717067718505859
-0.00817108154296875 0.084136962890625 0.0307846069335937 0.111701965332031
0.0492362976074219 -0.0261306762695313 -0.041656494140625 -0.123466491699219
-0.00183486938476563 -0.0481796264648437 -0.0249099731445313 -0.00500106811523437
-0.0389137268066406 -0.0228424072265625 0.0579490661621094 0.00191879272460937
-0.0369834899902344 0.0176811218261719 0.0656967163085938 -0.0608634948730469
-0.0119438171386719 0.0377311706542969 0.0136184692382813 -0.095184326171875
0.0192775726318359 0.0325603485107422 -0.0456695556640625 -0.0980606079101563
0.0192031860351563 0.0201377868652344 -0.0863494873046875 -0.0614166259765625
0.0123004913330078 0.0205135345458984 -0.0787124633789063 -0.0398178100585938
0.0113735198974609 0.0223026275634766 -0.071502685546875 -0.026885986328125
-0.00353431701660156 0.0196361541748047 -0.0610923767089844 -0.03302001953125
-0.0197696685791016 0.00522422790527343 -0.061065673828125 -0.0386314392089844
-0.0228328704833984 -0.0257167816162109 -0.0624465942382813 -0.060455322265625
0.0140495300292969 -0.0412979125976563 -0.0441436767578125 -0.0895233154296875
0.0517539978027344 -0.0265464782714844 -0.0729751586914063 -0.1103515625
0.0687065124511719 -0.00250625610351562 -0.102691650390625 -0.132537841796875
0.0841598510742188 0.0298995971679687 -0.0229415893554687 -0.129058837890625
0.0430526733398438 -0.0176239013671875 -0.0190906524658203 -0.00859642028808594
0.0155601501464844 -0.0287113189697266 0.0695075988769531 0.00588226318359375
-0.00730514526367188 -0.0142478942871094 0.08001708984375 -0.0615234375
-0.00874471664428711 -0.00290393829345703 0.0259475708007813 -0.102729797363281
-0.00290346145629883 0.00341963768005371 -0.043609619140625 -0.105583190917969
-0.012054443359375 0.00113201141357422 -0.0868759155273438 -0.0640411376953125
-0.015934944152832 -0.00402736663818359 -0.074920654296875 -0.0386734008789063
-0.0185184478759766 -0.00128746032714844 -0.0701179504394531 -0.0250396728515625
-0.0162029266357422 -0.0109272003173828 -0.0612106323242188 -0.0266265869140625
-0.00972175598144531 -0.028350830078125 -0.0593681335449219 -0.0302314758300781
0.0117225646972656 -0.0476341247558594 -0.0654144287109375 -0.0528678894042969
0.0621566772460937 -0.02630615234375 -0.0486526489257812 -0.0765838623046875
0.0885009765625 0.0088958740234375 -0.0745086669921875 -0.0965347290039063
0.0982131958007813 0.0560760498046875 -0.0922775268554687 -0.117088317871094
0.104278564453125 0.0878677368164063 0.00591278076171876 -0.114570617675781
0.0821990966796875 0.0281143188476563 -0.00434780120849609 -0.00127315521240234
0.0777511596679688 -0.0212173461914063 0.0825958251953125 0.0178985595703125
0.0336685180664063 -0.0440292358398438 0.0959320068359375 -0.0513763427734375
0.00473785400390625 -0.0468597412109375 0.0435791015625 -0.101455688476563
-0.0211219787597656 -0.0314140319824219 -0.0324859619140625 -0.103828430175781
-0.04168701171875 -0.0217666625976562 -0.0755691528320312 -0.0613327026367188
-0.0423507690429688 -0.0287666320800781 -0.0615234375 -0.0324592590332031
-0.0479774475097656 -0.022247314453125 -0.0577392578125 -0.0148277282714844
-0.0329208374023438 -0.0372695922851563 -0.0546302795410156 -0.0107078552246094
-0.00931930541992188 -0.05975341796875 -0.0557060241699219 -0.0132789611816406
0.0334701538085938 -0.0722198486328125 -0.0685462951660156 -0.0376548767089844
0.1021728515625 -0.0249557495117187 -0.0548248291015625 -0.0594253540039063
0.120101928710938 0.0297317504882813 -0.0700912475585937 -0.0785064697265625
0.11834716796875 0.100120544433594 -0.075164794921875 -0.0856552124023438
0.1025390625 0.135757446289063 0.0389022827148438 -0.0774078369140625
0.103736877441406 0.0769424438476563 0.0160789489746094 0.0180301666259766
0.13287353515625 0.00229644775390625 0.0909500122070313 0.0372695922851563
0.0792770385742187 -0.0604705810546875 0.108055114746094 -0.0302963256835937
0.0260696411132812 -0.08355712890625 0.06201171875 -0.0838775634765625
-0.0313377380371094 -0.0650215148925781 -0.0146102905273438 -0.0892333984375
-0.0632286071777344 -0.0429801940917969 -0.0533180236816406 -0.0504074096679688
-0.0621795654296875 -0.0493736267089844 -0.0388412475585938 -0.0201301574707031
-0.0722808837890625 -0.0391616821289063 -0.0370292663574219 -0.00159454345703125
-0.0502166748046875 -0.0560684204101562 -0.0384597778320313 0.00973129272460936
-0.0162429809570313 -0.0841293334960938 -0.0454521179199219 0.00713348388671875
0.042572021484375 -0.0938568115234375 -0.0660820007324219 -0.0169525146484375
0.127403259277344 -0.0295562744140625 -0.0571823120117187 -0.0410690307617188
0.138656616210938 0.0403976440429687 -0.0559921264648437 -0.0612297058105469
0.1258544921875 0.126747131347656 -0.0496139526367188 -0.0447654724121094
0.0822296142578125 0.158645629882812 0.0674285888671875 -0.0247230529785156
0.100822448730469 0.115821838378906 0.0362014770507813 0.0478515625
0.15997314453125 0.03472900390625 0.08990478515625 0.0590362548828125
0.113441467285156 -0.0568771362304688 0.108993530273437 -0.00107574462890625
0.04852294921875 -0.100593566894531 0.0731964111328125 -0.053955078125
-0.0308990478515625 -0.0880661010742188 0.00610733032226563 -0.0639457702636719
-0.0723876953125 -0.0573043823242188 -0.0248928070068359 -0.033071517944336
-0.0731124877929688 -0.0626068115234375 -0.0112428665161133 -0.00542354583740234
-0.0870590209960938 -0.0495452880859375 -0.00866413116455079 0.0143394470214844
-0.0612106323242188 -0.0659523010253906 -0.0172157287597656 0.03094482421875
-0.0206451416015625 -0.0987777709960938 -0.0299415588378906 0.0275440216064453
0.0460968017578125 -0.104194641113281 -0.0583724975585938 0.00397872924804688
0.136299133300781 -0.0286178588867187 -0.0550804138183594 -0.0241127014160156
0.138763427734375 0.04876708984375 -0.0353317260742188 -0.0467910766601563
0.11431884765625 0.136756896972656 -0.019134521484375 -0.00164604187011718
0.0490264892578125 0.149490356445313 0.0888900756835938 0.0341033935546875
0.073822021484375 0.128166198730469 0.05206298828125 0.0784072875976563
0.148406982421875 0.0616302490234375 0.0798263549804688 0.0766830444335938
0.120758056640625 -0.0373153686523438 0.09814453125 0.0283203125
0.060699462890625 -0.0949325561523438 0.0750045776367188 -0.0192947387695313
-0.0236434936523438 -0.0925445556640625 0.0251388549804687 -0.0311603546142578
-0.0695915222167969 -0.0619697570800781 0.00741958618164062 -0.0133962631225586
-0.0725479125976563 -0.0656280517578125 0.0190982818603516 0.00894737243652343
-0.0881195068359375 -0.054046630859375 0.0207996368408203 0.0284290313720703
-0.063232421875 -0.0692596435546875 0.00651168823242187 0.05072021484375
-0.019500732421875 -0.10125732421875 -0.0143814086914063 0.045318603515625
0.049407958984375 -0.098785400390625 -0.0491676330566406 0.020904541015625
0.131675720214844 -0.0166397094726563 -0.0507087707519531 -0.0115013122558594
0.120414733886719 0.0595932006835937 -0.0128250122070312 -0.0343589782714844
0.0849533081054687 0.132843017578125 0.00712966918945314 0.0401535034179688
0.00872039794921874 0.112922668457031 0.1019287109375 0.0832901000976563
0.0339508056640625 0.111671447753906 0.0630035400390625 0.102340698242188
0.106246948242187 0.0721817016601563 0.064483642578125 0.0850982666015625
0.100608825683594 -0.01416015625 0.080535888671875 0.0497055053710938
0.0582504272460938 -0.0717620849609375 0.0692062377929688 0.0113067626953125
-0.0149765014648438 -0.0803756713867188 0.039703369140625 -0.0012359619140625
-0.0574188232421875 -0.0563812255859375 0.0347862243652344 0.00616645812988281
-0.0611228942871094 -0.0589714050292969 0.0457954406738281 0.0212020874023437
-0.0771865844726563 -0.0512466430664062 0.0486221313476562 0.0414237976074219
-0.0540580749511719 -0.0654983520507813 0.0275115966796875 0.0680084228515625
-0.0120162963867187 -0.0925750732421875 -0.00261306762695313 0.0627059936523438
0.051605224609375 -0.0820083618164063 -0.0419425964355469 0.0368690490722656
0.116226196289063 0.0028533935546875 -0.0489349365234375 -0.00267410278320313
0.0876388549804688 0.0706100463867188 0.00494766235351563 -0.0215396881103516
0.0422439575195312 0.115341186523438 0.0257415771484375 0.0771484375
-0.0315284729003906 0.0561332702636719 0.105262756347656 0.113700866699219
-0.0071563720703125 0.07220458984375 0.0696563720703125 0.113075256347656
0.050750732421875 0.0619697570800781 0.05059814453125 0.0841293334960938
0.0618667602539063 0.0051727294921875 0.0653533935546875 0.0598831176757813
0.0429801940917969 -0.0396308898925781 0.0606689453125 0.0307350158691406
-0.00589370727539063 -0.0548324584960938 0.049713134765625 0.02020263671875
-0.0363731384277344 -0.0414161682128906 0.0575370788574219 0.0195960998535156
-0.0406341552734375 -0.0441703796386719 0.066162109375 0.0304641723632812
-0.0540275573730469 -0.0428886413574219 0.0708541870117188 0.0524673461914063
-0.0369033813476563 -0.0533027648925781 0.0429840087890625 0.0837554931640625
-0.00186157226562501 -0.0721893310546875 0.00223541259765625 0.0792999267578125
0.0491790771484375 -0.055206298828125 -0.0413818359375 0.0505294799804688
0.08758544921875 0.022186279296875 -0.0508041381835938 0.00337600708007812
0.0444259643554688 0.0728378295898438 0.0153369903564453 -0.00838470458984374
-0.00652313232421875 0.0817337036132813 0.0299301147460938 0.108566284179688
0.0482101440429688 -0.0253486633300781 -0.0402374267578125 -0.122718811035156
-0.00215530395507813 -0.048309326171875 -0.0249519348144531 -0.00437545776367187
-0.0386466979980469 -0.0231246948242188 0.0580558776855469 0.00244522094726562
-0.0358505249023438 0.0188484191894531 0.0674972534179688 -0.0599937438964844
-0.011199951171875 0.03802490234375 0.0156173706054688 -0.0952606201171875
0.0191287994384766 0.0312080383300781 -0.0455169677734375 -0.100059509277344
0.0194854736328125 0.0193023681640625 -0.08575439453125 -0.0623855590820312
0.0120258331298828 0.0198535919189453 -0.0786361694335938 -0.0401611328125
0.0107936859130859 0.0215778350830078 -0.07220458984375 -0.0269393920898437
-0.00355911254882812 0.0187664031982422 -0.0611228942871094 -0.0338783264160156
-0.018829345703125 0.00540542602539062 -0.0612335205078125 -0.0396156311035156
-0.0231266021728516 -0.0252475738525391 -0.0624008178710938 -0.0609512329101563
0.0141067504882813 -0.0407638549804688 -0.0427169799804688 -0.0908279418945313
0.0525131225585938 -0.0262107849121094 -0.070404052734375 -0.111343383789063
0.0686721801757813 -0.00157928466796875 -0.100440979003906 -0.133392333984375
0.0831527709960938 0.0306930541992188 -0.0222702026367188 -0.1278076171875
0.0431747436523438 -0.0169868469238281 -0.0188922882080078 -0.00790214538574219
0.0156421661376953 -0.0286846160888672 0.06976318359375 0.00729751586914062
-0.00652980804443359 -0.0141487121582031 0.081268310546875 -0.0602493286132813
-0.00789356231689453 -0.00290203094482422 0.027496337890625 -0.102920532226562
-0.00249028205871582 0.00260281562805176 -0.0420913696289063 -0.106552124023438
-0.0123634338378906 0.000987052917480471 -0.0868682861328125 -0.0644454956054687
-0.0162944793701172 -0.00517559051513672 -0.0759963989257813 -0.039276123046875
-0.0182247161865234 -0.00197601318359375 -0.0709228515625 -0.0244522094726562
-0.0155134201049805 -0.0113906860351563 -0.0622215270996094 -0.0273056030273437
-0.008209228515625 -0.0280418395996094 -0.059906005859375 -0.0311775207519531
0.0122222900390625 -0.0465812683105469 -0.0654487609863281 -0.0538825988769531
0.0626029968261719 -0.0254364013671875 -0.0474777221679687 -0.0777435302734375
0.0881423950195313 0.0103988647460938 -0.0734329223632812 -0.0970535278320313
0.0975799560546875 0.05718994140625 -0.0917434692382812 -0.118247985839844
0.103111267089844 0.0889434814453125 0.00580596923828124 -0.113334655761719
0.0821456909179688 0.0289993286132813 -0.00518178939819335 -0.000136852264404296
0.0782852172851562 -0.0210189819335937 0.0817642211914063 0.0189743041992188
0.0345726013183594 -0.0432167053222656 0.0975418090820313 -0.0499649047851563
0.0052947998046875 -0.0465469360351562 0.0457305908203125 -0.100593566894531
-0.02020263671875 -0.0314598083496094 -0.0313491821289062 -0.105224609375
-0.0416908264160156 -0.0221061706542969 -0.0755615234375 -0.0611801147460938
-0.04296875 -0.0293540954589844 -0.0617408752441406 -0.0326080322265625
-0.0475006103515625 -0.02239990234375 -0.0588264465332031 -0.0148353576660156
-0.03240966796875 -0.0377731323242188 -0.0550193786621094 -0.0107612609863281
-0.00800704956054688 -0.0596961975097656 -0.0562019348144531 -0.0143241882324219
0.0338897705078125 -0.0720291137695313 -0.0696372985839844 -0.0382308959960938
0.102371215820312 -0.0236663818359375 -0.0541877746582031 -0.0609207153320312
0.119194030761719 0.0313262939453125 -0.0690765380859375 -0.0797805786132812
0.118644714355469 0.101295471191406 -0.073760986328125 -0.0863571166992188
0.101387023925781 0.136245727539063 0.0380020141601563 -0.0762481689453125
0.1038818359375 0.0790863037109375 0.0150356292724609 0.0204334259033203
0.132972717285156 0.00226593017578125 0.0895538330078125 0.0386199951171875
0.08013916015625 -0.0591278076171875 0.109199523925781 -0.0291976928710938
0.0270614624023438 -0.0832366943359375 0.0633087158203125 -0.0831451416015625
-0.0298728942871094 -0.0651664733886719 -0.0125885009765625 -0.089752197265625
-0.0622482299804688 -0.0431137084960937 -0.0535736083984375 -0.0504417419433594
-0.0630264282226562 -0.0504188537597656 -0.0392875671386719 -0.0201263427734375
-0.0719451904296875 -0.039154052734375 -0.0372886657714844 -0.000820159912109382
-0.0499954223632813 -0.0559844970703125 -0.0390815734863281 0.0105972290039062
-0.0150222778320312 -0.0844268798828125 -0.0462837219238281 0.00637054443359373
0.0430679321289062 -0.0933609008789063 -0.0676155090332031 -0.0176429748535156
0.127723693847656 -0.0292816162109375 -0.05694580078125 -0.0423774719238281
0.137603759765625 0.041961669921875 -0.0554161071777343 -0.0621299743652344
0.125350952148438 0.128616333007813 -0.0490913391113281 -0.0452346801757812
0.080108642578125 0.1585693359375 0.0661735534667969 -0.0230560302734375
0.0997695922851563 0.117568969726563 0.03424072265625 0.0495681762695313
0.15960693359375 0.0352783203125 0.0886154174804688 0.060089111328125
0.113388061523437 -0.0552215576171875 0.10955810546875 0.000831604003906247
0.04937744140625 -0.100746154785156 0.0747299194335938 -0.0527801513671875
-0.029083251953125 -0.0876312255859375 0.00818634033203125 -0.0631370544433594
-0.0712432861328125 -0.0585098266601562 -0.0239772796630859 -0.0330524444580078
-0.0735015869140625 -0.0633163452148438 -0.0106487274169922 -0.0061025619506836
-0.0868911743164063 -0.0493087768554687 -0.00943946838378907 0.014312744140625
-0.0606460571289062 -0.0660133361816406 -0.0176372528076172 0.0307044982910156
-0.0200881958007812 -0.0983657836914063 -0.0314178466796875 0.0269603729248047
0.0461654663085938 -0.103706359863281 -0.0599250793457031 0.0023345947265625
0.136985778808594 -0.0278244018554688 -0.0548667907714844 -0.0263748168945313
0.13787841796875 0.050506591796875 -0.0352363586425781 -0.0479660034179688
0.11376953125 0.138557434082031 -0.0193920135498047 -0.00202178955078124
0.045654296875 0.149765014648438 0.087310791015625 0.03631591796875
0.0731735229492187 0.129852294921875 0.049957275390625 0.0797805786132813
0.148590087890625 0.0628509521484375 0.0771865844726563 0.0776596069335938
0.120208740234375 -0.03594970703125 0.0984878540039063 0.0302734375
0.0618743896484375 -0.0951385498046875 0.0752792358398437 -0.0173568725585938
-0.0231857299804687 -0.092987060546875 0.0265007019042969 -0.0306377410888672
-0.0697021484375 -0.0629463195800781 0.00708198547363281 -0.0130319595336914
-0.072174072265625 -0.0667037963867188 0.0180225372314453 0.00836753845214844
-0.0882949829101562 -0.0540847778320313 0.0207881927490234 0.0288505554199219
-0.0620307922363281 -0.0694427490234375 0.00611495971679688 0.0503387451171875
-0.0188446044921875 -0.10107421875 -0.0156211853027344 0.0454254150390625
0.0495758056640625 -0.0980300903320313 -0.0506782531738281 0.0207061767578125
0.132316589355469 -0.015960693359375 -0.0509605407714844 -0.0133438110351562
0.119346618652344 0.0613174438476563 -0.0133285522460937 -0.0357093811035156
0.0845489501953125 0.133903503417969 0.00688552856445313 0.0389595031738281
0.00730895996093749 0.112030029296875 0.0991744995117188 0.0849151611328125
0.0331039428710938 0.112533569335938 0.0603866577148438 0.104103088378906
0.106452941894531 0.0725326538085938 0.0618743896484375 0.0858535766601562
0.100395202636719 -0.0128707885742187 0.0805892944335938 0.0507736206054687
0.059051513671875 -0.0714950561523438 0.06890869140625 0.0120925903320312
-0.014312744140625 -0.081268310546875 0.0400390625 -0.00030899047851563
-0.0565986633300781 -0.0565986633300781 0.035491943359375 0.00618743896484375
-0.061248779296875 -0.0593605041503906 0.0459365844726562 0.0205459594726562
-0.07684326171875 -0.0510635375976562 0.0488052368164062 0.0413894653320313
-0.0533638000488281 -0.0648231506347656 0.02728271484375 0.0684013366699219
-0.0124664306640625 -0.091949462890625 -0.00431442260742187 0.0630035400390625
0.0516586303710937 -0.0820846557617188 -0.0441398620605469 0.0362548828125
0.116683959960938 0.002838134765625 -0.0488204956054687 -0.00344085693359374
0.0873336791992188 0.0715560913085938 0.00448226928710938 -0.0227336883544922
0.0419692993164063 0.115951538085938 0.0246124267578125 0.076507568359375
-0.0316429138183594 0.0556869506835937 0.102699279785156 0.1153564453125
-0.00836181640625001 0.073272705078125 0.067138671875 0.114082336425781
0.0507888793945313 0.06195068359375 0.048675537109375 0.0858383178710938
0.0619049072265625 0.00590896606445313 0.0649261474609375 0.0620841979980469
0.0425567626953125 -0.0394210815429688 0.0606460571289062 0.0312042236328125
-0.00562667846679688 -0.0549659729003906 0.04998779296875 0.0213508605957031
-0.0361137390136719 -0.0406761169433594 0.0574226379394531 0.0207595825195313
-0.0412940979003906 -0.0442619323730469 0.0661697387695313 0.0307655334472656
-0.0543174743652344 -0.043365478515625 0.0705032348632813 0.053070068359375
-0.0365867614746094 -0.0528678894042969 0.0426559448242188 0.0848236083984375
-0.00124359130859376 -0.0719070434570313 0.00115203857421876 0.0791244506835938
0.0485038757324219 -0.0558357238769531 -0.0428276062011719 0.0493965148925781
0.0877532958984375 0.0221023559570313 -0.0508537292480469 0.00252914428710937
0.0441131591796875 0.0732955932617188 0.0146169662475586 -0.00969982147216796
-0.00736236572265624 0.0821380615234375 0.02850341796875 0.10748291015625
0.0487594604492188 -0.0259284973144531 -0.0411834716796875 -0.124610900878906
-0.00238418579101563 -0.0500640869140625 -0.0255813598632812 -0.00357437133789062
-0.0397224426269531 -0.0235710144042969 0.0593299865722656 0.00379180908203125
-0.0368995666503906 0.0197334289550781 0.0699882507324219 -0.0615234375
-0.0101699829101563 0.0395545959472656 0.0176620483398437 -0.0982742309570313
0.0204582214355469 0.0311641693115234 -0.0468368530273437 -0.103179931640625
0.0192012786865234 0.0188179016113281 -0.0882644653320313 -0.0636749267578125
0.0127506256103516 0.0200614929199219 -0.0821456909179688 -0.0402145385742187
0.0113487243652344 0.0216312408447266 -0.0751266479492188 -0.0275497436523437
-0.00327873229980469 0.0189342498779297 -0.0635871887207031 -0.03472900390625
-0.0189609527587891 0.00531387329101563 -0.0633506774902344 -0.041046142578125
-0.0237388610839844 -0.0248908996582031 -0.0641250610351563 -0.062896728515625
0.0145797729492188 -0.0408134460449219 -0.0430221557617187 -0.0942306518554687
0.05426025390625 -0.0267982482910156 -0.071075439453125 -0.114494323730469
0.0704116821289063 -0.0021820068359375 -0.101394653320313 -0.1380615234375
0.08453369140625 0.0320892333984375 -0.0220413208007813 -0.130111694335938
0.0441322326660156 -0.0170745849609375 -0.0195579528808594 -0.00634193420410157
0.0165367126464844 -0.0292015075683594 0.07061767578125 0.00833892822265625
-0.00696754455566406 -0.0137243270874023 0.0839385986328125 -0.06121826171875
-0.00753259658813477 -0.00265121459960938 0.030120849609375 -0.105735778808594
-0.00241327285766602 0.00237226486206055 -0.0435104370117188 -0.110504150390625
-0.0131044387817383 -0.000337600708007815 -0.0893630981445313 -0.0663604736328125
-0.0172128677368164 -0.00536060333251953 -0.0792770385742188 -0.040802001953125
-0.0183601379394531 -0.00184059143066406 -0.0733871459960938 -0.0245132446289063
-0.015772819519043 -0.0124845504760742 -0.0644302368164062 -0.028472900390625
-0.00782203674316406 -0.0288810729980469 -0.06231689453125 -0.03265380859375
0.0124969482421875 -0.047119140625 -0.068359375 -0.0554313659667969
0.0643959045410156 -0.0248832702636719 -0.047821044921875 -0.0810165405273438
0.090087890625 0.01153564453125 -0.074615478515625 -0.100418090820313
0.100013732910156 0.0586700439453125 -0.0926361083984375 -0.120811462402344
0.104904174804687 0.0914459228515625 0.00578308105468752 -0.114616394042969
0.084564208984375 0.0302658081054688 -0.00637578964233398 0.00214576721191406
0.0799789428710938 -0.0218734741210938 0.0828781127929687 0.02069091796875
0.0355148315429688 -0.0436515808105469 0.101158142089844 -0.0504913330078125
0.00510787963867187 -0.0476837158203125 0.0482406616210938 -0.103057861328125
-0.0204067230224609 -0.0327434539794922 -0.0312118530273438 -0.1083984375
-0.0423126220703125 -0.0229606628417969 -0.07794189453125 -0.0628280639648437
-0.0444869995117188 -0.0305557250976562 -0.0642585754394531 -0.0338973999023438
-0.0488739013671875 -0.0236091613769531 -0.0612144470214844 -0.0152168273925781
-0.0316429138183594 -0.0385971069335937 -0.0573005676269531 -0.010955810546875
-0.00742340087890625 -0.0611648559570313 -0.0591239929199219 -0.0150108337402344
0.0347137451171875 -0.0738143920898437 -0.0724334716796875 -0.0393753051757813
0.10552978515625 -0.024261474609375 -0.0551223754882812 -0.0638084411621094
0.122215270996094 0.0326309204101563 -0.0707321166992187 -0.0814666748046875
0.121734619140625 0.104286193847656 -0.0756454467773438 -0.0889053344726562
0.102767944335938 0.140144348144531 0.0381088256835937 -0.0761489868164062
0.106536865234375 0.0820388793945313 0.0134563446044922 0.022491455078125
0.136604309082031 0.0019683837890625 0.090667724609375 0.040863037109375
0.0824737548828125 -0.0600814819335938 0.112503051757813 -0.0284347534179688
0.027099609375 -0.0853958129882813 0.0667266845703125 -0.0848922729492187
-0.0294685363769531 -0.0674667358398438 -0.0124435424804687 -0.093017578125
-0.0636367797851563 -0.0444908142089844 -0.055572509765625 -0.051544189453125
-0.0654029846191406 -0.0518646240234375 -0.0403900146484375 -0.0214424133300781
-0.0738296508789062 -0.0401153564453125 -0.0387535095214844 -0.000286102294921876
-0.0498695373535156 -0.0571365356445313 -0.0412330627441406 0.0105514526367187
-0.0146942138671875 -0.0857620239257813 -0.0487861633300781 0.00625991821289061
0.0445556640625 -0.0963134765625 -0.0713882446289063 -0.0180511474609375
0.131698608398438 -0.0296173095703125 -0.0579948425292969 -0.0449600219726563
0.141494750976563 0.0443878173828125 -0.05731201171875 -0.0642242431640625
0.129241943359375 0.132087707519531 -0.0495109558105469 -0.0470199584960938
0.0810394287109375 0.162551879882813 0.0668106079101563 -0.0214576721191406
0.101943969726563 0.121757507324219 0.0327186584472656 0.0520668029785156
0.163986206054688 0.035491943359375 0.08917236328125 0.0624923706054688
0.11676025390625 -0.056304931640625 0.113426208496094 0.0017547607421875
0.0510406494140625 -0.103218078613281 0.0776214599609375 -0.0536727905273438
-0.03033447265625 -0.0903091430664062 0.00925445556640624 -0.064910888671875
-0.0728683471679688 -0.0597991943359375 -0.025482177734375 -0.0345420837402344
-0.0762252807617187 -0.0658035278320313 -0.0111474990844727 -0.00694561004638672
-0.0891265869140625 -0.0498733520507813 -0.0102615356445313 0.0147838592529297
-0.0615005493164063 -0.0671119689941406 -0.0183963775634766 0.0328540802001953
-0.0205001831054688 -0.100189208984375 -0.0336551666259766 0.0274543762207031
0.0476913452148438 -0.105636596679688 -0.0640068054199219 0.00300216674804687
0.141311645507813 -0.02935791015625 -0.0564842224121094 -0.0282669067382813
0.140975952148438 0.052093505859375 -0.0361404418945312 -0.0496788024902344
0.11767578125 0.14215087890625 -0.0201759338378906 -0.00150489807128905
0.0475006103515625 0.153793334960937 0.0873641967773438 0.0382003784179688
0.0742263793945312 0.133781433105469 0.0496063232421875 0.0836105346679688
0.15240478515625 0.0643768310546875 0.0775146484375 0.081512451171875
0.123924255371094 -0.0364761352539062 0.101058959960938 0.0313720703125
0.0636520385742187 -0.098114013671875 0.0781936645507813 -0.0179672241210938
-0.0226287841796875 -0.0953445434570313 0.0276718139648438 -0.0305995941162109
-0.070404052734375 -0.0645980834960938 0.00738716125488281 -0.0127649307250977
-0.0753402709960938 -0.0678176879882813 0.0195484161376953 0.007904052734375
-0.0908203125 -0.0538787841796875 0.0217933654785156 0.0292186737060547
-0.0635528564453125 -0.07073974609375 0.00612640380859375 0.0524444580078125
-0.0198898315429688 -0.102325439453125 -0.0178184509277344 0.0462760925292969
0.0501022338867188 -0.1004638671875 -0.0540199279785156 0.0211906433105469
0.136650085449219 -0.0176162719726563 -0.052734375 -0.0146980285644531
0.122810363769531 0.063323974609375 -0.0142860412597656 -0.037750244140625
0.0867385864257813 0.137008666992188 0.0072174072265625 0.0402069091796875
0.00634765625000001 0.115371704101563 0.1004638671875 0.0876541137695313
0.0330810546875 0.116111755371094 0.0599288940429687 0.107177734375
0.110099792480469 0.0740814208984375 0.062103271484375 0.0896759033203125
0.103179931640625 -0.0125961303710937 0.08258056640625 0.0537948608398437
0.0607757568359375 -0.073822021484375 0.071136474609375 0.01348876953125
-0.0146408081054687 -0.0826950073242188 0.0423393249511719 0.00028610229492187
-0.0579910278320313 -0.0571174621582031 0.03717041015625 0.00646209716796875
-0.0642585754394531 -0.0614204406738281 0.0468330383300781 0.0208473205566406
-0.0791702270507813 -0.0513534545898437 0.0496406555175781 0.0424461364746094
-0.0546913146972656 -0.0660781860351563 0.0277633666992187 0.0706558227539063
-0.0124893188476563 -0.0935440063476563 -0.00567245483398437 0.0644035339355469
0.0522689819335938 -0.0836105346679688 -0.0477447509765625 0.0366325378417969
0.1202392578125 0.00153350830078125 -0.0503578186035156 -0.00558853149414062
0.0900115966796875 0.0732269287109375 0.00399398803710938 -0.0242748260498047
0.0435638427734375 0.117660522460938 0.0245208740234375 0.0785903930664063
-0.0329322814941406 0.0566253662109375 0.103652954101563 0.118789672851563
-0.00830841064453126 0.075164794921875 0.0670547485351563 0.117713928222656
0.0520858764648438 0.06304931640625 0.047760009765625 0.0889434814453125
0.0637474060058594 0.00622177124023438 0.066253662109375 0.0646324157714844
0.0438652038574219 -0.0409049987792969 0.0621223449707031 0.0333976745605469
-0.00544357299804687 -0.0561904907226563 0.0522842407226563 0.0219917297363281
-0.0371780395507813 -0.0418930053710938 0.0598182678222656 0.020294189453125
-0.0430183410644531 -0.0450553894042969 0.0685615539550781 0.0302581787109375
-0.0564002990722656 -0.0429191589355469 0.0726089477539063 0.0537490844726563
-0.0377540588378906 -0.0537910461425781 0.0442276000976562 0.0866165161132813
-0.00180816650390625 -0.07373046875 -0.000816345214843755 0.0810089111328125
0.0490951538085938 -0.0566635131835938 -0.0456352233886719 0.0502281188964844
0.0899124145507813 0.0220489501953125 -0.0530548095703125 0.000972747802734374
0.0458297729492188 0.0752792358398438 0.0143766403198242 -0.0114555358886719
-0.0074310302734375 0.0830307006835937 0.0279922485351563 0.109580993652344
0.0494384765625 -0.0265922546386719 -0.0445938110351563 -0.127433776855469
-0.00355148315429687 -0.0514183044433594 -0.0268077850341797 -0.00203704833984376
-0.0422515869140625 -0.0239219665527344 0.0620002746582031 0.00341033935546875
-0.0374259948730469 0.0215835571289063 0.07177734375 -0.0645599365234375
-0.00972366333007813 0.0407066345214844 0.0175857543945313 -0.102493286132813
0.0215797424316406 0.0308399200439453 -0.0505752563476562 -0.107070922851562
0.0202407836914063 0.0183124542236328 -0.0941314697265625 -0.0637435913085938
0.01324462890625 0.0205955505371094 -0.0866317749023438 -0.0392684936523438
0.0116214752197266 0.0212841033935547 -0.0785598754882813 -0.0254364013671875
-0.00225448608398438 0.0190982818603516 -0.0674057006835938 -0.0353584289550781
-0.0189990997314453 0.00544166564941407 -0.0675773620605469 -0.0411376953125
-0.0248851776123047 -0.0247993469238281 -0.0681266784667969 -0.0641250610351563
0.01422119140625 -0.0422821044921875 -0.0449066162109375 -0.0970687866210937
0.0557708740234375 -0.0288543701171875 -0.0747299194335938 -0.117019653320313
0.0724258422851563 -0.004486083984375 -0.106513977050781 -0.140556335449219
0.0874786376953125 0.03253173828125 -0.0265884399414062 -0.132888793945313
0.0456619262695313 -0.0185470581054688 -0.0215644836425781 -0.00411224365234375
0.0161247253417969 -0.0311565399169922 0.0734939575195313 0.0078582763671875
-0.00682830810546875 -0.0138092041015625 0.08685302734375 -0.0647201538085938
-0.00742053985595703 -0.0025177001953125 0.0307083129882812 -0.111007690429688
-0.00191152095794678 0.00151395797729492 -0.0474090576171875 -0.114158630371094
-0.0135135650634766 -0.000488281250000001 -0.0942916870117187 -0.0661468505859375
-0.0179500579833984 -0.00518608093261719 -0.0839309692382813 -0.039459228515625
-0.0194549560546875 -0.00153541564941407 -0.0773162841796875 -0.0230712890625
-0.0156526565551758 -0.0126581192016602 -0.0679855346679687 -0.0277862548828125
-0.00898170471191407 -0.0305690765380859 -0.0666580200195313 -0.0329208374023438
0.0119667053222656 -0.0487518310546875 -0.0724029541015625 -0.056365966796875
0.0660285949707031 -0.0271072387695312 -0.05084228515625 -0.0837936401367188
0.0934066772460938 0.01031494140625 -0.0774002075195312 -0.102195739746094
0.104217529296875 0.0576324462890625 -0.0975570678710938 -0.123977661132813
0.109512329101563 0.0937881469726563 0.00325775146484376 -0.117034912109375
0.0877838134765625 0.0294036865234375 -0.00713157653808593 0.00408554077148438
0.082183837890625 -0.0250778198242188 0.0855560302734375 0.0204620361328125
0.0357017517089844 -0.0453071594238281 0.104408264160156 -0.05413818359375
0.00449371337890625 -0.0492591857910156 0.0490036010742188 -0.108528137207031
-0.0214462280273437 -0.0341567993164063 -0.03399658203125 -0.112174987792969
-0.0446968078613281 -0.0231475830078125 -0.0828857421875 -0.0629653930664063
-0.0476226806640625 -0.0307731628417969 -0.0684928894042969 -0.033172607421875
-0.050994873046875 -0.0233345031738281 -0.0649986267089844 -0.0138168334960938
-0.0335159301757813 -0.0395469665527344 -0.06011962890625 -0.0101165771484375
-0.00849533081054688 -0.0632247924804688 -0.0627784729003906 -0.0148849487304687
0.0346755981445312 -0.0763473510742188 -0.0777206420898438 -0.0395736694335938
0.109207153320313 -0.0271759033203125 -0.057891845703125 -0.0660972595214844
0.12744140625 0.0325775146484375 -0.07440185546875 -0.0833282470703125
0.128860473632813 0.104896545410156 -0.0797119140625 -0.0902175903320313
0.108108520507813 0.143753051757813 0.0370559692382813 -0.078765869140625
0.111984252929688 0.0834884643554688 0.0128078460693359 0.024566650390625
0.141220092773438 -0.00177001953125 0.093292236328125 0.0408401489257813
0.0838165283203125 -0.06353759765625 0.117034912109375 -0.0313262939453125
0.0263671875 -0.088897705078125 0.0680618286132813 -0.0895233154296875
-0.0315475463867188 -0.0690078735351562 -0.0141983032226563 -0.096099853515625
-0.0662879943847656 -0.0439987182617188 -0.0586318969726563 -0.0516586303710938
-0.0698699951171875 -0.0520973205566406 -0.0437431335449219 -0.0212783813476563
-0.0775070190429687 -0.0398406982421875 -0.0402145385742188 2.48523933499719E-18
-0.0525245666503906 -0.0579872131347656 -0.0438232421875 0.0118789672851563
-0.0166778564453125 -0.0886917114257813 -0.0521583557128906 0.00734329223632812
0.04376220703125 -0.0999603271484375 -0.076202392578125 -0.017364501953125
0.136444091796875 -0.0345916748046875 -0.0614700317382812 -0.04632568359375
0.147491455078125 0.0427703857421875 -0.0607147216796875 -0.0658493041992188
0.137123107910156 0.133544921875 -0.0525894165039063 -0.0475616455078125
0.0868988037109375 0.167312622070313 0.0668678283691406 -0.0224533081054687
0.10888671875 0.124351501464844 0.0333175659179688 0.0551528930664063
0.170730590820313 0.0326385498046875 0.092498779296875 0.063232421875
0.119331359863281 -0.0601272583007813 0.117523193359375 0.000724792480468746
0.0498275756835937 -0.108184814453125 0.0799331665039063 -0.0571670532226563
-0.0326004028320313 -0.0923538208007813 0.00869750976562499 -0.0670814514160156
-0.0769577026367188 -0.06011962890625 -0.0269718170166016 -0.0339393615722656
-0.0817108154296875 -0.0652618408203125 -0.0124616622924805 -0.00720500946044922
-0.093017578125 -0.0495223999023437 -0.0107660293579102 0.0152606964111328
-0.0646133422851562 -0.0685310363769531 -0.0188655853271484 0.0344638824462891
-0.023406982421875 -0.10308837890625 -0.0361137390136719 0.0288925170898437
0.0466995239257813 -0.110221862792969 -0.0682640075683594 0.00442123413085936
0.146270751953125 -0.034271240234375 -0.0592689514160156 -0.0298957824707031
0.148406982421875 0.0515289306640625 -0.0386695861816406 -0.0513648986816406
0.125717163085938 0.144241333007813 -0.0213298797607422 -0.00219917297363281
0.0509796142578125 0.158767700195312 0.089599609375 0.0385284423828125
0.0796737670898438 0.137115478515625 0.0514450073242188 0.0872421264648438
0.159530639648438 0.0619659423828125 0.0803909301757813 0.082489013671875
0.126899719238281 -0.0400314331054688 0.105331420898438 0.0315628051757813
0.06365966796875 -0.102500915527344 0.0816268920898438 -0.0193405151367188
-0.02593994140625 -0.0988082885742188 0.0290756225585937 -0.0326690673828125
-0.0735321044921875 -0.0645065307617188 0.00722885131835937 -0.0128059387207031
-0.0812454223632812 -0.0683441162109375 0.0196170806884766 0.00728034973144531
-0.095245361328125 -0.0539016723632813 0.0223884582519531 0.0287532806396484
-0.0664825439453125 -0.0708160400390625 0.00749969482421875 0.0536537170410156
-0.02301025390625 -0.10528564453125 -0.0190277099609375 0.0484580993652344
0.0490264892578125 -0.105484008789063 -0.0577278137207031 0.022674560546875
0.141647338867188 -0.0220794677734375 -0.0548248291015625 -0.0161170959472656
0.128959655761719 0.0636138916015625 -0.0160560607910156 -0.039337158203125
0.094207763671875 0.140098571777344 0.007781982421875 0.0411567687988281
0.00808715820312501 0.119606018066406 0.103157043457031 0.0900726318359375
0.0364227294921875 0.119117736816406 0.0625686645507813 0.111122131347656
0.115631103515625 0.0732040405273438 0.0639877319335938 0.0923614501953125
0.106521606445313 -0.0146942138671875 0.0864944458007813 0.0549163818359375
0.0607070922851562 -0.0779953002929688 0.0741119384765625 0.0130844116210937
-0.0175247192382813 -0.0858535766601563 0.0450363159179688 0.00021743774414062
-0.0613212585449219 -0.0580520629882813 0.0384140014648438 0.00576019287109375
-0.0687103271484375 -0.06121826171875 0.0495414733886719 0.0196304321289062
-0.0830535888671875 -0.0516204833984375 0.0528984069824219 0.0419540405273438
-0.0576667785644531 -0.0670356750488281 0.0311737060546875 0.0724029541015625
-0.01568603515625 -0.0960235595703125 -0.006378173828125 0.0669441223144531
0.051513671875 -0.0881271362304688 -0.0503959655761719 0.0385932922363281
0.12481689453125 -0.0011138916015625 -0.0524978637695312 -0.00592803955078124
0.0945587158203125 0.0741653442382813 0.00269126892089844 -0.0266876220703125
0.0475387573242187 0.121269226074219 0.0262222290039063 0.0796432495117188
-0.0342025756835937 0.0601310729980469 0.107536315917969 0.121719360351562
-0.00794219970703125 0.0777587890625 0.0698165893554687 0.121101379394531
0.0564422607421875 0.0639533996582031 0.0501708984375 0.0924835205078125
0.065765380859375 0.00582504272460937 0.0698013305664063 0.0654487609863281
0.0443077087402344 -0.0435867309570313 0.0652694702148438 0.03399658203125
-0.00775527954101562 -0.0584297180175781 0.0554771423339844 0.0230178833007813
-0.0395889282226563 -0.0416603088378906 0.0628623962402344 0.0190925598144531
-0.045654296875 -0.0457649230957031 0.0716705322265625 0.0288848876953125
-0.059600830078125 -0.0422325134277344 0.0765151977539063 0.0534210205078125
-0.0400123596191406 -0.0550346374511719 0.04742431640625 0.0888824462890625
-0.00455474853515625 -0.07574462890625 -0.000503540039062498 0.0841827392578125
0.048553466796875 -0.06036376953125 -0.0477485656738281 0.0522804260253906
0.0938491821289063 0.0199356079101563 -0.0547142028808594 0.00162887573242187
0.0497817993164062 0.0765762329101563 0.0133419036865234 -0.0129585266113281
-0.00541687011718751 0.0863418579101562 0.0303726196289063 0.112640380859375
0.0499687194824219 -0.0283584594726563 -0.0504989624023437 -0.128044128417969
-0.00609970092773438 -0.0523338317871094 -0.0270462036132812 0.000326156616210938
-0.0447311401367188 -0.0225410461425781 0.0638198852539062 0.00238037109375
-0.0364494323730469 0.0241203308105469 0.0713653564453125 -0.068756103515625
-0.00734329223632813 0.0423736572265625 0.0150604248046875 -0.106422424316406
0.0234718322753906 0.0301609039306641 -0.0561981201171875 -0.108894348144531
0.0211105346679688 0.0179405212402344 -0.0990142822265625 -0.0612869262695313
0.0135669708251953 0.019927978515625 -0.091400146484375 -0.0356826782226562
0.0133152008056641 0.0212612152099609 -0.081695556640625 -0.0222625732421875
-0.00147438049316406 0.0187187194824219 -0.071533203125 -0.0336990356445313
-0.0193500518798828 0.00600624084472656 -0.071502685546875 -0.0406570434570312
-0.0264072418212891 -0.0240688323974609 -0.07159423828125 -0.06243896484375
0.0134162902832031 -0.0435752868652344 -0.0488433837890625 -0.0982894897460938
0.0551948547363281 -0.0319786071777344 -0.07965087890625 -0.116493225097656
0.0736312866210938 -0.00780487060546875 -0.113243103027344 -0.139297485351563
0.091583251953125 0.0310592651367187 -0.0319061279296875 -0.133140563964844
0.0459823608398438 -0.0204353332519531 -0.0222511291503906 -0.00184249877929687
0.0146083831787109 -0.0327396392822266 0.0755081176757812 0.0066986083984375
-0.00752735137939453 -0.0126552581787109 0.0872955322265625 -0.0688705444335938
-0.00700807571411133 -0.00196695327758789 0.0275802612304687 -0.115196228027344
-0.00186073780059814 0.00111484527587891 -0.0532989501953125 -0.115951538085938
-0.0136175155639648 -0.000265121459960938 -0.0998916625976563 -0.0637130737304688
-0.0190200805664063 -0.00457954406738281 -0.0886917114257813 -0.0358734130859375
-0.0198936462402344 -0.00229263305664062 -0.080718994140625 -0.020111083984375
-0.0155487060546875 -0.0131416320800781 -0.0715560913085938 -0.025604248046875
-0.00938034057617188 -0.0306301116943359 -0.0701179504394531 -0.0315208435058594
0.0107841491699219 -0.0497360229492188 -0.0768356323242187 -0.0547409057617188
0.0672569274902344 -0.0297508239746094 -0.0541534423828125 -0.0845947265625
0.0958099365234375 0.00676727294921875 -0.0818252563476563 -0.102119445800781
0.109344482421875 0.0554275512695313 -0.104118347167969 -0.12274169921875
0.115615844726563 0.0924072265625 -0.00177001953124998 -0.118408203125
0.091094970703125 0.0270767211914063 -0.00788354873657226 0.00601673126220703
0.0826339721679687 -0.0291290283203125 0.087310791015625 0.019683837890625
0.0350494384765625 -0.0471305847167969 0.104927062988281 -0.0594100952148438
0.00295639038085937 -0.0503158569335938 0.0468292236328125 -0.113052368164063
-0.0227184295654297 -0.0347385406494141 -0.039947509765625 -0.113800048828125
-0.04583740234375 -0.0219917297363281 -0.0871810913085938 -0.0603103637695312
-0.0503196716308594 -0.0298385620117187 -0.0725479125976563 -0.0303573608398438
-0.0530166625976562 -0.0225257873535156 -0.0675201416015625 -0.0107803344726563
-0.0355377197265625 -0.039642333984375 -0.0631446838378906 -0.00801849365234374
-0.0106735229492187 -0.0643882751464844 -0.0663719177246094 -0.0132637023925781
0.0321502685546875 -0.0794601440429688 -0.0822296142578125 -0.0366134643554688
0.111038208007813 -0.0324478149414063 -0.0615692138671875 -0.066497802734375
0.131111145019531 0.028594970703125 -0.0782852172851562 -0.082672119140625
0.136177062988281 0.102592468261719 -0.0846633911132813 -0.0891036987304688
0.11639404296875 0.14312744140625 0.0336837768554688 -0.0802230834960937
0.118362426757813 0.0805740356445313 0.0129241943359375 0.0271644592285156
0.144302368164063 -0.0081939697265625 0.0962905883789063 0.0391845703125
0.083251953125 -0.0681304931640625 0.118499755859375 -0.0356369018554688
0.0236587524414062 -0.0919342041015625 0.0675048828125 -0.0942764282226563
-0.0342864990234375 -0.0695343017578125 -0.0177459716796875 -0.0980148315429688
-0.0694236755371094 -0.0422821044921875 -0.0617332458496094 -0.0500831604003906
-0.075225830078125 -0.0499725341796875 -0.0461082458496094 -0.0202064514160156
-0.080474853515625 -0.0372543334960938 -0.0426025390625 0.00155258178710938
-0.0552787780761719 -0.0574493408203125 -0.0438957214355469 0.0138511657714844
-0.02001953125 -0.0897216796875 -0.0543327331542969 0.00957489013671874
0.0407638549804688 -0.104400634765625 -0.0805892944335938 -0.0146102905273438
0.138916015625 -0.04132080078125 -0.0646514892578125 -0.0468978881835938
0.152542114257813 0.0384674072265625 -0.0642967224121094 -0.0654792785644531
0.146163940429688 0.131072998046875 -0.0559272766113281 -0.0468826293945312
0.0943450927734375 0.168243408203125 0.0662460327148438 -0.0248603820800781
0.116531372070312 0.123275756835938 0.034820556640625 0.0565299987792969
0.17584228515625 0.0260009765625 0.0948410034179688 0.0629501342773438
0.119796752929688 -0.066009521484375 0.120384216308594 -0.0036773681640625
0.046356201171875 -0.113380432128906 0.0807342529296875 -0.0619583129882813
-0.0366439819335938 -0.093536376953125 0.00704193115234374 -0.0698928833007813
-0.080718994140625 -0.0575408935546875 -0.0284652709960938 -0.0325775146484375
-0.0885543823242188 -0.0637130737304688 -0.0141115188598633 -0.00698661804199219
-0.09759521484375 -0.0464859008789062 -0.0102558135986328 0.0157260894775391
-0.0684623718261719 -0.0671348571777344 -0.0178337097167969 0.0353240966796875
-0.0277328491210937 -0.104255676269531 -0.0372161865234375 0.0306587219238281
0.0429000854492188 -0.115081787109375 -0.0717391967773438 0.00717926025390624
0.1488037109375 -0.0415496826171875 -0.0624656677246094 -0.0300636291503906
0.153305053710938 0.046844482421875 -0.0421066284179688 -0.0521125793457031
0.134552001953125 0.141845703125 -0.0219326019287109 -0.00173187255859374
0.0579681396484375 0.161636352539063 0.0922012329101563 0.0372543334960938
0.0864944458007813 0.137680053710937 0.054168701171875 0.0878448486328125
0.165878295898438 0.056976318359375 0.0833816528320313 0.0825424194335938
0.128654479980469 -0.0459365844726563 0.108993530273438 0.0287857055664063
0.060516357421875 -0.107872009277344 0.0830764770507813 -0.0227432250976563
-0.03076171875 -0.099884033203125 0.030059814453125 -0.0337562561035156
-0.0781326293945312 -0.0631103515625 0.00791835784912109 -0.0136623382568359
-0.0869140625 -0.06634521484375 0.0200023651123047 0.00633811950683593
-0.0999755859375 -0.0502548217773438 0.0238056182861328 0.0285129547119141
-0.07073974609375 -0.070068359375 0.0103759765625 0.0549774169921875
-0.0272598266601562 -0.106117248535156 -0.019317626953125 0.0504188537597656
0.0452728271484375 -0.10980224609375 -0.0600204467773437 0.0259170532226562
0.144622802734375 -0.0291595458984375 -0.057769775390625 -0.015777587890625
0.134536743164063 0.0587387084960938 -0.0185813903808594 -0.0401611328125
0.101898193359375 0.138656616210938 0.00914382934570313 0.0406723022460938
0.0123672485351563 0.122596740722656 0.107398986816406 0.089019775390625
0.042266845703125 0.120399475097656 0.0662155151367188 0.111610412597656
0.121627807617188 0.0699691772460938 0.0680465698242188 0.0930938720703125
0.108222961425781 -0.0195999145507813 0.0906753540039062 0.053619384765625
0.058563232421875 -0.0829391479492188 0.0773391723632813 0.011016845703125
-0.0212860107421875 -0.0869903564453125 0.0471572875976563 -0.00114059448242188
-0.0651130676269531 -0.0561561584472656 0.0401992797851562 0.00441360473632812
-0.0735855102539062 -0.0599365234375 0.0509796142578125 0.0175132751464844
-0.0883407592773438 -0.0491180419921875 0.05560302734375 0.0401229858398438
-0.0612258911132813 -0.0652847290039063 0.0344085693359375 0.0724945068359375
-0.0196914672851563 -0.0971755981445313 -0.00518035888671875 0.0689353942871094
0.0486907958984375 -0.0918121337890625 -0.0508155822753906 0.0419654846191406
0.127799987792969 -0.00760650634765625 -0.0545082092285156 -0.0052642822265625
0.100563049316406 0.0722274780273438 0.000848770141601566 -0.0286655426025391
0.0537872314453125 0.121757507324219 0.0297622680664063 0.0801162719726563
-0.0328483581542969 0.0625839233398438 0.113136291503906 0.121292114257812
-0.00482940673828126 0.0797576904296875 0.0748825073242188 0.121017456054688
0.0601387023925781 0.0623092651367188 0.0538406372070313 0.0931549072265625
0.0674285888671875 0.00329971313476563 0.07421875 0.065826416015625
0.0433731079101563 -0.0469627380371094 0.06866455078125 0.0325851440429688
-0.01055908203125 -0.0593185424804688 0.0596084594726563 0.0218086242675781
-0.0426063537597656 -0.0406532287597656 0.0654983520507813 0.0169448852539063
-0.0502128601074219 -0.0440864562988281 0.0738601684570313 0.0254898071289062
-0.0638275146484375 -0.0399093627929688 0.0811767578125 0.049835205078125
-0.0430183410644531 -0.0542068481445313 0.0528106689453125 0.0885238647460938
-0.00777435302734374 -0.076507568359375 0.00197601318359376 0.0863800048828125
0.0475082397460937 -0.063385009765625 -0.0483283996582031 0.0557365417480469
0.0970230102539063 0.0157852172851563 -0.0562934875488281 0.0023040771484375
0.0545578002929687 0.0764236450195312 0.0126523971557617 -0.0155534744262695
-0.00225067138671875 0.0877532958984375 0.03515625 0.112396240234375
0.0493278503417969 -0.0299797058105469 -0.0548477172851562 -0.125633239746094
-0.00830841064453125 -0.0517387390136719 -0.0274829864501953 0.00268745422363281
-0.0462417602539063 -0.0204925537109375 0.0645675659179688 0.00121688842773437
-0.0354118347167969 0.0261878967285156 0.0705490112304688 -0.0707168579101563
-0.00479888916015625 0.0423202514648438 0.0118637084960937 -0.108100891113281
0.0245208740234375 0.0287704467773437 -0.0604095458984375 -0.107574462890625
0.0217170715332031 0.0167007446289063 -0.102699279785156 -0.0566482543945313
0.0150146484375 0.0193080902099609 -0.093170166015625 -0.0313720703125
0.0146007537841797 0.0205039978027344 -0.0829544067382812 -0.017730712890625
-0.000177383422851564 0.0175590515136719 -0.073883056640625 -0.0312271118164062
-0.0185699462890625 0.00629234313964844 -0.0745315551757813 -0.03851318359375
-0.0276107788085937 -0.0222930908203125 -0.0738677978515625 -0.0612335205078125
0.0123825073242187 -0.043914794921875 -0.0516586303710938 -0.0978851318359375
0.0546226501464844 -0.034637451171875 -0.0825347900390625 -0.114295959472656
0.072906494140625 -0.0105514526367187 -0.118255615234375 -0.135772705078125
0.0930099487304688 0.0270767211914063 -0.0370635986328125 -0.131782531738281
0.0451202392578125 -0.0219383239746094 -0.0223770141601562 0.000457763671875
0.0124111175537109 -0.033294677734375 0.0754318237304688 0.00551605224609375
-0.00746917724609375 -0.0122060775756836 0.085296630859375 -0.072357177734375
-0.00678682327270508 -0.00198078155517578 0.024749755859375 -0.117271423339844
-0.00120460987091064 0.000437021255493164 -0.0576019287109375 -0.115287780761719
-0.0138454437255859 -0.000398635864257815 -0.102851867675781 -0.0595016479492188
-0.0201930999755859 -0.00423622131347657 -0.0909042358398438 -0.0316314697265625
-0.0199699401855469 -0.00177955627441406 -0.0826568603515625 -0.0157852172851562
-0.0162639617919922 -0.0126552581787109 -0.0734710693359375 -0.0234756469726563
-0.010040283203125 -0.0308303833007812 -0.0725555419921875 -0.0302047729492188
0.00818252563476562 -0.0503463745117188 -0.0792694091796875 -0.0512161254882813
0.0665473937988281 -0.0322914123535156 -0.0564422607421875 -0.083709716796875
0.0966262817382813 0.0035858154296875 -0.0845718383789062 -0.0983352661132813
0.111785888671875 0.0513076782226562 -0.10791015625 -0.118682861328125
0.119857788085937 0.0880813598632813 -0.00662994384765625 -0.117195129394531
0.0926437377929687 0.0240631103515625 -0.00803661346435546 0.00818395614624024
0.0817413330078125 -0.0325393676757813 0.08807373046875 0.0173873901367187
0.0337028503417969 -0.0480690002441406 0.104133605957031 -0.062591552734375
0.00123214721679688 -0.0507240295410156 0.0440673828125 -0.115562438964844
-0.0238323211669922 -0.0341777801513672 -0.0441207885742187 -0.113372802734375
-0.0468788146972656 -0.0208358764648438 -0.0901947021484375 -0.0568008422851563
-0.0529670715332031 -0.0275497436523437 -0.0749588012695313 -0.0270843505859375
-0.0542144775390625 -0.0201835632324219 -0.0687789916992188 -0.00678634643554686
-0.0361824035644531 -0.038726806640625 -0.0637779235839844 -0.00553894042968751
-0.0125198364257813 -0.0645523071289063 -0.0679550170898438 -0.0111007690429687
0.0291976928710937 -0.0809707641601563 -0.0845870971679688 -0.0338363647460938
0.110801696777344 -0.0371322631835937 -0.0636711120605469 -0.0656509399414063
0.132728576660156 0.0239028930664063 -0.0807037353515625 -0.08056640625
0.140213012695313 0.0971527099609375 -0.0874557495117187 -0.0857467651367187
0.122360229492188 0.139114379882813 0.0302581787109375 -0.0797576904296875
0.122276306152344 0.0765762329101562 0.012786865234375 0.0285358428955078
0.144119262695313 -0.0142364501953125 0.0966033935546875 0.0372848510742188
0.08111572265625 -0.0709381103515625 0.118217468261719 -0.0403518676757813
0.0195541381835938 -0.0934066772460937 0.0651168823242188 -0.0983963012695313
-0.0374755859375 -0.0681686401367188 -0.020782470703125 -0.0981369018554688
-0.07073974609375 -0.0404434204101562 -0.064544677734375 -0.0474128723144531
-0.0785140991210938 -0.0469131469726563 -0.048248291015625 -0.0178337097167969
-0.082366943359375 -0.0339508056640625 -0.0429916381835938 0.0042266845703125
-0.0569114685058594 -0.0551414489746094 -0.0441741943359375 0.0160064697265625
-0.0228729248046875 -0.0899810791015625 -0.0554771423339844 0.0109634399414062
0.036468505859375 -0.105850219726563 -0.0824737548828125 -0.0104293823242187
0.138160705566406 -0.0472030639648438 -0.0674591064453125 -0.0461654663085937
0.154510498046875 0.0330657958984375 -0.0668411254882812 -0.0637931823730469
0.151947021484375 0.125640869140625 -0.0575180053710937 -0.0440826416015625
0.101699829101563 0.166030883789063 0.0650825500488281 -0.0253486633300781
0.121612548828125 0.119049072265625 0.0361061096191406 0.0580940246582031
0.1778564453125 0.0180816650390625 0.0958786010742188 0.060882568359375
0.117469787597656 -0.0706787109375 0.120330810546875 -0.0077362060546875
0.0419158935546875 -0.115493774414063 0.0798110961914063 -0.0654983520507813
-0.0398712158203125 -0.0922012329101563 0.00555419921874999 -0.0708847045898438
-0.0829849243164063 -0.0548171997070312 -0.0297641754150391 -0.0319480895996094
-0.0920944213867188 -0.0588607788085937 -0.0140218734741211 -0.00686264038085938
-0.100021362304688 -0.0429458618164063 -0.0101728439331055 0.0162267684936523
-0.0709228515625 -0.0645370483398438 -0.0165977478027344 0.0367012023925781
-0.0318679809570313 -0.103012084960938 -0.0372428894042969 0.0320053100585937
0.0385360717773437 -0.116668701171875 -0.07275390625 0.0109939575195313
0.147613525390625 -0.0486297607421875 -0.0636940002441406 -0.0287818908691406
0.156036376953125 0.041351318359375 -0.04437255859375 -0.0513572692871094
0.14068603515625 0.137069702148438 -0.0217914581298828 -0.00115966796874999
0.06365966796875 0.1602783203125 0.0919036865234375 0.0354232788085938
0.092681884765625 0.135490417480469 0.0556640625 0.088470458984375
0.168243408203125 0.049224853515625 0.0851058959960938 0.0811843872070313
0.127449035644531 -0.0502548217773438 0.110610961914063 0.0252304077148437
0.0557479858398438 -0.111412048339844 0.0833969116210937 -0.0259475708007813
-0.0345382690429687 -0.0991592407226563 0.0293693542480469 -0.03521728515625
-0.080718994140625 -0.0594329833984375 0.00822353363037109 -0.0135478973388672
-0.0913772583007812 -0.0625762939453125 0.0197525024414062 0.00456428527832031
-0.102584838867188 -0.04583740234375 0.0249996185302734 0.027435302734375
-0.0727996826171875 -0.0671005249023438 0.012054443359375 0.0544052124023438
-0.0321807861328125 -0.105552673339844 -0.0183906555175781 0.0511894226074219
0.0412368774414063 -0.112022399902344 -0.0612258911132813 0.0281944274902344
0.143310546875 -0.035614013671875 -0.0589599609375 -0.0146141052246094
0.137420654296875 0.0541229248046875 -0.0203666687011719 -0.0405235290527344
0.107780456542969 0.134490966796875 0.00997543334960938 0.0404548645019531
0.01715087890625 0.12347412109375 0.109786987304688 0.0863494873046875
0.0467681884765625 0.119705200195313 0.0686874389648438 0.110771179199219
0.124588012695313 0.0645370483398438 0.0698623657226563 0.0917587280273438
0.107879638671875 -0.0230484008789063 0.0924301147460938 0.0501251220703125
0.0543060302734375 -0.0858535766601563 0.078399658203125 0.00859832763671875
-0.0248641967773438 -0.0859375 0.0486297607421875 -0.00286865234375
-0.0673370361328125 -0.0535087585449219 0.0413932800292969 0.00284576416015625
-0.0774993896484375 -0.0562057495117188 0.0511245727539062 0.0143280029296875
-0.0903472900390625 -0.0439300537109375 0.0569648742675781 0.0370941162109375
-0.0642166137695313 -0.0627479553222656 0.0378646850585937 0.071533203125
-0.023345947265625 -0.0957565307617188 -0.0040740966796875 0.0688629150390625
0.0447845458984375 -0.0940704345703125 -0.051177978515625 0.0440101623535156
0.127708435058594 -0.0143356323242187 -0.0553779602050781 -0.00423431396484376
0.103424072265625 0.0677490234375 -0.000165939331054682 -0.0303382873535156
0.0582122802734375 0.119186401367187 0.0319595336914063 0.07843017578125
-0.0306320190429688 0.0644264221191406 0.11651611328125 0.117927551269531
-0.0018463134765625 0.0800018310546875 0.0777359008789063 0.119384765625
0.0630416870117188 0.0589714050292969 0.05712890625 0.0931167602539063
0.0681571960449219 0.000568389892578125 0.0770721435546875 0.06341552734375
0.0410881042480469 -0.0493545532226562 0.0710525512695313 0.0308685302734375
-0.0145034790039063 -0.05902099609375 0.0615997314453125 0.01971435546875
-0.0441932678222656 -0.0381965637207031 0.0666770935058594 0.0143051147460937
-0.0530052185058594 -0.0421142578125 0.07513427734375 0.0210647583007813
-0.0654106140136719 -0.0369186401367187 0.0830764770507812 0.0457611083984375
-0.0454063415527344 -0.0521049499511719 0.0568466186523438 0.0864486694335938
-0.0108261108398438 -0.0759124755859375 0.0040740966796875 0.0868148803710938
0.0449790954589844 -0.0654716491699219 -0.0475845336914063 0.0574951171875
0.0982894897460938 0.0107803344726563 -0.056549072265625 0.00289154052734376
0.0574111938476562 0.0739059448242188 0.0110616683959961 -0.0174360275268555
0.000526428222656248 0.0882797241210938 0.0387725830078125 0.111396789550781
0.0479049682617188 -0.0309028625488281 -0.0569839477539063 -0.123245239257812
-0.0102806091308594 -0.0516586303710937 -0.026641845703125 0.00421142578124999
-0.0467987060546875 -0.0192375183105469 0.0646743774414063 0.000553131103515624
-0.0336704254150391 0.0264129638671875 0.0697097778320313 -0.0714569091796875
-0.0030517578125 0.0422630310058594 0.0107803344726562 -0.10845947265625
0.0246925354003906 0.0273895263671875 -0.0628585815429688 -0.105758666992188
0.0221042633056641 0.0152339935302734 -0.103843688964844 -0.0544815063476562
0.0150699615478516 0.0186119079589844 -0.0936813354492188 -0.0277633666992187
0.0147380828857422 0.0185832977294922 -0.082916259765625 -0.0155029296875
-0.00033855438232422 0.0169687271118164 -0.075439453125 -0.0305938720703125
-0.0180606842041016 0.00648117065429687 -0.076141357421875 -0.0372772216796875
-0.02880859375 -0.0214805603027344 -0.0738677978515625 -0.0593490600585937
0.0115928649902344 -0.0435409545898437 -0.0512466430664062 -0.0966262817382813
0.0528106689453125 -0.0358619689941406 -0.0826263427734375 -0.111869812011719
0.0719985961914062 -0.0115585327148438 -0.117813110351562 -0.132316589355469
0.0920944213867188 0.026123046875 -0.0390625 -0.128707885742187
0.043792724609375 -0.0226287841796875 -0.0218162536621094 0.00306510925292968
0.012420654296875 -0.0330257415771484 0.0751876831054687 0.005767822265625
-0.00629043579101563 -0.0113611221313477 0.0843429565429687 -0.0724411010742188
-0.00587320327758789 -0.00115585327148438 0.0227127075195313 -0.11785888671875
-0.00147378444671631 -2.59876251220703E-05 -0.0597915649414063 -0.113540649414062
-0.0139274597167969 -0.000320434570312501 -0.103988647460938 -0.0567550659179687
-0.0200386047363281 -0.00397491455078125 -0.0912017822265625 -0.02862548828125
-0.0196743011474609 -0.00161361694335937 -0.082794189453125 -0.01300048828125
-0.0161838531494141 -0.0138969421386719 -0.075042724609375 -0.0212860107421875
-0.0098419189453125 -0.0311508178710937 -0.07421875 -0.0283966064453125
0.007354736328125 -0.0493087768554688 -0.0799560546875 -0.0501022338867188
0.0662460327148438 -0.0338668823242188 -0.0570602416992188 -0.08319091796875
0.0959701538085938 0.0009307861328125 -0.0851516723632813 -0.0968780517578125
0.111686706542969 0.0494461059570313 -0.108070373535156 -0.115943908691406
0.120796203613281 0.085540771484375 -0.00868225097656249 -0.114944458007813
0.0924148559570313 0.021636962890625 -0.00824642181396484 0.0110263824462891
0.0805892944335938 -0.0342178344726563 0.0875015258789063 0.0178680419921875
0.0328598022460938 -0.0481414794921875 0.102706909179688 -0.0635223388671875
0.000484466552734375 -0.0506973266601563 0.0426254272460937 -0.117050170898438
-0.0237083435058594 -0.0333137512207031 -0.0459976196289063 -0.112586975097656
-0.0466995239257813 -0.0200080871582031 -0.0906906127929688 -0.0544204711914063
-0.0537338256835938 -0.0258102416992188 -0.075531005859375 -0.02459716796875
-0.0539207458496094 -0.0193710327148438 -0.0689353942871094 -0.00474166870117187
-0.0362358093261719 -0.038360595703125 -0.0640296936035156 -0.0037841796875
-0.0135688781738281 -0.0644454956054688 -0.0691947937011719 -0.0100440979003906
0.0274429321289063 -0.08062744140625 -0.0850906372070313 -0.0316390991210938
0.109092712402344 -0.0389785766601563 -0.0636863708496094 -0.065673828125
0.1319580078125 0.0212554931640625 -0.0810546875 -0.078338623046875
0.140838623046875 0.0937042236328125 -0.0877532958984375 -0.0829544067382812
0.124107360839844 0.136329650878906 0.0282745361328125 -0.0787429809570312
0.121971130371094 0.0731277465820312 0.0126419067382813 0.0300884246826172
0.142578125 -0.0176239013671875 0.0963592529296875 0.0369873046875
0.0796737670898438 -0.0716934204101562 0.117057800292969 -0.0420684814453125
0.0177459716796875 -0.0929718017578125 0.0637741088867188 -0.0990676879882813
-0.0377006530761719 -0.0670967102050781 -0.022613525390625 -0.0981826782226563
-0.0714187622070313 -0.03851318359375 -0.0642242431640625 -0.0451927185058594
-0.0793609619140625 -0.044281005859375 -0.048583984375 -0.0163764953613281
-0.0824813842773438 -0.0320816040039062 -0.0436515808105469 0.00598526000976562
-0.0570449829101563 -0.0547561645507813 -0.0433769226074219 0.0166702270507813
-0.0238113403320312 -0.088104248046875 -0.0568923950195313 0.0125656127929688
0.034820556640625 -0.105178833007812 -0.0831146240234375 -0.00799560546875002
0.135910034179688 -0.05059814453125 -0.0679054260253906 -0.0461463928222656
0.153854370117188 0.0298309326171875 -0.0677223205566406 -0.0630378723144531
0.153228759765625 0.121139526367188 -0.0573005676269531 -0.0427322387695313
0.103790283203125 0.163543701171875 0.0630989074707031 -0.0249481201171875
0.12353515625 0.115432739257813 0.0359611511230469 0.0587654113769531
0.176345825195313 0.013702392578125 0.0958709716796875 0.060211181640625
0.116004943847656 -0.0721817016601563 0.119842529296875 -0.00908660888671875
0.0386734008789063 -0.115234375 0.078826904296875 -0.066925048828125
-0.041748046875 -0.09124755859375 0.00429534912109374 -0.0704269409179688
-0.083221435546875 -0.0533065795898438 -0.0294551849365234 -0.0307540893554688
-0.0934982299804688 -0.056396484375 -0.0150737762451172 -0.00624465942382813
-0.100379943847656 -0.0391159057617188 -0.0103120803833008 0.0169057846069336
-0.0711212158203125 -0.061920166015625 -0.0160980224609375 0.0358924865722656
-0.0327529907226562 -0.101860046386719 -0.0382080078125 0.0331840515136719
0.0358505249023438 -0.116355895996094 -0.0740127563476563 0.0130157470703125
0.146072387695313 -0.0520172119140625 -0.0641403198242187 -0.0286178588867187
0.155471801757813 0.03814697265625 -0.0446929931640625 -0.0511131286621094
0.142440795898438 0.132827758789063 -0.0217571258544922 -0.000391006469726558
0.066802978515625 0.1580810546875 0.0914993286132813 0.0340576171875
0.0946273803710938 0.132026672363281 0.055419921875 0.0885543823242188
0.167770385742188 0.04486083984375 0.0850601196289063 0.0801010131835938
0.126014709472656 -0.05224609375 0.109474182128906 0.0240402221679687
0.0530624389648437 -0.111785888671875 0.0832061767578125 -0.0274810791015625
-0.0362930297851563 -0.0973892211914063 0.0301742553710937 -0.035858154296875
-0.0810317993164063 -0.05718994140625 0.00807094573974609 -0.0135173797607422
-0.092926025390625 -0.059600830078125 0.0189857482910156 0.00398445129394531
-0.102729797363281 -0.0417327880859375 0.0245037078857422 0.0265331268310547
-0.0728607177734375 -0.0644454956054688 0.0134811401367187 0.0539169311523437
-0.0335159301757813 -0.103042602539063 -0.0192375183105469 0.0517234802246094
0.0380935668945313 -0.111747741699219 -0.0613288879394531 0.0303726196289062
0.1417236328125 -0.04010009765625 -0.0594711303710938 -0.0151596069335938
0.137680053710938 0.0507049560546875 -0.0219497680664063 -0.0415725708007813
0.109329223632813 0.13055419921875 0.0105056762695313 0.0394859313964844
0.019073486328125 0.122581481933594 0.109138488769531 0.0844955444335938
0.049072265625 0.117576599121094 0.0686111450195312 0.109527587890625
0.125503540039063 0.0604171752929688 0.0702056884765625 0.091583251953125
0.107162475585938 -0.0252914428710938 0.0923690795898438 0.0491180419921875
0.0525131225585938 -0.0865402221679688 0.07916259765625 0.00756072998046874
-0.026519775390625 -0.0848388671875 0.0496444702148438 -0.00369262695312501
-0.0675163269042969 -0.0513916015625 0.0417556762695313 0.0013885498046875
-0.0796356201171875 -0.0535812377929687 0.0503196716308594 0.0125694274902344
-0.0908126831054688 -0.040924072265625 0.0574226379394531 0.0353202819824219
-0.0640220642089844 -0.0610580444335937 0.0395698547363281 0.0694923400878906
-0.0246810913085938 -0.0937881469726563 -0.00364303588867188 0.0694580078125
0.0431060791015625 -0.0933685302734375 -0.05072021484375 0.0453681945800781
0.126121520996094 -0.0175857543945313 -0.0552406311035156 -0.00455093383789062
0.104629516601563 0.0650177001953125 -0.00181198120117187 -0.0310096740722656
0.0597000122070312 0.11688232421875 0.0327835083007812 0.077301025390625
-0.02886962890625 0.0648384094238281 0.116561889648438 0.116073608398438
0.000335693359375003 0.0798110961914063 0.0775527954101563 0.118217468261719
0.0645904541015625 0.0563430786132813 0.0566024780273438 0.0925140380859375
0.0680770874023438 -0.00123214721679688 0.077392578125 0.0627288818359375
0.0395736694335938 -0.0503883361816406 0.0720367431640625 0.0296173095703125
-0.0156059265136719 -0.0583076477050781 0.0630149841308594 0.0180282592773437
-0.0438919067382812 -0.0365104675292969 0.0676460266113281 0.0118293762207031
-0.0536346435546875 -0.0393142700195312 0.0746078491210937 0.0191116333007812
-0.0665550231933594 -0.0337905883789063 0.0834121704101563 0.0432510375976563
-0.0461273193359375 -0.05010986328125 0.0585479736328125 0.0846710205078125
-0.0124359130859375 -0.0747909545898438 0.00446319580078126 0.0869979858398438
0.0432205200195313 -0.0651817321777344 -0.0477256774902344 0.0579147338867187
0.0975112915039063 0.00768280029296875 -0.05755615234375 0.00294876098632812
0.05926513671875 0.0712738037109375 0.00960731506347657 -0.0188617706298828
0.00199890136718749 0.0871353149414063 0.039581298828125 0.109153747558594
0.0489997863769531 -0.0306625366210938 -0.056549072265625 -0.122901916503906
-0.0104560852050781 -0.0511512756347656 -0.0264472961425781 0.00541496276855469
-0.046905517578125 -0.018890380859375 0.065460205078125 0.00239944458007812
-0.0330333709716797 0.0264663696289063 0.0701751708984375 -0.0712966918945313
-0.00280380249023437 0.0420989990234375 0.0108184814453125 -0.109100341796875
0.0248508453369141 0.0263805389404297 -0.0634994506835938 -0.107040405273437
0.0214710235595703 0.0148239135742188 -0.104598999023438 -0.0532608032226563
0.0145015716552734 0.0187911987304688 -0.094573974609375 -0.026519775390625
0.0142765045166016 0.0185794830322266 -0.0837783813476563 -0.0142745971679687
-8.77380371093743E-05 0.0158500671386719 -0.0771102905273438 -0.0296783447265625
-0.0182209014892578 0.00617218017578125 -0.0772857666015625 -0.037841796875
-0.0282764434814453 -0.0204734802246094 -0.0747146606445313 -0.0604095458984375
0.0117340087890625 -0.0440711975097656 -0.0502700805664062 -0.0983047485351563
0.0524024963378906 -0.0365715026855469 -0.0814285278320313 -0.112442016601562
0.0711898803710938 -0.0120468139648438 -0.115798950195313 -0.132682800292969
0.0935287475585938 0.0257492065429687 -0.0382232666015625 -0.128280639648438
0.0441856384277344 -0.0225296020507813 -0.0216884613037109 0.00453758239746094
0.0120964050292969 -0.0333824157714844 0.0758895874023438 0.006195068359375
-0.00587654113769531 -0.0115022659301758 0.0853958129882813 -0.0729293823242188
-0.00583696365356445 -0.00205707550048828 0.0239105224609375 -0.119293212890625
-0.000977098941802978 -0.000878393650054932 -0.0602798461914063 -0.114860534667969
-0.014225959777832 -0.000783920288085937 -0.105072021484375 -0.0557937622070312
-0.0204887390136719 -0.00370025634765625 -0.0920181274414062 -0.0268020629882813
-0.0200862884521484 -0.00234603881835937 -0.083251953125 -0.0121231079101562
-0.0156116485595703 -0.014678955078125 -0.0759735107421875 -0.0219879150390625
-0.01043701171875 -0.0314731597900391 -0.0761871337890625 -0.0291748046875
0.00719070434570312 -0.0487442016601562 -0.0804672241210937 -0.050506591796875
0.0668792724609375 -0.0337066650390625 -0.0553054809570312 -0.0853271484375
0.0953216552734375 0.00177001953125 -0.0842514038085938 -0.0970611572265625
0.110794067382812 0.0492477416992188 -0.106819152832031 -0.115966796875
0.121116638183594 0.0854339599609375 -0.00836181640624999 -0.113983154296875
0.0928497314453125 0.0219268798828125 -0.00810718536376952 0.0133190155029297
0.0798797607421875 -0.034820556640625 0.088226318359375 0.0187835693359375
0.0336494445800781 -0.0476722717285156 0.103736877441406 -0.0636749267578125
0.000415802001953125 -0.0502891540527344 0.0432815551757813 -0.118263244628906
-0.0235004425048828 -0.0339698791503906 -0.0463485717773437 -0.11334228515625
-0.0468597412109375 -0.02008056640625 -0.0908660888671875 -0.0539321899414062
-0.0548286437988281 -0.0253753662109375 -0.0764617919921875 -0.0232925415039062
-0.054595947265625 -0.0193214416503906 -0.0696067810058594 -0.00363540649414061
-0.0359077453613281 -0.0388374328613281 -0.0654678344726563 -0.00400924682617187
-0.0135765075683594 -0.0648918151855469 -0.070953369140625 -0.00999450683593751
0.0279769897460938 -0.0805435180664063 -0.0863494873046875 -0.030975341796875
0.110176086425781 -0.0400314331054688 -0.0638236999511719 -0.0676383972167969
0.132461547851563 0.0215301513671875 -0.0808944702148438 -0.079437255859375
0.141082763671875 0.093994140625 -0.0866622924804687 -0.083587646484375
0.12554931640625 0.136810302734375 0.0280303955078125 -0.077301025390625
0.123329162597656 0.073089599609375 0.0126438140869141 0.0327186584472656
0.142684936523438 -0.018768310546875 0.0956268310546875 0.03924560546875
0.0801239013671875 -0.070831298828125 0.117668151855469 -0.0411453247070313
0.0178070068359375 -0.0935821533203125 0.0651092529296875 -0.100723266601563
-0.03802490234375 -0.0675773620605469 -0.0223312377929687 -0.0986480712890625
-0.0714340209960938 -0.0390090942382813 -0.0641365051269531 -0.0448760986328125
-0.080902099609375 -0.043914794921875 -0.0493049621582031 -0.0159072875976562
-0.0827255249023438 -0.0316085815429688 -0.0439720153808594 0.00674819946289062
-0.0569076538085937 -0.0541801452636719 -0.0449104309082031 0.0168075561523438
-0.0239791870117188 -0.0890426635742188 -0.0580406188964844 0.0124168395996094
0.0340499877929688 -0.106132507324219 -0.0848464965820313 -0.00772857666015627
0.136604309082031 -0.0515060424804688 -0.0674476623535156 -0.0477409362792969
0.154083251953125 0.0301666259765625 -0.0668220520019531 -0.0637397766113281
0.153778076171875 0.121322631835938 -0.0570755004882813 -0.0429916381835937
0.1046142578125 0.164321899414063 0.0634078979492188 -0.0232200622558594
0.123703002929688 0.115951538085938 0.0351333618164063 0.0613479614257813
0.17681884765625 0.0123443603515625 0.0947189331054688 0.0623397827148438
0.116561889648438 -0.0716171264648438 0.120536804199219 -0.0085601806640625
0.0387039184570313 -0.116035461425781 0.0806427001953125 -0.0676040649414063
-0.0413665771484375 -0.091522216796875 0.00523376464843751 -0.07159423828125
-0.0832061767578125 -0.0529708862304687 -0.0288429260253906 -0.0306148529052734
-0.095245361328125 -0.0552749633789062 -0.0153894424438477 -0.00615787506103516
-0.100906372070313 -0.0381317138671875 -0.0110254287719727 0.0170783996582031
-0.0703582763671875 -0.06231689453125 -0.0164146423339844 0.0372352600097656
-0.0327987670898438 -0.101295471191406 -0.0398483276367187 0.033477783203125
0.035797119140625 -0.1160888671875 -0.0753860473632813 0.0138626098632812
0.145675659179688 -0.0539093017578125 -0.064849853515625 -0.0299568176269531
0.156112670898438 0.0378875732421875 -0.0452690124511719 -0.0518302917480469
0.142852783203125 0.13299560546875 -0.0217742919921875 -0.000698089599609369
0.0670166015625 0.160140991210938 0.0912017822265625 0.0367050170898438
0.0952911376953125 0.132736206054688 0.0546493530273438 0.0901718139648438
0.16888427734375 0.0439300537109375 0.0839004516601563 0.0824661254882813
0.126296997070312 -0.05230712890625 0.109840393066406 0.0250091552734375
0.0522994995117188 -0.112373352050781 0.08538818359375 -0.0279006958007813
-0.0364761352539063 -0.0973281860351563 0.0306167602539062 -0.0364112854003906
-0.0804595947265625 -0.0567398071289062 0.00896549224853515 -0.014317512512207
-0.0941619873046875 -0.0580978393554687 0.0190620422363281 0.00375175476074218
-0.103446960449219 -0.0408554077148438 0.0238208770751953 0.0265407562255859
-0.0727081298828125 -0.0639572143554688 0.0139198303222656 0.0537261962890625
-0.0335693359375 -0.102333068847656 -0.0201072692871094 0.0525054931640625
0.0390777587890625 -0.111930847167969 -0.0627593994140625 0.0315437316894531
0.141677856445313 -0.0410003662109375 -0.0598602294921875 -0.0164299011230469
0.138587951660156 0.0512313842773437 -0.0222053527832031 -0.0426597595214844
0.11016845703125 0.130905151367188 0.0102996826171875 0.03936767578125
0.0202178955078125 0.123344421386719 0.108787536621094 0.0864105224609375
0.04888916015625 0.118034362792969 0.0677642822265625 0.111175537109375
0.125503540039063 0.0593109130859375 0.0685195922851563 0.0932235717773438
0.107147216796875 -0.025115966796875 0.092529296875 0.0506591796875
0.0522994995117188 -0.087005615234375 0.0803909301757812 0.00786590576171874
-0.0270004272460937 -0.084930419921875 0.05120849609375 -0.00372695922851563
-0.0672492980957031 -0.0511474609375 0.0428962707519531 0.001007080078125
-0.08026123046875 -0.0528488159179688 0.0504493713378906 0.0117416381835937
-0.0916748046875 -0.0391845703125 0.0570030212402344 0.0350303649902344
-0.0641708374023437 -0.0606346130371094 0.0400733947753906 0.0692176818847656
-0.0255889892578125 -0.093963623046875 -0.00497817993164063 0.0700111389160156
0.0425643920898438 -0.094207763671875 -0.0526313781738281 0.0457000732421875
0.126564025878906 -0.0182876586914063 -0.055908203125 -0.0058746337890625
0.104835510253906 0.0647506713867188 -0.00310325622558593 -0.0324592590332031
0.0603256225585938 0.117057800292969 0.0321731567382813 0.077545166015625
-0.0286788940429688 0.0658149719238281 0.115730285644531 0.117462158203125
-9.91821289062565E-05 0.0790863037109375 0.0763320922851563 0.118858337402344
0.0647201538085938 0.0556068420410156 0.055877685546875 0.09423828125
0.0682525634765625 -0.00175094604492188 0.07696533203125 0.0641098022460938
0.0390205383300781 -0.0506439208984375 0.0735702514648438 0.0309066772460937
-0.0155525207519531 -0.0581512451171875 0.0649909973144531 0.0183029174804687
-0.0441055297851563 -0.0364151000976563 0.06890869140625 0.0110893249511719
-0.0543098449707031 -0.0385971069335938 0.074462890625 0.0178756713867187
-0.0662269592285156 -0.0329399108886719 0.0836944580078125 0.0423812866210938
-0.0462265014648437 -0.0499114990234375 0.0591964721679688 0.0838775634765625
-0.0122222900390625 -0.0747299194335938 0.00376129150390625 0.087738037109375
0.0426483154296875 -0.0651626586914063 -0.0487327575683594 0.0587539672851563
0.0978469848632813 0.00670623779296875 -0.057525634765625 0.00181198120117186
0.0597991943359375 0.071502685546875 0.00859832763671875 -0.0203037261962891
0.00200653076171876 0.0872955322265625 0.0390701293945313 0.10968017578125
0.0508460998535156 -0.0315322875976563 -0.0567550659179688 -0.126052856445313
-0.0113601684570313 -0.0519638061523437 -0.0266914367675781 0.00654411315917968
-0.0485305786132813 -0.0187568664550781 0.0679702758789063 0.00341033935546875
-0.0333747863769531 0.0265884399414063 0.07342529296875 -0.072845458984375
-0.00227737426757812 0.0435867309570313 0.0124740600585937 -0.11334228515625
0.0251846313476563 0.0264453887939453 -0.0647506713867187 -0.110755920410156
0.0213890075683594 0.0149612426757812 -0.107620239257813 -0.0543289184570312
0.0151042938232422 0.0192375183105469 -0.0971603393554688 -0.025634765625
0.0143909454345703 0.0183677673339844 -0.08538818359375 -0.01495361328125
-5.72204589843751E-05 0.0154752731323242 -0.0796661376953125 -0.03131103515625
-0.0185089111328125 0.00636482238769531 -0.0805435180664063 -0.0389175415039063
-0.0289764404296875 -0.0205307006835938 -0.0761032104492187 -0.0629501342773438
0.011962890625 -0.0448837280273438 -0.0493316650390625 -0.10211181640625
0.0533027648925781 -0.0372200012207031 -0.0811767578125 -0.115318298339844
0.0731353759765625 -0.0116348266601563 -0.116630554199219 -0.137123107910156
0.0954971313476563 0.02667236328125 -0.0379791259765625 -0.130729675292969
0.0448074340820312 -0.0227127075195312 -0.0226192474365234 0.00572395324707032
0.0122852325439453 -0.0342426300048828 0.0783462524414062 0.00861358642578125
-0.00606155395507813 -0.0120620727539062 0.0887985229492188 -0.0739822387695313
-0.00589418411254883 -0.00130128860473633 0.0254364013671875 -0.123153686523437
-0.000603318214416504 -0.00118207931518555 -0.0622406005859375 -0.118499755859375
-0.0143938064575195 -0.00109195709228516 -0.107452392578125 -0.0567092895507813
-0.0215549468994141 -0.00339889526367188 -0.0950241088867187 -0.0262603759765625
-0.0203533172607422 -0.00285911560058594 -0.0852127075195312 -0.0116500854492188
-0.0158414840698242 -0.0161027908325195 -0.0790023803710938 -0.0226669311523437
-0.00958824157714844 -0.0324516296386719 -0.0793685913085938 -0.030364990234375
0.00804519653320313 -0.0497169494628906 -0.0822830200195313 -0.0525131225585938
0.0687294006347656 -0.035064697265625 -0.0555877685546875 -0.0888442993164063
0.0974349975585938 0.00171661376953125 -0.08465576171875 -0.1002197265625
0.113067626953125 0.0511245727539063 -0.106979370117188 -0.1201171875
0.12408447265625 0.0883407592773438 -0.00769805908203126 -0.115470886230469
0.0945281982421875 0.02301025390625 -0.00794982910156249 0.0152111053466797
0.0819625854492187 -0.03570556640625 0.0903167724609375 0.021453857421875
0.0354537963867188 -0.04888916015625 0.107345581054688 -0.0638656616210938
0.000907897949218745 -0.0513648986816406 0.0458602905273438 -0.12237548828125
-0.02362060546875 -0.0352058410644531 -0.047454833984375 -0.117233276367187
-0.0479927062988281 -0.0208854675292969 -0.0931320190429687 -0.054534912109375
-0.0565681457519531 -0.0257186889648437 -0.0785140991210938 -0.0229339599609375
-0.0560073852539063 -0.0198745727539063 -0.0714874267578125 -0.00308990478515625
-0.0363960266113281 -0.0406570434570313 -0.0680580139160156 -0.0037689208984375
-0.0127029418945312 -0.0672225952148437 -0.0742721557617187 -0.0107269287109375
0.0292816162109375 -0.0820465087890625 -0.0892333984375 -0.03240966796875
0.113021850585938 -0.0413970947265625 -0.0644149780273438 -0.0713424682617187
0.134780883789063 0.022491455078125 -0.0816802978515625 -0.0817031860351563
0.143829345703125 0.097259521484375 -0.0877761840820312 -0.0862655639648438
0.128158569335938 0.141067504882813 0.02972412109375 -0.0774078369140625
0.1256103515625 0.0760421752929688 0.0125579833984375 0.0358238220214844
0.146316528320313 -0.0195770263671875 0.0976638793945313 0.042724609375
0.0827789306640625 -0.072235107421875 0.121002197265625 -0.0410919189453125
0.017852783203125 -0.0957794189453125 0.0684356689453125 -0.103553771972656
-0.0377655029296875 -0.0698165893554688 -0.0228729248046875 -0.102012634277344
-0.07281494140625 -0.0398483276367188 -0.06524658203125 -0.0464057922363281
-0.0834732055664062 -0.0441436767578125 -0.0510215759277344 -0.0157737731933594
-0.08538818359375 -0.0321731567382813 -0.0457801818847656 0.007598876953125
-0.0572853088378906 -0.056427001953125 -0.0460777282714844 0.0174522399902344
-0.0240478515625 -0.0917282104492188 -0.0610923767089844 0.0130691528320312
0.0358734130859375 -0.107818603515625 -0.0872116088867188 -0.00791168212890626
0.140251159667969 -0.0529708862304688 -0.0693855285644531 -0.0509910583496094
0.157867431640625 0.031402587890625 -0.0681610107421875 -0.066070556640625
0.156600952148438 0.125167846679688 -0.0570755004882812 -0.0444793701171875
0.107467651367187 0.16888427734375 0.0644760131835938 -0.0215072631835937
0.126800537109375 0.119010925292969 0.0357475280761719 0.0649375915527344
0.18096923828125 0.01226806640625 0.0960845947265625 0.0665740966796875
0.120079040527344 -0.073028564453125 0.123481750488281 -0.00670623779296875
0.0400543212890625 -0.119781494140625 0.0840835571289063 -0.0691680908203125
-0.0413055419921875 -0.0936813354492188 0.00631713867187499 -0.07330322265625
-0.0852584838867188 -0.0539703369140625 -0.0291709899902344 -0.0316257476806641
-0.097747802734375 -0.0559463500976563 -0.0164165496826172 -0.00595378875732422
-0.103004455566406 -0.03875732421875 -0.0117282867431641 0.0186805725097656
-0.0709152221679687 -0.0641937255859375 -0.0167922973632813 0.0373306274414062
-0.0333633422851563 -0.10418701171875 -0.0421714782714844 0.0350265502929687
0.0372238159179688 -0.119850158691406 -0.0782089233398438 0.0153274536132813
0.149200439453125 -0.0553436279296875 -0.0671730041503906 -0.0331268310546875
0.159866333007813 0.039794921875 -0.0468902587890625 -0.0539665222167969
0.146087646484375 0.136871337890625 -0.0216293334960937 -0.00127029418945312
0.068389892578125 0.1639404296875 0.0924072265625 0.0392532348632813
0.0963363647460938 0.135787963867188 0.0543975830078125 0.094451904296875
0.172286987304688 0.0439453125 0.084991455078125 0.086029052734375
0.130119323730469 -0.0519866943359375 0.112373352050781 0.0273818969726562
0.05438232421875 -0.114959716796875 0.0881881713867188 -0.0283737182617188
-0.0365676879882813 -0.0995941162109375 0.0332374572753906 -0.0372657775878906
-0.0830764770507812 -0.0587844848632813 0.00975990295410156 -0.0143394470214844
-0.09716796875 -0.059112548828125 0.0189781188964844 0.00421333312988281
-0.106178283691406 -0.0414199829101563 0.0241413116455078 0.0278396606445312
-0.0741348266601563 -0.0663299560546875 0.013427734375 0.0543937683105469
-0.0337448120117188 -0.10516357421875 -0.0224609375 0.0548019409179687
0.040008544921875 -0.114646911621094 -0.0654067993164063 0.03314208984375
0.144927978515625 -0.0428314208984375 -0.0622138977050781 -0.0189208984375
0.14117431640625 0.0530853271484375 -0.0235710144042969 -0.0454254150390625
0.111656188964844 0.135383605957031 0.0107154846191406 0.0409965515136719
0.0206222534179687 0.127235412597656 0.110427856445312 0.0906753540039063
0.0494461059570313 0.121253967285156 0.0667877197265625 0.115684509277344
0.128059387207031 0.0609664916992187 0.0688095092773438 0.0971832275390625
0.110916137695312 -0.025115966796875 0.0943527221679688 0.0535812377929688
0.053924560546875 -0.0894012451171875 0.0835800170898438 0.00819396972656249
-0.0271759033203125 -0.0868988037109375 0.0538368225097656 -0.00395202636718751
-0.0680313110351562 -0.0522651672363281 0.0446243286132812 0.000938415527343747
-0.0826339721679687 -0.052764892578125 0.0512619018554687 0.0123100280761719
-0.0937118530273438 -0.0389404296875 0.0581398010253906 0.036285400390625
-0.0653610229492187 -0.0616416931152344 0.0406646728515625 0.0710296630859375
-0.0260543823242188 -0.096099853515625 -0.00667572021484375 0.0727386474609375
0.0439376831054688 -0.0949478149414063 -0.0547065734863281 0.0479812622070312
0.129226684570313 -0.0191116333007813 -0.0582542419433594 -0.00756072998046875
0.107200622558594 0.0670013427734375 -0.00370216369628906 -0.0344581604003906
0.0614776611328125 0.120628356933594 0.0325698852539063 0.0798721313476563
-0.029449462890625 0.0671234130859375 0.116050720214844 0.121810913085937
-0.000717163085937507 0.0811843872070313 0.0757369995117188 0.123039245605469
0.0655784606933594 0.0562400817871094 0.0556793212890625 0.0977325439453125
0.0702781677246094 -0.00118255615234375 0.0785751342773438 0.067413330078125
0.039886474609375 -0.051727294921875 0.076141357421875 0.0318984985351563
-0.0161170959472656 -0.0595474243164063 0.067840576171875 0.01873779296875
-0.0441780090332031 -0.036865234375 0.07110595703125 0.0113372802734375
-0.0558738708496094 -0.0386390686035156 0.07568359375 0.01788330078125
-0.0676651000976563 -0.0329132080078125 0.0850677490234375 0.042938232421875
-0.0468215942382812 -0.0508956909179688 0.0598526000976563 0.0856704711914063
-0.0129852294921875 -0.0767440795898438 0.00257110595703125 0.0902862548828125
0.0438041687011719 -0.0662498474121094 -0.0512123107910156 0.0597419738769531
0.09967041015625 0.00621795654296875 -0.0598297119140625 -0.000476837158203119
0.0610885620117188 0.0730514526367188 0.00769996643066407 -0.0220241546630859
0.00176239013671875 0.0898666381835938 0.0386734008789063 0.112602233886719
0.0518341064453125 -0.0340347290039063 -0.0612869262695313 -0.130416870117188
-0.0126571655273437 -0.054046630859375 -0.0276679992675781 0.00808143615722656
-0.0505523681640625 -0.0186805725097656 0.0718612670898437 0.0040740966796875
-0.0341281890869141 0.0279083251953125 0.0767135620117188 -0.0766525268554688
-0.00111770629882813 0.0452232360839844 0.0120162963867187 -0.119216918945313
0.0269050598144531 0.0272808074951172 -0.0698623657226563 -0.115066528320313
0.0219135284423828 0.0146312713623047 -0.112831115722656 -0.0545501708984375
0.0163326263427734 0.0195808410644531 -0.101722717285156 -0.0241928100585938
0.0150623321533203 0.0182056427001953 -0.0892105102539063 -0.0137557983398438
-9.25064086914072E-05 0.0157413482666016 -0.0853958129882813 -0.03179931640625
-0.0193729400634766 0.00630950927734375 -0.0855560302734375 -0.03985595703125
-0.0293235778808594 -0.0198402404785156 -0.0802459716796875 -0.0656661987304688
0.012359619140625 -0.0470771789550781 -0.0512847900390625 -0.107933044433594
0.0538101196289063 -0.0398635864257813 -0.0838088989257813 -0.119331359863281
0.0757064819335938 -0.01239013671875 -0.120452880859375 -0.142181396484375
0.0998611450195313 0.0268936157226563 -0.0405807495117187 -0.135597229003906
0.0462493896484375 -0.0239028930664063 -0.0229434967041016 0.0078887939453125
0.0120925903320313 -0.0357131958007813 0.0831375122070313 0.0092010498046875
-0.00545978546142578 -0.0121164321899414 0.0930557250976563 -0.0778121948242188
-0.00539350509643555 -0.00100851058959961 0.0256805419921875 -0.130035400390625
-0.000832319259643555 -0.00198185443878174 -0.066680908203125 -0.123893737792969
-0.0154285430908203 -0.00170707702636719 -0.113510131835937 -0.05731201171875
-0.0228729248046875 -0.003570556640625 -0.0993728637695313 -0.024383544921875
-0.0214881896972656 -0.00361251831054687 -0.0896987915039063 -0.0101318359375
-0.0165643692016602 -0.0173940658569336 -0.0840377807617188 -0.0224075317382813
-0.01068115234375 -0.0347824096679688 -0.0848007202148438 -0.030487060546875
0.00793457031249999 -0.0514030456542969 -0.0867691040039063 -0.0543441772460937
0.0715179443359375 -0.037506103515625 -0.057403564453125 -0.094482421875
0.100288391113281 0.0019378662109375 -0.0873870849609375 -0.103546142578125
0.118629455566406 0.052490234375 -0.111061096191406 -0.124549865722656
0.129913330078125 0.090789794921875 -0.00892639160156249 -0.119132995605469
0.098358154296875 0.0234222412109375 -0.00780487060546874 0.0176868438720703
0.084991455078125 -0.0388946533203125 0.0949478149414063 0.0232391357421875
0.0368881225585938 -0.0510101318359375 0.111953735351563 -0.0676345825195313
0.000507354736328124 -0.0537376403808594 0.0468978881835938 -0.129081726074219
-0.0245857238769531 -0.0363311767578125 -0.0507049560546875 -0.1220703125
-0.0501594543457031 -0.0209465026855469 -0.09796142578125 -0.0552215576171875
-0.0598907470703125 -0.0256195068359375 -0.0827255249023438 -0.0214767456054687
-0.0587196350097656 -0.0203132629394531 -0.0749588012695313 -0.00132751464843752
-0.03814697265625 -0.0428428649902344 -0.0715713500976563 -0.00349426269531251
-0.0142326354980469 -0.0701141357421875 -0.07916259765625 -0.0105438232421875
0.02996826171875 -0.0853958129882812 -0.0935516357421875 -0.0323104858398438
0.117965698242188 -0.0446243286132813 -0.06744384765625 -0.0755844116210938
0.140350341796875 0.022979736328125 -0.0852737426757813 -0.0848236083984375
0.1510009765625 0.10040283203125 -0.0905609130859375 -0.0895156860351563
0.13519287109375 0.145278930664063 0.0297470092773438 -0.0803451538085937
0.1314697265625 0.077728271484375 0.0143203735351563 0.0396995544433594
0.152191162109375 -0.0230712890625 0.102653503417969 0.0453643798828125
0.0864181518554688 -0.0766677856445313 0.126335144042969 -0.0433197021484375
0.0178451538085938 -0.100334167480469 0.0705413818359375 -0.109786987304688
-0.0394668579101562 -0.072479248046875 -0.025115966796875 -0.10662841796875
-0.0766830444335937 -0.04095458984375 -0.0683631896972656 -0.0472755432128906
-0.0879592895507812 -0.0441207885742188 -0.0538406372070313 -0.0147552490234375
-0.0893630981445313 -0.0321807861328125 -0.0474090576171875 0.009796142578125
-0.0596275329589844 -0.0586891174316406 -0.0488662719726563 0.0183753967285156
-0.0266342163085937 -0.0952682495117188 -0.0660285949707031 0.0141983032226563
0.0364303588867187 -0.113609313964844 -0.09259033203125 -0.0062103271484375
0.145721435546875 -0.0572662353515625 -0.07269287109375 -0.05523681640625
0.16436767578125 0.0313720703125 -0.071380615234375 -0.0689773559570313
0.16558837890625 0.12933349609375 -0.0594482421875 -0.0460624694824219
0.113632202148438 0.175247192382813 0.0674171447753906 -0.0221977233886719
0.131858825683594 0.123176574707031 0.0370826721191406 0.0691909790039063
0.187942504882813 0.0098114013671875 0.100555419921875 0.0704269409179688
0.12451171875 -0.076812744140625 0.129013061523437 -0.00717926025390625
0.0398406982421875 -0.124504089355469 0.0880661010742188 -0.0750045776367188
-0.0441970825195313 -0.0976791381835938 0.00652313232421874 -0.0767745971679688
-0.0884933471679687 -0.0548095703125 -0.0301761627197266 -0.0332756042480469
-0.1033935546875 -0.056396484375 -0.0178604125976563 -0.00517082214355469
-0.108009338378906 -0.0383682250976562 -0.0123805999755859 0.0206432342529297
-0.0742340087890625 -0.06640625 -0.017730712890625 0.0393447875976562
-0.0356369018554688 -0.108184814453125 -0.0456390380859375 0.037384033203125
0.0375442504882812 -0.125129699707031 -0.0820693969726563 0.0176467895507813
0.155517578125 -0.0602569580078125 -0.0708236694335937 -0.035980224609375
0.1673583984375 0.03985595703125 -0.0494766235351563 -0.0573654174804688
0.1539306640625 0.1412353515625 -0.0219993591308594 -0.000261306762695308
0.0737152099609375 0.170181274414063 0.0960617065429688 0.0418624877929688
0.10137939453125 0.141387939453125 0.05670166015625 0.0999603271484375
0.180328369140625 0.04351806640625 0.0884857177734375 0.0910186767578125
0.135658264160156 -0.0556793212890625 0.117164611816406 0.0286941528320312
0.0544815063476563 -0.120880126953125 0.0925140380859375 -0.0308914184570313
-0.038787841796875 -0.103515625 0.0353126525878906 -0.0399398803710938
-0.0868453979492188 -0.060028076171875 0.0104055404663086 -0.016301155090332
-0.102027893066406 -0.0593643188476562 0.0195102691650391 0.00389289855957031
-0.110755920410156 -0.0406494140625 0.0254020690917969 0.0293369293212891
-0.077301025390625 -0.0681381225585937 0.0143585205078125 0.0569534301757813
-0.0359115600585938 -0.108909606933594 -0.0242767333984375 0.0580024719238281
0.0402450561523438 -0.119583129882813 -0.0685653686523438 0.03594970703125
0.15069580078125 -0.047088623046875 -0.0655097961425781 -0.0210304260253906
0.148239135742188 0.053924560546875 -0.0258216857910156 -0.0474166870117188
0.11859130859375 0.140289306640625 0.0122146606445313 0.0427627563476563
0.0230865478515625 0.132362365722656 0.115028381347656 0.0946426391601563
0.0523452758789063 0.125663757324219 0.06976318359375 0.121170043945313
0.133842468261719 0.060638427734375 0.0714340209960938 0.102561950683594
0.115310668945313 -0.0267105102539063 0.0984573364257813 0.0559158325195312
0.054473876953125 -0.0940170288085938 0.088470458984375 0.00796508789062499
-0.0298690795898438 -0.0904769897460938 0.0576438903808594 -0.005035400390625
-0.0721054077148437 -0.053192138671875 0.04669189453125 -0.000457763671875003
-0.0874404907226563 -0.0531539916992188 0.0536651611328125 0.0122261047363281
-0.0978164672851563 -0.0387191772460937 0.060699462890625 0.0370292663574219
-0.0683135986328125 -0.063446044921875 0.0426406860351562 0.0732955932617188
-0.0279388427734375 -0.0990447998046875 -0.00751495361328125 0.0765762329101562
0.0450286865234375 -0.0995635986328125 -0.058258056640625 0.0508651733398437
0.134178161621094 -0.0225143432617188 -0.0615272521972656 -0.00920867919921876
0.112831115722656 0.0682525634765625 -0.00586700439453124 -0.0370101928710938
0.0647506713867188 0.125633239746094 0.0343170166015625 0.0829315185546875
-0.0290451049804687 0.0711669921875 0.120880126953125 0.126747131347656
0.000450134277343751 0.0842056274414062 0.0783233642578125 0.12841796875
0.06927490234375 0.0574913024902344 0.0575027465820313 0.103355407714844
0.0729598999023438 -0.00115203857421875 0.082427978515625 0.0706939697265625
0.040069580078125 -0.0543861389160156 0.0812759399414063 0.0327529907226563
-0.0182876586914062 -0.0613212585449219 0.072601318359375 0.018035888671875
-0.0469627380371094 -0.0380744934082031 0.0751876831054687 0.00949859619140625
-0.0595130920410156 -0.0384597778320312 0.0790939331054688 0.0169448852539062
-0.0711135864257813 -0.0321884155273438 0.089263916015625 0.0438919067382813
-0.049896240234375 -0.0524063110351562 0.0639877319335938 0.0879898071289063
-0.0145034790039062 -0.0789260864257813 0.00307464599609374 0.0955429077148438
0.0452308654785156 -0.0694961547851563 -0.0533828735351562 0.0633392333984375
0.10382080078125 0.0052337646484375 -0.0627479553222656 -0.000724792480468748
0.0643844604492188 0.0746078491210937 0.00655746459960938 -0.0234451293945312
0.00302886962890624 0.0934295654296875 0.04144287109375 0.118011474609375
-0.0468950409771879 -0.011347149763774 0.0802721584250069 -0.118783622979769
-0.0339442306453087 0.043491538593527 -0.0131400570284866 -0.0167737911037883
0.00777154768915271 0.0561930381531181 0.0454173655801875 0.0639590619422465
0.0438336669364174 0.0178006398053398 0.10808796235359 0.0208757843576029
0.0348417935509356 -0.0215518763708996 0.114976085802314 -0.0584560284937689
0.00947082594551082 -0.0248881944570101 0.0699051892675906 -0.116214191496058
0.00876099727050768 -0.0246342999440134 0.00689063308882185 -0.129264244800938
0.011354568309107 -0.0243890179757772 -0.0298259324740006 -0.111750587301547
0.0127426817223459 -0.0207760039560675 -0.0277586389401623 -0.0920437772809935
0.0178527750140021 -0.00910615665998987 -0.0162552713515194 -0.0934694804383312
0.0218580052962794 0.0131674121311941 -0.00396128401478562 -0.105690248822351
0.00539344684451228 0.0424223954814385 0.0291770601305557 -0.11032233568251
-0.0402569933677656 0.0346454787186929 0.0671938723897269 -0.100378710403424
-0.0586364514827612 -0.0108497575131995 0.0617805367926227 -0.126423445136267
-0.0411649796189318 -0.0483401572022514 0.0333035231659907 -0.179703856584653
-0.0240972809826594 -0.0826197453174453 0.0827892919157522 -0.102711922525182
-0.0475372169972894 -0.0245050375332893 -0.0224387562744745 -0.00583138917997235
-0.0457039722349606 0.0130601589451049 0.0424886217518862 0.0941364619643399
-0.0145949354829597 0.0217578559550961 0.124741490014675 0.0481606393951704
0.00247521842018618 0.018094405338974 0.140390904824709 -0.0519804676308396
0.00375227185992589 0.0158143516417517 0.0846743759630692 -0.118703838634334
0.0139479699773398 0.0189804541788436 0.0167588541473428 -0.132877527248785
0.0203912313241108 0.0204946352711299 -0.0241025240236465 -0.113133740006173
0.0160152393095357 0.0246167127529998 -0.0264937434408086 -0.0916425446346029
0.00154594807838872 0.0256227841923469 -0.0183345137253799 -0.0855558198562741
-0.0153089313556835 0.0345002468483799 -0.00955775307136552 -0.0956004836916105
-0.0457134038155649 0.0276586934822796 0.0124750849797307 -0.103345829377067
-0.0766473377883076 -0.0139277986081199 0.0477903195617257 -0.0945296922763043
-0.0548883710017815 -0.0729142361014852 0.0386412684245553 -0.12448817887499
-0.0110801218736601 -0.116202798316835 0.0198117561598565 -0.167756662401013
0.00934172249875169 -0.14384556861536 0.076155580794612 -0.0677280752830834
-0.0450174587125446 -0.10062931245139 -0.0401238479460278 0.0156555346712755
-0.0948528531430137 -0.0489338547921151 0.0273561009771235 0.131282429513461
-0.0817264897705072 0.0115881522963599 0.129607286031099 0.0879365814343984
-0.0436854417036223 0.0536964166356012 0.159352517436052 -0.0282271786960195
-0.0110202510672939 0.0569267844214645 0.0975896306016846 -0.104457370665986
0.0136673992293022 0.0613326105336841 0.0273450076019528 -0.118006173426088
0.0264596459433429 0.0626996915346679 -0.0151539532442572 -0.0970691318351162
0.0226892416034491 0.0660909899207403 -0.0244826721613581 -0.0756521585362258
-0.00574553220234367 0.0590528980312208 -0.023829034920662 -0.0641849516727162
-0.0399904036228054 0.0612405274967771 -0.0228113666573154 -0.0764813540227405
-0.0897179686084111 0.0294271581550641 -0.0112383102475141 -0.0920328257841877
-0.114754879005062 -0.0417180357828104 0.0232544745624131 -0.0889045613413811
-0.0624133119856796 -0.117934452598085 0.0182285276279644 -0.113633354029971
0.00974781864030275 -0.167743196061917 0.000342550421768226 -0.135714455478658
0.046318852171765 -0.181991864757249 0.0558222907884786 -0.0142986104311559
-0.0230337978705525 -0.166281250333721 -0.0634985731766782 0.0453227361192653
-0.123006052766998 -0.118332152099412 -0.00148729334140551 0.164236433338148
-0.141180183218434 -0.0170002148771816 0.113605578185337 0.130769885175377
-0.0941307682919676 0.0736997085035826 0.162416540763959 0.00973056122254653
-0.0309277105980892 0.0893537474509959 0.101364096172074 -0.0726702523396026
0.00749916547256267 0.0948355457838631 0.0357397973773984 -0.0859695398002046
0.0293156964807552 0.0959706540094246 -0.00515669863885323 -0.0669793968260033
0.0287979145260935 0.0987393374814478 -0.0197567500827351 -0.0462420344721344
-0.00591096456634877 0.0856584392006026 -0.0278513146323135 -0.0330187208722856
-0.0514623762064407 0.0864592258404178 -0.0358642092741638 -0.0491789280463641
-0.118696419551952 0.0395429319366881 -0.0338650777427204 -0.0731392838291326
-0.143712414904929 -0.052576967136975 0.00125901866571045 -0.0789838556310559
-0.0712147518090735 -0.143104577106693 0.00691971761715103 -0.0941458812249399
0.0237355749603636 -0.195407192373854 -0.0167904449397482 -0.0877716347486247
0.0775599581286318 -0.187122311593245 0.0240812096305678 0.0466128955592229
0.0116281315742984 -0.198746092824359 -0.088283371275574 0.076394621953458
-0.117105593164165 -0.171755972082265 -0.039398173326476 0.179966523090145
-0.170155454627073 -0.0542347251664829 0.0764161217295537 0.161878031166045
-0.131944111787593 0.0734298413162517 0.141378132297044 0.0514118546312199
-0.0513724159037733 0.105772492211033 0.0924596145058084 -0.0288421107438228
-0.00112249974373247 0.113909490122313 0.0389646142033252 -0.0426846103833382
0.0278082164794957 0.114016575785881 0.00584946397293171 -0.0271553181737569
0.0324986779043868 0.11707508618728 -0.012518413799749 -0.00866997653176528
-0.00408128218754092 0.101422449258762 -0.0292104402280487 0.00330462965417738
-0.0549987280851322 0.10120501319354 -0.0459800251751651 -0.0176674692917288
-0.130401209181337 0.0440723665297181 -0.0505637949003431 -0.0499102521672257
-0.152394883877189 -0.0590561539732392 -0.0148241837614585 -0.0658105057980989
-0.0676288467731416 -0.150846469662262 0.00705174655193167 -0.0701236191200484
0.036769385166399 -0.194932014821017 -0.0287737129173904 -0.0321880586400098
0.0910875795612177 -0.157878978371414 -0.0115565394312665 0.103758417353224
0.0456924197879688 -0.185827080168125 -0.106901260970143 0.102389642816893
-0.0824959888012228 -0.186719173461123 -0.0740534881183432 0.173670734535368
-0.158611448246733 -0.0822355853939154 0.0294875229812887 0.16902703127637
-0.141501842908817 0.0544913163558843 0.101597129300104 0.083752689040009
-0.0617654057977571 0.100799701334417 0.0709189837220215 0.0164003655733358
-0.00956357975468267 0.113139621689748 0.0374317502921584 0.00445364093739166
0.0230309341814466 0.115350162623375 0.0153133020691978 0.0148963675358766
0.029407964756385 0.119888485057983 -0.00433840257327356 0.0318364162137824
-0.00577831828827204 0.104009368189917 -0.0282999333802479 0.0409217354965569
-0.0561525655274659 0.100457632867393 -0.0547438562388609 0.0132628014309201
-0.127683468618841 0.0364959437008434 -0.0627754600618828 -0.0280667677386929
-0.138947764078206 -0.0667246782179737 -0.0258784156729068 -0.0546194706565907
-0.0472022443948523 -0.14502817207612 0.0114922232393475 -0.0468626315871252
0.0513706592571678 -0.16760811492055 -0.0393672314263108 0.0212627381535479
0.0829588422920348 -0.100626890097494 -0.0391352553673512 0.147201706841653
0.0619547568052038 -0.136384269403959 -0.111822087488683 0.120461329051786
-0.0385957822052265 -0.159860691924167 -0.0931293233282376 0.150449324871901
-0.117350948832001 -0.087493092539348 -0.010378455380395 0.156665897396441
-0.12155779648136 0.030571253128778 0.0576593434761617 0.101101178874973
-0.0582330690486312 0.0820233030979849 0.047177450750288 0.0533794746479222
-0.0134996764378735 0.0956181069408202 0.0337121243105252 0.0467769591376149
0.0144196450303604 0.0993912080969686 0.0230603903198722 0.0531466330112105
0.0210871438755436 0.10570518441571 0.00243961078479228 0.0695569430218986
-0.0101500172951288 0.0939014038266535 -0.0296679961817512 0.0741137166530678
-0.0544657298328596 0.0868597670894786 -0.0664848403465034 0.0394120385921377
-0.113522023060389 0.0200948495302226 -0.0739807240115732 -0.0127583096360627
-0.110201656289419 -0.0745229648358566 -0.0341135888177927 -0.0472843097849619
-0.0152038525901575 -0.127233415358162 0.0146503539579361 -0.0272774209914445
0.0650569634871166 -0.119166136294221 -0.0519927657212656 0.0644069724143853
0.0583016234172236 -0.0274862191391661 -0.0508689647953166 0.170090086537278
0.0602144454417303 -0.0663987833665279 -0.100763321629228 0.128879037854771
-0.000918792028653463 -0.102122318112215 -0.0925896467526474 0.122482023206086
-0.0628852196294065 -0.0694816187137743 -0.0337514628359323 0.134049721389421
-0.0806076531216169 0.00872319262748817 0.0236686436325789 0.105274638844075
-0.0437586473526343 0.0515167354100527 0.0275230997232846 0.0777772676613624
-0.0131174752944231 0.0632148023087775 0.0284175955860994 0.077435871993204
0.00465871929977948 0.0692566669383867 0.0278905596819837 0.082825438285929
0.00883104511108185 0.076936554494112 0.00550797177262979 0.100901318436458
-0.015027468722344 0.0708676590918815 -0.0360728543293373 0.100415297957107
-0.0494108277838156 0.0609717888139888 -0.0825102196202302 0.0573887960610321
-0.0871591831010622 -0.00038091349286582 -0.0865202136185208 -0.00618163841684524
-0.0685095155560821 -0.0735078045929534 -0.0421271264054182 -0.0484416246109458
0.0177495252035282 -0.0947018965037946 0.0140733777971256 -0.012495854285978
0.0707952076342973 -0.0549365927947127 -0.0688942416228592 0.0947702160345012
-0.0489909931736265 -0.00901541483631816 0.075962283736229 -0.126032729032871
-0.0317569408827382 0.0462489865756695 -0.0148613388679638 -0.0158219502358848
0.0112294087960486 0.0579588174169609 0.0494507265293528 0.065120538828092
0.0457252590649099 0.0162074122552188 0.112746281061089 0.017284205492779
0.0335379157765637 -0.0252364484458279 0.115892591699369 -0.0660828831521185
0.00850599336940952 -0.0252670228498042 0.0656249853115066 -0.123910487976912
0.0077876735812232 -0.024980821925082 -0.000661716682004367 -0.133192070251636
0.0106083855766195 -0.0252355670483815 -0.0370642486343026 -0.111820722114732
0.0121984055295894 -0.0213268007814376 -0.034050940554795 -0.0936809364536357
0.0176887499120043 -0.00994737651739797 -0.0231905390229428 -0.0962971998288411
0.0230271710705979 0.0122902819228821 -0.0101157509118967 -0.10900780733242
0.00766874385497923 0.042358381145997 0.0251709940535531 -0.115173558941543
-0.0398847246788875 0.0383272966997282 0.0667565834745367 -0.106623543629213
-0.0600896365365085 -0.00802582268007908 0.0583984899561104 -0.131339902481114
-0.0445155886395685 -0.04774529468286 0.027597846923599 -0.186219955631726
-0.029380263678535 -0.0837300754984195 0.0799525146957484 -0.109236580035637
-0.0503886209907826 -0.0236745613054382 -0.0243103235228391 -0.0036704859408949
-0.0464484450428876 0.0163585894883418 0.0479367455021393 0.0965292215776089
-0.0148209444364227 0.0230209839073889 0.130873666866246 0.0449240416944174
0.00272938498073462 0.01763486282574 0.142417856262145 -0.0606406797451432
0.00369504877485326 0.0165996565947776 0.0812490644856467 -0.12687172572955
0.0151992618232518 0.0187553581140575 0.00917671323801893 -0.137137763194012
0.0224869631958009 0.0202843405891775 -0.032295527461786 -0.113643690002872
0.0177920506135328 0.0246931701410311 -0.0331892179842712 -0.0935888424627838
0.00295240424270603 0.026592531495444 -0.0243395172674105 -0.0886150441058255
-0.0142113833651862 0.0367062530684859 -0.0151915016959563 -0.0989181882552869
-0.0460261017600947 0.0298493495658588 0.00750968975975733 -0.10695571265647
-0.079425748586923 -0.0100273642730895 0.0464368471343694 -0.100047057788638
-0.0589594510496169 -0.0722937213573574 0.0349826366299747 -0.12856429682686
-0.0169898952696035 -0.119020675049845 0.0134122393880667 -0.17357587101841
0.00219707367914259 -0.148447480396047 0.0740551400699959 -0.0719698660568857
-0.0507501263820562 -0.101337988646984 -0.0415667770551075 0.0194886047764742
-0.0997938970539346 -0.0445530936433811 0.0340575854259236 0.134541997711877
-0.0837862129780831 0.0152636551619284 0.13744501456182 0.0855097720257408
-0.042464940655678 0.056677115400054 0.163587678210217 -0.0372451872653225
-0.00889286316223719 0.0589856843443834 0.0954780619891063 -0.112777252539266
0.0168171452986518 0.0627044532693412 0.0214681296326488 -0.122417053768145
0.0314671423312442 0.0628271409946259 -0.0224252711492025 -0.0983735750949223
0.0269753194032533 0.0672793452731009 -0.0301900799406873 -0.0761419912886063
-0.00329020644399803 0.0607629182529024 -0.0295904977414943 -0.0663331298372752
-0.0381126958392472 0.0651573144293542 -0.0287238584353129 -0.078894325481187
-0.0914563474439706 0.0346741384212503 -0.0168602494480076 -0.0944309132554467
-0.120278230389758 -0.0363017568279997 0.0207502915495 -0.0939361325817136
-0.0693238888101819 -0.118756154845731 0.0134843735665694 -0.1171148973388
0.00128511541008888 -0.173418946005252 -0.00520464835417171 -0.139281240201455
0.0386968440347516 -0.189314805794727 0.0553825809269992 -0.0171434113442308
-0.0315752138530373 -0.169264862728684 -0.0646060656640131 0.0511888709936103
-0.132477700918437 -0.114016116970795 0.00491494828445079 0.170520130608162
-0.147168099607533 -0.0107499365630929 0.123165846006434 0.130020889877629
-0.0927694991813522 0.0813223418575243 0.168865346549494 0.000818273369640233
-0.0279472833958122 0.0940550932530577 0.100473344964131 -0.0802894991311987
0.0127652220205244 0.0978004271523751 0.0315901324502422 -0.0906295407221881
0.0365698617771647 0.096062989493216 -0.00996289928508135 -0.06759619869203
0.0351422037901922 0.100036057438884 -0.024101799578883 -0.0462613789011395
-0.0018901197207087 0.0886588651152147 -0.0311374914718209 -0.0333484289874576
-0.0482447203871136 0.091239320755037 -0.0414331342832149 -0.0506069389443126
-0.120218189874947 0.0469391457014597 -0.0390701242489886 -0.0735182829188126
-0.150597862491568 -0.0462204131014879 -0.00151973500745338 -0.0827097391765435
-0.0805067925972957 -0.143963465549541 0.00367358860541357 -0.0975378886664645
0.0144373936404965 -0.202922257613514 -0.0206417289337753 -0.0887281458377498
0.0705258820100393 -0.195926799256382 0.0255657719455096 0.046423699962255
0.00321231525714767 -0.204973096925812 -0.0886439941445927 0.0838214831503974
-0.129893897175792 -0.169700978281844 -0.0339381852811725 0.188156798297979
-0.17860444378876 -0.0478503583666395 0.0856267891029542 0.164350453140563
-0.131852125420539 0.0825326822083411 0.149093080052741 0.0445136490883151
-0.047645156713259 0.111515130796376 0.0943488042999238 -0.0344683869416048
0.0047197301175118 0.117063749480398 0.0380008985300898 -0.0460000890265319
0.0360190358718291 0.116093332913921 0.00420745476945782 -0.0283031163232463
0.0398675763954478 0.118658217316999 -0.0145746572363706 -0.00813571401876435
0.000205349643956594 0.104605607529738 -0.0298222108528808 0.00471286848067456
-0.0507526423071329 0.106253736024077 -0.0503140876513906 -0.0170349437102007
-0.131420966280183 0.0520490865543827 -0.0553809920930602 -0.0487437920556165
-0.159384327071295 -0.0518095325039232 -0.0178088749743391 -0.0694441358291395
-0.0767867270956811 -0.151619058520161 0.00392486697928539 -0.0730088754874062
0.0282283417097227 -0.202848877956731 -0.0311123578672206 -0.0309631881101263
0.0856346193285235 -0.166596827844776 -0.00744188278497837 0.106988991245503
0.0379970895581655 -0.193538353959447 -0.106214131547478 0.110640210644795
-0.094527390381552 -0.187141249108749 -0.0694310543848513 0.182239594520603
-0.167897422550664 -0.0774210231947268 0.037657793082183 0.173754437650344
-0.142952909396133 0.0637456265023447 0.109547660625441 0.0810451204102746
-0.0578034305661293 0.108190972880112 0.0754909910056727 0.0136959929948298
-0.00339483843246061 0.116694030966479 0.0389039248603913 0.00243976903763006
0.0309852926224154 0.116781547363191 0.0166116988892301 0.0144381160432422
0.0365838517368391 0.120715832560356 -0.00384059121285478 0.0328458013748052
-0.000974846411693312 0.106854251651554 -0.0270826551698057 0.042688277891231
-0.051661792944605 0.105928415523987 -0.058052948668438 0.0158254035865092
-0.128977263954561 0.0442265942542919 -0.0669356595632947 -0.0257481209344277
-0.147142690049222 -0.0603367375543163 -0.028906124117213 -0.0569356736182173
-0.055937950110425 -0.146979214764171 0.00965621396739305 -0.0496485718201285
0.0444244918453371 -0.175634942343299 -0.0396561140680741 0.02423993601331
0.0803258074193987 -0.107995591118485 -0.0337995793882061 0.153804720577288
0.0577493011117923 -0.143519682709206 -0.1105585569229 0.128642391323256
-0.0478047465042747 -0.161786660157276 -0.0900816644596355 0.159082335071557
-0.125585556626708 -0.0854893183454189 -0.00559078653163014 0.16298362197051
-0.122983965128475 0.0383126665965614 0.065208520615183 0.101604893037953
-0.0553309978131876 0.0871614419190396 0.0520861236027499 0.0526276318940322
-0.00833562101231591 0.0984810474317524 0.0374246341584649 0.0458122191855366
0.0207955447223588 0.101544678574579 0.0270249987189984 0.0530033703848521
0.0283401962642534 0.106973413670255 0.0061766769924864 0.0711161689480984
-0.0053136339372496 0.0972228548526153 -0.026963393775692 0.077031002085373
-0.0515462886120028 0.0916929193840915 -0.0673230411764519 0.0438783789656313
-0.115465359127912 0.025966334283594 -0.0779179528521248 -0.00975576371618825
-0.117804948915972 -0.0701002469110222 -0.0378714227057152 -0.0490068418015204
-0.0226049209228452 -0.129727403566009 0.0135332098006172 -0.0299954662683002
0.0610271006595047 -0.126559345414908 -0.0505836494356681 0.0694010186629008
0.0586329479340439 -0.0308082413983228 -0.0460332743690772 0.177540972753314
0.0598802817420382 -0.0708958917940726 -0.0984004210248925 0.135833958712939
-0.00643500583023334 -0.104003948859329 -0.090526302789415 0.130324546158691
-0.0681294150979071 -0.0677656535758952 -0.0290678721897249 0.140111069192982
-0.0820667271027016 0.0138457187169102 0.0297699428547816 0.108353513467561
-0.0415624137750946 0.0552224730105122 0.0332103016588823 0.0796406872168236
-0.0101455707623495 0.0649245028288481 0.0341167282982183 0.0781699540536072
0.00903680818584871 0.0709658874240618 0.0344442377741128 0.0831921388414161
0.0141257492391871 0.0776594318535951 0.0115212600893871 0.103112263201429
-0.0108774520958079 0.0738049243075365 -0.0316756984939557 0.104601812656444
-0.0474047670052557 0.065169442603678 -0.0834839768077597 0.0632483090338333
-0.0893573147236285 0.00374834681329913 -0.0903449083693273 -0.00305002493551012
-0.0744673318683899 -0.0709725681986567 -0.0455780044905996 -0.0488493967684705
0.0137338481561767 -0.0976303351283441 0.0139420596512761 -0.0152936804666095
0.0703671841027081 -0.0603708082266132 -0.0658774573428561 0.100975948190407
-0.0494677789967722 -0.00677785744559989 0.0702176702741732 -0.130067415751088
-0.0302079031660183 0.0472476568784554 -0.0177504381170674 -0.0146193007897787
0.0144324252447157 0.0568764595621642 0.0518423474366121 0.0640840114377077
0.0461578436687756 0.0138546086026182 0.115189825858397 0.0132754366174182
0.0313600254925776 -0.0270902471132399 0.114099112116179 -0.0717976222369383
0.00646067232151038 -0.0255114860451483 0.0602861767208013 -0.128638026459524
0.00698365541071824 -0.025449948851265 -0.00849451356868085 -0.133285465988241
0.00920976429444612 -0.0262890893479589 -0.0438483605792786 -0.108767694315242
0.0112953900281141 -0.0218187744140575 -0.0392661263298108 -0.0932463561405001
0.0172835249321105 -0.01003320332584 -0.0285081466133079 -0.0968041043679318
0.0237243587684574 0.0111415973093291 -0.0163176888861756 -0.109927493955824
0.00979884787695704 0.0419731779955676 0.0201805933193939 -0.11723745147386
-0.0381867353902704 0.0411538023038296 0.064368111636493 -0.110505917812895
-0.0595112007731235 -0.00549135932258668 0.0546466497964168 -0.133039069487171
-0.0469684995564192 -0.0458001943901577 0.0204064906829504 -0.187784963283589
-0.033046407561393 -0.0833336668912721 0.075176729577427 -0.113063043131775
-0.0510763727663374 -0.0214410102556335 -0.0261523528428403 -0.00152316980688118
-0.0457355249037705 0.0182630352956204 0.0515615443816929 0.0956000840854296
-0.0135481688839421 0.0233643397653032 0.134137624265856 0.0404475882931505
0.00237663441050616 0.0172751333695943 0.141011844767733 -0.0671228730884792
0.004194051823881 0.0165334144168625 0.0759047632274885 -0.132561129369653
0.0161023045915228 0.0188303621945735 0.00156121945195512 -0.137427290545476
0.0237247977624107 0.018922848999617 -0.0390398213058826 -0.111412059786698
0.0197412615215341 0.0246006920065987 -0.0384789694997212 -0.0923584070431298
0.00394260198828189 0.0274311352680648 -0.0295742634978525 -0.0882454282457066
-0.0128320158737007 0.0377366005593656 -0.0211388116446785 -0.0999057887010541
-0.0456262843368679 0.0321300234941368 0.00267441148647068 -0.107886874933749
-0.0802398440309426 -0.00614385728579965 0.0436569868855821 -0.104123158413254
-0.0619587704350676 -0.0699645718344406 0.0306588796799655 -0.129199667860434
-0.0222876436434831 -0.119084750757345 0.00735750109985091 -0.174888892616213
-0.00474586401978968 -0.1496323236964 0.0709153843456384 -0.0756323494542095
-0.0550203981142769 -0.0991519500090423 -0.0416560381118297 0.0227951536091671
-0.102047227502787 -0.0396637278894668 0.0397318542154745 0.135301156064573
-0.084268625574664 0.0185697283684289 0.142044555458395 0.0812510175664877
-0.0404722432072208 0.0588299228089922 0.163559260737358 -0.0458796503241174
-0.00631414784942525 0.0601572497821137 0.090306236813058 -0.118586682347334
0.020057112650618 0.0622257755109519 0.0146586632572095 -0.12365050308351
0.0355623554013301 0.0612976625040942 -0.0285269442453814 -0.0967009660143932
0.0311694731093865 0.0663176564131224 -0.0345729144578495 -0.0749863868765933
-0.00103734362787212 0.0617432148200525 -0.0338104466980703 -0.0656948403871012
-0.0356007185239438 0.0678166393252468 -0.0341881959888624 -0.0791832372447394
-0.0902171456975224 0.0385921719165262 -0.0213884137311372 -0.0945117430726927
-0.122778991674259 -0.0306163355557703 0.0186514038376406 -0.0968042226327738
-0.0748021535065239 -0.116105337153477 0.00940993346889127 -0.117560121673662
-0.00705331799046797 -0.175099517498842 -0.0105403525672208 -0.139727130730243
0.0299852717599824 -0.192949888746815 0.0544324273480232 -0.0193044423935787
-0.038990188759551 -0.168697539057352 -0.0635750986076113 0.0553107174975319
-0.139051489433987 -0.107654576353837 0.0118646550369381 0.171852717085266
-0.14875736951255 -0.00473121843760411 0.129146273566686 0.126877742664417
-0.0898059367868814 0.0865728821355841 0.170629487463447 -0.00716004586124429
-0.0246827793680581 0.0964358613760244 0.0977821532674067 -0.0851511464795086
0.0174467365524241 0.09770552170434 0.0271056112732111 -0.0921616764936097
0.0424279330217801 0.0948527521623594 -0.0143124220681576 -0.0675835103951886
0.0412638243435837 0.0982609884447872 -0.0274734215411773 -0.0454460868863665
0.00137311303198988 0.0888265127129494 -0.0344427345544963 -0.0326774975966915
-0.0440418929202965 0.0943457797248114 -0.0454460778428215 -0.04937613608013
-0.118564355485133 0.0526255192278191 -0.0439590467770017 -0.0732072862102115
-0.153689419141444 -0.0386807824031162 -0.00435543769171233 -0.0853811792689912
-0.0865421779550681 -0.141262707943942 -0.000672822092809054 -0.0977273412272855
0.00486251081748294 -0.205145758737322 -0.0244261590102709 -0.0889646859506255
0.0614971388778877 -0.200874412818386 0.0266667222418813 0.0461621204537334
-0.00641281502025047 -0.205305758181494 -0.0864837880516259 0.0889316939940726
-0.138484477886778 -0.163287110200508 -0.0272248849713215 0.191487547033007
-0.182368738790837 -0.0407872300987402 0.0932385195830733 0.162493736879412
-0.128605037088068 0.0899528436106277 0.152624525685192 0.0377667796455354
-0.0428814393496878 0.114404506889999 0.093390813707539 -0.0386359634915281
0.0102806692972637 0.117458755643487 0.036116820794315 -0.0480611171785644
0.0433986464214582 0.114118039176555 0.00182772288631204 -0.0284883086992012
0.0474029254195667 0.116456415038721 -0.0155445022208626 -0.00716272639210798
0.00497038513382465 0.105008341272337 -0.0308729230973537 0.00569871069196589
-0.0460865002664064 0.109746813746283 -0.0527353363318774 -0.0149737162307057
-0.130391003202139 0.058716382588984 -0.05875297047102 -0.0469655994627516
-0.163096093574506 -0.0436150053970696 -0.0206901042998458 -0.0709623391912066
-0.0846146420501522 -0.149183985007947 0.000739195332676587 -0.0742382030565054
0.0182026575103585 -0.206066126874959 -0.0324144597855656 -0.0297835005676221
0.077981898151063 -0.172157203793693 -0.00418489927137544 0.108357200081076
0.0297182761367586 -0.196012286313449 -0.102795980129542 0.116148486092314
-0.103985181931812 -0.183195239946403 -0.0637665378201582 0.187815222438241
-0.173334771648851 -0.0711270732187174 0.0436214610750696 0.174582402152356
-0.139899922495642 0.0714919734569184 0.114866812614175 0.0762112358978262
-0.0536579776835737 0.111432050244284 0.0773867268859088 0.0102438709541445
0.0022942709173483 0.117543951113198 0.039573640009691 0.000933769320032107
0.0373497635032636 0.115560631609329 0.0169976992720557 0.0129522275610627
0.0441932846527758 0.119339415290898 -0.00188957078983101 0.0332300691524598
0.00420796465914254 0.108215793033832 -0.0258375843479756 0.0441207773973333
-0.0466412614034115 0.109500208935374 -0.0583924266485218 0.0182637312902255
-0.128327327935482 0.0497326696474295 -0.069309140774301 -0.0236384549708875
-0.150775233674403 -0.053174253109296 -0.0315135612350551 -0.0585513950565731
-0.0632223066244296 -0.144275883925736 0.00736747472215608 -0.0521642015425565
0.0365593490753482 -0.179201811653611 -0.0384232732011809 0.0261848460851062
0.0754545540960666 -0.112607406748099 -0.0286461670742005 0.155457090573386
0.0523235985979772 -0.146665320937881 -0.106998490366743 0.133655632196203
-0.0553544690497366 -0.159115827983557 -0.0851237784272685 0.16414436967432
-0.130707395344111 -0.0804901457372418 0.00025627480750997 0.164709020111801
-0.121301129168132 0.0448491448652668 0.070352165751175 0.0991202537214492
-0.051334643557005 0.0905015270743913 0.0560010724942258 0.0516102260151069
-0.00353710589019199 0.0995563737766992 0.040320941059958 0.0437530589517775
0.0270856961389218 0.100563840951185 0.0297410849748268 0.0511722725057274
0.0343738883737207 0.105311303467451 0.00999304601096697 0.0706748933803742
-0.00056178562000896 0.0981049529145085 -0.0236791690297233 0.0789442988426824
-0.0468051877029882 0.0945904532082058 -0.0676775718627842 0.0468851418689473
-0.115133672164765 0.0317015855236187 -0.0793075331476744 -0.00713080114295986
-0.121683624728272 -0.063743370305081 -0.0400199509075923 -0.0497307111476566
-0.0285897699077689 -0.128716698839372 0.0118214779737731 -0.0324766825747925
0.0555637857744858 -0.130303447771209 -0.047537338956869 0.0724137714919781
0.056516048885015 -0.0346907088784238 -0.0397159994916238 0.179699457432473
0.0574971229254935 -0.0735874870725737 -0.0942511974744853 0.139728994357821
-0.0116872302800915 -0.104099003393302 -0.0870920395979792 0.135185017263667
-0.0726966811503583 -0.0662568748206854 -0.0246572655586383 0.143683064134559
-0.0816774840609309 0.0184084869864045 0.0351853761739363 0.107673168281242
-0.0383714681723742 0.0578779027662803 0.0382722033843746 0.0783021020654662
-0.00690564531676736 0.066387099741569 0.0397364913151613 0.0761612074258802
0.0133747607253235 0.0704490814313794 0.0383923178971306 0.0802403966307729
0.019131125335805 0.0772819912869634 0.0170318292663904 0.102063153380746
-0.00733979516096274 0.0750274668908657 -0.0269553125190199 0.106649754086129
-0.0442011395900326 0.0674168929821883 -0.0819780993706195 0.0675653086138958
-0.0904595672835287 0.00819289996770305 -0.0915660922923467 0.000936339107794091
-0.0777651415245275 -0.0676411232940091 -0.0484974225529618 -0.0490124196029006
0.00848666659799738 -0.0982551299363646 0.0129634265275823 -0.0178288498445717
0.0676564202663926 -0.0645281778642068 -0.0617372752729507 0.105360157893363
-0.0506485488767347 0.00943274365075118 0.0242966038758902 -0.147424583411001
-0.0120767727854505 0.0551984323642081 -0.0228710729884579 -0.00897843339373244
0.0340904470561511 0.0483009058526092 0.0664913769024858 0.0450589824790214
0.0485971046553132 -0.00384577080698525 0.113248623875425 -0.0222081906511664
0.0195000672309004 -0.0362798752073867 0.086116003228172 -0.104320628635027
-0.00129437556609319 -0.027174490590093 0.0138799189639356 -0.142362061616167
-0.0021419739676951 -0.0278694356604423 -0.0541751815366463 -0.120537362839261
-0.00100111888824525 -0.0279362360017325 -0.0780541690836433 -0.084586060195969
0.00326944178412811 -0.0240042245545247 -0.0683087021430715 -0.0736307625353943
0.013124268279165 -0.014578364777919 -0.0597598120849661 -0.0818587006282575
0.0261439334434224 0.00274487263864515 -0.0528523189295031 -0.0971126165917308
0.0231073911825211 0.03582178651192 -0.0188254152876806 -0.11780604646549
-0.0224682242787763 0.0507706729981372 0.027598961214067 -0.125986713768197
-0.0579490024912195 0.0153130490918896 0.011905183829669 -0.140833519678655
-0.0591048111158645 -0.0272860895759827 -0.0365939502073598 -0.180668320640223
-0.0622641606048597 -0.0696614276829383 0.0367339574612486 -0.129718975690918
-0.0559900233826121 -0.00196413277759601 -0.0229159608875217 0.00673759732295557
-0.0357273676208884 0.0335874158724398 0.0806848958309325 0.0721130628705622
-0.00362167863418862 0.026836479242946 0.140601976177312 -0.00646247659295506
0.00824609348554073 0.0142723138761669 0.111759658058097 -0.110787997134163
0.010700135901455 0.012911406386581 0.025488170011687 -0.151249410461644
0.0215954939691863 0.0116433402262936 -0.0469056538061733 -0.129441468791648
0.0277880451338034 0.00891386371266049 -0.075922282685313 -0.0881667302638905
0.0269295129555702 0.0163135785173897 -0.0680440508844367 -0.0735768567346137
0.0117866880922033 0.0250563312521158 -0.0585935116303471 -0.0740766494341973
0.000610428868201562 0.0396462298555254 -0.0546646575462974 -0.0868227386648749
-0.0321483545579066 0.0450793389291579 -0.030775741617359 -0.10395016809515
-0.0771204129633437 0.0209541350755882 0.0107510471526211 -0.112515681287907
-0.0819367915236026 -0.0448215220927667 -0.0103397872403049 -0.129385016146113
-0.059019279815803 -0.1056802093724 -0.0481072538001039 -0.16274904615511
-0.0581805895453718 -0.14316873920497 0.0467254011702351 -0.0905284598700462
-0.087993571965204 -0.0745070528761238 -0.0264689736408962 0.0369474184641554
-0.108854217624624 -0.000708887795946293 0.0862099641565761 0.11144886025081
-0.0716588821869288 0.0479521231834003 0.162811491519846 0.0262339023175424
-0.0172280568210868 0.0679954476569744 0.138354141870107 -0.100173980787588
0.014459905048661 0.0570540552540153 0.0426683796178066 -0.143625063745118
0.0403409320012693 0.0516737805794927 -0.0312898113944339 -0.122291787248644
0.053155398911985 0.0440607348959083 -0.0623664964210185 -0.078377535855345
0.051594834631267 0.0512926410737538 -0.0595985197746041 -0.0582563902655563
0.0185631321017804 0.0588168393736243 -0.0554784201550819 -0.0522424647998137
-0.0103612943682131 0.0750013020686907 -0.0602260774719323 -0.0647667547092678
-0.0723152117646626 0.0668820620115591 -0.0490133521157712 -0.0834595354267288
-0.125369206178102 0.0118963475685372 -0.0111375932465256 -0.0976614089783661
-0.108534739955161 -0.0841730819696515 -0.0276773372250979 -0.111371551879518
-0.0616914881512705 -0.164122728277063 -0.0555636562163916 -0.124362796872851
-0.0392338318234165 -0.196708144998681 0.0493614265224274 -0.0301078148132496
-0.0973986675040522 -0.146013538604208 -0.0342070807221495 0.0780330646368294
-0.167147412119789 -0.0516156652885667 0.0756664169110674 0.154368556688054
-0.140516817732372 0.0498118695552004 0.16752127712225 0.0709542396412798
-0.0534991961352935 0.110305842941629 0.156480589810528 -0.0687820123163669
0.010139588351717 0.0969335921435569 0.0600408568472096 -0.11540069333378
0.0500477462071104 0.0867099825335395 -0.0087704904477584 -0.0989409978342399
0.0714606749005883 0.0728857487800674 -0.0396397125304779 -0.0573285876400117
0.0723793523171157 0.0774555051182624 -0.0425648332406901 -0.0328492514197887
0.0307284758337504 0.0836014037325168 -0.0452583756367004 -0.0213082921425712
-0.00933352296345843 0.102471371908548 -0.0622119708380316 -0.0336854358489124
-0.0945234314969514 0.0891990659286473 -0.0624328561807623 -0.0558731440175412
-0.156971600753126 0.0142885584245597 -0.0288236857371456 -0.0794156651044458
-0.129069183389225 -0.103539156540877 -0.0320242014264213 -0.0891545466503783
-0.0608372494293138 -0.197541586572599 -0.0542636259805804 -0.0714797878810128
-0.0119919337626903 -0.215324060172726 0.0444037264901559 0.0418362855489922
-0.0783136082509625 -0.192496425337533 -0.0447924443045032 0.118737493715674
-0.18723484084893 -0.103699825632115 0.0485736054544341 0.186835877411349
-0.185128581482588 0.0292599461436009 0.146901969314319 0.11547383966957
-0.0882796620698719 0.127780833514035 0.154857053264218 -0.0219909924728606
-0.00097607345182359 0.121190998245797 0.0711564093480154 -0.0706656160027468
0.050209348302499 0.108558124903137 0.0150861961117814 -0.0615900009488731
0.0781732316124129 0.0910971812153342 -0.0116032148673565 -0.0272091396829637
0.0835569303560769 0.0923040154583848 -0.0187441500441647 -0.00137302153372619
0.0388164567822044 0.0971105444387111 -0.0293447639592851 0.0138428792519561
-0.00588111844541177 0.117671270976576 -0.0580019479639784 0.000926557441991942
-0.103111660629592 0.0985741138295894 -0.0688106546981961 -0.0272506923039531
-0.16733797922566 0.0131544956297556 -0.040170487165604 -0.060330641710515
-0.129251560088424 -0.111404932846929 -0.0248664503107659 -0.0682893109699329
-0.0478562809166579 -0.202572488498309 -0.044488034005233 -0.0143566740289846
0.0143284217243915 -0.19254805367169 0.0336683550874766 0.110945208368874
-0.0401380488004406 -0.196877288605922 -0.0539627102173484 0.151112685274477
-0.161045636699359 -0.134564104997614 0.0125427224172019 0.196867512753143
-0.188242446709714 -0.00317035490711581 0.106370528140098 0.144809213402828
-0.105570006285952 0.116418403670419 0.132825439836381 0.0270404273717802
-0.0116041647508834 0.122008062847587 0.0732241700486417 -0.0200138145284448
0.0424104736217095 0.111602160609125 0.0366198924151 -0.0171612002268677
0.0736367353294959 0.0945685274428253 0.017448549172612 0.0053035458059296
0.0822353736234057 0.0957188236297264 0.007677283443537 0.0314113361434357
0.0396663950139595 0.0993607036443893 -0.0119945341271061 0.0482877661074061
-0.00677330086978738 0.116739583846605 -0.0520515339917528 0.0342098695674612
-0.104126558019961 0.0905786039533689 -0.0715785749285233 -0.00207729085814483
-0.158621435550493 2.01143842392373E-05 -0.0463576170482868 -0.0447083660707776
-0.107707640171245 -0.115108988888374 -0.0120735197429866 -0.0496371923315732
-0.0221412227889503 -0.183488446263251 -0.0324904682710041 0.038661803589826
0.0332174150430303 -0.134415120081101 0.0234258635321703 0.162054084993577
-0.0014696109702496 -0.156917693575231 -0.0547043702202971 0.167887611841402
-0.107459182899359 -0.128869931627605 -0.0179072734216831 0.18436667527526
-0.151924267956265 -0.0267351312158904 0.0615417767642586 0.152040077041897
-0.0970366466188238 0.0847383723191855 0.0995647163470985 0.0646928836832278
-0.0163537067269457 0.102286303487961 0.0681327846214118 0.0261415149667653
0.0312278388765818 0.0961777207429508 0.0529926289147395 0.0234003019066433
0.0593738830542635 0.0842719251473866 0.0427291303912831 0.0360704021703607
0.0682620791291919 0.0859797447282759 0.0311936924306692 0.0622882150414052
0.0319104774159621 0.091871517286989 0.00206777530721611 0.079934183425212
-0.0122822873973902 0.103253685420546 -0.0493052269322157 0.0636856651409622
-0.098273720163465 0.0678926235975497 -0.0754689769200101 0.0174860247781722
-0.134635707793753 -0.0196944957205399 -0.0525125436002467 -0.0335234746949728
-0.0699355631312827 -0.111363666124919 -0.00180789827143319 -0.0335158095534344
0.0114099015899212 -0.143273566530432 -0.0259590837792101 0.0838094281120454
0.0432534009840601 -0.051771815647708 0.0197182190095274 0.185638883236412
0.0298178670568175 -0.0894045553948089 -0.0443292699098548 0.167741684627848
-0.0468753548579599 -0.0922880400816051 -0.0329764179217559 0.158801686632532
-0.0920875142713347 -0.0341932191850624 0.0287583823891706 0.143434710620748
-0.0687968771263087 0.0461936953413288 0.0695663258927027 0.0868552964259208
-0.0152212129804157 0.0674469647348471 0.0619233285697514 0.0585355724916376
0.0168788986881494 0.0661968580748745 0.0640947642813567 0.0541002438000014
0.036395339552095 0.0610658409342751 0.0623904743521757 0.0606423241764663
0.0435172554771083 0.0645360629758562 0.048717734688145 0.0889044598666781
0.0188462608122572 0.0726167797275633 0.00851104777346945 0.107195823455959
-0.0183849980169931 0.0775733679835926 -0.0550578240870948 0.0885926314413556
-0.0826708950129995 0.0374860278930053 -0.0850657985998011 0.0290702141541951
-0.0949769405544242 -0.0367941992981225 -0.0613414551553529 -0.0300428887932295
-0.0244424044643518 -0.0947880334235092 0.00395992958508557 -0.0201206223624554
0.0437388398605066 -0.0843348006644674 -0.0282230491896187 0.11684977518949
-0.050411656880892 0.0104890881431364 0.0223486507550698 -0.147840010977841
-0.0105689122425199 0.0553441808905325 -0.023823470389489 -0.00762107091599037
0.0357250171903306 0.0471472786966915 0.0683170835999286 0.0461802401244004
0.0492628775258269 -0.00507474908322764 0.114505813630115 -0.0238494752063345
0.0178085818761545 -0.0363251920089963 0.0853869971560368 -0.10673464571644
-0.00168913674829161 -0.0268856981653929 0.0105614217459458 -0.143903225674636
-0.00249283330490458 -0.0276398924956785 -0.0567869079978249 -0.119065329109245
-0.00184715206965571 -0.0282379088231726 -0.0798472588996232 -0.0813205982527542
0.00286805741847757 -0.024137817764346 -0.0711282034602104 -0.0725797042187073
0.013033276295766 -0.014023125188194 -0.0636547755187571 -0.081440442504571
0.0262087594561144 0.00330103970185824 -0.0557561231468217 -0.0973553529972826
0.0232666938868546 0.0354968633961077 -0.0206087616238983 -0.118974696687814
-0.0215160014864815 0.0519382139060572 0.0276985974962652 -0.128744219225214
-0.0585367275290424 0.016026005383284 0.0123875058258551 -0.14079323087716
-0.0599492206208703 -0.026246931330627 -0.0379569753403205 -0.181249221327113
-0.0633183527895514 -0.0692002606976673 0.0349321519166109 -0.130559144237203
-0.0573033587762977 -0.00156977745403019 -0.0232297559298625 0.00833098221132682
-0.0343214072196363 0.0337738409546809 0.0818880285927055 0.0726496384271026
-0.00420030764042365 0.0268981231637561 0.141874113071077 -0.00787238311579673
0.00811815136821869 0.0146297185349409 0.110583456984356 -0.114126356892679
0.0101960538669942 0.0131884629024663 0.0229004942881937 -0.152670990468491
0.0219861050287441 0.0114638762936958 -0.0498740726870674 -0.127884132156607
0.0275334429593864 0.00801415031590379 -0.0782720697661703 -0.0850879926073157
0.0279428126883973 0.0155248905677046 -0.0708581131841932 -0.0723441354565278
0.0129870914574433 0.0253175849530393 -0.062081562498197 -0.0737537301983179
0.00149200032530406 0.0401553586935379 -0.0574831676207822 -0.0865249361589332
-0.0322185825109494 0.0460633909934371 -0.0329975917492241 -0.104758129182336
-0.0772562474146615 0.0228474476591342 0.0108189198732913 -0.115233798911582
-0.0825017431949132 -0.044421490902479 -0.0105524110644443 -0.129460801581292
-0.0614197445313684 -0.105458088507102 -0.0497447143120986 -0.163622339848483
-0.0609249299662693 -0.14345007028059 0.0449071764558067 -0.090052517081836
-0.0891751803832897 -0.0740370949925239 -0.0266629841153342 0.0391224866432618
-0.109196803924499 0.000894922584074623 0.087988956577542 0.112876483946687
-0.0716106473595652 0.0492771926564283 0.164413435053199 0.0244612294131248
-0.0166141930460148 0.0692943758008275 0.137310296884012 -0.104166883048918
0.0154021934522348 0.0576252402187029 0.0403691575117908 -0.145203928761539
0.0411807785517709 0.0515496959021951 -0.0344087982720769 -0.121585137268333
0.0548051725115167 0.0428264799759015 -0.0643731463163996 -0.0762049776990491
0.0537272251693079 0.0497562153324845 -0.0620687921771706 -0.0568148242011278
0.019918735735124 0.0593985939091149 -0.0581028542705777 -0.0513729273889017
-0.00885912883913231 0.075728606314175 -0.063828351855125 -0.0639253244456245
-0.0726216655744995 0.0679693896699919 -0.0505468401158219 -0.0835175580787449
-0.125971062212934 0.0144304814309341 -0.011497096786953 -0.0997594929745196
-0.11069715477127 -0.0839494486257042 -0.0284382012539913 -0.111236393656257
-0.0654528154881004 -0.164805167073143 -0.057121442732655 -0.124097471671074
-0.0430905646809336 -0.197486399463869 0.0488649114944326 -0.0296741778661167
-0.0990473291287243 -0.145889276167723 -0.0337338760443561 0.0795712997234871
-0.168392153063964 -0.0483474189461642 0.0786519590708152 0.156041884320275
-0.141218143091476 0.0528088093791257 0.170474548091564 0.070058763693009
-0.0522895047789024 0.112530490119272 0.15607831794577 -0.0726844797815244
0.0114504713708633 0.0983595119272887 0.0588636806777295 -0.117518093911351
0.0522241993796782 0.0863068205904088 -0.0106072974731286 -0.0983543557368507
0.0735095302105356 0.0711920523629259 -0.0412476470328012 -0.0553404250394129
0.0748239408788429 0.0750694221136382 -0.0437426373316752 -0.0311109998894027
0.0316077694948648 0.0833594237575562 -0.0479801243726026 -0.0205838269854383
-0.00755349470945101 0.103370069868933 -0.0654727912947021 -0.0322157148537372
-0.0944226708392845 0.0909419528714826 -0.0645731001649339 -0.0560728355553456
-0.157882811964508 0.0176339122644815 -0.0305019863064012 -0.0814700141089609
-0.131547877816687 -0.102937177822393 -0.0332587856358023 -0.0893714385231932
-0.0652545966441144 -0.198020648892514 -0.055109381374882 -0.0708474146230314
-0.0164624422729708 -0.216064459700339 0.0441200530561173 0.0426438523878953
-0.0813523584680055 -0.192966749159909 -0.0440865729470863 0.12109187900026
-0.189033193508505 -0.100281973712859 0.0504374031422509 0.188717077319364
-0.186995358482132 0.0320113920490625 0.149793685231129 0.115645932489648
-0.0859710327930701 0.130177446387963 0.155431219477086 -0.0247575312413082
0.00154693424639964 0.122346417200125 0.0711308157951054 -0.0729510252978009
0.0524372685252752 0.1084146035873 0.014021072929655 -0.0617136648031696
0.0816458826355052 0.0892190167695851 -0.0124778203420387 -0.0259916791189455
0.0867286704748662 0.0900868647575716 -0.0195206276791225 -0.000555306862172923
0.0411680888902921 0.0970800574216323 -0.0299447784029632 0.0142620446599986
-0.00410661624493846 0.117384533421895 -0.0600243096411702 0.00250049487411121
-0.101981286614434 0.101595738141613 -0.0706081973430826 -0.0269405072021397
-0.168308801730804 0.016723819349217 -0.041424182780635 -0.0622075327575332
-0.131583661699279 -0.110481310751969 -0.0257473362882374 -0.0681408541153021
-0.0528863694490902 -0.203517491370717 -0.0443049870506326 -0.0134317676746615
0.0113146847399172 -0.193918553790137 0.0344359437458446 0.111043905954496
-0.0426081194239183 -0.197433364374999 -0.0533590527324861 0.152709057034721
-0.163636588381463 -0.131536487519975 0.014302480097325 0.19877406618343
-0.190435628050386 9.53154961075555E-05 0.108777038865256 0.146605654871163
-0.103321670834076 0.118059587330138 0.134104761853265 0.0246306789642807
-0.0090246503036112 0.12354152807637 0.0743830611849806 -0.0210476274476323
0.0451445062881176 0.111552773419677 0.0368990501947893 -0.0180206568890735
0.0773087880046667 0.0928812678086745 0.0171011215599863 0.00558108762164619
0.0847620788800965 0.0930619375583785 0.00744829279450322 0.0311659835877306
0.0415514686580218 0.0996443744771355 -0.0115847120376841 0.0488931695815255
-0.00464429119614042 0.117412532825101 -0.0524203822352657 0.0361506504097161
-0.102736985076856 0.0925485116990588 -0.0726540527661195 -0.00168841999651185
-0.159362966121823 0.00387323502020177 -0.0480949885613284 -0.0461316134736081
-0.11024384367853 -0.113794060147182 -0.013188538616896 -0.0503536928048328
-0.0255935821635865 -0.184711480162222 -0.0323752634387692 0.0397091240886732
0.0309351034381664 -0.134925628251981 0.0248611055668088 0.162947889217478
-0.00234281586669968 -0.158606528072154 -0.0544547621915177 0.169192904352631
-0.109807426087543 -0.127111198452775 -0.0167761031913024 0.187098858382384
-0.153632627993455 -0.0242927884836479 0.0633525743610935 0.154153865460648
-0.0957254307015282 0.0870942020718233 0.101698769430309 0.0641395178596326
-0.0135604152881873 0.102835460958561 0.0693261454823354 0.0256508895583496
0.0331845723921962 0.0960057016764373 0.0539938602378744 0.0221187550576603
0.0626808754159429 0.0828325294961913 0.0436559847560339 0.0347514710925817
0.0711383586270954 0.0837584115353597 0.032520942435112 0.061448523600781
0.0341698440364822 0.0915035195802781 0.00346031931531024 0.0801853952745096
-0.0100791543787513 0.103875386579397 -0.0498451738128321 0.0655037256946935
-0.0979394030438907 0.0703380270526131 -0.0763451858309826 0.018574862470517
-0.135210813918324 -0.0166995799691842 -0.0538698620134097 -0.0351207996911579
-0.0721671202949098 -0.110408557092948 -0.00268730198558598 -0.0337493354536528
0.00816498764361948 -0.144825529086893 -0.0246130045710629 0.08481172082881
0.0423437483079183 -0.0523959643967221 0.02085555861569 0.186739360828783
0.0292211978457872 -0.0903202059852449 -0.0443739780232255 0.168503935320683
-0.0479614409898367 -0.0912190504054724 -0.0330637470432932 0.16111029150494
-0.0938984012364845 -0.0330475454579603 0.0306474041623136 0.145875643156201
-0.0682358451106129 0.0484926457421444 0.0727119243236374 0.0871495379504821
-0.0132286539991318 0.0676513640360165 0.0639965237276914 0.0578767730251481
0.0189512809649386 0.065494661588384 0.0655570938051348 0.0527872276215248
0.0386506210316986 0.060055108749258 0.0633869225546039 0.0582307070434155
0.0460595413772855 0.0632212758014019 0.0508039233621713 0.0874626758194273
0.0202856503392577 0.0726945229470219 0.011002296280109 0.107637023792561
-0.0164655060328107 0.0781950386655303 -0.0543648821791368 0.0905605506095724
-0.0827414138948828 0.0391396751359525 -0.0863485191420956 0.0296935736128057
-0.096336196855664 -0.0353147827107426 -0.0632161960090384 -0.0309420731672882
-0.0261958677977896 -0.0941839320517561 0.00382626579292656 -0.0208800621068608
0.0420722601186041 -0.0857169721958618 -0.0261500593149517 0.11835610783331
-0.0517808940865935 0.0112403005716517 0.0209900825669047 -0.150942191815625
-0.010232071402726 0.056632679119444 -0.0247834288932829 -0.00602592940306111
0.0372911879735181 0.0462439783149389 0.0704719296108409 0.047758879652744
0.04975288563946 -0.0065901216020944 0.117621048043589 -0.0255057052081815
0.0170834473431109 -0.0368039913058622 0.0857529353332317 -0.110722499180838
-0.00283474913222841 -0.0274875093251247 0.00808088030469984 -0.146983778959001
-0.00324867326281161 -0.028103756588764 -0.0597763444603162 -0.120431659639692
-0.00294215583887005 -0.0287124888944341 -0.0819887828560253 -0.0800728288144203
0.00253506160434754 -0.0247242345341812 -0.0746922368529348 -0.0728608374121393
0.0131431486799186 -0.014485361214821 -0.0667332455295065 -0.0820694645229339
0.026552025046943 0.00211413755776038 -0.0593168809390278 -0.0986889155068572
0.0239567640137166 0.0352322864215001 -0.0228231323036589 -0.121491114914952
-0.0206048104115491 0.0530868092748135 0.0277256027534241 -0.132824640876288
-0.059294956103842 0.0167770518907837 0.0132596826018838 -0.143299392222962
-0.0611952589250427 -0.0255929995105786 -0.0397636648167686 -0.185270519639275
-0.0657478432984424 -0.0695336907905576 0.0337173864413898 -0.133037438489101
-0.0582980007601979 -0.00182714594611671 -0.0243428330940513 0.0103990539385214
-0.0345314598442702 0.0348728040182363 0.0852923116595108 0.0748674116392476
-0.00437517939469551 0.0285077969966438 0.146501785757247 -0.00982124322248817
0.00709892320339417 0.015164932760608 0.111310385913415 -0.118966991096729
0.0109061888622288 0.0130747522339281 0.0200915929226258 -0.157390162667825
0.0225867687103572 0.0111937633370135 -0.0536838123517199 -0.129440211054931
0.0287193778194619 0.00716545536047811 -0.0811581390646259 -0.0833629754287302
0.0286895452838948 0.0149360827396054 -0.0746542678183413 -0.0715923509078854
0.0130118755721692 0.0269774700269875 -0.0659461740677588 -0.0735975476493861
0.0026605875801228 0.0411316473316041 -0.0617657358778014 -0.0881755795972223
-0.0325328939595301 0.0470144664595841 -0.035076851031916 -0.106566326167967
-0.0784216751204404 0.0248337650406614 0.0104026760372713 -0.119575673960436
-0.085544398924585 -0.0450864660600515 -0.0109661402951043 -0.131281297512757
-0.0646343278099011 -0.106578900064802 -0.051555995477031 -0.166117424542806
-0.0645681521200262 -0.145749920889455 0.0448055270851282 -0.0917274247880082
-0.0924424930446569 -0.0751864765236913 -0.0267495909030511 0.0410636311088233
-0.110945553981367 0.0025778627385914 0.0916096156750299 0.115388920595879
-0.0736124002414949 0.0521607000336011 0.169964921176787 0.0238755360778452
-0.016816076779807 0.0713163146931234 0.139445491597537 -0.109084368698656
0.0165642078115804 0.0590646691132632 0.0387043173293247 -0.149808055063442
0.0431551499460721 0.0517761348872923 -0.0370840260174312 -0.12274080967119
0.0572554003327868 0.0421151449173526 -0.0678341042173115 -0.0749450277860038
0.0557395123404022 0.0487549144350087 -0.0648303090002887 -0.0561891173600964
0.0216002327413089 0.0607011234867718 -0.061909910711291 -0.0512478576265035
-0.00773645802787179 0.0779965800473023 -0.0678471711114044 -0.0641603611371447
-0.0732799746210056 0.0709576498160649 -0.0530219548476294 -0.0847193003329335
-0.128553117586405 0.017177325358048 -0.012939035031171 -0.103830164769617
-0.114703075240103 -0.0846886895554563 -0.0296481979900023 -0.112441963732888
-0.0699274883366202 -0.167582385517153 -0.0593187758371198 -0.125783125598475
-0.0479519246181551 -0.201133483939424 0.0481691186660403 -0.0288977776281223
-0.1035777509589 -0.148165615633923 -0.0346246797217788 0.0826008586107251
-0.171726764681291 -0.0463169111703936 0.0815117004367215 0.159194677624134
-0.144922982788686 0.0568815629154712 0.17609319604544 0.0713573924072134
-0.0509023066565656 0.116014392913563 0.158483882031628 -0.0770814370959713
0.0133321690788127 0.100106509680072 0.0586218226008784 -0.121035130944792
0.0540192062895905 0.0872399614837363 -0.012458645303538 -0.0993733086108228
0.0770919162931566 0.0704085733141693 -0.0436369211667562 -0.053722637637783
0.0789765555962106 0.0742459138697924 -0.046555893765971 -0.0303025094447242
0.0339344034297508 0.0848516706724324 -0.0500047148635078 -0.0198425416982486
-0.0062004904912272 0.105773977838676 -0.0689198891634012 -0.031231069222219
-0.0950296326002448 0.0948643341123134 -0.0676005561383063 -0.0568263802064881
-0.160543013063645 0.0218991073913373 -0.0320944809255026 -0.0850536490676492
-0.136240496399929 -0.103969813784118 -0.0346116541929486 -0.0906039366140869
-0.0705419761032726 -0.201709722817254 -0.0569058949239219 -0.0714377257596771
-0.02016339499319 -0.220078947211869 0.045071984916789 0.044330203833741
-0.0853834673934366 -0.196459792796355 -0.0449525042810402 0.12450085826448
-0.193724145729764 -0.0987565854955792 0.0532582163658497 0.193309702854633
-0.191751212969151 0.0356449513365657 0.154799955513025 0.118609204052144
-0.0855057796848023 0.134919519280859 0.15923352145347 -0.0285152949081221
0.00400551524681115 0.12497235959575 0.0714354318877346 -0.0757360894630748
0.0552833443981425 0.109965072040642 0.0133813863246541 -0.0623850276309556
0.085570204126686 0.0879912507359069 -0.0139745130356735 -0.0262194309618178
0.0904341345245265 0.0883062085895594 -0.0201567344797589 9.73910932090679E-05
0.0429841364206332 0.0989146547154955 -0.0311262930425434 0.0157919889199551
-0.00171877372848361 0.11940340372901 -0.0632688090272628 0.00392632360905813
-0.103298935885994 0.10547950489589 -0.0741057959886618 -0.0265489509007847
-0.171872219994413 0.0205377278896639 -0.044239728725255 -0.0654419656715166
-0.136860937796436 -0.111026517539359 -0.026948606905863 -0.0690906320011116
-0.0580091244275005 -0.208152440060333 -0.0453304482898329 -0.013235670554741
0.00780507672719364 -0.19797849594889 0.0345480724330878 0.11482002676258
-0.0451122077710661 -0.201974536793561 -0.0532412321594911 0.157323932394316
-0.168575432576098 -0.131645476085362 0.0161306256173636 0.204614631317597
-0.194856416636875 0.00290671653708382 0.112716547879295 0.149729045511045
-0.103453125999687 0.123356013301917 0.138196655772862 0.0222024017180161
-0.00649449713990646 0.126260284762942 0.075662062166203 -0.0222581898407276
0.0491008762890686 0.1131277432434 0.0364922937059596 -0.019244225180362
0.0808478189075756 0.0927639962735536 0.0166003485663038 0.00481828481581099
0.089616812933663 0.0919324264615778 0.00814584502110914 0.0320092877192233
0.0445274511413606 0.101229237430564 -0.011300327293642 0.0498618626844633
-0.00237968243238886 0.118879948434555 -0.0552190974418322 0.038152974431063
-0.104338793699529 0.0960557540976054 -0.0753464758320872 -0.000618122427354764
-0.163044425677454 0.00761944684307227 -0.0509895444202795 -0.0487990506964457
-0.114430268062021 -0.114924191069511 -0.0150351198474385 -0.0509218803727996
-0.0309319069755266 -0.189036571074161 -0.0315120374439595 0.0410428886754308
0.028850146316757 -0.138420650150266 0.0255679234352917 0.166803224406626
-0.00401912828736184 -0.16220932451292 -0.0563635112191234 0.174009459081689
-0.112845711903563 -0.126888428274351 -0.0156245697733131 0.191576532547135
-0.158626140255198 -0.0223367790942856 0.0675117089888795 0.158415651207044
-0.095198370533053 0.0910963836491819 0.105897853788516 0.0630388892970727
-0.0111836123397543 0.105489902028367 0.0723092031632352 0.024898013757549
0.0366135255695677 0.0977871197105155 0.0558623670215277 0.020754253677133
0.0657987428384354 0.0830318629479955 0.0442633274470228 0.0338235721720449
0.0744246359200171 0.0828019086034937 0.0337908391162268 0.0619933508173017
0.0362924154209041 0.093113331035987 0.00475268990122321 0.0817575272535745
-0.00801702191693225 0.105656147201442 -0.0505801820242402 0.0686376988920604
-0.099484505083272 0.0731675060454275 -0.0792755497214893 0.019653282905704
-0.139057632573754 -0.0135476927358341 -0.0569433119643688 -0.0366051135289164
-0.0757031023290477 -0.111402773549827 -0.00421869242733154 -0.0352204482861925
0.00481918388667661 -0.148705921801641 -0.0238187737436131 0.0874032021955745
0.0423154768733587 -0.0543452715219177 0.0212737165356883 0.191126456210599
0.0292615077625338 -0.0932249956597639 -0.0454821288405675 0.173367129783062
-0.050378388272598 -0.0922914647808563 -0.0321719842588007 0.165304686715703
-0.0963499694813876 -0.0319255153880893 0.0337190322513225 0.150263554912744
-0.0683944559674811 0.0511888920231772 0.0765066814649427 0.0878542636751779
-0.0108481547897821 0.0688816891665426 0.0671805291859697 0.0587022387403424
0.0203451004976815 0.0662207121816697 0.0688237380439178 0.0514866979844651
0.0411963602562506 0.0606581518207809 0.0654549683334006 0.0567537609553924
0.0484507513183925 0.0628541248425825 0.0531593736695071 0.0875313964359717
0.0231008619170877 0.0736780722359922 0.0135956785067794 0.108983634016755
-0.0151543382608759 0.0801037299536939 -0.0547049954505575 0.0939427516765976
-0.0839979425124277 0.0420132281118 -0.0890591240562854 0.0317756272627456
-0.0986795040368599 -0.0330827595554153 -0.0655807533056998 -0.0323936293187954
-0.0290134017565643 -0.095693794719277 0.00220226781533157 -0.0219712110501151
0.0416259695381355 -0.0885808762912789 -0.0241025710093153 0.121928349276745
-0.0522068956175265 0.0131534133464668 0.0166722646278974 -0.155499426687768
-0.00903151794262296 0.0581924048381978 -0.0259021535329726 -0.00342187102219621
0.0393304110216687 0.04576833090825 0.0749380459583565 0.049185880013508
0.0502346887070436 -0.00770400092322297 0.12107879228915 -0.0295034198157148
0.015082805146548 -0.0371798060588738 0.0855502089783055 -0.117497194433668
-0.00379819936562321 -0.0279836775540797 0.00248522199860664 -0.152472157846637
-0.00448862992277748 -0.0289346477602365 -0.0657489820680503 -0.119616973023319
-0.00445460742366454 -0.0294085035771866 -0.0866753186700249 -0.0780884131358499
0.0016690520239818 -0.0255583822770762 -0.0809823393326959 -0.070964799332078
0.013235710965491 -0.0152243499737716 -0.0732250816413183 -0.0813620452890186
0.0275329742684743 0.0021497508456149 -0.0649762028605472 -0.099589789799106
0.0254077878453699 0.0350716807376492 -0.0268845147700516 -0.125038362082601
-0.0196248640801298 0.0553192552090673 0.0265027152156706 -0.139214354118092
-0.0605296101941421 0.0190863454664865 0.0120121222910682 -0.147628192894881
-0.0635688404176895 -0.0240380602638882 -0.0453429918564328 -0.189133385187551
-0.0702726169245897 -0.0703768881405114 0.0308578832434346 -0.136950794659334
-0.0596369311945762 -3.01890713545055E-06 -0.0246411196957716 0.0123717835165241
-0.034586548171365 0.0359134418475771 0.0905451066041237 0.0763680997071188
-0.00413131944614702 0.0285727623822854 0.150587590809952 -0.0133097008019008
0.00687379752873989 0.015427588363421 0.111179126198676 -0.126637916531763
0.011125838655527 0.0134033805084833 0.015333969053333 -0.163441280137061
0.0240987720979296 0.0108836755422638 -0.0595515483307601 -0.129908112765984
0.0293855167578121 0.00608021517748921 -0.085424244782711 -0.0808760270043704
0.0308830757142 0.0135535103310332 -0.0802036759096423 -0.069941621381963
0.0147045141410302 0.0271704627867117 -0.0721674138421168 -0.0728075361300763
0.00369606685633939 0.042853867993147 -0.0674723001940409 -0.0878025273569857
-0.0328216977044726 0.0490228730160115 -0.0394030860494334 -0.108805231468082
-0.0797920071096729 0.0279369491425965 0.00798921891838556 -0.124561050803577
-0.089123557671184 -0.0431992118832592 -0.0127689038567743 -0.134609491386521
-0.0697148202552786 -0.107730549408355 -0.057150624197391 -0.169973052694612
-0.0718519329440646 -0.148242759656061 0.0429873004727297 -0.0943051157261936
-0.097235989554932 -0.0751676215116981 -0.0269319005934334 0.0440697225080086
-0.11337480252461 0.00598155124484677 0.0976991149341965 0.117380693423605
-0.0749726779056287 0.0555447939804891 0.176493458766279 0.0211935783835989
-0.0142537127214289 0.0739807818746019 0.139535677618582 -0.117435921763095
0.0187981972002803 0.060291050537096 0.0349142018541038 -0.155597353605369
0.0467565004847542 0.0521541316929093 -0.042316510606188 -0.123754370150815
0.0605024249601031 0.0405360248736149 -0.0711274924507914 -0.0720467618696435
0.0593190203050643 0.0471042994347189 -0.0703849924438251 -0.0541530822347157
0.0237298613681545 0.0625687988001733 -0.0662267201404169 -0.0498809345966912
-0.00532011571811254 0.0802334010391997 -0.0734466273213359 -0.0633192152616633
-0.0729628987627545 0.074926693155513 -0.0579057072562513 -0.0863073691850137
-0.130989024641568 0.0224224477516995 -0.0161921024034268 -0.10867505283885
-0.120860270831947 -0.083787559672268 -0.0318007945293878 -0.11440224887414
-0.0778994149932758 -0.170211408296782 -0.0637460163603825 -0.12726021025283
-0.0559543825181886 -0.204938813554227 0.0484526207399534 -0.0302236593721322
-0.110556100558507 -0.149982119840679 -0.0335449762732094 0.0865985934464104
-0.177516687294991 -0.042105443944695 0.0886122731168814 0.163761500565501
-0.147749073759882 0.0626201429914578 0.18303966895707 0.0693775774109303
-0.0482724613572009 0.120873909031681 0.160083746439592 -0.0853515646527732
0.0167270198806089 0.102893250350509 0.056214438207364 -0.126676066966769
0.0596511015350368 0.0882538289496335 -0.0166936377673994 -0.101137584738856
0.082266446892668 0.0685867123905599 -0.0465787789441286 -0.0522525522385954
0.0838764158762585 0.0718658744148752 -0.0500113700135709 -0.0292529824727652
0.0372782944537629 0.0869725892344162 -0.053327788678995 -0.0180104618950408
-0.00222527771852251 0.108136158360018 -0.0737955539913419 -0.0299418083508192
-0.094207539886845 0.101249290583926 -0.0724949175782121 -0.056875270605685
-0.164208061708874 0.0284335949143738 -0.0358436776183128 -0.0882721764475241
-0.143901982940333 -0.102409048432558 -0.0372122563249328 -0.0914398914842807
-0.079516077198588 -0.205457221036153 -0.0596260159934386 -0.0715556774935287
-0.0275165430734581 -0.225686227027158 0.0462222430626267 0.0451732635427355
-0.0937947081586595 -0.200883162929318 -0.0436766360648769 0.130392459158066
-0.200485960643468 -0.0953083972853071 0.0593545888467521 0.198098750211759
-0.196954201778708 0.0429839030817465 0.163346889294932 0.11949526714729
-0.0830332216987486 0.14185356499703 0.162428505426133 -0.0352187398941255
0.00815498005602765 0.129051841099572 0.0720098109154058 -0.0802330588148224
0.061495276526724 0.111249916347776 0.0114355143617909 -0.0639487428849182
0.0918912439284436 0.0868387466849246 -0.0153368472993685 -0.0249786552595601
0.0967437002258845 0.0863214114152091 -0.0217276123190761 0.00165572494524998
0.0472114053412677 0.100044014676034 -0.0327154466159166 0.0173592079272163
0.00237541660297077 0.122949541242595 -0.0662351499845095 0.00696911143989996
-0.10349875721016 0.11135849185892 -0.0783656577667862 -0.0258832418739808
-0.176227122281309 0.0279136705895809 -0.0483930837841581 -0.0674653827361784
-0.144234540641492 -0.110272618753081 -0.0302317250876932 -0.0704495281368701
-0.0675484529794828 -0.212577345644152 -0.0460752025489009 -0.0119330894192451
0.000446550741984667 -0.203481488813493 0.0380286307874408 0.118609792960689
-0.0525716317750092 -0.207300442259593 -0.0522576168527772 0.164094908329104
-0.176638973772312 -0.129121779981532 0.0213923516819234 0.21088305476825
-0.201667894164808 0.00928147833912913 0.120542353290918 0.153243649667184
-0.101501335438066 0.130346415632365 0.142700677621794 0.0185841644434956
-0.00184870217356955 0.129874928776847 0.07738075413667 -0.0254551383785217
0.0544237833699984 0.115327613077736 0.0377614449324574 -0.0214814529710987
0.0882496736761324 0.0908290638851038 0.0171459094111656 0.00450950248885395
0.0961572998274687 0.089634073690866 0.00904098808944342 0.0322544291237531
0.0489216387382807 0.102753343330573 -0.00973877586940848 0.051871167296865
0.0016118863910166 0.122372366394129 -0.0562874327140815 0.0419427478078101
-0.104841127584578 0.103542759666185 -0.079410945479236 0.00122351878444671
-0.166643332584238 0.0138755720136414 -0.0553524722932411 -0.0502065820008029
-0.121157117829048 -0.114017456453309 -0.0166646445572305 -0.0519066381569131
-0.0389839845789072 -0.193454212187571 -0.0302791281917714 0.0435114165598643
0.0254764376264189 -0.142837549359226 0.0296893995198571 0.171557076447686
-0.00866391463308319 -0.168174792551375 -0.0544753524779051 0.181291027527526
-0.119680897935567 -0.12735652294866 -0.0118509527690035 0.198234130737744
-0.164034413543247 -0.0178703456997876 0.0740589155249532 0.162709049460212
-0.0949101027954284 0.0978758210320988 0.111203379483676 0.0608785371385648
-0.00745060725321391 0.108755095203126 0.0759487609842169 0.023732302396458
0.0417047884198895 0.0987997434545941 0.0578425640064398 0.0193717201858585
0.0716333278090788 0.0818170442011797 0.0456371049191887 0.0331155573122444
0.0801195457659769 0.0818622106382932 0.0365527861595667 0.0615783709741128
0.0417076236201504 0.094388858530886 0.00777429165867075 0.0834857253283816
-0.00432120564272567 0.108434985166556 -0.0506606521590739 0.0726860296414704
-0.100467415411231 0.0800436678891688 -0.082045882986 0.0221055683244494
-0.14238579179383 -0.00867639567845556 -0.061032547182191 -0.0371631760244362
-0.0816533977406825 -0.111574190448546 -0.00551699549381397 -0.0362110999950159
-0.000431294751769964 -0.152988663139888 -0.0207645841872933 0.090162505179661
0.0414379435560309 -0.0564033279918836 0.0264861814291035 0.19666637567804
0.0272460294318865 -0.0972227167852105 -0.0436036464431182 0.179181490233865
-0.0541031248256845 -0.0928322895359976 -0.029217228772767 0.171661976781356
-0.100748481064326 -0.0297403101524351 0.0400543033437393 0.154592158387892
-0.0677995334480903 0.0554753840930741 0.0823720208246243 0.0877902833683482
-0.00845596653650215 0.0708002898372893 0.0719112558632407 0.0581370741118578
0.0234457283166605 0.0670979542787342 0.0721601582025983 0.0503482462984569
0.0449585788527782 0.0598821951393945 0.0683751712620533 0.0550145591213053
0.0523318978809686 0.0625503930522069 0.0581361479168921 0.0868480210978463
0.0264004823121939 0.0744515523310307 0.0175889289984823 0.110776867725665
-0.0126715311989575 0.0827723496297915 -0.0535599216128052 0.0984314161768043
-0.0859716428520204 0.0457399546771795 -0.0919203261306251 0.0345810975168291
-0.101594716710601 -0.0302230397586905 -0.0695269974871588 -0.0325927701505307
-0.0323109431906454 -0.0968333657055474 0.00178557375503421 -0.023970143120414
0.0383973847267213 -0.0922089015821873 -0.0203379582968679 0.125463197293437
-0.0522182555072309 0.0149940253108094 0.00937146693483221 -0.158635359378305
-0.00650077606765675 0.0585913969305474 -0.0256672709579402 -0.00154670284911395
0.0415454235878256 0.0440527999864036 0.0800068232042413 0.0480072691825251
0.0504502028205268 -0.0104409132236501 0.122440432226256 -0.0349679582436676
0.0124291087837421 -0.0384003207129119 0.0817387779850417 -0.124453849413861
-0.00534002702903142 -0.0279533529927713 -0.00544164875396423 -0.156476371674376
-0.00607356049153462 -0.0290627005730238 -0.0720762300040939 -0.118000852952122
-0.00722324281603389 -0.0298291192791736 -0.0905927227476836 -0.0739030269733352
0.000439874555809791 -0.0262640799264123 -0.0872975106037843 -0.0667741772781243
0.0131099031714477 -0.0160868170565479 -0.0801532034113067 -0.0791583344536765
0.0281136494826762 0.000496880861607147 -0.0717475106831863 -0.0985730910776322
0.0272665194553767 0.0340043182568563 -0.0325382183596053 -0.126313435677141
-0.0171928226534745 0.0572283695311838 0.0217076468907234 -0.144021010371197
-0.0597473988049376 0.022597202551784 0.00796600668196393 -0.150521975908816
-0.0646515810882749 -0.0206386478715101 -0.0530462387495384 -0.191608456055281
-0.0747357728158523 -0.0679495635719259 0.0245101821246766 -0.139978801573182
-0.0608424973232008 0.00175877716188587 -0.0246908055871756 0.0157464948034198
-0.0341599084722748 0.0379599011065867 0.095866087991545 0.0750777203951818
-0.00284032525826084 0.0286585528533015 0.153192563933168 -0.019587709807973
0.00772245498253577 0.0157985866768025 0.107044788897173 -0.13435802719101
0.0115336405386845 0.0137292657385953 0.00686200502554312 -0.167747518762452
0.0249332927850797 0.0101623996545867 -0.0667887293798595 -0.128181684880614
0.0301087284303676 0.00388852893262412 -0.0894692355509057 -0.0768486406587593
0.0316518507106973 0.0117072757834529 -0.0868594423087493 -0.0661449091786037
0.0160974956298858 0.0272320174894938 -0.0785198387011395 -0.0699172289243192
0.00550891500861888 0.0432969478705367 -0.0741480931085313 -0.0859501085152163
-0.0310111942778054 0.0516121611251674 -0.0448053957202106 -0.109013644471749
-0.0799271574126525 0.0320134943502989 0.00353882317319943 -0.12883760260363
-0.0928859064167384 -0.0407274349089081 -0.0167707916139671 -0.135750686275998
-0.0763514814987274 -0.105967842868873 -0.0641199156788818 -0.170454595247788
-0.0797508952900195 -0.147104985583078 0.0394648927800602 -0.0965765728352147
-0.102752126747611 -0.0719346764021155 -0.0253192101902826 0.0478298796616109
-0.115099008295712 0.01101763396936 0.104461632021084 0.116926579814803
-0.0744091349492936 0.0603920734403307 0.180676587565933 0.0146446477004816
-0.0111421893600149 0.0756924282650925 0.135518264669788 -0.126979225068438
0.0214985512895236 0.0608038337458861 0.0280246976162567 -0.160546732534715
0.0502159058834759 0.0509333912537294 -0.0491324432256237 -0.123038277020033
0.0629914450835603 0.0365024691651836 -0.0754760816196254 -0.0682717581004873
0.0627278946656581 0.0445067343118972 -0.0755583245811443 -0.0502885910477658
0.0272166703654578 0.0629987365105618 -0.0714863402457365 -0.046749949854209
-0.00134326265465918 0.0822511635437755 -0.0790929921774391 -0.060750050322732
-0.0713722876278097 0.0803138954037842 -0.0637734726694187 -0.0853203189649152
-0.131988042554161 0.0293779160157179 -0.0210619686371769 -0.11156637066579
-0.127276135850223 -0.0792455781879776 -0.0356934930419073 -0.114643645899581
-0.0873435689151548 -0.169448100153082 -0.0697638140246677 -0.126652125908776
-0.0667516764959585 -0.205796647909393 0.0482784839684553 -0.0310933130785141
-0.119601661529377 -0.148683581366009 -0.0307390165958321 0.09067449353448
-0.181000392451601 -0.0342849471774713 0.0964471461165828 0.163328540605735
-0.148260111777279 0.0706696143161419 0.190559252823322 0.0642696142839667
-0.0434090697741991 0.12566902144289 0.15872786330071 -0.0947493228589172
0.022202707427405 0.10407136350747 0.0510557654996351 -0.131983170986481
0.0650788706964062 0.0877686529464729 -0.0217969857378725 -0.101450411057742
0.0872168607832424 0.0644761141538046 -0.0496801936286542 -0.0492940077050221
0.0879206936261655 0.0677976252992652 -0.0530980950565866 -0.0258589825166401
0.0422545443749485 0.0869423248888946 -0.0562028411243616 -0.014768967521368
0.00281197031485691 0.110511088663671 -0.0779648304427543 -0.0259487496389421
-0.0920778137306217 0.107672494230046 -0.0767351600286624 -0.054384125030058
-0.165753220426095 0.0369531335613905 -0.0413771484742323 -0.0897561379130354
-0.150590352924712 -0.0975797593938945 -0.0406726757013233 -0.0910371521568235
-0.0913181893529167 -0.204629708043104 -0.063354354983622 -0.0691692258415906
-0.0400129309891758 -0.228026863389042 0.0488214425540685 0.0465614721986995
-0.103788881409272 -0.200514229397771 -0.0388701878998569 0.135455228706178
-0.208150112299836 -0.087390003033022 0.0689675208299596 0.200886611409656
-0.199506314646721 0.0533901448435986 0.172275347154469 0.115968006577889
-0.0765085207776418 0.148669398759883 0.162895611288756 -0.0437021213677963
0.0144078296768321 0.130670037700888 0.0702002511123383 -0.0848334378414084
0.0687207558766503 0.110458223597645 0.00857505010753901 -0.0659640038188899
0.0982222029422775 0.0815694232357084 -0.0172946538453626 -0.0235574793328742
0.102090559677462 0.0808153040528491 -0.0226011143088039 0.00358761083621849
0.0535463640357609 0.0994613561027757 -0.03352215094915 0.0196134087618407
0.00877778446602408 0.12352194579378 -0.0679279763924286 0.0111448221339858
-0.100088514940128 0.119197744112163 -0.0823122863396601 -0.0217247574657752
-0.176046447674331 0.0376714013060072 -0.0538153018100977 -0.0681214027385702
-0.152782233689082 -0.104728307411132 -0.0325347651368236 -0.0699280775142176
-0.0798928332115051 -0.212027415104543 -0.0468834959607953 -0.00895684292873529
-0.00809727576717341 -0.20631707165677 0.0436759709113271 0.119811184900745
-0.0630586627741933 -0.209992171128782 -0.0475937878519723 0.170010672383562
-0.184696847338078 -0.122685892805537 0.0299781762031282 0.214517386738595
-0.205585943496214 0.0176823100715015 0.130383867146401 0.15214925118436
-0.0959413646140434 0.137841242162974 0.145618663866406 0.0117746200336294
0.00519344127542436 0.131813439848714 0.0784697213012915 -0.0283660002814904
0.0613434741231943 0.11404968373707 0.0371079579339521 -0.0228310222250679
0.0948135957560574 0.0864631115050116 0.0171165293170927 0.00468898387286763
0.101547831141403 0.0843097960973523 0.00945498073585942 0.0328566172204402
0.0547778250618792 0.101858257512054 -0.00902832953701036 0.0533462204643835
0.00745878589200738 0.12310685653864 -0.0562222956184677 0.045568513084089
-0.10144744938115 0.110921032562104 -0.0819160816782861 0.00475125757244116
-0.168559514337425 0.0234906051247398 -0.0601391600762178 -0.0501681366631002
-0.129356428021491 -0.109609360998834 -0.0191931215545539 -0.0522101393499816
-0.0503131302910553 -0.194130113495066 -0.0290094890693881 0.0460428591560518
0.0193821873613228 -0.145802897448842 0.0366585219423843 0.174772968050385
-0.0163600954259599 -0.171402680114273 -0.0483308524616982 0.187095048962934
-0.126434145824232 -0.123591414595643 -0.00514898137993212 0.202652690770002
-0.168943258986035 -0.0103418959944869 0.08385222952548 0.163881505255859
-0.0911032047448305 0.10365421711165 0.116159292567639 0.057522368410879
-0.00227707843380874 0.109612864177297 0.0798332962036972 0.0210447372208769
0.0478271428438105 0.0983538117835741 0.0605593768528041 0.0163572004985033
0.0774866072050861 0.0785708952461414 0.0473336289733651 0.0309718996770636
0.0857551151507203 0.0773247207559047 0.0397206356578244 0.0608731881274824
0.0470356333743817 0.0937977248505354 0.0121425060590419 0.0840450685394558
0.00124630507316699 0.110243186595768 -0.0487095513349974 0.0762604216057881
-0.0985095185314934 0.0862306319586847 -0.0842057713232215 0.0263830591054643
-0.144868078113878 -0.000857739942822309 -0.0652883637111558 -0.036395258256416
-0.0886194949092892 -0.109308780646291 -0.00695474048506813 -0.0369531895309945
-0.0086150152853102 -0.155372912301451 -0.0159237950155379 0.0930176969353449
0.0393879309107778 -0.058824057595077 0.0339465626780573 0.200141350403625
0.0245394508982765 -0.101165291835379 -0.0383935415129291 0.185108650662046
-0.0587522649314203 -0.0916370476943633 -0.0236904995855368 0.176346871895466
-0.103329750750496 -0.0256823895035885 0.0471118770961309 0.157187402749536
-0.0652983177341023 0.0588067608071247 0.0884721648262731 0.0852889535902746
-0.00481555334493194 0.0712486960193713 0.0777797566396437 0.0563827614403078
0.0278185842535465 0.066360893473496 0.0759366025502761 0.0479353945272969
0.0495149396972961 0.0577028114893621 0.0708637195992968 0.0516702824210424
0.0566564255903275 0.0595066147603917 0.0624245630470365 0.0844128011400872
0.0313942026541298 0.0744095497373966 0.0248376155297254 0.110898868722229
-0.008142463738405 0.0841051591315168 -0.0506745126458713 0.102734599520077
-0.0854734159258677 0.0520603391807172 -0.0931188292306506 0.0394078856650435
-0.104130688312357 -0.02540679191161 -0.073552070817421 -0.0306575815220893
-0.037774436637957 -0.0963370054324015 0.000678116422577864 -0.0241593770616382
0.0350346394202617 -0.0958637733788473 -0.0143379976744418 0.128828718629668
-0.0504392899499274 0.0206977015217973 -0.0136272762285955 -0.15806544594291
0.00380370641243063 0.0583488481410968 -0.0279730924507132 0.00233318324674568
0.0492957603308815 0.0356219632770328 0.083530945898139 0.0381224086462211
0.048942365425597 -0.0209137040895267 0.11474674534662 -0.0491120450229142
0.00644756937095983 -0.0422396553315231 0.0633065659302557 -0.133430252078767
-0.0123665960120325 -0.0299011349599445 -0.0285101030510955 -0.152293572583866
-0.0133238918995826 -0.0292364950043061 -0.0878428404023062 -0.103632600047628
-0.0128223457332057 -0.0274063410906873 -0.097367460201338 -0.0577089977393493
-0.00540305239352919 -0.0253284334472078 -0.0949269352281269 -0.0530931027857011
0.00948683277257188 -0.017104767272663 -0.0915240872607808 -0.0673465132718784
0.0273421513666421 -0.00320159656822279 -0.0842062471545057 -0.0874229803621429
0.0310221692170172 0.030272833511998 -0.0477478154350695 -0.121302551733412
-0.010811882369563 0.0592996208112308 0.00578888083946895 -0.148442075845541
-0.0564741071748259 0.0317742024934095 -0.00701847165529952 -0.14971181356451
-0.0692302050103714 -0.0115195434507543 -0.0721531337425938 -0.180843153984106
-0.0869486536825143 -0.0573231009927937 0.0079943094446057 -0.140876937652575
-0.0598063980496115 0.0122689989627002 -0.0203553081746923 0.0170304097133757
-0.0251168506903866 0.0423567811231005 0.10544032004487 0.0583117950101665
0.00479782871274914 0.0273203456231534 0.147418700789551 -0.0428767350433659
0.0106409146118992 0.0110315115715685 0.0843403611032206 -0.14882428914888
0.011510184460681 0.00818589993128671 -0.0198607172154757 -0.164803189680371
0.0249803050081267 0.00403126150118269 -0.0867935515500347 -0.114946341880577
0.028081604226924 -4.69286166621466E-06 -0.0975721245481164 -0.059980245934934
0.0312790291918773 0.00667584775573684 -0.0954174051867355 -0.0511290326584169
0.0199758956594802 0.0257671987297847 -0.0885856773416443 -0.0596312576094552
0.0121649684673557 0.0419051508285262 -0.0855888395242264 -0.0760846725088477
-0.0247082050602222 0.0567655245653427 -0.0569604696860366 -0.104343454134092
-0.0748666476615512 0.0444441376424192 -0.0095083849796737 -0.129841458026433
-0.0977050396237827 -0.0257501111157243 -0.0319144435885995 -0.130639824063399
-0.0910884581931334 -0.0942370042797738 -0.0830943456294069 -0.157219728920161
-0.104680650456106 -0.13300700289617 0.031776169881916 -0.0985578233097077
-0.112480881787523 -0.051987910721991 -0.0124195477170743 0.0483048987674317
-0.108407493853011 0.0307919331847606 0.122599478925569 0.0936833313919929
-0.0595750372259285 0.0708622597356012 0.18069388171902 -0.0165250722180333
0.00225752129637493 0.0721080900651045 0.11129059493365 -0.147183758299511
0.0283375433387243 0.0525279870531494 0.000150761600864358 -0.161118200011561
0.057467688855718 0.0412319071289967 -0.0693529674359077 -0.113833755139297
0.0654613494732377 0.026407009076642 -0.0833347904914093 -0.0533894753046856
0.0675303228148225 0.0332682113660503 -0.0822406383103668 -0.0377590930615955
0.0361302074196572 0.0593171060043546 -0.0793803768930522 -0.0372840809415588
0.0107997602911623 0.0811378443988914 -0.0875306122924266 -0.0508033070933931
-0.0600602708024297 0.0926131124583662 -0.0720803348974498 -0.0795454313219227
-0.126627754663487 0.0497743547069261 -0.0312348481564829 -0.109332313426069
-0.136762899708504 -0.0591274958985398 -0.0491385011232736 -0.10648034883149
-0.111188351210351 -0.155147191302353 -0.0851227620670745 -0.112240437721885
-0.100654969861226 -0.191472716703867 0.0520958081902085 -0.03369372942988
-0.142046643419043 -0.123357232058452 -0.00739844736420466 0.0925996647964934
-0.180675391626421 -0.0027113955202942 0.125477733638473 0.139448952940666
-0.13025127866157 0.0945103770876357 0.198883018564313 0.0263464240912044
-0.0201895104706723 0.126508323270759 0.13605949130991 -0.121037933682629
0.0367968806243569 0.0944240013015362 0.0265219478881954 -0.137044230726708
0.0795092582768029 0.0746514680007496 -0.0404101838670858 -0.0981441808242902
0.0937272718907422 0.0490412017894012 -0.0568522030362149 -0.0383152593967403
0.0969441281285484 0.0520217886958369 -0.0566824208438866 -0.0161036827920731
0.0555538396952387 0.0808096329808619 -0.0594476804046274 -0.00784447463257463
0.0193457224674466 0.108250136521599 -0.0822990499735919 -0.0162550665890456
-0.0758945071395731 0.123488700391002 -0.0819120989376145 -0.0476426959001839
-0.158149061470603 0.0626072652257845 -0.0484358252012964 -0.0851186630853177
-0.163470459096916 -0.0728436117222353 -0.051937025758582 -0.0810688652027482
-0.120049388158843 -0.190034579856913 -0.073487310786579 -0.0556175668720637
-0.0768194590278281 -0.216215401096954 0.063750179986599 0.0434624411652705
-0.135343010788005 -0.175750819737688 -0.00779877778779148 0.139038813774374
-0.215238310192143 -0.0488242861584718 0.106541619144271 0.178404067390421
-0.183403346645003 0.0878176310616606 0.191489687037704 0.078172489830009
-0.0479815347335955 0.153995487876372 0.147300909764232 -0.0732445686172324
0.0349873358134181 0.12216108806042 0.0508407878228897 -0.0944457497348733
0.0883400352621311 0.0976256020885001 -0.00537056268974784 -0.069208449787017
0.107283029378454 0.0645113955523125 -0.0216439894556177 -0.0180914419531516
0.114738011865642 0.0618570759766516 -0.024013662009728 0.0075927445378472
0.0693287268067927 0.0914372105395611 -0.0328377251306078 0.0229271764892566
0.0275031128026608 0.121024728793894 -0.0691026652295897 0.0187752887373503
-0.0806174250502503 0.137092398730582 -0.0825886779437014 -0.015895359470226
-0.168396848763363 0.0649755244173426 -0.0581039182344536 -0.0617389294956557
-0.165810197129302 -0.0797847385200161 -0.0415449363356937 -0.0609651294668526
-0.108934186408684 -0.199138479059994 -0.0504120239435407 0.00105680249512363
-0.0420111580518843 -0.199187469052851 0.0674847579134081 0.116729084914395
-0.0964731122594648 -0.190756638073081 -0.0115774622475858 0.176335175961674
-0.19884203286116 -0.0864679159748739 0.0717172207149697 0.199686209737688
-0.195619980267602 0.0561675964452862 0.157646230013486 0.121033880873134
-0.0676908447233915 0.14831279808901 0.139846521404041 -0.0165156075328119
0.0266431301956133 0.125082893576293 0.0687949780176384 -0.0418694562924694
0.0824285643486802 0.10271774556919 0.0286385068319749 -0.0320625310341747
0.105327523996685 0.0697284505226744 0.0148709214665837 0.00404421235542223
0.114465301860307 0.065902094294999 0.0124940109415324 0.031521152896089
0.0719136315068788 0.0924381019733146 -0.00361298443269797 0.0529356838770523
0.0271837698011469 0.119685956357705 -0.0522866158671107 0.0511096868067025
-0.0833056114815262 0.127928727261797 -0.0797534171869465 0.0121915800346081
-0.161968441059251 0.0493753289471164 -0.0623684984071161 -0.0424984575484074
-0.143479584951896 -0.0875247181648709 -0.0267644902849349 -0.0461746902609493
-0.0759821617827911 -0.186205596907295 -0.0259762837525072 0.0526100283989232
-0.00409703375083846 -0.143189333542446 0.0657904411906515 0.171376970465534
-0.0436037941707335 -0.161904617101797 -0.0125564655404077 0.194181903647876
-0.142870665107058 -0.09757343504363 0.0340551755302372 0.197000786742393
-0.16541942158081 0.0213983890070321 0.112918230189446 0.141875286574405
-0.0681590691032152 0.115637319010718 0.118965815196333 0.0333555025503021
0.0175126917494985 0.105723643929782 0.07803116286266 0.00734054005718212
0.066154182738206 0.0891077123027252 0.0587166866932923 0.00349173834800606
0.0881210719882129 0.0641512967919712 0.0487933507038997 0.0246870416747686
0.0979363534128561 0.0610792433959127 0.0456247478216079 0.0547536449592052
0.0626092229534964 0.0849690419441266 0.0214871628890643 0.0811915907927005
0.0188433970959783 0.107922109623727 -0.0403119777443857 0.0803189777403461
-0.0840939820113159 0.102699576945564 -0.0792126179814499 0.033954853577375
-0.14170233525543 0.0219203756150055 -0.0672296092579614 -0.0274850429176143
-0.103257944898246 -0.0940464046863528 -0.0135236451156092 -0.0326528863984443
-0.0296681078335339 -0.152768277619866 -0.00860071159217618 0.0960614037188665
0.0322373749207305 -0.0605558200665045 0.0623694541896758 0.193900198924166
0.00760023830965618 -0.0991286160972677 -0.00670151854522967 0.190851363118355
-0.0707361855786985 -0.0765782201203365 0.00770859191412521 0.176104792804016
-0.104849921454239 -0.00420066459368782 0.0750027386503289 0.143585974660691
-0.0508639084557949 0.0686815509091956 0.0992473419033996 0.0669178741556769
0.00920408646501044 0.0697685019448296 0.082868763772061 0.0426427021222596
0.0411185710100718 0.0609555654940966 0.0799948478838759 0.0315236986580367
0.0577709138477256 0.0481095773949444 0.0745270991799286 0.0406206422161397
0.0666210031321829 0.0482783139395574 0.0706272367505719 0.0747316813052618
0.044224741796417 0.0680037587405127 0.0364915511299448 0.105982783053045
0.00572710414280845 0.0842721792718905 -0.0378682325956516 0.106764060828901
-0.0758961287374978 0.0660970398364935 -0.0865018757263919 0.0488863466141634
-0.105742983954801 -0.00850809002041121 -0.0754643813456249 -0.0203980105246369
-0.0510049621934948 -0.0885817577993467 -0.00482024236218253 -0.0236111311646451
0.0220110385286882 -0.0999431990682285 -0.0013046212806687 0.129017652070402
-0.0493313637246866 0.0204033708489241 -0.0178132381990653 -0.154262217005902
0.00456821182827575 0.056504049315774 -0.027377299616596 0.00356093627595852
0.0486083910927698 0.0336003549058969 0.083938723907827 0.0360589002994045
0.0476353150976019 -0.0218153425052686 0.111987296534254 -0.0512603695958678
0.00416633612331818 -0.0406652116194187 0.0582726160093905 -0.132172620953945
-0.0131541362674237 -0.0287553723769794 -0.0338062281269641 -0.147921144114163
-0.0142245640047354 -0.0283323482595504 -0.0883300346415799 -0.0979569906467002
-0.0141818050510075 -0.0259021588064381 -0.0955825858323296 -0.0539799032074353
-0.00658777156339407 -0.0242651412921173 -0.0946749171616047 -0.0481348294509548
0.00877699585444948 -0.0170463561111826 -0.092356981743835 -0.062716001205865
0.0267239731055545 -0.00441167846586684 -0.0857807311188704 -0.0831144221089155
0.0305286112254769 0.0282431973480251 -0.0491712397372747 -0.117773599941717
-0.00882803665296552 0.0575188623040902 0.00257828036765696 -0.147000648438524
-0.0538957072787643 0.0319110417610999 -0.00906139797460617 -0.147145680271193
-0.0669345465350935 -0.00953515470223975 -0.0740376171660561 -0.176004751376574
-0.0864290014087109 -0.0542105472934348 0.00477319720103815 -0.137415136904067
-0.0585640490632157 0.0135603358438428 -0.0189965391791356 0.0179270561492201
-0.023448311995353 0.0423202871332157 0.105612507137714 0.0552796466362206
0.00444044066806812 0.0263286483519176 0.144457272338661 -0.0446335046228913
0.0106355932825275 0.0109717963939572 0.0772680821373033 -0.148592157232977
0.0106464662004377 0.00754390503697472 -0.0251074773730598 -0.160821885486122
0.0244302565748278 0.00327730945450038 -0.087882363683662 -0.109168895222104
0.0272104313217285 -0.00093127304058634 -0.0962624989000275 -0.0554776998130714
0.0308445151747838 0.00576410659617634 -0.0949806978365616 -0.0462524969380107
0.0201561769622661 0.0249647205477923 -0.0896528779604488 -0.0544928785599348
0.0130709850798864 0.0402198206748893 -0.0866411981481644 -0.071684477884581
-0.0233624582915621 0.056636655514733 -0.0585096851023763 -0.100982077668387
-0.0717811556034935 0.0456675333259054 -0.0121080413959152 -0.129332186975801
-0.0954898144410178 -0.0227863087151516 -0.0326309333409672 -0.127542619491733
-0.0913270293112544 -0.0899254868145193 -0.0841534211836195 -0.152127933239951
-0.105990026336948 -0.127369303457268 0.0294916925347216 -0.0966667117567992
-0.112430938879696 -0.0487345699190856 -0.0112667466070748 0.0483557126514288
-0.104996360582915 0.032592852510893 0.122829256761311 0.0905197076621397
-0.0572918291303948 0.0709383881597181 0.177436784794958 -0.020007141624653
0.00412415334483022 0.0704890847064758 0.103319983672938 -0.146534115545382
0.0294871695126391 0.0511465011677722 -0.00510393971175651 -0.158384222230478
0.0581961195767653 0.0383443597036575 -0.0720468795666158 -0.108976530705525
0.0649817198140309 0.023546441760252 -0.0821980998454734 -0.0490698206110118
0.0665613435355872 0.0298650969432039 -0.0818308957550446 -0.0327508768938262
0.03770343577426 0.0571044111776755 -0.0794019145438347 -0.0332333580355457
0.0129629983624402 0.0788420449780297 -0.0887012775078778 -0.0459503289633964
-0.0564489225319345 0.092389728387797 -0.0728445070735524 -0.075758513679179
-0.12213467086468 0.0521205468848619 -0.0332659597613057 -0.107431200212111
-0.135171310331386 -0.0543035319536344 -0.0489250840822117 -0.103329149823553
-0.112583061918966 -0.148501987048971 -0.0851027824322512 -0.107307279501749
-0.103125724473137 -0.183756818960683 0.0515334831403113 -0.0338105956845482
-0.142360692688248 -0.117080768096513 -0.0050161523979321 0.0913318849532889
-0.176549023117391 0.00203679166218813 0.12596549909019 0.134333964216918
-0.125959037775064 0.0968915963418586 0.197185330675388 0.0225632338619234
-0.0150881617193701 0.123801558994043 0.128928912964253 -0.122020858958424
0.0380722094044548 0.0916292833677061 0.0223534292442562 -0.135327912206562
0.0810062566526386 0.0704159511003371 -0.0431203750280721 -0.0941025525990855
0.0929755818792703 0.0449381687362008 -0.0552353498630927 -0.0351624231599317
0.096728871082046 0.0460886124292138 -0.0572303929123052 -0.0125756467374731
0.05665782362676 0.078122085463415 -0.059426598161467 -0.00519507261483364
0.0225605906562256 0.105361400649608 -0.0829258047670878 -0.0127755258535426
-0.0707937359918031 0.124062516980084 -0.0823511945545266 -0.0444352851662635
-0.152050414280572 0.0653459179568128 -0.0507801504125772 -0.0836745415196211
-0.161621587629517 -0.0666253011816733 -0.0513572534404654 -0.0797043079489688
-0.122605320475274 -0.182559948043413 -0.0726384429733514 -0.0524806317899716
-0.080180875770471 -0.208792439083738 0.0639721583909253 0.041841888346086
-0.137279533371843 -0.169619150727353 -0.00465383089293545 0.136820643086345
-0.211064589739172 -0.04294169680624 0.107142825867523 0.174527419116656
-0.178697793453412 0.0914798981179377 0.190793526610475 0.0746403430816899
-0.0422997777505834 0.152087425171817 0.141976912781223 -0.0760002635581273
0.037216829756309 0.118621558693118 0.0481866612950526 -0.093868902384913
0.090263896406338 0.0922855083413507 -0.00790368539410751 -0.0668603892287746
0.107405064653027 0.0592685190077485 -0.0213184082398252 -0.0168723624772194
0.113133565467771 0.0562871060407799 -0.0235475236340676 0.0092287919905676
0.0709945950813618 0.08766221657771 -0.031333356473347 0.0240834313156304
0.0304257566071859 0.116935427566574 -0.0684455997685503 0.0215832402520805
-0.0757218362639315 0.136744184337698 -0.0829911427699557 -0.0126320290639533
-0.162400223141101 0.0688068024534744 -0.0597604340208678 -0.059776177176012
-0.164261923805502 -0.0735907914264822 -0.0414223540505488 -0.0594003848022385
-0.112217997233318 -0.191433999854969 -0.0482112270962522 0.00253303630086886
-0.0455643788664425 -0.193612353860722 0.0692689866216394 0.114114604026359
-0.0990928424288052 -0.185977948328051 -0.00796863494760207 0.173467695226768
-0.195789488464637 -0.0812580980150683 0.0728076428462983 0.195911291733703
-0.191412460065898 0.0616531438168244 0.158679285455303 0.115887394246546
-0.0623624304826215 0.146586817714378 0.135745531110369 -0.019263820119295
0.0298082413112793 0.121427933913931 0.0673590081462005 -0.0431374378029278
0.0850378105550453 0.0978256346371389 0.0271501721966461 -0.0321267902276411
0.105541883920765 0.0639980985451534 0.0149596945000934 0.00470864253009806
0.112951554811317 0.0588393672419496 0.0124990774524511 0.0312588854606847
0.0731265415150532 0.0886341056678545 -0.00266597021691475 0.0515792708067662
0.0300366677642793 0.116525403259243 -0.0510312358809656 0.0524698021650741
-0.0779660574631287 0.129055993111368 -0.078663139594917 0.0136218896172249
-0.156030353815227 0.0536050850895523 -0.0645212144160537 -0.0402274962183097
-0.142910334615968 -0.0818090486717116 -0.0277947198010242 -0.0449995126687233
-0.0801786439297058 -0.179271636162948 -0.0235630746847625 0.0523110680071478
-0.00668552084834195 -0.139289224533205 0.0682378713125814 0.167077778595421
-0.0467009517167852 -0.157798387915805 -0.00841552567156837 0.191713887130134
-0.141996531205668 -0.091975477691253 0.0362508418789465 0.193804299441612
-0.162611098975406 0.0259749092313654 0.115010094284618 0.137785855010438
-0.0634299889830922 0.114479137875425 0.117478420469139 0.0292177551445862
0.0199002769752644 0.102002919894348 0.0779693763625281 0.00462150510069826
0.0677195180973369 0.0849076820757901 0.0576238949310597 0.00158742785150955
0.0882586659003254 0.0594215552926735 0.0479590321929034 0.0229300834937893
0.0971219379926453 0.0556211391375008 0.045248070964962 0.0517432935935051
0.0645355601052059 0.0806303663738257 0.0229361133257429 0.0777976690386528
0.0217733786504565 0.104303786379224 -0.0384400228257665 0.0809751224817777
-0.0790412463687012 0.103653663396074 -0.0780727757070172 0.0355796453386233
-0.137026470155695 0.0253946211147062 -0.0673254574221322 -0.0258562991107683
-0.103432830736179 -0.0882182926410446 -0.0133367142556602 -0.0326268771531994
-0.0334516087643003 -0.148304294033942 -0.00510575334742368 0.0944830094731275
0.029988317241124 -0.0602459012545094 0.0648908102175948 0.190358698683056
0.00444830346524566 -0.0984341090132379 -0.00429309278131985 0.188169391590006
-0.0711751637239479 -0.0738704973729307 0.0105750428255345 0.174676836394785
-0.103767936997904 -0.0011516351374033 0.0779616954355288 0.139762386892736
-0.0480214818113224 0.0686774888614344 0.0984831211486769 0.0629610949018121
0.0110025152017315 0.0661062731637394 0.0831239760582455 0.03939249372647
0.0415929118551899 0.0574410651577809 0.0800638019081284 0.0282984211622174
0.0580605461771213 0.0444473268348496 0.0728203629219964 0.037065013366305
0.0671847433716743 0.044035384165557 0.0706171165748693 0.0703503490618965
0.0462457114666023 0.0644802482297531 0.038470137576801 0.101649921139604
0.00810830394193512 0.0818721045307898 -0.0344455880541515 0.105801380055574
-0.0722277371865398 0.0682906768821795 -0.0846256578545031 0.0503320303542055
-0.103370233115253 -0.00498975635197855 -0.0757279896312357 -0.018216532878881
-0.0520729939470157 -0.0846087114127278 -0.00512134558488741 -0.0237540898608547
0.0188763670866431 -0.0983046420055445 0.00250553175192018 0.125806905998916
-0.0483375146162927 0.0200810702535176 -0.0175848666782422 -0.151297901997122
0.00396484002418677 0.0549743807279629 -0.0269061425950246 0.00373013291251095
0.0474711000156839 0.0330343262497886 0.0840567745204332 0.0366448722931983
0.0463837458167964 -0.0219597947284912 0.111377885117699 -0.0494464961591059
0.0036913047639985 -0.0392838903345947 0.0571532095213395 -0.130186351889931
-0.0140629989310288 -0.0275727578727313 -0.034938702398159 -0.145572398359271
-0.0144328310798954 -0.02815253271412 -0.0880931929286173 -0.0956200426053362
-0.0139504957449121 -0.0252793321887062 -0.0936969728794424 -0.0527969600217446
-0.00653489504812489 -0.0238264686230608 -0.0936079928387093 -0.0459910462521508
0.00858841490241715 -0.0167259634930984 -0.092665336560227 -0.0610908797217381
0.0264155762774847 -0.00440259626966079 -0.0847254471838455 -0.0814951581335098
0.0302083822268391 0.0276794471698564 -0.047688023336838 -0.117362581876027
-0.00833321725924104 0.0574023048778959 0.00333540122887597 -0.146798522744494
-0.0523147599867286 0.0303005142183611 -0.00671333636144917 -0.145122486670425
-0.0656157495866701 -0.0102481165413896 -0.0707957742913868 -0.174301287659442
-0.0853776797521502 -0.053974515643676 0.00493324938123111 -0.135176082878705
-0.0576738689439758 0.0129818622455934 -0.0191879917990187 0.0179177267676243
-0.0241657979530283 0.0412629946234954 0.104999787650848 0.0562472278072526
0.00365045660510591 0.0256657251468878 0.143492352484776 -0.0427824484094204
0.0100893709878905 0.0112306585732362 0.0760030963004154 -0.14552653351398
0.00990998239740835 0.00841943378831853 -0.0263858400680534 -0.158671775538519
0.0244960910881091 0.0019128995710898 -0.0872381152258703 -0.106596162463231
0.0269190619388384 -0.00117703859078724 -0.0938747521706595 -0.0536420644500031
0.0300505617304775 0.00510815954768636 -0.0942393263256579 -0.0437298249257829
0.0201430629936882 0.0245504744236838 -0.0893561201281604 -0.0529342442316702
0.013256680861418 0.0393740259767856 -0.086972505965887 -0.0700317293450798
-0.0234119184853652 0.0564369420561254 -0.0567818426932848 -0.100078873429664
-0.0707051515678914 0.0444431276547212 -0.0118937441039151 -0.129168435079654
-0.0930439012310023 -0.0236269308124208 -0.0304454195685433 -0.126029760010667
-0.0894752122012659 -0.088931921587698 -0.0816289545656776 -0.150306330384699
-0.104424318000323 -0.125304139424602 0.0299400015551562 -0.0944970809084283
-0.11114426664884 -0.0482361622792763 -0.011520962297291 0.0479039682206095
-0.104140378156838 0.032165712899796 0.121560520293204 0.0910643819882832
-0.0573049645784219 0.0709092277136574 0.176594467269038 -0.0181927553816362
0.00369753928901503 0.0692761872167497 0.102010510618246 -0.143613314850346
0.0285486707098706 0.050881907504212 -0.00632932672571616 -0.156238877414711
0.0577972572453298 0.0368097980890116 -0.0713036948525286 -0.106518971058141
0.063970787202888 0.0225537283625543 -0.0798107729170855 -0.0473339577996223
0.065619136623098 0.0285990545488167 -0.0810180129547113 -0.0300667379182763
0.0375426592785743 0.0567952711290477 -0.0794926251226606 -0.0319476016401353
0.0137942603148016 0.0774926355739945 -0.088580666395443 -0.0445788322829984
-0.0557547482405578 0.0922213798096115 -0.0720127825582845 -0.0748839365728226
-0.120188480476777 0.051137194328361 -0.0333260525738061 -0.107599218335378
-0.132801823579363 -0.0537856886274574 -0.046403084248144 -0.102753181273694
-0.110669547498263 -0.147105727378053 -0.0825491971212016 -0.106395580383759
-0.101844695957308 -0.181426507137377 0.0506658607788479 -0.0323274487586468
-0.140722237835292 -0.115479106346884 -0.00603583198332602 0.0904917736636932
-0.174144205057565 0.000977793937701309 0.123619422079214 0.13549675876764
-0.125645130622519 0.0962970016699616 0.196386697263952 0.0238499860898103
-0.0155346595758632 0.122031319875702 0.126696477963335 -0.119350530655657
0.0377380877353825 0.0913351640846774 0.020874512889439 -0.13403376781832
0.0810058535110976 0.0688089096721012 -0.0436371576725702 -0.0914871157377789
0.0921057947603812 0.043012381648785 -0.0536320858472024 -0.0330422853245679
0.0941577958562538 0.0441163486163746 -0.055996625262672 -0.0106818215238096
0.0567750106618211 0.0768834222749108 -0.0592935621716522 -0.00488113569960846
0.0219230585340079 0.103305065735265 -0.0825218451580512 -0.0115017792729861
-0.0694200926707951 0.122606577716228 -0.081896213083002 -0.0441282765792128
-0.149398336406565 0.0651864184869699 -0.0501208489181528 -0.083569125665014
-0.15853220950815 -0.0661184723113042 -0.0494301672032807 -0.0791584919329933
-0.120614084932128 -0.179643208344884 -0.0700092116972739 -0.0518847835578637
-0.0780720213965806 -0.205846865018545 0.0635171389765954 0.042114570532707
-0.135361411596155 -0.168296827571374 -0.00552724879068168 0.135725972563482
-0.207749672610397 -0.0435156462767257 0.104387852280933 0.174399666059847
-0.177466974737241 0.0911957722030008 0.189890412093603 0.0746255782066162
-0.0411400602519927 0.150691322140808 0.138953926869668 -0.0743804191333016
0.036708110688335 0.116352863127542 0.0478492675065597 -0.0929911351356868
0.0900363846868066 0.0899358920426885 -0.00852791766106274 -0.0651633879122938
0.106053385215148 0.0569461364504892 -0.0200998770446886 -0.0154159961404077
0.110788997909227 0.0534580797388016 -0.0233900085124073 0.0109176435599095
0.0703623469444853 0.0858040142435245 -0.0318988277739192 0.0239843367187039
0.0299502574501569 0.114835059452112 -0.068706638772735 0.0224000272051022
-0.0733436009373298 0.135822199757343 -0.0828506803839865 -0.0125823025982687
-0.159093343709064 0.0682952609303413 -0.0600808015738419 -0.0602652968877573
-0.160929135657126 -0.0721576099670001 -0.0401547578054415 -0.0592224277398146
-0.111424065543812 -0.188495210262363 -0.0473775207893102 0.00302855488310173
-0.0447359473647414 -0.190450269669471 0.0673739745971425 0.113501863615675
-0.0977387884942714 -0.183862017642606 -0.00815524918849497 0.171654022109046
-0.193079445272316 -0.0807936653278454 0.070003337018435 0.196220527822469
-0.190519476702307 0.0609849851177639 0.157103198172232 0.116294452725465
-0.0601871740014784 0.14486317066412 0.13318734565839 -0.0190331406882177
0.0291428061289218 0.119269611373191 0.0668224464537708 -0.0426230485715622
0.0842224173652358 0.0951399376081367 0.0266161500176435 -0.0319093201869175
0.103859074622762 0.061743933977566 0.0146450906231843 0.00426171289487959
0.11126501336605 0.0565214920363474 0.0117887872468998 0.0316014688502075
0.0731420959433654 0.0864421297609154 -0.00253171883172279 0.0510757172837916
0.0293950146983762 0.114274623784126 -0.0516451315248021 0.0531556417543938
-0.0763612427243141 0.128101252246107 -0.0796369142514087 0.0142330324130531
-0.153548645615368 0.0523162056957722 -0.0644176449070462 -0.0405114135761315
-0.139957469519583 -0.0802109851855887 -0.026089680320885 -0.044696985229552
-0.0793743576877677 -0.176239992518407 -0.0228133768577931 0.0520489921398378
-0.00596734352205021 -0.138048483974767 0.0665275010875314 0.166231890080727
-0.0457249768614422 -0.156983587052468 -0.0108631507425554 0.189345845727317
-0.139894704364307 -0.0919096967760594 0.0342766902498265 0.193266537941798
-0.161497548250686 0.0270561205536128 0.11389768629548 0.137055869320865
-0.0619967440945377 0.113140793316425 0.114966061994573 0.0291068824259403
0.0200031040160124 0.0997712793386616 0.0778328931392328 0.00450100722423865
0.0676290761489602 0.0827425395308635 0.0570126910828141 0.00120971601795976
0.0876985995488982 0.0573756397383671 0.046847332668716 0.0225635780510022
0.0957156970334329 0.0531451687278895 0.0438862390711359 0.0512338924796151
0.064315546068133 0.0791136825123862 0.0225326249269543 0.076254387037965
0.0216274652294273 0.102727418094235 -0.0387750746289628 0.0803200060847696
-0.0778423143175583 0.103562581549456 -0.0781342281580399 0.0352529776366763
-0.135097236952689 0.025514260910945 -0.0672815332145797 -0.0265374495098949
-0.101151403573384 -0.0863400484737605 -0.0134241115015649 -0.0327891833872752
-0.0331107681418424 -0.145699178794857 -0.00455165297049414 0.0932671701467693
0.0302556406709717 -0.0595136004001557 0.0627951843412912 0.18930073431803
0.00501213824069441 -0.0979960234685961 -0.0053639811135013 0.185802162923137
-0.0701683327753155 -0.0730579220573071 0.00837661593026966 0.172810209448137
-0.10291119268265 -0.000885280307974665 0.076710125413465 0.13911509537057
-0.0461156176334832 0.0674364281985787 0.0971953154069724 0.0620422607819903
0.0108955906838899 0.0638922737837748 0.083555506250485 0.0383309332811163
0.0422117886718915 0.0560144574753009 0.0782333804868418 0.0268788431289221
0.0575226610445823 0.0430598629861338 0.0713397791974427 0.0364234693153913
0.0661744335736924 0.0422389273721359 0.0692713892699562 0.0690887937122419
0.0455836684622149 0.0628049239560314 0.0383141883697173 0.0990638632509971
0.00891512970835302 0.0805768295621532 -0.0344464457296592 0.104267999321096
-0.0713396043850257 0.0677662455240591 -0.0844566990320473 0.0502071010180035
-0.101399627105604 -0.00464528968023469 -0.0753082651523053 -0.0187328534486823
-0.0511213733816191 -0.0826478077397475 -0.00510654511978831 -0.0238808784863367
0.0183146781870027 -0.0965462549203781 0.00212377144168369 0.124381465520115
-0.0497175678941767 0.018778364517388 -0.0162157684774902 -0.15217740088004
0.00368694074028325 0.055384876335219 -0.0279138803003827 0.00348841500833191
0.0464370451823131 0.0345167505751477 0.0851168071011146 0.0386666183866987
0.0468699691549676 -0.0218722651932226 0.114619799599245 -0.0475657601583672
0.00455550162468516 -0.0388040118551687 0.059569229493961 -0.131123365889627
-0.0138932407985132 -0.0271979316200613 -0.0346747156392882 -0.14684693463403
-0.014401184729378 -0.0281846761930212 -0.0873334206041365 -0.0976942929632711
-0.0138094286197908 -0.0252777589571363 -0.0931804560984831 -0.0544467537175106
-0.00632180695319741 -0.0234881985582117 -0.0937292560561574 -0.0466420217462752
0.00876624631456142 -0.0161033233450719 -0.0933868682314653 -0.0621584535044293
0.0276515958318471 -0.00500820137271126 -0.0855293713447103 -0.0832636346669848
0.029407498460311 0.027945786547191 -0.0456043566213455 -0.120438302528693
-0.00841043772809171 0.0575054185637396 0.00591705811239139 -0.150524138411074
-0.0527475400043753 0.028853802990476 -0.00318302931425317 -0.145971140289749
-0.0658479825903718 -0.0117987728512827 -0.0675965682397853 -0.177407006077889
-0.0853756005282239 -0.0556624956606152 0.00722314692474458 -0.135961126976901
-0.0584502293283645 0.0118765185620065 -0.0202249230280026 0.0183351595238842
-0.0250614659140444 0.04148107669603 0.106252084022838 0.0597825605062424
0.00288845504773875 0.0269343544490875 0.146426173121456 -0.0405704949247889
0.00960076705804401 0.0123175592556269 0.0785422906509323 -0.145512345277994
0.00940938616991153 0.00954288069727014 -0.0258712591254171 -0.160239405931819
0.0247130974633323 0.00262419444301515 -0.0876435548464934 -0.107954843166275
0.0273401796545378 -0.00131489996276498 -0.0929506645334351 -0.0552228287751384
0.0296138513704122 0.00581766976993768 -0.0943180071259723 -0.0438258641579401
0.0201277697637752 0.0256793750606867 -0.091397934172054 -0.0538872097288436
0.0129701383290405 0.0398067790487147 -0.087553412971143 -0.0713103286704251
-0.0233841649694508 0.0561983559001383 -0.0557267589594462 -0.103050565520102
-0.071316753440107 0.0441060264891114 -0.00960336919054152 -0.132191099537436
-0.0928973698649372 -0.0265338580592989 -0.0270138150371702 -0.127132585322985
-0.0883426090058977 -0.0916772741154086 -0.0789797000417355 -0.153090581188627
-0.103349541621833 -0.127923699250098 0.0318243208079075 -0.0947599881858483
-0.11144288639078 -0.0504490594453019 -0.0127134906415269 0.0486780229241316
-0.105644394562563 0.0307163607436562 0.121838313711638 0.0956458062098992
-0.0596214807361332 0.0713336164881224 0.180061023759379 -0.0146072817518658
0.0026735362278959 0.0704100975162926 0.104618250007886 -0.143333623417495
0.0278322920484534 0.0524580065762615 -0.00543194604040308 -0.157612692160582
0.0584739789408693 0.0371413029244632 -0.0714230367287907 -0.106343882911315
0.0648486466706439 0.0229142702551711 -0.0786252181100136 -0.0481750474645621
0.0651206696488967 0.029440760107581 -0.0812051078633713 -0.0297631027799422
0.0373773141410017 0.0577923529938522 -0.0807922096175746 -0.0324644545289913
0.012803018953981 0.0781829947451687 -0.0899536582168521 -0.0455974348534249
-0.0576723227956278 0.0927611715541748 -0.0721515656432587 -0.0773344169130519
-0.121674841094554 0.0497403319493469 -0.032015337049973 -0.111108437577619
-0.1322755486199 -0.0569174391914489 -0.0441082458930909 -0.104501681282547
-0.109664090194465 -0.150270100899436 -0.080525948899267 -0.108397046663179
-0.0996216723914589 -0.18436368413937 0.0526207547580495 -0.0311770346040969
-0.139913418581499 -0.119448091996834 -0.00819199521962608 0.0909392917452401
-0.17568600544601 -0.00140119541536339 0.122363929314893 0.140066977498381
-0.128525082443806 0.0968846543816144 0.199500344998478 0.0285613643496175
-0.0168500259224218 0.122550928922743 0.12889009286697 -0.117559759003639
0.0367079514406735 0.0927782639117734 0.0228587301494457 -0.135016438061628
0.0819506425210499 0.0698258379226984 -0.0431074114916594 -0.0921011472287334
0.0928569319904291 0.0435369554799803 -0.0527211751333964 -0.0343248463397716
0.0939278062462505 0.045135929258775 -0.0565594086629312 -0.0105484587422414
0.0565136217127653 0.0787908632834853 -0.0606487011569904 -0.00460082574405391
0.0215430494499482 0.104336864961819 -0.0849468570458921 -0.011866445214883
-0.0716230830900639 0.123867114010621 -0.082600857573575 -0.0455690339472812
-0.151064099568108 0.0641570234112503 -0.0502255422908806 -0.0870170749052574
-0.157989286805762 -0.0694062413826481 -0.0477800460298689 -0.0810563092147704
-0.119202148187244 -0.183197497982411 -0.069132091897425 -0.05356743640476
-0.0759261253417288 -0.207359631799054 0.0643440485296756 0.0441209962608956
-0.133892469382114 -0.172392442861021 -0.0086407451172409 0.136855550877555
-0.209372571565429 -0.0472310466516115 0.102158143599197 0.179580849987048
-0.181541260322816 0.0913402320094205 0.192240399610634 0.0794788958850864
-0.0433156618996077 0.150774211139292 0.140366516921745 -0.0716136076503184
0.0355019430517247 0.117932321442598 0.0494044632377666 -0.0934243181969542
0.0903306758505152 0.0905947286273712 -0.00824714352128188 -0.0653695381080591
0.107099627727563 0.0575907193282891 -0.0200424260572454 -0.0156727462704057
0.110137921340568 0.0537202256743948 -0.0239110886004099 0.0115580376171752
0.0697904815961106 0.0877806311830659 -0.032838753205476 0.0238704335944935
0.0289504559068681 0.116233671601768 -0.0706590690956256 0.0227015673421856
-0.0759738687270638 0.136524566217444 -0.084537982214256 -0.0134878244858218
-0.161012373423686 0.0661826722396898 -0.0600264075851482 -0.0627629586375745
-0.160694013782528 -0.0746114906780977 -0.0390440321445662 -0.0611088979326947
-0.10930667131978 -0.191549019386539 -0.0462671283138452 0.00242761296384578
-0.0407455790717555 -0.192157153112919 0.0666058574348958 0.116245865267899
-0.0955462028407855 -0.187397822611341 -0.0116686539199405 0.173338101551795
-0.193382737471532 -0.0846452794767533 0.0668221495705834 0.200382899331497
-0.193973616853978 0.0604186974270692 0.158619094191179 0.12054326295795
-0.0625623943043243 0.144889366806591 0.134335149149578 -0.0162864327269126
0.0279883596750078 0.120368564654228 0.0685907016020218 -0.0422784316255431
0.0848789520637269 0.0962939374328786 0.0267788341166196 -0.0311386152284854
0.104958407621339 0.0628124574446704 0.0156261259273771 0.00486349914083009
0.11076407481906 0.0571859620593816 0.0112493639289691 0.0322319580085782
0.072813926008817 0.0873802585671639 -0.00398044363931902 0.0508813999123682
0.0287119564782779 0.115182286337668 -0.0534066723534492 0.0542257196321306
-0.0789053144012866 0.128720725632158 -0.0814194630748052 0.0134267755701619
-0.15477162282029 0.0511783526037627 -0.0648472496762406 -0.0432436733102548
-0.139076753182229 -0.0821678027538477 -0.0255564643905515 -0.0467389287907761
-0.0777803473894769 -0.178269182857261 -0.0224348571133932 0.0517534465774076
-0.0031075691320898 -0.139023067371205 0.0640043344301221 0.168663121532411
-0.0440345018550026 -0.15968130797838 -0.0138244685444328 0.19038120442756
-0.139259979373382 -0.0949456825916978 0.029619853892638 0.196655343225147
-0.164027237768346 0.0257370423975789 0.114842047115709 0.141479281294545
-0.0635341225142511 0.113221456219504 0.116169520806605 0.0319366243491136
0.0184838322157958 0.100034524565525 0.0792239723466576 0.00576912825591082
0.0674775619761399 0.0831216502493217 0.0568753902532636 0.00199618392476698
0.0885698314311745 0.0577259441363734 0.0464962294415483 0.0235901539038575
0.0950401710683732 0.0531053273487534 0.0432290292399747 0.0525215900188578
0.0643922188294066 0.0798198367729893 0.0209470921507897 0.0762567636437728
0.0207672115006129 0.103064327244733 -0.0411138269285022 0.0814676164645598
-0.0796503118316034 0.104576455315148 -0.0802752329050664 0.0345327541471478
-0.135986096578247 0.0238620001762745 -0.069144091846592 -0.0284200430880327
-0.0996000109889687 -0.088160102897056 -0.0131396027833669 -0.0345047122623965
-0.0312561531241424 -0.14684968643007 -0.00561284704363327 0.0945098116639078
0.0318420869543449 -0.0597427323458413 0.0595814134966676 0.191603528972824
0.00597266325157709 -0.0991185406454472 -0.00954673492116194 0.187612603360936
-0.0698972510217427 -0.0751431159310015 0.00395510237756503 0.175873617013945
-0.104398837695893 -0.000433439314174645 0.076605538895977 0.142102551560094
-0.0473385705864593 0.0672820095243865 0.0971557008664405 0.0640683951878931
0.00956260334000695 0.0637470224414859 0.0845700102859011 0.0391252515516632
0.0419701263131006 0.0567897018509224 0.0786522286667043 0.0274207315046379
0.058517830911966 0.0438708799697609 0.0701207410272344 0.0378016259632851
0.0654105748117533 0.0424430052275603 0.0677255292069566 0.069409573012055
0.0456272350785263 0.06384804480696 0.0362623657869401 0.0993720104718164
0.0083033039485645 0.0810628295478583 -0.0373105044273862 0.105182262709938
-0.0726930805750998 0.0679982735820598 -0.0872350739473171 0.0495675639922887
-0.101901666533595 -0.0056421911267101 -0.0762211332374774 -0.0212304479389008
-0.0497549767405549 -0.0833277386492296 -0.00423190483451271 -0.0254202540585346
0.0197359699551346 -0.0967111294214959 0.00168839207104178 0.125450963263838
-0.0519329413083629 0.0178758894504881 -0.015537269592461 -0.157995097288275
0.00336610312869626 0.0573112400986965 -0.0307624039064533 0.00388153467844336
0.0484374916874435 0.0367513241633651 0.0885057611429928 0.041801381595893
0.0484295214783884 -0.0217895956518419 0.120573228268958 -0.0475295371737178
0.00494705872878153 -0.0397722465666083 0.0632238801603849 -0.135522118165265
-0.0149397015752772 -0.0273443844541869 -0.0362557468876499 -0.152002551357372
-0.0153475956427575 -0.0294639101844603 -0.0902581232722664 -0.100760180568262
-0.0141963929476917 -0.0260465241059916 -0.0952064618861276 -0.0570335911200892
-0.00624083052872567 -0.0238728398151216 -0.0971610484701002 -0.0481170044928512
0.00878373857496956 -0.0165997523157669 -0.0980012318313198 -0.0635710560283666
0.0281126742378065 -0.00564088432138139 -0.087995620308296 -0.0866922855942336
0.0299474727820955 0.0294568499378618 -0.0451202207539346 -0.126490278210232
-0.0091516125188289 0.0591930038737397 0.00744662065016495 -0.157218172823713
-0.0542563047710133 0.0275950940229573 -0.00032942528536193 -0.151220644826339
-0.0678701200022724 -0.0139581844915562 -0.0667142705420818 -0.185179664718994
-0.0882912885716431 -0.0584588219066898 0.00916712349199533 -0.140618159361307
-0.0607340402673991 0.0118570438851795 -0.0222604082280609 0.0190790406057102
-0.0268568231444464 0.0426791736003806 0.109679684492736 0.0641387216881531
0.00255606863340178 0.028557035023979 0.154365851354941 -0.0399524432862535
0.00990738811791672 0.012673165133377 0.0827396016976773 -0.149231410796635
0.0100608848995593 0.0108603117609518 -0.0271284868449844 -0.165195191429865
0.0250475281105132 0.00207346300939068 -0.0896961313194924 -0.111095979218885
0.0285513497487169 -0.00136973068246613 -0.0951688947838285 -0.0569297034455804
0.0306945033296597 0.00613476216766452 -0.0972095208796907 -0.044669007089285
0.0210611055173716 0.0265057559893283 -0.0955066514480038 -0.0557040820070968
0.0133887459049378 0.0410552853327764 -0.090699888009837 -0.07390150499552
-0.0258586298610133 0.0582408358364026 -0.0559845771504652 -0.108068231167298
-0.0740336071337751 0.0450605825743849 -0.00879443992967565 -0.139526681613693
-0.0953730834109637 -0.0298522138327282 -0.0255278513679981 -0.132257952985636
-0.0910838585947142 -0.0965962168447116 -0.0786045033604358 -0.160266484840064
-0.105692986631556 -0.134200262522837 0.0345875044964106 -0.0975529916954283
-0.114737735249661 -0.0538845978391274 -0.0149368253183783 0.0500371200033519
-0.110717195849389 0.0310399174223412 0.125834038629408 0.101949952756941
-0.0631493474174424 0.0747014469279407 0.188850473309585 -0.0134692589418857
0.00239409524985017 0.0734224525890942 0.109499630743937 -0.146617946023559
0.0283654423390113 0.0554311233096743 -0.00519243881233019 -0.163284315510177
0.0606123591695456 0.0377884858768715 -0.0741429553764715 -0.109681899673715
0.0676345306660108 0.0235823632461182 -0.0801778155992 -0.0504962527110224
0.0668265197866116 0.0309587701932343 -0.0835021414643988 -0.0304569576907674
0.0387635566710653 0.0605310020407215 -0.0848464912234596 -0.0334595302466265
0.0126988055387329 0.0810075144488023 -0.0942509481037024 -0.0471269120348657
-0.0604646631382725 0.0960708878386778 -0.0737255686453045 -0.0813385217824724
-0.125924463898244 0.0510971436438308 -0.0319727303274677 -0.11783011077754
-0.135916165992385 -0.0616685920886668 -0.0432878663185777 -0.109565131955665
-0.111936093222325 -0.157787186708266 -0.0813933106351627 -0.113180289277175
-0.100449195080501 -0.192184970611674 0.0554450147986353 -0.0317873213515373
-0.143909337077584 -0.125750341283361 -0.00975593140623163 0.0943413714832324
-0.182282047750382 -0.00306791978034009 0.126165895032284 0.14859166756695
-0.135272821663492 0.100951285164044 0.208485830572854 0.0320767144656235
-0.0185387759884901 0.127379974715187 0.13462273965188 -0.120154031464694
0.0378732690511741 0.0967777241810164 0.0237012160593949 -0.140239374744462
0.0842717071855818 0.0713149822952706 -0.0445197042935878 -0.0942160429704132
0.0969076672624001 0.0442185571956091 -0.0530502960440675 -0.0355118797661653
0.0968499107124955 0.0471410193954397 -0.0575529858182491 -0.00956148467715251
0.0584629869098129 0.081449534282089 -0.0643078466159061 -0.00506790354717619
0.0218468489659523 0.107560396972203 -0.0889783502755472 -0.0125041748675445
-0.0749492312225237 0.128998583296042 -0.0857222050606239 -0.0477894056411293
-0.15713179048643 0.0649148244122463 -0.0519522295076787 -0.0930360013016836
-0.162665002997838 -0.0732855333330825 -0.0479765607878895 -0.0851641570948398
-0.12162420330965 -0.191494171076407 -0.0698251400809207 -0.0555724350259338
-0.0749102427935922 -0.216450794931836 0.0664490055144959 0.0464296450793005
-0.13740665510851 -0.180850798915873 -0.0111617807219645 0.14187549504564
-0.217125656250953 -0.051704575036839 0.104139151635185 0.190069639780352
-0.190162352412461 0.0946470235720216 0.200409060867439 0.0851681590929281
-0.0455487768626926 0.155684328787541 0.146282169380661 -0.0720388149575525
0.035730297289038 0.123020301718887 0.0521678031806407 -0.0968112645934463
0.0933401720121407 0.0938748265222975 -0.00843832761297278 -0.0667502410924618
0.11157373198971 0.0591509781794207 -0.0197128775681825 -0.0160631024910483
0.113194339672727 0.0551121014728741 -0.0247215581810027 0.0128335707077804
0.07235007356831 0.0905478740369947 -0.0352796733988272 0.024777903867742
0.0293678346418531 0.120406185919965 -0.0745329871730439 0.0238385552803125
-0.0792587071708736 0.14247885316264 -0.088336885496127 -0.0139166602478708
-0.166931935180002 0.0677275294689554 -0.0622024749862137 -0.0680911215281865
-0.164788572661144 -0.0792181089643552 -0.0396063147248413 -0.0651807571628614
-0.112185831854207 -0.198949420691785 -0.0470999140071934 0.00237131690417907
-0.0381124390997403 -0.199733804061235 0.0671728926057877 0.120929331154923
-0.0973864156864417 -0.196271819744276 -0.0145912465392914 0.179777392254225
-0.199998103616753 -0.0903753720462137 0.0662700962627836 0.211074533264363
-0.202618150249215 0.0623827595738835 0.165047210605191 0.127597094928306
-0.0654476645921013 0.149459113361404 0.139062515893647 -0.0147577283754017
0.0271509011376554 0.124605974728754 0.072207712473021 -0.0433618064847696
0.0875210455472222 0.0990023266300388 0.0278000532945748 -0.0316319732603284
0.109389449626049 0.0639803635517601 0.0158652424058831 0.00498455704896116
0.112921815525766 0.0578599347408144 0.0110599122628589 0.0345221298556156
0.0753850381864815 0.0906935598259999 -0.00499194443419684 0.0526528396025436
0.0290661452595688 0.118616891447331 -0.0573774067847852 0.0556960617213995
-0.0819354297326541 0.133446058736599 -0.085372054549483 0.0137869554779347
-0.160824954679513 0.052898003478988 -0.0678310691508198 -0.0471195683838897
-0.142640877891991 -0.0859201736465403 -0.025140572016725 -0.0498169415137165
-0.0790309804834358 -0.185335151541488 -0.023234327920562 0.054113972876352
-0.000926209017418442 -0.144224836451641 0.0631936610260779 0.175618972970582
-0.0443421235073729 -0.166476765468033 -0.0180922320956326 0.198038479674467
-0.144136266805705 -0.0998965794670481 0.0275994417038367 0.20606838146516
-0.170566257476737 0.0261701973196222 0.118123311400369 0.1480645611606
-0.0660904488603039 0.11641988876524 0.119428060062279 0.0346472942338355
0.0172211991945261 0.103138755521471 0.0831122645867056 0.00597203267977113
0.0697513754679903 0.0860167388865509 0.0587608842039739 0.00229575396463639
0.0922278218368469 0.0596281959234836 0.047445686276897 0.0247109011117487
0.0970245470090596 0.0549359326998596 0.0439719604125624 0.0549773430858314
0.0662491752961227 0.0826544099759308 0.0205155266515875 0.0782828321181394
0.0209291134274035 0.106760880181582 -0.0445698858678678 0.0842339044092159
-0.0828978654552796 0.108190240206108 -0.0849412998729116 0.0359592601539167
-0.140799543223715 0.024326156633297 -0.0716922315370876 -0.0315614647842478
-0.102268390339499 -0.0913032280103358 -0.0127492495199452 -0.037125881896171
-0.0315287822450469 -0.152623275639975 -0.00556316565592755 0.0975590693905203
0.0348427491266919 -0.0618037278005467 0.0575671203169489 0.199912829737301
0.00681320711540838 -0.102809775523305 -0.0130488139587773 0.194030979712153
-0.0716860042516721 -0.0781924305564616 0.0014096117261989 0.183707515721854
-0.108473929664588 -0.00125307679084656 0.0787757173842846 0.149151848011257
-0.0484472163456395 0.0696789966241313 0.100462512921871 0.0674102100796247
0.00919086138629909 0.0652871531706686 0.0887993680775018 0.0407853369966368
0.0430647136905515 0.0581994657956494 0.0808127314515651 0.0284067603817391
0.0604616025951617 0.0451281301064555 0.07220376285024 0.0394612353118843
0.0673271270391441 0.0440244882859561 0.0685789544498858 0.0724617472174026
0.0478674619771507 0.0657587277573763 0.0361981898751593 0.101648471780805
0.00819208880815868 0.0835545484520702 -0.040691590911535 0.109361542591772
-0.0755132128443395 0.0709733989233323 -0.091563027765269 0.0495657936630744
-0.104742510129314 -0.00614187873226044 -0.0793078916444393 -0.0237444653111889
-0.0495435790769134 -0.0863232252850191 -0.00448961995633922 -0.0275642050169768
0.0210812575363798 -0.100361999708914 0.000993058275815996 0.129871491770103
-0.0544361943821879 0.0233926534696666 -0.0252112005527082 -0.168136528321874
0.00822676094972322 0.0581765379521226 -0.0362808370668955 0.00618866943442692
0.0550481994517232 0.032049104399303 0.0925382390949299 0.0421626576650401
0.0486680339674634 -0.030356450436719 0.124295028600223 -0.051886218528188
0.000402451177687361 -0.0429092872871517 0.0593124866926862 -0.145768152326354
-0.0187992626312251 -0.0270675952507325 -0.0481226331331731 -0.154867646625821
-0.0208109632999343 -0.0288271143622831 -0.100196335515973 -0.0968512175036626
-0.018211799616741 -0.025328296932808 -0.103400535060872 -0.0519948276654786
-0.00855902426297703 -0.0236989249160906 -0.107140288423642 -0.0430822778478989
0.00888685054943642 -0.0184554082176285 -0.111137934713983 -0.060180922678048
0.0302914200627521 -0.00944805640839488 -0.102071442745271 -0.0859226875024231
0.0361707841973057 0.0285138456539896 -0.058306099309283 -0.135194547932023
-0.000968881831537991 0.0643047987033191 -0.00322772786331608 -0.173574056892097
-0.0526754556554288 0.0328823939777001 -0.00494963579558141 -0.16116803492491
-0.071480162708357 -0.0115214852570778 -0.0763042598777894 -0.191266876980781
-0.0989091466486078 -0.0519338486799909 0.00799188200394381 -0.153350669635667
-0.0608639861927778 0.0176893047067098 -0.0241788295987895 0.0185562194495871
-0.0209812231046275 0.0471064954817278 0.116006981102815 0.0572339690223792
0.00724460327200227 0.0267580691711053 0.157623465787134 -0.0514860712935084
0.00993403797196999 0.00999648834634563 0.0755585978561919 -0.161563759682055
0.00877426317120258 0.0097643865710208 -0.0416910556134704 -0.16972690563886
0.0244993421084569 -0.00093231206307089 -0.103200486646695 -0.105839900769565
0.0281531397102754 -0.0036261781996836 -0.103103128323631 -0.0520849855119889
0.0323218185945815 0.00441475258830015 -0.106682183490929 -0.0388611405045396
0.025630294444998 0.0261951967998305 -0.108603645518008 -0.0509635326231855
0.0188460038954503 0.0401815937676448 -0.104006688547362 -0.0734980432223245
-0.0187017794131695 0.0638831010427887 -0.0683195230659443 -0.115950379577167
-0.0703988518896654 0.0545148396170528 -0.0165032823763676 -0.153952164331989
-0.101040596396548 -0.0244520268303223 -0.0304643674737737 -0.136250597134395
-0.102149646459905 -0.0988170082013324 -0.0896721777942097 -0.158701803880999
-0.123668803999222 -0.126732950378579 0.0420607237246495 -0.110428836613796
-0.122464816227552 -0.043565086761738 -0.00997002938545878 0.0465918220201861
-0.108072527140665 0.0435020438685166 0.136732916822288 0.0893849637140174
-0.0546647487964149 0.082731660918032 0.193099088659094 -0.0323844131697668
0.0092886350176145 0.0722694378182313 0.0991500393825423 -0.160621035663366
0.0324230908634959 0.0544602193038412 -0.0207764467564999 -0.16778121740536
0.0664567137460456 0.0320916173769173 -0.0908891027107996 -0.105355433871383
0.0714399008990208 0.0191438390151642 -0.087034720681373 -0.0451417708373115
0.0722533960176033 0.0244572790621821 -0.0914716924180444 -0.0243922172184779
0.0469954967076045 0.0592303917597717 -0.0960271356081063 -0.0290794728755685
0.0220071297839593 0.0812580957910816 -0.106835656277209 -0.0440114319266654
-0.0513316799054864 0.106181705971475 -0.0856167980757941 -0.0872511109980456
-0.124232269556811 0.0651734290392314 -0.0379287116780331 -0.130462395664291
-0.147139527586076 -0.0560329265741485 -0.0484204322953229 -0.106865997622202
-0.12998572161411 -0.162694921597984 -0.0917279319237237 -0.104165584094253
-0.12318873891935 -0.186062651292823 0.0717050220652992 -0.0420303903186678
-0.158401234067318 -0.11380923940581 0.00252186147599081 0.090747938951175
-0.185740209121162 0.0162664913377614 0.142725868485325 0.132588730653575
-0.125201766720185 0.119941068876777 0.216185713387822 0.00604896515661502
-0.00651220441397745 0.129800303933693 0.123479267636462 -0.135524808422698
0.0454187965192983 0.0960250526628796 0.00961318320048783 -0.14545338713067
0.0960153191734138 0.0633304945522395 -0.0626588127781836 -0.0924414539839997
0.103233128011749 0.0378180403734536 -0.0575295565116871 -0.0315487683676616
0.10441485397292 0.0386015973241192 -0.0622940179295094 -0.00541731013928001
0.0693871689411006 0.078873628751981 -0.0722242016693093 -0.000821093106027196
0.0327413920348627 0.107771348469229 -0.0991665127869806 -0.00689424201115379
-0.0629254350931688 0.141785125075714 -0.0964743279624247 -0.0512202332752132
-0.15510660757533 0.0828379776403492 -0.0568557888308166 -0.103151622435006
-0.176545816089229 -0.0658638652874149 -0.0499554322512657 -0.0795672410650745
-0.143761369371452 -0.197600645004016 -0.0761490552542924 -0.0406764559172913
-0.0979545166637998 -0.214196325038831 0.0887365386187222 0.0408908785910241
-0.155748156354327 -0.170635870955356 0.00784113087063463 0.140849101666371
-0.226269026540783 -0.0288439711824165 0.127538172108264 0.173281948788775
-0.181663469778238 0.119220093696804 0.212902711851306 0.0584926288086922
-0.0308940984803391 0.16222573560836 0.136649032098536 -0.0874943656409731
0.047036755888285 0.123258522512958 0.0416930040633499 -0.103435100765003
0.108715539686162 0.08570032058808 -0.0240623321587226 -0.0667399591838454
0.119462301160934 0.0510709779137629 -0.0210885628471252 -0.0131790846225437
0.121635761633208 0.0453619117586889 -0.0250585703874557 0.0167557746737971
0.084649953081156 0.0864852028718265 -0.0400896567307798 0.0284458394121895
0.0415996322136292 0.119322580340237 -0.0819063506553738 0.0307751877186461
-0.0672147596773778 0.155442927963192 -0.0973089430326059 -0.0150907561087969
-0.166211667037491 0.085382176323617 -0.0664766669482688 -0.0753241404846157
-0.179175334831718 -0.0709061122996794 -0.0401695090866203 -0.0584949534900943
-0.135074522809871 -0.206725802962575 -0.0505190072812789 0.0203150824393187
-0.0589849692883974 -0.200180658690317 0.0919685606712804 0.121623904500311
-0.116129283705458 -0.190877395167363 0.00660501033679283 0.182672157067099
-0.214124186389958 -0.0701070282758987 0.092239828571139 0.199629302426218
-0.198747384313815 0.0898831003038864 0.180727433346104 0.10412213015263
-0.0503478500791313 0.158348557639374 0.13382080391609 -0.0292268995134139
0.0383610056306277 0.126964951156265 0.0660384513339334 -0.0503969455229216
0.103300133070746 0.0919061822008824 0.0163154167347063 -0.0349166150257064
0.118899267839554 0.0574959228494115 0.0170763553563533 0.00653819332618071
0.12270501576171 0.0485895287998905 0.0148814456978263 0.0362666290182413
0.0871535338171713 0.0863756180898049 -0.00558256742549353 0.0552384798847104
0.0404687377288132 0.118324269464805 -0.0613417061839005 0.0635520379156265
-0.0713097179124343 0.147094968434556 -0.0919756532276436 0.0162993211540475
-0.161963506612629 0.0681859423548421 -0.0706620163657165 -0.0513222932086012
-0.155756474828126 -0.080091583395683 -0.0263615666777523 -0.0440724185445148
-0.0987911065839361 -0.193373166953011 -0.0230507630560527 0.0722565869149326
-0.0127741583689124 -0.147095231677398 0.0854266117172346 0.182193423652713
-0.0589089202231724 -0.165017311777826 0.00252395391608791 0.205552384343977
-0.157238577621736 -0.0862372529104256 0.0517603709133813 0.203072831584143
-0.169232120672096 0.0489920838603189 0.135552500322098 0.131683704017073
-0.0537349768937044 0.125207115623644 0.118644512273808 0.0228737648132678
0.0263723253220262 0.104403137312527 0.0828202930989609 0.000307109206806897
0.0842402324141718 0.0812744426012141 0.0528318116718594 -0.003367303888665
0.100859489149232 0.0530746379585858 0.0518998276667955 0.0236588083053927
0.106082973093321 0.0454552963915827 0.0504272260257774 0.0546423813145131
0.0761350881998246 0.0786072787976236 0.0240842722992953 0.0810984299293649
0.0306415661140606 0.107335580124423 -0.043793764859051 0.0928931706708093
-0.0746957970278797 0.119617644963106 -0.0895788404570195 0.0400257107896783
-0.143418958436212 0.0371252074724691 -0.0738772774274651 -0.0328898890827784
-0.113714503712115 -0.0886661932617294 -0.0144170953881367 -0.0321801031654595
-0.0469792276070309 -0.161693482493117 -0.00418825778961782 0.113876165566895
0.0319788879856543 -0.0671326712710257 0.073722343892647 0.209461625774941
-0.000372218877868154 -0.104581181922399 0.00267180957781335 0.205179207677175
-0.0799150192720672 -0.0714195359259549 0.019698647386613 0.187169171985753
-0.108921651897855 0.0134033779211735 0.0951982977923327 0.13980694157599
-0.0402160094159655 0.0756393583180283 0.104830181673223 0.0596235466502027
0.0159196872832031 0.0654712432984617 0.0931358791110669 0.036059468469612
0.0523579771017885 0.0549510861629236 0.0807463766242044 0.0214275765048815
0.0665772220263515 0.0409620377789614 0.0776613609915069 0.0370318259893542
0.0732234720799827 0.0375990134298586 0.078601336548071 0.07156924622459
0.0553354678343532 0.0620892541971979 0.0437854306101155 0.104746057362515
0.015550040589012 0.0849995058973399 -0.0375761003048785 0.119453176650293
-0.071274556234449 0.0803041968605584 -0.0948307027565658 0.0571258019681522
-0.109316175205038 0.00176801809629766 -0.0834268329467612 -0.021994100503487
-0.0581582765058122 -0.086819845456852 -0.00709258260380742 -0.0249528766204582
0.0127811836545297 -0.108984306207111 0.0041045606424612 0.142912109375852
-0.0565881544112627 0.0264105910370522 -0.0336579802794438 -0.173098964097671
0.0113763837383553 0.059478134211797 -0.0394224539197727 0.00994740752201811
0.0586683695288932 0.0312047312950335 0.0989377533056874 0.0417534532231764
0.0495419622945918 -0.0337406935050864 0.128830732093455 -0.0598160851876667
-0.00196061468773373 -0.0440711539248662 0.0560493526609016 -0.154440397646807
-0.0203427241130009 -0.0262728920667103 -0.0586751063085648 -0.158367261999143
-0.0233822889460604 -0.0287697828427886 -0.108507071433601 -0.0953668731943437
-0.0198117356773788 -0.0257120554000184 -0.109527005935303 -0.0494649691697574
-0.0100797827907674 -0.0239423511590483 -0.113110020377233 -0.0386810666647466
0.00864657665911176 -0.0192180354195626 -0.118871056362086 -0.0555623846044789
0.0307536669687281 -0.011356375808129 -0.109785641951033 -0.0854132088709179
0.039114427272428 0.0270158142730269 -0.0667784143917025 -0.140181594042717
0.00269725530540439 0.0665481186022071 -0.0118537356607731 -0.182327980400462
-0.0547175433839871 0.0353648039148993 -0.00895962670239979 -0.167558065613121
-0.0753188032990607 -0.00892713842072788 -0.0862417129377109 -0.197991025466526
-0.106037727936365 -0.0499545286095531 0.00178532174227825 -0.15991028277974
-0.0629850668622015 0.0209141943325528 -0.0260566831657693 0.0203223922542748
-0.0193378543073319 0.050326743926993 0.124631940714352 0.0557425010565418
0.00889355792919699 0.0288035242176088 0.162811227891626 -0.0609068688051795
0.0109569828440489 0.0103989980426563 0.0716173818080687 -0.170551215339013
0.00994085968620826 0.010959824873131 -0.0519158695388189 -0.17277189902176
0.0258195379592678 -0.00192790652244836 -0.112748654858658 -0.103982480413675
0.0295304371567863 -0.00552247978464982 -0.109368421725713 -0.0491226280849414
0.0340158431014021 0.00283841203897304 -0.112600102682139 -0.0340308683211248
0.0281413946544997 0.0258227967527558 -0.116184618452403 -0.0468632298906917
0.0215580116252467 0.0400971201675892 -0.112609584884433 -0.0705993264757148
-0.0162616502714227 0.0680812883053785 -0.0765265344187345 -0.119558337442263
-0.069756997915048 0.0598438663568148 -0.0251700501632299 -0.160920560198179
-0.106912560385866 -0.0228137406786805 -0.0351563187728332 -0.140693454082195
-0.111579968801188 -0.098818409709587 -0.0985013583267095 -0.161972828541708
-0.134352216027645 -0.12638268410192 0.03968172369843 -0.11679709988883
-0.129567662669174 -0.039943467799575 -0.00982363675978966 0.0495655952856427
-0.11100986973599 0.0505837334770745 0.147989845876498 0.0888339153481481
-0.0523728578264415 0.090588589950742 0.201784115067364 -0.0428603224406871
0.0129133598148053 0.075141949449793 0.0963716046310711 -0.170504262954087
0.0364831441696273 0.0556660634178292 -0.0301216502467483 -0.172776592947639
0.0707311558456156 0.0293253636826695 -0.0993870025631214 -0.103178891740428
0.0748539921489786 0.0149480932416187 -0.0921422056828701 -0.0431183789069382
0.0758766905008343 0.021938186849536 -0.0956062669150406 -0.0197274119102285
0.0523960166576655 0.0594545266078005 -0.102731425440434 -0.024345358623964
0.0266721987537686 0.0825819496271815 -0.113757034243485 -0.0399591015241421
-0.047694600632676 0.114099626595231 -0.0931618773011055 -0.0888369477414761
-0.125710060213982 0.0728978275977941 -0.0468451596320679 -0.135972084889347
-0.155396780968272 -0.0525057850496125 -0.05304660529271 -0.109421273417432
-0.143773401483883 -0.164131756230468 -0.0981026544703346 -0.104466176403927
-0.136137982670681 -0.188149306921566 0.0728423826244616 -0.0475261780453634
-0.170480713570968 -0.111984039489145 0.00443906232063442 0.0949109708170334
-0.193480697604009 0.0252882633699235 0.156279775948407 0.133223401522213
-0.124890230119545 0.131416435227582 0.227613417869522 -0.00288107882770517
-0.000413971554968367 0.135356191607002 0.12261688327319 -0.144725405699109
0.0523919422282811 0.0989420735478461 0.00301381880400792 -0.151524496067027
0.102971591561311 0.0608801303308137 -0.0686641643738846 -0.0910626033695027
0.109218898869613 0.0330892911238724 -0.0615646437803294 -0.030170275249965
0.109577382501671 0.0341652281016707 -0.0643822958519443 -0.0012073817958958
0.0768293667155751 0.0782835644348623 -0.0758990648644994 0.0038784756332259
0.0390533164436262 0.110894409706859 -0.104859428103028 -0.00121077507457119
-0.059043309186498 0.151922144968556 -0.103593764699155 -0.049804034117827
-0.157715029063967 0.093281461058732 -0.0652258117819209 -0.107012614353609
-0.186375469073402 -0.0616644105614746 -0.054879217077704 -0.0813564294438009
-0.159505073546486 -0.199589387136912 -0.0796362512802223 -0.0388803337112553
-0.111382810065401 -0.218751374020682 0.0936657152922391 0.0385534552683981
-0.171191217528413 -0.171784472793525 0.0126436062105498 0.146414974058066
-0.237866569325802 -0.0198627622759492 0.141050349761363 0.178028121562462
-0.183365981565397 0.136019588304407 0.225702281778413 0.0504736027232464
-0.0246477536478169 0.169430639843503 0.138529624560452 -0.0953654177534405
0.0541328561579337 0.127023299205642 0.038209328694949 -0.109479307755307
0.117521662893459 0.0833765393124468 -0.027711969985507 -0.0669790047708412
0.12780676786058 0.0456256741253264 -0.0218690148180538 -0.0126601055707949
0.128799570721201 0.0405041625071582 -0.0250318287648807 0.0184272740017407
0.0924813680240748 0.086084884744698 -0.0413416642397451 0.0321943450581645
0.0484688345700022 0.122530889373491 -0.0842120911415847 0.0371010294875025
-0.0618011168583514 0.166717624473388 -0.102622398663606 -0.0112386101305668
-0.168593133627811 0.0978779213948512 -0.0745234918014584 -0.0773858207967087
-0.189365016015023 -0.0669082210935212 -0.0449144534777602 -0.0602516037008865
-0.150508812590256 -0.208477777196634 -0.0495183845472897 0.0230602653485166
-0.068832126043331 -0.206800394105522 0.099988358250883 0.12281672092633
-0.130194848604861 -0.194766362874601 0.013437480408974 0.190195060145154
-0.225640971920681 -0.0637022979317689 0.104724283652958 0.206471479765466
-0.202927708622568 0.10384513249534 0.193476678412839 0.100978867015433
-0.0445121723092144 0.166659066274679 0.137296455395302 -0.0352412801965369
0.0453926395422463 0.129528188824078 0.06762819563381 -0.0555271065280215
0.112868038764161 0.0894723806424542 0.0152277081707319 -0.0360078483447281
0.127544004884823 0.051519010682983 0.0178785931981841 0.00525206019953565
0.129703700364954 0.0437389591935781 0.0168826562412551 0.0370095295778393
0.0946352956834298 0.0853904424788347 -0.00418201742765256 0.0587775054728343
0.0479176788085895 0.121147356188999 -0.0614958820162607 0.0704101944430846
-0.0658309598974824 0.157959845646036 -0.0959300563693834 0.0203655184856862
-0.165131022458126 0.0799952388934315 -0.0778382598128914 -0.0516691336444417
-0.165598079359171 -0.0762154932069162 -0.0286923744099166 -0.0455695945809705
-0.113717954252366 -0.196175640353909 -0.0191176422193593 0.0761991592253825
-0.0189624740939038 -0.153955162308469 0.0946066343763862 0.186717171882651
-0.0683758521806967 -0.170552093365583 0.00978805807292525 0.214192221511183
-0.167478307779684 -0.0828018717910568 0.0622771623465091 0.211298751812669
-0.174566711840279 0.0598041382706659 0.147483700896306 0.130831972339478
-0.0496786864523872 0.13217616222132 0.124595031771974 0.0198487841659211
0.0327412969653706 0.107215857107348 0.0874224957042313 -0.00460632664117126
0.091279158166835 0.0788323960342897 0.0543916975341167 -0.00527251018357807
0.107334137567595 0.0492696093935672 0.0548583250609542 0.0220107200653728
0.111909560889462 0.0432712890614523 0.0550193029702038 0.0547680076884754
0.0838829072346052 0.0774243150965772 0.0280102416181323 0.0832895342148697
0.0367309326777327 0.109405061949474 -0.0426289954512653 0.100260218592051
-0.0716787454058913 0.129984296312414 -0.0920314401179617 0.0459635454128334
-0.147512877085975 0.0465016205705243 -0.0808518733743102 -0.0324174077657731
-0.121145989585995 -0.0876209388354832 -0.0163623154990145 -0.0341582930499355
-0.0568948381325597 -0.165727932542288 0.00211628599486073 0.118080230991489
0.0312392573642399 -0.0717272538813463 0.0836655997250028 0.216758127086582
-0.00391919553729818 -0.109819457801481 0.00920057291619093 0.212814792255951
-0.0862592441491986 -0.0710246777878844 0.0268808029234425 0.195760634740437
-0.112475010192833 0.0194748985910205 0.105413499488966 0.141933447425734
-0.0378304698145619 0.0798101644678101 0.112539092647842 0.0576923645265066
0.0189810060503859 0.0674851274655133 0.0994404357138995 0.0320301865975798
0.0573221664324449 0.0541234938533675 0.0852355160364486 0.01798417529482
0.072262424617914 0.0387531973979234 0.0825594839471521 0.0346178778062317
0.0775825169073903 0.0355961485020555 0.0847788072426346 0.0706474174502813
0.0610690637271288 0.0621564491986162 0.0493223547390688 0.106103441047718
0.0203299941033815 0.0868186570140524 -0.0349385101238779 0.126312888114016
-0.0700657392557795 0.0879300615600997 -0.0974010297388237 0.0636640703257406
-0.113157148868101 0.00771821754216433 -0.0887697317512997 -0.02077170919674
-0.0638599175381409 -0.0875461784320797 -0.00856027967234128 -0.0262513450635883
0.00762729557705025 -0.113254284035422 0.01164363452692 0.148967812407193
-0.056709315240447 0.0299795938533061 -0.0428997084678501 -0.173578013102236
0.0141336771150343 0.0587037626680954 -0.0399156440278875 0.0140142432662922
0.0611845853889806 0.0282322564544993 0.104891995939855 0.0382123722393167
0.0476365717313366 -0.0364710054883535 0.129477692333986 -0.0680765352346089
-0.0037802242577706 -0.0431677213888474 0.0497785887210006 -0.159933332194004
-0.0223687026998667 -0.0245998836377266 -0.067277272760359 -0.154946128772939
-0.0258246053515762 -0.0271290836825209 -0.114712095574444 -0.0900417681116073
-0.0219627351823499 -0.0244513352807993 -0.113056467306105 -0.0438675238516041
-0.0116568339904878 -0.0235840099074784 -0.116918697666511 -0.0319489214608992
0.00818993240407006 -0.0200610018449729 -0.124014389140627 -0.0488247517147034
0.0299680122219155 -0.0138323109981322 -0.115936183578691 -0.0806711832408702
0.0406234371091884 0.0260491133746992 -0.0750705506699256 -0.140499605200391
0.00667255897368046 0.0666657952075666 -0.0216722462341484 -0.184566733368152
-0.0548109923966905 0.0371565293794205 -0.0147521478975984 -0.169025762020815
-0.0770159873537346 -0.00512706785059603 -0.096070186856743 -0.19679817979461
-0.110592042970242 -0.0449789341828427 -0.00619972900938132 -0.162355288306093
-0.0634026478864697 0.0240156534574488 -0.0255871031565186 0.0237929869027029
-0.0172729221560888 0.0529404829236411 0.130881347092957 0.0513984628562556
0.0104710005703064 0.0297206307188741 0.164295984608251 -0.0707161732536543
0.0119273515881363 0.0102421035680782 0.064062061322135 -0.176166861443919
0.0113940110867098 0.0119738941311144 -0.0622667327014015 -0.170832014387497
0.0257079055673173 -0.00364975648550466 -0.118814843646213 -0.0975483447657138
0.0292873508624482 -0.00807768062920524 -0.112725006678144 -0.0437259200902248
0.0341691943657262 0.000182130061897528 -0.115522640485166 -0.0272573275449568
0.0299783849128513 0.0249146472729301 -0.120599692048603 -0.0395680774312025
0.0238459424857904 0.0392969232795386 -0.118103982472219 -0.0655395424911696
-0.0128765229802027 0.0707362508054304 -0.0836564203688744 -0.119191616946902
-0.0671776462865668 0.0632975967505595 -0.0344873587561254 -0.163408875684523
-0.110500749603672 -0.0190820537975835 -0.0405921005259546 -0.140155216311726
-0.119024015101969 -0.0939610626971357 -0.106291817340096 -0.160410495950227
-0.143405968603141 -0.121960313399215 0.0343286724372332 -0.120827373285961
-0.133412651207083 -0.0345470349870263 -0.00842430769909707 0.0514187542926338
-0.109744509688777 0.0584475714096885 0.155893566757153 0.083551676847571
-0.0482258444319221 0.0958343013213486 0.20392934197628 -0.0541941584812467
0.0166398198811666 0.0759625550935286 0.089914400962692 -0.177322992024306
0.0409390233012797 0.0554942168563058 -0.0399727399400866 -0.172872894953691
0.07292475349704 0.0253122275414881 -0.104865382291358 -0.0974064604185605
0.0769422245024085 0.00954745325513964 -0.0947969810685052 -0.0381867639027942
0.0781533354932862 0.017660017035769 -0.0969557744409282 -0.0134886474444228
0.0561376103082306 0.057369643033716 -0.105692755843189 -0.0177247640663178
0.0312517823595082 0.0820702819010208 -0.118358997790457 -0.033780255624198
-0.0421582577041132 0.119599716745216 -0.0993505907074088 -0.0861893847441291
-0.122771277784715 0.0809110404586804 -0.0563376987565205 -0.13680026842518
-0.161196258948847 -0.0467251918651913 -0.057412317206331 -0.108064037130556
-0.15449445248494 -0.157985336533347 -0.102315239042765 -0.101573934465556
-0.147695282197144 -0.184575569008821 0.07121656871718 -0.0520388970767283
-0.178494996805918 -0.10544249641966 0.00847998729841041 0.0963956072892828
-0.195429026179035 0.0367950107932991 0.166306837764895 0.129448748575586
-0.119435268904768 0.142068529314559 0.232081831522277 -0.0153511684552877
0.00648542290678848 0.137165684302867 0.117363918785129 -0.152553380835501
0.0596178662075188 0.0982973538533348 -0.00525305992390659 -0.153858352052829
0.106791653615591 0.0550056068064597 -0.0731111736661872 -0.0867295998235939
0.113000368180372 0.0257430412345536 -0.0633599353087025 -0.0267167779249697
0.112534277382626 0.027837465105879 -0.0646227914519732 0.00360268841299155
0.0822161068760337 0.0753339333801182 -0.0785027734158728 0.00988450463970984
0.0455898221140404 0.109464078021391 -0.107019124006094 0.00629398843639939
-0.0508515403245299 0.157549033869027 -0.108171568473237 -0.0460878755314463
-0.154355968472149 0.103140541682942 -0.0736425661468231 -0.107225423915253
-0.191262361046969 -0.0543811749318361 -0.0584048185386656 -0.0813883866619143
-0.172638865483002 -0.193727834357236 -0.0809525309349153 -0.0355844002533431
-0.123600107242741 -0.217270103582115 0.0965777367157205 0.034353924948195
-0.181649740839445 -0.166444171401862 0.01872147254205 0.147918732009486
-0.242887587117873 -0.00774431029507162 0.152202274403199 0.175004420983617
-0.178625408506861 0.149217632430709 0.23297638277079 0.0397274300789585
-0.0155206214959036 0.173111521104362 0.135623518511597 -0.103166213904112
0.0623543898903222 0.126436633054424 0.0334557994120672 -0.114127636067151
0.123482763796557 0.075944698927192 -0.030777239347154 -0.0654435778420895
0.132314712379507 0.0373643712631748 -0.0231599040117474 -0.0120445241490894
0.131991587765207 0.0335199743972471 -0.023392894827866 0.021090830614842
0.0981411577249855 0.0814983833887817 -0.0410166921731472 0.0360076739249718
0.0558076270077065 0.121428415837654 -0.0846648160169295 0.0434327217929776
-0.0529672020332438 0.173241950239577 -0.104928502018055 -0.00572096740484857
-0.165007746828767 0.108042284435579 -0.0820175912924926 -0.0767016438586524
-0.194565643156133 -0.0589456041226406 -0.0476395612554117 -0.0596653061048791
-0.16447183977299 -0.202421103714781 -0.0471624329905765 0.0258139547433257
-0.0798952066516175 -0.207455320923795 0.106823753111343 0.120583940446937
-0.142086196418155 -0.192198580249322 0.0216178631928294 0.192574875999893
-0.232581345146969 -0.052945159036211 0.115924418299594 0.206710823452512
-0.19945886151558 0.118404297574695 0.203559755479349 0.0917349465075241
-0.0360616144379499 0.171446391666945 0.138970735313886 -0.041248314376483
0.0536478869807358 0.129377349420998 0.0656368858530342 -0.0610578363204675
0.119464025273484 0.0833748107633105 0.0142011378133817 -0.0367389249478344
0.131448099054727 0.0439931293403468 0.018911773974499 0.0048249863407185
0.132907633488244 0.0366579707788984 0.0195091114943933 0.0366511006883667
0.100117978589792 0.0805688512395768 -0.00193221009308917 0.0601393453960716
0.0549478839795854 0.120258158798371 -0.0590447493530796 0.0763560213044115
-0.0578903991820643 0.164750467272796 -0.0973514478343084 0.0257184928276003
-0.161378421970248 0.0896684173130152 -0.08393888996461 -0.0507212356529181
-0.170792084647409 -0.0697696041203093 -0.0323751641492595 -0.0459864597331699
-0.125896721488665 -0.192216570486708 -0.0144580518491281 0.0770973960141005
-0.0269186752303004 -0.155384223176315 0.104676183675888 0.185238673768926
-0.0778333805064396 -0.170320008640594 0.0185194646515337 0.216349802616583
-0.173970479042767 -0.0750921894161864 0.0726159836996397 0.212605179104351
-0.173545108844811 0.0711145881713504 0.156365042862086 0.124900206711565
-0.0429773316698627 0.136058929848792 0.127584927337189 0.0148492970979341
0.0390266467368613 0.106737160691623 0.088847431517283 -0.0103038914954978
0.0972052528448716 0.0740209927946025 0.0555612110731638 -0.00812934174454029
0.11209097806715 0.0426592179671109 0.0561925119870335 0.0191297948993471
0.115292103626396 0.0358389170212227 0.058233131776595 0.052236635673676
0.0893987625400996 0.0735483292887556 0.0313346226314269 0.0828805714140471
0.0431822637458898 0.108640267015682 -0.038396336107039 0.104796471403615
-0.0650718251414696 0.136897706787436 -0.0917105630100166 0.0514974476029531
-0.145600150461738 0.0551808305418276 -0.0855919666243559 -0.0300628578683094
-0.126860190270135 -0.0828221167883264 -0.0184961738227932 -0.0348775948431046
-0.067101466180906 -0.163870622080067 0.0100045771606614 0.119315889889514
0.0283251397364146 -0.0752749968026203 0.0940725439611966 0.217062507440915
-0.0104504017855285 -0.112420310272607 0.0185299978476728 0.21535839833708
-0.091012928252222 -0.0671923112826442 0.0360172069448373 0.19927701087653
-0.11289218387269 0.0259932938011943 0.114016455383179 0.138400707772793
-0.0336386661764259 0.0819695911288219 0.116128379531749 0.052682899036484
0.0222059182456464 0.0672029191702789 0.103692783900575 0.0260559194016252
0.061103837340082 0.0502607036996371 0.0862614990178813 0.0135844335818258
0.0759855820949059 0.0341346829784918 0.084325944448561 0.0314307566433
0.0810307690513694 0.0310427836487478 0.0885189411857405 0.066671232433325
0.0654547506523977 0.0587362751634882 0.05411830912634 0.104245143557961
0.025329666811488 0.0859571541239856 -0.0289862894834094 0.13035461713218
-0.0656760812582183 0.0945659090382539 -0.0959139821442871 0.0696551381500536
-0.113050168507846 0.0143051600708734 -0.0926462189165202 -0.0179428223161807
-0.0685685241474413 -0.0862099093053713 -0.0106417904874232 -0.0284771689052849
0.00117781361161123 -0.114869648421506 0.0211050932563351 0.149105773652214
-0.0570242442296969 0.0311190810900427 -0.0481415707667829 -0.171547181143854
0.0149788670680429 0.0580277883138476 -0.0394742958402357 0.017005043647802
0.0622701717144796 0.026434720844605 0.1074911103391 0.0349318349977836
0.0462011106592343 -0.0379621487008602 0.127916031745261 -0.0719687499543644
-0.00517620925007313 -0.042162981859483 0.0441210031471381 -0.160709095692251
-0.0226504126699263 -0.0227663549116184 -0.0724522460954038 -0.150080369770442
-0.0273392077638234 -0.025140020763736 -0.11651368988257 -0.084649202980557
-0.0232130892333372 -0.0236701824686313 -0.113787321584873 -0.0402371850645785
-0.0131396224082253 -0.022629885528317 -0.116514797575315 -0.0261767052742104
0.00727839080706832 -0.0205407053211165 -0.124948799917664 -0.0430610831754722
0.0291503807460177 -0.015335086112926 -0.118622398287208 -0.0762318829835116
0.0415144537227362 0.0244640183791501 -0.0801691812702826 -0.138616269860247
0.00942216252090313 0.0649015738250433 -0.0280222716499953 -0.18412871664672
-0.0547275938740636 0.038182289632642 -0.0171452345956936 -0.167217971167955
-0.077182626037087 -0.00245476633809569 -0.100517115225332 -0.194981803038447
-0.112970190750544 -0.0408087671671778 -0.011306065697764 -0.161327903017256
-0.0622751503432334 0.0257909770816236 -0.0260212755142623 0.0259168402949531
-0.0153260580248926 0.0537546247417165 0.134141551330455 0.0479587124584011
0.0120910052658682 0.0292033680730669 0.162666942427915 -0.0766633587593168
0.0120354071611675 0.0108244796059874 0.059431283010171 -0.177025201174809
0.0120830818074878 0.0122321387112892 -0.0680773224613861 -0.166071290583799
0.025099757152368 -0.00534956473349758 -0.121379229587399 -0.0915255700915478
0.028637154543366 -0.00934621574338727 -0.112841351321419 -0.039650749936914
0.0340395419219999 -0.000575431032352192 -0.114436866688288 -0.0214847133447332
0.0304982585056628 0.0236445785187509 -0.121148206902232 -0.0336720476602113
0.0253148841562471 0.038144729399266 -0.120305299951367 -0.0614206347920243
-0.0101571605296028 0.0709517646749062 -0.0878952946334879 -0.117574788421847
-0.0635578595901831 0.0641962419172109 -0.0414089298805854 -0.16293280966096
-0.112074195946614 -0.0162308923345619 -0.0420807382093808 -0.138113066340255
-0.122227914242472 -0.089787681733156 -0.109476032569913 -0.156724631964309
-0.146967029159561 -0.116484569764148 0.0306891611814654 -0.121914663803198
-0.134604004747356 -0.0309428789568131 -0.00754260011065149 0.0534236087314214
-0.107348135934657 0.0614760669855848 0.15976927989508 0.0792922838204427
-0.0440162380611381 0.0982703828965167 0.203254499995895 -0.0608232911329192
0.0191867671528411 0.0757072256530442 0.084937760950947 -0.178351267134637
0.0432012701990826 0.0543317772580161 -0.0458207007831009 -0.169448056382528
0.0728872072621202 0.0216742103845912 -0.106201160916796 -0.092172404317214
0.0762717340343999 0.00583325564841475 -0.0946870246681145 -0.0343126992436855
0.077838268838733 0.0146371905731783 -0.096246405232204 -0.00866539605224202
0.0581385442564129 0.0551891142164563 -0.106523598913323 -0.012032301856669
0.0341634035571329 0.0807798463976388 -0.119042940291385 -0.0286683128238708
-0.0369223797049357 0.120977282843481 -0.102612459782916 -0.0837174584712641
-0.118621513717005 0.0841592517400561 -0.0619733279371554 -0.135818417033356
-0.162338860895371 -0.042251594545571 -0.05824747793385 -0.106371201620402
-0.159664046422334 -0.151857163909533 -0.102825874623363 -0.0984091367074622
-0.152913373361997 -0.178997115716984 0.0692638926562712 -0.0542235796832569
-0.181809393407312 -0.0997606952814594 0.00965806722472835 0.096223913399332
-0.193891641467852 0.0437119123072085 0.17151942386544 0.125470729378066
-0.113112553395829 0.146498417852374 0.232065654249491 -0.0222014496292686
0.0113973712560304 0.136758410273833 0.112791601131779 -0.154588228285809
0.0626140574368408 0.0956378119515481 -0.0111305598778512 -0.152466788268746
0.108432871855696 0.0497219595348702 -0.0745480058680284 -0.08234930395041
0.112834215651817 0.0193156288738697 -0.0635923939689304 -0.0252493601471566
0.112503147390979 0.0238865227776407 -0.0627035543628015 0.00649724233506988
0.0839141022663401 0.0716980845104641 -0.0777112603740033 0.0138324288613349
0.0493009972943244 0.107703231328431 -0.106296361378397 0.0104570276008749
-0.0444880849575331 0.159937057153837 -0.109965750690713 -0.0425783391014084
-0.149835712938222 0.107039642465673 -0.0792018363760795 -0.104463736214122
-0.193247827802062 -0.0482367466899327 -0.059230524488576 -0.0786104096593807
-0.179735404276056 -0.185716143485665 -0.078936034236389 -0.033502053862588
-0.129990161657779 -0.212880800205098 0.097060912530079 0.0310290777549582
-0.186847268738183 -0.160623969002704 0.0217764419398038 0.147149995339605
-0.241362873849938 0.000865505902090837 0.158325781017636 0.171274136165939
-0.171836108389721 0.156093791778593 0.234557061799102 0.031254941494462
-0.0096138831756394 0.172925856931027 0.134049025130717 -0.105751271574749
0.067567212085875 0.123498617159994 0.0290230856151221 -0.114092249773666
0.12557316068671 0.0706613953473078 -0.0323030808105346 -0.062370246153164
0.132672379965653 0.0307664724148312 -0.0233898429991737 -0.0114126494939371
0.131444772192713 0.0274170521267918 -0.021954732555663 0.0221101119886946
0.100611137902819 0.0768172779510131 -0.0403720408032136 0.038332588689758
0.0597793853940837 0.118952051438189 -0.0829092490567667 0.0472896532834503
-0.0452898924049308 0.175166302351958 -0.105521693100064 -0.00249422298344847
-0.15950200930397 0.113054929478248 -0.0866278638502266 -0.0746523088773226
-0.196376437222805 -0.0523110056512683 -0.0483606267728854 -0.0582298201395995
-0.170484557271796 -0.195367255227967 -0.044436424410812 0.02665875130385
-0.0856617249934175 -0.205024960415202 0.109133161122407 0.116572947634145
-0.147202585964089 -0.188444418929823 0.0257113055602321 0.190577020721211
-0.233002138426723 -0.0440952283890668 0.122875719328571 0.203092681608494
-0.193749425793923 0.125460152387724 0.205872988362856 0.0836980980908388
-0.0306800964985655 0.170979516701377 0.137511049899466 -0.0450990312603724
0.0587055327573754 0.127036236754425 0.0631199213548111 -0.064414159665085
0.121362531918765 0.0769143298267037 0.013416171372782 -0.0358703619956509
0.132543215660016 0.0367531152823873 0.0192915458042784 0.00385759405995811
0.133299105600753 0.0305696750658517 0.0204483533397614 0.0367361259456784
0.102667208647811 0.0753172515955268 -0.000875163346891841 0.0605662050775728
0.0578269098952148 0.117169004261127 -0.0557034963175362 0.0786809285368349
-0.0509068708145098 0.165936631913175 -0.0971640133379404 0.0297914477861234
-0.156959824846809 0.0953949558521645 -0.0881589073808654 -0.0477268050185206
-0.171824942400959 -0.063771777537 -0.0325683045078234 -0.0452153979437051
-0.13225808572099 -0.185956497540175 -0.00983876455134852 0.0768520165644565
-0.0317449926833855 -0.155223254390142 0.108719665122087 0.182557122661096
-0.0837276614103064 -0.168766786387942 0.0233562214594662 0.215262356066513
-0.175891388376543 -0.0691434757892787 0.0783919082164001 0.211320270576038
-0.169198819299408 0.0770780187813306 0.159792114647759 0.119093613126037
-0.037809075152563 0.136815733529121 0.127850231786809 0.0104452185366814
0.0425542941653677 0.105700866131582 0.0886760598681411 -0.014538228587349
0.0988267878888334 0.068594002955335 0.0553433808494111 -0.0092463018315182
0.113186948120681 0.0363034299822363 0.0560099371666208 0.0171972856884033
0.115536823935117 0.0309030223140663 0.0600032775949227 0.0501232148095688
0.0908307009593541 0.0690018665738338 0.0329825213090559 0.0818397005997517
0.0471155823346762 0.106130228624433 -0.0345962801579831 0.106295930953084
-0.0589173543609615 0.138806285462548 -0.0904141602069744 0.0542944293289504
-0.142321865948943 0.059833704742278 -0.0883835601665207 -0.0281877039449314
-0.128031106518853 -0.0784008370609941 -0.0203421820456462 -0.0351165672727954
-0.0727974290784793 -0.158886771549295 0.0149593612646887 0.11736985932902
0.0250268602573858 -0.0766771176870262 0.0995657828149962 0.213439834354092
-0.013943712942971 -0.111906686153777 0.0230706541167338 0.214480970731132
-0.0929201405956163 -0.0636852588517298 0.0416044314988715 0.198013996026877
-0.111089325996649 0.0301929673872718 0.118154128777886 0.133988294242667
-0.030739670939312 0.0821938090162919 0.118286062459742 0.0500726393798029
0.02393634772428 0.0660680060862415 0.10436993873327 0.0211935679233129
0.0621442905040734 0.0476957263841723 0.0867413238999655 0.0103997293212426
0.0774734556469631 0.0299089083096234 0.0841839272655116 0.0277690350676189
0.0813006832204639 0.0264764478085145 0.0889191369493503 0.0626091424806426
0.0670574272979707 0.0553901326054165 0.0566532888434476 0.102831909168364
0.0288269108604587 0.0843658873272194 -0.0242886306185815 0.131461880032354
-0.0607386787483428 0.0972579568371902 -0.0941691477599124 0.0727588011151077
-0.11187526519159 0.0180965233116948 -0.0948127067075491 -0.0152975150008619
-0.0696684526031031 -0.0833979271802147 -0.0115283687514585 -0.0288235943881555
-0.00295780807712646 -0.112943815495986 0.0265332270520048 0.146326164483383
-0.0576106371110508 0.0325128547073472 -0.0498224919502361 -0.171583307977047
0.0141076151103119 0.0574392203776071 -0.0396668903797916 0.0196471747119536
0.0625649396286888 0.0258034199915632 0.110143041562459 0.0337258109276672
0.0452758343258374 -0.0392215246263297 0.128538600400435 -0.0742082795699086
-0.00468866758522771 -0.0412859554132338 0.043850478107851 -0.160997053922702
-0.0223335806851784 -0.0217161291386991 -0.0730429727791841 -0.147817800384658
-0.0277510481212513 -0.0240918467739154 -0.116890165772422 -0.0828870391674011
-0.0235743462857968 -0.0227964178856969 -0.113724381020939 -0.0391783189955291
-0.0127873549566572 -0.0217816704373087 -0.115525773828109 -0.0243542400189327
0.00719076788003057 -0.0199527011511943 -0.125333154963899 -0.0405459723348683
0.0284908676147518 -0.0162694700314186 -0.120154138031387 -0.0760936128148224
0.0423453057931772 0.0242721225369674 -0.0818871755973357 -0.140242190562262
0.0100712525289429 0.0643925080860876 -0.0295920379937911 -0.183451572492856
-0.0563155503207326 0.0377544790493186 -0.0146968336881517 -0.167928464848461
-0.0774691983050887 -0.00206696233945069 -0.100499422570205 -0.195557056277474
-0.114172874085994 -0.0394464233821418 -0.0127088222097095 -0.161924321204904
-0.0633802050978393 0.0259887607740991 -0.0257467797055349 0.0280173152541653
-0.0149045546130616 0.0536939127092435 0.136688897047858 0.0474041894750649
0.0122883614221718 0.0295813932873488 0.16349260001839 -0.0787051803405798
0.0125668106975552 0.0116207094028724 0.0583052836446064 -0.178319941786989
0.0131612812858093 0.012421986483737 -0.0696037827148833 -0.164593579001918
0.0243636339495558 -0.00507020479075477 -0.120735623233841 -0.0896482669473154
0.0283123332518205 -0.0096892014572889 -0.112608815832207 -0.0385056908439316
0.0340578037404914 -0.000926041354487735 -0.113675511090226 -0.0193018351239215
0.0314207200779513 0.0237982875623613 -0.121949356135142 -0.0306849293778565
0.0251122267992577 0.0370068779730032 -0.121769753576367 -0.0595167489994616
-0.00896386137820997 0.0715171577571238 -0.0890498025452222 -0.118671099548062
-0.0634175279742291 0.0641284488106722 -0.0435806903135996 -0.16227554707226
-0.11326722546448 -0.0161474553667608 -0.039801474276306 -0.138539957925712
-0.123408978045019 -0.0888163791581459 -0.108799938143362 -0.15753115192547
-0.149083552293761 -0.115380609572191 0.0296827254836833 -0.12295889984329
-0.135687199308803 -0.0296546154931087 -0.00823765876864694 0.0551448736234068
-0.1068182329137 0.0636125545137047 0.162645558668808 0.0780565998805985
-0.0422953612496297 0.0996945860145286 0.204525775163182 -0.0631311999028222
0.0203673894600248 0.0759186898904538 0.0846393399248727 -0.178912662503661
0.0447611427724041 0.0542004440694015 -0.0478442530414849 -0.168423976601505
0.0725297512738575 0.0205235766076189 -0.105342118019745 -0.0895055751668907
0.076123353848236 0.0033800045858035 -0.0945551941644109 -0.0337112110674439
0.0777045916739933 0.013438562217219 -0.0947803461843481 -0.00635724260836208
0.0589417754072613 0.0538923737918727 -0.106454737637876 -0.00918100972836187
0.0343246426981791 0.0798850219869938 -0.120286098472176 -0.0264756895602248
-0.0348514758138636 0.122243222835931 -0.104292949591299 -0.0841970453920664
-0.11792672384411 0.0847986442951533 -0.0648223343422294 -0.1360280159931
-0.16368321259683 -0.0415684382717376 -0.0565773030851292 -0.107074189641337
-0.161345505160395 -0.150331150600804 -0.101854740806678 -0.0990361695643429
-0.154806641667085 -0.178673534148319 0.0683591491057589 -0.0553809981141762
-0.183268131164315 -0.0998377657733868 0.00974725420407655 0.0980018799008173
-0.193167294522149 0.0458499049776614 0.173839906241681 0.125012821734311
-0.110688659466344 0.149354666935854 0.233837812925921 -0.0256174739431459
0.0129081277942409 0.137095559030059 0.113973611217541 -0.155525637878314
0.0648413639747403 0.0958428953750956 -0.0118049355435346 -0.152706318156661
0.108292231925316 0.0475909039078953 -0.0732560493322556 -0.080750655623225
0.113057289731603 0.0162543615770763 -0.0636382527299249 -0.0246049799994816
0.112633062535991 0.0217922297616736 -0.0621559246241674 0.00845759158406576
0.0852141516838399 0.0703074460258159 -0.0778964629993045 0.0164405540141442
0.050357385359007 0.106725305650496 -0.106481785059983 0.0122533763353246
-0.0412678088129842 0.161308023449003 -0.111151856578996 -0.0422985495508901
-0.14816918772416 0.108407618918165 -0.0822752049303101 -0.10443700781002
-0.193691566788669 -0.0470607825955571 -0.057999293526115 -0.0795472528662435
-0.181684468945667 -0.183416940563779 -0.0775938137477282 -0.0340134085740353
-0.132340227604507 -0.212303252896514 0.0962750487404058 0.0308075810072962
-0.18908160062033 -0.160953712149621 0.0212879795673142 0.147601615520815
-0.242738217548691 0.00338564559923866 0.161352114699437 0.171721029356584
-0.169716218510709 0.159397274996161 0.235764792665483 0.0294502231171556
-0.00832767175348703 0.172888689814287 0.13407560812397 -0.107165424447177
0.0693626579396859 0.123478264765351 0.0277794629821714 -0.115982891638778
0.125872991029251 0.06766367133999 -0.0307419853959222 -0.0612368745939207
0.132999074293546 0.0271976029052315 -0.0234704724535583 -0.0108717726419462
0.132060572010768 0.0256876832658753 -0.0212351953840445 0.0231364619934927
0.100828824409537 0.0755042081166066 -0.0405010950416408 0.0398136451588334
0.060591912717727 0.117898505549207 -0.0827335047580441 0.048967141165967
-0.0419996579481668 0.17600151255186 -0.106983389697237 -0.00240028992063037
-0.157974823778417 0.114307627097646 -0.0896997215489635 -0.0731076743693519
-0.196251718345612 -0.0512560841738124 -0.0482695401902514 -0.0592363853693759
-0.172896510181616 -0.193059082290725 -0.0423552671152913 0.0258137873977572
-0.0884796835585674 -0.205174383786261 0.109190527291115 0.115973178949305
-0.149912378263214 -0.188293288971913 0.0242896300912286 0.191561087886269
-0.234939557109194 -0.0422012561140246 0.125261189553274 0.205242415009101
-0.191664862967286 0.128876917918503 0.207328195066826 0.0816438426692135
-0.0298369777018895 0.171607020255434 0.138090087731838 -0.0462350991253749
0.0598559892317326 0.126584643631308 0.06234108548583 -0.0662498884631559
0.122158549186384 0.0743231770106517 0.0147343561589958 -0.0359256919566145
0.132831758874086 0.0331365075216759 0.0186152079699993 0.00272679573490349
0.133380275926744 0.027523472265801 0.0211017593644973 0.0363334128343134
0.102659098091599 0.0737548078230155 -0.000515997232615366 0.0613390979665326
0.0599115971257457 0.116785546802436 -0.0556070687466443 0.0800806081194394
-0.0479342612318239 0.167801055275035 -0.0975428824519522 0.0304793584693023
-0.154928211151007 0.0973511039914607 -0.0904721626605386 -0.048553971265578
-0.172179919345106 -0.0632582358472417 -0.0337029965916248 -0.0463314168394192
-0.134346748121429 -0.184095844218785 -0.00844805968030232 0.076042558101746
-0.0337581172246722 -0.155906040083102 0.109247833803606 0.182315350613505
-0.0855607514664964 -0.168760174563035 0.0231181053995258 0.216133829709793
-0.176491085814279 -0.0672240338475666 0.0806271481134542 0.212350571045158
-0.168101256610374 0.0803437791666609 0.161846568628275 0.117928762279843
-0.0369717076885038 0.136625334777467 0.128234236242829 0.0104585216277599
0.0434914983037411 0.104583376105305 0.0880479967256764 -0.0165753633198594
0.0993968225759407 0.0663486032234267 0.055727220835261 -0.0103787677167238
0.113649372761333 0.032909828015333 0.0557242201895354 0.0168872592336251
0.115463562795557 0.0284931348216284 0.0598705636469929 0.0494539670959332
0.0917855078021889 0.0670478951662831 0.0327044061240481 0.0810456147264543
0.0482336043640216 0.105487346259125 -0.0336456541618947 0.107309272413725
-0.0560103255631918 0.140061595215312 -0.0908008046800905 0.0549493330146296
-0.140572689192791 0.0617645684932354 -0.0905476676879742 -0.0284107758812274
-0.128910276338509 -0.077381553702273 -0.0208449229420427 -0.0365571496728388
-0.0738025471569642 -0.158093480149356 0.0159981618168053 0.117028726825405
0.0235074513706835 -0.0770732114840249 0.0995964344926198 0.215150207665732
-0.0165361969169734 -0.112815903241681 0.0240451679509357 0.215327584189452
-0.0940121424740436 -0.062689519726379 0.0432508961719733 0.200515557569954
-0.110940316472733 0.0328773520392987 0.118739888084756 0.132676548498024
-0.0304240111405252 0.0821678988143159 0.118958513078034 0.0486568488620018
0.0246390740878893 0.0651718788334915 0.104926528736779 0.0191638226695049
0.0628237665064048 0.0459447485481096 0.0867067604403113 0.00972163426648304
0.0774637037076745 0.027453519560312 0.0836883938474596 0.0275772814204907
0.0817639353099713 0.0252608585470032 0.0892215513680017 0.061544540374443
0.0677359707518021 0.054007360793123 0.0565180623502418 0.10196568727863
0.0290140334361234 0.0840769243437325 -0.0233456826399237 0.132270757371947
-0.0591760459610639 0.0989851033805191 -0.0942723774971149 0.0735957614777261
-0.110838345271263 0.019919358055393 -0.0965103272545956 -0.0154960076956061
-0.070401600697457 -0.0829076365529941 -0.0127412920761832 -0.0303379003731878
-0.00381222110110942 -0.112136094308555 0.0285745061851368 0.145937067914521
-0.0509792041165041 0.0417027215850844 -0.0903459712050648 -0.170383956121094
0.0243230280966149 0.054422091487019 -0.0389415648952205 0.0317972642456259
0.0670895845104977 0.0121671374327712 0.122045420046524 0.0182191295325563
0.0362401921653804 -0.0494352542838938 0.123903920161186 -0.0984879276443951
-0.013854774735035 -0.0414370560318563 0.0149344761619927 -0.176229283825717
-0.0273435509059371 -0.0164325049009141 -0.101609632790746 -0.138109385805354
-0.0338731988343756 -0.0169214838065393 -0.131313006256467 -0.0640341888586742
-0.0284031082853012 -0.0176780612292796 -0.12142431472866 -0.0177520212176746
-0.0171646085863541 -0.0194466447057298 -0.122195704680749 -0.0012070605474374
0.0020690163481824 -0.0221127855508778 -0.137485905740598 -0.0143155990493782
0.0226753714016335 -0.0220929215109352 -0.138696185869601 -0.0528629770960358
0.0469464298980011 0.0128882683174993 -0.114996015944968 -0.12752957660249
0.0236349661002202 0.0576509965562606 -0.0707856966967333 -0.183884808440726
-0.0481207252600583 0.0473763078517221 -0.04645262493467 -0.17551803222593
-0.0787821739751184 0.00983184786332096 -0.135858692750587 -0.186154355982328
-0.118729591434544 -0.0180146644323342 -0.0482242605385573 -0.17334281820919
-0.0574438223996214 0.0378296863731491 -0.0244668768072356 0.0334346345241005
-0.00251813368041481 0.0556532977509847 0.146932587376876 0.0233218504507297
0.0195458155451464 0.0243438628937796 0.153149375106066 -0.10987880223667
0.0130518593075795 0.00723691734706686 0.0264805888124737 -0.19300643844956
0.0135406785486238 0.0104093437691993 -0.10131224807583 -0.15306234360536
0.0209103137409411 -0.00920816170667968 -0.136277478513767 -0.0665152452455254
0.0243255400779911 -0.014753390319937 -0.120017391068375 -0.0170803434913691
0.0320585915036678 -0.00733369272778096 -0.11965173281848 0.00352962651967427
0.0343403472118464 0.0170898966185468 -0.133132772239215 -0.00615040333880279
0.0289362403558611 0.0300070792457116 -0.138277895195674 -0.0358278394709343
0.0058398818917565 0.0691989475447855 -0.119815767236634 -0.105132846240013
-0.0486755153722216 0.0720087839417542 -0.0803138441140169 -0.162412625218442
-0.11653816029305 0.00393409627983093 -0.0615461101684824 -0.138720047157842
-0.141993398690647 -0.0679958440717379 -0.131823180052584 -0.142721042222895
-0.165794846095715 -0.0850293706699529 0.00555189037212606 -0.146078086226548
-0.138549776499034 -0.00227762839568096 -0.00146457699635535 0.0528573473332717
-0.0901375745755609 0.0829916273397238 0.174155178549722 0.045416975029286
-0.0182822216554747 0.10334588491529 0.190055631508234 -0.104096131760285
0.03340510626865 0.0685405781517284 0.0505330663118296 -0.195368703845284
0.0530183476792197 0.0457948663711845 -0.0811773822076662 -0.157742327588525
0.0732355184023593 0.00518746137797833 -0.121311508185136 -0.0650844490280887
0.0745291297729867 -0.0108658925881539 -0.101807138948108 -0.015381662583112
0.0781023182840085 -0.00119160191298152 -0.0986158867502431 0.0117204396445026
0.0675745582527054 0.0427722192288807 -0.113306385909681 0.0130645549725124
0.0459627656229567 0.0705752064993395 -0.130747049542415 -0.00131319766913669
-0.0114563124154639 0.124562163871647 -0.128492022246725 -0.0683435604393653
-0.0983743769962683 0.102259386892635 -0.0985085060970905 -0.133478973445729
-0.171861045204726 -0.0115885545857127 -0.0700315150002483 -0.103492376263054
-0.193217442613097 -0.1212313288004 -0.109407237675924 -0.0819734984523994
-0.183232212780864 -0.145621649705597 0.0618224055343606 -0.0860617096505417
-0.198778178184056 -0.0625258424913114 0.0258082940024026 0.0906883276264356
-0.176884171361925 0.0832779457534318 0.191538885215896 0.0839191822376986
-0.0728820420814649 0.166066001490424 0.220897833737896 -0.0750870371540046
0.037988906555876 0.129368844747105 0.0813788159096998 -0.174449343036687
0.0813785358453903 0.0825624384865137 -0.0437057768662455 -0.146869536614374
0.114078875031942 0.0233795469046862 -0.0888784109880548 -0.0582868085678216
0.11358406682124 -0.00472013434617321 -0.0682828724209985 -0.0113779502919392
0.112690560126943 2.66280931038743E-06 -0.0629030788105609 0.0203549552645406
0.0961339128292123 0.0533559617542622 -0.0805301704058856 0.0336931466870542
0.0660498018136488 0.0943062940422269 -0.109735793925998 0.0360649184840067
-0.0100596644106692 0.164522313574074 -0.128347437752687 -0.0241702101073725
-0.123164650754259 0.131087906293213 -0.111504114252371 -0.099197405603327
-0.203285662867881 -0.010262987071572 -0.0650328550727453 -0.0751273989486267
-0.219246327505442 -0.149951906623594 -0.0696228853950797 -0.0192401353156524
-0.166545983530915 -0.18224198978642 0.110020666186518 -0.00210114145568811
-0.215809021430281 -0.121123963876104 0.0495215378164569 0.138137155495831
-0.233115124284138 0.0518058655540062 0.18801395251014 0.130073947374585
-0.128285330523122 0.188836704228672 0.231284470351247 -0.0231659125447467
0.0257030138741526 0.169511992819925 0.108485753847353 -0.127580272952357
0.0909187115987536 0.108322042269381 0.00301383315786929 -0.115683424807314
0.134815126178411 0.0392883007011413 -0.043273723489618 -0.0449416282822745
0.134989360499638 0.00165730172203 -0.0255071095906135 -0.00560924833184811
0.133220294094623 0.00028509659322915 -0.0192707218087892 0.0272782229163561
0.113177963269701 0.0557893738631819 -0.0367521767685584 0.0507792553845565
0.0785308481595266 0.103844430070368 -0.0776347277252739 0.069121598424051
-0.00818179165380813 0.180267273317194 -0.11575960874505 0.0169905759803007
-0.132318434954429 0.140723110385618 -0.114132019169171 -0.066007669090996
-0.206017638668777 -0.0139635692929637 -0.0510990281584189 -0.0556599771021447
-0.212394739861968 -0.159587507333641 -0.0223692982060479 0.0371129275148945
-0.122809053488343 -0.183123972328548 0.142207437666876 0.0884506303221419
-0.182995840984546 -0.155184630154088 0.0643928992084404 0.182684715296835
-0.234519430669673 0.00544845701490101 0.159852887644882 0.169046227414767
-0.156103982794838 0.164152959058794 0.211501554444864 0.0344890741462534
0.00526248758265231 0.171585018617041 0.123183125328489 -0.0670831032470415
0.0822928206964788 0.112494852130347 0.0480861544777592 -0.0722518460443381
0.133864282242547 0.0465424516568334 0.00595759092866955 -0.0270500438106066
0.136716412505641 0.00776863744502805 0.0187646355614738 0.000755121021197977
0.135558876391407 0.00301450408007753 0.0268986763794613 0.032694173847757
0.115564186494702 0.0544435832484078 0.00779924945077254 0.0645571013357563
0.0768558030346215 0.103814664131672 -0.0424335322361022 0.0957181039135686
-0.015880921934359 0.172782293581703 -0.0990657642909481 0.0480407582221455
-0.133133688511311 0.121679034766734 -0.109267522162212 -0.0386056116773345
-0.183707825269055 -0.0301037499085925 -0.0342582675664504 -0.0449294922160924
-0.171764910190962 -0.156962488358588 0.0196410706030957 0.0834573178990883
-0.0611187744787616 -0.144573543907745 0.155494113017078 0.16240853445152
-0.116229374083421 -0.149072210972723 0.0688563859555954 0.212411999180265
-0.183484906613032 -0.0302465194831558 0.118701871822259 0.188675106485629
-0.143677052471882 0.112699333206184 0.174971357088381 0.0802446184856956
-0.00880139682128186 0.139253404147505 0.126012484279389 -0.00891780333061722
0.0628955887977183 0.0944691213711736 0.0830990845492206 -0.0282134108769204
0.110180889224768 0.0426270317066625 0.0515886522502702 -0.0106409078586837
0.117800969039716 0.0108017453856816 0.058875919778083 0.00712190576138807
0.118607888781245 0.00636196729882917 0.0684129427833798 0.0391575622463892
0.102822768040232 0.0492624461716396 0.0463666860423395 0.0786435935589955
0.0642059390919353 0.0952401602732461 -0.0149704603784956 0.119261876061715
-0.0290941620347948 0.147965501951254 -0.0866400409486894 0.0733200099115333
-0.125159841762667 0.0852853390711849 -0.102915002117897 -0.017163245439429
-0.143180038727648 -0.0532353098247921 -0.0210709556158861 -0.0345641020258882
-0.105824423318679 -0.141816279111381 0.0491455151955142 0.121420897377198
0.00854116238193345 -0.079011005187913 0.150444009218159 0.204487928946824
-0.0364934446352912 -0.107679914355246 0.0676077072742334 0.215929953106803
-0.10252971393811 -0.0421146822789629 0.0813327902180357 0.18953478247877
-0.0988768999753307 0.0544991105520264 0.139546053256711 0.107208862415246
-0.0120051242050396 0.0847429305074035 0.125561577666434 0.0301625538594047
0.0360752485566667 0.058176199046085 0.108410626177739 0.00263139807406941
0.0709467377307511 0.0307687795963665 0.0864494660857573 1.58830559021879E-05
0.0819302413233439 0.0122857585163361 0.088987671441711 0.0129364197140693
0.0849074429599302 0.00932194682789288 0.101743662333892 0.0461562562576843
0.0771495713881436 0.0409799906522663 0.0748711148188853 0.0945584532970864
0.0429944364973542 0.0776269205281945 0.000678202292917031 0.142209248459259
-0.0402014337635179 0.107739839357143 -0.0853964677927977 0.0926134615239047
-0.104354930032748 0.038852723426992 -0.104551036916973 -0.0014569224966794
-0.0859859773312729 -0.069778110724109 -0.014137961151957 -0.0284470028655797
-0.026758352113246 -0.108844287532178 0.061794273540294 0.149786737230987
-0.0536231788053479 0.0457545957382905 -0.0963360099239708 -0.177420244141262
0.0256239869524745 0.0569676513116475 -0.0398426769608283 0.0351551233297393
0.0705326197678798 0.0121196214640256 0.128921535412078 0.0167615718569654
0.037562417233104 -0.0525155323096641 0.12919995036779 -0.105195148973776
-0.0145067430523221 -0.0435923506458639 0.014840511283534 -0.184645432701819
-0.0281842718037234 -0.016571455347528 -0.107347773790027 -0.142611396180303
-0.0351669299736473 -0.0159819495792526 -0.13804874046465 -0.0646796952877983
-0.0305250023960348 -0.017382858694601 -0.127965394723596 -0.0168916231787983
-0.0184309973159632 -0.0193350355744993 -0.128047289579628 -1.04236661644339E-06
0.00165582226733646 -0.0230589789035447 -0.143729740650363 -0.0118007439151517
0.0228341454043626 -0.0238545466608903 -0.146991863576977 -0.0530609977303989
0.0490349812579065 0.0121337820951845 -0.124314604817225 -0.132754549344661
0.0250474333026064 0.0588347380507154 -0.0767028445737628 -0.191524903544094
-0.0508261583097172 0.0502697946176491 -0.0473055509796003 -0.184581373793372
-0.0826515181219631 0.0114610576776399 -0.144212372467591 -0.195462673685408
-0.124799856383741 -0.0159263854274898 -0.0523018708586783 -0.18161301548129
-0.0600611339411579 0.0413874385355824 -0.0247991100025585 0.0366613300062912
-0.00102259167989769 0.0584986238976902 0.154883623516956 0.0213364334091743
0.0210964736052739 0.0254200980025447 0.15916458738881 -0.118725313692011
0.0147551581175066 0.00752401790305265 0.0255621044364708 -0.202870661022417
0.0152595616573077 0.0112995460893874 -0.107710208042029 -0.1576735142006
0.0211375546107187 -0.00951764535122261 -0.142065108799514 -0.0673447986416356
0.0251897036338926 -0.0162822624248015 -0.125908576831435 -0.0162967395472958
0.0337693983102761 -0.00827422152521227 -0.124282785667658 0.00589779581267637
0.0369291712071647 0.0171937098701068 -0.139028064972238 -0.00277352321216167
0.029878976789269 0.0307497399435797 -0.145510554907451 -0.0347948906575767
0.00732679280125028 0.0725657343408402 -0.128219990163073 -0.110749383811289
-0.050500964994032 0.0744897575864944 -0.0868961556186158 -0.169186831303205
-0.122554041555686 0.00567375237241405 -0.0637311415133354 -0.146517835951921
-0.149813844247363 -0.0684664881189621 -0.13857620406557 -0.149678541948823
-0.174962366171756 -0.0864005706314757 0.00372143381956564 -0.153332113416135
-0.145754525534738 -0.00128702286299454 -0.00097171463189525 0.056709777307445
-0.0921935935231634 0.0895558123995573 0.183760582137137 0.0439716421656049
-0.0169341427518807 0.108841098851896 0.198283053108911 -0.11329700038448
0.0364139665529526 0.0718675533128042 0.0512003549784812 -0.206129204674062
0.0570707257301843 0.0471855047283132 -0.0870932837816218 -0.163497584920777
0.076113361759452 0.0039726318735934 -0.126773536733207 -0.0659883367739258
0.0770964616810725 -0.0131674755731468 -0.105943734692962 -0.0147991657378602
0.0808183475439495 -0.00302273475372135 -0.102020301870178 0.0144598348915136
0.071717577303534 0.0435923393991922 -0.11824488030438 0.0165195501641083
0.0486719124752189 0.0733654018790064 -0.137240893627925 0.000367462060888111
-0.00880162402877327 0.130504766123923 -0.13772343403886 -0.0709671435909356
-0.101664008083603 0.10808660452883 -0.105879825137061 -0.138829245914752
-0.1809229062202 -0.00942237104576471 -0.0719760785337979 -0.109273776804752
-0.203682202518673 -0.123844355370721 -0.114327047958419 -0.0868786363900192
-0.193324808609205 -0.149927256810681 0.0633401310768222 -0.0910348490270984
-0.209069862897444 -0.062566472773765 0.0275313828703262 0.0949245457893068
-0.183955274496177 0.090737004963387 0.202714537290981 0.0848214235362148
-0.072963505723975 0.175976972017539 0.231253463059866 -0.0824093083255589
0.0421065365603511 0.135475726900591 0.0845416302114792 -0.184918283784228
0.0871266590089319 0.0843296124030672 -0.0479147330704638 -0.152947666023634
0.118567184504294 0.0222655012891317 -0.0919251514497209 -0.0592828181086324
0.117260066421992 -0.00859260202097117 -0.0710933583136219 -0.0108477015904607
0.11834801909221 -0.00198794539976492 -0.0649611013462354 0.0223213651345969
0.101070314276349 0.0548547666284321 -0.0829231310689192 0.0377572657350565
0.0702309832204176 0.0978063149556983 -0.114034925859617 0.0402710369006384
-0.00592945606735767 0.172470501836635 -0.136519769792787 -0.0244023159873189
-0.126821057316498 0.139812752727497 -0.119820445913293 -0.10294330471919
-0.213226451887703 -0.00889000901606374 -0.0677867337539969 -0.0794446783495078
-0.232211619764689 -0.153318018927053 -0.0718346090719941 -0.0206468113567147
-0.176741003810562 -0.189207503598666 0.114850484730235 -0.00338967223206145
-0.228125086515007 -0.124336791633736 0.0534641437979475 0.14437764386845
-0.242933898737024 0.0590889355198592 0.198381265894319 0.134464993477116
-0.129833572081833 0.19973701433747 0.24174781975533 -0.0278626411633551
0.0298086863973873 0.177135531839591 0.113497092454698 -0.136138069875377
0.0974633161015979 0.111419613460221 0.000232267794963227 -0.121533068631053
0.140832206976661 0.0375277919355815 -0.0445254284622926 -0.0460451796849159
0.139893820988562 -0.00253415842711965 -0.0267699539704557 -0.00560989010302627
0.139465315450252 -0.00244667031487273 -0.0191669972585867 0.0287210801351104
0.119139165325836 0.0570588958550013 -0.0379638578986696 0.0545978194479675
0.0835950976054731 0.107138424066813 -0.0799639473133853 0.0740097655974952
-0.0041514563084657 0.189264972837933 -0.123519590940739 0.0194053030236058
-0.135324054831072 0.149019226222367 -0.122129290995349 -0.0680818423728963
-0.216252867581619 -0.0126303457223365 -0.0537393311805639 -0.0601379680122694
-0.224496635399353 -0.163074156112385 -0.0218407885531123 0.0374807074881912
-0.131985417967225 -0.189713842731372 0.149307072074776 0.0908592593030758
-0.194705154046164 -0.161298823930857 0.0692975319111052 0.191508396546432
-0.246209182636729 0.00984404548362594 0.169607223037521 0.175991681747123
-0.160647845137344 0.17510958485504 0.22244144278907 0.0333451167807535
0.00833447856032692 0.180698517986325 0.129188584960664 -0.0710606586054344
0.0879882551771727 0.116723807197025 0.0486449687335325 -0.0768818501381782
0.139332378305279 0.0460036533400682 0.00744025681598171 -0.0293714495293681
0.142078266771434 0.003327667717952 0.019837307443543 0.000740567491434559
0.140906353464998 -0.000790587916711454 0.0282007664405507 0.0338033508192283
0.121340806453437 0.0546798240467178 0.00851095118606125 0.0681257290569579
0.0819088901928113 0.107067581479453 -0.0438789589972712 0.101813138560486
-0.013103970723622 0.181258860800515 -0.104458827843765 0.0517102677390435
-0.136496877233931 0.129796910319272 -0.116748660567878 -0.0392233934842425
-0.192635069913906 -0.0299328824751774 -0.0371961684832028 -0.047379672075066
-0.181259288372593 -0.160911708379239 0.022951783527031 0.0854958150409219
-0.066674390040068 -0.151122191871598 0.163311500609457 0.169396521670728
-0.124893471189873 -0.154589736899126 0.0737763772234998 0.221492213075304
-0.193173213247868 -0.0283230378318177 0.126865085172308 0.196706271578771
-0.148424933437959 0.120721410164848 0.183641056100693 0.0822693255461708
-0.00724313390671957 0.145760968815389 0.131799778646293 -0.0108675135410437
0.0666476977998825 0.0976125483039095 0.0860966329213926 -0.0315133809172513
0.114894698974929 0.0424260325573984 0.0548094016933089 -0.0124727692711113
0.123128900475846 0.0076862822395184 0.0616680771970117 0.0075228126047599
0.123526554872543 0.00394935754803263 0.0712443931078268 0.0399259525734112
0.108361623654929 0.0497336243506566 0.0488378807425163 0.0818434878529765
0.068465743902619 0.0983229559215534 -0.014085656632821 0.125269174427972
-0.0263752689033288 0.155448544339383 -0.0912713625979392 0.0776386424892234
-0.129420088135584 0.0909000024233399 -0.110349502593957 -0.0167090569210723
-0.149404386197062 -0.0538317952583903 -0.0235574832699293 -0.0380928822251364
-0.112441451423674 -0.14648760920763 0.0537135104151261 0.125942743388466
0.00681620379640806 -0.082204346189431 0.159251079886677 0.213987743298263
-0.0410364720486411 -0.111722242034283 0.0725351172247724 0.226358360306541
-0.108481099848759 -0.0424371500174684 0.0864949770295861 0.198565415702221
-0.101967864634875 0.058448930633178 0.147218716772858 0.110685806093262
-0.011759853522682 0.0888774246332377 0.131807907006738 0.0302660392751201
0.0384485029408213 0.0604856531754807 0.112913713257392 0.000159611798310415
0.0737623689112429 0.0301343469038447 0.0906319189050408 -0.000798628454936364
0.0855288341376155 0.00991602378231124 0.0927171805742592 0.0127238356825392
0.0887648671730902 0.00808494742585487 0.106184774062744 0.046412948121055
0.0813847376875043 0.0407211874370074 0.0784427898643018 0.0982115206484697
0.0463164192230745 0.0803919930438049 0.00304907971345726 0.149187148196783
-0.0395249465584685 0.113239821621935 -0.089501326452608 0.0984571339579358
-0.10753292995064 0.0418587173180935 -0.111659232783286 -0.000563479300744998
-0.0900736281020444 -0.0715496370383889 -0.0165132191059255 -0.0308629237501623
-0.0286836207102567 -0.113368818988708 0.0671449219509786 0.155707479439669
-0.0552361970272773 0.0518084761669123 -0.10925311857567 -0.182356254668812
0.0288032038078158 0.0588668813819873 -0.0403250312478374 0.0396626456537501
0.0754495419391767 0.00870991607528063 0.136233055387 0.0110799807857803
0.0364149321215717 -0.0570101419285925 0.131169651257953 -0.11778144134253
-0.0169362781654375 -0.0449285721161044 0.00760899411958999 -0.195490526283076
-0.0294192912267938 -0.0153980332444847 -0.117722382327724 -0.143475791801094
-0.0376597287352247 -0.0141137925234013 -0.147538210556956 -0.0609799435633499
-0.0326220748315113 -0.0159877598598974 -0.134496893672295 -0.0113480185849387
-0.020198574172919 -0.0190460786390972 -0.132774785198 0.00655431638405624
0.00107703762988482 -0.024038270354901 -0.151641717376457 -0.00509227376156969
0.022038686325636 -0.026105576938954 -0.15757307433704 -0.0492842964690868
0.0525793801474585 0.0100221333846232 -0.138038703346448 -0.133825747610519
0.028826892368683 0.05931763054447 -0.0889540400940824 -0.197617302261562
-0.0522799230783092 0.055724307792975 -0.0543159142879195 -0.193590279505475
-0.0860043751935609 0.0165516126756323 -0.159699564803412 -0.200992200571221
-0.132075377152109 -0.00986126685513739 -0.0639836912360565 -0.189297140699092
-0.0615381263354228 0.0463255290917656 -0.0245328643081976 0.040256556884318
0.00299704807092459 0.0615961055267094 0.163497793159651 0.0150352849226282
0.0236420393057329 0.0255595737202 0.162275471946957 -0.132381648782941
0.0161748545280398 0.00665942799291722 0.0180733154524977 -0.215267541777068
0.0174404247685049 0.0110664944836362 -0.119911427391653 -0.159854025834401
0.0215599689120842 -0.0103098768946108 -0.151107699009166 -0.0636897080428913
0.0246394160730061 -0.0181416472541542 -0.132695288124399 -0.0113115127502315
0.0348179629401857 -0.00974800604368937 -0.128838569769599 0.01174830062063
0.0400650734243807 0.0164714697382643 -0.145700794972863 0.00466959676738616
0.0326415856611216 0.0311796164126715 -0.155057901694826 -0.0296769449810488
0.0114098150633245 0.0751047105161234 -0.142530046526625 -0.110155189089096
-0.0495178275022233 0.0804517465821385 -0.098963044547447 -0.174066530985947
-0.130153425256831 0.0118194472890376 -0.0704147057262558 -0.153219906233107
-0.160905715138073 -0.0644669173340548 -0.151776306312076 -0.152363487672523
-0.188146815046192 -0.0809070239339336 -0.00311881150880506 -0.161722886732117
-0.153625571190044 0.00569903125106529 0.00109808281883951 0.0604688016115887
-0.0918547236265817 0.0985101184745428 0.195649376550239 0.036782958682933
-0.0116993461607589 0.115122871421672 0.203460809752664 -0.1296259998429
0.0420952072101391 0.0733329973332154 0.0446847391629327 -0.220322679738818
0.0631093795463377 0.0464907341222032 -0.0988878147573412 -0.166484222724535
0.0796661860432313 0.000877704800498554 -0.134610243801779 -0.0637673527585219
0.0780828318328837 -0.0187108419144051 -0.11167617671127 -0.00997445939923118
0.0851000661580227 -0.00778361236186222 -0.105441836927755 0.0192329251306101
0.0778137862781547 0.0424425079242665 -0.123290767827178 0.0245624305231052
0.0546226309468076 0.0745631384840033 -0.144419273897597 0.00776719001140316
-0.00123039062857088 0.136989418606238 -0.150361762383148 -0.0685324107022815
-0.101816416699403 0.117829388460081 -0.118191827095863 -0.140648784980561
-0.191369498325777 -0.00172298187441247 -0.0784033646293486 -0.113729824211622
-0.22038251844292 -0.119140155030289 -0.121840647606213 -0.0873631527938789
-0.210756376281589 -0.147216748258329 0.0622733828996115 -0.0996054145595329
-0.223701395634385 -0.0558138731860573 0.0327467875533855 0.0989106098706964
-0.188001605443537 0.105109107638109 0.21696884152675 0.079202960780076
-0.0675689126744451 0.18837848337743 0.238372007167084 -0.0975603824340377
0.051486475963582 0.140197637888458 0.080098765598902 -0.198646437934921
0.0962182181246031 0.0841511297325619 -0.0584018793847344 -0.157372380529827
0.12546311543509 0.0174492502546668 -0.0979943191809213 -0.0588100154410854
0.121316329744422 -0.0156718114393056 -0.0749707972887476 -0.00825844082733713
0.122847511647564 -0.00868717186782183 -0.0657539947829444 0.0265429395261632
0.109556177620945 0.0527000626761959 -0.0855907995084061 0.0445837822467547
0.078321520365632 0.098968483499262 -0.118734149315397 0.0486091409857516
0.00280991469363391 0.181145369785176 -0.147357862198431 -0.0190000789921196
-0.126076568763775 0.152212532367628 -0.132888041250889 -0.102406742676742
-0.22500928522661 0.00071952137173446 -0.0733136654334999 -0.0824564528317699
-0.251290429357727 -0.148521498835569 -0.0750938575576238 -0.0202620604636788
-0.195076080150557 -0.189634808440285 0.120581421110316 -0.00937529536374514
-0.246474431899145 -0.120031095848956 0.0614195054059588 0.14951175013297
-0.252661365008438 0.0745939613529264 0.214741019017598 0.130893367510835
-0.125847406498972 0.216077775695066 0.251772967081956 -0.0406868565262753
0.0403441960543842 0.185034957659601 0.113180304788393 -0.149421300968783
0.108178960324061 0.11231378825321 -0.00553633925050395 -0.128073420572831
0.149375666615689 0.0323588928443094 -0.0473843011309136 -0.0469896853906458
0.145518396165813 -0.0107859786524885 -0.0280132909406799 -0.0044085253939749
0.144271347663414 -0.0110122270138831 -0.0184866353946585 0.0310761394797795
0.128086843943352 0.0536658061595421 -0.0375200149811828 0.0606957183939821
0.092548649690508 0.108661167911256 -0.0808696725014581 0.0827977238691882
0.00688622756399255 0.197762850293913 -0.130744756374377 0.0260606639502081
-0.134504863685679 0.162256888211874 -0.133284800789789 -0.0650665163967402
-0.227531219775935 -0.0031997939840773 -0.0590900389272903 -0.0624702499562543
-0.243359320906736 -0.159454151008711 -0.0205601993354664 0.0385919850216245
-0.147002090006429 -0.193087570497264 0.161441228748908 0.0887278959410694
-0.212402372322058 -0.159516170043149 0.0802398580493767 0.197223567716519
-0.257738458504051 0.0231445099968536 0.18634673914968 0.176285263269354
-0.15889179485828 0.191448979863171 0.234367446470172 0.0245950018517741
0.0178538662842027 0.18908846940966 0.132451766632245 -0.08247387747535
0.0982932952880696 0.118367211545439 0.0458893849550338 -0.0828580689849317
0.147600956300941 0.0402382827187604 0.00752332574556202 -0.0307449527010732
0.147325466466701 -0.00522227987084756 0.0204802338367888 -5.06002806030945E-05
0.147049711232844 -0.00831891147329861 0.0313935820967424 0.0345047113149084
0.129336957293786 0.0510683902448541 0.011440219826954 0.0727710471777647
0.0915337581598428 0.10803478328987 -0.0414904579661049 0.109393446183005
-0.00247197602261641 0.190985824422218 -0.110212087100156 0.0598027810976514
-0.13595109101629 0.142624912887067 -0.126724621012737 -0.0354562380142865
-0.203262501915513 -0.0227289445709102 -0.0417157109763701 -0.0502150511413913
-0.198153451768124 -0.159218162457517 0.0290885601856706 0.0881920223114468
-0.0778163088407467 -0.154927792622823 0.179678285201061 0.171587645925854
-0.139008176647964 -0.156452034610614 0.0864690021924474 0.229464544722048
-0.203216564138662 -0.019216931092316 0.142051974244508 0.201674902322046
-0.149954754116523 0.134863349637277 0.195810062165794 0.0781980478535495
-0.000563933055425974 0.153792473205577 0.138847835304753 -0.0176724444994271
0.0738837605995478 0.0995091133870062 0.0881982895531461 -0.0372572804454809
0.121788083659864 0.0386463717463331 0.0573480730184271 -0.0154706776842413
0.128011944474295 0.000427165742847377 0.0650148579113849 0.0053830864047051
0.12873579758559 -0.00360210989133974 0.0765213931284697 0.038260414405048
0.115424099056476 0.046971709914146 0.0542682124340219 0.0841214053209415
0.077015592718329 0.0990043232656327 -0.0096635815120629 0.133146959878017
-0.0191733309481516 0.164199874202906 -0.0942839565266888 0.0864701818208027
-0.130423111032171 0.101646169048376 -0.119191625533406 -0.0122920169813281
-0.159286194356261 -0.0503969386295512 -0.0278667312477257 -0.0398525364412194
-0.12498581203322 -0.147325038316008 0.0634386602001689 0.128994593557302
0.00264592877680584 -0.0865733886062997 0.176242946496044 0.218937574113328
-0.0489034117683535 -0.114664808818249 0.0858907362299161 0.234355597630636
-0.116027113949731 -0.0385432841417037 0.100087850189503 0.205689796285827
-0.104406947788551 0.0670172671938765 0.158787088618534 0.110599311718038
-0.00879130497151116 0.0941266975931836 0.140361066745034 0.0260465776519027
0.0426585295165259 0.0616702499897196 0.118070349420923 -0.0051940971742266
0.0780274586872009 0.0277211607065109 0.095744972135365 -0.00563448139880652
0.0894543952812817 0.00468646966088004 0.0980235469103234 0.00990739280005823
0.0927468264308348 0.00270031856087668 0.113024848111538 0.0440998584312014
0.0868438562588292 0.0383916220070028 0.08572851272996 0.0999918429298379
0.0523303542019455 0.0814732110888941 0.0103204580799687 0.156415542610731
-0.0344938240913445 0.120203209211751 -0.0905458418165856 0.107978248857814
-0.110326137066303 0.0487958576173836 -0.119724344380188 0.00445675476599657
-0.0975585595538348 -0.072039579283 -0.0205757309795385 -0.0323877414641717
-0.0360418956721645 -0.116941913223504 0.0789066887336005 0.159806673332728
-0.0525755226146961 0.0584384814268792 -0.125736039472936 -0.178868130090641
0.0326068540573731 0.0592577154567627 -0.0383104715487844 0.044036771914683
0.0789308488094311 0.00310651962253223 0.139652287727294 0.00170715507258214
0.0332146485287112 -0.0605072129164466 0.126945994413469 -0.12926757460236
-0.0203643503223037 -0.0445713132554114 -0.00501700114227376 -0.200131267418547
-0.0304474790440942 -0.0137202634580519 -0.129600475802827 -0.137626446292397
-0.0388572741199951 -0.0107448210621747 -0.154555764335529 -0.0513665998610051
-0.0350185980496339 -0.0129497837544861 -0.137940649408424 -0.00189776059093222
-0.0215007109989502 -0.017315323427037 -0.134952744719302 0.016141597982039
-0.000536451368382671 -0.0244783124566296 -0.154516892870272 0.0062112313351911
0.0204933658712334 -0.0281681399926383 -0.165101434285379 -0.0389904223945977
0.0539328731298573 0.00560030479323211 -0.152707707220963 -0.126246025590941
0.0327250469301334 0.0576495923336683 -0.103915697490125 -0.196120745959141
-0.0510485498223566 0.0607090167011144 -0.0660629647026866 -0.19584236866131
-0.0869431837149931 0.0234494450041633 -0.176656039898937 -0.196465276762936
-0.135866738335528 0.00105089632399024 -0.0788977430944969 -0.189810692165866
-0.059682085030242 0.0524282348539493 -0.0229374366104605 0.0439176631424551
0.00885180297554299 0.0626921733608511 0.168001724886226 0.00344407601589436
0.0265902046053359 0.0245005147212556 0.156821457379854 -0.14737509112962
0.0167810706628529 0.0055354555688075 0.00378021463910162 -0.22145176950168
0.0191918213862279 0.00975411585176343 -0.132674594161155 -0.153482481252251
0.0218718219409387 -0.0118046939202806 -0.158150816362349 -0.0542132867450914
0.022910324537701 -0.0204474328235874 -0.135768215961664 -0.0019663146480953
0.0351195544645466 -0.0130027962833245 -0.130435009447681 0.0210145440921714
0.0419847640165901 0.0141440951726495 -0.14762389464364 0.0162819433545894
0.0355304082208833 0.0299934332647356 -0.161122437927716 -0.0186112989730449
0.0179973122653081 0.0757603879839209 -0.155130870001849 -0.102763881790525
-0.0451237180161508 0.0847233453172752 -0.113473742574696 -0.171044976066095
-0.132713017139889 0.0212607805159876 -0.0799069329817289 -0.153811015567607
-0.168997707795046 -0.0534590534365842 -0.164761154106934 -0.147795748388522
-0.197792787971723 -0.0682751298958789 -0.0151649299099393 -0.166409986537851
-0.156488324866884 0.0171748123182517 0.00428824222940762 0.0618920968536559
-0.084870058268305 0.10796287774975 0.201608910689907 0.0232374570296715
-0.00234301320891276 0.118598646937401 0.198084644411591 -0.146682768724174
0.0491583341906513 0.0716764464494754 0.0296534052854018 -0.229083335239633
0.0687232164652017 0.0426714837587652 -0.113483028587153 -0.162917470205624
0.0813203701625935 -0.0043803033938675 -0.140789307008275 -0.0559904455400764
0.0777320666901628 -0.0249111300195293 -0.114427320281188 -0.00328656284164947
0.085568616940934 -0.0141873267086269 -0.105096504913208 0.0275052497118471
0.0834607691428029 0.0374370093351457 -0.123669184238954 0.034950363931228
0.0604901420807101 0.0723094786690738 -0.147713276189571 0.0186702237965115
0.00979535440018903 0.139476293064251 -0.161315667611003 -0.0586914459273876
-0.0952815872463192 0.127014786193093 -0.131849001384277 -0.136078658009314
-0.196068099626581 0.0120210454945876 -0.0868454709663181 -0.113562246890408
-0.233635613170813 -0.104369599926102 -0.129856272174096 -0.0832001127872265
-0.225346667688917 -0.13507365016977 0.0566084514589263 -0.106661414386082
-0.232081635613341 -0.0416875884458871 0.0387798413267571 0.0996246131365956
-0.183021579145589 0.121116433415871 0.226747402362743 0.0645058684181012
-0.0540494322821187 0.197678916178438 0.236363926444641 -0.117037942289667
0.0635669855621883 0.139900152752765 0.067928512546905 -0.210451520968683
0.104808885589194 0.0786656394024831 -0.0709343205051161 -0.15591788203194
0.128179730976555 0.00867081238602868 -0.102705102436249 -0.0533426826648577
0.12012328060921 -0.0258625483042508 -0.0771286578664133 -0.00281201154622574
0.123589614066775 -0.0186711189359227 -0.0649518830294747 0.0314697001643129
0.116249227301657 0.0458176253246985 -0.0834814973788817 0.0524482805229081
0.0869374639162273 0.0958507044277337 -0.117753698990201 0.0585664980322677
0.0177377909569646 0.184160778304624 -0.154646770178823 -0.00829156545117289
-0.11819271699155 0.16471290794743 -0.143424637650289 -0.0946945083474768
-0.229563269858729 0.0164008890317453 -0.0804874821385574 -0.0821266776215764
-0.267605918196251 -0.131853256830274 -0.0773935366379939 -0.0173091286407809
-0.213269012594261 -0.180325462719944 0.122418479458656 -0.0182884306286373
-0.26061637753124 -0.105314932669181 0.0717950499746541 0.147820460891297
-0.251265547942557 0.0953286569003389 0.227839721376702 0.117456754445513
-0.112332014378155 0.231468033673835 0.254445555160572 -0.059226355292048
0.0550961221493037 0.185538065057009 0.105389023994834 -0.161172291466981
0.118551870342955 0.106473447836427 -0.0159906186509197 -0.128946816450135
0.153588757434165 0.0221991539909044 -0.0508709699725405 -0.0454979707405488
0.145114007665975 -0.0224406033140282 -0.0287441869821025 -0.00286714921100356
0.145614703445074 -0.0223173283903993 -0.0163651475151085 0.0327000711358099
0.133944350617118 0.0460019375687495 -0.0344817616885577 0.0651073943378988
0.102493443144099 0.104396573851213 -0.0774355227686959 0.0910736277824371
0.0220793796458152 0.201257071690703 -0.134449758894837 0.0369214610207023
-0.125410442456688 0.17555646398182 -0.143415398143146 -0.0569843645145436
-0.231813110027858 0.0133597009132251 -0.0650143542916986 -0.061914440915721
-0.260115761949333 -0.143728328451799 -0.0158759889571609 0.0396190181589463
-0.164374829384919 -0.186578192838302 0.170092145025462 0.0795069048849543
-0.228641542553491 -0.148231771867982 0.0937333096796681 0.196489340758406
-0.261187187654814 0.042967770502119 0.202286018307039 0.166637303318078
-0.148655428760653 0.208163276410692 0.240154184132288 0.00831562624282232
0.0315661608355253 0.191703662021285 0.130446543458833 -0.0933133817241593
0.10858724612218 0.113519662500969 0.0403616045024473 -0.0874283075575831
0.152221905719735 0.0307524203596592 0.00598201691888505 -0.0322333727810942
0.148331755986781 -0.0174598738932021 0.0214743014290129 -0.00156026347206282
0.148112360993622 -0.0200157146574849 0.0339137837050534 0.033418919424613
0.135507505640794 0.0430686320848893 0.0166969964889147 0.073384279854219
0.1005021824365 0.103067608917944 -0.0348955856669184 0.115618160842402
0.0126693552927483 0.193998167936555 -0.110351381909253 0.0704483859899902
-0.12785344921436 0.155490374673036 -0.134188009720512 -0.0267549931226112
-0.208597897237361 -0.00923604926291186 -0.047111066954529 -0.0497025644702643
-0.213493920530145 -0.146393124554529 0.0375982832188812 0.0864792953568954
-0.0907013312359533 -0.152641263599627 0.194453994546769 0.163245584042664
-0.153619758155405 -0.149319245945174 0.102841655621729 0.227768494184666
-0.209061444438619 -0.00394237190669686 0.158687273217365 0.196146943975757
-0.142737989345474 0.149303139865996 0.205159571255466 0.0667619764095156
0.0110650395399 0.157612668264664 0.14041168238954 -0.027722857997691
0.0822499584917537 0.0964882394166649 0.0870134371057018 -0.0437856306114685
0.126232213827182 0.0302458487813348 0.0579425060238843 -0.0205031939752974
0.129431954894308 -0.0101418040497834 0.067281668200467 0.000844552689855248
0.130167076174153 -0.0134509731504118 0.0810041386845141 0.0335031232269753
0.120987829295228 0.0391105920070724 0.0606919173072323 0.0829946608680611
0.0853875275673038 0.0960729390481569 0.000209318035496812 0.137006089091609
-0.00671387876603022 0.168380192362863 -0.09204991351411 0.0959694580077204
-0.124717622332791 0.112748258189295 -0.125124373364865 -0.00347304982884631
-0.166258027536451 -0.0401318022317904 -0.0315602385236666 -0.0396244741480851
-0.138211878895984 -0.139916933312821 0.075456620604776 0.126106681629485
-0.00434571404647565 -0.0874486705128011 0.194958605768306 0.213246831857146
-0.0593070360293339 -0.112607806090041 0.10191972170718 0.233079339025282
-0.120561418037338 -0.0306975413549025 0.115325164691452 0.204188247188146
-0.101678744202404 0.0765855309171813 0.168614848520814 0.103222043218462
-0.00216048322637647 0.096414286045891 0.145060748476348 0.0177170969073824
0.0469930613459176 0.0607156806090251 0.120222783852557 -0.0132738040383113
0.080709654359075 0.0223902655491291 0.0972304097468128 -0.0123171253580855
0.0908829682410155 -0.00335545751523179 0.101205776534937 0.00418723026760504
0.094464506590631 -0.00436236388514615 0.117526084246219 0.0370960010858643
0.0909937069173098 0.031850978555375 0.0936769315900645 0.0964758332290984
0.0589204039252714 0.0793193274726243 0.0216951911130819 0.160299340086218
-0.0252716330666689 0.125391242614773 -0.0868251529384806 0.117790577058191
-0.108297711159841 0.0571178247021249 -0.123736808067989 0.0136577172788366
-0.10485428952089 -0.0669153204025047 -0.0244376773391794 -0.0327674663668568
-0.0449775827175688 -0.115716177660851 0.0938777250284024 0.157264692287183
-0.0474347952286331 0.0632840051962718 -0.135025844283316 -0.168613360360415
0.0352254584146898 0.0571637546993478 -0.0358994740212974 0.0471927682486648
0.0777635556829109 -0.0028848014154694 0.137200866045909 -0.00631898498113621
0.0283608953141518 -0.0615176355846047 0.117614375120181 -0.135534834782147
-0.0232157015002276 -0.0423107062715289 -0.0167193173367496 -0.197549908699419
-0.0296781161716088 -0.0114302315042021 -0.134926390955242 -0.127300622543122
-0.0383146157360988 -0.00754634774644165 -0.154952198821429 -0.0401084289001176
-0.0347112593424979 -0.00965494404214204 -0.135442199952874 0.00642577392985986
-0.022069185217364 -0.0153382417349972 -0.131708066510394 0.0241289640478025
-0.00207674862054946 -0.0237327091502082 -0.15115279923531 0.0167720076038207
0.0177469689498987 -0.0287263649622703 -0.164579434155366 -0.0272676460115382
0.0528793027190724 0.00202990205089726 -0.157048908726368 -0.114375288737149
0.0349267511052515 0.053958338168578 -0.113231140498352 -0.186694620409728
-0.0469263105923031 0.0635763344200737 -0.0747529142631993 -0.19134754505954
-0.0832492325619134 0.0288065229816395 -0.185094767722029 -0.183681542746969
-0.13234190431484 0.0110550297635051 -0.0903154491362246 -0.182900825769552
-0.0557722932693103 0.0550919092563247 -0.0204096359442591 0.0457071298641012
0.0134675336290696 0.0604979978092532 0.164659839071158 -0.00760416420484961
0.0278790092663655 0.0217882322914925 0.145794419479252 -0.154235284300423
0.017082737677767 0.00474793514771731 -0.00910335671772912 -0.218787666952803
0.0207473772871074 0.00815203193943224 -0.139936462799364 -0.142230598111499
0.0206402977538804 -0.0123387906005658 -0.158403177764174 -0.0432175246531884
0.0205475738639048 -0.0209005746783307 -0.132366625285431 0.00662903631815969
0.0328780753855207 -0.0151936705016748 -0.125846014637384 0.0288456246268201
0.0427260646839088 0.0111971775976422 -0.143659110410733 0.0258224643326033
0.0366944690175299 0.0270866736389387 -0.159606837713569 -0.00774211726467143
0.022635928440311 0.0725071185683842 -0.160007375331842 -0.0900106254070252
-0.039689213734931 0.0852510257433804 -0.121596354193986 -0.161858645657426
-0.129072777653136 0.029862643030501 -0.0854945426944577 -0.149556943593977
-0.168399802649759 -0.0409702099028777 -0.169231642419964 -0.137927208614052
-0.1981544095348 -0.0535658418678751 -0.0258394185965074 -0.164039544505829
-0.153268823135932 0.0261895999051742 0.00704589114784259 0.0614999174821932
-0.075391791066284 0.111413685907836 0.198309924822185 0.0107135327636694
0.00606666696734898 0.117136274965308 0.186177938839642 -0.156176851197288
0.052832220031973 0.06755514947546 0.0150039688494659 -0.227466506759174
0.0704733323103647 0.0375620866728568 -0.120947226779646 -0.152273039105663
0.0793037496326553 -0.00931695445946007 -0.140331671354589 -0.0465553026673848
0.0733407177015447 -0.0291988977158578 -0.111871304081228 0.00434306975608633
0.0823537499943996 -0.0195694162802653 -0.101000548384415 0.0331838799308045
0.0848306381905439 0.0319287668563106 -0.118330527571168 0.0425420279641857
0.0645676427610407 0.0669604110545719 -0.144404753754135 0.0281862405045293
0.0192685040067801 0.135717632274746 -0.163726097893594 -0.0464822482105339
-0.0864838683733295 0.130497428916703 -0.138363181961774 -0.12607966033332
-0.19203004283692 0.0237687011512839 -0.090766627743567 -0.108681244036669
-0.235042258993055 -0.0865110520811564 -0.13191523838238 -0.075537588890145
-0.229349110953405 -0.118093609979222 0.0480978199820914 -0.109546674695285
-0.231377836238972 -0.026656459903577 0.0425802725470633 0.09498086987807
-0.170551837506874 0.130710100928629 0.225349659028707 0.0500978915902686
-0.0398286590353936 0.198079616597325 0.225429632466159 -0.130244213648771
0.0712651812701582 0.133222871987307 0.0540679652162726 -0.210882103922523
0.107953255102246 0.0709751896917045 -0.0791192176241875 -0.14830207138998
0.126153681484881 0.000712405655306315 -0.10290170922806 -0.0466755156543227
0.114755343779603 -0.0331715679544431 -0.0748199959404414 0.00159753371694218
0.119585542760851 -0.0267096139030264 -0.0614908954518668 0.035060230398261
0.11706845514161 0.0381432459030333 -0.0780759671132873 0.0578789290365196
0.0916416939521127 0.0885425979244214 -0.112490495805601 0.0664170291755703
0.0305268122416883 0.178813392676988 -0.155067390892698 0.00291222313459719
-0.105662559735436 0.168471196045125 -0.1481329944771 -0.0843564168859591
-0.224783186964864 0.0301330107116811 -0.0831566228042329 -0.0776615147275067
-0.269658347301534 -0.110797637990695 -0.0753728167414608 -0.0147806593691446
-0.219726931937982 -0.162850167151668 0.117961683079937 -0.026478555841341
-0.262642983829129 -0.0879857814458946 0.0768487310189576 0.140953311063547
-0.239330474459889 0.109762520273178 0.230326411851721 0.102677763735674
-0.0941754478166817 0.235004519864811 0.245720665149244 -0.0735892568967146
0.0666533290915831 0.179192538172485 0.0931841062862947 -0.16525810946872
0.123652469020749 0.0973549883488008 -0.0235643862679063 -0.125041367188197
0.152397389103418 0.0118977807179774 -0.0516628367374107 -0.0421125001937994
0.1392116131252 -0.032253133131176 -0.0281988939317331 -0.000897646490835365
0.140118476460884 -0.0317246263444459 -0.0132433585569381 0.0332662632958247
0.134330558411435 0.0366038868570784 -0.0283703760290422 0.0663551142465083
0.106933197104388 0.0962614193596361 -0.0702619621834186 0.0954789770470648
0.0361011819989115 0.195536329572696 -0.13189358764867 0.0458139707082107
-0.11176044465999 0.180056447254223 -0.145470800604159 -0.0470235866670451
-0.227871164760872 0.0266332545955303 -0.067622773314144 -0.0583785455437238
-0.263509606136517 -0.123347044752523 -0.0119369843595337 0.0376285219361171
-0.173095836833888 -0.172600779399647 0.171090275593554 0.0678224283400463
-0.234430602955884 -0.131130664615302 0.101943860460384 0.186169134420908
-0.252328344794496 0.0596186852041334 0.20733770963679 0.151949712309161
-0.132154389658875 0.214528879435923 0.236500321827574 -0.0049232030682504
0.0436066508212736 0.186823239537185 0.121368619810425 -0.0996935812799344
0.113783125178631 0.104858255466337 0.0340727691878641 -0.0875217196266145
0.150964919535451 0.0201736712339532 0.00496892154292551 -0.0333352728054311
0.142405560056631 -0.0274970521489057 0.0214610310039827 -0.0022817644347988
0.142015466605884 -0.0297583782991077 0.0355571134458813 0.0304037772763903
0.135633932945339 0.0337862542307961 0.0201796331288302 0.0716238113143096
0.105656385211346 0.0957167187123921 -0.0266573114800969 0.11562884900417
0.0255663712253939 0.189254008521162 -0.106054240565966 0.0775339596468189
-0.115477130011791 0.160317270054877 -0.135289032447397 -0.0168613327786509
-0.205479181856922 0.00357679672021117 -0.0496200260496144 -0.0473083724016677
-0.217871530950924 -0.129345883825232 0.043511928806658 0.0811127283079191
-0.0989389042510651 -0.143520346292747 0.200676108455577 0.149411215184601
-0.160035611331534 -0.136926115113318 0.111849519331503 0.216575641841988
-0.204826309320812 0.0097138305036751 0.165921324885008 0.184262469673098
-0.130903866441392 0.156186503939187 0.205335554694965 0.0543552218245825
0.0205096176138122 0.154454749826097 0.136453408421482 -0.0358732630347239
0.0870045330845073 0.0901278198158843 0.0831812608666244 -0.0473922021561552
0.125077028266889 0.0220099495791865 0.0564054029706766 -0.0240499192207559
0.125279076127359 -0.0192228823613652 0.0663511085124616 -0.00276925388273743
0.125481963117737 -0.0226762087516838 0.0812755272135506 0.0282660211541061
0.12087983863219 0.0299291046660433 0.0643334859864406 0.0787484134150897
0.0896695727574841 0.0885660854297926 0.00867528504937578 0.135008785741616
0.00502873835228478 0.165443860565171 -0.0858720617734378 0.10087670018148
-0.115240313052903 0.11789122128899 -0.12463753078858 0.00478600208166994
-0.165261143980381 -0.029998297121919 -0.0349092198700298 -0.0375391355708461
-0.143556792065552 -0.127480253543198 0.0831467051958876 0.118129922234707
-0.00929120506944782 -0.0851128919194502 0.20449068646958 0.200007436183058
-0.064357867816202 -0.105783732343865 0.111552133348176 0.22267323375871
-0.120282035074892 -0.0212488090322861 0.124437831958458 0.195314899777626
-0.0951983372360988 0.0822805581936754 0.17215178626044 0.0917602620152296
0.0036591280690327 0.0953940675432414 0.144238943238004 0.00809974968532487
0.0501180539239449 0.0574940655561253 0.117398922662369 -0.0210435850009502
0.0802467341997176 0.0171358138525602 0.094902174009483 -0.0183996306304982
0.0881898872515635 -0.0094000397177556 0.100125912992574 -0.00200918092842127
0.0915723245954815 -0.0107812730625952 0.117586107455694 0.0291444537756425
0.0908952318464226 0.0246779109887912 0.0973458464951342 0.0896104830718937
0.0634218319987198 0.0739731067044545 0.0305244411666362 0.156126093424981
-0.016056520716625 0.12372540158318 -0.0791236961632962 0.12175189830963
-0.1019084358382 0.0623964192010874 -0.122333248256757 0.0214701624018693
-0.106681233646362 -0.0596543668428673 -0.0267215832804735 -0.0309813568094273
-0.0513598682606664 -0.110055269770222 0.10252911464157 0.147389600534082
-0.039863865307367 0.0657690504378849 -0.160927816571329 -0.134391177821416
0.042018354995902 0.0504501144628888 -0.02568177575526 0.0551944470750051
0.0725895629711934 -0.0159488929977955 0.136350585519447 -0.0273317205045538
0.0147010176450045 -0.0651598771731265 0.0976344616472586 -0.153381672727652
-0.0317475790317887 -0.0370968988739281 -0.0491237725178182 -0.191072263136058
-0.0305416175830016 -0.00525890089477579 -0.151744009942531 -0.102677602222974
-0.036814564870148 0.000254933861341092 -0.158192087796092 -0.0171422861069546
-0.0341834040090707 -0.00352721028713312 -0.12901032844183 0.026067352655071
-0.0231138903084063 -0.0109741979357041 -0.1226323827843 0.0447278113766691
-0.00590196022923747 -0.0221370477437533 -0.141757321340627 0.0417935693301233
0.0120459354267532 -0.0280282568469359 -0.162810221721612 0.00185821069156299
0.0482038813663659 -0.00685343501824935 -0.170419202226947 -0.0826964672675765
0.0377002775505719 0.0444908948117774 -0.138778355544154 -0.159495679457857
-0.0364489502172636 0.0643636665699402 -0.101124845754538 -0.173905002153527
-0.0795185262525344 0.0365543251122572 -0.203165060679935 -0.150961518766431
-0.126982480052762 0.0264597954775764 -0.124244310334408 -0.158466453697515
-0.0439845348403459 0.0608739362057885 -0.0152102061810669 0.0502446021110458
0.0219497383993824 0.0511672253951668 0.156382181430777 -0.0291626132037813
0.0269817355218 0.0123379800981051 0.117781952069178 -0.170970398572171
0.012057035785624 0.00170395845338228 -0.0438751723647083 -0.209217104197394
0.0194205284282932 0.00685488553685723 -0.155962739638765 -0.114674774241568
0.0176668185816621 -0.0127944336810597 -0.1590634090787 -0.0188307089349274
0.0157526208022234 -0.0208647051533202 -0.126161623909614 0.0257381838082274
0.0292614938144554 -0.0177745883306675 -0.117113287637563 0.0484034534457546
0.0421147204212297 0.0055817988550962 -0.134617156050317 0.0504931396709948
0.0363385382763238 0.0229135596370306 -0.155580240342061 0.0194076435924225
0.0292783804504266 0.0648505481596187 -0.169398686547409 -0.0606263762005013
-0.0290176228893886 0.0835511652812284 -0.145004252680154 -0.135181580364046
-0.119702324382259 0.0444440552020243 -0.104299454613784 -0.133418167563389
-0.169670221472188 -0.0189924973108548 -0.180825748058432 -0.109976562479146
-0.195337273114843 -0.0272892771906817 -0.0631678262085242 -0.155770308771643
-0.138878632943917 0.0462076107714447 0.0103101823828731 0.0591058252177784
-0.0525872342192986 0.110568497209352 0.184961646952761 -0.0151253585927292
0.0218096140896873 0.103092302533457 0.15132909537889 -0.174296161878181
0.0543184517906965 0.0545559814140592 -0.0193141181832295 -0.217648728707293
0.0706446294298689 0.0277713788586687 -0.137526932007511 -0.125799907686189
0.072996968746486 -0.018473939376817 -0.140033355357644 -0.0234077919160369
0.0643033866643272 -0.036482541169104 -0.105870324936905 0.02098925111402
0.0754977124642922 -0.0292322031904098 -0.0930079151713205 0.0498309853499989
0.0853609241704928 0.0191302351961177 -0.107887700819535 0.0637297458794328
0.0681373195496781 0.058023962665221 -0.133967308150522 0.0520082190552972
0.0351448468769272 0.126878583731711 -0.167181445186936 -0.0198241567944959
-0.0668488347879523 0.132227999954356 -0.156575558628694 -0.0982815506377181
-0.180085288814963 0.0476144060671492 -0.101561581226722 -0.0947821300238144
-0.238493423346174 -0.0542943294234015 -0.134957616249892 -0.0570403332648963
-0.231002088693699 -0.0840758137336243 0.0151857090590625 -0.119874728911884
-0.218753137935133 0.0071641931527834 0.0465693189264937 0.0826828009226712
-0.137920982286577 0.142429457059099 0.20976467748178 0.0174880860934609
-0.00742613808601498 0.184690019091068 0.187007336728556 -0.15059404128176
0.0815863444914722 0.112762561491681 0.02134078332956 -0.203354291532829
0.111508228047233 0.0537544431167638 -0.0947473228846041 -0.127171654163822
0.117913493417052 -0.016173170579846 -0.101613386422258 -0.0283198334792289
0.103399774213456 -0.0457499911330941 -0.0709968328672277 0.0131299247203094
0.109489056475538 -0.0416374178512572 -0.0548823245546649 0.0461185490574821
0.117332110454414 0.0207037581739144 -0.0671866546206873 0.0718982370865867
0.0973284086413052 0.0749855552800992 -0.097309070899954 0.0829786846904601
0.0522588224366456 0.166588344136511 -0.150756259368756 0.0268109678202736
-0.0800319390830751 0.171189602016006 -0.160916599562434 -0.0568883656061622
-0.210326796351193 0.0584449837408375 -0.0899773482838153 -0.0662836525432706
-0.272636680695758 -0.0720574195210923 -0.0713824446785305 -0.00761688967102064
-0.225692552608228 -0.127856551594748 0.0968741784403375 -0.05447550239373
-0.256226152930724 -0.0460375300007842 0.0864642303322607 0.117995936667363
-0.203742597397764 0.132271434081347 0.218074190299506 0.0642061218010807
-0.0518439425573022 0.227610366562499 0.210449073869588 -0.0997851861784921
0.0844035519982057 0.15634099605329 0.0661515594778813 -0.161648080493469
0.129644231479169 0.0763099027096379 -0.036722533646075 -0.112369460012257
0.144428181710543 -0.0100139624973041 -0.0494834448010167 -0.0293215989829225
0.127101852562995 -0.0483370661618317 -0.0260008395760609 0.00382380487289205
0.128419696194503 -0.0497161118952033 -0.00954015834392886 0.0371975729671302
0.13445452776083 0.0167211522886622 -0.0185770367122891 0.0729198773465982
0.1130231820807 0.0804045796693933 -0.0523418808420758 0.104075137237082
0.0595882063083818 0.182692645368048 -0.12211128445941 0.0642172319742034
-0.0840557857535009 0.18282700788531 -0.152789697084511 -0.0198935313372859
-0.212533161448461 0.0559985931455559 -0.071957159603749 -0.051057420303387
-0.267294391943641 -0.0840912248844791 -0.0037628218424273 0.0327242689912531
-0.181027625484658 -0.142098918516876 0.165999912271341 0.0260267798661926
-0.234019835430325 -0.0917360160589165 0.118662359915571 0.155746760955299
-0.22219734587108 0.0882551507707233 0.204714766987789 0.112251751007582
-0.0881684030762 0.215588482878498 0.210518796511722 -0.0337591780091389
0.0654085971329944 0.166173307563612 0.102381064588243 -0.103715346534608
0.122210540160912 0.0849268160876293 0.0250233267435682 -0.0846164071917873
0.144919004558147 -0.00224944339232092 0.00731824131164305 -0.0293854745384813
0.130380907385453 -0.0446893031828016 0.0218728355993597 -0.00434160277591271
0.131281021593473 -0.0487246993400859 0.0373931725892113 0.0265053573746176
0.134801540749186 0.0134977201463169 0.029855592158868 0.0703165835659117
0.111980152972102 0.0799203451117716 -0.00710715487608707 0.117461849873927
0.0493969549405334 0.178326529011311 -0.0920167872230649 0.0899960867198595
-0.0902859248807762 0.163795762535697 -0.137581240312571 0.00737590993872457
-0.194986154728181 0.030256733933131 -0.0536805993950691 -0.0417393962229991
-0.223973326382346 -0.0950832239338782 0.0561003416811807 0.0668936889682188
-0.105593767318483 -0.122051375207336 0.211810995470647 0.101670182668634
-0.164509853137445 -0.106434020315078 0.136097744415226 0.183566043411613
-0.184078591632235 0.0359111741039886 0.174436736642391 0.147916801269021
-0.0954140559119198 0.162121203238702 0.192559992996774 0.0253590942946557
0.0404930895835843 0.139382664328992 0.12636806732709 -0.0458931604129585
0.0946046278635272 0.0732923414968572 0.0770985083672246 -0.0549652311362986
0.120619639475837 0.00248449858172238 0.0570901259617903 -0.0279234580828959
0.115231453232015 -0.0352163127020226 0.0649372994581154 -0.0114111897537177
0.116293614064709 -0.0395898732572061 0.0809563884494992 0.0179524877147323
0.120250287780091 0.0114456287231441 0.0732993802073233 0.0688288121924099
0.0961841519535779 0.075353813288422 0.0300652615752271 0.128899302176937
0.0265299506330773 0.158285179712789 -0.0685309272384883 0.109278135304945
-0.0948665082127311 0.124247677619404 -0.123180456085079 0.0263002201108054
-0.160909561647451 -0.00672323227363187 -0.038070945078919 -0.0340585525018435
-0.151543185660366 -0.102253249063997 0.0989993559615454 0.0974280817807251
-0.0139972628616814 -0.0784439864014044 0.228093907403136 0.152211561573107
-0.0711580925863038 -0.0902208579835184 0.141013043826216 0.19148031537685
-0.109418303345832 -0.00371453527595658 0.143322970186564 0.165130561176456
-0.0724447895443889 0.0892497898043785 0.172261087887003 0.0641265819817314
0.018016201145778 0.0855731410602173 0.140674340345216 -0.00905176258005814
0.0547760873268984 0.046416852504729 0.113489816387891 -0.0359054371272675
0.0778151314025095 0.00365172172767545 0.0940296447609734 -0.0291628507918189
0.0818937738077253 -0.0217300596487275 0.0976916500839321 -0.0160828901425895
0.0858130764231042 -0.023893661706858 0.116743882355823 0.0110072537101172
0.0905604225563503 0.0104430938532772 0.106904766361426 0.072800853976066
0.0693762374660732 0.0640753992000875 0.0552338692968987 0.14534784533074
0.000613804696744545 0.121663205717994 -0.0581093572504107 0.128225539477264
-0.0887754596285544 0.0704815352821157 -0.11767740971965 0.0404266915825062
-0.109819992600683 -0.0430759150128876 -0.0294324856659795 -0.026980998799303
-0.0606664003589349 -0.0965997725798164 0.121344434418735 0.123989927045676
-0.0391275778355687 0.064815949319667 -0.156947606321054 -0.132812769341242
0.0404179849282421 0.0508043577257546 -0.0263252196375785 0.0556077195851096
0.0710048733151695 -0.0152669028645612 0.134451502080142 -0.0247435070879468
0.0149614509993985 -0.0632879909778827 0.0977317318018782 -0.150465274146222
-0.030251318162029 -0.0362214264944184 -0.0453384626309845 -0.188877702017637
-0.0292869484926547 -0.00575778021219687 -0.145803792848011 -0.10286070378206
-0.03517613760184 -0.000167601882748078 -0.154116038010089 -0.0183723567373541
-0.0336395700295756 -0.00316298500887856 -0.126540457782885 0.0236319378857994
-0.0221601121847823 -0.0101388193080144 -0.120609495373537 0.0419446924597024
-0.0053974574052773 -0.0207820659551638 -0.138865955363813 0.0390580410551657
0.0113758539065834 -0.0273767212378011 -0.159926645790701 -0.000127796485424366
0.0471753541270637 -0.00639207244005292 -0.164827201506703 -0.083661835318011
0.0352712969751002 0.0435147298307809 -0.132583923910798 -0.158319660365187
-0.0370221140928163 0.0634257836578506 -0.0950847141863177 -0.174682094383651
-0.0782662451153597 0.0348745241233378 -0.196437764109373 -0.152626665011869
-0.123055076444725 0.0253934029208093 -0.121584055318391 -0.158312092240413
-0.0441114443888751 0.0593061771032129 -0.016250089722362 0.0504670389394921
0.0215996661867857 0.0499118974349024 0.153623920381006 -0.0254236107645215
0.0269724443578413 0.012568218718666 0.117328806183476 -0.167181551049536
0.0116854997022638 0.00197256586286995 -0.0398629436773818 -0.20623631552425
0.0195652074178711 0.00677632378489082 -0.150145054890787 -0.114117200533651
0.0176360331901018 -0.0119519951534174 -0.154693275082513 -0.019574203268425
0.0152792218896278 -0.0201211301487182 -0.123482567703836 0.0233982832159326
0.0285503560087688 -0.0167414116324192 -0.114769302984985 0.0457801243817539
0.0409782455586432 0.00645220897785437 -0.13095699748626 0.0483897245144333
0.0351551098027462 0.0227018125379118 -0.152502143614881 0.0173643981841787
0.0282143473957788 0.0634758895381721 -0.165146969402358 -0.061273572391358
-0.0298477450134872 0.0815596851769825 -0.139587216928096 -0.134913041967511
-0.11855326048465 0.0416137934828168 -0.0984335147560676 -0.134802521041382
-0.164589804281094 -0.0204839403664693 -0.17608371389673 -0.112978938794991
-0.189801517066276 -0.0285682054382869 -0.0614308366751341 -0.154582928925617
-0.137109380213363 0.0434316699953837 0.00751601975178436 0.0590336498254894
-0.0521567610704338 0.107422873945922 0.180819070485178 -0.0115925504249899
0.0205273937833686 0.101732382105332 0.150593987580559 -0.168966830657635
0.0524256306734621 0.0542936052325577 -0.0154708678462896 -0.213487889211459
0.0694763951952489 0.0278463132345255 -0.132278330922754 -0.12489501111523
0.0716526293451076 -0.017090678222472 -0.136423035449189 -0.0251634829948829
0.0620502230029083 -0.0343760156392905 -0.103697116150463 0.0185521260653025
0.0733255638610334 -0.0277367958886803 -0.0909063523890093 0.0471965633935048
0.0833271010766645 0.0196890017669589 -0.105049981635065 0.061564485450387
0.0656584987762073 0.0576899035630108 -0.13147136930236 0.049569660974092
0.0331168584459018 0.123730437876815 -0.163577778657342 -0.0198728301097204
-0.0672879159407446 0.128741164887998 -0.152784291030603 -0.0990497277173076
-0.177712435173522 0.0437788027926313 -0.0978347392804456 -0.0967788290346794
-0.231776035541279 -0.0554686110644502 -0.13069405533633 -0.060585926191422
-0.22450393483494 -0.0845780152267744 0.0147609337927821 -0.118027690825669
-0.215016111485751 0.00406766308683847 0.0428050857234936 0.0826933403645871
-0.135554708998257 0.137849968738124 0.20436556345695 0.0206881100702203
-0.00811582888325818 0.181884182585649 0.186153327190768 -0.145762171348578
0.0785945947476405 0.111716159883776 0.0236397997008418 -0.199088151968627
0.108746336792454 0.0542823033892698 -0.0906427610674819 -0.125108193840767
0.115968197644842 -0.0147433394578766 -0.098283771442668 -0.0293136519818617
0.100092038206574 -0.0436425669784906 -0.0691754002801867 0.0112420583773089
0.106451979612523 -0.0395257592681101 -0.0536518327965529 0.0439684113786798
0.11480763906134 0.0213440797177596 -0.0659073419567879 0.0701449477724863
0.0941006638145015 0.074642046527151 -0.0966393420919131 0.0808263932723517
0.0492475875671602 0.163331816103622 -0.148861834938332 0.0257689291007875
-0.080425885153407 0.16671583822663 -0.158328170316169 -0.0578752857985141
-0.206957529856685 0.0539074612602318 -0.0873938199655533 -0.0685967543456907
-0.265372007209425 -0.0738325588997735 -0.0694016242835757 -0.0111713116981374
-0.219061917704324 -0.12715535550076 0.0938587499076258 -0.0524351629596922
-0.25035131342516 -0.0493101313773781 0.0804895083807825 0.117272146062821
-0.200185710307693 0.127322200224093 0.2121884048509 0.0672882671860545
-0.0529919651157582 0.223222585105807 0.208583158422622 -0.0946111412068069
0.0809330385059631 0.154486061537264 0.0670851211005971 -0.158250683270593
0.126235902315932 0.0765878106841476 -0.0334210363431601 -0.109745536308995
0.14047677458278 -0.00786516451990086 -0.0469479763163242 -0.0308604237735079
0.122964395765753 -0.0459848052645963 -0.0246404439951547 0.00337417218677905
0.123853200046349 -0.0470081642777305 -0.00897687197547856 0.036435721467655
0.131376875544023 0.0179286969068588 -0.0186140518402845 0.0716879412975784
0.10960775331823 0.0802915715661647 -0.0521233819421023 0.102024717733705
0.057114671547556 0.178223105842139 -0.121226799663308 0.0635322410839309
-0.0848629747644647 0.17761445408561 -0.150831415259836 -0.0209027509014572
-0.208950714466325 0.0513758655227718 -0.0708418515330197 -0.0520349703594967
-0.25953451728797 -0.0841572066799546 -0.00363537892030335 0.0294008721327621
-0.174899834700103 -0.140769378575028 0.16043091042241 0.0284172443052021
-0.228460334244928 -0.0928200743014601 0.11080283556008 0.15445916363415
-0.216744178497564 0.0834138228968636 0.197709312629855 0.114642729205564
-0.0884319219193866 0.210588612417857 0.207261632171995 -0.030542017726944
0.0625617094966326 0.164391114473586 0.102400725777351 -0.10027928076024
0.119166700634676 0.0845933543563601 0.0259793818739955 -0.0823107682377565
0.141004143969289 -0.000396839721416708 0.00759529892930301 -0.0292740964271742
0.126477692924866 -0.0421324619615744 0.0225062794115889 -0.00443156833647482
0.126941000567388 -0.0457317217014181 0.0364832722358843 0.027296519754636
0.131645472223427 0.0146202905590173 0.0290040954802628 0.0693082600770121
0.108301937235422 0.0796497177897716 -0.00874519698255574 0.115569929808904
0.0464666170273363 0.17514489066966 -0.0913854665858806 0.0887705848670216
-0.0893836071687995 0.159996603699248 -0.136980719382604 0.00606508017729499
-0.191715768085532 0.0271524312571122 -0.0524049468759854 -0.0422764757994518
-0.216982952011768 -0.0952543402955935 0.0547124452096283 0.0641979377862115
-0.102056117158444 -0.120538802349196 0.204768969719731 0.103118880246214
-0.159844645004066 -0.106020691564252 0.127185478076186 0.182499742479126
-0.179063168530298 0.0331351023776571 0.167857732700942 0.148478430343514
-0.0946745265577814 0.157795287211051 0.188767557957212 0.0280656735519124
0.0385690779380787 0.136670349814576 0.125232187044247 -0.0433003152019681
0.0913502443660219 0.0731626394541792 0.0773147780130915 -0.0527860716335433
0.117703648246447 0.00307844368391476 0.0574849407819684 -0.0277274351354538
0.111695108495574 -0.0340354891774074 0.064865469510537 -0.0106251188575865
0.112993762554183 -0.0378906252806447 0.0790591333828934 0.0185233454982844
0.116992065955695 0.0122012986735843 0.0709183823421395 0.0686547126206633
0.0929257488312417 0.0742802874291817 0.0276626090100096 0.127855889839328
0.0243062318179153 0.155350233000745 -0.0686519952764817 0.108634026256567
-0.0937426667969908 0.120219960299699 -0.122865131608153 0.0245649734769121
-0.157703445484809 -0.00919091760515305 -0.0376400435075673 -0.0343971667854321
-0.146261509787348 -0.10115841189689 0.0965205232667397 0.0951520865393234
-0.0122792145799857 -0.0756937046483986 0.221284362983758 0.15345388807848
-0.0677127760589365 -0.0891358687875739 0.13163567579317 0.190346407221257
-0.106182864531954 -0.00455545615682556 0.137229160219233 0.16527392318773
-0.0714983372626373 0.0871441103775726 0.167828107395962 0.0660258757727545
0.0167443510338915 0.0846086198303809 0.138229141901532 -0.00704163509023704
0.0531298145396877 0.0465107442230543 0.112030422959147 -0.0343503555864889
0.0763137020925626 0.0046924679191228 0.0931539749388554 -0.0278318984163711
0.0796042189004627 -0.0206806065665905 0.0968346234930798 -0.0147899823657303
0.0833148611903266 -0.0237298427561149 0.113436363132276 0.0133502923671529
0.0880157936951911 0.0105896907214564 0.103489750403535 0.0735429864829814
0.0670848585828958 0.0635348025937657 0.0527998831925476 0.143450305476823
-0.000251617867378311 0.119420270112478 -0.0592359109340197 0.125867369174683
-0.0876339997621745 0.0678971498140321 -0.116669938788352 0.0388487639655746
-0.107005308851897 -0.0434019225937807 -0.0288400107967132 -0.0274290499081347
-0.0578641954652404 -0.0944167233908169 0.118874151017705 0.120802668419183
-0.0399980171855136 0.0658036113424749 -0.156408878778449 -0.141345710876379
0.0395631917549641 0.0535562626274716 -0.0288130745774894 0.0572002580331162
0.0723872434456727 -0.013894478745616 0.137812469673763 -0.0195266148936599
0.0170412395469629 -0.0635318686123213 0.104177019876979 -0.150383566102068
-0.029416936348498 -0.0367486564794781 -0.0395224196412873 -0.194825560547463
-0.0288875781984614 -0.00690450180861048 -0.143851588528289 -0.10855922796863
-0.0353220919727314 -0.000510846009567624 -0.154646571679121 -0.0224407056821113
-0.033728708471937 -0.00337617394738981 -0.129344491702424 0.0198858320315201
-0.0221646503747626 -0.00998563601369561 -0.12364991064238 0.0386230951217473
-0.0050942644248075 -0.0209060145562373 -0.142508612446571 0.0356008318427408
0.0116973122071864 -0.0273086856711376 -0.162023903112166 -0.00522125781965077
0.0470727597190189 -0.00445107998249376 -0.164210165224883 -0.0904861650638623
0.0334638884363352 0.0457672288735654 -0.129413238932495 -0.165488445593935
-0.0409595735283609 0.0635225783056719 -0.0890203147604938 -0.182991771870323
-0.0799045759997165 0.032873738552179 -0.195199067071362 -0.162758249166166
-0.124484297758625 0.0231518885387227 -0.120278711806083 -0.164733147206099
-0.0464435601816765 0.0592882176729233 -0.0185127321172281 0.051902491958003
0.0201992877600656 0.0508278193032307 0.157284964605653 -0.0205174112277138
0.0267500325719228 0.0133998171362835 0.125451472176505 -0.166708975452211
0.011975936476269 0.00249368542357454 -0.0334465112539159 -0.211359519602877
0.0201578034422485 0.00688089691754663 -0.147992967972081 -0.119929545804676
0.0183416696864963 -0.0110273199131979 -0.15546347993264 -0.0248572022819913
0.0149685826783845 -0.0194962493234384 -0.126224422410305 0.0191460455015379
0.0290600978822638 -0.0153339054335134 -0.117324795729055 0.0427112644062387
0.041747738384175 0.00751374898935221 -0.134163074959676 0.044969936843296
0.0341775742078727 0.0246533655542011 -0.154424435869959 0.0124566643696592
0.0261510922011919 0.0657020023928358 -0.165749465505869 -0.0670378522212631
-0.0333848142209908 0.0818396841659508 -0.137510399566627 -0.141993221855724
-0.122373229085197 0.0382512501349059 -0.0943177053501036 -0.142760184739475
-0.165823465604127 -0.0253611371164113 -0.174753003284787 -0.123058179181954
-0.190818652606466 -0.0339088896602693 -0.0593374830012515 -0.159231599577379
-0.141025994962926 0.0404551750825679 0.00484451530709508 0.0614106850371191
-0.0558464150391859 0.107102994943336 0.183755756432333 -0.00560944077501159
0.0180494320686122 0.103824773938558 0.158906833872725 -0.167590447053552
0.0518917863084886 0.0580036014485285 -0.00879584159053027 -0.21804943601038
0.0701643381888884 0.0307065754775004 -0.129281900288246 -0.130177167854591
0.0730590577085155 -0.0146150817729984 -0.136616440643329 -0.0295817876174829
0.0632157600767435 -0.0325918859658253 -0.10549099410927 0.0153780163086352
0.0742486476587313 -0.0254808190012822 -0.0929849575762838 0.044755605240611
0.0840126836665172 0.0224651474683542 -0.108679712792625 0.0590063476140225
0.0648850494283487 0.060950448857046 -0.135070923291618 0.0461330020795635
0.0298734444256398 0.126570196120593 -0.165363082247394 -0.024733884552185
-0.0724084419673455 0.128978077404505 -0.152963987259775 -0.106438191179167
-0.182102859472339 0.0386282728240468 -0.0950730320988035 -0.103914476302719
-0.232261351910615 -0.0631277637149409 -0.130553596907266 -0.0687393054258802
-0.224599755777652 -0.0923272645933364 0.01686861125026 -0.120069584045413
-0.219572550230728 -0.00249150606918927 0.0377886821963787 0.0856323333641509
-0.140672990999004 0.135574442764105 0.206892310754132 0.0288520003662797
-0.01371877010748 0.184558964093726 0.194119254676078 -0.142323140891397
0.0771127130218166 0.116569267379735 0.0308105258199612 -0.202154091649551
0.109202482487508 0.0587642137939523 -0.086711660092836 -0.129073538568688
0.117355958808457 -0.0114506948257432 -0.0978722797108608 -0.0334601133079184
0.10123197031341 -0.0408655670997509 -0.0698714484913359 0.0095241282941406
0.107247151304584 -0.0364638874419131 -0.0548659788709741 0.0424239824422016
0.116058908913946 0.0254129693684909 -0.0686862239815957 0.069073061863518
0.0935431045279304 0.0786323631054003 -0.0998527138458366 0.0799787071302008
0.0450963017558641 0.166552367814301 -0.152211707629652 0.0230122604099427
-0.0863749363121264 0.167089209111741 -0.15992617618446 -0.0635555625937461
-0.211757847780471 0.0481836109930279 -0.0859705541612161 -0.0746060392432424
-0.266011391664331 -0.0823625736394189 -0.0694604539792019 -0.0162300393239647
-0.2178898476087 -0.135111442319351 0.0950735324853908 -0.0504919774838688
-0.254092922507933 -0.0576900637566782 0.0744629214485921 0.122371250987827
-0.205701577460105 0.123431743535352 0.212561252823299 0.0763105015342263
-0.0591523037851404 0.225355300942026 0.215757312006561 -0.0891458841047417
0.0771965072808457 0.160430883168633 0.0745004013036555 -0.158281961673401
0.126614702031406 0.0819776441345227 -0.0298300386562261 -0.112332656029841
0.142689015278589 -0.00384750410022197 -0.0457186574046387 -0.0336338724893271
0.124845521640699 -0.0430101284841469 -0.0244579814035358 0.00209787654145152
0.126137591361085 -0.0440929593495906 -0.0101792034547888 0.0361581763192483
0.13267231485858 0.0222821384732717 -0.0208518981765083 0.0729517180107286
0.108908949958782 0.084284486589133 -0.0560653628273241 0.103232361899019
0.0519916279925901 0.182973072253506 -0.12525463670879 0.0625041728835917
-0.09020610174791 0.177627579769488 -0.154304860314596 -0.0263753679989036
-0.214214080139006 0.0441938406652899 -0.0704687171947034 -0.0569922326019169
-0.259871416293455 -0.0933475824206955 -0.00394916475349812 0.0279680747696074
-0.173036677998019 -0.147290293091971 0.160336780998672 0.034908217183491
-0.230331968703695 -0.101325508196572 0.104591187189453 0.162852496978774
-0.221813793427855 0.078040759732981 0.196618144877106 0.123953466281748
-0.095365891516101 0.212124766532103 0.212535001476533 -0.0235149761312307
0.0588857818354048 0.1682866982439 0.108567026834542 -0.0980631806790159
0.118439831837367 0.0900967972256411 0.0310188067272617 -0.0824522337981951
0.143618513313164 0.00314734718385885 0.0100444723504825 -0.0308026674832205
0.128576063250925 -0.0396459179427654 0.0233769304197354 -0.00377449980505902
0.128588783125398 -0.0435497798566813 0.0372621859683823 0.0282434109617359
0.133069942277504 0.0187444246576683 0.0263564394047 0.0716691531809768
0.107501449340066 0.0839974706665664 -0.0116389476334538 0.118292206875632
0.0417312918773897 0.17839710560595 -0.0956502382440222 0.0897301217289285
-0.0949355959974936 0.159172666133877 -0.141136910962836 0.00227389857893667
-0.195719174352805 0.0202778950956199 -0.0528491218248576 -0.0457763201877624
-0.215717278080992 -0.102598389547013 0.0535738545401201 0.0648362437444575
-0.0995216916345498 -0.125151223868113 0.203620571538215 0.113162292669248
-0.158820528143728 -0.112907765954752 0.120720610978248 0.191347798682655
-0.18179692316845 0.0280495999023283 0.165398097822423 0.158229241046996
-0.0995611695557575 0.159187068952037 0.191139307435727 0.0348467187894618
0.0350650194985174 0.14068322576402 0.128848658617876 -0.0404114638964547
0.0909705757156343 0.0777102981006439 0.0809869951366023 -0.051422491130858
0.118566024577065 0.00660234224352208 0.0600414190527131 -0.0270261971103761
0.113455416414278 -0.0313132609519519 0.0670302413704269 -0.00937028129918436
0.114116503704222 -0.0351945532253526 0.0799194259855145 0.022078840254629
0.117850047469201 0.0160339508129746 0.0689778826900484 0.0727916636767993
0.0929599676158022 0.0785659113279924 0.0244160003275007 0.130554481833494
0.0201560093049934 0.158124950217545 -0.0735183640619138 0.109400796527098
-0.0984658095796597 0.11874380499825 -0.127298135452114 0.0221593583771597
-0.159989886787329 -0.0151022458076294 -0.0379888053213439 -0.036422229652528
-0.144623011649267 -0.106129981937409 0.0955181882951117 0.0976365647393292
-0.0100691381433429 -0.076327390502112 0.218556526332506 0.165148354423745
-0.0651590202815839 -0.0918036380000282 0.125538049076819 0.199334540350935
-0.106271045771179 -0.00860131495527922 0.134047905831994 0.173679522391022
-0.0744223582202887 0.0874610287214992 0.168797056562016 0.0729316405127275
0.0138896911729886 0.0865214620984529 0.140916789191065 -0.00203120904530891
0.0521969536124496 0.0490249787105215 0.115895939699376 -0.031510893153475
0.0768734746157035 0.00674544241846594 0.0962154239752295 -0.026620156709542
0.0804949125521208 -0.019725416110336 0.0998846142269882 -0.0126595890129902
0.0843192279267941 -0.0213456510831293 0.115626760787471 0.0178056255703864
0.0888498859588411 0.0132013769698693 0.102222183186172 0.0781253504904795
0.0668450699535055 0.0658952306882803 0.0485916951227372 0.146785281146719
-0.00355502648206454 0.120250891815906 -0.0648344410348314 0.127964567860645
-0.0907589122248713 0.0649280060376752 -0.121374271538638 0.0364528720510758
-0.107406823474561 -0.0473074288373898 -0.0294849062027411 -0.029962474379689
-0.0548275214778524 -0.0966391182000634 0.117482452605558 0.125077898386018
-0.0415901486988233 0.0696869144719929 -0.164262397561467 -0.152323062284419
0.0411452090096701 0.0586143451187729 -0.031380412635348 0.0623239890403539
0.0765419043196706 -0.0139894455913252 0.146181827113875 -0.0164038040931353
0.0190249844466285 -0.0670125651532061 0.113496845850863 -0.156755909825655
-0.0301417103372856 -0.0391410551295332 -0.037255893334583 -0.206773370033636
-0.0297480105657306 -0.00808528755313958 -0.14798192406462 -0.118287520719743
-0.0368738751210607 -0.00107642097373998 -0.161645962401584 -0.0257256622805484
-0.0356442001912188 -0.00297675017604847 -0.136655074792159 0.0177281926478378
-0.0223660314462709 -0.010986583745264 -0.131659567719285 0.0379379629957896
-0.0048829653493861 -0.0218398570472789 -0.150406633520311 0.0353984692899478
0.0125387972759402 -0.0276570949758045 -0.171202951288846 -0.00937401507727207
0.049607036128211 -0.00401508787948981 -0.170505402864095 -0.0996997631629506
0.033223733968812 0.0486175961718553 -0.130054580252271 -0.177923762042579
-0.0461048166741174 0.0666802494539923 -0.0876682813434468 -0.198024262064507
-0.0848751879355178 0.0331265078051793 -0.202423693651466 -0.178815498626781
-0.130580886951338 0.0224034111164346 -0.124987365780956 -0.176894532284764
-0.0511665157255905 0.0624534874623298 -0.0217509742994483 0.056090949375523
0.0206008071956894 0.0531885125511699 0.166065800211712 -0.0169164213955685
0.0281886938461813 0.0151722808639473 0.136003008571054 -0.173558347922771
0.0133535340930044 0.00387424908717876 -0.0303040330717522 -0.225054373245009
0.0220272405740544 0.00812046025910509 -0.151882447046176 -0.130231427470982
0.0195441225501064 -0.011106793470171 -0.162619755927282 -0.0292035651623816
0.0162172542006198 -0.0190269774236984 -0.133360858409184 0.0172777799708664
0.030991040419514 -0.0151845908993827 -0.124623276765542 0.0422055632173446
0.0442080310991381 0.00886797685604318 -0.142110447156819 0.0449790119361982
0.035316313444394 0.0270845036795146 -0.163037856942261 0.0101326085169435
0.0263321655002529 0.0698321428694486 -0.17293838963296 -0.0742081614527416
-0.0375531007343715 0.0859224388121247 -0.141244428331204 -0.153676510392191
-0.130907130484552 0.0375829644008859 -0.0951949243297165 -0.155729249692818
-0.174247899231496 -0.0304883612340392 -0.180909013749924 -0.135574891477936
-0.199057817406266 -0.0391067242595 -0.061937765672762 -0.16997740926379
-0.150161070082539 0.0398212453234329 0.00208274991545069 0.0662987895620989
-0.0601511216178214 0.111480554576616 0.194582566779313 -0.000183043284509332
0.0181070487192523 0.110519994502891 0.172162898538722 -0.173786760214791
0.0541007750542777 0.0624606381956234 -0.00430734527601463 -0.231122308160642
0.0742073985856941 0.0330828535259634 -0.131745046257758 -0.139576242990525
0.077156519825364 -0.0141133436947269 -0.141922054591005 -0.0345561201045447
0.0656456017255357 -0.0328435253684207 -0.111305408805463 0.0134383193207205
0.0782530416061611 -0.0249001824587062 -0.0982759306073742 0.0447896948509842
0.0884645880999032 0.0258571724271757 -0.114786632450607 0.0604245083873672
0.0661895292551584 0.0651515363048896 -0.142869034906854 0.0460674351850963
0.0294106897623675 0.133771397367406 -0.174242487217417 -0.0289537526431577
-0.0791604448828639 0.134664216120212 -0.159305249155443 -0.11596227166302
-0.194431940692768 0.0358721510715779 -0.0974819482899542 -0.114099365912209
-0.242537912888072 -0.0709859314720349 -0.136234465240828 -0.0777505787442974
-0.23450687607767 -0.10184720163119 0.0176473773089183 -0.126383181726838
-0.232275353512253 -0.00704957768639146 0.0363157544201826 0.0938032860375349
-0.150646802389332 0.139795173870085 0.21785693045873 0.0364295088248774
-0.0165851954650887 0.195091887014674 0.20834012330009 -0.146879588510795
0.0789434515857481 0.125163747868418 0.0373727379674265 -0.213158955309488
0.114579392148964 0.0637176090489631 -0.0878448158562763 -0.137732109967816
0.123850093439806 -0.00962999668388904 -0.101252004014686 -0.0379257703061857
0.10643506933901 -0.0407936098065028 -0.0734182976539535 0.00753049682899955
0.112919965723338 -0.0358009923183786 -0.0580471874442142 0.0430312089273921
0.122120789650368 0.0292730436937308 -0.0730547730170301 0.0723028923130087
0.0963182457441014 0.0853436187528554 -0.10615145578965 0.0827595295716578
0.044433744606833 0.176331937338104 -0.160617520298171 0.0220236208298965
-0.0940692698596664 0.174227016735195 -0.168851453437344 -0.0704819494469109
-0.225494890406959 0.0453013683576602 -0.0889463874645716 -0.0828522474795526
-0.277618651940928 -0.0919561943388525 -0.0731063003379367 -0.02175880822462
-0.226572994539652 -0.146929254984969 0.0995656000568561 -0.0503611945530497
-0.267042293605337 -0.0659914185518007 0.0734296515418048 0.133583230016919
-0.218972213756522 0.124537221150694 0.222733063752094 0.0868415424750296
-0.0661035728312788 0.237375045968719 0.229410704671664 -0.0898910468764483
0.079450880950994 0.170911677035179 0.0821197818642963 -0.166893054792349
0.132487901014083 0.0892927172551112 -0.0275416426949203 -0.118727858060988
0.149671082000045 -0.00155590293362965 -0.0462693894635137 -0.0373163739279088
0.130876141648995 -0.0432912359170945 -0.0251271594028735 0.00121898822883954
0.132207392594776 -0.0437195724821467 -0.00984944505140811 0.0376608452447889
0.139707658142275 0.0258222741626432 -0.023210429654804 0.0770011967688461
0.112908502236828 0.0911659834979311 -0.060014910329371 0.108565060641574
0.0517940971415288 0.193961715841759 -0.132645911811956 0.0651274688327408
-0.0984930897703767 0.185679891522086 -0.16424216978335 -0.0299378114146566
-0.227326220020306 0.0411562524382292 -0.0737726204679792 -0.0621266450296028
-0.270444019345137 -0.103657906884548 -0.00414234099201066 0.0263450047129303
-0.179079653615965 -0.15881874628453 0.167084078982562 0.0410229731457036
-0.240967791619969 -0.111971541174344 0.104464018887804 0.175582244834897
-0.23437832437415 0.0776195764321964 0.204620833772057 0.136886237139414
-0.1035207318342 0.222587798864166 0.224081714846433 -0.019893111060824
0.0591443301759152 0.180085845124967 0.116916621984622 -0.101164260912843
0.124234938578202 0.0976113772686345 0.0348284881221227 -0.0868946744144375
0.149412658445872 0.0065456335389909 0.0124667804545924 -0.0330310202337805
0.13517278503507 -0.0398006412965221 0.0259483997446044 -0.00452911390479085
0.13489904432974 -0.0427397045320471 0.0394603911892996 0.0307464796490301
0.139864088716068 0.0220330588444943 0.0272865948520372 0.0768305329677124
0.112174729742741 0.0904625414537087 -0.0145295550733556 0.124662973980206
0.0408444792329377 0.19022538125323 -0.102762276894926 0.0947034637406254
-0.102882855250538 0.165858886713342 -0.15068426088741 0.00044475322449582
-0.207227574578589 0.016743820580373 -0.056117383309683 -0.0505869304637059
-0.224326792147518 -0.111778661243724 0.0563874621419008 0.0679177598889257
-0.101936074110178 -0.132840808578258 0.211993335506981 0.124964260024841
-0.165289297689204 -0.122413156321218 0.121015620763143 0.206797540462956
-0.191661680855744 0.0249585401344389 0.170860248808245 0.171934710786676
-0.107147963253022 0.166834860060462 0.200636543669805 0.0409625068957037
0.0343133557032516 0.149087630263171 0.13771180048361 -0.0397066348192601
0.0952676516304103 0.0843268716553105 0.0875472090109272 -0.05224279760135
0.124701151554057 0.00947067213822542 0.0646481498651104 -0.0281788407295221
0.11852934896964 -0.0315072046097551 0.0721678399888016 -0.00888037636655684
0.119793141206534 -0.0354121095045645 0.0848697696044709 0.0245922090541867
0.123369606777523 0.01902775889623 0.0715868532764442 0.0788638962565099
0.0965608385909861 0.0841739760514042 0.0227615883209341 0.139346849069787
0.0186138895511444 0.167503156934396 -0.0802027326862885 0.115571837661322
-0.105317070397258 0.122823068237816 -0.13677686580496 0.0214923851570176
-0.168624916698027 -0.0191075015941729 -0.0404267991863327 -0.040515858972841
-0.149383335508506 -0.114329462196605 0.100161598542124 0.103840178088393
-0.00830685030026972 -0.0797436528003588 0.227658422701178 0.180510428772161
-0.0669432209760889 -0.0976361042706759 0.125763043887653 0.215132342317495
-0.111268268527665 -0.0114448899473699 0.137431763469122 0.187946917660029
-0.078950115126463 0.092060592188138 0.176055741301229 0.0807827917344653
0.0132072542374933 0.0922878051584942 0.149533412917425 0.00077054620336358
0.0540759331357857 0.0537553468157513 0.123927804288331 -0.0314377946164882
0.0801006943188346 0.00828752271451252 0.103066272179723 -0.026666756185708
0.0839882122200711 -0.0195434153367778 0.107305648582405 -0.0119653552764332
0.0877007384680412 -0.0210310910356775 0.121508433475487 0.021420545588392
0.0926533958722326 0.0151684650215027 0.105672309583319 0.0866099201882463
0.0691820604669239 0.0709390983336462 0.0481064532806212 0.157092128495562
-0.00609730510095682 0.126873019958634 -0.0712661992615022 0.134184327108043
-0.0968280311718097 0.066771811621739 -0.130392833489841 0.0368756714041523
-0.111920546959834 -0.0526965154309038 -0.0309938753321571 -0.0322116925313087
-0.0553458785863897 -0.102082872835175 0.123121959031544 0.132711494835651
-0.0423887839503758 0.0756733489911367 -0.181820188321929 -0.16023002535178
0.0461155469847541 0.0627962077000148 -0.0329056254129255 0.0697024970616962
0.0813936295403611 -0.0165440853162267 0.159227281234485 -0.0195805617194419
0.0186365678556465 -0.0717016744873353 0.119959102954833 -0.172104757239611
-0.0326823706137486 -0.0413647926850723 -0.0434011739826417 -0.223717684635692
-0.0316946814624459 -0.00852622312605341 -0.160896660276331 -0.125401474922046
-0.0389803307380073 6.53662560194885E-05 -0.173845022302845 -0.0242777902198598
-0.0386887307599219 -0.00181841008754216 -0.146952231848365 0.0217003669300009
-0.023839232933253 -0.010089769268328 -0.141134121250695 0.0427691101465354
-0.00570809426122988 -0.0231674009335593 -0.161696071736917 0.0407884924238597
0.0119373532302187 -0.0293788441589741 -0.184807634885982 -0.00790916352797238
0.0535072470569203 -0.00510492578793016 -0.184844299000276 -0.106324211237716
0.0355168415843058 0.0530904680949826 -0.141763370092529 -0.19056154017704
-0.0493963906273119 0.0738018062032817 -0.0946625568332489 -0.214766153206387
-0.0908725362096068 0.0376299599303919 -0.22049376198943 -0.191734770567526
-0.138400086697126 0.026895451412118 -0.141331033120454 -0.188557538510197
-0.0536007443671769 0.0684734730102326 -0.0232046123624381 0.0630785592018345
0.0229575457356474 0.0568658477153646 0.180943472425361 -0.0202017349428956
0.0307451333425075 0.016161968241869 0.144336558723137 -0.190602460669389
0.0147220318165607 0.00432506485972384 -0.0359990736965772 -0.243403042105634
0.0239473517862999 0.00784792578798939 -0.164775928244289 -0.137899518607949
0.0210443905336714 -0.0116679372633162 -0.174427105595787 -0.0289850756434839
0.0163382493453956 -0.0200785911550001 -0.143199625942569 0.0199835681670798
0.0332885158668201 -0.0159167462600036 -0.133120811082261 0.0466420519727329
0.0473086973938338 0.00899807515821032 -0.152855641491868 0.0510456882297765
0.0377809908927132 0.0285448361721519 -0.17604188680281 0.0123478445029895
0.0294475061593253 0.0742265111699166 -0.187884745721882 -0.078151983500234
-0.0395389224044449 0.0939068712889626 -0.154672156041855 -0.164199854121417
-0.142299982017493 0.0428563077586084 -0.103353748574098 -0.168440739411341
-0.187396921220799 -0.029479968274178 -0.198027758890103 -0.146180534547717
-0.214062486581335 -0.0377059537918046 -0.0719808751798752 -0.18205258695788
-0.16178646303288 0.0461804607664214 0.00215702199245228 0.0742184806917573
-0.062146231762362 0.120261340383518 0.210064932679659 -0.00200006622117164
0.0221619760408222 0.119349062142227 0.182803138003231 -0.191330106498632
0.059811380642006 0.0670220032659313 -0.00716424611789545 -0.250444292884503
0.0813030005094349 0.0340107673150179 -0.1434896986063 -0.148018498343669
0.0821893125641698 -0.0163659239492753 -0.15226315576462 -0.0354231039796991
0.0692291738824801 -0.0359434030645644 -0.119419015891466 0.0158660365334509
0.0831927289898887 -0.0272718901221102 -0.105078213318078 0.0497976854527299
0.0956966697673128 0.0265494065136346 -0.122537343939288 0.0670271902919165
0.0722212417648453 0.0691951766063615 -0.153115502881284 0.0520975766360506
0.034388012011056 0.143616257027912 -0.188417262228532 -0.0281984964216881
-0.0828081874193523 0.146691665078741 -0.17488982432101 -0.122367966417457
-0.209739559753372 0.0420956345650836 -0.105768617499554 -0.123454464955187
-0.262202679423789 -0.071534528661257 -0.148023571232494 -0.0847650300196054
-0.252958053160889 -0.104912027743211 0.014656180916083 -0.136091065567822
-0.251402981173635 -0.00267160409004001 0.0392304934776906 0.102638702404187
-0.158763242515971 0.15289499846371 0.234807719638227 0.0374184765475631
-0.0133802114245098 0.211448597403946 0.222541393025019 -0.161711609050381
0.0881534984357306 0.134434951455705 0.0377970137809555 -0.231749901276989
0.126080655808125 0.0666055633754818 -0.0961710596465909 -0.147308906547626
0.13303401486685 -0.0126862320915391 -0.108359225539624 -0.0401521310648963
0.112147606474106 -0.0457228116963829 -0.0784454979507069 0.00877597882719837
0.119544313687973 -0.0394294511897104 -0.0604607961406105 0.0469254774277633
0.132034087985991 0.0293710281164392 -0.0772828641914734 0.0802864614395832
0.104966626825977 0.0899009430895164 -0.112954603368875 0.0909654083213473
0.0518920789893382 0.189011795015201 -0.172191206072458 0.0280396285095386
-0.0979015584719164 0.189951574089616 -0.184762106843246 -0.0730768710565012
-0.243564230887946 0.0520687107732291 -0.0971080142884074 -0.0898090483093064
-0.299893757828642 -0.0934760493488027 -0.0783585698328298 -0.0250887295804995
-0.24517526328145 -0.153270533624572 0.104535003474515 -0.0548521435378402
-0.290700319209769 -0.0669146743375504 0.0802395026611891 0.144221662118854
-0.232389948457186 0.137937701473049 0.240583064970193 0.091461627434911
-0.0653009141401317 0.258815444387073 0.246711607937265 -0.101172087656996
0.0891747077694913 0.18414573465363 0.0866690615386522 -0.181407598733291
0.145446696108084 0.0941483182000398 -0.0308787965318296 -0.127552607303787
0.161031035424232 -0.00409900176807603 -0.0495698769710959 -0.0413106182464136
0.13856667482063 -0.0497276832447868 -0.0265891698674878 0.00162077405501162
0.140306019089715 -0.0483014189267983 -0.00885680809333414 0.0402195409135647
0.150914777324561 0.0249954770280181 -0.0237082788833044 0.0834701844618655
0.122913564215157 0.0964275010077324 -0.062158063097353 0.118215461036926
0.0597961229506099 0.208575208460883 -0.141195927387545 0.0734507804118779
-0.101844191588845 0.20190649575529 -0.179355249906202 -0.0286581846030286
-0.245345795874857 0.0480058428194262 -0.0805672010531657 -0.0681337502753003
-0.29373869425582 -0.10556019977627 -0.00307615768799441 0.0262586219320358
-0.194414405895055 -0.167700837463173 0.180328346149565 0.0436083735467448
-0.26197008558673 -0.116727366738502 0.113992560036705 0.190204199081841
-0.249298452701464 0.0866637230054754 0.221993120628881 0.145097613667035
-0.106432202946849 0.243743429563375 0.241716839542802 -0.0255998768878751
0.0677068924354982 0.193565769899381 0.124910699739071 -0.112047197809434
0.136524507243564 0.10320277364327 0.0372441645366248 -0.0936235078507996
0.160798412719302 0.00444767781670477 0.0138603369530566 -0.0366179270792915
0.143376033826821 -0.0457566699146654 0.0286641672846016 -0.00607182402204824
0.143113933995704 -0.0481586148030205 0.0444238384747341 0.0323265338951616
0.150991681208611 0.0208620317948548 0.0299485905430312 0.0837838912539028
0.121786626073707 0.0955853897438857 -0.0128113521436693 0.136443713217925
0.0479633624858581 0.204793577369811 -0.108318608951665 0.104846794921356
-0.106944704874436 0.180315366566879 -0.164509909566134 0.00434611511849115
-0.223569634490027 0.0206330185593606 -0.0615504903900441 -0.0541820578399188
-0.243402449296129 -0.116248164600346 0.0626152931902919 0.0697208954170406
-0.110739067095695 -0.140635121287982 0.230005422595316 0.133209632481542
-0.1808894521333 -0.129010847186653 0.130972898414946 0.223461159167803
-0.205539612044288 0.0297894529310123 0.186217287106417 0.183588803884804
-0.111367364497744 0.182918870932539 0.216930890711113 0.0409107762649147
0.0400938911648117 0.161110982145615 0.147973815078345 -0.0448024029616769
0.104721707259255 0.0893428806606945 0.094304881030472 -0.0580567559821953
0.133985397376819 0.00767530961284293 0.0703329926423952 -0.0327559273498437
0.125784730171507 -0.0375617393802066 0.0784968373217907 -0.0121336283132362
0.12677344657832 -0.039614157868059 0.0930188689913738 0.0251502931339914
0.133214325857075 0.0171880383808355 0.0782686449100268 0.0855078358568385
0.105120598969389 0.0886055863510307 0.0272880396013656 0.150257854094343
0.0235554809297574 0.180717930235716 -0.0845226035580697 0.127183737666027
-0.111048276801623 0.133583192825398 -0.149218024432602 0.0277455008058982
-0.182320396064308 -0.0187872354324868 -0.0449291904436539 -0.0435058292738935
-0.16198233491888 -0.119624690833928 0.111535232725783 0.107846198413873
-0.00996793447062981 -0.0848353259640333 0.248583764452436 0.193203443514047
-0.0736499050753849 -0.104861500509265 0.13745181857449 0.233119716278178
-0.119496989973438 -0.0108346893067447 0.150160300656599 0.202011420084224
-0.0824337633025587 0.101869718265961 0.190835680050866 0.0852435508959369
0.0165998084992675 0.099186311394831 0.161524014139341 -0.00221746282237114
0.0596966131363572 0.0575590777620517 0.133041580045922 -0.0361405157713493
0.0853519276072165 0.00688856875591433 0.111515825220004 -0.0303384105506263
0.0887970515415875 -0.0240006897296493 0.116320671348852 -0.0159544517245949
0.0934576065228841 -0.0246619097658657 0.132013450408991 0.0209492733905932
0.0993198319959414 0.0139558350372349 0.116391160487833 0.0931097833965879
0.0762524292440424 0.0748550026620838 0.0539651810850695 0.169184477614604
-0.00357174047684201 0.137605478809821 -0.0748844534517621 0.147351805257747
-0.102750497051332 0.0725280102018376 -0.142695232383364 0.0432568786428466
-0.121456185888882 -0.054884504172812 -0.035701887965363 -0.0356230862676617
-0.0612500988061809 -0.107860654695957 0.135642381221343 0.139650084578258
-0.0611303024560648 0.0715442864617523 -0.166225394274624 -0.194381426890309
0.0382290114325433 0.0742541572215852 -0.0440483834796283 0.0725292780372951
0.0875493030367216 -0.00435229392525957 0.177086067185128 0.0058153325065449
0.0284957440067229 -0.0732179990941213 0.159242433449004 -0.166339525680717
-0.0310603859125824 -0.0494004144492773 -0.0107698878274295 -0.246893796786135
-0.0340707761605728 -0.014569731226858 -0.149275240488868 -0.160241136001004
-0.0409925678833486 -0.00623637177074339 -0.18075813066326 -0.0560281135516061
-0.0407492096208373 -0.00746053617357279 -0.160280392402249 -0.00197585420484951
-0.0229744367805635 -0.0149629723624757 -0.15740738050561 0.0232739780952699
-0.00221232583485908 -0.0238861503853724 -0.176619653873351 0.0182277263326429
0.016604738703866 -0.0286973809435658 -0.194736122319983 -0.0371571821373175
0.0560434850766605 0.0016090560962627 -0.180337468244592 -0.143240899497544
0.0246856684846757 0.0603292519139568 -0.116787207771398 -0.225916741490075
-0.0682485405745329 0.0661493436059218 -0.0578995308048754 -0.247808236870526
-0.108236567640188 0.0203469719268551 -0.192200352112687 -0.245683602569936
-0.152324135156523 0.00189207329610522 -0.12206245382697 -0.218895164075835
-0.0667213148914019 0.0622805383045932 -0.0375688308835154 0.067843238235299
0.0142622280378187 0.0597110425870875 0.195593145766232 0.0134868306547707
0.0269077439476448 0.0183091224341183 0.186795402782405 -0.1763904944753
0.00964160363148648 0.00752230408394869 0.00377953037519198 -0.264123852354949
0.02215370864609 0.0127137170112766 -0.150300723078454 -0.172943186801243
0.0235086300827632 -0.00787765250027197 -0.180194519526794 -0.0593415798285567
0.0195767715121899 -0.0154645142848147 -0.155931357166471 -0.0038581891637985
0.0381893622000487 -0.0100587884301173 -0.150181206413965 0.0285163125435425
0.0478075589097019 0.0197032951050676 -0.170511169799253 0.0309637896661984
0.0315871688740172 0.0386835038682916 -0.189310916101058 -0.0158499976564014
0.0159255009909128 0.0808454393689768 -0.187922984993867 -0.118321646871096
-0.0621797508458888 0.0877980939747876 -0.133803683321444 -0.201327836313204
-0.160592927481928 0.0152681098290399 -0.0697325645654506 -0.198749435789016
-0.200305305044561 -0.0718057352005616 -0.171994529242254 -0.187293175019197
-0.216563753470973 -0.0805166244944425 -0.0544814467395906 -0.204385021871533
-0.174068934124967 0.0197968847905089 -0.0164413468955747 0.0820088872059983
-0.0847565287542401 0.109266087874714 0.217833758465302 0.0414902775669718
0.00133151786270325 0.122082099096388 0.224915831204724 -0.165212204295043
0.0450409947012533 0.0798360783064875 0.0371636218240656 -0.264001714595452
0.0770549949842255 0.0507828467524961 -0.124449696224836 -0.179214265929698
0.0879759377632305 -0.0025055804904895 -0.153767162052476 -0.0615390166804789
0.0774666405032144 -0.0223690000421108 -0.128852884555076 -0.00463865508223088
0.091869953022222 -0.0124716559785112 -0.120345780654307 0.0360606436868886
0.0956895874483049 0.046442486653211 -0.142885868490575 0.0536817185814252
0.0598631647514764 0.0892811616808479 -0.172667431919588 0.0277657034072594
0.00811206555759327 0.15606668949698 -0.198714995865213 -0.0687625376001493
-0.11951963473855 0.134700116345429 -0.16160473435778 -0.161207555973956
-0.232624194166635 0.000752361857138356 -0.0778636635579132 -0.150784288907678
-0.272087525199809 -0.132223083254537 -0.127851696675924 -0.109724323671216
-0.242544905071156 -0.157650858346572 0.0264434348065038 -0.144248030382799
-0.256927438682402 -0.0480076965845504 0.014693346023939 0.115955562448624
-0.189715528480289 0.124892156691626 0.230988831970644 0.0889261182789018
-0.049003924084248 0.21151173771348 0.258163516813522 -0.121741293374003
0.0634617062141643 0.154153669129293 0.0849461824719739 -0.234005813023205
0.118753350643804 0.0921401701092214 -0.0734975588438053 -0.168990354936966
0.140022241577453 0.01019098070424 -0.104075580017579 -0.0590112726493905
0.125088844041755 -0.0247548933260018 -0.0839109818533457 -0.00513766961535831
0.131715260250187 -0.0185556450891854 -0.0733509003924491 0.0413685093761207
0.13356226991495 0.0561922461783862 -0.0975377634536051 0.0750528135529554
0.0906363313316507 0.117975823284795 -0.136721577398918 0.0751652400832513
0.0194191894641146 0.209354276114823 -0.193577256457247 -0.00891932770970311
-0.144675971900656 0.177601416618042 -0.180825046404466 -0.110831451441542
-0.270035264471971 0.00449095834391061 -0.0743674852614072 -0.11428311776201
-0.306767845107699 -0.163381774677192 -0.0641825509684927 -0.0315110546314053
-0.223382098461956 -0.206896426993989 0.107913889546534 -0.0459993807038295
-0.285949373456171 -0.120397227083636 0.0495420762879853 0.166166824185449
-0.261771700100801 0.09669300377544 0.222431095737791 0.144641467858163
-0.108961553895421 0.250589180839652 0.267310774078242 -0.0508772118712185
0.0566207041872718 0.204942737633825 0.129206344811193 -0.169330493367995
0.135088724530666 0.124099281968552 -0.00708490792895906 -0.136717507032303
0.167900043824717 0.0236294307489624 -0.0407987782370644 -0.04909639089173
0.154121326781792 -0.0240284308479408 -0.0273868223755425 -0.0043888079285114
0.155055492278714 -0.0242749431202525 -0.0174737983706347 0.0434561611811637
0.153890344493614 0.0549888864856504 -0.041024240478583 0.0887190734172381
0.109740288826933 0.128466573989977 -0.088308016677359 0.111481719800503
0.024788273418119 0.231521188418476 -0.169703955282723 0.044360189405298
-0.151357809971034 0.189395425118023 -0.182657460886301 -0.0622499734889254
-0.271188416629854 -0.000871229186585516 -0.0614788595752912 -0.0868696631987581
-0.295878063555386 -0.17461835233165 0.00514089551905045 0.0373942495526183
-0.164191505922808 -0.210657789048158 0.17224278980405 0.0689562944189071
-0.246903514427338 -0.167418707556188 0.0774973120162911 0.216905088323619
-0.270049020787306 0.0411282399723858 0.19148085603609 0.195668521710701
-0.147175071558239 0.229152339547823 0.247065285254221 0.0270648586070509
0.0345864569146559 0.210809613721443 0.155961974800978 -0.0875602486759509
0.124209110555594 0.132352723773536 0.0591212352389377 -0.0903627273233002
0.166830419057604 0.0319623097910337 0.0262169081035528 -0.0342226229679173
0.158180788245781 -0.0203049549063491 0.0319679804164137 -0.00268066528651469
0.156995590059243 -0.0236427599625583 0.0409856898637089 0.0430369288556585
0.15408384229501 0.0494548319161369 0.016686170962886 0.0979670325136551
0.109120038467158 0.127554079340981 -0.0386902174602991 0.13827918568317
0.0131297399382533 0.226767828321343 -0.139392631192069 0.0822681875269014
-0.152598053935476 0.165791804288423 -0.172654543591423 -0.0241257982042556
-0.242245769894196 -0.0239917162940629 -0.0450012555943272 -0.0683364643677952
-0.239522289187435 -0.175156763335031 0.0642960855640125 0.0946333147186227
-0.080786908810931 -0.167712246198466 0.212279873385014 0.173217026942852
-0.159104378651362 -0.166186193924044 0.094840816894631 0.255116741125241
-0.212236557449306 -0.00896879840930331 0.150730163429315 0.22681422511393
-0.141526481644244 0.166342730083702 0.21153225850285 0.0896715930289091
0.0134793317409859 0.17138549483279 0.168493641745099 -0.0140938918033644
0.0947103873481927 0.112025320590427 0.113255061894483 -0.0434316202999531
0.137583435552475 0.0307371491920495 0.0855437227324567 -0.020471782041027
0.13838690948104 -0.0149981603684088 0.0861981949797701 -0.000431259245720197
0.140074201552028 -0.0181491737492901 0.0945845582319117 0.0435213119969776
0.137506031341556 0.0429380887891623 0.0667349561585827 0.10718287505431
0.092761321361021 0.117729929321538 0.00198373565883947 0.159823438737207
-0.00882313853858311 0.197431237226823 -0.115070921972582 0.111364684467544
-0.147080832384044 0.115490695331864 -0.160219516003796 0.00354698475708608
-0.190444421491589 -0.0570089474843077 -0.0315315796948718 -0.0520751045794328
-0.149879564097895 -0.161423603675122 0.104533786361445 0.14298605889254
0.0138120257153857 -0.0904136922568393 0.225286953724499 0.241819063324825
-0.0517474790817653 -0.121010976718558 0.102353792041602 0.266930905372859
-0.116932468698775 -0.0344157945302245 0.116105992650711 0.237672759300909
-0.0969168124006801 0.0889435197675221 0.180525970659952 0.127543052306697
0.000116988310169376 0.102160284228324 0.173762673304866 0.0311232848621016
0.052920735116472 0.06988727744058 0.149703163336668 -0.01484629425589
0.0883148668183336 0.0219093145235936 0.127664395618449 -0.0128487845803604
0.0975560575964838 -0.00835895487696881 0.127271493087038 0.00145393601622708
0.102391035754453 -0.00905919889258249 0.135941738158883 0.0447962378721952
0.102451089795166 0.0327775396996948 0.106421840347056 0.119745697310734
0.0654813136680063 0.0967170521972263 0.0275637141295467 0.18388388085864
-0.0293611362727065 0.146467266210975 -0.107549176721022 0.135618988685428
-0.125182083596535 0.0527284032999278 -0.155851002388169 0.0225493159707405
-0.118344853619766 -0.083193343962559 -0.0261930566876779 -0.0407126471493662
-0.041187074966856 -0.127099423325767 0.11976826128096 0.177446458399929
-0.0548116555586008 0.0773828408306495 -0.187269695501496 -0.183503262734094
0.0445586966119715 0.0726346085265061 -0.0395166589420222 0.080686700199173
0.0880831889067101 -0.0125885137351108 0.182196484884187 -0.00692865011628333
0.0232962834502466 -0.0773817235915145 0.150188057771126 -0.182713520334253
-0.0354139352040617 -0.0474407467684273 -0.0302241937308448 -0.252323201033022
-0.0358970337274674 -0.0124888500473559 -0.165339725669297 -0.152603332041548
-0.0413537149973311 -0.00286143940584133 -0.18847011746685 -0.0413380541446421
-0.0418926973920808 -0.00319832090044676 -0.164251307387301 0.0107020724469048
-0.0236114008913075 -0.0134939089869575 -0.16018410661708 0.0362373414089386
-0.00396102289106427 -0.0240076449660109 -0.179134281970918 0.033076749023743
0.0143900661069298 -0.0296518062354049 -0.202433471548667 -0.0225639982084954
0.0565022377241246 -0.00344653502744629 -0.196133339507957 -0.132771676858306
0.0295578181022092 0.0601161460251871 -0.134964120247511 -0.223807378762275
-0.06530243738459 0.0749799144726941 -0.0760872003852115 -0.252263909357708
-0.108157847110321 0.029768312862266 -0.216240495440123 -0.23770276402326
-0.153157717022136 0.0141361662663421 -0.145669888694159 -0.212106140748826
-0.063332697832133 0.0693021986923713 -0.0328613245482927 0.0747643855499104
0.0193459071393564 0.0595372987050305 0.201338574173921 -0.000433787792318073
0.0288656122084295 0.0172465572048252 0.17756887948547 -0.195234829099076
0.0107314652615463 0.00706582422314114 -0.0175396489381518 -0.271145255382066
0.0238253983121173 0.0104360258670018 -0.166165886974719 -0.16578309242056
0.0236762029532017 -0.0101781183994954 -0.18727359315009 -0.0466589094738578
0.0184795389820925 -0.0163944199942632 -0.159698842362132 0.00911280892431714
0.0387665220330328 -0.013043737712906 -0.151496646455354 0.0415700240848154
0.0503982508924989 0.016616359116964 -0.171275484644821 0.045593746005075
0.034880593238839 0.0375249964201046 -0.195636686011816 -0.00183151209694672
0.0229447141924908 0.0815003262636023 -0.202560807183215 -0.106520837137993
-0.0575719663999693 0.0951067754685045 -0.151786363704148 -0.19568488821513
-0.163918676687473 0.0294640990888725 -0.0852835489840188 -0.200982820129339
-0.208340076890902 -0.0569129543076782 -0.191652228837925 -0.180617684005275
-0.226686982767533 -0.064883863884033 -0.0751509032007158 -0.202892537518047
-0.177360266527373 0.034608904435596 -0.0116650722734633 0.0878805452134287
-0.0772449982226457 0.118405721792506 0.22621941004026 0.0261510066055735
0.0125503828815719 0.125382185021611 0.216950081034306 -0.187048282791537
0.0538859562000141 0.0782310979992697 0.0174542747378852 -0.274423534596386
0.0834589080811671 0.0445845352840069 -0.140799412547852 -0.17394579684495
0.0897260610294375 -0.00942486411678151 -0.161186481397619 -0.0509724424218948
0.0768025041330799 -0.0284561970482801 -0.132553554384764 0.00515184770738915
0.0928130219945548 -0.0196382257429513 -0.120707314434594 0.0464899567572655
0.101874150143083 0.0398929951316763 -0.14167691796104 0.0670619289463268
0.0680607123537538 0.0870817777722611 -0.174581519687371 0.0415983798603031
0.0220980508018703 0.158729928984077 -0.208804698508817 -0.0542803801857322
-0.111123156085992 0.147039719459448 -0.178391494545618 -0.150993500999289
-0.239051006701586 0.0191000827423631 -0.0903823069837695 -0.151591522030778
-0.286762483349028 -0.11267562392593 -0.139661970155409 -0.1046035474208
-0.258480968205561 -0.141658170424114 0.0141190493739623 -0.148324663244196
-0.267992085759051 -0.0279735555972591 0.0222996052029053 0.120453273581041
-0.182352086336691 0.143613273043024 0.242336817816303 0.0736343817155643
-0.0308144719577243 0.220608078086217 0.253356838762619 -0.145536593091062
0.0788471604758461 0.152463448254742 0.0684275232653842 -0.246162806651002
0.129524142090445 0.0839364929427799 -0.087062711117294 -0.167012749096696
0.143537307619169 -0.000855885924075513 -0.111506429956013 -0.0531295649489135
0.124022963775202 -0.0356702158821371 -0.0868391668526837 0.000991822782368203
0.132738742391591 -0.0297526738510894 -0.0718756348699346 0.0474526577429705
0.140923784784391 0.0465035081045494 -0.0928102810062388 0.0850538505882494
0.101749843732609 0.113787387956715 -0.134155751431877 0.0867325045650355
0.0373769239391125 0.212509346939946 -0.198696440502765 0.0068424588177798
-0.132562291093419 0.192532106841053 -0.195118092023227 -0.0978953430327327
-0.276908185239596 0.0256046735461703 -0.0844919462563175 -0.112577557668979
-0.325743752296976 -0.140643842819608 -0.0676812587939253 -0.0295145942555161
-0.242888221260988 -0.193973747896901 0.104820058416985 -0.0541687084229274
-0.301966834275595 -0.0994810984401892 0.0609539867402842 0.167580324317048
-0.258487801447708 0.119067708725487 0.238515495724603 0.132694035933568
-0.0887893925862588 0.265318467755019 0.268336691061074 -0.0728089060560613
0.0763228941160199 0.204146451801459 0.119130978718286 -0.18328804579508
0.149147213179035 0.115168641183402 -0.0170658886273801 -0.139601934843602
0.173645507082394 0.0109497289719339 -0.0460422641703864 -0.0478761653333427
0.153109680391238 -0.0378766343467001 -0.0288172136668378 -0.00294019000299386
0.155564195733691 -0.0372458245540605 -0.014136672619722 0.0448231469150592
0.161820770067966 0.0434059292287013 -0.0349047083138958 0.094761305815704
0.121515653854328 0.123155115681585 -0.0815670200315803 0.121370369316739
0.0449725044169582 0.235168402389952 -0.169373964008526 0.0602283882532802
-0.139122463732462 0.204950067391722 -0.193293722589195 -0.0471045283046736
-0.278094732402052 0.0208435661372877 -0.0695437593534907 -0.085332871401035
-0.315321767284461 -0.153411797324848 0.00881467671074992 0.0353629607367243
-0.18425858585196 -0.202778714631344 0.180603564727101 0.0590141802723188
-0.265454391986867 -0.151814828406509 0.0950121720284766 0.217421518791869
-0.271748628522302 0.062984990442923 0.211387421444122 0.18684175862633
-0.128872612366659 0.24689101599757 0.25375277367478 0.00846198427277004
0.0535039648252918 0.212515680235621 0.153668514030137 -0.102118903222957
0.1391270386958 0.124639081946304 0.0549479202000076 -0.0969744093662531
0.172214862589765 0.0192350599768476 0.0242882843723969 -0.0383161950036043
0.158299331640812 -0.0346360731060483 0.0326095844359745 -0.00675031699097445
0.158367747477547 -0.0364544316242583 0.0453781957410926 0.0399666154622087
0.162276498170377 0.0379902176911408 0.024666157827537 0.0993240245499147
0.121355106428185 0.1218786252507 -0.0287326780989715 0.144529437299716
0.0334509458683151 0.23070039761668 -0.135497647512459 0.096989442342376
-0.142149823615557 0.17989381412728 -0.180273355296401 -0.00830282161584062
-0.250471278718701 -0.00582068532818428 -0.0520218267188598 -0.0666462185243744
-0.257814133065185 -0.157617649815363 0.0747245206122436 0.0891663468377007
-0.0957480750492612 -0.165226334570694 0.231110568034763 0.161596903483818
-0.175692579199349 -0.15693628776669 0.114208978124201 0.2553404164517
-0.217318441955355 0.0070873827475772 0.171177831993633 0.22203724168322
-0.128367946580319 0.182829741354755 0.221452787415022 0.0764485374176622
0.0285039659376658 0.173809872838909 0.171312817726384 -0.0266637925892076
0.106761580544425 0.106505251484234 0.113648000495907 -0.0541323468911697
0.142990775150229 0.020594051938923 0.0858835207784521 -0.0287848677383344
0.138782837407583 -0.0278104844770532 0.0882463367966413 -0.0093845128480895
0.140674851250235 -0.0303084014299969 0.100195675138902 0.0361228603336645
0.14301487858671 0.032302105596689 0.0779089383197138 0.105118330262197
0.104078150279982 0.112629047682813 0.0146278039720773 0.163930900564933
0.00901557243255297 0.202317631523708 -0.10995659918314 0.124149966603514
-0.14013453015825 0.128727221045981 -0.165362909823123 0.0186210501140295
-0.199801239262865 -0.0442564843530547 -0.0373545348880837 -0.0509530201548808
-0.164450211135251 -0.151253120822166 0.119389193033992 0.134831024127566
0.00764227741604787 -0.0930885541120614 0.250298903384874 0.231437639345968
-0.0627776718152378 -0.119640051279774 0.124537952374693 0.265972642429713
-0.121151901908933 -0.0261131900821552 0.135950312743835 0.236230470828243
-0.0897762146961029 0.0990015092874893 0.194073728673893 0.117975625467519
0.00941141899400777 0.105084840460786 0.180084605894925 0.0200494010451432
0.0607914302403769 0.0672011316897066 0.15381430714869 -0.0277500549291071
0.0913980704766513 0.0148187500018466 0.12966485170555 -0.024080635929801
0.0981068381055595 -0.0175237808904584 0.130256076522123 -0.0105666235186117
0.103209860245402 -0.0183046389101577 0.142668478297489 0.0342166675528516
0.106022220072777 0.0243948425120746 0.11822548559035 0.115717877152284
0.0749188617446236 0.0932786507035192 0.0428781661333593 0.186894933309876
-0.0168795067464266 0.152700180390058 -0.0997966308159115 0.148846565414354
-0.123522591002787 0.0620423397354655 -0.158813461080864 0.036963727787205
-0.12721857841291 -0.075515247404029 -0.030749126516495 -0.0395954918164755
-0.0509161751578749 -0.125057522290324 0.138328894902163 0.168633859889711
-0.0482347888095861 0.0790694096080941 -0.197425083966673 -0.167291515367485
0.0483821715077726 0.0688655531431386 -0.0335215086423147 0.0836307096560223
0.0854159341606326 -0.0181456236200803 0.180999889305966 -0.0165877301581185
0.0187335615210775 -0.0782179990706964 0.139224773370205 -0.189168341450488
-0.0375447132063584 -0.044403002260514 -0.0441371092452193 -0.248059886596317
-0.0358217933718443 -0.010364817813348 -0.171254671477982 -0.142009584305515
-0.0404952494551176 -0.000545771670924662 -0.187926515582114 -0.0296186007650651
-0.0406866038673333 0.00067596811573611 -0.16225882789928 0.0206492712339926
-0.0234458791262521 -0.0115832582204081 -0.156299166847704 0.0456060279724217
-0.00496353780939941 -0.0227792967332083 -0.174933335911403 0.0427027646754991
0.0119317904770183 -0.0299841291204949 -0.201985778788655 -0.0111858966853425
0.0552062539718397 -0.0070694046461771 -0.201544662160673 -0.120007894817239
0.0321064002114534 0.05822983724329 -0.144722448213416 -0.214228761342182
-0.0604543429294304 0.0790541526257782 -0.0870826537850841 -0.248601559733693
-0.103836420131026 0.0360658664260323 -0.227232497388033 -0.22410053725044
-0.149039205208449 0.0225991840446926 -0.1576045667372 -0.199617366807847
-0.0588870286086062 0.072015802376852 -0.02852068890836 0.0782581631493181
0.022442428890167 0.0575007902338852 0.199657570377996 -0.010729573663926
0.03067999226619 0.0148277539944991 0.164940927702577 -0.202158516073344
0.0115170883390639 0.00668238757887619 -0.0319303666101839 -0.267318609330889
0.0239293219418873 0.00844999948795034 -0.172910687910243 -0.154343444899367
0.0230266837305826 -0.011544349644757 -0.186903381544033 -0.0345286178455185
0.0168550579392754 -0.0167066716971889 -0.157591501497272 0.0185771470229202
0.0373583135512846 -0.0151236025031229 -0.147719140419488 0.0496099112480401
0.0512856617213499 0.0136453213350321 -0.166355097431192 0.0547110050624464
0.0360616866444809 0.0360964374883939 -0.193732548758311 0.00966951850619295
0.0274998523807968 0.0788624171724829 -0.205617262523742 -0.0939546566832226
-0.0516097490386363 0.0974641135167061 -0.159863133161239 -0.185375604332188
-0.160992856621416 0.039811164729892 -0.0931970125085785 -0.196901380440434
-0.207226788787634 -0.0442253338397994 -0.199075985463442 -0.169255896202824
-0.225778058821529 -0.0510137325212896 -0.0882493979070695 -0.193813601975994
-0.172912815885352 0.0448380907733208 -0.0078081549659503 0.0899675271216743
-0.0688423668644657 0.120648409168465 0.225158943539553 0.014305324650688
0.0217577272826344 0.122488630395048 0.203643641864042 -0.196246411409235
0.058729997664443 0.0737491163681803 0.00240736039332503 -0.272779533097952
0.0855043481266432 0.0381148027559351 -0.147999677021643 -0.163768405427203
0.0880153698619852 -0.0148409323974495 -0.16197180487773 -0.0413468723736421
0.0730520323639684 -0.0323845601073265 -0.131112178694606 0.0129952390547317
0.0900978125238845 -0.0250861359796789 -0.116680907724391 0.0526382431507984
0.102984316379188 0.0336911673472438 -0.135567413424824 0.0748918954213242
0.072400714374711 0.0826281342083529 -0.170959325271143 0.0508175466458938
0.0317021735693699 0.154670965744723 -0.210264877047847 -0.0413934134748067
-0.100973599983369 0.151746663356333 -0.18450085736983 -0.139907475253537
-0.235789114310111 0.0331266328071378 -0.0966018378260231 -0.147146636465481
-0.287820553486001 -0.0939943941021723 -0.143968558639382 -0.0975555996235947
-0.262319137441991 -0.125467619667886 0.00335452155795382 -0.144652651245214
-0.266611941538473 -0.0115617461316739 0.0270456636132272 0.119453469396961
-0.170886642893372 0.151456766692886 0.243539860341126 0.0608712485333964
-0.0155621039152839 0.219632637363801 0.241811550700332 -0.156179675731783
0.0881445343081549 0.145888288101954 0.0539755168397632 -0.247311453996641
0.132982556720943 0.0743182622690014 -0.0949916732191134 -0.159886007233864
0.141930893383537 -0.00986287638220449 -0.11284646985107 -0.0463723161305291
0.119031292566706 -0.0425853263758013 -0.0862152454814896 0.00587594193597517
0.129378652496776 -0.0370145120905861 -0.0694872050413055 0.0507622277481418
0.141898636303745 0.0379814559522973 -0.0869736364564417 0.0901597602619337
0.106479360346704 0.106651295055155 -0.128507888619466 0.094180521534827
0.0509576767758573 0.207445111126507 -0.196034731352086 0.0194154566195365
-0.118935439391126 0.196775231392597 -0.198969540668681 -0.0848044547103118
-0.272378750261275 0.0414945631518164 -0.0888817675170231 -0.10869334516694
-0.327968729130074 -0.119143344880159 -0.0679865084031786 -0.0281844682840681
-0.250189024903719 -0.178340740608854 0.0987604807844692 -0.0582926993737102
-0.304694496268629 -0.0806314044294895 0.0674919351485901 0.164258044476302
-0.247027636152079 0.132453252918443 0.241596699299158 0.119396304684321
-0.0694625929540834 0.267717434166445 0.260704523952205 -0.0859601816352961
0.0887597227309061 0.197605791250788 0.108004392482425 -0.189274694187298
0.154357220595118 0.10413953052701 -0.0235908681640688 -0.137762116851742
0.172258370021186 2.95498234656457E-05 -0.0469906316196179 -0.0459307829080916
0.1476704928093 -0.0468820002002954 -0.029575868088014 -0.00221482650229124
0.150547286174899 -0.0453953742900111 -0.0118318251616835 0.0444974428878146
0.161994136575136 0.0332735061155125 -0.0282164905573857 0.0968324292937107
0.127211101620573 0.11447973699827 -0.0745340304619797 0.125299980869066
0.0599276707843906 0.229468740656152 -0.163533226510682 0.0694432082848148
-0.12443043934931 0.209381607835905 -0.194690557315159 -0.0333472488967806
-0.274185797462506 0.0361424528981018 -0.0728827379717148 -0.0820437433420352
-0.318013086105102 -0.131670032295966 0.0115579708727256 0.0313174383326977
-0.192170976957021 -0.190287938801292 0.180576419880739 0.0490859194075912
-0.27128174777927 -0.135187051054633 0.103462889463779 0.211089420755511
-0.263110491647319 0.0776791157882122 0.217563712905725 0.175024377056532
-0.110046746110891 0.251191003979375 0.250650714029013 -0.00370917508448398
0.0660189027772277 0.206207970792941 0.148085940707984 -0.109344609005856
0.145412170917231 0.113671886939575 0.0500774824020866 -0.0989939122324212
0.171951027965569 0.00860059099815861 0.022299023226712 -0.0401279735189962
0.152360956020062 -0.0439336139522754 0.0309262217743812 -0.00920022472745999
0.153589139118774 -0.0463334245351899 0.0464758654203378 0.0359270494992218
0.162405394604216 0.0278933422698556 0.0309339935047024 0.0978485028193794
0.126482397555475 0.113714371559313 -0.0200828733246631 0.145080845566718
0.0480621083817677 0.225379333980747 -0.128281977383266 0.104564685773611
-0.128930934890387 0.184966213039686 -0.179519548788804 0.00462889750544867
-0.247921315889459 0.00866530305803765 -0.0551460073546153 -0.0642325227411862
-0.261132373192166 -0.139408415423052 0.0798979078891174 0.0810244474247652
-0.102233685106486 -0.157187653408719 0.236747231113777 0.146809904009595
-0.182063375491948 -0.144395877201112 0.125263217507266 0.247174300719992
-0.212846459067485 0.0197284485278196 0.179846710978323 0.211600681403032
-0.113445930629557 0.187593755901143 0.222113083442075 0.0655055987552646
0.0395988715551582 0.170195779870028 0.169142166816677 -0.035544236179825
0.112180158034745 0.0984404896440857 0.110324066191638 -0.0603724918619555
0.142531772221165 0.0111996580339431 0.0843869121704672 -0.0339226785671145
0.133461375735229 -0.0366216684283546 0.0861713752271076 -0.0152112256294697
0.136963293900292 -0.0393061683581523 0.0999900763383854 0.0292182859466837
0.142398097453479 0.0232925606805006 0.083664924997781 0.100464622437404
0.109913587386435 0.104753900213052 0.0228581720230966 0.161466893556412
0.022404770469434 0.199719987520289 -0.101165345641373 0.130423097777724
-0.130626719335065 0.133849804433103 -0.162479530845804 0.0304862424858915
-0.2000886079778 -0.0320505534702913 -0.0397194069202889 -0.0488260059964723
-0.169451202643548 -0.137748962690029 0.126825892292968 0.123954994881209
0.00344853473051508 -0.0926220395244231 0.260558359698697 0.215138351810785
-0.0681002617277945 -0.113913422599203 0.135896758426914 0.258078516158981
-0.120591337840942 -0.0191363630793978 0.14718452597968 0.22727850702423
-0.0809408927759911 0.103031932702866 0.197475425668644 0.10767107551442
0.015175341089343 0.103063749363309 0.179642496384346 0.00990945325455509
0.0645561291722055 0.062065312515596 0.150994334261302 -0.0366175115801344
0.0903463300823057 0.00901459879909228 0.127271996877571 -0.0319681979331586
0.0940543647675422 -0.0239039144414186 0.127952866222339 -0.0197807743696779
0.100342333963341 -0.0256004500486382 0.142570287747093 0.024866559554751
0.105363306489234 0.0179127904295633 0.124548920962075 0.107860964550621
0.0798767942828656 0.0865642038266734 0.051892991971796 0.182414906567755
-0.00639947080998412 0.151495228267418 -0.0906940058118779 0.154444523169835
-0.119169835576017 0.067153049124186 -0.154789898323225 0.0476158629370527
-0.129874559346765 -0.0671306384972078 -0.0330860514448168 -0.0381479732016436
-0.0560422610495891 -0.118559599300956 0.146996448176174 0.15620631973736
-0.0441312293860543 0.077450658753237 -0.19841891001314 -0.157938479662388
0.0492519854115721 0.0676421647804221 -0.0302985355440962 0.0860777981423599
0.0832361112051183 -0.0193795480796924 0.179692037605887 -0.0193048112313274
0.0166076954884501 -0.0770860400890802 0.134292512516121 -0.188415408692864
-0.037628195665453 -0.0425393035407325 -0.0482843603378397 -0.24436711578718
-0.035739076783232 -0.00988364706262986 -0.171544454790454 -0.136761916446578
-0.0395251521324699 0.000439450268486885 -0.183724229216554 -0.0248938790023803
-0.0391375636865998 0.00245756361391234 -0.159934146999113 0.023812234573782
-0.0229447332960287 -0.0109824527679264 -0.153728187375777 0.0492408234344158
-0.00479542012387987 -0.0223699229648078 -0.17182618156548 0.0454378647735676
0.0109395397812227 -0.0293952652617725 -0.199222162643143 -0.0062651157246931
0.0536562229513886 -0.00801040753806301 -0.200995911811056 -0.11518840867656
0.0324024743730932 0.0575326542474996 -0.144413975343825 -0.209495711205206
-0.0578716635269795 0.0804071941543831 -0.0888000925885822 -0.24560910602899
-0.10044624626085 0.0369919289943581 -0.228486253976577 -0.218280086387886
-0.14470858140384 0.0239387110838481 -0.160895054711899 -0.189800674244069
-0.0562374024318817 0.0724970110857419 -0.026690270738304 0.0801838687339301
0.0228582257425195 0.0554721591717214 0.197493947748174 -0.0132755435436782
0.0310329389287366 0.0135743903374371 0.15787698695555 -0.201955836737715
0.0117036919431503 0.00620348545986024 -0.0367625501047225 -0.263654282247788
0.0241482844906199 0.00782476637304221 -0.173045149804301 -0.148690100579433
0.0225786060825424 -0.0119187428950673 -0.183866415912365 -0.0297934968221581
0.0165757976074274 -0.0158796931596452 -0.155488320873495 0.0215635350647571
0.0367528361942149 -0.0159131736105073 -0.145385794806294 0.0530075940497671
0.0510517057941602 0.0128899594172095 -0.16268893004987 0.0576540475782446
0.036157792192435 0.0353114527155571 -0.191634918134588 0.0136972874456205
0.0287785818769184 0.0760637194316341 -0.204883742016972 -0.0885814678874686
-0.0489315276745804 0.0966325854232502 -0.159979423041914 -0.179936672903171
-0.158211591709997 0.0430187005795343 -0.0940364065780537 -0.194689438731414
-0.203588006754258 -0.0394134663432856 -0.199576755783389 -0.164810321287775
-0.222533960982803 -0.0469166085990612 -0.0924707076063545 -0.186029036719733
-0.169372683588378 0.0478075992895919 -0.00676638726598759 0.0915664624023904
-0.0646062750093552 0.120009805375328 0.223021875865762 0.012176699049768
0.0254145478799478 0.119607798950563 0.196702513354559 -0.196178321911491
0.0602023111340669 0.0714527072121723 -0.00312050899644942 -0.269401690233774
0.0847263358199368 0.0353530405734928 -0.147860632312938 -0.158223530054912
0.0864172607876725 -0.0170215925872634 -0.159670637859866 -0.0367930161751515
0.0705759311647934 -0.0327968597858627 -0.129461192849954 0.0165573478171809
0.088311150559942 -0.0267954672643928 -0.114907188032662 0.0544709000794829
0.102369517869747 0.0310582833201897 -0.131276353933849 0.0770258142813684
0.072698228463308 0.0801390843744021 -0.168169004132256 0.0540640244630442
0.035106015666406 0.15140947036952 -0.207577020719352 -0.0363985180727371
-0.0958458347630344 0.150704317008276 -0.184450741411709 -0.133309377804452
-0.232663794573284 0.0375713439972218 -0.0960771059697594 -0.145207656191252
-0.282906911140106 -0.086151944682166 -0.142777217221325 -0.0962718340318856
-0.260004761668824 -0.118927697275371 -0.00179071744410655 -0.140553573112
-0.262785913839308 -0.00533376292514991 0.027250499913174 0.120464375100326
-0.163267054737506 0.152537914671155 0.241025960376153 0.0575798294981774
-0.00792978796204694 0.215754810002014 0.234576259483313 -0.15790758354102
0.090872597358232 0.140980905313309 0.0494466504110837 -0.246288328800497
0.13259999938404 0.0688742799809903 -0.0957672780509033 -0.156134062896676
0.13932455922412 -0.0130922196257763 -0.112283160413552 -0.0428287383276598
0.114769361908155 -0.0441572767019374 -0.0851092211117522 0.00804035242924868
0.125412614658882 -0.0395884794737502 -0.0676345498210858 0.051057923087485
0.140682044671266 0.0340662962834035 -0.0828489956814204 0.0910487164861904
0.107864271626393 0.103103887097032 -0.124833988510612 0.0951216927412915
0.0545511493941262 0.201807512801989 -0.191899064937459 0.0234598473798611
-0.112664556484926 0.194954958733932 -0.197636826755819 -0.0774351756663381
-0.268317999539278 0.0460163568515706 -0.0887247133700874 -0.107340833913709
-0.322566615525791 -0.110366788276018 -0.0677403372272801 -0.0286844160131728
-0.248840415867706 -0.170352594720515 0.0947005466027678 -0.0569772284260752
-0.301528361751746 -0.073340193584955 0.0679895486068686 0.162707947563537
-0.239201594111866 0.134982107793217 0.2405385446996 0.115384926358385
-0.0590985288230509 0.26478308766549 0.254368115222708 -0.0885595548184813
0.0934368424008988 0.19148310755973 0.10283803794795 -0.188329160250374
0.155021741785154 0.0976103666895074 -0.0253453856954152 -0.135056576794189
0.169251913895363 -0.00498578223780787 -0.0476310011642476 -0.0440454612391395
0.142294509369055 -0.0494500050171043 -0.0296238689485374 -0.00176385027566547
0.146613256743793 -0.0485449231918506 -0.0123140538493346 0.0437367138573828
0.160435021188486 0.02944496467906 -0.0249941845552601 0.0962517263695256
0.127787488109423 0.110041141280745 -0.0706826451686689 0.124862183150567
0.066452433200355 0.223615054935082 -0.159680777588101 0.0730045619200422
-0.117666208389656 0.207457137109203 -0.192822087494036 -0.0271221049374171
-0.270222255632972 0.0415552929194318 -0.0730164607266877 -0.0808621211070407
-0.312686094495184 -0.121655161085748 0.0122866917450381 0.0276927345077118
-0.191985547743984 -0.183998505560387 0.177501027662687 0.0455407589371643
-0.269841360983571 -0.126552789961205 0.103769327525643 0.208870802894006
-0.255467121407968 0.0805416872527707 0.217551094961461 0.170284131129706
-0.0993510424976351 0.248719134325712 0.24686861069294 -0.00732153536159356
0.0708475323101962 0.20111738808118 0.143282712985707 -0.110996838238202
0.146586942154679 0.108107664270437 0.0475657006704874 -0.100162047689031
0.169440103146457 0.00391557994986386 0.0214574438225161 -0.0398830823537759
0.147014555512048 -0.0473114238096938 0.0302800725189148 -0.0104585301108617
0.149371381677023 -0.0491657591935177 0.0456188723217716 0.0340440615858386
0.159986835771875 0.023856827162423 0.0333003089908796 0.0966307552295471
0.127541295533363 0.108733375411252 -0.0176800665946785 0.143719635994965
0.0547096928998165 0.221316761345256 -0.123709232034766 0.106133817951772
-0.122674114491821 0.183528666701779 -0.176300544343184 0.0100458245861704
-0.2448488300325 0.0128800630662995 -0.0554702308136918 -0.0622803925347845
-0.257225237035273 -0.129882515187538 0.0808234339571755 0.0757074838054251
-0.103676368075496 -0.153462101303323 0.235067532462526 0.14174315397448
-0.181874587896842 -0.138975264379409 0.126979997310835 0.242554944837104
-0.206984445364481 0.0233221765621484 0.181380868148109 0.206754563708787
-0.10475144003161 0.186416702097156 0.220026908309676 0.0614413459028688
0.0430608605444967 0.166151028624422 0.166641765724344 -0.037859212720521
0.112838789183413 0.0937440794249576 0.109103450357272 -0.0629648576388119
0.140601197576476 0.00715289422996374 0.0823704768680316 -0.0359615679663148
0.128926554777032 -0.0395314444011951 0.084386562617903 -0.0175937118946579
0.132287933320152 -0.0424203890064332 0.0985323181096522 0.0260939280374692
0.139884036018101 0.0191532848712323 0.0854780560980771 0.0980316579659875
0.110464703267964 0.0998877296115134 0.0262354643248779 0.159473835631989
0.0280839315247498 0.195820945438978 -0.0964574895153808 0.131064235244889
-0.126421502789191 0.133249466288556 -0.160118502009379 0.0350020750847774
-0.197895660812909 -0.0271921715762048 -0.0399794958111912 -0.0480938744308734
-0.166851412101952 -0.131285940751145 0.127873281808201 0.115652731167419
0.00192732983945906 -0.0911840598631389 0.260094886041695 0.206226948872136
-0.0692219151981954 -0.110687293309932 0.137696742164799 0.251622547372668
-0.117738388315018 -0.0170066186435153 0.148893831509656 0.223203667244868
-0.0746515018050333 0.102400550916361 0.19648371758396 0.103163163301323
0.0182539687636063 0.100808737453521 0.178386285495863 0.00659182648690303
0.0646191817591207 0.0598561037640506 0.149778841574785 -0.0401631430967838
0.0894487690520645 0.00683207140033896 0.125530325972999 -0.0363133099917802
0.0903666097647401 -0.0267262723705852 0.124697230315664 -0.0233394474011914
0.097514811323665 -0.0281548691102518 0.140512750936021 0.0213200109297113
0.103498823562477 0.0149174252088888 0.125763423962655 0.10460876188598
0.0807246206984549 0.0826102963460328 0.0542015032784418 0.17914734925375
-0.00212433448774848 0.149197471833791 -0.0855788474566125 0.15470540121377
-0.115800350955959 0.0680249304242072 -0.152648293686615 0.0510884865138644
-0.129082746862466 -0.0630219059132712 -0.0331640054320158 -0.0376982109278827
-0.0552765079389935 -0.114779760649261 0.148383816014517 0.147181959385779
-0.0439448701543159 0.0768461127807767 -0.200735995856683 -0.156878233172898
0.0494763868333953 0.0682795888602225 -0.029999527478965 0.0891286438232686
0.082751180300706 -0.019736901884286 0.182372771017281 -0.0192160215328412
0.0166294880719265 -0.0777212749137556 0.137152119097229 -0.188690702228676
-0.0379067541401781 -0.0426474121639931 -0.047057192014893 -0.248122147033245
-0.035729216080517 -0.00947517905634547 -0.171526141267718 -0.139252689397832
-0.0396772756243311 0.000391868714806612 -0.183865417187498 -0.0251795297484141
-0.0384618665960231 0.00300214357345624 -0.161300703620771 0.0247839169716466
-0.0230205650978898 -0.0115548445568059 -0.155708564907889 0.0502131413502502
-0.00441061251289479 -0.0220596967362236 -0.17424748778801 0.045229168802393
0.0109613982363745 -0.0286464084417258 -0.200936372954964 -0.00656338260402164
0.0536080683427092 -0.00885782551406809 -0.202808497024567 -0.117474208420279
0.0321725568689704 0.0587623502182913 -0.143468921803472 -0.213070396392602
-0.0586056649722055 0.0826977295323749 -0.0870568348442299 -0.250919516265648
-0.100226108329789 0.0358081159455289 -0.230361437807026 -0.222490270351471
-0.145174526511397 0.0232590133019071 -0.162699249286132 -0.188623654708281
-0.0567287053632962 0.073512947286758 -0.0269597419860899 0.0836100380274792
0.0227829649908611 0.0557655114081096 0.200855497141554 -0.0113435917693098
0.0322382555597705 0.0134295679977325 0.160826490715367 -0.202301759634879
0.0126782906426379 0.00640677294331586 -0.0351240498922719 -0.266973516951244
0.0242012615457249 0.00766254871952669 -0.172389333431015 -0.151199949289474
0.0224938311550597 -0.0126881170040024 -0.184094136135471 -0.0301012689321468
0.0169993805600072 -0.0150567050538565 -0.157246600270974 0.0226106906311214
0.0374015713056555 -0.0159296188418109 -0.147196828671993 0.0541357979283782
0.0521513846892248 0.0131727859393272 -0.164784847304284 0.0581882446265847
0.0358375707118044 0.0362682832776906 -0.193772034377843 0.0134060056156637
0.02873665912746 0.0761058758293391 -0.206952495791324 -0.0894251700965606
-0.0492641240103491 0.0974507110698188 -0.159535457776503 -0.182948685933267
-0.160272268234681 0.0437369359127789 -0.09262670466078 -0.200077604765994
-0.202899648998241 -0.0400894274614878 -0.201391670021061 -0.168305758401529
-0.222838128828232 -0.0481346016277869 -0.0938369534259991 -0.185200308812346
-0.170813662184897 0.0484558468257622 -0.00756327456371234 0.0951705235669328
-0.0642439510883329 0.120264535479627 0.225379806997397 0.014178934074749
0.0272971278019062 0.120519736217431 0.198566771804138 -0.19615327215838
0.0614041804452453 0.0716480922076639 -0.00172127318266948 -0.272848258530261
0.0854815631110237 0.035045947910321 -0.148392884169343 -0.160517167998609
0.0869158557810689 -0.0178420028012912 -0.160337006947225 -0.0376847075470567
0.0704194683660966 -0.0318997492782353 -0.130922209726971 0.0163293045646725
0.0892047418951792 -0.0273591268033638 -0.116959191156226 0.0556274425977399
0.103333545450891 0.0318970681094585 -0.132648573375736 0.0778081074723053
0.0727339392093018 0.0810189777315815 -0.170789437749659 0.0540047809485403
0.0347635978669851 0.15127075737572 -0.209236558427095 -0.036787708217619
-0.0967367192670795 0.15116380920714 -0.185771521848348 -0.135113053109037
-0.235172565334782 0.0381335082190346 -0.0953064018050092 -0.150114493061606
-0.282568400902334 -0.0881523281342651 -0.144352562527766 -0.0990638431582047
-0.260547353410801 -0.121270068437228 -0.00255901070046381 -0.138921264045502
-0.264798024501589 -0.00581572761220074 0.0260724666398212 0.12456745680005
-0.163805854480727 0.152099018229862 0.243146187387287 0.0615367936080955
-0.0059703966344175 0.215952765814497 0.237525172951114 -0.156884428048734
0.0922724848089834 0.141542459143664 0.0508410784119269 -0.249644276912157
0.133948533373545 0.0692971147099759 -0.0956146178333032 -0.158147253170935
0.139676675784053 -0.0142275283843732 -0.112510005484395 -0.0438457997082697
0.113937874585857 -0.0440943109181811 -0.08631732778633 0.00774768507350313
0.126239461764621 -0.0396437895336294 -0.0695443733407666 0.0525487485313039
0.141930049243192 0.0348827304386691 -0.0832321425551138 0.0922682771899778
0.108186782109621 0.104121148133685 -0.12795809591358 0.0966952850328182
0.0561416958708558 0.202188999273664 -0.193910108309191 0.0237759640600353
-0.113796326246342 0.195428092804043 -0.199058299780775 -0.0778902877002351
-0.271797864873444 0.046296168393227 -0.0881550442447303 -0.110372601065475
-0.321778638330917 -0.111694000847438 -0.0682140997477575 -0.03204153805689
-0.248876655410841 -0.173488893088363 0.0948009538479899 -0.0556131935174554
-0.304172909645721 -0.0745931048740885 0.0665366014307648 0.166886971398651
-0.238810180474518 0.135052107271203 0.241162792091236 0.11992933976652
-0.0578243140692487 0.264871044477708 0.256799095139897 -0.0863402213551295
0.095029857321608 0.192257287933149 0.10571832027645 -0.190603658664881
0.155928519290182 0.0982664717184704 -0.0247240969017655 -0.136738839744986
0.170596877243109 -0.00574799261264539 -0.0478406896945301 -0.0446675611619539
0.141715874905868 -0.0499787453624653 -0.0303590822534755 -0.00150043307594649
0.146426364117546 -0.0493937059044603 -0.0132403090897931 0.0443389332393355
0.161578441067605 0.0297093327851839 -0.0245173295412712 0.0981840714572863
0.128639295030528 0.11135333350994 -0.072553138919082 0.12639722213833
0.0680063026263097 0.225000440023985 -0.161184147187996 0.0734261845348743
-0.118564958347169 0.207852859977872 -0.194369398216038 -0.0265614207556364
-0.272781877214339 0.0411205065744698 -0.0729462372052175 -0.0834582369301287
-0.311005303761495 -0.123312444338638 0.0123680425130211 0.025032181727687
-0.192581623722521 -0.18650817824745 0.17864037206113 0.0480615773089468
-0.271118739474952 -0.128478299479924 0.103203319739501 0.211872576329841
-0.256025366300158 0.080039547774744 0.218344480610481 0.174340449124068
-0.0983115602604996 0.249282310235864 0.248583133451639 -0.00502943086202548
0.0725444424265205 0.202302487857886 0.146793122599068 -0.111631447421132
0.147230864508387 0.10838085354114 0.048573809931379 -0.100818117496967
0.170262013600977 0.00309358105670395 0.0215606323831243 -0.0415021918402893
0.146375201979359 -0.0483377328037928 0.029684555131719 -0.0101099897563161
0.148927713986741 -0.0507223899146774 0.0448666227376143 0.0347450573213434
0.160599225468301 0.0241512901145678 0.0342374423870669 0.098132707146921
0.128702343334566 0.109703021045928 -0.0191740111569194 0.145040751993332
0.056707247568815 0.221721136061406 -0.124902727105069 0.107189283214533
-0.123973590897753 0.183356306379566 -0.178739806362282 0.0118660170762685
-0.247353659338519 0.0127737587597211 -0.0552980060059065 -0.0649259506906537
-0.255783630579936 -0.131374197272211 0.0818999681075367 0.073591234861276
-0.102709730841823 -0.155263770583156 0.236315827060585 0.144652193776428
-0.182463561096261 -0.140448433394093 0.125998413919297 0.24629100743976
-0.207637148821385 0.022008140428414 0.182080251722218 0.210487897939388
-0.103606256484622 0.186358050875029 0.22121034907305 0.063942118296369
0.0440257128974182 0.167619399758719 0.169277639233921 -0.0382401929448376
0.114231494097624 0.0946741220349622 0.110782513139535 -0.0638664036320063
0.141613771215117 0.00672437392592568 0.0840330840607309 -0.0370994167893016
0.127798756102727 -0.0407289498656289 0.0845817958705985 -0.0183135358724288
0.132574786698892 -0.0441150888431307 0.0985878143229767 0.0267336393091981
0.140839411733383 0.0191793254997369 0.0860880120084134 0.0987137492779312
0.111663962493737 0.100431845545142 0.0244226159271047 0.160702317488097
0.0299553469000671 0.196079528234859 -0.09843732515626 0.132821226499237
-0.128163525414933 0.133144392989424 -0.161492691531325 0.0365055237451927
-0.199053634722215 -0.0283419281835166 -0.0405992996629069 -0.0502153349186315
-0.165353445725449 -0.131787166874715 0.129111192890478 0.114016648060692
0.00249000630341276 -0.0918025087921696 0.261866762131151 0.209498004833558
-0.0684877139976352 -0.111945061107584 0.137123654787737 0.255906889095573
-0.118274682244495 -0.0182890136139077 0.149389408553009 0.226154848219457
-0.0734504416561816 0.102040123807179 0.198066069188769 0.105732108853724
0.0184584140278256 0.101885324438569 0.181320604530283 0.00704953735803224
0.0650062150971811 0.0606107496861152 0.151350695259284 -0.0411811410946435
0.0900138385648516 0.00632415784252235 0.127791256948497 -0.036810491527194
0.0890788638802496 -0.0275303971162319 0.125099331354801 -0.0238398510952772
0.0966457430266424 -0.0294113356959889 0.140931092300804 0.0220788323871055
0.103001728987608 0.0147263995067056 0.126871037596105 0.10549178951386
0.0815060671531304 0.0829136459896059 0.0538342622045239 0.182462217043162
-0.000662587210178174 0.149856992952145 -0.087391394017833 0.156095415627771
-0.117899778926999 0.0676558140466462 -0.154826651551158 0.0523316820878154
-0.128974357088596 -0.0635268270174294 -0.034229453202989 -0.0390864613364767
-0.0530416517295457 -0.114931813077727 0.149836088130845 0.14566059230396
-0.00985071581653187 0.0939272596469888 -0.254940744546667 -0.0570712212400777
0.0756505828170021 0.0428685595733529 0.0154410344248055 0.0977048978799116
0.0669294218602062 -0.0538539915459235 0.164824499312885 -0.10176010531185
-0.0209690790748871 -0.0788167442442024 0.0449439876933515 -0.242645190652383
-0.0555913086652486 -0.0208751327159598 -0.158288647912383 -0.211921505519182
-0.0372896467132956 0.00836151330135609 -0.223493508146154 -0.055109111368306
-0.0368955600040681 0.0167888111046811 -0.184538342604204 0.0580346688287662
-0.0340129693608379 0.019851370498301 -0.140531231338626 0.0965395203558698
-0.0264044924180878 -0.00151680694066485 -0.123682137286737 0.118173832335798
-0.0133167607863579 -0.0185704080130259 -0.143192863377078 0.121085951426213
-0.0032473404176892 -0.0317060178768718 -0.189935601278009 0.0825067897912946
0.0423260796371802 -0.0332773978698118 -0.239265651409832 -0.0184926326227956
0.0560503193755202 0.0398635678492997 -0.228122129955157 -0.136238646049865
-0.0184118851704348 0.102369577553598 -0.194836823691797 -0.205603432046295
-0.0821721109793785 0.0795004637507391 -0.314548052630974 -0.118557181410776
-0.12750127124035 0.0838449810665474 -0.236586082922091 -0.101575610089745
-0.0214356530292138 0.0915057401371414 0.0154055071204839 0.0947138074647891
0.0415203300602645 0.0404882572867665 0.187177605041794 -0.0989781206922518
0.0314559896323078 -0.00166308090677644 0.0649896281390675 -0.263371362204369
0.012271788317523 0.00409189756456848 -0.15321974597761 -0.235874310130792
0.025975539850019 -0.00156424742953997 -0.227879812054483 -0.0657276291936815
0.0154296895553271 -0.0214922663129097 -0.185514000295905 0.0526505346726592
0.011096926014722 -0.0208872180783379 -0.137034390286888 0.0927462596561245
0.0285883901721098 -0.0318946261793734 -0.113546496272693 0.118745364482799
0.0556412271999395 -0.0085478509335014 -0.127962742337451 0.12976084173134
0.0498957604611395 0.0206726414751505 -0.17713483174103 0.100381217148677
0.056798236171524 0.0581549192783272 -0.237243175456056 0.010359439425001
-0.00667934321220284 0.112074451334749 -0.233647142342973 -0.102273782145085
-0.133768251611073 0.110178868636149 -0.175930734964879 -0.159968850574647
-0.216236547202503 0.0537007788489409 -0.259466548976571 -0.0858732102204975
-0.231219915970792 0.0475274960904745 -0.174870720675521 -0.125871127365802
-0.138527122495749 0.114377307082878 0.0365734641471194 0.100863992767866
-0.0132567243209104 0.136398733102019 0.223121166778084 -0.0791520194088565
0.0714891680443665 0.097039088425452 0.107802209782498 -0.271096286536261
0.0846689474641194 0.0439378363359477 -0.120572353844309 -0.257486464742206
0.0950118192939641 -0.00166257401742766 -0.207718366463075 -0.086403845955834
0.0731943045999075 -0.0532640808200104 -0.164560893574856 0.034320415297725
0.0552087141884935 -0.0593060772779094 -0.114883075711523 0.0754658389667136
0.0729710922056247 -0.0640382313701115 -0.0835919823397109 0.107220463688143
0.113414486975343 -0.0139307420773743 -0.088769105009218 0.13567806275732
0.104716119582647 0.0477304885379141 -0.139621471287854 0.131029231373786
0.095580986155338 0.125696902088476 -0.221422837852256 0.0655746630934566
-0.0291233254760745 0.184398130297764 -0.238681431383992 -0.0468763256714905
-0.207915742100477 0.138594525336728 -0.156927653750266 -0.115690715239394
-0.31389101029446 0.0452279475506668 -0.171813940799343 -0.0485681847199596
-0.29721977549717 -0.00851750882795988 -0.0719056485337662 -0.121673917226256
-0.249155908331478 0.101585153587476 0.0781472260540809 0.115496305192813
-0.0928040718001886 0.205710316396338 0.260486879300088 -0.0372013346813344
0.0817955015383851 0.197747573629088 0.162921075583573 -0.245965251953005
0.142789978882019 0.0949460514043275 -0.0568535620197828 -0.25913939202686
0.154637254320485 0.00914951080080737 -0.156139177291666 -0.108315345933785
0.124516794269465 -0.0735762524340014 -0.120538780187208 0.00562045044065648
0.0908591108113247 -0.0902917248524518 -0.0762574547815364 0.0470655837996392
0.102548515748657 -0.0923753000864763 -0.0411434004670495 0.0830733444413531
0.150834883934363 -0.0279581053614144 -0.0350316554132045 0.127971627105714
0.149621590106477 0.0540475406683234 -0.0809553006063159 0.153514480270922
0.14004154092749 0.164851894341732 -0.183905731435647 0.118432380857002
-0.0269762722805783 0.234342844462633 -0.228692347583729 0.0132525436901785
-0.239571870235466 0.162015031917434 -0.134482173188366 -0.0829000206791452
-0.361475981733524 0.0420002646421837 -0.0685709860514209 -0.0207188167655302
-0.307770286687188 -0.0644973869598173 0.0538234455711848 -0.0850039547786071
-0.313288923863888 0.0525052911187114 0.132771151072618 0.138759874661039
-0.170265347248359 0.219777265940818 0.282401247894518 0.0211307866653276
0.0550865967382023 0.263650327535563 0.213395544143444 -0.184295251506575
0.16686400368141 0.139769325790167 0.0230113396813929 -0.229056236630061
0.188814804787477 0.0263960835599088 -0.079028945039976 -0.120780421975034
0.156666565290968 -0.0781989634793192 -0.0583133211813348 -0.0246368779092698
0.113580999914348 -0.106861100902687 -0.0272624242188447 0.0129191263360072
0.117501867807695 -0.110226267629385 0.00878579786860957 0.0512305468315579
0.167121479544982 -0.041782707988829 0.0231885229356571 0.107344711977438
0.172795412781455 0.0517547095584977 -0.0167751310625741 0.158405350977255
0.161356652315525 0.181140056493371 -0.131277658820202 0.152606301218413
-0.0266471240905972 0.249250373558651 -0.202033012155131 0.0594655307634575
-0.243233999140677 0.158802013169797 -0.108542774667407 -0.063765283202121
-0.356741328892114 0.0260707083883869 0.0328441563957576 -4.03993440530379E-05
-0.258197467550233 -0.102124832899875 0.178252064633689 -0.0270179118297196
-0.305402938637793 -0.0128932579663167 0.184825569810423 0.16436497042301
-0.207308933076321 0.174581935010505 0.281139777931319 0.0823455658252
0.0116980890786959 0.265388204040484 0.239621226502591 -0.101862326613652
0.15048428750423 0.15739269044835 0.0971965187751804 -0.171438791697098
0.184999318339059 0.0391565522611686 0.00598337463625216 -0.119247738776489
0.161186511854268 -0.0698754272336087 0.00856420113250409 -0.0520519799897172
0.118723349798883 -0.107295409226379 0.0245837729891571 -0.0229673713486458
0.119585491809297 -0.112453359634035 0.0589172463556514 0.0153858050170526
0.163712194314338 -0.0464289838209412 0.0786134286914002 0.0803202811939885
0.171616964639768 0.0498314894404319 0.041969161102706 0.151674057146676
0.150356528773937 0.183448291310462 -0.0833323910173118 0.168034175900453
-0.0426335411905106 0.229347296570584 -0.169200304641334 0.0876081600898965
-0.230023023826055 0.120877784433833 -0.08249263808247 -0.0517819583389601
-0.305358082971829 -0.00774019054270928 0.118814963216295 0.0187517447251737
-0.160326818521949 -0.110155410693243 0.277046021438296 0.0367740662913292
-0.227524619069451 -0.0615002199047423 0.221534706420254 0.181992918987609
-0.185483563362517 0.100159461757489 0.260373531499307 0.129163132993546
-0.0173985742602733 0.209578976161433 0.241502283171386 -0.0273841275400432
0.10959204411495 0.135391935534625 0.150097294408713 -0.111627997237953
0.146992315376896 0.0391720371751209 0.0792258553936489 -0.111540690322361
0.135125108563346 -0.0541306934104413 0.0685961796266515 -0.0763052646038547
0.103477856821997 -0.0927034910033605 0.0724003186477708 -0.0552046471209993
0.106038301434898 -0.0986455495702573 0.106049700998602 -0.0171464113638684
0.14235180750992 -0.0424571113036107 0.127805786425532 0.0572671186393982
0.152071048481141 0.0482567723452563 0.089941926526949 0.146611382322292
0.11463320982457 0.171911596180849 -0.0461443816780142 0.177144844702698
-0.0683227615363057 0.183910902602161 -0.140288660777812 0.101970752009026
-0.201934342711295 0.0609087125681265 -0.0597820299255899 -0.0406914659534427
-0.217433777680837 -0.0505373150784004 0.180630334409724 0.0421919562110584
-0.03421121717634 -0.0944621794879023 0.334034311537827 0.0853104294917261
-0.108582601336477 -0.0811135508174206 0.237407820478585 0.182352682056217
-0.11717081174833 0.0266717161955083 0.236121543692816 0.153392745227234
-0.0249179643099081 0.11988117267511 0.235194145128042 0.0192497831501015
0.0587512001888418 0.0847243147311568 0.178094042083361 -0.0744502346912992
0.0867297946585293 0.0277274052876525 0.125784572981839 -0.108105121206055
0.0866879234164359 -0.0320857785187537 0.108064217106254 -0.0952479739055644
0.0718020527039868 -0.0639722740588326 0.107562071115523 -0.0797305123236197
0.0786408526872689 -0.0694438983961324 0.143242098008402 -0.0414063464244124
0.10473113581659 -0.0306071596437111 0.168008227744041 0.0437639415394052
0.11531726277509 0.0433808664311883 0.126941583818843 0.150987990470869
0.0656603432924235 0.141853829260357 -0.023744711346562 0.191665880397424
-0.0869118454378554 0.116758114403266 -0.124234524624655 0.113320175915303
-0.150936470279886 -0.00440665549528735 -0.0469772419554746 -0.0301847985329727
-0.102089724711578 -0.086680358345061 0.21110342571656 0.06887502604396
-0.00731794035721982 0.0976809561493041 -0.269536893452271 -0.0505353894842722
0.0812415274937301 0.043527180549823 0.0213981454768546 0.104531837036417
0.0687081611811095 -0.0580095195265536 0.173127151374777 -0.112302877137339
-0.0251709329063816 -0.0830198800099214 0.0428149230549196 -0.258807357310405
-0.0589549333815964 -0.0206232740761395 -0.173187213195916 -0.221688513141903
-0.039431996451968 0.00931749273781134 -0.238599933668071 -0.053773329101872
-0.0386652910195052 0.0191396920732748 -0.1916101793357 0.0656498760216876
-0.0340304196724506 0.0221194736207019 -0.144831676683852 0.107429532104308
-0.0279726147805072 -0.00127727784454794 -0.127383109902833 0.13017699434286
-0.0139043306334601 -0.0196727828438806 -0.148355096004157 0.132982082736214
-0.00434648644785511 -0.032011946694942 -0.198031037981388 0.0922223728918596
0.0432625148309176 -0.0349980244857048 -0.253318505303903 -0.0131360867635505
0.0603230606126735 0.0406915886709804 -0.243473576297142 -0.139745585600168
-0.0158427189078918 0.109541714677058 -0.211067045591023 -0.2147858151142
-0.0840904664936648 0.084861651825328 -0.3369227299729 -0.11714681608909
-0.132061902278322 0.0908021475304615 -0.251972415027937 -0.0978535376846934
-0.02019371348763 0.0973889970239578 0.0203641543024588 0.101777380967841
0.0452766432917695 0.0416198708887038 0.196388867852869 -0.109405248307838
0.0332318519628343 -0.00387947427892878 0.0638124153713933 -0.28067183225944
0.013243222896936 0.00363603959710378 -0.169102937623861 -0.247491132535143
0.0277961075378639 -0.00184406540528202 -0.243867793206509 -0.0646732657850964
0.015679344457277 -0.0228782363568794 -0.193685866948262 0.0601866396950427
0.01124918068232 -0.0214905371417775 -0.142233189915884 0.10253389597359
0.0291035142482859 -0.0347164843484774 -0.116411372199412 0.129859548780427
0.060099227222777 -0.0116070983868284 -0.13254621836384 0.141804628508948
0.0525006137506713 0.0205303855515073 -0.185657991574532 0.111941835874715
0.0603970074819591 0.0592955833598477 -0.250602605845981 0.0175515830013781
-0.003567936998368 0.118787801276914 -0.24804830561215 -0.103070951599824
-0.137651544537677 0.121081136714292 -0.190245650526591 -0.168131588547502
-0.225797018159466 0.0611966798357386 -0.277160727304739 -0.0848798910904384
-0.241870927313862 0.0557065797391097 -0.186942319153206 -0.125818235265463
-0.14291961813183 0.125319880426356 0.0425518483317276 0.108436846567285
-0.0103099993762554 0.143477794785683 0.235831099010444 -0.0892053244367561
0.0787259813675824 0.0990246056236094 0.108487178464881 -0.289390102569023
0.0913496233611701 0.0433292134413575 -0.135658849592941 -0.271427223755128
0.100548317445979 -0.00431332287595873 -0.221529788864873 -0.0863412404245296
0.0752120749209084 -0.058759251767381 -0.171506521647499 0.0403735802461639
0.0554720484063559 -0.0635862675436106 -0.118738396373333 0.0832871022889493
0.0742834921307544 -0.0699266865824929 -0.0855689978444219 0.117339406626573
0.120270940018711 -0.0183113846052671 -0.0897856620769998 0.146465197599649
0.112374331021478 0.0476717443056035 -0.144733995108755 0.143664287420146
0.104658814910614 0.129281771257085 -0.232618601340759 0.0750593296257318
-0.0264414409747867 0.195093592299717 -0.252330531599055 -0.0435922483537
-0.215897555828118 0.151912930644116 -0.169848248140889 -0.121084117342815
-0.328624596561817 0.0550530857202797 -0.184082215646952 -0.0489706526087606
-0.313620246316734 -0.000277053635564488 -0.0791265394754827 -0.124577021599918
-0.259528950697672 0.113890106979142 0.0866367793939862 0.122926500264687
-0.0923021153460107 0.218386856588794 0.275395408777409 -0.0456858517632544
0.092553399000976 0.204499861694953 0.168205184820928 -0.26424100119039
0.154510326926432 0.0952952464452376 -0.0680252731043461 -0.275108338704079
0.164155260675657 0.00476838940576804 -0.16766504484258 -0.110823124314168
0.128425564532335 -0.081455198920636 -0.126521182455781 0.00979022314249074
0.0924135926973446 -0.0966326374251663 -0.0789287057664616 0.0531004422686543
0.104604044267774 -0.100056137958284 -0.0403914125754889 0.0909873689918032
0.159684688858367 -0.0345107782299156 -0.033237332365122 0.136999199345417
0.159312019700143 0.0531012678673719 -0.0823488017088672 0.166353937536853
0.153124367910357 0.169278268155473 -0.190645502205657 0.130295177617861
-0.0223476040962593 0.24800658486691 -0.24047045019456 0.0208584617622014
-0.248967676378389 0.179107001814843 -0.145143942058479 -0.0869319553495377
-0.378135499808555 0.0523943094051135 -0.0746479647788299 -0.022526547395757
-0.326055286664952 -0.0591461365164781 0.0541147044011327 -0.0899719011850872
-0.329695253085755 0.0641113253306164 0.143433287580142 0.144915042325378
-0.172560065734019 0.234787001286533 0.299820307821518 0.016171774233877
0.0671413756508831 0.273727297174009 0.222364589823786 -0.199713617701023
0.180623722499884 0.141782048979445 0.0172962711572117 -0.244197981261813
0.200193356163442 0.0219789027986169 -0.0867713777494331 -0.12628740197556
0.162683044310302 -0.0872338392999532 -0.0620481893361434 -0.0250878342062739
0.115605879298205 -0.115529130556698 -0.0287745275154636 0.0144210602641745
0.119684989780343 -0.120450753626384 0.0104221184016649 0.0547949050649979
0.176484349296746 -0.0494787533422982 0.0270539949797492 0.113462227282826
0.18343533410449 0.0497749653483312 -0.0136772764174989 0.169256883370595
0.175984203948318 0.18539459634404 -0.134818395867189 0.164961005556753
-0.0219282809355028 0.263888962801833 -0.21022194322269 0.0697237034124382
-0.252635191044019 0.174789639319457 -0.117565888478837 -0.066643540744828
-0.373690156450188 0.035003087010154 0.0334373584625473 -0.00391899638920714
-0.275206023696404 -0.100615520135182 0.186761118691086 -0.030961478562781
-0.323355882921417 -0.00543732734820735 0.199389355163995 0.169485571407149
-0.213885310309326 0.188508643153982 0.298673540873237 0.0819739086593911
0.0213834706691842 0.277783073009861 0.251225405381579 -0.113207301182051
0.164108920664641 0.161088906441664 0.097798243647018 -0.186103585518552
0.197036809693968 0.035670271406209 0.00345490609146724 -0.127421186343252
0.167676952777168 -0.0799402059607128 0.00759580559905022 -0.0569120901964933
0.119454812426711 -0.11594302823933 0.0255178805587743 -0.0252265114486899
0.12112665027132 -0.122665146223884 0.0629597435639081 0.0160305671399036
0.171954687302262 -0.0541581881044759 0.0853901158288532 0.0834897477190943
0.182830662070578 0.0475705266106592 0.0477163501166156 0.161026527497511
0.165882048116745 0.187164223231214 -0.0838527348876812 0.180837200141883
-0.0397169008017842 0.244150745038283 -0.175116885491759 0.0981762596090598
-0.239767357406025 0.133669085805247 -0.0896835866298366 -0.0540967831995783
-0.320910227872178 -0.00146991379891664 0.124975875558857 0.0129877756646287
-0.17217436608266 -0.11232766908443 0.293113531510808 0.0318955867024525
-0.241866340892643 -0.0590913440810559 0.238066883603199 0.188090962310436
-0.192646167782947 0.109207280512684 0.277995550190326 0.131681602942786
-0.011946755121512 0.219486675745131 0.255221617001342 -0.0339512794922792
0.120594432449595 0.139508575245277 0.155658144599097 -0.123479186372
0.157534338033402 0.0372122354889279 0.0810253120046961 -0.121142812933116
0.140990891983125 -0.0610925331233332 0.0706414707663873 -0.0844443163190834
0.104481546496861 -0.100142263617427 0.0744462834359131 -0.0614339351452491
0.106691431163825 -0.107429172717421 0.111684083360166 -0.0207886045179146
0.149089146171837 -0.048762001416865 0.137114311902975 0.0569672701982559
0.161537921089995 0.0461519156213794 0.0987289640811257 0.154611133569938
0.127721494730631 0.176301332332779 -0.0444028912594046 0.188880679616809
-0.0676685380342127 0.195582514884665 -0.14534077229781 0.113503909420851
-0.211460517539347 0.069457116217084 -0.0652907228917761 -0.043305304870778
-0.229489408860483 -0.048642067498475 0.191023648378336 0.036327919721993
-0.0384991079321121 -0.0983814956343691 0.354415144847803 0.0811884330289255
-0.116564836965961 -0.0837876729564225 0.254989090285507 0.186873305182146
-0.123082738336462 0.0304977168095372 0.253200558608516 0.156645675091733
-0.0219998044599496 0.125138649487318 0.24959940053778 0.0143067828173536
0.0651422698743718 0.0878653001151835 0.187964025308149 -0.0836049841441667
0.09275830202617 0.0269217594053994 0.130924686592207 -0.118839569794594
0.0904318582288832 -0.0369498154649944 0.111766398996182 -0.105425256825826
0.0723365080086436 -0.0689666567864559 0.110999188726566 -0.0878658960419321
0.0790048213425512 -0.0763786028619619 0.150206892742903 -0.0482498095575999
0.109322524665349 -0.035956852057478 0.179179222236968 0.0410129649206719
0.122764865003191 0.0422748155710391 0.13792406640437 0.157814077582362
0.0736520385927841 0.14664158742449 -0.0201243283351745 0.203488730178632
-0.0888352275820862 0.12610886720785 -0.128426646700194 0.123900208960184
-0.158937960412197 -0.000914837142630369 -0.0519101955325928 -0.0316008693575697
-0.108585302976229 -0.0902508687113607 0.224213804224974 0.0643138843988441
-0.00129887186105837 0.100754464536533 -0.282341444563037 -0.0353949980334836
0.0881214207006796 0.0409716403652445 0.0300580936769616 0.108601754207017
0.0680258346335806 -0.0638005771613079 0.176034071346478 -0.12732690772367
-0.0323536021277831 -0.0859886879114989 0.0320095185430283 -0.274765608375452
-0.0623264301557239 -0.0180918278798725 -0.194955763572463 -0.223144660150003
-0.0400195574135411 0.0114444366780917 -0.253884868311433 -0.043726911740867
-0.0390647227222516 0.0222265605722151 -0.19564778600554 0.0785533609905324
-0.0329483781953175 0.0254251625426203 -0.145043638479973 0.121211267282458
-0.0293365285291884 0.00050303854090514 -0.12485098727664 0.144677925942542
-0.0155647088858464 -0.0202368785221859 -0.147438428278719 0.148704663388271
-0.00723101527873894 -0.0323430805961449 -0.202114306846226 0.108076555838975
0.042025050061125 -0.0387324885692627 -0.265958020580366 9.45250068976249E-05
0.0659963078767837 0.0389834956498669 -0.260847890148141 -0.134276662597045
-0.00946148956992263 0.115734733913052 -0.232652398127083 -0.216078310388256
-0.082431540947483 0.0919299220871907 -0.359927108149527 -0.1037933872474
-0.132111418248499 0.100944490113951 -0.266999364539865 -0.0850654743693068
-0.0143584270779705 0.103147033285746 0.0284495758045946 0.106440772847215
0.049449285925674 0.040976206326495 0.200706721462051 -0.125462471670154
0.0337458044395937 -0.00791202112663253 0.052139832243654 -0.297517852945283
0.0149879505238706 0.00190116180294307 -0.191816984592884 -0.250164851527584
0.029440917981525 -0.00409943587682386 -0.258488270835255 -0.0551278525972113
0.0148974292417102 -0.0247302923349399 -0.196928505639581 0.0735283310408277
0.0114327541003888 -0.0226516463168665 -0.141492765464466 0.116704922038113
0.0278301117888975 -0.0378474972935934 -0.113439145392471 0.144245007906619
0.0629926310793715 -0.0164718238472326 -0.130593457644203 0.15761827584108
0.0562139548617833 0.0192851932962361 -0.187724276049456 0.128548712671132
0.0662522331667831 0.0584897255862384 -0.261161541313922 0.0321849994634221
0.00300668162012758 0.123551760056093 -0.263695836335744 -0.0954336781097445
-0.136526413104891 0.134638920483184 -0.209660939913226 -0.168141181560348
-0.231044993610384 0.0750489111560224 -0.295347198749741 -0.0739215008201219
-0.248294613189236 0.0715496966847074 -0.201974158327447 -0.117932174733313
-0.141829564214547 0.139246765154268 0.051724411229651 0.112962833751671
-0.00170557462809881 0.149859865233106 0.242762945260094 -0.106255988690914
0.0876865302055991 0.0964512130311399 0.0972342130609361 -0.308258321680079
0.0986698764857936 0.0387749488345121 -0.158181702142546 -0.277381857902084
0.105393078967877 -0.0109951488167534 -0.236662789507578 -0.0786852771901369
0.0747138786486172 -0.0658844083203062 -0.175594268724607 0.0520011730712897
0.0544415797988484 -0.0689013849520853 -0.118612336653759 0.0945742444599395
0.0731742103297518 -0.077682456616413 -0.0813921674608733 0.128909125930683
0.125948472806359 -0.0271564771570909 -0.0858600018235841 0.159134007629294
0.119799589466123 0.0446022170491779 -0.143236526948459 0.160185548185353
0.117035405333284 0.128011699161156 -0.238911334544983 0.0915662015695374
-0.0165663148603079 0.204661871439885 -0.26487138814088 -0.0316086254624394
-0.21664139937471 0.171495127386546 -0.18566402659299 -0.119891345149248
-0.33725611744589 0.0745667521025995 -0.196486372684979 -0.0422945511758639
-0.325902047107514 0.0178321419728826 -0.089504620264935 -0.123403327433676
-0.264676135191568 0.13470814283893 0.0983284279080623 0.125726746584677
-0.0830950008322657 0.232324403040713 0.286499118618196 -0.0620733025618094
0.10925241912635 0.205131339083169 0.161117731815295 -0.285982156474043
0.167571672521973 0.0889039429426434 -0.0893179147395889 -0.285733179771313
0.172565310797752 -0.00484406327668685 -0.18216493923653 -0.106826551047676
0.129325723599002 -0.0932741695661993 -0.130858915677676 0.0164310952389997
0.0898923779240224 -0.104938058205837 -0.0794580867720031 0.0593140115871387
0.102307747264519 -0.111351386962976 -0.0363615225945726 0.098750316522102
0.165794194968218 -0.0467684761725031 -0.0269979835617276 0.145841568281641
0.169407209859696 0.0468361746453216 -0.0764641636442573 0.180080373771632
0.169621369615649 0.165752410960107 -0.191973350136614 0.147368814214785
-0.00924858453969462 0.259900158186352 -0.24894161589298 0.0363285638397523
-0.249805557370208 0.201301726297846 -0.157337490657559 -0.0851293341309659
-0.389988742650535 0.0739786139914731 -0.0812719935848502 -0.0210655708672945
-0.343137071478643 -0.0437159605533742 0.0515663363786249 -0.095697700308536
-0.341521141582548 0.0858382960972569 0.157855671941385 0.14550741148748
-0.166407061068221 0.253173380462336 0.314148462611639 0.0019256214868241
0.0867519628913599 0.2790252239509 0.221516458847751 -0.221794065798704
0.198082044015441 0.136548947684441 0.00149685819280834 -0.258507343607825
0.21172371527951 0.0110115749398908 -0.0983351466267536 -0.127590207333041
0.164877934230102 -0.101836292712667 -0.0659387393199097 -0.0232216438011313
0.112743612274576 -0.125667182811495 -0.0286520696899328 0.0165773105250484
0.11631832309973 -0.132217959542333 0.0149382818841537 0.0576978182929469
0.181824683758589 -0.0623162261925179 0.0353985195694902 0.117194892182099
0.194390046227527 0.0414123198156386 -0.00468006421207825 0.180133850343877
0.195640875843347 0.181070394763754 -0.13239763054377 0.180389074495786
-0.00774984990986064 0.276384777502322 -0.215054080222665 0.0861678768090953
-0.253141232850394 0.196311108892443 -0.128274071890816 -0.0647706449425201
-0.385392177643475 0.0565509862644258 0.0324397446691576 -0.00951833969643298
-0.291362225914816 -0.0891263652997165 0.192548483406843 -0.041858682113206
-0.337734034476939 0.0127001092120683 0.217001037534798 0.16745414251402
-0.211737539540436 0.207881352363806 0.316377349262504 0.06947553026454
0.0392717718823404 0.286150711098621 0.256569018450587 -0.131899761870443
0.18158306004328 0.157383472858832 0.0899638324932144 -0.201835453669202
0.208533535651998 0.024984510830232 -0.00485231460818703 -0.134902986458566
0.169552835859466 -0.0931758553767648 0.00573880972415926 -0.0614143624141494
0.116508740537149 -0.127227572508824 0.0248775859557124 -0.0286032013411128
0.116378142144541 -0.135368405309756 0.0669262169482892 0.01305321847722
0.176906919945447 -0.0676844646413432 0.0934643251988126 0.0824421899974026
0.193798073259504 0.0384302233344121 0.059032174800914 0.167545189962383
0.184685915725563 0.183820932322355 -0.0771513652965277 0.194021467520558
-0.0268900981775981 0.256810764461603 -0.176110975624863 0.114366775002382
-0.242715551151901 0.153414001316209 -0.0986607839737373 -0.0530449804464384
-0.332457205969114 0.0155944739190468 0.129551235841262 0.00311418255788697
-0.184931144463991 -0.106900667822116 0.307600516117264 0.0183387498357596
-0.255784560342715 -0.0478174540445271 0.257618811708067 0.183172325113359
-0.194681792116662 0.124103977560531 0.296957797806867 0.12342906396093
0.00124006985871188 0.227406029193281 0.264645466423376 -0.0492671885057477
0.134910287502371 0.137884791727036 0.15580507567215 -0.139657073034538
0.16747168573284 0.0285705402718537 0.078166766868047 -0.132885187741568
0.143618980775086 -0.0728665059624808 0.0694298579948471 -0.0948418707658795
0.10167242484585 -0.109961036074528 0.0736882947450267 -0.0698246871855689
0.103224756274192 -0.11872401007581 0.115145112461978 -0.0285925076954001
0.152551162888574 -0.0609409287656158 0.14571803369124 0.0515246396373889
0.171400311556645 0.0379153546053639 0.111923848865987 0.157594449667993
0.144478670981997 0.174623901327395 -0.0363887679071652 0.20086399470152
-0.0597710444287399 0.208908422072427 -0.143793030047898 0.1276485854344
-0.216078630020629 0.0840651639916448 -0.0729809577227497 -0.0421924255166129
-0.240585099772436 -0.0393103707337467 0.199999298219745 0.0233516747986066
-0.0451576054220438 -0.100532342560052 0.373640048102859 0.0661160341772183
-0.125894195810693 -0.0801276506454925 0.274501971543544 0.182402805107926
-0.126410737300854 0.0380220482205117 0.27209304533961 0.151558588883014
-0.0150116059389312 0.130533912770365 0.262155188814524 0.00248541984990492
0.0739728036887134 0.0873145073240264 0.192477568084108 -0.0991882437102764
0.0992394212226394 0.0219187231687629 0.129964321402992 -0.133136433416695
0.092036551344862 -0.0438255707310492 0.110699824769934 -0.120103691655982
0.06972724679046 -0.0749125710150322 0.10957477194112 -0.0999565255932098
0.0753110936301283 -0.0838042294223779 0.15402447674041 -0.0593001803672759
0.111964819449569 -0.0439045341609167 0.189112350384852 0.0326167114376286
0.13054896442055 0.0357607430985083 0.153268517233419 0.158560973389708
0.0866607686303757 0.147427428822745 -0.0105439349039019 0.214725747606603
-0.0860827740472345 0.137399648113508 -0.126699878967357 0.137665666565463
-0.165133136641072 0.00758421160178448 -0.0573197880736424 -0.0310957200154393
-0.117597769637161 -0.0888382201830453 0.236438305896455 0.0512207046847785
0.00495458745938559 0.10025659930779 -0.286135937895672 -0.0155579373261402
0.0922191019272637 0.0361834069004302 0.0391375607879839 0.10923180770881
0.0651378201416521 -0.0685181510562621 0.17179459839665 -0.140792743515398
-0.039488927541329 -0.084765317737631 0.0157492662320241 -0.281941704793933
-0.0647279340008222 -0.015280872838385 -0.21409528421841 -0.215083341265957
-0.0402684525337105 0.0128110909887129 -0.262261986588541 -0.0290308011992356
-0.0375177149445809 0.0251393369758519 -0.192640243673123 0.0910733767484709
-0.0312551480652322 0.0274586543509291 -0.13886872322489 0.1331487351987
-0.0289950571293386 0.00234323903125279 -0.117025226476433 0.156205374294496
-0.0164692262476527 -0.0202594842741751 -0.140096836057931 0.161702866604782
-0.0097012962822683 -0.0312280497196086 -0.198554162293832 0.122299440362872
0.0400705859265462 -0.0419406412067232 -0.269966375085241 0.016885674504277
0.0683770938632474 0.0348852710724085 -0.271876501275548 -0.12178365712957
-0.0016793326667908 0.118764553319573 -0.250741472532196 -0.207740480766316
-0.0776858404653068 0.096348372107634 -0.371501950753259 -0.0822667710228905
-0.126600628190641 0.110124684884815 -0.274867970760204 -0.0663943625421849
-0.00801719204792987 0.10565066499498 0.0382254817692138 0.107809662175221
0.0536237239416306 0.0385134822941952 0.196999991925457 -0.139695996926007
0.0325807696112911 -0.0106810736854893 0.0345061222231284 -0.306460410060972
0.0151442456638339 0.000670989774501304 -0.21324627371183 -0.243085054292139
0.0297405588454158 -0.00701976796166707 -0.267125707605674 -0.0394373188947913
0.0134250423201545 -0.0264879791134809 -0.194357937604764 0.0865207578213433
0.0109672397016478 -0.0237810527565218 -0.135902175136112 0.128229300162209
0.026124512798509 -0.0407883102707693 -0.105450091843853 0.154706261573475
0.0640294975939856 -0.0216990242044304 -0.121876542132096 0.169101419153583
0.0584818637542843 0.0168180372380614 -0.182486111399091 0.143175027836514
0.0706041099691155 0.054566042762918 -0.262929355829674 0.0496445876392795
0.0106176114023592 0.124370498063692 -0.271818520124259 -0.0814943780310576
-0.129029373163045 0.145614583970314 -0.224425383248686 -0.159925891495986
-0.228245586855193 0.0889001273447258 -0.305278855365088 -0.0567351367396428
-0.246015019067727 0.0877420928031661 -0.211367045967744 -0.104883105479831
-0.134348961750662 0.150579372115412 0.0607402822754638 0.113029140028119
0.0087557792497166 0.151437053633426 0.240863942653659 -0.122569908780465
0.0947046704336474 0.0893804144072395 0.0808702091032793 -0.319915464410799
0.102936155616315 0.0320991714219158 -0.181955633173621 -0.271932665507902
0.107217999230571 -0.0189457537307329 -0.246155516266496 -0.0649885149246482
0.0706328173062973 -0.0723347545852687 -0.174007227233701 0.0630219865431389
0.0506080258562655 -0.0728616538071868 -0.114132728544408 0.104301331544302
0.0681227806630965 -0.0842482593823053 -0.073535997660624 0.137623373416572
0.126964466582239 -0.0375167891359468 -0.0767118798755236 0.168458379764949
0.124601502261936 0.0374668568040124 -0.134993849439376 0.173673109917958
0.126515938995797 0.121728297618618 -0.236844601688714 0.108649113228677
-0.00440758582070243 0.207715948809711 -0.269555078810794 -0.0157747168544034
-0.20886210637015 0.18816187638259 -0.19775025632188 -0.113004244829697
-0.33567751545606 0.095180563936261 -0.204104411995833 -0.0322877196323987
-0.328074917828655 0.0388029896374374 -0.0981125822465867 -0.117374893758382
-0.259213838935986 0.153828688240085 0.10766515370381 0.123182503591882
-0.0678817316022441 0.239599146912702 0.287829415859482 -0.0804883033113979
0.123566325202198 0.197679853941846 0.145858174048724 -0.300096927372136
0.176324003094466 0.0776078902349193 -0.112134009151686 -0.285029768539159
0.176302196031471 -0.0171454632227111 -0.192094942755113 -0.0973367533460157
0.123889075551658 -0.103522384298774 -0.130932503875074 0.0239856255524919
0.083768173456532 -0.111267495357024 -0.0763671160219822 0.0656545836460656
0.0951777680285894 -0.119410540142081 -0.0296005197475232 0.103348281963194
0.166173420250645 -0.0590216419443483 -0.0180862314256794 0.150774769353042
0.174902557665058 0.0366231910227728 -0.0663017294947937 0.190264991611386
0.182905061119383 0.155967833052982 -0.185983990069361 0.162060486534213
0.00702572314513069 0.263838228670912 -0.248104968129003 0.0525094932741192
-0.240253679232437 0.219838581457682 -0.167911885401408 -0.0778261444697419
-0.388632657986592 0.0973189414019985 -0.0855334131499456 -0.0187914390918517
-0.349054164015186 -0.0219152323514085 0.0462187305170748 -0.0992104535044078
-0.340871851937737 0.108661748431668 0.168895589760096 0.138732420982613
-0.151424819030865 0.266790458170206 0.319980285974657 -0.0170687973558003
0.106055364894734 0.274584607242251 0.210869526577337 -0.239013740263961
0.210675598506686 0.124109898176313 -0.0180767376488297 -0.263436510344061
0.217046464099308 -0.00459084691988197 -0.108522450491025 -0.124080358418589
0.159612140538661 -0.114676311617646 -0.0680130203528715 -0.0207883629518542
0.104659303138969 -0.133623990687254 -0.0284524435770023 0.0183856791549996
0.107285845772109 -0.141485811656691 0.0195313641256689 0.0591585717167562
0.180803878717804 -0.0762330483497012 0.0426955877817708 0.11734839995266
0.200592210493922 0.0291818847290511 0.0073355913255607 0.18594602292128
0.21074779512183 0.168582758256577 -0.123249795001369 0.192427185561796
0.00938848153219847 0.281286349640786 -0.210475877880157 0.101278599022146
-0.245183269829268 0.215225875777715 -0.136253690745133 -0.0585629287123937
-0.385352883504884 0.0796085098612076 0.0305875457481534 -0.0140047970304648
-0.300920359193092 -0.0716564597549833 0.192541042236208 -0.0537183039391099
-0.342011731766369 0.0340108126269587 0.22817337196137 0.157561897252826
-0.201416225569505 0.223151887164784 0.325217786077833 0.0523477307590455
0.0582612051920563 0.284236183898016 0.252809268213276 -0.150122886108088
0.195814300475755 0.146874958709149 0.0759904753823224 -0.212382716262996
0.214769177417605 0.0105899860041958 -0.013469382468191 -0.137674575320737
0.164852637843597 -0.10668892381187 0.00183609295876686 -0.0647006873859424
0.108335189816416 -0.134995251894412 0.0227797842746139 -0.0318150330425301
0.106957582995599 -0.143814813067814 0.0692788134447482 0.00965941414299843
0.174948580105277 -0.0815668420097802 0.100046422534762 0.0780636864084119
0.198903909863693 0.0261505499946241 0.0715680256115899 0.168845298112738
0.200599987806783 0.172310140452396 -0.06691033994089 0.202001509668033
-0.010915817696467 0.262384124278734 -0.169946785732071 0.127833365601357
-0.236385393983955 0.170607456233641 -0.105153806520378 -0.0476861303221282
-0.334486169136666 0.0353143335782841 0.129598770172814 -0.00808614417538575
-0.193296332570591 -0.0961850244013236 0.312196826817235 -4.27705894458601E-05
-0.263112133297156 -0.032655059932837 0.270915216876907 0.169970177910179
-0.189490107630776 0.137007638168797 0.308236624180337 0.108274272181869
0.0161223208398785 0.227380151055279 0.265367652916504 -0.0662210843557961
0.147107604444502 0.129950890987268 0.147818362245972 -0.152859678922181
0.172957162755347 0.01724558343331 0.0705627996502453 -0.141127043004971
0.139974979245785 -0.0839348355869805 0.0639518086690136 -0.103145223611133
0.0941276778866215 -0.116399036220489 0.0693640195013043 -0.0765156642856141
0.0944105081097922 -0.125514404003388 0.115281153723185 -0.036220043064947
0.150635570627059 -0.0716541284598008 0.150962320167837 0.0430745335168286
0.17581566729272 0.0268560163246244 0.12388370461367 0.155033873597011
0.15892230627562 0.165824009422562 -0.0249985937698398 0.207223085673049
-0.0467619962800315 0.215977134501785 -0.136892428618359 0.13971186047167
-0.213625103668648 0.0992210244983776 -0.0780004257182467 -0.0388854646447387
-0.244785013005413 -0.02565389983742 0.201974533644382 0.00695932000608898
-0.0513392443375312 -0.0991062656801391 0.382709325653642 0.0432374374148914
-0.132735185352006 -0.0735406001646075 0.287331412350018 0.167611828824274
-0.125969459892591 0.045936441198708 0.28524102818838 0.138735705577245
-0.00667173467377777 0.130683428419971 0.265928825308445 -0.0140495909617109
0.0819055187762674 0.083682129395249 0.189141010074145 -0.113826223085114
0.102479535478714 0.0153843919142011 0.123696744796226 -0.145386425107144
0.0900907232472385 -0.0503601391059643 0.103895574370326 -0.131594225584681
0.0641189785033513 -0.0794647409029043 0.103647269302302 -0.11005578231096
0.0686992926351648 -0.0892384073713092 0.152265896146405 -0.0707150711303347
0.109904895419335 -0.0522117837266468 0.1935792616324 0.0217280246315882
0.134139156721715 0.0268406200082429 0.166045233420371 0.152930653666301
0.0982194693245318 0.142331846326391 0.00259456957990482 0.21918371482545
-0.0785941899420617 0.145714439320303 -0.119321131697108 0.148634003597521
-0.166731005199207 0.0177360843412768 -0.0616046649172943 -0.0280689187507884
-0.12443590815768 -0.0831771253666535 0.241249917486668 0.0327516946312704
0.00883294983198262 0.0975284829869081 -0.282936764046106 -0.00116040281962865
0.0935511949212963 0.0316400336602353 0.0453657198865693 0.107504927368327
0.0615673420632444 -0.0709990625284508 0.165393157421113 -0.147911720809017
-0.0442907079045678 -0.0819279852660106 0.00515743376039036 -0.28255480569228
-0.0653228005253848 -0.0123173979924391 -0.223156450788186 -0.204133507721532
-0.039740311499285 0.014087195008009 -0.263823589822028 -0.0167666369158907
-0.0363219643361784 0.0262996198380028 -0.187116004850665 0.098958950216062
-0.0283426882079711 0.0288119482700154 -0.130977248918528 0.139992216020995
-0.0285920270470427 0.00383401094828138 -0.108154227273765 0.162036869170995
-0.0172390802807401 -0.0199444526955376 -0.131909889021868 0.168555302127201
-0.0112198842748814 -0.0295846208036609 -0.191778456297815 0.129985972230074
0.0369695572000201 -0.0432028012974499 -0.266832733628961 0.0288881388261218
0.0698178352981596 0.0310121893890448 -0.274553934301763 -0.112562656816238
0.00522252063028227 0.118741184884038 -0.258032668736792 -0.198175543434673
-0.0732796585609618 0.0970566694716139 -0.372714017376595 -0.0647308267089968
-0.120183804376469 0.1132739816422 -0.274105344155414 -0.0521885454302654
-0.00282179561050491 0.104767349326089 0.044101999578464 0.107098262475937
0.0555052018424415 0.0355442045471127 0.190930829081265 -0.147628524612286
0.0307662843890702 -0.0123933565432222 0.0219123095830151 -0.307520260176256
0.0145938001195141 -0.00108134073090994 -0.225002386048571 -0.232028375091314
0.0297229981403182 -0.00986622749880885 -0.268731289815488 -0.0276766804342569
0.0117416609634152 -0.0264743770024503 -0.188701824642628 0.0939941837655032
0.010189233622195 -0.0238029852223672 -0.128810085470635 0.134727138910359
0.0234651046392918 -0.0423324636740548 -0.0969138406282848 0.159945676348839
0.0627282179737757 -0.0259158256481228 -0.113263423565002 0.174334353316733
0.0588085413481018 0.014988750383996 -0.174702407965204 0.151142855037872
0.0717265750016434 0.0505803625202726 -0.258836199076327 0.0609999045938611
0.0154646193076981 0.122579134779398 -0.2722246598406 -0.0708960998788731
-0.120876772638125 0.150265410852245 -0.230499575258482 -0.151518250723276
-0.221607244846135 0.096648489264865 -0.306502359169064 -0.0434555573916622
-0.239000317600472 0.0975807530564728 -0.213396820917811 -0.0924437946398001
-0.126044742132496 0.155567166265 0.0664775311457296 0.111448684700361
0.0168593944654612 0.149097465121052 0.234246233956285 -0.132560881172125
0.0975055204098028 0.08290624117445 0.0660898629884582 -0.321752224670948
0.103548538407188 0.0252848835196463 -0.196075305067979 -0.261336825666851
0.106129908525081 -0.0250870605505655 -0.248323005249747 -0.0537607210670312
0.0663740008423731 -0.0746505559339822 -0.169981487771938 0.0695444427540168
0.0470240130940842 -0.0738139764221791 -0.108383332868762 0.108594332504711
0.0632305660479568 -0.0866083319772801 -0.0658399185913306 0.141055985496542
0.124936685131358 -0.0443431163915903 -0.0685565819423505 0.171818187396982
0.125769021096085 0.0323963891903412 -0.126412225664406 0.179676659360994
0.131374684730917 0.114151371222593 -0.230640249709955 0.117968895881475
0.00496798533722895 0.206083684129738 -0.267161582490622 -0.00466511836861938
-0.198612484665276 0.196032297321251 -0.20306082663533 -0.106079037426338
-0.328390995004217 0.106848385610891 -0.205507135444229 -0.0236066282205367
-0.321550438725151 0.0525506742156809 -0.102500109530964 -0.110531042894305
-0.250590947793995 0.164056381407467 0.11190496130961 0.119729222113055
-0.055239822534025 0.239236694883397 0.283414826306512 -0.0916921256513614
0.131023774501405 0.188877570042564 0.131218297438221 -0.305216901602406
0.179352357260174 0.0675634736399093 -0.128614990454534 -0.277284008869352
0.175559258483668 -0.02745209287096 -0.196429713865596 -0.0882898712174714
0.117045090746683 -0.108912438343447 -0.128102623393031 0.0290676321669439
0.0776262087469987 -0.113665042712728 -0.0728839796776923 0.0681797233931568
0.0876685356416376 -0.122537297814698 -0.0236108133591907 0.105286435621547
0.162540690520878 -0.0679685350373415 -0.0102967741229763 0.151646269568601
0.175754852595605 0.0289548437337646 -0.0564531233090411 0.194479040163391
0.18954294744075 0.144656576156345 -0.178935911038851 0.168981673229434
0.0183423058497091 0.261079305418598 -0.243036861201365 0.0621023423342491
-0.229063092172514 0.22874963640246 -0.172674942601874 -0.0722362748683218
-0.379179006962607 0.111851871006691 -0.08792491386863 -0.0167369764691571
-0.344760341461477 -0.00620819961824808 0.041143209099223 -0.0986854473538373
-0.332973916272519 0.122698029802921 0.172279228158574 0.132375045854446
-0.137468075182323 0.269686576693069 0.316318972480483 -0.0300252146377958
0.117449145704049 0.264831279768414 0.19890619488548 -0.246378962229164
0.215303961992809 0.111712576922685 -0.0327982738736089 -0.261187099071858
0.216564353349077 -0.0158939117267964 -0.114269094957224 -0.118260005560917
0.152207418587221 -0.122033331768425 -0.0688496549783554 -0.0189420873626805
0.097328251229787 -0.136524550187704 -0.0277295271605588 0.0182959726877879
0.0979343665384885 -0.144599357473665 0.022956052138232 0.0579898073919729
0.176230493721341 -0.0855670107503524 0.0476352172406438 0.115491191681357
0.200456835575971 0.0198256336819588 0.0161437521593992 0.186256090792195
0.218236699688861 0.154614400667953 -0.115447572536132 0.197460541181133
0.0219421367646125 0.277759514807161 -0.203117141607578 0.110571177197709
-0.233453451348332 0.224967181834203 -0.140094090944672 -0.0529047498383686
-0.377182205503876 0.0940864548812685 0.0270362047723409 -0.017520325008981
-0.299336380068726 -0.0567827308036338 0.187923109137311 -0.0604115886899859
-0.337728900046324 0.0494518697512573 0.232144978352965 0.147336556232823
-0.189643834055616 0.228551722858069 0.324432558407243 0.0397665657332843
0.0709347694126749 0.276638692203992 0.243537712287968 -0.159463407687073
0.202233406617462 0.134635572164044 0.0634053369561387 -0.213984624001629
0.21452416008001 -0.00105256570382429 -0.0200440639902269 -0.136589894046103
0.158811311051829 -0.114852601648906 -0.00115982331826118 -0.0668348112010976
0.100507741288071 -0.137795039656172 0.0203915771458471 -0.0333001750287906
0.0974409832826914 -0.147313587438597 0.0695199913586652 0.0062602306464326
0.169221691933822 -0.089966211775984 0.103317393295571 0.0734765404283345
0.19894522747161 0.0170660345070172 0.0796627762039682 0.166163227103867
0.207636251218718 0.1591670323238 -0.0585902071177104 0.204849875539204
0.00130840325955721 0.261206685636646 -0.160787514347094 0.134973217033501
-0.22681075106546 0.179992010982251 -0.108332284583415 -0.0430655741866624
-0.328064681132745 0.0473278996830804 0.125381664144148 -0.0171298440628856
-0.194654737609181 -0.0872999828071312 0.308784137145085 -0.0129923732476949
-0.262263464562467 -0.0207343782368678 0.274281965718392 0.158622720108954
-0.181545514792959 0.143730224509988 0.310377947392005 0.0954474283800258
0.0264138078803886 0.222700776518758 0.260808757209406 -0.0763951702684901
0.15320901663447 0.121388861941436 0.138377598312537 -0.158914699249984
0.173023163236644 0.00744218499673717 0.0634411944730644 -0.1442212330642
0.134105189090361 -0.0907070802869409 0.0578397611849854 -0.108233195594695
0.0870735276733989 -0.11833109893572 0.0642776005089849 -0.0809280809130966
0.0855654188438507 -0.128147589613095 0.112722691366621 -0.0417180049987381
0.14528536620591 -0.0791033474803801 0.151695694599627 0.0357294237518743
0.175757463604429 0.0177445583181215 0.131378328912651 0.149618566667148
0.16635768578119 0.154856189857651 -0.0167043452510776 0.208209379921513
-0.0354446305970679 0.216883923937206 -0.12878776595127 0.145653525170623
-0.207889947697042 0.107660455273823 -0.0808911654778682 -0.0351620443392241
-0.243197899234814 -0.0158479347936752 0.19889759229696 -0.00530445426040333
-0.0547270248710555 -0.0961487543257768 0.381079225599362 0.0264202516458639
-0.134766612729148 -0.0678638990130331 0.289691140762101 0.154873691715025
-0.123119944351521 0.0510120738555797 0.288332877475561 0.127339653039229
-0.00122411213187343 0.128300938124664 0.263588504989257 -0.0246945470271857
0.0864054235655731 0.0780023863978837 0.182670388742373 -0.122964227688231
0.10306100893149 0.00942831682724805 0.116600852110923 -0.151341987384268
0.0860947846951724 -0.0544933838201671 0.0959984776051989 -0.138448477112751
0.0588716646410074 -0.0809162542721625 0.0960534382755839 -0.115338789925489
0.0625047145375956 -0.0905502540589218 0.146509934893092 -0.0774674912970473
0.105688214928907 -0.0576835473945901 0.192415290623603 0.0120928910089162
0.134065470299682 0.0196952095489655 0.172732863172832 0.145493824003275
0.104348085301855 0.13564014271816 0.0115035605005539 0.219083054929902
-0.0705307882220003 0.14856634813418 -0.111649750963887 0.153749078240725
-0.164535339504021 0.0241283516308453 -0.064133966435271 -0.0254582580044038
-0.125813107230433 -0.0777994499857654 0.238776475180394 0.018606457573498
0.0037258010403765 0.0999003123988272 -0.275780674335618 -0.0111344381250607
0.0929547264285309 0.0344468631278708 0.0431645556815875 0.106106250889905
0.0631326457824101 -0.0696203824047883 0.166767817459387 -0.141962444057066
-0.0439426096107179 -0.0810051351759395 0.0114275243020534 -0.282485736144696
-0.0650673535120149 -0.0118672552130857 -0.218208202105653 -0.205340681940368
-0.0400244936657864 0.013262528642782 -0.259863641007205 -0.0219981124137498
-0.03913184066279 0.0259015690922308 -0.188108691080684 0.0941115661452809
-0.0293702345517086 0.0280984441470785 -0.132021382372483 0.138830187784699
-0.0296779203493493 0.00426254469370081 -0.110242976182096 0.161354767063234
-0.0171866422599108 -0.0197979045061838 -0.133896726310477 0.165357876750582
-0.0111924417205417 -0.0276240686763265 -0.192901333609616 0.122711909599967
0.0328479369782881 -0.0397165310774731 -0.262324690911815 0.0196946952693391
0.0639494537236426 0.0305804706376071 -0.264365000909389 -0.121021903479
-0.000144081283577143 0.115143757672245 -0.251591734308826 -0.208158048546878
-0.07851183147581 0.0961613176845677 -0.36699661706195 -0.0830349136408377
-0.12705010564979 0.10988252057053 -0.266284083331523 -0.0562629215026381
-0.00694285188172254 0.103907813553795 0.0437934849908596 0.109091729159257
0.05220403566852 0.0362928546295226 0.196552083539975 -0.140550591774091
0.027247853581515 -0.0109589716598325 0.0339184575885635 -0.306016278936077
0.0134302232578921 0.0025601081699131 -0.216400716040153 -0.234248579258596
0.0299447289622731 -0.0078699162323661 -0.263795679901444 -0.0355451942575064
0.0105098229016245 -0.0253838350737785 -0.189492271137175 0.0875701397554055
0.0114874604824671 -0.0232942934060554 -0.129370223550466 0.13210346578303
0.0235304382115924 -0.0409309119098925 -0.0978243454680043 0.159200065253877
0.0645709784224772 -0.0244992818474988 -0.114131722901678 0.17368870862937
0.0589903774052972 0.019301738858083 -0.176618766189844 0.14824676441086
0.0653513035273966 0.054919293155997 -0.257031057133713 0.0566388461268595
0.00700643633401092 0.121019615611707 -0.267494044606432 -0.0788281268326145
-0.12740945161451 0.144347420233494 -0.228495267944475 -0.164194512385029
-0.225586344632202 0.0933120963121224 -0.304255620569135 -0.0630293457776698
-0.245901897753005 0.0870093678417642 -0.207076260812688 -0.0887641035695973
-0.132781795120191 0.148054010781955 0.067527925662336 0.117863616366663
0.00795804519507378 0.146752993177002 0.242926056508796 -0.121008100990511
0.0885805861000365 0.0851802532202421 0.0827681603048723 -0.317596516304947
0.100063073375159 0.0325528931374515 -0.18502297289263 -0.265773457623228
0.106776666074129 -0.0212155848612689 -0.242402991978018 -0.0626211205940133
0.0671844680779273 -0.0719378637168153 -0.17007570109855 0.0614791844846059
0.0504156401720112 -0.0723466366453379 -0.108834377482563 0.105953249630498
0.064737231446401 -0.0840040310870709 -0.0657647562127848 0.140575869834847
0.128132884134978 -0.0422628270330397 -0.068565617890625 0.17235851131159
0.127067358736439 0.0382032294399271 -0.128604030222644 0.181272060120786
0.123447780788452 0.118477374998269 -0.231738155826767 0.118792964865147
-0.00629609931103472 0.205523423242643 -0.267208979222852 -0.0126805891145419
-0.205733239110262 0.189269023871931 -0.205168354376479 -0.119526637670153
-0.330078095712241 0.101352357607229 -0.206723462850052 -0.0422125488965071
-0.32746361391194 0.0367237695420639 -0.0997121387556381 -0.0992806174969821
-0.257913973894838 0.149703931691658 0.112322108516893 0.132249467210057
-0.0692269727090922 0.232167685201643 0.292807875652302 -0.074572026459757
0.117190487484195 0.18907334996079 0.15100337056555 -0.296622993389555
0.172662203864683 0.0759170058388578 -0.1148251273096 -0.280592617871542
0.176265523132118 -0.0211004633932582 -0.188376188245707 -0.0967876616134609
0.119670111450922 -0.104254024771353 -0.127767748335817 0.0201554289236679
0.0828380764120708 -0.111152938689676 -0.0736176574796084 0.0651616085711953
0.0899110275965543 -0.119767635309428 -0.0228984006061914 0.105345325029759
0.166686101535236 -0.0653704971988902 -0.0100126647041228 0.153879986090366
0.178110277713903 0.0357813990294777 -0.0585160983573775 0.198777445567276
0.182256053718632 0.150177923615169 -0.180698984029078 0.174251366152313
0.00722396897238684 0.26228827910407 -0.247391604021626 0.0569187594726831
-0.237115820662368 0.221235691012931 -0.177191919622145 -0.0851729109628615
-0.379946317239134 0.105288521365152 -0.0931379941408576 -0.0322757732154908
-0.348242066037023 -0.0257153249036316 0.039124766585434 -0.0808688722386303
-0.339379159154206 0.103800275430748 0.169457966058221 0.149682965126463
-0.152782451609849 0.257670125943662 0.323506203872532 -0.00851030984905152
0.100953152231257 0.262338860727542 0.217130213897463 -0.233896824149752
0.20680763250254 0.120145730066672 -0.0185473852821975 -0.263609904448784
0.216467923589141 -0.00895551443083971 -0.106363353238951 -0.125645952221084
0.15533533522269 -0.116155702447953 -0.0673754481839155 -0.0271077029006803
0.103227608988009 -0.133390024787325 -0.027887285121519 0.0159278302669096
0.101212670038126 -0.141920128447406 0.0245420664160432 0.0590308475659492
0.18050851753532 -0.0837070148350129 0.0489556930775846 0.118789903511227
0.203904020465574 0.0264957756958172 0.0151732253456151 0.193953502369474
0.212119764106053 0.161452017541996 -0.117563619022083 0.205556642605501
0.0112288515405615 0.280729776163688 -0.210351092077512 0.106953344435304
-0.24078149513673 0.218003230407237 -0.145886208136205 -0.0645085383045946
-0.3759526983091 0.0871263647367076 0.0204365736521645 -0.0283841422589689
-0.299729269860899 -0.0767781271422913 0.18220470411372 -0.0392011312279667
-0.340906445498996 0.0285531175959697 0.225234981217279 0.166632462187611
-0.202045458742806 0.213963732329973 0.326091911103792 0.0622104027881024
0.0555940007093599 0.27140189474298 0.258115393712173 -0.143853434001795
0.19256282175953 0.141279449347155 0.0766846041161892 -0.213589706802848
0.21458472627051 0.00515793869197019 -0.0126246655944953 -0.14007003525436
0.162166102850523 -0.109658080344726 -0.000168546172288818 -0.0739287808230469
0.106134735419547 -0.135455886113091 0.0209878762747626 -0.0358221415689414
0.101111667632316 -0.144802992349997 0.0720314487326504 0.0081008280286746
0.173930674451805 -0.0878464273953568 0.104468807365952 0.0780737231039205
0.202671349302854 0.0224456783487859 0.0783613065732063 0.175488946459439
0.20285454575744 0.164315390076989 -0.0621421121912612 0.215236781752242
-0.00848269758609831 0.263230570859889 -0.169734611767859 0.132729623097095
-0.23258803783838 0.173637588777877 -0.113639455697046 -0.0532413997210976
-0.325642062137212 0.0416410735166962 0.118836227384071 -0.0225365165993514
-0.192680004461244 -0.102796284062829 0.300324485150298 0.00878999089773702
-0.261929613800165 -0.0382241900764916 0.263294160538092 0.177790747501502
-0.189456739563001 0.129534443394573 0.305862000808637 0.117720828206714
0.0145751949872818 0.216180014437924 0.26892419985957 -0.060839453766576
0.14487223781128 0.124575578252962 0.148953192638069 -0.155822769570118
0.171899609887693 0.0121025541095714 0.0695846135305564 -0.145465130748391
0.138156157400734 -0.0868750971807688 0.0599839155551242 -0.113261001924983
0.0924475404355432 -0.115923033956894 0.0641500378050697 -0.0818504399491958
0.0883475580105507 -0.126191763307878 0.114261714053625 -0.0394576521627419
0.149117070748652 -0.0785061170281205 0.152561485832558 0.0408024075339351
0.178692293606938 0.0226792789678914 0.129380904632039 0.159187087443361
0.162058222996901 0.159800595751784 -0.0214074284726038 0.218308715720231
-0.0436504237484664 0.218579992849506 -0.138043438855956 0.142515983477662
-0.211411780903379 0.101539029971254 -0.0841951811733858 -0.0444726349219752
-0.23899468202193 -0.020387115026648 0.192688861411644 -0.0053604474963602
-0.0510078448501469 -0.104790263940279 0.371928798101304 0.044355300977192
-0.130984713542254 -0.0784353560611876 0.277164401383509 0.171160184787641
-0.125765174547133 0.040113862895712 0.279640816930551 0.145664720907469
-0.00770269139608655 0.122062781402647 0.265556302281473 -0.0106616731970932
0.080571433045184 0.0785489508051454 0.188383774990473 -0.118022516649854
0.101214173032689 0.0118675272535413 0.120376091909257 -0.148947187056064
0.0886871644733298 -0.0525181003053728 0.0986528805502128 -0.141486804875313
0.062615071018546 -0.0783431827066188 0.0963019186709739 -0.115474870419739
0.0647468754534647 -0.088670366298956 0.148018122952695 -0.0754608215849345
0.108194608536576 -0.0565481832155097 0.193442247701006 0.0164514297358434
0.136091487218115 0.022849805367178 0.169559599937716 0.153884521908137
0.101605543804704 0.138925576443718 0.00478482173694069 0.227461033474286
-0.0774201037163174 0.14952810820551 -0.120557839239905 0.14795836547167
-0.166241856764494 0.0191323980026193 -0.0647658252430259 -0.032305376749609
-0.121691191402573 -0.0798424164672592 0.233608986224154 0.022220772325183
0.00357190557267058 0.100265203342786 -0.278688472864421 -0.00976490849526482
0.0949136417502666 0.0351816245524126 0.045799307911888 0.109436036785548
0.0639580305356777 -0.0711860840771418 0.171268071718561 -0.145235456732383
-0.0458465613772049 -0.081593768026362 0.0126260511067237 -0.290450500094027
-0.0672768584241558 -0.011708661583681 -0.223580863930028 -0.208614197639223
-0.041820855292955 0.0130665796112618 -0.266184440130315 -0.0212783887330627
-0.0396234054003306 0.0270707059080277 -0.191449378160133 0.096228776801758
-0.0292633855363934 0.0285479710282774 -0.132573028793207 0.143481278843694
-0.0299004055568868 0.00392258157617746 -0.110480711394247 0.166081858454847
-0.0177829555507748 -0.0207523799870749 -0.136174748563208 0.17009063636836
-0.0104894607729051 -0.0265171937809129 -0.196987321038167 0.12543971202769
0.0327504746290063 -0.0402652200957749 -0.265753187059375 0.0202295354419673
0.0645101487847305 0.0311046469736849 -0.268430549231083 -0.126363468846315
0.00117976181676592 0.117012962650175 -0.257438223866061 -0.212978471842486
-0.0807795555680616 0.0964040939715959 -0.372818974733685 -0.0841627140148702
-0.128164704827428 0.110521116890736 -0.269832233035654 -0.0545591762126123
-0.0066332531614911 0.105879260819488 0.0461852597119589 0.112220284095636
0.0539027847554971 0.0355940614915639 0.201073165334789 -0.142906779183769
0.0271416684477323 -0.0112397429233523 0.0347085962591211 -0.313125037036914
0.0128746502963846 0.00186926236829344 -0.223470152639304 -0.238030272433323
0.0295955131144272 -0.00951877121145831 -0.270227570353292 -0.0353152998125551
0.010734941848083 -0.0251075166230128 -0.192591182924856 0.0893359515134723
0.0118958084608683 -0.0232496225489686 -0.130931617171747 0.136720643197181
0.0233373832658558 -0.0418261055087621 -0.097930635246593 0.164742830377748
0.0655832697302018 -0.0268422212834146 -0.116311859175185 0.178762737734661
0.0613355536061706 0.021324229195408 -0.180334322351213 0.151420299457002
0.0665637896425467 0.0553882420962835 -0.262042031614236 0.0577808394500989
0.00742265821442623 0.123079808368732 -0.271294683682107 -0.0835471196498262
-0.128606643532554 0.147320834245839 -0.234023464742389 -0.16928206571783
-0.229542503150806 0.0926837157896763 -0.309994829826124 -0.0644593920239349
-0.247900597089618 0.0879898042987279 -0.210143652607184 -0.0880422750032179
-0.13466843127477 0.15049917865244 0.0699383740492424 0.122157837767476
0.00927175508557765 0.147498304250259 0.24799855441185 -0.122837340867384
0.0899543388935163 0.0852511746033008 0.0849766277263086 -0.324043732432309
0.101059841897589 0.0312810378677009 -0.190074844589575 -0.268937200358047
0.108844629189415 -0.0240442924898288 -0.247561245359284 -0.0637603697264258
0.0676310365016871 -0.0734938388041741 -0.173196025328666 0.0624384591095025
0.0512871190690972 -0.0732596151941231 -0.110644289796968 0.109382459287495
0.0647928699926997 -0.0859066935756402 -0.0657332968738909 0.144481112245686
0.130635128648618 -0.045375971347502 -0.0694264577599268 0.17720571830729
0.130276319607313 0.0396378373035511 -0.130831440238218 0.185845665975624
0.125766911320069 0.120126786439952 -0.236490011081176 0.121161440442995
-0.00592849365628449 0.208907189085321 -0.271487842375866 -0.014096083050759
-0.209327807723387 0.192039453501133 -0.209900144235596 -0.123218968273163
-0.334372994505355 0.101046488533711 -0.211696706781877 -0.0445542792077678
-0.330296777396046 0.0372995973219003 -0.101543775210999 -0.098807477999944
-0.262318562508501 0.153591507153612 0.114413080682159 0.137369692547984
-0.0682221926477026 0.234789335210093 0.297301747289327 -0.0748308929328355
0.119261260771033 0.190158670704398 0.15398805346867 -0.302216230307407
0.175744842276608 0.0743933716501902 -0.119313797724894 -0.284566847637224
0.179471924906563 -0.0243251038030384 -0.192647402440789 -0.0982452938557178
0.121154440926789 -0.106761203736158 -0.129916578798392 0.0204264537161293
0.0837331045308852 -0.112878091261301 -0.0750555691469913 0.0671541630654045
0.0900940882344845 -0.121737166122187 -0.0219210229448852 0.107795272668128
0.170019438293234 -0.0689472418445715 -0.00993188801134681 0.158258882538605
0.182145224524646 0.0362794315553541 -0.0580769638473108 0.204165390266913
0.185471919105017 0.151353828102249 -0.184043508038222 0.178314750026161
0.00696277102920967 0.266826843124647 -0.250997177713554 0.0565336521594518
-0.240994603541619 0.22491045036377 -0.182288323169603 -0.08801169229777
-0.384835183440826 0.105602569689062 -0.0966881766910254 -0.0342482033180328
-0.351322235800462 -0.0252016479036966 0.0389163181659683 -0.0808580293146306
-0.344703037903264 0.105840158022295 0.17125279485004 0.154388580931279
-0.153778712391213 0.260696932710148 0.328831706343772 -0.00641582253744827
0.103495902028521 0.264079072933721 0.221025574972908 -0.236948178154101
0.210730538799484 0.119373658972818 -0.0220053385341683 -0.266609757932524
0.221278318860445 -0.0123224120831344 -0.109083604311255 -0.127560165531693
0.156952624971649 -0.120228884380951 -0.0693934369082023 -0.029096079488307
0.103464878491762 -0.135476686657134 -0.0297864885537551 0.0160920545102501
0.101398964398997 -0.143878051418684 0.0255272040037301 0.0600699033096445
0.183820548251876 -0.0876005923299377 0.0510268529355334 0.121921140645916
0.208844457265852 0.0263798795669625 0.0163985626948733 0.199040168608229
0.216212144658525 0.161395019647228 -0.12045543096069 0.210576950388926
0.0119204771222669 0.285443639088382 -0.212466440366324 0.108534491785055
-0.245673096402667 0.221914420199192 -0.150094186604123 -0.0664680211004687
-0.381339449279342 0.0868835324831583 0.0182962600572511 -0.0312064128290909
-0.302116262363141 -0.0780185349678684 0.184184896241995 -0.0384101190514263
-0.34758921853501 0.0295452635978718 0.226985791600145 0.171638952243547
-0.204979545804688 0.216569943996331 0.331593420440858 0.0656290991842098
0.0564758762562996 0.273948850223506 0.262398023912747 -0.145161686214288
0.196887948473416 0.140676599606286 0.0756837521849951 -0.217291927542914
0.218619499333923 0.00207755826454141 -0.0134843873792006 -0.143032309955136
0.16397817896763 -0.113181881242718 -0.00118561582141359 -0.077269858198198
0.10707495167251 -0.13667954128139 0.019033781579965 -0.0367088737847811
0.101151506402499 -0.145595695801083 0.0730460883177968 0.00825431919559279
0.176144330967001 -0.0912778944746795 0.106943807511431 0.0797930908122198
0.206293571943321 0.0218184660478355 0.0815113750802534 0.180249958585497
0.206752947052738 0.164541137015026 -0.0636789481532653 0.220590132711167
-0.00708404921933347 0.268044051966206 -0.171586860919174 0.134195054319832
-0.237448898720048 0.176861153024167 -0.116915544089197 -0.0547399572252424
-0.329777349514537 0.0410559268119427 0.118345057682442 -0.0254059549789264
-0.194247073840248 -0.104069876895834 0.303924698667418 0.0101566348275852
-0.266257621142923 -0.0387478481645093 0.265094120349398 0.182141290440124
-0.192159594080657 0.131106713291971 0.311411028671645 0.121742393593416
0.0150453619884948 0.21811287699701 0.272831008568903 -0.0610666705416262
0.14874697477966 0.123989186889847 0.149887017110204 -0.159290485129995
0.175050445044184 0.0097227760594279 0.0701751528295674 -0.149777412179505
0.139387277275062 -0.0899194473859495 0.0591960517411472 -0.117983388630438
0.0924028392409847 -0.117102594013383 0.0629791852044303 -0.0838677162388319
0.0877936456456587 -0.127241752351744 0.115426477052981 -0.0408346202500383
0.150484859269625 -0.080830286524203 0.155731527303538 0.0416451379049194
0.181433006014061 0.0223367131967574 0.133063102629221 0.163218762143704
0.166012873774864 0.159806238866596 -0.0219499424347402 0.224521422305055
-0.0432735611430373 0.222190000940926 -0.139847374592164 0.144571030490123
-0.21527484192048 0.103587465586723 -0.0868324335875492 -0.0448771714543593
-0.241670304736919 -0.0211387808032453 0.193298827271441 -0.00988605418586781
-0.0512608073524456 -0.106819119238675 0.376165684948134 0.0464087112048084
-0.133209336620046 -0.0800403834930198 0.279500109723958 0.175690833691535
-0.127899395982367 0.0410144108400655 0.285098595661394 0.150270041252386
-0.00872989986346947 0.122602750545842 0.270280299286481 -0.0100438024673711
0.0825882809400622 0.0782070860692481 0.191288566333489 -0.122103798851249
0.102968677691464 0.0105576185729315 0.122764752051171 -0.153900362462088
0.0895238709707721 -0.0543698553917189 0.0978142478753193 -0.146813684700495
0.0627051882601358 -0.0791189070085932 0.0951481662344434 -0.118787075421072
0.064237065060821 -0.0894040215026271 0.148748248099982 -0.0774504487666763
0.10871976174301 -0.0580739102034983 0.196445796184119 0.0167180617107184
0.138181511299654 0.0226381122726291 0.173665261456695 0.157650244696559
0.104611572045987 0.140331158708834 0.00468647333547847 0.233769492542076
-0.0773095302115338 0.15167549922529 -0.122194811328123 0.151033760704563
-0.169102839248307 0.0196897280561911 -0.0674004590007369 -0.033488327517456
-0.123388824138133 -0.0816610159400634 0.235489620868072 0.0185614733276397
0.00346716715256109 0.10298816519173 -0.289190482366115 -0.00707854397851223
0.0997152229525834 0.0364151943511139 0.0505752825552345 0.114699169721487
0.0666936184566939 -0.0752188162055127 0.179803739678516 -0.152572521195462
-0.0488838223566925 -0.0837728645082673 0.0113818279008336 -0.305708642565626
-0.0715805641342836 -0.011018784702366 -0.235788893904062 -0.216489520439813
-0.0449569737790561 0.01443706078616 -0.28009954878135 -0.0191449728670213
-0.0412758158743833 0.0293684379180254 -0.198920400710669 0.102870749411705
-0.0295330553815518 0.0298209315887558 -0.135490307454377 0.152695497414991
-0.031265500053326 0.0039068957813036 -0.112909329989883 0.177269345551998
-0.019146678531716 -0.0222885334833162 -0.141079375986871 0.180844520152788
-0.0105444056394076 -0.0267447798860446 -0.206273195771483 0.131781114585574
0.0336960468747237 -0.0413998703461824 -0.277187346167991 0.0217512614979896
0.066931382525373 0.0317526404880692 -0.281261410482953 -0.133872184150884
0.00307523337602825 0.122291030332303 -0.270184978038299 -0.223882658854299
-0.0850682174750768 0.0996599914096081 -0.3896933491271 -0.0857445849571009
-0.132058760163681 0.114317195265683 -0.28038760275066 -0.0539400570765839
-0.00598715542458528 0.111105524833217 0.0505015350336376 0.119096181452811
0.0572348566249838 0.0355161877034804 0.210318199882302 -0.150601936287022
0.0275082690561895 -0.0116370553309748 0.0358220877878497 -0.329998159288215
0.0121197915188472 0.00217023861288241 -0.235658203471263 -0.246115951118502
0.0294406438675276 -0.0112823193838915 -0.283717121483332 -0.0339459514159437
0.0112800491803802 -0.0264134120278433 -0.200575339865535 0.0949804729807167
0.0130766243655581 -0.0244967448551767 -0.134209067861981 0.145417604441067
0.0242954615036307 -0.0434663160972508 -0.0995329265900734 0.174017425484371
0.0684831875187168 -0.0294471582739436 -0.120227936108786 0.188897542325191
0.0646184916544929 0.0225004048322327 -0.187685962614481 0.159846381719688
0.0693415174500139 0.0575041572338981 -0.27345957605215 0.0614180994489917
0.00717315332154817 0.128070958026681 -0.283793409847245 -0.0888884387059413
-0.132938242407423 0.15466941775231 -0.245586868095578 -0.178475134640319
-0.239885383215756 0.0963245469713771 -0.32410366238814 -0.0665360753793882
-0.256068414555395 0.0915371592609263 -0.219385421436252 -0.0884523759932143
-0.139280174844739 0.158490130685185 0.07391948157604 0.129841648564384
0.0110899055124149 0.152221163021156 0.259167720860734 -0.128492357465569
0.0938459609547339 0.0875328904219455 0.0877588454787279 -0.340577619721329
0.104921272162767 0.0305470353702723 -0.202212168881138 -0.278603081643665
0.112831212146413 -0.0275839707718495 -0.26056663276872 -0.0644979555629025
0.0700026384191402 -0.0769904688676425 -0.180404650362608 0.0661142841982192
0.0532358882008624 -0.0763322188992416 -0.114348090452148 0.117051166642019
0.0664585999307103 -0.0894884551753954 -0.066605176707454 0.152393644743563
0.136280767350766 -0.05009849881536 -0.0713033214790485 0.187329772057541
0.137535257037952 0.0413751146540626 -0.13472528158291 0.195723953775324
0.131909114304747 0.123796794478076 -0.246856849763104 0.128408916470162
-0.00483079909898235 0.217924241098732 -0.282892446718561 -0.0161987612643858
-0.217430799450819 0.201664048543163 -0.221592702964149 -0.129803363057693
-0.349101579024428 0.105129983036073 -0.222189909810543 -0.0464272199965096
-0.341059296776034 0.0389997376868896 -0.107202991007362 -0.100355409089271
-0.272338539931721 0.162122923858188 0.118847686022514 0.145165082438512
-0.0693505836702381 0.243864149249673 0.310696895819038 -0.0784186260766381
0.126065798906126 0.196064466750527 0.159971314549235 -0.316904594002006
0.183099750401719 0.0752708747061555 -0.129231184476507 -0.295618680348551
0.187165925892506 -0.0293610922593152 -0.202365220261577 -0.101177366093596
0.125142383705293 -0.113208537669414 -0.136015015628387 0.0215122966612859
0.0863300282433808 -0.117782963348038 -0.0783934366310526 0.0721887547424244
0.0917323101227265 -0.126810644963323 -0.0211859029580135 0.113713275698931
0.176730445703797 -0.0755552900375334 -0.00945925803004234 0.166606598624894
0.191588826178747 0.0367102243988671 -0.058583548222123 0.215246933591669
0.195295383790349 0.154917070305254 -0.192716604842108 0.188452966185179
0.00980355103652526 0.277988643981222 -0.260664650225316 0.0593154388199002
-0.251061350484681 0.236986783989295 -0.191743626543426 -0.0918837601548684
-0.400435294169605 0.108955588690732 -0.102357757794346 -0.0370760495025777
-0.363400688377987 -0.0270776744450366 0.0390886119123565 -0.0825635192842384
-0.359135933328731 0.112976379137988 0.177884792450858 0.163752892945391
-0.159089475710781 0.271017532978135 0.342933938431214 -0.00630029941990691
0.1095626035655 0.273275847330733 0.23080160809173 -0.248460060398093
0.220821528237614 0.120693595850713 -0.0273712162219411 -0.2760930229821
0.230897475711871 -0.018241644460862 -0.115513474004343 -0.132458327746746
0.162546174117806 -0.128404795013263 -0.073142573200082 -0.0311861280433929
0.106889792439331 -0.141086443808558 -0.0323465065585527 0.0178788140269509
0.102864911037774 -0.149817557917883 0.0278682397348692 0.0630829110965637
0.190932433503387 -0.0941574652428386 0.0544023822469091 0.128881354673022
0.219060380611054 0.0265381822863317 0.020053658834393 0.208979894812335
0.226849033206108 0.165181811504002 -0.125766632852444 0.222583409434937
0.0150292804004649 0.297094882907739 -0.220821846896166 0.113183429385076
-0.255668679846672 0.233354903421662 -0.15838453800248 -0.0694588866161332
-0.395956707081645 0.0908125987311913 0.01703344260254 -0.0347233489868438
-0.31335080810489 -0.0811794601634454 0.189705682341676 -0.0399664172750321
-0.362754150068501 0.0330257177365594 0.235301793184952 0.181624415460058
-0.211800699314562 0.225663628887715 0.346009123262738 0.0697503871457302
0.0606210326001012 0.283641671219154 0.273573246335153 -0.15258332539528
0.206970633955846 0.14298891825757 0.0747332395720195 -0.226082553090909
0.228848795402514 -0.00205080433404792 -0.0154116160800931 -0.150690665252006
0.169768208782139 -0.121123559260555 -0.00261121658026673 -0.0821230650603491
0.110270580092296 -0.14301743617963 0.0174703242767832 -0.0384752777380526
0.102522887512158 -0.152374698308035 0.0758866563056738 0.00765907663030625
0.182066289304062 -0.0975918005949261 0.111917738547024 0.0833646318262744
0.215922991830647 0.0212012369496584 0.0872218408591658 0.189546420328156
0.21779368682752 0.167758478893936 -0.0660122982274902 0.233254679989954
-0.00516159771283973 0.279327235359345 -0.177774382542324 0.141071886722397
-0.246718817076394 0.186091222337626 -0.123650969616771 -0.0569582188849901
-0.342715072654294 0.043448688270003 0.120898401673366 -0.0305703952759396
-0.201242216745769 -0.108698995634527 0.316173592553348 0.0107852632819478
-0.278702618911011 -0.0388731016150157 0.275423156406044 0.191429367966813
-0.199877622465273 0.136311730494712 0.325031540139637 0.127938958398252
0.0157824261658388 0.226069889095319 0.28527149152241 -0.0646883789498951
0.155503782367781 0.126196331832513 0.152623887498825 -0.167119337048556
0.183184019140551 0.00686812700640266 0.0727043945074652 -0.158668051265705
0.144337743883545 -0.0964937751939833 0.0587225805379781 -0.126241290942415
0.094547255020366 -0.122268352368071 0.0623040676094976 -0.0891048077404669
0.0897163463263082 -0.131946414249657 0.119773063488778 -0.0436905504416465
0.15479807848009 -0.0864321923075387 0.162992055564711 0.0434024083955022
0.189818947592248 0.0214532939978892 0.142088926362394 0.170511666324153
0.17495727256164 0.163347313225024 -0.0221598034213687 0.236305571604482
-0.0431437388054204 0.23220011997319 -0.144133143503234 0.151638854452067
-0.223719550639347 0.10913024943611 -0.0923470763991731 -0.046748844741375
-0.250932560816927 -0.021736885491213 0.199387397618342 -0.0145467577495107
-0.0523996408372257 -0.111994934194594 0.391735605153865 0.0490622971597032
-0.139336315670597 -0.0839186163820404 0.290364228194643 0.184388804845151
-0.13301070709359 0.043339948906898 0.299053180023906 0.158074477110161
-0.00868010839815446 0.127028696188432 0.282456426776624 -0.0113240672991325
0.08732184810854 0.0793028364714443 0.197869868565856 -0.129579205344273
0.107628574926629 0.00919999071707001 0.126710039112983 -0.163444352886172
0.0928106277347786 -0.0584505378940459 0.099067579493823 -0.157036997030792
0.0643745055485051 -0.0819527531664884 0.0958534372701805 -0.125574537918311
0.0653381458787621 -0.0923937674716821 0.153247956025117 -0.0826101562977358
0.111689700474893 -0.0605991992751277 0.20594955020521 0.0168542057785355
0.143544876743186 0.0219736048786634 0.184245860366154 0.164240515430015
0.110898754834557 0.143447831647118 0.00604767579696617 0.24551987709805
-0.0795789268023676 0.159759610788422 -0.126929431842047 0.158940511608242
-0.176235901651948 0.021210030859633 -0.0714099347363892 -0.036033210253527
-0.12717824345986 -0.085309211137926 0.243709805205821 0.0146739751025815
0.00526993473429983 0.106950707335928 -0.305063926113603 0.00162653620073009
0.107239322580534 0.035336866514266 0.0587858938118889 0.121038272284627
0.0680118849212787 -0.0825171344771635 0.187452676210589 -0.169007744887233
-0.055219112736805 -0.0862610110625228 0.00333316074501605 -0.328187881469378
-0.076977339767976 -0.00869539983924589 -0.257991165597986 -0.22244236029694
-0.0489953060390885 0.0173666650343177 -0.29853778710963 -0.0104961496073078
-0.0425716802555217 0.0325326379842897 -0.208052472331342 0.115856920066371
-0.0295068042973596 0.0324449381851862 -0.13625326564113 0.167306796787206
-0.0327059147315125 0.0053966286354956 -0.112489563080721 0.193177342713858
-0.0209453787768362 -0.0233229427630083 -0.14438666019783 0.197510178503083
-0.0109355028262706 -0.0275848032228841 -0.214908673404202 0.14717515591278
0.0337566300627083 -0.0447259537705844 -0.292804661730761 0.0307401501529692
0.0713535121830738 0.0316296144513508 -0.301565732026559 -0.13779489815134
0.00772735721276987 0.129961060856445 -0.292976996666276 -0.232115502590544
-0.0881036678696507 0.107299968914585 -0.414986281912425 -0.0799601554542292
-0.136594549128521 0.122566669191527 -0.297170200997868 -0.0472391616439796
-0.00209002845428874 0.118021366037843 0.0588206257992069 0.12588477314616
0.0618976461999726 0.0338341463339429 0.219476372551263 -0.166936966688292
0.0282222813968865 -0.0136423067973091 0.0279799132097041 -0.352835985054516
0.0127278358412999 0.00190077478075714 -0.258247885532066 -0.253734518041658
0.0298039311750711 -0.0128162717578389 -0.303032118158345 -0.0263591144537525
0.010860450154976 -0.0284488987480646 -0.209667920847884 0.10734221252962
0.0136392517848216 -0.0260429690577103 -0.135718037180456 0.159985405688613
0.0239468330613979 -0.0472276102738579 -0.0983751383081287 0.189387822031198
0.0712871918419738 -0.0347450622822164 -0.121874677358478 0.206234630776695
0.0708525146761584 0.0221835446898443 -0.194501707510164 0.176306636004061
0.0753624303513528 0.0590207115309083 -0.288176097667506 0.0733426384112052
0.0110229936245478 0.135347338300864 -0.303160517055324 -0.0894541239535447
-0.136206589739112 0.167477437648688 -0.267350445781064 -0.184539071297711
-0.251306838978116 0.108211376137681 -0.345918149277365 -0.0617923947214829
-0.266852908518717 0.10250357971741 -0.234057196305691 -0.0848646384458477
-0.142223746872626 0.172768275093654 0.0834856739308602 0.137375710090194
0.0171647752675633 0.158761949091983 0.272234962907019 -0.143560673000111
0.101910852619853 0.0890226598661805 0.0831285402968812 -0.364751763521009
0.111307416763776 0.0288426560256158 -0.224188446846033 -0.287849793270301
0.117749475787794 -0.0341491704790078 -0.279051801584016 -0.0594845262037914
0.0714552944111615 -0.0844413426866 -0.1886757681632 0.0756292909331921
0.0537913727389797 -0.0825970543225649 -0.116908052958231 0.129264373532763
0.066974323175344 -0.096495036085403 -0.064146902557341 0.164731491923272
0.142690552815155 -0.0590327289078236 -0.0697786014663619 0.202787918553323
0.14894041086118 0.0396302593178863 -0.136807595602942 0.212794509800549
0.144041801863032 0.126490401974159 -0.258846773617317 0.14415457257813
0.000429329588945464 0.231023214221786 -0.300617778157123 -0.0113184732620364
-0.224428496187926 0.220526540543164 -0.239741264563189 -0.133341828418691
-0.36626737876822 0.120218863868474 -0.238611355726979 -0.0445255697104973
-0.357893064848595 0.0488956921628787 -0.116419199842587 -0.101185651079308
-0.284021331323723 0.180515998146981 0.13106361992688 0.152947515569415
-0.0656757591441552 0.257223994161402 0.327198276195575 -0.0913423271701715
0.139290451805604 0.202680391533665 0.161311163546624 -0.34129584353081
0.196350025447375 0.0722420243259767 -0.148121776169033 -0.307113040880727
0.196925290440942 -0.0391579584312587 -0.219763163664634 -0.10064320904452
0.128576004058724 -0.124795458817864 -0.143840205284417 0.0262406638590751
0.0868516930029479 -0.126887944396199 -0.0816526504271963 0.0803366893321981
0.092631365050874 -0.136890221174058 -0.017565475505055 0.122093048853732
0.184302026267161 -0.0873654711847025 -0.0036780173635032 0.179084565573674
0.206042031766097 0.032860441050518 -0.0543401463243473 0.231384168607318
0.212219685411922 0.156077634673171 -0.199607957394394 0.20732874146458
0.0180906166295838 0.294641834279131 -0.274324647702645 0.0686708440294226
-0.259611412997632 0.258918046649448 -0.207807990724717 -0.0938091717027314
-0.420769952746421 0.125880777130598 -0.111861392428884 -0.0380479769479683
-0.382537485844449 -0.0196868498604549 0.0388536920123363 -0.0860129854800225
-0.377997749405439 0.131665277364499 0.192436413798345 0.171118029149754
-0.159766348043019 0.290017498682688 0.364186553247794 -0.0133522857610366
0.123873062254137 0.285305201855999 0.237277219046893 -0.27071567276362
0.238115798418667 0.119268010435439 -0.0401755811123423 -0.290357066103415
0.243764853318944 -0.0293252885895982 -0.12705680211248 -0.13673178100121
0.16797645620038 -0.142853812572474 -0.0796078967329624 -0.031669969550947
0.107829098347819 -0.152384678889348 -0.0349501791486617 0.0211196590969248
0.103418866847577 -0.160729833992192 0.0319096852220753 0.0658223640680274
0.198587885410618 -0.107961694665162 0.0624493694205085 0.136668695434634
0.233700826225112 0.0214976750298029 0.0295566757140541 0.222631436365628
0.247321993335727 0.165499026854165 -0.127358210491562 0.242127769644054
0.0257038089998003 0.314763794341292 -0.230704288494429 0.12558930503415
-0.263867556162913 0.255582825547051 -0.171549312328948 -0.0696990568597768
-0.416232590743865 0.106147027144343 0.0145160399239107 -0.0399438445080657
-0.331924991417379 -0.0789688129690772 0.19999343598365 -0.0445578016329889
-0.384050487490011 0.0456667174541862 0.252828658761049 0.18769989925286
-0.218267252917891 0.243374208980527 0.368729200894642 0.0661763134191147
0.0727758805444553 0.297616565923412 0.286288372061369 -0.16953196504401
0.224233038408513 0.142331406099797 0.0697229118161283 -0.240466394026028
0.242426300356885 -0.0129884137896426 -0.0218804170133663 -0.160007200025112
0.175358848912715 -0.135673212921671 -0.00739043035066069 -0.0893224143846518
0.111172080910346 -0.155097547056992 0.0156817970308653 -0.0406588105651789
0.102258268670576 -0.162828455986441 0.0803860520623597 0.00582204968994078
0.188626133310553 -0.110505435372227 0.12198487296658 0.0865865981977034
0.230761209344776 0.0153033683961902 0.100445262561082 0.199115829680596
0.237056664717799 0.168118108864534 -0.0640765846863476 0.251106011431194
0.00410181533282238 0.296601483373674 -0.184570119629546 0.154009062537671
-0.25621779274995 0.205113032996918 -0.133905863644217 -0.0571130775384902
-0.360494265634692 0.054112311922573 0.124366581438388 -0.038927698604398
-0.214234978964679 -0.111059773695341 0.333844010568936 0.0049061692617396
-0.29713549761899 -0.0329995223508121 0.294560522295603 0.19753313364026
-0.208063379662096 0.149412881231796 0.348452755456252 0.129108305548624
0.0234226498526365 0.238199024641869 0.300204320559081 -0.0760705247020805
0.169473017281187 0.126842358128445 0.154924867752774 -0.180938661983972
0.194226470864657 -0.00102654698055679 0.0712496675782498 -0.171758404768913
0.148766939638686 -0.108101762382802 0.0565084033514592 -0.138357267323619
0.0959222840943046 -0.132107361362114 0.0607000351421464 -0.0970599657513807
0.0892324458587998 -0.141085607873176 0.123939642872475 -0.0502530812796075
0.160492045342322 -0.0972175443917284 0.174812116943133 0.0413392243487082
0.201478354536861 0.016419173111769 0.157724823166382 0.177679995071285
0.190603899284331 0.164788818349873 -0.0172184234528151 0.254532530851051
-0.0374656476312294 0.247129540768687 -0.148299391398248 0.165376185075812
-0.234279721823986 0.122525242984071 -0.100509830880052 -0.0478401017642577
-0.265411032170953 -0.0173112094516496 0.207436570578616 -0.0250958645630857
-0.0584698884343049 -0.118083913449854 0.414534837630671 0.0421423230636279
-0.150295402449229 -0.0849320892383729 0.310584219388089 0.18852120509633
-0.139784971045383 0.0495306408465134 0.32183627711079 0.16155259607034
-0.00576505291225998 0.134466871915214 0.297851588759854 -0.0189150366605266
0.0951447154388215 0.079804389807906 0.204077841802443 -0.142818159813284
0.11397205198508 0.00504704723537709 0.128079723061277 -0.180264088999614
0.0955845018170573 -0.0654722822733927 0.0968945196087099 -0.172071863164741
0.0650774747885357 -0.0882635120937474 0.0948918117149054 -0.136690154203018
0.0649600348081712 -0.0985390988346719 0.157997838757355 -0.0921917524744983
0.115127414772008 -0.0679638955839951 0.21833147030316 0.011269734207014
0.152639058193289 0.0178158141348547 0.201212685883783 0.169857651451644
0.122654187170298 0.146987449614602 0.0144320619750186 0.262258972274075
-0.0787722812186934 0.17241385201661 -0.129534188712688 0.172358535700924
-0.185740865139641 0.0274964670155251 -0.0781466830993404 -0.0366527344517607
-0.135650823409805 -0.0875256157554541 0.25486576640763 0.00442862498055583
0.0100385905566089 0.110905247951034 -0.319188273372817 0.0214084419404936
0.115683729599451 0.0304873917058376 0.0713128306474905 0.124068282723797
0.0650038858476299 -0.0916033097662814 0.18858259474971 -0.192014704649183
-0.063834916932455 -0.0864956162585716 -0.0177705503720882 -0.348829514679619
-0.0816044779959324 -0.00301571970975748 -0.287014903140763 -0.218267910794621
-0.0511172131187707 0.0230126760504211 -0.31711422890546 0.0104913334832408
-0.0426191325479003 0.0383262591550096 -0.211553078503935 0.135589967379954
-0.0282524536578001 0.0364579724457968 -0.130127934460993 0.185705543180581
-0.0341082790678865 0.0076549395688674 -0.10452626855762 0.212415349499167
-0.0244726288226781 -0.0230494234461254 -0.138945292194721 0.219499805632736
-0.0122861499242766 -0.0280951418883124 -0.219397586142655 0.168139499580748
0.0318715285645917 -0.0492965581323963 -0.305273574969313 0.0492534393662277
0.0761642549610317 0.0297250035440243 -0.32671875029917 -0.130652788433875
0.0173245914903784 0.135938377512308 -0.324416662367222 -0.229301090416004
-0.0873821720888742 0.118090469794205 -0.441259187552032 -0.0590703595395447
-0.136302227334811 0.13505714993385 -0.314712520177287 -0.0306892236033452
0.0060507038980036 0.124764048291151 0.0707064050819142 0.129785733017028
0.0669921037489334 0.0306275483547476 0.222646188443376 -0.190186459789443
0.0294159123714686 -0.0159465902019312 0.00724952084341272 -0.376376269487296
0.0129331820439568 0.00163147859696499 -0.289161066413239 -0.250175887220803
0.0294828547157556 -0.0155819803389415 -0.322152816704985 -0.00730969208540123
0.00951831042856622 -0.0296765292383489 -0.21306832253814 0.126598883811693
0.0132788927734041 -0.0284461363337314 -0.130342382015334 0.178249809395245
0.0219837827820031 -0.0510726433414447 -0.0901014318356255 0.207006982942679
0.0725882047776374 -0.0421413584368667 -0.115019377433272 0.22761362522602
0.0775294798965808 0.0191318354893869 -0.195048564756705 0.198444482695828
0.0820946918169588 0.0569153419224512 -0.299445209552359 0.0947667301760129
0.019356171642486 0.142213899950597 -0.324887172927679 -0.0790991224933707
-0.132790783651386 0.185070077175519 -0.293911651573352 -0.180501362574448
-0.259378425414466 0.128051537292813 -0.368422660588856 -0.0444455806979963
-0.273343695992195 0.120695555000693 -0.250508131303424 -0.073670471248238
-0.138786934632594 0.191604947539221 0.0969703838998858 0.141822606082046
0.0280278761099022 0.16359536149835 0.278923894290545 -0.168338348245189
0.112931245003898 0.0863844100460392 0.0653531218023438 -0.391867461252994
0.118228481759024 0.0228315800860671 -0.255990044025972 -0.28708950549405
0.120949409006666 -0.0443924254691728 -0.299372201285488 -0.0438948333791811
0.0688736727032796 -0.0935278085374077 -0.19367177256577 0.0917621689381539
0.0512042753009432 -0.0897023915732716 -0.113357552199363 0.144523647102676
0.0634493075084137 -0.10591883750484 -0.0556263431043907 0.178795882667823
0.146039648485891 -0.0730479571225341 -0.0598492883159873 0.220727617013523
0.161110039799377 0.0328872917406438 -0.130893084118374 0.233822490049292
0.159572572755532 0.123201683865976 -0.265018349036745 0.168014694731988
0.0144821859796214 0.243132888771354 -0.317871321441164 0.00358468122447608
-0.222984164808929 0.246217356356254 -0.262994290007843 -0.127834688909152
-0.378884068832387 0.147162628654667 -0.254516257291513 -0.03407896256079
-0.371790456342065 0.0695211043183382 -0.128815319522413 -0.0970784928761297
-0.287010437681603 0.208225964750353 0.146718163233169 0.156926688363335
-0.0532044082401106 0.272722162579856 0.34073975163762 -0.115220529180104
0.159438915058263 0.202654157078775 0.149525048101417 -0.370633319840197
0.210473246535747 0.0620551320608236 -0.176481967556593 -0.310903415995286
0.203536664030738 -0.0563550791623979 -0.238466560529595 -0.0914654192610299
0.126042098173012 -0.140824540657111 -0.149604119702804 0.0365880688565712
0.08309110619776 -0.139177848535029 -0.0803099688881192 0.0913488921791341
0.0883190165900405 -0.149191527074553 -0.0106565660412843 0.129772734678961
0.187843707326236 -0.105799576788711 0.0084198491485568 0.190653298233902
0.220438344310409 0.0214637700356771 -0.0424302764197895 0.247694757889428
0.233341631701297 0.149320281803905 -0.198475528808447 0.233034064531121
0.0378467619808816 0.308710456266721 -0.285363823743202 0.0874074206674499
-0.257933747007247 0.288681361540124 -0.22637709285492 -0.0870674960122976
-0.434484542417043 0.156252284439001 -0.122496301500178 -0.035676975577212
-0.401825017228832 -0.000640812005820297 0.0353024340091431 -0.0908227673067867
-0.39045491250143 0.162964911290735 0.211680885286021 0.171245498851816
-0.150957986636055 0.313186522236978 0.383501733835263 -0.035342850474969
0.148172017172951 0.290916756056928 0.233850150601948 -0.298835752167041
0.257431363180449 0.108388550992939 -0.0628143901878728 -0.299808706598771
0.254612935263617 -0.0493125098270349 -0.143453675122003 -0.135746173646153
0.165620316569807 -0.16312506420698 -0.0862109938373355 -0.0300679879792534
0.102764786438706 -0.16777439793264 -0.035867875854777 0.0263743858887654
0.0976359316849263 -0.174713272121498 0.0384717723931485 0.0679842509783621
0.20101866125017 -0.127837188782147 0.0748147906923381 0.141193833448249
0.248770088131211 0.00648773393209986 0.0472157549087266 0.233566894331707
0.270700590099557 0.155939566340458 -0.119864527747537 0.265677984681422
0.0468724865021982 0.329260249222706 -0.234368234832874 0.145761232290413
-0.263435155367041 0.285980622184899 -0.186542609666812 -0.0642570624792612
-0.431484691497907 0.134688774481109 0.00927236290904143 -0.0452685229570269
-0.352561991421128 -0.0662114432705416 0.207015556325601 -0.0561524538605284
-0.402076614476512 0.0723456125102463 0.275777678418748 0.185199722623661
-0.215147725373619 0.267489786505482 0.392194582575205 0.0492655622307477
0.0950861194460365 0.307752796605439 0.290256405477964 -0.194524567033168
0.244312316826806 0.134349545653449 0.0557926783521369 -0.254449754161147
0.253842097038527 -0.0313618878916687 -0.0338308830455334 -0.167770209098546
0.173581318946837 -0.156195172317842 -0.014605473786622 -0.0952745151041226
0.106021932708171 -0.1701311337697 0.0120612532646568 -0.042619334707476
0.0962019572905402 -0.177099050569139 0.0854064986564463 0.00116873487171905
0.190745013452433 -0.129999232501525 0.134994338810461 0.0844849858315755
0.244371945863403 0.000859214685727188 0.120922121789144 0.203754173605659
0.259641509815357 0.158885131467382 -0.0521451469720122 0.272170936182366
0.0236901021760582 0.310868338382766 -0.183990151077961 0.174093167147484
-0.257807716770415 0.232047507385636 -0.146274600543349 -0.0528602346605096
-0.376036924200343 0.0780981367157756 0.125294149956425 -0.0520221925164882
-0.231270809740844 -0.106220861881155 0.352016092430503 -0.0126211213707911
-0.315117742868666 -0.016402273787258 0.319504714501888 0.192587485092744
-0.209835759477417 0.169265083640384 0.374558807808019 0.116797955307181
0.0391421100557645 0.248214622623651 0.311273717515467 -0.096341046605731
0.186972862446799 0.121711100575717 0.148936738470535 -0.197529150366829
0.203184779085539 -0.0157043529781625 0.0632309194912117 -0.186342846349541
0.147294646243554 -0.125365487381283 0.048296066402205 -0.151310460035524
0.0920023729900596 -0.144688259159277 0.055450298889088 -0.104835342936286
0.08420216792016 -0.153581348645509 0.126217109216548 -0.0606051690091379
0.161165605247035 -0.112239643992895 0.186779870977451 0.0331271519773601
0.213666593072991 0.00392845926604315 0.178515927357506 0.178253348656073
0.21186916067613 0.159424695737892 -0.00190563684767232 0.27130311512741
-0.0233864953124009 0.26262558409834 -0.145213744107539 0.183456126773207
-0.238779652191366 0.143703362003955 -0.110372338858601 -0.0455167146293086
-0.278790252966503 -0.00366169186058154 0.212584558088723 -0.0427897446574616
-0.0687290797802916 -0.122109479978453 0.439699168194212 0.0216797835224458
-0.163750895335851 -0.0806266569602963 0.334777241297075 0.182658597868385
-0.143865826467588 0.060445195340424 0.349157507014136 0.152335025193752
0.00159199405018707 0.141788276837622 0.312860112983735 -0.0367727947574685
0.105243351282191 0.0761662948495695 0.203648221533355 -0.161176233999334
0.120133388147736 -0.003253007640276 0.123199603545146 -0.200052575013843
0.0945862987104387 -0.0758335059082686 0.08834809117296 -0.190042341798142
0.0621521736926613 -0.0968174575357634 0.0880553367725848 -0.149705522140154
0.0622966675968495 -0.106556209243367 0.15851845935707 -0.106875935225647
0.115946709694551 -0.078659209001493 0.230997189388722 -0.00184218274469795
0.161296187118957 0.00882009657492598 0.224399093071559 0.166617631205401
0.138607932767179 0.145804280287116 0.0314819482616726 0.277960230713961
-0.070963977766355 0.185771546233291 -0.125874241860209 0.190733069770314
-0.193740433969315 0.0399768954664487 -0.086314916406935 -0.0350806490727569
-0.147407965028384 -0.0848236631486744 0.26496150334464 -0.0154196398176575
-0.0389760864390455 0.109182196759837 -0.306016841620233 -0.120667408663477
0.0968490526856877 0.0764020574692577 0.0101306485172906 0.145926740568729
0.0967989478196662 -0.0576874543073495 0.256340354528825 -0.0984154158408487
-0.0252576100154416 -0.103165479032956 0.132181832269133 -0.336018573932009
-0.0753783643199726 -0.0326316462572327 -0.17500633996925 -0.324696553235227
-0.0590272201872613 0.00327589530509588 -0.299712603801259 -0.127449052023278
-0.059154655481239 0.0205498291630106 -0.254804956995115 0.034530104286043
-0.0416926472724579 0.0234274260092735 -0.197387554699537 0.117623280650122
-0.0341734621060511 -0.00592638955365659 -0.185698145201998 0.155882202012253
-0.0130581647063693 -0.0302359462007828 -0.221920820073224 0.145962593382009
-7.146547013162E-05 -0.0292454802096284 -0.276729783709397 0.061311252044675
0.045520873411272 -0.0290517047258563 -0.30136684023515 -0.0909428520357399
0.0535585126439117 0.0599863263298995 -0.245224515854595 -0.269799468952826
-0.0460949614999319 0.130780345097207 -0.203376532612172 -0.366824984047094
-0.133901215719294 0.0731643040091209 -0.383546672770575 -0.265758606556262
-0.185870687715466 0.068057136297259 -0.278117791030284 -0.163326126386136
-0.0485473100317228 0.117403983381427 0.011892430770928 0.151652865310587
0.0447787157381118 0.056370024412697 0.291460579607037 -0.0825224776969709
0.0301976673423386 0.00149202466409559 0.170014024674901 -0.353398614711569
0.00947460649856166 0.0130108440930398 -0.163432440854546 -0.359671556934347
0.0331032298373 0.000953137438399071 -0.299092663795613 -0.148270639711149
0.0192235291854524 -0.0215189198019536 -0.252710032263412 0.0240402204734525
0.0250393864771292 -0.0195632822971865 -0.194600181755391 0.110528893566366
0.0424072675423643 -0.0373060792862626 -0.169323123444385 0.157080121964004
0.0865354944434474 -0.00847503622228825 -0.201390714395002 0.164629987289886
0.065792324774212 0.0539231327708502 -0.267624176702239 0.103181402620463
0.04757525558902 0.0908296977387148 -0.318659643231478 -0.0418579707905707
-0.0490904441986595 0.139066150788729 -0.270247158131691 -0.221625643389082
-0.207568706343395 0.112558612347235 -0.197602615247812 -0.311333150860417
-0.297210484791565 0.00801418683611124 -0.321310494865204 -0.221580363880264
-0.306849333547954 -0.00745585205099434 -0.199772118014367 -0.170924971994276
-0.213155728930959 0.117983520141842 0.0348498427530216 0.175089797676664
-0.0506505850679955 0.162853642034843 0.339163168535798 -0.0378948145804577
0.0636341701046305 0.130691996662494 0.235860940981811 -0.344697240884969
0.0975856748635459 0.0780421368470916 -0.114424513307877 -0.384466584658946
0.130765492873377 0.0118220279781085 -0.262174789295143 -0.175191999510373
0.10294324931839 -0.0571115151568875 -0.219822910445594 -0.000836220221453079
0.0877325681900301 -0.0611242635337379 -0.165514535093165 0.0866339130913137
0.104918261130342 -0.0709018147707051 -0.12586539385599 0.144701940621742
0.16907479200015 -0.00785448691581694 -0.146721154953352 0.18158184031782
0.139112385824845 0.1018550058526 -0.221406150565229 0.166376635400714
0.0916487841555669 0.185139327818493 -0.319793054118578 0.0464935526714655
-0.0977397568012683 0.232025084041238 -0.303065267768295 -0.138773650282813
-0.319035838857089 0.132128179188637 -0.191700989880027 -0.251388692396973
-0.417073428678884 -0.0260530093108391 -0.219639685253097 -0.160586299246734
-0.377237135241375 -0.0997486659313114 -0.0763200883946338 -0.136154190729107
-0.361069763096128 0.0685764479677147 0.0777942753325678 0.212916853992761
-0.174570384513744 0.2283163538197 0.376563066783158 0.0403311504521259
0.0555025258945814 0.257052179818105 0.30845837340856 -0.287635564465678
0.164914415757023 0.153927932929586 -0.0283602486300974 -0.375132365681605
0.213650555685749 0.0348121398571351 -0.185420176026043 -0.196369047032687
0.176847788025971 -0.0783872824814348 -0.156721221022252 -0.0345674283829294
0.139212656582003 -0.0941220152977791 -0.112950468015735 0.0500830414370092
0.146296912261621 -0.10126955252831 -0.0624369545854478 0.117819560430819
0.221710719882841 -0.0219856427291543 -0.0707474638333623 0.183848363552719
0.200825322706011 0.116663670762962 -0.142987121371441 0.219544195812185
0.15129342682232 0.240838485169029 -0.285285508854399 0.138724998743327
-0.104550069449744 0.304422501829324 -0.311945896615155 -0.043863752856287
-0.370403547032332 0.157415773931565 -0.177098543615148 -0.19654060132045
-0.472083709947417 -0.0422921833617844 -0.0961142295959433 -0.101522857429556
-0.375179311926882 -0.181480617786586 0.0718704173234349 -0.0560764874327457
-0.438987854866547 -0.0210594246034435 0.133330562382089 0.259003797105785
-0.283571501455306 0.222854546677946 0.384458620648233 0.135681379764066
0.00794925971435455 0.331895565008762 0.358428387175908 -0.182324571701256
0.188121549633845 0.214696033657269 0.0759117094328771 -0.317004372065874
0.257297396683961 0.0618566302681534 -0.0773692109624165 -0.196697993043748
0.2239742790564 -0.0844267137000005 -0.0690743781078961 -0.0684823670025699
0.170269954454355 -0.113352424246043 -0.0451875728120707 0.00781587362384626
0.164869135901441 -0.122126881265797 0.00873589277313146 0.0808180497198627
0.243187710850838 -0.0368944057414739 0.0123331021862176 0.167025150808502
0.23387548354161 0.113965202177806 -0.053191630947739 0.244881745747691
0.184414069719522 0.261218472098241 -0.227184116202608 0.205136240459838
-0.104966102452744 0.327995867597973 -0.290855369644946 0.0342645135109123
-0.372365982012881 0.152246754583685 -0.150990254268562 -0.156643849206431
-0.459684310101566 -0.060324399888377 0.0322103977658755 -0.0479580421061304
-0.301951031722165 -0.221446009487326 0.217857152789752 0.0505526216830975
-0.41171880984489 -0.111372780548868 0.18534998789272 0.300990831980373
-0.324110398123749 0.15115561394231 0.354232101808522 0.22293602384412
-0.0490803677641206 0.323548397608711 0.366381655112051 -0.0564440461320214
0.164691609186307 0.232156742001182 0.167428488653974 -0.22109458240552
0.249601777922975 0.0769692834454351 0.0400739899861804 -0.178426974261822
0.228691737257278 -0.0758029866381862 0.0257337769488059 -0.0999605699635396
0.174078684511982 -0.113991883666558 0.0282684498591172 -0.0359935030951114
0.163370859301272 -0.124560698647263 0.0795990102027827 0.0385289577299575
0.232557677707724 -0.0440963614000844 0.0920897017760863 0.138825137927789
0.231246457420995 0.105668667536236 0.0288320453423662 0.249202375526596
0.175190028677875 0.258929348873333 -0.167481235155518 0.242784256128757
-0.116658760530167 0.301468912039362 -0.25556191451454 0.0829822813945948
-0.343509015222625 0.104877930906472 -0.117430256549071 -0.127742628055033
-0.382279769157621 -0.0912038189959233 0.142140418138436 0.00191580648827826
-0.172163537955364 -0.208473639348599 0.33283570215851 0.152454496884437
-0.291935230118993 -0.157978818836261 0.219595024396673 0.327400868598403
-0.275159745584988 0.0611799567127246 0.30433546636732 0.279099417000501
-0.074481761347321 0.244093906717891 0.340311491560042 0.0459597178342362
0.117285459166114 0.192419626525236 0.229747403057692 -0.125680567125796
0.195825032976676 0.0701252060898611 0.139358118801719 -0.15155655800869
0.19132943190774 -0.0576872358948539 0.108830040436308 -0.124545817934942
0.149218125350107 -0.0979725241891451 0.0930727623553524 -0.0761737560903218
0.142256193719528 -0.10804464972165 0.142903226605325 -0.0017082798838699
0.198276735470083 -0.0391497256639085 0.16071160945546 0.112127582396832
0.20152610117861 0.0940762783691302 0.0938871635035742 0.248904860047409
0.130504827858818 0.238865349289512 -0.121024873789999 0.262353916413429
-0.139287796570965 0.235557766144158 -0.223949059303755 0.109030953301058
-0.286135620979811 0.0302691503863885 -0.0847252581134552 -0.101849826586389
-0.257584260740113 -0.124787451041785 0.21916092708938 0.0526916213349084
-0.0135735153063397 -0.151485261719654 0.398705019572611 0.218918978081489
-0.121624729272832 -0.152503696228362 0.23257604046847 0.324519244616744
-0.164848016900026 -0.0124588248487986 0.260515293355435 0.300213762935678
-0.0619928220618565 0.128017585527699 0.312375491054198 0.104841044625451
0.0612182622240511 0.113640754115465 0.263461697274092 -0.0661021799902802
0.111901902805436 0.0461813847127598 0.202369167651953 -0.137077072735071
0.120319446200317 -0.0336627937928942 0.161869185632169 -0.14147974831852
0.101631171944415 -0.064752736493622 0.141969360844737 -0.102665738846535
0.103139779705112 -0.0745639336050864 0.190343685955454 -0.0321113758306418
0.142629909508186 -0.0264346571839193 0.21487659873251 0.0965719151629258
0.149114848193342 0.0754417477441095 0.139214397863559 0.257191518712893
0.0691947052288734 0.196216043807039 -0.0940130189733751 0.280851915598694
-0.149580659526011 0.144676164992522 -0.207615036324176 0.122118121468022
-0.198913034446512 -0.0480126921090854 -0.0650405429079158 -0.0794446925653075
-0.0985871988973557 -0.144449539709126 0.253950353953707 0.106180055396167
-0.0349849150817097 0.111292793479124 -0.313822631502666 -0.10004255161348
0.102198377955565 0.0708141032760383 0.0199395677019092 0.147120457633815
0.0919941213544396 -0.0643899266951538 0.251073525969198 -0.117640809278533
-0.0329610622305749 -0.101531115069215 0.108452710900089 -0.349133863732592
-0.0786854618221392 -0.026244204194343 -0.198012278267886 -0.31477081503411
-0.0595855657571395 0.00883203833484801 -0.31102590798574 -0.104768395843307
-0.0570585761708152 0.0267177722138584 -0.252256606913153 0.0530606771746366
-0.0399240686439693 0.0274006390861935 -0.187721850524133 0.133350770583729
-0.0356503974129719 -0.00336298393324429 -0.173628471644262 0.171386678768867
-0.0157391827643529 -0.0296268457048756 -0.212541782894072 0.16495443971741
-0.00175322240352987 -0.028829932203399 -0.275221039143677 0.0805397905165806
0.0428073511795324 -0.0314968809225076 -0.308123141968318 -0.072395561660467
0.0568918580082942 0.0573350489397214 -0.26388489701517 -0.257751904186927
-0.0364425103593646 0.135699229539527 -0.227943675786291 -0.356354180943236
-0.130173613964431 0.0820917703513016 -0.402691485451214 -0.240682310169204
-0.183348985321952 0.0778032942017936 -0.289429043563025 -0.142592844821059
-0.0398602286904529 0.122343808123493 0.0220310920051297 0.152964587286338
0.0480551460988026 0.0522932935589178 0.286768541211718 -0.104331940150931
0.0304630924179769 -0.00174906639592088 0.146774722900194 -0.368915962960332
0.00981917644363552 0.0132188166939744 -0.188586400059898 -0.349132341176571
0.0319836724305502 -0.000950623204889825 -0.311569220225768 -0.127324720979509
0.0174739947099594 -0.0225911255525955 -0.251758461351591 0.0421014836561656
0.0234660420360853 -0.0202591395217087 -0.185341807177991 0.126322958839647
0.0395135986151331 -0.0401287674733425 -0.158026219623709 0.170790604608159
0.0859244116070916 -0.0159367290021921 -0.191086921025993 0.182051244358838
0.0710855955015983 0.0501596894859462 -0.263608177350865 0.122470621404697
0.0533557846871645 0.0880129773185516 -0.322616234568734 -0.0204593708603225
-0.0410410361583216 0.144088928913146 -0.284921614019351 -0.207680358215602
-0.200380841413008 0.128308169832368 -0.219805659577611 -0.301984698343697
-0.297466377892775 0.0277561609018597 -0.336547550836125 -0.201725417988635
-0.308432787005756 0.0107731210321127 -0.211762738752621 -0.156405727727144
-0.205829163303739 0.133327435976502 0.0456208289974652 0.175869827973648
-0.0396357309097841 0.165107984537355 0.337610989953243 -0.061759389407794
0.0730711757813539 0.125300372651143 0.212193272822808 -0.36366277559681
0.10344687820281 0.0715595582866812 -0.142614713784054 -0.376464220797543
0.130964253261915 0.00138379874545246 -0.276971930786198 -0.156096797507148
0.0982140273483677 -0.065032588904518 -0.220425665923391 0.0140858084668883
0.0833989390154029 -0.0664616284533516 -0.158045228451132 0.0997716894296694
0.0992063422360969 -0.0784584547747827 -0.114269025233186 0.155252005306191
0.168116696864034 -0.0207942129374579 -0.13488079456739 0.196073319944664
0.148322764391541 0.0931484700639136 -0.211725004797332 0.184081758336871
0.104966071346596 0.178535708374186 -0.318952581890918 0.0690660658828074
-0.0838858720789594 0.240143622538035 -0.312237924001184 -0.121916806328173
-0.31144167342441 0.154636684315319 -0.210796584092167 -0.241214494868791
-0.419507150087894 0.00153679596381074 -0.232203623855931 -0.147979015603051
-0.38420627727159 -0.0772047405931235 -0.0862934055217043 -0.128609623354012
-0.357875431614228 0.0939312415833426 0.0903939225232517 0.211405236369964
-0.160086294253282 0.238804322859133 0.380658409147277 0.0162510487556839
0.0746896523184654 0.252043073249692 0.289713001421128 -0.310281083340322
0.176197700051791 0.14182528457265 -0.0565682877589968 -0.371741384906298
0.215970587116083 0.0181056430391804 -0.201253336048351 -0.182359590699818
0.170005811315707 -0.0934196212608038 -0.159121504577264 -0.0245934498731337
0.131764579449598 -0.103724124264218 -0.109035304167678 0.0602079123215226
0.137424241085171 -0.111590230378459 -0.0532769556710126 0.123913407486717
0.220407484916322 -0.0388245385729693 -0.057567083408526 0.19235131948788
0.211158705943154 0.103395715109464 -0.128318254350588 0.232372965342006
0.168125596190613 0.228693417508207 -0.279148982705452 0.160341233858582
-0.0849285173427454 0.313390083255575 -0.31434884798671 -0.0254287165406583
-0.36089408286277 0.184369066290524 -0.192248604018914 -0.188491967497764
-0.476481353659115 -0.0118790397842841 -0.104662611804374 -0.09810085644913
-0.387612652058083 -0.159667520349881 0.06840563053934 -0.0583859433835676
-0.442331436121909 0.00991412597087035 0.147382491473807 0.253898499552566
-0.269100104270823 0.240172630738886 0.393761731931426 0.111988968627614
0.0311161951317265 0.331150721344807 0.34829383828634 -0.206171811085812
0.20384276006278 0.201355270433206 0.0520255434820321 -0.319730520403286
0.26210126621741 0.041392247890763 -0.0917099132933949 -0.191029802386215
0.216495120599397 -0.103082019573133 -0.074123861695171 -0.0658456966784843
0.160723288262435 -0.125507855360777 -0.0449798778051179 0.0127239077491827
0.15497771907796 -0.133292866468127 0.0152300629077044 0.0809122062614281
0.24063683803917 -0.0555796345862534 0.0242833136918987 0.168334978666134
0.243460721667082 0.0973974018267375 -0.0354810265246766 0.25202962779054
0.20392908688577 0.246482916343018 -0.214986860654373 0.224865071478127
-0.081566892309292 0.337205949282509 -0.287811779745725 0.0530402164167109
-0.364300962470551 0.179717918143911 -0.162627351938599 -0.148791655681467
-0.464094612247041 -0.031554601889245 0.026071207687587 -0.0540227418372763
-0.316286966837066 -0.204341731545619 0.221100846368269 0.0385616459131504
-0.421994418211093 -0.0825928884361063 0.202196930017872 0.293268793124149
-0.315128600218229 0.172056947751648 0.369212397638472 0.202140337276969
-0.0262635854955972 0.32681447265674 0.363790135466909 -0.0804763562134924
0.181856142789953 0.219229176679959 0.150898848544727 -0.229876118625342
0.255050433549259 0.0570595730684386 0.0275499863348889 -0.181146527337862
0.222120957303717 -0.0947428275138663 0.0184345360875905 -0.103898875033418
0.164728511406323 -0.12764417321508 0.0234003901668216 -0.0371844112814177
0.153702337513042 -0.136106777158968 0.0823909056369316 0.0326660661784349
0.229478138786343 -0.0615082027076957 0.102069445151542 0.134289261553976
0.240518807723457 0.0888504192009359 0.0467229021885497 0.249761472246273
0.194760008367036 0.245047681771814 -0.151603614321255 0.257712589461237
-0.0958342682923073 0.310622670926754 -0.250061269324799 0.101297466924041
-0.33695305719565 0.129199695823831 -0.127177067640976 -0.121261593632027
-0.388542021252651 -0.066052033534731 0.139618138331946 -0.0125451517547828
-0.185935971880117 -0.198730860786697 0.343772727416708 0.131769337427948
-0.303888471003333 -0.138492463111764 0.237266497474678 0.317464397356461
-0.272216481685078 0.0780875378378367 0.322158923139354 0.263263435892513
-0.0577451954928354 0.248584934251004 0.344494796092644 0.0252695373361737
0.131291101441261 0.182961223225866 0.220603120194962 -0.138415961789991
0.200274670937029 0.054969964941782 0.128930243529707 -0.163138580295031
0.185351079177839 -0.0737524362887366 0.0987953401002707 -0.13469029365859
0.141669171656317 -0.10895548159932 0.0858839202877054 -0.0814682858286455
0.13404637472291 -0.117804090523202 0.141868048402921 -0.0114260054088689
0.194469356054275 -0.0540734961677662 0.169034261910894 0.102101687770727
0.208896613771183 0.0795488392161278 0.112037444964894 0.24503302953654
0.149217368843255 0.228352278018399 -0.103737952620622 0.274809161795623
-0.122823625999112 0.246447545889842 -0.216335022583121 0.125270326786238
-0.28525415758552 0.0495406036551929 -0.0946173417585947 -0.098419736696377
-0.265474015359679 -0.108978241987074 0.220156560098556 0.034084122798692
-0.0234026177127249 -0.151535958811164 0.413970244929163 0.1934714221625
-0.131998433609227 -0.145422757119444 0.250401453777396 0.312653483999992
-0.165612277564727 -0.00139964171424763 0.280444358588719 0.287567459841293
-0.0534593991372325 0.132510739065442 0.319788136872669 0.0859137675393673
0.0699963951852623 0.108357678799754 0.258435056172629 -0.0809178330924566
0.114251542008519 0.0374653198502988 0.193544738284056 -0.15241903958988
0.117221010016693 -0.0430853926863677 0.150291929541591 -0.155915877496249
0.0957863383003915 -0.0722806633081416 0.131476987981324 -0.113011367096869
0.0969834112804243 -0.0813257762095621 0.187437884861442 -0.0445826309391903
0.139694910629676 -0.036751933055452 0.222238927073355 0.0831419329754519
0.155019702524097 0.0649358404221153 0.158884881271499 0.249612469263481
0.0840381727892682 0.190052304768588 -0.0759875251861172 0.291306198977404
-0.14006830285351 0.155054247778865 -0.199052003077521 0.138076686228486
-0.201803602104224 -0.0343412741181693 -0.0728737099416918 -0.0774598297493095
-0.108296478822674 -0.139218625579225 0.258135962014459 0.0847313441881248
-0.0317568159382328 0.112184387029407 -0.316375182509821 -0.0830477500375252
0.105789778583443 0.0656456532713671 0.0274979909457871 0.147711881866101
0.0876732384681635 -0.0677091185780268 0.243811826354651 -0.130080681316546
-0.0383904799587018 -0.0992634547198119 0.0893082660457625 -0.355296920388515
-0.0802187917644122 -0.0209210047162767 -0.213238959507733 -0.303340452325862
-0.0592445152095382 0.0136939210832665 -0.315554110926481 -0.0863048752784014
-0.0541983937601747 0.0310780618604908 -0.247662135387263 0.0665890544638584
-0.0367603984090306 0.0302015892914068 -0.177192758180207 0.142762088389164
-0.0359595048102332 -0.00104672029193101 -0.162332707049142 0.181994512890748
-0.0175584322151868 -0.0290017784546452 -0.203235520361403 0.177222784291629
-0.002851686534913 -0.0283805944702138 -0.271836289724823 0.0949310801803358
0.0404993157787653 -0.0328485417832231 -0.309488633711365 -0.0576356105028619
0.0590904210393841 0.0546244232276267 -0.275277562689359 -0.247994817001183
-0.0283135166675626 0.136943445925762 -0.244733193797079 -0.345070471245783
-0.125422623973863 0.0878377870787924 -0.409919071181845 -0.219508361437886
-0.180119817212437 0.0855234169977152 -0.294575258658542 -0.127528923394497
-0.0330859480426043 0.124188105176853 0.0292232095937665 0.153934650300627
0.0495422908768332 0.0495096763249444 0.279633821889808 -0.118161726651573
0.0302572817709529 -0.00392872686138391 0.126567937692235 -0.376103596776948
0.0104030179776906 0.0136629854257678 -0.206067648719556 -0.337581906897039
0.0314520210320338 -0.00176260294177008 -0.317360052706018 -0.108425291318579
0.0161626802986611 -0.0221854672769333 -0.247575699649275 0.0545368958960561
0.0227395254678961 -0.0204936127507126 -0.175441193766278 0.135483806739276
0.0360232058245258 -0.0418416548455258 -0.146545678781015 0.180267703860337
0.0841389468825289 -0.0208740447610959 -0.181040988129832 0.193963548170187
0.0745997401337268 0.0466546292610532 -0.25721033725871 0.136812457574027
0.0571770989099009 0.0848176129592661 -0.322136686405319 -0.0043146143741674
-0.0338976034848236 0.146490862437616 -0.293482550568559 -0.196642423390079
-0.192094261361764 0.137945430873796 -0.233577340150715 -0.290907495231215
-0.2943381232244 0.0414984313978885 -0.345738156860358 -0.184741155388379
-0.306849219753922 0.0236963201796741 -0.217962321231524 -0.142961907974866
-0.19696220119167 0.14457411092463 0.0535114613182036 0.176145915740317
-0.0319019291606615 0.164338972869598 0.331621103607553 -0.0769034949020808
0.0794475316703985 0.119383680128244 0.193483647426577 -0.372958347584697
0.10612644109714 0.0660072443021459 -0.162199747303272 -0.365214076977781
0.129148630910716 -0.00587824179306735 -0.284375333270707 -0.139508828557402
0.0925171775133074 -0.0696117329325251 -0.21834081797421 0.0247483147069196
0.0789981888193794 -0.0697763021848653 -0.150738388319921 0.108088453466598
0.0930812464210756 -0.0829031277493274 -0.104074291674221 0.161236720455582
0.16606340786672 -0.0309535796786709 -0.123190088361133 0.204672153393802
0.1538731273727 0.0851466389858235 -0.202056593276148 0.195514815682886
0.113663141791092 0.171629094321042 -0.314441931521794 0.0853909158951761
-0.0716032279295692 0.243804339871255 -0.315518317204091 -0.109862774026587
-0.303182808885337 0.170274275676242 -0.222573084433441 -0.23150749852531
-0.415622889834575 0.0211735210780069 -0.240029842135683 -0.13832017522136
-0.385001835689741 -0.0616551229193224 -0.0919688067990469 -0.121117040753263
-0.350980136918978 0.112562206714216 0.0986459895688254 0.21018400620937
-0.147647670946356 0.244046223564634 0.37888095703966 -0.000912035796719369
0.0868905581364377 0.245032646787633 0.272772212845119 -0.323623440499147
0.182357568192177 0.130986842470213 -0.0761609372432039 -0.364390171193951
0.214332334222546 0.00477174352306789 -0.209365081289619 -0.168983498528145
0.162324989575528 -0.102107815515537 -0.159178500139279 -0.0175597677789526
0.124199208776305 -0.109722198625056 -0.103934932263552 0.0669302144978944
0.12930544794798 -0.117779978864161 -0.0458918506756461 0.126678990713449
0.216396403473025 -0.0515391803407246 -0.0465900275727557 0.197379543198367
0.217162623857405 0.0916566032699322 -0.116309488917398 0.239089831754952
0.178571712702502 0.217163125176659 -0.269606649439716 0.176893008630433
-0.0686606110472782 0.316469859687105 -0.313058346933631 -0.0118775670572056
-0.35102036687902 0.202057334637354 -0.201763865148272 -0.17959690534807
-0.473763107877564 0.0105726015386105 -0.111584773622818 -0.0951931221183541
-0.392478238938893 -0.142006855356513 0.0650499923412522 -0.0595716033691022
-0.440674068060376 0.0338133305687165 0.157337921427015 0.249507771227203
-0.256500210492913 0.250774085820147 0.395740016499832 0.0950628258417595
0.0479518572075624 0.324936493159588 0.336381982478748 -0.222190141407265
0.21254587684678 0.187657755618252 0.034129033645318 -0.315824422791748
0.261849478325497 0.0250757402951783 -0.101225944066022 -0.184096003774608
0.206715019525325 -0.115517353246758 -0.0775218204774236 -0.0636858670619783
0.151904074826401 -0.132980569024874 -0.0438012640677058 0.015738185948708
0.145348128866647 -0.140487739234702 0.0194625352543812 0.0800042525375359
0.234428262195736 -0.0692021032498293 0.0337232719442409 0.168843632732903
0.248758142421944 0.0835220261607137 -0.02202403415499 0.254228326384058
0.216088195933717 0.232633630345652 -0.202123797951606 0.237483932676731
-0.064115829425309 0.339875400534401 -0.282964304289018 0.0648865682423752
-0.354469442001729 0.197294746723366 -0.170474293330451 -0.14137004406087
-0.462080614906867 -0.00886980931473929 0.0202576739108311 -0.058560438432836
-0.323773522614958 -0.190798915459087 0.220908408301031 0.0290973419439424
-0.423873466353177 -0.0608730940774014 0.211228436316117 0.285033843839167
-0.305166456981672 0.184496960592338 0.37658275967816 0.18654209843938
-0.00934775679080922 0.324038133643372 0.357942309911202 -0.09651453722367
0.19271123714118 0.206812771975284 0.137525344161273 -0.231569596725409
0.254983824884442 0.0407613850439709 0.0181785817853832 -0.180622450057381
0.21281414359146 -0.107361263207046 0.0117615703562494 -0.106206099514324
0.15468895274142 -0.135226183839136 0.0206924377493741 -0.0371643589263867
0.143430597806764 -0.143222616697223 0.0838250383551576 0.0294286628416237
0.223554038241576 -0.0737939067290173 0.109382633975474 0.130163037865322
0.245245066687601 0.0753951476939088 0.0611154214209197 0.248504195216726
0.206710718138867 0.230373791900148 -0.137280198787051 0.268371968964195
-0.0794152882277586 0.313872178518315 -0.241461150123127 0.111889561280397
-0.329590208439349 0.145908781139924 -0.134232636855039 -0.115522565807821
-0.388995338636482 -0.0473330007671042 0.134902131401425 -0.0229079392287211
-0.194337066833367 -0.190452764230725 0.346474483655288 0.116267994817585
-0.310012852873114 -0.121995699684855 0.246937264749812 0.307490212256108
-0.266980267679444 0.0898089714304732 0.333143793686431 0.249385261591985
-0.0440771315327541 0.249017898077101 0.344118975658283 0.010114482841571
0.140260886598849 0.173551127335032 0.211586057955443 -0.144393837842909
0.201036932882606 0.0420887153120009 0.120865825086673 -0.169332445861055
0.177810137843042 -0.0838767643222232 0.0890051266821404 -0.141626473026711
0.133628470791744 -0.115480421786139 0.0788070574957667 -0.0846000361946172
0.125429636973513 -0.124327553327853 0.139846027666296 -0.0179923225415843
0.189456473874854 -0.0638936750165785 0.173644798619822 0.0944442793524948
0.212111863607659 0.0671182641576086 0.125136803233446 0.238984870950911
0.160492354462028 0.216555731543182 -0.0891732647623525 0.28268299610509
-0.109086628659813 0.251174262377891 -0.207607370244413 0.135254686658921
-0.280991303076581 0.0636814560780255 -0.100253372579112 -0.0943318560135926
-0.267763344976578 -0.0958182849768205 0.216752655850696 0.0190897450380757
-0.0308738881621087 -0.151023991406286 0.420150262673806 0.173917863938918
-0.138960261819494 -0.138109068648784 0.26072575834233 0.301558707325609
-0.164946909322292 0.00586938297371567 0.292887700185456 0.276739217619915
-0.0467375520119144 0.134211604495909 0.322234164257998 0.0712875366708677
0.0750692020707682 0.10267222648128 0.253528104210641 -0.0908765326090638
0.114665060859998 0.0305497658519471 0.184525653967379 -0.162608081336484
0.112365299875468 -0.0497609600944733 0.138745645929703 -0.165786737502126
0.0903848101555105 -0.0764330179096235 0.122376664069621 -0.118289629575572
0.0915401909204647 -0.0861705066111386 0.18233898263576 -0.0522676447241641
0.136144982623753 -0.0436757696865616 0.224850258096977 0.072314898867556
0.157268494106765 0.0553392178402688 0.172000682072544 0.241532288376367
0.0942792352400316 0.182803556987028 -0.0604955613945405 0.296795838190996
-0.130419948978604 0.161719854337195 -0.190542472867867 0.147235973408828
-0.20225287395194 -0.0249477389902395 -0.0779957696863706 -0.0746961021595134
-0.113374960471331 -0.133978034522055 0.257727640057091 0.0678278778450291
-0.0306303274889634 0.114359866875784 -0.31860465007987 -0.0707865720074998
0.109095017240955 0.0624170912645852 0.0332013443677586 0.149459784098168
0.0846910954486233 -0.0700802639712598 0.238617010012811 -0.137975225538292
-0.0431098716199297 -0.0975537468407588 0.0746875905759977 -0.361445640112592
-0.0811103841945569 -0.0158264404479181 -0.224637816869805 -0.296501022719035
-0.0585217469683668 0.0176871589472289 -0.319377711949617 -0.070671213443603
-0.0514366081795131 0.0351006106094917 -0.244900879293885 0.0764659471986156
-0.0345703315345161 0.0328535854932839 -0.169601474444241 0.149650855077548
-0.0365553115355352 0.00131419086927437 -0.153173185514009 0.189938368825795
-0.0196923652398324 -0.0283773243529752 -0.195835735488651 0.187932561011281
-0.0032492800341947 -0.0274815686593332 -0.269784936226042 0.105870614720223
0.038873749812656 -0.0338510943888799 -0.310878125538473 -0.0483284222559073
0.0607819115095255 0.0536444933164289 -0.284107938132134 -0.241672858637888
-0.0218288900918828 0.138415724842711 -0.256693029056131 -0.337323806722898
-0.122015461518172 0.0921463337485987 -0.417613686501886 -0.204232392019301
-0.1785854265338 0.0918969067498584 -0.297905541390465 -0.114631527363419
-0.0270480172234454 0.126188043157491 0.0347569806193193 0.156650182190624
0.0511961085616417 0.0473049586472945 0.274961285014688 -0.128366640689203
0.0298581144107529 -0.00624343224443308 0.111787696773689 -0.382557080912372
0.0109517258814757 0.0140063332745629 -0.219540419803074 -0.329368007723153
0.0308102446005462 -0.00216982722743479 -0.321921280996957 -0.0933106270921025
0.0151126096203941 -0.0214828867497009 -0.245126373091109 0.0643044940099116
0.0226884929448384 -0.0205450035990105 -0.168469064333101 0.142240558818292
0.033684433767145 -0.0428458152081321 -0.138097653242273 0.187669352365213
0.0833210313764481 -0.0253739766545088 -0.172762543378107 0.204488854648121
0.0779167149659847 0.0443500664807078 -0.253606693663637 0.147941101387418
0.0600126627695921 0.0831745822457695 -0.322634149083544 0.00601802919522826
-0.0287537701630104 0.148211674188825 -0.301580040823001 -0.189984808277158
-0.18682724417231 0.145675842905845 -0.245011079181426 -0.285519382227782
-0.292317695315933 0.0517330793644025 -0.352024042523115 -0.172169935251043
-0.306260582165903 0.0331909243041396 -0.221711030890666 -0.133085475643873
-0.191273722622437 0.152822231974843 0.0593851966783043 0.178546928325192
-0.0256260202907916 0.165016255386841 0.328237751185107 -0.0878341615805779
0.0839227623905297 0.114080303561955 0.179143005831559 -0.381847941706706
0.108541835764977 0.0615425505621809 -0.175626624374861 -0.356993772458891
0.128623575481066 -0.0109218972635022 -0.289265262367601 -0.126555082666536
0.0891637512237355 -0.0727606086674859 -0.217137561230903 0.0329082690702908
0.0762142766067812 -0.0713421494637639 -0.144574010293839 0.114300239909005
0.0883223072428932 -0.0864502491814547 -0.0971986518987479 0.166667003953333
0.164159418070082 -0.0391340647704988 -0.114772793230716 0.213121841545727
0.159324799793057 0.0795708929164573 -0.19558252802036 0.205273511236685
0.119747554427649 0.167176212935357 -0.311496256143118 0.0987653858507245
-0.0627439844020656 0.247204709996203 -0.321159754296608 -0.10211042578079
-0.296720869378169 0.182098081198418 -0.232311081418703 -0.225383402690452
-0.414688716718229 0.0360567284629007 -0.246651421942403 -0.130550157594321
-0.38762307671587 -0.0498385068092184 -0.0963222010016062 -0.116085160016679
-0.346306191147014 0.126856122682119 0.105201283080757 0.211347509152631
-0.139107225760117 0.247561224045616 0.378525172071292 -0.0132717504784849
0.0962894834738093 0.23887973320706 0.26147991547364 -0.333891480802929
0.187128224238035 0.123491385753449 -0.0898757860861753 -0.358403500299914
0.213784621865406 -0.00479903784467287 -0.215987794066964 -0.159524477849254
0.155913845382054 -0.108909493275069 -0.160384197730011 -0.0124319151814945
0.119478559219889 -0.113186881608026 -0.100337338068753 0.0715476846494753
0.123111177290325 -0.122966176945374 -0.0397495868386893 0.129051597381439
0.213785324354706 -0.0619746142998187 -0.0381441456124201 0.202036890428358
0.222912259460168 0.0829600603293001 -0.107022180147958 0.24602182508167
0.187148751368025 0.209500366148347 -0.263538433795848 0.189156842088567
-0.0567754611761752 0.319289013672729 -0.314007418307072 -0.00339135382374711
-0.344239071986345 0.215710222563209 -0.209761181123417 -0.173239278056888
-0.473162319960285 0.0270700736981091 -0.11776725923367 -0.0927930310621861
-0.397418458990317 -0.131625912993774 0.0630585318042399 -0.0596513114268163
-0.439600897095244 0.0510407300168943 0.163363745024474 0.248491606336741
-0.248205081506714 0.257819001971829 0.399383532604928 0.0842792740439494
0.0601999916001387 0.321408964841948 0.32848724185383 -0.234157608404726
0.219737459917257 0.178541836991874 0.0225150426769527 -0.313331221517432
0.261620259163658 0.0129011036875159 -0.107765513869632 -0.179055680481121
0.199522119457708 -0.123191051628683 -0.0807387399663289 -0.062282544351225
0.144999488949611 -0.138130070265674 -0.043274599750511 0.0188241974964989
0.137704332854597 -0.145283957974393 0.0235114506609769 0.0799973999158054
0.231625774373938 -0.0798972110099367 0.0414168082849568 0.170413015143738
0.254037647707987 0.0725674687120413 -0.0113886224024577 0.257589698271625
0.224711690011423 0.221401031214111 -0.193122788987937 0.248821407865411
-0.0512980913906655 0.34255558184375 -0.279852464278031 0.074224029639084
-0.34897795243358 0.211791334570911 -0.177080483001203 -0.135704664977188
-0.461978266449599 0.00787587134051784 0.0150965766463281 -0.0619587762107555
-0.330128933091139 -0.181502650252864 0.221881041388203 0.0236502156206894
-0.426325394378138 -0.0442851795442592 0.218463008977963 0.282013948940589
-0.298621452040123 0.193947564750757 0.382656527518138 0.176453786224929
0.00281142724366217 0.322995138277318 0.355332442247926 -0.108836500255717
0.200465506467286 0.197853854015165 0.129531570410051 -0.232032642286389
0.25556788679899 0.0295693426905261 0.0126098470666903 -0.180790602919767
0.205046577613982 -0.116888991774632 0.00606232640944065 -0.108828744041181
0.147952129012004 -0.14062251996607 0.0177536370652412 -0.0369217388201967
0.135940868949952 -0.148243515495706 0.0849907129369932 0.0264129953847451
0.219427221608252 -0.0839429909335877 0.115059236146369 0.128423983736204
0.249472960756806 0.0650349323900751 0.0717471858013653 0.247671052629776
0.21522986588974 0.220468778830403 -0.126850525778074 0.277370031826537
-0.0664247394408035 0.317058213193031 -0.237166962418578 0.119959454127413
-0.324392690963573 0.159294546515938 -0.139802927840391 -0.111408536308714
-0.389447531565258 -0.0334868776179805 0.130856422000039 -0.0311442316172521
-0.200577880795736 -0.185447550840462 0.350246685255348 0.104735439859416
-0.314254474042983 -0.109976006498147 0.254503121294481 0.30211636390391
-0.263988337324776 0.0982869599989424 0.342377029481859 0.240636444989417
-0.0348463445473927 0.249424633276732 0.34409352843192 -0.000590720907464727
0.147111238965332 0.166639646688617 0.206851706091171 -0.148000094532396
0.201721409463005 0.0329757609807327 0.115574827402188 -0.174516193820501
0.171819093410439 -0.0911920459907515 0.0816243441687077 -0.147070841541371
0.127162750619638 -0.119908612758549 0.0739171338009824 -0.0865073616478367
0.118612293635586 -0.128886446554751 0.139125214858079 -0.0227698782237699
0.185701614573829 -0.0717100660980765 0.177838201971347 0.0895546469122185
0.215667215113426 0.0576093835067997 0.135499230083754 0.236469336029198
0.169923558013508 0.20794872313791 -0.0782551974392354 0.290263906366099
-0.0990221204515099 0.25554673188781 -0.201496412343015 0.142340179970253
-0.278920251377245 0.0743737687913058 -0.10563112894772 -0.0915671545844116
-0.270045147596107 -0.0874109167596709 0.213892834275516 0.00795605624702179
-0.0361194331692993 -0.150572086211397 0.425236616499369 0.160711206281124
-0.144315287785019 -0.133224620192946 0.267729055410285 0.296513954350007
-0.164943453417694 0.0110283668508203 0.303662726904294 0.269017672194267
-0.0414673115181008 0.134863248390657 0.324810578421075 0.0615168671198513
0.0787303436637053 0.0986063543630487 0.250896753596459 -0.0973077031333402
0.115413293682298 0.0250926360252291 0.179780571615259 -0.171405440167038
0.10861968750272 -0.0537056487344135 0.130347075690324 -0.172565351505588
0.0861829682841434 -0.0795019654485814 0.115368530626843 -0.121527850637675
0.0855215921420361 -0.0896115790541619 0.179906485346085 -0.0583513765736811
0.13347425094372 -0.0483830975215677 0.227827393245409 0.0642725330290902
0.159278045453933 0.0484128536930963 0.182206951509829 0.236490497386445
0.102512306283056 0.176957676813418 -0.0479295035649094 0.302396229013281
-0.12363694251934 0.167053458988897 -0.184962756827292 0.154526531673526
-0.202833918155714 -0.0184910257477731 -0.0837164211828133 -0.0727025271559155
-0.117319178981264 -0.131756172417401 0.256745264103746 0.0553884723425791
-0.0290972879269423 0.11755582179667 -0.323742223462831 -0.0604153684586864
0.113746793127815 0.0589679766015064 0.0390388892463164 0.152847649587812
0.083192442602852 -0.0734751324555315 0.235880153432311 -0.147024131603027
-0.0474289470446253 -0.0968447692578459 0.0616740765309674 -0.368039443035695
-0.0816725681578852 -0.0112326565901845 -0.237566313152162 -0.291405568548471
-0.0574526799106388 0.0218129014212997 -0.324253105397288 -0.057593571218486
-0.0490350637464529 0.0382671075843164 -0.243990216603428 0.0883577127976797
-0.0316413889592371 0.0350211621105794 -0.16279022639853 0.157595018673574
-0.0368870426750791 0.00421214618016898 -0.145821086965393 0.199817918765109
-0.021230041559453 -0.027789925355084 -0.190317885644974 0.200198022071486
-0.00373047518878306 -0.0267094163387695 -0.269004590616933 0.117723807219759
0.0372331592753295 -0.035572054736021 -0.314951887374842 -0.0389392621356362
0.0631511019595999 0.0527356894179071 -0.295324288167141 -0.237608849319887
-0.0154543232229793 0.140247904092583 -0.269828826264722 -0.333496255884106
-0.119518021033888 0.0973391741185684 -0.427247912415363 -0.190931872011488
-0.178853488671056 0.0986287460153978 -0.302876343838281 -0.104091006653932
-0.0213631873801012 0.129648185826756 0.0410401534643822 0.160258201888448
0.0536798194286494 0.0455563291184992 0.271905433019528 -0.138233429792422
0.0291539512515551 -0.00827672132341368 0.0992459067580802 -0.393377004299149
0.0115950480679282 0.0145358958002735 -0.234229460137474 -0.323717248434242
0.0312400977749199 -0.0021395518142678 -0.327872336704378 -0.0794624693477681
0.0150051097274 -0.0216181638378703 -0.245033955788475 0.0749600587981029
0.0234445437104856 -0.0201739978056332 -0.162760909227017 0.150244125954663
0.0316638633435898 -0.0437608694251292 -0.130662259288838 0.196399984250815
0.0827280205044311 -0.0293745538437119 -0.166106422292242 0.216020815879014
0.0811840697037703 0.0420423363234927 -0.251999421150901 0.160280001663414
0.0639302885686885 0.0827975808288431 -0.325269111674015 0.0175681147457234
-0.0244770516186776 0.150883488795491 -0.310634926198153 -0.184708140947041
-0.182835409299682 0.153977336314585 -0.258078279724777 -0.280057496114542
-0.291662891726345 0.0617462124053286 -0.362096700728773 -0.162855083297327
-0.30948948522734 0.0424404095238958 -0.227549071194321 -0.124865894070263
-0.186054881572015 0.162358346674921 0.0670516658053208 0.182817718598129
-0.0205076101599467 0.165789264992554 0.327924354105763 -0.0985010973690804
0.087956289285331 0.11036962269002 0.167344411169061 -0.393140436444989
0.11205898428431 0.0586971653736172 -0.190363089040772 -0.351978667229835
0.128370846478326 -0.0160231723094651 -0.295632352144241 -0.113852409955144
0.0864040822038105 -0.0762804338349546 -0.218360908418711 0.0411266292664606
0.0745229853587674 -0.0738842568437253 -0.140359883902515 0.121496161573327
0.0846426662433452 -0.0896950075404246 -0.0904875930212457 0.173040096652251
0.164135141388631 -0.0466755693407294 -0.106578863748594 0.222387649086633
0.16549914902448 0.0736830735608155 -0.189955920098175 0.217006952003443
0.126781565240457 0.163969253245342 -0.310647377646038 0.112635979357272
-0.0542632218895054 0.252414740669953 -0.327551878626636 -0.0954919129689231
-0.292590347070757 0.195323607090753 -0.242453495907739 -0.220926649213668
-0.415678278112654 0.0495963133463162 -0.255249166027485 -0.124101652399078
-0.394210430282066 -0.0383838300549302 -0.0998504582166337 -0.111474171432978
-0.344973477864808 0.142560714239822 0.113218019187183 0.215011929808578
-0.131885795061566 0.253277780861338 0.380873533196408 -0.0243602635200292
0.106029013596932 0.234545312521734 0.252739995502537 -0.345438821959674
0.193060790807861 0.116575756146199 -0.103153109030526 -0.355259023773269
0.214093120560578 -0.0136888330029539 -0.222329533311643 -0.15112285803351
0.150901564611762 -0.115787060655289 -0.163183640504865 -0.00764007423532338
0.115418731260095 -0.117434913167332 -0.097830897252482 0.0765504665311819
0.118398490298166 -0.127204705799545 -0.0345810161748457 0.132235527596755
0.212515084573917 -0.0718906504256644 -0.0289457470975388 0.20896070482603
0.229943782013071 0.0746186705589939 -0.0986378148926961 0.254725131145409
0.196859605040979 0.202801143859954 -0.259166363040796 0.202804487709694
-0.0454960218576533 0.325015932097039 -0.317636436468352 0.00395656099544206
-0.340962154262252 0.231546959957139 -0.21871793545782 -0.168745477599534
-0.475089871049743 0.0423934869239411 -0.124484266957898 -0.0910124129063529
-0.406686898779759 -0.121904050900653 0.0616264419128824 -0.0602127123529489
-0.440874825724481 0.067948199041589 0.171802966243685 0.250672631570822
-0.242187331782634 0.268221555279299 0.40726879278116 0.0739953238398448
0.0718656782355597 0.319663437115924 0.325293896964318 -0.245883555835113
0.228007552386775 0.17013566792125 0.0127792182310599 -0.312905893879462
0.262317000775999 0.00210984657307728 -0.113407223835462 -0.175540635822618
0.193428425359981 -0.13249113285207 -0.085410871547422 -0.061333403713413
0.14057192632592 -0.143355622000223 -0.0416846724218147 0.0215618250161725
0.131599660244372 -0.150828547628816 0.0277687673587606 0.0798208991749983
0.228732244950116 -0.0909087112169275 0.0499398926147802 0.17361300104159
0.260138658396261 0.0639084774863127 -0.000948635054497723 0.262992023987991
0.235308700018976 0.213544105351591 -0.185309858051474 0.261497292501475
-0.0381257511114104 0.347381012368735 -0.279239428501604 0.0822809678146892
-0.342497691918484 0.227667176302671 -0.184648541413712 -0.132103430336652
-0.464744729557984 0.0223758024860697 0.00955618140561741 -0.0648255858668535
-0.339618004110357 -0.174001299002576 0.223866104231879 0.0171972697691819
-0.431556780651478 -0.0283600147282054 0.227869519033146 0.282539870322537
-0.296765251767615 0.204198405905444 0.392912792428286 0.16939436787113
0.0141119887067003 0.323585122116198 0.355054127091035 -0.120870731874992
0.209134380876495 0.190472580870156 0.123437457616575 -0.235277344219849
0.257776306743517 0.0181353796837373 0.00741828761084542 -0.183039434772059
0.200245152699095 -0.125531600217049 0.000472786861393643 -0.112000445774971
0.143139031926316 -0.14650597883654 0.0174804642215896 -0.0361506247504135
0.129434425529924 -0.153111141149332 0.0869360380424604 0.0235885906842523
0.217489274864075 -0.0930331540831543 0.121632911822132 0.127639145509035
0.254881348791781 0.0551545995802211 0.083499536203991 0.249540308342471
0.225981202585543 0.211133471358771 -0.116849022842642 0.288174597529019
-0.0555036499078708 0.321276871752572 -0.234492432592784 0.128639372060083
-0.321187775712967 0.17277890463845 -0.146244604945846 -0.109089695897153
-0.394035865421657 -0.0212816900836413 0.126724600409449 -0.0381348711124595
-0.208591851850599 -0.181886625058478 0.356018724859464 0.0958529810732255
-0.321178637672384 -0.100274923835094 0.264379524720809 0.301041477430186
-0.264250517771789 0.106987885004549 0.353510717288404 0.23575919333201
-0.0278013899583914 0.251283821382442 0.346990330594631 -0.0113284008268812
0.154297861418036 0.161710026790494 0.204907428079353 -0.15311439263092
0.203405266941048 0.0248790607246264 0.112211303057469 -0.181047887909968
0.167141603977567 -0.0988010321623878 0.0741511770791846 -0.153076377928044
0.12257604134038 -0.125038062303392 0.0703127230652714 -0.0882084982603216
0.112416617599692 -0.133764564837598 0.138941801914815 -0.0274988535340923
0.184304219424354 -0.0800727245140694 0.18374130484287 0.0851028184613813
0.219908258782657 0.0485522855488456 0.147690720310855 0.235779706217227
0.17870088817815 0.20050951169253 -0.0663877821378792 0.298818236552709
-0.0888373875757431 0.261279319792596 -0.19851577674394 0.150519808640345
-0.278370768378663 0.0856287624787605 -0.111736570685613 -0.0894636560608828
-0.273895682555685 -0.0796953973919744 0.212064342804232 -0.00233690801586496
-0.0416749411710096 -0.150706868152895 0.432787787915398 0.147972404188433
-0.150029826982975 -0.129020217100763 0.277591141540142 0.294670352608788
-0.167652749126787 0.0160637367537756 0.316272027316459 0.264011662140965
-0.0375335044166687 0.13709221607044 0.329657748488306 0.0526405896428663
0.082331355832444 0.0953661676098798 0.251519618172587 -0.104195881967286
0.116114135179701 0.0203137576352852 0.176387798655865 -0.181676133275159
0.106374774301089 -0.0571728219587005 0.122760982854936 -0.180192765868922
0.0841597353004118 -0.0828735891891123 0.110002171599555 -0.125427527605327
0.082445093518792 -0.0929477835256241 0.178504098012487 -0.0640193950655546
0.132350968274694 -0.0538868125972038 0.23236011925332 0.0580244143737956
0.162177013423681 0.0416255867211527 0.195004986329907 0.23375027764914
0.10998675421761 0.172209096150171 -0.0365140430400137 0.310572671451529
-0.118106639668874 0.173605328931382 -0.180304278677019 0.16273077499727
-0.204864051936173 -0.0115246056405483 -0.0895036068079026 -0.0716488581944392
-0.121872179401552 -0.129747493457645 0.257094014897408 0.0441496711397598
-0.0474588768893346 0.107994514900656 -0.313965264514646 -0.113598987714818
0.10021113206339 0.075365750093375 0.010993262212926 0.166399608057428
0.0939503044488215 -0.0536602223386194 0.261375523030785 -0.0990796222075673
-0.0276674499531051 -0.0961508336866227 0.127011963483069 -0.357944828609801
-0.0728216856563711 -0.0215215816139459 -0.184478203845845 -0.331835434933054
-0.0573674736772676 0.0137063870027644 -0.312898290579816 -0.115115131076926
-0.0528867860171035 0.0322963783614655 -0.26183373377388 0.0432963519368935
-0.0353956615100718 0.0304852700273076 -0.188135407732733 0.125606887196289
-0.037004352962553 -0.00198239267888312 -0.179077192446784 0.174320119175109
-0.0153260109188754 -0.0311733586762268 -0.224399890160798 0.163474466783031
0.00192887493108482 -0.0267702675174995 -0.289411144812039 0.0668756787080622
0.0421931820914266 -0.0237579690261916 -0.304448392975845 -0.102670916910542
0.0493993723020004 0.0663160143883939 -0.250090806459767 -0.295820612681452
-0.0444391813557137 0.137159359303641 -0.21473372825436 -0.389511318210614
-0.1373318438093 0.0727698529625777 -0.396991214470891 -0.281963180820927
-0.188900554342802 0.0618702746104329 -0.288053733539244 -0.154839431253913
-0.0429615433799224 0.122258017562528 0.00952430888544449 0.169485848533149
0.0439157609480424 0.0577367281952049 0.291360249927831 -0.0852748450888374
0.03102034674882 0.00102567513774201 0.165763791541257 -0.373284000420563
0.0151234751691922 0.0200603129303534 -0.177275134224926 -0.36121228256436
0.0340408871221876 0.00494230724570452 -0.312799851025463 -0.136087057846382
0.0196438879257551 -0.0171245903645828 -0.26044786815864 0.0303344868705617
0.0291582190855977 -0.0156321535071908 -0.186809924110274 0.118592951074357
0.0395312385400235 -0.0365950539712907 -0.163693701275821 0.173749693382437
0.0871634708983687 -0.0143157201826771 -0.201609134172206 0.185229037722404
0.0742371052261084 0.0573890405644552 -0.27750427052446 0.115704494509768
0.0459749911638258 0.0954357603830736 -0.325396426047975 -0.0431629490638928
-0.0581805775171331 0.147407409848536 -0.279166272180169 -0.241823073943274
-0.213862781733593 0.118100139674338 -0.214344828247531 -0.336100809358277
-0.300839507269265 0.0028698202191289 -0.338180448919721 -0.239650184594927
-0.306293095903958 -0.0168778142879494 -0.209795097853085 -0.16371124223379
-0.208975229029911 0.127561728305244 0.0304567278209421 0.190437441801581
-0.0498605396047609 0.16231628772648 0.336696533108292 -0.0383581159502756
0.0673081949650521 0.125296881927222 0.232016047469156 -0.360252520646163
0.104218894756775 0.0803216043954064 -0.131448749227584 -0.383263887908187
0.131673642307007 0.00782748710902986 -0.275844787596876 -0.163508966043209
0.0976721657792811 -0.0595690698216334 -0.226097296210809 0.000641015594505152
0.0896423632705635 -0.059076751202023 -0.160070594176243 0.0948717126915101
0.100603679503755 -0.0720868887723151 -0.119083705304919 0.157331868192536
0.170092141580335 -0.0177879296499948 -0.142927467023858 0.203568132571037
0.152217970582158 0.105080383915204 -0.224035907302547 0.184691011570472
0.0921062822527746 0.187510719027882 -0.327092592072275 0.0570165933246913
-0.109346694869823 0.242380709231352 -0.314203064358542 -0.150915234371949
-0.33160013547952 0.139158503651802 -0.211311868970491 -0.272712945927174
-0.422485329021982 -0.0337409934294921 -0.238987032589721 -0.178474548896407
-0.37469702879209 -0.1122280828601 -0.085465124927637 -0.130111143251008
-0.361533283976231 0.0824245272956392 0.0721639753060593 0.224660678090252
-0.175802299559474 0.228699100994025 0.373533527413747 0.0420921176989985
0.0618180121102121 0.247955605340491 0.306661641332139 -0.298200376758304
0.171780632335492 0.151837184280548 -0.0449656166546561 -0.369482216186014
0.215014688117275 0.0245480273124208 -0.197739200356501 -0.184842196343858
0.167404041681417 -0.0884999238580736 -0.161337442871103 -0.0371382082563283
0.138115039075087 -0.0960377372729676 -0.110397842754847 0.0585583026143983
0.139333759802544 -0.103077379730501 -0.0567050190904665 0.126792592877491
0.223288593318626 -0.0335545741765855 -0.0626382177403899 0.20403452381533
0.215987664930979 0.118057563188558 -0.135919894864577 0.23912025120956
0.154080648653489 0.238545742440279 -0.290252120476554 0.160315888383693
-0.114006863158983 0.31756277200975 -0.321455190723556 -0.0464517362082677
-0.386622787100828 0.164331093695362 -0.198241280468276 -0.216730291309078
-0.479151860258208 -0.0497863600043091 -0.112490448643748 -0.1191403688977
-0.373518338130661 -0.192413340293852 0.066878479678927 -0.0520791834503464
-0.444629070979627 -0.00492353434487518 0.127660128060202 0.266820509701191
-0.289682529080439 0.223497411042405 0.381944390088125 0.141206786847862
0.0135962015796503 0.3237465483532 0.359944320778583 -0.186242527709753
0.194854205553409 0.210259255767177 0.0629557972126725 -0.308569753641839
0.258018059714855 0.0484185201491244 -0.0832773277531891 -0.189984003896966
0.211603260212841 -0.0981380802781612 -0.0725050839044283 -0.0772675510410459
0.166119953506197 -0.117319729968753 -0.0458767301066129 0.0143839213669909
0.156682416121477 -0.123391166506805 0.0141445068767335 0.0851331277318124
0.241706415507429 -0.048954250076824 0.0224883937438486 0.183959815440943
0.248006213180281 0.112045279326992 -0.0395992965320402 0.264772907180851
0.189048235067018 0.254515574277488 -0.22657091882977 0.234408333571371
-0.110809175846982 0.339813004410239 -0.296470542056999 0.0411901110548606
-0.387782028731246 0.159737025401989 -0.170692395227936 -0.171815142869753
-0.464790807161679 -0.0681418195750612 0.0177792442811487 -0.0658030937439264
-0.302744502065776 -0.230403019386549 0.216732477422346 0.053666476867023
-0.422691179854325 -0.0976983845718212 0.18067961181517 0.309117992250869
-0.332390317494694 0.150938217328381 0.352595062256528 0.230383307515942
-0.0451812596566644 0.316639343256288 0.367711593826726 -0.0569787430618598
0.17080646748386 0.22559679394609 0.160156962254012 -0.210938653262341
0.24922277811718 0.0637407156977237 0.038260861483016 -0.178168922831453
0.215509875732269 -0.0902857082581057 0.0220404998877456 -0.112813269662403
0.168031514637176 -0.120664800862025 0.0225648980024244 -0.0316564958963674
0.154327914041271 -0.126432982170297 0.0839038280673915 0.039594895064627
0.230732284069709 -0.0543801577780978 0.101315332789884 0.151253038805036
0.24328235316905 0.102331790487336 0.0469441283443819 0.266499611409061
0.181832030666164 0.250287378576392 -0.162926838252993 0.274647903973282
-0.123099029298696 0.31087078023951 -0.259988346081838 0.0950511658386628
-0.355347784471872 0.108765651299054 -0.135072270335013 -0.141678925232193
-0.385115309212249 -0.0987900843271535 0.133152235331928 -0.0156686158655721
-0.174706024572139 -0.213526533664452 0.336024730890677 0.155317757811841
-0.302262955080587 -0.149126567115994 0.215574708485684 0.338166040615247
-0.284836623659367 0.0614442444788654 0.304670888138661 0.290642084932161
-0.0733181634931503 0.239919268715453 0.341077270860812 0.0506209390632885
0.120505674770593 0.186961037901199 0.227978371739258 -0.116868917716687
0.194054526871548 0.0608323335763916 0.142480976153497 -0.159215670438644
0.179343002241223 -0.0702628164995335 0.103564150936402 -0.140452567771659
0.145195993389306 -0.102900671279218 0.0839486625270348 -0.0731254475010482
0.134191372515029 -0.109709615009285 0.143989388333658 -0.000705936081834869
0.194844578623296 -0.0468194262120914 0.168630362347089 0.120446815716476
0.208799458753594 0.089061422232554 0.112369138903671 0.264029069919901
0.138029082142634 0.22942283356599 -0.116338209913799 0.294505555038032
-0.143866485131574 0.244145796341658 -0.228349828721142 0.122969130651712
-0.294460966164984 0.0300067519816743 -0.102986224626079 -0.116070804846174
-0.256022315131824 -0.134028360447927 0.213249589612729 0.0382157312010156
-0.0182903223238127 -0.152375466474023 0.404968493133609 0.221104922649314
-0.131572868438615 -0.150066649959949 0.230317102456974 0.339662913878391
-0.173758990926002 -0.0118880733715469 0.26663857449052 0.313790302837778
-0.0632870089325616 0.128356664719577 0.314827334354693 0.110865436081654
0.0611744890980598 0.109877468710399 0.267256540381934 -0.0599641199234191
0.108744000315627 0.0415886353218891 0.207998222929893 -0.151524412709407
0.113070919099714 -0.039703196686796 0.156326112532747 -0.159990674373105
0.0986836359358116 -0.0677959098452728 0.129332744145015 -0.102261839448393
0.0966574436901793 -0.0753756238611881 0.189283811397301 -0.0301272303864413
0.139880656048481 -0.0298796306960544 0.220959635547739 0.101624963564524
0.152233327093668 0.0709761922407208 0.157685561197176 0.26921433730781
0.0766622534367775 0.188410657206749 -0.0903471970492081 0.310669496799647
-0.153825912637669 0.150306073314765 -0.213107004125253 0.135230925247633
-0.202250640844931 -0.052789051487691 -0.0817983756542637 -0.0942328336357837
-0.0954869227473386 -0.154854682513505 0.251425586186645 0.0936327715332271
-0.0446969695888533 0.111465412539358 -0.320072628145173 -0.102224277086327
0.104716339122314 0.0713555612562377 0.0180419551258906 0.17078258114868
0.0926211677122676 -0.0566107032950677 0.258716152349067 -0.107478061662022
-0.0323368219941605 -0.095245996563998 0.112587692120823 -0.365549881653891
-0.0726416532556241 -0.0183365277439575 -0.198399263751255 -0.3275945827796
-0.054735065714235 0.0171404657115876 -0.316846300546723 -0.101876219509467
-0.04974457370401 0.0350406150688266 -0.259882950280174 0.0564926547954337
-0.0319515831761363 0.0319295303991823 -0.182527870731639 0.133173169922133
-0.0368545029747187 0.00125781240538972 -0.170571045038578 0.183853533438187
-0.0177895770591904 -0.0300321365037083 -0.218041613212413 0.174789474398441
0.0012243892941578 -0.0268850269200917 -0.289113497939582 0.0785898700306
0.0409007831500984 -0.0261818995101212 -0.308267879728425 -0.0940556929158988
0.0514968950035317 0.0654417807194396 -0.263057497486494 -0.29011938592761
-0.0376067742743361 0.138907615857729 -0.225994726626495 -0.383457193078883
-0.134981304857016 0.0759962877257332 -0.404545421263542 -0.266390512296796
-0.188103432424559 0.0686181322242725 -0.294109518709663 -0.14463119509622
-0.0363087763397238 0.12441729445478 0.0167694418257787 0.173754776369241
0.0469255896835866 0.0557753159496747 0.288937768396035 -0.0937231338206788
0.0304961303177807 -0.000687995424366747 0.15098137553973 -0.381885769419139
0.0163277650672426 0.0199812981367828 -0.190963669428801 -0.356805316015132
0.0350025039777991 0.004554139339117 -0.318593402354279 -0.122215281201227
0.0195725842336268 -0.0166388796842846 -0.259279221915171 0.0417786080498003
0.0307585109383056 -0.0157876875428491 -0.181788395131945 0.126502690432275
0.0382317080070432 -0.0368175871685215 -0.1557958392654 0.182411303261661
0.0860960824766493 -0.0187780102801403 -0.193266738456881 0.196859233244176
0.0780128644160466 0.054474431429408 -0.274506334841627 0.127959227419844
0.0499385348572203 0.093721487915721 -0.327203173557902 -0.0321852153406068
-0.0531448323742051 0.150471547658626 -0.288910717731112 -0.235698898252861
-0.208577553340938 0.126880856353092 -0.224386461707996 -0.330068370819375
-0.299289360100339 0.0124342774559716 -0.34699015320884 -0.228195467880755
-0.30813532476995 -0.0070628444638713 -0.215343304500563 -0.156419202973881
-0.203370953603917 0.136567349407693 0.0378571081793265 0.194751273026113
-0.0444578278601466 0.163777761926743 0.335489249407765 -0.048581295291565
0.0716367939396515 0.121462956819949 0.218466315294072 -0.371107486466183
0.108223631332753 0.0765027597480411 -0.144661755702244 -0.3778844349112
0.13196942084676 0.00293247407367533 -0.281111574079274 -0.151681954069619
0.0948765257167803 -0.0630591054523464 -0.227089710776174 0.0108291741621308
0.0884419236554487 -0.0625135006102258 -0.155959480974373 0.102152973696334
0.0969412002669067 -0.0750716251497333 -0.112469350938754 0.163602305280624
0.1689284758242 -0.0260171699403725 -0.13348248195472 0.213329736276007
0.158556623409035 0.0982690023869679 -0.217484635817036 0.194750086949083
0.100210786947299 0.18347969834921 -0.32569311283341 0.071045204640397
-0.100687305553705 0.248020137583955 -0.321014360558432 -0.143529683312788
-0.327707183074373 0.151950628813242 -0.222362431371197 -0.267855131313054
-0.421056830957453 -0.0186474972743976 -0.247174187880483 -0.171235325660096
-0.380062317809285 -0.100216190229576 -0.0899231826067153 -0.125886247192197
-0.35873880711753 0.0982834072216844 0.0805200284474158 0.227987251873715
-0.168810845024429 0.234003625217039 0.375514038516351 0.0306435728728419
0.0701485715657634 0.244979886304396 0.296009995353867 -0.310474235709071
0.178534915488397 0.144755551653362 -0.057258402034275 -0.365933117141186
0.215499584636391 0.0153254805095005 -0.202815259893298 -0.176737961173483
0.162858088490213 -0.0955652440159925 -0.163692557647099 -0.031127579902594
0.134364880015337 -0.1007831333878 -0.10804577634567 0.0640883929989515
0.134642223409311 -0.107363940241548 -0.0515511513534721 0.130461004625079
0.220610758532843 -0.0442353819026214 -0.051785132428832 0.210269849447423
0.223095809222315 0.109550061403227 -0.126726743006044 0.246563077498085
0.164212609401486 0.231216514712098 -0.284263324601336 0.173687349135725
-0.101752964094009 0.322824008196173 -0.323385765622205 -0.0369887215184552
-0.381357451966837 0.180977816821696 -0.207029834082431 -0.210630265937595
-0.478752807290166 -0.0342499511023465 -0.119992057497854 -0.116220699811862
-0.381102264756891 -0.182105133185402 0.065532395952196 -0.0532659720989697
-0.445318173315576 0.0131001978613166 0.13698655954749 0.268236012078732
-0.282419657268141 0.234054720726424 0.387518597927141 0.129485447518797
0.0250825690168606 0.322885889098222 0.353548064115139 -0.198686945917285
0.203296148915302 0.202700697723495 0.0534864199545163 -0.308171899376966
0.259855218060534 0.0363946722121676 -0.0893492153764675 -0.187939800049222
0.205355513347214 -0.106823381496169 -0.0769247399889022 -0.0758284700595753
0.161770096716301 -0.124358458381463 -0.0452232714453172 0.0176491408227104
0.150355772182034 -0.128498125282789 0.0175576350273968 0.0849957834336516
0.238996982155665 -0.0602475202780449 0.0327714081436904 0.186463433216415
0.254789079891006 0.101344969528526 -0.0281715524118282 0.268046462079501
0.200573888322829 0.245062607023378 -0.217020429880044 0.24700703937136
-0.0970394865011851 0.346334827667704 -0.296021373244602 0.0497084684472196
-0.381891027645982 0.175048346306471 -0.178737041178484 -0.167787196149258
-0.465635057670872 -0.0531324692126249 0.0124495733850239 -0.0680041098001236
-0.310602628488275 -0.222789915386681 0.218354783116502 0.0476238282660505
-0.427279385441776 -0.0810547288673248 0.19044299255366 0.308261955323317
-0.329363606184633 0.162736427373886 0.361599420780552 0.219792352912278
-0.0336162783165063 0.31821655111496 0.365786683748804 -0.0693948481924748
0.180127040068293 0.218267250034859 0.154355427599606 -0.213889862236438
0.251816546483757 0.0528054243536656 0.0337999692917512 -0.181306304292557
0.210205458143044 -0.100196995991751 0.0162787071819498 -0.115176817159233
0.164112015641847 -0.127481845222562 0.021118762449154 -0.0316195767789035
0.148068911931708 -0.131346654712938 0.0852055396188166 0.0373390704218747
0.226715900607427 -0.0646488981700342 0.109610938445297 0.150131448030415
0.248783687134913 0.0907480158018969 0.0591490844789751 0.267146880428155
0.192774804523004 0.240107190665995 -0.151761234345189 0.284627173059347
-0.110393794263254 0.316765862369859 -0.256118100351788 0.103657535167742
-0.350161912645885 0.124085932391202 -0.142416653577271 -0.137869339196439
-0.386839508857716 -0.087160580973271 0.128671436461731 -0.0230603335793043
-0.182044090605552 -0.209243109360198 0.339776173817269 0.145280293862639
-0.309095636438223 -0.138592773398944 0.22620612459735 0.334988085694415
-0.285112786242366 0.0714859478962613 0.31643109566597 0.282041067988274
-0.0647188901894731 0.242868291199543 0.342595189427581 0.0408110463889668
0.127942054305649 0.182257904781277 0.225835141248126 -0.121882803212033
0.19570906896759 0.052686791666887 0.138852902187411 -0.168110054631649
0.175263683821183 -0.0772816570960694 0.0963462414636034 -0.147447334571975
0.140958443070398 -0.109432503886778 0.0807999532070076 -0.0750620785320748
0.128841214543891 -0.113937174773842 0.143905693407884 -0.00592682960992049
0.192329796383943 -0.0544790002602972 0.175049577094872 0.115466802480001
0.213455425791066 0.0803402783844928 0.124227741218917 0.261065087525251
0.147580805419177 0.221187587497971 -0.103496031835626 0.303503718200978
-0.133816097922324 0.24979020718403 -0.223290320325176 0.1304603716659
-0.293380284954147 0.0410675761870412 -0.109030553463582 -0.11309235429938
-0.259169603361529 -0.127323161878278 0.211563631240373 0.0278153178628704
-0.0231810374827808 -0.153135481607197 0.412195976866318 0.210207450773406
-0.138047340599482 -0.14562878650727 0.239650188527375 0.334845581143511
-0.176391771634552 -0.00466192840585849 0.278896343979108 0.307200706979975
-0.0584211118512722 0.13084024795117 0.318383901645571 0.101999562488051
0.0658956544424641 0.107016510921416 0.267114144949519 -0.0681075058981702
0.110059460319448 0.0372451987253704 0.203203458600467 -0.162890263708289
0.110497846101695 -0.044090797033928 0.148446869594911 -0.168668628434799
0.0962466001140254 -0.0726072498628797 0.124813132940763 -0.105946527728827
0.0930891267756727 -0.0789494482563262 0.188001091453876 -0.0365756539700452
0.138433975397011 -0.0359388884818752 0.225582560825008 0.0940225450401651
0.15563981040731 0.064356027637344 0.169387622553643 0.263992457404288
0.0852117457789635 0.18388094621134 -0.0768023293373502 0.317171914240597
-0.147228161332571 0.156621695474088 -0.20791651546978 0.143181843277557
-0.204704022010645 -0.0458107508838925 -0.0877218294658095 -0.0922342837583579
-0.100585999682378 -0.153462713622281 0.251657004184079 0.0817767326772304
-0.0427760313997194 0.114253507701162 -0.324057057762824 -0.0925230626455285
0.108709705769711 0.0677105905595396 0.0237891475598227 0.174918465446058
0.091269546450981 -0.0594024900980929 0.258224592752327 -0.11405570563489
-0.035450483862501 -0.0941800826104269 0.101958522634114 -0.370886711802036
-0.0722936697468592 -0.0155200124809225 -0.20809313572728 -0.325107076650196
-0.0533393308098766 0.0187734165050586 -0.319527120435638 -0.0914436400630691
-0.0474177287339443 0.0370997724010665 -0.256186697038959 0.0658920597880751
-0.029165088644212 0.032573164596074 -0.178092801221538 0.13918586280752
-0.0355107365866199 0.00360026637740694 -0.163237585839507 0.191543323712022
-0.0193743694887722 -0.0287593084108274 -0.212024382970963 0.183742866438501
0.00074972527939434 -0.0266147328669253 -0.288304734813013 0.0873516623550997
0.0404844683234092 -0.0275618338319568 -0.310875799819088 -0.0883487319464242
0.0537246262006861 0.0652418006990765 -0.271066480984408 -0.28908947898626
-0.0321429180134104 0.140286202719807 -0.234452944544583 -0.381058682903372
-0.132562147847257 0.0776685531019732 -0.410033298832918 -0.256579602030782
-0.187794389212827 0.0736155300475705 -0.298473157155328 -0.136513122992455
-0.0315688914677033 0.125300464329958 0.0230335937925733 0.178456385627789
0.0486646493167527 0.0538831731839293 0.288172027407485 -0.0999229660957948
0.0297917374885462 -0.00207323344086268 0.140154150125041 -0.387864775845364
0.0179751195281691 0.0199749477426862 -0.201808529846019 -0.351418823850113
0.0362818278380956 0.00318389986734989 -0.32172417892336 -0.112956106290467
0.0202660516006463 -0.016263853326373 -0.257267337281314 0.0511513920414688
0.0319814197821913 -0.0174119930649017 -0.178171528410945 0.132772940310215
0.0379422697594571 -0.0366782422325156 -0.149167760149817 0.189640934451462
0.0853579193169051 -0.021727427255624 -0.18660252798219 0.204619979599825
0.081115868838086 0.0521014783576826 -0.273048071851468 0.137027407325848
0.0528019597424934 0.0913021075182052 -0.328148445488611 -0.0242009234833669
-0.0488403489083057 0.152365005421009 -0.296395173867678 -0.233356646031253
-0.204357293829447 0.132898112167342 -0.232109442019775 -0.326620807502919
-0.2969842847088 0.0178647558429723 -0.353431756795333 -0.219690338632447
-0.309114081011147 -0.000147158039613912 -0.219876016169621 -0.150918884772873
-0.198601534336126 0.142977492320809 0.0436741912289304 0.198380605555738
-0.0403929106193308 0.163982356445699 0.334995179633512 -0.0560005707825837
0.0744130542146797 0.11802843322597 0.20918719362421 -0.378105633694388
0.111134684559532 0.0733531403720555 -0.154768592347935 -0.372212039930787
0.133074961598482 -0.00152973508261542 -0.284753632368283 -0.143181551997241
0.0927942470153495 -0.0654860990659067 -0.226635914976472 0.0181470732291643
0.0885983237081105 -0.0650405963016763 -0.152481298969203 0.107730899461592
0.0954277686749131 -0.0771387045698422 -0.107708414309578 0.169153808186499
0.167716703170913 -0.032049311776778 -0.124910377220978 0.220148200256217
0.163842168484633 0.0937203794838162 -0.213053620504854 0.203590484039185
0.106088378785176 0.179730947801497 -0.323902395983442 0.0804270358888978
-0.0931826404626141 0.251626324428219 -0.325896741232529 -0.138846766475677
-0.323485523955705 0.161835814186886 -0.229040874297488 -0.264306694251638
-0.419477494204272 -0.0115940728738309 -0.252864353706387 -0.165296081345664
-0.383492111595234 -0.0926862620259297 -0.0925177759272992 -0.122305352804505
-0.355916370405361 0.108539708360489 0.0870400044017974 0.231782335978356
-0.162959458149761 0.237679304977232 0.377203336007612 0.0238747242031
0.0763609116610271 0.241751110838812 0.289433717050248 -0.318621297485201
0.18282628344368 0.139101924969057 -0.0657461675528341 -0.36291160321768
0.216079425451241 0.00879902795706516 -0.205102015390081 -0.172412874694304
0.159465762006124 -0.100258620885354 -0.165387633527683 -0.0264468467074707
0.132760834860881 -0.105272101174304 -0.10558777099258 0.0682264373819953
0.131193859222801 -0.110496676615325 -0.0476488898539847 0.133187916467771
0.218995104041102 -0.0519200174425325 -0.0440707911347674 0.215660700136744
0.228924282266245 0.101232351773192 -0.119783218885733 0.253234861893157
0.171396847499588 0.225179017149616 -0.27986528203532 0.184544631851625
-0.0927288644105286 0.327233735461202 -0.325331963652683 -0.0318593505239011
-0.3763986302877 0.191850887467981 -0.213088223190325 -0.207602699986627
-0.477703345608194 -0.0236647424331877 -0.125054474176195 -0.113840012473632
-0.386740286872747 -0.174843446543088 0.0642969407121026 -0.0531071230034523
-0.446592481437139 0.0263535866502316 0.143441075520142 0.269845558259993
-0.278355122363376 0.240638566837695 0.390533642734851 0.123328258103468
0.0328980309333691 0.321170085632384 0.349476301426468 -0.207969841802433
0.20943754023124 0.196074596413017 0.0475445881755485 -0.306426162745781
0.261402802245415 0.027919621174896 -0.0929018912345726 -0.18700602483157
0.200139259150456 -0.113307976097878 -0.0799655835881454 -0.0751115043517008
0.158477481857811 -0.128974966957752 -0.0440362326412155 0.0196203419182379
0.146311721752987 -0.13143494690904 0.0201210459751232 0.0861868542866302
0.236058406381107 -0.0687123789383751 0.0403862992425434 0.188651635293571
0.260149775279925 0.093713027055861 -0.0194696122158545 0.271307458852726
0.207542940719002 0.236655610045472 -0.209863816554597 0.256192032341877
-0.0883553210034859 0.348240866359437 -0.294190825697345 0.0553966076747748
-0.379431107225309 0.187192049264828 -0.182378801682888 -0.164806960900072
-0.464588092490796 -0.0434666683403557 0.00767902611185577 -0.0700926571560674
-0.317342373495076 -0.217642224216316 0.219765547972501 0.044370669867652
-0.429371832985038 -0.0687967374516196 0.197226959498796 0.308991204674007
-0.327176989151511 0.172700318157878 0.366698506498958 0.2157798134377
-0.0257196076145996 0.319253369422802 0.36423154135669 -0.076636149762709
0.186853330874429 0.212740542359717 0.151181895353177 -0.215101668167709
0.253433415008003 0.0447713761368145 0.0306147724911827 -0.18466585821399
0.205417281391178 -0.10640695769962 0.0112642941516307 -0.118519687925817
0.159855214970853 -0.132996429854599 0.020848881677066 -0.0307666467330841
0.14260576974153 -0.134555392461418 0.086331485339821 0.0354311162307513
0.223660933247213 -0.0717311924329151 0.116082280440768 0.149881032348315
0.252991607172198 0.0824984911106688 0.0682486317623104 0.266918880107082
0.199430250998977 0.231446266770833 -0.143197511636754 0.293255684185994
-0.100763316168597 0.321286240317132 -0.252673622157402 0.108187283805253
-0.349117207239264 0.132913394185449 -0.146972908562619 -0.13480158496611
-0.387402760296695 -0.0786508351036634 0.124691592491126 -0.0279035337669602
-0.188038709903849 -0.20729327734837 0.344149004045204 0.139250194912252
-0.314535449057906 -0.129502590407637 0.232712998226984 0.333944378913628
-0.285181627282612 0.0794441643545216 0.32262826605073 0.276965586720924
-0.0579579901945919 0.244626592627633 0.343706564811494 0.0344475323201258
0.133789929783565 0.177571998507136 0.226109233005428 -0.124646418751055
0.197271982575701 0.0467348357182564 0.135573136054957 -0.175202290901414
0.171649516113328 -0.0826140030895571 0.0909050199925129 -0.152987815384758
0.137335690782171 -0.114385788962224 0.0786437458779799 -0.0766454771231397
0.124223469540762 -0.11673071138954 0.143081596548631 -0.00953161977771178
0.190107199719679 -0.0603438760010247 0.179803505906877 0.112277285997524
0.21613795893459 0.0726389538066769 0.133378317814118 0.259271975661337
0.154123343852825 0.214760516818498 -0.0936678820006571 0.309376562774751
-0.126323786691913 0.253912966621012 -0.219272824138497 0.134765745223779
-0.292823974643582 0.0494203232217426 -0.1137454247585 -0.111184522966296
-0.26157535118719 -0.122769859309024 0.208557721489789 0.019633664063581
-0.0269280774158793 -0.153831113385882 0.416994793465092 0.202750538305667
-0.142630108468193 -0.141462271611776 0.247397299949646 0.333709407388546
-0.177543831369484 0.00150696271051736 0.285907800227814 0.303007079281975
-0.0551167465963128 0.132853571741643 0.32028655901439 0.0970436888927358
0.0689681554548698 0.104339996993464 0.268265274543258 -0.0726579031003765
0.110571327854829 0.034642520873466 0.199905336294257 -0.173311320915983
0.108507956768924 -0.046618748368241 0.141851792844765 -0.176116357315543
0.0937923723182087 -0.0760037047173901 0.121861882411019 -0.109577744411053
0.0900866294023906 -0.080944927301971 0.187591417950196 -0.0415173372264497
0.13716698991157 -0.0395637097492958 0.229011787145807 0.0880842909490567
0.157042420488272 0.0587772430513863 0.178640705197441 0.260020518148722
0.0901143007891211 0.179552529764162 -0.0663530555535566 0.323379067745445
-0.142999021114685 0.160924676262765 -0.2034605374303 0.147764803759286
-0.206105481038965 -0.0415021752244384 -0.0927134139849949 -0.0911437528630945
-0.104468764842591 -0.152229236282562 0.250853026108287 0.0731921208063494
-0.0420247744005808 0.117119802394583 -0.329955747197138 -0.0873390704281659
0.112111877126979 0.0653140228710589 0.0292361691127707 0.180483804256252
0.0921841634351317 -0.0619030635014825 0.261035875776595 -0.118487015261099
-0.0381219856363169 -0.0941311436077875 0.0956232459832789 -0.378208239347788
-0.0725077968818632 -0.0140939470229486 -0.216817451825982 -0.328082122382571
-0.0521016654468716 0.0206303634357512 -0.323321081296682 -0.0869126204890112
-0.0449048844530501 0.0384689098125317 -0.255669288877457 0.0730152658054377
-0.0268084155501159 0.0333158540249127 -0.17667381348271 0.14443778472224
-0.0341920948132476 0.00570847651696169 -0.159343027102835 0.198495048309867
-0.0204667779542863 -0.0282854442645129 -0.209764977071319 0.191196827185446
0.000351809015612801 -0.0266093570706159 -0.291769003933036 0.0937863033848801
0.0397568419881949 -0.0286268881941311 -0.314383367934071 -0.0868171350504591
0.0557891048245671 0.0659442463780985 -0.278152649922622 -0.291932747440736
-0.0283919697901964 0.141642429887921 -0.241365352051862 -0.382335179569957
-0.13296551711048 0.078744892386795 -0.41533324773022 -0.254202525136215
-0.189399094113273 0.0778003343732509 -0.304589718915301 -0.133035482351161
-0.0276885191634138 0.126496543399414 0.0273260613058494 0.184027119929071
0.0509087180456648 0.0522634671193468 0.289663856023953 -0.103968813357945
0.029559944520175 -0.00354227969719695 0.135435022331127 -0.394176783385097
0.0190358351088791 0.0192101204383585 -0.20938740497958 -0.356002169592723
0.0377469362074335 0.00212332834441433 -0.325398974984373 -0.107346700849153
0.0204710848366223 -0.0168497893899581 -0.258531554791387 0.0578324873202013
0.0338812555112326 -0.0181270312561328 -0.176979975024921 0.138771808969983
0.0380102754521178 -0.0372534257102199 -0.145406192545992 0.196344244441742
0.085223566861812 -0.0231529691371979 -0.182906650719148 0.21343315075538
0.0841370233803014 0.0508532074409905 -0.274375189410306 0.144450586454089
0.0548243489097899 0.0908367699932549 -0.331760222240153 -0.0205485311647186
-0.0467548311114847 0.155734631139919 -0.303776553818242 -0.234986217067032
-0.203322686841534 0.138023135161499 -0.239936241238674 -0.328988296027812
-0.298845946505782 0.0194256001432325 -0.359340181033688 -0.217157536059352
-0.313689319687632 0.00368959575610824 -0.224836605259387 -0.148090255306979
-0.196920342226432 0.147775330256183 0.0490388291610232 0.204852104460664
-0.0383159538190591 0.165079488973747 0.338837478622709 -0.0586732855693229
0.0766151961889327 0.116701308723868 0.20568617460437 -0.385334762736722
0.114305821142512 0.0719149829201104 -0.160507329819558 -0.375757833445109
0.13484341407217 -0.0046670104512391 -0.289195824981186 -0.1401081524819
0.0923135710710015 -0.066986768068472 -0.228856065858674 0.0233263229543048
0.0895899775561367 -0.0678697140704618 -0.151553186391304 0.113064356395354
0.0953037278772484 -0.0790100383838747 -0.10428858215592 0.17553979192489
0.168356044262775 -0.0354734871790248 -0.119872865829403 0.228057622395556
0.169439551520979 0.0908796725368543 -0.213062195276687 0.211325540495291
0.110523521595972 0.178277806726784 -0.325572300194772 0.0877909916653118
-0.090199111559786 0.25594109466589 -0.332305443919547 -0.138643884866388
-0.323510804957947 0.16892987962866 -0.235869861526033 -0.26598015474442
-0.422503125190284 -0.00931946868164507 -0.25865635133274 -0.162830933300225
-0.390035881570626 -0.0895744762691087 -0.0951100237235852 -0.121785072025746
-0.35648392441396 0.115422227652488 0.092194414576596 0.238135061644134
-0.162176829702387 0.241745081937206 0.381768365973172 0.0221773748773403
0.0804933148951719 0.241820163743906 0.288107195885422 -0.327215371077849
0.188236425893503 0.137088375410706 -0.0698025925843982 -0.365117496486711
0.219026607457922 0.00379567610840251 -0.210161400118149 -0.170845031260157
0.157393707043347 -0.103777956445247 -0.167943122020519 -0.0242448123916359
0.132692118688099 -0.109219133508163 -0.104832087802846 0.0719222479423596
0.130583522818171 -0.11327221319222 -0.0454951140715464 0.137443589185478
0.219208019228914 -0.0574624891695288 -0.0370288740813649 0.221411655816085
0.236055166862985 0.0972810421625666 -0.117520739167566 0.260443311108536
0.17771197285979 0.221476639686508 -0.278732578585952 0.193513878576484
-0.0889474609484448 0.331584478432932 -0.330399215971202 -0.0301688740929728
-0.377860466128649 0.201101695790476 -0.218229256028074 -0.208594549670728
-0.479406510356548 -0.0213313389313863 -0.130542731238025 -0.114326198621516
-0.393792069474053 -0.173706962637042 0.0646283090327223 -0.0529252021804052
-0.450144912534136 0.0336676440095914 0.148469128759729 0.276426779743934
-0.279370159022416 0.247333440022192 0.396156159774687 0.122291632947567
0.0378197275178817 0.32296955042057 0.349888209310667 -0.21495448732052
0.215303887688475 0.193077745604873 0.045737738043551 -0.309101092113284
0.263991806813277 0.0232258120535302 -0.0949171615075046 -0.189634174449411
0.199027340757655 -0.118863113723805 -0.0836777615299016 -0.0753947402532421
0.157215162219692 -0.134083350046619 -0.043144606324259 0.0218601679446135
0.144127668708125 -0.134025521765746 0.0214596612217712 0.0881477844304865
0.23635580489395 -0.0737284547035386 0.0478470359746034 0.192582356124338
0.266342313994671 0.0879511116608287 -0.0138691396547574 0.276665999067281
0.214218234985997 0.231935646375398 -0.207016203701681 0.265951049896252
-0.0828692704602348 0.354239816912619 -0.297799170647133 0.0577019012444424
-0.379679819986909 0.195921410965054 -0.188335916945356 -0.165679076478214
-0.466940049607947 -0.0405098880004113 0.0037102817419797 -0.0723466274143462
-0.323796274721318 -0.217900704382559 0.222853967770408 0.0439426075859673
-0.434648289691718 -0.0608282783508827 0.203045346021033 0.314154048687346
-0.329195945063264 0.180069519708961 0.373291505580494 0.214620760553265
-0.020882022085266 0.323078580910427 0.366840360515167 -0.0806566913016231
0.192552850631995 0.211004179216138 0.153916247591729 -0.217648704996613
0.256760587551855 0.0402670408552945 0.0295424976230931 -0.190688426034633
0.203840217077838 -0.111458904140833 0.00773234083814405 -0.122314312722552
0.1578976350303 -0.13822371375782 0.0208858773544995 -0.0308290589859366
0.141214292816431 -0.137359108394254 0.087340199516862 0.0350242697635892
0.22326672274592 -0.0765598153939197 0.122786455627028 0.15063281064325
0.259005440499521 0.0768781674986289 0.0744909347942355 0.269773585718047
0.204991459370426 0.22688152128462 -0.137098519945846 0.302216831318595
-0.0959866916310826 0.326256070953542 -0.253775271378758 0.112321181546214
-0.349906183555115 0.140103770106253 -0.151613730253845 -0.135359835000557
-0.391448970487789 -0.0766058913986793 0.122624820282733 -0.0318475416438108
-0.193286252806139 -0.209216693460728 0.350464418843149 0.138911494412856
-0.319469652549586 -0.124908002253818 0.238255176416617 0.338641548325902
-0.287578481725312 0.0859327096967973 0.330383582676215 0.278181500772247
-0.0547853696146864 0.247777103150038 0.34757944136956 0.0325779298009756
0.138309944089486 0.176332313226492 0.229474810644525 -0.127273070414473
0.199972196773658 0.0439225717408863 0.133601579500317 -0.183870331974398
0.170656429652986 -0.0864810457932655 0.0862019451920944 -0.159680232300092
0.135165164825195 -0.119099534004831 0.0787148957662388 -0.0782623728542895
0.122153964997855 -0.119534864392531 0.144112780410571 -0.0119241180792541
0.189516164505814 -0.0648904415196724 0.184927278405689 0.111539122195146
0.220570873272867 0.0675731392301795 0.140172826562993 0.260122101664729
0.159251057193156 0.211321821592684 -0.0871408247749851 0.316905513116759
-0.122219618171946 0.259635872187563 -0.219328973014969 0.137924884879175
-0.295056685298883 0.0529106988942486 -0.118333555301918 -0.111651881582772
-0.265981691940424 -0.121678796503073 0.208127575378467 0.0144941938067485
-0.0297556483476783 -0.156636380009156 0.422587181556871 0.201384644267712
-0.146512071854634 -0.140851458289852 0.252597554513613 0.335960322000521
-0.17936086161068 0.00576561531453206 0.292727926168712 0.303788630862782
-0.0529605144567331 0.135177716477984 0.324564843635046 0.096781989551471
0.0722313550397019 0.10404655275715 0.272329468917794 -0.0760653516597708
0.112088363281965 0.0341043910411173 0.198737436021285 -0.182580148998478
0.10785078207447 -0.0487258559201261 0.137954721287486 -0.183670293283472
0.0922774752278193 -0.0795005303854296 0.12103425939087 -0.112286837429347
0.0887630993082182 -0.0824021144197686 0.188232493674692 -0.045057877261269
0.137088761732047 -0.0425909189571188 0.234429759787612 0.08622380969539
0.159027922052245 0.0550702165187197 0.18526131213439 0.259497741433042
0.0942037897707855 0.177152986394568 -0.0594669864582632 0.329647609449881
-0.141036483039007 0.165800909372339 -0.203318946583928 0.150793531199714
-0.209565583200632 -0.0393846016583001 -0.0970203308924498 -0.0907915676023739
-0.108166698377556 -0.153880167740552 0.251521257623614 0.0665630538928368
-0.0421848895114779 0.122988372904263 -0.342353225804937 -0.0848249651611388
0.117264079618432 0.0641383426929484 0.0350733870933758 0.18979957065334
0.0937465350386877 -0.0662765132426903 0.268186694734527 -0.125672570443692
-0.041551003281774 -0.0958605007681134 0.0922799357757911 -0.391158054981896
-0.0745841586457407 -0.0140840696036891 -0.230519342800142 -0.337525226522043
-0.0520318213390667 0.0217597330344869 -0.333550191784285 -0.0830940003569382
-0.0442962393494303 0.0408738075110459 -0.259054514583001 0.0812269500942065
-0.0252771247237974 0.0338198735007187 -0.178068219263491 0.152607105408957
-0.0340953957677542 0.00673233628804414 -0.15732747802559 0.209133097271241
-0.0215490974166451 -0.0277533763629656 -0.212583598109023 0.202821456097122
0.000164656917415223 -0.0272129175019089 -0.299887600740131 0.102178290271489
0.0392542402509187 -0.0304125667348197 -0.32395479097667 -0.0885300176168129
0.0589989102595239 0.0676009767066059 -0.290449629811392 -0.301308713619601
-0.024638106401716 0.145314979132527 -0.251448985635627 -0.393656834816377
-0.136259343511259 0.0805147356764707 -0.426768275556137 -0.2575264705417
-0.194086425958707 0.0828572753141669 -0.315860150314979 -0.13198322481003
-0.0252369262207266 0.130156031296449 0.0332919941275154 0.194005128819607
0.0527138690832244 0.0519756755209383 0.298400673065777 -0.109961613069183
0.0293403201980588 -0.00494800831332723 0.133300123878587 -0.410169891543885
0.0206717374288083 0.0190245171319956 -0.2222334683691 -0.364501198858485
0.0396390329481723 0.00108092058477623 -0.335768686644684 -0.104996534802204
0.0214714173318934 -0.0173119906452855 -0.262922875259975 0.0653975597064271
0.0359498715191483 -0.0203740033716857 -0.178533303221861 0.147308720044261
0.0395569506584016 -0.0388541748449178 -0.143836291175867 0.207428099011748
0.0870117129959198 -0.0251961941690952 -0.183299053328393 0.224852970456078
0.0887808474132461 0.0505985229195758 -0.282018992830614 0.155321001210409
0.0570715346684294 0.092307808560105 -0.341388109572381 -0.0179111761588837
-0.0450176062747982 0.161767461513303 -0.317436826571032 -0.242029008935915
-0.205858823893677 0.144510766305311 -0.249976431562329 -0.33755190925554
-0.306840835419023 0.0199493241421768 -0.37126283738494 -0.219997894495549
-0.324361961820231 0.00700156788622271 -0.233709814324659 -0.148889021022908
-0.19879503255293 0.154702654610753 0.055332480998076 0.21579216395678
-0.037209696514905 0.169114253923533 0.348628998406755 -0.062125954992727
0.0797701425460068 0.117446404611464 0.204729444514505 -0.401870372554121
0.119460928651994 0.0712792425195452 -0.170295599990897 -0.385071084895252
0.139142399732832 -0.00796341840980131 -0.298814878097841 -0.139648278655854
0.0937176821125701 -0.0707152627007099 -0.234185636359588 0.0285670294502773
0.0917947464359324 -0.0725153780763805 -0.153054371375239 0.120339111582095
0.0967807734439884 -0.0820635158011503 -0.102987618219418 0.185688543414968
0.172979951008265 -0.0400716056686757 -0.11716121967103 0.239015528821321
0.178133435520221 0.0897292800507843 -0.216382314946703 0.224117710475118
0.116039005771589 0.180207334778504 -0.332941442439318 0.096083758269736
-0.0884824787692784 0.266657621360271 -0.345596898188999 -0.142240740633579
-0.330364883611306 0.179329834931301 -0.246713058051173 -0.272471393524489
-0.432763742743858 -0.0085286161029189 -0.26965975343373 -0.164629463681366
-0.404513944868303 -0.0887190114579083 -0.100089402689071 -0.123966083410282
-0.3635389962405 0.124760801193065 0.100180827067149 0.249399386728888
-0.164408151787364 0.250806333183029 0.394003901926563 0.0205979801285832
0.0857673311906852 0.245998595467821 0.292156886027057 -0.341260149782813
0.196203115344584 0.137677619007588 -0.0752448213421828 -0.37498700640196
0.225403701150895 -0.000682821004413873 -0.218003934751467 -0.174018966951836
0.158690318526372 -0.109643394169742 -0.173768342401554 -0.0223696124676406
0.134814206962074 -0.115746535712062 -0.105820229665291 0.0767957629775098
0.131007739967937 -0.11853399115671 -0.0437519484142251 0.14579617414443
0.223877615182798 -0.0630613489618508 -0.0307904801217322 0.230803525479687
0.246408366779318 0.0944180288311005 -0.116772515680931 0.272999628466983
0.185757854590829 0.223208884430656 -0.282413108807941 0.205500119790528
-0.0856662547223367 0.344183019941801 -0.34169096623431 -0.0304261495959683
-0.387416033957007 0.213832922740855 -0.228200949914576 -0.213813711488097
-0.492575385804024 -0.0193447360996105 -0.1386062692211 -0.116579354661644
-0.409524016103189 -0.175980479584589 0.0659158766870724 -0.0542638064875967
-0.461439567518658 0.0423895583503565 0.158047623457302 0.287976015314753
-0.284628946173541 0.26005330506895 0.4102097056891 0.123817643141846
0.0429931625051351 0.330716384062588 0.358087029525479 -0.224975472042741
0.225562356499093 0.195613647531956 0.045235179406232 -0.318063865918885
0.272490713861609 0.018755600347756 -0.100555235913749 -0.196519224344977
0.201217373268658 -0.125988509036252 -0.0890079469415266 -0.0779634915434303
0.158592106372442 -0.142190127510116 -0.0432930737113037 0.0239455417165041
0.146054499566216 -0.140475254234229 0.0234008683835206 0.0922258135575467
0.241047281717712 -0.0807010540033742 0.0561241921178812 0.199349257363697
0.277816476637091 0.0833117741935055 -0.0100843901568473 0.287679859739515
0.223662918836417 0.232421997140116 -0.205621601515625 0.280352825673293
-0.0779372412872577 0.368414093373981 -0.306194577379778 0.0603498169284435
-0.390125392678061 0.208189616640722 -0.195887963396398 -0.169425032878805
-0.47940485943155 -0.0380801112632619 -0.000366228201383748 -0.0751583058283668
-0.337340203179049 -0.222577962848957 0.230239285902012 0.0438290923839705
-0.44779232042886 -0.0570241835044787 0.213760047359298 0.326304469834735
-0.337780008100001 0.190877268286353 0.387625276800582 0.220315973932168
-0.0178789080948073 0.332500898790146 0.377811800056768 -0.0873643668902099
0.202326130488913 0.214157537277183 0.158313567086825 -0.225339307998092
0.265453316884778 0.0368909616827347 0.0271281466593779 -0.200452370767554
0.20622246612373 -0.118557616613201 0.00288297321816069 -0.128595611945061
0.158940959990785 -0.146534703080786 0.022152147690995 -0.0321278293546579
0.141528453821167 -0.143020074053321 0.0901664878957065 0.0363526385891736
0.228318877701783 -0.0819105985464202 0.132804293046949 0.154913468333582
0.268451216264054 0.0730311339041064 0.0814332185263488 0.278170726938823
0.214115374761142 0.227596309179382 -0.133817185924411 0.316254807278138
-0.092660777162794 0.338951209589568 -0.261344639213489 0.116539959518852
-0.358631914242654 0.150520643947295 -0.15870737707041 -0.138540312754036
-0.40276196214504 -0.0755416701198197 0.121441355655442 -0.0357442040370396
-0.202100888327105 -0.215257614201436 0.360723411498741 0.141179009768496
-0.331359958681796 -0.123820754895474 0.24960094744144 0.349658535547882
-0.29556428538032 0.0936635194138642 0.343928622968434 0.286753470136259
-0.0524953579890246 0.25682802012033 0.358840812099338 0.0311912075764645
0.145305565810001 0.178949157154829 0.237421829026848 -0.132882285346397
0.207501475904661 0.0416418649462111 0.134916763695068 -0.194727256271994
0.173105873637674 -0.0916172641115434 0.082562017679415 -0.168881933693361
0.135848605586087 -0.125786985851137 0.0796113573796082 -0.0820082440954639
0.122481792905547 -0.124586098431905 0.14759853365582 -0.0139755309507585
0.193573360959638 -0.0696897437567809 0.195110458232426 0.113213228039622
0.22778703242656 0.0643094626759482 0.149180597208078 0.267196994528368
0.166635688187002 0.211908068027181 -0.0821615861235372 0.33092587989138
-0.121516919974729 0.269497917456416 -0.223981960493867 0.143502296832788
-0.303479669708876 0.0595848740481852 -0.12466029938275 -0.1141942025443
-0.274411131360586 -0.12435276735499 0.209959713605654 0.0100728272325864
-0.0334649897875158 -0.16282643029787 0.438029593793738 0.204154370499185
-0.152894702295676 -0.142723445729526 0.26468975097295 0.347097828249338
-0.1844068098067 0.00964084803012722 0.306479130320943 0.312203687197866
-0.0513280878570633 0.140185846842377 0.335531530597272 0.099166526701004
0.0761787026599887 0.105537575974879 0.282040340351288 -0.0808832064032654
0.116143550606583 0.0331018155968985 0.200095319838169 -0.194761599999183
0.109819323958928 -0.0523072521510003 0.134518711215278 -0.19546271742572
0.0924835365234205 -0.083924232436553 0.122334602870483 -0.117571647487973
0.0892427181353167 -0.0862937894818535 0.192252546403052 -0.0484033981802758
0.140531792791362 -0.045854482377575 0.243213691185486 0.0852383623962581
0.16467727491666 0.0528786731331974 0.19625619242845 0.26471400765909
0.0994987476723997 0.179271547750075 -0.0541033396345406 0.341963719872736
-0.142048191814188 0.173585021954378 -0.207975531754203 0.156777286653082
-0.216587372118244 -0.0381910014777187 -0.103334696779029 -0.093596635277531
-0.11399777002524 -0.158019316561987 0.25645756091677 0.0637024506650123
0.0378698033259835 0.131232099525433 -0.324732642137114 0.155059991369281
0.134729422096142 -0.0203395199336531 0.160721069677337 0.131496448932957
0.0369933734229879 -0.114989894590251 0.143055122023674 -0.280265916287272
-0.0940561549366268 -0.0531330838360505 -0.183041760166794 -0.384080060676306
-0.0697572911618378 0.0361797618783123 -0.409707109966285 -0.125902676599181
-0.028158775283248 0.0512043855171202 -0.326998802601039 0.149252715876349
-0.00706324791403546 0.0613788112320079 -0.156949647754042 0.237193668148337
0.00231810122235594 0.0429670993243268 -0.044604695580495 0.239477449158706
-0.0222319247894697 0.028811266077857 0.0114638352475732 0.273809647771931
-0.034774803128781 -0.0068401532929332 -0.0419070225136974 0.307224276373868
-0.018228374965107 -0.0193695432587855 -0.178233614713686 0.281046411726206
0.0105936485154455 -0.0475278510194068 -0.326544777101405 0.136750197258101
0.0906969597844416 0.0192510094448305 -0.440248767321554 -0.0563123767984999
0.0710535989204646 0.135409483873811 -0.477891881479573 -0.154719337449994
-0.0706948808335079 0.157847370457355 -0.52709900591329 0.0624842921011531
-0.115922476161047 0.188660213709685 -0.335048203912249 0.110854345239836
0.0590288508620308 0.119235238521406 0.160536772955281 0.143766265751945
0.0752042012633746 0.00721153133689378 0.181290182439001 -0.281421146200106
0.0176331858157384 -0.0229467870541373 -0.157059983507692 -0.426672313833125
0.0282477453114051 0.00391849181612274 -0.416052854819853 -0.155601889264686
0.0330679320760499 -0.0230182933859671 -0.340629195303764 0.13161278212114
0.00881273537684697 -0.0267721424300326 -0.1714379989623 0.226146228688384
0.0168142772249505 -0.0407469582942202 -0.04806310512903 0.235692052431626
0.00879678905795621 -0.0566995873105593 0.0225953001902265 0.264788951180515
0.0563197079460504 -0.0775185211335838 -0.00243916525898186 0.306685537795452
0.107960824144225 -0.0146414570025475 -0.128234469925868 0.312252216660409
0.105374813849243 0.0442742248668847 -0.293768817473647 0.206429270431338
0.0654843197749816 0.17067135664551 -0.423452574781348 0.0080960980501616
-0.0809027057993457 0.25722643466594 -0.439706387183673 -0.113529821193289
-0.255236407102174 0.220986292255881 -0.448616399760042 0.0527295220438168
-0.271850838412522 0.201068749365916 -0.281906700921805 0.052941382285834
-0.0651565507565713 0.244265271924474 0.188570811719376 0.153182776063889
0.0742464286768004 0.159173466741575 0.256783245195523 -0.265924174817122
0.13193281086893 0.0454657059270386 -0.0847179825581973 -0.464925813401841
0.140754196409358 -0.0144082955329046 -0.384980672140421 -0.205841133000962
0.10803549793272 -0.0938009872464111 -0.330741360030832 0.0771965621350507
0.0313068197431263 -0.115389301240119 -0.173619648315351 0.176004628890515
0.0280429421086366 -0.119890396138375 -0.0445176106683985 0.198266633054394
0.0269963795162817 -0.130416007398029 0.0419332559549885 0.221652187117396
0.11736421293539 -0.14634683934982 0.0623600704168937 0.274671006116375
0.208849614395244 -0.0425475910378987 -0.0300969794582406 0.324412709480535
0.213835109086619 0.0798257597868651 -0.211979572530407 0.294392997903543
0.0997961476176391 0.291394917977315 -0.379758158050422 0.107540412877161
-0.162348195119524 0.373348383186291 -0.394219872341585 -0.0682440920419519
-0.379638222658074 0.280860714062197 -0.324889005183312 0.0250496722578999
-0.396615368832168 0.166335049117642 -0.161659928804224 -0.00594018202362238
-0.217999164665278 0.321534868583368 0.240879634038679 0.157538007285958
0.020000782707618 0.30541521873383 0.348450974798729 -0.219268475041114
0.215076298649507 0.145844559966078 0.0336321308111032 -0.468579922881727
0.244355636273896 -0.00878911629773891 -0.296375379233357 -0.26156663732689
0.182424682286745 -0.1426976538314 -0.284840711115595 -0.00437338529444225
0.0584027100913262 -0.187677462911877 -0.158562271425915 0.0918395698516783
0.0351513573446387 -0.183112113170326 -0.034032141911742 0.132444051758431
0.0322422266058941 -0.183413282415975 0.0638442589245813 0.150614074934481
0.144463628445984 -0.200098589262726 0.128522216722568 0.211784228379282
0.269783239038516 -0.0851476370282123 0.0835107288704331 0.29771094669793
0.301814609149238 0.0695414368205797 -0.0975378395527639 0.352743554641719
0.157029988375757 0.356718229534338 -0.303051990318793 0.196496074777022
-0.185445578012315 0.441715299103856 -0.341663030970859 -0.0335681179253827
-0.43476280590776 0.313118297873584 -0.182490099363767 -0.0242906685813571
-0.453072175865455 0.0958027862290206 0.0125335088466786 -0.0551017052212056
-0.346417921377995 0.312941576034389 0.307689437794892 0.151980314456813
-0.0730079708223638 0.386554962223735 0.424462831042793 -0.137274216341764
0.233208093473068 0.240345218913404 0.164730960536532 -0.411853734618329
0.302923034487503 0.0195940421512787 -0.158557361685489 -0.29259928622485
0.232690785600415 -0.157047985185097 -0.202907276577698 -0.0993509560660447
0.0801418452241317 -0.228018488566091 -0.127503474295042 -0.0105237589092049
0.0372698614936292 -0.219732663735597 -0.0186737299544701 0.0481769163119316
0.0296066118041627 -0.210856833786732 0.0838653201983221 0.0634732695571057
0.146601017113699 -0.224896039022843 0.180178235586821 0.128132987272388
0.288307947882231 -0.115384034857136 0.179619079378173 0.23860860265133
0.340239374703569 0.0522795445792604 0.0146325742472752 0.363630610430953
0.180628554718742 0.371818887791087 -0.213059781184129 0.24686446621021
-0.190561464641879 0.438603405714215 -0.285176068928801 -0.0188024083332458
-0.434888785835227 0.288866902476983 -0.0398033773928245 -0.0822205649513273
-0.418871727980643 0.0119266395253917 0.205835207716273 -0.0845130199760292
-0.395749491066601 0.223763793695515 0.37255442809398 0.143975927485745
-0.157307752815511 0.364327206714895 0.463394628036161 -0.0429385543267983
0.185872056681752 0.277778492272238 0.269789724737914 -0.305638466739466
0.295574809069656 0.0484632626575187 -0.006341569092432 -0.288105483745718
0.238783010782154 -0.137596896390522 -0.102287538753364 -0.184686836650495
0.0888281485395588 -0.225865199911937 -0.0854652339490576 -0.112138606097043
0.0337705736905117 -0.222981063049173 -0.0023255801757513 -0.0394648731915631
0.0243500057216846 -0.210879835356854 0.0999392988303063 -0.0258208359742906
0.134412508343651 -0.21841163469304 0.213359622991293 0.0419494242999876
0.273838507475059 -0.118369555949968 0.24847618062844 0.171628529195044
0.329576212169462 0.0530493660440146 0.0983309753806872 0.34591420765907
0.149884277895957 0.35608264693245 -0.137876170363454 0.261513373605456
-0.202715610187223 0.370025399105967 -0.232624911322232 -0.0174105054352489
-0.391831994850071 0.203712224931305 0.086463119554565 -0.126761419851058
-0.299681797364072 -0.0616981692960252 0.373795868947089 -0.0983486348791407
-0.340984199915669 0.0978792844230204 0.418720148929005 0.134267781252319
-0.18123099372979 0.25957812868539 0.464547845475435 0.0359033943733175
0.11342795301731 0.238328076183492 0.328101376889452 -0.194244740900478
0.228830124176086 0.0544724740802993 0.116010971264067 -0.262645850734505
0.195354234605377 -0.0972709226793794 -0.0129372956012436 -0.249586214889495
0.0786801663816873 -0.183539483465746 -0.0466912528021929 -0.196356003661929
0.028445520312298 -0.191478323658608 0.0118759459029555 -0.117704463457518
0.0206561039436327 -0.183360318379924 0.114245667121599 -0.104710243294751
0.114634114393136 -0.185785082090215 0.237320449511451 -0.0331536054621562
0.23341792747178 -0.0976172685677113 0.295805802937129 0.117846974945691
0.279101472474332 0.0703822300928089 0.150431058839182 0.323295054521674
0.0795787605375713 0.316956701480512 -0.0891301742074435 0.26040188067073
-0.218516330819163 0.253899918587193 -0.184427930838491 -0.0185565107325652
-0.315612842345576 0.0785651243825004 0.189866319281442 -0.141172070260251
-0.125020134112625 -0.118501897350855 0.480005733492432 -0.107864046554176
-0.207944659506911 -0.0245357549908079 0.431187297704948 0.117324055045505
-0.141050392809698 0.12258520577549 0.449666463311732 0.0727984937096328
0.04502404388776 0.143061733279666 0.348593857374995 -0.126367195647394
0.126058452543123 0.0372333247303928 0.184835231672253 -0.247428034599688
0.115355241287252 -0.0460498059792587 0.0368145312776293 -0.290074628029937
0.053518586510139 -0.111714925947395 -0.0214998999667775 -0.25147572970872
0.0200625090040664 -0.12988435038766 0.0238735596469681 -0.174367587376289
0.0178903822500353 -0.130311142912631 0.126625570462228 -0.163390694037122
0.086012745093672 -0.132053353637902 0.256941938307152 -0.0870593989022368
0.174004907679535 -0.0652535333024536 0.331710367328648 0.0862419729819153
0.201721790207717 0.0867619412933208 0.180295788505132 0.31378500085455
-0.00283854814067322 0.249123216553589 -0.0661704940820955 0.261878303904852
-0.210920657342102 0.113188290743125 -0.150202379103295 -0.0127000322890718
-0.201159542268185 -0.0566276541572078 0.26217668108959 -0.121687814152196
0.0486602701917915 0.136740480623167 -0.332156568450416 0.185933369698372
0.139771529423927 -0.0304021749905346 0.183182767856527 0.12934185519282
0.0314220575023196 -0.123269428647025 0.135308840163061 -0.303549025732812
-0.102733127891392 -0.0483202059856655 -0.217131822098596 -0.391966409542973
-0.0717014433533865 0.0422485215150733 -0.441601780380727 -0.10676469023714
-0.025912978542968 0.0555140087696875 -0.33448341648538 0.176912122255326
-0.00251092203547831 0.0643872982830896 -0.147710282770575 0.25687423612295
0.0051893923173948 0.0437049808321109 -0.0310149390953993 0.254206429052287
-0.020644865584345 0.030694873895884 0.033227216447088 0.286794786136992
-0.036762539923989 -0.0046739119326156 -0.0226591547441636 0.326871316891298
-0.020076635563228 -0.0191865693720749 -0.171781353457124 0.307759515638512
0.00774711009921352 -0.0496361991214002 -0.338952253166778 0.159144102453961
0.0976175620882451 0.0134380137116344 -0.471719440085553 -0.0367283263147699
0.0829604495480169 0.135001306716183 -0.509634395571159 -0.13750352387199
-0.0675811976253961 0.169924649301309 -0.54825305115571 0.0913920399717181
-0.110209325300196 0.204750252956421 -0.345816305139814 0.137600329249022
0.0695115108341629 0.120211249710789 0.183139385597529 0.142287476563588
0.0784362701858395 0.00273100129265953 0.176696585739513 -0.304626100206272
0.0153151070612459 -0.0244810058420865 -0.191302822290764 -0.439109076037466
0.029082845973808 0.00189924985836917 -0.450038795079295 -0.13809822532893
0.0333396510859233 -0.027105953167758 -0.350186865197491 0.158009843177287
0.0079621565662884 -0.0286521268559726 -0.16391818310897 0.247779322209833
0.0150065729948569 -0.0453642282416498 -0.0337336887067165 0.250745657336742
0.00622690718644638 -0.0602308038480165 0.0440691395871215 0.276262604638693
0.0543457722159705 -0.0852116527396678 0.0192356769967293 0.323727343782279
0.112538809290255 -0.0233191278041328 -0.115229126056387 0.338811819142157
0.112800703460307 0.0406068121144975 -0.296891754010005 0.231459906528104
0.0792205114459456 0.175267648663653 -0.449676709059102 0.0309105366649572
-0.0696255909347018 0.27263739970448 -0.469956286375254 -0.0960005928507082
-0.259137218236346 0.244401125147867 -0.467765690982986 0.0797481009386306
-0.27483943142229 0.226467174737594 -0.293298720836513 0.0738361807264696
-0.0536846345843514 0.259859935508313 0.212819449540807 0.151940994604003
0.0857126271025171 0.163001848949554 0.256867698292611 -0.292119064091859
0.138983359297978 0.0400368942876659 -0.116387981326627 -0.485401974766651
0.14674212226908 -0.0248629504711268 -0.418869304022331 -0.195445904611794
0.106919682168158 -0.106142733098475 -0.343530788334089 0.100269802589015
0.0263022986139294 -0.122099393118934 -0.171241379060754 0.195329903785797
0.0218755078058922 -0.128506790397441 -0.0326609433370913 0.210687290760638
0.0199406962484741 -0.138397850309489 0.0626573619531044 0.231131675524814
0.114081732237329 -0.162103506328299 0.0861508128509482 0.284077665264818
0.216941944647294 -0.0594368571401867 -0.0099834861237065 0.345950840293972
0.228539427589221 0.0703838601359412 -0.204478507841417 0.320406037275955
0.123872714933467 0.298839529871972 -0.397661410043727 0.132768799176375
-0.147097071534112 0.400181722622524 -0.420242942383358 -0.0498001732251011
-0.385859206846524 0.314444069931806 -0.340253231083773 0.0440212986344695
-0.409881719271595 0.196977067537573 -0.16989021191835 0.00403038932337385
-0.207775858000682 0.349289773477842 0.267455275082649 0.152185677652657
0.037691932028339 0.319968430403945 0.355511177556011 -0.247534968801654
0.232717420684716 0.140575309991752 0.00609472626981397 -0.4948194121715
0.256406308992226 -0.0251624875248645 -0.328039832935383 -0.258737939534568
0.182099399090872 -0.161923293528492 -0.301440131306641 0.0116707218504039
0.0480913877615467 -0.199502789134434 -0.162560544554926 0.107621418620115
0.024355724124623 -0.194685788701036 -0.0264127153071139 0.14055433936639
0.0221089172086504 -0.193807648689273 0.0801666826172151 0.155925920719301
0.139002286364438 -0.219288468432106 0.151955925365488 0.212989818248043
0.277545962873718 -0.1080390101004 0.108370346559479 0.310676333049377
0.318897016968855 0.0539641991594863 -0.0789361329470598 0.375889827601864
0.188128838783289 0.365413587676874 -0.310874729608979 0.222927152940551
-0.168554096330295 0.475368271443234 -0.362610763874486 -0.0159871186148226
-0.443247581294276 0.349690869631411 -0.193412555835031 -0.0141830497241893
-0.474498677929634 0.127354040444907 0.0110887442062085 -0.0574784037293474
-0.344154194055701 0.348919070357945 0.335758637770311 0.143922684380238
-0.0569151970139617 0.412558693078842 0.43999406043824 -0.165829222690798
0.258648329783387 0.23962814730261 0.150369642020256 -0.442021955456241
0.3206852570632 0.000757253640353591 -0.182977704902243 -0.299956353998909
0.234977424366754 -0.180690068727549 -0.220870472480359 -0.0934208911867273
0.0690877080799246 -0.242160434704486 -0.137018342459261 -0.00148351052265674
0.0235762399719644 -0.233138099678168 -0.0150287948151253 0.0513457393132074
0.0173148826142151 -0.221420826378504 0.0951676239872104 0.0631820473764599
0.139542568893438 -0.246026541573646 0.20120532541947 0.121852556291532
0.295082017459255 -0.140788679788021 0.205522044434458 0.241661801818217
0.358116407875315 0.0326701415758928 0.0406599577829646 0.380302685291122
0.213926702911564 0.37988401148198 -0.212972061756365 0.27067966685751
-0.173350911105132 0.473023856650189 -0.303015478710142 -0.00443960353538499
-0.444233749364808 0.324296600863331 -0.0482603376023005 -0.0830267722765519
-0.443871657096931 0.0367837502295081 0.212937608113676 -0.0996701336578346
-0.40185515808615 0.25989209285908 0.403171377392206 0.131027676819332
-0.144719027704094 0.39293818011977 0.487903125151164 -0.0685432712072893
0.212251815280743 0.281036023984776 0.268499622336761 -0.33533141666203
0.314409985103294 0.0320359431611045 -0.0206784354834943 -0.303895618054449
0.24218733408124 -0.16079020737686 -0.120694523897328 -0.189574018071227
0.0780551960067615 -0.241188568715651 -0.100637186797524 -0.111225432527215
0.0201796595049251 -0.235259845222279 -0.00447502306259351 -0.0415770030761069
0.0121202243743178 -0.220769498910677 0.106254332373528 -0.0321249628258961
0.127367641197356 -0.237834706002619 0.230024398848854 0.0290350862658123
0.278691496020607 -0.143064603543508 0.27274927514629 0.167064346144881
0.345385593123484 0.0350399687012791 0.127523243514524 0.356663185631951
0.181078148585706 0.365476768625393 -0.132829028212049 0.28180495882715
-0.191619586926088 0.401337662549758 -0.246810403975119 -0.0060723497501123
-0.40320483698558 0.234128136079202 0.0812485267362202 -0.136570471418549
-0.321881752398636 -0.0476079219156111 0.389922052240486 -0.123479444591623
-0.352017047747321 0.123456644186267 0.448590438641842 0.118917342809777
-0.174866185739198 0.284005943285244 0.492742360519826 0.0121770048751645
0.1337667300544 0.243681992386799 0.3366312198308 -0.221481340714972
0.243602344322611 0.0413056382619789 0.110670943152955 -0.283948031700903
0.199210997047516 -0.115063242279079 -0.0318524390364522 -0.262296621743443
0.0704695084073829 -0.196435416610161 -0.0657979297526265 -0.20226123219806
0.0155873683448864 -0.2016097970017 0.00552376755193473 -0.124274290019634
0.0095256695058828 -0.192433787936399 0.115341573852233 -0.116387935384005
0.108110057849029 -0.201533030312143 0.249600580957492 -0.0500554780688556
0.238210154866936 -0.117635344776109 0.318765058426952 0.107010395715931
0.29503868213859 0.0560765183140718 0.180733734138164 0.330532349324839
0.103796928504173 0.327614848787044 -0.080342775414345 0.277599643645009
-0.214727311019886 0.280116044753859 -0.196841737170509 -0.00887939366664349
-0.328515988494727 0.099660991043578 0.18763748267096 -0.158436932464543
-0.139963123371841 -0.117269863362921 0.499674263985261 -0.13911398946406
-0.219865555025328 -0.0135080465459579 0.460120584785369 0.10022248528628
-0.139737446943131 0.137187727504313 0.480705724491433 0.052440992054487
0.0569796366113645 0.146930604088008 0.362394773327359 -0.151131091482806
0.134725852383328 0.0297967307318922 0.182132884058 -0.272277877515216
0.119414396550048 -0.0561173987787454 0.0178224212167431 -0.308270742686871
0.0483871709400034 -0.11997574962693 -0.0433917053177831 -0.261320539894065
0.0112231631494047 -0.13727181795563 0.01322340178001 -0.184524202252176
0.0100820477665131 -0.136909215383994 0.12478274086126 -0.178395312653096
0.08164012553193 -0.143618781339122 0.266150040490522 -0.107477738752226
0.177815896545238 -0.0789440439590817 0.356077813752757 0.0712184158972433
0.215629031338509 0.077362040972177 0.21120359379782 0.319134499044873
0.0135820829254331 0.261693900408173 -0.0559765036082989 0.277432414562894
-0.216435568106765 0.131759675958494 -0.159849858613481 -0.00451519093590091
-0.215453053486062 -0.0497410220927206 0.264190293220213 -0.141943030783557
0.0624708125912024 0.137371149340373 -0.325127495127065 0.221973762294065
0.140491592335087 -0.0442736485952192 0.20662197489897 0.118094263216499
0.0215724130025382 -0.129183521689587 0.115811617723958 -0.323382946930977
-0.110723819258777 -0.0405249997733298 -0.257160866501222 -0.385734656387583
-0.0704278612078615 0.0505074489255607 -0.468929382385994 -0.071505614966408
-0.0222504274327644 0.060066921138408 -0.328852199083659 0.209732618723894
0.00450105436365139 0.0653571384709774 -0.127845073705575 0.27464704272253
0.00916507015579475 0.0429473039724667 -0.0080149955223006 0.262974275342771
-0.0173307164453389 0.032993924582257 0.0622820091287561 0.290330725577893
-0.0382637638119509 -0.0017005230515672 0.0066915559110173 0.34055622442374
-0.0219018485589588 -0.0178464417666461 -0.151718153591499 0.332817776164421
0.00336886347765003 -0.0503557494478438 -0.338880049927809 0.188746205625783
0.102947727619881 0.00539922460138101 -0.494345343321783 -0.000382324054607777
0.0958105837037387 0.129448522094454 -0.535504760666249 -0.101437054669387
-0.0598350193229716 0.181482278485202 -0.556198244426759 0.135420230815518
-0.0975142282228259 0.220282880894718 -0.343261946206243 0.173621801556598
0.0816311220812766 0.116764568638584 0.206489035771744 0.131701503587094
0.0793946135899204 -0.00382112883548257 0.160925079025218 -0.327598700908975
0.0127252347460135 -0.0256577807465777 -0.233641117236333 -0.434922607932084
0.0298902837525059 -0.000466745066084413 -0.479018498785083 -0.103937163256132
0.0310797874854941 -0.0306368662480329 -0.347213712348413 0.192484709571395
0.00640957208156351 -0.0301682890033319 -0.145845771765575 0.267097173331295
0.0109909570038926 -0.049139698173409 -0.0103847939885274 0.259832179305445
0.000928207112575265 -0.0627126888607126 0.0744872237377668 0.279140999729748
0.0486308141377035 -0.0929395674483095 0.0499849864643629 0.332305985748624
0.11474450454717 -0.0336828140545119 -0.0887184173657231 0.360671367202146
0.118634394057761 0.0328966267599485 -0.289137625133666 0.259826074335755
0.096746780879766 0.173018375400047 -0.467124845912369 0.0674301340050213
-0.0495825683132146 0.285367457232539 -0.490566392965355 -0.0631252802919872
-0.251454184786046 0.272131690735746 -0.474194956342052 0.11537775743539
-0.266581521654241 0.256612971390208 -0.295841224297769 0.102063328120558
-0.033437220146115 0.270585493360573 0.237826955415606 0.138966737997976
0.100898026698036 0.161514707074887 0.24413177537139 -0.320649580329052
0.145972060670291 0.0300052418261669 -0.162061339666429 -0.489684625188399
0.148825429365817 -0.0388909314839584 -0.450222434272443 -0.165476268252003
0.100433641002859 -0.118823335434019 -0.345771943706977 0.131602759999531
0.016569146782351 -0.126906370809677 -0.158693480260425 0.215516494289315
0.0108654573795398 -0.134883930399884 -0.0130578970875513 0.218825982606085
0.00866816290645248 -0.143618824943785 0.0897080186154334 0.231397440439352
0.102772112975649 -0.177443889313235 0.11672962017015 0.28583917374166
0.218574145807148 -0.0814013474172266 0.0207646428052389 0.35990207610599
0.23895960752465 0.0532330653449059 -0.183873871327192 0.345553651227931
0.152887360499581 0.298229546831897 -0.404037650867175 0.167932649018868
-0.119248986051707 0.423921811547126 -0.437003922343509 -0.0190341326819229
-0.37765036053664 0.35270492126856 -0.346760511367875 0.0727166029036124
-0.410704048957131 0.236814270940053 -0.174132187337979 0.0185619443241932
-0.184977983650183 0.377409099222891 0.292679523861257 0.136046961628572
0.0644237191149598 0.327602076115868 0.35079871566915 -0.280942829026471
0.251205830386999 0.125970429244199 -0.0337168126136696 -0.510651875465366
0.261556903121561 -0.0482270253728366 -0.360492315497162 -0.240160666695003
0.172924594763085 -0.183723272450137 -0.310851569259585 0.0367045556424036
0.0327006324526287 -0.207106442055474 -0.159409416047279 0.125559107052927
0.00732647165631406 -0.202515221646562 -0.0127529574301036 0.145879626372531
0.00585417019011096 -0.199672238227673 0.101570641350896 0.15268563839346
0.123438509368311 -0.238498346463882 0.178342304664348 0.204534064323213
0.27681718864916 -0.136802104794439 0.140656365935241 0.313473702626363
0.331605231189784 0.0286827389530701 -0.0486814111195764 0.391337728062127
0.224202444608704 0.360638351344161 -0.306281440232474 0.255013160403143
-0.133029660714826 0.503742410444935 -0.376772869108345 0.0103626607418102
-0.434431386838431 0.393072987475164 -0.201601055910208 0.0013362926603405
-0.482052431999948 0.169852912958392 0.00852615934259623 -0.059862525624292
-0.325465462274871 0.388525897597461 0.361367905473891 0.121762468439774
-0.0235630667566549 0.429807580667591 0.445234007353532 -0.203379483682273
0.286145229873569 0.225252031029179 0.120309520314358 -0.467500655741439
0.330282125650991 -0.0274302391361599 -0.212535186302307 -0.29501308683016
0.225800845068396 -0.207558903388914 -0.237808371077455 -0.0789604093319141
0.0495738947287154 -0.254030503364924 -0.143375644195035 0.0123511469052128
0.00304231141567703 -0.240640950265479 -0.0103285727612876 0.0535972350521631
-0.00182083323701716 -0.227362207621521 0.108084649524304 0.0571639991515579
0.121676236303474 -0.265316441361823 0.22019018920112 0.105532347044357
0.291187788741879 -0.172235583608584 0.235230544122414 0.234223899015737
0.368368756772292 0.00338093721628339 0.0767443496402189 0.387413331082676
0.254683878153809 0.372801133809922 -0.201230732228771 0.29526586086379
-0.139293004508103 0.501213742349336 -0.314245452508716 0.0187650942103714
-0.435869089428481 0.367584716130772 -0.0582803333652645 -0.0802792962252575
-0.457202460508806 0.0747876433853174 0.213591964800698 -0.119670073191507
-0.392556620913678 0.300517906248916 0.428479920333055 0.103239537113614
-0.117004759349122 0.417811643848392 0.499264741353638 -0.107133817428521
0.242731076233216 0.272015035297167 0.251479464390251 -0.365848460671785
0.326321611954653 0.00424390287880041 -0.0440806876801369 -0.312826926626115
0.235596279978941 -0.187605448864497 -0.143200809352024 -0.186500639856465
0.0582265991981522 -0.252618172186023 -0.117322922479234 -0.103242628884133
-0.00104814340321445 -0.243240889926485 -0.00800226445195033 -0.0426334227124523
-0.00722707473159255 -0.22602009057304 0.109447897401228 -0.041694362846901
0.109911619546241 -0.25534940407282 0.24246965396078 0.0072989166589107
0.274167353241174 -0.171343313485967 0.297810321877336 0.15089292824577
0.355828829454881 0.0054599563078969 0.164936856270894 0.356000173123741
0.218733723468367 0.35958587153799 -0.116376553435922 0.300711068791294
-0.163071038701139 0.42969615889751 -0.256750924362571 0.013306943521311
-0.400446774995052 0.270533018904116 0.0696082583147479 -0.146172156837467
-0.338285051366228 -0.022895170801811 0.393565180505677 -0.158257811442094
-0.353162033032765 0.156579565895703 0.473024162499212 0.0875419905806503
-0.156515507949791 0.30710195188528 0.511775039531416 -0.024545454334273
0.159253388672083 0.238495986455327 0.332679464604078 -0.253074777718888
0.254184479832628 0.0201254557759051 0.0942068562351869 -0.303417889652368
0.195838798590614 -0.137570403462724 -0.057581842269115 -0.26899686156618
0.0544045683628501 -0.206523678798016 -0.0897844655143207 -0.199745194717577
-0.00258545710417192 -0.208067097227572 -0.00557080726596928 -0.128438756221975
-0.00678708862343868 -0.196914968982812 0.110998609448083 -0.12896656736222
0.0931101344625207 -0.216914638786127 0.255119948371204 -0.0747596885862721
0.235204723911968 -0.14182186788577 0.339982844774521 0.0849520852629781
0.30630566293376 0.0319606107587334 0.217174853423348 0.32459121099123
0.135857553484129 0.327255211881354 -0.0623704399513931 0.291927728807062
-0.198438787350787 0.307007211527783 -0.204910018653292 0.00692469468484533
-0.333067620950559 0.126899168660312 0.177642237968242 -0.176794443864773
-0.156154502631445 -0.109528098340018 0.506530741345825 -0.181358843784408
-0.228239909865736 0.00444639762520764 0.480467182455192 0.0679790950451538
-0.131510577119988 0.152866103890041 0.500514485998233 0.0183979921455644
0.0713568836877449 0.145158988876827 0.365188467167901 -0.181144370538671
0.140705161353753 0.0176690069534434 0.169486074171233 -0.297200241043948
0.118975980800167 -0.0695636466501339 -0.00992928998871534 -0.319588185273119
0.039413525100057 -0.126839147271404 -0.0710025112280554 -0.262064032898391
-0.00136337709775726 -0.141222438959783 -0.00280505007686412 -0.190984382333045
-0.00173318875172099 -0.140770229011812 0.114767520876682 -0.194019609626222
0.0716739208196889 -0.155064946463986 0.266296161487157 -0.132764042233016
0.175531901199431 -0.0955981711410023 0.373773743938476 0.0449887568526363
0.226586075561935 0.0610874318860599 0.246660069514454 0.310504013683311
0.0363514956429295 0.267577130739048 -0.0366575296355245 0.290477686051078
-0.213479770003095 0.153761698685404 -0.166935360705476 0.00889056753262823
-0.227536108699014 -0.0339716342017108 0.257424244948805 -0.166773278498478
0.0753037228488324 0.132211897318829 -0.304568545248391 0.251731153923983
0.135600976789639 -0.0573712540472078 0.223049798128469 0.0989489714275721
0.0109527530621763 -0.131622363192726 0.0917259138362005 -0.335272308429109
-0.114495501871425 -0.029796103197784 -0.289965497031062 -0.364060772930642
-0.066477359609209 0.057977873339325 -0.478611629923739 -0.0291848954571894
-0.0162549104473578 0.0614672149687629 -0.311587500236999 0.238677298990588
0.0115912748994061 0.0636913559534827 -0.102894681087475 0.283150643315471
0.0130612387411936 0.0407552971047086 0.0159841787552342 0.262653928096602
-0.0135555914006433 0.0335291909575488 0.0900294631602628 0.282804605288378
-0.0374265440135968 0.00196696243561662 0.0384205565055418 0.341276870499146
-0.0225247822321367 -0.0159451873717262 -0.122750946591885 0.347338039631613
-0.00137708240114317 -0.0497784856498791 -0.329298448472055 0.213829289845129
0.103906260632675 -0.00465541547120849 -0.501131614519061 0.0416067700416821
0.105282915604761 0.119593915820475 -0.54441941097096 -0.062468256048097
-0.0468259509161946 0.189183606429101 -0.549481578799952 0.176021526948361
-0.0797116947401427 0.22984869129695 -0.327510079802676 0.203297555247883
0.0908251569268048 0.109138991374144 0.225217861192705 0.113407669854225
0.0794470120117307 -0.0103557334591412 0.136991986505825 -0.341599053635443
0.00954770770776882 -0.0257941689870788 -0.271586493450735 -0.417057298690271
0.0291715456727483 -0.00263226486438622 -0.492198750506221 -0.0621142862705266
0.0286446339978357 -0.0335044483979986 -0.331898401372943 0.222240099994482
0.00548637343959139 -0.0308784072923201 -0.120860980091223 0.278615709721396
0.00632372652806289 -0.0511438080854389 0.0136560946555836 0.259410220563356
-0.00396878966625504 -0.0626083395101303 0.102332408832126 0.271139367571252
0.0401389267033541 -0.0975496762651364 0.0822103435404739 0.329174968088088
0.112039577923298 -0.0440343459264033 -0.05726026450145 0.371162625323389
0.119980527112803 0.023736371382231 -0.270947389431999 0.282255445262251
0.112138421214761 0.164409260267334 -0.46678819191551 0.105300422811929
-0.0268605603896394 0.288071209595797 -0.496340754494104 -0.0242177326767332
-0.234999383656981 0.293547715826848 -0.465958502853525 0.152517277733596
-0.248676794936217 0.28014169133062 -0.286815985515418 0.127537158447348
-0.0105025700676606 0.273789629614644 0.255426047758508 0.118762075872137
0.113215811988627 0.153508731423468 0.223799476413549 -0.340769820827525
0.147100622613777 0.0183068081940791 -0.203413975993746 -0.476531148941865
0.145344537708269 -0.051899977111228 -0.466664859169486 -0.127011771483703
0.089399966126957 -0.12868224881828 -0.336071370431175 0.161733648405938
0.00653074647439348 -0.1272157645912 -0.139274012946658 0.230602577150884
-0.00202780918549758 -0.136329433483397 0.00785259010140903 0.218783981152656
-0.00349058369690022 -0.14342523168365 0.11425499287304 0.221370932397972
0.0868593717297887 -0.187086763832524 0.144992702329544 0.275316254622821
0.2114208028363 -0.101436660778288 0.054941425288036 0.361381917517412
0.242929802403693 0.0333813186178053 -0.156439664520447 0.358087487689635
0.179248433637713 0.28582302203088 -0.39664999092918 0.203028776895783
-0.0839735343616837 0.43435524907597 -0.4404901121148 0.0160742578130043
-0.3563698251816 0.383958090881713 -0.342170006305879 0.0996080555368726
-0.393869529479698 0.273742710868189 -0.172131660777341 0.0332722727412642
-0.153212944160104 0.392487862524767 0.309794978830449 0.11124052207254
0.0910547823329144 0.324663598543628 0.333371557320341 -0.307863742590554
0.261743060314157 0.105126435080745 -0.0777948093226422 -0.507944633951731
0.257697801532125 -0.0726146885618823 -0.381734107521397 -0.209677380673142
0.156057466364679 -0.199831199415057 -0.310505636200366 0.0630069214540153
0.0151820511087008 -0.208346761743707 -0.148670688672631 0.141724506351811
-0.0110500745982374 -0.203135907910998 0.00114398564722132 0.145839542365801
-0.0119550398489016 -0.197934881614479 0.11973332067268 0.142643255600986
0.102460312861007 -0.249515502335941 0.198822529457217 0.187336792094015
0.265057041113348 -0.163025994512834 0.17167224115622 0.304296085224719
0.332533290940194 0.000105297645312679 -0.0143202306638222 0.39406759981278
0.256470069533066 0.34277895699213 -0.290662619842536 0.280780398031072
-0.0908033381262132 0.517451079485631 -0.377575571484131 0.040194787542801
-0.407324921848961 0.428863135208795 -0.203283015231839 0.0170677144765737
-0.473936202223779 0.211127465558088 0.00426237300888314 -0.0603867467675459
-0.293221594193506 0.41698619462845 0.375473260511165 0.0906942763487369
0.0116902740831288 0.434298234613594 0.435010398431515 -0.237757165320834
0.305179478818599 0.20168498866266 0.0812084586794963 -0.478771379425079
0.328506472515183 -0.0576947710945196 -0.236924664081282 -0.27830992706845
0.207473669558903 -0.229500727705149 -0.246911833371889 -0.0589922104102034
0.027194140828742 -0.256054919278577 -0.144486413033174 0.027695926158214
-0.0195722046356639 -0.240502248149653 -0.00486205226710524 0.0533808150219072
-0.0215697055871972 -0.224881870329447 0.117765749238236 0.0460654362686374
0.0980803905991349 -0.276028394333586 0.232670372362845 0.0838454658253305
0.275629306970994 -0.198856029861217 0.259982691393714 0.216672133202152
0.367404664898385 -0.0280675852538669 0.112157277982141 0.379853580567723
0.287753136894855 0.352089232012958 -0.180322664877957 0.312729684967382
-0.0972141155380363 0.515723054048568 -0.316020890977625 0.0432182752821349
-0.40945340220481 0.401934491704065 -0.0672166759227136 -0.0755175600790673
-0.456485436042021 0.11378729537406 0.205756738936115 -0.13779332405277
-0.368251489277074 0.334634210224759 0.43903314497955 0.0687374417424822
-0.0825491989920306 0.430649594622302 0.496796082317377 -0.145849253798024
0.266421933346386 0.25191456756963 0.224342729773574 -0.386559731077756
0.326978513047219 -0.0259636185889018 -0.0681228971605595 -0.311168662825397
0.219473608019674 -0.210893314260814 -0.161471370277338 -0.175099627385344
0.0365424682271393 -0.255482491045597 -0.128302518113869 -0.0896277689452853
-0.0239369875746776 -0.241882253291276 -0.0112565459982107 -0.0426621862880818
-0.0270131064506592 -0.223116814369141 0.109399190747908 -0.0524100523965665
0.087482909090126 -0.264246084809448 0.244667829611293 -0.0159213351186426
0.258323453916816 -0.196742339326781 0.31519357116637 0.127164240468206
0.354102913964854 -0.0245831876312938 0.198180213233897 0.340337618608009
0.250783275917464 0.341501695844045 -0.0948748545944798 0.310458640075455
-0.128005730925323 0.443340395969235 -0.25807900424877 0.0331218343728699
-0.38205890647657 0.302699109471212 0.0556901158456892 -0.150614927858807
-0.343356944930119 0.00574693443212047 0.383094447328613 -0.192385803493773
-0.340650251756554 0.18647613561807 0.481487235635075 0.0507010589676131
-0.131426944311586 0.320689511626811 0.51566305275602 -0.0627480478636232
0.179288650229838 0.224789189642729 0.314918536030001 -0.280132960144934
0.255449248179981 -0.00354007535374036 0.07233535453939 -0.313506250031787
0.183843598657485 -0.157115629425475 -0.0833428359154465 -0.265742583040969
0.0364417422954658 -0.209649535692283 -0.110263897240333 -0.188510358536286
-0.022532655375837 -0.206220249372067 -0.0170239182137352 -0.127699705293678
-0.0240700412599854 -0.194308761186979 0.102601505238136 -0.139499437421121
0.0742409275273252 -0.224402619895187 0.250400429633805 -0.0983824371954682
0.222027030058835 -0.162844912165429 0.351280514380615 0.057317767254864
0.306744346628428 0.00580099292341427 0.24807799641643 0.305943050041627
0.165414388537146 0.316218165804541 -0.0401409576173835 0.297602675681886
-0.173997997200472 0.32402676514479 -0.207421517004775 0.0239695421541169
-0.326094543993826 0.153384852621171 0.160903022847252 -0.190695255069803
-0.166801607993964 -0.0961531872175961 0.494744828109044 -0.223184262106667
-0.228656436582095 0.0239656785491294 0.487071934281648 0.0318675556537108
-0.117598292099078 0.163468277141672 0.506663387249775 -0.021522948993548
0.0844524619788893 0.137364114507596 0.356497971656888 -0.210827822553991
0.141097671772316 0.00387956570696933 0.149492601870093 -0.315419448273788
0.113698460580458 -0.0816165948122446 -0.0403127599557345 -0.319814002382296
0.0280129797077338 -0.129306831247492 -0.0963842529747669 -0.253288696578376
-0.0157926433479417 -0.140046613063367 -0.0192406496220432 -0.189989473713676
-0.0143994705734637 -0.14036076362384 0.0993572770792432 -0.20461916476092
0.0574870337349829 -0.160832249172542 0.257121140285155 -0.15674386452004
0.166367028134523 -0.110735636265365 0.380698280523696 0.0139246295912888
0.230881980533966 0.0418190311310478 0.274816294376769 0.290302297045402
0.0600485258293221 0.263535664840777 -0.0149587481549372 0.29352594109572
-0.203024479684447 0.172333124360226 -0.167904111251862 0.0233570833642569
-0.232692002695844 -0.0161054084925359 0.241287645840763 -0.186874907070167
0.082671291811151 0.125288256674402 -0.279855608396359 0.268697235647589
0.128006794463391 -0.066071265274704 0.231363853772229 0.0788956759606581
0.00175148682618659 -0.130460548215584 0.0708502784062331 -0.337350826594748
-0.11456831325844 -0.0199268350973637 -0.309885526151862 -0.338639134923189
-0.0611536716640778 0.0622792965796171 -0.475626607097573 0.0060445376110102
-0.0108536835071463 0.0616007442244653 -0.290658961057548 0.255971841266993
0.0171523467056454 0.0601532924423075 -0.0800472022730278 0.281311271573153
0.01598421986046 0.0378003010312537 0.0351359054372612 0.255762473041472
-0.0097426029794628 0.0334275767441985 0.110406514362129 0.269570647843054
-0.0367242750782734 0.00506334784887885 0.0638587645815136 0.334775675614415
-0.0223406800523008 -0.0138679833915862 -0.0973704609617702 0.351669343217951
-0.00532888629499415 -0.0477613029094836 -0.315527324435833 0.230177460851988
0.102169858565777 -0.0128839327401038 -0.494287563777884 0.0731839070773906
0.109754542543536 0.108712782231972 -0.54031714047896 -0.0283656433814195
-0.0354391680211608 0.191709245289672 -0.530296408010237 0.204152029482852
-0.0639959107727148 0.231073632059657 -0.307305381345118 0.223555349659032
0.0959409118124612 0.100596233429676 0.234647910971388 0.0935072702885453
0.0770966042164348 -0.0148510199235948 0.116453594584732 -0.345517006092244
0.00678397228421792 -0.0247740231713604 -0.294557753449842 -0.39086230086863
0.0283940401351993 -0.00408629307679175 -0.489854808057959 -0.0253221448532192
0.0257015527747408 -0.0349358736852276 -0.311596880553717 0.24194727915351
0.00449372277040224 -0.0313635780093426 -0.0978179055712173 0.280368864191559
0.00297417588194715 -0.0510642514068491 0.0327236190864055 0.252417583194534
-0.00742551784831886 -0.0615723903296374 0.122303405516586 0.256648491036895
0.032411294918085 -0.098504845486138 0.107427604416196 0.318068994844933
0.107837459142837 -0.0522076124354166 -0.029109481658107 0.370966259410935
0.11912178269831 0.0162009885840003 -0.251874267707016 0.292891309138534
0.120963437389233 0.153514215416024 -0.457622731216494 0.135690764096837
-0.00962300887490251 0.283436042864346 -0.489749449187564 0.00495626075896113
-0.21576551044384 0.305838710028835 -0.450035938282316 0.177818498997712
-0.22780596220697 0.292751546028372 -0.272369040666341 0.145220190197798
0.00788846498902625 0.269074698083594 0.263664563513252 0.0976629375364405
0.121247423765934 0.144408073492831 0.202780146642563 -0.348597929135701
0.145385012495529 0.0092828787174114 -0.231456162270393 -0.455740199907384
0.138862315338783 -0.0611461593483613 -0.470275453647287 -0.0918698651860382
0.0781412459893738 -0.132373119760519 -0.320274650831083 0.182819333281066
-0.00111849291538995 -0.125198093491947 -0.1198261647039 0.235681807687649
-0.0117598003132116 -0.133876048553437 0.0237596668298548 0.21298886767844
-0.0131905571690355 -0.139519137171394 0.132387760264382 0.206798977427245
0.0716564435540034 -0.190171394811663 0.164140434647307 0.260431156973157
0.201767750000552 -0.116101042881143 0.081556849788775 0.353508656347218
0.24010586163131 0.0174126252925192 -0.132459653051481 0.360721446125076
0.195633786415122 0.267857998787118 -0.381374451952079 0.225510452696482
-0.054048143239708 0.432642355837909 -0.433141864064933 0.0405554511925332
-0.331200793397937 0.399630653678123 -0.330828980737955 0.118313758966763
-0.372081193885702 0.296163675513859 -0.166382594979825 0.0442474059491538
-0.12354712718082 0.395446569270748 0.315474529442016 0.0885394841217522
0.110769780882476 0.314582378814829 0.314376982539165 -0.323182664752497
0.263324068780766 0.0863422414102464 -0.109725745642319 -0.49455111250025
0.24801250380843 -0.0894534152982209 -0.390078296164725 -0.180132167428405
0.138559794489481 -0.209176435686981 -0.301528542991205 0.0828943567826551
0.00131413183684234 -0.203841326245251 -0.135340949426338 0.151623505756683
-0.0264182214488644 -0.197521830616276 0.0120771717814422 0.142086383756262
-0.0246751999852218 -0.191929653970016 0.131635535918416 0.128937602451755
0.0829704190809936 -0.252912407006616 0.211142686280121 0.168727461941751
0.249005924160861 -0.179975704819461 0.193752958910443 0.28938787875706
0.325751762303066 -0.0215326072887675 0.0125017916760777 0.386475915791413
0.276346868758039 0.318969418024627 -0.27235673722626 0.295208089177709
-0.0553289137108078 0.515171844812053 -0.371239820417598 0.061430641385771
-0.380551205877895 0.447232675800033 -0.199998236764346 0.0296551255569054
-0.455381071098211 0.241476955267643 0.000801256703930754 -0.0609245770682302
-0.259754295672056 0.430308946785768 0.378245158833352 0.0660955418220169
0.0401618204092101 0.427321161346022 0.419012408195278 -0.260700499895616
0.313940146307652 0.177844075399058 0.0515673618278078 -0.474841547331708
0.318365585647844 -0.0799167981399158 -0.250996322806751 -0.259402131992212
0.186759233386575 -0.241668025059345 -0.248694512003415 -0.0410393977487803
0.00951959418778326 -0.25091662528876 -0.140228257086813 0.040339747899451
-0.0365535621682567 -0.233648972893601 -0.000575871060477534 0.0518322615903083
-0.0361616753175628 -0.216822892345766 0.122238076414537 0.0345409089671243
0.0769527823430454 -0.277912872212617 0.235526604909274 0.0643616728079314
0.257141627203895 -0.216215464078754 0.275171563261784 0.19715161063942
0.356876400968037 -0.0520234103295222 0.13796656850202 0.36302880696164
0.307654520505659 0.326026720182092 -0.161354810857296 0.319785954727857
-0.0599747906737862 0.513558671822885 -0.310586574227447 0.0614417560803348
-0.383366251836047 0.420013648756088 -0.0727182159127849 -0.0689311622984319
-0.44479613045571 0.14288984994232 0.193761594335864 -0.148845048351779
-0.338864825100672 0.353943082738462 0.437974359611259 0.0405621302869694
-0.0530598318413769 0.429053614994255 0.485659443535865 -0.172510444557536
0.278195633329746 0.228556286373464 0.197557321333123 -0.394497933839654
0.318789863579125 -0.0488089623523118 -0.0861670099516561 -0.302888028258321
0.199718867511298 -0.225285893634203 -0.173184310971462 -0.161269684335994
0.0187661034053526 -0.252082316570075 -0.134131059314776 -0.0759896647720346
-0.0411027372453379 -0.234899785836949 -0.0139687496542505 -0.0414678595336358
-0.0405970165201927 -0.214349615749461 0.107835542071154 -0.0620222921562816
0.0676150800147451 -0.265980987820454 0.240651043095364 -0.0349667416407657
0.240141693722987 -0.212253289747458 0.323361995848492 0.105422840495752
0.343795229244951 -0.0480701515524545 0.219953649140931 0.320033400751234
0.269082494234804 0.317680935209945 -0.0766525766924448 0.310805874832652
-0.0967866323127484 0.445695340400246 -0.254587830763096 0.048534539118408
-0.360907900556476 0.321686263146404 0.0427214682812236 -0.150511736884823
-0.339845557519919 0.0286486213751677 0.365605640221389 -0.212416853460915
-0.321483549396536 0.206373346139763 0.476165557305715 0.0210384435047234
-0.10714622083294 0.32495701569993 0.506881451687406 -0.0929065199373479
0.191209330737581 0.207771873383813 0.295788933181402 -0.294452403930227
0.249925433880338 -0.0223545817548491 0.0527296703891825 -0.315945459942709
0.169245963261422 -0.16904599006027 -0.101894867452901 -0.255417104232455
0.0215436123177474 -0.207614567626205 -0.122611011477374 -0.174256048954074
-0.0377413661876973 -0.199700124558462 -0.0255302476114175 -0.124629183975136
-0.0363748352519628 -0.18708265233131 0.0929853548767355 -0.146154235953634
0.0576026834727198 -0.226186421409258 0.239575419165564 -0.115732377813684
0.206245439906404 -0.175586698918716 0.353384981851183 0.0344809489717592
0.298890110182704 -0.0144819304215651 0.266637088589658 0.281373697356836
0.184755188225588 0.297912495441155 -0.0239336851250865 0.294377563345241
-0.151041351927135 0.331401165877569 -0.205011831415256 0.0364546893612561
-0.313728196795662 0.171617843642261 0.142847833762509 -0.196034432471732
-0.172134251813893 -0.0833075278994075 0.473042667355592 -0.248708831790548
-0.223525052204519 0.038583675357194 0.481099604039402 0.00359937282804583
-0.104126923359189 0.167512146921107 0.498930900925588 -0.0513178275150587
0.0919948235211347 0.127791976026246 0.340844811602979 -0.229588645374581
0.137081481910874 -0.00688903356642607 0.128930509069772 -0.322129250043597
0.105572832691763 -0.0902812536380499 -0.0639832372646555 -0.31193116514626
0.0193733665538849 -0.128465006872523 -0.114476400283199 -0.238832179981759
-0.0264767713858382 -0.135426238635145 -0.0319005359206297 -0.184843333995753
-0.023630010777995 -0.135969726378526 0.0846466408073661 -0.2091514116286
0.0449249695595328 -0.16220453199264 0.242536657324835 -0.171771663469004
0.156255613506527 -0.120666456022792 0.378393379708724 -0.0104676684205673
0.227844634927592 0.0257230636147159 0.2920798718163 0.266087797353244
0.0778676150807728 0.2542337591509 0.00188476689174856 0.289601348024736
-0.190099203080099 0.183642103302543 -0.166578533802044 0.0342576927531821
-0.231855338608281 -0.000579101313407262 0.222069126500771 -0.198192498704154
0.023584502560804 0.152065480892628 -0.345981859014312 0.127674756219905
0.140991496376464 -0.00809306519768035 0.184402490869518 0.151807306731937
0.0533913019598065 -0.119401026266638 0.191663439652276 -0.284650327267845
-0.0939730753849109 -0.0606342527119869 -0.159734338122303 -0.424995898239285
-0.0756076544963422 0.0344139459626544 -0.43704679608676 -0.173649181378847
-0.0320635139560555 0.0499246700405945 -0.360730333805991 0.123265695481445
-0.00598693715537717 0.0583682591754264 -0.178683300613803 0.223404733873251
0.000593334118133977 0.0400411834730845 -0.0634249002894501 0.245007303265996
-0.0182655653903706 0.0272257123528335 0.000459337102662446 0.285373507907092
-0.0321502988599071 -0.00757984094250863 -0.0665657711472012 0.33164605306614
-0.0118930338627049 -0.0172545347355322 -0.224014722284668 0.280642167609249
0.0130591341210514 -0.0391922519540443 -0.381429929780237 0.0828544944245108
0.0963514789688904 0.0298035914941066 -0.476684319697685 -0.122216430093761
0.0548770365863321 0.141930105473743 -0.48390220530902 -0.223333852712103
-0.106957670002151 0.174606193942861 -0.571893879816741 -0.0267043429141188
-0.159447707450193 0.187910058935394 -0.338961353195376 0.0888986218238211
0.0441253734798371 0.12801015883968 0.189907873083479 0.169042841495784
0.075500788046754 0.0156349717514939 0.245954351164214 -0.276804038908718
0.0150621912693895 -0.017023025265922 -0.124193998133305 -0.474968821305863
0.031147610479577 0.00936147334867743 -0.439522445455304 -0.21418602177048
0.0377362376897457 -0.021981046929261 -0.376976865757411 0.0988345415970155
0.0172050964291814 -0.0270325822428708 -0.194906296150402 0.216866120466742
0.0221299681519346 -0.0459768881875572 -0.0645860357847921 0.241058204210443
0.0183666878226783 -0.0577694750398209 0.0184198832710838 0.276676593091273
0.0674102809544952 -0.0790031279429372 -0.0186526278547903 0.3336830309374
0.1221324141476 -0.00722435576633319 -0.166467266509484 0.325193605489697
0.104175480032773 0.0638354622403489 -0.345831409576465 0.166920931689037
0.0570445675784139 0.192368795594428 -0.471018288023162 -0.0501469772884291
-0.113865417494695 0.26197204787672 -0.461437117766609 -0.178791158853887
-0.316030695893072 0.216761387145094 -0.492224427974782 -0.03103385284529
-0.338810226335535 0.175507198779952 -0.267402242259026 0.0462066162623697
-0.102955204415446 0.243605550087119 0.223749949029711 0.191251805463494
0.0523604559329684 0.179135125226787 0.338337631833392 -0.246621821128219
0.123970502715522 0.0684989953897205 -0.0375992212873596 -0.517664494244502
0.152328791318017 0.00171222992399636 -0.394371899769473 -0.273385707769549
0.122059052852461 -0.0896091929759143 -0.364093474637947 0.0370572338487912
0.0477685742412716 -0.112850680626049 -0.198953269290533 0.167837495176291
0.038819875146899 -0.126205738972816 -0.0572402703463543 0.201672357716263
0.0413212707118053 -0.130831789287633 0.048327645276107 0.234525671617815
0.135986590420094 -0.149458609555689 0.058091813998263 0.301078708471326
0.231712524593008 -0.0336219215733139 -0.0570448970595515 0.352491519170669
0.21575103160238 0.107419979493495 -0.259681456769523 0.277816704581343
0.0882805707794898 0.326337471338529 -0.438679499338664 0.0631800694528486
-0.206082496311968 0.383149816242395 -0.431844758477303 -0.123506735003067
-0.455244525188403 0.263322792929539 -0.36203158974098 -0.0436524528503897
-0.474762160387889 0.11602349967779 -0.12783220113231 0.00982185536191841
-0.273731074889318 0.304167676072833 0.28022650141914 0.21134588426641
-0.0251943187311481 0.329925404343956 0.441888428467743 -0.17668428168622
0.198662323829754 0.185138045309312 0.0989098624522659 -0.513001567516142
0.260779942286646 0.0196253743554019 -0.286799043383657 -0.329630363199773
0.205138832072332 -0.135794983159411 -0.31127535385509 -0.0504623764049434
0.0793521849088126 -0.182057275161102 -0.183311099047277 0.0844453459073811
0.0495480267621934 -0.190183705315052 -0.041722833401424 0.133020727486645
0.0506478330095662 -0.183491539370748 0.0786040290666377 0.16356687246117
0.167735692703437 -0.202918220614043 0.136648086950418 0.234045360184609
0.297578933357903 -0.0780687241499907 0.0703490777947088 0.337808099134213
0.308252167253331 0.100988838858123 -0.134429329662538 0.358539186826417
0.148889932400688 0.40251101608904 -0.367094927434988 0.168953698564915
-0.233115349907221 0.459638420233259 -0.387947333820493 -0.0799821359712285
-0.515128600880981 0.287252036825255 -0.210577408747294 -0.0755739690489222
-0.528122499078309 0.0286518629643646 0.0618777096087244 -0.0114877438474706
-0.409472530551551 0.279167098275634 0.344715843722791 0.222941732409368
-0.134025400623226 0.404057739865114 0.517197935242982 -0.071859022129619
0.205316393287845 0.285809905968485 0.246950457687833 -0.434268264939413
0.319217616732924 0.055782998931629 -0.126831446370813 -0.351223959139455
0.26095257959165 -0.146911334940024 -0.215607233427522 -0.146840169605299
0.104480042954779 -0.219911297189755 -0.146348165203779 -0.0188697000508026
0.0528757356463022 -0.226434037633539 -0.0204970313817321 0.0462678190096476
0.0485705391564307 -0.209611134289852 0.105818597831762 0.0741316018965207
0.17059010803383 -0.227630336606768 0.198904799169353 0.147301656212311
0.316614282326253 -0.109160099034525 0.1801827953006 0.285080598067854
0.348546944660276 0.0824758314110498 -0.00961978689892961 0.38605572211782
0.176317206857528 0.417308138388913 -0.275288344426249 0.234598715094213
-0.237403342893184 0.455854931945679 -0.333402242667549 -0.0576102554830341
-0.507406091098886 0.260995396668072 -0.0556125149663312 -0.116820548894615
-0.476406240770601 -0.0565436938743722 0.261745589083712 -0.0159165045199226
-0.449082420228015 0.177973181849347 0.403066166964437 0.228426502866771
-0.218396573608889 0.367657270226171 0.543292559036711 0.0407483394132297
0.154089772579346 0.316261241114628 0.355802184885949 -0.299968616156024
0.304771953393547 0.0846225691512957 0.0442539561506821 -0.327619098461855
0.266264082437858 -0.127468082485537 -0.0989575858368381 -0.226676905082655
0.112383955071674 -0.218034244125825 -0.0973992001312236 -0.122165402535618
0.0478785836832323 -0.228680749109582 0.0025699941723632 -0.0434294205631196
0.0424088335766592 -0.210123963693795 0.127223459246691 -0.018567267913021
0.157092786681285 -0.22047806546213 0.240245023754069 0.0586044189926447
0.298574550066943 -0.112039084370901 0.25809726217437 0.220026501621032
0.335144151575022 0.0806151091370849 0.0834036096888703 0.377907884417209
0.144652691931718 0.395285714841184 -0.195450590762891 0.258960771112005
-0.245743791790396 0.379338353797527 -0.275479637856501 -0.0509424414001503
-0.450710457409888 0.172526038679973 0.0849590682557908 -0.143476833566872
-0.329776199474877 -0.11833070606835 0.428806001807035 -0.0149611407482772
-0.375319703303576 0.051072123450015 0.436436804803609 0.225382760773649
-0.226033188180254 0.250546648440219 0.524849197816598 0.125023916209835
0.0854110785580182 0.261127577103895 0.406942519642501 -0.164212676259378
0.230201417682828 0.0805788629339005 0.177013366649231 -0.281466524201534
0.217226804339279 -0.0880518374819308 0.00227247975059762 -0.282349468213442
0.0981124933613825 -0.177603408993966 -0.0498840644429078 -0.207411428788464
0.0380492409913286 -0.196257682563753 0.0231152315016259 -0.122494269977409
0.0350766143669642 -0.184035676067015 0.144805321310895 -0.100173538314288
0.133234506109987 -0.187633427636382 0.269329731034221 -0.0143853891656168
0.253840074790819 -0.0906670190051833 0.312129203443693 0.16708148776242
0.28249886693884 0.0931679259609081 0.138864009497455 0.362985668498957
0.0725598114212686 0.345897958886714 -0.140916875728352 0.262387321047105
-0.255958043506511 0.255457492458595 -0.221096956112214 -0.0461384101591841
-0.353150598976688 0.0480961347948903 0.200674290758296 -0.141743041314616
-0.12483607905361 -0.150423944412651 0.525536218667435 -0.0223373434895767
-0.217256983024804 -0.057927071364117 0.43738791443922 0.206941264551399
-0.159713900821224 0.109112640599741 0.49074739993803 0.158354492119011
0.0281417883335956 0.148823608851386 0.41798883837756 -0.0818112896799451
0.121994926627874 0.0498734031602117 0.248391149844407 -0.252229805686504
0.129912306449947 -0.0414337256933695 0.0597719915835707 -0.314894444936229
0.0666867796507299 -0.108530847653631 -0.0171396809807042 -0.261913220430628
0.0249437597727866 -0.133248941810637 0.0397215503106274 -0.179335479510896
0.0271451935903388 -0.13297948466363 0.158642522010051 -0.159924146288691
0.0980931787191511 -0.134730843281138 0.291547041292724 -0.064552362715726
0.187746769658505 -0.0592229519942505 0.351414032444842 0.136458303033784
0.203064280658041 0.104269245530469 0.166163486066111 0.357788252220583
-0.0114221071764534 0.266955511156074 -0.115875370592191 0.265259549132345
-0.241902375301892 0.105625340307697 -0.178886413746009 -0.0370456778438932
-0.215596047769843 -0.0831786899177494 0.280391748113822 -0.107132960494141
0.0298410233587561 0.151815959953306 -0.340013222382673 0.143233657841506
0.140279578377377 -0.0142010592656679 0.194814658189392 0.14065128259242
0.0486598841363457 -0.122558095908633 0.182803648166552 -0.294513835789171
-0.0965846750132728 -0.0558510372750934 -0.176372349363752 -0.419274820403609
-0.0738768279689325 0.03869987093033 -0.448468496409073 -0.153262296125561
-0.0292010787367706 0.051922656155975 -0.356071115161168 0.139147714407033
-0.00183370437968756 0.057420653780448 -0.167533410051017 0.228161954873889
0.0028240347657363 0.0388224456705343 -0.0512110849437291 0.246502752979309
-0.0159697241147684 0.0270033650740247 0.0158095383320624 0.28368207120287
-0.0323263690676511 -0.00533288377011736 -0.048474447199954 0.336753277017934
-0.0120367227634922 -0.0164123888764579 -0.21287590827794 0.291473569994778
0.0106764808038624 -0.0383781957737303 -0.383966101833936 0.0959125018247586
0.0982137977356738 0.0238020028717148 -0.486874661808314 -0.103937328357965
0.0593626497355284 0.138289830402988 -0.492609405416684 -0.209770690996054
-0.101379064482398 0.180537212370446 -0.575124348831479 -0.0077050696709108
-0.152818183900695 0.195456224906335 -0.335473932484282 0.103414437730571
0.0495826717872143 0.126145683475288 0.201342315655325 0.157862448004745
0.0766175083400691 0.0122521833423201 0.238549238312123 -0.288537000164336
0.0133881913842351 -0.0168282481308485 -0.144153127283667 -0.470158027598188
0.0317416104893187 0.00868455129563468 -0.450321343157413 -0.193893872862182
0.036931380553778 -0.0238695667832405 -0.372967430008726 0.116073009946963
0.0175203665411788 -0.0294205624319281 -0.183309753968206 0.223600245407532
0.0203875951860075 -0.0473484430527756 -0.0524207335787057 0.242591966403656
0.016442366195901 -0.0586037033520122 0.034759067321694 0.274531932198918
0.0646185590586554 -0.0821371769282454 -9.2239921598325E-05 0.335114137079622
0.12315968979756 -0.0132079780114541 -0.151618014182823 0.334991844999245
0.105969100895947 0.0610910830378424 -0.343684816780175 0.178066423297968
0.0643015041609434 0.189476644301575 -0.476976191738931 -0.032322300455445
-0.104705438411577 0.265796885713714 -0.468427325088014 -0.164631526740767
-0.31047663483947 0.230714174388467 -0.494756435591234 -0.0141219014607029
-0.333479309955109 0.191359187460273 -0.264674884490979 0.0568832328829812
-0.0921581235916189 0.247993102372285 0.236100002623846 0.180477306189813
0.0600906611205061 0.177580641098054 0.333827664596588 -0.261030499264358
0.126329283161763 0.0646008029725184 -0.0588942843659214 -0.515406624313325
0.152793497908308 -0.00516909044112061 -0.409357249410906 -0.25465322317459
0.117372105336222 -0.0962863397819074 -0.364040361451785 0.0537967284918123
0.04396895717784 -0.115269892346694 -0.189652846027295 0.176464557546116
0.0336714513446784 -0.128227124583231 -0.0471817351827017 0.203418769052046
0.036924658364124 -0.132634443592828 0.0623462896089809 0.230494097147817
0.129162605645174 -0.156127252681849 0.0755710949692275 0.299197496557109
0.23160902114075 -0.0460211074750872 -0.0393194576216827 0.35777975719324
0.219034086308019 0.0995712628232437 -0.250499374982012 0.286802710747031
0.102050919084648 0.322939496120404 -0.441458286245673 0.0804651894295544
-0.191140917282892 0.390996530582831 -0.437961880010814 -0.109755973315845
-0.449339111908641 0.283116072302368 -0.366374303956415 -0.0315571025404226
-0.475067267147538 0.136820050548124 -0.127846418751953 0.0146619193690104
-0.260153972930594 0.316088171672257 0.29153103579644 0.199658112597711
-0.0111530911704969 0.332647550529506 0.441272847760477 -0.194310511937865
0.2058525216563 0.17696005383103 0.0784897043291676 -0.517614810321912
0.26216739469585 0.00720764789325018 -0.30180084258386 -0.316275987239878
0.198421444337532 -0.146322942273976 -0.314812234590296 -0.0362993577199128
0.0725073146559518 -0.186078799441658 -0.177881641694963 0.0929076490210785
0.0402883228522493 -0.191220230119852 -0.0349678818402631 0.134230367872399
0.0431134412092089 -0.183845812484804 0.0899902639861414 0.1572282595012
0.157985937208545 -0.211955246487407 0.150243523559597 0.228269917969035
0.295454923709827 -0.0932103911164808 0.0898123602080645 0.338324194389647
0.311871609343113 0.0886525056166961 -0.120081928204627 0.36177604626912
0.16675799984805 0.395611031777085 -0.365095366770051 0.18381420828463
-0.214090435622739 0.470269283276156 -0.394110316080968 -0.0681797290555346
-0.510093921768734 0.308169388416204 -0.215831250430672 -0.0693394894967694
-0.531403128515202 0.0525421405443723 0.0619744425435887 -0.0149867075786844
-0.398752864984622 0.295050154949008 0.354695623825057 0.210490593540899
-0.117372338688939 0.412248855775393 0.523947591363627 -0.0902122333716123
0.218373525709694 0.277995772980276 0.230670718972603 -0.444297876776032
0.322379153500858 0.0413721861843613 -0.140320158821856 -0.345555260477372
0.25342768087692 -0.161619967744792 -0.224055180282731 -0.136156545002592
0.0956701917424136 -0.224395500814562 -0.147470511365216 -0.0107876679209602
0.0411177195949328 -0.227763429271712 -0.0176582963814735 0.0467236507544477
0.040183940848157 -0.209370540381216 0.112576591415582 0.0666886308760977
0.160416552531911 -0.236338664112167 0.207781179002259 0.137818415480484
0.312831911797044 -0.125294928653657 0.197900263161663 0.279426436342063
0.351288233276043 0.0680226717714643 0.00846440561654289 0.384176103917441
0.197044681931623 0.409224679872413 -0.26997936353277 0.245375057891217
-0.219403798532153 0.467932161059949 -0.338348737610783 -0.048082976194185
-0.503121584929711 0.281679818494704 -0.0623608471678051 -0.115352525998523
-0.481725048531757 -0.0362088009449792 0.261502240016326 -0.0274861203569374
-0.440835473324222 0.196518874871745 0.412649040790232 0.213691345037503
-0.203834771848697 0.37904107720965 0.552506755054187 0.0202542716570169
0.1676448159437 0.311506942280118 0.346427905432086 -0.31303691037381
0.308439001648641 0.0705249041908672 0.0321789673617855 -0.329919820429198
0.259537925198251 -0.141537403072925 -0.111886152862254 -0.222435494010468
0.103184490034812 -0.222636888628257 -0.103914269899596 -0.116105548099453
0.0364605936835647 -0.229505321797408 -6.52443934184099E-06 -0.0430682792567398
0.0337399296531366 -0.209056399512321 0.128859127298674 -0.0264646507285848
0.14771778309654 -0.22794804241294 0.244788964502021 0.0470620266291916
0.293984162011992 -0.126811250535368 0.274263786835155 0.210952774536094
0.338533903549082 0.0659252414791904 0.101305471548438 0.373225772473735
0.165185129698545 0.387661855739253 -0.188647942094355 0.266964108446605
-0.231615863333943 0.393237622943798 -0.281641193800595 -0.0418807575994663
-0.449652473959219 0.191938561716444 0.0770317830513668 -0.146558380101248
-0.338017001240468 -0.103408676135084 0.428963336887063 -0.0330578656649288
-0.372656024382912 0.0676151629467795 0.444780571483751 0.210666609351428
-0.215728030351066 0.261373703890332 0.53487846703621 0.108155480481365
0.0959908614840397 0.257185353407433 0.403786025285767 -0.178786338955717
0.233674536625639 0.0702992937667802 0.168830377091233 -0.290607657833713
0.212565556023918 -0.10028899148955 -0.0121891934785811 -0.283216931755609
0.090451551542468 -0.18195121496574 -0.0607790777037305 -0.203471964183942
0.0275315421386155 -0.196197950594203 0.0173290674758006 -0.122714369342126
0.0274282486377068 -0.183614447698965 0.14115100640491 -0.108135953887281
0.124165784918317 -0.194556299692741 0.270154386795547 -0.0268545270187355
0.249337488079092 -0.102845052436376 0.324826652158997 0.155053623662717
0.284873566252097 0.0817644617429858 0.15661082474244 0.356303841961513
0.0893950467323133 0.341132928326482 -0.134502450098825 0.26814132145635
-0.248192606639187 0.267853852372794 -0.22681915066831 -0.0384970693426894
-0.354888359531965 0.0623620860622287 0.193011339038857 -0.149491814103028
-0.133669883730547 -0.14506210348423 0.526066126505796 -0.0427443749236004
-0.220536854547271 -0.0493255611018713 0.444653221078194 0.193550669739815
-0.154899110513188 0.115025263869764 0.500090818127455 0.141852559816539
0.0345550209012763 0.146555089820554 0.419004951515057 -0.0973795078208804
0.123028493571657 0.0442347967123568 0.241934480342486 -0.265972909300666
0.12691180610468 -0.048616488683835 0.0435188897583495 -0.318141784443695
0.0616782442920064 -0.111649302207554 -0.0313719816814187 -0.260314350439598
0.0165702033571031 -0.133288205089525 0.0305960248963554 -0.180388832354183
0.0206170700896916 -0.134097410499898 0.152798704118779 -0.167649364213729
0.0918882496778965 -0.140039416136643 0.290096271173679 -0.0767003801126777
0.18427786654222 -0.0673383332000196 0.3608217698251 0.122336270137182
0.207802664943472 0.0946998184600771 0.183302031458611 0.350123095463354
0.00114091429094225 0.2672780791267 -0.107887059810999 0.270235758336309
-0.240214149184857 0.117536068453869 -0.183792399733116 -0.0302770931160706
-0.221231695420277 -0.075008909313374 0.273918293273775 -0.118035120864784
0.0392220442024316 0.152635050141112 -0.333970748021549 0.163439247466513
0.140002102623003 -0.022556068042394 0.207310447870325 0.12756601856731
0.0417756502551494 -0.127488559069316 0.17007564998418 -0.310048474023565
-0.101177571916381 -0.049632303633632 -0.199331064618565 -0.413561447575648
-0.0713169306819857 0.0443645469504457 -0.463967963095392 -0.128008259164052
-0.02561652197969 0.053914449765246 -0.351787518220049 0.161293658400472
0.00140350232977527 0.0558073361835391 -0.156456418136906 0.236164959524552
0.00647980277597504 0.0381207340931728 -0.0363993129693386 0.2504617643343
-0.0132916170423271 0.0273898879284415 0.0350503981179792 0.284437063996493
-0.0316359941590732 -0.00294977343621231 -0.025765040834424 0.343901667160777
-0.0124491411981365 -0.0159916680461288 -0.200281932533736 0.308613919341848
0.00812995816711112 -0.0383041628642714 -0.389798428737829 0.116609127776368
0.100317074406217 0.0176673362151662 -0.500227840571214 -0.0778223878724181
0.0656447262261476 0.135821213609602 -0.507728133404628 -0.190870567451891
-0.0932627584693601 0.190524623427881 -0.584178478106264 0.0180714228620995
-0.14509136192903 0.207337398139582 -0.332595897519679 0.12245137868088
0.057471464907823 0.123526802739203 0.214727488505084 0.145481143070256
0.0780917818430456 0.007416480248373 0.229152749184591 -0.306514025179139
0.0124014239749252 -0.0169063681759401 -0.169621862437723 -0.465282207865966
0.0330210094587198 0.00749531033765683 -0.467996886826113 -0.168711646194295
0.0360265562963443 -0.0263885922843458 -0.369629721490681 0.139657554593191
0.0164520577844462 -0.031884215874467 -0.171025428848299 0.233468026730282
0.0179971661804817 -0.0499027370756009 -0.0368077137841152 0.246751820286224
0.0147128646269523 -0.0602044648771833 0.054178298903744 0.273256274465577
0.060289230105214 -0.0864221546638579 0.023170672333491 0.339566846442408
0.124213506445399 -0.02151418535041 -0.133600199735159 0.348311470179195
0.110000210860968 0.0568228225044963 -0.343514345746269 0.197907338949317
0.0755879308354388 0.187364707657803 -0.488430276921846 -0.00685690678606669
-0.0929771886761787 0.273462921455126 -0.482961654563371 -0.145186435001535
-0.305438395493272 0.252262821385652 -0.502193439844027 0.00952727419518398
-0.329175254848973 0.213265049340137 -0.265671195453104 0.0711644199852618
-0.0794477585031642 0.254809196080936 0.250542287736226 0.166880014485634
0.0707654323087061 0.176716477596319 0.328552962500335 -0.282405402391386
0.130535728950649 0.058069062578168 -0.085773262332174 -0.51701275970828
0.154576245887104 -0.014284188451017 -0.427836848033433 -0.23390297200367
0.112119548490069 -0.104572123573087 -0.364889443317042 0.0769254113097626
0.0385049747852712 -0.119795870990307 -0.179770703279086 0.188019820584867
0.0256479619268776 -0.131633416845346 -0.0339101018701561 0.206906095187248
0.0306386200692135 -0.135197241464177 0.0804836271753344 0.226231270704596
0.121443164693902 -0.165282708820779 0.0972640991603095 0.297495986551542
0.231968920004403 -0.0614637776932628 -0.0162715156113453 0.365754255724507
0.226372128014241 0.0896939074306279 -0.241557960254845 0.301749518818494
0.122020148116664 0.319654744285403 -0.446404487671616 0.104498526790026
-0.173323723577178 0.406977057263919 -0.450192518255663 -0.0919862160122161
-0.444499490508228 0.311203150351565 -0.373277996463134 -0.0143959702396153
-0.473001331147309 0.166366959615064 -0.12914503169476 0.0204933773675475
-0.244863906280941 0.332987138542405 0.307675929688794 0.184714849259606
0.00758415787557072 0.338215850017646 0.441695383259698 -0.219918576702962
0.217209259025969 0.16741527005507 0.0518201696503209 -0.525535174593516
0.265643151710492 -0.00846919195629448 -0.322051193139987 -0.302055866807861
0.190354692956676 -0.160377374927942 -0.320821292186647 -0.0171721511799776
0.0638032128286457 -0.191546216585445 -0.173338840887795 0.105241393289865
0.0286175393158115 -0.195880385429579 -0.0274048658811601 0.137023429081245
0.034361720366268 -0.187001999356381 0.103788349624855 0.150440047472133
0.146974331692327 -0.223486126184903 0.168483528272317 0.221199123992392
0.293439190847185 -0.113580397543688 0.113962902530539 0.33793069640714
0.319032540003759 0.072278475107115 -0.103444330217176 0.370471804999949
0.191382741735486 0.390227806229533 -0.364544240417281 0.205418814669643
-0.193233480984547 0.488546683438852 -0.404425381928498 -0.0509387487776503
-0.505086422807228 0.340766116501484 -0.223949103811398 -0.0591220901334347
-0.535470008072067 0.0845351028363736 0.0599279325237845 -0.0200210348292649
-0.38605579606257 0.320615519300335 0.370693978247995 0.194203395598425
-0.0952617586204097 0.424340201072811 0.528861718657239 -0.117688515323835
0.235634246849284 0.26820657354286 0.210106354415345 -0.459848503133554
0.328304302347637 0.0217152864443021 -0.158954226553326 -0.341773937135624
0.24476485339662 -0.179091538605893 -0.234631468573884 -0.124049799826435
0.0840376668167717 -0.232015610509351 -0.149466199684972 -0.00125452673105912
0.0272894472079811 -0.231210829672639 -0.0157831449125236 0.0484295727716499
0.0301271607201579 -0.212878069833429 0.120011290771672 0.0575347970577864
0.147862109750747 -0.248556751036008 0.220893602179645 0.125819551278653
0.308639089776266 -0.146778085073264 0.221302320146916 0.27285827438073
0.357743132437215 0.049087672932522 0.0294355297821729 0.385989877718372
0.223658757781731 0.400827832771484 -0.265199012180503 0.262938359591333
-0.197568006807063 0.486975630175237 -0.348685815522214 -0.0329008191670681
-0.499170440723207 0.310513619467527 -0.0706877360105517 -0.112989509113797
-0.492348524772107 -0.00903389115313309 0.262316150174761 -0.0419069607833426
-0.435257599259157 0.220783159368605 0.426619926461723 0.196044215657272
-0.183886774160256 0.394915404882457 0.564534624279988 -0.00519237707869958
0.186121208368805 0.305138893502425 0.336265862080591 -0.33258509994518
0.316240290861654 0.0527921650237654 0.0188131615469174 -0.336165077677711
0.251891836641555 -0.160321033937051 -0.126074927289476 -0.218461590147644
0.0922671260298299 -0.231280995012228 -0.112060263847805 -0.109397095576096
0.0219006431067039 -0.232318763192508 -0.00217972701863485 -0.0431602219434
0.0228695479542889 -0.211883037506663 0.130223621201265 -0.0369031128446077
0.13467162548768 -0.239323264027711 0.25188882271273 0.032951397985795
0.289247063686699 -0.146240027089557 0.294104126703487 0.198626593816612
0.343234802235155 0.0480404185759742 0.124122864960655 0.370061302271719
0.189770125128404 0.38066275195561 -0.180450316269784 0.279256707616419
-0.215280862716968 0.411816111512628 -0.290763697682456 -0.0291602180869664
-0.447955279445385 0.218312377059056 0.0681676228599144 -0.152542268951556
-0.349421500197371 -0.0852818372284227 0.432158947534503 -0.0536624060866884
-0.373561047001739 0.0878711883395494 0.459520605779018 0.19377312275873
-0.203911477331205 0.275595533281309 0.550180991954424 0.0822265929915405
0.111238327122416 0.253408531172518 0.40097242828569 -0.200296823841832
0.239233167975276 0.0572458492411509 0.158801793698615 -0.304202439796053
0.206592075273824 -0.115211066985266 -0.0303480280004215 -0.285804651878084
0.0807672367739009 -0.189257687292142 -0.0743264959292584 -0.200460396943816
0.0146047734721824 -0.197942526558379 0.00912415704016451 -0.124530848457855
0.0171123055066126 -0.185785525056606 0.136962546772559 -0.119083202128228
0.113494510171837 -0.203644082802248 0.272789512942683 -0.0423086393973844
0.245105864781036 -0.119040779000554 0.341666002403458 0.139915463216854
0.291894319202014 0.0661048484380161 0.179333564007558 0.349501377501808
0.11098159573427 0.338210409271338 -0.125203823809451 0.277995537025987
-0.237368907477707 0.286361841713026 -0.234660809473791 -0.0279818080916323
-0.359024009297158 0.0824096397974392 0.184610958660148 -0.160942647632591
-0.144338833670944 -0.137624319912949 0.530071538207129 -0.068009419475084
-0.225693601801797 -0.0373301829446096 0.45838928255366 0.177782840621356
-0.150350405746266 0.124376161152105 0.515924174569316 0.1193586065005
0.0427298189147476 0.144235848612856 0.422937325320732 -0.118892351210987
0.126751246770266 0.0373987649512807 0.233844598255102 -0.283650362002013
0.12425277747572 -0.0571075869660051 0.0241038894583811 -0.324021268512038
0.0555584861188164 -0.116646523379412 -0.0479106747780523 -0.258908294154021
0.00755491551338814 -0.134437558403139 0.0198994967056652 -0.183242705423571
0.0124964627637357 -0.135789597895506 0.144273927743766 -0.178547664450393
0.0836006588203945 -0.147926066413551 0.290653518681685 -0.093808422091859
0.181247520051595 -0.0786052467317607 0.375478579710418 0.104100238337943
0.214629897691992 0.0841068663303735 0.205828210636274 0.342742303200703
0.0162834481308667 0.268764034024312 -0.0968228511827843 0.279525277597244
-0.237710168281735 0.134292880087008 -0.191036373731989 -0.0206009179414495
-0.229825092700547 -0.0637758746777552 0.268601600269166 -0.133525396270398
0.0503890221811475 0.150510816845006 -0.320726553349632 0.188516084622052
0.137721013054592 -0.0331634079298592 0.21758862676317 0.108692017647273
0.0329052178304521 -0.131601329052028 0.148739003609999 -0.323650044801218
-0.104614100558097 -0.0409841841518578 -0.227549706213817 -0.399576543454889
-0.0671890521417448 0.0508027976424949 -0.474277798265238 -0.0896669203514935
-0.0209576921031338 0.0553580259384934 -0.338559014480795 0.187348746452265
0.00547826395534769 0.0536123740316035 -0.138111230463656 0.244484527116864
0.0099212581746513 0.0357263932357679 -0.0167342485299729 0.251592814175395
-0.0107138766580766 0.0275100141766373 0.0599864940847165 0.27909150447615
-0.0306247241783126 -0.000231468322236823 0.00357762029393253 0.345730984369136
-0.0127832565727653 -0.014884752325702 -0.178086707882936 0.324704089923754
0.00469175818908596 -0.0369324213677359 -0.388116751587111 0.145079389893152
0.101127692161813 0.00863764222051427 -0.508898134864193 -0.0407836687417478
0.0745691596635096 0.130568575834721 -0.522956012075356 -0.159299558181115
-0.0791588870211634 0.199879979499085 -0.583713815174392 0.0564499962198439
-0.130190956472884 0.219632309359774 -0.323465869241763 0.146727490407643
0.0657941012968274 0.118224134222554 0.226423083451606 0.126282684703284
0.0785767352834899 0.000801404274657064 0.209613149526549 -0.324722764411089
0.0104958759712664 -0.017125369945459 -0.202523496641416 -0.45301407898963
0.0343520782704269 0.00534595246297589 -0.480414857433547 -0.129996236037524
0.033666287575208 -0.0294429535881026 -0.358192906297681 0.167805701871182
0.0142961890076541 -0.0344406825068802 -0.151797291437088 0.243458785662596
0.0140967549958973 -0.0525001968509681 -0.01652789867159 0.248257678947007
0.0107666764168542 -0.0613795028179361 0.077902582130683 0.265313564575489
0.0539854499399243 -0.0911685352229343 0.0530946081495913 0.336926244264946
0.123054496179456 -0.0320847041285212 -0.106478645634844 0.360548489197641
0.113701873183276 0.0502265699620659 -0.334538085574286 0.221817682040878
0.0889707108466198 0.180228921488828 -0.492405614237152 0.0301656578934631
-0.0745393871443119 0.280850382875715 -0.492466730122744 -0.115333331444967
-0.287436026909606 0.276029307897125 -0.503329229936368 0.0413940395109138
-0.31393609232 0.238759073642974 -0.261359834953422 0.090468174823454
-0.059990431662373 0.259558831569886 0.263133164928881 0.145836351471692
0.0852467042881663 0.170866760225256 0.312845442863191 -0.307556484029757
0.134443151214587 0.0478588475279942 -0.121076695020866 -0.508705780717841
0.153058168613211 -0.0266844865364992 -0.444990921922477 -0.199885420326312
0.103294115738992 -0.113363766000524 -0.357604033403094 0.10525769723972
0.0292554680058762 -0.123545873309319 -0.163615042949587 0.200170756576281
0.015775653043026 -0.1333359742471 -0.0172800330675576 0.208499975547908
0.0216026158186243 -0.136685763134635 0.10011030612742 0.215852360782607
0.108019921405679 -0.175383881345933 0.12503692569535 0.288496478869321
0.22718626137505 -0.0811806847555044 0.0143307538376494 0.368696140233818
0.232669129977764 0.0734644075232356 -0.223189302849549 0.317841893017056
0.145701063371867 0.309774649925991 -0.444257327408765 0.137704356770774
-0.143573923966431 0.419841278246318 -0.457712334023991 -0.0636714200401348
-0.425520549116209 0.347186874521086 -0.375943998789151 0.010498393763326
-0.462473166875661 0.204433313315031 -0.129180779844211 0.0298219779571092
-0.219188506577896 0.349058091784101 0.32011077234814 0.161189790366422
0.0340414921073524 0.337467913345313 0.431855220648802 -0.252603101162361
0.229897024718243 0.151190538695171 0.0154063590718878 -0.528217156064422
0.264667413330688 -0.0299119598637383 -0.342972105774722 -0.276836058203287
0.176038794116522 -0.175539156548055 -0.320604381227403 0.00762283515488266
0.0485210271313834 -0.197384867627009 -0.164192023491644 0.118104004722134
0.0135379945301607 -0.196779707815857 -0.0154741157766595 0.138356237401036
0.0219454833923693 -0.18854150200178 0.116761314789084 0.138274694328722
0.128403837112135 -0.235494493367876 0.189467913315866 0.205735045525166
0.283890986581513 -0.13925580954368 0.144436761146177 0.329688707051495
0.323070277925359 0.0492630148404806 -0.0786955180321706 0.375694882173936
0.221568668206704 0.373667399365681 -0.354352190087594 0.232455381360501
-0.157596416374591 0.50455289766611 -0.410649302024757 -0.0246823252644364
-0.483860543923762 0.379443638517391 -0.230040357756052 -0.0438903489637739
-0.531055457125558 0.125457010243392 0.0568578691160029 -0.0243593448615386
-0.360845361495765 0.346998016702129 0.38431440645248 0.166607421215277
-0.0628451487427469 0.43201408783909 0.525738086265021 -0.155847758630072
0.256064453869888 0.250810761495139 0.179240827402548 -0.473065880404624
0.329792452278224 -0.00391203383341552 -0.181590961850665 -0.330065805847304
0.228997880222318 -0.198946285371808 -0.244060673831676 -0.10581185530878
0.0655859833595932 -0.238462688216109 -0.148806405245137 0.0115900649447946
0.00816778498681943 -0.23125341156596 -0.0115380345505507 0.0497199072688811
0.0153727029799307 -0.212844316723932 0.125687779534798 0.0442508950175339
0.127324836127298 -0.260226589235264 0.232771120747307 0.107749323179766
0.296703319988301 -0.172049280088208 0.247143715763885 0.255023831862988
0.359665869876149 0.0225933660561105 0.0567017133656029 0.381211631366131
0.255741261856943 0.382579986876805 -0.25054458462847 0.282698933291178
-0.160850008780677 0.501662046045375 -0.355701588566904 -0.00938687476284813
-0.480869660177239 0.34835077102389 -0.0809962208917394 -0.107582805639607
-0.4926836743531 0.0299146254377219 0.257858925117314 -0.0611322173112012
-0.418853867245871 0.252270073959764 0.441109936696276 0.166875499662984
-0.154255548971587 0.409480394507776 0.56824750975222 -0.0458380736910479
0.208345603666364 0.289647737360456 0.313034318759859 -0.354493911052369
0.319887571866544 0.027416787481617 -0.00395095565098429 -0.338486276848023
0.23701769890437 -0.179775420682036 -0.143079036651602 -0.208426262418467
0.0732647117471722 -0.238014882756218 -0.120214826035441 -0.0990993153684179
0.00236913705116564 -0.231119048628215 -0.00577047225637775 -0.042903293131006
0.00842308984522015 -0.211655196794406 0.127244731384845 -0.0495853357114689
0.11516791269975 -0.249777829262117 0.256483420649405 0.0117599970726325
0.277286615800339 -0.169424760563437 0.313361806134979 0.175905038833323
0.345666894919875 0.021949190888827 0.151104689758094 0.357717778577242
0.219448548815337 0.364734362979708 -0.164062346049841 0.292139156685212
-0.184496826328524 0.42873745345553 -0.296451337395874 -0.00813311145577115
-0.436194498656541 0.252289340910422 0.0550809510371275 -0.15634798102014
-0.35592073531155 -0.0577649367320382 0.427019986047628 -0.0845868540541925
-0.366059520642229 0.114589869982001 0.472023990908284 0.164020217715065
-0.183695209628066 0.291005497648284 0.559569646468485 0.0444137685765884
0.129321311958017 0.244623861557838 0.389605177805258 -0.227119045974262
0.243121058598285 0.0379652851663332 0.140542782391963 -0.318629750568305
0.195973682065969 -0.132211784383138 -0.0525818332620518 -0.283407365273408
0.0654783391286509 -0.195568556730942 -0.0908081231305841 -0.19166288209646
-0.00219944319927021 -0.196533534877618 0.000273558401986002 -0.123337459914624
0.00309663132612116 -0.185742645649357 0.127839122029729 -0.13082231060494
0.096312381124677 -0.211795203972654 0.271443364439502 -0.0645453467344479
0.23550959175772 -0.137282594631413 0.356637672300167 0.112801668835755
0.295542924122582 0.0439082011628176 0.205512149911125 0.333893304814211
0.136705110447605 0.327720065156585 -0.107449294533903 0.287700004806942
-0.216553255866958 0.306365789489319 -0.24082004214588 -0.00999957725928053
-0.356303194957833 0.110067042856413 0.171368654220906 -0.173999334010285
-0.154596560890695 -0.12534658512881 0.527088244808086 -0.105115402434409
-0.229299881459023 -0.019951341968185 0.470035772518728 0.149994302186998
-0.140757875224354 0.135384380230595 0.526753241646025 0.0829205056883348
0.0526804096605192 0.139507978360856 0.417878030964273 -0.14756891065201
0.129057835846469 0.0273408830496158 0.215691455663181 -0.303752747448141
0.118650426005526 -0.0668552822038384 -0.00182820264853959 -0.325392206632
0.0449346057453965 -0.121255013548775 -0.0698935622688073 -0.252288197364288
-0.00484483377224437 -0.13233441293456 0.00563789905753376 -0.182986849535728
0.000845537449561528 -0.135375137622597 0.129955668819041 -0.190220151499138
0.0704570779662269 -0.153762444828262 0.284965324420028 -0.115360767899261
0.175000340556651 -0.0917655764144385 0.386681156425472 0.0742885840291047
0.219853272028064 0.0669159891034058 0.232651160602538 0.326786412630412
0.0379271662966167 0.265542108151885 -0.0798756497801679 0.286882833324468
-0.228414750560576 0.154524868240115 -0.19631551589417 -0.00497096154095198
-0.236576689094964 -0.0459647856160284 0.256299725846512 -0.152673895592122
0.0600031847990719 0.142847475155987 -0.297035827693649 0.206236058984647
0.129844976628449 -0.0430260468433203 0.218780280250773 0.0869575261652782
0.0211747519376488 -0.131322863766499 0.120469083476241 -0.326828295133907
-0.104320048492102 -0.0311376987460321 -0.247860452500558 -0.373130976607486
-0.0604661372495615 0.0553064288503273 -0.468268045777198 -0.0498838586891106
-0.0153196374453113 0.0548071933567273 -0.314331680587681 0.207724912802299
0.00914605776318515 0.0507643542162873 -0.116717991280519 0.24382376029642
0.0122612595412117 0.0330022038156209 0.0039354822533708 0.243578860640823
-0.00667888768617886 0.0269038242834382 0.0806487521757479 0.263465297416752
-0.0283579141411797 0.00234666470149975 0.032935955692807 0.334032061426721
-0.0126649722911521 -0.0130307992251458 -0.149066037489168 0.330062059934663
0.00181880051658634 -0.0346939651655406 -0.371863957679685 0.170448946157133
0.0974382271951399 0.000173529469509621 -0.497797661704675 -0.00148755389032863
0.0806331238737124 0.12114115714986 -0.519630229540209 -0.12310235608382
-0.0617157984519008 0.201402047329613 -0.566242622324247 0.0946910487497784
-0.109910862921261 0.223780426618155 -0.304190780822572 0.166705653139327
0.0725765407899067 0.109114074486146 0.228394394119626 0.103707860690209
0.0759614169396235 -0.00618770392637349 0.181642360657611 -0.332783392706721
0.00859550134724044 -0.0171063352793651 -0.22680649281135 -0.425813362601406
0.0337201450950256 0.00253513219921157 -0.476262006952293 -0.089041242655548
0.0308906991261432 -0.0315212652801677 -0.333449766812405 0.189461255444595
0.0106093337871337 -0.035483985838493 -0.127978370176239 0.244455202854128
0.0102062922350322 -0.0521666666199394 0.00314733569872111 0.2405988724944
0.00735198573858881 -0.0609361027510932 0.0977319197036453 0.248021632318106
0.0465851124692013 -0.0930739021746312 0.0812009441410489 0.321360454089392
0.117213170151097 -0.0414239831156695 -0.0749887709153559 0.35915342557461
0.113788668317981 0.04182429536452 -0.314324739603683 0.240202107213206
0.0989058372531822 0.167413442232778 -0.479051957806694 0.0648537549202705
-0.0526456188151938 0.27781133031469 -0.487035976472498 -0.0820138272758559
-0.261821938835771 0.290324749877858 -0.487359892354897 0.0752173564183769
-0.287735124220806 0.257184179247436 -0.24918972598129 0.107222458733638
-0.0393314297080521 0.254801092339314 0.266490375433661 0.120829211589873
0.0953427492239572 0.158257895129716 0.284167773155244 -0.323185762489048
0.133588289783642 0.0373337872502882 -0.153018599687899 -0.485015175120199
0.146370638776022 -0.0379335546980565 -0.444981748751247 -0.159153492719801
0.0908938381480915 -0.118418539805487 -0.337709838209338 0.128750358559171
0.0189707178507624 -0.122607171782746 -0.14172119040549 0.204310482339885
0.00520569946533401 -0.130622911016414 0.000162785632768688 0.202154907023313
0.011870282244274 -0.134318557655694 0.115298014922556 0.197187956477607
0.090963610136664 -0.17929760819072 0.145963056289703 0.268721275596148
0.214407242611893 -0.0979794655675145 0.0443123955351724 0.357148693289031
0.230674557954846 0.055468796140816 -0.197846357610804 0.325224520777182
0.164144804033537 0.288489148555027 -0.424737470641629 0.166574673014598
-0.111235053140061 0.419035521322481 -0.450686579537212 -0.0323047827000819
-0.391406954376089 0.368494586775497 -0.366631808798889 0.0363954865661027
-0.432939536239894 0.234795157917729 -0.125608898826609 0.0377555698779212
-0.186658602667201 0.354708951798987 0.322160811738634 0.132532120522793
0.0591971849184191 0.32437633498787 0.405589955896712 -0.278222208869977
0.234221991097125 0.130018778954581 -0.0196924527416346 -0.511436760481014
0.254345489445657 -0.0505185987327223 -0.351592899508025 -0.242769076697099
0.155538928009785 -0.184392092414392 -0.310174027335444 0.0313186393090378
0.0322075564878618 -0.195108558582414 -0.148750738349677 0.126246406081079
-0.00247573341860077 -0.19078100142046 -0.00343982608850087 0.134963953950123
0.00859254516734826 -0.184162270225822 0.125295027932475 0.121073583048086
0.106416981606658 -0.239151473437565 0.202081475166496 0.183352363011843
0.265090852638611 -0.158039230915964 0.169242540492156 0.309369793643511
0.316403021077301 0.0238968342534112 -0.0517265349962155 0.370505831685779
0.243444949158109 0.344999628473496 -0.330949338673338 0.251725696612762
-0.116273406898339 0.501772295725916 -0.403999280164113 0.00320274437939021
-0.447070562838702 0.405314416265807 -0.228137711081038 -0.0267394669150291
-0.50585725326464 0.163113590573298 0.0504066467227099 -0.0278475954826084
-0.324719951027075 0.36189508535007 0.384402045788285 0.135026956115823
-0.0275610285937175 0.424431775561901 0.506529304006582 -0.189418612853417
0.267059169572948 0.224486526570551 0.142650614900078 -0.46951897997574
0.319644457345059 -0.0308941560747163 -0.198599674822074 -0.307553136166143
0.204243909094208 -0.211142010399061 -0.244394330402758 -0.0845443941119002
0.0454787725331314 -0.236655779325794 -0.142377073713691 0.0229862641304548
-0.00957941669957105 -0.223366517677925 -0.00685327161214041 0.0485950121999301
0.000966471650415454 -0.207747136673593 0.12571835726927 0.0303522044503952
0.103465417291157 -0.262146496245083 0.236799700110666 0.0849476375359403
0.274849013160334 -0.190536224326141 0.263516417931591 0.228628889144309
0.350108036301782 -0.00465268120937053 0.0809795268723171 0.3652192417444
0.277326749359446 0.349958271087386 -0.225984573358138 0.292719399892962
-0.119750413531852 0.50219664764514 -0.349139667460311 0.0154419761578355
-0.446357369938067 0.375113794784434 -0.0882499492256256 -0.0983579627280415
-0.476007639899328 0.0664998059218839 0.244760364860728 -0.0776579742616248
-0.388005833986147 0.274451169283746 0.439169061455534 0.132046758530182
-0.118519141397052 0.408824776594235 0.552635021123853 -0.0858634827253627
0.224560799550403 0.265499412077062 0.281829124591338 -0.364667524697219
0.31304648908579 0.00089720268156853 -0.0243691869398461 -0.330468136164186
0.214696926326427 -0.193434398258718 -0.155012123781291 -0.192154566379033
0.0517502657861212 -0.236209390591887 -0.124507213164935 -0.0851794176306376
-0.0162758128430864 -0.222057306578955 -0.00807911226436447 -0.0398326313258961
-0.00655534652070922 -0.204795762076087 0.119385265012444 -0.0596629327946384
0.0920752542085984 -0.250578978397881 0.252118714141092 -0.0084260807075962
0.25532212154516 -0.185429581700149 0.323065562541571 0.145803508660227
0.335672165790601 -0.00449459899232179 0.17204077952682 0.334855834170257
0.241367734148002 0.334900099108071 -0.14137884954633 0.296717764900269
-0.146090920177959 0.431697236091104 -0.292900122114106 0.0129532894941318
-0.407805324010095 0.27866247279397 0.040187331741908 -0.155755088216879
-0.349346444701681 -0.0284689612827412 0.408804846300327 -0.113275474097255
-0.348330879462123 0.137766070996171 0.469823585310828 0.128130195323744
-0.156035772781205 0.296039503071098 0.550116774323716 0.00264959969105568
0.142701502852587 0.227462647523095 0.366320125648499 -0.245901719309751
0.238839639989378 0.0171289872119324 0.11565368213938 -0.322215832850588
0.178337934535254 -0.14338753315459 -0.0735450237523434 -0.271690226460554
0.0480276835081698 -0.194452898928307 -0.103129303549215 -0.177622532407884
-0.0178162124898721 -0.187509690273368 -0.00871247174781386 -0.119238208112682
-0.0104355838374692 -0.178679720542165 0.113447539759192 -0.137994866663966
0.0761010023525724 -0.212282697380038 0.260160703960703 -0.0836547074822841
0.217942267360605 -0.152204530991923 0.358324496956935 0.0812258534909387
0.289158385676407 0.0201277945603787 0.223871567996453 0.30743430491108
0.157632610080988 0.305160670047471 -0.0870840948299352 0.287454065473667
-0.187426482446849 0.314748859290404 -0.23771422072742 0.0093853948061073
-0.340087265834106 0.134401964914442 0.151838715887824 -0.180587178793832
-0.158978999850842 -0.109017351738859 0.503785250979024 -0.138265160310086
-0.22410749506132 -0.00242472401951554 0.468445369497254 0.115751055926284
-0.126206169504445 0.141848237596793 0.520338443679133 0.0445219341250139
0.0603112540440597 0.131042712712356 0.399173752280631 -0.172008092110975
0.126971936356873 0.0157787726338612 0.190110491173208 -0.315100075495549
0.10963793156923 -0.0744888413507557 -0.0273377322677819 -0.316460310267449
0.0340958548696474 -0.121249999130009 -0.0880127900330852 -0.23778614015566
-0.0157934378004013 -0.125596573060152 -0.00806936853187023 -0.176064706634324
-0.00910995133957035 -0.131196036242897 0.111418765104336 -0.194352522258765
0.0552213350404383 -0.154163727116947 0.268977625464946 -0.133993239221163
0.162658020829066 -0.101546031732581 0.38453769192513 0.0419635693379701
0.217771455971933 0.0475202120395144 0.249458505438566 0.299748217507878
0.057068881964821 0.253109497747578 -0.0594761515442522 0.284577431355289
-0.209826701407124 0.169376245249721 -0.193680740704878 0.0111593602773129
-0.234213966620961 -0.0250180064439926 0.236531616542642 -0.166409196061702
0.0798792630128056 0.132260079959868 -0.259920279694477 0.226902461076529
0.117719590262727 -0.0570419669967283 0.213354243764246 0.0504428812086791
-0.000596282372157842 -0.129049082927185 0.0659422530423037 -0.322336692576534
-0.102240547369206 -0.0168928112398453 -0.288523210873382 -0.312788614171311
-0.0485369175823443 0.0580329173906907 -0.446766669953587 0.024070208755268
-0.00640752851948802 0.0540058755494824 -0.266277120474554 0.239894331452864
0.0149315723442845 0.0469904425002741 -0.0772532013322087 0.246529224363489
0.0164168555019634 0.0276644962326497 0.038852254870844 0.226158423436608
-0.000916881925235439 0.0243570821294285 0.114192202896122 0.233942590679212
-0.0242634107208666 0.0043806405348261 0.082721857064689 0.308736061483498
-0.0104615833850474 -0.0127610338679758 -0.0963921668794279 0.333734835911348
0.00208694592859634 -0.0290184262061692 -0.335620644422639 0.215155409061912
0.0922710666077062 -0.0126915917137957 -0.470815022488972 0.0651965853743219
0.0924581565692894 0.107032970140124 -0.501927024691196 -0.0421302126333286
-0.0247456382847476 0.202193287123881 -0.529074346157202 0.175122989708463
-0.0732189020616091 0.23705014402372 -0.259011959611996 0.179869525505985
0.0834212603156617 0.0928360031960959 0.22665368033407 0.0598098335173622
0.0692192073794235 -0.0194937706475781 0.122995409619975 -0.342318312608018
0.00464621253943183 -0.0178984826120504 -0.280794364032 -0.366122889099465
0.0321997824869642 -0.00409192766217011 -0.464146857304014 -0.0125710662650417
0.0245041498494255 -0.0327485183293406 -0.290759970897617 0.225660145365738
0.00495366072255962 -0.0337805589593974 -0.0899557912868007 0.248824354659725
0.00238936344146827 -0.0513339534590055 0.0381563573383402 0.22243362562646
-0.000444838110771248 -0.0595691342617899 0.12708191734233 0.214713612412793
0.0300445495382512 -0.0956358917069939 0.125196880083879 0.285768236105305
0.105763489688878 -0.059195653708673 -0.0217373009997738 0.346972783055022
0.116291606751166 0.0259936138550166 -0.267384143792115 0.2712552890004
0.119715828046626 0.142929136616358 -0.440000497661134 0.129258904295325
-0.00886106063483668 0.269496038137946 -0.466698579683818 0.000690254255836019
-0.196317872399139 0.314105874907598 -0.463118307938527 0.145809056913912
-0.239730201685304 0.295664987898133 -0.201892119407152 0.110129166319826
-0.00216519501324932 0.244786753233022 0.268347657935234 0.0667368471437448
0.110829664103075 0.132933604746027 0.22164194916739 -0.35713819287779
0.128339868681505 0.0167979139874574 -0.222519584616445 -0.436945414790355
0.132117824210944 -0.0578012621663324 -0.450890682683295 -0.0856041925711941
0.0688835653895581 -0.122307725292788 -0.306879149593032 0.169875258908681
0.000949386120815611 -0.11610661661112 -0.110475873934807 0.212247922533133
-0.0135782365964133 -0.123352643309582 0.0296589384883271 0.187538937310694
-0.00642416888140035 -0.128795224168165 0.13533811779784 0.164213042068057
0.0588322040943461 -0.181273144618934 0.177819072100373 0.224468103324276
0.186871351254008 -0.126875079139538 0.0920341952059998 0.325251738194734
0.226309689036809 0.0207427915497505 -0.142570878433093 0.332641241159296
0.199702179000521 0.245987604222273 -0.371291509422278 0.218940088020152
-0.0418890276880362 0.407529023148163 -0.424947711842058 0.0511640167632146
-0.306221280860527 0.403341859613631 -0.35697193442882 0.095944978733386
-0.384727665080185 0.294408887989388 -0.0837041029355897 0.0271400512427666
-0.129504512090805 0.356677657292212 0.328249528159813 0.0667616479749615
0.0999140295352126 0.294242644137161 0.346878629160957 -0.337707595711537
0.235015922769907 0.0903776320058197 -0.102836140448296 -0.487259805865267
0.23210607277915 -0.0839749627497104 -0.37666515272679 -0.181344664822265
0.120320712085953 -0.193867462357455 -0.298092491661094 0.0733654926478299
0.00317036268510964 -0.185569009377327 -0.130165117307986 0.138818644723108
-0.0293180911816467 -0.178254780002194 0.016253307392392 0.124756143464268
-0.0166858807327393 -0.174727890606233 0.13264477991036 0.0901028922890509
0.0635229081126512 -0.238738830699956 0.217043880501652 0.134433387235689
0.223433767705894 -0.190737531348747 0.203622486599868 0.259746946416548
0.301045176747183 -0.0224017871290623 0.00396643220269759 0.351667812596034
0.28308436978783 0.284209635075941 -0.268077548276956 0.286510355343544
-0.0350303236913609 0.484001335675631 -0.374154679821454 0.0827541454337632
-0.353431683699108 0.445470799801205 -0.235782902814153 0.0178280739406087
-0.464270727223463 0.235298419376279 0.0818503121567889 -0.0545125807524562
-0.257831375348279 0.383198360208385 0.390831488539635 0.0611654912942992
0.0322963931395223 0.39965497879515 0.45850896923802 -0.272452233715509
0.278295918055139 0.175590264504991 0.0592445060803905 -0.478213376154522
0.296667751575091 -0.0742887280159171 -0.242771436962543 -0.268699023095876
0.162176217128406 -0.225405236878722 -0.255236998109639 -0.0469990421641729
0.010283893577307 -0.226049608663834 -0.139655867912744 0.0400621885591679
-0.040320080772038 -0.206469141843491 0.000346780576206877 0.0455031682627812
-0.027021400316569 -0.195072731551415 0.119275708267933 0.00589293952539456
0.057290947893088 -0.258924525976625 0.233775986070769 0.0353809313465787
0.226904384904405 -0.222464648202038 0.28082301888138 0.169618651209537
0.326452689651073 -0.0553234273389911 0.130819685290434 0.325759296531898
0.315160994003528 0.282645322976183 -0.1633626404819 0.309797037682904
-0.0387779314373344 0.483820575777677 -0.321658110750063 0.0884583106223053
-0.357430556732726 0.417036604290437 -0.113506030445523 -0.0704042027630498
-0.449080195739291 0.135680706258958 0.258225741262487 -0.120410700633962
-0.329005791987486 0.308979832101229 0.445608558094842 0.0543489540891521
-0.0544686991823248 0.397422579433068 0.522994945074587 -0.177983187331606
0.244721418336851 0.219962970173181 0.211432770360593 -0.400268461658325
0.293905416122027 -0.043198875974455 -0.0808647665920605 -0.31778291342225
0.174044987356198 -0.211304550581798 -0.185667238188345 -0.161801430821966
0.016166452410013 -0.227375018455008 -0.138442796752937 -0.0659282294336136
-0.0463602589735549 -0.204085234350097 -0.0135431556739254 -0.0374720060896309
-0.0343826168382746 -0.191076899100856 0.10087028476098 -0.0777129977540196
0.047495173257977 -0.245889594677069 0.234405787651877 -0.0527678944557248
0.209267233143522 -0.213486579589194 0.324699032487351 0.0839056759884268
0.312226070740947 -0.053487137458989 0.214072541319711 0.284813296820288
0.278067052775326 0.271683110311936 -0.0826786389685242 0.302348263694901
-0.0735947871857148 0.422471222641001 -0.271360285070509 0.0771951317456543
-0.337023255472011 0.318994539052573 0.00250850796869181 -0.14538929102284
-0.340067145386222 0.0236643916590617 0.399763148124414 -0.164112952162069
-0.30929436786958 0.174344698471917 0.473095166935383 0.0518348962246041
-0.10496877768953 0.297515070616166 0.532208484059085 -0.0880584171243352
0.163661898071115 0.194156100338918 0.311541034785167 -0.298450977801934
0.227212984725041 -0.0168019489530861 0.056064994875685 -0.331281013857742
0.147240026410427 -0.159103713432346 -0.117738602790394 -0.248907657263079
0.0167809865684917 -0.188026887800336 -0.130057822905095 -0.156184830896418
-0.0436377995968043 -0.171342008647253 -0.0257725081309167 -0.11092625462104
-0.0356717922870908 -0.165784223372162 0.0848878696890448 -0.148855720146715
0.038478989923007 -0.207817533968128 0.231835753436615 -0.12285464273866
0.178573526698336 -0.174875259084381 0.350074650259023 0.0189992531008911
0.271020046407704 -0.0251252513205843 0.259707608423456 0.253041414489491
0.196176120830219 0.256933854012968 -0.0337584427514952 0.288111502845419
-0.127266546697092 0.320320656666158 -0.224034555198519 0.0621723722022159
-0.295786947006552 0.175883236953199 0.107509097200044 -0.18903939975034
-0.16780816061494 -0.083833620978283 0.474934051566371 -0.192976518275906
-0.210677003799337 0.0264345212812102 0.467240673787023 0.0463429306227605
-0.0974990446329152 0.147860081679148 0.508975771559815 -0.0369173398824063
0.0734678133740133 0.113765662282054 0.355085231380834 -0.230556135531306
0.122169342431946 -0.0022945099054396 0.130781606280132 -0.333548839484333
0.0919042160243529 -0.0854442298241317 -0.0768374491595274 -0.297039885743477
0.0135407000921745 -0.117860077585033 -0.122724220181668 -0.214582747414318
-0.0329867003272701 -0.113345687558719 -0.0328348179208734 -0.164221776224482
-0.0288915303976197 -0.120277896313738 0.0755270236689286 -0.200199503485815
0.026457041071748 -0.150554249033604 0.233675462149112 -0.169693370333115
0.134328253279449 -0.120175156215201 0.368658631197255 -0.0191905281206569
0.208394212497831 0.00984061100930591 0.282607835549493 0.244458618928013
0.0940247866494955 0.22413513054108 -0.0110634177510224 0.282658380747388
-0.167768065248825 0.189386517280243 -0.185732136350222 0.053145072293217
-0.221521252886338 0.01140759737194 0.192471101757194 -0.192573727065525
0.078821011790896 0.126164570605967 -0.244345881990295 0.220648598375304
0.110943705844936 -0.0555914598266068 0.203574386625389 0.0452949159317864
-0.00412366256741606 -0.124161913993124 0.0593341790625485 -0.308773047061423
-0.0984276877429775 -0.0141819140351851 -0.278222263058911 -0.297603732089955
-0.0438190281429969 0.0563197906975344 -0.426630377753064 0.0301635784181367
-0.00475737408221923 0.0511807768568663 -0.250988358587035 0.231518642640247
0.014618460549395 0.0440183729382145 -0.0728188295507537 0.233690144685763
0.0157674080829057 0.0251850752923589 0.0412083829430123 0.213272042190537
-8.52163189146663E-05 0.0215623539495816 0.112419090896397 0.218624991511608
-0.0223931098333538 0.00393528685021767 0.0856881536847104 0.291600703011993
-0.0102479823114766 -0.0118449931281592 -0.0871812268133081 0.320602822558519
0.00202473624906747 -0.02607340174881 -0.321163884875798 0.212525111464997
0.0864684967219502 -0.0137380090361361 -0.449768104237359 0.067464956644217
0.0897336359120334 0.100819413709009 -0.481044058936692 -0.0380485188736435
-0.0199143411867084 0.194249384312102 -0.505981510486558 0.171338815117043
-0.0659327564423811 0.228806406978254 -0.246033224764825 0.176711182468506
0.0799796938934643 0.0875555592362757 0.215618208276743 0.0536710869352694
0.0643323648570592 -0.0206081365553495 0.113672553752762 -0.329343693317492
0.00324248903078435 -0.0165819686161222 -0.269520316760874 -0.347845423594792
0.0310159301359848 -0.0042124036960563 -0.44189428719724 -0.0060700123420656
0.0229949168982309 -0.0321897849328411 -0.274023878438274 0.218717912875695
0.00439919363186028 -0.0323020153366746 -0.0830205584505416 0.23531033119462
0.00123156176508741 -0.0492221969276406 0.0411704122836414 0.209216283214729
-0.00022991626952416 -0.05756827516509 0.124479825328366 0.199985396921538
0.0273984374285957 -0.0923545953147152 0.12655872386127 0.268806304905239
0.099968586824787 -0.0588873017057414 -0.0136502407184833 0.332174518002671
0.112337782149376 0.0243370487330578 -0.254525118146263 0.264867728840045
0.114874361933178 0.134985570345245 -0.419918369151654 0.129034086597901
-0.00576768980585782 0.257319335716982 -0.448236583275594 0.0028560508493082
-0.18400933343468 0.303461514150687 -0.441393941338602 0.144490143956227
-0.224611526128959 0.287599725575792 -0.192829090405867 0.109886748073609
0.00076943171542848 0.232943118401798 0.25516540995923 0.0597734415797801
0.106981657860241 0.123777329493494 0.209358118938959 -0.344466488890676
0.121976281574519 0.0140131649082306 -0.216104815323257 -0.414786570878333
0.125112101129508 -0.0572478587588883 -0.429968299874438 -0.0751988097121707
0.0638079532000524 -0.117833969363388 -0.289887739070513 0.166225769343091
-0.00115475438464278 -0.110976072433839 -0.102000350698024 0.201788681317258
-0.0151403643269325 -0.118295154732301 0.0321409585307749 0.176438144790053
-0.00735741234958318 -0.123701400526978 0.131416076028494 0.150861322576414
0.0525754839230727 -0.1747338667461 0.175843610782706 0.208638078806251
0.17617951147261 -0.126179512306033 0.0961224506685242 0.309054145694517
0.216546957763084 0.01737249869029 -0.135753992205797 0.320948101894584
0.193297818392827 0.230720121973047 -0.354042585647905 0.215160388800839
-0.0353386979652718 0.391092883740809 -0.407920386630197 0.0518295622371364
-0.288002756405885 0.391418767566448 -0.341998823916647 0.0948418470743918
-0.363335909096538 0.287780445266175 -0.0819880000458216 0.0294828166614286
-0.118421586966958 0.341452398769708 0.311962470937284 0.0603178941898469
0.100634031422651 0.277636474798172 0.329579732745618 -0.327705158766174
0.225108376216814 0.0829396817492502 -0.101196835025438 -0.463967556657959
0.219930100421263 -0.0847867763764945 -0.360733500815994 -0.169331027074888
0.110710505872419 -0.186738510982453 -0.284087943721411 0.0748586022712387
0.000123643918250056 -0.176961981534735 -0.122098146298027 0.134143478999126
-0.0306207787318563 -0.1689256663289 0.0182976148238828 0.117515913224738
-0.0171814459433535 -0.166963797597709 0.127454376364092 0.0814736744339451
0.0571732316265225 -0.229373830362264 0.211182357264515 0.122217057346897
0.210225575190113 -0.18842996317052 0.201232755153898 0.244096909742963
0.286823147116569 -0.0249716883093882 0.00612154672105758 0.336752462418952
0.27395771349832 0.267071092181147 -0.255599977202065 0.277790742710732
-0.0262819379358653 0.46364932596739 -0.360597736911871 0.0822411832265656
-0.333048478205109 0.432265488688322 -0.227385018424401 0.020086773453116
-0.440605679100516 0.230457478475374 0.075704285407182 -0.0508103906721377
-0.241162016183163 0.368283438298938 0.372242912054892 0.0550037624932923
0.0367733922030133 0.380294791190231 0.437196563162553 -0.266638595877875
0.2685206117894 0.163129401258498 0.0549931795231046 -0.455162422234339
0.281025466952417 -0.0765852699618228 -0.232706380813425 -0.255114624664486
0.150031401018629 -0.218108565386375 -0.244668187855732 -0.041504471315961
0.00553473313684229 -0.216116461865128 -0.132548745529704 0.0405874905400612
-0.0425560260186074 -0.195416139749688 0.00283318909848007 0.0427177508206459
-0.027800330379609 -0.186099247970744 0.113457889762516 0.000813308312538753
0.0501962599396882 -0.248520092117466 0.225720288486476 0.0283376255869511
0.211984587814897 -0.217740761047956 0.274223495718167 0.15592658558416
0.310286882578968 -0.057967304875056 0.127224201780274 0.310322696812927
0.3034206399238 0.262614715363729 -0.155751643608047 0.299858831781241
-0.0295782403900136 0.464100786964754 -0.309669546950127 0.0877504194560491
-0.338741273848148 0.405193632717417 -0.110657688466759 -0.0655312216495174
-0.427695356354939 0.13557292155547 0.243056989029469 -0.115993696668735
-0.311703249081929 0.299033099339051 0.423479433615129 0.0486108010556238
-0.0473075386939056 0.380144511866469 0.50061875948381 -0.177413261334871
0.235360177264743 0.205999556200506 0.201658433673593 -0.38318001810409
0.279151458992243 -0.0473292882949301 -0.0785563217443962 -0.304904221649809
0.161260211988327 -0.20412441595115 -0.181058726929162 -0.151126020853673
0.0115150140984504 -0.216451101732343 -0.133420664709986 -0.0594517537374065
-0.047268340957326 -0.192390210183448 -0.0127752024930555 -0.0357520219302604
-0.0356313732405777 -0.182111009711789 0.0945973989303746 -0.0771963046468532
0.0415615951564751 -0.234997120039848 0.224520086866784 -0.0565516610943685
0.19600999783938 -0.208699499299413 0.315240669320505 0.073054301019016
0.296599014936901 -0.0554895131431183 0.207196726548986 0.269085461528515
0.268582436386347 0.253057800032289 -0.079095924946536 0.291828241048535
-0.0625783111363445 0.405585845041472 -0.260654886350454 0.0776928207670447
-0.320608933160869 0.312150296610729 -0.000860241921896452 -0.138688881366504
-0.324843654258154 0.0272009587817865 0.379993458819373 -0.160863913330513
-0.293741109712442 0.17012903183173 0.451458122727936 0.0462265039373477
-0.0953780761219526 0.28437489511482 0.508459659266493 -0.0919402326733783
0.158107571711224 0.182041932378264 0.298776963913674 -0.288205670882057
0.215654623260533 -0.0204382343901378 0.0515618778784167 -0.320996656379791
0.137084049214709 -0.154708892459978 -0.117645598513247 -0.236099605970956
0.0124944581005847 -0.179424519819119 -0.127445135102336 -0.145304905850258
-0.0441807321028747 -0.160446216581339 -0.0252501817061238 -0.104912097201602
-0.0357298240730787 -0.157167115173538 0.0777829374782036 -0.144255403476065
0.0324463805768644 -0.197884998214286 0.220057307480126 -0.12234465539183
0.167115312230485 -0.170268526522093 0.338019427723579 0.0112116981487436
0.256883757163664 -0.0280041604213719 0.250600172346145 0.238140330369252
0.190284465949788 0.240979187789426 -0.0323314702981535 0.276499163159254
-0.115763240084759 0.308339515529352 -0.214642029711032 0.0639322985005795
-0.280762574056981 0.173723845450188 0.0981797717625822 -0.181210508959853
-0.161516154591734 -0.0777175300526379 0.452699081946572 -0.187824727142745
-0.201049145599531 0.0289491932100236 0.446568800329274 0.0423658422636525
-0.0914990303548695 0.14159956609951 0.486196774051419 -0.0423186600966236
0.0707562795561813 0.107125782462289 0.341684169476973 -0.224406090895984
0.115314279915003 -0.00429563585227391 0.121857973459181 -0.323538952524638
0.0862307183234945 -0.083135546674015 -0.0787007307843722 -0.281693783559521
0.00999309402729194 -0.112371041323104 -0.121507875479862 -0.200615072689259
-0.0330698257677789 -0.105366776799337 -0.0328214192926538 -0.156483765301335
-0.0296632052326907 -0.113675421662736 0.0686885151756107 -0.19223059909435
0.0215299607745943 -0.143066719544906 0.22181715815199 -0.166378986687029
0.125605781536263 -0.116868645024275 0.353745742328597 -0.0256539568611975
0.19828324710015 0.00531156171277656 0.273054931118093 0.229101441572964
0.0927381481868626 0.210870354869752 -0.0093877084644601 0.271407040967485
-0.156477630995128 0.184026082525548 -0.177427714475851 0.054482157582145
-0.210714789607477 0.0149700342400807 0.179409503382526 -0.186075834095415
0.0771298214470233 0.125794102296777 -0.242609772064117 0.214921843758538
0.10940941553769 -0.0528825061209948 0.197771132200092 0.0481515387344652
-0.00467204566673786 -0.121863521306675 0.0627792585025979 -0.302355691529196
-0.0963959054442949 -0.0137036295153078 -0.269821558907486 -0.298916276991701
-0.0422551593314256 0.0550105739568617 -0.418774898683452 0.0273095352717321
-0.00486202432587349 0.0494893318404995 -0.249543431387599 0.224080295200503
0.0144641956145567 0.0431656976319805 -0.0769234342105842 0.225873846047552
0.0148620630194118 0.0236055210322904 0.038605708417027 0.20716440092073
0.000558453057778156 0.0193898409518839 0.10806866018353 0.212974421158729
-0.0209530367480016 0.00312023130376791 0.0828740581219102 0.284983827494324
-0.00891918990915254 -0.0123237985373595 -0.0890315881083938 0.315459264227564
0.00332982010532208 -0.0244538981717149 -0.320288140673359 0.20762880681041
0.083498802525151 -0.0130506193779032 -0.44199424535513 0.0613640856967955
0.0870426175553084 0.098693910526551 -0.473740361850312 -0.0464820342885276
-0.0216724299863261 0.190468425515798 -0.49952366342052 0.160909127450161
-0.0661959896298355 0.225038081172354 -0.243781652329424 0.172222989785049
0.0778161951301276 0.086584711332957 0.209405458396374 0.0557370577043932
0.062297626369651 -0.0204668765469094 0.116074877764267 -0.323818853416286
0.00276384843534963 -0.0160340857591341 -0.259170251629333 -0.347019905833233
0.0312888837309078 -0.00399075751304704 -0.434715668490256 -0.00889008092802519
0.0231210718467084 -0.0318012035780241 -0.27068621433164 0.211798821914928
0.00416575433349815 -0.0319619581800898 -0.0853262150466111 0.227790678121808
0.00133153825608966 -0.0497014083203935 0.0385491835695019 0.203751805049278
0.00140301661138266 -0.0584079961021659 0.120399744212552 0.194226228468815
0.0275149674221411 -0.0909160815832024 0.124782765373404 0.262426006059843
0.0989944428319599 -0.0582950308874903 -0.0154914889315543 0.32604252832463
0.110511150533977 0.0262643841600974 -0.257359214776106 0.259616716840972
0.110304982229446 0.133191101906132 -0.414875327024567 0.121859685213826
-0.00897266885567456 0.252764849208256 -0.441929268619084 -0.0048838668881851
-0.184333825389156 0.296400813981102 -0.438155924414223 0.134716334787861
-0.222825028008985 0.281138816713353 -0.191911266437369 0.107848181412069
-0.00206020732951773 0.227873246441093 0.247212866827885 0.0627633416212719
0.103330647716 0.121443457396776 0.21141199219099 -0.336536170962792
0.118439775089287 0.0150614994587078 -0.203880781909524 -0.410421344234612
0.123064284867394 -0.055832845064919 -0.420478402053757 -0.0776520645212379
0.0625930826573124 -0.115113386617124 -0.286138400276004 0.160174266594668
-0.000863600413635722 -0.108896501182155 -0.102619181434597 0.195722906730348
-0.0142168775736956 -0.116106974434014 0.0310520222351536 0.171888483541866
-0.00410957060198884 -0.12237704033853 0.127454645829339 0.145916411933949
0.0524611086579943 -0.172678350355727 0.173126257783188 0.204221905635656
0.172857995724827 -0.124378079132446 0.0942976924207584 0.303796095774739
0.213246499556588 0.0200352430669683 -0.139159884009727 0.314938164454222
0.186724694667993 0.227847768363141 -0.352843467537085 0.207506492552247
-0.0383885571051604 0.383307226888719 -0.404040126275074 0.0427497203485346
-0.289526291362766 0.382645773576509 -0.338816814267866 0.0882520358182247
-0.360078481308897 0.279380995174653 -0.0824103079700485 0.0300661673619076
-0.120769228333976 0.334008287871861 0.302525932565703 0.0643376322713207
0.0950276752813305 0.272750034875335 0.330029632119958 -0.319631715971741
0.218829641366021 0.0826601259518032 -0.088850894128001 -0.457327211446581
0.215485566420363 -0.0826103750085546 -0.350990218420755 -0.169762332650336
0.109383933691073 -0.182607194406798 -0.279813849888738 0.0706737482893203
0.000187358737944862 -0.173030918107708 -0.120381861609533 0.129596228178498
-0.0289091852876524 -0.165606828251776 0.017962792054155 0.113831278958114
-0.0140626918192085 -0.164398427693059 0.124185642474661 0.0777045876085847
0.0569792240725104 -0.226213561375314 0.2081529154143 0.118576553116068
0.206733990262635 -0.185037179551014 0.199138166337657 0.239317357715984
0.281624933139002 -0.0221432892710711 6.10038719076783E-05 0.331720474492591
0.266507576444435 0.262494950498471 -0.257570155767675 0.271998758680905
-0.0308423123124919 0.45625732565626 -0.358149083876092 0.0755367387852559
-0.3333166206948 0.423799402495103 -0.224663960701512 0.0170980576720416
-0.434953861629998 0.223311091305847 0.0725739334806793 -0.0467714598343658
-0.241222657577907 0.359445223076015 0.362231535802579 0.0589967819147308
0.0316343534748703 0.373223403865759 0.435552281802226 -0.258764408469059
0.261061155242121 0.161995187050824 0.0631870100225342 -0.447017273461101
0.275801277191118 -0.0739065439808393 -0.224410979361006 -0.254729452032437
0.147544927593657 -0.213078514986557 -0.240772131842209 -0.0419664225477084
0.00603675191067845 -0.211281299662486 -0.13064850350384 0.039616235581993
-0.0404179676896585 -0.190354013760376 0.00301584743025756 0.0406434299634411
-0.0248198387706145 -0.183373392186451 0.110724042998338 -0.000173971063193542
0.0509398411835973 -0.243486799678934 0.222111499353604 0.0267630151767932
0.208457858797899 -0.214183754242007 0.271924733103574 0.153271759427568
0.303898689882712 -0.0539803344637546 0.120415771129444 0.306114774593128
0.29550402695959 0.25930109319289 -0.159399678014548 0.293787175228109
-0.0319519044195006 0.45735671554583 -0.308864486892079 0.0835251331585769
-0.33724736962865 0.397222990560234 -0.109688018434886 -0.064672636118683
-0.421591494512939 0.127752364329961 0.238769344575115 -0.108799936511537
-0.309968336018936 0.290481208573263 0.412984048541743 0.0551108389862388
-0.0500079864224687 0.370823185106277 0.495406311877839 -0.168350941178624
0.229098174981033 0.20374297572634 0.206977494636153 -0.374087292838565
0.273379461799507 -0.0446834216682141 -0.0723479327749243 -0.303624961436525
0.158555567610981 -0.199918618057321 -0.177198634278915 -0.15036555424441
0.0115858792499271 -0.211797478016294 -0.130202939571262 -0.0580315378047818
-0.0447481881037504 -0.186553781178457 -0.0112989514812366 -0.0357323120705772
-0.0319553808861375 -0.178956625830165 0.0930798082859099 -0.0758169233013994
0.0425327867653562 -0.229876162155168 0.221758433766278 -0.0555888094304797
0.193366506193001 -0.204457817006296 0.312858192510556 0.0711671516704329
0.28892163758988 -0.0529233281914436 0.199198209609528 0.266096125520274
0.260342744512603 0.249585719932526 -0.084532890269204 0.288237492967386
-0.0649890143143313 0.399738263776484 -0.259931616683997 0.0737436991260487
-0.318091340828831 0.304254689853021 -0.00089076279106602 -0.134692081442043
-0.319452717542948 0.0223964002826933 0.375236944751573 -0.15217299047061
-0.291068348174224 0.165199310917931 0.442137119208318 0.0529541211308287
-0.0964431158286954 0.277180927307867 0.502601905524458 -0.08422292242599
0.153106796328589 0.179902486085737 0.301610862778421 -0.2794226982806
0.210602358901437 -0.0192882237348037 0.0548611325275852 -0.317512972133281
0.13534479539257 -0.151172839944397 -0.114396335710322 -0.232346367451369
0.0125306757846876 -0.174978059568354 -0.123967979927687 -0.141133183714756
-0.0416875974516321 -0.155336255014493 -0.023343519378031 -0.104093199451706
-0.0345808345652043 -0.153085746770819 0.0774902952769826 -0.141173594483545
0.0334862105393632 -0.193275467749017 0.218189727470328 -0.120293454102573
0.16491378483818 -0.166443438841162 0.334136854304414 0.011426430724888
0.250841342621451 -0.0259574929184755 0.244004969281091 0.236383385791015
0.183777940659835 0.235586808077267 -0.0374592572611464 0.273588048203936
-0.115173257622965 0.303436431686795 -0.214466553854882 0.0617832594469728
-0.277052038020342 0.168792432745227 0.0968192646524755 -0.176332035711911
-0.157722232483936 -0.0772379729663037 0.447716886006305 -0.177120985729703
-0.197785877478025 0.0278774399729432 0.438669879419331 0.0505500719745527
-0.0900274437001466 0.137553858104339 0.481469298472393 -0.0358002291377294
0.0668585560898144 0.105201520974353 0.342543992917552 -0.216730306315393
0.112654524602882 -0.0037059807657463 0.123467470305916 -0.320161792394335
0.0851996529797246 -0.0818554246764343 -0.0758434086285794 -0.276393136344351
0.00978699174128522 -0.108755479308872 -0.11785280922739 -0.195872973515303
-0.0315760385283037 -0.102051425548924 -0.0312470062046904 -0.153824707077226
-0.0291776883262032 -0.110300747616005 0.0688604628320665 -0.187514651042542
0.0214434429092435 -0.139019730352945 0.220149553803333 -0.162306960693107
0.12424782223305 -0.113723440328195 0.349459656703442 -0.0234718419408894
0.193017776689547 0.00725482807571824 0.265320338331244 0.228111463961186
0.0888470253710869 0.205912478285722 -0.0145954643305638 0.267808586713439
-0.153732531643434 0.179919918852328 -0.176570156320086 0.0522997398294602
-0.20642357398265 0.0139127438488789 0.17653110925551 -0.180108710601938
0.0785782424045235 0.129111986232904 -0.249740659947369 0.218062936271562
0.111811872758428 -0.0522554437062737 0.200168949267077 0.0526964828304959
-0.004590991273508 -0.123399166844406 0.0670627786669104 -0.307101809305209
-0.098481557379855 -0.0136575078523843 -0.271956550532673 -0.310389364637507
-0.0421153048185548 0.0553804698763188 -0.42796913292092 0.0254682304685508
-0.00512930180634298 0.0492820317675815 -0.257082700912753 0.226995230134269
0.0143028740972715 0.0438497273680685 -0.0835862970955891 0.228228841727376
0.015061979739709 0.022958448838318 0.036323356371491 0.210454100834783
0.000920235246660573 0.0181561943275715 0.107893466879751 0.215597409799901
-0.0204839916761184 0.00231163172115154 0.0842422119521424 0.288725724740634
-0.00848807473583649 -0.0129780827208253 -0.0942989536549695 0.321165503861302
0.00420956359353562 -0.0238922788909635 -0.33242540126936 0.210064207597346
0.0840528453375913 -0.0126425983770201 -0.450819936608621 0.0560590605940632
0.0872804714725803 0.100541836771387 -0.482721467679338 -0.0562227230441605
-0.0228234016288209 0.194450465809614 -0.511542858841472 0.155713275439918
-0.0687942377954708 0.229797138426786 -0.251404692910925 0.174960004912027
0.0784343379309432 0.0889062171711372 0.210345142508574 0.0614700676905657
0.0625447784303966 -0.0204417392293495 0.122321451611637 -0.328015920660143
0.00152674672480783 -0.0151858902633041 -0.259105465386228 -0.357529465012372
0.0325074215119191 -0.00367747736155725 -0.442190282809453 -0.0117845643841835
0.0232721752020831 -0.0324950581605591 -0.278528276136708 0.213340692488993
0.00493405442926674 -0.0324204872703854 -0.0905250607406373 0.228784493732229
0.00174888666466101 -0.0507756444484414 0.0372052565388677 0.20576727015791
0.0027112964985745 -0.060640294086656 0.120150342925476 0.195931696221674
0.0294727524681665 -0.0935036891352846 0.125834231314939 0.265555824082148
0.10074596493752 -0.0604829583910972 -0.0167060568847584 0.332833634105854
0.113258632052318 0.0285778637707481 -0.267578500414671 0.263810524303116
0.10948063038924 0.136163781646139 -0.426073621933524 0.11992538005396
-0.0113133832258379 0.256451084943338 -0.452522322603532 -0.0141445633155509
-0.191658180767919 0.300901333799569 -0.449761248244724 0.131832632178197
-0.228934398808574 0.284593487999585 -0.199408110932934 0.109826901185685
-0.00423460287818158 0.231814249651542 0.248363370706421 0.0683223129404828
0.102915671597367 0.123184299966199 0.219688255507106 -0.341617662021166
0.118997111686494 0.0170353814788178 -0.20148821219359 -0.423020166552703
0.12577439911295 -0.0564971451001846 -0.425816545743788 -0.0835298047978943
0.0644003750941693 -0.117425420799104 -0.293501888223674 0.160643314303159
-0.000459890251081155 -0.110368381239263 -0.106924859009217 0.196428666646059
-0.013781023585002 -0.118214367918185 0.0302713345830044 0.172898958163998
-0.00198746225174814 -0.126184388088884 0.127834578694125 0.146308069971227
0.0545218311453415 -0.176261666607911 0.175986586012062 0.205310656879427
0.17628254451497 -0.127723182766144 0.0957775725574907 0.309456770073899
0.217248236053569 0.0224373222552155 -0.148869465752012 0.322049730583996
0.187560934482132 0.233847470998919 -0.36456355876016 0.208135578175416
-0.042298612280828 0.391672162143025 -0.416010866262957 0.0371892205709678
-0.300511946509977 0.388463590089518 -0.348185267771995 0.0861109149617603
-0.368375323803691 0.281298778563131 -0.0864986504260182 0.03284287203874
-0.125861486770495 0.337375741600522 0.304244816029432 0.0707020990373235
0.0937972022895605 0.277537653640961 0.341546124575902 -0.322972819171681
0.221426006341028 0.0861996697929108 -0.0821913879513666 -0.467456245176408
0.220039619794125 -0.0824826472374103 -0.354334712928423 -0.177938834648367
0.112563741384658 -0.185509923592015 -0.28549759823868 0.0698200196407249
0.00117688457895028 -0.176398927842196 -0.122767386230625 0.130775340220936
-0.0280924526934513 -0.168124062549302 0.0179750742705977 0.114569858348071
-0.0121171751412793 -0.168916426389621 0.125489573183406 0.0766003598398317
0.0593138646201611 -0.230307682735883 0.212449608025412 0.119443400796337
0.210658361700062 -0.189391933158913 0.204176426829907 0.244050342812119
0.287077168328989 -0.0204908299461527 -0.00515953174695459 0.338594399166192
0.267714578471979 0.268012052538192 -0.268910545937421 0.275834247001327
-0.0346185781103843 0.466919242109501 -0.370200435163299 0.0722214256857882
-0.345501685670214 0.429959700951244 -0.232060285524313 0.0154008584185232
-0.445807992309118 0.223465084435538 0.0726807407637239 -0.0441803683092266
-0.249385234304297 0.363734920110109 0.365210854867065 0.0680049972501132
0.0286002282942727 0.37976821084313 0.448945368397477 -0.258260381541046
0.263715792263946 0.166648518175795 0.0758169896493399 -0.454436120031194
0.280404355524057 -0.0741613650585758 -0.224424066407164 -0.263552842067013
0.151230532997666 -0.216753372086378 -0.244877009330025 -0.0446573722582087
0.00711154765125064 -0.21458752438308 -0.13252646724794 0.0392906511388789
-0.0392288354326026 -0.192587219409596 0.00305193591872023 0.0399869558083815
-0.022738580241018 -0.187211848992282 0.112126219326328 -0.00178181411188111
0.0531294364743859 -0.248164103238066 0.227084557971078 0.0254748073952615
0.212619251944218 -0.218828357954517 0.279461529914007 0.156051284536568
0.30881262590048 -0.0523692846361111 0.118573653142005 0.313230863256653
0.297719765869418 0.26545028325408 -0.170567779184766 0.301004822955508
-0.0359951028077615 0.46635666587789 -0.319874368241863 0.0820261325773754
-0.34852258906166 0.401776376187856 -0.113407737939657 -0.0664321464605203
-0.430354919365827 0.126795770456485 0.243013556241266 -0.106031656877365
-0.319768907547415 0.292420363572338 0.417551554799574 0.0643461483773156
-0.0559528030036004 0.376163810778423 0.508729265823251 -0.165744883496332
0.230100119696539 0.209953813984887 0.221069823816302 -0.379257724849657
0.27775503169082 -0.0437076083064881 -0.069346522495392 -0.312898845553753
0.162706204482342 -0.203574788961224 -0.180341508980938 -0.154019689464317
0.0125197012980119 -0.215496525822399 -0.131216610933392 -0.0586039189635212
-0.0441711908460318 -0.1878199951068 -0.0113928044227145 -0.0379292336045617
-0.030816991381093 -0.18213789280976 0.0944667443290602 -0.0787366213129744
0.0447432769845865 -0.233974875723278 0.227877711699014 -0.0576524005878169
0.197488313901084 -0.208015806277212 0.320833066725796 0.0734397519671068
0.293588667486461 -0.051052641687624 0.199674426654087 0.27359926493889
0.261933744801292 0.253948862738364 -0.0925034938274557 0.294407325074856
-0.0673089545395331 0.40788648558202 -0.269352265223984 0.0744202307560905
-0.327301573452893 0.309400872688983 -0.000680824087732456 -0.136753220664223
-0.326170019437648 0.0204122799443176 0.382955711380285 -0.150487482823703
-0.299285176067301 0.166597066739532 0.447963164257618 0.0637169167910499
-0.101112828202714 0.280370592306316 0.51522084669485 -0.0792190026756233
0.152444294685572 0.184139083676867 0.31578409648138 -0.28243899964166
0.214040447652654 -0.018016871127352 0.0612133667275297 -0.326960367892852
0.137767240372392 -0.154126318232613 -0.115215550985655 -0.237358788874752
0.0134894491447433 -0.176687974620605 -0.124729341047941 -0.143338168947733
-0.0410074160586795 -0.156159804670814 -0.0227609761006904 -0.106958728886627
-0.0333480496153235 -0.156016156951206 0.0792315613711957 -0.143518920149309
0.0348120097767508 -0.195991222600655 0.22421679354849 -0.122217283264762
0.169172403772416 -0.169202048677383 0.342613955534528 0.0117868319990922
0.254165033230786 -0.0237926511669918 0.245576371496004 0.243221073059307
0.183995880413598 0.239285054673225 -0.0436824121556127 0.280061488274681
-0.118701411840546 0.308831359528366 -0.220579265860349 0.0620013947168415
-0.283553640826701 0.17066463189263 0.0990961021959346 -0.178333027438808
-0.160599564808899 -0.0798476927026602 0.458709927461292 -0.174099432259458
-0.201154447442416 0.0282693409206595 0.446866623456847 0.0595338805212536
-0.0927679715301661 0.137747705344769 0.490974104885796 -0.0295545809821957
0.0657140983945647 0.107638948776826 0.356272166511019 -0.217239399183983
0.113621531483842 -0.00350102571598699 0.129453646375169 -0.327953754811317
0.0870839456351649 -0.0829027948654259 -0.0757483225643084 -0.282722454227386
0.0103554611665876 -0.110093548011454 -0.118988831668424 -0.198963928164756
-0.0315321040944646 -0.100767876748824 -0.0306798342505747 -0.157142227893594
-0.0293859522119968 -0.111066881426563 0.0719031848117678 -0.190906631816799
0.0227002890583644 -0.139931518026554 0.22664345070049 -0.16472639503148
0.127134118381163 -0.115316775718721 0.357995990605371 -0.0221899395003723
0.194119667871874 0.00790038997973487 0.267928824901348 0.23440990895799
0.0874275313665596 0.209041082295281 -0.0204820204756852 0.274624583835369
-0.157797334054654 0.182883000564935 -0.182029103741005 0.0533470831869494
-0.208486236848131 0.0128353229203403 0.179959162558595 -0.181839931459312
0.0858757562378209 0.134214485832742 -0.259552092894783 0.233620431946258
0.116877624559796 -0.0558734317012277 0.211078254339365 0.0547766749727972
-0.00868483042298206 -0.128970540577445 0.0673686704745062 -0.323120565731125
-0.103647341984426 -0.0104299313293768 -0.291691981486692 -0.325563253361368
-0.0415110220212784 0.0587911302399426 -0.447794200898597 0.0350947255231714
-0.00460951109082037 0.0510164942723754 -0.266038861302586 0.243720226015012
0.0163930128350708 0.045324081917368 -0.087989948771879 0.239638646386976
0.0166408761974655 0.0229561793870459 0.0403277054163836 0.217946534230192
0.00134870646989288 0.0167331482947787 0.11592081527881 0.222607428147219
-0.0209068300400863 0.00164642711168087 0.0938557690095339 0.299707588653908
-0.00879421551889558 -0.0140258549581853 -0.0934901404267889 0.339804056635373
0.00559144591246465 -0.0236811636733455 -0.348603697398807 0.227295147112284
0.0859992719290751 -0.0141232367715786 -0.473500010413573 0.0651527126354019
0.0926950071304815 0.102441132491569 -0.509851450638678 -0.056985830090672
-0.0202463885777327 0.204629307269943 -0.537181905327027 0.1683524656523
-0.0665773266327716 0.243269389478767 -0.263147377872256 0.189388991796379
0.0834987596981432 0.0919262148342709 0.220542337438578 0.064653383511085
0.0636142115564973 -0.0225388216659108 0.125229876220683 -0.345725550693372
0.000495362711682379 -0.0141122266471355 -0.277555061656233 -0.376405033137465
0.0352946926683815 -0.00495601193760156 -0.46520135776013 -0.00449989354138108
0.0235233662674637 -0.0353877535525903 -0.289467379797176 0.229657992208113
0.00436932512509268 -0.0341885178634966 -0.0941729926292595 0.239788079280481
0.000767374306780062 -0.054182622431128 0.0417918870409237 0.213133832657573
0.00212501606166997 -0.0654870653813435 0.12934494503396 0.200979623720454
0.028855939627768 -0.100188195280648 0.138345938787953 0.274058494614201
0.103840334427358 -0.0655044097139836 -0.0109911920619396 0.349415693637539
0.120054419240512 0.0291036888014409 -0.281015103471988 0.283402891586488
0.11555817263858 0.141812130326294 -0.447993390166995 0.132109790365041
-0.00807044422179154 0.269384908636813 -0.47907796208342 -0.0118679503439111
-0.197352290820795 0.320037012924243 -0.472709366887965 0.142725497910379
-0.234886755388662 0.304429492044774 -0.208972400151746 0.121341713116762
-0.00142999010112312 0.243643962970406 0.258927568403334 0.071783900744614
0.10886222287262 0.127571329475549 0.227937597356399 -0.362462739329738
0.124197411320926 0.0169218099608042 -0.215234029641248 -0.442100417079714
0.131834509103311 -0.0614096776554213 -0.448855904279568 -0.0809452706694151
0.0645771620035251 -0.125200304655841 -0.305951231946945 0.174552167017141
-0.00233949305010548 -0.115447396236102 -0.109194220889206 0.206828120924757
-0.0165153856037415 -0.123182560988198 0.034887315291916 0.177607319973227
-0.00379100599448941 -0.133899303280485 0.136184587079859 0.148289337997243
0.0536702084894675 -0.186776012341541 0.189952545578853 0.208967426248016
0.181946025100971 -0.138739702696013 0.109098612098053 0.321676136111351
0.228895666727192 0.0202887292029193 -0.153555619510094 0.342210754684213
0.19991465571093 0.242020612778686 -0.383807873143283 0.225409227110996
-0.039459068150792 0.411441680200525 -0.439800217146262 0.0427874549382621
-0.309811648270458 0.413777550163549 -0.367098397958999 0.0950651426119158
-0.382321908911424 0.302898271655702 -0.0923950847800522 0.0386156744835813
-0.127310713778444 0.3579760430974 0.316999814177832 0.074472244756857
0.10228463739902 0.289037381973924 0.355519639630976 -0.345012788714513
0.232648310104506 0.0875887779218884 -0.0903570309622335 -0.491917481782784
0.228989801818736 -0.0916089275470255 -0.374686023434085 -0.182097719639115
0.113175665550646 -0.197710170773522 -0.298829181774336 0.0786633022394391
-0.00248917375103033 -0.184160234194306 -0.126692278828598 0.138418244000473
-0.0328536078840248 -0.174557508632524 0.0207155365892297 0.117195277646077
-0.0139152507578615 -0.178637030226148 0.131444403957629 0.0754140275496305
0.0570458984421628 -0.243926493398446 0.226297473145376 0.117801463400971
0.216030756362785 -0.204270606266294 0.222262270587948 0.250081248527592
0.29994341745195 -0.0262457134763443 -0.00181021835751438 0.357754428257506
0.285192037137132 0.277615967245473 -0.283166845357416 0.29588405513659
-0.027235757908828 0.492172226490796 -0.391354202049256 0.0802990382982433
-0.357902161526457 0.459197493973642 -0.245073906214586 0.019720473633156
-0.464057374182415 0.241748435145562 0.0735700477284571 -0.0450559029829292
-0.256557297252964 0.386362066572521 0.380413129123151 0.0695451578684297
0.0349587202095426 0.396454517253974 0.469950356570659 -0.278227756047917
0.278902150441251 0.171037853687224 0.0769760687480476 -0.478658060595662
0.291750117485721 -0.0837004006660197 -0.239025024704907 -0.276123871653635
0.152993562996612 -0.231687649490838 -0.258456044118579 -0.0423896377082598
0.00292655785146972 -0.225073098097954 -0.137529841603235 0.0439976292786628
-0.0448873607691758 -0.199691187284808 0.00416035830829816 0.0398116746360491
-0.0266552657216725 -0.197054386448828 0.116159976784795 -0.00646957608206566
0.0507807288334702 -0.262080852561092 0.239522232780467 0.0194434956804645
0.218772186742691 -0.23599471632346 0.299805858103272 0.156004121792245
0.321479034971623 -0.0612610897760896 0.127704404902945 0.327408312954153
0.316354687667343 0.272480119608702 -0.177708620465732 0.321278666720056
-0.0278351004593171 0.492330770342428 -0.337983630299859 0.0909154745954979
-0.361362362936355 0.430468100342595 -0.121474971248268 -0.0675703024915717
-0.450584100630464 0.14033662646642 0.252834562669063 -0.112876983193125
-0.33064905830924 0.314190562731671 0.436081824978288 0.065366347854817
-0.0531052124173946 0.395924507120508 0.532725386392919 -0.181639068291016
0.244395116223954 0.216283629944558 0.231418775339652 -0.403937093649757
0.290116610299498 -0.0522636015349672 -0.0766411182582937 -0.331247219115243
0.16545778142828 -0.217622001798854 -0.192650312698885 -0.158332139561387
0.00882765754769633 -0.22558088331648 -0.138884063583208 -0.0579006848204979
-0.0496494736602208 -0.19430830771361 -0.012695060094857 -0.0409458447883052
-0.0358577597435335 -0.190377447507867 0.0972663903742981 -0.0857868462409286
0.0426883087780001 -0.246359025518417 0.237700593893808 -0.0676188578548232
0.202275707433187 -0.223865928118601 0.341296420646255 0.0677303972859568
0.305997212030956 -0.0588900938774034 0.213814391353513 0.283527470335899
0.278260977877048 0.260188593754403 -0.0958836985550071 0.314017409142029
-0.0641814712670326 0.430331411315297 -0.28413065419251 0.0836420302808402
-0.338920827473886 0.330630852997163 -0.00474159839387422 -0.142827354147058
-0.342851730069786 0.0280184455770289 0.400476351252473 -0.161109328521163
-0.310084350842048 0.18008439776102 0.469316859000883 0.0640482861815635
-0.102522822178968 0.295190161457852 0.540840792184733 -0.0909552763321134
0.162432998002232 0.191102972137556 0.331997364073268 -0.302600516086237
0.22283096323455 -0.0233612187837835 0.0601155171607067 -0.347504705326166
0.141425827153313 -0.166496024950754 -0.125320556030419 -0.247026297262021
0.0107593748648477 -0.185775536707438 -0.133770907492035 -0.146682611145083
-0.0451550409560946 -0.160460858451961 -0.025855459106547 -0.112048671335729
-0.0380997920453929 -0.161672109594654 0.0797178663767761 -0.153168311684859
0.0335000237803651 -0.20571328384506 0.234155266199068 -0.134556088242818
0.173932444997579 -0.181506180114465 0.362269845513265 0.00375243819956857
0.263869169722035 -0.0295494797591593 0.261027993928151 0.250753902689628
0.195444482230702 0.246931847600033 -0.0454624215511151 0.297325262423805
-0.11872456690636 0.326558091596762 -0.232948615599174 0.0690059589745377
-0.293829013888213 0.184657034352678 0.0995389258338546 -0.188031139508221
-0.169917689267952 -0.0800709093617219 0.480643418902958 -0.189427052168201
-0.209870725713973 0.0339948547610602 0.471113436403685 0.0594317017235065
-0.0947977251690047 0.145488795195212 0.516132443769113 -0.0369237499553333
0.0709765426168192 0.111924251972199 0.374246582048026 -0.235622644077104
0.117960111090833 -0.00556498147927535 0.131814878166468 -0.351132289700387
0.0889561327017351 -0.0909013594632597 -0.0849190888741285 -0.296175735964874
0.00906063609103116 -0.115073369390929 -0.128764952276166 -0.204927182666382
-0.0338656537678575 -0.103130293213353 -0.0348188938696381 -0.163668232433889
-0.0334121602979574 -0.114799966382632 0.071187675187772 -0.202235080873157
0.0201854291865246 -0.146214237046408 0.235997952548647 -0.179145409592631
0.13165173384209 -0.123623498325605 0.377282789356874 -0.0320713575399126
0.202773188400973 0.0060064513266121 0.285340583882586 0.241483860024228
0.0945838910380929 0.216104917565157 -0.0192169068741173 0.289565233185366
-0.160974622021797 0.194996527913816 -0.191042227994134 0.0599353458897787
-0.217848854996204 0.0171720298767204 0.184674745038457 -0.193228115839454
0.119373600109336 0.121476207982639 -0.242644164056952 0.294615326891511
0.112253786290832 -0.0769190324676581 0.229482597619358 0.0269387764079273
-0.0302883371462546 -0.129507111287067 0.0149729957046192 -0.345564489850395
-0.103049182706094 0.00632035938993315 -0.363432615036035 -0.282335732510637
-0.031527001222872 0.0609763513580112 -0.457886464050456 0.121717357927554
0.00333591633974717 0.0509678143178529 -0.234483427920817 0.302825856822941
0.024946064383833 0.0432235499981245 -0.0493739994700607 0.269927610806068
0.0195231335975036 0.0197349504829017 0.0790391722657092 0.217066146150407
0.0024318089721899 0.0158812597529418 0.159906909818026 0.209276057991331
-0.0229122173338033 0.00487156303993093 0.151987328821584 0.293176519077446
-0.0146604840188564 -0.0155435580850179 -0.0378916544532761 0.373672797056145
0.00549057366772184 -0.026916666753958 -0.328826435429238 0.303118437706602
0.0860193474630914 -0.0315773813567263 -0.485342625091811 0.148480649374544
0.114932351221821 0.0879738537207868 -0.540376583302076 0.024005722030885
0.0191956393013243 0.213947108960017 -0.537000861876833 0.267938265692438
-0.0214891971259334 0.26707980268257 -0.252578124485073 0.233462926991935
0.102261882659485 0.0837655470466397 0.237575817099557 0.0287126084988921
0.0627173157955558 -0.0301641686876237 0.0657518832288998 -0.384027585883306
0.00410976746842892 -0.0142940757333081 -0.364112719854449 -0.335647604527486
0.0372441581914613 -0.0181851778749993 -0.48546591700814 0.0878485583120457
0.0180937472496584 -0.0438360053640145 -0.260701997893617 0.295895460686027
-0.000576514965665891 -0.0365176017227486 -0.0562304751593437 0.271703531484622
-0.00997353334758601 -0.0566939926364749 0.0801429569347445 0.210929076960674
-0.0109446602488983 -0.0691945683474042 0.168851540386419 0.184112640638942
0.00930074126327293 -0.108592697906559 0.192421570524901 0.256319230277618
0.0920159399140113 -0.0886724260219365 0.0490896974282236 0.367221728036776
0.131752153086168 0.0092653322254828 -0.248857204074309 0.348787796817316
0.145134485153077 0.12427821645748 -0.445490701684396 0.214476367306152
0.0410452067263979 0.277491015476 -0.496318519144734 0.0697599778286235
-0.142764249638184 0.363355410882819 -0.473984936362061 0.232166606816036
-0.187416772205171 0.366155846272673 -0.202668419671012 0.136966456758358
0.0389198881645607 0.257895855170756 0.278103425319788 0.0225684472735002
0.136215113587995 0.119134271510371 0.164095037375143 -0.427190446743947
0.136506638475042 -0.0013982478985186 -0.316685285198905 -0.419159306103424
0.128166259823879 -0.0922262417951102 -0.488029815085105 0.00650668422964632
0.045671120003301 -0.144135437970891 -0.288836720766621 0.245037547384831
-0.021150465664984 -0.120112701682068 -0.0774068919403508 0.241280062619379
-0.0399102544730238 -0.125098101791402 0.0669536390982458 0.176369083016853
-0.0289230266192216 -0.138629875408014 0.165825451642814 0.127525397167721
0.0196226263342599 -0.202512993670088 0.233988103785142 0.179148804225753
0.156699538610798 -0.17661754532369 0.169357671522916 0.316362340947299
0.241538735166618 -0.0188411048950162 -0.106054878078244 0.385969928750353
0.249142860507265 0.211804380499838 -0.362099434216732 0.299047499484364
0.0341749677793493 0.430123888201477 -0.443096873993657 0.120893572401165
-0.242246694061551 0.480261585141622 -0.371554037495747 0.163588440104077
-0.34514023479781 0.395753723802966 -0.0860372087887036 0.018411814001455
-0.0747775227277174 0.399785351066576 0.341191074066406 0.00677633087705124
0.155950157264728 0.289914097982621 0.297815980400945 -0.44143277828286
0.261171802662515 0.0558335231772304 -0.201047684475316 -0.499594927385777
0.224504125205019 -0.138139130073237 -0.435209200531313 -0.112378094833997
0.0834904921607015 -0.22807430148632 -0.300628558957743 0.149419368457376
-0.0329900288289337 -0.191401193939171 -0.109128080237015 0.175278864155414
-0.064273474895097 -0.174330729514042 0.042285743122826 0.115629770986817
-0.0468698010306136 -0.181714294664256 0.148482714359208 0.0518246302533332
0.0139161000845265 -0.2598952709576 0.253770173900059 0.0768486920188513
0.180514411309658 -0.249844768129795 0.275068720309513 0.220865710703576
0.305403423595089 -0.0786734461572056 0.0537633537501884 0.374406746221114
0.344168755947655 0.231070816716194 -0.245504875783013 0.354341000722465
0.0599110543132483 0.509065844187592 -0.384423538234214 0.152917985354477
-0.284256873743881 0.534635295855024 -0.256393556390998 0.0656916698120249
-0.444683543070897 0.34834872184388 0.0813402846311353 -0.103111169216398
-0.206702059637563 0.451791894943036 0.411273921177989 -0.0133028871122878
0.10359342090329 0.41421839566287 0.429483210896044 -0.399922560149036
0.321954500215882 0.13653855664317 -0.0267150855205001 -0.523866244876615
0.291093017553548 -0.138265563110808 -0.316274023330472 -0.237632990024911
0.119659734981743 -0.269320674969949 -0.283529176068102 0.0165332309996617
-0.0341694219121412 -0.234019149914634 -0.139134062252735 0.079869449340386
-0.0799924486558753 -0.19774491029564 0.0117344417012823 0.0395996195580276
-0.062945333224568 -0.198539802652236 0.118386680787257 -0.0296570468965725
0.00468303505294001 -0.277490647451753 0.25001316650535 -0.0264933647489064
0.177971248949942 -0.280846847412307 0.339630819400738 0.107890580049237
0.320304986572469 -0.117427719782767 0.184333456359796 0.320067811726007
0.373662766761613 0.21928027400245 -0.131335160954094 0.363011754250711
0.0592926155980529 0.509885413461931 -0.327084129723261 0.155106876643702
-0.293715826209394 0.506487057322657 -0.141466882584131 -0.0468491262242429
-0.451083707952888 0.240401424184853 0.263093780410904 -0.202008465498724
-0.296509094597038 0.389750669745944 0.473913303591302 -0.0276707465904593
0.00953370915748598 0.428046820468143 0.519729499293357 -0.313860014128932
0.292729373885718 0.190880301473531 0.150032160623246 -0.477278923717547
0.294168728325337 -0.103103844093753 -0.158136188805383 -0.329367744902848
0.134761558431973 -0.256814602359341 -0.236952000289892 -0.117297758040235
-0.0284117563581426 -0.235370242996544 -0.161070204480935 -0.027255419152891
-0.0833635878575194 -0.191809937307733 -0.0202664172723484 -0.040277641604883
-0.0695008738578279 -0.189437310713825 0.0837758438629852 -0.10826968272759
0.00024636034243144 -0.259764864373571 0.233446664082421 -0.115600402605919
0.164591881738145 -0.264237019960629 0.367811767370568 0.00893462712005084
0.303648841175605 -0.112554797503312 0.267599988432242 0.257887479767071
0.331927301961247 0.214492781537474 -0.0460572434631426 0.34125944849163
0.0129672406884786 0.452655723492705 -0.273604771732293 0.138818583143999
-0.289088914796899 0.401297805096164 -0.0321741587349148 -0.14584325314442
-0.359364993235469 0.102161713262007 0.409645675870506 -0.267130939550272
-0.298974643157719 0.247182974328034 0.511937453197653 -0.0291238602048156
-0.0603759336165023 0.331121230236987 0.548942049305919 -0.21442961817272
0.201048970792812 0.178814470712385 0.279146687905253 -0.391752061855775
0.230222896182699 -0.059839897907611 -0.0169894394176933 -0.376358821158805
0.118697625451354 -0.197802360756323 -0.183207262549989 -0.225902766805841
-0.0195723449583514 -0.194589102492459 -0.172637516485399 -0.122758593003156
-0.0720915873570513 -0.156589359312014 -0.0470916283270917 -0.111414779599696
-0.0670722391114988 -0.15806250927 0.0548503439720544 -0.174799598045316
-0.00162797422531279 -0.215489528804583 0.216931423810897 -0.184635799080693
0.143788866165923 -0.214623135615918 0.378965401326859 -0.061673222953121
0.264515945465128 -0.0750891177103257 0.313382039505299 0.214613104858957
0.24361788735753 0.215191863469499 0.00582357641325189 0.316324513305567
-0.062556529445624 0.355084618273015 -0.223975050829859 0.117326695780103
-0.268865016255343 0.241721689333398 0.0690859625759751 -0.211586527933946
-0.196459230464312 -0.0441063536476399 0.485652614888561 -0.294695785390072
-0.216731233700801 0.0758863235086889 0.513652528879654 -0.0277177958653199
-0.0781708194105002 0.172502717442947 0.537892370123397 -0.147408146450229
0.0916385985799957 0.110716293194453 0.340825696502032 -0.327639269807215
0.124650350674738 -0.0228364113971903 0.0623722394598309 -0.394045214730365
0.0775635183293124 -0.110459631643058 -0.147543191129386 -0.289721452301061
-0.00944807494739131 -0.120367566183994 -0.178244993320742 -0.186406272137566
-0.051085398514361 -0.0991299413319154 -0.0651758483530959 -0.16368669428681
-0.0539470699418622 -0.11021594996311 0.0377425130257469 -0.223825075992015
-0.00379093860147966 -0.15108351925727 0.212940820818662 -0.231107311243274
0.110916769422725 -0.147554632535729 0.388799936420253 -0.101751325395462
0.207430277334497 -0.0282923162583104 0.338516621345283 0.200631501427952
0.135377606520119 0.203633366912581 0.0316057695470019 0.305468334966992
-0.129159990640641 0.227594957704985 -0.184846968994559 0.100300343888249
-0.219867542836781 0.0554341941124267 0.157161479087301 -0.233208984164114
0.13529747871875 0.110419870252229 -0.215034215399688 0.326361591402323
0.106895584582847 -0.0897337523007424 0.237541439480842 0.00689116857472929
-0.0445112256877598 -0.126576137249252 -0.0167963991816763 -0.351580534269969
-0.102143950651655 0.0188211466600948 -0.399847064974253 -0.250968217673053
-0.0245906232968099 0.0640459452829023 -0.450198034000064 0.171974204475022
0.00831542814683084 0.0509343317040491 -0.205809498307153 0.332551465527155
0.0306237316293156 0.0406239735344712 -0.0253344495248709 0.279490738118185
0.0213649816858767 0.0166471985155464 0.100352545015002 0.210899950830866
0.0030599737185343 0.014438406593334 0.182895946149402 0.19494008508188
-0.0224936577612579 0.00542138981861948 0.18400365485162 0.278748776506991
-0.0157413085927981 -0.013441481036609 -0.000183623778666607 0.383023584249071
0.00503389819740862 -0.0269666322514975 -0.304550729665306 0.344360710888113
0.0823686971129161 -0.0397060567969931 -0.476967368083817 0.199770222077953
0.123530856019652 0.0754802549382743 -0.547881271249558 0.0760232722783986
0.0414583386766486 0.214799931145865 -0.517234733356933 0.32457425777833
0.00870743933002723 0.272766367912586 -0.231927859763725 0.266732329677319
0.113390662061156 0.0738409696851119 0.245048885276891 0.00964374190624188
0.0598357320744944 -0.0368884325034136 0.0297942444423064 -0.395826002829797
0.00311001337696452 -0.0123584553722906 -0.40378484173777 -0.306679262149284
0.0366925133285519 -0.0233733389947996 -0.482316715276638 0.138533851709842
0.0134208962349496 -0.0463801456717124 -0.232820882824932 0.328159612275152
-0.00343170026812297 -0.0374548220800502 -0.0307056335188283 0.281254001492187
-0.0158470085693775 -0.0568393855679712 0.100160481519519 0.204163292850898
-0.0187954122458667 -0.0716504659050451 0.188314272952932 0.167261681560005
-0.00271890831512725 -0.111729880363268 0.221543323642202 0.236852649432002
0.0827030698571148 -0.0997052864171062 0.0887962595064656 0.365282198223688
0.135970159026262 -0.00408763990168729 -0.219207329491854 0.381039688613359
0.158387931819065 0.11068424993457 -0.43176229958723 0.263061297496087
0.0680136912895521 0.27547770127825 -0.500993444143579 0.117429362371805
-0.10752886655824 0.383218049401553 -0.457900314451509 0.283479565697332
-0.150175988908538 0.39113503191544 -0.191647688103474 0.164345922535865
0.0668395684187596 0.256007078774729 0.285078872287104 0.000286201092138479
0.148404375338264 0.106669378605352 0.124646165449378 -0.449914976065456
0.138365883609571 -0.0132406066793668 -0.36332652838515 -0.397122952227401
0.11986522710187 -0.108043215717355 -0.493391919596029 0.0571961590875789
0.0299446156337421 -0.150931097937357 -0.266188524987169 0.27908761738083
-0.0336388435017446 -0.118842482773028 -0.0555835796781913 0.251799860098393
-0.0519592690135776 -0.122323709098125 0.0836900582036683 0.169308499805618
-0.0438126752299068 -0.138886048911708 0.179372047279933 0.109591972435452
-0.00271165690520405 -0.207343897188549 0.253909790881546 0.152496852189873
0.138461368609421 -0.196206943295581 0.205635003582592 0.299661668595636
0.24257308797221 -0.0434407716051253 -0.0701529222076329 0.405023232604276
0.273438519485657 0.187824865645145 -0.339223682933484 0.342225100016432
0.0795221816406531 0.430891796890627 -0.440773904331065 0.165355996761725
-0.197678897615098 0.512116055303742 -0.36126010469738 0.205929044972139
-0.306383025817921 0.436884253281623 -0.0866537898487261 0.0322010763093181
-0.0339103063324507 0.412436896335866 0.345651821009737 -0.0210526756256399
0.186694601829624 0.276768886501485 0.25856150407783 -0.477382861476277
0.269814536412072 0.0309690369373686 -0.251841992850352 -0.488104914904333
0.212156381479456 -0.164960220646046 -0.452554243515148 -0.0701358163621387
0.0586741584852795 -0.239589540977818 -0.288732369568111 0.181879298238934
-0.0536069347428476 -0.189656597496337 -0.0926443004602317 0.188095877591417
-0.0825771250717215 -0.168863482629743 0.0530727169351645 0.110544839906759
-0.0663412172634928 -0.1804331829673 0.152733967802741 0.0351446213772541
-0.0148758790070941 -0.265666029240101 0.263922776378184 0.0481622746253749
0.15385410461806 -0.272436834306242 0.303227085452063 0.189665630332277
0.300748138699239 -0.110607383019189 0.0905842332642453 0.37671737501763
0.371265435060605 0.196316925697514 -0.214619605290945 0.388117702522572
0.115289682254092 0.508128658991837 -0.378319309747365 0.193857129133187
-0.233382391753592 0.572370697192755 -0.254668746881408 0.0954458334243837
-0.413042580413794 0.400013202614906 0.0701859082499197 -0.108930564068107
-0.162052038333337 0.479862605273071 0.414795426143321 -0.0488204632686188
0.145308112867681 0.408656238764077 0.396193759770303 -0.450305281725212
0.340475170842104 0.106581710085234 -0.0776076220879592 -0.531624549819334
0.279480223956521 -0.171823395985541 -0.345643571266081 -0.210983816894753
0.0900286647268923 -0.286099712460733 -0.285009514975707 0.0466179636811397
-0.0595556505944773 -0.232805828327266 -0.131930909793481 0.0949653943402514
-0.100744159530476 -0.190026280885857 0.0136278619790801 0.0368937297599073
-0.0838479754371193 -0.19404075351372 0.114183819346037 -0.0442801866243136
-0.0251275923348235 -0.282125734645754 0.24937674782109 -0.0560207414257604
0.147876987177983 -0.303644176221649 0.356844520996282 0.0678990335239193
0.311725074162398 -0.151304964422743 0.21864348769639 0.307226233893609
0.39943491326808 0.181393193936841 -0.0975809034274259 0.384618443835419
0.115118471560159 0.510125389109901 -0.3185307304244 0.193351965101098
-0.245577827534776 0.545191922253936 -0.148889345702059 -0.030257899290072
-0.431775796029221 0.292170961429352 0.245226573674359 -0.228448153025366
-0.258831540355689 0.425571903418169 0.477276711526286 -0.0698073751428366
0.0524004987135346 0.43256588788804 0.495182531932326 -0.370648225594438
0.315749829120904 0.164018660300297 0.106957318390161 -0.501877872523214
0.287061117619994 -0.136350244085681 -0.195036356765867 -0.321451952589454
0.106953548973982 -0.275325045846885 -0.252569978524194 -0.0948687666926754
-0.0540725816053527 -0.234491540850726 -0.165342594847531 -0.00976459303023858
-0.102570544971564 -0.183024054627123 -0.0253070165596759 -0.0398617796795594
-0.0902274881718163 -0.183124390866968 0.071751327017751 -0.119874359851415
-0.0269252581370621 -0.262536439263194 0.222809327778748 -0.143977035885461
0.137065419816832 -0.286061263756336 0.375003743547593 -0.0350764669248885
0.294045550647247 -0.144146581560477 0.296977951897305 0.235439872670759
0.355754591594066 0.180469510971485 -0.0141194118138585 0.354632800841368
0.0619415577721588 0.456022167466297 -0.265979611413621 0.17082563831841
-0.249224502947237 0.436235302983535 -0.0490248338766734 -0.142290759151382
-0.351315511447918 0.141772696327948 0.388172816780133 -0.309520866574654
-0.274750810458611 0.280114517785357 0.51672844037139 -0.0767158259475091
-0.0288117524074205 0.340451493578723 0.535213463588311 -0.273599899515834
0.22199259777257 0.160495974589903 0.245296218695802 -0.427778634281171
0.226806351473123 -0.0848378313569606 -0.0568882021009235 -0.383315275219653
0.097397641959822 -0.213792192782853 -0.209546914758237 -0.210819766094108
-0.0406028401683979 -0.193354320337391 -0.186864742898037 -0.105227387821486
-0.0879141978272327 -0.148719267823953 -0.0597887808205619 -0.108810910629239
-0.084307529455966 -0.151634874615927 0.0362562162661315 -0.182824991435827
-0.0242107032842394 -0.217079253176232 0.200316609666937 -0.211347040344526
0.122147960138105 -0.233896228607256 0.378533785388152 -0.106807588772144
0.259963181059924 -0.101699427997027 0.338684031882461 0.186523045935966
0.267167399077372 0.19199030536084 0.036686017297503 0.322199045804788
-0.024522850585825 0.36567302067034 -0.2167883563064 0.14359968989133
-0.245810841808428 0.272118196788544 0.0475019554974851 -0.220478184040532
-0.202682398777784 -0.0228667324804277 0.46385108269217 -0.346953112684049
-0.210278135353681 0.0999894811764567 0.519358150919043 -0.0771649516477388
-0.0623987482762227 0.181367232740588 0.531555258252787 -0.20233960615106
0.103861894059045 0.103383050329358 0.314675862910278 -0.369060186221859
0.123057154965021 -0.0358707147796791 0.0205792824338322 -0.408157882375847
0.0656032291133108 -0.121249327994325 -0.180121150913438 -0.278519883560744
-0.0225954652580157 -0.120112303873515 -0.199427924126078 -0.169029672830044
-0.0602369092164038 -0.0934623069150823 -0.0833657857064824 -0.158902016217279
-0.0655062626434684 -0.10287426441045 0.0146557581660456 -0.230450061591111
-0.0196694632025368 -0.151598201690072 0.191086869106558 -0.256333496072468
0.097014224985523 -0.161394231886723 0.382985136142478 -0.146558018470601
0.206427069849112 -0.0500043386015855 0.362064721158299 0.168990447644628
0.156136804398283 0.190384313725459 0.0617871719579465 0.307813902537307
-0.106047336790047 0.243290269470917 -0.178063130270457 0.121854035388489
-0.215522527600369 0.0780195000945477 0.133395081729536 -0.251707212084966
0.142091217555452 0.092252797432004 -0.175472648319277 0.338139161286217
0.0948435001734343 -0.0980351713326915 0.233442582440576 -0.0130133436252633
-0.0547641828974874 -0.116497188311527 -0.0462931170933871 -0.337032565769643
-0.0935811117280265 0.0286081971350979 -0.411058712585419 -0.208006096874656
-0.016785672631702 0.0627458129949149 -0.416447126287472 0.207610950497557
0.0126026480767638 0.0487303920335652 -0.166209400726667 0.340064634459583
0.0343473165945105 0.0354427680276335 -0.000913801141822133 0.275176670007575
0.0218023800582904 0.0132624315979869 0.114709793769807 0.19490655788394
0.00335075276109677 0.0121905695631994 0.191514388913214 0.169192494953749
-0.0214596024526561 0.00668524004993658 0.20212081959567 0.248948962043566
-0.0157951170726624 -0.011805815548262 0.034618666750477 0.368771946125621
0.00373353588759152 -0.0260288003288747 -0.262266686866391 0.361985530501215
0.0744219237854642 -0.0452276730386439 -0.440702686579657 0.234501031002401
0.123626472028256 0.0602148312675928 -0.523030606311105 0.119530111988041
0.0601140135994083 0.20221531747966 -0.468887249621885 0.359173419230316
0.0357880203660794 0.260828488864484 -0.19883362317981 0.281985897799573
0.116168638942716 0.0592189956639863 0.239839968719655 -0.00855516942289016
0.0534466919617193 -0.0401147353387052 -0.00454416384048367 -0.384903177153505
0.00283320156617989 -0.0106131513383253 -0.417652936706825 -0.261204676109697
0.0341331243065269 -0.0266024182183974 -0.449695786139619 0.177932729982522
0.00785933558690856 -0.0456855615871246 -0.192752217066495 0.337230074545661
-0.00609174589233096 -0.035857309200083 -0.00610181229859089 0.274319258987515
-0.0204044192680072 -0.0540511797682936 0.11287930895591 0.186488183358934
-0.0259616152386538 -0.0681699457753276 0.193868063178225 0.141665517362066
-0.0135429338526088 -0.108436770454187 0.234063292113248 0.20353116767556
0.0698818613714132 -0.103670318455337 0.119365886513666 0.341609352342611
0.131716471917185 -0.0161638404775071 -0.177438565619985 0.389906288337093
0.161974147877247 0.0923798188438394 -0.392571714917098 0.293190302763512
0.0894635504030446 0.256936039270195 -0.473966555426238 0.156416029467687
-0.0679643623130695 0.378918615921567 -0.417126565487286 0.314844456293506
-0.105003204302 0.389505619308672 -0.169973673163115 0.180325286686119
0.0886017717123518 0.239040760057624 0.276431611391372 -0.0198680247828944
0.151381461275113 0.0884152134277697 0.0822775066722344 -0.445316259488859
0.132817550142353 -0.0240395668946556 -0.386004288346676 -0.352247803857933
0.105140248037227 -0.115909957336162 -0.467876404735926 0.0995602132499466
0.0136960208159381 -0.148209728562917 -0.229335389173687 0.293580135237447
-0.042671173361838 -0.110778969329733 -0.0314554244785443 0.246862346121428
-0.0610565524185521 -0.112497382531024 0.0939540836553482 0.153905860027573
-0.055983641536812 -0.130973357104832 0.178544420716251 0.0868544373730093
-0.0235228185139015 -0.200183850251945 0.25723550725356 0.11968430805074
0.113417577353054 -0.201924597048917 0.22644297203799 0.265170950754909
0.231013455595328 -0.0643216285901515 -0.0326542596094181 0.399649439238638
0.280125664930683 0.154937770620272 -0.297252372680124 0.362257073798463
0.115754243841373 0.40562925237857 -0.412885781194777 0.199258932243877
-0.142932841678833 0.513455560494464 -0.329699199560425 0.232257517914653
-0.251363743805135 0.450742826761222 -0.081865727544045 0.0426132913995892
0.00615150489914802 0.398391466474697 0.333088681674666 -0.0452612340826078
0.204347880032883 0.248443430463446 0.208125742555697 -0.484152621651175
0.262541850644076 0.0059412309989505 -0.287254171460447 -0.450509540142006
0.187568928253756 -0.178624898645931 -0.442076969583369 -0.027361220872003
0.0317141171284754 -0.236084064833493 -0.260708198449873 0.201729707760888
-0.0687445676803651 -0.17640371182497 -0.0717565425935878 0.18829282704199
-0.0941048240672098 -0.154448710649555 0.059010412959816 0.100693483038899
-0.0823637332399159 -0.168176313228467 0.147364668860234 0.0170684223999789
-0.0410142414086181 -0.254428541190677 0.256705940546788 0.0183802902915964
0.119975213318953 -0.276770002361381 0.310646952153664 0.149612475822693
0.279095308230206 -0.134284661824731 0.12090519817289 0.356484178422396
0.373660520553227 0.154442945046767 -0.172818698802227 0.396032964791474
0.159759840151068 0.477473038534295 -0.34910755877094 0.222866003828229
-0.172336457683764 0.573229782416442 -0.236419637906066 0.11671568593714
-0.358211397844498 0.423713989031014 0.0570924347964903 -0.106973924373627
-0.109541821681877 0.475599375116591 0.395192530006208 -0.0775653329308699
0.176504485509156 0.37915588861973 0.342552937918757 -0.471200667240784
0.337462091821 0.0711052014263577 -0.121431970630323 -0.509298954764622
0.251841414659641 -0.192155170105917 -0.352814171124743 -0.173955996424421
0.0574331063487682 -0.28340458744425 -0.269775620595517 0.0709730000546699
-0.0791305233658567 -0.216424048549905 -0.118014188869454 0.1032252523794
-0.11291464932596 -0.17182926800645 0.0152826953750082 0.0335520759390601
-0.0992208121093372 -0.179000874179009 0.10242022074103 -0.0552963010867819
-0.0521282228592848 -0.27011395456468 0.232740181260411 -0.0798693306367746
0.111012294937621 -0.306642678975049 0.350008456366376 0.0265431758856852
0.28492293126231 -0.174482765266342 0.237540228607069 0.277365377416717
0.399566575524462 0.136656464997053 -0.0610738085582483 0.383215926945401
0.159165546251912 0.478959385418944 -0.291672712632313 0.21704938036135
-0.184862668391404 0.546558914975698 -0.146358845868888 -0.0136162700017381
-0.387096048829973 0.321783669075313 0.214318493679469 -0.238678500452853
-0.21027809081704 0.43185066303471 0.453282720538526 -0.10527665688527
0.0892349449769953 0.411207900880636 0.443695515871484 -0.402840017419144
0.319197118022347 0.129038711482856 0.0589913398689141 -0.496139888127891
0.262396061499526 -0.157904691201226 -0.218475616558422 -0.294275270668223
0.0741016223892664 -0.27513156473537 -0.252850272708121 -0.0683320917316501
-0.073649512105406 -0.218888884938818 -0.159126376449951 0.00537533827487833
-0.114006432986967 -0.164557350551872 -0.0298047100743918 -0.0367898434412279
-0.103886886088898 -0.166642620274289 0.0554388445161573 -0.122597810018194
-0.0520799500307677 -0.250352772489899 0.199533260515574 -0.161044867466953
0.103010384146782 -0.288881480693334 0.356983799544927 -0.0743923815229846
0.268913315497329 -0.164902641865886 0.306363755353583 0.200684820382335
0.358420330060123 0.141411271782946 0.0175133564539005 0.345370869287279
0.103470322366383 0.432135603533227 -0.242222002363463 0.191184049568689
-0.199336556147095 0.444020604816573 -0.0600840631361614 -0.131250890426723
-0.323573494112923 0.169838863722069 0.344602969359382 -0.331740024965146
-0.23885241960816 0.29545255564038 0.491158546776 -0.116430673283271
0.00223995115263042 0.330020354031187 0.49188484815781 -0.31149549013353
0.229207251678741 0.134743247644102 0.199086367168286 -0.436796431205714
0.209575231813511 -0.102854642771485 -0.0922975897191065 -0.365943807407056
0.0702217174925803 -0.215460749746055 -0.222903416598752 -0.183625157790901
-0.0570926708795904 -0.181354544509846 -0.189563076636561 -0.0826733753324973
-0.0965100768904667 -0.133210724788575 -0.0679488088211023 -0.0994888736591909
-0.0948135461397016 -0.135696048642679 0.0158875291715956 -0.179815177898086
-0.0446121295187027 -0.206444618844497 0.17265967499233 -0.223740434986636
0.0942880286585996 -0.236936133351264 0.354950123076097 -0.142672639581453
0.239640234571257 -0.121971249974188 0.343341863314471 0.148594451567651
0.271604959722897 0.158743704144891 0.0638177048024427 0.309967418082891
0.0116055311297383 0.352878514811173 -0.196227904604338 0.160358101962223
-0.210386777245154 0.283568109670454 0.0257063528189759 -0.215496366149913
-0.195065864197982 -0.00251570762132192 0.415308164171157 -0.375553194399068
-0.191315399974465 0.115751111032989 0.493843466394861 -0.119335387322481
-0.0440412224435961 0.179920408974378 0.492125237989265 -0.24368123187752
0.109486650008277 0.0902672396890822 0.271760530267754 -0.386151480669792
0.114518124614433 -0.0457146531644298 -0.019696029840889 -0.397468296567714
0.048987812327581 -0.123370438601581 -0.201047048820274 -0.252821221036087
-0.0328830342078604 -0.112832908208861 -0.207351398404396 -0.142673970447316
-0.0650284086040735 -0.0828007331165166 -0.0954501643862787 -0.145451012085626
-0.0721490003981102 -0.0904983086399464 -0.00883335959646229 -0.223503983165141
-0.0335836061316413 -0.142625217927889 0.159924321493062 -0.266970107949146
0.0770195434537194 -0.165555053669031 0.354980826080915 -0.179773929447075
0.193409185730561 -0.0663150930898662 0.364535606787919 0.129626339345025
0.16651873843045 0.168538960854569 0.0859179619092277 0.293188136398159
-0.077747308217396 0.243823489739564 -0.16121474361724 0.135391987812625
-0.199457400839178 0.0939595258362571 0.103899747769916 -0.254481279998522
0.138897768537976 0.0774353466357716 -0.146102611954815 0.330053598740914
0.0837269742896369 -0.0977030624023287 0.222446864100387 -0.0215421404746774
-0.0568832534596873 -0.105195369469371 -0.05763086382644 -0.316218063337032
-0.0845705872683978 0.0317295040450868 -0.399909942075523 -0.17720610800056
-0.0123063760849002 0.0590624997396474 -0.379925262204286 0.216112027120138
0.0140212966528842 0.0454184149792609 -0.137749536823597 0.328610880984063
0.0344793031057041 0.0296523111908116 0.01245851238642 0.260392920434428
0.0207438799457752 0.0102979630199952 0.116281312841777 0.178094939191464
0.00261122155412593 0.0104449456452532 0.187651844920282 0.148830566207174
-0.0203667850936831 0.00670210657558252 0.202186750659729 0.222357872576161
-0.0142756904489144 -0.00953978049274485 0.0511418613607475 0.345687058828395
0.00334371894323645 -0.0246156038765025 -0.22963238771541 0.355008171377962
0.0669686396853427 -0.0454418954573658 -0.403203936437827 0.240143739205744
0.116559779288266 0.0505567210178186 -0.489157561165485 0.135876816451757
0.0669603727653494 0.186418536023256 -0.423185914964478 0.358668279287807
0.0486164287067722 0.241194766489107 -0.170387949232759 0.27948020589679
0.111447810777907 0.0485465369001201 0.22864203629851 -0.0175348271574527
0.0477300304868347 -0.0395285895127525 -0.0207480221700618 -0.362656194952935
0.00429953920626813 -0.00911885411793189 -0.408184855597884 -0.228005784227943
0.0305723015547288 -0.0275299794667969 -0.41270554899465 0.188518492977849
0.00448933665399617 -0.0429314982655678 -0.163747142014972 0.326624315652957
-0.0065194768572724 -0.0338099743948102 0.0071941915579139 0.259336370246052
-0.0218238987280498 -0.050458385210111 0.113693393910706 0.169896583951645
-0.029025580559369 -0.0637331185440434 0.186002661385714 0.122839840871473
-0.0192521570211816 -0.101209978913414 0.228689728309224 0.17743751863923
0.0601412041359892 -0.100834629096064 0.129968265753267 0.314235927037525
0.124819734278585 -0.0212674013781276 -0.146942060841875 0.378378055022153
0.155405853109995 0.0789299039075783 -0.35559557661048 0.293451928221573
0.0942809475083265 0.236710778586423 -0.440662381737253 0.169256185794763
-0.0451760426194854 0.359334150571212 -0.37516605608687 0.316469086134337
-0.0766103334768148 0.369979918645466 -0.149512943627861 0.183465550190795
0.094849241522188 0.218638627739985 0.262081892458298 -0.0283061337501417
0.145826705651191 0.0760523984482955 0.0577785990935871 -0.424118518176274
0.124788097044345 -0.0280726805594293 -0.380904128518778 -0.314007317315573
0.0925390707772968 -0.115469284137496 -0.435863655244558 0.116848568984885
0.00389985592794703 -0.139432892727712 -0.199975802837386 0.287101697820369
-0.0450320420176465 -0.102040528457651 -0.0180659752619919 0.234145060945691
-0.0625198882358162 -0.102802563107701 0.09391731821186 0.139777516429405
-0.0607324143117242 -0.120893040823721 0.169029748091889 0.0717303305928418
-0.0338581084723781 -0.186712218169249 0.245875143157612 0.0979123050806123
0.0946627101122755 -0.195188619847567 0.225837140597411 0.235009099263655
0.214143876878613 -0.0721707058387808 -0.011245125480594 0.380087845853932
0.269184648238948 0.131246869333635 -0.26235955643386 0.355919378064601
0.128151490694155 0.373318584754787 -0.381500150553898 0.207862395979197
-0.109013855221223 0.490280190748842 -0.298533052301139 0.235064159559437
-0.21050146667625 0.434080189406046 -0.0734543179181938 0.0498852703925437
0.026599517323669 0.37314778363337 0.312588322663822 -0.0531169500343179
0.202538911991399 0.223220569414544 0.174814187006542 -0.466168783846504
0.247858361970428 -0.00670222436260912 -0.291472156529808 -0.412097603022084
0.166342345476073 -0.177773919632829 -0.417162628343957 -0.00610616464579926
0.0152624611532047 -0.223206903315003 -0.233727859569785 0.202463172909034
-0.0728072282571184 -0.161793700744527 -0.0580724078691157 0.180174819832282
-0.0952466769267796 -0.139421393982754 0.058673134728444 0.0908050974524686
-0.0865206533278302 -0.154240917133142 0.135059618261094 0.00783093712364897
-0.0529050476116788 -0.237426844965 0.239747331659734 0.00178471237558671
0.0960093707999645 -0.266564046102038 0.299115588322191 0.119643304180938
0.255907836968914 -0.140492551179115 0.130002630888811 0.33209736366657
0.358205439883158 0.124859352195906 -0.144949085796245 0.383785229060826
0.17390892600293 0.438799774657552 -0.320901620221459 0.228469380776851
-0.134257179764642 0.548865760499642 -0.215848879837749 0.122822979592604
-0.312803340922871 0.416333001314404 0.0483226845925846 -0.0989093309935233
-0.0794979757857052 0.450513387140008 0.368785176804507 -0.0862629578625875
0.183469642184515 0.348163801254626 0.300953673602238 -0.459182581819385
0.320996500195572 0.0501632369653258 -0.139564150809215 -0.475298667324324
0.226061584073274 -0.19401778789684 -0.340676873028485 -0.147727478597921
0.0358712114056499 -0.269561295100731 -0.250402879301862 0.0797617587043729
-0.085193322310938 -0.199109015958811 -0.105147814399753 0.10286223167593
-0.113845617979978 -0.15506865846582 0.0144188126088947 0.0306416759268363
-0.102663095695292 -0.162546657557831 0.0902080814697073 -0.0578516703496302
-0.0644589099570412 -0.250476023551236 0.212554554820219 -0.0893008180510169
0.085677539083458 -0.294722236563266 0.330050177989634 0.00187038494559836
0.259072655250032 -0.178092178151566 0.236088615996681 0.250295594047474
0.380091875282677 0.107083652984613 -0.0390407364254862 0.366688874483457
0.176659263380369 0.439909178577993 -0.266351943287646 0.221206623780071
-0.146810342329075 0.523754226515245 -0.137525011903004 -0.00447364022094068
-0.344958917159731 0.321007429183433 0.188186260311837 -0.231318718878482
-0.175847753022359 0.415955211442325 0.421588727034486 -0.11537199773636
0.101936219923562 0.382192551682034 0.397904260355245 -0.399604168930757
0.307306225550713 0.105231133393601 0.0319558513898056 -0.472329253408554
0.238216229984887 -0.161614879465157 -0.222010134019874 -0.267989768489722
0.0516795061247838 -0.262133092569051 -0.241595519806758 -0.0515725335928039
-0.0807792419100469 -0.201447378551986 -0.148875918644435 0.0133091397678719
-0.113368440885565 -0.147162079543427 -0.0310157333869733 -0.0332874342802934
-0.105710717274494 -0.150164741691134 0.0434622157889907 -0.118261208501719
-0.0626622472905563 -0.232725773371553 0.177563749984091 -0.16382368831672
0.0790821012126205 -0.277431497843841 0.331077308797984 -0.0931025700509344
0.243980231411124 -0.16769326370325 0.297515211428455 0.173930628480159
0.340284059904654 0.112013984228532 0.0317655641715774 0.32777201758323
0.120449773261739 0.398410277525658 -0.219989423463315 0.195793762041098
-0.165461627907868 0.42489583063823 -0.0619808167781176 -0.118798700814101
-0.293344125957171 0.175690866971373 0.307307148058457 -0.32600292422425
-0.208163853932634 0.288589379911341 0.454770366654651 -0.129984354016401
0.0171580353698679 0.310447682666121 0.446372166140873 -0.315226508083678
0.222290999908644 0.115589633086348 0.167517759897003 -0.422721643629539
0.190917196447643 -0.107532616371669 -0.106509434714066 -0.342122654764951
0.0519473732462079 -0.206579520141025 -0.220060149523865 -0.161527147075024
-0.0634889165028779 -0.166810108414319 -0.182033920368234 -0.0680276600982843
-0.0955543532811405 -0.118735129916614 -0.0695571256074454 -0.0900725491391294
-0.0945425980622514 -0.120846299470679 0.00374903901339024 -0.170331592761946
-0.0529159145001434 -0.190865373617394 0.149997518412862 -0.220803596910868
0.0744049282634315 -0.227828843719777 0.325307312573056 -0.156856249787151
0.218433127248378 -0.125794441005286 0.329208909995175 0.123052241432
0.26134428433751 0.135545892606126 0.0735042961464077 0.2911330084347
0.0296801437446565 0.329646858433487 -0.177628662061054 0.163937901472035
-0.184000469523849 0.275972860485645 0.0129554785058273 -0.202627010157852
-0.181266384938505 0.00844804293045857 0.371051034459963 -0.370867520290831
-0.172763520046798 0.119327393967783 0.459626863229474 -0.133473831695244
-0.0335852232550097 0.171162190650165 0.450492550341256 -0.252912127895534
0.108072843162687 0.0797935306388591 0.237326860196551 -0.378653823837252
0.104863955863371 -0.0483200880907338 -0.040237894640714 -0.374483179187519
0.0369081294075518 -0.118807192520705 -0.204695021533344 -0.227215117686633
-0.0369022610869671 -0.103656723154004 -0.201652188711735 -0.123447262896622
-0.0633013297963933 -0.0730721131620848 -0.0967569435873958 -0.131579520424924
-0.0708428204718728 -0.0780655087224486 -0.0210165581822854 -0.209520396944075
-0.0389581159393958 -0.131526877696091 0.136386736054643 -0.259911064142052
0.0624911639886107 -0.159014943501808 0.323552431384274 -0.191068677344457
0.178579841465725 -0.0722726818732077 0.348600366552688 0.104287710087203
0.162400781087543 0.150165045381996 0.0939646096322554 0.273250653874382
-0.0592648509928095 0.231829100249645 -0.144805239711774 0.137419600649917
-0.182866645648777 0.0970100450775335 0.0846729368343831 -0.244186059710269
0.13341225759368 0.0704680613620391 -0.133019008640359 0.320832699408933
0.078647730718473 -0.0946462673164145 0.215950920504916 -0.0219491248130805
-0.0549887981946774 -0.0990574373329648 -0.0558301676924192 -0.303671984469055
-0.0786209392794553 0.0308470145318538 -0.385570597480629 -0.166615323225879
-0.00997175899160518 0.0555492655829151 -0.360697389151011 0.209378966489777
0.0144563756746267 0.0443892487073998 -0.127737063744648 0.315758329272871
0.0334297336732886 0.0261407216019633 0.0142392553051873 0.250434105326454
0.019941991149336 0.00906716191424807 0.111727922652758 0.169776909344723
0.00136164824187809 0.0100277958017654 0.18013661649326 0.141163052259234
-0.0197320817198975 0.0059129491136521 0.194024764255722 0.208970298324988
-0.0128238257593117 -0.00905930034500512 0.0512401141941616 0.329873920177861
0.00422137542983011 -0.0240225122340268 -0.216415988805701 0.343586532236235
0.0625316396909519 -0.0428690313191561 -0.383325638820109 0.228804842249586
0.108782210063819 0.0471243430675007 -0.468374115199069 0.13033072686901
0.0655326420084087 0.176227382914555 -0.401011849301292 0.34380992598707
0.0498698172152476 0.228306187247506 -0.157407412348923 0.272919447383558
0.105850568110341 0.0444549553536234 0.222693159684706 -0.0158771780498918
0.0447857897037539 -0.0379245209110749 -0.021295492328318 -0.347903687356855
0.00557368052985341 -0.00839281631321314 -0.392993817158271 -0.215497466403662
0.0289638259004695 -0.0277289994687184 -0.392698711472129 0.1850602339674
0.00354754761110255 -0.0402098464384962 -0.152313236286037 0.314094214223543
-0.00602103323595353 -0.0338514455051072 0.00790690795497811 0.248743322593091
-0.0215636116454778 -0.048468973188777 0.109814040662124 0.161345866616021
-0.0293422176131706 -0.0610602981831664 0.177579454031357 0.115595855107196
-0.020725404981244 -0.0967978438385122 0.219081371362518 0.165586942153441
0.0560679185300623 -0.0967388147907683 0.125814061154106 0.297820990634346
0.119982400487013 -0.022112867542227 -0.138565288062396 0.365698881308727
0.147792535528015 0.0748382040820196 -0.337943353548381 0.28312578662148
0.0903344076648698 0.224511292170548 -0.422317837739282 0.164058627502221
-0.040863027379429 0.34346163435011 -0.355971719799561 0.304935528680335
-0.0670624845737451 0.351784517346119 -0.139143798734688 0.181584761036908
0.0923577209649247 0.20626333881706 0.253246858712092 -0.0251292325361038
0.13903670768088 0.0712634064168134 0.0540368883308228 -0.406468092857721
0.1197313710091 -0.0274948448828465 -0.367315675091837 -0.298182773469853
0.0870054277564923 -0.111950276512821 -0.415058046097303 0.114678131404167
0.000425761625472784 -0.132546990829838 -0.187864453947486 0.276203629619398
-0.0437591623970303 -0.0974911635284236 -0.0152961027432624 0.223864251754688
-0.0607199457353286 -0.0980841126635761 0.0898899808439509 0.132568365155675
-0.0602591123051901 -0.115188101422551 0.159042641951532 0.0664859262172107
-0.0362714625573032 -0.178635941299179 0.234072094542349 0.088552966904172
0.0868367006088659 -0.187730245748901 0.217703117626769 0.218776358185984
0.204787292685386 -0.0709899466434788 -0.00837092549080998 0.366124040102132
0.256734041327031 0.123463088676331 -0.248642217620653 0.344932918549263
0.124994962468626 0.354408962240041 -0.365397485088055 0.2014917696604
-0.101878425055869 0.468998984926176 -0.28215250875437 0.228605101812798
-0.196252584000473 0.415288610304787 -0.0682468636251703 0.0535821322019533
0.0288782131867225 0.354158797204694 0.300524001545625 -0.0479612151085646
0.194532112804901 0.211735524204675 0.164808592418882 -0.448645409647341
0.237699874570691 -0.00848687464711657 -0.28127424411841 -0.395153927251148
0.156513148083196 -0.173438424426014 -0.39902005872841 -0.00248709813101229
0.00965294512565034 -0.212760882760349 -0.221701761183053 0.194852717413393
-0.0715873870924104 -0.154353877227205 -0.0543055374206871 0.172043812862198
-0.091200495806786 -0.131461457461767 0.0555748449924431 0.086457127114639
-0.0851603598327609 -0.146328626798348 0.12650636588507 0.00669709144055623
-0.0551897704286393 -0.22670703383891 0.226554147489593 -0.00321853267281169
0.0866322348583735 -0.256481362827345 0.28580026151549 0.106666537415301
0.243547145397707 -0.136949748169142 0.127788719619092 0.318409557400402
0.341484418254748 0.114437764427451 -0.136600506437668 0.371731849927602
0.169476227696779 0.416675229926042 -0.306911003625994 0.222836224226306
-0.122805888951914 0.525785153742061 -0.204187210663419 0.119912704527968
-0.29312469081917 0.39870983289389 0.046369466233532 -0.0894882394546217
-0.072511648002408 0.429718879495978 0.352467823877074 -0.0788781354538878
0.176565170334338 0.331450391730973 0.285998290992802 -0.442868976893166
0.307571517484058 0.0448578530657207 -0.138066764284368 -0.457148732459222
0.212928724077103 -0.188787554251851 -0.328077177556081 -0.140125943811227
0.027913291108345 -0.257633503336675 -0.238798670283385 0.0789687419587197
-0.0841430714392433 -0.188727135952313 -0.0994598050715932 0.0983832886951319
-0.108676451650688 -0.146310857335651 0.0128065929720428 0.0285499082783131
-0.100036659197301 -0.154136227284064 0.0824471419811284 -0.0552304591306602
-0.0658173776096495 -0.238611058126253 0.200672446782416 -0.0892022685768988
0.0758675359911278 -0.282180356634437 0.313488054019508 -0.00736982473237274
0.245610587453609 -0.172804773071837 0.227764046573968 0.239403557725764
0.362126639491311 0.0980057365170893 -0.0356144347527758 0.354133098776913
0.172041441687766 0.416761694561425 -0.253598303951423 0.21646397328023
-0.136805203586942 0.503153408307768 -0.130292215726923 -0.00168667185445993
-0.324371764236366 0.30953310882514 0.17885920663578 -0.21769631372416
-0.162839592343916 0.399719511742311 0.402421863110614 -0.107434983464769
0.099387590664622 0.365094335363785 0.378509268357073 -0.384628832670934
0.294907693051544 0.0977024813492554 0.0282315246103244 -0.453396484196351
0.224559512423862 -0.15788957234725 -0.216321055143388 -0.255493089902621
0.0432854375095872 -0.250795399379752 -0.233390643616841 -0.0469307237329328
-0.0797546519875138 -0.19129625080927 -0.141898662227066 0.0138158686234826
-0.108218794519137 -0.138398849663691 -0.0302921428358226 -0.0309912128987983
-0.101611504665579 -0.140960155959235 0.0375730500611584 -0.112996794709517
-0.0640921157053824 -0.221266294263098 0.16664434640626 -0.159833110459168
0.0703305059784697 -0.265658608016081 0.31406449890109 -0.0975176625156571
0.231498049662397 -0.162957112688115 0.285582531741609 0.164539726632962
0.323193011106427 0.104542353192792 0.0320076737544377 0.317092247477161
0.117724159031292 0.379542077893481 -0.208374519097331 0.191938984007274
-0.155952165290282 0.408336850127533 -0.0596465380000156 -0.112889396298202
-0.276776469344354 0.169773986182365 0.291501312750262 -0.310046680393102
-0.195564141073658 0.277985347713273 0.433893662334656 -0.123443842264873
0.0180830783251308 0.296640511713504 0.42532850797441 -0.30459719516999
0.214420547177306 0.107761268238937 0.157853929092503 -0.407003552471963
0.181489969705923 -0.105030533240678 -0.107073781883619 -0.326910827363414
0.0437012186997921 -0.197516421348234 -0.214105418990794 -0.151490005472775
-0.0629177417331538 -0.158305225626587 -0.17464828029567 -0.0629247629823449
-0.0901815620674091 -0.111376813906287 -0.067889513151468 -0.085797842315039
-0.090598327380959 -0.112453566327991 0.00041888717725715 -0.161945693671449
-0.0529987357081744 -0.181761436816332 0.140090706915934 -0.214395335871136
0.0664597705916426 -0.218971578666003 0.306862363988353 -0.157011921540407
0.207352041380933 -0.122378037859655 0.314824939534718 0.115672903360955
0.248676211132912 0.12701510826397 0.0712224926634992 0.281459456393991
0.0323471116618564 0.313557580718672 -0.168381800186543 0.160351427161768
-0.174024409755399 0.264679140002139 0.00952704466064032 -0.193583510367611
-0.171193896261317 0.00934690715244319 0.352187843620489 -0.355556995231035
-0.16152023343487 0.115514392978513 0.43807131051756 -0.128896723094394
-0.030950396843587 0.163662836990101 0.427699370327016 -0.244562698481998
0.103796952610497 0.0752110992648674 0.224456288741894 -0.364606424134669
0.100193440227041 -0.047110500484962 -0.0440038603186666 -0.358227091940617
0.0307209537834783 -0.113000694256976 -0.200542481613472 -0.215102406946211
-0.0367837118385989 -0.0986825021747475 -0.194469914902631 -0.115312902420873
-0.0589126216664082 -0.0681400088590737 -0.0940986973595022 -0.125397245086825
-0.0668935107690719 -0.0726399541821977 -0.023288501852821 -0.200158474243314
-0.0387916465095759 -0.123918749128713 0.127632486888901 -0.251558069410764
0.0570745133767405 -0.152730776941644 0.306704552463902 -0.188747543320252
0.169398559878387 -0.070895544740679 0.334789916897057 0.0965231355178134
0.155598443295969 0.141903153674412 0.0903479762022083 0.262626834796887
-0.0542761521330906 0.221180262704253 -0.137374654672867 0.134247945977933
-0.174987219495566 0.0936450540459778 0.0763043103478178 -0.234324338108563
0.122147970843008 0.0825689560319892 -0.176921719323097 0.307919263004161
0.0886370561304886 -0.081098959501354 0.223472386044347 0.0140831551085887
-0.03800220714083 -0.102368967705069 -0.00750694067270701 -0.307998271615329
-0.0778450333468279 0.0158580852084778 -0.355164620622308 -0.21374095743307
-0.0195700021021519 0.0495680840996803 -0.379443641727735 0.155366537727039
0.0096634378705271 0.0452114331040431 -0.169558260638046 0.292879000061577
0.0300064583990657 0.0304715912930177 -0.0190048454235665 0.250078792693923
0.0184893257511007 0.0114552154105045 0.0843570451746241 0.183595953308479
0.00157259709448101 0.008796196202923 0.15551134893859 0.166333080876209
-0.0174333995076169 0.00288403072230102 0.159276689526022 0.233226390631558
-0.00631543550380102 -0.0087537233062486 -0.000790902536293079 0.333073860703091
0.0129250972593585 -0.0191721606389142 -0.267500056255331 0.308681018685599
0.0651980455848051 -0.0226625478388567 -0.413241960157015 0.162735694193274
0.0955401235488472 0.06988293595616 -0.483608195454013 0.0497455571110111
0.038577133574081 0.187532916513757 -0.453426058748054 0.273195105635113
0.0214651835648344 0.226430374951286 -0.203395069705286 0.248050060404532
0.0954607057688817 0.0577898291022712 0.222081952026225 0.0195508664104257
0.0490850427639454 -0.0284715674839168 0.0266997894998944 -0.343748759790027
0.00942337285761901 -0.0084852610093317 -0.357594667807815 -0.259553013762615
0.0308365883904442 -0.0245898959586015 -0.408205523813179 0.13051913714759
0.0108388347308886 -0.038813425595959 -0.191122888945367 0.291052643428061
3.43946169891747E-05 -0.0337687783940975 -0.0233025763638342 0.247630012813792
-0.0127912207987909 -0.0510422050651059 0.0821450309579363 0.174589510005819
-0.0182701978059874 -0.0644637641466096 0.155280512586918 0.140531840987204
-0.00465687720446916 -0.0978061267823067 0.187028256941058 0.193863382037585
0.07224219016668 -0.0840303451968904 0.0766583494831815 0.310039819825008
0.12630684645589 0.000341765818051435 -0.195385720703782 0.340943126442282
0.131557664164572 0.103302110928343 -0.374871799678822 0.221964556897809
0.0506850942147605 0.237428089002625 -0.439470048932015 0.0886014124165835
-0.0919970890343768 0.334047423660232 -0.399261065958838 0.241912683932933
-0.108885796787032 0.332887621998858 -0.176996387518396 0.149279962836587
0.0591596161568752 0.213374701768268 0.246577615694731 0.0117384488226015
0.124988271833409 0.0906846377147898 0.100791389695931 -0.39155176837631
0.122664227077793 -0.0085959508811932 -0.325261383770861 -0.335459430460032
0.0995462553270936 -0.0968711249998791 -0.421000742731016 0.062827508175701
0.0208100618808878 -0.1286241695492 -0.218427231532891 0.251214212749485
-0.0273269432267914 -0.101959176299979 -0.0437792307258301 0.220836715455502
-0.043352174778636 -0.105084376335466 0.0665567339946349 0.142561794970819
-0.0401860866068573 -0.122117921455703 0.143072700663666 0.0900413125298396
-0.00826231248467588 -0.179384445244369 0.212465996076836 0.119816830683846
0.114791939268969 -0.168593696517088 0.17650481940754 0.244811642835602
0.216564533842984 -0.035989955367871 -0.0680733839729981 0.362175391892211
0.232816977698866 0.165513892796345 -0.298043709811931 0.295791568015824
0.0664765284400793 0.368934321233977 -0.385752768925205 0.134195774761506
-0.170387628566614 0.445805290449924 -0.311951669717061 0.177840561421958
-0.241593213155696 0.37953343994048 -0.091829747607602 0.02099249179982
-0.023299712633228 0.349424155635801 0.29078152923964 -0.0106826007385993
0.158653838016539 0.235438667465027 0.205980195031959 -0.418710802215775
0.233843089648549 0.0278811737524952 -0.234293767644615 -0.415849105001121
0.177002448903554 -0.144955232551129 -0.394143498572186 -0.0454231156727974
0.0402252664845482 -0.204804656537622 -0.239346806180241 0.169881672674628
-0.0470072388513805 -0.161180405355276 -0.0743078161928926 0.166608899969666
-0.0678103539665906 -0.142727031602637 0.040659729322479 0.0920157170312495
-0.0600454333443947 -0.155091517002497 0.118986033765105 0.0263795397699052
-0.0207451725473789 -0.229030289410906 0.216621871837441 0.0295713237322136
0.122967359900754 -0.23564877910079 0.258902020076508 0.144159624333741
0.263461978017658 -0.096438262935119 0.0729499771441877 0.336180953895855
0.31646478159711 0.167928485748421 -0.192889101779123 0.338740847023461
0.10271141950712 0.433393161025098 -0.328477469662676 0.164179987436907
-0.201670101069825 0.496400963892555 -0.215297619097027 0.0831017639189164
-0.335210953561864 0.352043262857921 0.0427565571226619 -0.11189663290517
-0.132492954820726 0.40887941429103 0.345602676420182 -0.040516924835801
0.125418804140682 0.350291828153883 0.318348873146379 -0.400330631629694
0.293131065689753 0.091288516407617 -0.0887262440077527 -0.458115221349962
0.234479813123602 -0.151142003557453 -0.310405930416427 -0.169636671728441
0.0630195523975379 -0.244985801763308 -0.240401547624052 0.0554713673215269
-0.054594445523093 -0.196925405010298 -0.109804900751519 0.0891955039921272
-0.0821816627153625 -0.158491818161878 0.0078358981453869 0.0293446835933498
-0.073281688956689 -0.163579671750407 0.0846991986850819 -0.041571711880076
-0.0296827383380891 -0.242692073611233 0.203455853679763 -0.0584478311817054
0.115852722221926 -0.263282100222142 0.302576161226086 0.0355532804730993
0.269719218852523 -0.132441687736029 0.183652607641636 0.272623919532486
0.339722869516471 0.151638021524885 -0.0919081211576044 0.338355340775995
0.105214187580661 0.434180453380694 -0.273985996788733 0.166951124755689
-0.212844193376039 0.470698189386796 -0.122239296036568 -0.0260507616282211
-0.355344559377939 0.260580965374949 0.1966575814829 -0.220393625869171
-0.215091135400209 0.367258312417327 0.399880269229154 -0.0650065235358891
0.043250335268623 0.372479906735494 0.40310886854974 -0.335368591188348
0.272907492932821 0.141063967054344 0.0701454849092257 -0.436133258109728
0.241488628740151 -0.118888758787986 -0.18714691348757 -0.268718389126314
0.0762689496650455 -0.236296137083149 -0.218949668406041 -0.0675269133911705
-0.0516502016833891 -0.199127308015185 -0.141109773084727 0.000683399973053982
-0.0832377031643626 -0.151756305304923 -0.0261152937083027 -0.0364585621007537
-0.0770798988397715 -0.151476877621838 0.0500257059597628 -0.104574980587982
-0.0308842898670167 -0.225942317904512 0.181686966985715 -0.132891906736953
0.106838416953641 -0.249229082086999 0.317142348403978 -0.0533553124524224
0.253565055242496 -0.126629240485036 0.252858696889731 0.207835509633615
0.301570619944845 0.151124100752586 -0.0182501440398483 0.313515696207721
0.0585938306399765 0.388290016554624 -0.225651190409127 0.150571572199543
-0.217071429299153 0.374919299892261 -0.0363298574006616 -0.124226475956175
-0.290674007185742 0.131392542711781 0.327222499242931 -0.289835841731559
-0.229767715910962 0.244465206514814 0.440421869679243 -0.075336112749732
-0.0259715111700672 0.294376004528106 0.44240587200092 -0.251706512707162
0.192449012275436 0.138587188184425 0.194473369344528 -0.376504872617942
0.192086906976009 -0.0744435017157148 -0.0701212876228641 -0.327369280612782
0.0686677346296105 -0.183722062379097 -0.187973940801019 -0.170297273499823
-0.0396547693329142 -0.164467102915789 -0.164698404816455 -0.0797061798247693
-0.0698405792458207 -0.122206069974454 -0.054189024617176 -0.0944965169429228
-0.0702762687359003 -0.121820229838429 0.0212610499233665 -0.158505196502673
-0.0257784251104191 -0.185203781311857 0.164478569823661 -0.189697367975375
0.0959344475749124 -0.204867028563039 0.32047795486996 -0.111747374646416
0.223363255991157 -0.0905175254450032 0.290359245490506 0.16267127650749
0.22611499768044 0.161827732372856 0.0258316878105266 0.284254015649103
-0.015074195389957 0.310572248964387 -0.181687197831856 0.128451290899307
-0.213778943058098 0.229622505469097 0.0435895008058026 -0.192021408028483
-0.167376816352739 -0.0113048709235738 0.397135754113836 -0.315425098905514
-0.172350518973222 0.0911761428443271 0.450324169482309 -0.0765406501290541
-0.0545669146144182 0.156903624602944 0.447882047110424 -0.189693597836912
0.0905607952936183 0.0897547070532929 0.26045724296054 -0.328228803007904
0.105253919225632 -0.0307841625901569 -0.00189227194798195 -0.352959178208992
0.0444727580519891 -0.103699614417337 -0.167650689421503 -0.23438061057656
-0.0235759205337452 -0.101702652489866 -0.178576242662203 -0.135443422440191
-0.0466596648230877 -0.0755285360237707 -0.0737087209674715 -0.137471308431408
-0.0543878919921998 -0.079318165413438 0.00456366326847553 -0.198775992852174
-0.0204998412358928 -0.126854702133059 0.158613190190045 -0.22869721109763
0.0769614411033533 -0.143344983662737 0.326055262505411 -0.142053387277391
0.177752683769999 -0.0475172108865132 0.313127095742136 0.146594101026461
0.133893367072089 0.161942089641538 0.0481722599154573 0.270746280521677
-0.0848284663095765 0.20703779684883 -0.148756098197471 0.111177506837848
-0.187882169623571 0.0619735625602025 0.113103858133836 -0.219591498927809
0.125085736568012 0.0819453886442995 -0.172904389753841 0.319343574819084
0.0885129770571719 -0.0834705619184616 0.233805418891709 0.0127148781433252
-0.0403268733068215 -0.103448096564498 -0.00853063968462322 -0.314280890896353
-0.0785532985165885 0.0165382986203077 -0.367327160690186 -0.215663345707161
-0.0189770800783691 0.0496351388359786 -0.385578233746251 0.161640736996507
0.011489026363426 0.0471445006622072 -0.168239357937542 0.301195780725964
0.030570640205683 0.0295083896992241 -0.0158820353057486 0.257798240838834
0.0189399012744006 0.0100774613264708 0.0883407882571384 0.187601102901913
0.00103110602711868 0.00845341931927561 0.161528478349025 0.169266996498057
-0.0182720314265996 0.00275045472715372 0.164569909208418 0.235971231571673
-0.00599571182806606 -0.00930497430289226 0.00227620419520654 0.340756480517703
0.0131895775557165 -0.0196922625224655 -0.270919722706815 0.318362043733492
0.0649642406284443 -0.0222834060777836 -0.420444556978002 0.166276450725138
0.0952755730667905 0.0711478841623818 -0.494630021757329 0.0518686326230045
0.0410417346007348 0.190513786202116 -0.460014012767332 0.281143740173158
0.0249674072999828 0.228393235832254 -0.199494251694528 0.259372066322469
0.0968630543141512 0.0572205461382441 0.232045258091163 0.0210142375575943
0.0496341439620406 -0.029627136475809 0.0263188300644501 -0.351714843824515
0.0104576926005882 -0.00879810383976029 -0.367591704598022 -0.262061756393421
0.0310055144432941 -0.027558500606234 -0.414415614888608 0.135581680216527
0.0106005103345932 -0.0391128423432367 -0.190424203283758 0.298357250272045
-0.000657196683192689 -0.0354080184928184 -0.0218060145963592 0.254574354450532
-0.0134684481698999 -0.0528907802168631 0.0856329975460102 0.178606125368784
-0.020137387629172 -0.0659670614970545 0.1591459776519 0.142549705087191
-0.00700848530527188 -0.100407340866063 0.192523297351777 0.194528264037425
0.0731319960924435 -0.0869152394915259 0.0802497309989118 0.315040379295954
0.130209215467146 -0.0017878123399751 -0.196159515268703 0.35254412458419
0.133943827810856 0.105249202538631 -0.382356731905051 0.229007493432493
0.0517763547405821 0.242390792228448 -0.449652506743219 0.0927935150294077
-0.0908391280705378 0.342326187545143 -0.404298953733231 0.250402320742678
-0.106491801535055 0.338559154212732 -0.175483056176891 0.158406736080444
0.0619061914246324 0.215672525400983 0.256661289030766 0.0148523442960429
0.127854098526394 0.0913131475363911 0.100558794647422 -0.400603979590805
0.125453766469224 -0.010342664219724 -0.335096419062957 -0.340421963234227
0.0997983786089663 -0.102059462546119 -0.428956479203211 0.0684312870660571
0.0183281005788246 -0.1308603753895 -0.218840186834428 0.25904842795734
-0.029489564483828 -0.104325110987259 -0.0418917439643233 0.226187286881287
-0.0451848245098989 -0.107319513552127 0.0687904639585621 0.145071262493354
-0.04343046650189 -0.123924999347982 0.145426993595395 0.0911050611876414
-0.0130233404847621 -0.183474733136293 0.215683830404466 0.118679630446398
0.114467104445213 -0.174154669195218 0.180608868902086 0.245019152430291
0.221192845941821 -0.0400216804141846 -0.0655353487621944 0.373534157055548
0.237044694713146 0.166478820682281 -0.303185386274987 0.306666678650822
0.0694751004215862 0.375881775038824 -0.393181563880305 0.140489562710303
-0.168847574288869 0.458095738349064 -0.314917785671372 0.184534713895245
-0.240052878901616 0.38649835376891 -0.0912995164754333 0.0272677083875158
-0.0213398272978863 0.354942622618561 0.300743319246323 -0.00703313778807931
0.162502409362 0.239254931085109 0.208225090697839 -0.429921534927178
0.238882573483606 0.0261302793796834 -0.243539669597487 -0.423805957587532
0.177627154572017 -0.151445052328914 -0.40388244540416 -0.0424281151818555
0.0360628929807452 -0.208718654485773 -0.241573145570371 0.176955734403656
-0.0505802239168991 -0.163478231377675 -0.0744558278625824 0.169852653000637
-0.0702882874531911 -0.144819952995482 0.0416020176997884 0.0940610264115579
-0.0629069380757281 -0.157713750592505 0.119362754312646 0.0263373458272074
-0.0256087749053651 -0.233987991620116 0.220248392026839 0.0264320538875638
0.120928780067391 -0.242155583873989 0.263401796373396 0.14050623416002
0.267721349653995 -0.102373525067724 0.0776787235394234 0.344259787243256
0.322885150254384 0.166595916681939 -0.194466604322442 0.352017121635596
0.10746982003972 0.441031960309851 -0.334150860349277 0.171583712385999
-0.20225994636496 0.510894500090581 -0.217309320620406 0.0865109943555799
-0.336502063815116 0.359300599723192 0.0439211353078832 -0.109497484870976
-0.129372426300386 0.417908988372514 0.353932516465066 -0.0372210449743044
0.128374535249318 0.356886353056043 0.323699902375388 -0.41080181597257
0.30062699890501 0.0898211837415699 -0.094477573986873 -0.468309724758599
0.236338549013757 -0.157917899648169 -0.319492824566839 -0.170058231630203
0.0575539982413064 -0.249754769046807 -0.24417033275229 0.0596716458691537
-0.0592647205252596 -0.200535555879836 -0.110787229580214 0.0912939600271357
-0.0838247843068541 -0.161050214993344 0.00723542496718639 0.029963425882738
-0.0767010972372837 -0.165464811771152 0.0839265321712744 -0.0416627984586286
-0.0353428073005481 -0.248088651028987 0.205191015115302 -0.063055246671065
0.112571714294688 -0.270941283530584 0.306891041779878 0.02834718654182
0.273083522673042 -0.139422706008319 0.190624753788285 0.278905447589286
0.345506584399188 0.151901835289747 -0.0910945836697547 0.351708807390112
0.111826265422148 0.441897613439449 -0.277504648316341 0.175060956344666
-0.2130312200793 0.484120209763344 -0.124355146461127 -0.0250107224582781
-0.358067261087196 0.266876793360261 0.198916387658501 -0.22242764991578
-0.215920884217047 0.375449598481054 0.408174515105173 -0.06359072816396
0.0479099550584561 0.380706699920112 0.409448110182678 -0.344119028813562
0.280680885876184 0.140439969991054 0.0689231029967924 -0.446999296349198
0.244923461439045 -0.125470052582916 -0.193846504151784 -0.272209860042441
0.0709058049563223 -0.24119866086355 -0.224250371141334 -0.0656216371870794
-0.0562397057496633 -0.202379324245249 -0.144750846993502 0.0014013648962999
-0.0843307159750614 -0.153073523208942 -0.0275292304829621 -0.0374065770407585
-0.0793549237082552 -0.15233144467827 0.0476896234370975 -0.105458214176374
-0.035132020506374 -0.230335284896206 0.181989103883071 -0.138299632045344
0.10423135497557 -0.25602342933768 0.320771482912705 -0.0622741359501106
0.256278971319057 -0.132794768738073 0.259848374699832 0.211200822113506
0.306559673203773 0.152103176444082 -0.0160516227666131 0.325159115817637
0.0633609635818711 0.39454800196521 -0.228107690445977 0.159022243335464
-0.217545749231488 0.386208384096437 -0.0381805145413761 -0.126272660704451
-0.293831392248328 0.135544583877511 0.32990221989222 -0.295109352698961
-0.229730569151627 0.251112998219457 0.448381529492527 -0.0746885753977999
-0.0240626608248367 0.301404379592834 0.451145131856904 -0.259925269701001
0.19824355365568 0.13901273627056 0.196811789364586 -0.387060100166067
0.194717786298886 -0.0792761191514959 -0.076111220705544 -0.33314679729598
0.0640951177790498 -0.187232803269655 -0.195019764118879 -0.170356383790047
-0.0444274843023938 -0.166955303299333 -0.16915792516225 -0.0788777489433136
-0.0706242259895611 -0.12371179255066 -0.0574512713488461 -0.0964130805004996
-0.0714416371829578 -0.12238645994827 0.0182534167649713 -0.161097895566037
-0.0295438755946385 -0.188625744747944 0.164170404283857 -0.197273419381086
0.0938626008964153 -0.210668747448819 0.323686198671315 -0.121312268034383
0.226270675197171 -0.0962292981099322 0.297849877079784 0.163667828147718
0.230539370566769 0.163644725607091 0.0285429374149507 0.294564357071642
-0.0124201643853937 0.316656524282305 -0.182445991170071 0.135060879068606
-0.215788947198222 0.237643167724029 0.0414257324307787 -0.196304044289866
-0.168635688235114 -0.010358604059891 0.402945040596904 -0.32307433486275
-0.171796259425824 0.0938538720999487 0.459026644582255 -0.0776381618454794
-0.0543162768166131 0.160555966836368 0.454821330242636 -0.194914879774466
0.0938238911995544 0.0900064383105816 0.264090960942949 -0.338084434593459
0.106698052065276 -0.0330667503622568 -0.00597932472827196 -0.360633855659752
0.0413665801384791 -0.105378850998605 -0.175916533513295 -0.236220672954348
-0.0264084977100039 -0.102869781016087 -0.184325677520215 -0.134881625348345
-0.0465124304619927 -0.0760220596485996 -0.0779196710355646 -0.140866517719632
-0.0550877765517714 -0.0783114567238224 0.00142186905879044 -0.20245465263768
-0.0229815078609056 -0.128585955592757 0.158602949917835 -0.236421652180609
0.0751761770392002 -0.147080967896647 0.330131916770309 -0.151008949566832
0.180663729015216 -0.0510513037231408 0.321367078301461 0.14712623263608
0.137265787239012 0.165331151281853 0.0505809103462481 0.27914569411283
-0.0837963480364129 0.211132898577101 -0.150285612437062 0.115140834091282
-0.191855014770434 0.0655492584962265 0.110898480948926 -0.22618414782231
0.131813091751583 0.0768176503521704 -0.156893443127907 0.336441189397029
0.0860817602250181 -0.0900479280185587 0.245410870369966 0.00170060030535714
-0.0455441314758569 -0.10394275832843 -0.0202063118331558 -0.322046119474961
-0.0793670361817567 0.0203834821119898 -0.389709053714247 -0.203527830501697
-0.0173547110118961 0.0507022834798883 -0.388936869000047 0.184835058200111
0.0155920765107796 0.0478382430456769 -0.156201813740652 0.317143177467626
0.0324925805101345 0.02794985523159 -0.00299201006539336 0.267387039837206
0.0194865748395189 0.00835214598842335 0.100150505599413 0.190297695922828
0.00112513871886388 0.00870773259641985 0.174583694309174 0.165830789236275
-0.0193061409088683 0.00359500210359249 0.179700591331639 0.233453504012072
-0.00552896966288259 -0.00946722945849343 0.0180769912095224 0.351647528157096
0.0132651937467993 -0.021384985225375 -0.262856300531642 0.341662983501192
0.0648000678807933 -0.0249046259621529 -0.425034711916064 0.188036936141559
0.0992371325831928 0.0692175746755887 -0.508300279157379 0.0744415138232084
0.0506401216413327 0.193131047693462 -0.459450530019429 0.30951555288691
0.03620849435216 0.231459948967833 -0.187307773003422 0.278432144372464
0.101102575195312 0.0534938124610329 0.245266142687734 0.0120555338039068
0.048810340268307 -0.0325190029656407 0.0126206079307629 -0.363622782300516
0.0105342917112776 -0.0100862354723026 -0.393321375228333 -0.251749236730843
0.0298233283830433 -0.0313953700393464 -0.419617848226374 0.159757545847083
0.00945250331078272 -0.0402840281787038 -0.179309124076066 0.315990810419993
-0.0026706026552398 -0.0368436229341958 -0.010435186118053 0.263371691518634
-0.0172866481580269 -0.0547561585089272 0.0964754263130735 0.180022035514556
-0.0249718216615829 -0.0675351864274763 0.170799864913967 0.139878412425853
-0.0134757738179251 -0.102671382595539 0.205623765440024 0.189673647713056
0.0711912883044083 -0.093452809972006 0.0966032419121095 0.319459729203955
0.133421736168074 -0.00869907787357035 -0.184712216868549 0.373186419523837
0.140796569275751 0.103530062132035 -0.382241705329185 0.252698372945707
0.0619883357362415 0.246835899066403 -0.458873549154829 0.113786033004417
-0.0771539372121741 0.355429553231689 -0.402103935529878 0.274498799959054
-0.0924355208749657 0.350425941388502 -0.168395924405591 0.175112865969767
0.0730988754160296 0.217322861180238 0.270357813089282 0.00652956005358451
0.134503846845972 0.0878235739513252 0.0872760988386195 -0.417292021346225
0.12854876977136 -0.016676511838601 -0.360682769213563 -0.335850566328531
0.0961741486443912 -0.111156847634771 -0.438073433988876 0.0901222810894882
0.0116125531903208 -0.134108354337127 -0.211362040568295 0.276238364240179
-0.0362092997729341 -0.10517956158852 -0.0326371567472629 0.233989553390923
-0.0512948841806604 -0.108820436970706 0.0775455457716608 0.146961625601399
-0.0506479766816815 -0.125208809758784 0.153518886809568 0.0881547098017441
-0.0245127783521415 -0.187611550702105 0.225871343481242 0.110800011913831
0.107847867442667 -0.184967739642162 0.195206117641722 0.241389562828909
0.225052799797422 -0.0529840917769561 -0.0497389170644477 0.38824331201684
0.249388913508124 0.161483096848876 -0.29686025402775 0.330345641494239
0.0863832189734181 0.381632028511251 -0.399212138074418 0.162886955373876
-0.152207042294798 0.480710818089865 -0.312648772680707 0.203591277025678
-0.229379890815726 0.403956537496561 -0.088919565908606 0.0373624631067757
-0.00517695675506556 0.362743995149714 0.313224584589784 -0.0145274010390587
0.177373968029877 0.238619916742024 0.19600640236446 -0.451917585814581
0.246297707127381 0.01407395241064 -0.269923246703507 -0.424776683115893
0.173101653993105 -0.165943201748687 -0.415985442959204 -0.0254314099672632
0.0249302861085668 -0.214723715608049 -0.239072172943721 0.193629432603587
-0.0608742317675859 -0.165279970700658 -0.0670381274576511 0.177513605852972
-0.078183828173183 -0.145933547089662 0.0464952059388811 0.095187351214706
-0.0729749206780848 -0.158430584889559 0.122791752863775 0.0231102928017685
-0.0407632868687751 -0.239120961233501 0.225981165100965 0.0153825823010259
0.110736495773554 -0.254874926687051 0.273805362033776 0.127255558100525
0.268778013831119 -0.118760751237678 0.096440401010144 0.353011299751817
0.336708705147971 0.157706807794998 -0.1827622803101 0.373381412379644
0.130093844685598 0.447210299294456 -0.334929021236604 0.19307440553573
-0.181559475469627 0.536787992573514 -0.217438390994574 0.0984735871610668
-0.325967843214845 0.380907331174002 0.0415897476099205 -0.109630442942919
-0.112986983301417 0.433131614200003 0.366190862316858 -0.0470107852821454
0.148054562201655 0.360464746621994 0.31471884947062 -0.436216714661654
0.31365063922754 0.076312180018315 -0.117345045582632 -0.476433233134232
0.23347420393857 -0.175352468888367 -0.336929485356383 -0.159239641893515
0.0437824918696278 -0.257466050664828 -0.247811770353574 0.0740466066343082
-0.0718239303291301 -0.201359641829891 -0.109218331973392 0.0984970502612836
-0.0927491345009688 -0.1615145606619 0.00795098563377558 0.0304039254694713
-0.0860997709607688 -0.166034384769276 0.082594279554675 -0.0452084814533276
-0.0516124306124441 -0.25346175341408 0.205821842436645 -0.0760725138964256
0.0999914266440915 -0.283940631681398 0.312864406808137 0.0104597673263121
0.272192028413007 -0.157348912324535 0.209647132722346 0.278947486116938
0.360458440598841 0.140094444552338 -0.0759421318169022 0.369829166020414
0.134954901682823 0.446266202819231 -0.276199601161598 0.194178190146977
-0.194416822150993 0.508454693170498 -0.126733696259473 -0.0199544485652898
-0.353691086334058 0.288125306539348 0.194770317855105 -0.232884750212834
-0.201120072015076 0.392659304645918 0.418444319614658 -0.0757992066858804
0.0657422407349892 0.389124979060217 0.404732836789777 -0.370826877556293
0.294822850865901 0.129376124375509 0.0517448358169559 -0.463426925356817
0.243761676233761 -0.142408986315958 -0.213164450414852 -0.270452403949172
0.0574483222789857 -0.248769911581177 -0.233437024017138 -0.0549929147949686
-0.0696246646793261 -0.203345381571795 -0.148760414696167 0.00937628627836214
-0.0919153542504995 -0.153344950076669 -0.030900717505963 -0.0368936940562799
-0.0874946969393242 -0.151520058221132 0.0423463029513325 -0.108993416102066
-0.0499339894845644 -0.234947152168595 0.179133739480348 -0.152284211379109
0.0926590938769641 -0.268705056460552 0.322486743279664 -0.0834047496310269
0.255345703095175 -0.149303451270186 0.278366036105061 0.205492484088123
0.320927587051672 0.142334014552924 -0.00116324657014459 0.338477046099187
0.0839451868544873 0.401181489285934 -0.224770463280657 0.175134871889713
-0.204940644504878 0.408049984932006 -0.0440576910202913 -0.128226895081233
-0.293576242377473 0.150954995724189 0.325752845178313 -0.313638933810317
-0.222154561773321 0.266968292593963 0.457342511981906 -0.0913728471686758
-0.0109763032378474 0.311976340093835 0.452797465917578 -0.284527115733644
0.210729272672618 0.13193375656751 0.185437959318915 -0.405818045399354
0.195195702440264 -0.0918663388086384 -0.0938746972752073 -0.338545385872033
0.0536918010895947 -0.193469218857402 -0.208875703549564 -0.16397627310085
-0.0551304139750738 -0.167900148974408 -0.178316153331744 -0.0720604613011342
-0.0762776124652307 -0.123493561021324 -0.0643149875270118 -0.0972107663022937
-0.0773679766751333 -0.120615642609179 0.0104191629402356 -0.164790178617604
-0.0406072859283104 -0.19175196718957 0.157797706365577 -0.211255064999389
0.084228661695967 -0.221320575927493 0.323168911416176 -0.143271359748791
0.225876528089642 -0.110461602277728 0.31533683478566 0.15557326296451
0.242696863709055 0.157817218102312 0.0433695351334737 0.305414235970792
0.00316356796052635 0.324898450112597 -0.180315520723268 0.147690097151428
-0.210340199941677 0.255143555515176 0.0323239991492892 -0.20341880662969
-0.171545199119524 -0.00399323288758996 0.398813369853579 -0.348416297648583
-0.169216314692539 0.103111578428667 0.465663504235018 -0.0960758855770984
-0.0477254273409169 0.167797508620553 0.460045983082469 -0.220727960577691
0.100591311040142 0.0868455656051767 0.258071744719723 -0.3592904005917
0.107487702985565 -0.0403087321923221 -0.023248583951851 -0.370148999498809
0.0341482946158694 -0.108255293788877 -0.193245706721043 -0.231469261042068
-0.0337694298840449 -0.103715391050404 -0.197066358245377 -0.12885200589524
-0.0493692995485765 -0.0756322783308669 -0.0879274043471518 -0.141222390945547
-0.0579891839136274 -0.0763950683217195 -0.0094391990648319 -0.206979007005034
-0.0301684454663137 -0.129859823664237 0.14955170168925 -0.251898067710831
0.0682501699331428 -0.154825784698565 0.329538687488379 -0.172920912643904
0.180883452561566 -0.0622319408372763 0.338211841544283 0.136267026749765
0.148285559786683 0.163769243050208 0.0646095553372533 0.28703559847863
-0.0753524928868418 0.21981238571409 -0.148111774774145 0.124930527811776
-0.193405492140226 0.0772565172836615 0.100392690504724 -0.237136920544223
0.136384906393663 0.0664949453900538 -0.125784081280838 0.347413786568844
0.0783684794663916 -0.0960690260294807 0.250392560930822 -0.0162235552383091
-0.0525623361907035 -0.101105808175164 -0.0402044201711501 -0.321747900672977
-0.0774563875666014 0.0261117770798849 -0.405034759955278 -0.175730183922997
-0.013759145151284 0.0507140948459414 -0.377412431317107 0.213077271417016
0.0204278933394829 0.0460866698684481 -0.132187137229389 0.32666883790883
0.0350562120179267 0.0250127233792156 0.016804730231183 0.268654051816956
0.0194127552330932 0.0050909265439185 0.114872276468695 0.184295685059105
0.000503124957195316 0.00823510185872479 0.188368566209497 0.15265057078721
-0.0190779508122152 0.00511443153418407 0.196557649390172 0.219738143939109
-0.00550039917992584 -0.0101261921931914 0.0420125605680593 0.350863368169284
0.0120902110694672 -0.0221629799545387 -0.239355000757252 0.360035561825752
0.0620369214248393 -0.027592884232309 -0.411662999516339 0.213663607938675
0.1014234992636 0.0637529708095654 -0.504702481396709 0.106110506401424
0.063355587776798 0.188539830757278 -0.434541327405684 0.338487484191753
0.0524443643572775 0.226638828761897 -0.160551330261049 0.292686241720918
0.103875518413144 0.04554346055289 0.251789295212462 -0.00502682569793195
0.0457560090663409 -0.0356004279198772 -0.00986129580401025 -0.364244461737457
0.00984668413954877 -0.0108447946001015 -0.410288347244087 -0.225734078762347
0.0261613098473396 -0.0342048867432897 -0.408003912529862 0.190405790558958
0.00660026337295859 -0.0401735728843174 -0.155114347366507 0.327237186980261
-0.00538232650637969 -0.0369243851942837 0.00937841934740253 0.263967294600491
-0.021705140055202 -0.054508709575072 0.109875630494374 0.174011048348105
-0.0311308244059633 -0.066399027861835 0.181451669165356 0.128161745999147
-0.0223659671276135 -0.101507797739409 0.219113910524163 0.174066991608145
0.0640627460475475 -0.0994610194202317 0.117449382173505 0.312165341472086
0.132752029201145 -0.0186512613982743 -0.157742960444644 0.387034729350984
0.14659519429655 0.0956816738888354 -0.364802924716092 0.278979917956445
0.076946099494826 0.242960799911182 -0.451919399044673 0.145795501157591
-0.0522304448574843 0.360148626004541 -0.381065292897145 0.301355632400222
-0.0668069369796899 0.352134694925522 -0.149676115295468 0.189958970535862
0.0869969592591641 0.210099144293331 0.276719759059707 -0.00940706147914462
0.138899415621423 0.0784215090746769 0.0599408337116581 -0.422605816187231
0.126837495455394 -0.0266084481306983 -0.383712242971037 -0.309944035467616
0.0859473539916572 -0.118766257364194 -0.43098254019521 0.120878314045697
0.000667104581197322 -0.133774041220308 -0.188717015960557 0.290944915421639
-0.0438200069164834 -0.102049583336158 -0.0156133488188201 0.235558076900603
-0.0591578358770911 -0.105980349864264 0.0883682484055007 0.142169584862934
-0.0614308402553406 -0.121708554245565 0.159351664316377 0.0783511986562853
-0.04071288950446 -0.185152014759627 0.232521359669749 0.0936178236191299
0.0934379997736236 -0.193829497607955 0.210242909046883 0.225727667458483
0.219631520614283 -0.0697418426898816 -0.0210030317193641 0.393388646728688
0.258955154996584 0.145094910617126 -0.272802599555238 0.352292730960364
0.111828592842478 0.375503954103866 -0.387249764879568 0.189723309597036
-0.118167123052183 0.490150809772934 -0.295336624783556 0.225182771643859
-0.199495103300735 0.416179428616092 -0.0819362471444313 0.0483665170977934
0.0207233958633069 0.360594871000205 0.317931289272525 -0.0322483589242924
0.192429633286198 0.225706062672853 0.167061093922919 -0.464130025432065
0.246349488328437 -0.00402542848302861 -0.298717758789217 -0.4061980792154
0.158175149813827 -0.179297815733814 -0.417002135277447 0.00457676344489591
0.00725998594545176 -0.214064344726692 -0.223513694196861 0.209640332690073
-0.0727995233933738 -0.158956153518739 -0.0551140210549011 0.181654090471025
-0.088802411698993 -0.140958335354686 0.0528067852821848 0.0922826810231555
-0.0844856285872784 -0.153198700383247 0.123127566116018 0.0159059291072108
-0.0615288386932437 -0.235059943313054 0.224735538079456 -0.00141967614282525
0.0892923206802552 -0.263786722259751 0.279338925571831 0.105916346119018
0.258432955474133 -0.139311545193588 0.122460905688877 0.346894310312121
0.345360147115471 0.13574458785858 -0.154691824219279 0.38838866523071
0.159855949548525 0.437030265136089 -0.319883122674083 0.216211518807626
-0.142103470888919 0.549350800561198 -0.207326651544457 0.113943207767887
-0.299866195411729 0.400486523390946 0.036266797593295 -0.107443438028635
-0.0824817602970973 0.436662600803638 0.36680074483737 -0.0669742946768585
0.173462125537125 0.349884705810751 0.284587131981244 -0.45607903681117
0.317520942734773 0.0531773258634538 -0.149108983404064 -0.468729766202721
0.217697648684219 -0.194321755819677 -0.345921384945031 -0.134221729177265
0.0224484092017152 -0.258233042342103 -0.240664476954052 0.0920773955908401
-0.0875470390165569 -0.194280171300034 -0.101970315535079 0.105490310584383
-0.102593634365434 -0.156029352969877 0.00940177145169694 0.0303163855911904
-0.0967007580265375 -0.159244815152368 0.0778244954370789 -0.0490489444221427
-0.07201480109771 -0.248639028553373 0.19764579281084 -0.0916143766959861
0.0772196472147285 -0.291763135593979 0.308628443769183 -0.0142384872587429
0.258165423492242 -0.177236395745619 0.229758516818189 0.265821552946711
0.367913159630841 0.115638102475554 -0.0477136571429367 0.377727291695508
0.165546035250878 0.435213148662845 -0.260399850341997 0.213789217272305
-0.157078467193485 0.523120243859421 -0.125764106587216 -0.0123487087673971
-0.331317931884211 0.309594929488935 0.178437712317547 -0.241429371948552
-0.173244016596526 0.404078307024192 0.416698586764068 -0.0993296597327622
0.0938992991268668 0.38662894143193 0.379106595748516 -0.397897576509471
0.303429236975095 0.105787796897066 0.0200578646855246 -0.466388836423106
0.231617872412228 -0.161864158991522 -0.230791422747031 -0.254830479495374
0.0366897483828061 -0.250478768453045 -0.236815424593655 -0.0373364098841681
-0.0849576583076036 -0.196151288327953 -0.147419909760124 0.0204357069633917
-0.101043823718495 -0.14812744664252 -0.0342194372196373 -0.0341544042475201
-0.0964912077463602 -0.144859502829071 0.0339098620361653 -0.109905938577846
-0.0696853158302806 -0.230857397686146 0.165970340454148 -0.165270308358787
0.0696518753709227 -0.275216096898688 0.311939713491012 -0.10817350592687
0.241751462800853 -0.168683896521929 0.292934578518464 0.186625054775886
0.328886019495304 0.121184144185886 0.0247708558402814 0.341957612021185
0.113532644727199 0.393282334100495 -0.21032547183403 0.19082429063155
-0.173148217675937 0.422605909323733 -0.0526546120146823 -0.12536784456739
-0.281394504543655 0.168182278819017 0.302804166909251 -0.332110527641932
-0.201157417169857 0.280368793295521 0.451857825364479 -0.118079834933489
0.0119224998794587 0.312272418792898 0.432142938413517 -0.314979392779617
0.219694098295338 0.115401486116796 0.159702952908996 -0.418647765932282
0.18706252538166 -0.107760496122003 -0.116592129538752 -0.330561612215714
0.0369163597795989 -0.194664589915519 -0.220848683496054 -0.147130155447015
-0.0682599614451759 -0.161669646895536 -0.183756422770743 -0.0583145036142902
-0.0835215129849354 -0.11914114103012 -0.0728057324069007 -0.0917350927850736
-0.0835639418617513 -0.114215284701047 -0.00265523215735457 -0.163446002638461
-0.0564419417005317 -0.187872946823889 0.140468021644623 -0.222667083786808
0.0657936566591624 -0.227017224598622 0.309360725518488 -0.168239225233574
0.215702870493571 -0.127433154878632 0.326219114730792 0.133228681699815
0.253775264878239 0.142027571190453 0.0665163809981359 0.30497894818269
0.0264628209895106 0.322836301455 -0.167662891811214 0.160066858885668
-0.18899702357889 0.271136602967499 0.0174117223019424 -0.205842133389759
-0.169508418614207 0.00613287673851904 0.374369756559552 -0.3721300526268
-0.159543951556274 0.113026484648867 0.459258859271551 -0.124060207356676
-0.0350602652524009 0.171733417189031 0.442837317615538 -0.250121210579893
0.106276190374522 0.0783790116653436 0.233873174457574 -0.37732434819913
0.10289924854394 -0.049824358805529 -0.0489024203046748 -0.367212819829842
0.0244010006043805 -0.107828071864584 -0.210513672089527 -0.216108357876528
-0.0419947515763863 -0.0990944178122855 -0.207038069515201 -0.112463386974907
-0.053086044303203 -0.07295624441872 -0.099576528257651 -0.135049299356702
-0.0604874290089705 -0.0713239492756889 -0.0252992914754944 -0.204384104450635
-0.0400316605186391 -0.126575114739008 0.129271886581975 -0.262795221246919
0.0552974569148021 -0.159218243798742 0.313775686471548 -0.198477522814873
0.174508866180105 -0.0757641890598552 0.347536149689491 0.11130571621948
0.160193144531698 0.152729838144601 0.0856625816926057 0.285556555763907
-0.0587235460158384 0.224126084388286 -0.138790200144591 0.134566362700997
-0.187055758370149 0.0913876075795138 0.0812739968018825 -0.243101118618909
0.134174584974523 0.0535645037066559 -0.0944835466171793 0.34130022019582
0.0680118659689745 -0.0974676509032036 0.244021183024727 -0.033560328342269
-0.0570703085201431 -0.0934341700207181 -0.0556289805079189 -0.308349300088774
-0.0726104534529634 0.029787519577416 -0.401230876729149 -0.142386952397898
-0.0101370358969278 0.0489163023661136 -0.349723664112914 0.230826036734632
0.0238080482768852 0.0419552878506548 -0.105934346974165 0.3212525113733
0.0359445182790748 0.0207384915180299 0.0342696281959363 0.258239544540812
0.0176758361482011 0.00250562953694074 0.123521201040286 0.171129978377427
0.000489447365223282 0.00640675510542801 0.191538060022987 0.135082584160765
-0.0183976842433385 0.0055080993673563 0.203058579289904 0.198596898874734
-0.0056050466145872 -0.0103954608908819 0.0623926838726516 0.336833450157464
0.0101599283131589 -0.0216354944927681 -0.207740917195174 0.361923416190294
0.057644611029869 -0.0287501458476924 -0.384467832402474 0.228210262020054
0.0998894102052662 0.0565277685061911 -0.480432121600738 0.131137328423699
0.0725441212111928 0.176826590750033 -0.398881883457972 0.347569381202852
0.0633495185120097 0.211518896369296 -0.131121394972099 0.291698484226579
0.101057730841572 0.0366111355948694 0.246848047247572 -0.0199380213398672
0.0409461691162306 -0.0372228801562543 -0.0298234336098221 -0.35051066656635
0.00839140030065748 -0.0111158424433148 -0.41062421147774 -0.189346135621754
0.0215785292905282 -0.0354169984547422 -0.380798158928963 0.209527887533283
0.00416328419377369 -0.0397970519186856 -0.127259612491224 0.323198627153397
-0.00676527015706141 -0.0354385095942788 0.0259045369767479 0.254894255088476
-0.0253537704646628 -0.0520406926957579 0.11744948647806 0.161549349060501
-0.0348901042432776 -0.0615788586789417 0.183474616263082 0.111489571931941
-0.0294596960543451 -0.0957994870392733 0.220799776630242 0.153004541836167
0.0547306877874176 -0.100814276004203 0.131080438571101 0.293609649825095
0.125891185314155 -0.0269709355189295 -0.128255407611154 0.384219439881104
0.14672651436252 0.0848229981497735 -0.333967761790583 0.287913222517266
0.0868206755592215 0.230262846827499 -0.425812296297313 0.164747581051424
-0.0285328133212676 0.349427547260117 -0.345036766587963 0.309887632698063
-0.0434834940390574 0.340664717592851 -0.126780518888705 0.194203731061721
0.0952265073696561 0.194605849164374 0.271607462452365 -0.0245506291175871
0.137419220361856 0.0672460286010074 0.0340747516675822 -0.411033999920464
0.119628523332315 -0.0338655199432718 -0.388208370170451 -0.275551473613573
0.0731382016903297 -0.120230973872484 -0.406328902525555 0.144115089389844
-0.00798240698869085 -0.127758512920848 -0.162518801678981 0.290937454998771
-0.0480876735851778 -0.0949286770012719 -6.24300653480186E-05 0.227275279556906
-0.0642589219441579 -0.0987775183759823 0.094477002856343 0.132279285707807
-0.0676493426010825 -0.113727147144842 0.159046672296357 0.0661587448050704
-0.0525735190227785 -0.175205254634468 0.228336444629759 0.0749157343525601
0.0759956331871749 -0.193484730165099 0.214386181907057 0.203541114704861
0.206078918530385 -0.0814944181600527 0.00392041372415681 0.38131552541076
0.257218818829864 0.125670993764784 -0.240463599597142 0.35559888113029
0.128695007303089 0.355350565933976 -0.360578375448256 0.204830834086021
-0.0820505757115231 0.47872342011266 -0.268140074867106 0.230363458603141
-0.166358729098862 0.410324378181482 -0.0712585488042655 0.0545221502890944
0.0408724366734804 0.343165414814942 0.309707380605908 -0.0464046800545632
0.198246006527643 0.205849713360329 0.133553789615611 -0.45693535279401
0.235866494158057 -0.0199146347626016 -0.311535923515993 -0.37313505275429
0.138495798643572 -0.183063417918216 -0.399631244379371 0.0312273888081144
-0.00797324770967811 -0.205357395923678 -0.200263534394098 0.215857915099898
-0.0799103625075327 -0.147181625290189 -0.0423674400653097 0.17772110045707
-0.0935762579923105 -0.130996134188262 0.0564965406305201 0.0861479514070531
-0.0915594870783546 -0.14162475686611 0.119798450144354 0.0093146502489695
-0.0773144199995031 -0.221512148901365 0.214468409251263 -0.0156362931212645
0.067538018928243 -0.261220665390445 0.270858397131558 0.0835759034834708
0.237585937366847 -0.149952488901571 0.140113697122297 0.327820375267237
0.340786935869042 0.109921528517211 -0.123122803481519 0.384880381852781
0.180116817910522 0.410939847219985 -0.294148681766751 0.226108596521486
-0.101097916665764 0.536917969070866 -0.18962983323764 0.119563500026796
-0.264226372339246 0.399448407359374 0.0316189686021036 -0.1011278418276
-0.0524329184828658 0.423309128846514 0.353445093038056 -0.0815250083060264
0.187896376108814 0.327099881593885 0.246982146596051 -0.4561289208199
0.307950792103911 0.0301245370775518 -0.171742679521339 -0.443107341036861
0.195164338143725 -0.200633412142107 -0.340620983691525 -0.108529181749288
0.00393170742821203 -0.247535796985871 -0.225604487806738 0.104171280793694
-0.096533674935949 -0.178892073336061 -0.0920634700010896 0.107778720544849
-0.108137518388553 -0.144105484330541 0.0100574135253932 0.0289680072040124
-0.102551600922689 -0.147519637636785 0.0716213751096637 -0.0501999947694081
-0.0885360815922968 -0.233699530060406 0.183284019634573 -0.0995367291932428
0.0525411164212236 -0.285857406301141 0.291747073059425 -0.034253979238285
0.235049786459148 -0.187630347577345 0.238406762160297 0.242317638977672
0.359473644309979 0.0902184504182675 -0.0204790412929958 0.369078932703126
0.18676572534631 0.407398312234833 -0.235158506197795 0.221397486373604
-0.114449989224939 0.511841448458304 -0.120660379171185 -0.00635421327309959
-0.301330416336357 0.315375894282837 0.159594380915234 -0.238596580901056
-0.140397159794791 0.395325578124038 0.397995067381416 -0.114908850870736
0.113863318710361 0.364957669897452 0.3415084895626 -0.404598407393575
0.297479883369283 0.0826857767519593 -0.00619972401828287 -0.450056064992707
0.210376761313965 -0.171402616496611 -0.236530242677654 -0.231141156412279
0.0173029393924317 -0.240740617948785 -0.229523246367112 -0.0200990109822577
-0.0950935658399735 -0.180984769076254 -0.141284764802094 0.0289782732545203
-0.105170889466698 -0.136873737717794 -0.0365994683814962 -0.031042202177125
-0.0998731059883532 -0.133258521693696 0.0251045169286896 -0.106802013043809
-0.0835143618297684 -0.215522743892804 0.147316169006077 -0.16892706980969
0.0476126952949802 -0.269479649141458 0.288348946875986 -0.125343374803162
0.219569494360801 -0.178045828006157 0.293612625783831 0.162293882534686
0.32328074767897 0.0965818511238523 0.0478373838547057 0.328513384604839
0.132744353967241 0.370531076651001 -0.189429546893006 0.195311651771198
-0.137703711068283 0.416337916342604 -0.0578121853495992 -0.118796331238405
-0.259898211768815 0.176153890053427 0.272443822814161 -0.333467905260852
-0.174085257530069 0.277801509863489 0.42976590365837 -0.135751248919168
0.0312757324042203 0.299742983406455 0.396251321791752 -0.326417657255371
0.217621077043585 0.0961401863794359 0.129992000974464 -0.412978172460808
0.171232762368085 -0.117011627258107 -0.13185446881599 -0.311801887758376
0.0214796889384439 -0.187320843126504 -0.221506809806184 -0.126943530871675
-0.077050124866793 -0.148850629568602 -0.181346336428468 -0.0433066416914572
-0.0867027928455662 -0.110262689231323 -0.0774536494849407 -0.084635852283475
-0.085014168578188 -0.104302454064657 -0.0137853428658287 -0.155897773434038
-0.0671593071724455 -0.175785648673988 0.119492203844377 -0.22289811854065
0.0465606546735135 -0.222875897111183 0.282514694455817 -0.183195101017538
0.197776037951075 -0.136394714782222 0.322760060336726 0.108649888088216
0.252580762359797 0.121094029871807 0.0847231997494946 0.291273986917548
0.0456272096912507 0.307901391708994 -0.151057508382934 0.163150240520133
-0.164077195968192 0.272080478849104 0.00271109623769214 -0.199303124470213
-0.162350711227049 0.0140958034749811 0.336829702265917 -0.376339232845178
-0.145096786825679 0.115435604334732 0.435949678576905 -0.142986252520208
-0.0223509403017883 0.166871875046706 0.411252708966165 -0.264745016103586
0.106004448348835 0.0676407498434869 0.205500034925841 -0.377743380551133
0.0943743665998772 -0.0547545344079779 -0.0687905508580588 -0.350878314621285
0.0155463285232898 -0.103499164617323 -0.216543218992489 -0.194117023834264
-0.0470211024894034 -0.0909437784605333 -0.207097274027986 -0.0935927631522332
-0.0543273220610612 -0.0673198601593477 -0.106228452084509 -0.123608801459477
-0.0602874430362798 -0.064049375624177 -0.0379935783807987 -0.193811504854743
-0.0466869185717499 -0.118314621321153 0.106019651681827 -0.260715737923631
0.0416531715029697 -0.156414539894372 0.286283621915656 -0.211470716144423
0.161513394371062 -0.084287362447769 0.340864921033665 0.0864180663094705
0.163401702603483 0.137686207014505 0.100356084894571 0.271509333270347
-0.0432257156667178 0.218428357373643 -0.124626750989545 0.136926179590826
-0.172552645029606 0.0998395615549883 0.0603459940393978 -0.238240998747696
0.116216383127936 0.0624430237244744 -0.114682728893633 0.314886984009511
0.0725482149703422 -0.0815910133196733 0.240920143185136 -0.00942135007939217
-0.041713646122838 -0.0931789813694471 -0.0148963759355985 -0.298724021924868
-0.070658737290176 0.016773163869812 -0.356092254480332 -0.173530371385227
-0.0176225065926637 0.0421856010306141 -0.348322682729427 0.178474968595769
0.0174227394559231 0.037646024134953 -0.130928924190369 0.291010938678949
0.0326678825599064 0.0207098781032508 0.00738488540385474 0.247008078373477
0.015666074992282 0.00321805714883418 0.100203368751697 0.17509610542954
-0.00144312409145375 0.00455632733399565 0.169247865546479 0.148217080816571
-0.0180240409765534 0.00183079066443767 0.172043503203616 0.210532939607161
-0.00260692718193318 -0.0132385043639756 0.0227379534075602 0.330571591474002
0.0173487244624878 -0.0223912529682477 -0.239522973833021 0.328127568909114
0.0638092547051011 -0.0181159663343767 -0.397828858910103 0.172375813163327
0.091053032128237 0.0673326635185259 -0.48160861680936 0.0719648817607455
0.0536796740533089 0.175713452295579 -0.42919859724481 0.28860895508349
0.0335091186404497 0.199798441238654 -0.154253359353935 0.267616713932378
0.0865574235099923 0.0452926087355663 0.239205128519085 0.00938887837646784
0.042005082526843 -0.0285536896860436 0.0137885909596577 -0.327409064985629
0.00941636642696774 -0.010974645210027 -0.356506151680692 -0.215957766728754
0.0239936765889652 -0.0322219158313055 -0.37078833940139 0.157342378308106
0.00857767075815734 -0.0401859935795492 -0.148230861892026 0.289338323291965
-0.00113413326134876 -0.0358550467640366 0.000415905428072556 0.241811833978868
-0.0186890761789284 -0.0541274424552414 0.0944863208955522 0.166629307147128
-0.0270868535410622 -0.0644034699385542 0.16355375689409 0.126624075170953
-0.0183116990089851 -0.095012976206957 0.192807561852294 0.171522015922136
0.0633884490236692 -0.0927075924377164 0.0892354337259448 0.298325609985219
0.127061901205609 -0.0158068918493119 -0.167967093669047 0.358568907390904
0.137286028006661 0.0981827105987937 -0.356828912828019 0.234180664858849
0.0598275753039576 0.231022498753424 -0.431905062171705 0.104150090207433
-0.0590709132595855 0.331645564466259 -0.373288831437486 0.247930854567764
-0.079493280608437 0.305972941306931 -0.152357011515825 0.17595017586091
0.0626707961358876 0.189645792308568 0.256578366890995 0.0135673455281737
0.118080425646206 0.0803777291112628 0.0750121446987747 -0.370727772507108
0.115501939536909 -0.0177094688290907 -0.328782464564245 -0.287820774404356
0.0828857121388604 -0.104525718862148 -0.385435462662242 0.0978270146894638
0.0070243717035235 -0.123013055408854 -0.175300471494605 0.253794999883201
-0.0340897913367028 -0.0955296325142801 -0.0217377477091929 0.214264975767827
-0.050143269186476 -0.103261359169237 0.0739652756336024 0.136052802080545
-0.0522366508529263 -0.117124688315118 0.144279201750833 0.0830155573580216
-0.0334856494244581 -0.172292589871603 0.207375220235113 0.100653635648495
0.0917502186067209 -0.178050758241893 0.174382650720959 0.223655072444443
0.207940724050522 -0.060222354262788 -0.0422814087815005 0.371889440217163
0.237777935781049 0.146325660001295 -0.276819405202747 0.308953959138381
0.0882563252652333 0.352319464777504 -0.375402976791892 0.143817794466897
-0.123882865505952 0.450399333553296 -0.291195981640601 0.17473935762836
-0.198518157143889 0.355570918549276 -0.0972999586322865 0.047540350186621
-0.00400100751524189 0.319037229286184 0.28636588846567 0.000766849174271193
0.158060222396364 0.215327292427128 0.166027030019091 -0.395314183806368
0.222600007536829 0.0103886649159993 -0.245778875083052 -0.367096656983499
0.152955911477401 -0.154742221888734 -0.367462849229681 -0.00365098122998169
0.0164097200639506 -0.193534597427799 -0.199647455910252 0.179796666507516
-0.0590956855948234 -0.146880967381183 -0.0555117724526069 0.163640878585693
-0.0742167667596287 -0.13673801895044 0.0424215205101222 0.0877437160608636
-0.0709266422368679 -0.145707817813959 0.112693772856166 0.0254128898691835
-0.0510691760774194 -0.21793204852591 0.202918183355384 0.0148232223430486
0.0895787069117832 -0.242064467702329 0.240748480557182 0.117093119093745
0.242862658750337 -0.122204153096954 0.0937609877565816 0.336865331490973
0.317401436400344 0.138958143857423 -0.169695792183774 0.350303472725753
0.130648298734154 0.409683657495349 -0.314943253046693 0.169358065543101
-0.148514407727635 0.504843026361605 -0.204258303348038 0.071210008382576
-0.288223688480881 0.335706380272827 0.0103501484092963 -0.0921542477436426
-0.100657985550506 0.381096947730233 0.323776066086253 -0.0279618330255023
0.133591208594128 0.32780856841792 0.264793135025738 -0.37962193566859
0.283174104549109 0.0675028919720153 -0.112567489507771 -0.411426738534722
0.208763960344605 -0.163001835979665 -0.297687598014119 -0.123437708491995
0.0331405250273978 -0.229719030214108 -0.21086386369478 0.0732907203069682
-0.0712817530199564 -0.178544164376579 -0.0953018337906536 0.0934756645630486
-0.0860124031638653 -0.150102575758878 0.00440692741795466 0.029047541005116
-0.0806104392874532 -0.151416407226424 0.0730344979774394 -0.0358682336554065
-0.0603643927268112 -0.229856383421867 0.181792598889423 -0.0679924064078218
0.078164136677846 -0.267480514906596 0.272434994994688 0.00743494223271614
0.241933279200926 -0.156911150933402 0.197836605212908 0.265296457574837
0.337828471426782 0.119739095862871 -0.0696979198679522 0.346430888054272
0.13838392720721 0.406408802136094 -0.258544929135809 0.169163483109339
-0.158389622777802 0.480575647939577 -0.123201990856772 -0.0426623195131439
-0.313053190096161 0.254154688375834 0.145364037829404 -0.211512641923739
-0.177590385537227 0.34582130288391 0.365300966622463 -0.0594649183562116
0.0604555050754542 0.354243325651682 0.342848435759896 -0.324537068578038
0.266585387879004 0.114920537397666 0.0387191190445689 -0.403084955818105
0.218583340419746 -0.133565145008381 -0.191796625686139 -0.227159538985279
0.0448473567148681 -0.220980916272138 -0.202765311467096 -0.0429959598576409
-0.0699215821110994 -0.179533716007356 -0.134211967764697 0.0146880171115418
-0.0846806438922156 -0.143330511213099 -0.033642832304585 -0.0326161003606168
-0.0792455851213924 -0.137027722998639 0.034659848867778 -0.0940687076940953
-0.0577122590595043 -0.212086127164878 0.155135801689518 -0.138608969764765
0.0706196518207918 -0.251480611430167 0.280341843215055 -0.0804855134500315
0.224264596856762 -0.149213170127494 0.260903693729943 0.193351817281246
0.300993772733752 0.121262620355463 0.00191236060675362 0.316900098573886
0.0916008255684896 0.366402197894885 -0.209094931179366 0.150902713869557
-0.172741704535623 0.386231816541762 -0.0479511332493608 -0.141941457185848
-0.259421934023582 0.131237642228794 0.268191235405691 -0.289748226435313
-0.19433883427407 0.232225671190698 0.400112348971987 -0.0807151567654533
-0.00696807575757986 0.28286673788711 0.385890107537095 -0.253831722613722
0.190800027398185 0.118046735470154 0.160851189715842 -0.357244934061603
0.17497099941661 -0.0873444325197123 -0.0882479061006863 -0.293160393345659
0.0430964549615807 -0.169542071821347 -0.187099619930349 -0.140432060643585
-0.0563514079619983 -0.146222290923607 -0.16523916636163 -0.0563399278515515
-0.0697386262364582 -0.115811870078049 -0.067110167559349 -0.0875816086168479
-0.068081175524526 -0.107575006109631 0.003012777599311 -0.146451258039116
-0.046473105629755 -0.172058368615551 0.13428586150206 -0.193734550673084
0.0648047307030211 -0.206101648762902 0.28229969489853 -0.137898916760871
0.198090844597285 -0.111310615804162 0.29420441078658 0.142378602029916
0.230301159077925 0.136594007260976 0.0425793045049828 0.285271037767094
0.0135243936871566 0.297093089275325 -0.164879126976829 0.126547097853696
-0.183621294514079 0.24485738596038 0.0219373409397448 -0.20798302896115
-0.150296438024121 -0.00694316244945061 0.34334358762071 -0.323241269005851
-0.146985492028955 0.0863144349156098 0.413029876723447 -0.0926633069092478
-0.0403198414787088 0.1519866113697 0.399565065703984 -0.200035966707027
0.0909729295091575 0.0770177144288754 0.226676138301631 -0.321175373901722
0.0954272910148081 -0.0387677077200314 -0.0269472598231768 -0.327479812963578
0.0282997889974574 -0.0920060447951814 -0.180538995819752 -0.201911972250692
-0.0348262232619616 -0.0882307403214778 -0.185594688900982 -0.106666991321351
-0.0436546568136731 -0.0712773009398004 -0.0898345209063722 -0.128047571545972
-0.0487186625632241 -0.0668898750038302 -0.0170106461354374 -0.186216276305454
-0.0318882676789328 -0.115032355114216 0.126242148697179 -0.23268053562568
0.0530837554122929 -0.142984660150946 0.290205098921079 -0.167097183275493
0.157667565714998 -0.0658173102089421 0.315358278349197 0.12231086713936
0.144274471899306 0.143295632046969 0.063245683209479 0.267031947177198
-0.0614418422703193 0.202023944993221 -0.134327246603793 0.107554583921006
-0.175481687349048 0.078995747692048 0.0849414770810923 -0.23179393058645
0.110475703102917 0.0607110877120971 -0.10884096330569 0.302893916855239
0.0690417734111723 -0.0781113405425508 0.236715096733823 -0.00935889428507848
-0.0401444954846196 -0.0898322477686161 -0.00915690495872547 -0.29075771840342
-0.0680384415888848 0.0162865135116955 -0.343920209818278 -0.170311988368094
-0.0178497963199975 0.040018665759132 -0.338103949126306 0.172030184444422
0.017550599476422 0.0353199597627311 -0.127625399090937 0.280193442279708
0.032291265781176 0.0187433734602406 0.0073846475894948 0.240295759008697
0.0139628875963248 0.00232450622917793 0.098162220439164 0.170891704461625
-0.00209510970997959 0.00418282114640097 0.16413519003881 0.14462853448536
-0.0175937607405516 0.00124387307323684 0.165723336723704 0.204353847827323
-0.00276596111583275 -0.0136776345003505 0.0203042304875112 0.322441452613348
0.0171307939373409 -0.0214355664792349 -0.236120119489316 0.31572184797848
0.061916031627942 -0.0160671574925478 -0.388474366930255 0.160891511609615
0.0867075290651177 0.0679524728148877 -0.468898873054148 0.0627925550806071
0.0504128053596906 0.170147114220929 -0.41882471529446 0.272220145607323
0.0304131817608528 0.191965113565766 -0.146991031554372 0.257524525839023
0.0818858276583335 0.0444994795811672 0.235375333030264 0.0105293414482685
0.0398735503815806 -0.0266424066047951 0.0191079833376079 -0.318446797461067
0.00949243686435691 -0.009969013340275 -0.343083457143486 -0.211806313960356
0.0220100087845717 -0.0315528024915333 -0.360516824717751 0.15161026361678
0.00834475714278547 -0.0392655865244362 -0.144484777249147 0.279013174202458
-4.52246592199126E-05 -0.0354888085592412 -0.00149977641960002 0.235338541085188
-0.0188342954989343 -0.0531004339868427 0.0914493213911675 0.162149944305042
-0.0272826608048344 -0.0632306896647784 0.158463844777055 0.124770670527196
-0.0186687285947311 -0.0919753886439553 0.185568638477702 0.167400942029851
0.0607459920428474 -0.0910701701588946 0.0839384873544454 0.29141003976707
0.123360359677127 -0.0145481537111114 -0.165761369443469 0.347748174097909
0.131437295599476 0.0974871187801416 -0.348732228315009 0.221316670178212
0.0550279757922713 0.225263965829807 -0.421406495860282 0.094984530831435
-0.0599838322098414 0.31981882980613 -0.364115040147513 0.232866325842864
-0.0798547761338926 0.293155765493562 -0.144110075805056 0.170827178267894
0.0575023266446075 0.183106808704026 0.252746469268996 0.0160663001919889
0.112938561775298 0.0788901134711252 0.0786931661376795 -0.357977642550483
0.111401082214196 -0.0156131092264582 -0.315058971987349 -0.282233796865023
0.0789708353302581 -0.101379112009061 -0.373165308319124 0.0909245288896445
0.0068739590679659 -0.118711774187667 -0.169615979451139 0.244771615630509
-0.0309297737533541 -0.092917575346987 -0.0231188163381085 0.207499451408256
-0.0483227640409258 -0.101281137032059 0.0722556541494433 0.132452951031267
-0.0507809184715363 -0.114148547616149 0.139311882071009 0.0816738090090219
-0.0328055053280654 -0.166250883184238 0.200465537371824 0.0986550605175953
0.0875505474332457 -0.172755117900626 0.165739718262192 0.218673051500533
0.200334503985019 -0.0567367799099435 -0.0438040453705885 0.361170070650366
0.229589468922104 0.145305769856775 -0.270550115034176 0.294564518574125
0.0811327239053083 0.343167475320023 -0.365846094145201 0.13275411157915
-0.122226434775058 0.43538605180707 -0.282439540715889 0.163371332199381
-0.196025237711916 0.341649938020353 -0.0902375131621156 0.0475932741246909
-0.00900513796515451 0.306747512736258 0.281585590838047 0.00644787107722198
0.151310808255072 0.210632857533866 0.166339250542511 -0.381406115066014
0.213933090765285 0.011517470659565 -0.234337725197134 -0.3571481993424
0.146999379876705 -0.149959149259558 -0.35448426413191 -0.00704069680327525
0.0153950323715476 -0.186181069240164 -0.19364346124862 0.172989550837303
-0.0554076889978603 -0.142304979020401 -0.0555914462700848 0.157986569341048
-0.0709777111505993 -0.134202204836492 0.0412069061692238 0.0864324793344853
-0.0687420494668749 -0.142571338317728 0.108624076060116 0.0264948946262509
-0.0508820160744663 -0.21030117674013 0.196390353382031 0.0156954497291261
0.0847327802338763 -0.235622940743764 0.229995261320375 0.115170429297217
0.234309705671011 -0.117001811459455 0.0880474391213936 0.328088415995037
0.307911799619941 0.13775692665436 -0.166240315833424 0.338087070770255
0.1241436593598 0.398583133292861 -0.306785613400509 0.15877197019769
-0.146080727093445 0.488205063852422 -0.196836394127058 0.0640610589199242
-0.283328432056488 0.321163301148775 0.0142174265392939 -0.0859959308069983
-0.101711468486109 0.367016464124443 0.317118517794206 -0.0209020415114497
0.12672035312947 0.318541231525483 0.260187498884554 -0.364202833288529
0.272814463318641 0.0665645756580722 -0.104059867544372 -0.40208607007811
0.200272261141614 -0.158389427880553 -0.286938260193361 -0.123510478264317
0.0314965193436712 -0.22079567325689 -0.204145018099859 0.0696456804687443
-0.0673236924241387 -0.171878234136269 -0.0938826530216085 0.0902967275792325
-0.081609156405332 -0.147829793227784 0.00380667575488867 0.0284576896290859
-0.0768883025114553 -0.147987973261869 0.070732588808629 -0.0330721381219576
-0.0602286400258067 -0.221641765496423 0.176230406629772 -0.064776537488811
0.0736621806762484 -0.259520632472782 0.261588648861241 0.00923842425690194
0.23264271333123 -0.150541599039945 0.190450736576272 0.259418832394221
0.326518069636109 0.118111757386443 -0.0692869986479381 0.335058983823116
0.131930560095247 0.395668766270027 -0.251919185075244 0.158818271424414
-0.155703543954421 0.464701071234652 -0.119093122502873 -0.0451388452574399
-0.305466585808914 0.240691683649196 0.14378802844945 -0.199392842129168
-0.175385433289702 0.331375132342049 0.357822953660225 -0.0500954205175655
0.0574358655600392 0.343959131568882 0.335335064859923 -0.310302588746038
0.256900787499427 0.112384130623056 0.0426358703226332 -0.39065600624571
0.210872644553141 -0.129318779885771 -0.182153199355313 -0.223318518446429
0.0436565637797012 -0.211333689094671 -0.19610889883789 -0.0423414164347611
-0.0660902208585599 -0.172596427674897 -0.131516204433618 0.0139946508817628
-0.0808064427257392 -0.140262704136788 -0.0338074976363451 -0.031575437427959
-0.0744593877509877 -0.13458388978416 0.0336401752829301 -0.0904716395706858
-0.0569805693130899 -0.204235360281143 0.149589710427621 -0.13330375048829
0.0667611094859867 -0.243190866410097 0.268513557762738 -0.075703142198407
0.216262455564084 -0.142614559663214 0.251883456162586 0.18960944876441
0.291611513823733 0.119440815872115 0.00051300576499196 0.307948531730301
0.0864290343869912 0.35510843922087 -0.204335357488698 0.142101770204123
-0.16895051326488 0.372747756650079 -0.0464938535082674 -0.140008053467635
-0.253274758956324 0.123030635207539 0.263646297221956 -0.27526874050839
-0.19062472759557 0.220475836140679 0.389140887207544 -0.0704736989492353
-0.00762151011367745 0.273342084332362 0.375801794647825 -0.238714956338664
0.183710055546217 0.114947958960604 0.160824839764959 -0.345113421736752
0.167594436556593 -0.0845589788718969 -0.0810638898267498 -0.285765162909999
0.0417032992981282 -0.161698491877779 -0.180843847866906 -0.136612956687552
-0.0538928758165576 -0.140699921033309 -0.160899699299312 -0.054559648079907
-0.0659518205021831 -0.11351918794614 -0.0661692241983887 -0.0852994740789595
-0.0634744456938074 -0.105500493623738 0.00281376085583518 -0.140024864024408
-0.0451789732550098 -0.165376709406817 0.129888804771156 -0.187053727419919
0.0612549768690216 -0.198944092330546 0.271392358141496 -0.132146240491613
0.190637070681761 -0.106126336084972 0.283901269691509 0.140817652776013
0.2230111085132 0.134151027587208 0.0410096040232177 0.277043645714473
0.0121627110347377 0.287721071698131 -0.161591708895995 0.118774366820646
-0.177905445919033 0.23453213392972 0.0214167773282461 -0.202099753258643
-0.146481866753406 -0.0096902229817453 0.335692468659885 -0.306708149472191
-0.142321122360866 0.08083205619824 0.399676715302715 -0.0819615718345321
-0.0398570348213802 0.146498871493083 0.387688725921519 -0.188319100588322
0.0868972421731932 0.0745801751809998 0.225407597946234 -0.309898989188222
0.0902440085986621 -0.0378320233535372 -0.0229881735463188 -0.318386406535303
0.0272403652639689 -0.0867864030668945 -0.173540200198276 -0.195474804428613
-0.0331781369194937 -0.0839752437899566 -0.180431314345329 -0.102226979839912
-0.0413908204755666 -0.0706181077186021 -0.0890821716178732 -0.123960143754489
-0.0446984874961728 -0.064644154615148 -0.015332188192692 -0.178893885844686
-0.0311645710905255 -0.110796354365759 0.122582416392553 -0.225146284798896
0.0508956038863789 -0.138041527237101 0.279684658452262 -0.1605809526605
0.15198270539085 -0.0622193796745876 0.304514759490312 0.120567929337309
0.139197463308099 0.139369002434533 0.0597798159967131 0.260500046756574
-0.0607872595228753 0.196129601290127 -0.132106205890884 0.101872178340857
-0.169020933859602 0.0748072412096717 0.0819462964302673 -0.223171662057863
0.109161303266263 0.0623389765333694 -0.110732697344357 0.301101430119053
0.0688279341690196 -0.0760886873820967 0.240996984389112 -0.00707931272116464
-0.0395635016232164 -0.089916466532947 -0.00056001198600653 -0.294174892600388
-0.0674019671237864 0.0156874539058412 -0.342633493266408 -0.176991857151714
-0.0185091264379217 0.0397882127185663 -0.343023233800463 0.169132862953186
0.0171696370791515 0.0347254167693084 -0.132943446881083 0.28011093039761
0.0318708268666275 0.0173626801082111 0.00348296736601493 0.242081701441519
0.0129520463581246 0.00165241449705962 0.0981766652830897 0.173860588446594
-0.00311781111351499 0.00362297005708401 0.164888619243388 0.147334403836577
-0.0178417742155601 0.000726811210768654 0.163808519578584 0.207925516207628
-0.00263848287328487 -0.0138816319471108 0.014913581362742 0.326107109638417
0.0183308448595399 -0.021150329753649 -0.242939089978576 0.315571405812457
0.0618636030074616 -0.0143072144936743 -0.396340924174265 0.152075970262697
0.0851620865310952 0.071153323371595 -0.475145332032168 0.0551209149148226
0.0477858286935381 0.171596666303469 -0.425041106405222 0.263466570449871
0.0255456885486272 0.192222174865167 -0.147129997062803 0.254889320597424
0.0797530859817316 0.0460466857064232 0.240938174258698 0.0134525607569381
0.0398570133069298 -0.0255800722114661 0.0276878575493262 -0.320851322804434
0.00909179154774217 -0.00889168949957702 -0.340535187709422 -0.219530030171902
0.021222319320884 -0.0320373108646911 -0.365025729199485 0.146632532283725
0.00898720304998016 -0.0395914800954457 -0.149028885907626 0.27727996566932
0.000886025602267979 -0.0374520452302 -0.00465304780614493 0.237172203120979
-0.0188137291864274 -0.0556411643664251 0.0917910574494234 0.164670116454187
-0.0275334336947755 -0.0642105592057135 0.158160626281931 0.127207241005116
-0.0189916962506453 -0.0929701587072196 0.184484819140458 0.17019605733824
0.0615306392019693 -0.0913126352380171 0.0789964266339605 0.295821391090738
0.12443234424557 -0.0119044972562942 -0.172555110321666 0.347928292706012
0.130396067277544 0.101882689266588 -0.356032651052115 0.214456026460012
0.0510440558054642 0.229480286462591 -0.427342373923495 0.0850356726379081
-0.0652666677459729 0.320197202962512 -0.368347350574745 0.225781773083882
-0.0857061854116655 0.29192214443627 -0.143475495299402 0.168198228401205
0.052709808249439 0.184934241700713 0.259124158643581 0.0232643886442105
0.111957545406948 0.0820832015719363 0.0887526099468267 -0.358019663517599
0.111516385232132 -0.0132898772634329 -0.310010292247809 -0.289329161562126
0.0793029523919507 -0.101328886932568 -0.37668423521023 0.0855938404897167
0.00767758906203782 -0.118899959687981 -0.173386004809154 0.24235976228212
-0.0291511351725667 -0.0947227404651735 -0.026702010657947 0.208778194687831
-0.0482770995795936 -0.10407793118494 0.0715195910077359 0.13526224290028
-0.0502045115566065 -0.115795223294866 0.14011696488694 0.0847104110816601
-0.0330828830699106 -0.167761737207693 0.199843203645813 0.101874793052986
0.0888935285866126 -0.173932138309034 0.161396401979566 0.224672792762168
0.202318112814117 -0.0530065137949711 -0.049415354422052 0.364046643545969
0.229621541726473 0.150898866042047 -0.278304797412757 0.290905559269166
0.0766740922798071 0.347424015045673 -0.372104584982023 0.124822437524785
-0.130082943659614 0.434594613985358 -0.285337863459244 0.156481755804024
-0.204865857108502 0.338136825287107 -0.0868303487982136 0.0478832104234229
-0.0168140900208594 0.306568979086533 0.287290851695496 0.0141278348489712
0.14790915620445 0.215152169221355 0.1767179105871 -0.379426229825933
0.21448790090821 0.0159575812932948 -0.229806080530412 -0.364466321429973
0.148017094448978 -0.149178577719238 -0.355460604556837 -0.0138524618184756
0.017545087648988 -0.186273890049228 -0.197281874353009 0.171079308919408
-0.0525997695278925 -0.144486614624626 -0.0591693796112962 0.157985771105248
-0.0695426596591755 -0.137531925330378 0.0402821113439973 0.0874789521351699
-0.0667282162100515 -0.145036367418931 0.109164407172206 0.0289805538976316
-0.0511293492258007 -0.211936485825452 0.197355228142338 0.0180629116923324
0.0855671669349796 -0.235811393566957 0.227304276579829 0.120835937371318
0.236318690818989 -0.11309175954239 0.0839953362508173 0.3327932608867
0.307158887621136 0.143542541166616 -0.173834879402711 0.336004639632983
0.119074685418193 0.404260952344888 -0.313332101290744 0.151032045817789
-0.152316984820075 0.486844799296393 -0.199293996246281 0.0579999013917804
-0.290887865959974 0.316830751429455 0.0185427148620151 -0.0833667901423865
-0.110365785413605 0.364733339523528 0.321499817427376 -0.0105009546177915
0.122848113122503 0.322989593988098 0.270369926309171 -0.359943182230234
0.272662255129403 0.0717557601144631 -0.0964467723530583 -0.407202093767914
0.201764571148214 -0.156959892850006 -0.285515787677379 -0.130225439156497
0.0339960410742478 -0.220170962909112 -0.205951709726385 0.0670732092468035
-0.0645500927357344 -0.173817131867588 -0.0980079192928207 0.0898425138689395
-0.0798486925753213 -0.151960307479403 0.0032095247956615 0.0290813349236453
-0.0748740932722556 -0.150125490485226 0.0718889567689594 -0.030480996598737
-0.0596828373312545 -0.222652671820185 0.177958506628012 -0.0631251344633847
0.073736448164368 -0.259854186618299 0.258843244906323 0.0144089058524854
0.234825362681492 -0.14669659531035 0.187343669752234 0.264538672234459
0.327762324629678 0.124541786058092 -0.0749847321198814 0.336789159052125
0.127476813665984 0.400786357620689 -0.258616420696525 0.152240436625861
-0.162775473855052 0.462332443817297 -0.119438125457599 -0.0506212069723297
-0.311275610093522 0.234123862144457 0.150818626202422 -0.194676341484775
-0.183888998393588 0.32752780964909 0.36160379142994 -0.0398765469926315
0.0527895851645095 0.347295385410437 0.344045429385634 -0.301797597129035
0.25630751124157 0.117216513160362 0.0524828174668531 -0.393854625353671
0.211377379647863 -0.128001944509541 -0.178958214309029 -0.228494080240187
0.0456499025675507 -0.210119313949943 -0.197222274945735 -0.0452559873892746
-0.0638849250639834 -0.173246989305322 -0.133841756553773 0.01358325965255
-0.078403132789189 -0.144629618287289 -0.0348342892219481 -0.0318225721844449
-0.071788512730058 -0.136500008941861 0.0348258898088364 -0.0885611526631622
-0.0566326875082035 -0.205022265307302 0.152295832482375 -0.132043456041547
0.0670378598205899 -0.243956134720571 0.268017318209475 -0.0718013417081821
0.21746485091154 -0.139262286060003 0.250676259102521 0.195382167858419
0.291901528535115 0.124875443176171 -0.00422409115842007 0.309494307473937
0.0825203323696772 0.358357978424573 -0.209305842319656 0.136747109052652
-0.173556515033927 0.370245359225832 -0.0464086594842442 -0.14411364684406
-0.257577092140822 0.117679172522108 0.271458901592077 -0.268394495336637
-0.195770039552702 0.217059204264562 0.392664977662893 -0.0607207642489341
-0.012103126783325 0.274680762426212 0.381297453092145 -0.228895969143174
0.182227717792052 0.117704041369266 0.171146927371276 -0.345050728458728
0.16788581002458 -0.0831639860421831 -0.0759282511164701 -0.290688786819851
0.0434388418550297 -0.159749805297508 -0.179865205733825 -0.139379857187508
-0.0517247340837794 -0.140781723418976 -0.162437225402185 -0.0555071382953742
-0.0647419256722336 -0.116817847770041 -0.0675183932018938 -0.0861574133241705
-0.0603382961030782 -0.107496722860766 0.00454688843548885 -0.13934070204918
-0.0439317876115569 -0.165629421488049 0.132588095714495 -0.185263949842462
0.0621648714456187 -0.198883961527972 0.272581703925197 -0.128572879473835
0.190961669391032 -0.103376370028112 0.283669513651153 0.146454454783733
0.222886649616643 0.137740945882102 0.0368819530398528 0.280155515775186
0.00869808297459234 0.289299598359391 -0.166772697901561 0.114171606115909
-0.181147872677607 0.23126763188127 0.022689774017708 -0.203409923803223
-0.14733861121278 -0.013017797655353 0.344478023758964 -0.30047064841209
-0.144699587911557 0.0770493699608405 0.402009053899834 -0.0718226012658631
-0.0414906845051677 0.146039911464335 0.393376246774247 -0.178746042725987
0.0857323028053836 0.0757223743460124 0.235383871518933 -0.309156105337453
0.0898747189992289 -0.0366061602097135 -0.0159561186333419 -0.322373568935895
0.0288115425218643 -0.0847344921323768 -0.17224013512974 -0.198154750816538
-0.0318173207724598 -0.0838343651532255 -0.181510155571399 -0.103207909851409
-0.0398786002505715 -0.0723740720819732 -0.0895902168245332 -0.125936406520119
-0.0420119183699976 -0.0663753616551655 -0.0128204196565101 -0.179427521720618
-0.0293723858804926 -0.110336756059976 0.125369558204909 -0.224022548763262
0.0510243810392864 -0.137085974786567 0.282246545003342 -0.157074751945057
0.151798512468651 -0.0601070029140851 0.303879024967869 0.126317938737818
0.138427011505064 0.142212335832731 0.0550280259709251 0.264622353053493
-0.0631972795494656 0.19576657333395 -0.136337424852 0.0981746324608175
-0.170482517249915 0.0720852341012597 0.0832990690934475 -0.222564469650323
