TRXV5
3
4
4
9
string Extension=J
integer IsArchMeasurement=1
integer IsSpherical=1
string Generator=SPM
string GeneratorVersion=1.3.1 Dev
double ArchRadius=0.449999988079071
integer FrequencyAxisIndex=0
integer AzimuthAxisIndex=1
integer ElevationAxisIndex=2
Frequency
5 136 690000000 960000000 LIN
Azimuth
7 8 0 2.74889357189107 LIN
Elevation
7 15 -2.74889357189107 2.74889357189107 LIN
Polar H Real Part
13
Polar H Imaginary Part
14
Polar V Real Part
13
Polar V Imaginary Part
14
Polar H Magnitude (dB)
12 0xC0000002 0 1
Polar H Phase
7 0xC0000003 0 1
Polar V Magnitude (dB)
12 0xC0000002 2 3
Polar V Phase
7 0xC0000003 2 3
-0.00972747802734376 0.0569572448730469 0.0810623168945313 -0.007720947265625
0.0423622131347656 0.0384025573730469 0.0441360473632812 0.0188026428222656
0.0407333374023437 -0.0119667053222656 0.0484466552734375 0.0282440185546875
0.0177669525146484 -0.0299663543701172 0.076202392578125 0.0112075805664062
-0.000501632690429686 -0.0304489135742188 0.0801849365234375 -0.0220947265625
-0.0185050964355469 -0.0316925048828125 0.0636405944824219 -0.0544281005859375
-0.0204143524169922 -0.0248374938964844 0.0461845397949219 -0.0551719665527344
-0.0143623352050781 -0.0249214172363281 0.0323905944824219 -0.0364990234375
-0.00746536254882813 -0.0370101928710938 0.0180416107177734 -0.0132598876953125
0.0169315338134766 -0.0310821533203125 -0.0030374526977539 -0.00401878356933594
0.0357322692871094 -0.0084686279296875 -0.0312213897705078 -0.0228080749511719
0.0326766967773438 0.0153903961181641 -0.0236549377441406 -0.0607986450195312
0.0072021484375 0.0402679443359375 0.0322799682617188 -0.100196838378906
-0.0198936462402344 0.0491065979003906 0.0650177001953125 -0.0892791748046875
-0.04425048828125 0.0415611267089844 0.0358390808105469 -0.0557098388671875
-0.0328102111816406 0.0676994323730469 0.0733795166015625 0.0153350830078125
0.02508544921875 0.0612297058105469 0.0390510559082031 0.0407485961914063
0.0412750244140625 0.0126266479492188 0.0504264831542969 0.0460395812988281
0.0317840576171875 -0.0115299224853516 0.0817642211914062 0.0271377563476562
0.01910400390625 -0.0226669311523438 0.087646484375 -0.00835418701171875
0.00540924072265625 -0.0358047485351562 0.07440185546875 -0.0447311401367188
-4.57763671875002E-05 -0.0349292755126953 0.0543022155761719 -0.0456047058105469
0.00345420837402344 -0.0315418243408203 0.0363616943359375 -0.0260047912597656
0.0128326416015625 -0.0411643981933594 0.0179710388183594 -0.00046348571777344
0.0356025695800781 -0.0283775329589844 -0.00802135467529297 0.00975227355957031
0.0482711791992188 0.00181961059570313 -0.0404701232910156 -0.00939178466796876
0.040252685546875 0.0309524536132813 -0.0399322509765625 -0.0488357543945312
0.00304412841796874 0.0574455261230469 0.00798797607421874 -0.0955810546875
-0.0337867736816406 0.0635261535644531 0.0385818481445313 -0.0807113647460938
-0.0616264343261719 0.0534515380859375 0.0117073059082031 -0.0432777404785156
-0.0544548034667969 0.067840576171875 0.0545425415039063 0.0405044555664063
-0.001190185546875 0.0766983032226562 0.0237503051757812 0.0675582885742188
0.0309028625488281 0.0395355224609375 0.0466423034667969 0.0696144104003906
0.0403823852539062 0.0149574279785156 0.0826492309570313 0.0481719970703125
0.0379066467285156 -0.0070343017578125 0.0895843505859375 0.00858306884765625
0.0313339233398438 -0.0323276519775391 0.079833984375 -0.0299911499023438
0.0218658447265625 -0.0386772155761719 0.055084228515625 -0.0315055847167969
0.0206165313720703 -0.0327835083007813 0.0339927673339844 -0.0120849609375
0.0292854309082031 -0.0401039123535156 0.0131511688232422 0.0141391754150391
0.0469627380371094 -0.0255470275878906 -0.0145320892333984 0.0246028900146484
0.0541801452636719 0.0059661865234375 -0.0499229431152344 0.006744384765625
0.0449981689453125 0.0356788635253906 -0.0555801391601563 -0.0328598022460938
0.00717926025390626 0.0642890930175781 -0.01824951171875 -0.0829620361328125
-0.0353317260742188 0.0713119506835938 0.00902557373046875 -0.0639076232910156
-0.0674896240234375 0.0593719482421875 -0.0158615112304688 -0.0258674621582031
-0.0690460205078125 0.0561180114746094 0.0244789123535156 0.0630722045898438
-0.0294647216796875 0.0779190063476562 -0.00231933593750001 0.0929946899414063
0.0128021240234375 0.0604248046875 0.034454345703125 0.0928726196289063
0.0386619567871094 0.0413627624511719 0.0747451782226562 0.0679779052734375
0.0496749877929688 0.0122566223144531 0.0825576782226563 0.0251541137695313
0.052001953125 -0.0210494995117188 0.0751266479492188 -0.0130233764648438
0.0400161743164063 -0.0355224609375 0.04705810546875 -0.0147819519042969
0.0335960388183594 -0.0291404724121094 0.0248908996582031 0.00255584716796875
0.0406723022460937 -0.0348091125488281 0.00572586059570313 0.0288715362548828
0.0524444580078125 -0.0216827392578125 -0.0209503173828125 0.0385284423828125
0.0542030334472656 0.00770187377929688 -0.0546073913574219 0.0243377685546875
0.0450820922851563 0.0341911315917969 -0.0641937255859375 -0.0140190124511719
0.0111656188964844 0.0616455078125 -0.0368843078613281 -0.0629844665527344
-0.0302467346191406 0.0683517456054688 -0.0132942199707031 -0.0392837524414062
-0.0654945373535156 0.0567512512207031 -0.0408706665039063 -0.00484848022460937
-0.0694313049316406 0.0354347229003906 -0.008544921875 0.0777206420898437
-0.0480995178222656 0.0620765686035156 -0.0358657836914063 0.109275817871094
-0.00921630859375 0.0652122497558594 0.0135421752929688 0.109535217285156
0.0256996154785156 0.0579109191894531 0.0579071044921875 0.0814056396484375
0.0475273132324219 0.0303192138671875 0.0664634704589844 0.0361976623535156
0.0613441467285156 -0.0047149658203125 0.0600662231445313 0.00207138061523437
0.0506973266601563 -0.02532958984375 0.0320835113525391 0.00152778625488281
0.0413093566894531 -0.0216407775878906 0.0121917724609375 0.0179576873779297
0.046051025390625 -0.0258941650390625 -0.00382232666015624 0.0418014526367187
0.0529708862304688 -0.0131340026855469 -0.0272178649902344 0.0501899719238281
0.0491790771484375 0.01129150390625 -0.0565719604492187 0.0366439819335938
0.0380821228027344 0.0334396362304688 -0.0657615661621094 0.00122833251953126
0.00727844238281251 0.053192138671875 -0.0451202392578125 -0.0413856506347656
-0.0285606384277344 0.055084228515625 -0.0262641906738281 -0.0138587951660156
-0.0598678588867187 0.0417671203613281 -0.0615959167480469 0.0146141052246094
-0.0521430969238281 0.0104789733886719 -0.0369873046875 0.0820465087890625
-0.0488739013671875 0.0346908569335937 -0.0641021728515625 0.113365173339844
-0.0241127014160156 0.0496025085449219 -0.0078582763671875 0.115058898925781
0.00539016723632813 0.0556297302246094 0.0383071899414062 0.0840530395507812
0.0330696105957031 0.0378761291503906 0.0476112365722656 0.0382423400878906
0.0549049377441406 0.0114479064941406 0.0400238037109375 0.011627197265625
0.0509376525878906 -0.0110740661621094 0.0133581161499023 0.0139846801757812
0.0414505004882813 -0.0109977722167969 -0.00259971618652344 0.0307426452636719
0.0463981628417969 -0.013458251953125 -0.0150718688964844 0.0513534545898438
0.0493049621582031 -0.00281906127929688 -0.035125732421875 0.0569000244140625
0.0418472290039062 0.0179176330566406 -0.0578880310058594 0.0422554016113281
0.0261802673339844 0.0358505249023438 -0.0631599426269531 0.00869750976562501
-0.00435638427734375 0.0448379516601562 -0.0455818176269531 -0.0255126953125
-0.0321807861328125 0.0357551574707031 -0.0336418151855469 0.00400543212890625
-0.0536918640136719 0.0174751281738281 -0.0768203735351563 0.027679443359375
-0.0238323211669922 -0.0133800506591797 -0.0528488159179688 0.0793609619140625
-0.0327186584472656 0.00350189208984375 -0.0805435180664063 0.10662841796875
-0.0249462127685547 0.0207843780517578 -0.0220260620117187 0.111129760742187
-0.0117397308349609 0.0345897674560547 0.0230636596679688 0.0788192749023438
0.00986289978027344 0.0331974029541016 0.0318927764892578 0.0339546203613281
0.0350341796875 0.0229473114013672 0.0199413299560547 0.0138435363769531
0.0420265197753906 0.00609970092773438 -0.0042877197265625 0.0205173492431641
0.0357894897460938 0.00115966796875 -0.0176467895507813 0.0385055541992188
0.0412254333496094 -0.00124359130859375 -0.0272369384765625 0.0569610595703125
0.0426177978515625 0.0100364685058594 -0.0449180603027344 0.0582656860351563
0.0321331024169922 0.0253124237060547 -0.0612068176269531 0.0416946411132812
0.0140838623046875 0.0389366149902344 -0.0620880126953125 0.0101737976074219
-0.0197486877441406 0.0361824035644531 -0.0451087951660156 -0.018585205078125
-0.0388374328613281 0.0126380920410156 -0.0392684936523438 0.00999069213867187
-0.0451011657714844 -0.01153564453125 -0.087646484375 0.029510498046875
0.00802230834960937 -0.0335941314697266 -0.0520248413085937 0.0711212158203125
-0.00610733032226562 -0.023681640625 -0.078582763671875 0.097076416015625
-0.0152320861816406 -0.0108795166015625 -0.0239181518554688 0.103691101074219
-0.0214519500732422 0.00477218627929687 0.0191192626953125 0.0704193115234375
-0.0124568939208984 0.0188999176025391 0.0262088775634766 0.0252265930175781
0.00888252258300781 0.027557373046875 0.00650691986083984 0.00895500183105469
0.0247917175292969 0.02081298828125 -0.0182743072509766 0.0199871063232422
0.0236377716064453 0.0139446258544922 -0.0303421020507812 0.0405845642089844
0.0297470092773438 0.0116710662841797 -0.0406951904296875 0.058319091796875
0.0306758880615234 0.0206451416015625 -0.0565338134765625 0.056304931640625
0.02020263671875 0.0302562713623047 -0.0692100524902344 0.0364952087402344
-0.000106811523437498 0.0386772155761719 -0.0648155212402344 0.00409698486328126
-0.0335102081298828 0.0248050689697266 -0.0469779968261719 -0.019927978515625
-0.0417709350585938 -0.0111160278320313 -0.0452880859375 0.00641250610351563
-0.0318832397460937 -0.0401573181152344 -0.094390869140625 0.0219497680664063
-0.000144958496093757 0.0642776489257813 0.0931625366210938 -0.0135955810546875
0.0546989440917969 0.0351638793945313 0.0536003112792969 0.01458740234375
0.0443611145019531 -0.0207977294921875 0.0537681579589844 0.0236396789550781
0.0152053833007813 -0.0376815795898438 0.0802383422851563 0.00563812255859375
-0.00703811645507812 -0.0343894958496094 0.0826950073242188 -0.0293197631835938
-0.0281772613525391 -0.0322284698486328 0.0637931823730469 -0.0613059997558594
-0.0283699035644531 -0.0236091613769531 0.0474357604980469 -0.0624580383300781
-0.0222797393798828 -0.0254154205322266 0.0349082946777344 -0.0414657592773437
-0.0171928405761719 -0.03948974609375 0.0225086212158203 -0.0149002075195313
0.0124931335449219 -0.0385971069335938 0.000784873962402344 -0.00126123428344727
0.0381660461425781 -0.0171012878417969 -0.0327262878417969 -0.0173244476318359
0.040374755859375 0.010528564453125 -0.0306854248046875 -0.0578041076660156
0.0164146423339844 0.0448951721191406 0.0227890014648438 -0.108871459960938
-0.0136947631835937 0.061553955078125 0.0635528564453125 -0.102165222167969
-0.0420608520507812 0.0561294555664063 0.0389671325683594 -0.0606689453125
-0.02691650390625 0.0775299072265625 0.0877532958984375 0.0135269165039063
0.0353775024414062 0.061920166015625 0.0511054992675781 0.0395011901855469
0.0455818176269531 0.00635910034179688 0.0577812194824219 0.0422477722167969
0.0301799774169922 -0.0171585083007813 0.0880355834960937 0.0227203369140625
0.0149707794189453 -0.0273723602294922 0.0933914184570313 -0.0147247314453125
-0.00172805786132812 -0.037994384765625 0.0775527954101562 -0.0522994995117187
-0.0058441162109375 -0.0354537963867187 0.0583381652832031 -0.0535621643066406
-0.00136947631835938 -0.0330009460449219 0.0416374206542969 -0.0316505432128906
0.00629043579101562 -0.0453643798828125 0.0257434844970703 -0.00183677673339844
0.033599853515625 -0.0358963012695313 -0.000763893127441404 0.013636589050293
0.0527839660644531 -0.0049285888671875 -0.0404052734375 -0.00159072875976562
0.0484237670898437 0.0280990600585938 -0.0466117858886719 -0.0435943603515625
0.0105934143066406 0.0645103454589844 -0.00273895263671876 -0.100028991699219
-0.0311508178710937 0.0767669677734375 0.0358810424804687 -0.088287353515625
-0.0628242492675781 0.0683670043945313 0.01385498046875 -0.0434646606445312
-0.0533065795898438 0.0773086547851562 0.0697746276855469 0.0438423156738281
0.00518798828125001 0.0814971923828125 0.0378036499023437 0.0707778930664063
0.0355758666992188 0.0382957458496094 0.0568275451660156 0.0684394836425781
0.0417671203613281 0.0113792419433594 0.09161376953125 0.0448379516601562
0.0371627807617188 -0.0108642578125 0.097930908203125 0.00276947021484375
0.0282402038574219 -0.0366020202636719 0.0856170654296875 -0.0384292602539062
0.018707275390625 -0.0421371459960938 0.0610237121582031 -0.0395660400390625
0.0185966491699219 -0.0358619689941406 0.0407142639160156 -0.0171546936035156
0.0262489318847656 -0.0447998046875 0.0226364135742187 0.0133781433105469
0.0477180480957031 -0.0319557189941406 -0.00554847717285156 0.0297451019287109
0.0589866638183594 0.00136947631835938 -0.0471229553222656 0.0163803100585938
0.0528144836425781 0.0352668762207031 -0.0603904724121094 -0.0248794555664063
0.0133132934570312 0.0707168579101563 -0.0282440185546875 -0.0835189819335938
-0.034515380859375 0.0834579467773438 0.00604629516601563 -0.0666160583496094
-0.0712127685546875 0.0727615356445313 -0.0146083831787109 -0.0215435028076172
-0.0735092163085937 0.0641403198242188 0.0388336181640625 0.0720977783203125
-0.0282974243164062 0.0844802856445313 0.0107498168945313 0.1005859375
0.0154190063476563 0.0636367797851563 0.0460433959960938 0.0949554443359375
0.0420379638671875 0.0428848266601563 0.0862274169921875 0.0663070678710938
0.0529823303222656 0.01123046875 0.0919876098632812 0.0204010009765625
0.0538063049316406 -0.0261306762695313 0.082061767578125 -0.0203170776367188
0.0407676696777344 -0.0405311584472656 0.0535621643066406 -0.02093505859375
0.0358772277832031 -0.0329322814941406 0.0324974060058594 -0.00021171569824219
0.0415840148925781 -0.0397911071777344 0.0155048370361328 0.0285835266113281
0.0557136535644531 -0.0262794494628906 -0.0107383728027344 0.0439453125
0.059356689453125 0.0057220458984375 -0.0508155822753906 0.0336952209472656
0.0518646240234375 0.0359001159667969 -0.0674819946289063 -0.00415802001953125
0.0149269104003906 0.0677375793457031 -0.0452194213867187 -0.0601043701171875
-0.0319900512695313 0.0786361694335938 -0.0153999328613281 -0.0376167297363281
-0.0715484619140625 0.0670013427734375 -0.0407867431640625 0.00286483764648438
-0.0769424438476563 0.039276123046875 0.00165557861328125 0.089935302734375
-0.0526390075683594 0.0694351196289063 -0.0235595703125 0.121925354003906
-0.0101394653320313 0.0710220336914063 0.0261077880859375 0.115119934082031
0.0286941528320313 0.0634803771972656 0.069854736328125 0.0820846557617188
0.0533103942871094 0.0323677062988281 0.0760116577148438 0.032745361328125
0.0672721862792969 -0.00812149047851563 0.0670928955078125 -0.00362014770507813
0.0555839538574219 -0.0310821533203125 0.0377693176269531 -0.00220870971679688
0.0457916259765625 -0.0255317687988281 0.0188121795654297 0.0163822174072266
0.0508804321289063 -0.0301742553710938 0.00484848022460937 0.0428848266601563
0.0588111877441406 -0.016754150390625 -0.0181884765625 0.0557365417480469
0.0552940368652344 0.0117721557617188 -0.050933837890625 0.0456924438476563
0.0433616638183594 0.0368461608886719 -0.0654983520507813 0.0102577209472656
0.00833892822265624 0.059234619140625 -0.0499229431152344 -0.0352134704589844
-0.0325126647949219 0.0626564025878906 -0.0272731781005859 -0.00876998901367188
-0.0684242248535156 0.0489044189453125 -0.0632209777832031 0.0248947143554688
-0.062042236328125 0.00889968872070312 -0.03216552734375 0.0968017578125
-0.0577926635742187 0.0372962951660156 -0.056884765625 0.128913879394531
-0.028900146484375 0.0556564331054688 0.00358581542968751 0.123542785644531
0.00671768188476563 0.0634880065917969 0.0482635498046875 0.0858306884765625
0.0375404357910156 0.0438385009765625 0.0546684265136719 0.0363731384277344
0.0640602111816406 0.0106620788574219 0.0449867248535156 0.00805282592773437
0.0589981079101562 -0.0149269104003906 0.0175857543945313 0.0126457214355469
0.0490798950195313 -0.0141639709472656 0.002105712890625 0.0312213897705078
0.0534591674804687 -0.0173835754394531 -0.00800704956054687 0.0538978576660156
0.0581893920898437 -0.00401687622070312 -0.0269813537597656 0.061492919921875
0.0494003295898438 0.0205268859863281 -0.0529670715332031 0.050048828125
0.031982421875 0.0415191650390625 -0.0627975463867187 0.01788330078125
-0.00569534301757812 0.0520973205566406 -0.0481643676757813 -0.0199165344238281
-0.0399284362792969 0.0410423278808594 -0.0344696044921875 0.0105991363525391
-0.0644798278808594 0.0208282470703125 -0.0805435180664063 0.0385208129882812
-0.0320930480957031 -0.0203781127929687 -0.0516281127929687 0.0930252075195313
-0.043060302734375 0.000602722167968757 -0.0761642456054688 0.123481750488281
-0.0327072143554688 0.0236854553222656 -0.011962890625 0.1202392578125
-0.01470947265625 0.0431480407714844 0.0318984985351563 0.0803909301757813
0.0129051208496094 0.0413894653320312 0.0367202758789063 0.0317497253417969
0.0446624755859375 0.0258674621582031 0.0222511291503906 0.0112190246582031
0.0510673522949219 0.00350189208984375 -0.00301551818847656 0.0210018157958984
0.0444068908691406 -0.00041961669921875 -0.0155487060546875 0.0417976379394531
0.0499153137207031 -0.00341796875 -0.0228919982910156 0.0610389709472656
0.0523643493652344 0.00924301147460938 -0.0396347045898438 0.0640945434570313
0.0404472351074219 0.029052734375 -0.0583343505859375 0.04833984375
0.0186500549316406 0.0466957092285156 -0.0617103576660156 0.0166435241699219
-0.0226554870605469 0.0451202392578125 -0.0474853515625 -0.0121269226074219
-0.0493125915527344 0.017608642578125 -0.0412063598632813 0.01800537109375
-0.0575752258300781 -0.0120925903320312 -0.09381103515625 0.0399093627929688
0.00244522094726563 -0.0447235107421875 -0.0544662475585938 0.0816574096679688
-0.0155696868896484 -0.0319385528564453 -0.077117919921875 0.111900329589844
-0.0241146087646484 -0.0126457214355469 -0.0148468017578125 0.11273193359375
-0.0281467437744141 0.0111007690429688 0.0276718139648438 0.0706024169921875
-0.0123519897460937 0.0276565551757812 0.0278701782226563 0.0212574005126953
0.0166587829589844 0.0335922241210938 0.00581264495849609 0.00679922103881836
0.0343894958496094 0.0211315155029297 -0.020050048828125 0.0224781036376953
0.03271484375 0.0131359100341797 -0.0307350158691406 0.046234130859375
0.0394401550292969 0.0103988647460938 -0.0384788513183594 0.0638847351074219
0.0407066345214844 0.0207710266113281 -0.0543937683105469 0.0628128051757813
0.0277633666992187 0.0348453521728516 -0.0680580139160156 0.0431480407714844
0.00471115112304687 0.0461387634277344 -0.0663261413574219 0.0107269287109375
-0.03753662109375 0.0340728759765625 -0.0508460998535156 -0.0146865844726562
-0.0536231994628906 -0.00840377807617187 -0.0502815246582031 0.0130729675292969
-0.0450325012207031 -0.0439376831054688 -0.10406494140625 0.0293807983398437
0.0114173889160156 0.0679855346679688 0.10186767578125 -0.0220108032226562
0.0641632080078125 0.0284004211425781 0.0607948303222656 0.00646209716796875
0.0441970825195313 -0.03057861328125 0.0550193786621094 0.017486572265625
0.00925827026367188 -0.0437088012695313 0.0802230834960938 0.000785827636718747
-0.0145378112792969 -0.0361785888671875 0.0823974609375 -0.0351943969726563
-0.0376739501953125 -0.0291709899902344 0.0623245239257812 -0.0659904479980469
-0.0349941253662109 -0.0193424224853516 0.0464744567871094 -0.0682754516601563
-0.0285301208496094 -0.0217914581298828 0.0366592407226563 -0.0472068786621094
-0.0268669128417969 -0.0381202697753906 0.0275039672851563 -0.0184478759765625
0.0043487548828125 -0.043426513671875 0.00653076171875 -0.000653743743896487
0.0369606018066406 -0.0263671875 -0.0312576293945313 -0.0108318328857422
0.0453262329101563 0.00253677368164063 -0.0361709594726562 -0.0523796081542969
0.0268363952636719 0.0471534729003906 0.0118179321289063 -0.111434936523438
-0.00360107421875 0.0706939697265625 0.0573654174804688 -0.111160278320312
-0.0344963073730469 0.0686302185058594 0.0408363342285156 -0.0655670166015625
-0.018646240234375 0.0829544067382813 0.101203918457031 0.00749206542968751
0.044830322265625 0.0584754943847656 0.0617027282714844 0.0326042175292969
0.0467376708984375 -0.00038909912109375 0.0625038146972656 0.0359687805175781
0.0273647308349609 -0.0225639343261719 0.0909957885742188 0.0166778564453125
0.00970458984375 -0.0293636322021484 0.0954742431640625 -0.0218048095703125
-0.00906372070312499 -0.0373802185058594 0.0775680541992187 -0.059600830078125
-0.0114154815673828 -0.0342044830322266 0.0594253540039063 -0.0617218017578125
-0.00645065307617187 -0.0318984985351563 0.0452537536621094 -0.0385551452636719
-0.00133132934570313 -0.0459327697753906 0.0326156616210938 -0.0060272216796875
0.0287246704101563 -0.041839599609375 0.00787925720214844 0.0143022537231445
0.0536079406738281 -0.0126800537109375 -0.0358505249023437 0.00629043579101563
0.05474853515625 0.0226020812988281 -0.0489082336425781 -0.0346412658691406
0.0204048156738281 0.0670242309570313 -0.012298583984375 -0.0988845825195312
-0.0233383178710937 0.0877456665039063 0.0313796997070312 -0.0931396484375
-0.0580902099609375 0.0824127197265625 0.0175933837890625 -0.0436439514160156
-0.0497665405273438 0.08465576171875 0.0855712890625 0.0418624877929688
0.011810302734375 0.0817031860351563 0.051361083984375 0.066497802734375
0.037841796875 0.0345802307128906 0.0644073486328125 0.0623741149902344
0.0414390563964844 0.00821304321289063 0.0980148315429687 0.038543701171875
0.0359153747558594 -0.01416015625 0.102447509765625 -0.0050048828125
0.0238037109375 -0.0383758544921875 0.0878448486328125 -0.04656982421875
0.0156097412109375 -0.0434112548828125 0.0634956359863281 -0.0478286743164062
0.0162162780761719 -0.0372276306152344 0.0456047058105469 -0.0240898132324219
0.0223731994628906 -0.0477027893066406 0.0313148498535156 0.00851821899414062
0.0457496643066406 -0.0372352600097656 0.00537109375 0.030120849609375
0.0620346069335937 -0.0041046142578125 -0.0405044555664062 0.0243568420410156
0.0591659545898437 0.0316276550292969 -0.0599594116210937 -0.0144157409667969
0.0204544067382812 0.0744247436523438 -0.0364608764648437 -0.0782241821289063
-0.02923583984375 0.0938186645507813 0.00393295288085938 -0.0671043395996094
-0.0694122314453125 0.085968017578125 -0.0105056762695313 -0.0176525115966797
-0.0747299194335938 0.0718612670898437 0.0546035766601562 0.07440185546875
-0.0257110595703125 0.08929443359375 0.026763916015625 0.101898193359375
0.0178070068359375 0.0644912719726563 0.0572280883789063 0.0907974243164062
0.0452957153320313 0.0424232482910156 0.094390869140625 0.0611801147460938
0.0546722412109375 0.00961685180664063 0.0980377197265625 0.0131378173828125
0.0539321899414063 -0.0295677185058594 0.0862655639648438 -0.0290679931640625
0.04058837890625 -0.0441780090332031 0.0577964782714844 -0.0283126831054688
0.0359039306640625 -0.0361175537109375 0.0383186340332031 -0.006317138671875
0.0412826538085938 -0.0433425903320313 0.0245151519775391 0.0247306823730469
0.0569648742675781 -0.0311737060546875 0.000675201416015628 0.0441551208496094
0.06390380859375 0.00219345092773438 -0.0417709350585938 0.04071044921875
0.0576972961425781 0.0347862243652344 -0.0636329650878906 0.00603485107421876
0.0194320678710938 0.0720367431640625 -0.0496826171875 -0.0520439147949219
-0.0305404663085938 0.0873184204101563 -0.0155105590820313 -0.0344219207763672
-0.0727310180664063 0.0782470703125 -0.0371208190917969 0.0102615356445313
-0.0838775634765625 0.0447845458984375 0.0153045654296875 0.0976028442382813
-0.05596923828125 0.0749359130859375 -0.00800323486328124 0.128128051757812
-0.00945281982421876 0.076202392578125 0.0388641357421875 0.11395263671875
0.0327987670898438 0.0680809020996094 0.0788116455078125 0.0777130126953125
0.0586662292480469 0.0325889587402344 0.0820999145507812 0.0262451171875
0.0717926025390625 -0.012115478515625 0.07177734375 -0.0107879638671875
0.0586395263671875 -0.0361557006835938 0.0423660278320313 -0.00707626342773438
0.0492782592773437 -0.029754638671875 0.0244789123535156 0.0126380920410156
0.0542068481445313 -0.0348625183105469 0.0132408142089844 0.0397872924804688
0.0642242431640625 -0.0209388732910156 -0.00700759887695312 0.0556106567382813
0.0609626770019531 0.01080322265625 -0.0420989990234375 0.0506057739257813
0.0493545532226563 0.0390434265136719 -0.060699462890625 0.0195388793945313
0.0109100341796875 0.0650444030761719 -0.0511054992675781 -0.0283355712890625
-0.0352096557617188 0.0714645385742187 -0.0252418518066406 -0.00407028198242188
-0.0737762451171875 0.0580368041992188 -0.0590476989746094 0.0340652465820313
-0.0720062255859375 0.01019287109375 -0.022186279296875 0.107368469238281
-0.0658798217773438 0.0426521301269531 -0.0439987182617188 0.139244079589844
-0.0317344665527344 0.0622787475585938 0.01702880859375 0.1246337890625
0.00956726074218749 0.0711517333984375 0.0574569702148437 0.0829925537109375
0.0442466735839844 0.0471954345703125 0.0593338012695313 0.0316009521484375
0.0712738037109375 0.00821685791015625 0.0483894348144531 0.00250625610351563
0.0653076171875 -0.0213470458984375 0.0206108093261719 0.0105228424072266
0.0539474487304688 -0.0190048217773438 0.00714111328125 0.0295581817626953
0.0597190856933594 -0.0232048034667969 -0.000953674316406247 0.0523796081542969
0.0653953552246094 -0.00802993774414063 -0.0183067321777344 0.0622634887695313
0.0561981201171875 0.020294189453125 -0.0445632934570313 0.0545539855957031
0.0383796691894531 0.0459938049316406 -0.0573577880859375 0.0243148803710937
-0.00478363037109375 0.0598907470703125 -0.0478858947753906 -0.0125770568847656
-0.0460700988769531 0.0487289428710937 -0.0313796997070313 0.0171833038330078
-0.0734786987304688 0.0279006958007813 -0.078369140625 0.0491867065429687
-0.0439033508300781 -0.0243759155273438 -0.0465469360351562 0.104850769042969
-0.0539932250976563 0.00135803222656251 -0.0664520263671875 0.136329650878906
-0.0399856567382813 0.0288619995117187 3.05175781250112E-05 0.123664855957031
-0.0148200988769531 0.0518264770507812 0.0399398803710938 0.0777511596679688
0.01873779296875 0.047271728515625 0.0391502380371094 0.0274734497070313
0.0546913146972656 0.0259628295898438 0.0229644775390625 0.00821685791015625
0.0597343444824219 -0.00157928466796875 -0.002532958984375 0.0216865539550781
0.0509681701660156 -0.005950927734375 -0.0116615295410156 0.0430107116699219
0.057769775390625 -0.00918197631835938 -0.0173912048339844 0.0620307922363281
0.0618553161621094 0.0051116943359375 -0.0328788757324219 0.065887451171875
0.04864501953125 0.0293807983398438 -0.0524368286132812 0.0526924133300781
0.0264053344726562 0.0521125793457031 -0.0580291748046875 0.0224113464355469
-0.0229873657226563 0.0541229248046875 -0.0462379455566406 -0.0062408447265625
-0.0576972961425781 0.0245513916015625 -0.0395088195800781 0.0251007080078125
-0.0697860717773437 -0.00808715820312501 -0.0952377319335938 0.0506057739257813
-0.00767135620117188 -0.0529670715332031 -0.052520751953125 0.0909500122070313
-0.0272216796875 -0.0361289978027344 -0.069366455078125 0.123260498046875
-0.033477783203125 -0.0102291107177734 -0.00312042236328125 0.114990234375
-0.0321617126464844 0.0193061828613281 0.0333747863769531 0.0662612915039063
-0.00936126708984375 0.035736083984375 0.0282917022705078 0.0166339874267578
0.0264205932617188 0.036956787109375 0.00332117080688477 0.00583362579345703
0.043853759765625 0.0174179077148438 -0.0223712921142578 0.0250530242919922
0.0403633117675781 0.00931167602539062 -0.0293426513671875 0.0501174926757813
0.0472755432128906 0.00543975830078125 -0.0347747802734375 0.0682945251464844
0.0504379272460938 0.017303466796875 -0.0503997802734375 0.065704345703125
0.0366439819335938 0.0361213684082031 -0.06451416015625 0.0480499267578125
0.0113716125488281 0.0523834228515625 -0.0643119812011719 0.0161476135253906
-0.037872314453125 0.04364013671875 -0.0503349304199219 -0.00823593139648438
-0.063140869140625 -0.00174713134765624 -0.0518875122070313 0.0215568542480469
-0.0588226318359375 -0.0431098937988281 -0.109550476074219 0.0392074584960938
0.0218544006347656 0.0674781799316406 0.107696533203125 -0.0307693481445313
0.0712432861328125 0.0195083618164063 0.063690185546875 -0.001953125
0.0415077209472656 -0.0384254455566406 0.0539474487304688 0.0125846862792969
0.00266647338867188 -0.0468292236328125 0.0790634155273438 -0.00286865234375
-0.0214271545410156 -0.0356597900390625 0.0811004638671875 -0.0378570556640625
-0.0439376831054688 -0.0230369567871094 0.0601882934570312 -0.0685501098632813
-0.0392875671386719 -0.0135993957519531 0.0455856323242188 -0.0729598999023437
-0.0328445434570313 -0.0171718597412109 0.0370101928710938 -0.0518150329589844
-0.0346775054931641 -0.0340385437011719 0.0311717987060547 -0.0230197906494141
-0.00387954711914063 -0.0452613830566406 0.0123577117919922 -0.00228214263916016
0.0334968566894531 -0.0335292816162109 -0.0265007019042969 -0.00644874572753906
0.0475120544433594 -0.00479888916015625 -0.0360260009765625 -0.0461692810058594
0.03656005859375 0.0446815490722656 0.00403594970703125 -0.109146118164063
0.00779724121093749 0.0759811401367188 0.0520172119140625 -0.116439819335938
-0.0248184204101563 0.0775680541992188 0.043060302734375 -0.0701217651367188
-0.0101852416992187 0.0849075317382813 0.110122680664063 -0.000946044921874995
0.0509529113769531 0.053131103515625 0.0683135986328125 0.0242538452148438
0.0450248718261719 -0.00650405883789063 0.0635528564453125 0.0305290222167969
0.0230178833007813 -0.0253028869628906 0.091827392578125 0.0129165649414062
0.00437355041503906 -0.0291004180908203 0.0960235595703125 -0.0270156860351563
-0.0150279998779297 -0.0338764190673828 0.0780715942382813 -0.0647659301757813
-0.0155277252197266 -0.0308361053466797 0.0592002868652344 -0.0684547424316406
-0.0100669860839844 -0.0295162200927734 0.0472297668457031 -0.0459175109863281
-0.00736618041992188 -0.043731689453125 0.0380134582519531 -0.012603759765625
0.0223922729492188 -0.0440635681152344 0.0164041519165039 0.0124139785766602
0.0524406433105469 -0.0193214416503906 -0.02899169921875 0.0108661651611328
0.0580062866210938 0.0169486999511719 -0.046844482421875 -0.0274276733398438
0.0288200378417969 0.0674781799316406 -0.01898193359375 -0.0944366455078125
-0.0139923095703125 0.0951461791992188 0.02801513671875 -0.09588623046875
-0.0509796142578125 0.0924072265625 0.0220146179199219 -0.0445976257324219
-0.0457687377929688 0.0895767211914063 0.0976943969726563 0.0358734130859375
0.0167083740234375 0.0804977416992188 0.06060791015625 0.0596389770507813
0.0380134582519531 0.0318260192871094 0.0685081481933594 0.0562858581542969
0.0406227111816406 0.00665664672851562 0.100303649902344 0.033935546875
0.0335273742675781 -0.0144710540771484 0.104667663574219 -0.0110321044921875
0.0202751159667969 -0.0373115539550781 0.0883407592773438 -0.0534744262695313
0.0125198364257813 -0.042755126953125 0.0647392272949219 -0.0555648803710938
0.0142288208007813 -0.0369224548339844 0.0487251281738281 -0.0324211120605469
0.0189132690429688 -0.0482292175292969 0.0384101867675781 0.00205612182617187
0.0433502197265625 -0.0407295227050781 0.0149555206298828 0.0272560119628906
0.0630416870117188 -0.00893783569335938 -0.0312061309814453 0.0279674530029297
0.063568115234375 0.0281753540039063 -0.0556144714355469 -0.00597381591796874
0.026702880859375 0.0755462646484375 -0.0395278930664063 -0.0720138549804688
-0.0238265991210938 0.101325988769531 0.00298309326171874 -0.0664138793945312
-0.0657577514648438 0.09625244140625 -0.00482368469238282 -0.0153722763061523
-0.075592041015625 0.0774993896484375 0.068145751953125 0.0721588134765625
-0.0236434936523437 0.092803955078125 0.0387954711914062 0.0980758666992188
0.0184173583984375 0.0653953552246094 0.0633926391601563 0.0851058959960938
0.0465583801269531 0.0429763793945313 0.0987396240234375 0.0554580688476563
0.0561180114746094 0.00837326049804688 0.1014404296875 0.0062713623046875
0.0533599853515625 -0.0316658020019531 0.08721923828125 -0.0365142822265625
0.0398292541503906 -0.046783447265625 0.0597610473632812 -0.0356292724609375
0.0370101928710938 -0.038818359375 0.0418624877929687 -0.0139198303222656
0.0411224365234375 -0.0461540222167969 0.0313796997070313 0.0182151794433594
0.0580101013183594 -0.0341796875 0.01043701171875 0.0403823852539063
0.0665283203125 -0.000186920166015625 -0.0318527221679688 0.042449951171875
0.0622177124023437 0.03399658203125 -0.0571403503417969 0.0132102966308594
0.023651123046875 0.0747604370117188 -0.0496749877929688 -0.0454292297363281
-0.0286102294921875 0.0950851440429688 -0.0131587982177734 -0.0322914123535156
-0.0730133056640625 0.0882797241210938 -0.0298995971679688 0.0144176483154297
-0.0893173217773437 0.0500640869140625 0.0283126831054687 0.0998687744140625
-0.0586318969726563 0.08135986328125 0.00527954101562501 0.128807067871094
-0.00972747802734375 0.0807647705078125 0.0473251342773438 0.109596252441406
0.0370712280273437 0.071746826171875 0.0848770141601562 0.0728073120117187
0.0628852844238281 0.0332450866699219 0.0854339599609375 0.0211563110351563
0.0750198364257813 -0.015533447265625 0.0731201171875 -0.0173187255859375
0.0601119995117188 -0.041748046875 0.044281005859375 -0.0131568908691406
0.0517349243164063 -0.0344314575195313 0.0275535583496094 0.00710296630859375
0.0566177368164063 -0.0396308898925781 0.0196151733398438 0.0344581604003906
0.0675201416015625 -0.0251960754394531 0.00152206420898438 0.0515556335449219
0.067108154296875 0.00946044921875 -0.0331039428710937 0.0510902404785156
0.0555000305175781 0.0408744812011719 -0.0536918640136719 0.0243644714355469
0.0132675170898438 0.0704803466796875 -0.0485458374023438 -0.022491455078125
-0.036773681640625 0.079132080078125 -0.0210037231445313 -0.000286102294921868
-0.0775299072265625 0.0667572021484375 -0.0528755187988281 0.0406684875488281
-0.0825881958007813 0.013763427734375 -0.0118026733398438 0.112983703613281
-0.0736923217773437 0.0482330322265625 -0.031341552734375 0.1435546875
-0.0340080261230469 0.0685195922851563 0.0260543823242188 0.121932983398437
0.0131149291992187 0.0777435302734375 0.0622177124023438 0.0788803100585938
0.0508270263671875 0.0493698120117188 0.0615463256835937 0.0270347595214844
0.0784912109375 0.00472259521484375 0.0492706298828125 -0.00197601318359375
0.0698661804199219 -0.0273475646972656 0.0225143432617188 0.00746536254882812
0.0587730407714844 -0.0253753662109375 0.0102519989013672 0.0263500213623047
0.0648002624511719 -0.0287551879882812 0.00423049926757813 0.0488700866699219
0.0720901489257813 -0.0129241943359375 -0.0110130310058594 0.0590095520019531
0.0634689331054688 0.0197372436523438 -0.0378532409667969 0.0542030334472656
0.0455741882324219 0.0488967895507813 -0.0507316589355469 0.0275840759277344
-0.00313949584960938 0.0664253234863281 -0.0436553955078125 -0.00846099853515624
-0.0504570007324219 0.0573310852050781 -0.0266571044921875 0.0217266082763672
-0.0812911987304688 0.035797119140625 -0.0734481811523438 0.0563507080078125
-0.0557785034179688 -0.0249290466308594 -0.040191650390625 0.111442565917969
-0.0647850036621094 0.00514602661132814 -0.056976318359375 0.142440795898438
-0.045501708984375 0.0350494384765625 0.00991058349609375 0.121635437011719
-0.0131721496582031 0.0602531433105469 0.0439682006835938 0.0741500854492188
0.0255317687988281 0.0529632568359375 0.0394477844238281 0.0238075256347656
0.0634994506835938 0.0233573913574219 0.0228710174560547 0.00611686706542969
0.0664443969726562 -0.0088348388671875 -0.00109672546386718 0.0217914581298828
0.0568923950195312 -0.012176513671875 -0.00891113281249999 0.0429000854492188
0.0633964538574219 -0.0157928466796875 -0.0135726928710937 0.0612907409667969
0.0688896179199219 -0.00054931640625 -0.0278396606445312 0.0643768310546875
0.0566329956054688 0.0285530090332031 -0.0474319458007813 0.0531692504882813
0.0343017578125 0.05548095703125 -0.0532951354980469 0.0246315002441406
-0.0213394165039063 0.0625648498535156 -0.0425949096679688 -0.00242614746093749
-0.0637588500976563 0.0338172912597656 -0.0358543395996094 0.0312385559082031
-0.0806808471679688 -0.00140380859374999 -0.0937423706054688 0.0589752197265625
-0.0192222595214844 -0.0580902099609375 -0.0503005981445312 0.0983810424804688
-0.0385665893554687 -0.0364646911621094 -0.0632095336914063 0.130645751953125
-0.0409698486328125 -0.00695037841796876 0.00535583496093751 0.113380432128906
-0.0337390899658203 0.0276031494140625 0.0359954833984375 0.0615234375
-0.004364013671875 0.0427436828613281 0.0256423950195313 0.0137348175048828
0.0367240905761719 0.0366439819335938 0.000101566314697268 0.00569295883178711
0.0515174865722656 0.0120773315429688 -0.0233993530273437 0.0287437438964844
0.0457344055175781 0.00347900390625 -0.0274467468261719 0.0525283813476562
0.0535163879394531 -0.000438690185546875 -0.0322036743164063 0.0698089599609375
0.05816650390625 0.011932373046875 -0.0466804504394531 0.0668678283691406
0.0442848205566406 0.0346870422363281 -0.0611801147460937 0.0495529174804687
0.019927978515625 0.0563774108886719 -0.060821533203125 0.0189590454101562
-0.0360755920410156 0.0518150329589844 -0.0475044250488281 -0.0039825439453125
-0.0697174072265625 0.00661087036132813 -0.0500907897949219 0.0288887023925781
-0.0703659057617188 -0.0385513305664062 -0.112464904785156 0.0483551025390625
0.0302772521972656 0.0653915405273438 0.113502502441406 -0.03961181640625
0.0753402709960937 0.0108566284179687 0.0643196105957031 -0.00978469848632812
0.038330078125 -0.04449462890625 0.0530242919921875 0.00968933105468749
-0.00308609008789062 -0.0495109558105469 0.0786361694335937 -0.003143310546875
-0.0273876190185547 -0.0340042114257813 0.0811233520507813 -0.0392837524414063
-0.0490951538085937 -0.0171051025390625 0.0610885620117187 -0.0703125
-0.04217529296875 -0.00817871093750001 0.0458450317382812 -0.076751708984375
-0.0361366271972656 -0.0121955871582031 0.0380783081054688 -0.0566864013671875
-0.0401649475097656 -0.0290260314941406 0.0346927642822266 -0.0285263061523438
-0.0107841491699219 -0.0453071594238281 0.017669677734375 -0.0052642822265625
0.0293121337890625 -0.0401763916015625 -0.0207271575927734 -0.00429344177246094
0.0483932495117188 -0.0116958618164063 -0.0335884094238281 -0.0418891906738281
0.0440025329589844 0.0419158935546875 0.000358581542968742 -0.10650634765625
0.0187149047851563 0.07867431640625 0.0494842529296875 -0.120010375976562
-0.0150375366210937 0.0827560424804688 0.04693603515625 -0.074798583984375
-0.0049591064453125 0.0862655639648438 0.118606567382813 -0.00831604003906249
0.0553398132324219 0.0483322143554688 0.0712738037109375 0.0159149169921875
0.0425186157226562 -0.010711669921875 0.0629844665527344 0.0272254943847656
0.0191535949707031 -0.0260524749755859 0.0926437377929688 0.01190185546875
0.000329971313476565 -0.0277996063232422 0.0977249145507813 -0.0297775268554688
-0.0184535980224609 -0.029876708984375 0.0788345336914062 -0.068878173828125
-0.0172443389892578 -0.0268325805664062 0.0603713989257812 -0.0748291015625
-0.0113315582275391 -0.0268135070800781 0.0491104125976562 -0.0525245666503906
-0.0113296508789063 -0.0409088134765625 0.0427093505859375 -0.0193252563476563
0.0180435180664063 -0.0450859069824219 0.0236682891845703 0.00824737548828125
0.050628662109375 -0.0241241455078125 -0.0213756561279297 0.0124549865722656
0.0599212646484375 0.0117225646972656 -0.0428581237792969 -0.0228958129882813
0.0356712341308594 0.0670433044433594 -0.0208892822265625 -0.090545654296875
-0.00592041015625 0.1002197265625 0.0276641845703125 -0.0978164672851562
-0.0436553955078125 0.100372314453125 0.0272560119628906 -0.0470428466796875
-0.0444717407226562 0.0931549072265625 0.108863830566406 0.0299911499023438
0.0193634033203125 0.0799789428710938 0.0672683715820313 0.052978515625
0.0371818542480469 0.0303230285644531 0.0698204040527344 0.0527076721191406
0.0397834777832031 0.00632858276367188 0.102684020996094 0.0313720703125
0.0319099426269531 -0.0134449005126953 0.106986999511719 -0.014312744140625
0.0181846618652344 -0.0361785888671875 0.0901718139648438 -0.0590591430664063
0.01171875 -0.042144775390625 0.0669784545898438 -0.0619850158691406
0.0145797729492188 -0.0369071960449219 0.0507392883300781 -0.0401344299316406
0.0175857543945313 -0.0475311279296875 0.0434341430664062 -0.00553512573242188
0.0422210693359375 -0.0425300598144531 0.0232181549072266 0.0220813751220703
0.0640945434570313 -0.0113258361816406 -0.0227584838867187 0.0282478332519531
0.0663375854492188 0.02569580078125 -0.0497817993164063 -0.00162887573242188
0.0319976806640625 0.0772171020507813 -0.0392684936523438 -0.0670700073242187
-0.0188674926757812 0.108016967773437 0.00446319580078125 -0.0667877197265625
-0.06298828125 0.104850769042969 0.00188255310058593 -0.0154104232788086
-0.0778579711914063 0.0835113525390625 0.0796356201171875 0.0696640014648438
-0.02410888671875 0.0963592529296875 0.0475234985351563 0.093048095703125
0.0179328918457031 0.0677642822265625 0.06683349609375 0.0808639526367188
0.0490951538085938 0.0455398559570313 0.101577758789063 0.05279541015625
0.0580062866210938 0.00809860229492188 0.104568481445313 0.0029296875
0.0538978576660156 -0.0334892272949219 0.0897979736328125 -0.0424270629882813
0.0402183532714844 -0.0497932434082031 0.0616416931152344 -0.0423316955566406
0.0381507873535156 -0.0405921936035156 0.0442924499511719 -0.0203323364257813
0.0420417785644531 -0.0487442016601563 0.0364532470703125 0.0112075805664062
0.0597648620605469 -0.036712646484375 0.0177993774414063 0.0353317260742188
0.0702400207519531 -0.001739501953125 -0.0231971740722656 0.041473388671875
0.0671348571777344 0.0351486206054688 -0.0508880615234375 0.0158271789550781
0.0267486572265625 0.0790786743164062 -0.0476417541503906 -0.0415573120117187
-0.0272140502929688 0.102714538574219 -0.00995635986328125 -0.0316581726074219
-0.0738372802734375 0.0966110229492188 -0.0230941772460938 0.0168209075927734
-0.0961685180664063 0.0562820434570313 0.0387725830078125 0.10076904296875
-0.06268310546875 0.0886764526367188 0.013885498046875 0.127059936523438
-0.0113449096679688 0.08575439453125 0.0512771606445313 0.106231689453125
0.04083251953125 0.0757064819335938 0.0871505737304688 0.070068359375
0.0670814514160156 0.0334510803222656 0.0872955322265625 0.0167083740234375
0.0788421630859375 -0.0187759399414063 0.0748825073242188 -0.0224227905273438
0.0624122619628906 -0.0468559265136719 0.0470161437988281 -0.0182647705078125
0.0553092956542969 -0.0379676818847656 0.0297584533691406 0.00205802917480469
0.0596046447753906 -0.0440444946289063 0.0231037139892578 0.0285148620605469
0.0720672607421875 -0.0290451049804688 0.00757217407226563 0.0462760925292969
0.0728225708007813 0.00865936279296875 -0.0257835388183594 0.0491600036621094
0.0609970092773438 0.0428504943847656 -0.0475120544433594 0.0258293151855469
0.0161056518554688 0.0764236450195313 -0.0452346801757813 -0.02032470703125
-0.0389404296875 0.0874404907226563 -0.0164604187011719 0.00107669830322266
-0.0815505981445312 0.0755615234375 -0.0472526550292969 0.0443878173828125
-0.0921630859375 0.0182876586914063 -0.00360107421875 0.118644714355469
-0.0822219848632813 0.0556488037109375 -0.0228271484375 0.144760131835938
-0.0372314453125 0.0753936767578125 0.03131103515625 0.119400024414063
0.0166091918945313 0.0845489501953125 0.0649871826171875 0.076568603515625
0.0570831298828125 0.0526046752929688 0.0622749328613281 0.0245933532714844
0.0850448608398438 0.00061798095703125 0.05059814453125 -0.00632476806640625
0.0743942260742188 -0.034210205078125 0.0244026184082031 0.00511360168457031
0.0620880126953125 -0.0316505432128906 0.0122947692871094 0.0244789123535156
0.0691184997558594 -0.0346183776855469 0.00651931762695313 0.0462646484375
0.07769775390625 -0.0187225341796875 -0.00739288330078125 0.054595947265625
0.07086181640625 0.0186691284179688 -0.0327796936035156 0.05255126953125
0.0532989501953125 0.0516777038574219 -0.0467033386230469 0.0269851684570312
-0.000976562500000003 0.07354736328125 -0.0403327941894531 -0.00666046142578125
-0.0543937683105469 0.0667839050292969 -0.0213394165039063 0.0243473052978516
-0.0876846313476563 0.0440673828125 -0.0697517395019531 0.0613441467285156
-0.0670700073242188 -0.0230255126953125 -0.0356063842773438 0.118728637695313
-0.0751724243164063 0.0101699829101562 -0.05035400390625 0.14678955078125
-0.0511589050292969 0.0419158935546875 0.0149917602539063 0.120285034179687
-0.0116996765136719 0.068603515625 0.0449676513671875 0.0719833374023438
0.0312614440917969 0.0566024780273437 0.0385398864746094 0.0218696594238281
0.072479248046875 0.0213699340820313 0.0216751098632813 0.00427055358886719
0.0718307495117188 -0.0154571533203125 -0.00100898742675781 0.0219154357910156
0.0614089965820313 -0.0174446105957031 -0.00806427001953125 0.0425224304199219
0.0682449340820313 -0.0227622985839844 -0.0121040344238281 0.0601921081542969
0.0755996704101562 -0.00699615478515625 -0.0253410339355469 0.0617141723632813
0.0647315979003906 0.0275497436523438 -0.0442581176757812 0.0519828796386719
0.0413284301757812 0.0578880310058594 -0.0498199462890625 0.0246734619140625
-0.0187301635742187 0.0693817138671875 -0.0388221740722656 -0.001708984375
-0.06939697265625 0.0433464050292969 -0.0320854187011719 0.0349960327148438
-0.08978271484375 0.00598907470703126 -0.0928573608398438 0.0659866333007812
-0.03045654296875 -0.0594444274902344 -0.0500564575195312 0.10540771484375
-0.0500144958496094 -0.0338096618652344 -0.0587844848632813 0.135337829589844
-0.0478706359863281 -0.00188064575195311 0.00959014892578125 0.110916137695313
-0.0348129272460937 0.0362892150878906 0.03521728515625 0.0584983825683594
0.00123214721679687 0.0485801696777344 0.0215740203857422 0.0111503601074219
0.0452156066894531 0.0348663330078125 -0.00222349166870117 0.00616455078125
0.0577850341796875 0.0053863525390625 -0.0243034362792969 0.0320854187011719
0.0502281188964844 -0.00257110595703125 -0.0273017883300781 0.0559501647949219
0.0581130981445313 -0.00728607177734375 -0.03125 0.0715713500976563
0.0632362365722656 0.00618743896484375 -0.045745849609375 0.0669593811035156
0.0513229370117188 0.0332870483398438 -0.0602874755859375 0.0492324829101563
0.0268020629882812 0.05841064453125 -0.0585556030273438 0.01922607421875
-0.0337944030761719 0.0599822998046875 -0.043975830078125 -0.00280380249023438
-0.075714111328125 0.0154953002929688 -0.0482406616210938 0.0346298217773438
-0.0794601440429688 -0.0325927734375 -0.115509033203125 0.05584716796875
0.0373458862304688 0.0638961791992188 0.119728088378906 -0.0476226806640625
0.0791168212890625 0.00380706787109375 0.0655097961425781 -0.0164756774902344
0.0348701477050781 -0.0498504638671875 0.0515060424804688 0.00923538208007812
-0.00878906249999999 -0.0511550903320313 0.080352783203125 -0.00382232666015625
-0.0326004028320313 -0.0320205688476563 0.0842819213867188 -0.0402145385742188
-0.0538177490234375 -0.0114402770996094 0.0638580322265625 -0.0741424560546875
-0.0441818237304688 -0.00206375122070313 0.047210693359375 -0.0821075439453125
-0.0384635925292969 -0.00785446166992187 0.0389251708984375 -0.0624046325683594
-0.0459213256835938 -0.024017333984375 0.0374641418457031 -0.035125732421875
-0.0175514221191406 -0.0456047058105469 0.0229148864746094 -0.00940895080566407
0.024566650390625 -0.0448951721191406 -0.0159721374511719 -0.00432300567626954
0.048248291015625 -0.0181999206542969 -0.03125 -0.0392875671386719
0.0510902404785156 0.0381660461425781 -0.00159454345703124 -0.106239318847656
0.0300064086914062 0.0802764892578125 0.0484390258789062 -0.125991821289063
-0.0062408447265625 0.0877914428710938 0.0506744384765625 -0.0815582275390625
-6.10351562499932E-05 0.0883026123046875 0.1275634765625 -0.0174789428710937
0.0583572387695312 0.0446205139160156 0.0746078491210938 0.00871276855468751
0.0416030883789063 -0.0140266418457031 0.0632858276367188 0.0250205993652344
0.0164432525634766 -0.0275802612304688 0.0968093872070313 0.0105056762695312
-0.00190925598144531 -0.0266437530517578 0.101325988769531 -0.0324783325195313
-0.0212936401367187 -0.0254077911376953 0.0829086303710937 -0.0739669799804687
-0.0188827514648438 -0.0245819091796875 0.0629043579101563 -0.0817184448242188
-0.0128250122070312 -0.0247516632080078 0.0505180358886719 -0.0607147216796875
-0.0147209167480469 -0.0384559631347656 0.04644775390625 -0.0272140502929688
0.0143623352050781 -0.0457992553710937 0.0301609039306641 0.00233840942382812
0.0494651794433594 -0.0284843444824219 -0.014470100402832 0.0115575790405273
0.0621185302734375 0.00839614868164062 -0.0379447937011719 -0.0192527770996094
0.0418968200683594 0.0668754577636719 -0.021209716796875 -0.0880661010742188
0.00244903564453126 0.106498718261719 0.0277099609375 -0.101806640625
-0.0380935668945313 0.108413696289063 0.0336112976074219 -0.0519485473632812
-0.0437393188476563 0.0989532470703125 0.119392395019531 0.0234222412109375
0.0217666625976563 0.0816879272460938 0.0727462768554687 0.0460586547851563
0.0361442565917969 0.0313453674316406 0.0706710815429688 0.0499649047851562
0.0397109985351563 0.00792694091796875 0.106643676757813 0.0306015014648438
0.0316696166992188 -0.0129814147949219 0.111137390136719 -0.0186843872070313
0.017730712890625 -0.0352897644042969 0.0932998657226563 -0.0655517578125
0.0121078491210937 -0.0428886413574219 0.06890869140625 -0.0711441040039063
0.0151901245117188 -0.0373764038085938 0.0517768859863281 -0.0489234924316406
0.0174560546875 -0.0482406616210938 0.0474205017089844 -0.0137252807617188
0.0416603088378906 -0.0455169677734375 0.0298633575439453 0.0155563354492187
0.0660400390625 -0.0149765014648438 -0.0152988433837891 0.0272998809814453
0.0706253051757813 0.0240707397460938 -0.0430946350097656 0.000572204589843753
0.0375595092773438 0.0810012817382812 -0.0385475158691406 -0.0645980834960938
-0.0151138305664063 0.116462707519531 0.00620269775390624 -0.0696563720703125
-0.0600814819335938 0.115501403808594 0.00878143310546874 -0.0177230834960937
-0.082244873046875 0.0908279418945313 0.0923385620117188 0.0665969848632813
-0.0252151489257812 0.102653503417969 0.05499267578125 0.0898895263671875
0.0176162719726563 0.0725173950195313 0.0695648193359375 0.0788116455078125
0.0513458251953125 0.0483741760253906 0.106056213378906 0.052703857421875
0.0611114501953125 0.00946044921875 0.108444213867188 -0.00171661376953125
0.0563392639160156 -0.0348434448242188 0.0922698974609375 -0.0487060546875
0.0419540405273437 -0.0531272888183594 0.0640983581542969 -0.0505485534667969
0.0407905578613281 -0.0442657470703125 0.0463447570800781 -0.0280609130859375
0.0440292358398438 -0.0529060363769531 0.0390548706054688 0.00344467163085937
0.0623626708984375 -0.0408210754394531 0.0231533050537109 0.0290184020996094
0.0758438110351563 -0.0035247802734375 -0.0171890258789062 0.03900146484375
0.0733642578125 0.0351715087890625 -0.0436019897460937 0.0175094604492188
0.03082275390625 0.0833969116210938 -0.0449676513671875 -0.0396080017089844
-0.0255966186523437 0.112266540527344 -0.00649642944335938 -0.0325736999511719
-0.0740585327148438 0.108314514160156 -0.0167074203491211 0.0171709060668945
-0.104438781738281 0.0640640258789063 0.0497512817382812 0.102134704589844
-0.06597900390625 0.0972976684570313 0.0213699340820312 0.126792907714844
-0.0118408203125 0.0946426391601562 0.0547409057617188 0.105514526367188
0.0449905395507813 0.0826644897460938 0.0919570922851562 0.0697860717773437
0.0739593505859375 0.0353240966796875 0.0912704467773438 0.0140609741210938
0.0827560424804688 -0.0221099853515625 0.0772552490234375 -0.0288619995117187
0.0663909912109375 -0.0520896911621094 0.0480003356933594 -0.0243072509765625
0.0585174560546875 -0.0440597534179688 0.0315914154052734 -0.00373649597167969
0.0634689331054688 -0.0501976013183594 0.0258235931396484 0.0235443115234375
0.0781631469726563 -0.0350418090820313 0.0121688842773438 0.0412330627441406
0.08038330078125 0.0069580078125 -0.0221977233886719 0.0466995239257813
0.0688667297363281 0.0449562072753906 -0.0416259765625 0.0255813598632812
0.0183029174804688 0.08380126953125 -0.0420112609863281 -0.0199508666992187
-0.0404434204101563 0.0993194580078125 -0.0114603042602539 0.00125122070312501
-0.0864639282226563 0.0864791870117188 -0.0424537658691406 0.0466804504394531
-0.104148864746094 0.0243072509765625 0.00479125976562499 0.122650146484375
-0.0889205932617187 0.06536865234375 -0.016204833984375 0.148391723632813
-0.0407257080078125 0.0851669311523438 0.0354080200195312 0.119400024414063
0.0216217041015625 0.093719482421875 0.0680007934570313 0.0769195556640625
0.0657196044921875 0.05511474609375 0.0652389526367188 0.0228538513183594
0.0922622680664063 -0.00276947021484375 0.0504302978515625 -0.00945663452148438
0.0779037475585937 -0.0413894653320312 0.0246562957763672 0.00155067443847656
0.0679092407226563 -0.0374984741210938 0.0123786926269531 0.02203369140625
0.0747451782226563 -0.0427703857421875 0.00756072998046876 0.0428504943847656
0.08392333984375 -0.0250930786132813 -0.00529861450195312 0.0513877868652344
0.0800323486328125 0.0177841186523438 -0.030364990234375 0.0503730773925781
0.0617904663085937 0.0550308227539063 -0.0429306030273438 0.0268211364746094
0.00157928466796876 0.08258056640625 -0.0368995666503906 -0.00705337524414063
-0.0577545166015625 0.078399658203125 -0.0173320770263672 0.0254783630371094
-0.0952911376953125 0.0548095703125 -0.0668601989746094 0.0668525695800781
-0.0796432495117188 -0.0192031860351562 -0.0320968627929688 0.126068115234375
-0.0852127075195313 0.017913818359375 -0.0467071533203125 0.152587890625
-0.0558204650878906 0.0515518188476562 0.017974853515625 0.119285583496094
-0.00861358642578125 0.0784225463867188 0.0465850830078125 0.0716400146484375
0.0400505065917969 0.0610427856445313 0.0378303527832031 0.021575927734375
0.0806198120117188 0.0161590576171875 0.0216636657714844 0.00341415405273438
0.0768585205078125 -0.02386474609375 -0.00131988525390625 0.0235347747802734
0.0656776428222656 -0.0251541137695313 -0.00775146484375 0.0432548522949219
0.07366943359375 -0.0300369262695312 -0.0113677978515625 0.0602912902832031
0.0824966430664063 -0.012542724609375 -0.0249671936035156 0.0605010986328125
0.0739288330078125 0.0258026123046875 -0.0443305969238281 0.0503349304199219
0.0500106811523438 0.0614700317382812 -0.0473976135253906 0.0234527587890625
-0.0167922973632813 0.0791778564453125 -0.0367393493652344 -0.00220108032226563
-0.074432373046875 0.0551834106445313 -0.0283966064453125 0.038238525390625
-0.0985107421875 0.0152359008789062 -0.0939254760742188 0.0728073120117187
-0.040679931640625 -0.0601844787597656 -0.0501022338867188 0.113441467285156
-0.0607948303222656 -0.0314254760742187 -0.056365966796875 0.142425537109375
-0.0546531677246094 0.00471496582031249 0.012542724609375 0.110992431640625
-0.0342292785644531 0.0456390380859375 0.0345726013183594 0.0575218200683594
0.00767898559570312 0.0526618957519531 0.0196685791015625 0.0119991302490234
0.0538825988769531 0.0317459106445313 -0.0056009292602539 0.00740766525268555
0.0630874633789062 -0.00087738037109375 -0.0254783630371094 0.0357170104980469
0.0544090270996094 -0.008758544921875 -0.0266342163085938 0.0595626831054688
0.0623397827148438 -0.01336669921875 -0.032196044921875 0.0753555297851563
0.0691947937011719 -0.000362396240234375 -0.0482025146484375 0.0681648254394531
0.0597267150878906 0.0317955017089844 -0.0617942810058594 0.0493698120117188
0.0351600646972656 0.0617523193359375 -0.0586662292480469 0.0180740356445313
-0.03094482421875 0.0669097900390625 -0.0427093505859375 -0.00258636474609374
-0.0819320678710937 0.025482177734375 -0.0457916259765625 0.0400009155273437
-0.09002685546875 -0.0260543823242188 -0.119132995605469 0.064483642578125
0.0449905395507813 0.0615158081054688 0.125762939453125 -0.0597000122070312
0.082427978515625 -0.00511932373046875 0.0658912658691406 -0.0248870849609375
0.0315666198730469 -0.0561599731445313 0.0513534545898438 0.00768280029296875
-0.015045166015625 -0.0530509948730469 0.0836563110351562 -0.00445556640625
-0.0377693176269531 -0.0300025939941406 0.0888214111328125 -0.0443191528320313
-0.057373046875 -0.0045166015625 0.0672378540039063 -0.0797576904296875
-0.0462608337402344 0.00402450561523438 0.0483245849609375 -0.0917587280273438
-0.0402603149414063 -0.00249481201171874 0.0394210815429688 -0.0713424682617187
-0.0504989624023438 -0.017303466796875 0.0394363403320313 -0.043243408203125
-0.0254631042480469 -0.0442657470703125 0.0271568298339844 -0.0157108306884766
0.0193977355957031 -0.0499992370605469 -0.0108795166015625 -0.00566577911376953
0.0481758117675781 -0.0247879028320313 -0.0288276672363281 -0.0385971069335937
0.0593490600585938 0.0345039367675781 -0.00313568115234375 -0.107475280761719
0.0414962768554688 0.080841064453125 0.0466156005859375 -0.134307861328125
0.00407409667968751 0.0919036865234375 0.0547637939453125 -0.0917587280273438
0.00443267822265624 0.0908660888671875 0.136611938476563 -0.0281524658203125
0.0624847412109375 0.0408287048339844 0.0777130126953125 0.000358581542968753
0.0393333435058594 -0.0165176391601563 0.0646324157714844 0.0233802795410156
0.0132884979248047 -0.0279426574707031 0.101028442382813 0.009063720703125
-0.00520515441894532 -0.0252265930175781 0.106689453125 -0.0370559692382813
-0.0241718292236328 -0.021728515625 0.08544921875 -0.0825958251953125
-0.0194015502929688 -0.0216159820556641 0.063201904296875 -0.0934219360351563
-0.0137615203857422 -0.0227298736572266 0.0506210327148438 -0.0713119506835938
-0.0169677734375 -0.0362091064453125 0.048919677734375 -0.0377349853515625
0.0103492736816406 -0.0474662780761719 0.0355491638183594 -0.00502395629882813
0.0480880737304688 -0.0330085754394531 -0.00748157501220703 0.00970363616943359
0.0649795532226563 0.00306320190429688 -0.0334491729736328 -0.0190238952636719
0.0491828918457031 0.0667228698730469 -0.0225753784179687 -0.0886917114257813
0.0122299194335938 0.111244201660156 0.027740478515625 -0.109024047851562
-0.030792236328125 0.116828918457031 0.0388717651367188 -0.0592803955078125
-0.0426864624023438 0.106903076171875 0.131744384765625 0.01446533203125
0.0251312255859375 0.0840377807617188 0.0786666870117188 0.0397109985351563
0.0361862182617188 0.0319023132324219 0.0740127563476563 0.048583984375
0.0408287048339844 0.00846099853515625 0.112785339355469 0.0282058715820313
0.0331935882568359 -0.0130367279052734 0.116989135742187 -0.0242996215820312
0.0177154541015625 -0.0345458984375 0.0967254638671875 -0.0753021240234375
0.011505126953125 -0.0444793701171875 0.0700607299804688 -0.0824203491210938
0.0159454345703125 -0.0389366149902344 0.0530853271484375 -0.05908203125
0.0163650512695313 -0.0504074096679688 0.04949951171875 -0.0240707397460938
0.0420379638671875 -0.0484542846679688 0.03521728515625 0.00790023803710937
0.069000244140625 -0.0193710327148438 -0.00875091552734375 0.0241489410400391
0.0763931274414063 0.0214920043945313 -0.0379753112792969 0.00107574462890626
0.0442657470703125 0.0834121704101563 -0.0385665893554688 -0.0641746520996094
-0.00662994384765624 0.125656127929688 0.00782775878906251 -0.0739822387695312
-0.0564498901367187 0.126792907714844 0.0150623321533203 -0.0220966339111328
-0.0856552124023437 0.102775573730469 0.105621337890625 0.062103271484375
-0.0231475830078125 0.111618041992188 0.062347412109375 0.0859603881835938
0.0192794799804688 0.0793228149414063 0.0734939575195313 0.0780868530273438
0.0572242736816406 0.0519371032714844 0.113304138183594 0.0505828857421875
0.0662727355957031 0.00968170166015625 0.114219665527344 -0.00653076171875
0.0596656799316406 -0.0381278991699219 0.09527587890625 -0.0584259033203125
0.0434761047363281 -0.0585174560546875 0.0657730102539063 -0.0601615905761719
0.0433578491210938 -0.0494117736816406 0.0466537475585938 -0.0372314453125
0.0463600158691406 -0.058074951171875 0.0417633056640625 -0.00510025024414063
0.065887451171875 -0.0472640991210938 0.0286903381347656 0.0212650299072266
0.0822372436523438 -0.00762939453125 -0.0113525390625 0.0362358093261719
0.080780029296875 0.0341796875 -0.0386466979980469 0.0164451599121094
0.037017822265625 0.090484619140625 -0.0440483093261719 -0.0397605895996094
-0.021728515625 0.124626159667969 -0.0027313232421875 -0.0362052917480469
-0.0747146606445312 0.121696472167969 -0.0104522705078125 0.0167312622070313
-0.112602233886719 0.0761489868164063 0.062530517578125 0.103103637695313
-0.069915771484375 0.110221862792969 0.0298843383789062 0.128211975097656
-0.010833740234375 0.105117797851563 0.0600204467773438 0.105033874511719
0.053131103515625 0.0886611938476563 0.0988388061523438 0.0696945190429687
0.0826416015625 0.0371017456054688 0.0963211059570313 0.0113143920898438
0.0897216796875 -0.0287094116210938 0.07916259765625 -0.03631591796875
0.0691642761230469 -0.0610008239746094 0.0495758056640625 -0.0306282043457031
0.0622329711914063 -0.0515785217285156 0.0320243835449219 -0.00959205627441407
0.0675430297851563 -0.0586700439453125 0.0272903442382813 0.0179634094238281
0.0828018188476563 -0.042327880859375 0.0149993896484375 0.0362319946289062
0.08837890625 0.00363922119140625 -0.0174751281738281 0.0439262390136719
0.0793685913085938 0.0452880859375 -0.0382003784179687 0.0250396728515625
0.0242233276367187 0.0919647216796875 -0.0404510498046875 -0.0196647644042969
-0.0391006469726563 0.11248779296875 -0.00731658935546875 -0.000401020050048821
-0.0896530151367187 0.100631713867188 -0.0369110107421875 0.0503349304199219
-0.114372253417969 0.0352325439453125 0.013916015625 0.129478454589844
-0.0952072143554688 0.0797195434570313 -0.00946044921875001 0.153976440429688
-0.0424652099609375 0.0988006591796875 0.0393753051757812 0.121376037597656
0.0293731689453125 0.103179931640625 0.073516845703125 0.0779876708984375
0.0755844116210938 0.0576400756835938 0.0676651000976563 0.0213966369628906
0.101318359375 -0.0104522705078125 0.0515556335449219 -0.0139923095703125
0.0822677612304688 -0.0512542724609375 0.0255870819091797 -0.00127220153808594
0.0715103149414062 -0.0462112426757812 0.013275146484375 0.0187263488769531
0.0784530639648437 -0.0539016723632812 0.00920486450195313 0.0408935546875
0.0915679931640625 -0.03424072265625 -0.00418472290039062 0.0493583679199219
0.0895767211914063 0.013214111328125 -0.0293960571289063 0.0489082336425781
0.0721511840820313 0.05615234375 -0.0402374267578125 0.0253677368164063
0.00653839111328125 0.0922622680664063 -0.0345287322998047 -0.00853919982910156
-0.0597457885742188 0.09326171875 -0.0126228332519531 0.0258808135986328
-0.101837158203125 0.0677337646484375 -0.064483642578125 0.0729293823242188
-0.092132568359375 -0.0131912231445312 -0.0265731811523438 0.135421752929688
-0.095062255859375 0.0293502807617188 -0.0406036376953125 0.160430908203125
-0.0603294372558594 0.0629501342773438 0.0222244262695312 0.122756958007813
-0.00363159179687499 0.0896530151367188 0.0494461059570313 0.0730133056640625
0.0502243041992188 0.0643386840820313 0.0386848449707031 0.0215606689453125
0.0907440185546875 0.0104598999023438 0.0207023620605469 0.00247383117675781
0.0811691284179688 -0.0330886840820312 -0.00116920471191406 0.0247287750244141
0.0699501037597656 -0.0337905883789063 -0.007293701171875 0.0448265075683594
0.078704833984375 -0.040740966796875 -0.0120162963867187 0.0613670349121094
0.089385986328125 -0.0233993530273438 -0.0258369445800781 0.0619049072265625
0.08355712890625 0.022674560546875 -0.0450973510742188 0.0505332946777344
0.0613822937011719 0.0626945495605469 -0.0478019714355469 0.0224838256835938
-0.0111770629882812 0.0887832641601563 -0.0344028472900391 -0.00304603576660156
-0.0777587890625 0.0687789916992187 -0.0240859985351563 0.0416908264160156
-0.106979370117188 0.0269241333007812 -0.0943832397460938 0.08172607421875
-0.0540847778320313 -0.0590667724609375 -0.0483474731445313 0.124526977539062
-0.072052001953125 -0.025360107421875 -0.053558349609375 0.151351928710938
-0.0619163513183594 0.013031005859375 0.0155105590820313 0.11328125
-0.0320014953613281 0.0554962158203125 0.0350990295410156 0.0592269897460937
0.0155487060546875 0.0573616027832031 0.0167722702026367 0.0133829116821289
0.0623970031738281 0.027587890625 -0.00873088836669922 0.0104579925537109
0.067657470703125 -0.00972366333007813 -0.0261383056640625 0.0415191650390625
0.0578193664550781 -0.0162506103515625 -0.027313232421875 0.0651741027832031
0.0663070678710937 -0.0229034423828125 -0.0317611694335938 0.0796661376953125
0.0759124755859375 -0.00904083251953125 -0.04931640625 0.072174072265625
0.0679130554199219 0.0276985168457031 -0.0638618469238281 0.0515708923339844
0.0447235107421875 0.0630149841308594 -0.0601272583007813 0.0186347961425781
-0.0279693603515625 0.0763320922851562 -0.0414466857910156 -0.00274276733398438
-0.0862503051757812 0.0369720458984375 -0.0434226989746094 0.0465583801269531
-0.100204467773438 -0.0175704956054687 -0.123847961425781 0.0749969482421875
0.0535926818847656 0.0579261779785156 0.128364562988281 -0.0759735107421875
0.08544921875 -0.0165176391601563 0.06353759765625 -0.0335311889648438
0.0261268615722656 -0.0610008239746094 0.0509109497070312 0.00564956665039062
-0.0221481323242187 -0.0535659790039063 0.0877914428710938 -0.00745391845703125
-0.0438613891601563 -0.0252609252929688 0.0918045043945313 -0.05126953125
-0.0605926513671875 0.00578308105468749 0.0680160522460938 -0.0899734497070313
-0.04681396484375 0.0106468200683594 0.0450057983398438 -0.102363586425781
-0.040313720703125 0.00276565551757812 0.0370407104492188 -0.081939697265625
-0.0555419921875 -0.00893020629882812 0.03814697265625 -0.0523452758789063
-0.0331649780273437 -0.0408554077148438 0.0298309326171875 -0.0235080718994141
0.0123291015625 -0.0540504455566406 -0.00584030151367187 -0.00879764556884766
0.0462074279785156 -0.0317878723144531 -0.0274696350097656 -0.0393218994140625
0.0674934387207031 0.0269813537597656 -0.00747680664062498 -0.110038757324219
0.056396484375 0.077545166015625 0.0407257080078125 -0.14324951171875
0.0167388916015625 0.096038818359375 0.0539321899414062 -0.103500366210938
0.0120162963867188 0.0944595336914063 0.144271850585938 -0.0447998046875
0.0664901733398438 0.0357551574707031 0.0788497924804688 -0.00970458984375
0.036041259765625 -0.0198097229003906 0.067596435546875 0.0205574035644531
0.0101604461669922 -0.0278053283691406 0.105873107910156 0.004302978515625
-0.00708580017089844 -0.0238780975341797 0.111000061035156 -0.04443359375
-0.0255718231201172 -0.0183467864990234 0.0866622924804688 -0.094757080078125
-0.0201969146728516 -0.0195941925048828 0.0605239868164063 -0.10711669921875
-0.0133762359619141 -0.0219459533691406 0.047698974609375 -0.0822219848632813
-0.0204048156738281 -0.0340251922607422 0.0483741760253906 -0.0490036010742187
0.00517654418945312 -0.0486335754394531 0.0388336181640625 -0.0155525207519531
0.0448684692382813 -0.0381126403808594 -0.00203609466552734 0.0054326057434082
0.0672340393066406 -0.00333786010742188 -0.0289478302001953 -0.0186405181884766
0.0585899353027344 0.0636634826660156 -0.0256729125976563 -0.089080810546875
0.0245590209960938 0.114768981933594 0.0233154296875 -0.115951538085937
-0.0202102661132813 0.12591552734375 0.0410194396972656 -0.0694351196289062
-0.03662109375 0.116622924804687 0.142715454101563 0.000671386718750007
0.0306854248046875 0.0857772827148438 0.08319091796875 0.0307846069335938
0.0387191772460938 0.0329475402832031 0.0766677856445312 0.044586181640625
0.0433082580566406 0.00836181640625 0.120704650878906 0.0238494873046875
0.03533935546875 -0.0136871337890625 0.122161865234375 -0.032989501953125
0.0164146423339844 -0.0358123779296875 0.0965652465820313 -0.0876312255859375
0.0113945007324219 -0.0466575622558594 0.0669631958007813 -0.0962371826171875
0.0155792236328125 -0.0427398681640625 0.0504226684570313 -0.0720672607421875
0.01422119140625 -0.05364990234375 0.0485725402832031 -0.0362319946289062
0.04046630859375 -0.0532913208007813 0.0398445129394531 -0.001678466796875
0.0708465576171875 -0.0250091552734375 -0.00252342224121093 0.0197181701660156
0.0823440551757813 0.0166168212890625 -0.0331592559814453 0.000268936157226565
0.05377197265625 0.08489990234375 -0.0396804809570313 -0.0638847351074219
0.004669189453125 0.133804321289063 0.006317138671875 -0.0800552368164062
-0.0480804443359375 0.140037536621094 0.0193500518798828 -0.0287036895751953
-0.0849990844726562 0.116470336914063 0.1192626953125 0.0529327392578125
-0.017791748046875 0.119735717773438 0.0707168579101562 0.0803451538085938
0.0239105224609375 0.0849456787109375 0.0773544311523437 0.0757904052734375
0.0652084350585937 0.0534477233886719 0.122215270996094 0.0448226928710937
0.0720748901367187 0.00710296630859375 0.118507385253906 -0.0147552490234375
0.0610771179199219 -0.0437049865722656 0.0960235595703125 -0.0706405639648438
0.0433082580566406 -0.0650444030761719 0.0640640258789063 -0.0717926025390625
0.0437431335449219 -0.0568466186523438 0.0439949035644531 -0.046722412109375
0.0467147827148438 -0.0670356750488281 0.0422439575195313 -0.0145187377929688
0.067169189453125 -0.0563278198242188 0.0311622619628906 0.013397216796875
0.0881118774414063 -0.0141983032226563 -0.00544548034667968 0.0324802398681641
0.0902175903320313 0.0309524536132813 -0.0324935913085937 0.0162220001220703
0.0471267700195313 0.0948028564453125 -0.0442314147949219 -0.039581298828125
-0.0123367309570313 0.13714599609375 -0.00249099731445313 -0.040008544921875
-0.07012939453125 0.137100219726563 -0.00316905975341797 0.0148801803588867
-0.117546081542969 0.0931015014648437 0.0764617919921875 0.100204467773438
-0.0666732788085937 0.125099182128906 0.0414047241210937 0.127471923828125
-0.00676727294921876 0.116737365722656 0.0676498413085938 0.10467529296875
0.0654678344726563 0.0930328369140625 0.105278015136719 0.0656890869140625
0.0938720703125 0.0339126586914063 0.101768493652344 0.0040435791015625
0.0950164794921875 -0.0387496948242188 0.0793533325195313 -0.0453262329101563
0.0691680908203125 -0.0718994140625 0.0496406555175781 -0.0392913818359375
0.0637855529785156 -0.0624046325683594 0.0314559936523438 -0.0156040191650391
0.0686187744140625 -0.0698013305664062 0.0288467407226563 0.0115165710449219
0.0875244140625 -0.0538711547851563 0.0150184631347656 0.0303096771240234
0.0984573364257812 -0.00455474853515625 -0.0149688720703125 0.0409927368164063
0.0916290283203125 0.0437469482421875 -0.0343093872070312 0.0238285064697266
0.034515380859375 0.09930419921875 -0.0396842956542969 -0.0208587646484375
-0.0324554443359375 0.127639770507813 -0.0036001205444336 -0.00295448303222655
-0.0884628295898438 0.117904663085938 -0.03045654296875 0.0525398254394531
-0.123245239257812 0.0495071411132813 0.0266342163085938 0.132743835449219
-0.0972061157226562 0.097198486328125 0.0020599365234375 0.158767700195313
-0.0370712280273438 0.113693237304688 0.046417236328125 0.121238708496094
0.0415878295898437 0.112968444824219 0.0812530517578125 0.0763702392578125
0.0861434936523437 0.0560150146484375 0.0710220336914063 0.0162887573242188
0.108489990234375 -0.0211181640625 0.0523796081542969 -0.0200538635253906
0.085113525390625 -0.063568115234375 0.0255470275878906 -0.00454139709472657
0.072418212890625 -0.05706787109375 0.0147504806518555 0.0169248580932617
0.0789413452148438 -0.0652008056640625 0.00905609130859376 0.0388031005859375
0.0954437255859375 -0.0470809936523438 -0.00276184082031249 0.0466117858886719
0.0993804931640625 0.004486083984375 -0.0280075073242187 0.0480995178222656
0.0845260620117188 0.0527114868164062 -0.03948974609375 0.0261077880859375
0.01666259765625 0.10137939453125 -0.0338172912597656 -0.00841140747070312
-0.0573272705078125 0.111122131347656 -0.00590133666992188 0.026458740234375
-0.105377197265625 0.084686279296875 -0.0595474243164063 0.0801467895507812
-0.103797912597656 -0.002044677734375 -0.016571044921875 0.144577026367187
-0.102767944335938 0.04345703125 -0.029815673828125 0.169586181640625
-0.0616378784179687 0.0769119262695313 0.0286941528320312 0.124755859375
0.00651550292968749 0.099212646484375 0.0542373657226562 0.0733261108398437
0.0626869201660156 0.0655937194824219 0.0391731262207031 0.0205230712890625
0.099365234375 -0.00041961669921875 0.0195903778076172 0.00222587585449219
0.0837020874023438 -0.0463485717773437 0.00125885009765626 0.0261058807373047
0.0701255798339844 -0.0449600219726563 -0.00638961791992187 0.0471115112304688
0.0801467895507813 -0.05377197265625 -0.00987625122070311 0.0639114379882813
0.0933761596679688 -0.035064697265625 -0.0258216857910156 0.0643539428710938
0.0936737060546875 0.015228271484375 -0.0443916320800781 0.052703857421875
0.0736846923828125 0.0604705810546875 -0.0480499267578125 0.0230674743652344
-0.00369262695312499 0.0980987548828125 -0.0337162017822266 -0.00374031066894531
-0.0773544311523438 0.0858078002929687 -0.018341064453125 0.0450172424316406
-0.113487243652344 0.0415573120117188 -0.0919113159179688 0.0942001342773438
-0.0672225952148438 -0.0555000305175781 -0.042572021484375 0.137298583984375
-0.0820083618164063 -0.01763916015625 -0.0455169677734375 0.162002563476563
-0.0662612915039063 0.0246124267578125 0.0215530395507812 0.115547180175781
-0.0264701843261719 0.0652275085449219 0.0357933044433594 0.0602760314941406
0.0249252319335938 0.0599899291992187 0.0153617858886719 0.01397705078125
0.07061767578125 0.0198135375976563 -0.0105743408203125 0.0156030654907227
0.0699539184570313 -0.0195465087890625 -0.0257453918457031 0.0479011535644531
0.0602836608886719 -0.0258331298828125 -0.0247726440429688 0.0708541870117188
0.0688705444335937 -0.0347061157226563 -0.0296401977539063 0.0858230590820313
0.0796737670898438 -0.0199356079101562 -0.0501327514648438 0.0797348022460937
0.0762557983398438 0.0204849243164062 -0.0660133361816406 0.0552520751953125
0.0567817687988281 0.0614089965820312 -0.0622596740722656 0.0211372375488281
-0.0206985473632813 0.0866775512695313 -0.0413742065429688 -0.00231933593749999
-0.0877227783203125 0.0522232055664063 -0.0380935668945313 0.0512466430664063
-0.109832763671875 -0.00585937500000001 -0.124702453613281 0.09051513671875
0.0612373352050781 0.0491218566894531 0.123214721679688 -0.091827392578125
0.0825653076171875 -0.0266189575195312 0.0575332641601563 -0.0421562194824219
0.016326904296875 -0.0658226013183594 0.050994873046875 0.00407409667968749
-0.0302047729492187 -0.0522499084472656 0.0883026123046875 -0.0115737915039063
-0.0500030517578125 -0.0194435119628906 0.0950469970703125 -0.0597686767578125
-0.0589981079101562 0.0139503479003906 0.0651473999023438 -0.0981063842773438
-0.0444259643554687 0.0170516967773438 0.0363235473632813 -0.111228942871094
-0.0398139953613281 0.00819778442382813 0.0298309326171875 -0.088348388671875
-0.056396484375 -0.00155639648437499 0.0330352783203125 -0.0617485046386719
-0.0373573303222656 -0.0352134704589844 0.0304126739501953 -0.0308475494384766
0.00621414184570313 -0.0564041137695313 -0.00353431701660156 -0.012054443359375
0.0412940979003906 -0.0359306335449219 -0.0245132446289062 -0.0392303466796875
0.0718460083007813 0.01708984375 -0.0135116577148437 -0.111076354980469
0.0679969787597656 0.0698471069335938 0.031890869140625 -0.149505615234375
0.0302047729492187 0.091522216796875 0.0487442016601562 -0.11614990234375
0.0207061767578125 0.0938262939453125 0.143875122070312 -0.062896728515625
0.0692977905273438 0.0286750793457031 0.076263427734375 -0.0188827514648437
0.0307140350341797 -0.0219573974609375 0.0654029846191406 0.016876220703125
0.00679397583007813 -0.0291748046875 0.110069274902344 -0.0025177001953125
-0.0111007690429687 -0.0213718414306641 0.110572814941406 -0.0584335327148438
-0.026275634765625 -0.0111846923828125 0.0795440673828125 -0.105056762695313
-0.0189895629882813 -0.0153236389160156 0.0517196655273437 -0.119613647460937
-0.0135555267333984 -0.0177116394042969 0.0398178100585938 -0.0925140380859375
-0.0232715606689453 -0.0297565460205078 0.0444679260253906 -0.0597801208496094
0.000602722167968745 -0.0478782653808594 0.039337158203125 -0.0246505737304688
0.0417327880859375 -0.0412330627441406 0.00206208229064942 0.00080907344818115
0.067291259765625 -0.012115478515625 -0.0255603790283203 -0.0169315338134766
0.0659675598144531 0.0578117370605469 -0.0284194946289062 -0.0887527465820313
0.0384902954101563 0.110916137695313 0.0162506103515625 -0.121742248535156
-0.00624847412109376 0.129936218261719 0.041259765625 -0.0792007446289063
-0.0298080444335938 0.122200012207031 0.146820068359375 -0.019561767578125
0.0381851196289062 0.0852203369140625 0.0864715576171875 0.0175704956054688
0.0401153564453125 0.032745361328125 0.0807113647460938 0.0399169921875
0.0449409484863281 0.00786590576171875 0.125579833984375 0.011962890625
0.0368766784667969 -0.0151939392089844 0.12384033203125 -0.0448989868164063
0.0152969360351562 -0.0366859436035156 0.092376708984375 -0.100509643554688
0.00766754150390625 -0.0464744567871094 0.0578842163085938 -0.111732482910156
0.0141754150390625 -0.0455474853515625 0.0424957275390625 -0.081146240234375
0.0121612548828125 -0.0563392639160156 0.0459556579589844 -0.0462989807128906
0.0383224487304688 -0.0565185546875 0.0404205322265625 -0.0133819580078125
0.0707626342773438 -0.0316238403320313 0.000986099243164068 0.0140266418457031
0.08538818359375 0.00838470458984375 -0.0297355651855469 -0.000541687011718754
0.0626983642578125 0.0820236206054688 -0.0418167114257813 -0.0630760192871094
0.0177001953125 0.139625549316406 0.00208282470703125 -0.0825653076171875
-0.03411865234375 0.14776611328125 0.0222282409667969 -0.0356559753417969
-0.0786361694335938 0.130218505859375 0.128364562988281 0.0369949340820313
-0.00874328613281251 0.126991271972656 0.0770797729492188 0.0704727172851563
0.0283889770507813 0.0887069702148438 0.0842208862304688 0.071624755859375
0.072845458984375 0.0516815185546875 0.126472473144531 0.0356063842773438
0.0750198364257812 0.0015716552734375 0.119026184082031 -0.0268478393554688
0.058837890625 -0.0488777160644531 0.0880966186523437 -0.0817947387695313
0.0387802124023438 -0.0703048706054688 0.056854248046875 -0.0837478637695312
0.0417900085449219 -0.0637779235839844 0.0386161804199219 -0.0546493530273438
0.042388916015625 -0.0728988647460938 0.0393295288085938 -0.0250434875488281
0.0666580200195313 -0.0643234252929688 0.0318965911865234 0.00398063659667968
0.0917892456054687 -0.0245819091796875 -0.001861572265625 0.0258522033691406
0.0975570678710938 0.0216751098632813 -0.0288505554199219 0.0134620666503906
0.0587844848632812 0.0942153930664063 -0.0443115234375 -0.0382919311523438
-0.000839233398437494 0.144073486328125 -0.000324249267578123 -0.0430374145507812
-0.0586395263671875 0.14971923828125 0.00323295593261719 0.00933456420898439
-0.113677978515625 0.110641479492188 0.088531494140625 0.0916976928710938
-0.0585556030273438 0.138359069824219 0.0525741577148438 0.123008728027344
0.00293731689453124 0.124778747558594 0.0737838745117188 0.0993499755859375
0.0779190063476563 0.0927505493164063 0.112045288085937 0.0584640502929688
0.102462768554687 0.0272979736328125 0.102272033691406 -0.00612640380859375
0.0954360961914063 -0.0496826171875 0.0747299194335938 -0.0533905029296875
0.0642471313476563 -0.0830001831054688 0.0452384948730469 -0.0469741821289063
0.0586395263671875 -0.0732040405273438 0.0292530059814453 -0.0206260681152344
0.0637359619140625 -0.0819320678710938 0.0256595611572266 0.00499534606933593
0.0840301513671875 -0.0682449340820312 0.0152530670166016 0.0222129821777344
0.104446411132813 -0.0147171020507813 -0.0115699768066406 0.0352020263671875
0.100242614746094 0.0382461547851563 -0.0314807891845703 0.0221138000488281
0.0441360473632813 0.103797912597656 -0.0378074645996094 -0.0228691101074219
-0.0196151733398438 0.138290405273438 -0.00136661529541016 -0.00521326065063476
-0.081146240234375 0.135353088378906 -0.0236625671386719 0.0524826049804688
-0.123146057128906 0.0693817138671875 0.0423049926757813 0.133529663085938
-0.0911483764648438 0.114181518554688 0.0155029296875 0.159652709960938
-0.0325851440429688 0.125480651855469 0.0575637817382812 0.118217468261719
0.0568008422851563 0.11273193359375 0.086334228515625 0.0719146728515625
0.100715637207031 0.047882080078125 0.07470703125 0.0129241943359375
0.112411499023438 -0.0348892211914063 0.0490264892578125 -0.0229988098144531
0.0815505981445313 -0.0762405395507813 0.0246200561523438 -0.0053863525390625
0.0717544555664063 -0.067596435546875 0.0106716156005859 0.0142707824707031
0.0772018432617187 -0.0794754028320313 0.00957489013671876 0.0361328125
0.0932083129882813 -0.0631561279296875 -0.000370025634765618 0.0433006286621094
0.1070556640625 -0.0048828125 -0.02545166015625 0.0470428466796875
0.0952682495117188 0.0461654663085938 -0.0374069213867187 0.024993896484375
0.0292816162109375 0.106285095214844 -0.0318050384521484 -0.0116004943847656
-0.0497055053710938 0.124481201171875 0.000534057617187495 0.0263004302978516
-0.100090026855469 0.103652954101563 -0.0514602661132812 0.0866851806640625
-0.108924865722656 0.0107803344726563 -0.00315856933593751 0.148910522460938
-0.100494384765625 0.0594406127929687 -0.0156097412109375 0.174728393554688
-0.0544052124023437 0.0935745239257813 0.0366439819335938 0.122871398925781
0.020416259765625 0.105018615722656 0.0592193603515625 0.0712738037109375
0.0745468139648438 0.0625228881835938 0.0411911010742188 0.0206260681152344
0.102943420410156 -0.0152587890625 0.0178909301757813 0.000629425048828124
0.08447265625 -0.0585098266601563 0.00280570983886719 0.0286674499511719
0.0698089599609375 -0.0562591552734375 -0.00102996826171875 0.0491447448730469
0.077301025390625 -0.06719970703125 -0.00632476806640625 0.0644721984863281
0.0931396484375 -0.0489349365234375 -0.0243034362792969 0.0661811828613281
0.102134704589844 0.00162506103515625 -0.0431480407714844 0.0544662475585937
0.08563232421875 0.0539169311523437 -0.0473518371582031 0.02490234375
0.00846099853515626 0.102264404296875 -0.0330867767333984 -0.00403594970703125
-0.071929931640625 0.101615905761719 -0.0110359191894531 0.0440902709960938
-0.113311767578125 0.0588607788085938 -0.0823974609375 0.1053466796875
-0.0776290893554687 -0.0446090698242188 -0.03192138671875 0.1468505859375
-0.089599609375 -0.00276947021484376 -0.03387451171875 0.168167114257812
-0.0672836303710938 0.0368003845214844 0.0279617309570313 0.113044738769531
-0.0152816772460937 0.0718536376953125 0.0373001098632813 0.0600433349609375
0.037109375 0.05889892578125 0.0145092010498047 0.0164957046508789
0.0787887573242188 0.009918212890625 -0.00875663757324219 0.0176925659179687
0.0698394775390625 -0.0322303771972656 -0.0220069885253906 0.0552787780761719
0.0586204528808594 -0.0359077453613281 -0.0181121826171875 0.0774307250976563
0.0655059814453125 -0.0457420349121094 -0.025360107421875 0.089569091796875
0.079071044921875 -0.0324172973632813 -0.0461349487304687 0.0841064453125
0.08441162109375 0.0114288330078125 -0.0653762817382812 0.0612068176269531
0.0678138732910156 0.0565986633300781 -0.0600204467773437 0.0232810974121094
-0.011932373046875 0.0919189453125 -0.0421142578125 -0.00271606445312499
-0.084228515625 0.0652236938476563 -0.0320663452148438 0.0570831298828125
-0.113777160644531 0.0107040405273437 -0.118209838867188 0.104896545410156
0.064788818359375 0.0431480407714844 0.115440368652344 -0.104705810546875
0.0751190185546875 -0.0378799438476563 0.0505180358886719 -0.0474891662597656
0.00934219360351563 -0.0655708312988281 0.0486831665039062 0.0022735595703125
-0.0367012023925781 -0.0457382202148438 0.0872802734375 -0.0173416137695313
-0.0504684448242188 -0.0134506225585938 0.0889892578125 -0.066802978515625
-0.0559654235839844 0.0220069885253906 0.059417724609375 -0.104225158691406
-0.0398597717285156 0.0233840942382813 0.0285263061523437 -0.11639404296875
-0.0374374389648437 0.0135993957519531 0.0207901000976563 -0.0941314697265625
-0.0530052185058594 0.00814437866210938 0.0261650085449219 -0.0686264038085938
-0.0410575866699219 -0.0284080505371094 0.0262832641601562 -0.0386123657226563
-0.00517654418945312 -0.0538864135742188 -0.00146675109863281 -0.0168437957763672
0.0343399047851563 -0.0438308715820313 -0.0232734680175781 -0.0387725830078125
0.0731887817382813 0.00750732421875 -0.0178146362304687 -0.106521606445313
0.0746078491210938 0.058990478515625 0.020843505859375 -0.151153564453125
0.0393905639648438 0.085662841796875 0.0414505004882813 -0.122245788574219
0.0267562866210938 0.0908279418945313 0.137977600097656 -0.0780258178710938
0.0680313110351563 0.0204048156738281 0.0693092346191406 -0.0282325744628906
0.0285892486572266 -0.0238513946533203 0.0646858215332031 0.0143318176269531
0.00321578979492188 -0.0269050598144531 0.1080322265625 -0.0104522705078125
-0.0114727020263672 -0.0197391510009766 0.107231140136719 -0.065521240234375
-0.0251998901367187 -0.00738143920898438 0.0735702514648438 -0.112953186035156
-0.0185985565185547 -0.0136814117431641 0.03973388671875 -0.124267578125
-0.0141639709472656 -0.0182456970214844 0.02886962890625 -0.0985641479492187
-0.0227718353271484 -0.0252914428710937 0.0352592468261719 -0.0678138732910156
-0.00307464599609375 -0.0450973510742187 0.0371322631835937 -0.0343589782714844
0.0345726013183594 -0.0447654724121094 0.00432586669921875 -0.00600719451904297
0.0639076232910156 -0.0163612365722656 -0.0223751068115234 -0.0205020904541016
0.0704116821289063 0.0494766235351562 -0.031890869140625 -0.0839920043945313
0.050018310546875 0.106132507324219 0.00830841064453127 -0.1224365234375
0.00772857666015625 0.127372741699219 0.0364456176757813 -0.085845947265625
-0.01947021484375 0.125892639160156 0.144180297851563 -0.0335540771484375
0.0420455932617187 0.0818328857421875 0.0819244384765625 0.00821685791015625
0.0408668518066406 0.0319290161132813 0.0788650512695313 0.0344696044921875
0.0460777282714844 0.00579071044921875 0.123832702636719 0.006317138671875
0.0345954895019531 -0.0160980224609375 0.119041442871094 -0.0553817749023438
0.0137176513671875 -0.0356330871582031 0.082855224609375 -0.108207702636719
0.00676727294921875 -0.0489349365234375 0.0470962524414063 -0.115806579589844
0.01141357421875 -0.0473899841308594 0.03289794921875 -0.0878677368164063
0.00899887084960937 -0.0558967590332031 0.0375289916992188 -0.0551567077636719
0.0325050354003906 -0.0591354370117188 0.0371551513671875 -0.0219879150390625
0.0672683715820313 -0.0372772216796875 0.00403356552124024 0.00699758529663086
0.0869293212890625 0.00243377685546875 -0.0231113433837891 -0.00397491455078125
0.0699844360351563 0.07708740234375 -0.0414009094238281 -0.0594596862792969
0.031951904296875 0.134719848632813 -0.00105285644531249 -0.0860977172851563
-0.019927978515625 0.15045166015625 0.023529052734375 -0.0407676696777344
-0.069610595703125 0.139297485351563 0.130279541015625 0.024200439453125
-0.000144958496093743 0.130195617675781 0.0790481567382813 0.0598602294921875
0.0366973876953125 0.0895614624023438 0.0840835571289063 0.0634918212890625
0.0780410766601562 0.0467605590820313 0.128448486328125 0.027557373046875
0.0796356201171875 -0.00290679931640625 0.117935180664063 -0.034576416015625
0.056732177734375 -0.0546531677246094 0.0810317993164063 -0.0900421142578125
0.0342636108398437 -0.0757827758789063 0.0480422973632813 -0.0901947021484375
0.0365715026855469 -0.0694046020507812 0.0310287475585938 -0.0625190734863281
0.037322998046875 -0.079376220703125 0.0329418182373047 -0.0321617126464844
0.0601577758789063 -0.07135009765625 0.0288219451904297 -0.00506782531738282
0.0901336669921875 -0.0318374633789063 0.000135421752929691 0.0200538635253906
0.101020812988281 0.0149765014648437 -0.0247211456298828 0.00973701477050781
0.066009521484375 0.0920181274414063 -0.0432548522949219 -0.0368423461914062
0.0139617919921875 0.147293090820313 -0.00262832641601562 -0.0466957092285156
-0.04388427734375 0.155776977539063 0.0062861442565918 0.00625562667846681
-0.106948852539063 0.124961853027344 0.0975875854492187 0.0815353393554688
-0.0482330322265625 0.14617919921875 0.0586624145507812 0.112510681152344
0.0134658813476563 0.129707336425781 0.0766372680664063 0.0920257568359375
0.0872955322265625 0.0885848999023438 0.114959716796875 0.0501251220703125
0.106063842773438 0.0181198120117188 0.100875854492188 -0.0106353759765625
0.0922164916992187 -0.057647705078125 0.069366455078125 -0.0604591369628906
0.0573806762695313 -0.0885162353515625 0.0393829345703125 -0.0520362854003906
0.0541000366210938 -0.0803298950195313 0.0227394104003906 -0.0256824493408203
0.0573883056640625 -0.0906295776367188 0.0216960906982422 -0.000343322753906256
0.0800933837890625 -0.0765228271484375 0.0155534744262695 0.0175666809082031
0.103240966796875 -0.0249099731445313 -0.00948333740234374 0.0318412780761719
0.106948852539063 0.0277786254882812 -0.0266017913818359 0.0183429718017578
0.05511474609375 0.101104736328125 -0.0383682250976562 -0.0191688537597656
-0.00741577148437501 0.144943237304688 0.00227212905883789 -0.00855112075805663
-0.06732177734375 0.143417358398438 -0.0146865844726562 0.0515365600585938
-0.123519897460937 0.0854568481445313 0.0529937744140625 0.124847412109375
-0.084991455078125 0.126251220703125 0.02783203125 0.153182983398437
-0.0212936401367187 0.132667541503906 0.059173583984375 0.111610412597656
0.0697784423828125 0.1094970703125 0.0895462036132813 0.065399169921875
0.108207702636719 0.039215087890625 0.0714797973632813 0.0066986083984375
0.108528137207031 -0.0470199584960938 0.0448074340820313 -0.02716064453125
0.0726547241210938 -0.0868148803710938 0.0220317840576172 -0.0100746154785156
0.0636825561523438 -0.07916259765625 0.0106964111328125 0.0121698379516602
0.0695877075195313 -0.0911407470703125 0.0100631713867188 0.0321769714355469
0.09002685546875 -0.0734710693359375 -0.00204467773437499 0.04156494140625
0.107177734375 -0.0189132690429688 -0.0244026184082031 0.0446281433105469
0.103675842285156 0.03900146484375 -0.034210205078125 0.0220966339111328
0.0380783081054688 0.105125427246094 -0.0334377288818359 -0.0115833282470703
-0.03515625 0.132232666015625 0.00270462036132812 0.0214824676513672
-0.0912017822265625 0.114204406738281 -0.040740966796875 0.0872116088867188
-0.112510681152344 0.0258712768554688 0.00852966308593748 0.150436401367188
-0.0983734130859375 0.0744552612304688 -0.00404357910156252 0.172256469726563
-0.050140380859375 0.100418090820313 0.0437164306640625 0.115516662597656
0.0337600708007812 0.10552978515625 0.0607643127441406 0.0667266845703125
0.0823287963867188 0.053192138671875 0.0386390686035156 0.017669677734375
0.102546691894531 -0.0262832641601563 0.0164985656738281 0.00211429595947265
0.0742950439453125 -0.068511962890625 0.00410079956054688 0.0278129577636719
0.0647087097167969 -0.0648727416992188 -0.000171661376953125 0.0486984252929687
0.0697402954101563 -0.07806396484375 -0.0040130615234375 0.0661735534667969
0.0894012451171875 -0.06207275390625 -0.0220375061035156 0.0648918151855469
0.102821350097656 -0.00882720947265625 -0.0420417785644531 0.0548286437988281
0.0939254760742188 0.0455551147460938 -0.0452461242675781 0.0253524780273438
0.0195693969726563 0.104774475097656 -0.03289794921875 -0.00530052185058593
-0.0594329833984375 0.110511779785156 -0.00611877441406251 0.0441513061523438
-0.107315063476563 0.0744705200195313 -0.0732192993164063 0.108497619628906
-0.084625244140625 -0.0355224609375 -0.0199432373046875 0.149993896484375
-0.091278076171875 0.00925445556640626 -0.020416259765625 0.168777465820313
-0.0634956359863281 0.0470237731933594 0.0329132080078125 0.107566833496094
-0.00791168212890625 0.0775527954101563 0.03924560546875 0.0573196411132813
0.0442390441894531 0.0527992248535156 0.0133171081542969 0.0191860198974609
0.0774688720703125 -0.002532958984375 -0.00991630554199219 0.0212039947509766
0.0635566711425781 -0.0410003662109375 -0.014739990234375 0.056549072265625
0.0535964965820313 -0.0424156188964844 -0.0109481811523437 0.0794143676757813
0.0596885681152344 -0.0554084777832031 -0.0183029174804687 0.0938644409179688
0.0751419067382813 -0.0428009033203125 -0.0423812866210937 0.0863418579101563
0.0856094360351563 0.00157928466796875 -0.0619010925292969 0.0642433166503906
0.0726165771484375 0.0485458374023438 -0.0611190795898437 0.0253944396972656
-0.000923156738281254 0.0927963256835937 -0.0394630432128906 -0.00233078002929686
-0.0776443481445312 0.0774993896484375 -0.0238380432128906 0.0566215515136719
-0.111190795898438 0.0240325927734375 -0.1094970703125 0.115219116210937
0.0651893615722656 0.03692626953125 0.107139587402344 -0.109214782714844
0.0689430236816406 -0.0417938232421875 0.0435867309570313 -0.0488548278808594
0.00357437133789062 -0.0641899108886719 0.0469398498535156 0.002777099609375
-0.039642333984375 -0.0410919189453125 0.0857162475585937 -0.01849365234375
-0.04998779296875 -0.00908660888671874 0.0869522094726563 -0.0698471069335938
-0.0519180297851563 0.0269508361816406 0.0552215576171875 -0.106681823730469
-0.0362510681152344 0.0254058837890625 0.0216751098632812 -0.116645812988281
-0.0344352722167969 0.0168418884277344 0.0150604248046875 -0.0952835083007813
-0.0497169494628906 0.0131759643554687 0.0203819274902344 -0.0700111389160156
-0.0435028076171875 -0.0223197937011719 0.0232048034667969 -0.0434226989746094
-0.00998306274414062 -0.0512657165527344 -0.000291824340820313 -0.0203113555908203
0.0294342041015625 -0.0450973510742188 -0.0210990905761719 -0.0402603149414063
0.0711441040039063 9.1552734375E-05 -0.0180892944335937 -0.103515625
0.076873779296875 0.0498504638671875 0.01605224609375 -0.148941040039063
0.0460586547851563 0.0788726806640625 0.0363693237304687 -0.124771118164063
0.0312576293945313 0.08648681640625 0.129219055175781 -0.0856857299804688
0.0653724670410156 0.0162429809570313 0.0630645751953125 -0.03192138671875
0.0252685546875 -0.0228271484375 0.0614509582519531 0.0130195617675781
0.00117111206054688 -0.0242156982421875 0.1058349609375 -0.011993408203125
-0.0115070343017578 -0.0157527923583984 0.103355407714844 -0.0686721801757813
-0.0218868255615234 -0.00425529479980469 0.0681610107421875 -0.115493774414063
-0.0176715850830078 -0.0120315551757813 0.031951904296875 -0.126182556152344
-0.0133447647094727 -0.0165243148803711 0.0212249755859375 -0.10052490234375
-0.0216140747070313 -0.0226669311523438 0.028076171875 -0.0712890625
-0.0047760009765625 -0.0421028137207031 0.0326156616210938 -0.0405960083007813
0.030120849609375 -0.0449104309082031 0.00522232055664063 -0.0110578536987305
0.0602989196777344 -0.0188407897949219 -0.0197048187255859 -0.0237655639648438
0.0710372924804687 0.0435104370117187 -0.029632568359375 -0.0816726684570313
0.0546798706054688 0.098876953125 0.00516510009765626 -0.121940612792969
0.0155258178710938 0.122154235839844 0.0342330932617188 -0.090606689453125
-0.0141754150390625 0.125556945800781 0.139198303222656 -0.043487548828125
0.0437164306640625 0.0785293579101563 0.0757904052734375 0.00255584716796875
0.0402641296386719 0.0325660705566406 0.0755844116210937 0.0318832397460937
0.0459632873535156 0.00444412231445313 0.1204833984375 0.0016937255859375
0.0350704193115234 -0.0167274475097656 0.114349365234375 -0.0596084594726563
0.0148506164550781 -0.0345649719238281 0.07568359375 -0.11077880859375
0.00607681274414062 -0.0487136840820313 0.0388031005859375 -0.117752075195313
0.0104179382324219 -0.0484046936035156 0.02447509765625 -0.0893936157226563
0.00674057006835938 -0.0552711486816406 0.0300445556640625 -0.0592689514160156
0.0299034118652344 -0.0591545104980469 0.0330142974853516 -0.0290641784667969
0.0638885498046875 -0.0406761169433594 0.00463199615478516 0.000790119171142576
0.0850143432617188 -0.00185394287109375 -0.0208148956298828 -0.00738906860351563
0.0724716186523438 0.0719146728515625 -0.0394973754882813 -0.0577125549316406
0.0384979248046875 0.1300048828125 -0.00254058837890624 -0.085723876953125
-0.011138916015625 0.148590087890625 0.0237884521484375 -0.0467147827148437
-0.062347412109375 0.143280029296875 0.129531860351563 0.0124740600585938
0.00625610351562499 0.129081726074219 0.0766143798828125 0.0518035888671875
0.040618896484375 0.0903091430664063 0.0813446044921875 0.0586318969726563
0.0814743041992187 0.0432052612304687 0.12518310546875 0.0231170654296875
0.0794601440429688 -0.0077667236328125 0.113304138183594 -0.0399703979492188
0.0546035766601563 -0.0553817749023438 0.0747909545898438 -0.0923995971679688
0.03131103515625 -0.0768814086914063 0.0408782958984375 -0.09295654296875
0.0324020385742188 -0.0726470947265625 0.0239601135253906 -0.0640869140625
0.0324249267578125 -0.0811004638671875 0.0259628295898438 -0.0350818634033203
0.0562896728515625 -0.0741043090820313 0.0253562927246094 -0.0113525390625
0.0884780883789063 -0.037384033203125 -0.000524520874023431 0.0146646499633789
0.100944519042969 0.00965118408203125 -0.0222988128662109 0.00635719299316406
0.0704574584960938 0.0889205932617188 -0.0414161682128906 -0.0372543334960938
0.02203369140625 0.145065307617188 -0.0023193359375 -0.0478286743164062
-0.0351104736328125 0.157119750976563 0.00858402252197265 0.00149250030517579
-0.101348876953125 0.131134033203125 0.0996017456054688 0.07110595703125
-0.0402984619140625 0.14984130859375 0.0600738525390625 0.103912353515625
0.02069091796875 0.13055419921875 0.075225830078125 0.086761474609375
0.0938339233398438 0.08349609375 0.114219665527344 0.0456085205078125
0.107711791992188 0.0116729736328125 0.0968093872070313 -0.0152587890625
0.0877609252929688 -0.0626983642578125 0.0623321533203125 -0.0623703002929688
0.05224609375 -0.0925979614257813 0.0344314575195313 -0.0546951293945313
0.0493850708007813 -0.0850677490234375 0.0192680358886719 -0.0282402038574219
0.0515060424804687 -0.095001220703125 0.0176639556884766 -0.00340652465820313
0.0748062133789063 -0.081390380859375 0.0129890441894531 0.0125045776367187
0.102897644042969 -0.03289794921875 -0.0102901458740234 0.0277194976806641
0.108383178710938 0.0200347900390625 -0.0255680084228516 0.0142478942871094
0.0611724853515625 0.0987930297851563 -0.0367774963378906 -0.0215377807617187
0.000885009765624993 0.145721435546875 0.00299263000488281 -0.0119056701660156
-0.059356689453125 0.146759033203125 -0.00996017456054688 0.0461311340332031
-0.119132995605469 0.0920562744140625 0.0569229125976563 0.117446899414063
-0.0770034790039063 0.131568908691406 0.0318756103515625 0.145416259765625
-0.0126266479492188 0.1368408203125 0.0596847534179688 0.106620788574219
0.0769805908203125 0.106819152832031 0.0894012451171875 0.060577392578125
0.110466003417969 0.0325393676757813 0.0691680908203125 0.0055694580078125
0.103630065917969 -0.0541763305664063 0.0410423278808594 -0.0278472900390625
0.0659027099609375 -0.0908737182617188 0.0215587615966797 -0.0118274688720703
0.0579910278320313 -0.0837554931640625 0.0113925933837891 0.0108575820922852
0.06219482421875 -0.0957260131835937 0.00821495056152344 0.0305194854736328
0.0837326049804688 -0.0798416137695313 -0.00305938720703124 0.0379066467285156
0.107406616210937 -0.0261993408203125 -0.0245018005371094 0.0420379638671875
0.107086181640625 0.03082275390625 -0.0330905914306641 0.01910400390625
0.0453643798828125 0.104339599609375 -0.0317516326904297 -0.0128593444824219
-0.0261154174804688 0.136039733886719 0.00522232055664062 0.0180912017822266
-0.0828475952148438 0.1217041015625 -0.0348663330078125 0.0839614868164063
-0.11224365234375 0.0354080200195313 0.0164642333984375 0.144393920898437
-0.093414306640625 0.0816726684570313 0.00312805175781251 0.166488647460938
-0.0429534912109375 0.107337951660156 0.0431671142578125 0.112327575683594
0.0416259765625 0.103591918945312 0.060211181640625 0.0637550354003906
0.088043212890625 0.0468292236328125 0.0366592407226563 0.0179328918457031
0.0990982055664063 -0.0342788696289063 0.0148773193359375 0.00256156921386719
0.0678253173828125 -0.0743179321289063 0.00545310974121094 0.0271835327148437
0.0580291748046875 -0.0709762573242188 0.00172042846679688 0.0486488342285156
0.0627670288085938 -0.0832595825195313 -0.00255966186523437 0.06439208984375
0.0822525024414063 -0.0697860717773438 -0.0206527709960938 0.0636672973632813
0.102020263671875 -0.0165557861328125 -0.0424118041992188 0.0541496276855469
0.0962371826171875 0.0384445190429688 -0.0447769165039062 0.0228729248046875
0.026153564453125 0.103607177734375 -0.0328617095947266 -0.00695037841796874
-0.0507354736328125 0.116188049316406 -0.00139999389648438 0.0410575866699219
-0.100372314453125 0.081939697265625 -0.0655975341796875 0.108612060546875
-0.08697509765625 -0.0271759033203125 -0.013885498046875 0.148040771484375
-0.0881729125976563 0.0179214477539063 -0.0141754150390625 0.165298461914063
-0.0600547790527344 0.0536384582519531 0.0324478149414063 0.103919982910156
0.000999450683593744 0.0782699584960938 0.0381317138671875 0.0566062927246094
0.0501785278320312 0.0490036010742188 0.0114974975585938 0.0208950042724609
0.0756759643554688 -0.0088043212890625 -0.00988960266113281 0.0247611999511719
0.0586662292480469 -0.0465660095214844 -0.0110130310058594 0.0577278137207031
0.0491104125976563 -0.0473060607910156 -0.00746154785156249 0.0789718627929688
0.0538787841796875 -0.0589675903320313 -0.0138702392578125 0.0931549072265625
0.0701675415039063 -0.04974365234375 -0.0389633178710938 0.0862503051757813
0.083770751953125 -0.0059967041015625 -0.0604057312011719 0.0655403137207031
0.0756683349609375 0.041595458984375 -0.0597801208496094 0.0248260498046875
0.00610351562500001 0.0907516479492187 -0.0394210815429688 -0.00334930419921874
-0.0689926147460937 0.0831298828125 -0.0179481506347656 0.0558433532714844
-0.105743408203125 0.0331268310546875 -0.101036071777344 0.118148803710937
0.0654830932617188 0.03314208984375 0.104286193847656 -0.111717224121094
0.0649299621582031 -0.0436134338378906 0.0390968322753906 -0.0487174987792969
0.000167846679687497 -0.0629310607910156 0.0456466674804688 0.00451278686523437
-0.0409660339355469 -0.0382728576660156 0.0863037109375 -0.0184555053710938
-0.050140380859375 -0.00551223754882813 0.0866622924804688 -0.0711746215820313
-0.0487937927246094 0.0296783447265625 0.0541839599609375 -0.109580993652344
-0.0340003967285156 0.0270786285400391 0.0189895629882812 -0.118125915527344
-0.0326156616210938 0.0180091857910156 0.0116043090820312 -0.0968170166015625
-0.0463447570800781 0.0161323547363281 0.0177764892578125 -0.07220458984375
-0.0431289672851562 -0.018585205078125 0.0214920043945313 -0.04742431640625
-0.0139541625976563 -0.049652099609375 0.000482559204101561 -0.0247726440429688
0.0263938903808594 -0.0456390380859375 -0.0182380676269531 -0.0429649353027344
0.0689010620117188 -0.00378799438476563 -0.0159835815429688 -0.101966857910156
0.0774688720703125 0.0439300537109375 0.0153961181640625 -0.148056030273437
0.0489654541015625 0.0740280151367188 0.0352249145507813 -0.126861572265625
0.0319976806640625 0.0847549438476563 0.126953125 -0.0891799926757813
0.062469482421875 0.0149497985839844 0.0583152770996094 -0.0327301025390625
0.0232372283935547 -0.0203094482421875 0.0601921081542969 0.0139427185058594
0.000720977783203124 -0.0222511291503906 0.105239868164063 -0.0124053955078125
-0.0115633010864258 -0.0144262313842773 0.102310180664062 -0.0704803466796875
-0.0200405120849609 -0.00178909301757813 0.0659408569335938 -0.117950439453125
-0.0159597396850586 -0.011383056640625 0.027557373046875 -0.126518249511719
-0.012547492980957 -0.0169696807861328 0.0167388916015625 -0.102363586425781
-0.0201129913330078 -0.0210208892822266 0.0237579345703125 -0.0737533569335938
-0.004852294921875 -0.0400924682617188 0.0296630859375 -0.045684814453125
0.028076171875 -0.0439872741699219 0.0057516098022461 -0.0162849426269531
0.0577163696289063 -0.0201148986816406 -0.0165653228759766 -0.0273704528808594
0.0706253051757813 0.0407333374023438 -0.0266342163085938 -0.0810775756835938
0.0567474365234375 0.0949783325195313 0.0052490234375 -0.12200927734375
0.0185928344726562 0.119438171386719 0.0345993041992188 -0.0940170288085937
-0.011993408203125 0.126655578613281 0.13629150390625 -0.0479507446289063
0.0439224243164062 0.0782470703125 0.0717086791992188 -8.39233398437452E-05
0.04046630859375 0.033966064453125 0.073089599609375 0.0326385498046875
0.0464286804199219 0.00466156005859375 0.120033264160156 0.00104522705078125
0.0355072021484375 -0.0161514282226563 0.112434387207031 -0.0606307983398438
0.0157222747802734 -0.0333766937255859 0.0727157592773438 -0.112747192382813
0.00623703002929688 -0.0485420227050781 0.03424072265625 -0.11920166015625
0.00999832153320312 -0.0493392944335938 0.01947021484375 -0.0914535522460938
0.00682830810546876 -0.0560035705566406 0.0248947143554688 -0.0615348815917969
0.0287246704101562 -0.0597763061523438 0.0289821624755859 -0.0343818664550781
0.0629768371582031 -0.0416946411132812 0.00401735305786133 -0.004730224609375
0.0843887329101563 -0.00384521484375 -0.0179119110107422 -0.0118312835693359
0.072784423828125 0.0709228515625 -0.0365333557128906 -0.0591201782226563
0.0413894653320313 0.128532409667969 -0.00241851806640625 -0.08734130859375
-0.0075836181640625 0.147872924804688 0.0244483947753906 -0.0511093139648437
-0.060028076171875 0.1461181640625 0.127830505371094 0.00734710693359376
0.0088043212890625 0.12982177734375 0.0732345581054688 0.0471038818359375
0.0422134399414063 0.092193603515625 0.0790786743164063 0.0583267211914063
0.083221435546875 0.0431365966796875 0.124351501464844 0.0220413208007813
0.0804290771484375 -0.008697509765625 0.110755920410156 -0.0408554077148438
0.0544624328613281 -0.0564002990722656 0.0708389282226563 -0.0930328369140625
0.0287933349609375 -0.0792388916015625 0.0369491577148438 -0.0939102172851563
0.0303192138671875 -0.07452392578125 0.0193939208984375 -0.0657768249511719
0.0302505493164063 -0.0827102661132813 0.0218505859375 -0.0380859375
0.0545883178710937 -0.0763092041015625 0.0221061706542969 -0.0152606964111328
0.0880889892578125 -0.0404052734375 -0.00220203399658203 0.00922775268554687
0.102333068847656 0.00693511962890625 -0.0211544036865234 0.001190185546875
0.072723388671875 0.0887374877929688 -0.0387725830078125 -0.0385169982910156
0.026702880859375 0.145492553710938 -0.00116729736328124 -0.0505447387695312
-0.0306243896484375 0.157928466796875 0.0110139846801758 -0.00338459014892577
-0.0986709594726562 0.136817932128906 0.0994796752929687 0.0657730102539063
-0.0365753173828125 0.1527099609375 0.0590667724609375 0.0986862182617188
0.0239715576171875 0.133316040039063 0.0725021362304688 0.0862045288085938
0.0972137451171875 0.0823287963867188 0.112525939941406 0.0442733764648438
0.110641479492188 0.00864410400390625 0.0950698852539063 -0.0158157348632813
0.08660888671875 -0.064910888671875 0.0592498779296875 -0.0619583129882813
0.0499649047851563 -0.0952072143554687 0.0322036743164063 -0.0561981201171875
0.0469894409179688 -0.0880126953125 0.0159378051757813 -0.0298252105712891
0.0481414794921875 -0.0978927612304688 0.0137710571289063 -0.00524234771728516
0.0726089477539063 -0.0851669311523438 0.00984287261962891 0.00884056091308593
0.10345458984375 -0.03802490234375 -0.0126819610595703 0.0242385864257812
0.110382080078125 0.0171585083007813 -0.0261058807373047 0.0099334716796875
0.0644302368164063 0.0992050170898438 -0.0352897644042969 -0.0234107971191406
0.00569152832031249 0.14874267578125 0.00392723083496094 -0.0154581069946289
-0.0549163818359375 0.149642944335938 -0.00760650634765626 0.0426864624023438
-0.118019104003906 0.09869384765625 0.0584945678710937 0.114578247070313
-0.0733413696289062 0.135185241699219 0.0311279296875 0.140884399414063
-0.00897216796874999 0.140548706054688 0.058013916015625 0.104682922363281
0.0822219848632813 0.105171203613281 0.0872421264648438 0.0601730346679688
0.113716125488281 0.0291748046875 0.0673828125 0.00648117065429688
0.102180480957031 -0.0576934814453125 0.0377120971679688 -0.0271186828613281
0.0628433227539063 -0.0947265625 0.0206737518310547 -0.0126819610595703
0.0549545288085937 -0.0874176025390625 0.00968360900878907 0.0103044509887695
0.0584564208984375 -0.100112915039063 0.00566673278808594 0.0300483703613281
0.080657958984375 -0.0853805541992188 -0.00522994995117187 0.0365333557128906
0.1082763671875 -0.0314407348632813 -0.0263481140136719 0.039031982421875
0.109275817871094 0.0266265869140625 -0.0339260101318359 0.0163192749023438
0.0496368408203125 0.105171203613281 -0.0322990417480469 -0.0149440765380859
-0.020233154296875 0.13970947265625 0.00705909729003906 0.0148086547851563
-0.0786819458007812 0.124679565429688 -0.0314178466796875 0.08111572265625
-0.112602233886719 0.040618896484375 0.01861572265625 0.142684936523437
-0.0916290283203125 0.0872344970703125 0.00410461425781249 0.163055419921875
-0.0394287109375 0.1114501953125 0.0413436889648438 0.110275268554688
0.047088623046875 0.103416442871094 0.0592460632324219 0.063262939453125
0.0909347534179688 0.0429306030273438 0.036163330078125 0.0196647644042969
0.097320556640625 -0.0386199951171875 0.0134420394897461 0.0041971206665039
0.0646286010742188 -0.0785446166992187 0.00618171691894532 0.0277633666992188
0.054779052734375 -0.0748443603515625 0.0030364990234375 0.0485382080078125
0.0581588745117187 -0.08740234375 -0.00387191772460937 0.06439208984375
0.079193115234375 -0.0744171142578125 -0.0222434997558594 0.0634765625
0.102119445800781 -0.0218734741210938 -0.0431060791015625 0.0533485412597656
0.0989532470703125 0.0343704223632813 -0.0457344055175781 0.0203819274902344
0.0308837890625 0.104652404785156 -0.0327129364013672 -0.00900650024414062
-0.04571533203125 0.120033264160156 0.000862121582031251 0.0385932922363281
-0.0971221923828125 0.0869979858398437 -0.0620880126953125 0.107742309570313
-0.0889968872070313 -0.0220565795898438 -0.0121307373046875 0.147994995117187
-0.0875473022460938 0.0229644775390625 -0.0131072998046875 0.163253784179688
-0.0581169128417969 0.0588798522949219 0.0307159423828125 0.102859497070313
0.00628662109375 0.0781097412109375 0.0359535217285156 0.0568618774414063
0.0537071228027344 0.0452384948730469 0.0103473663330078 0.0235633850097656
0.0748748779296875 -0.0145797729492187 -0.00875091552734375 0.0278415679931641
0.0552406311035156 -0.0503387451171875 -0.00867843627929687 0.0589942932128906
0.0458869934082031 -0.0504646301269531 -0.00551605224609374 0.079498291015625
0.0502815246582031 -0.0627059936523438 -0.0131454467773438 0.0938034057617188
0.0666885375976563 -0.0536956787109375 -0.0393600463867187 0.08709716796875
0.084686279296875 -0.0107955932617188 -0.0610122680664063 0.0658378601074219
0.0785064697265625 0.0372238159179687 -0.0603103637695312 0.0243721008300781
0.00937652587890624 0.0916366577148437 -0.0391998291015625 -0.00524139404296874
-0.0644989013671875 0.0870437622070313 -0.0146865844726563 0.0540313720703125
-0.102691650390625 0.037872314453125 -0.097137451171875 0.119186401367188
0.0675125122070313 0.0316886901855469 0.105239868164062 -0.115646362304688
0.0632972717285156 -0.0461997985839844 0.0370674133300781 -0.0486488342285156
-0.00109481811523438 -0.0636405944824219 0.0462417602539062 0.00693130493164062
-0.0424385070800781 -0.0366554260253906 0.0894546508789063 -0.01751708984375
-0.0522003173828125 -0.00286483764648437 0.0894699096679687 -0.0742568969726563
-0.0466384887695312 0.0327568054199219 0.0559158325195313 -0.114784240722656
-0.0320701599121094 0.0288143157958984 0.0177154541015625 -0.123054504394531
-0.03179931640625 0.0193920135498047 0.00998687744140624 -0.1004638671875
-0.045135498046875 0.0185775756835937 0.0150909423828125 -0.0761032104492187
-0.0439033508300781 -0.0152702331542969 0.019317626953125 -0.0522956848144531
-0.0163040161132813 -0.0486373901367188 0.00107955932617187 -0.0291938781738281
0.0245018005371094 -0.0466804504394531 -0.0158615112304687 -0.0463829040527344
0.0696792602539063 -0.00699234008789062 -0.0130691528320313 -0.104438781738281
0.0793991088867188 0.040771484375 0.017242431640625 -0.151885986328125
0.0518951416015625 0.0724029541015625 0.0372543334960937 -0.132972717285156
0.0340576171875 0.0859603881835938 0.128990173339844 -0.0931320190429688
0.0624504089355469 0.0149040222167969 0.0562477111816406 -0.0341262817382813
0.023162841796875 -0.0189857482910156 0.0607070922851562 0.0167999267578125
0.000812530517578125 -0.0211009979248047 0.108627319335938 -0.0119705200195313
-0.0107812881469727 -0.012721061706543 0.105377197265625 -0.0738677978515625
-0.0180511474609375 -0.000423431396484371 0.0668869018554688 -0.122886657714844
-0.0149822235107422 -0.0115728378295898 0.0257492065429688 -0.131568908691406
-0.0117931365966797 -0.0169210433959961 0.013702392578125 -0.105949401855469
-0.0183944702148438 -0.0211296081542969 0.0210342407226562 -0.0787200927734375
-0.00446701049804687 -0.0391464233398437 0.0280227661132812 -0.0512504577636719
0.0269927978515625 -0.0449676513671875 0.00628852844238281 -0.0216445922851563
0.0583381652832031 -0.0203933715820313 -0.0145416259765625 -0.0315456390380859
0.0719528198242187 0.0402908325195313 -0.0236892700195312 -0.084228515625
0.058837890625 0.0944976806640625 0.007232666015625 -0.125411987304688
0.0204696655273437 0.120262145996094 0.03643798828125 -0.0996627807617187
-0.010986328125 0.130287170410156 0.137931823730469 -0.052093505859375
0.0442352294921875 0.0796661376953125 0.0697441101074219 -0.00141525268554687
0.0416603088378906 0.037933349609375 0.0728378295898438 0.0346832275390625
0.0481033325195313 0.00646591186523438 0.122642517089844 0.00177001953125
0.0376663208007813 -0.016510009765625 0.114479064941406 -0.063018798828125
0.0182647705078125 -0.0336246490478516 0.0731887817382813 -0.116645812988281
0.00647735595703125 -0.05096435546875 0.031829833984375 -0.123565673828125
0.0100173950195313 -0.0510063171386719 0.0164566040039063 -0.0947036743164063
0.00745773315429688 -0.0570869445800781 0.0213050842285156 -0.0652389526367188
0.0293235778808594 -0.0615348815917969 0.0268325805664063 -0.0395774841308594
0.0640029907226562 -0.0432014465332031 0.00336360931396485 -0.0102481842041016
0.0863876342773438 -0.00408935546875 -0.0172443389892578 -0.0168323516845703
0.0758590698242188 0.0721969604492188 -0.0343666076660156 -0.0611953735351562
0.044219970703125 0.131370544433594 -0.00084686279296874 -0.0912094116210937
-0.006195068359375 0.150650024414063 0.0267181396484375 -0.05633544921875
-0.0599212646484375 0.15252685546875 0.129371643066406 0.00425720214843751
0.00880432128906251 0.134971618652344 0.0717926025390625 0.045989990234375
0.0449066162109375 0.0975723266601563 0.0782852172851562 0.0605239868164063
0.0875473022460938 0.044342041015625 0.126724243164063 0.0226669311523438
0.083587646484375 -0.010528564453125 0.112709045410156 -0.0421905517578125
0.0560150146484375 -0.0589714050292969 0.07110595703125 -0.095703125
0.0293502807617188 -0.0823974609375 0.0344009399414063 -0.0972366333007812
0.0309371948242188 -0.0786361694335938 0.0165977478027344 -0.0688095092773438
0.0312271118164063 -0.0866928100585938 0.0172767639160156 -0.0403175354003906
0.0551223754882812 -0.0799789428710938 0.0190525054931641 -0.0196952819824219
0.0906524658203125 -0.0433197021484375 -0.00338745117187499 0.0050511360168457
0.1068115234375 0.00582122802734375 -0.0209598541259766 -0.00330352783203125
0.0765380859375 0.0912246704101563 -0.0379142761230469 -0.0414085388183594
0.03009033203125 0.150299072265625 -0.000186920166015626 -0.0541152954101562
-0.0300445556640625 0.1632080078125 0.0130186080932617 -0.00765228271484374
-0.10040283203125 0.14447021484375 0.1016845703125 0.0640716552734375
-0.0353851318359375 0.158294677734375 0.0572738647460937 0.0988922119140625
0.026763916015625 0.140914916992187 0.071868896484375 0.08831787109375
0.103141784667969 0.083465576171875 0.114334106445313 0.0459136962890625
0.115119934082031 0.0069427490234375 0.0969085693359375 -0.015869140625
0.0884780883789063 -0.0687484741210938 0.0584335327148438 -0.0620956420898438
0.04949951171875 -0.0997085571289063 0.0300254821777344 -0.0587577819824219
0.04595947265625 -0.0934371948242188 0.0139217376708984 -0.0312061309814453
0.0472412109375 -0.103500366210938 0.0113468170166016 -0.00660228729248047
0.0727920532226563 -0.0913772583007813 0.00680208206176758 0.00704050064086914
0.1068115234375 -0.0420303344726563 -0.0149211883544922 0.02178955078125
0.1158447265625 0.0147857666015625 -0.0272178649902344 0.00624847412109375
0.0686874389648438 0.103302001953125 -0.0350360870361328 -0.0268096923828125
0.009674072265625 0.154693603515625 0.00507926940917969 -0.0189037322998047
-0.05401611328125 0.155929565429688 -0.00603485107421875 0.0402641296386719
-0.1204833984375 0.106727600097656 0.0601272583007813 0.114189147949219
-0.0743408203125 0.142410278320313 0.03094482421875 0.141372680664062
-0.00633239746093752 0.149246215820313 0.0563735961914062 0.108123779296875
0.08856201171875 0.107490539550781 0.0882568359375 0.0618057250976563
0.118736267089844 0.0267486572265625 0.0679359436035156 0.0079193115234375
0.104652404785156 -0.0616607666015625 0.0377960205078125 -0.0266838073730469
0.0615005493164062 -0.0994415283203125 0.0198650360107422 -0.0137729644775391
0.0546493530273437 -0.09332275390625 0.00922679901123047 0.00962734222412109
0.0576095581054688 -0.105484008789063 0.00408935546875001 0.0306625366210937
0.0810394287109375 -0.0910720825195313 -0.00796890258789062 0.0365142822265625
0.111953735351563 -0.036224365234375 -0.0294723510742188 0.0378646850585937
0.115631103515625 0.0243072509765625 -0.0370254516601562 0.01336669921875
0.0544967651367188 0.109352111816406 -0.0330638885498047 -0.0176048278808594
-0.0164947509765625 0.146621704101563 0.00837421417236328 0.0119428634643555
-0.0778274536132813 0.131378173828125 -0.0303802490234375 0.0810546875
-0.115898132324219 0.048095703125 0.018524169921875 0.145339965820313
-0.0931320190429688 0.0937652587890625 0.00311279296875 0.164749145507813
-0.03753662109375 0.118896484375 0.0398330688476563 0.112274169921875
0.0528182983398437 0.105316162109375 0.0595474243164063 0.0654106140136719
0.0964813232421875 0.0402145385742188 0.0359115600585938 0.0228309631347656
0.0992813110351563 -0.0427627563476563 0.01300048828125 0.00700283050537109
0.062957763671875 -0.0836181640625 0.006103515625 0.0277938842773438
0.0542984008789063 -0.0804443359375 0.002960205078125 0.0497932434082031
0.0569000244140625 -0.092926025390625 -0.00503540039062499 0.0664825439453125
0.0786972045898438 -0.080047607421875 -0.0245590209960937 0.0642509460449219
0.105255126953125 -0.0268173217773438 -0.0466499328613281 0.0540809631347656
0.103965759277344 0.0319137573242188 -0.0487632751464844 0.0188331604003906
0.0348434448242188 0.107765197753906 -0.0335826873779297 -0.0115623474121094
-0.0428009033203125 0.126419067382813 0.00236892700195312 0.0365982055664063
-0.09625244140625 0.0927734375 -0.0617752075195312 0.109519958496094
-0.0929412841796875 -0.017913818359375 -0.0118560791015625 0.15142822265625
-0.0898513793945312 0.0287246704101563 -0.0139007568359375 0.165542602539063
-0.0565605163574219 0.0643463134765625 0.0289688110351562 0.104995727539063
0.0107040405273438 0.0807037353515625 0.03460693359375 0.0592498779296875
0.0574493408203125 0.043487548828125 0.00993728637695313 0.0265750885009766
0.0759735107421875 -0.0186233520507813 -0.00891304016113281 0.0315876007080078
0.0543441772460938 -0.0546722412109375 -0.00650405883789062 0.0611686706542969
0.0455589294433594 -0.05462646484375 -0.00384521484375001 0.0813751220703125
0.0494651794433594 -0.0675201416015625 -0.0133056640625 0.0962982177734375
0.0663833618164063 -0.0584564208984375 -0.0408935546875 0.0896453857421875
0.0863265991210938 -0.0146636962890625 -0.0645980834960938 0.0674171447753906
0.0828323364257812 0.0341949462890625 -0.0631523132324219 0.0228157043457031
0.0127029418945313 0.0937423706054688 -0.0402679443359375 -0.0080413818359375
-0.0626373291015625 0.0916290283203125 -0.0124893188476562 0.0530548095703125
-0.1026611328125 0.0417938232421875 -0.0973587036132812 0.122795104980469
0.070343017578125 0.0287551879882813 0.107658386230469 -0.124687194824219
0.0624847412109375 -0.0503349304199219 0.035308837890625 -0.0506477355957031
-0.00412750244140625 -0.0652122497558594 0.0477981567382813 0.00829696655273437
-0.0460243225097656 -0.0352020263671875 0.0945968627929688 -0.0184097290039063
-0.0536956787109375 0.000179290771484375 0.0923919677734375 -0.0810928344726563
-0.0461502075195312 0.037567138671875 0.056060791015625 -0.1248779296875
-0.0316276550292969 0.0320606231689453 0.0153961181640625 -0.13006591796875
-0.0318164825439453 0.0219058990478516 0.00574493408203126 -0.106483459472656
-0.0444869995117188 0.0220718383789062 0.0120620727539063 -0.0814437866210938
-0.0452957153320313 -0.0121955871582031 0.0173835754394531 -0.0587005615234375
-0.0203895568847656 -0.0479469299316406 0.00128364562988281 -0.0346832275390625
0.0222320556640625 -0.0489692687988281 -0.0145339965820313 -0.0514450073242188
0.0713882446289063 -0.0110626220703125 -0.0125579833984375 -0.108955383300781
0.0834503173828125 0.0380935668945313 0.0168609619140625 -0.159744262695313
0.0564956665039062 0.0726089477539063 0.0375823974609375 -0.142669677734375
0.0371551513671875 0.0885772705078125 0.132026672363281 -0.102241516113281
0.0638427734375 0.0142250061035156 0.0548858642578125 -0.0365562438964844
0.0238399505615234 -0.0190296173095703 0.06231689453125 0.0178375244140625
0.000631332397460936 -0.0202751159667969 0.113533020019531 -0.0131988525390625
-0.0109415054321289 -0.0114898681640625 0.108604431152344 -0.0799102783203125
-0.0164432525634766 0.000591278076171875 0.067108154296875 -0.132125854492188
-0.0146818161010742 -0.0117321014404297 0.0222549438476562 -0.13995361328125
-0.0119075775146484 -0.0177783966064453 0.00914764404296874 -0.111915588378906
-0.0180950164794922 -0.0200386047363281 0.0170516967773438 -0.0840377807617188
-0.005401611328125 -0.0393943786621094 0.0250053405761719 -0.05804443359375
0.0266456604003906 -0.0458183288574219 0.00545501708984375 -0.0271472930908203
0.0593185424804688 -0.022674560546875 -0.0131263732910156 -0.0369415283203125
0.075775146484375 0.0400772094726563 -0.02362060546875 -0.0883026123046875
0.0638351440429688 0.0961151123046875 0.00698852539062501 -0.1328125
0.024688720703125 0.124351501464844 0.0383148193359375 -0.109138488769531
-0.00836181640625 0.137847900390625 0.143051147460938 -0.0600128173828125
0.0471115112304687 0.0838088989257812 0.0695686340332031 -0.00337982177734374
0.0455589294433594 0.0413780212402344 0.0753402709960937 0.0371322631835938
0.0515937805175781 0.00703811645507813 0.128776550292969 0.00093841552734375
0.0398902893066406 -0.0175437927246094 0.11859130859375 -0.0686569213867188
0.0199451446533203 -0.0350818634033203 0.073211669921875 -0.124649047851563
0.00647735595703125 -0.0545120239257813 0.0284347534179688 -0.131401062011719
0.00937271118164062 -0.0550079345703125 0.0114974975585938 -0.100563049316406
0.00786972045898437 -0.0611495971679688 0.0171890258789063 -0.0706634521484375
0.0294723510742188 -0.0651512145996094 0.0237197875976563 -0.0465431213378906
0.065643310546875 -0.0468025207519531 0.00197601318359375 -0.0149726867675781
0.090789794921875 -0.0067901611328125 -0.0173168182373047 -0.0216903686523437
0.081634521484375 0.0745162963867188 -0.034210205078125 -0.0659065246582031
0.0498733520507813 0.136520385742188 -0.000885009765624999 -0.09759521484375
-0.00280761718750001 0.158462524414063 0.0286865234375 -0.063232421875
-0.0584869384765625 0.16363525390625 0.134925842285156 -0.00125885009765624
0.0126953125 0.141616821289063 0.0721359252929688 0.0456771850585938
0.0508193969726562 0.104484558105469 0.0805206298828125 0.0638961791992188
0.0947036743164062 0.0447540283203125 0.131988525390625 0.0218734741210938
0.0890121459960937 -0.013275146484375 0.117294311523438 -0.0463409423828125
0.0591392517089844 -0.0633125305175781 0.07135009765625 -0.100982666015625
0.0286788940429688 -0.0886001586914062 0.0311660766601563 -0.104423522949219
0.0290451049804688 -0.0848922729492188 0.0124435424804687 -0.0729598999023438
0.0301361083984375 -0.0933303833007813 0.0135459899902344 -0.0440521240234375
0.0567092895507813 -0.087005615234375 0.0154514312744141 -0.0246143341064453
0.0949554443359375 -0.049591064453125 -0.00588560104370116 0.00114297866821289
0.112785339355469 0.0023651123046875 -0.0227127075195312 -0.00755500793457031
0.083892822265625 0.0960235595703125 -0.0386924743652344 -0.0451889038085938
0.0363922119140625 0.158859252929688 -0.000438690185546879 -0.0592689514160156
-0.0269012451171875 0.172683715820312 0.0146770477294922 -0.0120010375976562
-0.100784301757813 0.156707763671875 0.106964111328125 0.0626296997070313
-0.03289794921875 0.1695556640625 0.0585784912109375 0.09954833984375
0.0332794189453125 0.150848388671875 0.0744094848632813 0.09210205078125
0.112388610839844 0.0854110717773438 0.119384765625 0.046539306640625
0.122123718261719 0.002777099609375 0.101242065429688 -0.0174713134765625
0.091949462890625 -0.075897216796875 0.0597343444824219 -0.0658912658691406
0.0484161376953125 -0.107917785644531 0.0284881591796875 -0.0626640319824219
0.0443038940429688 -0.101318359375 0.0114727020263672 -0.0341453552246094
0.0460052490234375 -0.112129211425781 0.0084371566772461 -0.00759410858154298
0.072784423828125 -0.0996627807617188 0.00363874435424805 0.00403428077697753
0.111701965332031 -0.049163818359375 -0.0178203582763672 0.0198020935058594
0.124061584472656 0.0110702514648438 -0.0294075012207031 0.00331878662109374
0.07794189453125 0.108589172363281 -0.0366668701171875 -0.0297622680664062
0.0161590576171875 0.164459228515625 0.00623512268066406 -0.0223960876464844
-0.0526580810546875 0.166763305664063 -0.00394439697265626 0.0383529663085938
-0.12359619140625 0.119453430175781 0.0647735595703125 0.117164611816406
-0.072601318359375 0.1544189453125 0.03302001953125 0.14569091796875
4.57763671874892E-05 0.160491943359375 0.0578231811523438 0.11138916015625
0.0985260009765625 0.110954284667969 0.0924911499023438 0.0636978149414063
0.127525329589844 0.0234451293945313 0.0713272094726563 0.0080718994140625
0.107521057128906 -0.0694198608398438 0.03826904296875 -0.0265007019042969
0.0601882934570313 -0.1085205078125 0.0196628570556641 -0.0152511596679688
0.0520858764648438 -0.102249145507813 0.00844097137451172 0.00975322723388671
0.054595947265625 -0.115028381347656 0.00235176086425782 0.0324459075927734
0.0809402465820312 -0.101287841796875 -0.0107765197753906 0.0367317199707031
0.116897583007812 -0.0437469482421875 -0.0328330993652344 0.0388832092285156
0.123886108398437 0.0200729370117187 -0.0394058227539063 0.0121726989746094
0.0626983642578125 0.115203857421875 -0.0340976715087891 -0.0200748443603516
-0.0111236572265625 0.15728759765625 0.0101232528686523 0.0094747543334961
-0.0775146484375 0.142181396484375 -0.028717041015625 0.082427978515625
-0.121810913085938 0.0574264526367187 0.0218963623046875 0.151641845703125
-0.0942001342773437 0.103546142578125 0.00473022460937498 0.1708984375
-0.0350189208984375 0.130569458007813 0.0402984619140625 0.116775512695313
0.06170654296875 0.10986328125 0.0615692138671875 0.0687255859375
0.104705810546875 0.0379791259765625 0.0379371643066406 0.0247688293457031
0.10260009765625 -0.0503921508789063 0.0140466690063477 0.00998973846435547
0.0622482299804688 -0.0908584594726563 0.007720947265625 0.0294437408447266
0.0522918701171875 -0.0875930786132813 0.00401306152343751 0.0510749816894531
0.05517578125 -0.101554870605469 -0.0050811767578125 0.0707321166992188
0.0782928466796875 -0.0890045166015625 -0.0266075134277344 0.0677833557128906
0.10992431640625 -0.0338134765625 -0.0505218505859375 0.05633544921875
0.111427307128906 0.0286102294921875 -0.0518302917480469 0.0187644958496094
0.041900634765625 0.113273620605469 -0.0363235473632813 -0.0137443542480469
-0.0381851196289062 0.136550903320312 0.005096435546875 0.0359306335449219
-0.09698486328125 0.101860046386719 -0.0612030029296875 0.114433288574219
-0.0986709594726563 -0.0131378173828125 -0.011474609375 0.159744262695313
-0.0928421020507813 0.0350265502929688 -0.0130615234375 0.1727294921875
-0.0563735961914063 0.0731887817382813 0.0298080444335937 0.108795166015625
0.0167922973632812 0.0844268798828125 0.0361442565917969 0.0633125305175781
0.0641326904296875 0.0414619445800781 0.0107631683349609 0.0311985015869141
0.0780181884765625 -0.0240707397460938 -0.0079803466796875 0.0364456176757813
0.0528602600097656 -0.0597190856933594 -0.00365829467773437 0.0647201538085938
0.0436134338378906 -0.0604171752929687 -0.000755310058593741 0.0853195190429688
0.0472640991210938 -0.0737152099609375 -0.01251220703125 0.103019714355469
0.0660972595214844 -0.0658226013183594 -0.0423812866210938 0.0956039428710938
0.0897293090820313 -0.0205612182617188 -0.0677566528320312 0.07220458984375
0.088134765625 0.0320281982421875 -0.0674629211425781 0.0236053466796875
0.0175628662109375 0.0988998413085938 -0.042724609375 -0.00965881347656248
-0.0599517822265625 0.1002197265625 -0.0095672607421875 0.0546531677246094
-0.105209350585938 0.0485458374023437 -0.098297119140625 0.130439758300781
0.0750885009765625 0.0249710083007813 0.106559753417969 -0.136817932128906
0.0614509582519531 -0.055694580078125 0.0330657958984375 -0.0534744262695312
-0.00878143310546875 -0.0676803588867188 0.05023193359375 0.00871658325195312
-0.0502853393554687 -0.0330390930175781 0.099365234375 -0.022369384765625
-0.0564041137695313 0.00570297241210937 0.0930938720703125 -0.0902099609375
-0.0437660217285156 0.0431480407714844 0.0518646240234375 -0.136131286621094
-0.0294723510742187 0.0361137390136719 0.00787353515625001 -0.138381958007813
-0.0304489135742188 0.0256576538085937 -0.00167083740234376 -0.112747192382813
-0.0424423217773438 0.0266571044921875 0.00594329833984375 -0.0881576538085938
-0.0470657348632812 -0.00815963745117186 0.0117912292480469 -0.0653419494628906
-0.025360107421875 -0.0466346740722656 -0.000282287597656255 -0.0402450561523438
0.019195556640625 -0.0519218444824219 -0.0160179138183594 -0.05670166015625
0.0727996826171875 -0.0172195434570313 -0.015411376953125 -0.114570617675781
0.088409423828125 0.0323333740234375 0.0118865966796875 -0.169097900390625
0.064361572265625 0.0710678100585938 0.0337982177734375 -0.154342651367188
0.0432205200195313 0.0909576416015625 0.132759094238281 -0.115264892578125
0.0662651062011719 0.0122222900390625 0.0533218383789063 -0.0398902893066406
0.0241031646728516 -0.01947021484375 0.0654029846191406 0.0182723999023437
0.000251770019531249 -0.0197296142578125 0.119308471679688 -0.0180816650390625
-0.011479377746582 -0.0102434158325195 0.110404968261719 -0.0896987915039063
-0.0148677825927734 0.0016937255859375 0.0633087158203125 -0.1436767578125
-0.0148696899414062 -0.0115461349487305 0.013946533203125 -0.149139404296875
-0.0129032135009766 -0.0180168151855469 0.000885009765625005 -0.118461608886719
-0.0190200805664063 -0.0206203460693359 0.010162353515625 -0.090240478515625
-0.0066986083984375 -0.0394744873046875 0.0194358825683594 -0.0658760070800781
0.0250015258789062 -0.0482139587402344 0.00352096557617188 -0.0331611633300781
0.060577392578125 -0.0267715454101563 -0.0144004821777344 -0.0422325134277344
0.080963134765625 0.0369949340820313 -0.0261383056640625 -0.0929718017578125
0.071685791015625 0.096435546875 0.0025634765625 -0.140716552734375
0.0328445434570312 0.127616882324219 0.035888671875 -0.119476318359375
-0.000900268554687492 0.146163940429688 0.145782470703125 -0.0715789794921875
0.053741455078125 0.0862960815429688 0.0694389343261719 -0.00732421874999999
0.0511093139648437 0.0435791015625 0.0789413452148438 0.0375900268554688
0.0559234619140625 0.00525283813476563 0.135108947753906 -0.00411224365234375
0.042144775390625 -0.0203132629394531 0.120758056640625 -0.078125
0.0203094482421875 -0.0382499694824219 0.0699081420898438 -0.135551452636719
0.00425720214843751 -0.0578727722167969 0.0203857421875 -0.139572143554687
0.00637817382812499 -0.0591583251953125 0.00352478027343751 -0.106636047363281
0.00550079345703124 -0.0649681091308594 0.0103683471679687 -0.075897216796875
0.0281181335449219 -0.0698013305664063 0.01788330078125 -0.05328369140625
0.0665245056152344 -0.0527076721191406 -0.000570297241210934 -0.0207004547119141
0.0954971313476563 -0.0121002197265625 -0.0190143585205078 -0.0264186859130859
0.09039306640625 0.0745162963867188 -0.0370597839355469 -0.0695724487304688
0.060546875 0.141311645507813 -0.00444030761718751 -0.103996276855469
0.00616455078125001 0.166656494140625 0.028717041015625 -0.0722503662109375
-0.0524749755859375 0.177719116210938 0.140487670898438 -0.00971221923828124
0.0215606689453125 0.14990234375 0.07421875 0.0437393188476563
0.0612030029296875 0.110626220703125 0.0860443115234375 0.06512451171875
0.103240966796875 0.04296875 0.138969421386719 0.0179061889648438
0.0941238403320313 -0.019439697265625 0.120155334472656 -0.0537643432617188
0.0593185424804688 -0.0704193115234375 0.0689926147460937 -0.109283447265625
0.024688720703125 -0.0957107543945313 0.0248794555664063 -0.111358642578125
0.0244979858398437 -0.0923233032226563 0.00594329833984376 -0.0774917602539063
0.0254592895507813 -0.101737976074219 0.008453369140625 -0.0476112365722656
0.0536651611328125 -0.0951309204101563 0.0110263824462891 -0.0295543670654297
0.0974655151367188 -0.0585403442382813 -0.00893402099609374 -0.00232601165771485
0.120353698730469 -0.0041046142578125 -0.0249595642089844 -0.01116943359375
0.0953292846679688 0.0979461669921875 -0.0405540466308594 -0.0485305786132812
0.0483245849609375 0.166488647460937 -0.0021820068359375 -0.0648918151855469
-0.01837158203125 0.184295654296875 0.0165233612060547 -0.0173578262329101
-0.0977630615234375 0.174667358398438 0.114044189453125 0.058624267578125
-0.0249176025390625 0.181838989257813 0.0635147094726562 0.1002197265625
0.0458831787109375 0.160888671875 0.0795516967773437 0.0946197509765625
0.12518310546875 0.0838088989257813 0.126045227050781 0.0439987182617188
0.130409240722656 -0.00574493408203125 0.104171752929688 -0.0229339599609375
0.0927886962890625 -0.0854339599609375 0.0586700439453125 -0.0706329345703125
0.0430984497070313 -0.117301940917969 0.0244178771972656 -0.0672950744628907
0.0383529663085937 -0.111282348632813 0.00730133056640626 -0.0369148254394531
0.0405960083007813 -0.123001098632813 0.00518274307250977 -0.00839996337890626
0.070098876953125 -0.111099243164063 0.000398159027099613 0.0019237995147705
0.115379333496094 -0.0605926513671875 -0.0212650299072266 0.0188770294189453
0.132476806640625 0.002838134765625 -0.0324230194091797 0.00194549560546874
0.09075927734375 0.111991882324219 -0.0388336181640625 -0.0323219299316406
0.028411865234375 0.17431640625 0.00548744201660157 -0.0268440246582031
-0.0450286865234375 0.179718017578125 -0.000553131103515625 0.037353515625
-0.122734069824219 0.13580322265625 0.07281494140625 0.119049072265625
-0.0672607421875 0.169036865234375 0.0386962890625 0.149337768554688
0.011322021484375 0.173110961914063 0.0641632080078125 0.115470886230469
0.11248779296875 0.111076354980469 0.0981292724609375 0.063446044921875
0.136795043945313 0.01495361328125 0.0745620727539063 0.0070037841796875
0.108978271484375 -0.0809173583984375 0.0388374328613281 -0.0266799926757813
0.0553359985351563 -0.118942260742188 0.0188426971435547 -0.0169410705566406
0.0469284057617188 -0.112190246582031 0.00809097290039063 0.00939464569091796
0.0489120483398437 -0.126869201660156 0.00119209289550782 0.0351238250732422
0.0771331787109375 -0.112800598144531 -0.012481689453125 0.0383415222167969
0.12091064453125 -0.055938720703125 -0.0355796813964844 0.0417900085449219
0.132858276367187 0.0127716064453125 -0.0424880981445313 0.0123023986816406
0.075653076171875 0.119728088378906 -0.037078857421875 -0.0215187072753906
-0.000198364257812484 0.168304443359375 0.0117282867431641 0.00708675384521486
-0.0721282958984375 0.156112670898438 -0.024810791015625 0.0860595703125
-0.125633239746094 0.071044921875 0.02947998046875 0.1575927734375
-0.09271240234375 0.117393493652344 0.01068115234375 0.178192138671875
-0.026763916015625 0.142730712890625 0.0454788208007812 0.120880126953125
0.0740203857421875 0.112014770507813 0.0652694702148438 0.069976806640625
0.114433288574219 0.0313186645507813 0.0410614013671875 0.0267677307128906
0.104301452636719 -0.0612106323242188 0.0159091949462891 0.0125522613525391
0.0580215454101562 -0.100715637207031 0.00946807861328125 0.0304985046386719
0.047271728515625 -0.0973968505859375 0.006561279296875 0.0533218383789063
0.0495834350585938 -0.112083435058594 -0.00273132324218749 0.0754547119140625
0.0754547119140625 -0.100364685058594 -0.0262527465820312 0.073272705078125
0.114112854003906 -0.0451583862304688 -0.0518836975097656 0.0623931884765625
0.120758056640625 0.0210418701171875 -0.0560379028320312 0.0209236145019531
0.0525894165039063 0.117904663085938 -0.0388870239257813 -0.0141525268554688
-0.029815673828125 0.147674560546875 0.00848579406738281 0.0349979400634766
-0.0947723388671875 0.114227294921875 -0.0569610595703125 0.12237548828125
-0.105140686035156 -0.00511932373046875 -0.00527954101562501 0.16912841796875
-0.0951995849609375 0.045440673828125 -0.007598876953125 0.181228637695312
-0.0533218383789063 0.083251953125 0.0336380004882812 0.113555908203125
0.0255661010742188 0.0871353149414062 0.0390090942382813 0.0663871765136719
0.0708084106445313 0.0376205444335938 0.0131149291992188 0.0359039306640625
0.07952880859375 -0.0323333740234375 -0.00484466552734374 0.04132080078125
0.0496597290039063 -0.0680999755859375 0.000770568847656246 0.0681495666503906
0.0405540466308594 -0.0676383972167969 0.00451660156249999 0.0891647338867188
0.0430984497070313 -0.081939697265625 -0.00720977783203123 0.110198974609375
0.0631484985351563 -0.0746917724609375 -0.0404281616210937 0.103439331054688
0.0932769775390625 -0.0293807983398438 -0.0689620971679687 0.079742431640625
0.094573974609375 0.026580810546875 -0.0713729858398438 0.0271148681640625
0.02557373046875 0.102806091308594 -0.0452804565429687 -0.0101280212402344
-0.0548934936523438 0.109954833984375 -0.00562667846679688 0.0549812316894531
-0.105148315429688 0.0583114624023437 -0.095489501953125 0.142181396484375
0.0780258178710938 0.0183639526367188 0.0999603271484375 -0.1492919921875
0.0566368103027344 -0.0616416931152344 0.0284767150878906 -0.0557441711425781
-0.0146446228027344 -0.0675773620605469 0.0519790649414063 0.008056640625
-0.0540046691894531 -0.0284080505371094 0.101730346679688 -0.0287322998046875
-0.0570182800292969 0.0125846862792969 0.089111328125 -0.0992507934570313
-0.0396347045898437 0.0486946105957031 0.0420989990234375 -0.1448974609375
-0.0256080627441406 0.0397300720214844 -0.00373840332031251 -0.14349365234375
-0.0278186798095703 0.0293064117431641 -0.0121917724609375 -0.115730285644531
-0.0388870239257812 0.0311737060546875 -0.00331115722656251 -0.09124755859375
-0.0474777221679687 -0.00254440307617188 0.0046234130859375 -0.06982421875
-0.0306129455566406 -0.0436286926269531 -0.00399017333984375 -0.0445632934570312
0.0135726928710937 -0.0540275573730469 -0.0190010070800781 -0.060302734375
0.0717849731445313 -0.0244598388671875 -0.0206146240234375 -0.117332458496094
0.092742919921875 0.0253143310546875 0.00245666503906249 -0.175003051757813
0.0710830688476563 0.06597900390625 0.024627685546875 -0.163330078125
0.051513671875 0.0897445678710938 0.128013610839844 -0.128829956054688
0.0676994323730469 0.00806808471679688 0.04913330078125 -0.0436897277832031
0.0233783721923828 -0.0205478668212891 0.0677642822265625 0.0163459777832031
-0.00103187561035156 -0.0192737579345703 0.121810913085938 -0.025360107421875
-0.0110769271850586 -0.00804710388183594 0.106307983398438 -0.100028991699219
-0.0130224227905273 0.00378608703613281 0.0527496337890625 -0.154067993164063
-0.0147857666015625 -0.0108280181884766 0.000900268554687488 -0.153961181640625
-0.0140037536621094 -0.0174312591552734 -0.0113525390625 -0.121795654296875
-0.0192375183105469 -0.0196590423583984 7.62939453125198E-06 -0.09454345703125
-0.00853729248046875 -0.0393180847167969 0.0114974975585938 -0.07196044921875
0.0211105346679687 -0.0500717163085938 -0.00022125244140625 -0.0381698608398438
0.0596122741699219 -0.0308723449707031 -0.0172348022460938 -0.0460090637207031
0.0849990844726563 0.0318450927734375 -0.0310897827148437 -0.0944671630859375
0.0804214477539063 0.092926025390625 -0.00535583496093749 -0.146392822265625
0.0429153442382813 0.128135681152344 0.0294570922851562 -0.128868103027344
0.009735107421875 0.150985717773438 0.1439208984375 -0.08489990234375
0.06072998046875 0.0861358642578125 0.067047119140625 -0.0111312866210937
0.0562782287597656 0.0428428649902344 0.0829315185546875 0.035400390625
0.0585441589355469 0.00229644775390625 0.138069152832031 -0.0125045776367188
0.0423164367675781 -0.0234870910644531 0.117973327636719 -0.0885009765625
0.0201072692871094 -0.0410728454589844 0.060455322265625 -0.144317626953125
-2.28881835937512E-05 -0.0603904724121094 0.0081024169921875 -0.145217895507813
0.00131607055664063 -0.0625457763671875 -0.00807952880859375 -0.109664916992188
0.0015716552734375 -0.0682029724121094 0.000976562500000005 -0.0789031982421875
0.0236053466796875 -0.0741348266601562 0.0100364685058594 -0.0586585998535156
0.0644569396972656 -0.0590057373046875 -0.00449371337890624 -0.0245723724365234
0.0972976684570313 -0.0189895629882813 -0.0207710266113281 -0.0302734375
0.098663330078125 0.070404052734375 -0.040679931640625 -0.0707931518554687
0.072967529296875 0.14080810546875 -0.0106201171875 -0.108406066894531
0.0184783935546875 0.170944213867187 0.0258026123046875 -0.0801544189453125
-0.040191650390625 0.188430786132813 0.142425537109375 -0.0213623046875
0.0331573486328125 0.153854370117188 0.075836181640625 0.038848876953125
0.0729141235351563 0.110992431640625 0.0907974243164063 0.0625
0.110931396484375 0.0366134643554688 0.143447875976563 0.0098876953125
0.095977783203125 -0.0279006958007813 0.118865966796875 -0.0635223388671875
0.0568466186523438 -0.0773773193359375 0.06207275390625 -0.116981506347656
0.0168991088867188 -0.100738525390625 0.0148391723632813 -0.115669250488281
0.016845703125 -0.0979156494140625 -0.00334167480468751 -0.0802001953125
0.0177001953125 -0.107398986816406 0.00127410888671875 -0.0489387512207031
0.0472412109375 -0.103569030761719 0.00441551208496094 -0.0336265563964844
0.095703125 -0.06866455078125 -0.0125265121459961 -0.00463581085205078
0.124404907226563 -0.014678955078125 -0.0278034210205078 -0.0134067535400391
0.106468200683594 0.0945663452148438 -0.0442886352539062 -0.0489044189453125
0.0634918212890625 0.168655395507813 -0.00595855712890625 -0.0692253112792969
-0.00552368164062498 0.191787719726563 0.0169391632080078 -0.0231952667236328
-0.08624267578125 0.189773559570313 0.120529174804687 0.050567626953125
-0.0104522705078125 0.190689086914063 0.0690765380859375 0.0981292724609375
0.062042236328125 0.164276123046875 0.086578369140625 0.0926589965820313
0.137092590332031 0.0762786865234375 0.131057739257813 0.0380325317382813
0.13433837890625 -0.0173721313476563 0.105010986328125 -0.0291976928710938
0.0891342163085938 -0.0963287353515625 0.0550308227539063 -0.075347900390625
0.0340042114257813 -0.124862670898438 0.0182571411132812 -0.071044921875
0.0287628173828125 -0.118377685546875 0.0021514892578125 -0.0380859375
0.029876708984375 -0.131523132324219 0.00169086456298828 -0.00821542739868165
0.0617904663085938 -0.121391296386719 -0.00352263450622558 0.00166010856628417
0.114112854003906 -0.0732040405273438 -0.0233192443847656 0.0194511413574219
0.13812255859375 -0.0084228515625 -0.0344505310058594 0.00109100341796875
0.103950500488281 0.109275817871094 -0.0428886413574219 -0.03277587890625
0.0447540283203125 0.178604125976563 0.00468254089355469 -0.0306224822998047
-0.0320281982421875 0.189697265625 0.00306892395019531 0.0344295501708985
-0.115570068359375 0.1527099609375 0.0819091796875 0.116485595703125
-0.055450439453125 0.18157958984375 0.0476226806640625 0.14996337890625
0.027618408203125 0.18060302734375 0.0705718994140625 0.114212036132813
0.126182556152344 0.105758666992188 0.104301452636719 0.05963134765625
0.1427001953125 0.002349853515625 0.0767135620117188 0.00310516357421875
0.106109619140625 -0.0927886962890625 0.0385055541992188 -0.0285835266113281
0.0457382202148438 -0.128089904785156 0.0168609619140625 -0.0189170837402344
0.0368499755859375 -0.120719909667969 0.00691604614257813 0.00867938995361327
0.037841796875 -0.135696411132813 0.00247192382812501 0.0362281799316406
0.0687408447265625 -0.123550415039063 -0.0126800537109375 0.0393791198730469
0.120201110839844 -0.0695266723632813 -0.0359420776367187 0.0442886352539063
0.138641357421875 0.00016021728515625 -0.0449943542480469 0.0140571594238281
0.089569091796875 0.11798095703125 -0.0401573181152344 -0.021697998046875
0.0157623291015625 0.174972534179687 0.0128822326660156 0.00331401824951173
-0.0612335205078125 0.167526245117188 -0.0184097290039063 0.0872268676757813
-0.122482299804688 0.0865631103515625 0.0402069091796875 0.160552978515625
-0.0848007202148438 0.130012512207031 0.0219268798828125 0.18096923828125
-0.013092041015625 0.152328491210938 0.0526657104492188 0.121238708496094
0.0871047973632813 0.109390258789063 0.0703125 0.069793701171875
0.120460510253906 0.0202560424804688 0.0439071655273438 0.0270042419433594
0.101409912109375 -0.0725860595703125 0.0185375213623047 0.0139846801757812
0.0487747192382813 -0.109016418457031 0.0121021270751953 0.03045654296875
0.0386276245117188 -0.104721069335938 0.0102119445800781 0.0539436340332031
0.039215087890625 -0.121070861816406 0.00270843505859375 0.0789337158203125
0.0671463012695313 -0.110931396484375 -0.0235595703125 0.0775527954101563
0.112724304199219 -0.057586669921875 -0.0512046813964844 0.0679435729980469
0.126113891601563 0.0098114013671875 -0.0580596923828125 0.0244178771972656
0.0660476684570313 0.117691040039063 -0.0409317016601562 -0.0137786865234375
-0.016265869140625 0.155731201171875 0.0120353698730469 0.032470703125
-0.0869674682617188 0.126579284667969 -0.0489654541015625 0.128318786621094
-0.1085205078125 0.00626373291015627 0.005462646484375 0.175979614257813
-0.0928802490234375 0.0562973022460938 0.0030364990234375 0.186660766601563
-0.04534912109375 0.0928955078125 0.039031982421875 0.113975524902344
0.0356521606445312 0.0884552001953125 0.0422439575195312 0.0677719116210938
0.0764923095703125 0.0304336547851563 0.0163955688476563 0.0388565063476563
0.07818603515625 -0.0412139892578125 0.000102996826171885 0.0456581115722656
0.04290771484375 -0.07440185546875 0.00674819946289062 0.0698204040527344
0.0340118408203125 -0.0735855102539063 0.0122451782226563 0.0909194946289063
0.0357208251953125 -0.0887527465820313 0.000930786132812494 0.114608764648437
0.056640625 -0.0828857421875 -0.034881591796875 0.110427856445313
0.0927581787109375 -0.0395431518554687 -0.0669097900390625 0.0875167846679688
0.0997848510742188 0.01788330078125 -0.0726318359375 0.0327377319335937
0.0362472534179687 0.104240417480469 -0.0477027893066406 -0.00850677490234375
-0.0457992553710938 0.118049621582031 -0.000194549560546874 0.0547523498535156
-0.101974487304687 0.0695037841796875 -0.08709716796875 0.153305053710938
0.0780258178710938 0.0126800537109375 0.0898590087890625 -0.156402587890625
0.0506820678710937 -0.0652046203613281 0.0229454040527344 -0.0554885864257813
-0.0206146240234375 -0.0657958984375 0.052642822265625 0.00756072998046874
-0.0563926696777344 -0.0232315063476563 0.101387023925781 -0.0341644287109375
-0.0545082092285156 0.0182647705078125 0.08306884765625 -0.104148864746094
-0.0327262878417969 0.0518264770507813 0.0307159423828125 -0.1485595703125
-0.0203399658203125 0.04229736328125 -0.0142059326171875 -0.143844604492188
-0.0252017974853516 0.0313911437988281 -0.0214920043945313 -0.11395263671875
-0.0351753234863281 0.0342559814453125 -0.0114898681640625 -0.0913925170898438
-0.046142578125 0.00235366821289063 -0.00287628173828126 -0.0710220336914063
-0.034027099609375 -0.0387115478515625 -0.00720596313476563 -0.0475425720214844
0.00815963745117187 -0.0535240173339844 -0.0212821960449219 -0.0625877380371094
0.0684700012207031 -0.0305023193359375 -0.0250396728515625 -0.116477966308594
0.0924758911132813 0.0172271728515625 -0.00663757324218751 -0.175704956054688
0.0744705200195313 0.0592575073242188 0.0149078369140625 -0.16778564453125
0.0565567016601562 0.0857315063476563 0.11895751953125 -0.138328552246094
0.0674514770507813 0.0043792724609375 0.0441665649414063 -0.0450172424316406
0.021820068359375 -0.0207786560058594 0.068603515625 0.0145606994628906
-0.00152969360351563 -0.0180625915527344 0.12103271484375 -0.0315704345703125
-0.0112857818603516 -0.00593948364257813 0.0990371704101563 -0.106292724609375
-0.0100746154785156 0.00497341156005859 0.0407562255859375 -0.157135009765625
-0.0141172409057617 -0.0101871490478516 -0.0111236572265625 -0.153778076171875
-0.0143899917602539 -0.0166492462158203 -0.0216751098632813 -0.1199951171875
-0.0192546844482422 -0.0186119079589844 -0.0096588134765625 -0.0941925048828125
-0.0106849670410156 -0.0377922058105469 0.0022125244140625 -0.0737152099609375
0.0175247192382813 -0.0494232177734375 -0.0045928955078125 -0.0421562194824219
0.0569114685058594 -0.0343513488769531 -0.0188674926757812 -0.0488090515136719
0.08587646484375 0.0263824462890625 -0.0340347290039062 -0.0937271118164063
0.0859603881835937 0.0873641967773438 -0.013153076171875 -0.147048950195313
0.051025390625 0.124412536621094 0.0217971801757813 -0.134437561035156
0.0200347900390625 0.150192260742188 0.137916564941406 -0.0956344604492188
0.0660018920898438 0.0821304321289063 0.0635528564453125 -0.0144233703613281
0.0604629516601563 0.0402870178222656 0.0831451416015625 0.0325164794921875
0.0597419738769531 -0.00138092041015625 0.137260437011719 -0.0198516845703125
0.0412483215332031 -0.0258064270019531 0.110931396484375 -0.09521484375
0.0196456909179687 -0.0424842834472656 0.04986572265625 -0.147689819335937
-0.00374984741210937 -0.0606040954589844 -0.0040283203125 -0.144882202148437
-0.00310516357421875 -0.0622787475585937 -0.0183944702148437 -0.107673645019531
-0.00367355346679688 -0.0688514709472656 -0.00769042968750001 -0.0785598754882813
0.0191268920898438 -0.0758209228515625 0.00104904174804688 -0.0609855651855469
0.0609207153320313 -0.0629196166992188 -0.00880241394042968 -0.0274391174316406
0.0962448120117187 -0.0257949829101563 -0.0230998992919922 -0.0322914123535156
0.10369873046875 0.0648269653320313 -0.0429496765136719 -0.070159912109375
0.082672119140625 0.13665771484375 -0.016326904296875 -0.109535217285156
0.029205322265625 0.169097900390625 0.0210418701171875 -0.0862655639648437
-0.02630615234375 0.192428588867188 0.13970947265625 -0.0315170288085937
0.0439453125 0.15264892578125 0.0751266479492188 0.03448486328125
0.0827713012695313 0.108055114746094 0.0923538208007813 0.0587997436523438
0.11444091796875 0.0294647216796875 0.143051147460938 0.00250244140625
0.0938644409179688 -0.0346527099609375 0.113883972167969 -0.069366455078125
0.0528564453125 -0.08184814453125 0.0545425415039063 -0.11944580078125
0.00958251953124999 -0.102523803710938 0.00545501708984376 -0.116119384765625
0.00885009765624999 -0.0992889404296875 -0.0120315551757812 -0.0788497924804688
0.00897979736328126 -0.109420776367187 -0.005279541015625 -0.0483245849609375
0.0391769409179688 -0.107650756835938 -0.00313186645507812 -0.0348682403564453
0.0908584594726563 -0.0761947631835937 -0.0161294937133789 -0.00644683837890626
0.123886108398438 -0.0235214233398438 -0.0293521881103516 -0.0146408081054687
0.115341186523438 0.088409423828125 -0.0463027954101562 -0.0481529235839844
0.0767059326171875 0.165695190429688 -0.00948333740234374 -0.0708847045898437
0.00805664062499999 0.192855834960938 0.0155181884765625 -0.0286502838134766
-0.0731048583984375 0.1973876953125 0.122360229492188 0.0423583984375
0.00395202636718749 0.192581176757812 0.0713729858398438 0.093292236328125
0.07623291015625 0.162551879882812 0.0893020629882813 0.0883102416992188
0.143768310546875 0.067657470703125 0.132026672363281 0.0307235717773438
0.133636474609375 -0.0276260375976563 0.102455139160156 -0.034576416015625
0.0826339721679688 -0.103279113769531 0.0504226684570313 -0.07769775390625
0.0239410400390625 -0.128074645996094 0.0115890502929687 -0.07122802734375
0.0186767578125 -0.12042236328125 -0.003021240234375 -0.0373764038085938
0.0194320678710938 -0.134750366210937 -0.00129222869873047 -0.00744342803955079
0.0518798828125 -0.126960754394531 -0.00766706466674804 0.000640392303466789
0.109046936035156 -0.0833358764648438 -0.0253772735595703 0.0193557739257813
0.138778686523438 -0.0197677612304688 -0.0366744995117187 0.001495361328125
0.113655090332031 0.10272216796875 -0.0447425842285156 -0.0322380065917969
0.0584716796875 0.177490234375 0.00269508361816407 -0.0335140228271484
-0.0185546875 0.192535400390625 0.00585746765136718 0.0304889678955078
-0.104873657226562 0.16326904296875 0.0885009765625 0.110519409179688
-0.0420989990234375 0.186859130859375 0.0532989501953125 0.146026611328125
0.0428619384765625 0.180252075195313 0.0750732421875 0.110153198242188
0.136543273925781 0.096343994140625 0.105690002441406 0.0544662475585938
0.14324951171875 -0.00946044921875 0.0767898559570313 -0.000144958496093751
0.0987319946289062 -0.101432800292969 0.0382347106933594 -0.0296821594238281
0.0349578857421875 -0.132003784179688 0.0143165588378906 -0.0202598571777344
0.0263671875 -0.123481750488281 0.00572729110717774 0.00866508483886718
0.0253143310546875 -0.140243530273437 0.003204345703125 0.0375823974609375
0.0579147338867188 -0.130477905273438 -0.0128135681152344 0.0405464172363281
0.114700317382813 -0.0811614990234375 -0.0363273620605469 0.0461273193359375
0.139312744140625 -0.0113449096679688 -0.0463294982910156 0.0156173706054688
0.100296020507813 0.113136291503906 -0.0419731140136719 -0.0211753845214844
0.0304718017578125 0.176071166992188 0.0140104293823242 -0.000120162963867177
-0.04840087890625 0.172882080078125 -0.0120468139648438 0.084625244140625
-0.115516662597656 0.0983810424804688 0.0488128662109375 0.15850830078125
-0.0738906860351562 0.138175964355469 0.0302276611328125 0.178955078125
0.000106811523437514 0.1552734375 0.056671142578125 0.118629455566406
0.0973358154296875 0.102523803710938 0.0726470947265625 0.066802978515625
0.122039794921875 0.0100479125976563 0.0456199645996094 0.0260124206542969
0.0956344604492188 -0.0816497802734375 0.0214061737060547 0.0147476196289062
0.0388870239257812 -0.113037109375 0.0141620635986328 0.0302524566650391
0.0294570922851562 -0.108329772949219 0.0126914978027344 0.052642822265625
0.0284271240234375 -0.124732971191406 0.00732421875000001 0.0801010131835937
0.0572891235351562 -0.116706848144531 -0.0203323364257813 0.0791244506835937
0.108390808105469 -0.0676040649414063 -0.0486297607421875 0.0718536376953125
0.126953125 -0.00080108642578125 -0.0583572387695312 0.0272293090820312
0.0758209228515625 0.114372253417969 -0.0431709289550781 -0.012939453125
-0.00334167480468751 0.158111572265625 0.0146827697753906 0.0296344757080078
-0.0765838623046875 0.133689880371094 -0.03936767578125 0.129104614257813
-0.107009887695313 0.01727294921875 0.015716552734375 0.177398681640625
-0.0874099731445313 0.0650634765625 0.0123138427734375 0.186294555664063
-0.0362625122070313 0.097747802734375 0.0431594848632813 0.112266540527344
0.0444183349609375 0.0853042602539062 0.0445137023925781 0.0669097900390625
0.0789260864257813 0.0229034423828125 0.0196151733398438 0.0395927429199219
0.0737380981445313 -0.04864501953125 0.00631713867187501 0.0469436645507813
0.0358428955078125 -0.07763671875 0.0127716064453125 0.0687942504882812
0.0260009765625 -0.0764999389648438 0.0178756713867187 0.0895767211914063
0.0271682739257813 -0.0915451049804688 0.00965881347656249 0.115638732910156
0.048553466796875 -0.087249755859375 -0.0287857055664062 0.113136291503906
0.0885696411132813 -0.0478134155273438 -0.0618972778320312 0.0931549072265625
0.100105285644531 0.00926971435546875 -0.0723495483398438 0.0367050170898437
0.0449676513671875 0.101760864257813 -0.0490036010742188 -0.00738143920898436
-0.0345535278320312 0.121910095214844 0.0047607421875 0.0519752502441406
-0.0949554443359375 0.076629638671875 -0.075714111328125 0.157485961914063
0.07672119140625 0.00839996337890625 0.082427978515625 -0.158554077148438
0.046722412109375 -0.0651397705078125 0.0203132629394531 -0.0538101196289063
-0.0235595703125 -0.0636100769042969 0.0530815124511719 0.00758361816406249
-0.0566024780273437 -0.0194435119628906 0.100654602050781 -0.036163330078125
-0.0517959594726562 0.022125244140625 0.077423095703125 -0.1055908203125
-0.027740478515625 0.0522346496582031 0.023529052734375 -0.147842407226563
-0.0168571472167969 0.0426216125488281 -0.0212554931640625 -0.141845703125
-0.0226726531982422 0.0326557159423828 -0.02734375 -0.111618041992187
-0.0308818817138672 0.0349349975585938 -0.017425537109375 -0.0896148681640625
-0.0443954467773438 0.00563430786132813 -0.00854110717773438 -0.070068359375
-0.03582763671875 -0.0341644287109375 -0.0103950500488281 -0.0501785278320313
0.00542831420898437 -0.0525245666503906 -0.0218620300292969 -0.0639381408691406
0.0644493103027344 -0.0331954956054688 -0.0260467529296875 -0.115264892578125
0.0905838012695313 0.01202392578125 -0.0114898681640625 -0.17449951171875
0.075958251953125 0.0545806884765625 0.00875854492187501 -0.168914794921875
0.0583343505859375 0.08282470703125 0.112136840820313 -0.142562866210938
0.0653076171875 0.00223159790039063 0.0409660339355469 -0.0443687438964844
0.020355224609375 -0.02056884765625 0.0677299499511719 0.014862060546875
-0.00156402587890625 -0.0172662734985352 0.119537353515625 -0.03448486328125
-0.00989818572998047 -0.00438213348388672 0.0937423706054688 -0.108230590820313
-0.0079960823059082 0.00542402267456055 0.0333251953125 -0.156280517578125
-0.0133962631225586 -0.00913715362548828 -0.01861572265625 -0.15155029296875
-0.0148792266845703 -0.0159845352172852 -0.0285110473632813 -0.116989135742188
-0.0184726715087891 -0.0181217193603516 -0.0158920288085937 -0.0923614501953125
-0.0113563537597656 -0.0364799499511719 -0.00439453125 -0.0737152099609375
0.01507568359375 -0.0482711791992188 -0.00756454467773437 -0.0444221496582031
0.0540008544921875 -0.0349273681640625 -0.0198440551757812 -0.0507049560546875
0.085174560546875 0.0223388671875 -0.0343856811523437 -0.09271240234375
0.0879364013671875 0.0818710327148438 -0.016876220703125 -0.146255493164063
0.0544357299804688 0.119827270507813 0.0178146362304688 -0.137130737304688
0.0253143310546875 0.148956298828125 0.132118225097656 -0.100746154785156
0.0679550170898438 0.0791702270507813 0.0605239868164063 -0.0150947570800781
0.0624504089355469 0.0388641357421875 0.0824737548828125 0.0311737060546875
0.0599555969238281 -0.00273513793945313 0.135269165039063 -0.0227890014648438
0.0410041809082031 -0.0269966125488281 0.106475830078125 -0.096954345703125
0.0189132690429688 -0.0432205200195313 0.0431976318359375 -0.147735595703125
-0.00596237182617187 -0.0601081848144531 -0.0118408203125 -0.142196655273438
-0.00600051879882813 -0.0616378784179688 -0.0248489379882813 -0.103523254394531
-0.00657272338867187 -0.0685462951660156 -0.0137863159179687 -0.0768585205078125
0.016021728515625 -0.0762252807617188 -0.00564956665039063 -0.0610694885253906
0.0569229125976563 -0.0645675659179688 -0.0127716064453125 -0.0301189422607422
0.094512939453125 -0.0287933349609375 -0.0247669219970703 -0.0342025756835937
0.105545043945313 0.0603790283203125 -0.0433120727539062 -0.0696067810058594
0.08740234375 0.131942749023438 -0.018218994140625 -0.10955810546875
0.035064697265625 0.166244506835938 0.018280029296875 -0.0897064208984375
-0.0180816650390625 0.192230224609375 0.13616943359375 -0.037384033203125
0.0494537353515625 0.149444580078125 0.0722503662109375 0.031982421875
0.0879287719726562 0.105316162109375 0.0913467407226563 0.05706787109375
0.116470336914063 0.0245361328125 0.141250610351563 -0.001007080078125
0.0921249389648437 -0.0377044677734375 0.109542846679688 -0.0723495483398437
0.04962158203125 -0.0840530395507813 0.0486221313476563 -0.119911193847656
0.00455474853515624 -0.102157592773438 -0.00156402587890624 -0.114128112792969
0.00335693359375 -0.0989456176757813 -0.0171737670898437 -0.0756912231445312
0.00302124023437501 -0.109855651855469 -0.009735107421875 -0.0464057922363281
0.0342178344726563 -0.108489990234375 -0.00839614868164062 -0.0351486206054688
0.0868682861328125 -0.0805206298828125 -0.0198917388916016 -0.00805854797363281
0.122360229492188 -0.0291671752929688 -0.0314407348632812 -0.0164718627929688
0.118736267089844 0.0835647583007813 -0.04693603515625 -0.0484123229980469
0.0831298828125 0.16131591796875 -0.011444091796875 -0.0717926025390625
0.014801025390625 0.191085815429688 0.0146560668945313 -0.0330371856689453
-0.0628662109375 0.199996948242188 0.121292114257813 0.0363693237304688
0.011505126953125 0.190750122070313 0.0712356567382812 0.089569091796875
0.08404541015625 0.158660888671875 0.0884475708007813 0.08624267578125
0.14666748046875 0.060760498046875 0.130760192871094 0.027740478515625
0.130126953125 -0.0330047607421875 0.099822998046875 -0.0365371704101563
0.0776596069335938 -0.106460571289063 0.0471115112304688 -0.0777511596679688
0.0167388916015625 -0.128158569335938 0.00720977783203125 -0.07122802734375
0.0115737915039062 -0.120780944824219 -0.00697708129882813 -0.0359687805175781
0.0109786987304688 -0.134986877441406 -0.00336742401123047 -0.00600004196166993
0.0450973510742188 -0.129547119140625 -0.0122518539428711 0.00175189971923827
0.104461669921875 -0.0886611938476563 -0.0271835327148437 0.0192394256591797
0.1370849609375 -0.0269393920898437 -0.038482666015625 0.000411987304687492
0.119270324707031 0.0987625122070313 -0.045135498046875 -0.0323677062988281
0.06744384765625 0.174896240234375 0.00246810913085938 -0.0363426208496094
-0.0105133056640625 0.192489624023438 0.00710678100585938 0.0264472961425781
-0.0959014892578125 0.168670654296875 0.0902633666992188 0.10565185546875
-0.032623291015625 0.1871337890625 0.055389404296875 0.142181396484375
0.053192138671875 0.179046630859375 0.0752792358398438 0.108055114746094
0.141067504882813 0.0898895263671875 0.104484558105469 0.0527877807617188
0.14141845703125 -0.0163726806640625 0.0764999389648438 -0.000984191894531251
0.092742919921875 -0.106201171875 0.03765869140625 -0.02947998046875
0.027099609375 -0.131729125976563 0.0128707885742188 -0.0193767547607422
0.0184860229492187 -0.123367309570313 0.00401687622070313 0.00907325744628906
0.0172195434570313 -0.140403747558594 0.00384521484375 0.0375633239746094
0.0490951538085937 -0.132827758789063 -0.0150413513183594 0.0413627624511719
0.109489440917969 -0.0860519409179688 -0.0357933044433594 0.0473289489746094
0.138351440429688 -0.0188446044921875 -0.0470657348632812 0.0155525207519531
0.106483459472656 0.108360290527344 -0.0427284240722656 -0.0211944580078125
0.0396575927734375 0.173675537109375 0.0132904052734375 -0.00327205657958983
-0.03955078125 0.173858642578125 -0.009033203125 0.0816497802734375
-0.110107421875 0.104026794433594 0.0529937744140625 0.154678344726562
-0.0669403076171875 0.140945434570313 0.0336761474609375 0.175506591796875
0.00959777832031251 0.156082153320312 0.0567779541015625 0.115264892578125
0.103363037109375 0.0972213745117187 0.0721282958984375 0.0651321411132813
0.121406555175781 0.003173828125 0.0469741821289063 0.0259666442871094
0.0906524658203125 -0.085845947265625 0.0227317810058594 0.0144863128662109
0.0316925048828125 -0.113563537597656 0.0151519775390625 0.0292587280273437
0.0216064453125 -0.108139038085937 0.0139656066894531 0.0525360107421875
0.0204544067382813 -0.124656677246094 0.0100860595703125 0.0793838500976562
0.048858642578125 -0.118766784667969 -0.018890380859375 0.0798721313476562
0.103775024414063 -0.0740280151367188 -0.0468597412109375 0.0737075805664063
0.125831604003906 -0.00687408447265625 -0.0583343505859375 0.0288124084472656
0.082672119140625 0.109970092773438 -0.0435028076171875 -0.0129890441894531
0.00550842285156251 0.157485961914062 0.0160675048828125 0.0261192321777344
-0.069061279296875 0.135810852050781 -0.034332275390625 0.127326965332031
-0.104461669921875 0.0232772827148438 0.0204010009765625 0.176544189453125
-0.0825424194335937 0.069549560546875 0.0166015625 0.183578491210938
-0.0290756225585937 0.0997772216796875 0.0427780151367188 0.110191345214844
0.0494842529296875 0.081298828125 0.0444793701171875 0.0671348571777344
0.0795135498046875 0.0172576904296875 0.0221099853515625 0.0413932800292969
0.0690765380859375 -0.0528793334960937 0.0103988647460938 0.0472869873046875
0.0300216674804687 -0.0782241821289062 0.0161285400390625 0.0675849914550781
0.0212554931640625 -0.0764694213867187 0.0215377807617188 0.0875167846679688
0.0202560424804687 -0.0920944213867188 0.0142135620117188 0.113502502441406
0.0425567626953125 -0.08868408203125 -0.0244827270507812 0.11273193359375
0.0850067138671875 -0.052581787109375 -0.0588836669921875 0.0950164794921875
0.099212646484375 0.0035552978515625 -0.0716552734375 0.0386810302734375
0.0502853393554688 0.0992431640625 -0.04937744140625 -0.00703430175781249
-0.0275115966796875 0.122581481933594 0.00710296630859375 0.0484886169433594
-0.0889205932617188 0.0791244506835937 -0.0677337646484375 0.157669067382813
0.0765304565429688 0.00653839111328125 0.080108642578125 -0.1617431640625
0.044464111328125 -0.0659942626953125 0.0186004638671875 -0.0534515380859375
-0.0257835388183594 -0.0626754760742188 0.0537185668945312 0.00926589965820312
-0.0569229125976563 -0.0176963806152344 0.100944519042969 -0.0368499755859375
-0.0494651794433594 0.0242996215820313 0.076934814453125 -0.106727600097656
-0.0244789123535156 0.0526657104492188 0.0198516845703125 -0.147994995117188
-0.0140724182128906 0.0428428649902344 -0.02459716796875 -0.14111328125
-0.0212421417236328 0.0332794189453125 -0.0303192138671875 -0.111076354980469
-0.0290908813476563 0.0356407165527344 -0.0212860107421875 -0.0890121459960938
-0.04266357421875 0.00769805908203125 -0.0124359130859375 -0.0696525573730469
-0.0362739562988281 -0.0315284729003906 -0.0125579833984375 -0.0529212951660156
0.0030364990234375 -0.0516929626464844 -0.0224990844726563 -0.0670280456542969
0.0624313354492188 -0.0347557067871094 -0.0253677368164063 -0.116355895996094
0.09014892578125 0.00894927978515625 -0.0120697021484375 -0.17584228515625
0.0759735107421875 0.0519638061523438 0.00738525390625 -0.172134399414062
0.0598907470703125 0.0818710327148438 0.110153198242188 -0.145767211914063
0.0652351379394531 0.00104522705078125 0.0394668579101563 -0.044342041015625
0.0202713012695312 -0.0193977355957031 0.068145751953125 0.0159149169921875
-0.00153255462646484 -0.01605224609375 0.119949340820313 -0.0351791381835938
-0.00849533081054687 -0.00295591354370117 0.0924224853515625 -0.108802795410156
-0.00529718399047851 0.00498056411743164 0.0297698974609375 -0.1571044921875
-0.0122356414794922 -0.00950336456298828 -0.02294921875 -0.1510009765625
-0.0152015686035156 -0.0155229568481445 -0.0321273803710938 -0.115447998046875
-0.01837158203125 -0.018218994140625 -0.0205230712890625 -0.0913314819335938
-0.0113601684570312 -0.0360908508300781 -0.00951385498046874 -0.0737991333007813
0.0145339965820313 -0.0474357604980469 -0.0112037658691406 -0.0477981567382813
0.0535621643066406 -0.03570556640625 -0.0206108093261719 -0.054412841796875
0.0851211547851563 0.0212860107421875 -0.0333328247070312 -0.0948638916015625
0.0889129638671875 0.0801010131835938 -0.01678466796875 -0.14764404296875
0.0558853149414062 0.119110107421875 0.0163116455078125 -0.141159057617188
0.0279998779296875 0.149307250976563 0.130393981933594 -0.1041259765625
0.0690765380859375 0.0786590576171875 0.0584716796875 -0.0149116516113281
0.06402587890625 0.0391654968261719 0.0825271606445313 0.032806396484375
0.0613288879394531 -0.00333786010742187 0.135154724121094 -0.0235824584960937
0.0410346984863281 -0.0272140502929688 0.104782104492188 -0.0979766845703125
0.0195465087890625 -0.0449676513671875 0.039886474609375 -0.148468017578125
-0.00685882568359375 -0.0603675842285156 -0.0157928466796875 -0.141937255859375
-0.00777053833007812 -0.0618362426757812 -0.0283660888671875 -0.102523803710938
-0.0081329345703125 -0.0696983337402344 -0.0180816650390625 -0.0757217407226563
0.014007568359375 -0.0769119262695313 -0.011016845703125 -0.0617790222167969
0.056671142578125 -0.0661811828613281 -0.0163116455078125 -0.0325965881347656
0.0942611694335937 -0.0304794311523438 -0.0258407592773437 -0.0376625061035156
0.1072998046875 0.0589752197265625 -0.04278564453125 -0.0714187622070313
0.0904998779296875 0.131263732910156 -0.0191116333007812 -0.111763000488281
0.0375213623046875 0.167129516601563 0.0167617797851563 -0.0939102172851562
-0.01519775390625 0.194183349609375 0.13543701171875 -0.0405426025390625
0.052642822265625 0.149551391601563 0.0703506469726563 0.0319595336914063
0.0922164916992187 0.104866027832031 0.0907974243164062 0.0578536987304688
0.117950439453125 0.0226974487304688 0.140670776367188 -0.001220703125
0.092193603515625 -0.0403594970703125 0.108993530273438 -0.0720443725585938
0.0487442016601563 -0.0863723754882813 0.0466232299804688 -0.120651245117188
0.00216674804687501 -0.102706909179688 -0.0050048828125 -0.113746643066406
0.000373840332031249 -0.0989913940429688 -0.0207138061523438 -0.0738983154296875
-0.000129699707031244 -0.111091613769531 -0.0131645202636719 -0.0455780029296875
0.0309524536132812 -0.111503601074219 -0.0138988494873047 -0.0344371795654297
0.085723876953125 -0.0832595825195313 -0.0231056213378906 -0.00881195068359376
0.12353515625 -0.0317001342773438 -0.0322990417480469 -0.0187492370605469
0.121994018554687 0.08209228515625 -0.046600341796875 -0.0501823425292969
0.088134765625 0.161529541015625 -0.0120773315429687 -0.0744781494140625
0.0179443359375 0.191329956054687 0.0134811401367188 -0.0372581481933594
-0.0589599609375 0.203887939453125 0.120933532714844 0.0343704223632813
0.016357421875 0.191741943359375 0.0696182250976563 0.089141845703125
0.0900726318359375 0.159515380859375 0.087677001953125 0.0865859985351563
0.149932861328125 0.058441162109375 0.130157470703125 0.0277786254882813
0.1302490234375 -0.0363998413085938 0.0990447998046875 -0.0370025634765625
0.0753936767578125 -0.109672546386719 0.0469894409179688 -0.0780563354492188
0.0133743286132813 -0.128570556640625 0.00414276123046875 -0.0702247619628906
0.00794219970703126 -0.121353149414063 -0.00918006896972656 -0.0345630645751953
0.00605010986328124 -0.136322021484375 -0.00522565841674805 -0.00517988204956056
0.0408096313476562 -0.131843566894531 -0.0154609680175781 0.00178813934326171
0.102638244628906 -0.0930023193359375 -0.0303421020507812 0.0192489624023437
0.137725830078125 -0.0303115844726563 -0.0396804809570312 -0.000492095947265629
0.124809265136719 0.0970611572265625 -0.0454177856445312 -0.0337104797363281
0.073944091796875 0.175338745117188 0.001739501953125 -0.0387039184570312
-0.00735473632812502 0.194244384765625 0.00677871704101563 0.0226840972900391
-0.0922088623046875 0.172836303710937 0.0910263061523438 0.105148315429688
-0.0287017822265625 0.189407348632812 0.05487060546875 0.1417236328125
0.0594635009765625 0.1795654296875 0.0736083984375 0.108741760253906
0.14483642578125 0.0864105224609375 0.10479736328125 0.0527801513671875
0.141021728515625 -0.0197906494140625 0.076141357421875 -0.00128936767578125
0.0904769897460938 -0.109573364257813 0.0379600524902344 -0.0292739868164063
0.0228958129882812 -0.132904052734375 0.0120220184326172 -0.0199375152587891
0.0139846801757812 -0.124504089355469 0.00329685211181641 0.00994396209716796
0.011383056640625 -0.141799926757813 0.00309371948242188 0.0385780334472656
0.0450973510742188 -0.135292053222656 -0.0170211791992187 0.0416069030761719
0.107681274414062 -0.0917510986328125 -0.0375099182128906 0.0485076904296875
0.138710021972656 -0.0234146118164063 -0.0488014221191406 0.0153541564941406
0.11199951171875 0.106399536132813 -0.0430259704589844 -0.0221405029296875
0.04595947265625 0.174774169921875 0.013758659362793 -0.00623035430908202
-0.0366058349609375 0.176055908203125 -0.00782775878906249 0.0796051025390625
-0.107635498046875 0.109489440917969 0.0540771484375 0.156387329101563
-0.0637054443359375 0.144317626953125 0.0336151123046875 0.175735473632813
0.0151824951171875 0.157089233398438 0.0552291870117188 0.116561889648438
0.107879638671875 0.0951690673828125 0.0720596313476563 0.0670623779296875
0.122062683105469 -0.00040435791015625 0.0480995178222656 0.0268936157226563
0.0875778198242188 -0.0899581909179688 0.0247955322265625 0.0147552490234375
0.02740478515625 -0.115081787109375 0.0149898529052734 0.0290584564208984
0.0177459716796875 -0.108802795410156 0.0140953063964844 0.0521583557128906
0.0153427124023437 -0.126419067382813 0.0113449096679687 0.0795669555664062
0.044281005859375 -0.120719909667969 -0.0192337036132813 0.0811538696289062
0.101409912109375 -0.0777053833007813 -0.0476531982421875 0.0745849609375
0.126380920410156 -0.0113449096679688 -0.0595664978027344 0.0293998718261719
0.0875091552734375 0.109542846679688 -0.0447616577148437 -0.0139846801757813
0.0118560791015625 0.15899658203125 0.0165042877197266 0.0228939056396484
-0.066314697265625 0.137786865234375 -0.0319671630859375 0.126853942871094
-0.103805541992187 0.027374267578125 0.021697998046875 0.17822265625
-0.0805816650390625 0.072265625 0.0167236328125 0.184280395507813
-0.025115966796875 0.101280212402344 0.0407562255859375 0.111106872558594
0.0542221069335938 0.0794525146484375 0.0446281433105469 0.0692253112792969
0.0798416137695313 0.0146713256835938 0.0246162414550781 0.043182373046875
0.0673789978027344 -0.0557098388671875 0.0139350891113281 0.0479736328125
0.0265579223632813 -0.0786972045898437 0.0181198120117187 0.0673065185546875
0.017364501953125 -0.07745361328125 0.0233001708984375 0.0864715576171875
0.0162506103515625 -0.0923690795898438 0.016845703125 0.11370849609375
0.03814697265625 -0.090484619140625 -0.023773193359375 0.114715576171875
0.0832748413085938 -0.0559310913085938 -0.0576324462890625 0.0969161987304688
0.100028991699219 3.814697265625E-05 -0.0723342895507812 0.0395355224609375
0.0540618896484375 0.0984878540039063 -0.0501480102539062 -0.00770950317382812
-0.0227508544921875 0.123748779296875 0.00836944580078125 0.0460624694824219
-0.0867538452148437 0.0807647705078125 -0.0646820068359375 0.158554077148438
0.0781021118164063 0.0044403076171875 0.07958984375 -0.168548583984375
0.0436477661132812 -0.0687484741210938 0.0173377990722656 -0.0542030334472656
-0.0289802551269531 -0.0624122619628906 0.0562286376953125 0.00998306274414062
-0.0587501525878906 -0.01617431640625 0.10528564453125 -0.0381927490234375
-0.0493202209472656 0.0265235900878906 0.0780258178710938 -0.10955810546875
-0.0223388671875 0.0546035766601563 0.0186309814453125 -0.151901245117188
-0.0120773315429688 0.0436935424804688 -0.028167724609375 -0.144744873046875
-0.0202388763427734 0.0349273681640625 -0.0339202880859375 -0.112525939941406
-0.0279045104980469 0.0361480712890625 -0.0249786376953125 -0.09112548828125
-0.0425796508789063 0.0100746154785156 -0.0148162841796875 -0.0715484619140625
-0.0381698608398438 -0.030059814453125 -0.0147552490234375 -0.0570755004882812
0.00175857543945312 -0.0520896911621094 -0.02294921875 -0.0715789794921875
0.0621376037597656 -0.0371780395507813 -0.0243606567382812 -0.120948791503906
0.0908050537109375 0.00640869140625 -0.0134124755859375 -0.18170166015625
0.0789108276367188 0.0518264770507812 0.0078277587890625 -0.179153442382813
0.0617599487304688 0.083709716796875 0.111526489257813 -0.152389526367188
0.06597900390625 0.000675201416015625 0.0389595031738281 -0.0449867248535156
0.0206947326660156 -0.0193462371826172 0.0700454711914063 0.0176544189453125
-0.00163173675537109 -0.0148897171020508 0.123908996582031 -0.0367279052734375
-0.00768899917602539 -0.00273323059082031 0.0942611694335938 -0.112159729003906
-0.00378704071044922 0.00324535369873047 0.0269317626953125 -0.160781860351562
-0.0110569000244141 -0.00970649719238282 -0.0262451171875 -0.154251098632813
-0.0151185989379883 -0.0163459777832031 -0.03643798828125 -0.116714477539063
-0.0181655883789062 -0.0192985534667969 -0.0251922607421875 -0.0932159423828125
-0.0116767883300781 -0.036041259765625 -0.013427734375 -0.075775146484375
0.0141639709472656 -0.0473594665527344 -0.0143470764160156 -0.0510444641113281
0.0540657043457031 -0.0374908447265625 -0.0212364196777344 -0.0594367980957031
0.0865249633789063 0.0203323364257813 -0.03253173828125 -0.09857177734375
0.0915298461914063 0.0800094604492188 -0.0174560546875 -0.153335571289063
0.0582962036132813 0.122390747070313 0.0160675048828125 -0.148651123046875
0.03070068359375 0.15362548828125 0.132164001464844 -0.109611511230469
0.072265625 0.08038330078125 0.0583572387695313 -0.0149650573730469
0.0670280456542969 0.0394821166992188 0.0847549438476563 0.0359344482421875
0.0636062622070313 -0.00342941284179688 0.138763427734375 -0.0248489379882813
0.0429267883300781 -0.0279502868652344 0.106575012207031 -0.10040283203125
0.0212020874023437 -0.0479469299316406 0.03924560546875 -0.152053833007813
-0.00736236572265625 -0.0627593994140625 -0.019317626953125 -0.14471435546875
-0.00878524780273438 -0.0636062622070313 -0.032318115234375 -0.103111267089844
-0.00978851318359375 -0.0721664428710938 -0.0222930908203125 -0.0768203735351563
0.0130615234375 -0.0807342529296875 -0.0161247253417969 -0.0628318786621094
0.0567665100097656 -0.0683135986328125 -0.0206222534179688 -0.0357551574707031
0.09710693359375 -0.0327224731445313 -0.0273056030273437 -0.0422248840332031
0.111640930175781 0.0596694946289063 -0.04205322265625 -0.0753631591796875
0.095123291015625 0.133781433105469 -0.0197067260742187 -0.116783142089844
0.0403594970703125 0.171707153320313 0.0164566040039063 -0.100868225097656
-0.0125274658203125 0.200820922851563 0.137840270996094 -0.043853759765625
0.05615234375 0.152877807617188 0.070831298828125 0.0332412719726563
0.0971450805664063 0.107315063476563 0.0919570922851563 0.0611648559570313
0.122634887695313 0.0212249755859375 0.144210815429688 -0.000473022460937499
0.0947723388671875 -0.0424880981445313 0.111083984375 -0.0746078491210938
0.0488967895507812 -0.0909347534179688 0.0463714599609375 -0.123321533203125
0.0006561279296875 -0.105522155761719 -0.00919342041015624 -0.115829467773438
-0.00183868408203126 -0.101463317871094 -0.0241851806640625 -0.0744094848632813
-0.00293731689453124 -0.115119934082031 -0.0159988403320313 -0.0454673767089844
0.0290298461914063 -0.11529541015625 -0.0184974670410156 -0.0357398986816406
0.0868606567382813 -0.0881500244140625 -0.0270042419433594 -0.0102787017822266
0.126350402832031 -0.0351181030273437 -0.0348320007324219 -0.022247314453125
0.1285400390625 0.0832443237304688 -0.046722412109375 -0.0539512634277344
0.0950927734375 0.165298461914063 -0.012603759765625 -0.0791854858398437
0.020843505859375 0.198013305664062 0.0136070251464844 -0.0424308776855469
-0.057403564453125 0.210311889648438 0.124237060546875 0.0327377319335938
0.019012451171875 0.198348999023437 0.0695037841796875 0.0908584594726563
0.0968017578125 0.1632080078125 0.0882492065429687 0.0914154052734375
0.156356811523437 0.056884765625 0.133262634277344 0.0289382934570313
0.133979797363281 -0.0391998291015625 0.101455688476563 -0.0373458862304688
0.076141357421875 -0.114585876464844 0.046875 -0.0804214477539063
0.0101699829101563 -0.132339477539063 0.0024261474609375 -0.0722427368164063
0.0048828125 -0.124900817871094 -0.0114021301269531 -0.035125732421875
0.00299072265624999 -0.140594482421875 -0.00730609893798828 -0.00434970855712891
0.0378494262695313 -0.136787414550781 -0.0203361511230469 0.00253868103027343
0.103355407714844 -0.0996780395507813 -0.0340003967285156 0.0194072723388672
0.14178466796875 -0.034210205078125 -0.0427894592285156 -0.00174331665039062
0.13189697265625 0.0981826782226563 -0.046722412109375 -0.0365219116210937
0.0810089111328125 0.179489135742187 0.00171661376953125 -0.0428428649902344
-0.00483703613281252 0.200729370117188 0.00707054138183594 0.0194664001464844
-0.091766357421875 0.180404663085938 0.0939178466796875 0.10797119140625
-0.02587890625 0.19720458984375 0.055328369140625 0.145492553710938
0.065887451171875 0.185256958007812 0.0734024047851563 0.113273620605469
0.151931762695313 0.0865631103515625 0.106552124023438 0.054840087890625
0.145782470703125 -0.0225372314453125 0.0794906616210938 -0.0011444091796875
0.0909500122070313 -0.115608215332031 0.0393447875976563 -0.0300559997558594
0.02008056640625 -0.137046813964844 0.0115032196044922 -0.0201759338378906
0.0108489990234375 -0.127403259277344 0.00178813934326172 0.0110559463500976
0.0070648193359375 -0.14642333984375 0.00321197509765625 0.03973388671875
0.0421981811523437 -0.1405029296875 -0.0196456909179687 0.0448989868164062
0.108627319335938 -0.0976486206054688 -0.0407257080078125 0.0496902465820313
0.143798828125 -0.02752685546875 -0.0505905151367187 0.0157051086425781
0.119392395019531 0.108871459960937 -0.0453910827636719 -0.0246429443359375
0.0535888671875 0.179412841796875 0.0135822296142578 -0.0088367462158203
-0.034912109375 0.182449340820313 -0.00731658935546876 0.078277587890625
-0.108901977539062 0.116523742675781 0.05645751953125 0.160690307617188
-0.062469482421875 0.150741577148438 0.03411865234375 0.180526733398438
0.020751953125 0.161880493164063 0.05426025390625 0.121658325195313
0.113960266113281 0.0950088500976563 0.0739593505859375 0.070465087890625
0.125503540039063 -0.00384521484375 0.0502433776855469 0.02838134765625
0.0869674682617188 -0.0947723388671875 0.0269985198974609 0.0155601501464844
0.0254058837890625 -0.119087219238281 0.0163345336914063 0.0294342041015625
0.0145263671875 -0.111885070800781 0.0146141052246094 0.0539016723632812
0.011474609375 -0.130157470703125 0.0123748779296875 0.082489013671875
0.0418472290039062 -0.126083374023438 -0.0208206176757812 0.0847091674804687
0.102516174316406 -0.0833053588867188 -0.0491714477539063 0.0780563354492187
0.130508422851563 -0.0156173706054688 -0.062042236328125 0.0300178527832031
0.0934906005859375 0.111099243164062 -0.046234130859375 -0.0153846740722656
0.0172576904296875 0.163131713867188 0.0172634124755859 0.0209827423095703
-0.0659942626953125 0.14239501953125 -0.0320053100585938 0.128227233886719
-0.105384826660156 0.0327301025390625 0.02386474609375 0.185745239257813
-0.081146240234375 0.07720947265625 0.015625 0.190048217773438
-0.0221328735351563 0.105278015136719 0.040435791015625 0.115730285644531
0.059600830078125 0.0794754028320313 0.0453109741210938 0.0734405517578125
0.08251953125 0.0118484497070312 0.0260276794433594 0.045806884765625
0.0673484802246094 -0.0591659545898438 0.0161018371582031 0.0498619079589844
0.0239639282226563 -0.0816268920898438 0.0193099975585937 0.0684242248535156
0.0146713256835938 -0.0797805786132813 0.0248184204101562 0.0885772705078125
0.0130996704101562 -0.094482421875 0.0197525024414062 0.116127014160156
0.03533935546875 -0.0941619873046875 -0.0238037109375 0.118141174316406
0.0837020874023438 -0.060272216796875 -0.0595474243164062 0.100456237792969
0.10284423828125 -0.00177764892578125 -0.0755157470703125 0.0408935546875
0.0592880249023438 0.09991455078125 -0.0523796081542969 -0.00970458984375
-0.0198898315429688 0.127120971679688 0.00978851318359375 0.0449447631835938
-0.0875396728515625 0.0845184326171875 -0.0650177001953125 0.162765502929687
0.0807571411132813 0.00145721435546875 0.078826904296875 -0.180023193359375
0.0423202514648437 -0.0727615356445313 0.0165596008300781 -0.0576515197753906
-0.0327186584472656 -0.0628280639648438 0.0589027404785156 0.0110893249511719
-0.0629196166992188 -0.0129737854003906 0.110519409179688 -0.0422134399414063
-0.049835205078125 0.0303459167480469 0.0796890258789063 -0.11602783203125
-0.0200080871582031 0.0563850402832031 0.0146942138671875 -0.158859252929688
-0.00940322875976563 0.0451240539550781 -0.0350341796875 -0.150360107421875
-0.0187873840332031 0.0374107360839844 -0.0398635864257812 -0.116607666015625
-0.0270843505859375 0.0392494201660156 -0.0298080444335937 -0.0938186645507813
-0.0424308776855469 0.0130119323730469 -0.0198135375976563 -0.07440185546875
-0.0397529602050781 -0.0284919738769531 -0.0194244384765625 -0.061614990234375
-0.00128173828125 -0.0539817810058594 -0.0263290405273437 -0.07928466796875
0.0616531372070313 -0.0417060852050781 -0.026397705078125 -0.127082824707031
0.0938186645507813 0.00331878662109375 -0.0170745849609375 -0.190567016601563
0.08331298828125 0.0510406494140625 0.00335693359374999 -0.191146850585938
0.0668487548828125 0.0854415893554688 0.111801147460938 -0.165023803710938
0.0685615539550781 -0.00145339965820313 0.0382499694824219 -0.047760009765625
0.0215797424316406 -0.0197029113769531 0.0738449096679688 0.0179595947265625
-0.00187492370605469 -0.0149431228637695 0.129798889160156 -0.0405960083007812
-0.00670814514160156 -0.00207996368408203 0.0956573486328125 -0.119125366210938
-0.00231671333312988 0.00206637382507324 0.024688720703125 -0.168411254882812
-0.0109472274780273 -0.0101051330566406 -0.03375244140625 -0.159439086914063
-0.0161046981811523 -0.0155878067016602 -0.0428390502929688 -0.119880676269531
-0.0195331573486328 -0.019378662109375 -0.0301971435546875 -0.095428466796875
-0.0117149353027344 -0.0372161865234375 -0.0198440551757813 -0.0783004760742188
0.0140571594238281 -0.0492477416992188 -0.0187454223632813 -0.0556869506835937
0.0549659729003906 -0.0396385192871094 -0.0245780944824219 -0.0645294189453125
0.0910568237304688 0.0187835693359375 -0.0341644287109375 -0.104705810546875
0.0979080200195313 0.08111572265625 -0.020904541015625 -0.161346435546875
0.0639877319335938 0.1259765625 0.0127410888671875 -0.159713745117187
0.0365447998046875 0.160202026367188 0.135040283203125 -0.120658874511719
0.0780181884765625 0.082122802734375 0.0591468811035156 -0.0164413452148437
0.0721893310546875 0.0403518676757813 0.088714599609375 0.0369110107421875
0.0673942565917969 -0.00562667846679688 0.14501953125 -0.0277099609375
0.0456047058105469 -0.0304603576660156 0.108901977539063 -0.106559753417969
0.0217361450195312 -0.0524482727050781 0.036102294921875 -0.159652709960938
-0.0091705322265625 -0.0657501220703125 -0.0256500244140625 -0.149688720703125
-0.0112342834472656 -0.0663795471191406 -0.0390777587890625 -0.106155395507813
-0.01312255859375 -0.07598876953125 -0.0278701782226562 -0.0788040161132813
0.0108261108398438 -0.0846481323242188 -0.0225906372070313 -0.0647048950195313
0.0573806762695312 -0.0738449096679687 -0.0254554748535156 -0.0378952026367188
0.101104736328125 -0.0376510620117187 -0.0304908752441406 -0.0463638305664063
0.119155883789063 0.0594863891601563 -0.0441436767578125 -0.0800933837890625
0.104278564453125 0.137565612792969 -0.0229568481445312 -0.123947143554688
0.0465545654296875 0.179306030273438 0.0142898559570312 -0.109443664550781
-0.00639343261718751 0.210540771484375 0.142120361328125 -0.0511322021484375
0.063018798828125 0.159225463867187 0.0732955932617188 0.0328140258789063
0.107681274414063 0.10943603515625 0.0969390869140625 0.0642242431640625
0.130622863769531 0.0188827514648437 0.151535034179687 -0.0031280517578125
0.0992431640625 -0.0468597412109375 0.114524841308594 -0.0789718627929688
0.049957275390625 -0.0978012084960937 0.0447235107421875 -0.130340576171875
-0.0032501220703125 -0.111175537109375 -0.0139846801757812 -0.120353698730469
-0.00536346435546874 -0.106910705566406 -0.0285110473632812 -0.0758514404296875
-0.0082550048828125 -0.120506286621094 -0.0207481384277344 -0.0462379455566406
0.0258331298828125 -0.122215270996094 -0.0243854522705078 -0.0348300933837891
0.0877304077148438 -0.09564208984375 -0.0319232940673828 -0.0111808776855469
0.132431030273438 -0.0419921875 -0.0380744934082031 -0.0250320434570313
0.138916015625 0.0834197998046875 -0.049468994140625 -0.0578575134277344
0.105972290039062 0.16998291015625 -0.0143966674804687 -0.0844497680664062
0.027099609375 0.208297729492188 0.0128631591796875 -0.0478515625
-0.052734375 0.223678588867187 0.130615234375 0.0303268432617188
0.026885986328125 0.207000732421875 0.0727462768554688 0.094635009765625
0.10858154296875 0.168106079101563 0.093109130859375 0.0939712524414063
0.1676025390625 0.053619384765625 0.139595031738281 0.0294876098632813
0.138694763183594 -0.0463943481445313 0.105926513671875 -0.04052734375
0.0765228271484375 -0.124862670898437 0.0480880737304688 -0.0852584838867188
0.00627899169921875 -0.139968872070313 0.000343322753906249 -0.0750274658203125
0.000167846679687498 -0.130462646484375 -0.0146579742431641 -0.0346965789794922
-0.0047149658203125 -0.148590087890625 -0.00918865203857422 -0.00304222106933595
0.0334014892578125 -0.146240234375 -0.0235328674316406 0.00327873229980468
0.1044921875 -0.108901977539063 -0.0382232666015625 0.0214118957519531
0.148300170898438 -0.042755126953125 -0.0457382202148438 -0.003265380859375
0.144332885742188 0.097930908203125 -0.0498504638671875 -0.0397377014160156
0.0931854248046875 0.18603515625 0.000297546386718756 -0.0469932556152344
0.00105285644531252 0.210281372070313 0.00679969787597656 0.0171260833740235
-0.089935302734375 0.194915771484375 0.100753784179688 0.109809875488281
-0.02001953125 0.207611083984375 0.0597991943359375 0.15155029296875
0.0767059326171875 0.192306518554688 0.0766448974609375 0.118560791015625
0.164138793945313 0.084564208984375 0.112464904785156 0.0572662353515625
0.151885986328125 -0.0294647216796875 0.0829925537109375 -0.0014190673828125
0.0906143188476562 -0.124832153320312 0.0417327880859375 -0.0317840576171875
0.01495361328125 -0.143310546875 0.0106124877929688 -0.0209445953369141
0.0057220458984375 -0.133583068847656 0.00150489807128906 0.0115747451782226
0.000869750976562498 -0.154495239257813 0.00426483154296875 0.0428657531738281
0.0372314453125 -0.14923095703125 -0.021484375 0.0481605529785156
0.109115600585938 -0.107139587402344 -0.0438232421875 0.0527725219726563
0.149642944335938 -0.0367431640625 -0.0537490844726562 0.0160560607910156
0.13104248046875 0.109466552734375 -0.0474967956542969 -0.0264892578125
0.0643463134765625 0.185791015625 0.0135612487792969 -0.0130853652954101
-0.03076171875 0.193084716796875 -0.00684356689453125 0.0805282592773438
-0.108283996582031 0.127296447753906 0.06396484375 0.168777465820313
-0.0591888427734375 0.161041259765625 0.0384674072265625 0.188796997070313
0.029144287109375 0.169845581054688 0.057647705078125 0.127243041992188
0.124351501464844 0.0936431884765625 0.0777511596679688 0.0738754272460938
0.131011962890625 -0.007965087890625 0.0537796020507813 0.0308456420898438
0.0865936279296875 -0.1043701171875 0.0303668975830078 0.0155887603759766
0.0205841064453125 -0.125282287597656 0.0182456970214844 0.0306968688964844
0.0100021362304687 -0.117927551269531 0.0157928466796875 0.055938720703125
0.00543212890625001 -0.136497497558594 0.015380859375 0.0852127075195313
0.0370941162109375 -0.133804321289063 -0.0212326049804688 0.0897598266601562
0.103538513183594 -0.093658447265625 -0.0505294799804688 0.0838088989257812
0.136253356933594 -0.02178955078125 -0.0646820068359375 0.0332756042480469
0.104301452636719 0.113151550292969 -0.050079345703125 -0.0170021057128906
0.0269622802734375 0.17047119140625 0.0182628631591797 0.0184822082519531
-0.0637969970703125 0.152679443359375 -0.0301361083984375 0.134529113769531
-0.107833862304688 0.0399703979492188 0.0288543701171875 0.19549560546875
-0.0806732177734375 0.0852890014648438 0.0195159912109375 0.19976806640625
-0.0179061889648438 0.112045288085938 0.0420761108398438 0.122184753417969
0.0660476684570313 0.079803466796875 0.0482864379882813 0.0783538818359375
0.086700439453125 0.00872802734375 0.0298995971679688 0.0492515563964844
0.0661201477050781 -0.0652389526367188 0.0201911926269531 0.0513534545898437
0.0208053588867188 -0.0859527587890625 0.0233612060546875 0.0708465576171875
0.0114364624023438 -0.0833511352539062 0.0280990600585937 0.0907363891601563
0.00914001464843749 -0.10009765625 0.0231399536132812 0.121482849121094
0.0320205688476563 -0.0999374389648438 -0.0222930908203125 0.125297546386719
0.0844497680664063 -0.0672225952148438 -0.0604171752929688 0.10772705078125
0.106903076171875 -0.00679779052734375 -0.0783309936523437 0.0447921752929688
0.0671157836914063 0.102622985839844 -0.0555419921875 -0.00976943969726563
-0.0131607055664063 0.134086608886719 0.0114326477050781 0.0443763732910156
-0.0879898071289062 0.090911865234375 -0.0629119873046875 0.17193603515625
0.0839080810546875 -0.003387451171875 0.0707855224609375 -0.194503784179688
0.0391769409179688 -0.0782546997070313 0.0132408142089844 -0.0602607727050781
-0.0374794006347656 -0.062255859375 0.0627212524414063 0.00957870483398437
-0.0654449462890625 -0.00840759277343749 0.11444091796875 -0.049346923828125
-0.0489387512207031 0.0349540710449219 0.077606201171875 -0.124801635742188
-0.0160980224609375 0.0585365295410156 0.00675964355468748 -0.166580200195313
-0.00549697875976562 0.0459632873535156 -0.0448455810546875 -0.155303955078125
-0.0170860290527344 0.0398406982421875 -0.0493698120117188 -0.118148803710938
-0.0240287780761719 0.0425567626953125 -0.0380020141601563 -0.0952072143554688
-0.0419578552246094 0.0164756774902344 -0.0264663696289063 -0.0763320922851563
-0.0427932739257813 -0.0249710083007813 -0.0256080627441406 -0.0657691955566406
-0.00509643554687499 -0.0554847717285156 -0.0312576293945313 -0.0847625732421875
0.0607490539550781 -0.047149658203125 -0.0313873291015625 -0.132949829101563
0.0968246459960938 -0.00313568115234375 -0.0252227783203125 -0.19891357421875
0.089752197265625 0.04779052734375 -0.00653076171875001 -0.201705932617188
0.0740203857421875 0.0843887329101563 0.106552124023438 -0.179672241210937
0.0703353881835938 -0.00545501708984375 0.0358238220214844 -0.05157470703125
0.0205841064453125 -0.0212383270263672 0.0780563354492188 0.0177078247070313
-0.00200843811035156 -0.0147819519042969 0.133575439453125 -0.048614501953125
-0.0058588981628418 -0.00125741958618164 0.0947647094726563 -0.128585815429688
-0.0013507604598999 0.00137639045715332 0.015777587890625 -0.177536010742188
-0.0115175247192383 -0.0117940902709961 -0.044677734375 -0.163986206054687
-0.0170354843139648 -0.0153160095214844 -0.0519180297851562 -0.121559143066406
-0.0208282470703125 -0.0203189849853516 -0.03912353515625 -0.097412109375
-0.014068603515625 -0.038238525390625 -0.0272140502929688 -0.0800628662109375
0.0121269226074219 -0.05145263671875 -0.0257682800292969 -0.059112548828125
0.0548248291015625 -0.0441436767578125 -0.0293807983398438 -0.071014404296875
0.0951614379882813 0.0140914916992188 -0.0392532348632813 -0.109931945800781
0.106300354003906 0.078704833984375 -0.02825927734375 -0.169052124023438
0.0740127563476562 0.128028869628906 0.00457763671875 -0.170455932617188
0.0472869873046875 0.164886474609375 0.133796691894531 -0.135078430175781
0.085601806640625 0.0807876586914063 0.059295654296875 -0.0210075378417969
0.0791854858398438 0.038848876953125 0.09368896484375 0.0360107421875
0.0706100463867187 -0.0094451904296875 0.15087890625 -0.03515625
0.0468101501464844 -0.0347633361816406 0.109336853027344 -0.116539001464844
0.0201034545898438 -0.0570831298828125 0.028533935546875 -0.1676025390625
-0.0127067565917969 -0.0687522888183594 -0.0367279052734375 -0.153594970703125
-0.0152549743652344 -0.0686607360839844 -0.0477294921875 -0.106979370117188
-0.0180892944335937 -0.078643798828125 -0.0356521606445312 -0.0792160034179688
0.00659179687499999 -0.0890121459960938 -0.0303192138671875 -0.064727783203125
0.0561676025390625 -0.0808181762695312 -0.0318489074707031 -0.0394210815429688
0.103416442871094 -0.0449981689453125 -0.0353622436523437 -0.0506935119628906
0.129005432128906 0.054534912109375 -0.0488433837890625 -0.083465576171875
0.117485046386719 0.136787414550781 -0.0290069580078125 -0.129920959472656
0.0585479736328125 0.185134887695313 0.00886535644531251 -0.118965148925781
0.00599670410156249 0.221221923828125 0.1448974609375 -0.0634918212890625
0.07623291015625 0.161544799804688 0.0762557983398438 0.0313720703125
0.120147705078125 0.108100891113281 0.103012084960938 0.064208984375
0.1385498046875 0.011688232421875 0.157699584960938 -0.00958251953125
0.10150146484375 -0.05596923828125 0.115257263183594 -0.08758544921875
0.0467453002929688 -0.106643676757813 0.0404434204101562 -0.137680053710938
-0.00959777832031249 -0.116233825683594 -0.021942138671875 -0.124069213867188
-0.0124130249023437 -0.111129760742187 -0.0357513427734375 -0.0769424438476563
-0.016815185546875 -0.126121520996094 -0.0257415771484375 -0.0460586547851563
0.0180587768554688 -0.130317687988281 -0.0306148529052734 -0.0346012115478516
0.0861358642578125 -0.106452941894531 -0.0372428894042969 -0.0106086730957031
0.136985778808594 -0.052490234375 -0.0427932739257812 -0.0268173217773438
0.152511596679688 0.077850341796875 -0.054107666015625 -0.0599594116210937
0.122573852539062 0.171310424804687 -0.0196151733398438 -0.0899429321289062
0.0404815673828125 0.216323852539063 0.0091705322265625 -0.0546493530273437
-0.04095458984375 0.239028930664062 0.136947631835938 0.0239105224609375
0.0420379638671875 0.21405029296875 0.07958984375 0.0938491821289063
0.126129150390625 0.168914794921875 0.100349426269531 0.0962448120117188
0.180068969726563 0.0452117919921875 0.147003173828125 0.024139404296875
0.143447875976563 -0.0572509765625 0.108665466308594 -0.0467605590820313
0.0715103149414063 -0.136390686035156 0.0459442138671875 -0.090301513671875
-0.001983642578125 -0.146209716796875 -0.0052947998046875 -0.0772476196289063
-0.00798034667968751 -0.13690185546875 -0.0186347961425781 -0.0344791412353516
-0.0148773193359375 -0.154510498046875 -0.0112190246582031 -0.00237560272216798
0.0235137939453125 -0.154678344726563 -0.0277042388916016 0.0069446563720703
0.102249145507813 -0.121849060058594 -0.0406837463378906 0.0237693786621094
0.153305053710938 -0.05462646484375 -0.0489768981933594 -0.00284576416015624
0.1585693359375 0.0937957763671875 -0.0532379150390625 -0.0417938232421875
0.110992431640625 0.187652587890625 -0.00236129760742186 -0.051910400390625
0.0133819580078125 0.221969604492188 0.007598876953125 0.0146856307983399
-0.08099365234375 0.209365844726563 0.110572814941406 0.109199523925781
-0.0077972412109375 0.21844482421875 0.0684356689453125 0.154586791992188
0.09423828125 0.196182250976563 0.0849075317382813 0.122230529785156
0.17877197265625 0.077178955078125 0.119842529296875 0.0556106567382813
0.157730102539063 -0.041015625 0.0876312255859375 -0.0037689208984375
0.0861358642578125 -0.137138366699219 0.0428810119628906 -0.0356407165527344
0.00613403320312499 -0.15106201171875 0.00919532775878906 -0.0220375061035156
-0.00230407714843751 -0.140266418457031 0.000835418701171874 0.0126466751098633
-0.0106353759765625 -0.160171508789063 0.00517654418945312 0.0447006225585937
0.0269317626953125 -0.159393310546875 -0.0222740173339844 0.0522270202636719
0.107742309570312 -0.121109008789063 -0.0443534851074219 0.0596389770507812
0.154434204101563 -0.0473175048828125 -0.0567245483398437 0.0192642211914063
0.146041870117188 0.1055908203125 -0.0523643493652344 -0.0277862548828125
0.0811920166015625 0.189590454101563 0.0134077072143555 -0.0171222686767578
-0.0205078125 0.204177856445313 -0.00296783447265626 0.0822525024414063
-0.105255126953125 0.141769409179688 0.0752105712890625 0.173446655273437
-0.0509796142578125 0.1727294921875 0.047332763671875 0.19573974609375
0.0429840087890625 0.175918579101563 0.0643692016601562 0.132026672363281
0.137908935546875 0.0891494750976563 0.0841140747070313 0.0758743286132813
0.1363525390625 -0.0183258056640625 0.0590095520019531 0.0297927856445312
0.0834503173828125 -0.114852905273437 0.0342350006103516 0.0141868591308594
0.0124893188476562 -0.131927490234375 0.0204296112060547 0.03167724609375
0.00239562988281251 -0.123085021972656 0.0197944641113281 0.0576934814453125
-0.00433349609375001 -0.143646240234375 0.0202178955078125 0.0886383056640625
0.028106689453125 -0.142135620117188 -0.0185012817382813 0.0951766967773437
0.101722717285156 -0.1046142578125 -0.0493087768554688 0.0907974243164063
0.140655517578125 -0.0328369140625 -0.0665855407714843 0.0376625061035156
0.117759704589844 0.110641479492188 -0.0531120300292969 -0.0170516967773437
0.0401611328125 0.1751708984375 0.0204734802246094 0.0155754089355469
-0.057159423828125 0.162689208984375 -0.0241928100585937 0.140213012695313
-0.108497619628906 0.0493011474609375 0.041046142578125 0.204910278320313
-0.0776748657226562 0.0940780639648438 0.0292205810546875 0.208847045898437
-0.00949096679687501 0.11798095703125 0.0472488403320312 0.127372741699219
0.0752410888671875 0.0775375366210937 0.0539169311523438 0.0821685791015625
0.0907821655273438 0.00255584716796875 0.0354804992675781 0.0507736206054687
0.063507080078125 -0.073516845703125 0.0251846313476563 0.0526695251464844
0.0153579711914062 -0.0908737182617188 0.028411865234375 0.0724334716796875
0.00536346435546875 -0.0872726440429688 0.0342254638671875 0.093597412109375
0.00206756591796874 -0.104461669921875 0.0314483642578125 0.125503540039063
0.025482177734375 -0.106307983398438 -0.0161590576171875 0.132858276367188
0.0829696655273438 -0.0763626098632813 -0.056915283203125 0.116188049316406
0.111183166503906 -0.0152740478515625 -0.0805282592773437 0.0512619018554688
0.0778121948242188 0.102325439453125 -0.0592002868652344 -0.00896072387695312
-0.00489807128906251 0.138999938964844 0.0146980285644531 0.0427398681640625
-0.0867538452148438 0.100662231445313 -0.0554962158203125 0.182601928710938
0.0842437744140625 -0.009979248046875 0.05694580078125 -0.204177856445313
0.0328369140625 -0.0825042724609375 0.00617218017578125 -0.06341552734375
-0.0426712036132813 -0.0592803955078125 0.0652313232421875 0.00915908813476562
-0.067291259765625 -0.00220108032226562 0.115402221679688 -0.0570144653320312
-0.0462684631347656 0.0399627685546875 0.072021484375 -0.13275146484375
-0.0108909606933594 0.0598526000976563 -0.00411987304687499 -0.170257568359375
-0.00246810913085937 0.0468482971191406 -0.0566558837890625 -0.154205322265625
-0.0120277404785156 0.0429801940917969 -0.0590896606445313 -0.115982055664063
-0.0205917358398438 0.0452766418457031 -0.0468902587890625 -0.0934829711914063
-0.039154052734375 0.0198020935058594 -0.0332717895507813 -0.0761489868164063
-0.0442123413085937 -0.0205421447753906 -0.0334129333496094 -0.0672683715820313
-0.0101699829101562 -0.054779052734375 -0.038818359375 -0.0868682861328125
0.05670166015625 -0.0521583557128906 -0.0376434326171875 -0.135505676269531
0.0970535278320313 -0.0101394653320312 -0.037506103515625 -0.202072143554688
0.0944366455078125 0.0418777465820313 -0.02001953125 -0.208541870117188
0.0810165405273437 0.08001708984375 0.0955810546875 -0.192611694335938
0.0707473754882813 -0.01031494140625 0.032257080078125 -0.0554618835449219
0.02117919921875 -0.022613525390625 0.080810546875 0.0145950317382812
-0.00202465057373047 -0.0132007598876953 0.135284423828125 -0.0572586059570313
-0.00439739227294922 -0.000925540924072265 0.0879974365234375 -0.137046813964844
0.000671803951263428 1.8000602722168E-05 0.00413513183593752 -0.180877685546875
-0.0107564926147461 -0.0126485824584961 -0.057373046875 -0.16375732421875
-0.0178928375244141 -0.0147724151611328 -0.0624847412109375 -0.1190185546875
-0.0218582153320313 -0.0189304351806641 -0.0482864379882813 -0.0951614379882813
-0.01702880859375 -0.0383415222167969 -0.0364303588867188 -0.0796279907226563
0.00879669189453125 -0.0530052185058594 -0.0327568054199219 -0.060638427734375
0.0536117553710938 -0.0483779907226563 -0.0358657836914062 -0.0739822387695313
0.09808349609375 0.0080108642578125 -0.0444869995117187 -0.111534118652344
0.112380981445313 0.0711441040039063 -0.039276123046875 -0.171661376953125
0.08416748046875 0.12481689453125 -0.00727844238281249 -0.176376342773438
0.058837890625 0.165817260742187 0.125885009765625 -0.148635864257813
0.0920867919921875 0.0756149291992188 0.0581474304199219 -0.0249137878417969
0.0847854614257813 0.035369873046875 0.0973129272460938 0.0323028564453125
0.0727462768554687 -0.0145034790039062 0.151473999023438 -0.0453948974609375
0.0467987060546875 -0.0379409790039063 0.104835510253906 -0.124313354492188
0.0170516967773438 -0.0613594055175781 0.0175323486328125 -0.172698974609375
-0.017059326171875 -0.0709915161132813 -0.0482177734375 -0.152725219726562
-0.0199813842773437 -0.0695343017578125 -0.0572891235351563 -0.104415893554688
-0.0245590209960938 -0.0799026489257813 -0.0424041748046875 -0.076812744140625
0.001312255859375 -0.0908050537109375 -0.0375442504882813 -0.0631637573242188
0.0517578125 -0.0854644775390625 -0.0376358032226562 -0.0396652221679688
0.103233337402344 -0.053741455078125 -0.0403861999511719 -0.0529708862304688
0.135223388671875 0.0470123291015625 -0.0549392700195312 -0.085723876953125
0.129302978515625 0.130447387695313 -0.0366897583007812 -0.132881164550781
0.072357177734375 0.186203002929688 0.000457763671875011 -0.125221252441406
0.0215911865234375 0.225662231445313 0.142440795898438 -0.07647705078125
0.0885467529296875 0.158432006835938 0.0780487060546875 0.026397705078125
0.130752563476563 0.102531433105469 0.109375 0.0614776611328125
0.144195556640625 0.000518798828125 0.16015625 -0.0185394287109375
0.100631713867188 -0.0647354125976562 0.113380432128906 -0.095733642578125
0.0402145385742188 -0.114418029785156 0.03326416015625 -0.142578125
-0.0174560546875 -0.119216918945313 -0.0311431884765625 -0.123176574707031
-0.0205001831054687 -0.112571716308594 -0.0428848266601563 -0.0744781494140625
-0.0264053344726563 -0.127120971679687 -0.0307884216308594 -0.0431900024414063
0.00835418701171876 -0.133613586425781 -0.0369987487792969 -0.0312919616699219
0.0792770385742188 -0.11480712890625 -0.0414276123046875 -0.00920486450195313
0.136459350585938 -0.0638046264648438 -0.0460891723632812 -0.0287818908691406
0.162155151367188 0.070098876953125 -0.0586090087890625 -0.06097412109375
0.1378173828125 0.16571044921875 -0.024017333984375 -0.0930404663085937
0.055023193359375 0.2198486328125 0.00404739379882813 -0.0599632263183594
-0.024200439453125 0.247360229492187 0.141082763671875 0.01446533203125
0.057281494140625 0.214828491210938 0.0870285034179688 0.0915374755859375
0.141342163085938 0.163787841796875 0.106773376464844 0.0951614379882813
0.188995361328125 0.033905029296875 0.152603149414063 0.0166473388671875
0.142578125 -0.0699920654296875 0.108932495117188 -0.054656982421875
0.0616607666015625 -0.145919799804688 0.0428695678710938 -0.0958786010742188
-0.0131988525390625 -0.150466918945312 -0.0112762451171875 -0.0780563354492188
-0.0196456909179688 -0.138534545898438 -0.0226650238037109 -0.033193588256836
-0.028533935546875 -0.15716552734375 -0.0148811340332031 -0.000720977783203136
0.012725830078125 -0.160430908203125 -0.0308418273925781 0.0120983123779297
0.094818115234375 -0.1329345703125 -0.0418739318847656 0.0283050537109375
0.153152465820313 -0.0691375732421875 -0.0509529113769531 -0.00244522094726562
0.16949462890625 0.08245849609375 -0.0575714111328125 -0.0409355163574219
0.129013061523438 0.18231201171875 -0.00603103637695312 -0.0558090209960937
0.0296173095703125 0.225860595703125 0.00766754150390625 0.0105075836181641
-0.0678863525390625 0.221343994140625 0.120307922363281 0.103057861328125
0.00810241699218752 0.223785400390625 0.0785980224609375 0.153472900390625
0.111862182617187 0.193252563476562 0.0925750732421875 0.120185852050781
0.187835693359375 0.0646209716796875 0.127159118652344 0.0516815185546875
0.157424926757813 -0.0556640625 0.0882949829101563 -0.008087158203125
0.0761871337890625 -0.1492919921875 0.0419998168945313 -0.0396156311035156
-0.00558471679687499 -0.15472412109375 0.00909042358398438 -0.0229225158691406
-0.0129852294921875 -0.141464233398438 1.9073486328117E-06 0.0137147903442383
-0.0237884521484375 -0.163833618164063 0.00736999511718749 0.0468902587890625
0.013641357421875 -0.163772583007813 -0.0216331481933594 0.056060791015625
0.100318908691406 -0.132774353027344 -0.0412445068359375 0.0631065368652344
0.155364990234375 -0.0614776611328125 -0.0566329956054687 0.0214157104492187
0.158004760742188 0.09613037109375 -0.0559501647949219 -0.0275535583496094
0.0996246337890625 0.1868896484375 0.0125293731689453 -0.0209503173828125
-0.00631713867187502 0.211593627929688 0.000770568847656256 0.0819931030273438
-0.0955352783203125 0.1544189453125 0.087982177734375 0.171768188476563
-0.037811279296875 0.179733276367188 0.06109619140625 0.197219848632812
0.0584716796875 0.176162719726563 0.072601318359375 0.132942199707031
0.1485595703125 0.0793609619140625 0.0899810791015625 0.0743865966796875
0.137893676757812 -0.0309219360351562 0.0629653930664063 0.0283470153808594
0.075469970703125 -0.125213623046875 0.0374031066894531 0.0142402648925781
0.00172424316406249 -0.134201049804688 0.022857666015625 0.0302162170410156
-0.00745391845703125 -0.125564575195313 0.0220298767089844 0.0575790405273437
-0.0166015625 -0.146621704101563 0.02593994140625 0.0899887084960937
0.0164031982421875 -0.14642333984375 -0.01348876953125 0.100265502929687
0.0945968627929688 -0.114547729492188 -0.0446319580078125 0.096405029296875
0.141830444335938 -0.0456695556640625 -0.0652923583984375 0.0406951904296875
0.129501342773438 0.102775573730469 -0.0579376220703125 -0.0150146484375
0.055633544921875 0.175384521484375 0.0207881927490234 0.0128040313720703
-0.0462646484375 0.17132568359375 -0.0156402587890625 0.142974853515625
-0.105636596679687 0.0601272583007812 0.055328369140625 0.207366943359375
-0.0708236694335938 0.101997375488281 0.041839599609375 0.213348388671875
0.000968933105468741 0.121963500976563 0.0541000366210938 0.130348205566406
0.0831146240234375 0.0718002319335938 0.0608139038085938 0.0824127197265625
0.0921554565429687 -0.00547027587890625 0.0395545959472656 0.050933837890625
0.0587005615234375 -0.0794906616210938 0.0304679870605469 0.0513839721679687
0.00702667236328124 -0.0929641723632812 0.0353240966796875 0.0718002319335938
-0.0011138916015625 -0.0889053344726563 0.0417709350585938 0.0912628173828125
-0.00672149658203126 -0.107521057128906 0.0387725830078125 0.126350402832031
0.015960693359375 -0.109321594238281 -0.00916290283203126 0.136970520019531
0.0781631469726563 -0.0849609375 -0.0513839721679687 0.121635437011719
0.1119384765625 -0.0235214233398438 -0.0793609619140625 0.0567169189453125
0.0881118774414063 0.097137451171875 -0.0614242553710938 -0.00761795043945311
0.00685119628906249 0.141387939453125 0.0185623168945313 0.0391387939453125
-0.0808944702148438 0.107437133789062 -0.0439453125 0.190567016601563
0.0831832885742188 -0.0151443481445313 0.0414276123046875 -0.210098266601562
0.027313232421875 -0.0854568481445313 0.000156402587890627 -0.0603065490722656
-0.0462608337402344 -0.0571823120117187 0.0668525695800781 0.00638580322265625
-0.0637588500976563 0.00529098510742187 0.111785888671875 -0.0636749267578125
-0.0434455871582031 0.0421180725097656 0.0662155151367188 -0.137229919433594
-0.00530242919921875 0.0606765747070312 -0.0131683349609375 -0.168411254882813
0.00208663940429688 0.0455818176269531 -0.0679931640625 -0.150543212890625
-0.00988769531250001 0.0439033508300781 -0.0655670166015625 -0.109725952148438
-0.0166397094726563 0.0453071594238281 -0.0519638061523438 -0.08892822265625
-0.0361061096191406 0.0238838195800781 -0.037872314453125 -0.0736846923828125
-0.0452537536621094 -0.0161399841308594 -0.0388221740722656 -0.066986083984375
-0.0142059326171875 -0.05377197265625 -0.0458602905273438 -0.0850067138671875
0.0528068542480469 -0.0565643310546875 -0.0426254272460938 -0.133308410644531
0.0950241088867188 -0.0159378051757813 -0.0463714599609375 -0.20166015625
0.0953521728515625 0.0352325439453125 -0.029510498046875 -0.210617065429687
0.0869293212890625 0.07769775390625 0.0825958251953125 -0.19915771484375
0.0683364868164063 -0.0142173767089844 0.0276870727539063 -0.0566825866699219
0.0189895629882813 -0.0215721130371094 0.0817184448242188 0.0146026611328125
-0.001007080078125 -0.0118865966796875 0.131805419921875 -0.065032958984375
-0.00336742401123047 -0.000409126281738282 0.0796127319335938 -0.138679504394531
-0.000528573989868164 -0.0031745433807373 -0.00743103027343749 -0.17852783203125
-0.0106964111328125 -0.0144081115722656 -0.0663604736328125 -0.1578369140625
-0.0161933898925781 -0.0149602890014648 -0.0687789916992188 -0.112884521484375
-0.0217342376708984 -0.0171871185302734 -0.0530014038085937 -0.091644287109375
-0.0189399719238281 -0.0374794006347656 -0.0420761108398438 -0.0748672485351562
0.0073699951171875 -0.0526771545410156 -0.0400123596191406 -0.0601959228515625
0.0503997802734375 -0.0496139526367188 -0.0417327880859375 -0.0761947631835937
0.0966415405273438 0.0010223388671875 -0.0504837036132812 -0.111923217773437
0.115875244140625 0.06640625 -0.0466461181640625 -0.171829223632812
0.0909347534179688 0.123146057128906 -0.0169677734375 -0.178741455078125
0.068115234375 0.162216186523438 0.11480712890625 -0.157806396484375
0.0964813232421875 0.0674896240234375 0.05535888671875 -0.0273094177246094
0.0851058959960938 0.0308914184570313 0.099639892578125 0.0297622680664062
0.0727767944335938 -0.0193862915039063 0.150543212890625 -0.051544189453125
0.0464401245117188 -0.0408363342285156 0.0976638793945313 -0.129837036132813
0.0137367248535156 -0.0647621154785156 0.00990295410156249 -0.171554565429688
-0.0206298828125 -0.0710372924804688 -0.0569305419921875 -0.147781372070313
-0.0257987976074219 -0.0668144226074219 -0.06585693359375 -0.100166320800781
-0.0287551879882813 -0.0774917602539063 -0.0479278564453125 -0.072784423828125
-0.00462341308593751 -0.0902786254882812 -0.0435256958007813 -0.058563232421875
0.04736328125 -0.0898895263671875 -0.045257568359375 -0.0381393432617188
0.100349426269531 -0.0583724975585938 -0.0458793640136719 -0.0525665283203125
0.136734008789063 0.0383834838867188 -0.057464599609375 -0.084625244140625
0.135673522949219 0.120765686035156 -0.04290771484375 -0.132568359375
0.082489013671875 0.18182373046875 -0.0079345703125 -0.1285400390625
0.0352783203125 0.225494384765625 0.134269714355469 -0.0856475830078125
0.0966796875 0.15478515625 0.0767745971679688 0.0229644775390625
0.137237548828125 0.0964813232421875 0.113365173339844 0.059844970703125
0.144012451171875 -0.0074310302734375 0.157745361328125 -0.0229034423828125
0.0951461791992188 -0.07122802734375 0.108062744140625 -0.09967041015625
0.0329055786132812 -0.117912292480469 0.0233154296875 -0.143768310546875
-0.0250396728515625 -0.118873596191406 -0.038848876953125 -0.118476867675781
-0.0273208618164063 -0.109970092773438 -0.0478439331054688 -0.070953369140625
-0.0345687866210938 -0.125503540039063 -0.0352325439453125 -0.0394859313964844
-0.00138854980468751 -0.134780883789063 -0.0437126159667969 -0.0282249450683594
0.0718002319335938 -0.120559692382813 -0.0452003479003906 -0.00809860229492189
0.130683898925781 -0.07281494140625 -0.0497550964355469 -0.0302162170410156
0.16546630859375 0.05706787109375 -0.059722900390625 -0.0602684020996094
0.14752197265625 0.155914306640625 -0.03009033203125 -0.0936203002929687
0.067626953125 0.217758178710938 0.00212097167968751 -0.0622215270996094
-0.00991821289062498 0.248794555664062 0.13958740234375 0.00572204589843751
0.072601318359375 0.209762573242187 0.0861663818359375 0.08526611328125
0.151901245117187 0.15460205078125 0.110603332519531 0.0939407348632813
0.190322875976562 0.0186920166015625 0.151290893554688 0.0114288330078125
0.13824462890625 -0.0777587890625 0.104408264160156 -0.057159423828125
0.05078125 -0.150222778320313 0.038177490234375 -0.0994186401367188
-0.0221099853515625 -0.149002075195313 -0.0168304443359375 -0.0770263671875
-0.029052734375 -0.138557434082031 -0.0248126983642578 -0.0298919677734375
-0.0393218994140625 -0.155227661132812 -0.0163240432739258 0.00205039978027343
-0.00230407714843751 -0.158981323242188 -0.0333480834960938 0.0131816864013672
0.087005615234375 -0.13922119140625 -0.0431785583496094 0.0306205749511719
0.14849853515625 -0.081024169921875 -0.0528488159179687 -0.00159835815429688
0.177444458007812 0.0714111328125 -0.0576705932617187 -0.04193115234375
0.141891479492188 0.174468994140625 -0.0117568969726562 -0.0555305480957031
0.04241943359375 0.224014282226563 0.00458621978759766 0.00831604003906251
-0.049560546875 0.224136352539063 0.126838684082031 0.0948562622070313
0.0247344970703125 0.221694946289063 0.08709716796875 0.149993896484375
0.123458862304688 0.18560791015625 0.0989456176757813 0.116561889648438
0.1937255859375 0.05303955078125 0.128349304199219 0.0460205078125
0.15191650390625 -0.065277099609375 0.0890655517578125 -0.0111160278320313
0.0675811767578125 -0.153976440429688 0.0417747497558594 -0.0408172607421875
-0.0163421630859375 -0.15509033203125 0.006378173828125 -0.0212917327880859
-0.0218048095703125 -0.140670776367188 0.00205898284912109 0.0137825012207031
-0.033782958984375 -0.164321899414063 0.0104331970214844 0.0462532043457031
-0.000183105468749996 -0.162979125976563 -0.0196151733398437 0.0617103576660156
0.0909576416015625 -0.14154052734375 -0.0419578552246094 0.0675468444824219
0.151092529296875 -0.072479248046875 -0.0554389953613281 0.0202407836914062
0.16351318359375 0.0839691162109375 -0.0586166381835938 -0.0243110656738281
0.109603881835938 0.178192138671875 0.00898933410644532 -0.02386474609375
0.00564575195312498 0.210479736328125 0.004669189453125 0.0802230834960938
-0.0826416015625 0.15924072265625 0.0987701416015625 0.169479370117188
-0.0263671875 0.180862426757812 0.0672760009765625 0.19268798828125
0.0687103271484375 0.171737670898438 0.07757568359375 0.129165649414063
0.154525756835938 0.0692138671875 0.0966339111328125 0.0701217651367188
0.135116577148438 -0.0414276123046875 0.0629806518554688 0.0252761840820312
0.0635986328125 -0.1300048828125 0.0411033630371094 0.0120048522949219
-0.00424957275390626 -0.136993408203125 0.0256748199462891 0.0282268524169922
-0.0157241821289062 -0.123908996582031 0.0246353149414062 0.0567092895507812
-0.027557373046875 -0.143646240234375 0.0312652587890625 0.088623046875
0.00642395019531251 -0.147537231445313 -0.00735473632812499 0.101860046386719
0.085906982421875 -0.122085571289062 -0.0412139892578125 0.101043701171875
0.1387939453125 -0.0568466186523437 -0.0650367736816406 0.043426513671875
0.138046264648438 0.094329833984375 -0.0582237243652344 -0.0127334594726563
0.06719970703125 0.168533325195313 0.0202236175537109 0.0104045867919922
-0.036376953125 0.173919677734375 -0.00648498535156252 0.143356323242188
-0.101608276367188 0.0669174194335937 0.0670623779296875 0.207229614257813
-0.0630416870117188 0.105072021484375 0.054840087890625 0.207015991210937
0.0106124877929688 0.120697021484375 0.0606231689453125 0.130012512207031
0.0894546508789063 0.06378173828125 0.063934326171875 0.0822906494140625
0.09246826171875 -0.0135955810546875 0.0444488525390625 0.0502128601074219
0.0513458251953125 -0.0840911865234375 0.0373764038085938 0.0500373840332031
0.00339508056640626 -0.093414306640625 0.0368576049804688 0.0664482116699219
-0.00638580322265626 -0.088134765625 0.0441055297851562 0.0877609252929688
-0.0158538818359375 -0.106826782226562 0.0459747314453125 0.121223449707031
0.00879669189453124 -0.109359741210938 -0.00131988525390624 0.137626647949219
0.0742034912109375 -0.089019775390625 -0.043670654296875 0.125045776367188
0.111412048339844 -0.0318374633789063 -0.0771331787109375 0.0598983764648438
0.0930938720703125 0.09039306640625 -0.0615234375 -0.00283432006835936
0.017608642578125 0.140266418457031 0.0198593139648438 0.0379371643066406
-0.0725021362304688 0.112205505371094 -0.0320892333984375 0.188568115234375
0.0793991088867188 -0.0180130004882813 0.035308837890625 -0.206741333007813
0.0215682983398438 -0.083709716796875 -0.00177764892578125 -0.0603981018066406
-0.0461196899414063 -0.0512046813964844 0.06707763671875 0.00621414184570312
-0.0633468627929688 0.00580215454101561 0.111930847167969 -0.065704345703125
-0.037506103515625 0.0447273254394531 0.0616912841796875 -0.137481689453125
-0.00339508056640625 0.0580978393554688 -0.01910400390625 -0.1661376953125
0.00489044189453125 0.0447807312011719 -0.0709381103515625 -0.145950317382812
-0.00569534301757812 0.0432968139648438 -0.067901611328125 -0.107444763183594
-0.0140266418457031 0.0459213256835937 -0.0555267333984375 -0.086639404296875
-0.0334682464599609 0.0240650177001953 -0.0408554077148437 -0.0706710815429688
-0.0439720153808594 -0.0135879516601563 -0.043060302734375 -0.0655403137207031
-0.0153732299804687 -0.0506172180175781 -0.047271728515625 -0.0875930786132813
0.0484809875488281 -0.0566558837890625 -0.0441360473632813 -0.133720397949219
0.0907821655273437 -0.0189285278320312 -0.04962158203125 -0.198333740234375
0.0960235595703125 0.03118896484375 -0.0364990234375 -0.207855224609375
0.0852890014648438 0.0717544555664063 0.073486328125 -0.19927978515625
0.0660858154296875 -0.0163383483886719 0.0230674743652344 -0.0552902221679688
0.0188674926757813 -0.0204601287841797 0.0818710327148437 0.011810302734375
-0.000770568847656249 -0.0126218795776367 0.129295349121094 -0.066619873046875
0.000194132328033447 -0.000940084457397461 0.076904296875 -0.141677856445313
3.50475311279298E-05 -0.00133025646209717 -0.011688232421875 -0.176681518554688
-0.0107669830322266 -0.013676643371582 -0.07177734375 -0.153533935546875
-0.0162258148193359 -0.0134172439575195 -0.0726547241210937 -0.10833740234375
-0.0229740142822266 -0.0171680450439453 -0.0578460693359375 -0.0868606567382813
-0.0177879333496094 -0.0352554321289063 -0.0458450317382813 -0.073333740234375
0.00738525390625 -0.0505752563476562 -0.0429801940917969 -0.0579414367675781
0.0473060607910156 -0.0499801635742188 -0.0452194213867188 -0.0763778686523438
0.0940017700195313 0.00104522705078125 -0.0489730834960937 -0.111602783203125
0.115318298339844 0.0610809326171875 -0.049041748046875 -0.169692993164063
0.0945281982421875 0.115623474121094 -0.0211334228515625 -0.180007934570313
0.072540283203125 0.157516479492188 0.10723876953125 -0.160537719726563
0.095306396484375 0.0660629272460938 0.0508270263671875 -0.02911376953125
0.0877761840820313 0.0279693603515625 0.0989456176757813 0.0299911499023438
0.0718841552734375 -0.019866943359375 0.14691162109375 -0.0542755126953125
0.0446929931640625 -0.0432662963867187 0.0932388305664062 -0.13104248046875
0.0113067626953125 -0.0655517578125 0.00364685058593749 -0.170867919921875
-0.02264404296875 -0.0691795349121094 -0.0621490478515625 -0.143768310546875
-0.0261764526367188 -0.0655136108398438 -0.0661849975585938 -0.0936508178710937
-0.0312881469726562 -0.0761184692382813 -0.0518951416015625 -0.0690956115722656
-0.00856018066406251 -0.0899505615234375 -0.0481376647949219 -0.055755615234375
0.0441513061523438 -0.08953857421875 -0.0458106994628906 -0.0356101989746094
0.0968017578125 -0.0620269775390625 -0.0488204956054688 -0.055450439453125
0.136871337890625 0.0340042114257812 -0.0578536987304687 -0.0855636596679688
0.138214111328125 0.11572265625 -0.0435409545898438 -0.132339477539063
0.0877532958984375 0.177597045898437 -0.012298583984375 -0.128837585449219
0.0405426025390625 0.2216796875 0.131584167480469 -0.0904922485351562
0.10076904296875 0.148284912109375 0.0742874145507813 0.0195083618164063
0.140151977539063 0.0897750854492187 0.110824584960938 0.0568389892578125
0.143035888671875 -0.0133056640625 0.157073974609375 -0.0286865234375
0.0946502685546875 -0.0741424560546875 0.104461669921875 -0.101997375488281
0.027130126953125 -0.118392944335938 0.0199737548828125 -0.143081665039063
-0.0289840698242188 -0.117637634277344 -0.0435028076171875 -0.116806030273438
-0.0318603515625 -0.108909606933594 -0.0521926879882813 -0.0653572082519531
-0.0414047241210937 -0.122055053710938 -0.0379905700683594 -0.0370140075683594
-0.00809478759765625 -0.131935119628906 -0.0437393188476563 -0.0244712829589844
0.06732177734375 -0.124504089355469 -0.0468788146972656 -0.00312042236328126
0.128196716308594 -0.0774765014648438 -0.0534553527832031 -0.0296745300292969
0.168106079101563 0.051788330078125 -0.0622787475585938 -0.0615501403808594
0.15240478515625 0.14849853515625 -0.0313339233398437 -0.0941619873046875
0.074371337890625 0.212722778320313 -0.00264358520507812 -0.0641098022460937
0.000854492187499984 0.24591064453125 0.138145446777344 -0.00149536132812499
0.0765838623046875 0.204559326171875 0.087646484375 0.0827102661132813
0.1541748046875 0.148529052734375 0.109901428222656 0.0882034301757813
0.1905517578125 0.0125274658203125 0.150680541992188 0.0080413818359375
0.134407043457031 -0.0840072631835938 0.103752136230469 -0.0600051879882813
0.0449371337890625 -0.151412963867188 0.0340194702148437 -0.0978012084960938
-0.0284881591796875 -0.14593505859375 -0.019683837890625 -0.0734939575195313
-0.0319442749023437 -0.134483337402344 -0.0275764465332031 -0.0274105072021484
-0.0447235107421875 -0.1502685546875 -0.0151805877685547 0.00244712829589843
-0.0081939697265625 -0.158584594726563 -0.0333766937255859 0.0182781219482422
0.0786895751953125 -0.141983032226563 -0.042755126953125 0.0337104797363281
0.144210815429688 -0.085693359375 -0.0548286437988281 -0.0029296875
0.177932739257813 0.0648193359375 -0.0596923828125 -0.0408554077148437
0.145919799804688 0.166000366210938 -0.00977325439453124 -0.0598487854003906
0.0485687255859375 0.223220825195313 0.0061640739440918 0.00760698318481447
-0.042388916015625 0.222442626953125 0.126373291015625 0.0902099609375
0.029998779296875 0.217880249023438 0.0862884521484375 0.143447875976562
0.129501342773438 0.18011474609375 0.0978317260742188 0.116218566894531
0.192092895507812 0.0430450439453125 0.127113342285156 0.0437164306640625
0.1497802734375 -0.0701751708984375 0.0879058837890625 -0.0139846801757813
0.05767822265625 -0.156204223632813 0.0399894714355469 -0.0431976318359375
-0.0215911865234375 -0.152572631835938 0.0051727294921875 -0.0205516815185547
-0.0299911499023438 -0.139686584472656 -0.000363349914550782 0.0153369903564453
-0.0424041748046875 -0.157638549804688 0.00986480712890624 0.0456390380859375
-0.00610351562500001 -0.162322998046875 -0.0203628540039062 0.0604057312011719
0.084808349609375 -0.143875122070313 -0.0390892028808594 0.0674819946289062
0.1466064453125 -0.078521728515625 -0.0585441589355469 0.0223617553710938
0.167373657226563 0.07763671875 -0.0581130981445312 -0.0263442993164062
0.116302490234375 0.173095703125 0.00874328613281251 -0.0266666412353516
0.01361083984375 0.20953369140625 0.00777435302734375 0.076171875
-0.0748748779296875 0.16156005859375 0.102096557617187 0.161117553710938
-0.018280029296875 0.179306030273438 0.0733642578125 0.190032958984375
0.0758056640625 0.169097900390625 0.0786972045898438 0.129425048828125
0.153640747070312 0.0598602294921875 0.0950088500976563 0.0699234008789063
0.1324462890625 -0.0460662841796875 0.0656852722167969 0.0246963500976562
0.0560302734375 -0.131614685058594 0.0396766662597656 0.00762939453124999
-0.0142669677734375 -0.131546020507813 0.0245628356933594 0.0274982452392578
-0.0211181640625 -0.123207092285156 0.0259246826171875 0.0548591613769531
-0.0339508056640625 -0.141128540039063 0.0335540771484375 0.0875930786132813
-0.0018768310546875 -0.145797729492188 -0.00525665283203125 0.102119445800781
0.0799102783203125 -0.125617980957031 -0.0363082885742187 0.100433349609375
0.134208679199219 -0.0612335205078125 -0.0644607543945312 0.0432777404785156
0.139572143554688 0.0863800048828125 -0.0592918395996094 -0.0145645141601562
0.07366943359375 0.164031982421875 0.0203399658203125 0.00536727905273438
-0.0289306640625 0.174545288085938 -0.00135803222656251 0.140899658203125
-0.0923309326171875 0.0710220336914063 0.0735931396484375 0.202651977539062
-0.0574722290039062 0.107070922851563 0.056915283203125 0.207962036132813
0.0151290893554688 0.11932373046875 0.0616302490234375 0.127899169921875
0.0905914306640625 0.0594024658203125 0.0668716430664063 0.0807113647460938
0.0905532836914063 -0.0181121826171875 0.0455551147460938 0.0497245788574219
0.0445709228515625 -0.0844497680664063 0.0384559631347656 0.047393798828125
-0.00444793701171876 -0.0921401977539063 0.0402679443359375 0.0662574768066406
-0.0109710693359375 -0.0881423950195312 0.0474472045898437 0.0869903564453125
-0.0199508666992188 -0.104827880859375 0.0516128540039062 0.119606018066406
0.00267028808593749 -0.109970092773438 0.00207519531250001 0.137397766113281
0.0673065185546875 -0.0933990478515625 -0.0390625 0.127304077148438
0.107879638671875 -0.036224365234375 -0.0743942260742187 0.0606002807617188
0.0979156494140625 0.0845794677734375 -0.0640182495117188 -0.00381088256835937
0.0223922729492187 0.135566711425781 0.0194244384765625 0.0338230133056641
-0.0689697265625 0.113639831542969 -0.0241241455078125 0.18890380859375
0.077850341796875 -0.01922607421875 0.0302581787109375 -0.208633422851562
0.0201187133789062 -0.0832595825195313 -0.00449752807617188 -0.0584526062011719
-0.0475234985351563 -0.0505485534667969 0.0672645568847656 0.00797271728515624
-0.0633277893066406 0.00833892822265624 0.112197875976563 -0.0665512084960938
-0.0357093811035156 0.0454559326171875 0.060943603515625 -0.138359069824219
-0.00187301635742188 0.0586700439453125 -0.02099609375 -0.16619873046875
0.0060577392578125 0.0435028076171875 -0.072540283203125 -0.145965576171875
-0.0039215087890625 0.0439529418945313 -0.0701751708984375 -0.106086730957031
-0.0115776062011719 0.046478271484375 -0.0575714111328125 -0.0857009887695313
-0.0329437255859375 0.0249290466308594 -0.0423202514648438 -0.0706787109375
-0.0431785583496094 -0.0113487243652344 -0.0455284118652344 -0.0662612915039063
-0.0161590576171875 -0.048614501953125 -0.0501480102539062 -0.0900192260742187
0.0465927124023438 -0.055755615234375 -0.0436248779296875 -0.136032104492188
0.0903091430664063 -0.0201568603515625 -0.05047607421875 -0.201370239257813
0.0977325439453125 0.030517578125 -0.03741455078125 -0.211654663085937
0.0850677490234375 0.0725021362304687 0.0692291259765625 -0.203018188476563
0.0650177001953125 -0.0165939331054688 0.0200080871582031 -0.0551033020019531
0.0201416015625 -0.0204830169677734 0.0827560424804688 0.0140457153320313
-0.000154495239257813 -0.0115184783935547 0.130706787109375 -0.0676956176757813
-0.000264286994934082 -0.00143516063690186 0.0771026611328125 -0.1429443359375
8.98838043212893E-05 -0.00357437133789063 -0.0137176513671875 -0.177581787109375
-0.0113916397094727 -0.0141944885253906 -0.0746612548828125 -0.153091430664063
-0.0156307220458984 -0.0126171112060547 -0.0739364624023437 -0.107627868652344
-0.0225734710693359 -0.0174522399902344 -0.0598907470703125 -0.086029052734375
-0.0182285308837891 -0.0345077514648438 -0.0478744506835937 -0.0716400146484375
0.00590133666992187 -0.0503616333007813 -0.0463600158691406 -0.0584526062011719
0.0470314025878906 -0.0507354736328125 -0.0475692749023438 -0.0785140991210938
0.094390869140625 -0.0001068115234375 -0.0489349365234375 -0.114616394042969
0.116966247558594 0.0593338012695312 -0.0496978759765625 -0.173202514648437
0.0957794189453125 0.116165161132813 -0.0234222412109375 -0.184127807617188
0.0738372802734375 0.157928466796875 0.104721069335938 -0.163497924804688
0.0963287353515625 0.065216064453125 0.0488548278808594 -0.0286598205566406
0.0892715454101563 0.0283432006835937 0.100044250488281 0.0316543579101563
0.0738143920898438 -0.0217361450195313 0.148590087890625 -0.05499267578125
0.0453300476074219 -0.0447845458984375 0.0933303833007812 -0.130622863769531
0.00948333740234375 -0.066741943359375 0.00183105468750001 -0.170639038085937
-0.0250167846679688 -0.0708847045898438 -0.064910888671875 -0.143661499023438
-0.0267066955566406 -0.0662574768066406 -0.0683135986328125 -0.0920181274414062
-0.033355712890625 -0.0767822265625 -0.0538063049316406 -0.0680160522460937
-0.0109329223632813 -0.089508056640625 -0.0509719848632813 -0.0537338256835938
0.0427398681640625 -0.0916061401367188 -0.0494575500488281 -0.0358467102050781
0.0963134765625 -0.0637130737304688 -0.0518531799316406 -0.0583038330078125
0.137863159179688 0.0330810546875 -0.0579833984375 -0.0885772705078125
0.14166259765625 0.115158081054688 -0.0449371337890625 -0.135932922363281
0.089691162109375 0.179473876953125 -0.014068603515625 -0.132637023925781
0.0442657470703125 0.221145629882812 0.129409790039063 -0.094146728515625
0.101516723632813 0.14654541015625 0.0736007690429688 0.0186614990234375
0.1424560546875 0.08978271484375 0.111404418945313 0.0584487915039063
0.145095825195313 -0.0147705078125 0.158294677734375 -0.028076171875
0.094940185546875 -0.0763015747070313 0.104156494140625 -0.102264404296875
0.0241165161132813 -0.121040344238281 0.0185394287109375 -0.143585205078125
-0.0320205688476562 -0.118331909179687 -0.0456771850585937 -0.115715026855469
-0.0337905883789062 -0.108970642089844 -0.0528640747070312 -0.0633544921875
-0.0439834594726562 -0.123153686523438 -0.0385360717773438 -0.0357742309570313
-0.00980377197265626 -0.13348388671875 -0.0469512939453125 -0.0210037231445313
0.0653076171875 -0.125808715820313 -0.049072265625 -0.00336456298828126
0.128402709960938 -0.0809860229492188 -0.0562057495117188 -0.0321693420410156
0.168930053710938 0.0496978759765625 -0.0634613037109375 -0.0638809204101563
0.155197143554688 0.147689819335938 -0.0316390991210937 -0.0977630615234375
0.07806396484375 0.214309692382813 -0.00405120849609374 -0.0675697326660156
0.00386047363281248 0.247329711914063 0.137374877929688 -0.00473022460937499
0.0787811279296875 0.203887939453125 0.0871047973632813 0.0811080932617188
0.1591796875 0.147781372070313 0.111480712890625 0.0915603637695313
0.1912841796875 0.0089569091796875 0.151626586914062 0.0084381103515625
0.134735107421875 -0.0867538452148438 0.103317260742188 -0.0596389770507813
0.0409393310546875 -0.153213500976563 0.0330886840820313 -0.097747802734375
-0.03192138671875 -0.1475830078125 -0.0214157104492188 -0.0730514526367188
-0.0360260009765625 -0.134391784667969 -0.0294876098632812 -0.0259304046630859
-0.0501708984375 -0.151992797851563 -0.0164690017700195 0.00447940826416015
-0.0115203857421875 -0.15911865234375 -0.0356979370117188 0.0194473266601562
0.076324462890625 -0.146591186523438 -0.0444984436035156 0.0337295532226562
0.143585205078125 -0.089691162109375 -0.0584754943847656 -0.00389480590820314
0.18017578125 0.062286376953125 -0.0627288818359375 -0.0437889099121094
0.149505615234375 0.16436767578125 -0.0118408203125 -0.0615806579589844
0.0529632568359375 0.22412109375 0.00507497787475586 0.00432109832763673
-0.0391693115234375 0.2274169921875 0.12554931640625 0.0872955322265625
0.0332489013671875 0.21728515625 0.08660888671875 0.14306640625
0.133087158203125 0.180313110351563 0.0987548828125 0.118019104003906
0.194839477539063 0.038848876953125 0.12786865234375 0.0449600219726563
0.14959716796875 -0.073760986328125 0.0884170532226563 -0.0126113891601563
0.05364990234375 -0.157913208007813 0.0398674011230469 -0.0440139770507813
-0.02581787109375 -0.153350830078125 0.00339889526367188 -0.0213050842285156
-0.0321578979492187 -0.139991760253906 -0.00185394287109375 0.0170793533325195
-0.0476226806640625 -0.158477783203125 0.0101280212402344 0.0469894409179687
-0.0106658935546875 -0.162506103515625 -0.0208549499511719 0.06256103515625
0.080657958984375 -0.147476196289063 -0.0392341613769531 0.0698509216308594
0.14544677734375 -0.0832061767578125 -0.0605239868164062 0.0213737487792969
0.170654296875 0.074005126953125 -0.0613174438476562 -0.02825927734375
0.1209716796875 0.1707763671875 0.00855636596679688 -0.0284538269042969
0.0157623291015625 0.211669921875 0.0079193115234375 0.0752105712890625
-0.0723419189453125 0.164230346679688 0.10260009765625 0.161483764648438
-0.0156707763671875 0.180694580078125 0.073699951171875 0.189498901367188
0.079681396484375 0.168624877929687 0.0785751342773438 0.131423950195313
0.1571044921875 0.0573577880859375 0.0952224731445313 0.0712738037109375
0.132553100585938 -0.0483779907226563 0.0661659240722656 0.0257148742675781
0.0534591674804688 -0.133003234863281 0.0401725769042969 0.00703430175781249
-0.017120361328125 -0.133369445800781 0.0254402160644531 0.0285739898681641
-0.0244598388671875 -0.123023986816406 0.0254325866699219 0.0568275451660156
-0.038726806640625 -0.141250610351563 0.0344467163085938 0.0868606567382813
-0.00621032714843751 -0.145751953125 -0.00662994384765624 0.104202270507812
0.0770034790039063 -0.129592895507812 -0.03662109375 0.10223388671875
0.133926391601562 -0.0647354125976562 -0.0662879943847656 0.0431022644042969
0.143539428710938 0.0842742919921875 -0.0610694885253906 -0.0157394409179688
0.077911376953125 0.16326904296875 0.0198917388916016 0.0038890838623047
-0.026885986328125 0.175445556640625 -0.000816345214843751 0.139877319335938
-0.09173583984375 0.0730361938476563 0.0758819580078125 0.203369140625
-0.0547256469726562 0.108161926269531 0.0579071044921875 0.208847045898437
0.01812744140625 0.11907958984375 0.0610504150390625 0.130134582519531
0.0919265747070313 0.0567092895507813 0.0672836303710938 0.0839614868164063
0.0893478393554687 -0.0197906494140625 0.0472297668457031 0.0499534606933594
0.0421218872070313 -0.0878677368164063 0.0383987426757813 0.0455474853515625
-0.0070037841796875 -0.0916900634765625 0.0421218872070313 0.0671920776367187
-0.0133819580078125 -0.08697509765625 0.0480194091796875 0.0877685546875
-0.0232772827148437 -0.104591369628906 0.0523605346679688 0.120452880859375
4.57763671874986E-05 -0.108917236328125 0.00347900390625001 0.139213562011719
0.0644302368164063 -0.0957183837890625 -0.0385971069335938 0.127838134765625
0.106674194335937 -0.0397872924804687 -0.0751953125 0.0611724853515625
0.099761962890625 0.083160400390625 -0.0654869079589844 -0.00591278076171875
0.02569580078125 0.134361267089844 0.0188636779785156 0.0322856903076172
-0.0661087036132813 0.115409851074219 -0.0223846435546875 0.1888427734375
0.0783233642578125 -0.0200576782226562 0.0274505615234375 -0.214584350585937
0.01837158203125 -0.0849075317382813 -0.00719833374023437 -0.0577888488769531
-0.0485115051269531 -0.0510330200195312 0.0703048706054688 0.0110549926757812
-0.0636100769042969 0.0100746154785156 0.116142272949219 -0.0687484741210938
-0.0350799560546875 0.0469703674316406 0.06280517578125 -0.142898559570313
-0.000148773193359371 0.0594406127929688 -0.0225067138671875 -0.1700439453125
0.00739669799804688 0.0433731079101562 -0.076934814453125 -0.149078369140625
-0.00164413452148437 0.04443359375 -0.0729446411132813 -0.108245849609375
-0.00991439819335938 0.0474205017089844 -0.060272216796875 -0.0865554809570313
-0.0320796966552734 0.0267772674560547 -0.0449981689453125 -0.0720062255859375
-0.0436019897460937 -0.0101966857910156 -0.0490837097167969 -0.0686264038085938
-0.0168418884277344 -0.0485954284667969 -0.0529022216796875 -0.0937042236328125
0.0456657409667969 -0.0573196411132812 -0.0435333251953125 -0.142379760742188
0.0914764404296875 -0.0215301513671875 -0.0518646240234375 -0.208053588867187
0.100364685058594 0.0299072265625 -0.04052734375 -0.2198486328125
0.0869369506835938 0.0741729736328125 0.067108154296875 -0.210205078125
0.0661468505859375 -0.0178337097167969 0.018646240234375 -0.0557746887207031
0.0214080810546875 -0.0203742980957031 0.0858001708984375 0.0167999267578125
0.00139808654785156 -0.0116157531738281 0.134857177734375 -0.0694503784179688
0.000543713569641113 -0.00105768442153931 0.078948974609375 -0.147293090820313
0.000789403915405274 -0.00425267219543457 -0.0149688720703125 -0.181533813476563
-0.0122213363647461 -0.0153541564941406 -0.07861328125 -0.155776977539062
-0.0159578323364258 -0.0123414993286133 -0.0782318115234375 -0.108642578125
-0.0228958129882813 -0.0174140930175781 -0.0638885498046875 -0.0863037109375
-0.0184593200683594 -0.0354156494140625 -0.0516204833984375 -0.0725173950195313
0.00603485107421875 -0.0511207580566406 -0.0503082275390625 -0.0600967407226562
0.0480194091796875 -0.0519523620605469 -0.05120849609375 -0.0827560424804688
0.0962371826171875 -0.00014495849609375 -0.04931640625 -0.119804382324219
0.119789123535156 0.0603561401367187 -0.0501556396484375 -0.180221557617188
0.0993576049804688 0.118804931640625 -0.0262451171875 -0.192230224609375
0.0769500732421875 0.162307739257813 0.104202270507812 -0.170272827148438
0.0978469848632813 0.066131591796875 0.04718017578125 -0.0292510986328125
0.0927963256835938 0.02886962890625 0.102584838867187 0.0340194702148437
0.0762710571289063 -0.0237503051757812 0.152191162109375 -0.0565643310546875
0.0473136901855469 -0.0474433898925781 0.0955886840820313 -0.134613037109375
0.00805664062499999 -0.0697021484375 9.15527343750034E-05 -0.174880981445313
-0.0272445678710938 -0.0738143920898438 -0.0687713623046875 -0.14581298828125
-0.0274009704589844 -0.0679397583007813 -0.0719223022460938 -0.0919036865234375
-0.0361862182617187 -0.0784835815429688 -0.0577850341796875 -0.0675582885742188
-0.0128860473632813 -0.091522216796875 -0.0547027587890625 -0.0534324645996094
0.0419998168945312 -0.094451904296875 -0.053741455078125 -0.0364646911621094
0.0980911254882812 -0.0663909912109375 -0.0569381713867188 -0.062042236328125
0.141860961914063 0.0335540771484375 -0.0594558715820313 -0.0938491821289063
0.146286010742188 0.116622924804688 -0.046478271484375 -0.14215087890625
0.0944671630859375 0.18353271484375 -0.0165176391601562 -0.138557434082031
0.0480804443359375 0.22772216796875 0.130050659179688 -0.0988693237304687
0.105239868164063 0.1490478515625 0.07379150390625 0.0192184448242188
0.147720336914062 0.0918121337890625 0.113655090332031 0.062103271484375
0.14874267578125 -0.0179290771484375 0.161788940429688 -0.02862548828125
0.0965423583984375 -0.0806350708007812 0.106613159179687 -0.104400634765625
0.0220413208007812 -0.125083923339844 0.0178680419921875 -0.147003173828125
-0.0351409912109375 -0.121818542480469 -0.0494232177734375 -0.117530822753906
-0.0364990234375 -0.11199951171875 -0.0560150146484375 -0.0631103515625
-0.0482864379882813 -0.126190185546875 -0.0416526794433594 -0.0348129272460938
-0.0135879516601563 -0.136306762695313 -0.0507431030273438 -0.0192451477050781
0.064117431640625 -0.131477355957031 -0.0526237487792969 -0.00261306762695313
0.130912780761719 -0.0858993530273438 -0.0615272521972656 -0.0348739624023438
0.174636840820313 0.0498199462890625 -0.0657958984375 -0.068359375
0.161544799804688 0.149658203125 -0.032958984375 -0.103004455566406
0.08148193359375 0.22113037109375 -0.00582122802734374 -0.07147216796875
0.0067596435546875 0.254653930664062 0.138389587402344 -0.00640106201171873
0.082794189453125 0.208419799804687 0.0878677368164063 0.0822219848632813
0.166213989257813 0.151809692382813 0.112892150878906 0.0959854125976563
0.197052001953125 0.006134033203125 0.155960083007813 0.0102081298828125
0.136863708496094 -0.0920562744140625 0.106468200683594 -0.0594863891601563
0.038177490234375 -0.158309936523438 0.0333251953125 -0.100662231445313
-0.035980224609375 -0.151718139648438 -0.02362060546875 -0.0737991333007813
-0.0393829345703125 -0.138191223144531 -0.0314693450927734 -0.0237998962402344
-0.0551605224609375 -0.155105590820312 -0.017481803894043 0.00523090362548827
-0.0155792236328125 -0.161849975585938 -0.0384292602539063 0.0232200622558594
0.074798583984375 -0.153152465820313 -0.04754638671875 0.0355873107910156
0.145523071289063 -0.0955810546875 -0.0635566711425781 -0.00532531738281251
0.186843872070313 0.060516357421875 -0.0664482116699219 -0.0464363098144531
0.156280517578125 0.166702270507813 -0.0129547119140625 -0.06610107421875
0.05670166015625 0.23150634765625 0.00426077842712403 0.00246191024780275
-0.036834716796875 0.23431396484375 0.12939453125 0.087432861328125
0.0363922119140625 0.222305297851562 0.086761474609375 0.146881103515625
0.141006469726563 0.184539794921875 0.0996780395507813 0.123298645019531
0.201461791992188 0.0357513427734375 0.13140869140625 0.0475997924804688
0.15216064453125 -0.079010009765625 0.09100341796875 -0.011749267578125
0.0500640869140625 -0.162429809570313 0.0407028198242188 -0.0446281433105469
-0.030853271484375 -0.157012939453125 0.00253105163574218 -0.0216407775878906
-0.0363311767578125 -0.143081665039062 -0.00252342224121094 0.0184059143066406
-0.053863525390625 -0.162628173828125 0.00924301147460938 0.0490341186523437
-0.0149383544921875 -0.166168212890625 -0.0219001770019531 0.0669479370117187
0.0797576904296875 -0.155014038085938 -0.040740966796875 0.0722274780273437
0.1478271484375 -0.08966064453125 -0.065399169921875 0.0212173461914062
0.177764892578125 0.0733642578125 -0.0649871826171875 -0.0300407409667969
0.127120971679688 0.173126220703125 0.0077190399169922 -0.0313091278076172
0.0187530517578125 0.219024658203125 0.00843048095703124 0.076141357421875
-0.071624755859375 0.169845581054688 0.106185913085938 0.165054321289063
-0.013519287109375 0.185562133789063 0.075042724609375 0.194107055664063
0.0848541259765625 0.173599243164062 0.0800933837890625 0.137153625488281
0.162582397460938 0.0545654296875 0.0986404418945313 0.0748825073242188
0.134780883789063 -0.05267333984375 0.0694580078125 0.0287017822265625
0.0512542724609375 -0.137542724609375 0.0418968200683594 0.00765228271484374
-0.0212554931640625 -0.135536193847656 0.025970458984375 0.0294189453125
-0.0281829833984375 -0.125389099121094 0.0261116027832031 0.0588836669921875
-0.044158935546875 -0.145477294921875 0.0352020263671875 0.089935302734375
-0.0104827880859375 -0.14892578125 -0.00618743896484374 0.109092712402344
0.0755157470703125 -0.136070251464844 -0.0369796752929687 0.105598449707031
0.136543273925781 -0.0703201293945313 -0.070037841796875 0.0436210632324219
0.14886474609375 0.084259033203125 -0.0649948120117187 -0.0167770385742187
0.0821685791015625 0.16607666015625 0.0201168060302734 0.00208473205566407
-0.0250396728515625 0.181991577148437 0.000427246093749996 0.143035888671875
-0.0929183959960937 0.0753936767578125 0.079681396484375 0.20867919921875
-0.0537796020507813 0.111343383789062 0.0595245361328125 0.214935302734375
0.0211410522460938 0.122528076171875 0.0623779296875 0.136001586914063
0.0962142944335938 0.0548477172851563 0.0703964233398437 0.0880508422851563
0.0906524658203125 -0.0234451293945313 0.0493888854980469 0.0517311096191406
0.0396347045898438 -0.0897979736328125 0.0410423278808594 0.0469551086425781
-0.00940704345703126 -0.0931320190429688 0.0440139770507813 0.0684432983398438
-0.0165328979492188 -0.0892181396484375 0.0497055053710938 0.090087890625
-0.027130126953125 -0.106765747070312 0.0549850463867188 0.123825073242188
-0.00328826904296876 -0.11151123046875 0.00444030761718749 0.144119262695313
0.063720703125 -0.100547790527344 -0.0387039184570313 0.131973266601563
0.107994079589844 -0.0432281494140625 -0.07867431640625 0.0628128051757813
0.104171752929687 0.0839309692382812 -0.0695533752441406 -0.00720977783203125
0.02838134765625 0.136726379394531 0.0194816589355469 0.0309219360351563
-0.0666351318359375 0.120079040527344 -0.0204010009765625 0.193557739257813
0.0796737670898437 -0.0223846435546875 0.0213470458984375 -0.224502563476563
0.0145034790039063 -0.0891265869140625 -0.0105361938476563 -0.0586013793945313
-0.0516281127929688 -0.0511283874511719 0.0758590698242188 0.0121231079101562
-0.0642127990722656 0.0135078430175781 0.120994567871094 -0.0746688842773438
-0.0338287353515625 0.0496368408203125 0.0626678466796875 -0.151748657226563
0.00345993041992187 0.0615653991699219 -0.0267486572265625 -0.177017211914062
0.00962448120117187 0.0449638366699219 -0.0849761962890625 -0.15362548828125
0.000934600830078128 0.0461959838867187 -0.0792312622070313 -0.110466003417969
-0.00726699829101562 0.050445556640625 -0.0656890869140625 -0.087738037109375
-0.0314960479736328 0.0289192199707031 -0.0499801635742187 -0.0742111206054688
-0.044189453125 -0.00790023803710938 -0.0551223754882812 -0.0702323913574219
-0.0189094543457031 -0.0487174987792969 -0.0586929321289062 -0.098236083984375
0.0449905395507813 -0.0593795776367188 -0.04638671875 -0.150344848632813
0.0941925048828125 -0.0240631103515625 -0.0579833984375 -0.218231201171875
0.105148315429688 0.0279617309570313 -0.0483856201171875 -0.231704711914063
0.0923385620117188 0.0765914916992188 0.0622100830078125 -0.22137451171875
0.0662574768066406 -0.0194129943847656 0.0157928466796875 -0.0567665100097656
0.0226993560791016 -0.0215034484863281 0.0913009643554688 0.0178680419921875
0.00107288360595703 -0.0112714767456055 0.139549255371094 -0.0748825073242188
0.00160610675811768 -0.00150454044342041 0.0795440673828125 -0.1556396484375
0.000263214111328125 -0.00496053695678711 -0.0200958251953125 -0.189468383789062
-0.0137624740600586 -0.0169696807861328 -0.0875244140625 -0.159637451171875
-0.0164127349853516 -0.0127897262573242 -0.0847015380859375 -0.109352111816406
-0.0237579345703125 -0.0174713134765625 -0.069732666015625 -0.0873794555664062
-0.0198516845703125 -0.0355110168457031 -0.0572891235351562 -0.0732879638671875
0.00601577758789063 -0.05218505859375 -0.0569915771484375 -0.0619277954101562
0.0490913391113281 -0.0539588928222656 -0.0582275390625 -0.087738037109375
0.099609375 -0.0018463134765625 -0.052764892578125 -0.126976013183594
0.125717163085938 0.0599136352539063 -0.0562744140625 -0.189315795898438
0.106758117675781 0.121406555175781 -0.033233642578125 -0.202911376953125
0.08355712890625 0.169082641601563 0.101486206054687 -0.180953979492188
0.102195739746094 0.0661544799804688 0.0462837219238281 -0.0310287475585937
0.0984573364257812 0.028656005859375 0.108657836914063 0.0359954833984375
0.07928466796875 -0.0268478393554688 0.15869140625 -0.0617218017578125
0.0480804443359375 -0.0514335632324219 0.0978851318359375 -0.142684936523438
0.00641632080078124 -0.0735549926757813 -0.00457763671875 -0.182052612304687
-0.0315093994140625 -0.0764694213867188 -0.0763397216796875 -0.148834228515625
-0.0310745239257812 -0.0701332092285156 -0.0782928466796875 -0.0921707153320313
-0.0404281616210938 -0.0799407958984375 -0.0633964538574219 -0.0674705505371094
-0.0158843994140625 -0.095123291015625 -0.0600357055664063 -0.0522842407226563
0.0414505004882813 -0.0998077392578125 -0.0598716735839844 -0.0370101928710938
0.100677490234375 -0.0727462768554688 -0.0636634826660156 -0.0658111572265625
0.149322509765625 0.031951904296875 -0.063812255859375 -0.0999374389648438
0.156112670898438 0.1180419921875 -0.0516815185546875 -0.150466918945313
0.103424072265625 0.189788818359375 -0.021820068359375 -0.147842407226563
0.055145263671875 0.237808227539063 0.130485534667969 -0.107658386230469
0.112640380859375 0.1524658203125 0.0738754272460938 0.0189437866210938
0.1580810546875 0.092315673828125 0.120361328125 0.06640625
0.154983520507813 -0.0241241455078125 0.169525146484375 -0.03167724609375
0.0985641479492188 -0.0878219604492188 0.111045837402344 -0.110435485839844
0.01763916015625 -0.131317138671875 0.0150146484375 -0.153579711914063
-0.0412368774414063 -0.126823425292969 -0.0555648803710937 -0.119842529296875
-0.0417709350585938 -0.115371704101563 -0.0611076354980469 -0.0613555908203125
-0.0554656982421875 -0.129425048828125 -0.0458526611328125 -0.0344352722167969
-0.01947021484375 -0.140960693359375 -0.0551414489746094 -0.0163459777832031
0.0618438720703125 -0.14068603515625 -0.0575332641601562 -0.000991821289062502
0.133407592773438 -0.0944442749023438 -0.0685920715332031 -0.0360946655273438
0.18438720703125 0.0479583740234375 -0.07135009765625 -0.0727920532226563
0.17333984375 0.151123046875 -0.0374755859375 -0.110313415527344
0.0914306640625 0.230514526367187 -0.00955200195312499 -0.0766677856445312
0.013458251953125 0.266357421875 0.14251708984375 -0.0121612548828125
0.0909576416015625 0.214141845703125 0.0909500122070313 0.0839004516601563
0.1796875 0.1541748046875 0.119888305664063 0.101226806640625
0.205352783203125 -0.0009765625 0.162857055664063 0.0089111328125
0.139938354492188 -0.100578308105469 0.11053466796875 -0.0630874633789063
0.0338897705078125 -0.167022705078125 0.0315475463867187 -0.106193542480469
-0.044219970703125 -0.157302856445313 -0.0276718139648437 -0.0748672485351563
-0.0461578369140625 -0.142868041992187 -0.0345115661621094 -0.0212955474853516
-0.06512451171875 -0.16009521484375 -0.0195026397705078 0.00759315490722655
-0.0236358642578125 -0.168380737304687 -0.0405540466308594 0.0271987915039062
0.071624755859375 -0.163742065429688 -0.05078125 0.0391998291015625
0.148849487304688 -0.10528564453125 -0.0700607299804687 -0.00462722778320312
0.19781494140625 0.058502197265625 -0.0719680786132812 -0.049468994140625
0.168045043945313 0.169204711914063 -0.0153961181640625 -0.0719223022460937
0.0645751953125 0.241806030273438 0.00315642356872559 0.000634670257568374
-0.0321044921875 0.245468139648438 0.135055541992187 0.0869522094726563
0.0435638427734375 0.230865478515625 0.0915679931640625 0.150497436523438
0.153549194335938 0.189544677734375 0.105941772460938 0.129051208496094
0.211380004882813 0.0306549072265625 0.138618469238281 0.049072265625
0.155532836914063 -0.0884552001953125 0.0966567993164063 -0.0126113891601563
0.04559326171875 -0.171157836914063 0.0413017272949219 -0.0485267639160156
-0.0381317138671875 -0.16278076171875 0.00139999389648437 -0.0208683013916016
-0.0435028076171875 -0.147232055664063 -0.0035552978515625 0.0215358734130859
-0.06414794921875 -0.167938232421875 0.0108146667480469 0.0512886047363281
-0.023284912109375 -0.173110961914062 -0.0217514038085938 0.0728073120117187
0.0751190185546875 -0.165740966796875 -0.0417861938476562 0.0770111083984375
0.1510009765625 -0.0995635986328125 -0.0710067749023437 0.0227737426757813
0.188507080078125 0.0706634521484375 -0.0701408386230469 -0.0313720703125
0.138763427734375 0.176589965820312 0.00566101074218751 -0.0357704162597656
0.0254364013671875 0.228866577148438 0.00931549072265626 0.0774307250976563
-0.0689849853515625 0.178970336914063 0.114334106445313 0.168960571289062
-0.0088653564453125 0.193130493164063 0.0807037353515625 0.2021484375
0.09478759765625 0.178543090820313 0.0855865478515625 0.142532348632813
0.170761108398438 0.0506744384765625 0.104423522949219 0.0780410766601563
0.138191223144531 -0.0609893798828125 0.0734176635742188 0.0297164916992188
0.0467681884765625 -0.144332885742187 0.0446052551269531 0.00654983520507812
-0.027374267578125 -0.140716552734375 0.027618408203125 0.0307464599609375
-0.0346908569335937 -0.13006591796875 0.0276298522949219 0.0623512268066406
-0.0526580810546875 -0.149917602539063 0.0385894775390625 0.09332275390625
-0.0174102783203125 -0.154708862304688 -0.00442504882812499 0.115821838378906
0.0725555419921875 -0.145416259765625 -0.0360031127929687 0.112014770507812
0.138999938964844 -0.0791854858398438 -0.0748214721679687 0.0479278564453125
0.158828735351563 0.0820465087890625 -0.0705795288085937 -0.0168838500976563
0.0910186767578125 0.169631958007813 0.0207691192626953 -0.00101089477539061
-0.0215301513671875 0.1910400390625 0.00451660156249999 0.147796630859375
-0.0928573608398438 0.0811538696289063 0.088470458984375 0.217178344726563
-0.052520751953125 0.118202209472656 0.065887451171875 0.22467041015625
0.02703857421875 0.127212524414063 0.0678863525390625 0.142990112304688
0.101974487304688 0.0530929565429688 0.0759735107421875 0.0923538208007813
0.0926055908203125 -0.0287322998046875 0.0542411804199219 0.0549774169921875
0.0364227294921875 -0.0949478149414062 0.0445404052734375 0.0471076965332031
-0.0142135620117187 -0.0961837768554688 0.0475921630859375 0.0709075927734375
-0.0207290649414062 -0.0916519165039063 0.0540542602539063 0.0931243896484375
-0.0341873168945313 -0.110328674316406 0.0610275268554688 0.128044128417969
-0.00865936279296874 -0.115531921386719 0.0084381103515625 0.152008056640625
0.062103271484375 -0.107902526855469 -0.0370712280273438 0.138839721679688
0.110603332519531 -0.0495071411132812 -0.0832443237304688 0.0671234130859375
0.111549377441406 0.0824050903320313 -0.0746612548828125 -0.00662994384765625
0.0339126586914062 0.140281677246094 0.0205135345458984 0.0308933258056641
-0.0659637451171875 0.127914428710938 -0.0147552490234375 0.201828002929688
0.0814971923828125 -0.02545166015625 0.00938415527343751 -0.233489990234375
0.00931549072265624 -0.0921401977539062 -0.01495361328125 -0.0576705932617188
-0.0558967590332031 -0.050048828125 0.0812606811523438 0.0107269287109375
-0.0645790100097656 0.0186805725097656 0.122688293457031 -0.08258056640625
-0.0313034057617187 0.0529975891113281 0.05816650390625 -0.160797119140625
0.00724792480468749 0.0624618530273437 -0.03643798828125 -0.182022094726563
0.01275634765625 0.0446243286132812 -0.09588623046875 -0.154495239257812
0.00514984130859375 0.046875 -0.0870742797851563 -0.110488891601563
-0.0035247802734375 0.0520477294921875 -0.0731277465820313 -0.0877227783203125
-0.0299415588378906 0.0316848754882813 -0.055877685546875 -0.0748748779296875
-0.045013427734375 -0.00457763671875001 -0.0625534057617187 -0.0710067749023438
-0.0208740234375 -0.0483474731445313 -0.0666732788085938 -0.101173400878906
0.0426521301269531 -0.0636520385742187 -0.0537261962890625 -0.157073974609375
0.094970703125 -0.0303573608398437 -0.069488525390625 -0.225997924804688
0.110557556152344 0.0227890014648438 -0.0617523193359375 -0.240829467773438
0.0985183715820313 0.0764236450195313 0.052215576171875 -0.23321533203125
0.0661163330078125 -0.0236778259277344 0.0117111206054687 -0.058502197265625
0.0232067108154297 -0.0228157043457031 0.0973434448242187 0.0170135498046875
0.00207233428955078 -0.0122041702270508 0.142532348632813 -0.0836944580078125
0.00218629837036133 -0.00230550765991211 0.07586669921875 -0.16546630859375
0.000583171844482422 -0.00603532791137695 -0.02978515625 -0.1942138671875
-0.0153017044067383 -0.017369270324707 -0.0989837646484375 -0.16143798828125
-0.0164518356323242 -0.0133590698242187 -0.0934295654296875 -0.10845947265625
-0.0247955322265625 -0.0170173645019531 -0.0775604248046875 -0.08624267578125
-0.0219039916992188 -0.0356712341308594 -0.0639114379882813 -0.0724945068359375
0.0037078857421875 -0.0545082092285156 -0.0638465881347656 -0.0614738464355469
0.0491523742675781 -0.0577316284179688 -0.066253662109375 -0.0899810791015625
0.103439331054688 -0.00521087646484375 -0.0599746704101563 -0.133468627929688
0.132888793945313 0.0562591552734375 -0.06658935546875 -0.19708251953125
0.116973876953125 0.120765686035156 -0.045928955078125 -0.211685180664062
0.0941162109375 0.173095703125 0.0940093994140625 -0.193954467773438
0.107887268066406 0.0635986328125 0.0442543029785156 -0.0336952209472656
0.104995727539063 0.02471923828125 0.11566162109375 0.0357284545898438
0.0814437866210938 -0.032135009765625 0.162460327148438 -0.069915771484375
0.0475959777832031 -0.0557022094726562 0.0957183837890625 -0.151992797851563
0.00122070312500001 -0.0767440795898438 -0.01275634765625 -0.188201904296875
-0.0376815795898438 -0.0785751342773438 -0.0874786376953125 -0.150604248046875
-0.0360260009765625 -0.0712432861328125 -0.0862350463867188 -0.0895233154296875
-0.0465240478515625 -0.0809249877929688 -0.0699195861816406 -0.0653152465820313
-0.0223159790039062 -0.0970458984375 -0.06640625 -0.0493354797363281
0.0370941162109375 -0.10565185546875 -0.0659255981445313 -0.0354423522949219
0.101226806640625 -0.0801315307617188 -0.0729293823242188 -0.0669708251953125
0.156982421875 0.026885986328125 -0.0707626342773437 -0.104385375976563
0.167755126953125 0.114990234375 -0.0602569580078125 -0.157363891601562
0.116256713867188 0.19384765625 -0.0315704345703125 -0.154754638671875
0.068023681640625 0.24578857421875 0.127708435058594 -0.118522644042969
0.122161865234375 0.152557373046875 0.0752182006835938 0.0160598754882813
0.1705322265625 0.0887908935546875 0.128959655761719 0.0664443969726563
0.160247802734375 -0.033111572265625 0.174896240234375 -0.039398193359375
0.0976715087890625 -0.095947265625 0.111358642578125 -0.118782043457031
0.0101394653320313 -0.137237548828125 0.00837707519531252 -0.159225463867188
-0.0512847900390625 -0.129302978515625 -0.06427001953125 -0.120399475097656
-0.0495758056640625 -0.117607116699219 -0.0671348571777344 -0.0580215454101563
-0.0664520263671875 -0.131820678710938 -0.0502433776855469 -0.0313034057617188
-0.0287933349609375 -0.144699096679688 -0.0592460632324219 -0.01165771484375
0.0554962158203125 -0.149215698242188 -0.0621490478515625 0.00205993652343749
0.133399963378906 -0.104698181152344 -0.0769271850585937 -0.0351791381835938
0.194503784179688 0.0408477783203125 -0.07794189453125 -0.0748977661132813
0.187759399414063 0.148223876953125 -0.044586181640625 -0.116424560546875
0.105621337890625 0.235794067382813 -0.0152359008789063 -0.0815048217773437
0.026397705078125 0.275741577148437 0.145065307617188 -0.0201568603515625
0.10302734375 0.217514038085937 0.0955581665039062 0.0833053588867188
0.195266723632813 0.151809692382813 0.12872314453125 0.101791381835938
0.213119506835938 -0.0118865966796875 0.169845581054688 0.0038299560546875
0.139671325683594 -0.111282348632813 0.113609313964844 -0.069244384765625
0.024017333984375 -0.173538208007813 0.0282669067382813 -0.1109619140625
-0.0551910400390625 -0.160873413085938 -0.033172607421875 -0.0752029418945313
-0.0563201904296875 -0.145187377929688 -0.0374488830566406 -0.0177345275878906
-0.07861328125 -0.161697387695313 -0.0211296081542969 0.0102367401123047
-0.0346832275390625 -0.172225952148437 -0.0417823791503906 0.0328369140625
0.0637969970703125 -0.174530029296875 -0.0517959594726562 0.0432891845703125
0.148101806640625 -0.11810302734375 -0.0768203735351562 -0.00212097167968751
0.208831787109375 0.050506591796875 -0.078857421875 -0.049957275390625
0.1832275390625 0.16680908203125 -0.0204315185546875 -0.0769424438476562
0.07977294921875 0.249191284179688 0.00147366523742676 -0.00171220302581786
-0.0207061767578125 0.256668090820313 0.14263916015625 0.0830078125
0.056121826171875 0.236328125 0.0995635986328125 0.152053833007813
0.169891357421875 0.189208984375 0.114921569824219 0.131675720214844
0.220199584960938 0.019256591796875 0.146438598632813 0.04644775390625
0.156051635742188 -0.0995330810546875 0.100318908691406 -0.0162429809570313
0.0355987548828125 -0.1788330078125 0.0406570434570313 -0.0517692565917969
-0.0496978759765625 -0.166244506835938 -0.000194549560546879 -0.0211582183837891
-0.0545196533203125 -0.150344848632812 -0.00272750854492188 0.0254840850830078
-0.0780487060546875 -0.169189453125 0.0124855041503906 0.0541343688964844
-0.0353851318359375 -0.1776123046875 -0.0199203491210938 0.0789871215820312
0.0668182373046875 -0.176666259765625 -0.0404586791992187 0.0830307006835937
0.14984130859375 -0.112640380859375 -0.075897216796875 0.0272064208984375
0.2000732421875 0.0636138916015625 -0.0769805908203125 -0.0311508178710937
0.153427124023438 0.1751708984375 0.00372314453125001 -0.0400428771972656
0.0386199951171875 0.237945556640625 0.0130844116210937 0.0782394409179688
-0.062713623046875 0.189910888671875 0.1256103515625 0.169952392578125
0.000381469726562509 0.20074462890625 0.0905914306640625 0.206253051757813
0.108428955078125 0.181381225585938 0.0942535400390625 0.147232055664063
0.179855346679688 0.042236328125 0.112449645996094 0.0786056518554688
0.139183044433594 -0.0701828002929688 0.0794830322265625 0.0288238525390625
0.0386962890625 -0.151992797851563 0.0465965270996094 0.00481033325195312
-0.038116455078125 -0.143890380859375 0.0303478240966797 0.0309906005859375
-0.0437393188476562 -0.132469177246094 0.0320396423339844 0.0648193359375
-0.0659027099609375 -0.151718139648438 0.0450363159179687 0.0956192016601562
-0.028106689453125 -0.158950805664063 0.000770568847656256 0.1219482421875
0.065155029296875 -0.15643310546875 -0.0328369140625 0.118133544921875
0.139152526855469 -0.0906295776367188 -0.0783233642578125 0.0533065795898438
0.169540405273437 0.0760498046875 -0.0754470825195312 -0.0156631469726562
0.103591918945313 0.170150756835938 0.0207862854003906 -0.00390624999999999
-0.01177978515625 0.200576782226563 0.0118408203125 0.151443481445313
-0.09161376953125 0.089080810546875 0.101699829101562 0.220535278320313
-0.0489959716796875 0.124275207519531 0.0772552490234375 0.23101806640625
0.0351791381835938 0.131118774414063 0.076019287109375 0.14776611328125
0.107421875 0.0470962524414063 0.0835113525390625 0.0946273803710938
0.0938491821289063 -0.0354690551757813 0.0608863830566406 0.0559425354003906
0.0314178466796875 -0.0994720458984375 0.0491409301757813 0.0467910766601563
-0.0211563110351562 -0.0986328125 0.054107666015625 0.0707626342773438
-0.0279693603515625 -0.0928878784179688 0.0611038208007813 0.0951385498046875
-0.0432662963867188 -0.11181640625 0.069976806640625 0.130149841308594
-0.0171051025390625 -0.118980407714844 0.0167694091796875 0.157943725585937
0.0557861328125 -0.115409851074219 -0.031494140625 0.145660400390625
0.111831665039062 -0.0584335327148437 -0.084991455078125 0.07391357421875
0.120010375976563 0.0792388916015625 -0.079437255859375 -0.004608154296875
0.04248046875 0.143280029296875 0.0228939056396484 0.0288333892822266
-0.0615921020507812 0.135955810546875 -0.00543212890625002 0.208206176757813
0.0814208984375 -0.02880859375 -0.00506591796874998 -0.237747192382813
0.00304412841796875 -0.093292236328125 -0.0196990966796875 -0.0561332702636719
-0.059600830078125 -0.0478515625 0.085693359375 0.00797271728515625
-0.0630760192871094 0.0226554870605469 0.122215270996094 -0.0904922485351563
-0.0278968811035156 0.0551834106445312 0.0497283935546875 -0.167266845703125
0.0115623474121094 0.0620384216308594 -0.046234130859375 -0.18310546875
0.015289306640625 0.0436935424804687 -0.106246948242188 -0.152175903320312
0.00922775268554687 0.0461845397949219 -0.094390869140625 -0.107513427734375
0.00160980224609376 0.0524024963378906 -0.0802459716796875 -0.0844573974609375
-0.0270786285400391 0.0337734222412109 -0.0622482299804687 -0.0734329223632813
-0.0445594787597656 -0.00126266479492187 -0.069244384765625 -0.0689620971679688
-0.0230789184570312 -0.0468788146972656 -0.074462890625 -0.101348876953125
0.0392189025878906 -0.06585693359375 -0.06219482421875 -0.160293579101563
0.094146728515625 -0.0355453491210938 -0.0819091796875 -0.228439331054688
0.113059997558594 0.0164947509765625 -0.0769195556640625 -0.242446899414063
0.104698181152344 0.0738449096679688 0.0377655029296875 -0.239715576171875
0.0639495849609375 -0.026580810546875 0.00696182250976562 -0.0589981079101563
0.0233039855957031 -0.0247611999511719 0.101783752441406 0.0137176513671875
0.00243186950683594 -0.0127906799316406 0.142486572265625 -0.092254638671875
0.00300407409667969 -0.0034329891204834 0.06890869140625 -0.17254638671875
0.000154972076416016 -0.00684928894042969 -0.0401153564453125 -0.19610595703125
-0.0173072814941406 -0.0173139572143555 -0.109451293945312 -0.157943725585938
-0.0168256759643555 -0.0130510330200195 -0.100631713867187 -0.103607177734375
-0.0254287719726563 -0.0159568786621094 -0.0846633911132812 -0.0815658569335938
-0.0239982604980469 -0.0344638824462891 -0.0701980590820312 -0.0692024230957031
0.00153732299804687 -0.0551872253417969 -0.0706253051757813 -0.0584945678710938
0.0472526550292969 -0.0613479614257813 -0.0739898681640625 -0.0898513793945313
0.104904174804688 -0.0100021362304688 -0.0678939819335937 -0.136207580566406
0.137748718261719 0.0494461059570312 -0.077728271484375 -0.200042724609375
0.125251770019531 0.116935729980469 -0.059326171875 -0.21484375
0.105850219726563 0.172836303710938 0.082611083984375 -0.202316284179688
0.110801696777344 0.0595626831054688 0.040863037109375 -0.03582763671875
0.109230041503906 0.0196304321289063 0.120704650878906 0.0325393676757813
0.0814590454101563 -0.037689208984375 0.163177490234375 -0.078521728515625
0.0457763671875 -0.0603179931640625 0.090606689453125 -0.159103393554688
-0.00391387939453125 -0.0784454345703125 -0.0233154296875 -0.190673828125
-0.0438690185546875 -0.078216552734375 -0.097686767578125 -0.146682739257813
-0.0396347045898437 -0.07061767578125 -0.0931243896484375 -0.0845260620117187
-0.05255126953125 -0.0799179077148438 -0.0759429931640625 -0.0612258911132813
-0.0283889770507812 -0.0965347290039062 -0.072113037109375 -0.0445709228515625
0.031829833984375 -0.109344482421875 -0.0713119506835938 -0.0317153930664063
0.098968505859375 -0.0866928100585937 -0.0799407958984375 -0.0651092529296875
0.161697387695313 0.0200042724609375 -0.0778732299804687 -0.105461120605469
0.176589965820312 0.107162475585938 -0.07012939453125 -0.16015625
0.128143310546875 0.191452026367188 -0.04241943359375 -0.157882690429687
0.082427978515625 0.24676513671875 0.12060546875 -0.128059387207031
0.130462646484375 0.1484375 0.0742263793945313 0.01348876953125
0.1793212890625 0.081573486328125 0.134788513183594 0.0636444091796875
0.160598754882813 -0.0432586669921875 0.1767578125 -0.04736328125
0.0939865112304688 -0.103179931640625 0.108291625976563 -0.125518798828125
0.00151824951171876 -0.139694213867188 7.62939453124977E-05 -0.162567138671875
-0.0612640380859375 -0.128753662109375 -0.0717849731445313 -0.117774963378906
-0.057861328125 -0.11614990234375 -0.070770263671875 -0.0525131225585937
-0.076263427734375 -0.129692077636719 -0.0538902282714844 -0.0273780822753906
-0.0383148193359375 -0.144378662109375 -0.062042236328125 -0.0069427490234375
0.0460662841796875 -0.155563354492188 -0.0652961730957031 0.00564956665039061
0.128952026367188 -0.114395141601563 -0.0833892822265625 -0.0320053100585938
0.200912475585937 0.031646728515625 -0.0840072631835938 -0.07501220703125
0.198745727539063 0.14013671875 -0.0522613525390625 -0.119216918945313
0.120315551757813 0.235183715820313 -0.021453857421875 -0.083465576171875
0.041717529296875 0.280517578125 0.1431884765625 -0.0294036865234375
0.114608764648438 0.215011596679688 0.09814453125 0.0794677734375
0.2086181640625 0.143936157226563 0.136016845703125 0.0997772216796875
0.215484619140625 -0.0250244140625 0.173812866210938 -0.0033721923828125
0.134796142578125 -0.121109008789063 0.113388061523438 -0.0755538940429688
0.0128631591796875 -0.177337646484375 0.0230636596679688 -0.114967346191406
-0.066680908203125 -0.159759521484375 -0.0380935668945313 -0.0728225708007813
-0.066192626953125 -0.143585205078125 -0.0391845703125 -0.0133781433105469
-0.091033935546875 -0.158950805664063 -0.0215492248535156 0.0129566192626953
-0.0471954345703125 -0.1722412109375 -0.0418357849121094 0.0379066467285156
0.052398681640625 -0.18194580078125 -0.0519866943359375 0.0474891662597656
0.142593383789063 -0.129074096679688 -0.0813827514648437 0.00173187255859374
0.216201782226563 0.0394287109375 -0.0843276977539062 -0.0490570068359375
0.196502685546875 0.158447265625 -0.0259933471679687 -0.0803375244140625
0.09466552734375 0.250808715820313 -0.000136375427246088 -0.00308966636657713
-0.00726318359374998 0.263168334960938 0.146987915039063 0.07666015625
0.0696258544921875 0.236801147460938 0.106643676757813 0.1495361328125
0.184585571289063 0.183670043945313 0.123443603515625 0.130264282226563
0.223800659179688 0.0061798095703125 0.15118408203125 0.041900634765625
0.152191162109375 -0.110397338867188 0.103218078613281 -0.0203781127929688
0.0243072509765625 -0.183258056640625 0.0385894775390625 -0.0549964904785156
-0.0617523193359375 -0.165420532226563 -0.00125503540039063 -0.0202693939208984
-0.0642242431640625 -0.149169921875 -0.00152969360351563 0.0280609130859375
-0.0919952392578125 -0.166519165039063 0.0151634216308594 0.055419921875
-0.04827880859375 -0.176834106445313 -0.0160903930664062 0.0829010009765625
0.0548858642578125 -0.1842041015625 -0.0372390747070313 0.0866165161132812
0.144683837890625 -0.123931884765625 -0.0788955688476562 0.0323638916015625
0.20794677734375 0.052459716796875 -0.0810089111328125 -0.0285873413085938
0.16632080078125 0.168792724609375 0.000915527343750009 -0.043548583984375
0.052642822265625 0.240875244140625 0.016632080078125 0.0770797729492188
-0.052337646484375 0.196243286132813 0.134963989257813 0.166122436523438
0.010833740234375 0.203094482421875 0.101791381835938 0.20513916015625
0.122314453125 0.178787231445313 0.10247802734375 0.147689819335938
0.184036254882813 0.0308685302734375 0.118980407714844 0.0755767822265625
0.135910034179688 -0.0802993774414063 0.0843887329101563 0.0260543823242188
0.0288543701171875 -0.155380249023438 0.0483474731445313 0.00178909301757812
-0.0479736328125 -0.14300537109375 0.0327320098876953 0.0306510925292969
-0.05340576171875 -0.130836486816406 0.0367012023925781 0.0661239624023437
-0.07806396484375 -0.148941040039063 0.0510711669921875 0.09515380859375
-0.03997802734375 -0.158645629882813 0.0081939697265625 0.125221252441406
0.0543670654296875 -0.163314819335938 -0.0275802612304687 0.12237548828125
0.135063171386719 -0.101112365722656 -0.078460693359375 0.059326171875
0.176284790039062 0.067291259765625 -0.079498291015625 -0.0126113891601562
0.115280151367188 0.165786743164063 0.0200023651123047 -0.00717544555664061
-0.0010833740234375 0.20501708984375 0.0203399658203125 0.1524658203125
-0.0870819091796875 0.0953903198242188 0.114151000976563 0.219451904296875
-0.0421295166015625 0.128273010253906 0.089599609375 0.232635498046875
0.0445480346679687 0.131240844726563 0.0837554931640625 0.148345947265625
0.11163330078125 0.04083251953125 0.0909194946289062 0.0935134887695312
0.0915298461914063 -0.0416107177734375 0.0667190551757813 0.0546836853027344
0.0245285034179688 -0.102088928222656 0.0532951354980469 0.0451316833496094
-0.027923583984375 -0.0978164672851563 0.0594024658203125 0.0695571899414063
-0.03399658203125 -0.0928497314453125 0.0676498413085938 0.0947036743164063
-0.0525588989257812 -0.109977722167969 0.0788955688476563 0.128173828125
-0.025634765625 -0.118789672851563 0.0260467529296875 0.161056518554687
0.0483169555664062 -0.121192932128906 -0.0243377685546875 0.150726318359375
0.109642028808594 -0.066619873046875 -0.0840072631835938 0.0804519653320313
0.126548767089844 0.0728607177734375 -0.0825119018554688 -0.00106048583984374
0.0511474609375 0.141754150390625 0.0255241394042969 0.0261821746826172
-0.0535736083984375 0.142120361328125 0.00709533691406247 0.210311889648437
0.0809478759765625 -0.030731201171875 -0.016143798828125 -0.23712158203125
-0.00217437744140625 -0.0917282104492188 -0.0229301452636719 -0.0537681579589844
-0.0614509582519531 -0.04522705078125 0.0886001586914063 0.00591278076171875
-0.0610275268554688 0.0247535705566406 0.120826721191406 -0.095458984375
-0.02459716796875 0.0563011169433594 0.045135498046875 -0.169586181640625
0.01483154296875 0.0607833862304688 -0.0531005859375 -0.182159423828125
0.0177383422851562 0.0427284240722656 -0.113052368164062 -0.14794921875
0.0122222900390625 0.0451698303222656 -0.0986404418945312 -0.103797912597656
0.00531387329101563 0.0511512756347656 -0.0848007202148437 -0.0810089111328125
-0.0244293212890625 0.0348587036132812 -0.0662612915039063 -0.0707168579101562
-0.0427169799804688 0.00124359130859376 -0.0732803344726563 -0.065948486328125
-0.0247535705566406 -0.0459442138671875 -0.0795822143554688 -0.100936889648438
0.0364418029785156 -0.0663490295410156 -0.0672149658203125 -0.1612548828125
0.0920639038085938 -0.038909912109375 -0.0897216796875 -0.227767944335938
0.113273620605469 0.0117263793945313 -0.0863494873046875 -0.24267578125
0.108123779296875 0.0710601806640625 0.0256500244140625 -0.240936279296875
0.0612449645996094 -0.0279884338378906 0.00263595581054687 -0.058502197265625
0.0223884582519531 -0.0255565643310547 0.104583740234375 0.011932373046875
0.00262260437011719 -0.0128879547119141 0.140090942382813 -0.0972976684570313
0.00346612930297852 -0.00321602821350098 0.0631103515625 -0.175079345703125
-0.000843048095703125 -0.00736093521118164 -0.0473785400390625 -0.194717407226563
-0.0180587768554688 -0.0173473358154297 -0.1168212890625 -0.153274536132813
-0.0164833068847656 -0.0138339996337891 -0.104705810546875 -0.0990982055664063
-0.0251274108886719 -0.0160083770751953 -0.0879745483398438 -0.077239990234375
-0.0249042510986328 -0.0340061187744141 -0.0741806030273438 -0.0652923583984375
-9.53674316406233E-05 -0.0546760559082031 -0.074676513671875 -0.05615234375
0.0453720092773438 -0.062744140625 -0.0800552368164063 -0.088531494140625
0.104110717773437 -0.01275634765625 -0.0719528198242188 -0.137771606445313
0.139106750488281 0.0448226928710937 -0.085235595703125 -0.200515747070313
0.12921142578125 0.1126708984375 -0.0682525634765625 -0.2144775390625
0.112625122070312 0.170394897460938 0.07183837890625 -0.2061767578125
0.110954284667969 0.0561141967773438 0.037200927734375 -0.0365104675292969
0.111152648925781 0.0155105590820313 0.124237060546875 0.0303802490234375
0.0804824829101563 -0.0415878295898438 0.161285400390625 -0.08380126953125
0.0439338684082031 -0.0618324279785156 0.0861053466796875 -0.162872314453125
-0.00823974609375 -0.0784149169921875 -0.0301513671875 -0.1900634765625
-0.048248291015625 -0.0774612426757813 -0.103378295898438 -0.142547607421875
-0.0423583984375 -0.0698127746582031 -0.095550537109375 -0.0791702270507812
-0.0559616088867188 -0.07757568359375 -0.0788803100585938 -0.0568771362304688
-0.0326156616210938 -0.0952301025390625 -0.074432373046875 -0.0407791137695313
0.02685546875 -0.111213684082031 -0.0749740600585938 -0.028564453125
0.0954971313476563 -0.0911331176757813 -0.0855636596679688 -0.0633163452148437
0.163650512695313 0.0151519775390625 -0.0824508666992187 -0.106971740722656
0.180923461914063 0.100357055664063 -0.0769195556640625 -0.161880493164063
0.1358642578125 0.187530517578125 -0.0493621826171875 -0.157867431640625
0.0918426513671875 0.245986938476563 0.113288879394531 -0.133155822753906
0.134140014648438 0.144134521484375 0.0717697143554688 0.0107803344726563
0.184219360351563 0.0748138427734375 0.138160705566406 0.0616073608398438
0.159011840820313 -0.0501556396484375 0.176010131835938 -0.0529327392578125
0.0903472900390625 -0.107376098632812 0.1051025390625 -0.129348754882813
-0.00595855712890625 -0.139236450195313 -0.0059814453125 -0.162796020507813
-0.0677566528320313 -0.126419067382813 -0.0768966674804687 -0.113899230957031
-0.0618133544921875 -0.11468505859375 -0.0724411010742187 -0.04779052734375
-0.0826416015625 -0.125236511230469 -0.0562667846679688 -0.0234222412109375
-0.045166015625 -0.1422119140625 -0.0632705688476562 -0.00266265869140626
0.0386505126953125 -0.157424926757812 -0.0675697326660156 0.00927734374999998
0.124496459960938 -0.120498657226563 -0.0880813598632812 -0.02996826171875
0.203567504882813 0.0244598388671875 -0.0885086059570312 -0.0752639770507813
0.205673217773437 0.132110595703125 -0.0586395263671875 -0.120613098144531
0.129547119140625 0.232589721679688 -0.0259323120117187 -0.0844879150390625
0.0521392822265625 0.2808837890625 0.139602661132813 -0.0350875854492187
0.121185302734375 0.210922241210938 0.0978240966796875 0.0768661499023438
0.215286254882813 0.13690185546875 0.139968872070313 0.097900390625
0.214889526367188 -0.0342254638671875 0.17431640625 -0.008087158203125
0.130050659179688 -0.126480102539063 0.112594604492188 -0.0791702270507813
0.00431823730468749 -0.177474975585938 0.018798828125 -0.115478515625
-0.074798583984375 -0.15704345703125 -0.0412521362304688 -0.0710296630859375
-0.072235107421875 -0.1412353515625 -0.0393905639648438 -0.00898742675781252
-0.099609375 -0.15435791015625 -0.0221405029296875 0.0151805877685547
-0.0557708740234375 -0.169601440429688 -0.0410308837890625 0.0411643981933594
0.0426177978515625 -0.1844482421875 -0.0522346496582031 0.0504646301269531
0.137062072753906 -0.13525390625 -0.08453369140625 0.00493621826171876
0.219375610351563 0.03118896484375 -0.0874862670898437 -0.0473175048828125
0.202835083007812 0.150497436523437 -0.0304031372070312 -0.0814208984375
0.104415893554687 0.249191284179687 -0.00160026550292968 -0.00451374053955077
0.00329589843749998 0.264602661132813 0.147018432617187 0.0711669921875
0.0762786865234375 0.23443603515625 0.109512329101562 0.146011352539063
0.193527221679688 0.177581787109375 0.127853393554688 0.128814697265625
0.22369384765625 -0.0034637451171875 0.152816772460938 0.0384368896484375
0.147384643554688 -0.116867065429688 0.104011535644531 -0.023345947265625
0.015411376953125 -0.1832275390625 0.0366973876953125 -0.0562553405761719
-0.0704345703125 -0.162490844726563 -0.00183296203613282 -0.0197830200195313
-0.070892333984375 -0.146392822265625 -0.000223159790039069 0.0308551788330078
-0.10150146484375 -0.160476684570312 0.0167427062988281 0.0557327270507812
-0.0576629638671875 -0.174087524414063 -0.0130996704101563 0.0851669311523438
0.04449462890625 -0.187255859375 -0.035980224609375 0.089141845703125
0.138710021972656 -0.130889892578125 -0.0796356201171875 0.03631591796875
0.211044311523437 0.043670654296875 -0.0842514038085937 -0.0268402099609375
0.173721313476563 0.161453247070313 -0.00180053710937499 -0.0460205078125
0.0622711181640625 0.24139404296875 0.0182266235351563 0.0757675170898438
-0.0435638427734375 0.199066162109375 0.139495849609375 0.160980224609375
0.0183258056640625 0.203628540039063 0.107437133789062 0.202835083007813
0.13177490234375 0.17413330078125 0.10693359375 0.146194458007813
0.185272216796875 0.022979736328125 0.1219482421875 0.0738754272460937
0.131858825683594 -0.0856704711914063 0.0866851806640625 0.0242462158203125
0.0206298828125 -0.156021118164063 0.0487098693847656 0.00023651123046874
-0.0551910400390625 -0.141006469726563 0.0341091156005859 0.0302906036376953
-0.0590286254882813 -0.128456115722656 0.0390968322753906 0.0660285949707031
-0.087066650390625 -0.143707275390625 0.0541839599609375 0.0938186645507812
-0.0485687255859375 -0.155853271484375 0.0130996704101563 0.126380920410156
0.0453643798828125 -0.165878295898438 -0.0229568481445313 0.12384033203125
0.129928588867188 -0.107986450195313 -0.078338623046875 0.0632095336914063
0.180587768554687 0.0593719482421875 -0.08172607421875 -0.010772705078125
0.122421264648438 0.160568237304688 0.0189914703369141 -0.0101547241210937
0.00764465332031249 0.206085205078125 0.025421142578125 0.14996337890625
-0.0828018188476563 0.099151611328125 0.12127685546875 0.216094970703125
-0.0372085571289063 0.130455017089844 0.097900390625 0.231048583984375
0.051055908203125 0.13018798828125 0.0884246826171875 0.146987915039062
0.112701416015625 0.0349502563476563 0.0947113037109375 0.09326171875
0.0887451171875 -0.04522705078125 0.0697402954101563 0.0528335571289063
0.0183486938476563 -0.102378845214844 0.0559921264648437 0.043243408203125
-0.03271484375 -0.0961380004882813 0.0626869201660156 0.0676689147949219
-0.0389785766601563 -0.09051513671875 0.0712738037109375 0.0927047729492188
-0.0589981079101563 -0.105598449707031 0.0837860107421875 0.125656127929688
-0.0321502685546875 -0.116889953613281 0.0327301025390625 0.160476684570313
0.0413665771484375 -0.123207092285156 -0.01898193359375 0.152130126953125
0.105148315429688 -0.0717010498046875 -0.0825576782226562 0.0840606689453125
0.129379272460938 0.0671234130859375 -0.0836257934570312 0.0014495849609375
0.0569686889648438 0.139007568359375 0.0261287689208984 0.0230827331542969
-0.0482940673828125 0.1446533203125 0.01556396484375 0.20928955078125
0.08154296875 -0.0319976806640625 -0.0219268798828125 -0.237197875976562
-0.00436401367187499 -0.0908660888671875 -0.0255661010742187 -0.0518684387207031
-0.062652587890625 -0.0442237854003906 0.091461181640625 0.00588226318359375
-0.0596351623535156 0.0256462097167969 0.121665954589844 -0.098236083984375
-0.0231246948242187 0.0560569763183594 0.0418701171875 -0.171585083007813
0.0163612365722656 0.0599632263183594 -0.05584716796875 -0.182052612304688
0.0187339782714844 0.0414886474609375 -0.11663818359375 -0.14697265625
0.0141487121582031 0.0437889099121094 -0.102043151855469 -0.102577209472656
0.00835800170898438 0.049957275390625 -0.0865859985351563 -0.0796661376953125
-0.0225563049316406 0.0359611511230469 -0.0689926147460938 -0.0704498291015625
-0.0416717529296875 0.00220489501953126 -0.0759811401367187 -0.0653152465820313
-0.0248184204101562 -0.0457229614257812 -0.082855224609375 -0.101936340332031
0.0348396301269531 -0.0665435791015625 -0.06951904296875 -0.164871215820313
0.0908279418945313 -0.0404434204101563 -0.092742919921875 -0.230072021484375
0.113800048828125 0.00980377197265625 -0.09033203125 -0.244491577148437
0.111152648925781 0.0710830688476562 0.019378662109375 -0.242477416992188
0.0602073669433594 -0.0277481079101563 -0.000976562499999991 -0.057281494140625
0.0226726531982422 -0.0257339477539062 0.1075439453125 0.0117874145507812
0.00316047668457031 -0.0134048461914063 0.14056396484375 -0.100372314453125
0.00446176528930664 -0.00398111343383789 0.0609588623046875 -0.17779541015625
-0.00132083892822266 -0.00786399841308594 -0.0502471923828125 -0.195449829101562
-0.0197029113769531 -0.0174999237060547 -0.12042236328125 -0.152130126953125
-0.0165023803710938 -0.0148897171020508 -0.106819152832031 -0.0971832275390625
-0.0249309539794922 -0.01593017578125 -0.0908432006835938 -0.07537841796875
-0.0248088836669922 -0.0327053070068359 -0.0768890380859375 -0.0640182495117188
-0.000236511230468749 -0.0548553466796875 -0.078094482421875 -0.054290771484375
0.04498291015625 -0.063385009765625 -0.084014892578125 -0.0901565551757813
0.105377197265625 -0.0133209228515625 -0.0747528076171875 -0.141265869140625
0.140090942382813 0.0424880981445313 -0.0889129638671875 -0.204147338867188
0.131492614746094 0.11175537109375 -0.0721282958984375 -0.216567993164063
0.116531372070312 0.170730590820312 0.06634521484375 -0.208694458007813
0.110389709472656 0.0561065673828125 0.0337638854980469 -0.03643798828125
0.112907409667969 0.0139999389648437 0.126693725585938 0.0306777954101563
0.0806350708007813 -0.0431594848632813 0.162765502929688 -0.085693359375
0.0438117980957031 -0.0632743835449219 0.085052490234375 -0.165145874023438
-0.0101699829101563 -0.0783538818359375 -0.033203125 -0.191070556640625
-0.051025390625 -0.0770721435546875 -0.107192993164062 -0.140869140625
-0.0435409545898438 -0.0703659057617188 -0.096221923828125 -0.0767135620117187
-0.0579833984375 -0.076934814453125 -0.0806884765625 -0.0540695190429688
-0.034759521484375 -0.0945816040039063 -0.0770263671875 -0.0380477905273437
0.0250091552734375 -0.111541748046875 -0.0778579711914063 -0.0267486572265625
0.0949630737304688 -0.0931930541992188 -0.0897979736328125 -0.063751220703125
0.166122436523438 0.0131683349609375 -0.0849380493164062 -0.109886169433594
0.1837158203125 0.09844970703125 -0.08056640625 -0.165390014648438
0.140121459960938 0.188232421875 -0.0524139404296875 -0.159744262695313
0.096893310546875 0.247634887695313 0.108200073242187 -0.13580322265625
0.135177612304688 0.143936157226563 0.0692939758300782 0.0107307434082031
0.187728881835937 0.0726776123046875 0.14129638671875 0.0622711181640625
0.159713745117188 -0.0534210205078125 0.177780151367188 -0.0546875
0.0896453857421875 -0.108970642089844 0.105972290039063 -0.131439208984375
-0.00875854492187499 -0.140052795410156 -0.00869750976562501 -0.164215087890625
-0.071868896484375 -0.126014709472656 -0.0799484252929687 -0.112236022949219
-0.0646209716796875 -0.11492919921875 -0.0726699829101562 -0.0445785522460938
-0.0868911743164063 -0.123641967773438 -0.0572624206542969 -0.0214920043945313
-0.0491180419921875 -0.141448974609375 -0.0649452209472656 3.05175781249778E-05
0.0354766845703125 -0.159103393554688 -0.0695571899414062 0.0109291076660156
0.123252868652344 -0.123703002929688 -0.0914840698242187 -0.0290145874023438
0.2066650390625 0.0216827392578125 -0.090789794921875 -0.0767822265625
0.209457397460938 0.129714965820313 -0.061279296875 -0.123970031738281
0.13433837890625 0.233627319335937 -0.0287704467773437 -0.0861740112304687
0.056915283203125 0.283111572265625 0.136817932128906 -0.03753662109375
0.12298583984375 0.211578369140625 0.0970840454101563 0.0772247314453125
0.22088623046875 0.135208129882813 0.142227172851562 0.0990753173828125
0.214599609375 -0.038238525390625 0.175888061523437 -0.008636474609375
0.129348754882813 -0.129043579101563 0.113800048828125 -0.080322265625
0.000122070312499984 -0.178115844726562 0.0167617797851562 -0.117073059082031
-0.080108642578125 -0.1563720703125 -0.0430984497070312 -0.0693016052246094
-0.075225830078125 -0.14129638671875 -0.0384025573730469 -0.00605010986328126
-0.104812622070313 -0.1514892578125 -0.0224876403808594 0.0175533294677734
-0.0602569580078125 -0.167892456054688 -0.0411033630371094 0.0441169738769531
0.0374908447265625 -0.186553955078125 -0.0533981323242188 0.0524711608886718
0.135162353515625 -0.139625549316406 -0.0867919921875 0.00641632080078125
0.22308349609375 0.027801513671875 -0.09063720703125 -0.04913330078125
0.207992553710938 0.14788818359375 -0.0334701538085937 -0.0850830078125
0.10992431640625 0.250869750976563 -0.00268125534057616 -0.00568151473999022
0.00738525390625 0.267440795898438 0.147109985351562 0.0692596435546875
0.07916259765625 0.234771728515625 0.109954833984375 0.145965576171875
0.200836181640625 0.175552368164063 0.129554748535156 0.130699157714844
0.224685668945313 -0.007568359375 0.154647827148438 0.0382080078125
0.1466064453125 -0.11944580078125 0.106407165527344 -0.0240554809570313
0.0105133056640625 -0.183502197265625 0.036529541015625 -0.0577812194824219
-0.07513427734375 -0.161575317382812 -0.00229263305664063 -0.0182666778564453
-0.0746002197265625 -0.145950317382812 0.00209617614746093 0.0332317352294922
-0.106918334960938 -0.157913208007813 0.0173683166503906 0.0572471618652344
-0.0629730224609375 -0.172805786132813 -0.01190185546875 0.0880813598632813
0.0387725830078125 -0.189453125 -0.035614013671875 0.0906143188476562
0.136337280273438 -0.134445190429688 -0.0814056396484375 0.0380859375
0.214706420898438 0.0400390625 -0.0863189697265625 -0.027374267578125
0.17840576171875 0.158920288085938 -0.00422668457031249 -0.0486335754394531
0.0673675537109375 0.243072509765625 0.0190505981445312 0.074737548828125
-0.040740966796875 0.20135498046875 0.141525268554688 0.160293579101562
0.02069091796875 0.204254150390625 0.109756469726563 0.203262329101563
0.137741088867188 0.173614501953125 0.108535766601563 0.148208618164063
0.18548583984375 0.018768310546875 0.124214172363281 0.0747222900390625
0.13092041015625 -0.0883026123046875 0.0893630981445313 0.0240707397460937
0.0167694091796875 -0.15594482421875 0.0495376586914062 -0.00018310546875001
-0.0591583251953125 -0.14044189453125 0.0353622436523437 0.0301437377929687
-0.0626220703125 -0.128379821777344 0.0413169860839844 0.0680084228515625
-0.0914764404296875 -0.141342163085938 0.0560150146484375 0.0943222045898437
-0.0536956787109375 -0.154647827148438 0.0153274536132812 0.128364562988281
0.0401763916015625 -0.167816162109375 -0.0217514038085938 0.124740600585938
0.127647399902344 -0.111671447753906 -0.0789108276367187 0.0652008056640625
0.1832275390625 0.0555877685546875 -0.0837326049804687 -0.00978851318359374
0.125961303710937 0.158599853515625 0.0180377960205078 -0.0127582550048828
0.0119476318359375 0.208572387695312 0.0279541015625 0.149429321289062
-0.0802383422851563 0.10052490234375 0.125045776367188 0.21673583984375
-0.035430908203125 0.131134033203125 0.1009521484375 0.23236083984375
0.0554885864257812 0.130104064941406 0.0911102294921875 0.149383544921875
0.113258361816406 0.0319061279296875 0.096710205078125 0.0941543579101563
0.0876083374023438 -0.0468292236328125 0.0732269287109375 0.0538177490234375
0.016204833984375 -0.101661682128906 0.0575942993164063 0.0417633056640625
-0.0354843139648438 -0.095733642578125 0.0646934509277344 0.0671958923339844
-0.0405807495117187 -0.09027099609375 0.073974609375 0.0928268432617187
-0.0628128051757812 -0.103630065917969 0.0860595703125 0.124656677246094
-0.0359954833984375 -0.115684509277344 0.0360107421875 0.161422729492188
0.0375137329101563 -0.125 -0.0168609619140625 0.153274536132813
0.104011535644531 -0.0748291015625 -0.082977294921875 0.0862503051757813
0.131927490234375 0.0644760131835937 -0.0862350463867187 0.00212860107421874
0.0592422485351563 0.138435363769531 0.0264930725097656 0.0213375091552734
-0.04608154296875 0.146652221679688 0.018585205078125 0.208786010742187
0.0851058959960938 -0.0330657958984375 -0.0247650146484375 -0.242507934570313
-0.00622558593750001 -0.0920181274414063 -0.0279998779296875 -0.0509567260742188
-0.0655174255371094 -0.0450820922851562 0.0961837768554688 0.00637054443359375
-0.060546875 0.026702880859375 0.125831604003906 -0.102439880371094
-0.0228729248046875 0.056976318359375 0.04296875 -0.177200317382813
0.0174751281738281 0.0609703063964844 -0.057525634765625 -0.188140869140625
0.0192604064941406 0.0419807434082031 -0.121688842773438 -0.150253295898438
0.0157203674316406 0.0436973571777344 -0.1053466796875 -0.105941772460937
0.0100975036621094 0.050079345703125 -0.0895538330078125 -0.0812225341796875
-0.0217666625976563 0.0369987487792969 -0.0718841552734375 -0.0718460083007813
-0.0417060852050781 0.0025634765625 -0.079803466796875 -0.0674819946289062
-0.0258102416992188 -0.0463142395019531 -0.08673095703125 -0.106735229492187
0.0357170104980469 -0.0675811767578125 -0.0724029541015625 -0.17340087890625
0.0920791625976563 -0.0415802001953125 -0.09600830078125 -0.239242553710938
0.117256164550781 0.00949859619140625 -0.0935211181640625 -0.253616333007813
0.115898132324219 0.0735092163085938 0.0168304443359375 -0.24920654296875
0.0603828430175781 -0.0268020629882813 -0.00352478027343749 -0.0568695068359375
0.0236110687255859 -0.0267353057861328 0.112319946289063 0.0128631591796875
0.00352001190185547 -0.0142955780029297 0.146041870117188 -0.10333251953125
0.00523233413696289 -0.00475358963012695 0.0633544921875 -0.183380126953125
-0.00152254104614258 -0.00825881958007813 -0.0524139404296875 -0.201141357421875
-0.0208263397216797 -0.0184955596923828 -0.125167846679688 -0.155075073242188
-0.0166139602661133 -0.0163106918334961 -0.109718322753906 -0.0998916625976562
-0.0246543884277344 -0.0173854827880859 -0.0939254760742187 -0.0767440795898438
-0.0247554779052734 -0.0329742431640625 -0.0801162719726563 -0.0651931762695313
-0.000102996826171872 -0.0564460754394531 -0.08221435546875 -0.0558319091796875
0.0465812683105469 -0.0658912658691406 -0.08880615234375 -0.0943450927734375
0.109146118164063 -0.0130233764648438 -0.077789306640625 -0.14874267578125
0.144256591796875 0.04327392578125 -0.092559814453125 -0.212646484375
0.135787963867188 0.114814758300781 -0.07537841796875 -0.225387573242188
0.121307373046875 0.177032470703125 0.0648651123046875 -0.214553833007813
0.11279296875 0.0589523315429688 0.0316009521484375 -0.0359611511230469
0.117279052734375 0.0136260986328125 0.13214111328125 0.0334320068359375
0.0835342407226562 -0.0452880859375 0.168487548828125 -0.0883636474609375
0.0454254150390625 -0.0661087036132813 0.0883636474609375 -0.170761108398438
-0.011627197265625 -0.0806884765625 -0.03460693359375 -0.196746826171875
-0.054229736328125 -0.0792388916015625 -0.11181640625 -0.1436767578125
-0.0456695556640625 -0.0731658935546875 -0.09906005859375 -0.077117919921875
-0.0605392456054688 -0.0790176391601563 -0.0839157104492188 -0.0536575317382813
-0.0360488891601562 -0.0965499877929688 -0.0803985595703125 -0.0377883911132813
0.0247879028320312 -0.114799499511719 -0.0822219848632813 -0.0266952514648438
0.0980911254882813 -0.096435546875 -0.0949630737304688 -0.0665740966796875
0.1728515625 0.013397216796875 -0.0889358520507812 -0.116943359375
0.189712524414063 0.100494384765625 -0.0848236083984375 -0.173004150390625
0.144683837890625 0.194351196289063 -0.05560302734375 -0.166412353515625
0.100860595703125 0.256332397460938 0.108711242675781 -0.140159606933594
0.13763427734375 0.149703979492188 0.0684547424316406 0.0120162963867188
0.195343017578125 0.0741729736328125 0.146026611328125 0.066070556640625
0.16424560546875 -0.055328369140625 0.184158325195312 -0.0544281005859375
0.092987060546875 -0.112625122070313 0.110237121582031 -0.135673522949219
-0.0105133056640625 -0.143539428710938 -0.00878906250000001 -0.169158935546875
-0.0762557983398437 -0.129241943359375 -0.0828933715820313 -0.113372802734375
-0.0674896240234375 -0.1187744140625 -0.0737228393554688 -0.0438690185546875
-0.09100341796875 -0.126487731933594 -0.0595893859863281 -0.0199928283691406
-0.05224609375 -0.144393920898438 -0.0670547485351563 0.00217437744140623
0.03411865234375 -0.164337158203125 -0.0739593505859375 0.012969970703125
0.126487731933594 -0.12835693359375 -0.0963897705078125 -0.0306472778320312
0.21514892578125 0.0220794677734375 -0.0948715209960937 -0.0828399658203125
0.21636962890625 0.131973266601563 -0.0650558471679687 -0.130348205566406
0.139923095703125 0.24169921875 -0.030364990234375 -0.0901412963867187
0.060394287109375 0.29296875 0.13836669921875 -0.0387039184570312
0.125686645507813 0.218551635742188 0.0974960327148438 0.0797958374023438
0.230667114257813 0.139053344726563 0.146530151367188 0.105072021484375
0.221176147460938 -0.040863037109375 0.181869506835937 -0.00677490234375
0.133674621582031 -0.133102416992188 0.119705200195313 -0.082611083984375
-0.000946044921875013 -0.182464599609375 0.0177078247070312 -0.120552062988281
-0.084869384765625 -0.15997314453125 -0.0445518493652344 -0.069976806640625
-0.0787811279296875 -0.1453857421875 -0.038360595703125 -0.00448989868164063
-0.109573364257813 -0.154052734375 -0.0241184234619141 0.0197334289550781
-0.064849853515625 -0.171463012695313 -0.0425148010253906 0.0474319458007812
0.0356903076171875 -0.192550659179688 -0.0566635131835937 0.0548362731933594
0.137863159179688 -0.145614624023438 -0.0917892456054687 0.0068359375
0.231658935546875 0.0273895263671875 -0.0947189331054687 -0.0525588989257813
0.21490478515625 0.150665283203125 -0.0360336303710937 -0.09033203125
0.115020751953125 0.260116577148438 -0.00322914123535156 -0.00725746154785155
0.00958251953125002 0.27532958984375 0.149154663085938 0.0709381103515625
0.0805206298828125 0.242965698242188 0.111175537109375 0.15142822265625
0.210052490234375 0.1806640625 0.133399963378906 0.137916564941406
0.23150634765625 -0.0096435546875 0.160797119140625 0.0410003662109375
0.150985717773437 -0.123870849609375 0.112495422363281 -0.0240249633789063
0.00907897949218751 -0.187881469726562 0.0378646850585938 -0.0601234436035156
-0.0797882080078125 -0.165008544921875 -0.00258636474609375 -0.0183792114257813
-0.078643798828125 -0.149826049804688 0.00361251831054687 0.0361785888671875
-0.112747192382812 -0.16033935546875 0.0176925659179687 0.0599479675292969
-0.0675811767578125 -0.176055908203125 -0.0118179321289063 0.092132568359375
0.0366363525390625 -0.195648193359375 -0.0369873046875 0.094085693359375
0.139007568359375 -0.140350341796875 -0.085174560546875 0.0399703979492187
0.222885131835938 0.0396270751953125 -0.0907516479492187 -0.0292892456054688
0.184951782226563 0.16217041015625 -0.00568771362304686 -0.0522651672363281
0.071014404296875 0.251922607421875 0.0186996459960938 0.0764923095703125
-0.040802001953125 0.2076416015625 0.14398193359375 0.165176391601562
0.02154541015625 0.210647583007813 0.111892700195312 0.209304809570312
0.144699096679688 0.1783447265625 0.111679077148438 0.154861450195313
0.191818237304688 0.0174102783203125 0.128517150878906 0.079437255859375
0.134628295898437 -0.0918426513671875 0.09442138671875 0.0256729125976562
0.01531982421875 -0.1593017578125 0.0519638061523438 -0.00112533569335938
-0.063201904296875 -0.143051147460938 0.0370635986328125 0.0312728881835937
-0.0652389526367187 -0.131820678710938 0.0443572998046875 0.0715103149414063
-0.0969696044921875 -0.142776489257813 0.0579071044921875 0.097381591796875
-0.058074951171875 -0.157684326171875 0.0163650512695312 0.132675170898438
0.0377960205078125 -0.172561645507813 -0.0223159790039063 0.128890991210938
0.129264831542969 -0.116539001464844 -0.082305908203125 0.0676956176757813
0.190261840820313 0.0560150146484375 -0.087554931640625 -0.0109024047851563
0.131103515625 0.161880493164063 0.018524169921875 -0.0150794982910156
0.014190673828125 0.215835571289063 0.02899169921875 0.152816772460938
-0.0822219848632812 0.103988647460938 0.128204345703125 0.222946166992187
-0.0362548828125 0.135757446289062 0.1041259765625 0.239898681640625
0.0596542358398437 0.133285522460938 0.0926513671875 0.156036376953125
0.116950988769531 0.0313873291015625 0.100868225097656 0.0995864868164063
0.0897064208984375 -0.04852294921875 0.0772552490234375 0.056060791015625
0.0152511596679688 -0.10443115234375 0.0608062744140625 0.0433883666992187
-0.0381698608398437 -0.0974044799804687 0.0684700012207031 0.0687446594238281
-0.0430068969726562 -0.092315673828125 0.0776138305664063 0.096527099609375
-0.0661163330078125 -0.104522705078125 0.0895919799804688 0.128684997558594
-0.0392608642578125 -0.118049621582031 0.037750244140625 0.166900634765625
0.0366058349609375 -0.128684997558594 -0.015960693359375 0.15771484375
0.106307983398437 -0.07818603515625 -0.0854415893554687 0.0896530151367188
0.136734008789062 0.065460205078125 -0.089599609375 0.00219726562500002
0.061859130859375 0.141830444335938 0.0276679992675781 0.0195503234863281
-0.0460052490234375 0.151779174804688 0.0202789306640625 0.21331787109375
0.090301513671875 -0.0366058349609375 -0.030853271484375 -0.254623413085938
-0.00826263427734374 -0.095184326171875 -0.0322647094726563 -0.0503158569335938
-0.07080078125 -0.0460281372070313 0.104110717773438 0.0061492919921875
-0.0625419616699219 0.0283317565917969 0.132034301757813 -0.110893249511719
-0.0222320556640625 0.0598678588867187 0.042083740234375 -0.18798828125
0.0202522277832031 0.0641746520996094 -0.0634918212890625 -0.197845458984375
0.0217475891113281 0.043975830078125 -0.1312255859375 -0.15771484375
0.0184059143066406 0.0442581176757813 -0.11273193359375 -0.110313415527344
0.0127029418945312 0.0510787963867188 -0.0966110229492188 -0.0840606689453125
-0.0206413269042969 0.0394439697265625 -0.0775985717773438 -0.074676513671875
-0.042327880859375 0.00386428833007813 -0.0859451293945312 -0.0701828002929688
-0.0279655456542969 -0.0482673645019531 -0.0949172973632813 -0.113349914550781
0.0358428955078125 -0.0718612670898438 -0.0791168212890625 -0.18560791015625
0.0954742431640625 -0.0454635620117188 -0.1046142578125 -0.2540283203125
0.123725891113281 0.0085601806640625 -0.102035522460938 -0.26934814453125
0.124580383300781 0.0766983032226562 0.0125732421875 -0.262191772460938
0.0621757507324219 -0.0274620056152344 -0.00656890869140624 -0.05755615234375
0.0241146087646484 -0.0280933380126953 0.121101379394531 0.01312255859375
0.00418567657470703 -0.0157070159912109 0.153823852539063 -0.111465454101563
0.00582456588745117 -0.00589418411254883 0.0641632080078125 -0.194854736328125
-0.00152206420898438 -0.00882053375244141 -0.0583038330078125 -0.211990356445313
-0.0229759216308594 -0.0190563201904297 -0.1358642578125 -0.161911010742187
-0.0174274444580078 -0.0177783966064453 -0.116950988769531 -0.10260009765625
-0.0261325836181641 -0.0184650421142578 -0.101028442382813 -0.0786972045898438
-0.0253829956054688 -0.0342960357666016 -0.08648681640625 -0.0670013427734375
-0.000171661376953123 -0.0590286254882812 -0.0892791748046875 -0.0571212768554688
0.0481376647949219 -0.0702438354492188 -0.0973587036132813 -0.100196838378906
0.115898132324219 -0.0153961181640625 -0.085113525390625 -0.160903930664063
0.152572631835938 0.0436248779296875 -0.102035522460938 -0.226272583007812
0.145156860351563 0.119903564453125 -0.0831146240234375 -0.239120483398438
0.131988525390625 0.186309814453125 0.06329345703125 -0.226165771484375
0.118263244628906 0.0623245239257813 0.0302162170410156 -0.0367393493652344
0.124565124511719 0.0129318237304687 0.141036987304688 0.0346527099609375
0.087799072265625 -0.0496444702148438 0.178237915039062 -0.09539794921875
0.0479354858398438 -0.07080078125 0.0922393798828125 -0.18182373046875
-0.0137557983398438 -0.0847320556640625 -0.039703369140625 -0.207199096679688
-0.0597763061523438 -0.0822601318359375 -0.120986938476562 -0.148513793945313
-0.0496826171875 -0.077880859375 -0.10443115234375 -0.078704833984375
-0.0655136108398437 -0.08251953125 -0.0899505615234375 -0.0542068481445313
-0.0394668579101563 -0.100296020507813 -0.086212158203125 -0.0374374389648438
0.0242156982421875 -0.121963500976563 -0.0893707275390625 -0.0264739990234375
0.102317810058594 -0.103935241699219 -0.103416442871094 -0.070770263671875
0.184310913085938 0.012054443359375 -0.0970687866210938 -0.126747131347656
0.2017822265625 0.102920532226563 -0.0936279296875 -0.185211181640625
0.15582275390625 0.2044677734375 -0.0612335205078125 -0.177230834960938
0.1109619140625 0.270660400390625 0.109725952148438 -0.148544311523437
0.145339965820312 0.157073974609375 0.0691947937011719 0.0126152038574219
0.209121704101563 0.0759735107421875 0.15618896484375 0.069976806640625
0.172988891601563 -0.0617523193359375 0.19415283203125 -0.0590667724609375
0.0973358154296875 -0.120925903320313 0.116012573242188 -0.14495849609375
-0.014373779296875 -0.150894165039063 -0.0125274658203125 -0.178207397460938
-0.083984375 -0.134048461914063 -0.0901107788085937 -0.117713928222656
-0.0736160278320312 -0.125572204589844 -0.077056884765625 -0.0437240600585938
-0.0994110107421875 -0.131004333496094 -0.06378173828125 -0.018798828125
-0.058197021484375 -0.150192260742187 -0.0718460083007813 0.00543975830078125
0.032135009765625 -0.17352294921875 -0.0788116455078125 0.0158157348632812
0.131576538085938 -0.137992858886719 -0.104743957519531 -0.0313720703125
0.230377197265625 0.0193023681640625 -0.103935241699219 -0.0894012451171875
0.231109619140625 0.135360717773438 -0.0724563598632812 -0.140304565429688
0.152053833007813 0.256011962890625 -0.0345535278320312 -0.0966644287109375
0.0682373046875 0.310028076171875 0.142181396484375 -0.04229736328125
0.134170532226563 0.23095703125 0.10064697265625 0.0833053588867188
0.247665405273438 0.142562866210938 0.156600952148438 0.112213134765625
0.233047485351563 -0.046875 0.193634033203125 -0.007476806640625
0.140823364257812 -0.143356323242187 0.127838134765625 -0.0893096923828125
-0.00547790527343751 -0.191696166992187 0.0161590576171875 -0.128349304199219
-0.0947113037109375 -0.167266845703125 -0.0481796264648438 -0.0720138549804688
-0.0863494873046875 -0.15264892578125 -0.0389137268066406 -0.00205993652343751
-0.119964599609375 -0.159027099609375 -0.0250644683837891 0.0230522155761719
-0.0730438232421875 -0.1787109375 -0.0446434020996094 0.0528106689453125
0.0318145751953125 -0.203628540039063 -0.0603561401367188 0.0593338012695312
0.143081665039063 -0.156524658203125 -0.0987091064453125 0.00830841064453122
0.247329711914062 0.0241241455078125 -0.102241516113281 -0.056732177734375
0.231094360351563 0.15423583984375 -0.0413055419921875 -0.0975112915039063
0.126296997070312 0.275421142578125 -0.00401926040649413 -0.00849437713623045
0.01416015625 0.29296875 0.155731201171875 0.073394775390625
0.087738037109375 0.256332397460938 0.11651611328125 0.158203125
0.226516723632813 0.187179565429688 0.141571044921875 0.146133422851563
0.243743896484375 -0.014923095703125 0.171401977539063 0.0444183349609375
0.158233642578125 -0.13311767578125 0.1202392578125 -0.0265350341796875
0.00616455078125001 -0.197540283203125 0.0394248962402344 -0.0645675659179688
-0.0893096923828125 -0.171981811523438 -0.00260162353515626 -0.01824951171875
-0.0865325927734375 -0.157211303710937 0.00584030151367187 0.0392570495605469
-0.123504638671875 -0.165267944335938 0.0200233459472656 0.0650177001953125
-0.076171875 -0.182083129882813 -0.0116043090820313 0.098907470703125
0.032806396484375 -0.206863403320313 -0.0386810302734375 0.100898742675781
0.1435546875 -0.151992797851563 -0.0915374755859375 0.0431747436523437
0.23760986328125 0.036865234375 -0.0978164672851563 -0.0303497314453125
0.19866943359375 0.166732788085938 -0.00753784179687499 -0.0576019287109375
0.07989501953125 0.266281127929688 0.0213851928710937 0.07952880859375
-0.0394439697265625 0.221298217773438 0.152374267578125 0.172271728515625
0.0260467529296875 0.223297119140625 0.118698120117188 0.219894409179687
0.158157348632813 0.1854248046875 0.119308471679688 0.165374755859375
0.202392578125 0.014434814453125 0.138320922851563 0.0848464965820312
0.141143798828125 -0.09869384765625 0.1021728515625 0.0260009765625
0.012359619140625 -0.167770385742188 0.05487060546875 -0.00255966186523439
-0.071136474609375 -0.149307250976563 0.0401344299316406 0.0331954956054687
-0.0720596313476563 -0.137855529785156 0.0494537353515625 0.0760040283203125
-0.10601806640625 -0.147048950195313 0.0629043579101563 0.103340148925781
-0.0653839111328125 -0.163421630859375 0.0200347900390625 0.141433715820312
0.0349884033203125 -0.182571411132813 -0.0223388671875 0.136878967285156
0.134574890136719 -0.125823974609375 -0.08673095703125 0.0727920532226562
0.203781127929688 0.0550537109375 -0.0937881469726562 -0.011199951171875
0.142074584960938 0.16778564453125 0.0190658569335938 -0.018402099609375
0.0189361572265625 0.229476928710937 0.0330810546875 0.160293579101563
-0.0842437744140625 0.11126708984375 0.13641357421875 0.235122680664062
-0.0352325439453125 0.14410400390625 0.11285400390625 0.253097534179688
0.0672454833984375 0.139686584472656 0.0994110107421875 0.166000366210938
0.124114990234375 0.0298690795898438 0.109580993652344 0.106338500976563
0.0943069458007812 -0.0525894165039063 0.0844573974609375 0.0591812133789063
0.0127487182617187 -0.109352111816406 0.0662193298339844 0.0440406799316406
-0.0428695678710938 -0.102157592773438 0.0743865966796875 0.0717544555664063
-0.0476303100585938 -0.0965194702148437 0.0848159790039063 0.101669311523437
-0.0721435546875 -0.107513427734375 0.0968551635742188 0.135139465332031
-0.0449371337890625 -0.123046875 0.0423583984375 0.176315307617188
0.0352859497070313 -0.136894226074219 -0.01568603515625 0.166122436523438
0.109893798828125 -0.0849075317382812 -0.0902099609375 0.0962753295898438
0.14593505859375 0.06646728515625 -0.0955352783203125 0.00284576416015624
0.06744384765625 0.1484375 0.0301761627197266 0.0176296234130859
-0.0447235107421875 0.160934448242188 0.0248565673828125 0.223861694335938
0.0958786010742188 -0.0436248779296875 -0.0456390380859375 -0.268417358398438
-0.0135040283203125 -0.099395751953125 -0.0379600524902344 -0.0495223999023438
-0.0778656005859375 -0.0450210571289063 0.113227844238281 0.00203704833984375
-0.0651397705078125 0.0322990417480469 0.136436462402344 -0.123977661132812
-0.0208663940429688 0.0641441345214844 0.0366668701171875 -0.201263427734375
0.0256309509277344 0.067474365234375 -0.0751495361328125 -0.208358764648438
0.0257377624511719 0.0454826354980469 -0.147293090820313 -0.161285400390625
0.0224266052246094 0.04498291015625 -0.125816345214844 -0.113121032714844
0.017547607421875 0.0516853332519531 -0.106704711914062 -0.08587646484375
-0.0182762145996094 0.0424461364746094 -0.0868453979492187 -0.0767059326171875
-0.0443496704101562 0.00666809082031251 -0.0950164794921875 -0.0715484619140625
-0.0319938659667969 -0.0499076843261719 -0.107658386230469 -0.118545532226563
0.0342941284179688 -0.0774078369140625 -0.09375 -0.19732666015625
0.098480224609375 -0.0510330200195313 -0.12353515625 -0.26690673828125
0.133110046386719 0.00308990478515625 -0.12066650390625 -0.2847900390625
0.136703491210938 0.0753021240234375 -9.1552734374995E-05 -0.27923583984375
0.0638694763183594 -0.0301361083984375 -0.0118827819824219 -0.0588531494140625
0.0249099731445313 -0.0310020446777344 0.131401062011719 0.009735107421875
0.00391578674316406 -0.0174722671508789 0.160018920898438 -0.1256103515625
0.00694417953491211 -0.00744771957397461 0.0600128173828125 -0.210586547851563
-0.00191402435302735 -0.00922489166259766 -0.07086181640625 -0.223297119140625
-0.0253658294677734 -0.01898193359375 -0.151779174804687 -0.164947509765625
-0.019012451171875 -0.0197162628173828 -0.129081726074219 -0.104667663574219
-0.0279903411865234 -0.0198192596435547 -0.111129760742187 -0.0787353515625
-0.0277481079101562 -0.0352592468261719 -0.095855712890625 -0.0667190551757813
-0.00247573852539062 -0.0627288818359375 -0.0982284545898437 -0.0572662353515625
0.048828125 -0.0765533447265625 -0.109825134277344 -0.104095458984375
0.123031616210937 -0.0210494995117187 -0.099334716796875 -0.171615600585938
0.1629638671875 0.0399627685546875 -0.120010375976562 -0.239669799804688
0.160171508789063 0.122238159179688 -0.0995330810546875 -0.253982543945312
0.150222778320313 0.193252563476563 0.05560302734375 -0.242904663085938
0.127571105957031 0.0633087158203125 0.02734375 -0.0385971069335937
0.134872436523438 0.00827789306640625 0.15380859375 0.0327301025390625
0.0913467407226563 -0.0572662353515625 0.187103271484375 -0.108444213867188
0.049346923828125 -0.0795745849609375 0.091156005859375 -0.198684692382813
-0.0189285278320312 -0.0894699096679688 -0.0514373779296875 -0.21929931640625
-0.0682220458984375 -0.0838775634765625 -0.135406494140625 -0.15179443359375
-0.056793212890625 -0.082061767578125 -0.11370849609375 -0.0786819458007813
-0.0738983154296875 -0.0849456787109375 -0.0982818603515625 -0.0530319213867188
-0.0463027954101562 -0.104881286621094 -0.0940322875976562 -0.0342178344726563
0.0201263427734375 -0.130828857421875 -0.0973968505859375 -0.0232620239257813
0.104782104492188 -0.115798950195313 -0.116584777832031 -0.0721511840820313
0.198211669921875 0.004425048828125 -0.110893249511719 -0.134445190429688
0.219451904296875 0.0998382568359375 -0.10919189453125 -0.196456909179688
0.175857543945313 0.21282958984375 -0.0739593505859375 -0.188796997070313
0.131591796875 0.285247802734375 0.108322143554688 -0.162750244140625
0.160552978515625 0.163970947265625 0.0709762573242188 0.012298583984375
0.228195190429688 0.0713043212890625 0.17071533203125 0.0709228515625
0.180923461914063 -0.0735931396484375 0.2066650390625 -0.0697021484375
0.0999984741210938 -0.134994506835938 0.119781494140625 -0.160568237304688
-0.022491455078125 -0.15972900390625 -0.02117919921875 -0.189865112304687
-0.0973281860351563 -0.138557434082031 -0.101615905761719 -0.120132446289063
-0.0849380493164063 -0.130683898925781 -0.0826339721679687 -0.0417022705078125
-0.112747192382812 -0.134429931640625 -0.0689811706542969 -0.0152359008789062
-0.0689697265625 -0.156204223632813 -0.0766525268554688 0.010528564453125
0.0250396728515625 -0.186279296875 -0.08526611328125 0.0215072631835937
0.134170532226563 -0.153778076171875 -0.115791320800781 -0.0300750732421875
0.248687744140625 0.0094757080078125 -0.116600036621094 -0.0943984985351562
0.252685546875 0.133316040039063 -0.0854339599609375 -0.14947509765625
0.173873901367188 0.268402099609375 -0.041290283203125 -0.103477478027344
0.086761474609375 0.329010009765625 0.147232055664063 -0.0506134033203125
0.151824951171875 0.241622924804687 0.107864379882813 0.0858383178710938
0.272613525390625 0.14141845703125 0.173309326171875 0.115997314453125
0.246749877929688 -0.0600738525390625 0.207656860351563 -0.0147857666015625
0.144760131835938 -0.160079956054687 0.13433837890625 -0.101814270019531
-0.0144500732421875 -0.20294189453125 0.011444091796875 -0.137496948242188
-0.1099853515625 -0.172500610351563 -0.0546112060546875 -0.0728378295898438
-0.100692749023438 -0.159820556640625 -0.038909912109375 0.0013275146484375
-0.136581420898438 -0.16259765625 -0.0257511138916016 0.0272712707519531
-0.0869140625 -0.1849365234375 -0.045440673828125 0.060302734375
0.023284912109375 -0.21783447265625 -0.0626449584960938 0.067779541015625
0.145034790039063 -0.174270629882813 -0.107551574707031 0.0130462646484375
0.26702880859375 0.0134124755859375 -0.114311218261719 -0.0581207275390625
0.25360107421875 0.153152465820312 -0.0499649047851562 -0.105201721191406
0.147979736328125 0.289764404296875 -0.0052356719970703 -0.0104866027832031
0.0281982421875 0.313385009765625 0.166336059570313 0.0721893310546875
0.103973388671875 0.270584106445313 0.128402709960938 0.164581298828125
0.252395629882813 0.19024658203125 0.15826416015625 0.154617309570312
0.259231567382813 -0.0269927978515625 0.186370849609375 0.042510986328125
0.164154052734375 -0.150253295898438 0.129791259765625 -0.0340957641601563
-0.00343322753906252 -0.2099609375 0.038665771484375 -0.07061767578125
-0.104660034179687 -0.1783447265625 -0.00334358215332032 -0.0179729461669922
-0.100326538085938 -0.164215087890625 0.0100288391113281 0.0437698364257812
-0.139923095703125 -0.1683349609375 0.0241432189941406 0.069976806640625
-0.0911407470703125 -0.189208984375 -0.00760650634765626 0.107894897460937
0.0236663818359375 -0.220413208007813 -0.0374603271484375 0.109580993652344
0.145721435546875 -0.16912841796875 -0.0972213745117187 0.0498275756835938
0.257095336914063 0.0279083251953125 -0.106796264648437 -0.0301132202148437
0.220413208007813 0.167388916015625 -0.0118904113769531 -0.063873291015625
0.0980224609375 0.283233642578125 0.026092529296875 0.0821762084960938
-0.0320281982421875 0.23858642578125 0.16693115234375 0.178314208984375
0.0367889404296875 0.2376708984375 0.133956909179688 0.229873657226563
0.1790771484375 0.191162109375 0.134445190429688 0.175201416015625
0.21661376953125 0.005950927734375 0.152511596679688 0.087127685546875
0.146774291992187 -0.112319946289062 0.112602233886719 0.0236740112304687
0.00511169433593749 -0.178298950195312 0.0584793090820313 -0.00533294677734376
-0.084381103515625 -0.154464721679688 0.0450019836425781 0.0336952209472656
-0.0849761962890625 -0.143478393554687 0.057769775390625 0.0802078247070312
-0.120452880859375 -0.14947509765625 0.0712661743164062 0.108901977539062
-0.079010009765625 -0.168838500976563 0.02740478515625 0.151214599609375
0.027252197265625 -0.195785522460938 -0.0180511474609375 0.14715576171875
0.136123657226563 -0.140823364257813 -0.09051513671875 0.0820159912109375
0.220184326171875 0.048919677734375 -0.1015625 -0.00894927978515625
0.159469604492188 0.171585083007813 0.0192108154296875 -0.0233898162841797
0.031890869140625 0.244842529296875 0.04254150390625 0.16802978515625
-0.0841903686523438 0.122611999511719 0.154266357421875 0.245330810546875
-0.030487060546875 0.1558837890625 0.129501342773437 0.26513671875
0.0796661376953125 0.145278930664062 0.113449096679688 0.17626953125
0.133476257324219 0.02581787109375 0.123680114746094 0.111541748046875
0.0981292724609375 -0.0608367919921875 0.0943832397460938 0.059478759765625
0.0084075927734375 -0.116439819335937 0.0724258422851562 0.0428085327148437
-0.0519866943359375 -0.105796813964844 0.0830764770507813 0.0727691650390625
-0.0557785034179688 -0.100608825683594 0.096282958984375 0.105781555175781
-0.0826263427734375 -0.109832763671875 0.109230041503906 0.140472412109375
-0.0546951293945313 -0.126487731933594 0.053314208984375 0.186767578125
0.0290069580078125 -0.146575927734375 -0.0094757080078125 0.177352905273438
0.112701416015625 -0.0964584350585937 -0.0927886962890625 0.106010437011719
0.159133911132813 0.0639190673828125 -0.102432250976562 0.00642395019531251
0.0791015625 0.154586791992188 0.0330467224121094 0.0146160125732422
-0.03948974609375 0.173934936523437 0.0373992919921875 0.236526489257813
0.0976715087890625 -0.0548629760742188 -0.06787109375 -0.278182983398438
-0.0220870971679687 -0.102294921875 -0.0443687438964844 -0.0453262329101563
-0.0858612060546875 -0.0404891967773438 0.12005615234375 -0.00580596923828125
-0.065338134765625 0.0379791259765625 0.135078430175781 -0.139533996582031
-0.0169944763183594 0.0687637329101563 0.02392578125 -0.213668823242188
0.0330390930175781 0.0679855346679688 -0.0931854248046875 -0.214019775390625
0.0315704345703125 0.0453872680664063 -0.167587280273438 -0.158767700195313
0.0273056030273437 0.043701171875 -0.140899658203125 -0.110107421875
0.0228767395019531 0.0508460998535156 -0.119155883789063 -0.0819625854492188
-0.0139808654785156 0.0454139709472656 -0.0972213745117187 -0.074615478515625
-0.0446929931640625 0.0101280212402344 -0.105560302734375 -0.068634033203125
-0.0370063781738281 -0.0495681762695312 -0.123809814453125 -0.118682861328125
0.029937744140625 -0.0832595825195313 -0.1142578125 -0.203338623046875
0.0981979370117187 -0.060150146484375 -0.149002075195313 -0.273468017578125
0.140449523925781 -0.00676727294921875 -0.14849853515625 -0.2928466796875
0.150863647460938 0.0685882568359375 -0.022186279296875 -0.292816162109375
0.0647125244140625 -0.0342750549316406 -0.0194358825683594 -0.0576858520507813
0.0236797332763672 -0.03363037109375 0.139862060546875 0.001495361328125
0.00248336791992187 -0.0193080902099609 0.159133911132813 -0.142654418945313
0.00678253173828125 -0.00970077514648438 0.048065185546875 -0.225357055664063
-0.00196552276611328 -0.0101766586303711 -0.0905914306640625 -0.229766845703125
-0.0279998779296875 -0.0182170867919922 -0.17242431640625 -0.161422729492188
-0.0213909149169922 -0.0207366943359375 -0.1424560546875 -0.09967041015625
-0.0308074951171875 -0.0200328826904297 -0.123077392578125 -0.0737838745117187
-0.0301837921142578 -0.0350399017333984 -0.106193542480469 -0.0622634887695312
-0.00674057006835938 -0.0650863647460938 -0.108863830566406 -0.0528717041015625
0.0458526611328125 -0.0840072631835938 -0.126220703125 -0.102958679199219
0.128059387207031 -0.0311508178710938 -0.119537353515625 -0.1766357421875
0.17291259765625 0.030303955078125 -0.144943237304688 -0.2449951171875
0.178359985351562 0.117752075195313 -0.12371826171875 -0.262908935546875
0.172958374023437 0.192092895507813 0.0388641357421875 -0.25909423828125
0.137542724609375 0.0598526000976563 0.0233154296875 -0.0403175354003906
0.143630981445313 -0.0009613037109375 0.16558837890625 0.025177001953125
0.0914306640625 -0.067474365234375 0.189529418945313 -0.126617431640625
0.0458526611328125 -0.0882644653320313 0.0824432373046875 -0.2152099609375
-0.0263519287109375 -0.0926132202148438 -0.0702056884765625 -0.226791381835938
-0.0787811279296875 -0.082305908203125 -0.153701782226563 -0.147628784179687
-0.0657424926757813 -0.083160400390625 -0.123916625976562 -0.0739974975585937
-0.0838623046875 -0.0838165283203125 -0.107215881347656 -0.0474319458007812
-0.055633544921875 -0.105812072753906 -0.101478576660156 -0.027740478515625
0.0109710693359375 -0.138351440429688 -0.105758666992188 -0.016510009765625
0.101860046386719 -0.129096984863281 -0.130905151367188 -0.0687026977539063
0.210250854492188 -0.0099334716796875 -0.128875732421875 -0.137199401855469
0.236373901367187 0.0886993408203125 -0.131134033203125 -0.200942993164063
0.201370239257812 0.21282958984375 -0.0920562744140625 -0.195831298828125
0.15972900390625 0.29156494140625 0.0998687744140625 -0.178665161132812
0.179779052734375 0.162948608398438 0.0721893310546875 0.00968933105468751
0.24664306640625 0.058563232421875 0.186370849609375 0.065032958984375
0.185516357421875 -0.091064453125 0.214035034179687 -0.0869903564453125
0.09637451171875 -0.150726318359375 0.114990234375 -0.178131103515625
-0.0355072021484375 -0.165420532226563 -0.036590576171875 -0.197906494140625
-0.114517211914063 -0.137214660644531 -0.114875793457031 -0.117156982421875
-0.0995254516601562 -0.132156372070313 -0.0877304077148437 -0.0369720458984375
-0.128959655761719 -0.131973266601563 -0.073211669921875 -0.00937652587890626
-0.084442138671875 -0.157958984375 -0.0800552368164063 0.0188980102539062
0.011810302734375 -0.197128295898437 -0.0893020629882813 0.0300750732421875
0.129776000976563 -0.172271728515625 -0.126976013183594 -0.0242462158203125
0.2637939453125 -0.0091094970703125 -0.132438659667969 -0.0937576293945312
0.275070190429688 0.120834350585937 -0.103042602539062 -0.153762817382813
0.204269409179688 0.271774291992188 -0.05145263671875 -0.1082763671875
0.116546630859375 0.34088134765625 0.148712158203125 -0.0633697509765625
0.17608642578125 0.245651245117188 0.115440368652344 0.0835800170898438
0.2989501953125 0.128814697265625 0.191741943359375 0.11322021484375
0.254165649414063 -0.0815582275390625 0.21942138671875 -0.028045654296875
0.142196655273437 -0.180496215820313 0.135810852050781 -0.116775512695313
-0.0311126708984375 -0.211822509765625 0.00128173828124999 -0.144973754882813
-0.129714965820313 -0.171371459960938 -0.0619735717773438 -0.070953369140625
-0.1187744140625 -0.160903930664062 -0.0388336181640625 0.00576019287109374
-0.157058715820313 -0.158966064453125 -0.0249042510986328 0.0324497222900391
-0.10626220703125 -0.185836791992188 -0.0436973571777344 0.0693168640136719
0.00625610351562499 -0.229751586914063 -0.0617904663085938 0.0773468017578125
0.139022827148438 -0.194183349609375 -0.114509582519531 0.0208663940429688
0.283355712890625 -0.0072021484375 -0.126373291015625 -0.0553131103515625
0.277801513671875 0.141510009765625 -0.0626373291015625 -0.109550476074219
0.17803955078125 0.29644775390625 -0.00641345977783202 -0.0120525360107422
0.05474853515625 0.327972412109375 0.17755126953125 0.0642547607421875
0.128189086914063 0.279403686523438 0.143402099609375 0.164474487304688
0.281585693359375 0.181365966796875 0.178314208984375 0.154342651367188
0.271026611328125 -0.047393798828125 0.201446533203125 0.0338134765625
0.162185668945313 -0.170791625976563 0.135505676269531 -0.0459136962890625
-0.02020263671875 -0.219253540039063 0.0343093872070313 -0.0771865844726563
-0.125701904296875 -0.177993774414062 -0.00417900085449219 -0.0172700881958008
-0.118896484375 -0.164764404296875 0.0163688659667969 0.0467796325683594
-0.161453247070313 -0.1636962890625 0.030181884765625 0.0734786987304687
-0.110748291015625 -0.189041137695313 -7.62939453124964E-05 0.116691589355469
0.00596618652343751 -0.233001708984375 -0.0319900512695313 0.119529724121094
0.139358520507813 -0.189041137695313 -0.10015869140625 0.0597000122070312
0.273818969726563 0.0082244873046875 -0.116340637207031 -0.025970458984375
0.244171142578125 0.157821655273438 -0.0186958312988281 -0.06878662109375
0.1258544921875 0.292266845703125 0.032989501953125 0.0828018188476563
-0.015380859375 0.254043579101563 0.185882568359375 0.17633056640625
0.05609130859375 0.248504638671875 0.154861450195313 0.23321533203125
0.204696655273438 0.186721801757813 0.154464721679688 0.177597045898438
0.22735595703125 -0.010650634765625 0.169570922851563 0.082183837890625
0.146820068359375 -0.1298828125 0.122108459472656 0.016204833984375
-0.008758544921875 -0.186935424804688 0.0599746704101563 -0.00988769531250001
-0.1019287109375 -0.154754638671875 0.0504646301269531 0.0335273742675781
-0.101409912109375 -0.144134521484375 0.0692138671875 0.081390380859375
-0.1395263671875 -0.146270751953125 0.0831680297851562 0.110794067382812
-0.0970306396484375 -0.168792724609375 0.0400848388671875 0.158660888671875
0.0113983154296875 -0.207504272460938 -0.0086669921875 0.156234741210937
0.132186889648438 -0.158859252929688 -0.0906295776367187 0.09283447265625
0.236770629882812 0.0336761474609375 -0.108299255371094 -0.00364685058593749
0.180511474609375 0.166976928710938 0.0167713165283203 -0.0288791656494141
0.0527801513671875 0.256027221679688 0.057098388671875 0.172073364257813
-0.0782089233398438 0.135246276855469 0.177581787109375 0.248687744140625
-0.020111083984375 0.16619873046875 0.153213500976563 0.269363403320313
0.096893310546875 0.146331787109375 0.132049560546875 0.180130004882813
0.14154052734375 0.0165252685546875 0.140556335449219 0.110137939453125
0.0992202758789062 -0.0719375610351563 0.105842590332031 0.0559921264648438
-0.000511169433593744 -0.121833801269531 0.0793991088867188 0.0397491455078125
-0.0642776489257813 -0.106147766113281 0.0928115844726563 0.0707626342773438
-0.0672836303710938 -0.101219177246094 0.110916137695313 0.104766845703125
-0.0957870483398438 -0.108169555664062 0.1253662109375 0.1407470703125
-0.0676345825195313 -0.126510620117188 0.069915771484375 0.194000244140625
0.017913818359375 -0.155502319335938 0.00231933593750002 0.187164306640625
0.110343933105469 -0.109573364257813 -0.0908660888671875 0.118553161621094
0.17279052734375 0.0547027587890625 -0.107818603515625 0.0128173828125
0.0943603515625 0.1556396484375 0.035552978515625 0.00936889648437501
-0.02752685546875 0.186508178710938 0.05712890625 0.244277954101562
0.0951995849609375 -0.0648727416992188 -0.0925750732421875 -0.276870727539063
-0.0302352905273437 -0.100425720214844 -0.0494651794433594 -0.0393104553222656
-0.0908889770507813 -0.0332107543945312 0.123733520507813 -0.0154266357421875
-0.064453125 0.04376220703125 0.128036499023438 -0.152252197265625
-0.011077880859375 0.0705032348632813 0.00823974609375002 -0.218505859375
0.0398406982421875 0.0650444030761719 -0.111358642578125 -0.210891723632813
0.036590576171875 0.0430831909179687 -0.183456420898438 -0.148574829101563
0.0313377380371094 0.0403671264648438 -0.1522216796875 -0.102142333984375
0.0285835266113281 0.0474433898925781 -0.128677368164062 -0.0743255615234375
-0.0083770751953125 0.0462799072265625 -0.105514526367187 -0.0687408447265625
-0.043548583984375 0.01483154296875 -0.11376953125 -0.0624313354492187
-0.0417289733886719 -0.0471649169921875 -0.13702392578125 -0.112342834472656
0.0234146118164063 -0.0859527587890625 -0.13385009765625 -0.199081420898438
0.0946502685546875 -0.0679244995117188 -0.173248291015625 -0.26763916015625
0.142333984375 -0.0193939208984375 -0.17486572265625 -0.289276123046875
0.159927368164063 0.0574951171875 -0.04718017578125 -0.29498291015625
0.0629997253417969 -0.0380134582519531 -0.0255813598632812 -0.0536575317382813
0.021697998046875 -0.0355987548828125 0.144515991210938 -0.008392333984375
0.000810623168945314 -0.0204658508300781 0.152114868164063 -0.157257080078125
0.00638484954833984 -0.011073112487793 0.0325775146484375 -0.232711791992188
-0.00226783752441406 -0.0104265213012695 -0.1099853515625 -0.22650146484375
-0.0298213958740234 -0.0155086517333984 -0.188262939453125 -0.150405883789063
-0.0237464904785156 -0.0213470458984375 -0.15264892578125 -0.09075927734375
-0.0322303771972656 -0.0193328857421875 -0.131378173828125 -0.065277099609375
-0.0317287445068359 -0.0335559844970703 -0.113311767578125 -0.0549774169921875
-0.0110321044921875 -0.06500244140625 -0.115875244140625 -0.0458831787109375
0.0407257080078125 -0.0891952514648438 -0.139122009277344 -0.0969009399414063
0.128242492675781 -0.0415878295898437 -0.137619018554687 -0.172714233398437
0.177413940429687 0.017608642578125 -0.167861938476563 -0.239669799804687
0.19122314453125 0.105117797851563 -0.147079467773437 -0.26104736328125
0.192718505859375 0.18267822265625 0.0166015625 -0.266265869140625
0.144760131835937 0.05291748046875 0.017303466796875 -0.0396080017089844
0.146484375 -0.01214599609375 0.172622680664063 0.0145721435546875
0.0879364013671875 -0.075927734375 0.184890747070313 -0.14251708984375
0.0405044555664063 -0.095123291015625 0.06805419921875 -0.22601318359375
-0.034027099609375 -0.0918655395507812 -0.08905029296875 -0.224594116210938
-0.0879135131835937 -0.0769882202148438 -0.16839599609375 -0.138031005859375
-0.07464599609375 -0.0802993774414063 -0.131034851074219 -0.0652313232421875
-0.0925140380859375 -0.0794754028320313 -0.112747192382813 -0.0388259887695313
-0.0650100708007812 -0.1031494140625 -0.105926513671875 -0.019195556640625
0.000549316406250015 -0.141250610351563 -0.110244750976563 -0.00793457031250001
0.093963623046875 -0.140403747558594 -0.14190673828125 -0.06109619140625
0.214569091796875 -0.027618408203125 -0.145614624023438 -0.132293701171875
0.247329711914063 0.0718231201171875 -0.151641845703125 -0.196365356445312
0.22314453125 0.202072143554687 -0.10980224609375 -0.19500732421875
0.1873779296875 0.284912109375 0.085296630859375 -0.189102172851562
0.195175170898438 0.15472412109375 0.0704421997070313 0.00721740722656251
0.258056640625 0.040130615234375 0.197174072265625 0.0546417236328125
0.181686401367188 -0.1077880859375 0.213363647460938 -0.103668212890625
0.0870513916015625 -0.162841796875 0.104415893554688 -0.191421508789063
-0.050567626953125 -0.164886474609375 -0.0530242919921875 -0.198333740234375
-0.128166198730469 -0.129127502441406 -0.125442504882813 -0.108413696289063
-0.113479614257812 -0.127403259277344 -0.090545654296875 -0.0303573608398437
-0.1427001953125 -0.123321533203125 -0.0750045776367188 -0.00205993652343752
-0.0987091064453125 -0.152740478515625 -0.0797805786132813 0.0270919799804687
-0.00415039062500002 -0.200790405273438 -0.0897293090820313 0.0385589599609375
0.119033813476563 -0.185943603515625 -0.134727478027344 -0.0149917602539063
0.268936157226563 -0.0316162109375 -0.144973754882812 -0.0876312255859375
0.288970947265625 0.100494384765625 -0.119888305664062 -0.150482177734375
0.231155395507813 0.263107299804688 -0.0613555908203125 -0.10845947265625
0.14642333984375 0.33978271484375 0.143646240234375 -0.07525634765625
0.198348999023438 0.239303588867188 0.120277404785156 0.0781631469726563
0.317108154296875 0.1075439453125 0.206008911132813 0.103256225585938
0.2535400390625 -0.1033935546875 0.22271728515625 -0.0442352294921875
0.131744384765625 -0.197891235351563 0.130058288574219 -0.130455017089844
-0.049560546875 -0.212478637695312 -0.0112457275390625 -0.146926879882813
-0.146820068359375 -0.162322998046875 -0.0679359436035156 -0.065948486328125
-0.134307861328125 -0.153884887695313 -0.0366134643554688 0.00992202758789061
-0.173355102539063 -0.1475830078125 -0.0219345092773438 0.0374717712402344
-0.123764038085938 -0.178741455078125 -0.0382308959960938 0.0767059326171875
-0.0133209228515625 -0.233306884765625 -0.058135986328125 0.0843734741210937
0.125885009765625 -0.209732055664062 -0.117446899414062 0.0296783447265625
0.2896728515625 -0.031585693359375 -0.135978698730469 -0.0486907958984375
0.293243408203125 0.121246337890625 -0.074615478515625 -0.108901977539063
0.206573486328125 0.28997802734375 -0.00828552246093749 -0.0142021179199219
0.08233642578125 0.331787109375 0.183822631835938 0.0532379150390625
0.151412963867187 0.275726318359375 0.155426025390625 0.158203125
0.303070068359375 0.162109375 0.195236206054688 0.147216796875
0.271560668945313 -0.07049560546875 0.208969116210938 0.0196533203125
0.153549194335938 -0.188690185546875 0.13690185546875 -0.0578231811523438
-0.0386199951171875 -0.220565795898438 0.027862548828125 -0.0799789428710938
-0.14349365234375 -0.169357299804688 -0.00414085388183595 -0.0161762237548828
-0.135360717773438 -0.158050537109375 0.0232048034667969 0.0477867126464844
-0.1783447265625 -0.151336669921875 0.0373992919921875 0.0746536254882812
-0.129470825195313 -0.180404663085938 0.00935363769531248 0.121147155761719
-0.0139312744140625 -0.236236572265625 -0.0239715576171875 0.125274658203125
0.126510620117188 -0.20404052734375 -0.0996932983398437 0.068572998046875
0.2803955078125 -0.01513671875 -0.122886657714844 -0.0191116333007812
0.26080322265625 0.140899658203125 -0.0265731811523437 -0.0715866088867187
0.153533935546875 0.2891845703125 0.0398635864257813 0.0801010131835938
0.00602722167968753 0.261062622070313 0.201309204101563 0.167221069335938
0.0767669677734375 0.249725341796875 0.173019409179688 0.225997924804688
0.225387573242188 0.174407958984375 0.172271728515625 0.171829223632813
0.230453491210938 -0.029296875 0.180953979492188 0.07196044921875
0.1395263671875 -0.14569091796875 0.127067565917969 0.00669097900390624
-0.0250091552734375 -0.187957763671875 0.0596733093261719 -0.014190673828125
-0.118072509765625 -0.146987915039062 0.0546684265136719 0.0311050415039062
-0.115997314453125 -0.138069152832031 0.0791015625 0.0786819458007812
-0.154098510742188 -0.13555908203125 0.0941619873046875 0.108406066894531
-0.11346435546875 -0.161361694335938 0.05401611328125 0.16033935546875
-0.006439208984375 -0.210906982421875 0.00257873535156249 0.160507202148438
0.120864868164063 -0.172317504882813 -0.086639404296875 0.101760864257812
0.244247436523438 0.0135040283203125 -0.112510681152344 0.0034332275390625
0.196990966796875 0.155075073242188 0.0133152008056641 -0.0339698791503906
0.076019287109375 0.257827758789062 0.072021484375 0.168807983398438
-0.0688934326171875 0.144027709960938 0.199142456054688 0.241851806640625
-0.00602722167968752 0.171463012695313 0.175979614257813 0.264328002929688
0.112167358398438 0.1407470703125 0.149627685546875 0.176010131835938
0.145294189453125 0.0046844482421875 0.153732299804688 0.102035522460938
0.095367431640625 -0.0819091796875 0.113967895507813 0.0487213134765625
-0.010955810546875 -0.123260498046875 0.0831985473632813 0.0345687866210937
-0.075531005859375 -0.101158142089844 0.101051330566406 0.0648727416992188
-0.0781173706054688 -0.096527099609375 0.123176574707031 0.098358154296875
-0.106430053710937 -0.100189208984375 0.139694213867187 0.135231018066406
-0.0801239013671875 -0.121383666992188 0.0867462158203125 0.193435668945313
0.00395202636718751 -0.159393310546875 0.0165557861328125 0.19049072265625
0.102249145507812 -0.121086120605469 -0.0839767456054687 0.127799987792969
0.18121337890625 0.0416259765625 -0.1103515625 0.019805908203125
0.108917236328125 0.150619506835937 0.0353889465332031 0.00327301025390626
-0.0119781494140625 0.192031860351563 0.0773773193359375 0.241989135742188
0.090087890625 -0.0717544555664063 -0.109161376953125 -0.270401000976563
-0.0359344482421875 -0.0976486206054688 -0.0514106750488281 -0.0325736999511719
-0.092620849609375 -0.0260467529296875 0.123893737792969 -0.0217819213867188
-0.0622444152832031 0.0479507446289063 0.120162963867187 -0.159622192382813
-0.00724029541015626 0.071136474609375 -0.00233459472656249 -0.217666625976563
0.0450172424316406 0.0607872009277344 -0.121917724609375 -0.206512451171875
0.0399208068847656 0.0393333435058594 -0.193069458007813 -0.137893676757813
0.0331840515136719 0.0366744995117188 -0.158447265625 -0.0936126708984375
0.0309944152832031 0.0423316955566406 -0.133018493652344 -0.067718505859375
-0.00360870361328125 0.0453109741210937 -0.110397338867188 -0.0638961791992187
-0.041229248046875 0.0171318054199219 -0.118949890136719 -0.0573883056640625
-0.0441627502441406 -0.0444602966308594 -0.146102905273437 -0.105255126953125
0.0179214477539062 -0.0862960815429688 -0.145889282226562 -0.192047119140625
0.090057373046875 -0.071746826171875 -0.187713623046875 -0.258621215820313
0.140281677246094 -0.028778076171875 -0.191070556640625 -0.281463623046875
0.162673950195313 0.047271728515625 -0.066162109375 -0.29144287109375
0.0608367919921875 -0.0399589538574219 -0.0298843383789063 -0.0484123229980469
0.019622802734375 -0.0360679626464844 0.145736694335938 -0.015106201171875
-0.000635147094726564 -0.0202388763427734 0.145401000976563 -0.164718627929688
0.00574588775634766 -0.0125770568847656 0.0204925537109375 -0.234146118164063
-0.00231838226318359 -0.0109872817993164 -0.121612548828125 -0.221664428710937
-0.0302562713623047 -0.0139656066894531 -0.197113037109375 -0.139129638671875
-0.0253219604492187 -0.0209693908691406 -0.157791137695313 -0.0825347900390625
-0.0338096618652344 -0.0188388824462891 -0.134910583496094 -0.0576858520507812
-0.0325241088867187 -0.0322113037109375 -0.117263793945313 -0.0479736328125
-0.0136375427246094 -0.0643043518066406 -0.119270324707031 -0.0397186279296875
0.0358047485351562 -0.0912704467773437 -0.147216796875 -0.0894927978515625
0.125343322753906 -0.0486297607421875 -0.149703979492188 -0.165618896484375
0.177169799804688 0.008270263671875 -0.182083129882813 -0.2313232421875
0.197036743164063 0.09423828125 -0.163055419921875 -0.25518798828125
0.203811645507813 0.170639038085938 -0.000946044921874981 -0.266693115234375
0.1478271484375 0.0465240478515625 0.0123748779296875 -0.0371475219726563
0.146987915039063 -0.020111083984375 0.175384521484375 0.0071258544921875
0.0833511352539063 -0.080841064453125 0.1787109375 -0.152191162109375
0.0353927612304688 -0.0992279052734375 0.05621337890625 -0.22955322265625
-0.0393218994140625 -0.0889053344726563 -0.102005004882813 -0.219207763671875
-0.0921401977539063 -0.0705184936523437 -0.175857543945313 -0.127166748046875
-0.0800704956054687 -0.0768585205078125 -0.133201599121094 -0.058013916015625
-0.0977096557617188 -0.0740585327148437 -0.114608764648437 -0.031463623046875
-0.0695571899414063 -0.0989532470703125 -0.107200622558594 -0.0118637084960938
-0.00729370117187501 -0.140533447265625 -0.111412048339844 -0.000991821289062525
0.0861358642578125 -0.145965576171875 -0.148330688476563 -0.0534820556640625
0.213119506835937 -0.0403289794921875 -0.155929565429687 -0.125473022460938
0.2496337890625 0.0578155517578125 -0.164291381835937 -0.189483642578125
0.235610961914063 0.189773559570313 -0.12213134765625 -0.191940307617188
0.204910278320313 0.274581909179688 0.07147216796875 -0.1929931640625
0.203720092773438 0.146087646484375 0.0679779052734375 0.00571060180664063
0.261627197265625 0.025604248046875 0.203231811523438 0.046112060546875
0.175506591796875 -0.117843627929688 0.209747314453125 -0.115234375
0.0777587890625 -0.170074462890625 0.0948486328125 -0.197540283203125
-0.060272216796875 -0.161087036132813 -0.0644683837890625 -0.194473266601563
-0.136856079101563 -0.119697570800781 -0.1309814453125 -0.0997390747070313
-0.121864318847656 -0.120895385742188 -0.0889968872070313 -0.0248489379882813
-0.150482177734375 -0.11370849609375 -0.0741806030273438 0.00306701660156248
-0.107162475585938 -0.145309448242188 -0.0778274536132813 0.0338592529296875
-0.0160675048828125 -0.199783325195312 -0.0878677368164063 0.0445327758789062
0.10809326171875 -0.19354248046875 -0.138427734375 -0.00746154785156251
0.268203735351563 -0.048553466796875 -0.153961181640625 -0.081451416015625
0.293304443359375 0.0838623046875 -0.130340576171875 -0.145355224609375
0.24725341796875 0.2506103515625 -0.068939208984375 -0.107749938964844
0.167083740234375 0.33245849609375 0.136245727539063 -0.08233642578125
0.211013793945312 0.230392456054688 0.120399475097656 0.073883056640625
0.32623291015625 0.08905029296875 0.213943481445313 0.0950164794921875
0.247390747070312 -0.118057250976562 0.2232666015625 -0.0562591552734375
0.120941162109375 -0.206802368164062 0.124488830566406 -0.138565063476563
-0.0628814697265625 -0.2073974609375 -0.019683837890625 -0.144638061523438
-0.158050537109375 -0.151535034179688 -0.0704116821289063 -0.0604705810546875
-0.145111083984375 -0.14642333984375 -0.0326557159423828 0.0121116638183594
-0.182708740234375 -0.1353759765625 -0.0190582275390625 0.040252685546875
-0.134567260742187 -0.168930053710938 -0.0330657958984375 0.0807723999023438
-0.027679443359375 -0.231170654296875 -0.0532379150390625 0.08880615234375
0.113433837890625 -0.218338012695313 -0.118820190429687 0.0371627807617187
0.288848876953125 -0.04974365234375 -0.141632080078125 -0.0419464111328125
0.299163818359375 0.10357666015625 -0.0836029052734375 -0.106796264648438
0.225051879882813 0.27960205078125 -0.0101642608642578 -0.0155353546142578
0.10107421875 0.328277587890625 0.183517456054688 0.0440826416015625
0.1671142578125 0.269271850585938 0.160507202148438 0.150466918945313
0.314971923828125 0.144378662109375 0.20477294921875 0.13897705078125
0.267791748046875 -0.086761474609375 0.21270751953125 0.00912475585937499
0.143081665039063 -0.19976806640625 0.133934020996094 -0.0659408569335938
-0.0525665283203125 -0.21600341796875 0.0228805541992187 -0.0798873901367188
-0.154159545898438 -0.15765380859375 -0.0048208236694336 -0.0142030715942383
-0.14569091796875 -0.149765014648438 0.0287132263183594 0.0470123291015625
-0.187149047851562 -0.138427734375 0.0420150756835937 0.0743026733398437
-0.13970947265625 -0.170364379882813 0.0171432495117187 0.122261047363281
-0.029144287109375 -0.234222412109375 -0.0176620483398438 0.127593994140625
0.113174438476562 -0.2120361328125 -0.0974578857421875 0.0745391845703125
0.280014038085937 -0.03265380859375 -0.127143859863281 -0.0133819580078125
0.267379760742188 0.125228881835938 -0.03314208984375 -0.0718231201171875
0.17132568359375 0.281005859375 0.044036865234375 0.07623291015625
0.0209503173828125 0.261016845703125 0.208206176757813 0.15771484375
0.091156005859375 0.246902465820312 0.182785034179687 0.217269897460938
0.237869262695313 0.161102294921875 0.183212280273438 0.16424560546875
0.228485107421875 -0.0430908203125 0.1866455078125 0.0624847412109375
0.1312255859375 -0.155471801757813 0.128494262695313 -0.00054931640625001
-0.037200927734375 -0.184463500976562 0.0585250854492187 -0.0154914855957031
-0.128166198730469 -0.137428283691406 0.0573234558105469 0.0286636352539062
-0.125396728515625 -0.130592346191406 0.0864181518554687 0.0742645263671875
-0.162948608398438 -0.12432861328125 0.101516723632812 0.104118347167969
-0.123291015625 -0.151077270507813 0.0641326904296875 0.159591674804688
-0.0208282470703125 -0.209320068359375 0.0116729736328125 0.160980224609375
0.109085083007813 -0.180160522460938 -0.0829315185546875 0.10638427734375
0.244979858398438 -0.001129150390625 -0.114448547363281 0.00852203369140624
0.204742431640625 0.14263916015625 0.00935363769531251 -0.0369796752929687
0.0924224853515625 0.253509521484375 0.080963134765625 0.16259765625
-0.060546875 0.148239135742188 0.210617065429688 0.231399536132813
0.00413513183593749 0.171463012695313 0.188934326171875 0.254226684570313
0.122276306152344 0.134422302246094 0.160491943359375 0.169464111328125
0.144866943359375 -0.0049285888671875 0.161270141601563 0.093505859375
0.0901336669921875 -0.0887451171875 0.117912292480469 0.0423660278320312
-0.019561767578125 -0.120384216308594 0.08502197265625 0.0310440063476562
-0.0830230712890625 -0.0945358276367188 0.106056213378906 0.0590896606445313
-0.0849380493164063 -0.0915756225585937 0.130752563476563 0.0915145874023437
-0.113296508789063 -0.0925064086914062 0.148223876953125 0.128219604492188
-0.0874786376953125 -0.114158630371094 0.09893798828125 0.189712524414062
-0.00691223144531251 -0.159255981445313 0.0267181396484375 0.1898193359375
0.0943222045898438 -0.126487731933594 -0.0779190063476563 0.133445739746094
0.183837890625 0.0303192138671875 -0.111274719238281 0.0247344970703125
0.117416381835938 0.1439208984375 0.0342464447021485 -0.00172805786132812
0.000442504882812481 0.192703247070312 0.090667724609375 0.235458374023438
0.0865325927734375 -0.0760116577148438 -0.119674682617188 -0.265716552734375
-0.0390701293945313 -0.0950927734375 -0.0517692565917969 -0.027496337890625
-0.0933303833007812 -0.0213165283203125 0.124893188476563 -0.02532958984375
-0.0608711242675781 0.0503273010253906 0.117904663085938 -0.163223266601563
-0.0050048828125 0.0710601806640625 -0.00755310058593748 -0.218292236328125
0.0478973388671875 0.0578651428222656 -0.128860473632812 -0.203750610351563
0.0427894592285156 0.0366897583007813 -0.198532104492188 -0.131484985351562
0.0343971252441406 0.0338802337646484 -0.1634521484375 -0.0894927978515625
0.03204345703125 0.0396385192871094 -0.136238098144531 -0.064117431640625
-0.000335693359374998 0.0432281494140625 -0.113998413085937 -0.0611801147460937
-0.0387496948242188 0.0189399719238281 -0.122467041015625 -0.0555191040039063
-0.0458106994628906 -0.042388916015625 -0.15142822265625 -0.101455688476563
0.0142135620117188 -0.0858612060546875 -0.152313232421875 -0.188339233398437
0.0880584716796875 -0.0738677978515625 -0.1951904296875 -0.254135131835938
0.139053344726563 -0.0348892211914063 -0.200775146484375 -0.277847290039062
0.164413452148438 0.04119873046875 -0.077850341796875 -0.28887939453125
0.0593147277832031 -0.0398902893066406 -0.0328826904296875 -0.0437164306640625
0.0190086364746094 -0.0357093811035156 0.147140502929688 -0.019378662109375
-0.00183868408203125 -0.0196456909179688 0.142669677734375 -0.169464111328125
0.00462818145751953 -0.013671875 0.0143585205078125 -0.2354736328125
-0.0020294189453125 -0.011138916015625 -0.128921508789062 -0.217941284179688
-0.0299091339111328 -0.0133571624755859 -0.2021484375 -0.13250732421875
-0.0267086029052734 -0.0213642120361328 -0.160720825195312 -0.0782012939453125
-0.0345535278320312 -0.0195865631103516 -0.137649536132813 -0.0539093017578125
-0.0320854187011719 -0.0320720672607422 -0.119644165039063 -0.0447769165039062
-0.0145072937011719 -0.063446044921875 -0.122879028320313 -0.0363922119140625
0.03350830078125 -0.0924835205078125 -0.153427124023438 -0.0857696533203125
0.124229431152344 -0.05169677734375 -0.157073974609375 -0.162322998046875
0.177276611328125 0.0032806396484375 -0.190475463867188 -0.227462768554687
0.200271606445312 0.0879974365234375 -0.172988891601563 -0.252609252929688
0.210205078125 0.164291381835938 -0.0128173828125 -0.266006469726563
0.149856567382813 0.0438232421875 0.00909805297851564 -0.0339546203613281
0.14776611328125 -0.024871826171875 0.178680419921875 0.002532958984375
0.08087158203125 -0.0841522216796875 0.17626953125 -0.157806396484375
0.0318527221679688 -0.102210998535156 0.0496673583984375 -0.23272705078125
-0.0428009033203125 -0.08795166015625 -0.10882568359375 -0.21612548828125
-0.0950088500976562 -0.0668106079101563 -0.179122924804688 -0.120468139648438
-0.083740234375 -0.0753936767578125 -0.134223937988281 -0.0545425415039063
-0.10076904296875 -0.0710296630859375 -0.115394592285156 -0.02740478515625
-0.07183837890625 -0.0964126586914063 -0.1080322265625 -0.00770568847656249
-0.0111083984375 -0.140129089355469 -0.112899780273437 0.00215148925781247
0.0822906494140625 -0.149429321289063 -0.153610229492188 -0.0496673583984375
0.212417602539063 -0.0476837158203125 -0.162872314453125 -0.121566772460937
0.250717163085938 0.050872802734375 -0.172454833984375 -0.185989379882812
0.243377685546875 0.182785034179688 -0.130218505859375 -0.190399169921875
0.215591430664063 0.269149780273438 0.0622406005859375 -0.195220947265625
0.208847045898438 0.142669677734375 0.064422607421875 0.00708389282226563
0.265853881835938 0.0166778564453125 0.207763671875 0.0413360595703125
0.172683715820313 -0.124481201171875 0.20880126953125 -0.12152099609375
0.0727996826171875 -0.175949096679688 0.090240478515625 -0.201461791992188
-0.0658721923828125 -0.158416748046875 -0.0708465576171875 -0.19134521484375
-0.141708374023438 -0.113296508789063 -0.133438110351563 -0.095062255859375
-0.127334594726563 -0.117347717285156 -0.0888290405273438 -0.0222091674804688
-0.155166625976563 -0.108001708984375 -0.0732803344726563 0.007049560546875
-0.111900329589844 -0.140403747558594 -0.0761260986328125 0.0385665893554687
-0.023590087890625 -0.199203491210938 -0.0878753662109375 0.048126220703125
0.102676391601563 -0.198043823242188 -0.14288330078125 -0.00326538085937501
0.267745971679688 -0.057708740234375 -0.160125732421875 -0.07769775390625
0.295654296875 0.074249267578125 -0.138381958007812 -0.143417358398438
0.257675170898438 0.243865966796875 -0.0745468139648437 -0.108207702636719
0.179534912109375 0.328338623046875 0.131500244140625 -0.0857009887695312
0.21881103515625 0.227020263671875 0.11956787109375 0.0728530883789063
0.332550048828125 0.078582763671875 0.220245361328125 0.09063720703125
0.244094848632813 -0.126876831054688 0.223983764648438 -0.0629119873046875
0.114395141601562 -0.2147216796875 0.121292114257813 -0.143112182617188
-0.069976806640625 -0.204498291015625 -0.0251617431640625 -0.14276123046875
-0.164596557617188 -0.143569946289062 -0.071929931640625 -0.0567474365234375
-0.151962280273437 -0.14190673828125 -0.0298938751220703 0.0130691528320312
-0.187957763671875 -0.1273193359375 -0.0165977478027344 0.0431671142578125
-0.139541625976563 -0.162445068359375 -0.0293731689453125 0.083984375
-0.0375213623046875 -0.230667114257813 -0.0508346557617187 0.0915374755859375
0.106124877929688 -0.222564697265625 -0.121192932128906 0.0413131713867187
0.28851318359375 -0.060760498046875 -0.147430419921875 -0.0386505126953125
0.30218505859375 0.093292236328125 -0.08917236328125 -0.105667114257813
0.236709594726563 0.273681640625 -0.012369155883789 -0.0170249938964844
0.114593505859375 0.326446533203125 0.18255615234375 0.0401153564453125
0.176254272460937 0.266799926757813 0.162109375 0.148422241210938
0.32452392578125 0.133453369140625 0.212539672851563 0.13470458984375
0.266159057617188 -0.09637451171875 0.214935302734375 0.00277709960937499
0.137008666992188 -0.207061767578125 0.133232116699219 -0.0703506469726563
-0.0605316162109375 -0.213531494140625 0.0199661254882813 -0.0789031982421875
-0.16094970703125 -0.149124145507812 -0.0041952133178711 -0.0126628875732422
-0.153060913085937 -0.144271850585938 0.0327491760253906 0.0458412170410156
-0.193450927734375 -0.130599975585938 0.0462188720703125 0.0754013061523437
-0.1456298828125 -0.162445068359375 0.0224227905273437 0.124114990234375
-0.0394439697265625 -0.233428955078125 -0.0127487182617188 0.128913879394531
0.106063842773438 -0.2161865234375 -0.0981063842773438 0.0783920288085937
0.280548095703125 -0.043304443359375 -0.13116455078125 -0.00971984863281249
0.27203369140625 0.1158447265625 -0.0377426147460937 -0.0728836059570312
0.182998657226563 0.277603149414063 0.0454864501953125 0.0731582641601563
0.0303802490234375 0.262374877929688 0.211837768554688 0.153060913085938
0.099456787109375 0.245437622070312 0.186431884765625 0.213150024414063
0.246780395507813 0.152587890625 0.19061279296875 0.160614013671875
0.227615356445313 -0.0517425537109375 0.190658569335938 0.0572357177734375
0.126495361328125 -0.161712646484375 0.129470825195312 -0.00488281250000001
-0.0440216064453125 -0.181961059570313 0.0575942993164063 -0.0160980224609375
-0.134162902832031 -0.1295166015625 0.0598793029785156 0.0280838012695312
-0.131370544433594 -0.125625610351563 0.0917892456054687 0.071502685546875
-0.167633056640625 -0.116287231445312 0.106521606445313 0.102577209472656
-0.1290283203125 -0.144729614257813 0.070648193359375 0.159744262695313
-0.0297698974609375 -0.208084106445313 0.0165557861328125 0.161483764648438
0.102691650390625 -0.183761596679688 -0.08135986328125 0.1102294921875
0.246810913085938 -0.01055908203125 -0.1177978515625 0.0114364624023438
0.209243774414063 0.135757446289063 0.00608825683593751 -0.0393104553222656
0.102859497070313 0.251998901367188 0.0858306884765625 0.15924072265625
-0.054779052734375 0.1513671875 0.216705322265625 0.228073120117188
0.0108489990234375 0.17266845703125 0.19525146484375 0.250152587890625
0.12908935546875 0.12860107421875 0.166717529296875 0.16534423828125
0.144088745117188 -0.0110015869140625 0.165939331054688 0.0894775390625
0.0869979858398438 -0.0936126708984375 0.120399475097656 0.038330078125
-0.0242538452148438 -0.118339538574219 0.0858383178710938 0.0293197631835937
-0.0875167846679687 -0.0884170532226563 0.109725952148438 0.056365966796875
-0.0899429321289063 -0.0878982543945313 0.136703491210938 0.0867843627929688
-0.117538452148437 -0.0863876342773438 0.154449462890625 0.125
-0.0916976928710938 -0.108963012695313 0.106582641601563 0.188735961914062
-0.0141754150390625 -0.1585693359375 0.0322113037109375 0.189483642578125
0.08917236328125 -0.1304931640625 -0.0755767822265625 0.136543273925781
0.185714721679687 0.0230865478515625 -0.113525390625 0.0272750854492187
0.122039794921875 0.139579772949219 0.0323162078857422 -0.00535011291503905
0.00761413574218751 0.192657470703125 0.098358154296875 0.231552124023438
0.08587646484375 -0.079864501953125 -0.128646850585938 -0.269149780273438
-0.0417327880859375 -0.0952987670898438 -0.0524177551269531 -0.0241928100585937
-0.0951385498046875 -0.0181732177734375 0.128684997558594 -0.0283737182617188
-0.0611572265625 0.053985595703125 0.118988037109375 -0.1702880859375
-0.00339508056640625 0.0725021362304688 -0.00997924804687502 -0.22344970703125
0.0503158569335937 0.0562667846679688 -0.135162353515625 -0.207412719726563
0.0456619262695313 0.0344390869140625 -0.206558227539062 -0.1307373046875
0.0357246398925781 0.0328407287597656 -0.170639038085938 -0.0897064208984375
0.0328826904296875 0.03753662109375 -0.141845703125 -0.063812255859375
0.00177383422851562 0.0418167114257813 -0.119117736816406 -0.0604324340820312
-0.0371475219726563 0.0201911926269531 -0.128448486328125 -0.0548858642578125
-0.0473747253417969 -0.0422515869140625 -0.158615112304688 -0.102401733398437
0.0130386352539063 -0.0871505737304687 -0.158218383789063 -0.189926147460938
0.0882110595703125 -0.0767059326171875 -0.203994750976563 -0.257781982421875
0.14019775390625 -0.03857421875 -0.211273193359375 -0.28253173828125
0.168258666992188 0.038299560546875 -0.08740234375 -0.29248046875
0.0601272583007813 -0.0408782958984375 -0.0352210998535156 -0.0405387878417969
0.0198745727539063 -0.0354995727539062 0.152328491210938 -0.02154541015625
-0.00169754028320313 -0.0192832946777344 0.144271850585938 -0.176620483398438
0.004180908203125 -0.0143775939941406 0.01239013671875 -0.24127197265625
-0.00248050689697266 -0.0118427276611328 -0.135498046875 -0.220916748046875
-0.0302314758300781 -0.0128746032714844 -0.209320068359375 -0.1309814453125
-0.0282039642333984 -0.0227603912353516 -0.16644287109375 -0.078277587890625
-0.0364494323730469 -0.0208892822265625 -0.142044067382813 -0.05267333984375
-0.0317020416259766 -0.0337390899658203 -0.123939514160156 -0.0431289672851563
-0.0144691467285156 -0.0645332336425781 -0.127799987792969 -0.0354080200195313
0.0328521728515625 -0.094879150390625 -0.161239624023437 -0.0856170654296875
0.126243591308594 -0.0549850463867187 -0.164093017578125 -0.163528442382813
0.180419921875 0.0011749267578125 -0.199554443359375 -0.23065185546875
0.206268310546875 0.0863800048828125 -0.182693481445312 -0.25762939453125
0.2188720703125 0.16436767578125 -0.0209503173828125 -0.27093505859375
0.154144287109375 0.044219970703125 0.00680541992187501 -0.0308208465576172
0.15252685546875 -0.0279083251953125 0.18597412109375 0.000503540039062498
0.0811843872070313 -0.08721923828125 0.179763793945312 -0.165054321289063
0.029449462890625 -0.106460571289063 0.048004150390625 -0.239181518554687
-0.0450439453125 -0.0889434814453125 -0.114669799804687 -0.21881103515625
-0.0980911254882813 -0.0655670166015625 -0.18670654296875 -0.119354248046875
-0.08795166015625 -0.0760955810546875 -0.137901306152344 -0.05462646484375
-0.10546875 -0.0709991455078125 -0.118743896484375 -0.026275634765625
-0.0739822387695312 -0.0968551635742188 -0.110244750976563 -0.00526428222656248
-0.0133514404296875 -0.143325805664062 -0.116539001464844 0.0047454833984375
0.082000732421875 -0.154495239257813 -0.16156005859375 -0.048095703125
0.217056274414062 -0.0530548095703125 -0.170730590820313 -0.12286376953125
0.256378173828125 0.0476837158203125 -0.181533813476563 -0.188796997070312
0.252288818359375 0.183853149414063 -0.138641357421875 -0.195236206054687
0.226638793945313 0.271957397460938 0.0566253662109375 -0.19921875
0.2164306640625 0.14501953125 0.0634918212890625 0.00941848754882813
0.274642944335938 0.0114898681640625 0.2174072265625 0.04010009765625
0.174423217773437 -0.129745483398438 0.2137451171875 -0.1282958984375
0.0700225830078125 -0.183120727539062 0.08905029296875 -0.208694458007813
-0.0703582763671875 -0.159469604492188 -0.075225830078125 -0.193557739257813
-0.14727783203125 -0.111221313476563 -0.137809753417969 -0.0936431884765625
-0.134193420410156 -0.118698120117187 -0.088958740234375 -0.0224685668945313
-0.1617431640625 -0.10638427734375 -0.0741806030273438 0.00930786132812501
-0.115989685058594 -0.140327453613281 -0.0761871337890625 0.0417404174804688
-0.0282745361328125 -0.202789306640625 -0.0899429321289063 0.0515899658203125
0.101226806640625 -0.205123901367187 -0.149673461914063 -0.000183105468750027
0.274169921875 -0.0644989013671875 -0.168228149414062 -0.0770721435546875
0.30352783203125 0.071533203125 -0.146133422851563 -0.145248413085937
0.268722534179688 0.24725341796875 -0.080291748046875 -0.110595703125
0.191009521484375 0.334381103515625 0.129386901855469 -0.087921142578125
0.228042602539063 0.230667114257813 0.120079040527344 0.07574462890625
0.34490966796875 0.073577880859375 0.230758666992188 0.0896148681640625
0.248397827148438 -0.134918212890625 0.22991943359375 -0.06793212890625
0.112503051757813 -0.2236328125 0.122268676757812 -0.149093627929688
-0.075469970703125 -0.206329345703125 -0.0281829833984375 -0.1439208984375
-0.170852661132812 -0.140548706054688 -0.0731735229492188 -0.0559463500976563
-0.1595458984375 -0.1416015625 -0.0278491973876953 0.0134620666503906
-0.195877075195313 -0.125030517578125 -0.0147781372070313 0.0452995300292969
-0.145187377929688 -0.16070556640625 -0.0270843505859375 0.0881195068359375
-0.04364013671875 -0.234390258789063 -0.0509490966796875 0.0955352783203125
0.104095458984375 -0.230056762695312 -0.126167297363281 0.0451507568359375
0.294586181640625 -0.06817626953125 -0.154708862304687 -0.0370635986328125
0.310272216796875 0.090545654296875 -0.0962295532226562 -0.108146667480469
0.2496337890625 0.277740478515625 -0.0144577026367187 -0.0189971923828125
0.123779296875 0.333831787109375 0.184677124023438 0.040069580078125
0.185150146484375 0.271652221679688 0.164840698242187 0.15087890625
0.337005615234375 0.129486083984375 0.223129272460938 0.135589599609375
0.270217895507813 -0.1036376953125 0.2213134765625 -0.000762939453125006
0.134674072265625 -0.217330932617188 0.135848999023438 -0.0749053955078125
-0.0657806396484375 -0.215072631835938 0.0189208984375 -0.0792236328125
-0.167739868164063 -0.146209716796875 -0.00256824493408204 -0.012171745300293
-0.160919189453125 -0.1436767578125 0.0373306274414062 0.0459098815917969
-0.2003173828125 -0.126358032226563 0.05084228515625 0.0772171020507812
-0.151123046875 -0.160736083984375 0.02703857421875 0.128585815429688
-0.0474090576171875 -0.236541748046875 -0.0114593505859375 0.132308959960937
0.103378295898437 -0.223739624023438 -0.101303100585937 0.0830459594726563
0.285919189453125 -0.050048828125 -0.137306213378906 -0.00691986083984374
0.278915405273438 0.114105224609375 -0.0429840087890625 -0.0748519897460937
0.1939697265625 0.2813720703125 0.046417236328125 0.0727462768554688
0.0383453369140625 0.268707275390625 0.21661376953125 0.154815673828125
0.106613159179688 0.24993896484375 0.191848754882813 0.216445922851563
0.257781982421875 0.150161743164062 0.199554443359375 0.162384033203125
0.2310791015625 -0.0579833984375 0.197021484375 0.05487060546875
0.12481689453125 -0.169815063476563 0.133514404296875 -0.00724029541015626
-0.0481719970703125 -0.183349609375 0.0589332580566406 -0.01605224609375
-0.140541076660156 -0.126487731933594 0.062774658203125 0.0276451110839844
-0.138771057128906 -0.124603271484375 0.0978469848632812 0.0708694458007812
-0.174407958984375 -0.113052368164063 0.113052368164062 0.104759216308594
-0.133865356445312 -0.141860961914063 0.0762939453125 0.163818359375
-0.0368499755859375 -0.211380004882812 0.0192718505859375 0.165115356445313
0.100296020507813 -0.189849853515625 -0.0824203491210937 0.114700317382813
0.252899169921875 -0.016265869140625 -0.123695373535156 0.0143203735351562
0.216156005859375 0.135467529296875 0.00310516357421876 -0.0428047180175781
0.110595703125 0.256362915039062 0.0896759033203125 0.159561157226563
-0.05181884765625 0.156005859375 0.224716186523438 0.231613159179688
0.0148773193359375 0.1761474609375 0.202468872070313 0.25335693359375
0.135818481445313 0.127853393554688 0.173477172851563 0.167144775390625
0.145401000976563 -0.0147247314453125 0.171539306640625 0.0890960693359375
0.0863571166992188 -0.0982284545898438 0.125022888183594 0.0375289916992187
-0.0271987915039062 -0.118766784667969 0.0889968872070313 0.029632568359375
-0.091705322265625 -0.0852279663085938 0.114601135253906 0.0554962158203125
-0.0950393676757813 -0.0863571166992187 0.1434326171875 0.086944580078125
-0.122421264648438 -0.0838241577148437 0.1619873046875 0.126602172851562
-0.09503173828125 -0.107131958007812 0.11322021484375 0.192184448242188
-0.01959228515625 -0.16070556640625 0.0356597900390625 0.193466186523437
0.087860107421875 -0.135078430175781 -0.076751708984375 0.141738891601563
0.1910400390625 0.0191650390625 -0.119110107421875 0.0301742553710938
0.127067565917969 0.140480041503906 0.0306720733642578 -0.00834655761718749
0.0123748779296875 0.197021484375 0.104751586914063 0.233383178710938
0.0865631103515625 -0.0866622924804687 -0.1436767578125 -0.275985717773438
-0.0459823608398438 -0.0973968505859375 -0.0551910400390625 -0.0202484130859375
-0.0988311767578125 -0.0150375366210938 0.135887145996094 -0.0328521728515625
-0.0616416931152344 0.0590934753417969 0.121109008789063 -0.182113647460938
-0.000991821289062505 0.076690673828125 -0.0146484375 -0.234481811523438
0.0546722412109375 0.0557365417480469 -0.146499633789062 -0.21478271484375
0.0495185852050781 0.0324974060058594 -0.220657348632813 -0.13092041015625
0.0379562377929687 0.031768798828125 -0.183090209960938 -0.0890655517578125
0.0343055725097656 0.0360374450683594 -0.151885986328125 -0.06402587890625
0.00438690185546875 0.0411720275878906 -0.127510070800781 -0.0608901977539062
-0.0363388061523438 0.0214729309082031 -0.138198852539062 -0.05517578125
-0.0507164001464844 -0.0420722961425781 -0.170867919921875 -0.1031494140625
0.0114974975585938 -0.0901031494140625 -0.169509887695313 -0.196212768554688
0.0902252197265625 -0.081573486328125 -0.219009399414062 -0.265411376953125
0.144729614257813 -0.044586181640625 -0.22943115234375 -0.291656494140625
0.176071166992188 0.03460693359375 -0.102386474609375 -0.30126953125
0.0623626708984375 -0.0425910949707031 -0.0382118225097656 -0.0373420715332031
0.02142333984375 -0.0370101928710937 0.16162109375 -0.0269012451171875
-0.00208473205566406 -0.01898193359375 0.147323608398438 -0.18896484375
0.00395870208740234 -0.0153532028198242 0.00701904296875001 -0.252517700195313
-0.00234794616699219 -0.012944221496582 -0.146865844726562 -0.227584838867188
-0.0310707092285156 -0.0138778686523437 -0.22369384765625 -0.130996704101563
-0.0310478210449219 -0.0238609313964844 -0.176971435546875 -0.07781982421875
-0.0394020080566406 -0.0216445922851563 -0.151809692382813 -0.0517425537109375
-0.0324058532714844 -0.0361709594726562 -0.131553649902344 -0.0420761108398438
-0.0152397155761719 -0.0676918029785156 -0.136360168457031 -0.0341567993164063
0.0320205688476563 -0.100395202636719 -0.1739501953125 -0.085357666015625
0.130699157714844 -0.0595703125 -0.17633056640625 -0.167938232421875
0.187652587890625 -0.0026092529296875 -0.214599609375 -0.23748779296875
0.217559814453125 0.0850982666015625 -0.201416015625 -0.2662353515625
0.233612060546875 0.165847778320313 -0.0328369140625 -0.280563354492188
0.16278076171875 0.04449462890625 0.0048046112060547 -0.0282669067382812
0.160903930664063 -0.033111572265625 0.197967529296875 -0.0046539306640625
0.0831146240234375 -0.0923385620117188 0.185302734375 -0.178070068359375
0.02734375 -0.113136291503906 0.0453033447265625 -0.251846313476563
-0.0490798950195313 -0.09112548828125 -0.12548828125 -0.225234985351562
-0.10333251953125 -0.0647506713867188 -0.197494506835937 -0.119125366210938
-0.09552001953125 -0.0772628784179688 -0.145523071289063 -0.054656982421875
-0.113136291503906 -0.0711517333984375 -0.125892639160156 -0.0238494873046875
-0.0785446166992188 -0.100166320800781 -0.115638732910156 -0.00164794921875002
-0.017242431640625 -0.149139404296875 -0.123329162597656 0.00832366943359374
0.08282470703125 -0.165069580078125 -0.173690795898438 -0.04595947265625
0.226760864257813 -0.060546875 -0.184097290039062 -0.123992919921875
0.269287109375 0.0443572998046875 -0.196502685546875 -0.193191528320312
0.269790649414063 0.186538696289063 -0.15234375 -0.20233154296875
0.245620727539063 0.279022216796875 0.050262451171875 -0.207931518554687
0.231277465820313 0.148345947265625 0.0637550354003906 0.0124893188476563
0.2904052734375 0.003753662109375 0.232650756835938 0.0356292724609375
0.179580688476563 -0.140853881835938 0.221054077148437 -0.139541625976563
0.0675048828125 -0.195648193359375 0.0886688232421875 -0.220718383789063
-0.077423095703125 -0.164108276367188 -0.083831787109375 -0.198501586914063
-0.156646728515625 -0.110305786132813 -0.145492553710937 -0.0934295654296875
-0.144851684570313 -0.12042236328125 -0.0923538208007813 -0.0219955444335938
-0.173507690429688 -0.106033325195313 -0.0772857666015625 0.0127792358398437
-0.124359130859375 -0.142318725585938 -0.0784225463867188 0.0475540161132812
-0.0355224609375 -0.210479736328125 -0.0936126708984375 0.0570220947265625
0.101043701171875 -0.21868896484375 -0.160171508789063 0.00354003906250001
0.286468505859375 -0.075042724609375 -0.180496215820312 -0.075836181640625
0.31829833984375 0.0675048828125 -0.158309936523437 -0.149765014648438
0.290313720703125 0.25311279296875 -0.0894546508789062 -0.115852355957031
0.211151123046875 0.34539794921875 0.12921142578125 -0.0934982299804687
0.245437622070312 0.23822021484375 0.124374389648438 0.0800247192382813
0.366119384765625 0.06640625 0.248260498046875 0.0877685546875
0.255966186523438 -0.14776611328125 0.240020751953125 -0.0773468017578125
0.110519409179688 -0.239349365234375 0.124649047851563 -0.159393310546875
-0.0848541259765625 -0.21270751953125 -0.0326080322265625 -0.148162841796875
-0.182754516601562 -0.13958740234375 -0.0767593383789063 -0.0551681518554687
-0.172271728515625 -0.143905639648438 -0.0266437530517578 0.0134258270263672
-0.209075927734375 -0.123336791992187 -0.0126762390136719 0.0489654541015625
-0.1558837890625 -0.162002563476562 -0.0250244140625 0.0947418212890625
-0.0532684326171875 -0.242568969726562 -0.0512313842773438 0.102218627929687
0.102798461914063 -0.24517822265625 -0.13372802734375 0.0508193969726562
0.30780029296875 -0.07989501953125 -0.165969848632812 -0.0337982177734375
0.326812744140625 0.08673095703125 -0.105690002441406 -0.111495971679688
0.27032470703125 0.28594970703125 -0.0176715850830078 -0.0206432342529297
0.140899658203125 0.34649658203125 0.19097900390625 0.0390472412109375
0.201385498046875 0.281524658203125 0.172943115234375 0.156967163085938
0.359619140625 0.12469482421875 0.239852905273438 0.135711669921875
0.280014038085938 -0.116409301757813 0.232009887695313 -0.00648498535156251
0.133621215820313 -0.232955932617188 0.140869140625 -0.0815277099609375
-0.07452392578125 -0.221420288085937 0.0182418823242187 -0.0816726684570313
-0.179229736328125 -0.144912719726562 -0.00224304199218751 -0.0117378234863281
-0.174331665039062 -0.144882202148437 0.04345703125 0.0457344055175781
-0.2139892578125 -0.124740600585937 0.0577392578125 0.0818634033203125
-0.162979125976563 -0.161285400390625 0.0344009399414062 0.136154174804687
-0.057525634765625 -0.24432373046875 -0.00880432128906249 0.139869689941406
0.101364135742187 -0.238250732421875 -0.106124877929688 0.0904693603515625
0.29913330078125 -0.061309814453125 -0.147232055664062 -0.00299072265624998
0.29461669921875 0.1119384765625 -0.0492095947265625 -0.0788040161132813
0.213531494140625 0.291015625 0.0486602783203125 0.0745620727539063
0.0483245849609375 0.2811279296875 0.228469848632813 0.158935546875
0.119415283203125 0.26080322265625 0.202850341796875 0.223709106445313
0.27679443359375 0.148056030273437 0.21417236328125 0.164260864257813
0.239028930664063 -0.0680389404296875 0.20758056640625 0.052947998046875
0.124481201171875 -0.183456420898437 0.140518188476563 -0.0111312866210938
-0.0560760498046875 -0.188446044921875 0.0612411499023438 -0.015960693359375
-0.149627685546875 -0.1246337890625 0.0679206848144531 0.0280990600585937
-0.149703979492188 -0.124969482421875 0.106910705566406 0.0706405639648437
-0.18603515625 -0.110809326171875 0.124374389648437 0.108001708984375
-0.1436767578125 -0.142593383789063 0.0867462158203125 0.170074462890625
-0.0470123291015625 -0.218368530273437 0.0245513916015625 0.17242431640625
0.098541259765625 -0.202255249023438 -0.0855484008789063 0.123374938964844
0.2645263671875 -0.02508544921875 -0.131759643554687 0.0192031860351562
0.229217529296875 0.136260986328125 -0.000202178955078109 -0.0462150573730469
0.125137329101563 0.26611328125 0.09759521484375 0.163925170898438
-0.0487823486328125 0.165374755859375 0.239944458007813 0.238983154296875
0.02142333984375 0.184585571289063 0.21624755859375 0.261474609375
0.147735595703125 0.127716064453125 0.185958862304688 0.170745849609375
0.150634765625 -0.0204315185546875 0.182510375976563 0.088470458984375
0.0859375 -0.105995178222656 0.132972717285156 0.036041259765625
-0.031890869140625 -0.122711181640625 0.0937576293945312 0.0296783447265625
-0.0974349975585938 -0.0840377807617187 0.122543334960937 0.0550308227539062
-0.102951049804688 -0.085357666015625 0.155120849609375 0.08538818359375
-0.130615234375 -0.0824050903320312 0.17584228515625 0.128402709960938
-0.102745056152344 -0.107139587402344 0.12591552734375 0.199493408203125
-0.02728271484375 -0.166717529296875 0.0426483154296875 0.201873779296875
0.0872650146484375 -0.144012451171875 -0.077239990234375 0.151229858398438
0.200637817382813 0.014190673828125 -0.1259765625 0.0351104736328125
0.136688232421875 0.1436767578125 0.0301246643066406 -0.0121860504150391
0.0197601318359375 0.205551147460938 0.115264892578125 0.240432739257812
0.0846481323242188 -0.09588623046875 -0.168197631835938 -0.27947998046875
-0.052734375 -0.0988082885742187 -0.0579566955566406 -0.0149612426757813
-0.102790832519531 -0.00944519042968749 0.142822265625 -0.041168212890625
-0.0603713989257813 0.0666236877441406 0.11944580078125 -0.198989868164062
0.00354003906249999 0.0816650390625 -0.0265350341796875 -0.246780395507813
0.0615425109863281 0.0547065734863281 -0.165878295898438 -0.219253540039063
0.0540084838867188 0.0287857055664063 -0.240646362304688 -0.126312255859375
0.041656494140625 0.0296897888183594 -0.200332641601563 -0.0840301513671875
0.0373306274414063 0.0342864990234375 -0.166793823242187 -0.05975341796875
0.00729751586914063 0.0406227111816406 -0.139541625976563 -0.05841064453125
-0.0351715087890625 0.0235748291015625 -0.150970458984375 -0.0507659912109375
-0.0549278259277344 -0.0410652160644531 -0.18707275390625 -0.099334716796875
0.00669097900390624 -0.0942611694335938 -0.1881103515625 -0.199111938476563
0.0905990600585938 -0.0898895263671875 -0.244033813476563 -0.269027709960938
0.149002075195313 -0.0546112060546875 -0.257476806640625 -0.297607421875
0.187408447265625 0.0269012451171875 -0.12646484375 -0.30877685546875
0.0637741088867188 -0.045745849609375 -0.0421295166015625 -0.032318115234375
0.0226554870605469 -0.0395240783691406 0.171356201171875 -0.03643798828125
-0.00152778625488281 -0.0187797546386719 0.146514892578125 -0.207443237304688
0.00273418426513672 -0.0164403915405273 -0.00459289550781252 -0.267318725585938
-0.00208187103271485 -0.013667106628418 -0.166091918945312 -0.232589721679687
-0.0327014923095703 -0.0140838623046875 -0.24334716796875 -0.125457763671875
-0.0341339111328125 -0.0247459411621094 -0.193008422851563 -0.0733184814453125
-0.0440216064453125 -0.0213813781738281 -0.164794921875 -0.0467071533203125
-0.0350990295410156 -0.0379104614257813 -0.141738891601563 -0.03704833984375
-0.0174331665039062 -0.0711822509765625 -0.147537231445313 -0.0281219482421875
0.0295333862304688 -0.107376098632812 -0.190414428710938 -0.081329345703125
0.135215759277344 -0.0689773559570313 -0.19439697265625 -0.168869018554688
0.19677734375 -0.0114593505859375 -0.239547729492188 -0.2398681640625
0.234237670898438 0.0790557861328125 -0.227142333984375 -0.2718505859375
0.255996704101563 0.16204833984375 -0.052703857421875 -0.2906494140625
0.17413330078125 0.0410308837890625 0.0026226043701172 -0.0245723724365234
0.170196533203125 -0.0438079833984375 0.212005615234375 -0.016265869140625
0.0839309692382813 -0.101325988769531 0.186813354492188 -0.197189331054688
0.0214920043945312 -0.121429443359375 0.03436279296875 -0.2685546875
-0.0559616088867188 -0.0933761596679687 -0.143310546875 -0.230606079101563
-0.111656188964844 -0.0623321533203125 -0.2139892578125 -0.114349365234375
-0.105819702148438 -0.0773086547851562 -0.156753540039063 -0.0503997802734375
-0.124366760253906 -0.0686874389648438 -0.134780883789062 -0.0176544189453125
-0.0874404907226562 -0.101638793945313 -0.12213134765625 0.00517272949218751
-0.02508544921875 -0.156280517578125 -0.131149291992188 0.0163116455078125
0.0783843994140625 -0.179000854492188 -0.189071655273438 -0.0387115478515625
0.236846923828125 -0.0755462646484375 -0.201904296875 -0.121551513671875
0.2855224609375 0.03369140625 -0.21868896484375 -0.194915771484375
0.294677734375 0.1839599609375 -0.174072265625 -0.206588745117188
0.274566650390625 0.28143310546875 0.038177490234375 -0.218475341796875
0.25286865234375 0.146881103515625 0.0657806396484375 0.0147781372070313
0.3094482421875 -0.01239013671875 0.250228881835937 0.0241241455078125
0.182388305664063 -0.158309936523438 0.226287841796875 -0.158645629882812
0.059051513671875 -0.211502075195313 0.0823211669921875 -0.2379150390625
-0.090087890625 -0.167831420898437 -0.0974273681640625 -0.204055786132813
-0.170013427734375 -0.106048583984375 -0.157913208007812 -0.09027099609375
-0.16058349609375 -0.118820190429688 -0.098236083984375 -0.0196762084960937
-0.189178466796875 -0.101150512695312 -0.079833984375 0.0184707641601562
-0.138198852539062 -0.143157958984375 -0.0789031982421875 0.055328369140625
-0.04931640625 -0.21905517578125 -0.0965042114257813 0.0657958984375
0.095245361328125 -0.23687744140625 -0.17254638671875 0.01422119140625
0.299591064453125 -0.09478759765625 -0.19720458984375 -0.0699310302734375
0.339599609375 0.055999755859375 -0.17681884765625 -0.149490356445313
0.3214111328125 0.25299072265625 -0.102401733398438 -0.117820739746094
0.242828369140625 0.35247802734375 0.127090454101563 -0.103256225585937
0.272659301757813 0.240646362304688 0.132781982421875 0.0814590454101563
0.392852783203125 0.048553466796875 0.269332885742188 0.0768585205078125
0.262771606445313 -0.170074462890625 0.250015258789063 -0.0941162109375
0.101852416992187 -0.2603759765625 0.123245239257812 -0.174560546875
-0.0991058349609375 -0.21807861328125 -0.0411529541015625 -0.152069091796875
-0.198013305664063 -0.134231567382812 -0.0824432373046875 -0.0530319213867188
-0.190216064453125 -0.141433715820313 -0.0252132415771484 0.014230728149414
-0.227890014648438 -0.116104125976562 -0.00917053222656251 0.0539665222167969
-0.1717529296875 -0.1607666015625 -0.0196685791015625 0.102615356445312
-0.0711212158203125 -0.251678466796875 -0.04925537109375 0.110916137695312
0.0947265625 -0.264801025390625 -0.142135620117188 0.06219482421875
0.3218994140625 -0.10205078125 -0.17974853515625 -0.026153564453125
0.348724365234375 0.075347900390625 -0.119522094726562 -0.112754821777344
0.302581787109375 0.288543701171875 -0.0210094451904297 -0.0216045379638672
0.16827392578125 0.3582763671875 0.200454711914062 0.033660888671875
0.228759765625 0.2879638671875 0.187225341796875 0.159744262695313
0.389129638671875 0.10931396484375 0.261947631835938 0.129226684570313
0.288909912109375 -0.138671875 0.244277954101563 -0.0182952880859375
0.126419067382813 -0.254470825195313 0.145034790039063 -0.0931854248046875
-0.089935302734375 -0.227630615234375 0.0157318115234375 -0.084625244140625
-0.195770263671875 -0.13916015625 -0.0019207000732422 -0.0108957290649414
-0.19342041015625 -0.141632080078125 0.0500373840332031 0.0444488525390625
-0.233016967773437 -0.117843627929688 0.0675582885742187 0.0841903686523437
-0.1795654296875 -0.158493041992188 0.044219970703125 0.142684936523438
-0.076202392578125 -0.252838134765625 -0.00297546386718751 0.148635864257812
0.092987060546875 -0.257583618164062 -0.109596252441406 0.102378845214844
0.313323974609375 -0.081634521484375 -0.157501220703125 0.00654602050781247
0.316986083984375 0.102783203125 -0.0587234497070312 -0.0817337036132813
0.241851806640625 0.296173095703125 0.054351806640625 0.0746307373046875
0.068115234375 0.294036865234375 0.247177124023438 0.15753173828125
0.14141845703125 0.268295288085938 0.22198486328125 0.22747802734375
0.301513671875 0.138275146484375 0.23480224609375 0.160659790039063
0.247467041015625 -0.0849456787109375 0.221832275390625 0.0455780029296875
0.119110107421875 -0.201492309570312 0.148574829101563 -0.01861572265625
-0.068878173828125 -0.1937255859375 0.0644340515136719 -0.0184288024902344
-0.16339111328125 -0.11968994140625 0.0741806030273437 0.026824951171875
-0.165542602539063 -0.121322631835938 0.119171142578125 0.067230224609375
-0.203475952148438 -0.104324340820312 0.139259338378906 0.107803344726562
-0.157928466796875 -0.139633178710938 0.102615356445313 0.176101684570313
-0.0637359619140625 -0.225494384765625 0.0343780517578125 0.18121337890625
0.0921173095703125 -0.219497680664063 -0.085357666015625 0.135505676269531
0.277587890625 -0.0424346923828125 -0.1400146484375 0.0292434692382813
0.24908447265625 0.130950927734375 -0.00566101074218749 -0.0507659912109375
0.146591186523437 0.274612426757813 0.110916137695313 0.166488647460938
-0.0412139892578125 0.176803588867188 0.26446533203125 0.241226196289062
0.03436279296875 0.192306518554688 0.23876953125 0.265335083007813
0.164566040039063 0.124862670898438 0.204238891601562 0.170547485351562
0.155990600585938 -0.0304412841796875 0.19696044921875 0.0840606689453125
0.0830612182617188 -0.116836547851563 0.14361572265625 0.0314483642578125
-0.0408477783203125 -0.126640319824219 0.100791931152344 0.0280303955078125
-0.107284545898437 -0.0801162719726563 0.133049011230469 0.0513381958007813
-0.113418579101562 -0.0826644897460938 0.170211791992188 0.0802764892578125
-0.143661499023438 -0.07769775390625 0.195526123046875 0.12640380859375
-0.114364624023438 -0.105453491210938 0.145370483398438 0.203826904296875
-0.0401153564453125 -0.172714233398437 0.053985595703125 0.210922241210938
0.0836639404296875 -0.156509399414063 -0.07440185546875 0.164321899414062
0.21368408203125 0.0031890869140625 -0.133674621582031 0.04541015625
0.151870727539063 0.14422607421875 0.0290508270263672 -0.0174217224121094
0.0320892333984375 0.216049194335938 0.135086059570313 0.245574951171875
0.0792083740234375 -0.106292724609375 -0.196701049804688 -0.274612426757813
-0.0622940063476563 -0.0975494384765625 -0.0589218139648438 -0.00776672363281251
-0.10589599609375 -0.00114440917968748 0.146942138671875 -0.053558349609375
-0.05615234375 0.0743865966796875 0.109771728515625 -0.215988159179688
0.0114593505859375 0.0853652954101562 -0.0449371337890625 -0.255096435546875
0.0690422058105469 0.0504226684570313 -0.188888549804688 -0.21759033203125
0.0582237243652344 0.022735595703125 -0.260726928710938 -0.111282348632813
0.0449333190917969 0.0263290405273437 -0.2171630859375 -0.0713653564453125
0.0404052734375 0.0315704345703125 -0.180953979492187 -0.048309326171875
0.0112762451171875 0.0391273498535156 -0.151336669921875 -0.05035400390625
-0.0322513580322266 0.0259609222412109 -0.16241455078125 -0.0413360595703125
-0.0597152709960938 -0.0377235412597656 -0.20343017578125 -0.08929443359375
-0.000160217285156257 -0.096954345703125 -0.209381103515625 -0.19482421875
0.0870361328125 -0.0992431640625 -0.273178100585937 -0.2626953125
0.149765014648438 -0.068115234375 -0.291290283203125 -0.290069580078125
0.195877075195313 0.014129638671875 -0.15643310546875 -0.30645751953125
0.0637893676757813 -0.0506706237792969 -0.0445823669433594 -0.0260848999023438
0.0223922729492188 -0.0429191589355469 0.178070068359375 -0.05206298828125
-0.00191688537597656 -0.0189743041992188 0.137664794921875 -0.226455688476563
0.00260448455810547 -0.0164289474487305 -0.0236663818359375 -0.277511596679688
-0.00195121765136719 -0.0148105621337891 -0.188949584960938 -0.2298583984375
-0.0342521667480469 -0.0137710571289063 -0.2620849609375 -0.110183715820312
-0.0382194519042969 -0.0245399475097656 -0.208038330078125 -0.0611419677734375
-0.0480880737304688 -0.018890380859375 -0.177490234375 -0.034576416015625
-0.0386085510253906 -0.038360595703125 -0.151138305664063 -0.0274658203125
-0.021881103515625 -0.0731735229492188 -0.156723022460938 -0.0175933837890625
0.0230865478515625 -0.114387512207031 -0.20721435546875 -0.06903076171875
0.136138916015625 -0.0806045532226563 -0.215499877929688 -0.1619873046875
0.203903198242188 -0.0249786376953125 -0.267852783203125 -0.232406616210937
0.249267578125 0.064910888671875 -0.258804321289062 -0.265914916992188
0.278289794921875 0.148513793945313 -0.080169677734375 -0.29388427734375
0.185882568359375 0.032012939453125 0.000576019287109388 -0.0215873718261719
0.175735473632813 -0.059814453125 0.220932006835938 -0.0346221923828125
0.08026123046875 -0.110939025878906 0.180435180664063 -0.219131469726563
0.013092041015625 -0.127708435058594 0.016754150390625 -0.28131103515625
-0.0637969970703125 -0.0924911499023438 -0.164566040039063 -0.228317260742187
-0.119667053222656 -0.0563430786132812 -0.230789184570313 -0.101303100585937
-0.116683959960938 -0.0728073120117187 -0.16754150390625 -0.04083251953125
-0.13458251953125 -0.0608444213867188 -0.142333984375 -0.007110595703125
-0.0975723266601563 -0.0993728637695312 -0.12640380859375 0.0151824951171875
-0.0370330810546875 -0.160964965820312 -0.136085510253906 0.0276718139648438
0.0690155029296875 -0.193267822265625 -0.203155517578125 -0.024627685546875
0.241546630859375 -0.0956573486328125 -0.220123291015625 -0.1114501953125
0.29925537109375 0.01617431640625 -0.2435302734375 -0.18695068359375
0.321990966796875 0.16973876953125 -0.199432373046875 -0.202072143554687
0.3092041015625 0.2718505859375 0.019317626953125 -0.226608276367187
0.275253295898437 0.136184692382812 0.06817626953125 0.01458740234375
0.3233642578125 -0.03900146484375 0.263534545898438 0.003509521484375
0.17889404296875 -0.178817749023438 0.224609375 -0.181976318359375
0.04498291015625 -0.224990844726563 0.067962646484375 -0.253158569335938
-0.10516357421875 -0.166595458984375 -0.115921020507813 -0.203460693359375
-0.182754516601563 -0.095855712890625 -0.170364379882813 -0.0794677734375
-0.177536010742188 -0.110992431640625 -0.103401184082031 -0.0133895874023438
-0.205352783203125 -0.0881500244140625 -0.0809249877929688 0.0261077880859375
-0.153213500976563 -0.137420654296875 -0.07672119140625 0.0639572143554687
-0.067596435546875 -0.223434448242187 -0.0963058471679688 0.0773773193359375
0.0804901123046875 -0.254974365234375 -0.181396484375 0.0291900634765625
0.305511474609375 -0.121734619140625 -0.2109375 -0.057403564453125
0.35693359375 0.0340576171875 -0.198043823242187 -0.143402099609375
0.356231689453125 0.23980712890625 -0.117637634277344 -0.115257263183594
0.2811279296875 0.3472900390625 0.12115478515625 -0.113365173339844
0.30364990234375 0.23272705078125 0.1409912109375 0.0790863037109375
0.41461181640625 0.01702880859375 0.287078857421875 0.057342529296875
0.259613037109375 -0.197280883789063 0.253585815429688 -0.115631103515625
0.0837554931640625 -0.279541015625 0.115142822265625 -0.19049072265625
-0.119873046875 -0.217514038085938 -0.052978515625 -0.152603149414062
-0.214584350585937 -0.122329711914063 -0.0895538330078125 -0.048095703125
-0.210861206054688 -0.1317138671875 -0.0240840911865235 0.0155677795410156
-0.2464599609375 -0.100875854492188 -0.00300216674804689 0.057708740234375
-0.189559936523438 -0.152191162109375 -0.0110244750976563 0.10931396484375
-0.0945892333984375 -0.254043579101563 -0.043426513671875 0.11968994140625
0.07647705078125 -0.283966064453125 -0.145462036132813 0.0769195556640625
0.328887939453125 -0.13092041015625 -0.18975830078125 -0.011749267578125
0.36846923828125 0.05255126953125 -0.135543823242187 -0.1085205078125
0.338958740234375 0.279327392578125 -0.0253505706787109 -0.0205097198486328
0.204345703125 0.359222412109375 0.20703125 0.0227813720703125
0.2608642578125 0.284332275390625 0.202789306640625 0.1553955078125
0.415191650390625 0.080841064453125 0.281890869140625 0.111358642578125
0.288665771484375 -0.1661376953125 0.253463745117188 -0.0365753173828125
0.110015869140625 -0.275253295898438 0.144073486328125 -0.108078002929688
-0.110794067382812 -0.228836059570313 0.0112228393554687 -0.0863418579101563
-0.212615966796875 -0.126998901367187 -0.00101661682128907 -0.0108880996704102
-0.212371826171875 -0.131927490234375 0.0575027465820312 0.0403366088867188
-0.25164794921875 -0.100570678710937 0.0797882080078125 0.0828475952148438
-0.197540283203125 -0.14886474609375 0.0594329833984375 0.145721435546875
-0.100341796875 -0.254119873046875 0.0085601806640625 0.154861450195312
0.0758819580078125 -0.275344848632813 -0.108924865722656 0.116531372070312
0.32098388671875 -0.11077880859375 -0.164794921875 0.020050048828125
0.337005615234375 0.083038330078125 -0.06915283203125 -0.0818710327148438
0.277252197265625 0.291107177734375 0.0619049072265625 0.0729904174804688
0.095184326171875 0.299468994140625 0.2655029296875 0.147689819335938
0.16802978515625 0.269317626953125 0.244247436523437 0.2222900390625
0.326202392578125 0.11737060546875 0.255279541015625 0.148590087890625
0.248367309570313 -0.107208251953125 0.233688354492188 0.031463623046875
0.10565185546875 -0.218826293945312 0.154312133789063 -0.03057861328125
-0.086456298828125 -0.195144653320313 0.0663070678710938 -0.0209846496582031
-0.177780151367188 -0.10919189453125 0.0809478759765625 0.0227203369140625
-0.182403564453125 -0.112258911132812 0.13128662109375 0.058563232421875
-0.219863891601563 -0.08905029296875 0.156417846679688 0.101104736328125
-0.173995971679688 -0.131103515625 0.122482299804687 0.17626953125
-0.0856781005859375 -0.226425170898438 0.0489501953125 0.185745239257813
0.0770111083984375 -0.236358642578125 -0.0806884765625 0.148574829101562
0.28643798828125 -0.06683349609375 -0.1446533203125 0.0423736572265625
0.269149780273438 0.1171875 -0.0117225646972656 -0.0536117553710937
0.17608642578125 0.27410888671875 0.12786865234375 0.163406372070313
-0.0275115966796875 0.186294555664062 0.2913818359375 0.233062744140625
0.0512542724609375 0.196441650390625 0.26513671875 0.2591552734375
0.181137084960938 0.113662719726563 0.222732543945313 0.161758422851563
0.1575927734375 -0.04388427734375 0.211196899414063 0.0737457275390625
0.0752487182617188 -0.128524780273438 0.152679443359375 0.021209716796875
-0.052001953125 -0.127304077148438 0.107986450195313 0.023468017578125
-0.116439819335937 -0.0724105834960938 0.143768310546875 0.043670654296875
-0.125198364257813 -0.0755157470703125 0.18585205078125 0.0684967041015625
-0.155426025390625 -0.0675811767578125 0.217071533203125 0.115081787109375
-0.12603759765625 -0.09820556640625 0.168792724609375 0.201705932617187
-0.05712890625 -0.17327880859375 0.071990966796875 0.2152099609375
0.072662353515625 -0.169342041015625 -0.0654296875 0.176559448242188
0.222442626953125 -0.0145416259765625 -0.136024475097656 0.0587539672851563
0.169082641601563 0.138626098632813 0.0261363983154297 -0.0214576721191406
0.0514068603515625 0.221542358398437 0.158889770507813 0.24285888671875
0.0699234008789063 -0.112739562988281 -0.21929931640625 -0.2579345703125
-0.0690765380859375 -0.0920257568359375 -0.0575599670410156 -0.0012664794921875
-0.104644775390625 0.00750732421875001 0.145767211914063 -0.065765380859375
-0.0492401123046875 0.0799407958984375 0.094970703125 -0.2269287109375
0.020599365234375 0.0856475830078125 -0.0641937255859375 -0.25408935546875
0.0747909545898438 0.0427322387695313 -0.20758056640625 -0.207473754882813
0.0596237182617188 0.0153236389160156 -0.27215576171875 -0.09130859375
0.0465049743652344 0.0213127136230469 -0.22674560546875 -0.053314208984375
0.0428009033203125 0.0272293090820313 -0.189407348632812 -0.0330352783203125
0.0146942138671875 0.0363044738769531 -0.15838623046875 -0.0391998291015625
-0.0283851623535156 0.0273513793945313 -0.16796875 -0.028167724609375
-0.0632095336914063 -0.0322113037109375 -0.213470458984375 -0.07391357421875
-0.00699615478515624 -0.0959854125976563 -0.226028442382812 -0.183349609375
0.08038330078125 -0.105560302734375 -0.29681396484375 -0.244140625
0.145172119140625 -0.080535888671875 -0.316925048828125 -0.27105712890625
0.197723388671875 -0.0015869140625 -0.1829833984375 -0.292724609375
0.0619163513183594 -0.0537185668945313 -0.0453109741210938 -0.0198097229003906
0.0211257934570312 -0.0453033447265625 0.175994873046875 -0.0670318603515625
-0.00182914733886719 -0.0183258056640625 0.122833251953125 -0.239364624023438
0.0025482177734375 -0.0163803100585938 -0.0438385009765625 -0.27862548828125
-0.00149345397949219 -0.0162353515625 -0.208969116210938 -0.218490600585938
-0.0357742309570313 -0.0132255554199219 -0.273483276367188 -0.090301513671875
-0.0413856506347656 -0.0232276916503906 -0.216766357421875 -0.0445709228515625
-0.0503120422363281 -0.0159339904785156 -0.1832275390625 -0.019439697265625
-0.0416488647460938 -0.0378227233886719 -0.156036376953125 -0.0157470703125
-0.0262603759765625 -0.0731201171875 -0.161285400390625 -0.00422668457031251
0.0150680541992187 -0.116767883300781 -0.216445922851563 -0.0528106689453125
0.132148742675781 -0.09014892578125 -0.229934692382812 -0.147918701171875
0.203033447265625 -0.0389251708984375 -0.289154052734375 -0.213714599609375
0.257080078125 0.0464324951171875 -0.283416748046875 -0.248046875
0.2923583984375 0.12860107421875 -0.105712890625 -0.28472900390625
0.1917724609375 0.0199127197265625 -0.000823974609374987 -0.0167875289916992
0.1754150390625 -0.075103759765625 0.22076416015625 -0.053497314453125
0.07373046875 -0.118545532226563 0.16650390625 -0.234085083007813
0.00289916992187501 -0.129386901855469 -0.00387573242187499 -0.284698486328125
-0.0708770751953125 -0.0877304077148438 -0.183456420898438 -0.217269897460937
-0.124832153320313 -0.0480804443359375 -0.240798950195312 -0.0833587646484375
-0.125167846679688 -0.0645370483398438 -0.173904418945313 -0.0278167724609375
-0.141159057617188 -0.0499725341796875 -0.144729614257813 0.00540161132812499
-0.105545043945312 -0.0935821533203125 -0.126564025878906 0.0257720947265625
-0.049041748046875 -0.15948486328125 -0.136634826660156 0.0399551391601563
0.05462646484375 -0.201263427734375 -0.210220336914062 -0.00723266601562504
0.238937377929688 -0.115478515625 -0.231643676757813 -0.0959320068359375
0.3028564453125 -0.00531005859375 -0.262588500976563 -0.169036865234375
0.3408203125 0.147735595703125 -0.218521118164062 -0.187347412109375
0.333404541015625 0.24884033203125 -0.00120544433593749 -0.225540161132812
0.29083251953125 0.119171142578125 0.0689353942871094 0.0145683288574219
0.3253173828125 -0.06683349609375 0.266311645507813 -0.0193939208984375
0.16717529296875 -0.194381713867187 0.2139892578125 -0.200149536132813
0.025665283203125 -0.2313232421875 0.0501556396484375 -0.260360717773437
-0.118499755859375 -0.159164428710938 -0.13140869140625 -0.195159912109375
-0.191635131835938 -0.0813446044921875 -0.177276611328125 -0.0663604736328125
-0.189727783203125 -0.0975341796875 -0.105178833007813 -0.00670623779296875
-0.214645385742188 -0.0709686279296875 -0.0790786743164063 0.0341873168945313
-0.165115356445313 -0.126541137695312 -0.071868896484375 0.0716476440429687
-0.085540771484375 -0.219497680664062 -0.091796875 0.0861663818359375
0.0603485107421875 -0.2655029296875 -0.1844482421875 0.045654296875
0.300994873046875 -0.1478271484375 -0.218917846679687 -0.0412139892578125
0.36328125 0.008209228515625 -0.213409423828125 -0.129867553710937
0.380859375 0.214996337890625 -0.129585266113281 -0.106338500976562
0.3111572265625 0.32940673828125 0.110015869140625 -0.119697570800781
0.326263427734375 0.21392822265625 0.146804809570313 0.073699951171875
0.422760009765625 -0.018798828125 0.292877197265625 0.032745361328125
0.247802734375 -0.219558715820313 0.246978759765625 -0.134933471679688
0.060150146484375 -0.289642333984375 0.102874755859375 -0.200302124023438
-0.13726806640625 -0.20953369140625 -0.0635833740234375 -0.1480712890625
-0.22515869140625 -0.105514526367187 -0.0928802490234375 -0.0402984619140625
-0.224411010742188 -0.115310668945313 -0.0227222442626953 0.0159740447998047
-0.257492065429688 -0.078857421875 0.00345993041992186 0.0584373474121094
-0.203369140625 -0.137237548828125 -0.000534057617187518 0.112152099609375
-0.11572265625 -0.247238159179688 -0.03521728515625 0.125480651855469
0.05352783203125 -0.29376220703125 -0.144012451171875 0.0919036865234375
0.323760986328125 -0.159912109375 -0.193069458007812 0.0037994384765625
0.376556396484375 0.0262451171875 -0.147659301757812 -0.0996551513671875
0.367919921875 0.25518798828125 -0.028207778930664 -0.0186729431152344
0.235260009765625 0.346038818359375 0.207382202148438 0.0108489990234375
0.2872314453125 0.26837158203125 0.214218139648438 0.145095825195313
0.427032470703125 0.04608154296875 0.291290283203125 0.088775634765625
0.277450561523438 -0.190567016601563 0.252670288085938 -0.054901123046875
0.08642578125 -0.287750244140625 0.13763427734375 -0.120292663574219
-0.129547119140625 -0.221664428710938 0.00617980957031249 -0.0853958129882813
-0.222427368164062 -0.110275268554688 -0.000818252563476576 -0.0102100372314453
-0.225921630859375 -0.11517333984375 0.0623855590820312 0.0340805053710937
-0.261764526367188 -0.078094482421875 0.090057373046875 0.0763320922851563
-0.2099609375 -0.131927490234375 0.0740203857421875 0.143478393554688
-0.12298583984375 -0.24566650390625 0.01959228515625 0.156585693359375
0.052581787109375 -0.284698486328125 -0.103492736816406 0.127716064453125
0.316925048828125 -0.138092041015625 -0.164535522460937 0.0343017578125
0.347442626953125 0.05877685546875 -0.0787811279296875 -0.0779571533203125
0.30548095703125 0.272430419921875 0.0677642822265625 0.0682258605957031
0.120574951171875 0.294525146484375 0.276290893554688 0.13116455078125
0.192108154296875 0.258926391601563 0.260818481445313 0.208786010742188
0.33929443359375 0.089111328125 0.266082763671875 0.129653930664063
0.24151611328125 -0.128387451171875 0.237960815429688 0.01434326171875
0.087005615234375 -0.229751586914063 0.152740478515625 -0.043121337890625
-0.102752685546875 -0.18988037109375 0.0671119689941406 -0.0241203308105469
-0.186065673828125 -0.0940399169921875 0.0855178833007812 0.016693115234375
-0.193511962890625 -0.0967254638671875 0.138771057128906 0.0468215942382812
-0.22882080078125 -0.0694122314453125 0.169967651367187 0.0886383056640625
-0.185638427734375 -0.115982055664062 0.1400146484375 0.168914794921875
-0.105331420898438 -0.21868896484375 0.062957763671875 0.183746337890625
0.057373046875 -0.2442626953125 -0.0709686279296875 0.157150268554687
0.284942626953125 -0.091644287109375 -0.142730712890625 0.0550994873046875
0.280929565429688 0.09808349609375 -0.0182991027832031 -0.0548858642578125
0.201644897460938 0.263015747070313 0.141281127929688 0.152999877929688
-0.0123748779296875 0.188613891601562 0.31024169921875 0.215118408203125
0.066986083984375 0.193618774414063 0.284912109375 0.24371337890625
0.1925048828125 0.0974884033203125 0.235061645507813 0.147140502929688
0.154190063476563 -0.0563812255859375 0.218536376953125 0.0586700439453125
0.0630874633789063 -0.134780883789063 0.156631469726563 0.00914001464843749
-0.0630416870117187 -0.123291015625 0.111930847167969 0.0174026489257812
-0.122344970703125 -0.06195068359375 0.150619506835938 0.032501220703125
-0.132179260253906 -0.0646743774414062 0.194442749023438 0.0519561767578125
-0.162521362304688 -0.0530853271484375 0.230926513671875 0.0973358154296875
-0.134529113769531 -0.0875625610351563 0.189117431640625 0.19073486328125
-0.07305908203125 -0.16717529296875 0.0887603759765625 0.211639404296875
0.05804443359375 -0.177536010742188 -0.0540313720703125 0.184494018554688
0.224334716796875 -0.0342559814453125 -0.133430480957031 0.0708389282226562
0.182754516601563 0.126556396484375 0.0221042633056641 -0.0261383056640625
0.071136474609375 0.21954345703125 0.178466796875 0.230224609375
0.0616989135742188 -0.115715026855469 -0.23089599609375 -0.240936279296875
-0.0727767944335938 -0.0864028930664062 -0.0552711486816406 0.00420761108398436
-0.102210998535156 0.0132675170898438 0.141860961914063 -0.0736236572265625
-0.0429000854492187 0.0829086303710938 0.083282470703125 -0.231277465820313
0.02777099609375 0.08367919921875 -0.0757598876953125 -0.250228881835938
0.0768585205078125 0.0356674194335938 -0.219039916992188 -0.196136474609375
0.0584335327148438 0.0091094970703125 -0.277023315429688 -0.0749664306640625
0.046630859375 0.0168685913085937 -0.230331420898437 -0.0383758544921875
0.0433502197265625 0.0233383178710937 -0.191543579101563 -0.019989013671875
0.0161819458007813 0.0332279205322266 -0.1612548828125 -0.02978515625
-0.0250225067138672 0.0269565582275391 -0.169921875 -0.0182647705078125
-0.0638465881347656 -0.026947021484375 -0.217559814453125 -0.0615386962890625
-0.012115478515625 -0.0931549072265625 -0.234298706054688 -0.170913696289062
0.0747299194335938 -0.10797119140625 -0.307037353515625 -0.226593017578125
0.139114379882813 -0.0889053344726563 -0.328765869140625 -0.25103759765625
0.195465087890625 -0.011810302734375 -0.197219848632812 -0.275894165039063
0.05963134765625 -0.0556716918945313 -0.0446548461914062 -0.0132408142089844
0.0201034545898438 -0.04632568359375 0.171722412109375 -0.07611083984375
-0.00156974792480469 -0.0180606842041016 0.110671997070312 -0.243804931640625
0.00293350219726563 -0.0165138244628906 -0.05712890625 -0.2740478515625
-0.00177001953125 -0.0176620483398438 -0.21978759765625 -0.20697021484375
-0.0372581481933594 -0.0128631591796875 -0.277664184570313 -0.0735626220703124
-0.0440330505371094 -0.0220184326171875 -0.219589233398438 -0.030792236328125
-0.05169677734375 -0.0129432678222656 -0.185333251953125 -0.00646972656250003
-0.0431480407714844 -0.0367927551269531 -0.157180786132812 -0.0067138671875
-0.028411865234375 -0.0728607177734375 -0.161392211914063 0.00518798828125001
0.00909423828125 -0.116691589355469 -0.220550537109375 -0.038818359375
0.128028869628906 -0.09588623046875 -0.236953735351563 -0.136611938476562
0.200485229492188 -0.0472869873046875 -0.299224853515625 -0.19580078125
0.258285522460938 0.0327911376953125 -0.295501708984375 -0.230224609375
0.297454833984375 0.111175537109375 -0.122146606445313 -0.272171020507813
0.19342041015625 0.01104736328125 -0.00132179260253905 -0.0127735137939453
0.1707763671875 -0.086151123046875 0.216262817382813 -0.0661773681640625
0.06744384765625 -0.121589660644531 0.153793334960938 -0.241500854492188
-0.00400543212890625 -0.129386901855469 -0.01776123046875 -0.282135009765625
-0.073699951171875 -0.0843505859375 -0.193130493164063 -0.206573486328125
-0.126945495605469 -0.0412368774414063 -0.243927001953125 -0.06817626953125
-0.129730224609375 -0.0584030151367187 -0.17529296875 -0.01739501953125
-0.143310546875 -0.040557861328125 -0.143936157226563 0.014984130859375
-0.110023498535156 -0.087738037109375 -0.124885559082031 0.0335006713867188
-0.056427001953125 -0.1563720703125 -0.134284973144531 0.0480422973632812
0.042877197265625 -0.203079223632813 -0.212020874023438 0.00662231445312497
0.232925415039062 -0.127716064453125 -0.235809326171875 -0.0834655761718751
0.3011474609375 -0.019866943359375 -0.271682739257813 -0.153564453125
0.3485107421875 0.128143310546875 -0.229110717773437 -0.173599243164063
0.345306396484375 0.22894287109375 -0.016357421875 -0.218338012695312
0.29718017578125 0.10382080078125 0.0682830810546875 0.0156898498535156
0.320465087890625 -0.08782958984375 0.261978149414063 -0.0357208251953125
0.155838012695313 -0.20330810546875 0.202682495117188 -0.210342407226563
0.0115814208984375 -0.231048583984375 0.037017822265625 -0.260635375976563
-0.125762939453125 -0.151290893554688 -0.139419555664062 -0.186599731445313
-0.194381713867188 -0.070556640625 -0.179443359375 -0.05487060546875
-0.196258544921875 -0.0867919921875 -0.105140686035156 -0.00128173828125001
-0.216964721679687 -0.056365966796875 -0.075653076171875 0.0387039184570312
-0.170455932617188 -0.115875244140625 -0.0669403076171875 0.0760955810546875
-0.097503662109375 -0.212173461914063 -0.0873870849609375 0.092193603515625
0.0441436767578125 -0.267898559570313 -0.183746337890625 0.0584259033203125
0.293853759765625 -0.16473388671875 -0.220809936523437 -0.02923583984375
0.3626708984375 -0.009796142578125 -0.221084594726562 -0.116775512695313
0.393157958984375 0.194183349609375 -0.135360717773438 -0.0979461669921875
0.328948974609375 0.309600830078125 0.09954833984375 -0.119163513183594
0.33770751953125 0.195831298828125 0.147125244140625 0.07025146484375
0.41986083984375 -0.04583740234375 0.29071044921875 0.015533447265625
0.233474731445313 -0.232025146484375 0.238433837890625 -0.146728515625
0.042999267578125 -0.291717529296875 0.092193603515625 -0.204696655273438
-0.147308349609375 -0.19976806640625 -0.0692901611328125 -0.142410278320313
-0.229141235351563 -0.0911407470703125 -0.0932769775390625 -0.0335540771484375
-0.231430053710937 -0.10125732421875 -0.0212116241455078 0.0161914825439453
-0.259689331054688 -0.060882568359375 0.00860977172851561 0.0575447082519531
-0.208160400390625 -0.123626708984375 0.00711822509765624 0.111686706542969
-0.129928588867188 -0.237213134765625 -0.0290985107421875 0.127639770507812
0.03509521484375 -0.295562744140625 -0.14129638671875 0.10137939453125
0.313934326171875 -0.1790771484375 -0.192535400390625 0.0139923095703125
0.376708984375 0.005096435546875 -0.154144287109375 -0.0918121337890625
0.383331298828125 0.23443603515625 -0.0300788879394531 -0.0176124572753906
0.253509521484375 0.330047607421875 0.203231811523438 0.00363159179687502
0.3017578125 0.251953125 0.21771240234375 0.136734008789063
0.427276611328125 0.0179443359375 0.291412353515625 0.071197509765625
0.264862060546875 -0.205001831054688 0.248672485351563 -0.067474365234375
0.067901611328125 -0.29034423828125 0.130767822265625 -0.1259765625
-0.140548706054688 -0.2115478515625 0.0035858154296875 -0.0828857421875
-0.225418090820312 -0.0951995849609375 0.000443458557128893 -0.00905036926269532
-0.232223510742188 -0.10107421875 0.0643234252929687 0.0285110473632812
-0.265060424804688 -0.05963134765625 0.0959014892578125 0.0691299438476563
-0.214996337890625 -0.117828369140625 0.0837249755859375 0.138267517089844
-0.136688232421875 -0.234466552734375 0.0269927978515625 0.155044555664062
0.03375244140625 -0.287139892578125 -0.0982818603515625 0.134498596191406
0.308746337890625 -0.157745361328125 -0.1624755859375 0.043426513671875
0.348968505859375 0.03936767578125 -0.0853500366210937 -0.0739059448242188
0.3223876953125 0.25335693359375 0.069915771484375 0.0626907348632813
0.13665771484375 0.285186767578125 0.278884887695312 0.119140625
0.205520629882813 0.246963500976562 0.267684936523438 0.197296142578125
0.34197998046875 0.066253662109375 0.268234252929688 0.11444091796875
0.231338500976563 -0.140884399414063 0.236618041992188 0.00349426269531249
0.0721893310546875 -0.2327880859375 0.150070190429688 -0.0502777099609375
-0.113204956054688 -0.181289672851563 0.0676002502441406 -0.0253219604492188
-0.188400268554687 -0.08135986328125 0.0875244140625 0.0121536254882812
-0.198822021484375 -0.084991455078125 0.14129638671875 0.0364532470703125
-0.231155395507813 -0.0529327392578125 0.175796508789062 0.075897216796875
-0.190048217773438 -0.102386474609375 0.151107788085938 0.159637451171875
-0.118499755859375 -0.20831298828125 0.071685791015625 0.180130004882812
0.0404052734375 -0.246002197265625 -0.0630645751953125 0.161468505859375
0.279067993164063 -0.109420776367188 -0.138534545898437 0.0628280639648438
0.28509521484375 0.08160400390625 -0.0243606567382812 -0.0548095703125
0.217559814453125 0.250045776367188 0.147201538085938 0.142013549804688
-0.000839233398437517 0.186874389648438 0.318115234375 0.199615478515625
0.0774078369140625 0.187362670898438 0.293914794921875 0.229827880859375
0.196365356445312 0.0836944580078125 0.23846435546875 0.136215209960938
0.14813232421875 -0.064208984375 0.220184326171875 0.047698974609375
0.0533447265625 -0.136817932128906 0.156036376953125 0.000930786132812492
-0.0698776245117187 -0.118270874023438 0.114265441894531 0.0128707885742187
-0.123435974121094 -0.0531234741210938 0.153335571289063 0.0236968994140625
-0.135200500488281 -0.0560226440429687 0.19708251953125 0.0382843017578125
-0.164779663085937 -0.040618896484375 0.237258911132812 0.080535888671875
-0.137664794921875 -0.0773086547851563 0.200439453125 0.17852783203125
-0.0823974609375 -0.15948486328125 0.0986480712890625 0.20611572265625
0.04534912109375 -0.179855346679688 -0.0446319580078125 0.186431884765625
0.221298217773438 -0.048797607421875 -0.129013061523438 0.07781982421875
0.189727783203125 0.1156005859375 0.0180301666259766 -0.0282077789306641
0.08392333984375 0.21343994140625 0.188369750976563 0.215713500976563
0.055084228515625 -0.116020202636719 -0.237777709960938 -0.230392456054687
-0.0747451782226563 -0.084075927734375 -0.0526962280273438 0.00719451904296873
-0.0997543334960938 0.0163040161132813 0.140670776367188 -0.07763671875
-0.0382843017578125 0.08489990234375 0.0776824951171875 -0.234283447265625
0.032501220703125 0.0815277099609375 -0.082427978515625 -0.248504638671875
0.0773086547851563 0.0296630859375 -0.227340698242187 -0.1910400390625
0.0562057495117188 0.005462646484375 -0.280899047851563 -0.0654296875
0.0457649230957031 0.0145721435546875 -0.233642578125 -0.028900146484375
0.0426864624023438 0.0207710266113281 -0.194198608398438 -0.0110015869140625
0.0174522399902344 0.0307483673095703 -0.164337158203125 -0.0243988037109375
-0.023101806640625 0.0261363983154297 -0.171646118164063 -0.0126495361328125
-0.0633811950683594 -0.0238151550292969 -0.22137451171875 -0.053985595703125
-0.0146865844726562 -0.0906143188476562 -0.238906860351562 -0.166091918945313
0.0718917846679687 -0.109352111816406 -0.3133544921875 -0.2171630859375
0.135467529296875 -0.0929183959960938 -0.335479736328125 -0.24188232421875
0.192581176757813 -0.016815185546875 -0.20501708984375 -0.265823364257813
0.0601043701171875 -0.0564498901367188 -0.0435066223144531 -0.0101737976074219
0.0205154418945313 -0.0477333068847656 0.169387817382813 -0.082061767578125
-0.000444412231445311 -0.01788330078125 0.104110717773438 -0.247421264648438
0.00373268127441406 -0.0175542831420898 -0.063873291015625 -0.272506713867188
-0.00204277038574219 -0.0199832916259766 -0.226333618164063 -0.201766967773437
-0.0392494201660156 -0.0127220153808594 -0.280471801757813 -0.0639801025390625
-0.0465927124023438 -0.0215568542480469 -0.222412109375 -0.0225982666015625
-0.053009033203125 -0.0121040344238281 -0.18634033203125 0.00114440917968747
-0.044189453125 -0.0368576049804687 -0.159286499023437 -0.00128173828124999
-0.02923583984375 -0.073394775390625 -0.162017822265625 0.010833740234375
0.00584411621093749 -0.116752624511719 -0.223587036132812 -0.0308074951171875
0.126792907714844 -0.098541259765625 -0.241958618164063 -0.129730224609375
0.199737548828125 -0.0515899658203125 -0.30535888671875 -0.18646240234375
0.260025024414063 0.025390625 -0.302490234375 -0.221710205078125
0.29931640625 0.10211181640625 -0.131591796875 -0.263519287109375
0.196182250976563 0.0067138671875 -0.00128746032714843 -0.00889682769775391
0.16925048828125 -0.0937652587890625 0.2127685546875 -0.07354736328125
0.0648422241210938 -0.124191284179688 0.147857666015625 -0.245758056640625
-0.0080718994140625 -0.129600524902344 -0.0245361328125 -0.2813720703125
-0.075714111328125 -0.0829010009765625 -0.199050903320313 -0.200820922851563
-0.128578186035156 -0.0368804931640625 -0.246322631835937 -0.05902099609375
-0.13385009765625 -0.0546951293945313 -0.1771240234375 -0.011474609375
-0.1448974609375 -0.035552978515625 -0.143753051757813 0.0210418701171875
-0.112106323242188 -0.0846328735351562 -0.124565124511719 0.038360595703125
-0.0606536865234375 -0.155517578125 -0.13372802734375 0.05322265625
0.0362548828125 -0.204742431640625 -0.215118408203125 0.0155792236328125
0.230865478515625 -0.135269165039062 -0.23992919921875 -0.0769500732421876
0.302520751953125 -0.027191162109375 -0.277481079101563 -0.144424438476563
0.353759765625 0.118621826171875 -0.234039306640625 -0.165603637695313
0.351226806640625 0.218170166015625 -0.024749755859375 -0.212493896484375
0.30255126953125 0.097076416015625 0.0677375793457031 0.018157958984375
0.318634033203125 -0.10076904296875 0.258544921875 -0.043731689453125
0.1497802734375 -0.2083740234375 0.19732666015625 -0.215576171875
0.00404357910156251 -0.231964111328125 0.030975341796875 -0.261245727539063
-0.129638671875 -0.14715576171875 -0.14349365234375 -0.18121337890625
-0.196731567382813 -0.063873291015625 -0.180984497070313 -0.0485076904296875
-0.200469970703125 -0.080352783203125 -0.106208801269531 0.00183868408203125
-0.218643188476563 -0.0478668212890625 -0.0742568969726563 0.0417251586914063
-0.173370361328125 -0.11029052734375 -0.0639114379882813 0.079071044921875
-0.104049682617187 -0.209320068359375 -0.0857391357421875 0.096282958984375
0.03466796875 -0.269729614257813 -0.18524169921875 0.0668487548828125
0.29034423828125 -0.176025390625 -0.222412109375 -0.023101806640625
0.362548828125 -0.0201416015625 -0.22723388671875 -0.109512329101563
0.402557373046875 0.18280029296875 -0.139396667480469 -0.0938949584960938
0.337982177734375 0.298553466796875 0.0933380126953125 -0.116958618164063
0.34600830078125 0.18768310546875 0.147323608398438 0.07073974609375
0.41845703125 -0.061676025390625 0.28802490234375 0.007080078125
0.2261962890625 -0.240264892578125 0.235076904296875 -0.1531982421875
0.031768798828125 -0.29296875 0.0871124267578125 -0.20721435546875
-0.153335571289063 -0.194717407226563 -0.0714569091796875 -0.139106750488281
-0.2305908203125 -0.0830230712890625 -0.0937957763671875 -0.0302047729492187
-0.237533569335938 -0.0931854248046874 -0.0208892822265625 0.0158863067626953
-0.261245727539063 -0.0501861572265625 0.0118179321289062 0.0565948486328125
-0.21142578125 -0.115615844726563 0.0121994018554687 0.112327575683594
-0.137313842773437 -0.231521606445313 -0.025604248046875 0.129562377929687
0.02392578125 -0.2967529296875 -0.141082763671875 0.108673095703125
0.3104248046875 -0.191558837890625 -0.192794799804687 0.0197296142578125
0.378173828125 -0.00543212890625 -0.15966796875 -0.0862274169921875
0.39373779296875 0.222137451171875 -0.031534194946289 -0.0171585083007812
0.263916015625 0.320953369140625 0.201370239257813 0.00260925292968752
0.31121826171875 0.24407958984375 0.219635009765625 0.135848999023438
0.427886962890625 0.000762939453125 0.289459228515625 0.0633544921875
0.257308959960938 -0.212966918945313 0.246475219726563 -0.0739288330078125
0.05810546875 -0.292388916015625 0.127571105957031 -0.129936218261719
-0.146865844726563 -0.20587158203125 0.00353240966796874 -0.0812149047851563
-0.227554321289062 -0.0874481201171875 0.00167655944824217 -0.00849342346191407
-0.237655639648437 -0.0924072265625001 0.0664024353027344 0.0249252319335937
-0.266265869140625 -0.048583984375 0.099945068359375 0.0652923583984375
-0.217880249023438 -0.109100341796875 0.0892410278320312 0.135711669921875
-0.144973754882813 -0.22772216796875 0.03082275390625 0.155258178710937
0.02264404296875 -0.28717041015625 -0.0963516235351563 0.139404296875
0.303680419921875 -0.17010498046875 -0.161209106445313 0.0478668212890625
0.351287841796875 0.02899169921875 -0.0902175903320312 -0.072021484375
0.333343505859375 0.243072509765625 0.0705718994140625 0.0599288940429688
0.145477294921875 0.278915405273438 0.280532836914063 0.114425659179688
0.213790893554688 0.240692138671875 0.271041870117188 0.193328857421875
0.343902587890625 0.051971435546875 0.268386840820313 0.108779907226563
0.225692749023437 -0.147598266601562 0.237258911132813 -0.00181579589843751
0.06341552734375 -0.234283447265625 0.148696899414063 -0.0544281005859375
-0.11871337890625 -0.17626953125 0.0692481994628906 -0.0254440307617188
-0.190093994140625 -0.074066162109375 0.089813232421875 0.00923919677734374
-0.203155517578125 -0.0774993896484375 0.143539428710938 0.0297393798828125
-0.232162475585938 -0.04254150390625 0.180038452148438 0.068115234375
-0.1915283203125 -0.0944366455078125 0.1580810546875 0.154556274414063
-0.12603759765625 -0.201766967773438 0.076507568359375 0.17816162109375
0.02972412109375 -0.24652099609375 -0.0605010986328125 0.164337158203125
0.27557373046875 -0.120452880859375 -0.1373291015625 0.0668869018554687
0.289642333984375 0.07232666015625 -0.0280303955078125 -0.0554313659667969
0.227508544921875 0.241668701171875 0.15106201171875 0.135467529296875
0.00485229492187499 0.185897827148438 0.322357177734375 0.1925048828125
0.0829010009765625 0.183547973632813 0.299072265625 0.223541259765625
0.198165893554688 0.074737548828125 0.240615844726563 0.131103515625
0.145065307617188 -0.068145751953125 0.2215576171875 0.04278564453125
0.0473480224609375 -0.13818359375 0.156417846679688 -0.00389099121093751
-0.074127197265625 -0.114547729492187 0.117179870605469 0.0108566284179687
-0.124504089355469 -0.0485610961914063 0.156158447265625 0.017974853515625
-0.137718200683594 -0.0500717163085938 0.199600219726563 0.029296875
-0.16510009765625 -0.0327301025390625 0.241195678710938 0.070037841796875
-0.139640808105469 -0.0711746215820313 0.20855712890625 0.171249389648438
-0.08837890625 -0.154296875 0.103500366210938 0.203231811523437
0.037567138671875 -0.180221557617188 -0.0399322509765625 0.188400268554688
0.219390869140625 -0.0584259033203125 -0.1268310546875 0.0817413330078125
0.19329833984375 0.10870361328125 0.0136299133300781 -0.0321483612060547
0.09222412109375 0.209335327148438 0.19366455078125 0.207183837890625
0.0524826049804687 -0.11669921875 -0.246246337890625 -0.228744506835938
-0.0775909423828125 -0.083953857421875 -0.0528297424316406 0.0100746154785156
-0.100555419921875 0.01812744140625 0.143234252929688 -0.0811614990234375
-0.0352783203125 0.08697509765625 0.0753631591796875 -0.2410888671875
0.0365142822265625 0.0812759399414062 -0.0873565673828125 -0.253936767578125
0.0782623291015625 0.0264511108398438 -0.237503051757813 -0.191513061523438
0.0549049377441406 0.0034637451171875 -0.290863037109375 -0.059661865234375
0.0451507568359375 0.0128517150878906 -0.241806030273438 -0.0224761962890625
0.0429649353027344 0.0194625854492188 -0.19964599609375 -0.00498962402343752
0.0178260803222656 0.0290317535400391 -0.170059204101563 -0.0214996337890625
-0.0223922729492188 0.0252265930175781 -0.177139282226563 -0.00941467285156252
-0.0638504028320313 -0.022552490234375 -0.22760009765625 -0.0500030517578125
-0.0158462524414062 -0.0904388427734375 -0.24755859375 -0.166351318359375
0.0719757080078125 -0.112709045410156 -0.32281494140625 -0.2156982421875
0.134956359863281 -0.0976181030273438 -0.34619140625 -0.2425537109375
0.195404052734375 -0.0192413330078125 -0.2147216796875 -0.26336669921875
0.0609169006347656 -0.0579376220703125 -0.0440902709960937 -0.00560379028320313
0.0212364196777344 -0.0503807067871094 0.171646118164063 -0.0870513916015625
0.000961303710937498 -0.0176277160644531 0.103363037109375 -0.255233764648438
0.0046234130859375 -0.0187721252441406 -0.067901611328125 -0.278396606445313
-0.00285911560058594 -0.0225696563720703 -0.236160278320312 -0.2025146484375
-0.0417289733886719 -0.0129280090332031 -0.289093017578125 -0.0576171875
-0.0505218505859375 -0.0211830139160156 -0.229934692382812 -0.0167083740234375
-0.0550155639648438 -0.0123176574707031 -0.191940307617188 0.00772094726562499
-0.046234130859375 -0.0379219055175781 -0.164016723632813 0.00303649902343753
-0.0306320190429687 -0.0761947631835938 -0.166900634765625 0.0151519775390625
0.00494384765624999 -0.118667602539063 -0.231307983398438 -0.0251617431640625
0.129653930664063 -0.101921081542969 -0.250396728515625 -0.12884521484375
0.204086303710938 -0.055267333984375 -0.315277099609375 -0.183837890625
0.2655029296875 0.0213165283203125 -0.3126220703125 -0.221435546875
0.306182861328125 0.099945068359375 -0.13970947265625 -0.260955810546875
0.202285766601563 0.0040130615234375 -0.00172042846679686 -0.00463008880615234
0.171951293945313 -0.100509643554688 0.21484375 -0.078887939453125
0.064361572265625 -0.1279296875 0.147720336914062 -0.253982543945313
-0.0108642578125 -0.132926940917969 -0.028472900390625 -0.287628173828125
-0.0790634155273438 -0.0846328735351563 -0.206588745117188 -0.202316284179687
-0.1334228515625 -0.0355377197265625 -0.253646850585938 -0.0534210205078125
-0.140716552734375 -0.0531158447265625 -0.182937622070313 -0.00709533691406249
-0.149169921875 -0.0328369140625 -0.147735595703125 0.0264129638671875
-0.115898132324219 -0.085693359375 -0.127388000488281 0.0425567626953125
-0.06512451171875 -0.158401489257813 -0.137077331542969 0.0577850341796875
0.0330657958984375 -0.210723876953125 -0.222137451171875 0.02178955078125
0.235519409179688 -0.142654418945313 -0.247451782226562 -0.0750885009765626
0.30908203125 -0.032135009765625 -0.2869873046875 -0.141326904296875
0.3662109375 0.114990234375 -0.242904663085937 -0.165786743164063
0.36236572265625 0.21673583984375 -0.0311279296875 -0.210723876953125
0.313690185546875 0.0946044921875 0.0692176818847656 0.0221633911132813
0.324554443359375 -0.111175537109375 0.260696411132813 -0.0493011474609375
0.148788452148438 -0.215911865234375 0.197738647460938 -0.223861694335938
-0.00160217285156251 -0.237228393554688 0.0279083251953125 -0.268341064453125
-0.135345458984375 -0.14874267578125 -0.149490356445313 -0.182632446289062
-0.2021484375 -0.0604248046875 -0.185501098632812 -0.043731689453125
-0.210769653320313 -0.077423095703125 -0.109237670898438 0.00447845458984375
-0.224609375 -0.0427703857421875 -0.0748519897460938 0.0447921752929688
-0.178680419921875 -0.108688354492187 -0.0631637573242188 0.0827407836914062
-0.1103515625 -0.211334228515625 -0.0861740112304688 0.100631713867187
0.0290374755859375 -0.276779174804688 -0.191452026367188 0.07489013671875
0.295684814453125 -0.1881103515625 -0.22930908203125 -0.019561767578125
0.371856689453125 -0.026702880859375 -0.235427856445312 -0.107131958007813
0.417816162109375 0.17791748046875 -0.14483642578125 -0.09368896484375
0.350006103515625 0.298126220703125 0.0910263061523438 -0.115898132324219
0.360015869140625 0.185821533203125 0.1512451171875 0.0745086669921875
0.426361083984375 -0.074676513671875 0.290313720703125 0.001800537109375
0.226303100585938 -0.250106811523438 0.237274169921875 -0.1597900390625
0.025482177734375 -0.30023193359375 0.086273193359375 -0.212921142578125
-0.160308837890625 -0.195877075195313 -0.0737762451171875 -0.139488220214844
-0.237960815429688 -0.079376220703125 -0.0949172973632813 -0.0276947021484375
-0.24755859375 -0.0898590087890625 -0.0214557647705078 0.0150833129882812
-0.267333984375 -0.04345703125 0.0139617919921875 0.0568656921386719
-0.217117309570312 -0.112640380859375 0.015838623046875 0.114891052246094
-0.14532470703125 -0.232315063476563 -0.0249404907226563 0.134025573730469
0.017364501953125 -0.30389404296875 -0.145111083984375 0.116668701171875
0.314849853515625 -0.2044677734375 -0.198287963867188 0.023101806640625
0.386688232421875 -0.013336181640625 -0.167160034179688 -0.0848846435546875
0.410919189453125 0.218353271484375 -0.0334281921386718 -0.0175247192382812
0.275390625 0.322723388671875 0.2030029296875 0.00378417968750002
0.324310302734375 0.243316650390625 0.22454833984375 0.139633178710938
0.43670654296875 -0.0108642578125 0.293609619140625 0.060791015625
0.258544921875 -0.222274780273437 0.250640869140625 -0.0792388916015625
0.05242919921875 -0.30029296875 0.128837585449219 -0.134590148925781
-0.154342651367187 -0.206375122070312 0.005218505859375 -0.0817794799804688
-0.234588623046875 -0.0835418701171875 0.00300359725952147 -0.00820684432983399
-0.247451782226562 -0.0883026123046874 0.0684852600097656 0.0223274230957031
-0.271957397460938 -0.0414428710937501 0.10479736328125 0.0618667602539063
-0.223648071289063 -0.105789184570312 0.096282958984375 0.136848449707031
-0.152618408203125 -0.22711181640625 0.03363037109375 0.1583251953125
0.0150146484375 -0.29302978515625 -0.098236083984375 0.146286010742188
0.308319091796875 -0.183624267578125 -0.16534423828125 0.0514678955078125
0.3603515625 0.02154541015625 -0.0963516235351562 -0.0724334716796875
0.3482666015625 0.240997314453125 0.0726394653320313 0.0579986572265625
0.153900146484375 0.2818603515625 0.28680419921875 0.11614990234375
0.224884033203125 0.241302490234375 0.279006958007813 0.195938110351563
0.3514404296875 0.0439453125 0.272857666015625 0.109283447265625
0.22674560546875 -0.15484619140625 0.242523193359375 -0.00518798828125001
0.058197021484375 -0.241317749023438 0.1513671875 -0.0578460693359375
-0.124801635742188 -0.177017211914063 0.0729217529296875 -0.025634765625
-0.1954345703125 -0.070343017578125 0.0943374633789062 0.00719451904296875
-0.210769653320313 -0.07354736328125 0.147918701171875 0.024932861328125
-0.237884521484375 -0.0361480712890625 0.186355590820312 0.0626983642578125
-0.1966552734375 -0.0908966064453125 0.16748046875 0.152999877929688
-0.133453369140625 -0.200469970703125 0.0804595947265625 0.180892944335938
0.0235595703125 -0.2513427734375 -0.0610504150390625 0.170745849609375
0.279617309570313 -0.13177490234375 -0.139419555664062 0.0697479248046875
0.297821044921875 0.067169189453125 -0.0327491760253906 -0.0575790405273437
0.240158081054688 0.241043090820313 0.15484619140625 0.133392333984375
0.00750732421875002 0.1888427734375 0.331085205078125 0.19342041015625
0.0886077880859375 0.185791015625 0.307891845703125 0.2254638671875
0.202835083007813 0.070098876953125 0.246383666992187 0.13287353515625
0.144927978515625 -0.0713653564453125 0.227615356445313 0.0413360595703125
0.0455322265625 -0.142044067382813 0.159637451171875 -0.00573730468750001
-0.0786285400390625 -0.114585876464844 0.122291564941406 0.00988006591796874
-0.127494812011719 -0.0452194213867187 0.162353515625 0.013336181640625
-0.1427001953125 -0.04742431640625 0.205307006835937 0.0221710205078125
-0.168746948242188 -0.027618408203125 0.248809814453125 0.06341552734375
-0.14288330078125 -0.0677947998046875 0.219070434570313 0.169281005859375
-0.09423828125 -0.153274536132813 0.1082763671875 0.206100463867188
0.0316162109375 -0.183303833007813 -0.039276123046875 0.193817138671875
0.222259521484375 -0.06634521484375 -0.128944396972656 0.0853424072265625
0.2015380859375 0.105926513671875 0.0105800628662109 -0.0343246459960937
0.0992584228515625 0.210205078125 0.199996948242188 0.205810546875
0.0502395629882812 -0.12066650390625 -0.263092041015625 -0.229171752929688
-0.0832138061523438 -0.0849380493164062 -0.0542144775390625 0.0143470764160156
-0.104331970214844 0.021514892578125 0.148590087890625 -0.0881805419921875
-0.0326004028320313 0.0923233032226562 0.0727386474609375 -0.255599975585938
0.04205322265625 0.0825958251953125 -0.097503662109375 -0.264480590820313
0.0810775756835938 0.02197265625 -0.256912231445313 -0.193832397460938
0.0550880432128906 0.00135421752929688 -0.30767822265625 -0.051177978515625
0.0461807250976563 0.0113639831542969 -0.256240844726563 -0.01318359375
0.0438499450683594 0.0179061889648438 -0.211288452148438 0.00378417968749998
0.0191459655761719 0.0280342102050781 -0.181304931640625 -0.0171661376953125
-0.0224761962890625 0.0249481201171875 -0.187149047851563 -0.00444030761718748
-0.0662727355957031 -0.0203132629394531 -0.240081787109375 -0.0445709228515625
-0.0172958374023438 -0.092620849609375 -0.263992309570313 -0.16717529296875
0.07196044921875 -0.119979858398438 -0.342010498046875 -0.21661376953125
0.136932373046875 -0.105934143066406 -0.369232177734375 -0.244415283203125
0.202285766601563 -0.023162841796875 -0.230850219726563 -0.265518188476562
0.0629692077636719 -0.0613632202148437 -0.0466766357421875 -0.00132369995117188
0.0208358764648438 -0.0541534423828125 0.17657470703125 -0.09454345703125
0.00230979919433594 -0.0192737579345703 0.100631713867187 -0.270278930664063
0.00498580932617188 -0.0210647583007813 -0.077880859375 -0.290985107421875
-0.005126953125 -0.0253219604492188 -0.254119873046875 -0.205520629882812
-0.0462837219238281 -0.0125694274902344 -0.305084228515625 -0.048980712890625
-0.0561180114746094 -0.0209121704101563 -0.243606567382813 -0.00765991210937504
-0.0595588684082031 -0.0111083984375 -0.201934814453125 0.01605224609375
-0.0498237609863281 -0.0410194396972656 -0.173873901367188 0.00897216796874997
-0.0343399047851563 -0.0809402465820313 -0.175933837890625 0.0208740234375
0.00244903564453126 -0.124725341796875 -0.244094848632813 -0.017303466796875
0.134437561035156 -0.109893798828125 -0.265640258789063 -0.1285400390625
0.212875366210937 -0.0630340576171875 -0.333953857421875 -0.18304443359375
0.278472900390625 0.0140533447265625 -0.3341064453125 -0.221893310546875
0.322784423828125 0.096954345703125 -0.153350830078125 -0.264801025390625
0.214462280273437 -0.000885009765625 -0.00189685821533202 -0.000458478927612304
0.177154541015625 -0.112289428710937 0.220489501953125 -0.0872802734375
0.0647048950195313 -0.135574340820313 0.147964477539063 -0.270965576171875
-0.0150604248046875 -0.139503479003906 -0.03680419921875 -0.3016357421875
-0.0854568481445313 -0.0867462158203125 -0.22247314453125 -0.206039428710938
-0.141250610351563 -0.0326080322265625 -0.26702880859375 -0.0458526611328126
-0.152603149414063 -0.0502777099609375 -0.193405151367187 9.15527343749568E-05
-0.158157348632813 -0.02923583984375 -0.154922485351563 0.033233642578125
-0.124374389648438 -0.0866851806640625 -0.133056640625 0.0496444702148437
-0.072052001953125 -0.165206909179688 -0.143035888671875 0.0653076171875
0.02825927734375 -0.221771240234375 -0.234603881835938 0.033111572265625
0.244094848632813 -0.15771484375 -0.262649536132813 -0.0719757080078125
0.323638916015625 -0.041900634765625 -0.304656982421875 -0.139678955078125
0.387725830078125 0.108306884765625 -0.259719848632813 -0.166534423828125
0.3857421875 0.21722412109375 -0.039794921875 -0.213882446289063
0.33355712890625 0.08966064453125 0.0723037719726563 0.0265579223632813
0.3359375 -0.12994384765625 0.2679443359375 -0.058563232421875
0.150177001953125 -0.230575561523438 0.20086669921875 -0.239898681640625
-0.01031494140625 -0.249588012695313 0.02301025390625 -0.28228759765625
-0.146530151367188 -0.15216064453125 -0.16064453125 -0.18658447265625
-0.214767456054688 -0.0559082031250001 -0.195343017578125 -0.03778076171875
-0.226409912109375 -0.072662353515625 -0.115882873535156 0.00862884521484376
-0.237045288085938 -0.03619384765625 -0.0777969360351563 0.0490264892578125
-0.190277099609375 -0.107635498046875 -0.0637130737304688 0.0898590087890625
-0.12249755859375 -0.217422485351563 -0.0895309448242188 0.10858154296875
0.021331787109375 -0.2911376953125 -0.202011108398437 0.087188720703125
0.304656982421875 -0.208099365234375 -0.242218017578125 -0.0149078369140625
0.390167236328125 -0.03851318359375 -0.250656127929688 -0.103927612304687
0.44580078125 0.17254638671875 -0.155548095703125 -0.0948944091796875
0.37548828125 0.302734375 0.0905914306640625 -0.118141174316406
0.385284423828125 0.18414306640625 0.158599853515625 0.0787353515625
0.44439697265625 -0.093994140625 0.3011474609375 -0.00540161132812501
0.228363037109375 -0.268341064453125 0.244094848632813 -0.174346923828125
0.015960693359375 -0.317047119140625 0.085174560546875 -0.225234985351563
-0.173995971679688 -0.199752807617187 -0.07843017578125 -0.143539428710938
-0.251434326171875 -0.074005126953125 -0.0993194580078125 -0.0251846313476562
-0.266189575195313 -0.0845794677734375 -0.0224494934082031 0.0154361724853516
-0.281021118164063 -0.0355224609375 0.0161476135253906 0.0579338073730469
-0.230484008789063 -0.110275268554688 0.0215911865234375 0.119461059570313
-0.159210205078125 -0.237594604492187 -0.023590087890625 0.141754150390625
0.00662231445312497 -0.319091796875 -0.151809692382812 0.129409790039063
0.323577880859375 -0.227783203125 -0.208786010742188 0.0293121337890625
0.406219482421875 -0.025390625 -0.179580688476562 -0.0836334228515625
0.4400634765625 0.214996337890625 -0.03662109375 -0.0185661315917969
0.298004150390625 0.330657958984375 0.210922241210938 0.00267028808593752
0.349365234375 0.2451171875 0.23773193359375 0.1436767578125
0.457000732421875 -0.02825927734375 0.3056640625 0.05828857421875
0.263198852539063 -0.24078369140625 0.26104736328125 -0.0891876220703125
0.0433349609375 -0.316741943359375 0.132308959960938 -0.143524169921875
-0.167877197265625 -0.211395263671875 0.00628662109374999 -0.0846939086914063
-0.247543334960938 -0.07867431640625 0.00485610961914061 -0.0092458724975586
-0.265274047851562 -0.0834197998046875 0.071807861328125 0.0194473266601562
-0.285369873046875 -0.032257080078125 0.112579345703125 0.0596542358398437
-0.23651123046875 -0.101837158203125 0.10760498046875 0.138954162597656
-0.167282104492187 -0.231063842773437 0.03814697265625 0.16522216796875
0.00500488281250003 -0.3072509765625 -0.101318359375 0.158706665039062
0.317291259765625 -0.2059326171875 -0.17340087890625 0.0574188232421875
0.37933349609375 0.01068115234375 -0.105247497558594 -0.073760986328125
0.375244140625 0.239013671875 0.076202392578125 0.0562057495117188
0.1690673828125 0.289764404296875 0.301544189453125 0.117523193359375
0.243072509765625 0.24566650390625 0.296051025390625 0.199920654296875
0.36883544921875 0.03253173828125 0.286895751953125 0.107940673828125
0.232070922851563 -0.16845703125 0.253936767578125 -0.0115966796875
0.052398681640625 -0.254592895507813 0.157333374023438 -0.0645599365234375
-0.13671875 -0.181015014648438 0.0796890258789063 -0.0283966064453125
-0.206619262695313 -0.0665283203125 0.10101318359375 0.0037384033203125
-0.224685668945312 -0.0686187744140625 0.154983520507813 0.0183563232421875
-0.2489013671875 -0.0279083251953125 0.19866943359375 0.0574493408203125
-0.207687377929688 -0.0877685546875 0.182418823242188 0.153839111328125
-0.146072387695312 -0.203201293945313 0.0879364013671875 0.187973022460938
0.0147705078125 -0.262954711914062 -0.061492919921875 0.182601928710937
0.28729248046875 -0.150421142578125 -0.14532470703125 0.0766448974609375
0.31439208984375 0.0596923828125 -0.0394325256347656 -0.0603141784667969
0.25970458984375 0.243057250976563 0.164154052734375 0.133041381835938
0.014434814453125 0.19671630859375 0.35064697265625 0.196685791015625
0.0984649658203125 0.190170288085938 0.327667236328125 0.229705810546875
0.213516235351563 0.0648345947265625 0.261199951171875 0.135482788085938
0.148849487304688 -0.0784454345703125 0.240768432617188 0.038421630859375
0.0415191650390625 -0.150222778320313 0.168655395507813 -0.01019287109375
-0.0869522094726563 -0.116912841796875 0.13165283203125 0.00799560546874999
-0.134101867675781 -0.0420608520507813 0.171859741210938 0.0065155029296875
-0.151519775390625 -0.043121337890625 0.215652465820312 0.0140228271484375
-0.176101684570313 -0.0212860107421875 0.264175415039063 0.055633544921875
-0.15032958984375 -0.0653533935546875 0.236785888671875 0.167816162109375
-0.102615356445313 -0.154693603515625 0.118682861328125 0.212509155273438
0.026123046875 -0.1915283203125 -0.0377197265625 0.204864501953125
0.229339599609375 -0.07928466796875 -0.133224487304687 0.0919952392578125
0.214447021484375 0.1029052734375 0.00682830810546876 -0.0385589599609375
0.110061645507813 0.215072631835938 0.21319580078125 0.206588745117188
0.0469512939453125 -0.126625061035156 -0.28857421875 -0.224609375
-0.092193603515625 -0.083526611328125 -0.0552520751953125 0.0208778381347656
-0.107666015625 0.028411865234375 0.152084350585937 -0.100341796875
-0.0263519287109375 0.0984115600585938 0.062469482421875 -0.273834228515625
0.0500946044921875 0.08221435546875 -0.117050170898438 -0.275634765625
0.0839614868164063 0.017669677734375 -0.28338623046875 -0.19024658203125
0.0561943054199219 -0.00223541259765625 -0.32818603515625 -0.0332946777343749
0.047576904296875 0.00963211059570313 -0.2725830078125 0.005462646484375
0.0460929870605469 0.0156135559082031 -0.223709106445313 0.01922607421875
0.0203018188476563 0.0261802673339844 -0.194778442382813 -0.00698852539062499
-0.0222511291503906 0.0257949829101562 -0.199127197265625 0.006103515625
-0.0696144104003906 -0.0173263549804687 -0.255203247070312 -0.0319366455078125
-0.021331787109375 -0.0948257446289063 -0.28765869140625 -0.162139892578125
0.0694503784179688 -0.13006591796875 -0.369842529296875 -0.209075927734375
0.135993957519531 -0.118942260742187 -0.40093994140625 -0.2376708984375
0.21240234375 -0.0331878662109375 -0.25750732421875 -0.262466430664062
0.0642814636230469 -0.0674324035644531 -0.0480232238769531 0.00520706176757813
0.0194015502929688 -0.0598373413085938 0.180435180664063 -0.10791015625
0.00241661071777343 -0.02081298828125 0.091461181640625 -0.29107666015625
0.00388336181640625 -0.0242366790771484 -0.0980224609375 -0.3040771484375
-0.00818824768066406 -0.0280036926269531 -0.280792236328125 -0.203048706054688
-0.0511627197265625 -0.0102081298828125 -0.3255615234375 -0.0320434570312499
-0.063232421875 -0.0177726745605469 -0.258697509765625 0.00936889648437501
-0.0644187927246094 -0.00848770141601564 -0.21331787109375 0.0309906005859375
-0.0550804138183594 -0.0414199829101563 -0.184890747070313 0.020050048828125
-0.04022216796875 -0.0847930908203125 -0.186019897460938 0.0320281982421875
-0.00399017333984374 -0.132278442382813 -0.260055541992188 -0.00251770019531253
0.137290954589844 -0.123306274414063 -0.287872314453125 -0.12127685546875
0.221023559570312 -0.0776214599609375 -0.3609619140625 -0.1734619140625
0.293792724609375 -6.103515625E-05 -0.36431884765625 -0.215606689453125
0.345916748046875 0.086517333984375 -0.176513671875 -0.264068603515625
0.227020263671875 -0.0126953125 -0.00178337097167967 0.00494098663330078
0.180252075195313 -0.12982177734375 0.225723266601562 -0.102508544921875
0.0612335205078125 -0.147354125976563 0.141510009765625 -0.292877197265625
-0.02508544921875 -0.1475830078125 -0.05450439453125 -0.317596435546875
-0.0961685180664063 -0.0874710083007812 -0.24560546875 -0.20526123046875
-0.151840209960938 -0.0254669189453125 -0.283905029296875 -0.0308532714843749
-0.166641235351563 -0.0428466796875 -0.205764770507813 0.0135955810546875
-0.168899536132813 -0.0216827392578125 -0.162109375 0.046417236328125
-0.13616943359375 -0.0848464965820312 -0.13812255859375 0.0604400634765625
-0.0859527587890625 -0.171188354492188 -0.149002075195313 0.0778350830078125
0.0176544189453125 -0.236114501953125 -0.247146606445313 0.0517730712890625
0.25030517578125 -0.182205200195313 -0.281951904296875 -0.06134033203125
0.339111328125 -0.06207275390625 -0.32830810546875 -0.129058837890625
0.41583251953125 0.091400146484375 -0.284088134765625 -0.161102294921875
0.418212890625 0.208709716796875 -0.0534210205078125 -0.217025756835938
0.35992431640625 0.075836181640625 0.0767364501953125 0.028411865234375
0.345916748046875 -0.15850830078125 0.276336669921875 -0.0739593505859375
0.144775390625 -0.251556396484375 0.199005126953125 -0.264251708984375
-0.0265655517578125 -0.263214111328125 0.010284423828125 -0.300018310546875
-0.163070678710938 -0.152297973632812 -0.17791748046875 -0.187698364257812
-0.228836059570312 -0.0452728271484375 -0.206802368164063 -0.0272216796875
-0.246673583984375 -0.0617218017578125 -0.123176574707031 0.0161361694335937
-0.252517700195313 -0.0227813720703125 -0.0799560546875 0.0568771362304687
-0.205963134765625 -0.102706909179687 -0.0624465942382813 0.0987319946289063
-0.141632080078125 -0.223098754882812 -0.0894393920898438 0.120895385742188
0.00531005859375001 -0.30902099609375 -0.209518432617187 0.107757568359375
0.3106689453125 -0.23992919921875 -0.25799560546875 -0.00247192382812507
0.409393310546875 -0.06280517578125 -0.270782470703125 -0.095184326171875
0.480926513671875 0.15484619140625 -0.170272827148437 -0.0912628173828125
0.412689208984375 0.300323486328125 0.0883331298828125 -0.123924255371094
0.41741943359375 0.17242431640625 0.1708984375 0.0789794921875
0.462371826171875 -0.12847900390625 0.3135986328125 -0.01910400390625
0.225830078125 -0.296722412109375 0.247268676757813 -0.196624755859375
-0.00366210937500004 -0.3360595703125 0.0785675048828125 -0.243087768554688
-0.194503784179688 -0.200897216796875 -0.0887908935546875 -0.147171020507813
-0.26934814453125 -0.0629730224609375 -0.103584289550781 -0.0190658569335938
-0.2891845703125 -0.070953369140625 -0.0235595703125 0.0171051025390625
-0.2987060546875 -0.01934814453125 0.0205612182617187 0.0589408874511719
-0.24822998046875 -0.102554321289063 0.030029296875 0.124557495117188
-0.182708740234375 -0.239288330078125 -0.0191192626953125 0.151702880859375
-0.012969970703125 -0.3369140625 -0.154876708984375 0.149612426757812
0.327545166015625 -0.262908935546875 -0.220504760742187 0.041290283203125
0.427886962890625 -0.05029296875 -0.195388793945313 -0.0783233642578125
0.47833251953125 0.19842529296875 -0.0414886474609375 -0.0184593200683594
0.33135986328125 0.332183837890625 0.2210693359375 -0.00302124023437498
0.383514404296875 0.238250732421875 0.256973266601563 0.142303466796875
0.479248046875 -0.058349609375 0.3216552734375 0.045806884765625
0.262405395507813 -0.268844604492188 0.26953125 -0.107070922851563
0.025177001953125 -0.33734130859375 0.132400512695313 -0.159530639648438
-0.189483642578125 -0.2127685546875 0.00561523437499999 -0.0894088745117188
-0.264816284179688 -0.067535400390625 0.0069608688354492 -0.00946807861328125
-0.287445068359375 -0.0698547363281251 0.0771255493164062 0.0143890380859375
-0.302337646484375 -0.0157165527343749 0.121421813964844 0.0537567138671875
-0.25341796875 -0.0933380126953125 0.122245788574219 0.139366149902344
-0.189407348632813 -0.231231689453125 0.048492431640625 0.173583984375
-0.014373779296875 -0.322998046875 -0.1004638671875 0.177139282226563
0.320953369140625 -0.2386474609375 -0.180633544921875 0.0697326660156249
0.3997802734375 -0.01123046875 -0.11767578125 -0.0718917846679687
0.4107666015625 0.22784423828125 0.081298828125 0.0539932250976563
0.194366455078125 0.29718017578125 0.32208251953125 0.111419677734375
0.27093505859375 0.24310302734375 0.320556640625 0.1983642578125
0.389678955078125 0.009979248046875 0.305938720703125 0.100341796875
0.23455810546875 -0.190582275390625 0.267669677734375 -0.0250701904296875
0.0380706787109375 -0.272323608398438 0.164093017578125 -0.075775146484375
-0.1546630859375 -0.182144165039063 0.0862197875976562 -0.0338058471679688
-0.220001220703125 -0.056884765625 0.108230590820313 -0.00257110595703125
-0.243560791015625 -0.0571136474609375 0.164871215820312 0.007171630859375
-0.26397705078125 -0.0120086669921875 0.2130126953125 0.0448455810546875
-0.221725463867188 -0.0789794921875 0.202438354492188 0.149765014648438
-0.165283203125 -0.202896118164063 0.10137939453125 0.193893432617188
-0.00154113769531252 -0.276473999023437 -0.0560760498046875 0.198211669921875
0.292510986328125 -0.17803955078125 -0.150131225585937 0.0877685546875
0.33453369140625 0.04296875 -0.0477867126464844 -0.0625228881835937
0.288360595703125 0.23797607421875 0.177841186523438 0.129592895507813
0.0247344970703125 0.206710815429688 0.378143310546875 0.190216064453125
0.114578247070313 0.193893432617188 0.35565185546875 0.22540283203125
0.228195190429688 0.053192138671875 0.281463623046875 0.13116455078125
0.152374267578125 -0.090240478515625 0.256454467773438 0.0269927978515625
0.03326416015625 -0.160690307617188 0.178024291992188 -0.0193328857421875
-0.0985107421875 -0.117889404296875 0.143508911132813 0.00177001953124999
-0.14288330078125 -0.0350189208984375 0.183273315429687 -0.0042877197265625
-0.163497924804687 -0.0351409912109375 0.227874755859375 -0.0012969970703125
-0.18701171875 -0.0102081298828125 0.281768798828125 0.038421630859375
-0.160781860351563 -0.059112548828125 0.261260986328125 0.160751342773438
-0.117446899414063 -0.15478515625 0.136062622070313 0.218673706054688
0.01483154296875 -0.201187133789063 -0.0295867919921875 0.218658447265625
0.235198974609375 -0.0991058349609375 -0.135780334472656 0.103378295898437
0.23175048828125 0.0931243896484375 0.00174331665039064 -0.0431098937988281
0.12939453125 0.217880249023438 0.23291015625 0.204193115234375
0.0401687622070313 -0.132102966308594 -0.315643310546875 -0.20751953125
-0.102622985839844 -0.078125 -0.0541839599609375 0.0290069580078125
-0.109596252441406 0.0382232666015625 0.151092529296875 -0.114654541015625
-0.0173721313476562 0.102485656738281 0.043853759765625 -0.288818359375
0.0593490600585938 0.0791854858398437 -0.142898559570313 -0.278793334960938
0.0859832763671875 0.0099029541015625 -0.311859130859375 -0.174285888671875
0.0564002990722656 -0.00703811645507812 -0.344207763671875 -0.00494384765624994
0.0490913391113281 0.006134033203125 -0.283355712890625 0.032318115234375
0.0484771728515625 0.0119552612304688 -0.2310791015625 0.0414276123046875
0.0223255157470703 0.0230312347412109 -0.205841064453125 0.00909423828124999
-0.0213661193847656 0.0266761779785156 -0.208770751953125 0.0228424072265625
-0.072662353515625 -0.0122756958007813 -0.266998291015625 -0.0129241943359375
-0.027679443359375 -0.0962600708007813 -0.308868408203125 -0.145904541015625
0.0619659423828125 -0.140792846679688 -0.39794921875 -0.1884765625
0.129905700683594 -0.132400512695313 -0.4345703125 -0.216064453125
0.218673706054687 -0.0487060546875 -0.285369873046875 -0.247802734375
0.0625076293945313 -0.0745162963867188 -0.0476951599121094 0.013763427734375
0.0157279968261719 -0.0643653869628906 0.17901611328125 -0.123977661132813
0.00327110290527344 -0.0226058959960938 0.073455810546875 -0.309326171875
0.00199127197265625 -0.0266151428222656 -0.12530517578125 -0.310272216796875
-0.0125007629394531 -0.0292987823486328 -0.3095703125 -0.1885986328125
-0.0550079345703125 -0.00666809082031251 -0.340606689453125 -0.00421142578125002
-0.0693588256835938 -0.0125961303710937 -0.269149780273438 0.0348663330078125
-0.068695068359375 -0.003448486328125 -0.219924926757813 0.0531768798828125
-0.0616302490234375 -0.0410079956054688 -0.19171142578125 0.0362548828125
-0.0492401123046875 -0.0875473022460938 -0.192459106445312 0.0486297607421875
-0.0136795043945312 -0.137420654296875 -0.270126342773438 0.02032470703125
0.13543701171875 -0.139900207519531 -0.3076171875 -0.10382080078125
0.223281860351563 -0.0973052978515625 -0.3865966796875 -0.151947021484375
0.3043212890625 -0.022613525390625 -0.394134521484375 -0.19610595703125
0.367034912109375 0.0634765625 -0.202346801757813 -0.254531860351562
0.235824584960938 -0.030487060546875 -0.000541687011718736 0.0105209350585937
0.175933837890625 -0.151260375976562 0.2259521484375 -0.12115478515625
0.052978515625 -0.15777587890625 0.123565673828125 -0.314453125
-0.03887939453125 -0.15228271484375 -0.080230712890625 -0.327484130859375
-0.108222961425781 -0.0843429565429688 -0.271163940429687 -0.1942138671875
-0.160202026367188 -0.0133514404296875 -0.29669189453125 -0.00683593749999999
-0.17987060546875 -0.0286865234375 -0.214141845703125 0.033477783203125
-0.178375244140625 -0.00761413574218747 -0.165740966796875 0.063812255859375
-0.14849853515625 -0.078521728515625 -0.139511108398437 0.0750885009765625
-0.10296630859375 -0.172607421875 -0.150588989257812 0.0933685302734375
-0.00106811523437499 -0.247894287109375 -0.253936767578125 0.0771636962890624
0.247650146484375 -0.211074829101563 -0.297882080078125 -0.042266845703125
0.347991943359375 -0.09027099609375 -0.3504638671875 -0.108123779296875
0.43927001953125 0.062042236328125 -0.30792236328125 -0.144775390625
0.451751708984375 0.18524169921875 -0.0720367431640625 -0.21484375
0.38079833984375 0.049102783203125 0.0826263427734375 0.0303115844726563
0.346221923828125 -0.19439697265625 0.279098510742187 -0.095306396484375
0.13128662109375 -0.273208618164063 0.185943603515625 -0.288177490234375
-0.0506591796875 -0.272064208984375 -0.01171875 -0.314178466796875
-0.182022094726563 -0.145401000976562 -0.198501586914062 -0.181854248046875
-0.240737915039062 -0.028106689453125 -0.21539306640625 -0.0101318359375
-0.264144897460938 -0.04156494140625 -0.127822875976563 0.027984619140625
-0.264495849609375 -0.00202941894531252 -0.0797195434570313 0.0668716430664063
-0.222091674804688 -0.0906829833984375 -0.0561599731445313 0.10736083984375
-0.164764404296875 -0.22076416015625 -0.0849685668945313 0.134193420410156
-0.0203857421875 -0.321441650390625 -0.210693359375 0.133255004882812
0.30291748046875 -0.2774658203125 -0.269577026367188 0.01666259765625
0.421356201171875 -0.097808837890625 -0.28973388671875 -0.077606201171875
0.513397216796875 0.120697021484375 -0.185287475585937 -0.0809326171875
0.453887939453125 0.280487060546875 0.0814743041992188 -0.128044128417969
0.44891357421875 0.14447021484375 0.1827392578125 0.0745391845703125
0.46929931640625 -0.173736572265625 0.32080078125 -0.041259765625
0.210662841796875 -0.325897216796875 0.241928100585937 -0.222381591796875
-0.033660888671875 -0.348419189453125 0.06427001953125 -0.259292602539063
-0.219223022460938 -0.192581176757812 -0.101394653320313 -0.146087646484375
-0.283538818359375 -0.0426025390625 -0.107681274414063 -0.0107574462890625
-0.308868408203125 -0.0469970703125 -0.0240421295166016 0.0193233489990234
-0.31207275390625 0.00640869140624999 0.0251235961914062 0.0589485168457031
-0.264328002929688 -0.0861663818359375 0.0418319702148438 0.126106262207031
-0.207931518554688 -0.23321533203125 -0.00918579101562502 0.160980224609375
-0.041107177734375 -0.34844970703125 -0.1505126953125 0.172576904296875
0.317901611328125 -0.3028564453125 -0.2269287109375 0.0598297119140624
0.439483642578125 -0.087005615234375 -0.210891723632812 -0.066162109375
0.5142822265625 0.165252685546875 -0.0464248657226562 -0.016326904296875
0.37115478515625 0.3194580078125 0.228775024414063 -0.01446533203125
0.41754150390625 0.2156982421875 0.276596069335937 0.132415771484375
0.491607666015625 -0.102142333984375 0.33465576171875 0.0263671875
0.2506103515625 -0.2994384765625 0.270843505859375 -0.13140869140625
-0.00387573242187502 -0.35308837890625 0.127517700195312 -0.176025390625
-0.214950561523438 -0.205474853515625 0.00179290771484374 -0.09375
-0.278732299804688 -0.0469512939453124 0.00958156585693358 -0.0104122161865234
-0.306976318359375 -0.045379638671875 0.079864501953125 0.00644683837890625
-0.315399169921875 0.010955810546875 0.130210876464844 0.0433197021484375
-0.267990112304688 -0.0750732421874999 0.139823913574219 0.133186340332031
-0.21490478515625 -0.22332763671875 0.0626678466796875 0.177627563476562
-0.0418701171875 -0.332427978515625 -0.09197998046875 0.195892333984375
0.311431884765625 -0.277374267578125 -0.183792114257812 0.0853729248046875
0.414093017578125 -0.04534912109375 -0.130317687988281 -0.0665130615234375
0.4453125 0.20050048828125 0.0861587524414063 0.0489959716796875
0.225860595703125 0.293670654296875 0.3428955078125 0.095855712890625
0.300872802734375 0.229705810546875 0.34698486328125 0.184661865234375
0.40399169921875 -0.024078369140625 0.323333740234375 0.083770751953125
0.22845458984375 -0.215866088867187 0.275177001953125 -0.04638671875
0.015350341796875 -0.285186767578125 0.165756225585938 -0.0913543701171875
-0.176376342773438 -0.175857543945312 0.0910186767578125 -0.0421600341796875
-0.230606079101563 -0.0399322509765625 0.114891052246094 -0.0128631591796875
-0.2589111328125 -0.0361175537109375 0.171051025390625 -0.0082855224609375
-0.27374267578125 0.0109100341796875 0.224044799804687 0.026214599609375
-0.235137939453125 -0.0634918212890625 0.223709106445313 0.136566162109375
-0.186935424804688 -0.19488525390625 0.11981201171875 0.194732666015625
-0.0250244140625 -0.285400390625 -0.043975830078125 0.212905883789063
0.287139892578125 -0.21148681640625 -0.150375366210937 0.101699829101562
0.34991455078125 0.0159912109375 -0.0583953857421875 -0.0628890991210938
0.318878173828125 0.2216796875 0.192153930664063 0.11920166015625
0.0427703857421875 0.212387084960938 0.406341552734375 0.17193603515625
0.13421630859375 0.190582275390625 0.385467529296875 0.209075927734375
0.240081787109375 0.0343780517578125 0.3018798828125 0.11749267578125
0.150894165039062 -0.106155395507812 0.268890380859375 0.00941467285156249
0.01959228515625 -0.169235229492187 0.185073852539062 -0.0335845947265625
-0.112419128417969 -0.113204956054688 0.153030395507813 -0.0103759765625
-0.14910888671875 -0.0235137939453125 0.1917724609375 -0.0217437744140625
-0.172653198242187 -0.020751953125 0.235321044921875 -0.0237579345703125
-0.19390869140625 0.00694274902343747 0.295440673828125 0.012481689453125
-0.169708251953125 -0.0479736328125 0.284881591796875 0.142425537109375
-0.133102416992188 -0.148849487304688 0.156906127929688 0.217300415039063
-0.001434326171875 -0.208404541015625 -0.0150604248046875 0.230926513671875
0.233367919921875 -0.124053955078125 -0.134651184082031 0.11669921875
0.247451782226563 0.0763092041015625 -0.00569915771484373 -0.0466499328613281
0.14971923828125 0.213912963867188 0.254959106445313 0.19189453125
0.0313644409179687 -0.135543823242188 -0.333404541015625 -0.182708740234375
-0.10943603515625 -0.0697479248046875 -0.0506820678710938 0.0356979370117188
-0.107650756835938 0.048004150390625 0.146255493164063 -0.12677001953125
-0.00774383544921875 0.103111267089844 0.022003173828125 -0.29559326171875
0.066253662109375 0.073577880859375 -0.166641235351563 -0.2724609375
0.0860061645507812 0.00273895263671875 -0.33123779296875 -0.151153564453125
0.0539474487304688 -0.0113372802734375 -0.350311279296875 0.0265502929687499
0.0487709045410156 0.00260162353515625 -0.2838134765625 0.06072998046875
0.0488662719726563 0.00742721557617188 -0.230255126953125 0.063629150390625
0.0229625701904297 0.0194511413574219 -0.211151123046875 0.0269775390625
-0.0196266174316406 0.0264225006103516 -0.211273193359375 0.0398101806640625
-0.0732955932617188 -0.00602722167968749 -0.270919799804688 0.00791931152343745
-0.0334701538085938 -0.0947494506835938 -0.3231201171875 -0.12469482421875
0.050506591796875 -0.14691162109375 -0.416046142578125 -0.160247802734375
0.119247436523438 -0.143081665039063 -0.455047607421875 -0.185272216796875
0.219146728515625 -0.0653839111328125 -0.3056640625 -0.22412109375
0.0583572387695313 -0.0802459716796875 -0.0445098876953125 0.0212440490722656
0.0105857849121094 -0.0666580200195313 0.1722412109375 -0.137405395507813
0.002685546875 -0.0248165130615234 0.0501708984375 -0.3182373046875
-0.00058555603027344 -0.0283069610595703 -0.1507568359375 -0.3060302734375
-0.0166301727294922 -0.0291194915771484 -0.3289794921875 -0.165985107421875
-0.0578231811523438 -0.00174713134765626 -0.345947265625 0.026336669921875
-0.073516845703125 -0.0061187744140625 -0.269485473632813 0.06201171875
-0.0714340209960938 0.0018768310546875 -0.218429565429688 0.0749053955078125
-0.0670318603515625 -0.0384979248046875 -0.19384765625 0.053497314453125
-0.0574951171875 -0.0862197875976563 -0.19268798828125 0.0662078857421875
-0.0243759155273438 -0.137763977050781 -0.271835327148438 0.044097900390625
0.128021240234375 -0.1539306640625 -0.318695068359375 -0.082977294921875
0.218414306640625 -0.115646362304688 -0.401763916015625 -0.124237060546875
0.3055419921875 -0.046630859375 -0.413482666015625 -0.16778564453125
0.377716064453125 0.03662109375 -0.22259521484375 -0.23651123046875
0.238037109375 -0.0506591796875 0.00236701965332033 0.0160417556762695
0.165878295898438 -0.168731689453125 0.218795776367188 -0.136260986328125
0.0422821044921875 -0.165863037109375 0.100738525390625 -0.32733154296875
-0.0525665283203125 -0.1514892578125 -0.106964111328125 -0.32757568359375
-0.117080688476563 -0.0767898559570312 -0.290985107421875 -0.1751708984375
-0.164276123046875 -0.000411987304687511 -0.299957275390625 0.0190734863281249
-0.186904907226562 -0.0114593505859375 -0.21441650390625 0.0550079345703125
-0.182693481445313 0.00769042968750001 -0.162933349609375 0.0809478759765625
-0.157257080078125 -0.068939208984375 -0.136123657226563 0.0885772705078125
-0.118804931640625 -0.168167114257812 -0.146331787109375 0.107635498046875
-0.021453857421875 -0.25146484375 -0.250991821289063 0.101715087890625
0.234130859375 -0.236495971679688 -0.305908203125 -0.020172119140625
0.346435546875 -0.119140625 -0.36285400390625 -0.0814208984375001
0.448822021484375 0.026947021484375 -0.322052001953125 -0.122039794921875
0.47381591796875 0.152618408203125 -0.0878753662109375 -0.205673217773438
0.391387939453125 0.018341064453125 0.0871810913085938 0.0300827026367188
0.333648681640625 -0.227081298828125 0.273590087890625 -0.11383056640625
0.110992431640625 -0.287567138671875 0.165435791015625 -0.305938720703125
-0.075286865234375 -0.271469116210937 -0.036163330078125 -0.318939208984375
-0.196578979492188 -0.13189697265625 -0.21539306640625 -0.169479370117188
-0.246337890625 -0.00871276855468755 -0.216659545898438 0.0084228515625
-0.273880004882813 -0.0163726806640625 -0.126869201660156 0.0401840209960938
-0.268692016601563 0.0213775634765625 -0.0756454467773438 0.0756149291992188
-0.2320556640625 -0.0743255615234375 -0.0486373901367187 0.11358642578125
-0.185516357421875 -0.210800170898438 -0.076873779296875 0.144515991210938
-0.047210693359375 -0.32501220703125 -0.202713012695313 0.1561279296875
0.28460693359375 -0.309051513671875 -0.273208618164063 0.03741455078125
0.41943359375 -0.13323974609375 -0.2999267578125 -0.0556945800781251
0.52947998046875 0.079254150390625 -0.19451904296875 -0.067169189453125
0.481781005859375 0.2479248046875 0.0733566284179688 -0.130279541015625
0.468353271484375 0.109344482421875 0.192138671875 0.067138671875
0.45751953125 -0.2169189453125 0.3192138671875 -0.06256103515625
0.186676025390625 -0.347564697265625 0.225906372070312 -0.2435302734375
-0.0640869140625 -0.350341796875 0.0461273193359375 -0.269775390625
-0.236984252929688 -0.176925659179688 -0.111923217773437 -0.141632080078125
-0.289093017578125 -0.0190734863281249 -0.106407165527344 -0.00169372558593749
-0.319580078125 -0.0177612304687501 -0.0233993530273438 0.0211410522460937
-0.315521240234375 0.03515625 0.0289764404296875 0.0577278137207031
-0.274581909179688 -0.0654296875 0.0540084838867187 0.123085021972656
-0.22991943359375 -0.219070434570313 0.0029449462890625 0.165130615234375
-0.071441650390625 -0.349578857421875 -0.139358520507813 0.191757202148437
0.2960205078125 -0.336700439453125 -0.227142333984375 0.078460693359375
0.4393310546875 -0.125030517578125 -0.22064208984375 -0.051055908203125
0.53411865234375 0.123199462890625 -0.0491142272949218 -0.0132293701171875
0.40380859375 0.29620361328125 0.230560302734375 -0.0271453857421875
0.440399169921875 0.18328857421875 0.29046630859375 0.11822509765625
0.488555908203125 -0.147064208984375 0.338348388671875 0.00454711914062499
0.231231689453125 -0.32391357421875 0.263336181640625 -0.153518676757813
-0.035125732421875 -0.35699462890625 0.116302490234375 -0.189346313476563
-0.233535766601562 -0.189865112304688 -0.00218200683593751 -0.0967864990234375
-0.285003662109375 -0.02484130859375 0.0118484497070312 -0.0125465393066406
-0.315399169921875 -0.0172119140625 0.0801315307617187 -0.00103759765625
-0.317840576171875 0.040557861328125 0.134201049804687 0.0323104858398438
-0.276382446289063 -0.0540313720703125 0.153106689453125 0.121261596679688
-0.23516845703125 -0.206619262695312 0.076446533203125 0.176300048828125
-0.07073974609375 -0.332550048828125 -0.0782470703125 0.210159301757812
0.2911376953125 -0.309295654296875 -0.18121337890625 0.100128173828125
0.415863037109375 -0.080596923828125 -0.139556884765625 -0.0578842163085938
0.467620849609375 0.165374755859375 0.0889205932617188 0.0418853759765625
0.253616333007813 0.279647827148438 0.353546142578125 0.0748291015625
0.32269287109375 0.20703125 0.36517333984375 0.162933349609375
0.40570068359375 -0.060546875 0.331939697265625 0.063446044921875
0.213241577148438 -0.2371826171875 0.274734497070313 -0.067474365234375
-0.00994873046875001 -0.2900390625 0.162765502929688 -0.106033325195313
-0.192596435546875 -0.163177490234375 0.0930938720703125 -0.0518798828125
-0.235137939453125 -0.020843505859375 0.1177978515625 -0.0241317749023438
-0.26544189453125 -0.0116424560546875 0.170822143554687 -0.0257415771484375
-0.27490234375 0.036041259765625 0.227157592773437 0.005035400390625
-0.241424560546875 -0.0442657470703125 0.23846435546875 0.117218017578125
-0.2039794921875 -0.180389404296875 0.13519287109375 0.188934326171875
-0.04901123046875 -0.285247802734375 -0.0285186767578125 0.222198486328125
0.270782470703125 -0.240325927734375 -0.14605712890625 0.11328125
0.35498046875 -0.013458251953125 -0.0673332214355469 -0.0605201721191406
0.340850830078125 0.196563720703125 0.200408935546875 0.103622436523438
0.0615997314453125 0.212005615234375 0.4246826171875 0.146240234375
0.150833129882813 0.180343627929688 0.40484619140625 0.183563232421875
0.24407958984375 0.0124053955078125 0.314239501953125 0.0970458984375
0.14398193359375 -0.118942260742188 0.27276611328125 -0.011138916015625
0.00444030761718751 -0.172332763671875 0.186660766601563 -0.0486602783203125
-0.1234130859375 -0.1038818359375 0.15850830078125 -0.02459716796875
-0.150161743164063 -0.01080322265625 0.1939697265625 -0.0401763916015625
-0.176651000976562 -0.00442504882812498 0.234649658203125 -0.0467376708984375
-0.19390869140625 0.025146484375 0.2984619140625 -0.01483154296875
-0.174163818359375 -0.034576416015625 0.300445556640625 0.117919921875
-0.146026611328125 -0.138458251953125 0.175308227539062 0.20916748046875
-0.018646240234375 -0.208648681640625 0.00236511230468748 0.237106323242188
0.2239990234375 -0.146682739257813 -0.128204345703125 0.12738037109375
0.255874633789062 0.0548095703125 -0.0136680603027344 -0.0481300354003906
0.168807983398438 0.203079223632813 0.2696533203125 0.17340087890625
0.0244903564453125 -0.136672973632813 -0.342254638671875 -0.16070556640625
-0.113296508789063 -0.0614089965820312 -0.0462570190429688 0.0418701171875
-0.103813171386719 0.0551834106445313 0.14068603515625 -0.134353637695313
0.000389099121093742 0.100616455078125 0.00512695312499998 -0.29705810546875
0.0706100463867188 0.0675277709960938 -0.184051513671875 -0.264511108398438
0.0839385986328125 -0.0032806396484375 -0.34234619140625 -0.1297607421875
0.0512580871582031 -0.0142707824707031 -0.348419189453125 0.051788330078125
0.0474662780761719 -0.000507354736328125 -0.277938842773438 0.083160400390625
0.0470085144042969 0.0029144287109375 -0.224929809570313 0.0806427001953126
0.0214691162109375 0.0160808563232422 -0.212142944335937 0.042236328125
-0.0188312530517578 0.0263957977294922 -0.211044311523437 0.05389404296875
-0.0719375610351563 -0.000389099121093766 -0.269699096679687 0.024200439453125
-0.0380706787109375 -0.0929794311523438 -0.328704833984375 -0.10748291015625
0.0402069091796875 -0.149429321289062 -0.423004150390625 -0.13623046875
0.109161376953125 -0.147659301757813 -0.463958740234375 -0.159698486328125
0.216339111328125 -0.078643798828125 -0.31658935546875 -0.202728271484375
0.0535659790039062 -0.0831222534179688 -0.0403900146484375 0.0279960632324219
0.00645828247070313 -0.0680885314941406 0.165985107421875 -0.1458740234375
0.00263595581054687 -0.0266571044921875 0.031402587890625 -0.320953369140625
-0.00357246398925781 -0.0292739868164063 -0.169921875 -0.29925537109375
-0.0196514129638672 -0.0286731719970703 -0.341033935546875 -0.145263671875
-0.0591583251953125 0.00255584716796876 -0.343353271484375 0.0507507324218751
-0.0755767822265625 0.000511169433593754 -0.26422119140625 0.083282470703125
-0.0729293823242188 0.00634765625000001 -0.212600708007813 0.0923309326171875
-0.0711593627929688 -0.0356674194335938 -0.192092895507812 0.0672607421875
-0.0641403198242187 -0.0847702026367188 -0.19061279296875 0.07958984375
-0.0321578979492188 -0.136917114257813 -0.268524169921875 0.061798095703125
0.1197509765625 -0.163406372070313 -0.322296142578125 -0.064697265625
0.211135864257812 -0.128494262695313 -0.40692138671875 -0.0997009277343751
0.30157470703125 -0.063507080078125 -0.421112060546875 -0.14312744140625
0.381195068359375 0.013885498046875 -0.23321533203125 -0.218841552734375
0.235198974609375 -0.0658721923828125 0.00661277770996095 0.0209503173828125
0.155288696289063 -0.180816650390625 0.210784912109375 -0.147232055664063
0.0331573486328125 -0.169448852539063 0.08111572265625 -0.333038330078125
-0.0637054443359375 -0.148666381835938 -0.126617431640625 -0.322967529296875
-0.122024536132813 -0.069549560546875 -0.30255126953125 -0.157684326171875
-0.164321899414063 0.0101318359375 -0.29681396484375 0.03997802734375
-0.189498901367188 0.00279235839843749 -0.210342407226562 0.0712738037109375
-0.18304443359375 0.02008056640625 -0.157760620117188 0.0943603515625
-0.162979125976563 -0.06011962890625 -0.131332397460937 0.0982894897460938
-0.131301879882812 -0.1622314453125 -0.141616821289063 0.118240356445312
-0.0373077392578125 -0.250823974609375 -0.24407958984375 0.119873046875
0.219558715820313 -0.253280639648438 -0.3070068359375 -0.00369262695312507
0.33843994140625 -0.140289306640625 -0.366485595703125 -0.059967041015625
0.450347900390625 -0.0009765625 -0.328765869140625 -0.1033935546875
0.483917236328125 0.121795654296875 -0.0976715087890625 -0.194488525390625
0.392913818359375 -0.006378173828125 0.091033935546875 0.0305557250976563
0.3184814453125 -0.2508544921875 0.2667236328125 -0.125961303710938
0.09429931640625 -0.29541015625 0.146697998046875 -0.31439208984375
-0.093841552734375 -0.267562866210938 -0.0555419921875 -0.319000244140625
-0.205398559570313 -0.119903564453125 -0.224578857421875 -0.156326293945313
-0.246307373046875 0.00799560546875 -0.213729858398438 0.0227203369140625
-0.276382446289063 0.00448608398437504 -0.125152587890625 0.0502777099609375
-0.267486572265625 0.040802001953125 -0.0714492797851563 0.0821609497070313
-0.236557006835938 -0.0602264404296875 -0.0413970947265625 0.117263793945313
-0.19940185546875 -0.199752807617187 -0.0692596435546875 0.150665283203125
-0.069183349609375 -0.321929931640625 -0.193466186523438 0.172836303710937
0.263824462890625 -0.329742431640625 -0.272476196289063 0.052947998046875
0.410614013671875 -0.159820556640625 -0.302978515625 -0.03778076171875
0.534698486328125 0.045013427734375 -0.198394775390625 -0.055877685546875
0.49951171875 0.218780517578125 0.0683441162109375 -0.129447937011719
0.47503662109375 0.07904052734375 0.197509765625 0.06060791015625
0.442962646484375 -0.24920654296875 0.313720703125 -0.077362060546875
0.165802001953125 -0.358734130859375 0.210159301757813 -0.255523681640625
-0.088623046875 -0.346649169921875 0.031036376953125 -0.2744140625
-0.247894287109375 -0.16156005859375 -0.118980407714844 -0.135887145996094
-0.289520263671875 -0.000274658203124963 -0.103675842285156 0.00425720214843749
-0.321044921875 0.00692749023437493 -0.0223007202148438 0.0233173370361328
-0.3126220703125 0.057891845703125 0.0319137573242187 0.056610107421875
-0.277084350585938 -0.0475311279296875 0.0620269775390625 0.118537902832031
-0.243362426757812 -0.20416259765625 0.0121307373046875 0.16668701171875
-0.094451904296875 -0.343536376953125 -0.12725830078125 0.204971313476563
0.272735595703125 -0.357330322265625 -0.224334716796875 0.090545654296875
0.4307861328125 -0.153167724609375 -0.225555419921875 -0.0377349853515625
0.541351318359375 0.0894775390625 -0.0509033203125 -0.0105438232421875
0.423553466796875 0.269683837890625 0.231109619140625 -0.0351715087890625
0.452362060546875 0.1546630859375 0.29937744140625 0.104095458984375
0.477325439453125 -0.18115234375 0.33734130859375 -0.0123291015625
0.209381103515625 -0.338623046875 0.252960205078125 -0.167984008789063
-0.0589599609375 -0.354522705078125 0.106109619140625 -0.197662353515625
-0.245849609375 -0.17413330078125 -0.00512695312500002 -0.09783935546875
-0.28424072265625 -0.00646972656250002 0.0139532089233398 -0.0144548416137695
-0.31744384765625 0.00732421874999997 0.0794830322265625 -0.00731658935546875
-0.313385009765625 0.0634765625 0.135116577148437 0.0223617553710938
-0.277877807617188 -0.0357666015625 0.161880493164062 0.109710693359375
-0.247604370117187 -0.19073486328125 0.08636474609375 0.17364501953125
-0.092437744140625 -0.327728271484375 -0.064361572265625 0.218765258789062
0.268035888671875 -0.330047607421875 -0.177001953125 0.109756469726562
0.4088134765625 -0.108001708984375 -0.146453857421875 -0.0499725341796875
0.47723388671875 0.13409423828125 0.0892486572265625 0.0364227294921875
0.273162841796875 0.264022827148438 0.35888671875 0.058563232421875
0.335784912109375 0.1849365234375 0.374603271484375 0.145294189453125
0.398468017578125 -0.089202880859375 0.33447265625 0.045928955078125
0.197952270507813 -0.25 0.269485473632813 -0.0821685791015625
-0.029632568359375 -0.288055419921875 0.15765380859375 -0.117218017578125
-0.202835083007813 -0.149276733398438 0.09326171875 -0.0594940185546875
-0.234619140625 -0.00602722167968755 0.119041442871094 -0.0338973999023438
-0.266326904296875 0.00859069824218745 0.167510986328125 -0.03814697265625
-0.270370483398437 0.0569610595703125 0.225997924804687 -0.0112152099609375
-0.242111206054688 -0.0290069580078125 0.245986938476562 0.099273681640625
-0.21417236328125 -0.166000366210937 0.146759033203125 0.182373046875
-0.0665130615234375 -0.279541015625 -0.014862060546875 0.226882934570312
0.25201416015625 -0.2579345703125 -0.140975952148437 0.121170043945313
0.352783203125 -0.037841796875 -0.0752105712890625 -0.0569686889648437
0.351531982421875 0.173919677734375 0.20440673828125 0.0912628173828125
0.07586669921875 0.2081298828125 0.433380126953125 0.124664306640625
0.16094970703125 0.169418334960938 0.414703369140625 0.16033935546875
0.242263793945313 -0.00634765625 0.31927490234375 0.080780029296875
0.134956359863281 -0.128913879394531 0.270980834960938 -0.026885986328125
-0.00747680664062499 -0.171112060546875 0.18475341796875 -0.0601348876953125
-0.129714965820313 -0.0944671630859375 0.16119384765625 -0.0365447998046875
-0.147979736328125 -0.00102233886718747 0.192596435546875 -0.055511474609375
-0.175125122070313 0.00918579101562504 0.229568481445313 -0.063934326171875
-0.19024658203125 0.03985595703125 0.295654296875 -0.036834716796875
-0.17547607421875 -0.0228424072265625 0.30767822265625 0.096160888671875
-0.1534423828125 -0.1273193359375 0.188201904296875 0.199966430664062
-0.0316162109375 -0.205169677734375 0.016082763671875 0.238662719726563
0.212051391601562 -0.161712646484375 -0.122352600097656 0.133575439453125
0.257614135742188 0.0372772216796875 -0.02130126953125 -0.048187255859375
0.180892944335937 0.191055297851563 0.276992797851563 0.156356811523438
0.0193023681640625 -0.138458251953125 -0.348663330078125 -0.14447021484375
-0.116058349609375 -0.0549545288085938 -0.0421371459960938 0.0457534790039063
-0.100914001464844 0.0608291625976562 0.137405395507813 -0.140304565429688
0.0054168701171875 0.0989913940429688 -0.00720214843750002 -0.298492431640625
0.0742111206054688 0.0631484985351563 -0.197784423828125 -0.26007080078125
0.0822906494140625 -0.0077056884765625 -0.35205078125 -0.1146240234375
0.0487785339355469 -0.016143798828125 -0.34844970703125 0.072479248046875
0.0467529296875 -0.00247955322265625 -0.274444580078125 0.100662231445313
0.0453109741210938 0.000164031982421875 -0.221786499023438 0.0933074951171875
0.0200634002685547 0.0139026641845703 -0.214614868164063 0.054473876953125
-0.0183639526367188 0.0259857177734375 -0.211334228515625 0.0653839111328125
-0.0705490112304688 0.00257110595703125 -0.270187377929688 0.03533935546875
-0.0409698486328125 -0.0920944213867188 -0.334014892578125 -0.096466064453125
0.0319061279296875 -0.15130615234375 -0.428009033203125 -0.118743896484375
0.10223388671875 -0.1507568359375 -0.470794677734375 -0.14434814453125
0.214752197265625 -0.0885009765625 -0.324615478515625 -0.18756103515625
0.0507049560546875 -0.0855331420898438 -0.0355110168457031 0.0327033996582031
0.0038299560546875 -0.069488525390625 0.162551879882813 -0.152313232421875
0.00235939025878906 -0.0288181304931641 0.018463134765625 -0.32403564453125
-0.005157470703125 -0.0300540924072266 -0.185302734375 -0.2960205078125
-0.0227909088134766 -0.0284080505371094 -0.35107421875 -0.13153076171875
-0.0611648559570313 0.00595092773437499 -0.342620849609375 0.07025146484375
-0.0777053833007813 0.00531768798828124 -0.260711669921875 0.0994415283203125
-0.0742340087890625 0.00961303710937501 -0.208831787109375 0.105133056640625
-0.0755386352539063 -0.033935546875 -0.192367553710937 0.0787200927734375
-0.0692138671875 -0.084014892578125 -0.190643310546875 0.0890655517578125
-0.0376510620117187 -0.136482238769531 -0.26702880859375 0.075042724609375
0.113571166992188 -0.1708984375 -0.3265380859375 -0.053619384765625
0.206314086914063 -0.137680053710938 -0.41241455078125 -0.0831298828125
0.29998779296875 -0.0765380859375 -0.42791748046875 -0.12872314453125
0.38470458984375 -0.003509521484375 -0.24072265625 -0.205612182617188
0.234466552734375 -0.0761871337890625 0.0114593505859375 0.0247783660888672
0.146743774414063 -0.190414428710938 0.20794677734375 -0.1539306640625
0.02642822265625 -0.17327880859375 0.067352294921875 -0.337738037109375
-0.0722198486328125 -0.14691162109375 -0.1424560546875 -0.321685791015625
-0.127212524414063 -0.0647659301757813 -0.3121337890625 -0.14508056640625
-0.165771484375 0.018768310546875 -0.294891357421875 0.055419921875
-0.1923828125 0.014495849609375 -0.207183837890625 0.084747314453125
-0.184326171875 0.029754638671875 -0.153106689453125 0.104415893554687
-0.167556762695312 -0.0542144775390625 -0.128997802734375 0.105232238769531
-0.141098022460938 -0.158248901367188 -0.139106750488281 0.127166748046875
-0.049041748046875 -0.251693725585938 -0.240402221679687 0.134750366210937
0.209335327148438 -0.267837524414063 -0.310455322265625 0.00796508789062497
0.33477783203125 -0.155792236328125 -0.37115478515625 -0.0450439453124999
0.452728271484375 -0.020050048828125 -0.3338623046875 -0.091094970703125
0.494232177734375 0.10137939453125 -0.103302001953125 -0.187225341796875
0.39483642578125 -0.0247802734375 0.0968704223632813 0.0316162109375
0.307525634765625 -0.270538330078125 0.263671875 -0.13446044921875
0.081634521484375 -0.30267333984375 0.13385009765625 -0.32171630859375
-0.108840942382813 -0.26385498046875 -0.070098876953125 -0.321014404296875
-0.212158203125 -0.11126708984375 -0.232879638671875 -0.148452758789063
-0.247695922851563 0.0197906494140625 -0.211532592773438 0.03271484375
-0.278976440429688 0.0223236083984375 -0.123130798339844 0.058380126953125
-0.2669677734375 0.0553741455078125 -0.0672531127929688 0.0880355834960938
-0.240097045898438 -0.0499725341796875 -0.0365371704101563 0.119293212890625
-0.210983276367187 -0.191970825195313 -0.06439208984375 0.156082153320312
-0.084014892578125 -0.322021484375 -0.185867309570313 0.186309814453125
0.248443603515625 -0.34722900390625 -0.273086547851562 0.0634307861328124
0.4063720703125 -0.178558349609375 -0.30743408203125 -0.025054931640625
0.538726806640625 0.02117919921875 -0.202072143554687 -0.0486907958984375
0.514892578125 0.196624755859375 0.0663681030273438 -0.128334045410156
0.4814453125 0.05645751953125 0.203292846679688 0.057830810546875
0.432373046875 -0.273681640625 0.312591552734375 -0.0863037109375
0.1505126953125 -0.369537353515625 0.20001220703125 -0.263656616210938
-0.1070556640625 -0.34466552734375 0.0191802978515625 -0.279205322265625
-0.2567138671875 -0.151260375976562 -0.123939514160156 -0.132713317871094
-0.290313720703125 0.0125427246093749 -0.100761413574219 0.00785064697265625
-0.323760986328125 0.0256042480468749 -0.0222015380859375 0.0252418518066406
-0.31060791015625 0.0760498046875 0.0342864990234375 0.0565414428710938
-0.280075073242188 -0.035430908203125 0.0680313110351562 0.115142822265625
-0.254501342773438 -0.19384765625 0.0188140869140625 0.169235229492188
-0.11090087890625 -0.342010498046875 -0.117080688476563 0.215560913085937
0.255767822265625 -0.375213623046875 -0.223846435546875 0.0999450683593749
0.425750732421875 -0.174560546875 -0.230438232421875 -0.028564453125
0.5487060546875 0.0633544921875 -0.0525588989257812 -0.00862884521484374
0.441314697265625 0.251922607421875 0.232879638671875 -0.0405426025390625
0.461822509765625 0.134185791015625 0.306365966796875 0.096893310546875
0.4691162109375 -0.205810546875 0.33807373046875 -0.022216796875
0.196136474609375 -0.35040283203125 0.246826171875 -0.1773681640625
-0.078094482421875 -0.35302734375 0.0991668701171875 -0.20477294921875
-0.25439453125 -0.163970947265625 -0.00688171386718752 -0.100090026855469
-0.28533935546875 0.0069580078125 0.0161552429199219 -0.0178985595703125
-0.319183349609375 0.026519775390625 0.078857421875 -0.0119094848632812
-0.310089111328125 0.0810546875 0.135627746582031 0.0165634155273438
-0.279754638671875 -0.0230712890625 0.16754150390625 0.100082397460938
-0.256881713867188 -0.179397583007812 0.0944061279296875 0.173171997070313
-0.10833740234375 -0.32415771484375 -0.054656982421875 0.226882934570312
0.252960205078125 -0.346099853515625 -0.175506591796875 0.117050170898437
0.40618896484375 -0.12823486328125 -0.152923583984375 -0.044189453125
0.48565673828125 0.11175537109375 0.089630126953125 0.031829833984375
0.2882080078125 0.252197265625 0.365936279296875 0.046905517578125
0.3450927734375 0.168975830078125 0.3834228515625 0.1334228515625
0.39398193359375 -0.110504150390625 0.337799072265625 0.0362548828125
0.187454223632813 -0.26055908203125 0.267471313476563 -0.0915985107421875
-0.0447998046875 -0.28802490234375 0.155197143554688 -0.125259399414063
-0.210617065429687 -0.139419555664063 0.094940185546875 -0.066375732421875
-0.234329223632813 0.00471496582031248 0.120468139648437 -0.043426513671875
-0.267013549804688 0.0238494873046875 0.165252685546875 -0.0477294921875
-0.26690673828125 0.072418212890625 0.2257080078125 -0.023406982421875
-0.243087768554688 -0.0183258056640625 0.251922607421875 0.0856170654296875
-0.22186279296875 -0.156036376953125 0.1556396484375 0.17938232421875
-0.0800323486328125 -0.276611328125 -0.00453186035156252 0.231765747070312
0.239517211914063 -0.272857666015625 -0.138557434082031 0.126876831054687
0.352752685546875 -0.05438232421875 -0.081878662109375 -0.0540313720703125
0.360748291015625 0.158355712890625 0.207046508789063 0.083526611328125
0.0882110595703125 0.20526123046875 0.44134521484375 0.1102294921875
0.1689453125 0.1611328125 0.423431396484375 0.147003173828125
0.240509033203125 -0.01934814453125 0.324676513671875 0.071197509765625
0.129241943359375 -0.135429382324219 0.271942138671875 -0.0362548828125
-0.0162506103515625 -0.171142578125 0.18536376953125 -0.068939208984375
-0.134635925292969 -0.0874404907226563 0.163589477539063 -0.0470123291015625
-0.147415161132812 0.00564575195312502 0.19287109375 -0.0682830810546875
-0.174789428710937 0.019439697265625 0.226242065429688 -0.07672119140625
-0.18658447265625 0.0510406494140625 0.293701171875 -0.05401611328125
-0.175537109375 -0.014923095703125 0.3131103515625 0.079437255859375
-0.158950805664062 -0.119644165039063 0.1983642578125 0.195266723632813
-0.0411224365234375 -0.203109741210938 0.0266265869140625 0.241714477539062
0.202285766601563 -0.172866821289063 -0.119979858398438 0.138671875
0.259231567382812 0.02337646484375 -0.0282096862792969 -0.0478782653808594
0.1903076171875 0.183380126953125 0.2830810546875 0.146087646484375
0.0142974853515625 -0.142425537109375 -0.361053466796875 -0.13323974609375
-0.120437622070312 -0.0492324829101563 -0.0386810302734375 0.0507431030273438
-0.0992889404296875 0.0662307739257813 0.13818359375 -0.1490478515625
0.00953674316406251 0.09881591796875 -0.01776123046875 -0.305694580078125
0.07855224609375 0.0601882934570313 -0.21429443359375 -0.260467529296875
0.0817413330078125 -0.0112152099609375 -0.367340087890625 -0.10321044921875
0.0479507446289063 -0.018035888671875 -0.351898193359375 0.0933227539062499
0.04632568359375 -0.00394058227539063 -0.273956298828125 0.1185302734375
0.0441246032714844 -0.00220870971679688 -0.223358154296875 0.106674194335937
0.01824951171875 0.0121898651123047 -0.220382690429688 0.0668029785156251
-0.0186882019042969 0.0256996154785156 -0.215072631835938 0.076690673828125
-0.0701942443847656 0.00513458251953125 -0.275054931640625 0.0455474853515626
-0.0441055297851562 -0.0930557250976563 -0.344268798828125 -0.0888671875000001
0.0250244140625 -0.153884887695313 -0.4398193359375 -0.106201171875
0.0984649658203125 -0.156417846679688 -0.4854736328125 -0.1341552734375
0.2166748046875 -0.098663330078125 -0.335906982421875 -0.17718505859375
0.049713134765625 -0.0886611938476563 -0.0314064025878906 0.0381317138671875
0.00156402587890624 -0.0720977783203125 0.162399291992188 -0.161361694335938
0.00139045715332031 -0.0322189331054688 0.00704956054687503 -0.33245849609375
-0.00704574584960937 -0.0315418243408203 -0.20306396484375 -0.298187255859375
-0.0258216857910156 -0.0278549194335938 -0.366851806640625 -0.120330810546875
-0.0637397766113281 0.009429931640625 -0.34539794921875 0.0885925292968749
-0.0805435180664063 0.0108108520507813 -0.260635375976563 0.11700439453125
-0.0780487060546875 0.0133285522460938 -0.208892822265625 0.118728637695313
-0.0808486938476563 -0.0328140258789062 -0.1959228515625 0.0905303955078126
-0.0763015747070312 -0.0849075317382813 -0.193527221679688 0.100997924804687
-0.04266357421875 -0.139144897460938 -0.270950317382813 0.0882415771484375
0.110076904296875 -0.181411743164062 -0.337005615234375 -0.044830322265625
0.204635620117188 -0.14715576171875 -0.422943115234375 -0.069610595703125
0.303955078125 -0.087554931640625 -0.44158935546875 -0.117950439453125
0.394439697265625 -0.019317626953125 -0.250823974609375 -0.198638916015625
0.236968994140625 -0.0876312255859375 0.0171642303466797 0.0284595489501953
0.141860961914063 -0.202865600585938 0.20849609375 -0.163116455078125
0.020416259765625 -0.180328369140625 0.057037353515625 -0.34759521484375
-0.08074951171875 -0.147186279296875 -0.15997314453125 -0.326080322265625
-0.133331298828125 -0.0614395141601563 -0.326416015625 -0.136138916015625
-0.169281005859375 0.0266265869140625 -0.298736572265625 0.0704345703125
-0.19757080078125 0.026092529296875 -0.20697021484375 0.098876953125
-0.188446044921875 0.0401458740234375 -0.15191650390625 0.115951538085938
-0.17547607421875 -0.049407958984375 -0.129127502441406 0.114669799804687
-0.152191162109375 -0.157913208007813 -0.139579772949219 0.137741088867187
-0.0598907470703125 -0.25653076171875 -0.239883422851562 0.15008544921875
0.2030029296875 -0.285003662109375 -0.3184814453125 0.017913818359375
0.336212158203125 -0.17205810546875 -0.3807373046875 -0.0318603515624999
0.46270751953125 -0.036865234375 -0.3447265625 -0.0823669433593749
0.509033203125 0.082977294921875 -0.109298706054687 -0.183395385742187
0.4029541015625 -0.041717529296875 0.104118347167969 0.0323028564453125
0.30145263671875 -0.29156494140625 0.26605224609375 -0.143768310546875
0.0721435546875 -0.313873291015625 0.125244140625 -0.3321533203125
-0.1234130859375 -0.2655029296875 -0.084259033203125 -0.328399658203125
-0.220977783203125 -0.105606079101563 -0.243988037109375 -0.143905639648437
-0.252960205078125 0.0313873291015625 -0.212966918945313 0.0417633056640625
-0.285919189453125 0.038543701171875 -0.122489929199219 0.0674362182617187
-0.271011352539063 0.0711517333984375 -0.0640182495117188 0.0949478149414063
-0.247955322265625 -0.0420379638671875 -0.0333175659179688 0.122932434082031
-0.2252197265625 -0.1884765625 -0.0609893798828125 0.16461181640625
-0.099761962890625 -0.326751708984375 -0.181350708007813 0.20159912109375
0.23931884765625 -0.366851806640625 -0.27935791015625 0.0743255615234375
0.40936279296875 -0.19927978515625 -0.31622314453125 -0.014007568359375
0.553436279296875 0.000823974609375 -0.208648681640625 -0.043182373046875
0.53460693359375 0.179962158203125 0.0654525756835938 -0.129600524902344
0.49420166015625 0.037384033203125 0.214065551757813 0.055084228515625
0.42877197265625 -0.300384521484375 0.316986083984375 -0.096099853515625
0.1402587890625 -0.38409423828125 0.195526123046875 -0.2740478515625
-0.12548828125 -0.34759521484375 0.00787353515624998 -0.289031982421875
-0.268402099609375 -0.144180297851562 -0.130760192871094 -0.133071899414062
-0.29608154296875 0.025360107421875 -0.101432800292969 0.00955963134765624
-0.329498291015625 0.0444946289062501 -0.0211772918701172 0.0272426605224609
-0.313629150390625 0.092987060546875 0.0383491516113281 0.057159423828125
-0.28717041015625 -0.0251159667968749 0.07403564453125 0.11395263671875
-0.269424438476563 -0.187179565429687 0.02490234375 0.175064086914063
-0.12774658203125 -0.345794677734375 -0.10955810546875 0.228775024414062
0.244140625 -0.395904541015625 -0.227630615234375 0.109909057617187
0.42822265625 -0.195526123046875 -0.239212036132813 -0.0199432373046875
0.56402587890625 0.04302978515625 -0.054931640625 -0.00735473632812501
0.462615966796875 0.23919677734375 0.238906860351563 -0.046905517578125
0.476654052734375 0.11749267578125 0.3192138671875 0.091522216796875
0.46710205078125 -0.233642578125 0.3450927734375 -0.0306396484375
0.186248779296875 -0.365631103515625 0.245452880859375 -0.187484741210938
-0.0960693359375 -0.35821533203125 0.094573974609375 -0.214996337890625
-0.266448974609375 -0.15692138671875 -0.00862884521484377 -0.104965209960938
-0.290496826171875 0.017852783203125 0.0178680419921875 -0.02239990234375
-0.32476806640625 0.04443359375 0.0799484252929687 -0.0159530639648437
-0.31182861328125 0.0985107421875 0.139350891113281 0.0107421875
-0.285491943359375 -0.012359619140625 0.17529296875 0.0935821533203125
-0.2701416015625 -0.171829223632813 0.103927612304687 0.17578125
-0.1234130859375 -0.32666015625 -0.044921875 0.237274169921875
0.24169921875 -0.3653564453125 -0.178024291992188 0.125335693359375
0.410400390625 -0.148284912109375 -0.161666870117187 -0.0393524169921875
0.502899169921875 0.094146728515625 0.0916290283203125 0.0299148559570313
0.307373046875 0.2449951171875 0.37750244140625 0.038818359375
0.358612060546875 0.15814208984375 0.397369384765625 0.125244140625
0.39544677734375 -0.13104248046875 0.347198486328125 0.029144287109375
0.180999755859375 -0.273056030273438 0.27020263671875 -0.1011962890625
-0.0592041015625 -0.291473388671875 0.156494140625 -0.13494873046875
-0.221023559570313 -0.133377075195312 0.0977249145507813 -0.0745925903320313
-0.238540649414063 0.0141448974609375 0.122764587402344 -0.0530548095703125
-0.27099609375 0.038818359375 0.166427612304687 -0.0571136474609375
-0.267547607421875 0.0877838134765625 0.228530883789063 -0.0346527099609375
-0.247100830078125 -0.00849914550781248 0.260208129882813 0.074920654296875
-0.232131958007813 -0.14910888671875 0.16668701171875 0.179641723632813
-0.092132568359375 -0.278427124023438 0.00570678710937502 0.240447998046875
0.23077392578125 -0.289642333984375 -0.139900207519531 0.133285522460937
0.356658935546875 -0.071502685546875 -0.0907058715820312 -0.0516738891601563
0.376068115234375 0.147064208984375 0.213714599609375 0.0778656005859375
0.100753784179688 0.204025268554688 0.456085205078125 0.09991455078125
0.177825927734375 0.156570434570313 0.4376220703125 0.136260986328125
0.241683959960938 -0.031402587890625 0.3343505859375 0.0635986328125
0.1263427734375 -0.142562866210938 0.2777099609375 -0.0454864501953125
-0.02490234375 -0.173431396484375 0.189788818359375 -0.0784454345703125
-0.141372680664063 -0.0821685791015625 0.168670654296875 -0.0577850341796875
-0.1492919921875 0.0116729736328125 0.196334838867188 -0.081787109375
-0.176376342773437 0.0293731689453125 0.226333618164063 -0.090301513671875
-0.185867309570312 0.0616302490234375 0.296630859375 -0.069305419921875
-0.178085327148438 -0.00784301757812497 0.3226318359375 0.065948486328125
-0.16607666015625 -0.114273071289063 0.211700439453125 0.193222045898438
-0.0489654541015625 -0.2049560546875 0.036834716796875 0.247421264648437
0.198104858398438 -0.185073852539063 -0.12017822265625 0.145294189453125
0.264572143554688 0.0126190185546875 -0.0352592468261719 -0.0475234985351563
0.202011108398437 0.179595947265625 0.292877197265625 0.13922119140625
0.0076751708984375 -0.1475830078125 -0.380126953125 -0.118011474609375
-0.125213623046875 -0.0429534912109375 -0.0347785949707031 0.0562171936035156
-0.0985107421875 0.0740814208984375 0.137710571289063 -0.161605834960938
0.01495361328125 0.0994644165039063 -0.033660888671875 -0.316986083984375
0.0850372314453125 0.0567474365234375 -0.238235473632813 -0.259841918945312
0.0824508666992188 -0.0155487060546875 -0.389404296875 -0.0857238769531251
0.0461502075195313 -0.0202407836914063 -0.357330322265625 0.1199951171875
0.0470237731933594 -0.00642013549804688 -0.274200439453125 0.142013549804687
0.0430984497070312 -0.00408172607421875 -0.22601318359375 0.124832153320313
0.0164661407470703 0.0109481811523438 -0.227752685546875 0.0856781005859375
-0.0190944671630859 0.0271625518798828 -0.221176147460938 0.0935821533203125
-0.0700874328613281 0.00823593139648438 -0.284271240234375 0.061279296875
-0.0497512817382813 -0.0943603515625 -0.361358642578125 -0.0766601562500001
0.0167083740234375 -0.158889770507813 -0.45697021484375 -0.089080810546875
0.0942230224609375 -0.165267944335938 -0.510223388671875 -0.1175537109375
0.220123291015625 -0.113876342773438 -0.35528564453125 -0.165191650390625
0.0479736328125 -0.09375 -0.0272369384765625 0.0424690246582031
-0.00249481201171875 -0.0758514404296875 0.162796020507813 -0.17431640625
-3.05175781249971E-05 -0.0355491638183594 -0.00894165039062497 -0.34521484375
-0.00925827026367188 -0.0326519012451172 -0.22808837890625 -0.300140380859375
-0.0296955108642578 -0.0283775329589844 -0.38861083984375 -0.1038818359375
-0.0668449401855469 0.0138168334960938 -0.351959228515625 0.114227294921875
-0.0845870971679688 0.0177383422851563 -0.261322021484375 0.139556884765625
-0.0821456909179688 0.0196075439453125 -0.209426879882812 0.137298583984375
-0.0888595581054688 -0.0305862426757812 -0.2008056640625 0.107498168945312
-0.0859756469726562 -0.08502197265625 -0.19720458984375 0.117538452148438
-0.0501708984375 -0.143081665039062 -0.276153564453125 0.106765747070312
0.10406494140625 -0.195510864257812 -0.352569580078125 -0.032073974609375
0.204010009765625 -0.161514282226563 -0.439971923828125 -0.052001953125
0.311065673828125 -0.1055908203125 -0.46337890625 -0.10406494140625
0.406890869140625 -0.041290283203125 -0.266464233398438 -0.190719604492188
0.242019653320312 -0.103500366210937 0.0235576629638672 0.0313587188720703
0.134750366210938 -0.219879150390625 0.209854125976563 -0.178009033203125
0.0123443603515625 -0.189804077148438 0.042022705078125 -0.3621826171875
-0.092315673828125 -0.148223876953125 -0.184417724609375 -0.33160400390625
-0.141586303710938 -0.05712890625 -0.346893310546875 -0.1239013671875
-0.175094604492188 0.0371856689453125 -0.303497314453125 0.09100341796875
-0.204193115234375 0.04150390625 -0.207107543945312 0.117477416992188
-0.194168090820313 0.0537109375 -0.15008544921875 0.1317138671875
-0.186111450195313 -0.042236328125 -0.129920959472656 0.127799987792969
-0.168655395507813 -0.156097412109375 -0.138885498046875 0.152847290039063
-0.076202392578125 -0.264389038085938 -0.23974609375 0.170181274414062
0.194427490234375 -0.309173583984375 -0.331085205078125 0.0331115722656249
0.339080810546875 -0.19451904296875 -0.395294189453125 -0.01416015625
0.479766845703125 -0.062042236328125 -0.361968994140625 -0.0699768066406251
0.53411865234375 0.059295654296875 -0.118865966796875 -0.182281494140625
0.416473388671875 -0.06573486328125 0.114349365234375 0.031829833984375
0.2933349609375 -0.3204345703125 0.270034790039063 -0.15972900390625
0.058502197265625 -0.331268310546875 0.11383056640625 -0.34912109375
-0.144180297851563 -0.268218994140625 -0.10711669921875 -0.338134765625
-0.235275268554688 -0.0980987548828125 -0.260940551757813 -0.136337280273438
-0.260406494140625 0.0465850830078125 -0.216827392578125 0.054931640625
-0.294219970703125 0.05950927734375 -0.1214599609375 0.0786666870117187
-0.276824951171875 0.0907897949218749 -0.0599441528320313 0.104255676269531
-0.26055908203125 -0.030517578125 -0.028961181640625 0.130569458007813
-0.245071411132812 -0.183074951171875 -0.056060791015625 0.177001953125
-0.122955322265625 -0.3349609375 -0.1761474609375 0.222091674804687
0.22650146484375 -0.396820068359375 -0.28851318359375 0.09075927734375
0.41424560546875 -0.227447509765625 -0.329437255859375 0.00186157226562494
0.574462890625 -0.0284423828125 -0.219024658203125 -0.03570556640625
0.56744384765625 0.15655517578125 0.0658416748046875 -0.134201049804688
0.514678955078125 0.01171875 0.228378295898438 0.0490264892578125
0.42523193359375 -0.337982177734375 0.3245849609375 -0.111572265625
0.125732421875 -0.40771484375 0.189971923828125 -0.291656494140625
-0.1507568359375 -0.3533935546875 -0.00781249999999999 -0.30328369140625
-0.285797119140625 -0.135406494140625 -0.141464233398438 -0.132492065429688
-0.30633544921875 0.0428466796875 -0.10296630859375 0.013671875
-0.339813232421875 0.06884765625 -0.0203781127929688 0.0299243927001953
-0.317901611328125 0.11651611328125 0.0435829162597656 0.0584068298339844
-0.298736572265625 -0.0109252929687501 0.0820770263671875 0.113510131835937
-0.2899169921875 -0.1790771484375 0.0350189208984375 0.182830810546875
-0.15234375 -0.3521728515625 -0.099090576171875 0.247406005859375
0.22998046875 -0.426727294921875 -0.233566284179687 0.125076293945313
0.434600830078125 -0.2269287109375 -0.25140380859375 -0.00831604003906254
0.59027099609375 0.014892578125 -0.0584487915039062 -0.0053253173828125
0.494720458984375 0.222930908203125 0.248916625976563 -0.0574798583984375
0.49932861328125 0.094879150390625 0.33807373046875 0.080902099609375
0.467376708984375 -0.269134521484375 0.356964111328125 -0.045501708984375
0.174530029296875 -0.389556884765625 0.24688720703125 -0.204208374023438
-0.1220703125 -0.365692138671875 0.087158203125 -0.229766845703125
-0.284393310546875 -0.147247314453125 -0.0125350952148438 -0.111335754394531
-0.30010986328125 0.03448486328125 0.0180530548095703 -0.0268630981445313
-0.3333740234375 0.067596435546875 0.0818710327148437 -0.0214996337890625
-0.316192626953125 0.121734619140625 0.145736694335937 0.00367736816406251
-0.29559326171875 0.00183105468750005 0.185699462890625 0.085906982421875
-0.289276123046875 -0.16290283203125 0.116653442382812 0.179763793945313
-0.1453857421875 -0.3321533203125 -0.0319976806640625 0.251373291015625
0.227752685546875 -0.393890380859375 -0.181716918945312 0.138458251953125
0.41754150390625 -0.1767578125 -0.1728515625 -0.0322113037109375
0.52618408203125 0.0709228515625 0.0960617065429688 0.026153564453125
0.333648681640625 0.235809326171875 0.394805908203125 0.02392578125
0.378570556640625 0.143951416015625 0.41925048828125 0.112518310546875
0.398223876953125 -0.15948486328125 0.361236572265625 0.015960693359375
0.173675537109375 -0.292724609375 0.276580810546875 -0.1163330078125
-0.078857421875 -0.298431396484375 0.15582275390625 -0.150177001953125
-0.23602294921875 -0.12542724609375 0.099456787109375 -0.0853042602539063
-0.245941162109375 0.0278472900390625 0.125457763671875 -0.0655364990234375
-0.277328491210938 0.0582733154296875 0.168502807617187 -0.0696258544921875
-0.269744873046875 0.107208251953125 0.23455810546875 -0.050048828125
-0.25579833984375 0.00450134277343744 0.2735595703125 0.0614166259765625
-0.248199462890625 -0.140701293945312 0.184066772460938 0.1798095703125
-0.109771728515625 -0.283935546875 0.0198974609375 0.250625610351563
0.220367431640625 -0.3134765625 -0.141494750976563 0.145477294921875
0.36480712890625 -0.094451904296875 -0.101325988769531 -0.0481719970703125
0.398834228515625 0.1309814453125 0.223831176757813 0.07061767578125
0.116180419921875 0.204391479492188 0.479461669921875 0.08367919921875
0.190719604492187 0.15155029296875 0.460968017578125 0.12158203125
0.245010375976562 -0.046051025390625 0.350830078125 0.051483154296875
0.12298583984375 -0.153884887695313 0.287139892578125 -0.0596923828125
-0.0368804931640625 -0.176544189453125 0.19427490234375 -0.0929718017578125
-0.150787353515625 -0.076202392578125 0.174453735351563 -0.0725250244140625
-0.15350341796875 0.02020263671875 0.1981201171875 -0.10040283203125
-0.179718017578125 0.041717529296875 0.227706909179687 -0.107986450195312
-0.1868896484375 0.0752716064453125 0.3016357421875 -0.0906982421875
-0.184661865234375 0.000900268554687486 0.337249755859375 0.04925537109375
-0.177658081054688 -0.108505249023437 0.231353759765625 0.191146850585938
-0.06024169921875 -0.208709716796875 0.0519256591796875 0.256378173828125
0.192459106445313 -0.203201293945313 -0.119735717773438 0.156234741210938
0.273468017578125 -0.00262451171875 -0.0440711975097656 -0.046142578125
0.219924926757813 0.1744384765625 0.311126708984375 0.13116455078125
-0.0768831420308111 0.0827116010183274 -0.1099646171522 -0.381635195922382
0.0513454624505788 0.122197196280644 -0.0500303346204827 -0.0144475211887707
0.115281734874761 0.0542327309967992 0.22708741632613 0.00703276282990404
0.0811993861312591 -0.0591721448536378 0.241899858920352 -0.210410445773877
0.00265143245008531 -0.0827621173149527 0.0844919092863111 -0.368669877074891
-0.0261988212570333 -0.0368502806310353 -0.118805404492781 -0.381818727570408
-0.0213091357070569 -0.0375634534052276 -0.261690229330147 -0.283871292610149
-0.0181672977042544 -0.0420536526845003 -0.284556965071734 -0.182256686374148
-0.0100284977156834 -0.037411370912183 -0.226639510307757 -0.150362948958104
0.010704743842732 -0.0282024927842613 -0.196845138456397 -0.150772917374025
0.0446328265025528 -0.00713335884262183 -0.208545398876691 -0.161545941149429
0.0674164413890212 0.0512147368567049 -0.201425813092995 -0.24001245407367
-0.000691016330928895 0.11644497169381 -0.138327487367466 -0.342593031390572
-0.102055784074324 0.0916354461113795 -0.157290899166208 -0.426193604376931
-0.150770073012784 0.0152802654864563 -0.237799418695946 -0.448314101109986
-0.172143406202549 -0.102489476896931 -0.077615942673146 -0.362048794298512
-0.108465234485261 0.0185130165393276 -0.0453508125488108 0.0219754070295891
-0.0721026476846637 0.0728991744168526 0.279169273288727 0.0625759340493971
-0.0253450035412166 0.0583735129915285 0.319711723298571 -0.190312219675535
0.0117108436670003 0.0579829245478332 0.143977958686761 -0.396298737368732
0.038322227347108 0.0577027744631718 -0.0921153471493087 -0.404200306885725
0.0737398213880486 0.0437188807067284 -0.242729914636143 -0.297653491811794
0.0887468520701114 0.0351287399287279 -0.273282628291421 -0.18337907798686
0.0874537826488214 0.0542093058265408 -0.221590875392878 -0.140848598904003
0.0482656790465375 0.0821388377078238 -0.185690469692222 -0.121605682395662
0.0106947524637788 0.121280194824424 -0.200682795457605 -0.121790305991056
-0.0751674273512676 0.132568804453 -0.22480711218205 -0.185322187924676
-0.184560127919991 0.0886310277846096 -0.172553967850336 -0.289569739746579
-0.224853542962877 -0.0484828610341115 -0.199761850196034 -0.380405842196722
-0.222428754494066 -0.185919091968227 -0.243300593800681 -0.408922293117178
-0.229802186762124 -0.290406077537515 -0.0279257205888916 -0.281794947032189
-0.253801737933661 -0.129075965100102 -0.0302774340695079 0.0980277062710765
-0.283118941193676 0.0522683625447413 0.328664872992007 0.153688175064058
-0.171183110807045 0.166177116384855 0.402778196957366 -0.131609476399427
-0.0100045259707784 0.212099641541955 0.221558266809825 -0.386775601659215
0.0863275642412762 0.164230571310057 -0.0410605486167794 -0.391867639062677
0.153201773417957 0.128155224313915 -0.189336142330338 -0.27660026793637
0.184166680732667 0.106952474484261 -0.219543312906562 -0.155884574325544
0.183337778458433 0.127345945758414 -0.181645984576292 -0.100729386307221
0.101183634715172 0.165597366565087 -0.152902847341211 -0.0582597236222145
0.0166032860157346 0.230636654735561 -0.187095159799925 -0.0492407708939674
-0.163425219360712 0.231472610595286 -0.248852349159773 -0.104373155624592
-0.327319838961216 0.111485467527554 -0.21153934315336 -0.219223404049405
-0.338131096934965 -0.130276059132963 -0.223072484424387 -0.31252574641017
-0.28399691097605 -0.338891617026037 -0.223352297397153 -0.312545137234038
-0.23988275148582 -0.447429957975616 0.0303405923541527 -0.140854450090318
-0.351118735399689 -0.29363744915163 -0.0106867202721251 0.20750036043128
-0.473168889826822 -0.0150088589303308 0.351585851165317 0.269563332988069
-0.333122086192439 0.231777288965619 0.461400567170799 -0.0295219284220858
-0.0628317344643751 0.345288736844491 0.2943809775946 -0.323472218296324
0.108405913205286 0.263323927569742 0.0248473341286565 -0.331340790431951
0.203979515578483 0.202111502679831 -0.109038996623067 -0.218257353240155
0.25356100073797 0.161627933716293 -0.13446137321226 -0.104273615227947
0.259071784607569 0.174419083950538 -0.110352078175607 -0.0391595604306707
0.155213655508871 0.216315125684867 -0.0949308250926845 0.0205605294722629
0.0488925529425466 0.303769410119769 -0.154307752673306 0.03697743632038
-0.196241603154325 0.314642426544361 -0.249004051485348 -0.0118387638819972
-0.410863556266481 0.153161022623993 -0.229874696667745 -0.141525186432034
-0.414192696524856 -0.165482474256773 -0.209605639012498 -0.240895805802763
-0.317368914005439 -0.432312788197896 -0.171660362767314 -0.184247451649125
-0.201776852141485 -0.530321880991897 0.0847417296313795 0.0411475857507327
-0.365434224840767 -0.4239206554119 0.00683105576681333 0.330749868102549
-0.576657713762515 -0.116267069167917 0.327767952235097 0.382154947687901
-0.456287124210138 0.228241928439124 0.463225979786103 0.0975647665785925
-0.129167650763279 0.414250020401764 0.336310767024416 -0.207512155125549
0.102161900968439 0.325257802415875 0.089436596643414 -0.226566910761366
0.220381665082587 0.24678598505335 -0.0165050016128743 -0.130539912893921
0.284117816859619 0.192629403104593 -0.0320202359494597 -0.0370858038100233
0.29826607847522 0.19388574035119 -0.0170164306897258 0.0305285966372479
0.190615104662066 0.235077633735277 -0.0200360332015697 0.100182674358648
0.0796063311636232 0.331382101669771 -0.106218305288539 0.120663051991846
-0.195173936733887 0.349798386111378 -0.225017385668029 0.0710817270229554
-0.435743138934862 0.170730568076938 -0.224877804823679 -0.0734578301044669
-0.430431338803761 -0.180802310032221 -0.16167396358664 -0.178404063118116
-0.299724356470651 -0.464484596615216 -0.0951282351285397 -0.0467119144708834
-0.130924794979341 -0.514041577809726 0.126921169368433 0.229725193066582
-0.299693634800462 -0.467487247164097 0.0242371989132085 0.437828106531278
-0.551592526007806 -0.200549362356364 0.260876960339267 0.453088796046096
-0.484370638158847 0.166140034211386 0.404016201988321 0.208659657323588
-0.17168390115547 0.397461252897354 0.328086074477401 -0.0700363445821525
0.0792136237093232 0.328379392914075 0.13630424498223 -0.0981651293585842
0.202520584232443 0.249831855786464 0.0716130723320797 -0.0299731261940507
0.271791536752611 0.192754444187999 0.0717688511937906 0.0340557907546662
0.293474054495202 0.188833393986856 0.0809594932264421 0.100075149716304
0.193089905340237 0.227525717807194 0.0559841592874755 0.17327611128552
0.0857197907755684 0.317656435539999 -0.0606516437492315 0.194525561746235
-0.185749021579109 0.329374570018621 -0.196623993632226 0.133923198228136
-0.415857230754878 0.144271491106963 -0.208508815779657 -0.0252630710328315
-0.385879626752904 -0.197575196089053 -0.101440050475004 -0.129594445947964
-0.230323953885837 -0.445873856078486 -0.0162964997691556 0.0848587377736781
-0.0472693084200414 -0.397619628013944 0.157592912470858 0.381349818932968
-0.184450850466204 -0.403868636960391 0.0453929512054865 0.502898377336454
-0.41725001623099 -0.21899598287376 0.187663861863285 0.464605996191766
-0.404043887205732 0.0867241562485368 0.314309464441356 0.272286231270749
-0.165036006690542 0.308215371313865 0.284924401499953 0.0486487315922843
0.0524947259097663 0.271231073111319 0.162374017884697 0.0207911858315712
0.157622432684517 0.207897485197554 0.145562533517763 0.0627704283037072
0.220849701500133 0.164431136289088 0.163262424281784 0.096957644455678
0.243638807811298 0.161717134360744 0.16967357557922 0.162746781340116
0.162502464919886 0.197497484490388 0.118348346525422 0.23838346412676
0.0682219659939988 0.271311318382083 -0.0306549921183441 0.259229768322959
-0.171166627380821 0.265989014221481 -0.177784023407805 0.178409195067785
-0.359888764584431 0.0865531690134878 -0.195710752620211 0.00533094553356676
-0.296296919366365 -0.209455178829718 -0.0481072677975208 -0.087731572934531
-0.122643189926445 -0.379996605602598 0.0440025800490754 0.203961018799356
0.0387760275600762 -0.209118687269002 0.18032081512637 0.463478223363007
-0.0543075965051639 -0.255591293523306 0.0812687067885276 0.513168991675468
-0.226540961616292 -0.166078274261705 0.13804896538678 0.426283921706962
-0.248457760434703 0.0205690429048563 0.237639196114727 0.281797323799129
-0.115869040689293 0.176773449060582 0.234704181712143 0.123186296996484
0.0257930991930777 0.171041006967743 0.175434894792539 0.104008168540821
0.0930942922834181 0.131670798123172 0.195185134242461 0.129370941260088
0.136888548028418 0.108943429357392 0.230004193723224 0.143478593108194
0.158446624349677 0.112101686105195 0.234380505178249 0.214708217535437
0.107943648048657 0.146153139034915 0.153901239340922 0.293283136680879
0.0383302803379134 0.196139192590593 -0.025795889896325 0.313636063768347
-0.141895106819238 0.173156162403209 -0.180152824669958 0.206169838625085
-0.266037447257442 0.0197896081377075 -0.199044387851662 0.0200275210591044
-0.172252285404469 -0.198282429311807 -0.0148569517122698 -0.0512943157634318
0.00134752588784816 -0.265688135449734 0.0722647615082398 0.302007006133258
-0.0697052586096896 0.0903515833304996 -0.145749601192455 -0.375697719041348
0.061798960662219 0.116991702026502 -0.0523424990816915 -0.00637368977272696
0.121084367566499 0.0446158097400063 0.233255925969786 -0.010689508570105
0.0764260919384477 -0.0650847612559562 0.229997841086053 -0.234405432889635
-0.00770349282723146 -0.0825688110516011 0.0527620627620667 -0.382668272046625
-0.0286540920147103 -0.0341841287212666 -0.156891349399749 -0.378434508926667
-0.0232241875871712 -0.0361611691641412 -0.293117281172737 -0.26051176446545
-0.021561254403791 -0.041269445614724 -0.305805132740289 -0.154948793939471
-0.0118348802210252 -0.0364276835746213 -0.246331225602933 -0.131705072454286
0.0102606236746064 -0.0283641726904879 -0.218011167849018 -0.135691334826273
0.0454261303773465 -0.00968893509856096 -0.227850834970247 -0.14561249489092
0.0711720711634272 0.0456534843610455 -0.225481725401387 -0.226054605006693
0.00953139760892769 0.118783568233953 -0.16821442101635 -0.338166816494641
-0.0940533761932532 0.100101569381901 -0.192047469464359 -0.418546657752551
-0.15095087267007 0.0279021283161632 -0.27719020705103 -0.439720955283967
-0.183672770573781 -0.0900950262166328 -0.109932613765842 -0.35779406665926
-0.109722736898862 0.0268808813868908 -0.0434526063563151 0.0309056245410628
-0.0672961521026151 0.0811037202257628 0.29032290723619 0.0419474227606446
-0.0221560650286448 0.0632433818580889 0.310535085148702 -0.220520675614427
0.0155811392106109 0.0591440408697691 0.112027509286901 -0.417737494155134
0.0447910520347442 0.0565052534954536 -0.131525185009552 -0.404218825423122
0.080530341971609 0.0382155935468598 -0.274463488679923 -0.27781705313271
0.0951183578837335 0.0266389799657971 -0.294626525902051 -0.15623026572798
0.0968546304877755 0.0468874793106495 -0.240619341119863 -0.122684750170174
0.0580444792962161 0.0802914861244852 -0.20429793030052 -0.106849394376705
0.0232351954513655 0.124420750200281 -0.21750056120781 -0.106111554984138
-0.0663307286362664 0.142686172994684 -0.245434480380058 -0.167643308108663
-0.180100597239995 0.107548594392488 -0.199488830611499 -0.282515031658251
-0.231633109311261 -0.0323167825952814 -0.233264825172754 -0.368238225339643
-0.242747916437719 -0.170505939881404 -0.282416209732796 -0.398235139554399
-0.259788373777632 -0.276797285162494 -0.0524224406377511 -0.280633883865768
-0.269776852018273 -0.109773715273344 -0.0214835377880112 0.107061571349266
-0.282039794094494 0.0811264296859968 0.347853976140033 0.130767826358773
-0.161021664422362 0.185342528301118 0.399069384366583 -0.167188694842621
0.00886729171998515 0.217188808642454 0.190183921626447 -0.41501797711018
0.102920730866719 0.161016350072329 -0.0775516791397268 -0.395545802478417
0.168297002066578 0.11689306233272 -0.217628625145209 -0.260816898060185
0.199166624545581 0.0900003362083229 -0.238091754770613 -0.133648251204037
0.199941806497693 0.11149777548136 -0.195120658261324 -0.08320925741233
0.118243262815665 0.160939764707913 -0.163977000057905 -0.0453867711343504
0.0393559854917235 0.234674193109671 -0.197654815853847 -0.0329260291707514
-0.14722906612661 0.252153014043863 -0.26154866933767 -0.082134272873353
-0.323312349484353 0.14464178677112 -0.233935539809002 -0.207667333555178
-0.355506182639145 -0.105696745929385 -0.252190395483021 -0.298808051352099
-0.320673864350091 -0.320839889305024 -0.254181483840994 -0.301038303855845
-0.284605988687678 -0.433864571573822 0.019123001856621 -0.141986725542501
-0.382381954180569 -0.267737759480047 0.0083373319681555 0.216490041368196
-0.481183612828144 0.028992587855796 0.379477460960875 0.246699485846149
-0.320495234872571 0.266590029539433 0.467196397771296 -0.0673963611297852
-0.0321506441097631 0.357862410438325 0.270426055602212 -0.357946772309307
0.134179269135569 0.259036797840235 -0.00317210344446347 -0.33925257007053
0.226843312657566 0.186549282302538 -0.130037758839532 -0.211110599566885
0.274886391942153 0.138203373355905 -0.14687157981655 -0.0911415538103885
0.28196073639922 0.151231146323089 -0.116640830840689 -0.0274051461503341
0.177344650648047 0.206895148386374 -0.0971196367102337 0.0298947129308804
0.0782802548030025 0.305147020748145 -0.157226189385979 0.0522760456692657
-0.171695651873556 0.339751955777485 -0.25441282345718 0.0127826624721052
-0.403528072646672 0.194355683185382 -0.24782722958099 -0.127818859279053
-0.436677769239233 -0.133440794146661 -0.234172518163515 -0.227372296232892
-0.361557868585357 -0.41224860804264 -0.19117214597055 -0.174245928903813
-0.25297062214968 -0.520771669663817 0.0895840089550126 0.0380876121177031
-0.40993287585824 -0.399380948650742 0.0369421815096792 0.33939863190112
-0.595081340061229 -0.0638688370642662 0.364400550600684 0.363817218501019
-0.445887324506385 0.273300148385752 0.479517770275811 0.0629369828399833
-0.0911565771998659 0.434080424984279 0.32378651809443 -0.244121593204883
0.134021497996506 0.322586027223641 0.0729332345892324 -0.238499868923295
0.24642354103089 0.231199675527253 -0.0270296837216618 -0.131225383484843
0.308391166842537 0.165914132763663 -0.0362173929459681 -0.0338016009057484
0.32285913979617 0.167167678894356 -0.0147316761017166 0.0340404122051095
0.214266985479156 0.222500512311943 -0.0128399178888318 0.103803012894714
0.111638078004167 0.3288647718159 -0.100323553175797 0.134439096871532
-0.167810906070403 0.375241960762811 -0.223236440911807 0.095020376761553
-0.425399441549056 0.213951612567713 -0.237465871169258 -0.0590061348152646
-0.453259453127884 -0.14589803412055 -0.182089351630614 -0.168829234601628
-0.347292184719135 -0.446557543691359 -0.10143455743156 -0.0395376032257646
-0.1819910656488 -0.510954108034897 0.148146572666457 0.226313250473685
-0.343245584087741 -0.448621171400956 0.0620213072401434 0.44417320386451
-0.577904709060759 -0.151546523659003 0.303090880993938 0.441763957799597
-0.480094820836719 0.210536788892705 0.426784130055754 0.180944247321532
-0.136189271710198 0.420819264040279 0.327482629349542 -0.10248319349833
0.109719499436603 0.327052926975146 0.132618558249126 -0.112057414224389
0.228306837089411 0.235725447037462 0.0728003618974746 -0.0384659072136401
0.295805476807465 0.169294098171337 0.0765275257003544 0.0269890930588672
0.316136134627621 0.162911644275164 0.0916988748122179 0.0947083202570413
0.215539484633924 0.213721659206949 0.0722844026759683 0.170637169138396
0.117098031061089 0.313770403889212 -0.0468301471481526 0.205369599286459
-0.160232343415338 0.351967618483057 -0.187828674552786 0.155815725127661
-0.407912939658373 0.186499922997352 -0.217197453493287 -0.0112277539226554
-0.409841698399949 -0.165531554467632 -0.118074984940217 -0.124593174098791
-0.276848499118679 -0.433189717237827 -0.00981931009323884 0.0878028674103132
-0.0856511385757161 -0.400762917382329 0.190739227430277 0.376813127018193
-0.220941906844355 -0.393245952276824 0.0885878760422538 0.508327541418286
-0.442128451335537 -0.18215553603996 0.229090736585005 0.457565475841278
-0.404353933364457 0.12331948915282 0.34156390250662 0.25244740744176
-0.137648829032037 0.327820399777422 0.294093026410526 0.0231944716709188
0.0782243131667537 0.270417904333666 0.170563268754785 0.00626061926232827
0.179020521674386 0.197024580057519 0.156165107682795 0.0487606634691023
0.240020089665869 0.144493437612585 0.176081213237116 0.0817919911111333
0.262543080964767 0.139250576101717 0.188480879440615 0.148384852252038
0.181818505903078 0.186453897930304 0.141889076820818 0.230824638243993
0.0943873567017244 0.268257490645558 -0.0095709500315832 0.26852799849297
-0.151363968374817 0.285474916150132 -0.165382575700511 0.19911939510692
-0.355396472078999 0.12076640383929 -0.201854231994446 0.0193350981915859
-0.319086082573015 -0.184317290020573 -0.0608264670600541 -0.0866806874623277
-0.159963151497697 -0.375957742207202 0.0621835894816397 0.204053232732432
0.0184327887118136 -0.215200004591497 0.219858232751843 0.458964242134074
-0.0755477530454402 -0.254092934393247 0.126365426148223 0.514229324770603
-0.24266369818755 -0.146700536752453 0.175609236253492 0.422482047187375
-0.250972641758204 0.042494667514988 0.264287389456324 0.268758867757045
-0.0994790005065556 0.190373027267205 0.251174010997532 0.104377764982153
0.0425252114366303 0.169988459375402 0.190911777820062 0.0895504015823504
0.106908188298093 0.124672451503264 0.213765222485786 0.11087561184091
0.14856420053351 0.0966853766284582 0.246851784503707 0.121849329533257
0.170554182863981 0.0972497219521818 0.258401576431098 0.194153561567054
0.122680739711897 0.138709781982738 0.184027168075757 0.282896142119809
0.0554886656355402 0.193707772077718 0.000640235568228682 0.323363294533416
-0.129528336641728 0.187831372575918 -0.166480515383964 0.225666677343284
-0.266784313988546 0.0441870725561999 -0.203423577418237 0.035421837139592
-0.191459580077579 -0.183379798608461 -0.0236197392183414 -0.0534393807651893
-0.0235188229341625 -0.270720374898387 0.0990637341593204 0.302292208683361
-0.0617779369305486 0.0949106510545078 -0.175053408186172 -0.359828267176958
0.0692114095013801 0.109853342919838 -0.0520294358845494 0.00187582404913724
0.122686357682721 0.0337472809490688 0.232068515570984 -0.0261318125391183
0.0699651804137302 -0.0694630644071076 0.212212794814466 -0.251220699069631
-0.0155268937471316 -0.0788233728669706 0.0215989748439928 -0.38743569220569
-0.0293376024194061 -0.0310344493374981 -0.190662940195096 -0.363651557844342
-0.0249397859802263 -0.0343806385557735 -0.313333817969237 -0.230167050830548
-0.0243129434292948 -0.03961920185442 -0.316255439065692 -0.12330106435611
-0.0127440746650321 -0.0348416479829345 -0.25921780538142 -0.109476779808206
0.00943570438502719 -0.028218651864329 -0.232428282357855 -0.115486319010707
0.0447073701466606 -0.0122975902967002 -0.239832023156624 -0.125194864257045
0.0722428601498352 0.0408201285292112 -0.242018702111599 -0.206822492171925
0.0180080476905653 0.117567573057739 -0.190188206604624 -0.324824984673879
-0.085091882140493 0.103588165712873 -0.219731660436971 -0.400262676129276
-0.147308055480858 0.0397443041337752 -0.308246930806504 -0.419238593738868
-0.190099758166924 -0.0756827266706485 -0.13771436278653 -0.344256929938538
-0.108354615552481 0.0342375999261119 -0.0396405499172124 0.0377500200351524
-0.0603231565340358 0.0866996119337603 0.293171407677229 0.0206573430781948
-0.0180429310270635 0.0668195505908506 0.292573174546868 -0.243101976440999
0.0194982181220719 0.0593768407956249 0.0762325659964856 -0.426064890087575
0.0505628390659221 0.0539787325807983 -0.165819239220654 -0.392927808030202
0.084540298867312 0.0309091964917194 -0.296465324423493 -0.248316644878638
0.0980545351692852 0.0173988258622904 -0.305197979612699 -0.125264635218657
0.102657525683316 0.0374424273754331 -0.251816143960541 -0.0990311829550772
0.0662336550090235 0.0762688805624031 -0.215366021508731 -0.0881619252990895
0.034624062286905 0.123031361956545 -0.227745873715204 -0.087033518466138
-0.0562772707629012 0.148460351477044 -0.256549519601732 -0.146100857601129
-0.170492437154245 0.123112414877435 -0.219741557086678 -0.267291640535061
-0.232536540362569 -0.0158813478708486 -0.257343191774356 -0.34753796098596
-0.255083383072384 -0.150372580464912 -0.310830023136948 -0.376646298563792
-0.281603115427512 -0.255039497265654 -0.0741672450797837 -0.270065956626867
-0.277439019471537 -0.0875700181651173 -0.0103922404236519 0.111467345768695
-0.273334097826285 0.104943296888179 0.357201814307379 0.104969733503523
-0.147804041941715 0.19920727025551 0.384643162141489 -0.195738813066794
0.0265251553622479 0.215810448701081 0.153185958774918 -0.431007445413682
0.116333404666959 0.15282842140229 -0.110920300661737 -0.387567118502715
0.178453404868071 0.101434687189246 -0.238239853133259 -0.2385852749036
0.207866584167219 0.0693252996132742 -0.247360043215572 -0.108770095991808
0.211563289450501 0.0918941568815956 -0.202885058914958 -0.0638611824278267
0.132088804298502 0.150892745004622 -0.170357082875144 -0.0300381530201857
0.0603863787253622 0.230802616030146 -0.203341136233642 -0.0149235533211622
-0.1264850769986 0.265136920428012 -0.266623908817359 -0.0574929841799135
-0.309525303681982 0.172634611371655 -0.250092647731561 -0.190162615481673
-0.362726453166528 -0.0778179641821023 -0.273161391627713 -0.275579604091731
-0.346005381316193 -0.295066127170777 -0.277271700863453 -0.281793503913149
-0.319892698627968 -0.40892668612981 0.00729580535187278 -0.139588637152823
-0.401138214657112 -0.234929586062535 0.0276798183017176 0.217652637410052
-0.474456484054086 0.0707683962037871 0.398221011262638 0.217615886681277
-0.299297925206087 0.292281997733061 0.459607381620319 -0.101127245661318
-0.000842249333811908 0.359050425527024 0.238063323465238 -0.380974973345641
0.155047513331407 0.248547165858359 -0.0303968391446813 -0.338383945485901
0.242251888394164 0.166141672261009 -0.146665833982866 -0.197336983573133
0.286946318344577 0.111598785794892 -0.152926319214738 -0.0749837034506134
0.29460369255957 0.123392788857365 -0.118945449558172 -0.0152866416497309
0.194086624412949 0.191642869557669 -0.0962204329622053 0.038471003991232
0.105449564226938 0.29699673006603 -0.15514306007267 0.0670757596787647
-0.143131327004379 0.354811674147378 -0.251192109403386 0.0356680874642276
-0.385445151605326 0.229253228138283 -0.258200396891189 -0.109179617851727
-0.44479263471068 -0.0972713105365794 -0.251516730693013 -0.207187448829713
-0.395723884193016 -0.381573892016702 -0.204089680809034 -0.158998673857974
-0.296752593024216 -0.496867382472846 0.0915905568007271 0.0339642484327349
-0.437582444526135 -0.363418638452329 0.0647823499579618 0.336628125824923
-0.594403655872265 -0.0116327354387786 0.389961726004285 0.335116135936638
-0.424278098496797 0.309026461924006 0.481191242039769 0.0286127468951634
-0.0533445648306092 0.439301530720904 0.300106281494821 -0.270812076833335
0.159289215781452 0.311224218474262 0.0536766269231493 -0.24364660867905
0.264888420895822 0.209318212162354 -0.037087509910033 -0.127932475442948
0.32339822504677 0.135682184832193 -0.0383074067368199 -0.0295278330800193
0.337275439853172 0.134627169260335 -0.0120502487656497 0.035821473910516
0.231822256908047 0.203225023576727 -0.00482208089644454 0.104336737749917
0.139850832794437 0.316707330248299 -0.0911975381323488 0.143999809576583
-0.136238955798034 0.38803110346494 -0.213126354416921 0.115304701357092
-0.405457934917015 0.250866227388103 -0.243765128012699 -0.0420062483600732
-0.464368596992989 -0.107590697278803 -0.197100683076088 -0.15315159086437
-0.385092249232532 -0.416447486804147 -0.104127507640126 -0.0317099741379939
-0.2249203579943 -0.49222401439565 0.164025871573031 0.216198042481498
-0.375977608592468 -0.420293634438201 0.0958553648124683 0.437782972587221
-0.583550189718127 -0.101431024112181 0.334179803778226 0.416854499950237
-0.462690596015959 0.249642599863535 0.4387808078757 0.151142033583413
-0.0989347498933083 0.429251985936099 0.316763320856639 -0.13025281008253
0.138059501399043 0.317024779932991 0.124577870464738 -0.123411406131999
0.248066497113005 0.215392318977192 0.0705703615720017 -0.0456312278627331
0.31008175291538 0.13982424741875 0.0788779436633387 0.0198542834708783
0.329407210245832 0.131201380547472 0.0998111515624918 0.085150887110022
0.231473271350369 0.194864687194935 0.0858589594746736 0.163521777387612
0.142960676429136 0.300638722806049 -0.0312195123796017 0.210883664852646
-0.12995681900322 0.364321397391654 -0.174257539541039 0.172172646382147
-0.389338704011593 0.22092086576113 -0.219649431272037 0.00455178800874177
-0.420590415220797 -0.130299123947046 -0.131244775651587 -0.115242159157684
-0.311586063431566 -0.408883629960833 -0.00253939265489789 0.087920788506133
-0.121427233096531 -0.390513731480911 0.218535745443268 0.363572999450881
-0.249470086896598 -0.373932247505998 0.126526967609817 0.497796136671563
-0.451748384847177 -0.142669697581875 0.261357195097409 0.43894531212519
-0.393703753692824 0.156488681848154 0.358480910049924 0.228348863095884
-0.107818271993148 0.337093781345212 0.294541821762132 -0.00124798211582252
0.101256928906709 0.262037779703445 0.172908741168146 -0.00822351153992296
0.195011610381422 0.180892465675149 0.161629524360912 0.0328116061156768
0.251476493666885 0.121208157567685 0.181554809043225 0.0634937853409691
0.272549702537614 0.113413896488061 0.200529632545137 0.129606141730664
0.196418742095243 0.169605673155285 0.160609969911409 0.216801316389034
0.115980272467764 0.2566851994387 0.0121158176864297 0.270310944908296
-0.12759614211619 0.296125886606627 -0.148940196465535 0.212659151264626
-0.342223556724501 0.150996842042501 -0.20229176494579 0.0332371784812907
-0.331282834295348 -0.155528766894379 -0.0713826220549602 -0.0822157995212708
-0.191970185796896 -0.360420771515085 0.0785414226952805 0.198448329137787
-0.00190053008056553 -0.214102978956298 0.254219305128235 0.441750369692092
-0.0941322004590466 -0.246029023036787 0.16391204086118 0.500931650162305
-0.251179070800605 -0.124448894708677 0.205424962533375 0.407117218439279
-0.245611605724486 0.0619732096050965 0.283920009699133 0.249435275211482
-0.0811333709518276 0.195946495261135 0.259342694831349 0.0833930791106919
0.0575354734164357 0.163909931582459 0.199958145134988 0.0725710354488254
0.116446763297075 0.114437771161133 0.224409298704869 0.0890577799475727
0.156570577899597 0.0822640241684188 0.255664905863434 0.0966774920177066
0.176603689133659 0.0801903344929538 0.274227333918476 0.168016600786486
0.133340645338892 0.127546561436951 0.207458310209382 0.263937120998851
0.0713121930827341 0.186782118558702 0.0274939641889574 0.323544143966953
-0.114725034085879 0.197031237343648 -0.14762241873785 0.238190527907681
-0.259466796722109 0.0665105458374184 -0.202925260687654 0.048773341477957
-0.204334781884596 -0.164829872709111 -0.0317306237760419 -0.0517678265928983
-0.0461003499100362 -0.266104827925821 0.123842213052823 0.291678166948957
-0.026360376894742 0.111012396178915 -0.291173220867076 -0.27189817912065
0.103895225236242 0.0750584460748878 -0.0522332041834682 0.0243041950974296
0.125497956497404 -0.0180226138819781 0.204465148095972 -0.0997499450101258
0.037402112366946 -0.0909750134323737 0.111931901604059 -0.305939656362859
-0.0441021484209255 -0.0669182539803996 -0.115355224872178 -0.367569632324981
-0.0394803618011476 -0.0224350639586923 -0.310533890509007 -0.264093846247808
-0.037432467939865 -0.0253169922354342 -0.371474568494414 -0.0903762723820411
-0.038117275434181 -0.0275921813001191 -0.330201511151541 0.00961286509574985
-0.0229262824762258 -0.0282604158411015 -0.278630352872683 -0.00401502100600515
0.000513232845063798 -0.0282724903937354 -0.257073859933506 -0.0213173626393137
0.0375196027262578 -0.0264710278425243 -0.265396445896426 -0.0265300575913973
0.0803988434208515 0.0126382279092416 -0.295892304162753 -0.106034852569288
0.0573044665322839 0.102062653741341 -0.287923314919196 -0.237367634074958
-0.0395549972891791 0.127077553738356 -0.333468195678666 -0.295110739044291
-0.120172461584941 0.0884022733047359 -0.419361176264003 -0.28147690181879
-0.212702495948895 0.000592178696619278 -0.242421153652477 -0.271162796955886
-0.0889100305980878 0.0731008377527912 -0.0191088245823834 0.0468186743674615
-0.022085264218623 0.101159127594707 0.27787246159483 -0.0885910636482038
0.0104129892189836 0.068374397081989 0.183519923771178 -0.333512583548622
0.0393270064856347 0.0449088642922046 -0.0858274534794453 -0.423220602613751
0.0644621196967069 0.0263901725101292 -0.301951906373129 -0.298011244073034
0.0887566092413139 -0.00490730020607539 -0.368286185044715 -0.113615590649704
0.0937942179710903 -0.0215310853844991 -0.323251357371109 0.00509478222543921
0.10882245018735 -0.0050454022206632 -0.268986156499128 0.00432398868020622
0.089475096494743 0.0474128106370018 -0.233911600543885 -0.00215752379061896
0.0781900682533607 0.100148367307237 -0.242799816731685 0.00261008954851269
0.00158112543806163 0.15901630122115 -0.285713218368175 -0.0471939590260156
-0.11360271780089 0.174744931054334 -0.292230659580934 -0.172659261081615
-0.219672482668976 0.0703173046871249 -0.351790842610026 -0.229268863311106
-0.288287168186492 -0.0514399017927775 -0.40917374545682 -0.234622961246943
-0.366750829560623 -0.132256364023772 -0.14853804706252 -0.225079792794373
-0.292471767939773 0.0257781530501135 0.0441188861529402 0.0997117821278759
-0.209746295014574 0.199370927696835 0.369456908693605 -0.0460667987758445
-0.0554567157329776 0.240118718594008 0.280930198380809 -0.33054426294009
0.104563103933039 0.184659140626343 -0.0226067089706857 -0.456534807719621
0.160729146165175 0.0931960167943464 -0.25230079733591 -0.313347262640621
0.202998200261399 0.0265345191589338 -0.314756311845441 -0.127460823142007
0.212734444801847 -0.0136438250895637 -0.266810141659821 0.000590609585727888
0.227524891438926 0.00431323325173271 -0.211500879799569 0.0200787378635523
0.177499752068242 0.0919443459415512 -0.17359143736664 0.0338796517990435
0.140671764172051 0.189333654891558 -0.196792542218758 0.0590165992912914
-0.0203857485496622 0.291386208760987 -0.263470248880454 0.0344139230995446
-0.222269917057683 0.270323742689514 -0.291482066910968 -0.0908815060377812
-0.361225946264919 0.0598529913269873 -0.343202524619958 -0.15511042318751
-0.424176878802632 -0.15551970942109 -0.348225595478268 -0.152427272510839
-0.460203397678478 -0.262731733849634 -0.0210575845889943 -0.12955745646027
-0.462619916050699 -0.0626993276376133 0.126717260189175 0.181765219652403
-0.405704007720931 0.245673950353576 0.451842461446687 0.0337004329750775
-0.158089819512482 0.385105718883436 0.381640213559379 -0.278038777513577
0.133131533588386 0.32500425736687 0.0686896133814809 -0.441876558110062
0.232073776334467 0.166924435756123 -0.163913500219116 -0.297353802201631
0.286706710504492 0.0638905654816605 -0.217682805034552 -0.127332246276713
0.299279840481866 -0.00499778546884781 -0.170821600261035 -0.0032726141877317
0.314102551205502 0.00169113339674784 -0.117399623460419 0.0341931921985077
0.247752043646864 0.107163532138902 -0.0819174097782509 0.0700395868622745
0.204689823273637 0.231468653746649 -0.126126345328093 0.116653906229972
-0.00310239910287157 0.379626467476835 -0.216314874051456 0.114102112016465
-0.271083605611066 0.349676551041243 -0.2694484222788 -0.0129494588927898
-0.444395217389427 0.0729340697898357 -0.300279801665798 -0.0967001808682527
-0.502235660178795 -0.218405902186424 -0.24167941142403 -0.0608467052931666
-0.47214804584142 -0.353745314716509 0.121227276168975 0.00473737129242314
-0.544037962264179 -0.167951411614698 0.20910377003899 0.281360455050712
-0.546960065301853 0.217015010390403 0.492538380673439 0.138737921800835
-0.265123778145151 0.449744352313566 0.448364559058557 -0.171159132708539
0.116419345530356 0.418628489390335 0.161737454508065 -0.365698004870893
0.260280847060944 0.223095658263045 -0.0518871954943185 -0.242289635334283
0.325231121741473 0.096070467238099 -0.0924327941936229 -0.107381094008219
0.341547669180627 0.00465706375739102 -0.0504097339406548 -0.00562973457063606
0.35621760326151 -0.00251488246953288 -0.000540560712360348 0.042059735074203
0.285984438527478 0.103491488806043 0.024904022003512 0.0983704600580095
0.2419472319963 0.237264733570961 -0.040843755957086 0.164077707148135
0.015521201997027 0.407700094178621 -0.154289330424426 0.173054046548486
-0.280719609515276 0.376232489218004 -0.232262781008916 0.0434101806768565
-0.464482009862674 0.0713388453600459 -0.232802510877307 -0.0646111307619782
-0.505370780804044 -0.254351984942191 -0.108305020347493 0.0228025296760337
-0.400020884386916 -0.376278474481301 0.250634027925137 0.149289227049505
-0.507046074160522 -0.243839052640051 0.273341263028219 0.368059543732302
-0.569302604319256 0.130132599499939 0.474673836118598 0.236805208470554
-0.322712015854552 0.410793112676403 0.45624794895282 -0.043491656388139
0.0726971029091759 0.426733949498433 0.228917592343455 -0.243353622862956
0.242772398035352 0.23718683630508 0.0580092789400834 -0.158800999542509
0.312017838452409 0.108936031895172 0.0387490093159869 -0.0737428109152279
0.33076546823688 0.0131360101979186 0.0732896476760415 -0.00693988909077759
0.347226127267636 -0.00241818026253738 0.119461509447104 0.0450082618432824
0.282457994670799 0.0942273033825624 0.130179829039751 0.119586819449589
0.238449485385392 0.220830449591918 0.0395682961478865 0.203642160202435
0.0119790032953181 0.382429735375053 -0.0989608388531173 0.212719775912024
-0.27626264605381 0.342253011231774 -0.19544151555977 0.0792933288266819
-0.433311509867583 0.0350307651952541 -0.160849072915924 -0.0525249612639318
-0.435721649074179 -0.273210304709869 0.0234494821684445 0.0969321425876482
-0.261043913445339 -0.318251996508837 0.347362192559799 0.26794042433529
-0.370836840580171 -0.249918289144587 0.316102750137672 0.417981131442693
-0.463862179931821 0.0409677524109152 0.414230615720003 0.292031236161465
-0.295530205906189 0.298457193041479 0.414697981460706 0.0623656035140272
0.0300789345796419 0.34605669396601 0.259286268740588 -0.115579102819586
0.190160344458051 0.20107763560674 0.147620869861426 -0.0710848337596057
0.25130708319925 0.0962147420302982 0.152992473572809 -0.0371756815692273
0.272371582818744 0.0180853904873372 0.183989865382498 -0.00751744989318444
0.288740769614875 0.00209950441219384 0.227076336770203 0.0472726205661014
0.241933205549627 0.0847762521207904 0.219200995983491 0.140724004390287
0.197726887514677 0.191540339905238 0.102208562484847 0.241677606930098
-0.0110719862851487 0.318134631170976 -0.0624090763378536 0.24127736875163
-0.257468027734634 0.261039308980148 -0.17128279893028 0.101165726436495
-0.359808496000975 -0.0208194010992263 -0.0962984547011214 -0.0438083889680813
-0.30725580369105 -0.269972371829912 0.133334274441912 0.166817019002169
-0.0800170944525566 -0.19781820893008 0.400087466593296 0.328009175988665
-0.175962236188429 -0.19159703575709 0.339925434110223 0.410418880074612
-0.273155178592513 -0.018207543207945 0.346322461013912 0.294452166483809
-0.197759658618249 0.154344010600374 0.355189684727368 0.118248750389523
0.00167570907335442 0.208198186576281 0.263319021380219 -0.0206648478948777
0.114798451870622 0.127488475482333 0.206053197662748 -0.00849406820223148
0.152416295599319 0.0643685541457653 0.235214443301981 -0.0091167801738073
0.172164784607055 0.0184402183912623 0.264097223073819 -0.00859009400140587
0.189786846716785 0.00819134460615551 0.308787125641008 0.0538909321831077
0.168370746873324 0.0673567579920724 0.28038214797653 0.167285520885636
0.131429291539328 0.143998246609341 0.137474901950146 0.284157587850397
-0.035484075576573 0.221796554375767 -0.0524922127693722 0.26632620053733
-0.210907404432107 0.153558920862051 -0.167725050020076 0.11664912415049
-0.245664020647048 -0.0758988786519356 -0.0502400382731028 -0.031577778343372
-0.13902265248682 -0.232370988694014 0.206188312441557 0.231625647838996
-0.0206421398523842 0.110852076465568 -0.301054087210503 -0.25501444971813
0.105432840210668 0.0693837450351242 -0.0482361238156328 0.0294924069882368
0.121661392760097 -0.0248490087928214 0.201631513648849 -0.107317629678084
0.0327023405479022 -0.0910692284930663 0.0974775620641918 -0.311353076562596
-0.0462341598014091 -0.060643222688433 -0.13396679116512 -0.362848252738868
-0.0385975063088198 -0.0207247400581829 -0.325157522698744 -0.247225236184913
-0.0384065535670769 -0.0237039190847848 -0.371443607861452 -0.0669442008647499
-0.0395570114958454 -0.0253765567792184 -0.323999364434534 0.0298696936471363
-0.0233508629504941 -0.0280011922373294 -0.279010965833839 0.0137759377380437
0.000722354775452226 -0.028457156820417 -0.259826879754205 -0.00441050661447626
0.0370347769515761 -0.0279996756385152 -0.266918130605085 -0.0124210299942555
0.0797179859502527 0.0097028764348705 -0.298852655368813 -0.0914876057491623
0.0614844044167833 0.0984046932402571 -0.297429690506146 -0.225665277578534
-0.0345510277297054 0.126844665536504 -0.341538493042563 -0.280352388057858
-0.114431294058593 0.0935006238508911 -0.430323980598869 -0.264822419086093
-0.212795031578402 0.00995776339724945 -0.251385965747929 -0.256332667655041
-0.0871810655968299 0.0767056106178912 -0.0142434652038326 0.0497893144529373
-0.0179981066077766 0.101588212216904 0.2746881456 -0.0999661726405115
0.0129107818740737 0.0697162147201347 0.16850263717727 -0.340906873985209
0.0420463488699582 0.0451727493995886 -0.107884901816849 -0.418352173291481
0.0668184707161369 0.0229328198546591 -0.317464114199971 -0.281791637012078
0.0884511501776214 -0.0104249683902612 -0.369619951289741 -0.0908080351667871
0.0925871872501844 -0.0279863795821411 -0.31665123936429 0.0256125837819155
0.108674401304311 -0.0126875569287059 -0.26820691010422 0.0221989589013019
0.0934399082247474 0.0428808471859764 -0.235788449511818 0.0130673943530815
0.0843056438412988 0.0961232026509827 -0.243030494188105 0.0166214624456574
0.00865879751535101 0.160621445939846 -0.285286119835841 -0.0329857227456107
-0.103859548575615 0.180216390455552 -0.298761955764453 -0.160945090394335
-0.216522267488491 0.0793417821966065 -0.35697511449681 -0.212862977905532
-0.290129104200773 -0.0383542462054436 -0.419646811922432 -0.216717335419588
-0.373385166310093 -0.113389301602091 -0.156664227034299 -0.213671569173165
-0.29185544802764 0.0390126802932982 0.0504430880077799 0.0986833778955932
-0.197856118965106 0.20949750787366 0.366850574183735 -0.0617470860895821
-0.0445720069151358 0.244641995310294 0.265807572466631 -0.340892522988818
0.114360676936771 0.180052863731436 -0.0468529233919689 -0.453638840256379
0.166109963840499 0.0849634937757223 -0.267724354606595 -0.298613800302074
0.203831423518072 0.0154555035482728 -0.316961180874187 -0.108566292000192
0.210163255601546 -0.0278037222172315 -0.262288921767974 0.0186266222173587
0.226032196960316 -0.0108670016324589 -0.20965633158279 0.0342777876972496
0.182543444605908 0.0835942902593014 -0.172613838429977 0.0457685359676961
0.151267367923304 0.180434320797413 -0.194658892835701 0.0713051968978486
-0.005390356087412 0.293581037493422 -0.25952172219885 0.0475669178735858
-0.207946840156033 0.282047233675844 -0.295523448956497 -0.077758270172638
-0.358726312734513 0.076682958061483 -0.346508833995693 -0.13842956080419
-0.432103306798736 -0.1343021678104 -0.354827315677637 -0.136569505801868
-0.473669777844403 -0.237027786718458 -0.0249493734624923 -0.123692554330284
-0.464463574878392 -0.0416134113155857 0.135403003139929 0.177483458793209
-0.389379603266545 0.265537961978771 0.452472263166174 0.0139383842665253
-0.139060181566896 0.394687734801529 0.369429594256539 -0.292352372214352
0.150753259033887 0.317078310021974 0.043608258385853 -0.443614790955879
0.240839920235049 0.154881248882144 -0.177873128589759 -0.287886700536358
0.289830229010676 0.0484673033161196 -0.221611694426741 -0.11343132802008
0.298273033677614 -0.024097948072728 -0.168433703418366 0.00802007620798712
0.311832284103977 -0.0189467461464598 -0.114856661237821 0.0424304586597859
0.25305997589722 0.0939248448953384 -0.079342804407601 0.0769275352309257
0.21691433740466 0.219889605867498 -0.119944736555625 0.126066450038574
0.0174438622108849 0.380489449333519 -0.209166317721639 0.125072910088702
-0.251087105472559 0.364604286510269 -0.272134669831348 -0.00101102338389365
-0.440415362028306 0.0947337207206296 -0.30247773225833 -0.0808669304332209
-0.514146006448332 -0.192022533257037 -0.243783563212144 -0.0496309153459283
-0.488802570310694 -0.326873537694382 0.121546711064339 0.0036119023495266
-0.551414166651358 -0.142884935133282 0.221343776304487 0.271646448026206
-0.531098537975313 0.243332237209992 0.497587675743627 0.118006295360831
-0.24269329776482 0.464893945097762 0.441804252875391 -0.189395851723243
0.139649749827749 0.410289293408471 0.140110694028648 -0.372586061670237
0.271656763784083 0.209068568349669 -0.062442704358997 -0.239048782575806
0.329631194406589 0.0781805205503519 -0.0961149544788555 -0.101268409251151
0.340384532274678 -0.0176914794967121 -0.0497279680977172 -0.00189834239108282
0.352920034916228 -0.025691369808844 0.00171205501419218 0.0426405245966398
0.290738135161579 0.0885884866532105 0.0292340428996245 0.0973816499903989
0.253909339223839 0.222334694607509 -0.0318324582583179 0.16933101620253
0.0366559448706086 0.406801722724696 -0.144713005013316 0.181169025769922
-0.258988144278036 0.391541974046511 -0.23327559686187 0.0547016080452656
-0.459693231528899 0.0924943037749126 -0.236225481423996 -0.0516016270980994
-0.519199763906462 -0.227606252986945 -0.106993191225427 0.02753274297153
-0.417361238903666 -0.352364475124237 0.25635471588797 0.141647244611378
-0.515625328460868 -0.221577382926809 0.288635520632756 0.355543210625696
-0.557271444831251 0.15902202390722 0.483023313213132 0.216307714852368
-0.300660799032142 0.427354071654002 0.455565669154448 -0.0613796338941319
0.0955802443565813 0.419252214637244 0.214241758654322 -0.253017967083662
0.25576956729577 0.222233060480094 0.0514543327002263 -0.16140081113552
0.317175527989004 0.0918381761809137 0.0351249197917273 -0.076622472546045
0.33108963018273 -0.00827502148947239 0.0720290347862011 -0.011436219639409
0.34391139084762 -0.0246042101324687 0.120243893948961 0.0376358098076331
0.286557922453367 0.0795911027203598 0.135838190806063 0.111419404755183
0.248930683652714 0.206224510411181 0.0503149174688113 0.20300708621601
0.0315215769642017 0.381445411558109 -0.0879272651035966 0.218270121212423
-0.255563081383349 0.356698403886152 -0.195011994018112 0.0886204684236169
-0.42955504517768 0.0569504136384834 -0.164284293000795 -0.042836093026383
-0.451635107800563 -0.24879338420861 0.0278111569001127 0.0953264588068892
-0.276348890470821 -0.302125515640538 0.357971280480441 0.254863584883862
-0.38116063285924 -0.232373835409649 0.331845835680515 0.403892299530008
-0.456915238561385 0.0648675113451597 0.425242300426064 0.27348433477789
-0.280008805407026 0.313271384312204 0.418095641582113 0.0459324555897434
0.0498759924463644 0.341835619924624 0.252460875815354 -0.128184858921286
0.200600330719758 0.188280843685129 0.14530617181164 -0.0793405364413214
0.255045014174266 0.0820800121021889 0.150433161873683 -0.0476375828182527
0.272576288818726 0.000605901419229863 0.18053884835746 -0.0191271897236096
0.285855005873433 -0.0157853656701524 0.22793889567318 0.0327966874101828
0.244507386808515 0.0711581629945636 0.225868860322258 0.126892636750137
0.206222848845817 0.178381312878864 0.114764914750648 0.237385031386714
0.00530330791002418 0.318670832003035 -0.0501442701027488 0.244287978376923
-0.240966324658718 0.274303892352952 -0.169280639289849 0.10957675640772
-0.35717819693683 -0.00228389818580705 -0.100446941301635 -0.0371527306224494
-0.321695984495648 -0.251649851816249 0.141479171415166 0.158729945804611
-0.0893622391055078 -0.19013288790696 0.413228145074241 0.310936562789647
-0.183684715075204 -0.182870769389012 0.353403089869843 0.394063897937697
-0.269663457800711 -0.00441447681826821 0.357252852724985 0.278280973400475
-0.188365661547077 0.163991377832322 0.362144640168504 0.102156768435446
0.0136685760316817 0.2063567175078 0.26263557225113 -0.0338258934621199
0.12004962317064 0.118785589860304 0.206550777154258 -0.0199159347139033
0.154450315616373 0.0554462921463214 0.23311115003058 -0.0249313989733515
0.172499461385701 0.00756828386221746 0.259722535456292 -0.0252927557373996
0.18707989031568 -0.00354222849611318 0.307426692844119 0.0338141802762406
0.17114715837816 0.057191794845697 0.287893594679555 0.149971049483083
0.137589546983219 0.135865600790898 0.15302828926679 0.277066949770308
-0.0245540068450402 0.223018482676307 -0.0408937973599803 0.268843935582262
-0.200798464952081 0.163255019985785 -0.164206230579105 0.124632550144463
-0.246087712338355 -0.0632087233386479 -0.0541788259495174 -0.0279007037139187
-0.150765664136896 -0.223132673092474 0.217111152279479 0.219547237186157
-0.0158017031231517 0.111449331735978 -0.315897925455621 -0.24311281783483
0.107378163105415 0.0646118742646556 -0.0450661640921566 0.0351440305906094
0.119113068042572 -0.0311893359803538 0.202618905503069 -0.116477432992518
0.0282682325830135 -0.0924217424353668 0.0855893350420633 -0.321344713361687
-0.0483516364579978 -0.0566637190453335 -0.155954355128711 -0.360630499743533
-0.0401844411052783 -0.0194955959511191 -0.343268562863047 -0.23179829584155
-0.0396089817670775 -0.0234890861724181 -0.377216882843192 -0.0467314618284302
-0.0418070831765556 -0.0236890200661175 -0.321690788988414 0.049037166399737
-0.0249560346707353 -0.0282707745312322 -0.282467306832691 0.0333295523413533
0.00108436719428242 -0.0287367290195428 -0.26488350817689 0.0120177801842503
0.0372387311403582 -0.0293477996549455 -0.271047832861632 0.00219050823889312
0.0796446544522461 0.00718670008995165 -0.306023501565933 -0.0775338730822588
0.0658437895173587 0.0964262167332039 -0.310805272312444 -0.217458410941891
-0.0304931485530686 0.129409525847424 -0.354637334245152 -0.270926241894319
-0.11007671845802 0.0994953969086292 -0.449161640590945 -0.250429783513791
-0.215620001264878 0.020400756762307 -0.264953830973253 -0.244648342777434
-0.0865753311723671 0.0816367827457787 -0.00965227147382693 0.0529574462645486
-0.0141528345476195 0.104293529148078 0.277036988348379 -0.112948364950107
0.0163100770861177 0.0721580483754804 0.15601191420398 -0.354015647206896
0.0460024605513198 0.0456926733127768 -0.132075450298569 -0.418458990475518
0.0695575507694835 0.0195445209459735 -0.33805640640943 -0.268017834410115
0.089611932190725 -0.0157641194506619 -0.376100112941022 -0.0700333458473187
0.091648854804885 -0.0348315723001953 -0.315004966894329 0.0451322738083125
0.109357955170066 -0.0212377354013928 -0.270701157268693 0.0406775950275207
0.0979432603025167 0.038687026163227 -0.238894279107672 0.0295476601102709
0.091603791117069 0.0932712402980553 -0.245740598883961 0.0311236640621484
0.0160974381177706 0.163696534624527 -0.290045837556222 -0.0192229884512485
-0.0963805635098336 0.188703921824133 -0.31074287120001 -0.151331549432807
-0.217709287584819 0.0906513802045448 -0.369208106966744 -0.200322314966437
-0.296109296830125 -0.0238899481468857 -0.434727320954545 -0.201315725423892
-0.384623828762341 -0.0963733455312855 -0.164779092411058 -0.205122570037891
-0.295109766977852 0.0533790022052761 0.0576559227346643 0.0997644539199444
-0.190003826894132 0.222308623232882 0.370907464383089 -0.0788253208254934
-0.0333652661620046 0.252612135973968 0.254387014461542 -0.357928776437945
0.126126819273281 0.176997961397659 -0.0725073986828538 -0.45692434839834
0.173796101439055 0.0776781537122593 -0.287048775137962 -0.288506649353207
0.207940466635671 0.00393316705891297 -0.324703770886278 -0.0914853992535227
0.210989675568683 -0.0426133091211596 -0.260540976665988 0.0349117061398307
0.227581351897323 -0.0267525974419164 -0.210955319609494 0.0499487687411306
0.190996680914838 0.0756589401250977 -0.173448107911148 0.0585597122349166
0.163926423622495 0.17441031194481 -0.19381723521023 0.0851855669922656
0.00980261304466365 0.299351980562571 -0.259590666516739 0.0619395863643947
-0.194898181104579 0.297597671962425 -0.305168552904754 -0.0666400288072506
-0.36196190132781 0.0959055129092868 -0.355340363184057 -0.124053679083691
-0.446095159083058 -0.113652708266551 -0.366519986315996 -0.12221713768975
-0.492748536482007 -0.214735007859619 -0.0284364084364615 -0.119133331529108
-0.473514280166117 -0.020342663836875 0.146600049392972 0.175145941492574
-0.379494022106737 0.28781958055495 0.46008073574121 -0.00567689380773709
-0.121504807619904 0.408888625381392 0.362858216978822 -0.311457408339171
0.170392611581 0.312743814287413 0.0188111521259243 -0.451102496364141
0.25282923638282 0.14333012664389 -0.19419828244469 -0.281935453727779
0.296396150131097 0.0327781802330845 -0.228443344434861 -0.101798541149334
0.300225883379264 -0.0446613931079062 -0.166964703639731 0.0196486443080648
0.313268802974565 -0.0414859458129472 -0.113865279389882 0.0524675876135814
0.26185189734248 0.0829178176015173 -0.0766833013491918 0.083959428726676
0.231499551757701 0.208934261127362 -0.115332977138726 0.137791334728384
0.0378413273979964 0.386684601345899 -0.205306468163767 0.137737337682435
-0.233289187263808 0.383671448577601 -0.278029177343394 0.0112097530476599
-0.443220782532118 0.118083253581779 -0.309321220810348 -0.06696403576976
-0.532926969774921 -0.168670437000229 -0.249586340468609 -0.0387536566844602
-0.51254897497212 -0.304102675327801 0.12603615409851 0.00234840514137212
-0.565620927496983 -0.11811550389917 0.236528101405497 0.266536816933363
-0.521924763631315 0.272756471067203 0.509916135024903 0.0981201645349103
-0.222940897171208 0.484659412269954 0.441035078784237 -0.209167712327349
0.164711228940352 0.407664729092072 0.122039901762583 -0.383924247644378
0.287595629926777 0.196678324943977 -0.0748575810325254 -0.23887660486078
0.339555990166755 0.0610143906764249 -0.101700089533943 -0.0976349635672881
0.342412390862598 -0.040236811229362 -0.049242734131575 0.00151737751244721
0.353687069516434 -0.0496966350826704 0.00354007159734309 0.0448403326255099
0.299333766712778 0.0744626050236032 0.0348779330860227 0.0975396888222759
0.268533324664419 0.209237617090509 -0.0230569208137314 0.176283431042862
0.0598834245437933 0.410774747521267 -0.137682126523534 0.191989224659967
-0.240172046700386 0.410625673964749 -0.237217827517488 0.0678032254259108
-0.462774964877261 0.118445733350421 -0.241548710427626 -0.0390828825238577
-0.54003028518336 -0.202805864945082 -0.106953661969559 0.0332561012526181
-0.440881737723453 -0.33347314175272 0.268221490651633 0.136591115365219
-0.534642404183908 -0.199395794571705 0.308340614271029 0.348832730579102
-0.553204224184561 0.188169193095651 0.498579691375773 0.19785790951483
-0.283895145071591 0.449685942824438 0.460967132520417 -0.0808588639745167
0.121111876901171 0.418837932655206 0.203554527069882 -0.266956798619996
0.271461937152883 0.21122696821628 0.0458706682500793 -0.166666637227788
0.326849247164428 0.0749681453064097 0.0321856554822452 -0.0803903925546976
0.33318307303016 -0.0301965616086283 0.0721186928071297 -0.0151889239705757
0.343658456198795 -0.0471370346507905 0.123339015085331 0.0312509884718413
0.294197741637662 0.0653447169632775 0.143653833886769 0.105600321533133
0.261900284600776 0.193510911443635 0.0626046618491256 0.205766516367265
0.0509917658196438 0.385916988149651 -0.0785962011366424 0.226642388274874
-0.23800322112161 0.375184776996078 -0.196986094842508 0.100277857408199
-0.431491322868492 0.0802441192003444 -0.16923205389066 -0.0335216907593406
-0.47283016199572 -0.226601113705856 0.033242465034729 0.0940587018364237
-0.294730025844558 -0.288851203968409 0.375374858059318 0.245886728406453
-0.396756608421398 -0.218132912652635 0.353379498592231 0.394984662941226
-0.455699464506628 0.0879333197828338 0.443262960054138 0.258335094478508
-0.26806900017182 0.331854881206648 0.428314582641867 0.028294062311317
0.069642949587265 0.34166642494438 0.249046926179292 -0.141814333048074
0.213574951186908 0.178608010767813 0.145658820863972 -0.0885117862313678
0.262740071162606 0.0685895190221332 0.15028312349725 -0.0578698375946156
0.275462261011317 -0.0169206133502928 0.17971896972619 -0.0303903791504749
0.285837021366875 -0.0342857420841564 0.230174738025842 0.0197412980045358
0.251398506172645 0.0583536659595235 0.234914874438785 0.11514365313809
0.216792734670194 0.168278039085496 0.129737714921722 0.235429023218416
0.0217145398512996 0.323654884686325 -0.0394668016988579 0.250900203178145
-0.226795796341843 0.289711836274957 -0.170005319938921 0.120144320245198
-0.36155525504183 0.0160052686443166 -0.10505606989215 -0.0308425848489149
-0.340518351715586 -0.236911905771355 0.151121343619384 0.153790310800383
-0.100263631523714 -0.186286881145068 0.432063886202271 0.299563743539293
-0.193987697691936 -0.177341047376396 0.375274285087513 0.385757738474022
-0.270253070492262 0.00834956938321982 0.375151301168407 0.266093894378916
-0.182572081835665 0.175103667927161 0.373627264268674 0.0878735795121782
0.0257149109187053 0.20630919926868 0.264874358948226 -0.0480710575328584
0.127241070134188 0.111107121463994 0.210250641913037 -0.0316013671426353
0.15883438898483 0.0466627365380785 0.233219219523749 -0.03991650930805
0.174174202582103 -0.00307232692562042 0.257783153519235 -0.0408211475035001
0.187556799236312 -0.0147184972097634 0.310329497497399 0.015394847441415
0.176162199430226 0.0483705636400013 0.298645912696838 0.133756223515233
0.145927458809781 0.128545660298226 0.170438359346015 0.271740380766757
-0.0130766438311372 0.228313302572311 -0.0279841266277015 0.274631562882085
-0.192096961998865 0.175236152227423 -0.164352455870221 0.135004932889427
-0.250311642337003 -0.050709468292881 -0.0575211081115444 -0.0246084634446161
-0.165168169639567 -0.216894143261881 0.231299986177728 0.210249543890377
-0.00959127943894048 0.112649403602532 -0.336465618212044 -0.224720328628384
0.111892474516545 0.0583437652677466 -0.0399628356371953 0.0408143221064586
0.116859843682991 -0.0388587443928537 0.203163715207538 -0.132205233208192
0.022018921649165 -0.0945628180169601 0.0654787835086621 -0.332898412588038
-0.0519434837286738 -0.0519695010465919 -0.185122591595297 -0.356526642489065
-0.0419573397621841 -0.0173616786639087 -0.369246561203529 -0.210225989239107
-0.0416134344260002 -0.0215659231896858 -0.385197808867511 -0.0199229834344436
-0.0438132121408337 -0.0203625798728523 -0.319342263918679 0.0737235003397297
-0.0272236831700262 -0.0277013048135466 -0.285184795719126 0.058068016471238
2.11534854386115E-05 -0.0308681286514807 -0.270802351014701 0.0348722210949303
0.0369937555558202 -0.0324204845038448 -0.276527740866531 0.0213607305765268
0.0808148011871317 0.00315044447238392 -0.315941251749045 -0.0590879563738209
0.0735400504927329 0.0934924566360425 -0.3302480764662 -0.204391437453192
-0.022959594701709 0.133042669644761 -0.374557938393717 -0.256391112305765
-0.103957135010641 0.10737463237329 -0.474616745242359 -0.229793712374417
-0.22017505672838 0.0352174526750339 -0.283026107703693 -0.230439752432044
-0.0848734306878403 0.0886364141957286 -0.00386806970752413 0.0565401154864511
-0.0092816038661128 0.107300607328389 0.277522910636031 -0.132723846855957
0.0218222823240882 0.0741640141709796 0.136456051840882 -0.370538463163045
0.0515537786110177 0.0445933359075692 -0.164853865738189 -0.417032484458184
0.0725001295086365 0.0148045738203279 -0.364227677305867 -0.248148168097681
0.0911109180750426 -0.0237364553749272 -0.385777613438009 -0.0437088258216211
0.0903364294079962 -0.0434052854333286 -0.31198846331311 0.0701601119092618
0.108980600409326 -0.0313505363190974 -0.271939498761554 0.0658103395758835
0.104921743694671 0.0321703351916015 -0.242453430096932 0.0503645412388257
0.101203082565634 0.0884732732090566 -0.248529530401604 0.0507409757157377
0.0276791508980194 0.167654784939562 -0.295702361128165 0.000829643024500774
-0.0850025888684797 0.199369842187673 -0.327618376343204 -0.13578092436101
-0.216821187484848 0.106243725937356 -0.38480963858454 -0.182056901736206
-0.303991313297261 -0.00455981434941412 -0.458031890615499 -0.179592401217223
-0.399317556211074 -0.0714140507662151 -0.178657675614653 -0.195785881527453
-0.299163334908887 0.0729331062592224 0.0671971519873809 0.0999043687744049
-0.178694533551523 0.238737628003295 0.374763410904666 -0.1031731489504
-0.0168475894775166 0.262044742896814 0.238778529685797 -0.37966085971653
0.142608788149885 0.172276364725373 -0.106706610025834 -0.459792236301817
0.182502297724622 0.0668692375282291 -0.31368118170189 -0.273683531652664
0.213256832699432 -0.0113941130406924 -0.334635361039778 -0.0693214911123446
0.21077436940176 -0.0608941419446419 -0.257309867552016 0.0559208810481565
0.228072145183923 -0.047074612201901 -0.210102844378374 0.0701527599072381
0.201195952617305 0.0636556640635016 -0.172838019389292 0.0753438452035843
0.180308221539076 0.165376631930133 -0.191230094550046 0.102479937108246
0.0308237091118359 0.306470202894448 -0.259754330460697 0.0818677971174292
-0.177069331047964 0.317972618551448 -0.317799863508688 -0.0490614551865376
-0.362344978110866 0.12186176465242 -0.367602283481288 -0.104235480816482
-0.462770856782898 -0.0831913782149025 -0.381618335016537 -0.101262296554595
-0.517399842028982 -0.185001618317083 -0.0330350075947492 -0.116049437700186
-0.486418989614724 0.0101967262877371 0.162004066787729 0.170799117819398
-0.364721706289352 0.318338004937781 0.468683260942833 -0.0342383071314615
-0.0958616621507535 0.427793417710004 0.352157480376894 -0.339605350485853
0.197176169474424 0.306251379025032 -0.0134005553361903 -0.459505380161992
0.268234732114321 0.129277184539549 -0.217178011811717 -0.27370652723754
0.306619626537009 0.0115886660046322 -0.237900316763657 -0.0875361819063559
0.300143471192584 -0.0701007044157994 -0.164084595020334 0.0334491810612311
0.313276357771147 -0.0673761996338986 -0.110455341324383 0.0639879953992979
0.275029360659007 0.0659557488446436 -0.0716326388919737 0.0935325111493092
0.251291648023166 0.19607929851558 -0.106913440146675 0.150418239728028
0.0666880732064749 0.392056855112346 -0.199457178669066 0.155758322073323
-0.209183178367239 0.4081741399155 -0.285471650193109 0.0305769603835771
-0.444112383471634 0.151594495659168 -0.31739159881282 -0.0470819486460957
-0.556215312388496 -0.131131524959546 -0.256770343904084 -0.0233378125488172
-0.540939262363209 -0.274071770144659 0.131703870019018 -0.00137413807874971
-0.585429671503897 -0.0848781313197946 0.258856437514307 0.258667590261814
-0.509055157713579 0.310591297136332 0.524286695799525 0.0681205662111934
-0.194279098024868 0.511383884576892 0.439401837435435 -0.240858068948534
0.197808483634725 0.402080166543919 0.095928481963211 -0.398611914158361
0.306998782641077 0.179125951087386 -0.0912698054095311 -0.23834049831081
0.35179973468312 0.0367760198049273 -0.10913717387957 -0.0924567711721998
0.343962876171476 -0.069578849500424 -0.0482090145299836 0.00618297424334517
0.352941693297908 -0.0799165375104975 0.00688094281811977 0.046364816888537
0.310656036279439 0.0554938840068582 0.0431851823916227 0.0982171951056982
0.287984179966484 0.193049598149553 -0.010095101833636 0.183391801432943
0.0909029939109161 0.416105203960142 -0.127292438718666 0.206605461963643
-0.213015863019549 0.437197899193002 -0.240577908791899 0.0861018112677794
-0.462167089231116 0.153025701211532 -0.247689491978126 -0.0231727145403879
-0.566647900182801 -0.166526988285405 -0.107200168337094 0.0403776170139742
-0.473135595101939 -0.307247721232072 0.284542413403204 0.127266344198446
-0.558495818472818 -0.169193635402147 0.336355451836845 0.337260083060347
-0.547234999609644 0.228085928707268 0.519598958205942 0.170642714330158
-0.259514547828838 0.478517616866249 0.467094780507288 -0.110693093509579
0.15421517798583 0.415015674941158 0.187253014772478 -0.284581601530569
0.291052095019364 0.193618004536642 0.0376850477144362 -0.173434762250209
0.33986196925733 0.0519176838513376 0.0267970236644649 -0.0851688586805651
0.336348436479199 -0.058181092112984 0.0721117570836032 -0.0203432255088612
0.343191521125519 -0.0764175650847076 0.126815780857724 0.022886111347655
0.305270639792368 0.046039520452893 0.153549717118766 0.0960428680339439
0.278384769490582 0.176698395679265 0.0785728289562079 0.206985106313062
0.0809587180531933 0.390676318771003 -0.0644671452752081 0.237432497909767
-0.21335817072649 0.399154573880397 -0.197338073438937 0.11662109002611
-0.433197067985351 0.11153182114371 -0.174130258603885 -0.0210171705639554
-0.499255513613619 -0.194557657433493 0.0404409455856727 0.0940285118275245
-0.319851300541451 -0.271187544157167 0.400265915334672 0.23104725094666
-0.419010839556743 -0.197235282092699 0.38326117581096 0.382716141678677
-0.455260059297941 0.120104967413839 0.46557057748676 0.236015501864319
-0.251060514265691 0.357359434386863 0.441029595313135 0.00147840107575478
0.0961260490317942 0.341134048261902 0.244113372538866 -0.161381572891371
0.2289724792828 0.16451966710586 0.145113207259914 -0.100885013590121
0.273677294720556 0.0497407622967163 0.148051826862085 -0.0712475538182615
0.277898423959648 -0.0397253042467135 0.178871423973331 -0.0441023967208738
0.285834721243786 -0.0576373145960289 0.233478158530327 0.00262349941943825
0.260756245213891 0.0413005618312288 0.247029028431834 0.0990388710299421
0.231219181664965 0.154278444682153 0.150077393632856 0.231647068695667
0.0447485050502734 0.328617134348636 -0.0235032353249197 0.259781144431508
-0.208395444779725 0.311451158752936 -0.168838834227574 0.135086308368197
-0.364689183262692 0.0422026438086932 -0.109841037829742 -0.0228128358255633
-0.364857428245677 -0.214755435503936 0.164872417138153 0.145489095789093
-0.113493235198528 -0.180654770819202 0.461803781584774 0.282149216361038
-0.209254266947957 -0.168720729256491 0.404235066303568 0.370450860871973
-0.271775648564746 0.025701619524245 0.396553215142957 0.248430759162166
-0.173921363671288 0.190089027188586 0.387965095943379 0.0650402863976088
0.0416578404722594 0.206260692656623 0.267753165508059 -0.0673638475121348
0.136429917759704 0.10165478894865 0.215040866627115 -0.0476978262516909
0.164540476104975 0.0354267033685865 0.233256806516465 -0.0591552942014306
0.176267515247851 -0.017036390026038 0.255353493802456 -0.0613927389636403
0.187704179668161 -0.0297057850615612 0.313817064401453 -0.00815839664337829
0.182672073615311 0.0362498426431481 0.312786928626315 0.112608950340269
0.156018810245781 0.119760302640531 0.192592119434977 0.265389832974237
0.00202745029700704 0.234158587362792 -0.0111499741293246 0.283285133715107
-0.181568359197081 0.189604507831757 -0.161261184567881 0.150967389759423
-0.256579180784203 -0.0345119164619692 -0.061603838441512 -0.0203258857943461
-0.18461509450427 -0.206902112663156 0.250724329542608 0.197650138942473
-0.00148782191747784 0.112032605508339 -0.355964722744503 -0.197043402081451
0.114522449050017 0.0491454398473552 -0.0339061776222525 0.0456501953713028
0.111037066120977 -0.0472113986318612 0.197306989840907 -0.149916780056345
0.0146424791945961 -0.0949367516234916 0.0390738491252429 -0.340614830642346
-0.054938510066794 -0.0463304149317902 -0.218137188442014 -0.341036757081553
-0.0440073979235504 -0.0130960550117982 -0.391012832920075 -0.177761538275643
-0.0444511268277571 -0.0189136994018501 -0.386433206187546 0.015538670593612
-0.0446869518872129 -0.0162676359591935 -0.310561802198137 0.101301029113327
-0.0295197205027685 -0.0256145946056657 -0.280028882719509 0.0880684803993883
-0.00222362488080789 -0.0312901433606822 -0.269888786052603 0.0617217578896784
0.0356886632278704 -0.035968545189563 -0.277147873698199 0.0464327778252224
0.0814212328258777 -0.00242726375514679 -0.320912999244277 -0.0336045083815197
0.0803628138054244 0.0878247763068119 -0.348635654642171 -0.181344644590388
-0.0121448018562551 0.134345061463968 -0.395236321699876 -0.230474074537028
-0.0948931971783736 0.114747239740035 -0.497820899383368 -0.194789742889117
-0.219263965466039 0.0527511018321103 -0.301493903054873 -0.206456283464861
-0.0799933839440497 0.0963233600594208 0.00300907107336109 0.0586385617865582
-0.00154174585849156 0.109702226254388 0.27114752888243 -0.155818707546614
0.028199463747027 0.0745023117225904 0.108196756205964 -0.382597294287915
0.0569850816979439 0.0412391517759879 -0.203933821079439 -0.40388723912675
0.0747956837114832 0.00911164281036722 -0.389503916685161 -0.21672241736242
0.0901032326510647 -0.0336225948330537 -0.389247792136003 -0.00871829774231017
0.0865674177379994 -0.0523637691323324 -0.302532796044215 0.0980002174932623
0.105783429239057 -0.0424916784807307 -0.265216852597342 0.0944764146209644
0.109808312961899 0.0228606236601304 -0.239881694449507 0.0749085397079493
0.110586250635546 0.0794328601673902 -0.245794307663517 0.0738206767168742
0.0431616890170723 0.168252245170012 -0.295408844690797 0.0252422192112988
-0.0684320481899962 0.208125940713809 -0.341664045130666 -0.111339145961069
-0.210246800609296 0.124062735115143 -0.399904312619853 -0.153915154530572
-0.304873125997791 0.0197941751197499 -0.475549849550627 -0.143313819051613
-0.408212565153233 -0.0367365991605422 -0.191907638577876 -0.180477102229811
-0.296381701986452 0.0984615080370826 0.0782423613232894 0.0961925481822718
-0.158578395657633 0.255213916532288 0.369651303794547 -0.133061511935252
0.00541296896571797 0.267658687972724 0.212322098106805 -0.401277246126188
0.159145989002601 0.160867991092842 -0.148385287189892 -0.451135995489672
0.189958859910177 0.051978892698157 -0.339815265081841 -0.247005904313342
0.214933259490529 -0.0320312013866518 -0.340738377438779 -0.0393011386753857
0.205724466875434 -0.0822383637629314 -0.248994473122894 0.0794220540846602
0.22290850138695 -0.0699770645366202 -0.202540258828051 0.0925880301219607
0.209637378042979 0.0459702594882722 -0.166811834210587 0.0945039388495809
0.196352510025382 0.149686772813102 -0.183649632093275 0.122159144687034
0.0588141183508955 0.308205721335416 -0.252580332628027 0.104863653987006
-0.148783089454593 0.335318862575358 -0.325050360937913 -0.023985101869928
-0.355264545039296 0.153941168857679 -0.374941720779764 -0.0762695739110252
-0.473169843597541 -0.04488383421556 -0.392952174804642 -0.0708781455086855
-0.535816944254288 -0.140907873995803 -0.0385083317425955 -0.111831850552043
-0.489382609044344 0.0497864548511417 0.178420607708994 0.159629986052121
-0.338427939700586 0.349793264726593 0.468880524757855 -0.0703250654971393
-0.0613907910920494 0.441713548377416 0.330676043351923 -0.368906385781893
0.225862570757835 0.289868992207681 -0.0537923810192448 -0.458420833588418
0.281405790674548 0.105841159785215 -0.241167008833602 -0.255473451801699
0.31048374811795 -0.0169453223552818 -0.245256168856148 -0.0661076735078444
0.29434232435142 -0.100581512468169 -0.158528652232485 0.0485881752216813
0.305380141599551 -0.098403635512284 -0.104152838507322 0.0776639194739475
0.283077134588052 0.0421005476257933 -0.0631161367298378 0.102667720992252
0.269716475539145 0.174748639072846 -0.0935192660829173 0.162925376741849
0.102113742667044 0.391364473947223 -0.186678647122923 0.174942581692511
-0.172946137527512 0.428906412123102 -0.287014066304375 0.0543484992485253
-0.433609842429019 0.191212356769757 -0.32087524877325 -0.0230742102515836
-0.57204020938714 -0.0835343840335977 -0.260141248420358 -0.00250556966515179
-0.568315300668606 -0.226671052471258 0.136916043462975 -0.00856407975886578
-0.596123811637389 -0.0374668335268311 0.281243291833352 0.240298255656188
-0.482752834185879 0.354833037198167 0.532440333361043 0.0285631600567903
-0.153785499367216 0.533197558596381 0.426312616139453 -0.275708953094664
0.235258972906606 0.384906884773655 0.0606442634359531 -0.406666911300147
0.324372668995638 0.153126460874205 -0.11067196788803 -0.232532952292824
0.357922386290089 0.00451306783619579 -0.116839341210203 -0.0832943953803331
0.338395430464463 -0.104409583606689 -0.0460454623094733 0.0110120996588081
0.343623639246094 -0.11510865578612 0.0118015218527465 0.0477854847810894
0.319003661983143 0.0275090954733313 0.0522633105559159 0.095709119007782
0.305022350851759 0.167671392490905 0.00585759664627865 0.187668031821335
0.128852113048775 0.413520847620726 -0.109875712240504 0.220181227462611
-0.173204279811133 0.458064077122339 -0.237136003712773 0.106848951329972
-0.452566077839225 0.196081718357351 -0.249690536219188 -0.00282407055235379
-0.585027286823613 -0.115578188995509 -0.103718513342933 0.0499769901352904
-0.499230156639235 -0.265823249575112 0.300307751600915 0.107183221593974
-0.577306284923077 -0.124802039335502 0.365731390722593 0.313825251354597
-0.527820588023741 0.273212672126609 0.534237143179063 0.132155392301467
-0.221699917939688 0.505455200431561 0.465192022421128 -0.147973217323809
0.193029859362408 0.402486170019835 0.16333400881677 -0.301689587870936
0.308867207300814 0.16807012248019 0.0255107773698643 -0.178055645684003
0.346681383335769 0.0206670213575193 0.0207994915320862 -0.0879568881479787
0.331249343084384 -0.0915187422589787 0.0709789657069016 -0.026340909807258
0.335395717509261 -0.110416157662789 0.128267822103601 0.0130247080589402
0.311395630245137 0.0180312107608946 0.16234687935476 0.0828967001952419
0.294176600927223 0.152391721972763 0.0986875163056462 0.202261661606745
0.116373976698495 0.386855422493545 -0.0453558139744953 0.24518799258706
-0.175887896027799 0.420181890887368 -0.191608408659998 0.135363324173987
-0.425560201946749 0.149527159322465 -0.177233354098006 -0.00575451201158367
-0.519459580514383 -0.150779905872171 0.0487761460914312 0.0908309065963405
-0.342672665299844 -0.243241200926991 0.424824879616409 0.202968817085264
-0.438514314798753 -0.16484760969515 0.417275086304273 0.355424940501834
-0.445174364589417 0.156289106420989 0.485352403298057 0.201896444711218
-0.222043547453961 0.381445480516555 0.447162423510456 -0.033528436021604
0.126528603374371 0.33203755470843 0.231152672131146 -0.182077754251179
0.243079861433272 0.142513325729678 0.140124193859671 -0.114439437904659
0.279522815030843 0.0246775049456784 0.142356329643217 -0.0855606828652441
0.274424771300173 -0.0672978604869309 0.17362304354161 -0.0590799198394498
0.279515243230074 -0.0856550990662602 0.232237383876278 -0.0196780464181563
0.265866624614806 0.0178621955420394 0.25652322247396 0.076461244501312
0.244004609984576 0.134108280859769 0.170493431907239 0.220767268592434
0.0748437031018717 0.328280434675982 -0.00210109877842676 0.265300208439774
-0.180332241354501 0.329738910321351 -0.160828497546856 0.152713668727757
-0.362038967117705 0.0737425615505772 -0.111907451896074 -0.0134055391631554
-0.386004315773867 -0.181242196957445 0.177759402417541 0.13115404614122
-0.128455519012092 -0.169950976360471 0.487567389357854 0.249773816815325
-0.225458317709899 -0.152926430696041 0.436339404418089 0.342757032921649
-0.268120814758935 0.0468242230100025 0.416801465470408 0.219099124715971
-0.159329387176877 0.206609192588934 0.397528930203488 0.0340332730492202
0.05942200053669 0.200938573587907 0.263718553963258 -0.0913484012289182
0.143839717557113 0.0871795957075844 0.215235590609337 -0.0682841136823169
0.167374583276197 0.0198113330459575 0.228497541077185 -0.081053629655907
0.17457622396978 -0.0349835148826403 0.247958700423885 -0.0833492092732715
0.184385774211224 -0.0471729356639908 0.311635057916619 -0.037531489805167
0.186140982792092 0.0194032506379245 0.322469829032768 0.0830266834206202
0.165861871546551 0.106251019250905 0.216733579363433 0.249858518569203
0.0222834493319469 0.236474607056063 0.0114143351842804 0.287553537359924
-0.164139400667879 0.205789850880225 -0.152252802367062 0.166336519539438
-0.258269918561098 -0.0127059976904012 -0.0642560228218912 -0.0154423429590069
-0.203267626516671 -0.189619585328282 0.26840714456221 0.176129629310843
0.0113431786151163 0.108091844170874 -0.379932250397226 -0.123216938686251
0.118225954417536 0.0246376895421909 -0.0258874208217126 0.0544840335296091
0.0969631957682183 -0.0711327114053054 0.164607771998571 -0.176955128151153
-0.00789764266300237 -0.0995287102607112 -0.0216584460266251 -0.332697037338421
-0.0685045174301392 -0.0374276476216876 -0.274629098315059 -0.289908857509365
-0.0550989575516992 -0.00334957070867751 -0.408974112765548 -0.0947328177547263
-0.0518230736940821 -0.00594483138284937 -0.365608752543436 0.0885095099904189
-0.0481618823114328 -0.00280394567340769 -0.275146113258517 0.152803629326256
-0.0353176208446775 -0.0157821646145956 -0.254968204563809 0.136895718488934
-0.00639671452430129 -0.0279557875350168 -0.253863501710758 0.108325172809923
0.0287562644174468 -0.0395630902071445 -0.260584437548735 0.0927048594063033
0.0793102229635264 -0.012911612293998 -0.31813341256043 0.0162673572449653
0.0937828956901524 0.0767016779930035 -0.371928063026665 -0.125592870832544
0.0135931719187233 0.135785283870708 -0.419651990454947 -0.164665328280207
-0.0726477680307979 0.131088930572613 -0.508623895548092 -0.115309578637893
-0.208880057014409 0.096966522400255 -0.321359029210674 -0.151231081287292
-0.0578915608542085 0.11115178383978 0.0139160646682762 0.050656494946028
0.0227370789515783 0.102367163695151 0.228537100167969 -0.203860192131546
0.0421943352259178 0.0602080911850946 0.029755049877138 -0.39012525107229
0.0557020932396374 0.0230814421133146 -0.277580439795155 -0.347845312336283
0.0620950103671767 -0.00436882786121182 -0.416233370261587 -0.128522303083594
0.0770098320968861 -0.0491316303355725 -0.376910921467326 0.0694904383017584
0.0711174571872191 -0.0626884265541182 -0.267402553896982 0.150047505205408
0.0926535071284973 -0.0599640225553284 -0.239270433480419 0.141327286100436
0.113600248458967 0.00287403851232917 -0.223060167711756 0.11669270714043
0.123480915562286 0.0569408396147369 -0.227914759698843 0.11423118630404
0.0766290090257153 0.161280232072123 -0.284775583991447 0.0659851863863609
-0.0270565185978332 0.219432462970876 -0.348815364756785 -0.059918418770873
-0.179317866822518 0.161306202349271 -0.409014498443393 -0.0849474672252322
-0.294460153753576 0.0762502677191336 -0.476677729069288 -0.0621978309840378
-0.406483324446628 0.0491567805396448 -0.20272670669905 -0.151519838512375
-0.262589906207855 0.158457242087447 0.0960671266264632 0.0636483688997174
-0.096710897055596 0.273579893533165 0.322889828222737 -0.210891554263955
0.0628098135620442 0.24990163528978 0.118874665452957 -0.433109421836364
0.177831016695236 0.114832830390971 -0.239486864612387 -0.400421787032319
0.181673122869398 0.0133604698479438 -0.375425068984203 -0.165263371563391
0.200591236246232 -0.0752958130104111 -0.341263897955501 0.0323574522233665
0.179399371314222 -0.114137353587056 -0.219107171516983 0.123976746216939
0.200609445336689 -0.110328741817824 -0.177749136730025 0.129298867623648
0.216035333480139 0.00549787623464681 -0.149979940082855 0.123739533097606
0.220065112623407 0.107131454857723 -0.161421135295734 0.150150010733991
0.121489266569908 0.293157620287011 -0.231471065420942 0.134538378507496
-0.0797511501012194 0.356974677700843 -0.31600189600593 0.0213424810114467
-0.314568164116223 0.216936903649384 -0.371182775982648 -0.00814227142173105
-0.469447474502199 0.0431098745472307 -0.384936077741129 0.00183414327945113
-0.546544598976378 -0.024478506396389 -0.0350831532398829 -0.116440339303346
-0.453810553925104 0.152447614290634 0.208324482878197 0.09874846762029
-0.247671602551969 0.400795208245453 0.428328012323673 -0.178859817815415
0.0378620676488851 0.430805705169778 0.232020644066804 -0.432686273680402
0.268132996047336 0.222893941452209 -0.155852443026722 -0.423345599641042
0.281458582833988 0.0461928095906371 -0.285270038791963 -0.191507113283942
0.298187135608208 -0.0820411236337011 -0.258672088679239 -0.012315382934234
0.260098003634182 -0.149013601668012 -0.138525506493146 0.0800977219873557
0.27472050470477 -0.156176668439833 -0.0859279609234938 0.0978763394875664
0.286014631014615 -0.0142387240594551 -0.0491558269175953 0.11336846301054
0.294702885150007 0.115516079775995 -0.0690147401472268 0.175471706290999
0.181640399766388 0.363967073203367 -0.157499422218775 0.191330244914107
-0.0844874724793861 0.449920091869072 -0.265635644318709 0.0911443445056427
-0.382652598856893 0.26647180215641 -0.308112538757592 0.0383364245244018
-0.572275326133317 0.0244409110418783 -0.245231602838241 0.0518406164902692
-0.590868673566487 -0.0994856716896364 0.155007739642396 -0.0487971786606389
-0.573079583463762 0.0893966558523156 0.328666861534992 0.154584836480384
-0.384212728967246 0.436545694889291 0.509473569390136 -0.102241551856109
-0.028853537632071 0.539675974565225 0.341371204024361 -0.367259761253166
0.298675920001845 0.312198245324526 -0.0378724961527566 -0.394879698078076
0.333827534884056 0.0804617000146197 -0.155903536635519 -0.192663500789841
0.351612285787149 -0.0721290564074172 -0.141134366657275 -0.0538777260935424
0.302743948962072 -0.162162758948404 -0.0389728795857306 0.02482535645897
0.30796389590542 -0.18173718407102 0.0213430076474872 0.0485860411813478
0.317624371371571 -0.0367863408018719 0.0614643240868626 0.0871271995703076
0.327562234531257 0.102272051274354 0.0319477996025521 0.183461634792
0.212081806100103 0.379144190424247 -0.0767513578507282 0.223121684022668
-0.0770077645013596 0.477003193776387 -0.208459919809866 0.1338528302401
-0.398656053609173 0.272674225886742 -0.234910000661515 0.0469087884523739
-0.592105573265875 -0.00711814580018526 -0.086580003093636 0.0793764172248099
-0.528894574057693 -0.15203708995555 0.332672977090259 0.0359817363012971
-0.569890308151204 0.00315873387234452 0.426885457148469 0.212950523842431
-0.442627926569069 0.366445302247645 0.535188068834209 -0.00253493713959058
-0.0985897504553703 0.528637548638761 0.40550723959793 -0.253947295138683
0.263349290897575 0.337931508080496 0.0807569962076335 -0.315500752977059
0.324712619128614 0.0968841018822353 -0.0155379963319176 -0.167864876905852
0.345430115776682 -0.0551605432708891 -0.0103720959239119 -0.0860872725926887
0.299057306753518 -0.151076170043736 0.064167206958767 -0.0320109936368001
0.301469759202507 -0.176560352079171 0.126531373687533 -0.00670761645417129
0.307231687545096 -0.0458488379573782 0.167023387972668 0.0559206284788548
0.313491387206354 0.0893278652647584 0.124668057779644 0.181308673897691
0.194704280611411 0.355704319206115 -0.00957451407295663 0.239161873527147
-0.0870763028047375 0.43889468424494 -0.159310367935947 0.155878902341652
-0.381311629072064 0.224041697126548 -0.166121413329934 0.0317868042655967
-0.532350279718444 -0.0534603691157761 0.0650983829303247 0.094823734818284
-0.370235540564204 -0.163459934550645 0.46442119297081 0.111184604314097
-0.443726385031491 -0.0656516260605962 0.482866361368454 0.250120797850697
-0.386160559670677 0.238078174191004 0.505171704489344 0.0809104893609792
-0.125884789121277 0.409980209092139 0.413876097041356 -0.136399726515126
0.189869039003539 0.284877203786937 0.172329450451052 -0.21696671055394
0.259950286599019 0.0839015359489639 0.108046693204139 -0.131770325169007
0.2797403802579 -0.0385136047681426 0.109794059646106 -0.108306782254648
0.249876546217658 -0.118382148557237 0.154325850626877 -0.0832991824244519
0.253085137752248 -0.142055828044662 0.220334187379479 -0.0560198740802618
0.262130545918088 -0.0384054993554941 0.256838036432502 0.0322102176121597
0.262063135710556 0.079890441996974 0.197612952789812 0.186203185633383
0.141555331332152 0.305319655606411 0.0369741796213817 0.251968782537471
-0.107886697715201 0.351868811493402 -0.126800362063421 0.169275674139638
-0.33438035583843 0.13827446491852 -0.106988260387425 0.0137733457418577
-0.407356393962971 -0.109052812404947 0.193471852763612 0.111558107997298
-0.145822321354498 -0.138397882704063 0.525708939673698 0.151271138784123
-0.235688251391584 -0.0996105892269085 0.495422798434637 0.244555995649743
-0.240180551196802 0.097177461368403 0.443853737021834 0.122370736375329
-0.103042324070545 0.229849422433525 0.386255054533572 -0.0547585925353993
0.100512391052733 0.17450046247179 0.229656271140472 -0.138335186897796
0.155191804440687 0.0502230401730371 0.191763939324002 -0.103994770662303
0.169967103851089 -0.018962782143378 0.19731890800473 -0.121642835026599
0.161346533648083 -0.0690270547523092 0.219052319967974 -0.12022406438125
0.16846502064298 -0.0860716713045744 0.292082601393144 -0.0877507130926892
0.185292375332701 -0.0222562370943221 0.32274345577084 0.0270949049796566
0.181130168354633 0.0672991178747477 0.247694508986481 0.205678216118988
0.0724643225875698 0.224911392722337 0.0556574638434932 0.27345603585118
-0.116253947401643 0.228402919059733 -0.116124001564447 0.184065568061287
-0.250350412080302 0.0350413627119068 -0.0639514130799523 0.0020157958155751
-0.229943596463824 -0.151508025244994 0.284833828614718 0.135948781523588
0.0164680477625782 0.103053779668803 -0.372825142086087 -0.0934107189068097
0.113926097046927 0.0170601103152427 -0.0204177487973921 0.0537918729085061
0.0879724576151454 -0.0722279728830084 0.149435958508479 -0.182787369160843
-0.013690437914555 -0.0949472230354727 -0.041394620279147 -0.319377132721753
-0.0661697641268801 -0.030257741240337 -0.28402166201012 -0.260389528158873
-0.053327132809093 0.00176674396863606 -0.40158741529675 -0.0586171015704464
-0.0510439815257556 -0.00231691868683568 -0.345234639642876 0.111016590129052
-0.0456708557803387 0.000337707146568833 -0.252130296890136 0.16377291828567
-0.0348668265705814 -0.0126300130491786 -0.233050273026017 0.151397109372328
-0.00745535773925144 -0.0267861588556836 -0.237374294041905 0.125337997861242
0.025621884836103 -0.0405784508054691 -0.245296201137549 0.107303880313972
0.0756515501182604 -0.0167389144401219 -0.304530157937196 0.0340413239943431
0.0947396767867979 0.0679195549006395 -0.367368763570223 -0.0998717958729803
0.0210338654019365 0.127633945214461 -0.413657286304481 -0.135111025698321
-0.0618577530711923 0.128450269253485 -0.498674080759551 -0.0802583544952496
-0.195515461679463 0.107871567838811 -0.317142122145401 -0.124440699102917
-0.0493433264694454 0.111837150058285 0.0176185000261995 0.0481122831066449
0.0281108811236913 0.0988904826296221 0.209046740362815 -0.210865741368731
0.0457170416362595 0.0564320801275387 0.00494830393809097 -0.378041782298908
0.0565492701751659 0.0184374407863063 -0.290665838196869 -0.313617212160956
0.0599635952910282 -0.00769337835367542 -0.410442197830064 -0.0924298936723083
0.0705129814259865 -0.054222622174411 -0.357269473287247 0.0939223612847378
0.0639253440314246 -0.0662319806073916 -0.243569952796108 0.161402983339327
0.0838376863288074 -0.0646867303111284 -0.216372291280737 0.15570764060249
0.111295303058808 -0.00618253792932268 -0.205782013207901 0.130832050257828
0.12374993080269 0.0450264204751252 -0.212203029620004 0.125865030229729
0.0864606435899284 0.151980217724194 -0.268663842561352 0.0801847572396072
-0.0112790802378706 0.213886771544793 -0.34109456856806 -0.0374083573992048
-0.162015027386489 0.165370265476149 -0.398718336015317 -0.0586894609737511
-0.278263474636025 0.0903940158841377 -0.465063918663267 -0.0295571598340913
-0.388870564011396 0.0750560203780357 -0.20161764989459 -0.132992068446543
-0.243816434178479 0.171132141200938 0.0971670598645459 0.0553578315733402
-0.0761312907415365 0.270543331265545 0.299654907902125 -0.222226000437123
0.0776403475781934 0.238738264373232 0.089546686375932 -0.426386630025172
0.179807685044072 0.0984045600905458 -0.256749330707342 -0.366735468753596
0.17752058437344 0.000928670812596961 -0.374704929691993 -0.132244119980795
0.187905423892014 -0.0892916019148367 -0.325343952893471 0.0561440029256518
0.163890013556288 -0.124433924829332 -0.198538256832017 0.132838640307208
0.182626182241279 -0.12117194921326 -0.158413708652647 0.139419250973697
0.209788809807354 -0.0114839925309053 -0.135074254787423 0.131603434020433
0.219596313621898 0.0871247157783052 -0.144937934254141 0.157948518361088
0.139772740153984 0.276176187147263 -0.21371240985736 0.144214858246548
-0.051855218551286 0.348965732628101 -0.305638047958868 0.0404359588661331
-0.288035261646355 0.228645475359535 -0.356694859717311 0.0125579129346168
-0.447497992179999 0.0721828565992075 -0.370526092505559 0.0255638196205992
-0.526164954638702 0.0135380778889801 -0.0378825730549215 -0.110060044021598
-0.429128519492114 0.17681115879032 0.208076299287961 0.0824632096026394
-0.212355896613608 0.400881844481713 0.402562491316931 -0.196400443960085
0.0660871985835144 0.415937810521822 0.200281457956574 -0.432746917905832
0.2735981620319 0.196173461828134 -0.177779629104441 -0.394366392393234
0.275084392976641 0.0252182419342309 -0.287999182354613 -0.164735849289148
0.282102533631214 -0.103322170366768 -0.248785458339904 0.00759588085417624
0.238633200456994 -0.163708425403279 -0.124854121851579 0.0851370839187829
0.249372189722213 -0.170531923124995 -0.0724813072918156 0.102017504450293
0.276233212092893 -0.035066444259046 -0.0385606420703073 0.114668749539604
0.291270441272582 0.0900439753060284 -0.0536209621755733 0.176603398769111
0.202551864543489 0.340272968414638 -0.138184696670347 0.1957676812494
-0.048386041487724 0.438852837412699 -0.251665264644922 0.105381149683062
-0.350248344853547 0.281315141258255 -0.293383983726152 0.0541742175064408
-0.548046176692784 0.0612781839575404 -0.232801460690703 0.0652474890004163
-0.574636699825452 -0.0569302845895841 0.150499469954992 -0.0573165513431134
-0.54708052306131 0.124517702795421 0.327583241710604 0.127744008625865
-0.340793057504898 0.443117465947853 0.48491346841959 -0.125947380615628
0.00895374367810578 0.52584743514822 0.309115097139282 -0.377453584671142
0.308886135819934 0.278562336974085 -0.0632820287190777 -0.374552386546563
0.327054823165171 0.0542844963092633 -0.162450597765778 -0.176645061932468
0.333485850407089 -0.0972910384890224 -0.138872504292009 -0.0414986100045616
0.277776588457347 -0.179561488607347 -0.032890819295308 0.0254715286671078
0.280098598886515 -0.196950909507995 0.0252905024335571 0.04629120096237
0.303938587675376 -0.0590356751607862 0.06529986616844 0.0801440262968398
0.32198723985188 0.0751859886025092 0.0445460074121937 0.176058307753555
0.233208985277888 0.351754247467603 -0.0580382935430602 0.22213572904154
-0.0393899112764849 0.464003558454005 -0.193488175164943 0.144382274331011
-0.364590076856516 0.29072814109339 -0.222741435103524 0.058900977110097
-0.568007254457507 0.0340535188685768 -0.0778650141187956 0.0819364385987223
-0.516013849722186 -0.112987175196557 0.326179852324893 0.0145841816457178
-0.550828410587803 0.0384968223445526 0.425730036268691 0.178453198362919
-0.403153229853133 0.380508759477327 0.516215749650548 -0.0314022467772182
-0.0590927804434889 0.519777302751609 0.378354473346807 -0.271999256834638
0.27688748761216 0.305330050608598 0.0566685209262669 -0.306657572678615
0.317689489343143 0.0706590795658927 -0.0242335823709343 -0.162848982127507
0.328005212352041 -0.0810956576038442 -0.0155938469390889 -0.0820563497358927
0.275434367056384 -0.168185619498058 0.0603939305533518 -0.0360875580442089
0.273123822570125 -0.191046387355102 0.120951746363945 -0.0141801469194605
0.292907648636154 -0.0665331685708528 0.163744335037155 0.0413063358763115
0.307531822457078 0.0636787812031545 0.13267931238281 0.167680169702947
0.214359157150637 0.330731858837159 0.00756020346240319 0.232204276819265
-0.0519680985882207 0.427154794774959 -0.144608205964259 0.162572266356101
-0.349869713883733 0.24206609651755 -0.157763630992638 0.040059863661429
-0.515147464518171 -0.0137813395121899 0.0695694644120261 0.0863659728275664
-0.365616278954185 -0.133144517499294 0.456886697546293 0.0795003231179106
-0.433357075048646 -0.0358212714827571 0.481638970386644 0.212526936280515
-0.356396899444937 0.253344318917882 0.491825465044306 0.0509483480022161
-0.0931706582555617 0.406781800624455 0.392087104025234 -0.158354744636042
0.202078247067242 0.259700624823032 0.152002769989073 -0.218808931177128
0.253412778535901 0.0613748913583127 0.0972315181991388 -0.137197920413699
0.266052022326025 -0.0589209288866781 0.0975030650779046 -0.112469788761041
0.230138185355066 -0.133295927915013 0.143329857966014 -0.0901915432909511
0.230243734430722 -0.155192058068285 0.206813005708284 -0.0680776434094279
0.249227679110652 -0.0566994203148368 0.247878326968494 0.0111558429510489
0.255787338392258 0.0588842291698441 0.202830481305177 0.166189726699681
0.158870926504871 0.28486001233412 0.0525013733788586 0.242096283980534
-0.0782311265218625 0.344016397614466 -0.11193325764339 0.173850644153878
-0.310529527534336 0.155423213700868 -0.102607217296741 0.0193605130904534
-0.398380062481175 -0.0754603904961682 0.193894515366675 0.0941666639650737
-0.148608349900059 -0.123678161051614 0.51818342011627 0.115120265339985
-0.234143812225256 -0.0808427870524785 0.493354150897117 0.205696986448946
-0.224716809098577 0.107871230899976 0.435184880750103 0.0929647461238142
-0.0832875019605002 0.228735187326237 0.369915262824756 -0.0777438701426649
0.107955116056586 0.159528330741107 0.211532653356405 -0.14785471566659
0.150310446465456 0.0362272444648656 0.179483230727103 -0.116529486422651
0.161209732896067 -0.0311048314986139 0.180326720400101 -0.132596489279669
0.149390933581015 -0.0785392106893441 0.201203873292146 -0.129996093763114
0.154703940334278 -0.0952149979564881 0.270903918972249 -0.104313866025604
0.175777716897494 -0.0347114742809894 0.310833514284506 0.00170573768892958
0.178657695916433 0.0524851444887079 0.252405874910702 0.181498679145991
0.0856500263280633 0.211863134904363 0.0712163566532074 0.261287382610232
-0.0955229308781214 0.225691992162313 -0.100791965270275 0.186784390224976
-0.235740868649771 0.0501802462135841 -0.0629822189854556 0.00508096658708687
-0.230756881543538 -0.128588107156675 0.283011823147309 0.111593078633631
0.0180713995833722 0.0989141823136208 -0.363164943176475 -0.074136167806693
0.109252123041158 0.012345644724228 -0.0177122942293658 0.0539871227737485
0.0818482171674988 -0.0702598460250143 0.139466974029699 -0.184454444171455
-0.0164630956784616 -0.0900205059277919 -0.0507690192769378 -0.308043325978289
-0.062751174231042 -0.0260579825749205 -0.284804524098939 -0.237939123661526
-0.0507356717278913 0.00469225243793144 -0.390867803830564 -0.0358523691488851
-0.0505476048764801 -0.00018339608281745 -0.326923158271173 0.124022988264528
-0.0436212241565997 0.00171014572877109 -0.234963494043043 0.167986218918652
-0.0338117969261994 -0.0108041285895218 -0.216248721770605 0.158826359330556
-0.00839627299004093 -0.0260875938218385 -0.223603697459853 0.135312860289667
0.0229579119049119 -0.0411994505184373 -0.232621852827352 0.114550048302028
0.0717421580959673 -0.018431828620619 -0.29313894762756 0.0428668559680497
0.0936073426971591 0.0621367130536637 -0.361667090005931 -0.0840580247161714
0.0242462266507627 0.119298794037129 -0.40387517031321 -0.116684310330984
-0.0556912326984084 0.124614592006899 -0.486840268961622 -0.0609929171102999
-0.186143212994029 0.111288015737447 -0.309477314411409 -0.10739270729421
-0.0445341868046004 0.111180795604531 0.0186281353913649 0.0462149388569745
0.0311824091462398 0.097292779734933 0.195797879807447 -0.213291184767115
0.0472033936805007 0.0550337119786001 -0.00775662720411587 -0.367044569110906
0.0570311765018165 0.0154940079057214 -0.293786387565635 -0.289389572316136
0.059062888658927 -0.00970378159727985 -0.402196578514418 -0.0691265624520308
0.0645177978382395 -0.0576375065591263 -0.339449626640374 0.10831999187579
0.0587780051754059 -0.0680979719026465 -0.226497411555733 0.16426768629833
0.0774390312297607 -0.0666063236383618 -0.199418910536592 0.162035691337478
0.107653600118673 -0.0111474610967044 -0.192536866908127 0.138835231028014
0.122083406683192 0.0373555605600612 -0.19960596037531 0.132544441700015
0.0909664633029644 0.144064465298555 -0.255995978873989 0.0874566162658132
-0.00140165563477517 0.206684948592852 -0.333503074493915 -0.0234162130574359
-0.151482829374455 0.164397894941678 -0.388100286322843 -0.0431275327115346
-0.266333091724606 0.0976921757126227 -0.451864760929167 -0.0137594980497821
-0.372410774237356 0.0884491989237723 -0.197643139105288 -0.121395277493726
-0.230074090826075 0.175849458809844 0.0957918283827062 0.0498136522876249
-0.0626989685653026 0.266451188457888 0.28389233834666 -0.225998956793883
0.0866836162026058 0.231712503470575 0.0732463479314445 -0.417610803707159
0.178788807567911 0.0874487205883367 -0.262475715501695 -0.340967377314608
0.172635192315316 -0.00627017818399918 -0.367609729723186 -0.11027387870029
0.177366881936575 -0.0976669546675292 -0.309934535790046 0.0711576415465607
0.151457484621286 -0.129685659053069 -0.183594450224488 0.134459673697352
0.168977073316046 -0.125958822082403 -0.143576362485959 0.143767844520895
0.203189181527993 -0.0215802612465937 -0.124114687095116 0.134751252228621
0.216879775436618 0.0736181052055414 -0.131852620682873 0.160417749529678
0.148726286794994 0.262525941894302 -0.199567293320202 0.147750297332193
-0.0349096626104377 0.339389807925074 -0.295044358453058 0.0507382870834452
-0.270107572795948 0.23101044957059 -0.344573861841912 0.0244190761376694
-0.432000099357803 0.086930660183375 -0.358465260010389 0.0385351754993003
-0.506294807032942 0.0359546331149828 -0.0376712061029469 -0.10637208697389
-0.409147933325623 0.189023817259499 0.204319043925959 0.0718560072201247
-0.190471106009196 0.397752491610374 0.384484733840239 -0.203648170601712
0.0823909826280647 0.403723872585095 0.180863406220342 -0.428029820808503
0.273366865044355 0.177634986451368 -0.187134348759973 -0.370557347829484
0.267870197590897 0.0126819510129998 -0.285305800776502 -0.146297028697443
0.267738429763325 -0.115469496667947 -0.238136427904198 0.0199955518968241
0.222234301234568 -0.17176266653075 -0.114487020796231 0.0855709393387202
0.230878334567421 -0.176526028363945 -0.062971030186977 0.103103291541204
0.266318523381599 -0.0483988632976732 -0.0316271277113442 0.113108851834814
0.286312899834502 0.0741459510153219 -0.0433145675166957 0.17435737726413
0.214181108008237 0.321374881809729 -0.124008590845853 0.195252043106993
-0.0267345709958027 0.426611535807309 -0.240522774962358 0.112076338825951
-0.326475976641962 0.286540471732234 -0.281540136333817 0.0623518844108382
-0.526551108199507 0.0814814783535834 -0.22214645473059 0.0716368538823276
-0.553997349907485 -0.0314854853068334 0.146605661933318 -0.0621092879609252
-0.526042853525131 0.14094125660164 0.321521552858813 0.112104021217938
-0.312979086688645 0.440949209509447 0.466551026593613 -0.13759257416955
0.0319844194009337 0.512885742178217 0.287926147105517 -0.378895687880829
0.310634553886104 0.255625322804745 -0.0754498996010249 -0.356225659565009
0.318529334359558 0.0382978599465949 -0.164477104744413 -0.16487846343875
0.317270145077601 -0.112924881194378 -0.135088695128111 -0.0326772606301955
0.259306064261311 -0.188427641070673 -0.0290037190574608 0.0242367164906529
0.257228952493901 -0.203300210557198 0.0281659464195045 0.0445733560604592
0.291009021552523 -0.0720817741943535 0.0672736642314268 0.0745179778909668
0.31391341641744 0.0579330118185851 0.0516330864163109 0.170009468994854
0.24389623300762 0.330823462541586 -0.0457270489250756 0.218095585211311
-0.0172828214114217 0.448854471694042 -0.182861151131898 0.148807421915768
-0.338005283090071 0.294855468638342 -0.213771891925796 0.0640359098213049
-0.546876805849274 0.0587686551246253 -0.0711915765714852 0.0813736859198544
-0.502170712314861 -0.0879155641713222 0.319874890703153 0.000971917861539941
-0.532402449401762 0.0598380898803085 0.418983512205699 0.157473943030936
-0.375698147471119 0.382630749996121 0.499485506296547 -0.0461788464797726
-0.0340749814406568 0.509739934293949 0.357700354241061 -0.279550444074504
0.281262296995384 0.281859128957103 0.0429464675435971 -0.296030446494564
0.309148628406264 0.0538322588926412 -0.0294093602200256 -0.15934406334473
0.313294593279377 -0.0964620960900467 -0.0188040790986252 -0.0782362515823983
0.256925721276708 -0.177794157984267 0.0580268507210794 -0.0377963634310023
0.251118689887184 -0.197325589028082 0.116907647031955 -0.01833225838078
0.279939947030664 -0.0790534766707401 0.159474316905278 0.032133158393852
0.298729550344052 0.0474587749085995 0.136350314747833 0.1577585561385
0.224546795044167 0.31042743675953 0.0182207236453287 0.226083819981514
-0.0297315948221466 0.413754027798064 -0.13484820056731 0.165179770653541
-0.326633515488552 0.248315183962804 -0.152412639588458 0.0436959033956108
-0.498475330203515 0.00920565467392176 0.0716317902608897 0.0803318891509824
-0.357102457194777 -0.113975112773808 0.448191713972815 0.0604491379179433
-0.421467008020873 -0.0167435367347671 0.475187265428965 0.187509486143979
-0.334955999280053 0.258619789720682 0.478013916211142 0.0343368370663643
-0.0717465852381055 0.399358702753811 0.375161049769841 -0.169636681238135
0.205542832931068 0.240408501708405 0.138846142517445 -0.215952780626144
0.245527138959947 0.0484285267170608 0.0889917565742759 -0.140042262991175
0.254131856230752 -0.0702390456310928 0.0889548490217404 -0.113535859036013
0.2155925878147 -0.140208246713555 0.133428063914596 -0.09351258944784
0.211794060348213 -0.159154211373659 0.19502559179648 -0.074111394068904
0.237376783838521 -0.0666259665609373 0.237487051797156 -0.000567009183900399
0.249337426800005 0.0452607640056724 0.203850326636221 0.15324390182023
0.167915124882973 0.268191977456382 0.0612149152175903 0.23323535104651
-0.0593413422540924 0.334067860994505 -0.103058905962237 0.174243142315096
-0.290387285775486 0.161982763891557 -0.100177539456002 0.0218831807348418
-0.387219499226089 -0.0545789587921975 0.192110354277332 0.0828004825846603
-0.147419887462459 -0.113830975088767 0.507293432240168 0.0939499456158619
-0.230160295129462 -0.068467697807195 0.4845820273203 0.180034485440428
-0.212770372867978 0.112871809098254 0.424599999142017 0.0774555213319336
-0.0701904307505837 0.226109430583227 0.356114548349369 -0.0908653511287488
0.110262318588927 0.148612727425483 0.199432381431956 -0.151750189164314
0.143228066834623 0.0287791384630199 0.170176872663725 -0.123885701881319
0.15343441318069 -0.0379053538740237 0.167254635977862 -0.137105096025659
0.140186755822327 -0.0830202510851906 0.188368742721648 -0.133970554473543
0.142554563771952 -0.0987460011220954 0.254981479443096 -0.111532745203132
0.16753859611378 -0.0424567456181029 0.296892245145964 -0.0131130765974227
0.173700365495786 0.0428352048456863 0.251751614011976 0.165356667542192
0.0938654762800756 0.201862628804685 0.0791304816987261 0.25034049107153
-0.0813966733075747 0.2205470482023 -0.0913858093940394 0.185846006977313
-0.223402497720889 0.0588535947511719 -0.061993870109344 0.00685207295627514
-0.228124624420746 -0.113484863163042 0.277359094626036 0.0957774217781917
0.0181531172059041 0.0966870299879349 -0.357718523263765 -0.062507724442306
0.106962647870666 0.010190228516292 -0.0165015273547955 0.0547985010326217
0.0797500801276874 -0.0692040065985381 0.133362429718106 -0.186107342101911
-0.0187760714574508 -0.0878185963600104 -0.0571799716186014 -0.302307881468872
-0.0602036888559224 -0.0231803471256124 -0.287331202352272 -0.225614154631957
-0.0476942872724531 0.0070578877457639 -0.38609920394041 -0.0189776342866508
-0.0495071450795673 0.0014440886473073 -0.317219153408233 0.133443406538724
-0.0424935184996014 0.002490884344352 -0.225577181551192 0.172128240330949
-0.0324970741672442 -0.00979880527874743 -0.206242725395043 0.164202962142759
-0.00820662651649724 -0.0261299780922652 -0.215208587669635 0.143560620283268
0.0213697880048951 -0.0420272046369619 -0.225967818980267 0.119373503865338
0.0705487143604156 -0.0190433032372843 -0.287869927042335 0.0470574907789221
0.0942877166768404 0.05870871700704 -0.360317262658445 -0.0750017879749152
0.0236772744583024 0.114223641904459 -0.399368201414243 -0.105961786793842
-0.0528678115276673 0.122095215596721 -0.483244337052153 -0.0496113931582262
-0.181213719353318 0.11520694316707 -0.305325338099699 -0.0982502823394648
-0.0416922322260983 0.111292459890626 0.0191724803906654 0.0462607387990956
0.0338143057093728 0.0970571156254085 0.189311919273177 -0.215822455076276
0.049671944711266 0.0546457730202376 -0.0155221864464708 -0.36269993423749
0.0586581504896171 0.0137068714446582 -0.296544437421397 -0.275749906671019
0.0597781795102217 -0.0106653021753666 -0.397334933508684 -0.0521172470062906
0.0607337476415124 -0.059758366239129 -0.327895220029694 0.119436846775447
0.0553470068276719 -0.0712036729154154 -0.216021078800496 0.166961575564044
0.0744447657919398 -0.0680173172960726 -0.188033182122875 0.167304426043955
0.106476645478495 -0.0156810052130918 -0.184773021360442 0.1449923922612
0.121355522890243 0.0322646041605004 -0.191965379196498 0.137283833688618
0.094790022412149 0.141338763787317 -0.249921790662634 0.0916163130153719
0.00441518939907856 0.203749529159357 -0.331496304454202 -0.0165050777160887
-0.14719772810862 0.163437634741763 -0.382334624419025 -0.0342919600910412
-0.261209167860332 0.101463032444358 -0.447142725496551 -0.00242968108238791
-0.364262197460744 0.0965337067331736 -0.195650260195669 -0.115380980970746
-0.222600193710206 0.179376318967171 0.0947677463646697 0.047675499054367
-0.0540811826768931 0.265461592432742 0.275888593645697 -0.22917857148064
0.0946357600999334 0.228708352979214 0.0632498475175437 -0.414822528540953
0.180336382005207 0.0807754436899931 -0.266019484381965 -0.326528025229098
0.17167533973356 -0.0109702854393846 -0.36534132328357 -0.0949947039922679
0.170124031416242 -0.104014658765017 -0.299871770914129 0.081276356840074
0.144566056322282 -0.134453717394445 -0.174886469130261 0.135725592054392
0.161057770899072 -0.129097882979413 -0.133353991057436 0.147045190006012
0.200493809655888 -0.0291371428053209 -0.117175212046151 0.138600260897118
0.215558102194235 0.0646388497970501 -0.125191199754894 0.164002170292812
0.157494980896653 0.255185247972447 -0.192233597233563 0.150150732524868
-0.0236801363332228 0.335223878471914 -0.29147912387664 0.0574300661436652
-0.261167854099201 0.232932858789408 -0.338540070221182 0.0319284031505507
-0.422807365346567 0.0969949995145008 -0.351461299663412 0.0463164834048736
-0.496820483566818 0.0472995763864098 -0.0386350328751051 -0.105664780478299
-0.399059808770026 0.1972471914502 0.202365865835329 0.0665404068511917
-0.175889534699347 0.397627357188839 0.376811489400674 -0.209144347108973
0.0960702125287123 0.398833714021187 0.16970140121011 -0.429221951176505
0.275646071191294 0.166732468863267 -0.193037294969605 -0.356732169633806
0.266078571454753 0.0052625787303949 -0.285717938120451 -0.135448762709533
0.258089841199668 -0.125702219361277 -0.231574600849638 0.0293590493435494
0.211691578179682 -0.178745852910333 -0.108429282470605 0.0848476485185283
0.218646364822636 -0.180556586415179 -0.0556326867971517 0.103295177154793
0.261031155700082 -0.0569240059880941 -0.02750857046571 0.113672111842335
0.283935682512924 0.0629482585033387 -0.0360242527076971 0.17559262431343
0.222898025820356 0.311182959950347 -0.115701727981921 0.195957145365806
-0.0125857998772559 0.420539259449898 -0.23579394136321 0.116628012702286
-0.314302182486677 0.288801031143661 -0.276772463624222 0.0666827364098052
-0.516696393024152 0.0957561263619011 -0.21620006961609 0.0747956932887841
-0.545390859958874 -0.0181244199851749 0.144282837360777 -0.0662430310150814
-0.51677698999089 0.155722127426233 0.319364375658989 0.103253024041077
-0.297251049778183 0.444429189762365 0.458701536136859 -0.144941568692828
0.0492218608458886 0.507559123601256 0.277048145697468 -0.38380218763009
0.313612816838806 0.24128840258157 -0.081777670064404 -0.346404933825618
0.315705765507272 0.0284914787791486 -0.166138457974449 -0.158479774264352
0.307424644568036 -0.124285186878679 -0.131515412053905 -0.02659481662851
0.24761041896426 -0.196969453474498 -0.0276196441152456 0.0230844408374899
0.243769292993126 -0.207738676512143 0.0313115081067156 0.0430983338846406
0.284776838600077 -0.0814527471930464 0.0672500665845617 0.0719939852597342
0.310317890072195 0.0466165991372066 0.0572515740107415 0.167415959883579
0.252916676721146 0.318578741963067 -0.0372580108814218 0.217943949016482
-0.00201663332798357 0.442024864395184 -0.178117491551027 0.151555286677809
-0.323241477667747 0.298408215150131 -0.20970390185612 0.0676159103169691
-0.537278213327933 0.0734152985314552 -0.0670024172096853 0.0812734655754304
-0.495315707303385 -0.0729504337134269 0.316404145468161 -0.00765921980110703
-0.524104834934437 0.0722537618177663 0.415892234694668 0.144831856064816
-0.359481506681055 0.38646162634476 0.493495530613633 -0.0544419551032124
-0.0162976087478834 0.506256111889991 0.347980156691912 -0.286942501173739
0.284982781023992 0.268221259800249 0.0356829708750637 -0.290394899273071
0.305680203471245 0.044264589410663 -0.032682242922643 -0.158280113630014
0.304218329723143 -0.106938541907772 -0.0196111524149307 -0.0761602166864425
0.245880557862982 -0.185241871639952 0.0555736717311846 -0.0409553062222737
0.237748009990941 -0.202011247537218 0.115286003129406 -0.0210761370225757
0.27273117190197 -0.087675778284151 0.156043800482807 0.0259621814556359
0.294865852700992 0.03723197440106 0.139743195313185 0.152764742292769
0.232310025342706 0.298725293651615 0.0254167411023611 0.223450898913026
-0.0163501813366776 0.407050507934727 -0.129511774315885 0.166571036149537
-0.311892408865689 0.251776597102922 -0.150333032962592 0.0471763827872881
-0.488249197902612 0.0246056026265711 0.0731644528875257 0.0761254581827853
-0.352842370221369 -0.103033627455869 0.444287165410693 0.0479476266573467
-0.415759618907784 -0.00528480677994993 0.471510642128463 0.172694795705909
-0.322928014680921 0.263401815531818 0.474031668237677 0.0247224806872601
-0.0572751154626976 0.398332396018029 0.367887012448039 -0.179274633149428
0.209808695963906 0.229391036846845 0.132077879055845 -0.214758100664613
0.241101567044157 0.0415998011929314 0.0846946193064868 -0.143227108920354
0.246905792849833 -0.0788224410107838 0.0837579522762249 -0.115118047741954
0.20694981506274 -0.147138867345844 0.128155662803704 -0.0964732872062432
0.200805516122937 -0.163137558822931 0.188777365326292 -0.0779055057599167
0.231341253130242 -0.0736181256192735 0.231002472222207 -0.00872490314949979
0.246109378290656 0.036744916844904 0.205573062315362 0.145749910774597
0.175498731859458 0.259171695949821 0.0676465888248353 0.229507660130615
-0.0478398750529964 0.329345322267516 -0.0970510763214767 0.17496524584695
-0.279477391190061 0.166269808792984 -0.0992901002129363 0.0235695723117518
-0.382217243392455 -0.041634859324108 0.191442440055012 0.0751660840717472
-0.147560329991313 -0.108291438727512 0.504476117273091 0.0811263072511957
-0.229018349187959 -0.0602121125562274 0.481390524635859 0.166481858005669
-0.20612839599439 0.116793192531964 0.421043268318016 0.0679082217347799
-0.0610602635629593 0.225532927034462 0.34834872152192 -0.0997746932057721
0.112832472126074 0.141102456847618 0.192820800029255 -0.154512001510855
0.139631647493804 0.0250246193834738 0.164386886642967 -0.130567037451146
0.149318127232565 -0.0421397824334746 0.158458112759291 -0.141987628234401
0.135322132484375 -0.087103269841515 0.179918782021948 -0.136836701948426
0.136144656677775 -0.100974239082838 0.245647408266365 -0.116442548968279
0.162989780986435 -0.0472535119742177 0.288297742307919 -0.0226810441989158
0.17091790388933 0.0370797506330673 0.252075501704022 0.156113246614756
0.0997026114130823 0.194970921631957 0.0847943238121187 0.245813721570058
-0.0740939055086494 0.217651292469759 -0.0862845107586202 0.185749402985808
-0.216230981729147 0.0619838494799245 -0.0623662058024588 0.0071192386435324
-0.22667446475356 -0.103328156607849 0.276478702579849 0.0855223378286657
0.0195643990147989 0.0974416995927203 -0.360436238767731 -0.0519646691834405
0.106333162375277 0.00704676137693357 -0.0147860330125299 0.0583984765580166
0.0796319574124016 -0.0705714710527176 0.129185547005834 -0.193175094734901
-0.0204648735268548 -0.086760641194599 -0.0659416670851157 -0.304018230888791
-0.0592595004548251 -0.0213554902993502 -0.295666298413171 -0.217427966005796
-0.0453069993783342 0.00932245482330196 -0.388537472462606 -0.00177834820866935
-0.0497212773634918 0.00343473269970346 -0.311477629172208 0.146937757732931
-0.0423563831873087 0.00347892645132385 -0.220540254584624 0.18013867215274
-0.0322871309681279 -0.00917370926599906 -0.199308760788411 0.173841954468691
-0.00883596151010129 -0.0268880686710411 -0.210290465964016 0.155260025040064
0.0197419908135315 -0.0435527727764235 -0.223874692656217 0.127898360096067
0.0706058266350948 -0.0202068267360511 -0.290219456299276 0.0538073483910099
0.0967720504888865 0.0556102589276734 -0.367377121002585 -0.064828249636728
0.0236358475136359 0.112342926282307 -0.404398139838035 -0.0968410560423402
-0.0514276099761476 0.124050122129048 -0.49061830027801 -0.0391695084954619
-0.179959992970862 0.122044130926061 -0.309225675140496 -0.0901659763041407
-0.0391071548770997 0.113949021429248 0.0201768037835196 0.0485997542485866
0.0391122386286127 0.0983610401112513 0.185921858856947 -0.223562604449868
0.0533610700802826 0.0551558067730805 -0.0251058421327147 -0.367383566872987
0.0610306597884299 0.0118366973779556 -0.306023308124734 -0.265701200265492
0.0621189503760848 -0.0128243416594717 -0.401513595563452 -0.0352590258613342
0.0584106295262024 -0.0631516252471682 -0.322856418118468 0.133099274264769
0.052580754520473 -0.0750935933741041 -0.210947785206112 0.17320437063609
0.0719717669930135 -0.0715827760795592 -0.179886544039901 0.176054986834567
0.107808418571599 -0.0204190340324923 -0.17937118050784 0.15596757358224
0.123176801802931 0.0273934547676069 -0.188801853034102 0.145292428221251
0.102428152845828 0.140027838085093 -0.249312116305608 0.0972335223689762
0.0118139361436246 0.205515246978565 -0.33786821321574 -0.00729584252265585
-0.146443199350707 0.167934474799556 -0.383993146116208 -0.0247994999628579
-0.262083890649197 0.110097291416643 -0.452064328325641 0.00852369506213101
-0.364594757764636 0.108560250206853 -0.198550196948847 -0.112230418350366
-0.219352890073201 0.189145708834549 0.0961832204429505 0.0463060243414727
-0.0455471709461022 0.271125857057727 0.274026037032253 -0.239812076317317
0.106028307941657 0.230444467827391 0.0526945803763078 -0.423461896149181
0.185225500016737 0.0747421286038085 -0.277622199481346 -0.317903725213176
0.174497797282569 -0.0175366202007035 -0.370915598781243 -0.0802208050175948
0.165664841938077 -0.112449480731278 -0.294972400619714 0.0944273379196589
0.139529205811862 -0.143387801102073 -0.170346780932474 0.140799930022061
0.156686249922062 -0.136265405451025 -0.125335164256425 0.152881328049319
0.202033173755661 -0.0373510195403081 -0.111831880049638 0.146269910242448
0.21995766363828 0.0565324444283129 -0.120001141092932 0.170115675630853
0.169869663281073 0.25230650964304 -0.188397054303166 0.15632998733584
-0.011841898724846 0.33856691298222 -0.294991930208148 0.0655422886257728
-0.25718213530655 0.241717323360553 -0.339955719634978 0.0407947257248498
-0.424659183502827 0.112049117539044 -0.352747851987297 0.0554492178151763
-0.498890132694649 0.0643776898758981 -0.0401494204129446 -0.107168252401486
-0.397118045347178 0.211416094225223 0.205074151706437 0.062165582992863
-0.16463124694887 0.406816088161755 0.375771769984788 -0.220740908635015
0.113562856009467 0.40331500536671 0.160196930771946 -0.442083445276259
0.28385813506615 0.157936956898851 -0.203460677887699 -0.35221568719652
0.269852406746176 -0.00446875633731478 -0.292113918052574 -0.125731046313521
0.253774233803712 -0.137898640720767 -0.22859626932936 0.0386087322110761
0.205143321902716 -0.191041026394194 -0.105818543032007 0.0868812699878691
0.211810687920962 -0.189806217130118 -0.0491294626147288 0.105907517258824
0.261565625970962 -0.0682696895900742 -0.0235937115783636 0.116869725961255
0.288403370856896 0.0523303466363221 -0.0288316917714345 0.179143864599393
0.2392069527932 0.306191408918489 -0.109407791299965 0.201451039864175
0.00344035106297964 0.424792664358462 -0.236263389425996 0.124959526018622
-0.307084144828341 0.30187299077218 -0.276540608057183 0.0748551169707762
-0.519953299837044 0.113858135641017 -0.214927293104351 0.0810856082726979
-0.549234854556504 -0.00128699286348706 0.14443526043089 -0.0730193570503705
-0.516311854722106 0.171484336465171 0.324287900659857 0.0944398159662533
-0.285254915137943 0.457481270647909 0.461489545263198 -0.157530532775267
0.0699670289259888 0.514752925022275 0.268944691829897 -0.399115078943942
0.324400348177356 0.231630473811096 -0.0908101183009449 -0.343942230267315
0.319203904359269 0.0178080648340824 -0.172040419999368 -0.15475880425003
0.303707150942471 -0.139257829241838 -0.130956041387827 -0.0215799387145771
0.240361380057778 -0.210109976608368 -0.0261960112697765 0.0218717278480329
0.234836314350371 -0.21706315829217 0.0352397062472942 0.0422431794790073
0.283710784320007 -0.0935741447568903 0.0698679333306119 0.0707799504649479
0.313734285230245 0.0357236141513826 0.065315351069979 0.168270530667733
0.269675045518562 0.312768215951528 -0.0295959842555311 0.220449742508211
0.013626070490006 0.445036111766153 -0.176848186987237 0.15900630015678
-0.315541362238593 0.310234274483717 -0.210974628258486 0.0737921696165624
-0.538832094021082 0.0935365865916014 -0.0641267826217923 0.0824239764487487
-0.501013028170507 -0.0594566276789343 0.320072224024687 -0.0176717754492886
-0.526118883047313 0.0890457442098123 0.42245809468963 0.134521509484729
-0.351851433298046 0.401272765320389 0.497661746948 -0.0672877038279237
0.00391240846553281 0.514272281151295 0.343116321647775 -0.302332419265556
0.296370303757068 0.259386166944322 0.0286465326751299 -0.292682594233593
0.309468449445353 0.0348024876487577 -0.0377901315143874 -0.160667134015172
0.300981784219167 -0.121359995468285 -0.0211661406323074 -0.0754217352936579
0.238966907415281 -0.198293428648954 0.054716915883893 -0.0437323642134424
0.22960157492541 -0.210153071966328 0.116149945085357 -0.0258517620704181
0.270889829169343 -0.0994991874803151 0.156272877687489 0.0209155927689522
0.296873636420249 0.0274055766694381 0.147731608775704 0.150639839248153
0.247446928030729 0.292976159751732 0.0337413378400705 0.22512138404783
-0.00161166141534776 0.409801015544179 -0.127061750714635 0.172528576471573
-0.304303758764758 0.262846338034916 -0.151281028302586 0.0512802208734679
-0.492181477253172 0.041779812185634 0.0770368907925453 0.0734631237879008
-0.358484511367925 -0.0938779742061294 0.450808177380168 0.0353953518021067
-0.419971532520824 0.00806890841414785 0.479853420511669 0.160416890711616
-0.317668316797953 0.275114244305914 0.479221471578 0.0139184509587065
-0.0415240077129751 0.403971046234334 0.365003514730069 -0.193862831027627
0.218412453947887 0.221917882154369 0.12654306597529 -0.219829786565338
0.243265244688088 0.0343992296791237 0.0812973732592117 -0.150956484477936
0.244592283916217 -0.0904039747475153 0.0802844229531857 -0.119076560239467
0.201846301923511 -0.157526369156739 0.125245897802642 -0.102306023087496
0.194174082068935 -0.171030405062671 0.186677931512153 -0.0854399733904505
0.230082943665866 -0.0833507570506846 0.229707204467162 -0.017119985248261
0.247852572446546 0.0284797177560978 0.213422077416662 0.140740613356753
0.187907117667465 0.255307706823967 0.0759873048740997 0.230024345719771
-0.0361571663757674 0.332508722238745 -0.0944173057314786 0.179756194232641
-0.274599117725797 0.174909550201655 -0.101266726218251 0.0261014371971334
-0.386024398230436 -0.0269244573546488 0.196258641247415 0.0686973550773275
-0.152088037338347 -0.104986611711891 0.511456297034343 0.0675036274694886
-0.233159276632001 -0.0543352105583508 0.4889748557874 0.154053705386128
-0.20366870312449 0.123838404737311 0.426676704622851 0.0585748658033741
-0.0523712953920548 0.22941855019496 0.348002225718818 -0.112120249244772
0.117568600930964 0.136967220371804 0.189455607483027 -0.162343028621417
0.139750769623446 0.0219730605216974 0.16183563285275 -0.141073096490023
0.14809421467182 -0.048223741952856 0.153213196028483 -0.149785813578097
0.132308570375705 -0.093701320003469 0.175001914234386 -0.142980559710509
0.132108806314598 -0.105492826033089 0.241772433647432 -0.125842797658775
0.162416483737015 -0.0544994283010277 0.286084594516688 -0.0331835455694395
0.172943686120937 0.0311922610844243 0.25947241909991 0.149124332973886
0.108788898870295 0.193785032002033 0.093014060916124 0.246079879245947
-0.0662830709185394 0.221392511598342 -0.0823942411429044 0.190197517098049
-0.213694997823746 0.0678306137265645 -0.0652967263464497 0.00879364819858557
-0.231451795143615 -0.0951232578980068 0.280972025877878 0.0757875393802604
0.0294063080949701 0.0994446248411805 -0.374845041755258 -0.0199918296827662
0.105446998327798 -0.00614328901687309 -0.00923019477230567 0.070103712615559
0.0687141261700793 -0.0836451414802566 0.118013660554699 -0.20050663098529
-0.036975318899353 -0.0854867277905392 -0.0879810119779114 -0.301456695277177
-0.0660768344467645 -0.0128222640047321 -0.32053787350496 -0.190283013386737
-0.0461703235444729 0.02000410561229 -0.388449011842998 0.0408526806175332
-0.0510836817482664 0.0137253140268127 -0.292834676432536 0.182261901255071
-0.0422395734243569 0.00974643023518399 -0.200528103339589 0.206951386048351
-0.0329646457247739 -0.00524145641122429 -0.183287330212612 0.202540853122729
-0.0124251518336131 -0.0283828974762486 -0.198905060307713 0.187808535798292
0.0127204156729176 -0.049861161839232 -0.217503573363562 0.15736530108625
0.0700128288124495 -0.0343559991941452 -0.299017153491438 0.0867130641321714
0.107034148949999 0.0372802671962456 -0.395034416877593 -0.0293008502877118
0.03824520555959 0.10538228186362 -0.425502478267875 -0.0674006072144761
-0.0406454891004186 0.127006604164967 -0.504166919565826 -0.00221099738876672
-0.164140421736545 0.150896619826961 -0.326697276200455 -0.0787818716666713
-0.0232449368315431 0.119173553056559 0.0194745283119504 0.0468101196139186
0.0527530819135667 0.0893438304986192 0.158191964609924 -0.241652301622331
0.0603217666916602 0.0435993163335851 -0.0664543432547925 -0.365938148384724
0.0556559900236862 0.00427563000599571 -0.336998844833889 -0.229535830028511
0.0582840964322353 -0.0150834700615613 -0.404762315284782 0.0140222643452164
0.0465237065015338 -0.0705971394329819 -0.304857360867161 0.178542351243203
0.0429903079529332 -0.0801363374959983 -0.190480657204809 0.198720147509146
0.0617589061491573 -0.0822936647447268 -0.162205176660097 0.202051466654393
0.105313723823634 -0.0379803480352073 -0.168688596363041 0.186813753649125
0.124872532171704 0.00804373202274846 -0.180810211567687 0.174027088871912
0.123122009438619 0.123120811946455 -0.256338895583774 0.124161762280175
0.039962666416826 0.199535370774448 -0.356389101845046 0.0201232984978277
-0.131402737325191 0.18219101310257 -0.3880962018222 0.00909128433604927
-0.261209239882782 0.136516689596128 -0.449288985056513 0.0507243228285547
-0.346760483676206 0.161707892580673 -0.216279231068152 -0.124087946170197
-0.190775369861703 0.216552411953472 0.0911404737957269 0.0260916522707849
-0.00605413240556409 0.273198422626694 0.231038788188833 -0.274725224730176
0.139426381842294 0.208387177660687 -0.00970441767222466 -0.429631169638933
0.18689764868498 0.0493867971914306 -0.316000502693827 -0.276833015683209
0.169542537687856 -0.0342504794916081 -0.379569392344424 -0.030933114612744
0.147137340337778 -0.137137249728217 -0.284126268328985 0.144260694711707
0.121042254300611 -0.159103818308891 -0.151162637110815 0.161101554291079
0.136502144997589 -0.157433053921933 -0.108561098957263 0.171271303497981
0.197552567256904 -0.0673599666798805 -0.101460223131225 0.169178132013245
0.22433586337916 0.0246354490059798 -0.108621582999151 0.192930466179345
0.206774234212785 0.226439198520831 -0.189548385115622 0.177683652208721
0.0319753143794703 0.337500036366334 -0.305214117485939 0.0849102194896518
-0.236832602089692 0.271927811158171 -0.327610611407651 0.0716696248748251
-0.430264568501715 0.156958095112968 -0.332425795869563 0.096481970640901
-0.483879115926134 0.133299296545954 -0.0516893892910483 -0.142374668328204
-0.362302274206815 0.26131057035148 0.200047470534966 0.0206038361058922
-0.106080487226531 0.424927135904668 0.324919612253801 -0.275751214079906
0.175947959705125 0.378217423833018 0.0821512529655821 -0.461896367052759
0.296198808004625 0.116373508986454 -0.250053801613897 -0.312102180028502
0.266175153128257 -0.0344458291064147 -0.306094954202265 -0.0813129738301932
0.231923259742612 -0.17762776560024 -0.226738522632096 0.0871251875059393
0.180560128280567 -0.214599978454494 -0.0912450304729164 0.0986094001065282
0.183075635716524 -0.218221048730064 -0.0356870007456415 0.113744156800667
0.252255403818562 -0.10503195474094 -0.0139659146982707 0.130205857306488
0.290709782970234 0.0128352586316253 -0.0135849339041235 0.19363543380398
0.282967186038278 0.270985129468182 -0.10510570157868 0.215571807062361
0.0574882647912325 0.423109846936716 -0.240121238020696 0.136528620636074
-0.280407842897275 0.339337263633192 -0.255261836466262 0.0995542419783082
-0.528178299520812 0.173898558084751 -0.181088588619342 0.11424815600506
-0.541553610066311 0.0736252365002754 0.142609314172171 -0.126489963704688
-0.484740763891453 0.235905416875826 0.324914604828514 0.034374263006575
-0.216416016593097 0.491085888952515 0.41313322939945 -0.232251217391359
0.15090101311359 0.495049469199274 0.187865251824721 -0.435077992962264
0.347721585636534 0.182652714791767 -0.140937149533089 -0.312960354915766
0.318841376875037 -0.019524838865879 -0.191004747477605 -0.122782448662275
0.28289718721365 -0.186744648156766 -0.13860274707534 0.0177166053418165
0.21358384746982 -0.238615126665526 -0.0190769233334909 0.0245351233823913
0.202717115469388 -0.248028818152215 0.0419912800842927 0.0383639795074818
0.270518628021457 -0.132220422578738 0.0756948236116614 0.0719347720557074
0.314225492554239 -0.00494305769477958 0.0822148304036355 0.172895491235649
0.312858446831616 0.27383768409983 -0.0200396930187567 0.228522235820316
0.0707436768439218 0.443220214696474 -0.174393047210262 0.16490061749371
-0.286883762559041 0.350759985704888 -0.185853284967448 0.0915480674212134
-0.549914927521737 0.155004218620513 -0.0260812514814919 0.103479524286548
-0.501077500004731 0.00746558962147583 0.328494603514684 -0.0822595138084585
-0.505663901231818 0.154614517587519 0.433101257450144 0.0636461612581598
-0.286917476754702 0.445104725234624 0.463875702735132 -0.149215503048711
0.086313391741809 0.503493597262723 0.272451210183895 -0.349453394394653
0.324708588697392 0.212975095959322 -0.0173086043852335 -0.27512176461392
0.310492312799701 -0.00247131958242027 -0.0567865147941519 -0.145023209010026
0.282752409121809 -0.169564366711992 -0.0361045822068266 -0.0510689215083567
0.213808561500735 -0.227296511479374 0.0545709438522641 -0.051502477888535
0.197912459419957 -0.240325914247182 0.116409313780274 -0.0392828629796028
0.257052126098937 -0.134730624604859 0.158728553646495 0.0103490009289764
0.296085856665591 -0.0110777060023034 0.165009049619569 0.144638741303466
0.288310722746897 0.257858206573873 0.0473351785564719 0.226998608267861
0.0491485899808015 0.410152045822889 -0.120413416118464 0.176163642077973
-0.280397370614029 0.300167281652346 -0.129265780635947 0.0650331217886739
-0.504074743266051 0.100412688962411 0.114260542552152 0.0812913144886593
-0.364580511480775 -0.0476546698050907 0.467591049868305 -0.0274396423790005
-0.409214166789114 0.058537224953244 0.498074932940649 0.0912054885546192
-0.270803999878316 0.314560803726473 0.462743164460995 -0.0626373469036311
0.0250535162398903 0.402297203874809 0.314344427808749 -0.244928742478324
0.244531316335174 0.186198108110072 0.0914995475787621 -0.219187415593243
0.244683175051332 0.00410579721264399 0.0639743230180156 -0.151694405445172
0.231040045390107 -0.130157672207351 0.0603071858310648 -0.111605544539393
0.181765263873246 -0.182667979842934 0.118016250666986 -0.116850332761645
0.168433419393441 -0.195909346526956 0.181451773445976 -0.108218201363949
0.217477800976429 -0.112657916168258 0.230693105017472 -0.0382441807314366
0.247795422433222 -0.00148310852454168 0.232509136188826 0.125879134111514
0.220759052153277 0.229889755429028 0.0943114438902633 0.227664957691269
0.00377808194280806 0.336351076366619 -0.0824882145523516 0.182204508863467
-0.259033009916471 0.207430784078605 -0.0846655961428094 0.0366844688635089
-0.40291077033968 0.0187014381807421 0.228200157341355 0.0656127843970793
-0.160721806575496 -0.0884628979655091 0.532834657082379 0.0155490682898769
-0.232299347857411 -0.0289250743727441 0.510698328184181 0.0960561943685757
-0.180169839959256 0.147811784636783 0.42640782553297 -0.00128471780040703
-0.0129013913057388 0.230672157086228 0.319633154945655 -0.158518911463412
0.134326680392364 0.114572760863781 0.164145062193981 -0.175466728258543
0.13957193712021 0.00289965565211871 0.145689765626261 -0.15540043798151
0.141388234681604 -0.0732313764348609 0.130906764884418 -0.158004724284378
0.120257512885955 -0.110590520708172 0.161253837981864 -0.163579467691761
0.116079720221961 -0.122511991058526 0.231863230495661 -0.155673636250799
0.153280350971146 -0.0736236373179941 0.287837618730654 -0.0619380986052224
0.173495050617331 0.0113535932634882 0.281503957576483 0.128811182910821
0.131698349696238 0.179566234458857 0.117938960085572 0.242975123900963
-0.0410622983619172 0.228189872116407 -0.0664098313096103 0.196377417807169
-0.209519015943259 0.0912779263780468 -0.0564289936551436 0.0176518334422009
-0.250332929563464 -0.0669055727292457 0.30528544094781 0.0637729705995168
0.0352418163624476 0.0985690470904591 -0.375569998997304 0.00799810717867373
0.103836798186297 -0.0132160734059667 -0.00119892850462442 0.0742153927674099
0.0631142319025105 -0.0888341256256385 0.105281902283386 -0.212110412692126
-0.0422056844367995 -0.0820469795052018 -0.111291026277377 -0.297632905784602
-0.0654878416094263 -0.00756835382276524 -0.335486198850328 -0.165679941383825
-0.0432997121075822 0.0226609712583531 -0.381899333987909 0.0750256118108931
-0.0505266784291498 0.0185931566809525 -0.275355872268614 0.206793262875234
-0.0413818566470079 0.0124978170870608 -0.183935381163878 0.222946380644728
-0.0334237733187965 -0.00319728296951695 -0.164155568961241 0.218355093293551
-0.0146402383614807 -0.0286851784564368 -0.180972467068185 0.206645432368808
0.00790109793484268 -0.0505799929999667 -0.206032314180611 0.174925029701459
0.0678186913262097 -0.0388367182011806 -0.296297052894202 0.108812314382652
0.109596360564434 0.0286786595890874 -0.399483999873976 0.001633660476753
0.0419882031831983 0.104564947208037 -0.429389697216496 -0.0392006675243892
-0.0316820599599226 0.130480396667287 -0.50881298075159 0.0337982176951306
-0.153990114902781 0.164990756589408 -0.333488178315377 -0.055391228046137
-0.0164679620150503 0.12219659858849 0.0243622243533965 0.0485920926640413
0.0612243534445951 0.0868072462741751 0.142080294693367 -0.255980069729983
0.0664692784765129 0.0398310840767963 -0.0940684515995299 -0.364433585115761
0.0577764663505989 2.81811732381655E-05 -0.353145983045503 -0.204490313040397
0.0592374579178755 -0.0212431615052248 -0.401212129895586 0.0489877219611478
0.0392000713018393 -0.0744729269304156 -0.287055020120009 0.203478167680004
0.0341230426584705 -0.0854079841143514 -0.172599356277413 0.213707160462787
0.0551306928507801 -0.0883738631792846 -0.142911060535219 0.21528460721014
0.102782839652801 -0.0485683956326899 -0.150847299643862 0.202728634846346
0.125949924008623 -0.00243316518869937 -0.167615491116163 0.188376073108486
0.135563495844816 0.113820089041237 -0.248629254410102 0.142991154964793
0.0547012038871469 0.196369041650804 -0.357546889548879 0.0482912825044748
-0.121836328277044 0.193487510934038 -0.386142584869687 0.0359885761417358
-0.253052082507714 0.157468952575271 -0.44752093873982 0.0846636723992024
-0.336481931847564 0.189516229849523 -0.226883483826772 -0.108633779448546
-0.175137364549095 0.232188833883848 0.0936454585401926 0.0230845848775087
0.0167235551456855 0.275095067860867 0.213473105632114 -0.293790383147798
0.160567377873333 0.199293868779296 -0.042104313943432 -0.432477287181585
0.192333783764263 0.034053152719373 -0.336142371123136 -0.252684336198492
0.169248194887627 -0.0497249355416636 -0.380620884004504 0.00142564710975947
0.134059046543365 -0.150532787938365 -0.267884229741739 0.167064000478267
0.10504003428356 -0.171601203832996 -0.138273928866949 0.171566340214329
0.123065844310762 -0.169775650064181 -0.0915519027338723 0.180066831125364
0.19266394837036 -0.0853058133680248 -0.0860122358903744 0.180179344105223
0.227045092365912 0.00649683762445916 -0.0919261685282984 0.202460981468955
0.228360644954496 0.210505567963633 -0.176817247946823 0.19123962405304
0.0597142395028922 0.335897603282945 -0.301852760633757 0.10959460207331
-0.218835231160955 0.291183181289389 -0.322393428822044 0.0953867188223321
-0.420766117670315 0.19261719771198 -0.326359160350019 0.119597317062079
-0.476316725710035 0.170035839438415 -0.0638189719662946 -0.13905743329887
-0.344012023948075 0.290068240103452 0.201686804630221 0.00762417049485307
-0.0707440900675445 0.435917486510182 0.307869010428195 -0.302218245413138
0.210622823646772 0.366723715299378 0.0465630033991812 -0.472384720135839
0.306823920301546 0.0924393378704211 -0.271470821859361 -0.29232713207393
0.266335300140883 -0.057545804564888 -0.31269007400681 -0.0570614577691722
0.215288297006686 -0.198488153205873 -0.214607797503251 0.104323418362353
0.160218214218974 -0.232624316977278 -0.0835229146275584 0.104816970060232
0.163887805498632 -0.233995005645344 -0.0240054988453965 0.115953663826099
0.243728643737574 -0.12808054383017 -0.00212463491888677 0.133451972735805
0.292966869496547 -0.0106716095150623 0.00313514753253803 0.195830770045675
0.310000259284053 0.248136731824806 -0.0886194278883161 0.224216135126982
0.0920450968392496 0.418512792596311 -0.234122014045495 0.157905307753924
-0.257328224459417 0.36121891867174 -0.247830462928153 0.118780180268642
-0.517003402330457 0.216655167975229 -0.173242571686078 0.126082014027838
-0.53785376585131 0.114540198555555 0.13274871325331 -0.137698420664446
-0.467738111735083 0.274876145520593 0.326955018068814 0.0118708505679615
-0.178919990142367 0.511576027488416 0.400080145900787 -0.264075939010443
0.196063167260402 0.48515644165584 0.154255068590846 -0.452602787937631
0.362710663320593 0.154474329208114 -0.161951572725017 -0.302552361340816
0.319599480560758 -0.0457999260802688 -0.200687376310067 -0.109138063685387
0.265240119616241 -0.212981330492804 -0.132924055893384 0.027649714621681
0.190200031532605 -0.259360282386938 -0.0177471505811493 0.0248081436129603
0.180514983382796 -0.264853956097397 0.0461291643117512 0.0339428324780596
0.259077488619007 -0.156199074603231 0.0822051167823384 0.0671080752075592
0.313432639190002 -0.0311574476541295 0.0982132449827964 0.16633831280971
0.340235942812184 0.247405536425491 -0.00155347074413552 0.230210735995603
0.108135931838603 0.438854579197602 -0.164844872766681 0.181701854496806
-0.260605288594486 0.373714600023108 -0.180552626042874 0.105808567542189
-0.537567444946881 0.202500158915159 -0.0170221751628502 0.103077925825329
-0.500762775910631 0.044323101822006 0.322884121555797 -0.105693484150737
-0.494769110884182 0.194796825600471 0.437132386899843 0.0322637272876499
-0.252676848020738 0.469326199918769 0.455621902790819 -0.184402468310318
0.130638054300075 0.498561524447389 0.244706974793224 -0.373879168656516
0.340366331228844 0.185740720862007 -0.0347175189346519 -0.273577857653474
0.312058157816161 -0.0283741402503362 -0.0687568509639932 -0.142763216597126
0.266903209118392 -0.195058990400478 -0.0377925793683492 -0.0496393271737673
0.192174299820893 -0.247648267610514 0.0493330062409338 -0.056307714304355
0.176551369326694 -0.256586413661399 0.113086032600923 -0.0502286684030355
0.245075079218814 -0.157823718949462 0.15877819105146 -0.0012059444442714
0.294277589997655 -0.0335955328051078 0.179651254007769 0.131798818963104
0.311452129795486 0.234256786840507 0.0668482511691091 0.224355997912623
0.0840037796212667 0.406392633764506 -0.109249110777117 0.187606865154782
-0.258081132204421 0.322218448421062 -0.125888340482566 0.0744286847972918
-0.499070991011776 0.144278474316747 0.121376720635105 0.0709741771872625
-0.369636985384979 -0.0208891045489603 0.468475623675043 -0.0609412267905933
-0.407022674011651 0.0900945747781542 0.504674476795294 0.0554384651775898
-0.246973996436848 0.336719340232326 0.461447424547868 -0.0952675308452747
0.0595492832881788 0.401254008695317 0.295835488867971 -0.269124692978554
0.258285024057866 0.165281881179265 0.076652359174159 -0.226067728752786
0.24557772924132 -0.0152103176128305 0.0504052249420899 -0.159907678248699
0.219657056283796 -0.15000011810294 0.0522629594755227 -0.118147722897653
0.163954889665887 -0.200373005785488 0.107437399562015 -0.127537093197219
0.151402000302476 -0.209429159753759 0.171947984235951 -0.123792557822224
0.207269925374814 -0.132026205292821 0.22486014786553 -0.0555884927034594
0.246320738805213 -0.021281867774495 0.244082451712691 0.10824044840547
0.242101307845546 0.211392897335002 0.112847038146469 0.221014279270004
0.0323946047841874 0.335572682628513 -0.0716503752079439 0.190771688671165
-0.243797549523031 0.225981537663866 -0.084175726852677 0.0439498433394474
-0.401165522392755 0.053187734975248 0.233913029277362 0.0458813055851667
-0.168966796256372 -0.076563990182185 0.538684365201718 -0.0228714516487919
-0.234864428178409 -0.0109157234288537 0.519329747384226 0.0593989825865687
-0.168824426978332 0.161532380349304 0.429140007954019 -0.0301785322165068
0.00686112151545891 0.231111744922074 0.306732531864278 -0.183545630001597
0.142186195780126 0.103214838668259 0.151636154323748 -0.188224228635384
0.139149880952027 -0.00660332694846862 0.132705389223238 -0.171023185039192
0.135260512764386 -0.0855557185245519 0.117451789742202 -0.169151857992674
0.109904144368388 -0.12238106539225 0.148346180384505 -0.176181440420172
0.106440297183564 -0.131473306933965 0.217868777757782 -0.174148492677874
0.147280274016633 -0.0866083504675959 0.279873232441941 -0.0840399718015557
0.173589801455164 -0.00240592866684281 0.293769343701073 0.106469588582968
0.148144876669571 0.168471034274458 0.136426661802253 0.233977194105098
-0.0224695945493821 0.230770132359907 -0.0539909513038245 0.202910728047106
-0.202406971971279 0.106312489732414 -0.0567822668387784 0.0221900923281643
-0.254542190139988 -0.044764517510372 0.311206618513139 0.0383074164958539
0.0411589413279241 0.0946502841523576 -0.365290702986481 0.0373675642464698
0.098526144507608 -0.0190246116095419 0.00822737113040639 0.0745848661976707
0.0555101457812052 -0.0918186208784158 0.0873874723477712 -0.217160465633118
-0.0466976022087749 -0.0764173029934196 -0.131834886374657 -0.282336697254445
-0.0627349096335863 -0.00265666758001974 -0.338502977019058 -0.133998175864929
-0.0387490757556569 0.0246327025186546 -0.361897756918125 0.105976014551387
-0.0467944509466516 0.0221518306477989 -0.24834238758118 0.223450153344789
-0.0395003334889121 0.016075406894602 -0.158692503557177 0.231024674686158
-0.0328063410748089 -0.000367264069714546 -0.139284818492844 0.227126140051939
-0.0163520924846711 -0.0267787782409625 -0.15650426673942 0.216602523061644
0.00326498946568008 -0.050377052307623 -0.187648005287045 0.186815311027852
0.0642167160705701 -0.0429833637015616 -0.282512478268649 0.128464053628332
0.108091978890938 0.0184243598727358 -0.388832879230721 0.0338903036907928
0.0452526026859705 0.100791619099411 -0.418953915775499 -0.00821253720372443
-0.0217386196576141 0.129621283357774 -0.497277970036276 0.0707764264621229
-0.137769622080122 0.174688658630889 -0.328598969653062 -0.0283352664853693
-0.00673203216504917 0.121934699814598 0.029639265330534 0.0478644716610594
0.0683776767912356 0.0805754323759696 0.120918882348398 -0.263328345145782
0.0708974774559996 0.0336804913996441 -0.120506572366511 -0.349762505371885
0.0578361054971081 -0.00538946127090061 -0.357920794467914 -0.171436012987896
0.0571626776528568 -0.0271929623489531 -0.38318550559321 0.0816488492827569
0.0310948735247376 -0.0759178824838157 -0.258614926927063 0.220281861857017
0.0243981427575108 -0.0863597826738113 -0.150459299166461 0.220638966012372
0.0454366981865067 -0.0909858595473176 -0.118065556297184 0.220799870156543
0.096903415800184 -0.0562407489974646 -0.126766402479397 0.209949373589723
0.121679478133338 -0.0134297850277435 -0.14784438558723 0.197019160257891
0.143858171160996 0.0997952784863186 -0.233180829814108 0.158001154207241
0.068855297795312 0.186295547889912 -0.345636373529878 0.0769902263502705
-0.106512174956768 0.20020659792003 -0.372245230359725 0.0617859467709872
-0.234456644405899 0.175187496755174 -0.43091060801929 0.114444714580856
-0.313457504411297 0.212481131357548 -0.229027406903996 -0.089508949946929
-0.15379971958416 0.241174501858821 0.0936527116060499 0.0176859702832996
0.0409706327000674 0.267744623673438 0.186890358392995 -0.305080283756702
0.177206483284459 0.181248302149056 -0.0746002051311825 -0.420834846699334
0.191124428911513 0.0173730984979883 -0.343973459240381 -0.220376017638977
0.162537301511437 -0.0646152252569039 -0.367981088297495 0.0335599850059983
0.116169085898478 -0.157924263476455 -0.242126179694322 0.182996377843764
0.085008875695768 -0.177122135310682 -0.120264950025975 0.177311075424814
0.10359124017727 -0.175517512531722 -0.0708963368228942 0.181101360180075
0.180323415274123 -0.100302071337418 -0.0647365958025201 0.18341245698745
0.221462848000413 -0.0126871334454213 -0.0716255825565859 0.204943812923908
0.243237117566548 0.184435606472377 -0.158886262233137 0.199751216843752
0.0858509318805023 0.32153178873619 -0.288269718687486 0.133682305937283
-0.19308552234089 0.302785037361429 -0.305720256469198 0.115293214969875
-0.395729515063427 0.223117100351681 -0.308939093853224 0.141165985895186
-0.451568158392002 0.202600215293429 -0.0725055886940371 -0.130836010663944
-0.313689300522696 0.31047363279801 0.196448144658663 -0.0055286591441688
-0.0328047765880134 0.43154532091044 0.278888112280619 -0.319600725383387
0.240848614215278 0.33978688402315 0.00813357259147282 -0.465051629636193
0.306826901239842 0.06502112890073 -0.283477226332772 -0.2635053913735
0.255891811800135 -0.0795596927110111 -0.307440576718338 -0.0306499005672336
0.190066780679214 -0.211791733095034 -0.195923534600179 0.116878420116526
0.132026048214474 -0.241810944292657 -0.0731870735520599 0.107972825475859
0.138417375962691 -0.240352185186562 -0.0115841750378553 0.113123951346708
0.226322473202702 -0.146398771160203 0.0111498880257844 0.131169394189589
0.28440895022711 -0.0353694780743455 0.0209269884801206 0.189962915659905
0.325283404923288 0.214518419932935 -0.0685413221240344 0.224995375545251
0.124562669013919 0.399893960644578 -0.217338090702114 0.175344994974924
-0.223386113692591 0.373257687781532 -0.231941956578194 0.134086410183332
-0.485300066904238 0.255494268638968 -0.158777128585241 0.134056042373536
-0.516049401512647 0.15350710832763 0.11860843597237 -0.143820792544866
-0.436950676063926 0.305224069166268 0.317842961618521 -0.0114296820050449
-0.131482918752937 0.513649404283286 0.371588966237972 -0.287669430244212
0.235649320437877 0.455895788893448 0.114387516555948 -0.453993857966873
0.366050358794372 0.120405896565932 -0.178190151807682 -0.281687762082475
0.308390180748134 -0.0727550310133596 -0.204190797744993 -0.0908042254352703
0.236332941223782 -0.230033711694307 -0.122861062337769 0.0353673754765722
0.159572173421052 -0.270495755416196 -0.0161691001330596 0.0240269646191284
0.151979799375644 -0.273233351150001 0.0490443891794249 0.0279119602203396
0.238185968198843 -0.174870042355449 0.086842522494634 0.0600567391147693
0.302596662211077 -0.055815576354898 0.11185626318796 0.153902879939984
0.355451020150655 0.210722093720341 0.0173927765545762 0.224878015372375
0.14308935379662 0.416548642505518 -0.149077631454362 0.192921897153944
-0.224660857468284 0.384253366291222 -0.167700751970842 0.116862140230601
-0.506761449994748 0.243766710203318 -0.00811981844448698 0.0993256604364702
-0.485655924920308 0.0837026755044498 0.307407980065945 -0.126942661788165
-0.468656255676258 0.228770708944222 0.427338740937612 2.21170906973095E-05
-0.207662912226681 0.479285270662696 0.433379321144605 -0.213293626451416
0.171918076785076 0.474865388605625 0.209292699439563 -0.383578310208037
0.347059676413392 0.153063176981222 -0.0525394416252945 -0.2640265343417
0.302492685379042 -0.0534051801645808 -0.0805188278970631 -0.135684786570168
0.240444287844614 -0.213668420098874 -0.0381845415464525 -0.0468318604551959
0.162161084897928 -0.259515787676943 0.0422330599110601 -0.0595772135899569
0.148186176632553 -0.264106648131794 0.105529547731026 -0.0594223162976312
0.224368014810634 -0.174759658262149 0.153897505902678 -0.0125710842075855
0.283933469954539 -0.0574518430850264 0.187195947173497 0.112949778905709
0.32545340254218 0.200248992345137 0.0842068913002521 0.212540703573206
0.116833281094443 0.387090409988409 -0.0945501968738318 0.194037255678118
-0.225176632698802 0.333347444005821 -0.118031235301401 0.08322002407874
-0.471542470005968 0.183509481538263 0.123916920210707 0.0572033190270701
-0.362447727641373 0.00882454296232013 0.453258238588197 -0.0939713712336418
-0.390145119435647 0.120308623162888 0.494166083445096 0.0172735860354837
-0.212831336280161 0.348101234885591 0.443983409688823 -0.126294327483518
0.09308962485819 0.385604100554546 0.265828282487193 -0.285777384681061
0.264629493021484 0.139183548412656 0.0587089508265399 -0.225226685725745
0.237934781964352 -0.0336356707209287 0.0347524264941443 -0.163601274380353
0.198412380944772 -0.165414401486704 0.0425084216907469 -0.12074777022788
0.139847881758472 -0.210475442874492 0.0935477143740284 -0.13278596368336
0.128549106773896 -0.215888594096984 0.155679057085971 -0.134931323390548
0.189646776682108 -0.146402835369645 0.213721238534903 -0.0708088181100777
0.237810704904713 -0.0409133032715887 0.24802504637751 0.0844819376621484
0.255055221025395 0.183415962848804 0.12818582697264 0.20646300092853
0.0599877582916557 0.322911200829713 -0.0560866899977789 0.193707150176384
-0.218851967391748 0.238533385599371 -0.0808406349114511 0.0492835921459353
-0.384167132561524 0.0876337961629962 0.230961234752606 0.0242556571283102
-0.171541664656032 -0.0600443991109067 0.525309331384277 -0.0617697266216808
-0.230458918601851 0.00841749636520715 0.509111122123526 0.018059242340022
-0.151090234504805 0.169976719165635 0.417345891684195 -0.0603367497540327
0.0263930315471725 0.224223300396774 0.282990838736656 -0.201437685705766
0.144145193287502 0.087663113157049 0.133361741413743 -0.194637549409522
0.134336403982431 -0.0165941084842448 0.113755272001353 -0.179981017805393
0.122048976736297 -0.0942053347619048 0.0993114074884913 -0.174915573838392
0.094559837381948 -0.129216190414847 0.128426804945728 -0.183058167106863
0.0915942731916981 -0.136466954653731 0.196277365998328 -0.187009665932254
0.134779665089709 -0.0970613571312157 0.262808134325634 -0.102828745720956
0.168223353381038 -0.0164390739824652 0.294737176420408 0.0797208132385799
0.159981505602111 0.150646097307701 0.151726696677527 0.218111432942702
-0.00185490635935117 0.22472796190956 -0.0380640735777763 0.203812088070074
-0.189028193117639 0.1176204930838 -0.0562830339008864 0.0269718119910364
-0.249456973598715 -0.0209002446547911 0.304908352958296 0.0103257956046594
0.0436415533442529 0.0905341461132816 -0.346898409946606 0.0550015404324097
0.0917910972692233 -0.0210866857656408 0.0161917708096225 0.0723110033438109
0.0480883289931727 -0.0901612814565915 0.0724445218391942 -0.215863716891513
-0.0479490946529001 -0.0700956366619677 -0.142053557131821 -0.264346032852074
-0.0584287492815301 -0.00113621903236191 -0.329493753561842 -0.108595736740991
-0.0344241552388974 0.0242886549840792 -0.334709746460803 0.122706498628617
-0.0433728490570546 0.0249749033284396 -0.221255167378127 0.227156127401563
-0.0373228010670645 0.0182423301397064 -0.137327370315975 0.229148443985426
-0.0315278750898965 0.00157890862601625 -0.116167326025709 0.224761495643978
-0.0177444177719288 -0.0243972883069906 -0.134165446838828 0.216956038638908
-0.000331599218381018 -0.0483496004608743 -0.169527066217462 0.18965268363415
0.0596502783861319 -0.044737975082968 -0.264843937284757 0.138484652843493
0.103019661487958 0.0110447572810754 -0.368868775648953 0.0546219693061764
0.0464152631940496 0.0966502215471369 -0.398695429848333 0.0108652081508094
-0.013415529860709 0.125093938204186 -0.473101141788771 0.0929862049182974
-0.122442052971103 0.176784452822283 -0.315716964504737 -0.0094980709838993
-0.000481782661598467 0.118508531571915 0.0339672599742993 0.0461046727452631
0.0718583961887168 0.0737192962179322 0.101848075846139 -0.261032843023575
0.0720286879260762 0.0271209389210241 -0.134717049718572 -0.328821483052445
0.056670532817272 -0.00952357662742672 -0.349872138945225 -0.143669357746624
0.0541350394398743 -0.0310974738296174 -0.3572280697657 0.100873553282585
0.0240337455562839 -0.0741375282206509 -0.230417522769017 0.223910496020227
0.0160343854596693 -0.0848350281757534 -0.129413643448015 0.218516219684402
0.037361291752055 -0.0902085460383703 -0.0958594749284909 0.216702222385645
0.0886661526811341 -0.0609141986480629 -0.105473915346117 0.208795944445256
0.11515656563026 -0.0201009583105107 -0.129625237538784 0.196790231679686
0.146358581929466 0.0859344062047428 -0.216315818277021 0.162906424474348
0.0759551297138273 0.173862678569452 -0.32597878609024 0.0937250219723392
-0.0931700635070057 0.199624469833056 -0.350503849246628 0.0762221034167038
-0.21396031163518 0.181585735951175 -0.405767944415365 0.131510062835041
-0.287994115594418 0.221963857435896 -0.224006753549472 -0.073203235833837
-0.134340481308856 0.240228920819185 0.0927287506441753 0.0141989418575694
0.0562080118800463 0.254180879438871 0.163644663193492 -0.30444046789003
0.183417805621251 0.161682487666507 -0.0955527139148937 -0.399866221843346
0.18524508126254 0.00455914243310049 -0.338662822184259 -0.191511192589294
0.152737337299076 -0.0735050211454013 -0.348233973718639 0.053072171545595
0.0990031163557386 -0.158027179186155 -0.21617867537082 0.186347133058129
0.0665493266651348 -0.175026026062223 -0.103548725407578 0.175579890256341
0.0874942068605346 -0.174618585294038 -0.054075794112425 0.175883459957287
0.165587578450935 -0.108408142926792 -0.0490167851178598 0.179643959961122
0.210442583245361 -0.0261492300506647 -0.0558589695746892 0.199855623705353
0.246613859963847 0.161102171762892 -0.141695123633787 0.199063695222723
0.100316474182212 0.301895071583205 -0.268081364855129 0.146031784462401
-0.169404960025193 0.302211345626042 -0.284663342211563 0.12488442614054
-0.364485874151116 0.238013906599196 -0.287976206945608 0.149026906017289
-0.420746727419266 0.218937025486674 -0.0766114188587542 -0.121572688029096
-0.283368633917527 0.315837779976098 0.188167988196601 -0.0133179180214324
-0.00441205299091575 0.415943663890773 0.249952654763475 -0.323208025185563
0.253691510438637 0.309128091491098 -0.0189450730580513 -0.446803030098568
0.297449363928401 0.0440330889236102 -0.282834045078823 -0.237718026511374
0.240579320551944 -0.0934964316719712 -0.295212915152717 -0.0111131972512922
0.166360863643063 -0.214027913944343 -0.176392320552031 0.119761840928365
0.106929144546152 -0.240480575654328 -0.0635067292696636 0.107111052890438
0.11538563806639 -0.238817355373049 -0.00300486355988046 0.106863537952832
0.206541536137845 -0.154380158129533 0.0197482598500367 0.125044408488039
0.26843255364858 -0.0514390158892049 0.0325251490669921 0.180434167555118
0.326127340078922 0.182639347766439 -0.0529300670740697 0.218593369169288
0.14324762410669 0.373771366732402 -0.199081195964598 0.182585239901043
-0.193509655908295 0.369263641266202 -0.21411446127764 0.139326898259623
-0.447000168619534 0.273702562880497 -0.144498314948777 0.134171263325606
-0.485031837131942 0.176838259847009 0.106139366587212 -0.144833423987394
-0.401198915613538 0.317694531328185 0.303333856760542 -0.0258031232042449
-0.0954957287166668 0.498652932468244 0.341014203284929 -0.296741504374407
0.256121118692018 0.420678129578641 0.0823618071636892 -0.441363941086242
0.357081503323954 0.0924961407903178 -0.183367247197733 -0.261077614999845
0.291564048954464 -0.0895791172125069 -0.20160085122865 -0.0765331081236033
0.209106771271343 -0.234458288145282 -0.112578414572432 0.0385118405459311
0.130555143546163 -0.269351613251514 -0.0143401764810462 0.0234049688456729
0.126065539550548 -0.269375858042379 0.0487060289363266 0.0224239094158837
0.214992460620915 -0.182344758579035 0.0873470962811253 0.0534187305697667
0.285246422454004 -0.0724448594756798 0.116556348272654 0.140086107858416
0.353996777898735 0.1776231371426 0.0293848267122581 0.21355151398628
0.16191345916188 0.38804707132915 -0.132952258261691 0.196835632012095
-0.194489846938186 0.379681104759983 -0.154083254941125 0.120589831432491
-0.467202065326755 0.263040505937226 -0.0027345544020921 0.0926826358895633
-0.461142162936024 0.107862420430331 0.288700448200188 -0.136859192540641
-0.43728134864922 0.2457873831979 0.407799471254024 -0.0210536431100868
-0.171477052042792 0.469438506117241 0.404493351550768 -0.22782042842079
0.195687592817044 0.441606272421571 0.175948913611086 -0.37797437737849
0.340007374118471 0.124526212525623 -0.0623972628945518 -0.250486697841876
0.286444731481743 -0.0700818830242754 -0.0869046857304993 -0.12681099770897
0.212982540920283 -0.218328952505044 -0.0373695179636812 -0.0454502399362231
0.134311611855105 -0.259059283711623 0.0359738305763315 -0.0594457029822851
0.123880575059514 -0.261493339020015 0.0961927254148363 -0.0629264161389519
0.201181770096579 -0.18057491386871 0.146322041475357 -0.0194689984401673
0.267614591032352 -0.0718402535548916 0.186725012881186 0.095580518986069
0.325885973918688 0.169020835527196 0.0916982735345066 0.198513923125787
0.135319188275083 0.361376599760233 -0.0803433659937124 0.194534214524283
-0.197425396277003 0.330038146432009 -0.10912510005831 0.086504832421886
-0.437750579584034 0.204632688559307 0.120800639224708 0.045234255624494
-0.347317203178049 0.0296868674265647 0.430687038830648 -0.11320785541921
-0.367425810439103 0.138184176869337 0.472960428807579 -0.00976362019792126
-0.183027093889887 0.344647770155012 0.420202209872815 -0.144716943528132
0.113912906828782 0.362330316183188 0.23751267158219 -0.286464636817421
0.259137076092614 0.117153371586263 0.0455222288682133 -0.219510569568373
0.225493631680632 -0.0471959183053951 0.020761016217786 -0.159785048393269
0.176021942963889 -0.1702667446272 0.0335884639161423 -0.118996985850678
0.116940028594957 -0.21063800602943 0.0802798137118467 -0.131063827281429
0.107941153874854 -0.214224476490255 0.138572172162793 -0.137004334576547
0.170142294288637 -0.151475382797239 0.198042192009821 -0.0779568466454363
0.224918915756947 -0.0525718790958175 0.242140676708443 0.0659736330672368
0.257117321042182 0.157616738276499 0.133784615876081 0.189859502932381
0.0770749503489302 0.302961378570061 -0.0441547325365901 0.191679714999641
-0.195569056494442 0.239164424872412 -0.0760567637092783 0.0521319347149276
-0.358698504933387 0.107364905325111 0.220877744455973 0.00805382433060662
-0.168075240186308 -0.0475978232854798 0.501691635865182 -0.0859598684348848
-0.221442335744263 0.0220027680417086 0.48659470572228 -0.0056741218956914
-0.135102128393841 0.170569438437896 0.396838419848951 -0.0784951506972184
0.0389525844446849 0.211423265919203 0.258727690737416 -0.206557208651558
0.141949886320031 0.0753029240562379 0.117707136932391 -0.193411742958979
0.127095970315665 -0.0231502851995089 0.0948351129213388 -0.180395786700686
0.109434491534426 -0.0976050130232119 0.08403848231041 -0.173473744450853
0.0807594358942308 -0.130016322514267 0.111607712106331 -0.181568240614183
0.0781022791971313 -0.135690208819622 0.173423930161281 -0.18903304979556
0.121360878964887 -0.101248731493192 0.24356852730585 -0.110622431801101
0.159656946924944 -0.0253571390230586 0.286137858449371 0.0578504547257421
0.16276665230375 0.132695174647112 0.157597219836952 0.199694621736192
0.0118880048712366 0.213111006413423 -0.0266905197504553 0.198851741987739
-0.173496642118851 0.122535186632106 -0.0550311157057652 0.0290948828678547
-0.236658921573191 -0.00449181636454284 0.290559243862336 -0.00869518300504354
0.0450461582932372 0.0878449851770574 -0.332239077820741 0.0631397586094679
0.0879493445828695 -0.020741118444404 0.0198389315648018 0.0685819933826192
0.0446440694007156 -0.0876197532169993 0.06272758108998 -0.21234173998934
-0.0472438054817445 -0.0665576789673067 -0.145515807075296 -0.251569905435905
-0.0553952507217609 -0.00017938383911572 -0.319405175134267 -0.0949265804363275
-0.0308739381368142 0.0233956459111597 -0.314650951391104 0.128000580093038
-0.0406812681160541 0.0261351915913921 -0.202666323864599 0.22507722786046
-0.0353201170548748 0.018590221811696 -0.124055753273406 0.223716379219243
-0.0299695043628868 0.00172620070546703 -0.102476974783601 0.219116130828134
-0.0173674387038043 -0.0233272071726126 -0.120624702289743 0.213256002017719
-0.00263725759879919 -0.0458535546193887 -0.158102744157194 0.188137178853156
0.0563612796270311 -0.0453384891856113 -0.252764880457209 0.140577438447491
0.0973608253022375 0.00729700753651074 -0.351873812757734 0.0628600306279362
0.0457717329809162 0.094016415241802 -0.381966902021941 0.0169167705664942
-0.0105003317597048 0.120441865275921 -0.455333691853662 0.102085351810707
-0.112602128008327 0.175456173078335 -0.304503006014608 -0.000535186117126405
0.00285117850705059 0.115882560659922 0.0363393683212852 0.0444743921612838
0.073308157472582 0.0685126346766764 0.0898566599028368 -0.256643515079401
0.0724610703714055 0.0228807008770034 -0.140308799310917 -0.315354147965756
0.055442634757718 -0.0115810372516174 -0.339895981150685 -0.129151814574564
0.0517633341189847 -0.0335152306803028 -0.33751705178454 0.108033199166096
0.0196643466886264 -0.0711747988719727 -0.211161561753992 0.220523386566358
0.0107897106700987 -0.0819605382328432 -0.1169331953222 0.212665347448824
0.0326026156739478 -0.0884160830762139 -0.0827474950363272 0.209812395825851
0.0832601837941971 -0.0621323024278224 -0.0934030168728414 0.20380108765805
0.109698505746743 -0.0234115179721298 -0.11877460878371 0.193805991167677
0.144546697603111 0.0770180321007299 -0.205351871765233 0.162981279155651
0.077310847460405 0.165250063538241 -0.311195997440777 0.100588495213963
-0.0856136891686954 0.197078014953335 -0.334014505174305 0.0784266544460847
-0.201437905781936 0.181474249810214 -0.388979325157498 0.136209952932655
-0.270707980287522 0.22281246114771 -0.218073498855075 -0.0647892112477786
-0.123126222482818 0.236346835687845 0.0912957730878036 0.0127420817350379
0.0636363746021402 0.243909406706962 0.148941535675498 -0.299895844426766
0.184263488627841 0.147471413503627 -0.104865778099965 -0.383825518778385
0.179217096612473 -0.00184925955800363 -0.329826801006346 -0.176973089866312
0.14551574135033 -0.0778425384307596 -0.330292946889486 0.0622710357297513
0.0882112036421523 -0.154913176506343 -0.19974660842374 0.18237047208424
0.0549364033028689 -0.170796905912348 -0.0935294995793221 0.17035658293269
0.0767643445027684 -0.171091892701677 -0.0442295268650443 0.168459240234785
0.155473540279352 -0.110807198913694 -0.0391239081437896 0.173687554694953
0.201259718295285 -0.0320522736897541 -0.0467391359181841 0.193259455230181
0.24454741921223 0.144261405821968 -0.132831531572133 0.195892849024086
0.105755181640383 0.286701154797016 -0.253462215525917 0.149765709540575
-0.155955642922723 0.296918425896727 -0.269555449253371 0.124813804864735
-0.341901658245181 0.240329779422767 -0.273761916921954 0.149179242798766
-0.398842295660347 0.225165451906274 -0.0768982153839682 -0.114965976382849
-0.264922576150432 0.313047328476071 0.181482439952128 -0.0151729313128628
0.0101134849811216 0.400874860559049 0.233333688305578 -0.319961621220682
0.256919507873648 0.287800598371039 -0.0326307410534629 -0.431725771297776
0.288638410764287 0.0322414056912023 -0.277667472859511 -0.223929637808638
0.229059414321078 -0.100432980501724 -0.283965455849555 -0.00161866771361667
0.150421378004286 -0.211318570633558 -0.163481114796306 0.117173636957768
0.0900248931802269 -0.235358464453321 -0.057785611255613 0.103545250245094
0.10140512277982 -0.233485344302257 0.00227406365837785 0.101263650605237
0.191926442522757 -0.155467737930923 0.0255256456562885 0.119662086765443
0.25709684803571 -0.0588975177140782 0.0377201526299116 0.171741409002775
0.32287729387734 0.161999646462845 -0.0458672162111859 0.210980658112098
0.150999652046962 0.354440927848298 -0.186635011676209 0.183345080168413
-0.176863288650699 0.362803377469785 -0.202029479368608 0.138911717020878
-0.420913164630287 0.278560617184245 -0.135646022178123 0.131062399624425
-0.462123391272451 0.18461845628977 0.0984482271452906 -0.140567116762939
-0.378737163622516 0.318375587575637 0.291282606692586 -0.0299128720645918
-0.0737295246895252 0.484025521326113 0.320487705621571 -0.2961048269078
0.262837573557801 0.395240809305278 0.0654303961449992 -0.428159774183585
0.346475504257647 0.0782117154141182 -0.182309014771475 -0.248139688666332
0.27734533246099 -0.0972561460653874 -0.197393418755283 -0.06686846615894
0.190321762753465 -0.232217144101094 -0.105359612153567 0.0364759362103197
0.111405049886343 -0.2637649360799 -0.0137789966595869 0.022703002094783
0.110787652557927 -0.263324746218674 0.0479115973465968 0.0184396177537493
0.199530114678142 -0.182019637602745 0.0862197111845947 0.0479586160923031
0.271746463067161 -0.078990065626317 0.117416146259453 0.130110821196788
0.3484830374304 0.155342277628497 0.0331623073861803 0.204202128467799
0.169253010099941 0.367091317508856 -0.122707456953247 0.195771792141108
-0.176806578228155 0.371370954680938 -0.145171373772178 0.119964149273851
-0.439937471054237 0.268111305223462 -0.00106637702773296 0.087309315403888
-0.439971491289931 0.117201867177923 0.274636547947615 -0.1397893844917
-0.415790191589921 0.250711043060794 0.390699028933128 -0.0284068722108014
-0.148729387355575 0.456834232131423 0.382824778467334 -0.230896535084192
0.204376295597955 0.417057371812559 0.15795273539792 -0.369024721097731
0.329961626346803 0.108775969885373 -0.0660096611971282 -0.240460905040368
0.272919787267511 -0.078023951833075 -0.0893604810005675 -0.119404018103008
0.194549675746326 -0.216883226639252 -0.0367069509971592 -0.0450420385616705
0.116063362413101 -0.254769473520649 0.0319985399891904 -0.0577983285627037
0.108260913112502 -0.255002010839426 0.0901801803987253 -0.0642340066842127
0.185817562843977 -0.179953463813175 0.140044607229807 -0.0225654041738412
0.254062335696299 -0.0775757597811002 0.182501058692142 0.085233123144594
0.321121383167506 0.148994660377397 0.0940502558967143 0.187538878518084
0.142584959085477 0.341669004849515 -0.0724464339445561 0.1929294735555
-0.179465844906774 0.323401636359494 -0.103515267490168 0.0860105110643272
-0.411386324371128 0.211818757827287 0.116638781858977 0.0381178696143871
-0.333653852087969 0.0399546750857889 0.413131579860052 -0.120283940572537
-0.350693520613206 0.144856755476623 0.454572054358201 -0.0197356463454496
-0.165016791698552 0.336960010169725 0.400839854441031 -0.150152275580166
0.122739579417371 0.342524438983886 0.218197957749747 -0.281780343531101
0.251083485661565 0.10463854410268 0.0384641150009753 -0.21318864790349
0.214828146031341 -0.0526080022027106 0.0128307825239623 -0.155251996161563
0.161145906009916 -0.168944782054706 0.0285270018510157 -0.117838438301513
0.101258171868534 -0.206146515181595 0.0722911143621192 -0.127590518561611
0.0948802106370127 -0.209380327689351 0.127609100205732 -0.135555522449354
0.157410895288426 -0.150390710174113 0.186969249101803 -0.0800715381439204
0.213429469273043 -0.0583281656279336 0.234811671342469 0.0549162147963596
0.253100517107491 0.141088651365012 0.134238328700829 0.178581578686609
0.0849070163143757 0.286499878476975 -0.0387368233752984 0.187504982272657
-0.180501907276733 0.234562836861683 -0.0731716459163772 0.0528733420801765
-0.338694333745891 0.115192162043645 0.211758848420258 0.000600454431588807
-0.163702681697798 -0.0384168887000487 0.482606367898239 -0.0961876561403246
-0.2117963317099 0.0287182622954233 0.466024192692439 -0.019085928972685
-0.124423966245218 0.167570701425898 0.381832154337925 -0.0848772667595995
0.0443244452886013 0.201376625839678 0.242029051531768 -0.204837367699537
0.137095751939078 0.0682923867512894 0.108046302642101 -0.189023718004477
0.120480206750937 -0.0249215398629728 0.0844104196982001 -0.177098634938853
0.0999707536098473 -0.0968439427134264 0.0749816998827941 -0.170002008983117
0.0703731195382208 -0.129019017328711 0.100549697873602 -0.176177360999839
0.0696293431485883 -0.133620400901957 0.158638676465754 -0.185339601979666
0.112182527599791 -0.10149625525656 0.228942973982734 -0.112612341082458
0.152150524573671 -0.0293847823428476 0.276924028676862 0.0469087507269571
0.161919877839741 0.120133930706994 0.156795591562998 0.187736338641686
0.0184439350736164 0.203190348624024 -0.0208233512613354 0.193593947797093
-0.163247348083345 0.121715416739826 -0.0537415872518257 0.0302990799371283
-0.224797539718967 0.00342236207576568 0.278260570674911 -0.0174493199936632
0.058175281723308 0.07484990550585 -0.321393315902581 0.137522166580592
0.0788523166758183 -0.035970003285359 0.039714564535794 0.0668348912380738
0.0234271845644871 -0.0928356258891565 0.0253294459639583 -0.224779098533066
-0.0620041645700592 -0.0527829734157733 -0.189933940245283 -0.225613008706618
-0.0548406978031988 0.012254621690863 -0.334751489237426 -0.0315931488589189
-0.0230787267664761 0.0308532287236782 -0.281400136987317 0.186476140227193
-0.0310848658101629 0.0360233389609338 -0.154037558243876 0.253668002106179
-0.0299644088255446 0.0261095544085551 -0.0744204974579762 0.240919221468035
-0.0281937216993616 0.00858604401104945 -0.0535074378776168 0.235286620928261
-0.0229892356122283 -0.0178901861752803 -0.07096443437273 0.237284491397601
-0.0138560943898089 -0.0399071429079265 -0.115412413225334 0.220082986307625
0.0396887343978431 -0.0554908951220026 -0.220528022448438 0.196666203396049
0.0872461186324082 -0.0137623213657421 -0.334859542472728 0.140678630430447
0.0588681044152695 0.0788556728224396 -0.380135540794093 0.0942404617837072
0.00712714996094408 0.11726111241887 -0.435151527007811 0.18734032529035
-0.0714498734136681 0.185857946571572 -0.317375274441171 0.064977808129412
0.0270354506359118 0.109271312490249 0.0427526685995521 0.0406831133875201
0.0826370500076523 0.0465279592850516 0.0348453247545966 -0.26491269395311
0.0687914188698726 0.00257083975516639 -0.200958518049388 -0.277538279944011
0.0459707546661227 -0.0205963379314505 -0.356436327155955 -0.0572450632313968
0.0438155227898024 -0.0397558568705365 -0.30280618415321 0.173270173425795
0.00336949847103315 -0.0682279718779302 -0.155193120268593 0.252019313845851
-0.00668558131380909 -0.0775613962065551 -0.0694608921381945 0.228079229856673
0.0122953999542906 -0.0877282056561068 -0.0367987447141104 0.222630690871543
0.06506405231573 -0.0746412772118656 -0.0474767626246715 0.224929976814332
0.0953821831212778 -0.0403505616608051 -0.0755670588171648 0.218633687235263
0.147785674680901 0.0421603002989245 -0.172643559718337 0.209530446626169
0.10015000989824 0.137813479700329 -0.292856642040599 0.168261015459033
-0.0455564897052179 0.20618310644143 -0.316590189080927 0.135697791298524
-0.162533235330034 0.216034052069794 -0.355621733260045 0.197655183880721
-0.209754899937766 0.259671075117875 -0.253090064908989 -0.0215083124834523
-0.0663351248387754 0.247800464407248 0.082216034461139 -0.0025156576419374
0.111163625668171 0.21124029027306 0.0727316401544882 -0.310585118219064
0.201478797573933 0.0930944302070781 -0.185876050056865 -0.339631289073151
0.164241754202154 -0.0372452546519553 -0.351351431914734 -0.100251904465545
0.122340208446159 -0.10022013932583 -0.301048457933729 0.1296909268063
0.0473939905481734 -0.161364887733208 -0.143365868183821 0.214987890777961
0.0172946609939565 -0.170160057008025 -0.0548813293629032 0.183202058584327
0.0376849590539372 -0.175204189639993 -0.00957917482121584 0.175067661556414
0.124462634643402 -0.13390906136029 -7.7720739918518E-05 0.184889595263575
0.179977929855713 -0.0656794393858589 -0.0044641579706888 0.204149520489167
0.256179120468385 0.0871826138323256 -0.095798745105364 0.226659282375197
0.152187219195242 0.246371007867258 -0.232088546790319 0.205734192837332
-0.0919187790209177 0.31709173871029 -0.241959546340278 0.162089977247906
-0.284695099757078 0.302916485379573 -0.234506389966263 0.178506935404495
-0.328264637832846 0.285419146077568 -0.127811983609874 -0.106004908500555
-0.184452613735392 0.347787821914463 0.158679231696268 -0.0518154550549411
0.0939528021873692 0.367682547135001 0.139397575181034 -0.342655619170541
0.30040829148042 0.205959190574871 -0.131428651039986 -0.3909952632142
0.273887840529293 -0.0281246718127952 -0.30533357805238 -0.148891451865873
0.196202140943483 -0.138576805026196 -0.264933466332757 0.0612451948321529
0.0922757729201407 -0.228145023077699 -0.11547070531104 0.147897780134973
0.0377614601344366 -0.238114787405084 -0.0333824274395215 0.111218603692959
0.0489336041286027 -0.238422554082984 0.0212940913365057 0.100818922599248
0.15128593072186 -0.184094030669364 0.051054746899985 0.118970385361713
0.227827616608057 -0.10088885872048 0.0746768745029901 0.165462211986428
0.333490736907004 0.0889012064987623 -0.00736625066731317 0.224695796609032
0.207575391929963 0.300678663993136 -0.16092607801316 0.227387876883829
-0.0965794402043613 0.384657815607894 -0.173068822084729 0.157956032734101
-0.349900434101747 0.356342038319076 -0.0988916863022327 0.128143263600133
-0.394980841590939 0.260691210171603 0.0420885769782976 -0.17286312080491
-0.291866147542767 0.375198777199691 0.261288778084153 -0.0922081941641566
0.0316073253188694 0.462514581063647 0.221927192153011 -0.337837991560791
0.329538380243664 0.303704667555253 -0.0414465706825435 -0.402374630770053
0.337775363076382 0.00222890175228237 -0.216266393254697 -0.187898257094967
0.241277960794268 -0.146166857987417 -0.192903737627266 -0.0168583875746537
0.124331948016912 -0.257484723990879 -0.0729716043672808 0.0618224167741807
0.0523594077135233 -0.269789071613302 -0.00759849949417102 0.0246973101939481
0.0511168006137539 -0.268129949209359 0.0484495789165264 0.0116855156373832
0.15331788395293 -0.210247449616094 0.0963789665171247 0.0367145324264668
0.23843723946167 -0.122509470709871 0.144942933222015 0.106735288021581
0.357646472872665 0.0774875502945942 0.0700937437100512 0.20054073211681
0.228448706511063 0.308722228056431 -0.0958663145057629 0.226392738513357
-0.093452651467336 0.390647929571984 -0.122030990771214 0.128008752563093
-0.366425796936019 0.351355537554916 0.0272356319850052 0.0575192294813023
-0.385956802507581 0.192983310383106 0.22348426386694 -0.209921923600452
-0.338701592220591 0.317958565290587 0.362174208439561 -0.114574747057363
-0.0416360321507569 0.453731156008399 0.294964811521278 -0.291684861806588
0.281121210862019 0.336590479983513 0.0581804356665344 -0.364963670293657
0.329662333905988 0.0346841210259171 -0.102213211176765 -0.202534577889933
0.24044237726199 -0.127821623654792 -0.0993085610078362 -0.0893701850163452
0.132240782701176 -0.244010378439853 -0.0232583836510804 -0.0296619485151241
0.0583616851053782 -0.261672983974088 0.020290862207808 -0.0615610155019875
0.0512740124574335 -0.260966559170988 0.0723077457209569 -0.0770534955842022
0.141268918436825 -0.20675962415401 0.133505589685508 -0.0446539994890209
0.223717128926997 -0.118531456605754 0.199384532486506 0.0491483948799043
0.33012014569465 0.077392338177273 0.126798723764894 0.1714212071353
0.199665253351239 0.290537471799042 -0.0462496988404142 0.211493889946637
-0.106493975041997 0.345695799065614 -0.0863878922381507 0.0880627984714709
-0.348781636830265 0.290305762252523 0.134378811348188 -0.0106112821308227
-0.300498817765549 0.102114337893092 0.374076110153947 -0.217222733557292
-0.299396548746797 0.205494737298763 0.432513181484738 -0.119467681793193
-0.0824465344875823 0.345469720873123 0.335289297268811 -0.221397147448651
0.188847862452953 0.285802966350673 0.137739669697391 -0.29824016724108
0.254712102597815 0.0459657919547668 0.00287113623261896 -0.20057436232316
0.190508034001159 -0.0922565057198155 -0.00991413495849162 -0.146260059248526
0.111433723546378 -0.193301040183117 0.0211965825014806 -0.11218383321252
0.0542595773707696 -0.215019769289266 0.0460198815182111 -0.137537535117066
0.0472953566256727 -0.216371335387728 0.0945249706264897 -0.154682150840714
0.120080716774719 -0.173526891520255 0.167837515429836 -0.111774624200091
0.190297837525408 -0.0920752206506141 0.24305227399841 0.00718092742444357
0.266126250243959 0.084387182200958 0.165269157775415 0.151659384228502
0.134141953904665 0.251283743654926 -0.0115632288585989 0.198072924038909
-0.124518070681321 0.26122378004791 -0.0614294997130257 0.0533906701372206
-0.297589407003635 0.182139070308572 0.220332002370581 -0.0603424290036581
-0.156329914104954 -0.00310731224902817 0.461321411851975 -0.20432943908155
-0.192276243948469 0.0677344749580427 0.454397582817453 -0.118186011790729
-0.0801090335855581 0.179317248554133 0.342510069687585 -0.158853185084255
0.0842314663837486 0.172911833201925 0.186019452417077 -0.237191657289167
0.139674949556574 0.0344807411907838 0.0726529491486721 -0.19742751331516
0.106908630957033 -0.0478816320372475 0.0500664674679087 -0.185316349710843
0.0710329900392485 -0.112983432119687 0.0492249311516588 -0.173663311394564
0.040929454476952 -0.135521970586172 0.0637542532424845 -0.189518293728299
0.0397188637610897 -0.140255966914861 0.116324121760344 -0.211210421032302
0.0879233068228989 -0.118105210294632 0.2014109448173 -0.154334474835527
0.138869122777371 -0.0541859532616952 0.282810993091487 -0.0103020770450419
0.176358003104694 0.0840320720247878 0.190266123933874 0.154229766864397
0.055565102219113 0.186134364514067 0.0114284471559779 0.197223631160081
-0.131464365030555 0.148781479325141 -0.0453200931026516 0.0336694253470699
-0.209888293134384 0.0508779910905051 0.280815925959912 -0.082166065574522
0.0621414034319392 0.0757752390210876 -0.320047463485209 0.148086613223883
0.0793624697210529 -0.0366033618589017 0.0430929399115985 0.0663710552742423
0.021457446793031 -0.095212626338884 0.0173998446198851 -0.227442624614852
-0.0635404748039896 -0.0519693979517992 -0.197802556239818 -0.222386695798673
-0.0552835290416292 0.0128073062608862 -0.338426965117808 -0.022812358045002
-0.0220682466333024 0.029867028783277 -0.27466768842525 0.194102105191723
-0.0291567848654983 0.0368604665554283 -0.145857723095548 0.259084612454341
-0.0293651984941502 0.027699610637168 -0.0672652464240299 0.244587210093704
-0.0277279056979925 0.00936748677713338 -0.0459095395448392 0.237925920501257
-0.023427883704927 -0.0177219763267707 -0.0630170281718048 0.24153928459128
-0.0151773269217235 -0.0387551259595044 -0.110285390933621 0.225792264359885
0.0382460600341454 -0.0573054706351356 -0.218519742324004 0.20662995273155
0.0859867738707606 -0.0161070380997751 -0.333111730557856 0.149686212166426
0.0607781904775114 0.0803935729801486 -0.381313125768622 0.100584082129257
0.0104351507216439 0.118065042492145 -0.437574339165887 0.200670536576626
-0.0651160110831358 0.190722161984433 -0.319296307605749 0.0738789132317686
0.0311239510019787 0.111028152421089 0.045139506638173 0.0397093495456603
0.0872102261695949 0.0434614599829352 0.0255762219374598 -0.268321076602015
0.0712951087071939 -0.000982894525657661 -0.211622900131042 -0.274684149082966
0.0464223757266051 -0.0241093699883968 -0.360996014458303 -0.0481372302820371
0.0422236833479224 -0.0433752409214335 -0.297788257793 0.182762222239832
0.00124141017110707 -0.0684856711825844 -0.147958489370247 0.255768517940789
-0.0108892396006439 -0.0772262343767548 -0.0631759953016708 0.231840053648007
0.0087404499487754 -0.0897519320626801 -0.0306469371824236 0.224198771840221
0.0635829130032249 -0.0778453427511103 -0.0390097719445384 0.227060452325906
0.0952751152606598 -0.0433090415810898 -0.0706367402724026 0.223024923570623
0.150982281460285 0.0363195941415882 -0.170294288996573 0.217481761902213
0.104152371553064 0.13646716247536 -0.290077546211261 0.176772369880466
-0.0407796315472546 0.211239036935291 -0.316326514081358 0.141401041816758
-0.158043778608827 0.223126159802168 -0.357316920578786 0.208591245111635
-0.202369360172257 0.268146939970832 -0.256750043307408 -0.0147471027694271
-0.0597102172672293 0.253179431265833 0.0833050867061219 -0.00370366335509378
0.12046523004013 0.208656669734822 0.0623237555637393 -0.315392421510792
0.207489463969258 0.0853676412367568 -0.19780468407494 -0.337574095013718
0.165612213031475 -0.0438395423719814 -0.357709047455473 -0.0923661391374685
0.119917774633176 -0.106546889683723 -0.29839694443366 0.139183778636771
0.0421451520869205 -0.162916805973393 -0.137429333014375 0.217690981158704
0.00931886807195713 -0.171035608871157 -0.0499812517944594 0.185120901310004
0.030894486230405 -0.177841636984268 -0.00373653363249477 0.17500170924178
0.121240439171065 -0.139952947760114 0.00690541723171878 0.18578111786881
0.17967066356448 -0.0720163679915762 0.00110232360868941 0.206239022465345
0.262202463786477 0.0765333489405811 -0.0919339549060259 0.23270730751432
0.160327927522693 0.244117092508833 -0.22809706646084 0.214042691918592
-0.0837675681511133 0.323737847830055 -0.240478462794946 0.167050848579573
-0.278167468606268 0.3154539586294 -0.234059079286809 0.185771597989233
-0.322138152209648 0.29803668721567 -0.132219471875349 -0.10322600972141
-0.176974632859007 0.357846246656381 0.158801563829651 -0.0549841126794658
0.107532990612474 0.368158584272714 0.129360332128288 -0.349794852516361
0.310963586702768 0.195020188598783 -0.144579977927768 -0.389394726971448
0.276319285479009 -0.0380136014485693 -0.313091476690346 -0.143426771632137
0.192587289247716 -0.147109656430426 -0.265549413461825 0.0701666258981656
0.0841901296622561 -0.231607867218924 -0.112170372787073 0.148679139075181
0.0264778622996118 -0.238969439576142 -0.0308212579171574 0.11199390250951
0.0393901466352292 -0.241540295248748 0.0241213134789924 0.0988288521944959
0.146274221475842 -0.190587147867619 0.0564858669712858 0.117581120819926
0.226675108023783 -0.109324561094431 0.0804427782862833 0.164268959316302
0.33981452951119 0.0750022839504186 -0.00275804908578512 0.228894072856454
0.219675282970324 0.296017433493634 -0.15549697193709 0.234803381333927
-0.0873374369564954 0.389856466761814 -0.172066233873964 0.162296657241653
-0.341514280279316 0.369716863978117 -0.0983598231008425 0.130496119117237
-0.389890146360015 0.274692314351961 0.0380525434344574 -0.175540113223969
-0.283332958009084 0.387681396658866 0.259976016959982 -0.0982585263877036
0.048696594395831 0.46564058832613 0.213461416745268 -0.3469801205004
0.343534495894996 0.293487553537659 -0.054423198256582 -0.403008912456073
0.341361901048506 -0.00917138651623646 -0.224013416643065 -0.184619565188741
0.23784387919333 -0.155918959302015 -0.195268043218818 -0.0102898752500875
0.115497200533637 -0.262082811425971 -0.0719646402850777 0.0607282691892768
0.0394678895764425 -0.272138362681782 -0.00682304504852015 0.0249366267402688
0.0405446825200814 -0.271661715069525 0.0486096080431913 0.00972050717439978
0.147591307021537 -0.217109961133267 0.0984134075421266 0.0339282194239786
0.236898288489504 -0.131321136527113 0.148585788507868 0.103063475268371
0.363301305445381 0.0634496664889389 0.07547509751343 0.201835056021693
0.239996904536838 0.303204411167898 -0.0899185953227187 0.233027290913988
-0.0824699707856356 0.397680816500698 -0.120967996861436 0.131359946563427
-0.357997910985197 0.3658322138625 0.0270660600520394 0.0561264471561967
-0.383233531616151 0.207659349712082 0.221019483189229 -0.217342183155714
-0.332198868998406 0.333118799653954 0.361502255714608 -0.1228042778081
-0.0258506037960238 0.459560002534498 0.288248421974761 -0.301280820404505
0.295473724462 0.328926897335667 0.0476313384696139 -0.366789514219321
0.333691187265985 0.0243569198586628 -0.108905045490015 -0.202834169610417
0.238221827315716 -0.13590682528131 -0.103733832360077 -0.0862708187107269
0.123125050307138 -0.249240794796043 -0.0253186734315858 -0.0318765686329499
0.0459505232177241 -0.264123640787791 0.019531977856134 -0.0633079060294446
0.0405958776062031 -0.263570493231514 0.0696465989241545 -0.0797932720838412
0.134783521137245 -0.211345116350041 0.133048595954572 -0.0491914240285354
0.221250565431391 -0.126570807256594 0.20119549961462 0.0428681364584111
0.334824297400019 0.0649360991647492 0.131896278370433 0.169805601670908
0.209692055447074 0.284795459508423 -0.0400904219161027 0.217249701539937
-0.0976333508518363 0.350983466642696 -0.0866963619317813 0.0916284305974583
-0.340530888702495 0.302997603639216 0.134096079324731 -0.0160322235838453
-0.299221566550593 0.11324261588564 0.373457205231037 -0.229770435148168
-0.295716202094623 0.21705501216262 0.432283299930255 -0.129930173039814
-0.0715598439169498 0.350855452115361 0.331917419617195 -0.231436254407496
0.199351260142948 0.281280325850827 0.130672675807886 -0.301963285094521
0.258092254829936 0.0389264030842258 -0.00252931425944863 -0.202452023000379
0.188979763086219 -0.0986292662690749 -0.0152291789841448 -0.146174893982472
0.105093827051722 -0.197177054272626 0.0170168365114702 -0.115517622693767
0.0437202310928603 -0.216797630146375 0.0420773094058921 -0.139829085570519
0.0390703280603884 -0.219086552768699 0.0898109285447961 -0.157936085751335
0.11458437587481 -0.17775787093291 0.165114753838376 -0.116086735386458
0.18851782952114 -0.0991678082032049 0.24510216798623 6.99063593272787E-05
0.270147810050603 0.0737219038240897 0.170267948233222 0.149773950931461
0.142373081207196 0.246705095630039 -0.00537323915667538 0.202385607756314
-0.118756776516038 0.264968150757194 -0.0619600488989622 0.0570587344104025
-0.291425552743148 0.191838550231013 0.220041130726866 -0.0685489414003545
-0.156616821525727 0.00303520686503209 0.461528228659241 -0.218988929236868
-0.191524277515176 0.0753181123252235 0.454471702393058 -0.130307394669934
-0.0749037680906146 0.183838739350986 0.341743250922478 -0.167927720693143
0.0905684279125699 0.171203471587097 0.180569780475664 -0.241401332963162
0.14147645804603 0.0314760836311678 0.0684779482381575 -0.201397994004304
0.106769071864797 -0.0502214710525692 0.0437211183107971 -0.188293421141024
0.0672025661287998 -0.11430422204153 0.0433888591449132 -0.17758254452976
0.0342057401747723 -0.137550728120329 0.058804797991501 -0.193139398032844
0.034261518922724 -0.14203370012731 0.109691363057009 -0.214003801242125
0.0838061027201752 -0.121788768410515 0.19739402802581 -0.159077239832237
0.137672441023245 -0.0592377535726646 0.28428964025601 -0.0190147598483903
0.179821869979392 0.0764168140287861 0.195098029948085 0.151274033166412
0.0609774972034089 0.183810480335143 0.0168470729374415 0.201010618084856
-0.128042118186804 0.15265448978838 -0.0467459752443129 0.0364378035460931
-0.208009025946886 0.0573252606751694 0.280713595301104 -0.0924912553256863
0.0690586792525571 0.0741326542033029 -0.31630488614186 0.168466891003397
0.0796668198169141 -0.0404578808209076 0.048711944502982 0.065125024897153
0.0168326195312272 -0.0987395119892621 0.003552719200258 -0.230122626902469
-0.0668632333886379 -0.0494810004357857 -0.214184739512855 -0.214474621727011
-0.0554844086558648 0.0149968449344965 -0.342604001847055 -0.00475337720743105
-0.0204874717214893 0.029679719725657 -0.265154639951644 0.211415820464462
-0.0262148016302763 0.0390216555918006 -0.130662170947306 0.270024372001112
-0.0272607650719306 0.0302004993497605 -0.0525164141081379 0.251764197431927
-0.0276882456662021 0.0101346977904515 -0.0318018992007882 0.242521511782007
-0.0247907517045668 -0.0171973159218534 -0.0478897547383863 0.247614653446469
-0.0172816519128372 -0.0376459765494762 -0.0994722749360051 0.236172402930624
0.0347939529767333 -0.0606331829781796 -0.210032117927125 0.22357094923105
0.084571732224785 -0.019961592989399 -0.328374551948941 0.169048096852798
0.0669783219514692 0.080406926582612 -0.381210530759079 0.118247309805412
0.0179192065787848 0.119066784306667 -0.435506340528875 0.228631975534744
-0.0533186680303879 0.19752525153807 -0.320403591827869 0.0928211044398102
0.039119450994983 0.111594265911964 0.0489742256880898 0.0383482619793618
0.0917790215009055 0.0374973839582309 0.008814709410144 -0.27151836958472
0.0723955504775749 -0.0066530660398329 -0.23029397517567 -0.265398922723667
0.0451872629914424 -0.0281779452600751 -0.368069067286752 -0.0285441344299255
0.0399240551045639 -0.0478733860202637 -0.289151508307841 0.20163293253995
-0.00291342418824974 -0.0693936949827851 -0.133786570567207 0.265842868839378
-0.0164948505749937 -0.0764064390345081 -0.0499476376116294 0.237201436983383
0.00229564421770894 -0.0920957290448117 -0.0164277324375163 0.226586368970958
0.0595724748944093 -0.0837207069766417 -0.0245102821643862 0.232428056801091
0.0940540655092487 -0.0495079709544024 -0.0581402825822971 0.230242427135759
0.155780590911203 0.0264154962167626 -0.160389197455185 0.23219728869238
0.113012743587913 0.133021482641119 -0.283401226765357 0.19545528598876
-0.0296292023338502 0.218179178444778 -0.31378536252398 0.157521512882535
-0.146297233098502 0.23600891697685 -0.352637167002299 0.229936640440239
-0.188519187427211 0.284572362329719 -0.262514196474601 -0.000797386663638832
-0.0452541590522503 0.260063168019644 0.0842708343930041 -0.00719637852033607
0.136318566533303 0.202557292905266 0.0434685531368698 -0.321897154197522
0.216535651875862 0.0716369391640099 -0.220337555485781 -0.329384826931194
0.164937455292997 -0.0561586579734334 -0.368956349339939 -0.0739600685956544
0.113882036019164 -0.117096933661063 -0.292245245690975 0.159056782127543
0.032458766434496 -0.166869279950651 -0.127034437161773 0.225562955834697
-0.00378641360985239 -0.171968437086805 -0.0395923973038941 0.189244757683769
0.0190880044213691 -0.181194659422181 0.00723850784459657 0.175348694157097
0.114129691519579 -0.150106257697658 0.0191693683907354 0.187019202853331
0.177238320478784 -0.0844033433432183 0.0134855834671751 0.208705351442253
0.270577008612486 0.0593036194809817 -0.0808883487227705 0.243539049806679
0.176858558095163 0.238743149778673 -0.21839638180103 0.230119260149291
-0.0667675962637317 0.334755512863968 -0.236045940062772 0.179280130375567
-0.260878809698301 0.335022579871626 -0.229324356956923 0.199878530315112
-0.306678361364651 0.320581905036128 -0.140877028536734 -0.0974525668366854
-0.157914463113552 0.373756791112772 0.157330693639987 -0.0617502609090545
0.133981752246207 0.364245616313303 0.108731450587348 -0.359392560502684
0.328758908537432 0.177031262612458 -0.169791634483655 -0.384866888760021
0.277348688964174 -0.0564252448489832 -0.327118292266828 -0.128171744438469
0.185498585630344 -0.162438336794315 -0.263508449976362 0.0874797802886157
0.0693415333659449 -0.239068375670529 -0.105258990020574 0.154167458685553
0.0090391411148364 -0.241890097391473 -0.0246963783050166 0.114306233277347
0.0232806789092236 -0.24599957088776 0.0303861017259189 0.0969348175705965
0.136276801127167 -0.20299439423723 0.0644353981475868 0.11491346834168
0.222967066684709 -0.1248683728344 0.0904207883775816 0.161174673276909
0.349101478810156 0.0525012233017853 0.00942962950869514 0.233880507684385
0.24044853231592 0.287379678807357 -0.14332244822401 0.247451883225617
-0.0653452974688578 0.401755027903679 -0.166968237317643 0.172150293873685
-0.320784722203333 0.395619572535094 -0.0945011586810121 0.135759391820884
-0.378439920880831 0.301308927291754 0.0284832466303862 -0.179679574389664
-0.264684651279527 0.410948991180028 0.257447979498142 -0.111922795779445
0.0798455464817671 0.467929634051023 0.194186634346082 -0.362141269149931
0.366398263738048 0.273659407910946 -0.0789070335550563 -0.402709178449577
0.345557549273345 -0.0299931458975551 -0.237845554862479 -0.174594548271446
0.23190294109572 -0.173257474883546 -0.198615186553149 0.00236856280079715
0.0995342165464209 -0.271105360997278 -0.0698295637174584 0.0621214792585809
0.019273944326636 -0.274971797420722 -0.00579201551982721 0.0249646046070411
0.0223226804349586 -0.275615690318225 0.0492797039950618 0.00632395117254653
0.135749913079772 -0.228869579344621 0.102035435580249 0.0280809071676857
0.231128013224536 -0.147842871219494 0.15625156978377 0.0954866709413413
0.371440172646351 0.0390019480592715 0.0863984991945458 0.202038987466752
0.26237606748568 0.291916165158172 -0.0773934018682424 0.243124357906893
-0.0623471002241224 0.406671169201036 -0.116601076510194 0.14011737086361
-0.337017956097373 0.391817794630386 0.0292728606155375 0.0533912558088784
-0.375140019372871 0.231649162371884 0.212334651410123 -0.233297067405809
-0.315569781982928 0.356954577094247 0.357876306430045 -0.143379473379739
0.00194548026467179 0.466142385617763 0.274041668317411 -0.320071562714639
0.319790454950983 0.314050284729758 0.0265506705804393 -0.371442002680625
0.340008548775622 0.00455795809427038 -0.121962073665311 -0.199409581606448
0.232205969671855 -0.151978079335144 -0.109585358528174 -0.0795086433879598
0.108603988254437 -0.258306793717929 -0.0282470809055777 -0.0337688658634458
0.0270250817096586 -0.267985268430457 0.0146006258338968 -0.0654368903601236
0.0226700368492094 -0.268259324915397 0.0650240540099032 -0.0847155755601883
0.123302451524202 -0.22197337077609 0.131403505361586 -0.056709827588303
0.216422555133877 -0.141230620439428 0.206770641085043 0.0313210359872055
0.342291954980425 0.0420160344294895 0.142294275591764 0.166623243671811
0.229837144958643 0.274663874875624 -0.027751740865898 0.224847205583736
-0.0787854027748572 0.359507476269255 -0.0839843930651851 0.0989415983462615
-0.323549291772797 0.327138477880746 0.133942184647736 -0.0253322486179008
-0.294755687510961 0.1331602207087 0.366306962017241 -0.2541771837916
-0.284201472915314 0.238601533940556 0.429355851249913 -0.153743212575687
-0.0493431363162562 0.358866924926601 0.322072486597978 -0.250500391447751
0.219966415796945 0.272088674866694 0.116216192452587 -0.310488702285873
0.263929819727538 0.0241362103019038 -0.0137592154657228 -0.205426628703181
0.185476949185266 -0.110249108580235 -0.0241634991214146 -0.145906092311237
0.0934024107205405 -0.204017890565328 0.00945416765439807 -0.119500515413575
0.0282781436258441 -0.220553125035028 0.0346279143322509 -0.144353158289916
0.0246693816761293 -0.221825335005781 0.0807422706865109 -0.163891738399032
0.104774734477545 -0.186376544422881 0.159589298095745 -0.126599999100422
0.184193240333185 -0.111459666588275 0.24708563766442 -0.0153992751922626
0.276812350585254 0.0563538479949397 0.180251589757078 0.143419707219938
0.158844064519341 0.238956950849445 0.00667444323574068 0.207674568736065
-0.104753059851504 0.274216341192818 -0.0610403842513064 0.0634785742954912
-0.281466159185817 0.211923717305944 0.218398956776625 -0.0834866048544512
-0.157039335878163 0.0130332547858627 0.457971705317108 -0.247411985336932
-0.187435857801759 0.0885639622134964 0.451960689419974 -0.156257810861521
-0.063393053425152 0.190401460518079 0.33695096642503 -0.188226336923229
0.101993080031648 0.168016736897166 0.170308914562839 -0.252973257226698
0.145367803042603 0.0246005351464452 0.0586445349552322 -0.207787845925451
0.105691369969403 -0.0563334722141973 0.0330514378047496 -0.192768099907239
0.0603786392171594 -0.119297836170465 0.0328480784422759 -0.182349533320494
0.0244346938233994 -0.140082983201888 0.0486128755409408 -0.198740314987742
0.0248760875548141 -0.145596997988593 0.0979865015314304 -0.221410724328474
0.0761718750375631 -0.127958919275579 0.189594225626259 -0.170949477137446
0.135846253136751 -0.0675878687385593 0.286043204944821 -0.0366990397155842
0.185116921133671 0.0654506176075591 0.206797638756977 0.143198895097898
0.0718747849591541 0.180630430459041 0.028625193931054 0.204537689238652
-0.121100879007108 0.160771547447784 -0.0462561155195816 0.0420672166360571
-0.205414304114079 0.070433551053737 0.279017726025841 -0.11147297969116
0.0765353925173139 0.0684847792841511 -0.300480809160986 0.192230092094654
0.0767209748358457 -0.0448442608765213 0.054805932973628 0.0614278075646412
0.0084995430506706 -0.0996812608253439 -0.0147052545973499 -0.226338434897821
-0.0693911512140714 -0.0442555737596092 -0.227242783955083 -0.195028753908092
-0.0537271754461988 0.0185932594143034 -0.339166415000039 0.0217363574239877
-0.0177571995706089 0.0293212249951839 -0.243563252853263 0.22851944062406
-0.0215839131987982 0.0395101969029191 -0.105484423654515 0.27605093202787
-0.023872877364641 0.0319191633521995 -0.0313930125659732 0.251887355854253
-0.0268751385801767 0.0117608481541735 -0.0105984267879453 0.241463044021675
-0.0256494547010274 -0.0145499297075044 -0.0256909119859983 0.247814521687355
-0.0196598281595629 -0.0360039548320261 -0.0797003097168312 0.24215339714017
0.0291827036377317 -0.062037716730443 -0.188338489757877 0.238519862453569
0.0803401021159034 -0.0245707693467769 -0.310114895603798 0.190316502565298
0.072888665290332 0.0761834511498152 -0.369083975113276 0.142202523075072
0.0276857073420474 0.11586940696246 -0.414725078975906 0.260057440499896
-0.0347180648182104 0.199569381274923 -0.311075308909566 0.11743290327809
0.0481704072109171 0.107106368849492 0.0525587803422666 0.0355076698953561
0.0943518654349753 0.0273574720819276 -0.0132441012363601 -0.266741346501352
0.0722399227016218 -0.0147145534263708 -0.248710093609933 -0.243696771474672
0.0421941915448055 -0.0328020049977733 -0.366366757590546 0.000540124620374085
0.0348701693470092 -0.0524036003582202 -0.267305766259621 0.221257728457499
-0.00836551019355327 -0.0681504104546533 -0.109879761294595 0.271231261491626
-0.0234021674209796 -0.0730411983716273 -0.0295498366358264 0.237045331321538
-0.00582706584681986 -0.0912044226691642 0.00217411564049933 0.223765508095976
0.0514603332960471 -0.0881957252305448 -0.00368800027912482 0.229774133694824
0.0894238351223498 -0.0574160794321318 -0.0398487412163808 0.233003214062146
0.156032003178482 0.0118050085230083 -0.13982702209185 0.244523419908956
0.12177569274314 0.123065084011078 -0.263818353137875 0.213869530585495
-0.0111637708505084 0.219360171670724 -0.299050227137752 0.175726536077216
-0.123140092735235 0.244790878036846 -0.332195712751505 0.254471969976448
-0.162097468054619 0.296154339604717 -0.260861156942323 0.0197886563984096
-0.0237021120293241 0.261221385690977 0.0835142637411304 -0.0116611289226426
0.152241685201069 0.187185045680721 0.0166619614207844 -0.319201845902715
0.221406028051888 0.0508786509504638 -0.244170065032565 -0.307569972321268
0.158819454613719 -0.0694452704216793 -0.370558454710198 -0.0443890738262032
0.102184848785126 -0.126372024300866 -0.273657556847209 0.1805589309721
0.0176283280183034 -0.167330414117339 -0.107479134397321 0.230468925959362
-0.0197691877656317 -0.167006174625007 -0.0241977957276893 0.18837952907144
0.00130028036986886 -0.180332154025545 0.0205552332193146 0.170703988340265
0.0997130859964022 -0.158971892575339 0.0347036848082078 0.182036449037421
0.168878549858253 -0.0989041675092507 0.0296427137621863 0.205333538995377
0.271784623159126 0.0335721682900076 -0.0606183656605169 0.249785875425859
0.194362131249034 0.221609528066811 -0.197296462572553 0.244415302722008
-0.0380726996622583 0.336380194168376 -0.221262501452751 0.194098879404597
-0.229523729191352 0.352976588174037 -0.213213695589943 0.215033585376578
-0.27730132417228 0.341049466825433 -0.14837882995505 -0.0850783549538699
-0.126248523538766 0.381579084640307 0.150420144508982 -0.0718315061427897
0.162879807725077 0.347720387054203 0.0782316653286811 -0.36076177517605
0.340487446366572 0.145885207568657 -0.197979016291862 -0.365172434331679
0.27016680456374 -0.0796453054103255 -0.333403648868151 -0.100299061287362
0.169288871195062 -0.176294243388765 -0.251408844916743 0.108083367694896
0.0489811059626788 -0.240457673878776 -0.0930165371269577 0.157796463735397
-0.0136372088818385 -0.23693759691998 -0.0164926867533917 0.113941689127248
0.000191619312545139 -0.243457414814113 0.036851929945082 0.0927172751189176
0.117951178296563 -0.212158784491008 0.0738738155404442 0.106897887270287
0.209472665604779 -0.142669983121376 0.102272814542302 0.151709669361439
0.348058851861129 0.0193363742161341 0.0276442530933346 0.232570694119719
0.261280891399 0.262740462479023 -0.122164597263909 0.257408957931989
-0.0317333419439742 0.401441599279253 -0.153195346627315 0.181865266597515
-0.281706199923643 0.416699158576492 -0.0848135878621112 0.140309198967058
-0.349216907314042 0.32815702733968 0.0131447648942401 -0.180734827381678
-0.227062687366149 0.427210529884268 0.243983740656698 -0.128364136298396
0.118741152171745 0.454770226458727 0.162160066057244 -0.369392536478142
0.385522937891862 0.239006380030253 -0.109445734881289 -0.38851117108912
0.338598283249796 -0.0593095767745816 -0.249040828346429 -0.152946046899569
0.213806996460857 -0.190675441915217 -0.194187535988157 0.0192769565155532
0.0747671615763443 -0.274265801835461 -0.0661698111863488 0.0644001089728299
-0.00614187336187586 -0.269804881077202 -0.00446605855821968 0.0239334022847817
-0.00385325794818617 -0.272114214215465 0.0484856106709589 0.00221549555442196
0.11426990882254 -0.236832101186261 0.103076349264119 0.0187395966297542
0.215426454755687 -0.165165477439398 0.161514234861875 0.0818530420561751
0.369250753392999 0.00459339394055787 0.10220595005845 0.195620245975395
0.282951322389206 0.265063019186536 -0.0567939926517739 0.24767344288739
-0.0278798282080004 0.406546949574622 -0.105163350808286 0.147676649468755
-0.29676529543426 0.414071174823708 0.0310492511617288 0.0475106955481094
-0.349719943820959 0.260716768130895 0.191064479888476 -0.246689702339619
-0.283009251305595 0.377447461411064 0.340188965162453 -0.167302013027461
0.0439605161595544 0.458469730256372 0.243519923493373 -0.333650951190975
0.342795904230902 0.282058530324329 -0.00201047850156474 -0.367029640483501
0.335927398594979 -0.0242200387449336 -0.136509088413939 -0.186484622903816
0.217467337869254 -0.168939294374466 -0.113847919255659 -0.0686417204301575
0.0852615011820541 -0.262176857409289 -0.03250484982532 -0.0323835157345632
0.00117598774491738 -0.263025348435815 0.00946726314042878 -0.0665445597794678
-0.00252619824866639 -0.264061797503412 0.0570031797013883 -0.0879517613823683
0.103040686817537 -0.229094039321762 0.124843333027858 -0.0662163930551758
0.201468506067009 -0.157489138370525 0.205259985119123 0.0145351805866935
0.340378127421495 0.0109585916241717 0.154013030500377 0.154814106307858
0.24871819610158 0.249971816967468 -0.00874856125561861 0.226321293181549
-0.0483011470149976 0.361034338796164 -0.075918044337874 0.104779672620656
-0.289014235709396 0.348513854631475 0.128226446859689 -0.0383817284465597
-0.279458356761121 0.155021264257583 0.343245533628461 -0.27929650842335
-0.260912038816933 0.258342772899347 0.409659466303001 -0.18353411358297
-0.0175474057160933 0.357422874938597 0.297823996106539 -0.270045809255497
0.240397126216011 0.249970502248008 0.091485941411625 -0.313019214156506
0.263007849212804 0.0022094933493959 -0.0287484463570278 -0.201043559628563
0.174922891381723 -0.123694332455833 -0.0350808083439378 -0.142071429724507
0.0742367613406461 -0.2078457635279 -0.00137233436254768 -0.120014384928077
0.00737365518351622 -0.217645606009881 0.022031634822776 -0.145668578316599
0.00452886854846896 -0.219962683897195 0.0659137652853497 -0.167006973130039
0.0874513159542696 -0.192183766810339 0.146604880111 -0.136666498344681
0.172962705948586 -0.12447995878848 0.242121056118602 -0.03523342879207
0.277155675963634 0.0305232016229146 0.189448119930444 0.128885440419174
0.17549207120699 0.220990383090952 0.0233193061817529 0.207045732489005
-0.0815201361186695 0.277686907053142 -0.0562400183362716 0.0686030978508876
-0.257158743842237 0.231196280865697 0.207841241049716 -0.102312360822924
-0.15181000829165 0.0255171339659005 0.435051918843929 -0.280014568496477
-0.175928420148072 0.102937599500504 0.430696006764674 -0.187065355878354
-0.0459014995215773 0.192211048044852 0.318736863908766 -0.209421603489547
0.115218881859334 0.157901041409532 0.150107591091149 -0.260517353534736
0.14570290365375 0.0132878704912188 0.0423441409804321 -0.21041984615144
0.100634030801157 -0.0630376668398268 0.0175267862488743 -0.193696056681649
0.0499620843280277 -0.121351329494949 0.0167574376332228 -0.183457460821871
0.0107580290327661 -0.138924339521274 0.0324050213195436 -0.200641255929481
0.0121658006800213 -0.144403197803596 0.0776347579641657 -0.224903322773348
0.0635777033168005 -0.13101884791916 0.173592248006071 -0.182217139574687
0.127818695478385 -0.0776063166051968 0.278690950840744 -0.0591757231301848
0.187211060045264 0.0473799767457087 0.215083501495157 0.125853478708747
0.0850251804029088 0.171171200779843 0.0443872918489666 0.201718714084008
-0.106868149372847 0.167258718800764 -0.0430450210499207 0.0468503588462204
-0.194308841267014 0.0855008520755408 0.265028806455084 -0.134488888521071
0.0799648017558151 0.0587249210848596 -0.273128024295759 0.204761498126766
0.0711370586895631 -0.0475846902454158 0.0582797127910587 0.0556688520438971
0.000580633112691142 -0.0963540546583561 -0.0292747376960817 -0.212892234503112
-0.0687382864325812 -0.0372012115563665 -0.23005250362965 -0.170807700997515
-0.0503915671674127 0.0210676941344331 -0.320326530167966 0.0440142449133366
-0.015407863452183 0.0282345749959922 -0.213465658072728 0.232594606253389
-0.0175464478063071 0.0377933140429366 -0.0791493027802184 0.269743324150144
-0.0195866162489935 0.0323678392869047 -0.0114607624055274 0.240473728941917
-0.0244147506817322 0.013025237370518 0.00755339026327195 0.22956136774989
-0.0254051255700942 -0.0124419501379502 -0.00631882489505095 0.23642143949193
-0.0209609548869331 -0.0328386684177363 -0.0584096901520717 0.236550416879975
0.023105921042063 -0.0606798402803268 -0.161126379494262 0.239704774005841
0.0741099839141461 -0.0276764282838679 -0.2813110798236 0.201297249999134
0.0751477804383512 0.0687430303077842 -0.344013668537505 0.156644877654495
0.0344999607887182 0.107077456389323 -0.379426497989329 0.276877128603059
-0.0170133422585839 0.191829293480363 -0.288855968146918 0.134429950583195
0.0541214619594822 0.0988797180156972 0.0538337063335644 0.0318098377731879
0.0917698008795384 0.0177920381938788 -0.0307809020877025 -0.250974451447069
0.0681952093428566 -0.0202220059703839 -0.253660572253773 -0.214678719371718
0.0379630895184801 -0.0348052922486329 -0.348639725464262 0.0248043950196922
0.0291576048654694 -0.0535640578014464 -0.23705684934932 0.227798531328678
-0.0126163848646575 -0.0649334251746844 -0.0851638967933401 0.26456030181243
-0.0278705875500429 -0.0665001867395441 -0.0119217874054387 0.226103555841716
-0.0136542254975289 -0.0856471117721767 0.0185200606501625 0.211806617881931
0.0420008716862201 -0.0887067004508152 0.0130105011954369 0.217292641245299
0.0810476854454066 -0.0611608998700958 -0.0217570247376225 0.22482260536634
0.148156791199806 -0.000756569793010007 -0.114624804060574 0.243057292492167
0.124775814259088 0.1101781468124 -0.236704405007153 0.220736991777575
0.00557045153971799 0.210593002086546 -0.27467272698728 0.184419876474882
-0.0985375150177484 0.240403335131699 -0.302219911771634 0.264934114106164
-0.13095604289343 0.291519562662461 -0.249593529466776 0.0376818856745152
-0.00396488070938731 0.25061289270631 0.0792184493662454 -0.01453577409307
0.159538395643781 0.165286614177403 -0.00645713295364557 -0.301948917457846
0.214852306365873 0.0309318703253589 -0.253542569337728 -0.274735955995551
0.146232014047292 -0.0787809621751088 -0.355845993401141 -0.0157120243984365
0.0874909972264828 -0.128729631990124 -0.246276154034835 0.190768613723111
0.00394405937885918 -0.159716979734162 -0.0862619483710915 0.224836354849266
-0.0324469835981249 -0.155181628320695 -0.0103525736295963 0.180308629943188
-0.013005723313333 -0.170167571064246 0.0314321563220586 0.160028537930018
0.083040483428811 -0.15914002713265 0.0469358783040929 0.169448200364619
0.153461198613399 -0.106767567466663 0.0423622225166224 0.193168431258141
0.259941266203237 0.0100700775691414 -0.0390966977136449 0.243446585879629
0.201095052415414 0.197082791995723 -0.170706716258241 0.245946258478249
-0.0128293973774763 0.324087950242434 -0.199970760256867 0.196716339123975
-0.190556436405612 0.350137061937293 -0.191128100809987 0.218364747631012
-0.238348631777229 0.342974294172596 -0.149315638674785 -0.0700497797611205
-0.0935484571623421 0.371681233116239 0.137602258893103 -0.0755005833027635
0.182415080341505 0.317095396259646 0.0490486614306558 -0.345475654744977
0.3355799315982 0.111927259359776 -0.213187899597104 -0.33231463915678
0.251177238188232 -0.0960811700531171 -0.324713807462869 -0.0721385218632866
0.147806719549771 -0.18108050087211 -0.229641560980302 0.120352519836177
0.0284055307647281 -0.231747466330812 -0.0781148427579317 0.15424166810615
-0.0321185933051664 -0.221316428111606 -0.00799428291294579 0.108765350081409
-0.0200401462124307 -0.229160933048648 0.0411744295182245 0.0847063601864947
0.0956237450081916 -0.210882002446585 0.0775930239795164 0.0958149159064618
0.188750540542901 -0.151452145988869 0.107671304836103 0.137283775866937
0.331807828225543 -0.00935810342118136 0.0439731700696354 0.221282521043084
0.268428885214764 0.231545861741341 -0.0981918274996937 0.253385608707907
-0.00254124075915247 0.384569250495923 -0.134797551007026 0.1834271813777
-0.233983303198349 0.414524967916731 -0.074055119215072 0.138126448016019
-0.307882941630874 0.335614959655778 -0.00116577016326861 -0.170975780961061
-0.187207704172727 0.421697788158239 0.222212586098426 -0.136107956897326
0.148145706635527 0.421732178970714 0.128284149309368 -0.359603617026936
0.385664232247733 0.197649650460525 -0.129504186800164 -0.360968216988817
0.318622156672218 -0.0817705295299592 -0.247902344241871 -0.128226713431477
0.190136782847693 -0.197059657681618 -0.181872933600804 0.031757535231037
0.051020557750659 -0.265094455900701 -0.0597180007730497 0.0636785959605995
-0.0276091988258328 -0.252765028494454 -0.00331387625052456 0.022959358122986
-0.0251223685632771 -0.256237229658493 0.0451226557001825 -0.00189911884792747
0.0915777756699039 -0.233765680769504 0.0991189800983519 0.0110628478821478
0.193319419741951 -0.173136233875509 0.159102968254251 0.0660350822450129
0.350021197353171 -0.0243871414404653 0.112703984347994 0.180034947134325
0.288495354744052 0.231147703398912 -0.0359702589054472 0.240456685872867
0.00163140436705676 0.387820615408016 -0.0912857838011215 0.147095855152073
-0.249497394268038 0.41353341851997 0.0302587213554001 0.0418513695935433
-0.314107993743337 0.272449428039874 0.16467684576846 -0.247395982003153
-0.242184246188093 0.378938340516984 0.310312925961314 -0.179330599747964
0.0758708362378171 0.430232473595304 0.208851087870303 -0.331383573737565
0.346935128832176 0.242463655482173 -0.0249513875535402 -0.346730091154205
0.318354985452517 -0.0475813254911287 -0.142070672765853 -0.16798621259369
0.195166727666092 -0.17683467318519 -0.112671193731812 -0.0577325971914715
0.0607804173242319 -0.254114435265132 -0.0344466839435483 -0.0312947125499529
-0.0199314343294112 -0.247872665576068 0.0030830554381978 -0.0646800857133865
-0.0231381950900303 -0.248620260455813 0.0470952974262882 -0.0870472256338387
0.0809098441369471 -0.224484193110644 0.114033731975385 -0.0713070597024897
0.179945562467994 -0.164628793280247 0.195187645065845 -0.000146197013880378
0.322796774171435 -0.0158179186236997 0.158216988910016 0.138754807399251
0.254813382157173 0.218075451722097 0.00836847127808546 0.21696604154086
-0.0209271789051664 0.346354648442282 -0.0656050790309841 0.105403606687419
-0.246216254453412 0.350118776363866 0.117093770262852 -0.0474486520120693
-0.252653600747804 0.166969023046762 0.308131928981619 -0.289899298902426
-0.228817883693093 0.263494551388669 0.373733219385563 -0.199349067490672
0.0110032133964252 0.338595982646753 0.265420638728253 -0.274698051926973
0.247233790575427 0.219704075483826 0.0671425960290337 -0.302635831405365
0.250828810533996 -0.0169245228706947 -0.0407157740134262 -0.189927669314564
0.158143028802144 -0.129908321711179 -0.04282262093514 -0.132915609944742
0.0560144965328041 -0.201895820755896 -0.011331675008048 -0.116154088282759
-0.0106705947669837 -0.204820891307231 0.00984760034986326 -0.140121451154514
-0.0135317393778711 -0.207199923789693 0.0503190614965472 -0.162338124653252
0.0682233537521644 -0.18759877788747 0.129612520249215 -0.13819955082602
0.154830110535906 -0.130344033746694 0.226968021237689 -0.050554788894679
0.264417394284804 0.00784219490585541 0.189951046527989 0.111166576797451
0.182972617291849 0.196465054616132 0.0369127615151425 0.196414400488361
-0.0580315311022595 0.269892849630325 -0.0488272611559445 0.0697295195804026
-0.224836302172539 0.237325634043616 0.188344550785493 -0.114086020053692
-0.141437783161562 0.0349123664543077 0.397323138307369 -0.295969861219112
-0.157917898092746 0.109605682352086 0.394414450272029 -0.204072330446611
-0.0277379268488701 0.184670978848261 0.289475417157749 -0.218343044559288
0.121649719820344 0.142136869083184 0.126394061095935 -0.25674524445681
0.139604445014387 0.00275983550086451 0.0265563834087296 -0.203922872805579
0.091508543823043 -0.0665387540818213 0.00292500425156135 -0.185883274665645
0.0382003245946797 -0.118429051765744 0.00288478365458858 -0.176669001744112
-0.000994202187760446 -0.131161986527794 0.0169621525199355 -0.19379334297781
-0.000260846759980671 -0.137138157006928 0.0575414653679465 -0.217917548406187
0.0505027978046877 -0.128579932778816 0.15217740693821 -0.183782109897932
0.116300139085582 -0.0824378995938526 0.259160644525582 -0.0752504954332406
0.180172416069078 0.031306656343099 0.213972048086407 0.106689620197079
0.0918415991602328 0.154873992155117 0.0568314591779573 0.190330446244731
-0.0896260975914947 0.166001267415425 -0.0381801984441639 0.0484296218629751
-0.176875134248655 0.0954502747793321 0.241171146164283 -0.148185571729037
0.08121107894455 0.0490996182689039 -0.21165730578578 0.242112177713657
0.0606662108864652 -0.0538614320214929 0.0695646978102409 0.0411636227813178
-0.0177332197746065 -0.0883417439289309 -0.0610138228592196 -0.199065115025042
-0.0729850901702219 -0.0201173071671036 -0.246927664098906 -0.127128009082665
-0.0428997228385961 0.0330261168769613 -0.295498858558206 0.0955739643789224
-0.0078148493741921 0.0295421475041711 -0.161688884014016 0.253007279929215
-0.0074686742959234 0.0376243786759826 -0.0335781586590098 0.267827720408118
-0.012131131803785 0.0329936980416957 0.027600594984374 0.226397026353307
-0.0189813662784954 0.0154683554715065 0.0459229419148767 0.213107991551756
-0.0242849700767431 -0.0062912102273052 0.0364805449795235 0.221445965005772
-0.0224781990886914 -0.0254912294642948 -0.0132791000113169 0.231203945935035
0.0103816686667919 -0.0565330952923618 -0.107924022100581 0.249531851720837
0.0614590982436253 -0.0314168170560415 -0.225506545373297 0.234201055336303
0.0742998797941236 0.0543809464309367 -0.293815661062461 0.201573247537325
0.0426112011649152 0.100302609555784 -0.31133218314132 0.313984538530907
0.00887969940646108 0.181991885939332 -0.244662568884949 0.185656228764227
0.0653010603834084 0.0816202149425156 0.0592660556491788 0.025797575574087
0.0808074831705137 0.000900683627151186 -0.0642055997473509 -0.224114480589128
0.0523192089102197 -0.026493870160233 -0.268201471968163 -0.157968076829019
0.0281066825937207 -0.0306689590502771 -0.3189133976183 0.0805595661377301
0.0213942404359597 -0.051293310566881 -0.182589404820095 0.249019668468195
-0.0192539422344678 -0.0563143529366037 -0.038442714612213 0.259619816093725
-0.0332574335092743 -0.0553505761692829 0.0251904830645624 0.212025002896463
-0.0236496125135859 -0.0762840415474763 0.0538932209046272 0.195912963833924
0.0268007563548232 -0.0879819520797934 0.0528077062979562 0.202225436703948
0.0679556257446854 -0.0647675875466903 0.0187854653659159 0.213721105303752
0.135882493772786 -0.0198425071097436 -0.0675826418017249 0.245588421519509
0.125664706918648 0.0872001763075622 -0.18146105621907 0.246633119686873
0.0314366913315932 0.195567201100864 -0.227720307932741 0.212886344059973
-0.0628179339788505 0.241473303105884 -0.243522728407074 0.291046588714534
-0.0838702959805755 0.286581368589529 -0.231259546928515 0.0940974473212848
0.0332273348130515 0.227218420180885 0.0707450619263262 -0.0162273045251594
0.162887337344194 0.122572739397621 -0.0473217560486857 -0.263806492324866
0.191816047417206 -0.00466906418035924 -0.270194583518383 -0.205194244395554
0.119737007825858 -0.0862808286949757 -0.325147486631082 0.0407495794370306
0.0646390983036897 -0.128595648382092 -0.194566478760982 0.212280053783472
-0.0186171369467259 -0.145360506350107 -0.0434018344397188 0.218838836515888
-0.0499625060750513 -0.13627585686437 0.0190466541403195 0.168230422869751
-0.0363240499475009 -0.154405325221852 0.0584001962450489 0.146496272537672
0.0542292883859072 -0.15968875381878 0.0765246019853432 0.152413461825446
0.128921969395838 -0.116680364430845 0.0724062613601408 0.173856537125784
0.242439705600879 -0.0267207563502241 0.000951729114790066 0.234673315440963
0.208095049959159 0.156249296417244 -0.117067118772584 0.26154969635265
0.032335847271856 0.302257924320138 -0.156910056800348 0.211384381020649
-0.131638953058212 0.35522253309789 -0.148068735533224 0.227590468278204
-0.175387230396557 0.345761582680046 -0.16307700031911 -0.0214733188160851
-0.031205213920169 0.350702978890117 0.110104704722079 -0.0780762657033349
0.205140003323596 0.254949504874059 -0.00540097830114177 -0.303167856211573
0.312885145631499 0.0488400384358883 -0.237400445864307 -0.256034336957791
0.211591325323072 -0.118964188386153 -0.297580823238392 -0.016642469931771
0.111899608074756 -0.185762595338465 -0.187891113903971 0.14236561138043
-0.00779161771717154 -0.213948316328046 -0.0446526043043005 0.147529453739057
-0.0590330090940931 -0.196521275727624 0.0106751357236434 0.100564163812396
-0.0515539980536797 -0.207964158813581 0.055389219525491 0.0752704227374324
0.058220060323183 -0.209923566921569 0.0940891607759703 0.0792677383903639
0.156331720584511 -0.162751013704654 0.123383579864373 0.110146230247626
0.306745823809195 -0.0548875785014263 0.0739420029978282 0.201697586804667
0.273764111524349 0.178178201419488 -0.0476530835290848 0.259312289812221
0.0516669628987813 0.356128342367083 -0.101219224493082 0.186385966580961
-0.161920581352181 0.418318740727567 -0.0533787325092575 0.134282771724434
-0.238407836554457 0.343706883514393 -0.0470379819053686 -0.142183473995589
-0.10930166990537 0.406719713031391 0.173700805972143 -0.147074295772688
0.190249573696911 0.35221664051973 0.062457994976587 -0.321914084687626
0.371153530127244 0.115391253022897 -0.16367618839042 -0.289443861177763
0.273996396907544 -0.117033660502783 -0.230735329824417 -0.0810405155665107
0.147876912256825 -0.207136496864509 -0.155849608699467 0.0506859344020885
0.00669857998702487 -0.248728845719525 -0.0405408473575355 0.0579320596254972
-0.0597574696235333 -0.226358702101638 0.00196919723392783 0.0192438939875434
-0.0615554292265389 -0.231732873893427 0.0456514900209419 -0.00551227733904268
0.0507897764796517 -0.230622960877246 0.099683871823007 -0.00424534515451824
0.158476200405932 -0.183954767871697 0.158938862012234 0.0349561400045271
0.321881392609321 -0.0721726521124258 0.129861918548205 0.152231813944045
0.29281097239482 0.175485580751053 0.0083874397037639 0.236759723068689
0.0570168745731937 0.357967186840297 -0.0669319546349497 0.147181693991851
-0.175394469743731 0.417168325251984 0.0285447928487498 0.0292854735436589
-0.251182564944422 0.283307111658867 0.0921244915400622 -0.244909847888732
-0.165199458461634 0.37445128288121 0.245739801548382 -0.204245970331863
0.127622462493516 0.370763088685185 0.137678429831934 -0.310621734741013
0.344258447009761 0.160322942139292 -0.0670118675806759 -0.291458963422152
0.27863179445368 -0.088705071200625 -0.139550314868661 -0.134500507231874
0.154926133908723 -0.189055400987596 -0.105324624368437 -0.0444451442952088
0.0173122900508985 -0.240363970504115 -0.0310848297646349 -0.0349081971284881
-0.0521484523663091 -0.222950365720433 -0.00546235451912141 -0.0630810189897871
-0.0586585089830115 -0.225146528785255 0.0335235614090386 -0.085693002082848
0.0420838747523524 -0.22130949773964 0.0993058423746089 -0.0825910058273591
0.147413183245626 -0.174284121021989 0.181053776003385 -0.0334505949699295
0.298158315776924 -0.0605968957476398 0.166047194507506 0.105414397853816
0.259654940072455 0.167312035642878 0.0452068241784524 0.207194397551326
0.0293741277448955 0.321976831379454 -0.0489725446729234 0.104309487733779
-0.178267410413046 0.356746883926214 0.0957452614870733 -0.0665359997999534
-0.206886627993252 0.176581624170443 0.220690359759575 -0.314250736766447
-0.169958464827899 0.265019673064284 0.303390673786174 -0.23896351816671
0.0563813365467116 0.295509499375038 0.197384484149488 -0.275103732717065
0.252523977055492 0.155165250343334 0.0219855709128786 -0.270429397715705
0.220845691289629 -0.0521429782370749 -0.0533169887310387 -0.170238835771977
0.127203909968806 -0.141658294583584 -0.0544578100798107 -0.12421445394565
0.0191045900825625 -0.191787016457085 -0.0233016988253104 -0.116436240002462
-0.038250966531646 -0.186039888900744 -0.0116259729373401 -0.135388314754223
-0.0448354362804602 -0.188238420714351 0.0240470661113014 -0.157395475425729
0.0355776294306854 -0.184993302040178 0.101472785163181 -0.148070186320225
0.128346473248135 -0.140422206405883 0.201212647093602 -0.0851668383450794
0.247543578936339 -0.0297215790203546 0.190739092888491 0.0737522188760923
0.19084994061675 0.156867333045447 0.0689794881112826 0.182070583087274
-0.0161271209670313 0.25709745376208 -0.0373844399006607 0.0689948090270281
-0.173320911338499 0.246659326277953 0.152681513383878 -0.138900869477354
-0.12128533930172 0.0411945810360453 0.308984340918388 -0.342760607755905
-0.127227940095267 0.11422401273611 0.326695529090599 -0.253547576155505
0.000567330159571061 0.162674725980834 0.229178110384525 -0.237933770040267
0.128563798029498 0.103961754196079 0.0792704784497077 -0.247491229915324
0.123466760248686 -0.0190837021932122 -0.00012982072283691 -0.194177153415368
0.0737005838862987 -0.0738931051199691 -0.0237480605452684 -0.178943361096064
0.0162417278792855 -0.113203122740241 -0.0217829412155732 -0.173110772629975
-0.020421099840194 -0.120096235971542 -0.0149964276103011 -0.186069917727451
-0.0224584344516351 -0.126526910937009 0.0197754449362854 -0.210726370401169
0.0275190787298888 -0.127634526458066 0.113525710388154 -0.194867942495711
0.098815044702019 -0.0917564749744727 0.227000172985676 -0.114666653221732
0.173850615244923 0.00412764703248299 0.212944188563503 0.0646713192435814
0.102499306551607 0.130781499213217 0.0849724207868426 0.171024030523167
-0.0599459441879624 0.165960560155468 -0.0288001378042324 0.048154637808793
-0.146641478779477 0.107785242320762 0.197590473258337 -0.178043573917259
0.0784110203048521 0.0454156135795627 -0.201588048396448 0.231255494143838
0.0586415781843533 -0.0511846190249746 0.0684402896210434 0.0396907181896764
-0.0173397441718659 -0.0838047413346039 -0.0564400865080115 -0.18933105673872
-0.0692941875116487 -0.0190271032669544 -0.235706198685766 -0.121062929379364
-0.0400772780690335 0.0304721616273285 -0.281744961157994 0.0902048538707466
-0.00803056283405667 0.0271205152870162 -0.153573693932361 0.238511109211254
-0.00717944994434457 0.0348868962231274 -0.030042053805162 0.253107933644092
-0.0107279864945652 0.0315416952690332 0.0259463641305922 0.214561011061631
-0.0178898204481842 0.0147922202083361 0.0442869481984021 0.202397949867843
-0.0228128477898964 -0.00664233248238223 0.0346744542831237 0.210661419598775
-0.0212256661679631 -0.0241858584269693 -0.0129248705463661 0.22017250492202
0.0107736279389919 -0.0533461646186381 -0.103537868387163 0.235549829473922
0.0588167256172642 -0.0278005971562578 -0.214715372246579 0.219100358079525
0.0708737498255278 0.0530785622486548 -0.28237432608834 0.18836715291794
0.0398181516838754 0.0950435751830062 -0.298331542492716 0.299379597801729
0.00928256805067471 0.172225043940401 -0.234334590839888 0.177628167975825
0.0627283027775248 0.0784137473269282 0.057884349193778 0.0256496527644708
0.0767079285996 -0.000285876710095945 -0.0594765841351077 -0.212703972391373
0.0502040575196243 -0.0260848587436472 -0.254967952425174 -0.151100846689193
0.0275860454142497 -0.0300555493232036 -0.30319398321583 0.0755405521256813
0.0195691999268539 -0.0497717506488781 -0.171940694844095 0.235294708839241
-0.0183176895279619 -0.0532873398022085 -0.0356579174111679 0.245445157770675
-0.031239588950039 -0.0514789267917397 0.02252923170958 0.201631508296873
-0.0228497099813077 -0.0717085997572947 0.0509254981793751 0.184978033518002
0.0252223870673103 -0.0843164654183629 0.0495943802587741 0.191626515623171
0.0645406515817477 -0.0620008280781072 0.0175773408227084 0.203284919335646
0.129597012478043 -0.0194150514836796 -0.0641188440505257 0.232600133777311
0.120345507612796 0.0839004271112353 -0.173473398874603 0.232938519167997
0.0300785895266363 0.187107912330095 -0.219381356310854 0.200244862487956
-0.0595228817382363 0.228137945495861 -0.234221437716233 0.276473341895099
-0.0779788850196075 0.272294003768226 -0.220989708098299 0.0913512405336663
0.0316091892032798 0.217483307639316 0.069359390119629 -0.0127678677177055
0.154964929044159 0.11536305527863 -0.0428184308625231 -0.249651991629588
0.183006726221509 -0.00623199549148483 -0.256876166714283 -0.196013156269124
0.114185135461473 -0.0833209668559684 -0.30922743531004 0.0384660247009401
0.0608858736900977 -0.123616286284074 -0.183687045022255 0.200378929109413
-0.0179865937087357 -0.138408714209934 -0.0417075561368969 0.206098900409873
-0.0482888473959456 -0.127549559966463 0.0173548550368652 0.159374147958678
-0.0352509872016672 -0.145484351501019 0.0548468066869891 0.138157047696866
0.0506927566311599 -0.152425350949281 0.0724917187977374 0.144430091763618
0.122138818556333 -0.111174077667636 0.068279964306205 0.165307794487791
0.229538666494561 -0.0269199374325662 0.0016695974656282 0.223497100257683
0.198771494120422 0.148451961712457 -0.111707864948723 0.248541263819125
0.0300298204255473 0.288275860296516 -0.151806996002572 0.198982075259655
-0.12378991845414 0.335299704456834 -0.144674725842091 0.216146674033843
-0.16534328414347 0.327687391525389 -0.155964468771812 -0.0186311614206284
-0.0300746374350264 0.333483557788224 0.105802542157721 -0.0708920564433126
0.196397676245925 0.240167940961071 -0.00214572833192988 -0.286136034748714
0.298446387391096 0.0434430844592752 -0.224309571642339 -0.244167366233162
0.201723652960928 -0.11436105693794 -0.282597470753482 -0.0173378807282542
0.106447506236648 -0.17792602661911 -0.177688879593712 0.133896458213777
-0.00816017616389325 -0.203356649604587 -0.0440007816911253 0.138825229307332
-0.0576850080659171 -0.184241451224216 0.00882650631342991 0.095071647076494
-0.0507677068142576 -0.195122265165482 0.0522636503057669 0.0707534939727771
0.0543943847695375 -0.199669024901149 0.0893424237620439 0.0748154685199674
0.148531821005259 -0.155514246961338 0.117237936689893 0.105234310487373
0.290222555120992 -0.0540777409666493 0.0716816544619574 0.191627440340667
0.261423869850631 0.167856963662848 -0.0463660728442036 0.246733978361443
0.0494677817245172 0.340141580758616 -0.0980516820424494 0.176660664741862
-0.152509320548623 0.394836733062737 -0.0539924061341804 0.127017137661724
-0.226564597342446 0.325743319178881 -0.0449578770726664 -0.132956733037751
-0.102837708320594 0.387134851513938 0.165841111845403 -0.135486391884782
0.180528309993548 0.332893424596042 0.0627197959025926 -0.30444629124501
0.354196488047427 0.107499060816288 -0.152943314700171 -0.275157755658372
0.260725800039899 -0.111860635764474 -0.218873467160496 -0.0777908118074388
0.1408394832207 -0.198320548338766 -0.14735652702314 0.04692596931445
0.00530462438280785 -0.23564698190332 -0.0401092456301877 0.0529408278368464
-0.0581691338949727 -0.21267840261103 0.000562093402563711 0.0179872862701138
-0.0597203448695644 -0.216766081753652 0.0435576164764505 -0.00602882369337831
0.046754434639245 -0.219682246068035 0.094179373778379 -0.00367874789701538
0.150389443705829 -0.175613393549408 0.15093045994407 0.0339595396301335
0.304519869073652 -0.0703890906232119 0.125865484066031 0.145260639574934
0.27882516227421 0.165193275566753 0.00812781409297969 0.226481831157032
0.0528740559575336 0.341153821824883 -0.0649211847487158 0.139255308646265
-0.165205526856609 0.394332836437716 0.0239547720800412 0.0271023247173111
-0.237208432794 0.269095655304196 0.0889096969943128 -0.231062486418643
-0.158276166608972 0.356550643166751 0.234830893987724 -0.189585001352704
0.121438090498672 0.348555322780064 0.133474466013304 -0.292401872839144
0.329088295951059 0.151165843106972 -0.0615669608172855 -0.277791921678479
0.265155603069573 -0.0842590630686185 -0.131429826198357 -0.129114823989116
0.147354751108915 -0.181219992510128 -0.0996087368917844 -0.0436412865839735
0.0157188479343915 -0.227386722188824 -0.031414064098114 -0.0352654491197409
-0.0509854200382241 -0.209546985975959 -0.00642896182123228 -0.061177257816811
-0.0569439320913245 -0.210728535279994 0.0317278861176872 -0.0818482433011896
0.0391892222481648 -0.209789923485903 0.0940282030051923 -0.0780660755957987
0.139453881645823 -0.166251769321969 0.172076854315879 -0.0313860805156001
0.282354535452165 -0.0580249060739687 0.159855305351612 0.10086752437365
0.247257263258478 0.158041853945782 0.0436636803273542 0.198969079594569
0.0269684638611044 0.305391440260642 -0.0477876886508296 0.0994818264782803
-0.167806447216092 0.336365725578312 0.088638769239607 -0.0642471987518737
-0.195783119916621 0.167553272407112 0.212672982768975 -0.29833200072596
-0.161439254139307 0.251770558442456 0.289996686562423 -0.221471395326085
0.054006316067995 0.278747809724572 0.190100780217437 -0.259116360439571
0.241079391604773 0.145076661163478 0.0229362770810592 -0.257091318099654
0.2108199796505 -0.0501142237425856 -0.0494151735726774 -0.162896744087846
0.120712517966131 -0.13470100346571 -0.0511705111463647 -0.119515892863674
0.017904336163249 -0.181312820191278 -0.0228828564661739 -0.112941834238687
-0.0379657618551118 -0.1743686271863 -0.0117367468717783 -0.129643187053315
-0.0432634984389203 -0.17709973518667 0.0229946390669336 -0.149438773701292
0.0331269559131862 -0.175669362377022 0.0968515158153489 -0.1397568539838
0.121786758095949 -0.134271597604959 0.190988394233795 -0.0802524553576835
0.23446779395037 -0.0285307745423854 0.182383784354603 0.0707660980424945
0.180609092139095 0.147839892109853 0.0655310506160604 0.174454895435372
-0.0158339449655053 0.242915798408571 -0.0358189805944629 0.0665688745099942
-0.162797032076842 0.232417750583462 0.1435607691593 -0.132465648690071
-0.113679609296685 0.0386394904315234 0.295912477957366 -0.325422158898896
-0.119758329006679 0.106974553412836 0.311322398201574 -0.236588978140085
0.00116094906678737 0.152639395608045 0.22048128382673 -0.224729968013992
0.123522234214463 0.0971094316324921 0.0782085960697946 -0.234784144868216
0.117957638262097 -0.0178747420814751 0.00180757018698292 -0.185300382191433
0.0706647292477361 -0.0699695948535025 -0.0236272162476003 -0.171367753761623
0.0152046980166702 -0.107217581558729 -0.0219726004761782 -0.166582335669179
-0.0204379202788567 -0.112337227004022 -0.0148262569480263 -0.178082627324852
-0.0220247939577982 -0.119179506217149 0.0197301548364833 -0.199720020108837
0.0254766134894247 -0.120992424816456 0.10829241414547 -0.184283978491281
0.0937014857139285 -0.0876358119577203 0.215063542273535 -0.108170973827629
0.164241542427989 0.00438767555931113 0.203605226580336 0.0624037574813997
0.0964277410352418 0.123894374267548 0.0808237486138489 0.164112152824173
-0.0569073506611864 0.157447007572245 -0.0278619157510235 0.0457707757826391
-0.13733761993894 0.100778698491599 0.185828705452281 -0.17037715926904
0.0777855722256721 0.0438199442674813 -0.20282749735883 0.226482469901561
0.0602518408435657 -0.0497882869823727 0.0689337636663699 0.0409921099188874
-0.0160384025202324 -0.0828150451735695 -0.0505385778131558 -0.187095559208261
-0.0676161946253614 -0.0205730416437617 -0.229916478483004 -0.123224495974553
-0.0401399984884869 0.0286994032270497 -0.279510508782869 0.0838963263181877
-0.00895259421877278 0.0254600393557082 -0.153890347733134 0.230393745956165
-0.00751652391048934 0.0337514130268013 -0.031721417566926 0.246914047129219
-0.0106406615841134 0.0309059354533919 0.0219711165637238 0.211912651596241
-0.017509484122025 0.0141913965338918 0.0401678551694416 0.199915006471051
-0.0224446661276038 -0.00671482279765258 0.0311649342684366 0.207860931732891
-0.0207063557894743 -0.0234537738112972 -0.0166027388589882 0.217032989533515
0.0118290038567296 -0.0516565296574662 -0.107260689325009 0.228071143411449
0.0585233561012044 -0.0251015102232892 -0.215964235906388 0.209986700682424
0.0694004883578789 0.0547721045716732 -0.284361601617814 0.177542700803865
0.0374040263122457 0.0933640580942254 -0.300468373096229 0.291546729881839
0.00838093272195735 0.168635647450416 -0.235343770565378 0.173989169671529
0.0608708698996377 0.0791193880173528 0.058393051806122 0.0272432769994158
0.0755494244319819 0.00064943927661773 -0.0525865711910662 -0.210094297161686
0.0502927063376251 -0.0253535687993645 -0.248708843511333 -0.153107892642657
0.0276749881311379 -0.0300083777927873 -0.300804722151454 0.0690330602567989
0.0194315383304217 -0.0498197915512473 -0.172117144350214 0.227022671406177
-0.0173990814166045 -0.0531150738998729 -0.0383246516395871 0.239540044624837
-0.0304505597100491 -0.0499145728428682 0.0194494154191284 0.198589132083371
-0.0214719677430334 -0.0703358523640065 0.047267750859744 0.182676577409992
0.0258854103224978 -0.0826679415137804 0.0465323697750671 0.189523655283201
0.0646398048020269 -0.0598677900214261 0.0134724345378469 0.200762639432605
0.128230072511067 -0.0175484912784997 -0.0672650288289961 0.226683114740076
0.117972204949999 0.0854610372685856 -0.175722189414513 0.225566835760351
0.0257741547717378 0.186160381160424 -0.221490700686117 0.192039068579109
-0.0626190896301566 0.222946187557468 -0.238964256879636 0.270162125152782
-0.0808228125656703 0.265428390859582 -0.221181794545763 0.089010019919036
0.0278158867827584 0.215532573127993 0.0699243541755428 -0.00942490827796855
0.15121944152687 0.114977901580088 -0.0359012540520753 -0.246173002221602
0.181081739321599 -0.00539948154800396 -0.249474567743773 -0.197694248885249
0.114278466851947 -0.0812608780207105 -0.304927023493949 0.0319661620673652
0.0612102651361579 -0.121816425326009 -0.183191210528908 0.192482779744592
-0.0163712310224293 -0.136129887966197 -0.0449510336848595 0.200629822247456
-0.0458344886356279 -0.1244892584005 0.0135753927340526 0.156934197186337
-0.0329403789494904 -0.141651726635448 0.0514453602023484 0.136055633431686
0.0514409360579383 -0.149890724225338 0.0692416686693833 0.14257619907452
0.121796069489363 -0.108463045591327 0.0647289478629354 0.163822570406856
0.226305609363881 -0.0238516392897745 -0.00106678574993792 0.219509053077912
0.194699386087907 0.149829618046728 -0.1151665047788 0.243127098793936
0.0244324098828088 0.285400308389467 -0.155061215698465 0.1919138940539
-0.127448094317498 0.327737021274667 -0.149161682123844 0.21184344106773
-0.168169977105306 0.319178346354845 -0.15400547083479 -0.0184780846716658
-0.0351395427265019 0.32990351230826 0.107180116004225 -0.0648824865055
0.18994039774158 0.238134055415057 0.00477560762114709 -0.280468964816981
0.294399106673753 0.0455168319778313 -0.216578167777237 -0.244245196935061
0.200749632506712 -0.110740791866986 -0.278706631914372 -0.0232296350735331
0.107351315029763 -0.175219171973844 -0.175945675265593 0.127544992478552
-0.00586344503321012 -0.199922730299429 -0.046675650405629 0.134369370772474
-0.0546416631001478 -0.180476734716596 0.00634102364053537 0.0932369543762869
-0.0471685199460643 -0.190618395206846 0.0496618169221044 0.0692221190524105
0.056129905806011 -0.19692052361459 0.0866128581929764 0.0748315301184873
0.148294544532328 -0.151748082356962 0.113861782831128 0.105099517530155
0.286298626020577 -0.0506581384625562 0.0687991564524388 0.190066694053481
0.255788789599831 0.168791158434315 -0.049599285888308 0.242968468207173
0.0411752971866389 0.336617075440564 -0.100674548538672 0.171642292221329
-0.156162764582944 0.386262433055004 -0.0580774794015463 0.124219597731736
-0.226841054495222 0.317799167775532 -0.0418270883910335 -0.130307548227076
-0.108371592845838 0.380808362348632 0.167803108091767 -0.126823174637923
0.17382947451388 0.329136573137806 0.0695044412839468 -0.296502526329405
0.34926188293757 0.109471662804467 -0.144565006983719 -0.274950924611237
0.259852393526643 -0.107328077751343 -0.213909618751507 -0.0826585727656311
0.141166329606876 -0.194100281177849 -0.145076143809517 0.0414703033840685
0.00812846154707114 -0.230908367590825 -0.0415887920937396 0.0498247803377877
-0.0546458336639886 -0.208147558616419 -0.000482513899116626 0.0166844291951609
-0.0562221828146041 -0.211925348539643 0.0420041509099447 -0.00603737366922591
0.0498309217883076 -0.215492053661063 0.0927483519736382 -0.00221549386392765
0.150133851406644 -0.171404667179728 0.147867848107264 0.0348826044181028
0.300069487855812 -0.0649373285549009 0.123480646468049 0.144555068722903
0.272449354487398 0.165499939378441 0.00412444471797474 0.224945466018359
0.0470968884886555 0.336498133450453 -0.0675679789758104 0.135997662679187
-0.167829169193195 0.382851557387635 0.02059670989581 0.0265692903432387
-0.237716395572236 0.26010883175264 0.0930221761509152 -0.225188664979628
-0.160994646355554 0.348772671652258 0.236624695375312 -0.178202747123014
0.113875075396252 0.342713684437196 0.139556036111341 -0.284078865787032
0.323181870990087 0.150912436380814 -0.0543926356914615 -0.274328337082481
0.263116016851495 -0.0797736112672867 -0.126894933645924 -0.130420586731618
0.148132814590434 -0.177129304252372 -0.0970540974750446 -0.0455222144443994
0.0181642902497605 -0.223230064874711 -0.0322932896529446 -0.036573680459419
-0.0484372767741023 -0.205171701036472 -0.00700396836598673 -0.0611660881555751
-0.0537439657329811 -0.206019378994223 0.0328578304580023 -0.080997553679823
0.0411710235031234 -0.205741549289858 0.0941855265100419 -0.0748302277521476
0.139938681999821 -0.161852859107587 0.169676403377546 -0.0283519543414318
0.278645674386569 -0.0539788455408037 0.157514507682716 0.101306827360769
0.240589598506274 0.157597861141177 0.0398951195042683 0.198859698062797
0.0217059938543816 0.300995438536255 -0.0493943765871195 0.0979048749513391
-0.169632996184118 0.326592497286403 0.0866256351765234 -0.0629478955288181
-0.19446630521027 0.16138427316903 0.216356320000465 -0.289709370985319
-0.162806783583627 0.24523624583556 0.291782685282093 -0.208709138454527
0.0486492155467555 0.273210294832344 0.193885572677383 -0.250153192490001
0.236782762232779 0.14517607389622 0.0285416649104894 -0.25329568476132
0.208935772387433 -0.0468910863622568 -0.045776088511197 -0.162727641102858
0.121946836111633 -0.131484981817928 -0.0488102063518574 -0.12001674345513
0.0197150913298536 -0.177750153818562 -0.0232625582153191 -0.113001357500355
-0.0360840535898045 -0.170352752742733 -0.0107491510785806 -0.12956594806161
-0.0408255769737482 -0.172875509058358 0.024979665144556 -0.147004766946203
0.034832083502256 -0.171992712556766 0.0981451061946607 -0.135508872146344
0.121497269488557 -0.130956405682005 0.189453037739203 -0.0756321998847427
0.23060727899481 -0.0250673946923273 0.180627417936172 0.0728095177544353
0.174857133774631 0.146758784349774 0.0624282689379989 0.174665298069781
-0.0200419985822985 0.239206902771098 -0.0372741771250513 0.0653430399627308
-0.162480741582262 0.224957482301057 0.141713479363778 -0.129700076393567
-0.111136316634918 0.0356694520564826 0.299563374623803 -0.316086341489339
-0.118977384700705 0.102971452892674 0.312855547362128 -0.223202618501117
-0.00210716630208626 0.148281954287361 0.223274263845111 -0.215106055157139
0.120621821362551 0.0965987738729677 0.0825569354324626 -0.230148979841627
0.116642803617603 -0.0160507908907568 0.00489140669804607 -0.183535064973016
0.0714122224839462 -0.0678216957150442 -0.0204060464832355 -0.169693115325992
0.0160653074839883 -0.104704989206796 -0.0210586137464217 -0.165933895052835
-0.0194846236814296 -0.109825938494273 -0.0127342656756158 -0.177402905897832
-0.0203950387623833 -0.115905243961797 0.0226260751241659 -0.196188396867616
0.0260528822066853 -0.11790067972713 0.110389529187229 -0.178749735840012
0.0935967955241383 -0.0848124215587751 0.213397765944956 -0.10264597092258
0.161172252216345 0.00656181485675546 0.199929738618977 0.0655506526677691
0.0920115319983034 0.122606979429539 0.0777298353310294 0.163890677357725
-0.0583794516363328 0.154065008304979 -0.0291305111367367 0.0448437152827929
-0.135045748877867 0.0955362640447258 0.184174486432628 -0.166613404118455
0.0801294730488413 0.0433462128303794 -0.208708748500323 0.232856420395557
0.0620522564450909 -0.0508120204255644 0.073163919288988 0.0424661409658742
-0.0160201525554661 -0.0844330445642011 -0.0485760583544352 -0.19157083413514
-0.068995870564976 -0.0209654034136935 -0.234680510711022 -0.127350081879658
-0.0409206574708889 0.0286781287844009 -0.286846176430819 0.0833864525255271
-0.0103255807453553 0.0256008124969531 -0.159095411009135 0.232952819429128
-0.0077358257163556 0.0343708356385038 -0.0325578599861792 0.250873482739548
-0.010065786521335 0.0314640855600438 0.0223426694265643 0.217049332915573
-0.0173616844179019 0.0139290600526983 0.0406746469197808 0.204768853335637
-0.0225061067476616 -0.00716402719243448 0.0316130368679547 0.212550779772209
-0.0208107451884707 -0.0232077387918088 -0.0187732900623945 0.222129809023955
0.0130265646629972 -0.0527613423719889 -0.112000831932238 0.231756917007961
0.0608962132136799 -0.0239132369016185 -0.222486487116536 0.210650164241737
0.071419717810778 0.0584152398692908 -0.293607065960054 0.176841395524053
0.0371050347868059 0.0957474363008203 -0.311815770242205 0.297550232014395
0.00797779064046352 0.170544082183005 -0.242493333773199 0.179618836249163
0.0625919150003496 0.0817799494069285 0.0619066373382249 0.0298670577116528
0.0771387269387492 0.000533370325611182 -0.0510892847895758 -0.214662566330775
0.0522599349475644 -0.0272681353662858 -0.253403950220206 -0.157738658012235
0.0290634981575717 -0.0314883710147808 -0.308408685118939 0.0677924247749875
0.0189844938055178 -0.051855344506508 -0.177015929135942 0.229250209275176
-0.0181753399514516 -0.0539661351268389 -0.0398847205900095 0.24254291390363
-0.0305292386714184 -0.0503575210371823 0.0186144008322366 0.203250939471266
-0.0218569258131627 -0.0716976721294215 0.0471348159998186 0.186424692751013
0.0264768144975567 -0.0848546619973084 0.0468906345143461 0.193811643971788
0.0662363494052376 -0.0609838224703073 0.0120616079082459 0.205587087065111
0.131212264817349 -0.017591662514596 -0.0706262083566813 0.231303797185003
0.12116374435155 0.0887780398410179 -0.181569233253996 0.228448626474506
0.0253594705877522 0.191827224025152 -0.230434175852002 0.192258525675969
-0.0655593097755514 0.22719432574184 -0.248684972788928 0.275158449633084
-0.0830723700133737 0.27033657224499 -0.226974683358163 0.0926005138899201
0.027882290529325 0.221839647498032 0.0735036286012576 -0.00687927137206685
0.154380131646627 0.117009667854558 -0.0328337493211559 -0.250420271792494
0.186531802525028 -0.00676917491619252 -0.253403300841923 -0.204004288956843
0.118071728229863 -0.0838148700896022 -0.312985922280995 0.0298267599125191
0.0619607038283182 -0.12569463291447 -0.187433088281243 0.194104602412579
-0.0169822909613594 -0.138960028487461 -0.04730301388609 0.203306579264175
-0.0465604377469299 -0.12534371533943 0.0125457372399156 0.160262684347353
-0.0334243138062745 -0.143670756807364 0.051366779766324 0.138609405720886
0.0527014568888336 -0.153574733138456 0.0698843666261427 0.146137601966008
0.124593346060856 -0.11052010861795 0.0644727283574135 0.167699684966241
0.231520441426844 -0.024466453400392 -0.00232220038913102 0.224192191780179
0.199046983988719 0.152579101315882 -0.119517232762792 0.248012148702714
0.0229862233139142 0.293831827140959 -0.161478179680506 0.194383427922537
-0.131244418981342 0.333437487249661 -0.156301102970586 0.215648093300991
-0.172287716264473 0.325078511814129 -0.15718378435255 -0.0166967019847352
-0.0376016820054484 0.338563562659606 0.112463246934073 -0.0625782676562416
0.192988714282228 0.243054276908181 0.00934252798410098 -0.285384559453729
0.301928496958432 0.0451337968774257 -0.219640628609206 -0.252378563068205
0.207184184747399 -0.113617922332859 -0.28540783495039 -0.0263037724357058
0.109312163182581 -0.179675230882691 -0.180095483870499 0.127307939698231
-0.00598594587628499 -0.203879926523883 -0.0498500704568027 0.135068204588397
-0.0560201779322253 -0.18233737075522 0.00508439950492107 0.094590950280618
-0.0476531316111097 -0.192669284905816 0.0499367045653325 0.0698261864517323
0.057111457314352 -0.200995721200723 0.088298690710124 0.0765747049176987
0.150850310622402 -0.154733999336009 0.115594985351733 0.107959443770528
0.29320138837107 -0.0513714865866176 0.0702291184149162 0.193584835094082
0.262112245914494 0.17254349827499 -0.0526942948763037 0.249237438345472
0.040270550015307 0.345106921253607 -0.105674318463658 0.174492448278538
-0.160417664674061 0.391842971730571 -0.0629101319526795 0.126646236023942
-0.233210181919219 0.322785516429521 -0.0411286390174841 -0.131023019693481
-0.113142486532734 0.391240117371325 0.174202349540806 -0.124876609315953
0.175651793532619 0.335872687451409 0.0746413650265182 -0.301236232984537
0.35784561325641 0.110928709569297 -0.146075389940626 -0.281394230166287
0.267774739213816 -0.110985130363509 -0.218760220863908 -0.0871166737002027
0.14566939584314 -0.198909529641342 -0.148319877171716 0.0402872154871734
0.00838004643963456 -0.235749216307925 -0.0456679118461758 0.0491737879650891
-0.0566573865249162 -0.211145806311649 -0.00204656597371473 0.0165100026500584
-0.0567007004728066 -0.214362886950237 0.0423859685066859 -0.00738339438299706
0.05038237388417 -0.220122522472273 0.0942571568187872 -0.00161219764210142
0.152722428689503 -0.174887801904961 0.151465044048601 0.0368913760463346
0.307568293605885 -0.0660678968960617 0.126553186041013 0.146947513950455
0.277555075610078 0.168871556760014 0.00400504436253834 0.231493073098999
0.0451164302870113 0.344858101881693 -0.0708769322951174 0.138643078273308
-0.17319030617306 0.389287025479415 0.0184602751731877 0.0266632271802822
-0.242977622988971 0.264504133849898 0.0983633649733616 -0.227999830341944
-0.166612112290594 0.356612554788019 0.244864443153297 -0.177140893411474
0.114762655815872 0.349164385239826 0.145168279648367 -0.287155494329296
0.331512377582425 0.153938524413331 -0.0533788786654905 -0.280890603418072
0.271006536280378 -0.0818264896699047 -0.129033692375187 -0.134858576523327
0.152274208049305 -0.182178058743961 -0.0987541751957221 -0.0488888256443573
0.0191358892326413 -0.226825024679822 -0.0352829418693608 -0.039720225690351
-0.0496933970927444 -0.207461524237368 -0.00824588922217822 -0.0638588315629667
-0.0540895773468672 -0.208227623899076 0.0334530793933965 -0.0840495323670646
0.0424684933801041 -0.210301964690924 0.0964522343840856 -0.0754812187356761
0.14334971019672 -0.164983678777185 0.173747066038534 -0.0281346073358503
0.285410067124186 -0.0540370047299329 0.161042400360821 0.103651823857718
0.245110415969376 0.160856005795259 0.0411433830909571 0.204908216856267
0.0197260842015735 0.30828285076128 -0.0516161481549722 0.100075221196339
-0.174684922306614 0.331853120857581 0.0866209200925179 -0.0643475036018956
-0.197900674544971 0.16295704720088 0.224667152122358 -0.294173342676753
-0.168107094964134 0.24902979880385 0.301633333881212 -0.208361621435227
0.0474195377900015 0.27821987167091 0.201517416885351 -0.253071298082782
0.243150839053165 0.147675209610839 0.0308853187584762 -0.257621363580045
0.214479897499369 -0.0470668881759745 -0.0448183853033115 -0.16713128509172
0.125349946743811 -0.134751491924211 -0.0492845816861444 -0.124079749398082
0.0203962131801038 -0.180578947331511 -0.0253731964064307 -0.116948241926934
-0.0375288593180254 -0.17275070231946 -0.0121631365570087 -0.133565079372534
-0.0411998993471309 -0.174860462020205 0.0261001286442029 -0.150816997286141
0.0354361650423482 -0.175154960580203 0.101230314793207 -0.137582525590139
0.124967498503965 -0.13335235690825 0.193372908111134 -0.0755899146313607
0.236484290952216 -0.0247019739277234 0.184834602014663 0.0750496927572377
0.177275623277001 0.150068561398134 0.0639856009394453 0.18099099550971
-0.022442909632311 0.244394770405158 -0.0390429190291342 0.0672436308345654
-0.165594128785144 0.226703333157468 0.143716507772462 -0.133114558639082
-0.11267983327081 0.0351357130854392 0.31005876644159 -0.323001228981412
-0.122274620830087 0.103904760315049 0.324039871003231 -0.22378424819421
-0.00343412235377894 0.150518976844291 0.230797923089539 -0.217488712234676
0.124576111512764 0.0978336685273992 0.0860735621764072 -0.234289432364097
0.119865452360696 -0.0156683993378905 0.00648618141630976 -0.188134782654081
0.0738754760822693 -0.0691222143633658 -0.0205728082614012 -0.174750002659837
0.0158735325392286 -0.106283254023541 -0.0217961734522546 -0.170765477718989
-0.0207567689166291 -0.111387858510699 -0.0142884654054473 -0.183540408168174
-0.0210141866709445 -0.118013936882876 0.0247877032380192 -0.200671827689338
0.0263330743528455 -0.119699638106834 0.114425475417033 -0.180993714985958
0.0951894060969381 -0.0865333195656662 0.218599903032894 -0.102365706599961
0.164986628038391 0.00711284934670993 0.205004814862034 0.0679582164266223
0.0926174422826867 0.125009320163086 0.0788486522724723 0.1700120319904
-0.0603725547913657 0.156380411040023 -0.0312248283729272 0.0467293377253847
-0.136790025061925 0.0958744294270528 0.187669247577629 -0.171375774760189
0.0851071375395159 0.0403426942048182 -0.208845124851615 0.25281063865238
0.0642422462981825 -0.0550482337213874 0.0807508087725207 0.0417620237657661
-0.0199449098761806 -0.0866056764607323 -0.0549771209908475 -0.199460086327269
-0.0723259568482313 -0.02003398053232 -0.247549909360426 -0.125168675013978
-0.0417897864119039 0.0303030631793402 -0.296874517648899 0.0954918475153575
-0.0108074875702767 0.0263560463033961 -0.158216215797638 0.246323168454744
-0.00645415988652257 0.0350886162391698 -0.0242258702628717 0.260611815802992
-0.00827165670007274 0.0333504439476209 0.0307601740600758 0.22570528955023
-0.0170988283740211 0.0143166517041516 0.0495028747651908 0.212310696524665
-0.0237075289055589 -0.006952831380749 0.0402064026629638 0.220158900018021
-0.0215638370753621 -0.0231691553271829 -0.0126785888384607 0.232707569364338
0.0124413798528394 -0.0549817712098712 -0.11098621886579 0.243815756952684
0.0631318366614623 -0.0252297775095854 -0.225372485023153 0.223072480337105
0.077233335944923 0.0602507082718985 -0.303383644918382 0.190155603420776
0.041394011423318 0.0981073361756743 -0.318085184275187 0.321436489636453
0.015133403874195 0.175473963343314 -0.245444389643797 0.198854918664383
0.0684528591936437 0.083095700796437 0.0687133792274529 0.0299462775629644
0.0804432728015447 -0.00243186107661382 -0.0575034227480478 -0.222399013685581
0.0535007785600461 -0.0320613897470318 -0.268366219906351 -0.1562517572231
0.0297030591178759 -0.0351404361848939 -0.31969439469731 0.0796011345826263
0.017093364160591 -0.0554810187563057 -0.176911812115471 0.242525040537428
-0.0207667036033098 -0.0551647848404235 -0.0334183536327044 0.25276026299061
-0.0329010191600071 -0.0508106358988492 0.0260895190231938 0.212117610531552
-0.0247284265665633 -0.0741262525033388 0.0550138547896965 0.192717625650673
0.0251318669072067 -0.0894070758743173 0.0546861108521601 0.200195221976214
0.0667568206868351 -0.0656143154696333 0.0180612739842606 0.214390666994157
0.136190323807627 -0.0235643472432308 -0.0669914382833833 0.242549185833756
0.130163996089596 0.089007169616472 -0.183179644442741 0.242455181365657
0.0328651020501178 0.201466088588468 -0.23608936977647 0.205545592649579
-0.0607495088360488 0.237931078376896 -0.252327061206495 0.296167051903686
-0.0773346927490174 0.283052704934333 -0.232683817003017 0.107341860342895
0.0368347459341884 0.231517956048153 0.0794099844510789 -0.00732153677190499
0.165120716660453 0.11530285706788 -0.0399935430443097 -0.25954925575931
0.194876622728183 -0.0152260336021449 -0.270455682489298 -0.204709839765639
0.120399608371575 -0.0930881491433984 -0.326300826159677 0.0402495522556442
0.0593495251095179 -0.134895593390901 -0.1888442692424 0.207349416202064
-0.0222297927181935 -0.142967551901658 -0.0438993426446542 0.212112263095534
-0.0533708705380996 -0.127547155075962 0.0179918389159396 0.166821976239617
-0.0389102988721868 -0.148047476293259 0.0570009508900177 0.142387558925246
0.0491843330258682 -0.162221577661281 0.0773598260678429 0.149769432742493
0.125991109750284 -0.119560279534075 0.071690465801823 0.173108804341479
0.240353011499992 -0.0337399285159973 0.00486006987025544 0.232077908849339
0.214320634945826 0.15277454209522 -0.117566286465181 0.262077309844998
0.0333948632041919 0.306969345531049 -0.164051765524336 0.205955607137316
-0.125531506848698 0.350494691902014 -0.15902802889617 0.230202660699221
-0.168077094619291 0.342188601358905 -0.164074297420992 -0.00961972162999284
-0.0272051942789867 0.355589719061721 0.11771420441323 -0.0658041623602011
0.209481351482987 0.245204671712452 0.00315553201136094 -0.296855931232951
0.317807850505912 0.0338191359835201 -0.236100735063842 -0.25602929020565
0.212943060290695 -0.127099105507421 -0.298588718934433 -0.0195074252919203
0.107133486629902 -0.192708918816045 -0.182846961372794 0.136892969270076
-0.0136662647761639 -0.210999974217065 -0.0501568695886168 0.14084790368249
-0.0649206777670835 -0.185767976786148 0.00735025078589974 0.0983190166195948
-0.056138849035333 -0.1976259178805 0.0530169900328868 0.0705897927456952
0.0524682908678657 -0.211889071381527 0.0939435857163241 0.0767570997062281
0.152066446752141 -0.166545254262182 0.122911531668418 0.10872843554061
0.303941417077151 -0.0654731307023627 0.0796588343151277 0.198085616934534
0.279557637891631 0.169717168554467 -0.0460518254552938 0.262732695193011
0.052424865986703 0.3601791405373 -0.105984053992357 0.183472334941453
-0.155201353274064 0.412438558106348 -0.0643613734734436 0.134331959497972
-0.231023794809127 0.342464950901628 -0.0457908055353476 -0.133176115620354
-0.105695710296803 0.412688207097957 0.180592483926108 -0.13288751376144
0.194333375814992 0.342628119923597 0.0709717687428796 -0.314705697740718
0.37741130985747 0.100326838255687 -0.16114006808338 -0.288637420101805
0.275682913351533 -0.126677869620495 -0.230850088675234 -0.0843201937729931
0.14420626018379 -0.213971019350126 -0.15275538183726 0.0449600157617501
0.00071500824491899 -0.244885910283782 -0.0479746357480248 0.051761693435156
-0.0672405681799181 -0.215875047610236 -0.00375972769268315 0.0161676870256799
-0.0661176213156981 -0.219489505655693 0.0426604381359732 -0.00982379197129485
0.0447014817073555 -0.230803277309494 0.0993912881200257 -0.00411741310704701
0.15264634625931 -0.187157567572421 0.158155171312539 0.0330643990803244
0.31880081044717 -0.0805564662418007 0.137107548697373 0.148489928091344
0.295646715549107 0.164236890599598 0.0125986784086381 0.24260546854295
0.0567266203276873 0.358821136282921 -0.0698626149564784 0.147067218219023
-0.16680509544151 0.410681705926599 0.0173073251941211 0.0268592837787037
-0.24367048741294 0.281500310342893 0.0967605140957068 -0.239630832139514
-0.162924341837592 0.37828870419412 0.252140141872362 -0.189248206434649
0.129557522249356 0.358263435108868 0.144575894325126 -0.302422113937908
0.351232086955493 0.146585670126646 -0.0638160285332173 -0.290115774614149
0.280155479156504 -0.0955054261189009 -0.138630303975809 -0.13722597770101
0.153003354603965 -0.19614294806737 -0.104017329612822 -0.0490271942418003
0.0113323379060796 -0.236254982976717 -0.0404381274116132 -0.0411837667711415
-0.0600281186045899 -0.212757180388236 -0.012820238561658 -0.0666520205023016
-0.0634507234250272 -0.213600337692358 0.0305046995859034 -0.0890934457666169
0.0367166751084147 -0.22002794374143 0.0980865274756143 -0.0816134112190908
0.142628992190608 -0.176558860520094 0.180069293419237 -0.0345489925912402
0.295903096106731 -0.0673354459279365 0.172494343024109 0.102241532750729
0.260493061698035 0.158210509399086 0.0513193388601871 0.213565773184656
0.0296672078054047 0.321038112659568 -0.0509825118458063 0.105728268838585
-0.169702809013434 0.349655592852255 0.0860144225320949 -0.071109636000901
-0.199467574708606 0.1754042246005 0.228004153550372 -0.313888278168123
-0.166571059963089 0.265525288682039 0.310279227397037 -0.224569184325983
0.0583815732407976 0.286101474709181 0.203559021681111 -0.268225838323235
0.259318377354893 0.142620817895555 0.0252738423746145 -0.268546864875178
0.222517337744699 -0.0565123858558377 -0.0513948208963811 -0.173022245974933
0.126361919743162 -0.145984803300303 -0.055453410072337 -0.129772322346558
0.0148745873581367 -0.188251816080715 -0.0325280319319433 -0.122239445090555
-0.0462880284848846 -0.176663007569768 -0.0201261103118323 -0.139729662564621
-0.0491616796491289 -0.17953181787061 0.0217290638643776 -0.158693281999228
0.0308151023954819 -0.182227693030887 0.102153995756428 -0.146729106037112
0.124562593516047 -0.143092173049598 0.199209932358942 -0.0850629988564102
0.245459187597887 -0.0349694707704488 0.196038897825912 0.0714665091905319
0.188412945096578 0.149199180066411 0.073813326192898 0.187888567774692
-0.0158389608726795 0.254640897459279 -0.0385710569097079 0.0714950327837694
-0.1629697481436 0.239619568376568 0.143031814191734 -0.145534369085097
-0.114456293610963 0.0399045796913512 0.316927865708632 -0.347341421469309
-0.123426517785004 0.111197784739165 0.332846951486783 -0.241189876888797
0.000796450055970488 0.155103696771152 0.235430467376188 -0.232638965922529
0.133557366205058 0.0954868390745671 0.0839071966795619 -0.245555017535631
0.12485193191006 -0.0205946221971885 0.00238168606109013 -0.1966112259568
0.0756362946381295 -0.0753014969621537 -0.0270754972587093 -0.182760969755744
0.0131368904430961 -0.110550128274761 -0.0304032513573613 -0.1779367873948
-0.0259044471954306 -0.113929184894099 -0.024014093744814 -0.191567243866214
-0.0267020590960949 -0.120544597679728 0.0184718994564377 -0.209758642268321
0.0229905486406923 -0.124152364141028 0.114800846192486 -0.191836293926639
0.0953920394961036 -0.0943757490554619 0.224116618506699 -0.11299847108827
0.171877272639603 0.00157418049054075 0.216458143663824 0.065831909111735
0.0989887681781509 0.126340375584222 0.0884099142602267 0.175775665854965
-0.0578743750697362 0.163538032620806 -0.0317534508846824 0.0507153390257284
-0.137785139655668 0.102319461844323 0.187280695653431 -0.186097302737332
0.0794332181542574 0.0590654982944176 -0.243893475393076 0.226763043102554
0.0735228647249801 -0.046291635910496 0.0809476784219404 0.0525434059033984
-0.00927709194354733 -0.0890558679923559 -0.0264837225563403 -0.21698934614994
-0.0719623036978412 -0.0268549903378055 -0.238627365618442 -0.167884881010198
-0.0464506854703577 0.0286857969644274 -0.31884601687856 0.0566802515715534
-0.0144314425778515 0.0276743430140217 -0.197824925525224 0.228908530077065
-0.0117633136351843 0.0345372554270011 -0.0626494026588535 0.264475458348216
-0.0125150693931208 0.0334171270943962 -0.00149309678753465 0.236806975313743
-0.0193879958084835 0.0111790630364329 0.0215770708461514 0.226472867275653
-0.0217186236544657 -0.0101801871996798 0.0118223215572289 0.231197403471456
-0.0179450335838478 -0.0251147402960567 -0.0455505944725439 0.236762105476099
0.0188105167484504 -0.0523608154406867 -0.150808713178266 0.234231511875443
0.0664565934221388 -0.0120672731342627 -0.264410127442159 0.192273427648494
0.0641009364559112 0.0781303184500892 -0.341067887917935 0.140999898085819
0.0228639160625766 0.114199174031284 -0.381538878887917 0.27024854408464
-0.0147125344982844 0.182549044187177 -0.276466724305964 0.172653685796865
0.0565566334238648 0.0928924308671552 0.0702579242923499 0.0439281285977536
0.0767653255685773 0.00966214359850909 -0.0197399136248308 -0.234715595796754
0.0544018897425924 -0.0210898995429624 -0.248351677108082 -0.201393572298309
0.0350909626406105 -0.024753598779956 -0.337179129064122 0.0334178339636069
0.026770651384003 -0.0512866572358631 -0.21551314621302 0.22111811162586
-0.0123390195609174 -0.0581015331312543 -0.0704147131865285 0.251797034995035
-0.0233744661596112 -0.0550815478316499 -0.00495101483441028 0.2217751307327
-0.0128435938713903 -0.0790507957812952 0.0301913398859114 0.20771788931945
0.0410276853465974 -0.0864804798637872 0.029989984237199 0.214839766575518
0.0814325769907751 -0.0530180867272487 -0.0144663283320143 0.22355381032244
0.141158976621932 -0.00100027083485461 -0.111868333574045 0.240822677489765
0.113129324897777 0.116615553976025 -0.223823300970672 0.216804447084127
-0.00523387672465468 0.215816050263337 -0.272320355117202 0.160821661021513
-0.109406927371811 0.242557861056973 -0.300915203753304 0.25014162636696
-0.124818003025982 0.273924665783837 -0.254674270887103 0.0862742694433489
0.0020329997749314 0.236290318967657 0.0853698076822596 0.0124023594840028
0.141873226864596 0.140325894044391 0.00823675433628666 -0.262386304259958
0.19145072906969 0.0148737436746651 -0.235053163467246 -0.247001360983837
0.135497376637574 -0.0689743039547471 -0.33444641233282 -0.013204204557497
0.0816274076262388 -0.124434998398779 -0.22086614614237 0.180048349387392
-0.00122638176420541 -0.146480189541938 -0.0734878353374737 0.207330566302926
-0.0302332016444115 -0.136547743216244 -0.00719177320418448 0.174270910346809
-0.0152198476958502 -0.156093440669066 0.0402437757813338 0.156580654411837
0.0778086799024842 -0.157340913826741 0.0605753872344481 0.167400133027321
0.151858760234433 -0.0978073430358753 0.0435301984228523 0.190576721701036
0.250447758345885 0.0043892146709926 -0.0423252421699055 0.243641571375269
0.187425333657816 0.197807623626062 -0.161429305881917 0.245724350398765
-0.0231005806858107 0.324577180887332 -0.199064429709945 0.16710809388999
-0.197707111958616 0.348283308802609 -0.189250535077729 0.194721487821045
-0.227479248579137 0.31645299060281 -0.170606017871269 -0.0196234621151176
-0.0824864152705735 0.349260248989688 0.130671433395272 -0.0367307744857689
0.164609391159841 0.275766246216194 0.060870379360991 -0.284868738378704
0.305035675852556 0.0806433820491206 -0.184883141984821 -0.287765258735251
0.233092532299247 -0.0895034862279505 -0.293200755324306 -0.0731508465876232
0.139378960398143 -0.176772790170572 -0.203941644331364 0.108205586901643
0.0180653273433071 -0.21349598568367 -0.06830929088819 0.131682863009773
-0.0327384764601158 -0.198037773433577 -0.00834271716632588 0.101469708179831
-0.0242859655081851 -0.208900543095577 0.0464241013259609 0.0822884937755566
0.0889024950763658 -0.207454968148553 0.0886329268648857 0.0960804953808866
0.187521302242677 -0.141306643979098 0.103641247026201 0.132639252361819
0.320897691555472 -0.0178609866804605 0.0367801247368418 0.22310733075908
0.251024742637112 0.227710193624533 -0.0894798686161041 0.256236828683919
-0.0115736970143942 0.380796740045851 -0.137440463906969 0.152591436001078
-0.23877814756654 0.406318877534817 -0.0736719066146911 0.10887629644109
-0.291172872061795 0.301079397976966 -0.0356131101827529 -0.127975926113871
-0.170724193124495 0.391617830089148 0.200931249113837 -0.0938106975399532
0.133212832383133 0.368524418987839 0.130521559096657 -0.286624301492169
0.355332693264541 0.153765622985238 -0.100443232899279 -0.304050672403188
0.29428394110527 -0.0797282519645116 -0.209980975932123 -0.130182402177393
0.17991198378503 -0.19410598678706 -0.158290878017532 0.0178217818301656
0.0372299073843286 -0.245432129985699 -0.0535556765956289 0.0394366760697179
-0.0299568145183099 -0.228998311823368 -0.00761825501945278 0.0152821935067992
-0.031024251519967 -0.231872520524868 0.048248480022721 -0.00188995783232317
0.0835504293088902 -0.228298181475483 0.105716544623725 0.0139550002526902
0.193033756423367 -0.162927866383312 0.150126456793884 0.0619145995341357
0.34034505433675 -0.0317577622338983 0.10254713985744 0.180976127258527
0.269583773293876 0.225424525888485 -0.0262696092590382 0.245231360840218
-0.00686970048258344 0.380669267098236 -0.0949187131507829 0.120888117453958
-0.249075839638969 0.399871151324338 0.0284158057145659 0.0121319344899077
-0.293445784804885 0.234216036166879 0.123510954835732 -0.217013455102119
-0.222562262684567 0.347036212080483 0.28065709449201 -0.142965742013561
0.0662005987452775 0.373703713007063 0.199416661976475 -0.262259000765538
0.324092982166019 0.193711052804742 -0.00247172553494978 -0.288337383371135
0.293087332186452 -0.0512669944482026 -0.106195773020308 -0.169115613672957
0.185497463046646 -0.175078683412369 -0.0946816789645449 -0.0719696460132038
0.0476141779293485 -0.235841160674561 -0.0318396197979265 -0.055046090724558
-0.0237491479029876 -0.226225906402395 -0.00552045032810328 -0.0717776053611276
-0.0292411726395292 -0.225491599154133 0.0461699220239936 -0.0858861082459335
0.0735540974690238 -0.218634551661546 0.116083401524176 -0.0649734405976303
0.180855640217178 -0.154480467440021 0.182705648574154 -0.00465629670612074
0.315894407994202 -0.0220617253220054 0.145984228871904 0.138324778497786
0.233970951582772 0.211676996476316 0.0175729173500472 0.221309277154635
-0.0277504091842354 0.335521249411365 -0.0678595535587775 0.085366929954602
-0.240854407896844 0.333594026794773 0.113733762897003 -0.0739869418501796
-0.22982067645466 0.132691892655397 0.269180988070671 -0.275550811989771
-0.209046839989791 0.232326634673621 0.344391798901925 -0.173684858323501
0.00823445452551 0.288026236699124 0.250729344335505 -0.22327471501056
0.231493697845152 0.175013153941543 0.0805394052209279 -0.255595381944983
0.229261684344162 -0.0224806596817515 -0.0143233284338339 -0.190094039565544
0.150635492298458 -0.128922977798226 -0.0348489802514512 -0.145391288650518
0.0432987899288502 -0.187265217566309 -0.012848151285077 -0.136768332445885
-0.0171816121195661 -0.187345563829324 -0.00208007603845128 -0.147519966882273
-0.0201693353802692 -0.188559445156818 0.0463187572690939 -0.158732161970742
0.0609341629574797 -0.18089169346463 0.128365216045663 -0.131379164411228
0.155978970107197 -0.123569118820191 0.209808902452931 -0.0541795733438847
0.259827249442013 0.00440099281712183 0.176438257637424 0.109106503841802
0.161774726047543 0.189177343563183 0.0459610651782282 0.199329585991255
-0.0624517485481438 0.258729539849566 -0.0491823708658716 0.0555474364294584
-0.213384607324678 0.21866539940197 0.181825465548462 -0.135121574874834
-0.121292705368039 0.00937887160884847 0.367360536569438 -0.303446933386821
-0.141399002046544 0.0844501811710431 0.371564061352177 -0.192836301178563
-0.0270428002270365 0.148378748632117 0.274757902528226 -0.190404090716594
0.115293211454446 0.109422817129767 0.130313771034336 -0.228177884848469
0.125562530680517 -0.00158103365749072 0.0395806004144224 -0.203477064000382
0.0870840352602517 -0.0656099386774912 0.00059381981254382 -0.194530965852927
0.0293777140464912 -0.108919299269311 -0.00430946388005614 -0.191471931401721
-0.00803844665012341 -0.119822853780652 0.0018780124494609 -0.200932191548639
-0.0069771525349597 -0.126157002933292 0.0503191063468512 -0.212439821761218
0.0440906238229631 -0.1235476895199 0.147933921773134 -0.178070563297667
0.117740774876874 -0.0793806641107718 0.240308516643317 -0.080041414445801
0.178032120444508 0.0305191027130993 0.201764511533255 0.103300606432575
0.0743096666954068 0.149799790983068 0.0642196125619239 0.189643303152681
-0.0891196868291903 0.157303550872368 -0.0366449908611416 0.0400416915100743
-0.160249099749191 0.078601952684025 0.22814438886019 -0.163127901772171
0.0824948454121986 0.0488474544179508 -0.217335076468972 0.247573083076497
0.0684557341002793 -0.0527425607829086 0.0863385070621768 0.0441186379090182
-0.0170630932167845 -0.0865346182081941 -0.0441075866817003 -0.211025586026982
-0.073058586679052 -0.0203786982851143 -0.249054270182256 -0.144184702996009
-0.042855787792289 0.0322624685883836 -0.308903862300263 0.0846264215755382
-0.0126565275191581 0.0278350312397883 -0.173817163891084 0.241660948849382
-0.00853794771690564 0.0346172288812011 -0.0367185079727635 0.262867091188087
-0.00812857885007716 0.0337299594889712 0.0209000073952688 0.233171160348727
-0.0184918487878089 0.0120061500707687 0.042641619148155 0.221471428883516
-0.0219345507064774 -0.0088688795205316 0.032268509750239 0.226478505314817
-0.0189752075801422 -0.023156591880035 -0.0237725265650377 0.237931724963474
0.0133373074329823 -0.0533647948924375 -0.128768686188154 0.244005022456778
0.0649237533235797 -0.0169200601781644 -0.243944768102835 0.209598544768452
0.071840326459498 0.0721709499566744 -0.326189288098525 0.165596567017044
0.0323599869270108 0.109153322986335 -0.351079634732059 0.303093188497017
0.00184016912039916 0.179325509676253 -0.255118972489178 0.19841453730074
0.0645553044007034 0.0869252941642672 0.0755450044945696 0.0379439618037242
0.0763695040664457 0.00227844097051534 -0.0376840584892925 -0.229641912631231
0.0522784929127993 -0.027262415767508 -0.260904835014419 -0.175431764955758
0.0326169646939127 -0.0288065270470227 -0.329510050953823 0.0623468305019553
0.0202333875680836 -0.0537058267707436 -0.191688235432524 0.234636366870183
-0.0176509393562803 -0.0559312973606002 -0.0460647834625546 0.253022411896159
-0.027244305677973 -0.0514938539085938 0.0154939521928897 0.218461635114349
-0.0202572777740021 -0.0773527730505085 0.0489406314097065 0.202266340984825
0.0326707599095698 -0.0895315035053764 0.0487376547236305 0.208269313721774
0.0754351942702328 -0.0589421222990954 0.00460552822231367 0.222148905939427
0.138874825146359 -0.015074551215951 -0.0895508412372083 0.245921259146623
0.122605248858664 0.105342074182996 -0.201233376463501 0.231204444048209
0.014602913945259 0.213960641994805 -0.256111474151134 0.17943575208342
-0.0857357736987523 0.246543315184668 -0.275147841630822 0.274815011571407
-0.098431293893126 0.279099488826708 -0.240520186620729 0.110847992410289
0.0240936520308709 0.233149645721666 0.0875388203351615 0.00698622243299392
0.152713902964931 0.124006496848144 -0.012237104515709 -0.257959923919569
0.190194201826066 -0.00547345591787092 -0.251958728728874 -0.221198724521794
0.12638269885388 -0.0822816902649147 -0.330472968826995 0.0165239685046105
0.0673973647044961 -0.131022975841366 -0.200958870806012 0.195497220830862
-0.0154792497976446 -0.143989001279381 -0.0546749675132548 0.209362957276415
-0.0423366141663896 -0.129949576839549 0.00807830670597971 0.172361600444846
-0.0302502806048186 -0.151697802862846 0.0531042612948398 0.150460936886565
0.0615485319030826 -0.16194921960162 0.0746507464568225 0.159237895184867
0.140652262439073 -0.109311881905511 0.0590833987814691 0.184347971449075
0.246317939983108 -0.0198177976090784 -0.0198510404478941 0.242238781046794
0.202598270020352 0.176937883021583 -0.136745924253425 0.255422270637273
0.00647452835823459 0.322439784892978 -0.182524744655241 0.180647713735749
-0.162140780962406 0.357958391157685 -0.170917061630936 0.208852099989482
-0.196028763312197 0.329729981075159 -0.168160526416461 -0.0020278595112109
-0.048970836102538 0.35239166407136 0.127595838698634 -0.0457233729482346
0.187341520284914 0.254517247391868 0.0375217268965183 -0.283671198743447
0.309045299396869 0.0476232037027458 -0.206448780783656 -0.265651636361676
0.220529103587356 -0.111877633293114 -0.294898622238 -0.0464019051822921
0.11896262433359 -0.188749885258862 -0.190481671979462 0.123161170537635
-0.00262022854242738 -0.212157102803017 -0.0577877931502676 0.135230474504042
-0.0506733183826603 -0.189477580585992 -0.000253507101249308 0.101127207057074
-0.0433251648968563 -0.202097109997497 0.051763888805971 0.0767438559789119
0.0671035623165257 -0.21236426024261 0.0954276345060373 0.0870684819335839
0.171691275956641 -0.155842974635851 0.1129893373193 0.12192144088056
0.313957830529812 -0.0481812647983884 0.0554383887036921 0.214840500604962
0.267865929781415 0.19928951933988 -0.0639934106374937 0.26027063277116
0.0220890445548352 0.377400535351338 -0.122660822831708 0.160556425949071
-0.196130106848299 0.419383573868557 -0.064988504553471 0.113412366043681
-0.259024760947226 0.320076503418108 -0.0444571454043341 -0.121478083444258
-0.132017968322209 0.40307103755288 0.191840615932534 -0.107682283917113
0.165354765891081 0.3486873297914 0.105312332894871 -0.290665558467627
0.364676701826483 0.114542023189528 -0.123275911973765 -0.28926623781804
0.282919392405782 -0.108210349195348 -0.218200094565648 -0.110178554355923
0.157956558999717 -0.209430224896181 -0.154308942695442 0.0297278703112089
0.0136972875222811 -0.244936237413181 -0.0512134479468608 0.0432538381518932
-0.0517831778228477 -0.219810443981633 -0.00788938103039459 0.0167867348750475
-0.0516434006920186 -0.22449019613969 0.0449542206895551 -0.00617727398929184
0.0606366347264168 -0.23223397787451 0.105518978569674 0.00445195955462099
0.174387508119706 -0.177400463997409 0.152158111436913 0.0477550191255691
0.331826247062682 -0.0646208571421208 0.116824891322716 0.167846773236004
0.284383379500912 0.195147385600752 -0.00185379996528582 0.244172405100662
0.0263960983127332 0.375870769386325 -0.0832509756751605 0.126700440549994
-0.2067114043572 0.414212367170329 0.0262545718020719 0.00826953484176764
-0.265857708784606 0.254665777146217 0.103972623816568 -0.224333685534004
-0.186992476959765 0.360934762819415 0.264983831464475 -0.161831778143477
0.099619862232085 0.360583196880036 0.176217147160063 -0.272622734703695
0.336262234841811 0.157341674087263 -0.0258085627256422 -0.281096726886587
0.283576009529735 -0.0786719180778171 -0.118778265509615 -0.15842608767848
0.165506109544855 -0.190880308367075 -0.0999247154640597 -0.0640721369617633
0.0243861601278835 -0.235823656121311 -0.0386520750907908 -0.0516704571215737
-0.046035674126191 -0.216955115475009 -0.0137095067743522 -0.0694109713844396
-0.0500194995197174 -0.217874879501206 0.0363412721723824 -0.088534680295108
0.051400986385263 -0.221161350943186 0.108961172031762 -0.0745463903513534
0.163186595807243 -0.168580506354369 0.178589141530104 -0.020429733448663
0.30863948261214 -0.0524150587156788 0.156231431160637 0.121544532452268
0.247686319131335 0.185736550298122 0.0402247225117288 0.216852651789585
0.0015372262434541 0.332846195712734 -0.0592015794567755 0.0898130033844046
-0.203809825107682 0.347121253682806 0.102276343406815 -0.0844423286759987
-0.213818693587345 0.149455118639963 0.241213800296289 -0.295816797003047
-0.184561110041319 0.246820628941481 0.324729300838818 -0.199555657180441
0.0339392626773257 0.281162273997362 0.229010441235808 -0.238663294311024
0.244403757535336 0.147719281595738 0.0584936510777047 -0.256419073252774
0.223682649543335 -0.0450920266579702 -0.0296466879126984 -0.186858637418246
0.136155046343754 -0.142131011800826 -0.0472734785247394 -0.142346157924193
0.0253113757028872 -0.18767260389933 -0.0267721256275713 -0.133920457629214
-0.0353602950444218 -0.180245134903433 -0.0175116647827253 -0.144719797904492
-0.0380028063275724 -0.182845960776255 0.0300915937850283 -0.160381535397106
0.0430518516396039 -0.183504814505834 0.115729775579352 -0.141369353862785
0.141992485538377 -0.135589849472368 0.200708622862895 -0.071244310755376
0.255518536935177 -0.0211540306557702 0.183636651847645 0.0914296101706004
0.174926926130151 0.17103022609114 0.0653278258664457 0.19285082423662
-0.0386056623125901 0.260123195298687 -0.0434723441027453 0.0586697948820236
-0.187886793422311 0.232062746149676 0.163015520484781 -0.151454796697219
-0.117561814599037 0.0190173161117743 0.33504449571753 -0.332101133098645
-0.131249037557518 0.0948381814694938 0.348300851968159 -0.220604788112635
-0.0130838326542059 0.147426020366108 0.256080420415756 -0.208543453135188
0.123000897197812 0.0939557098553443 0.109955765192345 -0.235225174880167
0.122543087470032 -0.0142082577755345 0.0220579207700014 -0.203750856628646
0.0798942753745899 -0.0730184279353562 -0.0178597126153596 -0.1928238429778
0.0190555416661896 -0.110024373463498 -0.0229408326036579 -0.188843418264652
-0.0201761251242331 -0.115510834722452 -0.0191799666529561 -0.197598610914749
-0.019470363083338 -0.122779714176078 0.0289006853087505 -0.213187929025267
0.0312875716348658 -0.124428120421785 0.129831846423091 -0.189053585926601
0.10801976974265 -0.088611371968657 0.228509288610024 -0.0993701224334304
0.177944182713368 0.0121065502504234 0.208580633008692 0.0831271322994849
0.0849433174726934 0.140893294625581 0.0821165806815185 0.181561738568595
-0.0734722814243115 0.161854682693619 -0.0326347104530747 0.0428384584956377
-0.148461206427637 0.0894584850267058 0.20672730817328 -0.183179467207581
0.0802458633604601 0.0396978856821375 -0.186945251904952 0.250434529840346
0.0615414068164151 -0.0541576712613906 0.087404423605828 0.0362519014025518
-0.0218630979555857 -0.0805792939804747 -0.0542735720618512 -0.198814990542547
-0.0701245305229885 -0.0151604034864999 -0.243981626931671 -0.121259812485292
-0.0386368197882905 0.0327586283184142 -0.287714598194898 0.0989274042938626
-0.0109659550885251 0.0274830331097816 -0.149436461073648 0.239004179165925
-0.00573361022836853 0.0326858879075638 -0.0160667873105013 0.24970690347348
-0.00449983523437159 0.0317465524318354 0.0361473003224017 0.219652792884719
-0.0169377543146496 0.0120340742727395 0.056306971648802 0.207943057591123
-0.0207589534163696 -0.00756327377716814 0.0445132227474544 0.21285775975168
-0.0191626901281007 -0.0206684237931412 -0.00766977116105224 0.227383951588664
0.00966035329680693 -0.051396576960489 -0.107943498243195 0.2388410814844
0.0621837174939007 -0.0194116154549478 -0.21867718447134 0.211677928857418
0.0747343211380182 0.0643349495251301 -0.300886400442798 0.175681550434183
0.037007652288716 0.0999066924520973 -0.314540983832362 0.311271860902706
0.0127805703839874 0.167714210305908 -0.225907338260316 0.206329858838328
0.0678101518043243 0.0783607206173239 0.077079357303375 0.0314237491364847
0.0729865637908645 -0.00294655921930242 -0.049373646731467 -0.215151740061813
0.047547053051062 -0.0304343412592255 -0.257482978357952 -0.150230372082447
0.0282982054829881 -0.0301261254715113 -0.308802090192478 0.0796064920691886
0.0144351510026232 -0.0518673438003091 -0.166649129983179 0.233826436354892
-0.0214805210386495 -0.0524834611707702 -0.0266834585428401 0.242027411409401
-0.0287097575015785 -0.0463731780433314 0.0302670255301705 0.206642083943621
-0.0242747769716597 -0.071869232420727 0.0600066040560663 0.189086067325039
0.0248522066589176 -0.0873193860707437 0.0599077531070968 0.194953974720964
0.0679611328759711 -0.0610005655080743 0.0185499666470842 0.2109939402226
0.130042721896517 -0.0236514184260106 -0.0693698695217172 0.238308242036837
0.124008448869689 0.0911213052252373 -0.176451061043876 0.230490909947963
0.0290015010041462 0.202998516933115 -0.232835638114881 0.184505577034305
-0.0650246625035508 0.237172475334021 -0.244529598343014 0.279540994113874
-0.0753253735769986 0.269325890801156 -0.218028803148658 0.123239176812193
0.0386778347118109 0.2200203082448 0.0864635568920685 0.00204941324127658
0.152881718566566 0.106058965789958 -0.0255138322626845 -0.244016602148235
0.17994706574432 -0.0208821591777825 -0.251546328332594 -0.193186812757875
0.114001387896816 -0.0883893744011398 -0.313082291627649 0.0369082435883415
0.0536200123057386 -0.129135332332284 -0.177922869407725 0.197268494776257
-0.0251421823941003 -0.134994012292433 -0.0387472356217712 0.201461176351334
-0.0487370550169145 -0.118790031745694 0.0196165368907057 0.163302689784344
-0.0385945299857413 -0.141160474963068 0.0600024678765455 0.139830431344677
0.0473601739462786 -0.15814038734871 0.0816118966355933 0.146252575774476
0.126215371834044 -0.113777279696558 0.0673143883485029 0.171988498679694
0.231704522545209 -0.0369075907688198 -0.00387350521913558 0.230367710261782
0.204084146574056 0.152495791773314 -0.112901181961785 0.249682682391749
0.0280542622491942 0.307318679716565 -0.162368420419739 0.17988188361912
-0.128822675154649 0.347871233792469 -0.150671499728534 0.210152491033927
-0.164297766513525 0.324681903063709 -0.157178504237646 0.0111025125044416
-0.0219269106630364 0.338028373097854 0.119921993922974 -0.0494048722688862
0.194593127386336 0.227253319995486 0.0200770300716108 -0.269981006479158
0.295143377145741 0.0207447452612436 -0.210618180046796 -0.238906840859475
0.201054675603331 -0.123581938290588 -0.283411876844413 -0.0254029467651294
0.0981572769444162 -0.187679336078413 -0.173192054737087 0.127614326414292
-0.0176071985091909 -0.200775335854431 -0.0468602523587762 0.132374808966036
-0.0610013170482568 -0.173891348807107 0.00572084173574225 0.0971028151571274
-0.0557904074402048 -0.187533287204709 0.0530720066374719 0.0712081351658734
0.049515461990777 -0.206356552227897 0.0965299021712066 0.0760545291774577
0.15160359998287 -0.1592770614955 0.114653615637886 0.109515821851476
0.293659102262766 -0.0690227656371488 0.0673496442743505 0.199295137888023
0.266613948401801 0.169207621867538 -0.0420403724271719 0.250958558333576
0.0465345538214677 0.358108246131317 -0.106913258675672 0.15831789724438
-0.156776795101771 0.407159208124443 -0.0570923936084811 0.111581893550081
-0.224118893007265 0.32007856211648 -0.0485234078996038 -0.111305538455253
-0.097813671129669 0.391160252395886 0.176525673705495 -0.112115779441407
0.179616798185644 0.31707763585974 0.0848170651788909 -0.280641016477664
0.352509125379644 0.0799987881857361 -0.133156949199782 -0.265170413185472
0.259865397599596 -0.123311876567173 -0.214241951222887 -0.0918827887505932
0.133691106587588 -0.209847649477253 -0.145085814375784 0.0367976371456246
-0.00525632433792099 -0.232904562638746 -0.0474837503075387 0.0439657893642193
-0.0646567342694902 -0.202855882643093 -0.0077860923414237 0.0173623192453017
-0.0647173271022737 -0.207857534049078 0.0405779747202608 -0.00807606481741184
0.0414409607574164 -0.224078935600404 0.1003452473345 -0.00331780355611713
0.153719272883161 -0.179954400995696 0.146928947280254 0.0360960846917335
0.309413272979712 -0.086343854908289 0.12141465801458 0.150449241730755
0.281464228389922 0.164608744092739 0.0160068534327139 0.232427273189443
0.0498111981302949 0.355134643504977 -0.0711499840220972 0.124148327346401
-0.167575539470352 0.403750399026989 0.0233922620970506 0.00568620637579371
-0.236027473118484 0.258796890208456 0.0858202119900662 -0.218997188477816
-0.154548760547667 0.35454409873595 0.24178564223746 -0.169173993929527
0.118480841777517 0.331434657757964 0.153035122790054 -0.267480793104411
0.329368482823659 0.122981531461392 -0.0400867099856066 -0.265064139976733
0.26334583932394 -0.095316309564182 -0.121893056427953 -0.143284043999978
0.142434433267655 -0.19283308786645 -0.0997017268004648 -0.0563946163898832
0.00683818685247427 -0.225673372051918 -0.0418397520295308 -0.0468550018914033
-0.0594325551343837 -0.199480591618971 -0.0196816800859115 -0.0642050474759242
-0.063058943717626 -0.201675255884219 0.0271565581948468 -0.0849996614324537
0.0344649964269383 -0.212215719043385 0.0987190626931248 -0.078234573373092
0.143948861569943 -0.170359193222385 0.166363525319254 -0.030484598167322
0.288390176073247 -0.0718481246634623 0.156933546687404 0.104777029072848
0.245762679523396 0.158864196901516 0.0543763328404878 0.203349822901207
0.0226295621055088 0.315589175823623 -0.0507071257783297 0.0878311083705312
-0.168772145426753 0.338764323669701 0.0883536792564884 -0.0876855027070258
-0.193049029644839 0.154352067916622 0.210075385742706 -0.297527816605972
-0.157539988104837 0.245053333463755 0.295366180209696 -0.207382191422959
0.050260825058214 0.262293804169801 0.205016949198971 -0.239014529160427
0.240795843147142 0.120081164042831 0.042208001661733 -0.245747078979609
0.207985769270142 -0.0585139107894026 -0.0393785100887796 -0.176693400687202
0.118358517703684 -0.144351026693428 -0.0546766035843986 -0.133036783452795
0.0102916358348573 -0.179672003084111 -0.035750665959777 -0.125737117352777
-0.0468174286230247 -0.166379708375439 -0.0284834814884611 -0.134692472412373
-0.0500825356381732 -0.169782052796105 0.0164659924932112 -0.153380150065732
0.0280523725141952 -0.175440988252118 0.0998790406591041 -0.142167058198176
0.12507918385697 -0.138084233985287 0.185539114188179 -0.0795960416269103
0.239876390622771 -0.0392160211918765 0.180318257213002 0.0750814614248231
0.175277607188099 0.15009067674651 0.0771560980277959 0.178336521677682
-0.0200543240430913 0.248932323232133 -0.0371317826033095 0.0583238224050461
-0.160321494011867 0.229986060366357 0.141169386526597 -0.15530326875763
-0.109899332413569 0.0240202250904531 0.295907820757741 -0.337144632682911
-0.117321899613437 0.0974772325387117 0.316694470944184 -0.229753215919777
-0.0035372570748984 0.139255386885092 0.230962224634982 -0.212879622339968
0.121688543408644 0.0785927470820581 0.0911025589797228 -0.229447242992994
0.115148352807206 -0.022150087593715 0.00854866564361639 -0.19647052776316
0.0706744587077965 -0.074748357684212 -0.0303766531950109 -0.183404881556785
0.0107162512437745 -0.105224231570076 -0.0355806119466908 -0.178630595973359
-0.0277656352260572 -0.105998951605511 -0.0339860192162621 -0.184832326322279
-0.0279513724193869 -0.114304771837588 0.0119772929322628 -0.203298591747329
0.0208919598076023 -0.11901305793215 0.111421454494456 -0.1880482521001
0.0957085393291195 -0.0911035269358539 0.211079557382423 -0.108442311981738
0.168647607052127 -0.00137236304274098 0.203558136876885 0.0659790939959832
0.087866647859933 0.128052647173775 0.0910926980918793 0.166272362086558
-0.0593121465667121 0.156813726855643 -0.0293477898963316 0.0431870620362023
-0.13305786754121 0.0923135581072037 0.180068884387824 -0.188299594742018
0.0752766060703123 0.0340481656776682 -0.166382852394607 0.242676484776013
0.0569737791095328 -0.052303667208722 0.0862847733564538 0.0313056956228252
-0.0226170258690052 -0.0746952840754857 -0.0552540900336184 -0.187139902884456
-0.0666691692637495 -0.0127267659805889 -0.231448212007074 -0.108475567514293
-0.0352073838651145 0.0317780077237728 -0.268854495542314 0.100258802375988
-0.0100200088577609 0.0262054812569626 -0.135034820079739 0.228711191769006
-0.00491602243591194 0.0308285821615904 -0.00782207825400701 0.23406226635842
-0.00277255728343742 0.0289689180076225 0.0417738508418726 0.20644126194299
-0.0156554566292511 0.0117186016828001 0.0602320265635612 0.195350248638398
-0.0198238295811211 -0.00718512602987353 0.0485748044026088 0.199658890112456
-0.0181896838770955 -0.0190686504482818 -0.00101975821147451 0.214897738669085
0.00733232767050252 -0.0490039597847497 -0.0958768508036324 0.228165916201201
0.0590627501887113 -0.0192220274840853 -0.201655050810447 0.202488704626874
0.073296199339167 0.0595439764940801 -0.281702490448166 0.171570121167312
0.0363176718512609 0.0917664081516744 -0.289525786200535 0.302333531189149
0.0150818586773073 0.157814033226054 -0.203939600063096 0.202882014851702
0.0664542051332988 0.0719994367722513 0.0759965695866739 0.0281266597536747
0.0685237365997116 -0.00538493157873493 -0.0499097624805786 -0.202366813223471
0.0433221712200859 -0.0323241899384653 -0.244936964028712 -0.135276537769648
0.0259987145197909 -0.0307528822628557 -0.289555663402792 0.0828378542680826
0.0109752055929203 -0.0493184756725226 -0.150944343511111 0.223811134611634
-0.0221552047461302 -0.0484893017533572 -0.0184282767843109 0.228169387383703
-0.0278839482827731 -0.0427337829192044 0.0352691576993543 0.194129632593992
-0.0257997135491642 -0.0669181042595242 0.0626355000473716 0.177323093171036
0.0207678066714084 -0.0837448005104358 0.0616462278132595 0.182420051414279
0.0628057948665487 -0.0596116110332279 0.0227241316243775 0.199707339202543
0.121213938489085 -0.0266616214028244 -0.0596155754811778 0.22697678963719
0.120001594542451 0.0823444045854118 -0.160321925551321 0.219343582458183
0.0338050653777211 0.191438865218477 -0.217380320765717 0.177763579345793
-0.0549505989541942 0.224209172955056 -0.22402610920454 0.270842171279279
-0.0643954088201296 0.255354367895988 -0.199766905532031 0.123902536933678
0.0434874819103803 0.207266978652932 0.0846078628547742 0.00151599124358919
0.146830665252497 0.0944657955973207 -0.027964670521898 -0.229421881271197
0.16822904940188 -0.0274848598119883 -0.240238952925354 -0.175535901604734
0.104427844436427 -0.088423194412948 -0.29473854206288 0.0419508065523487
0.0449815210221618 -0.123315798309405 -0.162874729173637 0.189031289980342
-0.0286808471585024 -0.126543275365817 -0.0308383228898099 0.190906726467249
-0.0496673833937002 -0.109541670141938 0.0237847701614594 0.154084077749838
-0.0417042368436047 -0.131518737480155 0.0610825126804749 0.131547114004445
0.0396805681693326 -0.151168908056046 0.0815764806412891 0.13567704283699
0.11521354816003 -0.110689778775737 0.0680608033585198 0.161724912845524
0.216843165018421 -0.0430747176117711 0.0024066272679183 0.217389145070773
0.196727972221994 0.137645827812745 -0.099127744116874 0.238170988914233
0.0351988544765642 0.289483319568698 -0.15067540848954 0.172718307144662
-0.11258994174124 0.329610373487294 -0.137945333077373 0.203254128064504
-0.146853759576046 0.309312373318302 -0.145665264270582 0.0159581502192108
-0.0109908794663193 0.319974240836791 0.115178088161813 -0.0474134356596241
0.190175074512754 0.206692604327872 0.015161987995563 -0.254757389532399
0.278385686847139 0.0070583755904343 -0.202306164464025 -0.218797018363992
0.185476523131042 -0.124199258088662 -0.268474291707505 -0.0178739714435038
0.0858243669884714 -0.180287556341065 -0.159933042969768 0.123795378707664
-0.0240826179059938 -0.188079731695202 -0.0412587577573773 0.126431423184614
-0.063490108458049 -0.15996610627162 0.00821773365677795 0.0921553867028246
-0.0586805410878594 -0.174409848815082 0.0524039614396218 0.0666399168512911
0.0400481564667253 -0.19600468549232 0.0934017481306905 0.0689081556089667
0.138529469242758 -0.154725213036982 0.110403628718381 0.101551689429551
0.274273204609712 -0.0760559152244879 0.0681314055867751 0.185070589564343
0.255574793790164 0.151350238185654 -0.0321176050238093 0.237312679636797
0.0532642265038821 0.336495985838186 -0.0975603489807705 0.151046724019705
-0.135983041735544 0.386209084504153 -0.0531954827722797 0.107175908830036
-0.203209281219425 0.306663462882121 -0.0468865458952934 -0.102268690801415
-0.0807226693853397 0.372107141559102 0.166283913229884 -0.107499035034191
0.177937753779408 0.291449211652631 0.0760908931771066 -0.265757314128769
0.334485755737714 0.0614009580781463 -0.130375059691047 -0.247076129050401
0.241170927294334 -0.126038042021692 -0.205299299930994 -0.0823460805178533
0.119289076894884 -0.202395870129575 -0.136874232504284 0.036950555041821
-0.0119535526652104 -0.219731287350711 -0.0452665406458719 0.0431805504336155
-0.0679661697051632 -0.186473396692102 -0.00702805412129902 0.0175696986238285
-0.0686415215175014 -0.192496046708652 0.0376130596830045 -0.00689544519381943
0.0321426061929499 -0.213057876560597 0.0945668992200759 -0.00607620448539009
0.139314604014235 -0.174659006194492 0.138949557628199 0.0315725327563539
0.288816482510311 -0.0927112434577467 0.118073706319619 0.137941289455751
0.267949331942148 0.147003638902557 0.0225802237726104 0.218514448953614
0.0570739207737208 0.335062376061138 -0.0646247125298589 0.117101724199176
-0.145744589553517 0.381736617252091 0.0192391046757531 0.00439430633310555
-0.215307878559511 0.249107557511504 0.0758832021538742 -0.208613388611141
-0.135047608780444 0.339102210775563 0.225758845613366 -0.163623149001869
0.119406675630354 0.307095321178535 0.139817256452607 -0.254598748442789
0.311963577365223 0.10219612455371 -0.0414358955660445 -0.24877221981426
0.24491384834819 -0.0995144357775205 -0.118856631895762 -0.134460591328383
0.128014234045502 -0.186963633179432 -0.0964315572226852 -0.0522952853736771
-0.00145833861906229 -0.212538331373292 -0.0425641395062054 -0.0433549374847341
-0.0626248089651815 -0.184822923688635 -0.0213071158167139 -0.0588017020287022
-0.0660247099826696 -0.187417271296814 0.0222233064217268 -0.0795173252075772
0.0252948039412498 -0.201105538951184 0.0912343626076615 -0.0770603794047463
0.13025818876389 -0.164898575460588 0.155920574363154 -0.0327449284542044
0.269973285309029 -0.078981252362997 0.150258446880863 0.0940148681540006
0.234446547891125 0.142383114968546 0.0588566750622195 0.19028520422099
0.0306051259298948 0.297714798919434 -0.0466055792788934 0.0830246858131575
-0.1493643452505 0.321938862787214 0.0783750990593924 -0.0856989969907067
-0.177533206739687 0.150318630153356 0.191064399613172 -0.28637134137859
-0.14290387548804 0.235149413059834 0.274639435431369 -0.202909677180897
0.0541982165586474 0.244756531913835 0.189590876195543 -0.228935345687898
0.228662463282006 0.103333248804192 0.0355658059071289 -0.23244604867294
0.194712753077336 -0.0620905714681914 -0.0414025721398988 -0.167550741496432
0.10705824250174 -0.14001812229688 -0.0566111241690426 -0.126011536138531
0.00437327325966431 -0.170090955828126 -0.0391468385171546 -0.118026680281059
-0.0494836652919161 -0.153361129174936 -0.0323157443732718 -0.125745457751668
-0.0529018898845843 -0.15758706259178 0.0100927963540753 -0.143703406904186
0.0212815952602277 -0.166583008461636 0.0906889802994885 -0.137217289872986
0.113702239701047 -0.133813567596138 0.172419656905052 -0.0784138671386716
0.225407373879226 -0.0452071702262079 0.171907074771414 0.0645009942080052
0.167559097980472 0.13714211213506 0.0789371916479077 0.166356470218777
-0.0122973160274924 0.234902259831503 -0.0346276163878897 0.055501840442063
-0.143634410941041 0.217502676813287 0.126329371320124 -0.151262218396507
-0.102812576954845 0.0252676433841401 0.269923618497048 -0.325408593435971
-0.108047044488028 0.0940514544346292 0.29302458036059 -0.223716335380977
0.000105122336406301 0.129986470360797 0.214220646258376 -0.205549500855128
0.115980898090429 0.0681550610384581 0.0820425875746087 -0.217974778625588
0.107908622068778 -0.0246931666003064 0.00403910706537149 -0.186956142760948
0.0646949131571043 -0.073105384008077 -0.0346204881946513 -0.17326447150162
0.00650928858632598 -0.0991159759552153 -0.0404938619847564 -0.168944574243772
-0.0294477945205087 -0.097774112222833 -0.0387874830242813 -0.173076069879978
-0.0310122380599497 -0.105370018345675 0.00525798534647402 -0.190647099796112
0.0166429715937472 -0.112092251613733 0.0989186433618207 -0.180897520970416
0.0872112977953188 -0.0896363800302074 0.195263098667424 -0.106388235717447
0.15847892071238 -0.00724226604404336 0.19407540344067 0.0569169281284861
0.085608928513553 0.119012674494357 0.0904479510220048 0.154782792881879
-0.0514497109465448 0.148971045245393 -0.0272056981980319 0.0415882065614342
-0.121776124766137 0.0879248900422221 0.161365695726313 -0.182917885229789
0.0715227485483437 0.0322210788544045 -0.157138266632903 0.235285761348043
0.0551065770107942 -0.0502927661842823 0.0850268183431398 0.0295255149805728
-0.0218527185618505 -0.0709479165308455 -0.0527692157530086 -0.181530827695618
-0.0649616155097498 -0.0121075243560516 -0.222276139966239 -0.106444959201504
-0.0345425501684341 0.0300833789093711 -0.259846504229749 0.0960579971330389
-0.00959744246343103 0.0255588440652403 -0.130729002868946 0.219887022317911
-0.00474712900842332 0.0297371066425983 -0.0066485226610605 0.224551119949218
-0.00211821632339997 0.027618733791129 0.0424213281925596 0.19895453490113
-0.0153274758966324 0.0107306629238965 0.0601528829906777 0.188512954480214
-0.0187778742860435 -0.00787763370360285 0.0470719985429411 0.193377360243082
-0.0171323639013086 -0.0174337334922455 -0.000727090611948563 0.207624919344052
0.0072371529474224 -0.0465191393379433 -0.0926285175911177 0.219828405067815
0.0578807986430491 -0.0185794630105985 -0.195976834685782 0.193015762407611
0.0726518913390194 0.0575609138488449 -0.273627253986137 0.163051582997567
0.0338406430460924 0.0879101235415484 -0.279250722589356 0.293752815016998
0.0143892016481327 0.150637555463075 -0.19340455083016 0.19656079173156
0.0646854722744849 0.0701124076964798 0.0767915978071583 0.0269454703351591
0.066056006301156 -0.00547680145323527 -0.0469801171508922 -0.196511122047501
0.0410490136566968 -0.0325263729343747 -0.235038163733027 -0.131676145001295
0.0244679705395532 -0.0305837427362334 -0.28019508977183 0.0798683388001347
0.00970797128591156 -0.0474531674873526 -0.145821031678781 0.214898857697922
-0.0221231791440909 -0.0462957378253835 -0.0161932769691975 0.218886537854572
-0.0267356289015971 -0.0407891610120205 0.0357253097430526 0.187867856354739
-0.0255234402899579 -0.0649258048949722 0.0625663542019003 0.171597531829773
0.0197205118149815 -0.0821088941804001 0.0601436735926251 0.176553630554361
0.0600373640697818 -0.057680535065411 0.022286821667132 0.19406122778177
0.116709962907198 -0.0264028490765666 -0.0576999916286721 0.218268512037297
0.116759122903816 0.0786800995810104 -0.155742030874926 0.209925302995696
0.0339087086805107 0.186028644764833 -0.211291180792459 0.169762952623665
-0.0537806074849862 0.215322755375653 -0.217170403264685 0.262099540088764
-0.0622196632320059 0.246213967725328 -0.189369972536881 0.120710526160655
0.043245856554001 0.199889185512344 0.0846025075424089 0.00216958574019514
0.142156935476844 0.0894697192602262 -0.0246825663027645 -0.222220210273114
0.16088261141844 -0.0297881717026155 -0.230597793683912 -0.170893274694847
0.0994486279823912 -0.0869149247476658 -0.285910519735701 0.0401385401930559
0.0422499141802539 -0.118953900108467 -0.156866069008799 0.182240860851994
-0.0290996216608697 -0.121491457005955 -0.0289075001347522 0.183439311132833
-0.0486004708201388 -0.104163727337234 0.0242551764445659 0.149727018077516
-0.0417426902781768 -0.126555675054113 0.0598839905751967 0.127443131990635
0.0374876092750269 -0.146625418401625 0.0787624144600902 0.131534988493985
0.110913971120046 -0.107436742739236 0.0656501014184924 0.157372156024711
0.208257856168127 -0.0436987629163444 0.00239557362501749 0.208986300404793
0.189505139400104 0.13157325743482 -0.094800333254543 0.228877381235462
0.0359568480475662 0.280840166827553 -0.147692201525195 0.164366512701184
-0.106997674917164 0.316920651188263 -0.133853048098708 0.196660261180598
-0.1420906024984 0.298810841172727 -0.138496566843877 0.0161623647642225
-0.00898596079345526 0.309688115493801 0.113937773485956 -0.0443617896560844
0.182826982001 0.197507706842547 0.0179776155346234 -0.246063731831363
0.267326846563474 0.00274943307126837 -0.194183117541823 -0.212360012556319
0.177669710400202 -0.122294849300061 -0.260585452738962 -0.017868979442586
0.081045528791347 -0.17359800064053 -0.154737896482563 0.119170268669918
-0.0256017219937862 -0.181363979063987 -0.0399982880759453 0.121883578820113
-0.062607969645674 -0.152513275680055 0.00926185543622031 0.0893153589913217
-0.0581006604226511 -0.167249914897877 0.0513433677640913 0.0654187296663562
0.037433007634309 -0.189877634805455 0.0906311033590823 0.0666092463779757
0.132281822626691 -0.150574264445913 0.107109782036033 0.0991494722535843
0.263176499784927 -0.0761390990777839 0.0655291663618718 0.178214626390289
0.245609882517561 0.144177574315501 -0.0293409214388433 0.228984407949919
0.0531251373492589 0.326987506650537 -0.0961015937447746 0.143608937915417
-0.130166256618045 0.370912236041 -0.05251002284028 0.103378698405376
-0.196219970000833 0.296181757516619 -0.0444140684079525 -0.0991759549825713
-0.077609676082716 0.358384097342272 0.162886757407581 -0.102545852724277
0.171527859050276 0.278988797033046 0.0763173396271421 -0.255934372135953
0.320940702787375 0.0547379664910206 -0.123910513185319 -0.238731125530864
0.23063498275864 -0.124549968763522 -0.199338079422771 -0.0803086514347941
0.113400734674931 -0.19645767744826 -0.132930044549637 0.035424411013875
-0.0140184386674377 -0.211609764857414 -0.0439864376614326 0.0418062387814974
-0.0671779721089755 -0.178054334475656 -0.00696472333724292 0.0176846088243869
-0.0675784792811852 -0.184505040069856 0.0361369030034566 -0.00534570583956545
0.0301275457146955 -0.205763894632151 0.0911433687114828 -0.0062711821271275
0.132973907965462 -0.169380704579297 0.134128195585645 0.03106646070302
0.277974946750785 -0.0928249717754121 0.114297725858832 0.132554518655531
0.258303812797719 0.139876853016696 0.0246780457170983 0.210216448263764
0.0556079732768816 0.323813506942615 -0.0640451838435839 0.11142344382652
-0.139046764128343 0.366356740264755 0.0163154306573735 0.00382246364375257
-0.208036840663171 0.240737031963065 0.0736096933444376 -0.201673024531575
-0.12913750355258 0.327826180981153 0.218965694004814 -0.156698875082327
0.116006115832119 0.294381288284178 0.138099700058617 -0.244943989334577
0.299622470231879 0.09540512823456 -0.0380165465401544 -0.239543145201276
0.235132221454126 -0.0986959182482976 -0.116174080005062 -0.131328711101451
0.121882798933968 -0.181409246833148 -0.0943310269810039 -0.0510811148802838
-0.00347488990125028 -0.205341755108473 -0.0422239568084035 -0.041617353466297
-0.0618644651420196 -0.174789792594886 -0.0210682661427764 -0.0556409629442539
-0.0657357799648613 -0.179118231641455 0.0211016641124176 -0.0756786464727845
0.0230989481094305 -0.19434834100693 0.0874159815139971 -0.0740621956709118
0.124567835996003 -0.159978718910354 0.150883451051077 -0.0295251834891376
0.25903402906593 -0.0788482377067929 0.144754837518593 0.0899249960044058
0.225370414395875 0.136302937594641 0.0587569815432865 0.183074352536823
0.0304866227793868 0.288007671848771 -0.0461742430920906 0.0790641757476325
-0.141749630673784 0.307961073143212 0.0727002420067564 -0.0836576691931431
-0.171726641341188 0.144717987815603 0.184098937206309 -0.276499027787735
-0.136934644740877 0.226603076062088 0.26447881927645 -0.19353858526106
0.0521278922816216 0.234478735297469 0.184552539905393 -0.220125882771442
0.219726176883606 0.0966057281474055 0.0358904719362489 -0.224366553260571
0.186965236282347 -0.0620398613228959 -0.0400789985365781 -0.163087663942031
0.102512195868466 -0.136626961810599 -0.0562441644606828 -0.122442777828037
0.00260221360054437 -0.163249804086407 -0.040142399973277 -0.114523308712135
-0.0493821529087282 -0.145688703267836 -0.0327213916274195 -0.121028628867592
-0.052619418442592 -0.150276048331946 0.00930506957537114 -0.137695810880322
0.0197279415223761 -0.160051021228155 0.0865131646280061 -0.133073148228948
0.10835985993026 -0.130209495910752 0.166933410741308 -0.0750868180419473
0.216207376096858 -0.0461630866571356 0.166078020211265 0.0623887401237952
0.161043019582065 0.132370050471541 0.0780377351392183 0.159760095603178
-0.011009405693042 0.227067181537883 -0.034628593067257 0.053104062757203
-0.137941179130516 0.207542939428057 0.118501969268484 -0.147351880494883
-0.0988167622254455 0.0241651134904874 0.25994634054348 -0.315393683312206
-0.103873230230013 0.0902564919456131 0.2823953798161 -0.216591352352603
-0.000764844808896213 0.124559296719048 0.207917043743698 -0.196814153015543
0.110503210834896 0.0641897652949658 0.0801911668511674 -0.209977086530005
0.104545232375507 -0.0243788630169633 0.0043843449196325 -0.1820494261139
0.0619158895051733 -0.0709346505599503 -0.0344391841951218 -0.169110645209411
0.00600987676074995 -0.0954129714297609 -0.041213962529847 -0.163422942744883
-0.0293982518785126 -0.0922333954808933 -0.0397122280860722 -0.166442742669532
-0.0311588869987824 -0.100670592871328 0.00342256835738016 -0.183744946842244
0.0155515830895894 -0.107398350000505 0.0947358296849334 -0.175393109736007
0.0830422004230679 -0.0872304677184559 0.188516203595557 -0.102319725731998
0.152735043119427 -0.0083519808621872 0.186939952778897 0.0540151569611861
0.0816047049200773 0.115335615044118 0.0881503209760475 0.149405365739375
-0.0496876142294614 0.143239512517749 -0.0272092201177048 0.0400547612901692
-0.116801525179239 0.0822549005620795 0.152675121337886 -0.177742921844966
0.0807274256789254 0.000374585550648963 -0.0408308521943966 0.275083569288519
0.0288350947145054 -0.0679134924270742 0.0903621357287693 -0.012815529032131
-0.0483036111209423 -0.0523627420319668 -0.126675286353918 -0.141932582568202
-0.0615318809950019 0.0183911970807368 -0.249293507437702 -0.00131871301168986
-0.0147385365509575 0.0422024228098001 -0.192568494499751 0.199915451683465
0.00332714760482801 0.0267751604428418 -0.0237188535404712 0.253428175447682
0.0073162443214472 0.0292286690970246 0.0897274754717939 0.204435101694648
0.0093649358192602 0.0243864232249432 0.124694889180609 0.159709430372467
-0.00994542077585686 0.0168374559453094 0.137033518720328 0.142426257633876
-0.0199905592860812 0.000255274054465457 0.126021275832203 0.154326777633609
-0.022098837240149 -0.00820876622665881 0.088544455056544 0.186074623375494
-0.014248334874273 -0.0409450110673735 0.0112611447338487 0.235133494005257
0.0434862922762248 -0.0402407311642957 -0.09449537684643 0.254412507724478
0.0874481079380209 0.0225068850329211 -0.183782107790901 0.264371509233143
0.0680586945802706 0.0693660499200632 -0.135746532031251 0.384545407555357
0.075663939299149 0.131373745746171 -0.0862939841715912 0.259766756255754
0.0854750603636831 0.0358457062922857 0.0854456652219117 -0.0104321270093123
0.0558550708139858 -0.0283844910846 -0.123230386810607 -0.161008280032718
0.0225735768596907 -0.0419843023797585 -0.267530640968949 -0.0227831143602065
0.012490307324061 -0.0361208524250208 -0.219328963129147 0.190310636216762
-0.00879984221014268 -0.0468043036789083 -0.0397908622012711 0.253751546417987
-0.0393435375214148 -0.0313633137936363 0.0773460777756453 0.202576067160265
-0.0407098086831901 -0.0277205828407792 0.114171760458304 0.152618769832647
-0.0504366892631933 -0.0477208557913072 0.132749659701949 0.126153675768659
-0.0157457384902029 -0.0836476390130933 0.132708445549804 0.132406287677006
0.0324012448754801 -0.0775260234826232 0.105557135388189 0.166691130366842
0.0929229074123136 -0.0698367333409542 0.0446712832680244 0.226936241131961
0.137708512948115 0.0254375229395209 -0.0536975580769523 0.2564048964619
0.1080815857234 0.156931496335969 -0.132503870340024 0.241494008960301
0.0449321697873668 0.225482230372499 -0.0998131700802644 0.323669118213708
0.0424127537120145 0.247958591304495 -0.112457485776566 0.194497259760497
0.117178061693008 0.160573016672553 0.0860144555328309 -0.0350800665162604
0.160759895402453 0.0261620119961177 -0.10735522351638 -0.196142734992547
0.127907929754397 -0.0879540075773746 -0.276154696439925 -0.0647920074617122
0.0563991755347603 -0.11581224998673 -0.241984330889542 0.153818817966207
-0.009766629071484 -0.123693962718636 -0.0653395915045014 0.22745798949544
-0.0764586755229442 -0.0954874443264893 0.0492031153612799 0.174012174359463
-0.0863555815924741 -0.0759490158914299 0.0868787930464931 0.122580850900229
-0.0902952914746054 -0.0969893748333637 0.112005931169572 0.0871013224584723
-0.0270229103713445 -0.1498080363089 0.131663814687071 0.0827364541746129
0.0580170313031091 -0.145081471630547 0.131673343761493 0.118174008911659
0.168351682131115 -0.124454931213899 0.0988580122944186 0.198057578660419
0.22736305990907 0.0442590127418944 0.00738590824325614 0.251143832665292
0.150399533114101 0.243067294003735 -0.0813745180377489 0.21104955374992
0.04099746941429 0.341961303932493 -0.0575070510948702 0.224503700418643
-0.0104768976336038 0.326532136391616 -0.109607995290367 0.0824099771859619
0.11252703953333 0.279391226546166 0.0953113973476476 -0.0858285634232987
0.238843370762662 0.106263722644853 -0.0735446587913766 -0.234878522799256
0.233580980892422 -0.103043848640972 -0.255510258185997 -0.121110825647266
0.110369630172285 -0.178489136202061 -0.244977581890346 0.0876235781051193
0.00246785750246291 -0.189281921322746 -0.0905076486928302 0.168562486300724
-0.0973221128127365 -0.150695041676959 0.0122738008239509 0.121212664108338
-0.118649992840366 -0.113978707819495 0.0477573418177315 0.0754855225491086
-0.122643503647456 -0.127151948269885 0.0778330304551042 0.0352820412999287
-0.0451176691409279 -0.189097544727929 0.115012554265079 0.0185989197896699
0.0596212046997434 -0.194192420043767 0.146142814866391 0.0493322187096166
0.204006670300768 -0.178528927237746 0.146974059215129 0.146918637105355
0.284767491855657 0.032707706164021 0.0663089836440261 0.226058033879796
0.186211580843694 0.276856038808566 -0.0457673601392512 0.171600922747601
0.0456043124961575 0.400702012673444 -0.0253286320748213 0.104509486917583
-0.0639061132167834 0.345483971263418 -0.0730067060284737 -0.0586653887237914
0.0699729453829501 0.350355079961294 0.114796914243999 -0.156576402421661
0.25918702139074 0.183829352837011 -0.0209640311905464 -0.266206865454789
0.300454145152646 -0.0783555643933078 -0.199961080676379 -0.174591456765664
0.155691417111172 -0.202284089200036 -0.215857717072406 0.0019251069204591
0.021114155338627 -0.223063864068963 -0.106584462364624 0.0827193010890315
-0.0998734729320738 -0.1833879387817 -0.0264004937944095 0.0500936253990769
-0.133847356389143 -0.13431975639468 0.00178184299388477 0.0171909755170819
-0.137645394753411 -0.138865364378791 0.0334470334891509 -0.0222343741985826
-0.0584050091623203 -0.200340313365541 0.084508160109498 -0.0470649346341932
0.0522504161761999 -0.211919549701042 0.142905311056332 -0.022970390773949
0.209676773994942 -0.200006916709322 0.173104670311783 0.0854272375342946
0.295399303798151 0.0231719417215841 0.107488725747851 0.186920359018645
0.187964036559884 0.273066051142074 -0.0298866310614764 0.130325245623155
0.035819425464805 0.39835693907329 -0.00490045935748331 -0.0148139773485036
-0.0989793183823214 0.299685340371538 -0.0111211359000158 -0.200464786688513
0.00906405380683219 0.344363878524309 0.140865494788812 -0.228268579397113
0.214873775001353 0.219505537203832 0.0376479705377213 -0.278437608602496
0.297217204233242 -0.0355970344192839 -0.122333261646181 -0.209544207108506
0.16910161819379 -0.181382858269635 -0.161902524711396 -0.0790467303215002
0.0345558665989481 -0.213129025635717 -0.109284098789069 -0.011267743625613
-0.0877669083711661 -0.182645488073904 -0.060970834273437 -0.0264729087812922
-0.128056983690194 -0.13394927497145 -0.043503142299378 -0.0423516858252231
-0.133937771482363 -0.134719851024018 -0.0112494673766225 -0.0786542901354256
-0.0597883223084166 -0.187547257716131 0.0504907858233792 -0.107102074643734
0.047306381355977 -0.200526323611585 0.131153070713681 -0.0853299628397669
0.199518942669537 -0.181142573224178 0.180635031225433 0.0339632846427444
0.263571948053995 0.0343356046889701 0.126835015986871 0.147475916679617
0.149025739950334 0.250438682201632 -0.0246415859727681 0.0926969458746319
0.00665457817418954 0.344695242365627 0.0129965960818468 -0.117027987118626
-0.104779217377957 0.197487309443922 0.0544622229376242 -0.317556608878767
-0.0386202483532324 0.256783140697133 0.162859466077787 -0.281262996182719
0.132975983957051 0.190244793914046 0.0861094658536144 -0.273487327828431
0.226898703494291 -0.0021483671418347 -0.0511775199697723 -0.222972738549089
0.140064616479742 -0.129396347236489 -0.106524335516968 -0.138972970703149
0.0352286289304552 -0.164522124436408 -0.105725506666556 -0.0909607406559689
-0.0646520923281199 -0.14770727701956 -0.089835402004637 -0.0921822274962098
-0.103714113291739 -0.111486594707601 -0.0824300253733374 -0.0951105815248854
-0.110237895158633 -0.113855200977422 -0.0497441104217494 -0.129020024485567
-0.0488912651287219 -0.154580572983914 0.0239744022820593 -0.159165763449368
0.0453895985214125 -0.165471392214983 0.124480903288021 -0.132975055952949
0.175244295780174 -0.133242512184422 0.185169149336574 -0.0017150849897472
0.203942761572515 0.057378240566895 0.133407398255289 0.116217208260956
0.0851214864765208 0.211754610956515 -0.0222775464517209 0.0623526688851222
-0.034420649449422 0.250348138321184 0.0337727992456605 -0.192304872722609
-0.0873575468064602 0.0598277818295486 0.103520354924305 -0.389242530028268
-0.0634805238992091 0.12096849991992 0.165646995021502 -0.310056053667534
0.0436160331836299 0.111286858562069 0.110726409066745 -0.261092441795652
0.118164600890436 0.012476748171581 -0.00981413647473453 -0.226445000972239
0.0810370791435596 -0.0624947135609561 -0.0738231524404521 -0.170505605032294
0.025217156925988 -0.0890551065421853 -0.105156217934299 -0.139883662353819
-0.0333330528690145 -0.0874627728820748 -0.111462047079501 -0.133747383672201
-0.0637130514033817 -0.0703102703279052 -0.108737524596516 -0.13248190261038
-0.0699982555813847 -0.0780703495907954 -0.0753030269311127 -0.167174903422588
-0.0305356474890105 -0.104713731900893 0.0118519538567028 -0.199317194587921
0.0407458827510265 -0.116021932290717 0.130381495558617 -0.16794355055032
0.13506245985125 -0.0721984488316421 0.195956377172642 -0.0201621651676841
0.124038318940839 0.0750858996222464 0.138442349883062 0.0993655569774758
0.014396371610417 0.151339730834983 -0.0166586187859908 0.0459669775710152
-0.0716613530097599 0.124836059456886 0.0588879259730013 -0.230965216204614
0.0802640215843197 -0.00143336203070742 -0.0317448883079118 0.27757313319492
0.027858043465096 -0.0696683994745612 0.0920810095336754 -0.0171329922216386
-0.0492389023803779 -0.0515095619694472 -0.131265882304083 -0.142396672756576
-0.0623444385056263 0.0204256593294203 -0.252869711262892 0.0022079177899713
-0.0145241360815354 0.0426970911686294 -0.191645160208982 0.207429437463966
0.00322480184711562 0.0270216850110901 -0.0191197539280276 0.257487704862877
0.00759448307049621 0.0295535422619035 0.0948258601014073 0.203920508780099
0.0100901355659245 0.0236624248056568 0.131509949900478 0.157476095884518
-0.0102913243911512 0.0169982891841762 0.143641300345425 0.140457230310649
-0.0206600394706946 0.000182877482636924 0.133032104600199 0.153528146068907
-0.0222632181712857 -0.00748808717175548 0.093247370755225 0.186157676299274
-0.0148667263089017 -0.0409056248613192 0.0153949497246746 0.238065387282398
0.043662279550606 -0.0417077474005049 -0.0933098819420057 0.258436012916107
0.0903067567918106 0.0203242724068683 -0.183017676589154 0.270280865462146
0.0696159949297171 0.0689263923078035 -0.128597793218084 0.392450357779491
0.0787317857376076 0.130650686079011 -0.078054972894828 0.264178299176819
0.0875643353065886 0.0341641300412682 0.0883311118169666 -0.0142925953413611
0.0557943188853363 -0.0308998863483464 -0.127440888236768 -0.161900751604568
0.020004331261 -0.0434542458218805 -0.272127133806413 -0.0193746827956225
0.0110008993111011 -0.0367325774040745 -0.219122776020022 0.197735818203283
-0.0105972088307226 -0.047059851371739 -0.0356534952188372 0.257783494887797
-0.0406260504487693 -0.0300554133935797 0.0824852521616565 0.201501905217154
-0.0420572938864763 -0.0266516263320452 0.121037824108206 0.150796970282742
-0.0531184248281489 -0.0464151080950591 0.13911288679363 0.124166747262734
-0.0191579728477865 -0.0851711612450793 0.138766311474302 0.131204766719746
0.0311158223156843 -0.0798260425378009 0.111209305276817 0.16755853073478
0.0915496433558246 -0.0729695574449357 0.0499586636964623 0.228104178980022
0.140184869551985 0.0224547647388133 -0.0502173575453877 0.259688037989089
0.114334552974871 0.155804230782089 -0.131318211251527 0.247078445539936
0.0491800048796211 0.226067427536553 -0.0933358605185775 0.331602575299928
0.0487747646581968 0.249847196449063 -0.107117760980671 0.199164400558135
0.12287565241243 0.159565606807761 0.0890017950776569 -0.0381394679168519
0.162207538290877 0.0217767768422804 -0.111591912251535 -0.196861348982984
0.124684919282127 -0.0934687990506559 -0.280806542582902 -0.0613507021455319
0.0525567294341115 -0.119584928072963 -0.243606888117872 0.162592102846834
-0.0131512238123395 -0.125648364132416 -0.0610773748928032 0.231001541070883
-0.0803067331992648 -0.0939472392978152 0.0543933497708634 0.173853938162166
-0.088775449488568 -0.0743832644589208 0.0919994676906312 0.121407676840346
-0.0944406933867242 -0.0948462594214254 0.117155583313719 0.0855254321940397
-0.0318837528663372 -0.152124518730847 0.135898441574457 0.0807967521053731
0.0552681010066059 -0.148743282204861 0.137076906326531 0.11723713888787
0.165264472767443 -0.130959779817918 0.104233293082663 0.19838215122864
0.230968557324343 0.0392153060077385 0.0130549499470195 0.252342503386443
0.159121456556572 0.242358455023071 -0.0803726493166513 0.215119598735123
0.0490062821692053 0.344011170592954 -0.0539613657120147 0.229470121462657
-0.00292139868217825 0.33104041873748 -0.107095604132172 0.0854980757884779
0.121283844495777 0.280164520332068 0.0971468564287875 -0.0900120585553761
0.243448455659934 0.100860920671411 -0.0780523781681338 -0.237455598779673
0.231407809737972 -0.110908213374052 -0.261497077566424 -0.117697704728676
0.105461084436439 -0.184731555872023 -0.247790043141795 0.0956167547102133
-0.00327791987849186 -0.192351196669562 -0.0886720557778621 0.171559259887651
-0.103175474958853 -0.148853531285907 0.0150787794728699 0.121667507001274
-0.12215557972219 -0.110445644543324 0.0504549279166803 0.0748932640467958
-0.127345505457826 -0.124393319459253 0.0806116595163799 0.0334121102107509
-0.0514339719830589 -0.191518545313878 0.116813474318316 0.0167006039482452
0.055257693577181 -0.197604409189504 0.150433698870908 0.0473344479537057
0.200636668709052 -0.186637092578303 0.15125470539823 0.145137914895758
0.288165264445514 0.0257562027127785 0.0729633364351199 0.225945085933789
0.195947123914284 0.276407354269428 -0.0446652809840639 0.175006403792389
0.0543053429965621 0.402121344397805 -0.0251224973315312 0.107878504816052
-0.0563938892544416 0.352211317417425 -0.0737786789895309 -0.0578396955952697
0.0792913264729212 0.354423822548427 0.114924640920539 -0.160974263643165
0.265018314190827 0.178577148368482 -0.0256110781323315 -0.269596555320662
0.298821431764049 -0.0882882474974901 -0.205618044435523 -0.173267164998444
0.151270135895384 -0.210123620459896 -0.220581762035788 0.00792360783955176
0.0152060763725393 -0.226963974169899 -0.107154592866116 0.0856194303058061
-0.106863546497186 -0.181918761203366 -0.0264585340373433 0.0510389961418338
-0.137472601138632 -0.130405910797638 0.00221707420728417 0.0173383224622261
-0.143223686480181 -0.135267756382974 0.0343973540529463 -0.0229894062887728
-0.0658170652872734 -0.202339403366741 0.0838745578935092 -0.0488733917715573
0.0467797884674881 -0.215839674318752 0.145768090754746 -0.0253219571341209
0.205219142323258 -0.209019191021213 0.176331878079896 0.0827833734085641
0.298467551871381 0.0166936201259148 0.113727809467882 0.18554366973893
0.19689796904388 0.272072691443128 -0.0286330491062747 0.133580876517161
0.044103567855059 0.400362897526181 -0.00761916388973244 -0.0138167340551296
-0.0923754573840056 0.30529057667266 -0.0153006621808909 -0.202344900798871
0.0164382976383689 0.34824658039656 0.138036780478523 -0.232660453078827
0.221048128834237 0.215697564113363 0.0333560281371872 -0.282763704740279
0.296700916187628 -0.0441040597314825 -0.127640703861511 -0.210203196354989
0.165636732581525 -0.188624042040307 -0.167176081156491 -0.0759890680781013
0.0286298039655957 -0.217729037569068 -0.112396712101876 -0.00910829441501252
-0.0940104824699703 -0.181187297845049 -0.0642053849661277 -0.0254226750148267
-0.132479536082209 -0.129798348698688 -0.0456568166694407 -0.0414180794598741
-0.138849464374012 -0.130740894036298 -0.0129080787379372 -0.0790065865371017
-0.0656200912013307 -0.188030991622728 0.0480289866103847 -0.109344514469776
0.0421104930772633 -0.203813304422007 0.131635466030806 -0.0876376930562
0.194872144358254 -0.189578719878181 0.183592752152989 0.030966214849137
0.267740411694639 0.0281790245034382 0.13228357476895 0.144485655317148
0.155995103749696 0.249431886965035 -0.0248647933228545 0.0956294301694611
0.0131541810029296 0.347712604264307 0.00760740365630499 -0.117986903126183
-0.100893325111925 0.202625868974831 0.0481447304744924 -0.321877434544641
-0.0332003576837508 0.260493043307543 0.15890432997633 -0.287148343415979
0.137351290525028 0.18806584614011 0.0823345006619922 -0.277233838552746
0.227294860493304 -0.00832895095716224 -0.0558443299143572 -0.225088326801338
0.137647823812396 -0.135136812818899 -0.112059289138391 -0.138734237041687
0.0306202764948313 -0.168427153863052 -0.11010216660155 -0.0908318975406348
-0.0694019074716835 -0.146677698227284 -0.0958724529054493 -0.0912251553884297
-0.107085638369783 -0.107664719933024 -0.087211512581115 -0.0933116213659679
-0.114558908618819 -0.110149879201946 -0.0533769148435487 -0.128926610882779
-0.0537349798039061 -0.155217391394139 0.0198865932751392 -0.160747984426291
0.0409907397708594 -0.169055109725653 0.124161950567597 -0.136795871370193
0.172434213070215 -0.140456786467204 0.186259647538527 -0.00472340403364816
0.207723187103652 0.0537168509853628 0.137839045255708 0.113394053454301
0.0909535732028319 0.212057417020723 -0.0219962823843343 0.0643875879207149
-0.0304894038755687 0.251715832310742 0.0260420292617651 -0.194578406060179
-0.0864413656565508 0.0616873788667979 0.0943284965568235 -0.396052283634853
-0.0611656583166749 0.123078359903504 0.15959387179377 -0.315572766062771
0.0453855561801259 0.111643481323593 0.107674734671211 -0.265752289034855
0.117294905398509 0.00925619366462203 -0.0136557517581552 -0.229010346130138
0.0808628707235918 -0.065623287255525 -0.0799232622141293 -0.172756322961423
0.023584252195079 -0.0915507063773418 -0.111913591299262 -0.139791829432731
-0.0360290875515447 -0.087778792199623 -0.119013266893566 -0.132582534219848
-0.0653290556226194 -0.0676031166933987 -0.115159872113322 -0.13021233707507
-0.0722015777838767 -0.0749697806907207 -0.080766057070842 -0.167088669943743
-0.0337814247461393 -0.104898160006396 0.00605858538100855 -0.200961031487802
0.0369941114216867 -0.117712117879092 0.129284738472378 -0.172029378185056
0.133289053483767 -0.0764974334354032 0.198443408232388 -0.0242251769479672
0.127580379570053 0.0737727442951222 0.141796540004478 0.0972568635148387
0.0173748406484739 0.151742974396505 -0.0166263819444223 0.0476274493460465
-0.0702475575781542 0.126853008107115 0.0505265716445679 -0.234173594571784
0.0788102151462587 -0.0051872627417025 -0.0157509778850181 0.277575972703563
0.0252243318140529 -0.070897780058377 0.0925331760037575 -0.0233658462485325
-0.0512472848517199 -0.0495063413544483 -0.138345108164803 -0.137702531825479
-0.0622725385117847 0.0245959856683043 -0.254261542580424 0.0120295862868929
-0.0133599264392135 0.0435519961066679 -0.18319967200623 0.217163626886959
0.00413374623602065 0.0270801026063899 -0.00758700300100822 0.259288064306907
0.00921960157558641 0.029463734370308 0.104447093940166 0.197735486448061
0.0113634089176469 0.0226628599734532 0.141238332327257 0.150400180114828
-0.00937394991876766 0.017944531787634 0.152867622905547 0.132878234909039
-0.0217164490137206 0.000914025662138915 0.142895799405505 0.147937936280257
-0.0219727873802734 -0.00648153023701527 0.101765902894699 0.182279853282732
-0.0165902961840798 -0.039952708602441 0.0265780795281657 0.237489828970615
0.0416806273437611 -0.0443702813297907 -0.0827694066375551 0.261711036538065
0.0920375294222237 0.0153912664096493 -0.173027227160243 0.279574859826788
0.0713564529120298 0.065379197482278 -0.108351933199511 0.399381556403027
0.0847085526961479 0.127038207563404 -0.0630894828427914 0.266757839114596
0.0900505513418014 0.0298605542954207 0.0895527624693518 -0.0199291600104134
0.0546812971792976 -0.0341096096771841 -0.135068620925461 -0.158011218446276
0.016288808673206 -0.0443336630365491 -0.274089746318914 -0.00829702736625631
0.00726869571328918 -0.0377724235424648 -0.211197083187155 0.211018915911237
-0.0140474626582843 -0.0467461223075334 -0.0242065593214122 0.260259445815228
-0.0427489461270074 -0.0275635637411528 0.0920453090111506 0.196888781381883
-0.0431085086097399 -0.024568355196306 0.129300679059281 0.144190178954095
-0.0563692905789626 -0.0431990959667261 0.147199885972136 0.116923125946802
-0.024568187103137 -0.0853270608872881 0.146794220332292 0.124879952304287
0.0278919579572889 -0.0812172472910013 0.120263409319205 0.162862335392163
0.0879674110237941 -0.0781192236329804 0.0598736748736505 0.226004980218303
0.141177063699428 0.0152845469505582 -0.0388157738296293 0.260677562664483
0.12281886783521 0.150231090234935 -0.122393847202521 0.253969211948939
0.0589012381557432 0.223689035695438 -0.0769504361227547 0.337008156276021
0.0608425525201871 0.247207413783009 -0.0958699005099599 0.203364566925656
0.131959778344507 0.15377520184467 0.089410182386459 -0.043686580992219
0.163294696464322 0.0125688384028054 -0.12036886061295 -0.193931350994832
0.117806259594723 -0.0995494693451766 -0.285000797740571 -0.0490260299127741
0.0449337140089536 -0.123326110095741 -0.237843832306089 0.176489952953553
-0.0204873225202197 -0.125842700159052 -0.0510455616967559 0.234702112763235
-0.0857037180358951 -0.0889740458875503 0.0626142621995548 0.170799742165929
-0.0924261488564909 -0.0687302232328931 0.0990536185824389 0.116534259907573
-0.100151844868331 -0.0889405025973324 0.123198276539579 0.0790527042739923
-0.0410386590463141 -0.1517572733916 0.141343579634086 0.0754495863809214
0.0474234755710678 -0.151654039931248 0.144421693705182 0.112264206019239
0.157809829793505 -0.140054980563949 0.113107134678874 0.193809072386495
0.232579161710906 0.0276379957947553 0.0248759196595379 0.250439135171561
0.171937435779456 0.234806650066529 -0.0733119437699704 0.219351882670792
0.0645889735069257 0.339871917071677 -0.0433372491253621 0.234341147422861
0.0146248812772865 0.331185733416954 -0.101421900135236 0.0909681130776598
0.136431362784228 0.274550973510871 0.0955117334626426 -0.094512178184845
0.247432554713072 0.0877525806232152 -0.0876099079803626 -0.235780537812215
0.222328000099623 -0.123436587621494 -0.268198301267406 -0.107004079245447
0.0941656998830445 -0.191124505266553 -0.246481431921495 0.110051041461098
-0.0142222666630254 -0.193288410353627 -0.0815562539183697 0.17722283160495
-0.111695110088724 -0.142596138395025 0.0208847136443585 0.120453165703299
-0.127766867123619 -0.103063049161831 0.0546949361622264 0.0724512133234342
-0.134085834417742 -0.116284387817781 0.083940098095251 0.0292386690789719
-0.0633585081089181 -0.189587364532571 0.118944741000607 0.0112019052906593
0.0449339251226673 -0.200967103003637 0.155146789511349 0.0411350372459032
0.188670129659964 -0.197986969930045 0.157375518895522 0.138428098572587
0.289393803724906 0.0117850283838667 0.0844050105139438 0.220668354595438
0.21024458585112 0.266427974660226 -0.0392222881709422 0.178440444436303
0.0721042204236365 0.398650208907282 -0.0212212901066461 0.110174466843509
-0.0382473083645305 0.353582421638619 -0.0760747714492891 -0.0537560655837262
0.0973803257825157 0.351432513803565 0.109181984760377 -0.165681198767264
0.273011517539257 0.165014261355415 -0.0371786362674624 -0.269691424368975
0.291781431626096 -0.103870003458356 -0.213476713592635 -0.16520948229535
0.138540376989484 -0.218501418372759 -0.222973469964082 0.0204005168174186
0.00251283023034529 -0.229214687960585 -0.104315591716946 0.0912527775455224
-0.117704858097888 -0.175585047510217 -0.0247357049865993 0.0520554722889525
-0.144048047581482 -0.121282605013439 0.00236794057828746 0.0176283731205553
-0.151347333709053 -0.126017812689717 0.0340094687974997 -0.0250652976624513
-0.0773116371841548 -0.199953501340445 0.0819494778872458 -0.0528686037122047
0.0355748074761482 -0.218428886949211 0.146420803559931 -0.0321370881640639
0.192415021702893 -0.220817530470394 0.17909321577414 0.0752391008475731
0.299504546091506 0.00208227892508913 0.124133120417785 0.177932942927485
0.211063840370567 0.262769855036169 -0.0238218511837828 0.135743745046659
0.0626767953607648 0.396425118319147 -0.0106981032623883 -0.0121313857353716
-0.077195767631145 0.309343512626725 -0.0246430643180988 -0.201280065408031
0.0329369797232332 0.347881992151043 0.128320774331744 -0.23855027968503
0.230695064723848 0.20494692888181 0.0223412294083431 -0.284533649290298
0.291860291103939 -0.0594522290835615 -0.137151895315443 -0.205188266782519
0.154401058003606 -0.198324085151178 -0.173003994042661 -0.067142694752561
0.017005942425145 -0.221048257183726 -0.113938181400968 -0.00420288824319231
-0.105248137319332 -0.176166039464765 -0.0670607987535412 -0.0216841931705122
-0.138054517469723 -0.12098567339407 -0.0484480215697254 -0.0383635251535203
-0.145807705667833 -0.121324273166153 -0.0163404289859136 -0.0785081228898633
-0.07705001515628 -0.185489678450928 0.042664274085327 -0.111090220804062
0.0316672202134504 -0.206489374321861 0.130161174101593 -0.0938872615410884
0.183651414905626 -0.20099509718185 0.184222388354805 0.0226262467126142
0.269622659581751 0.0156382609320611 0.140284218651581 0.136853809264927
0.16925568154029 0.24293398635136 -0.021033700123873 0.097483309734217
0.0291544729947637 0.344527952699131 -0.00145435746356271 -0.117373203017394
-0.0903421933622 0.205851447240196 0.0329572684665754 -0.324147821539811
-0.0208609386959935 0.262332327442863 0.146130867077878 -0.293048310598675
0.145627821566832 0.18093782409656 0.0714183124589567 -0.280729030157258
0.224198619700182 -0.0201870364216094 -0.0650257280525847 -0.223514094160112
0.13045139229459 -0.143095895706877 -0.120543089777904 -0.13373626892859
0.0210578965181082 -0.17117328334474 -0.116537315327371 -0.0858112148308564
-0.077886002022544 -0.143285762143916 -0.103264788829048 -0.0862674540849766
-0.111723480706024 -0.10023740849191 -0.0930596201295226 -0.0879852329492606
-0.120019995764118 -0.102433432356904 -0.0609673794499245 -0.125809682432412
-0.0627355557900311 -0.152561182364057 0.0117043766842774 -0.160592157276284
0.0324354122526499 -0.170971206039474 0.119055063601243 -0.14308376721965
0.164031499384657 -0.150774137526228 0.186262297060536 -0.0128363614140045
0.21104371352042 0.0431998172768171 0.144601301047097 0.105583337654565
0.101197443668782 0.207484189042507 -0.019727215797425 0.0669322739502156
-0.0191926602636422 0.252147724737946 0.0131248247414384 -0.195295330610048
-0.0828629888144259 0.0653054450516083 0.076173983694278 -0.399999375710376
-0.0554698392092461 0.125422229625705 0.144933926374792 -0.321129979001047
0.050052504407395 0.109196665019245 0.0969708038794623 -0.270273293728094
0.116590799851129 0.00351466333759388 -0.023416558380654 -0.228741915575488
0.0767618689668637 -0.0706501452078779 -0.0892728310796482 -0.170095917356347
0.0180862697406938 -0.0932535117256671 -0.120138423695546 -0.135128033846994
-0.0411320456517134 -0.085444005559897 -0.128977613861297 -0.126484361999863
-0.0678368603335941 -0.0636045079112651 -0.123550923474312 -0.123295812495512
-0.075827102135364 -0.0695254314669375 -0.0905048267324575 -0.163072686020113
-0.0395096736407997 -0.103073045007111 -0.00386578111793893 -0.201393865749942
0.0303381767529731 -0.119430805570202 0.122205410908034 -0.178319779388244
0.128429994442016 -0.0842710263181672 0.197384642097739 -0.0328196509690548
0.13207695951867 0.0671297919453192 0.146789088489679 0.0907598502377825
0.0240001845557434 0.150527675495332 -0.0149624804312588 0.0496619889722091
-0.0651576271449295 0.129595300087071 0.0357113504431705 -0.236170522782045
0.0746088901806293 -0.00862690257739817 0.00139042147526354 0.269286850036548
0.0209458557762931 -0.0707207785020654 0.0903142282513422 -0.0290174034121736
-0.0518398279446843 -0.0458734824557018 -0.142058539206588 -0.12823936207942
-0.0594263347485794 0.0280501034146978 -0.24834645223895 0.0242161699940596
-0.0115113079982358 0.0430413659255404 -0.167669257581887 0.2228857830753
0.0044155950527569 0.0262828612400552 0.00616850168945623 0.255245678997229
0.0102737336281422 0.0284733696158793 0.111795451507742 0.186931611318429
0.0121867406616381 0.0208961039319071 0.14682464085686 0.138440072186428
-0.00830349469740366 0.0180763642684322 0.158264637533734 0.120338790392066
-0.0221344198990588 0.0019079839199652 0.147914730853278 0.136916984379019
-0.0208330172801398 -0.00492034545829981 0.108544728313012 0.173076382081473
-0.0179041803837239 -0.0377838823564011 0.0376943729234044 0.230368532532401
0.0378780521516478 -0.0453213573566293 -0.0699844143120943 0.258390165319943
0.0911346489488412 0.00995863565892731 -0.156839230795664 0.28150919428318
0.0714640698000757 0.0599114828498453 -0.0845504658862838 0.395812358116314
0.0878058525477664 0.118958833586845 -0.0452576655057484 0.262309602758434
0.0898899819728035 0.0239867493123893 0.0876377589565456 -0.025586795260969
0.0517227826810705 -0.0372708917660145 -0.139681997249183 -0.148557272201134
0.0121214260270681 -0.043375663325474 -0.268603565402081 0.00499787393211795
0.0039080918766144 -0.0376808104544621 -0.195460114707641 0.218631031350006
-0.0167387378362736 -0.0449805916927322 -0.00961155638786793 0.255650753827835
-0.0432248850633818 -0.023991081901332 0.100405908302617 0.185610828776806
-0.0430058893373994 -0.0218368159004357 0.134935202156426 0.132641684067709
-0.0576268316397465 -0.0385459470807559 0.151867131848514 0.105413797101405
-0.0304093114010429 -0.0823097865202627 0.151440681935759 0.114593430954091
0.0229840549182784 -0.0810133317067898 0.126983563088443 0.153403191108587
0.081283867031906 -0.0806147487770403 0.0691957526847124 0.217445498554207
0.137975178621515 0.00755691241954882 -0.0258148169124288 0.254265754429191
0.12850613888305 0.139821381703593 -0.108427640800324 0.25384292601987
0.0675736292008762 0.213786710623671 -0.0560042752839448 0.333613075364115
0.0726370794868497 0.236682276618304 -0.0801434291821052 0.202732034518097
0.137510112751372 0.142728555891277 0.0868103541177721 -0.0479355955959081
0.158812541862823 0.00220968379877585 -0.127065256899377 -0.184017895311447
0.106903974627205 -0.103665737156135 -0.281076629231478 -0.0338658291386452
0.0347327543719192 -0.1229480708857 -0.222524801021242 0.187539079580268
-0.0284311089519388 -0.122136147031889 -0.0376702960236944 0.232589364859344
-0.0889015600331576 -0.0809161729811054 0.0699430715467597 0.162708991907113
-0.093371105830502 -0.0613133545732699 0.103403077443502 0.10781559690752
-0.103387199341256 -0.0799656802955835 0.125965481555102 0.0695389098983892
-0.0501831918320634 -0.146231865104924 0.143086841026282 0.0659260324233955
0.0379537374431109 -0.150652572191843 0.148102766934163 0.10200909284091
0.144688500869471 -0.145538440894413 0.1198175813864 0.183356294126559
0.227983367573616 0.0138988186019291 0.0358009458224196 0.241055260009084
0.180578899334205 0.2193311536092 -0.061552714060923 0.218585542514623
0.0794639312898266 0.326903934291991 -0.0299552357732749 0.231106520195461
0.0323334557171018 0.319879028602841 -0.0922522045793962 0.0942660049294908
0.147926697866026 0.259681453799343 0.0899058403544921 -0.0971630637796867
0.244797906849187 0.0705649516798287 -0.0977008199040367 -0.226371052002808
0.206620500750278 -0.133017080571987 -0.266101599930306 -0.0906705213673769
0.079010251906965 -0.191858266787243 -0.235264938424025 0.123635678622739
-0.0262603785001878 -0.188718966332577 -0.0708887394254517 0.177626164406929
-0.117632575196349 -0.131632425858344 0.0260526991273647 0.116158338578671
-0.12937807914947 -0.0921902172999115 0.0564271686069526 0.067673744573891
-0.137825295705573 -0.103864460481515 0.0843094486281147 0.0234905628412167
-0.074122139383963 -0.182004268118592 0.117666849548588 0.00528001129227667
0.0326498427794363 -0.199182949309957 0.155322083146942 0.0321130075239375
0.170841438932559 -0.204013765948022 0.160727986209604 0.127000765416273
0.282754341194524 -0.00378550795332002 0.0934184267014592 0.208070404940863
0.219646722048813 0.248749101176616 -0.0303199589291963 0.176658067904392
0.0896131967806537 0.382575244658624 -0.0161371528634968 0.110691968435008
-0.0175062989846277 0.346137137616784 -0.0759029836240251 -0.0482415641593583
0.113703892855977 0.337301439513836 0.0991049245225614 -0.166703637382591
0.273384278329925 0.144815010656371 -0.0485535985301306 -0.260850124467667
0.27603193500562 -0.118242898912729 -0.217522998560377 -0.150052713959644
0.121175505265678 -0.222209360333881 -0.217748786502882 0.0349630764624432
-0.0121874265415373 -0.224589143596122 -0.0977970372914399 0.0950628255284943
-0.12509684549354 -0.16423284441788 -0.0225692517219077 0.0527212886769819
-0.145870437575928 -0.10941235383966 0.00250687306265206 0.017740484691956
-0.15413641667749 -0.112281936249163 0.0325779964282248 -0.0261217213677209
-0.0877381726935377 -0.1901833010145 0.0778084510322876 -0.0550371214423993
0.022652204381284 -0.215279470220475 0.142921895644371 -0.0391829096822467
0.172888439667479 -0.226908086022595 0.179029461807113 0.0649089221484331
0.292203286376718 -0.014857685764584 0.129968088552719 0.165148328079584
0.219405663741195 0.244928953963237 -0.0174348582244418 0.13512557002503
0.080129192313016 0.381188879634709 -0.0132952956714839 -0.00960951887651144
-0.0584583311107642 0.304263623812212 -0.0341669776289946 -0.194355531774705
0.0516549203710655 0.33595077081349 0.113751011906635 -0.237227719241776
0.234283183096576 0.186534682651711 0.00841568649218911 -0.278571052080334
0.279062191131153 -0.0747440399365317 -0.144070257299308 -0.193235374081207
0.138178555643759 -0.203268369335439 -0.173416857650829 -0.0539597288440095
0.00305051221403466 -0.217219962447186 -0.112820833166943 0.00226847723722781
-0.113497125819881 -0.165273332338334 -0.0685713013747944 -0.0176134049749027
-0.140277530354839 -0.109356244128354 -0.0508425064212243 -0.0334065262781339
-0.148863077522113 -0.107664961718393 -0.0203106190245887 -0.075044921957996
-0.0867459217957944 -0.176525417840496 0.0356307129375387 -0.109371023011327
0.0191567682761918 -0.203154447406639 0.123545717849311 -0.0987299613965664
0.165229806343184 -0.207131878724071 0.181139215465562 0.0141953435770531
0.263605188581645 -0.000440419103859139 0.143862590779748 0.124863698441516
0.177783776819668 0.227046083823113 -0.016022659718953 0.0969149070815574
0.0457464848150836 0.332851006372763 -0.0106964872739728 -0.113054654454833
-0.0766407055520989 0.205096035148761 0.0159455741774109 -0.316799311880718
-0.00600830671008588 0.256587234742237 0.126791025886293 -0.290702800698927
0.150224178814027 0.167934944667137 0.0574247377394494 -0.276090439691614
0.215463887579793 -0.0323672962515123 -0.074492408279761 -0.214332622527734
0.11852406180239 -0.147653397242959 -0.125690966598549 -0.123095277154928
0.0102064452847276 -0.169315842103679 -0.1196409193458 -0.0777907120983058
-0.0851130731478818 -0.135068099794837 -0.107914891761058 -0.0780995432739748
-0.112860146074036 -0.0910876134962409 -0.0972221678026685 -0.0794690291661677
-0.121709702770846 -0.0907539355388815 -0.0668704441978037 -0.11810245554309
-0.070227680719778 -0.145267482026839 0.00263791793079812 -0.156385878416636
0.0216838370234072 -0.168278980105515 0.110037870025538 -0.145817747029249
0.149911530956049 -0.156069976910548 0.181409566109585 -0.0208950039294585
0.207591130841253 0.0307358895245338 0.146740802635557 0.0945318029562361
0.108961727708461 0.196365938562886 -0.0161491041196053 0.0674499808094525
-0.00597421876778625 0.245411431499987 -0.000903478962568167 -0.189388814850819
-0.0774479668435254 0.0676334698771058 0.0535477790071369 -0.393015156424299
-0.0474448908780285 0.12450904620014 0.124328359415151 -0.317374828163508
0.0536425356660814 0.103781390664986 0.0830724400729198 -0.267851372609944
0.111603598409887 -0.00265628789681047 -0.0340078553052241 -0.221988535702982
0.0708632963181067 -0.0742364167281211 -0.0960916989300029 -0.161840873371404
0.0118901185583404 -0.092585674949195 -0.126616414191873 -0.126191706707782
-0.0451266557547637 -0.0806239490011805 -0.135391719530986 -0.115543300655224
-0.0686258762111559 -0.0574699997092627 -0.129392204255726 -0.111532582468763
-0.0769963197681717 -0.0613463715404935 -0.0978306095943774 -0.152607836067641
-0.0444084843505244 -0.0979478585622915 -0.0151125022268124 -0.194872505772403
0.022598728669527 -0.117542190213981 0.110438679169727 -0.181529304756712
0.119726065857138 -0.0897825981852812 0.19165069345245 -0.04152794882379
0.132766804307548 0.0585939004866978 0.14795052344089 0.0802960165031772
0.0302638627174824 0.145456786986818 -0.0122774755156385 0.0497328145171694
-0.0568147669673119 0.12915061999068 0.0185570191936554 -0.23035435840962
0.0698682688038536 -0.00978714026217083 0.0111795296952216 0.25626195474244
0.0177791021530092 -0.0684392101467075 0.0872931862353156 -0.0316287293376874
-0.0509504447738085 -0.0425787901875093 -0.139719158592278 -0.119201335776171
-0.0554548160738841 0.029384486104159 -0.238099259445211 0.0297090570619314
-0.0103490830219364 0.042610642850871 -0.152807012299243 0.219773768139938
0.00443300899657503 0.0255692633637574 0.0153719800350681 0.244517230752194
0.0112157578627935 0.0272985473097296 0.112980597653478 0.174808722505752
0.0122390995272794 0.0194026180498284 0.147027217604131 0.126044380102603
-0.00808281171060898 0.0171901084980287 0.157490438294494 0.109228625500586
-0.0217578565286508 0.00267221544985514 0.147516425063303 0.125842329551077
-0.0192346156905251 -0.00400154243295804 0.109829404073117 0.16270342858847
-0.0180948782365409 -0.0358138506360739 0.0430147001860482 0.219044347320811
0.0352928053425828 -0.0441306237358401 -0.0608043968893888 0.247815150341684
0.088042730468281 0.00568136961859035 -0.143105897521615 0.274174764033509
0.0687751480964159 0.0553636643684714 -0.0656731442093133 0.382514015526201
0.0873689409083954 0.110622988845221 -0.0327618449482288 0.25100384965287
0.0870750850158663 0.0199900199207154 0.0848507219180712 -0.0280454602484082
0.0478491405983512 -0.0384015743625064 -0.138606023791212 -0.138190441375139
0.0094907235723874 -0.0416357656386934 -0.257349068788836 0.0124597968781429
0.00115220044736648 -0.0359904859199059 -0.179003181515325 0.217587820265137
-0.0192589442652723 -0.0421289547093192 -0.000575301583117777 0.246601402855117
-0.0424407983738863 -0.0206742175635564 0.10166483712975 0.174167391527524
-0.0419964822500946 -0.0194261734976127 0.135114805470622 0.121719844959207
-0.0574439830228056 -0.0342655347111534 0.150230234963522 0.094230549459612
-0.0331585109339106 -0.0781434052092581 0.150152867424354 0.10458940443899
0.0196578142814004 -0.0786670264523677 0.127068595367753 0.142720027206429
0.0741759836547013 -0.080362426116439 0.0730117605766909 0.206126443402149
0.132469549933986 0.00257714302471624 -0.019255804917993 0.241514501002222
0.128177307750897 0.12904250555553 -0.0975986255518283 0.247032238177469
0.0702538095692212 0.201690013718507 -0.0422271949615243 0.321609059925805
0.0772901976476154 0.222573025732941 -0.0681949908767182 0.195407127804572
0.13646993747715 0.131540379609772 0.0834036038213918 -0.0490706211652737
0.151536421238929 -0.00451400072620283 -0.12735449585732 -0.172549067594927
0.0969321751162519 -0.103093413047232 -0.269669157430217 -0.0238694817005107
0.0274943616732887 -0.118751326495618 -0.20606144547747 0.189121710199925
-0.0333219507314962 -0.116135139385951 -0.0283159457686578 0.224592523868071
-0.0883494232477682 -0.0732551424279621 0.0723027418699057 0.152674647634752
-0.0908184114159948 -0.0545795443620062 0.103110387297982 0.0994967268390294
-0.102165502267777 -0.0716586219443288 0.124242150206165 0.0616144730491221
-0.0554241196278147 -0.138317600960363 0.140712083492914 0.0584910243775852
0.0315154053719811 -0.145841138378008 0.14693267701525 0.0931313037412906
0.132144394182906 -0.144811883207619 0.11948418036985 0.172719260847917
0.218299740746227 0.00573586780862283 0.0409591935190385 0.227500922388698
0.180826606623267 0.203832832918892 -0.0535145056523817 0.212150733663367
0.0845230621020299 0.308539683729502 -0.0216069047294273 0.223288269435674
0.0419398229919509 0.303765863929083 -0.0840499934186613 0.092960129154831
0.151050255802424 0.243432869390647 0.0848166883897024 -0.0954784802871328
0.235074172081444 0.0576865240457475 -0.0994366268253184 -0.213663792105051
0.190902329591284 -0.134349964569717 -0.25699259493637 -0.0785521135162483
0.0662464676822069 -0.187317883787305 -0.219645961653038 0.129497084416287
-0.0335484104806528 -0.180470848158406 -0.0615161772534677 0.173085600297066
-0.1179653070669 -0.121112768324219 0.0284572354667549 0.110478665525458
-0.125981378488339 -0.0828446197302793 0.0562524584650528 0.063132506484091
-0.135288299602904 -0.0928665431556751 0.0819942689536648 0.0190620345425683
-0.0789416398588509 -0.17191422307234 0.113659082846795 0.00148237747581234
0.0237265511041151 -0.191561994816621 0.151726558334181 0.0252325802069233
0.154196792730295 -0.202124499750435 0.157866478996518 0.117558034376896
0.269633199094067 -0.0141311313545621 0.0953579014751491 0.194693902803903
0.218785638483813 0.229890212957356 -0.0242602321761696 0.171414401080158
0.0968409462491034 0.361379318988678 -0.0132467688561436 0.10749824737812
-0.00561722807209797 0.329088622407852 -0.0735282842113219 -0.0430161450500582
0.121195800314733 0.318462644000513 0.0911292473748173 -0.160394414246777
0.265085715578788 0.128447719084976 -0.053190088753769 -0.247863077471391
0.256933806132261 -0.122597770633951 -0.211853779888087 -0.136982693554404
0.105962769930796 -0.217963407521415 -0.206739616194059 0.0438848777841644
-0.0212336599850292 -0.216189733245203 -0.0900284498581781 0.0949172449062458
-0.126698817062593 -0.151538919990782 -0.0213454406744652 0.0513756857063537
-0.142364569096398 -0.0985147963235237 0.00250188309339743 0.0177330081369479
-0.151092654511971 -0.0990837979549683 0.0307590719446289 -0.0264274266858913
-0.0925611846565927 -0.179281182048365 0.0739751556356795 -0.0539676135956404
0.013309629346953 -0.206816162306855 0.137239835398948 -0.0423850998604639
0.155239514336542 -0.224637755500968 0.173249309053806 0.0575154581055076
0.278771996388599 -0.0253596589840155 0.128903099170836 0.151327286940919
0.218420391298394 0.226652205088356 -0.0134809472919499 0.130223353857604
0.0873721994267683 0.360351783903279 -0.0147193175617076 -0.00676262245896616
-0.0454798444054275 0.291226713002128 -0.0379902896951551 -0.183984914214161
0.0618641246808569 0.320513149884128 0.102013364942081 -0.228177060578281
0.228553196281273 0.169840421613941 0.000815670373561883 -0.265436171320497
0.261787552949672 -0.0808556153233803 -0.142560590768269 -0.179903724334785
0.123368422100178 -0.200201396237303 -0.167897594256101 -0.0441107084508128
-0.00696442567029386 -0.209787140419581 -0.108343468168216 0.00617612999928136
-0.114893316538774 -0.153006718861721 -0.0686447867977013 -0.013594285662938
-0.137023324407794 -0.0984947233200633 -0.0512079630866093 -0.0290224712014106
-0.144949923622398 -0.0954540613456921 -0.0219773128351312 -0.0710780018055762
-0.0906708972562123 -0.16569532595724 0.0310226054171087 -0.10509330539799
0.0114326072833079 -0.195044625166448 0.116384216418645 -0.098379701594662
0.147926224460542 -0.205231292886952 0.173507034191166 0.00929354083131807
0.252407441593964 -0.0102151292049936 0.14156817939504 0.112790085927991
0.17796068083051 0.211389575711004 -0.0131591645750709 0.0938907453249794
0.0533138829158601 0.315296468321189 -0.0164083609509888 -0.105608025255261
-0.0664441217063708 0.197019083125061 0.00387547292568617 -0.302479860636126
0.00234204709623606 0.245551020386584 0.113353051597493 -0.279175542381882
0.148568923979889 0.155221313999874 0.0476977738238052 -0.265251835922659
0.202799662580331 -0.0380143044359263 -0.0765589459799742 -0.20315417667759
0.106663205411879 -0.147033436834269 -0.124137334770651 -0.112598294169908
0.0026937796936757 -0.163074599480682 -0.118783257529503 -0.0708732800873058
-0.0868240432652558 -0.125643227083834 -0.108753871911226 -0.0699119706171758
-0.109929707095511 -0.0821994350524979 -0.0971758032345896 -0.0706327205514318
-0.118247002449486 -0.0801025115014844 -0.0683739040821068 -0.110182234475325
-0.0732345692819517 -0.135524882741871 -0.00257401304717816 -0.148520365319557
0.014675098085392 -0.161158727066823 0.101475377630724 -0.143312327420266
0.13611082729647 -0.155555250073758 0.173388526278038 -0.0252330432312873
0.200321426564742 0.0211738570010708 0.142504257541578 0.085022145966456
0.110613237280046 0.184216830343107 -0.0137441700370507 0.0654155749472782
0.00173512790615728 0.233449137318309 -0.0105791550544796 -0.178915287493441
-0.071263672601167 0.0658681321986549 0.0377865618930072 -0.376086195294671
-0.0413510728516435 0.120047604663328 0.109961978853478 -0.304574646893212
0.054390217292703 0.0970597271279277 0.0737957773587954 -0.257979335114306
0.105370575160878 -0.00603455743259533 -0.037482959314966 -0.211361728622129
0.0641690026275044 -0.0742918452877317 -0.0980719991445802 -0.151763959934479
0.00783235205868362 -0.0892681671629206 -0.126765717839144 -0.117015533689746
-0.0459179011185424 -0.0757375014479569 -0.13690067225969 -0.104541997464448
-0.0663993622971743 -0.0518393692407858 -0.129130062832287 -0.099517986798596
-0.0743833773247842 -0.0542632104621222 -0.0995212573461523 -0.140992324293877
-0.0460839367304236 -0.0914301038614359 -0.0209235637897844 -0.185952040005995
0.0171968127474089 -0.113077171857189 0.100789507930396 -0.177069652861906
0.110217169793801 -0.0900875750047653 0.182656662228265 -0.0445815109604511
0.128955100996491 0.0508738363920856 0.14419166301695 0.0719171187187252
0.0333520117351436 0.137564195669449 -0.011079184730099 0.0487034639683592
-0.0503783170929395 0.124186988236007 0.00725723588206374 -0.219448025173009
0.0699031958991197 -0.00588971650792102 -0.0010307907309165 0.242550353574339
0.0202953332833739 -0.0653927768999696 0.0841260062436985 -0.0278006058294835
-0.0475182444075781 -0.0429900041543693 -0.128823673299177 -0.118798419130391
-0.0531795178040099 0.0279945977089161 -0.230994321129227 0.0188990045038109
-0.00921141078867781 0.0406620258859917 -0.152315414370043 0.205487618535545
0.00369067745578595 0.0254710168639507 0.00648021262211201 0.233783344534423
0.0103774804104313 0.0286281713229365 0.102897492317094 0.171011046834104
0.0105631882370904 0.0196987384081359 0.138871291958388 0.124025874406791
-0.00763699977180631 0.0178269556036372 0.149440157252322 0.107939803219908
-0.0205008800683112 0.00258920906378733 0.139635873021163 0.124204009572615
-0.016418395367884 -0.00445085985567985 0.0986666956612227 0.159341449254977
-0.0146185829712483 -0.031145331605697 0.031706972049644 0.208706840447472
0.0341914707597117 -0.0376555221148395 -0.0708023959211828 0.231331503355293
0.0823459305249667 0.0113793657509523 -0.150971782627373 0.257363450935237
0.0647482410801042 0.0597133062902402 -0.0848236215350757 0.360637769384812
0.080245396045778 0.112566915677122 -0.0375978420746266 0.236644896181641
0.0824679122515187 0.0235081022554772 0.084742278038758 -0.0262939640648425
0.0466509054231544 -0.0331443072083058 -0.125980569228087 -0.141415631431599
0.0110493779920987 -0.036358563014901 -0.248801907502342 -0.00139840444210488
0.00510031050894033 -0.0332298242111913 -0.179327361529265 0.200665816868358
-0.0163319408945942 -0.0416425137528312 -0.0108889102878554 0.233582821760646
-0.0391164102282067 -0.019769063189423 0.0903109496302352 0.170094743598961
-0.0402202236050952 -0.0201934511682215 0.12612994655333 0.119180111599022
-0.053592213210081 -0.0342926963431453 0.143394175475983 0.0927088244041319
-0.0301872754376611 -0.0772398028553994 0.143312197458606 0.102455119275026
0.0233584897375954 -0.0760937182251473 0.119307407587569 0.140711664056546
0.075448922463615 -0.0714017208798863 0.066012644250257 0.199198335648697
0.126841566385912 0.0116258685454455 -0.0294741113382446 0.231072283070898
0.116979842258044 0.131971566365725 -0.110287093972763 0.235348965165985
0.0628182287867397 0.199029437004391 -0.0630404923640673 0.305238539008297
0.0630878377303717 0.220673049708113 -0.0646342167311831 0.184050032612273
0.12371005280992 0.134263150531556 0.0879092009197404 -0.047994663708103
0.144261025512405 0.00506808219614018 -0.111542010400546 -0.177125156267824
0.0962388580697083 -0.0899444533366537 -0.257584560330176 -0.0414746229914383
0.0336989639406634 -0.111103650458155 -0.205310937235405 0.169986078664896
-0.0271641899396153 -0.113383773131518 -0.0380907530369372 0.211132657471801
-0.081024357973966 -0.0727564535762198 0.0603696675097275 0.149048573532416
-0.0858097122206331 -0.0579595658995393 0.0955330819837972 0.0968505024966533
-0.0958952987946738 -0.0713280186396884 0.119194059031077 0.0599345221771553
-0.0502287180084308 -0.136995130671084 0.135997733898363 0.0580612636077334
0.0367569811391082 -0.142443513124041 0.143607433851446 0.0932655288191321
0.132948906984586 -0.131335490091868 0.115985448094335 0.169038539568759
0.210392784018747 0.0177285573146643 0.0298932109205546 0.222551048323507
0.166624426048023 0.205807894383277 -0.0679210392360865 0.206053810795552
0.0748378551505302 0.300258364649175 -0.0416906426217273 0.215929328562465
0.0230665641753386 0.297748358559851 -0.0720273423459815 0.0873621355767231
0.130022802163402 0.243817639963807 0.094824252710848 -0.0915784663046786
0.22058667336432 0.0707385241105412 -0.0793841572338393 -0.217345671360811
0.186247857449651 -0.114919309776036 -0.241790941250202 -0.0961902944706482
0.0738141369136073 -0.174401909567195 -0.218320276914446 0.109525250960758
-0.0248359322468799 -0.175611964998433 -0.0693809845797722 0.159765129515184
-0.107831746888497 -0.120355547783678 0.0183228050143613 0.107152112525615
-0.119186487276387 -0.0865710573343705 0.0507365593119092 0.0617139784850704
-0.127601932036505 -0.093589641040041 0.0797119046065315 0.017595594597629
-0.0726765925727352 -0.170165357329852 0.111833263662433 0.00206875424223324
0.0304348428344379 -0.18758204899131 0.151942219470097 0.0277022967034848
0.156046309986522 -0.186911180382961 0.157071102204345 0.117443047940909
0.262471259087823 -0.000801457062822794 0.0850594837389358 0.195060299102313
0.202523909992581 0.232783733313313 -0.038622282079795 0.1701853797521
0.08464524168673 0.350190855842295 -0.0291430501512687 0.10726913987136
-0.025204642643614 0.32076894989426 -0.0541318261263259 -0.0396316835865896
0.0962257299163851 0.314710299840752 0.105372304497753 -0.152726422379733
0.244033101927244 0.140757458077358 -0.0302276617896873 -0.248511410274253
0.247490969893412 -0.100944645879825 -0.192102562098253 -0.151806524166809
0.111969107439756 -0.201927837810065 -0.202357660992628 0.0265445384496117
-0.0122948364493843 -0.209201734272673 -0.0949935305783661 0.0839918844189484
-0.115151080077293 -0.150767610919001 -0.0281925943926663 0.0481793835652591
-0.134132275860922 -0.102371674854013 -0.000331062034698904 0.0177521129388029
-0.142311060232901 -0.101386322675397 0.0305471013212642 -0.0267513741133985
-0.0864438379091635 -0.177885248024387 0.074989060536333 -0.0530164229996493
0.0210369847278088 -0.20321169986802 0.140680197059429 -0.0376992082480103
0.156679514990736 -0.209811897693373 0.17550173862574 0.0603855488608724
0.272265158488127 -0.0113463181081493 0.120354075207507 0.156332706109047
0.203044594826283 0.228808643225549 -0.0255575765646607 0.131549257556468
0.0758005254930083 0.347723221812879 -0.0253309265187725 -0.00127774689051878
-0.0645012939720957 0.281413491962802 -0.0154992143292924 -0.172319975563634
0.0369144121870945 0.313321062322452 0.119068537328881 -0.214033580040745
0.206530797066327 0.178406491406141 0.0245851632816517 -0.26010093831007
0.249060097401135 -0.0615151474440317 -0.122365586738841 -0.188799096478178
0.126997728803682 -0.183879163588837 -0.16237990996694 -0.0564429489689912
0.000813070135003151 -0.202003045545361 -0.108935863091251 -0.00165371700686263
-0.104754396332001 -0.153547050647638 -0.0723217775292891 -0.0155618994656926
-0.129122926708158 -0.102413092270099 -0.0510506287238822 -0.0291782053637368
-0.136963028488568 -0.0971278114448686 -0.0192703069708797 -0.0706516506602846
-0.0845290494951871 -0.164892645445964 0.0353850032300493 -0.102047502231241
0.0176121158983742 -0.191294652539564 0.122100791811093 -0.0931613732809039
0.150247652268365 -0.192255792117909 0.177828594166442 0.0136366857932704
0.246205797506577 0.00128728541808064 0.133237340817502 0.11912081744884
0.163630073165482 0.211884303950677 -0.0226228834244389 0.0960701784901709
0.0431731689641948 0.302689166587429 -0.0205022307158817 -0.0959348468447127
-0.0808872020394936 0.187664457994555 0.0284586212540212 -0.283915570315117
-0.0153919025066864 0.237412411498675 0.12910568350193 -0.260559200315301
0.129579978453131 0.15947045140289 0.0679133453641343 -0.254615316932673
0.191211904445237 -0.0239550014213868 -0.059151017220016 -0.204535057277855
0.107772420385745 -0.13405454002628 -0.116950770257187 -0.119150177932375
0.00785410781800477 -0.156260438458233 -0.115116772942005 -0.0747498992048492
-0.0787322025666648 -0.125120753975885 -0.108609396649932 -0.0700670145435602
-0.103405988355478 -0.0853273128822658 -0.0937638416782261 -0.0687533467529754
-0.111723748151416 -0.0819337574781275 -0.0627159160357259 -0.108940265563955
-0.0685643911565153 -0.135092705469353 0.0031824958518569 -0.144907533749744
0.0193992333767224 -0.158510032749487 0.108480352523028 -0.13531300973939
0.1361312017515 -0.145663682736096 0.177220108552973 -0.017044894829149
0.194083306039371 0.0292927754009485 0.134637937867922 0.0929494180213198
0.0994379425544265 0.182779330761691 -0.0218223658108448 0.0662071614333603
-0.00471989884279713 0.222214371071196 -0.00944724482794149 -0.167379279817747
-0.0783222977673001 0.0603212392988502 0.0585848885316673 -0.354392386356993
-0.0515458928333256 0.11371037759442 0.123520453301256 -0.282523354505212
0.0426752064944955 0.0975269367597625 0.0888177826357953 -0.24297234514588
0.0972949468506748 0.00129765255141837 -0.0228103989510398 -0.206897866509214
0.0633799165856173 -0.0663685323191812 -0.0892994139673234 -0.153416994126577
0.0101357396182686 -0.0847406393886483 -0.119992265753849 -0.118126397695915
-0.0419166272586964 -0.075849904622458 -0.132785389784327 -0.103706739270634
-0.0615446472123686 -0.0540465474223345 -0.122878822354808 -0.097556157721956
-0.070367898815374 -0.0560369426402139 -0.092341228746495 -0.138291094532912
-0.0431144493382631 -0.0910392362254384 -0.0139903279973708 -0.179796238900966
0.0198998228343878 -0.110814874419199 0.10653157141826 -0.167152881503107
0.110312221242661 -0.0838168048462641 0.183772649043747 -0.0344813110538775
0.12489226225349 0.0550902018121279 0.134586506373989 0.0792836075126928
0.0263073059325592 0.134810820302816 -0.0173112166447084 0.0479880635632973
-0.0526878486142911 0.115252216264894 0.0118680864912408 -0.206943417490735
0.0681901841544946 -0.00350840618580983 -0.00227170421524055 0.237421968027165
0.0209872280840363 -0.064195179263996 0.0841626531479488 -0.0279703585313242
-0.0464826940162915 -0.0432889635044856 -0.12562883757879 -0.119812990261302
-0.0520161514666689 0.0276809449179926 -0.228927803266611 0.0159627339877194
-0.00999564141875116 0.0408884331867938 -0.151502687580065 0.201521100899859
0.00278592027853955 0.0260342887182511 0.00504884344747564 0.231277863608558
0.0102506540952331 0.0282879341539084 0.10016327469536 0.169473710813677
0.00973968439738575 0.0191986495337077 0.137398940913316 0.122262515076106
-0.00793342778153244 0.0173306300714697 0.14851111552223 0.107035156925553
-0.0209920075070185 0.00199744689214304 0.137141128697414 0.123886373968346
-0.0151304121089551 -0.00503869409870526 0.0953051426784565 0.158919204303474
-0.0139590757037872 -0.0307387913012698 0.0285372232127835 0.205124261437727
0.0345967486117493 -0.0363400701885937 -0.0755015942679074 0.225391514260238
0.0810563562596103 0.0117373632116171 -0.153221640163135 0.251317517966891
0.0620046715231703 0.0603053854392236 -0.0859962647118537 0.353702323513539
0.0769526555950154 0.111469202333249 -0.0381213111956211 0.231518395073596
0.0816861539225599 0.0238022201180649 0.0854627192847499 -0.0262334329934263
0.0453773145972205 -0.0335076133522446 -0.121972250944803 -0.141002098108293
0.0107609251004085 -0.0357592004649144 -0.245887472364855 -0.00480864981390843
0.00447374388762211 -0.0318502519495894 -0.177652536963779 0.196362825563628
-0.0170481415956 -0.0404719600346173 -0.0125304935716445 0.231365952878933
-0.0383113391233412 -0.0194388126893923 0.0874395258474554 0.168529752575976
-0.039489065429739 -0.0202792571530655 0.125136281269335 0.117678269482565
-0.0529507921262865 -0.0331622749715664 0.141840734154658 0.0918530271719115
-0.030381189535121 -0.0763720680588265 0.141800012518132 0.103484479648496
0.0244942248037737 -0.0758385618753149 0.116235719154425 0.140413111843079
0.0744041550471373 -0.0700493436504118 0.0621682937155712 0.197110129685737
0.124577568539731 0.0124416608939901 -0.0341793500915521 0.226213309058247
0.113757913453224 0.130739531530972 -0.111950748700142 0.230857479539271
0.0586884144397744 0.197278224122007 -0.0651263201768493 0.30076871218595
0.0593084260192015 0.216431274258127 -0.0641237705961687 0.180319275110659
0.120742422409502 0.13325482387246 0.0891604781085206 -0.0463586553691282
0.140651752084689 0.00535766199675901 -0.106985157505314 -0.17600426683561
0.0944478647347937 -0.0877245935363724 -0.253525546604802 -0.0445107226305718
0.0323451675181522 -0.108839491564787 -0.202991074219663 0.167640874776718
-0.027113180758667 -0.111482159837948 -0.0396106306559961 0.208297340162476
-0.0796079913189058 -0.0718559609034144 0.0578314843044652 0.147466692554354
-0.0840058699535277 -0.0566109049199306 0.0942310861551977 0.0969263332692073
-0.0939707434230215 -0.0703456451348286 0.117727474390532 0.0591579074389578
-0.0501877392553588 -0.135896840577649 0.134546068462133 0.0585325984976521
0.0379206239555087 -0.140318451128963 0.141176411829813 0.0938056000608394
0.131247456264262 -0.12937122878449 0.112174699150811 0.168335256926703
0.20695662547239 0.0189159644192914 0.0248274429529611 0.218502791777814
0.161591884197404 0.204149305024346 -0.0700841417976116 0.202734292189032
0.0683026075932645 0.29607338787128 -0.0434345210248882 0.212244301669751
0.0194536894234604 0.290908524058861 -0.0703478722029255 0.0856978203810162
0.125858677854018 0.241170803522417 0.0968449330742143 -0.0890789524586375
0.214851835351758 0.0707209984467598 -0.0741631883715158 -0.214606206069788
0.182416875650695 -0.111519444767078 -0.236054096526776 -0.0984688519540166
0.0719387574029143 -0.171151611945929 -0.214612506347131 0.107697100016723
-0.0252027844766296 -0.173524070375413 -0.0702297488693863 0.157265113814047
-0.106131372389872 -0.118826444399191 0.01639658252874 0.105801304640797
-0.115987096242553 -0.085253267422929 0.0499253195052911 0.0624770731407696
-0.124163806255518 -0.0914949879752293 0.0785602243733542 0.0177895319932902
-0.0724183089984529 -0.168180990155707 0.111520709263551 0.00351847953368431
0.0317139366000942 -0.184977934576035 0.150062037575681 0.0286988450929141
0.153558659218235 -0.183955115677848 0.153830310363389 0.11849957029284
0.258513730624647 0.00164951370373573 0.0806625013075798 0.191890281564331
0.197246394814652 0.230734255702818 -0.0404036157772602 0.167921113543463
0.0775803263441367 0.344174421252511 -0.0310637979073059 0.106838685971212
-0.0292370956005637 0.31273700407716 -0.0515142852739478 -0.0388696955607159
0.0916126134379269 0.311126202644599 0.108038810625201 -0.147199996171785
0.237579235839369 0.139958048730185 -0.0249941972916243 -0.244077885179003
0.243197536838632 -0.0971003590848041 -0.1866458319971 -0.151781589766154
0.109759165495536 -0.197765566321749 -0.198376097824826 0.02610204328583
-0.0133701008123181 -0.206530423223344 -0.0944548432204105 0.0819198088865229
-0.113436147063203 -0.148875386430318 -0.0296247488555793 0.0485727339128075
-0.130592294550615 -0.101435463508892 -0.000718224224789357 0.0192326846768565
-0.138184634456915 -0.0988279110768888 0.0305866180711968 -0.0265269780633424
-0.0849828386082621 -0.176082979257766 0.0754154331291077 -0.0511251137667816
0.0218482814904652 -0.200632681655222 0.14020231473517 -0.036216248486456
0.154474884754183 -0.206105816794549 0.172246240391469 0.0627484237603456
0.267090115753517 -0.0094893014339207 0.116054335169323 0.154037954745216
0.198019712213599 0.226917222036977 -0.0272985727629282 0.13015311527643
0.0689562931405307 0.341217238581995 -0.0262441649759086 0.000277334476841223
-0.0661952832992553 0.274007646002655 -0.0119382263623341 -0.168342278545045
0.0333283535352563 0.308811621302779 0.12216008550362 -0.207892475831963
0.200776685413118 0.176782367536368 0.0291680870621226 -0.255206263620282
0.244209751544653 -0.0582916854460379 -0.117120603191828 -0.188042858289588
0.124461100455827 -0.181006919459338 -0.158066094688652 -0.0556708680283652
0.00048958780014881 -0.19989121710507 -0.108392749759606 -0.00223579117146516
-0.103225741853076 -0.15138996614919 -0.0727659569370257 -0.0149377739102049
-0.125137648242914 -0.10093539176936 -0.0506319383237779 -0.0263879337883803
-0.133326688289258 -0.0952841049404492 -0.0187487631201564 -0.068872498880709
-0.083664426628869 -0.16186314348104 0.0366743136087166 -0.100280523225603
0.0184912495846153 -0.188457142787715 0.122586751994052 -0.0911879754804978
0.147048653741952 -0.189158708224134 0.175508483510366 0.0170142564787843
0.242132026652386 0.00248153860543511 0.129334523530934 0.117928720597767
0.158760139026163 0.210337225625088 -0.0243074292040047 0.0945688386435539
0.0383441877408932 0.296959535141586 -0.021550252477995 -0.0931543728053777
-0.0813261433117603 0.182585012082259 0.0309651742187806 -0.277545555522186
-0.0180815149704033 0.233369427053916 0.131478049497465 -0.252551226231826
0.124971032843924 0.157782340526599 0.0719629007563842 -0.248671938036644
0.186317550555513 -0.0211116616800877 -0.0540264498169621 -0.202012927762836
0.105485304540945 -0.131657300507942 -0.114267945671579 -0.118012927157626
0.00753971176269099 -0.154239086525154 -0.113880476169453 -0.0750682375359651
-0.0778368209019211 -0.123904434240617 -0.108500395985674 -0.0688468602651262
-0.100279906037886 -0.0841671066012496 -0.0926801383656373 -0.0664882188680681
-0.108381258431285 -0.0806394620818836 -0.0615581244778537 -0.106146943028029
-0.0669029977748079 -0.132716395055859 0.0048841040222511 -0.142260346057065
0.0204982665918674 -0.156124675026392 0.108833071061307 -0.133161237369216
0.133343870809665 -0.142868440986413 0.175923171541236 -0.0138623447517635
0.191272513677021 0.0301271315096616 0.131515222281799 0.0920565386120634
0.0958997803806466 0.180647968036667 -0.0228881602820851 0.0658297285515896
-0.00733224864149095 0.217217959936605 -0.0103493736012009 -0.163048018994379
-0.0775398279634065 0.0570880989585102 0.0615357618037604 -0.346845302134114
-0.0520281285150587 0.110976880857195 0.126169181541173 -0.274240992954454
0.0407361508872271 0.0960028748063524 0.0926009328174798 -0.23770107734066
0.0948139411999775 0.00282287608240486 -0.0195351761412485 -0.203940625514903
0.0620591805811693 -0.0657616812868007 -0.0871998262459002 -0.151883536075426
0.0100664605757809 -0.0835270599807936 -0.11929415427404 -0.118136941568244
-0.0410357181517012 -0.0747259621907046 -0.132521066841991 -0.101793561912556
-0.059361526776856 -0.0535809860693125 -0.121832463364353 -0.094253195634646
-0.0668290281252272 -0.054449674178253 -0.0902041104433676 -0.134811235169003
-0.0425574256484824 -0.0891276188539486 -0.0120652750040356 -0.176391245455576
0.0202591716926033 -0.108815071990894 0.107228126797304 -0.163734596027172
0.108653646053276 -0.0818312655333792 0.181923048985479 -0.0312196717770312
0.122220504376033 0.0552614412996905 0.131634679954677 0.0792254910248753
0.0243920736022363 0.133149880835778 -0.0188414947006805 0.0473797585594159
-0.0526014345044974 0.111876979227798 0.0108851111090193 -0.202277213942072
0.0679008712503696 -0.00283762035574386 -0.00249913521747183 0.237988076405931
0.0220725445306678 -0.0648311073028238 0.086647090348927 -0.0287904347065976
-0.0473214569090439 -0.0441459012418829 -0.126298824474274 -0.12347714543902
-0.0525207953672528 0.0280132678091471 -0.233891653090873 0.0130798149491848
-0.00959823941590775 0.0419841750231117 -0.154481411452574 0.203679777025825
0.00291590248936329 0.0278739717704802 0.00469524159351228 0.235275803099234
0.0107295379326418 0.0291469547862699 0.101186722986395 0.171572542206147
0.00984064798043133 0.0192016580075818 0.14017402991674 0.121833118836799
-0.00812712903525526 0.0173343738166828 0.151682446113664 0.107846640673497
-0.0219934710468087 0.002435924404663 0.140150977213853 0.126738334097651
-0.0149635172741112 -0.00664023557451167 0.0956663428572015 0.162921780652802
-0.0134418070927546 -0.0315458323233766 0.0263930868654879 0.20709407813384
0.0351406563691129 -0.0359083144572578 -0.0810484874335087 0.227279002298045
0.0818580801388637 0.0117669907991702 -0.157657030854926 0.253587132183747
0.0614382475876125 0.0630389345575609 -0.0896148110390608 0.357941715935677
0.0762630725820481 0.112344972344797 -0.0384984470948542 0.232477060824195
0.0828272352462262 0.0243942704392311 0.088186384467497 -0.026997704277327
0.0446931399834507 -0.0345089280159882 -0.122302879917324 -0.144275218854532
0.0106878046421701 -0.0361422861963652 -0.249769376781105 -0.00777412635566924
0.00402987519678636 -0.0314610418683176 -0.180220125379688 0.198808228743237
-0.0177990536653539 -0.0396576465271414 -0.013119116925914 0.235381201314036
-0.0385947853537486 -0.0194057870500175 0.0882641550457879 0.170793806479492
-0.0396935652165266 -0.0203106702195605 0.127567167731654 0.118585471738815
-0.0536684117738163 -0.0331739717167827 0.144534592496491 0.0923104628989903
-0.0320874341989626 -0.0775825964403363 0.144559555940973 0.106251042708318
0.0255940281428131 -0.0775127707559009 0.117763090946262 0.144275288239461
0.0757385883008268 -0.0705193258804101 0.060250130640299 0.199936109816762
0.126589587437321 0.0137422272413207 -0.0392372119348075 0.22805130837841
0.114810028807718 0.133412993529099 -0.116452463844877 0.232786562553029
0.0568636737646005 0.200170226699428 -0.0676312046032825 0.303606476226534
0.0575900691346351 0.217638471494422 -0.0644210322982915 0.181572150369944
0.122274002834403 0.13504058312918 0.0925341853639069 -0.0464817862565206
0.140698722216305 0.00507567499462385 -0.106347477745343 -0.179358052063917
0.0942898508057578 -0.0888154677811746 -0.257079755652704 -0.0472480350260306
0.0314969536190815 -0.109852660891762 -0.204839088701187 0.169051040038636
-0.0290305784762568 -0.112547964057409 -0.040526757837487 0.211392483553479
-0.0806861632262147 -0.0721455578230489 0.0584134151805821 0.150095188691659
-0.0846452013246338 -0.0571005010252612 0.0960215235883817 0.0979918768931185
-0.0947958127593585 -0.0702770667072714 0.119814109622208 0.0596529161629425
-0.0522304741890144 -0.137320735415389 0.13786054472663 0.0604112940625976
0.0391686074309261 -0.143200763240246 0.142823631402138 0.0959570394158028
0.132178988150693 -0.13086747444116 0.111635313719648 0.172131057414222
0.209213316745008 0.0199757517398016 0.0216670734474147 0.220313148097369
0.162770766589566 0.207991746225015 -0.0738665467287214 0.204902067395563
0.065921136841526 0.300660062367679 -0.0457986557599337 0.215689750676062
0.0167898219551865 0.291236567398997 -0.0702170628694021 0.0870084921012543
0.12708444543581 0.245049973924178 0.100685485954226 -0.0883709290221199
0.215416337406109 0.0710931696262973 -0.0717458474100477 -0.21821127990177
0.184020740909023 -0.112793892382934 -0.238296021147589 -0.101721525749157
0.0716210956221977 -0.172925319325143 -0.215976066808729 0.10943558606075
-0.0278402984373895 -0.175463906588948 -0.0713463962841266 0.159667052865777
-0.107889852694749 -0.12037533857697 0.015493884000371 0.108400218101197
-0.117105129192648 -0.0857032776541866 0.0511521356831802 0.0643137583871853
-0.125180346904487 -0.0920746460129287 0.0794797760704405 0.017931804985124
-0.0745313445026764 -0.170852058342227 0.114698425473417 0.00437243736683538
0.0333720726919556 -0.188110038117 0.1525992552388 0.0297485559261702
0.153611603143956 -0.186098253245108 0.154846559235908 0.122098442009414
0.261348761198575 0.00237408796114397 0.0773530625989371 0.193518429038416
0.199093199829696 0.235428801824701 -0.043353437203452 0.169703175253692
0.0755344446408054 0.348950760042189 -0.0335093416830794 0.108859653767081
-0.0319124574178392 0.313448324602162 -0.050478474455987 -0.0390826966554014
0.0913995255159362 0.315584758304093 0.112531409568882 -0.147001429470759
0.238628417355844 0.142475594324486 -0.0214697073658443 -0.246896671857898
0.24465375696895 -0.0973715221701357 -0.187363149248863 -0.156215230083791
0.109540281254471 -0.200821492971641 -0.199855288595888 0.0269670567593825
-0.0148473104509804 -0.209679951745488 -0.0962656365508374 0.082173290615308
-0.115760690347922 -0.151155280115251 -0.0313514527735993 0.0498680539395126
-0.131685065184178 -0.102241457996921 -0.000535919753904194 0.0211099568612239
-0.139334595578225 -0.0992019266438027 0.0312314417079553 -0.0258900347075548
-0.0872120461770015 -0.17790217325452 0.0779252270555895 -0.0514363543735094
0.0229503791368556 -0.203620382740862 0.143419323213383 -0.0367690576080991
0.154376672947738 -0.208362493482359 0.174804824750399 0.066051926486089
0.270860344191851 -0.00925973455049949 0.114522393061604 0.156038498879516
0.199052667808175 0.231500734640567 -0.0294044429540698 0.132031772688548
0.0668604396275209 0.344972885488143 -0.0291567887489458 0.00145536459869745
-0.0691105335747483 0.274092627203364 -0.0100360917708401 -0.169518509061723
0.0323929771097278 0.313689787067982 0.126301199108764 -0.206870260704246
0.200833252304005 0.17952455643048 0.0342712397591365 -0.256738330263624
0.245851269878512 -0.0573591285510707 -0.116050575685842 -0.190866354320248
0.124281857745602 -0.183047343134828 -0.158891651957848 -0.0549217062367218
-0.00127034987207667 -0.202443926617413 -0.110606829946409 -0.00294282568948952
-0.105486253474134 -0.153372461798616 -0.0753904414624341 -0.0137521809051911
-0.126018472358962 -0.102176095564543 -0.0514875509904774 -0.0244201037749778
-0.133588790192513 -0.0959744125733499 -0.018587422475971 -0.0693761684215866
-0.085046790321723 -0.164102068353271 0.0381882470732432 -0.100319432594221
0.0190160674945694 -0.191075150890725 0.125505197301407 -0.0919797642343078
0.146920936530894 -0.191826465922784 0.178824954565104 0.0200912528793756
0.244576589957599 0.00260992481845324 0.129188249003957 0.119906301378348
0.160426137592569 0.214268497153937 -0.0261329630590098 0.0965329064380234
0.0357572834446203 0.299345834788279 -0.0239689271110827 -0.0924558870981711
-0.0841764916635415 0.182389821698755 0.0346605956571936 -0.280001151330766
-0.0198590421922295 0.236603558545608 0.136047294963045 -0.252004436489344
0.124824557957673 0.15959284781049 0.0773977316776097 -0.250575129343916
0.187592639327956 -0.0199234751793595 -0.0516154911347755 -0.205036809910753
0.105820450538235 -0.132840719404409 -0.114285804288345 -0.118422032868182
0.00616784770877713 -0.156780370655434 -0.116679851709943 -0.0766422816741314
-0.0795459131983651 -0.125102581222512 -0.111795141778646 -0.0682967182484074
-0.10066955940819 -0.0847745638090131 -0.0946052170990356 -0.0648378697135037
-0.108297801315758 -0.0803038107227771 -0.0625198679975171 -0.106285101667889
-0.0681741147263825 -0.13381946923346 0.00586740921529836 -0.143056902714225
0.0210019298194797 -0.158078240449352 0.111421304984402 -0.134676124963079
0.133935837937754 -0.144498090221807 0.17838793926629 -0.012050869929741
0.192725900145356 0.0302803888321362 0.131299260322911 0.0935396312341057
0.0964015049861343 0.182913835008343 -0.0248954714850368 0.0669617640923177
-0.00964145882625607 0.218196388561747 -0.012748119736576 -0.162754100957797
-0.0793240936744042 0.0566262539288629 0.0658817181364195 -0.349372061126072
-0.0538318386366894 0.111516992318614 0.130029553498171 -0.273841749428436
0.0401836645091859 0.0970397680867557 0.0974564476382927 -0.239392761665571
0.095251539414244 0.00418758278165255 -0.0161747101816285 -0.207125572633063
0.0617106767862836 -0.0662853564337218 -0.0876890194770089 -0.152620460916506
0.00944935292315269 -0.0845749577569321 -0.122912624221971 -0.120140895754332
-0.0422243194894785 -0.0752785767118228 -0.137017348771586 -0.101274702198355
-0.0591573257432508 -0.0542805558147183 -0.123790045384584 -0.0935764689221631
-0.0671783659824711 -0.0549920232579961 -0.091587310072503 -0.135693425536165
-0.041955080683286 -0.0895364135244484 -0.011726725797908 -0.178176743459014
0.0210273200791482 -0.110111681843744 0.109795369121798 -0.165638688595807
0.109277875250157 -0.0825798930336632 0.185502452421675 -0.0302390338848019
0.123628989897273 0.0563720638751221 0.131960697015769 0.0812311729369876
0.0237115720668746 0.134739582487328 -0.0200332123999755 0.0486320587248973
-0.0545033627140319 0.110995485314103 0.00868891105386088 -0.20220716239629
0.0686499922601132 -0.00271015593452585 0.00197362863371666 0.244392625367287
0.0216424565508152 -0.067695123526189 0.0897760467752683 -0.0327073489463493
-0.0495139532425714 -0.0447092741784742 -0.133013931812709 -0.125878991084919
-0.0528501050304867 0.0289897440759219 -0.242767159316744 0.0178301038108481
-0.00883506630421415 0.043850603688058 -0.155098427645344 0.212785065544447
0.00396943199295164 0.029757501493032 0.0114211822050494 0.242655945763875
0.0120709379370371 0.0299240625822694 0.108730947661063 0.173731385346519
0.0107682197373515 0.0194432743302097 0.14779187038185 0.120283857882931
-0.00827100454320112 0.0185579266721528 0.160154550637143 0.106539956409321
-0.0228887102353439 0.00302202555253169 0.148722893458724 0.128379155677939
-0.0152493527050762 -0.00670304563133613 0.101146582133136 0.167436091104951
-0.0144534549660817 -0.0320599001840721 0.0294366832243513 0.21230485167296
0.0357567502427916 -0.037210336829223 -0.0824683263515688 0.235730537573192
0.085005790590997 0.0101533375187876 -0.159859209381795 0.263403200288975
0.0637142720716163 0.0646494943088427 -0.084107918656654 0.369058416208803
0.0790504272201985 0.113719491449287 -0.0347304043962462 0.238699812712567
0.0867218284463421 0.023363764572853 0.0918195900585019 -0.0304270540621235
0.0444848359830938 -0.0370506892861111 -0.127961133851646 -0.147326241386313
0.00964968230283273 -0.0378184219847462 -0.259173847109499 -0.00419033800606814
0.00343790159393443 -0.0322928696320954 -0.180764341119831 0.209155788813595
-0.0198921584206688 -0.0396644574615787 -0.00788492081180216 0.242984012320208
-0.0399552770833964 -0.0186001128105123 0.0946076576739681 0.173226901649616
-0.0412215537152084 -0.0202672607881333 0.135040100242431 0.117703915788654
-0.0561401644533205 -0.0322885333168068 0.152301526618222 0.0910779925061682
-0.0357792585312216 -0.0789368754137561 0.152649433844244 0.106298285405313
0.0243612558341292 -0.0819358418981051 0.124103806861832 0.147250324652328
0.0756484174900948 -0.0742519753592959 0.0650467570467597 0.204953621345301
0.130388734038967 0.0114079799156108 -0.0391552805852092 0.235231459261339
0.120815154494987 0.135258847774936 -0.117709204248568 0.241565434881184
0.0609526593787337 0.205832994451792 -0.0645412564260281 0.313542941734637
0.0621818936560035 0.221216005719937 -0.0613780706467779 0.187549644144341
0.129073387865085 0.136984012128934 0.0964516909850749 -0.0503114430408401
0.142930061792064 0.00139178855288535 -0.111396178988001 -0.183292423780676
0.0945146366167743 -0.0930917871649951 -0.265891293381919 -0.0453896524332892
0.0292950327461657 -0.112998091025682 -0.206297931397885 0.179216529226679
-0.0336745176968698 -0.114720227237177 -0.0366749577444315 0.219137130325786
-0.0850390316603328 -0.0722391152810297 0.0633746088083163 0.152535922599059
-0.0880361697441764 -0.0567800428222949 0.102445204110126 0.0984012449751752
-0.0991807702200693 -0.0696596437197362 0.125213076609783 0.0582047150180409
-0.0586695572375918 -0.140157059142533 0.144907312112315 0.0594871724242617
0.0365623137284228 -0.149099903148837 0.149550080266805 0.0962343631648828
0.132257051433298 -0.138180695138392 0.118462625197789 0.176311775918648
0.216034575016091 0.0166856537584735 0.0233703852671092 0.225567345639092
0.171962747649006 0.211496160807426 -0.0737466481200266 0.212644763364625
0.0715925935701899 0.307498068463458 -0.0436514814684424 0.223472578185309
0.0210913653118867 0.297307579471 -0.0687124334667025 0.0905437875658353
0.135809443292807 0.249956942119797 0.104433915115462 -0.0926671549396974
0.221252710831589 0.068313247975923 -0.0756136437214645 -0.2235487877903
0.185185146609062 -0.119997648620132 -0.246853770085835 -0.102138906730708
0.0679256670506533 -0.178873667595532 -0.218836930300094 0.118181736665946
-0.0347672874808543 -0.179891956471142 -0.070364355824044 0.166820167990343
-0.115004893311882 -0.120821677536016 0.0179570000344796 0.110652917793009
-0.121767589619538 -0.0853841057360454 0.0551579188176226 0.0650678411116904
-0.130261389730726 -0.0913616082584462 0.0828500474370458 0.0167904264303597
-0.0822100414240923 -0.173565059050754 0.119309177414192 0.00263741420564167
0.0296931795556511 -0.19537924306991 0.15886305249367 0.0277145405100552
0.152761924597407 -0.195331253557836 0.161733930540481 0.124581238635178
0.268768215547899 -0.00309779287564222 0.0811123577571777 0.197669849066802
0.209616607455666 0.23931079974356 -0.0429023294684079 0.17580800414414
0.0822873797008808 0.356490306025282 -0.0336805079638223 0.11409995274901
-0.0289057386686164 0.320788634735173 -0.0505440886562159 -0.038179874989661
0.100880978983675 0.323065014943666 0.115276215225503 -0.151307316523328
0.246287114477712 0.140831853034497 -0.0236606631058173 -0.253392241980031
0.248863204400483 -0.104998909850347 -0.194560749239506 -0.158542304714368
0.106834469465317 -0.208023704212099 -0.203151614426668 0.0339095792932958
-0.0228022622758395 -0.215269455004189 -0.0982186990979586 0.0877481073454884
-0.124504837157222 -0.152212167828477 -0.0326999923735673 0.0524231304625572
-0.137564076619035 -0.101836065272829 0.00110689979338149 0.0234033387858747
-0.144704814230546 -0.0983844756016258 0.0319395177651455 -0.027224027277893
-0.0954728734561623 -0.180463624903848 0.080479307964342 -0.0533993405627822
0.0188233203195466 -0.211105074558766 0.147971087606457 -0.0411568611206571
0.152279554050662 -0.218553377915445 0.182144623728901 0.0664695586295135
0.278477008745776 -0.0155705539967767 0.1191846189209 0.158002649222132
0.210245686085747 0.235201300740489 -0.0289411137313001 0.136833792429456
0.0733911545504304 0.353616017152129 -0.0315529074517461 0.00419316709561485
-0.0682000209088799 0.281853588298672 -0.0114385786928612 -0.173875836637416
0.0395313975452094 0.322093787073942 0.128607304939635 -0.212022459322989
0.208758786870318 0.180452878340934 0.0330567467770835 -0.264802991140484
0.251449791663483 -0.063952203491653 -0.121562586895502 -0.194651523379351
0.123006910590619 -0.191231929024157 -0.163160207994754 -0.0520059380335936
-0.00800693380515565 -0.208409363743174 -0.115059392701168 -0.000712454541148617
-0.113799288949006 -0.154560588149514 -0.0798226742578487 -0.0112936944474389
-0.13169403429516 -0.101453716521718 -0.0527293767348705 -0.0221310485530928
-0.138613294415405 -0.0944543702455081 -0.020735335691987 -0.0694018533808599
-0.0919844469763846 -0.166087891986575 0.0379185854239616 -0.104402772837724
0.0154453310817965 -0.197884549492496 0.128104907365369 -0.0982023199895989
0.145876493354541 -0.200657481663985 0.185327820636085 0.0181156313334663
0.251430402881571 -0.00264727091229307 0.133626248963343 0.120531975236767
0.168988202103981 0.217612757691718 -0.0259540624165457 0.0999369381464675
0.0410323301200868 0.306532697703152 -0.0291264592624562 -0.0928735293411567
-0.0849723881092617 0.188214806137926 0.0326096036138254 -0.287054375636329
-0.0163182195106832 0.243951910286109 0.136972605114109 -0.259015125035814
0.130609633958356 0.162568746780772 0.0775916797288157 -0.259062100781513
0.192192571141997 -0.0243504043939359 -0.055915724819228 -0.209976957734867
0.104246326035049 -0.139367444980596 -0.119122998054327 -0.118163767451103
0.00111604935304176 -0.161020516675417 -0.123770091405502 -0.0765117482279531
-0.0861463603315002 -0.126310677433744 -0.119041357741788 -0.0663903577323143
-0.105617970018177 -0.0851144637883791 -0.0991375368187834 -0.062131136138982
-0.112036491783716 -0.0798498957386007 -0.0660792688612482 -0.106874885263173
-0.0733621630957452 -0.134755603425858 0.00380387039337099 -0.147386804833133
0.0173310944572204 -0.163296811451051 0.113051202383887 -0.141467485581653
0.133117219266684 -0.152104984109429 0.185436836848893 -0.0148653176494841
0.198898258309834 0.0273576507868523 0.136534318243678 0.0941312029787986
0.102877088290423 0.18674405674369 -0.0252878841300567 0.0699879115362737
-0.00666773964917548 0.223703039820489 -0.0192225322771515 -0.165469714233797
-0.0811308873397283 0.0588796151244154 0.0628601205218138 -0.359478265102992
-0.0542246282631075 0.115931023195055 0.130018199659436 -0.281218602049064
0.0424995717199221 0.0993337404106062 0.0980610090568827 -0.248322858990649
0.0973272992047821 0.00287965614124471 -0.0192287919618969 -0.212418721746013
0.0612193554679169 -0.0697328589735151 -0.0932468376451629 -0.155358805219676
0.00689855197156547 -0.0871080249343935 -0.131073293927666 -0.120763957239622
-0.0459183861964804 -0.0762693809336631 -0.145712565072958 -0.0995911457203425
-0.0615859032667713 -0.0545453073308707 -0.130099589007796 -0.0903476899631327
-0.0686069473589912 -0.0552093914876968 -0.0971802693929473 -0.135533255941301
-0.0445582894692223 -0.0902927307194439 -0.0157741566530642 -0.18305734656758
0.0191233528637105 -0.112569421796391 0.110423168707999 -0.173424297679775
0.109454105152001 -0.0873829976967124 0.191845269706516 -0.0337179842682425
0.128676467534669 0.0549979265259646 0.138155639293221 0.0813307513123683
0.0266041339823147 0.137724611465985 -0.0211751651027174 0.0509651937463303
-0.054807440333902 0.113796875444383 0.00177335420951209 -0.205653376471819
0.0691046994784195 -0.00483721380229606 0.0142893112809291 0.248250490677766
0.0194919968242449 -0.0706287138143147 0.0910245470470616 -0.0394743700623679
-0.0534092435752912 -0.0427920196249987 -0.143011395275994 -0.12304623281397
-0.0521468801399854 0.0326056672542625 -0.249140201801346 0.0305564874923833
-0.00620928125237223 0.0460565793699297 -0.147560420173806 0.225653391659105
0.00671931772697212 0.0308412980624581 0.0260481712561408 0.248497453815649
0.0150318506234919 0.0301778331505259 0.120789195600078 0.171639643210409
0.0117358623315556 0.018890773745072 0.158254162828343 0.113540064310485
-0.00794480472317641 0.0196832099467425 0.171563786894886 0.0984394741606508
-0.0236983574293025 0.00479491587266958 0.160694171090685 0.124130235808437
-0.0161875338346604 -0.00696926739250098 0.112572786632589 0.167986745858045
-0.0164903633014145 -0.0318451051042108 0.038909190493931 0.215627259123751
0.035832291950562 -0.0393331894933529 -0.0762951533932794 0.244184319836913
0.0879962428523059 0.00556132026592226 -0.151585241322803 0.277138743964356
0.0679144228210775 0.0641037057167771 -0.0686616086283878 0.380156654181484
0.0845214630196446 0.11305066021977 -0.0227323041665882 0.244530314527773
0.0907272382262789 0.0188675537711273 0.0937941655454493 -0.0364289887705767
0.0429346500015176 -0.0401705541118169 -0.138841785318177 -0.145543039004164
0.00754583817921851 -0.0397049563751118 -0.266718200055312 0.00807557598601359
0.00168678122542091 -0.0327256932667966 -0.17396884092754 0.222975980741214
-0.0225055089050914 -0.0384853179507298 0.0058579161059904 0.249468747978742
-0.0418828406287435 -0.0161544342783624 0.106419761650069 0.171846570480232
-0.0432518911890146 -0.0179969324945502 0.145865094039496 0.1114468870854
-0.0593557412208129 -0.0295065735632862 0.161981739884294 0.0835744075442836
-0.0424200315698439 -0.078858097706617 0.16384628455578 0.101190581950541
0.0206727579552473 -0.0862992527633846 0.135064901799921 0.146161999307973
0.0735198515684338 -0.0803653196829462 0.0757871411839436 0.206924272440074
0.134497515666519 0.00570547271603212 -0.0316735504016107 0.241889858231818
0.131364101054829 0.132118422402064 -0.109620340349554 0.25359996778948
0.0719050982124764 0.208203405131904 -0.0502047422949507 0.324450412719586
0.0718650474891064 0.222406486446243 -0.0520156393131162 0.193834683484028
0.139728554241693 0.132836712504025 0.0981971111329671 -0.0565915641431287
0.144590612855414 -0.00575715400054185 -0.122337694290571 -0.183090022642887
0.0903912453548942 -0.10076288047851 -0.275734847019424 -0.0335292831248668
0.0235386725066552 -0.116576228868024 -0.200509389789382 0.194807757085709
-0.0423656145557282 -0.114429542818797 -0.0257700286023414 0.226975119947742
-0.0908929508399314 -0.0686203025217254 0.0724863574732939 0.152281753418742
-0.0927888483605776 -0.0528711547514854 0.111551957078037 0.0944381066298205
-0.1053450431517 -0.0649848159434575 0.132191679576738 0.0520027477029005
-0.0696400105584697 -0.139683425997014 0.153640739779927 0.0538275255692778
0.0296576126073157 -0.156089255380968 0.159250786614993 0.0917128569318144
0.126921252832716 -0.148015085456716 0.129376519413878 0.17528454785067
0.221789584215203 0.00561426472605572 0.0320013069699181 0.229750070710814
0.187905605244671 0.208402855393453 -0.0662399570701068 0.221531203283994
0.087605199249159 0.311760877335496 -0.0344859236934041 0.231611148499985
0.033741392556262 0.302237914627415 -0.0635756872150541 0.0956260767344689
0.152467346229576 0.248974066190259 0.104894282026155 -0.0992152578267865
0.227191933797806 0.0586574311387225 -0.0873419217122133 -0.225253873643156
0.181684919392608 -0.132226156676291 -0.25784956036326 -0.0925052553940944
0.0591818856505315 -0.186171728937336 -0.215595715650075 0.133442348307526
-0.0469911114938573 -0.181034409414836 -0.0629426764812912 0.174758078077132
-0.125039964350015 -0.116632222439642 0.0238609662499583 0.112617651029049
-0.129519402368194 -0.0800044924844431 0.0614215406894708 0.0640029701157817
-0.137837041997138 -0.0847806908570925 0.086624128431514 0.0121328833611942
-0.0954281207963688 -0.172193973646365 0.124227822370273 -0.00374914945695659
0.0198527111455207 -0.202639683313187 0.164816734323179 0.0200952746877065
0.144297256120159 -0.208128235357643 0.172644503121956 0.120043561304192
0.274628940245782 -0.0180996897631269 0.0912579781199902 0.197463978659301
0.227297353814431 0.234940587247476 -0.0366707274255598 0.182576929246128
0.100387903366494 0.361287027664863 -0.0296635705376711 0.119653472469877
-0.0159513843645402 0.328406090374342 -0.0517310002786324 -0.0363574434863719
0.120410112580582 0.325818828043868 0.113264062110038 -0.159454664686884
0.25777018874105 0.131687971399332 -0.0347052546860771 -0.258792408280394
0.246736383085228 -0.120388539296928 -0.20627479492571 -0.153003962382241
0.0964319728296892 -0.218088176155268 -0.203236966480682 0.0463413033859445
-0.0373951198306815 -0.218260043550177 -0.0957759201236641 0.0951387707184536
-0.137309357303084 -0.147138724322215 -0.0313296269070129 0.0561312114668675
-0.146073256952909 -0.095713738114182 0.0033633969806175 0.0247640907360602
-0.152707227243416 -0.0917612864260138 0.0318919489696797 -0.0299757498847312
-0.109122121613 -0.17873532696246 0.0804432648280751 -0.0596040971916297
0.00795602740235489 -0.218225673460835 0.15005274987402 -0.0500319215356328
0.141719136377588 -0.232452752894324 0.191521457362194 0.0602658791966633
0.282935088806774 -0.0305011730088678 0.129348143277798 0.155081054935278
0.227146200269348 0.229854969089988 -0.0239763975792357 0.141922989041971
0.0910270393754865 0.357408402892582 -0.0340839106503844 0.00738776171853023
-0.057658234213194 0.289669113598766 -0.0176749011106887 -0.176916534681861
0.0573838201852942 0.328531303476062 0.122812363364371 -0.221566066558928
0.220873796946927 0.174228890942651 0.0234087222470613 -0.272352186726265
0.252603864117854 -0.0781234213493699 -0.132775226756672 -0.194148686209734
0.113649149479045 -0.201830887867333 -0.167198303002475 -0.0438520010715853
-0.0227520341839886 -0.211922815039783 -0.118300798402547 0.00587358772135485
-0.127023686715219 -0.150409417323223 -0.083818922736831 -0.00609429218021307
-0.140554034918023 -0.0959719925581986 -0.0546526664529401 -0.0181812704051154
-0.145960380144142 -0.0878217831700984 -0.0247068081575399 -0.0702725076181167
-0.104117173433255 -0.163779851398131 0.0347555446343306 -0.108569833767424
0.00500071944754484 -0.20371324353792 0.126567063834438 -0.107607469826557
0.136295197006814 -0.212775636590484 0.192180341190769 0.0101725956196895
0.256696086768227 -0.015728343026002 0.143035909620362 0.115938636360023
0.184503349398156 0.214424033136819 -0.0226018204732185 0.104194987170965
0.0561357043847227 0.310528790190265 -0.0370527865629235 -0.0907779124313536
-0.0784529096364882 0.194879637929711 0.0214991157975432 -0.295926195255538
-0.00365398489032005 0.250472133261001 0.129170635143708 -0.269192065233054
0.140760336857974 0.159439531526905 0.0693562711034206 -0.268713737149942
0.195181721500869 -0.0339113433853332 -0.065551203893847 -0.212243334551668
0.0980965223977058 -0.147943656108686 -0.125923951445169 -0.113688607964611
-0.00963193161748356 -0.164491091388228 -0.132394186533405 -0.0717919072158684
-0.0963820337882711 -0.123164504568182 -0.127648309120613 -0.0593776190562866
-0.112430300205072 -0.0809027149346695 -0.104301002106954 -0.0555659308366001
-0.118135247287838 -0.0751284879288883 -0.0733105261584718 -0.104596281537728
-0.0827317290968797 -0.133360110662648 -0.0028069976369488 -0.150737079318553
0.00915992372659009 -0.16796014255252 0.108341240553464 -0.1514360494321
0.126047975249583 -0.162286009090815 0.190570695222305 -0.0230562461796623
0.2043190448808 0.0173774472739898 0.144943285376853 0.0890163506150236
0.114216132881534 0.186583715344749 -0.0238953248625278 0.0731560380727912
0.00274144778912422 0.227507707628279 -0.0310087694582988 -0.165500282654296
-0.0810245397848014 0.0633416950367058 0.0486267956669853 -0.371847764140468
-0.049984215377437 0.1211575281255 0.121264141669321 -0.29106081190587
0.0485781335045211 0.0992952989074161 0.0907546484050908 -0.258549036654603
0.0996428390355812 -0.00136159072099009 -0.0278853160272136 -0.216147155614079
0.0582566883666217 -0.0746073662749982 -0.102461390896194 -0.15334008595264
0.0019008527028645 -0.0889228607799439 -0.142541686863042 -0.116394719026804
-0.0516622690506735 -0.0741833837222571 -0.155851295019733 -0.0909706739776646
-0.0658506309941002 -0.0526126984985117 -0.137720665528604 -0.0832280750565889
-0.0726858116270699 -0.0528356243749558 -0.106348865879077 -0.131541837737073
-0.0503256013781176 -0.0894846363889338 -0.0254267858846055 -0.185750391299818
0.012887605647471 -0.11608990451976 0.104373070136689 -0.18391270554884
0.106079857546823 -0.0952076693054644 0.196455824485411 -0.0434560224503583
0.134083340543653 0.0498219694224197 0.144778899753526 0.0762655190990635
0.0339645920356545 0.139653064413761 -0.0205311946390676 0.054205141488594
-0.0516882035748954 0.118029454031098 -0.011288458845969 -0.208022872200559
0.0653136847779464 0.0251648655618677 -0.094813412761345 0.22946220611725
0.046857163793405 -0.0559768561099876 0.0991653677071977 0.00546192775194384
-0.0299145150873195 -0.0591514685668968 -0.0758948652285764 -0.171779776563067
-0.0575435690967045 0.00867155342751961 -0.240511828573979 -0.0785379686178712
-0.0212911456319813 0.0392112180477758 -0.228099139202972 0.14144169977579
-0.00505889174619422 0.0315717902325268 -0.0833596363024487 0.234774085091961
0.00257739393328269 0.0355015984047539 0.0354650810233254 0.205467893047755
0.00357541422745733 0.0225446530628241 0.0955427185062815 0.166112829798056
-0.0149389691137544 0.0140373972539074 0.114463983942637 0.159598209319104
-0.0226079589037257 -0.00557359026395872 0.0935563960662561 0.178497004289318
-0.0103364094393304 -0.0131077417078016 0.0282105391720605 0.198779419505493
0.000977932235967829 -0.0318452203040013 -0.0597388555114016 0.207833687880662
0.0489067139975848 -0.0166845605780245 -0.17897388739304 0.185431111145443
0.0752362642424402 0.046513111378548 -0.265083955442541 0.18438571710405
0.0345061539159824 0.0885228435819179 -0.23835679111506 0.310844661907233
0.0286538592071154 0.138194582650474 -0.123768703084966 0.210873800976442
0.0727881836199613 0.056054065235607 0.100596021327513 0.00563301232177854
0.0549511574774876 -0.015646508768152 -0.0643337449888608 -0.192210553754733
0.0258935549250278 -0.0298655522526234 -0.24837731868888 -0.108482420094885
0.0193192607230559 -0.0276254700131564 -0.253979096917596 0.127034477803224
-0.00270867515100122 -0.0436008791110353 -0.104136697094484 0.228457849214636
-0.0296139493449595 -0.0306437319758741 0.0215996067054569 0.200049593852034
-0.0307568611651594 -0.0353143805939115 0.0843474491823407 0.159554125482354
-0.0408981040400545 -0.0516966706011007 0.112607914782564 0.142042023302289
-0.0056556159730364 -0.0896807259656669 0.106915388518011 0.158943385541401
0.0566349044294606 -0.0700197465361605 0.0611026308555192 0.189058007130937
0.101183743271561 -0.0385003045575664 -0.0200717750935656 0.217548664202313
0.118593137582181 0.0668839445364931 -0.137422867945815 0.205947085250394
0.0603452551143037 0.179254350740517 -0.21903307139836 0.181698053909537
-0.0234314062097802 0.219562511101129 -0.199960350112637 0.267309834281076
-0.0309171263016781 0.231212802171429 -0.12492893863281 0.151883445353959
0.0684894818370537 0.180939842295983 0.114743475705144 -0.0132781135723924
0.132051904833843 0.05965242658396 -0.0328001247849332 -0.22210635038394
0.125216788065701 -0.0496180191608263 -0.238200543395154 -0.153264082412196
0.0745442011828995 -0.0930160963928373 -0.269459984802186 0.0890650500390211
0.0111873509640825 -0.120745555979683 -0.124574720507497 0.195321159672797
-0.0534595381476 -0.0988389754779495 -0.00142886186716245 0.16881418803271
-0.0619390809713059 -0.0881390426545262 0.0606640512052885 0.130595255248342
-0.0669708086446962 -0.102710699332667 0.098707464659608 0.100959378082845
-0.00572854586988019 -0.15666359830585 0.117888733810077 0.111343875028833
0.094035827809461 -0.131196748269836 0.108149328348517 0.15032575045879
0.1776165945385 -0.0777618598352682 0.0452139340111777 0.214083760667564
0.197666940776268 0.104545440102288 -0.0729751400535663 0.225267750997174
0.0794043266141272 0.271829799751828 -0.169321716574881 0.172987486144812
-0.0535627208480074 0.318028774853604 -0.144480376231689 0.190527583000484
-0.101602731599116 0.287638762668819 -0.0907840324402595 0.0590449141534845
0.0297598698215384 0.292521269272799 0.140952970203738 -0.0513741902470753
0.17861959293806 0.155028042964249 0.0182722355333182 -0.248469140940302
0.218796691342959 -0.0387628698701245 -0.197554415843722 -0.201268812390708
0.135083465613432 -0.139780966791392 -0.258334068832637 0.0250168020022588
0.0340306929903074 -0.1833884672339 -0.136801564573507 0.131992887642228
-0.0649763481471084 -0.157258693995104 -0.0294952432017755 0.111809698371278
-0.0832906339611467 -0.128773837169697 0.0283166854169501 0.0835015723170158
-0.0886118745809718 -0.13406129666466 0.0745205350747404 0.0456007906944255
-0.016282563127293 -0.196749636695803 0.116446404336938 0.0473740613570993
0.104077960474339 -0.178429971402569 0.145420071494067 0.0868544188797535
0.217821609615021 -0.125785275181682 0.109827609976973 0.183014719255563
0.255813501275496 0.105766933314606 -0.0042868170477595 0.223425541179451
0.105579583810735 0.312557029111787 -0.124907596213602 0.151513474520084
-0.0639823866333507 0.367698101671167 -0.0897786642132053 0.0920146828828832
-0.159812707597572 0.28956726172052 -0.0205761678074766 -0.0548464278109473
-0.0327320322474024 0.350165134694802 0.176386674759089 -0.103580450558178
0.173648263650962 0.234525905931565 0.0828771317686101 -0.256361709256191
0.271927819364954 -0.000511718042231319 -0.122567712536323 -0.234975535835358
0.181548227875358 -0.153003739134072 -0.211129017217754 -0.0506310295666885
0.0578401496264024 -0.213203903354471 -0.134237982055027 0.046477599377711
-0.0640344796123164 -0.190989915996141 -0.0552798745209528 0.0384870256975602
-0.0926730614231515 -0.150177673630239 -0.00778916332863539 0.0239171152761206
-0.099765053047233 -0.145945206018595 0.0422215141347279 -0.0140595310690148
-0.0257847460669701 -0.208057733424998 0.100183218311744 -0.0206886691286365
0.0988857230017236 -0.196525672401033 0.161993409908677 0.0162424003300513
0.225111983437933 -0.149775535080218 0.15404645287144 0.136846812964085
0.270066155616649 0.096736921701415 0.0502711295311316 0.202149652914272
0.107462540954246 0.307964228315659 -0.0952280181991978 0.120363586336809
-0.0705501884791385 0.361347935232104 -0.0416153407947179 -0.0107132352651091
-0.182477727684947 0.238195794607219 0.0699315408804722 -0.166491193899589
-0.0918583520771331 0.325747361830819 0.213015395804688 -0.153724203580349
0.121013587271285 0.257183449878644 0.142376497650572 -0.243625463750925
0.257420476119803 0.0404531140348645 -0.036904710832003 -0.241220556827406
0.188232037930289 -0.130207638387333 -0.139074175596746 -0.116017125903388
0.0678410708066414 -0.200604698709071 -0.114569306922888 -0.0445955024799666
-0.0540315190188274 -0.189490202048046 -0.0769977497164956 -0.0401350120199617
-0.087986210666781 -0.14753424990089 -0.0426903134097452 -0.0369041560986055
-0.0958683563287375 -0.13951989499353 0.00876370310163887 -0.0726187868776361
-0.0286020196394777 -0.191553497602832 0.0787098479947144 -0.0836665720584309
0.0898761740205958 -0.185365844528336 0.16483259943189 -0.0455612357200301
0.21163626656172 -0.134939339474754 0.176947246761799 0.0923936262456583
0.239638332887065 0.0973682136378449 0.0799903161866371 0.17307262078732
0.0756930998909358 0.273467349541924 -0.0758965538484691 0.08625421087947
-0.0817835706475744 0.303481905111494 0.00170339970199277 -0.100003135566121
-0.160478778996701 0.143933846498393 0.155358467515939 -0.257670531173445
-0.115381743480773 0.229105104665503 0.239419145095279 -0.190766543629279
0.0540899406948692 0.20808964178011 0.1830608757307 -0.217093719968632
0.187154068707842 0.0547245506686158 0.0340291498585583 -0.226588501944765
0.150499735297932 -0.0882441309066287 -0.0695871865537334 -0.160801619064162
0.0595346892558562 -0.151559815033182 -0.0931294360702506 -0.121639348974671
-0.0387644066529763 -0.152161146855988 -0.0934183048814095 -0.106410784162095
-0.0686384221944064 -0.122093286544471 -0.0716804206624087 -0.0910691882773168
-0.0756205231321927 -0.116009477202595 -0.0213647727286206 -0.123352020631783
-0.0213044508128485 -0.155180272688812 0.061613971154483 -0.136770869775432
0.0781251026778017 -0.150382285610225 0.16679986585694 -0.0914763624080561
0.182346300253256 -0.0940362555077393 0.188866042051062 0.0620783145202058
0.178070209422531 0.105032097119084 0.0929767789364909 0.148711231956952
0.0234469389332307 0.217918788983588 -0.0616807146854648 0.0571288709644192
-0.0948570091653001 0.205314385373867 0.0429898800565894 -0.163692061629826
-0.105906444674852 0.0248988973340965 0.2090014730497 -0.313724211169249
-0.10170375017454 0.0908899577701241 0.240045196137262 -0.209651750112149
-0.0035796283900046 0.112937041742097 0.197990392476139 -0.194948974321249
0.0874237956321631 0.0436888135893333 0.0701177125624955 -0.209825356305303
0.0819253864242313 -0.0399104732481937 -0.0280151238296279 -0.185198737825311
0.0378333978864139 -0.0783052816733537 -0.0812855971569809 -0.167559724101555
-0.0171486517476742 -0.0895048424039788 -0.104817105162762 -0.147558853513215
-0.0380100607007614 -0.0769424919917592 -0.0905148120377334 -0.129413263695583
-0.044736041398953 -0.0772551137756388 -0.0399423747134191 -0.160830442667568
-0.00959950002734591 -0.1027265572809 0.0556721096741652 -0.176473825520475
0.0605306944642219 -0.100876502564741 0.175662877378737 -0.121346948101223
0.136591619291068 -0.0422866584079747 0.200313445561438 0.0478604835135168
0.100441280476283 0.10387072419365 0.0973020386506798 0.136276249247217
-0.0303085566752165 0.140156000398097 -0.0486151644575249 0.0397890527002643
-0.0974810854990281 0.083319610277886 0.0816752721991006 -0.192907700935198
0.0644267805684102 0.0230818448283646 -0.0794148963221733 0.228722450264501
0.0430079504614908 -0.0572190437272062 0.0981324664207206 -0.000244263238569513
-0.0324297761439297 -0.055131857904687 -0.0844097921532369 -0.162449370674133
-0.0560916456148785 0.011215946539568 -0.239710619551701 -0.0624190992356872
-0.018451968833232 0.0396577640242522 -0.213822065389912 0.150363542261716
-0.00175406783433891 0.0316844077286425 -0.0656869817989183 0.233867099078625
0.00558422738230216 0.034333553916496 0.0470073008232253 0.196965451331646
0.00527477892270965 0.0217907520724784 0.10396508183765 0.153661434267236
-0.0132804722749533 0.015284502057613 0.122825945206543 0.14670078410936
-0.0227647626507509 -0.0037903317531519 0.104284435019062 0.168824619524214
-0.0109263978875659 -0.0127852405659657 0.0392555943341638 0.194141185504271
-0.00121015468888357 -0.0312928703887977 -0.0478620710964064 0.205301780087363
0.047256516613057 -0.0185267210825822 -0.167269272771016 0.190447810232234
0.0761893568924272 0.040236877223329 -0.248404167061248 0.193862304495313
0.0377920524400905 0.0848479424314834 -0.213936617313111 0.315370798353727
0.0341424184509619 0.133475889372995 -0.107471210250329 0.21093660241322
0.0751578188786338 0.0498108403598194 0.0997615153596992 2.70445470269185E-05
0.0521548204724727 -0.0178279797360964 -0.0733097702921931 -0.183230350867406
0.0220865028427444 -0.0317880956431939 -0.24889704618901 -0.0913429362970291
0.016866708349886 -0.0279595655423604 -0.238844131094903 0.139446850239144
-0.00503312559455539 -0.0413335873085294 -0.0865374177072539 0.229210417956154
-0.0301346451678449 -0.0274532463388518 0.0334200398050213 0.192996566250232
-0.0319025582792737 -0.0319045534695664 0.0929477472907199 0.14868956302979
-0.0431450942332681 -0.0466771646423376 0.119351525943341 0.130319221095594
-0.0122378416203816 -0.0865123548350587 0.11615582490962 0.148611243349075
0.0512867437721238 -0.072803535367995 0.0715740113640494 0.182658815175626
0.0960259632358038 -0.0436462769347576 -0.00794710731698421 0.21376404626622
0.12009658851466 0.0583985010043008 -0.125078644161701 0.207237918212481
0.0701020487482095 0.171398677179698 -0.204562848142597 0.188944035409636
-0.010985105443775 0.214690282897011 -0.179776408782222 0.271512622052862
-0.0193304415327453 0.226312692596063 -0.111501185184108 0.154798225640635
0.0783659255886468 0.172330702884957 0.112929649654601 -0.0188005939519147
0.130579802079551 0.0504848626773962 -0.04407093523069 -0.213870942222772
0.117759991866029 -0.0568563831307346 -0.241764470433967 -0.135206661866243
0.0662230422229496 -0.0947215402266405 -0.255976657736491 0.102658547561535
0.00242572844796605 -0.11737746935354 -0.108619287259366 0.198145133453604
-0.0587905477232505 -0.0917926480328374 0.00832119047411237 0.163899593024326
-0.0652360600197932 -0.0810455410479724 0.0680847137779891 0.122576327030623
-0.071923277591168 -0.094715129164132 0.103493430837588 0.091538812544431
-0.0168556838578548 -0.151202586382893 0.123837282762371 0.101660185254264
0.0839773104733341 -0.134429906250499 0.114970385840091 0.141172616208686
0.167325744437903 -0.0868613058802763 0.0557029657151918 0.20611373498606
0.199203065571292 0.0902092007286683 -0.0607957283970751 0.221919326047616
0.0939526896589578 0.260419848050314 -0.155945135295031 0.177289853430747
-0.0348269462433061 0.312963459837702 -0.131415289937603 0.194211534002883
-0.0850499510743331 0.284579257859737 -0.083277052990381 0.0622164142938564
0.0470787772918266 0.283423530341186 0.136403787510958 -0.0564161903855168
0.181690881904416 0.140021567404092 0.00560484463602253 -0.241715574958457
0.209771591138603 -0.0517008495371256 -0.203885144939501 -0.18517954021032
0.122344739742995 -0.144287382213227 -0.248582512770461 0.0408569495174671
0.0204468537337186 -0.180371092822121 -0.124979375004174 0.137015252355903
-0.0750499320107124 -0.147582218376165 -0.0223797196981039 0.111108888808636
-0.0891313094773304 -0.118144323917941 0.033446486742502 0.0791044499659951
-0.0949889043187812 -0.123774133236784 0.0750510950691731 0.0399227281922798
-0.0300125041708387 -0.190132278411358 0.117603208859476 0.0393920650190897
0.0912547036320905 -0.181067127716853 0.147358347558828 0.0759243605957025
0.203306227924028 -0.135926135195225 0.118392047074707 0.173360243667187
0.255604090524703 0.0878362635564198 0.00718902625017007 0.216874093535056
0.121521964895847 0.299277906267548 -0.11439067273554 0.154769622236625
-0.0414196296476189 0.362567455912411 -0.0843776173650108 0.0958796562584164
-0.140606984041221 0.289312950076296 -0.0215364565439201 -0.0519778333088085
-0.0115713117582535 0.343765659021831 0.167810305719216 -0.108146246850433
0.180758334568675 0.217877251726192 0.0682063105583537 -0.25361782871827
0.263207364972575 -0.0172577331570926 -0.132485627303968 -0.221884386674368
0.166092923761683 -0.159780584036236 -0.205676379196184 -0.0351664894745095
0.0404764612150961 -0.210596429744317 -0.126797608363704 0.0527566077759278
-0.0764661120993701 -0.179991884095721 -0.0529588999072641 0.0408911264628003
-0.0999134849228967 -0.138637921472008 -0.00542873709344695 0.0246711263023929
-0.106155477447205 -0.134579489877377 0.0403149998616746 -0.0163541778555244
-0.0397967309325407 -0.199924818608886 0.0979267960670476 -0.0260721216526914
0.0841103120102022 -0.198612133533388 0.159724115056237 0.00665212174581462
0.208166841576167 -0.159785109621976 0.159905945560299 0.125179895415028
0.268508972606899 0.0783924702615628 0.0582465217207012 0.192597823534698
0.122922916614456 0.293678700199044 -0.08662653391231 0.122761924088547
-0.0486801060560501 0.355204375917234 -0.0439789225993719 -0.00680832890839238
-0.165618317152005 0.240813582321213 0.0603395723827777 -0.165903743337232
-0.06982889519387 0.323541178054034 0.20111735239063 -0.15886913800896
0.130656491693775 0.243118415630881 0.12775466009265 -0.243061073180961
0.251974842423469 0.0239088521362505 -0.0476983063223962 -0.232629848612996
0.174372267728335 -0.138172373123695 -0.138743916423732 -0.103449680125664
0.051982145221225 -0.199298483838552 -0.11491470939908 -0.036954432441187
-0.0670147109907886 -0.179235320524611 -0.0787606938007805 -0.0335354560728522
-0.0945405933750116 -0.137344792872844 -0.0431878496309613 -0.0323249127077419
-0.101316036769041 -0.129189407743053 0.00381481702610762 -0.0706300991827107
-0.0399457611424358 -0.183827411304819 0.0728204496278612 -0.0857498773545984
0.0761838239332683 -0.186535130985506 0.159260957034149 -0.0542847179222218
0.195334236816751 -0.144990290629977 0.179437741363932 0.0808857773366041
0.238388873964414 0.0804958292120463 0.0872247000029634 0.162462154401218
0.0895712619475083 0.262972033826209 -0.070372236537571 0.0884208882419531
-0.0634293198270025 0.299259167398746 -0.00696354977588229 -0.0962185386604431
-0.149712769025574 0.148555378524658 0.137651213292803 -0.259165270132965
-0.0988555563592737 0.230116824080293 0.223245998546128 -0.195684897352668
0.0634618227947995 0.19950700449214 0.16855337869659 -0.219908362563489
0.18405361057845 0.0425847953429092 0.0217895577824829 -0.221917753711169
0.139808389408818 -0.0952498685804423 -0.0736937217080314 -0.151687776351726
0.0468751085423601 -0.150735231960328 -0.0985732574986242 -0.113379171067251
-0.0483773894941957 -0.144384469544295 -0.0995600520083794 -0.0970337341480306
-0.0745259557046593 -0.113325209701362 -0.0749577031231567 -0.0826845625425594
-0.0807988605038819 -0.107575465099579 -0.0284826564537014 -0.117956229358835
-0.0304941912266098 -0.149073356738614 0.0521252580358872 -0.136358923765718
0.066771479077908 -0.15159863727389 0.158066895777358 -0.0987006832627847
0.169911139385163 -0.10377627684034 0.18964266124911 0.0503834014928433
0.179207549597658 0.0907948931656254 0.0988696747207811 0.13814935133292
0.035282908504493 0.210590227585976 -0.0584893656985978 0.0597664311441571
-0.0817140760827288 0.203743270736234 0.0290543389596841 -0.159634738818927
-0.101664449321036 0.0293794169307432 0.187053371348745 -0.31716399211538
-0.093924654205929 0.0946196535415759 0.222844253759582 -0.214862064393107
0.00309957630362295 0.109634109255453 0.184215583342856 -0.200000023328948
0.08745040510903 0.0375321386676397 0.0582707701078792 -0.208346764770058
0.0765360024142832 -0.0437502375740776 -0.0356354787088294 -0.178486191365105
0.0306972293544718 -0.0786989081347037 -0.0905915961469809 -0.158799675194756
-0.0233334448598802 -0.0848524699574411 -0.112747814335532 -0.135772537738794
-0.0419471804606971 -0.0716332031050766 -0.0957524331380213 -0.117917652418245
-0.0477756724070018 -0.0719875366380256 -0.0484559510451838 -0.152031118812136
-0.0153146882839089 -0.0986434350882882 0.043864864534849 -0.17461305303066
0.0519440324507692 -0.101871164492204 0.16437224911195 -0.129033137684978
0.129838404266122 -0.0502045117860705 0.198984063213203 0.0355202660716111
0.103928990761683 0.0944799434980196 0.102534886552379 0.1268066286414
-0.0220135292289741 0.138202290142046 -0.046493173602256 0.0426165109200539
-0.090531149822194 0.0849792323282075 0.0660555963825605 -0.189837658537388
0.0629061593286466 0.0217513171259062 -0.0663321788908075 0.223350650969435
0.0395879691684468 -0.0573673902527853 0.0962554855879337 -0.00389376755065365
-0.0331496812478535 -0.0515098290914841 -0.0872118003488283 -0.152792457752021
-0.0536234317328424 0.0132337363983875 -0.234835026980254 -0.050468773142459
-0.0154595544705246 0.0394799310037838 -0.200174890247454 0.153513738668659
0.000586150731256779 0.0312369745214747 -0.0524671464754316 0.228392192341133
0.00824384363757409 0.0321803280076976 0.0542243304031974 0.187670241715216
0.00667772223524244 0.0205552905458426 0.107330057300643 0.142110382151237
-0.012215999838082 0.0160528256993683 0.126343096066671 0.135310016657011
-0.0224715448969609 -0.00270710830524174 0.10915257204909 0.158897792335279
-0.0109259373894052 -0.0122265345476474 0.046356163397228 0.187061984247362
-0.00168456519267832 -0.0304470545908481 -0.0399018970198498 0.199163674889844
0.0456468584798783 -0.019454590889063 -0.156353239106904 0.188873814875296
0.0755786812925501 0.035544105265268 -0.232352325170237 0.195801650915698
0.0397910713463563 0.0806158565130407 -0.193107018614548 0.311699835615667
0.0373578921445936 0.128786616734862 -0.0945919605870126 0.207472253868909
0.0753369529770775 0.0448588326450127 0.0981786630292794 -0.00330061353270716
0.0494116121738187 -0.0195767415379553 -0.0776275965469869 -0.173144163746786
0.0192149151975646 -0.0319738165166229 -0.244168790003324 -0.078023497231884
0.0152593810111805 -0.0272333472050142 -0.224672016751785 0.143191328143847
-0.0067772213950478 -0.0390005943626507 -0.0721095194701343 0.22467954762596
-0.0298541822014121 -0.0247549381743473 0.0401984431785291 0.183568776345199
-0.0314332242874828 -0.028763731979144 0.0961730551356801 0.137281846430787
-0.0436448812212991 -0.0425278502599853 0.121952494159671 0.119241499387559
-0.016292485484909 -0.0824064045327284 0.120161252423636 0.139201272602524
0.0462450831487682 -0.0733346097384574 0.0769218120609446 0.174279124218891
0.0907227108167477 -0.0458556408856426 -0.000284556889266414 0.206647091860575
0.118408394641929 0.0519785176618221 -0.115455659360324 0.203427371437535
0.0750489472230954 0.16214610867007 -0.190854739732869 0.18951634498796
-0.00281470226969235 0.207404142897062 -0.162274651722883 0.269352638394851
-0.0109352186518355 0.219312985257599 -0.0999066043807008 0.152986634963748
0.0832245846734271 0.162713344152372 0.110705198205248 -0.0212563220893791
0.126837640852229 0.0433248756372334 -0.0496517319081826 -0.204123944252937
0.109109133010794 -0.0602114297152796 -0.238683249857817 -0.121194935596214
0.0593753825025444 -0.0942531938756067 -0.240928801707724 0.109902543438234
-0.00345286772771233 -0.112205150516409 -0.0947332041684985 0.195761888484622
-0.0608354086708225 -0.0849636174344396 0.0144512568230414 0.157028993650871
-0.0659407679191222 -0.0738924170434003 0.0711101141288553 0.113630126776909
-0.0736561232245523 -0.0867762977865506 0.104402032958511 0.0830280831057737
-0.0239477605823602 -0.144926962623235 0.125758900630906 0.0932405709454945
0.0749793317922003 -0.134248318081371 0.117403716248476 0.132243983546603
0.156581354188328 -0.0908161450615543 0.0625202389340017 0.197399338432873
0.195991850890048 0.0789814358014851 -0.0532317327466916 0.215449351405642
0.101658905053605 0.247686001671316 -0.143961021211398 0.176845253629304
-0.0217318494153739 0.303007556935081 -0.119856458842866 0.19315737484455
-0.0721028934781476 0.276762443911643 -0.075913657942744 0.0634433534797756
0.0585288577869339 0.271424626804537 0.132185876338263 -0.0580856939587554
0.178720326831951 0.127429082713035 -0.0022771918286387 -0.232370485929382
0.197991370459551 -0.0593321912618422 -0.203129511401627 -0.171260230193068
0.110735438134479 -0.144587954901147 -0.234872670778505 0.0500841817094584
0.00977110476015083 -0.173184669466678 -0.113331695771261 0.137251963473004
-0.0795553026550014 -0.136817649225243 -0.0172297395917126 0.107986189422638
-0.0909126518053012 -0.108972498711464 0.0366075233126275 0.0743451826640269
-0.0969002629744815 -0.113675441627789 0.0750390474516472 0.034716683010875
-0.0380458362012283 -0.181372196720755 0.116993177005835 0.0333271112746656
0.0793102880582784 -0.179161174198063 0.146562958261153 0.0687582003526174
0.188011101949399 -0.140026019234644 0.122089760808968 0.162403625865261
0.250774687715825 0.0738873350602096 0.012804429992498 0.207694632863018
0.129197937527335 0.284052902035734 -0.105164948875364 0.153591622035238
-0.0261722783457496 0.350380737610245 -0.0787422722270547 0.0970722793319467
-0.126663408265306 0.283508883599845 -0.0211279941083536 -0.0490993486268421
0.00391072697158968 0.332345755158234 0.160405849501838 -0.107728295407577
0.181265248439574 0.20304293455735 0.0580333008100962 -0.246271364873924
0.251204668348735 -0.0279857196685545 -0.134838885740693 -0.20975126362777
0.152196776579276 -0.160877740057775 -0.196202787745026 -0.0249542446536729
0.0283483447178732 -0.204002084949751 -0.119288475546297 0.0561180985938444
-0.0831036345721511 -0.168306464753325 -0.0507003012525556 0.042255190366024
-0.102415462834201 -0.12780973771299 -0.00314108538495121 0.0244281137605208
-0.108033401321573 -0.123845245174886 0.0382717529576899 -0.017221977758789
-0.0485766852970927 -0.190197519048012 0.0952386484981999 -0.0288678987081856
0.0721897617827352 -0.196730212312924 0.155583626278012 0.000105004932546287
0.191029037930277 -0.162983799475359 0.161079875510991 0.114816379711542
0.262113188572448 0.063770271455055 0.062958671816528 0.182143365103477
0.130424596189898 0.279427159082551 -0.0800139496663209 0.121904873953803
-0.0333969433321967 0.344189658788612 -0.0444633214449971 -0.00273607070615073
-0.152000846578893 0.237418457432824 0.0531571634203768 -0.162279147382728
-0.0536736079217258 0.315262713719306 0.189371758398871 -0.158085492316912
0.134796180614228 0.229396460494786 0.116617702208632 -0.238594869693304
0.242407496034005 0.0118620832376477 -0.0535538349159391 -0.22268916922929
0.160504525819885 -0.140709884503687 -0.134683479738087 -0.0938852731113531
0.039386454725906 -0.193764896071868 -0.112254463599433 -0.0321472851339512
-0.0735983148561661 -0.167638744424006 -0.0793480390370992 -0.0284420877819154
-0.0976257305525383 -0.126596391349186 -0.0423135387868682 -0.0274272426695646
-0.103004127545048 -0.118527279906804 0.000394488344809622 -0.0679269212557544
-0.0475461617552166 -0.17441581682423 0.0676148002912895 -0.0852706847739089
0.0644644651792091 -0.183651288474497 0.152207102163956 -0.0587946781844457
0.179528655240062 -0.148305608378617 0.178655432525071 0.0715969912966685
0.233390743323128 0.0671229302121464 0.0892335147953341 0.15174751576387
0.0970496521433807 0.249769218164403 -0.0654556553420172 0.088677630680987
-0.0491943639824315 0.289478271869848 -0.0133412614732092 -0.0902823999444175
-0.139292273007945 0.147534555914555 0.123570020245281 -0.254665344470998
-0.0856613879674685 0.225676569790171 0.209874358361683 -0.193473828055152
0.068130888314369 0.189259898910807 0.156890753396326 -0.217828776578878
0.178302294668745 0.032994500001283 0.0147049832325026 -0.21497143635596
0.129691787004215 -0.0984350133490272 -0.0738142370724895 -0.14383572445549
0.0370624437078927 -0.146994482200754 -0.100526189771279 -0.105866364761042
-0.0536371809020377 -0.135199030255125 -0.101939592779697 -0.0877902137888708
-0.0770183802443369 -0.104924127669799 -0.0756804964626379 -0.0742397976845743
-0.0822739234612993 -0.0991034705606673 -0.0321112405433057 -0.110931762595925
-0.0360165102887633 -0.14126167079968 0.0455790745881254 -0.132864461823751
0.05743941778689 -0.148772718326962 0.14894482223228 -0.102241904034856
0.15711571986882 -0.107626644627055 0.187101029508993 0.0422122057871037
0.176248540577426 0.0797932557721755 0.100218080772718 0.128315491150473
0.0424521538249646 0.20118106755385 -0.0551486218467826 0.0603916326530324
-0.0707686930123516 0.198718564951251 0.0191707548484784 -0.152826292155334
-0.0978061170306687 0.0317283419531546 0.16780936492768 -0.312098057387747
-0.0869697528301043 0.094347346156241 0.207067127007567 -0.21271454379941
0.00614809101644676 0.105443349242556 0.172576929160253 -0.199361428970187
0.0854686174133449 0.0326987696946448 0.0500817971362596 -0.202905488350127
0.0709673735685961 -0.04546110426635 -0.0394390852499585 -0.170539358659112
0.0256459925416551 -0.0763526072449394 -0.0952747967385644 -0.149729912097459
-0.0260682971599855 -0.0794620907417414 -0.116557951278702 -0.12416082963255
-0.0434183877254836 -0.066820212828371 -0.0968847222662433 -0.106711807574273
-0.0487990067633306 -0.0672367132050023 -0.0526276152850083 -0.143326955849448
-0.0186575528801109 -0.0940322224156623 0.0353891775520819 -0.169309947913522
0.0452169085638838 -0.100302445626064 0.154499535482099 -0.13106317454462
0.121765224575978 -0.0540089698331648 0.19594506729783 0.0262520980915432
0.103518693930965 0.0871349418233221 0.103689003274758 0.117619332778653
-0.0153753902072146 0.132999212338708 -0.0450814811756791 0.044032492449128
-0.084612109058928 0.0850288328195592 0.0532755094744803 -0.183487214864914
0.0619173357574666 0.0214355347529465 -0.0584092027737419 0.21755908126127
0.0376998684749289 -0.05666516983546 0.0952731090696272 -0.00634546143703243
-0.0321900109510378 -0.0492925762453252 -0.0876859763635083 -0.145163966343145
-0.0517857619992578 0.0142133611702059 -0.22878007618536 -0.0425291386579238
-0.0135298081531313 0.0383809150225442 -0.190347239479391 0.152908608527258
0.00246804311892186 0.0302125027711002 -0.0423137902936793 0.22181763411959
0.00997403766795039 0.0306439043882138 0.0585380686713968 0.179220567187486
0.0075642135163271 0.019326049610184 0.107700347378343 0.132948476280776
-0.0111175469926558 0.016262046172898 0.127978310987859 0.125850269302731
-0.0225330425867871 -0.00179697250323511 0.11211984484581 0.151446387221455
-0.0103321506551449 -0.0121719337274425 0.0502967724439869 0.181235694252434
-0.00224179919700552 -0.0289782221443903 -0.0353355696868171 0.193386288859789
0.0444883591372381 -0.0202778117509799 -0.149251098319408 0.18622558816903
0.0744412976271384 0.0316657866243735 -0.220510237983375 0.194138135701969
0.0404958664235794 0.0772813309184346 -0.178256478672852 0.305624718816885
0.0388937946939076 0.1252495102707 -0.0851617367726313 0.202880586628885
0.0751245328252303 0.040836815440534 0.0977299976408592 -0.00542448936676593
0.0467168912679658 -0.0201771493153964 -0.0781917628996876 -0.165338546613985
0.016277136497353 -0.0315803986756568 -0.239258290187679 -0.0691095713559549
0.0139933395565483 -0.027217690606575 -0.212889990668911 0.144309647073814
-0.00707727567195488 -0.0373418044332144 -0.0623620975675678 0.218974148459737
-0.0290566472068644 -0.0228559895538234 0.0444354755813704 0.17680710623338
-0.0308471392320667 -0.027223367460266 0.0974465735643492 0.129017961047815
-0.0429859403376659 -0.0382871391913901 0.122815036699315 0.111310855922517
-0.0192496362702702 -0.0791563769436015 0.122187572748607 0.131278183435058
0.0431081590025361 -0.0733526516297651 0.0793894102989057 0.168395334482076
0.0863362921382584 -0.0470507691840755 0.00402771289242745 0.199755297595813
0.116852709288851 0.0470087510127566 -0.10958477092398 0.199458737440555
0.0771892940403829 0.154781383803557 -0.180138102380524 0.187964930420309
0.0018264509853274 0.200691865721767 -0.149930066553398 0.264048361358686
-0.00675161896068186 0.212381710296995 -0.0915276997069507 0.150666240400387
0.0862146478701365 0.155047526713325 0.109566986680101 -0.0230607402487715
0.122889114570166 0.0383624579741988 -0.0519886436284365 -0.195471520174587
0.102131005554835 -0.0616365654387385 -0.234241720089579 -0.111686899402908
0.0542778617490468 -0.0930117448621944 -0.22826211243964 0.111966154404181
-0.00711232933562868 -0.108106583737252 -0.0850090302991274 0.19174730435269
-0.0613127762981284 -0.0794947749194257 0.0182979624172569 0.151358328008399
-0.0651901119202411 -0.069164787171908 0.0726482839834828 0.107087791438726
-0.0735710976462572 -0.0804297194318961 0.104026696587802 0.0769511909813723
-0.0289325135665689 -0.139402942137543 0.126447169841044 0.0868078990052031
0.0686324767954377 -0.133661185809168 0.117986976934005 0.125672491081997
0.148353636535877 -0.092541853278013 0.065728425527389 0.18942572759779
0.192319703545314 0.0712703849343213 -0.049072598424022 0.209333691501885
0.105542321489377 0.237880348701552 -0.135534446755755 0.174641432369467
-0.0134652006869383 0.292643683316755 -0.11229906812549 0.190238844824307
-0.0646514030192205 0.269076519378917 -0.0703059801945208 0.0632923490695546
0.0646110329768776 0.26082243281637 0.129682892095989 -0.0583782121781743
0.174895858616847 0.1190735233416 -0.00612253504266381 -0.224098925529075
0.187773435988174 -0.0635953742564144 -0.200335653981665 -0.161277926461017
0.102283322636048 -0.142794826805253 -0.22311577456981 0.0548355285772886
0.00303753961519403 -0.167299450451496 -0.104566302919162 0.135959559149492
-0.0813552527442558 -0.128671765593064 -0.0149874003375136 0.105480852826846
-0.0906601535715941 -0.101734859685354 0.0379872227315969 0.0701217367402425
-0.0969612066758079 -0.105494335118286 0.0737457348352805 0.0311772385517936
-0.0434328282766777 -0.17409060269381 0.11662293669835 0.0290323403481356
0.0708654704774191 -0.177215745030474 0.144929347294345 0.0634163564299778
0.177049208381311 -0.140879706807927 0.124050801591893 0.155375299639142
0.244354234086123 0.0640041779499645 0.0152813767574956 0.200538865013802
0.133742404832516 0.271973678648721 -0.0993615558225286 0.151561506008305
-0.0164466199399836 0.339087154960298 -0.0754240221162904 0.0973475454039329
-0.116371690206461 0.277665429364411 -0.020189283552506 -0.0469594849257472
0.0135931962521993 0.321363941390358 0.155550876833063 -0.106582024431572
0.17959156305103 0.191687620114073 0.0533349715788583 -0.238898509265977
0.240750730087601 -0.0345884046234257 -0.13458466381586 -0.200220031127942
0.14078240718794 -0.160067440591428 -0.187414665321553 -0.0197785143366537
0.0193267505900895 -0.19716469859119 -0.113343169058419 0.0569991221796247
-0.0862642944071998 -0.158228627256232 -0.048922017091149 0.0423950478238784
-0.102544333593633 -0.119452272256521 -0.00143994634819735 0.0241938815259557
-0.107782213346123 -0.114820067893224 0.0366064414900912 -0.0182694862259109
-0.0537800737218495 -0.18173605117635 0.0931403082715385 -0.0305315976162102
0.0630333526155979 -0.193259752875808 0.151775410601245 -0.00410413075931979
0.179068535546794 -0.163242309132324 0.160368419860964 0.106975741775106
0.255111897912647 0.0539520263847435 0.0635264303384561 0.174222756105578
0.134813150432921 0.266749711927286 -0.0750394330530303 0.120134967887128
-0.0236151416127524 0.332960780476882 -0.0450064893604419 0.000218898869284382
-0.141962686865967 0.233021324904595 0.0490418625075937 -0.158498180083691
-0.0436301714918217 0.306528369304021 0.182105072415697 -0.154755048357927
0.135013497748707 0.218218360987409 0.109383819702717 -0.232967235872293
0.233220048727345 0.00467685095786289 -0.0558505053903356 -0.214864629791003
0.150214630273606 -0.141050576435268 -0.128605983726254 -0.0881767947982131
0.0306744247673536 -0.187604440958405 -0.109449162019821 -0.0287926135898128
-0.0769402522762291 -0.157466914531074 -0.0791195862553426 -0.0243936050596506
-0.0978756272921497 -0.118313159471746 -0.0407195413273379 -0.0248813628069942
-0.102890308465591 -0.109821668665396 -0.00138167247383821 -0.0651859370139533
-0.0521040398078587 -0.166529450707278 0.0649853658820681 -0.0845991646410824
0.0564521298199727 -0.180447522946454 0.146686190383427 -0.0610523991659866
0.167162659900569 -0.148888886438763 0.176538273713968 0.06471705657318
0.227201121341704 0.0582495792392609 0.0890969806995941 0.143533444801504
0.101618238193702 0.239482013266398 -0.0624342907235675 0.0878828978684641
-0.0402872097443149 0.281025900985452 -0.0174954277190624 -0.0848672150826715
-0.1318223325999 0.145726875881981 0.1138099238586 -0.248921490288324
-0.0766656895099792 0.220487430597883 0.200060692874407 -0.190075469078107
0.0692763041484673 0.18156359570518 0.148407387275896 -0.213771455919904
0.172330990275522 0.0267842614103296 0.0104017800759734 -0.207725389250856
0.121410965421622 -0.098552233588842 -0.0723853863179864 -0.137410346607504
0.0305269151339427 -0.142060528000967 -0.101187284678064 -0.100447468755284
-0.0559309359350297 -0.1268701831208 -0.102596036276563 -0.0804594386574762
-0.0776119356936816 -0.0981771005295612 -0.0741770713548844 -0.0677166625547844
-0.0824305821117422 -0.0921149122781392 -0.0333560795822989 -0.106064167295654
-0.038956898455076 -0.134923338594528 0.0408773731059633 -0.129447858535697
0.0504351268312381 -0.146535360138148 0.142180518618902 -0.103427294417776
0.146956802543058 -0.108488735808562 0.183987292691925 0.0355098296438661
0.172528280692382 0.0715721858545137 0.099083381714815 0.120803342946746
0.0463643920347745 0.193797339662411 -0.0525201488181969 0.06062361644773
-0.0636439730482719 0.193021907507618 0.0117271142261793 -0.146392226669862
-0.0938251689966222 0.0330160297373543 0.155547467841939 -0.305378611193317
-0.0817115921561972 0.0939158714763194 0.19765017048467 -0.208073886658634
0.0074747944808513 0.102027561172597 0.164111152909671 -0.196457868663246
0.0833567605048562 0.0294138591410704 0.0450891637365495 -0.19739227887897
0.0669733964600333 -0.0458643402222222 -0.0406306480316697 -0.165479716342344
0.0217865483456774 -0.0742464386582144 -0.0978745901629815 -0.142645292908104
-0.0277986580667991 -0.0752754641848538 -0.117855123171262 -0.115163207987931
-0.0437420677125834 -0.0631612574550002 -0.0958002022659901 -0.0988357068106157
-0.049371591233492 -0.0630354294074965 -0.0535222204714488 -0.13538060713462
-0.0206620704309569 -0.0900052401726356 0.0295668083973036 -0.164148908529948
0.0401362770228285 -0.0984400658504452 0.145930416795435 -0.131898611619023
0.114952218441301 -0.0562156880646232 0.192376057237882 0.0204176704837028
0.102523564526169 0.0805746004191219 0.103095993265133 0.110370081897468
-0.0128179180197739 0.12940513790473 -0.0430169500996939 0.0452109748752219
-0.0807882087400211 0.0834409148209192 0.0443184232356141 -0.176392588120058
0.0615556095577785 0.0212015351378869 -0.0521710884407627 0.212853060164
0.0362857054248013 -0.0567157552586417 0.0948930864969801 -0.00797886684410482
-0.032097785141688 -0.0474574467268669 -0.0877306413947365 -0.13957938112821
-0.0509198452869316 0.0153488584223048 -0.224730230601033 -0.0363709054160718
-0.0113722471732184 0.0375196074859771 -0.182636138780027 0.153191004853729
0.00376743023133695 0.0288823171266141 -0.0343950062592482 0.216616831961739
0.0108905564188741 0.0290749738184416 0.0620164961199237 0.172914479559563
0.00831244482026652 0.0176714452876388 0.108163476030938 0.125746084654417
-0.00986380244510322 0.0165088192603908 0.130000577760654 0.119318003944146
-0.0220092345794972 -0.00054847599296745 0.114927440858063 0.144197667642256
-0.0105311894231688 -0.0120340848811853 0.0532827081047503 0.177224976483058
-0.00247479930491333 -0.028657517605045 -0.0316229373868874 0.188417701006032
0.0437018767842033 -0.0207248715951723 -0.143743386455868 0.184633373889842
0.0732172354602451 0.0284235470512685 -0.210865053510347 0.192817141016281
0.0404346266434338 0.0747270565427473 -0.165947141538194 0.302407554936818
0.0404987155188087 0.121510272784827 -0.0781427172341975 0.198646770390699
0.074892892364142 0.0377159214839817 0.0980832075668988 -0.00738093753737281
0.044805309377666 -0.0209546554200668 -0.0785638624565699 -0.158894563962893
0.0139610842587355 -0.0312071322294874 -0.234582237316603 -0.0621765213109359
0.0129666966585426 -0.027038249887815 -0.203556429570468 0.145075065286296
-0.00757541250412397 -0.0363447705550941 -0.0537895432241229 0.214914016867086
-0.0285258644475221 -0.0212537578131931 0.0473884479457452 0.17114190625045
-0.0295683614547333 -0.0262595177735282 0.0978856487287209 0.122222424529733
-0.0430786874148629 -0.0360140274595246 0.123721242947878 0.10458574996035
-0.0214140338830269 -0.0762738025762499 0.125455589333234 0.125520551307652
0.0398678997732866 -0.0736262543750306 0.0825646734449149 0.163328820482408
0.0834080567842115 -0.0486472387426524 0.00794779923550108 0.1944923163754
0.115685604137246 0.0431939369706401 -0.105237032885638 0.196933233270666
0.0794855078034604 0.149584057089811 -0.172338308137657 0.186393381530583
0.00585297827762744 0.194685588075683 -0.141106469490127 0.260680933288118
-0.00316283866501164 0.208409196408111 -0.08443038505151 0.147967692974909
0.089132774775117 0.148918326229427 0.109194939389767 -0.0240624550944662
0.120408193468665 0.0347071111795016 -0.052933158709547 -0.188535337725971
0.0962977547252773 -0.0628820967547959 -0.230891188373312 -0.104276801197667
0.0505425530291944 -0.0921834185775983 -0.219218145670384 0.113496890793239
-0.00957788239082339 -0.104680411133068 -0.0772793471595167 0.187866557114124
-0.062276569387741 -0.0744692474123148 0.0219413629892925 0.147393270218636
-0.0642229812430356 -0.0656761744454231 0.0741728415883949 0.102267949396312
-0.0731096075659664 -0.0754234697359488 0.10395520625273 0.0716645691915349
-0.0334312824608709 -0.134613869483569 0.128140507462 0.0810833037276335
0.0627991281504595 -0.133490911895005 0.119132050164299 0.121103077114566
0.142490422930251 -0.0942804381474068 0.0682489876959024 0.183682985938264
0.190036496448687 0.0643884087880971 -0.045352191870755 0.204869660253381
0.109332452102812 0.229595690129808 -0.129240507033336 0.172447877810918
-0.00698699280351062 0.285078507073724 -0.105062702896779 0.189337209324921
-0.0586806187980907 0.263347912397189 -0.0654792176295793 0.0624924420304035
0.0698840759774864 0.252956083618266 0.128526684947146 -0.0585186852083268
0.172357560003363 0.112211273950603 -0.00832741837194608 -0.218574782453189
0.179789173033167 -0.0655660975343738 -0.198776320749278 -0.153627010565777
0.0952580163844664 -0.141804557639263 -0.214522710178253 0.0577273187681829
-0.00155871125323429 -0.162541725965411 -0.0975488500249314 0.133863709707301
-0.0826750559871302 -0.12169819281454 -0.0122392074050184 0.10310680589714
-0.0898339774334727 -0.0959622854364908 0.0398873716533429 0.0675848240491985
-0.0965125916557933 -0.0991630927392129 0.0730133961124496 0.0283937266010662
-0.048814788702601 -0.16760330574996 0.116924732272267 0.0247172674189062
0.0643529495253043 -0.175831675727151 0.144130831296876 0.0581036283149947
0.167821715300685 -0.142082886149437 0.124823185857863 0.149020627806169
0.240259271571219 0.0564411278938837 0.016630004295222 0.194646635165775
0.137677983502687 0.262993942315092 -0.0940505591314804 0.149320756029111
-0.0091829116691731 0.3297292039927 -0.0724946142531904 0.0978058895805222
-0.109548349947874 0.272856711733642 -0.0190848749480939 -0.046022963128333
0.0218546579909259 0.313206113840862 0.152771980646433 -0.10554087126338
0.177321416790598 0.183576354410831 0.0486465003012115 -0.233252812243426
0.231646656545789 -0.0384003510481022 -0.134488984455117 -0.193060367427118
0.132903623250221 -0.159494694350186 -0.180104844998407 -0.0155424914271698
0.0123780315057075 -0.191595007411504 -0.108355798901363 0.056624689225524
-0.0890570212626901 -0.149719069828499 -0.0478226269704928 0.0436783075780731
-0.102336568687389 -0.112547186798362 0.000632992217204137 0.0234149485984759
-0.10737877899921 -0.107738390058138 0.0352960175135871 -0.0189758397025556
-0.0579214765311187 -0.174789999881759 0.0923859910506006 -0.032217946523553
0.0561231597241465 -0.19085450758311 0.149182662211691 -0.00798496260401135
0.16830258164157 -0.163570166799287 0.159932887644046 0.101260665474851
0.25051531761248 0.0462502200717057 0.063730182630969 0.167337403077243
0.138737900777999 0.258047055142605 -0.0714125661110689 0.118726642221831
-0.0156325149116769 0.324481330278551 -0.0454869660804198 0.00361147110353221
-0.135497567771965 0.230359117660593 0.0447588773110135 -0.155288323726053
-0.034487772565539 0.30049544631976 0.177427630911108 -0.153109081249612
0.135045552944426 0.210265832999717 0.104661669124205 -0.229205673604799
0.226575023310818 -0.000724550337573679 -0.0573520418986218 -0.208926271346689
0.142007296726388 -0.141423392061332 -0.125048021532948 -0.0838792854505777
0.0240973951873929 -0.182644522197965 -0.10777691059459 -0.0270947497639235
-0.0795438102631683 -0.150211199113024 -0.0798340339825472 -0.0201083975474784
-0.0984620754122003 -0.112194967890626 -0.0392504529275154 -0.0226707311822439
-0.103187380681915 -0.102394873763984 -0.00265318825621129 -0.0634548574888455
-0.0555981390823494 -0.161027633707047 0.062722776140738 -0.0838515885618921
0.0495435908846677 -0.178270186198092 0.143211397439872 -0.0632719334909017
0.158461891743879 -0.149754114922692 0.17556307238934 0.0592915477912623
0.222400871084809 0.0503297945645692 0.0881468530723658 0.137868447646741
0.105071129313389 0.230913887572235 -0.0597068846695368 0.0870170372604833
-0.0337889664492352 0.273597665340135 -0.0203874370784765 -0.0802069130648753
-0.125921881374379 0.144279537568224 0.106480523912173 -0.244898632686079
-0.0695780462831973 0.216547380625082 0.193785183246165 -0.186652294236957
0.0705645686317028 0.175981647174858 0.142599051386909 -0.211053498590589
0.168060491460306 0.0226636874288618 0.00734348799728331 -0.202915322740944
0.114989238311259 -0.0991503129108199 -0.0709236429772299 -0.133797509156905
0.0253936250113529 -0.138652245283324 -0.102025522035864 -0.0966948828183522
-0.0583459614110066 -0.120889320237513 -0.104360705327284 -0.0747141529686341
-0.0773551436168602 -0.0928816452362291 -0.0731589838920595 -0.0628736466448364
-0.0824153883893412 -0.0864643053667579 -0.0346902244990296 -0.101834845093051
-0.0416782194630134 -0.13033744536725 0.0376589578793781 -0.127319687416838
0.0449205448531919 -0.144429706003932 0.137309677586735 -0.104677501009609
0.138532453279294 -0.109385552726918 0.182375278436534 0.0301606677995034
0.16936242138474 0.0657187883025442 0.0986714362902306 0.114880804182072
0.0488675563847724 0.187870494140358 -0.0505535113751026 0.0612250925631622
-0.0590160309685309 0.188806630639953 0.00641882986002995 -0.140446290751609
-0.0907828331368952 0.0332770560457455 0.145463047560971 -0.299790560469408
-0.0778862296800441 0.0931115603512088 0.189506717107882 -0.204217714044429
0.00888968405270863 0.0997896015208159 0.157685527008893 -0.194812068446321
0.0812048492931832 0.0275789894537628 0.0413311562711716 -0.193112482114483
0.0635641695152286 -0.0461282708682093 -0.0412001322254936 -0.16174754886688
0.0196678096466469 -0.0722139484408284 -0.100382210650835 -0.137884709447594
-0.0288473866177014 -0.071729815550279 -0.119381300957787 -0.107625761437283
-0.0443602040351508 -0.0607276012949028 -0.0945976435880193 -0.0919249898571878
-0.0493667377780331 -0.0592916477582874 -0.0553128539817954 -0.129944863457735
-0.0220464580944544 -0.0874208847478951 0.0250832442710166 -0.16013479813436
0.0365643306609545 -0.0964951310434831 0.139737505664534 -0.132488720135182
0.109533591904646 -0.057532651477057 0.18913807848089 0.0156282225686819
0.10151438162788 0.0759841648698786 0.102031805179448 0.105127293012773
-0.0101108747525593 0.126465666951948 -0.042450859039685 0.0454202584594318
-0.0778475020493607 0.0818435543214134 0.0376267924054888 -0.171342471289012
0.0532550852208797 0.0302900302635172 -0.086644483654897 0.19665266659315
0.0438013565180401 -0.0468594832761418 0.0973309060943369 0.0110358442779967
-0.0188951836792968 -0.05077754653713 -0.0549919336284808 -0.1492802210389
-0.0468423970123022 0.00377387582704163 -0.209098698370877 -0.07648947982859
-0.0157721139000645 0.0299261111186226 -0.202630231769014 0.11238778987179
-0.000643096522837267 0.0267528954152738 -0.072856780988794 0.201027236362332
0.0071046235986899 0.0284117693085745 0.0269288639885423 0.179353761196326
0.00540835940503181 0.0173788557612459 0.0797761091598382 0.138401600116919
-0.0123315666480428 0.014399506874738 0.102456413122456 0.137191122278091
-0.0207230944927241 -0.00469430376941065 0.0825178076571863 0.159084758915796
-0.00723740506060939 -0.0139377453411929 0.0163761107662696 0.179439644912238
0.0054842940464241 -0.0266217171216295 -0.0696129727724443 0.172885710280442
0.0468080686413555 -0.00886721106207721 -0.175924607650735 0.149331749725474
0.0654671947035311 0.0439912824818292 -0.243626681896935 0.147936092990232
0.0229990204203704 0.0791834809989228 -0.227267362621187 0.260824229796956
0.0136875979070864 0.119823269024757 -0.110227628719844 0.1789132565794
0.0639656900133004 0.0484207869545269 0.096253678507144 0.0131471737175732
0.0482258162784463 -0.0118133092150909 -0.0431514599007896 -0.163724896849285
0.020646031691167 -0.0276316530813175 -0.213365715730751 -0.102539228453287
0.0190488860008431 -0.0259724023340219 -0.220773647473018 0.101712534277521
0.000283440724380364 -0.0372431108805215 -0.089533386266234 0.196372101677672
-0.022000879885267 -0.0256485139164838 0.0140085647921132 0.174414097725858
-0.0234817846304981 -0.0315497691287512 0.0704083282060732 0.133943076250211
-0.0336372759809991 -0.042184275712745 0.0998485139975424 0.122620745949453
-0.00670820207631757 -0.0769354467253462 0.0965307688921412 0.141659524182835
0.0521366340841904 -0.0637914634701487 0.0492596443870145 0.170421638314512
0.089779040834506 -0.0286788057091182 -0.0304401827002789 0.186460117028333
0.102409224339605 0.06779923738973 -0.138610734884531 0.170465283967443
0.0466537187349315 0.160665862607106 -0.206506097887409 0.150528706191271
-0.0346839854125819 0.18686924552704 -0.193047623478622 0.227916528778016
-0.0436328848648549 0.193123156746671 -0.108217230373076 0.129251908123951
0.058415042105906 0.155776174228685 0.106361219709977 -0.00090366916446486
0.1088586217389 0.0550939588473199 -0.0148441349493504 -0.185332917056024
0.102642370192876 -0.0419303445263588 -0.201041638402802 -0.140003196081551
0.065677134234753 -0.0803842359676973 -0.230096296902965 0.0709722350621688
0.00996291486453849 -0.101938917999615 -0.106570849620076 0.167141360663212
-0.0449875301655538 -0.0812012596138583 -0.00734656590104872 0.146301197386958
-0.0493446775870686 -0.0758646360707047 0.0511759743139672 0.11029171047252
-0.0549272582953474 -0.0857236982270864 0.0869949338000786 0.0874825509502506
-0.00708433672425031 -0.134361915890042 0.108336689406744 0.0994327863826541
0.086699583667351 -0.116118711348044 0.0940278751117816 0.135271281279079
0.154510464268612 -0.0600717334010427 0.0328888569782417 0.187062269976779
0.169372272296931 0.103762964196422 -0.080180179761424 0.191145523787907
0.0583516981372372 0.243870527217066 -0.162495928888877 0.1468072681568
-0.0653792414004118 0.270645853610401 -0.143679857074977 0.166231409882532
-0.10685753552222 0.235526633924212 -0.0752909307609208 0.0514248015151729
0.0227991602197338 0.250757311290535 0.127352822061627 -0.0314799793062723
0.143714406328666 0.137875422379252 0.0308691099489216 -0.204181899737439
0.179649824021731 -0.0292896033714543 -0.160527689165815 -0.180319670723037
0.117309143876883 -0.118331967393437 -0.21473304337233 0.0183943916159351
0.0282022353855593 -0.154711510676214 -0.115990626080905 0.111963098354584
-0.0572380492437453 -0.129486479648008 -0.0316568349374204 0.0964001551072238
-0.0685829940033353 -0.109281410340227 0.0254412112507625 0.0714667500314223
-0.0723625921074795 -0.112445449041652 0.0649235619875128 0.0403228754196081
-0.0156361134182268 -0.16849794044035 0.10875199009243 0.0434776651686243
0.0948261737861904 -0.156483860203478 0.129412310650126 0.0781026856181223
0.187508569102103 -0.100401108233138 0.0955773626640532 0.163429556764234
0.220088439594817 0.106490864888264 -0.0156731614187719 0.192851578369823
0.0796916095661808 0.280807050016285 -0.124230300964315 0.132122426879084
-0.076656808071636 0.312596408436553 -0.0917743449642383 0.0840934590340224
-0.155048397448079 0.235464248323246 -0.0120705635203761 -0.0445264301862388
-0.0325361668990395 0.299881773286252 0.157456753302178 -0.0739155634418015
0.135373214507213 0.208141066711341 0.0865041449349912 -0.208512182866089
0.223326509657795 0.00635287732501951 -0.0928379522146029 -0.205175971817052
0.155787791386936 -0.126844639163083 -0.16941514585031 -0.0449504775281956
0.0468274087122303 -0.179615001334218 -0.111453119103134 0.0353290659427307
-0.0588513313765565 -0.15683112436821 -0.0546222372772682 0.031760444440805
-0.0774677773701307 -0.127595003664377 -0.00375653744654172 0.0228093431027576
-0.0810616221150031 -0.121631327394342 0.03799761820251 -0.0119192051228729
-0.0230987865749929 -0.176424534763103 0.0958631518448776 -0.0160920440030767
0.0904707736233885 -0.17169745065514 0.147356510616881 0.0157111058959499
0.19168817338895 -0.121393716788431 0.139968039131942 0.123450760929977
0.232033867690595 0.0978148761577348 0.0356074851393313 0.174750674493041
0.0811143792634769 0.276536106508846 -0.0961978682433521 0.106602392074675
-0.0811071852219111 0.306861985856221 -0.046464258534305 -0.00351872389330897
-0.170280246156224 0.192496870219331 0.0689691048042678 -0.138227918245157
-0.0831690221861321 0.278651445003454 0.189523996791501 -0.116288059414512
0.0902938260608803 0.22667652423152 0.136607701031973 -0.194691051097872
0.211503412039007 0.0414488378311911 -0.0155156581654486 -0.205546491639606
0.161133732711753 -0.106877023939461 -0.103825936008203 -0.101480160271337
0.0558295470344237 -0.167992847729567 -0.0963073776206811 -0.0444401776692687
-0.0501960687813683 -0.154731218354946 -0.0725883310992861 -0.0357017084664955
-0.0739705575356877 -0.125353545903967 -0.0329040149139001 -0.0277865980644083
-0.0771563134659423 -0.11663647061561 0.0102970198852338 -0.0612627273960915
-0.022859542265753 -0.162526942897393 0.077487920459007 -0.0701729133959795
0.0810195167910599 -0.161114696309126 0.151251144503386 -0.0386659309854644
0.17776027304651 -0.110112123585449 0.163058449246422 0.0866559080451636
0.203710358981744 0.0961428417104761 0.0656966960031596 0.150826739916374
0.0536401222293639 0.243221242777222 -0.0779608220150266 0.0778197346592404
-0.0886099040119435 0.25405191316461 -0.00467028765303455 -0.0805681746816478
-0.145192621388515 0.11421473783801 0.14434923050706 -0.214452685570359
-0.102061536750748 0.194998805322628 0.214212125858371 -0.146763277284848
0.0353799074940405 0.183312001677297 0.171098355218649 -0.172269955727174
0.152961811588189 0.0536179988938774 0.0454560708709468 -0.188775529390296
0.127332093981455 -0.0709757749411696 -0.0428756097159255 -0.13990202891778
0.0498078556552461 -0.12508689309436 -0.0793457717675823 -0.111415429332499
-0.0349775198171545 -0.123818996266761 -0.0875820332163712 -0.0920049220305943
-0.0575959608035955 -0.103642595229268 -0.056702852044231 -0.072210109086119
-0.0604746936415797 -0.0971882153830462 -0.0132923283496771 -0.104154489028481
-0.0152636163635312 -0.13065210776488 0.062268915840731 -0.115074222440085
0.06979179666849 -0.128960044578016 0.153178012531673 -0.0782099824709025
0.151637932601747 -0.0762325542818699 0.174620747590404 0.0616431359425447
0.14918153299557 0.0991499511238961 0.0783353154442057 0.131619966722081
0.00862074254296983 0.189897546427176 -0.064742446166221 0.0531168716364001
-0.0955246929442546 0.167502203335523 0.0338794752504459 -0.13445167845196
-0.0909418727649367 0.0178273792377798 0.193223159355174 -0.2610574827327
-0.0889055515715134 0.0782587756968271 0.217168815922918 -0.163748470601436
-0.00923445859492393 0.0999618559751953 0.184608934329089 -0.155737818414629
0.0717021948209894 0.0424572749928798 0.0760245683501275 -0.174315842990029
0.0691430528708333 -0.0300496785219662 -0.0098382601900778 -0.161966725371141
0.0322980072117817 -0.0633966850356886 -0.0720806565272265 -0.151182171614206
-0.015108727996168 -0.071847165383315 -0.0955521069760495 -0.126529389918476
-0.0314763385765934 -0.0660020389072036 -0.0721097766956701 -0.104000748128475
-0.0349189173561144 -0.0655062243617553 -0.0272067455136306 -0.134215066798675
-0.00492787156641123 -0.0868347550387059 0.0558338252675945 -0.148022747307265
0.0532871702632834 -0.0847270058026497 0.160886351185427 -0.102787841367628
0.113688447208937 -0.0333947928691917 0.18283563474095 0.0501073896026619
0.0815075966209345 0.0943866375620819 0.0812392093239324 0.122439879538573
-0.0354440997138985 0.118922896747816 -0.0534128295696641 0.0386014122293602
-0.0923967572056225 0.0618036620529304 0.0707266316601804 -0.158445230898358
0.0520841308845925 0.0289349188374922 -0.0805846346965447 0.19228652626299
0.0418491970831071 -0.046781697395605 0.097299732648566 0.00826974268046656
-0.0194041670555492 -0.0496955244827154 -0.0544281967791759 -0.144535574382813
-0.0457720987003565 0.0045392145747244 -0.204700129243335 -0.0706484332122225
-0.0141021440466131 0.029107657898015 -0.194964413370103 0.112366035088496
0.000851404199862948 0.0249864819919182 -0.0653351048262743 0.195033276931654
0.00782128293468667 0.0265824717687115 0.0315574687780274 0.171795578390012
0.00551123152134313 0.0155452542473109 0.0802153134139658 0.131692255493521
-0.0105302090876384 0.0136865640111965 0.103632029972824 0.129596100325636
-0.0200710091019272 -0.00412594752315626 0.0848444491676194 0.15301095406042
-0.00733524109300956 -0.0139646599790604 0.0198813649906932 0.175182505710235
0.00444714201246152 -0.0260506464285058 -0.0668923132852273 0.168409125989032
0.0465445477780379 -0.00951547359932857 -0.170872934134127 0.146794605482579
0.0640628435062939 0.0405850810889773 -0.23296246361915 0.144924979381285
0.0229773941960535 0.0760357344009476 -0.21357271980136 0.255289989870286
0.0156405130544705 0.116482912129624 -0.10294864816814 0.175104370995332
0.0635694285747808 0.0452195639062877 0.0963664189267523 0.010531993766503
0.0465251119786658 -0.0127643051025794 -0.0434744749268886 -0.157991945781968
0.0186920354069128 -0.027271700957093 -0.208268430424321 -0.0956757387139587
0.018097009940442 -0.0261206996974271 -0.211802872875449 0.101877583681475
-0.000541154722355726 -0.0364727923783796 -0.0823626743530426 0.191299129720753
-0.0216729769665263 -0.0244581903842288 0.0180793861409153 0.167993294692926
-0.0228733805818823 -0.0307823659732038 0.0710755717961458 0.128035233461517
-0.0327811349850786 -0.0397010533711038 0.100301142029768 0.115604980136069
-0.00893631417984129 -0.0741395553847791 0.0986439307867878 0.134675563630017
0.0494370317918727 -0.0636378622628412 0.0513413815833949 0.165637386526535
0.0856044525518822 -0.030059813812225 -0.0269335277264651 0.180749177216782
0.100731901448596 0.0631911750921808 -0.13440163995182 0.16684167479629
0.0483258291013172 0.154352812602962 -0.197611757330059 0.147534857981551
-0.0310076293527162 0.180665774505562 -0.182506619643221 0.223207199972764
-0.0400430714307376 0.187891214686754 -0.102246530875939 0.126371039820045
0.0601264010410793 0.148793961333114 0.106583071311615 -0.00269726454722765
0.105605383024642 0.0510904115115873 -0.016114623394313 -0.179018877547408
0.0970703690277442 -0.0422233339697441 -0.196826535427277 -0.132358186595993
0.0617938540358449 -0.0792631625699666 -0.220035388276002 0.0723199664087763
0.00703808602049885 -0.0992352886678097 -0.0993222648239996 0.162404918528532
-0.0450531719498544 -0.0774908474167269 -0.00379933911717794 0.142068601560861
-0.0489394304463844 -0.0726356137538215 0.0519581596656333 0.105502129530631
-0.0544246347234194 -0.0813185275485834 0.0865911870308259 0.0827465166613901
-0.0113434276737666 -0.12949243617511 0.1094218595587 0.0937880974757481
0.0807385067136266 -0.115407330507452 0.0949579145444666 0.130113844098045
0.147421551167013 -0.0618814170037455 0.035445583650833 0.18052903297935
0.166729033675143 0.0970714090268115 -0.0769030974780883 0.185703155343377
0.0622501815685838 0.234992245176966 -0.155382646270757 0.144043638043183
-0.0593447226210627 0.261270656587354 -0.135972251680886 0.164016966741726
-0.10009551818068 0.229732892547134 -0.071827171021045 0.0500835095345032
0.0277448387000593 0.242146829465044 0.125850723941798 -0.0326197142568271
0.141197897792193 0.132130191332381 0.0287044682972438 -0.197852882133657
0.172372513325405 -0.0314359120762299 -0.157853984205435 -0.172041707885599
0.110229566497531 -0.117110711817592 -0.205698656880652 0.0211837129416365
0.022995168833617 -0.15067777080884 -0.109268742421549 0.109580286247015
-0.0583997196108266 -0.122590216254947 -0.0286627482220293 0.0944625965111548
-0.0686665349808829 -0.104387709346148 0.0264156917370854 0.0686552859651971
-0.0722674347939804 -0.105781649095739 0.0644862730197305 0.0379608817634685
-0.0199059197975827 -0.162226487629442 0.108426167332281 0.0389163466953342
0.0886405589609162 -0.155186108826696 0.128235952293134 0.0736802898849732
0.177578286074827 -0.101812833777785 0.0962463192377399 0.156288111039879
0.215287337866788 0.0983436835028664 -0.0140614799803225 0.186091330149106
0.08299601196774 0.270631477689971 -0.117657726579677 0.1296189601577
-0.0687601337829119 0.30229562727526 -0.087966084049479 0.0844458559881926
-0.148050910538919 0.2303473937302 -0.011020492480357 -0.0430627714365783
-0.0251102775786489 0.291794187691547 0.154065256606135 -0.0735974056347826
0.134258614690614 0.19941668237178 0.0822268673195199 -0.202515675566803
0.215487972064392 0.00173980693434192 -0.0920471674370584 -0.197720350504385
0.147297121054694 -0.126019594163133 -0.162028335116305 -0.0416386484531925
0.040316844766272 -0.174152603177184 -0.107064952798099 0.0347020408769404
-0.0603738465289282 -0.148454382507973 -0.0534442650352054 0.0320414500481361
-0.0773085518351058 -0.121390843332098 -0.0027553576026371 0.0223197399303945
-0.08064237281965 -0.115349253068784 0.0369581001647526 -0.0116802168842575
-0.0280716521645809 -0.169992567060419 0.0951490945946311 -0.0180877334599638
0.0831884472322093 -0.169563805208063 0.14357256251473 0.011868905719931
0.180856037902744 -0.12207562824107 0.138753236618374 0.117699182276728
0.225863783927241 0.0889867500834977 0.0363114921881095 0.167764782507444
0.084612883062786 0.265629742867667 -0.091846225826499 0.104344749539393
-0.0744140872439692 0.296221072004385 -0.0458671711331844 -0.000259561185288362
-0.162301487864705 0.188140887024635 0.0656998517786608 -0.135296305189118
-0.0741045582018014 0.272184844816201 0.183216102821813 -0.114650971422113
0.0909208220262312 0.21804800543126 0.130998924821084 -0.189925068838859
0.205094565022442 0.0353186291611847 -0.0176510656028088 -0.198930842760028
0.152374136780374 -0.107017807949044 -0.0995904641695561 -0.097367592095436
0.0493638405916436 -0.163421093325154 -0.0950669639551485 -0.042917102736542
-0.0524132764671357 -0.146863911780801 -0.0730452800749128 -0.032051675453768
-0.0743019759602228 -0.119380815275255 -0.0316586352320827 -0.0257880272501365
-0.0767122859226034 -0.109183769844634 0.00832142572950311 -0.0593835895000807
-0.0269001346612904 -0.155940705704111 0.0752538203281177 -0.0697299480456723
0.0748901659225894 -0.158035231881176 0.146616026412503 -0.0410012067117287
0.167733811377394 -0.110631445020355 0.161609583689147 0.0805957264787181
0.198727602144879 0.088147087166399 0.0644081693221324 0.14381433387252
0.0571911779429033 0.234364081252607 -0.0753376912044936 0.0765927422232052
-0.0811112238511873 0.245407073224943 -0.00818654345427044 -0.0755345747111153
-0.139501016927083 0.112450203657216 0.137276400982133 -0.209424691944377
-0.0941036534468888 0.191385968044825 0.205572563448609 -0.143523846963841
0.0372484746249916 0.177715902778498 0.164422294989785 -0.16831453474924
0.148463596274189 0.0488233034540159 0.0418186228627252 -0.182868407889671
0.121141849321597 -0.0714400550255122 -0.042047891794681 -0.135918060435394
0.0450764289333601 -0.121724406390624 -0.0804753206068803 -0.107639039838097
-0.0364131208825127 -0.118120307229779 -0.0879247848233511 -0.0863394516508639
-0.0582904410882034 -0.0992163942871978 -0.0556142241824089 -0.0677461336019097
-0.0608563709483601 -0.0918039474968088 -0.0149700636545056 -0.09948909872737
-0.0183849966032561 -0.125414087667216 0.0585387887469882 -0.112633438429578
0.0645919442690187 -0.126507725459103 0.147642974621716 -0.0794536012724247
0.143552122115383 -0.0770262054246317 0.171238789361712 0.0558556411125067
0.145694815342267 0.0925579139331562 0.0770976537666721 0.12495070768371
0.0119398207336484 0.183347748371253 -0.0632255969516589 0.0537334882800364
-0.0900826246508462 0.162444413120643 0.0282586918944626 -0.12851146254008
-0.0876693352849222 0.0182411540343585 0.183640797782345 -0.255416121169501
-0.0842314732622619 0.0777784104892239 0.20827911270617 -0.160099688284106
-0.0068156600481424 0.0975501899924535 0.177563536271573 -0.152547822449831
0.0698820758612866 0.0397595111510713 0.0720422282633827 -0.169327464601687
0.065626876906484 -0.0303961617274867 -0.0106990191023194 -0.158273980493117
0.0301069030799947 -0.0615604002655812 -0.0749852127025049 -0.146017503899513
-0.0161467051841626 -0.0689838739952217 -0.097437237768966 -0.11975420598748
-0.0323918478770393 -0.0635712573832967 -0.0709187232331863 -0.0980670159267663
-0.0348042134822784 -0.0622333468360733 -0.0288574188732102 -0.128990507062278
-0.00656187631391998 -0.0843228043031798 0.0515031250048722 -0.144548723960106
0.0497991599901137 -0.0831809244327772 0.153389443955842 -0.103202125384947
0.108159184135072 -0.0350220707702664 0.179553836479055 0.0447690822900415
0.0804037349568298 0.089665500284889 0.0801735284654118 0.116963825885265
-0.0334918818938901 0.116286101413079 -0.0522274597472184 0.0395751290245766
-0.0893692451289953 0.0611177990242889 0.063503704073863 -0.153503654931695
0.0512868673234992 0.02867429551769 -0.076281140534729 0.186970347347557
0.0396200018454779 -0.0463943800437648 0.0967838301532339 0.00729103277539056
-0.0190886546450146 -0.0483379205264065 -0.0517038286378779 -0.140397154802752
-0.0446153369297189 0.00488498110261494 -0.198780125795714 -0.0677417382070772
-0.0139990945431365 0.0277543841082339 -0.18955777484002 0.109518157182283
0.00163562489232583 0.0233782269920611 -0.0612983350615199 0.188765723591304
0.00820333210263703 0.0252549236129074 0.0331108510645727 0.165597050898518
0.0058885073992864 0.0142574246498746 0.078972039620264 0.125958214716693
-0.00957280533339863 0.0127897017100709 0.102854049542461 0.123503748751006
-0.0196755801155831 -0.00303028791298371 0.0848556477176906 0.14674460837787
-0.00720298966070184 -0.0135330698426009 0.0200943408093783 0.171224178987478
0.00354062881824662 -0.0257219510168436 -0.0653308269912037 0.162218272389357
0.0453169851559314 -0.00965462931319207 -0.166262216186493 0.142629282271171
0.062892592542971 0.0383994273104479 -0.226028687692795 0.139758222906693
0.0213790466584327 0.0735296548786678 -0.20530625253232 0.245620086249435
0.0157252471566423 0.113293743463819 -0.0990824252846075 0.169991721049625
0.0623291492317229 0.0419250045901862 0.096663727484875 0.00991004693708233
0.0443157591669366 -0.012946412412723 -0.0405722719965994 -0.152803112813188
0.0169046230747086 -0.026637715534603 -0.202044897257428 -0.091650781843386
0.0168446382386556 -0.0258895400182989 -0.205429688743616 0.0999583404005344
-0.000914418002129249 -0.035680233039947 -0.0776177612767577 0.184599646918417
-0.0210745918009186 -0.0232713646553584 0.019553839612561 0.162062586292574
-0.0228866732129537 -0.0300942690516852 0.0701278870395963 0.123018630011182
-0.0316962778098627 -0.0380147033590534 0.0993135558895908 0.110378385333578
-0.0103940519230544 -0.0708574103119907 0.0985694055650494 0.129437136468097
0.0473938329657503 -0.0633385630785783 0.0518642171592716 0.161342584535968
0.0826055168120302 -0.0299268811108826 -0.0265439375118599 0.175030181031994
0.0985978369975504 0.0604749197315062 -0.131185504318206 0.16134518145208
0.0484647757822312 0.149014247317235 -0.191504703450721 0.141902351468356
-0.0302659814112086 0.174458640007079 -0.175560950000907 0.216813294112962
-0.0387396185081036 0.182330008171964 -0.0977168316169759 0.122236553388403
0.0594865936783157 0.143179186768394 0.105972811432972 -0.00324789598127894
0.101793330065384 0.0485098449762836 -0.0136383281527205 -0.172932026472405
0.0924237212167214 -0.0419257850103147 -0.191079148522315 -0.127641041390892
0.0586864141424607 -0.0777070648540021 -0.21183495410331 0.0699760531565863
0.00570711861595284 -0.0963638835336428 -0.0944729072645134 0.156894641427004
-0.044750920656778 -0.0733626616416107 -0.00175152900245179 0.137038761944265
-0.0477506677767184 -0.0702030553182116 0.0521447805577569 0.102133552586416
-0.053605143558207 -0.0774164140410161 0.0857827341085218 0.0794281825272368
-0.0123821481440838 -0.124672114070857 0.108245176821296 0.0890137076881744
0.0772167417253647 -0.113987398363316 0.0936510822916236 0.126395338752431
0.141029204739894 -0.0614376091309906 0.0346687272381774 0.174565132275985
0.162297925843165 0.0930372937185165 -0.0757748636342613 0.179374268102625
0.0619919205229785 0.227157184697863 -0.151069923808611 0.139488997002328
-0.0575438957539879 0.251651962831115 -0.130785158940004 0.159633069567209
-0.0981321300782622 0.22310270261179 -0.0679955813018503 0.0483346248879697
0.0286968041773415 0.23454317399536 0.124998412204369 -0.0314023034426005
0.136788868174759 0.127102244495276 0.029017440634381 -0.191039933974968
0.165193419109755 -0.0321059618531879 -0.153014777971602 -0.166131288593312
0.105486402243478 -0.114654799868405 -0.196994437459703 0.02011601632988
0.0202215872463148 -0.145124776343582 -0.105403946776369 0.10511870492036
-0.0576582892930011 -0.116871011606023 -0.0276051096599655 0.0918683653374085
-0.0673423931569676 -0.100720752021728 0.0268633901719081 0.0660103708294819
-0.0703905777174063 -0.101246626459657 0.0631370575649774 0.0360144202467868
-0.0218564431991378 -0.155926212756957 0.10710584244345 0.0354651747012483
0.0836770323995925 -0.152297202146176 0.125163331059734 0.0709001723428854
0.17014183418952 -0.100547120071948 0.094661520399437 0.150772788066895
0.209158699028841 0.093329050840596 -0.0142217180684955 0.17997349858977
0.0824903215727315 0.261750366606579 -0.114654576413412 0.124937233299975
-0.0662045109912705 0.290513113223096 -0.0855547184379849 0.082926057503778
-0.143949613648265 0.224178014063615 -0.0097695448617884 -0.0424322832821931
-0.0219923819182045 0.282301815250701 0.151113417899519 -0.0707277312320404
0.130694585451323 0.192872544410237 0.0810389499211531 -0.195620022909294
0.207299531303976 0.000437631703525634 -0.0885524386713397 -0.191033942023293
0.140481050030507 -0.123227480492636 -0.154693513122867 -0.0413039412161871
0.0367358251489598 -0.168570137000561 -0.10457266670392 0.0324640244564936
-0.0603418345768186 -0.141604242007395 -0.0523394661812761 0.032667719197106
-0.0767079362435977 -0.11596839990637 -0.00163949725291948 0.0211749300132665
-0.0781071770831462 -0.109943839602142 0.0354770861586374 -0.0110481571049851
-0.029024219968136 -0.163336128735759 0.0934134508809053 -0.0197215309494227
0.0781591829385214 -0.166417740410974 0.140198376677169 0.010400738990491
0.172066383831045 -0.120084663526639 0.136340958676824 0.112278822663502
0.219591765866592 0.0842422904735184 0.0339479120674082 0.161585825209496
0.0842239098903801 0.257499821830868 -0.0892435212286379 0.100590299600288
-0.070886623506831 0.284468761296332 -0.045402364503334 0.00135248675206287
-0.158164163554252 0.18269197175483 0.0643840554807692 -0.131092271471763
-0.0695578501858075 0.263020245763745 0.179702575697023 -0.110073028731264
0.0890205028549419 0.211410715139596 0.128370217904323 -0.182638239203178
0.197911609161644 0.0339639061109268 -0.0160872261389686 -0.19210705752623
0.145689681269227 -0.104052104926144 -0.094294851531366 -0.0956838243751149
0.045794050853524 -0.157689534211892 -0.0937860547623052 -0.0423392219097529
-0.0521062402535193 -0.140490233249572 -0.0728199289511608 -0.0298492621530168
-0.0736378655663677 -0.114614182889205 -0.0301103553690237 -0.0252688910941345
-0.0748167811095076 -0.104360813616034 0.0080638786919672 -0.0563794483880663
-0.0279618910899119 -0.149578444347335 0.0736598348716742 -0.0690083910533333
0.0698505274652385 -0.154141632846938 0.141219907242592 -0.0407860286583154
0.15883828988355 -0.108047333380913 0.157618788477067 0.0768222362774204
0.192598179163753 0.0839181433335771 0.0610858346171395 0.13796747634829
0.0569534793091668 0.226043168027481 -0.0735082357960293 0.0741348327566656
-0.0786994163573931 0.23595343395215 -0.00962389803922145 -0.070975665825028
-0.135205331488147 0.109289831661601 0.134519592063677 -0.202735542579207
-0.0898062766354062 0.185844600230936 0.200195938509148 -0.137536335870383
0.0370074956711132 0.172186494522459 0.160438900157885 -0.162744994463046
0.143617755600067 0.0466940136279431 0.041892042833873 -0.177113458901106
0.116258059948495 -0.0699875888111621 -0.0390098999932745 -0.133312273679353
0.0418044827776365 -0.117573261477042 -0.0809064342794465 -0.104363674892793
-0.0365490195198103 -0.112592682862742 -0.0875989312838883 -0.0816619132857855
-0.057320924180822 -0.094587623689103 -0.0540018279073157 -0.0649685076183306
-0.0589214675142775 -0.087425931980556 -0.0141802408393818 -0.0954709884100624
-0.0189923391959376 -0.121109448265304 0.0571423551564632 -0.109053810576553
0.0606615909905557 -0.123402131217047 0.141926813744541 -0.0777773847564536
0.136471138097879 -0.0753439495482728 0.167974761614157 0.0521492640761771
0.14156658817376 0.0884301618384283 0.0732338560653425 0.11963842759167
0.0125070899130851 0.177475350534294 -0.0614784741630008 0.0521963145520672
-0.0872090884078542 0.156120568068917 0.0252139458809278 -0.122297912995487
-0.0853791499434958 0.0173198321816629 0.177512724660315 -0.245874825213739
-0.0811089354464071 0.0755832329702463 0.201641446276013 -0.153014873023002
-0.00620067939705043 0.0948568792228511 0.172298771592331 -0.147620065849967
0.0686517574089982 0.0376384324609865 0.0714180971967581 -0.163466230708213
0.0629625865927579 -0.0299962357447209 -0.00991656990078204 -0.154347888766964
0.028543957685608 -0.0592447633115271 -0.0756556891197818 -0.141389845369951
-0.0159364572491625 -0.0661724445986879 -0.0970999755167852 -0.113886213454874
-0.0314678173168107 -0.0608457842783746 -0.0693301383767268 -0.0939137675843053
-0.0342138644803512 -0.0594894961119896 -0.0284627852332182 -0.124037698002458
-0.00724194687472529 -0.0805478272667072 0.048988802556688 -0.139025490075236
0.0465882429939821 -0.0804201658278018 0.148198025631277 -0.101749654267585
0.103668845780358 -0.034314074009377 0.17485880317173 0.0425504572912795
0.078788737802406 0.0859677881670199 0.0771207707157011 0.111991270013225
-0.032030198684407 0.112421683394516 -0.0509141074028158 0.0392866486686405
-0.0865640881389216 0.0592153584507137 0.0581670139125841 -0.146484613464935
0.0508421147789486 0.0293915959671617 -0.0759368078885879 0.183060510515552
0.0393319820610299 -0.0455667064462688 0.0976724989180849 0.00753773789902153
-0.0184878717994664 -0.0483020772741546 -0.0487133561026801 -0.138377908156295
-0.0440081239850032 0.00463413848447919 -0.194541127437554 -0.0681233409611744
-0.013549775173188 0.026960307671901 -0.18776089552192 0.105203090316518
0.000957601915280518 0.0221044822612828 -0.0612343068950377 0.183427981459051
0.00758496946818588 0.0239989911795103 0.0327738499536819 0.160062194902948
0.00543019507723413 0.0130792913256733 0.076579294058443 0.12316240799199
-0.00880240854773101 0.0123476031430949 0.101300090829662 0.120193469282544
-0.0192912664167494 -0.0022262980089636 0.0834649192465944 0.144167588747434
-0.00743797365701549 -0.0136914490122717 0.0188515268568296 0.168150478372532
0.00373966829540793 -0.024988627998781 -0.0670052518575735 0.158126626344722
0.045276985143111 -0.00960253072163446 -0.167155298202416 0.136839907611089
0.0611275511376565 0.0375868604880338 -0.222565655996818 0.132533022655094
0.019015384040847 0.0720466904218861 -0.203091178212852 0.236656219485732
0.0138808429060151 0.112183230700076 -0.0980085995719999 0.165638484054788
0.0607050641046413 0.0409526891941275 0.0968722237905295 0.00935697490879871
0.0429187337880112 -0.0130032638090057 -0.0366668698140563 -0.150045032451413
0.0158203304597468 -0.0257519743569712 -0.197654623437347 -0.0921499340352618
0.0162528690221411 -0.0256868622162822 -0.202005403566219 0.0955112853102251
-0.00114686481328014 -0.0351182263572642 -0.0768902121385015 0.179004480198544
-0.0203500715554001 -0.022515444432714 0.0197851304304644 0.157871134093313
-0.0226646933768756 -0.03020768261872 0.0690325326085053 0.120321001064954
-0.0304013987926466 -0.0374297307785091 0.097803599256702 0.107692542257152
-0.00989953768692843 -0.0690378850385204 0.0970176908769264 0.126856951649626
0.045805126330506 -0.0623766894614176 0.0498683405231609 0.159152288575807
0.0798748135835991 -0.0291009275719983 -0.0284136009645031 0.170396202413325
0.0969490528494894 0.0597877358049013 -0.132804140053745 0.156417044920274
0.0463002438031973 0.145385735090631 -0.18948434232372 0.136700339430989
-0.0333559671748714 0.16922102140551 -0.173699571693845 0.209547748913837
-0.040595011775748 0.178761607338924 -0.0968508184133788 0.119007520675303
0.0581424325692773 0.139547124223724 0.106554350905715 -0.00233323790902949
0.0985809211711424 0.0482579560879628 -0.0104804182778104 -0.169455615682419
0.089792728220145 -0.0400713952771837 -0.185931062474522 -0.127718782798453
0.0571722154946249 -0.0758814459140497 -0.207829592954538 0.0651990868279207
0.00530446636644062 -0.0940002569381179 -0.0936572647040367 0.151871211408853
-0.0428359269785125 -0.0719570892297791 -0.00228473174908358 0.133706598795777
-0.0470322396669881 -0.0695061192696217 0.0506809361649843 0.0994508113068284
-0.0515560620600819 -0.0760278932630533 0.0846990541228599 0.0779092706843731
-0.0122734940560004 -0.121245803370099 0.107401888127266 0.0871007057401064
0.0757373411256446 -0.111887858969695 0.0913658490059356 0.12493989810119
0.137129879217446 -0.060173167632896 0.0326911893418273 0.170619644982247
0.158780625346575 0.0916940663527807 -0.078122615375312 0.17520894283196
0.0592956668519915 0.223107683123124 -0.149714978050454 0.133806266878936
-0.0610562946986359 0.243761756818743 -0.129787631203513 0.155254489341874
-0.0996077739576964 0.217729954202503 -0.0661838352268617 0.0464371321532994
0.027683486640759 0.228968179793587 0.125209234596556 -0.0296965061236015
0.131254403312532 0.125925422182968 0.0325250386673376 -0.185918664755749
0.16101205518942 -0.0295839127342671 -0.147192624889296 -0.164842666279123
0.103043997190564 -0.111014312171136 -0.19176046616485 0.0162659984550699
0.0197353219443601 -0.142459058960484 -0.104394843010994 0.100921985996805
-0.0562189554357239 -0.113953101559708 -0.0276643005392201 0.0900962405778178
-0.0659890445153235 -0.0981657940821313 0.0264300332354961 0.0646724101901737
-0.0678350616837796 -0.0991489456940944 0.0628950236258935 0.0361494110627717
-0.0212525335748332 -0.152166692904292 0.106700669828945 0.0341101835698248
0.0821235649354759 -0.149649643997011 0.123418593167258 0.0709252057129784
0.1649899346978 -0.0975605142081172 0.092617522614753 0.148171468390742
0.204686090162644 0.0925708575780684 -0.0177703308231191 0.175376328589513
0.0788081686217458 0.257098419842241 -0.114178494952501 0.120042400448686
-0.0697917676598721 0.282270312253144 -0.0849844359492348 0.0812904597086742
-0.144537515220837 0.218205794117067 -0.00836006352284663 -0.0419054397141884
-0.022939198348641 0.27530962769079 0.15179263302224 -0.0673437970842978
0.125878472857861 0.190446173253469 0.0840494277254116 -0.188855156992743
0.201754622534959 0.00250125166672078 -0.0835643433677874 -0.188556261955299
0.137821663501554 -0.120060157868781 -0.149162476716086 -0.0438189482697243
0.0365918700516067 -0.164620985770091 -0.104154892421053 0.0301395023901412
-0.0580501673101852 -0.13769481494701 -0.0524693207617896 0.0325069469262262
-0.0754469172965308 -0.114006034030106 -0.00124247460754585 0.0208920444587818
-0.0754679494693369 -0.106809290848492 0.0355988786836275 -0.0101797610461741
-0.0280313836769476 -0.158836731305916 0.093175248310445 -0.0195141363211497
0.0765969104109658 -0.16375942095266 0.137519171634053 0.0115163569089876
0.167033619156152 -0.115919188811398 0.134075785329982 0.110954409254837
0.214571967364944 0.083688248294405 0.0297877821743858 0.158282813220763
0.0800747923939479 0.252391116882731 -0.0894999371734919 0.0969961138977455
-0.0736369969104136 0.276438308034999 -0.0448967348173672 0.00209961910402185
-0.158091490176142 0.176983003487847 0.0657983055636238 -0.127664686096935
-0.0692033657635391 0.257445001846799 0.179237597623755 -0.104410844650471
0.0848501985927477 0.208095433835881 0.129995817051715 -0.176865808309142
0.193098899081174 0.034710915568052 -0.0122034309409158 -0.188485096156306
0.142667469902512 -0.101386614730247 -0.0898289376324535 -0.0966122085176854
0.0455425416655403 -0.153774095335877 -0.0933144758780082 -0.0432446814859543
-0.0502949173150623 -0.136172997897504 -0.0727771190289977 -0.028462037210638
-0.071512091206327 -0.111376505567331 -0.0286207404340803 -0.0244027528802374
-0.0720900371929036 -0.101636960754889 0.00893541265931382 -0.054777885326656
-0.026506356872412 -0.145574995163643 0.0736070978580954 -0.0678677877926044
0.0683441126502845 -0.151527412761396 0.139309636881225 -0.0383704576039681
0.154569767197858 -0.104989871595569 0.155173656258118 0.0760435688185732
0.187801215216602 0.0830641416251367 0.0572865862636954 0.135162253738565
0.0535312878533845 0.221708890517308 -0.0733857321076892 0.0722865792967747
-0.0801635651592407 0.228639989206892 -0.00961749712407696 -0.0675609236770016
-0.13478482387626 0.10512818582567 0.13462000101269 -0.197047047805925
-0.0892152597381157 0.181020031793608 0.198622581576966 -0.132025274745406
0.0352778389470017 0.169721559563654 0.159823382501246 -0.15598113403184
0.140000784809089 0.0468237419577307 0.0445620118457239 -0.171962354460189
0.11352495708276 -0.0680205809937292 -0.034974025766838 -0.132451072324063
0.042057818701243 -0.11473626371036 -0.0810519955041501 -0.103503767534888
-0.035208263632109 -0.10955698697146 -0.0873071850399614 -0.0785786967061817
-0.0566416295453886 -0.0921957398658787 -0.0520239942247736 -0.0638754866858387
-0.0567235460527809 -0.0851738807104781 -0.0135079309451484 -0.0930391773860586
-0.0186437261464697 -0.117965226992598 0.0572039395985577 -0.106891093789365
0.0592935379696348 -0.120737310997529 0.139753268847248 -0.0751917395030074
0.132403840911816 -0.0723087859131603 0.165201342878911 0.0521171369552431
0.137681306101925 0.0870126515632284 0.0695520775440936 0.117494404348763
0.0105471599068575 0.173528540815891 -0.0615154399210041 0.0512281508771147
-0.0879482720102395 0.15138529005133 0.0239530075328125 -0.117859317431016
-0.084234957949859 0.0157726086324369 0.178136126672582 -0.238709609018969
-0.079685569708276 0.0724982334365579 0.200206174901652 -0.146054770439778
-0.00568408752360628 0.0929170227242989 0.171559194525042 -0.141921572044973
0.0666098366485365 0.0377189881813003 0.0744787104269623 -0.158452564313645
0.0614374083757789 -0.0289680647914721 -0.00683278810762302 -0.152203522727398
0.0289922749059088 -0.0578716560221356 -0.0753812882293759 -0.139209344313291
-0.0150180821070221 -0.0641393168963935 -0.0968132434200776 -0.109987152004741
-0.0316752841119423 -0.0592069716882756 -0.0673112462264198 -0.0919480901026808
-0.0325682131287867 -0.0581248489383115 -0.0267804671161682 -0.120685398930726
-0.00661492825019236 -0.0792824042385053 0.0495640277837895 -0.136025886544216
0.0455376516315252 -0.078764324400513 0.145335034054202 -0.098024124567724
0.100210441194004 -0.0323956523799396 0.171692384781375 0.0415843366016591
0.075978337831106 0.0850518707283729 0.0733275747887877 0.110347872881434
-0.033077608105878 0.109501449189449 -0.0508746533110162 0.038556061610101
-0.0856836029703438 0.0566213976613989 0.0570799687932022 -0.141288499006171
0.0514588622318694 0.0306293229946057 -0.0779868252716007 0.182398058969113
0.0395724108505424 -0.0463191763879159 0.0997932854822492 0.00792299621141619
-0.0181242719162415 -0.0488044911070637 -0.0461274366882138 -0.139568045212766
-0.0444829962725152 0.00462426619793625 -0.194260309395933 -0.0706671738230177
-0.0146802873672718 0.0262409515574951 -0.190478490863482 0.103740028430115
0.000470142363932896 0.0218132219992741 -0.0629802701088913 0.181909215632879
0.00776330426175085 0.023731052586896 0.0323608636073513 0.159123954916205
0.00484478632359054 0.0125623422296014 0.0760356881545815 0.123320152584885
-0.00847705152648822 0.0118795689384562 0.101660618167719 0.120163098470416
-0.0186945078858872 -0.00270215910976354 0.0830205100218932 0.145144499987242
-0.00737667450468897 -0.0139017608551676 0.0168425065580384 0.169853736816268
0.00356777637869619 -0.0247238253845566 -0.0712567430917847 0.155626659863698
0.0461374553227008 -0.00891613270827049 -0.171100603350594 0.134359689726978
0.0605998434397089 0.0372351528863355 -0.225346927840087 0.127891915291555
0.016353264479956 0.0731552726856697 -0.206098813948016 0.231373212830687
0.012178552697207 0.112540557284733 -0.0997488862228984 0.164539455654678
0.0601871392151781 0.0410408790348271 0.0994448721883345 0.0103031367884696
0.042290391416857 -0.0126120138118393 -0.0333775430532164 -0.151155069910337
0.0148859886100413 -0.0255815951254498 -0.196632114912014 -0.0950499766829934
0.0157130133263094 -0.025566955074365 -0.203871362819578 0.0921330768578015
-0.00114336123895143 -0.035222679036169 -0.0787117293417744 0.177953600260615
-0.0202153773356262 -0.0232037917769471 0.0189851402808515 0.157280131049045
-0.0222049304900959 -0.0307710197560833 0.0688412287024705 0.120409172828674
-0.030317924041119 -0.0376439565135284 0.0986943974664308 0.108360114718281
-0.00920512844367249 -0.0692041736847452 0.0972097448286264 0.127465872265304
0.0460911292841117 -0.0627723415311768 0.048736968258041 0.161016515688638
0.0792162775795462 -0.0282355106542731 -0.0312153443782842 0.169087611490192
0.0964832661017006 0.0607567465527536 -0.13726772523011 0.154407649239353
0.0444537541328794 0.145692516891257 -0.192092158419206 0.131850918052012
-0.0378513749403854 0.168084763505698 -0.175796435996651 0.206379096696563
-0.0435123955879809 0.178822727705408 -0.097688442740169 0.117653208430547
0.0564727826164801 0.139964615951677 0.109502706763689 -0.00177556724378646
0.0971978896544534 0.0497215755087435 -0.00573180661469384 -0.169404018544275
0.0890325612854385 -0.0385966517104249 -0.184684252648549 -0.130576802532575
0.0574853236733788 -0.0754193046521391 -0.209217132161565 0.0613434874385679
0.00535533096607763 -0.0942013716556637 -0.0951087075696344 0.150511661453238
-0.0422600502454649 -0.0720049744709739 -0.00275293366169402 0.134008467582625
-0.04659187575201 -0.06984560498072 0.0508557282964627 0.0997576319811471
-0.0510465313093826 -0.0763052745265891 0.0858217023553698 0.078682410801306
-0.0115360777191395 -0.121051858695753 0.108752642776177 0.0873610980977839
0.0759229276627023 -0.112926197052832 0.0908709120176131 0.127742511279701
0.13652522477619 -0.0583732474840222 0.030159160014786 0.170930497872776
0.157972662353487 0.0934321933013565 -0.0828456482312841 0.173695665312887
0.0572733040655918 0.224019042261381 -0.152446116188009 0.130478133159605
-0.0663720900964059 0.24160975614649 -0.131800555546352 0.153600252938106
-0.102988095783077 0.216584250226098 -0.0664474603498792 0.045431566773974
0.0253939744574553 0.228360265645694 0.129151647642145 -0.0274879524645644
0.129222991757878 0.12813832454292 0.0379035223770646 -0.184958793656487
0.160244335326603 -0.0275255986575086 -0.14498477844756 -0.167876166117008
0.103828576434944 -0.110376870235091 -0.191875065796108 0.0120182859710599
0.0202699394481025 -0.1420333214474 -0.106289582663446 0.0989324993196594
-0.055623046851825 -0.113066661261132 -0.0290645183097948 0.0901898648199745
-0.0651183556599482 -0.0987156733400098 0.0265996390567985 0.064279587319888
-0.0670602497390775 -0.0990626000368842 0.0642089047938216 0.0371285113463352
-0.0204365816454411 -0.151385398957353 0.108399291251816 0.0341874046348027
0.0824951683330828 -0.150911125584514 0.124080835427378 0.0732136383377884
0.164499006395064 -0.0950197808497961 0.0917668465480294 0.148951398856316
0.203896794221453 0.0946663407645135 -0.0228759381515075 0.175351551483924
0.0762773447039731 0.25856586111468 -0.116736960561283 0.117786087821335
-0.075808189171242 0.279249000727795 -0.0861765547968632 0.081316823809406
-0.148654621882986 0.216511870718436 -0.00712456032778223 -0.0427697982189711
-0.0248455238826344 0.274496331868902 0.154614033782679 -0.0653225398423997
0.123021114493584 0.192697334247197 0.0892836179722307 -0.187441287491045
0.200738609225632 0.00556442621921276 -0.0805775640752737 -0.190063133972953
0.138968758020869 -0.118513881468012 -0.147176212453958 -0.0478790691065655
0.0374967037887615 -0.164712503198976 -0.105599051607391 0.0285131956893704
-0.0581709524415662 -0.137136172004322 -0.0538632824812594 0.0329160095927214
-0.0742527220936997 -0.113721372442314 -0.000699808958155908 0.0203531836996604
-0.0745133019982546 -0.106760735316121 0.0370432686237569 -0.00926021016616811
-0.0268691337458677 -0.158296993635261 0.0948386360857347 -0.0200396583570209
0.0763403324390155 -0.163559055106752 0.13810065689481 0.0136211680631094
0.166053334472383 -0.113920950655211 0.133787712632411 0.111666690414712
0.213270939526463 0.0859230163560903 0.0249724386343125 0.158357472533976
0.0775837776438024 0.253929987523702 -0.0917137134470065 0.0956812278910291
-0.0788874461835428 0.273483164354778 -0.0462407141507816 0.00308362626680568
-0.162061278637138 0.174658192863947 0.0681387247527008 -0.126722495948214
-0.0714969853974275 0.255644610344427 0.182051711108425 -0.101791666285456
0.082579087581862 0.209879641463937 0.135228106550155 -0.173594023622915
0.191928088940102 0.0373481520493718 -0.0083247151119689 -0.188651230002391
0.14385490819371 -0.10016217455345 -0.0873296553163328 -0.0998227088571818
0.0465633576458371 -0.153771910236444 -0.0943041021161274 -0.0448556154596766
-0.0493084663258877 -0.135475802849749 -0.0740783500157175 -0.0275709652909738
-0.0710361006765923 -0.111533112751624 -0.028483154584154 -0.024630248080816
-0.0708456439314499 -0.101540194367386 0.00967343942544838 -0.0537507648362679
-0.0258135306254071 -0.145276450981574 0.075884319962223 -0.0684695610987363
0.0687238178725463 -0.151291747373343 0.140309885689241 -0.0366153288602289
0.15371910679172 -0.1031906455963 0.155209866916479 0.077427977173156
0.186995748080453 0.0846963585461468 0.0533726805619396 0.135889462571647
0.0514533429000217 0.222967513801369 -0.0754581307571994 0.0709377779292436
-0.0844525768566244 0.226196862745021 -0.00983270779020381 -0.0657296200546005
-0.137548315633596 0.103382195808433 0.138247413333128 -0.194690718393954
-0.0912569724737864 0.178811639296566 0.202527014015386 -0.127944870239638
0.0333067084985633 0.169748008980141 0.164906306536621 -0.152931366396633
0.139443520924647 0.0483500558246538 0.0490618048630029 -0.171597258071425
0.114131973745647 -0.0668305927077219 -0.0320034999385562 -0.134811975282832
0.0435336652374828 -0.11468173141861 -0.0813789121394638 -0.104435031224554
-0.0339858578103157 -0.109098832501673 -0.0885360415199511 -0.0778795527728175
-0.0560484862234704 -0.0918214537464285 -0.0513197164139907 -0.0643493223410895
-0.0556005644669311 -0.0847922508600765 -0.0125188368516359 -0.0925659217701734
-0.0170723124755374 -0.117644499136156 0.0590180141959752 -0.106667723909595
0.0598945286197324 -0.11977506256855 0.141115468717927 -0.0731072346349262
0.131107977726637 -0.0708848960393427 0.165298462264986 0.0542208253210524
0.1367143497534 0.0884761387873361 0.0663472473344297 0.118402937166424
0.00802805356359914 0.173838332726293 -0.0631339507941091 0.0506140051597462
-0.0905111806481961 0.14868250962444 0.0243907760444083 -0.11490746055867
-0.0853288386048591 0.0145620778923133 0.182570643052455 -0.235603566825525
-0.0801946133928225 0.0718504802886162 0.203192044326255 -0.140565035250342
-0.00649054189871772 0.0926282024578722 0.175589954394992 -0.138127955393418
0.06654763131567 0.0383363366471705 0.0785556654352954 -0.15714822421145
0.0620433299575797 -0.0285344873816074 -0.00304729154205106 -0.154022486467329
0.0299366959435031 -0.057774118110183 -0.0756115101695613 -0.139398064838902
-0.014252261557604 -0.0641936428726245 -0.0980045608200179 -0.109140350419163
-0.0316707970675057 -0.0591238526204733 -0.0660720119840584 -0.092138896080164
-0.0322660808967995 -0.0579620646782453 -0.0253464020123483 -0.120228505607163
-0.00588220399377244 -0.0792120860012327 0.0506636800579272 -0.135267265788228
0.0457957802058392 -0.0773621116100985 0.14605140191397 -0.0954663283015882
0.0993292971185215 -0.0310882984741065 0.171419399695808 0.0436082724776085
0.0755014904883297 0.0851457556713091 0.0699526978988107 0.110899629526151
-0.0351067032456725 0.108971386919735 -0.0525863014462553 0.0386904422289872
-0.087139974663603 0.0556481503236607 0.0573573574392646 -0.138319465833832
0.0614773241164077 -0.00235133634490318 0.0498009938163504 0.191434645365107
0.00553037788819535 -0.0596828254776256 0.0869987744005785 -0.058785088399702
-0.0442934084604003 -0.0295309500141675 -0.122515376822258 -0.0890257507162323
-0.0342907374603413 0.0299585306444755 -0.203719862946801 0.0614838431174429
0.00416372610127805 0.030288222996955 -0.0928258303317867 0.200719253751847
0.01358049286594 0.0174690167084819 0.0593062305202717 0.185666496327268
0.02082480611923 0.0130702233507967 0.124088485162015 0.108448977444508
0.0115855701457104 0.00740232444769054 0.137014271990003 0.0530454598501337
0.000938098759126703 0.0147297109711007 0.15692124758575 0.0336834030596563
-0.0166247076146068 0.00955169444697322 0.158001419871964 0.0673126782974711
-0.0135134319224724 -0.00635051224120541 0.118617889515381 0.128557516838986
-0.0106444368927636 -0.0212739950150504 0.035039620013049 0.173063711076684
0.0338140926321144 -0.0336955221537792 -0.0586749708382963 0.216895646073094
0.072003723347806 -0.00425708718891085 -0.104571016488411 0.247844266263587
0.0572110396382263 0.0558605128215237 -0.0283160505750444 0.319041617188002
0.0736169560398097 0.0889900859377654 0.0268279409838378 0.192137104135164
0.0714329625026901 -0.00192643642928237 0.0919424082593156 -0.0546598116976223
0.0256909706024983 -0.0351565148688985 -0.116015755366718 -0.107523228575906
-0.00324815367847996 -0.0273634542978575 -0.219985577336297 0.0402131063372449
-0.00178536879457542 -0.0290504475626205 -0.111640001445576 0.197872786638684
-0.0214388148854946 -0.0276319516274693 0.0434902221535201 0.190289835449591
-0.0286209937202375 -0.00725334734918619 0.11228678452974 0.116132494341751
-0.0373841513876973 -0.0115938625186408 0.128942410457301 0.0544725988428828
-0.0473897191819742 -0.0126400136790454 0.147871466890971 0.0253869530949443
-0.0496479776453196 -0.0512549422331542 0.159278333350005 0.0441272548347465
-0.000370069470044953 -0.0803287419722224 0.138645876184417 0.101853506067844
0.0504535138921399 -0.0709628516078167 0.0760252733418063 0.158613444151414
0.121524382578593 -0.00643910789849809 -0.0191869861195909 0.211388099720657
0.128138400163156 0.0970073562066331 -0.0786569897390727 0.230271084163847
0.0713370329997307 0.170379423189384 -0.0220834607907034 0.27523885528543
0.0634636580783348 0.175974457361619 0.00484440274050578 0.15552326963964
0.124389202122904 0.0794470817382222 0.0956196026085797 -0.0671004252378334
0.106527602566795 -0.0154978032090791 -0.099605861105207 -0.140517034763177
0.0481095144468637 -0.0790848163783153 -0.230111249262819 -0.000774727498012385
0.00272980793282667 -0.0938852112028149 -0.134105723657592 0.173119440327801
-0.0508567159472042 -0.0790773232374575 0.0124822345073016 0.176957994268779
-0.0754086959523996 -0.0322952685889736 0.0784426442707046 0.110995471999272
-0.0810772113392732 -0.0283684462232433 0.102930117887414 0.0488858643213657
-0.087637660216334 -0.0313956723887543 0.120059759930661 0.00909852069070039
-0.0839663187120052 -0.0925756099814119 0.143625136539662 0.00399279244765015
-0.00719529747927881 -0.140874851612475 0.152092391659684 0.0483589312866543
0.0799304112431117 -0.131543824981938 0.12733444557204 0.121615532766697
0.194997048837342 -0.0180161255709945 0.0364005045682983 0.19357409157418
0.188790004234041 0.154174725872715 -0.0496995075831874 0.205632448488101
0.0940969051937978 0.249920084263113 -0.0204557222549922 0.201913181001723
0.0341009567784002 0.241760794788475 -0.0102451823230936 0.0817309671798827
0.149305043113562 0.168590479131001 0.0978315094612783 -0.0970766854456507
0.178719595892663 0.0295457776150228 -0.0689472079240497 -0.178064378960667
0.112073834183076 -0.111332300898167 -0.218221120431643 -0.0580440326303142
0.0205134780338431 -0.148840428025304 -0.15021898357277 0.120686962305315
-0.0672604191134142 -0.126281639937683 -0.0280412733046155 0.140249397665743
-0.110682072087635 -0.0573541644841534 0.029509839595221 0.0920815773059229
-0.113488820604328 -0.0407760474800863 0.0617882562538269 0.0352929556512722
-0.115238454146419 -0.0404849110504696 0.077387289383499 -0.0107492926316178
-0.110329747612393 -0.111800767050058 0.110521963883838 -0.0395947428132988
-0.0255447752481351 -0.176798299147617 0.144669778093244 -0.0153932480879197
0.0799184343894501 -0.179973589318984 0.164137389302609 0.0663329309983826
0.235556086173085 -0.0469070637570792 0.0856322364978479 0.157861258623794
0.227718314559849 0.170155589751512 -0.030425438946297 0.173708049212073
0.11069271476461 0.285886860659854 -0.0297606239697296 0.112680638374361
-0.00489614699276824 0.265117479442407 -0.0146681463421916 -0.0229293316016104
0.135066233482812 0.234102808681867 0.0964842775013962 -0.139040057548739
0.210585073363464 0.0860444696870271 -0.0249890135556756 -0.208702827562108
0.163506072467477 -0.108648904837956 -0.175729226702363 -0.116889164598122
0.0440536265790098 -0.175981539885778 -0.149966222074434 0.0441793709878349
-0.0668902818229149 -0.154806038200456 -0.0703261634387767 0.0826463308360444
-0.127095535745524 -0.0746233314724986 -0.0268945894098943 0.0611520624368738
-0.130021945864001 -0.0466169133824464 0.0119375548455776 0.0167886868717311
-0.12665188469752 -0.0425703650594049 0.0273004236804375 -0.0317967783066126
-0.120296527820036 -0.113553126398562 0.0667875479715549 -0.0756531085670229
-0.0386620304616626 -0.184359256090268 0.119860823443727 -0.0728904811655913
0.0695039934111314 -0.196792886009934 0.176930750681371 0.00976223413792536
0.238014924249791 -0.0615677504839642 0.114759859169235 0.113827810258991
0.225905355691167 0.165319002425776 -0.0235788259517651 0.139279442841186
0.104486410216757 0.28171260845599 -0.0453814157869316 0.0227854626423095
-0.0390392936839835 0.237125409884034 -0.00692977028410074 -0.135922356882454
0.0852845663211079 0.245684131788811 0.0945792473245655 -0.183679820608902
0.187760878656453 0.122786817864493 0.02040033416239 -0.222516898285341
0.174751310178099 -0.0776207643675987 -0.113085677699004 -0.158552075457759
0.0580655566370516 -0.164007022431798 -0.131049045190314 -0.0346573922964113
-0.0531426561942458 -0.151710835308264 -0.106207132164296 0.0169799333538498
-0.120081021798948 -0.0785149302168154 -0.0802298393801872 0.0247147083775555
-0.12576523955192 -0.0464817843429494 -0.0379406280222232 -0.0028168235271143
-0.12006888258921 -0.0402836222922747 -0.0224133211895805 -0.0507183708860635
-0.110974781198781 -0.10371689363134 0.0219818456418786 -0.103622458882799
-0.0376423624478794 -0.168886607176209 0.0904083119598992 -0.115380160847043
0.0656910954363403 -0.179466959958187 0.173960907502275 -0.032097387511165
0.214676475981862 -0.0461814430139388 0.12394696850823 0.0778084071120213
0.183443408013611 0.155815993453047 -0.0240983273528919 0.108577447473454
0.0694707908819897 0.243954336012714 -0.0571599575070905 -0.0560045732259299
-0.0586813136396364 0.163119355505537 0.00436986963158237 -0.233668025304524
0.0268313600866375 0.194057891782968 0.0918450438640022 -0.21767634779055
0.124942392340123 0.117669820347791 0.0544882704259899 -0.221506790837143
0.138574363998037 -0.0396204575061141 -0.0556958986406121 -0.176642179054381
0.0530260626300988 -0.119877661559491 -0.107259705135116 -0.0959369554874366
-0.0327320839474462 -0.118217134084754 -0.130868503693665 -0.0382170443761762
-0.0924522941472286 -0.0661951022425278 -0.122799352356231 -0.00709427410391641
-0.102322012339364 -0.0399741987457265 -0.0808145148334241 -0.0203203513059132
-0.0978508557489395 -0.0361729844782043 -0.0648670489588821 -0.0678127724683369
-0.086658169462746 -0.0867037499588076 -0.0156227244010484 -0.124989713002282
-0.0248470132003375 -0.137153856806315 0.069031855128231 -0.144819250927734
0.0671322101930351 -0.139339685252752 0.167700322460182 -0.0577612817510232
0.17435089853994 -0.0110621038543041 0.124361142362872 0.0551707718003953
0.116030301796872 0.141818813818732 -0.0251250152800704 0.0826076259850005
0.0173646749667881 0.182040430785012 -0.0561756254903305 -0.116410383666122
-0.0640312387782611 0.0587514418508751 0.00940964892608083 -0.296361750200049
-0.02475578115785 0.101344517931463 0.0815934013906949 -0.23213272421276
0.0486092584228313 0.078042433148364 0.0673255692792408 -0.216304073242699
0.074256571272638 -0.00777410111052259 -0.0247173331703775 -0.179567131502138
0.0326623556303153 -0.0583468375725021 -0.0949852445699055 -0.126874237954244
-0.0098015436530613 -0.0642825235917831 -0.147836070093904 -0.0679270915288964
-0.049857695652864 -0.0417608209518893 -0.14836432634965 -0.0270850216724482
-0.0620398338098884 -0.0286035034193918 -0.10941467391176 -0.0336906057747847
-0.062483468782043 -0.0286561905240946 -0.0928176249184678 -0.0828688171880348
-0.0542530172470804 -0.0616542514467384 -0.0391483292942593 -0.142163323572646
-0.00959198200432906 -0.093915088598898 0.0594859980763402 -0.166970162527757
0.0652583015058498 -0.0875786912332359 0.166628453294625 -0.0698611280123307
0.120038236248529 0.0250694215056993 0.123860562381648 0.046759633062558
0.038838460469714 0.11510965505782 -0.0222260325824081 0.0653354787636833
-0.0384437182551535 0.100233111380863 -0.0401592849910687 -0.153567783163098
0.0634093546034803 -0.00431050334793011 0.0575443721387521 0.195518261064291
0.00375481472703095 -0.0612033220449359 0.0890796648072177 -0.0655841730567235
-0.0469221886690694 -0.0289155044924318 -0.127824329545776 -0.0896482053537017
-0.0341808158292291 0.0321916868192847 -0.208070706214884 0.0686447077580438
0.00486988146072059 0.0314313615759902 -0.0901008220662633 0.210677985784181
0.0141113595021366 0.0176170590516855 0.0662863421006352 0.188861638953359
0.0218454805471073 0.0122785082873003 0.130464086033288 0.105928633345357
0.0114074339263092 0.00700201468093305 0.142376819184523 0.0490117151713922
0.00150889773906728 0.0147103325667687 0.162430656175719 0.0276830112410156
-0.0159610216886467 0.00970252801381888 0.165785389223312 0.0643978588914759
-0.013856731906615 -0.00634449914752235 0.126629838373868 0.129574099734065
-0.011477724918988 -0.0213378982545425 0.0381035193672952 0.178168360392594
0.034035658765692 -0.0366393263572924 -0.0569385393751468 0.226330645361457
0.0727850091992202 -0.00650820386909915 -0.103623041285804 0.256240653479038
0.059725583547115 0.0581340017188847 -0.0235503406237357 0.3280180867312
0.0785106557796869 0.0896889261864409 0.0335446838214607 0.197100401589746
0.0729568774804498 -0.00402407666342744 0.094192214540629 -0.0613875038915179
0.0252861809318979 -0.0360752991578702 -0.120257938054629 -0.109108541023607
-0.00453856346672744 -0.0267528215969816 -0.225310734113634 0.0462543844566818
-0.00308628759572623 -0.0298772925832629 -0.109353507828695 0.207676651238786
-0.0234191813009517 -0.0273087097740267 0.0495530523993737 0.194418010187494
-0.0296233732287722 -0.006994329483598 0.11758646838992 0.114849381822325
-0.0394131271610742 -0.0105269773614298 0.134702255982105 0.0510139485459442
-0.0487058930793164 -0.0116945026071689 0.153338957021269 0.019186666830019
-0.0531921817766363 -0.0511156695956288 0.165342052081757 0.0393674010060239
-0.00330371834865632 -0.082762533875847 0.147097618393772 0.101280741367873
0.0499443502149698 -0.0735628326661847 0.0804219255276066 0.161329753739699
0.12489138050692 -0.0106846754266803 -0.0165334583749792 0.21984337249107
0.133780752678181 0.0956547143656431 -0.0759414893968124 0.238204962362838
0.0753781053967317 0.175306953097686 -0.0166020760555996 0.282892280479794
0.0697519059600398 0.180478721342906 0.00893000274675674 0.159392967429369
0.129669627414218 0.0781477629879943 0.0977525342846698 -0.0738784696019765
0.108998624128519 -0.0180975749018899 -0.104161778340463 -0.143325899120134
0.0466469147725598 -0.0814856052478277 -0.237176340894524 0.00492961597322696
-0.000198056844083625 -0.0961297105640259 -0.134093110703971 0.181524912916301
-0.0548503489789336 -0.0795707949984949 0.0167797255387133 0.181759410225791
-0.0784820026936892 -0.0304494176009533 0.0837402896759145 0.111765124627443
-0.084239192914163 -0.0259931442706461 0.10712097801684 0.0459392979262075
-0.091087345544588 -0.0289405981181221 0.124690167410664 0.00394873756595863
-0.089876029118692 -0.0925972466988706 0.148717043720534 -0.00202173337635277
-0.0128023586239718 -0.144631578845495 0.159498480692604 0.0456693783741428
0.0775716991600439 -0.136588474114046 0.133778030024942 0.121761003872287
0.200264601169531 -0.0245847236455898 0.0402709118038165 0.199898610296841
0.19846391633394 0.153219515362558 -0.0471647103692592 0.212278213863471
0.100291982349023 0.256635729353619 -0.0162970952819545 0.207106563072634
0.040388823012877 0.248699982482387 -0.00905956154770004 0.0833908348474632
0.158428804082529 0.168840847809615 0.0992530925428794 -0.103986341780349
0.184068411610547 0.0270001129273151 -0.0723458254789816 -0.182928135091089
0.111627518311819 -0.116282005064732 -0.22540965526075 -0.0548519087217769
0.0156988629108642 -0.15327969491781 -0.152277769175343 0.127297523627756
-0.0740295808034839 -0.127567327368422 -0.0262416959247433 0.145186201937937
-0.115254498006233 -0.0551575579468551 0.0330046343072803 0.0945025574277828
-0.118105603474204 -0.036767163689122 0.0642387432029283 0.0334417207373671
-0.119188514921501 -0.037371003797556 0.0806785176538836 -0.0147753041189088
-0.117094750969356 -0.111292490613929 0.112974900174236 -0.0454615979550306
-0.0327004652391758 -0.180297975966202 0.150660191377538 -0.0204485927341208
0.0762249937807664 -0.186156575269012 0.1708643757862 0.0632340316588825
0.24065024491782 -0.0553210322398699 0.0905491689277581 0.161893894762638
0.239223009018448 0.169497649940923 -0.0283163000094407 0.178989195274794
0.118511424087175 0.292452850092928 -0.0271319872108185 0.116075368072905
0.000432814163876223 0.275104919136258 -0.0156343138339861 -0.0240405645062007
0.144758862129948 0.236991405882668 0.0966296109297214 -0.146737581201138
0.219653246923597 0.0834137799225077 -0.0283936161614371 -0.215258039473219
0.165474437790325 -0.115417593168745 -0.182954616725803 -0.116571731254343
0.0391657626995308 -0.18192812105423 -0.154138855179389 0.047533264302961
-0.0742329731129588 -0.156536281244862 -0.0718584261329792 0.0871553015748081
-0.132193265509442 -0.0721759308509374 -0.0251280340527567 0.0652451692014186
-0.134672496499767 -0.0433368414140639 0.0131946502844713 0.0164074618144456
-0.130682605824186 -0.038771191795019 0.0285005012709069 -0.0344488871682717
-0.127155601512676 -0.112412175489274 0.0657805973271658 -0.081848811014185
-0.0469013417676008 -0.187976718717847 0.122807707333363 -0.0787968124768299
0.0652973637011744 -0.202923035125204 0.182217409728926 0.00463752020209469
0.243418312857754 -0.0703571003484769 0.118944744306097 0.116231615523571
0.237801200989034 0.16433958330479 -0.0219571421617611 0.144370784759807
0.111870671853777 0.288148231233074 -0.0451202580567581 0.0253089109749726
-0.0352198564873532 0.247033452032015 -0.0101050302842998 -0.14049492284367
0.0943277421539653 0.250231490391893 0.0938857365266436 -0.1916853300812
0.196612721924704 0.121583470559663 0.0184568058478025 -0.230449146033058
0.17722671317237 -0.0843494249029749 -0.119081933011202 -0.161284886912842
0.0541018308534021 -0.170317087773963 -0.135998643949794 -0.0351478615947292
-0.0595823435332237 -0.154455117836884 -0.109921366051767 0.0213685869558492
-0.125214264090298 -0.0757913580625997 -0.0815914229963362 0.0303952148392786
-0.130529254654706 -0.0429383672362664 -0.0387478056031352 -0.00198537546761508
-0.123932807330573 -0.0376321920625101 -0.0232214423484296 -0.051836140746507
-0.117060454313662 -0.102715323906859 0.0191122589505301 -0.108671544855456
-0.0443347046100931 -0.172213892775935 0.0914869874433961 -0.120944108501137
0.0626768225522424 -0.185177334620352 0.177756795655813 -0.038535942903161
0.219589991388034 -0.0538794618950435 0.127714518918384 0.0785546568386477
0.193422249404384 0.154967913693501 -0.0234578360958517 0.112612394322336
0.0760245899843401 0.249643467339821 -0.059099698233244 -0.0547174381356689
-0.0570467750412636 0.169982244427738 -0.000247826594840113 -0.241187693971227
0.0325237874220469 0.198673739214672 0.0900887819406563 -0.226491643924038
0.131233766174822 0.117662150616702 0.0528470284454648 -0.22949798436579
0.141366274996234 -0.0449650391932765 -0.059826717676823 -0.181828119765012
0.0501036600115441 -0.124946131514713 -0.112532183201904 -0.0982962792269553
-0.037613894090719 -0.12084655685787 -0.137311717340782 -0.0346350264892788
-0.0969069262794822 -0.0646453090606623 -0.125989290080709 -0.000715174362369734
-0.106207551915754 -0.0371246814534722 -0.0827122283834437 -0.0183014610792604
-0.101230243579541 -0.0336773590970917 -0.0671754004558568 -0.0675212381630582
-0.0917019766139519 -0.0858959133745505 -0.019269675646901 -0.12819761532375
-0.0297678873862548 -0.139774205515946 0.0676355373153815 -0.150651777924414
0.0648980525159357 -0.143491312895424 0.170909580814358 -0.0644144231552822
0.178709597753987 -0.0163965809863433 0.127336481959854 0.0546013180059232
0.12298041802308 0.143574345401902 -0.0245695928218204 0.0866653319660729
0.020828675336793 0.186725793822431 -0.0598274634240248 -0.116693912366699
-0.0651506465217212 0.0628056374647911 0.0036679373545289 -0.305316980503603
-0.0231743050421269 0.104889661100486 0.0792577290304348 -0.239831486497674
0.0519249500339594 0.0776642087385694 0.065826514892038 -0.224112652056906
0.075505841498546 -0.0106068609567363 -0.0272368590017754 -0.185454241298855
0.0315861738439709 -0.0610913830347709 -0.100531153755743 -0.130156680293599
-0.0119851800584446 -0.0663467322515698 -0.154730603959228 -0.0644619953828387
-0.0522769639964125 -0.0412233485381971 -0.153214871752338 -0.0211268214519326
-0.0648693579354636 -0.0271436438973505 -0.11300328327376 -0.0305929040547374
-0.0649946881166716 -0.0277541900338751 -0.0972378953209869 -0.0824817091735755
-0.057594973738851 -0.0617270416171015 -0.0440499344574721 -0.145061936740054
-0.0122288276591661 -0.0954991743131641 0.0580094019849642 -0.173829762045632
0.0641055788887809 -0.0908197115569969 0.169803134833737 -0.0763956343143192
0.123831491483153 0.0227707400000799 0.12738063383163 0.0455428657929291
0.0428370410199603 0.117836806117752 -0.0215547254178909 0.0683587535924366
-0.0376242739929583 0.103925208773558 -0.0446270434557252 -0.154704668170863
0.0648753339606662 -0.00781895864963231 0.0695743395943003 0.19529777545182
9.12039322061732E-05 -0.0625875153851319 0.0881775135769417 -0.0741848338163509
-0.0487741179541414 -0.0267566877540712 -0.133752557977558 -0.0857050630234711
-0.0327703815013311 0.0349073590544129 -0.206818164451185 0.0800008668064282
0.00658083386108204 0.0322215372399107 -0.0806557445407017 0.218964188347156
0.0152569002734312 0.0173734443876534 0.0763982299944274 0.187611155643227
0.0225534718504531 0.0111234363755588 0.135967533672325 0.0985308971697945
0.0115733522555421 0.00612595652766321 0.146160096375087 0.0414452407937609
0.00219780044700342 0.0144763442643807 0.165948048587579 0.0175018216280685
-0.0163289878182917 0.0108522931538115 0.172303440617565 0.0558200157482285
-0.0149051073156315 -0.00608489288509104 0.135480938132022 0.125229926118071
-0.0123927855178206 -0.0207224023457475 0.0447381906869565 0.180317125391445
0.031951778619584 -0.0393111008117899 -0.0482473131158026 0.233742463445583
0.0725564680783326 -0.00995562524674355 -0.0933751195792839 0.263356324179579
0.063440521061083 0.0581613712463813 -0.0101870155504431 0.331431997363145
0.084095437834618 0.087294804829134 0.0448402958988838 0.197750441194708
0.0728951661870477 -0.00794072895439499 0.0933277547160185 -0.0696192213042347
0.0237340764005907 -0.0373035588978386 -0.125762488480008 -0.106537369343074
-0.0063126226539883 -0.026382256023314 -0.226369341070431 0.0580790177108673
-0.00483608744983156 -0.0293536111972976 -0.100979667971529 0.217349046192495
-0.0255412847311162 -0.0261803102124501 0.0595105162812872 0.193982582514951
-0.0300304031112477 -0.00569637083999456 0.125252775136033 0.108406202142357
-0.0407167923351331 -0.00797435358245108 0.138499891509107 0.0435488106236176
-0.0497347354045817 -0.00880368268247398 0.156554028328756 0.00958098087220089
-0.0564663369346901 -0.0487648869148768 0.171266005043452 0.0303367927789172
-0.00778667070395429 -0.083539334542364 0.155932989642314 0.095277308296046
0.0463804056567656 -0.0765166614584092 0.0877103259142549 0.160229990591695
0.125373876809775 -0.0175093169811708 -0.00817411641502235 0.226351114228806
0.139542368148404 0.0903258253076292 -0.0664357050497305 0.243403319823319
0.0843155455490014 0.176263451862262 -0.00453088650263495 0.286002985307969
0.0790618471907816 0.18048922202447 0.0176346835493391 0.161268072530694
0.134761394558551 0.0721545138213949 0.0972249791582506 -0.0824090893434186
0.109445024525287 -0.0227439976991636 -0.109843843748599 -0.14230018150492
0.0428771343191685 -0.0844897926331751 -0.23953307845368 0.0156325794924694
-0.00563277933889999 -0.0968579512536944 -0.127316769047857 0.191708146545628
-0.0606793894963968 -0.0769060891598941 0.025903884069605 0.183530176495103
-0.0798645494502992 -0.0263328775816419 0.0909863265389038 0.108575238332054
-0.0867742255964237 -0.0211226544872704 0.110892049935738 0.0391624166096482
-0.0934817846753184 -0.0238964014331771 0.127220841723723 -0.00528378391622643
-0.0966048490114332 -0.0885984741620711 0.150636601885225 -0.0109218018203545
-0.0215632823714577 -0.145769981176369 0.165869117088606 0.0378381048157705
0.0708835257917976 -0.141874581329677 0.139563180954132 0.117039124501195
0.201485816648784 -0.0352311624137754 0.0485139583339908 0.203055378916213
0.208292681390943 0.145601047405929 -0.0389213963027984 0.216476820747239
0.111655857966684 0.257508960978432 -0.00641005609988068 0.210247640546581
0.0524114430545273 0.251630466162895 -0.00435274406841607 0.084443276735707
0.169111918476079 0.163290410297236 0.0967722375433367 -0.11157568752772
0.187911541849206 0.0188617630590853 -0.0797443430519593 -0.183652605928284
0.107209027911108 -0.12252515777994 -0.231915273926941 -0.0451503213349802
0.00770123622264464 -0.156253888515966 -0.148450124176488 0.135929256971415
-0.082218434131079 -0.124754286699382 -0.0197101546000877 0.149299787447424
-0.118228467778881 -0.0483815573677822 0.039623875187279 0.0949947161731755
-0.121197367724249 -0.0304330862904569 0.0666986696788005 0.0299838831629301
-0.121994146402237 -0.030392350202371 0.082317963870659 -0.0218128182068782
-0.125111165310908 -0.10612676273425 0.11150432330017 -0.0534634496925985
-0.0442244443205923 -0.180818185287608 0.153634827671881 -0.0288895070235446
0.0666099723215791 -0.191281425432626 0.174700901661217 0.0552437336447019
0.240487243561362 -0.0688993525668985 0.0976198113955323 0.161162024933913
0.250989107651736 0.158478021007081 -0.0216024143743257 0.182325787778635
0.131221463579486 0.293203401013922 -0.0215226000597788 0.119255757439566
0.0135898334704567 0.28057906667363 -0.0169716789657345 -0.0244496145191777
0.15850590971951 0.232459996086427 0.091749622844083 -0.154415660748578
0.226199764455864 0.0739493167003747 -0.0356933185289718 -0.218053145472335
0.161428666344635 -0.12493638017308 -0.190321044831666 -0.110131523112936
0.029661452284053 -0.186229697266521 -0.154423252342033 0.0540570258759947
-0.08418368311001 -0.154477564078394 -0.0690309119280336 0.092696645500965
-0.136689087466101 -0.0641932291443753 -0.021657105443656 0.0691469577418797
-0.13764245950874 -0.0351059496722264 0.0136725249983645 0.0155283605327143
-0.132910883763282 -0.0315120366336826 0.0277012653226883 -0.0376579615952241
-0.13476256683332 -0.106566638662428 0.0618911211579721 -0.0882081696108059
-0.0574391031316826 -0.187414995349555 0.122350936405391 -0.0861206005826471
0.0548122255061683 -0.206841717395401 0.184572523303607 -0.00598002366152751
0.242062001555878 -0.0841425094585408 0.124612564314118 0.11359355285505
0.24893303253963 0.15394132255952 -0.0169000859512814 0.147908857681637
0.124583478082041 0.288120971440387 -0.0444778277772591 0.0282895613217951
-0.0246337781257859 0.253387199047118 -0.017025926501385 -0.142474536740872
0.108105955708864 0.248564493730107 0.0864364302521947 -0.199106741753203
0.205504331395688 0.114094435321716 0.0105817643300649 -0.235305666255697
0.174968463673876 -0.0944437652688566 -0.127369663321137 -0.158753077845998
0.0452138179687111 -0.175178328741466 -0.140573554166633 -0.030836412149401
-0.0698071063874965 -0.153966728141458 -0.110915574860176 0.0280944153689969
-0.129778360083279 -0.0687370687380622 -0.0801862717279963 0.0374895462157726
-0.13416149763573 -0.035369903272279 -0.0393707792666176 0.000369457706965771
-0.126055486300965 -0.0295176531563837 -0.0252032247738845 -0.0528203832650615
-0.123367852034312 -0.0978599870229168 0.0129257280548283 -0.111665285630786
-0.0541806420732695 -0.171111148835996 0.088026036943735 -0.127361634541368
0.0525941225940685 -0.189354768811301 0.177851020873218 -0.0489555136089828
0.219100934014213 -0.066380409962628 0.131341261472399 0.0744539887520557
0.20315204198066 0.147505683966668 -0.0196547732796491 0.115427941238895
0.0863960182759374 0.250110252058843 -0.0618499874590144 -0.0509983588767765
-0.049887510560963 0.176385664395221 -0.0111852292800189 -0.245231016775316
0.0425632847654164 0.199663766134517 0.0811555586747101 -0.231863836068063
0.13876489360998 0.112899635142294 0.0447482451148075 -0.236006493233007
0.140359350040558 -0.0531454084054996 -0.0674359769528131 -0.182894187408304
0.043695808909761 -0.129267039636855 -0.119536938296666 -0.0960240269739444
-0.045216745872792 -0.120411543666162 -0.141396732356082 -0.0272966499818187
-0.100400955057079 -0.0592377987005395 -0.126817984708711 0.00813746155371549
-0.108771513425912 -0.0308824106292848 -0.0840533374719386 -0.013830892618778
-0.103223150517998 -0.028236362463153 -0.0710558711930206 -0.0660138003956642
-0.0979932346429641 -0.0824000036443874 -0.0266112039397806 -0.129369577251749
-0.0375210436985396 -0.138865879745415 0.0628875876161996 -0.156543613289819
0.0573410181070583 -0.147892102063403 0.169977885714875 -0.0745204827482078
0.179546351374476 -0.026260514859881 0.130479943234965 0.0502072269669091
0.130831087631251 0.138822937533686 -0.0216273945469736 0.0901351186591073
0.0283526906633745 0.188479844820345 -0.0662196060404063 -0.113492764733318
-0.062683847617564 0.067340340254919 -0.00978506490289248 -0.310064713539455
-0.0180305522441423 0.107239595563786 0.0699537056076507 -0.245128297042104
0.0559204012227874 0.0758888538187712 0.0577255005070903 -0.230508945284285
0.0749712196367232 -0.0151985535739643 -0.0345578426709288 -0.188891836548714
0.0276555196991977 -0.0639221762427776 -0.10910567277293 -0.129315510769731
-0.0160202649426192 -0.0673024357958793 -0.160884146205892 -0.0565700862377032
-0.0547104334373215 -0.0387847001073225 -0.155253466995981 -0.0103434957905337
-0.0664394086216289 -0.0225017737512664 -0.115623125401038 -0.0246815090553958
-0.0666166527719716 -0.023942204489718 -0.101523093172851 -0.0784929790384256
-0.0616188250201678 -0.0586681015846678 -0.0514031273575831 -0.145047258026143
-0.0173951834320391 -0.096293413936365 0.050658034780839 -0.178335575176588
0.0601120264826366 -0.0943346798186717 0.168266311231378 -0.0863528455090324
0.126475217785426 0.0166983196236897 0.129405788076818 0.0413401135061773
0.0488288057986111 0.117448860658639 -0.0192807685894539 0.0717468413403105
-0.0335975778700481 0.107100123177926 -0.0527188099156914 -0.152949654321644
0.0637540704739424 -0.0112545919003123 0.0802224913523446 0.188003220157842
-0.00371190644004523 -0.0614950764769161 0.0837826272055561 -0.081056440472639
-0.0494667177151583 -0.0244601390298418 -0.136325884217024 -0.0798345515751708
-0.0302914779906987 0.0367892585289899 -0.200367896099275 0.0891867065749036
0.00883283514264499 0.0319621448692855 -0.0678934725027889 0.223014086914421
0.0165668210245428 0.0163554180182408 0.085114346010473 0.180740589875581
0.0225254983860202 0.00855759332997688 0.138363573919306 0.0887448468250934
0.0114576971656866 0.00583753026361729 0.146232254108666 0.031710746461398
0.00348332820182382 0.0142791850212884 0.164388476932377 0.00687719229953585
-0.0150868010875906 0.0118913334516773 0.174704880608961 0.0444355271846255
-0.014774852253885 -0.00544431764372768 0.14169387846591 0.117334165922445
-0.013207259025629 -0.0196734525251608 0.0507532905262896 0.178293389946765
0.0296005134066287 -0.0415917716313732 -0.0374080566907732 0.236105044533078
0.0700001606103327 -0.0131194713329928 -0.0814052584638488 0.263186722918512
0.0668595213030406 0.055794736928854 0.00498568579773453 0.327240934405375
0.0881181778375718 0.0827767433817719 0.0551816253396748 0.192360043226768
0.0715326040403527 -0.0114902013302053 0.0893448312726797 -0.076567262712269
0.0214229139935905 -0.0381485336967046 -0.129162000712661 -0.101074437683939
-0.00745056148875085 -0.0252017920377609 -0.220330065634518 0.0691642879601567
-0.00667416465051689 -0.0282339700578524 -0.0884689857858497 0.221640764290227
-0.0268183682984975 -0.024185761432566 0.0695208631640785 0.188381860284781
-0.029844214278125 -0.00407055779190998 0.129181514275378 0.0993209011665254
-0.0406641977387803 -0.00543563134065222 0.139484124422991 0.0340482073030029
-0.049506850999476 -0.00560418104334621 0.154916219489892 -0.00148801584904419
-0.0586452908301087 -0.0440813097051269 0.171780068669728 0.0189480061005116
-0.0135518964033666 -0.0825981325534729 0.160253014733611 0.0852584374819928
0.0414480670243572 -0.0782487272732928 0.0925259705631137 0.155551991620634
0.12254226349085 -0.0248648623799012 0.00214105330254093 0.226254190590958
0.142000176056011 0.0826099258742641 -0.0553592706454685 0.24317603844264
0.0916424450366512 0.17295208196493 0.00804181534836149 0.282502598434847
0.0873785832457777 0.176020959428686 0.0263462210729384 0.157482572210849
0.137171023103601 0.064205790636164 0.0922636273764422 -0.0887581497028282
0.107565959248974 -0.0281204717052279 -0.114324653819281 -0.137079695624991
0.0379523413729991 -0.0851325388612946 -0.236599924182213 0.0289810993627957
-0.0115524468680771 -0.0956716140788186 -0.115852360668015 0.196185715060088
-0.0647277617135511 -0.0718391351833345 0.0353703624019748 0.180396191165598
-0.0798311848718517 -0.0212449195559341 0.0961147708512611 0.101799158395487
-0.0867970970070574 -0.0153835174431102 0.111206791286252 0.0322833209066973
-0.0925199541081749 -0.0180327378264839 0.125512006619836 -0.0143452331062269
-0.100801983641184 -0.0809159108869557 0.148455930382477 -0.0207321572906958
-0.0306657377048067 -0.142544240922363 0.168200905061145 0.02726541487148
0.0622932312396818 -0.143347991173558 0.142371656809459 0.108872993789646
0.19609599974726 -0.0458552294299967 0.0573315594220487 0.200670735281092
0.213750507794453 0.132441039345772 -0.0291362416054033 0.215279567410002
0.122218801811948 0.250973935059997 0.00290872111632768 0.20833858338195
0.0652110309649993 0.247768089560369 -0.00100470375621536 0.0833473658748778
0.175332353558107 0.15207750247343 0.0898832490762213 -0.117271082226393
0.187832479935958 0.00928800870130778 -0.0853560670700075 -0.180717833146953
0.0992527030841163 -0.126491353032678 -0.231339484877628 -0.0333048793267346
-0.00176630952097514 -0.154442597133259 -0.140136920202682 0.141717218708046
-0.089233076704405 -0.118219978350981 -0.0118042200312066 0.149351815278084
-0.118545174871986 -0.0407883976733483 0.0450821159741957 0.0921630447447133
-0.121337985743627 -0.0226409950618821 0.0672624866046646 0.0253758721386943
-0.120606587256921 -0.02278624942848 0.0795459431635543 -0.0284271314616775
-0.130178167562148 -0.0973702058054482 0.107303676826103 -0.0606372778452684
-0.0548293975332399 -0.176432224899534 0.152166362534432 -0.0371743451948074
0.055295462204747 -0.191363221006675 0.174855804969634 0.0447627323300119
0.234189834153505 -0.0819420685008463 0.103420474220276 0.156926912411823
0.257103446511409 0.144046437103148 -0.0139228570279829 0.182007407500251
0.142335584143988 0.285265684368257 -0.0153461141659811 0.119259754295944
0.0276349984830906 0.278896837118694 -0.0182734801504892 -0.0235986377790556
0.169268533447559 0.221056757149362 0.0841070170708747 -0.158044345910454
0.228725535547276 0.0624150224095435 -0.043588693074532 -0.216191905653504
0.153031144355353 -0.132286785035493 -0.19419529506472 -0.100555625751208
0.0181270709981105 -0.185956968428404 -0.150347488100346 0.0607277837492871
-0.0931408510499554 -0.147679612637041 -0.0643378900606277 0.0962131322012534
-0.137105751156091 -0.0555999926841632 -0.0164305358132619 0.0711143264843331
-0.138105366824643 -0.0258197484527858 0.0143219472959148 0.014261676380618
-0.131423900830634 -0.0228474114991514 0.0257244446492462 -0.0410154606089566
-0.139159140039824 -0.097286397594051 0.0552013048037253 -0.0911245403641428
-0.068478411627765 -0.181858370512071 0.118424492991888 -0.0927231332757861
0.0423738575275621 -0.206982988906162 0.181834462814479 -0.0160794376114304
0.235394968328627 -0.0966784975969975 0.127228841085579 0.107620926582881
0.254392646776325 0.138700109005183 -0.0115614477363811 0.14725299901737
0.135748603158502 0.28090688993694 -0.0419816210081855 0.0311917553724654
-0.0115462933358418 0.253178559552339 -0.0240721554735591 -0.14074620627381
0.119854579736855 0.239724719790426 0.0760854090470342 -0.200798740665045
0.20942325872502 0.102733213960666 0.00147573545479164 -0.234717199357614
0.168077357230324 -0.102649601724141 -0.132930532955771 -0.152550943578811
0.034449379553469 -0.175566874615497 -0.140804504590875 -0.0250115494150636
-0.078788743685296 -0.148108809936043 -0.109525774061204 0.034568593178223
-0.131140552364279 -0.0602839621804946 -0.0756063964926919 0.0429429486031652
-0.133593010063206 -0.0266209004504957 -0.038717704624334 0.00269175102031297
-0.124843119265605 -0.0228232175677739 -0.028085089457403 -0.0518734264367065
-0.127638314679356 -0.0891785648346547 0.00526878427315172 -0.111986876424282
-0.0634835043844471 -0.166095189240737 0.0824746656018632 -0.131648842499698
0.0415311004840687 -0.188091110740639 0.173294503824084 -0.0595021137723699
0.212257938351306 -0.0769319799561662 0.132511518572779 0.0680037818415578
0.208898319845287 0.134929273968625 -0.0152888608489559 0.11629057002006
0.0965604873759526 0.244518808620104 -0.063339305344915 -0.0463672137153909
-0.0406461783993496 0.177992869981551 -0.0236549368231815 -0.241751123139688
0.0533878593540549 0.194713044776106 0.0700151388465178 -0.231896952251831
0.142776402999755 0.10403600480908 0.0349165582696874 -0.237061319261562
0.135141431799692 -0.0596488135474541 -0.0745781946604929 -0.17935655972905
0.0348107712361989 -0.129904649794219 -0.123338137910247 -0.0912066414069529
-0.0523611913369877 -0.11697107481866 -0.142334326666404 -0.0176083163840646
-0.101793074084297 -0.0523522341639842 -0.123012765208517 0.0173428017461637
-0.108334575691305 -0.0238275715871166 -0.0841605620039598 -0.00842649626828732
-0.10225642126753 -0.0217209428180333 -0.0735740868544577 -0.0624070871761088
-0.100404063825175 -0.075093117958736 -0.0336920195939904 -0.127415745238833
-0.0453499906243413 -0.135851678874067 0.0553611621539911 -0.158898257293577
0.0494079931878511 -0.147480858130343 0.163976618279984 -0.0838136310044131
0.17526155806518 -0.0357852676755137 0.130240660162006 0.0445832696607177
0.137010294209664 0.130547443000967 -0.0175667493921157 0.0907353529851029
0.0360411010385562 0.18616338053465 -0.0704213654432973 -0.107136749007805
-0.0587260364258805 0.0702987545439472 -0.0250703505733383 -0.306107160560711
-0.0123384997945406 0.107080676462542 0.0591678206597237 -0.243451125110717
0.0584255870686347 0.0717329211975652 0.0475374612002426 -0.231649049675784
0.0728087482231628 -0.0190785582051315 -0.0423913303713974 -0.187761175881107
0.0228361653773082 -0.0643466816542128 -0.115189838881351 -0.125223393802655
-0.0205358287897589 -0.0658531089299831 -0.16307884482439 -0.0459831222966752
-0.0557806781075917 -0.0350595880045022 -0.15266004906125 0.000510517998990348
-0.0670323710206479 -0.0184741268322509 -0.114928384449195 -0.0179581104642048
-0.0667298626074515 -0.0203578674702516 -0.104466360370782 -0.0720220906458572
-0.0648502541323096 -0.0549143379178459 -0.0585952011696465 -0.140886224223768
-0.0220123348407843 -0.0933941507361084 0.0417017559074547 -0.178407664308408
0.0537400206928041 -0.0959855970328254 0.162398266296746 -0.0938478146218091
0.125302949350808 0.0093979676361826 0.129355585680176 0.0355173570007391
0.0539448381468201 0.114565131228885 -0.0158457462785434 0.0734666913126156
-0.0287200161702714 0.107946557327225 -0.0597791466287802 -0.146404422397062
0.0620303703335847 -0.0134278492024349 0.0855030111681337 0.179077825031085
-0.00598323464131104 -0.0593427919209576 0.0778242868563783 -0.085090075129286
-0.0494475228512579 -0.0219447016262638 -0.135452158119183 -0.0743833420048876
-0.0275065699444694 0.0372291185645591 -0.191431806145873 0.0934831922898495
0.0102501965722492 0.0310554422804244 -0.0573097342866666 0.22065973322236
0.0169577043907267 0.0150242074143213 0.0891057937075323 0.17197572823993
0.0219388079448278 0.00687345891678836 0.137155823977251 0.0796669063387124
0.0109271047603586 0.00508721207548289 0.143225606019776 0.0240630872592755
0.0038271041394322 0.0137350653992286 0.159768862551766 -0.00209607936895847
-0.0141575516676334 0.0126553655241521 0.172770840992552 0.0353432702107678
-0.0149314813774606 -0.00478281386119913 0.142741881508035 0.108691491678272
-0.0135160574215389 -0.0182627022385821 0.0536041184197494 0.173150629818994
0.0264910350835657 -0.0414107185318344 -0.0282220815108946 0.23335489065674
0.0672240407988132 -0.01469778281673 -0.0716171897998484 0.256624392178532
0.0677506314237436 0.0533794768790839 0.0132374873668273 0.317629083071115
0.0887156103641846 0.0780056631264717 0.0611104851968763 0.184318520424637
0.069270569194835 -0.0141455522338665 0.0839824366426847 -0.0811248665087086
0.0195610744607702 -0.037927587179243 -0.128458139330309 -0.095965209065177
-0.00826315582685273 -0.023243888324979 -0.212066607662021 0.0749559820298111
-0.00734785002581655 -0.0266616973092268 -0.0772559071057069 0.219089603803804
-0.0267008753822577 -0.0218987907084669 0.0747898390324144 0.18019055412895
-0.0289393238756771 -0.00323549024634727 0.128453162182978 0.0901549189868
-0.0394329533335913 -0.00350119916566234 0.135727918839755 0.0264961808495729
-0.0478126752096222 -0.00355694647691165 0.149677052797882 -0.00963079883044381
-0.0596855598050313 -0.0404674583754173 0.168860869496781 0.0103875380005114
-0.0169470885146706 -0.0797104800787204 0.160958612106123 0.0768761938318252
0.0377903319042791 -0.0764951172295478 0.0936339328105169 0.14929759233766
0.118421357621291 -0.0287639996595336 0.00911515031763992 0.221911882643189
0.140662434039839 0.0749505696343754 -0.047586977712226 0.236762765908593
0.0955037885487214 0.166265369737941 0.0166239144848873 0.2740967572738
0.0921518025978597 0.16903506773948 0.0309353021694388 0.152285368353448
0.135809486857797 0.0568758509922068 0.0865583672088811 -0.0919289157700746
0.104088126870018 -0.0309142260059042 -0.114602436981255 -0.132735061105091
0.0337016001507507 -0.0832532282104596 -0.229161172185862 0.0359756451104746
-0.0152620385938393 -0.0919662582046605 -0.105339832133078 0.195893728644613
-0.0657769547743507 -0.0661594809389515 0.0406063535622737 0.174462829748851
-0.0776573627899887 -0.0180667798975878 0.0976657076951589 0.094234761766913
-0.0849512712893865 -0.0110712489963149 0.108823980385269 0.0261776650009764
-0.0895894326703414 -0.012762324384364 0.120781488705862 -0.0216103951076031
-0.101481644056496 -0.0741884410761285 0.143578938700446 -0.0271440577463234
-0.035837971226858 -0.137942600021616 0.16622684271913 0.0195866388825997
0.0550599336119654 -0.140537405597532 0.140622419883696 0.101130645988626
0.189483087988131 -0.0522254533210188 0.0612512185567846 0.195482322809917
0.212285723943133 0.121387080876055 -0.0228855857286852 0.209400635595339
0.127415481186665 0.242995668880055 0.00963849509477797 0.201899762663542
0.0729212885212216 0.241187378425611 0.00198821075662434 0.0803658610989053
0.176363274717529 0.140882359705738 0.0841542456638518 -0.118620104520655
0.183724915215792 0.0023443731729587 -0.0871673288564804 -0.175422135171875
0.091695178297519 -0.12628494972124 -0.22637951983107 -0.0235477049868966
-0.00855425330201662 -0.149665993994092 -0.131357845204091 0.142597184434185
-0.0920925667726796 -0.110396914014275 -0.00607679356517455 0.146386405489935
-0.115722517898514 -0.0350358085046355 0.0481430974809401 0.0877240762550285
-0.118119054570907 -0.0167389593098998 0.0660710447382859 0.0210078219332155
-0.116280109422442 -0.0167272499991374 0.0759598128238815 -0.0335069758330127
-0.130810617405441 -0.0887472431725472 0.101070385367917 -0.0638991008560168
-0.0611493047818386 -0.168593774632663 0.148207088424994 -0.0435841816233545
0.0459520838038648 -0.187751006212637 0.170381493122993 0.0370706807970999
0.22434956312022 -0.0884325750676431 0.105017849904506 0.151352572471353
0.255970354408362 0.13013706338985 -0.00910294065648089 0.177336809357856
0.147664463922105 0.276215099103536 -0.011154285445839 0.116667491617703
0.037696336723038 0.271882519469626 -0.0192539341444437 -0.0227514213640542
0.173184848531334 0.208588815494973 0.0762480318130316 -0.157462209171954
0.225254643994313 0.0527164322743888 -0.0475259283661025 -0.211489487864837
0.143189528815265 -0.133343953556076 -0.191897025373769 -0.0923913541250634
0.00966273921439598 -0.181126015493569 -0.144258463659654 0.0633732277955479
-0.0977028512772874 -0.139253930677598 -0.0596083668125905 0.0966259225719676
-0.134213429839096 -0.0481101544053452 -0.0115652587355398 0.0704359882592912
-0.134914884597675 -0.0190157751655405 0.0141683994260341 0.0134778235325812
-0.126906287888996 -0.0174710439317803 0.0225760932747904 -0.0433185604706335
-0.138962438669309 -0.0887710966433848 0.0499903003314062 -0.0915579037046729
-0.0738446021793163 -0.173409116611267 0.113332097008499 -0.0967380667935002
0.0331249709280724 -0.201280364796624 0.174151791153062 -0.02300617555364
0.224426933569037 -0.103926895199687 0.126742188548116 0.102523900876476
0.253327293645299 0.125350832431964 -0.0078818677441513 0.14398680511092
0.140581209914958 0.269856961557547 -0.0399477916106347 0.0320715841372691
-0.00187626792957111 0.248697494682737 -0.0289290162158646 -0.136563480636199
0.125717539835511 0.227417034822561 0.067984413488289 -0.197359518305525
0.207210596170716 0.0925624438332535 -0.00462686008405936 -0.230113211922081
0.159447383034354 -0.106109986636187 -0.133414432063428 -0.144935894350485
0.0254604789413453 -0.171808441982513 -0.138746316286411 -0.0206904659295267
-0.0836186467614955 -0.140433664053138 -0.105933643714915 0.0385255261290042
-0.128427505473141 -0.0527415881001026 -0.0699585009831326 0.0464189449537691
-0.130241600971074 -0.0194415962403461 -0.037432126717681 0.00424191902503901
-0.120700764655536 -0.0169575281639614 -0.0296495998383737 -0.0508713930778952
-0.127517589413875 -0.0813375959506531 0.000917461131940683 -0.109661393926554
-0.068838790405642 -0.158653887747283 0.076362369540359 -0.132597201700355
0.0328008746417627 -0.182782992119421 0.165327792365772 -0.0647270372820316
0.203019260792194 -0.0828416858859586 0.129880734944171 0.0637932462124922
0.208690949609325 0.123968150778592 -0.0122642129881516 0.114872984522178
0.101403224559764 0.236269240021427 -0.0632014774587862 -0.0415039755169568
-0.0330551450289133 0.176009482236127 -0.0314866689003043 -0.235464478825983
0.0579759786202199 0.186734045957737 0.0614755650024849 -0.226453630002953
0.142844528770033 0.0962534855165138 0.0282113665520809 -0.232960018495888
0.129069311140284 -0.0635933219962252 -0.0776045109695173 -0.173224204391744
0.0279137018966436 -0.126676287939527 -0.124430383738922 -0.0868603628283502
-0.0573491471345535 -0.111673217695525 -0.140165740855068 -0.0111130721656777
-0.100303690481176 -0.0470525344691173 -0.117878462369008 0.0231754970639887
-0.106018481290081 -0.0176262255123066 -0.0817167745797151 -0.00437995884531551
-0.0994500527397944 -0.0173719291012253 -0.0737567086161351 -0.0586970603409885
-0.100563857754512 -0.0694520289106006 -0.0377602380583679 -0.122327449322063
-0.0492929832313114 -0.129081770324851 0.049369913661297 -0.157053091445159
0.04175318496154 -0.144172181959533 0.156812306762752 -0.0885803730150234
0.168832530536009 -0.0414885807337263 0.126794050634938 0.0403382040633419
0.137838113946311 0.122659928404874 -0.0147601405278712 0.0899977918837415
0.0406809411936961 0.180956364112868 -0.0712163861461282 -0.100144800743505
-0.0545565344299983 0.0706622073291794 -0.0347063524822612 -0.297989057252139
-0.00859588353697126 0.103945947383561 0.050251545376073 -0.237530481011356
0.0595592248718373 0.0672234776451656 0.0399795135420863 -0.227895334805792
0.0693161754897843 -0.0216350346822519 -0.0459919421965839 -0.182976703118917
0.0194565624417149 -0.0625236955404553 -0.117373673222485 -0.119935215875237
-0.0234970274996924 -0.0630396707376375 -0.160806170143096 -0.0371920580272907
-0.0551724653277589 -0.0321715901456259 -0.146995405994158 0.00762258711932924
-0.0662940419081857 -0.0142823310749428 -0.111865993442472 -0.0124434649390924
-0.0653771844080706 -0.0168115017341223 -0.104418529732757 -0.0661820262073282
-0.0648565548125324 -0.0508072334409074 -0.0617105878726482 -0.135057584103111
-0.0246818646029679 -0.0901406945822041 0.0347351048593398 -0.176421536158879
0.0491178518463339 -0.0945513770235032 0.154361956345662 -0.0985982046263809
0.121751112504143 0.00388163266911463 0.126088979866531 0.0315043228581508
0.0563180697208534 0.109893669223927 -0.0131229821248302 0.072834991416806
-0.0249386158328405 0.106342203770286 -0.0629151327484356 -0.138471225661782
0.0624942366923195 0.0162576075417225 0.00227227715693515 0.187943036856718
0.0202147601359686 -0.0542943086285546 0.101092899078243 -0.0479069319368916
-0.0352681148435675 -0.0404623969349144 -0.0919712300518214 -0.121442449302954
-0.0388242402684352 0.0211506141007127 -0.20895825004055 0.00853678341895617
-0.00277017497950546 0.0302215371738224 -0.139659138605346 0.174577861857201
0.00879229653814045 0.0195417045151226 0.0100966326598616 0.189204800308384
0.0159737564084558 0.0138167095445 0.0890844033928733 0.124091658092466
0.00791024360943531 0.00886169066286527 0.117004368851779 0.0775552618229558
-0.00125363948192952 0.0118545013004729 0.142017088234276 0.0602732338978667
-0.0163894565003979 0.0043087615489235 0.141730302523718 0.100025626086621
-0.00983146703140391 -0.0109568030068034 0.0819377906004808 0.154312389477462
-0.00300908391329503 -0.0207489707660524 -0.0257173402197916 0.177811488592679
0.0423773629642162 -0.026238003282111 -0.119439169013746 0.195515866728705
0.0669136030000405 0.0155674560317893 -0.165262616121785 0.202316945127924
0.0445645612546566 0.07936839095636 -0.122310780197638 0.291019479884853
0.0459120201623502 0.111783702865414 -0.0128530838758844 0.178513902231697
0.0664832077669892 0.017471775083698 0.107999256017936 -0.0451264830795775
0.0329005766901058 -0.0252879817391339 -0.0763149890959955 -0.142388363657704
0.00362695153614519 -0.0229511597526193 -0.223980427959512 -0.0178661709861081
0.00573176704274066 -0.0278398070475227 -0.159209926466284 0.164325465285887
-0.0150699445261457 -0.030261038032591 -0.00832114965410426 0.191283846652599
-0.024159295099157 -0.0149063116359867 0.0780029050232423 0.131180789987736
-0.0337423494055705 -0.0184735374835469 0.109806203137143 0.0769509398924352
-0.0401468060541705 -0.0218653322766336 0.137081753835411 0.0480845436434549
-0.0380137206233546 -0.0595529217195172 0.147953864691614 0.0745017766116452
0.016851440777527 -0.0793773158677755 0.112188056721562 0.132549404655977
0.0651135686305401 -0.0540132451706902 0.0205118908315198 0.171904799204288
0.121693364369346 0.0192683087310357 -0.0816331066026925 0.202805590596062
0.100246544140845 0.123302740214357 -0.138829240694461 0.198526572293414
0.0276266620531647 0.192921430383971 -0.1066828157685 0.252641684529669
0.00806725118888016 0.196320050071157 -0.0175846928945061 0.134737789293997
0.0943219034015709 0.107827667371948 0.119725078898973 -0.0562137080353904
0.10527841376899 0.0157878826375525 -0.0468268467918827 -0.175019147899093
0.0648352055672405 -0.057559577137209 -0.226092786058593 -0.0646047883257542
0.0257132214959244 -0.0876839857484315 -0.179117266716715 0.13150518673285
-0.0315296224180064 -0.0851404985075108 -0.0382079825662033 0.172382090077496
-0.0603771070078242 -0.0470904697981239 0.0485072632997836 0.123700157213687
-0.0711001573253544 -0.0426925069422628 0.0864335950195173 0.0657908618812785
-0.0734315670789851 -0.0472805122282142 0.115504560942362 0.0252415721553997
-0.0625807501299061 -0.105840608237182 0.141086560724579 0.0299211834797667
0.0203014826530183 -0.139207670441262 0.140773302691838 0.0827141217013102
0.104602309233226 -0.105279976171746 0.0845499046040949 0.147272100522678
0.195676451080919 0.0240894860759199 -0.0239224520976256 0.201414612796215
0.14860153154173 0.190411127238073 -0.107416974874774 0.188063346031633
0.0279544460384916 0.273535335556033 -0.0874481675347322 0.185604859729586
-0.0414889675306985 0.252614048343883 -0.00698357009362596 0.0599098059742024
0.0939362023236319 0.198936386419634 0.132721695282591 -0.081928006496312
0.162025660512039 0.0791618747025827 -0.000897934413101151 -0.207324117878755
0.133134731361875 -0.0698965266779084 -0.199563790223811 -0.121825165315264
0.0557343018298758 -0.135866335323602 -0.183809159469409 0.0717067858840985
-0.0369140694106525 -0.1347152393257 -0.0711946721714855 0.127671413646528
-0.0865692291189448 -0.0768288565599538 0.0064875393279688 0.098060445801583
-0.0987498192769223 -0.06026294953076 0.0497419620262898 0.0444458051277305
-0.0963114595853068 -0.0606426497106848 0.07999440866762 -0.00371570840195857
-0.0835015270353554 -0.12941829307806 0.117364713903512 -0.0206311803748711
0.00905593695172343 -0.176471192611779 0.151329627046578 0.0185187112925533
0.114307086473085 -0.151208382775665 0.137879995271442 0.101021612711736
0.241377848199573 0.00242276294337648 0.0335495912937341 0.180616099973009
0.184466903572169 0.213647898378499 -0.0831664959179877 0.168152155183584
0.0336821281371359 0.309782966331868 -0.0730130401553106 0.10185343761717
-0.0879045605466624 0.26478219727953 0.0204166030038011 -0.0382396830170246
0.0615928652066744 0.256290794019158 0.145445008993823 -0.117160398516568
0.177794580226257 0.140850618765451 0.0534242266195699 -0.225286271268436
0.181203901681138 -0.0549071322447374 -0.140608168186148 -0.172432498053485
0.0847338470056851 -0.155103923984441 -0.163623795034593 -0.00636363209352977
-0.030306476299282 -0.162339084493318 -0.0994694468426742 0.0618250523259977
-0.0974626142767884 -0.0959109292234656 -0.040383384125135 0.0594907977488805
-0.112312922558489 -0.0689311331908016 0.00784260622184143 0.0177349086505947
-0.105130114416708 -0.0644794564503463 0.0376084546409541 -0.0331593286057947
-0.0910018919126581 -0.132423432441862 0.0822892396707586 -0.0660631776498311
-0.00189515252472192 -0.186197098163839 0.141060768752535 -0.0420948163751698
0.107861808812673 -0.16844963687716 0.167370991634476 0.048438280004353
0.246530571962799 -0.0123283043389713 0.072316554156407 0.145605296777147
0.18354996813623 0.20841892150574 -0.0682942656726279 0.139382377419675
0.0279259378178863 0.300355393814987 -0.0637370646537574 0.0151478002237467
-0.113054453981713 0.226135228040831 0.0566300255439203 -0.138805255599862
0.0116227815175067 0.25311464691004 0.155333279097016 -0.153427020149304
0.145219496417366 0.169025799652751 0.101825632187365 -0.222669715590536
0.183058805790803 -0.0242444363122493 -0.0640667889054108 -0.197797117365967
0.0942494928984994 -0.138998623805447 -0.122952025744345 -0.081099831909626
-0.0173296398287218 -0.156956434095518 -0.1174465550468 -0.00924441869957159
-0.0909081880920392 -0.0977133431619811 -0.0831784230762058 0.0143799428087133
-0.108729855666984 -0.0676685695473378 -0.034881330182618 -0.0105642822779302
-0.0999297456685189 -0.0622016462477217 -0.00601212166547526 -0.0603879746449386
-0.0837319009779369 -0.12085381196404 0.0453148150898792 -0.100766085402391
-0.00298119612069331 -0.169954514905427 0.123156056313878 -0.0887682204648458
0.0992978070191009 -0.151897437099439 0.176364359885636 0.00775600763583198
0.218619159550265 -0.00199226736029207 0.0900583537064285 0.1128893463619
0.143269015348656 0.189626326964586 -0.0612071440104626 0.108982881318068
0.00427643877151764 0.253382725536154 -0.052545462807866 -0.0611192159317579
-0.108777043962286 0.145123089677224 0.0877458244112252 -0.22358382558162
-0.0302044139867294 0.188504858267558 0.159392433729556 -0.178001403900892
0.0853362298716882 0.144792159271431 0.131086099435341 -0.206395953088922
0.138068950582656 0.000539374963227049 0.000587880017805266 -0.197941235445675
0.0779073667065611 -0.0981106055973997 -0.0813175986263913 -0.133665823768185
-0.00508960805062083 -0.120964737900176 -0.126544687972026 -0.0674718296519307
-0.0687904695043602 -0.0816037335066183 -0.115811485407491 -0.0251912500211258
-0.0878477271861518 -0.0566144075910355 -0.0711717961697481 -0.0358734827311344
-0.0827310558827048 -0.0542585253082123 -0.042321126941005 -0.0835091250725715
-0.0648696649826607 -0.0998658222856365 0.016661529136337 -0.126520429706897
0.00385572078732049 -0.136037165360591 0.108508628800892 -0.121018516972479
0.0922348685680203 -0.114595560906156 0.176579330199189 -0.0162952760997157
0.171299723927864 0.0235202476136055 0.0959667858201249 0.0913402266567033
0.0802156100067378 0.163075951502287 -0.0545799744680034 0.0836932841690884
-0.0314401468033093 0.179766443248451 -0.0328069066119428 -0.118369364929058
-0.0815135815953248 0.0397771648030964 0.0999624350066364 -0.275449276440965
-0.0531884510746249 0.0879038922855275 0.149955475696035 -0.18805833762509
0.0234421860546996 0.0835625297390234 0.136619287988484 -0.190846661056295
0.0683339574409836 0.011555549764697 0.0350470570512698 -0.190324957734431
0.0428487137255958 -0.0453328562127729 -0.0585584640319661 -0.159057286904367
0.00487526797740658 -0.0655531602237573 -0.131617559281086 -0.0983859115893649
-0.0353559925128817 -0.050765704374038 -0.135638486225244 -0.0506662231815765
-0.0530247515125233 -0.0379504998817196 -0.0941644265137013 -0.0544111159413592
-0.0524845354499025 -0.0401631745174454 -0.0655031861012193 -0.101731965543639
-0.0400198289147864 -0.0698003673274875 -0.000188549375447866 -0.146318234586457
0.0106279888719771 -0.0917126013670429 0.102939491684774 -0.142507164158356
0.0801797044655647 -0.0676781456249695 0.178743958400843 -0.0252769173314158
0.111327180384355 0.0478635806390624 0.0981550551247464 0.0825648366413061
0.0110267992447783 0.122246902517536 -0.0458788444864524 0.0652335031456353
-0.0633765546152818 0.0865965277628029 -0.0045667988599896 -0.151717642901189
0.0627583071150108 0.015259930321861 0.00585067498907644 0.185815929710268
0.0191246236891857 -0.0542265361754721 0.0987868304953058 -0.0516395600740225
-0.0359400747171081 -0.0403868032162522 -0.0930487312640981 -0.12045199669936
-0.0376448523501055 0.0218333580554891 -0.20725016718275 0.0112219941666577
-0.00159520859320865 0.030355761578578 -0.134577149687392 0.177020420946585
0.00907991381682949 0.0190947292782953 0.0141587729021945 0.187284302243149
0.015529839246422 0.0129887691392227 0.0893300055167643 0.119555877828861
0.00813360334820877 0.00837096076868327 0.117701104554754 0.0729723372983636
-0.000646927885164625 0.0118660483351814 0.14225631333568 0.0554482274030209
-0.0156623682382673 0.00456507722753608 0.144118142602051 0.0951068237814112
-0.00972169952811022 -0.0105999543495455 0.0853101309133058 0.152235071872374
-0.00271044398465249 -0.0200761831170173 -0.0254465290281487 0.17871782257414
0.0411244644311781 -0.0273037406362637 -0.116977222444809 0.196963144960071
0.0659734572320118 0.0147268261557499 -0.163203995430242 0.200786653793954
0.0461343849215844 0.0795706015244596 -0.118747413923273 0.290857796248161
0.0477426410119378 0.110715017216767 -0.00998457728831887 0.17619709960195
0.06635058915244 0.0158394682983095 0.106413396499602 -0.0488767386119453
0.0321908757436941 -0.0257246193984597 -0.077148807082673 -0.142775487673224
0.00273392658525229 -0.0221046225364908 -0.22164945317829 -0.0154881204956318
0.00538148522282092 -0.0276541128520687 -0.155522837831756 0.166832882269738
-0.0157146233624644 -0.0294390960640584 -0.00459935613646211 0.189840441001269
-0.0244748410792638 -0.0150313153727181 0.0792778096592493 0.127321935562132
-0.034084370560628 -0.0173836317523158 0.110095398795158 0.0730840781294641
-0.039985542506475 -0.0207619650374693 0.136746546061876 0.0430090534070791
-0.0386522204464378 -0.0583488822944584 0.149485724790545 0.070192879421558
0.0148507729782297 -0.0798885911166498 0.114573104028171 0.129200671421457
0.0638118239425862 -0.0540953158439013 0.0206256376710027 0.17197063828906
0.120847026928512 0.0170981312574425 -0.0791506576903722 0.2041555685511
0.10102545016631 0.121175045648609 -0.136218337963067 0.197391099364878
0.0299902436145965 0.19345464158819 -0.104136986663235 0.251548640988133
0.0113862992056971 0.195896634653074 -0.0156285770314078 0.134159072076993
0.0957822767288218 0.104835442748715 0.117909415743982 -0.0596223483254438
0.105048988209388 0.0141541750020004 -0.0477858887681652 -0.175904668541498
0.0630263579641128 -0.0576988914458059 -0.22433806668137 -0.0605060989544723
0.023372803395405 -0.0876836563989941 -0.175339039413738 0.133799151065218
-0.0335468681827416 -0.0835870850544553 -0.0344146787813926 0.171711034806908
-0.0611890875285719 -0.0452884026409997 0.0505588408644154 0.120315162637302
-0.0712694023768264 -0.0404742040567811 0.0869539343906018 0.0624345750642326
-0.0732354181068134 -0.0449041148500387 0.114609680434536 0.020452396422787
-0.0643826463869099 -0.103102622135055 0.14148214776738 0.0258379622866694
0.0168287544185089 -0.139774973294791 0.1429154345958 0.0792308917123312
0.10195130789712 -0.105392739942506 0.0837557481689515 0.145744691438142
0.194923575287001 0.019331471091978 -0.02238197665903 0.202150315032195
0.150897759146983 0.187285092437088 -0.106374936590408 0.187742296836379
0.0305793788834197 0.274566357065029 -0.0848341634295843 0.185418898965755
-0.0369106282526728 0.252882143448731 -0.0065119894670687 0.0589143153717839
0.0968374985445824 0.194824922552029 0.131003885005676 -0.0837917691669302
0.162890656386297 0.0761037958689729 -0.00206461422878483 -0.20853130125158
0.131377003176041 -0.0715451291279803 -0.199677300117127 -0.118691717322012
0.0525002323177121 -0.135879182608865 -0.180861229872815 0.0733702307412522
-0.0399918050626268 -0.132270793269868 -0.0685309252508604 0.12847384787617
-0.0873687244769133 -0.0746267208762081 0.00915767275588297 0.0967947928996137
-0.0992856063354287 -0.0571218447568207 0.0499152479543897 0.0429521220099843
-0.095637870542027 -0.0583874650935336 0.0790469519451818 -0.00746685560972462
-0.0856330921510656 -0.126329323165081 0.117016467142857 -0.0238638019210727
0.0042543369402549 -0.176564344763131 0.151584448331565 0.0150257606790977
0.110391599777875 -0.151450173500021 0.136794188062914 0.0981285157424956
0.23974785517252 -0.00181078789425887 0.0335541078227852 0.180217437166557
0.187324638727823 0.210186760491905 -0.0823131128837214 0.167372619638327
0.0370645859927819 0.309686755889105 -0.0723367469630026 0.102278184937434
-0.0830784492173017 0.265197214554703 0.0191074502515666 -0.0381607549869044
0.0654670866084171 0.252953074129088 0.143251887619073 -0.118598634933467
0.1795840438149 0.13793337788122 0.0525801421883228 -0.226858318061065
0.179608493964555 -0.0570748116298785 -0.141210454520421 -0.169758014127601
0.0805859747816316 -0.15597012422182 -0.162468665240605 -0.00542439441558145
-0.034617392598644 -0.159868806242664 -0.0974633065214097 0.0636820127006793
-0.0986106363047587 -0.0932656758374037 -0.0381862140842166 0.0600570591530075
-0.112268885871055 -0.0653547482073335 0.00696410405158343 0.0175531410102889
-0.104886986510294 -0.0623034204344112 0.0362458871792639 -0.0353229733363883
-0.0933052858537113 -0.12941584224989 0.0802630245975143 -0.067368697427198
-0.00612105000783688 -0.185155058157158 0.140543278427399 -0.0456723202902915
0.10359113150518 -0.168227918796384 0.165449652970427 0.0445296528820277
0.244354826124562 -0.0171896624665119 0.0721542852081025 0.145779678823008
0.186358620610509 0.203894291751887 -0.0683948310664986 0.139649495625537
0.030851482439416 0.300055584222743 -0.0635229754980642 0.0164679027257027
-0.10851571412016 0.226924280841833 0.0532528778348316 -0.138392848178358
0.0154686907496229 0.250862232493358 0.153051669034371 -0.153026157578589
0.146807974937751 0.165638860836303 0.100671489686579 -0.224261840788432
0.180481255533168 -0.026965684993587 -0.0647672230497736 -0.196466723126497
0.0908555384228441 -0.140202549752104 -0.123764780466996 -0.0804191880860989
-0.0214383168162694 -0.155204733923541 -0.117630231705093 -0.00635333743840721
-0.0914837250612023 -0.0953071162672541 -0.0810722031546974 0.0165267266321321
-0.10867960766003 -0.0640624459922964 -0.0348014303068149 -0.00938098934967322
-0.099747922944103 -0.0587530326947139 -0.00809068464699405 -0.0610548078813301
-0.0856558085832664 -0.118569693636054 0.0434173914842098 -0.101178934899618
-0.00679785176890785 -0.168106014003459 0.121869181505212 -0.0918901678362844
0.0958540939924622 -0.1521545591658 0.173900091322938 0.00381496691582601
0.217461007867834 -0.00610334200099402 0.0896781693049926 0.112908513950402
0.14533708442789 0.186248484251583 -0.0611154238033358 0.110820941672854
0.00665534570448831 0.253242072693321 -0.0532206685506579 -0.0592991661089008
-0.106095444236498 0.146683712706896 0.0840671259755289 -0.222879351370673
-0.0274293286493521 0.187783023334031 0.156642436014483 -0.177392645756209
0.0869734577880368 0.142733252253812 0.13006935134536 -0.207319200105801
0.13647630253694 -0.00223692965023254 -0.000857221238518966 -0.198267693519631
0.0751191997498779 -0.0987660293203849 -0.0825324649006795 -0.13420732054309
-0.00890484274155471 -0.119746582294494 -0.12758116469531 -0.06402125369913
-0.0696011363267812 -0.0793821463527036 -0.114619749497268 -0.0216234812182974
-0.0876872853942939 -0.053559367790929 -0.0709547768394433 -0.033487184970115
-0.0818591599246944 -0.0516520457001735 -0.0435509563701384 -0.0827403793790914
-0.0663198088189307 -0.0977306980111577 0.0138031115904823 -0.126680087250941
0.000644697522325161 -0.135070897161274 0.107252946335773 -0.123278399311356
0.0901090911214694 -0.11462281614161 0.175160940973232 -0.0198233046630186
0.170494209260743 0.0195424470694074 0.0948618848466458 0.0907682092491315
0.0821741460864843 0.161285232558999 -0.0542670224472074 0.0848266336565165
-0.0295448479720819 0.179992716756417 -0.034293767438727 -0.116816724298703
-0.0803647476859815 0.0415274086572387 0.0962137377153866 -0.274705977130123
-0.0513311198759055 0.0878451500359345 0.147579215879432 -0.186852725105791
0.024347459888222 0.082456574283047 0.134025935202815 -0.191190462101689
0.0666879410139718 0.0102121940122633 0.0332969663925224 -0.191055163499458
0.0413593718916343 -0.0449822818189551 -0.0609244010799327 -0.160096027453079
0.00279631914266943 -0.0648759766664502 -0.133383256177219 -0.094716356342028
-0.036164279475339 -0.0496729142384892 -0.135197224507152 -0.0468125345600751
-0.0534522463329626 -0.0361972111496397 -0.0936854842537804 -0.051685784365493
-0.052705449881104 -0.0382112006346261 -0.0677532249316444 -0.0993450048792946
-0.0417494403428615 -0.0682920723840836 -0.00230293991306401 -0.145444052830369
0.00863988534593809 -0.0906025220437502 0.101995887835251 -0.144627228124616
0.0784677234961711 -0.0683152899052197 0.177773828375971 -0.0285368091718547
0.110866920737609 0.0451418049080561 0.0971264517453296 0.0815529424760324
0.0132626444948105 0.122086381165682 -0.0456007884078332 0.0671176628847392
-0.0622791978546233 0.0872802210579647 -0.00666804623230638 -0.148667666722101
0.0640534554062567 0.0136238103651674 0.0120026035043636 0.185730301799112
0.0171972898056418 -0.0548031615032755 0.0962618902400864 -0.0562921882939477
-0.0373017656554923 -0.0393495385084286 -0.0973415558638322 -0.119720186185499
-0.0368165444414197 0.0236429469123744 -0.206906488805899 0.016579046271872
-2.49319921888942E-05 0.0302708333615046 -0.129090079237133 0.182050644410743
0.00961273997447341 0.0185626218105229 0.0202954776137884 0.186896451416349
0.0160157152580147 0.012405205522765 0.091811213564642 0.116090996362237
0.00850486846185479 0.00725285981830977 0.120230647461715 0.0688871488592911
-0.000282332625317787 0.0112662103612114 0.144013264318136 0.0484318820632912
-0.0153301195319081 0.00537450363055587 0.149018875276682 0.0899784363659925
-0.0100181177614676 -0.0101095245331126 0.0898867924336504 0.151394105245892
-0.0032703685706721 -0.0192658500650072 -0.0220494887370435 0.183104000944101
0.0399246171546968 -0.0287766044893175 -0.112088749393333 0.201507752900129
0.0667857483185364 0.013822683471937 -0.159979765595224 0.20426715823417
0.0500606166663035 0.0792576810424367 -0.112883192318766 0.294734147711706
0.0516951927879453 0.110484672956568 -0.00444366540417939 0.17706419369646
0.0670013658447619 0.0134681575360312 0.104308226436312 -0.0537946685187237
0.0319608031568357 -0.0277228531523117 -0.0812041877830202 -0.143065354517709
0.00199019367240815 -0.0221090476930644 -0.222684781588071 -0.00941370649872498
0.00420576656769809 -0.0279266330528665 -0.150344012758689 0.173477746388552
-0.0169778617464136 -0.0285433750286003 0.00206831610879542 0.189686390061189
-0.0249906332000054 -0.014072342238354 0.0828836029963055 0.123202840334915
-0.0345058848951462 -0.016597829168767 0.112893062844946 0.0682851635852081
-0.0403919530167844 -0.0202966490031001 0.138033635131882 0.0366025637224582
-0.0410035631347056 -0.0565224456536004 0.153471051457281 0.0635089321949929
0.0114819654315894 -0.0803439614604246 0.120741785065794 0.126288784467661
0.0626355830749847 -0.0554092176028127 0.0232774051593507 0.1743866704615
0.121365078380321 0.0128961807484766 -0.0746442915699794 0.20836072641933
0.104821839699299 0.119132614980582 -0.133919023202215 0.200480545213605
0.0356392106916583 0.195804543807666 -0.0981781094274876 0.255058638839538
0.0178385716137382 0.197603786215199 -0.0124620765983877 0.134551662303651
0.0996277627284213 0.101548327206838 0.115883439890583 -0.064630216177465
0.106235304536022 0.0103656359405283 -0.0519043451286983 -0.178173707482209
0.0608207685865659 -0.0594729931137748 -0.226114378783504 -0.0540783442669663
0.0202735897682468 -0.0882519904915571 -0.170793165168786 0.139579964432736
-0.0370792930275652 -0.082113133106632 -0.0284406281699369 0.172894578912157
-0.0625759859016722 -0.0442041174079046 0.054932722348241 0.11769440140364
-0.0728488236185996 -0.0379593091614256 0.0888130771337865 0.0591210050107373
-0.0741798413892808 -0.0429135216561966 0.115098939085379 0.014643733921774
-0.069203532950581 -0.101135141071642 0.143171697476352 0.0196667285908801
0.0109999965094071 -0.140839018831184 0.146962341832602 0.0743046851440125
0.0990974501010351 -0.108630172431352 0.0862130613107534 0.145346825777281
0.196341927084305 0.013480314355518 -0.0183950459698313 0.205217981981913
0.157472390737309 0.183635379345628 -0.103545144824983 0.190371716000129
0.0381388988303842 0.276768881203336 -0.0812699801138165 0.188420199553104
-0.0291794359717189 0.256280882611984 -0.00618694305527009 0.0595107497191725
0.103327347015926 0.191997904676987 0.128867208359983 -0.0888609108089604
0.166192295494817 0.0713149092526039 -0.0062875481792873 -0.212602001762168
0.128971905077726 -0.0756014393351703 -0.202558845085664 -0.114127316562943
0.0472251796382742 -0.138377788911234 -0.178894066015452 0.0788340338289246
-0.0454133484329676 -0.130709910792467 -0.0641542768297279 0.131146386807761
-0.0895923074472641 -0.0718336274604003 0.013210851439617 0.096336151374084
-0.101054962480629 -0.0533029526668488 0.0516850159881653 0.0413674778782005
-0.0967023576207579 -0.0553348391979 0.0785441215927791 -0.0118965690163976
-0.0909449919391325 -0.123435033795389 0.116678672451022 -0.0291684342044341
-0.00278850127703627 -0.177621237992019 0.154649749656694 0.00867791643460064
0.105450501829062 -0.154458661150232 0.138388920266374 0.0952655715726916
0.240871332651426 -0.0107270576480891 0.0367515463407033 0.181921675717468
0.194424958858764 0.205663946699006 -0.0801113486590888 0.170409849050198
0.044793872825377 0.312876869755099 -0.069915221021888 0.104665372024352
-0.0749613168429684 0.270240960764124 0.0168676611686283 -0.0388306703461435
0.0728451907817869 0.250830746728652 0.140573139493146 -0.122629784061334
0.185470402490513 0.132993324229833 0.0484397680189186 -0.231983605307088
0.178208026587133 -0.0627016085086756 -0.145300336854784 -0.166772615191156
0.0754715520787435 -0.159149096052279 -0.162810594845518 -0.00198680387070369
-0.040722721587202 -0.158668268853256 -0.0965047163054881 0.0672440831218802
-0.101276200375108 -0.0904646591156225 -0.0351452908959454 0.0615221789499655
-0.114679556412098 -0.0604778797473885 0.00765192373853636 0.0175572008183253
-0.105598459324165 -0.0589884784300968 0.0340089151778516 -0.0378778608440101
-0.0982365857794279 -0.125968949022918 0.0783944836302801 -0.0710379702939738
-0.0131623992162163 -0.185108140233396 0.141752727188032 -0.0523131556055254
0.0970960668453039 -0.171424886281479 0.165964751180428 0.0396611292950058
0.244218839948542 -0.0254016931767028 0.0744322540404737 0.145889147238143
0.193758692523296 0.199655674430414 -0.0666794711946169 0.14308558951985
0.0386782626566911 0.3035086678406 -0.0634013433496041 0.0187339161714999
-0.101802834972955 0.231995939734395 0.0490232360573012 -0.140516645321722
0.0228111663177019 0.250674014978792 0.149260227533537 -0.156534721721575
0.152851348981727 0.162289775892782 0.0971520567908491 -0.229251360523272
0.180973193496521 -0.0328244177699868 -0.0693079970092348 -0.196091519281749
0.0860310985841178 -0.143308558877812 -0.126315143233597 -0.0793768749812327
-0.0279530773947367 -0.154327634119644 -0.118655956574088 -0.00271854522116303
-0.0947457070082303 -0.0923919417894716 -0.0801788972866088 0.0204125135716679
-0.110337432838886 -0.0593959102855721 -0.0357651590651006 -0.00766648002774853
-0.100917526462972 -0.0560798866283743 -0.0106243697518479 -0.0610329699570308
-0.0897791036213201 -0.115284801420718 0.0401362370659291 -0.103215564099126
-0.0122872213634432 -0.168803494450826 0.121391160876435 -0.0974969296612511
0.0912106296925359 -0.155208294255951 0.17404285816174 -0.00170338221670194
0.217397502286958 -0.014016647142706 0.0913451206278284 0.112543465273991
0.152871655541369 0.184101894397754 -0.0602461166294402 0.113810169890319
0.0129193871362423 0.256036159355327 -0.0546450166751399 -0.0576216371321912
-0.101756416656285 0.150963905287408 0.0786401549626174 -0.225972456347276
-0.0219656867183255 0.188301562832786 0.153721451462538 -0.179961313771735
0.0916527353031435 0.140586290841859 0.126137860668889 -0.212496294907694
0.136431354348286 -0.00609892624808399 -0.0044418051291681 -0.199485417815011
0.071747672933332 -0.101502587227885 -0.0870656396741886 -0.134482227246741
-0.0140563309017141 -0.119342247664796 -0.130469328747793 -0.0596410118585351
-0.0729683611470939 -0.0775160055620569 -0.115498399305249 -0.0165256898956139
-0.0888564793919311 -0.0496272003267118 -0.0712020079398601 -0.0307186088146959
-0.0831145055324029 -0.0487952795001399 -0.0469792005543338 -0.0818842731023595
-0.0702458138437865 -0.0955103208355904 0.0103931571229756 -0.126859158334604
-0.00423646667516347 -0.135584853415757 0.104897104369647 -0.128171981792576
0.0862279157837699 -0.117307064547511 0.174550923391221 -0.0255712501090116
0.170798489198649 0.0140542084227426 0.0962497729584109 0.0902286707301912
0.0877909951679675 0.159715448183748 -0.0533179428856567 0.0885489910908412
-0.0246146903512781 0.182784104964247 -0.0374917410003346 -0.11529528652535
-0.0788445617168642 0.044553651657176 0.0898277303199267 -0.278658704109574
-0.0494515397700371 0.0894401530742148 0.144036870479592 -0.189056608763765
0.026654189611626 0.082115572517448 0.131345920071149 -0.19589128468189
0.0670272560355106 0.00832049190844633 0.0297397843435844 -0.19406294831811
0.0404647705071944 -0.0466150323940188 -0.0666874264067203 -0.16086034251386
0.000140722615649581 -0.0643896132361135 -0.137618658942542 -0.0903350203011587
-0.0382302259717829 -0.0486548303209772 -0.136024251722091 -0.0403133710059704
-0.0545866188782998 -0.0334075619382094 -0.0958441056107248 -0.0485884429199553
-0.0543406440890987 -0.0361363197962745 -0.0705904229693458 -0.0977541247663313
-0.0440933350827963 -0.0670598893801952 -0.00640351092631615 -0.14537216118897
0.0055509120394434 -0.0910935103025239 0.0983386861782711 -0.149117355640738
0.0764583130501808 -0.0703898409702333 0.177607952112896 -0.0339852766697631
0.112270378077829 0.0413597746154679 0.0988255664065773 0.0811149765552306
0.0175060494636717 0.123091637185529 -0.0444559144231234 0.0699709406765643
-0.060212571641121 0.0898295827195812 -0.0113455699812968 -0.148406808412451
0.064398357783204 0.00998073873441005 0.0207868071724345 0.183019481160758
0.0142405176305539 -0.0551468329933316 0.0916301392668905 -0.061948940814192
-0.0396627283778328 -0.0373474335695018 -0.102963654916331 -0.114984163722743
-0.0346226911332515 0.0257739287020623 -0.204542050900793 0.0251448914537429
0.00226584247045231 0.0299166062296674 -0.117591484875571 0.187940038429798
0.0109676428574926 0.0179835980968518 0.0294955459870926 0.183311602639764
0.0157669110917591 0.0113902089186501 0.0956883194880709 0.109151827449426
0.00845446293538279 0.00696108846376587 0.122149249113423 0.0603912852973616
0.000462925726782044 0.0109693788500606 0.144998299229397 0.038912282542507
-0.0146580230402023 0.00587371227389973 0.15315289115784 0.0791076603640517
-0.0106882238792136 -0.00975672703457252 0.0979328520862208 0.146500540743259
-0.00391822572937146 -0.018764336382375 -0.0144535914137392 0.184830736985722
0.0372844635761129 -0.0306816941113558 -0.101270621076484 0.206755156355741
0.0663202382734884 0.0110750280006675 -0.150410424884323 0.209141175248959
0.0542103183638803 0.0767393770413675 -0.0989717449907154 0.297483619609413
0.0577698021513907 0.107814298279913 0.00411766071632467 0.176006101840983
0.0666540766151678 0.00965077233921054 0.0996026886443908 -0.0595445318866141
0.0296564546475766 -0.0292334361894773 -0.0877189785264586 -0.139800258028061
0.000621117528672679 -0.0216213262131186 -0.219908056847856 0.00116619310766223
0.00249742470592289 -0.0272302924514438 -0.139228632980858 0.179668884028062
-0.0183712984302502 -0.0271955210952505 0.0126180794854696 0.187377540406347
-0.0261495532666601 -0.0127813553148392 0.0881657866224301 0.11628131711257
-0.0351064596713458 -0.0143206629057582 0.115018416279827 0.0607907534203498
-0.0407997748694205 -0.0180262051265498 0.138961387050948 0.0266622603089214
-0.0435761111262959 -0.0536846662507786 0.156385239299846 0.0530688179939911
0.00630915564919941 -0.0804149427820529 0.126893102580742 0.118717784267388
0.0596353468977858 -0.0580358683766121 0.0314082451862876 0.173763229740909
0.121229796539138 0.00647153373969883 -0.064552039660222 0.211889556136415
0.109879578177142 0.113732135791216 -0.124367069385276 0.202809893680931
0.0459371346495756 0.193781158831341 -0.0853723593083398 0.258105944788859
0.0290366817078035 0.195917368098891 -0.00633076349589392 0.134808865205254
0.103304149984793 0.0954359495876562 0.110972291391786 -0.0700607059853788
0.10598128307678 0.00462866147952865 -0.0597098500902073 -0.176807256797521
0.0572240931272325 -0.0618300273577115 -0.226298323842355 -0.0439293146556543
0.0150733162898891 -0.0887449332080458 -0.161914904891151 0.147385125073587
-0.0414966530404957 -0.0787010311257767 -0.0188659412480136 0.172288012132206
-0.0643225988601187 -0.0401064317419945 0.0607216687047855 0.11248740324311
-0.0743199451216852 -0.0332998234908723 0.0913035303971367 0.0532747627762901
-0.0751075618239093 -0.0386145390797279 0.114577491657509 0.00604056448846735
-0.0744621922405887 -0.0963013298813328 0.14392958821834 0.00956999940430784
0.00238284839722341 -0.140429783420869 0.150939552741562 0.0645200315381504
0.0923208279720816 -0.112125682045684 0.0911116399851103 0.141455301458804
0.19531745222809 0.00230909049471101 -0.00920098673192071 0.206050861991168
0.165175817805152 0.174967825151274 -0.0958472676309745 0.193107282920657
0.0524173912414368 0.27512130643282 -0.0723962054386367 0.191085620268378
-0.0149445933766163 0.25653702048581 -0.00405231988059739 0.0605278339849623
0.112343792743905 0.184406960148283 0.123300741641848 -0.0944227619313868
0.169198238774351 0.0619532300131985 -0.015222953030779 -0.213113248346797
0.123148100760995 -0.0814040777106852 -0.205872722657864 -0.103185222981579
0.0388143889372301 -0.139599472162052 -0.172846042316652 0.0858559315594867
-0.0528673745779433 -0.125995268351836 -0.0567159712764894 0.133579273429399
-0.0925544003095386 -0.0663146987197754 0.0185753918563686 0.0940697449054593
-0.102130118928266 -0.0467430891616184 0.053372821718173 0.0377957150669357
-0.0980328674133243 -0.0496934756409612 0.0760475739190034 -0.0173065522433308
-0.0976034906183941 -0.116458660936187 0.11383940557232 -0.036754772485189
-0.0134721710506216 -0.176130996890718 0.154906391685892 -0.000762085471912959
0.0968062859525023 -0.158620771251482 0.140865423022194 0.0881509658770928
0.237858239375186 -0.024068988378811 0.0441254686030688 0.180837220160098
0.204014091547013 0.193846182660403 -0.0736441510181083 0.17282157692705
0.0607267864820473 0.310415904332983 -0.0648592756910239 0.107479305703068
-0.0600207861517575 0.272898830645862 0.0139011633721543 -0.0385515169364588
0.0848187724452831 0.244727013243819 0.133356774581374 -0.127850591399968
0.191656873560693 0.121988639909653 0.0385334045605615 -0.234820375379113
0.172616227172937 -0.0711983653746682 -0.151005510543927 -0.159018047529878
0.064800426293105 -0.161787567310587 -0.1617185549285 0.00485055932517374
-0.0503477143253845 -0.153549444202896 -0.0920627997848489 0.0718885794705804
-0.105517088390636 -0.0837629167081033 -0.0306728474044005 0.0626052666161015
-0.116128148187354 -0.0531306321816125 0.00875137474938892 0.0168785213021439
-0.10695735884797 -0.0528769704664361 0.0306656569044828 -0.0402672044493407
-0.104597548715938 -0.11899071880151 0.0743526250562363 -0.0757342979623727
-0.0245800554513785 -0.182666957983892 0.139212301728869 -0.060547643775605
0.0875985839293625 -0.174274544231459 0.164919472415189 0.0312877570166343
0.240566009109617 -0.0387221191308644 0.0797942557099005 0.143551391807434
0.203324015504449 0.187869894255348 -0.061589398050545 0.145890548825943
0.0529759987710556 0.301635842272997 -0.0623315200823676 0.0224891858786466
-0.0893980686030187 0.235774661392165 0.0412768046890881 -0.141550533856378
0.0352564918254729 0.246804204820207 0.14191943798074 -0.161333866906392
0.160729571784561 0.152790911210552 0.0871761646283359 -0.23434246418887
0.176909123240009 -0.041843694794059 -0.0773044266853282 -0.191634849563245
0.0770013289531904 -0.147487093330294 -0.129873361289376 -0.0745086630959293
-0.0370578660514646 -0.150772967698569 -0.117695458478445 0.00380685353261871
-0.0990941934552038 -0.0866446970658742 -0.077630279448436 0.0248955241099793
-0.111757386671384 -0.0514641921434109 -0.0353938654004841 -0.00529357805998581
-0.101769299123178 -0.050392001357517 -0.0147101160050591 -0.0604755725225762
-0.0960251818155554 -0.108871146000823 0.0350462403439504 -0.105447767625355
-0.0221592026969569 -0.166708454878496 0.115820551378504 -0.104654821243698
0.082071067697123 -0.157301115252829 0.17126120804056 -0.0102854823000553
0.213752209089087 -0.026486408936109 0.0947398213806357 0.108945713950686
0.1610938154294 0.174796468189546 -0.0555806698282082 0.117527502743794
0.0252262431510271 0.255612245160002 -0.0573596085294447 -0.0538060349374305
-0.0925706585801017 0.155238065532604 0.0666985536606397 -0.227862479546137
-0.0124786115728122 0.188061597327246 0.144755833997122 -0.184331950737745
0.0980783735468591 0.134941065758454 0.116291053933047 -0.218065950860091
0.134656800343153 -0.0127921354161757 -0.0120965755892542 -0.198410569999318
0.0653390235288408 -0.104625752693356 -0.0938722069423122 -0.131584873494421
-0.02101853684107 -0.116765102961588 -0.13369345542592 -0.0515901946409652
-0.0762932415321037 -0.0719485268695081 -0.114621258786564 -0.00959828823318333
-0.0902283424542274 -0.0429810334717568 -0.0721412353022384 -0.0259885187245697
-0.0838700866245649 -0.0440296297592595 -0.0511069603458682 -0.0780092955820528
-0.0753360138620458 -0.0894687068604148 0.0040956519631199 -0.127130710498607
-0.0114869179138419 -0.133887748407705 0.098256946099317 -0.135237321155853
0.079066671282767 -0.120357348202938 0.171320074961352 -0.0345864043358877
0.169764319330821 0.00407326392562313 0.0993738876694004 0.0863635241132448
0.0957852525014389 0.1546077976485 -0.0493652826502817 0.0923479084365943
-0.0162293547721226 0.184167384360551 -0.042824619598681 -0.111506303116815
-0.0756045965305242 0.048591508884295 0.0760254386672235 -0.279875070757471
-0.044277356960437 0.0915483654069444 0.136458146251211 -0.192971472996804
0.0308088246176195 0.0801243712742388 0.121843478769785 -0.201760488067908
0.0661230772429473 0.00458634320895547 0.0217068391565613 -0.195367331776587
0.0371179975215441 -0.0480991610323814 -0.0749687483379791 -0.158852585002431
-0.00360328029874851 -0.0638436854439833 -0.141924264862404 -0.081258564804537
-0.0409415913368839 -0.0461321879522248 -0.137054068181702 -0.0319550822970294
-0.0556358175185063 -0.0290440830441019 -0.0970463580154711 -0.0419622460331504
-0.0555693328755484 -0.0327529037198144 -0.0754891581135157 -0.0928254861364026
-0.0480655466241318 -0.0636023127773723 -0.0131033436710591 -0.144361465548611
0.000515056827254517 -0.0907114967150261 0.0908313912283075 -0.153835126910357
0.071744211748828 -0.0741098009987939 0.173779066682703 -0.0429497277985081
0.113412903737635 0.0350198820541839 0.10138076461375 0.0770410767001785
0.0241267340582895 0.121385975220213 -0.0410127635062949 0.0731229871985358
-0.0563689209174247 0.0928892104897089 -0.0181247350245429 -0.145630716673334
0.0631634360184166 0.00663476720369508 0.0299560855030518 0.175335671062359
0.0105898687385025 -0.0536215423814436 0.0841602321719605 -0.064709686866814
-0.040394519169416 -0.0343893798153364 -0.104611214549197 -0.106655959284372
-0.0324135896873551 0.0263140852388896 -0.195612971204858 0.0329206784564596
0.00409488170345421 0.0283637944427332 -0.103617972233663 0.187614814908112
0.0110557619811602 0.0165584694263691 0.0376822989617076 0.174140080066284
0.01507302212589 0.0100767217657061 0.0957204477773962 0.0985572204008994
0.0079865761665538 0.00554960392514089 0.119821084049158 0.050721490292394
0.000936594003227952 0.00992271211911635 0.14115713146541 0.0276273887229313
-0.0137027705722309 0.00614997691228934 0.151968169915896 0.0671055112465601
-0.010512493500311 -0.00875469872934667 0.102737938834138 0.135897331215803
-0.00395845460823274 -0.0175523332173081 -0.00612032394245212 0.182021163215509
0.0335757279988995 -0.0318702999807227 -0.0870995838186747 0.204874910915597
0.0641254585073535 0.00710708834095081 -0.13734285923204 0.206267061692428
0.057412957984396 0.0716382146781869 -0.0821434544515203 0.291394612648491
0.0619810842082391 0.101061744695662 0.0128636377759051 0.170195961823267
0.0644555115104812 0.00541926184169552 0.0918198618232857 -0.0631882159154866
0.0266974870273432 -0.0302303597921214 -0.0915120366006229 -0.13170349428392
-0.000564285491898892 -0.0204506145801156 -0.212058604544816 0.0100688316055976
0.000780000497195925 -0.0263445708111519 -0.124477759700097 0.179627865126385
-0.0188726414741511 -0.0250600892797162 0.0214601266772521 0.179113495543579
-0.0260554530805478 -0.0105838354256121 0.089546824103728 0.105857842349235
-0.0343916571112508 -0.0115894000414173 0.11362906221789 0.0513879305093656
-0.0399673553660103 -0.0153549668560276 0.133799242670509 0.0164005395349747
-0.0451999929733605 -0.0495391693724926 0.153932455933184 0.0405888625668607
0.00069583740231323 -0.0777011141890472 0.129877665402431 0.106897638319425
0.0537515721191465 -0.0589001038504199 0.0370506764657642 0.168343482818645
0.116128018552275 7.65675507509783E-05 -0.0515526043691712 0.208196747521609
0.111641213343767 0.104308904012792 -0.112377083120315 0.200840191385916
0.0547623327677908 0.185337887950498 -0.0707347788885863 0.252901846181184
0.0384294238025985 0.187693538861692 0.000573717069458401 0.131277207136341
0.104428711474966 0.0859443758797167 0.102602245333654 -0.0736800135748533
0.102105835873725 -0.00220997116928339 -0.0659128850257906 -0.169102134839381
0.0517577318570956 -0.0618918895423807 -0.219486035448532 -0.0315732467640255
0.00870878653007119 -0.0858807027765057 -0.147328137799588 0.149115148431762
-0.0445289492770996 -0.0730886076621894 -0.00949438715698513 0.1665445449498
-0.0647383870423406 -0.0348992695256991 0.0639255882157164 0.103955856728681
-0.0726885431633744 -0.0274787356052362 0.0899634660340739 0.0452433723302071
-0.0738800612758675 -0.0332695192083902 0.108814077845347 -0.00156720227564263
-0.077101959387101 -0.0882863673108213 0.138463071790573 -0.000204456121980045
-0.00658354750696934 -0.135154960414284 0.150026043888621 0.0534878827209765
0.0827953063779982 -0.112280227916274 0.0938402100289556 0.133373632225357
0.187357370010324 -0.00856588164898631 0.00017291745163926 0.200383996850612
0.168163969779332 0.160697670013529 -0.0844079294161499 0.190014778450368
0.0648111087491787 0.264532121203382 -0.0607548709768884 0.186951177766277
-0.000358153808557525 0.248771048681616 -0.00107216738560471 0.0596210030986473
0.116897183460381 0.171256654464008 0.113848990120331 -0.0973060606585357
0.166448492273241 0.0491969978169611 -0.0246938810760865 -0.206941253903298
0.114369813946129 -0.0848638142183749 -0.202231344592733 -0.0899405234101524
0.0288278464219602 -0.136367909759554 -0.161945966177148 0.0910874289454949
-0.0582874495962741 -0.117544137901193 -0.0475631698199035 0.130779528582444
-0.0932318648509818 -0.0587563217130531 0.0228536295546785 0.0887222970787765
-0.100756237022011 -0.0388041140153747 0.0533060909636995 0.033210209173646
-0.0962163372669955 -0.0428865344365189 0.0708319706772698 -0.0219550017767055
-0.100359313167216 -0.106546399421315 0.107761902998816 -0.0428130763268545
-0.0238109518019542 -0.16858840051083 0.150603892790941 -0.0106928416504393
0.0846831736921611 -0.157141616490436 0.138746284516419 0.0792273008899431
0.227157291755228 -0.0362117397561249 0.05109847227943 0.173794331917534
0.207868956171393 0.176339503085317 -0.0643900381119649 0.171245277126464
0.0739662969303117 0.298509059860287 -0.0573546022622094 0.106635765748633
-0.0431345775463788 0.266755336170709 0.0110233861013581 -0.0369010701772809
0.0944475298583153 0.231137250663796 0.122656695646256 -0.128890283559259
0.191168455723424 0.107362928644455 0.0264441670034511 -0.230424866271596
0.162705006467524 -0.0777108844201758 -0.151904198169903 -0.146505537451363
0.0528350438717397 -0.159529144198469 -0.155905141179783 0.0109900436752375
-0.0572974516471284 -0.144567095572657 -0.0852495061220109 0.0742535806606142
-0.106400774945045 -0.074623858896306 -0.0257632529834381 0.0618594441138057
-0.113728327237093 -0.0441570939353057 0.00956060249052566 0.0157428701044705
-0.105336746512948 -0.0457964222735721 0.026358036351075 -0.040761075332749
-0.107565143314691 -0.108097443806178 0.0671743689048292 -0.0781837917982873
-0.0339644592351692 -0.175237368684218 0.131903932282165 -0.0680002747728248
0.0748774069872781 -0.171798858349798 0.159702510224034 0.0231269240538408
0.228968551391775 -0.0510521803794287 0.0825739896770223 0.136622585029896
0.206296858844028 0.170993254425574 -0.0536550102896016 0.145362909616823
0.0669317093854695 0.289434506660557 -0.0594319479037634 0.024913012394248
-0.0732628138328505 0.23250070103032 0.0328340954571574 -0.137650029442193
0.046088596979378 0.235393027400178 0.129434219312774 -0.162069833899006
0.16279509231056 0.138940899633833 0.0735431756944935 -0.231818167110709
0.168687184247561 -0.049000734902076 -0.0822557231119353 -0.182026767832551
0.0653098060845751 -0.146105816594495 -0.129062779731106 -0.0673218157310774
-0.0447537957132496 -0.14231449843395 -0.114515405597556 0.0102781565693067
-0.0999632109577126 -0.0769459278009233 -0.0720746903670902 0.0282658866321047
-0.109398136061805 -0.0426503992634819 -0.0333570205619374 -0.00307623375357019
-0.100107960726096 -0.0433363723984742 -0.017642532379479 -0.0579970474886117
-0.0981879161972944 -0.0991201575011871 0.0279903726838229 -0.104101404705808
-0.0306359076612454 -0.159006632837995 0.107004899263602 -0.109251844176533
0.0705236961463548 -0.155328858840828 0.163457693538707 -0.0184294008078848
0.203684313248669 -0.0371978254519157 0.0955052946853682 0.102624647780077
0.164942517186207 0.159948601157295 -0.0485707017359477 0.117732243327818
0.0371168243125095 0.246785896754708 -0.0578554446092853 -0.0485194292548367
-0.0812176045246103 0.154364319647057 0.053038910924585 -0.221817312334137
-0.00328199439658251 0.18127528563846 0.131144659561961 -0.184059501050126
0.101280867170179 0.124644768129938 0.103084278328389 -0.217112577233088
0.128993888978829 -0.0195789161550687 -0.0193086166787898 -0.19213826578339
0.0563866957646504 -0.104423312938866 -0.0975539560650699 -0.124918116392717
-0.0271348133460661 -0.111039857935548 -0.132056260923806 -0.0425328411658628
-0.0773086035295865 -0.0654359105353293 -0.110020618989649 -0.00193670808212879
-0.0882686969201364 -0.0352527974894202 -0.0700077955041466 -0.0211791804324729
-0.0832393718101723 -0.0374559503550207 -0.053783244626109 -0.0724608465618452
-0.0773915276659957 -0.0816945454104913 -0.00217411871621929 -0.122693380424119
-0.0181694995141584 -0.128273188841427 0.0883717152242411 -0.136650541019343
0.0694709104996603 -0.119705976816171 0.162642271850828 -0.0415275580264004
0.162583952211876 -0.00551526822597336 0.098772892559882 0.0801817331685202
0.101209360355458 0.143878746931701 -0.0433541102907524 0.0925584892008876
-0.00585230459687925 0.178840838643753 -0.0471494097166027 -0.105034375297563
-0.0696179712432302 0.0502732088698056 0.0601795065316541 -0.273951013548386
-0.0379684316132008 0.0907736958130698 0.12394199153726 -0.191593008971058
0.0334645109268049 0.0752505446524173 0.109189389744308 -0.200727036234713
0.0640746557204434 0.00164328324134867 0.0131799124984414 -0.190023557895763
0.03246750435094 -0.0484895686482387 -0.0814116696997661 -0.150852640677305
-0.00715370381152905 -0.0610174660110066 -0.14153283054749 -0.0704092891398173
-0.0424160694567418 -0.0413646184060161 -0.133298972665691 -0.0220553128235374
-0.0539818805491017 -0.0241686632276781 -0.0946456839312223 -0.0350026587893201
-0.0552352506365828 -0.0281916525949022 -0.0774033979878954 -0.0844877111556743
-0.0496515330495104 -0.0575419055865935 -0.0195524337462006 -0.138588103131191
-0.0038902959413935 -0.0873550513967121 0.0792412057902009 -0.153888318495966
0.0647862618477873 -0.0749426086650781 0.16517876417823 -0.0500814851035184
0.110508951347711 0.0274620457234025 0.100644818357535 0.0706668659583473
0.0303633683856935 0.116191223826252 -0.0358342412446274 0.0736725028741485
-0.0488100295693838 0.0929583368531515 -0.0253416748683604 -0.138744906330517
0.0630313231227032 -0.000562894233849386 0.0437958035531441 0.161436306594905
0.00453926810160249 -0.0515153699412556 0.0697439665656176 -0.068842417443257
-0.043626458668561 -0.0267810268984193 -0.110660442984771 -0.0867200212133412
-0.0274704497853173 0.0285687497864645 -0.178383491922875 0.0560589889552591
0.00641411404383489 0.0261744842370123 -0.0719943529329169 0.18787915414059
0.0127241804350242 0.0140942853601518 0.0564187884941888 0.157893067351568
0.0160063939822086 0.00764541056791634 0.1007303695537 0.0818927595693579
0.00781558605759785 0.00430829552383767 0.116979567183508 0.031730962693407
0.00182197970419003 0.00871024932145952 0.134184046195514 0.00850991369413064
-0.0124060628949426 0.00629601918842139 0.150282017484884 0.0420872635052034
-0.0110255785043334 -0.00855659452225812 0.112192459690822 0.116653814818507
-0.00374934174476888 -0.016428076164519 0.0146854416510863 0.175001906144113
0.0282496362087444 -0.0339643372588291 -0.0586986587867042 0.200784877383318
0.0629016471446331 -0.000317968916499897 -0.102006591819161 0.207438786581001
0.065776837028132 0.058774303470777 -0.0416518669092893 0.287026189006928
0.0745784853316798 0.0902086096121217 0.0252301302111045 0.150613103960643
0.0615795192950614 -0.00231656779981373 0.0760925932381991 -0.0696204174089221
0.0193834115727337 -0.031666205332247 -0.103435942570742 -0.112975671692516
-0.00372084594140259 -0.0183117172067363 -0.197429581785183 0.0382613534736567
-0.00286595438909015 -0.0251779422579527 -0.0936965689371784 0.18533709600576
-0.0202537084672704 -0.0209015997494884 0.0410394498521047 0.166206536044531
-0.024468542559073 -0.00646477434060896 0.0955182069807777 0.0898579662850455
-0.0335581526035514 -0.00669397288698371 0.111063390028648 0.0330161145137206
-0.0390883314618775 -0.0100217563490742 0.124567005479614 -0.00150215212295514
-0.0488534224327932 -0.0404000818027974 0.146891817139933 0.01689779707109
-0.00981982542835103 -0.0739557385273508 0.132558826044197 0.0850667680727634
0.0452485014681949 -0.0614680325933963 0.0531069209490166 0.154852440622384
0.108329046874191 -0.01604546319927 -0.0229321589931047 0.199782205136569
0.117663681149638 0.0823266555449645 -0.0750466270939821 0.202009356014272
0.0771236692925721 0.164438444219225 -0.0360306437517313 0.252349582676077
0.0631992620400434 0.176935701337896 0.00983407482387581 0.108744611071705
0.107389568190907 0.0683211449838446 0.083433406098667 -0.084021564997302
0.0937923259752836 -0.0144847544301014 -0.0869063493262415 -0.153529427280069
0.0404846858516836 -0.0627317755976014 -0.212309212024771 0.000276985249189221
-0.00234545543589679 -0.0816200155827489 -0.122168471477317 0.160848626966738
-0.0492309510775422 -0.0618268477878053 0.0100005996549061 0.160038011713968
-0.0629050842430586 -0.024576779189288 0.0705784842572217 0.0918091062021634
-0.0704558631261228 -0.016820551305472 0.0885768006690284 0.0305587836250886
-0.0727834946005893 -0.0231993468645483 0.0991519520141028 -0.0148078667484612
-0.0826978408314175 -0.0717303593711439 0.126686532231097 -0.0190192039620355
-0.0247579457798163 -0.12552508204376 0.144391100098668 0.0318210362233864
0.0643052674831062 -0.114571542642908 0.101666886441421 0.113356990365478
0.17328563921186 -0.033565614368427 0.0264316105381919 0.185207013576426
0.176362741263269 0.126791752209147 -0.0468898699703407 0.190103875937003
0.0958623845005767 0.235494417640422 -0.0338826816473594 0.192703520879091
0.0331680127271517 0.239417921012838 0.00217016562377398 0.0360057834115076
0.128674536517844 0.146941757554862 0.0908934699135626 -0.109577984713858
0.160223638881814 0.0258246964781886 -0.0552141748747607 -0.197763023444658
0.0965229164179688 -0.0907988699930456 -0.20639996126692 -0.0577554261359284
0.0102243829461014 -0.130903206561795 -0.144745359401232 0.108669797232594
-0.0678337853526753 -0.102331949020572 -0.0316312757872104 0.132696448173836
-0.0929081882536892 -0.0433869180109885 0.0296043091506416 0.0836472583143461
-0.0979145279615091 -0.0237441309240976 0.0538295668976506 0.0239393560000011
-0.0947062772288649 -0.0291333773529683 0.060521386763308 -0.0288714372898417
-0.106180480828418 -0.0857419143460835 0.0911037640684869 -0.0549769614647522
-0.0449660422002356 -0.154158914534269 0.135756707521386 -0.0292223304306412
0.0588691357619341 -0.155747226588918 0.136340376103099 0.0557970620262711
0.206250290234521 -0.0649498745121512 0.0713820220809627 0.152938000940474
0.213182163600409 0.136833790363395 -0.0280295602675565 0.17035653154018
0.108582668050767 0.265692608969376 -0.0407570712980555 0.117026516930097
-0.00569555922220009 0.261438370406699 0.00458010157038644 -0.0575972326313048
0.11335845468665 0.205480147313019 0.0966188720633496 -0.142509759566291
0.190192329800363 0.0767613746276511 -0.0104518761838396 -0.227934919730419
0.142842008438687 -0.0899932606133372 -0.167433939828032 -0.119046647768968
0.030206869057722 -0.155245204934713 -0.150907585639189 0.0328945334670603
-0.0704898396674365 -0.127491741112568 -0.0749770508886994 0.085163067345018
-0.106864789896702 -0.0575074081726435 -0.0200323233398193 0.0647718128551456
-0.110541052890964 -0.0269165100020471 0.0108680951935539 0.0134205213477097
-0.10314932398194 -0.0298774772836479 0.0167305747952223 -0.0408246139692773
-0.11267660622437 -0.0861171623554961 0.048680873596422 -0.0828140512911182
-0.0554078807700043 -0.157887295632259 0.111378759476579 -0.0806562455152788
0.0482433585739592 -0.16827932706651 0.149193393996467 0.000134822428294275
0.205138752718503 -0.0793318326699463 0.0965471031987505 0.1135222967741
0.210974249244627 0.131727656084073 -0.0208628284978702 0.145228237761256
0.0992208208442338 0.258645671870422 -0.0515596448017324 0.0396437998111714
-0.0401967713667937 0.232086546673427 0.0167288648648077 -0.153161444801936
0.068014372824919 0.215488692054163 0.100852351882631 -0.173793474450462
0.167628770507646 0.109785638793405 0.0355885563295478 -0.235723814140197
0.151346400316073 -0.0636402805654329 -0.106053995452823 -0.162716759131313
0.0436300736423784 -0.143681684902065 -0.135689737664862 -0.0457700364880818
-0.0581620950316314 -0.126718608239562 -0.110207725613485 0.0274336707739513
-0.101969572801256 -0.0600528861534044 -0.0677719158218527 0.0387401571453196
-0.105803381095344 -0.026091423560022 -0.0316511866987961 0.000758768626744414
-0.0985384092517316 -0.0284865607766276 -0.0255199403206069 -0.050726944555728
-0.103246503239363 -0.0789176290792544 0.00920960116273331 -0.101345458116083
-0.0504776415211245 -0.142972846317951 0.083614819131646 -0.116953627042503
0.0457868461641706 -0.152168772142742 0.149001632811553 -0.0398828975536343
0.183162241757557 -0.063098554221935 0.104753170629059 0.0812671019464355
0.172091743043598 0.127000616486532 -0.0210877411310024 0.119499119663673
0.0663982349503885 0.222904191824838 -0.0600988245650112 -0.0312480257607032
-0.0581766353682593 0.157208439639489 0.0286126557509654 -0.228766955487139
0.0164349056287752 0.169471140615044 0.102740485110961 -0.192780610489739
0.10868575126401 0.103722384508337 0.0677170554126672 -0.22432102136246
0.117701630023057 -0.0315765457666426 -0.0464424297957626 -0.181005398978182
0.0404083230539103 -0.103884499141716 -0.112964736922697 -0.104006820331174
-0.038357524948019 -0.0999934849506988 -0.132702581811375 -0.0207183969265401
-0.079726360381687 -0.0512531974495032 -0.106625683329018 0.0141418837953915
-0.0856699621988637 -0.0219895398140097 -0.0678100673547833 -0.0111602562379388
-0.0815268579372445 -0.0243775322421385 -0.0607357675594025 -0.0600368628271795
-0.0814222374342303 -0.0650750897791365 -0.0199827093719693 -0.115262020045238
-0.0342763532026916 -0.115850421232625 0.063558803854792 -0.139702006480476
0.0486929959112255 -0.119172708039401 0.146183378727411 -0.061347210694311
0.148966754882085 -0.0275183485216869 0.104671259957388 0.0618189723641632
0.110958383563266 0.12021469280304 -0.0211736168814941 0.0960259393766267
0.0168786710087976 0.166050114576595 -0.0574539733146996 -0.0879392143867986
-0.0611292525521291 0.0552834017534001 0.0301121823272051 -0.269182781561404
-0.0261320789345339 0.0875745866141005 0.0953980627097967 -0.19693073305253
0.0389571888659934 0.0649882120729482 0.0788165809828821 -0.206526774232102
0.0590918781431429 -0.00531911508841244 -0.0136716204147915 -0.18343437778139
0.025300507444305 -0.0492768635200365 -0.0994522797372062 -0.132511851506411
-0.0139067985892192 -0.0560111968466552 -0.143548789853875 -0.0472455274856471
-0.0446254786394796 -0.0332534670909352 -0.129392900852844 -0.00269406834091178
-0.0528685006944888 -0.015370042252297 -0.092620554267906 -0.0207884262603643
-0.0548733244607824 -0.0186816301829216 -0.082473417337802 -0.0695659063055058
-0.0532714840348403 -0.0452882795224014 -0.0373601295118407 -0.128095992230595
-0.0158075848609082 -0.0796144912916469 0.0539100601915353 -0.154901520129384
0.0496403097941804 -0.0775982929377426 0.148898444084539 -0.0688368603966252
0.104735400651745 0.00983463398199006 0.105350619074203 0.0545247008272603
0.0426530875073983 0.102606746922493 -0.0201261195882345 0.0780187887871615
-0.0336735951726804 0.0918332591100436 -0.0423222875688937 -0.125224194587467
0.0601056548822184 -0.000557780474713952 0.0403414607002075 0.152764271072918
0.00483507893456932 -0.0485683674123814 0.0662841764126448 -0.0640425708023079
-0.0416309105993019 -0.0252127358783132 -0.103282463519836 -0.0828596358240176
-0.0262488495265962 0.0267742290070926 -0.169675043685234 0.0507285157952394
0.00615584462175503 0.0242402810802071 -0.0696589728218767 0.177031461621389
0.0117979524539951 0.0134181958583318 0.0517050225547203 0.149057148287242
0.0147655567178588 0.00725047534074696 0.0930099042448792 0.0779554560458782
0.00704048643034837 0.00390813136020058 0.109331742329929 0.0299222546928503
0.0015880961458038 0.00709648116217813 0.125171384405834 0.00790274205778494
-0.0114044223441817 0.00588062717126287 0.141736503848344 0.0393151817531151
-0.0105465415059503 -0.008197737492663 0.10586110667331 0.111386036439094
-0.00335330251056719 -0.0157454707744959 0.0128217465270263 0.167729179619824
0.0262899367885717 -0.0319765144802059 -0.0576180212772452 0.188993133184112
0.0597311033910846 0.000263280477236263 -0.100944624605554 0.19362771500765
0.0618323249578866 0.0563893005290708 -0.0431763640523401 0.270896966849644
0.0699462484753002 0.0859551767640939 0.0229322997869218 0.143608521946331
0.0575647903964469 -0.001904583682983 0.0715779079412058 -0.0649065122866071
0.0181073021940883 -0.0297104561329051 -0.0968846633390962 -0.108802008236183
-0.00362699731428266 -0.0169813912389521 -0.187618102017232 0.0332643865503656
-0.00270049585112914 -0.0234474381532857 -0.0900613150163048 0.173954100827117
-0.0190425427234577 -0.0195634233929734 0.0373377435607006 0.156624040969911
-0.0230221755314279 -0.00573451746415072 0.0878591445156148 0.0849694109379341
-0.0321094723798129 -0.00693796641554404 0.10392371328978 0.0305509511164806
-0.0363660070515062 -0.0109132450605858 0.116541229307938 -0.000962005529372963
-0.0462801598462888 -0.0385540925466155 0.138326849577706 0.0155844513152387
-0.0099377129088772 -0.0696042118308601 0.125155274282443 0.081264544226885
0.0434119990381928 -0.0572867970313064 0.0485254990992732 0.148648752289177
0.102218848812808 -0.0141960489316791 -0.0239572236296567 0.189044472070609
0.110310708637178 0.0788421324243557 -0.0755217922766299 0.189142388720529
0.0725821714500386 0.156065542254235 -0.0381303273577569 0.237953170443008
0.0589756166504596 0.16715925907778 0.00859748269634803 0.103778641323657
0.100124891547482 0.0648330132831395 0.0797025334132686 -0.077260867574322
0.087772017043564 -0.0130724218024063 -0.0811383695865888 -0.146932965383297
0.0377047568526126 -0.0587770140670882 -0.200259959545586 -0.00366579066513818
-0.00251335480399685 -0.0766805757388341 -0.115821030435971 0.150740232132112
-0.0464566428431407 -0.0585786584323376 0.00821826721589851 0.150741676476459
-0.059318918121383 -0.0233633849398877 0.0650220301620218 0.0868581407354192
-0.0667838835242782 -0.0159583232327205 0.0832400040845384 0.0286410179764992
-0.0684569305992837 -0.0226298641925549 0.0921330561867752 -0.0146252354849944
-0.0780882143546429 -0.0683265676003218 0.119221037326671 -0.0187517801153851
-0.0237524030116349 -0.118629560950635 0.136538429479048 0.0291187375050183
0.0618188913461283 -0.108190307139044 0.0945750970373081 0.110021044326118
0.162971626411409 -0.0306634790823293 0.0230326658701803 0.17644275049336
0.165920825271248 0.120936902557135 -0.0487000918331318 0.179423433122779
0.0893137252800615 0.223993684267643 -0.0349429648366523 0.181965082123181
0.0302794509216556 0.226897662753549 0.00169969421033838 0.0358597503396975
0.119374654755133 0.139161851646734 0.0859904451057478 -0.101431437475443
0.150827587922763 0.0251599310827058 -0.0498965279272742 -0.188721234561063
0.0914347212796093 -0.0852312457317984 -0.192892946658435 -0.0581174760203106
0.0102935706220557 -0.123615477300677 -0.137980340811431 0.100170830825415
-0.0637565767943754 -0.0963742656678105 -0.030674611290491 0.125798636351653
-0.0868732329411921 -0.0410939551216443 0.027615934488562 0.0789182943327669
-0.0918862085582918 -0.0225734521608353 0.0494350276347512 0.0220218826212297
-0.0887919868847242 -0.0288010320777014 0.0563699110429563 -0.0274179804432953
-0.100124571624952 -0.0810536449921493 0.0860441176512646 -0.0522939236831079
-0.0429565016443671 -0.145685187711784 0.129213317546184 -0.028747279485009
0.0570231235755691 -0.145715258101347 0.128378800548402 0.0551154742752197
0.194224948220052 -0.0601977857682481 0.0652041136275572 0.146810958432063
0.201436262786942 0.130678000177672 -0.0299059460494708 0.161362426190182
0.100505964240472 0.253323738688167 -0.0395516913911688 0.111314657869007
-0.00790878437854725 0.247321576525775 0.00577824721246572 -0.0527588937472788
0.104947333697754 0.195073172276573 0.0925037206737274 -0.132333343204008
0.178424997375189 0.0735549346136993 -0.00663835194759841 -0.217410213836043
0.135609106807241 -0.0839972734002027 -0.156115461961941 -0.115666496945869
0.0288200359739114 -0.146440794462984 -0.14316315909341 0.0279998324212007
-0.0663740651373657 -0.120452885358445 -0.0720768793822917 0.0797609058763968
-0.100516006212524 -0.0533521647222008 -0.0184157617404135 0.0609267358696096
-0.103403808296091 -0.0256667585535412 0.0101612274655519 0.0121432409152239
-0.0970110441223645 -0.0300315113054482 0.0151755339413348 -0.0385936537856923
-0.106315110364963 -0.0814699942131523 0.0460697470412505 -0.0784584845626257
-0.0527690025255801 -0.149621576450064 0.106029919171121 -0.077394815743788
0.0459634543003959 -0.158474655836775 0.140289135802839 0.0018848261183046
0.193081956934591 -0.0741809256956952 0.0898750537806648 0.110000250606108
0.199777598889861 0.126107050071094 -0.022108284807199 0.13858727621671
0.0923656931480961 0.246601831779851 -0.0497366823706645 0.0372370897718922
-0.0402716363143405 0.218845949390922 0.0173013443818465 -0.143427486980101
0.0619709044924666 0.203657884855825 0.0973078467577606 -0.161861847492038
0.157352308948614 0.104341561757163 0.0371720843565468 -0.223922037216755
0.143267044519448 -0.0583520464734406 -0.0971933735920298 -0.156618814125739
0.0411035621797387 -0.135505632136019 -0.129229475691383 -0.0457677205723515
-0.0550853238403856 -0.119590124942916 -0.105114024370757 0.0267177483581615
-0.0957719873974853 -0.0565769345633928 -0.0637146670279036 0.0364314824411657
-0.0989686098429207 -0.0249606890604438 -0.0296976767229979 0.000196918716940499
-0.0924588367913346 -0.027428620369203 -0.0243012731507824 -0.0484755270668046
-0.096727834316298 -0.0742898661034458 0.00928964259095989 -0.0962419920582734
-0.0472036097975691 -0.135463158952071 0.0797041964728504 -0.110740573956481
0.0438355956992406 -0.142976752973417 0.140775396678444 -0.0354182907051608
0.17167564706117 -0.0586478735492109 0.0973105566563215 0.0805310199644086
0.162580958751891 0.121630987999837 -0.0214348308686859 0.114024682401907
0.0609497785609048 0.212960641233181 -0.056580604905122 -0.0292847267295682
-0.0562293814633943 0.14799262147734 0.029759042441535 -0.215377517426973
0.0137132021426932 0.160392400876622 0.100072830509425 -0.180043434457719
0.101159669559034 0.0983754362969418 0.0672527064080941 -0.211680944431249
0.110474497622238 -0.0289514868877792 -0.0406684784675574 -0.173273324513215
0.0383586824883636 -0.0974435307461211 -0.107026965100068 -0.10132973795324
-0.0357913805945442 -0.0941226983081815 -0.125795686320666 -0.0195674656464891
-0.0750246459378925 -0.0482982578449161 -0.100385114618404 0.0130819755365051
-0.079969617621758 -0.0208369825351218 -0.0639570668594083 -0.0112452259418682
-0.0767051786894726 -0.0235252324025082 -0.0570232247084043 -0.0574268133004618
-0.0767704257679484 -0.0608538116449124 -0.0178843533291576 -0.109429408516413
-0.0317733535236046 -0.109574087480293 0.0609953569026299 -0.132776733449183
0.0463318815093708 -0.111695064390166 0.138117388821179 -0.0561971745118033
0.140170477910546 -0.0252759456638183 0.0984834210062214 0.0615259403759655
0.104493476123542 0.114113641666053 -0.021302934672016 0.091608968458277
0.0147951544078613 0.157734137686395 -0.0535986106667122 -0.0826230961630879
-0.0584268814969346 0.0518440777774358 0.0319041726256256 -0.254515302475207
-0.024711688956202 0.0833414219779681 0.0938893365439435 -0.183614423345595
0.0362264621477849 0.0615617365460868 0.077240126012224 -0.194652997872752
0.0553209521323439 -0.00457574944394324 -0.010032092146359 -0.175540312584661
0.0237599462771957 -0.0461563276708094 -0.0940740702394648 -0.127573880722811
-0.0131081662716061 -0.052988955781567 -0.135947626339777 -0.045011986492941
-0.0413722109568987 -0.0313404846404811 -0.122119820212778 -0.00251394009781535
-0.0486492083469235 -0.0143655083825824 -0.0864640022521146 -0.020444745409459
-0.0515456949962898 -0.0174137764674915 -0.077875406447324 -0.0655578179892919
-0.0495717031953031 -0.0429335284321299 -0.0339777008659745 -0.121153516307482
-0.0143070799619826 -0.0750528095526677 0.0524070538345865 -0.147130311048779
0.0469473970780627 -0.0719409944771639 0.141105358849011 -0.0630026567591615
0.0984004423085661 0.00990439377709806 0.099113069119146 0.0537335950409647
0.0400165623843641 0.0975111148188703 -0.0192846518369526 0.0749991949416965
-0.0325822681504949 0.0866487679494762 -0.03910212847599 -0.118057741549856
0.0590484279718869 0.00140426063548522 0.0342419954235693 0.150061172315922
0.00635722318323974 -0.0469185606240464 0.0661777600916541 -0.0591017434454889
-0.0397444952044124 -0.0256661294432682 -0.0969916083333153 -0.0841344552185354
-0.0265442929195397 0.0256655743745947 -0.167717145180384 0.0411326550947672
0.00523062558110725 0.0234314910638084 -0.0728271338617228 0.169701495163289
0.0109038340987405 0.0132485783160924 0.0445199092186362 0.146688626118324
0.0143549853570962 0.00793297853174533 0.0857684863995466 0.0791522860159461
0.00689226699873379 0.0033559566256516 0.103990172332909 0.0322741137074902
0.000782443571830079 0.00665430493663642 0.120541157361645 0.010628243832687
-0.011544806586737 0.00513804925014958 0.135980641026844 0.0411547640569039
-0.0101842854295403 -0.00883686676672673 0.099267868824041 0.111882518185132
-0.00182457083132249 -0.015688582130323 0.00649323728230971 0.16445553494313
0.0259604567667856 -0.0294088592587003 -0.0628948020283271 0.18107341155339
0.0575454449911564 0.0015203503342017 -0.107137245458713 0.184306190734234
0.0591460697599793 0.0568697974045782 -0.0525267932356313 0.261159627184388
0.0659462441666706 0.0851985430006928 0.0170612433468958 0.140311745130432
0.0558602330583962 0.000114763990125848 0.0714597057417252 -0.059492878864444
0.0177227540706419 -0.0279602204299429 -0.0899887349644873 -0.109065803144202
-0.00324371226710296 -0.015853971048333 -0.183336804984228 0.0242033731433929
-0.00194212505366104 -0.0224562702314081 -0.0925225585021544 0.165813392771203
-0.0180796404718367 -0.019907973622754 0.0304420009026843 0.153706004532693
-0.0220461947011538 -0.00637120809448925 0.0812015919344039 0.0848302416529815
-0.0302983749297405 -0.00748777567823455 0.09928103733576 0.0325948453357961
-0.03495052753644 -0.012397132996566 0.111517402865189 0.0019925472922261
-0.0439861362210221 -0.0386859253375074 0.133015551308563 0.0176951589173919
-0.00767464023320181 -0.068037897546102 0.119653969209375 0.0820738539143153
0.0437722020745005 -0.0543304580947908 0.0418268537894377 0.148411796056106
0.0989396913700589 -0.0101486696269263 -0.0306262879225527 0.182820988094169
0.104475178696254 0.0800940817935289 -0.0820036040386951 0.180552258406789
0.0650542438130012 0.15467147380415 -0.0460222454871804 0.230185574013002
0.0532707599741095 0.163840455778312 0.00472448968458893 0.102469393409254
0.0948157650614547 0.0660365500678041 0.0795002699553389 -0.0712787620874669
0.0850659103121881 -0.0102019931138912 -0.0726854786930529 -0.146995660702948
0.0385808039330717 -0.0545356801171318 -0.194607039188345 -0.0118050746424003
-2.31721450609612E-05 -0.0744429731480969 -0.117844906733379 0.141926515826123
-0.0431303666060311 -0.05767923920389 0.00340656556455505 0.146605650869265
-0.0563872171207733 -0.0239075646413974 0.0597618246048434 0.0854220971286742
-0.0639836264824298 -0.0178374232555515 0.0793205423612444 0.0296920317628596
-0.0651694600530028 -0.024678936653779 0.0884431086096614 -0.011608288684195
-0.0743674751501617 -0.0677047954931732 0.115685558446153 -0.0157647256514236
-0.0205400562412475 -0.115773369699287 0.132246383234686 0.0316643126574184
0.0630793591246484 -0.102743146084102 0.0880695587942246 0.11188492778217
0.158912818478592 -0.0245486515531603 0.0152899541880966 0.172713181595297
0.157562416119602 0.123349994830295 -0.0554735526430379 0.172552712251094
0.0790900313243681 0.221841168777275 -0.0408157180771729 0.17523922559043
0.0224177159612313 0.221300010189085 0.000568628966591143 0.0367533547880863
0.111132297419064 0.139058344564307 0.0874322495854445 -0.0939336495817977
0.144951415651261 0.0290933592590065 -0.0415284728643836 -0.186123755970914
0.0909943606643892 -0.0791763384746373 -0.184727521350402 -0.064654744779734
0.0124270514282171 -0.119253489896708 -0.137855485332471 0.091732092754636
-0.059259525599589 -0.0945929682608782 -0.034184318621978 0.120628228259415
-0.0829973889627618 -0.0418727773077249 0.0241962861566407 0.0772255420301015
-0.0882383723322592 -0.0241620697100163 0.0473263116600862 0.0221187744060056
-0.0855166109417913 -0.0307418242347137 0.0545399656572121 -0.0250113468369688
-0.0956239375420024 -0.0812752904557137 0.0846136757413385 -0.0492410171872525
-0.0387286814673412 -0.14242051117792 0.126771694863266 -0.0256915917745296
0.0597586261035301 -0.140008020729531 0.122045822607222 0.0597818733233459
0.189947695262262 -0.0526893035359033 0.0573912568202921 0.146967017155938
0.191438809421771 0.133851334643758 -0.0359122242231957 0.156762231448085
0.0896420687861848 0.24991535772015 -0.0426711114387694 0.106534798637656
-0.0148397306714266 0.239904436571688 0.00762350652248708 -0.0496141563128051
0.095107633529625 0.192955989869114 0.094620245205265 -0.123503950853086
0.170330013816028 0.0770068692952313 0.00163219890388159 -0.21236675981547
0.133580123952885 -0.0773616511333598 -0.145722490555911 -0.119896015640836
0.0316434664843532 -0.140892596821068 -0.140641737249754 0.0210837927287352
-0.0612062381223421 -0.118365232165454 -0.0726438157655975 0.07595805273046
-0.0958352847131283 -0.0548691366090463 -0.0194843106152318 0.0589750442921764
-0.098912440048309 -0.0272566107262162 0.00937492201154136 0.011297646805033
-0.0931450346641245 -0.0314818329005808 0.0153469741753156 -0.037066382797564
-0.10105616243609 -0.0823841212188049 0.0469709383678831 -0.0756547808535157
-0.0479364976666734 -0.146707603239939 0.105391575578243 -0.0734393454258166
0.0494424049843389 -0.151786601380437 0.135998908654868 0.00791827477866915
0.188650233371567 -0.0651966356253352 0.0826597896747885 0.112597044573061
0.190508832728295 0.12920512688225 -0.0276412094267902 0.135001072187954
0.081552009166636 0.243952764867557 -0.0492883454043737 0.0359531653540624
-0.0460543723750884 0.211343619170796 0.0220471161672746 -0.136933768385876
0.053642041386194 0.200200386593973 0.100833080971395 -0.152469953115302
0.148654602008816 0.105698381093535 0.0443440168700112 -0.217107856253721
0.140728179728777 -0.0530691907061013 -0.0868921977392608 -0.157753360925331
0.0433551995634172 -0.130105845558487 -0.125099080454488 -0.0505349721077244
-0.0503571891326821 -0.117437970015776 -0.103368303410699 0.0232355936614334
-0.0915625108725793 -0.057133945536666 -0.0623168037996343 0.0338581249120821
-0.0943976519187972 -0.0264672331167558 -0.0288265664485481 -0.00128470553096129
-0.0884189304659142 -0.0296820275682888 -0.0227131144072922 -0.0472837288975433
-0.0918096428654402 -0.0748313846160894 0.0119276166039969 -0.0941271133690996
-0.0428509996945742 -0.133371687778079 0.0807727571808255 -0.107126389637139
0.0466467876916425 -0.137058095057951 0.137505320210707 -0.0294488948266448
0.168124511025009 -0.0509935443445664 0.0916067473420821 0.0836042480634665
0.154359231569574 0.123098453508963 -0.0256385493527339 0.111636849986817
0.0531679976333341 0.209149757415088 -0.0544752502474999 -0.0296487869139759
-0.0599706893345206 0.141557518840621 0.0369316252742015 -0.20752169642023
0.00842446577969475 0.156539649359465 0.104136913016921 -0.170163798358408
0.0948894991259667 0.09863219318972 0.0734862531593542 -0.203645527466168
0.108377806471742 -0.0244690374977579 -0.0318624163615547 -0.172063412485607
0.0397917730488004 -0.093089810685956 -0.101430520430427 -0.103587187919515
-0.0324651597706709 -0.0924931646939795 -0.122157523203497 -0.0222368778235437
-0.0717205628880725 -0.0483373561932307 -0.0970580346851408 0.0104790534278662
-0.0755322076280846 -0.0222350185347951 -0.0612992526194998 -0.01236224581421
-0.0732730484523455 -0.025300889746618 -0.0534223181843211 -0.0570857754903007
-0.0722644108418529 -0.0613723893638126 -0.0138067780029179 -0.107493810997393
-0.0277525009564768 -0.107638540283194 0.0636204472490722 -0.128349264695552
0.0479025679724937 -0.105963386754014 0.135604025822482 -0.0495107003093688
0.134886646215162 -0.020374377027717 0.0932344064505343 0.0651355129922527
0.0978846070980856 0.114001015353979 -0.0236636192355148 0.0897157541994645
0.00956825551028743 0.1536732271116 -0.0494453135334952 -0.0817354502532456
-0.0589578836803304 0.0481210231118138 0.0410834327853247 -0.245828972600757
-0.027134312323149 0.0800397676331071 0.0999739239003279 -0.174162870515659
0.0327200073278586 0.0609211623215584 0.0832579829171329 -0.186579313904772
0.0536714771631959 -0.00262229619186838 -0.00201969823789415 -0.172554092171916
0.0242107990699905 -0.0435354630343139 -0.0883673074239556 -0.128034650805725
-0.011487373199792 -0.0520656301957462 -0.130568153692492 -0.0473421213555842
-0.03920838144087 -0.0311214901216832 -0.116969032086033 -0.00592461899332973
-0.04670360575252 -0.0147997406976321 -0.0831068267072412 -0.0222299646128967
-0.0491080885452699 -0.0178568360861711 -0.0732086940952851 -0.0657427359126703
-0.0466402912164085 -0.0424183261534264 -0.0288228011225754 -0.119108336746233
-0.0113532432533971 -0.0739174569058231 0.0554928036640237 -0.141114993092462
0.0470971947650293 -0.0683305575945296 0.138443359693736 -0.0566967696991108
0.0946560404803816 0.0128729803124744 0.093858230130328 0.0573575144064214
0.0365729241440406 0.0957606364827134 -0.0213753239752815 0.072647551495421
-0.0341374618824576 0.0827908898182925 -0.0341583212409948 -0.115006186969968
0.0600640621037476 0.00309898467028924 0.0290313082077317 0.153230846933348
0.00894477303298242 -0.0468568827070453 0.0702305391556052 -0.0561419020322343
-0.0398293012788551 -0.0269143180756016 -0.0937895951878854 -0.0888772252709621
-0.027344246121334 0.0257398181198728 -0.171837288302308 0.03475173704121
0.00493559986290846 0.0235074367382695 -0.0795735204709335 0.168205746229859
0.0103237671541081 0.0132826821691628 0.0390414563614937 0.149520863492096
0.0138766589391911 0.00802127119791451 0.0815881924612887 0.08312453512259
0.00585048188164024 0.00373492161421431 0.102932372944563 0.0359282054441918
0.000353287976377251 0.00562994115472996 0.120210828743836 0.0143627314909803
-0.0115508970019212 0.0040068207210593 0.134983004140803 0.0450310736118565
-0.00997822825520204 -0.0087867350358512 0.0967281305711679 0.116457112516136
-0.0006162120698798 -0.0160586647945729 0.000556776438184344 0.167956059101844
0.0269446064137673 -0.0287424764365773 -0.0708129801518596 0.179535732415311
0.0574920630618363 0.00381509297990375 -0.116747249226409 0.180833739067272
0.0575062292664453 0.0591728003390313 -0.0632824996835679 0.260162585634579
0.0646012635341797 0.0880529839954979 0.013400660348076 0.143364171563732
0.0564327014295495 0.00150163656861843 0.0742486130826858 -0.0557613587032269
0.0184035703810208 -0.0270996075495921 -0.0858930496509571 -0.114875260480263
-0.00271534130800327 -0.0151490503888522 -0.185635551787278 0.0163980735896506
-0.000913138379994127 -0.023066203282487 -0.0993494331954146 0.163612603990123
-0.0176970676771036 -0.0204776669048928 0.0253198832342827 0.155396314029
-0.0218419126099296 -0.00743211543498491 0.0774767743968541 0.0882662403447777
-0.0305944360523121 -0.00901424374962406 0.0977307907010708 0.0355819792063541
-0.035387519955018 -0.0136664460358119 0.111376925703179 0.00486667362009371
-0.0429000978277897 -0.0407460690167007 0.133116875614802 0.0210817179819963
-0.00609108669475441 -0.0687017660494665 0.117934063492587 0.0867696234856888
0.0467722896691311 -0.0536107096052205 0.0365249545842954 0.152714283586028
0.0993546014171536 -0.00644623689908007 -0.0383386575540919 0.183525849537474
0.102680952931207 0.0843459567638069 -0.0916200444156872 0.178754721615333
0.0601745728118388 0.158516847799312 -0.0555501025145845 0.230500986621856
0.0477711332742467 0.167497686470025 0.00163074592858028 0.104711322447042
0.0929107922944428 0.0697054472997168 0.0834356947778104 -0.0670132469656203
0.0853018801696864 -0.00735688396114456 -0.0685226897936857 -0.151578582396422
0.0400362279261862 -0.0535146693916023 -0.195247850959291 -0.0207983207278194
0.00187758251705909 -0.0746638061191889 -0.1236787065491 0.138242630096207
-0.0418927300611969 -0.0593699955869492 -0.00216324042379765 0.1478023666104
-0.0559325998787292 -0.0258209505079291 0.0566760075821263 0.0877988196523423
-0.063613151348204 -0.0196354389595145 0.0782358169479727 0.0323317096087197
-0.0651939355262206 -0.0275516503745787 0.0883005150305616 -0.00889861009677251
-0.0727766067477535 -0.0706327796039375 0.116279919754554 -0.0132592233571445
-0.0178452588472799 -0.117122266178076 0.132759113331318 0.035283576113971
0.0669459022001369 -0.101063767938016 0.0839187984981164 0.117497339912244
0.160660245006917 -0.0188242527114797 0.00867131440522308 0.175946094034398
0.154188924686563 0.129707113630524 -0.0641061216614699 0.172149560393176
0.0731650838513509 0.226884272053008 -0.0478759140443253 0.175752016898491
0.0150202854730662 0.224096425038947 -6.28009729823344E-05 0.0377701373741205
0.107018218944061 0.143707693277614 0.0921025445365721 -0.0895442129455632
0.144373262207293 0.0340182911501571 -0.0350648389851997 -0.190314000917971
0.094260413367616 -0.0761509893592132 -0.183348205696793 -0.0740510622759059
0.0159779373310856 -0.119324109359659 -0.142198456771031 0.0870510202090249
-0.057304243053874 -0.0967633138843007 -0.0384887143528958 0.120649732775911
-0.0822908790228631 -0.0443364533593945 0.0215157674727243 0.0776242155303798
-0.0871529723854282 -0.0264800876522024 0.046910486092752 0.0231757834866735
-0.0851144356795224 -0.0339959732065147 0.0551318933647528 -0.0244245971440325
-0.0936227157953409 -0.0847019008237482 0.0857955559959608 -0.0478797608055093
-0.0356717212797793 -0.144876401781876 0.128449913138655 -0.0226857997894362
0.0645096866332609 -0.13901348321257 0.120897361700501 0.0662842868663686
0.192584394365154 -0.0470283041956647 0.0514803034516331 0.151950618012892
0.189375543742821 0.141407494382311 -0.0439057034249401 0.157911181148602
0.0821357945015125 0.257320654249836 -0.0477542422696927 0.106760189252261
-0.0239783024429169 0.241077809090067 0.00988956431252204 -0.0491758148123206
0.089301390608412 0.197689762770727 0.100712535594748 -0.119024934876567
0.169122602879679 0.0827671795157794 0.00977427177156999 -0.215398249762507
0.136794554995748 -0.0735758074472288 -0.141639499464029 -0.128503639960153
0.035949755539474 -0.140995228844339 -0.143749316700051 0.0150154563158419
-0.0583957146890338 -0.120940492273477 -0.0759413902566314 0.0739184703728928
-0.0947270362878818 -0.057566264519743 -0.0210826847053671 0.0584609258716764
-0.0982044811452826 -0.0304388014194734 0.00905453370339197 0.0113329147320179
-0.0924237146848511 -0.0354653647899759 0.0156591372180822 -0.0369189738581007
-0.0992798655414962 -0.0856507485344472 0.0489289792289964 -0.0747781384604395
-0.0449040192446957 -0.149149585075282 0.108815240149658 -0.071983390057248
0.0540835861304124 -0.150766741969562 0.136446702890594 0.0141163221034202
0.1916710260118 -0.0603267887023876 0.0784331020686865 0.118507558698474
0.188978526524554 0.136114558181432 -0.0340699805618751 0.136368115917757
0.0751246872681141 0.249993040749997 -0.0516802782202021 0.0343964209231343
-0.0544589075002146 0.211573694690563 0.0280522567263697 -0.136590319273884
0.0466811260940422 0.203899868293482 0.107335121790568 -0.147651411241678
0.145009648318592 0.112337713352306 0.0529570105497593 -0.218461198424996
0.142951182403048 -0.0483341481349752 -0.0810017803226723 -0.164613471030956
0.0477237399224813 -0.129545987596742 -0.12516675506308 -0.0572399484996449
-0.0472937519018745 -0.11973630115234 -0.104931400929065 0.0202405671552253
-0.0896786830689006 -0.0601821539177711 -0.0632000234416179 0.0323621046512183
-0.0933560714004395 -0.0296231264477143 -0.0289482614602426 -0.00172759465844362
-0.0876041050895996 -0.0331575374715182 -0.0219249736731598 -0.0484451964465002
-0.0896871791369304 -0.0779679151060561 0.0143200577559912 -0.0946067168753255
-0.0397325855108589 -0.135569039885089 0.0855063207873187 -0.106591739582108
0.0506783216018077 -0.135933981769391 0.139331060894594 -0.0236534348717765
0.169759373003428 -0.0462497649848845 0.0892645113388695 0.0901666362246798
0.152495274604482 0.128829531392644 -0.0305395222585956 0.113169858793859
0.0466759625485774 0.213089703249247 -0.0539537422871331 -0.0315945799525045
-0.0661131027560888 0.140768410847373 0.0455461081027079 -0.20750207643817
0.00311830792985272 0.158336333991438 0.112624140321219 -0.165631171508965
0.0913462144748153 0.102988984720327 0.0825788082772817 -0.202771348171189
0.109584282359897 -0.0205023472325814 -0.0249581781650895 -0.176603518546541
0.0426009460273277 -0.0923262371011101 -0.100367169888623 -0.109423619643268
-0.0302895595378166 -0.0946467322275073 -0.12265289781145 -0.0265590282042932
-0.0697301425524709 -0.0507528516328539 -0.0966334340977985 0.00808206239061905
-0.0746840412175932 -0.0241562230939022 -0.0613838142022048 -0.0152125792854568
-0.0728324246233564 -0.0272090444417503 -0.0523824903866085 -0.0590706299916201
-0.0705680100409519 -0.0639605856560785 -0.0105638241457999 -0.109030040703402
-0.0244579041569086 -0.109191006095656 0.068343459764584 -0.128230144416522
0.0520281254362391 -0.104444442436925 0.139291228538512 -0.0448002226145029
0.136238096416153 -0.015154229339255 0.0916177374214019 0.0710259676097454
0.0954516977984814 0.118121875596257 -0.0276494933256502 0.0905508122630086
0.00415993559250308 0.155672314834007 -0.04720668794087 -0.0834723788537093
-0.0606593111238265 0.047187988180095 0.0510204069238496 -0.246451369384036
-0.0293759260844942 0.079404384246726 0.108055500598013 -0.170348266254831
0.030450639673736 0.0622751462597118 0.0910258291566517 -0.185274899155638
0.0536835104085441 9.16071124246779E-05 0.00510589151788481 -0.176214216879648
0.0255198538013762 -0.0429197339667687 -0.0859901368237626 -0.133655533125175
-0.0102261256064335 -0.0529283364443906 -0.130598298801237 -0.0516912530725822
-0.0385737205671983 -0.0327541150586446 -0.117434137768044 -0.00908075897408531
-0.0452488728737731 -0.0160635654674803 -0.083274338999067 -0.0258396560903178
-0.0483568699405673 -0.0195993689061251 -0.0712388247140749 -0.0686424159660893
-0.045458002744474 -0.0438389375593054 -0.0249624901710641 -0.121421088342418
-0.00986961714310464 -0.0750340203284352 0.0607190667811272 -0.141226738206219
0.050187509159436 -0.0674206534200355 0.141859133227205 -0.0514386571358513
0.0936851809591772 0.0163286051000259 0.0922901506142041 0.0624596456910576
0.0334905658469354 0.0968479894840915 -0.0239165171730099 0.0735980087728743
-0.0371585401469202 0.0820683113082802 -0.0307817876962096 -0.116771794949265
0.0631710362695096 0.00386329316168915 0.028785712764698 0.160390345323614
0.00997349957386993 -0.0489592743746349 0.0743058765162466 -0.0568098662174381
-0.0405741860334267 -0.0276024963667221 -0.0959471108632069 -0.0942583766634759
-0.0283015657391009 0.0266475194847998 -0.180740144403594 0.0329407209984133
0.00518303639698221 0.0240965470496881 -0.0844068258139285 0.174570406945277
0.0102613509581175 0.0141957742628709 0.0392235990674261 0.156025246383968
0.0145519198649406 0.00846111532905703 0.0825443154286685 0.0886804301620039
0.00649737221398659 0.00387216778814679 0.105469379776675 0.0381493961368455
0.000215916985614015 0.00573954146041386 0.123523468050297 0.0161936585493958
-0.0127001981594459 0.00377800940444892 0.139844855159734 0.0477025706853912
-0.0106387579174382 -0.00978432873848584 0.0996049043552918 0.122949097842415
-0.000243891395052613 -0.0168994339787197 -0.00231238312702989 0.176511074348557
0.0285059177477517 -0.0290928608407109 -0.0769487345294644 0.185554065309434
0.0594728423703981 0.00438574485524435 -0.126913842212681 0.185706788403112
0.0593498340475849 0.0622886174725737 -0.0705339659326761 0.270863113202374
0.0669362528982944 0.0920093868109334 0.0125679490563098 0.150580756738704
0.0587559447094879 0.00228632879862508 0.0790295034301002 -0.0560235855545721
0.018958928569668 -0.0279565877355531 -0.0877952423106552 -0.120508032887476
-0.00252465294659268 -0.0150082292186639 -0.194242456233135 0.0139807759684008
-0.000645168836314698 -0.0242367099630216 -0.10478570374057 0.168868017377045
-0.0185021596920826 -0.0207342934377493 0.0245324013754443 0.162004733747014
-0.0226013951513048 -0.00776627626697791 0.0775294779317106 0.093115739905588
-0.031463901978359 -0.00912107338800166 0.100546066213584 0.0376472918137053
-0.0366956962000297 -0.0151203703926247 0.114268952057611 0.0059176475590458
-0.0443386817329145 -0.0427507346427805 0.137312780049396 0.0221784868334758
-0.00643396769912754 -0.0714833221878822 0.122387281407141 0.0913946661788873
0.049304326352967 -0.0550118905503399 0.036245235945473 0.160997969078199
0.103234681462473 -0.0051119752128154 -0.0431561210341728 0.191009826010494
0.105754478528716 0.0886652116223895 -0.0999430694445489 0.184371380374496
0.0608788974121085 0.166198006549461 -0.0620536480545619 0.239107157292839
0.0490914126365988 0.174864401479481 0.00075565649361093 0.110237807360593
0.0960851436402857 0.073253865109653 0.0882236816200975 -0.0662901274061889
0.0884189849927085 -0.00659468657212662 -0.0685993808469939 -0.159745107248199
0.042013625556984 -0.0540797619263348 -0.202677218927643 -0.0257145981230017
0.00251927060118886 -0.0779336387712574 -0.130470140507186 0.141887214138259
-0.04380822263212 -0.0617221594622048 -0.004234453649902 0.153635582257255
-0.0580519552371581 -0.0273789197815005 0.0568958946357954 0.0915034852284519
-0.0656537374835331 -0.0206257710701057 0.0802319171593881 0.0331900760884885
-0.0677870271172867 -0.0303852083005463 0.090461986867678 -0.00923296441277723
-0.0760081603398902 -0.0742391363503927 0.120422289867396 -0.013831414994814
-0.0184922838998853 -0.121790655399625 0.137832429081219 0.0372577530773524
0.0708814715623731 -0.104244624818959 0.0857837961291737 0.125577959583581
0.166831144557817 -0.0183866470964569 0.00587897643781926 0.185217344014044
0.15982619743958 0.136272841945615 -0.0713501422441614 0.179062343004798
0.0731373568938297 0.238831989603236 -0.053290791522334 0.182292736772081
0.0138327794014587 0.232805822861227 -0.000432913464138949 0.0412137341958213
0.109969472734632 0.150537855789214 0.0974693620824486 -0.08959917707896
0.149016619435406 0.0367030949664984 -0.0323126574166549 -0.19946925490333
0.0987398176231522 -0.077974655311549 -0.189107853611482 -0.0812604576197887
0.0176583849405522 -0.123816532218434 -0.149595081896926 0.08743472708206
-0.0593103836537677 -0.100847880906463 -0.0417389725139174 0.125758137590428
-0.0854893932311407 -0.0470493612240508 0.021100706386534 0.0812296073702136
-0.0900717880154456 -0.0288451047746581 0.047746002383139 0.0238002971405909
-0.0880595444608534 -0.0370643696736504 0.0557207751786605 -0.0248023192979714
-0.0973936704138701 -0.0887348960050976 0.0890294329413516 -0.0508482220843318
-0.0370309861003243 -0.15010539998018 0.133996705708265 -0.0242231629022719
0.0685967993435237 -0.143415365575965 0.124298627536194 0.0716044287087342
0.200295427356419 -0.0467602146564273 0.0513235607991229 0.161281159654476
0.196564812407816 0.149016140836635 -0.0491648544797859 0.164421724214015
0.0828964518642048 0.269581264659111 -0.0511966099332961 0.110927511592818
-0.0271390028901021 0.251044109646008 0.0110262591471437 -0.0493837400877102
0.0903496996762746 0.206547940130097 0.106777079710659 -0.11963936948267
0.173896028210468 0.088165246237684 0.0138418209783894 -0.225456671626232
0.142939405838236 -0.0739131499798046 -0.144896366056063 -0.137884915258663
0.037502204836188 -0.145838412444856 -0.150881829097899 0.0128295725699578
-0.0607213810225999 -0.125637777156021 -0.0801389448259618 0.0768583228113284
-0.0985632520670875 -0.0601945781244869 -0.0223021127224839 0.0599485156691073
-0.101209982126917 -0.0320391609612219 0.00868427195482042 0.0116670531962957
-0.0958822481827421 -0.0379082283725708 0.0160371221908814 -0.0384141021344454
-0.103043981805696 -0.0894469006700186 0.0508649734039691 -0.0783585962106234
-0.0465512077719427 -0.15546926719644 0.11342373630463 -0.0760279954517192
0.0574799361218901 -0.155086758189138 0.1416019676274 0.0169705943769677
0.199618566317712 -0.0612175822289811 0.0799592754847022 0.12652584744577
0.19600522735392 0.143133571633974 -0.0379874112947501 0.143157856946923
0.0753411183199148 0.261318781093738 -0.0544385739017585 0.0357577658621364
-0.0590295985573061 0.219893403625493 0.0312019053798891 -0.140957036977841
0.046773694060699 0.212761195516093 0.11498285336304 -0.14969822987586
0.149530673663829 0.118327436047458 0.0587383553010231 -0.227036795035312
0.149014801630178 -0.0483646261541936 -0.0814750035223952 -0.174920234202013
0.0503589454628669 -0.133911921012256 -0.131326538879983 -0.0624147177014537
-0.0491889993385888 -0.125173865826367 -0.109609720576531 0.0202180602884121
-0.0935154221417822 -0.0627007668241265 -0.0655083771432944 0.0333366464860195
-0.0961539509718656 -0.0307584491420484 -0.0303851379790067 -0.00247942283066619
-0.0910675947161935 -0.0350299598353219 -0.0223147318206078 -0.0507085350817123
-0.0935265340638121 -0.0817553745960341 0.0156152832474219 -0.0986945786831544
-0.0407551791296514 -0.141102408933951 0.0899213934611809 -0.111758353615424
0.053903109820704 -0.139718271614846 0.145055454720617 -0.02207098340709
0.175949119720819 -0.0461079556245664 0.091014357469644 0.0970741317088611
0.158014900370997 0.135335149888412 -0.0336591268484416 0.118475492861957
0.0467223061131531 0.222980609782198 -0.056265450291145 -0.0327164554498128
-0.0698848636216188 0.146082572269646 0.0502541680033899 -0.215104103141242
0.00099858724488374 0.164537149322439 0.120216764066967 -0.1685583519163
0.0932285493489652 0.107613059370202 0.0898793799034597 -0.210826680043176
0.114285743209741 -0.0196932571639384 -0.0222961748447782 -0.18708005480503
0.0449529375601888 -0.0954861464828321 -0.105166918592742 -0.116653697305528
-0.0314166749449147 -0.0988565230693252 -0.127675901494579 -0.0285206343552214
-0.0721799673881229 -0.0532517979974789 -0.100588660090588 0.00688341004317353
-0.0761571080848944 -0.0254130561921839 -0.063441701895364 -0.0161528769675173
-0.0747721767500947 -0.0287858371364193 -0.0535070609135734 -0.0619840999925617
-0.0726850991757289 -0.0674069022348764 -0.0103127006161958 -0.114313829656647
-0.0251582048341836 -0.114033827937491 0.0718411526807526 -0.134416708570051
0.0548486719925144 -0.107526828204488 0.144891950331917 -0.0446418010478409
0.140760339752379 -0.014403032769925 0.094157203932718 0.0775404437329902
0.0988220310820739 0.123659826465145 -0.0301718086942093 0.0955081681634327
0.00300689543991929 0.161897226786099 -0.0483188298244809 -0.0867297166888183
-0.0639570360550877 0.0480248965915164 0.0568400873373178 -0.255816283676597
-0.0311973783339829 0.0822806416658591 0.116637558047194 -0.174682674091855
0.0306035599221113 0.0649575612340831 0.0984533585239598 -0.191804860046978
0.0557429506811156 0.000899259928147131 0.00898054257849657 -0.185312356595768
0.0266547581382942 -0.0440347902449538 -0.0886058113158341 -0.141665179373532
-0.0109803350510561 -0.0554813353930157 -0.135815632460061 -0.0556807036019105
-0.0394762918496114 -0.0337761857965878 -0.121944243270399 -0.0103247925722683
-0.0459442775635877 -0.016736253784221 -0.0862761922056332 -0.0270419239348596
-0.0499118719209119 -0.0199519855153735 -0.0736661409376487 -0.0725725841812161
-0.0462601317522286 -0.0457159316729844 -0.0244868156416686 -0.127375831430882
-0.00891666411317308 -0.0782935024055533 0.0649075904269383 -0.146898692214308
0.0525957644967817 -0.0684125710257172 0.148984289383643 -0.0520766979980974
0.0971702914307841 0.0182282766205674 0.0952931312953967 0.0681775016024223
0.0340626718054994 0.101469506513333 -0.0263716474155516 0.0767454546375069
-0.0390672667047178 0.0845425825291525 -0.0311981834259236 -0.12121187186064
0.0667759434611695 -0.00806429586277568 0.052972578457852 0.167727483065801
0.00401304559616904 -0.0521491547035018 0.0711411912600363 -0.0685803763740963
-0.0453678761406946 -0.0227225503483364 -0.112052185987006 -0.0845801401550303
-0.0242720386760369 0.0295600789491321 -0.181894832333021 0.0629319431045993
0.00640177727356096 0.0219519971264354 -0.059228449324629 0.193772841159171
0.0116130635770584 0.0125437339992678 0.0642544971272416 0.156416077272903
0.0164301070245235 0.00642750586248442 0.100717823967767 0.0810727452121597
0.00668438465302787 0.00305400193175538 0.113413272944531 0.02410205872401
-9.40771260436509E-05 0.00587826161224358 0.130189149083918 -0.00178724388768521
-0.0132597683012768 0.00609403446564192 0.151552968492401 0.0277012234328042
-0.014211095327091 -0.00757802770304558 0.12240415968768 0.114186504291182
-0.00184994031849919 -0.0182458399977158 0.0231462905531481 0.187308433040373
0.0240118367419753 -0.0344639632061523 -0.0549634341682625 0.204533723612882
0.0616608424757655 -0.0050023511257866 -0.10675597198086 0.209180832716203
0.071637141756916 0.0539747449663852 -0.0363742613192345 0.292378157364065
0.0855920261152299 0.0850481872621496 0.0282339159368611 0.154623443009487
0.062047273609405 -0.00491805089845947 0.0734563575864246 -0.0685226339932122
0.0170273407910595 -0.0312143802479574 -0.110430321813711 -0.111911175844133
-0.0031189938605606 -0.0166068198563656 -0.200396526721168 0.0464964044461927
-0.00610103011345553 -0.0271563180973964 -0.0817511444298503 0.193430416374359
-0.0230383415764371 -0.0193365581429094 0.0512143158523996 0.165624244281185
-0.024627137301 -0.00462309636928094 0.0969983394736806 0.0861018024969551
-0.0345194926831177 -0.00479423234453269 0.108210185447737 0.0243560644562394
-0.0404022877099542 -0.0101915502703653 0.118756095690894 -0.0101173564245122
-0.0530808012204148 -0.0362593847602538 0.144889903563284 0.00179834720108625
-0.0188703530386977 -0.0713118894014595 0.141042491776423 0.0774819147191861
0.0434726995379498 -0.0643036457877075 0.0596896327938874 0.166143499502808
0.104503649338858 -0.0215834910255471 -0.0195403640912562 0.20448370450177
0.121228784252724 0.0746948934313662 -0.0775703347033695 0.203334563212002
0.0882054208810492 0.160214161612333 -0.0320522773954249 0.259175899891099
0.0799398994036836 0.175249671862025 0.00634155632387096 0.109354332607238
0.111239070550573 0.0645401024613184 0.0783004565169177 -0.0823226510456251
0.0924289204371586 -0.0185511258724244 -0.100177162845137 -0.155389065798761
0.0383391215446595 -0.0630772796023959 -0.217041687192644 0.0091423457337579
-0.00962016943016072 -0.0824618200903333 -0.11229155062385 0.17177884335009
-0.0550872842070187 -0.0585785738558189 0.0220899725532044 0.163384904421562
-0.064039290360288 -0.0206889743447826 0.075299275693887 0.088862398594589
-0.0709460619215252 -0.0115339877491501 0.0866776062297933 0.0223621419550465
-0.0746253855468962 -0.0207399648012322 0.0912472094438246 -0.0228375818573711
-0.089188161674227 -0.0635384612987217 0.121074256308599 -0.0322921028154344
-0.039142870132192 -0.120613885234176 0.148546729279196 0.0192794919909044
0.0584364300838709 -0.117725845030931 0.10562316592467 0.121396968147952
0.167963599810183 -0.044475860572772 0.0300786973943731 0.191142403188387
0.183735835506377 0.11514170333915 -0.0463178000483643 0.192659811910133
0.111070983262683 0.232560954519698 -0.0296860898070205 0.199998639545551
0.0534228110317007 0.243783564594059 -0.00842263460251303 0.0306737936307979
0.136227682703665 0.143893180237457 0.0823121202906328 -0.1095795496672
0.162359871528032 0.0185352157009528 -0.0744380700049688 -0.202802155121939
0.0938160567062955 -0.0949027553058423 -0.214596449952322 -0.0499779036376224
-0.000766264169582656 -0.132552398382404 -0.142617490139203 0.1214825394143
-0.0771360520085123 -0.0968065210068493 -0.0205044179138703 0.141802735148451
-0.0945615665659539 -0.0364623747948759 0.0368814590900852 0.0836899032056996
-0.0968064054187203 -0.0163326742518453 0.0522752853745116 0.0173067957358573
-0.0956783357871668 -0.0253286769410755 0.0532346226529984 -0.0336225736972827
-0.113335395968225 -0.0757050691111981 0.0835986618702518 -0.0653370054318053
-0.0620128735516411 -0.147175015412124 0.135768608961708 -0.0444772356916879
0.0496547305726539 -0.157564463116382 0.137596763847924 0.0601299450334989
0.196568169201427 -0.0787048190105823 0.0741173743262282 0.159821148078593
0.223522672949375 0.122747932819013 -0.0249811040145519 0.174640478851473
0.12552493145153 0.263490742457361 -0.037241373641067 0.125382237295931
0.0134951098052266 0.270923916864244 -0.0098114677259294 -0.0702134697524782
0.124003018951338 0.205261121012116 0.0862321450306378 -0.14603111078136
0.195662708708888 0.0684217822660672 -0.0326265141052424 -0.239383641244279
0.140511503041025 -0.0965264187871999 -0.180613425233864 -0.116052088529631
0.0181043651855718 -0.157666012374055 -0.156680092346194 0.0448455598758831
-0.0817448890345169 -0.122334191670079 -0.0678404619799248 0.0987106463183773
-0.110429031872839 -0.0488021040820791 -0.0112154050928837 0.0700041637977766
-0.108308359004849 -0.0180786700955678 0.0105530069062196 0.0105479551680774
-0.104482723536896 -0.0250962219382859 0.010249079180944 -0.0422838905977791
-0.118320479431647 -0.0762448436412386 0.0390583193141359 -0.0888961142383294
-0.0715943463446773 -0.150680780856475 0.106492673710852 -0.095088357984086
0.0367192003586178 -0.167372386848905 0.148243986050244 5.57007563065684E-05
0.193494563235972 -0.0938494472635828 0.0993339979787707 0.120536873677694
0.221975976668739 0.117643566453457 -0.0161468027513778 0.150750523752155
0.116318039111163 0.257388870264772 -0.0512664739149517 0.0472837175864917
-0.024741736467418 0.243631853015686 0.000583650365218928 -0.170454760365925
0.0788601281135126 0.218351814401959 0.0919000485045982 -0.179374819592758
0.173485007280551 0.104477262086035 0.0149444889241269 -0.250077554243099
0.150864624164113 -0.0695143574507115 -0.120711548812243 -0.166456410018281
0.0345329328782576 -0.14708133216417 -0.150504902172283 -0.0374899637554736
-0.0697187939580149 -0.123304495451017 -0.108858559660721 0.0445400922967517
-0.105367953549704 -0.0522539058600696 -0.0616440044657896 0.0493179579128928
-0.102425835886584 -0.0186477779452425 -0.0317390633652422 0.00174997776561743
-0.0984597682565589 -0.0223587810256849 -0.0315026487569754 -0.0490184387545923
-0.106812560690692 -0.0698435004345833 -0.000411727125517902 -0.104930145796734
-0.0632074502321081 -0.136957406038341 0.0766887485409196 -0.129331635490074
0.0355713537882574 -0.150244187411384 0.146401969879985 -0.0422709330878939
0.171919979677198 -0.0742188418672713 0.107445539454293 0.0883107746977653
0.181934233999673 0.114993423687447 -0.0149012326835603 0.125477022714051
0.0807290312984679 0.221399328702847 -0.0623544752658138 -0.0245650746621789
-0.0481503543403792 0.168066421520851 0.0139110709113233 -0.24676899982576
0.0252031027123032 0.174159417423539 0.0980942730610437 -0.199956835850966
0.113345797184629 0.102000003104077 0.0530864360384581 -0.238260620381004
0.118423463261878 -0.0339235044076633 -0.0597876039251692 -0.190652510944527
0.0350567216881193 -0.105420070926107 -0.131552418241159 -0.10010712062325
-0.0467317349722932 -0.0981860324803965 -0.136220439718113 -0.00524751302496772
-0.0819017791691065 -0.0455561496468868 -0.103094013990061 0.0267017021332433
-0.0813871548220558 -0.0163275350430242 -0.0677836702428462 -0.00732548114298353
-0.0807745960056942 -0.0184990981171245 -0.065249045873052 -0.0562934191343943
-0.0830412876194014 -0.0579659589202319 -0.0291957562971636 -0.116629833758396
-0.0426142466364188 -0.111820523035355 0.0550184371310568 -0.150113618120897
0.0405198740854775 -0.117181867043181 0.143160320973599 -0.0663548868138952
0.141146448066046 -0.0355206424574088 0.108411086185834 0.066179909356172
0.1192701725761 0.111527919119462 -0.0151610967876226 0.101870891366126
0.0270058671211468 0.165018161432128 -0.0630168989836327 -0.0826275167110112
-0.057244076676538 0.0636055824336124 0.0200993260479551 -0.284351807211699
-0.0199080694124151 0.0921530894238053 0.0961227479618415 -0.204795656473411
0.0410094507531781 0.0658067099154943 0.0699109595979965 -0.218660365606367
0.0602378239313438 -0.00499871407230263 -0.024765573943356 -0.194948575647733
0.0236624993596639 -0.0497608501734092 -0.11841207763072 -0.131026496909959
-0.0192102153989201 -0.056540281945844 -0.150126407278977 -0.0338633630195045
-0.0453045014595384 -0.0298664088122607 -0.128880008802279 0.011552568369029
-0.0489389722555647 -0.0119472691992449 -0.0921680589863561 -0.0155851460556733
-0.0534954095939221 -0.0125691040253424 -0.0870603075282172 -0.0642506786106182
-0.0527838850735809 -0.039959272917759 -0.044644041588118 -0.128185776544883
-0.019940573642007 -0.077387241375495 0.0461154194027725 -0.162944114709589
0.0440090285135713 -0.076940555997842 0.146379470242983 -0.074145825992515
0.101520223204127 0.00445449017108229 0.109170308175552 0.0575131904293344
0.049681516144284 0.0983022683798563 -0.01392889817124 0.0830286037444844
-0.0273938392956268 0.0922953751865941 -0.0498012093898283 -0.121481780652133
0.0672949146162424 -0.0138249843759933 0.0672451891566275 0.166861441557032
0.000227359413798751 -0.0534168612029662 0.0691163646116025 -0.0744635963141784
-0.0470936865419983 -0.0193455450747853 -0.118460579519077 -0.078840754802632
-0.0213445313740902 0.0317075428624403 -0.180848488964762 0.0760737719783998
0.0078149682917017 0.0213519785233875 -0.0446921870265576 0.200322966747066
0.0126966921028129 0.0121705114710832 0.0767094298195753 0.153688567965873
0.0171875209008224 0.00489772164539317 0.106665621711223 0.075362464620373
0.00656843677571625 0.00243799594882617 0.115829013467709 0.0164712943049224
-0.000125874555300486 0.00619749332806944 0.13064456452964 -0.0114906433537236
-0.0130765727112812 0.00698998397567488 0.154611807886128 0.0163348972557966
-0.0143142083384105 -0.00671308760126753 0.132335804156873 0.10631033401007
-0.00253898464173989 -0.0187934053727432 0.0369669064068945 0.189173017750916
0.0219387631193098 -0.0358561284678545 -0.0413655779300712 0.210344549382495
0.0611185600603813 -0.00988735297673089 -0.0949947674300812 0.218348471246981
0.0765884305918601 0.0490097331283455 -0.0164617115424305 0.29819305076364
0.0931218547695962 0.0788578424922003 0.0411078247231107 0.156649897787437
0.0624409382848031 -0.0105677318012744 0.0718072477258195 -0.0734827618948977
0.0147182608149112 -0.0326132136775868 -0.118955835935667 -0.106362704527905
-0.00335904265829241 -0.016198323770942 -0.200561897548516 0.0608796635863337
-0.00847155521174052 -0.0272094311022054 -0.068019105019964 0.201363767763659
-0.0247269219073112 -0.0177868734934228 0.0646774514478988 0.16385691034738
-0.0245398379050946 -0.00303007983718743 0.103078544686587 0.0809365260383943
-0.034962101325182 -0.00242808377646235 0.109619729329089 0.0164943384341472
-0.0425538494949874 -0.00737282139972109 0.118336815471138 -0.0194743945727165
-0.0565936709222974 -0.0320823744638428 0.145421387400645 -0.00913638771780319
-0.0248246986256678 -0.069856096376257 0.147727582422205 0.0673778628245603
0.0396768559654052 -0.0684846674088213 0.0729171242061415 0.165104038060804
0.103805278017507 -0.0290893510392861 -0.00547392680654214 0.208673855620375
0.127297660489615 0.0665162417887615 -0.0660849137226839 0.210970166359468
0.101341883451027 0.155454884955119 -0.0146334314463027 0.265016047948327
0.0951697507589832 0.170728837511253 0.0154782418495199 0.111297673885679
0.117115401554027 0.0560326221015141 0.0753450626477079 -0.0879442194343774
0.0912028428883262 -0.0257170218166905 -0.112245064653377 -0.150768532859896
0.0347375843288513 -0.0658969680320527 -0.220292625852914 0.0234397621599524
-0.0162307382257939 -0.0826935293986444 -0.101836735535342 0.181329594042252
-0.0603005838188553 -0.0544248220286198 0.0342153255545117 0.163219745781027
-0.0654327387202424 -0.0153525663973789 0.0818611069329526 0.0839250227458645
-0.0716707197432338 -0.00664088065958062 0.08791687664009 0.0160655883816081
-0.07702546194392 -0.0159411412569823 0.089291340901221 -0.0293853564180316
-0.0954640336322943 -0.0571482037251269 0.118627857937399 -0.042697066894035
-0.0491697409248146 -0.117532987079311 0.150854954303858 0.0073877705960653
0.0506787618363223 -0.12370293457076 0.116436320969892 0.116692187805651
0.16574637995599 -0.0572290928002426 0.0444270839353228 0.192388524244451
0.194068110481688 0.102259827004721 -0.0349852993051771 0.199084569043855
0.129204213917378 0.226992449861524 -0.0153680531494378 0.205043528273654
0.072111833836702 0.2420691143662 -0.00503070429314397 0.0337133310577718
0.148295058248013 0.134477318588068 0.0777426981055351 -0.11459091206362
0.164708449567857 0.00645836113819406 -0.0893756542801955 -0.201024910336428
0.0877002307923972 -0.102171452517387 -0.221854106940708 -0.0370453385807181
-0.0110619013236533 -0.133118294552226 -0.135889811539758 0.132810122251861
-0.0855895843222385 -0.0912567187125445 -0.0100179585695549 0.144526313584665
-0.0979592630616405 -0.0295905553810989 0.0433971764069263 0.0813719125591887
-0.0982964967709735 -0.00919533254611754 0.0530458398373294 0.0137808805523289
-0.0989996499788447 -0.0178783448100656 0.0498222973972579 -0.0376376186806838
-0.120608045271737 -0.0673036854678148 0.0778614277066745 -0.0724977880020695
-0.0751084356410621 -0.142717907377972 0.13282394010273 -0.0558971668890019
0.0384626224125221 -0.16229125863512 0.143627747021117 0.0523337450453403
0.19155272532495 -0.0945708727996626 0.0863524781152156 0.158823568469473
0.235045145929824 0.106299190561153 -0.0140328941524348 0.17933344120738
0.146905357104188 0.257827874891449 -0.0283157172413201 0.129818571368091
0.0345951719632573 0.272315936616422 -0.0139830673899629 -0.0683793131394942
0.140835918144301 0.197831239629312 0.0793797153347242 -0.151049070173975
0.201951587686204 0.0555079703072102 -0.0494683322956442 -0.240582173984842
0.13484983823601 -0.107157685220114 -0.191994468770349 -0.107029852727185
0.00602441407264162 -0.160636128567784 -0.157249183320148 0.0561210022162632
-0.092764273720761 -0.116411604722707 -0.0615255767915339 0.105163357913675
-0.1149063655464 -0.0403933507301457 -0.00685005312003992 0.071284191803063
-0.109482400831365 -0.0105683138150586 0.0109246639127595 0.010023316755992
-0.107357673885709 -0.0172385006443807 0.00568304439428391 -0.0431938948409384
-0.125562514364294 -0.0674173949710226 0.0317982583422335 -0.0932247614135686
-0.0852491946717231 -0.145331642400392 0.0997369311712614 -0.106618027187096
0.0246796362541895 -0.171209946170303 0.149585652578108 -0.00921132874304838
0.187275787741274 -0.108750281638081 0.109530845582234 0.117454034029533
0.233223533218484 0.101059798602485 -0.00602211888509421 0.155107286057874
0.137393614252412 0.25138486128046 -0.0481003911470846 0.051701620294285
-0.00618112666134458 0.247935918505545 -0.0111022681370583 -0.170615140389236
0.096113026324908 0.215295792266374 0.0821875141354343 -0.185940513299738
0.182290062732605 0.0932758797636474 -0.00211988990119424 -0.254439363165189
0.147264857236943 -0.0812130785112435 -0.134286001741692 -0.162585263702731
0.0230365047497679 -0.150344343596353 -0.156399872282282 -0.0277146816870043
-0.0805538476892927 -0.118229048096975 -0.107088905914142 0.0531430120830948
-0.110628057903258 -0.0439390923380768 -0.058737570850114 0.0541607664816489
-0.104360927956451 -0.0107896507055458 -0.0324381575942224 0.00408764501185831
-0.100421482481805 -0.0152946999620171 -0.0366707220615496 -0.0463801216222485
-0.113456508986199 -0.0624155587305281 -0.00869431600675823 -0.105835599347015
-0.0748939234541385 -0.133162940773444 0.0666041846681532 -0.137812512685838
0.0245344086247365 -0.153495093189452 0.144716794612506 -0.0521746496771811
0.166811073735001 -0.0879500508649886 0.115778103424282 0.0831218100889683
0.192764505583986 0.100534774041807 -0.00606458082377771 0.129547964624126
0.0986863464581398 0.217850034849488 -0.0647293283378881 -0.0201077289653802
-0.0356489655235267 0.173924271330318 -0.00306706267882461 -0.250424618424468
0.0384802183693245 0.174488271186296 0.0862954258489079 -0.207788658093602
0.121163138284916 0.0948158375394951 0.036893937047884 -0.244808094119175
0.117287254598676 -0.0435576065434413 -0.0743906836475373 -0.190236041441042
0.0272391442803583 -0.109052921986523 -0.142428480541062 -0.09224379559069
-0.0557955051289361 -0.095277819754311 -0.1387029051693 0.00546030080652371
-0.085999012513297 -0.0391121976937536 -0.101969281949925 0.0352694465976792
-0.0827962352520972 -0.0106330663124087 -0.0693089840936642 -0.00219447580528975
-0.0821281635270254 -0.0125213358403762 -0.070671067422895 -0.0518569018560978
-0.0884744922584902 -0.0520569180136439 -0.0383885007462784 -0.115587541965025
-0.0522779289634914 -0.109376462988897 0.0435820176469176 -0.157366371152331
0.0326745660502652 -0.121028821131914 0.140200109748457 -0.0764317038529196
0.13872612609422 -0.0464786628770513 0.115185628768128 0.0615065249990922
0.128751244383755 0.103368015073275 -0.00810414016081433 0.105643411892239
0.0396766684134303 0.16402668785139 -0.0693179228979289 -0.0784084638379438
-0.0524965206011596 0.0688090577089951 -0.000215844333379164 -0.289684911126236
-0.0128588034704197 0.094744081876447 0.0848241112351691 -0.213265372482304
0.0463907807075283 0.0632830066894355 0.0560795696932591 -0.22655162646109
0.0608578644245133 -0.00935043846656616 -0.0390656939656579 -0.197410875068602
0.0199887826192948 -0.0517192550988556 -0.131459963205788 -0.124487720874866
-0.0246075611445107 -0.0556218484827971 -0.15562739647651 -0.0230373117061225
-0.0482715032723491 -0.026612742455365 -0.128779747555537 0.021063709408683
-0.0495877775463522 -0.0081698613497917 -0.0948885943189538 -0.00836792711511864
-0.054040733188429 -0.00843088192632645 -0.093045040472008 -0.0580666724564262
-0.0563073259481156 -0.0360790112069479 -0.0555383524317784 -0.12669716336468
-0.0267934834937417 -0.0768831855304328 0.0339711893707255 -0.168393728453951
0.0392473723419254 -0.0805645718230743 0.142362234569855 -0.0859751272466914
0.102308965909627 -0.0026018650725476 0.114899421485409 0.0518144729456269
0.0576296676908392 0.0948798455029397 -0.00770548533100798 0.0861980956888618
-0.0217771013232603 0.094286459105551 -0.0592443809102913 -0.118580967803419
0.0635495560214661 -0.0187005571843849 0.0766848775916669 0.157098041297556
-0.0031305440141434 -0.0527454805661489 0.0635911933603243 -0.0763020784917226
-0.0461852291345993 -0.0152573664859045 -0.118548130395356 -0.0696627436116939
-0.0176364635950539 0.031567439725636 -0.171017213072521 0.08508246795876
0.00871374637545685 0.0195182569261133 -0.0300026694028209 0.1951553004837
0.0134826543927325 0.0111691915107371 0.0842298838591073 0.142672431243628
0.0167727450477595 0.00291415313765556 0.107766229709407 0.0671822996091876
0.00611900703261543 0.00208777818180318 0.112145025672252 0.00890239623899889
-0.000275256663794052 0.00591669068283801 0.124453870295998 -0.0188006365814249
-0.0125020766247997 0.007844022792598 0.149025885353664 0.00515053257524992
-0.0143681453637898 -0.00546290908918601 0.134375617111803 0.0943104368113867
-0.00298910066720402 -0.0184879856015834 0.0478205971201054 0.18116781700083
0.0188397128727101 -0.0357515535416449 -0.0278001682756069 0.204530899086399
0.0570390445492416 -0.0123189787551642 -0.0800544165144034 0.216384400028852
0.0770472928309517 0.0422797063117027 0.00194782724394306 0.287840598106219
0.0956105446401049 0.0691716927899838 0.0512753367286976 0.148764457327342
0.0592436566947387 -0.0151153135346471 0.0663769259563247 -0.0751640798889083
0.0119528537674044 -0.0320370779018285 -0.121088612804634 -0.0967976158347339
-0.00375197924123046 -0.0155247860099781 -0.190703341046913 0.0704993263071784
-0.0100146819239781 -0.0258280985988603 -0.0522794523686488 0.198037771137778
-0.0248145844057781 -0.0148865592517716 0.072887738132192 0.15352318091424
-0.0237279755716393 -0.00217924037471499 0.104278093441114 0.072163867010297
-0.0337749205542536 -0.000377813645492765 0.105821086740655 0.00946136441366055
-0.0420037263995811 -0.00442658613081428 0.111105815519851 -0.0261590640987118
-0.0570622743593896 -0.0266406511884932 0.137894078006982 -0.0190442359912003
-0.0289370616804027 -0.0649765071105542 0.146429478043205 0.0550477819895156
0.0341677160097637 -0.0683026132041917 0.0809641846322239 0.155945210510226
0.0979836205075793 -0.0346704563508317 0.00712438242749752 0.20137037660423
0.125902093402189 0.0557450074284154 -0.0523939004755441 0.207688050501307
0.107755534565601 0.143423924791011 0.00348530821666898 0.255974965015021
0.103606022704902 0.157168548162425 0.0232715722505773 0.108030940006568
0.115893877904361 0.0455744840196865 0.0693708581393504 -0.0877016544739068
0.0859703700795399 -0.0300099975194697 -0.116722973354633 -0.139569193383576
0.029402774549717 -0.0652749459577958 -0.212241714950278 0.0353119330257218
-0.0216111920615615 -0.0781537960820217 -0.086312932985072 0.180935908045217
-0.0617614099936254 -0.0475857407866371 0.0434706827727827 0.154665049065532
-0.0632605261270979 -0.0107162748342976 0.0837436336005749 0.0757391661167507
-0.0693247585039248 -0.00155077932542321 0.0848669080610599 0.0102067690935848
-0.0755705765899866 -0.0103247405926392 0.0826350186268277 -0.0333705576305254
-0.0965814466917821 -0.0480614129386995 0.10952298428015 -0.0490048833208754
-0.0560452325987387 -0.109459569445374 0.144630188469645 -0.00401474610308463
0.0400773270226079 -0.121760383314431 0.12003882574038 0.107238075754089
0.155182833145846 -0.0659464847684789 0.0547050605158372 0.183273247777897
0.19301984050761 0.085795343497475 -0.0228423629955202 0.194874619134234
0.139814648171534 0.21076384166719 -0.00210659919073777 0.19885229584559
0.0862073030350589 0.227810627639146 -0.000527616155650392 0.0341747002961302
0.151512954751063 0.119293235575527 0.0701139558566499 -0.114191577336805
0.158221355502821 -0.00367054309569242 -0.0980751856462294 -0.19006878228964
0.0781468356798794 -0.103587117270808 -0.216925501795006 -0.0234506207291048
-0.020206706266926 -0.127495101260418 -0.12284729955411 0.136376448097561
-0.0892292215685998 -0.0807683322846504 -8.29282844584259E-06 0.139807719734289
-0.0955819788340307 -0.0212512482927119 0.0473176404318651 0.0755771741256335
-0.0940388753685683 -0.0023660922337588 0.0517793177769986 0.0101041379340485
-0.0971261210712402 -0.0108410174124054 0.0440388385942802 -0.0389781003119004
-0.120905367358871 -0.0558599532542893 0.0691392435507111 -0.0749608083959053
-0.0830056068102438 -0.131276716451301 0.12259734653271 -0.0646335772765756
0.0263119368470251 -0.158145251666661 0.142579976160472 0.042680137904209
0.177766152333923 -0.103812812581397 0.093456259622922 0.148560620298764
0.232860102682708 0.0856869027824702 -0.00343765041214644 0.175497687968713
0.158482927109106 0.238116469715956 -0.0179095899255574 0.127375433556636
0.0519814983575347 0.259052278918587 -0.0164801430196094 -0.0630516568784739
0.148238272802581 0.180864137092363 0.0690288046441494 -0.148742361019542
0.197174433327143 0.0405057046086935 -0.0627842091589572 -0.22900339152476
0.123215523679862 -0.11173391042266 -0.192356151970676 -0.0926061006765573
-0.00543703031536237 -0.154454305157242 -0.148824030988195 0.0631576049521235
-0.0980554133898864 -0.104093949116916 -0.0525106136789189 0.10508056691775
-0.112299724590908 -0.0306869614423817 -0.00144611360230264 0.0685902761150735
-0.105359741592327 -0.00260424789677228 0.0104668400560126 0.0092710556998066
-0.10400457171355 -0.00885431062850997 0.00152255924756985 -0.0406797912348169
-0.125737942037564 -0.0560380020928208 0.0239586563560326 -0.0914385129036681
-0.0929690822803842 -0.133220545475155 0.0869277661624025 -0.110440145334639
0.0124204429157203 -0.165834441659527 0.144432284653986 -0.0172338310624056
0.172526991947951 -0.116591486204327 0.113312049798699 0.10767956854515
0.231092794577517 0.080563170485602 0.00409383141375452 0.151715365877313
0.148881734445602 0.232670110534616 -0.0423935198299572 0.0532102124710873
0.0102841219642115 0.238549715266824 -0.0210664372623422 -0.162300831221089
0.106541524245563 0.199845560259005 0.0693377752565769 -0.182046546123088
0.181128338512784 0.0782563867872263 -0.0176877964847923 -0.245259391137777
0.137204817574827 -0.0875056287778703 -0.1398581534474 -0.149420025667058
0.0118848079638004 -0.145867881067865 -0.154336423619045 -0.0165720764228303
-0.0865230357295314 -0.10704529703631 -0.10026679917046 0.0585594770774132
-0.108682838443582 -0.0350700850229117 -0.0525703403420401 0.0554080127135994
-0.0994425078627613 -0.0033494836571182 -0.0312063252722335 0.00686176485872972
-0.097279972198373 -0.00751420544912522 -0.0383627752583826 -0.041728768106899
-0.113632839023028 -0.0521491329570808 -0.0160072670802721 -0.100889278184199
-0.0823827168026407 -0.122344838126036 0.0530117018890295 -0.13859336809313
0.0134816737125048 -0.148664173326752 0.136386482890186 -0.0588387752368509
0.153622815367991 -0.0943519359112584 0.117939810495743 0.0749436203460683
0.191910033971739 0.0838907291672201 0.00211476632251543 0.12696267462501
0.108725257778648 0.202972830766247 -0.0629484826202888 -0.0145889795266907
-0.0225521633918032 0.169020768079615 -0.0189526177450743 -0.239405034925477
0.0481402751745064 0.164561736555335 0.0718654746742658 -0.204070667504656
0.122072069701871 0.0843133718023332 0.0211842643471202 -0.238787835008604
0.110563926413773 -0.0490731024665828 -0.0840116944299553 -0.180569940799472
0.018733803155855 -0.106501582874589 -0.144306007259145 -0.0796812336916933
-0.0610041226679966 -0.0872215595615772 -0.133775088001695 0.0146921496367389
-0.0854397864442468 -0.0315656363019394 -0.095138531656528 0.0410681773081422
-0.0794979197064419 -0.00455328629574456 -0.0668975295158761 0.00279743831263354
-0.0786756810506756 -0.00594131899721875 -0.0722352563122461 -0.0444878307208715
-0.0883247700280736 -0.0440107081917861 -0.0445842873770835 -0.10918709786774
-0.0583752263129002 -0.102031453436435 0.0307411499631927 -0.155505172900614
0.0243745044461531 -0.117615701251486 0.130121175021326 -0.0818878618035784
0.129392254895838 -0.0529232595123016 0.114938393258616 0.0531993821692569
0.130813975655253 0.0900966874702845 -0.000764046674618866 0.103284965845193
0.0486884991122908 0.155268322197588 -0.0713853274094759 -0.0706408282228357
-0.0450911798880515 0.0687427716253151 -0.0188698762807523 -0.278695461244739
-0.00612755797721702 0.0921037865667023 0.0688276249258609 -0.209733250163221
0.0479007359653649 0.0584228240405204 0.0406158477231859 -0.221423634306587
0.0579631720297973 -0.0128679268931083 -0.050028109961526 -0.189070152437478
0.0156480862195604 -0.0509880916927725 -0.135914569300675 -0.111317438383439
-0.0279479386070044 -0.0513608324655864 -0.151696077762968 -0.0118570000898348
-0.0480779897683228 -0.0221132751565895 -0.122240947158292 0.0298612390985758
-0.047591373448504 -0.00464169013719327 -0.0918019505412334 -0.00173798972676741
-0.051757066113423 -0.00422280198013234 -0.0931355692787849 -0.0498530840165039
-0.0564011261233464 -0.0309202492470516 -0.0618800157828023 -0.117701288408526
-0.0310803021066819 -0.0728230467069979 0.0211646503961574 -0.16556140277098
0.0326308645086962 -0.0796586568004427 0.132107059616698 -0.0910068119534458
0.0975914380265628 -0.00859928979935415 0.114301451683462 0.0442564333574564
0.0614324780656303 0.087341079230385 -0.00168698479501908 0.0846834136779775
-0.0158379591956116 0.0920699240610071 -0.0650283921457583 -0.10996105305867
0.0593390099745074 -0.0199295643462547 0.0774207027805596 0.145984393525778
-0.00471130646672146 -0.0493480683875331 0.0603329469099978 -0.0740827260414891
-0.0436232271715634 -0.0133374206328452 -0.11334936866359 -0.0637198700830918
-0.0153383725892697 0.0297489673061322 -0.160565893564916 0.0845470283026558
0.00888313348435095 0.0179981541253222 -0.0241483089632714 0.183730584615878
0.0134637070249976 0.0105349672500589 0.0828547330422684 0.13131117256364
0.0157151278092439 0.00143670722288298 0.102900169795894 0.0619597575285435
0.00548611170819733 0.00145003452426659 0.105656041954757 0.00614541350596385
-0.00110570664056807 0.00600893322567322 0.11611582929049 -0.020522420639301
-0.0114282380212618 0.00756454991558775 0.139537986220772 0.00103605274562755
-0.0127319866719019 -0.00454886295002842 0.128927242393831 0.0864537234590141
-0.00316570432235885 -0.0175788327071671 0.0499455865507943 0.170563918201523
0.0167164291556592 -0.0335510118901601 -0.022827131124899 0.192162323130759
0.0528830663812589 -0.0124456739551766 -0.0732187804303328 0.204964277350219
0.0735904508583771 0.0376663977470056 0.00870322153491493 0.270486879318447
0.0914977859559282 0.0614865034732218 0.0533695259897462 0.139522361615191
0.0546690938867756 -0.0159603459605832 0.0631851816247489 -0.0723674765905539
0.0106777404743269 -0.0300850200418127 -0.116011905312091 -0.0897194944493173
-0.00264490131403395 -0.0142776953393506 -0.179812147528256 0.0706572095912282
-0.0108602283396888 -0.0244769230156026 -0.045489913939839 0.187039801596345
-0.0238058293843152 -0.0133255304094686 0.0724909398558105 0.142129005120237
-0.0221578442060714 -0.00184060100991777 0.0992683393071538 0.066080666166631
-0.031752739796502 0.000357352731523514 0.0990464426397064 0.00765485286089663
-0.0400714628409145 -0.00280878338412035 0.103017515348757 -0.0266572649060079
-0.0551105093923904 -0.0233026552130524 0.128289239458523 -0.021195217345791
-0.0286602052564281 -0.0602364418305595 0.138444965478865 0.0481620535801873
0.0307653967838287 -0.0656002661365203 0.0797860247011375 0.146615223586888
0.0905637000331811 -0.0347559228869949 0.0106876310923462 0.189571899715359
0.11924142028229 0.0497583127376658 -0.0464309866220361 0.197334526352671
0.104664555960101 0.132703830195852 0.00912336249757078 0.240645489469519
0.101687181778644 0.143857851914729 0.0266427203783107 0.102025227116055
0.109580461833412 0.0390577420866867 0.0663876545832115 -0.0845728412547458
0.0796924740927017 -0.0301249683902899 -0.112950716122416 -0.130914185960361
0.0269538559929411 -0.0618318275125159 -0.19956267625983 0.0369085732415752
-0.0227201202252372 -0.0727559155093172 -0.0772917993420493 0.171724173928738
-0.0596154581808708 -0.0425161029088079 0.0452109063594149 0.144316148433001
-0.0596002309279676 -0.00845302830211048 0.0798177311584721 0.0697269789056328
-0.064489916195433 -0.000216215511017554 0.0792836666852851 0.00770268414080831
-0.072043093233033 -0.00729847731033793 0.0758817638761578 -0.0324251786655481
-0.0921453618767098 -0.0421778284821977 0.101068016235436 -0.0486599594272523
-0.0554423026036201 -0.100465895518789 0.135285822361558 -0.0080769039773869
0.0357578684764014 -0.115421397551724 0.116077467188964 0.0996699329278271
0.143551794579658 -0.0657244356767218 0.0547939413392432 0.172714211405488
0.183258316293017 0.0753125287778946 -0.0186054141156856 0.184660382501535
0.137311469578287 0.195620748925097 0.00364048227988102 0.187103751666479
0.0880126869983781 0.210383855550338 0.00142166523077937 0.033153904127267
0.144518565244783 0.108220843683513 0.0666610384056062 -0.1074339868906
0.147880355966621 -0.0069945964830808 -0.0961803023866462 -0.177616037912516
0.0714702750744809 -0.099247928377486 -0.205538629160374 -0.0180447211350505
-0.0226662309912207 -0.118932251594675 -0.113484585070772 0.130244860971532
-0.0859688874588011 -0.0723762094648756 0.00307993672888974 0.13101942000075
-0.0903834506033821 -0.0174879785251641 0.0454920081393917 0.0697148195991493
-0.0881645822223013 5.36292258822204E-06 0.0479409327560632 0.00898615095259724
-0.0916328398241701 -0.00753275950521358 0.0390880460737027 -0.0364252623663092
-0.115881819686223 -0.0487268280842126 0.061498419944856 -0.0726040709715004
-0.0819436968120358 -0.12028791797599 0.111795642547913 -0.0644806783153007
0.0207378124648329 -0.14885474938858 0.136115645114185 0.0389720907939397
0.163591344070847 -0.101841322768666 0.0921618547533341 0.139699106778717
0.220819920022376 0.0742286857173343 0.000606399996390096 0.166526748694636
0.154826930326811 0.221357020768678 -0.0132919565981123 0.119933136713954
0.0553193989997961 0.241340323731357 -0.01592975673332 -0.0569564385608027
0.143679926814913 0.165645941951842 0.0639895654663774 -0.139538576771776
0.1863433157349 0.0339161112361209 -0.0637883656244882 -0.214990365328401
0.113279615418116 -0.108266422341851 -0.18403806526544 -0.0841367748200828
-0.00937546634839085 -0.144648318488282 -0.140109760404702 0.0627569996718886
-0.0958570903272734 -0.0944724912348682 -0.0472373620908366 0.100395823134122
-0.106434539469454 -0.0257525439916342 0.000103609107615993 0.0641123384564097
-0.098345534657087 -5.10641574823595E-05 0.00921181149856473 0.00862220420270084
-0.0977039125850196 -0.00609680071212204 -0.000519263811693603 -0.0368879517871308
-0.120580663767752 -0.0487340202052737 0.0189421648967944 -0.0862752848980366
-0.0916666220079221 -0.121987815885929 0.0776888652334128 -0.106926346141841
0.00773858975806527 -0.155782052964962 0.135476664050561 -0.0184319551773871
0.157792898319496 -0.113247523994513 0.109904947145131 0.100689910642311
0.219103958446009 0.0694960841781987 0.00687625191834642 0.144035886151633
0.146540943825346 0.216041821936367 -0.0378011715058159 0.0509255691553197
0.0165886246886413 0.223388720555924 -0.0228366197649117 -0.150880827141828
0.104549426193963 0.185420799055563 0.0639104772817328 -0.171190171591742
0.171942076794665 0.0704540265098304 -0.0211438021385828 -0.230927206020027
0.12705525255168 -0.085634311343573 -0.135641528675886 -0.138861499768909
0.00673327635389045 -0.137749800635731 -0.147025122274964 -0.0117334822614714
-0.0854551973511682 -0.0975152746433534 -0.0931265943861008 0.0584683074432974
-0.102898117022568 -0.0292278089102095 -0.0475586003368542 0.0532983332957555
-0.09279108648902 -0.00113893108164046 -0.0296333016457916 0.00739796323694786
-0.0915080326845108 -0.00407093817196274 -0.0377374523878978 -0.0371967138118571
-0.108328152132911 -0.0453699335516468 -0.0181788432733683 -0.0946802991226241
-0.0813773628565384 -0.112191100265939 0.0451548773756694 -0.132900570831884
0.00918470044048294 -0.140371706515531 0.126636068093696 -0.0575652062147325
0.141371083295749 -0.0915907322317101 0.113246773698806 0.0697151831555803
0.182226685168607 0.0733204526176964 0.00568552524890588 0.121563940556494
0.107364559781069 0.188348962149243 -0.0593115488989637 -0.0124097055515004
-0.0170419056882787 0.158545249595466 -0.022689439046499 -0.224017736831045
0.0495839146906844 0.153799531941943 0.0645000882335451 -0.192229541745624
0.116449064417698 0.0768165911042204 0.0150393323485317 -0.224171562711303
0.10299292210384 -0.0486332514073237 -0.083252597238973 -0.169036295130727
0.0147575426304 -0.100117617022774 -0.139288566254719 -0.0718682247618716
-0.0612917276102416 -0.0790300593775634 -0.125966738990939 0.0178078760872636
-0.0812427279162924 -0.0270034983050578 -0.0885503825019166 0.0412745590970301
-0.073523327192829 -0.00251074259436439 -0.0632114398222548 0.004066750208177
-0.0734811568299513 -0.00328506128079912 -0.0685025924023801 -0.0390282364961911
-0.0842538659740176 -0.0388498936767593 -0.0453824879995425 -0.101446873342011
-0.058227994047239 -0.0935412959383331 0.0235176929657331 -0.147665570920385
0.0198129240878713 -0.111563210188875 0.120623510186016 -0.0795905966050769
0.120095629579319 -0.0517514402239742 0.110045438874984 0.0497832373876084
0.124623161829855 0.0815660126587706 0.00226040564933125 0.0981973418884893
0.0487585287844842 0.144675962746202 -0.06907430782281 -0.0643026655519865
-0.0401512996293054 0.0656836502232547 -0.0233052128812241 -0.261737624047066
-0.00341345884256927 0.0860802528192194 0.0607974796853057 -0.19805368945919
0.0459653443527492 0.0543836013560945 0.033358513663202 -0.208654935347082
0.0548661092244827 -0.0130440088513431 -0.0510280729102941 -0.178255925518958
0.0136591500548317 -0.0480688635805171 -0.13202602159047 -0.101910633465008
-0.0287775432772246 -0.0465726956072302 -0.144312904000705 -0.00647954288304311
-0.0456548535809172 -0.0196146923539418 -0.114383152173074 0.0309375802754606
-0.0442229401057039 -0.0032353624941137 -0.0862101769842688 0.000758236815947662
-0.0475741485613118 -0.0023689225345858 -0.0892612367674326 -0.043974255332971
-0.0538106131053874 -0.0273774911391041 -0.0610324217997525 -0.109801928421254
-0.0315892030594667 -0.0666211872715173 0.0146145739327982 -0.156985793276394
0.0291712093883583 -0.0764236466772932 0.122687352043831 -0.0885118283868942
0.0914734986422036 -0.00954602267268392 0.108561545324117 0.040302573077739
0.0597589480998875 0.0801764520541095 0.000357334239888519 0.080295566643179
-0.0134780046724621 0.0870667878436887 -0.0643042240950206 -0.101549479907073
0.0569613492816683 -0.018672985290781 0.0741428716818095 0.140764259482337
-0.00415370590827917 -0.0473606821255263 0.0608278250285227 -0.0710626341502958
-0.041021588554523 -0.0132441445464677 -0.107288671935949 -0.0649587978844278
-0.0147701285462778 0.0276507454505352 -0.156653080036559 0.0786443784722966
0.00796363327013083 0.0170556899180627 -0.0264118442085605 0.175078303437239
0.0128561919226719 0.00982973368047242 0.0775014059008097 0.127245234955293
0.0146745439451372 0.00147738960441559 0.0984771943087572 0.0616041400270993
0.00508603434479555 0.00117511011372167 0.101494470704085 0.00833031219957867
-0.00124101145672647 0.00572272334062373 0.11167149959326 -0.0175912420384287
-0.011708824244228 0.00710615647946711 0.133422491681821 0.00331171971912756
-0.0125296653293268 -0.00510216493851664 0.121628722171943 0.0849383599773908
-0.00302927924348682 -0.0173791298866171 0.0449735549916038 0.165051959197898
0.016488326544824 -0.0314618242372379 -0.0267377483410295 0.183230300114459
0.0502643987163212 -0.0100574502293117 -0.0758229887911259 0.194127848692365
0.06937473833662 0.0373637319313726 0.00258787234146468 0.258333590767973
0.0866380848864176 0.0590593488994 0.0515025416035514 0.134512148293033
0.0519160949626831 -0.0143871842989703 0.0640867836980015 -0.0690060326735483
0.01053727151146 -0.0285693816113507 -0.109281433608482 -0.0891220830357203
-0.00216724173291053 -0.0139848607532642 -0.174755914620631 0.0641736830572392
-0.00984806409756241 -0.0234862110452634 -0.0462654271156637 0.177766620908427
-0.0226451466999812 -0.0126744370453828 0.0673329879978976 0.136840647957663
-0.0214617262424795 -0.00194134405238505 0.0941810953700539 0.0647783008833242
-0.0308283003932974 -0.000159532120047818 0.0948656855276119 0.00897713311387931
-0.0392229337740469 -0.00280276714899227 0.0991633354388943 -0.0229919016333585
-0.0524934916385426 -0.0229623590145451 0.122580901397654 -0.0179724548546193
-0.0261414118289061 -0.0581235581714634 0.131269289307981 0.0482145567924404
0.0308428660825161 -0.062417790573489 0.0748731324305209 0.143170545174316
0.0870603399716026 -0.031251358575176 0.00578106491752371 0.181901620129922
0.112263868756504 0.0496652503982847 -0.0504895555239023 0.188486300922033
0.0977025312533313 0.128903999169816 0.00432518477531346 0.230580814238287
0.0947865124128551 0.138272056773218 0.0260776917613565 0.0992018422677732
0.10358860891935 0.0390393155521969 0.0677110824546975 -0.0792465745400172
0.0763620457596315 -0.0272552210745218 -0.105973332590362 -0.12857750862888
0.0272112405653101 -0.0584571969604361 -0.192984407764188 0.0320147756268335
-0.0216174959616329 -0.0699601412318695 -0.0774037259286901 0.163316210621238
-0.0568348881212061 -0.0409086619575977 0.0408706925436485 0.139322736423668
-0.0569640146805862 -0.00921312195180347 0.0752494865794123 0.0677300207413312
-0.061871870997647 -0.00130599388793646 0.0750601582598122 0.00983671138753005
-0.0695875127013434 -0.00769501160122691 0.0727769336414603 -0.0291971869678082
-0.0886129700831618 -0.0408354302527186 0.0968160289384807 -0.045420110820207
-0.0525558410093433 -0.0965569777787624 0.128091008723084 -0.00590453221482201
0.035917548436978 -0.110746355638646 0.109595777630504 0.0988516637580629
0.137829123225622 -0.0598244022080375 0.0495858228451969 0.167556833351327
0.173649707633183 0.0752397234999714 -0.0223711601598128 0.17786292855358
0.127684756916761 0.189815008217197 0.000578890701955622 0.179166695461601
0.0810846596687805 0.201754084955672 0.0029541325251763 0.0332679482894374
0.136603520282047 0.105256046069115 0.0689630673823326 -0.100943001677777
0.141525742384056 -0.00430565207994971 -0.0884801658332774 -0.173394484293376
0.0701229705601637 -0.0940602504247746 -0.197412610420606 -0.022355326548021
-0.0206852015264946 -0.113522730080201 -0.111529747988842 0.122582309024253
-0.0822383776362643 -0.0697194130076519 0.000418603605380004 0.125933433349089
-0.0861143039878869 -0.0180908420365393 0.0419311987545257 0.0667721246199437
-0.0837040138626649 -0.00122105318528288 0.0454387076331277 0.00948170666804853
-0.087689371857611 -0.00824569913609772 0.0375130907314651 -0.0335255668674896
-0.110640426488027 -0.0477992242618671 0.0592484585489989 -0.0678643219401861
-0.0772575151927013 -0.115553181438972 0.106909842093172 -0.0609333623844339
0.0220231601228943 -0.142141248615638 0.129955391118853 0.0403517761869732
0.157706457358144 -0.093663682494208 0.0861151075368989 0.136437243685937
0.209943809089884 0.0744787275828477 -0.00275332119016762 0.160896124507422
0.145389881364633 0.21554299152444 -0.0145371292473114 0.114402150947048
0.0493257550325423 0.230919201653119 -0.0124198545404138 -0.0540526771922978
0.134108904314312 0.160922947055603 0.0671311927124554 -0.130893781970426
0.177316991126656 0.0364835488950238 -0.0561359214791037 -0.20825105096056
0.110472706746238 -0.102414989354867 -0.174861971033436 -0.0850712444890976
-0.00809315890497849 -0.13868844120622 -0.136143122653686 0.0578643432952064
-0.0910958958700329 -0.0901324561173727 -0.0471422298940174 0.0959303023662968
-0.101327328409348 -0.0255447501326246 -0.000718878962554785 0.0615684221584622
-0.0931292423459045 -0.00165849907645978 0.00823315388293053 0.00922568718312109
-0.093418188198017 -0.00690058307090584 -0.000386222611652329 -0.0346401840564172
-0.115249674687795 -0.0477790138837685 0.0188152975877385 -0.082355532342736
-0.0870151442377132 -0.116710351296747 0.0735155603788887 -0.102219736784065
0.00950531154268603 -0.149439496821256 0.130484192050726 -0.0144777759643979
0.152319302480746 -0.105332032628513 0.104511670751372 0.100505170921008
0.208198374069867 0.0691896753999826 0.00473787616252496 0.139483075384805
0.136496829770716 0.210178483492086 -0.0362087545278071 0.0479186293480161
0.0119350110805684 0.213272046553244 -0.0179213131348685 -0.143376016976002
0.0976470571526766 0.178911014945634 0.0659611589450546 -0.161100345963909
0.163507668056229 0.0709588350600732 -0.0154767917450182 -0.221394212312374
0.122849999045207 -0.080430964106587 -0.127526533575977 -0.136464263570662
0.00787665092028465 -0.131933365461282 -0.141824163304798 -0.0135506050969742
-0.0810791798822782 -0.0931057163490043 -0.0910421322889517 0.0548291753220737
-0.097933849807138 -0.029473954267844 -0.0470195006483455 0.0503276031597954
-0.088141792780078 -0.00262009771264438 -0.0281855628332181 0.00730435961718239
-0.0865593285044156 -0.00547939079950843 -0.0361071432145686 -0.0355019919865965
-0.103088951672392 -0.0450964830319433 -0.0166015931345316 -0.0906650391567745
-0.0774176969322794 -0.107459709152634 0.0432227140841318 -0.127248791219557
0.0111879438660209 -0.133993421434835 0.122787529531311 -0.052095676719077
0.13611568055685 -0.0851336899764993 0.10825135688545 0.0700795975793159
0.173142888428265 0.0727793601402637 0.00402588984978975 0.117282417815976
0.0994952769784156 0.182870523635922 -0.0560143242709151 -0.0132415029220156
-0.0184099885177149 0.150325163287578 -0.0170777922834774 -0.213308138044773
0.0453221598290032 0.148242924743429 0.0668442561341884 -0.181531392531541
0.110219573660507 0.0764813241720629 0.0191150439388397 -0.214678914960578
0.0993780266831311 -0.0455000289255014 -0.0767854306827662 -0.164535637749577
0.0150072412562286 -0.0962543231837978 -0.134084875041976 -0.0709365114504517
-0.0581234187534443 -0.0754554214158462 -0.121811309594871 0.0167336519479516
-0.077621296684777 -0.0268425165630153 -0.0857949508379678 0.0381363851815174
-0.0696089170430853 -0.0039472823459169 -0.0607458316295302 0.00323552579149172
-0.0692688416126016 -0.00427918756232958 -0.0649463041096308 -0.038377709638023
-0.0801072796649127 -0.0383011796267252 -0.0419804033421549 -0.0978848875979091
-0.0549216726641754 -0.0899268647332098 0.0235573264310544 -0.14210405376875
0.0210156585485814 -0.106226488974035 0.117678331394899 -0.0734710658380599
0.115742559901258 -0.0467595092389029 0.10574938916722 0.050474382010801
0.118216949988697 0.0794417666791656 0.00121444306822635 0.0951630747396504
0.0439983125891306 0.139996379721818 -0.0652440913384516 -0.0627384379919085
-0.0397412210109723 0.0615477199181957 -0.0172459094339765 -0.24978736277274
-0.0037695645357526 0.0819508384157775 0.0633305459611823 -0.187935232147345
0.0432138384025418 0.0532347914072057 0.0367988498574367 -0.199327810353715
0.0526913013244545 -0.0118804790621064 -0.0455709133465889 -0.172672007959917
0.0137932800329148 -0.0455774410796787 -0.125799148397888 -0.0995322345858112
-0.0278840277073724 -0.0438383243098024 -0.139133926790738 -0.00728568600478755
-0.0436026570207085 -0.0188780368995948 -0.110436732328139 0.028618867069415
-0.0413616858823695 -0.00417982380899671 -0.0829112409019741 -0.000525434083126678
-0.0441480269979413 -0.00275165895829424 -0.0847560825725858 -0.0430101505085409
-0.0507978588439465 -0.0266119189412734 -0.0569126242271187 -0.106411596684664
-0.0300264824496545 -0.064220436928705 0.0151357926969881 -0.150564229435516
0.0285720155679795 -0.0724578354089105 0.118837776072204 -0.0827246557285992
0.0877312269511299 -0.00718243472224717 0.10408427482492 0.0419502135650289
0.0555256318802412 0.0772468236070596 0.000160170311260616 0.0772764317807723
-0.014620111241844 0.0828545999448799 -0.0604207005492775 -0.0979780399796197
0.0575559420905798 -0.0103900143183141 0.0529772906931039 0.155305808352397
0.00337652787675734 -0.0469564714491821 0.0753857296539152 -0.0602473458881742
-0.0375120352453759 -0.0198409374474793 -0.0932187900187575 -0.0837479190610907
-0.0187862881253658 0.0230048393590515 -0.165793175759638 0.051583859367477
0.00369761679794507 0.017925546638325 -0.0537261789086138 0.16638183378362
0.0114334815700632 0.0116970727406467 0.0554951309725317 0.138180597384414
0.0142699928274068 0.00330476750307378 0.0882025999883687 0.0765134472422535
0.00508479168746409 0.00182746733182722 0.0979284136630201 0.0260049702987776
-0.00139839555425717 0.0046143956119271 0.113428998143978 0.00229935366420299
-0.0115941060404172 0.00423221973375397 0.130514181009411 0.0262939944719364
-0.00909510768223361 -0.00730641059949891 0.104530306237043 0.106233965126172
0.00286800345799238 -0.0179885408563488 0.0147334043991354 0.172742242309543
0.0240179073919394 -0.0248806035868104 -0.0607906522169105 0.17416532846328
0.0522508367149259 0.0016435115042381 -0.111907200332524 0.176321155055546
0.0636860870966958 0.0495139123948933 -0.0466546119755115 0.256100561824985
0.075377105506697 0.0694445831018727 0.0253945579822124 0.144332241275983
0.0522278706065994 -0.00480367020668955 0.0763647099180609 -0.056455903672264
0.0151562528307559 -0.0258245749426486 -0.0926840863235749 -0.105397718448626
0.000763102198703968 -0.015019170477415 -0.180319970496124 0.0364981821834052
-0.00671234280292447 -0.0242051924405047 -0.0727111231898191 0.166942457851318
-0.0187168015945705 -0.016375103801179 0.0453695380961672 0.145807991334692
-0.020107850811254 -0.00639698280541251 0.0833046783349288 0.0792206578948387
-0.0297212820251173 -0.00601241510176559 0.0908637992688207 0.0251544108946397
-0.0368790166363385 -0.0106919779626069 0.101084178368613 -0.00455397025865428
-0.0464119529793705 -0.031435508846818 0.122849979183327 0.00392402918732091
-0.0142065963295902 -0.0615162908513088 0.119540801342607 0.0714188381775264
0.0437838734930828 -0.0567530038678938 0.0475696363497483 0.1563696553418
0.0922090700017837 -0.0124288904573202 -0.0288387666630585 0.177932268699288
0.101574504520659 0.0704351151031154 -0.085071012721743 0.173087876785844
0.0747559183180012 0.144348149529213 -0.0386510790141689 0.227511850035084
0.0715048782345917 0.148188797083168 0.000388292404982011 0.103301804183985
0.0938787425794979 0.0556785267166975 0.0775465590820424 -0.0643456414653573
0.0790208290125396 -0.0131361184402446 -0.0848972402172767 -0.140352108242951
0.0373916416532061 -0.0529088747860062 -0.19320730083105 0.00388291577813569
-0.00910607620152499 -0.0715586511034652 -0.0998957130236146 0.149847382537442
-0.0481290511326239 -0.0494209959442181 0.0205336944277051 0.143507247300716
-0.054146097914658 -0.0192559927741176 0.0651018753532726 0.0791537641801302
-0.0598526768812678 -0.0124242201648832 0.0719274029849687 0.022709188638105
-0.0652062726398688 -0.0197275885961382 0.0762729431441886 -0.0148809128561898
-0.0791865808638275 -0.0553162508437282 0.100957822921068 -0.0259833974462367
-0.033456025006027 -0.103307972717015 0.124723396269608 0.017339163264268
0.0566035438421307 -0.102546540047897 0.0902389356789216 0.119747664610075
0.146888609396702 -0.0324685728371098 0.016161309984835 0.17187733330154
0.156134954473785 0.105271715344764 -0.0547738499556419 0.1656333690167
0.0926963551357025 0.209252743331485 -0.0323737274524258 0.174940759395892
0.0487423764415925 0.208232815763094 -0.0165275752079937 0.0315716019577508
0.1153839472536 0.124923848321493 0.078291348521413 -0.0855491895446537
0.138508822205772 0.0204222606182126 -0.0642422895689015 -0.178834709272236
0.0858986685253488 -0.0793260939706658 -0.190493049295456 -0.0465570682725792
-0.00045004559235647 -0.113466092268273 -0.125970211785719 0.107474910817935
-0.0677042888718136 -0.0811754745324232 -0.0148617549287503 0.124297520386552
-0.0812923587627262 -0.0324577336942205 0.0327514061187816 0.0735431719913975
-0.0808452601753156 -0.0164119075932283 0.0422790741522611 0.0175737150215261
-0.0834776754412156 -0.0234176734803471 0.0421806963127279 -0.0243372056250919
-0.0999999347959674 -0.0651181643539489 0.0681829152517775 -0.0543358735106071
-0.0549345228888993 -0.1256146534722 0.111987103272795 -0.0397638862924281
0.0480613029025336 -0.136625037593938 0.120763615646038 0.0662327338845399
0.171257416341805 -0.0639424936883192 0.0573745942467799 0.149159323732375
0.191702743194288 0.110170188870507 -0.0316910258841415 0.152125643027582
0.103790982981474 0.236618725928181 -0.0346945248907673 0.107385945821104
0.0135718310022989 0.232001937206756 -0.0194442296579308 -0.0597056026662161
0.104346116300456 0.179471434572601 0.0791881247444337 -0.11619582199345
0.167263370881048 0.0663014058324518 -0.0304174294753512 -0.207169776151666
0.125670015397457 -0.0792295201876007 -0.160584448252033 -0.103500700951238
0.0162296474084311 -0.13508247495799 -0.140946682356388 0.0422741052871583
-0.0737779723288991 -0.102266958319175 -0.0562561154680371 0.0876506872982987
-0.0953736776851192 -0.0423814582242436 -0.0084505355715774 0.0611837621323709
-0.0904630286257771 -0.0183454128817093 0.00653021461459333 0.0099247332202491
-0.0889773137606105 -0.0227170109910172 0.00525695322507999 -0.0324542229993416
-0.104702869716712 -0.0659701386713426 0.0309810918464427 -0.0752821124031054
-0.0644467533862154 -0.129101423743807 0.0869408218284205 -0.0861738926272988
0.0366029712694829 -0.145355198179358 0.130671647861979 0.0118570869566979
0.16715377841122 -0.0762127608301467 0.0827837313431463 0.116965572425979
0.191241413825211 0.104220505831384 -0.0200784365115824 0.132734338600803
0.09565143834254 0.230048571768325 -0.0442188605927586 0.0375160069812108
-0.0204330297713395 0.209642759216601 -0.00899215659636382 -0.150105354811542
0.065073814788475 0.191384474678109 0.083422716030049 -0.148477040516164
0.147585966583828 0.0981491328234386 0.0109465683234233 -0.215617044544402
0.134555730437514 -0.0561806587539496 -0.107399592934432 -0.147938691184124
0.0310611978521808 -0.125900855029758 -0.136056082578834 -0.0296602205796549
-0.0636349058201422 -0.103078831099445 -0.0934295128649576 0.0412238639385576
-0.0916450185086528 -0.0455305352969522 -0.0520339718378728 0.0445611390230181
-0.0853502980185416 -0.017985558803815 -0.0291892551630021 0.00184292660825335
-0.0828477343580497 -0.019913455785078 -0.0296489365796374 -0.0394273855068167
-0.093264803806324 -0.0611603669987451 -0.00167002273640909 -0.0899478456453933
-0.0572708570355539 -0.117966043421248 0.0614274397524431 -0.116610390211413
0.0343515227873709 -0.130253025762469 0.130232096657074 -0.0275405064716765
0.148469270993351 -0.058920240825077 0.0919033820358802 0.0880980787961092
0.15581024021708 0.101314537039984 -0.015928407804164 0.111190738783056
0.0631840354463988 0.19708064360213 -0.0528220575021063 -0.0258132530251898
-0.0411099363663784 0.14475898728065 0.0077448832480886 -0.219355206451861
0.0198692605668587 0.152279136284864 0.0894111343782382 -0.169500371973213
0.0950400754250737 0.0943577828439674 0.0456901944894925 -0.205578214479971
0.105979210906815 -0.0264557866965873 -0.0532206344497388 -0.169026593941741
0.0321690962250115 -0.0908084247920387 -0.119849689138261 -0.0853066135765793
-0.0442144400016044 -0.0817430591978034 -0.119198702664176 -0.00145273964401221
-0.071993136994186 -0.0390660256878445 -0.0888674298632638 0.0263219598717883
-0.0676299478144952 -0.0161888383727845 -0.0603064644085825 -0.00760206118385732
-0.066444411040309 -0.0157395702796864 -0.0576286832199683 -0.0471381423408537
-0.072195341491369 -0.0505920553776466 -0.0252987394916774 -0.10233968168067
-0.0399997841956645 -0.0975583681796205 0.0459229931292522 -0.134723786068667
0.0385296311297608 -0.102119663289629 0.12881600484703 -0.0499936567363182
0.1214602592608 -0.0257733323849228 0.0933067766591724 0.0689577464132983
0.100996113677246 0.0977924246363046 -0.0139047042588687 0.0904368846656787
0.0161323618225411 0.144678824536494 -0.0529346337910776 -0.0759765483726914
-0.0476156892018782 0.0543833356102109 0.0195197864130677 -0.253498154430832
-0.0165919218912639 0.0791240476781744 0.0903556471028685 -0.177149816165144
0.0330327187038433 0.0600284764714123 0.0647954741573426 -0.189756232988014
0.0540015535070233 -0.00240549708052463 -0.0202647436374025 -0.175013445787402
0.0216622691161538 -0.0427652097506569 -0.108229101437257 -0.11454831576401
-0.0198714228986805 -0.0458740149934383 -0.134475540413108 -0.0278424060282036
-0.0404487788281053 -0.0254169624258933 -0.112377675348714 0.0127141669878468
-0.0398295350158768 -0.0114862269907553 -0.0811577013071538 -0.0150882941200456
-0.0428576328513324 -0.00975815488798395 -0.076418622857478 -0.0565983443925335
-0.0450273425226995 -0.0343159090416901 -0.038598651650004 -0.11409536320102
-0.0195228909104948 -0.0681771108420554 0.0403603199838899 -0.145217868142994
0.0403639646740565 -0.0671597354475906 0.131744072984882 -0.0598151968156737
0.0881322097660004 0.0077133731805879 0.0941623620682855 0.0600160885082256
0.0411288347091821 0.0849527740548408 -0.0125707371883763 0.0739621296741734
-0.0312587800836908 0.0789557086970966 -0.041588024748572 -0.109001485354969
0.0587363550092417 -0.0105695543845557 0.0544609542039895 0.159184031511251
0.00377194127123819 -0.047851406256847 0.0803645471046891 -0.0626383280007962
-0.0377100147260407 -0.0213830628470035 -0.0944312544467358 -0.088349520995656
-0.0203266923998289 0.0228559691520176 -0.171938900726487 0.0504023400025165
0.00322062922147057 0.0180281143599259 -0.0588415889253218 0.170554339147599
0.0123700963599675 0.0122113522480787 0.0555148499675275 0.142091120215993
0.0151116031871573 0.00374153675936442 0.0897958839817891 0.0804207705174694
0.00480591254301493 0.00152956188351822 0.100643231208943 0.0278972077701019
-0.00197890148322895 0.00478029048643519 0.116455185379248 0.00378894043445984
-0.0127523446158767 0.00429663472353603 0.1331893574117 0.0291090291749785
-0.0091583275869102 -0.00775029144469392 0.106516125014114 0.11105078952824
0.00335165671458755 -0.0186919391942443 0.0131395320085471 0.178950367070114
0.0247877962733853 -0.0244493098676564 -0.066512387799743 0.176796172398362
0.0531965369113422 0.00347678840787282 -0.119995794320342 0.179359028414831
0.0645890590606246 0.0516270686144125 -0.0521165222393086 0.261025960174725
0.0762651354542954 0.0718016571962759 0.0268951217781654 0.148666730292877
0.0533239128449453 -0.00447641677192288 0.0816616924378337 -0.0570523772270633
0.0158772529999227 -0.02614204389901 -0.0934086334044832 -0.110686607705152
0.00134734679924514 -0.015530143146923 -0.186298591323648 0.0344284255462526
-0.00702431745180064 -0.0254125643741896 -0.0774078313041055 0.170500969777333
-0.0195254407146657 -0.0164047185896303 0.0449110881955595 0.149899404855337
-0.0205135686759688 -0.00735050803091295 0.084859483864606 0.0831441604474628
-0.0304233850599682 -0.00683779478206227 0.0940168647388223 0.0281671477082413
-0.0381245442291734 -0.0108182066097776 0.104074940023542 -0.00271890204528012
-0.0480329152996281 -0.0325971075561498 0.125597078088578 0.00605307153514486
-0.0142749003371647 -0.0632389974750079 0.121503809440448 0.0755298784013482
0.0454313850698046 -0.0579378757276427 0.0471106888421371 0.16245884309022
0.0949320220509317 -0.0107673056655286 -0.0332292328908169 0.182686474647749
0.102995227251546 0.0750845998496811 -0.0913331827424438 0.176698464361011
0.0748146629108177 0.149786553885361 -0.0431028113035628 0.231763168208464
0.0712749449163708 0.152140519833412 0.00123296090503649 0.10645097849269
0.094878741205313 0.0579863661059248 0.0845837728003791 -0.0646087146994669
0.081119147506759 -0.0122807137443625 -0.0848402670514784 -0.14611788017381
0.0388579054699531 -0.0536676243370863 -0.199539231482438 0.000261237835708724
-0.00942359984504834 -0.0737316841292147 -0.104756406912653 0.152770788840814
-0.0484383283839835 -0.050540421793294 0.0203463532877285 0.147948757323442
-0.055131163861836 -0.0203159674871435 0.0654590766775299 0.0821268816643533
-0.0614639217706733 -0.0140601158098135 0.073653875042709 0.0244545310101329
-0.0673251685836773 -0.0209076200290572 0.078081769889282 -0.0130320655859423
-0.0811591741460376 -0.0570892660331908 0.103404089638531 -0.0254134313721791
-0.0335530714124083 -0.106036158943471 0.126784913846206 0.0198614105388701
0.0596079618966774 -0.104832155920359 0.091346481874426 0.125618043317207
0.150469887478894 -0.0312203510461423 0.0145993541690436 0.178296050410875
0.158143959922169 0.111130297562039 -0.059389663949899 0.169937844809167
0.0921636539420983 0.216934985244455 -0.0343627273165167 0.178121302530527
0.0467459722387334 0.212920205137524 -0.0147353951450321 0.033202664032957
0.115487885292756 0.13019961385326 0.0856155365516959 -0.0857409186979649
0.142151038756498 0.0232280654061087 -0.063218205703345 -0.185684234414729
0.0880837878191693 -0.080428334019961 -0.19593988510223 -0.0523071850950402
-0.000210222850446018 -0.116860520977756 -0.131527190612916 0.108851630055067
-0.0693888377683504 -0.0832120024220765 -0.0164824049326994 0.127907712048134
-0.08302218620773 -0.0341438098595465 0.0326442228456001 0.0758748267779351
-0.0828096926817726 -0.018573989526632 0.0429923874414543 0.0187371390048484
-0.0855536477885238 -0.0250226870353009 0.0435284425354548 -0.0236460767983123
-0.10224203982354 -0.0672657941885176 0.0698795012554636 -0.0540046010078023
-0.0557725396610335 -0.128848752277316 0.113942934412653 -0.0396137816220104
0.0509953424530742 -0.139770736156318 0.123176258597888 0.0701921932970589
0.175802035535567 -0.062769978895378 0.0580759861341962 0.15603450040799
0.194676955845224 0.115948692903804 -0.0350498191342234 0.155827559009827
0.104029443137763 0.24568738774721 -0.0361068226121827 0.10930405294846
0.0103738229740632 0.237428803199282 -0.016980562053764 -0.060593406056555
0.103977817750771 0.18522308301028 0.0867596620312572 -0.116404224573914
0.170498364594169 0.0706623926149733 -0.0277453443904549 -0.214038174389823
0.12989587937095 -0.0806060931189968 -0.163431801063575 -0.109823288295811
0.017661106104198 -0.138636705964506 -0.145649717747221 0.0409827377337718
-0.0750425379337306 -0.104148903500214 -0.058075639440789 0.0904049768643911
-0.0973430067190006 -0.0441634598473964 -0.00990553815546498 0.0626467118981208
-0.0918643217334626 -0.0205549121476778 0.00623683622678867 0.0105649132591302
-0.0907165003960062 -0.0244881754887714 0.00534003919925785 -0.0321474418870671
-0.107148700304114 -0.0684757084133943 0.032476649709628 -0.0765001037202276
-0.0660891021461402 -0.131374310905568 0.0891286695147157 -0.0878298471307021
0.0381119510840457 -0.148985195762915 0.13578758948002 0.0153602973821975
0.172407566641171 -0.0747558073317499 0.0842822817023097 0.123017061021865
0.193914000459155 0.109536504884948 -0.0215322675286533 0.136741840296925
0.095610527023766 0.238738225012178 -0.0452276117104958 0.0372394794931559
-0.0247570438151835 0.213758018001078 -0.00541963764289856 -0.152644619107861
0.0642410630349119 0.19564402256944 0.0902753897041162 -0.148648508917696
0.150686970351301 0.103318969615433 0.0155995969609832 -0.221422891893338
0.138982226473382 -0.0566001469143939 -0.10779242871184 -0.153794021793179
0.0326424686220163 -0.128951474801068 -0.140261870060484 -0.0321612018444474
-0.0651717127342823 -0.105200554393287 -0.0960082155832097 0.0422873321934696
-0.0940914281195672 -0.0468233099106463 -0.0540167628720523 0.0448797236173721
-0.08721719634766 -0.020135296785783 -0.0309182233908613 0.00158248108403773
-0.0840428612508026 -0.021670102530311 -0.029971681839069 -0.0401055138278839
-0.0965401129047142 -0.0635136822449488 -0.00124857063137222 -0.0916589556976265
-0.0582909373526329 -0.121109794052199 0.0632534019114277 -0.11900823690175
0.0364041317775745 -0.133695578537571 0.134665922006014 -0.0254957520260625
0.152716823125064 -0.0579695800241719 0.0945146442808091 0.0942311599209734
0.158472607139398 0.105380209756503 -0.0170176392806179 0.113890631492842
0.0631513216418716 0.203123294174337 -0.0538875230099506 -0.0277784139594991
-0.0436899563086062 0.147051227133247 0.01201336240277 -0.223504407724004
0.0185128175105819 0.155461782347999 0.0962944125236332 -0.170874687606088
0.0969503431135111 0.0989882885062424 0.0513852793672041 -0.209678658884897
0.109016084603376 -0.0263953642924528 -0.0508065264192787 -0.175158821725049
0.0333688396654045 -0.0932236255778404 -0.122374327231475 -0.0895204638516311
-0.0451958281378249 -0.0828748516206107 -0.122842072352498 -0.0015264001586848
-0.0740404883116431 -0.0403222074712061 -0.0915783687825991 0.0263355332909536
-0.0680585554674877 -0.0177464686544749 -0.0619826997475922 -0.00801737357227775
-0.0667294166590036 -0.0169303017102464 -0.0590654220626438 -0.0487830887223131
-0.0735471495310827 -0.0527637199582996 -0.0258768274416159 -0.105209456198992
-0.0397305924271298 -0.0996223214252943 0.0470015062264949 -0.137975453020811
0.0405096126474799 -0.104427781956207 0.133242021044829 -0.0491208508035241
0.125194951126912 -0.023873987733905 0.0962032986300586 0.074243125005641
0.102047170520651 0.102033802421847 -0.0150518820914468 0.0923798934740302
0.014762543269965 0.150086462948277 -0.0537216211672179 -0.0785899985701666
-0.0491024826896017 0.0541728276023197 0.0245183289905485 -0.259428429961894
-0.0173213082907162 0.0801771321291058 0.0963767919435119 -0.178503845748079
0.0340089000110094 0.0625866089109379 0.070600428812625 -0.194108438564151
0.0556481536869835 -0.0018146022011248 -0.0175015866160506 -0.180678565626001
0.0225314954429829 -0.0435688518143732 -0.110033013445412 -0.119592556240056
-0.0201742972259738 -0.0463196583903489 -0.138128837448275 -0.0291620061145415
-0.0414195804384214 -0.0258774393274007 -0.115984217114641 0.0123328650995439
-0.0400923517644717 -0.012574692889611 -0.0836648222331495 -0.0163361167967472
-0.0424322629175284 -0.0105831211143383 -0.0772131158821547 -0.0580691695719084
-0.0461571360068841 -0.0353254026008614 -0.0383544648572047 -0.117331249121783
-0.0195651077403773 -0.0703587369145203 0.0419742919899246 -0.14875107111609
0.0419415264543079 -0.0688606721833236 0.13685594733967 -0.0587083174664059
0.0908768985258752 0.00952324625208505 0.0967726312774233 0.0647478267273126
0.0408521086952476 0.087985050096253 -0.013527774824809 0.0755563459740896
-0.0329970700589726 0.0809255351387733 -0.0427809853999071 -0.112354845351889
0.0606880844579117 -0.0117471473873558 0.0627129450233754 0.162392856375605
0.00250759559828024 -0.049306825768496 0.083807213396134 -0.0686008006502868
-0.0393927650361575 -0.0209585755695637 -0.0988170337199458 -0.0906841153852873
-0.0202613657854622 0.0238135016294314 -0.177983470434891 0.0571980096141678
0.00317116198158325 0.018121390724361 -0.0561857289459045 0.178116492083014
0.0135235624604046 0.0117507508881707 0.0613401426438233 0.144273794485179
0.0151438914253878 0.0032934234310435 0.0957716091826756 0.0806905504097775
0.00418831336265006 0.00123178335015348 0.10583244151707 0.0267511893525967
-0.00253153059495439 0.00494021163517336 0.12129659668898 0.000674004498775942
-0.01285224575089 0.0055855313318579 0.138031345203651 0.0261947576133331
-0.00923771788446001 -0.00823178846031393 0.113487199632465 0.113571535984017
0.00277537107096456 -0.0193429105493995 0.0176026490955957 0.185465401972337
0.0249859497946784 -0.0250961131235906 -0.0661793942935207 0.184199728744857
0.0549264116997371 0.00345837008906876 -0.122316405663234 0.18821162233748
0.0679383293323383 0.0519592303111921 -0.047911778444508 0.270280396821381
0.0800145799150201 0.0715592814131672 0.0342501846326655 0.152362102851138
0.054630285777496 -0.00593312428605823 0.0861938997526347 -0.0626163248382408
0.015466351218415 -0.0273031530965835 -0.0981830181134514 -0.113292779004479
0.000567321776426185 -0.0162513694529067 -0.19312592906235 0.0403558557271624
-0.0085922794374755 -0.0260290758769679 -0.0762944396244448 0.17818047191758
-0.0201462569924665 -0.0165434428824827 0.0506114714716348 0.153509205994943
-0.0213856154242221 -0.00661827299619613 0.0902858410403498 0.0836876206122122
-0.0320667734616518 -0.00612893712639831 0.0981299016261735 0.0266480571811915
-0.040377291263 -0.0104499824422123 0.108284937328561 -0.00536471256794001
-0.051022673222916 -0.0318299729005706 0.129620610450085 0.00304572790004282
-0.0160978642609036 -0.0648719481747006 0.126805676930824 0.0752572918217561
0.0455560685923154 -0.061568157748162 0.0532095399734541 0.168099918817805
0.0976703332891247 -0.012782963074313 -0.0307139891971304 0.189922223912513
0.107507633613427 0.0757411456944291 -0.0914911798720773 0.184775043791297
0.0812945797254622 0.15329991303035 -0.0370714057470264 0.240120109677353
0.0775074866181048 0.154356182179908 0.00688504367844161 0.109948056622894
0.0991263263148646 0.0574497011684812 0.0888203704661524 -0.0696603716910667
0.0834862080695145 -0.014394499577361 -0.0912032877149835 -0.15108906951784
0.0384574867458944 -0.0571006605543471 -0.206928256774063 0.00518256691030732
-0.0126500241687066 -0.0758521726547839 -0.104971335802905 0.160901586048708
-0.0519376389999614 -0.0499025515152621 0.0249232303491447 0.150997624044175
-0.0573889974438666 -0.0195179229682174 0.0702429881532877 0.0834182190733195
-0.0642463373864948 -0.0125106396329323 0.0772768942175576 0.0239588911690465
-0.0708745695475326 -0.0197696350247591 0.0813491583509498 -0.0152284976115183
-0.0861307001665464 -0.0557361239263894 0.106065354499536 -0.0285682583202419
-0.0380639560215164 -0.108464055113069 0.130515810621836 0.0177192240713312
0.0581535805333611 -0.110162455279935 0.0985974345299697 0.128257170730527
0.154512038719824 -0.0344386143642833 0.0189127920481531 0.184186710571249
0.166203481995424 0.111113445675657 -0.0582260709482498 0.177450122776443
0.101681847176978 0.222656471852925 -0.0308020451421852 0.184015221836855
0.0533328463061358 0.217853964173333 -0.0117753132152587 0.0358212031008274
0.122660885340622 0.130713037673274 0.0904313819873669 -0.0899628044714915
0.147098350993456 0.0212763965806402 -0.0690550144185847 -0.191511624923391
0.0886911110218633 -0.0856475868616231 -0.203947620990493 -0.0495024163429705
-0.00465992985833068 -0.120436932483246 -0.134055102000894 0.115708346055048
-0.0748532544346579 -0.0826008641675682 -0.0134638562960837 0.132422837666587
-0.0864820976042983 -0.0323520900134854 0.0359125645583161 0.0774393837640153
-0.0859525682396064 -0.0169877808660789 0.0454993917861608 0.0184211470238395
-0.0890567801533979 -0.0236447365921191 0.0442568913917558 -0.0241767026122051
-0.108925118848361 -0.0661643471545029 0.0702063227376919 -0.0581845371469493
-0.0616873720471791 -0.131089203687135 0.114996105967775 -0.0438375018673384
0.0478787585836666 -0.145792138713943 0.130524112496127 0.071180406690505
0.18032164759798 -0.0683356933699163 0.0641351749797528 0.160499669425488
0.203904978789166 0.114797240936389 -0.0320808410730479 0.162388496874235
0.115533600262416 0.252411650877714 -0.0332171414340951 0.112186326151705
0.0157818175199947 0.243292990705895 -0.0172923520197218 -0.0601427079749005
0.112177199690046 0.188603398174805 0.0910813817244468 -0.121560641667396
0.177870290141582 0.0693284819567138 -0.0324275637766679 -0.220984788588969
0.131846581154254 -0.0870141084987785 -0.171836237375927 -0.110831011041727
0.0137944546808084 -0.143831963037541 -0.150355720053807 0.046154405814186
-0.0814498128760126 -0.104489535652374 -0.0577307443598964 0.0955156165086831
-0.102013760518175 -0.0418555155992193 -0.00842056591411746 0.0653460599865061
-0.0951714416055946 -0.0192279297705247 0.00705356124464342 0.0114127291597849
-0.0940377128558153 -0.0227751167661987 0.00505234296070934 -0.0316603892664147
-0.114036486054722 -0.0670255426889418 0.0303499607558011 -0.0792774512387849
-0.0726446146529847 -0.134085049880141 0.0870882162094046 -0.0926240482429737
0.0350159352026781 -0.155009921233476 0.14112456382267 0.0131608926858562
0.176122336146532 -0.0811869501252462 0.0918511412407952 0.126678341790493
0.203377389407711 0.108337782524795 -0.0193896315587603 0.141542270981431
0.105613400197873 0.244240714599698 -0.044855092501141 0.0382778697845366
-0.0199613223890381 0.220081145390747 -0.00791630545518129 -0.156036871737326
0.0711525485471673 0.200588566425712 0.0927448516017683 -0.154100801406457
0.158528399671403 0.10364030750461 0.0121195596205386 -0.229248560612349
0.142371699698066 -0.0625901400375489 -0.114900475789576 -0.157362567829586
0.0290285089002681 -0.134382446425618 -0.145487935527347 -0.0297252612239146
-0.0710682610236455 -0.104586889412606 -0.0978399428363144 0.0469376160493469
-0.0986049785461552 -0.0445356615117111 -0.0543719462478687 0.0482409435159993
-0.0897340964019399 -0.0192334765445028 -0.0314181672923471 0.00278228600284663
-0.0869468347331356 -0.0202453492110776 -0.0314102722596142 -0.0388733808636326
-0.101559792298565 -0.0625953470164642 -0.0047230356086325 -0.0948525562815341
-0.064769824507862 -0.123246360376305 0.0597641969168725 -0.124448150601373
0.0334389852336779 -0.13988345154361 0.139491408001539 -0.0289111469602778
0.156542286803647 -0.0626031347891676 0.102014356491179 0.0962132833022566
0.166440012685761 0.105077550235857 -0.0144662131727124 0.11873055556974
0.0703463458300403 0.209198266846984 -0.0562859161816562 -0.0278339258101883
-0.0419130285062398 0.151975953481872 0.00845158432769786 -0.230268424455687
0.0226673866300528 0.158994881925623 0.0985775958049419 -0.177189647848218
0.103444757915748 0.100482321747484 0.0487428090133326 -0.21815703668347
0.111517482004255 -0.030482459460368 -0.0559371824208533 -0.18107482760294
0.0318507476199242 -0.0976230700779352 -0.129212093392343 -0.0899649509306772
-0.0497588254451304 -0.0832105061208114 -0.126592832316888 0.00228766902280681
-0.0777696002434594 -0.0390324275377285 -0.0936177486184929 0.029832299856693
-0.0709082120255194 -0.0173189536943874 -0.0652339238120924 -0.00666102973550282
-0.0688425160053296 -0.0162383688849761 -0.0622486108389331 -0.0478780322098741
-0.0781166612182521 -0.0518745020058064 -0.0295455045495209 -0.107717289744134
-0.0446296993319545 -0.101563437690775 0.0434176303591234 -0.144221201825225
0.038198880828804 -0.109242519761656 0.137591331470219 -0.0539125735098646
0.129343242547813 -0.0274009212843503 0.103191558354486 0.0753282918009735
0.10848464914867 0.10233816803391 -0.0129151007170134 0.0959096817625432
0.0195196020952853 0.154438941627895 -0.0578382627055621 -0.0801097719388278
-0.0493349433472138 0.05636735867718 0.0194591725727019 -0.267844555803104
-0.0161619410662326 0.0826648168128618 0.0973450507699427 -0.186235759290234
0.0367292895404531 0.064149472279592 0.069007422939695 -0.201585642043853
0.0573629383668407 -0.00385088879328653 -0.0219634865022322 -0.187995987901748
0.0218924666965286 -0.0460838394900067 -0.117208660357252 -0.121236502260085
-0.0224268369756602 -0.0463274636667475 -0.144289054242866 -0.0252666103195978
-0.0437531844899727 -0.0248609251821663 -0.119632061896899 0.0170132443034953
-0.0411422763427301 -0.0125051364011821 -0.0879123551554729 -0.014455288570843
-0.0435741714068729 -0.0102359233668145 -0.0819116519952764 -0.0567880311772707
-0.0487391952404901 -0.0352616312771235 -0.0432719717865205 -0.120280774682732
-0.0230922545598268 -0.0716802516055095 0.0384771096572969 -0.154655247353703
0.040369287574235 -0.0727849761240873 0.140309723773557 -0.0638985132088595
0.0941591604483759 0.00795381579186201 0.103040484208901 0.0659575607484466
0.0445900392872939 0.0890798311641476 -0.0123341014446424 0.0787176425661107
-0.0320554685188321 0.0848760607487401 -0.047315598444821 -0.114134382989016
0.0599203034916846 -0.0160327663236484 0.0736371947828028 0.158733807745685
-0.000457733776847299 -0.0498185066988163 0.0825581353381746 -0.075637779716624
-0.0411223122102067 -0.0194394215329142 -0.103583200707818 -0.0874692264397058
-0.0191894011247931 0.0248726556717055 -0.176481036831203 0.0675904866479663
0.00405951351656966 0.0184375507841792 -0.0478929855750514 0.182832834802526
0.0149526762063235 0.0105889545354688 0.0693305246622825 0.141389717360371
0.0155122708643092 0.00165292634733474 0.101916037714848 0.0759063419023885
0.00400323691542203 0.00084136181684072 0.108540346129863 0.0212416104056196
-0.00297809606012861 0.00509817766268172 0.123110644819045 -0.00632552874840233
-0.012620314196928 0.00645073836654147 0.140986807867608 0.0193619940092309
-0.00989342242090391 -0.00818657639137174 0.121005589284761 0.10932580324158
0.00175373722552185 -0.0195257462083757 0.0275958934401589 0.186679379081676
0.0240250538495323 -0.0260892355760381 -0.0591493827295154 0.188011190659674
0.0554242233040531 0.00133627544287115 -0.114753508278435 0.195789047576292
0.0716537105879762 0.0495854374444778 -0.0348965986429485 0.273755254866638
0.0841563045594765 0.0675253277209257 0.0446611022505398 0.150034957244132
0.0544767158035059 -0.00914675593683259 0.0855182253621302 -0.0697554432213023
0.0138546546730445 -0.0281078476432068 -0.104571279562273 -0.110804199143499
-0.000544328869643327 -0.0160784145326204 -0.192933000082647 0.0510811923468694
-0.0104992316141602 -0.0253913375734928 -0.0678184642169629 0.183614252733551
-0.0210845724229777 -0.0156896601237252 0.0590891967722869 0.151046731195751
-0.0219815270887612 -0.00557027209618191 0.0961437867274931 0.0799282913882313
-0.0333164363294549 -0.00490517397117257 0.10120060308034 0.0217168604617688
-0.0416129016389189 -0.00818206966256659 0.109071106185634 -0.0120626492032089
-0.0537126969348026 -0.028878913771292 0.130918068464398 -0.00398938785156179
-0.0201136323062328 -0.064859260750063 0.131670931843002 0.0701193983538136
0.0422131860320188 -0.0647023173026225 0.0628356452457648 0.167101408824687
0.0982082147853831 -0.0173964183458047 -0.0216025960709411 0.192880363958851
0.111579743261238 0.0716009651789381 -0.0833758459516499 0.191045151346065
0.0904643397846473 0.150684946317214 -0.0251334615853023 0.241978578520947
0.0849251056768175 0.149953582747608 0.0153548989893311 0.110052321302304
0.102222394118071 0.0522953300559237 0.089165193812101 -0.0763400322969008
0.0826096590412524 -0.0188440446084202 -0.0983631601438484 -0.148163796853975
0.0354369813804401 -0.0597503806881383 -0.208353255926997 0.0151944789139852
-0.0177923302105345 -0.0747940056634653 -0.0979052746607774 0.167257983966404
-0.055007521623809 -0.0470085687996892 0.0334765022732381 0.150832801219552
-0.0591769404262474 -0.015854418968033 0.0748244365923767 0.079842700911389
-0.0657540187234407 -0.0096236533408208 0.0794725256930889 0.0201693984592466
-0.072796943246715 -0.0159331869559003 0.0816979687981471 -0.0194252666946603
-0.0906810619447367 -0.0500377901525642 0.105029419414002 -0.0342806577937679
-0.0450499176393281 -0.106731741902405 0.13123664007933 0.0114326129544839
0.0519589853676491 -0.114069537015163 0.106279690910195 0.125131902646209
0.153868349404572 -0.0425099753082976 0.0290606824965558 0.185205516603794
0.172796707118038 0.10367313431446 -0.0493101704365291 0.182191000068378
0.115204294646414 0.218922954878965 -0.0209335050906713 0.184965778664177
0.0636137404555138 0.214955982117861 -0.00757582009189076 0.0369578613343567
0.129462067732816 0.124263496319502 0.0902550074881604 -0.0955221616434514
0.148841936696641 0.01394734752283 -0.0791923875567909 -0.189879702677045
0.0847208708240079 -0.0911897079914812 -0.209159963576509 -0.0409398852061489
-0.0122475568382868 -0.120429612336217 -0.128938885814582 0.123546917554626
-0.0795625055320815 -0.0780672741464793 -0.00626463391869749 0.134108278544986
-0.0889044071316093 -0.0268335811065669 0.0392320498905287 0.0760104207164231
-0.0875824070249998 -0.0125448117783284 0.0469548439495211 0.0166172623832369
-0.0906819103339403 -0.0185325369875572 0.0443276789271156 -0.0264490840450469
-0.114383807508565 -0.0591132553758928 0.0675299907176037 -0.0617890525764824
-0.0702168396030475 -0.128450616499977 0.111889369390494 -0.049380781999328
0.039761654645718 -0.149586717692624 0.136142522116405 0.0652359713543502
0.177878389248755 -0.0771512982956623 0.0745463604327584 0.159442429719895
0.211696748777549 0.105490752798054 -0.024122653866612 0.165211355525536
0.130559439635046 0.247743845056913 -0.0271452958961999 0.113954784358643
0.0273874899035768 0.243652637862543 -0.0177969424826821 -0.0588102186351181
0.121723092019244 0.182486258413835 0.0888954383630871 -0.12632731218815
0.183512444522529 0.0610970452760627 -0.0430770119883337 -0.221653039605284
0.127692729873716 -0.0951829169614592 -0.179306812280354 -0.10400865182359
0.00512463124709705 -0.145745586697945 -0.148858536446547 0.0539064023559502
-0.0880996036779027 -0.098550933003959 -0.0525041949579009 0.0989715236156251
-0.105220600576294 -0.035287404800433 -0.00526682906065121 0.0658710758902848
-0.0964098161638852 -0.0146861212516949 0.00709347416153364 0.0113889293520614
-0.0961202510781387 -0.0180600223263991 0.0041553104183255 -0.03127230721393
-0.119170491742354 -0.0598902831142318 0.026570084964407 -0.0809441555661817
-0.0816225823228412 -0.130227593470413 0.0808799067980022 -0.0972293392188566
0.0258192456958591 -0.157551205482091 0.143258250121481 0.0064680940203494
0.172680043535443 -0.0901777600831536 0.101161972558688 0.123431125837091
0.210356551390904 0.0979543580773073 -0.0112648062251098 0.143501856396782
0.121390011750094 0.240167047762522 -0.0435920246860733 0.0396466478080861
-0.00940059279944455 0.221440216749258 -0.0142422699030368 -0.156411662890194
0.0817030423708382 0.196809370814024 0.0899587408265279 -0.158621821939726
0.165838799466777 0.0962877653599391 0.000791572749202 -0.231503152866665
0.139165110594217 -0.0716962162415271 -0.12324052329359 -0.154156272790922
0.0211882973370676 -0.137336650082215 -0.148028906822859 -0.0223753441952844
-0.0769898521883086 -0.10004705715816 -0.0955625385114933 0.052850206048487
-0.101338092382202 -0.0384130155281485 -0.0521767268916513 0.0516031729714405
-0.0912741507021451 -0.0153580642086161 -0.0324488987731879 0.00465895833158287
-0.0876767574010387 -0.0158657290854576 -0.0337206637819443 -0.0370200722105843
-0.10679991582441 -0.0562491457810318 -0.00941815289234186 -0.0948822530768089
-0.0726744099945902 -0.119982728107076 0.051802223623092 -0.127980112775669
0.0251846788527061 -0.141835694349024 0.139897511225597 -0.0362326276964433
0.154041211652237 -0.0712243076813227 0.109483168513657 0.0930733477415641
0.173026920425301 0.0970622264385644 -0.00771663295622952 0.119492279637247
0.0835285530756148 0.206632165604446 -0.0580081609832364 -0.0254810921330632
-0.0350300089402194 0.154234937797487 -0.00284996464062745 -0.231430343750393
0.0316097382973826 0.157922596463686 0.092005990996617 -0.181540610468568
0.109566980908367 0.095683996741059 0.0386401471098529 -0.222208402176778
0.11074891871427 -0.0370722372816256 -0.065574093216752 -0.180745270799477
0.0254571592613154 -0.100256870654623 -0.134928034538519 -0.0839481587723176
-0.0544803935031325 -0.0793381357519188 -0.127372113267065 0.0101307955368381
-0.080327988893613 -0.0335297687613043 -0.0934614364895114 0.0362084705152569
-0.0718966992506853 -0.0144127718111632 -0.0668414599613977 -0.00289653786471529
-0.0697907258865406 -0.0127554945507714 -0.0647442312492932 -0.0442913349308355
-0.0817169958585554 -0.0474224083492725 -0.0364075191712106 -0.106349084262887
-0.051555234322319 -0.0994376846554284 0.0343292157168798 -0.146514742317211
0.03222453960422 -0.111829505662569 0.135832817733666 -0.0611847728599696
0.129251523486043 -0.0338825592817089 0.109591699002409 0.071554165677211
0.114776354968858 0.0971691934677873 -0.00827207338302704 0.0969301580070742
0.028235501805101 0.154560040759871 -0.0626763595210489 -0.0775812596312443
-0.0470090001531644 0.0581175131256751 0.00634549398279484 -0.269393630017994
-0.0115182216853001 0.0824554556376388 0.0901905881575713 -0.189758065354807
0.0411167311499332 0.0626422761443657 0.0595940130078867 -0.206482965304685
0.0570349731794914 -0.00754559937409987 -0.0300932137658136 -0.189120350880967
0.0188077749953058 -0.047724042095576 -0.124660099120578 -0.116660668545673
-0.0252463287320069 -0.0441486318369823 -0.147188447605989 -0.0167366133212935
-0.0456884107384241 -0.0222718873228357 -0.11959158188497 0.0245278432504023
-0.0422370375665822 -0.0110654859864481 -0.0906001825451655 -0.00891185056442244
-0.0434650451386413 -0.0083794200864007 -0.0851294434687534 -0.0524640433557407
-0.0505817301601534 -0.0323752455785333 -0.0508159344307781 -0.119151066196678
-0.0274592523827734 -0.0709580471719466 0.029361975722938 -0.158077067146251
0.03649706942001 -0.0752108514053923 0.138462012536745 -0.0717512429227654
0.0960229221038376 0.00299334999888474 0.107886346371055 0.0622774747000916
0.0492217272405532 0.0876899857533108 -0.00823893255037106 0.0796658481228628
-0.027597484341712 0.0874496700611977 -0.0546034503739425 -0.111321527642386
0.0563335826526253 -0.0186501734035306 0.0804036901270284 0.148702684206782
-0.00326664912579883 -0.0479957150049332 0.0778462688062383 -0.0797340820964724
-0.0412183455718672 -0.016746596902346 -0.104442472874797 -0.0816441150011606
-0.0172914498914176 0.0256017705862 -0.168178635785457 0.0742179798644885
0.00422193459836602 0.0173490610632512 -0.0376278462241374 0.180419847550299
0.0151036404476888 0.00857773940790844 0.0738159952051055 0.133360085357768
0.0149532396463835 0.000526748674569593 0.103195405593136 0.0689590222228861
0.00333019085624617 0.000436876648760697 0.107267488554639 0.0150921256655354
-0.00286958793569991 0.00557247813044066 0.119312201119711 -0.0127782756490328
-0.0116293951765962 0.00677532660466086 0.138006430389366 0.0118089464173519
-0.0101035695087608 -0.00768064319592281 0.123547509486949 0.100732188886715
0.00060417360674451 -0.0190599804728637 0.035430888489696 0.180086574620221
0.02254952976764 -0.0255263224786847 -0.05060434022624 0.184670515067701
0.0542703728272822 -0.000177079240438521 -0.104371009181184 0.194776206822335
0.0713117590483164 0.0447813995130162 -0.0222255417636247 0.266357020178421
0.0838098420924666 0.0607562292211727 0.0525460622236273 0.142370232500828
0.0518047896335837 -0.0113415968333996 0.0817191343050181 -0.0734053535701496
0.0115637981173448 -0.028085086792897 -0.105518392460768 -0.103980464605835
-0.00114687108090959 -0.0158725219893305 -0.185371539235403 0.0579159439810771
-0.0127836331923611 -0.0237167084317435 -0.0569055645481274 0.182038662119651
-0.020718522159358 -0.0140833378555074 0.0648488791309638 0.143032049923463
-0.0210623783935766 -0.00455227689854918 0.0969165937264817 0.0728283578601025
-0.0328045164284407 -0.00371872029385262 0.100213399605342 0.0161559872415936
-0.0412891131951155 -0.00551805051471595 0.106142536231928 -0.0169028518097821
-0.0539432068147095 -0.0242818936362839 0.126543561763305 -0.00991309482161416
-0.0232510972083442 -0.0624083272005712 0.130916120879511 0.0623849599822389
0.0376399576785678 -0.0640279532130148 0.0690712460687233 0.160340507052118
0.0942832677860995 -0.0199796758604387 -0.0133147654842801 0.186898558563479
0.111525346918665 0.0652389548980729 -0.073922925872988 0.188522381950867
0.0952757601941212 0.141910822973605 -0.0139430939074867 0.23448108568454
0.0884190941997829 0.140971846957819 0.022923687434045 0.105451758791912
0.101025825474424 0.0457998107629953 0.085559587268275 -0.0788914468487693
0.0789013634523661 -0.0215451397063001 -0.102050828511912 -0.140572189243234
0.0311829739273066 -0.0590874586419995 -0.202713978965644 0.0238479311768456
-0.0216818379832912 -0.0714549458387369 -0.0870576605555101 0.166710483467505
-0.0554216211631716 -0.0420994750072225 0.0395048412035403 0.143882624669345
-0.0577482325616601 -0.0126343409231964 0.0761891609970966 0.0741455732377843
-0.0639549268770404 -0.00636871370824848 0.0785384989796819 0.0155995040358413
-0.0715900975564747 -0.0116318427943098 0.0789555245715904 -0.0224620868343218
-0.0905944691648425 -0.0432546727051002 0.100092920254948 -0.0378503496539955
-0.0494449015347823 -0.101384117779281 0.126936953955386 0.00623797354213192
0.0447181337756748 -0.112729810379183 0.109974797106434 0.117134949706326
0.148040948513813 -0.0476728913073977 0.0368251658195957 0.178737175492247
0.17205681967348 0.0942410545901101 -0.0405666267406674 0.177839272965153
0.122443200693143 0.206590620776213 -0.0118843873224519 0.178800509198327
0.0707834179777662 0.205025181577836 -0.00340377387490757 0.0360409800054119
0.130176092072307 0.114778621097744 0.0866687077225517 -0.0974383576602717
0.145225567976172 0.00675366522463508 -0.0839521067474555 -0.181907374958618
0.0774200012757333 -0.0921026964408828 -0.204677413336485 -0.0309983771397347
-0.0183757237746885 -0.115599088310649 -0.119337794522447 0.125475172014243
-0.0808529328507588 -0.0707898495389253 0.000419956965910878 0.130283611607077
-0.0869112056609241 -0.0217398830734457 0.0414949345322835 0.0712271776319371
-0.0856726015057754 -0.00861963355724218 0.0466251205947655 0.0138347112714545
-0.0895611488639314 -0.0134326192420566 0.0428663906414243 -0.0274136188067721
-0.11447897109076 -0.0506620854327699 0.0621550490983554 -0.0626743596494226
-0.0756338715952601 -0.120487547331618 0.10502964134459 -0.0519578434546874
0.0305582926330858 -0.145903586204409 0.135351642327039 0.0581651457225878
0.169074149230916 -0.0819436054409955 0.0803875399541892 0.151165211855991
0.209607245559558 0.0927151444803851 -0.0163101479908503 0.16092151539056
0.13931180044773 0.233191870310784 -0.0218719178256128 0.109273456140481
0.0366589315927139 0.233444527640739 -0.0183005528425719 -0.0553588150135858
0.12577191200372 0.1700053523432 0.0841471810042384 -0.126154481463286
0.181073802919429 0.0507528810404862 -0.0512477645749044 -0.213697394511904
0.119211976146761 -0.0987699451165838 -0.178100833947391 -0.0937139193247684
-0.00395275520054454 -0.140508399516575 -0.141657242552584 0.0587175997398686
-0.089646082120964 -0.0900133849817661 -0.0461328181492792 0.0982498356729004
-0.102473199095646 -0.0291555530516858 -0.00252863721426704 0.063928188386184
-0.0941680089811541 -0.010275296468955 0.00778272669330026 0.0108633627688908
-0.0936916794130259 -0.0125952859012446 0.00280171867361284 -0.0305291421942991
-0.118598729824903 -0.0507897077515784 0.0214729509487157 -0.0798580046698978
-0.0862045428707453 -0.12172891247992 0.0728919823244557 -0.097144370280988
0.0167515184077867 -0.152854849191278 0.140341671242591 0.000295714103515939
0.164047537132851 -0.0950784315184574 0.104242347102045 0.115407604122697
0.2088530292848 0.085423862798285 -0.00461336426910435 0.138769180919274
0.130049687089882 0.226681453544691 -0.0409122444248033 0.0390559520381087
-0.000342628475831592 0.214619444570054 -0.0189159104085349 -0.149551692439381
0.0873473928421906 0.186390235804378 0.0832088950113773 -0.156971637676513
0.165932529406736 0.0859087525260092 -0.00912084299609035 -0.224338385265696
0.131008549508183 -0.0761762463215637 -0.126054114009439 -0.145131620252211
0.0127126182068043 -0.133625627704987 -0.145083034488882 -0.0160509321147146
-0.0796553906749031 -0.0916286764859595 -0.0900780284003021 0.0562283562078698
-0.0996679414105033 -0.0314575809217283 -0.0491816902960064 0.0525221915336724
-0.0894472855255914 -0.0113030849234714 -0.0318066476116131 0.00689290239575876
-0.0853021298835153 -0.0117831924409164 -0.0337202154619632 -0.0333403955315213
-0.106800371173443 -0.048183006871833 -0.0142337998312865 -0.0909435080553771
-0.0774171541623793 -0.111600511475331 0.0426433649242221 -0.125690257855784
0.0166844326339056 -0.138178205854199 0.134614271495521 -0.0414763200104082
0.146442048107594 -0.0756304487593551 0.111698729114187 0.0849683155239097
0.172417007823861 0.0857495881708591 -0.00293334609680772 0.115545908973261
0.0915727717073636 0.19587214901463 -0.0578438809132634 -0.02306045268471
-0.0276935099227205 0.150301069931211 -0.0106111294076188 -0.222668717655871
0.0372804651203583 0.150157998990954 0.0838425598989643 -0.179442788424409
0.111040781459954 0.0880666788160378 0.0289554048802393 -0.216774529387261
0.104952137423579 -0.0417065926892169 -0.0708713658317661 -0.173018792556937
0.0191339950680744 -0.0982004271440815 -0.135357806424394 -0.0757739500169256
-0.0567234594843421 -0.072881075508679 -0.123083582432354 0.0160494361071232
-0.0795768104674537 -0.0275448297375374 -0.0888096604508927 0.0400183157831604
-0.0705583212876147 -0.0110385129934709 -0.0653621345006409 0.00138403277402606
-0.0668496539637191 -0.00996033290561798 -0.0647275930064427 -0.0386110484931367
-0.0820707855894381 -0.0404028545967627 -0.0405433226140084 -0.101313302796992
-0.0555711445881415 -0.0934023434332573 0.025234143837787 -0.142839199366615
0.0251647172554711 -0.109194422101196 0.129162249098369 -0.0652471690233806
0.123957967038957 -0.0382305875751353 0.110991643590966 0.0647562100159975
0.11565135381062 0.0886570766567983 -0.00394317960947783 0.0938207970746883
0.035270600050607 0.148104158578643 -0.0653082813182766 -0.0725149026682547
-0.0438268064815343 0.0577064472998776 -0.00487894875687785 -0.260009949730238
-0.00755310367648248 0.0790698648415904 0.0804130380170184 -0.186577469600517
0.042643729367902 0.0586226396088488 0.0498797231379223 -0.202308178918045
0.0545560626994353 -0.0103592321447849 -0.0374967086699328 -0.183315860263564
0.0152088346274803 -0.0473619809363818 -0.126606672085191 -0.107531963627318
-0.0262619482645434 -0.0406479125666853 -0.143391259621464 -0.00809474632311252
-0.0449063655502821 -0.0180847642082537 -0.114748508060958 0.030073648371179
-0.041307336098827 -0.00919952691324685 -0.0887797748332832 -0.00389719434858295
-0.0419415200546102 -0.00663910789655345 -0.08500936114381 -0.0456742234549597
-0.0502881717305581 -0.0285695647184238 -0.0554751471587502 -0.111821124005899
-0.0305948609001007 -0.0661849644353309 0.0202490812229144 -0.153724903621344
0.0312529566813409 -0.0746908006170772 0.131168843436949 -0.0757488602954344
0.0933238173729593 -0.0016505223813765 0.108767542331664 0.0563686286528656
0.0512283696994983 0.0823257366863746 -0.0056004115188482 0.0774656522000728
-0.0224868353910283 0.0855027880697513 -0.0594022211903027 -0.104577276472434
0.0541224500847268 -0.0103653000231978 0.0631574269433332 0.148479620540931
0.00313933915735212 -0.0445639032937142 0.0845875081381377 -0.0693634611019065
-0.0362016317424906 -0.020917030937943 -0.0872842824391198 -0.0921362780037609
-0.0201505525143276 0.0208644165210721 -0.165600095289535 0.0482822277022318
0.000593932809692577 0.0168770680104672 -0.0565061037499539 0.163952549303739
0.0114714473824405 0.00867374784556889 0.0541076066820654 0.134088218171305
0.0140367580518093 0.000890926187127113 0.089591376616562 0.0768913079173912
0.00311941859846611 0.000690624821776514 0.100638780244734 0.0271408130675254
-0.00396610098758462 0.00435457266913317 0.116765501540884 0.00118886400121159
-0.012533735205501 0.00473960244721819 0.130963839312202 0.0279945371738391
-0.00863147258643635 -0.0102593672033595 0.106462906905417 0.113386436316208
0.00377443298244246 -0.0206385905552452 0.0117501634662328 0.180034951167316
0.0272659799459097 -0.0230171850163597 -0.0744861590715336 0.17129877964273
0.0531656813052695 0.00652255958268655 -0.127556740291803 0.175925868967964
0.0641748581260825 0.0499671440617962 -0.0584712329732489 0.255016580472703
0.0689331576072003 0.0662661040613174 0.0341856127078356 0.143582053889253
0.0483423399579202 -0.00315855054436774 0.0890493908654624 -0.0594613412782349
0.0145533907914059 -0.0239465985768698 -0.0842733788850317 -0.11056569518562
0.000337864271346732 -0.0153296560391883 -0.177867786741895 0.0317357073838433
-0.00914236823757856 -0.0240520242263588 -0.0728698572056416 0.162457652931378
-0.0189630460910966 -0.0171156771663805 0.0450737102122822 0.140367206304913
-0.0195781245928375 -0.00816233720694046 0.0838140569181804 0.0793895396132472
-0.0311829925007682 -0.00780967056096162 0.0932097906624673 0.0276554195979779
-0.0393568413862351 -0.0108634471836388 0.104484774160955 -0.00261380609898326
-0.0486507063435932 -0.0297725483047432 0.123226701840621 0.00710032648896128
-0.0151622217968444 -0.0629306313479817 0.117632756257084 0.0790506625434748
0.0441193829650337 -0.0597677877262774 0.046161078886132 0.166672206171335
0.0955838101867498 -0.00966841243185266 -0.0406585505628837 0.178353135406296
0.10066712023035 0.0760359097197626 -0.0999091454262502 0.170448196926076
0.0759732000841008 0.146677942682295 -0.0492824589100971 0.222018157080634
0.0632425670376955 0.140976052084833 0.00526419307946295 0.108744415359953
0.0859096047646103 0.0558941496454924 0.0934686022398286 -0.0603872594425646
0.076032699290394 -0.0086527230124737 -0.0748678722157377 -0.140632738510897
0.0377594523699354 -0.0512908536668423 -0.187654967083662 -0.000605924252219238
-0.0109125853659467 -0.0704262377848631 -0.0972056721822717 0.14463460010103
-0.047341264652758 -0.0476959025301654 0.0227473502705448 0.136316843097379
-0.0526593493380412 -0.0197991492947169 0.0641847117743219 0.0783589759543174
-0.0611299619161479 -0.0147376757470579 0.0727487557561172 0.0250134932883846
-0.0672192088249825 -0.0205067548428714 0.0796680723367934 -0.0107951026728095
-0.0816382460079065 -0.051855587613885 0.102254558695474 -0.0218870937781164
-0.036059697254771 -0.103383201486811 0.120959974219448 0.026601036728608
0.0556223679818544 -0.104014349349869 0.0913569575591525 0.131481154424032
0.149171247858121 -0.0298421233148502 0.00724840679441583 0.176414940538546
0.154286190371077 0.109216425551251 -0.0691495510288668 0.163074427846083
0.0952486569655504 0.212352620621901 -0.0424046433278263 0.166852936214479
0.0386388466026803 0.198031772909054 -0.0150462870945908 0.0431548855254505
0.103925889238059 0.122864946211206 0.0940041676078013 -0.0732810172268508
0.134026841434698 0.0265694003481785 -0.0537351136163206 -0.172298305340661
0.0853487438799369 -0.0755401265631861 -0.182166239013088 -0.0499080130780669
-0.00136076456287227 -0.112082322635759 -0.120598334825761 0.103878358618675
-0.0670779911804198 -0.0768072027736198 -0.0119105416277162 0.11805120752517
-0.0788521864731996 -0.0314860302989816 0.0319468521177416 0.0718641739427347
-0.0810374699513491 -0.0194389971445447 0.0420883821829997 0.0197561992809305
-0.0836860903706863 -0.0244542815107269 0.0454342223194115 -0.0193726706041932
-0.103507761506735 -0.061068150351377 0.0693496045897606 -0.0487892610454639
-0.0589198130701038 -0.123685449322381 0.107111444014288 -0.0309223043442635
0.0457903418241615 -0.138027864528589 0.124353253443449 0.0773265565466922
0.172457357165119 -0.0609982991789205 0.0522989013577852 0.157110710334696
0.190159392365581 0.113245217342071 -0.0448680441575688 0.14872493122356
0.108047777916904 0.240376868936882 -0.0450964652225258 0.0973443496528664
0.00311068331527429 0.220372999301381 -0.0219934819260503 -0.0446427816526312
0.0922756794272487 0.173664162704626 0.0926516280966927 -0.0987568971663312
0.161761117471025 0.0723396407594397 -0.020548748208819 -0.195014520893173
0.125280570249878 -0.0750200493958518 -0.149998266780519 -0.103637734780522
0.0168016647148931 -0.132792746137374 -0.133607964500848 0.0396379088753793
-0.0718222163057757 -0.0962346970132921 -0.0517997968247021 0.0827199074400594
-0.0936248738202784 -0.0396334719373966 -0.00867864759239859 0.0605540757120724
-0.0893982819895213 -0.0215484253789235 0.00558899411547019 0.0125197249737702
-0.0874689742503527 -0.0248526303902563 0.00796986823554199 -0.0269299207940707
-0.107337400317579 -0.0618111650920066 0.0321739278885959 -0.0695544295650534
-0.0689868380695954 -0.126029688894389 0.0811583189123805 -0.0774904888856238
0.0326163587973883 -0.145123535073648 0.136451160708666 0.0222469250645647
0.168213224055425 -0.0739124633938065 0.0812766986469058 0.125865954558086
0.19060275778162 0.104921328240158 -0.0311054996331405 0.129764316409106
0.0994534280947819 0.233031671445196 -0.0547172692457057 0.0262642526422649
-0.028132453040654 0.198071169229026 -0.0124868691070021 -0.134285717580416
0.0554193079762754 0.183626457609246 0.0925976564422634 -0.128877575327391
0.143031998672105 0.102440084055792 0.0176245608882532 -0.199604216831304
0.133637943011514 -0.0525232689083617 -0.0965776954822546 -0.143952543570694
0.0311048241523069 -0.124042252659198 -0.127984770327831 -0.0297934337397726
-0.0618252303796807 -0.0958877760961587 -0.0877199581000283 0.0388157556570598
-0.0903543861785706 -0.0410149853802714 -0.0509063133131368 0.0443676564926447
-0.0841504032818245 -0.0224988216684118 -0.0313627187818567 0.00364501938141797
-0.0795104026017786 -0.0218528856478745 -0.0268170443158925 -0.0347262164516743
-0.0958778601334243 -0.0575079912840259 -0.000392595736712983 -0.0852337532856182
-0.0616137217439448 -0.115283069029994 0.0561005245641538 -0.109001387164956
0.0308538666342307 -0.129685857325396 0.135524088190558 -0.0190433405989663
0.149224947021216 -0.0580377331492548 0.0927693305092899 0.0972198266815747
0.155431531123486 0.101275098444262 -0.0245459020516542 0.107388997321924
0.0663813280765838 0.199167704078168 -0.0627686172391569 -0.0359678427145713
-0.0453446697155507 0.134724163091728 0.00534208494834843 -0.205148465720371
0.0134085964365966 0.143466447772859 0.0946797792575291 -0.15215570013827
0.0920643700308508 0.0971638110080612 0.0505822582453923 -0.190858205307381
0.104325771223847 -0.0239168661227975 -0.0427576777050675 -0.165284855481325
0.0318867079074419 -0.0895034950093293 -0.11339971812743 -0.0844399646058033
-0.0419414844530387 -0.075118632481707 -0.115027223400417 -0.0011348875793551
-0.0708661299874655 -0.0347570225235058 -0.0868004207252992 0.0287941082951509
-0.0660693949266958 -0.0199913116660059 -0.0631073713131127 -0.00503629898642808
-0.0620164349299568 -0.0181181935252935 -0.0557311888027531 -0.0434498737689591
-0.073258999159251 -0.0480497214994847 -0.0249623086756608 -0.0987569580780693
-0.0426661023278182 -0.0946743260013675 0.0411293052346794 -0.129433298601183
0.0350466902326483 -0.101031655881527 0.133188121770079 -0.0444060593497999
0.122608681384442 -0.0246080103208619 0.0957005555000299 0.0773877082933986
0.100100737632381 0.0975157381332258 -0.0209094470373217 0.0857467480192054
0.0178793361140708 0.147307153953798 -0.0606754186004446 -0.0830864228576419
-0.0478165752136393 0.0469387654979787 0.0204493908624248 -0.242911413088107
-0.0183774091222803 0.0712019090988229 0.0943053514019401 -0.163722010458689
0.0326308328743793 0.0603082542288162 0.0685620924196639 -0.178793694042993
0.0527890996422349 -0.00121033630531167 -0.0117018792531594 -0.172951789511873
0.0207518481390294 -0.0422350676264445 -0.103862171040615 -0.1143410063226
-0.017764933122082 -0.0407866333179674 -0.132276223433919 -0.0251952180176978
-0.0401990086761225 -0.0218280557420697 -0.111448505803847 0.0174147203358111
-0.0391889525507465 -0.0143542334162579 -0.0846253816777609 -0.0135452526315705
-0.0380887556325471 -0.0114737528595537 -0.0754567028746085 -0.0533909212169709
-0.0447324962635418 -0.0324710273652723 -0.0388646164523604 -0.111250466510849
-0.0219870426854065 -0.0658899989103077 0.0379497634323294 -0.141676890296265
0.036757394273186 -0.0669766545285781 0.135764728363938 -0.055454821552305
0.088988644893342 0.00741809935009261 0.0956655618042789 0.067954041723418
0.0397515633333254 0.0840565134943735 -0.0177680689606077 0.0706088255171405
-0.0316838081385954 0.0808377807988131 -0.0476129842875118 -0.111586420429602
0.0522811746969442 -0.00847235921410297 0.0589966995759045 0.144256684477937
0.00337532579615333 -0.042512037480797 0.0848500531279206 -0.0680139459558113
-0.0349434860926895 -0.02088438412629 -0.0822244471070544 -0.094040177666991
-0.0196209391865354 0.0200794981687263 -0.162269661439474 0.0435134641437594
-2.0682276015922E-05 0.0163356489157285 -0.0584732335620901 0.158650309736395
0.0114245521354077 0.0083837056060638 0.0495700106223818 0.131120927965649
0.0134766631986404 0.000426713898390444 0.0857896291637337 0.0767805500679316
0.00198395706603025 0.000620250054335246 0.0989775158592765 0.0278989084880592
-0.00448063873015083 0.00459776656469497 0.11403387294342 0.0031514594678482
-0.0128199672808329 0.00378504900741087 0.12729869128245 0.0284739782986445
-0.00863048560822342 -0.0103459204002478 0.101555050739207 0.113099518444596
0.00424174831740101 -0.0197400039038082 0.00757614964787499 0.17653806902002
0.027048220387885 -0.0212055012793923 -0.0780703039437674 0.164515031787142
0.0523301381921152 0.00801255705133938 -0.129427458704831 0.167919214968507
0.0617019980168309 0.0497440118622597 -0.0627911648854074 0.245346223175861
0.0649418689598605 0.0659887974538226 0.0315576370078164 0.138977143128639
0.0468218128678755 -0.00210130701143563 0.0893327613293708 -0.0576903811333347
0.01464517939621 -0.0224830810076291 -0.0791669071476731 -0.111161378097118
0.00098343832213525 -0.0147985539687952 -0.173719323276994 0.0267106721104438
-0.0089040007577145 -0.0229727663393587 -0.0747358824127987 0.156625352105159
-0.0178059047922187 -0.0170647928138643 0.0408812006622021 0.136816058560099
-0.0187445350123654 -0.00918724829423204 0.08016919844988 0.0787683082700469
-0.030617404020708 -0.00789386737546927 0.0911839822798855 0.0285095726794098
-0.0389279699886209 -0.0107233745534774 0.102803563445456 -0.000753908747725627
-0.0474848557589603 -0.0293519939441752 0.120183606910284 0.00933905614003549
-0.0144695863347396 -0.0616237520688444 0.11352689832829 0.0812218275128666
0.0439372574378414 -0.0564957473403772 0.0416558929447529 0.163999638430438
0.093719861179655 -0.00687804148596036 -0.0449266930014586 0.17224172559225
0.0962183571333499 0.0774204829255132 -0.102299048167405 0.163392718367565
0.0709996376257681 0.143677378709879 -0.0530923588518902 0.213305893381848
0.0576516995948191 0.138298206829426 0.00477461918310997 0.104926658370356
0.0818093505951349 0.0560675821143453 0.0941872318188604 -0.0573560993233878
0.0741867982129238 -0.00615465885498318 -0.0689869306092944 -0.139526416692534
0.0371888194152767 -0.0488132189087996 -0.183228952433877 -0.00499773082819065
-0.0100056945978318 -0.0682210753642416 -0.0976370573160389 0.138796244493632
-0.0453910668682938 -0.0466500133030458 0.0193760442083821 0.133257825456884
-0.050665513072028 -0.0204291505409494 0.0609555596041415 0.0776688929103439
-0.0593407439670785 -0.015621552326571 0.0708794851896057 0.0258037670364095
-0.0658801804266958 -0.0206754013807531 0.0783806431166949 -0.00922852962399198
-0.0795838546362547 -0.0510571764556439 0.10014064195234 -0.0187424791440463
-0.0342047658947411 -0.101258282900618 0.117437471973495 0.0293738275444926
0.0559100286206884 -0.101071878296735 0.0865329522287382 0.130863738366206
0.146534390301295 -0.0256218557020149 0.0028712250759272 0.171992486112319
0.148675823632069 0.110415392245784 -0.0724235188555735 0.156326376981008
0.0888882431306804 0.208161292694072 -0.0454406539511264 0.15912056048825
0.0324733637861951 0.19285533295887 -0.0137513785336577 0.0408541803721624
0.0976758888399255 0.122110330521164 0.0957473456454355 -0.0698105151958599
0.130232873910894 0.0293306515960742 -0.0470359611265438 -0.169822400404137
0.0843083306851062 -0.0713487206010382 -0.176095822097367 -0.0531925915393907
-0.000263203398597292 -0.108168449907691 -0.119590812777434 0.0977887984552505
-0.0638273410711503 -0.0751412636309407 -0.0138593430409588 0.114278672276326
-0.0757398127417142 -0.0318271544430295 0.0299344209553075 0.0711567872739099
-0.0792541058594029 -0.0208947379156137 0.0409199853149749 0.0204156315900829
-0.0812354721832599 -0.0256572712995368 0.0451867840826487 -0.0175461456743692
-0.0999911567594155 -0.060045470974008 0.0688008405540312 -0.0463370768926852
-0.0565235749222502 -0.120789932722634 0.10477361378519 -0.0263954091961577
0.0463223573262155 -0.132905733152212 0.119676408448403 0.0788256143921531
0.169587891588102 -0.0566253727941077 0.0474839448050036 0.153836210459558
0.183651689556302 0.114255579374083 -0.0483876483051701 0.143565275361076
0.101114811487703 0.235566352043039 -0.0465981520253106 0.0915504201385013
-0.00224312121623023 0.214373469281148 -0.0189169014166997 -0.0438664036028561
0.0851744886338644 0.170713754001232 0.0949872424749634 -0.0938918565856162
0.15668597265081 0.0735397673224713 -0.0143198454685764 -0.190113296710014
0.123370792613359 -0.0707409506759738 -0.143556065721387 -0.10531037376454
0.0176597382593969 -0.129136774556859 -0.130701338956885 0.0354118242210402
-0.0681628642626373 -0.0934179209565601 -0.0519107041012188 0.0798216557832446
-0.0898701886112921 -0.0394150426707798 -0.00944682917283873 0.0592312971511523
-0.0871786822425583 -0.0239673402323466 0.00527482387676105 0.0123997861192882
-0.0841898615647541 -0.025707872809484 0.00911468617795363 -0.0251874425579584
-0.103694084780216 -0.0605170903784043 0.0328787433547837 -0.0670953264355404
-0.0664199533151205 -0.12316547452175 0.0801247885470238 -0.0727231699239681
0.0337502452122837 -0.139815683159684 0.132465193762733 0.0250267534683142
0.165711119894577 -0.0691142392233563 0.0771111901962742 0.1244772715058
0.183784902595852 0.106104483952814 -0.034242198476056 0.125397752318592
0.0933064683812852 0.228597699931268 -0.0552424890307587 0.023445686651657
-0.0328916053876445 0.192020620613781 -0.00722793445803955 -0.130463610269498
0.0486690401408376 0.178951911682915 0.0952684746185815 -0.122868716634971
0.137548798137543 0.102618925926534 0.0226971469262637 -0.192679572352339
0.130808540342841 -0.0483019984282588 -0.0897654988427006 -0.144018803421042
0.0313709762921576 -0.119946196858484 -0.124294083083979 -0.03194378329507
-0.058644966427601 -0.0932782311610796 -0.0861160427140832 0.0361673879864099
-0.0865335748179981 -0.0414291064326587 -0.0501721067643957 0.0430958372747552
-0.0816892666278732 -0.0239434884488083 -0.0308196153381916 0.00324373200029531
-0.0763012299079874 -0.0235918649848066 -0.0249410116517354 -0.0334801456562416
-0.0926461566220322 -0.0564896268651787 0.00119036418333666 -0.0828599696073647
-0.0591471869558616 -0.112249860028301 0.056700230037906 -0.104466699394891
0.0316177345170404 -0.124926039016714 0.133231394380464 -0.0153934362953662
0.146489104328408 -0.0535188799896003 0.0892969044302324 0.0973293131219466
0.149614001146227 0.10151264174577 -0.0276804670424921 0.103408865261383
0.0611665655562615 0.194512446624558 -0.0620190999284215 -0.0371463979350642
-0.0478176156177517 0.130044207464684 0.0113874958546368 -0.198908529513236
0.00873503594738313 0.139452862102668 0.0978569192875751 -0.145206304162624
0.0880448859370836 0.0957317894600953 0.0544930092270394 -0.183319826466133
0.101813790100979 -0.0212184608983314 -0.0375332386953696 -0.163384725298176
0.0316404222325922 -0.0864800956855881 -0.108978097673876 -0.0858942458857065
-0.0397727315978856 -0.0731552545497295 -0.111737565410232 -0.00333243585129268
-0.0681640907198217 -0.0347962924286395 -0.0852713205359588 0.0271167271759324
-0.0645675680277907 -0.0209117933846642 -0.0620700849257688 -0.00601606449266182
-0.0600066561059269 -0.0194338665501548 -0.0531441982231372 -0.0426217737218573
-0.070485998148426 -0.0469453257311768 -0.0223656754101505 -0.0958687536777218
-0.0410496547476523 -0.0922128480587915 0.0419372862789084 -0.124155303438695
0.0354989843919638 -0.0971619834299199 0.131345874921392 -0.0402688385632359
0.120918148693451 -0.0216235953140707 0.0918140042336083 0.0776497354451563
0.0961471658874883 0.0969409103574561 -0.0234114977776967 0.0824722550916418
0.0143267965522124 0.142655518002897 -0.0584166314464132 -0.0816993519889911
-0.0485983726586904 0.0446397189554956 0.0261632059187705 -0.234871656891781
-0.0200197886773841 0.0686059919660828 0.0966315767053855 -0.156462251005013
0.0305536755714816 0.0587818100357943 0.0712695570749636 -0.171537555985685
0.0509623666646874 -0.000988499435986476 -0.00646770045318338 -0.169870190787895
0.0202529154691689 -0.0402602475239152 -0.0988799626255883 -0.114329561875933
-0.0163471229510446 -0.0393741526523506 -0.128042841595598 -0.0262744446307406
-0.0380399377848029 -0.0210603965032202 -0.109088156735317 0.0159274046740742
-0.0379912633171616 -0.0151737999631853 -0.0829172414594919 -0.0135131440329057
-0.0366617020272946 -0.0122919854138269 -0.0713175573647955 -0.0522264138191967
-0.042785275163158 -0.0318288598815304 -0.0357629404363121 -0.109051129547813
-0.0205554204786457 -0.0637347649497702 0.0392013216135571 -0.13688055436286
0.0367582181492451 -0.0643871773992602 0.133197202507541 -0.050708465590496
0.0870085923012056 0.00844182867507143 0.092615276036158 0.0687064937162417
0.0372602402842356 0.0834152875254952 -0.0198595028698069 0.0682258731290811
-0.0323630516342997 0.0773444301857739 -0.0445396831769798 -0.109170891884261
0.0526052886446797 -0.00697064658131609 0.0563794090839913 0.145527802585813
0.00472088809238895 -0.0425463768086527 0.0884137120926108 -0.0675182647706266
-0.0348003086869298 -0.0215999338444682 -0.0797376731677072 -0.0992782396647258
-0.0201602501860456 0.0199261382085871 -0.164705017233789 0.0385509486478999
-0.000493768510159453 0.0171520969597416 -0.0636009902484414 0.159185636235366
0.0108187463323703 0.00833597043257686 0.0459480587583692 0.133711654218887
0.0130313368700112 -4.76166424925352E-05 0.0854242719372036 0.0794157283573031
0.00173835906758696 0.00105647889429892 0.0999268819263487 0.0301100008341203
-0.00496574143779916 0.00476827035417879 0.115416875338776 0.0056630741885254
-0.0130922015947121 0.00402531873464492 0.128152937433879 0.0327172771712268
-0.00870265166117759 -0.0106795486281726 0.100649643078284 0.118093718429139
0.00477240678917098 -0.0203711219889646 0.00210897041038767 0.179800038687729
0.0285806180316552 -0.0204652410910911 -0.0867762854622018 0.163434505265083
0.0527263729668759 0.0106237761320006 -0.137742484614766 0.165697709696104
0.060906826346909 0.0525300933258 -0.0720957209289867 0.244610897731625
0.0630873649155558 0.0684931029459644 0.0289518439336334 0.139510653276869
0.0469341288907296 0.000624306684407427 0.0937699651788991 -0.05716190359218
0.0152649036681237 -0.0217822232642557 -0.0756148353008945 -0.116482444469349
0.00114081192662024 -0.014364686521671 -0.176948961838502 0.0212576027986104
-0.00899690843612742 -0.0235808265883836 -0.0797172812677441 0.157152664070582
-0.0179928014247244 -0.0177713388250001 0.0373575567350634 0.138715628987419
-0.0193296154106401 -0.0101970441665187 0.0785828385972224 0.0818789044449781
-0.0313451555176887 -0.00927765724167511 0.0918324512933856 0.0302318918649157
-0.0393259692068445 -0.0120231140216038 0.10394098320297 0.00172490597810505
-0.0473579636476342 -0.0305196015187055 0.12116749410052 0.0125835083503803
-0.0136223061631408 -0.0623432343605618 0.112245770432573 0.0859066140970752
0.0462048831007265 -0.0558654826751203 0.0371846627535153 0.167619746386212
0.0951637710609383 -0.00383257197943408 -0.0517449454399478 0.171773108477827
0.0954133419508847 0.0817953864862051 -0.110276174621616 0.160852130180147
0.0673108113644448 0.146940815512685 -0.0611985471556521 0.212390532262436
0.0534758976743204 0.140803192741902 0.00327559289896791 0.105380407909581
0.0799930287959939 0.0601083527702207 0.0997569518295944 -0.0559814094009011
0.0751421469131545 -0.00371631513731986 -0.0639873574598814 -0.144297720304572
0.0386377497000925 -0.0477248094662124 -0.185130432181301 -0.0114314905455754
-0.00901660595943716 -0.0683879414879559 -0.103041963448123 0.137417962068896
-0.0446335806170292 -0.0477028727579101 0.0155597450822066 0.134453577915235
-0.0502464797019587 -0.0225292209644642 0.0590398732582706 0.0803953215637605
-0.0600904512396323 -0.0174131366564431 0.0718218565277681 0.0272311372363066
-0.0662507200944389 -0.0225899838518817 0.0797029411677315 -0.00696680222772654
-0.079583764444835 -0.0527006114110968 0.102146991251406 -0.0165578743578332
-0.0332988495030198 -0.102380764397558 0.117767736008945 0.0343484850200601
0.0595739358683757 -0.100030423609941 0.0834983517479 0.135123585754452
0.148916447225363 -0.0216431652648878 -0.00333117107519209 0.173705511220583
0.14758712689748 0.116858510928745 -0.0794138299449882 0.154922416792346
0.0836846262840202 0.212004812607653 -0.0517532086761944 0.157584163432095
0.0256973589282096 0.19604143246247 -0.0133334422454231 0.040623011707308
0.0943558739122718 0.12612363584815 0.102007825419592 -0.0677278051581271
0.130853505465137 0.0337393739226927 -0.041370767109489 -0.17406624374795
0.0870056614490486 -0.0695120449994003 -0.176362964652112 -0.0605057080735425
0.00139922875802962 -0.109191548822403 -0.124266513540227 0.0956714390138677
-0.0625842497848851 -0.0766291155557394 -0.0167573566973633 0.114921301166975
-0.075482881692864 -0.0342174257259311 0.0276370012071678 0.0725290744650419
-0.0796122691515352 -0.0233908076786108 0.0413804272723195 0.0218081739739601
-0.0818280998566928 -0.0277082478128682 0.0468365625575511 -0.0160413081451105
-0.10025041044946 -0.0620892842749803 0.0703920499490101 -0.0448460368812197
-0.0551981111511398 -0.12272340432394 0.106011932233572 -0.0224573921102902
0.0498002521456832 -0.131913969612581 0.118936331054195 0.0840212930639686
0.173612709807824 -0.0520294278948673 0.0430313238559624 0.156614234426236
0.182504187914298 0.120206237424644 -0.0550167298476701 0.143149962879378
0.0952091530337578 0.240060801867802 -0.0510318699681264 0.0895496180012288
-0.00972420572134544 0.216208035903745 -0.014784067167356 -0.044738644453565
0.0798072078109938 0.175072765713568 0.101889961904372 -0.0908862889676163
0.156241500132076 0.0797192440000379 -0.00763088594879606 -0.192169354604868
0.126295193392758 -0.0679353014852949 -0.142045797885603 -0.112071028182054
0.0201793421825256 -0.129128631847432 -0.13381702598613 0.0311358591950759
-0.0665663484194976 -0.0950951498327124 -0.0544858425564228 0.078624839753251
-0.089102412544856 -0.0426206251404422 -0.011882307664468 0.0599035432974532
-0.0875302967054777 -0.0265809186002546 0.00535682715603959 0.0128544368724499
-0.0846446306385457 -0.028487938305347 0.0105286366644009 -0.024742969846637
-0.104546572495283 -0.0624810403401821 0.0357742698886334 -0.0669701653512793
-0.065115295739633 -0.124949616702056 0.0824827787534347 -0.069327217306019
0.0374022543884364 -0.13978069480499 0.133680280116684 0.0297104152131858
0.169770436532543 -0.0648511159766351 0.0733836200524344 0.127869917408922
0.182810786198688 0.111656278925076 -0.0405538408975789 0.124813388527127
0.0878177033463863 0.231811439686138 -0.0575978628705476 0.0211332375724128
-0.0395591851625107 0.192487858080902 -0.00130195670171445 -0.130949480338504
0.0424615607611577 0.181366856483197 0.101846186365703 -0.119520901163009
0.136341552903699 0.108085082030322 0.0304244074681636 -0.193672341796462
0.132610989541112 -0.0454611335754141 -0.0862658484893599 -0.149432637263825
0.0341255250152815 -0.12011666680514 -0.125087799683721 -0.0380242020984605
-0.0565225654017312 -0.0950615983415088 -0.088219124002384 0.034277402377583
-0.0862823082922471 -0.0438832330126413 -0.0525638379130687 0.0429672135627336
-0.0822323850002617 -0.0269836916439996 -0.0321059020195037 0.00318572544564581
-0.0762434094935959 -0.0264694548511621 -0.0241774243812962 -0.0332801502163078
-0.0920683413803763 -0.0580095896475584 0.00405346137579591 -0.0835818092808737
-0.0580184660624287 -0.113808052405712 0.0591421477498198 -0.101897999124001
0.0344941406542178 -0.124397791356845 0.134852526407172 -0.010697815185176
0.149869406789806 -0.0493409806018236 0.0870871256350654 0.10068723897079
0.148707216207941 0.106282755287422 -0.032617989902991 0.103234510774246
0.0567862597281276 0.196194467860707 -0.062475240252133 -0.0399058330653316
-0.0528252918235473 0.129562423601153 0.0194147693058347 -0.199685201003103
0.00410898951873262 0.140282797492075 0.104627449588378 -0.141869625362655
0.0857075489180942 0.0993982088740215 0.0619533041726525 -0.182146618714822
0.102483973333962 -0.0187254171763751 -0.0312233058983959 -0.167695507406997
0.0336201153300495 -0.0861516622837138 -0.108189232457052 -0.0920459002328638
-0.0374614162715932 -0.074000725112837 -0.112535019215317 -0.00621400022801337
-0.0678146185272959 -0.0365485374674913 -0.0876772027898471 0.0264580536007259
-0.0649723668742565 -0.0234293193605321 -0.0630923388030265 -0.00638152427894533
-0.0592424378330203 -0.0216613550419968 -0.0519531196175089 -0.0436766068597102
-0.0697905656182461 -0.0485290176190785 -0.0200520258858578 -0.0973031381588871
-0.0397730773102733 -0.0934391141254624 0.0456170259007512 -0.12332233203273
0.0377395689512697 -0.0964259706886858 0.133681555495656 -0.0361816508781687
0.122533100823524 -0.0182822433433477 0.0913251610628446 0.0807376215305169
0.0946784605772522 0.100296524564591 -0.0279254222716084 0.0826242047445262
0.0105095566849806 0.143275643382579 -0.0576770706798152 -0.0846588748741152
-0.051089024954875 0.0433349099284808 0.0348965434535983 -0.235863189898845
-0.02236922259998 0.0680002783315492 0.102482059496344 -0.152571880777433
0.0287973468355695 0.0601513858768072 0.0784367522830611 -0.169906913505764
0.0511062037063522 0.00111693115725489 -0.000989532009371779 -0.173700384912766
0.02158247996415 -0.039562667675157 -0.0968823829560392 -0.11979373860973
-0.0144025171674799 -0.0392780392655186 -0.129089739924184 -0.029517857071365
-0.0377682309573955 -0.0220352648630592 -0.110090795146938 0.014086595864057
-0.0377767468126496 -0.0167173591691796 -0.0842869655666959 -0.0148959835576701
-0.0355080234896364 -0.0142593627354043 -0.0708821869530739 -0.0544159066417642
-0.0421502519674226 -0.0333321877788563 -0.0330680775269018 -0.110370731034733
-0.0188936891073213 -0.0650961551660823 0.0425471312718915 -0.135897253819735
0.0380475465334175 -0.0631362826064481 0.136680766241721 -0.0472273649823373
0.0880218566407837 0.0113547115691709 0.0917208374601374 0.0724111655325275
0.035060283179888 0.0852110413891737 -0.023814029435846 0.0685529345886306
-0.0348232511862253 0.0766718131454376 -0.0423008639397105 -0.110447566022554
