TRXV5
3
4
4
9
string Extension=J
integer IsArchMeasurement=1
integer IsSpherical=1
string Generator=SPM
string GeneratorVersion=1.3.1 Dev
double ArchRadius=0.449999988079071
integer FrequencyAxisIndex=0
integer AzimuthAxisIndex=1
integer ElevationAxisIndex=2
Frequency
5 136 690000000 960000000 LIN
Azimuth
7 8 0 2.74889357189107 LIN
Elevation
7 15 -2.74889357189107 2.74889357189107 LIN
Polar H Real Part
13
Polar H Imaginary Part
14
Polar V Real Part
13
Polar V Imaginary Part
14
Polar H Magnitude (dB)
12 0xC0000002 0 1
Polar H Phase
7 0xC0000003 0 1
Polar V Magnitude (dB)
12 0xC0000002 2 3
Polar V Phase
7 0xC0000003 2 3
-0.0127639770507813 0.0424308776855469 0.0622367858886719 -0.00650405883789062
0.0292987823486328 0.0322818756103516 0.0319957733154297 0.01470947265625
0.0310230255126953 -0.005950927734375 0.0355796813964844 0.0242805480957031
0.0154743194580078 -0.0204963684082031 0.0597152709960937 0.0124969482421875
0.00277328491210937 -0.0225315093994141 0.0640716552734375 -0.0152664184570313
-0.0114955902099609 -0.024993896484375 0.0514297485351562 -0.0418739318847656
-0.0135154724121094 -0.0197658538818359 0.0371932983398438 -0.0435676574707031
-0.00904083251953125 -0.0201778411865234 0.0254783630371094 -0.0297069549560547
-0.00307655334472656 -0.0285053253173828 0.0138931274414063 -0.0123090744018555
0.0151424407958984 -0.0220851898193359 -0.00208377838134766 -0.00593042373657227
0.0276660919189453 -0.00373077392578125 -0.0220890045166016 -0.020416259765625
0.0238380432128906 0.0138893127441406 -0.0147514343261719 -0.0483436584472656
0.00283432006835937 0.0306644439697266 0.030242919921875 -0.07586669921875
-0.0176200866699219 0.0356788635253906 0.0541152954101562 -0.067474365234375
-0.0368232727050781 0.0288658142089844 0.0308685302734375 -0.0449295043945313
-0.0310401916503906 0.05224609375 0.0548133850097656 0.0110092163085938
0.015533447265625 0.0505485534667969 0.0264739990234375 0.0309848785400391
0.0310611724853516 0.0135059356689453 0.0358238220214844 0.0383415222167969
0.0260086059570313 -0.00534248352050781 0.0633697509765625 0.0246467590332031
0.0179977416992188 -0.0163898468017578 0.0691795349121094 -0.0045013427734375
0.00702857971191407 -0.0283679962158203 0.0591392517089844 -0.0335159301757812
0.002349853515625 -0.0283145904541016 0.0424346923828125 -0.0356025695800781
0.00494003295898438 -0.0247020721435547 0.0273094177246094 -0.0207843780517578
0.0122852325439453 -0.0318393707275391 0.0127553939819336 -0.00246810913085938
0.0295658111572266 -0.0212364196777344 -0.00649690628051757 0.00498819351196289
0.0381851196289063 0.00390625 -0.0304965972900391 -0.010589599609375
0.0299644470214844 0.0264873504638672 -0.0279884338378906 -0.0411148071289063
-0.000709533691406245 0.0448455810546875 0.0116424560546875 -0.0743026733398437
-0.0287666320800781 0.0478477478027344 0.0330963134765625 -0.0624656677246094
-0.0509529113769531 0.0393295288085938 0.0112953186035156 -0.0366134643554688
-0.0479621887207031 0.0527992248535156 0.0391731262207031 0.0302085876464844
-0.00516128540039062 0.0625343322753906 0.013671875 0.0514640808105469
0.0231437683105469 0.03497314453125 0.0320472717285156 0.0559501647949219
0.0325946807861328 0.0151252746582031 0.0626678466796875 0.0405082702636719
0.0324554443359375 -0.00400924682617188 0.0692672729492188 0.00915908813476563
0.0273494720458984 -0.0256805419921875 0.0624885559082031 -0.02203369140625
0.0189380645751953 -0.0308990478515625 0.0424385070800781 -0.0238609313964844
0.01788330078125 -0.0264167785644531 0.0247592926025391 -0.00978469848632813
0.0251579284667969 -0.0320453643798828 0.00780391693115235 0.00949001312255859
0.0389671325683594 -0.0198020935058594 -0.0128040313720703 0.0163688659667969
0.0433387756347656 0.006103515625 -0.0391578674316406 0.00174713134765625
0.0356521606445313 0.0297355651855469 -0.0411911010742188 -0.0295486450195312
0.00417709350585938 0.0511512756347656 -0.00970458984374999 -0.0664558410644531
-0.0293731689453125 0.0552330017089844 0.00963973999023438 -0.0503158569335938
-0.0555496215820312 0.0454750061035156 -0.0111331939697266 -0.0241775512695312
-0.0581550598144531 0.0448379516601562 0.0148468017578125 0.0471687316894531
-0.0263557434082031 0.0635948181152344 -0.00765991210937501 0.0704803466796875
0.00922775268554688 0.0506134033203125 0.0213775634765625 0.07330322265625
0.031585693359375 0.0357589721679688 0.0555953979492188 0.0548896789550781
0.0410041809082031 0.0106315612792969 0.0625724792480469 0.0214805603027344
0.0432777404785156 -0.0170402526855469 0.0569038391113281 -0.00837326049804688
0.0331783294677734 -0.0285663604736328 0.0348796844482422 -0.0104579925537109
0.0272274017333984 -0.0234451293945312 0.0178489685058594 0.00285530090332031
0.0330219268798828 -0.0283260345458984 0.0019683837890625 0.0218830108642578
0.0427742004394531 -0.0172615051269531 -0.0190696716308594 0.0283088684082031
0.0437545776367188 0.00630950927734375 -0.0442657470703125 0.0154228210449219
0.03594970703125 0.0281105041503906 -0.0493202209472656 -0.0151939392089844
0.00856781005859375 0.0493659973144531 -0.0254783630371094 -0.0522346496582031
-0.0248680114746094 0.05499267578125 -0.00797843933105469 -0.0315818786621094
-0.0536842346191406 0.0449142456054687 -0.0314807891845703 -0.00854301452636718
-0.0564689636230469 0.0299720764160156 -0.0114669799804688 0.0578727722167969
-0.0390625 0.0516510009765625 -0.03314208984375 0.0821380615234375
-0.00783920288085937 0.052947998046875 0.00537109375 0.0854034423828125
0.0212593078613281 0.047393798828125 0.0410842895507812 0.0639686584472656
0.0392951965332031 0.0244789123535156 0.04931640625 0.0294418334960938
0.0489006042480469 -0.00506591796875 0.0450019836425781 0.0031890869140625
0.0403060913085938 -0.020904541015625 0.0230731964111328 0.002593994140625
0.032562255859375 -0.0176849365234375 0.00703239440917969 0.0148754119873047
0.0360336303710938 -0.0211753845214844 -0.00603485107421874 0.0326595306396484
0.042144775390625 -0.0118675231933594 -0.0247573852539062 0.0387115478515625
0.0398941040039063 0.008453369140625 -0.0469017028808594 0.0256385803222656
0.0312614440917969 0.0269317626953125 -0.0517692565917969 -0.00333023071289061
0.00669097900390625 0.0429649353027344 -0.0318794250488281 -0.0355491638183594
-0.0219078063964844 0.0452384948730469 -0.0195121765136719 -0.0118961334228516
-0.048919677734375 0.0346488952636719 -0.0488929748535156 0.00806045532226562
-0.0418014526367188 0.0119781494140625 -0.0332298278808594 0.0617790222167969
-0.0374984741210938 0.0298728942871094 -0.0548477172851563 0.08441162109375
-0.0178298950195313 0.0401039123535156 -0.0115203857421875 0.0882492065429688
0.006103515625 0.0439224243164063 0.0249290466308594 0.0652732849121094
0.026824951171875 0.02886962890625 0.0335407257080078 0.0311508178710938
0.0427894592285156 0.0073089599609375 0.0281925201416016 0.0108375549316406
0.0395545959472656 -0.00926589965820313 0.00837135314941406 0.0130329132080078
0.0317115783691406 -0.00943565368652344 -0.00458908081054688 0.0249881744384766
0.0352401733398438 -0.0118865966796875 -0.0145950317382812 0.0405769348144531
0.0388755798339844 -0.0028533935546875 -0.0306205749511719 0.0438079833984375
0.0332603454589844 0.0135574340820313 -0.0479354858398438 0.0306968688964844
0.0214595794677734 0.0279617309570313 -0.0502166748046875 0.00339889526367187
-0.00283050537109375 0.03564453125 -0.0331172943115234 -0.0229454040527344
-0.0241374969482422 0.0296058654785156 -0.0244197845458984 0.00251197814941406
-0.0422286987304688 0.0162086486816406 -0.06072998046875 0.0189323425292969
-0.0183868408203125 -0.00681877136230469 -0.0447616577148438 0.0604324340820313
-0.0236034393310547 0.00605964660644532 -0.0660400390625 0.0794754028320313
-0.0175056457519531 0.0173778533935547 -0.0223236083984375 0.0843734741210938
-0.00697708129882813 0.0262947082519531 0.0134010314941406 0.06109619140625
0.00864028930664063 0.0244941711425781 0.0218963623046875 0.0277690887451172
0.0262508392333984 0.0157623291015625 0.013554573059082 0.0128488540649414
0.0312328338623047 0.00336456298828125 -0.00514602661132812 0.01800537109375
0.0266551971435547 0.000619888305664063 -0.0154247283935547 0.0312652587890625
0.03057861328125 -0.00142669677734375 -0.023284912109375 0.0452651977539063
0.0319385528564453 0.006744384765625 -0.038330078125 0.0456047058105469
0.0244655609130859 0.019287109375 -0.0507659912109375 0.0302085876464844
0.0107803344726562 0.0294532775878906 -0.0496444702148438 0.00423431396484375
-0.0149250030517578 0.0270118713378906 -0.0334300994873047 -0.0173873901367187
-0.0284957885742188 0.0104084014892578 -0.0294513702392578 0.0082855224609375
-0.0337944030761719 -0.00664138793945313 -0.0701637268066406 0.0207901000976563
0.00794792175292968 -0.0226058959960938 -0.0439376831054688 0.0557937622070312
-0.00133514404296875 -0.0159206390380859 -0.0642166137695313 0.0721206665039063
-0.00903129577636719 -0.00808143615722656 -0.0229034423828125 0.0791778564453125
-0.0152416229248047 0.00281620025634765 0.01068115234375 0.0545310974121094
-0.0089731216430664 0.0123395919799805 0.0173892974853516 0.0211849212646484
0.00546455383300781 0.0195026397705078 0.00350570678710938 0.00940799713134766
0.0167598724365234 0.0160322189331055 -0.0144252777099609 0.0178337097167969
0.0167560577392578 0.0105009078979492 -0.0247745513916016 0.0330295562744141
0.0210590362548828 0.00932693481445313 -0.0333328247070313 0.045989990234375
0.021209716796875 0.0154876708984375 -0.047027587890625 0.0435752868652344
0.0133914947509766 0.0223140716552734 -0.0562934875488281 0.0272712707519531
-0.00066375732421875 0.0285263061523438 -0.0514335632324219 0.000316619873046884
-0.0254726409912109 0.0175285339355469 -0.0348529815673828 -0.0185298919677734
-0.0296154022216797 -0.00917816162109375 -0.0326900482177734 0.00498580932617188
-0.0223407745361328 -0.0295906066894531 -0.07452392578125 0.0160064697265625
-0.00635910034179687 0.0490074157714844 0.0709762573242188 -0.00947570800781249
0.03839111328125 0.0311813354492188 0.0384712219238281 0.011688232421875
0.0344772338867187 -0.0121936798095703 0.0391578674316406 0.0214920043945313
0.0140647888183594 -0.0265865325927734 0.0629119873046875 0.00840377807617187
-0.00251579284667969 -0.0264301300048828 0.0662803649902344 -0.020599365234375
-0.0187339782714844 -0.0261001586914063 0.052001953125 -0.0471229553222656
-0.0188179016113281 -0.0201988220214844 0.0382194519042969 -0.048431396484375
-0.0146312713623047 -0.0199966430664063 0.0276107788085938 -0.0338420867919922
-0.00968360900878906 -0.0306987762451172 0.0174884796142578 -0.0138778686523438
0.0120067596435547 -0.0278129577636719 0.00112056732177734 -0.00355339050292969
0.0306320190429688 -0.0101432800292969 -0.0233421325683594 -0.0166664123535156
0.0298995971679687 0.0105686187744141 -0.0205268859863281 -0.0470733642578125
0.00902366638183594 0.035003662109375 0.0232772827148437 -0.0836105346679688
-0.014862060546875 0.0449485778808594 0.0530624389648438 -0.0770950317382813
-0.0362586975097656 0.03955078125 0.0330429077148438 -0.0493698120117187
-0.0271415710449219 0.0589790344238281 0.0659294128417969 0.0106048583984375
0.0231475830078125 0.0517120361328125 0.0358505249023438 0.0307121276855469
0.0343704223632813 0.00984764099121094 0.0411643981933594 0.0360641479492188
0.0264358520507813 -0.0100421905517578 0.067962646484375 0.0217819213867188
0.0150794982910156 -0.0198726654052734 0.0735855102539063 -0.00882720947265625
0.0026092529296875 -0.0308971405029297 0.0616645812988281 -0.0400772094726563
-0.00164604187011719 -0.0293560028076172 0.045684814453125 -0.0414161682128906
0.00155830383300781 -0.0265560150146484 0.0312232971191406 -0.0250720977783203
0.00802993774414063 -0.035736083984375 0.0180778503417969 -0.00314521789550781
0.0289897918701172 -0.0272731781005859 -0.00176048278808594 0.0078730583190918
0.0420684814453125 -0.00118255615234375 -0.0307521820068359 -0.00499725341796875
0.0368537902832031 0.0247650146484375 -0.033050537109375 -0.0369987487792969
0.00543594360351563 0.0499191284179688 0.00335693359375 -0.078125
-0.0270271301269531 0.0579338073730469 0.0313606262207031 -0.0678634643554688
-0.0526199340820313 0.0501556396484375 0.0126686096191406 -0.0372657775878906
-0.0475616455078125 0.0602378845214844 0.0503387451171875 0.0335502624511719
7.62939453124979E-05 0.0662460327148438 0.0238494873046875 0.0543556213378906
0.02679443359375 0.0334739685058594 0.039306640625 0.0555305480957031
0.0344772338867188 0.0125007629394531 0.06927490234375 0.0383071899414062
0.0323963165283203 -0.00703048706054688 0.0755615234375 0.0048675537109375
0.025543212890625 -0.0289936065673828 0.0666160583496094 -0.0274505615234375
0.0170726776123047 -0.0341854095458984 0.0460433959960938 -0.0293350219726563
0.0163688659667969 -0.0284976959228516 0.0296821594238281 -0.0132904052734375
0.0230140686035156 -0.0360145568847656 0.0147085189819336 0.00913810729980469
0.03936767578125 -0.0242729187011719 -0.00646209716796875 0.0205192565917969
0.0474090576171875 0.00262069702148437 -0.037811279296875 0.008575439453125
0.0413932800292969 0.0294952392578125 -0.0453376770019531 -0.0232467651367187
0.00838470458984375 0.0559196472167969 -0.016693115234375 -0.0669136047363281
-0.0299263000488281 0.0643348693847656 0.0074005126953125 -0.0527114868164062
-0.0590705871582031 0.055419921875 -0.0102005004882813 -0.0215282440185547
-0.0612831115722656 0.0511436462402344 0.0247726440429688 0.0543861389160156
-0.0250816345214844 0.0692253112792969 0.00188446044921875 0.0767822265625
0.0106964111328125 0.0525741577148437 0.030487060546875 0.0752182006835938
0.0346336364746094 0.0365028381347656 0.0632209777832031 0.0539283752441406
0.0434913635253906 0.00963592529296875 0.0693893432617188 0.0182266235351563
0.0444145202636719 -0.0203933715820313 0.0626258850097656 -0.0135002136230469
0.033111572265625 -0.032928466796875 0.0400390625 -0.0143775939941406
0.0287609100341797 -0.0264301300048828 0.0227375030517578 0.000736236572265623
0.0335445404052734 -0.0319175720214844 0.00836181640625 0.0220108032226562
0.0446510314941406 -0.0212249755859375 -0.0122356414794922 0.0322532653808594
0.0480842590332031 0.00490188598632812 -0.0416984558105469 0.0224952697753906
0.0410995483398438 0.0289688110351563 -0.051727294921875 -0.00763702392578124
0.0114669799804688 0.0537757873535156 -0.0314178466796875 -0.04974365234375
-0.0260658264160156 0.0618400573730469 -0.00969123840332031 -0.0312309265136719
-0.0582199096679688 0.0532722473144531 -0.0313644409179688 -0.00247955322265624
-0.0625991821289062 0.0327224731445312 -0.00461196899414062 0.0678939819335938
-0.0422782897949219 0.0560073852539062 -0.024932861328125 0.0921401977539063
-0.00779724121093749 0.0575141906738281 0.0137100219726562 0.08966064453125
0.0239219665527344 0.0512924194335938 0.04949951171875 0.0651130676269531
0.0427589416503906 0.0250968933105469 0.0559959411621094 0.0272712707519531
0.0533905029296875 -0.0067291259765625 0.0498847961425781 -0.00038909912109375
0.0439071655273438 -0.0245933532714844 0.0276584625244141 7.8201293945311E-05
0.0362319946289063 -0.0201644897460938 0.0121746063232422 0.0145912170410156
0.0399742126464844 -0.0244560241699219 0.000219345092773444 0.0341396331787109
0.0467948913574219 -0.0141868591308594 -0.0179786682128906 0.0422134399414063
0.0442237854003906 0.00854873657226563 -0.0431442260742188 0.0325202941894531
0.034820556640625 0.0294818878173828 -0.052215576171875 0.00382232666015625
0.00726699829101563 0.0477561950683594 -0.0364952087402344 -0.0321731567382813
-0.0256919860839844 0.0506134033203125 -0.0198097229003906 -0.00826072692871094
-0.0542564392089844 0.0403671264648438 -0.0503425598144531 0.0152702331542969
-0.048309326171875 0.0102882385253906 -0.0299530029296875 0.0736083984375
-0.0439338684082031 0.0311241149902344 -0.0499038696289063 0.09747314453125
-0.021453857421875 0.043853759765625 -0.00250244140625001 0.0949249267578125
0.00650787353515625 0.0494804382324219 0.032745361328125 0.0669364929199219
0.030426025390625 0.0330066680908203 0.03924560546875 0.0295028686523438
0.04876708984375 0.00799179077148437 0.0323657989501953 0.00846672058105469
0.0455398559570312 -0.0118522644042969 0.0113725662231445 0.0124597549438477
0.0365753173828125 -0.0109367370605469 -0.000724792480468746 0.0262050628662109
0.0402984619140625 -0.0139579772949219 -0.0091552734375 0.0431251525878906
0.0446434020996094 -0.00453948974609375 -0.0247993469238281 0.047882080078125
0.0385475158691406 0.0146331787109375 -0.0450401306152344 0.0368080139160156
0.0259227752685547 0.0320529937744141 -0.050323486328125 0.00984191894531251
-0.00352096557617188 0.04046630859375 -0.0363044738769531 -0.0194473266601563
-0.0298862457275391 0.0324859619140625 -0.0252475738525391 0.00725936889648437
-0.0496368408203125 0.0190925598144531 -0.0638618469238281 0.0268669128417969
-0.0237884521484375 -0.0113258361816406 -0.0445480346679688 0.0703353881835938
-0.0306072235107422 0.00318527221679688 -0.0640182495117187 0.0921478271484375
-0.0231456756591797 0.0185680389404297 -0.015167236328125 0.0911407470703125
-0.00924301147460937 0.0321025848388672 0.0197677612304687 0.0629692077636719
0.0102329254150391 0.0298252105712891 0.025146484375 0.0260257720947266
0.0328006744384766 0.0183963775634766 0.0152759552001953 0.0114269256591797
0.0385017395019531 0.00259017944335938 -0.00391960144042968 0.0192298889160156
0.0325908660888672 -0.00108909606933594 -0.0129756927490234 0.0339298248291016
0.0370521545410156 -0.00316238403320313 -0.0204963684082031 0.0487937927246094
0.0390777587890625 0.006500244140625 -0.0346870422363281 0.0496063232421875
0.0302448272705078 0.0220222473144531 -0.0489273071289063 0.0359725952148438
0.0141582489013672 0.0351371765136719 -0.0495758056640625 0.0094451904296875
-0.0169010162353516 0.0335273742675781 -0.0356369018554688 -0.0129356384277344
-0.0359153747558594 0.0131797790527344 -0.0310630798339844 0.0128307342529297
-0.0425872802734375 -0.00724029541015625 -0.07452392578125 0.0284805297851563
0.0044708251953125 -0.0306758880615234 -0.0458297729492188 0.0634536743164063
-0.00730133056640625 -0.0225257873535156 -0.0636672973632812 0.0843734741210938
-0.0148954391479492 -0.00961875915527343 -0.017120361328125 0.085540771484375
-0.0207023620605469 0.00664710998535157 0.0165290832519531 0.0550956726074219
-0.00989151000976562 0.0184249877929688 0.0187053680419922 0.01849365234375
0.0106048583984375 0.024261474609375 0.00246477127075195 0.00806570053100586
0.0241146087646484 0.0162220001220703 -0.0161914825439453 0.0193881988525391
0.0231094360351563 0.0100822448730469 -0.0246162414550781 0.0369338989257812
0.0277023315429688 0.00863456726074219 -0.0316810607910156 0.0506324768066406
0.0291595458984375 0.0162487030029297 -0.045166015625 0.0480384826660156
0.0193824768066406 0.0257740020751953 -0.0564079284667969 0.0321884155273437
0.00238418579101562 0.0352020263671875 -0.0527992248535156 0.00555419921874999
-0.0288925170898438 0.0237159729003906 -0.0377197265625 -0.01434326171875
-0.0381202697753906 -0.00765991210937501 -0.0370368957519531 0.00968170166015624
-0.0319080352783203 -0.0328807830810547 -0.0819091796875 0.0212860107421875
0.00210189819335937 0.0525283813476563 0.0774154663085938 -0.0148544311523437
0.0460319519042969 0.0266609191894531 0.0438613891601563 0.0067596435546875
0.0351314544677734 -0.0187625885009766 0.0406990051269531 0.0170478820800781
0.0106544494628906 -0.0309429168701172 0.0632057189941406 0.00408554077148437
-0.00749778747558594 -0.0280246734619141 0.0666427612304688 -0.0250587463378906
-0.0254058837890625 -0.0246257781982422 0.0502052307128906 -0.0509719848632813
-0.0244235992431641 -0.0170345306396484 0.0374374389648437 -0.0531959533691406
-0.0195026397705078 -0.0181446075439453 0.0281867980957031 -0.0373344421386719
-0.0168704986572266 -0.0298213958740234 0.0204200744628906 -0.0162220001220703
0.00687789916992188 -0.0322551727294922 0.00496816635131836 -0.00350570678710938
0.0306015014648438 -0.0170154571533203 -0.0222816467285156 -0.0118541717529297
0.0342750549316406 0.00573158264160156 -0.0234603881835937 -0.0430641174316406
0.0169143676757813 0.0367317199707031 0.0154571533203125 -0.0852127075195313
-0.007415771484375 0.0522308349609375 0.0493698120117187 -0.0838699340820312
-0.0317764282226563 0.0490798950195313 0.0346832275390625 -0.0523643493652344
-0.0218658447265625 0.0642547607421875 0.074737548828125 0.00688934326171875
0.0305862426757813 0.0504951477050781 0.0430450439453125 0.0263214111328125
0.0358352661132813 0.00442886352539063 0.0451850891113281 0.0320472717285156
0.0246315002441406 -0.0143337249755859 0.070770263671875 0.0172882080078125
0.0114078521728516 -0.0225238800048828 0.0747909545898438 -0.0139312744140625
-0.00346755981445312 -0.0309581756591797 0.0621376037597656 -0.0451278686523438
-0.00572586059570312 -0.0284919738769531 0.0470504760742188 -0.0473823547363281
-0.00226211547851563 -0.0262546539306641 0.0340442657470703 -0.0300121307373047
0.002471923828125 -0.0369949340820313 0.02337646484375 -0.0062255859375
0.0253372192382813 -0.0316581726074219 0.00478267669677735 0.00870704650878906
0.0432205200195313 -0.0071563720703125 -0.0283069610595703 0.000671386718749998
0.0420684814453125 0.0213470458984375 -0.0352134704589844 -0.0307655334472656
0.0121726989746094 0.0530662536621094 -0.0036468505859375 -0.0781631469726563
-0.02239990234375 0.0665092468261719 0.027923583984375 -0.0721435546875
-0.0496406555175781 0.0608329772949219 0.0153961181640625 -0.0374069213867187
-0.0451393127441406 0.0663261413574219 0.0610847473144531 0.0330390930175781
0.00511169433593749 0.0673065185546875 0.0340995788574219 0.0525169372558594
0.0290565490722656 0.0315303802490234 0.0452651977539063 0.0517311096191406
0.0349693298339844 0.00987625122070313 0.07391357421875 0.0343399047851563
0.0311641693115234 -0.00976371765136719 0.0786514282226563 -0.000244140625000001
0.0218524932861328 -0.0313625335693359 0.0684394836425781 -0.0342826843261719
0.014373779296875 -0.0353584289550781 0.0490875244140625 -0.0351066589355469
0.0149688720703125 -0.0301036834716797 0.0334358215332031 -0.0180644989013672
0.0200119018554688 -0.0378036499023438 0.0209064483642578 0.00612640380859375
0.0382652282714844 -0.0286026000976563 0.00107765197753907 0.0214080810546875
0.0501747131347656 -0.00159072875976563 -0.0337600708007813 0.0146827697753906
0.0462188720703125 0.0276222229003906 -0.0452346801757813 -0.0158119201660156
0.0134811401367188 0.0590248107910156 -0.0230255126953125 -0.0637321472167969
-0.0263290405273438 0.0723724365234375 0.00519180297851563 -0.0533332824707031
-0.0579376220703125 0.0655784606933594 -0.00815773010253907 -0.0183162689208984
-0.0620956420898437 0.0564918518066406 0.0361709594726562 0.057373046875
-0.0232772827148437 0.0722885131835938 0.01300048828125 0.0784759521484375
0.0125465393066406 0.0538597106933594 0.0379409790039063 0.073516845703125
0.0366249084472656 0.0366897583007813 0.0687484741210938 0.0510635375976563
0.0444602966308594 0.00788497924804688 0.0740432739257813 0.0137481689453125
0.0443878173828125 -0.0234909057617188 0.0655021667480469 -0.0198211669921875
0.0331649780273437 -0.0360107421875 0.0436058044433594 -0.0190849304199219
0.0292739868164063 -0.0289764404296875 0.0281963348388672 -0.00362968444824219
0.0334968566894531 -0.0351600646972656 0.0158462524414063 0.0203113555908203
0.0458412170410156 -0.0246353149414063 -0.00392532348632812 0.0331707000732422
0.050689697265625 0.002197265625 -0.0354995727539063 0.0283660888671875
0.0458145141601562 0.028717041015625 -0.050140380859375 -0.000553131103515628
0.0146598815917969 0.0572547912597656 -0.0354461669921875 -0.0448989868164062
-0.0255584716796875 0.0685806274414063 -0.0106449127197266 -0.0288715362548828
-0.0593833923339844 0.0613327026367188 -0.0290756225585938 0.00267601013183594
-0.0669021606445313 0.0360260009765625 0.00484466552734375 0.0742416381835937
-0.0442619323730469 0.0609283447265625 -0.0142059326171875 0.0974655151367188
-0.00824356079101562 0.0609970092773438 0.0230712890625 0.0894317626953125
0.0262413024902344 0.0538291931152344 0.0560684204101562 0.0622215270996094
0.0467720031738281 0.0258865356445312 0.0605354309082031 0.0236549377441406
0.0563240051269531 -0.0100555419921875 0.0533370971679688 -0.0054168701171875
0.0457305908203125 -0.0286331176757813 0.0307731628417969 -0.00330924987792969
0.0383033752441406 -0.0235481262207031 0.0168037414550781 0.0116777420043945
0.0422744750976563 -0.0275421142578125 0.00759696960449219 0.0323772430419922
0.0498771667480469 -0.0167617797851563 -0.00961303710937499 0.0430755615234375
0.04888916015625 0.00809478759765625 -0.0371856689453125 0.0373153686523437
0.039794921875 0.0308876037597656 -0.0495681762695313 0.0105705261230469
0.00890350341796876 0.0517044067382813 -0.0382499694824219 -0.0268058776855469
-0.0274505615234375 0.0563583374023438 -0.0189285278320313 -0.00503158569335937
-0.0587196350097656 0.0463523864746094 -0.0476875305175781 0.0221328735351563
-0.054931640625 0.0106277465820313 -0.0235671997070313 0.0819015502929688
-0.0498809814453125 0.0346794128417969 -0.0414352416992188 0.104637145996094
-0.0237083435058594 0.0485916137695313 0.00605010986328124 0.0961151123046875
0.00827026367187501 0.0547409057617188 0.0394363403320313 0.0656166076660156
0.0352859497070313 0.0358047485351563 0.0421943664550781 0.0269279479980469
0.0550384521484375 0.00581741333007812 0.0348834991455078 0.0048065185546875
0.0498275756835938 -0.0171356201171875 0.0143003463745117 0.0105514526367187
0.0415153503417969 -0.0148429870605469 0.00322341918945313 0.0256366729736328
0.045318603515625 -0.0178718566894531 -0.00355529785156249 0.0426445007324219
0.049957275390625 -0.00711822509765625 -0.0179481506347656 0.0492172241210938
0.0440521240234375 0.0152320861816406 -0.0396614074707031 0.0405044555664063
0.0297927856445313 0.0354766845703125 -0.0468215942382813 0.0144615173339844
-0.00352096557617187 0.0459213256835937 -0.0365943908691406 -0.0140228271484375
-0.0345306396484375 0.0381851196289063 -0.0236721038818359 0.011505126953125
-0.0563125610351562 0.0233116149902344 -0.0625152587890625 0.0340309143066406
-0.0314407348632813 -0.0148239135742187 -0.0413589477539063 0.07977294921875
-0.0384368896484375 0.00294876098632812 -0.0573272705078125 0.101272583007813
-0.0283660888671875 0.0221347808837891 -0.00643157958984376 0.0942535400390625
-0.0105934143066406 0.0386390686035156 0.0247840881347656 0.0615158081054687
0.0140609741210938 0.0350856781005859 0.0270328521728516 0.0235481262207031
0.0400810241699219 0.0186653137207031 0.0154399871826172 0.00949859619140625
0.0443382263183594 -0.00106048583984375 -0.0025634765625 0.0193767547607422
0.0380592346191406 -0.00379180908203125 -0.0113677978515625 0.0355491638183594
0.0428123474121094 -0.0061492919921875 -0.0165138244628906 0.0500640869140625
0.0457229614257813 0.00399398803710938 -0.0295944213867187 0.051239013671875
0.0363616943359375 0.0226249694824219 -0.0444984436035156 0.0397796630859375
0.0194587707519531 0.0393104553222656 -0.0477828979492188 0.0141143798828125
-0.0172920227050781 0.040374755859375 -0.0356826782226563 -0.00857162475585938
-0.0430145263671875 0.0183334350585937 -0.0297832489013672 0.0186920166015625
-0.0512046813964844 -0.00489425659179687 -0.0757064819335938 0.0357894897460938
-0.00179290771484375 -0.03729248046875 -0.0448074340820313 0.0708084106445312
-0.0160102844238281 -0.02630615234375 -0.0583419799804687 0.0925979614257813
-0.0220203399658203 -0.00972938537597657 -0.00892639160156251 0.0879898071289063
-0.0235195159912109 0.0121479034423828 0.0206336975097656 0.0528106689453125
-0.00790023803710938 0.0242862701416016 0.0191230773925781 0.0155162811279297
0.0172538757324219 0.0272216796875 0.00124835968017578 0.00757169723510742
0.0309581756591797 0.0143947601318359 -0.0176849365234375 0.0214748382568359
0.0284156799316406 0.0081939697265625 -0.0235939025878906 0.0400352478027344
0.03399658203125 0.00622367858886719 -0.0287322998046875 0.0538902282714844
0.0357513427734375 0.0148162841796875 -0.0424232482910156 0.0514335632324219
0.0259304046630859 0.0277957916259766 -0.0529212951660156 0.0360755920410156
0.00674819946289062 0.0390625 -0.0519218444824219 0.0090484619140625
-0.0295925140380859 0.0305252075195313 -0.0379447937011719 -0.0105552673339844
-0.04541015625 -0.00360870361328126 -0.0380325317382812 0.0152397155761719
-0.041168212890625 -0.0325698852539063 -0.085723876953125 0.0286941528320312
0.00992584228515626 0.0521888732910156 0.0821533203125 -0.0212173461914063
0.0514411926269531 0.020751953125 0.0467071533203125 0.000495910644531251
0.0335636138916016 -0.0244026184082031 0.0403861999511719 0.0134658813476562
0.0063934326171875 -0.0339469909667969 0.0626220703125 0.00174713134765625
-0.0124549865722656 -0.0280132293701172 0.065093994140625 -0.0274238586425781
-0.0308933258056641 -0.0207290649414063 0.0492439270019531 -0.0527420043945312
-0.0276298522949219 -0.013397216796875 0.0365333557128906 -0.056121826171875
-0.0226478576660156 -0.0152015686035156 0.0285377502441406 -0.0405731201171875
-0.0230484008789063 -0.027923583984375 0.0231513977050781 -0.019012451171875
0.000543594360351565 -0.0344982147216797 0.00935745239257813 -0.00401020050048828
0.0279254913330078 -0.0227394104003906 -0.0193653106689453 -0.0084075927734375
0.0360450744628906 0.000438690185546875 -0.0240325927734375 -0.0384063720703125
0.023193359375 0.0362548828125 0.00910949707031249 -0.0840530395507813
0.000293731689453119 0.0567092895507812 0.0456466674804688 -0.0877456665039063
-0.0245590209960938 0.055816650390625 0.0363273620605469 -0.056243896484375
-0.0156326293945312 0.0660171508789063 0.0814666748046875 0.00159454345703125
0.0349807739257813 0.0468215942382813 0.0483818054199219 0.0203628540039063
0.0350837707519531 0.000349044799804687 0.0462913513183594 0.0276947021484375
0.0218296051025391 -0.0165824890136719 0.0710601806640625 0.0145111083984375
0.007843017578125 -0.0228023529052734 0.0754623413085938 -0.0175323486328125
-0.00776481628417969 -0.0291366577148438 0.0617218017578125 -0.0480003356933594
-0.00917816162109375 -0.0264701843261719 0.0468025207519531 -0.0515861511230469
-0.004974365234375 -0.0249118804931641 0.0355873107910156 -0.0349502563476563
-0.00202560424804688 -0.0357856750488281 0.0276260375976563 -0.0102882385253906
0.0216217041015625 -0.0336742401123047 0.0109481811523438 0.00754165649414062
0.0426712036132813 -0.0120811462402344 -0.0231304168701172 0.00457572937011719
0.0444412231445313 0.0167655944824219 -0.0341396331787109 -0.0251655578613281
0.0179901123046875 0.0539627075195312 -0.00882720947265624 -0.0748214721679688
-0.0160675048828125 0.0717926025390625 0.0253677368164062 -0.0743942260742188
-0.0448493957519531 0.0687179565429688 0.01861572265625 -0.0382347106933594
-0.0416069030761719 0.06939697265625 0.0698204040527344 0.0297355651855469
0.00888442993164062 0.0670433044433594 0.0406608581542969 0.0477027893066406
0.0293636322021484 0.0293731689453125 0.0478363037109375 0.0474357604980469
0.0343456268310547 0.00884437561035156 0.0758438110351563 0.0305099487304688
0.0295085906982422 -0.0105381011962891 0.0803298950195313 -0.00438690185546875
0.019287109375 -0.0311527252197266 0.0685234069824219 -0.0383415222167969
0.0124034881591797 -0.0350360870361328 0.0500869750976563 -0.0405044555664063
0.0136013031005859 -0.0305061340332031 0.0361824035644531 -0.0239105224609375
0.0171966552734375 -0.0389747619628906 0.0265998840332031 0.00229454040527343
0.0366897583007813 -0.0314598083496094 0.00835037231445313 0.0196037292480469
0.0505943298339844 -0.0050506591796875 -0.0268688201904297 0.0183753967285156
0.04949951171875 0.0247268676757813 -0.042388916015625 -0.00963973999023438
0.0179786682128906 0.0605583190917969 -0.0264854431152344 -0.058990478515625
-0.0222015380859375 0.078125 0.00482559204101562 -0.0532264709472656
-0.05517578125 0.0732421875 -0.00339031219482422 -0.0170488357543945
-0.0625419616699219 0.0604209899902344 0.0461273193359375 0.0567817687988281
-0.0218429565429687 0.0742568969726562 0.0222702026367188 0.0756072998046875
0.0130653381347656 0.0545158386230469 0.0426406860351562 0.0688629150390625
0.0385475158691406 0.0362129211425781 0.0723648071289063 0.047210693359375
0.0457115173339844 0.0074310302734375 0.0763931274414063 0.00920867919921875
0.0438079833984375 -0.0252647399902344 0.0667228698730469 -0.02435302734375
0.0324440002441406 -0.037811279296875 0.0455169677734375 -0.0246086120605469
0.0291957855224609 -0.0311756134033203 0.0303840637207031 -0.00860977172851563
0.0333480834960938 -0.0366134643554688 0.0210800170898438 0.0157737731933594
0.0464935302734375 -0.0275993347167969 0.00379753112792969 0.0306396484375
0.0533561706542969 0.0009765625 -0.0285778045654297 0.0302658081054688
0.0492630004882813 0.0281867980957031 -0.0452117919921875 0.00507736206054688
0.0173377990722656 0.05975341796875 -0.0367012023925781 -0.0400390625
-0.0243988037109375 0.073944091796875 -0.00879287719726563 -0.0273971557617188
-0.0598182678222656 0.0686302185058593 -0.0245094299316406 0.00616264343261719
-0.070587158203125 0.0401077270507813 0.0135650634765625 0.0770492553710938
-0.0460166931152344 0.0648765563964844 -0.00429534912109374 0.0982284545898438
-0.00804519653320312 0.0641250610351563 0.0289840698242188 0.0866928100585938
0.0296287536621094 0.0564193725585938 0.0595932006835938 0.0592689514160156
0.0494346618652344 0.0260848999023438 0.0627403259277344 0.0203666687011719
0.0588264465332031 -0.0118904113769531 0.0545654296875 -0.0100059509277344
0.0473289489746094 -0.0324821472167969 0.0331001281738281 -0.00665473937988281
0.0400238037109375 -0.0265693664550781 0.0192794799804688 0.00771713256835937
0.0439338684082031 -0.0314064025878906 0.0123462677001953 0.028778076171875
0.0525703430175781 -0.0196800231933594 -0.00258636474609375 0.0405769348144531
0.0525550842285156 0.0070037841796875 -0.0307083129882813 0.0383148193359375
0.0432014465332031 0.0321426391601563 -0.0441246032714844 0.0142097473144531
0.0103492736816406 0.0553054809570313 -0.037017822265625 -0.02227783203125
-0.0289878845214844 0.0619926452636719 -0.0162725448608398 -0.00214672088623047
-0.0611763000488281 0.0525016784667969 -0.0432472229003906 0.0264015197753906
-0.0625267028808594 0.0121879577636719 -0.0163955688476562 0.086761474609375
-0.0551261901855469 0.0385856628417969 -0.0323638916015625 0.108085632324219
-0.0260658264160156 0.0532379150390625 0.0123825073242188 0.0943756103515625
0.010345458984375 0.0596389770507813 0.0424537658691406 0.0631027221679688
0.0388336181640625 0.0376739501953125 0.0440711975097656 0.0238609313964844
0.059814453125 0.00339889526367187 0.0357666015625 0.0021209716796875
0.0527801513671875 -0.0210418701171875 0.0156488418579102 0.00962257385253906
0.0448074340820313 -0.0184173583984375 0.00590133666992188 0.0234241485595703
0.04888916015625 -0.0221710205078125 0.000747680664062505 0.0401611328125
0.0537338256835938 -0.0106544494628906 -0.0123634338378906 0.0471382141113281
0.0487136840820313 0.0148849487304688 -0.0333518981933594 0.0414619445800781
0.0348358154296875 0.0374603271484375 -0.0427474975585938 0.0177078247070313
-0.00262832641601563 0.0507736206054688 -0.033966064453125 -0.0107231140136719
-0.0379142761230469 0.0444259643554687 -0.0207424163818359 0.0150947570800781
-0.061492919921875 0.0285186767578125 -0.0593986511230469 0.0392532348632813
-0.0391159057617187 -0.0159378051757813 -0.0369873046875 0.0858154296875
-0.045989990234375 0.00512313842773436 -0.04986572265625 0.106399536132813
-0.0324516296386719 0.0256214141845703 1.52587890624905E-05 0.09307861328125
-0.00971221923828125 0.0445823669433594 0.0283317565917969 0.0584678649902344
0.0181350708007812 0.0385818481445312 0.0273494720458984 0.0210247039794922
0.0465660095214844 0.0174331665039063 0.015899658203125 0.00796890258789063
0.0489082336425781 -0.00529861450195313 -0.00187110900878906 0.0197925567626953
0.0421066284179688 -0.00793838500976563 -0.0083465576171875 0.0353965759277344
0.0471000671386719 -0.0108757019042969 -0.0125732421875 0.0489349365234375
0.0514602661132813 0.000476837158203125 -0.0250205993652344 0.0508346557617188
0.0423469543457031 0.0223770141601562 -0.0406265258789063 0.0400199890136719
0.0242195129394531 0.0423774719238281 -0.0442924499511719 0.0161666870117188
-0.0167655944824219 0.0456657409667969 -0.0329113006591797 -0.00560951232910157
-0.0474624633789062 0.0241813659667969 -0.0277824401855469 0.0226325988769531
-0.0583915710449219 -0.000839233398437513 -0.074981689453125 0.041534423828125
-0.00913619995117187 -0.0413551330566406 -0.0438461303710938 0.076568603515625
-0.0240287780761719 -0.0273990631103516 -0.054229736328125 0.0979385375976563
-0.0280933380126953 -0.00701141357421875 -0.00188446044921874 0.0861968994140625
-0.0250530242919922 0.0174884796142578 0.0223121643066406 0.0491714477539063
-0.00489997863769531 0.0295619964599609 0.017552375793457 0.0133352279663086
0.0242633819580078 0.0274181365966797 -0.00102663040161133 0.00708913803100586
0.0367202758789063 0.0107231140136719 -0.0179042816162109 0.0244522094726562
0.0333938598632813 0.00431442260742188 -0.0217781066894531 0.0421943664550781
0.0395469665527344 0.00231170654296875 -0.0270538330078125 0.0546722412109375
0.0412979125976563 0.0113525390625 -0.0393524169921875 0.0518455505371094
0.0316600799560547 0.0271568298339844 -0.05047607421875 0.0372467041015625
0.0122947692871094 0.0422782897949219 -0.0493392944335938 0.0116233825683594
-0.0286140441894531 0.0360260009765625 -0.0365333557128906 -0.00671768188476562
-0.0511741638183594 0.00170516967773438 -0.0375137329101563 0.0203132629394531
-0.0496597290039063 -0.0300979614257812 -0.0875167846679688 0.0336685180664063
0.0152854919433594 0.0512657165527344 0.0869522094726563 -0.0265655517578125
0.0536651611328125 0.0149459838867188 0.0474166870117188 -0.00437164306640625
0.0323123931884766 -0.0288734436035156 0.03948974609375 0.0117073059082031
0.00269317626953125 -0.0356941223144531 0.0616531372070312 0.00146484375
-0.0162372589111328 -0.0274887084960937 0.0655441284179688 -0.0282478332519531
-0.0347213745117188 -0.0160560607910156 0.0487174987792969 -0.0541572570800781
-0.0310249328613281 -0.0105495452880859 0.0365791320800781 -0.05914306640625
-0.02532958984375 -0.0121536254882813 0.028900146484375 -0.0440750122070313
-0.0277156829833984 -0.0247402191162109 0.0255584716796875 -0.0229701995849609
-0.00361251831054688 -0.0350265502929688 0.0132150650024414 -0.00604915618896485
0.0255756378173828 -0.0268573760986328 -0.0153598785400391 -0.0067129135131836
0.0368881225585938 -0.00387191772460938 -0.0227508544921875 -0.0344429016113281
0.02947998046875 0.0346908569335938 0.00682067871093751 -0.0821685791015625
0.00764846801757812 0.0596275329589844 0.0436019897460938 -0.091339111328125
-0.0184059143066406 0.0605430603027344 0.0397262573242188 -0.0599365234375
-0.0117340087890625 0.0674781799316406 0.088623046875 -0.00302886962890625
0.0385818481445312 0.04364013671875 0.0513839721679688 0.0159378051757813
0.0342521667480469 -0.0030517578125 0.0456008911132813 0.0250434875488281
0.0192298889160156 -0.0176315307617188 0.0715866088867188 0.013153076171875
0.00487518310546875 -0.0220794677734375 0.0770721435546875 -0.01898193359375
-0.0117435455322266 -0.0267333984375 0.0631370544433594 -0.0504379272460937
-0.0109920501708984 -0.0247707366943359 0.0476112365722656 -0.0557060241699219
-0.00708580017089844 -0.0229454040527344 0.0370368957519531 -0.040069580078125
-0.00530624389648438 -0.0337924957275391 0.0313701629638672 -0.0143928527832031
0.0183734893798828 -0.0348148345947266 0.0157604217529297 0.00548076629638672
0.0421180725097656 -0.0151214599609375 -0.0181999206542969 0.00603485107421875
0.0466156005859375 0.0135040283203125 -0.03125 -0.0216770172119141
0.0230865478515625 0.0540695190429688 -0.0108261108398438 -0.0715789794921875
-0.0104293823242188 0.0770721435546875 0.0244827270507813 -0.0756149291992187
-0.0402679443359375 0.0752029418945313 0.0230331420898438 -0.0399627685546875
-0.0406494140625 0.0729904174804688 0.0778656005859375 0.0263290405273438
0.0101089477539063 0.0671157836914063 0.0461006164550781 0.0436363220214844
0.0289554595947266 0.0287895202636719 0.0493392944335938 0.0447616577148438
0.0335731506347656 0.00786590576171875 0.07733154296875 0.0289306640625
0.029144287109375 -0.0102214813232422 0.0820770263671875 -0.00677490234375
0.0170860290527344 -0.0301666259765625 0.0704727172851563 -0.0427093505859375
0.011810302734375 -0.0358924865722656 0.0520248413085938 -0.0454292297363281
0.0128288269042969 -0.0299873352050781 0.0376968383789063 -0.0286674499511719
0.0164756774902344 -0.0389060974121094 0.0302543640136719 -0.00265312194824219
0.0352592468261719 -0.0335426330566406 0.0141191482543945 0.0163230895996094
0.0516204833984375 -0.00734329223632813 -0.0204524993896484 0.0191001892089844
0.0521469116210938 0.0228462219238281 -0.0382080078125 -0.00564575195312499
0.0220794677734375 0.0620002746582031 -0.0268821716308594 -0.0553550720214844
-0.019439697265625 0.0836257934570313 0.00632858276367187 -0.0534515380859375
-0.0534896850585938 0.0794219970703125 0.00117778778076172 -0.0171051025390625
-0.0653762817382813 0.0651321411132813 0.0540809631347656 0.0564193725585938
-0.0219879150390625 0.0773544311523437 0.0284042358398437 0.072998046875
0.0127220153808594 0.056976318359375 0.0453948974609375 0.0665626525878906
0.0395584106445313 0.0372276306152344 0.0740127563476563 0.0457687377929688
0.04718017578125 0.0075836181640625 0.078338623046875 0.00702667236328125
0.04425048828125 -0.0267333984375 0.0688018798828125 -0.0286483764648438
0.0330085754394531 -0.0397300720214844 0.0467872619628906 -0.0289192199707031
0.0306396484375 -0.0327358245849609 0.0324974060058594 -0.0132560729980469
0.0341072082519531 -0.03857421875 0.0248451232910156 0.0100574493408203
0.0483665466308594 -0.0294303894042969 0.00922393798828126 0.0272026062011719
0.0561485290527344 -0.0005950927734375 -0.0228500366210938 0.0296916961669922
0.0523681640625 0.0282173156738281 -0.0407562255859375 0.00775527954101562
0.0200767517089844 0.0621376037597656 -0.0350799560546875 -0.0371513366699219
-0.0230484008789063 0.07977294921875 -0.00691604614257813 -0.0256748199462891
-0.06072998046875 0.074127197265625 -0.0193080902099609 0.00787162780761719
-0.07586669921875 0.04302978515625 0.0216293334960938 0.07891845703125
-0.04876708984375 0.0689811706542969 0.00215911865234375 0.09747314453125
-0.00866317749023438 0.068084716796875 0.0323486328125 0.0840835571289063
0.031463623046875 0.0602226257324219 0.0621833801269531 0.0585250854492188
0.0535430908203125 0.0270881652832031 0.0632247924804688 0.0172386169433594
0.0618209838867188 -0.013946533203125 0.0562286376953125 -0.012847900390625
0.0494155883789063 -0.0370025634765625 0.0351104736328125 -0.0101795196533203
0.0427131652832031 -0.029327392578125 0.0211544036865234 0.00517082214355468
0.045745849609375 -0.0344200134277344 0.0148601531982422 0.0244388580322266
0.0552406311035156 -0.0231590270996094 0.00194549560546875 0.03668212890625
0.0564613342285156 0.00695037841796875 -0.0251121520996094 0.0375213623046875
0.0475921630859375 0.033203125 -0.0394096374511719 0.01611328125
0.0117111206054687 0.058929443359375 -0.0352935791015625 -0.0196418762207031
-0.030609130859375 0.0680046081542969 -0.0135183334350586 -0.000967025756835932
-0.0641250610351563 0.0579795837402344 -0.0397834777832031 0.0290756225585938
-0.0689849853515625 0.0154762268066406 -0.0097503662109375 0.0909881591796875
-0.0602340698242187 0.0428009033203125 -0.0263290405273438 0.108772277832031
-0.0283966064453125 0.0578117370605469 0.01678466796875 0.0926437377929687
0.0124244689941406 0.0652580261230469 0.0437736511230469 0.0622673034667969
0.0433273315429688 0.0397071838378906 0.04486083984375 0.0219001770019531
0.0644111633300781 0.00159454345703125 0.0366973876953125 -0.00018310546875
0.0562705993652344 -0.0247268676757813 0.0169477462768555 0.00823783874511719
0.0478172302246094 -0.0226593017578125 0.00767135620117187 0.0214290618896484
0.0523567199707031 -0.0259284973144531 0.00319671630859376 0.0370254516601563
0.0587501525878906 -0.0132942199707031 -0.00899887084960937 0.0439453125
0.0546455383300781 0.0153579711914063 -0.0292167663574219 0.0405349731445313
0.0399322509765625 0.0393104553222656 -0.0388908386230469 0.0186576843261719
-0.0012359619140625 0.0568504333496094 -0.0313091278076172 -0.00861358642578124
-0.0414886474609375 0.0511741638183594 -0.0169506072998047 0.0170936584472656
-0.0664138793945313 0.0338325500488281 -0.05810546875 0.0424079895019531
-0.0472869873046875 -0.0158042907714844 -0.034393310546875 0.0907058715820313
-0.0530281066894531 0.00841903686523438 -0.0455856323242188 0.109794616699219
-0.0366859436035156 0.0302848815917969 0.00295257568359374 0.0914688110351563
-0.00881958007812501 0.0509529113769531 0.0285835266113281 0.0573387145996094
0.0223464965820312 0.0418014526367188 0.0262222290039063 0.0202274322509766
0.052398681640625 0.0158424377441406 0.0149383544921875 0.00717067718505859
0.0535163879394531 -0.0103187561035156 -0.00139617919921875 0.0201606750488281
0.0455360412597656 -0.0122108459472656 -0.007293701171875 0.0362052917480469
0.0510940551757813 -0.0152778625488281 -0.0110740661621094 0.0484466552734375
0.0564460754394531 -0.00262832641601563 -0.0229644775390625 0.0491180419921875
0.0475997924804688 0.0222549438476563 -0.0384941101074219 0.0387687683105469
0.030242919921875 0.0448112487792969 -0.0414657592773438 0.0162925720214844
-0.0159759521484375 0.0513572692871094 -0.0303764343261719 -0.00465965270996093
-0.0520706176757813 0.0307884216308594 -0.0251388549804688 0.0258026123046875
-0.0654258728027344 0.00375366210937501 -0.0743865966796875 0.0462875366210938
-0.0161895751953125 -0.0426979064941406 -0.0431594848632813 0.0822906494140625
-0.031890869140625 -0.0266971588134766 -0.05035400390625 0.101188659667969
-0.0330963134765625 -0.00431060791015625 0.000892639160156246 0.086029052734375
-0.0267238616943359 0.0237216949462891 0.0217628479003906 0.0469779968261719
-0.000751495361328127 0.0335121154785156 0.0151987075805664 0.0116939544677734
0.0299644470214844 0.0272388458251953 -0.00272750854492187 0.00849008560180664
0.0412254333496094 0.00689315795898438 -0.0184860229492187 0.0264072418212891
0.0374984741210938 0.0011749267578125 -0.0206985473632812 0.043792724609375
0.0424118041992188 -0.00256729125976562 -0.0253677368164062 0.0565147399902344
0.04632568359375 0.00769805908203125 -0.0384368896484375 0.0517196655273438
0.0363960266113281 0.0269584655761719 -0.0498466491699219 0.0366439819335937
0.0166893005371094 0.0444412231445312 -0.0475234985351563 0.0117568969726562
-0.028076171875 0.0421981811523438 -0.0346584320068359 -0.00454139709472657
-0.0555000305175781 0.00770950317382812 -0.0369300842285156 0.0246467590332031
-0.0562896728515625 -0.0271987915039062 -0.0899276733398438 0.0381851196289063
0.0206069946289062 0.0508232116699219 0.0913543701171875 -0.0319671630859375
0.0577011108398437 0.0107841491699219 0.0491828918457031 -0.00922012329101563
0.030242919921875 -0.033050537109375 0.0386695861816406 0.0111351013183594
-0.0014801025390625 -0.0377540588378906 0.0638542175292969 0.00128173828125
-0.0201435089111328 -0.0262660980224609 0.0674705505371094 -0.02899169921875
-0.0387420654296875 -0.0132026672363281 0.0518989562988281 -0.0566635131835938
-0.032867431640625 -0.00579833984375 0.0379600524902344 -0.0630607604980469
-0.02783203125 -0.00943756103515625 0.0300979614257813 -0.0484504699707031
-0.0312461853027344 -0.0210933685302734 0.0280799865722656 -0.027191162109375
-0.00832748413085937 -0.035736083984375 0.0176734924316406 -0.00893974304199219
0.0221748352050781 -0.0308856964111328 -0.0112686157226562 -0.0069427490234375
0.0377120971679688 -0.00919342041015625 -0.0210132598876953 -0.0337963104248047
0.0352401733398438 0.0333328247070312 0.0056915283203125 -0.0819854736328125
0.0153274536132813 0.0614967346191406 0.0430145263671875 -0.0950469970703125
-0.0125694274902344 0.0650138854980469 0.0426597595214844 -0.0648651123046875
-0.00860214233398438 0.0694465637207031 0.0951004028320313 -0.00800323486328125
0.0407028198242188 0.0412406921386719 0.0543479919433594 0.0096435546875
0.0335483551025391 -0.0057373046875 0.0462913513183594 0.0234451293945313
0.0174636840820313 -0.01898193359375 0.0734634399414063 0.0137100219726563
0.00281906127929687 -0.0219860076904297 0.0788345336914063 -0.0206069946289062
-0.0133209228515625 -0.0244541168212891 0.0657539367675781 -0.0543060302734375
-0.0120506286621094 -0.0225467681884766 0.0494384765625 -0.0611763000488281
-0.00789451599121094 -0.0218982696533203 0.0382575988769531 -0.0451011657714844
-0.00800323486328125 -0.0328807830810547 0.0342979431152344 -0.0200901031494141
0.0157356262207031 -0.03582763671875 0.0206966400146484 0.000951766967773435
0.0406074523925781 -0.0185012817382813 -0.0129375457763672 0.00575447082519531
0.0485801696777344 0.0108489990234375 -0.0282478332519531 -0.0196762084960938
0.0282745361328125 0.0546722412109375 -0.0111007690429687 -0.0705184936523438
-0.00504302978515626 0.0811767578125 0.0252532958984375 -0.0786972045898438
-0.0370407104492188 0.0803985595703125 0.0266914367675781 -0.0434989929199219
-0.040557861328125 0.0766677856445313 0.08673095703125 0.0229110717773438
0.0118331909179688 0.0682449340820313 0.0507125854492187 0.0397720336914063
0.0282077789306641 0.0289173126220703 0.0501441955566406 0.0433311462402344
0.0344772338867188 0.00961685180664063 0.0798492431640625 0.0294265747070313
0.028472900390625 -0.0101165771484375 0.0851058959960938 -0.00914764404296875
0.0166912078857422 -0.02996826171875 0.0728759765625 -0.0471572875976563
0.011322021484375 -0.0357589721679688 0.0539627075195312 -0.0510787963867188
0.0133075714111328 -0.0305919647216797 0.040008544921875 -0.0342369079589844
0.0162353515625 -0.0401420593261719 0.0336055755615234 -0.00919723510742188
0.0354347229003906 -0.0348587036132812 0.0194797515869141 0.0122661590576172
0.0538139343261719 -0.0102729797363281 -0.0150012969970703 0.0183830261230469
0.0553512573242188 0.0223731994628906 -0.0341949462890625 -0.00435638427734374
0.0259361267089844 0.0645523071289062 -0.0271987915039062 -0.0540695190429687
-0.01611328125 0.0905609130859375 0.00674057006835938 -0.0559272766113281
-0.0528030395507812 0.08660888671875 0.00624465942382812 -0.0185585021972656
-0.0677413940429688 0.0706253051757812 0.0632095336914062 0.055328369140625
-0.0220489501953125 0.0821151733398438 0.033355712890625 0.0713653564453125
0.0131797790527344 0.0588836669921875 0.0466423034667969 0.0645980834960938
0.04229736328125 0.0407791137695313 0.0771942138671875 0.0453948974609375
0.0502281188964844 0.008575439453125 0.081878662109375 0.00482177734375
0.0456962585449219 -0.0277557373046875 0.0712509155273438 -0.0327682495117188
0.0337181091308594 -0.0415573120117188 0.0498046875 -0.0342025756835938
0.0325489044189453 -0.0344982147216797 0.0342922210693359 -0.0177345275878906
0.0355110168457031 -0.0415534973144531 0.0281009674072266 0.0056915283203125
0.0498046875 -0.0325202941894531 0.0142097473144531 0.0237045288085937
0.0600852966308594 -0.00178909301757813 -0.0168704986572266 0.0290489196777344
0.0573348999023438 0.0287361145019531 -0.0365676879882812 0.00949478149414063
0.0219535827636719 0.0665664672851563 -0.0345668792724609 -0.0350074768066406
-0.0225067138671875 0.08758544921875 -0.00452041625976563 -0.0275230407714844
-0.0618057250976563 0.0824203491210937 -0.015101432800293 0.00772953033447266
-0.0815963745117188 0.049713134765625 0.0296707153320312 0.0809097290039062
-0.0521926879882813 0.0760116577148438 0.00772857666015624 0.0981369018554688
-0.00942230224609375 0.0737838745117188 0.0346527099609375 0.084136962890625
0.0340957641601563 0.0646514892578125 0.0652503967285156 0.0582351684570313
0.0574569702148438 0.0285530090332031 0.0669784545898438 0.0159492492675781
0.065093994140625 -0.0169029235839844 0.0577049255371094 -0.0172042846679688
0.0521011352539062 -0.0395126342773438 0.0365371704101562 -0.0134048461914063
0.0462837219238281 -0.0335121154785156 0.0229511260986328 0.00068855285644531
0.0497283935546875 -0.0386886596679687 0.0173816680908203 0.0220069885253906
0.0588111877441406 -0.0257797241210938 0.00496482849121094 0.0337657928466797
0.0620651245117188 0.00625228881835938 -0.0214195251464844 0.0358238220214844
0.0529441833496094 0.0354461669921875 -0.0363044738769531 0.0168418884277344
0.013885498046875 0.06475830078125 -0.0327396392822266 -0.0187511444091797
-0.0319442749023438 0.0767364501953125 -0.00941562652587891 -0.00106143951416015
-0.0681838989257813 0.0662345886230469 -0.0361099243164063 0.0310440063476563
-0.0779266357421875 0.020355224609375 -0.00565338134765626 0.0956039428710938
-0.0667762756347656 0.0495452880859375 -0.0224609375 0.112419128417969
-0.0302200317382812 0.0647506713867188 0.0183258056640625 0.0929641723632813
0.0150527954101562 0.0701713562011719 0.046112060546875 0.0629043579101563
0.0488243103027344 0.0422248840332031 0.0458755493164063 0.0215415954589844
0.0698661804199219 -0.0015106201171875 0.0381736755371094 -0.00238418579101563
0.0607757568359375 -0.0294914245605469 0.0178241729736328 0.00610733032226562
0.0508155822753906 -0.0264320373535156 0.00864410400390625 0.0198726654052734
0.0558547973632813 -0.03082275390625 0.00417327880859375 0.03619384765625
0.06414794921875 -0.017791748046875 -0.007720947265625 0.0420570373535156
0.0603828430175781 0.0136604309082031 -0.0278091430664062 0.0383186340332031
0.0458946228027344 0.0420570373535156 -0.0359077453613281 0.018463134765625
0.000835418701171876 0.062469482421875 -0.0287914276123047 -0.0087127685546875
-0.043914794921875 0.0587844848632813 -0.0141887664794922 0.0178089141845703
-0.0721969604492188 0.0405731201171875 -0.0560569763183594 0.0461959838867188
-0.0560226440429688 -0.0139884948730469 -0.031951904296875 0.0968170166015625
-0.0609359741210937 0.012603759765625 -0.0432281494140625 0.114570617675781
-0.0414848327636719 0.0360794067382812 0.005157470703125 0.0922012329101562
-0.007537841796875 0.0570793151855469 0.0291633605957031 0.0577659606933594
0.0280494689941406 0.0453262329101562 0.0259208679199219 0.0201339721679688
0.0591621398925781 0.0145149230957031 0.0147590637207031 0.00722122192382813
0.057403564453125 -0.0151290893554688 -0.00138282775878906 0.020782470703125
0.0492134094238281 -0.0166397094726563 -0.00723648071289062 0.0362014770507813
0.0553550720214844 -0.0206985473632812 -0.01043701171875 0.0486602783203125
0.0611915588378906 -0.0076141357421875 -0.0232810974121094 0.0485649108886719
0.0542716979980469 0.020843505859375 -0.0372505187988281 0.0390357971191406
0.0356025695800781 0.0471611022949219 -0.039642333984375 0.0154151916503906
-0.0145759582519531 0.0573081970214844 -0.0286865234375 -0.00440025329589843
-0.0558891296386719 0.0384445190429688 -0.0229835510253906 0.0281448364257813
-0.0713424682617188 0.0091400146484375 -0.0761184692382813 0.0501327514648437
-0.0249481201171875 -0.0446281433105469 -0.043212890625 0.0879898071289063
-0.0400238037109375 -0.0253219604492188 -0.050445556640625 0.105125427246094
-0.0391693115234375 -0.000137329101562498 0.00160980224609375 0.0844497680664062
-0.0269145965576172 0.0301856994628906 0.0208892822265625 0.0466117858886719
0.0040740966796875 0.0376510620117188 0.0131826400756836 0.012603759765625
0.0360450744628906 0.0254440307617187 -0.00487422943115234 0.00910758972167969
0.0451469421386719 0.0029144287109375 -0.0191631317138672 0.0303325653076172
0.0398674011230469 -0.00349044799804688 -0.0214385986328125 0.0472297668457031
0.0454940795898438 -0.00730133056640625 -0.0270004272460938 0.0583114624023438
0.0513839721679688 0.00384140014648438 -0.0392837524414063 0.0535011291503906
0.0418472290039063 0.0267181396484375 -0.0500946044921875 0.0373306274414063
0.0228805541992188 0.0474205017089844 -0.0486984252929688 0.0113945007324219
-0.026763916015625 0.0471000671386719 -0.0326137542724609 -0.00506782531738281
-0.0604248046875 0.0135993957519531 -0.0351142883300781 0.0289649963378906
-0.0634231567382813 -0.0229377746582031 -0.093658447265625 0.0432586669921875
0.026458740234375 0.0503349304199219 0.096649169921875 -0.0398025512695313
0.0613174438476563 0.00420761108398438 0.0494003295898438 -0.0148429870605469
0.0280227661132813 -0.0374107360839844 0.0387077331542969 0.0099945068359375
-0.00539779663085938 -0.0398674011230469 0.0657119750976563 0.000385284423828123
-0.0246620178222656 -0.0258274078369141 0.0709228515625 -0.0310592651367188
-0.0421829223632813 -0.00837707519531249 0.0547065734863281 -0.0604782104492187
-0.0341835021972656 -0.0023517608642578 0.0388221740722656 -0.069976806640625
-0.0290603637695313 -0.00604438781738281 0.0308876037597656 -0.0547561645507812
-0.0358543395996094 -0.0172004699707031 0.0291309356689453 -0.0327892303466797
-0.0140056610107422 -0.0349445343017578 0.0203227996826172 -0.013153076171875
0.0196533203125 -0.0357093811035156 -0.00811529159545898 -0.00690221786499024
0.0386505126953125 -0.0139999389648437 -0.018768310546875 -0.0331192016601563
0.0412330627441406 0.0308189392089844 0.0041656494140625 -0.0834808349609375
0.02392578125 0.06280517578125 0.0413360595703125 -0.101325988769531
-0.00577926635742187 0.0687637329101563 0.0452728271484375 -0.0729751586914063
-0.00473785400390625 0.0717010498046875 0.103004455566406 -0.0154495239257812
0.0448875427246094 0.0395889282226563 0.056671142578125 0.00477981567382813
0.0329952239990234 -0.00720977783203125 0.0476264953613281 0.0228500366210937
0.0158233642578125 -0.0201454162597656 0.0771484375 0.0120925903320312
0.000593185424804688 -0.0214595794677734 0.083251953125 -0.0237579345703125
-0.0156402587890625 -0.0212879180908203 0.068511962890625 -0.0609931945800781
-0.0137233734130859 -0.0210342407226563 0.0504074096679688 -0.0696182250976563
-0.00869941711425781 -0.0208663940429688 0.03875732421875 -0.052642822265625
-0.00979995727539062 -0.032318115234375 0.0362205505371094 -0.0270309448242188
0.0124359130859375 -0.03741455078125 0.0253963470458984 -0.0041961669921875
0.0405120849609375 -0.022735595703125 -0.00832271575927734 0.00454092025756836
0.0506935119628906 0.0071868896484375 -0.0250720977783203 -0.0185432434082031
0.0339431762695313 0.0553741455078125 -0.012481689453125 -0.070526123046875
0.00176239013671874 0.0862274169921875 0.0242156982421875 -0.0833740234375
-0.0327377319335937 0.0880355834960938 0.0311546325683594 -0.0496025085449219
-0.0402297973632813 0.0832901000976562 0.095489501953125 0.017791748046875
0.0146713256835938 0.0706405639648438 0.0548362731933594 0.0345840454101563
0.0289287567138672 0.0300884246826172 0.0525970458984375 0.0424270629882813
0.0356063842773438 0.00910568237304688 0.0849990844726563 0.027984619140625
0.0294609069824219 -0.0102806091308594 0.0906219482421875 -0.013031005859375
0.0163307189941406 -0.0300636291503906 0.076385498046875 -0.0537872314453125
0.0108642578125 -0.0369834899902344 0.0553932189941406 -0.0598106384277344
0.0136222839355469 -0.0324687957763672 0.0405349731445313 -0.0420112609863281
0.0146903991699219 -0.0412788391113281 0.0364570617675781 -0.0154991149902344
0.0354461669921875 -0.0379371643066406 0.0240268707275391 0.00684165954589844
0.0561447143554688 -0.0128288269042969 -0.0103607177734375 0.0166053771972656
0.0595855712890625 0.0201377868652344 -0.0307712554931641 -0.00298309326171875
0.0310287475585937 0.0675125122070313 -0.0274772644042969 -0.0532035827636719
-0.0112686157226562 0.09735107421875 0.00725555419921875 -0.0588951110839844
-0.0502471923828125 0.0959701538085938 0.01055908203125 -0.0223197937011719
-0.0712509155273438 0.0780563354492187 0.0732192993164063 0.052978515625
-0.0220108032226563 0.0896682739257813 0.0393333435058594 0.0691719055175781
0.0143775939941406 0.0640830993652344 0.049285888671875 0.0646743774414063
0.0461273193359375 0.0428390502929688 0.0826644897460938 0.0452423095703125
0.053375244140625 0.00853729248046875 0.0863876342773438 0.0013275146484375
0.0477180480957031 -0.0303840637207031 0.0739517211914063 -0.0390472412109375
0.0344657897949219 -0.0456695556640625 0.0513992309570313 -0.0414886474609375
0.0336761474609375 -0.0386009216308594 0.0351409912109375 -0.0238704681396484
0.0370864868164063 -0.0458488464355469 0.0297889709472656 0.000289916992187497
0.0524253845214844 -0.0365104675292969 0.0181617736816406 0.0188446044921875
0.0640525817871094 -0.0050048828125 -0.0131778717041016 0.0277023315429688
0.0631866455078125 0.0282325744628906 -0.0328655242919922 0.0095672607421875
0.0264816284179688 0.07086181640625 -0.0329914093017578 -0.0345535278320313
-0.0202865600585937 0.0969161987304688 -0.00221061706542969 -0.0296115875244141
-0.0620956420898438 0.0923995971679687 -0.0113620758056641 0.00684833526611328
-0.0883026123046875 0.0578155517578125 0.0380401611328125 0.0822067260742188
-0.05517578125 0.0846405029296875 0.0137252807617187 0.0995635986328125
-0.00957489013671874 0.0811538696289063 0.0379486083984375 0.084625244140625
0.0409469604492188 0.0694389343261719 0.0689239501953125 0.0585594177246094
0.063690185546875 0.0294761657714844 0.0707931518554688 0.0141448974609375
0.0695724487304688 -0.0219650268554688 0.0594902038574219 -0.0217742919921875
0.0533866882324219 -0.0460968017578125 0.0380134582519531 -0.0188674926757813
0.0482025146484375 -0.0388526916503906 0.0239982604980469 -0.00281906127929688
0.0520553588867188 -0.044677734375 0.0189399719238281 0.0170955657958984
0.0642013549804688 -0.0317802429199219 0.00758934020996094 0.03033447265625
0.0683517456054688 0.0025177001953125 -0.0180835723876953 0.0344963073730469
0.0604362487792969 0.0358390808105469 -0.0327529907226562 0.0160579681396484
0.0175247192382812 0.071563720703125 -0.0324230194091797 -0.0192241668701172
-0.0311737060546875 0.0866165161132813 -0.00700139999389649 -0.00149965286254882
-0.0709075927734375 0.0761947631835938 -0.0324535369873047 0.0330791473388672
-0.0857620239257813 0.0259933471679687 0.00150299072265625 0.101547241210938
-0.071624755859375 0.0590057373046875 -0.0171356201171875 0.116752624511719
-0.0326995849609375 0.07415771484375 0.0212326049804687 0.0943145751953125
0.0209121704101562 0.0783004760742187 0.0494918823242188 0.0635032653808594
0.0565719604492187 0.0445137023925781 0.04827880859375 0.0215530395507813
0.0761795043945313 -0.005950927734375 0.0385208129882813 -0.00497055053710938
0.0624427795410156 -0.0370254516601563 0.0198574066162109 0.004119873046875
0.054718017578125 -0.0334701538085938 0.00923538208007813 0.0183544158935547
0.0596389770507813 -0.0385971069335938 0.00532913208007813 0.0346260070800781
0.0689544677734375 -0.0239906311035156 -0.00605392456054687 0.04156494140625
0.0676383972167969 0.0113029479980469 -0.026763916015625 0.0382919311523438
0.0538215637207031 0.0438880920410156 -0.0349540710449219 0.0181865692138672
0.00355148315429687 0.0694656372070313 -0.0284976959228516 -0.00969314575195312
-0.046417236328125 0.06890869140625 -0.0114059448242188 0.0193653106689453
-0.0772171020507813 0.0497817993164063 -0.0546722412109375 0.0507469177246094
-0.0654563903808594 -0.00989151000976561 -0.02813720703125 0.104820251464844
-0.0688552856445313 0.0195884704589844 -0.039581298828125 0.121246337890625
-0.0448532104492187 0.044219970703125 0.00865173339843749 0.0941162109375
-0.00450515747070312 0.0651931762695313 0.03167724609375 0.0592613220214844
0.0352706909179688 0.0489768981933594 0.0263214111328125 0.0206699371337891
0.0662155151367187 0.0097198486328125 0.0148086547851563 0.00647830963134766
0.0615463256835938 -0.0218315124511719 -0.00111579895019531 0.0224056243896484
0.0523948669433594 -0.0230522155761719 -0.0058441162109375 0.0373764038085938
0.0593185424804687 -0.0282516479492187 -0.010345458984375 0.0503158569335938
0.0674018859863281 -0.0142326354980469 -0.0230522155761719 0.0492782592773438
0.0619964599609375 0.0196914672851563 -0.0383338928222656 0.0390625
0.0432548522949219 0.0486984252929688 -0.039886474609375 0.0159797668457031
-0.0115547180175781 0.0648765563964844 -0.0282039642333984 -0.00441741943359374
-0.058990478515625 0.0482902526855469 -0.0208473205566406 0.030914306640625
-0.0786285400390625 0.0177993774414062 -0.076873779296875 0.0569839477539063
-0.0327262878417969 -0.0443191528320312 -0.0436630249023438 0.0965652465820313
-0.0478706359863281 -0.0219383239746094 -0.0465850830078125 0.113113403320313
-0.0440902709960938 0.00521087646484375 0.00466156005859374 0.086456298828125
-0.0259857177734375 0.0376472473144531 0.0208091735839844 0.0481109619140625
0.0088043212890625 0.04119873046875 0.011469841003418 0.0139503479003906
0.0447959899902344 0.0233497619628906 -0.00635623931884766 0.0113563537597656
0.0497474670410156 -0.00329971313476563 -0.0198230743408203 0.0338916778564453
0.0434455871582031 -0.00851821899414063 -0.021270751953125 0.0515861511230469
0.0494422912597656 -0.013153076171875 -0.0256538391113281 0.0627250671386719
0.0561485290527344 -0.0017242431640625 -0.0408210754394531 0.0563507080078125
0.0491485595703125 0.0238800048828125 -0.0523796081542969 0.0391578674316406
0.0293388366699219 0.0489425659179688 -0.0486297607421875 0.0119476318359375
-0.0242958068847656 0.0539093017578125 -0.0324344635009766 -0.00541496276855469
-0.0647048950195313 0.0221748352050781 -0.034332275390625 0.0327262878417969
-0.0709915161132813 -0.017730712890625 -0.0978164672851563 0.0516891479492188
0.0332756042480469 0.0487632751464844 0.0992431640625 -0.0522003173828125
0.063323974609375 -0.00352096557617188 0.0490951538085938 -0.0218353271484375
0.0247993469238281 -0.0420074462890625 0.0390739440917969 0.0088958740234375
-0.0107612609863281 -0.0405998229980469 0.0690727233886719 -0.00170135498046875
-0.0294036865234375 -0.0235443115234375 0.0740509033203125 -0.03570556640625
-0.0453300476074219 -0.00202178955078124 0.0555000305175781 -0.0675315856933594
-0.0359535217285156 0.003204345703125 0.0367507934570313 -0.0781097412109375
-0.0309581756591797 -0.00171470642089844 0.0280075073242187 -0.0613975524902344
-0.0394515991210938 -0.0118865966796875 0.0282707214355469 -0.0407295227050781
-0.0202388763427734 -0.034759521484375 0.0218009948730469 -0.0188179016113281
0.0141410827636719 -0.0390968322753906 -0.0048518180847168 -0.00875949859619141
0.0373649597167969 -0.0197563171386719 -0.0178356170654297 -0.0335750579833984
0.0474739074707031 0.0261878967285156 0.0011138916015625 -0.085357666015625
0.0333480834960938 0.0623283386230469 0.0374679565429688 -0.109268188476563
0.00308990478515624 0.0722885131835937 0.044891357421875 -0.0836334228515625
0.000671386718749998 0.0756454467773438 0.107818603515625 -0.0271377563476563
0.0492324829101563 0.0357589721679688 0.0582313537597656 -0.00194549560546875
0.0329303741455078 -0.00955009460449219 0.0477981567382812 0.021087646484375
0.0135669708251953 -0.0215721130371094 0.0814132690429688 0.008575439453125
-0.000873565673828125 -0.0208282470703125 0.087860107421875 -0.0303955078125
-0.0182971954345703 -0.0195255279541016 0.0687942504882813 -0.06884765625
-0.0150489807128906 -0.0198593139648438 0.0475692749023438 -0.0781097412109375
-0.00866317749023438 -0.0205307006835938 0.0360984802246094 -0.0615158081054687
-0.0120830535888672 -0.0300006866455078 0.0368270874023438 -0.0358009338378906
0.00934982299804688 -0.0388526916503906 0.0286788940429688 -0.0110950469970703
0.0398941040039063 -0.027069091796875 -0.00307250022888183 0.00243782997131347
0.0528373718261719 0.00263595581054687 -0.0219936370849609 -0.0179882049560547
0.0410575866699219 0.0537681579589844 -0.0148239135742187 -0.0715713500976563
0.01141357421875 0.0901641845703125 0.0218429565429688 -0.0894241333007813
-0.0241165161132813 0.0951385498046875 0.0330390930175781 -0.0570487976074219
-0.0369873046875 0.090484619140625 0.1043701171875 0.00791931152343751
0.0186309814453125 0.07354736328125 0.0589866638183594 0.0286941528320313
0.031005859375 0.0302352905273438 0.0543327331542969 0.03985595703125
0.037567138671875 0.00807952880859375 0.0909957885742188 0.0237350463867188
0.030303955078125 -0.0114364624023437 0.0948028564453125 -0.018768310546875
0.0151538848876953 -0.0302982330322266 0.0765380859375 -0.06207275390625
0.00917434692382813 -0.0395660400390625 0.0535011291503906 -0.0696640014648438
0.0141944885253906 -0.0353469848632812 0.0390396118164063 -0.0497894287109375
0.0140914916992187 -0.0436859130859375 0.0363998413085938 -0.0243949890136719
0.0341949462890625 -0.0428352355957031 0.0275344848632813 0.000366210937499997
0.0578575134277344 -0.0180130004882813 -0.00524616241455078 0.0139122009277344
0.0643424987792969 0.015869140625 -0.0263748168945312 -0.00292205810546875
0.0381698608398438 0.0691719055175781 -0.0286483764648438 -0.0529861450195312
-0.001922607421875 0.104507446289063 0.00663375854492188 -0.0624923706054687
-0.0450363159179688 0.106597900390625 0.0126380920410156 -0.0265998840332031
-0.0708465576171875 0.0886459350585938 0.08367919921875 0.0480194091796875
-0.017333984375 0.0959854125976563 0.0479278564453125 0.0656280517578125
0.0165252685546875 0.0690536499023438 0.0536689758300781 0.0629348754882813
0.0533294677734375 0.0435791015625 0.0908203125 0.041778564453125
0.0573616027832031 0.005157470703125 0.09014892578125 -0.0042572021484375
0.0494232177734375 -0.0355033874511719 0.074432373046875 -0.0472869873046875
0.0331230163574219 -0.0517654418945313 0.0510330200195313 -0.0511589050292969
0.0342903137207031 -0.0440597534179688 0.0349159240722656 -0.0315628051757813
0.0359153747558594 -0.0523948669433594 0.0298976898193359 -0.00655174255371094
0.0540084838867187 -0.0430145263671875 0.0214405059814453 0.0136203765869141
0.0689582824707031 -0.0102157592773437 -0.00888442993164062 0.0260086059570313
0.0691146850585938 0.0256614685058594 -0.0284843444824219 0.00856399536132812
0.03411865234375 0.0745697021484375 -0.0338878631591797 -0.0345077514648438
-0.0139923095703125 0.107093811035156 -0.0023956298828125 -0.0317649841308594
-0.059478759765625 0.105339050292969 -0.00729608535766602 0.00605869293212891
-0.0925369262695312 0.0699996948242188 0.047698974609375 0.0824127197265625
-0.0536575317382813 0.0960617065429688 0.0202865600585938 0.0998458862304688
-0.006256103515625 0.089691162109375 0.0441360473632812 0.0836944580078125
0.0491943359375 0.0721588134765625 0.0755462646484375 0.0566940307617188
0.072845458984375 0.0269012451171875 0.0746841430664063 0.0096588134765625
0.072479248046875 -0.0279159545898437 0.0612640380859375 -0.0279731750488281
0.0533905029296875 -0.0532035827636719 0.0396041870117187 -0.0234146118164063
0.0488395690917969 -0.047210693359375 0.0242462158203125 -0.00758743286132813
0.0524826049804688 -0.0532112121582031 0.0202312469482422 0.0129241943359375
0.0660400390625 -0.0406341552734375 0.0108604431152344 0.0261116027832031
0.0749664306640625 -0.00281524658203125 -0.0154495239257812 0.0321693420410156
0.0696792602539063 0.0346145629882813 -0.0296249389648438 0.0167503356933594
0.0244216918945313 0.0767059326171875 -0.0308818817138672 -0.0183506011962891
-0.0268783569335938 0.0968093872070313 -0.00393986701965332 -0.00303411483764648
-0.0703811645507813 0.0889358520507813 -0.0291938781738281 0.0347900390625
-0.0930023193359375 0.0366668701171875 0.011566162109375 0.105941772460937
-0.0757369995117188 0.070831298828125 -0.00980377197265624 0.121681213378906
-0.0322647094726563 0.0840072631835938 0.0259857177734375 0.0943374633789063
0.027984619140625 0.083526611328125 0.0549583435058594 0.0637855529785156
0.0663414001464844 0.0437850952148438 0.0512046813964844 0.01934814453125
0.0826034545898438 -0.0132827758789063 0.0395088195800781 -0.00958633422851562
0.06427001953125 -0.046661376953125 0.0202293395996094 0.00224685668945312
0.0552558898925781 -0.0421104431152344 0.0108184814453125 0.0181198120117187
0.0624046325683594 -0.0478553771972656 0.00746726989746094 0.0332736968994141
0.0719680786132813 -0.033111572265625 -0.00424575805664063 0.0381813049316406
0.0748291015625 0.0068206787109375 -0.0248222351074219 0.0375823974609375
0.061798095703125 0.042816162109375 -0.0327281951904297 0.0187206268310547
0.0101394653320312 0.0760955810546875 -0.0277347564697266 -0.0103435516357422
-0.0431137084960937 0.081756591796875 -0.00764846801757813 0.0199356079101563
-0.0787887573242187 0.0629119873046875 -0.0518684387207031 0.0548057556152344
-0.0747146606445313 -0.00306701660156251 -0.02099609375 0.112846374511719
-0.0738983154296875 0.0291595458984375 -0.0333099365234375 0.128852844238281
-0.0459213256835938 0.05322265625 0.0142135620117187 0.0959625244140625
0.00141143798828125 0.0725936889648438 0.0339164733886719 0.0602149963378906
0.0442008972167969 0.0489425659179688 0.0271224975585938 0.0205421447753906
0.0733108520507813 0.00342559814453125 0.0139293670654297 0.00712203979492188
0.0627593994140625 -0.0309715270996094 0.000680923461914066 0.0232486724853516
0.0544319152832031 -0.0305404663085938 -0.00500869750976562 0.0397834777832031
0.0608367919921875 -0.0374679565429688 -0.00732040405273437 0.0520858764648438
0.0711669921875 -0.0233230590820312 -0.0220680236816406 0.0511665344238281
0.0702590942382813 0.0149688720703125 -0.0386619567871094 0.0405044555664063
0.0536384582519531 0.0483055114746094 -0.0388374328613281 0.017303466796875
-0.00568389892578125 0.0722122192382813 -0.0272617340087891 -0.00501823425292969
-0.0589599609375 0.0594520568847656 -0.0158538818359375 0.0326366424560547
-0.083404541015625 0.0280227661132812 -0.075408935546875 0.0653762817382813
-0.0417060852050781 -0.0421142578125 -0.0392227172851563 0.106788635253906
-0.0567550659179687 -0.0173454284667969 -0.0427322387695313 0.120674133300781
-0.0493087768554688 0.0119819641113281 0.00738525390624999 0.0868759155273437
-0.0210075378417969 0.0459976196289063 0.0228309631347656 0.0480384826660156
0.0159645080566406 0.0438041687011719 0.0103321075439453 0.0166730880737305
0.0486907958984375 0.0171356201171875 -0.00865173339843749 0.0150432586669922
0.0519866943359375 -0.0104217529296875 -0.0184097290039062 0.0390739440917969
0.045440673828125 -0.0152206420898437 -0.0176734924316406 0.05609130859375
0.0522575378417969 -0.0211029052734375 -0.0243110656738281 0.0675201416015625
0.0602035522460938 -0.008880615234375 -0.0397834777832031 0.0594215393066406
0.0560569763183594 0.0193290710449219 -0.0532722473144531 0.0418281555175781
0.038238525390625 0.048370361328125 -0.0506629943847656 0.0131797790527344
-0.020538330078125 0.0616569519042969 -0.0320186614990234 -0.00425529479980469
-0.0670700073242188 0.0319747924804688 -0.0315055847167969 0.0369644165039062
-0.0767822265625 -0.0092926025390625 -0.0982589721679687 0.0622482299804687
0.0367469787597656 0.0462303161621094 0.0959396362304688 -0.0636978149414063
0.0633926391601563 -0.0125732421875 0.0436286926269531 -0.0279693603515625
0.0202064514160156 -0.0443077087402344 0.03704833984375 0.00649642944335937
-0.0176200866699219 -0.0392723083496094 0.0709762573242188 -0.0065155029296875
-0.0311489105224609 -0.0199909210205078 0.0755233764648438 -0.0435943603515625
-0.0457191467285156 0.00471496582031251 0.0517120361328125 -0.0753631591796875
-0.0358734130859375 0.00724029541015624 0.0304031372070313 -0.0843429565429687
-0.0311164855957031 0.00146293640136719 0.0244789123535156 -0.0681838989257813
-0.0400276184082031 -0.00508117675781251 0.0261764526367188 -0.0477371215820312
-0.0243568420410156 -0.0300445556640625 0.0223140716552734 -0.0239334106445313
0.00805282592773437 -0.0420570373535156 -0.00270271301269531 -0.0138883590698242
0.0337085723876953 -0.0253791809082031 -0.0176639556884766 -0.0301342010498047
0.0518608093261719 0.0195541381835938 -0.0020904541015625 -0.0856475830078125
0.0428657531738281 0.0589599609375 0.0284500122070313 -0.111228942871094
0.0125617980957031 0.0701560974121094 0.0401077270507813 -0.0912399291992188
0.00876617431640625 0.0749893188476563 0.107368469238281 -0.0424880981445312
0.0511474609375 0.0311698913574219 0.0562171936035156 -0.0124588012695312
0.0300407409667969 -0.0125560760498047 0.0486831665039063 0.0186576843261719
0.0129871368408203 -0.0214004516601562 0.082763671875 0.00293731689453125
-0.00353622436523437 -0.0200347900390625 0.0867233276367188 -0.038543701171875
-0.0179595947265625 -0.0165290832519531 0.066314697265625 -0.0788192749023438
-0.0152044296264648 -0.0163803100585937 0.0415420532226563 -0.0869216918945313
-0.0100536346435547 -0.0196361541748047 0.0301551818847656 -0.0682334899902344
-0.0154838562011719 -0.0275001525878906 0.0308647155761719 -0.0417900085449219
0.00698471069335938 -0.0404624938964844 0.0289287567138672 -0.0175037384033203
0.0342540740966797 -0.0329322814941406 0.00123763084411621 -0.0027618408203125
0.0533256530761719 -0.0041961669921875 -0.0199966430664063 -0.0191020965576172
0.0484085083007813 0.0476608276367188 -0.0198898315429687 -0.0702095031738281
0.0214996337890625 0.0898818969726563 0.0152740478515625 -0.0923309326171875
-0.0136795043945313 0.0988845825195312 0.0327911376953125 -0.0631599426269531
-0.0315704345703125 0.0962677001953125 0.109146118164063 -0.00406646728515624
0.0267257690429688 0.070892333984375 0.0610466003417969 0.0196456909179688
0.0319232940673828 0.0289649963378906 0.0561180114746094 0.0368385314941406
0.0396232604980469 0.00719833374023438 0.0930404663085938 0.017578125
0.0309047698974609 -0.012725830078125 0.094482421875 -0.0302200317382813
0.0146865844726563 -0.0341587066650391 0.073089599609375 -0.0718002319335938
0.00582122802734375 -0.0409812927246094 0.0491714477539063 -0.0787734985351563
0.01116943359375 -0.0371170043945313 0.0334243774414063 -0.0593376159667969
0.00942611694335938 -0.0453376770019531 0.0328083038330078 -0.0346412658691406
0.0313949584960938 -0.0449333190917969 0.0278644561767578 -0.00897407531738282
0.0565528869628906 -0.0240058898925781 -0.00104713439941406 0.0084695816040039
0.0674247741699219 0.0110435485839844 -0.0245189666748047 -0.00348472595214843
0.0467681884765625 0.066741943359375 -0.0296096801757812 -0.0510902404785156
0.00887298583984374 0.108154296875 0.00282669067382813 -0.0661811828613281
-0.0348281860351563 0.113395690917969 0.0134830474853516 -0.0312175750732422
-0.0653228759765625 0.096923828125 0.090789794921875 0.038818359375
-0.0117874145507812 0.0999374389648438 0.0507316589355469 0.05889892578125
0.02313232421875 0.071746826171875 0.05712890625 0.0604743957519531
0.0594024658203125 0.0423736572265625 0.0929412841796875 0.0365753173828125
0.0621490478515625 0.00165176391601562 0.0934066772460938 -0.014373779296875
0.0473136901855469 -0.0400657653808594 0.0702552795410156 -0.0567474365234375
0.030975341796875 -0.05731201171875 0.0468559265136719 -0.0595130920410156
0.0330734252929688 -0.0497665405273438 0.0313568115234375 -0.0379257202148438
0.0324363708496094 -0.0579376220703125 0.0297698974609375 -0.0147953033447266
0.0502586364746094 -0.0507583618164063 0.021575927734375 0.0050048828125
0.0723114013671875 -0.016387939453125 -0.00544738769531249 0.0200119018554688
0.0738754272460938 0.01800537109375 -0.0247001647949219 0.0100116729736328
0.0418853759765625 0.0748443603515625 -0.0365104675292969 -0.0316352844238281
-0.00642395019531251 0.108688354492188 -0.000925064086914065 -0.0347213745117187
-0.0482940673828125 0.116294860839844 -0.00387883186340332 0.00430274009704591
-0.0885238647460937 0.08245849609375 0.058807373046875 0.07733154296875
-0.0463943481445313 0.107673645019531 0.0327835083007813 0.0953903198242188
0.000473022460937492 0.0954742431640625 0.0470352172851562 0.0798263549804688
0.05987548828125 0.0747146606445313 0.080657958984375 0.051849365234375
0.0788955688476563 0.0223541259765625 0.0762557983398437 0.00513458251953125
0.0732345581054688 -0.035308837890625 0.05816650390625 -0.0368309020996094
0.0516433715820312 -0.0594367980957031 0.0357093811035156 -0.0283393859863281
0.0453910827636719 -0.0539703369140625 0.0228099822998047 -0.0124778747558594
0.0494232177734375 -0.0601539611816406 0.0204639434814453 0.00735092163085937
0.065185546875 -0.0514640808105469 0.0110378265380859 0.0219764709472656
0.0774688720703125 -0.0090789794921875 -0.0134391784667969 0.0281867980957031
0.0771484375 0.0291900634765625 -0.0266952514648437 0.0174045562744141
0.0341720581054688 0.0782546997070313 -0.0327663421630859 -0.0192394256591797
-0.01727294921875 0.107101440429688 -0.00107336044311524 -0.00444746017456054
-0.0675888061523438 0.100852966308594 -0.023773193359375 0.0365333557128906
-0.092132568359375 0.0491561889648438 0.0224075317382812 0.103904724121094
-0.0727767944335938 0.084014892578125 0.002777099609375 0.121536254882813
-0.0256576538085938 0.0937042236328125 0.0355453491210937 0.0931396484375
0.0403518676757813 0.0865859985351562 0.0597648620605469 0.0615310668945313
0.0754013061523438 0.0373382568359375 0.0509567260742188 0.0159416198730469
0.08551025390625 -0.021942138671875 0.0385017395019531 -0.0108833312988281
0.0625343322753906 -0.0550918579101563 0.0233306884765625 -0.000471115112304691
0.0526885986328125 -0.050872802734375 0.0112514495849609 0.0157699584960938
0.0580825805664063 -0.0597267150878906 0.00734138488769532 0.0302143096923828
0.0732955932617187 -0.0420761108398437 -0.00258636474609374 0.0369338989257813
0.0832061767578125 -0.00341796875 -0.0240516662597656 0.0380020141601563
0.0712661743164063 0.0386962890625 -0.0293502807617188 0.0200634002685547
0.0188369750976562 0.0792999267578125 -0.0268020629882813 -0.00834274291992188
-0.0387802124023438 0.091217041015625 -0.00425338745117188 0.0210132598876953
-0.0775833129882813 0.0745620727539063 -0.0468521118164063 0.0603294372558594
-0.0808563232421875 0.00454711914062502 -0.01123046875 0.118087768554688
-0.076812744140625 0.039703369140625 -0.0217361450195312 0.132232666015625
-0.0431365966796875 0.0658187866210938 0.0202789306640625 0.0963134765625
0.0098876953125 0.0777664184570313 0.0374298095703125 0.0581855773925781
0.0523452758789062 0.0465240478515625 0.0274696350097656 0.0181446075439453
0.0768814086914063 -0.005767822265625 0.0118122100830078 0.00516223907470703
0.0615310668945313 -0.0415763854980469 0.00358963012695313 0.0255947113037109
0.0518074035644531 -0.039398193359375 -0.00128936767578125 0.0402297973632813
0.0591812133789062 -0.0499153137207031 -0.00478363037109375 0.0537033081054687
0.0701637268066406 -0.0325050354003906 -0.0190620422363281 0.052581787109375
0.0740203857421875 0.0064849853515625 -0.038116455078125 0.0439033508300781
0.059906005859375 0.0440292358398438 -0.0385971069335937 0.0169486999511719
0.000999450683593747 0.0751419067382812 -0.0258464813232422 -0.00582122802734374
-0.0542984008789063 0.0703125 -0.00926589965820313 0.0332698822021484
-0.0819320678710938 0.0400238037109375 -0.07061767578125 0.0715103149414063
-0.048980712890625 -0.0356330871582031 -0.0306777954101563 0.114234924316406
-0.0594863891601563 -0.00769805908203125 -0.03472900390625 0.124534606933594
-0.0492820739746094 0.0212821960449219 0.0117645263671875 0.088714599609375
-0.0179786682128906 0.0515289306640625 0.0241966247558594 0.0500030517578125
0.0240898132324219 0.0463180541992188 0.0100278854370117 0.0139436721801758
0.0557518005371094 0.0113639831542969 -0.00969123840332031 0.0191364288330078
0.051727294921875 -0.019195556640625 -0.0149803161621094 0.0410881042480469
0.0449295043945312 -0.0223922729492188 -0.0126457214355469 0.0597915649414063
0.0493087768554687 -0.0293731689453125 -0.0174713134765625 0.0686378479003906
0.0598945617675781 -0.0168113708496094 -0.0366363525390625 0.0645027160644531
0.0601654052734375 0.0145950317382813 -0.0543098449707031 0.0476417541503906
0.0466728210449219 0.0460357666015625 -0.048370361328125 0.0169563293457031
-0.0175857543945313 0.0640373229980469 -0.0343379974365234 -0.00428581237792968
-0.0660400390625 0.0414848327636719 -0.0282058715820312 0.0442886352539062
-0.0789413452148438 -5.34057617187595E-05 -0.0982818603515625 0.0737762451171875
0.0425872802734375 0.0386085510253906 0.090911865234375 -0.0715179443359375
0.0603828430175781 -0.0186424255371094 0.0395736694335938 -0.0319137573242188
0.0141181945800781 -0.0469741821289063 0.0382118225097656 0.00506210327148437
-0.0221900939941406 -0.037750244140625 0.0681381225585938 -0.00928497314453125
-0.0360298156738281 -0.0159950256347656 0.07049560546875 -0.0480880737304688
-0.04376220703125 0.0096435546875 0.0485076904296875 -0.07843017578125
-0.0328102111816406 0.0127334594726562 0.0230484008789063 -0.0881576538085938
-0.0310382843017578 0.00681304931640626 0.0176544189453125 -0.0710220336914063
-0.0407257080078125 -0.000267028808593759 0.0210762023925781 -0.0506629943847656
-0.0283050537109375 -0.0260505676269531 0.0197677612304687 -0.0293960571289063
0.00136947631835938 -0.0419502258300781 -0.00131320953369141 -0.0147905349731445
0.0305728912353516 -0.0284061431884766 -0.0151004791259766 -0.0319881439208984
0.0520896911621094 0.0122795104980469 -0.0078125 -0.083587646484375
0.0498619079589844 0.0501899719238281 0.0218124389648438 -0.114822387695313
0.0223274230957031 0.0669937133789063 0.0349502563476562 -0.0960006713867188
0.01397705078125 0.0749969482421875 0.105598449707031 -0.050201416015625
0.0522575378417969 0.0238609313964844 0.0518074035644531 -0.0169677734375
0.0267715454101563 -0.0135593414306641 0.04888916015625 0.0160293579101563
0.00766372680664063 -0.0203800201416016 0.0826492309570313 -0.0026702880859375
-0.0049285888671875 -0.0176315307617188 0.0841064453125 -0.0452728271484375
-0.0180416107177734 -0.0113925933837891 0.0587158203125 -0.0823898315429688
-0.0158233642578125 -0.0142002105712891 0.033966064453125 -0.0921478271484375
-0.0106296539306641 -0.0173091888427734 0.0242996215820312 -0.072509765625
-0.0166912078857422 -0.0238914489746094 0.0262298583984375 -0.0495338439941406
0.000999450683593749 -0.0376548767089844 0.0262794494628906 -0.0248470306396484
0.0322742462158203 -0.0341701507568359 0.00205183029174805 -0.00482940673828125
0.0502510070800781 -0.00861358642578125 -0.0170860290527344 -0.0180034637451172
0.051422119140625 0.0432968139648438 -0.0210838317871094 -0.0657882690429688
0.030242919921875 0.08551025390625 0.0083465576171875 -0.0929031372070313
-0.002532958984375 0.0975189208984375 0.0271835327148438 -0.0698509216308594
-0.0237274169921875 0.0986404418945313 0.10772705078125 -0.0166397094726562
0.0304718017578125 0.069244384765625 0.0594558715820312 0.0132408142089844
0.033660888671875 0.0282115936279297 0.0570564270019531 0.03192138671875
0.0386238098144531 0.00451278686523438 0.0928726196289063 0.0123062133789063
0.0302772521972656 -0.0144119262695313 0.0924148559570313 -0.0348281860351563
0.0119533538818359 -0.0307025909423828 0.06719970703125 -0.0773696899414063
0.00437545776367188 -0.040130615234375 0.040435791015625 -0.0837478637695313
0.0083160400390625 -0.0380668640136719 0.02764892578125 -0.0628890991210938
0.00741958618164063 -0.046173095703125 0.0289382934570313 -0.0372734069824219
0.0261039733886719 -0.0479660034179688 0.0258998870849609 -0.0141410827636719
0.0539779663085938 -0.028533935546875 0.000514507293701174 0.00619029998779297
0.0676460266113281 0.00506591796875 -0.0189380645751953 -0.00395774841308594
0.0515365600585937 0.0626487731933594 -0.030029296875 -0.0479850769042969
0.0178375244140625 0.106338500976563 -0.000961303710937502 -0.06585693359375
-0.0236358642578125 0.116279602050781 0.0138626098632813 -0.035675048828125
-0.0591506958007813 0.105972290039063 0.0946273803710938 0.0263748168945313
-0.00189208984375001 0.103309631347656 0.0547828674316406 0.0518646240234375
0.0289154052734375 0.0727157592773438 0.0583114624023438 0.0542259216308594
0.0630226135253906 0.0373725891113281 0.094146728515625 0.029022216796875
0.0626335144042969 -0.00295639038085937 0.0906753540039063 -0.0194015502929688
0.0444564819335938 -0.0440139770507813 0.0652694702148438 -0.0632438659667969
0.0260162353515625 -0.0585708618164063 0.0412254333496094 -0.0632400512695313
0.0278511047363281 -0.0538177490234375 0.0260887145996094 -0.0429420471191406
0.0277214050292969 -0.0610771179199219 0.0268058776855469 -0.0183238983154297
0.0473976135253906 -0.0550498962402344 0.0213890075683594 0.00103759765625
0.0709152221679688 -0.0238113403320313 -0.00354957580566406 0.0176200866699219
0.07696533203125 0.0134735107421875 -0.0208988189697266 0.00789833068847656
0.0488510131835938 0.0724639892578125 -0.03436279296875 -0.0299797058105469
0.0072021484375 0.113410949707031 -0.00283432006835938 -0.0350055694580078
-0.0404129028320313 0.119766235351563 -0.000182986259460452 0.000409424304962166
-0.085693359375 0.0937881469726563 0.0674972534179688 0.0703582763671875
-0.0388412475585938 0.112754821777344 0.036956787109375 0.0896530151367188
0.00748443603515626 0.0996780395507813 0.0514984130859375 0.0755767822265625
0.0664482116699219 0.0696907043457031 0.0841827392578125 0.0462265014648438
0.0807876586914062 0.0155487060546875 0.0757064819335938 7.62939453125095E-06
0.070587158203125 -0.0430526733398438 0.0541496276855469 -0.0395584106445312
0.0463447570800781 -0.0664939880371094 0.0337028503417969 -0.0346336364746094
0.0430984497070313 -0.060394287109375 0.0208778381347656 -0.0164623260498047
0.0458946228027344 -0.0676002502441406 0.0185337066650391 0.0030670166015625
0.0614814758300781 -0.0561752319335938 0.0111484527587891 0.0163335800170898
0.0796890258789062 -0.0185775756835937 -0.0102729797363281 0.027374267578125
0.0803604125976562 0.0221176147460938 -0.0241527557373047 0.0140419006347656
0.0397186279296875 0.0783920288085938 -0.0302791595458984 -0.0166606903076172
-0.0084228515625 0.109390258789062 0.000190258026123047 -0.00594186782836913
-0.0553131103515625 0.107612609863281 -0.0189743041992188 0.0344104766845703
-0.0934371948242188 0.0592880249023438 0.0320281982421875 0.101654052734375
-0.065521240234375 0.0916595458984375 0.0106887817382812 0.118217468261719
-0.0189132690429688 0.0987091064453125 0.0371322631835938 0.0887832641601563
0.0482406616210938 0.0847930908203125 0.0626335144042969 0.0560264587402344
0.0786666870117188 0.03271484375 0.0529556274414063 0.0127372741699219
0.0808792114257813 -0.0317916870117188 0.0354461669921875 -0.0149040222167969
0.0553245544433594 -0.06304931640625 0.0203037261962891 -0.00414276123046875
0.0487937927246094 -0.0577888488769531 0.010869026184082 0.0130805969238281
0.0537605285644531 -0.0659103393554688 0.00794792175292969 0.0296840667724609
0.0697441101074219 -0.0521392822265625 -0.00221061706542968 0.0343837738037109
0.080322265625 -0.0107574462890625 -0.0213699340820312 0.0360488891601562
0.075469970703125 0.03033447265625 -0.0285892486572266 0.0172863006591797
0.02703857421875 0.0795059204101563 -0.0260410308837891 -0.00926780700683594
-0.027984619140625 0.09674072265625 -0.00129127502441406 0.0163860321044922
-0.0694961547851563 0.0843734741210937 -0.03875732421875 0.0613937377929688
-0.0807876586914063 0.0145645141601563 -0.0012664794921875 0.117355346679687
-0.0733489990234375 0.0499801635742188 -0.0120925903320313 0.130569458007813
-0.0389862060546875 0.0718231201171875 0.023651123046875 0.0901718139648438
0.0202407836914063 0.0777053833007813 0.0404052734375 0.0555419921875
0.0592498779296875 0.042083740234375 0.027374267578125 0.0192489624023438
0.0755996704101563 -0.0153121948242188 0.0133771896362305 0.00548553466796875
0.0572624206542969 -0.0485153198242188 0.00384712219238282 0.0235881805419922
0.04888916015625 -0.046722412109375 0.00161361694335938 0.0387611389160156
0.0540809631347656 -0.05517578125 -0.003631591796875 0.0520973205566406
0.0684051513671875 -0.0415306091308594 -0.0169181823730469 0.0506744384765625
0.0763320922851563 -0.00124359130859375 -0.0341873168945312 0.0430641174316406
0.0667495727539063 0.038177490234375 -0.0375175476074219 0.0183563232421875
0.00958251953125 0.0778045654296875 -0.0259132385253906 -0.00500869750976562
-0.048065185546875 0.0789031982421875 -0.00781631469726563 0.0333747863769531
-0.080322265625 0.0507278442382813 -0.0635147094726563 0.077239990234375
-0.056121826171875 -0.0308456420898437 -0.0239181518554687 0.116142272949219
-0.062164306640625 -0.000164031982421888 -0.0241546630859375 0.1280517578125
-0.0495643615722656 0.0280914306640625 0.0165252685546875 0.0830764770507813
-0.0103187561035156 0.0554733276367187 0.0254554748535156 0.0478477478027344
0.02880859375 0.0405464172363281 0.0081930160522461 0.0165586471557617
0.0556793212890625 0.00352096557617187 -0.00810623168945312 0.0200481414794922
0.0488357543945313 -0.0261383056640625 -0.0116233825683594 0.0446395874023438
0.0413818359375 -0.0272293090820313 -0.00817108154296875 0.060089111328125
0.0472221374511719 -0.0356101989746094 -0.0150299072265625 0.0723190307617187
0.058380126953125 -0.0263519287109375 -0.0342597961425781 0.0658226013183594
0.0630416870117188 0.00654220581054688 -0.0495071411132812 0.0494270324707031
0.0514488220214844 0.0394058227539063 -0.0491104125976563 0.0175590515136719
-0.00699996948242188 0.0676193237304688 -0.0313663482666016 -0.00353622436523437
-0.0597267150878906 0.0513572692871094 -0.0209236145019531 0.0422592163085938
-0.08050537109375 0.0109634399414062 -0.0893020629882813 0.0808334350585937
0.0434455871582031 0.0344619750976563 0.0857696533203125 -0.0748825073242188
0.0554084777832031 -0.0225181579589844 0.0348033905029297 -0.0334892272949219
0.009063720703125 -0.0466194152832031 0.0356826782226563 0.00562286376953125
-0.0240325927734375 -0.0350265502929688 0.0670356750488281 -0.011474609375
-0.0354194641113281 -0.0119667053222656 0.0685272216796875 -0.0499610900878906
-0.0410614013671875 0.0141372680664062 0.0439071655273438 -0.0794906616210938
-0.0301837921142578 0.0148811340332031 0.0188674926757812 -0.087860107421875
-0.0273647308349609 0.00844001770019531 0.0125732421875 -0.071319580078125
-0.0380935668945313 0.00393676757812499 0.0159988403320313 -0.0526580810546875
-0.0297584533691406 -0.0212841033935547 0.0177841186523437 -0.0333805084228516
-0.0024871826171875 -0.0399894714355469 -0.000892639160156249 -0.0172548294067383
0.0265941619873047 -0.0301647186279297 -0.0137443542480469 -0.0329608917236328
0.0523109436035156 0.00661087036132812 -0.00880432128906249 -0.079132080078125
0.05181884765625 0.04364013671875 0.0169754028320313 -0.111862182617188
0.0259132385253906 0.0632171630859375 0.0304718017578125 -0.0973358154296875
0.0166397094726563 0.0710678100585938 0.101051330566406 -0.0561981201171875
0.0503044128417969 0.0216560363769531 0.0480422973632813 -0.0192985534667969
0.0244216918945312 -0.0132427215576172 0.0458755493164063 0.0148277282714844
0.00614356994628906 -0.0199680328369141 0.0808639526367188 -0.00415802001953125
-0.00617885589599609 -0.0167455673217773 0.0807037353515625 -0.04815673828125
-0.0178928375244141 -0.00835418701171875 0.054840087890625 -0.084564208984375
-0.0149106979370117 -0.0128669738769531 0.0275726318359375 -0.0928802490234375
-0.0108118057250977 -0.0160388946533203 0.017822265625 -0.073638916015625
-0.0172901153564453 -0.02142333984375 0.0224761962890625 -0.052001953125
-0.0010833740234375 -0.0351181030273438 0.0246982574462891 -0.0292434692382813
0.0275764465332031 -0.0344905853271484 0.00300025939941406 -0.00874137878417969
0.0487442016601563 -0.0108146667480469 -0.0145416259765625 -0.0195751190185547
0.0522727966308594 0.0386009216308594 -0.0201683044433594 -0.0633354187011719
0.0352325439453125 0.080474853515625 0.006927490234375 -0.0918350219726562
0.00249481201171876 0.0950469970703125 0.025115966796875 -0.0719757080078125
-0.0181732177734375 0.0989990234375 0.104652404785156 -0.0222625732421875
0.0315895080566406 0.0672187805175781 0.0560455322265625 0.00805282592773438
0.0333614349365234 0.0285530090332031 0.0545501708984375 0.0296401977539063
0.0385818481445313 0.00372695922851563 0.0909652709960937 0.008209228515625
0.0293788909912109 -0.0151786804199219 0.0882720947265625 -0.0380630493164063
0.01141357421875 -0.0298233032226563 0.0613021850585938 -0.0802154541015625
0.003814697265625 -0.0395965576171875 0.0337600708007813 -0.0852203369140625
0.00789642333984375 -0.038665771484375 0.0218887329101562 -0.0644035339355469
0.00494384765625 -0.0449333190917969 0.0236663818359375 -0.0412712097167969
0.0239295959472656 -0.0467643737792969 0.0242576599121094 -0.0195331573486328
0.0512542724609375 -0.0309715270996094 0.00124955177307129 0.00138568878173828
0.0662689208984375 0.00119781494140625 -0.0167560577392578 -0.00649261474609375
0.05322265625 0.05889892578125 -0.0291290283203125 -0.0461196899414062
0.0237655639648437 0.103218078613281 -0.00185012817382812 -0.0652236938476563
-0.0167617797851563 0.114265441894531 0.0137405395507813 -0.0390968322753906
-0.0533523559570312 0.108894348144531 0.0938491821289063 0.0198822021484375
0.00193786621093749 0.101737976074219 0.0530471801757812 0.0452003479003906
0.0308151245117188 0.0719146728515625 0.0571365356445313 0.0508918762207031
0.0632972717285156 0.0348548889160156 0.0924148559570312 0.02520751953125
0.0619544982910156 -0.00550079345703125 0.0867233276367188 -0.0224685668945313
0.0418930053710938 -0.0436630249023438 0.0599746704101563 -0.0642433166503906
0.0242881774902344 -0.0598831176757813 0.035247802734375 -0.0653839111328125
0.0245628356933594 -0.0551605224609375 0.0211753845214844 -0.0447616577148438
0.0249862670898438 -0.0618667602539063 0.0211906433105469 -0.0231475830078125
0.0434646606445312 -0.0569686889648437 0.0192050933837891 -0.00418472290039063
0.0684928894042969 -0.0275802612304687 -0.00323772430419921 0.0125255584716797
0.0772628784179688 0.009185791015625 -0.0192546844482422 0.00492286682128906
0.051849365234375 0.0697288513183594 -0.0320987701416016 -0.0292720794677734
0.0132217407226563 0.112373352050781 -0.00282669067382813 -0.0359420776367187
-0.0326766967773437 0.119163513183594 0.000859498977661131 -0.00281000137329101
-0.0796051025390625 0.0974655151367188 0.0687294006347656 0.0630111694335938
-0.0324935913085937 0.114105224609375 0.0384521484375 0.0834808349609375
0.0128097534179688 0.0994186401367188 0.0505828857421875 0.0711898803710938
0.0694580078125 0.064971923828125 0.082061767578125 0.0423736572265625
0.0821533203125 0.0112228393554688 0.0730819702148437 -0.00374603271484375
0.0676307678222656 -0.0465736389160156 0.0501060485839844 -0.041229248046875
0.0410957336425781 -0.0694046020507813 0.0299911499023438 -0.0368843078613281
0.0386772155761719 -0.0627899169921875 0.0177059173583984 -0.0175762176513672
0.0401992797851563 -0.070892333984375 0.015629768371582 0.000874519348144527
0.0578155517578125 -0.0606613159179687 0.0100154876708984 0.0131988525390625
0.07879638671875 -0.0228500366210938 -0.00984191894531249 0.0236053466796875
0.0820846557617188 0.0171585083007813 -0.0216655731201172 0.0115699768066406
0.0442123413085938 0.0758209228515625 -0.0288505554199219 -0.0170917510986328
-0.00254058837890625 0.110595703125 -0.000281810760498047 -0.00728368759155273
-0.0483932495117187 0.109992980957031 -0.0149326324462891 0.0323734283447266
-0.0891571044921875 0.0661468505859375 0.0358047485351563 0.096221923828125
-0.0592880249023438 0.0962142944335937 0.0149765014648438 0.112350463867188
-0.0131072998046875 0.101387023925781 0.0376815795898437 0.0845184326171875
0.053619384765625 0.0808258056640625 0.0616683959960938 0.0526237487792969
0.0819091796875 0.0271987915039063 0.05078125 0.0104331970214844
0.0789260864257812 -0.0373764038085937 0.0326080322265625 -0.0149631500244141
0.0510597229003906 -0.0666694641113281 0.0193653106689453 -0.00535202026367188
0.0455169677734375 -0.0612602233886719 0.0110025405883789 0.0111322402954102
0.048248291015625 -0.0702247619628906 0.00740623474121094 0.0260124206542969
0.0643386840820312 -0.0575790405273437 -0.002471923828125 0.0319023132324219
0.08111572265625 -0.0162887573242188 -0.0204181671142578 0.0331001281738281
0.0783233642578125 0.0258712768554688 -0.0273704528808594 0.0149440765380859
0.0305862426757812 0.0787582397460938 -0.0255222320556641 -0.0104160308837891
-0.0215682983398438 0.100479125976563 0.00217247009277344 0.0149145126342774
-0.0638809204101563 0.0881271362304687 -0.0338973999023438 0.0602493286132813
-0.0805511474609375 0.0213775634765625 0.00527954101562499 0.114387512207031
-0.0694618225097656 0.0559768676757812 -0.00589752197265626 0.125831604003906
-0.0348739624023438 0.0753631591796875 0.0254898071289062 0.0867996215820313
0.0258636474609375 0.0770111083984375 0.0399055480957031 0.0527305603027344
0.0625534057617188 0.0374908447265625 0.0264873504638672 0.0187263488769531
0.0742568969726563 -0.0210952758789063 0.0117673873901367 0.006439208984375
0.0534172058105469 -0.0526390075683594 0.00566864013671875 0.0238037109375
0.0455093383789063 -0.0500373840332031 0.00263214111328125 0.0386238098144531
0.0495185852050781 -0.0594978332519531 -0.00228118896484375 0.0505027770996094
0.0635452270507813 -0.0479965209960938 -0.0161018371582031 0.0500869750976562
0.0756988525390625 -0.0081787109375 -0.0336799621582031 0.0419044494628906
0.0691566467285156 0.0324745178222656 -0.0355186462402344 0.0170631408691406
0.014434814453125 0.077301025390625 -0.025360107421875 -0.00589942932128906
-0.0413055419921875 0.0824737548828125 -0.00434303283691406 0.0314846038818359
-0.0752944946289063 0.0559310913085938 -0.0574111938476563 0.0778656005859375
-0.0589027404785156 -0.0255355834960937 -0.0164260864257813 0.115211486816406
-0.0625228881835938 0.00681686401367187 -0.01776123046875 0.123870849609375
-0.0457382202148437 0.0338325500488281 0.0189132690429687 0.0794143676757812
-0.0041351318359375 0.0557785034179687 0.0246505737304688 0.0457878112792969
0.0324172973632813 0.0373916625976563 0.00775527954101563 0.0185813903808594
0.0553016662597656 -0.00266265869140625 -0.00648689270019531 0.0215320587158203
0.0452384948730469 -0.0306968688964844 -0.00815963745117187 0.0446891784667969
0.0387153625488281 -0.03125 -0.00618743896484375 0.0602302551269531
0.0436058044433594 -0.040130615234375 -0.01171875 0.0709686279296875
0.0547676086425781 -0.0318450927734375 -0.0311203002929688 0.0660285949707031
0.0618705749511719 0.00118255615234375 -0.0477714538574219 0.0490951538085938
0.0527725219726563 0.0349845886230469 -0.0466651916503906 0.0171089172363281
-0.00202560424804687 0.0669746398925781 -0.0304622650146484 -0.00436782836914062
-0.0550308227539063 0.0548171997070312 -0.0164527893066406 0.0414657592773438
-0.07763671875 0.016571044921875 -0.0831756591796875 0.083740234375
0.0442008972167969 0.0324554443359375 0.0839004516601563 -0.0766754150390625
0.0524139404296875 -0.0242996215820313 0.0317897796630859 -0.0337104797363281
0.00740814208984375 -0.0462188720703125 0.0348453521728516 0.00594711303710937
-0.0250701904296875 -0.0324420928955078 0.0660972595214844 -0.0103034973144531
-0.0361785888671875 -0.0105056762695313 0.0680198669433594 -0.0506744384765625
-0.03863525390625 0.0169296264648437 0.0441436767578125 -0.0809555053710937
-0.0284595489501953 0.0159034729003906 0.016845703125 -0.0881423950195313
-0.0258064270019531 0.00938034057617188 0.00981903076171875 -0.0717926025390625
-0.0361747741699219 0.00644683837890625 0.0135688781738281 -0.0542068481445313
-0.0302162170410156 -0.0184326171875 0.0158958435058594 -0.0361137390136719
-0.00458908081054687 -0.0386085510253906 -2.28881835937489E-05 -0.01995849609375
0.024139404296875 -0.0310440063476562 -0.0111942291259766 -0.0335006713867188
0.05133056640625 0.00336074829101563 -0.00669860839843749 -0.0774383544921875
0.0528335571289062 0.0395393371582031 0.0169677734375 -0.110862731933594
0.0280494689941406 0.0594253540039063 0.0290985107421875 -0.0985260009765625
0.0176162719726562 0.0698127746582031 0.0985946655273438 -0.058074951171875
0.0485076904296875 0.0200881958007812 0.0452041625976563 -0.0200080871582031
0.0230998992919922 -0.0130519866943359 0.0444679260253906 0.0143775939941406
0.00532341003417969 -0.0193996429443359 0.0798263549804688 -0.00383758544921875
-0.00591850280761719 -0.0150012969970703 0.079498291015625 -0.048065185546875
-0.0164690017700195 -0.00656700134277344 0.053680419921875 -0.0858306884765625
-0.0137252807617187 -0.0122852325439453 0.0248870849609375 -0.0934982299804688
-0.0100545883178711 -0.0157175064086914 0.0150680541992187 -0.0750656127929688
-0.0159244537353516 -0.0201683044433594 0.0190010070800781 -0.0539169311523438
-0.00187492370605469 -0.0333995819091797 0.0220508575439453 -0.0331535339355469
0.0258159637451172 -0.0344448089599609 0.00327205657958985 -0.0122146606445313
0.047088623046875 -0.0121612548828125 -0.0119152069091797 -0.0215034484863281
0.0519065856933594 0.0361595153808594 -0.0176124572753906 -0.06219482421875
0.0364227294921875 0.07733154296875 0.00629425048828124 -0.0915374755859375
0.00469970703125 0.0925521850585938 0.024932861328125 -0.073944091796875
-0.0160903930664062 0.09912109375 0.102798461914062 -0.0258712768554687
0.0312957763671875 0.0663871765136719 0.0526924133300781 0.00570678710937501
0.0335025787353516 0.0295143127441406 0.0527572631835938 0.0295486450195313
0.0386238098144531 0.00391006469726563 0.0901412963867188 0.0077362060546875
0.0290603637695313 -0.0150375366210938 0.0873184204101563 -0.0391921997070313
0.0116386413574219 -0.0292205810546875 0.059051513671875 -0.0804061889648438
0.00330734252929687 -0.0397453308105469 0.0309906005859375 -0.0864334106445313
0.00746536254882812 -0.0392570495605469 0.0179977416992188 -0.0660514831542969
0.00494384765625 -0.0441131591796875 0.0206832885742188 -0.0434837341308594
0.0230674743652344 -0.0472373962402344 0.0223865509033203 -0.0237045288085938
0.0501785278320313 -0.0315666198730469 0.00154602527618409 -0.00214958190917969
0.0662727355957031 -0.00018310546875 -0.0150413513183594 -0.00927734375
0.0542793273925781 0.0573692321777344 -0.0266036987304687 -0.0455894470214844
0.026214599609375 0.100982666015625 -0.00139236450195313 -0.0654563903808594
-0.0137863159179687 0.112739562988281 0.0149803161621094 -0.0411605834960938
-0.05169677734375 0.110275268554687 0.0928802490234375 0.0164031982421875
0.00337982177734376 0.102622985839844 0.0515632629394531 0.0418701171875
0.0320205688476563 0.072509765625 0.0548591613769531 0.0498542785644531
0.0643081665039063 0.0342216491699219 0.091583251953125 0.0244598388671875
0.0623283386230469 -0.00710296630859375 0.0849380493164063 -0.0230789184570313
0.0415496826171875 -0.0435371398925781 0.057708740234375 -0.0646438598632812
0.0222930908203125 -0.0605392456054687 0.0319900512695313 -0.0660858154296875
0.0239601135253906 -0.0564842224121094 0.0190582275390625 -0.046478271484375
0.023345947265625 -0.0632476806640625 0.0183143615722656 -0.0252799987792969
0.0424880981445313 -0.0577201843261719 0.0173969268798828 -0.00867176055908203
0.06793212890625 -0.0301475524902344 -0.00251770019531249 0.00915908813476562
0.0778121948242188 0.00675201416015625 -0.017277717590332 0.00146007537841797
0.052978515625 0.0686531066894531 -0.0295066833496094 -0.0298519134521484
0.0160064697265625 0.111885070800781 -0.00228881835937499 -0.0368881225585937
-0.0298004150390625 0.119407653808594 0.00233888626098633 -0.0049901008605957
-0.078338623046875 0.100593566894531 0.0692329406738281 0.058990478515625
-0.0300521850585938 0.1148681640625 0.037261962890625 0.0790023803710938
0.0150833129882812 0.101707458496094 0.04864501953125 0.0700225830078125
0.0717697143554688 0.0643310546875 0.0806198120117188 0.0410842895507813
0.0826644897460938 0.0079803466796875 0.0717391967773438 -0.0041961669921875
0.0660514831542969 -0.0479774475097656 0.0476264953613281 -0.040557861328125
0.0392074584960938 -0.0708160400390625 0.0280609130859375 -0.0379257202148438
0.0362930297851563 -0.0650863647460938 0.0160999298095703 -0.0189399719238281
0.037628173828125 -0.0728530883789063 0.0133419036865234 -0.0011587142944336
0.0557022094726563 -0.0634117126464844 0.00767040252685547 0.00982379913330078
0.0783767700195313 -0.0261993408203125 -0.0105018615722656 0.0204143524169922
0.0829010009765625 0.0147018432617188 -0.0215721130371094 0.00839233398437501
0.0461273193359375 0.07525634765625 -0.0274734497070313 -0.01837158203125
0.000762939453125006 0.111587524414063 0.000713348388671876 -0.00970172882080077
-0.0457687377929688 0.111534118652344 -0.0128440856933594 0.0290145874023438
-0.0884246826171875 0.0695114135742188 0.0370025634765625 0.09332275390625
-0.057464599609375 0.0977554321289063 0.0158615112304687 0.1087646484375
-0.01092529296875 0.103202819824219 0.0358428955078125 0.0820388793945313
0.0569229125976563 0.080352783203125 0.0605659484863281 0.0513114929199219
0.0826263427734375 0.0249176025390625 0.0495414733886719 0.0110549926757813
0.0772171020507813 -0.0392990112304688 0.0311431884765625 -0.0158672332763672
0.0487289428710938 -0.0678329467773438 0.0186138153076172 -0.00636100769042969
0.04364013671875 -0.0638465881347656 0.0102386474609375 0.0101041793823242
0.0462646484375 -0.0721588134765625 0.00613021850585938 0.0245742797851563
0.0620269775390625 -0.0606002807617188 -0.00350189208984374 0.0301609039306641
0.0816421508789063 -0.0200958251953125 -0.0208930969238281 0.0314693450927734
0.0806045532226562 0.02294921875 -0.0269184112548828 0.0132160186767578
0.0330734252929688 0.0792160034179688 -0.0249500274658203 -0.0113353729248047
-0.0184860229492188 0.102447509765625 0.00250625610351562 0.0131101608276367
-0.0610733032226562 0.0899429321289063 -0.0313529968261719 0.0576515197753906
-0.0809173583984375 0.0255355834960938 0.00695037841796875 0.112358093261719
-0.068695068359375 0.0593070983886719 -0.00519561767578125 0.123153686523438
-0.0330734252929687 0.078277587890625 0.0229949951171875 0.0847320556640625
0.02996826171875 0.0771026611328125 0.0389328002929688 0.0526847839355469
0.0645523071289063 0.0343971252441406 0.0260124206542969 0.0202922821044922
0.0728530883789063 -0.0245819091796875 0.0118722915649414 0.00711536407470703
0.0506248474121094 -0.0549240112304688 0.00573348999023438 0.0225849151611328
0.0431556701660156 -0.0523719787597656 0.00325393676757813 0.0377426147460938
0.0463371276855469 -0.0615463256835938 -0.0018157958984375 0.0498466491699219
0.0613594055175781 -0.0512046813964844 -0.0167922973632813 0.0489006042480469
0.0759429931640625 -0.0111618041992188 -0.033935546875 0.0408096313476563
0.07098388671875 0.0293121337890625 -0.0359306335449219 0.0152473449707031
0.0178375244140625 0.07757568359375 -0.0251655578613281 -0.00724983215332031
-0.0375900268554688 0.085174560546875 -0.00182151794433594 0.0293922424316406
-0.0727386474609375 0.0585403442382812 -0.0548629760742188 0.0768661499023437
-0.0605545043945312 -0.0222091674804687 -0.0141754150390625 0.114891052246094
-0.0622406005859375 0.00988006591796875 -0.01727294921875 0.121856689453125
-0.0447883605957031 0.0370330810546875 0.0162811279296875 0.078765869140625
-0.000446319580078126 0.0558700561523438 0.0225563049316406 0.0458602905273438
0.0358352661132813 0.03546142578125 0.00681114196777344 0.0206279754638672
0.0545501708984375 -0.00593185424804687 -0.006256103515625 0.0231113433837891
0.0434799194335937 -0.0332984924316406 -0.00591659545898437 0.0450325012207031
0.0368003845214844 -0.0343666076660156 -0.00421524047851562 0.0592689514160156
0.0405540466308594 -0.0426177978515625 -0.010986328125 0.0703811645507813
0.0523948669433594 -0.0345497131347656 -0.0308837890625 0.0653648376464844
0.0629844665527344 -0.0023345947265625 -0.0474929809570312 0.0482864379882813
0.0549774169921875 0.0322303771972656 -0.046783447265625 0.0161399841308594
0.000484466552734376 0.0667304992675781 -0.02978515625 -0.00608253479003905
-0.0519866943359375 0.0580406188964844 -0.0134849548339844 0.0411491394042969
-0.0755996704101563 0.0202255249023437 -0.080535888671875 0.0839309692382813
0.045501708984375 0.0307273864746094 0.0846710205078125 -0.0789260864257813
0.0520858764648438 -0.0262527465820313 0.0302085876464844 -0.0333614349365234
0.00551605224609375 -0.0462722778320312 0.0346813201904297 0.00794792175292968
-0.0276412963867188 -0.0318737030029297 0.0673332214355469 -0.00937652587890625
-0.0369873046875 -0.00820541381835938 0.0697288513183594 -0.052032470703125
-0.0389862060546875 0.0185966491699219 0.0452194213867188 -0.083709716796875
-0.0276622772216797 0.017333984375 0.0166091918945312 -0.0904388427734375
-0.0256938934326172 0.0104751586914063 0.00909423828124999 -0.07379150390625
-0.0354804992675781 0.00836563110351562 0.0123405456542969 -0.0558891296386719
-0.0303020477294922 -0.0166339874267578 0.0150566101074219 -0.0398597717285156
-0.00716400146484375 -0.03839111328125 0.00125503540039063 -0.0231590270996094
0.0228958129882813 -0.0326137542724609 -0.00973129272460938 -0.0365066528320313
0.0517921447753906 0.00116348266601563 -0.00469970703124999 -0.0784683227539063
0.0539398193359375 0.0382118225097656 0.0176162719726563 -0.112327575683594
0.0297317504882813 0.0588302612304688 0.030609130859375 -0.102394104003906
0.0190658569335938 0.070556640625 0.0996017456054688 -0.0609054565429687
0.0484542846679688 0.0196914672851563 0.0430946350097656 -0.0208969116210938
0.0230541229248047 -0.0119609832763672 0.0444755554199219 0.0160598754882813
0.00539207458496094 -0.0186271667480469 0.0810623168945313 -0.0028533935546875
-0.00655651092529297 -0.0147256851196289 0.0822525024414063 -0.0503921508789063
-0.015101432800293 -0.00565433502197266 0.0540313720703125 -0.0885772705078125
-0.0136175155639648 -0.012298583984375 0.0239791870117188 -0.0965805053710938
-0.0100908279418945 -0.0158500671386719 0.0133132934570313 -0.0773391723632813
-0.0150279998779297 -0.0197067260742188 0.0169944763183594 -0.0568885803222656
-0.00157546997070313 -0.0327892303466797 0.0214347839355469 -0.0370140075683594
0.02435302734375 -0.0344524383544922 0.00447273254394532 -0.0162010192871094
0.0470771789550781 -0.0128860473632812 -0.00970077514648437 -0.0247440338134766
0.0522232055664063 0.0354804992675781 -0.0153923034667969 -0.0631103515625
0.0382156372070313 0.077117919921875 0.00755310058593749 -0.0935134887695312
0.00614929199218749 0.0927658081054688 0.026885986328125 -0.0774383544921875
-0.0157394409179688 0.10125732421875 0.103973388671875 -0.0283432006835937
0.0322380065917969 0.0667953491210937 0.0513420104980469 0.00433731079101563
0.0344009399414062 0.0315799713134766 0.0522651672363281 0.0311164855957031
0.0394401550292969 0.00458526611328125 0.0913314819335938 0.00864410400390625
0.0301246643066406 -0.0148334503173828 0.0888595581054687 -0.03997802734375
0.0129871368408203 -0.0284919738769531 0.0594940185546875 -0.0824737548828125
0.004119873046875 -0.0408821105957031 0.0295333862304688 -0.0887985229492187
0.006927490234375 -0.0405387878417969 0.0167045593261719 -0.0682868957519531
0.00497817993164063 -0.0450706481933594 0.018218994140625 -0.04644775390625
0.022979736328125 -0.0477218627929688 0.0207691192626953 -0.0275745391845703
0.0505294799804687 -0.0323715209960938 0.00192499160766602 -0.006317138671875
0.0670204162597656 -0.000957489013671875 -0.0133943557739258 -0.0126152038574219
0.0557098388671875 0.057952880859375 -0.0250663757324219 -0.0466499328613281
0.0283660888671875 0.102958679199219 -0.000492095947265619 -0.0674781799316406
-0.0122909545898438 0.115303039550781 0.0167922973632812 -0.0449295043945313
-0.050994873046875 0.114952087402344 0.0946807861328125 0.0143356323242188
0.00408172607421876 0.104141235351563 0.0499114990234375 0.040130615234375
0.0331268310546875 0.0764312744140625 0.0537872314453125 0.0511817932128906
0.0670433044433594 0.034423828125 0.0925750732421875 0.0254440307617188
0.0647659301757813 -0.00734329223632813 0.0861740112304688 -0.0237960815429688
0.0426254272460938 -0.0450668334960937 0.0580482482910156 -0.0654067993164062
0.0225296020507812 -0.0625152587890625 0.0307197570800781 -0.0692634582519531
0.0235252380371094 -0.0595245361328125 0.0168037414550781 -0.0480499267578125
0.0237579345703125 -0.0649681091308594 0.0155429840087891 -0.0274639129638672
0.0420646667480469 -0.0603065490722656 0.0150279998779297 -0.0117359161376953
0.0696029663085938 -0.0314140319824219 -0.00310277938842773 0.00549697875976562
0.08062744140625 0.00571441650390625 -0.0168209075927734 -0.00209808349609375
0.0559310913085938 0.0706329345703125 -0.0286293029785156 -0.0310325622558594
0.018096923828125 0.115341186523438 -0.0015411376953125 -0.0393486022949219
-0.0291671752929687 0.122703552246094 0.00318813323974609 -0.00819301605224609
-0.07928466796875 0.105239868164062 0.07061767578125 0.057373046875
-0.0289764404296875 0.117965698242188 0.0356521606445313 0.0788116455078125
0.0165023803710938 0.106582641601563 0.0473175048828125 0.0709762573242188
0.0753936767578125 0.064910888671875 0.0813980102539063 0.042327880859375
0.086181640625 0.006866455078125 0.0727691650390625 -0.004425048828125
0.0669021606445313 -0.0495758056640625 0.0477333068847656 -0.0404090881347656
0.03839111328125 -0.0738754272460938 0.0269889831542969 -0.0391387939453125
0.0356559753417969 -0.0683403015136719 0.0142898559570313 -0.0212554931640625
0.03765869140625 -0.0766754150390625 0.0106716156005859 -0.00254535675048829
0.0563392639160156 -0.0664634704589844 0.00560617446899414 0.00759220123291015
0.0805130004882813 -0.0292510986328125 -0.0119075775146484 0.0182151794433594
0.0859527587890625 0.013275146484375 -0.0209732055664062 0.00571632385253906
0.0497817993164062 0.07830810546875 -0.0267543792724609 -0.0203800201416016
0.00346374511718751 0.1163330078125 0.00237751007080078 -0.0119028091430664
-0.0455322265625 0.114776611328125 -0.0125942230224609 0.0280704498291016
-0.0905914306640625 0.0740966796875 0.0385360717773437 0.0926513671875
-0.0577850341796875 0.102180480957031 0.014434814453125 0.108680725097656
-0.00967407226562499 0.108726501464844 0.0341873168945312 0.0840072631835937
0.0615997314453125 0.08258056640625 0.0599288940429688 0.0530014038085938
0.0869674682617188 0.024200439453125 0.0499076843261719 0.0121612548828125
0.0783843994140625 -0.0419692993164062 0.0310630798339844 -0.0143280029296875
0.0478973388671875 -0.071929931640625 0.0180511474609375 -0.00729751586914063
0.0425834655761719 -0.0669593811035156 0.00969028472900391 0.00891304016113281
0.0453643798828125 -0.0764999389648438 0.0045318603515625 0.0246009826660156
0.0623130798339844 -0.0649452209472656 -0.00534629821777344 0.0287742614746094
0.0829696655273438 -0.0229415893554688 -0.0221042633056641 0.0301303863525391
0.0835723876953125 0.0214309692382812 -0.0275783538818359 0.0108776092529297
0.0363388061523438 0.0820541381835938 -0.0248775482177734 -0.0128517150878906
-0.0169830322265625 0.106735229492188 0.00359058380126953 0.011256217956543
-0.0608673095703125 0.0941696166992188 -0.0310935974121094 0.0573196411132813
-0.083648681640625 0.0296630859375 0.0072021484375 0.113731384277344
-0.0692176818847656 0.0623321533203125 -0.00535583496093751 0.12359619140625
-0.0331344604492187 0.0837020874023438 0.0214004516601562 0.0855636596679688
0.0334396362304687 0.0788040161132813 0.0384674072265625 0.05389404296875
0.0683670043945313 0.0336189270019531 0.0259895324707031 0.0219326019287109
0.0740127563476563 -0.0274810791015625 0.0109825134277344 0.0090188980102539
0.0496177673339844 -0.0581779479980469 0.00693702697753907 0.0233612060546875
0.0427055358886719 -0.0559959411621094 0.00358581542968751 0.0377197265625
0.0459632873535156 -0.0657386779785156 -0.00304031372070313 0.0501556396484375
0.0611915588378906 -0.0552024841308594 -0.01806640625 0.0495567321777344
0.07818603515625 -0.0149307250976563 -0.0354957580566406 0.0403671264648438
0.0743865966796875 0.0280990600585938 -0.0372161865234375 0.0140609741210938
0.0196762084960938 0.0801773071289063 -0.0250968933105469 -0.00875473022460937
-0.0360183715820313 0.0895233154296875 -0.000820159912109377 0.0281887054443359
-0.0726318359375 0.0627212524414063 -0.0551528930664063 0.0776748657226563
-0.0622177124023438 -0.0204200744628906 -0.014678955078125 0.118095397949219
-0.0643348693847656 0.0127716064453125 -0.017791748046875 0.122917175292969
-0.0455703735351563 0.0408859252929687 0.0149917602539062 0.0785293579101562
0.00223922729492187 0.0585060119628906 0.0217247009277344 0.0479049682617188
0.0387077331542969 0.0341567993164063 0.00662803649902344 0.0225734710693359
0.0553398132324219 -0.00812149047851563 -0.00554084777832031 0.0255508422851563
0.0422134399414063 -0.0360031127929688 -0.00503158569335937 0.0460662841796875
0.0369949340820312 -0.0368728637695313 -0.003082275390625 0.0606002807617188
0.039947509765625 -0.0454673767089844 -0.0107498168945313 0.0721054077148438
0.0521697998046875 -0.0386581420898438 -0.0324630737304687 0.0668869018554688
0.0638160705566406 -0.00530242919921875 -0.0488357543945313 0.0495529174804688
0.05712890625 0.0308570861816406 -0.0482597351074219 0.0156021118164062
0.00312423706054687 0.0694351196289063 -0.0307426452636719 -0.00730895996093749
-0.0508232116699219 0.0611076354980469 -0.0117683410644531 0.0397529602050781
-0.0758514404296875 0.0227508544921875 -0.0809783935546875 0.0858917236328125
0.048095703125 0.0292091369628906 0.0866317749023438 -0.084686279296875
0.0518836975097656 -0.0287818908691406 0.0289993286132813 -0.0351085662841797
0.00473403930664063 -0.0483856201171875 0.0354766845703125 0.0090179443359375
-0.0294532775878906 -0.0308990478515625 0.0710067749023438 -0.00966644287109375
-0.0394210815429688 -0.00631332397460937 0.07208251953125 -0.0567169189453125
-0.0377845764160156 0.0221977233886719 0.0451431274414063 -0.0902023315429688
-0.0272598266601563 0.0197715759277344 0.0142974853515625 -0.0955963134765625
-0.0257530212402344 0.0122470855712891 0.00635528564453125 -0.0780563354492187
-0.0348701477050781 0.0112667083740234 0.00984573364257813 -0.0600776672363281
-0.0324363708496094 -0.0142440795898437 0.0139083862304687 -0.0443992614746094
-0.0099639892578125 -0.0380134582519531 0.00185775756835937 -0.0268840789794922
0.02191162109375 -0.0338821411132813 -0.00802230834960937 -0.0395050048828125
0.0537948608398437 -0.001495361328125 -0.00412750244140624 -0.0817718505859375
0.05731201171875 0.0356979370117188 0.0175094604492187 -0.116813659667969
0.0336532592773437 0.0591278076171875 0.0304183959960938 -0.108833312988281
0.0210113525390625 0.0726852416992188 0.10235595703125 -0.0658416748046875
0.0504531860351563 0.0194740295410156 0.04205322265625 -0.022552490234375
0.0236053466796875 -0.0125274658203125 0.0451698303222656 0.0172080993652344
0.00480461120605469 -0.0180683135986328 0.0852127075195313 -0.00386810302734375
-0.0063323974609375 -0.0136089324951172 0.0845108032226563 -0.0542526245117188
-0.0145683288574219 -0.00432586669921875 0.0540542602539063 -0.0946121215820313
-0.0136280059814453 -0.0123443603515625 0.02154541015625 -0.102020263671875
-0.0102720260620117 -0.0163412094116211 0.0108871459960938 -0.0812454223632813
-0.0151405334472656 -0.0189743041992188 0.0147056579589844 -0.0608711242675781
-0.002349853515625 -0.0330772399902344 0.0199928283691406 -0.0416259765625
0.0239181518554688 -0.0354499816894531 0.004302978515625 -0.0199184417724609
0.0481109619140625 -0.0144462585449219 -0.00872230529785156 -0.0277290344238281
0.0554313659667969 0.0354957580566406 -0.0149269104003906 -0.0658493041992188
0.0421066284179688 0.0778656005859375 0.007965087890625 -0.0975112915039063
0.009002685546875 0.0959243774414063 0.0274276733398438 -0.0831756591796875
-0.0136032104492188 0.106422424316406 0.108512878417969 -0.0327911376953125
0.0346641540527344 0.0695114135742188 0.051361083984375 0.00291061401367188
0.0369186401367188 0.0337181091308594 0.0534896850585937 0.0329093933105469
0.0423927307128906 0.00445938110351563 0.0949783325195312 0.00787353515625
0.0316390991210938 -0.0160026550292969 0.0915145874023438 -0.043609619140625
0.0137557983398438 -0.0297355651855469 0.0596237182617187 -0.0877151489257813
0.00363922119140625 -0.0429916381835938 0.0267715454101563 -0.094329833984375
0.00652694702148437 -0.0431365966796875 0.012847900390625 -0.0723190307617188
0.00487899780273438 -0.0472984313964844 0.0154342651367187 -0.0500221252441406
0.0231246948242188 -0.0505790710449219 0.0189552307128906 -0.0322132110595703
0.0517196655273438 -0.0353622436523438 0.00129795074462891 -0.00958728790283203
0.0699501037597656 -0.00284576416015625 -0.0126447677612305 -0.0157299041748047
0.0595283508300781 0.0593681335449219 -0.0245742797851563 -0.0491828918457031
0.0326004028320313 0.10662841796875 -0.000480651855468747 -0.070953369140625
-0.0101318359375 0.120162963867188 0.0177268981933594 -0.049468994140625
-0.05059814453125 0.122367858886719 0.0990524291992188 0.0105819702148438
0.00617218017578126 0.109954833984375 0.0504684448242187 0.039642333984375
0.037872314453125 0.0810928344726563 0.0551109313964844 0.0538291931152344
0.071441650390625 0.0359268188476563 0.0957183837890625 0.0255889892578125
0.0675926208496094 -0.0100975036621094 0.0894317626953125 -0.0260009765625
0.0445518493652344 -0.0479507446289063 0.0586776733398438 -0.069732666015625
0.0216751098632813 -0.0663795471191406 0.029510498046875 -0.073486328125
0.022247314453125 -0.0630722045898438 0.0142860412597656 -0.0520095825195313
0.0229835510253906 -0.0693435668945313 0.0134429931640625 -0.0300769805908203
0.0425834655761719 -0.0645713806152344 0.0135564804077148 -0.0151271820068359
0.0718536376953125 -0.0362777709960938 -0.00493049621582031 0.00236797332763672
0.0847625732421875 0.00428009033203125 -0.016937255859375 -0.0049581527709961
0.0612106323242188 0.0736083984375 -0.0277462005615234 -0.0335521697998047
0.0227584838867188 0.120460510253906 -0.00133132934570312 -0.0421867370605469
-0.0268402099609375 0.129081726074219 0.00482654571533203 -0.0113277435302734
-0.0798416137695312 0.113700866699219 0.0749740600585938 0.0572967529296875
-0.0286178588867188 0.126068115234375 0.0371551513671875 0.07879638671875
0.02130126953125 0.113113403320313 0.0487213134765625 0.0738143920898438
0.0814971923828125 0.0659332275390625 0.0842819213867188 0.0429000854492188
0.0909042358398438 0.0040435791015625 0.0755691528320313 -0.00455474853515625
0.0694084167480469 -0.053955078125 0.0488395690917969 -0.0429191589355469
0.0373687744140625 -0.0786972045898437 0.0262908935546875 -0.0427322387695313
0.034576416015625 -0.0744400024414062 0.0129947662353516 -0.0232467651367188
0.0359573364257813 -0.0819854736328125 0.00924777984619141 -0.00331878662109376
0.0551528930664062 -0.07220458984375 0.00417947769165039 0.00550603866577148
0.0837860107421875 -0.0342483520507812 -0.0132970809936523 0.0166215896606445
0.0915908813476563 0.0112228393554688 -0.0226726531982422 0.003936767578125
0.0551376342773438 0.0823211669921875 -0.0276336669921875 -0.0216293334960937
0.00809478759765626 0.122207641601562 0.00272750854492188 -0.0142269134521484
-0.0444564819335937 0.122459411621094 -0.0107517242431641 0.0268383026123047
-0.0930252075195313 0.0820693969726562 0.0414886474609375 0.095428466796875
-0.0572280883789063 0.110610961914063 0.0157318115234375 0.111259460449219
-0.00567626953124999 0.117118835449219 0.0351104736328125 0.0868301391601563
0.0684890747070313 0.0844879150390625 0.0630912780761719 0.0547714233398438
0.0930557250976562 0.0209121704101562 0.0519523620605469 0.0130615234375
0.0811233520507813 -0.0475997924804688 0.0309982299804688 -0.0137596130371094
0.047698974609375 -0.077667236328125 0.0178260803222656 -0.00801277160644532
0.0415267944335938 -0.0734329223632813 0.00945377349853516 0.00867366790771484
0.0440444946289063 -0.0831298828125 0.00354576110839844 0.0251064300537109
0.0622940063476563 -0.071075439453125 -0.00669097900390625 0.0285015106201172
0.08734130859375 -0.0285263061523438 -0.0247554779052734 0.0296859741210938
0.0896759033203125 0.0193862915039063 -0.0293121337890625 0.00949096679687499
0.0416717529296875 0.0858688354492187 -0.0251541137695312 -0.0144367218017578
-0.0118408203125 0.113945007324219 0.00489044189453125 0.00917530059814454
-0.0605926513671875 0.101531982421875 -0.0300331115722656 0.0590553283691406
-0.0876388549804688 0.0355758666992188 0.00947570800781249 0.117881774902344
-0.0705108642578125 0.0695953369140625 -0.00469970703125001 0.127708435058594
-0.0310592651367187 0.09100341796875 0.021392822265625 0.0885238647460938
0.0393142700195313 0.0821456909179688 0.0393447875976562 0.0561981201171875
0.0742340087890625 0.0318374633789063 0.0271835327148438 0.023895263671875
0.0766448974609375 -0.0320892333984375 0.0120134353637695 0.0111770629882812
0.0497703552246094 -0.063690185546875 0.00824737548828126 0.0236339569091797
0.0420761108398438 -0.0614356994628906 0.00466156005859376 0.0390892028808594
0.0446548461914062 -0.0716476440429688 -0.00338363647460937 0.0527534484863281
0.06170654296875 -0.0611801147460938 -0.0192680358886719 0.0513343811035156
0.0821990966796875 -0.0195693969726563 -0.0379753112792969 0.0421409606933594
0.0795364379882813 0.0258712768554688 -0.0387496948242187 0.0134544372558594
0.0242233276367188 0.0842666625976563 -0.0265960693359375 -0.0103759765625
-0.0339889526367187 0.0965805053710938 0.00118255615234375 0.0281085968017578
-0.0738296508789063 0.06878662109375 -0.0546188354492188 0.08111572265625
-0.067138671875 -0.0173301696777344 -0.0134353637695313 0.122428894042969
-0.0665054321289062 0.0174331665039063 -0.016998291015625 0.127098083496094
-0.0452232360839844 0.0466499328613281 0.0143661499023437 0.0813674926757813
0.00588226318359374 0.0611381530761719 0.0219345092773437 0.0504341125488281
0.0427398681640625 0.0337333679199219 0.00715255737304688 0.0264892578125
0.057708740234375 -0.0119361877441406 -0.0053558349609375 0.0286064147949219
0.0427284240722656 -0.0403289794921875 -0.00226211547851562 0.0491981506347656
0.0360603332519531 -0.0405654907226563 -0.000850677490234366 0.0629158020019531
0.0390281677246094 -0.0508804321289063 -0.0101776123046875 0.0760269165039063
0.05230712890625 -0.0433425903320313 -0.0327339172363281 0.0699234008789063
0.0670051574707031 -0.00946044921875 -0.0523338317871094 0.0519180297851563
0.0615196228027344 0.0292701721191406 -0.0507774353027344 0.0155296325683594
0.00510406494140625 0.072357177734375 -0.0314064025878906 -0.00859832763671875
-0.0498046875 0.0669174194335937 -0.0100898742675781 0.04022216796875
-0.0772476196289063 0.0268707275390625 -0.082244873046875 0.0910491943359375
0.051422119140625 0.0270957946777344 0.0867919921875 -0.0929336547851562
0.0515022277832031 -0.032867431640625 0.0273056030273438 -0.0369529724121094
0.00156784057617188 -0.0501861572265625 0.0368843078613281 0.00927352905273437
-0.0325756072998047 -0.0296173095703125 0.0746688842773438 -0.012298583984375
-0.0412788391113281 -0.00261306762695313 0.0721664428710938 -0.0629425048828125
-0.0369949340820312 0.0265274047851562 0.0423355102539063 -0.0979461669921875
-0.0261707305908203 0.0232200622558594 0.00923919677734375 -0.101509094238281
-0.0260963439941406 0.0146808624267578 0.00109100341796875 -0.0821609497070313
-0.0344982147216797 0.0146656036376953 0.0059051513671875 -0.0646705627441406
-0.0337047576904297 -0.0116958618164062 0.0105400085449219 -0.0488319396972656
-0.0142707824707031 -0.037872314453125 0.000745773315429686 -0.0306873321533203
0.0193519592285156 -0.036956787109375 -0.00843429565429687 -0.0427742004394531
0.0550003051757813 -0.00610733032226563 -0.0058441162109375 -0.0845870971679688
0.0610580444335937 0.0331687927246094 0.0146713256835938 -0.122398376464844
0.038909912109375 0.0586471557617188 0.0278167724609375 -0.117019653320313
0.026031494140625 0.07415771484375 0.104446411132812 -0.0752334594726562
0.0527992248535156 0.0175590515136719 0.04150390625 -0.0254669189453125
0.0240821838378906 -0.0131568908691406 0.0472335815429688 0.0177688598632813
0.0045166015625 -0.018280029296875 0.0888290405273438 -0.0068206787109375
-0.00712203979492188 -0.0128679275512695 0.0849227905273438 -0.0602264404296875
-0.014373779296875 -0.00266838073730469 0.0519866943359375 -0.102149963378906
-0.0137157440185547 -0.0113801956176758 0.0162506103515625 -0.108100891113281
-0.0115871429443359 -0.0160274505615234 0.00439453125 -0.0863876342773438
-0.0154876708984375 -0.0187759399414062 0.0103225708007812 -0.0649147033691406
-0.00440406799316406 -0.0333728790283203 0.016326904296875 -0.0474662780761719
0.0223922729492187 -0.0373878479003906 0.0035858154296875 -0.0241775512695313
0.0485191345214844 -0.0178031921386719 -0.00838088989257812 -0.0311164855957031
0.0594902038574219 0.0331306457519531 -0.0163764953613281 -0.0685768127441406
0.0481033325195313 0.0784378051757812 0.00509643554687499 -0.101829528808594
0.014862060546875 0.0994186401367187 0.0256118774414063 -0.0909271240234375
-0.00804138183593751 0.112640380859375 0.111534118652344 -0.0406341552734375
0.039642333984375 0.0710906982421875 0.0512351989746094 0.000431060791015629
0.040924072265625 0.0349159240722656 0.0556869506835938 0.0334281921386719
0.0448799133300781 0.00299453735351563 0.0996246337890625 0.00537109375
0.0324192047119141 -0.0179653167724609 0.0935287475585938 -0.049896240234375
0.01422119140625 -0.0311203002929688 0.0576705932617188 -0.0951309204101563
0.0013885498046875 -0.0447883605957031 0.0220870971679688 -0.10028076171875
0.00373458862304687 -0.0456161499023438 0.00752258300781251 -0.0767898559570313
0.00352859497070312 -0.0499458312988281 0.0113487243652344 -0.0540809631347656
0.0212631225585938 -0.05352783203125 0.0157737731933594 -0.0373649597167969
0.0516204833984375 -0.0397911071777344 0.00018405914306641 -0.0138759613037109
0.07257080078125 -0.00689697265625 -0.0129299163818359 -0.0186824798583984
0.0654830932617188 0.059478759765625 -0.0256080627441406 -0.05120849609375
0.0396575927734375 0.109550476074219 -0.00269317626953124 -0.07525634765625
-0.00425720214843749 0.125961303710938 0.016845703125 -0.0551834106445312
-0.0455245971679687 0.132560729980469 0.103164672851563 0.00488281250000001
0.0122528076171875 0.115142822265625 0.0515937805175781 0.0380706787109375
0.044464111328125 0.0841827392578125 0.0587425231933594 0.054107666015625
0.0773239135742188 0.0333709716796875 0.100845336914062 0.0228729248046875
0.0704879760742188 -0.0148239135742187 0.0921707153320312 -0.03155517578125
0.0443801879882812 -0.0523033142089844 0.0568618774414063 -0.0755386352539063
0.0186843872070312 -0.0716094970703125 0.0254364013671875 -0.0788421630859375
0.0191841125488281 -0.0679397583007813 0.0100975036621094 -0.0556678771972656
0.0196762084960937 -0.0749359130859375 0.0101280212402344 -0.0326728820800781
0.0406112670898438 -0.0703353881835938 0.0104808807373047 -0.0196342468261719
0.0728988647460938 -0.0420074462890625 -0.00569534301757812 -6.62803649902381E-05
0.0898208618164063 -0.00093841552734375 -0.0177898406982422 -0.007415771484375
0.06805419921875 0.0751266479492188 -0.02972412109375 -0.035247802734375
0.0314559936523438 0.125869750976562 -0.00286483764648438 -0.0448417663574219
-0.0210113525390625 0.137260437011719 0.00556850433349609 -0.0142526626586914
-0.0772933959960937 0.125579833984375 0.080322265625 0.0545272827148438
-0.0224227905273437 0.134193420410156 0.040802001953125 0.0790023803710938
0.0297775268554688 0.120094299316406 0.052337646484375 0.0752487182617188
0.0904541015625 0.0649642944335938 0.0887298583984375 0.0419998168945313
0.0962600708007812 -0.0013275146484375 0.0781326293945313 -0.00817108154296875
0.0700836181640625 -0.0608711242675781 0.0483741760253906 -0.046112060546875
0.0342559814453125 -0.0857162475585937 0.0241546630859375 -0.046600341796875
0.0314178466796875 -0.0808563232421875 0.0106086730957031 -0.0251426696777344
0.0322113037109375 -0.0888900756835938 0.00719690322875977 -0.00460529327392579
0.0543212890625 -0.0798187255859375 0.00247263908386231 0.00353288650512695
0.086151123046875 -0.0414352416992188 -0.0147085189819336 0.0158529281616211
0.0977554321289063 0.0051422119140625 -0.0238418579101562 0.00226402282714843
0.0637893676757813 0.08392333984375 -0.0287971496582031 -0.0233249664306641
0.0164871215820312 0.129180908203125 0.00278949737548828 -0.0165290832519531
-0.0394058227539063 0.131500244140625 -0.00910186767578126 0.0263423919677734
-0.0935745239257812 0.0939712524414063 0.0481796264648437 0.096466064453125
-0.0539703369140625 0.119895935058594 0.0204620361328125 0.113494873046875
0.00177001953124999 0.125259399414063 0.0386886596679688 0.088714599609375
0.0776443481445313 0.0849685668945313 0.0671234130859375 0.0544281005859375
0.09912109375 0.0157318115234375 0.0545425415039063 0.0126228332519531
0.0830917358398438 -0.0553131103515625 0.0322513580322266 -0.0147380828857422
0.0445098876953125 -0.0851058959960938 0.0178585052490234 -0.00994873046875001
0.0377655029296875 -0.0801925659179688 0.00902080535888672 0.00755023956298828
0.03955078125 -0.0903701782226563 0.00352096557617188 0.0260143280029297
0.0605010986328125 -0.0794448852539063 -0.00721168518066406 0.0291786193847656
0.0904312133789063 -0.0371627807617188 -0.0256271362304688 0.0313510894775391
0.0961990356445313 0.01348876953125 -0.0315971374511719 0.00934219360351563
0.0503158569335938 0.0892257690429688 -0.0270862579345703 -0.0152034759521484
-0.00484466552734374 0.121376037597656 0.00657415390014648 0.00796842575073243
-0.0573043823242187 0.110130310058594 -0.02716064453125 0.0611991882324219
-0.0906829833984375 0.04425048828125 0.0154266357421875 0.122856140136719
-0.0699234008789062 0.0784835815429688 -0.000213623046875017 0.132476806640625
-0.025634765625 0.099761962890625 0.0251007080078125 0.0914535522460937
0.0469512939453125 0.0836105346679688 0.0425338745117188 0.0575790405273438
0.08074951171875 0.0280227661132813 0.0290966033935547 0.0253925323486328
0.078125 -0.0392837524414063 0.0138626098632813 0.0128297805786133
0.0467185974121094 -0.0701751708984375 0.0097808837890625 0.0241680145263672
0.0389404296875 -0.0685501098632813 0.00645828247070313 0.0395355224609375
0.041351318359375 -0.0789337158203125 -0.00168609619140625 0.0553970336914062
0.0595779418945312 -0.0688705444335937 -0.0191841125488281 0.0539436340332031
0.0849456787109375 -0.0272140502929687 -0.0388069152832031 0.0458717346191406
0.085968017578125 0.0214157104492188 -0.0414314270019531 0.0149116516113281
0.03167724609375 0.0877685546875 -0.0282554626464844 -0.0102920532226562
-0.0283889770507813 0.104377746582031 0.003204345703125 0.0273342132568359
-0.0718841552734375 0.0768585205078125 -0.0524826049804688 0.0867462158203125
-0.0711822509765625 -0.0115509033203125 -0.00847625732421875 0.128753662109375
-0.0690078735351562 0.0237197875976562 -0.0135726928710937 0.132850646972656
-0.0433807373046875 0.0539169311523438 0.017669677734375 0.0834579467773438
0.0117607116699219 0.0642356872558594 0.023956298828125 0.0523262023925781
0.0483551025390625 0.0315284729003906 0.00872421264648438 0.02972412109375
0.0593490600585937 -0.0178565979003906 -0.00305938720703124 0.0325050354003906
0.0405921936035156 -0.0456733703613281 0.00109100341796875 0.0510063171386719
0.0337753295898437 -0.0461692810058594 0.00273513793945313 0.0655136108398438
0.0362586975097656 -0.0562477111816406 -0.0061187744140625 0.0802078247070312
0.0508041381835938 -0.0497970581054688 -0.0313568115234375 0.0751953125
0.0694732666015625 -0.0147895812988281 -0.0530052185058594 0.0571441650390625
0.06634521484375 0.0267181396484375 -0.0532875061035156 0.0185546875
0.0108718872070312 0.0759201049804688 -0.0331630706787109 -0.00790405273437499
-0.0473403930664063 0.0740585327148438 -0.00683975219726563 0.0413970947265625
-0.0782928466796875 0.0335311889648437 -0.0807723999023438 0.099365234375
0.0544815063476563 0.0227203369140625 0.0823745727539063 -0.101806640625
0.048919677734375 -0.03741455078125 0.0242042541503906 -0.0388031005859375
-0.002410888671875 -0.0513191223144531 0.0381240844726563 0.00875473022460937
-0.0358123779296875 -0.0271873474121094 0.0758438110351563 -0.0164718627929688
-0.042877197265625 0.00211334228515624 0.0692062377929688 -0.06854248046875
-0.0341987609863281 0.0309581756591797 0.035186767578125 -0.103424072265625
-0.0236110687255859 0.0265979766845703 0.00163269042968749 -0.103965759277344
-0.0246601104736328 0.0178432464599609 -0.00572967529296875 -0.0839462280273438
-0.0327301025390625 0.018585205078125 -0.000537872314453123 -0.0668563842773438
-0.0353050231933594 -0.00732421875000001 0.0045166015625 -0.0515518188476563
-0.0184097290039062 -0.0356674194335938 -0.0011138916015625 -0.0339546203613281
0.0160942077636719 -0.0387840270996094 -0.00990676879882812 -0.045745849609375
0.0552597045898438 -0.0113868713378906 -0.00949859619140625 -0.0858230590820313
0.064666748046875 0.0279808044433594 0.007476806640625 -0.126365661621094
0.0441932678222656 0.0558242797851563 0.020599365234375 -0.123321533203125
0.0320510864257813 0.07373046875 0.101249694824219 -0.0848236083984375
0.0542335510253906 0.0136871337890625 0.038818359375 -0.0279388427734375
0.0237140655517578 -0.0141868591308594 0.0487289428710937 0.0166091918945313
0.00317192077636719 -0.0179595947265625 0.0903091430664063 -0.0115127563476563
-0.00826930999755859 -0.0114812850952148 0.0830612182617188 -0.0678329467773438
-0.0133171081542969 -0.000824928283691404 0.0445785522460937 -0.108856201171875
-0.0140714645385742 -0.0105228424072266 0.00701904296874999 -0.111228942871094
-0.0128421783447266 -0.0153827667236328 -0.00359344482421875 -0.0879745483398438
-0.0168123245239258 -0.0174169540405273 0.00325775146484375 -0.0676345825195313
-0.00629043579101563 -0.0328159332275391 0.0106277465820312 -0.051544189453125
0.0190238952636719 -0.0387916564941406 0.00128555297851562 -0.0280036926269531
0.0476531982421875 -0.0212745666503906 -0.0099334716796875 -0.0341434478759766
0.06256103515625 0.0293807983398438 -0.0187225341796875 -0.0693931579589844
0.0548095703125 0.075958251953125 -0.000564575195312499 -0.104904174804688
0.0225982666015625 0.0991897583007813 0.0213775634765625 -0.0973968505859375
-0.000320434570312502 0.116111755371094 0.110572814941406 -0.0503082275390625
0.0452651977539063 0.0700416564941406 0.0500831604003906 -0.00308990478515625
0.0448951721191406 0.0338325500488281 0.0583114624023438 0.0310020446777344
0.046173095703125 0.000797271728515625 0.101570129394531 -0.00043487548828125
0.0319366455078125 -0.0201511383056641 0.0914535522460938 -0.056884765625
0.0129890441894531 -0.0325298309326172 0.0516128540039063 -0.101150512695313
-0.0013885498046875 -0.0458450317382812 0.0137863159179687 -0.104141235351563
0.000442504882812505 -0.0466651916503906 -0.000205993652343756 -0.0788726806640625
-0.000587463378906253 -0.0515975952148438 0.0050201416015625 -0.0565757751464844
0.0177803039550781 -0.0560798645019531 0.00996017456054688 -0.0412712097167969
0.0498390197753906 -0.043670654296875 -0.00200271606445312 -0.0170326232910156
0.0737762451171875 -0.012481689453125 -0.0137863159179687 -0.0213279724121094
0.0718460083007813 0.056549072265625 -0.0278739929199219 -0.0512847900390625
0.0492324829101562 0.109550476074219 -0.00638580322265625 -0.0774765014648437
0.00469207763671875 0.129234313964844 0.0146484375 -0.0599746704101562
-0.0367507934570312 0.139617919921875 0.105690002441406 -0.00328826904296874
0.0215835571289063 0.117317199707031 0.0529975891113281 0.0351409912109375
0.0526580810546875 0.0846099853515625 0.0618438720703125 0.0521965026855469
0.0825881958007813 0.0290374755859375 0.103797912597656 0.0177536010742188
0.0718994140625 -0.0199432373046875 0.0908584594726563 -0.03765869140625
0.0423736572265625 -0.0567626953125 0.0528640747070312 -0.0801239013671875
0.0135726928710938 -0.074066162109375 0.0184707641601563 -0.0825958251953125
0.0136566162109375 -0.0716476440429688 0.00368881225585938 -0.0576248168945313
0.0141830444335937 -0.07879638671875 0.00533866882324219 -0.0342922210693359
0.0359954833984375 -0.07598876953125 0.00551986694335938 -0.0225448608398438
0.072052001953125 -0.048828125 -0.00777196884155273 -0.00195360183715821
0.0918197631835938 -0.00760650634765625 -0.01885986328125 -0.00895881652832031
0.076934814453125 0.072021484375 -0.0319480895996094 -0.035064697265625
0.041778564453125 0.127006530761719 -0.0046539306640625 -0.0479469299316406
-0.011383056640625 0.141937255859375 0.00577545166015625 -0.0175714492797851
-0.0694122314453125 0.135467529296875 0.0863037109375 0.0500411987304688
-0.012451171875 0.139671325683594 0.04473876953125 0.077667236328125
0.0405349731445313 0.121994018554687 0.0562057495117187 0.0739593505859375
0.0980987548828125 0.0600662231445313 0.0928878784179688 0.0376739501953125
0.0987472534179688 -0.00899505615234375 0.079254150390625 -0.0130996704101562
0.0668411254882812 -0.0681915283203125 0.046356201171875 -0.0499114990234375
0.0275192260742188 -0.0910797119140625 0.0203056335449219 -0.0496330261230469
0.0241775512695312 -0.0853195190429687 0.00632095336914063 -0.0272254943847656
0.0247802734375 -0.0947189331054688 0.00497961044311524 -0.00487089157104493
0.0481338500976562 -0.086761474609375 0.000687956809997561 0.00208723545074462
0.0849990844726563 -0.0502700805664063 -0.0157537460327148 0.0149164199829102
0.100395202636719 -0.00264739990234375 -0.0244274139404297 0.00165367126464844
0.072784423828125 0.0818405151367187 -0.0302639007568359 -0.0232162475585937
0.0274810791015625 0.132164001464844 0.00213050842285157 -0.01873779296875
-0.0298919677734375 0.13812255859375 -0.00673675537109375 0.0253162384033203
-0.08843994140625 0.1051025390625 0.0549468994140625 0.0951461791992187
-0.0460052490234375 0.128227233886719 0.0262222290039063 0.113273620605469
0.0126724243164062 0.130592346191406 0.0436553955078125 0.0882034301757813
0.0868453979492188 0.08087158203125 0.070556640625 0.052398681640625
0.103202819824219 0.00655364990234375 0.0569953918457031 0.0100593566894531
0.0800933837890625 -0.0639724731445313 0.0323314666748047 -0.0163822174072266
0.0377655029296875 -0.0912551879882813 0.0172863006591797 -0.0118770599365234
0.0315093994140625 -0.0857620239257813 0.00829553604125977 0.00697135925292968
0.0318756103515625 -0.0969467163085938 0.00389862060546875 0.0271224975585937
0.0542373657226562 -0.0869369506835938 -0.00728416442871093 0.0292263031005859
0.0896377563476562 -0.0463180541992187 -0.0257682800292969 0.0331668853759766
0.0998306274414063 0.0051422119140625 -0.0319671630859375 0.0100193023681641
0.0596160888671875 0.0884017944335938 -0.0281734466552734 -0.0151615142822266
0.00513458251953125 0.126762390136719 0.00801992416381836 0.00543785095214845
-0.0497894287109375 0.118194580078125 -0.0234718322753906 0.0630378723144532
-0.089080810546875 0.054473876953125 0.0229034423828125 0.124496459960938
-0.0655136108398438 0.087005615234375 0.00733184814453123 0.133468627929688
-0.017547607421875 0.106575012207031 0.0296707153320313 0.0913467407226563
0.05718994140625 0.0826492309570313 0.0458564758300781 0.0568161010742188
0.08514404296875 0.0204696655273438 0.0317363739013672 0.0251197814941406
0.0766372680664062 -0.0474777221679687 0.0157022476196289 0.0138826370239258
0.04107666015625 -0.0766220092773437 0.0119571685791016 0.0239696502685547
0.0328750610351563 -0.0735244750976563 0.00889968872070313 0.0395317077636719
0.0342025756835938 -0.0854034423828125 0.00201416015625 0.0573463439941406
0.0541610717773437 -0.076812744140625 -0.0171737670898437 0.0559883117675781
0.0849533081054688 -0.0359268188476563 -0.0377426147460937 0.0489768981933594
0.0899200439453125 0.0141677856445313 -0.0420341491699219 0.0173072814941406
0.0410537719726562 0.0883331298828125 -0.0292263031005859 -0.0101718902587891
-0.0195083618164063 0.110137939453125 0.00639915466308594 0.0262546539306641
-0.06732177734375 0.085174560546875 -0.0468292236328125 0.0915069580078125
-0.0738601684570313 -0.0047454833984375 -0.000396728515625004 0.133796691894531
-0.0686836242675781 0.031646728515625 -0.00556182861328126 0.135986328125
-0.0397605895996094 0.0616378784179688 0.020965576171875 0.0845413208007813
0.0185470581054688 0.0641632080078125 0.0260276794433594 0.0536766052246094
0.0525856018066406 0.0271377563476563 0.0107746124267578 0.0321197509765625
0.05889892578125 -0.0245285034179688 0.000965118408203128 0.0349636077880859
0.036407470703125 -0.0500831604003906 0.00566482543945313 0.0515060424804688
0.0291671752929687 -0.0508995056152344 0.00814819335937501 0.06610107421875
0.0312919616699219 -0.0620574951171875 -0.00112152099609375 0.0825958251953125
0.0468368530273438 -0.0556221008300781 -0.0273818969726563 0.0796279907226563
0.0699195861816406 -0.0216751098632812 -0.0510444641113281 0.0619354248046875
0.0705032348632813 0.0206680297851563 -0.0544166564941406 0.0218620300292969
0.0182418823242188 0.07684326171875 -0.0343685150146484 -0.00761413574218749
-0.0408401489257813 0.0802688598632813 -0.00255203247070312 0.0409393310546875
-0.0761489868164063 0.0407485961914062 -0.0744476318359375 0.107025146484375
0.0547866821289062 0.0182037353515625 0.0757369995117187 -0.107009887695312
0.0451545715332031 -0.0404930114746094 0.0210151672363281 -0.039215087890625
-0.00662612915039062 -0.0500602722167969 0.0378341674804688 0.0077056884765625
-0.0376167297363281 -0.0235939025878906 0.0749588012695313 -0.019927978515625
-0.0415763854980469 0.00627517700195312 0.0648269653320313 -0.0721511840820313
-0.02978515625 0.0339889526367188 0.0277023315429688 -0.105712890625
-0.020355224609375 0.0281238555908203 -0.00604248046875001 -0.103530883789063
-0.0226707458496094 0.0199604034423828 -0.0120010375976563 -0.082275390625
-0.0296802520751953 0.0211200714111328 -0.00634002685546874 -0.0664443969726563
-0.0349807739257813 -0.00414276123046875 -0.000774383544921878 -0.052215576171875
-0.0208625793457031 -0.0324153900146484 -0.0033416748046875 -0.0356483459472656
0.0120048522949219 -0.0394058227539063 -0.0110359191894531 -0.046630859375
0.0528602600097656 -0.0151405334472656 -0.0124282836914063 -0.0844802856445313
0.0664405822753906 0.0218658447265625 0.00145721435546875 -0.125350952148438
0.0479660034179688 0.0511207580566406 0.0134506225585937 -0.125228881835938
0.0359420776367187 0.0708160400390625 0.0951995849609375 -0.0911636352539063
0.0539703369140625 0.0105743408203125 0.0350627899169922 -0.0290546417236328
0.0220775604248047 -0.0144748687744141 0.04815673828125 0.0150947570800781
0.00205230712890625 -0.0178489685058594 0.0892562866210938 -0.0163040161132813
-0.00864410400390625 -0.00951290130615234 0.0775680541992188 -0.0718612670898438
-0.0117006301879883 0.000305175781249999 0.0367507934570312 -0.110954284667969
-0.0143537521362305 -0.00891876220703125 -0.00123596191406251 -0.110755920410156
-0.0135774612426758 -0.014042854309082 -0.0108489990234375 -0.0866012573242187
-0.0168132781982422 -0.0160140991210938 -0.00328063964843749 -0.0676727294921875
-0.00813102722167969 -0.0309638977050781 0.00434112548828125 -0.0533103942871094
0.0158538818359375 -0.0385627746582031 -0.00196456909179688 -0.0306949615478516
0.0456275939941406 -0.023895263671875 -0.0108375549316406 -0.0356101989746094
0.0636329650878906 0.0245780944824219 -0.0205497741699219 -0.0678558349609375
0.0587997436523438 0.0714874267578125 -0.00537872314453124 -0.105064392089844
0.0287017822265625 0.097015380859375 0.0157470703125 -0.0994949340820313
0.00797271728515624 0.115646362304688 0.106956481933594 -0.057647705078125
0.0494308471679687 0.067047119140625 0.0473098754882813 -0.00559616088867187
0.0472908020019531 0.0317230224609375 0.0584526062011719 0.0294876098632813
0.0462150573730469 -0.00213623046875 0.100456237792969 -0.00542449951171875
0.0307941436767578 -0.0217990875244141 0.087249755859375 -0.0618515014648437
0.0119819641113281 -0.0331935882568359 0.0443115234375 -0.103248596191406
-0.00434112548828125 -0.0451622009277344 0.00515747070312501 -0.104415893554688
-0.00270843505859375 -0.0464591979980469 -0.00766754150390624 -0.0778045654296875
-0.00357437133789063 -0.0513496398925781 -0.00146865844726562 -0.0564842224121094
0.0141716003417969 -0.0568809509277344 0.00371932983398438 -0.0431175231933594
0.0463714599609375 -0.0463027954101563 -0.00460433959960937 -0.01971435546875
0.07220458984375 -0.0167160034179687 -0.0149078369140625 -0.0226993560791016
0.07513427734375 0.051544189453125 -0.0286865234375 -0.0502662658691406
0.0560760498046875 0.1053466796875 -0.0098114013671875 -0.0771713256835938
0.0131149291992187 0.127609252929687 0.0111198425292969 -0.0632476806640625
-0.02728271484375 0.141357421875 0.1046142578125 -0.0105438232421875
0.0289459228515625 0.116325378417969 0.0521392822265625 0.0314979553222656
0.0590591430664063 0.0815887451171875 0.0625724792480469 0.0497665405273438
0.0844650268554688 0.0232620239257813 0.103141784667969 0.01226806640625
0.0702171325683594 -0.0248985290527344 0.0885238647460938 -0.0421905517578125
0.0387535095214844 -0.0592803955078125 0.0478363037109375 -0.0832443237304687
0.00815582275390626 -0.074554443359375 0.01177978515625 -0.0828781127929688
0.00791168212890625 -0.07196044921875 -0.00226974487304688 -0.0572547912597656
0.00785064697265625 -0.07989501953125 0.000347137451171876 -0.034271240234375
0.0301589965820313 -0.0779342651367188 0.00152587890625 -0.0242805480957031
0.0677413940429688 -0.0543746948242188 -0.0100193023681641 -0.00388240814208985
0.0909194946289063 -0.014068603515625 -0.0199356079101562 -0.00998497009277344
0.0818939208984375 0.0675430297851562 -0.0322647094726562 -0.0339031219482422
0.0509262084960937 0.124107360839844 -0.006683349609375 -0.0483932495117187
-0.00218200683593751 0.142196655273438 0.00494956970214844 -0.0209865570068359
-0.05975341796875 0.141006469726563 0.0879287719726563 0.0432891845703125
-0.00280761718749999 0.139572143554687 0.0465469360351563 0.0737457275390625
0.0503311157226562 0.120063781738281 0.0585403442382812 0.07098388671875
0.102592468261719 0.053497314453125 0.0935134887695313 0.0324172973632813
0.0970535278320313 -0.0161590576171875 0.0778884887695312 -0.01629638671875
0.06256103515625 -0.072509765625 0.0435256958007813 -0.0515213012695313
0.0203323364257813 -0.0922698974609375 0.01519775390625 -0.0509567260742188
0.0171661376953125 -0.0869064331054687 0.0030364990234375 -0.0273513793945313
0.0173187255859375 -0.096649169921875 0.00300979614257813 -0.00499868392944337
0.041015625 -0.0906753540039063 -0.00247430801391601 0.00117993354797363
0.0812530517578125 -0.0574417114257813 -0.0172367095947266 0.0150127410888672
0.100517272949219 -0.00998687744140625 -0.0252723693847656 0.001434326171875
0.0787734985351563 0.0778427124023438 -0.0308303833007812 -0.0224170684814453
0.03759765625 0.13043212890625 0.00208663940429688 -0.0210456848144531
-0.0205612182617188 0.139541625976563 -0.00440025329589844 0.0222797393798828
-0.0809783935546875 0.112533569335938 0.05999755859375 0.0905838012695313
-0.0364151000976563 0.130928039550781 0.0312271118164062 0.110198974609375
0.0228958129882813 0.13104248046875 0.04620361328125 0.0853195190429688
0.093414306640625 0.0753173828125 0.0717086791992188 0.048919677734375
0.102760314941406 -0.001495361328125 0.0574531555175781 0.007568359375
0.075225830078125 -0.069854736328125 0.0319499969482422 -0.0167694091796875
0.0300750732421875 -0.0931015014648438 0.0155820846557617 -0.013310432434082
0.0234832763671875 -0.087493896484375 0.00761127471923828 0.00597906112670898
0.0238113403320313 -0.0991134643554687 0.00412750244140625 0.0268039703369141
0.0466384887695313 -0.0916824340820312 -0.00847434997558594 0.0292491912841797
0.0858535766601563 -0.0535354614257813 -0.0251502990722656 0.0335121154785156
0.100921630859375 -0.00235748291015625 -0.0325717926025391 0.0111293792724609
0.067138671875 0.0844879150390625 -0.0290813446044922 -0.0144329071044922
0.0151901245117188 0.126823425292969 0.00859975814819336 0.00376319885253907
-0.0409927368164063 0.1217041015625 -0.0178375244140625 0.0621109008789063
-0.0846023559570313 0.061920166015625 0.029998779296875 0.122489929199219
-0.0586090087890625 0.09234619140625 0.013671875 0.131477355957031
-0.00839233398437501 0.108726501464844 0.03192138671875 0.0893478393554688
0.0633773803710938 0.07818603515625 0.0475616455078125 0.0547904968261719
0.0864028930664063 0.0132675170898438 0.0334587097167969 0.0247936248779297
0.0725479125976562 -0.0532073974609375 0.0173883438110352 0.0137300491333008
0.0336227416992188 -0.0790939331054687 0.0134468078613281 0.0226192474365234
0.02606201171875 -0.07611083984375 0.0108108520507813 0.0387763977050781
0.0267181396484375 -0.087890625 0.0048828125 0.0572967529296875
0.0473556518554688 -0.0808486938476562 -0.0149078369140625 0.0569076538085937
0.0812225341796875 -0.0429153442382813 -0.0355911254882812 0.0507087707519531
0.0912322998046875 0.0065460205078125 -0.0417709350585938 0.0187034606933594
0.0479049682617188 0.0852127075195313 -0.029571533203125 -0.00989913940429687
-0.0105438232421875 0.111465454101563 0.00851249694824219 0.0241928100585938
-0.0604705810546875 0.0897140502929688 -0.0399856567382813 0.092376708984375
-0.0748291015625 0.00177764892578126 0.00648498535156251 0.133796691894531
-0.0655670166015625 0.0377120971679688 0.00103759765625 0.135566711425781
-0.0329666137695313 0.0651664733886719 0.0230331420898437 0.0823135375976562
0.0248947143554687 0.0629730224609375 0.027435302734375 0.053192138671875
0.0543327331542969 0.0217666625976562 0.0135822296142578 0.0327854156494141
0.05572509765625 -0.0296287536621094 0.00499725341796875 0.0362014770507813
0.0311126708984375 -0.053009033203125 0.00913238525390625 0.0506858825683594
0.0242042541503906 -0.0533256530761719 0.0120162963867187 0.0644950866699219
0.0255355834960938 -0.0636787414550781 0.0042877197265625 0.0830307006835938
0.0416374206542969 -0.05908203125 -0.0222702026367187 0.0805587768554687
0.0673141479492188 -0.0276451110839844 -0.0471954345703125 0.0649490356445313
0.0714645385742188 0.014678955078125 -0.0537528991699219 0.024139404296875
0.0237579345703125 0.0761871337890625 -0.0342617034912109 -0.00637435913085937
-0.03399658203125 0.0834274291992188 0.000141143798828121 0.0395011901855469
-0.07159423828125 0.046356201171875 -0.0667266845703125 0.110939025878906
0.0542068481445313 0.0154037475585938 0.0705795288085938 -0.108009338378906
0.0418853759765625 -0.0410919189453125 0.0184059143066406 -0.0376014709472656
-0.00960540771484375 -0.0483131408691406 0.0378074645996094 0.00822067260742187
-0.0384902954101563 -0.0208206176757812 0.0738525390625 -0.0207443237304687
-0.0399093627929688 0.00946044921875 0.0603713989257812 -0.0723342895507812
-0.0261554718017578 0.0344009399414063 0.0226898193359375 -0.104530334472656
-0.017547607421875 0.0290355682373047 -0.01019287109375 -0.101188659667969
-0.0208454132080078 0.0216026306152344 -0.01568603515625 -0.080474853515625
-0.0274600982666016 0.0219554901123047 -0.00981521606445313 -0.0644798278808594
-0.0339984893798828 -0.00103569030761718 -0.00434112548828125 -0.051727294921875
-0.0223808288574219 -0.0289878845214844 -0.00578689575195313 -0.0377197265625
0.00958633422851562 -0.0382461547851563 -0.0115203857421875 -0.0476493835449219
0.0505142211914063 -0.0180625915527344 -0.0129928588867188 -0.0828628540039063
0.0648231506347656 0.0179824829101563 -0.001434326171875 -0.123611450195313
0.0486068725585938 0.0477523803710938 0.00944519042968749 -0.12506103515625
0.0381088256835938 0.0680122375488281 0.0907058715820312 -0.09356689453125
0.0526771545410156 0.00852584838867188 0.0321693420410156 -0.0292434692382813
0.0207958221435547 -0.0152511596679688 0.0481414794921875 0.0153846740722656
0.00154018402099609 -0.0165481567382813 0.0874404907226563 -0.0176544189453125
-0.00795221328735352 -0.0077061653137207 0.0737991333007813 -0.0723342895507813
-0.0100784301757813 0.00104808807373047 0.0311050415039063 -0.110603332519531
-0.0134944915771484 -0.00795459747314453 -0.006103515625 -0.108680725097656
-0.0135746002197266 -0.012537956237793 -0.0151214599609375 -0.0841751098632813
-0.0158376693725586 -0.014678955078125 -0.00791168212890625 -0.0663566589355469
-0.00875091552734375 -0.0289726257324219 -0.000320434570312504 -0.0536308288574219
0.0133819580078125 -0.0373687744140625 -0.00388908386230469 -0.03271484375
0.0425834655761719 -0.0246124267578125 -0.0116653442382812 -0.0377273559570312
0.0630722045898438 0.0212669372558594 -0.0201873779296875 -0.0664482116699219
0.0601539611816406 0.0671539306640625 -0.00740814208984374 -0.103195190429688
0.0315704345703125 0.0940628051757813 0.0121994018554688 -0.100387573242188
0.0110549926757812 0.11322021484375 0.102546691894531 -0.061248779296875
0.050567626953125 0.0647926330566406 0.0450057983398438 -0.00646209716796874
0.04852294921875 0.0296783447265625 0.057342529296875 0.0284156799316406
0.0458602905273438 -0.00295257568359375 0.098907470703125 -0.00716400146484375
0.0294189453125 -0.0217628479003906 0.0830307006835938 -0.0629196166992188
0.0115947723388672 -0.0328140258789063 0.0395965576171875 -0.102897644042969
-0.00514602661132813 -0.0437660217285156 0.000152587890624993 -0.101966857910156
-0.0053863525390625 -0.0452919006347656 -0.011871337890625 -0.075225830078125
-0.00524139404296875 -0.0505485534667969 -0.00531387329101562 -0.0555343627929687
0.0114402770996094 -0.0563735961914063 -0.000484466552734372 -0.0438117980957031
0.0434989929199219 -0.0472869873046875 -0.00680351257324218 -0.0213527679443359
0.0703353881835938 -0.0188522338867188 -0.0151042938232422 -0.0248336791992188
0.0761795043945312 0.0478668212890625 -0.0279922485351562 -0.0493850708007813
0.0591812133789062 0.101943969726563 -0.0112991333007812 -0.0761871337890625
0.0169219970703125 0.125076293945313 0.00923919677734376 -0.064666748046875
-0.0214614868164062 0.140464782714844 0.102134704589844 -0.014190673828125
0.0321502685546875 0.112884521484375 0.0504837036132812 0.0293350219726563
0.0620269775390625 0.0786285400390625 0.0615043640136719 0.0480461120605469
0.0847930908203125 0.0204315185546875 0.101287841796875 0.0101547241210938
0.0674552917480469 -0.0268783569335938 0.0848464965820313 -0.0437088012695313
0.0361328125 -0.0604972839355469 0.0438613891601562 -0.082183837890625
0.0044097900390625 -0.0736618041992188 0.00664520263671874 -0.0814971923828125
0.00391387939453125 -0.0710830688476563 -0.00673675537109375 -0.0552291870117188
0.00393676757812501 -0.0789642333984375 -0.0024261474609375 -0.0340995788574219
0.025909423828125 -0.078369140625 -0.00259590148925781 -0.0248622894287109
0.0647926330566406 -0.056549072265625 -0.0120334625244141 -0.00514888763427735
0.0890350341796875 -0.01751708984375 -0.0205116271972656 -0.0115127563476563
0.0838623046875 0.0637969970703125 -0.0316333770751953 -0.0338191986083984
0.0556488037109375 0.120979309082031 -0.00727844238281249 -0.048828125
0.00280761718750001 0.140548706054688 0.00481414794921875 -0.0230693817138672
-0.0535888671875 0.141754150390625 0.0870742797851563 0.0385284423828125
0.00177764892578126 0.138687133789063 0.0460586547851563 0.0703582763671875
0.0552825927734375 0.11724853515625 0.0575981140136719 0.0693016052246094
0.10394287109375 0.04864501953125 0.0919265747070313 0.0309906005859375
0.0950088500976563 -0.0206832885742188 0.0756988525390625 -0.01751708984375
0.0587234497070312 -0.074188232421875 0.0410499572753906 -0.0515975952148438
0.0157089233398438 -0.0911026000976563 0.01226806640625 -0.0496902465820313
0.0125732421875 -0.085601806640625 2.67028808593736E-05 -0.026580810546875
0.012359619140625 -0.0962295532226563 0.000829219818115235 -0.00507736206054688
0.03558349609375 -0.0907745361328125 -0.0053262710571289 0.000256538391113276
0.0770721435546875 -0.060302734375 -0.01763916015625 0.0134181976318359
0.0992813110351563 -0.0145797729492188 -0.025390625 0.000511169433593747
0.0828323364257813 0.0745010375976563 -0.0304241180419922 -0.0221500396728516
0.0431900024414062 0.127838134765625 0.00183486938476563 -0.0224075317382812
-0.0146636962890625 0.138565063476563 -0.00300788879394531 0.0199718475341797
-0.0748443603515625 0.114700317382813 0.0615310668945312 0.0870361328125
-0.0303497314453125 0.131179809570313 0.0320205688476563 0.107002258300781
0.0295562744140625 0.129646301269531 0.0458602905273438 0.0833511352539063
0.0961074829101562 0.0702362060546875 0.0713424682617188 0.0476913452148438
0.100738525390625 -0.0054168701171875 0.0568580627441406 0.00652313232421875
0.0706253051757812 -0.0714340209960938 0.0313262939453125 -0.0171909332275391
0.02459716796875 -0.0933609008789063 0.0143117904663086 -0.0132284164428711
0.0174560546875 -0.087554931640625 0.0061030387878418 0.00580596923828124
0.018035888671875 -0.0994186401367187 0.00426673889160156 0.0266628265380859
0.0413436889648438 -0.0924530029296875 -0.00899124145507812 0.0289287567138672
0.0817337036132812 -0.0576858520507812 -0.0258064270019531 0.0329570770263672
0.099395751953125 -0.007354736328125 -0.032562255859375 0.0105037689208984
0.071197509765625 0.0810470581054688 -0.0287628173828125 -0.014739990234375
0.021636962890625 0.124984741210938 0.00903892517089844 0.00173091888427735
-0.03509521484375 0.121864318847656 -0.0155143737792969 0.0591888427734375
-0.0808792114257813 0.0655059814453125 0.03369140625 0.119728088378906
-0.05364990234375 0.0946044921875 0.0150299072265625 0.1285400390625
-0.00191497802734375 0.108924865722656 0.032135009765625 0.0870742797851563
0.0670623779296875 0.07421875 0.0470809936523438 0.0543022155761719
0.0855484008789063 0.0087738037109375 0.0341587066650391 0.0245723724365234
0.0686912536621094 -0.0565147399902344 0.0194549560546875 0.0140895843505859
0.028656005859375 -0.0798873901367188 0.01336669921875 0.0219860076904297
0.0214691162109375 -0.075714111328125 0.0111045837402344 0.0371780395507812
0.0210037231445313 -0.0883026123046875 0.00694656372070313 0.056182861328125
0.0415573120117187 -0.0823135375976563 -0.0143013000488281 0.0558738708496094
0.0782089233398437 -0.0465621948242187 -0.0344963073730469 0.0512046813964844
0.090484619140625 0.00206756591796875 -0.0416183471679687 0.0190277099609375
0.0517196655273438 0.082672119140625 -0.0297412872314453 -0.00999832153320312
-0.00489807128906251 0.111068725585938 0.0100860595703125 0.0215854644775391
-0.0551834106445313 0.0911407470703125 -0.0358963012695312 0.0912857055664063
-0.0732345581054688 0.00691223144531249 0.010589599609375 0.132652282714844
-0.062713623046875 0.0405235290527344 0.00334167480468751 0.132392883300781
-0.0281524658203125 0.0665855407714844 0.0233840942382813 0.0804443359375
0.0284194946289063 0.0610237121582031 0.0275497436523438 0.0530891418457031
0.0545005798339844 0.0184555053710938 0.0152263641357422 0.0332546234130859
0.0529060363769531 -0.0323524475097656 0.008056640625 0.0360450744628906
0.0275650024414062 -0.0533256530761719 0.0117835998535156 0.0490684509277344
0.0200347900390625 -0.0527076721191406 0.0144729614257813 0.0624160766601563
0.0211944580078125 -0.0640144348144531 0.00787353515625 0.0809783935546875
0.0369834899902344 -0.0608062744140625 -0.0204238891601563 0.079010009765625
0.0648651123046875 -0.0312614440917969 -0.0445480346679687 0.0657005310058594
0.0708465576171875 0.0104293823242188 -0.0522308349609375 0.02508544921875
0.0277481079101563 0.0740890502929688 -0.0344047546386719 -0.00704383850097657
-0.0284194946289062 0.0836257934570313 0.00232696533203125 0.0369033813476563
-0.0681114196777344 0.0479354858398437 -0.060302734375 0.110572814941406
0.0540390014648438 0.0143661499023438 0.0692367553710937 -0.11029052734375
0.0403213500976563 -0.0421791076660156 0.0174598693847656 -0.037322998046875
-0.01116943359375 -0.0481185913085938 0.0377693176269531 0.00927734375
-0.0391426086425781 -0.0190582275390625 0.0736541748046875 -0.0205307006835937
-0.0390434265136719 0.011077880859375 0.05975341796875 -0.071746826171875
-0.0236320495605469 0.0354957580566406 0.0206298828125 -0.103569030761719
-0.0156059265136719 0.0295982360839844 -0.0120697021484375 -0.100761413574219
-0.0199813842773437 0.0221729278564453 -0.01812744140625 -0.079498291015625
-0.0256233215332031 0.0228633880615234 -0.0123519897460938 -0.06396484375
-0.0330066680908203 0.000860214233398442 -0.0067138671875 -0.0516357421875
-0.0234317779541016 -0.0275154113769531 -0.00641632080078125 -0.0391349792480469
0.0077362060546875 -0.0381546020507813 -0.0110893249511719 -0.0502357482910156
0.0491943359375 -0.0195503234863281 -0.0116806030273437 -0.0828475952148438
0.0641517639160156 0.0163002014160156 -0.00121307373046875 -0.123573303222656
0.0488395690917969 0.0455703735351563 0.0087127685546875 -0.125877380371094
0.0383758544921875 0.0674018859863281 0.0892562866210938 -0.0948562622070313
0.0521278381347656 0.00785446166992188 0.0314674377441406 -0.0284080505371094
0.0204696655273438 -0.014556884765625 0.0477218627929687 0.0159111022949219
0.000711441040039062 -0.0161237716674805 0.0874786376953125 -0.0177993774414063
-0.00787162780761719 -0.00673103332519531 0.0721893310546875 -0.0721817016601563
-0.00851297378540039 0.00130462646484375 0.0292816162109375 -0.109794616699219
-0.0126743316650391 -0.00708484649658203 -0.00899505615234376 -0.107383728027344
-0.0135011672973633 -0.0125322341918945 -0.0178070068359375 -0.0828857421875
-0.0156478881835937 -0.0150508880615234 -0.0110397338867188 -0.0658073425292969
-0.00912857055664063 -0.0289974212646484 -0.00363922119140625 -0.0534744262695312
0.0126914978027344 -0.0361862182617188 -0.00540351867675781 -0.0346050262451172
0.0418777465820313 -0.0245590209960938 -0.0110244750976562 -0.0393486022949219
0.0629539489746094 0.0200042724609375 -0.0189666748046875 -0.0667724609375
0.0610427856445313 0.0658340454101563 -0.00713348388671874 -0.102973937988281
0.0319137573242187 0.09271240234375 0.0119400024414063 -0.101905822753906
0.0130386352539062 0.113380432128906 0.1019287109375 -0.0634994506835937
0.0511703491210938 0.0629196166992188 0.043182373046875 -0.00599288940429687
0.049285888671875 0.0295829772949219 0.0562667846679688 0.0296745300292969
0.0457572937011719 -0.00368881225585938 0.0982818603515625 -0.00711822509765625
0.0294342041015625 -0.0217628479003906 0.0814666748046875 -0.0629119873046875
0.0122642517089844 -0.0335636138916016 0.0378799438476562 -0.102874755859375
-0.0059661865234375 -0.0437049865722656 -0.00301361083984375 -0.1015625
-0.00605010986328126 -0.04461669921875 -0.0144805908203125 -0.0739974975585938
-0.00632476806640625 -0.0502281188964844 -0.00867843627929688 -0.0547561645507813
0.0110740661621094 -0.0559844970703125 -0.0043792724609375 -0.0442886352539063
0.0420989990234375 -0.0474586486816406 -0.0084228515625 -0.0233116149902344
0.0698471069335938 -0.01995849609375 -0.0150928497314453 -0.0267734527587891
0.0761489868164063 0.0469512939453125 -0.0267486572265625 -0.0497932434082031
0.060943603515625 0.100486755371094 -0.0109710693359375 -0.0769805908203125
0.0184783935546875 0.124404907226563 0.00911712646484376 -0.0671539306640625
-0.018646240234375 0.140884399414062 0.101028442382813 -0.0163726806640625
0.034271240234375 0.111923217773438 0.04913330078125 0.028961181640625
0.064422607421875 0.0785903930664062 0.0606193542480469 0.0483436584472656
0.0849609375 0.0190048217773437 0.100326538085938 0.0102615356445313
0.0667572021484375 -0.0277175903320312 0.0840301513671875 -0.043792724609375
0.0361366271972656 -0.0607948303222656 0.0421066284179687 -0.0824356079101563
0.0030364990234375 -0.0731430053710937 0.00438690185546875 -0.0810928344726563
0.00197601318359375 -0.0705184936523437 -0.00911331176757812 -0.0543708801269531
0.00191497802734376 -0.0792160034179688 -0.00505638122558594 -0.0335521697998047
0.0241470336914063 -0.0787734985351563 -0.00622177124023437 -0.0250587463378906
0.0625495910644531 -0.0574798583984375 -0.0141153335571289 -0.0070343017578125
0.0893783569335938 -0.0193099975585938 -0.0209007263183594 -0.0132904052734375
0.0854034423828125 0.0625686645507813 -0.0305938720703125 -0.0343036651611328
0.0585861206054687 0.120147705078125 -0.00712203979492187 -0.0492630004882812
0.00455474853515626 0.139915466308594 0.00443840026855469 -0.0258731842041016
-0.0504150390625 0.143280029296875 0.0870285034179688 0.0365219116210938
0.00432586669921874 0.138626098632813 0.0452423095703125 0.0695266723632813
0.058929443359375 0.117218017578125 0.0557212829589844 0.0691757202148438
0.105018615722656 0.0466537475585937 0.0912551879882813 0.030731201171875
0.0942916870117188 -0.0223922729492188 0.0750656127929688 -0.0176239013671875
0.0573501586914063 -0.0760345458984375 0.0406074523925781 -0.0513496398925781
0.0134963989257812 -0.0914459228515625 0.0103530883789063 -0.0502738952636719
0.00955963134765624 -0.0857925415039063 -0.0018310546875 -0.0259971618652344
0.00855255126953125 -0.0961380004882813 -0.000582218170166015 -0.00497961044311524
0.0328598022460937 -0.0922775268554687 -0.00822830200195312 0.000492095947265619
0.07574462890625 -0.0629959106445313 -0.0199146270751953 0.0128955841064453
0.0989151000976562 -0.01727294921875 -0.0259971618652344 -0.00092697143554688
0.0848922729492187 0.0736618041992188 -0.0298328399658203 -0.0233898162841797
0.0469970703125 0.127639770507813 0.00152015686035157 -0.0236282348632812
-0.0128936767578125 0.138885498046875 -0.00308799743652344 0.016932487487793
-0.0722808837890625 0.117530822753906 0.0614471435546875 0.0857086181640625
-0.0277557373046875 0.132209777832031 0.030853271484375 0.105674743652344
0.03302001953125 0.1295166015625 0.0439605712890625 0.08331298828125
0.0980758666992188 0.06842041015625 0.0699043273925781 0.0474281311035156
0.100639343261719 -0.00769805908203125 0.0569915771484375 0.00738525390625
0.0690231323242188 -0.0739517211914063 0.0324573516845703 -0.01708984375
0.021636962890625 -0.09295654296875 0.0137910842895508 -0.0132942199707031
0.0155029296875 -0.0873260498046875 0.00508737564086914 0.00602149963378906
0.0135726928710938 -0.0997467041015625 0.00366592407226563 0.0261898040771484
0.0374984741210937 -0.094024658203125 -0.0108547210693359 0.0289478302001953
0.0803680419921875 -0.0595932006835938 -0.0264167785644531 0.0326156616210937
0.0997467041015625 -0.00966644287109375 -0.0328006744384766 0.0105113983154297
0.0736770629882813 0.0803298950195313 -0.0283908843994141 -0.0154895782470703
0.0252151489257813 0.125282287597656 0.00902938842773438 -0.000609397888183586
-0.0337600708007813 0.121810913085938 -0.0155715942382813 0.0574874877929688
-0.0797119140625 0.0687255859375 0.0345230102539063 0.1195068359375
-0.0522842407226563 0.0960311889648438 0.0157012939453125 0.127540588378906
0.000961303710937505 0.109710693359375 0.0305328369140625 0.0874252319335937
0.0699234008789063 0.0727005004882813 0.0462493896484375 0.0549125671386719
0.0850296020507813 0.006317138671875 0.0348682403564453 0.0247631072998047
0.0666465759277344 -0.0587730407714844 0.0202293395996094 0.0139179229736328
0.0261764526367187 -0.08038330078125 0.0137214660644531 0.0213527679443359
0.0186004638671875 -0.0760040283203125 0.010833740234375 0.0366897583007812
0.017974853515625 -0.0883941650390625 0.00702667236328125 0.055999755859375
0.0386428833007813 -0.083251953125 -0.0146903991699219 0.0554656982421875
0.07635498046875 -0.0497665405273438 -0.0346946716308594 0.05084228515625
0.0905075073242188 2.288818359375E-05 -0.0419425964355469 0.0188484191894531
0.054229736328125 0.0823440551757813 -0.0297908782958984 -0.0107879638671875
-0.00120544433593751 0.111610412597656 0.0102710723876953 0.0198612213134766
-0.0533447265625 0.0914993286132813 -0.0343551635742188 0.08953857421875
-0.0726547241210938 0.00977325439453125 0.011260986328125 0.132568359375
-0.0612945556640625 0.0430717468261719 0.003387451171875 0.131523132324219
-0.0260276794433594 0.0682334899902344 0.0209274291992188 0.0815277099609375
0.0311431884765625 0.05999755859375 0.026702880859375 0.0537452697753906
0.054412841796875 0.0163040161132813 0.0157470703125 0.0336532592773438
0.0522270202636719 -0.0340728759765625 0.00968551635742188 0.0359230041503906
0.0244064331054688 -0.053924560546875 0.0126609802246094 0.0487174987792969
0.018798828125 -0.0536842346191406 0.0149345397949219 0.0618820190429688
0.018218994140625 -0.0648460388183594 0.0091094970703125 0.0810699462890625
0.03424072265625 -0.062042236328125 -0.0204086303710938 0.079925537109375
0.0634002685546875 -0.0335311889648438 -0.044677734375 0.0665283203125
0.0715484619140625 0.00815582275390625 -0.0525436401367187 0.0251960754394531
0.0298233032226562 0.0737762451171875 -0.0349788665771484 -0.00768089294433594
-0.0264892578125 0.0848541259765625 0.00317573547363281 0.0346870422363281
-0.066497802734375 0.0489654541015625 -0.059112548828125 0.110160827636719
0.0550537109375 0.0128898620605469 0.0698165893554688 -0.114242553710938
0.0406532287597656 -0.0439529418945313 0.0167579650878906 -0.0373115539550781
-0.0125961303710938 -0.0480728149414062 0.0387992858886719 0.009918212890625
-0.0406761169433594 -0.0185089111328125 0.0764389038085938 -0.0206375122070313
-0.0388984680175781 0.0125846862792969 0.061065673828125 -0.0728988647460938
-0.0225906372070312 0.0357475280761719 0.0198211669921875 -0.106048583984375
-0.0139579772949219 0.0301361083984375 -0.0135040283203125 -0.102645874023437
-0.0204849243164063 0.0230197906494141 -0.0196075439453125 -0.0806961059570313
-0.0249538421630859 0.0242881774902344 -0.0149383544921875 -0.06475830078125
-0.0329093933105469 0.0020599365234375 -0.00992584228515625 -0.0527687072753906
-0.0245208740234375 -0.0260009765625 -0.00779342651367187 -0.0415077209472656
0.00652313232421875 -0.0378837585449219 -0.0109214782714844 -0.0529403686523438
0.0487861633300781 -0.0211753845214844 -0.009765625 -0.084686279296875
0.0655479431152344 0.0151901245117188 -0.00130462646484375 -0.126800537109375
0.0506057739257813 0.0457496643066406 0.0093536376953125 -0.130867004394531
0.0393905639648438 0.0674972534179688 0.0905303955078125 -0.09869384765625
0.0531005859375 0.0073394775390625 0.0311546325683594 -0.0281791687011719
0.0205879211425781 -0.0154628753662109 0.0478706359863281 0.017425537109375
0.000255584716796874 -0.0152482986450195 0.0899658203125 -0.0182037353515625
-0.00787782669067383 -0.00671815872192383 0.0734710693359375 -0.0738601684570313
-0.00703001022338867 0.00100135803222656 0.0288009643554687 -0.111503601074219
-0.0121097564697266 -0.00721549987792969 -0.0105819702148437 -0.109420776367188
-0.0139093399047852 -0.0117788314819336 -0.01904296875 -0.0833206176757813
-0.0157766342163086 -0.015080451965332 -0.0125007629394531 -0.0660552978515625
-0.00932693481445313 -0.0288314819335938 -0.00604629516601563 -0.0545806884765625
0.0123291015625 -0.0366020202636719 -0.00716400146484375 -0.0382118225097656
0.0420303344726562 -0.0255508422851563 -0.0110282897949219 -0.0426292419433594
0.0639610290527344 0.01959228515625 -0.0176734924316406 -0.0689125061035156
0.0629653930664063 0.0654945373535156 -0.00683593749999999 -0.105445861816406
0.0334625244140625 0.093597412109375 0.0115814208984375 -0.106895446777344
0.0149459838867188 0.114913940429688 0.1033935546875 -0.066497802734375
0.0524826049804688 0.0637741088867188 0.0429153442382813 -0.00703048706054687
0.0510330200195313 0.0303688049316406 0.0566635131835937 0.0313720703125
0.0472259521484375 -0.00369644165039062 0.0996627807617188 -0.00757598876953125
0.0305938720703125 -0.0216217041015625 0.0833358764648438 -0.0642776489257813
0.0134258270263672 -0.0342063903808594 0.0381546020507813 -0.105438232421875
-0.00630569458007813 -0.0444602966308594 -0.0045928955078125 -0.10333251953125
-0.00646209716796875 -0.0448684692382813 -0.016693115234375 -0.0751419067382812
-0.00754547119140625 -0.0518569946289063 -0.0112953186035156 -0.0553398132324219
0.00967025756835938 -0.0572013854980469 -0.0071258544921875 -0.045318603515625
0.0431175231933594 -0.0485153198242188 -0.0102558135986328 -0.0256938934326172
0.070953369140625 -0.0211105346679687 -0.014892578125 -0.0300788879394531
0.0790786743164063 0.0478973388671875 -0.02569580078125 -0.0520744323730469
0.0636825561523437 0.101753234863281 -0.0103836059570312 -0.0800094604492188
0.0196075439453125 0.127525329589844 0.0094146728515625 -0.0707855224609375
-0.018157958984375 0.144271850585938 0.102165222167969 -0.0186767578125
0.0359268188476562 0.114646911621094 0.0490455627441406 0.028717041015625
0.06787109375 0.0802154541015625 0.0600700378417969 0.050567626953125
0.0878067016601562 0.0193862915039062 0.103042602539063 0.0117034912109375
0.0680351257324219 -0.0289115905761719 0.0847854614257813 -0.0444183349609375
0.0364456176757813 -0.0632133483886719 0.0428695678710937 -0.0838775634765625
0.00261688232421875 -0.0747604370117188 0.00315093994140626 -0.082733154296875
0.00109100341796875 -0.0721282958984375 -0.0106658935546875 -0.0549850463867188
0.000122070312500006 -0.08087158203125 -0.00680160522460938 -0.0336627960205078
0.0235671997070313 -0.0811691284179688 -0.00961112976074219 -0.0257091522216797
0.0635719299316406 -0.0600357055664063 -0.0165424346923828 -0.00823211669921875
0.0910873413085937 -0.02099609375 -0.0209140777587891 -0.0160465240478516
0.0890274047851563 0.0633697509765625 -0.0305023193359375 -0.0371932983398438
0.0611801147460938 0.122337341308594 -0.00684356689453125 -0.05224609375
0.0052642822265625 0.143569946289063 0.00461387634277344 -0.0283889770507812
-0.0496978759765625 0.14739990234375 0.08929443359375 0.0363311767578125
0.00625610351562499 0.142044067382813 0.0449676513671875 0.0708694458007813
0.0619659423828125 0.119476318359375 0.0556449890136719 0.0702018737792969
0.109359741210937 0.0467529296875 0.0918502807617188 0.0326385498046875
0.0959091186523438 -0.0240249633789063 0.0770034790039062 -0.0174331665039062
0.05731201171875 -0.0790786743164063 0.0418777465820313 -0.0526580810546875
0.01226806640625 -0.093414306640625 0.009002685546875 -0.0506782531738281
0.0083465576171875 -0.0871429443359375 -0.00375747680664062 -0.0266036987304688
0.00611877441406251 -0.09906005859375 -0.00183439254760742 -0.00441789627075196
0.0315017700195313 -0.0943145751953125 -0.0117254257202148 9.53674316406167E-05
0.0763320922851563 -0.0660018920898438 -0.0223731994628906 0.0117168426513672
0.101905822753906 -0.0187530517578125 -0.0273170471191406 -0.00240516662597656
0.0891952514648438 0.0746383666992188 -0.0298080444335937 -0.0250740051269531
0.0511932373046875 0.130966186523438 0.0014801025390625 -0.0258979797363281
-0.0113983154296875 0.142105102539063 -0.00326347351074219 0.0157899856567383
-0.0726242065429687 0.121086120605469 0.0641708374023438 0.0865936279296875
-0.0263137817382812 0.136589050292969 0.0309982299804687 0.107437133789063
0.0362930297851562 0.132644653320313 0.04388427734375 0.0855941772460938
0.1025390625 0.0680694580078125 0.071319580078125 0.04888916015625
0.103675842285156 -0.00981903076171875 0.0579910278320313 0.00751876831054688
0.0689010620117188 -0.0773544311523438 0.0341644287109375 -0.0175762176513672
0.0203018188476563 -0.095916748046875 0.0123920440673828 -0.0138273239135742
0.013336181640625 -0.0899810791015625 0.00376653671264649 0.00619459152221679
0.011993408203125 -0.10223388671875 0.00312614440917969 0.0269489288330078
0.0355148315429688 -0.0969467163085938 -0.0126438140869141 0.0291576385498047
0.0808486938476563 -0.0629119873046875 -0.0285663604736328 0.0329494476318359
0.101966857910156 -0.0129013061523438 -0.0341949462890625 0.0103034973144531
0.0779037475585938 0.0810623168945313 -0.02935791015625 -0.0167598724365234
0.0293807983398438 0.128524780273438 0.00902938842773438 -0.0026407241821289
-0.033538818359375 0.125198364257812 -0.0153923034667969 0.057891845703125
-0.0810546875 0.072509765625 0.0352096557617188 0.122467041015625
-0.051422119140625 0.0994186401367188 0.01434326171875 0.130195617675781
0.00395965576171876 0.113533020019531 0.029541015625 0.0890579223632813
0.0737686157226563 0.0728912353515625 0.0463027954101563 0.0574798583984375
0.0875701904296875 0.00493621826171875 0.0354499816894531 0.0268211364746094
0.0665397644042969 -0.0618324279785156 0.022247314453125 0.0139331817626953
0.02490234375 -0.0818405151367188 0.0136623382568359 0.0209732055664062
0.0167694091796875 -0.0783538818359375 0.0101509094238281 0.0366554260253906
0.01531982421875 -0.0910873413085938 0.00757217407226563 0.05682373046875
0.0370635986328125 -0.0868606567382812 -0.0162391662597656 0.0572013854980469
0.0771713256835938 -0.0529937744140625 -0.0362014770507812 0.0522956848144531
0.0926284790039062 -0.00283050537109375 -0.0427780151367187 0.0182266235351562
0.058837890625 0.0836563110351563 -0.0309238433837891 -0.0114936828613281
0.00156402587890625 0.113945007324219 0.0102386474609375 0.0185317993164063
-0.05419921875 0.0941696166992188 -0.0346145629882812 0.0908584594726563
-0.0736465454101563 0.0118942260742187 0.0121536254882812 0.135688781738281
-0.0615921020507812 0.0462760925292969 0.00273895263671875 0.134101867675781
-0.0246658325195312 0.0708999633789063 0.0202560424804687 0.0834503173828125
0.0339088439941406 0.059783935546875 0.0266189575195313 0.0572319030761719
0.0561332702636719 0.0149765014648437 0.0172653198242188 0.0358734130859375
0.0511512756347656 -0.0367393493652344 0.01177978515625 0.037445068359375
0.0241928100585938 -0.0556602478027344 0.0135765075683594 0.0488739013671875
0.0170440673828125 -0.0552215576171875 0.0161972045898438 0.0623626708984375
0.0161857604980469 -0.067169189453125 0.00986480712890626 0.0822601318359375
0.0330123901367187 -0.0646553039550781 -0.0198898315429688 0.081787109375
0.0646934509277344 -0.0362548828125 -0.0452461242675781 0.0692253112792969
0.0728836059570313 0.00605010986328125 -0.0540542602539062 0.0252227783203125
0.0329132080078125 0.074493408203125 -0.035675048828125 -0.00770187377929688
-0.0245132446289062 0.08648681640625 0.00395965576171875 0.0343704223632813
-0.0677871704101563 0.0510597229003906 -0.0587387084960937 0.112159729003906
0.0574722290039063 0.0108985900878906 0.06915283203125 -0.12188720703125
0.0396995544433594 -0.0464820861816406 0.0166435241699219 -0.0399017333984375
-0.0154228210449219 -0.0493354797363281 0.0399208068847656 0.0110244750976562
-0.0423812866210937 -0.0171279907226562 0.0794219970703125 -0.0236740112304688
-0.0394859313964844 0.0150604248046875 0.0616836547851563 -0.0768966674804688
-0.0209197998046875 0.03765869140625 0.0186614990234375 -0.109672546386719
-0.0129909515380859 0.0318107604980469 -0.0176239013671875 -0.106353759765625
-0.0191650390625 0.0250377655029297 -0.0230560302734375 -0.082000732421875
-0.0250682830810547 0.0259494781494141 -0.0180091857910156 -0.0676536560058594
-0.0326576232910156 0.00492858886718749 -0.0117149353027344 -0.0540237426757813
-0.0270271301269531 -0.0251083374023437 -0.0101814270019531 -0.045257568359375
0.0050506591796875 -0.0397224426269531 -0.0117835998535156 -0.0567893981933594
0.0489883422851563 -0.0241203308105469 -0.0095672607421875 -0.0890426635742188
0.0668907165527344 0.0125007629394531 -0.00245666503906248 -0.131683349609375
0.0539398193359375 0.0457916259765625 0.00643920898437501 -0.137100219726562
0.0433349609375 0.0692253112792969 0.0918731689453125 -0.107673645019531
0.0552558898925781 0.00667953491210938 0.0303611755371094 -0.0313453674316406
0.0207557678222656 -0.0156745910644531 0.0500297546386719 0.0181694030761719
-4.29153442382826E-05 -0.0157566070556641 0.0929946899414062 -0.019500732421875
-0.0071563720703125 -0.00602865219116211 0.074859619140625 -0.0774917602539063
-0.00611734390258789 0.000455856323242187 0.027069091796875 -0.116470336914063
-0.0123434066772461 -0.00755500793457031 -0.01519775390625 -0.112724304199219
-0.0145950317382813 -0.0115423202514648 -0.0239715576171875 -0.086029052734375
-0.0165853500366211 -0.0153799057006836 -0.0169754028320313 -0.0680427551269531
-0.009429931640625 -0.0287590026855469 -0.0099029541015625 -0.0562782287597656
0.0111618041992187 -0.0372200012207031 -0.00982666015625 -0.0404815673828125
0.0421562194824219 -0.0267066955566406 -0.0118522644042969 -0.047210693359375
0.0661697387695313 0.0181961059570313 -0.0173263549804687 -0.072662353515625
0.067047119140625 0.066314697265625 -0.00795745849609376 -0.110359191894531
0.0381546020507812 0.0970611572265625 0.010467529296875 -0.112815856933594
0.0186309814453125 0.119338989257813 0.105850219726563 -0.072998046875
0.0558738708496094 0.0646858215332031 0.043548583984375 -0.00681686401367187
0.0533905029296875 0.0305747985839844 0.0588302612304688 0.0324325561523438
0.0484275817871094 -0.005126953125 0.1044921875 -0.00865936279296875
0.0314579010009766 -0.0234870910644531 0.0856552124023438 -0.0670318603515625
0.0139503479003906 -0.0368309020996094 0.0364456176757813 -0.109443664550781
-0.0065460205078125 -0.0460777282714844 -0.00836181640625001 -0.106422424316406
-0.00822830200195312 -0.0460166931152344 -0.0199127197265625 -0.076690673828125
-0.00965499877929688 -0.053497314453125 -0.0142364501953125 -0.056427001953125
0.00827789306640625 -0.0597915649414063 -0.011505126953125 -0.0462074279785156
0.0422439575195313 -0.0519752502441406 -0.0137958526611328 -0.0280513763427734
0.0729446411132813 -0.0241775512695313 -0.0167980194091797 -0.0333404541015625
0.083709716796875 0.0468215942382813 -0.0256423950195312 -0.0546417236328125
0.0697784423828125 0.103538513183594 -0.012451171875 -0.0837326049804687
0.0236892700195313 0.1317138671875 0.00806427001953125 -0.0762557983398437
-0.0136566162109375 0.151611328125 0.107185363769531 -0.0231094360351562
0.0408935546875 0.117607116699219 0.050201416015625 0.0284576416015625
0.072998046875 0.080810546875 0.0619468688964844 0.0534400939941406
0.0924453735351563 0.0170745849609375 0.105918884277344 0.00998687744140625
0.071197509765625 -0.03216552734375 0.0871353149414063 -0.0470046997070313
0.0365715026855469 -0.0671195983886719 0.0417251586914062 -0.0880661010742188
9.15527343749935E-05 -0.0777587890625 -0.000717163085937501 -0.0855865478515625
-0.00130462646484375 -0.0747909545898438 -0.0141220092773437 -0.0557518005371094
-0.00276947021484375 -0.084259033203125 -0.0101833343505859 -0.0343246459960938
0.0214920043945312 -0.0848236083984375 -0.0132579803466797 -0.0270252227783203
0.0640068054199219 -0.0647125244140625 -0.0189952850341797 -0.00976943969726563
0.09423828125 -0.02520751953125 -0.0225658416748047 -0.0188236236572266
0.0951766967773438 0.0634536743164063 -0.0310859680175781 -0.0397872924804688
0.068756103515625 0.124717712402344 -0.00831985473632812 -0.0548858642578125
0.00909423828125 0.14996337890625 0.00339126586914063 -0.0320453643798828
-0.048095703125 0.156280517578125 0.093994140625 0.0345840454101563
0.010223388671875 0.146957397460938 0.0464401245117188 0.0714874267578125
0.0695419311523438 0.122230529785156 0.0586318969726563 0.0752334594726563
0.116256713867188 0.0451431274414063 0.0958480834960938 0.0324020385742187
0.100189208984375 -0.0276718139648438 0.0789642333984375 -0.019744873046875
0.0572967529296875 -0.0837783813476563 0.0414161682128906 -0.0550117492675781
0.0095672607421875 -0.0975265502929688 0.00802230834960937 -0.0535964965820313
0.00492858886718751 -0.0913162231445313 -0.00519752502441406 -0.0259132385253906
0.0029296875 -0.103477478027344 -0.00343513488769531 -0.0043480396270752
0.0284881591796875 -0.100006103515625 -0.0147247314453125 0.000484466552734366
0.0765304565429688 -0.0718536376953125 -0.0242633819580078 0.0131759643554687
0.1060791015625 -0.02325439453125 -0.0286483764648437 -0.00372886657714844
0.0964584350585938 0.075225830078125 -0.0306606292724609 -0.026947021484375
0.0578155517578125 0.134422302246094 0.00178527832031251 -0.0287818908691406
-0.00921630859375001 0.14837646484375 -0.002685546875 0.0145406723022461
-0.0720291137695313 0.129547119140625 0.0685958862304688 0.0894317626953125
-0.02374267578125 0.142044067382813 0.0329437255859375 0.111045837402344
0.0436859130859375 0.137138366699219 0.0449676513671875 0.0889205932617188
0.109817504882813 0.0676727294921875 0.0736007690429688 0.0514450073242188
0.107276916503906 -0.013458251953125 0.0612335205078125 0.00774765014648437
0.0691680908203125 -0.083221435546875 0.0353927612304688 -0.0189743041992188
0.0177993774414062 -0.0993194580078125 0.0125751495361328 -0.0148983001708984
0.0109481811523437 -0.0938720703125 0.00352334976196289 0.00625276565551757
0.00772857666015624 -0.107635498046875 0.0033111572265625 0.0278835296630859
0.0334320068359375 -0.102745056152344 -0.015167236328125 0.0306797027587891
0.0828857421875 -0.0701370239257813 -0.0303707122802734 0.0347843170166016
0.106452941894531 -0.01654052734375 -0.0358085632324219 0.00958251953125
0.0855255126953125 0.082916259765625 -0.0310268402099609 -0.0192966461181641
0.035675048828125 0.132369995117188 0.0107707977294922 -0.00451278686523437
-0.0309906005859375 0.131828308105469 -0.0148277282714844 0.0578117370605469
-0.0814361572265625 0.0795440673828125 0.0389480590820312 0.12640380859375
-0.05029296875 0.106101989746094 0.0157546997070312 0.135246276855469
0.00872802734374999 0.117729187011719 0.03009033203125 0.093353271484375
0.0800628662109375 0.0728530883789063 0.0490531921386719 0.0594825744628906
0.0918502807617188 0.00153350830078125 0.03826904296875 0.027374267578125
0.0670127868652344 -0.0667343139648438 0.0240039825439453 0.0141220092773437
0.021881103515625 -0.0869369506835938 0.0150985717773438 0.0216331481933594
0.0143890380859375 -0.082061767578125 0.0118331909179688 0.0384063720703125
0.0127410888671875 -0.0951690673828125 0.00876998901367188 0.0582160949707031
0.0341339111328125 -0.0917587280273438 -0.0164947509765625 0.0596084594726563
0.078704833984375 -0.0592803955078125 -0.0373802185058594 0.0553855895996094
0.0968704223632813 -0.006683349609375 -0.04498291015625 0.019927978515625
0.0643463134765625 0.0857391357421875 -0.0322055816650391 -0.0127811431884766
0.00707244873046876 0.118911743164063 0.0119285583496094 0.016718864440918
-0.0535964965820313 0.0997314453125 -0.0333404541015625 0.0944137573242188
-0.076690673828125 0.0167388916015625 0.01434326171875 0.143508911132813
-0.062164306640625 0.0503692626953125 0.00393676757812499 0.140083312988281
-0.0219573974609375 0.0747222900390625 0.0202407836914063 0.0875396728515625
0.0389595031738281 0.0612602233886719 0.0276222229003906 0.0614204406738281
0.0585594177246094 0.0126075744628906 0.0196113586425781 0.0380477905273438
0.0521736145019531 -0.0408248901367188 0.0143508911132813 0.0379257202148438
0.0218048095703125 -0.0586318969726562 0.0155372619628906 0.0494537353515625
0.0143966674804688 -0.0585098266601563 0.0173187255859375 0.0644645690917969
0.0136795043945313 -0.0704193115234375 0.0123977661132813 0.0842361450195313
0.0304374694824219 -0.0682868957519531 -0.0189285278320312 0.085601806640625
0.0647201538085938 -0.0409202575683594 -0.04522705078125 0.0710983276367188
0.0750350952148437 0.004547119140625 -0.0563392639160156 0.0272178649902344
0.0380401611328125 0.0774993896484375 -0.0372467041015625 -0.00959777832031249
-0.02044677734375 0.0913619995117188 0.00602912902832031 0.0338726043701172
-0.0676727294921875 0.0543174743652344 -0.0579071044921875 0.118217468261719
0.06011962890625 0.00733566284179687 0.0650634765625 -0.130813598632813
0.0380477905273438 -0.0505638122558594 0.0133895874023438 -0.0428199768066406
-0.0194206237792969 -0.0493583679199219 0.0424423217773438 0.0111007690429687
-0.0454444885253906 -0.0141716003417969 0.0816116333007813 -0.0268173217773438
-0.0389366149902344 0.0186271667480469 0.0609130859375 -0.0822982788085938
-0.0187950134277344 0.0398101806640625 0.01324462890625 -0.114707946777344
-0.0103034973144531 0.0328483581542969 -0.0234527587890625 -0.108810424804688
-0.0173912048339844 0.0269126892089844 -0.0286026000976563 -0.0837936401367188
-0.0226364135742188 0.027496337890625 -0.02264404296875 -0.0679893493652344
-0.0333976745605469 0.00719833374023437 -0.0164794921875 -0.0555953979492188
-0.0286788940429688 -0.0232658386230469 -0.0144424438476563 -0.0485992431640625
0.00229263305664062 -0.041290283203125 -0.0153617858886719 -0.0615043640136719
0.0484390258789063 -0.0282173156738281 -0.0129547119140625 -0.0915374755859375
0.0695343017578125 0.008270263671875 -0.00716400146484373 -0.136680603027344
0.0585517883300781 0.043701171875 0.000518798828125007 -0.144271850585938
0.0482292175292969 0.0687751770019531 0.0894241333007812 -0.117401123046875
0.0562858581542969 0.00243377685546875 0.0301532745361328 -0.0339202880859375
0.0207023620605469 -0.0169601440429688 0.0528984069824219 0.0179252624511719
-0.000868797302246094 -0.0150871276855469 0.0960540771484375 -0.0241775512695312
-0.00753641128540039 -0.00487899780273438 0.074676513671875 -0.0837249755859375
-0.00522565841674805 0.00037384033203125 0.0220108032226563 -0.121345520019531
-0.0114784240722656 -0.00708770751953125 -0.0215606689453125 -0.11578369140625
-0.0153045654296875 -0.0108919143676758 -0.0297622680664063 -0.0864028930664062
-0.0173044204711914 -0.014714241027832 -0.0223312377929688 -0.0692024230957031
-0.0113964080810547 -0.0286674499511719 -0.015533447265625 -0.0573692321777344
0.010162353515625 -0.0382499694824219 -0.0137100219726562 -0.0429306030273438
0.0421791076660156 -0.0300064086914063 -0.0143547058105469 -0.0506362915039063
0.0692710876464844 0.015777587890625 -0.0196456909179687 -0.0752716064453125
0.07232666015625 0.0641937255859375 -0.0124588012695312 -0.114822387695313
0.0440292358398437 0.0983200073242188 0.005035400390625 -0.119644165039062
0.0253219604492188 0.122276306152344 0.105720520019531 -0.082611083984375
0.0614967346191406 0.0629615783691406 0.04351806640625 -0.00991821289062499
0.0583992004394531 0.0289649963378906 0.062591552734375 0.0326690673828125
0.0506973266601563 -0.00684738159179688 0.107810974121094 -0.0129318237304687
0.0314407348632812 -0.0255889892578125 0.084747314453125 -0.0735244750976563
0.0125198364257813 -0.0399894714355469 0.0317459106445312 -0.114715576171875
-0.00925827026367188 -0.0474739074707031 -0.0150985717773437 -0.10882568359375
-0.0105552673339844 -0.0479850769042969 -0.026153564453125 -0.077056884765625
-0.0127487182617188 -0.0549201965332031 -0.019683837890625 -0.0575141906738281
0.00596237182617188 -0.0623703002929688 -0.0170783996582031 -0.04779052734375
0.0412559509277344 -0.0555305480957031 -0.0181617736816406 -0.0298805236816406
0.074127197265625 -0.0288009643554688 -0.0190773010253906 -0.0365333557128906
0.0891342163085938 0.0440750122070313 -0.0277214050292969 -0.0574264526367187
0.0779037475585937 0.103233337402344 -0.0149917602539062 -0.0870742797851562
0.0310134887695313 0.135978698730469 0.00415039062500001 -0.0817947387695312
-0.00640869140624999 0.15789794921875 0.109657287597656 -0.0305404663085937
0.0488815307617188 0.118667602539063 0.0524940490722656 0.0273399353027344
0.0813217163085938 0.0807647705078125 0.0660514831542969 0.0536079406738281
0.0972442626953125 0.0123138427734375 0.11041259765625 0.00669097900390625
0.0722427368164062 -0.0364837646484375 0.0882797241210938 -0.0520401000976563
0.0349960327148438 -0.073150634765625 0.0395584106445313 -0.0931320190429688
-0.003692626953125 -0.0809707641601563 -0.00536346435546876 -0.0878524780273438
-0.00604248046875 -0.0769119262695312 -0.0187454223632812 -0.0559005737304688
-0.00870513916015625 -0.0880661010742187 -0.0137500762939453 -0.0347099304199219
0.016387939453125 -0.0896224975585937 -0.0178565979003906 -0.0269336700439453
0.0629043579101563 -0.0717086791992188 -0.0228939056396484 -0.0101795196533203
0.0972518920898438 -0.0316543579101563 -0.025177001953125 -0.0201911926269531
0.103973388671875 0.0600051879882813 -0.0325851440429688 -0.0413818359375
0.0795364379882812 0.1260986328125 -0.0097808837890625 -0.0585098266601562
0.0169219970703125 0.154449462890625 0.0019073486328125 -0.035919189453125
-0.0407562255859375 0.164230346679688 0.0988082885742188 0.0307540893554688
0.0193023681640625 0.151473999023438 0.0504302978515625 0.0719757080078125
0.0800552368164063 0.123130798339844 0.061431884765625 0.075836181640625
0.122871398925781 0.0396957397460938 0.100967407226563 0.030364990234375
0.102310180664063 -0.0342788696289063 0.0820083618164063 -0.023193359375
0.0541915893554688 -0.0918807983398438 0.041412353515625 -0.0592536926269531
0.00429534912109376 -0.101417541503906 0.00371170043945313 -0.0547637939453125
-0.000396728515625006 -0.0951156616210938 -0.00850296020507813 -0.0269145965576172
-0.00444793701171875 -0.10699462890625 -0.00576877593994141 -0.00414800643920899
0.0227584838867187 -0.106040954589844 -0.0167646408081055 0.00168991088867187
0.076141357421875 -0.079559326171875 -0.0263748168945313 0.0136184692382812
0.108306884765625 -0.03155517578125 -0.0306167602539062 -0.00408554077148438
0.105499267578125 0.072021484375 -0.033050537109375 -0.0280857086181641
0.0687179565429688 0.135612487792969 0.000858306884765629 -0.0316886901855469
-0.00137329101562499 0.155624389648438 -0.00281333923339844 0.0129156112670899
-0.0671463012695313 0.139572143554687 0.0755386352539063 0.0880889892578125
-0.016754150390625 0.150131225585938 0.03857421875 0.112663269042969
0.0534439086914063 0.140029907226562 0.0485916137695313 0.0915069580078125
0.118797302246094 0.0631942749023437 0.0786285400390625 0.0510711669921875
0.110679626464844 -0.0204315185546875 0.0635147094726563 0.00587844848632812
0.0666046142578125 -0.0918807983398437 0.0366020202636719 -0.0211944580078125
0.0118255615234375 -0.104888916015625 0.0116367340087891 -0.0162448883056641
0.0048980712890625 -0.097900390625 0.00327157974243164 0.00636911392211914
0.00012969970703124 -0.111557006835937 0.00294685363769532 0.029022216796875
0.0262298583984375 -0.108650207519531 -0.0153007507324219 0.0333442687988281
0.0803070068359375 -0.0782394409179688 -0.0309944152832031 0.037841796875
0.109573364257813 -0.0247116088867188 -0.036529541015625 0.0104141235351563
0.0945587158203125 0.0808792114257813 -0.0322647094726562 -0.019256591796875
0.0462265014648437 0.134422302246094 0.0105056762695313 -0.00744342803955077
-0.0253219604492188 0.138519287109375 -0.012451171875 0.0594558715820313
-0.0795135498046875 0.088134765625 0.04742431640625 0.129707336425781
-0.0455551147460938 0.113174438476562 0.022247314453125 0.139572143554688
0.0167922973632813 0.123344421386719 0.0343093872070313 0.0964584350585938
0.0880966186523438 0.0703125 0.0528755187988281 0.0609855651855469
0.0955429077148438 -0.0036773681640625 0.0413131713867188 0.027313232421875
0.0650405883789062 -0.0747528076171875 0.0270252227783203 0.0139274597167969
0.0165634155273438 -0.0903167724609375 0.0161418914794922 0.0215797424316406
0.00872039794921876 -0.0853042602539063 0.0128822326660156 0.0385551452636719
0.00555419921875 -0.0995254516601563 0.0116691589355469 0.0600967407226563
0.0283050537109375 -0.09716796875 -0.0153579711914063 0.0634384155273438
0.077392578125 -0.0661087036132813 -0.0360527038574218 0.0591506958007812
0.0999984741210938 -0.0130386352539063 -0.0458030700683594 0.0222053527832031
0.0733566284179688 0.0844039916992188 -0.033843994140625 -0.0133018493652344
0.0159988403320313 0.12274169921875 0.0133647918701172 0.0151500701904297
-0.0493850708007812 0.106689453125 -0.0297698974609375 0.0986251831054688
-0.0779495239257813 0.022613525390625 0.0232391357421875 0.149017333984375
-0.0611228942871094 0.0567207336425781 0.00981140136718751 0.145492553710938
-0.0176239013671875 0.0792999267578125 0.0230178833007813 0.091156005859375
0.0447311401367188 0.0601158142089844 0.0314712524414063 0.0629119873046875
0.063446044921875 0.00937271118164063 0.0224266052246094 0.0400009155273438
0.0503387451171875 -0.0458641052246094 0.0176620483398438 0.0391273498535156
0.0177345275878906 -0.0623855590820312 0.0187149047851562 0.0504989624023437
0.01165771484375 -0.0608062744140625 0.0214118957519531 0.0649070739746094
0.00933837890624999 -0.0736770629882813 0.0171432495117187 0.0863494873046875
0.0265960693359375 -0.0723648071289062 -0.016754150390625 0.0893096923828125
0.0645713806152344 -0.0468177795410156 -0.0445175170898438 0.0768203735351563
0.0790481567382813 -0.000457763671875 -0.0574455261230469 0.0305061340332031
0.044403076171875 0.0774993896484375 -0.0397186279296875 -0.00916290283203124
-0.0153350830078125 0.09490966796875 0.00778007507324219 0.0324783325195313
-0.0674896240234375 0.0601463317871094 -0.053619384765625 0.125396728515625
0.0610542297363281 0.0035858154296875 0.0547866821289063 -0.13818359375
0.0346221923828125 -0.0539779663085938 0.00935745239257813 -0.0437965393066406
-0.0236129760742187 -0.0476455688476563 0.0431556701660156 0.00913238525390625
-0.0473442077636719 -0.0101776123046875 0.0824356079101563 -0.0317001342773438
-0.0370063781738281 0.0229377746582031 0.0578765869140625 -0.0874557495117188
-0.0153236389160156 0.041656494140625 0.00664520263671874 -0.116409301757813
-0.0076141357421875 0.0337810516357422 -0.0317459106445312 -0.108100891113281
-0.0147285461425781 0.0297584533691406 -0.0351028442382813 -0.0820541381835938
-0.0208797454833984 0.0300426483154297 -0.0285453796386719 -0.0671157836914063
-0.0334262847900391 0.00970268249511719 -0.0205841064453125 -0.0544776916503906
-0.0302562713623047 -0.0208320617675781 -0.0189170837402344 -0.0493316650390625
-0.00150680541992188 -0.0419464111328125 -0.0193710327148437 -0.0630607604980469
0.0457725524902344 -0.0323562622070313 -0.0177078247070312 -0.0935287475585938
0.0699958801269531 0.00337982177734375 -0.0146560668945312 -0.138786315917969
0.0618362426757812 0.04071044921875 -0.008575439453125 -0.146835327148437
0.0519790649414062 0.0657501220703125 0.081329345703125 -0.1256103515625
0.0574417114257812 -0.00147247314453125 0.0265312194824219 -0.0362434387207031
0.0197029113769531 -0.0185184478759766 0.0544090270996094 0.0160484313964844
-0.000535964965820312 -0.0148220062255859 0.0966796875 -0.0303878784179688
-0.00792264938354492 -0.00409555435180664 0.0710678100585938 -0.08819580078125
-0.00549173355102539 0.00117349624633789 0.0146713256835937 -0.125595092773438
-0.011347770690918 -0.00741481781005859 -0.0293655395507813 -0.115928649902344
-0.0145063400268555 -0.00934505462646484 -0.0360260009765625 -0.0844955444335938
-0.0167169570922852 -0.0141782760620117 -0.0279617309570313 -0.0687141418457031
-0.0123424530029297 -0.0285549163818359 -0.0201835632324219 -0.058013916015625
0.00704574584960937 -0.0375823974609375 -0.0191841125488281 -0.0445480346679688
0.0411491394042969 -0.0333366394042969 -0.0185585021972656 -0.052642822265625
0.0695610046386719 0.0106544494628906 -0.02386474609375 -0.0759963989257813
0.0777511596679688 0.0601348876953125 -0.0194015502929687 -0.115303039550781
0.050140380859375 0.0970840454101563 -0.00243377685546874 -0.12420654296875
0.032623291015625 0.121810913085938 0.10137939453125 -0.0926055908203125
0.0652732849121094 0.0594100952148438 0.0419349670410156 -0.012969970703125
0.0613136291503906 0.0255584716796875 0.0657157897949219 0.0301628112792969
0.0520286560058594 -0.0107688903808594 0.108993530273437 -0.0189208984375
0.0328311920166016 -0.0274639129638672 0.0816192626953125 -0.079803466796875
0.0108909606933594 -0.0423240661621094 0.0255050659179688 -0.117904663085938
-0.011871337890625 -0.04827880859375 -0.0234909057617188 -0.109283447265625
-0.0133018493652344 -0.0482406616210938 -0.0314254760742188 -0.0743179321289063
-0.0171737670898437 -0.0551605224609375 -0.0249710083007812 -0.0565185546875
0.000385284423828127 -0.06427001953125 -0.0219612121582031 -0.0470008850097656
0.0380516052246094 -0.0589866638183594 -0.0224380493164063 -0.0303153991699219
0.0740966796875 -0.0334091186523438 -0.0221481323242187 -0.0381393432617188
0.0934600830078125 0.0384368896484375 -0.0294837951660156 -0.0576515197753906
0.0859298706054688 0.0996170043945313 -0.0204086303710937 -0.0874252319335938
0.0401763916015625 0.13604736328125 -0.000572204589843744 -0.0860137939453125
0.00486755371093751 0.160491943359375 0.10931396484375 -0.0403976440429687
0.0588302612304688 0.116531372070313 0.0527420043945313 0.0247650146484375
0.0873641967773437 0.0768356323242187 0.0692787170410156 0.0516014099121094
0.100044250488281 0.0053558349609375 0.11187744140625 0.0019989013671875
0.0711288452148438 -0.0426025390625 0.08770751953125 -0.0585784912109375
0.0297393798828125 -0.0767364501953125 0.0356369018554688 -0.095794677734375
-0.00913238525390626 -0.0821762084960938 -0.0116424560546875 -0.0886383056640625
-0.011871337890625 -0.0775985717773438 -0.0238685607910156 -0.054046630859375
-0.0155868530273438 -0.087493896484375 -0.0171642303466797 -0.034383773803711
0.0092315673828125 -0.091583251953125 -0.0216045379638672 -0.0254116058349609
0.058624267578125 -0.07550048828125 -0.0244426727294922 -0.00965118408203125
0.0963592529296875 -0.037872314453125 -0.0274105072021484 -0.0208721160888672
0.109779357910156 0.0544662475585938 -0.0348968505859375 -0.0420455932617187
0.0884170532226562 0.120964050292969 -0.01287841796875 -0.0598678588867188
0.02813720703125 0.156143188476563 0.000312805175781248 -0.0393905639648437
-0.03009033203125 0.169387817382812 0.104095458984375 0.02490234375
0.02978515625 0.151275634765625 0.0554733276367188 0.06976318359375
0.0906906127929688 0.119453430175781 0.0654144287109375 0.0752105712890625
0.127922058105469 0.0314712524414063 0.104461669921875 0.0258560180664063
0.102134704589844 -0.041259765625 0.082000732421875 -0.0275039672851563
0.0510482788085938 -0.0971832275390625 0.0389289855957031 -0.063873291015625
-0.0032958984375 -0.103775024414063 0.000698089599609373 -0.0559768676757813
-0.0070953369140625 -0.0953369140625 -0.0112762451171875 -0.0246810913085938
-0.0131454467773438 -0.108352661132813 -0.00747823715209961 -0.00443506240844727
0.0144805908203125 -0.110366821289063 -0.0176448822021484 0.00416564941406249
0.0710983276367188 -0.087432861328125 -0.0272693634033203 0.0141239166259766
0.108749389648438 -0.0394210815429688 -0.0316009521484375 -0.00397872924804688
0.111358642578125 0.066253662109375 -0.0342216491699219 -0.0292263031005859
0.0797271728515625 0.131134033203125 -0.00102424621582031 -0.0333194732666016
0.00796508789062499 0.156753540039063 -0.00308036804199219 0.0108013153076172
-0.0574951171875 0.146759033203125 0.0819320678710938 0.0821151733398438
-0.00718688964843749 0.1519775390625 0.0446701049804688 0.111228942871094
0.065277099609375 0.138519287109375 0.0544586181640625 0.091949462890625
0.124740600585937 0.05523681640625 0.0822219848632813 0.0468521118164062
0.111251831054688 -0.0283203125 0.0671882629394531 0.00244903564453125
0.0601348876953125 -0.0986480712890625 0.0346240997314453 -0.0240726470947266
0.00322723388671875 -0.107131958007813 0.0114030838012695 -0.016718864440918
-0.00234222412109374 -0.098907470703125 0.00283288955688476 0.00735425949096679
-0.00736236572265626 -0.112564086914063 0.00523185729980469 0.0297069549560547
0.0184402465820313 -0.112533569335938 -0.0153713226318359 0.0337371826171875
0.0743865966796875 -0.0860748291015625 -0.0292472839355469 0.0396766662597656
0.110069274902344 -0.03369140625 -0.0354766845703125 0.0112457275390625
0.101837158203125 0.0736236572265625 -0.0332050323486328 -0.0197620391845703
0.0571670532226563 0.13311767578125 0.00976848602294922 -0.00889301300048827
-0.01678466796875 0.142898559570313 -0.0083770751953125 0.0586509704589844
-0.0736083984375 0.09429931640625 0.0561370849609375 0.128532409667969
-0.0368881225585938 0.119148254394531 0.029815673828125 0.140281677246094
0.0264511108398438 0.123451232910156 0.0385589599609375 0.0963211059570313
0.0953903198242187 0.0642547607421875 0.0565834045410156 0.0604438781738281
0.0976715087890625 -0.01123046875 0.0448646545410156 0.0262184143066406
0.0609817504882813 -0.0797653198242188 0.0288887023925781 0.0121784210205078
0.010162353515625 -0.0938873291015625 0.0179443359375 0.0207557678222656
0.0030364990234375 -0.0874099731445313 0.0148124694824219 0.0381431579589844
-0.00243377685546876 -0.101570129394531 0.0147438049316406 0.0603256225585937
0.019866943359375 -0.100028991699219 -0.0122947692871094 0.0652084350585938
0.0727386474609375 -0.0745697021484375 -0.0331497192382812 0.0622138977050781
0.101463317871094 -0.0211868286132813 -0.0446395874023437 0.0250816345214844
0.0821075439453125 0.080078125 -0.0366058349609375 -0.0127677917480469
0.0261154174804687 0.12298583984375 0.0154762268066406 0.0112571716308594
-0.0423812866210938 0.111701965332031 -0.024017333984375 0.102119445800781
-0.0775833129882813 0.0296173095703125 0.0334930419921875 0.150924682617188
-0.0568046569824219 0.0611572265625 0.017608642578125 0.147430419921875
-0.0120086669921875 0.0823211669921875 0.0277175903320313 0.0926361083984375
0.0508880615234375 0.0571517944335938 0.0365943908691406 0.06353759765625
0.0635490417480469 0.00406646728515625 0.0262527465820313 0.04046630859375
0.0470848083496094 -0.050445556640625 0.0213508605957031 0.0373039245605469
0.0126228332519531 -0.0640144348144531 0.0231590270996094 0.05023193359375
0.00646209716796875 -0.0635337829589844 0.0253982543945313 0.0640144348144531
0.003509521484375 -0.0751495361328125 0.022430419921875 0.0862808227539062
0.0217666625976563 -0.0737228393554688 -0.011383056640625 0.0922317504882813
0.0618324279785156 -0.0540885925292969 -0.0414047241210938 0.0793380737304688
0.0795364379882812 -0.00785064697265625 -0.0563125610351562 0.0336837768554688
0.0515060424804688 0.0747451782226563 -0.0405998229980469 -0.00821685791015625
-0.0083465576171875 0.0960235595703125 0.00966453552246094 0.0305881500244141
-0.0652847290039063 0.0645675659179687 -0.0460357666015625 0.130096435546875
0.0587081909179688 -0.00115966796875 0.0463027954101563 -0.139427185058594
0.0293083190917969 -0.056365966796875 0.00323486328125001 -0.0425910949707031
-0.0219230651855469 -0.044677734375 0.0430526733398437 0.00683975219726562
-0.0460777282714844 -0.00786590576171875 0.0813369750976562 -0.0351333618164063
-0.0352439880371094 0.0259513854980469 0.0543060302734375 -0.0887374877929688
-0.0110397338867187 0.0413742065429688 -0.000473022460937496 -0.114616394042969
-0.00499343872070312 0.0340747833251953 -0.0386276245117187 -0.103736877441406
-0.0136680603027344 0.0298328399658203 -0.0373611450195312 -0.0766220092773438
-0.0161609649658203 0.029754638671875 -0.0324478149414063 -0.0634880065917969
-0.0298080444335937 0.0137157440185547 -0.0247001647949219 -0.0555229187011719
-0.0323352813720703 -0.0183429718017578 -0.0225906372070312 -0.0468978881835938
-0.00685501098632812 -0.0411415100097656 -0.0241813659667969 -0.065582275390625
0.0421180725097656 -0.0336227416992188 -0.0179519653320313 -0.09228515625
0.0667495727539063 -0.00320053100585938 -0.0182571411132812 -0.138809204101563
0.064178466796875 0.0359878540039063 -0.015594482421875 -0.146820068359375
0.0584907531738281 0.0628433227539063 0.0713577270507813 -0.13079833984375
0.0569267272949219 -0.00372695922851562 0.0232086181640625 -0.0363235473632813
0.0176849365234375 -0.0184917449951172 0.0536880493164063 0.0139961242675781
8.2969665527345E-05 -0.0141162872314453 0.0961837768554688 -0.0310592651367188
-0.00537681579589844 -0.00358915328979492 0.0648574829101562 -0.09234619140625
-0.00444555282592774 0.00103950500488281 0.00890350341796874 -0.123023986816406
-0.0115756988525391 -0.00783252716064453 -0.03472900390625 -0.1134033203125
-0.0139455795288086 -0.00788116455078125 -0.03985595703125 -0.0835418701171875
-0.0164003372192383 -0.0120172500610352 -0.0317001342773438 -0.0654983520507813
-0.0127830505371094 -0.0251808166503906 -0.0260581970214844 -0.0554237365722656
0.00394821166992188 -0.0373420715332031 -0.0217628479003906 -0.0433578491210938
0.0392951965332031 -0.0345230102539063 -0.0221824645996094 -0.0524024963378906
0.0687332153320313 0.0042724609375 -0.0217971801757812 -0.0761871337890625
0.0788726806640625 0.0532989501953125 -0.0223770141601562 -0.116325378417969
0.054290771484375 0.0925140380859375 -0.00798797607421875 -0.123634338378906
0.0395431518554687 0.118423461914063 0.0942535400390625 -0.09649658203125
0.0686302185058594 0.0550460815429688 0.0418014526367188 -0.0159416198730469
0.061248779296875 0.0207939147949219 0.0644378662109375 0.026641845703125
0.0515937805175781 -0.0128440856933594 0.107078552246094 -0.02386474609375
0.0321178436279297 -0.030487060546875 0.07623291015625 -0.082733154296875
0.00672149658203125 -0.0422439575195313 0.0198135375976563 -0.11602783203125
-0.0146102905273437 -0.0475120544433594 -0.02911376953125 -0.1048583984375
-0.015838623046875 -0.0476875305175781 -0.0370330810546875 -0.0704803466796875
-0.0200462341308594 -0.0530853271484375 -0.02752685546875 -0.0529937744140625
-0.00317001342773438 -0.061859130859375 -0.0271072387695312 -0.0427742004394531
0.0348434448242188 -0.0605964660644531 -0.0268573760986328 -0.027862548828125
0.0707244873046875 -0.0379791259765625 -0.0258674621582031 -0.0395469665527344
0.0939407348632813 0.0326080322265625 -0.0306930541992187 -0.0575294494628906
0.0904312133789063 0.0925674438476563 -0.0231170654296875 -0.087799072265625
0.0446701049804688 0.133506774902344 -0.00437164306640625 -0.0846939086914062
0.0144195556640625 0.159072875976563 0.104171752929688 -0.0484466552734375
0.0619888305664063 0.110633850097656 0.0522575378417969 0.0216751098632813
0.0896987915039063 0.070953369140625 0.0706634521484375 0.0484085083007813
0.0994644165039063 -0.0001983642578125 0.110816955566406 -0.00492095947265625
0.0706024169921875 -0.0444183349609375 0.082855224609375 -0.0609359741210937
0.0247726440429688 -0.0802230834960938 0.0265884399414063 -0.0968399047851563
-0.0135040283203125 -0.080718994140625 -0.0167388916015625 -0.0837249755859375
-0.0141983032226562 -0.0771713256835937 -0.0270195007324219 -0.0518150329589844
-0.0201416015625 -0.0831756591796875 -0.0196380615234375 -0.0293731689453125
0.001708984375 -0.0906219482421875 -0.0268611907958984 -0.0232715606689453
0.0531845092773438 -0.08062744140625 -0.0252647399902344 -0.00807762145996094
0.091278076171875 -0.0418319702148438 -0.0307636260986328 -0.0208625793457031
0.111351013183594 0.047698974609375 -0.0353050231933594 -0.0406036376953125
0.0925064086914063 0.117378234863281 -0.0151405334472656 -0.0600814819335937
0.0357666015625 0.15216064453125 -0.00155258178710937 -0.0397529602050781
-0.019256591796875 0.170745849609375 0.103202819824219 0.0175933837890625
0.03680419921875 0.147872924804688 0.0567855834960938 0.06671142578125
0.0955429077148438 0.114204406738281 0.065582275390625 0.0706939697265625
0.128280639648438 0.024169921875 0.102073669433594 0.0229339599609375
0.0980453491210938 -0.0481491088867188 0.0793609619140625 -0.031890869140625
0.044097900390625 -0.100982666015625 0.0335350036621094 -0.063262939453125
-0.00849914550781249 -0.100212097167969 -0.00264739990234375 -0.0549278259277344
-0.0114212036132813 -0.09649658203125 -0.0150566101074219 -0.0233116149902344
-0.0201187133789063 -0.106788635253906 -0.00663852691650391 -0.00310325622558594
0.00630950927734375 -0.106727600097656 -0.0202732086181641 0.00671577453613281
0.064208984375 -0.0928497314453125 -0.0295448303222656 0.0187263488769531
0.104217529296875 -0.0463104248046875 -0.0345420837402344 -0.00638580322265625
0.115684509277344 0.056884765625 -0.038055419921875 -0.0295448303222656
0.0879974365234375 0.124702453613281 -0.00219345092773437 -0.03533935546875
0.0166778564453125 0.157150268554688 -0.0033721923828125 0.0101652145385742
-0.04473876953125 0.152053833007812 0.0846786499023437 0.0769805908203125
0.0019683837890625 0.151412963867188 0.0481491088867188 0.106956481933594
0.0742645263671875 0.133575439453125 0.0559234619140625 0.0853347778320313
0.127403259277344 0.04730224609375 0.0823974609375 0.0442352294921875
0.110130310058594 -0.0324859619140625 0.0661811828613281 -0.00151443481445313
0.0545578002929687 -0.101524353027344 0.0375404357910156 -0.028961181640625
-0.001373291015625 -0.104766845703125 0.0107660293579102 -0.0166034698486328
-0.0086669921875 -0.0975341796875 0.00467300415039062 0.00703430175781249
-0.0160446166992188 -0.1129150390625 0.00625801086425781 0.026824951171875
0.0094146728515625 -0.1112060546875 -0.0132369995117187 0.0359954833984375
0.0704116821289063 -0.0883941650390625 -0.029022216796875 0.0405464172363281
0.104621887207031 -0.041015625 -0.0386466979980469 0.0104942321777344
0.106620788574219 0.0660400390625 -0.0330581665039062 -0.0178108215332031
0.0627822875976563 0.128890991210938 0.00847148895263672 -0.0135726928710937
-0.00962829589843749 0.14117431640625 -0.00580978393554688 0.0591201782226563
-0.0642471313476563 0.0999298095703125 0.06298828125 0.120864868164063
-0.0299301147460937 0.119491577148438 0.0348968505859375 0.136192321777344
0.0338897705078125 0.12060546875 0.0436019897460938 0.0953750610351563
0.0974655151367188 0.0546646118164063 0.0599555969238281 0.0575218200683594
0.0936660766601562 -0.0176544189453125 0.045318603515625 0.0272903442382812
0.053466796875 -0.0859603881835938 0.0301494598388672 0.0115013122558594
0.00320434570312501 -0.09075927734375 0.0179805755615234 0.0198040008544922
-0.003326416015625 -0.0852203369140625 0.0153236389160156 0.0356674194335937
-0.01007080078125 -0.10052490234375 0.0180778503417969 0.0594749450683594
0.0127182006835938 -0.101455688476563 -0.0106887817382813 0.0644340515136719
0.0657577514648438 -0.0775604248046875 -0.0315628051757812 0.0626144409179688
0.0983810424804688 -0.028533935546875 -0.0401649475097656 0.0254402160644531
0.0857162475585937 0.0734939575195313 -0.0348644256591797 -0.0106391906738281
0.03326416015625 0.120101928710938 0.0147628784179688 0.0104293823242188
-0.0358657836914062 0.114219665527344 -0.0172119140625 0.1002197265625
-0.0724029541015625 0.0337142944335937 0.039703369140625 0.1441650390625
-0.0508613586425781 0.0646171569824219 0.026885986328125 0.145492553710938
-0.00201416015625 0.08184814453125 0.0293197631835937 0.0898818969726562
0.0515708923339844 0.0496635437011719 0.0391578674316406 0.061126708984375
0.0637016296386719 -6.4849853515625E-05 0.0303535461425781 0.0399093627929687
0.0448188781738281 -0.0542755126953125 0.0281486511230469 0.0369110107421875
0.00772857666015625 -0.0650367736816406 0.0269699096679688 0.0488815307617187
0.0043792724609375 -0.0623817443847656 0.0280876159667969 0.063079833984375
-0.003173828125 -0.0738601684570313 0.027435302734375 0.0803146362304688
0.0136947631835938 -0.075958251953125 -0.00502014160156249 0.0923538208007812
0.0594596862792969 -0.0577964782714844 -0.039306640625 0.079193115234375
0.0794219970703125 -0.0111770629882813 -0.0511894226074219 0.0351028442382813
0.0570907592773438 0.0690498352050781 -0.0428810119628906 -0.00676345825195313
0.000793457031249994 0.0958480834960937 0.0121879577636719 0.0270404815673828
-0.0580177307128906 0.0686302185058594 -0.0412673950195313 0.128990173339844
0.0575790405273438 -0.00255584716796875 0.04168701171875 -0.139816284179688
0.0271186828613281 -0.0555381774902344 0.00371551513671875 -0.0429039001464844
-0.0261192321777344 -0.0428848266601562 0.0425529479980469 0.00865936279296875
-0.0455856323242187 -0.00368881225585938 0.07965087890625 -0.03570556640625
-0.0322742462158203 0.0252799987792969 0.0504150390625 -0.08697509765625
-0.00929641723632813 0.0404853820800781 -0.00253295898437499 -0.110916137695313
-0.00216484069824219 0.0326862335205078 -0.03851318359375 -0.100990295410156
-0.0100002288818359 0.0299530029296875 -0.03961181640625 -0.075469970703125
-0.0154247283935547 0.0330390930175781 -0.0339622497558594 -0.0609321594238281
-0.0281009674072266 0.0132236480712891 -0.0255699157714844 -0.050994873046875
-0.0308895111083984 -0.0132789611816406 -0.0244712829589844 -0.0481147766113281
-0.00703811645507812 -0.0376663208007813 -0.0242576599121094 -0.0642013549804688
0.0394973754882812 -0.0358314514160156 -0.0191268920898437 -0.0916061401367188
0.0671348571777344 -0.0041656494140625 -0.0211334228515625 -0.134300231933594
0.0638351440429688 0.0333442687988281 -0.01849365234375 -0.145034790039062
0.0563507080078125 0.0586509704589844 0.0663604736328125 -0.130416870117187
0.0525550842285156 -0.00757980346679687 0.0203094482421875 -0.0362586975097656
0.0174846649169922 -0.0180492401123047 0.0543289184570313 0.0147247314453125
-0.00144386291503906 -0.0128087997436523 0.0928726196289063 -0.0348663330078125
-0.00527286529541016 -0.00193500518798828 0.0629119873046875 -0.090179443359375
-0.00360965728759766 -0.000963926315307617 0.0043487548828125 -0.119819641113281
-0.0114154815673828 -0.0075836181640625 -0.0389404296875 -0.109024047851563
-0.0139665603637695 -0.00728416442871094 -0.0417861938476563 -0.0778045654296875
-0.0180606842041016 -0.0105953216552734 -0.034088134765625 -0.0619010925292969
-0.0136604309082031 -0.0249080657958984 -0.0272064208984375 -0.0535202026367188
0.00466537475585938 -0.0368385314941406 -0.0239982604980469 -0.043731689453125
0.0350589752197266 -0.0334491729736328 -0.0224571228027344 -0.0548744201660156
0.0669288635253906 0.00484848022460938 -0.0233230590820312 -0.0757904052734375
0.0784759521484375 0.0503387451171875 -0.0222930908203125 -0.113616943359375
0.0571670532226563 0.089752197265625 -0.0113601684570313 -0.123329162597656
0.0415573120117188 0.114852905273437 0.0899429321289063 -0.100250244140625
0.0666542053222656 0.0512428283691406 0.0377464294433594 -0.0154838562011719
0.061279296875 0.021453857421875 0.063446044921875 0.0281257629394531
0.050140380859375 -0.0135231018066406 0.104164123535156 -0.02423095703125
0.0294857025146484 -0.0292644500732422 0.0742111206054687 -0.0815505981445313
0.00695419311523438 -0.0419998168945313 0.0150909423828125 -0.115074157714844
-0.0150718688964844 -0.0462188720703125 -0.0315933227539062 -0.102127075195313
-0.0168609619140625 -0.0448532104492187 -0.0379447937011719 -0.0690727233886719
-0.0201492309570313 -0.0519065856933594 -0.02947998046875 -0.0507736206054688
-0.00380325317382812 -0.0606002807617188 -0.0283203125 -0.0415687561035156
0.03289794921875 -0.05975341796875 -0.0270290374755859 -0.0287666320800781
0.0682868957519531 -0.0392227172851563 -0.0258636474609375 -0.0407447814941406
0.0919189453125 0.0295028686523437 -0.0308303833007812 -0.0575828552246094
0.089508056640625 0.0879745483398437 -0.0231399536132812 -0.0871353149414063
0.049560546875 0.12774658203125 -0.00746917724609375 -0.085601806640625
0.0166015625 0.15423583984375 0.100997924804687 -0.0495147705078125
0.0629119873046875 0.106498718261719 0.0501747131347656 0.0192642211914063
0.0911636352539063 0.0679702758789063 0.0692634582519531 0.0486335754394531
0.098876953125 -0.002410888671875 0.110298156738281 -0.00388336181640625
0.0666122436523438 -0.048004150390625 0.0811309814453125 -0.0608673095703125
0.0226974487304687 -0.0777664184570313 0.0252532958984375 -0.0950469970703125
-0.016357421875 -0.0790863037109375 -0.0206985473632813 -0.0831756591796875
-0.0171966552734375 -0.0743484497070313 -0.0286598205566406 -0.04901123046875
-0.0220565795898438 -0.08258056640625 -0.0226268768310547 -0.0298709869384766
-0.000755310058593758 -0.088531494140625 -0.0263252258300781 -0.0202674865722656
0.0498199462890625 -0.0809402465820313 -0.0296840667724609 -0.00644302368164064
0.0902786254882813 -0.0460891723632813 -0.0307636260986328 -0.0239048004150391
0.110145568847656 0.0423660278320313 -0.0343132019042969 -0.0417633056640625
0.0959854125976563 0.108451843261719 -0.0151710510253906 -0.060577392578125
0.03826904296875 0.150848388671875 -0.00435256958007812 -0.0409088134765625
-0.0142669677734375 0.166717529296875 0.100288391113281 0.0122528076171875
0.04144287109375 0.142868041992188 0.0547599792480469 0.06146240234375
0.0961837768554688 0.109222412109375 0.0674667358398438 0.0710906982421875
0.127052307128906 0.019012451171875 0.101692199707031 0.0202484130859375
0.0947418212890625 -0.0498199462890625 0.0771560668945313 -0.0308761596679688
0.0372467041015625 -0.0987014770507812 0.0334434509277344 -0.0639419555664062
-0.0123825073242188 -0.100799560546875 -0.0051727294921875 -0.0535087585449219
-0.0153656005859375 -0.0911483764648438 -0.0153827667236328 -0.0221900939941406
-0.0243606567382812 -0.104362487792969 -0.0100612640380859 -0.000989913940429694
0.00320434570312499 -0.105911254882813 -0.0208244323730469 0.00638198852539062
0.0596084594726563 -0.0924835205078125 -0.0297145843505859 0.0168495178222656
0.100791931152344 -0.04925537109375 -0.0326099395751953 -0.00578880310058594
0.1156005859375 0.0524368286132813 -0.036163330078125 -0.0296897888183594
0.090576171875 0.119209289550781 -0.00234603881835937 -0.0362930297851562
0.02044677734375 0.152603149414062 -0.00209999084472656 0.00872087478637696
-0.0430450439453125 0.14776611328125 0.0854568481445313 0.0725173950195313
0.00744628906249999 0.146392822265625 0.0496902465820313 0.104446411132813
0.0756454467773438 0.129638671875 0.0573577880859375 0.0875778198242188
0.127388000488281 0.0407638549804688 0.0828628540039063 0.0426788330078125
0.106040954589844 -0.0384292602539062 0.0634689331054688 -0.001007080078125
0.0487289428710938 -0.100563049316406 0.0338993072509766 -0.0266017913818359
-0.00580596923828125 -0.103523254394531 0.00868415832519531 -0.0169363021850586
-0.0112380981445312 -0.0955657958984375 0.00087594985961914 0.0072035789489746
-0.0206298828125 -0.108390808105469 0.00466537475585937 0.0278339385986328
0.00586700439453126 -0.109268188476562 -0.0139732360839844 0.0362396240234375
0.0650100708007813 -0.0922470092773437 -0.0277557373046875 0.04058837890625
0.10400390625 -0.0431060791015625 -0.0368728637695312 0.0105056762695313
0.107467651367188 0.0618438720703125 -0.0350589752197266 -0.0199642181396484
0.0681381225585937 0.122772216796875 0.00900650024414063 -0.013453483581543
-0.00354766845703124 0.139572143554688 -0.00449752807617187 0.0570564270019531
-0.0609054565429687 0.100906372070312 0.0650100708007813 0.118019104003906
-0.0247573852539062 0.117561340332031 0.0385665893554688 0.132011413574219
0.0372085571289063 0.1187744140625 0.0412445068359375 0.0943756103515625
0.099456787109375 0.0527420043945313 0.0583305358886719 0.0570297241210937
0.092864990234375 -0.0201187133789062 0.0446395874023438 0.0236091613769531
0.0488128662109375 -0.0848388671875 0.0307540893554688 0.00779533386230468
-0.000251770019531251 -0.0909347534179688 0.0191535949707031 0.0181293487548828
-0.00522613525390625 -0.08477783203125 0.01544189453125 0.0351791381835937
-0.0141372680664062 -0.0985260009765625 0.0177497863769531 0.056732177734375
0.00862884521484375 -0.09893798828125 -0.00888824462890625 0.0656929016113281
0.0624008178710938 -0.0790328979492188 -0.0292854309082031 0.0631523132324219
0.0951385498046875 -0.0312271118164063 -0.0431709289550781 0.0243644714355469
0.087310791015625 0.06951904296875 -0.0361480712890625 -0.0119552612304688
0.0370864868164062 0.115028381347656 0.0153846740722656 0.00820064544677735
-0.0317764282226563 0.112052917480469 -0.0149688720703125 0.0978164672851562
-0.0680923461914063 0.0374794006347656 0.0435028076171875 0.143768310546875
-0.0475006103515625 0.0657119750976563 0.0268096923828125 0.141586303710938
-0.000846862792968744 0.0807571411132813 0.0292434692382813 0.089599609375
0.0555686950683594 0.0499305725097656 0.0375747680664063 0.0631675720214844
0.0625267028808594 -0.00452041625976563 0.0288581848144531 0.0379905700683594
0.0376319885253906 -0.0556602478027344 0.0257663726806641 0.0337429046630859
0.0048675537109375 -0.0637092590332031 0.02740478515625 0.0451202392578125
0.000823974609375005 -0.0596847534179688 0.0281791687011719 0.0596923828125
-0.00511169433593751 -0.07373046875 0.0285873413085937 0.0817642211914063
0.0126113891601562 -0.0758514404296875 -0.00568389892578125 0.0902786254882813
0.0536231994628906 -0.0597877502441406 -0.0334014892578125 0.0811233520507813
0.0767059326171875 -0.015106201171875 -0.0512771606445312 0.0353355407714844
0.0579299926757813 0.0683479309082031 -0.0411605834960937 -0.00741577148437499
0.00324249267578125 0.093597412109375 0.0104808807373047 0.0259857177734375
-0.0577316284179687 0.068511962890625 -0.0338516235351562 0.127716064453125
0.0566368103027344 -0.00438690185546875 0.03936767578125 -0.138717651367187
0.0250320434570312 -0.0555267333984375 0.00102615356445312 -0.0413322448730469
-0.0260696411132813 -0.0416831970214844 0.0433235168457031 0.0104598999023438
-0.0449790954589844 -0.00219345092773439 0.079559326171875 -0.0356063842773438
-0.0304355621337891 0.0263080596923828 0.0506362915039063 -0.0874481201171875
-0.009246826171875 0.0401496887207031 -0.00243377685546875 -0.111373901367187
-0.00135421752929688 0.0313606262207031 -0.0392837524414063 -0.100540161132813
-0.00845527648925781 0.0304737091064453 -0.0403060913085938 -0.0740585327148438
-0.0141925811767578 0.0320034027099609 -0.0344886779785156 -0.0598068237304688
-0.0269203186035156 0.0146846771240234 -0.0259780883789062 -0.0499801635742188
-0.0299320220947266 -0.0130519866943359 -0.0259246826171875 -0.0491714477539063
-0.0069580078125 -0.0365486145019531 -0.0245361328125 -0.0649185180664063
0.0380859375 -0.0342903137207031 -0.017333984375 -0.0910415649414063
0.065582275390625 -0.0037841796875 -0.0204696655273438 -0.133895874023438
0.0632553100585938 0.031707763671875 -0.01837158203125 -0.145706176757813
0.0552177429199219 0.0582160949707031 0.0651168823242188 -0.130790710449219
0.0513801574707031 -0.00721359252929688 0.0180892944335938 -0.0364227294921875
0.0184288024902344 -0.0163936614990234 0.0538482666015625 0.0159988403320313
-0.000644683837890626 -0.0123052597045898 0.0924453735351563 -0.034027099609375
-0.00399279594421387 -0.00187993049621582 0.0627593994140625 -0.0896224975585938
-0.00335693359375 -0.000846624374389648 0.00379180908203126 -0.118888854980469
-0.00985622406005859 -0.00803089141845703 -0.0394515991210938 -0.107070922851563
-0.0126800537109375 -0.00731658935546875 -0.0426101684570312 -0.0762481689453125
-0.0178794860839844 -0.0110130310058594 -0.0351104736328125 -0.0610160827636719
-0.0136356353759766 -0.0237827301025391 -0.0276641845703125 -0.0518112182617187
0.00448226928710937 -0.0349884033203125 -0.025665283203125 -0.0434722900390625
0.0348567962646484 -0.0334186553955078 -0.0238838195800781 -0.0564918518066406
0.0659027099609375 0.00492477416992188 -0.0224761962890625 -0.076507568359375
0.0778045654296875 0.0493011474609375 -0.0217819213867188 -0.113975524902344
0.0572357177734375 0.0887908935546875 -0.0113372802734375 -0.124298095703125
0.0417251586914063 0.114570617675781 0.0866851806640625 -0.100967407226562
0.0656776428222656 0.0504798889160156 0.0351982116699219 -0.0161895751953125
0.0616035461425781 0.0205917358398438 0.0639533996582031 0.0301094055175781
0.0496482849121094 -0.0142097473144531 0.104713439941406 -0.0238723754882813
0.0299701690673828 -0.0295734405517578 0.0740814208984375 -0.080535888671875
0.00658798217773437 -0.0432624816894531 0.0146102905273438 -0.115058898925781
-0.0150413513183594 -0.0465965270996094 -0.0333175659179688 -0.100700378417969
-0.0168914794921875 -0.0437431335449219 -0.0389251708984375 -0.0667800903320313
-0.0209922790527344 -0.0507965087890625 -0.0322532653808594 -0.0499534606933594
-0.00493621826171875 -0.0599250793457031 -0.0303802490234375 -0.0406417846679688
0.0313301086425781 -0.0592880249023438 -0.0290241241455078 -0.0293064117431641
0.0675468444824219 -0.0392837524414063 -0.0275802612304688 -0.0428085327148437
0.0921707153320312 0.02886962890625 -0.0290603637695312 -0.0597724914550781
0.0907211303710938 0.0861740112304688 -0.0215072631835937 -0.0882568359375
0.0506591796875 0.1282958984375 -0.00821685791015625 -0.0875396728515625
0.01824951171875 0.15380859375 0.0989761352539063 -0.0511550903320312
0.0630416870117188 0.10516357421875 0.0481948852539063 0.0188827514648438
0.0918807983398437 0.0666427612304688 0.0691032409667969 0.0502471923828125
0.0977630615234375 -0.00437164306640625 0.10943603515625 -0.0037841796875
0.0660781860351563 -0.0474624633789062 0.0802230834960938 -0.0596160888671875
0.0206069946289062 -0.078887939453125 0.0251312255859375 -0.0950851440429687
-0.0161590576171875 -0.07904052734375 -0.0207138061523438 -0.0819015502929687
-0.0180435180664063 -0.0728302001953125 -0.0303688049316406 -0.0480003356933594
-0.0243148803710938 -0.0832977294921875 -0.0224208831787109 -0.0287799835205078
-0.000808715820312494 -0.088409423828125 -0.0292930603027344 -0.0188255310058594
0.0485610961914062 -0.0812225341796875 -0.0301036834716797 -0.00772666931152344
0.0892410278320313 -0.0479965209960937 -0.0314350128173828 -0.0258007049560547
0.111160278320313 0.0413589477539063 -0.0340690612792969 -0.0436592102050781
0.096923828125 0.107383728027344 -0.0146713256835937 -0.0619087219238281
0.03985595703125 0.149765014648438 -0.00541305541992187 -0.0417327880859375
-0.0122222900390625 0.166671752929687 0.0977935791015625 0.00993347167968751
0.04144287109375 0.14190673828125 0.0534477233886719 0.0606956481933594
0.0981369018554688 0.108085632324219 0.0655517578125 0.0712356567382813
0.1270751953125 0.017364501953125 0.101737976074219 0.0210037231445312
0.0939559936523438 -0.0506134033203125 0.07672119140625 -0.0310287475585938
0.0357513427734375 -0.0994873046875 0.0327873229980469 -0.0639839172363281
-0.0136184692382812 -0.0995025634765625 -0.0069732666015625 -0.0521125793457031
-0.0168991088867187 -0.0911026000976563 -0.0164909362792969 -0.0212268829345703
-0.024932861328125 -0.103065490722656 -0.0101165771484375 -0.00153923034667969
0.000541687011718747 -0.105873107910156 -0.024169921875 0.00819969177246093
0.0591201782226562 -0.092803955078125 -0.0291843414306641 0.0166854858398437
0.100624084472656 -0.05157470703125 -0.0353431701660156 -0.00726699829101562
0.116783142089844 0.0512924194335938 -0.0349159240722656 -0.0312099456787109
0.0900726318359375 0.118209838867188 -0.00244140624999999 -0.0376014709472656
0.021728515625 0.153396606445313 -0.00212287902832031 0.00699663162231446
-0.039764404296875 0.147918701171875 0.0849990844726562 0.0711288452148438
0.00920104980468751 0.146469116210938 0.0478744506835938 0.102317810058594
0.0767288208007813 0.128227233886719 0.0549697875976563 0.0883636474609375
0.127212524414063 0.0388336181640625 0.083038330078125 0.0435638427734375
0.103790283203125 -0.0397109985351563 0.063262939453125 5.34057617187476E-05
0.0452117919921875 -0.102119445800781 0.0341434478759766 -0.0266990661621094
-0.00778198242187501 -0.103042602539063 0.00753593444824219 -0.0169763565063477
-0.0131378173828125 -0.0951690673828125 -0.000669956207275392 0.00765323638916015
-0.0221176147460937 -0.108680725097656 0.00443458557128906 0.0279903411865234
0.00275421142578125 -0.109207153320313 -0.0163192749023438 0.036895751953125
0.0624771118164063 -0.0938491821289063 -0.0286331176757812 0.0410690307617188
0.1021728515625 -0.0462493896484375 -0.0382919311523437 0.00876998901367187
0.10809326171875 0.0603561401367188 -0.0351676940917969 -0.0210304260253906
0.0692825317382812 0.120895385742188 0.0084981918334961 -0.0145196914672851
-0.00304412841796876 0.140365600585938 -0.0047454833984375 0.05517578125
-0.0588760375976563 0.100914001464844 0.0649642944335938 0.117645263671875
-0.0242462158203125 0.117607116699219 0.037139892578125 0.130935668945313
0.0394744873046875 0.117942810058594 0.03997802734375 0.0944442749023438
0.0997695922851563 0.0502395629882813 0.0581588745117188 0.0580482482910156
0.09185791015625 -0.0222549438476563 0.0453605651855469 0.0244102478027344
0.045501708984375 -0.085052490234375 0.0305728912353516 0.00785255432128906
-0.002044677734375 -0.0906524658203125 0.0183067321777344 0.0178565979003906
-0.0074615478515625 -0.0837936401367188 0.0147552490234375 0.036163330078125
-0.0153121948242188 -0.0982666015625 0.0176658630371094 0.0569915771484375
0.0057830810546875 -0.098388671875 -0.00968551635742187 0.0659561157226563
0.0622482299804687 -0.0814590454101563 -0.0289344787597656 0.0632438659667969
0.0944595336914063 -0.03350830078125 -0.0435981750488281 0.0230293273925781
0.0887603759765625 0.06744384765625 -0.0364799499511719 -0.0133056640625
0.0389022827148438 0.113685607910156 0.0143213272094727 0.00654888153076172
-0.0309677124023438 0.11334228515625 -0.0140533447265625 0.0970230102539063
-0.0679931640625 0.0373916625976563 0.0439453125 0.141921997070313
-0.0453453063964844 0.0652084350585938 0.0252685546875 0.141769409179688
-0.000747680664062506 0.0808792114257813 0.029296875 0.09112548828125
0.0564460754394531 0.0461654663085938 0.0391998291015625 0.0635452270507813
0.0625877380371094 -0.004913330078125 0.0295600891113281 0.0386428833007813
0.0358657836914062 -0.0553131103515625 0.0261459350585938 0.0337104797363281
0.002655029296875 -0.0625724792480469 0.0263748168945313 0.0460243225097656
-0.00190353393554688 -0.0600776672363281 0.0280380249023438 0.0590476989746094
-0.00667572021484375 -0.0727157592773438 0.0279312133789063 0.081329345703125
0.00923919677734374 -0.073638916015625 -0.00556182861328126 0.0899810791015625
0.0527763366699219 -0.0589714050292969 -0.033447265625 0.0810165405273438
0.0759811401367188 -0.0170364379882813 -0.0526084899902344 0.034515380859375
0.0592193603515625 0.0656776428222656 -0.0417251586914062 -0.00785064697265624
0.00385284423828125 0.0917892456054688 0.0115928649902344 0.0250816345214844
-0.0554771423339844 0.0696907043457031 -0.0319976806640625 0.12646484375
0.0561256408691406 -0.00365829467773438 0.0386505126953125 -0.141525268554688
0.0241546630859375 -0.0565757751464844 -0.000205993652343747 -0.0405998229980469
-0.0264129638671875 -0.0412483215332031 0.0447425842285156 0.0118179321289062
-0.045379638671875 -0.00154113769531249 0.0817718505859375 -0.0360946655273438
-0.0306034088134766 0.0274581909179688 0.0523223876953125 -0.0890884399414063
-0.00774002075195313 0.0409202575683594 -0.00237274169921875 -0.112403869628906
-0.000616073608398441 0.0319099426269531 -0.0403976440429687 -0.101799011230469
-0.00701141357421875 0.0310916900634766 -0.040740966796875 -0.0746917724609375
-0.0128822326660156 0.0331020355224609 -0.0354576110839844 -0.0603866577148438
-0.0265522003173828 0.0156345367431641 -0.0265655517578125 -0.0514297485351562
-0.0301246643066406 -0.0118045806884766 -0.0278244018554687 -0.0506820678710938
-0.00697708129882813 -0.036102294921875 -0.0264739990234375 -0.0671501159667969
0.037353515625 -0.0354270935058594 -0.0152435302734375 -0.0943679809570313
0.0661697387695313 -0.0048828125 -0.0197982788085938 -0.137298583984375
0.0646820068359375 0.0316886901855469 -0.0193634033203125 -0.149429321289063
0.0558433532714844 0.0590858459472656 0.0645904541015625 -0.134300231933594
0.0513916015625 -0.007476806640625 0.0171432495117188 -0.0362396240234375
0.0183734893798828 -0.0163612365722656 0.0541725158691406 0.0180587768554688
-0.00091552734375 -0.0121603012084961 0.0944900512695313 -0.0337982177734375
-0.00328516960144043 -0.00266599655151367 0.0640411376953125 -0.0912704467773438
-0.00355768203735352 -0.00103116035461426 0.00311279296875 -0.120986938476563
-0.00986957550048828 -0.00799751281738281 -0.040802001953125 -0.108207702636719
-0.012669563293457 -0.00739479064941406 -0.0442428588867188 -0.0760498046875
-0.0172004699707031 -0.0106782913208008 -0.0371017456054687 -0.0610809326171875
-0.0137481689453125 -0.0239124298095703 -0.0291862487792969 -0.0525016784667969
0.0049285888671875 -0.0352096557617187 -0.0280418395996094 -0.04510498046875
0.0351028442382813 -0.0338268280029297 -0.0253067016601563 -0.0595436096191406
0.0661468505859375 0.00499343872070313 -0.02117919921875 -0.0796279907226563
0.07867431640625 0.0500564575195313 -0.0212020874023438 -0.116737365722656
0.0589370727539062 0.089447021484375 -0.0111923217773437 -0.127937316894531
0.0423126220703125 0.116386413574219 0.0870285034179688 -0.103599548339844
0.0661201477050781 0.0506935119628906 0.03399658203125 -0.0163822174072266
0.0628547668457031 0.0223274230957031 0.0649909973144531 0.0320701599121094
0.0514488220214844 -0.0145187377929688 0.106414794921875 -0.0233230590820313
0.0307712554931641 -0.03021240234375 0.076019287109375 -0.0816268920898438
0.00619125366210938 -0.0440597534179688 0.0142364501953125 -0.115882873535156
-0.015899658203125 -0.0480270385742188 -0.0341644287109375 -0.10150146484375
-0.0171051025390625 -0.0442314147949219 -0.0405044555664062 -0.0666084289550781
-0.0215187072753906 -0.0517082214355469 -0.0334968566894531 -0.0493850708007813
-0.00608062744140625 -0.0601310729980469 -0.0322074890136719 -0.0403823852539063
0.03125 -0.0607070922851563 -0.0314140319824219 -0.0293521881103516
0.0684318542480469 -0.0401687622070313 -0.0292472839355469 -0.0458984375
0.0936279296875 0.0292434692382813 -0.0296211242675781 -0.0626182556152344
0.092376708984375 0.0874710083007812 -0.0211563110351563 -0.0917434692382813
0.0514373779296875 0.130683898925781 -0.00920867919921874 -0.0906524658203125
0.017852783203125 0.156661987304688 0.0995254516601563 -0.0535812377929687
0.0636367797851563 0.105903625488281 0.0474739074707031 0.0184135437011719
0.0943069458007813 0.0680007934570313 0.0688972473144531 0.0527992248535156
0.099456787109375 -0.00482177734375 0.11083984375 -0.002288818359375
0.06744384765625 -0.0486297607421875 0.0827865600585938 -0.0601348876953125
0.0199737548828125 -0.0805282592773437 0.0262374877929688 -0.0965423583984375
-0.0177230834960938 -0.0815505981445313 -0.0227127075195313 -0.0831146240234375
-0.0190887451171875 -0.0744857788085937 -0.031829833984375 -0.0472869873046875
-0.0255661010742188 -0.08428955078125 -0.0243701934814453 -0.028594970703125
-0.00287628173828125 -0.0887908935546875 -0.0311431884765625 -0.0183372497558594
0.0480880737304688 -0.0834503173828125 -0.0324535369873047 -0.00793457031250001
0.090484619140625 -0.050140380859375 -0.0348548889160156 -0.0280399322509766
0.112617492675781 0.0420761108398438 -0.0347480773925781 -0.0469589233398438
0.0993270874023437 0.109329223632812 -0.0142860412597656 -0.065277099609375
0.040771484375 0.152664184570313 -0.005859375 -0.043975830078125
-0.0120697021484375 0.16851806640625 0.0981216430664063 0.00830841064453126
0.0425262451171875 0.143600463867188 0.05279541015625 0.0614471435546875
0.100349426269531 0.110076904296875 0.0660858154296875 0.0748367309570313
0.129127502441406 0.0158157348632813 0.103622436523438 0.0228347778320313
0.09564208984375 -0.05267333984375 0.0784149169921875 -0.0299758911132813
0.0341033935546875 -0.101837158203125 0.0333023071289062 -0.0652542114257813
-0.0152359008789062 -0.101615905761719 -0.0079803466796875 -0.0527801513671875
-0.0182418823242187 -0.092803955078125 -0.0180625915527344 -0.0205764770507813
-0.0274505615234375 -0.104789733886719 -0.0114994049072266 -0.000363349914550788
-0.00143432617187501 -0.106704711914063 -0.0256080627441406 0.00927925109863281
0.05816650390625 -0.0957870483398438 -0.0315761566162109 0.0169811248779297
0.101211547851563 -0.0536727905273438 -0.0380096435546875 -0.00958633422851564
0.119392395019531 0.0512008666992188 -0.0369720458984375 -0.0329818725585938
0.0931243896484375 0.119834899902344 -0.00275802612304687 -0.0398979187011719
0.0228271484375 0.156845092773438 -0.00346708297729492 0.00530242919921876
-0.0404052734375 0.150436401367188 0.0857620239257813 0.0709381103515625
0.00941467285156248 0.148452758789062 0.0482711791992187 0.103477478027344
0.0792922973632813 0.131576538085938 0.0543441772460938 0.0904617309570313
0.130195617675781 0.0381011962890625 0.0831146240234375 0.0461349487304688
0.105789184570313 -0.0420761108398438 0.0650863647460938 0.000957489013671872
0.0444107055664063 -0.103767395019531 0.0342159271240234 -0.0274181365966797
-0.00988769531250001 -0.105545043945313 0.00668048858642578 -0.017186164855957
-0.0151901245117187 -0.0963363647460938 -0.00191688537597656 0.00928211212158203
-0.025146484375 -0.11016845703125 0.00411224365234375 0.0295886993408203
0.00141143798828124 -0.111068725585938 -0.017608642578125 0.0394515991210937
0.0627059936523438 -0.0975112915039062 -0.0293045043945312 0.0417671203613281
0.104385375976563 -0.048980712890625 -0.0411224365234375 0.00798797607421874
0.111595153808594 0.0601119995117187 -0.0368919372558594 -0.0227241516113281
0.0719223022460937 0.122665405273438 0.00841712951660157 -0.0167961120605469
-0.0021514892578125 0.143768310546875 -0.00464248657226562 0.0538520812988281
-0.0594863891601563 0.102981567382813 0.0662765502929688 0.118797302246094
-0.0235748291015625 0.119056701660156 0.0364608764648438 0.132492065429688
0.0407028198242187 0.120262145996094 0.0396728515625 0.0974197387695313
0.102622985839844 0.049774169921875 0.0594558715820313 0.060760498046875
0.0932846069335938 -0.0244674682617188 0.0460395812988281 0.0258598327636719
0.0447311401367188 -0.0871124267578125 0.0313453674316406 0.00796890258789062
-0.00394439697265625 -0.0918502807617188 0.0188179016113281 0.0180892944335937
-0.00928497314453125 -0.0855941772460937 0.0147933959960938 0.0376853942871094
-0.0179595947265625 -0.0997390747070312 0.0175819396972656 0.0582618713378906
0.00383758544921874 -0.0997238159179688 -0.0107994079589844 0.0682373046875
0.0610809326171875 -0.084716796875 -0.0299034118652344 0.0643119812011719
0.0960235595703125 -0.0355300903320313 -0.0468521118164062 0.0226974487304687
0.0914459228515625 0.0675201416015625 -0.0388526916503906 -0.0147476196289063
0.0404205322265625 0.114532470703125 0.0144729614257813 0.00572681427001954
-0.0307693481445312 0.115867614746094 -0.013671875 0.0970077514648438
-0.0662651062011719 0.0377960205078125 0.0450592041015625 0.145156860351563
-0.0455589294433594 0.0671844482421875 0.0251312255859375 0.143997192382812
0.00154113769531251 0.08270263671875 0.0278244018554688 0.0935821533203125
0.0580101013183594 0.0456504821777344 0.0396461486816406 0.0663681030273438
0.0633430480957031 -0.00612640380859375 0.031036376953125 0.0400352478027344
0.0347785949707031 -0.0570716857910156 0.0270595550537109 0.0337181091308594
0.00168228149414063 -0.0631675720214844 0.0273094177246094 0.0460395812988281
-0.0029144287109375 -0.0611152648925781 0.0284881591796875 0.0604400634765625
-0.00891876220703126 -0.074371337890625 0.0282363891601563 0.082427978515625
0.0079803466796875 -0.0755691528320313 -0.00576019287109375 0.0933380126953125
0.05169677734375 -0.0615386962890625 -0.0344924926757812 0.0823211669921875
0.0770263671875 -0.0187530517578125 -0.0550727844238281 0.0346870422363281
0.0613822937011719 0.0655326843261719 -0.0432586669921875 -0.00937652587890625
0.0056304931640625 0.0932693481445313 0.0118389129638672 0.0244083404541016
-0.0545425415039062 0.0709304809570313 -0.0309982299804687 0.128982543945313
0.0575408935546875 -0.00452423095703125 0.035552978515625 -0.146896362304688
0.0229034423828125 -0.0585212707519531 -0.00189208984375 -0.0412406921386719
-0.0282020568847656 -0.0418205261230469 0.0468406677246094 0.0138282775878906
-0.0457763671875 0.00105667114257813 0.0841751098632812 -0.0374069213867187
-0.0300865173339844 0.0294551849365234 0.05279541015625 -0.0935134887695313
-0.00616073608398438 0.0426445007324219 -0.00462341308593751 -0.115966796875
0.00113105773925782 0.0329723358154297 -0.043212890625 -0.104660034179688
-0.00507354736328125 0.0327949523925781 -0.0439376831054688 -0.0765762329101562
-0.0114479064941406 0.0345287322998047 -0.038421630859375 -0.0610618591308594
-0.0260047912597656 0.0170707702636719 -0.0289154052734375 -0.0519371032714844
-0.0306529998779297 -0.0101432800292969 -0.0313301086425781 -0.0518646240234375
-0.00830078125 -0.0361175537109375 -0.0286293029785156 -0.0702476501464844
0.0372657775878906 -0.0364990234375 -0.016021728515625 -0.0988006591796875
0.0673904418945313 -0.00632476806640625 -0.0211944580078125 -0.1427001953125
0.067657470703125 0.0306320190429687 -0.022674560546875 -0.155502319335938
0.0579338073730469 0.0608711242675781 0.0631103515625 -0.139968872070313
0.0516815185546875 -0.00912857055664063 0.0150642395019531 -0.0371284484863281
0.0189418792724609 -0.016998291015625 0.0569877624511719 0.0203628540039063
-0.000415802001953125 -0.0115079879760742 0.0978851318359375 -0.036895751953125
-0.00305795669555664 -0.00240421295166016 0.065032958984375 -0.0948944091796875
-0.00340533256530762 -0.000872611999511719 0.0020904541015625 -0.124153137207031
-0.0103111267089844 -0.00879001617431641 -0.0444183349609375 -0.11041259765625
-0.0123844146728516 -0.00717544555664062 -0.0477676391601563 -0.0766830444335937
-0.0172014236450195 -0.010777473449707 -0.0394783020019531 -0.0613784790039063
-0.0144748687744141 -0.0236644744873047 -0.032440185546875 -0.0526008605957031
0.00420761108398438 -0.0358047485351563 -0.0315742492675781 -0.046356201171875
0.0355796813964844 -0.0347099304199219 -0.0276298522949219 -0.0626678466796875
0.0679588317871094 0.0039825439453125 -0.0216140747070312 -0.0838165283203125
0.0821914672851563 0.0498504638671875 -0.0226058959960937 -0.123039245605469
0.0623626708984375 0.0913848876953125 -0.0154876708984375 -0.13348388671875
0.0450592041015625 0.120277404785156 0.0865631103515625 -0.110092163085938
0.0677223205566406 0.050537109375 0.0332508087158203 -0.017120361328125
0.0658950805664063 0.0216751098632813 0.0674591064453125 0.0341987609863281
0.0527801513671875 -0.0161323547363281 0.110221862792969 -0.0252609252929688
0.0311756134033203 -0.0319194793701172 0.0775299072265625 -0.0852813720703125
0.0049285888671875 -0.0457420349121094 0.0129776000976563 -0.119598388671875
-0.0178871154785156 -0.049957275390625 -0.0376434326171875 -0.104118347167969
-0.0179252624511719 -0.0453453063964844 -0.0443153381347656 -0.0668869018554688
-0.0235595703125 -0.0522270202636719 -0.0366706848144531 -0.0496253967285156
-0.0068817138671875 -0.0611953735351563 -0.0349464416503906 -0.040191650390625
0.0306015014648437 -0.062957763671875 -0.0339775085449219 -0.0308761596679687
0.0695877075195313 -0.0426750183105469 -0.0327987670898438 -0.0485916137695313
0.0967788696289063 0.0290374755859375 -0.03045654296875 -0.0661697387695313
0.0972824096679688 0.087982177734375 -0.0219802856445312 -0.09613037109375
0.0556488037109375 0.134521484375 -0.0112991333007812 -0.0948333740234375
0.021575927734375 0.16107177734375 0.0998611450195312 -0.0586013793945312
0.0665817260742188 0.108207702636719 0.0475234985351563 0.01837158203125
0.099395751953125 0.0694732666015625 0.072265625 0.055511474609375
0.103225708007813 -0.0070037841796875 0.115058898925781 -0.00347137451171875
0.0678367614746094 -0.0518341064453125 0.0842514038085938 -0.0620803833007813
0.0174331665039063 -0.0833511352539063 0.0242080688476563 -0.100135803222656
-0.0206298828125 -0.0835113525390625 -0.0251388549804688 -0.0834579467773438
-0.0211334228515625 -0.0760726928710938 -0.03448486328125 -0.04656982421875
-0.0291519165039063 -0.0867156982421875 -0.0270404815673828 -0.027984619140625
-0.00551605224609376 -0.0918197631835938 -0.0337505340576172 -0.0170860290527344
0.0474319458007812 -0.0872726440429688 -0.0361557006835938 -0.00758743286132814
0.0915756225585938 -0.0532379150390625 -0.0381660461425781 -0.0299453735351563
0.117523193359375 0.0417404174804688 -0.0364151000976562 -0.0502662658691406
0.105278015136719 0.110015869140625 -0.0152511596679687 -0.0683250427246094
0.0452880859375 0.15753173828125 -0.00734710693359375 -0.0470962524414062
-0.00994873046875001 0.174835205078125 0.101043701171875 0.00544738769531251
0.0453338623046875 0.14617919921875 0.0524978637695313 0.0625114440917969
0.107521057128906 0.111763000488281 0.06793212890625 0.0772628784179688
0.134452819824219 0.012786865234375 0.107376098632813 0.02313232421875
0.0977554321289063 -0.0564804077148438 0.0811386108398438 -0.0312652587890625
0.0317459106445312 -0.10614013671875 0.0327186584472656 -0.0675125122070313
-0.01800537109375 -0.104225158691406 -0.0104637145996094 -0.0534934997558594
-0.02105712890625 -0.0951004028320313 -0.0199737548828125 -0.0195598602294922
-0.0322952270507813 -0.107162475585938 -0.0130615234375 0.000346183776855463
-0.00469207763671874 -0.110107421875 -0.0282382965087891 0.0113487243652344
0.0566482543945313 -0.101829528808594 -0.0334644317626953 0.018310546875
0.103218078613281 -0.0589599609375 -0.0420722961425781 -0.0100288391113281
0.123863220214844 0.0503158569335938 -0.0389556884765625 -0.0353164672851563
0.0985641479492188 0.121047973632812 -0.00352096557617187 -0.0425910949707031
0.0264739990234375 0.162460327148438 -0.00397777557373047 0.00496006011962892
-0.0388031005859375 0.15606689453125 0.0892333984375 0.0696563720703125
0.0115966796875 0.152191162109375 0.0488815307617188 0.105812072753906
0.085113525390625 0.134590148925781 0.056884765625 0.0946197509765625
0.135269165039063 0.0352249145507813 0.0875473022460938 0.0473556518554688
0.1075439453125 -0.0460891723632813 0.0676803588867188 0.000728607177734372
0.0409317016601563 -0.108039855957031 0.0355644226074219 -0.0292167663574219
-0.01397705078125 -0.10858154296875 0.006103515625 -0.0172872543334961
-0.018341064453125 -0.099334716796875 -0.00251293182373047 0.0108642578125
-0.0297622680664062 -0.113441467285156 0.00345993041992187 0.0312786102294922
-0.00289154052734374 -0.11395263671875 -0.0192985534667969 0.0426139831542969
0.0601806640625 -0.102523803710937 -0.0307197570800781 0.04400634765625
0.105262756347656 -0.053924560546875 -0.044158935546875 0.0084686279296875
0.116813659667969 0.0596389770507813 -0.0394973754882813 -0.0247650146484375
0.07733154296875 0.124526977539063 0.00853538513183594 -0.0190277099609375
-3.05175781249865E-05 0.150131225585938 -0.00360107421875 0.0556297302246094
-0.0591583251953125 0.108383178710937 0.06964111328125 0.121330261230469
-0.0222396850585937 0.123443603515625 0.03790283203125 0.13604736328125
0.0455169677734375 0.124061584472656 0.041778564453125 0.101264953613281
0.107124328613281 0.04779052734375 0.0617103576660156 0.063751220703125
0.0955429077148438 -0.028106689453125 0.0487937927246094 0.0270156860351562
0.0425338745117187 -0.0909194946289062 0.032958984375 0.00719451904296874
-0.0073699951171875 -0.0946121215820313 0.0187797546386719 0.0192031860351562
-0.013092041015625 -0.0876693725585938 0.0152053833007812 0.0391960144042969
-0.023345947265625 -0.102256774902344 0.0187759399414063 0.0604057312011719
0.00116729736328125 -0.102607727050781 -0.0106277465820312 0.0715408325195313
0.0592269897460938 -0.0900650024414063 -0.03057861328125 0.0674629211425781
0.0980377197265625 -0.0396575927734375 -0.0497856140136719 0.0235366821289063
0.0959014892578125 0.06695556640625 -0.0416183471679687 -0.0159873962402344
0.0450592041015625 0.117897033691406 0.014775276184082 0.00399017333984376
-0.0301132202148437 0.121238708496094 -0.0122146606445312 0.100021362304688
-0.0679740905761719 0.041961669921875 0.0484161376953125 0.14874267578125
-0.0456008911132813 0.070556640625 0.0269317626953125 0.148727416992188
0.00370025634765626 0.085357666015625 0.0291671752929688 0.0983123779296875
0.0619392395019531 0.0453529357910156 0.0420761108398438 0.0691719055175781
0.0646209716796875 -0.00912857055664063 0.0329704284667969 0.042205810546875
0.0333366394042969 -0.059478759765625 0.0282783508300781 0.0337009429931641
-0.000904083251953125 -0.0652999877929688 0.0290718078613281 0.0470085144042969
-0.00549697875976562 -0.0624465942382813 0.0303802490234375 0.0626258850097656
-0.011962890625 -0.0763626098632812 0.0304336547851563 0.084991455078125
0.00489044189453125 -0.077880859375 -0.00502014160156249 0.096038818359375
0.0514907836914063 -0.0657768249511719 -0.033599853515625 0.0860595703125
0.0790176391601563 -0.02197265625 -0.0574111938476563 0.0367774963378906
0.0643577575683594 0.0657691955566406 -0.0457534790039062 -0.00996780395507813
0.00757598876953126 0.0959091186523438 0.0127773284912109 0.0245876312255859
-0.0557403564453125 0.0752182006835937 -0.0290298461914062 0.132659912109375
0.0576858520507813 -0.00630950927734375 0.02978515625 -0.151473999023438
0.019500732421875 -0.0605964660644531 -0.00458908081054688 -0.0401420593261719
-0.0310401916503906 -0.0416488647460938 0.0503616333007813 0.0142059326171875
-0.0462074279785156 0.00349044799804687 0.08563232421875 -0.0413436889648438
-0.0289688110351563 0.031890869140625 0.050811767578125 -0.0980072021484375
-0.00385284423828125 0.0433578491210938 -0.00908660888671876 -0.118667602539062
0.00265693664550781 0.03338623046875 -0.0491790771484375 -0.1051025390625
-0.00239181518554688 0.0334205627441406 -0.0477371215820313 -0.07635498046875
-0.00884246826171875 0.0354995727539062 -0.0420150756835938 -0.060821533203125
-0.0245571136474609 0.0183258056640625 -0.0318565368652344 -0.0529022216796875
-0.0309467315673828 -0.0086822509765625 -0.03533935546875 -0.0522842407226563
-0.009857177734375 -0.0356559753417969 -0.0325851440429688 -0.0722274780273438
0.0359764099121094 -0.038787841796875 -0.0186920166015625 -0.10308837890625
0.0682182312011719 -0.008819580078125 -0.0264892578125 -0.146377563476562
0.0707778930664063 0.027801513671875 -0.0296630859375 -0.1600341796875
0.0611114501953125 0.0607681274414062 0.05731201171875 -0.147079467773438
0.0508689880371094 -0.01165771484375 0.0130233764648438 -0.0379791259765625
0.0187892913818359 -0.0182819366455078 0.0601310729980469 0.0201988220214844
-0.000699996948242189 -0.0114479064941406 0.0997390747070312 -0.0401611328125
-0.0030817985534668 -0.00243806838989258 0.0637969970703125 -0.100189208984375
-0.00346231460571289 -0.00139164924621582 -0.00261688232421874 -0.127693176269531
-0.0108861923217773 -0.0084686279296875 -0.0504150390625 -0.11126708984375
-0.0122823715209961 -0.006805419921875 -0.0517959594726563 -0.0763473510742188
-0.0173416137695312 -0.00984382629394531 -0.0438232421875 -0.0610923767089844
-0.0152473449707031 -0.0233745574951172 -0.0363311767578125 -0.0520248413085938
0.00365447998046875 -0.0359764099121094 -0.0358848571777344 -0.0466156005859375
0.0351715087890625 -0.0359268188476563 -0.0326805114746094 -0.0646514892578125
0.0693702697753906 0.00230026245117187 -0.0240859985351562 -0.0870819091796875
0.0855789184570313 0.0476913452148438 -0.0272064208984375 -0.126792907714844
0.0677566528320313 0.0908660888671875 -0.020904541015625 -0.13787841796875
0.0507659912109375 0.122283935546875 0.0825653076171875 -0.116592407226562
0.07098388671875 0.04833984375 0.0322151184082031 -0.0184955596923828
0.0684318542480469 0.0195465087890625 0.0711822509765625 0.0349349975585938
0.0536079406738281 -0.0183982849121094 0.112716674804688 -0.0290985107421875
0.0308284759521484 -0.0337505340576172 0.0773239135742188 -0.0897903442382812
0.00272750854492188 -0.0474967956542969 0.00882720947265625 -0.123794555664062
-0.0209274291992188 -0.0501136779785156 -0.0431976318359375 -0.104827880859375
-0.0201683044433594 -0.0453758239746094 -0.0482177734375 -0.0654067993164063
-0.0265617370605469 -0.0522270202636719 -0.0405731201171875 -0.0491523742675781
-0.0102195739746094 -0.0623588562011719 -0.0391273498535156 -0.0388526916503906
0.0287361145019531 -0.0655937194824219 -0.0384407043457031 -0.03033447265625
0.0695991516113281 -0.0459060668945313 -0.0375328063964844 -0.0501823425292969
0.100517272949219 0.0266799926757813 -0.0332069396972656 -0.0692863464355469
0.102874755859375 0.0867462158203125 -0.0261077880859375 -0.0998764038085938
0.0624542236328125 0.136665344238281 -0.0159149169921875 -0.0988922119140625
0.0276947021484375 0.165725708007813 0.0988616943359375 -0.0644683837890625
0.0718536376953125 0.107208251953125 0.0475616455078125 0.0170516967773438
0.105018615722656 0.0670928955078125 0.0759048461914063 0.0567474365234375
0.105949401855469 -0.0121002197265625 0.118377685546875 -0.006744384765625
0.06756591796875 -0.0558052062988281 0.0854873657226563 -0.0668869018554688
0.014068603515625 -0.0865020751953125 0.0216903686523437 -0.103935241699219
-0.0255508422851563 -0.08465576171875 -0.0299301147460937 -0.0851058959960938
-0.0252838134765625 -0.0762557983398438 -0.0379447937011719 -0.0448226928710938
-0.034515380859375 -0.0868377685546875 -0.0300197601318359 -0.026397705078125
-0.0102462768554687 -0.093231201171875 -0.0363426208496094 -0.0151748657226562
0.0437240600585938 -0.09161376953125 -0.0386886596679688 -0.00689315795898438
0.0914688110351563 -0.0589675903320313 -0.042388916015625 -0.0307502746582031
0.122276306152344 0.0384521484375 -0.0395011901855469 -0.0515174865722656
0.112037658691406 0.10882568359375 -0.0184707641601562 -0.0724258422851563
0.05194091796875 0.160919189453125 -0.0101432800292969 -0.0497589111328125
-0.00314331054687502 0.180694580078125 0.102684020996094 0.000495910644531261
0.0518646240234375 0.148361206054687 0.0548171997070313 0.0616226196289063
0.114974975585938 0.111785888671875 0.072540283203125 0.0793685913085938
0.1376953125 0.00732421875 0.110977172851563 0.020965576171875
0.0971527099609375 -0.0619964599609375 0.0831375122070312 -0.0335617065429688
0.0269775390625 -0.109588623046875 0.0311050415039063 -0.0712356567382813
-0.0244827270507813 -0.106414794921875 -0.0130043029785156 -0.0540122985839844
-0.0268096923828125 -0.0963058471679688 -0.0222187042236328 -0.0176048278808594
-0.03961181640625 -0.10833740234375 -0.0140209197998047 0.00155448913574218
-0.010894775390625 -0.112152099609375 -0.0290260314941406 0.0143356323242187
0.0522384643554688 -0.107200622558594 -0.0348415374755859 0.0196018218994141
0.102729797363281 -0.0656356811523438 -0.0454978942871094 -0.00998687744140626
0.129913330078125 0.0465774536132813 -0.0420494079589844 -0.03619384765625
0.106948852539063 0.120285034179688 -0.00540924072265624 -0.0460205078125
0.0333709716796875 0.166244506835938 -0.00478219985961914 0.00321435928344728
-0.033477783203125 0.162139892578125 0.0923385620117188 0.0679931640625
0.0182647705078125 0.154937744140625 0.0523757934570313 0.106117248535156
0.0931243896484375 0.135009765625 0.0604782104492187 0.0973281860351563
0.140251159667969 0.0298309326171875 0.0914688110351563 0.0469436645507813
0.108291625976563 -0.0516891479492188 0.0704345703125 -0.000236511230468753
0.0367889404296875 -0.112823486328125 0.034881591796875 -0.0316715240478516
-0.0198593139648438 -0.110671997070313 0.00399208068847656 -0.0172214508056641
-0.0238418579101563 -0.1004638671875 -0.00230598449707031 0.0129194259643555
-0.0380020141601562 -0.114311218261719 0.00415802001953125 0.0322303771972656
-0.0100860595703125 -0.116622924804688 -0.0184745788574219 0.0452766418457031
0.0565032958984375 -0.108863830566406 -0.030670166015625 0.0462265014648437
0.105476379394531 -0.0606689453125 -0.0475730895996094 0.00973892211914062
0.123161315917969 0.05621337890625 -0.0421485900878906 -0.0243873596191406
0.08514404296875 0.123550415039063 0.00794792175292969 -0.0214118957519531
0.00630187988281251 0.1541748046875 -0.002227783203125 0.0554428100585938
-0.0560302734375 0.113471984863281 0.0749969482421875 0.121086120605469
-0.017913818359375 0.127197265625 0.0425872802734375 0.138725280761719
0.0525665283203125 0.126068115234375 0.0451507568359375 0.104537963867188
0.111640930175781 0.0432815551757813 0.0658760070800781 0.0640830993652344
0.0959701538085938 -0.0335311889648438 0.0520668029785156 0.0271148681640625
0.0378875732421875 -0.09490966796875 0.0334644317626953 0.00563812255859374
-0.0124435424804687 -0.0963897705078125 0.0195999145507813 0.0187854766845703
-0.0177078247070313 -0.0895156860351563 0.0163955688476562 0.0403289794921875
-0.0301589965820313 -0.103477478027344 0.0214958190917969 0.0614547729492187
-0.00506591796874999 -0.105339050292969 -0.0084075927734375 0.074981689453125
0.0557327270507813 -0.0955352783203125 -0.0289344787597656 0.0699577331542969
0.0985946655273438 -0.0460662841796875 -0.0517234802246094 0.0257453918457031
0.102188110351563 0.0643310546875 -0.043853759765625 -0.0155868530273437
0.051544189453125 0.117744445800781 0.0150566101074219 0.00226497650146485
-0.024627685546875 0.1258544921875 -0.00845336914062501 0.102516174316406
-0.0671615600585938 0.0454216003417969 0.05572509765625 0.150253295898438
-0.044281005859375 0.0737838745117188 0.032012939453125 0.152099609375
0.00836944580078126 0.0882492065429688 0.033050537109375 0.100830078125
0.064727783203125 0.0423851013183594 0.0453643798828125 0.0706787109375
0.064666748046875 -0.013275146484375 0.0362129211425781 0.0430145263671875
0.0300941467285156 -0.0629043579101562 0.0304508209228516 0.033935546875
-0.00443649291992188 -0.0661659240722656 0.03106689453125 0.04742431640625
-0.009735107421875 -0.0638313293457031 0.032501220703125 0.0631675720214844
-0.01788330078125 -0.0779953002929688 0.0354537963867187 0.0858154296875
0.000701904296874992 -0.07965087890625 -0.00167846679687499 0.100616455078125
0.0485801696777344 -0.0701026916503906 -0.0318450927734375 0.0893936157226563
0.07904052734375 -0.0267791748046875 -0.0589866638183594 0.0393562316894531
0.0695838928222656 0.0645065307617188 -0.0481300354003906 -0.00960922241210936
0.0124969482421875 0.0966720581054688 0.0140399932861328 0.0233898162841797
-0.0538330078125 0.0800552368164063 -0.023468017578125 0.136970520019531
0.0580825805664063 -0.00798797607421875 0.022064208984375 -0.15362548828125
0.0155181884765625 -0.0611648559570313 -0.00793075561523438 -0.0395851135253906
-0.033447265625 -0.0403480529785156 0.0519866943359375 0.0136871337890625
-0.0456199645996094 0.00645828247070312 0.0856781005859375 -0.0451736450195312
-0.0265102386474609 0.0328960418701172 0.047119140625 -0.101188659667969
-0.000976562499999999 0.0430908203125 -0.0132293701171875 -0.118782043457031
0.00455474853515625 0.0327205657958984 -0.0541610717773437 -0.103485107421875
0.00010490417480469 0.0334415435791016 -0.0511322021484375 -0.0743331909179688
-0.00550079345703125 0.0360679626464844 -0.04534912109375 -0.0590095520019531
-0.0234088897705078 0.0205707550048828 -0.0353736877441406 -0.0513992309570312
-0.0309085845947266 -0.0059967041015625 -0.03875732421875 -0.0514907836914063
-0.0113697052001953 -0.0350418090820313 -0.03582763671875 -0.0725555419921875
0.0339012145996094 -0.0402297973632813 -0.022216796875 -0.105247497558594
0.0669975280761719 -0.0130577087402344 -0.032196044921875 -0.146896362304688
0.07220458984375 0.0247116088867188 -0.0369415283203125 -0.160720825195313
0.0646820068359375 0.0593376159667969 0.049407958984375 -0.1502685546875
0.0491065979003906 -0.0135002136230469 0.00969314575195313 -0.0382575988769531
0.0181007385253906 -0.0187892913818359 0.0628585815429688 0.0194244384765625
-0.000483512878417967 -0.0114908218383789 0.0992050170898438 -0.044342041015625
-0.00264239311218262 -0.00252318382263184 0.0607376098632813 -0.103401184082031
-0.00345802307128906 -0.00137948989868164 -0.00769805908203126 -0.128265380859375
-0.0113582611083984 -0.00879764556884766 -0.0556411743164062 -0.109115600585938
-0.0117311477661133 -0.00628471374511719 -0.0554275512695313 -0.0736846923828125
-0.0174455642700195 -0.00876998901367188 -0.0479011535644531 -0.059051513671875
-0.0160732269287109 -0.0224266052246094 -0.0397720336914063 -0.0503501892089844
0.00217056274414063 -0.035797119140625 -0.0395011901855469 -0.0455131530761719
0.0335617065429687 -0.0375442504882813 -0.0366439819335938 -0.0650138854980469
0.0693626403808594 -0.000339508056640625 -0.0270462036132813 -0.089080810546875
0.0877609252929688 0.0435333251953125 -0.0324630737304687 -0.127510070800781
0.0718460083007813 0.0884323120117187 -0.02777099609375 -0.139076232910156
0.0561904907226563 0.121627807617188 0.0764999389648438 -0.12213134765625
0.0712509155273438 0.0460662841796875 0.0294952392578125 -0.0194454193115234
0.0705947875976563 0.0171966552734375 0.0731887817382813 0.0340347290039063
0.0531387329101563 -0.02099609375 0.113113403320313 -0.032958984375
0.0295562744140625 -0.0353851318359375 0.074371337890625 -0.0933990478515625
3.81469726562456E-05 -0.0474472045898438 0.00344085693359375 -0.12432861328125
-0.0236244201660156 -0.0497169494628906 -0.048614501953125 -0.102890014648438
-0.021728515625 -0.0450668334960938 -0.0515899658203125 -0.061981201171875
-0.0297355651855469 -0.0512733459472656 -0.0438423156738281 -0.0462799072265625
-0.0134315490722656 -0.0615806579589844 -0.0421905517578125 -0.0366058349609375
0.0251655578613281 -0.0671310424804688 -0.04156494140625 -0.0291481018066406
0.0674095153808594 -0.04913330078125 -0.0416412353515625 -0.0499458312988281
0.102096557617188 0.0231781005859375 -0.035980224609375 -0.0709686279296875
0.106864929199219 0.0821380615234375 -0.0302047729492187 -0.102020263671875
0.0687637329101562 0.134796142578125 -0.021026611328125 -0.099639892578125
0.0341339111328125 0.16650390625 0.0942153930664063 -0.0707473754882812
0.0751495361328125 0.104385375976563 0.0466232299804688 0.0150909423828125
0.109405517578125 0.0631332397460937 0.079254150390625 0.0561752319335938
0.104690551757813 -0.01715087890625 0.118804931640625 -0.0111160278320313
0.0655479431152344 -0.0592803955078125 0.0834808349609375 -0.0704269409179688
0.00942230224609375 -0.0871505737304688 0.0168533325195313 -0.105659484863281
-0.0300827026367188 -0.084136962890625 -0.0342254638671875 -0.082916259765625
-0.028564453125 -0.0757522583007812 -0.0406455993652344 -0.0411643981933594
-0.0398483276367187 -0.0851593017578125 -0.0324878692626953 -0.0242023468017578
-0.0151519775390625 -0.0930557250976563 -0.0390777587890625 -0.0127983093261719
0.0388107299804687 -0.0943832397460938 -0.0405426025390625 -0.00580596923828126
0.0890731811523438 -0.0635223388671875 -0.0465507507324219 -0.0296630859375
0.125007629394531 0.0333175659179688 -0.0421028137207031 -0.0522346496582031
0.117416381835937 0.103713989257812 -0.021759033203125 -0.0740890502929688
0.05908203125 0.160171508789063 -0.0136528015136719 -0.0508346557617187
0.0047149658203125 0.1826171875 0.101463317871094 -0.00411224365234374
0.0576019287109375 0.146102905273437 0.0555992126464844 0.0592460632324219
0.121345520019531 0.107650756835938 0.0753173828125 0.0788650512695313
0.138801574707031 0.00060272216796875 0.112785339355469 0.0178146362304688
0.09423828125 -0.066925048828125 0.0828323364257813 -0.0371017456054688
0.021148681640625 -0.111434936523438 0.0281219482421875 -0.0729293823242188
-0.0312118530273437 -0.105644226074219 -0.01617431640625 -0.0533943176269531
-0.0314483642578125 -0.0953598022460938 -0.0235233306884766 -0.0146102905273438
-0.0457000732421875 -0.106063842773438 -0.014988899230957 0.00291061401367187
-0.0171661376953125 -0.111961364746094 -0.0291328430175781 0.0171241760253906
0.045806884765625 -0.110954284667969 -0.0357246398925781 0.0216293334960938
0.0998764038085938 -0.0703887939453125 -0.0479583740234375 -0.00885772705078125
0.133193969726563 0.0412445068359375 -0.0446014404296875 -0.0365943908691406
0.112510681152344 0.115303039550781 -0.00736999511718749 -0.0483551025390625
0.0406646728515625 0.167266845703125 -0.00520277023315429 0.00252294540405275
-0.026763916015625 0.16534423828125 0.0947036743164063 0.0631027221679688
0.0241241455078125 0.15509033203125 0.055450439453125 0.103790283203125
0.101203918457031 0.13232421875 0.0642013549804687 0.096954345703125
0.141708374023438 0.0228729248046875 0.09368896484375 0.0448379516601563
0.105903625488281 -0.057952880859375 0.0711212158203125 -0.00243377685546875
0.029815673828125 -0.11431884765625 0.0336513519287109 -0.0328407287597656
-0.0265274047851563 -0.110206604003906 0.00304985046386719 -0.0163583755493164
-0.0291366577148437 -0.099273681640625 -0.00249290466308594 0.0142650604248047
-0.0452423095703125 -0.112091064453125 0.00488471984863281 0.0327224731445313
-0.0163345336914063 -0.116813659667969 -0.0171012878417969 0.0476646423339844
0.0501708984375 -0.112648010253906 -0.0301933288574219 0.0477790832519531
0.101844787597656 -0.0662612915039063 -0.0495796203613281 0.0110893249511719
0.126228332519531 0.0504989624023438 -0.0448493957519531 -0.0247230529785156
0.0915679931640625 0.120223999023438 0.00663757324218751 -0.0234928131103516
0.013671875 0.156265258789063 -0.000213623046874996 0.0550422668457031
-0.050933837890625 0.117057800292969 0.0805282592773437 0.118011474609375
-0.012786865234375 0.128120422363281 0.047149658203125 0.138145446777344
0.0594329833984375 0.125480651855469 0.0487747192382813 0.104591369628906
0.113876342773438 0.03759765625 0.0690269470214844 0.062713623046875
0.0944366455078125 -0.0388565063476563 0.0545654296875 0.025787353515625
0.0323715209960938 -0.0963287353515625 0.0345916748046875 0.00422286987304687
-0.018157958984375 -0.0961227416992188 0.0202159881591797 0.0185260772705078
-0.0228042602539063 -0.088653564453125 0.0177001953125 0.0415382385253906
-0.037445068359375 -0.102676391601562 0.0238113403320312 0.0610504150390625
-0.0112380981445312 -0.1053466796875 -0.00525665283203126 0.076568603515625
0.0497207641601563 -0.0994873046875 -0.0267333984375 0.0717086791992188
0.0953292846679688 -0.0518264770507813 -0.0522422790527344 0.0283470153808594
0.106475830078125 0.0594940185546875 -0.0462226867675781 -0.0140914916992187
0.0576400756835937 0.115364074707031 0.0152864456176758 0.000235557556152351
-0.019378662109375 0.128372192382813 -0.00386810302734376 0.102409362792969
-0.0658226013183594 0.0489883422851563 0.0616912841796875 0.14923095703125
-0.0408554077148438 0.0757293701171875 0.037384033203125 0.152313232421875
0.013519287109375 0.0888290405273438 0.0363540649414063 0.101531982421875
0.066375732421875 0.0384597778320313 0.048736572265625 0.0709304809570313
0.0640296936035156 -0.017303466796875 0.0391693115234375 0.0425491333007813
0.0261383056640625 -0.0635643005371094 0.0333919525146484 0.0326557159423828
-0.00830841064453125 -0.06658935546875 0.0334091186523438 0.0463218688964844
-0.0129890441894531 -0.0637435913085938 0.0358200073242188 0.0621376037597656
-0.0238723754882813 -0.0765762329101563 0.0394058227539063 0.085113525390625
-0.00519561767578124 -0.0800094604492188 0.00283050537109375 0.101600646972656
0.0437240600585938 -0.0739593505859375 -0.0278472900390625 0.0911712646484375
0.0783309936523438 -0.0315475463867188 -0.0589599609375 0.04193115234375
0.0736083984375 0.060577392578125 -0.0501060485839844 -0.00806427001953125
0.0166854858398437 0.0962982177734375 0.0154571533203125 0.0212516784667969
-0.0494766235351562 0.082977294921875 -0.0171356201171875 0.13751220703125
0.0571327209472656 -0.0087738037109375 0.0159454345703125 -0.152816772460937
0.0120697021484375 -0.0605812072753906 -0.00992965698242188 -0.0375022888183594
-0.0343704223632812 -0.0389137268066406 0.05328369140625 0.0133934020996094
-0.0439643859863281 0.00745010375976562 0.0844268798828125 -0.0472412109375
-0.0247325897216797 0.0333137512207031 0.04425048828125 -0.101577758789063
0.00127792358398438 0.0427894592285156 -0.0158157348632813 -0.117172241210938
0.00638961791992188 0.0316848754882813 -0.0564041137695312 -0.101249694824219
0.00197219848632813 0.0320358276367187 -0.0528793334960938 -0.071929931640625
-0.0031585693359375 0.0357017517089844 -0.0470199584960938 -0.056915283203125
-0.0211086273193359 0.0212135314941406 -0.0370025634765625 -0.0502128601074219
-0.0296783447265625 -0.00430870056152344 -0.0405044555664063 -0.0499076843261719
-0.0111751556396484 -0.03375244140625 -0.0382232666015625 -0.07244873046875
0.0318603515625 -0.0404548645019531 -0.023773193359375 -0.105636596679687
0.0655708312988281 -0.0151939392089844 -0.0346832275390625 -0.146514892578125
0.072174072265625 0.0221481323242188 -0.0403900146484375 -0.158370971679687
0.0650520324707031 0.0581130981445313 0.0434417724609375 -0.1510009765625
0.0465278625488281 -0.0144004821777344 0.00730133056640625 -0.0374603271484375
0.0174560546875 -0.0192298889160156 0.0634231567382812 0.0185890197753906
-0.000772476196289064 -0.011296272277832 0.0983505249023438 -0.0459136962890625
-0.00181770324707031 -0.0021742582321167 0.05755615234375 -0.104446411132813
-0.00269556045532227 -0.00178742408752441 -0.0109634399414062 -0.126998901367188
-0.0117321014404297 -0.00894641876220703 -0.0587081909179688 -0.106803894042969
-0.0111284255981445 -0.00679206848144531 -0.0569000244140625 -0.0711822509765625
-0.0165128707885742 -0.00835990905761719 -0.0493850708007813 -0.0562019348144531
-0.0158023834228516 -0.0208492279052734 -0.0414810180664063 -0.0487060546875
0.00141143798828125 -0.0348682403564453 -0.0417518615722656 -0.0440330505371094
0.0319900512695313 -0.0377235412597656 -0.0388259887695313 -0.06475830078125
0.0685653686523438 -0.00150299072265625 -0.0285797119140625 -0.0898971557617188
0.0875091552734375 0.0405197143554687 -0.0345687866210937 -0.128128051757813
0.073211669921875 0.0855712890625 -0.0314102172851562 -0.137786865234375
0.0596847534179687 0.120033264160156 0.070465087890625 -0.123016357421875
0.070159912109375 0.0432662963867188 0.0270175933837891 -0.0201683044433594
0.0701637268066406 0.0150871276855469 0.0742263793945313 0.033355712890625
0.0518760681152344 -0.0225372314453125 0.11187744140625 -0.0349197387695312
0.0287666320800781 -0.0356674194335938 0.0718612670898438 -0.0942764282226562
-0.00130462646484375 -0.046966552734375 0.000350952148437491 -0.123268127441406
-0.0250587463378906 -0.0490226745605469 -0.0517578125 -0.0998764038085938
-0.0226097106933594 -0.0441818237304688 -0.0522308349609375 -0.0586128234863281
-0.0301132202148437 -0.049835205078125 -0.0450248718261719 -0.04388427734375
-0.0149650573730469 -0.0602607727050781 -0.0435028076171875 -0.0344734191894531
0.0228805541992188 -0.0666007995605469 -0.0433158874511719 -0.0278167724609375
0.0654830932617188 -0.0501976013183594 -0.0441970825195312 -0.049591064453125
0.101882934570313 0.0205078125 -0.03704833984375 -0.071502685546875
0.108222961425781 0.0780029296875 -0.0323104858398438 -0.102424621582031
0.0713272094726563 0.131729125976563 -0.0239715576171875 -0.0995330810546875
0.0384521484375 0.164215087890625 0.0903701782226563 -0.0725631713867187
0.07568359375 0.101753234863281 0.0448532104492188 0.013824462890625
0.110771179199219 0.0601882934570313 0.0797958374023438 0.0552825927734375
0.103225708007813 -0.0202255249023438 0.117561340332031 -0.0125732421875
0.0631904602050781 -0.0604705810546875 0.081939697265625 -0.07159423828125
0.00550842285156249 -0.0859451293945313 0.0136337280273438 -0.104583740234375
-0.0331878662109375 -0.08245849609375 -0.0370101928710938 -0.0807342529296875
-0.0304794311523437 -0.0743179321289063 -0.0412864685058594 -0.0379447937011719
-0.0425033569335938 -0.0829544067382813 -0.0337448120117188 -0.0221824645996094
-0.0179672241210938 -0.090057373046875 -0.0396842956542969 -0.00995254516601563
0.0345306396484375 -0.0943679809570313 -0.0417633056640625 -0.00400543212890626
0.0862350463867188 -0.0654296875 -0.0479774475097656 -0.0294723510742188
0.125617980957031 0.0306396484375 -0.0431785583496094 -0.0527801513671875
0.119415283203125 0.0993270874023438 -0.0234222412109375 -0.0751190185546875
0.063201904296875 0.158309936523438 -0.0150794982910156 -0.0505142211914062
0.00885009765625001 0.181228637695313 0.098297119140625 -0.00804138183593749
0.058990478515625 0.142486572265625 0.0547943115234375 0.0573158264160156
0.123153686523438 0.103599548339844 0.0769195556640625 0.078277587890625
0.136672973632813 -0.00384521484375 0.112075805664063 0.0160369873046875
0.0913009643554688 -0.0689926147460938 0.0823287963867187 -0.0388412475585938
0.0165252685546875 -0.110481262207031 0.025726318359375 -0.0730056762695313
-0.034332275390625 -0.103324890136719 -0.0178794860839844 -0.0513992309570313
-0.0333633422851563 -0.09344482421875 -0.0235595703125 -0.0120944976806641
-0.0501632690429688 -0.103363037109375 -0.0157432556152344 0.00452899932861327
-0.0212249755859375 -0.109840393066406 -0.0297985076904297 0.0187892913818359
0.0406646728515625 -0.111343383789063 -0.0364227294921875 0.0221710205078125
0.0962066650390625 -0.0736160278320313 -0.0494003295898437 -0.00750732421874999
0.133758544921875 0.0370407104492188 -0.0454826354980469 -0.0366058349609375
0.115570068359375 0.111091613769531 -0.00980758666992187 -0.0489158630371094
0.0447540283203125 0.164810180664062 -0.00601387023925781 0.00226640701293946
-0.021697998046875 0.165664672851563 0.094207763671875 0.0591888427734375
0.0273590087890625 0.152511596679688 0.05535888671875 0.101348876953125
0.105125427246094 0.12884521484375 0.0652999877929688 0.0958709716796875
0.140594482421875 0.01806640625 0.0940322875976563 0.04241943359375
0.102806091308594 -0.0600433349609375 0.0722274780273437 -0.00356292724609375
0.0262374877929688 -0.113235473632812 0.0326213836669922 -0.0340938568115234
-0.0298690795898437 -0.108131408691406 0.00211143493652344 -0.016200065612793
-0.0321121215820312 -0.0977783203125 -0.00258255004882813 0.0158700942993164
-0.050048828125 -0.1092529296875 0.00449562072753906 0.0326976776123047
-0.0211334228515625 -0.1136474609375 -0.0161285400390625 0.0485305786132812
0.044036865234375 -0.113739013671875 -0.0296096801757813 0.0484237670898437
0.0984039306640625 -0.06951904296875 -0.0505256652832031 0.0121612548828125
0.127593994140625 0.0459442138671875 -0.0456695556640625 -0.0242958068847656
0.0943984985351562 0.115524291992187 0.00522613525390625 -0.0255908966064453
0.0174713134765625 0.155044555664062 0.000457763671874999 0.0536308288574219
-0.0470733642578125 0.118057250976563 0.0807266235351563 0.114479064941406
-0.00911712646484375 0.127731323242188 0.0489959716796875 0.135635375976563
0.0637435913085937 0.122344970703125 0.0499267578125 0.103485107421875
0.113639831542969 0.0334243774414063 0.0705108642578125 0.0616378784179688
0.0915756225585938 -0.041259765625 0.0553321838378906 0.0244827270507812
0.0283279418945312 -0.095947265625 0.033538818359375 0.00342178344726562
-0.0216064453125 -0.0943832397460938 0.0207672119140625 0.0180377960205078
-0.02569580078125 -0.0866622924804687 0.0189247131347656 0.0417366027832031
-0.0418701171875 -0.0987625122070313 0.0251579284667969 0.0602264404296875
-0.0161361694335938 -0.103309631347656 -0.00339508056640625 0.07666015625
0.0445556640625 -0.100837707519531 -0.0251693725585938 0.0719223022460938
0.0928955078125 -0.0552215576171875 -0.052154541015625 0.0296859741210937
0.107231140136719 0.0557174682617188 -0.0467643737792969 -0.013824462890625
0.0603179931640625 0.112419128417969 0.0149393081665039 -0.00194931030273437
-0.0156097412109375 0.128463745117188 -0.00140380859375 0.100715637207031
-0.0637779235839844 0.0501251220703125 0.064666748046875 0.146636962890625
-0.0382461547851563 0.0761184692382813 0.0403594970703125 0.15118408203125
0.0167160034179688 0.0882034301757813 0.0383682250976563 0.101028442382813
0.0678443908691406 0.0356521606445313 0.0503616333007813 0.0701370239257812
0.0621109008789063 -0.0188026428222656 0.0407676696777344 0.041900634765625
0.0227775573730469 -0.06329345703125 0.0341129302978516 0.0314807891845703
-0.0108375549316406 -0.0653648376464844 0.0352935791015625 0.0451545715332031
-0.0152740478515625 -0.0623359680175781 0.0369148254394531 0.0614814758300781
-0.027099609375 -0.0748138427734375 0.0406417846679688 0.083282470703125
-0.00846099853515626 -0.0786972045898438 0.00531768798828126 0.100784301757813
0.0397262573242188 -0.0752639770507813 -0.0253753662109375 0.0910186767578125
0.076263427734375 -0.0337600708007813 -0.0578956604003906 0.0432929992675781
0.0742568969726563 0.0575485229492188 -0.0511016845703125 -0.00651931762695312
0.0195541381835938 0.0941238403320313 0.0157985687255859 0.0191669464111328
-0.0467071533203125 0.0831985473632812 -0.0139007568359375 0.136123657226563
0.0576019287109375 -0.00918960571289063 0.01397705078125 -0.151748657226563
0.0109977722167969 -0.0592994689941406 -0.0111236572265625 -0.0365524291992188
-0.0349006652832031 -0.0388984680175781 0.0546913146972656 0.0136375427246094
-0.0433883666992188 0.00761795043945312 0.0849456787109375 -0.0469970703125
-0.0236473083496094 0.0330028533935547 0.0435333251953125 -0.101463317871094
0.00130844116210937 0.0423088073730469 -0.0153961181640625 -0.11700439453125
0.006561279296875 0.0315113067626953 -0.0574264526367188 -0.100730895996094
0.00305557250976563 0.0317516326904297 -0.0528335571289062 -0.0722503662109375
-0.00162124633789063 0.0347404479980469 -0.0473556518554688 -0.0562820434570312
-0.0203628540039063 0.0217647552490234 -0.0375518798828125 -0.0499114990234375
-0.0288867950439453 -0.00371742248535156 -0.0416831970214844 -0.0498580932617188
-0.0119781494140625 -0.0335445404052734 -0.0390853881835938 -0.0732650756835938
0.0307769775390625 -0.0403518676757813 -0.0230178833007812 -0.107131958007813
0.0648078918457031 -0.0150070190429688 -0.034271240234375 -0.147369384765625
0.0717086791992188 0.0213851928710937 -0.0402984619140625 -0.158615112304688
0.0664100646972656 0.0580635070800781 0.041259765625 -0.150009155273438
0.0452461242675781 -0.0137939453125 0.0049896240234375 -0.0370292663574219
0.0172710418701172 -0.0193004608154297 0.0645599365234375 0.0195426940917969
-0.000430107116699218 -0.0114564895629883 0.0983047485351563 -0.0456695556640625
-0.00173366069793701 -0.00202834606170654 0.057159423828125 -0.103965759277344
-0.0029609203338623 -0.00153326988220215 -0.0115280151367188 -0.126121520996094
-0.01165771484375 -0.00881767272949219 -0.0591888427734375 -0.105499267578125
-0.0100317001342773 -0.00759506225585938 -0.0566329956054687 -0.07012939453125
-0.0162868499755859 -0.00841712951660156 -0.0498085021972656 -0.0550765991210938
-0.0155467987060547 -0.0205650329589844 -0.0425491333007812 -0.0483169555664063
0.00138664245605469 -0.0339889526367188 -0.0426216125488281 -0.0438270568847656
0.0320777893066406 -0.0374221801757813 -0.0400505065917969 -0.065948486328125
0.06781005859375 -0.0006866455078125 -0.0277557373046875 -0.092254638671875
0.0865631103515625 0.0400924682617187 -0.0340347290039063 -0.128860473632813
0.0734786987304688 0.084930419921875 -0.031829833984375 -0.138458251953125
0.0598220825195313 0.119972229003906 0.0681304931640625 -0.122917175292969
0.0685272216796875 0.04339599609375 0.0248203277587891 -0.0197219848632812
0.0704345703125 0.0147018432617188 0.0748138427734375 0.0344009399414063
0.0519485473632813 -0.0228195190429688 0.111679077148438 -0.0342864990234375
0.0288314819335938 -0.0360946655273438 0.072174072265625 -0.0940933227539063
-0.0023651123046875 -0.0469207763671875 -5.34057617187491E-05 -0.122955322265625
-0.0256919860839844 -0.0486946105957031 -0.0520401000976563 -0.098876953125
-0.0219573974609375 -0.0444488525390625 -0.0524673461914063 -0.0574760437011719
-0.030426025390625 -0.0491981506347656 -0.0460472106933594 -0.0421600341796875
-0.0149879455566406 -0.0591163635253906 -0.0448837280273438 -0.0331192016601563
0.02252197265625 -0.0660781860351563 -0.0449485778808594 -0.0275459289550781
0.0656356811523438 -0.0503387451171875 -0.0458259582519531 -0.0501060485839844
0.101753234863281 0.0205535888671875 -0.0366592407226562 -0.0741043090820313
0.1075439453125 0.0770797729492188 -0.0323562622070312 -0.104148864746094
0.071441650390625 0.131782531738281 -0.0246963500976563 -0.100151062011719
0.03875732421875 0.16424560546875 0.0877456665039062 -0.0732803344726562
0.0737991333007813 0.100860595703125 0.041900634765625 0.0135269165039063
0.111297607421875 0.0599212646484375 0.0798873901367187 0.0566177368164063
0.102668762207031 -0.0206069946289063 0.118034362792969 -0.0115814208984375
0.0631980895996094 -0.0603752136230469 0.0826873779296875 -0.0713729858398438
0.00531768798828126 -0.0859756469726563 0.0133132934570312 -0.104499816894531
-0.0343399047851563 -0.08184814453125 -0.0375747680664062 -0.0796279907226563
-0.0300750732421875 -0.0745773315429688 -0.040802001953125 -0.036590576171875
-0.0436019897460938 -0.0818405151367188 -0.0345020294189453 -0.0210151672363281
-0.018707275390625 -0.0900344848632813 -0.0403022766113281 -0.00896072387695314
0.0335617065429687 -0.0943756103515625 -0.0429039001464844 -0.00394058227539063
0.0856475830078125 -0.0653762817382813 -0.0498847961425781 -0.0298347473144531
0.125785827636719 0.030059814453125 -0.0436553955078125 -0.0547294616699219
0.119285583496094 0.0983810424804688 -0.0240936279296875 -0.0769424438476563
0.062591552734375 0.158035278320312 -0.0161209106445313 -0.0512428283691406
0.009124755859375 0.181549072265625 0.0958786010742188 -0.00880432128906249
0.0576629638671875 0.1419677734375 0.0524024963378906 0.0572662353515625
0.12457275390625 0.103134155273437 0.07647705078125 0.0794906616210938
0.135963439941406 -0.00475311279296875 0.112442016601563 0.0171127319335938
0.0913925170898438 -0.0682449340820313 0.0829315185546875 -0.0375137329101563
0.0149688720703125 -0.109306335449219 0.0259933471679687 -0.0731048583984375
-0.03558349609375 -0.102592468261719 -0.0184974670410156 -0.0503730773925781
-0.0340499877929688 -0.0931396484375 -0.02337646484375 -0.0102977752685547
-0.0513381958007812 -0.101676940917969 -0.0165739059448242 0.00558185577392578
-0.022735595703125 -0.108467102050781 -0.0303478240966797 0.0198192596435547
0.0387802124023438 -0.111549377441406 -0.0375251770019531 0.0225677490234375
0.0950393676757812 -0.07403564453125 -0.0507774353027344 -0.00777435302734376
0.134811401367188 0.03631591796875 -0.0456275939941406 -0.0380630493164062
0.115646362304688 0.109672546386719 -0.0103225708007812 -0.0509109497070312
0.0452117919921875 0.165725708007813 -0.00594377517700195 0.000926494598388681
-0.0213623046875 0.164047241210938 0.0923385620117188 0.058135986328125
0.0256500244140625 0.15264892578125 0.0537872314453125 0.101158142089844
0.106285095214844 0.128074645996094 0.064453125 0.0970382690429688
0.1395263671875 0.0174942016601563 0.093841552734375 0.0442581176757812
0.102104187011719 -0.0602569580078125 0.0725326538085938 -0.00269317626953125
0.0239334106445313 -0.112579345703125 0.0321445465087891 -0.0343189239501953
-0.0319290161132812 -0.106887817382812 0.00157642364501953 -0.0151157379150391
-0.0323867797851563 -0.0971145629882813 -0.00204944610595703 0.0172719955444336
-0.0516586303710937 -0.107284545898438 0.00412368774414062 0.0339450836181641
-0.0230255126953125 -0.112678527832031 -0.0169563293457031 0.049468994140625
0.04156494140625 -0.113349914550781 -0.0304908752441406 0.0489387512207031
0.0977783203125 -0.0703506469726563 -0.0511817932128906 0.0121726989746094
0.128379821777344 0.0457687377929688 -0.0464668273925781 -0.0243606567382812
0.0948562622070313 0.114715576171875 0.00456428527832032 -0.0265769958496094
0.0184326171875 0.1556396484375 0.000148773193359374 0.0523643493652344
-0.0463027954101562 0.117866516113281 0.07977294921875 0.113365173339844
-0.00955963134765626 0.127120971679688 0.0479965209960937 0.134742736816406
0.0658035278320313 0.122459411621094 0.0489730834960938 0.104225158691406
0.113204956054688 0.0322113037109375 0.069366455078125 0.0628509521484375
0.0909194946289063 -0.041168212890625 0.0566291809082031 0.0253562927246094
0.0263137817382812 -0.0955276489257813 0.0343723297119141 0.00339317321777343
-0.0231552124023438 -0.09381103515625 0.0205764770507813 0.0182456970214844
-0.0259780883789062 -0.0865020751953125 0.0192985534667969 0.0426673889160156
-0.0433731079101562 -0.0975112915039063 0.0245285034179688 0.0600166320800781
-0.0178909301757812 -0.102104187011719 -0.0032501220703125 0.0769729614257813
0.0421829223632813 -0.100845336914063 -0.0251312255859375 0.0715560913085938
0.0916900634765625 -0.0558242797851562 -0.0529212951660156 0.0294456481933594
0.107955932617188 0.054229736328125 -0.0471992492675781 -0.014495849609375
0.061187744140625 0.11102294921875 0.014678955078125 -0.00357913970947265
-0.0145797729492187 0.129005432128906 -0.00092315673828126 0.099212646484375
-0.0625839233398437 0.049835205078125 0.064453125 0.14556884765625
-0.0379180908203125 0.0762710571289063 0.0394134521484375 0.150390625
0.0180587768554688 0.08770751953125 0.0371475219726562 0.101882934570313
0.0675544738769531 0.0345382690429688 0.0502548217773438 0.0715866088867188
0.0610275268554688 -0.0195808410644531 0.0417213439941406 0.0422439575195313
0.0223808288574219 -0.0626449584960938 0.0350341796875 0.0310497283935547
-0.0121078491210937 -0.0651130676269531 0.0357475280761719 0.0450515747070312
-0.0158615112304688 -0.0620841979980469 0.0375175476074219 0.0619888305664062
-0.0283432006835938 -0.0729827880859375 0.0409011840820313 0.082763671875
-0.00933837890625 -0.0780487060546875 0.00531768798828124 0.1005859375
0.0382461547851563 -0.0755157470703125 -0.02532958984375 0.0902557373046875
0.0749435424804688 -0.03472900390625 -0.0584297180175781 0.0430259704589844
0.0749588012695313 0.0566177368164063 -0.0511093139648437 -0.00771713256835936
0.0203781127929688 0.0929107666015625 0.0162429809570313 0.0181903839111328
-0.0465164184570312 0.0836410522460938 -0.0126113891601562 0.1343994140625
0.0596847534179688 -0.00852584838867188 0.0143280029296875 -0.153732299804688
0.0106353759765625 -0.0600204467773438 -0.0123100280761719 -0.0362510681152344
-0.0359764099121094 -0.0395469665527344 0.0565643310546875 0.0155181884765625
-0.0428428649902344 0.007568359375 0.0881576538085938 -0.046661376953125
-0.0236930847167969 0.0331020355224609 0.0459060668945313 -0.102813720703125
0.0017242431640625 0.0428733825683594 -0.0142440795898438 -0.11962890625
0.00662040710449219 0.0319252014160156 -0.0578231811523438 -0.103813171386719
0.00374412536621094 0.0317764282226563 -0.0532608032226563 -0.0738449096679688
-0.000558853149414059 0.0349254608154297 -0.0478630065917969 -0.0579490661621094
-0.01995849609375 0.0221309661865234 -0.0379104614257813 -0.0510787963867188
-0.0288562774658203 -0.00349617004394531 -0.0425033569335938 -0.0511627197265625
-0.0116596221923828 -0.0339508056640625 -0.0394821166992188 -0.0767593383789063
0.0313758850097656 -0.0405998229980469 -0.021087646484375 -0.1119384765625
0.0654182434082031 -0.0152244567871094 -0.0324249267578125 -0.151580810546875
0.07318115234375 0.0219573974609375 -0.0386199951171875 -0.16339111328125
0.067138671875 0.0599327087402344 0.041839599609375 -0.152664184570313
0.0451393127441406 -0.0122871398925781 0.0033416748046875 -0.0364570617675781
0.0175437927246094 -0.0193214416503906 0.0665054321289063 0.0217857360839844
0.000382423400878907 -0.0117025375366211 0.102027893066406 -0.0458145141601563
-0.000977039337158203 -0.00203001499176025 0.0597305297851563 -0.105316162109375
-0.00300097465515137 -0.00183963775634766 -0.00975799560546876 -0.129035949707031
-0.0120859146118164 -0.00869083404541016 -0.0596923828125 -0.108230590820313
-0.0099334716796875 -0.00798130035400391 -0.05682373046875 -0.0719146728515625
-0.0155305862426758 -0.00882053375244141 -0.050506591796875 -0.0563278198242188
-0.0144386291503906 -0.0204124450683594 -0.0438575744628906 -0.0489730834960938
0.00226402282714844 -0.0345325469970703 -0.0438423156738281 -0.0455856323242188
0.0333480834960938 -0.0378684997558594 -0.0408706665039063 -0.0688056945800781
0.0696449279785156 -0.000141143798828125 -0.0266647338867187 -0.0964813232421875
0.0880355834960938 0.0411605834960938 -0.0333404541015625 -0.134109497070313
0.0737380981445313 0.0877304077148438 -0.0301361083984375 -0.14251708984375
0.0602264404296875 0.123313903808594 0.0693740844726562 -0.125289916992188
0.0681266784667969 0.0458946228027344 0.0234012603759766 -0.0190410614013672
0.0724105834960938 0.0162277221679688 0.0764617919921875 0.0370559692382813
0.052978515625 -0.0226593017578125 0.114875793457031 -0.0329666137695313
0.0301971435546875 -0.0362510681152344 0.0752792358398438 -0.095428466796875
-0.00182342529296875 -0.0475578308105469 0.00114440917968751 -0.125480651855469
-0.0262489318847656 -0.0498313903808594 -0.05255126953125 -0.100669860839844
-0.021820068359375 -0.0458793640136719 -0.0520172119140625 -0.0582351684570313
-0.0302391052246094 -0.0502052307128906 -0.0466842651367187 -0.042877197265625
-0.0146408081054688 -0.0597648620605469 -0.0458145141601562 -0.0336875915527344
0.0228080749511719 -0.0670928955078125 -0.047149658203125 -0.0282249450683594
0.0672264099121094 -0.0507354736328125 -0.0471382141113281 -0.0533790588378906
0.104476928710938 0.0227737426757813 -0.0363235473632813 -0.0783004760742188
0.108711242675781 0.0793228149414063 -0.0322799682617187 -0.108421325683594
0.0714950561523438 0.135635375976563 -0.023712158203125 -0.103019714355469
0.0379791259765625 0.168487548828125 0.087982177734375 -0.0747833251953125
0.0731658935546875 0.104179382324219 0.0405120849609375 0.0143394470214844
0.11346435546875 0.06256103515625 0.08135986328125 0.0596847534179688
0.10479736328125 -0.0200881958007813 0.121345520019531 -0.0095672607421875
0.0654754638671875 -0.0611152648925781 0.0861663818359375 -0.0715789794921875
0.0049591064453125 -0.0865020751953125 0.0147247314453125 -0.106941223144531
-0.0349349975585937 -0.0836944580078125 -0.0375747680664063 -0.081298828125
-0.0299224853515625 -0.0767059326171875 -0.0412673950195313 -0.0361709594726563
-0.0436248779296875 -0.0832748413085938 -0.0351600646972656 -0.0205345153808594
-0.0190582275390625 -0.0910568237304688 -0.0422821044921875 -0.00872039794921876
0.0344009399414062 -0.0954742431640625 -0.0455245971679688 -0.00397109985351563
0.08734130859375 -0.0662918090820313 -0.051727294921875 -0.03228759765625
0.129135131835938 0.032135009765625 -0.0434989929199219 -0.0583534240722656
0.121002197265625 0.100997924804688 -0.0239791870117187 -0.0808563232421875
0.062591552734375 0.163177490234375 -0.0156021118164063 -0.0536270141601562
0.00805664062499999 0.185562133789062 0.096099853515625 -0.00837707519531249
0.0560302734375 0.14593505859375 0.0507545471191406 0.0581817626953125
0.126960754394531 0.107078552246094 0.076416015625 0.0844573974609375
0.139068603515625 -0.0031585693359375 0.115127563476563 0.019989013671875
0.0935592651367188 -0.0685272216796875 0.0864028930664063 -0.036865234375
0.0158004760742188 -0.110687255859375 0.0267715454101562 -0.0744094848632813
-0.0368118286132812 -0.104652404785156 -0.0189590454101562 -0.0509109497070313
-0.0339126586914063 -0.0957794189453125 -0.0229778289794922 -0.00948524475097657
-0.0518875122070313 -0.102668762207031 -0.0168914794921875 0.00671005249023437
-0.0236358642578125 -0.109642028808594 -0.0317497253417969 0.0210304260253906
0.039337158203125 -0.11334228515625 -0.0394706726074219 0.0228958129882812
0.09735107421875 -0.0750198364257813 -0.0533790588378906 -0.00905609130859376
0.138275146484375 0.0382232666015625 -0.0465087890625 -0.04083251953125
0.117164611816406 0.112747192382813 -0.0102729797363281 -0.0543212890625
0.044525146484375 0.17071533203125 -0.00654840469360351 0.000616073608398447
-0.0229034423828125 0.168228149414062 0.0914993286132813 0.0596542358398438
0.023956298828125 0.155044555664063 0.0520401000976563 0.103935241699219
0.108512878417969 0.132469177246094 0.0639495849609375 0.101531982421875
0.141860961914063 0.0186309814453125 0.0953369140625 0.0479354858398438
0.105392456054688 -0.0599594116210938 0.0752639770507813 -0.00135040283203125
0.0244827270507812 -0.113571166992188 0.03314208984375 -0.0348358154296875
-0.032440185546875 -0.109146118164063 0.00177001953125 -0.0151863098144531
-0.0329437255859375 -0.09918212890625 -0.00165557861328125 0.0188179016113281
-0.0527420043945313 -0.1085205078125 0.00316810607910156 0.0349597930908203
-0.02362060546875 -0.113555908203125 -0.0177726745605469 0.0510139465332031
0.0418777465820313 -0.115089416503906 -0.03216552734375 0.049224853515625
0.0994186401367188 -0.0716781616210937 -0.0530776977539063 0.0113983154296875
0.131568908691406 0.0471649169921875 -0.0477409362792969 -0.0271759033203125
0.0964202880859375 0.116966247558594 0.00509834289550782 -0.0290088653564453
0.0172576904296875 0.1600341796875 -0.000728607177734378 0.0533027648925781
-0.04833984375 0.119941711425781 0.07916259765625 0.115699768066406
-0.0111465454101562 0.129486083984375 0.0462188720703125 0.138046264648438
0.0673370361328125 0.12548828125 0.04815673828125 0.109130859375
0.115333557128906 0.032958984375 0.0703887939453125 0.0663528442382813
0.093017578125 -0.0412063598632813 0.0583763122558594 0.0269203186035156
0.0269699096679688 -0.0963592529296875 0.0358543395996094 0.00286483764648437
-0.023956298828125 -0.0949630737304688 0.0210323333740234 0.0193843841552734
-0.0266647338867187 -0.0882797241210938 0.0194511413574219 0.04449462890625
-0.0445022583007812 -0.09857177734375 0.0239067077636719 0.062225341796875
-0.0189056396484375 -0.103584289550781 -0.00478363037109375 0.0786056518554688
0.0423736572265625 -0.102401733398438 -0.0269851684570312 0.07257080078125
0.0930404663085938 -0.0569610595703125 -0.05523681640625 0.0299301147460938
0.110420227050781 0.0561981201171875 -0.0486412048339844 -0.0160408020019531
0.0616226196289063 0.113388061523438 0.0146007537841797 -0.00493621826171874
-0.0154190063476563 0.131439208984375 -0.00182342529296874 0.100547790527344
-0.06378173828125 0.050689697265625 0.06256103515625 0.14837646484375
-0.0391845703125 0.0775985717773438 0.038177490234375 0.154296875
0.0196762084960938 0.0896453857421875 0.0357818603515625 0.105690002441406
0.0685005187988281 0.0347976684570312 0.0503997802734375 0.075347900390625
0.062469482421875 -0.0195045471191406 0.0431022644042969 0.044647216796875
0.022308349609375 -0.0639991760253906 0.0356903076171875 0.0314750671386719
-0.0120964050292969 -0.065948486328125 0.0364570617675781 0.0458106994628906
-0.0160140991210938 -0.0628662109375 0.0382537841796875 0.0640220642089844
-0.0294570922851563 -0.0732421875 0.0403976440429688 0.0849533081054687
-0.0104446411132813 -0.07861328125 0.00447845458984375 0.102897644042969
0.0383758544921875 -0.0762481689453125 -0.027252197265625 0.0916366577148437
0.0764999389648437 -0.0354385375976563 -0.060302734375 0.0430221557617187
0.0766448974609375 0.0585098266601563 -0.0525894165039062 -0.00846862792968749
0.02001953125 0.0954055786132813 0.0165748596191406 0.0172996520996094
-0.047210693359375 0.0856399536132813 -0.0138931274414063 0.13604736328125
0.0630912780761719 -0.00988006591796875 0.0146026611328125 -0.160354614257813
0.0107002258300781 -0.0619621276855469 -0.0144195556640625 -0.0363349914550781
-0.0375747680664063 -0.0409164428710937 0.0604057312011719 0.0171165466308594
-0.0451850891113281 0.00800323486328124 0.092864990234375 -0.0494766235351563
-0.0248184204101563 0.0343608856201172 0.0478591918945312 -0.107719421386719
0.00278091430664063 0.0447921752929688 -0.014556884765625 -0.125099182128906
0.00776100158691406 0.0333271026611328 -0.0606842041015625 -0.108421325683594
0.00481033325195313 0.0320224761962891 -0.0559234619140625 -0.0778884887695313
0.00119781494140625 0.0358963012695313 -0.050140380859375 -0.0601539611816406
-0.0196113586425781 0.0234394073486328 -0.0405769348144531 -0.0538864135742188
-0.0297050476074219 -0.00339889526367188 -0.0442352294921875 -0.0541534423828125
-0.0126876831054687 -0.0350360870361328 -0.0422897338867188 -0.0815505981445313
0.0322952270507812 -0.0420150756835937 -0.0218048095703125 -0.119430541992187
0.0671005249023438 -0.0158615112304688 -0.0335235595703125 -0.159530639648438
0.0762939453125 0.0227432250976562 -0.0403594970703125 -0.1722412109375
0.0712356567382813 0.0628585815429688 0.0426177978515625 -0.1590576171875
0.0460891723632813 -0.01251220703125 0.00205230712890625 -0.0370025634765625
0.0182590484619141 -0.0203590393066406 0.07086181640625 0.023834228515625
0.000908851623535155 -0.0122222900390625 0.106407165527344 -0.047088623046875
-0.000666141510009766 -0.0023043155670166 0.0629653930664063 -0.110771179199219
-0.00293827056884766 -0.00151705741882324 -0.0100250244140625 -0.134635925292969
-0.0126523971557617 -0.00979900360107422 -0.0631637573242188 -0.112457275390625
-0.0102205276489258 -0.00865650177001953 -0.05926513671875 -0.0748062133789063
-0.0149564743041992 -0.00988292694091797 -0.05291748046875 -0.0581398010253906
-0.0144443511962891 -0.0208320617675781 -0.0457878112792969 -0.0509719848632813
0.002471923828125 -0.0356063842773437 -0.0469474792480469 -0.0474815368652344
0.0348091125488281 -0.0393257141113281 -0.04388427734375 -0.0740966796875
0.0727996826171875 -5.340576171875E-05 -0.0277175903320312 -0.104255676269531
0.09112548828125 0.042694091796875 -0.0341796875 -0.141876220703125
0.07696533203125 0.0921554565429687 -0.031768798828125 -0.150650024414063
0.0633697509765625 0.129600524902344 0.0704116821289063 -0.130645751953125
0.0696487426757813 0.0488204956054688 0.0224533081054688 -0.0197925567626953
0.0755081176757813 0.0168075561523438 0.0803375244140625 0.0404586791992188
0.0558357238769531 -0.0238418579101563 0.121406555175781 -0.0342636108398438
0.032470703125 -0.0380325317382813 0.0795974731445313 -0.0997314453125
-0.00218963623046875 -0.0492477416992187 0.00163269042968749 -0.131141662597656
-0.028167724609375 -0.0522575378417969 -0.0557479858398437 -0.104568481445313
-0.0224685668945313 -0.0489730834960938 -0.0545845031738281 -0.0604324340820312
-0.0315437316894531 -0.0528564453125 -0.0497283935546875 -0.0440177917480469
-0.0149917602539063 -0.0620079040527344 -0.0484657287597656 -0.034271240234375
0.0240325927734375 -0.0695991516113281 -0.0501785278320312 -0.0298652648925781
0.0705032348632813 -0.0525894165039063 -0.0502777099609375 -0.0571441650390625
0.109748840332031 0.0232772827148437 -0.03814697265625 -0.0848236083984375
0.113578796386719 0.0825729370117187 -0.0339736938476562 -0.1156005859375
0.074676513671875 0.142822265625 -0.0246734619140625 -0.109085083007812
0.039520263671875 0.177642822265625 0.0904693603515625 -0.078155517578125
0.0746841430664063 0.110435485839844 0.0404586791992188 0.0153732299804688
0.119659423828125 0.0654220581054687 0.0851516723632813 0.0645599365234375
0.109733581542969 -0.0208587646484375 0.127212524414063 -0.009033203125
0.0693473815917969 -0.0635871887207031 0.0913009643554688 -0.0747756958007813
0.00522613525390625 -0.090118408203125 0.01544189453125 -0.111763000488281
-0.0376663208007812 -0.087554931640625 -0.0404434204101563 -0.0841522216796875
-0.0320587158203125 -0.0804214477539063 -0.0417251586914063 -0.037200927734375
-0.0465545654296875 -0.0864486694335938 -0.0378684997558594 -0.0208587646484375
-0.0205307006835937 -0.093841552734375 -0.0448646545410156 -0.00794982910156251
0.0354766845703125 -0.100303649902344 -0.0490303039550781 -0.003692626953125
0.0921249389648437 -0.0699081420898438 -0.0555686950683594 -0.0346603393554688
0.135917663574219 0.0332794189453125 -0.0460968017578125 -0.0637283325195313
0.126815795898437 0.105262756347656 -0.025665283203125 -0.0870361328125
0.0650787353515625 0.171539306640625 -0.0163841247558594 -0.0571746826171875
0.00799560546874999 0.195068359375 0.0990219116210938 -0.00917053222656249
0.05780029296875 0.153533935546875 0.0509376525878906 0.060882568359375
0.134933471679688 0.112449645996094 0.0799789428710938 0.0902557373046875
0.145004272460938 -0.0040435791015625 0.120315551757813 0.0220870971679688
0.0988082885742187 -0.0720748901367188 0.0919342041015625 -0.0388031005859375
0.0160293579101563 -0.114898681640625 0.0278167724609375 -0.0779190063476563
-0.0394439697265625 -0.109481811523438 -0.0199317932128906 -0.0523872375488281
-0.0362091064453125 -0.100288391113281 -0.0231857299804688 -0.00780296325683594
-0.0559005737304688 -0.107177734375 -0.0188255310058594 0.00800895690917968
-0.02557373046875 -0.114028930664063 -0.0343513488769531 0.0225486755371094
0.0399703979492188 -0.117889404296875 -0.042449951171875 0.024566650390625
0.101692199707031 -0.0789566040039062 -0.0568580627441406 -0.0103759765625
0.145706176757813 0.0398712158203125 -0.0495414733886719 -0.0447654724121094
0.123512268066406 0.117286682128906 -0.0109481811523437 -0.0587272644042969
0.0463104248046875 0.1796875 -0.00728654861450195 -8.29696655273316E-05
-0.0242156982421875 0.177047729492188 0.0939178466796875 0.0623092651367188
0.0241241455078125 0.163558959960938 0.0520095825195313 0.108139038085938
0.114967346191406 0.139122009277344 0.065582275390625 0.108627319335938
0.149017333984375 0.018890380859375 0.0996322631835938 0.051605224609375
0.110374450683594 -0.0629425048828125 0.080352783203125 -0.001434326171875
0.024749755859375 -0.118782043457031 0.0351448059082031 -0.0371208190917969
-0.0355148315429688 -0.113975524902344 0.00187492370605468 -0.01513671875
-0.0351409912109375 -0.104156494140625 -0.00121307373046875 0.0208396911621094
-0.0561065673828125 -0.112190246582031 0.00323486328125 0.0369338989257812
-0.0259857177734375 -0.118133544921875 -0.0195579528808594 0.0546646118164062
0.0421142578125 -0.121246337890625 -0.0344390869140625 0.0519180297851563
0.103096008300781 -0.07562255859375 -0.0567893981933594 0.0121421813964844
0.138694763183594 0.048797607421875 -0.0500755310058594 -0.0291557312011719
0.101524353027344 0.122283935546875 0.00479125976562501 -0.032135009765625
0.018798828125 0.168319702148437 -0.000572204589843749 0.0551338195800781
-0.0504074096679688 0.125999450683594 0.0813522338867188 0.121246337890625
-0.0120697021484375 0.135780334472656 0.0471954345703125 0.14404296875
0.07208251953125 0.131790161132813 0.0489654541015625 0.116279602050781
0.120689392089844 0.0339431762695313 0.07415771484375 0.0713272094726563
0.0982742309570313 -0.0434494018554688 0.0630378723144531 0.0292205810546875
0.0274505615234375 -0.100433349609375 0.0372200012207031 0.00312042236328124
-0.0265274047851563 -0.0993270874023437 0.0223064422607422 0.0202178955078125
-0.0284881591796875 -0.0924072265625 0.0211563110351563 0.0478744506835937
-0.0484161376953125 -0.102149963378906 0.0248947143554688 0.065765380859375
-0.0216827392578125 -0.107315063476562 -0.0050048828125 0.0834808349609375
0.0426406860351563 -0.10736083984375 -0.0289459228515625 0.0757522583007813
0.096527099609375 -0.0608367919921875 -0.0581169128417969 0.0306358337402344
0.116828918457031 0.0581741333007813 -0.0512161254882812 -0.0176200866699219
0.0654144287109375 0.118148803710938 0.0157890319824219 -0.00636577606201171
-0.0160293579101563 0.13916015625 -0.001739501953125 0.104522705078125
-0.0658912658691406 0.0534133911132813 0.06451416015625 0.154983520507813
-0.0413284301757813 0.08197021484375 0.0390777587890625 0.1614990234375
0.0211334228515625 0.0946578979492187 0.0364837646484375 0.112358093261719
0.0714950561523438 0.0358352661132812 0.0529937744140625 0.0802764892578125
0.0652999877929688 -0.0205726623535156 0.0465850830078125 0.0469131469726563
0.0224342346191406 -0.0664100646972656 0.0374298095703125 0.0328102111816406
-0.0143280029296875 -0.0689620971679688 0.0385398864746094 0.0484390258789063
-0.0170707702636719 -0.0659523010253906 0.0399131774902344 0.0678863525390625
-0.0314788818359375 -0.0756149291992188 0.0419540405273437 0.0891265869140625
-0.0122604370117187 -0.0815505981445313 0.00491333007812501 0.107650756835937
0.0391845703125 -0.0801773071289063 -0.0285263061523437 0.095611572265625
0.079345703125 -0.0378570556640625 -0.0637779235839844 0.0449295043945313
0.0804977416992188 0.060791015625 -0.0547142028808594 -0.00965118408203125
0.0214691162109375 0.0996475219726563 0.01806640625 0.0162067413330078
-0.0496139526367188 0.0900039672851563 -0.0141448974609375 0.141845703125
0.0674285888671875 -0.0123176574707031 0.0102691650390625 -0.169525146484375
0.00850296020507812 -0.0648345947265625 -0.017852783203125 -0.0359268188476563
-0.0419540405273438 -0.041839599609375 0.065277099609375 0.0162773132324219
-0.0466690063476563 0.00966644287109375 0.097320556640625 -0.0547256469726563
-0.024688720703125 0.0378570556640625 0.0474853515625 -0.115150451660156
0.00498199462890625 0.0470504760742188 -0.01800537109375 -0.131996154785156
0.00938606262207031 0.0347576141357422 -0.0673065185546875 -0.112464904785156
0.00713539123535156 0.0330047607421875 -0.061004638671875 -0.0802688598632813
0.00342559814453125 0.0369720458984375 -0.0546760559082031 -0.0623207092285156
-0.0191059112548828 0.0255870819091797 -0.0445022583007813 -0.0560646057128906
-0.0309085845947266 -0.00164031982421875 -0.0494194030761719 -0.05609130859375
-0.014678955078125 -0.036285400390625 -0.0474929809570313 -0.0865020751953125
0.0322647094726563 -0.0454978942871094 -0.0270004272460938 -0.127998352050781
0.0696372985839844 -0.0186309814453125 -0.0393829345703125 -0.1688232421875
0.0816192626953125 0.0219955444335938 -0.0467071533203125 -0.182296752929688
0.0782241821289063 0.0644149780273438 0.039459228515625 -0.168914794921875
0.0473403930664063 -0.0141105651855469 -0.000247955322265624 -0.0379295349121094
0.0183506011962891 -0.0219497680664063 0.076507568359375 0.024017333984375
0.000424385070800782 -0.0127658843994141 0.112152099609375 -0.0526275634765625
-0.000308513641357422 -0.00282549858093262 0.064239501953125 -0.118919372558594
-0.00234413146972656 -0.00106406211853027 -0.0142059326171875 -0.1422119140625
-0.013768196105957 -0.00959396362304688 -0.070281982421875 -0.117195129394531
-0.00983047485351563 -0.00977420806884765 -0.064239501953125 -0.0768508911132813
-0.015833854675293 -0.0103111267089844 -0.0577049255371094 -0.0597686767578125
-0.0150604248046875 -0.0210552215576172 -0.0505256652832031 -0.0518646240234375
0.0016632080078125 -0.0371131896972656 -0.0519943237304688 -0.0489997863769531
0.0354347229003906 -0.0428848266601563 -0.0491485595703125 -0.0782623291015625
0.0769271850585938 -0.0019378662109375 -0.0321731567382812 -0.111900329589844
0.0969161987304688 0.0423583984375 -0.0405426025390625 -0.150772094726563
0.0843124389648438 0.0955810546875 -0.037567138671875 -0.159759521484375
0.0714035034179688 0.136154174804688 0.0694427490234375 -0.140007019042969
0.0741729736328125 0.0509567260742187 0.0211162567138672 -0.0200157165527344
0.0810546875 0.0158843994140625 0.0874404907226563 0.0420074462890625
0.0586128234863281 -0.0271644592285156 0.127647399902344 -0.038482666015625
0.0337448120117188 -0.0417022705078125 0.0823898315429688 -0.108001708984375
-0.00339508056640625 -0.0521583557128906 -0.00241851806640625 -0.139022827148438
-0.0319862365722656 -0.0542488098144531 -0.06201171875 -0.108612060546875
-0.0252609252929688 -0.0516777038574219 -0.0584793090820312 -0.0616378784179688
-0.0348052978515625 -0.0548934936523437 -0.0538749694824219 -0.0443763732910156
-0.0173568725585938 -0.0643501281738281 -0.053131103515625 -0.0336990356445313
0.0232086181640625 -0.0739059448242187 -0.0552406311035156 -0.0301437377929688
0.0727386474609375 -0.0579147338867188 -0.0567626953125 -0.0605964660644531
0.117111206054688 0.0220413208007813 -0.0429916381835938 -0.0913925170898437
0.122138977050781 0.08355712890625 -0.0392684936523438 -0.12347412109375
0.08319091796875 0.149673461914063 -0.0290374755859375 -0.115447998046875
0.0473785400390625 0.187225341796875 0.0925064086914063 -0.0848236083984375
0.0806427001953125 0.115104675292969 0.0403900146484375 0.0164794921875
0.12884521484375 0.0664215087890625 0.0919952392578125 0.0675888061523437
0.115371704101562 -0.0253143310546875 0.135711669921875 -0.0114898681640625
0.0720748901367188 -0.0695953369140625 0.0951690673828125 -0.0814590454101563
0.003143310546875 -0.09539794921875 0.0133285522460937 -0.118743896484375
-0.0425796508789063 -0.0904388427734375 -0.0454635620117187 -0.0862503051757813
-0.03619384765625 -0.085296630859375 -0.0449714660644531 -0.0368881225585938
-0.0518417358398438 -0.08966064453125 -0.040771484375 -0.0199050903320313
-0.0242767333984375 -0.0985946655273438 -0.0482521057128906 -0.00622558593750001
0.0339202880859375 -0.106582641601563 -0.0532302856445313 -0.00215530395507813
0.095184326171875 -0.076202392578125 -0.0614852905273438 -0.0363502502441406
0.145950317382813 0.031402587890625 -0.0512428283691406 -0.0691604614257813
0.136871337890625 0.107315063476562 -0.0303115844726562 -0.092926025390625
0.0740203857421875 0.181350708007813 -0.0183753967285156 -0.0609397888183594
0.0142059326171875 0.20697021484375 0.102485656738281 -0.0123138427734375
0.06341552734375 0.161270141601563 0.0528678894042969 0.063812255859375
0.14654541015625 0.115203857421875 0.0870437622070313 0.0954360961914063
0.153121948242187 -0.00830078125 0.128311157226563 0.0220718383789062
0.104248046875 -0.0792083740234375 0.0979766845703125 -0.0435714721679688
0.0134048461914062 -0.121589660644531 0.0270233154296875 -0.0836105346679688
-0.045806884765625 -0.114166259765625 -0.0227012634277344 -0.0540847778320313
-0.0415573120117188 -0.105293273925781 -0.0244083404541016 -0.00705909729003906
-0.062530517578125 -0.110702514648438 -0.0208301544189453 0.0102901458740234
-0.03125 -0.118873596191406 -0.0357246398925781 0.0256462097167969
0.0376510620117188 -0.125846862792969 -0.0455856323242188 0.0275382995605469
0.104888916015625 -0.0871734619140625 -0.0619583129882812 -0.010406494140625
0.156478881835937 0.037200927734375 -0.0540504455566406 -0.0476799011230469
0.134017944335938 0.119354248046875 -0.0142059326171875 -0.0635910034179687
0.054840087890625 0.1898193359375 -0.00667953491210937 -0.00135564804077147
-0.0204925537109375 0.18878173828125 0.0995407104492188 0.0630416870117188
0.02899169921875 0.172943115234375 0.0560455322265625 0.113182067871094
0.126693725585938 0.143478393554688 0.0729827880859375 0.115798950195313
0.15802001953125 0.0157012939453125 0.108085632324219 0.0536880493164063
0.116325378417969 -0.0698013305664063 0.0865554809570313 -0.00348663330078125
0.0223236083984375 -0.125823974609375 0.0351066589355469 -0.0404167175292969
-0.042083740234375 -0.118583679199219 0.00145149230957031 -0.0155506134033203
-0.0410537719726563 -0.109474182128906 0.000223159790039058 0.023773193359375
-0.0638961791992187 -0.115966796875 0.00417327880859375 0.040618896484375
-0.0321578979492188 -0.122726440429688 -0.019439697265625 0.0588951110839844
0.039642333984375 -0.1290283203125 -0.0359878540039063 0.055450439453125
0.106971740722656 -0.0838470458984375 -0.0612525939941406 0.0133018493652344
0.149612426757813 0.046905517578125 -0.0545005798339844 -0.0313377380371094
0.111312866210937 0.125541687011719 0.00374603271484376 -0.0360145568847656
0.02484130859375 0.178573608398438 0.00127029418945313 0.0574989318847656
-0.04937744140625 0.135292053222656 0.0872955322265625 0.125885009765625
-0.00921630859375 0.14501953125 0.0518798828125 0.150985717773438
0.0812835693359375 0.13739013671875 0.0547409057617188 0.12359619140625
0.128585815429688 0.0320587158203125 0.0813217163085938 0.075469970703125
0.103187561035156 -0.0486297607421875 0.0684928894042969 0.0291328430175781
0.0251388549804687 -0.106597900390625 0.0393867492675781 0.00162887573242187
-0.0319061279296875 -0.103515625 0.0242118835449219 0.0220489501953125
-0.0339736938476562 -0.0971755981445313 0.0246086120605469 0.0513839721679687
-0.0545883178710937 -0.104461669921875 0.0275764465332031 0.0700187683105469
-0.0263824462890625 -0.111648559570313 -0.00309753417968751 0.0892410278320312
0.0407943725585937 -0.115058898925781 -0.0289306640625 0.0811996459960937
0.1005859375 -0.0673828125 -0.0613441467285156 0.0335502624511719
0.125991821289063 0.0581588745117188 -0.0552024841308594 -0.0182762145996094
0.0732040405273438 0.12237548828125 0.0170001983642578 -0.00903701782226562
-0.0122222900390625 0.148193359375 0.00125885009765625 0.109710693359375
-0.0682907104492188 0.05889892578125 0.0711517333984375 0.162689208984375
-0.04071044921875 0.0881576538085938 0.044891357421875 0.169662475585938
0.027008056640625 0.0993804931640625 0.0409088134765625 0.119865417480469
0.0769805908203125 0.0349807739257813 0.059814453125 0.0849609375
0.0690460205078125 -0.0231513977050781 0.0517730712890625 0.0491943359375
0.020843505859375 -0.0705184936523438 0.040924072265625 0.0328330993652344
-0.0182037353515625 -0.0721511840820313 0.0418243408203125 0.0496444702148437
-0.0210456848144531 -0.0688285827636719 0.0446853637695312 0.0712509155273438
-0.0361785888671875 -0.0779647827148438 0.0468597412109375 0.0936355590820313
-0.0163726806640625 -0.0848922729492188 0.00731658935546874 0.115028381347656
0.03729248046875 -0.08624267578125 -0.028106689453125 0.101997375488281
0.0828399658203125 -0.0427703857421875 -0.0669136047363281 0.0492057800292969
0.0875778198242188 0.0614166259765625 -0.058624267578125 -0.00958633422851562
0.0259933471679687 0.104019165039063 0.0197925567626953 0.0149631500244141
-0.0487060546875 0.0966949462890625 -0.0102996826171875 0.149765014648438
0.0698204040527344 -0.0173110961914063 0.000671386718750021 -0.177536010742188
0.00484848022460938 -0.067291259765625 -0.0217990875244141 -0.0343723297119141
-0.0468482971191406 -0.0406684875488281 0.0700531005859375 0.01422119140625
-0.0482063293457031 0.012847900390625 0.0986557006835938 -0.0621414184570312
-0.0230369567871094 0.0404281616210938 0.0430984497070312 -0.122047424316406
0.00930023193359375 0.0487823486328125 -0.025848388671875 -0.136741638183594
0.0129966735839844 0.0351486206054687 -0.0772705078125 -0.113502502441406
0.0100288391113281 0.0331840515136719 -0.0682449340820313 -0.0812835693359375
0.00678634643554688 0.0371742248535156 -0.0610008239746094 -0.0617179870605469
-0.0164165496826172 0.02777099609375 -0.0496635437011719 -0.0557975769042969
-0.0317058563232422 -3.81469726562477E-05 -0.0545005798339844 -0.0565071105957031
-0.0174407958984375 -0.0369338989257813 -0.055328369140625 -0.0892562866210938
0.03045654296875 -0.04864501953125 -0.0350265502929688 -0.133438110351563
0.070709228515625 -0.0229339599609375 -0.0504608154296875 -0.174911499023438
0.0872726440429688 0.017608642578125 -0.0585174560546875 -0.188735961914063
0.0863113403320313 0.0618743896484375 0.030853271484375 -0.178314208984375
0.0478363037109375 -0.0159530639648438 -0.0045318603515625 -0.0380477905273438
0.0180625915527344 -0.0231819152832031 0.0822219848632813 0.0217056274414063
9.25064086914053E-05 -0.013676643371582 0.114662170410156 -0.0610427856445313
0.00024557113647461 -0.00318241119384766 0.0596389770507813 -0.126976013183594
-0.00191366672515869 -0.000958442687988281 -0.022552490234375 -0.148208618164063
-0.0146980285644531 -0.00884914398193359 -0.0803604125976563 -0.117767333984375
-0.0104999542236328 -0.0105266571044922 -0.0712814331054688 -0.076416015625
-0.0157909393310547 -0.0105533599853516 -0.0639305114746094 -0.0589447021484375
-0.0158557891845703 -0.0208587646484375 -0.0564956665039062 -0.0510063171386719
0.00043487548828125 -0.0379753112792969 -0.0577011108398437 -0.0483856201171875
0.0348548889160156 -0.0459136962890625 -0.057373046875 -0.080596923828125
0.08013916015625 -0.00567626953125 -0.0408554077148438 -0.117507934570312
0.102668762207031 0.0385971069335938 -0.0510101318359375 -0.156600952148438
0.0939407348632813 0.0946121215820313 -0.047454833984375 -0.166091918945313
0.0828933715820313 0.137794494628906 0.0637664794921875 -0.150115966796875
0.0791778564453125 0.0498809814453125 0.0185489654541016 -0.0207691192626953
0.0854644775390625 0.012298583984375 0.0939559936523437 0.0407028198242188
0.0591468811035156 -0.0315933227539063 0.13189697265625 -0.0464096069335938
0.0339927673339844 -0.0463829040527344 0.0800857543945313 -0.117683410644531
-0.00653457641601562 -0.0537223815917969 -0.0101470947265625 -0.145172119140625
-0.0368537902832031 -0.053863525390625 -0.071014404296875 -0.109115600585937
-0.0289421081542969 -0.05316162109375 -0.06396484375 -0.0602836608886719
-0.0394325256347656 -0.0555152893066406 -0.0590591430664063 -0.042694091796875
-0.0211410522460938 -0.0655174255371094 -0.0576629638671875 -0.0315208435058594
0.02020263671875 -0.0782394409179688 -0.0601119995117188 -0.0280036926269531
0.0730438232421875 -0.0646209716796875 -0.0638580322265625 -0.0613670349121094
0.125007629394531 0.0167312622070312 -0.05096435546875 -0.0959548950195313
0.131935119628906 0.0805740356445313 -0.0485305786132813 -0.128593444824219
0.095794677734375 0.152633666992188 -0.0363922119140625 -0.121208190917969
0.060882568359375 0.193649291992188 0.090118408203125 -0.0939178466796875
0.0891952514648437 0.117332458496094 0.0411186218261719 0.0154991149902344
0.139732360839844 0.0617828369140625 0.100807189941406 0.0678558349609375
0.118873596191406 -0.0328903198242188 0.14202880859375 -0.0187225341796875
0.0725631713867188 -0.0768203735351563 0.0964889526367188 -0.0911941528320312
-0.00232696533203126 -0.0989608764648438 0.00708007812500001 -0.124900817871094
-0.0508651733398437 -0.091888427734375 -0.0522918701171875 -0.0870590209960938
-0.042816162109375 -0.0875396728515625 -0.0474319458007812 -0.0351028442382813
-0.0595779418945313 -0.090301513671875 -0.0437736511230469 -0.0170783996582031
-0.0320968627929687 -0.1002197265625 -0.051605224609375 -0.00259780883789064
0.0284576416015625 -0.112464904785156 -0.0566978454589844 0.000579833984374995
0.0950088500976563 -0.0849533081054688 -0.0676803588867188 -0.0355186462402344
0.15509033203125 0.024383544921875 -0.0585479736328125 -0.0715408325195313
0.148941040039063 0.103439331054687 -0.03753662109375 -0.097808837890625
0.0885772705078125 0.186248779296875 -0.0230216979980469 -0.0636634826660156
0.0269927978515625 0.216537475585938 0.104713439941406 -0.0189056396484375
0.0740814208984375 0.166976928710938 0.0563201904296875 0.0642509460449219
0.160247802734375 0.1126708984375 0.0963211059570313 0.0969924926757813
0.159698486328125 -0.016998291015625 0.136726379394531 0.0171585083007813
0.105514526367188 -0.0891494750976563 0.100143432617187 -0.050933837890625
0.00669860839843751 -0.127571105957031 0.0224990844726563 -0.08831787109375
-0.0553741455078125 -0.115959167480469 -0.0268020629882813 -0.0538139343261719
-0.0503921508789063 -0.107902526855469 -0.0245037078857422 -0.00463104248046876
-0.0725936889648438 -0.11114501953125 -0.0212898254394531 0.0131874084472656
-0.0398406982421875 -0.120811462402344 -0.0365753173828125 0.0307998657226563
0.0306472778320312 -0.132980346679688 -0.0466690063476562 0.0314979553222656
0.105270385742188 -0.09716796875 -0.0668411254882813 -0.00802993774414064
0.166778564453125 0.0295867919921875 -0.0606498718261719 -0.0491218566894531
0.146652221679688 0.116424560546875 -0.0189552307128906 -0.067657470703125
0.068756103515625 0.197219848632813 -0.00711250305175781 -0.00174331665039061
-0.01031494140625 0.199111938476563 0.106338500976563 0.060699462890625
0.0390777587890625 0.17999267578125 0.0630874633789062 0.115127563476563
0.142166137695313 0.143020629882813 0.0824966430664063 0.118522644042969
0.165740966796875 0.007171630859375 0.116691589355469 0.0515823364257813
0.118125915527344 -0.08038330078125 0.0913162231445313 -0.00870513916015626
0.0158920288085937 -0.1319580078125 0.0337066650390625 -0.0441627502441406
-0.0519485473632813 -0.120407104492188 0.000376701354980464 -0.0152511596679688
-0.0498046875 -0.111747741699219 0.00248908996582031 0.0261135101318359
-0.0746841430664063 -0.115943908691406 0.00619125366210937 0.0435638427734375
-0.0418014526367188 -0.12542724609375 -0.0169868469238281 0.0644989013671875
0.0327606201171875 -0.13677978515625 -0.0347938537597656 0.0608940124511719
0.106315612792969 -0.0937423706054688 -0.0638961791992188 0.0172348022460937
0.159439086914063 0.0400238037109375 -0.0594062805175781 -0.0312156677246094
0.123336791992188 0.123870849609375 0.00159454345703126 -0.0394859313964844
0.036834716796875 0.186370849609375 0.00484466552734375 0.0593070983886719
-0.0431976318359375 0.1451416015625 0.0969161987304688 0.126121520996094
-0.00180053710937501 0.15264892578125 0.0609893798828125 0.155303955078125
0.09417724609375 0.138801574707031 0.0637283325195312 0.128181457519531
0.136131286621094 0.0255889892578125 0.0899200439453125 0.075592041015625
0.105148315429687 -0.057342529296875 0.0741653442382813 0.0269088745117187
0.01934814453125 -0.112197875976562 0.0403976440429688 -0.000659942626953132
-0.0408477783203125 -0.105674743652344 0.0263805389404297 0.0216312408447266
-0.041748046875 -0.0989532470703125 0.0296287536621094 0.0531768798828125
-0.0637664794921875 -0.104789733886719 0.0330123901367188 0.0729141235351563
-0.035919189453125 -0.113716125488281 0.00037384033203124 0.0945510864257812
0.03411865234375 -0.122016906738281 -0.0262222290039062 0.0863723754882812
0.100502014160156 -0.07635498046875 -0.0630149841308594 0.0386505126953125
0.135757446289063 0.0524673461914063 -0.0588951110839844 -0.0170440673828125
0.0839462280273438 0.123199462890625 0.0167598724365234 -0.0123195648193359
-0.003570556640625 0.156646728515625 0.0081787109375 0.114128112792969
-0.0676994323730469 0.0661430358886719 0.081817626953125 0.16607666015625
-0.0372772216796875 0.0947647094726563 0.0549468994140625 0.1754150390625
0.035125732421875 0.102363586425781 0.0495452880859375 0.124969482421875
0.08233642578125 0.0315170288085938 0.0678863525390625 0.0876083374023438
0.0709228515625 -0.0292434692382812 0.0575981140136719 0.0487899780273438
0.01739501953125 -0.0743484497070313 0.0448951721191406 0.0322608947753906
-0.0238571166992187 -0.0734786987304687 0.0471954345703125 0.0500755310058594
-0.0262832641601562 -0.0716629028320313 0.0518417358398437 0.0726089477539063
-0.04278564453125 -0.0787811279296875 0.0542678833007813 0.0965042114257812
-0.0228652954101563 -0.0867996215820312 0.0148468017578125 0.120933532714844
0.0330886840820313 -0.0923538208007813 -0.0237045288085937 0.107688903808594
0.0828018188476563 -0.0497665405273438 -0.0676841735839844 0.0549392700195312
0.0958023071289063 0.0586776733398438 -0.0621528625488281 -0.0077972412109375
0.0332717895507812 0.1072998046875 0.0222225189208984 0.012298583984375
-0.0450973510742187 0.104629516601562 -0.00137329101562502 0.155868530273437
0.070343017578125 -0.0236587524414063 -0.01141357421875 -0.1788330078125
9.91821289062535E-05 -0.0677299499511719 -0.0247917175292969 -0.0316390991210938
-0.050811767578125 -0.0374069213867187 0.0731582641601563 0.0107192993164063
-0.0484619140625 0.0158119201660156 0.0962905883789062 -0.0682449340820313
-0.0204429626464844 0.0423049926757813 0.0364990234375 -0.125640869140625
0.0139312744140625 0.0484848022460938 -0.0334014892578125 -0.137168884277344
0.0165958404541016 0.0346221923828125 -0.0855865478515625 -0.110694885253906
0.0128746032714844 0.0319080352783203 -0.0747299194335938 -0.0782241821289063
0.0102653503417969 0.0355453491210938 -0.0662879943847656 -0.0589141845703125
-0.0133590698242188 0.0293369293212891 -0.0542106628417969 -0.0543556213378906
-0.0308589935302734 0.0033111572265625 -0.0594596862792969 -0.0546188354492188
-0.0203590393066406 -0.0361251831054688 -0.0625076293945312 -0.0877838134765625
0.0273399353027344 -0.0512619018554688 -0.0442657470703125 -0.134262084960938
0.0699653625488281 -0.0268440246582031 -0.061309814453125 -0.174774169921875
0.0895156860351563 0.0115127563476563 -0.0706634521484375 -0.188949584960938
0.0915069580078125 0.0567626953125 0.018524169921875 -0.18267822265625
0.0464096069335938 -0.0179214477539063 -0.0086669921875 -0.0363693237304688
0.0163459777832031 -0.0245189666748047 0.0842742919921875 0.0177001953125
-0.00117874145507813 -0.0142412185668945 0.113197326660156 -0.067962646484375
-2.16960906982425E-05 -0.00394368171691895 0.0535507202148438 -0.132225036621094
-0.00196468830108643 -0.00129115581512451 -0.0311431884765625 -0.148590087890625
-0.0150213241577148 -0.00766944885253906 -0.0885238647460938 -0.113945007324219
-0.0112476348876953 -0.0116672515869141 -0.0767822265625 -0.0734786987304688
-0.0157470703125 -0.0106945037841797 -0.0692558288574219 -0.0553550720214844
-0.0162239074707031 -0.0201740264892578 -0.0602226257324219 -0.0483894348144531
-0.00121307373046875 -0.037750244140625 -0.0617027282714844 -0.0463714599609375
0.0324821472167969 -0.0482330322265625 -0.0645217895507813 -0.07928466796875
0.0806732177734375 -0.0109024047851563 -0.0499114990234375 -0.118431091308594
0.105323791503906 0.0326919555664063 -0.0613861083984375 -0.15618896484375
0.101585388183594 0.0912857055664063 -0.0583648681640625 -0.166610717773438
0.09381103515625 0.134201049804688 0.053863525390625 -0.156494140625
0.0825881958007813 0.0472869873046875 0.0151882171630859 -0.0216064453125
0.0877761840820312 0.00699615478515625 0.0989761352539063 0.0364532470703125
0.0580253601074219 -0.0353927612304688 0.131759643554688 -0.0548324584960938
0.0316619873046875 -0.0493583679199219 0.0746917724609375 -0.123786926269531
-0.00980377197265625 -0.0538368225097656 -0.0189666748046875 -0.1458740234375
-0.0408363342285156 -0.0522842407226563 -0.078643798828125 -0.105354309082031
-0.0327873229980469 -0.0524368286132812 -0.0679092407226562 -0.0570411682128906
-0.0430908203125 -0.0542411804199219 -0.0619010925292969 -0.0383758544921875
-0.0249862670898438 -0.0645942687988281 -0.0606117248535156 -0.0278587341308594
0.0158004760742188 -0.0796966552734375 -0.0636062622070313 -0.0243759155273438
0.0699691772460938 -0.0695343017578125 -0.0703964233398438 -0.0596923828125
0.128204345703125 0.0091094970703125 -0.0587234497070312 -0.0961990356445313
0.137344360351563 0.0725021362304688 -0.0579681396484375 -0.129066467285156
0.10699462890625 0.14947509765625 -0.0443801879882813 -0.121932983398438
0.0746002197265625 0.193008422851563 0.0843887329101563 -0.101165771484375
0.096893310546875 0.114639282226562 0.0399932861328125 0.0137710571289063
0.145614624023438 0.0545654296875 0.107177734375 0.0644760131835938
0.118583679199219 -0.0413284301757813 0.143722534179687 -0.027313232421875
0.06903076171875 -0.0840072631835938 0.0925369262695313 -0.09814453125
-0.00925445556640624 -0.099090576171875 -0.0012664794921875 -0.126663208007812
-0.0581817626953125 -0.08880615234375 -0.0585708618164063 -0.0840835571289063
-0.048797607421875 -0.0856246948242187 -0.049407958984375 -0.0320892333984375
-0.0663070678710938 -0.086944580078125 -0.0457077026367188 -0.0128860473632813
-0.0378799438476562 -0.098968505859375 -0.0526123046875 0.00178909301757812
0.021453857421875 -0.114913940429688 -0.058319091796875 0.00514221191406248
0.0916900634765625 -0.0919189453125 -0.0730056762695313 -0.0322799682617188
0.159210205078125 0.01434326171875 -0.06524658203125 -0.071136474609375
0.156463623046875 0.0952911376953125 -0.044921875 -0.0984420776367188
0.101821899414063 0.185134887695313 -0.0265922546386719 -0.064788818359375
0.04132080078125 0.217864990234375 0.102668762207031 -0.0257339477539062
0.084930419921875 0.165328979492188 0.0583000183105469 0.0618896484375
0.171096801757812 0.104232788085937 0.104995727539063 0.09442138671875
0.161361694335938 -0.0279388427734375 0.140625 0.0098724365234375
0.102310180664063 -0.097869873046875 0.09954833984375 -0.0582275390625
-0.00119018554687499 -0.129081726074219 0.0171966552734375 -0.0908432006835938
-0.0646438598632813 -0.112434387207031 -0.0306167602539063 -0.0513229370117188
-0.0577926635742188 -0.106765747070313 -0.0241756439208984 -0.00235366821289063
-0.081695556640625 -0.1065673828125 -0.0208930969238281 0.0156707763671875
-0.0487136840820313 -0.118362426757813 -0.0349769592285156 0.0352325439453125
0.02197265625 -0.136306762695313 -0.0463294982910156 0.0356826782226563
0.100044250488281 -0.105621337890625 -0.0696868896484375 -0.00434875488281251
0.171798706054688 0.01873779296875 -0.0658912658691406 -0.0485038757324219
0.155487060546875 0.107742309570312 -0.0240592956542969 -0.0687026977539062
0.0829010009765625 0.196914672851563 -0.0081028938293457 -0.00271129608154295
0.00163269042968748 0.202972412109375 0.109565734863281 0.0542373657226563
0.0501556396484375 0.180679321289063 0.0681838989257813 0.112327575683594
0.153778076171875 0.137161254882813 0.0908432006835938 0.117652893066406
0.168670654296875 -0.0032196044921875 0.122451782226563 0.0457534790039063
0.115684509277344 -0.0896377563476563 0.0927200317382813 -0.0142745971679688
0.00660705566406251 -0.133384704589844 0.03106689453125 -0.0458717346191406
-0.0616073608398437 -0.117523193359375 -0.000799179077148442 -0.0143899917602539
-0.058258056640625 -0.110198974609375 0.00539970397949219 0.0274028778076172
-0.0836029052734375 -0.111404418945312 0.00881576538085938 0.0453376770019531
-0.0510330200195313 -0.122795104980469 -0.0139045715332031 0.0674476623535156
0.0233154296875 -0.139923095703125 -0.0328178405761719 0.0644073486328125
0.102073669433594 -0.102241516113281 -0.0653076171875 0.0211753845214844
0.16534423828125 0.0290985107421875 -0.0628280639648438 -0.029693603515625
0.132820129394531 0.116531372070313 -0.00169754028320311 -0.0420379638671875
0.049468994140625 0.187820434570313 0.00847244262695313 0.0585556030273438
-0.034332275390625 0.150161743164063 0.104217529296875 0.122398376464844
0.0073089599609375 0.155685424804688 0.068450927734375 0.153060913085938
0.105567932128906 0.13531494140625 0.0727767944335938 0.128143310546875
0.139602661132813 0.017059326171875 0.0974273681640625 0.071990966796875
0.103584289550781 -0.0661468505859375 0.0777969360351563 0.0223846435546875
0.0119247436523438 -0.114616394042969 0.040130615234375 -0.00283050537109376
-0.0492706298828125 -0.103561401367188 0.0283393859863281 0.0208816528320312
-0.0495986938476563 -0.0974655151367187 0.0347671508789063 0.0531196594238281
-0.07269287109375 -0.100990295410156 0.0379486083984375 0.0727157592773437
-0.0443954467773438 -0.111587524414063 0.00651550292968749 0.0975189208984375
0.025482177734375 -0.125511169433594 -0.0222015380859375 0.0893707275390625
0.0959854125976562 -0.0845947265625 -0.0624923706054687 0.0426902770996094
0.141311645507813 0.0438232421875 -0.0613937377929687 -0.0149879455566406
0.092681884765625 0.1185302734375 0.0156421661376953 -0.0155143737792969
0.00700378417968751 0.159042358398438 0.0152206420898437 0.11370849609375
-0.063690185546875 0.071563720703125 0.09197998046875 0.163818359375
-0.031585693359375 0.0986709594726563 0.0651397705078125 0.173721313476563
0.043792724609375 0.101776123046875 0.0578384399414063 0.124412536621094
0.0856552124023438 0.0261077880859375 0.075164794921875 0.0852813720703125
0.0700492858886719 -0.0345382690429688 0.06219482421875 0.0455360412597656
0.01165771484375 -0.0757369995117188 0.0468025207519531 0.0299453735351563
-0.0305557250976562 -0.0726089477539063 0.0516700744628906 0.0474929809570312
-0.0326118469238281 -0.070098876953125 0.0580368041992188 0.0709228515625
-0.0493621826171875 -0.07659912109375 0.0609130859375 0.0948410034179688
-0.0296478271484375 -0.0852584838867188 0.0218734741210938 0.122451782226562
0.0267257690429687 -0.0953140258789063 -0.0183181762695313 0.110214233398438
0.0806427001953125 -0.0566177368164063 -0.0665054321289063 0.0596122741699219
0.101737976074219 0.0532608032226563 -0.0643386840820313 -0.00539398193359374
0.0405197143554688 0.106330871582031 0.0233440399169922 0.00865173339843751
-0.037750244140625 0.109207153320312 0.00851440429687498 0.1571044921875
0.0680007934570313 -0.0273475646972656 -0.019683837890625 -0.17718505859375
-0.00279617309570313 -0.0665359497070313 -0.0263271331787109 -0.0276870727539063
-0.0526542663574219 -0.0339012145996094 0.0739288330078125 0.0077667236328125
-0.0477066040039062 0.0178909301757812 0.0939483642578125 -0.0718536376953125
-0.0183372497558594 0.042999267578125 0.0321426391601562 -0.125831604003906
0.0168533325195312 0.0465812683105469 -0.0387344360351563 -0.135993957519531
0.0185146331787109 0.0329532623291016 -0.0898284912109375 -0.106826782226563
0.0144615173339844 0.0302200317382813 -0.0772781372070312 -0.0750045776367188
0.0123748779296875 0.0333232879638672 -0.0679283142089844 -0.0562248229980469
-0.0104598999023438 0.0287551879882813 -0.0566902160644531 -0.0518379211425781
-0.0294075012207031 0.00518989562988281 -0.0614051818847656 -0.0531959533691406
-0.0216541290283203 -0.03448486328125 -0.0671234130859375 -0.0858383178710937
0.023956298828125 -0.0516242980957031 -0.0499801635742188 -0.132026672363281
0.0673942565917969 -0.0295906066894531 -0.0677947998046875 -0.171112060546875
0.0895614624023438 0.0070037841796875 -0.0778656005859375 -0.1856689453125
0.0926513671875 0.0520172119140625 0.0093841552734375 -0.181961059570313
0.0451545715332031 -0.0190315246582031 -0.0113449096679687 -0.0336799621582031
0.0152797698974609 -0.0240154266357422 0.0861892700195313 0.014739990234375
-0.00241947174072266 -0.0135707855224609 0.110206604003906 -0.0715408325195312
-9.05990600585939E-06 -0.00440788269042969 0.0479507446289062 -0.133186340332031
-0.00122129917144775 -0.00114428997039795 -0.0367889404296875 -0.146347045898438
-0.0145578384399414 -0.00734329223632812 -0.0923538208007813 -0.109405517578125
-0.0112857818603516 -0.0110511779785156 -0.0791168212890625 -0.0699844360351563
-0.0159816741943359 -0.0105409622192383 -0.0709762573242188 -0.0517578125
-0.015350341796875 -0.0188941955566406 -0.0619697570800781 -0.0457077026367187
-0.00278472900390625 -0.0372810363769531 -0.0642051696777344 -0.0435562133789063
0.0298690795898438 -0.0492095947265625 -0.0688247680664063 -0.0771636962890625
0.0790481567382813 -0.0141220092773438 -0.0548553466796875 -0.116996765136719
0.105079650878906 0.0281143188476563 -0.067657470703125 -0.153778076171875
0.104591369628906 0.0854263305664063 -0.064697265625 -0.164169311523438
0.098541259765625 0.129234313964844 0.0446929931640625 -0.157638549804688
0.083099365234375 0.0446548461914063 0.0125026702880859 -0.0203208923339844
0.0876998901367188 0.00414276123046875 0.100883483886719 0.0337753295898438
0.0558433532714844 -0.037689208984375 0.129653930664063 -0.0586395263671875
0.0298881530761719 -0.0512351989746094 0.069549560546875 -0.126335144042969
-0.0121269226074219 -0.0527305603027344 -0.0249786376953125 -0.144058227539063
-0.0429801940917969 -0.0494155883789063 -0.0825958251953125 -0.100791931152344
-0.0348472595214844 -0.0515518188476563 -0.069183349609375 -0.0540657043457031
-0.0452461242675781 -0.0516319274902344 -0.0632095336914063 -0.0352554321289063
-0.02752685546875 -0.0628585815429687 -0.0618019104003906 -0.0246505737304687
0.012603759765625 -0.0792388916015625 -0.0647811889648438 -0.0219001770019531
0.0672531127929688 -0.0723037719726563 -0.07427978515625 -0.0575485229492187
0.127479553222656 0.00347137451171875 -0.0639495849609375 -0.0947341918945313
0.138969421386719 0.0661544799804688 -0.0633468627929687 -0.1265869140625
0.112838745117187 0.144180297851562 -0.0490493774414062 -0.121047973632813
0.0820159912109375 0.189208984375 0.077178955078125 -0.103858947753906
0.100364685058594 0.111648559570313 0.03729248046875 0.0129013061523438
0.148178100585938 0.048248291015625 0.110404968261719 0.061676025390625
0.116500854492188 -0.0457839965820313 0.142730712890625 -0.0316314697265625
0.066162109375 -0.0871353149414063 0.0882110595703125 -0.101943969726563
-0.01312255859375 -0.0982513427734375 -0.00653839111328124 -0.125808715820313
-0.0618057250976563 -0.0856170654296875 -0.061492919921875 -0.080047607421875
-0.0532073974609375 -0.0845108032226562 -0.0492820739746094 -0.0293426513671875
-0.0697174072265625 -0.0833892822265625 -0.0458030700683594 -0.0103721618652344
-0.0422134399414063 -0.0954666137695313 -0.0520286560058594 0.00565338134765624
0.016510009765625 -0.114692687988281 -0.0587501525878906 0.00716400146484375
0.0869140625 -0.0959320068359375 -0.0759124755859375 -0.0307235717773438
0.1591796875 0.007965087890625 -0.0687370300292969 -0.06988525390625
0.158920288085938 0.08758544921875 -0.0494613647460937 -0.0975799560546875
0.109664916992187 0.180328369140625 -0.0292205810546875 -0.0649070739746094
0.0507354736328125 0.216278076171875 0.0992889404296875 -0.0297775268554687
0.0899505615234375 0.16180419921875 0.0583419799804688 0.0596847534179688
0.175918579101563 0.0970458984375 0.108848571777344 0.0921249389648438
0.1590576171875 -0.0341949462890625 0.141342163085937 0.0052947998046875
0.097991943359375 -0.102859497070313 0.0970382690429687 -0.062164306640625
-0.00774383544921875 -0.127372741699219 0.0126495361328125 -0.0904083251953125
-0.0704879760742188 -0.108078002929687 -0.0326576232910156 -0.0493354797363281
-0.0627517700195313 -0.103103637695313 -0.0222816467285156 -0.000633239746093755
-0.0858001708984375 -0.101730346679688 -0.0192241668701172 0.0180301666259766
-0.05352783203125 -0.114509582519531 -0.033660888671875 0.0377044677734375
0.0157623291015625 -0.136215209960938 -0.04541015625 0.0372886657714844
0.0947189331054688 -0.108840942382812 -0.0715560913085938 -0.00209045410156251
0.171951293945313 0.01104736328125 -0.0690422058105469 -0.0467414855957031
0.158584594726562 0.100265502929687 -0.02813720703125 -0.0693550109863281
0.0911407470703125 0.193389892578125 -0.00742101669311523 -0.00379085540771483
0.010589599609375 0.20281982421875 0.108810424804688 0.0496597290039063
0.05731201171875 0.178054809570313 0.0697250366210937 0.109611511230469
0.160202026367188 0.129379272460938 0.0957794189453125 0.115516662597656
0.167205810546875 -0.0105743408203125 0.123947143554688 0.0420074462890625
0.111503601074219 -0.0948944091796875 0.0922012329101562 -0.0182571411132813
0.000366210937499996 -0.132499694824219 0.0281448364257813 -0.0466156005859375
-0.0674667358398437 -0.112831115722656 -0.000762939453125003 -0.0135316848754883
-0.0629730224609375 -0.10748291015625 0.00845146179199218 0.0277919769287109
-0.0887832641601563 -0.106277465820313 0.0110054016113281 0.046112060546875
-0.0567550659179687 -0.117507934570313 -0.0105705261230469 0.0695838928222656
0.0162200927734375 -0.139389038085938 -0.0296363830566406 0.0656852722167969
0.0951766967773437 -0.106170654296875 -0.0655784606933594 0.02325439453125
0.165512084960938 0.0216217041015625 -0.0656700134277344 -0.0279159545898438
0.1365966796875 0.10986328125 -0.00439453124999999 -0.0432357788085937
0.0578765869140625 0.185501098632813 0.011016845703125 0.0564689636230469
-0.027984619140625 0.152099609375 0.106796264648438 0.117744445800781
0.01361083984375 0.155319213867188 0.0728607177734375 0.149810791015625
0.112007141113281 0.130104064941406 0.0777969360351562 0.12591552734375
0.139190673828125 0.0109634399414063 0.0999755859375 0.0687789916992188
0.100181579589844 -0.0705413818359375 0.0783920288085937 0.0188446044921875
0.00613403320312501 -0.113227844238281 0.0392608642578125 -0.00362014770507813
-0.0545196533203125 -0.0989837646484375 0.0290737152099609 0.0206737518310547
-0.0542449951171875 -0.0942611694335937 0.0373382568359375 0.0517234802246094
-0.07684326171875 -0.0961380004882813 0.0404052734375 0.0718994140625
-0.0498733520507812 -0.106796264648438 0.0107574462890625 0.09783935546875
0.0191116333007812 -0.125480651855469 -0.0182952880859375 0.0901565551757813
0.0914230346679688 -0.0885772705078125 -0.0619125366210938 0.044891357421875
0.14276123046875 0.036773681640625 -0.0629234313964844 -0.0133857727050781
0.0964736938476563 0.113723754882813 0.0138454437255859 -0.0180339813232422
0.0142822265625 0.158966064453125 0.0204391479492188 0.111358642578125
-0.0608444213867188 0.0738372802734375 0.09661865234375 0.160110473632812
-0.02716064453125 0.100189208984375 0.0708160400390625 0.17132568359375
0.0489883422851562 0.098968505859375 0.062530517578125 0.123283386230469
0.0863876342773438 0.021331787109375 0.0787277221679688 0.08184814453125
0.0676155090332031 -0.0375938415527344 0.0647239685058594 0.0429801940917969
0.00750732421875 -0.0752487182617187 0.0469818115234375 0.0280914306640625
-0.0347671508789063 -0.0695266723632812 0.0533905029296875 0.0456428527832031
-0.0362281799316406 -0.0678977966308594 0.0614013671875 0.0688362121582031
-0.0534210205078125 -0.072418212890625 0.0647506713867188 0.09332275390625
-0.0345077514648438 -0.08197021484375 0.0264816284179687 0.121833801269531
0.021759033203125 -0.0956802368164063 -0.0137100219726563 0.110816955566406
0.0769882202148438 -0.0600051879882813 -0.0639877319335938 0.0621719360351562
0.103919982910156 0.04742431640625 -0.0649337768554688 -0.00403213500976562
0.0446929931640625 0.103378295898438 0.0224685668945313 0.00601005554199219
-0.0326156616210937 0.109992980957031 0.0147857666015625 0.15478515625
0.0664939880371094 -0.0298004150390625 -0.0234527587890625 -0.17547607421875
-0.00443267822265625 -0.0652885437011719 -0.0270347595214844 -0.0250377655029297
-0.0528488159179688 -0.0317039489746094 0.0748748779296875 0.0067596435546875
-0.0476264953613281 0.0188865661621094 0.0936126708984375 -0.0726165771484375
-0.0171928405761719 0.0434150695800781 0.0308609008789063 -0.125579833984375
0.0185012817382813 0.0455436706542969 -0.04010009765625 -0.135848999023438
0.0203437805175781 0.0315399169921875 -0.0915679931640625 -0.104721069335938
0.0149402618408203 0.0287227630615234 -0.0787124633789062 -0.0743942260742188
0.0131359100341797 0.0313568115234375 -0.0688133239746094 -0.0555152893066406
-0.00844192504882813 0.0280303955078125 -0.0575752258300781 -0.0517921447753906
-0.0282001495361328 0.0055389404296875 -0.0632095336914063 -0.0529632568359375
-0.0227108001708984 -0.0336589813232422 -0.0695571899414063 -0.08526611328125
0.022552490234375 -0.0507888793945313 -0.0520172119140625 -0.130661010742187
0.0662460327148438 -0.030364990234375 -0.0696258544921875 -0.17059326171875
0.0889053344726563 0.0039520263671875 -0.08074951171875 -0.185150146484375
0.0936050415039063 0.0487594604492188 0.00479125976562499 -0.18109130859375
0.0441513061523438 -0.018829345703125 -0.0130023956298828 -0.0303974151611328
0.0142860412597656 -0.0236186981201172 0.0873794555664062 0.0145187377929687
-0.00282096862792969 -0.0130710601806641 0.1103515625 -0.0729446411132812
0.000142812728881836 -0.00417280197143555 0.0469741821289062 -0.133140563964844
-0.000444531440734863 -0.00134181976318359 -0.038848876953125 -0.145538330078125
-0.0138206481933594 -0.00719738006591797 -0.0946426391601563 -0.107170104980469
-0.0111770629882812 -0.0119504928588867 -0.0796661376953125 -0.0692520141601562
-0.0162725448608398 -0.0116758346557617 -0.0719528198242188 -0.0508041381835938
-0.0144634246826172 -0.0189399719238281 -0.063232421875 -0.0445518493652344
-0.00213623046875 -0.0363235473632813 -0.0650634765625 -0.0428276062011719
0.0292816162109375 -0.0496597290039062 -0.0718002319335938 -0.0772247314453125
0.0781936645507813 -0.0147705078125 -0.0574188232421875 -0.116302490234375
0.104286193847656 0.0263595581054688 -0.0698089599609375 -0.153244018554688
0.1055908203125 0.0830154418945313 -0.06732177734375 -0.164154052734375
0.100761413574219 0.127426147460938 0.0409088134765625 -0.158126831054688
0.0830154418945313 0.0438003540039062 0.00981903076171875 -0.018218994140625
0.0878829956054687 0.002685546875 0.102149963378906 0.0331573486328125
0.0545654296875 -0.0383186340332031 0.129669189453125 -0.060455322265625
0.0289421081542969 -0.0518646240234375 0.0678024291992188 -0.127182006835938
-0.0126190185546875 -0.0523643493652344 -0.027130126953125 -0.14337158203125
-0.0431632995605469 -0.0482215881347656 -0.0842742919921875 -0.0988616943359375
-0.0361061096191406 -0.0515289306640625 -0.0693550109863281 -0.0526237487792969
-0.0462226867675781 -0.0516090393066406 -0.0637397766113281 -0.0339546203613281
-0.0272369384765625 -0.0616645812988281 -0.0627708435058594 -0.0227737426757813
0.011505126953125 -0.0785675048828125 -0.066192626953125 -0.020263671875
0.065582275390625 -0.0726165771484375 -0.0770263671875 -0.0570526123046875
0.126754760742188 0.00107574462890625 -0.066497802734375 -0.094818115234375
0.138153076171875 0.0637054443359375 -0.065826416015625 -0.126380920410156
0.115036010742188 0.1422119140625 -0.0513992309570313 -0.121726989746094
0.0860443115234375 0.187088012695313 0.073272705078125 -0.105606079101562
0.101249694824219 0.111083984375 0.0349044799804688 0.0139446258544922
0.149871826171875 0.0457305908203125 0.112503051757813 0.061004638671875
0.115127563476563 -0.0473785400390625 0.143218994140625 -0.032958984375
0.064605712890625 -0.0889663696289063 0.0871658325195312 -0.102897644042969
-0.0150375366210937 -0.0971221923828125 -0.00932312011718751 -0.123985290527344
-0.063507080078125 -0.0828704833984375 -0.0624618530273438 -0.07806396484375
-0.0543365478515625 -0.083465576171875 -0.0484886169433594 -0.02825927734375
-0.0713958740234375 -0.0814437866210938 -0.0454216003417969 -0.0087890625
-0.0432205200195313 -0.0933303833007813 -0.0519905090332031 0.00709152221679688
0.0140151977539063 -0.1138916015625 -0.0589523315429688 0.00886535644531249
0.084716796875 -0.0973052978515625 -0.078460693359375 -0.0297393798828125
0.159652709960938 0.0042572021484375 -0.0720672607421875 -0.0697860717773438
0.158966064453125 0.08453369140625 -0.0518951416015625 -0.0975570678710938
0.112991333007813 0.178573608398438 -0.0304222106933594 -0.0655364990234375
0.0542449951171875 0.214752197265625 0.09637451171875 -0.0312881469726562
0.0914764404296875 0.16168212890625 0.0563735961914063 0.0599822998046875
0.178848266601562 0.0935821533203125 0.11138916015625 0.0916213989257812
0.157882690429688 -0.0361480712890625 0.14239501953125 0.0034942626953125
0.0959854125976562 -0.105247497558594 0.0963058471679688 -0.0636749267578125
-0.0102081298828125 -0.125358581542969 0.01007080078125 -0.0893402099609375
-0.0723800659179687 -0.104766845703125 -0.0330314636230469 -0.0475845336914063
-0.0648727416992187 -0.102470397949219 -0.0206432342529297 0.000198364257812496
-0.0876998901367188 -0.0986480712890625 -0.0189399719238281 0.0196895599365234
-0.0557174682617188 -0.111724853515625 -0.0326805114746094 0.0396919250488281
0.0124053955078125 -0.135322570800781 -0.0452194213867187 0.0391578674316406
0.0916976928710938 -0.110580444335938 -0.0737228393554688 -0.00156402587890626
0.17205810546875 0.00775146484375 -0.0712203979492187 -0.0464553833007812
0.158538818359375 0.0973052978515625 -0.0305824279785156 -0.0702781677246094
0.0944061279296875 0.191741943359375 -0.00822114944458007 -0.00448989868164061
0.01483154296875 0.202896118164062 0.107208251953125 0.04815673828125
0.0592803955078125 0.178329467773438 0.068359375 0.109405517578125
0.16387939453125 0.1263427734375 0.0985641479492188 0.114982604980469
0.1671142578125 -0.013397216796875 0.125778198242188 0.0403976440429688
0.109573364257813 -0.0979232788085937 0.0920944213867188 -0.02001953125
-0.00207519531250001 -0.131103515625 0.026611328125 -0.0459060668945313
-0.0702896118164063 -0.109390258789063 -0.000459671020507816 -0.0125617980957031
-0.06585693359375 -0.105430603027344 0.0101947784423828 0.0282173156738281
-0.090911865234375 -0.102989196777344 0.0118522644042969 0.0471534729003906
-0.059112548828125 -0.114776611328125 -0.00928497314453126 0.0709075927734375
0.0119705200195312 -0.13897705078125 -0.0293312072753906 0.0666580200195312
0.0927963256835938 -0.107612609863281 -0.0670356750488281 0.0239753723144531
0.16607666015625 0.017425537109375 -0.0676116943359375 -0.0279655456542969
0.137542724609375 0.107124328613281 -0.00687789916992186 -0.0446891784667969
0.0619354248046875 0.184814453125 0.0117683410644531 0.0551109313964844
-0.0247955322265625 0.152252197265625 0.106544494628906 0.115814208984375
0.016265869140625 0.155242919921875 0.072601318359375 0.148391723632813
0.115959167480469 0.127555847167969 0.0803375244140625 0.125251770019531
0.139045715332031 0.007476806640625 0.101524353027344 0.06719970703125
0.099212646484375 -0.073486328125 0.0786209106445313 0.0178451538085938
0.00351715087890624 -0.112037658691406 0.0387382507324219 -0.00393676757812501
-0.0579299926757812 -0.0961990356445313 0.0297203063964844 0.0201816558837891
-0.0569534301757813 -0.0932769775390625 0.0400733947753906 0.0511512756347656
-0.0797348022460937 -0.0927963256835938 0.0423507690429688 0.0720901489257813
-0.0521011352539062 -0.104103088378906 0.0127410888671875 0.09869384765625
0.0152511596679688 -0.125076293945313 -0.017547607421875 0.0903472900390625
0.0879058837890625 -0.0897903442382813 -0.0622673034667969 0.0453224182128906
0.143646240234375 0.03363037109375 -0.0649795532226563 -0.0137901306152344
0.0975341796875 0.110885620117188 0.0125522613525391 -0.0198650360107422
0.0177764892578125 0.158157348632813 0.0220947265625 0.109550476074219
-0.0585861206054687 0.0748672485351563 0.097381591796875 0.15899658203125
-0.0244064331054688 0.10064697265625 0.071563720703125 0.16876220703125
0.0520477294921875 0.0973434448242188 0.0648193359375 0.122489929199219
0.08642578125 0.0183868408203125 0.0807342529296875 0.080780029296875
0.0668716430664063 -0.0404701232910156 0.0656471252441406 0.0421371459960937
0.00540924072265625 -0.0741424560546875 0.0474281311035156 0.0279693603515625
-0.0370292663574219 -0.0669822692871094 0.0543899536132813 0.044891357421875
-0.03875732421875 -0.0667686462402344 0.0636711120605469 0.0680427551269531
-0.0552024841308594 -0.0700874328613281 0.0666961669921875 0.0928726196289063
-0.0363616943359375 -0.0798110961914063 0.0290298461914062 0.121902465820312
0.018157958984375 -0.0960540771484375 -0.012451171875 0.110740661621094
0.074676513671875 -0.0613861083984375 -0.064117431640625 0.0628776550292969
0.104232788085938 0.0455245971679688 -0.0664520263671875 -0.00386810302734376
0.0468826293945313 0.102493286132813 0.0219097137451172 0.00334167480468751
-0.029632568359375 0.111015319824219 0.0180816650390625 0.152542114257813
0.0674209594726563 -0.0316200256347656 -0.0257720947265625 -0.178131103515625
-0.00492095947265625 -0.0663032531738281 -0.0279331207275391 -0.0233154296875
-0.05413818359375 -0.0306434631347656 0.0763931274414062 0.00719451904296875
-0.0481071472167969 0.0201072692871094 0.096221923828125 -0.0739669799804688
-0.017578125 0.0438919067382813 0.0322952270507813 -0.127601623535156
0.0196456909179687 0.0447006225585938 -0.0406646728515625 -0.138671875
0.0223598480224609 0.0312023162841797 -0.09368896484375 -0.106491088867188
0.0161056518554687 0.0279560089111328 -0.0816268920898437 -0.0764389038085938
0.0138912200927734 0.0305919647216797 -0.0710220336914063 -0.0566864013671875
-0.00717735290527344 0.0275630950927734 -0.0594902038574219 -0.0526046752929688
-0.0275764465332031 0.00694465637207031 -0.0652236938476563 -0.0547981262207031
-0.0235424041748047 -0.0335426330566406 -0.0714569091796875 -0.08721923828125
0.0221061706542969 -0.0515213012695313 -0.052703857421875 -0.133613586425781
0.0664749145507813 -0.0309791564941406 -0.07000732421875 -0.173416137695313
0.090362548828125 0.00312042236328125 -0.0821990966796875 -0.18878173828125
0.0947952270507813 0.0486602783203125 0.00254821777343751 -0.18389892578125
0.0447463989257813 -0.0182991027832031 -0.0143928527832031 -0.0293674468994141
0.0145893096923828 -0.0231609344482422 0.0900344848632813 0.0151901245117187
-0.00354480743408203 -0.0124750137329102 0.1131591796875 -0.074188232421875
0.000530719757080078 -0.0047450065612793 0.0478591918945312 -0.135597229003906
-0.000303745269775391 -0.00181090831756592 -0.039703369140625 -0.147918701171875
-0.0133371353149414 -0.00752449035644531 -0.0964279174804688 -0.10845947265625
-0.0112543106079102 -0.0131187438964844 -0.0816268920898438 -0.070587158203125
-0.0163364410400391 -0.0129680633544922 -0.073211669921875 -0.052093505859375
-0.0134944915771484 -0.0197792053222656 -0.0653533935546875 -0.0452919006347656
-0.00121307373046875 -0.036285400390625 -0.0678787231445313 -0.0442543029785156
0.030029296875 -0.0495834350585938 -0.074432373046875 -0.0785140991210938
0.0789642333984375 -0.0150680541992187 -0.0591354370117187 -0.118789672851562
0.105369567871094 0.026763916015625 -0.0721435546875 -0.156387329101563
0.107452392578125 0.0836563110351563 -0.069427490234375 -0.168502807617188
0.103073120117188 0.128265380859375 0.038360595703125 -0.1611328125
0.08416748046875 0.0460357666015625 0.00799083709716797 -0.0165119171142578
0.0900039672851563 0.003143310546875 0.105628967285156 0.03460693359375
0.0557174682617188 -0.0384635925292969 0.13262939453125 -0.0613174438476562
0.0294837951660156 -0.0539131164550781 0.0694656372070312 -0.129158020019531
-0.0125274658203125 -0.0527114868164063 -0.0282135009765625 -0.145339965820313
-0.0438652038574219 -0.0481681823730469 -0.085784912109375 -0.099700927734375
-0.0368614196777344 -0.0530891418457031 -0.0697402954101563 -0.0537109375
-0.0469779968261719 -0.0524711608886719 -0.064971923828125 -0.0340042114257813
-0.0271110534667969 -0.062042236328125 -0.0636329650878906 -0.0224533081054688
0.0123291015625 -0.0799484252929688 -0.06787109375 -0.0209693908691406
0.06695556640625 -0.074920654296875 -0.0807647705078125 -0.0587158203125
0.129096984863281 0.001007080078125 -0.0688247680664063 -0.0974349975585938
0.13995361328125 0.0642776489257813 -0.0677566528320312 -0.129692077636719
0.117584228515625 0.14434814453125 -0.052734375 -0.125350952148438
0.08782958984375 0.190032958984375 0.0719146728515625 -0.107536315917969
0.10284423828125 0.114334106445313 0.0334339141845703 0.0155830383300781
0.153549194335938 0.0463409423828125 0.116279602050781 0.0634002685546875
0.116806030273438 -0.0479736328125 0.146957397460938 -0.033782958984375
0.0661697387695313 -0.0919342041015625 0.0894622802734375 -0.105293273925781
-0.015380859375 -0.0980911254882813 -0.00984191894531251 -0.125495910644531
-0.0654449462890625 -0.0829620361328125 -0.0635223388671875 -0.0790252685546875
-0.0565185546875 -0.0842971801757813 -0.0487213134765625 -0.0284347534179688
-0.0735092163085938 -0.0827102661132813 -0.0458869934082031 -0.00856399536132812
-0.0438766479492188 -0.094146728515625 -0.0529861450195313 0.00846099853515624
0.0131912231445312 -0.116073608398438 -0.0608482360839844 0.00923538208007813
0.0864944458007813 -0.0994491577148438 -0.0819320678710938 -0.031097412109375
0.162139892578125 0.0040283203125 -0.0749969482421875 -0.0720672607421875
0.160614013671875 0.0855560302734375 -0.0540924072265625 -0.100479125976563
0.11572265625 0.182083129882813 -0.0318756103515625 -0.0680999755859375
0.0565338134765625 0.219650268554688 0.0957717895507813 -0.0318679809570312
0.09356689453125 0.166030883789063 0.0547256469726563 0.0622673034667969
0.18316650390625 0.0950775146484375 0.115852355957031 0.094451904296875
0.16070556640625 -0.0375518798828125 0.145538330078125 0.0034637451171875
0.0974655151367188 -0.108413696289063 0.0983047485351562 -0.0655288696289062
-0.0111618041992187 -0.12713623046875 0.0102310180664062 -0.0898056030273438
-0.0747604370117188 -0.104728698730469 -0.033294677734375 -0.0474586486816406
-0.0673828125 -0.103492736816406 -0.0197105407714844 0.000419616699218747
-0.0901641845703125 -0.0992202758789063 -0.0183868408203125 0.0217990875244141
-0.0567169189453125 -0.111900329589844 -0.0328941345214844 0.0420455932617187
0.0111236572265625 -0.13775634765625 -0.0462150573730469 0.0401039123535156
0.0932769775390625 -0.112884521484375 -0.0769729614257813 -0.00148773193359375
0.1751708984375 0.0072021484375 -0.0740585327148437 -0.0482940673828125
0.161178588867188 0.098541259765625 -0.0325088500976562 -0.072113037109375
0.09765625 0.19598388671875 -0.0087752342224121 -0.00585603713989257
0.015869140625 0.207489013671875 0.10687255859375 0.0483016967773438
0.06011962890625 0.182388305664062 0.0673446655273438 0.111770629882813
0.16937255859375 0.127944946289063 0.102485656738281 0.11810302734375
0.169662475585937 -0.0146942138671875 0.128913879394531 0.04107666015625
0.110977172851562 -0.101570129394531 0.0941085815429688 -0.0205154418945313
-0.00355529785156249 -0.131988525390625 0.0264663696289063 -0.0452957153320313
-0.0727691650390625 -0.108924865722656 -0.000370979309082035 -0.0116701126098633
-0.0682754516601562 -0.10693359375 0.0122108459472656 0.0285377502441406
-0.09375 -0.102897644042969 0.0132217407226562 0.0494003295898437
-0.061370849609375 -0.114791870117188 -0.00849914550781251 0.0736083984375
0.0106658935546875 -0.141250610351563 -0.0296516418457031 0.0683174133300781
0.094146728515625 -0.110443115234375 -0.0696258544921875 0.0245246887207031
0.169174194335938 0.01690673828125 -0.0712509155273437 -0.0287933349609375
0.139259338378906 0.108406066894531 -0.00773620605468749 -0.0463485717773438
0.0637359619140625 0.1888427734375 0.011962890625 0.0552597045898438
-0.0241851806640625 0.15576171875 0.106239318847656 0.118423461914063
0.016357421875 0.158493041992188 0.072113037109375 0.150924682617188
0.119537353515625 0.128654479980469 0.0829010009765625 0.128074645996094
0.141250610351563 0.0068511962890625 0.103904724121094 0.0678634643554688
0.0997543334960938 -0.0760574340820313 0.0809326171875 0.0183334350585937
0.00212097167968749 -0.113021850585938 0.0385704040527344 -0.00288009643554688
-0.0601882934570312 -0.0950927734375 0.0316181182861328 0.0214557647705078
-0.0589141845703125 -0.0935440063476563 0.0424041748046875 0.0529975891113281
-0.082122802734375 -0.0928802490234375 0.043701171875 0.07440185546875
-0.0533218383789062 -0.104095458984375 0.01385498046875 0.101295471191406
0.0129470825195312 -0.126762390136719 -0.018280029296875 0.0919723510742187
0.0893173217773438 -0.0922317504882813 -0.0643997192382813 0.0464859008789062
0.146041870117188 0.032806396484375 -0.0676841735839843 -0.0140876770019531
0.0995101928710938 0.112533569335938 0.0118274688720703 -0.0215377807617187
0.0193634033203125 0.161727905273438 0.0224456787109375 0.110313415527344
-0.05865478515625 0.0773239135742187 0.0977935791015625 0.162506103515625
-0.0243988037109375 0.102584838867188 0.0712432861328125 0.171737670898437
0.0548324584960938 0.0977783203125 0.06640625 0.125114440917969
0.0874786376953125 0.0178375244140625 0.0831451416015625 0.0823974609375
0.0677299499511719 -0.0423049926757813 0.0673484802246094 0.0431175231933594
0.00412750244140624 -0.07421875 0.0478057861328125 0.0290298461914062
-0.039031982421875 -0.0660667419433594 0.0557670593261719 0.0460357666015625
-0.0405464172363281 -0.066802978515625 0.0665283203125 0.0688705444335938
-0.0574417114257812 -0.0706405639648438 0.0693435668945313 0.0954437255859375
-0.0381393432617188 -0.0793609619140625 0.0303802490234375 0.125373840332031
0.0166397094726563 -0.0975189208984375 -0.013519287109375 0.113037109375
0.0752334594726563 -0.0629425048828125 -0.0658226013183594 0.063720703125
0.106910705566406 0.0450363159179688 -0.0690498352050781 -0.00420761108398437
0.0477447509765625 0.103538513183594 0.0215911865234375 0.00164985656738282
-0.0291671752929688 0.1131591796875 0.0186767578125 0.1541748046875
0.068817138671875 -0.0340766906738281 -0.0298614501953125 -0.183624267578125
-0.00617218017578126 -0.06793212890625 -0.0289707183837891 -0.0219841003417969
-0.0559883117675781 -0.0300865173339844 0.0805511474609375 0.007415771484375
-0.0492172241210938 0.0230560302734375 0.100639343261719 -0.0782699584960938
-0.0169601440429687 0.046539306640625 0.0327606201171875 -0.13262939453125
0.0221786499023438 0.0456008911132813 -0.0439605712890625 -0.144821166992188
0.0244388580322266 0.0302753448486328 -0.0994644165039062 -0.110038757324219
0.0167865753173828 0.0279655456542969 -0.0866851806640625 -0.0790557861328125
0.0146350860595703 0.0300540924072266 -0.0748214721679687 -0.0588912963867188
-0.00519371032714844 0.0273818969726563 -0.0632438659667969 -0.0551872253417969
-0.0272159576416016 0.00775146484375 -0.0692024230957031 -0.0567169189453125
-0.0248489379882812 -0.0338993072509766 -0.0762786865234375 -0.0905838012695313
0.0220909118652344 -0.0528945922851563 -0.0549163818359375 -0.138832092285156
0.0687522888183594 -0.0326881408691406 -0.074676513671875 -0.1802978515625
0.0928878784179688 0.0015411376953125 -0.086639404296875 -0.1966552734375
0.098846435546875 0.0488128662109375 -0.00177001953124999 -0.190658569335938
0.0455589294433594 -0.018798828125 -0.0159931182861328 -0.02801513671875
0.0157451629638672 -0.0235252380371094 0.0950698852539063 0.0154342651367188
-0.00353527069091797 -0.0118446350097656 0.117759704589844 -0.077728271484375
0.000377655029296875 -0.00481796264648438 0.04876708984375 -0.141571044921875
0.000516414642333984 -0.00198674201965332 -0.0426177978515625 -0.15380859375
-0.0130319595336914 -0.00837326049804687 -0.102210998535156 -0.11114501953125
-0.0119180679321289 -0.0144214630126953 -0.0864105224609375 -0.0729827880859375
-0.0172691345214844 -0.0143728256225586 -0.0775909423828125 -0.0534744262695312
-0.0130691528320313 -0.0214614868164062 -0.0683746337890625 -0.046173095703125
-0.00107955932617188 -0.0373420715332031 -0.0719223022460938 -0.0458450317382812
0.0309906005859375 -0.0513343811035156 -0.08013916015625 -0.0821914672851562
0.0820388793945313 -0.016326904296875 -0.062530517578125 -0.124015808105469
0.108726501464844 0.0269012451171875 -0.075469970703125 -0.162399291992188
0.1124267578125 0.0858154296875 -0.074371337890625 -0.176284790039063
0.109527587890625 0.132148742675781 0.0353546142578125 -0.166900634765625
0.0879898071289063 0.0481491088867187 0.00649738311767579 -0.0148582458496094
0.0946197509765625 0.00247955322265625 0.112571716308594 0.0356292724609375
0.0575714111328125 -0.0400428771972656 0.138435363769531 -0.06549072265625
0.0298500061035156 -0.0565834045410156 0.0712127685546875 -0.135581970214844
-0.0131301879882812 -0.0545654296875 -0.0301361083984375 -0.150192260742188
-0.0458030700683594 -0.0492515563964844 -0.0904922485351563 -0.102073669433594
-0.03948974609375 -0.0552902221679688 -0.0732040405273438 -0.0557174682617187
-0.0498695373535156 -0.0540504455566406 -0.068115234375 -0.034820556640625
-0.0278053283691406 -0.0643043518066406 -0.0667152404785156 -0.0224761962890625
0.0123825073242188 -0.0826034545898437 -0.0724258422851563 -0.0208816528320313
0.0693130493164062 -0.0782699584960938 -0.0868911743164062 -0.0608901977539063
0.134552001953125 0.00067138671875 -0.0732345581054687 -0.101402282714844
0.14544677734375 0.0664215087890625 -0.0717849731445312 -0.135414123535156
0.124038696289063 0.1494140625 -0.0569915771484375 -0.130882263183594
0.094573974609375 0.197463989257813 0.0714187622070313 -0.112312316894531
0.108207702636719 0.119377136230469 0.0329303741455078 0.0178585052490234
0.161468505859375 0.0464935302734375 0.123970031738281 0.0651626586914063
0.121307373046875 -0.0507888793945313 0.15283203125 -0.0366058349609375
0.06695556640625 -0.0977325439453125 0.09185791015625 -0.110618591308594
-0.01727294921875 -0.100906372070312 -0.0108795166015625 -0.129196166992188
-0.0682754516601563 -0.0840835571289063 -0.067138671875 -0.0802764892578125
-0.0604171752929687 -0.0883026123046875 -0.0496749877929688 -0.0293083190917969
-0.0779495239257812 -0.0843124389648438 -0.0477790832519531 -0.00718307495117189
-0.0462112426757813 -0.0970611572265625 -0.0543899536132813 0.0105209350585937
0.0128631591796875 -0.120109558105469 -0.0640182495117188 0.0103340148925781
0.0892791748046875 -0.104835510253906 -0.0875167846679688 -0.032257080078125
0.170074462890625 0.0025634765625 -0.0803070068359375 -0.0747222900390625
0.167510986328125 0.08758544921875 -0.0580215454101562 -0.10504150390625
0.12261962890625 0.189056396484375 -0.0349578857421875 -0.0718612670898437
0.06231689453125 0.227798461914063 0.09649658203125 -0.0341796875
0.09832763671875 0.1728515625 0.0551567077636719 0.0656700134277344
0.19317626953125 0.096343994140625 0.123672485351563 0.0972824096679687
0.1666259765625 -0.0407257080078125 0.152175903320313 0.0026092529296875
0.10003662109375 -0.115798950195313 0.101966857910156 -0.069488525390625
-0.0125274658203125 -0.131072998046875 0.00933074951171875 -0.092071533203125
-0.0789947509765625 -0.10589599609375 -0.0345306396484375 -0.048309326171875
-0.072967529296875 -0.107406616210937 -0.0189189910888672 0.000446319580078115
-0.0956344604492187 -0.101318359375 -0.0185909271240234 0.0235614776611328
-0.0604400634765625 -0.114448547363281 -0.033782958984375 0.04449462890625
0.00897216796875001 -0.142227172851563 -0.0490951538085937 0.0425758361816406
0.0957489013671875 -0.119728088378906 -0.0825424194335937 -0.00093078613281251
0.183456420898438 0.005645751953125 -0.08013916015625 -0.0496292114257812
0.1680908203125 0.100540161132813 -0.035308837890625 -0.0758819580078125
0.104476928710937 0.203948974609375 -0.0095539093017578 -0.0076770782470703
0.019500732421875 0.215347290039063 0.108726501464844 0.0506973266601563
0.0648345947265625 0.190200805664063 0.0685806274414062 0.116264343261719
0.179489135742188 0.131149291992188 0.109245300292969 0.122611999511719
0.175933837890625 -0.0174102783203125 0.134788513183594 0.0413742065429687
0.113746643066406 -0.108474731445312 0.0980377197265625 -0.0227127075195313
-0.00491333007812499 -0.136001586914063 0.0265007019042969 -0.0459823608398438
-0.0773162841796875 -0.109954833984375 -0.000264167785644535 -0.0117959976196289
-0.0736618041992188 -0.109451293945313 0.0136699676513672 0.0297679901123047
-0.09918212890625 -0.105026245117187 0.0147933959960937 0.0527610778808594
-0.0645675659179688 -0.117202758789063 -0.0077056884765625 0.0777130126953125
0.00836181640624999 -0.146560668945312 -0.031219482421875 0.0710678100585937
0.0959014892578125 -0.116409301757813 -0.0741043090820313 0.0260696411132812
0.177093505859375 0.0156097412109375 -0.075958251953125 -0.02923583984375
0.145950317382813 0.111358642578125 -0.00947952270507811 -0.0494575500488281
0.069488525390625 0.196990966796875 0.0122146606445313 0.0563850402832031
-0.0227813720703125 0.163055419921875 0.110122680664063 0.12225341796875
0.0192413330078125 0.165924072265625 0.074066162109375 0.157257080078125
0.128517150878906 0.131904602050781 0.0882415771484375 0.132820129394531
0.146652221679687 0.0045166015625 0.1087646484375 0.0699615478515625
0.102218627929687 -0.0818023681640625 0.0849075317382813 0.018402099609375
0.000503540039062504 -0.115959167480469 0.0398139953613281 -0.00206756591796876
-0.0642929077148438 -0.0961151123046875 0.0326423645019531 0.0223751068115234
-0.0634613037109375 -0.0959548950195313 0.0459632873535156 0.0540313720703125
-0.0875167846679688 -0.094329833984375 0.0475997924804687 0.0786666870117188
-0.057220458984375 -0.105621337890625 0.0158462524414063 0.106590270996094
0.0105056762695312 -0.131660461425781 -0.01806640625 0.0963973999023437
0.090850830078125 -0.0974273681640625 -0.0680389404296875 0.0490951538085937
0.15325927734375 0.031768798828125 -0.07269287109375 -0.0140228271484375
0.104507446289063 0.116020202636719 0.0109958648681641 -0.023895263671875
0.0224456787109375 0.168685913085938 0.0242919921875 0.113540649414063
-0.0594558715820312 0.081573486328125 0.102188110351563 0.168197631835938
-0.023284912109375 0.108078002929688 0.074737548828125 0.178192138671875
0.05926513671875 0.100593566894531 0.0705490112304687 0.129478454589844
0.0900344848632813 0.0170974731445313 0.087066650390625 0.084808349609375
0.0688705444335938 -0.0455856323242188 0.07135009765625 0.0443572998046875
0.003448486328125 -0.0774459838867188 0.0502243041992188 0.0297088623046875
-0.0421066284179688 -0.0663566589355469 0.0591468811035156 0.0474815368652344
-0.0443229675292969 -0.0682220458984375 0.0709609985351563 0.0709991455078125
-0.0612640380859375 -0.0709075927734375 0.073944091796875 0.099334716796875
-0.0402755737304687 -0.0804214477539063 0.033843994140625 0.130340576171875
0.0141983032226562 -0.101264953613281 -0.0128555297851562 0.117431640625
0.0766448974609375 -0.0663223266601563 -0.0687065124511719 0.0671424865722656
0.112236022949219 0.0455169677734375 -0.0741043090820313 -0.0041046142578125
0.0509033203125 0.107032775878906 0.0214710235595703 -0.000431060791015618
-0.028839111328125 0.117774963378906 0.0212860107421875 0.159393310546875
0.0700759887695313 -0.0388412475585938 -0.0391082763671875 -0.189544677734375
-0.00949859619140625 -0.0700798034667969 -0.0311145782470703 -0.0192413330078125
-0.0591697692871094 -0.0284881591796875 0.0850753784179688 0.00508880615234375
-0.0507621765136719 0.0267219543457031 0.103218078613281 -0.0856552124023438
-0.0154609680175781 0.050445556640625 0.0312728881835937 -0.139976501464844
0.0251007080078125 0.0464553833007813 -0.05059814453125 -0.150604248046875
0.0279121398925781 0.0295352935791016 -0.10858154296875 -0.111579895019531
0.0192546844482422 0.0271434783935547 -0.0949554443359375 -0.0799407958984375
0.0165214538574219 0.0294742584228516 -0.0816497802734375 -0.05963134765625
-0.00380706787109375 0.0280914306640625 -0.0684051513671875 -0.055938720703125
-0.0265007019042969 0.00888252258300782 -0.0761642456054688 -0.0578155517578125
-0.0267887115478516 -0.0343074798583984 -0.084320068359375 -0.092681884765625
0.0204238891601563 -0.0559120178222656 -0.061737060546875 -0.143707275390625
0.0700149536132813 -0.0363960266113281 -0.083221435546875 -0.187088012695313
0.0969161987304688 -0.00286865234375 -0.097808837890625 -0.203536987304687
0.104637145996094 0.0473403930664062 -0.01080322265625 -0.198318481445313
0.0473747253417969 -0.0198249816894531 -0.0181884765625 -0.0257644653320313
0.0160617828369141 -0.0238265991210938 0.102035522460938 0.0135040283203125
-0.00348186492919922 -0.0110988616943359 0.121421813964844 -0.0859603881835938
-1.71661376953121E-05 -0.00446462631225586 0.0471343994140625 -0.14984130859375
0.0015031099319458 -0.00218284130096436 -0.0495758056640625 -0.159347534179688
-0.0132341384887695 -0.00866889953613281 -0.110755920410156 -0.112838745117187
-0.0130558013916016 -0.0157909393310547 -0.0932540893554687 -0.0741958618164063
-0.0185432434082031 -0.0148487091064453 -0.0843276977539063 -0.0533828735351563
-0.0131206512451172 -0.02264404296875 -0.0738296508789063 -0.0462875366210938
-0.000480651855468749 -0.0386886596679688 -0.078155517578125 -0.0455398559570312
0.030914306640625 -0.0549430847167969 -0.0885696411132812 -0.0839157104492188
0.0852737426757813 -0.0187225341796875 -0.0699539184570313 -0.127693176269531
0.113685607910156 0.0256500244140625 -0.08489990234375 -0.16851806640625
0.120399475097656 0.0859527587890625 -0.0846099853515625 -0.182815551757813
0.118721008300781 0.133941650390625 0.02880859375 -0.175460815429688
0.0934906005859375 0.0485076904296875 0.00521278381347657 -0.0135765075683594
0.100288391113281 -0.0001220703125 0.120651245117188 0.0329513549804688
0.0587806701660156 -0.0431442260742188 0.143325805664063 -0.0729217529296875
0.0286865234375 -0.0604591369628906 0.070526123046875 -0.144119262695313
-0.0152206420898438 -0.0558013916015625 -0.0370635986328125 -0.156021118164063
-0.048980712890625 -0.0494422912597656 -0.098541259765625 -0.102638244628906
-0.0432777404785156 -0.0567779541015625 -0.0785980224609375 -0.0563888549804688
-0.0544357299804688 -0.0546493530273438 -0.073822021484375 -0.0337600708007813
-0.0302200317382813 -0.0664138793945313 -0.0711288452148438 -0.0206298828125
0.0109024047851563 -0.0865554809570313 -0.07708740234375 -0.0196304321289063
0.0704421997070313 -0.0849685668945313 -0.0950088500976562 -0.0616378784179688
0.141098022460938 -0.003753662109375 -0.0813140869140625 -0.104034423828125
0.154144287109375 0.0651092529296875 -0.081298828125 -0.140182495117187
0.135635375976563 0.152603149414062 -0.065582275390625 -0.136680603027344
0.107101440429688 0.203262329101562 0.067779541015625 -0.11883544921875
0.117042541503906 0.122146606445312 0.0330905914306641 0.0199337005615234
0.172500610351563 0.042694091796875 0.134391784667969 0.0635910034179688
0.125823974609375 -0.0569839477539063 0.159896850585938 -0.043243408203125
0.0667190551757812 -0.105697631835937 0.0926361083984375 -0.119125366210938
-0.02142333984375 -0.104789733886719 -0.0168228149414062 -0.134323120117188
-0.0747604370117187 -0.0843429565429688 -0.0725860595703125 -0.0810775756835938
-0.0675277709960937 -0.090545654296875 -0.0526237487792969 -0.0295753479003906
-0.0852584838867188 -0.0851821899414063 -0.0501441955566406 -0.00492095947265624
-0.0506210327148438 -0.0987014770507813 -0.0565261840820313 0.0137176513671875
0.00882720947265626 -0.126235961914063 -0.0680274963378906 0.0137100219726563
0.0899429321289063 -0.11346435546875 -0.0953750610351563 -0.0301666259765625
0.178680419921875 -0.0034027099609375 -0.0878143310546875 -0.0750503540039063
0.178543090820313 0.08642578125 -0.0656356811523438 -0.109016418457031
0.136550903320313 0.194732666015625 -0.0395965576171875 -0.0745773315429687
0.074127197265625 0.236587524414063 0.0967178344726563 -0.03863525390625
0.108871459960938 0.178802490234375 0.0575294494628906 0.0687751770019531
0.208236694335938 0.0931243896484375 0.134963989257813 0.0978775024414063
0.173492431640625 -0.048187255859375 0.160110473632813 -0.002685546875
0.0997695922851563 -0.125457763671875 0.104743957519531 -0.0762100219726563
-0.0177459716796875 -0.135818481445312 0.00685119628906251 -0.0961532592773438
-0.0864105224609375 -0.10675048828125 -0.0372505187988281 -0.0489540100097656
-0.0803451538085937 -0.109130859375 -0.0187358856201172 0.000720977783203121
-0.104965209960938 -0.101821899414063 -0.0177936553955078 0.0264987945556641
-0.0671539306640625 -0.116371154785156 -0.0329933166503906 0.0495529174804687
0.00389099121093751 -0.148651123046875 -0.0503501892089844 0.0465927124023437
0.0965042114257812 -0.129493713378906 -0.088165283203125 0.00195312499999998
0.1929931640625 -0.0014801025390625 -0.086669921875 -0.04901123046875
0.179336547851563 0.0998382568359375 -0.0410079956054687 -0.079437255859375
0.1177978515625 0.211456298828125 -0.0115633010864258 -0.00757408142089842
0.0298309326171875 0.226043701171875 0.113868713378906 0.0494308471679688
0.0746307373046875 0.198562622070312 0.0733108520507812 0.120491027832031
0.193893432617188 0.129653930664063 0.119827270507813 0.123619079589844
0.183502197265625 -0.02496337890625 0.143310546875 0.03912353515625
0.11468505859375 -0.118522644042969 0.102287292480469 -0.0268020629882813
-0.0106201171875 -0.141571044921875 0.0258712768554688 -0.0480270385742188
-0.0847320556640625 -0.110069274902344 -1.33514404296932E-05 -0.0115070343017578
-0.0817642211914063 -0.111419677734375 0.0170860290527344 0.0301094055175781
-0.108207702636719 -0.104461669921875 0.0187530517578125 0.0555343627929687
-0.0718917846679688 -0.118545532226563 -0.00498962402343751 0.0833511352539063
0.00183105468750001 -0.152496337890625 -0.031005859375 0.075439453125
0.0959014892578125 -0.125991821289062 -0.0781784057617188 0.0304183959960937
0.186187744140625 0.0097503662109375 -0.0815963745117188 -0.0280532836914063
0.155868530273438 0.110916137695313 -0.0132064819335937 -0.0526542663574219
0.0813140869140625 0.204681396484375 0.0147628784179688 0.0580482482910156
-0.0169219970703125 0.171875 0.117774963378906 0.125129699707031
0.026824951171875 0.173721313476563 0.080718994140625 0.162078857421875
0.141372680664063 0.133193969726563 0.0974884033203125 0.135749816894531
0.15301513671875 -0.0016021728515625 0.116844177246094 0.0699310302734375
0.103126525878906 -0.0909805297851563 0.090087890625 0.0162734985351562
-0.00366973876953124 -0.1212158203125 0.0413970947265625 -0.00273513793945313
-0.0710067749023437 -0.0959014892578125 0.0361671447753906 0.0228652954101562
-0.0708236694335938 -0.0967941284179688 0.0519447326660156 0.0548095703125
-0.0959320068359375 -0.094207763671875 0.05419921875 0.081787109375
-0.0643157958984375 -0.106544494628906 0.021636962890625 0.111915588378906
0.00471496582031249 -0.13714599609375 -0.0158920288085937 0.101425170898437
0.0910491943359375 -0.1055908203125 -0.0706787109375 0.0538787841796875
0.162567138671875 0.027740478515625 -0.0778427124023437 -0.0120086669921875
0.113479614257813 0.117820739746094 0.00928306579589845 -0.0266151428222656
0.030914306640625 0.176559448242188 0.0297698974609375 0.117935180664063
-0.0592575073242187 0.087982177734375 0.112274169921875 0.172592163085938
-0.0190048217773437 0.113670349121094 0.082366943359375 0.183853149414062
0.0678482055664063 0.102348327636719 0.0767669677734375 0.133560180664063
0.0940628051757813 0.0134658813476563 0.094482421875 0.0862655639648438
0.0698280334472656 -0.051300048828125 0.0773239135742188 0.0442886352539063
-0.000129699707031244 -0.0800323486328125 0.0535354614257812 0.0309333801269531
-0.0467376708984375 -0.0659942626953125 0.0643043518066406 0.0476646423339844
-0.0499191284179688 -0.0688018798828125 0.078369140625 0.071136474609375
-0.0680999755859375 -0.0707168579101562 0.0821533203125 0.102088928222656
-0.045806884765625 -0.0821304321289062 0.039642333984375 0.1361083984375
0.00910186767578126 -0.106002807617188 -0.00910186767578125 0.123252868652344
0.0774765014648437 -0.072998046875 -0.071197509765625 0.073638916015625
0.119956970214844 0.0426712036132813 -0.0790481567382812 -0.000549316406249993
0.0569000244140625 0.110565185546875 0.0214023590087891 -0.00272369384765624
-0.025238037109375 0.124778747558594 0.0282440185546875 0.164825439453125
0.0683975219726563 -0.0443458557128906 -0.0535888671875 -0.191482543945313
-0.013580322265625 -0.0704498291015625 -0.0322170257568359 -0.0162620544433594
-0.0617523193359375 -0.0247039794921875 0.0896835327148438 0.000259399414062498
-0.0499610900878906 0.0312004089355469 0.102409362792969 -0.0941696166992188
-0.0125732421875 0.0534934997558594 0.0250091552734375 -0.146881103515625
0.0304489135742188 0.0450782775878906 -0.06011962890625 -0.153274536132813
0.0307178497314453 0.02703857421875 -0.119476318359375 -0.108772277832031
0.0217685699462891 0.0264701843261719 -0.104080200195313 -0.0771255493164063
0.0189552307128906 0.0283069610595703 -0.0901718139648438 -0.05694580078125
-0.00111579895019531 0.0276508331298828 -0.0750961303710938 -0.0541305541992188
-0.0255508422851563 0.0109291076660156 -0.0831680297851563 -0.05450439453125
-0.0302467346191406 -0.0328845977783203 -0.0936050415039063 -0.0908584594726563
0.0173568725585938 -0.0577583312988281 -0.0711212158203125 -0.146316528320313
0.0697975158691406 -0.0407447814941406 -0.0957489013671875 -0.188812255859375
0.0997085571289063 -0.00820159912109375 -0.112991333007813 -0.204757690429687
0.110855102539062 0.0423583984375 -0.02423095703125 -0.202301025390625
0.0471839904785156 -0.0218276977539063 -0.0205154418945312 -0.0230827331542969
0.0164127349853516 -0.0251579284667969 0.106613159179688 0.00728607177734375
-0.0034027099609375 -0.0105924606323242 0.120529174804687 -0.0961837768554688
0.000295162200927734 -0.00430607795715332 0.04071044921875 -0.1568603515625
0.0022578239440918 -0.00308990478515625 -0.0594329833984375 -0.162017822265625
-0.0137138366699219 -0.00952434539794922 -0.122001647949219 -0.109756469726562
-0.0143051147460937 -0.0158119201660156 -0.10211181640625 -0.0709686279296875
-0.0201759338378906 -0.0150413513183594 -0.0912322998046875 -0.0501480102539062
-0.0136318206787109 -0.0235843658447266 -0.0796127319335938 -0.043670654296875
-0.00128936767578125 -0.0400543212890625 -0.0843887329101563 -0.0422286987304688
0.0293540954589844 -0.058258056640625 -0.0977020263671875 -0.0818862915039063
0.0864105224609375 -0.0233840942382813 -0.0786056518554688 -0.129478454589844
0.118431091308594 0.0201263427734375 -0.09759521484375 -0.169631958007813
0.129158020019531 0.0815200805664063 -0.0985565185546875 -0.184005737304688
0.130928039550781 0.131065368652344 0.0166015625 -0.180526733398438
0.0991058349609375 0.0462112426757813 0.00342082977294922 -0.0115299224853516
0.104515075683594 -0.00634002685546875 0.1280517578125 0.0267715454101563
0.0593795776367188 -0.0473594665527344 0.144424438476563 -0.0833282470703125
0.0261650085449219 -0.0640983581542969 0.0644073486328125 -0.152542114257812
-0.0179100036621094 -0.0566482543945313 -0.0462799072265625 -0.158401489257813
-0.0526580810546875 -0.0481185913085938 -0.1075439453125 -0.0997848510742188
-0.0486106872558594 -0.05682373046875 -0.0848007202148437 -0.0537796020507813
-0.0595054626464844 -0.05377197265625 -0.0783004760742188 -0.0298385620117187
-0.0342559814453125 -0.0671119689941406 -0.0748748779296875 -0.0167694091796875
0.00714874267578125 -0.0900115966796875 -0.0819778442382813 -0.0151443481445313
0.0680694580078125 -0.0916748046875 -0.103599548339844 -0.0579147338867188
0.146270751953125 -0.0115966796875 -0.0901107788085937 -0.1033935546875
0.162139892578125 0.058563232421875 -0.092498779296875 -0.140777587890625
0.1494140625 0.15093994140625 -0.0763702392578125 -0.137321472167969
0.12310791015625 0.203353881835938 0.0596694946289063 -0.125770568847656
0.127822875976563 0.121551513671875 0.0332660675048828 0.0214080810546875
0.182327270507813 0.0341796875 0.143966674804688 0.0571441650390625
0.126487731933594 -0.0660324096679688 0.162506103515625 -0.0538482666015625
0.0617904663085938 -0.113151550292969 0.0887298583984375 -0.127174377441406
-0.0277252197265625 -0.106269836425781 -0.02435302734375 -0.137054443359375
-0.0807342529296875 -0.0820770263671875 -0.0797500610351563 -0.078094482421875
-0.0749588012695313 -0.088836669921875 -0.0554771423339844 -0.0279121398925781
-0.0937881469726563 -0.0820083618164063 -0.0519676208496094 -0.00154113769531251
-0.0577545166015625 -0.0987014770507813 -0.0577354431152344 0.0185127258300781
0.00235748291015624 -0.12982177734375 -0.0702095031738281 0.0191154479980469
0.08587646484375 -0.122940063476563 -0.102767944335938 -0.0252914428710937
0.185256958007812 -0.012969970703125 -0.0962982177734375 -0.073089599609375
0.188186645507813 0.080291748046875 -0.0748443603515625 -0.109901428222656
0.153152465820313 0.19415283203125 -0.0469284057617187 -0.0753707885742187
0.091400146484375 0.239852905273438 0.0947799682617188 -0.0449676513671875
0.123672485351563 0.180587768554688 0.0602951049804688 0.0695648193359375
0.222366333007813 0.0830535888671875 0.145950317382813 0.09130859375
0.176406860351563 -0.06011962890625 0.165328979492188 -0.010986328125
0.0951919555664062 -0.136871337890625 0.104103088378906 -0.0843582153320313
-0.0262527465820313 -0.138656616210938 0.00127410888671874 -0.0983963012695313
-0.0943222045898438 -0.10345458984375 -0.0415878295898438 -0.0470733642578125
-0.0903167724609375 -0.10772705078125 -0.018768310546875 0.00141334533691406
-0.114768981933594 -0.0970611572265625 -0.0162868499755859 0.0294570922851562
-0.0754241943359375 -0.114776611328125 -0.0308723449707031 0.0549163818359375
-0.00610351562499998 -0.153091430664063 -0.0499458312988281 0.0514984130859375
0.091339111328125 -0.139297485351563 -0.0932388305664063 0.007293701171875
0.200485229492188 -0.0133209228515625 -0.094085693359375 -0.0454254150390625
0.19073486328125 0.093231201171875 -0.0477828979492187 -0.0809860229492188
0.135055541992188 0.212127685546875 -0.0123491287231445 -0.00758838653564452
0.044952392578125 0.231475830078125 0.117637634277344 0.0444793701171875
0.0891876220703125 0.202560424804688 0.0800094604492187 0.121185302734375
0.210372924804688 0.12078857421875 0.131752014160156 0.119621276855469
0.187942504882813 -0.03680419921875 0.149765014648438 0.03253173828125
0.11041259765625 -0.130134582519531 0.103935241699219 -0.03326416015625
-0.0186920166015625 -0.14501953125 0.0238990783691406 -0.0498161315917969
-0.0934295654296875 -0.107345581054688 -0.000182151794433599 -0.0115394592285156
-0.0921249389648438 -0.110359191894531 0.0204868316650391 0.0292892456054687
-0.11907958984375 -0.0999221801757813 0.0243644714355469 0.0572395324707031
-0.0806045532226562 -0.116317749023438 0.001068115234375 0.087493896484375
-0.00895690917968751 -0.156341552734375 -0.0283203125 0.080841064453125
0.0908889770507813 -0.136604309082031 -0.0804519653320312 0.0362548828125
0.194244384765625 -0.0019378662109375 -0.08758544921875 -0.0235748291015625
0.1676025390625 0.106521606445312 -0.0180778503417969 -0.0550918579101562
0.0970458984375 0.207199096679688 0.0183486938476563 0.0582122802734375
-0.0061798095703125 0.178939819335938 0.126045227050781 0.122589111328125
0.0383758544921875 0.178482055664063 0.089752197265625 0.163726806640625
0.154556274414063 0.1273193359375 0.107818603515625 0.133491516113281
0.15753173828125 -0.0106353759765625 0.124526977539063 0.0657501220703125
0.0999374389648438 -0.100502014160156 0.0941009521484375 0.0117645263671875
-0.0112686157226563 -0.124114990234375 0.0423202514648438 -0.00323486328125001
-0.0782089233398437 -0.093292236328125 0.0387191772460937 0.0220413208007812
-0.0801849365234375 -0.0955352783203125 0.0578804016113281 0.0526161193847656
-0.104583740234375 -0.0896224975585938 0.0627212524414063 0.0813674926757812
-0.0723419189453125 -0.104667663574219 0.029541015625 0.115768432617188
-0.0052490234375 -0.141220092773438 -0.0111007690429688 0.106048583984375
0.08697509765625 -0.115478515625 -0.0713043212890625 0.0597000122070313
0.16986083984375 0.01788330078125 -0.0823822021484375 -0.00702667236328126
0.123886108398438 0.115264892578125 0.00733566284179688 -0.0297565460205078
0.043121337890625 0.181106567382812 0.0376129150390625 0.119209289550781
-0.0548248291015625 0.093994140625 0.123947143554688 0.1729736328125
-0.0129928588867187 0.118194580078125 0.09332275390625 0.185562133789063
0.0777816772460938 0.100349426269531 0.0863113403320313 0.133270263671875
0.0970230102539063 0.00753021240234375 0.101936340332031 0.0841140747070313
0.0679168701171875 -0.0575103759765625 0.082672119140625 0.0409317016601562
-0.00473785400390624 -0.0824127197265625 0.0567665100097656 0.0297393798828125
-0.0518455505371094 -0.0634346008300781 0.0699348449707031 0.0459671020507812
-0.0559425354003906 -0.0667190551757813 0.0866928100585938 0.06842041015625
-0.0752105712890625 -0.067840576171875 0.093841552734375 0.100975036621094
-0.052215576171875 -0.0807723999023438 0.0510482788085938 0.138999938964844
0.00193023681640624 -0.108856201171875 -0.003570556640625 0.128189086914063
0.0751571655273438 -0.0806884765625 -0.0692520141601563 0.07965087890625
0.127120971679688 0.03643798828125 -0.0828475952148438 0.00383758544921877
0.06561279296875 0.110908508300781 0.0210094451904297 -0.00619506835937499
-0.0179595947265625 0.130165100097656 0.039398193359375 0.16754150390625
0.0649986267089844 -0.0488510131835938 -0.065460205078125 -0.187026977539062
-0.0176048278808594 -0.0687217712402344 -0.0327510833740234 -0.0124034881591797
-0.0628395080566406 -0.0203628540039063 0.0904922485351563 -0.00487518310546875
-0.047454833984375 0.0350761413574219 0.0974655151367188 -0.100929260253906
-0.0077667236328125 0.0548362731933594 0.0175628662109375 -0.148330688476563
0.03387451171875 0.0422782897949219 -0.0688018798828125 -0.15130615234375
0.0326957702636719 0.0234088897705078 -0.126739501953125 -0.100967407226562
0.02349853515625 0.0239219665527344 -0.110588073730469 -0.0709686279296875
0.0205802917480469 0.0264053344726563 -0.0948486328125 -0.0510101318359375
0.00128555297851562 0.0265922546386719 -0.0793304443359375 -0.0499038696289063
-0.0234813690185547 0.0119285583496094 -0.0871124267578125 -0.049835205078125
-0.0319175720214844 -0.0304946899414062 -0.0995101928710938 -0.0858230590820313
0.0131912231445312 -0.057830810546875 -0.0787353515625 -0.143112182617187
0.0676841735839844 -0.044342041015625 -0.107345581054688 -0.18359375
0.0991592407226562 -0.014251708984375 -0.124862670898437 -0.198501586914062
0.11236572265625 0.0353164672851563 -0.03826904296875 -0.198013305664063
0.0460968017578125 -0.0235443115234375 -0.0219173431396484 -0.0192298889160156
0.0157947540283203 -0.0257301330566406 0.108680725097656 0.0010223388671875
-0.0034332275390625 -0.0101003646850586 0.116012573242188 -0.102973937988281
0.00127410888671875 -0.00337362289428711 0.032684326171875 -0.159225463867188
0.00360202789306641 -0.00324583053588867 -0.0687255859375 -0.159317016601563
-0.0134782791137695 -0.00954818725585938 -0.128814697265625 -0.101974487304688
-0.0157203674316406 -0.0161314010620117 -0.107345581054688 -0.0651626586914063
-0.0209636688232422 -0.0138187408447266 -0.0957183837890625 -0.0445175170898438
-0.0144500732421875 -0.0232486724853516 -0.0828628540039063 -0.0387039184570313
-0.00278472900390625 -0.0403671264648438 -0.0884017944335938 -0.0372772216796875
0.0258445739746094 -0.0593147277832031 -0.104560852050781 -0.0763931274414063
0.08551025390625 -0.027618408203125 -0.0867538452148437 -0.125656127929688
0.119308471679687 0.0143280029296875 -0.108367919921875 -0.164840698242188
0.13446044921875 0.0743255615234375 -0.11016845703125 -0.178817749023438
0.138168334960938 0.123664855957031 0.00392150878906252 -0.179916381835938
0.102424621582031 0.0424652099609375 0.00228977203369141 -0.00910758972167969
0.105056762695312 -0.012847900390625 0.130752563476563 0.0185699462890625
0.0566139221191406 -0.0505638122558594 0.140159606933594 -0.0915145874023438
0.0223388671875 -0.0659446716308594 0.0562896728515625 -0.156402587890625
-0.0207862854003906 -0.0554962158203125 -0.055328369140625 -0.155746459960938
-0.0552024841308594 -0.045440673828125 -0.114112854003906 -0.0927581787109375
-0.052734375 -0.0543861389160156 -0.0892333984375 -0.0489425659179688
-0.063385009765625 -0.0490493774414062 -0.0809707641601563 -0.0242767333984375
-0.0373878479003906 -0.0655975341796875 -0.076263427734375 -0.011810302734375
0.00260162353515625 -0.09075927734375 -0.0838851928710938 -0.00963592529296874
0.0626296997070313 -0.095977783203125 -0.109764099121094 -0.0514907836914062
0.146484375 -0.0196685791015625 -0.0968551635742187 -0.0994644165039063
0.165283203125 0.05108642578125 -0.101432800292969 -0.13592529296875
0.159133911132813 0.143264770507813 -0.0850296020507813 -0.133316040039063
0.135726928710938 0.195953369140625 0.0500640869140625 -0.127197265625
0.135780334472656 0.115837097167969 0.03277587890625 0.02197265625
0.185989379882813 0.022308349609375 0.148345947265625 0.0469818115234375
0.123527526855469 -0.0738601684570312 0.159942626953125 -0.062530517578125
0.054718017578125 -0.116950988769531 0.0820465087890625 -0.132888793945313
-0.032989501953125 -0.103927612304687 -0.0314254760742187 -0.134666442871094
-0.0854263305664063 -0.0769577026367188 -0.084136962890625 -0.0730819702148438
-0.0812149047851563 -0.085205078125 -0.0572013854980469 -0.0250015258789063
-0.0992279052734375 -0.0753326416015625 -0.0519561767578125 0.00267028808593749
-0.063507080078125 -0.0949783325195313 -0.0564613342285156 0.0221786499023437
-0.00519561767578124 -0.129714965820313 -0.0701637268066406 0.0234413146972656
0.07916259765625 -0.128829956054688 -0.10699462890625 -0.0184173583984375
0.186203002929688 -0.02459716796875 -0.101081848144531 -0.0681304931640625
0.1929931640625 0.070343017578125 -0.0827255249023437 -0.10601806640625
0.165969848632813 0.186416625976563 -0.05169677734375 -0.0731582641601562
0.105804443359375 0.235061645507813 0.0894851684570312 -0.0482559204101562
0.134323120117188 0.175003051757813 0.0631065368652344 0.0682830810546875
0.228805541992188 0.06866455078125 0.151535034179688 0.0816650390625
0.173049926757813 -0.0704193115234375 0.164962768554688 -0.02117919921875
0.086212158203125 -0.143218994140625 0.0995712280273438 -0.09033203125
-0.0341796875 -0.136566162109375 -0.00392913818359376 -0.096771240234375
-0.100471496582031 -0.0974273681640625 -0.0440330505371094 -0.0438423156738281
-0.0980072021484375 -0.10260009765625 -0.0180282592773438 0.00199508666992187
-0.121177673339844 -0.089141845703125 -0.0131645202636719 0.0310726165771484
-0.08233642578125 -0.109970092773438 -0.0269775390625 0.0572280883789062
-0.0157623291015625 -0.151763916015625 -0.0476341247558594 0.0547752380371094
0.082611083984375 -0.145843505859375 -0.095245361328125 0.0133590698242188
0.20086669921875 -0.0254364013671875 -0.097198486328125 -0.0399398803710937
0.19683837890625 0.0836639404296875 -0.0535507202148438 -0.0785980224609375
0.149581909179688 0.205368041992188 -0.013554573059082 -0.00766754150390624
0.0590362548828125 0.22894287109375 0.117118835449219 0.0394363403320313
0.101226806640625 0.198104858398438 0.0840072631835938 0.118415832519531
0.218765258789063 0.107620239257813 0.138603210449219 0.110244750976563
0.185806274414063 -0.04791259765625 0.151962280273438 0.0240936279296875
0.101356506347656 -0.137214660644531 0.102165222167969 -0.0392990112304688
-0.0279388427734375 -0.143356323242188 0.0215187072753906 -0.0496253967285156
-0.0986251831054687 -0.100509643554688 -0.00037288665771485 -0.0101861953735352
-0.099945068359375 -0.104087829589844 0.0240573883056641 0.0275211334228516
-0.125572204589844 -0.0905075073242187 0.0291366577148438 0.0567550659179688
-0.0879440307617188 -0.110214233398438 0.00692749023437499 0.0883941650390625
-0.019744873046875 -0.154815673828125 -0.024169921875 0.0830764770507812
0.0821380615234375 -0.142440795898437 -0.0809173583984375 0.041290283203125
0.195159912109375 -0.014404296875 -0.0894851684570312 -0.0181198120117188
0.1741943359375 0.09698486328125 -0.0222969055175781 -0.0553436279296875
0.111221313476563 0.20306396484375 0.0215950012207031 0.0568275451660156
0.00439453124999999 0.178939819335938 0.130897521972656 0.116668701171875
0.0495147705078125 0.176849365234375 0.0970916748046875 0.159561157226563
0.164077758789062 0.116592407226562 0.114990234375 0.126823425292969
0.156539916992188 -0.0202178955078125 0.128326416015625 0.058868408203125
0.0928878784179687 -0.107589721679688 0.0955352783203125 0.00618743896484374
-0.0194244384765625 -0.122726440429688 0.0428237915039062 -0.00405883789062501
-0.0832595825195312 -0.08734130859375 0.040802001953125 0.0203132629394531
-0.0864105224609375 -0.0900726318359375 0.062530517578125 0.048431396484375
-0.111167907714844 -0.081512451171875 0.0695343017578125 0.0782928466796875
-0.0789260864257812 -0.0994720458984375 0.0374755859375 0.115158081054687
-0.0151748657226563 -0.13946533203125 -0.005645751953125 0.106681823730469
0.0790939331054688 -0.121223449707031 -0.0697174072265625 0.0647735595703125
0.172256469726563 0.00689697265625 -0.0830459594726562 -0.00180816650390626
0.13140869140625 0.1082763671875 0.00469398498535157 -0.0318279266357422
0.0549774169921875 0.179046630859375 0.0446929931640625 0.115638732910156
-0.048004150390625 0.09783935546875 0.131866455078125 0.166702270507813
-0.00539398193359374 0.118431091308594 0.10205078125 0.18133544921875
0.0843505859375 0.0944061279296875 0.0929946899414062 0.128105163574219
0.09722900390625 0.0021209716796875 0.107215881347656 0.0785903930664063
0.0633087158203125 -0.0623207092285156 0.0855178833007813 0.035919189453125
-0.0101699829101563 -0.0812911987304688 0.0588531494140625 0.0276412963867188
-0.0556716918945313 -0.0587005615234375 0.0728225708007813 0.0419387817382813
-0.0607261657714844 -0.0623054504394531 0.09197998046875 0.062591552734375
-0.0798568725585938 -0.0616302490234375 0.101921081542969 0.0945816040039062
-0.0571212768554687 -0.0760650634765625 0.0607986450195312 0.136848449707031
-0.00596618652343749 -0.108329772949219 0.00303649902343751 0.12896728515625
0.0690460205078125 -0.0862808227539062 -0.0658798217773438 0.0840072631835938
0.130317687988281 0.0275802612304687 -0.0828475952148437 0.00930023193359376
0.0727157592773438 0.107101440429687 0.0199089050292969 -0.00862693786621093
-0.00896453857421876 0.131858825683594 0.049713134765625 0.163726806640625
0.0614280700683594 -0.0502777099609375 -0.070709228515625 -0.179779052734375
-0.0187721252441406 -0.0664482116699219 -0.031585693359375 -0.0091400146484375
-0.0613784790039063 -0.0171585083007812 0.0896682739257813 -0.00707244873046875
-0.0443077087402344 0.0368843078613281 0.0939788818359375 -0.10211181640625
-0.00418472290039062 0.0546684265136719 0.012908935546875 -0.147232055664063
0.0357856750488281 0.0389671325683594 -0.073944091796875 -0.148025512695313
0.0324535369873047 0.0195121765136719 -0.129058837890625 -0.0954437255859375
0.0238742828369141 0.0213851928710937 -0.112274169921875 -0.0653839111328125
0.0208911895751953 0.0245895385742188 -0.0970458984375 -0.0464859008789063
0.00260734558105469 0.0249862670898438 -0.0806350708007813 -0.0467758178710938
-0.0210838317871094 0.0120258331298828 -0.0886688232421875 -0.0462188720703125
-0.0328121185302734 -0.0275669097900391 -0.101806640625 -0.0814132690429688
0.0110397338867188 -0.0561103820800781 -0.0820846557617188 -0.139778137207031
0.0647697448730469 -0.0457611083984375 -0.111236572265625 -0.177780151367188
0.0966033935546875 -0.0182571411132813 -0.129180908203125 -0.191329956054687
0.111663818359375 0.0305557250976562 -0.0449371337890625 -0.191146850585938
0.0451889038085938 -0.0233497619628906 -0.0218391418457031 -0.0156784057617188
0.0153369903564453 -0.0251827239990234 0.107048034667969 -0.00262451171875
-0.00275135040283203 -0.00878047943115234 0.111808776855469 -0.104629516601562
0.00198054313659668 -0.0030524730682373 0.027557373046875 -0.157699584960938
0.00494050979614258 -0.00416469573974609 -0.073089599609375 -0.155929565429688
-0.0134801864624023 -0.0105018615722656 -0.130622863769531 -0.0960235595703125
-0.0159740447998047 -0.0163278579711914 -0.109107971191406 -0.0604019165039063
-0.0212516784667969 -0.0134143829345703 -0.097015380859375 -0.0398178100585938
-0.0144100189208984 -0.0231876373291016 -0.083892822265625 -0.035430908203125
-0.00225830078125 -0.0396575927734375 -0.089263916015625 -0.0337142944335938
0.0234375 -0.0590438842773438 -0.107070922851562 -0.071136474609375
0.083587646484375 -0.0292434692382813 -0.0893173217773438 -0.121742248535156
0.117919921875 0.0110931396484375 -0.112411499023437 -0.158676147460938
0.135284423828125 0.0691299438476563 -0.1146240234375 -0.171829223632813
0.140113830566406 0.116531372070313 -0.003997802734375 -0.174713134765625
0.102798461914062 0.0397796630859375 0.00111389160156251 -0.00646686553955078
0.104118347167969 -0.0162811279296875 0.129066467285156 0.012664794921875
0.0550422668457031 -0.051025390625 0.136001586914063 -0.0940399169921875
0.020050048828125 -0.0654411315917969 0.051025390625 -0.155548095703125
-0.0214271545410156 -0.0538101196289062 -0.05889892578125 -0.151229858398437
-0.055633544921875 -0.0432167053222656 -0.115890502929688 -0.0873184204101563
-0.0543975830078125 -0.0526695251464844 -0.0901718139648438 -0.0454788208007813
-0.0639152526855469 -0.0462226867675781 -0.0812530517578125 -0.0205917358398437
-0.0381889343261719 -0.0633773803710938 -0.0760040283203125 -0.00868988037109375
0.00011444091796876 -0.0887680053710938 -0.084381103515625 -0.00641632080078125
0.0591888427734375 -0.0966873168945313 -0.112213134765625 -0.0464248657226563
0.144180297851562 -0.023651123046875 -0.098541259765625 -0.0950851440429687
0.164016723632812 0.04541015625 -0.105659484863281 -0.131439208984375
0.162704467773438 0.136306762695313 -0.0891952514648438 -0.128097534179687
0.140121459960938 0.188125610351563 0.0418319702148437 -0.124465942382812
0.138526916503906 0.111503601074219 0.03204345703125 0.0226860046386719
0.184616088867188 0.0141754150390625 0.147064208984375 0.0402679443359375
0.119148254394531 -0.0766372680664062 0.155914306640625 -0.0667724609375
0.0494613647460938 -0.11785888671875 0.0769500732421875 -0.133491516113281
-0.0355072021484375 -0.101280212402344 -0.0349807739257812 -0.131294250488281
-0.0868453979492188 -0.0726089477539063 -0.0857620239257812 -0.0681304931640625
-0.0841598510742188 -0.0813674926757812 -0.0573844909667969 -0.0231819152832031
-0.100967407226562 -0.0700912475585937 -0.0509529113769531 0.00497817993164062
-0.06500244140625 -0.091033935546875 -0.0547637939453125 0.0251617431640625
-0.00997924804687501 -0.127090454101563 -0.06915283203125 0.0261497497558594
0.0734786987304688 -0.129928588867188 -0.108566284179688 -0.0146026611328125
0.183639526367188 -0.0303497314453125 -0.102310180664062 -0.0645217895507813
0.192520141601563 0.0633392333984375 -0.0865249633789062 -0.102699279785156
0.17108154296875 0.179168701171875 -0.0541038513183594 -0.0698471069335937
0.11322021484375 0.227828979492188 0.0836715698242188 -0.0493927001953125
0.139251708984375 0.169601440429687 0.0621185302734375 0.0673751831054688
0.229629516601563 0.0585174560546875 0.151275634765625 0.074310302734375
0.169021606445313 -0.0764617919921875 0.162368774414063 -0.025177001953125
0.07879638671875 -0.144241333007813 0.0949630737304688 -0.09149169921875
-0.038055419921875 -0.132698059082031 -0.00670623779296875 -0.0944137573242188
-0.101654052734375 -0.0915603637695313 -0.0444869995117188 -0.041015625
-0.101028442382813 -0.0975265502929688 -0.0174703598022461 0.00194549560546875
-0.123161315917969 -0.0820770263671875 -0.0109405517578125 0.0312652587890625
-0.0849685668945313 -0.103996276855469 -0.0238723754882813 0.0581550598144531
-0.0219268798828125 -0.148590087890625 -0.0464439392089844 0.0567131042480469
0.076019287109375 -0.147140502929688 -0.0956192016601563 0.0167388916015625
0.198577880859375 -0.032318115234375 -0.0974807739257812 -0.0365982055664062
0.196807861328125 0.075897216796875 -0.0572433471679687 -0.0766220092773437
0.156600952148438 0.198638916015625 -0.0139150619506836 -0.00676345825195311
0.06610107421875 0.2232666015625 0.114303588867188 0.036376953125
0.107406616210937 0.192794799804688 0.084625244140625 0.116180419921875
0.220809936523438 0.0960845947265625 0.138824462890625 0.103179931640625
0.180816650390625 -0.0539703369140625 0.150558471679688 0.0194854736328125
0.0944671630859375 -0.139495849609375 0.100349426269531 -0.0418853759765625
-0.0322723388671875 -0.139404296875 0.0203475952148438 -0.0483016967773438
-0.100837707519531 -0.0947723388671875 -0.0005636215209961 -0.00908660888671876
-0.102279663085938 -0.0988235473632812 0.0243968963623047 0.0259685516357422
-0.128372192382812 -0.0832901000976563 0.0321083068847656 0.0551338195800781
-0.0905380249023438 -0.104522705078125 0.0109481811523437 0.0877914428710938
-0.0255279541015625 -0.150421142578125 -0.0222702026367188 0.0830459594726562
0.0750732421875 -0.143997192382813 -0.079742431640625 0.0439834594726562
0.193344116210938 -0.021240234375 -0.0890731811523438 -0.0149688720703125
0.175125122070313 0.0901641845703125 -0.0246963500976562 -0.0547027587890625
0.117843627929688 0.196487426757813 0.0231170654296875 0.0543632507324219
0.0115814208984375 0.17626953125 0.131301879882813 0.111328125
0.055908203125 0.173309326171875 0.098358154296875 0.155517578125
0.166839599609375 0.10711669921875 0.115776062011719 0.121131896972656
0.152679443359375 -0.025726318359375 0.127517700195313 0.0545883178710938
0.08685302734375 -0.109382629394531 0.0943069458007813 0.00297546386718749
-0.0230789184570312 -0.119598388671875 0.0423851013183594 -0.00402450561523438
-0.0850601196289063 -0.0818405151367187 0.0418281555175781 0.0196075439453125
-0.0892333984375 -0.085418701171875 0.0641365051269531 0.0448799133300781
-0.113090515136719 -0.0749435424804688 0.0728530883789063 0.0743942260742188
-0.0811614990234375 -0.0935134887695312 0.0421142578125 0.113334655761719
-0.0213165283203125 -0.135734558105469 -0.00308990478515625 0.105186462402344
0.072601318359375 -0.123252868652344 -0.0674591064453125 0.065643310546875
0.170883178710938 -4.57763671875E-05 -0.0824050903320312 0.0010986328125
0.133712768554688 0.102668762207031 0.00202178955078126 -0.0330600738525391
0.06201171875 0.175140380859375 0.048065185546875 0.111366271972656
-0.0431747436523438 0.0974273681640625 0.13385009765625 0.160995483398437
-0.000633239746093738 0.116867065429687 0.105026245117188 0.176132202148437
0.0871047973632813 0.088470458984375 0.09375 0.123619079589844
0.094573974609375 -0.001678466796875 0.107818603515625 0.0750961303710938
0.0585670471191406 -0.0632667541503906 0.0855865478515625 0.0328445434570312
-0.0136032104492188 -0.0797271728515625 0.0597572326660156 0.0268020629882813
-0.0564956665039063 -0.0552024841308594 0.0745315551757813 0.0392532348632813
-0.0622215270996094 -0.0588531494140625 0.0935440063476562 0.0572509765625
-0.0817794799804688 -0.05633544921875 0.105438232421875 0.0898971557617188
-0.0593414306640625 -0.0718994140625 0.0660171508789063 0.133270263671875
-0.0112686157226563 -0.1044921875 0.00698089599609375 0.126274108886719
0.0634231567382812 -0.087890625 -0.063140869140625 0.0852737426757813
0.129486083984375 0.021697998046875 -0.0816726684570312 0.0120086669921875
0.0758819580078125 0.102745056152344 0.0184459686279297 -0.0112171173095703
-0.00388336181640624 0.130516052246094 0.054840087890625 0.157516479492188
0.0585975646972656 -0.0506324768066406 -0.0720672607421875 -0.175796508789063
-0.0190162658691406 -0.0646858215332031 -0.0307178497314453 -0.00773048400878907
-0.0601806640625 -0.01641845703125 0.089263916015625 -0.00738525390625
-0.0428886413574219 0.0374984741210938 0.0929107666015625 -0.102317810058594
-0.00171279907226562 0.0539093017578125 0.0128326416015625 -0.145919799804688
0.0362777709960938 0.0366706848144531 -0.074676513671875 -0.147872924804688
0.0319156646728516 0.0175857543945313 -0.1302490234375 -0.0933456420898438
0.0234184265136719 0.0199108123779297 -0.11395263671875 -0.0633163452148437
0.0206165313720703 0.0225620269775391 -0.09771728515625 -0.044464111328125
0.00336837768554688 0.0236663818359375 -0.0818405151367187 -0.0458297729492187
-0.0198631286621094 0.0120639801025391 -0.0887985229492188 -0.0449142456054687
-0.0322799682617188 -0.0260963439941406 -0.102165222167969 -0.0792236328125
0.00998687744140625 -0.0542144775390625 -0.0819320678710938 -0.13848876953125
0.0634384155273438 -0.0446395874023438 -0.110763549804687 -0.17498779296875
0.0952987670898438 -0.0189590454101563 -0.128250122070313 -0.188735961914063
0.109062194824219 0.0295867919921875 -0.0472869873046875 -0.187271118164063
0.0449676513671875 -0.0229568481445313 -0.0219669342041016 -0.0138893127441406
0.0159187316894531 -0.02532958984375 0.106407165527344 -0.0037078857421875
-0.00200939178466797 -0.0078277587890625 0.111129760742188 -0.1041259765625
0.00258469581604004 -0.00263142585754395 0.0269622802734375 -0.156707763671875
0.00577688217163086 -0.00565910339355469 -0.0736846923828125 -0.15460205078125
-0.0136890411376953 -0.0116786956787109 -0.130889892578125 -0.0930862426757813
-0.0170764923095703 -0.0169525146484375 -0.110237121582031 -0.0584259033203125
-0.0207195281982422 -0.013885498046875 -0.09759521484375 -0.0376434326171875
-0.0136890411376953 -0.0236473083496094 -0.0845108032226562 -0.034088134765625
-0.00119781494140625 -0.0399856567382813 -0.0897674560546875 -0.0318069458007813
0.0235481262207031 -0.0581932067871094 -0.10797119140625 -0.0691604614257813
0.08306884765625 -0.0279617309570313 -0.0894546508789063 -0.121261596679688
0.116531372070313 0.011199951171875 -0.11236572265625 -0.156387329101562
0.1346435546875 0.0667877197265625 -0.114013671875 -0.169204711914063
0.139244079589844 0.113960266113281 -0.00747680664062499 -0.170364379882813
0.10296630859375 0.0395278930664063 0.000424623489379889 -0.00416016578674316
0.103965759277344 -0.0177230834960938 0.12799072265625 0.0118179321289062
0.0542945861816406 -0.05108642578125 0.134445190429687 -0.0942611694335937
0.0195083618164062 -0.0648040771484375 0.0504150390625 -0.154098510742188
-0.0212249755859375 -0.05389404296875 -0.0595550537109375 -0.150100708007813
-0.0554847717285156 -0.0429000854492188 -0.115913391113281 -0.0855865478515625
-0.0553741455078125 -0.0527458190917969 -0.0903854370117188 -0.0441436767578125
-0.0640945434570313 -0.0449028015136719 -0.081390380859375 -0.0189208984375
-0.0382843017578125 -0.0633773803710938 -0.076019287109375 -0.0074005126953125
0.000526428222656248 -0.0879058837890625 -0.0841445922851563 -0.00592041015625002
0.057830810546875 -0.0959854125976563 -0.113662719726563 -0.044677734375
0.143753051757813 -0.0241851806640625 -0.0991668701171875 -0.094818115234375
0.162490844726562 0.044769287109375 -0.106521606445312 -0.129425048828125
0.162979125976563 0.134231567382813 -0.08935546875 -0.126243591308594
0.139968872070313 0.184951782226563 0.03839111328125 -0.121307373046875
0.138252258300781 0.110366821289063 0.0301609039306641 0.0249786376953125
0.184036254882812 0.011810302734375 0.145248413085938 0.038116455078125
0.118049621582031 -0.0771026611328125 0.155303955078125 -0.066802978515625
0.0479888916015625 -0.117012023925781 0.076141357421875 -0.131683349609375
-0.03558349609375 -0.0999298095703125 -0.0355758666992188 -0.129234313964844
-0.0863723754882813 -0.0708770751953125 -0.085205078125 -0.0663833618164063
-0.0853652954101563 -0.0805206298828125 -0.0572319030761719 -0.0225715637207031
-0.100685119628906 -0.0671234130859375 -0.050201416015625 0.00514984130859374
-0.0651702880859375 -0.0893783569335938 -0.0545234680175781 0.0258522033691406
-0.0106048583984375 -0.125885009765625 -0.0691795349121094 0.0267486572265625
0.0711669921875 -0.129539489746094 -0.10968017578125 -0.0125198364257813
0.1826171875 -0.0323944091796875 -0.102378845214844 -0.0642852783203125
0.191757202148438 0.06280517578125 -0.087493896484375 -0.101303100585937
0.172836303710938 0.17730712890625 -0.0539512634277343 -0.0689964294433594
0.1138916015625 0.224334716796875 0.0798492431640625 -0.0467987060546875
0.139892578125 0.168991088867187 0.0601387023925781 0.0688629150390625
0.228500366210938 0.0550537109375 0.149032592773438 0.0716705322265625
0.16632080078125 -0.07696533203125 0.1607666015625 -0.0255584716796875
0.076568603515625 -0.143966674804687 0.0941848754882813 -0.0913238525390625
-0.0389175415039063 -0.130599975585938 -0.00646209716796874 -0.0919418334960938
-0.101043701171875 -0.0896835327148437 -0.0441513061523437 -0.0390129089355469
-0.1029052734375 -0.09686279296875 -0.0171747207641602 0.00189781188964843
-0.123184204101563 -0.07891845703125 -0.00957107543945313 0.0311851501464844
-0.0842208862304687 -0.102195739746094 -0.022674560546875 0.0587806701660156
-0.02264404296875 -0.145736694335938 -0.0465888977050781 0.057220458984375
0.072662353515625 -0.147384643554688 -0.0966567993164063 0.0182342529296875
0.198165893554688 -0.0347900390625 -0.0976181030273437 -0.0360641479492188
0.195541381835938 0.0742645263671875 -0.0586013793945312 -0.0763702392578125
0.158493041992188 0.196487426757812 -0.0141305923461914 -0.00738906860351561
0.067779541015625 0.220382690429687 0.110671997070312 0.0367813110351563
0.109024047851563 0.19171142578125 0.0824813842773438 0.116874694824219
0.220840454101563 0.0919647216796875 0.136711120605469 0.10125732421875
0.178237915039063 -0.055023193359375 0.148880004882812 0.01910400390625
0.0914764404296875 -0.139503479003906 0.098724365234375 -0.0417251586914063
-0.0330657958984375 -0.137847900390625 0.0204200744628906 -0.0461502075195313
-0.100433349609375 -0.0922622680664063 -8.58306884765691E-05 -0.00803184509277344
-0.104141235351562 -0.097137451171875 0.0257987976074219 0.0245285034179687
-0.127578735351563 -0.080078125 0.0336227416992187 0.0538978576660156
-0.0904922485351563 -0.101722717285156 0.012725830078125 0.0871505737304688
-0.0275115966796875 -0.147735595703125 -0.0219039916992188 0.0823745727539062
0.0718231201171875 -0.143341064453125 -0.0806427001953125 0.0449752807617187
0.192153930664063 -0.0242919921875 -0.0891647338867187 -0.0149688720703125
0.175140380859375 0.088134765625 -0.0264968872070312 -0.0545883178710937
0.120407104492187 0.19390869140625 0.0233535766601563 0.053680419921875
0.0129547119140625 0.173934936523438 0.128135681152344 0.110946655273438
0.0564727783203125 0.170974731445313 0.096466064453125 0.155364990234375
0.166885375976563 0.103775024414063 0.113494873046875 0.118431091308594
0.1505126953125 -0.02716064453125 0.126716613769531 0.0533828735351563
0.0841827392578125 -0.108856201171875 0.09356689453125 0.00205230712890624
-0.0240936279296875 -0.118026733398438 0.0428199768066406 -0.00302124023437501
-0.0846176147460937 -0.07965087890625 0.0422592163085937 0.0195236206054687
-0.089813232421875 -0.08331298828125 0.0645256042480469 0.0426406860351562
-0.112922668457031 -0.071624755859375 0.0743865966796875 0.0720291137695313
-0.0811614990234375 -0.090789794921875 0.044097900390625 0.111930847167969
-0.0232162475585938 -0.132781982421875 -0.00292968750000001 0.104942321777344
0.0692062377929687 -0.122665405273438 -0.0683517456054688 0.0664825439453125
0.169662475585938 -0.00323486328125 -0.0818252563476562 0.00154113769531248
0.134033203125 0.100502014160156 0.000890731811523447 -0.0342121124267578
0.0646820068359375 0.173309326171875 0.0483551025390625 0.108169555664063
-0.0418930053710938 0.0964126586914063 0.13262939453125 0.159332275390625
0.000526428222656246 0.11566162109375 0.103378295898437 0.175186157226562
0.0869293212890625 0.0860595703125 0.0925140380859375 0.123260498046875
0.0927276611328125 -0.00260162353515625 0.106971740722656 0.0738983154296875
0.0566062927246094 -0.0632743835449219 0.0857696533203125 0.0317535400390625
-0.0141372680664062 -0.0781021118164063 0.05938720703125 0.0279731750488281
-0.0564079284667969 -0.0531196594238281 0.07586669921875 0.0382766723632812
-0.0631942749023438 -0.0570602416992188 0.0944366455078125 0.05499267578125
-0.0818099975585938 -0.053741455078125 0.1058349609375 0.0863723754882813
-0.0597152709960938 -0.0694351196289063 0.0681304931640625 0.132186889648438
-0.0130767822265625 -0.103439331054687 0.00775909423828125 0.12493896484375
0.0608139038085938 -0.0874710083007813 -0.0628204345703125 0.0848236083984375
0.129348754882813 0.0186614990234375 -0.08154296875 0.012176513671875
0.0771560668945313 0.101753234863281 0.0169858932495117 -0.0129709243774414
-0.001220703125 0.128807067871094 0.055023193359375 0.154678344726563
0.0582199096679688 -0.0496330261230469 -0.0713653564453125 -0.17633056640625
-0.0198440551757812 -0.0658378601074219 -0.0306529998779297 -0.00677299499511719
-0.06005859375 -0.016693115234375 0.090667724609375 -0.00632476806640625
-0.0426864624023438 0.038726806640625 0.095428466796875 -0.102989196777344
-0.000877380371093751 0.0546722412109375 0.0153350830078125 -0.148147583007813
0.0368843078613281 0.03521728515625 -0.0755462646484375 -0.150619506835937
0.0311546325683594 0.0165538787841797 -0.132003784179688 -0.0947494506835937
0.0229759216308594 0.0196514129638672 -0.116111755371094 -0.0635452270507813
0.0202121734619141 0.0220394134521484 -0.0999526977539063 -0.0443038940429687
0.00352859497070313 0.0222530364990234 -0.083465576171875 -0.04742431640625
-0.019256591796875 0.0109348297119141 -0.0901641845703125 -0.0460281372070312
-0.0321578979492188 -0.0258769989013672 -0.104057312011719 -0.0809555053710938
0.0105552673339844 -0.0540962219238281 -0.082244873046875 -0.141632080078125
0.0647392272949219 -0.0445480346679687 -0.11016845703125 -0.177642822265625
0.0960311889648438 -0.0193023681640625 -0.127731323242187 -0.192031860351563
0.109092712402344 0.03106689453125 -0.0470428466796875 -0.18780517578125
0.0457305908203125 -0.0221786499023438 -0.0224819183349609 -0.0131702423095703
0.0170745849609375 -0.0257797241210938 0.107498168945313 -0.00255584716796875
-0.00187206268310547 -0.00790596008300781 0.113548278808594 -0.105255126953125
0.00367093086242676 -0.00316119194030762 0.0298004150390625 -0.158401489257813
0.00578546524047851 -0.00689506530761719 -0.073577880859375 -0.158096313476563
-0.0147018432617187 -0.0119647979736328 -0.133193969726563 -0.0952911376953125
-0.0175151824951172 -0.0184421539306641 -0.112655639648438 -0.059356689453125
-0.0216293334960938 -0.0147266387939453 -0.100013732910156 -0.0375213623046875
-0.01336669921875 -0.0247344970703125 -0.0866012573242188 -0.035003662109375
-0.000144958496093755 -0.0411758422851563 -0.0909194946289063 -0.033294677734375
0.02459716796875 -0.0577201843261719 -0.111007690429688 -0.0704879760742187
0.0846328735351562 -0.0269699096679687 -0.0895767211914062 -0.124183654785156
0.117515563964844 0.0131301879882813 -0.112701416015625 -0.158477783203125
0.135772705078125 0.0688095092773438 -0.113845825195313 -0.172271728515625
0.138710021972656 0.116630554199219 -0.007843017578125 -0.17041015625
0.104438781738281 0.0411911010742188 -0.000183105468749993 -0.00239181518554687
0.106224060058594 -0.0176239013671875 0.128921508789063 0.0125503540039062
0.0560455322265625 -0.0505218505859375 0.13763427734375 -0.0948104858398438
0.0209083557128906 -0.0657577514648438 0.05303955078125 -0.155654907226563
-0.0200309753417969 -0.05560302734375 -0.0592803955078125 -0.152694702148438
-0.0563011169433594 -0.0440444946289063 -0.117912292480469 -0.0857315063476562
-0.05755615234375 -0.0542755126953125 -0.0927352905273438 -0.0450820922851562
-0.0648956298828125 -0.0461654663085938 -0.0827102661132813 -0.0185470581054688
-0.0379104614257812 -0.0648841857910156 -0.0777359008789062 -0.00766754150390625
0.00141143798828126 -0.0898361206054688 -0.08648681640625 -0.00572204589843751
0.05950927734375 -0.0971908569335937 -0.116844177246094 -0.0454940795898437
0.146682739257813 -0.023162841796875 -0.0999908447265625 -0.0978851318359375
0.164276123046875 0.0479736328125 -0.10711669921875 -0.131690979003906
0.164947509765625 0.137237548828125 -0.0898361206054687 -0.129165649414062
0.140350341796875 0.1888427734375 0.0374908447265625 -0.120216369628906
0.14044189453125 0.114372253417969 0.0288257598876953 0.02813720703125
0.187789916992187 0.0115814208984375 0.14599609375 0.0397186279296875
0.120292663574219 -0.077423095703125 0.157821655273438 -0.0666046142578125
0.0493850708007813 -0.118278503417969 0.0786819458007813 -0.133087158203125
-0.0355453491210938 -0.102005004882813 -0.033935546875 -0.131080627441406
-0.0873489379882813 -0.0726394653320312 -0.0867385864257813 -0.066802978515625
-0.0876235961914062 -0.0821914672851563 -0.058807373046875 -0.0236930847167969
-0.102378845214844 -0.0688323974609375 -0.0507087707519531 0.00558853149414063
-0.0652313232421875 -0.0906600952148438 -0.0554656982421875 0.0260963439941406
-0.00966644287109376 -0.127029418945313 -0.0711746215820313 0.026611328125
0.0732650756835938 -0.131378173828125 -0.114082336425781 -0.0132980346679688
0.186981201171875 -0.0318756103515625 -0.104660034179687 -0.0661087036132812
0.193466186523438 0.06561279296875 -0.0888595581054687 -0.103294372558594
0.17510986328125 0.181167602539063 -0.054443359375 -0.0705184936523438
0.113052368164062 0.228775024414063 0.079010009765625 -0.0445709228515625
0.14178466796875 0.17291259765625 0.05828857421875 0.0722427368164063
0.232376098632813 0.0557098388671875 0.148666381835938 0.0732879638671875
0.1690673828125 -0.0769195556640625 0.163162231445313 -0.024383544921875
0.0780181884765625 -0.145706176757813 0.096588134765625 -0.0913162231445313
-0.0378875732421875 -0.132987976074219 -0.00477600097656249 -0.0927505493164063
-0.102638244628906 -0.0908889770507812 -0.045074462890625 -0.0392074584960938
-0.105110168457031 -0.0982818603515625 -0.0174551010131836 0.000913619995117179
-0.124732971191406 -0.0793914794921875 -0.00942230224609376 0.0307846069335937
-0.0845260620117187 -0.103004455566406 -0.0226783752441406 0.0598030090332031
-0.0222320556640625 -0.147171020507813 -0.0485343933105469 0.0579490661621094
0.0742340087890625 -0.148544311523438 -0.100814819335938 0.0181961059570312
0.202239990234375 -0.035125732421875 -0.0992965698242187 -0.0384521484375
0.19854736328125 0.0773468017578125 -0.059906005859375 -0.078399658203125
0.1605224609375 0.200653076171875 -0.0141143798828125 -0.00778198242187499
0.0663604736328125 0.223403930664063 0.109054565429688 0.04034423828125
0.109619140625 0.196502685546875 0.0807266235351563 0.120361328125
0.223495483398438 0.0929718017578125 0.135589599609375 0.103424072265625
0.181060791015625 -0.05511474609375 0.150619506835938 0.0210113525390625
0.0933380126953125 -0.141799926757813 0.100929260253906 -0.0416488647460938
-0.0326614379882813 -0.139259338378906 0.02215576171875 -0.0460052490234375
-0.100723266601563 -0.093597412109375 0.00112104415893554 -0.00767326354980469
-0.106590270996094 -0.0990982055664063 0.0261898040771484 0.0241928100585937
-0.128746032714844 -0.0802536010742188 0.0348625183105469 0.0540313720703125
-0.0903396606445312 -0.102607727050781 0.0129470825195312 0.0891036987304688
-0.0280303955078125 -0.148590087890625 -0.0239715576171875 0.0838546752929687
0.071990966796875 -0.145309448242188 -0.0841140747070313 0.0451126098632812
0.196487426757813 -0.0248260498046875 -0.0905380249023437 -0.015899658203125
0.1773681640625 0.0904693603515625 -0.0278701782226562 -0.0565757751464844
0.121978759765625 0.19793701171875 0.0224990844726563 0.0532608032226563
0.01226806640625 0.176544189453125 0.126220703125 0.115211486816406
0.056640625 0.173934936523438 0.0949249267578125 0.15936279296875
0.168777465820312 0.10406494140625 0.112190246582031 0.121932983398438
0.151931762695313 -0.0261993408203125 0.127609252929688 0.0562286376953125
0.0851058959960938 -0.110198974609375 0.0944366455078125 0.00354003906249999
-0.0242843627929687 -0.119544982910156 0.0444869995117188 -0.00135040283203126
-0.0848617553710937 -0.0800323486328125 0.0433158874511719 0.0200691223144531
-0.0923843383789062 -0.0848236083984375 0.0661163330078125 0.0427398681640625
-0.114273071289063 -0.0709915161132813 0.07611083984375 0.0728759765625
-0.0815277099609375 -0.0908889770507812 0.0457534790039062 0.113739013671875
-0.0231170654296875 -0.133232116699219 -0.00434875488281249 0.106414794921875
0.0691375732421875 -0.1241455078125 -0.0708084106445313 0.0667572021484375
0.172821044921875 -0.0039520263671875 -0.0835342407226562 0.000587463378906252
0.135429382324219 0.102119445800781 -0.000350952148437495 -0.0355911254882812
0.065673828125 0.1751708984375 0.0481033325195313 0.109100341796875
-0.0430908203125 0.0966262817382813 0.130340576171875 0.163818359375
-0.000152587890624988 0.116645812988281 0.10198974609375 0.179443359375
0.0882339477539063 0.086181640625 0.0911865234375 0.126594543457031
0.093719482421875 -0.00189208984375 0.108039855957031 0.0768966674804688
0.0573921203613281 -0.0640945434570313 0.0863800048828125 0.0333709716796875
-0.0140533447265625 -0.07879638671875 0.0615768432617188 0.0298805236816406
-0.0577125549316406 -0.05364990234375 0.0776443481445313 0.0388641357421875
-0.0642356872558594 -0.0577774047851563 0.0960617065429688 0.0549468994140625
-0.0833206176757813 -0.0535354614257813 0.108909606933594 0.0876388549804688
-0.0601577758789063 -0.069427490234375 0.0691070556640625 0.134185791015625
-0.013641357421875 -0.10296630859375 0.00611877441406251 0.127357482910156
0.0604629516601562 -0.0886001586914063 -0.065216064453125 0.085235595703125
0.131065368652344 0.0181655883789063 -0.0828704833984375 0.0114974975585938
0.0781173706054688 0.103187561035156 0.0158491134643555 -0.014404296875
-0.00081634521484374 0.129623413085938 0.0538787841796875 0.155166625976563
0.0589256286621094 -0.0505905151367188 -0.074615478515625 -0.1822509765625
-0.0209007263183594 -0.067657470703125 -0.0317878723144531 -0.00618171691894532
-0.0621070861816406 -0.0173797607421875 0.0943756103515625 -0.00579071044921875
-0.0428009033203125 0.0411949157714844 0.0998458862304688 -0.107528686523438
0.000900268554687498 0.0563926696777344 0.0169525146484375 -0.1549072265625
0.0380897521972656 0.0343399047851563 -0.0797119140625 -0.157608032226563
0.0313682556152344 0.0163536071777344 -0.139236450195313 -0.0984573364257812
0.0232620239257813 0.0202884674072266 -0.123176574707031 -0.0654754638671875
0.0208110809326172 0.0221519470214844 -0.105377197265625 -0.04522705078125
0.00388336181640625 0.0223026275634766 -0.0878829956054688 -0.0498733520507813
-0.0192317962646484 0.0102024078369141 -0.0951080322265625 -0.0483474731445313
-0.0334796905517578 -0.0256538391113281 -0.108451843261719 -0.08343505859375
0.0116233825683594 -0.0550613403320313 -0.084991455078125 -0.148651123046875
0.0676689147949219 -0.0461692810058594 -0.113128662109375 -0.184173583984375
0.0988845825195313 -0.020965576171875 -0.131576538085938 -0.200439453125
0.111366271972656 0.033294677734375 -0.04974365234375 -0.192855834960938
0.047698974609375 -0.0219345092773438 -0.0235671997070313 -0.0120506286621094
0.0176792144775391 -0.0268974304199219 0.1112060546875 -0.0020599365234375
-0.000173568725585938 -0.00707769393920898 0.118988037109375 -0.109718322753906
0.0046086311340332 -0.00326681137084961 0.032257080078125 -0.16510009765625
0.00606346130371094 -0.00904083251953125 -0.0777435302734375 -0.16455078125
-0.015960693359375 -0.0135498046875 -0.140090942382813 -0.0972061157226562
-0.020050048828125 -0.0195999145507812 -0.119033813476563 -0.0612335205078125
-0.0234317779541016 -0.0156612396240234 -0.104736328125 -0.0375518798828125
-0.0133934020996094 -0.0270156860351563 -0.0911331176757813 -0.03643798828125
0.000835418701171874 -0.0440406799316406 -0.0963363647460938 -0.0345611572265625
0.025604248046875 -0.0605583190917969 -0.116531372070312 -0.0719375610351563
0.0892257690429688 -0.0272445678710938 -0.0935745239257813 -0.129676818847656
0.121978759765625 0.0145492553710938 -0.116592407226562 -0.164718627929688
0.140670776367187 0.0716400146484375 -0.11846923828125 -0.179397583007812
0.143753051757813 0.12249755859375 -0.00979614257812498 -0.17462158203125
0.109153747558594 0.0443954467773437 -0.00190329551696777 0.000482439994812014
0.110946655273438 -0.0191421508789063 0.133331298828125 0.0129623413085938
0.0586128234863281 -0.052337646484375 0.14434814453125 -0.0980224609375
0.021636962890625 -0.0688362121582031 0.056396484375 -0.162109375
-0.0206985473632812 -0.0587043762207031 -0.0616302490234375 -0.158889770507813
-0.0595932006835937 -0.0458297729492188 -0.123207092285156 -0.0885238647460938
-0.0612945556640625 -0.0575065612792969 -0.097503662109375 -0.046142578125
-0.0682868957519531 -0.0479011535644531 -0.087310791015625 -0.0186920166015625
-0.0392227172851563 -0.0677833557128906 -0.0815963745117188 -0.00739288330078125
0.00188446044921875 -0.0943069458007813 -0.0912704467773437 -0.00605773925781252
0.0618820190429688 -0.10162353515625 -0.124359130859375 -0.046173095703125
0.154678344726563 -0.0241851806640625 -0.10498046875 -0.102249145507813
0.171432495117188 0.05096435546875 -0.111564636230469 -0.136978149414063
0.17156982421875 0.14263916015625 -0.0935821533203125 -0.134490966796875
0.144439697265625 0.196792602539063 0.0368499755859375 -0.122566223144531
0.146926879882813 0.11944580078125 0.0285110473632813 0.0309772491455078
0.195831298828125 0.01068115234375 0.150146484375 0.0412139892578125
0.124755859375 -0.0805206298828125 0.164505004882813 -0.06890869140625
0.0511627197265625 -0.124259948730469 0.0829620361328125 -0.138275146484375
-0.0366363525390625 -0.105911254882812 -0.0353775024414062 -0.135955810546875
-0.0909347534179688 -0.0748519897460938 -0.0907135009765625 -0.068206787109375
-0.0933380126953125 -0.0861587524414062 -0.0622787475585938 -0.0239334106445313
-0.107200622558594 -0.0707626342773438 -0.0541000366210938 0.00589752197265624
-0.06768798828125 -0.0944061279296875 -0.0578269958496094 0.0283660888671875
-0.00997924804687499 -0.132568359375 -0.0755767822265625 0.0285491943359375
0.0755538940429688 -0.1370849609375 -0.121322631835937 -0.01220703125
0.195770263671875 -0.0338592529296875 -0.109420776367187 -0.069549560546875
0.202072143554688 0.068389892578125 -0.0935134887695312 -0.107833862304688
0.183364868164063 0.188751220703125 -0.05718994140625 -0.0745925903320312
0.117431640625 0.238067626953125 0.0796279907226563 -0.043853759765625
0.148544311523438 0.180343627929687 0.0586471557617188 0.0781173706054688
0.241928100585938 0.0556640625 0.152252197265625 0.0763702392578125
0.175552368164063 -0.08026123046875 0.170074462890625 -0.0247650146484375
0.080657958984375 -0.15301513671875 0.101173400878906 -0.0950393676757813
-0.0397796630859375 -0.137649536132813 -0.00473022460937499 -0.0952072143554688
-0.10693359375 -0.0939712524414063 -0.0465278625488281 -0.0394744873046875
-0.111557006835938 -0.102195739746094 -0.0179042816162109 0.000648498535156243
-0.130195617675781 -0.0822525024414063 -0.00945472717285157 0.0317916870117187
-0.0880508422851563 -0.106605529785156 -0.0230026245117188 0.0628089904785156
-0.024078369140625 -0.152969360351563 -0.0516281127929687 0.0598373413085938
0.0764617919921875 -0.15484619140625 -0.107933044433594 0.0205535888671875
0.211471557617188 -0.0383453369140625 -0.103797912597656 -0.0409927368164063
0.2069091796875 0.0804443359375 -0.063385009765625 -0.0814132690429688
0.168701171875 0.207931518554688 -0.0150051116943359 -0.00916671752929686
0.06951904296875 0.232437133789062 0.110771179199219 0.0441055297851563
0.114532470703125 0.204788208007813 0.0818252563476563 0.127426147460938
0.232803344726563 0.0947265625 0.138221740722656 0.107704162597656
0.187820434570312 -0.0569610595703125 0.157318115234375 0.022186279296875
0.0958709716796875 -0.147567749023438 0.104949951171875 -0.0422439575195313
-0.0342559814453125 -0.144729614257813 0.0238227844238281 -0.0460891723632813
-0.105148315429688 -0.0963821411132812 0.00154733657836913 -0.00743818283081055
-0.111701965332031 -0.103073120117188 0.0273399353027344 0.0242290496826172
-0.13494873046875 -0.0821914672851562 0.0367889404296875 0.0556907653808594
-0.0942764282226563 -0.104949951171875 0.01519775390625 0.0932235717773438
-0.02978515625 -0.153030395507813 -0.025909423828125 0.0873184204101562
0.07421875 -0.15087890625 -0.0905914306640625 0.0482635498046875
0.204666137695313 -0.0279693603515625 -0.0945358276367187 -0.0185394287109375
0.1845703125 0.094207763671875 -0.0297203063964844 -0.0596656799316406
0.1287841796875 0.205322265625 0.0234527587890625 0.0536727905273438
0.01220703125 0.183425903320313 0.128814697265625 0.121635437011719
0.0602874755859375 0.18109130859375 0.09747314453125 0.167160034179688
0.175735473632812 0.106689453125 0.115242004394531 0.127708435058594
0.15777587890625 -0.027313232421875 0.132514953613281 0.059112548828125
0.0878448486328125 -0.115577697753906 0.0984344482421875 0.00450134277343749
-0.0257034301757813 -0.123779296875 0.0476875305175781 0.000183105468749992
-0.0883636474609375 -0.082366943359375 0.0463333129882812 0.0214080810546875
-0.097442626953125 -0.0877151489257813 0.0694007873535156 0.0434684753417969
-0.119194030761719 -0.0724029541015625 0.0807113647460937 0.0738449096679688
-0.0842361450195313 -0.0935745239257812 0.0492477416992187 0.118553161621094
-0.0252151489257813 -0.137161254882813 -0.00543975830078125 0.110877990722656
0.0700531005859375 -0.128562927246094 -0.0759048461914063 0.069610595703125
0.179946899414063 -0.006439208984375 -0.086822509765625 -0.000839233398437504
0.141845703125 0.106048583984375 -0.00164413452148436 -0.0383338928222656
0.0692901611328125 0.181442260742188 0.0496597290039063 0.111862182617188
-0.044921875 0.100341796875 0.133865356445312 0.17138671875
0.000213623046875003 0.120635986328125 0.104690551757812 0.18731689453125
0.09246826171875 0.0871124267578125 0.0933837890625 0.133705139160156
0.0967178344726563 -0.0024261474609375 0.112213134765625 0.0814132690429688
0.0590057373046875 -0.0666923522949219 0.0897979736328125 0.0353164672851562
-0.0159759521484375 -0.081756591796875 0.0654144287109375 0.0316200256347656
-0.0601921081542969 -0.054779052734375 0.082427978515625 0.0396881103515625
-0.0673751831054688 -0.0601577758789062 0.100692749023438 0.0556411743164063
-0.0871429443359375 -0.0539474487304687 0.114555358886719 0.0889892578125
-0.0623855590820313 -0.0703659057617188 0.0742874145507812 0.139366149902344
-0.0152359008789062 -0.105415344238281 0.00505828857421876 0.13226318359375
0.0619049072265625 -0.0917892456054688 -0.069732666015625 0.0891036987304687
0.135841369628906 0.0169754028320313 -0.0863571166992188 0.0108489990234375
0.0825881958007813 0.106124877929688 0.0147953033447266 -0.0170621871948242
-5.34057617187563E-05 0.134201049804688 0.055816650390625 0.159332275390625
0.0595932006835938 -0.0526351928710938 -0.082611083984375 -0.187301635742188
-0.0234146118164063 -0.0703048706054687 -0.033721923828125 -0.00382614135742188
-0.06597900390625 -0.01617431640625 0.0989837646484375 -0.0077972412109375
-0.042449951171875 0.04425048828125 0.102401733398437 -0.115447998046875
0.00356674194335938 0.0584678649902344 0.0150604248046875 -0.164215087890625
0.0398483276367188 0.0334739685058594 -0.0882110595703125 -0.164276123046875
0.0323333740234375 0.0154170989990234 -0.149703979492188 -0.098541259765625
0.0240211486816406 0.0197563171386719 -0.132720947265625 -0.06414794921875
0.0219230651855469 0.0226325988769531 -0.113250732421875 -0.0438690185546875
0.00511550903320313 0.0222282409667969 -0.0950698852539063 -0.0501708984375
-0.0193977355957031 0.0106678009033203 -0.101943969726563 -0.0484161376953125
-0.0345649719238281 -0.025390625 -0.116600036621094 -0.084808349609375
0.0109443664550781 -0.0562057495117188 -0.09210205078125 -0.153732299804688
0.0696601867675781 -0.0501174926757812 -0.122222900390625 -0.190536499023438
0.101799011230469 -0.0249099731445313 -0.142974853515625 -0.206298828125
0.117691040039063 0.0338287353515625 -0.0572967529296875 -0.197967529296875
0.0497245788574219 -0.0235748291015625 -0.0253143310546875 -0.00880813598632813
0.0187091827392578 -0.0287380218505859 0.116493225097656 -0.00424957275390625
0.000273704528808593 -0.00676679611206055 0.122444152832031 -0.117851257324219
0.00555229187011719 -0.00504350662231445 0.031158447265625 -0.174911499023438
0.00611686706542969 -0.0104684829711914 -0.08587646484375 -0.1712646484375
-0.0181732177734375 -0.0143508911132813 -0.150436401367188 -0.098052978515625
-0.0225429534912109 -0.0206699371337891 -0.128349304199219 -0.0594253540039063
-0.0252609252929687 -0.0168476104736328 -0.112678527832031 -0.0358505249023438
-0.0147666931152344 -0.0292015075683594 -0.0974884033203125 -0.0359725952148437
0.000270843505859372 -0.0467147827148438 -0.102920532226563 -0.0344161987304687
0.0260505676269531 -0.0633811950683594 -0.125038146972656 -0.072540283203125
0.0936050415039063 -0.0296707153320312 -0.101051330566406 -0.134239196777344
0.128921508789063 0.0130157470703125 -0.125747680664063 -0.169784545898437
0.1484375 0.0712432861328125 -0.128250122070313 -0.186569213867188
0.153076171875 0.125564575195313 -0.0154876708984375 -0.17999267578125
0.116241455078125 0.04461669921875 -0.0028691291809082 0.00288796424865723
0.116264343261719 -0.0234451293945313 0.138671875 0.0113449096679688
0.0612602233886719 -0.0562324523925781 0.148529052734375 -0.1065673828125
0.0213165283203125 -0.0733871459960938 0.0566864013671875 -0.171875
-0.0234870910644531 -0.0617179870605469 -0.068359375 -0.165817260742188
-0.0638389587402344 -0.0466537475585938 -0.13226318359375 -0.0884857177734375
-0.0675582885742188 -0.0586814880371094 -0.105735778808594 -0.0452499389648438
-0.0733489990234375 -0.0490188598632812 -0.0931930541992188 -0.0165557861328125
-0.0426483154296875 -0.0707473754882812 -0.0863494873046875 -0.00592803955078124
0.000320434570312507 -0.0994796752929687 -0.096954345703125 -0.00415039062499999
0.0625534057617188 -0.107894897460938 -0.133155822753906 -0.044525146484375
0.162887573242188 -0.0291748046875 -0.113250732421875 -0.105636596679688
0.181259155273438 0.049774169921875 -0.120658874511719 -0.140457153320313
0.185195922851563 0.145675659179688 -0.101509094238281 -0.138916015625
0.15594482421875 0.204299926757812 0.0339508056640625 -0.127143859863281
0.15850830078125 0.122772216796875 0.0292530059814453 0.0345916748046875
0.206008911132812 0.00531005859375 0.15582275390625 0.0396881103515625
0.129570007324219 -0.0871124267578125 0.171279907226563 -0.0760345458984375
0.04986572265625 -0.132400512695313 0.0853271484375 -0.147308349609375
-0.0410995483398438 -0.11138916015625 -0.03961181640625 -0.141998291015625
-0.0979385375976563 -0.076568603515625 -0.0970687866210938 -0.0680007934570312
-0.103248596191406 -0.0880279541015625 -0.0669975280761719 -0.0242156982421875
-0.114402770996094 -0.0711441040039062 -0.0566940307617188 0.00826263427734374
-0.0735702514648437 -0.09765625 -0.0601463317871094 0.0313453674316406
-0.0138931274414062 -0.139068603515625 -0.0795440673828125 0.03192138671875
0.07611083984375 -0.146270751953125 -0.130096435546875 -0.00896453857421874
0.20623779296875 -0.0410614013671875 -0.117416381835937 -0.07171630859375
0.214157104492188 0.0678253173828125 -0.10162353515625 -0.110580444335937
0.198211669921875 0.192733764648438 -0.0619049072265625 -0.0770034790039062
0.127655029296875 0.246780395507813 0.0803451538085938 -0.0453414916992187
0.161346435546875 0.186233520507812 0.0617446899414063 0.0825271606445313
0.256027221679688 0.0511932373046875 0.159149169921875 0.076995849609375
0.182266235351563 -0.088409423828125 0.178466796875 -0.030029296875
0.07989501953125 -0.163467407226563 0.105209350585938 -0.101814270019531
-0.0449981689453125 -0.144210815429688 -0.0055999755859375 -0.0994033813476563
-0.114067077636719 -0.0953598022460938 -0.04913330078125 -0.0391464233398438
-0.122245788574219 -0.104522705078125 -0.0197887420654297 0.00104904174804687
-0.139083862304688 -0.0814895629882813 -0.00953292846679688 0.0329856872558594
-0.0943984985351563 -0.109031677246094 -0.0223808288574219 0.067108154296875
-0.0290679931640625 -0.159194946289063 -0.0537261962890625 0.0650291442871094
0.075408935546875 -0.16448974609375 -0.115379333496094 0.0258865356445312
0.2220458984375 -0.0472259521484375 -0.111068725585937 -0.0410995483398438
0.219985961914063 0.0793304443359375 -0.0695877075195312 -0.085357666015625
0.184341430664063 0.213577270507813 -0.0162467956542969 -0.0101728439331055
0.0773162841796875 0.243850708007813 0.114776611328125 0.0457382202148438
0.126007080078125 0.211837768554688 0.08697509765625 0.134101867675781
0.247451782226563 0.092987060546875 0.145828247070313 0.110107421875
0.195953369140625 -0.0641937255859375 0.165054321289063 0.0200653076171875
0.096435546875 -0.158370971679688 0.110328674316406 -0.046661376953125
-0.0398101806640625 -0.150970458984375 0.0260429382324219 -0.0480804443359375
-0.112983703613281 -0.097442626953125 0.00249433517456054 -0.00621986389160157
-0.123260498046875 -0.1051025390625 0.0296154022216797 0.0237960815429687
-0.144119262695313 -0.0811920166015625 0.0404167175292969 0.056243896484375
-0.100242614746094 -0.107246398925781 0.0186920166015625 0.0971145629882813
-0.035125732421875 -0.159561157226563 -0.0265045166015625 0.0929107666015625
0.07293701171875 -0.160675048828125 -0.095611572265625 0.05340576171875
0.2149658203125 -0.03680419921875 -0.100532531738281 -0.0173797607421875
0.197006225585938 0.0935211181640625 -0.0337791442871094 -0.0626220703125
0.142166137695313 0.211532592773438 0.0258979797363281 0.054779052734375
0.0167388916015625 0.191909790039063 0.135871887207031 0.125968933105469
0.0681304931640625 0.188720703125 0.1036376953125 0.1749267578125
0.187545776367188 0.106048583984375 0.121307373046875 0.132118225097656
0.164276123046875 -0.03216552734375 0.141372680664063 0.059661865234375
0.0884323120117187 -0.124549865722656 0.104217529296875 0.00289154052734374
-0.0304946899414062 -0.128768920898437 0.0520744323730469 0.000236511230468742
-0.0949249267578125 -0.083251953125 0.0508346557617187 0.0211944580078125
-0.106239318847656 -0.0886611938476562 0.0744094848632813 0.041900634765625
-0.127876281738281 -0.071807861328125 0.087554931640625 0.0747146606445313
-0.0902862548828125 -0.0945053100585937 0.0558929443359375 0.122879028320313
-0.0295867919921875 -0.142379760742188 -0.004364013671875 0.116828918457031
0.069580078125 -0.136329650878906 -0.0803909301757813 0.0756759643554688
0.189208984375 -0.012908935546875 -0.0921783447265625 0.000213623046874997
0.151870727539063 0.10650634765625 -0.00395965576171874 -0.0415229797363281
0.078643798828125 0.187911987304688 0.0540390014648438 0.114364624023438
-0.0455474853515625 0.106498718261719 0.14239501953125 0.178070068359375
0.00331115722656251 0.126319885253906 0.112442016601563 0.195465087890625
0.0994338989257812 0.08837890625 0.10028076171875 0.139053344726563
0.101280212402344 -0.00445556640625 0.119636535644531 0.0830307006835937
0.0593032836914063 -0.0730361938476563 0.09521484375 0.0355072021484375
-0.0193634033203125 -0.0852432250976563 0.0714797973632812 0.0326995849609375
-0.0638961791992188 -0.0544357299804687 0.0878524780273438 0.0393524169921875
-0.0737075805664063 -0.060394287109375 0.108070373535156 0.0535659790039062
-0.092437744140625 -0.0532760620117188 0.123939514160156 0.0886764526367188
-0.0670623779296875 -0.0716171264648438 0.08221435546875 0.143966674804688
-0.0192108154296875 -0.109718322753906 0.00737762451171875 0.138931274414063
0.06134033203125 -0.0977401733398438 -0.0719528198242188 0.0951919555664062
0.143234252929688 0.01263427734375 -0.090972900390625 0.0121612548828125
0.0898895263671875 0.107948303222656 0.0147380828857422 -0.0199661254882812
0.00295257568359375 0.140045166015625 0.06121826171875 0.164871215820313
0.0595893859863281 -0.05615234375 -0.0941925048828125 -0.189346313476563
-0.0280838012695313 -0.0712127685546875 -0.0348072052001953 -0.000816345214843747
-0.0689659118652344 -0.0137939453125 0.102668762207031 -0.0114059448242187
-0.0407218933105469 0.0480766296386719 0.100959777832031 -0.123764038085937
0.00684356689453125 0.0592498779296875 0.00895690917968749 -0.171798706054688
0.0425033569335938 0.0319976806640625 -0.100128173828125 -0.167617797851563
0.0331573486328125 0.0136642456054688 -0.161468505859375 -0.094757080078125
0.0250968933105469 0.0186347961425781 -0.142196655273438 -0.058563232421875
0.0239276885986328 0.0212268829345703 -0.120468139648438 -0.03875732421875
0.00605964660644531 0.0208473205566406 -0.102333068847656 -0.0485687255859375
-0.0186901092529297 0.0110435485839844 -0.108879089355469 -0.045928955078125
-0.0366058349609375 -0.0242729187011719 -0.123847961425781 -0.0824966430664062
0.00970077514648438 -0.058197021484375 -0.101303100585937 -0.156173706054688
0.0697479248046875 -0.0550155639648438 -0.133026123046875 -0.192428588867188
0.103233337402344 -0.0298919677734375 -0.155593872070313 -0.209075927734375
0.123268127441406 0.0312423706054688 -0.068145751953125 -0.200546264648437
0.0510063171386719 -0.026092529296875 -0.0271320343017578 -0.00571823120117188
0.0178909301757813 -0.0305862426757813 0.120506286621094 -0.008514404296875
0.00130224227905273 -0.007537841796875 0.122543334960938 -0.126998901367188
0.00668716430664063 -0.00609731674194336 0.0251312255859375 -0.183990478515625
0.00500774383544922 -0.0125436782836914 -0.0971832275390625 -0.174880981445313
-0.0200634002685547 -0.0147533416748047 -0.161422729492188 -0.0935211181640625
-0.0257301330566406 -0.0207080841064453 -0.137954711914063 -0.05389404296875
-0.0273857116699219 -0.017059326171875 -0.11962890625 -0.0310516357421875
-0.0161914825439453 -0.0311737060546875 -0.10443115234375 -0.0327835083007812
-0.00188446044921875 -0.0493850708007813 -0.109268188476563 -0.0308914184570313
0.0244674682617188 -0.0668258666992187 -0.134162902832031 -0.0683059692382812
0.097259521484375 -0.0343780517578125 -0.110450744628906 -0.135902404785156
0.134017944335938 0.00807952880859375 -0.13702392578125 -0.171249389648437
0.157196044921875 0.068023681640625 -0.140457153320313 -0.1871337890625
0.164138793945313 0.1246337890625 -0.0247802734375 -0.182586669921875
0.123069763183594 0.0413818359375 -0.00395441055297851 0.00576019287109375
0.119766235351563 -0.0303268432617188 0.14312744140625 0.0073089599609375
0.0615348815917969 -0.0608673095703125 0.149765014648438 -0.117141723632813
0.0189285278320312 -0.0777816772460937 0.0521087646484375 -0.181564331054688
-0.0275306701660156 -0.0640640258789063 -0.0784759521484375 -0.169235229492188
-0.0687980651855469 -0.0461540222167969 -0.141815185546875 -0.084075927734375
-0.0747833251953125 -0.05743408203125 -0.113296508789062 -0.0414581298828125
-0.0792007446289063 -0.0476531982421875 -0.0987701416015625 -0.012176513671875
-0.04730224609375 -0.0723800659179688 -0.0909652709960937 -0.000854492187500001
-0.00384521484374999 -0.104194641113281 -0.102279663085937 0.000534057617187494
0.0605926513671875 -0.115463256835938 -0.142135620117188 -0.03857421875
0.168777465820313 -0.0378875732421875 -0.122505187988281 -0.105453491210938
0.190582275390625 0.0446319580078125 -0.131027221679688 -0.1407470703125
0.198410034179688 0.1422119140625 -0.111038208007813 -0.139877319335938
0.171356201171875 0.205307006835938 0.0282516479492188 -0.12872314453125
0.17071533203125 0.120361328125 0.0301246643066406 0.037750244140625
0.214218139648438 -0.0055999755859375 0.161941528320313 0.0355377197265625
0.131179809570313 -0.0963973999023437 0.173904418945313 -0.086669921875
0.0449447631835938 -0.140304565429688 0.0826416015625 -0.157424926757813
-0.0478744506835937 -0.11358642578125 -0.0470733642578125 -0.145477294921875
-0.10528564453125 -0.0748825073242188 -0.103187561035156 -0.06488037109375
-0.11285400390625 -0.0861740112304688 -0.0717239379882813 -0.0211639404296875
-0.122245788574219 -0.06842041015625 -0.0592880249023438 0.0113029479980469
-0.0802536010742187 -0.0986709594726563 -0.0609626770019531 0.0360488891601562
-0.020233154296875 -0.144393920898438 -0.0826034545898438 0.0369415283203125
0.0716094970703125 -0.155593872070313 -0.138275146484375 -0.00075531005859379
0.213760375976563 -0.05352783203125 -0.126129150390625 -0.0709304809570313
0.225936889648438 0.060760498046875 -0.110733032226563 -0.110458374023437
0.21600341796875 0.190841674804688 -0.0678253173828125 -0.0777359008789062
0.144027709960938 0.252273559570313 0.079315185546875 -0.0471420288085937
0.1763916015625 0.186386108398438 0.0657501220703125 0.0851516723632813
0.268661499023438 0.0398101806640625 0.16680908203125 0.0741729736328125
0.185546875 -0.099853515625 0.18280029296875 -0.039031982421875
0.074981689453125 -0.173995971679688 0.105255126953125 -0.110740661621094
-0.053070068359375 -0.147628784179688 -0.00935363769531249 -0.102828979492188
-0.123283386230469 -0.09295654296875 -0.0528411865234375 -0.0373268127441406
-0.134330749511719 -0.101898193359375 -0.0209922790527344 0.00150871276855468
-0.148788452148438 -0.0774688720703125 -0.0082225799560547 0.03497314453125
-0.103080749511719 -0.108749389648438 -0.0196762084960938 0.0709228515625
-0.0374755859375 -0.163558959960938 -0.0550308227539063 0.0705718994140625
0.0704498291015625 -0.1749267578125 -0.121009826660156 0.0335769653320312
0.2288818359375 -0.0615692138671875 -0.118583679199219 -0.0393600463867188
0.23187255859375 0.072235107421875 -0.07672119140625 -0.0856857299804688
0.201934814453125 0.212783813476563 -0.0181827545166015 -0.0109004974365234
0.0918121337890625 0.250442504882813 0.119583129882813 0.0454635620117188
0.140792846679688 0.214401245117188 0.0942840576171875 0.137245178222656
0.261016845703125 0.0826416015625 0.153671264648438 0.109054565429687
0.199813842773438 -0.075653076171875 0.171646118164063 0.0140228271484375
0.0919952392578125 -0.169891357421875 0.113471984863281 -0.0536346435546875
-0.04827880859375 -0.154739379882813 0.0263137817382813 -0.0501441955566406
-0.121681213378906 -0.0952682495117187 0.00301122665405273 -0.00709056854248048
-0.134513854980469 -0.102020263671875 0.0322837829589844 0.0227813720703125
-0.153884887695312 -0.07696533203125 0.0453262329101562 0.0555763244628906
-0.1087646484375 -0.106216430664062 0.02484130859375 0.100189208984375
-0.0440521240234375 -0.162872314453125 -0.0241546630859375 0.0978622436523438
0.0677032470703125 -0.169692993164063 -0.0990066528320312 0.0616912841796875
0.221633911132813 -0.0498504638671875 -0.10614013671875 -0.014923095703125
0.209121704101563 0.0874176025390625 -0.0390090942382812 -0.06573486328125
0.158737182617188 0.212203979492188 0.0280723571777344 0.054595947265625
0.0259857177734375 0.199249267578125 0.14434814453125 0.127731323242188
0.0794525146484375 0.1922607421875 0.112152099609375 0.178436279296875
0.200180053710937 0.0999755859375 0.12994384765625 0.133049011230469
0.169418334960938 -0.0409088134765625 0.148422241210938 0.0560150146484375
0.0849151611328125 -0.133964538574219 0.10919189453125 -0.000755310058593758
-0.0381393432617187 -0.132591247558594 0.0560150146484375 -0.00128555297851563
-0.10198974609375 -0.080810546875 0.0544967651367187 0.0198707580566406
-0.116737365722656 -0.0860519409179687 0.079803466796875 0.039154052734375
-0.135826110839844 -0.06732177734375 0.0949172973632812 0.0720977783203125
-0.0976181030273437 -0.0936050415039063 0.0645217895507813 0.124542236328125
-0.03851318359375 -0.144088745117187 -0.000404357910156252 0.121932983398437
0.0648040771484375 -0.144393920898438 -0.081573486328125 0.08355712890625
0.195541381835937 -0.02423095703125 -0.0965652465820312 0.00312042236328126
0.163238525390625 0.102920532226562 -0.00759887695312499 -0.0450630187988281
0.0905303955078125 0.190292358398438 0.06005859375 0.115150451660156
-0.0418853759765625 0.112655639648437 0.153427124023438 0.180038452148438
0.00995635986328126 0.130645751953125 0.123519897460938 0.198455810546875
0.107231140136719 0.08538818359375 0.1085205078125 0.141372680664063
0.105033874511719 -0.00981903076171875 0.128005981445313 0.080780029296875
0.0568618774414063 -0.0784454345703125 0.101387023925781 0.0338134765625
-0.024871826171875 -0.0875396728515625 0.0775604248046875 0.0317840576171875
-0.0683403015136719 -0.0519180297851563 0.094451904296875 0.0363006591796875
-0.0802459716796875 -0.0575714111328125 0.115440368652344 0.0485458374023437
-0.0988845825195313 -0.0493621826171875 0.133773803710938 0.0843582153320313
-0.0721511840820313 -0.0710983276367188 0.09332275390625 0.14404296875
-0.0250167846679687 -0.110893249511719 0.0129547119140625 0.144088745117188
0.057220458984375 -0.103538513183594 -0.0722122192382813 0.102500915527344
0.14849853515625 0.0045166015625 -0.0941009521484375 0.0156478881835938
0.0982208251953125 0.106124877929688 0.0125274658203125 -0.0231094360351562
0.00968933105468751 0.143112182617188 0.0704498291015625 0.166534423828125
0.0580482482910156 -0.0582122802734375 -0.103057861328125 -0.186431884765625
-0.031951904296875 -0.0698013305664062 -0.035400390625 0.0026702880859375
-0.0706787109375 -0.0105056762695313 0.104728698730469 -0.014984130859375
-0.0373802185058594 0.0502166748046875 0.0982818603515625 -0.130455017089844
0.0107192993164062 0.0592803955078125 0.00146484375 -0.175827026367188
0.0432510375976563 0.0289764404296875 -0.109954833984375 -0.166152954101563
0.0331993103027344 0.0114421844482422 -0.1695556640625 -0.0874786376953125
0.0260868072509766 0.0176010131835938 -0.1485595703125 -0.050445556640625
0.0247154235839844 0.0193843841552734 -0.124649047851563 -0.03228759765625
0.00768470764160156 0.0193557739257813 -0.1083984375 -0.0447845458984375
-0.0185928344726563 0.0111103057861328 -0.11395263671875 -0.0425567626953125
-0.0379180908203125 -0.0220108032226563 -0.129905700683594 -0.0783004760742188
0.00783538818359375 -0.0582962036132813 -0.1092529296875 -0.154586791992188
0.0682830810546875 -0.0594711303710937 -0.142562866210938 -0.189483642578125
0.101921081542969 -0.0351409912109375 -0.165390014648438 -0.205291748046875
0.126678466796875 0.0272293090820313 -0.0782470703125 -0.197967529296875
0.050537109375 -0.0284957885742188 -0.0274143218994141 -0.00223159790039062
0.0170803070068359 -0.0324420928955078 0.122245788574219 -0.0123748779296875
0.00212383270263672 -0.00772190093994141 0.118606567382813 -0.134841918945313
0.00640487670898437 -0.00683832168579101 0.0184478759765625 -0.18927001953125
0.00413990020751953 -0.0139694213867187 -0.107284545898438 -0.173934936523438
-0.0215225219726563 -0.0146255493164062 -0.169723510742187 -0.0869140625
-0.0282669067382813 -0.0202960968017578 -0.144439697265625 -0.046844482421875
-0.0292396545410156 -0.0164756774902344 -0.124183654785156 -0.0243606567382813
-0.0179405212402344 -0.0323009490966797 -0.108657836914063 -0.0286788940429687
-0.00334930419921875 -0.051605224609375 -0.113883972167969 -0.0265426635742187
0.0224494934082031 -0.0688133239746094 -0.139968872070313 -0.0631103515625
0.0985336303710937 -0.0398483276367187 -0.117286682128906 -0.133628845214844
0.136421203613281 0.0022430419921875 -0.145553588867188 -0.167755126953125
0.161346435546875 0.0621337890625 -0.149688720703125 -0.18450927734375
0.172866821289063 0.12017822265625 -0.0338287353515625 -0.181198120117188
0.127433776855469 0.0367050170898438 -0.00461864471435546 0.00937175750732422
0.120109558105469 -0.0365982055664063 0.145004272460938 0.0021820068359375
0.0608177185058594 -0.0641021728515625 0.147109985351563 -0.124801635742188
0.0152053833007812 -0.0806503295898438 0.045654296875 -0.188262939453125
-0.0311698913574219 -0.0645217895507813 -0.08746337890625 -0.16876220703125
-0.0723190307617188 -0.0438613891601563 -0.14794921875 -0.0776519775390625
-0.080169677734375 -0.054473876953125 -0.118064880371094 -0.0348587036132812
-0.0833969116210937 -0.0448379516601563 -0.101974487304688 -0.00639343261718751
-0.051025390625 -0.0724105834960937 -0.0932388305664063 0.00284576416015623
-0.00851440429687499 -0.106681823730469 -0.104881286621094 0.005126953125
0.0563888549804688 -0.119888305664062 -0.147537231445313 -0.031646728515625
0.171188354492188 -0.0472564697265625 -0.129180908203125 -0.103042602539062
0.195709228515625 0.0367889404296875 -0.139297485351562 -0.13751220703125
0.208099365234375 0.135650634765625 -0.118881225585937 -0.137077331542969
0.183151245117187 0.201797485351562 0.0220718383789063 -0.129325866699219
0.179443359375 0.114974975585938 0.0315589904785156 0.0403289794921875
0.218032836914063 -0.015838623046875 0.164993286132813 0.0306243896484375
0.129226684570313 -0.103691101074219 0.1728515625 -0.095458984375
0.0392913818359375 -0.14501953125 0.0785064697265625 -0.164703369140625
-0.0537948608398438 -0.113723754882812 -0.0535888671875 -0.1461181640625
-0.110481262207031 -0.0707015991210937 -0.107154846191406 -0.05963134765625
-0.120628356933594 -0.08197021484375 -0.0746231079101563 -0.0170135498046875
-0.128608703613281 -0.0626602172851563 -0.0608673095703125 0.0148391723632813
-0.0853652954101562 -0.0967636108398438 -0.0606346130371094 0.03961181640625
-0.027557373046875 -0.146011352539063 -0.0839004516601563 0.0415496826171875
0.06561279296875 -0.161941528320312 -0.142410278320312 0.00686645507812501
0.214736938476563 -0.066741943359375 -0.131790161132813 -0.06768798828125
0.232925415039063 0.0515289306640625 -0.116950988769531 -0.108497619628906
0.228118896484375 0.183441162109375 -0.0717926025390625 -0.0764007568359375
0.1580810546875 0.251068115234375 0.0770721435546875 -0.0481033325195312
0.18865966796875 0.181625366210938 0.0695266723632813 0.087127685546875
0.27532958984375 0.026519775390625 0.170547485351563 0.069000244140625
0.183929443359375 -0.110000610351563 0.1837158203125 -0.0472869873046875
0.067596435546875 -0.18115234375 0.103607177734375 -0.117607116699219
-0.0614471435546875 -0.147476196289063 -0.0129470825195313 -0.104209899902344
-0.129417419433594 -0.08856201171875 -0.0537757873535156 -0.0348777770996094
-0.143280029296875 -0.09613037109375 -0.0212535858154297 0.00189018249511718
-0.1563720703125 -0.070526123046875 -0.00720977783203126 0.036041259765625
-0.10882568359375 -0.105628967285156 -0.0160598754882813 0.07232666015625
-0.0457611083984375 -0.163818359375 -0.0536270141601562 0.0749282836914063
0.0630645751953125 -0.181228637695313 -0.123146057128906 0.0421676635742187
0.230239868164062 -0.0748443603515625 -0.122909545898438 -0.035552978515625
0.239852905273438 0.0627899169921875 -0.0824508666992187 -0.084503173828125
0.215621948242188 0.205902099609375 -0.0190811157226562 -0.0108070373535156
0.104415893554688 0.251083374023438 0.12188720703125 0.0441741943359375
0.153656005859375 0.211029052734375 0.10003662109375 0.137504577636719
0.269744873046875 0.0704498291015625 0.1590576171875 0.105926513671875
0.200714111328125 -0.0860595703125 0.174545288085938 0.00697326660156249
0.084686279296875 -0.177383422851563 0.113288879394531 -0.0591964721679688
-0.056365966796875 -0.155029296875 0.026092529296875 -0.0517539978027344
-0.127021789550781 -0.0910873413085937 0.00460004806518554 -0.00629901885986329
-0.14361572265625 -0.095733642578125 0.0331497192382812 0.0209159851074219
-0.160263061523437 -0.06903076171875 0.0484733581542969 0.0531654357910156
-0.115203857421875 -0.102180480957031 0.030914306640625 0.1002197265625
-0.0526885986328125 -0.162384033203125 -0.0216522216796875 0.101455688476563
0.0600128173828125 -0.175643920898438 -0.0998458862304688 0.0690383911132812
0.222579956054688 -0.0633544921875 -0.109031677246094 -0.0116424560546875
0.216598510742188 0.0787811279296875 -0.0434455871582031 -0.0662574768066406
0.170639038085937 0.20635986328125 0.0305023193359375 0.0529556274414063
0.0359649658203125 0.201950073242188 0.150283813476563 0.125411987304688
0.0897369384765625 0.191116333007813 0.12103271484375 0.177627563476563
0.208145141601563 0.08990478515625 0.136161804199219 0.130424499511719
0.17022705078125 -0.0494384765625 0.152587890625 0.0505218505859375
0.0792083740234375 -0.140045166015625 0.11151123046875 -0.00529479980468751
-0.0454330444335938 -0.132713317871094 0.0588111877441406 -0.00363540649414063
-0.106300354003906 -0.0763092041015625 0.0583381652832031 0.0176544189453125
-0.123397827148437 -0.0806503295898438 0.0826263427734375 0.034088134765625
-0.142227172851562 -0.05987548828125 0.099761962890625 0.06707763671875
-0.103302001953125 -0.08990478515625 0.0727920532226563 0.122268676757812
-0.0460357666015625 -0.144195556640625 0.00384521484375001 0.124763488769531
0.0586090087890625 -0.149078369140625 -0.0803604125976563 0.0902252197265625
0.197006225585938 -0.0354766845703125 -0.0982208251953125 0.00676727294921874
0.17071533203125 0.0955810546875 -0.0106124877929687 -0.0468254089355469
0.101226806640625 0.188018798828125 0.0651397705078125 0.113311767578125
-0.0370712280273437 0.1165771484375 0.162155151367188 0.178115844726563
0.0162429809570312 0.131645202636719 0.132949829101563 0.19671630859375
0.11346435546875 0.0801162719726563 0.115158081054688 0.1400146484375
0.106483459472656 -0.014404296875 0.133743286132813 0.0774688720703125
0.0531005859375 -0.0825424194335938 0.105438232421875 0.0299301147460937
-0.0299530029296875 -0.0868453979492188 0.08270263671875 0.0291595458984375
-0.0711822509765625 -0.0488967895507812 0.0993423461914063 0.0320663452148438
-0.0853118896484375 -0.05364990234375 0.11956787109375 0.0421600341796875
-0.102874755859375 -0.0431137084960938 0.139808654785156 0.077911376953125
-0.076080322265625 -0.06756591796875 0.103317260742188 0.140701293945313
-0.0307998657226562 -0.110511779785156 0.01934814453125 0.146926879882813
0.0531082153320313 -0.106727600097656 -0.070068359375 0.108154296875
0.151016235351563 -0.0037841796875 -0.0952682495117187 0.0188827514648437
0.105400085449219 0.102493286132812 0.0102691650390625 -0.0264759063720703
0.0170440673828125 0.1451416015625 0.0778961181640625 0.164230346679688
0.0574913024902344 -0.0598640441894531 -0.108367919921875 -0.183212280273438
-0.0348777770996094 -0.0686225891113281 -0.0352935791015625 0.00539398193359374
-0.0716629028320312 -0.00783538818359376 0.105796813964844 -0.0166702270507813
-0.0348167419433594 0.0504875183105469 0.0958480834960938 -0.133583068847656
0.0127487182617188 0.0587196350097656 -0.00254821777343749 -0.178359985351563
0.0437889099121094 0.0267982482910156 -0.116607666015625 -0.164657592773438
0.0323333740234375 0.00971603393554688 -0.17449951171875 -0.0814971923828125
0.0265159606933594 0.0161991119384766 -0.151473999023437 -0.0442962646484375
0.0247039794921875 0.0177116394042969 -0.12664794921875 -0.0272674560546875
0.00774574279785156 0.0173664093017578 -0.111831665039063 -0.0424728393554687
-0.0181083679199219 0.0107040405273437 -0.117294311523438 -0.0397796630859375
-0.0383033752441406 -0.0202598571777344 -0.132102966308594 -0.0753402709960938
0.007110595703125 -0.0588302612304688 -0.112197875976562 -0.153915405273438
0.0664024353027344 -0.0620269775390625 -0.147430419921875 -0.186325073242188
0.100364685058594 -0.0374832153320313 -0.169448852539063 -0.203201293945313
0.128654479980469 0.0242996215820312 -0.083343505859375 -0.195556640625
0.0501289367675781 -0.0295906066894531 -0.0276126861572266 0.00101089477539063
0.0162086486816406 -0.0329875946044922 0.122932434082031 -0.0142135620117188
0.0031428337097168 -0.00790834426879883 0.116226196289063 -0.138420104980469
0.00702905654907227 -0.00824928283691406 0.01336669921875 -0.19219970703125
0.00370979309082031 -0.0150203704833984 -0.11358642578125 -0.17242431640625
-0.0231571197509766 -0.0145225524902344 -0.173568725585938 -0.080810546875
-0.0307407379150391 -0.0198173522949219 -0.146774291992188 -0.0409088134765625
-0.0308189392089844 -0.0160884857177734 -0.126121520996094 -0.0193023681640625
-0.0188922882080078 -0.0338649749755859 -0.111572265625 -0.0257034301757813
-0.00451278686523437 -0.0531005859375 -0.116943359375 -0.0242996215820313
0.021209716796875 -0.0694580078125 -0.143173217773438 -0.0593414306640625
0.0989837646484375 -0.0427398681640625 -0.121490478515625 -0.133094787597656
0.136520385742187 -0.0009918212890625 -0.150039672851563 -0.1646728515625
0.163925170898437 0.058135986328125 -0.154129028320313 -0.181381225585938
0.17681884765625 0.116867065429687 -0.038665771484375 -0.179061889648438
0.1292724609375 0.0338897705078125 -0.00419998168945312 0.0127906799316406
0.120735168457031 -0.0413055419921875 0.145309448242188 0.000228881835937498
0.0602493286132813 -0.066650390625 0.144866943359375 -0.12921142578125
0.0132904052734375 -0.0825729370117188 0.041900634765625 -0.192230224609375
-0.0326118469238281 -0.0643730163574219 -0.0929107666015625 -0.167953491210938
-0.0744857788085938 -0.0422821044921875 -0.151046752929688 -0.072784423828125
-0.08441162109375 -0.0528030395507813 -0.120452880859375 -0.0304107666015625
-0.086212158203125 -0.042816162109375 -0.103263854980469 -0.00198364257812503
-0.0536880493164062 -0.0727157592773438 -0.0943832397460937 0.00598144531250001
-0.0109939575195313 -0.1087646484375 -0.107414245605469 0.00809478759765625
0.053802490234375 -0.122657775878906 -0.150741577148438 -0.0267181396484375
0.172210693359375 -0.0530853271484375 -0.132225036621094 -0.101066589355469
0.198333740234375 0.0317840576171875 -0.143264770507813 -0.134567260742188
0.21221923828125 0.130630493164063 -0.122421264648437 -0.134780883789063
0.190582275390625 0.199111938476562 0.0182952880859375 -0.127204895019531
0.184799194335938 0.11065673828125 0.0322456359863281 0.0430908203125
0.21923828125 -0.0236053466796875 0.16552734375 0.028839111328125
0.127922058105469 -0.107521057128906 0.171646118164063 -0.100234985351562
0.03497314453125 -0.148727416992188 0.0754852294921875 -0.168777465820312
-0.0573501586914062 -0.113426208496094 -0.0578460693359375 -0.146270751953125
-0.113433837890625 -0.0678024291992187 -0.108726501464844 -0.0563812255859375
-0.12603759765625 -0.0777053833007813 -0.0764846801757813 -0.0148773193359375
-0.131454467773438 -0.0589828491210938 -0.0607261657714844 0.0179405212402344
-0.08831787109375 -0.0955734252929687 -0.05987548828125 0.0412864685058594
-0.0316314697265625 -0.147018432617188 -0.0843124389648438 0.0449066162109375
0.0621337890625 -0.165283203125 -0.14422607421875 0.012969970703125
0.214614868164063 -0.074188232421875 -0.135055541992188 -0.0651702880859375
0.235733032226563 0.0458221435546875 -0.120895385742188 -0.106681823730469
0.2353515625 0.177581787109375 -0.0749053955078125 -0.0753860473632812
0.166046142578125 0.248809814453125 0.0755462646484375 -0.0472946166992187
0.195846557617188 0.177001953125 0.0711212158203125 0.0887451171875
0.27789306640625 0.0169830322265625 0.171783447265625 0.0665283203125
0.18292236328125 -0.115554809570313 0.1832275390625 -0.0518341064453125
0.0619354248046875 -0.185455322265625 0.101844787597656 -0.122383117675781
-0.0655975341796875 -0.146759033203125 -0.0142364501953125 -0.104911804199219
-0.132858276367188 -0.085174560546875 -0.0531539916992188 -0.0325126647949219
-0.148910522460938 -0.09112548828125 -0.0218544006347656 0.00323486328124999
-0.159896850585938 -0.0647735595703125 -0.00690841674804688 0.0368156433105469
-0.111915588378906 -0.102813720703125 -0.013397216796875 0.0734405517578125
-0.0501708984375 -0.163833618164063 -0.052947998046875 0.0769577026367187
0.058807373046875 -0.183944702148438 -0.124771118164062 0.0479583740234375
0.229522705078125 -0.0830230712890625 -0.125694274902344 -0.0343170166015625
0.242782592773438 0.056304931640625 -0.0856552124023437 -0.0842132568359375
0.222564697265625 0.201522827148437 -0.0195903778076172 -0.0108871459960937
0.112777709960937 0.25079345703125 0.122611999511719 0.0449447631835938
0.1611328125 0.207626342773438 0.102264404296875 0.138824462890625
0.273330688476563 0.0607147216796875 0.160125732421875 0.103363037109375
0.1990966796875 -0.092315673828125 0.17529296875 0.00253295898437499
0.079071044921875 -0.18157958984375 0.114326477050781 -0.0630645751953125
-0.0612640380859375 -0.153366088867188 0.02703857421875 -0.0527992248535156
-0.129638671875 -0.0876998901367187 0.00632572174072265 -0.00587797164916993
-0.149002075195313 -0.090850830078125 0.0341758728027344 0.0189990997314453
-0.163818359375 -0.063232421875 0.0501289367675781 0.0520553588867188
-0.118087768554688 -0.0986709594726562 0.0349807739257813 0.0986785888671875
-0.0572052001953125 -0.161636352539063 -0.0197677612304688 0.103599548339844
0.0557098388671875 -0.178604125976563 -0.0998077392578125 0.0740432739257812
0.221542358398437 -0.07208251953125 -0.111030578613281 -0.0101547241210938
0.220870971679687 0.0729217529296875 -0.0473251342773437 -0.0664520263671875
0.178115844726563 0.203216552734375 0.0315208435058594 0.0521087646484375
0.042449951171875 0.202896118164062 0.153427124023438 0.124771118164063
0.096221923828125 0.1888427734375 0.124969482421875 0.178176879882813
0.212158203125 0.0822296142578125 0.138694763183594 0.1292724609375
0.169906616210938 -0.0546112060546875 0.1546630859375 0.0477142333984375
0.074859619140625 -0.143844604492187 0.113388061523438 -0.00845336914062501
-0.0496826171875 -0.130943298339844 0.0610542297363281 -0.00486755371093751
-0.108345031738281 -0.07373046875 0.0609703063964844 0.0159034729003906
-0.127250671386719 -0.0762405395507813 0.0840530395507812 0.0308990478515625
-0.144393920898438 -0.0545196533203125 0.102302551269531 0.0633316040039063
-0.105224609375 -0.086639404296875 0.0777130126953125 0.120399475097656
-0.04986572265625 -0.142791748046875 0.00631713867187499 0.126792907714844
0.054290771484375 -0.150802612304687 -0.0797195434570313 0.0939407348632812
0.196243286132813 -0.0432281494140625 -0.0994186401367187 0.00786590576171876
0.173995971679688 0.0910186767578125 -0.0138435363769531 -0.0488166809082031
0.106887817382812 0.18609619140625 0.0672988891601562 0.110618591308594
-0.0330276489257813 0.119354248046875 0.166030883789063 0.177902221679688
0.0201950073242187 0.130874633789063 0.138076782226562 0.19647216796875
0.116188049316406 0.074981689453125 0.11883544921875 0.138618469238281
0.105888366699219 -0.0180587768554688 0.1357421875 0.0747222900390625
0.0507736206054688 -0.0850753784179688 0.107612609863281 0.0283126831054687
-0.03302001953125 -0.0859832763671875 0.0866622924804687 0.0271987915039062
-0.0717620849609375 -0.0462188720703125 0.102165222167969 0.0289840698242187
-0.0874862670898438 -0.049652099609375 0.121925354003906 0.0374603271484375
-0.104454040527344 -0.0391998291015625 0.14276123046875 0.0722503662109375
-0.0776519775390625 -0.0649337768554688 0.108894348144531 0.138374328613281
-0.0344696044921875 -0.109207153320313 0.0218963623046875 0.148162841796875
0.0494003295898438 -0.108596801757813 -0.0682296752929688 0.111305236816406
0.151046752929688 -0.009918212890625 -0.095733642578125 0.0205459594726563
0.10833740234375 0.0987930297851563 0.00814628601074219 -0.0282135009765625
0.0207672119140625 0.144805908203125 0.0805511474609375 0.1622314453125
0.0580711364746094 -0.0603790283203125 -0.111557006835938 -0.183990478515625
-0.0365142822265625 -0.0684242248535156 -0.0347728729248047 0.00782203674316406
-0.07220458984375 -0.0066070556640625 0.108573913574219 -0.0168304443359375
-0.03363037109375 0.0511627197265625 0.0969390869140625 -0.136848449707031
0.0145034790039063 0.0587844848632812 -0.00375366210937502 -0.182907104492188
0.0440139770507812 0.0256843566894531 -0.1209716796875 -0.166473388671875
0.0323963165283203 0.00939750671386719 -0.178909301757813 -0.0792694091796875
0.0261783599853516 0.0161914825439453 -0.15557861328125 -0.040771484375
0.0245532989501953 0.0169849395751953 -0.129241943359375 -0.0260086059570313
0.00700664520263672 0.0161733627319336 -0.116561889648437 -0.0419082641601562
-0.0175065994262695 0.0100336074829102 -0.121208190917969 -0.0394821166992187
-0.0380744934082031 -0.0193061828613281 -0.135025024414063 -0.07672119140625
0.00713729858398437 -0.0591773986816406 -0.114089965820312 -0.155349731445313
0.0653266906738281 -0.0634040832519531 -0.1497802734375 -0.188934326171875
0.100738525390625 -0.0379409790039063 -0.171417236328125 -0.2056884765625
0.13153076171875 0.0241165161132813 -0.0854034423828125 -0.195846557617188
0.0502548217773438 -0.0296974182128906 -0.0273628234863281 0.00386238098144531
0.0168571472167969 -0.0335502624511719 0.125106811523438 -0.014129638671875
0.00477981567382812 -0.008636474609375 0.117630004882812 -0.1414794921875
0.00679111480712891 -0.00903415679931641 0.01275634765625 -0.196685791015625
0.00266075134277344 -0.0162410736083984 -0.117630004882813 -0.174835205078125
-0.0243148803710937 -0.0152301788330078 -0.17803955078125 -0.0791473388671875
-0.0320949554443359 -0.0195198059082031 -0.150527954101563 -0.036590576171875
-0.0324211120605469 -0.0171222686767578 -0.128631591796875 -0.0172805786132812
-0.0201568603515625 -0.035308837890625 -0.115402221679688 -0.0251693725585937
-0.00495529174804688 -0.0555763244628906 -0.12078857421875 -0.0230255126953125
0.0215072631835938 -0.0704574584960938 -0.145553588867188 -0.0584716796875
0.100616455078125 -0.0446701049804688 -0.123519897460937 -0.135063171386719
0.138816833496094 -0.00200653076171875 -0.152313232421875 -0.165756225585938
0.165679931640625 0.0579071044921875 -0.156051635742187 -0.183486938476563
0.181488037109375 0.117279052734375 -0.0406494140625 -0.178939819335938
0.132225036621094 0.0331268310546875 -0.00363159179687499 0.0161237716674805
0.122283935546875 -0.0437774658203125 0.1484375 0.000808715820312497
0.0619773864746094 -0.0683708190917969 0.1461181640625 -0.132568359375
0.0127029418945312 -0.0840835571289063 0.041015625 -0.196533203125
-0.0341110229492188 -0.06585693359375 -0.0968170166015625 -0.170440673828125
-0.0766677856445313 -0.042236328125 -0.1544189453125 -0.0712738037109375
-0.087677001953125 -0.05145263671875 -0.123367309570313 -0.0278472900390625
-0.0887222290039063 -0.0429000854492187 -0.105567932128906 -0.000137329101562516
-0.0552520751953125 -0.0740203857421875 -0.0968093872070313 0.00708007812499997
-0.01251220703125 -0.111434936523437 -0.110679626464844 0.00996398925781251
0.05377197265625 -0.125396728515625 -0.154266357421875 -0.024078369140625
0.174942016601563 -0.0569915771484375 -0.135238647460938 -0.103729248046875
0.201248168945313 0.0309600830078125 -0.146163940429687 -0.135940551757813
0.216827392578125 0.13116455078125 -0.123619079589844 -0.136825561523438
0.195953369140625 0.200271606445313 0.0174942016601563 -0.12652587890625
0.1888427734375 0.110366821289062 0.0328140258789063 0.0471305847167969
0.222320556640625 -0.0283203125 0.166976928710938 0.0299224853515625
0.130081176757813 -0.111213684082031 0.173110961914063 -0.102462768554688
0.033294677734375 -0.152206420898438 0.075439453125 -0.173721313476563
-0.0594558715820312 -0.114776611328125 -0.059600830078125 -0.148117065429687
-0.116317749023437 -0.0675506591796875 -0.110481262207031 -0.0554962158203125
-0.130935668945313 -0.0763320922851562 -0.0779876708984375 -0.0130233764648437
-0.135528564453125 -0.0573654174804687 -0.0620841979980469 0.0196304321289062
-0.0903396606445312 -0.0963516235351563 -0.0608253479003906 0.0429267883300781
-0.033660888671875 -0.149459838867188 -0.0867767333984375 0.0472259521484375
0.0611572265625 -0.168716430664063 -0.147354125976563 0.01678466796875
0.21881103515625 -0.0796966552734375 -0.138923645019531 -0.0667648315429687
0.240371704101563 0.0439605712890625 -0.124122619628906 -0.107521057128906
0.240554809570313 0.178009033203125 -0.0758438110351563 -0.0759735107421875
0.172348022460938 0.251373291015625 0.0755615234375 -0.0459213256835937
0.201187133789063 0.177810668945313 0.0720672607421875 0.0932159423828125
0.28228759765625 0.01275634765625 0.173690795898438 0.068878173828125
0.185287475585938 -0.119338989257813 0.184799194335938 -0.05352783203125
0.06048583984375 -0.189163208007812 0.103507995605469 -0.125869750976563
-0.0685272216796875 -0.148239135742188 -0.0148468017578125 -0.106719970703125
-0.134780883789063 -0.0855255126953125 -0.0528678894042969 -0.0318527221679688
-0.153976440429688 -0.0898284912109375 -0.0224399566650391 0.00325965881347655
-0.162765502929688 -0.06280517578125 -0.00713348388671876 0.0383453369140625
-0.11419677734375 -0.103103637695313 -0.0129623413085938 0.0743026733398438
-0.052978515625 -0.16619873046875 -0.0543136596679688 0.0799942016601562
0.0572357177734375 -0.188385009765625 -0.12762451171875 0.0520477294921875
0.232284545898438 -0.0891876220703125 -0.129127502441406 -0.034881591796875
0.24737548828125 0.0547943115234375 -0.0887680053710937 -0.0857086181640625
0.22906494140625 0.201828002929688 -0.019693374633789 -0.0114536285400391
0.118377685546875 0.253890991210937 0.124679565429688 0.0464859008789063
0.16619873046875 0.20849609375 0.104812622070313 0.142608642578125
0.278884887695313 0.0568389892578125 0.162506103515625 0.105728149414063
0.20184326171875 -0.0955352783203125 0.177490234375 0.00234985351562499
0.0780487060546875 -0.185806274414063 0.11669921875 -0.0648880004882813
-0.0638427734375 -0.154922485351563 0.0286636352539062 -0.0541648864746094
-0.132606506347656 -0.0871658325195313 0.0083327293395996 -0.00657272338867188
-0.153564453125 -0.0888214111328125 0.0348529815673828 0.0190029144287109
-0.167282104492187 -0.060211181640625 0.0512924194335937 0.0519142150878906
-0.12042236328125 -0.0985183715820312 0.0372161865234375 0.0997390747070313
-0.0604705810546875 -0.163055419921875 -0.020050048828125 0.106521606445312
0.0536041259765625 -0.1812744140625 -0.101966857910156 0.0784988403320313
0.224227905273438 -0.07672119140625 -0.11370849609375 -0.010498046875
0.224716186523437 0.071441650390625 -0.049896240234375 -0.0688896179199219
0.18316650390625 0.204147338867188 0.03167724609375 0.0514030456542969
0.04620361328125 0.206390380859375 0.15606689453125 0.128189086914062
0.0999603271484375 0.190399169921875 0.12713623046875 0.182144165039063
0.2154541015625 0.0796051025390625 0.140884399414063 0.131729125976562
0.17205810546875 -0.0572967529296875 0.156173706054688 0.0480804443359375
0.073211669921875 -0.1475830078125 0.116058349609375 -0.00906372070312501
-0.0522613525390625 -0.132087707519531 0.0646514892578125 -0.00557708740234376
-0.110191345214844 -0.0728683471679687 0.0638389587402344 0.0148544311523437
-0.131065368652344 -0.0740585327148437 0.0855941772460937 0.0301437377929687
-0.1468505859375 -0.0520172119140625 0.104766845703125 0.0621566772460937
-0.107154846191406 -0.0859146118164062 0.0810089111328125 0.120071411132813
-0.0523834228515625 -0.1435546875 0.00697326660156249 0.129623413085938
0.052978515625 -0.153411865234375 -0.0812530517578125 0.0983428955078125
0.197860717773438 -0.0473175048828125 -0.101829528808594 0.007354736328125
0.177978515625 0.0896759033203125 -0.0160293579101562 -0.0510177612304687
0.110610961914063 0.187225341796875 0.0689239501953125 0.111602783203125
-0.0312576293945313 0.122245788574219 0.168914794921875 0.181167602539063
0.0220565795898438 0.132148742675781 0.139190673828125 0.198898315429687
0.118461608886719 0.0729827880859375 0.120391845703125 0.141998291015625
0.106819152832031 -0.0198974609375 0.137863159179688 0.0757980346679688
0.0492172241210938 -0.0867385864257813 0.110954284667969 0.0279312133789062
-0.035064697265625 -0.0858383178710938 0.0904159545898438 0.0269393920898437
-0.0723648071289063 -0.0455245971679688 0.105865478515625 0.0269546508789062
-0.0898208618164063 -0.0478057861328125 0.123184204101562 0.035888671875
-0.106475830078125 -0.0365066528320312 0.14691162109375 0.069976806640625
-0.0789337158203125 -0.0651016235351563 0.1126708984375 0.137252807617188
-0.0356216430664063 -0.109619140625 0.0228729248046875 0.1513671875
0.0494918823242188 -0.109146118164063 -0.0692672729492187 0.114501953125
0.151885986328125 -0.0128936767578125 -0.0982589721679687 0.0208053588867188
0.111953735351563 0.0984344482421875 0.00522232055664064 -0.0304832458496094
0.0225982666015625 0.145950317382813 0.08282470703125 0.163558959960938
0.060211181640625 -0.0635185241699219 -0.116043090820313 -0.189544677734375
-0.0381736755371094 -0.0697212219238281 -0.0354652404785156 0.00967025756835936
-0.0744171142578125 -0.00578308105468751 0.11395263671875 -0.016998291015625
-0.0339775085449219 0.0519065856933594 0.10064697265625 -0.142333984375
0.015777587890625 0.0601387023925781 -0.004547119140625 -0.190719604492188
0.045379638671875 0.0257949829101563 -0.128021240234375 -0.173065185546875
0.0329380035400391 0.00926017761230469 -0.187210083007813 -0.0788116455078125
0.0266304016113281 0.0164127349853516 -0.161575317382812 -0.03900146484375
0.024810791015625 0.0158100128173828 -0.134796142578125 -0.0252151489257813
0.00690078735351563 0.0152349472045898 -0.122772216796875 -0.042449951171875
-0.0183658599853516 0.00971794128417968 -0.127174377441406 -0.0403671264648437
-0.0384902954101562 -0.0188255310058594 -0.140495300292969 -0.078765869140625
0.00780868530273437 -0.0617141723632813 -0.11737060546875 -0.16290283203125
0.0657691955566406 -0.0660133361816406 -0.154251098632813 -0.19439697265625
0.103347778320312 -0.0393600463867187 -0.176239013671875 -0.214126586914062
0.136550903320313 0.0244522094726563 -0.089385986328125 -0.200607299804688
0.052093505859375 -0.0297889709472656 -0.0278358459472656 0.00668525695800782
0.0180072784423828 -0.0349693298339844 0.130882263183594 -0.013275146484375
0.00625228881835938 -0.00989341735839844 0.122283935546875 -0.147171020507813
0.00756359100341797 -0.00956535339355469 0.0124053955078125 -0.205810546875
0.00266838073730469 -0.0173540115356445 -0.124313354492188 -0.181365966796875
-0.0262203216552734 -0.0157279968261719 -0.185836791992188 -0.0787200927734375
-0.0345821380615234 -0.0196933746337891 -0.157257080078125 -0.0349884033203125
-0.0341205596923828 -0.0179157257080078 -0.133964538574219 -0.0156478881835938
-0.0215530395507813 -0.0384674072265625 -0.121543884277344 -0.0249404907226563
-0.00543594360351563 -0.0586357116699219 -0.126922607421875 -0.0226364135742188
0.0228271484375 -0.0731277465820313 -0.15203857421875 -0.060028076171875
0.105461120605469 -0.0472488403320313 -0.127456665039063 -0.141250610351562
0.142486572265625 -0.002410888671875 -0.157958984375 -0.171279907226563
0.171783447265625 0.0606231689453125 -0.16064453125 -0.191329956054688
0.188934326171875 0.120513916015625 -0.0422210693359375 -0.182296752929688
0.137557983398438 0.0343399047851563 -0.00271224975585937 0.0195636749267578
0.126922607421875 -0.0470504760742188 0.154006958007813 0.001861572265625
0.06427001953125 -0.0717010498046875 0.152053833007813 -0.137771606445313
0.0121078491210938 -0.0877685546875 0.04180908203125 -0.206085205078125
-0.0359268188476563 -0.0686378479003906 -0.101776123046875 -0.176956176757813
-0.0805740356445313 -0.042938232421875 -0.160858154296875 -0.0718536376953125
-0.0930862426757813 -0.0518798828125 -0.128662109375 -0.0261383056640625
-0.0930328369140625 -0.0436019897460937 -0.109573364257812 0.00242614746093749
-0.0581817626953125 -0.077301025390625 -0.101676940917969 0.00824737548828124
-0.0138320922851563 -0.116729736328125 -0.116195678710938 0.0113525390625
0.0561141967773437 -0.130699157714844 -0.160537719726563 -0.02276611328125
0.182113647460938 -0.0608062744140625 -0.140640258789063 -0.108322143554688
0.208221435546875 0.0315093994140625 -0.15216064453125 -0.140777587890625
0.225006103515625 0.135879516601563 -0.127120971679688 -0.142486572265625
0.206085205078125 0.207138061523437 0.01806640625 -0.128181457519531
0.196853637695313 0.113815307617187 0.0352516174316406 0.0524215698242188
0.230117797851563 -0.0320281982421875 0.17352294921875 0.0324859619140625
0.135215759277344 -0.116035461425781 0.179168701171875 -0.10577392578125
0.0326385498046875 -0.157745361328125 0.078216552734375 -0.181991577148437
-0.0617294311523437 -0.118980407714844 -0.0621185302734375 -0.153823852539063
-0.121376037597656 -0.0701065063476562 -0.113716125488281 -0.0555419921875
-0.138008117675781 -0.0765838623046875 -0.0817031860351563 -0.0115509033203125
-0.141738891601563 -0.0581817626953125 -0.0652084350585938 0.022430419921875
-0.09429931640625 -0.100051879882813 -0.0630912780761719 0.0448417663574219
-0.0359649658203125 -0.155853271484375 -0.0913543701171875 0.0503463745117187
0.0625 -0.176025390625 -0.153778076171875 0.0201873779296875
0.226318359375 -0.085235595703125 -0.144195556640625 -0.0703277587890625
0.249160766601563 0.0451812744140625 -0.129226684570312 -0.111724853515625
0.251327514648438 0.18389892578125 -0.0787200927734375 -0.0792694091796875
0.180694580078125 0.260299682617188 0.0788116455078125 -0.0438766479492187
0.210281372070312 0.182815551757812 0.07550048828125 0.0993270874023438
0.29327392578125 0.009002685546875 0.179580688476563 0.0724334716796875
0.19244384765625 -0.125167846679688 0.190597534179688 -0.054962158203125
0.06048583984375 -0.1976318359375 0.108169555664063 -0.132408142089844
-0.071044921875 -0.153823852539063 -0.0145111083984375 -0.1104736328125
-0.14019775390625 -0.0872726440429688 -0.0536346435546875 -0.0329055786132813
-0.162139892578125 -0.0904388427734375 -0.0234107971191406 0.00419998168945312
-0.170516967773438 -0.062896728515625 -0.00716400146484376 0.0401458740234375
-0.118606567382812 -0.106391906738281 -0.0124893188476563 0.076690673828125
-0.0565643310546875 -0.171722412109375 -0.0570220947265625 0.0844039916992187
0.0580902099609375 -0.195831298828125 -0.132728576660156 0.0577621459960937
0.240753173828125 -0.095855712890625 -0.134956359863281 -0.03692626953125
0.257415771484375 0.05474853515625 -0.0936431884765625 -0.0904922485351563
0.238815307617188 0.20819091796875 -0.0207290649414062 -0.0123214721679687
0.1253662109375 0.2630615234375 0.128547668457031 0.0509567260742188
0.1734619140625 0.21527099609375 0.109634399414063 0.15087890625
0.28912353515625 0.054229736328125 0.167098999023438 0.111618041992188
0.209457397460937 -0.100311279296875 0.18255615234375 0.00302124023437499
0.0785675048828125 -0.194183349609375 0.121513366699219 -0.0684814453125
-0.0672760009765625 -0.160507202148438 0.0318069458007812 -0.0566215515136719
-0.137367248535156 -0.08935546875 0.010345458984375 -0.00735187530517579
-0.161285400390625 -0.0887298583984375 0.0364036560058594 0.0187301635742187
-0.173660278320313 -0.05963134765625 0.0532989501953125 0.0535049438476563
-0.1248779296875 -0.100914001464844 0.03997802734375 0.102325439453125
-0.063629150390625 -0.168014526367188 -0.0213394165039063 0.111946105957031
0.0549774169921875 -0.1885986328125 -0.105705261230469 0.083984375
0.230972290039063 -0.0823974609375 -0.119293212890625 -0.012237548828125
0.233352661132813 0.07244873046875 -0.0538864135742187 -0.0721359252929688
0.191497802734375 0.210494995117188 0.0333709716796875 0.0531082153320313
0.050201416015625 0.214111328125 0.161331176757813 0.135086059570312
0.104400634765625 0.196395874023438 0.131576538085938 0.190460205078125
0.223709106445313 0.0785675048828125 0.145065307617188 0.138229370117188
0.177825927734375 -0.06024169921875 0.161666870117188 0.050689697265625
0.0742034912109375 -0.153396606445313 0.121803283691406 -0.010040283203125
-0.0549087524414063 -0.136405944824219 0.0692138671875 -0.00642776489257813
-0.114654541015625 -0.0747222900390625 0.0682182312011719 0.0142402648925781
-0.137321472167969 -0.0742034912109375 0.089141845703125 0.0295944213867188
-0.152313232421875 -0.0503692626953125 0.109123229980469 0.0636215209960937
-0.111038208007812 -0.0881195068359375 0.0854873657226563 0.123336791992188
-0.05517578125 -0.147659301757813 0.00695800781249999 0.135643005371094
0.05419921875 -0.158355712890625 -0.0843582153320313 0.103523254394531
0.204330444335938 -0.0513916015625 -0.106964111328125 0.0063018798828125
0.185546875 0.0914306640625 -0.018798828125 -0.05377197265625
0.116012573242187 0.1939697265625 0.0706863403320313 0.115081787109375
-0.0306243896484375 0.126785278320312 0.174911499023438 0.18914794921875
0.0237960815429687 0.135597229003906 0.1441650390625 0.206680297851563
0.122169494628906 0.0727615356445313 0.125091552734375 0.14837646484375
0.110366821289063 -0.0208358764648438 0.1431884765625 0.0793914794921875
0.0499267578125 -0.0904388427734375 0.116523742675781 0.029022216796875
-0.0374755859375 -0.0886306762695313 0.0963668823242187 0.026947021484375
-0.0745010375976563 -0.046661376953125 0.111686706542969 0.0258712768554687
-0.0929183959960938 -0.0475234985351563 0.128448486328125 0.0349655151367187
-0.109024047851563 -0.0358657836914063 0.152786254882813 0.0706634521484375
-0.0824050903320313 -0.066253662109375 0.118423461914063 0.140716552734375
-0.0379791259765625 -0.112236022949219 0.02398681640625 0.158065795898438
0.0501708984375 -0.112632751464844 -0.0720291137695312 0.120048522949219
0.156463623046875 -0.015106201171875 -0.102485656738281 0.0203628540039063
0.115974426269531 0.100135803222656 0.00314712524414063 -0.0333061218261719
0.02435302734375 0.151565551757813 0.085296630859375 0.16912841796875
0.0612144470214844 -0.0677108764648438 -0.126388549804688 -0.196670532226563
-0.0418548583984375 -0.07110595703125 -0.037353515625 0.012237548828125
-0.0774154663085938 -0.00393676757812499 0.120773315429687 -0.01904296875
-0.0341567993164063 0.0545196533203125 0.1041259765625 -0.152099609375
0.0189704895019531 0.0624771118164063 -0.00935363769531251 -0.202789306640625
0.0477714538574219 0.0252342224121094 -0.140213012695313 -0.180679321289063
0.0336875915527344 0.00854873657226563 -0.199722290039063 -0.076446533203125
0.0283603668212891 0.0158367156982422 -0.17132568359375 -0.034759521484375
0.0253562927246094 0.0153598785400391 -0.143508911132813 -0.0226287841796875
0.00646877288818359 0.0145864486694336 -0.133430480957031 -0.041595458984375
-0.0183982849121094 0.00987625122070313 -0.136550903320313 -0.0391006469726563
-0.0392799377441406 -0.0190505981445312 -0.149826049804687 -0.0808563232421875
0.00771713256835938 -0.0648765563964844 -0.126495361328125 -0.170822143554688
0.0668792724609375 -0.0703277587890625 -0.164169311523438 -0.2012939453125
0.107093811035156 -0.042510986328125 -0.187667846679688 -0.224349975585938
0.14434814453125 0.0227813720703125 -0.09796142578125 -0.208236694335937
0.0543670654296875 -0.0320091247558594 -0.0274772644042969 0.00967597961425781
0.0182037353515625 -0.0373992919921875 0.1385498046875 -0.0158920288085938
0.00650215148925781 -0.0112314224243164 0.125930786132813 -0.157196044921875
0.00808811187744141 -0.0104227066040039 0.00846862792968752 -0.21905517578125
0.00201034545898438 -0.019317626953125 -0.13604736328125 -0.188751220703125
-0.0289039611816406 -0.0162868499755859 -0.198165893554688 -0.0769500732421875
-0.038543701171875 -0.0198593139648437 -0.166229248046875 -0.0307464599609375
-0.0379371643066406 -0.0187797546386719 -0.142501831054688 -0.011962890625
-0.0244636535644531 -0.0414314270019531 -0.131034851074219 -0.0232772827148437
-0.00746917724609374 -0.0629386901855469 -0.135696411132812 -0.021453857421875
0.0239410400390625 -0.0778121948242187 -0.1622314453125 -0.059814453125
0.110824584960938 -0.0528335571289063 -0.136871337890625 -0.14825439453125
0.149459838867188 -0.00494384765625 -0.16845703125 -0.177291870117188
0.181884765625 0.0614776611328125 -0.17108154296875 -0.200164794921875
0.202178955078125 0.123428344726563 -0.04705810546875 -0.18914794921875
0.146026611328125 0.0342254638671875 -0.00127410888671874 0.0245571136474609
0.132766723632813 -0.0531158447265625 0.162857055664062 0.000167846679687497
0.0681838989257813 -0.0774002075195313 0.157089233398438 -0.147186279296875
0.0107650756835937 -0.092926025390625 0.039947509765625 -0.220260620117188
-0.0394363403320313 -0.0726699829101563 -0.1114501953125 -0.184982299804688
-0.08660888671875 -0.0437545776367188 -0.170913696289063 -0.0710296630859375
-0.100845336914063 -0.051727294921875 -0.136260986328125 -0.021575927734375
-0.100631713867188 -0.0436325073242188 -0.116050720214844 0.00648498535156249
-0.063812255859375 -0.0808486938476563 -0.108047485351563 0.011016845703125
-0.0180740356445312 -0.123870849609375 -0.123985290527344 0.0149688720703125
0.0571060180664063 -0.13983154296875 -0.170654296875 -0.0198516845703125
0.191177368164063 -0.069183349609375 -0.151336669921875 -0.11322021484375
0.219833374023437 0.0298309326171875 -0.162078857421875 -0.145294189453125
0.240463256835937 0.13958740234375 -0.135848999023437 -0.149200439453125
0.221633911132813 0.21417236328125 0.0166702270507813 -0.132865905761719
0.21002197265625 0.11553955078125 0.0389289855957031 0.0572547912597656
0.241928100585938 -0.0405120849609375 0.183486938476563 0.0334014892578125
0.140869140625 -0.124603271484375 0.186721801757813 -0.1143798828125
0.030731201171875 -0.168136596679688 0.078399658203125 -0.195693969726563
-0.0667724609375 -0.124961853027344 -0.06964111328125 -0.161422729492188
-0.130157470703125 -0.070281982421875 -0.120429992675781 -0.0562744140625
-0.149032592773438 -0.0759735107421875 -0.0860366821289063 -0.00862884521484376
-0.151626586914062 -0.057098388671875 -0.068023681640625 0.0267524719238281
-0.101936340332031 -0.103889465332031 -0.0664787292480469 0.0486564636230469
-0.042510986328125 -0.164627075195313 -0.0974044799804688 0.0563125610351562
0.06292724609375 -0.188583374023438 -0.162567138671875 0.0264892578125
0.237197875976563 -0.0964202880859375 -0.155014038085937 -0.0726165771484375
0.264083862304688 0.042877197265625 -0.139450073242187 -0.115989685058594
0.268569946289063 0.189743041992188 -0.0838851928710937 -0.0826873779296875
0.198043823242188 0.271347045898438 0.08294677734375 -0.0452728271484375
0.225418090820312 0.188140869140625 0.0823211669921875 0.106719970703125
0.308990478515625 0.00079345703125 0.189697265625 0.0755462646484375
0.201202392578125 -0.135848999023438 0.199981689453125 -0.0606231689453125
0.0588531494140625 -0.210433959960937 0.1116943359375 -0.143447875976563
-0.07843017578125 -0.161178588867187 -0.0173110961914063 -0.116889953613281
-0.149932861328125 -0.0889129638671875 -0.0562248229980469 -0.0338630676269531
-0.174072265625 -0.08990478515625 -0.0244312286376953 0.00640296936035156
-0.181106567382812 -0.0607452392578125 -0.00619888305664064 0.0434799194335937
-0.127540588378906 -0.109825134277344 -0.011138916015625 0.0808792114257813
-0.064483642578125 -0.180496215820313 -0.059783935546875 0.0918426513671875
0.057159423828125 -0.209060668945313 -0.139228820800781 0.0657196044921875
0.250778198242188 -0.107559204101563 -0.144912719726562 -0.037628173828125
0.273345947265625 0.052764892578125 -0.101852416992187 -0.0938262939453125
0.257431030273438 0.214279174804688 -0.0218715667724609 -0.0131435394287109
0.139450073242187 0.274795532226563 0.136909484863281 0.0540313720703125
0.186981201171875 0.222640991210938 0.1177978515625 0.158828735351563
0.304595947265625 0.049774169921875 0.177566528320313 0.116897583007812
0.219146728515625 -0.110397338867188 0.192138671875 0.000946044921874993
0.0774688720703125 -0.2064208984375 0.128364562988281 -0.0757827758789063
-0.07489013671875 -0.168426513671875 0.0337867736816406 -0.060455322265625
-0.147003173828125 -0.0914306640625 0.0121726989746094 -0.00876331329345704
-0.172866821289062 -0.0884552001953125 0.0385818481445312 0.0192680358886719
-0.184280395507813 -0.0575714111328125 0.0582733154296875 0.055389404296875
-0.132743835449219 -0.104225158691406 0.0445785522460937 0.106376647949219
-0.0712127685546875 -0.1754150390625 -0.0207672119140625 0.120048522949219
0.0540771484375 -0.199951171875 -0.110855102539063 0.0930709838867187
0.24176025390625 -0.0936737060546875 -0.128242492675781 -0.011993408203125
0.24810791015625 0.0704193115234375 -0.059356689453125 -0.0764236450195313
0.206954956054688 0.218353271484375 0.0355262756347656 0.0547599792480469
0.059051513671875 0.224853515625 0.172271728515625 0.142547607421875
0.114486694335938 0.203857421875 0.142105102539063 0.199615478515625
0.23638916015625 0.075897216796875 0.154525756835938 0.145431518554688
0.186233520507812 -0.0675506591796875 0.17095947265625 0.05218505859375
0.0736083984375 -0.163589477539063 0.129531860351563 -0.0138473510742188
-0.061737060546875 -0.1422119140625 0.0750350952148438 -0.00873565673828126
-0.122276306152344 -0.07537841796875 0.0740280151367188 0.0119171142578125
-0.147262573242188 -0.0731658935546875 0.0947494506835938 0.0282135009765625
-0.161163330078125 -0.048248291015625 0.117012023925781 0.0637664794921875
-0.118217468261719 -0.0900726318359375 0.0931549072265625 0.127151489257813
-0.0618896484375 -0.15325927734375 0.00950622558593748 0.14501953125
0.053466796875 -0.167694091796875 -0.0866165161132813 0.113540649414062
0.213119506835938 -0.060546875 -0.114097595214844 0.00727844238281249
0.197647094726562 0.0916290283203125 -0.0235710144042969 -0.0581817626953125
0.127365112304688 0.202346801757813 0.0763626098632813 0.120079040527344
-0.0279998779296875 0.133956909179688 0.187240600585937 0.198562622070312
0.0284652709960938 0.1405029296875 0.154937744140625 0.217254638671875
0.129066467285156 0.0717239379882813 0.133224487304688 0.156097412109375
0.11614990234375 -0.0244522094726562 0.152801513671875 0.0820159912109375
0.049224853515625 -0.0962905883789063 0.12591552734375 0.0279541015625
-0.0418624877929688 -0.0913162231445312 0.1043701171875 0.0258941650390625
-0.079620361328125 -0.0468215942382812 0.1202392578125 0.0235214233398437
-0.099700927734375 -0.0471725463867187 0.136093139648437 0.0328826904296875
-0.115135192871094 -0.0332794189453125 0.162185668945313 0.069061279296875
-0.0872802734375 -0.0676040649414063 0.128997802734375 0.144058227539063
-0.0423812866210938 -0.116584777832031 0.02899169921875 0.168197631835937
0.050018310546875 -0.11968994140625 -0.073883056640625 0.129295349121094
0.163787841796875 -0.021026611328125 -0.109550476074219 0.0213851928710938
0.124420166015625 0.10186767578125 9.15527343750054E-05 -0.0366134643554687
0.0296478271484375 0.159652709960938 0.0926513671875 0.1771240234375
-0.0723692567497375 0.00688408597145571 0.102555183381668 -0.21315750902881
-0.0277630792065145 0.0794559840241039 -0.0157562136953895 -0.0253277515401408
0.0342719668807148 0.0749068476932153 0.0963717282567972 0.0906107419028963
0.0659748500650737 0.00474075338839585 0.187736457143586 0.00226617535982075
0.0358475995159372 -0.0419683536509833 0.179545514383609 -0.128460818138715
0.00082102402099888 -0.0318026443169207 0.0946901068766291 -0.211957634149603
0.00202456329895963 -0.0297784595242644 -0.00626810743989002 -0.222957291165726
0.00606168824192989 -0.0305392046122908 -0.0566434606014523 -0.185588536097944
0.00812363768973396 -0.0260030995435899 -0.0454232552437453 -0.14887249736122
0.0160660052406918 -0.0131854459587401 -0.0329890286098105 -0.141288586129778
0.0272475733420258 0.011018268231853 -0.0326033979309921 -0.156345526638187
0.0167332487243282 0.0511741943607615 0.00750653934336645 -0.18812369248152
-0.0453010920073197 0.0577031298370724 0.0794421377515129 -0.201727532346804
-0.0864278737266769 0.00351365702146407 0.0937297578836105 -0.239548492473592
-0.0779464435511805 -0.0542245695451711 0.0531234124492629 -0.283225013267421
-0.0444217056997553 -0.111292013705323 0.11012511816799 -0.191749930676394
-0.0609396578044186 -0.0272438681812357 -0.0279754671683417 -0.00664153544794133
-0.0571328963725597 0.012958778963586 0.0995169440468684 0.136852703754971
-0.0256509709092265 0.0178632341617467 0.217576873671488 0.0403199449787886
-0.0120229116487798 0.0250085560027712 0.217496428345479 -0.120635577780689
-0.00566393448743933 0.0342663197138254 0.114654573429119 -0.215683352527028
0.0144304353084008 0.0412825903278194 0.00534876882709761 -0.22430205611993
0.0236887166529391 0.0434718609478261 -0.0519539601949401 -0.183547410037516
0.0166193396125269 0.0508311433241733 -0.0468441984738562 -0.145484747308463
-0.0088259477500373 0.0483011977266614 -0.0398297129544691 -0.12618023125062
-0.0364577531792966 0.0534813775625777 -0.0440132250830283 -0.13711381514598
-0.075591999661494 0.031982185594542 -0.0223314027359333 -0.174214743601625
-0.113228022087256 -0.0237107255701853 0.0454560617398971 -0.191604208803427
-0.0862880593009482 -0.103198552903328 0.0572614116395248 -0.234331110857581
-0.0343155786101273 -0.169399243426413 0.0357688327125304 -0.266558709865474
0.00093328662815587 -0.216616405363715 0.103986198293558 -0.13684422349723
-0.0697044932758129 -0.14940451022778 -0.0511945030106658 0.0334814589721206
-0.145076589609581 -0.0758016752882684 0.0873552859955369 0.198563308740248
-0.132866079587243 0.0116067205438959 0.234041344668828 0.100192883837064
-0.0799252579167242 0.0870190832057171 0.251037984272036 -0.0877491998961572
-0.0233127287643081 0.100565891546489 0.1329865012026 -0.192715584121409
0.0185516245952576 0.10963392949678 0.0207088527169677 -0.197313749256642
0.0401557270037384 0.111383388180227 -0.0400037484135306 -0.153847677002264
0.0314350894153667 0.119695945941217 -0.045400723105571 -0.11377658421766
-0.0178610537810934 0.105760692370947 -0.0496210845236831 -0.0876818645292753
-0.076486603544089 0.103215038257763 -0.0659368038128989 -0.101940940799353
-0.152331047881543 0.0408020488041267 -0.06338878140374 -0.149114201429647
-0.184253481698957 -0.0685121251485107 0.00222090549145319 -0.17660641197252
-0.103912608394703 -0.182077195772817 0.02244765153108 -0.213357265821468
-0.00402498834385561 -0.259956394560403 0.00919254514797199 -0.215143832212114
0.0575942840546177 -0.289520602906472 0.0775474225612347 -0.0517891324632995
-0.0495947072974744 -0.260600516112234 -0.0857634552688839 0.0891357346999534
-0.205276581144487 -0.181056492832383 0.0515858465388827 0.26171181502998
-0.232924291487922 -0.0206869344754734 0.221799232630789 0.170589475865898
-0.154953260484614 0.128157111404714 0.261261710496531 -0.0306987812510946
-0.0502021880344792 0.154398429112297 0.140900310616744 -0.142367330089192
0.0150121214763964 0.162822145330197 0.0345240671452514 -0.143267541249939
0.0506055603002645 0.162824412858371 -0.0224217232584884 -0.100542909349634
0.0482557616335247 0.170512287784373 -0.038395419165503 -0.0621045023637108
-0.0126238958356635 0.149929745201831 -0.0547315772790218 -0.0316599537303104
-0.0903110236974846 0.148659972539453 -0.0849454801480217 -0.0521301501825996
-0.199840700376142 0.0650460500825235 -0.100253803053291 -0.110004924138457
-0.236515826973073 -0.0823969723738827 -0.0356924386338652 -0.151320137299753
-0.123580809791734 -0.225188710218219 0.00256510108836671 -0.177434955180382
0.0185573859155375 -0.310886249255982 -0.0140263225191337 -0.138435738201054
0.108443959129293 -0.30990912301356 0.0329495163235888 0.0496757986282885
-0.00276276697279625 -0.325624252616331 -0.125548456910542 0.149158898849436
-0.212476271958456 -0.268566513617771 -0.00523441434124595 0.302800706732412
-0.288523863711994 -0.0707058038905411 0.172307296045872 0.229884258184506
-0.212789675099859 0.135337875593616 0.236241282054293 0.0374029145483988
-0.0763618821309419 0.181599992324343 0.130707953478252 -0.0712221162104322
0.00524032888519479 0.190795391429131 0.042678376236538 -0.0710642362760415
0.0535538592625593 0.190348477123487 -0.00306453476551222 -0.0334342380190386
0.0592216230858637 0.195867698534783 -0.0243143154825168 0.00330240085022086
-0.00412898586006853 0.173463788755996 -0.0521103727385204 0.0306999365208002
-0.088571056987589 0.174203800984331 -0.0964682038305575 0.00264437358854991
-0.214802178045618 0.0803567934706479 -0.122347946027186 -0.0648472455602435
-0.254649712684482 -0.0854958828145542 -0.0608857569641307 -0.120213710167506
-0.123232668679016 -0.240107252701271 -0.000108224499195356 -0.133548004438592
0.0406771837016347 -0.317687166291758 -0.030697897776815 -0.0487385082376629
0.13700377531351 -0.274146854478288 -0.0186256014949213 0.14842202066489
0.0469675161659438 -0.320706986196712 -0.158976057255488 0.200025320133366
-0.167658589442405 -0.299285978248725 -0.0636870669510679 0.307832308557339
-0.278456387027064 -0.112194248083845 0.100020918376164 0.256370211825312
-0.227692970518443 0.111757358169732 0.180767332013266 0.0965941114472575
-0.0885639250339921 0.175735832361907 0.103637716607578 0.00423228162934697
-0.00356045495444528 0.18723110502048 0.0442891214206933 0.00715966134976826
0.0485567540600026 0.187873562795832 0.0166586019937319 0.0363438697661578
0.0604086316249407 0.1936206622749 -0.00634597915074494 0.0705487857105762
0.00110500784212418 0.172555213502252 -0.0455718385088907 0.0918459647765192
-0.0807136838042374 0.173467938467157 -0.103715673677378 0.053751773930134
-0.205859541761127 0.0749497923563149 -0.134393160394179 -0.0244989157365235
-0.238374190131323 -0.0918069028598697 -0.0735827657049991 -0.0929262418470887
-0.0966348015814671 -0.233150634647869 0.00753258554106363 -0.0903488989092915
0.0656835424413989 -0.282940394466303 -0.0445322130942116 0.0388015546701134
0.132033109818223 -0.189307071143626 -0.0625558362411279 0.225562750009624
0.0773807588581822 -0.249096389547619 -0.172726262446662 0.233539730395119
-0.10029478484085 -0.259818211553075 -0.102212382036201 0.280626977946446
-0.214614613133533 -0.119149019392816 0.0346942015833545 0.249044155846815
-0.192884739213599 0.0746803512256897 0.113831198046282 0.133353737170357
-0.0801093155252438 0.142683973982392 0.0698340654534726 0.0677339417767366
-0.00707448569719873 0.15390693371903 0.0422621191466461 0.076292754679548
0.0381995473849068 0.157938898783437 0.0337496375595032 0.0984196072955523
0.0495736356579633 0.165263315688494 0.00923895304231127 0.132042693839218
-0.000998186508869538 0.151168321910296 -0.0420805589974667 0.145600996460076
-0.0718708958417797 0.148480436642312 -0.114744931004565 0.0949964342911502
-0.179115634839283 0.0537652692169463 -0.143888894492906 0.00354700033960171
-0.193328843760985 -0.0995433351899567 -0.0829457350054063 -0.0745851149391412
-0.0514059340821771 -0.206563573701 0.0145396901512046 -0.0534312237429276
0.0912427565411573 -0.212629353070394 -0.0623316013902787 0.113496992819187
0.100577823523451 -0.0722474240180835 -0.0838658314454364 0.268863069938626
0.0801336789363044 -0.135465194683705 -0.160759598935136 0.2489065606427
-0.0350104865968012 -0.165921197741427 -0.111214464142347 0.240606395433025
-0.12240079056071 -0.0902313718345383 -0.00605608049243823 0.223067114443052
-0.123495879368857 0.0358622514116025 0.0610133037870225 0.148404554289503
-0.0551282574112783 0.0897931680827434 0.0438145771266554 0.11064199672993
-0.00679512994119116 0.0978108824898397 0.0397327390048143 0.125902774035815
0.0221931792374967 0.103974531238273 0.0462550883351687 0.144925274442541
0.0314760152224644 0.113906515249486 0.0191326721167698 0.180425641157592
-0.00563878617921444 0.110340403296828 -0.0462782542193166 0.185126902201902
-0.0589888366131243 0.106245588581655 -0.132411304889354 0.123819358497829
-0.13426874320257 0.023661742900812 -0.157442516069964 0.0168240340995298
-0.128717323790538 -0.0962345191050896 -0.0916799712175218 -0.068929562134372
0.00095714407138235 -0.157731280314338 0.0147194254491719 -0.0260926112500592
0.106537513338828 -0.114853262250274 -0.086902693585734 0.165703901090698
-0.0740276573342631 0.0111699638609591 0.0919808546085879 -0.227021283319461
-0.0236968030461855 0.0823640178042267 -0.019803424622873 -0.0240699968456507
0.0399575498019415 0.0743962628607708 0.105636583536247 0.0905252190476804
0.067769224220129 0.00112575418156114 0.196389970563853 -0.00793895452757516
0.0327324045962197 -0.0461316694301943 0.179553107359691 -0.144603195567136
-0.000942383658536161 -0.0317761510335089 0.083962355700052 -0.228322527113002
0.00119017437516977 -0.0298864049305666 -0.0231204189202766 -0.23015827977372
0.00408841424463473 -0.0320213475085789 -0.0731661587051415 -0.187108524108928
0.00685555824773567 -0.0263426763672794 -0.058114329914246 -0.152504932538358
0.016143116941504 -0.0135315417719438 -0.0452422902779297 -0.146417726627168
0.0283289320321215 0.0101374348590613 -0.0448457097660772 -0.160533825783115
0.0198927487997464 0.051425566705113 -0.00386752606813239 -0.195735609074183
-0.0431613403053325 0.0629255546171058 0.0719453346265854 -0.214381118864515
-0.0871150461571844 0.00881536040015613 0.084559096707796 -0.251598846672302
-0.0834769561434764 -0.0511869106229501 0.0412151430721925 -0.297998726713993
-0.0532946871269909 -0.113170028046508 0.102161606579549 -0.204458169302214
-0.064342293313977 -0.0256251512178505 -0.0309202754674346 -0.00307272137853171
-0.058446547664258 0.0169482612318792 0.111834125015678 0.137624843454538
-0.0269793650213236 0.0206023410065307 0.22836839083641 0.0296504661619079
-0.0120222507332622 0.0262782867400627 0.219638872206166 -0.139977632737122
-0.00355865093381672 0.0368494478869483 0.10484922633367 -0.232452173030637
0.0177487802785617 0.0427416372613872 -0.0107158244959692 -0.232004664261837
0.0290054386268963 0.0436839945054026 -0.0686759056508536 -0.185249185558558
0.0216607197970945 0.0530997539365698 -0.0597621446367856 -0.148143098553136
-0.00669990045468392 0.0521675161380633 -0.0510127016342429 -0.130056903385242
-0.0349796475612453 0.0588339424921499 -0.0556889789093284 -0.14089957411369
-0.0784410657563532 0.0371534456386429 -0.0347108702963095 -0.178359912321851
-0.120200790648397 -0.0169885552923366 0.0371597861788041 -0.202192183207992
-0.0944352788425012 -0.102742368911681 0.0466339146695232 -0.244711922391543
-0.0454986347064744 -0.17424267990966 0.0236221632685855 -0.280109529239259
-0.0122605207754261 -0.226303464387387 0.0980991239198186 -0.146545621945239
-0.0811650946926218 -0.151132737129661 -0.0525640121515509 0.0403279496675044
-0.156246232840339 -0.0697875852665163 0.102159905924961 0.203321977741106
-0.139144993939548 0.0204832431755075 0.249206191984261 0.0911937483506036
-0.0773805845880921 0.0954060482435714 0.255430640613619 -0.108661926966662
-0.0181068676285138 0.106886738441395 0.126005978152424 -0.209501923225802
0.0268915497047523 0.113396371034255 0.00750133918638016 -0.205189936371403
0.0504033685474847 0.112776338465646 -0.0537968857849398 -0.155665278000622
0.0419118440263596 0.122530843875338 -0.0567207482869423 -0.11540252672106
-0.012132939816953 0.111584994562128 -0.0590720317991796 -0.0892751735451052
-0.0729086115946784 0.11347012486095 -0.0766216770494456 -0.103056992307397
-0.157393021169615 0.0523527107185449 -0.0767265986977974 -0.149717344069269
-0.1964845291208 -0.0587177116832137 -0.00708111363300216 -0.185110675886382
-0.118219534629915 -0.18335211283791 0.0109373249688617 -0.222370747394412
-0.0196413410459757 -0.269990577186966 -0.00152544262631724 -0.224603351958419
0.0411861776452143 -0.304693016433187 0.0754801287529151 -0.057097021530819
-0.0660781440946456 -0.267875739535391 -0.0849652224085592 0.100416959913112
-0.224816812653659 -0.173277256013009 0.0673871824582964 0.269570132982305
-0.244378924789445 -0.00762112796025376 0.239364277425275 0.165148513307885
-0.153050144460667 0.143362313818664 0.270311685845176 -0.0502727924049551
-0.04310245426542 0.164393869286902 0.138205089808183 -0.156885207085948
0.0261256983313046 0.168498611920404 0.0263034711635219 -0.150842075509947
0.0652476346783265 0.165717494007119 -0.0317074909712142 -0.10191054436286
0.0626948917431607 0.174386395712013 -0.0449924336227756 -0.0611693845019014
-0.00429465721995291 0.15699689226364 -0.0594222699465249 -0.0305275354329042
-0.0838069518657229 0.161037284137424 -0.0943324772874272 -0.0500223830281747
-0.204445973153877 0.0807570773384794 -0.111943585843804 -0.107000082317992
-0.251902974812653 -0.0692826735423864 -0.0461026141851423 -0.15698721611795
-0.141926266917732 -0.227340696686285 -0.00820115179325497 -0.184694881985649
-0.000664980884992116 -0.325514678307835 -0.022517309342213 -0.143339018593767
0.0925427527435072 -0.330096987256165 0.035717652137216 0.0516565543586985
-0.0236074751266405 -0.33777074929212 -0.122208726645705 0.165189958574679
-0.238015532988186 -0.263512966135575 0.0111808803300885 0.31556404624182
-0.305417972935767 -0.0562375156951621 0.191239171698824 0.228716268672052
-0.211920429550721 0.154841820402627 0.249103926999908 0.0227270649559654
-0.0688362223735258 0.194386236048815 0.132339861411298 -0.0818603982166728
0.0175274127997523 0.198631871800515 0.040080128521858 -0.0756842482018327
0.0702155999306719 0.193326083472575 -0.00557787083783621 -0.0340156604406446
0.0760309972135891 0.199065541265689 -0.0252644266271013 0.00572572612158197
0.00670552027985884 0.17969729899745 -0.0532267122305746 0.0347310671316698
-0.0795396031049456 0.18637242050228 -0.102599430005283 0.00815479107534244
-0.219174545606182 0.0978402594268723 -0.132570480683087 -0.0587536786410793
-0.270904507486985 -0.0718708037179503 -0.0706857177891226 -0.123982205655085
-0.143403114112462 -0.241281220608969 -0.00869649184702807 -0.139623940014266
0.0220549446795642 -0.333551583793853 -0.0347862852984452 -0.0488096545392821
0.123713024621277 -0.294106225703695 -0.0118580624264569 0.156638994755901
0.0295105271186388 -0.335174463120506 -0.154191381339508 0.218496124957221
-0.193213526750465 -0.29893018053429 -0.0496704042553901 0.323625180543515
-0.296946944919401 -0.100670124049862 0.11827805845666 0.261698246667192
-0.229227556716187 0.131871578031057 0.193867689653704 0.0880400981150635
-0.0807223030138638 0.189450427726743 0.109261410297906 -0.00229500404511508
0.00889986906012431 0.194441734263099 0.0476969067349709 0.0050516151966108
0.0650855274010557 0.191190951583521 0.0197122828530168 0.0366526672810136
0.0771002827972778 0.19621362135488 -0.00197286648520434 0.0733581420630655
0.0117884129887146 0.179258600645727 -0.0414865113073449 0.0986919507351841
-0.0717518838891779 0.18433582661208 -0.10662078658856 0.0626309085517415
-0.209824343706489 0.0919599191185649 -0.142611092575534 -0.015981589037106
-0.253056231183508 -0.0791513609588089 -0.0820712766625784 -0.0952462383514557
-0.115615697067338 -0.235448129182754 0.00155623562843665 -0.0966703899801667
0.0508928481121559 -0.299038358093545 -0.0438733546084219 0.0429496130936648
0.124028077627933 -0.205363143551833 -0.0539845855181149 0.238918224695611
0.0653888728484149 -0.262567051057572 -0.166482549304028 0.253032363494494
-0.120573842683095 -0.261568901360604 -0.0916008867033258 0.297962430394481
-0.230694405554702 -0.110708242047059 0.0484590723728873 0.256793630601201
-0.194906691899684 0.0905414883732809 0.127202284442195 0.131424340303024
-0.0740952817026842 0.153291141875242 0.0782398041408547 0.0670382355166145
0.00216595744338222 0.159514177409991 0.0500146457203991 0.0772086347950773
0.0511225255395012 0.160881861698943 0.0426959025074958 0.0992267712951255
0.0633874450268983 0.167124488760079 0.0189904198505317 0.136172554708681
0.00874506467092578 0.156633902825827 -0.0339523637108228 0.153620394279564
-0.0643156299915736 0.158321139961455 -0.114776391824017 0.106557008696456
-0.182228565622672 0.0664004585469485 -0.151234957656878 0.0129320056159675
-0.207452108371978 -0.0894192035999547 -0.0911027357915269 -0.07521282323783
-0.0659008520054033 -0.210426832634661 0.0105470415636268 -0.0594544396545659
0.0810725794847022 -0.227427948790064 -0.0576425616766375 0.121708085388511
0.0988610015816254 -0.0816591300309914 -0.0735740263050962 0.284228863605531
0.074885535574856 -0.144629437802423 -0.152961326285209 0.26786429966113
-0.0469281251099957 -0.168930734436058 -0.102380237589719 0.256607823065783
-0.133575750838509 -0.087079229824272 0.00546636463443995 0.233269172136311
-0.125236799584099 0.0465713767459746 0.0739531535310752 0.150503345764998
-0.0502030091703217 0.0961398787797017 0.0537875160273554 0.113386726500211
-0.000382252470621066 0.101493678356592 0.0516646212053068 0.128350665161761
0.0308017503957449 0.105670062798589 0.0589311704014711 0.146711169008691
0.0411240753634225 0.114738680632961 0.0328805988082717 0.185482560673603
0.00124215692030173 0.114284962912594 -0.0349581593987083 0.195038321380326
-0.0539527879931994 0.113584789316853 -0.131287119703128 0.137925055954479
-0.137307387705675 0.0325281387785251 -0.163247960121896 0.0272258987683476
-0.139328211403973 -0.0904805402366134 -0.100230389693515 -0.0683304822385933
-0.008848891154216 -0.162531010968494 0.0123518469097609 -0.0307128285639914
0.102764032572507 -0.126606665584365 -0.0802520050849913 0.178014268581848
-0.0734790572850944 0.0158535257522134 0.0795787194985 -0.234596076481427
-0.0191379508294076 0.0839736042271211 -0.0234676781153879 -0.0215455092960463
0.0449341510226898 0.0726174519327323 0.112272697519591 0.0873405360226386
0.0673383297424213 -0.00262654583745508 0.200343111390805 -0.0180569474361707
0.0285210257138924 -0.0480399018612456 0.174788641213773 -0.15854949559691
-0.00287087812113714 -0.031457169529085 0.071366889089697 -0.238328695629174
9.53928140255689E-06 -0.0300485620776871 -0.0392292227230489 -0.230670654809996
0.00251370114467118 -0.0326466034595759 -0.0871069743011498 -0.1831258241774
0.00621847165890916 -0.0261483946111066 -0.0700111486698984 -0.152600445282296
0.0161437897043012 -0.0138458653011107 -0.0575559871610454 -0.147794509120438
0.0290743537584012 0.00978349885494276 -0.0557661708412687 -0.16137640912058
0.0221853640692613 0.0500821558367879 -0.0147476397815558 -0.19869098219418
-0.0403188508392544 0.0662170201850262 0.0631362784917016 -0.22216547262268
-0.0868014740059041 0.0128553721642909 0.0742086364000858 -0.258118648771599
-0.0872626956360864 -0.0472315337186733 0.0283050711338893 -0.30621205179333
-0.0600955285105419 -0.112427990295832 0.0904818048125798 -0.211414988581668
-0.0662793448862108 -0.0236360340995032 -0.0329494870133037 0.000583050177803912
-0.0589286708665213 0.0206451207088035 0.12101963897568 0.13537823462087
-0.0280435067577175 0.0223394433106459 0.233898909818306 0.0187567605636806
-0.0126784493464841 0.0280488183323925 0.215427952320606 -0.155677451358769
-0.0017523103576675 0.0391620341867341 0.0923842194826669 -0.243421693482251
0.0214206402717805 0.0430389415811311 -0.026431056751518 -0.233882396763587
0.0328770825867746 0.0424916131363504 -0.082828893277969 -0.181206561487799
0.0266476922367267 0.0532800162265203 -0.0717126773742162 -0.147094225508749
-0.0034514637433291 0.054793216818158 -0.0622815804902693 -0.130698369156607
-0.0323290491599142 0.0629728845273511 -0.0667339368271182 -0.140956231983487
-0.078723226293296 0.0420749340481257 -0.0453662858479543 -0.178722478679525
-0.123434681714745 -0.0102322928003161 0.0278230097403181 -0.208817972128937
-0.099931232527611 -0.0997708181419742 0.035387785258925 -0.250073069516595
-0.0556122279316715 -0.174786119932161 0.0103713350843847 -0.28655640583472
-0.0256237869962855 -0.229231199397716 0.089653255787449 -0.152613977166084
-0.0910727169982564 -0.149791026767848 -0.0521126340065864 0.0464589755338187
-0.162401375221173 -0.0608757059455394 0.114364065680428 0.202174943579171
-0.141415809439842 0.0283475222186171 0.257648064897301 0.0798415720536326
-0.0741578651846863 0.102002908014216 0.253719954613689 -0.126198146850926
-0.0124929192829287 0.110595149705925 0.115573108851549 -0.22043308200642
0.0344888739007691 0.113022923474644 -0.0060183553140213 -0.207327290529663
0.059658014671607 0.111699052482171 -0.0655777563182984 -0.152675740895419
0.0519315001217857 0.122243984706599 -0.0659713783299994 -0.112965797577207
-0.00573942655210475 0.114909824474805 -0.0671983382966917 -0.0872350190755781
-0.0670238301837941 0.120971733675144 -0.0862457184944736 -0.100387573774911
-0.157769478558985 0.0626810625035421 -0.0870276470489498 -0.147166502607062
-0.20368813923703 -0.0476330942266241 -0.0162167488970986 -0.189833206937659
-0.12971389688591 -0.180885372275283 -0.000481892067472148 -0.225413822681653
-0.0354070895544066 -0.274218840989863 -0.0132957664719755 -0.229176622361076
0.0240852570728721 -0.312465332237443 0.0722429348285705 -0.0602370517669296
-0.0818912570335111 -0.268426807320778 -0.0813127918652904 0.108632457734816
-0.238712381526736 -0.161900196801914 0.0828099410390486 0.272047111239103
-0.250145577359435 0.00594678613555729 0.251510999925701 0.155993860410849
-0.147049587371244 0.155701329724574 0.272408938651153 -0.0683555007244188
-0.034702713398953 0.170173463024714 0.131310260461332 -0.167033710471058
0.0366061121738897 0.169837150637395 0.0168754546502263 -0.153423579892455
0.0786668651765161 0.163367276752623 -0.0391629616648939 -0.100601493621005
0.0769153419448028 0.171922556068228 -0.0502910323232272 -0.0587799084411731
0.0050117289076804 0.159743421051624 -0.0644254295255988 -0.0276831777362606
-0.0747682975661143 0.168964690380447 -0.101406174611534 -0.0453765829553816
-0.204089536074091 0.0943047294696237 -0.120758396714427 -0.100971901479572
-0.26033970770038 -0.0550049052013027 -0.0556094766666326 -0.159299857456446
-0.156868784640181 -0.223285398483856 -0.0190202633495476 -0.187466132919473
-0.0198936156095971 -0.331774104661167 -0.0303959388175663 -0.144522970326365
0.074261594839771 -0.341300184158781 0.0370749625267627 0.0517477417704746
-0.0419620843874313 -0.341743515582438 -0.115324715105383 0.175686788747731
-0.257067004628814 -0.251643775348891 0.0281642628572637 0.321087733492688
-0.315000576719276 -0.0399558331192098 0.205613483216532 0.223808321921047
-0.20556429036806 0.170714710678411 0.254592786121989 0.00682898343493625
-0.0584183901747209 0.202456209742978 0.130250630357422 -0.0902191395895519
0.0301289047008391 0.1998344787768 0.0363867508364094 -0.0788066321585879
0.0849847712580718 0.191344028549829 -0.00828240017208029 -0.0336961841432093
0.0913917712876867 0.196019313554131 -0.0256844095026241 0.0076465805872365
0.0170800818002195 0.182636251983449 -0.0522924849390635 0.0387415079540386
-0.0686368344944697 0.194003133411758 -0.106465363996343 0.0146001695300105
-0.217619835107895 0.113029817354958 -0.139642582454453 -0.0505103556029863
-0.279871852747143 -0.0553913982430133 -0.0784888360381779 -0.124956240500521
-0.159949195524372 -0.236887108465858 -0.0180248947604855 -0.143254769583481
0.00243784917727677 -0.342555043103372 -0.0379812627645557 -0.0478632992070763
0.107637967510165 -0.306743092247589 -0.0061760927315128 0.160495016953627
0.0115854086703435 -0.342343428479371 -0.145442367688703 0.230824697593831
-0.21385860495572 -0.290138664009193 -0.0336582320043722 0.332199140086701
-0.309288927186031 -0.0857263851889535 0.132525212328223 0.260829218166823
-0.2236234766857 0.148074398286652 0.202803450141334 0.0770880249859336
-0.0712796403602582 0.197895609874864 0.111712631959953 -0.00735658711383159
0.0210183617265871 0.196945339958689 0.0496727257602359 0.00204115767356721
0.0793999987059338 0.189023356675895 0.0225975081617842 0.0358090125319293
0.0917487891789563 0.193458931695901 0.00309860988655514 0.0750688113124148
0.0226227103749383 0.181183397669576 -0.0364772059793096 0.102321992341492
-0.0609439224589518 0.191632581241982 -0.107383145255878 0.0704849387963632
-0.208232716657394 0.106332385522779 -0.14659350600863 -0.00731014769248608
-0.262492208442707 -0.0639019918551356 -0.0897431399387289 -0.0946664064230102
-0.130546803707776 -0.232179208816454 -0.00571550892125029 -0.100592677057449
0.0333882013798996 -0.307643013589791 -0.0417046651731568 0.0459757434507454
0.112749354806167 -0.216985496878662 -0.0436713512435136 0.246022313997719
0.0522235457827789 -0.27000898617464 -0.156648564352112 0.266716524091791
-0.137345963922403 -0.256865954048654 -0.0779703534122838 0.307851233243795
-0.241021651757686 -0.100065545989753 0.0622091478097631 0.259882112313878
-0.191723362707208 0.104541113681915 0.137432414656954 0.125661843133876
-0.0648729730206998 0.160504428985239 0.0848689973047978 0.0643464139685805
0.0122817351652575 0.1625113186424 0.0575838057998777 0.0749184763071325
0.0628798325176704 0.159480449284698 0.0503591718820148 0.0974096496028843
0.0759625606541864 0.164532834630452 0.0286574467196645 0.13582313771547
0.0186551732662122 0.158888191387192 -0.0249397902968855 0.157844416387743
-0.0556999289060477 0.163966254918169 -0.111978069233898 0.11647789617436
-0.181727024891573 0.0781632752158578 -0.153506543732433 0.0223712862453439
-0.215686105948255 -0.077029042094511 -0.0972095883392369 -0.0739349095533652
-0.0799936555519761 -0.20922154819281 0.00581496898844278 -0.0626808498812165
0.0688160685596947 -0.236656273674548 -0.0516107488809672 0.127124076223522
0.0938295831075572 -0.0893130225006159 -0.0607341525944407 0.293474842487591
0.0684761039847192 -0.150133878834487 -0.141816425032391 0.279419939540314
-0.0574351820823314 -0.166795939160917 -0.0905945731515377 0.26679992127086
-0.139770111138036 -0.080243031367308 0.0167491291070697 0.236817800117576
-0.123310917821638 0.0551430126823665 0.0842131339953004 0.149470315128331
-0.0440060234595246 0.100577114418167 0.0627728409986533 0.11273311194927
0.00562565613959099 0.10240334551882 0.0628566588123676 0.126914783415533
0.0380228254226931 0.104988865858298 0.070147501335602 0.143641284735484
0.0489322597183573 0.112579590143372 0.046445368532916 0.185234888163044
0.00861686937270138 0.116098385601409 -0.0232634403376493 0.200030885746734
-0.0473972069202362 0.117107921099837 -0.126939353487108 0.149111951050711
-0.137744724989599 0.0407879036888176 -0.164746298870102 0.0364163377483001
-0.146012410669838 -0.0818306560235978 -0.106041487673728 -0.0661689206494509
-0.0191520289781335 -0.163311133681445 0.00969790840763796 -0.0340842963369719
0.0965523425978754 -0.135446183906021 -0.0711998306671627 0.185999702787532
-0.0667772562061187 0.0399336046450028 -0.00345334648516402 -0.252427975620019
0.0118064480357329 0.0859175628010489 -0.0334279900378564 -0.0133668614582663
0.0695960351077193 0.0508146161296835 0.131931403942347 0.048513279116799
0.0625389559052579 -0.0283257116667943 0.185442584838933 -0.0815690501762183
0.00937133925122004 -0.0561960817475093 0.114148532739934 -0.209121176063416
-0.0114614691190486 -0.0309293287871556 -0.0166339083024882 -0.251315028888546
-0.0099716867302118 -0.031043279048343 -0.121372109513686 -0.201013550402417
-0.00919927502922489 -0.0321690959982038 -0.146757665141268 -0.137116418540039
-0.00218901989132302 -0.026682768870331 -0.119821278529046 -0.11991631774968
0.0109564868406234 -0.0165063791365958 -0.106356031480161 -0.119960960277919
0.0303675958226518 -0.00012435447930163 -0.109315955309397 -0.131618663807546
0.036951495686164 0.0397052017946225 -0.0810670919316505 -0.183179203201305
-0.0161389580015067 0.0760813982839555 -0.0117563485391474 -0.233974930652816
-0.0774541717331406 0.0429007915921565 -0.0108032815676368 -0.26744343799743
-0.0983643103711907 -0.0144228684574271 -0.0682026624782462 -0.295508128287509
-0.100644877570778 -0.0894928330866272 0.0189268719658063 -0.230200366430764
-0.0728957087484627 0.00163437985064074 -0.0284939899397111 0.0124364052695478
-0.0471690446341408 0.04044382055002 0.161937469011372 0.0856958359682971
-0.0173845942310187 0.0315040279649127 0.230385508464389 -0.0634347099822149
-0.00143122095252608 0.0295314507860237 0.15037894880808 -0.224042242470356
0.0133928125826032 0.0344492276531881 -0.000539100343845735 -0.264616988126982
0.0362450643971063 0.0322268905005685 -0.111484895040355 -0.211008396068021
0.0456574681847937 0.0278627408679212 -0.143953959251522 -0.137857881922328
0.0448698943493313 0.0407114321757765 -0.120840413697871 -0.113172283009564
0.0159976963833419 0.0540296528785489 -0.105886855742427 -0.10356423622158
-0.00806903738879371 0.0712640040540563 -0.112609716193105 -0.110567256040405
-0.0611424285983802 0.0675004784943051 -0.1015029792016 -0.154950526316134
-0.120301659074324 0.0325849994451714 -0.0405749352324214 -0.207707155959379
-0.129616449053072 -0.0596029390991333 -0.046975227074953 -0.245497001210174
-0.110635262862531 -0.148393697844962 -0.0827956712285162 -0.269358155806438
-0.10990574173687 -0.21498239711856 0.0412615293735328 -0.1697373289939
-0.143042601725566 -0.109705858722723 -0.0243182640330365 0.0643273508966961
-0.174744999568581 0.00232793839053826 0.184541715199686 0.147109875091838
-0.122432959279432 0.0803071074503204 0.275352024465545 -0.0195713919317426
-0.0321895166037591 0.121065063701611 0.195095279490434 -0.213005135701246
0.0281527336523265 0.106443809193014 0.0276146809224922 -0.251711128741825
0.0736176942259828 0.095489308365773 -0.0835593706251755 -0.19568536948455
0.0947322221120846 0.0820504250786237 -0.119529561929563 -0.116581838797794
0.0926564990914717 0.0961866545600617 -0.103713698417164 -0.082854030587068
0.0339887756571219 0.112066389969498 -0.0968739404795587 -0.0624344963965688
-0.0204391865449726 0.137496304560686 -0.118756637082148 -0.0671650007506946
-0.129329995944309 0.114612940924374 -0.128429904742773 -0.111163479347612
-0.20902134843265 0.024879423068978 -0.0761271740577073 -0.173525057303941
-0.186078905283875 -0.125621828158844 -0.0744461654602177 -0.209891115993321
-0.12404022270045 -0.250808921476358 -0.0900443492334969 -0.206160238818803
-0.0930259316465326 -0.313015353939516 0.056108588572416 -0.0717918750377189
-0.177982818991157 -0.225606615263073 -0.0261316745462277 0.137780783343934
-0.283468758479863 -0.0651483991744282 0.185577253277143 0.221971649653158
-0.233378048767799 0.100305756591504 0.29866209516267 0.0501479721242467
-0.0804604617648343 0.197778858467507 0.230560023753492 -0.168231410162556
0.0282410331981542 0.170645061934792 0.059508456890277 -0.207754545650293
0.0960492212557873 0.148995911730944 -0.0435021797465526 -0.1551510081144
0.130570791118124 0.124749367224496 -0.0777299828785257 -0.0776381244217563
0.133352212506426 0.13326147058818 -0.0715106595365082 -0.0367200397922955
0.0597786386958249 0.150393579049427 -0.074073618590116 -0.00736097312961484
-0.0110381324132671 0.185107307201511 -0.114165806280185 -0.0114097054521425
-0.161488049711793 0.161027503136417 -0.144407413675461 -0.0569677021606154
-0.265032492946443 0.03774179897935 -0.102518826365089 -0.131006663150745
-0.226702570422337 -0.157071852800262 -0.081294766878123 -0.166889027027506
-0.12923676792319 -0.311956542532415 -0.0822278154895582 -0.120754526447553
-0.0539543281310561 -0.358646396857729 0.0611641332645951 0.0490897928672919
-0.165980714369881 -0.310099569147218 -0.0341830010439193 0.216078827561963
-0.333404888419961 -0.141758422477749 0.155071862256613 0.286976120063171
-0.311877822164214 0.0816390884080302 0.281201244588605 0.128397995310734
-0.130199850919045 0.232826749865479 0.239609935085823 -0.0927385034433409
0.0174133736014315 0.209261046648222 0.0849146375239655 -0.135859133839356
0.100896946062488 0.181434018066217 0.00307775937044405 -0.0934136130421422
0.146693621789818 0.148521899685411 -0.0249672374623451 -0.0272807708161138
0.156045397069151 0.150721751309279 -0.024727380184001 0.0170702796875806
0.0789544113094972 0.166259791347732 -0.0396872776565654 0.0512249455993261
0.00283008909585292 0.205841518779625 -0.0989564807671517 0.0466009575425607
-0.167840141652822 0.183031342678088 -0.145001158705956 -0.00436357931037982
-0.283064831958275 0.0444271962187902 -0.11304026044811 -0.0906874245310465
-0.233696182845613 -0.168609617209419 -0.0670269811371437 -0.125765038436483
-0.112741908783421 -0.329488333868024 -0.059022466733362 -0.0266200363971823
-0.00896109048532786 -0.335758327049841 0.0544261262082485 0.167785223247496
-0.113967685594675 -0.329492147636869 -0.0462096692766794 0.280275546956546
-0.306586178172313 -0.194307711585103 0.100628548280739 0.322436887514443
-0.32318763831469 0.0379222118107405 0.225964842074523 0.189823984982518
-0.155195510832065 0.219137434361849 0.215543052719068 -0.00825428660868735
0.00363272832731765 0.210693087255038 0.0978894609557283 -0.0510398700947768
0.0910011242373914 0.182525449762335 0.04583455225092 -0.0222221815996047
0.140701601171714 0.149088984628459 0.0295920129496342 0.0249523966279662
0.154141307475152 0.148031189646728 0.0259526554539285 0.0702676286420118
0.0834671272700199 0.16359434239695 -0.00251001720079956 0.106385438537545
0.00936651634992938 0.20043991497251 -0.0800541946195552 0.0997243627186191
-0.160636192332037 0.172242327316311 -0.138492059435214 0.0394505646204695
-0.268901154112217 0.030680005926118 -0.113938435153563 -0.0576889277162224
-0.205043703011747 -0.172589247477216 -0.0416647358862975 -0.0898566750861382
-0.0715530816224663 -0.307310329577477 -0.0328684527927586 0.0619016698746825
0.029872799848135 -0.249809063237325 0.045501039553289 0.260448385238136
-0.0484491998783198 -0.274630416636572 -0.0495800014459241 0.317662236935541
-0.221777815089556 -0.190368845298389 0.0471854492226526 0.317785714032503
-0.264924009636513 -0.000985500158806652 0.157893048234139 0.217834025917373
-0.140533670569022 0.167324834752556 0.172060382233085 0.0627372327947347
-0.00326508611029648 0.173674456489965 0.0992073077355226 0.0270649249773088
0.0708940798662765 0.152317902019695 0.0807917696544312 0.0440188863532733
0.114203432770962 0.12697549875055 0.078658039852501 0.072500223570351
0.128715649579018 0.126630787951613 0.0727319975613995 0.117691937981703
0.0724489700577448 0.143092918893921 0.0281049965894303 0.155230434281086
0.00490189533799074 0.172177796212582 -0.0680177414046285 0.14488086827173
-0.145402731202757 0.136382526221308 -0.134975038404955 0.0697987509093377
-0.22923926508037 0.00137999980654086 -0.115158644273439 -0.0362767030308712
-0.148331369795152 -0.168899132651595 -0.0193589118909746 -0.058960046742451
-0.0138899578467621 -0.251485958586619 -0.0153883351373867 0.138791732995647
0.0594338834947264 -0.118941573018862 0.0402641921061195 0.307062933495744
0.0124810534015686 -0.165454040962345 -0.0371582862218591 0.321382236345553
-0.113364660294414 -0.134277495276672 0.0142353941653287 0.286521055454604
-0.161194946434546 -0.0204690250990039 0.104272744823588 0.21698244636435
-0.0944692936219359 0.0966908803468896 0.131137542834702 0.107534394879155
-0.00382123114685677 0.110517490392152 0.0976858535894238 0.08212264483961
0.042680045618528 0.0970437387733455 0.105859330884617 0.0921431404952416
0.0720298860220558 0.084863130385789 0.114920375397642 0.107919494692734
0.0852838237625131 0.0874172662832539 0.106539448759032 0.156471609008166
0.0487356337601207 0.106093699161841 0.0449771799565006 0.194073023876048
-0.00398423484263013 0.125629146936565 -0.0688856101892789 0.181093726756188
-0.116691332452395 0.085800856618635 -0.14250014475525 0.0881392248690722
-0.164599317306278 -0.0265829662997275 -0.122035588615747 -0.0260867056376037
-0.0743266566238391 -0.14604099383199 -0.00640011270886014 -0.0346127362848859
0.0470281213989579 -0.162692816618607 -0.0120444738949375 0.198339984236994
-0.065772732373649 0.0421170492744613 -0.0105313977967449 -0.254723005634425
0.0139684668417698 0.0859745418710633 -0.0344134733926466 -0.0102902584068044
0.0719405877563278 0.0486859928111882 0.13657373441369 0.0474701990735529
0.062086417344921 -0.029455690793898 0.187783376984163 -0.0874020758267894
0.00664999980654567 -0.0547022088776942 0.11050618163769 -0.217975201679975
-0.0117339236001246 -0.0304938626055403 -0.0258119281650951 -0.256048429030017
-0.0110734710516562 -0.0308179881913247 -0.129038831592687 -0.198641451907554
-0.0104025921273843 -0.0317807679268546 -0.152457353912099 -0.132755102938141
-0.00175314013963863 -0.0267316964055624 -0.128073916656112 -0.117662764231172
0.0113343830734814 -0.0166717019806998 -0.11396523660939 -0.119010878662813
0.0311245408280671 -0.000390858265293059 -0.115546900292835 -0.131013389298857
0.0375246543951696 0.0394362258380973 -0.0862161285767431 -0.18415504335335
-0.0143293794433987 0.0770707422739813 -0.0164638532983214 -0.23837493857781
-0.0771846779551636 0.0447259725667584 -0.0139417993335918 -0.270536690889379
-0.0998337967234724 -0.01201426906975 -0.0746822274198798 -0.300676833938816
-0.104535193836044 -0.0885346165419607 0.0127367153593941 -0.232387064535386
-0.0747046158092079 0.00190959245618305 -0.0279986218490755 0.0157028459021817
-0.0470552030574343 0.0419014774767834 0.166907108693051 0.0850132897666233
-0.018275111246542 0.0332176052695976 0.234083762303337 -0.0701416782030581
-0.00143188633317021 0.0315748396191801 0.147850215761664 -0.232911211656172
0.0151074917713593 0.0355715532613456 -0.00910258578244026 -0.269880511550086
0.0382322457715302 0.0318127725448031 -0.119585074881444 -0.208958291675233
0.047536236335735 0.0259291039301406 -0.15008821423311 -0.132095385829803
0.0477265379762802 0.039223077268702 -0.128241536328886 -0.110301596413434
0.0183663364325549 0.0555100251523368 -0.11323032305196 -0.101452310549985
-0.00560288372361487 0.0738902228359668 -0.119395001534411 -0.108758034931199
-0.0618165309487416 0.0704247671618136 -0.107343448737857 -0.154209539913077
-0.122101955298723 0.0363754005521596 -0.0456302768696744 -0.21185371582806
-0.132949339849927 -0.058856134315442 -0.0513351849929445 -0.248362571046966
-0.116385429923933 -0.148266243651513 -0.0901268586910756 -0.273490867961098
-0.118108384828366 -0.21549359597878 0.0370963851614475 -0.170433164868326
-0.148163788370187 -0.108881900644603 -0.0230790340479592 0.0673422177773156
-0.177094922642755 0.00754657637478352 0.191773874050842 0.146385764571936
-0.124318389801611 0.0858233965424209 0.280642578804508 -0.0257996369007783
-0.0298604994280049 0.125057072385227 0.191436853063746 -0.223138192934188
0.0325815150748945 0.108076771234599 0.0208696868073955 -0.257058842537703
0.0779236789029751 0.095228810370641 -0.0908098426833079 -0.195014662438023
0.100340193272723 0.0793189617898397 -0.124984164068754 -0.11181000551487
0.0987382270896166 0.0938846534533269 -0.110330833135725 -0.0800055187889813
0.0385598023634508 0.114378849291284 -0.102017113918236 -0.0597793782177728
-0.0166047128645596 0.140945490325156 -0.124631534549395 -0.0645112582325431
-0.129171965565873 0.120547929457835 -0.13385948066556 -0.108931045900361
-0.212045663637611 0.0322949340230536 -0.0816067478204401 -0.176195691657486
-0.192643217563804 -0.123726316195056 -0.0798245064547538 -0.210345279540393
-0.133737846586066 -0.253022420435535 -0.0964683587682266 -0.208300574823559
-0.103588278921734 -0.316130964344754 0.0540700475019226 -0.0711655139231343
-0.186103480206409 -0.22573940501141 -0.0227747814320398 0.1416447424977
-0.288633679001758 -0.0568780255363098 0.194398499375081 0.221973420745696
-0.235411561595149 0.109206883077094 0.304146869400431 0.0452031148237087
-0.0764839219217699 0.203684160528045 0.22887496496044 -0.177463244922213
0.0348654402998369 0.173417574408761 0.0546090106954398 -0.213223886605381
0.102747635340644 0.149007108123609 -0.0482107586022491 -0.154614851941428
0.138277980288818 0.120818373637128 -0.0816230980198175 -0.074382036955062
0.141216772017383 0.129589460773236 -0.0745040093615882 -0.0337539391622371
0.0655279604067641 0.150997490497847 -0.076767385281631 -0.00462494014914488
-0.00519652456071088 0.188694589066025 -0.119084931670273 -0.00648804197266899
-0.160354493676473 0.169602488647497 -0.148943322840664 -0.0527226524323184
-0.268372939618025 0.0478026089398574 -0.108417704198543 -0.133091713273705
-0.234818479825073 -0.153956496013089 -0.0870840009617166 -0.167314249528452
-0.141345489011067 -0.314937689447058 -0.0861511797888109 -0.120412958848391
-0.0658822073761408 -0.362682503851602 0.0613305093758082 0.0507051408808814
-0.175446883475742 -0.311727667028782 -0.0308554836002082 0.221407156235771
-0.341851478610391 -0.133886794948588 0.163863628192376 0.289237103983378
-0.316188616729925 0.0924632368953911 0.288335753388928 0.126167113965194
-0.125118945493359 0.242190739872941 0.24013877077997 -0.101622463205731
0.0246609675447685 0.213528507771556 0.083259733755201 -0.13986291172258
0.108355716520296 0.181549239850141 0.000705215449764217 -0.0941510530442859
0.155273749389687 0.143997693923886 -0.0263707704532013 -0.0261592121439525
0.16443833020697 0.146337333849564 -0.0248449229691695 0.0190835767810631
0.0851525644851789 0.167631667484323 -0.039249523273005 0.0536886826865964
0.0105640594184602 0.208664760201404 -0.100563627426376 0.0516113889685028
-0.165349140674524 0.192266299134241 -0.147743087577847 0.000811503469843792
-0.286414198939765 0.0550160954801121 -0.118949153364892 -0.0914200979757752
-0.243262691997835 -0.164443926804375 -0.0715849826110962 -0.126033644650269
-0.12510920712101 -0.333214229554276 -0.060641920655704 -0.0263509416001253
-0.0201407721119842 -0.340533046965227 0.0574577957914963 0.170703277410963
-0.123113740685966 -0.331956488766633 -0.041856677802692 0.286562058049963
-0.315009664482736 -0.186495681172552 0.10987574813017 0.326090301669066
-0.32855695291371 0.0480026330936616 0.233765917637963 0.189814796935543
-0.15026884062759 0.228221192452472 0.218814156708373 -0.0147613011674817
0.0107523016525731 0.213906593853207 0.0990022222173029 -0.0538676333018318
0.0981961120692032 0.183354190395198 0.0463840911406237 -0.0240884118875076
0.148843817827494 0.145694696262898 0.0303225237928885 0.0247674783449731
0.162736815427902 0.143097233333866 0.0281927864964279 0.0700134149301893
0.0901789350090632 0.163536831424887 2.77460746099474E-05 0.108627824076783
0.0155966830740339 0.202144762112195 -0.0797596971555193 0.105323266576934
-0.158435925494856 0.180743223254313 -0.140052657380625 0.0446537505791045
-0.272204979202887 0.0400976042929072 -0.119622225570627 -0.0580153065808017
-0.212975507532989 -0.169908946120464 -0.046995078576495 -0.0904994976682665
-0.0827714127037081 -0.311702014336175 -0.0315876936474519 0.0634911024323058
0.0215893939643605 -0.254299393777321 0.0494169782200459 0.265371680713857
-0.0549982888944094 -0.278696588211928 -0.0450108294857916 0.323773758734795
-0.22950529103439 -0.18523116188704 0.0546221094888601 0.322731753047807
-0.269667363919563 0.00651766034663638 0.165892298721435 0.21966740700705
-0.136577971347678 0.175041674339847 0.176565211174596 0.0585973005154363
0.00267469057734724 0.176042655340467 0.10264317490105 0.0255070908127174
0.0766574783528872 0.152512144430166 0.084529813714759 0.0412422087458592
0.121543516057062 0.124174198223019 0.0817311506560858 0.0701345928290086
0.135506296703784 0.123054096146094 0.0772433057810212 0.116306550875297
0.0777225552601849 0.142615084556314 0.0330487062274021 0.156332308397031
0.0104521146678147 0.174186179327715 -0.0654919303179988 0.150405695894009
-0.144331015784558 0.143434392445407 -0.136535959423915 0.075149046032601
-0.231652389685894 0.00956861885632737 -0.119905288049806 -0.0355031569580397
-0.15487893925483 -0.166709299856498 -0.0230424564470586 -0.0603764551008948
-0.0222364462352594 -0.255158917594096 -0.0110189119167357 0.141029895433463
0.055462374806292 -0.121508953740071 0.045960475784201 0.31249783968438
0.00849303300504588 -0.168351775417729 -0.0322903981406217 0.327500142014181
-0.118029138465424 -0.131689700925164 0.0200150484649989 0.291188536356725
-0.164779995436435 -0.0163754302622839 0.111926569028202 0.219255456660174
-0.0917745501442084 0.101002955322814 0.136861884868759 0.105850796801405
9.29795650584722E-05 0.111598529910299 0.102787344795351 0.081009263791255
0.0465006550493117 0.0972648679317416 0.111118415921008 0.0889927416606754
0.0769507348667806 0.0831790286982793 0.120035215925744 0.103829611148517
0.0892598133902753 0.0848202963197031 0.113507626053831 0.153441977207857
0.0532709515541486 0.105592970977627 0.0519997311085447 0.195625974071839
0.000825964557393623 0.127440036396452 -0.0650211686752196 0.187073362272161
-0.116509296446917 0.0907606348675577 -0.142967769297711 0.0931275908376007
-0.167353450877456 -0.0214859457936612 -0.126857125351767 -0.0252051404474334
-0.0797851724766578 -0.144947236835327 -0.0088699785198865 -0.0356030672536928
0.0418578779159141 -0.166467555945669 -0.00607852797078029 0.201506280054814
-0.0668834063005452 0.0443319188699423 -0.0169325174026436 -0.26187290567304
0.0161761845931497 0.0867465690639627 -0.0358355958574245 -0.00739002943702949
0.0746953782864618 0.0471151672274524 0.143536068622678 0.0484909908870801
0.0623958724532219 -0.0318127453231962 0.192474973873405 -0.0946957549905594
0.0044445523248136 -0.0545641140239798 0.108564542035785 -0.229606257023557
-0.0129970820051024 -0.0307837860859294 -0.0350467941659054 -0.264668453708029
-0.0114733541458344 -0.0317640718378161 -0.138752037468898 -0.199452504926227
-0.0120887765906978 -0.0329717273628494 -0.160509665083341 -0.129514034744664
-0.00214993849719416 -0.0277510308581375 -0.138024835240679 -0.116676178610508
0.0122904707594405 -0.0173409619162804 -0.123950190609404 -0.118744580291775
0.0322639535169092 -0.000613587782607786 -0.124373293043985 -0.131734809949765
0.0382944358331559 0.0393770000092976 -0.0944128967760337 -0.187793818132697
-0.0129766161547805 0.0801948561453577 -0.0207903003239071 -0.2477642344309
-0.0787102186078609 0.0467026271089648 -0.0180424094314257 -0.278479420297175
-0.102694363177089 -0.00909152554726138 -0.0826514014848412 -0.310816655637015
-0.110054463340204 -0.089455748413211 0.00684631853823695 -0.23830396113144
-0.0780157137594329 0.00232568825765021 -0.0295529193831522 0.0188561085803376
-0.0483752201456987 0.0439265719227502 0.175544550813952 0.08621194614573
-0.0190581357588957 0.035085786255682 0.240650414447857 -0.0780176499455075
-0.00137387636691536 0.0346311373469742 0.145400781204183 -0.24643133947535
0.0174913342315051 0.0368141382347431 -0.0180831555525966 -0.279248243760771
0.0412169320973413 0.0319405998783406 -0.129828438235548 -0.210138395622713
0.0501626102203046 0.0242396600493873 -0.159077126642301 -0.12856625160167
0.0520121040703006 0.0382895369168771 -0.137630894821738 -0.108493039222172
0.0208907479813671 0.0581634565682869 -0.122089273815622 -0.100560736301641
-0.00374544177649021 0.0771368365182406 -0.127702843700032 -0.108740829489939
-0.063063062200173 0.0752421781322464 -0.114484351747426 -0.15657039053427
-0.125687973643758 0.0409764960848478 -0.0515209615541632 -0.219159560203273
-0.139270624061596 -0.0584742968967776 -0.0569220941318878 -0.253947606941799
-0.123979061325084 -0.150522773264515 -0.0987609420278016 -0.281866869684864
-0.128100417605569 -0.220705294013962 0.0336188125158552 -0.174577872299296
-0.155997242531325 -0.110025419826351 -0.0222100479532458 0.0723961069646608
-0.18235057501873 0.0126684797176535 0.201920367477605 0.148166194507594
-0.127352079964244 0.0923713078166463 0.288980805247415 -0.031906289875742
-0.0269824600675419 0.13135846724125 0.191575121072061 -0.236870442604393
0.0362718525254171 0.111222375871924 0.0129244135503616 -0.267417959344672
0.0842902231704362 0.0966743831931209 -0.099610274591831 -0.196185496378513
0.10748770204126 0.0780998065812739 -0.132474473929023 -0.109190327162687
0.106002681361186 0.0918363582367325 -0.118138567734256 -0.0772895747369472
0.0432143225020064 0.117532425320449 -0.109217722396753 -0.057459671395138
-0.012013694657487 0.146465358323809 -0.132464017952761 -0.0616308983738762
-0.131219863931249 0.129527204588912 -0.14114163769945 -0.108826944808589
-0.218435764153792 0.0395750500707828 -0.0887534198722439 -0.182224546554128
-0.202709721279584 -0.123932640938983 -0.0866985936695958 -0.215293522520964
-0.146535331470295 -0.257819397729557 -0.104348234155314 -0.2137464697424
-0.116599946300697 -0.323744290726368 0.0526905610312456 -0.0722183459359141
-0.19810528412463 -0.229008455218946 -0.0209022315042982 0.148200456900557
-0.29867978884018 -0.0497440320953106 0.205627998717117 0.225850256492143
-0.242493678116121 0.120522368943644 0.316108962273778 0.0409271898757997
-0.0727519851314292 0.214109158364775 0.229783613108799 -0.191205423728105
0.0403225166063552 0.178728342700577 0.0499645169095008 -0.221031982980575
0.111041011437644 0.152043937385178 -0.054026786170193 -0.156774133232093
0.147372754480792 0.118787526132147 -0.0864084903992725 -0.0718571398301003
0.151234286373752 0.127372399087727 -0.0794812263770145 -0.0313628449550741
0.0719875215437073 0.15551782004879 -0.0807124647637253 -0.00145332300775872
0.000796504550782424 0.195129371258343 -0.123940668874227 -0.00184388571699813
-0.161362870612554 0.181649610794076 -0.155734907742493 -0.0504229923842655
-0.276495922946887 0.0583637016484879 -0.116774022162677 -0.136311999674686
-0.247605597918205 -0.153634778738908 -0.0940224329883404 -0.170616347161714
-0.15645429781643 -0.321942744571475 -0.0915813862177969 -0.122537902553026
-0.0797540985305827 -0.373362421738158 0.0625788529162069 0.0539523497134892
-0.189653300906648 -0.319056127063404 -0.0268381960048154 0.230627732899946
-0.355625156237022 -0.127622265160194 0.175547012364187 0.296092313764747
-0.32551722394784 0.104125289249833 0.300652060340763 0.12544035083341
-0.120655842466612 0.254245252179668 0.244571798913109 -0.112487857090298
0.0316876413532882 0.220580859503783 0.0828339425812203 -0.147262725851602
0.118106138739506 0.184638907728998 -0.00205690422511183 -0.0962227606042283
0.166569209701163 0.141844352190008 -0.0279180732939988 -0.0250259020113134
0.175087637096173 0.143084939038299 -0.0261008954284755 0.0203992592888925
0.0926883640596119 0.170771475787321 -0.0395774513137307 0.0573938651445135
0.0168136100930453 0.214581331361831 -0.103647795161073 0.0584994461595641
-0.165838532886014 0.204040389707835 -0.15374285618462 0.00551265440266833
-0.29391487994311 0.0666884222457873 -0.127021742460332 -0.0929191954548863
-0.256210783462811 -0.163753363966654 -0.0784908435151882 -0.127776192908713
-0.140561728126825 -0.342391601700157 -0.0625884804586564 -0.0261816987615906
-0.0306338485621275 -0.350859331826259 0.0614418394357133 0.1779053384491
-0.135781297260249 -0.342129408416578 -0.0373938211774933 0.29874912288934
-0.328809959582996 -0.182470941169636 0.120024330687975 0.334410316057172
-0.339208818674125 0.05950771758057 0.246703151503508 0.192972004991509
-0.146795410883845 0.240276469468608 0.224676281555429 -0.0217412069248403
0.0187542320365303 0.220194940222847 0.101368085588295 -0.0579435748533516
0.107719031097341 0.186651054187536 0.0482633445311689 -0.0255061992923502
0.159913183226968 0.143633708255769 0.0323327491889291 0.0247654554812982
0.172725115911392 0.139813737094588 0.0313395987506753 0.0710812591689075
0.0975589881596787 0.16610541234934 0.00418236578184401 0.112611839185104
0.0222495403805495 0.207276196973867 -0.0794210239260144 0.113144102113538
-0.159971162174102 0.191713316636758 -0.144827074338058 0.0502930685690054
-0.280556771976259 0.0510155388838561 -0.126856648358819 -0.0585774892023126
-0.224777396130674 -0.169593293408867 -0.0518516612453963 -0.0923506914271509
-0.0965956313342577 -0.320296034218129 -0.0305646308973839 0.0663173208478941
0.0136377835815862 -0.262418806640461 0.0548083649392147 0.275297701080695
-0.0636160792270451 -0.287544428471953 -0.040973784283657 0.336306149538214
-0.241014609460778 -0.183273842014416 0.0627267193108475 0.332588758708627
-0.278942735976495 0.0144304215996281 0.176528383351734 0.225496577462531
-0.13452354334314 0.184602053074507 0.184059471200748 0.0553882488520539
0.00927527459186841 0.181245442399061 0.107588247627295 0.0238293811061958
0.084373504025855 0.155138460345291 0.0894179578080228 0.0396857333656568
0.130879303093781 0.122467388853399 0.0860018512023686 0.0690777439375338
0.143970705608735 0.120008179895149 0.0840046332960027 0.116287974014806
0.0848188340154905 0.14540565653622 0.0399022352610621 0.159868329453593
0.0160299102119159 0.178443977776809 -0.0633055816048742 0.158480601028251
-0.145759527579102 0.152940214502063 -0.139680408389707 0.081815319758955
-0.238783100067325 0.0180576674334168 -0.127180705201816 -0.0348365363805344
-0.164628218775189 -0.167023621851059 -0.0271843228347312 -0.0616287566360255
-0.0323049394788138 -0.264175173370331 -0.00792509358336968 0.145834293030741
0.0530361897913544 -0.125607810478444 0.0525212958075937 0.324462097462564
0.00539884033998932 -0.175612168133139 -0.0288108451590694 0.339590434762817
-0.123167388204051 -0.131800594528101 0.0269103166652666 0.300728786912653
-0.170477491975467 -0.0118823190716191 0.122249769160992 0.225335870963706
-0.0899013129751483 0.107118538109026 0.144777008319094 0.106383451643094
0.00447451273307357 0.113403804976274 0.110101824154488 0.0810197571450061
0.051140790990897 0.0984935782884803 0.11851181966144 0.0873200398387976
0.082432078654305 0.0828760293687262 0.127179417367249 0.101034081988842
0.0949388223315006 0.0835977937756415 0.121916202183497 0.153169449836057
0.0579970347903089 0.107266108637443 0.061394819123296 0.198932932214199
0.00435575964215958 0.130141554316635 -0.0610147929453615 0.19619850728304
-0.118370167770463 0.0970460918200072 -0.146546473628461 0.100147145827717
-0.171765401904881 -0.0159225228683585 -0.13370716170869 -0.0240904204561386
-0.0857141936491457 -0.146115554790246 -0.0113300714745275 -0.0371020705701775
0.0372279105184352 -0.17409973463963 -0.000419977581010982 0.208036036980367
-0.0668089905875314 0.0479646868011577 -0.0291451800557912 -0.270551551590436
0.0194088310166258 0.0885352305791991 -0.0368763053326289 -0.0031840847717464
0.0778925239460946 0.0443601246582015 0.152795912722053 0.0467134007546492
0.0627839573034984 -0.0358265111146967 0.19724890523569 -0.107540490826629
0.00138225978831152 -0.0552577490844497 0.101389517895649 -0.244594931753045
-0.0143942069069178 -0.0315493274862938 -0.0503782445829441 -0.274827079770026
-0.0130814982066758 -0.0325998019942184 -0.153419408880855 -0.199181282240306
-0.0146136423403698 -0.0335041462994845 -0.1719126910478 -0.124391655626431
-0.00364726736374841 -0.0288193993253338 -0.151229689883508 -0.11255635244877
0.0129196722200974 -0.0178953274733286 -0.136660006505943 -0.117456378428973
0.0338194995717979 -0.00125890461085137 -0.135027062123539 -0.131210282070748
0.0404524654118579 0.0398011811117741 -0.105339862960036 -0.191061759096443
-0.0100599235478745 0.0831156544666347 -0.0308951458802044 -0.258207899917329
-0.0799501644817514 0.0520489194513241 -0.0266925410290812 -0.289877004493641
-0.106010440973811 -0.00497533340947922 -0.0973057884109968 -0.321551861408984
-0.119086438290183 -0.0886641970806486 -0.00238458573695762 -0.246048918732635
-0.0810597275430951 0.00453666945033626 -0.0288811034575487 0.0229761595957375
-0.0494391838966864 0.0471690057679543 0.187411589223778 0.0840638741406603
-0.0202721358296692 0.038095481749683 0.247426071023647 -0.0904110368709654
4.62800879550175E-05 0.0373879296865472 0.139813046005237 -0.2640817365377
0.0192036309829354 0.0381080471967391 -0.0327146738329322 -0.290571500648122
0.0443695500776067 0.0311289582506032 -0.144330789937771 -0.210995687666088
0.0540642904827361 0.0225434873881767 -0.170007533960187 -0.123009803853099
0.0562310138379585 0.0365975368764543 -0.15127959001121 -0.103659825275626
0.0250846794216631 0.0602640267442646 -0.134001767644697 -0.0983503429724452
0.000648307367756101 0.0807104595744725 -0.138708792653705 -0.106685115411037
-0.0633233435339692 0.0824887003164931 -0.126164455715942 -0.157346443359119
-0.1288073007585 0.0484460379429593 -0.0622586938914372 -0.227598229290897
-0.14723081175433 -0.0554622836633211 -0.0669765190230078 -0.261810587031219
-0.135795177051844 -0.150898950573224 -0.113415686762231 -0.290442180135357
-0.143601578411863 -0.224728864451619 0.0273684094023381 -0.180122034460189
-0.167489161534625 -0.109099486655643 -0.0204504933600507 0.0784237684137624
-0.18989750632061 0.0211132578570683 0.217076941772763 0.147732970842356
-0.129518905933168 0.102980857775633 0.300942194420905 -0.0448402664688015
-0.0223054778737823 0.138601043121294 0.186802955559499 -0.255177644179679
0.0426221393332016 0.114834523177507 0.00158338692258316 -0.278727784681358
0.0933465738589618 0.096296028302147 -0.112571006955716 -0.19858236983818
0.115540266708995 0.0749267347484817 -0.14142631429563 -0.103807716486055
0.115512088848748 0.0885580924209711 -0.128837018828862 -0.0724334207185877
0.0509603041427267 0.12197398161016 -0.118145676783122 -0.0537641652954862
-0.00484331215502319 0.153603906108015 -0.141428035393286 -0.0575413689191605
-0.131838902891986 0.141829381552576 -0.152507423406738 -0.10579669302246
-0.225448134778542 0.0520198804986746 -0.101026091317508 -0.187465455275347
-0.216617011126368 -0.120887228440561 -0.0971435722836218 -0.219471427905142
-0.164705259269423 -0.262253023437146 -0.117189035850461 -0.218792373910295
-0.136053335007219 -0.331248923887432 0.0526267693926486 -0.0733800661697382
-0.216595980182127 -0.230905265258324 -0.0161810848090691 0.156618671931652
-0.312397298848126 -0.0380247753221805 0.223180658194837 0.227790175108979
-0.248129470340861 0.137040872891813 0.330667837138576 0.032080570104465
-0.0644995898476174 0.226660980581379 0.23023691235633 -0.210591634616008
0.0505555365293174 0.184586831064012 0.0424180876285869 -0.232658965164137
0.12320147823573 0.15264084060774 -0.0629866158022812 -0.159164863608077
0.160269959356084 0.114445256417126 -0.0924185109626272 -0.0674971721023373
0.163928707011509 0.123245496413391 -0.0848920047231441 -0.0271217211264134
0.082587378744082 0.159308916505379 -0.0851678467948934 0.00393572579031856
0.0104437807816335 0.202572755610006 -0.131158676639999 0.00502840038004342
-0.160439920950424 0.196932105500384 -0.165880111993151 -0.0449423928068325
-0.284576482116745 0.074477046665135 -0.129003706077771 -0.138294586651376
-0.264407349559657 -0.148792800132295 -0.104537820232752 -0.172887179711717
-0.17826350250869 -0.328184877131375 -0.10034023445599 -0.12421126920404
-0.100889763628707 -0.383115975472226 0.0667594484192166 0.057061098384941
-0.210497817742753 -0.325075112063523 -0.019308825680698 0.242072553571152
-0.373791635082854 -0.115133615036453 0.194397778270805 0.301431568959152
-0.335306772920369 0.124059453952471 0.319273134392694 0.120374684868867
-0.113253971376337 0.270566555058698 0.248284987048219 -0.128626908036383
0.0435808185177643 0.227129959921389 0.0800908071044278 -0.155716626044851
0.132124481771387 0.187523878835275 -0.00582842318904928 -0.0994011275601532
0.181166461863143 0.13738035248447 -0.030837854953831 -0.0227701709923273
0.189941172001521 0.137159692529121 -0.0263998134626834 0.0239377163163854
0.1053813191408 0.173830625641219 -0.0389953824483454 0.0621938946693949
0.0274997237339107 0.221856566122613 -0.10650381839594 0.0674832264899362
-0.163441403227969 0.221133325160591 -0.161065103592517 0.0136023750202888
-0.302837945653805 0.0844986451789238 -0.138180257288404 -0.0928899329733231
-0.273834052487502 -0.158794591987296 -0.087320477609638 -0.129279950732324
-0.163649089416432 -0.349153685313944 -0.0655001980741774 -0.024478780082539
-0.049752535042138 -0.362330485691008 0.0698089826950638 0.186156401111323
-0.155611581156511 -0.351345462842943 -0.0280910075686962 0.312513868150812
-0.348589789216488 -0.174343196969906 0.137186829754833 0.34322000877128
-0.351555429398092 0.0770129980755049 0.265286103064646 0.192649340418392
-0.140600884476137 0.257677373034974 0.232126385996161 -0.0332644223804679
0.029982155374506 0.22877428232138 0.10432039235326 -0.0641095461688764
0.121343569132423 0.1888038069509 0.0495564968861908 -0.0292870842328947
0.174593714917474 0.139389303207761 0.0345146703341526 0.024429402296299
0.186066862855557 0.134496886687754 0.0357526439262903 0.0728010481370875
0.110228270553329 0.168897347657608 0.00989797541856585 0.116292587198601
0.0337366954520439 0.213517531735753 -0.0786258701770158 0.122756078955646
-0.157787888087604 0.208141726008477 -0.14958262049873 0.0595516026348799
-0.288106758289999 0.0673406734394671 -0.137567314556792 -0.0570784345479389
-0.241968107899343 -0.165540727957255 -0.0583476219562223 -0.0939751651249397
-0.117666548619641 -0.328724327729379 -0.0280830074084883 0.0699373918019318
0.00275610776719756 -0.272326399335133 0.066895616824138 0.287233407643433
-0.0781366899888431 -0.296696318565465 -0.0303142526574616 0.3530955618092
-0.256419105579738 -0.179364849691312 0.0781529744074596 0.343091974644263
-0.290222314279814 0.0277382621994593 0.194621331478496 0.22864688876997
-0.129735198599364 0.198220504814844 0.194323978030198 0.0495706763779586
0.0184265830513212 0.186634020581869 0.114894986905532 0.0212788572839043
0.0959480985698431 0.157158729396146 0.0957566597337994 0.0361793455217201
0.142740534313181 0.119883943476461 0.0920163926914203 0.0662108480250073
0.155504468005593 0.115612835941282 0.0921957823523786 0.115382689137467
0.0952921180894702 0.146986671884151 0.0499284970309036 0.163438061097265
0.0253603406780599 0.183455941373216 -0.0588252517747443 0.169568143630512
-0.144364173587588 0.166253713949515 -0.143390207070477 0.0917299172545284
-0.246536542502807 0.0309093496840315 -0.136394319037232 -0.0319101304606601
-0.178509890267152 -0.165564358308487 -0.0315292134460453 -0.0627803554305155
-0.0480589632494579 -0.272691171846457 -0.000652672483035899 0.152461903696482
0.0492302165677077 -0.131816352744034 0.0662522333941969 0.338033543542412
-0.00168765713385831 -0.182606020795808 -0.0176285813560681 0.354738304308858
-0.133373683904973 -0.130308160165698 0.0398817479471675 0.311685686870206
-0.177394143109405 -0.00501268544988913 0.136634771225944 0.230979329475629
-0.0877903759503384 0.114651660392903 0.156823200125801 0.104301772006188
0.0106496690376597 0.115629851944794 0.119413124436652 0.0812785532450494
0.0585633302069001 0.0987651922113798 0.127509628593504 0.0838088531576541
0.0897738852705663 0.0805867437841522 0.135207232687327 0.0967417805861776
0.102733066420597 0.0802280327261041 0.133859757529481 0.151361317602069
0.0657517947143032 0.108583970313077 0.0735713913895296 0.202960625092888
0.0114446231545377 0.134266994174982 -0.0539949867969125 0.207060562707518
-0.118651363981706 0.10740152365165 -0.14893232155452 0.110977527650865
-0.178204232212639 -0.00845055691589594 -0.142279676414459 -0.0201284321498338
-0.0947810697222303 -0.147551911367984 -0.0143350150187349 -0.038938888789803
0.029643694217866 -0.181952558497875 0.00929640165991319 0.216558882712017
-0.066180713082639 0.0524059209714191 -0.0463185672113048 -0.275198978606011
0.0248109176660851 0.0886400032304971 -0.0375555626912206 0.00134057992171636
0.0807907611404539 0.0400873798228402 0.16281921918873 0.0403668393805067
0.0623296903942629 -0.0390362738645878 0.197527369702897 -0.123227381583015
-0.00273581223569195 -0.0552962349460373 0.089376438439417 -0.258671596012953
-0.0172902373602744 -0.0315600635810992 -0.0713034395379122 -0.279991814783414
-0.0157394633804614 -0.0324088010610749 -0.169574890187051 -0.193506507270116
-0.0169371438893633 -0.0326838248237823 -0.182316579635737 -0.11530449376878
-0.00569976618918902 -0.0294618357642085 -0.164650297687955 -0.10391864919362
0.0129089580598486 -0.019026884735297 -0.150090862828782 -0.11144979539675
0.035253550815782 -0.00261805704128779 -0.148502658053482 -0.126674078267491
0.0435084142081875 0.0383563944354753 -0.118784086225062 -0.19009491029981
-0.00513807083713462 0.0852116095283473 -0.0456434186042941 -0.265547229417223
-0.0785932621345593 0.057143492030914 -0.0413209508476481 -0.297259192211904
-0.107790743511041 0.00108471188110769 -0.117474952192717 -0.328346714705034
-0.12802943537865 -0.0850044250838507 -0.0162354146848576 -0.252187116801129
-0.0843031509991305 0.0086262623864296 -0.0282374616932801 0.0271042341882762
-0.0492184281091468 0.0507539438987215 0.199552608920405 0.0768994095431803
-0.0192278204186154 0.0415138117976458 0.251309688713045 -0.106835232985123
0.00229778641946213 0.039644061862007 0.126437817098319 -0.280936373842274
0.0224941309381628 0.0385117775550051 -0.0541216752365696 -0.297374455982551
0.0492037375250038 0.0296334537100067 -0.161695572326156 -0.206125042660216
0.0579340500761551 0.0193108216672904 -0.180347532514251 -0.113519267645658
0.0600779943457574 0.0331576015123756 -0.163363710451049 -0.0943425641569447
0.0312149907836426 0.0614517417913075 -0.145657500512727 -0.0912966915791663
0.00679892190323573 0.0846436328132425 -0.151114504793977 -0.100088232194394
-0.0623224260493318 0.0888565204571206 -0.138682641524942 -0.152864047079518
-0.129337209821942 0.0578117238196966 -0.0773460979254341 -0.232931800599773
-0.1553084535314 -0.0484426375763822 -0.0810715942398239 -0.265355955532569
-0.147791407581551 -0.14707872132593 -0.132639689794857 -0.293391846580725
-0.162127562849383 -0.222221238537416 0.0182922268835111 -0.184073157880665
-0.179895305933248 -0.102946692032667 -0.0156464887393136 0.0837900184218894
-0.194333237671861 0.0323084783509167 0.231959006389383 0.140131866700266
-0.129389657944071 0.115121425067678 0.307886759296898 -0.0613493039416476
-0.0139658804432006 0.145137819710383 0.175815894308026 -0.274921558066422
0.0511330607066882 0.115901212890238 -0.0171466243438212 -0.286757770215788
0.103987736879908 0.0939672123712994 -0.12856979191668 -0.195805361086815
0.124371485975007 0.0677445252334175 -0.149599853908951 -0.0945659146266047
0.125178001934549 0.08189454170631 -0.138681004939064 -0.063547625793618
0.0609351621487327 0.122946548967156 -0.12641456953562 -0.046204653233329
0.00561639504772706 0.158630464062971 -0.150868403403954 -0.048493988123463
-0.128054322927024 0.155443161916266 -0.163209370374772 -0.0990988591571369
-0.229327001701431 0.068038861604576 -0.115838901083739 -0.18832888924902
-0.231384091823861 -0.111637743723866 -0.11076431331134 -0.219882942485534
-0.185222386280152 -0.260073922033916 -0.132926504971119 -0.218961931654247
-0.160968114777949 -0.331929225758439 0.0496773589650598 -0.0754842521266648
-0.237378082852045 -0.226150951769525 -0.00761560675515089 0.163647135676421
-0.322952639285841 -0.0206826522596168 0.242043364787668 0.22290300351862
-0.249852791168325 0.156879089552245 0.344253324183574 0.0157408360990343
-0.0511261393294126 0.237227858173098 0.222135857576989 -0.230236618731029
0.0639093188397925 0.187142395621782 0.028790100098782 -0.242438616135961
0.138524828840491 0.149873505613805 -0.0744724531679129 -0.158956563019118
0.173375882904079 0.10527794952698 -0.0974557451284456 -0.06189187538984
0.176968148611498 0.112247054968419 -0.0900547442986131 -0.0206096678580033
0.0962661203457458 0.160332541033732 -0.0882371268847197 0.0102362095026698
0.0241775239492135 0.207220277397889 -0.134962942108512 0.0154446771654141
-0.153837962340241 0.214079378323626 -0.173796729410446 -0.0353705712611557
-0.28797006300007 0.09550502090358 -0.142399545672673 -0.136236047852207
-0.282709472728782 -0.136974435290588 -0.11562938905558 -0.170992132843753
-0.204969965964779 -0.326576757737867 -0.109981712343675 -0.122413588691076
-0.127272302124324 -0.386734549321019 0.0719722782365774 0.0584435532560398
-0.236230789603466 -0.323701077178983 -0.00664991390783729 0.250608471828348
-0.389239934811056 -0.0964564905572348 0.215964287492485 0.299384296339079
-0.339247234286558 0.148525100898503 0.336486705195434 0.108255453891145
-0.0977185841797446 0.285250003073401 0.24596163139429 -0.147753988858004
0.0598180850657685 0.231103849358577 0.0739798425993849 -0.165233588433539
0.150187656281425 0.184271223409125 -0.0116658714453033 -0.101682653841646
0.195583411461046 0.127086874192914 -0.0321913964643895 -0.0201235257754325
0.204187979642988 0.125480664968311 -0.0259451911415172 0.027004100828161
0.119484963753011 0.173110738996879 -0.0362321749585557 0.0670075696617438
0.0427652920848348 0.225336355386469 -0.106786153047913 0.0782225976432215
-0.155293177349602 0.238867185386949 -0.166512965130535 0.0251955068566791
-0.305575080440976 0.107859295413281 -0.150704506734104 -0.0878986433236289
-0.29213138568692 -0.146704621321783 -0.097130085630845 -0.127884792060597
-0.192240183232734 -0.348563393873771 -0.0686354785811066 -0.0215651481931331
-0.0728474574246439 -0.369121403748076 0.0816098538992166 0.1917501351224
-0.180728310134555 -0.352970398992714 -0.0118691300818779 0.324584210236321
-0.36762155495196 -0.158186366954908 0.159643225086362 0.345540602424178
-0.358613261278203 0.100715819048305 0.285588422874471 0.18545304994309
-0.126542902278751 0.273256005024908 0.23594602437177 -0.0481930489218464
0.0453466972704357 0.231563433398471 0.104658018635894 -0.0712436025349143
0.138790316418253 0.186607820620208 0.0497641311703175 -0.0326784487721749
0.189357259600197 0.130473393356017 0.0364091344122499 0.0230928531456297
0.200469682186633 0.123849098359057 0.0408564799711488 0.0717250809756352
0.124669995138094 0.166438519759516 0.0181074657526782 0.118766284251538
0.0479025677061957 0.216871344389233 -0.0735629276411244 0.132671017426564
-0.149927359242828 0.224874490194983 -0.152255646519218 0.0712174306836674
-0.291288573451923 0.0886192706576294 -0.148378538848171 -0.0503430730789427
-0.258944681676453 -0.154381432181873 -0.0657184054308599 -0.0925171094874
-0.142980004017029 -0.330607528026472 -0.0242512220661554 0.0730599840930531
-0.0140262186049508 -0.278729871958218 0.0845808628042961 0.295320705583628
-0.097948535045623 -0.302704268441585 -0.0125568559979307 0.366330449010933
-0.272942770724698 -0.168582750055164 0.0977514891210205 0.348483975084678
-0.298770687987366 0.046305481428522 0.214227738320437 0.226034124342076
-0.119642572701433 0.21163937231262 0.202353077775207 0.0395553208689776
0.0313373400225607 0.189637335955719 0.121716408170698 0.0155017144906673
0.109563542088154 0.155085496409307 0.100757524602892 0.0304602037972478
0.154956847158614 0.112327926942735 0.0983063347302317 0.0619784789950621
0.167325002376339 0.106030585438619 0.101461792282195 0.11195289034372
0.107678628003579 0.1448644769642 0.0623954443842821 0.16478838801129
0.0378272019993974 0.185782077072167 -0.0494719031841498 0.178394819742615
-0.139325185050452 0.18160215943613 -0.142797103838247 0.103467749054645
-0.249832564015634 0.0485111837111334 -0.144968885210917 -0.0256724631074321
-0.193659699035714 -0.158240873227709 -0.0367240884783596 -0.0635412938796728
-0.0679277193574518 -0.276301693370927 0.00845554515232247 0.156008707381354
0.0422617972051688 -0.137537191800609 0.0858171509211292 0.346635930190947
-0.012249631189111 -0.189349552110452 0.000880558450774684 0.367853391857289
-0.142669188724256 -0.12594637930203 0.0554101430889211 0.317972049677611
-0.183540328709814 0.00499602347358845 0.155802016256557 0.230223129418715
-0.0820287009040128 0.123230598528163 0.168072181626847 0.0975246343255425
0.0189148464836752 0.116751979956221 0.129662149854534 0.0766578394858991
0.0659169178253673 0.0970448499453111 0.136829346211987 0.077734423162175
0.0981132086279432 0.0760202073154676 0.14352561920121 0.0900992802093281
0.109213334077359 0.0744755851094114 0.146493827399497 0.145232892685756
0.0749004089488288 0.106752937578751 0.0892242295585673 0.202590215114138
0.0194605435185723 0.136494390102586 -0.0434610656908102 0.217551454452283
-0.115794060843906 0.117424624020427 -0.149135625367077 0.124256618987828
-0.182852275892721 0.00322488923219503 -0.14971526292032 -0.0126869447061919
-0.10609573865551 -0.144472376570724 -0.0170703527179596 -0.0390854426309608
0.0174135172314766 -0.188197635052358 0.0241327321613744 0.220990458956531
-0.0596002283997315 0.0578917324046375 -0.0913341291621619 -0.266482060171402
0.0396845952399073 0.0823561193035431 -0.0404037608643347 0.00754359723087941
0.0886960452637697 0.0231281792048201 0.165503509383473 0.0175674707820982
0.0557318648613042 -0.0543919635444653 0.175885151343577 -0.15021557839655
-0.0125748705828361 -0.0591751311710326 0.0465537329377436 -0.272902452170459
-0.028256680188026 -0.0327480595673581 -0.11802190381464 -0.264082654754491
-0.0260026900831017 -0.0320051333259884 -0.200457163866095 -0.160741389708129
-0.0255327771090332 -0.0280496039959483 -0.196318229363112 -0.0831954447238481
-0.0130472797210341 -0.0273431715931843 -0.18053072352434 -0.0766127461995992
0.0079848683593087 -0.0193401582802101 -0.168832439629754 -0.0885794476196791
0.0336141325145324 -0.0069306252438138 -0.166927807148465 -0.103898781646078
0.0474637992832234 0.033825745660331 -0.144774842601187 -0.175056397284626
0.00425616385125755 0.0881774001664498 -0.0811346365834212 -0.264035410778004
-0.0707458982232065 0.0717039513049079 -0.078585997172819 -0.292252882740224
-0.109429134069115 0.0185439229551608 -0.156804199886205 -0.310628773465692
-0.147215108217365 -0.0660966341720358 -0.0501232022391333 -0.245869552257979
-0.0827854044550581 0.0243552861321544 -0.0206729449318023 0.0298832605968955
-0.0371358317717115 0.0586053589996418 0.210349814390599 0.0407662285071147
-0.00827432329005502 0.041492054449924 0.230875453346066 -0.14892491810742
0.00909203645594606 0.0324189562175347 0.0752048732323854 -0.301137548216527
0.0229853245121845 0.0282462592148494 -0.106040563723812 -0.283226267937966
0.052116575697492 0.0187378566995976 -0.197786694795456 -0.176414559190227
0.0565427536761096 0.0100945324351239 -0.194491721780938 -0.0804886472238449
0.0641708252236102 0.0225740255680743 -0.178204842425789 -0.0666049339809705
0.0409325800728087 0.0586237019395615 -0.162141159936371 -0.0696495281752929
0.0207562548160528 0.0843156147035025 -0.166143791634877 -0.0785559615408509
-0.0487093543955921 0.103471868642879 -0.157653315140897 -0.136866608814852
-0.122421375348808 0.0812598819721515 -0.105056576763651 -0.224725973679691
-0.164020967445673 -0.0219564490225826 -0.1163644438911 -0.252785885524892
-0.172987980337071 -0.1245341520122 -0.170717975410677 -0.270461178022045
-0.205019654554451 -0.193584277228957 0.00196466305619321 -0.182718308140377
-0.197969658759415 -0.0669865914770311 0.00702483173418429 0.0806308854850574
-0.182466404059137 0.0676976896299949 0.257131752702464 0.091231646160382
-0.101954205650341 0.136072225750253 0.294798755753158 -0.120238519416409
0.0134642249968733 0.138474084692455 0.120401082933569 -0.30521735762591
0.0658865665352593 0.10006971600206 -0.0699604280967284 -0.278664749296778
0.119547889531559 0.0737220543573512 -0.165151909323987 -0.173286064667849
0.131055523298897 0.0464066428015516 -0.16223417558823 -0.0655247898313343
0.137632200917221 0.0594216409953255 -0.148496024599318 -0.039432169855637
0.0832852875557692 0.11504167045391 -0.136944881993265 -0.0278467190102142
0.0325393626717953 0.157820682390721 -0.159679051377869 -0.0278479740991632
-0.102674043460561 0.183061129900061 -0.173972707296296 -0.080646275163977
-0.218840230130201 0.108792835064793 -0.136666538423963 -0.173954394070355
-0.248828052375724 -0.0720942073508999 -0.141683091347855 -0.199996727091479
-0.228228024401187 -0.231405351494602 -0.163375333344342 -0.192958578000634
-0.222319199930683 -0.300719342724841 0.0546651004063819 -0.07771448620947
-0.276476659373676 -0.176443291111284 0.0345772425087832 0.15843299715811
-0.317844651715968 0.0397311193951363 0.284883254606746 0.165316997066443
-0.212076237174778 0.201016416653004 0.345616431405398 -0.0563408530210624
-0.00617996019361698 0.236259714155266 0.170045030994818 -0.271182062689185
0.0919827655855862 0.168445182655705 -0.0186167296889294 -0.242879354618671
0.166927421351412 0.123816871264913 -0.108164738593311 -0.148060071468541
0.185934002500985 0.075010065719301 -0.106506720058798 -0.0405888644741886
0.195349337146128 0.0800411257927903 -0.0942387467008617 -0.00341565902116792
0.12470797549533 0.145370841455901 -0.0906749057838757 0.0226671616678577
0.0602577992195349 0.202919299824578 -0.136085032971191 0.0338795787167422
-0.116580501425484 0.24569450443459 -0.176014825495394 -0.0163892169511596
-0.271358353982851 0.14609441877029 -0.155153290472461 -0.118010675054694
-0.303780817101254 -0.0893345019599741 -0.141254029635519 -0.147833834211348
-0.258299585623297 -0.294985748399783 -0.129945498956072 -0.0977392038436892
-0.197194464435308 -0.358801677215929 0.0999381585734744 0.0529902961320579
-0.291654572522284 -0.269950811363208 0.0539563551441605 0.246703587991747
-0.397102508461773 -0.0215294734277222 0.276116517141609 0.244298382094617
-0.302424275878596 0.212778131747644 0.356367069734596 0.0322657401745947
-0.0408921961191954 0.292847170198957 0.206213863077981 -0.195485366928975
0.0973441575890013 0.213296033101884 0.037266579100069 -0.174714656949719
0.186768795906462 0.156406288994271 -0.0365181888428991 -0.103094734149068
0.213207538619918 0.092550195900334 -0.03602225431626 -0.0109437688054153
0.225534378599435 0.0880555323186094 -0.0241408725808177 0.0344561858619104
0.151274562757747 0.153688957711575 -0.030398838266115 0.0714558234081842
0.0816070642387213 0.217197248099367 -0.0980304802212711 0.0918219360646804
-0.112775878405052 0.271444651091609 -0.160575716247721 0.0420270530532302
-0.28592147620584 0.160523770773125 -0.156823683733201 -0.067436969753803
-0.315346462566131 -0.0964492385961844 -0.115777076874784 -0.106536046079244
-0.247793207893129 -0.319472768863847 -0.0767645923002672 -0.00249808500650888
-0.138532843205438 -0.348964655428748 0.128864255755187 0.184631528307821
-0.241790549634259 -0.309783773811213 0.0604453161830645 0.323470402576789
-0.386719071565618 -0.086273962641602 0.230427306196544 0.301798720196561
-0.330178670663454 0.170647651802071 0.320453143849334 0.117763654185182
-0.0715813026146623 0.2870393308719 0.213847417951933 -0.0958029766722381
0.0860992407202024 0.217083304825842 0.0844160657787324 -0.0875386825541475
0.176907868860166 0.160952650917107 0.0365571343892179 -0.046312989659747
0.208270472445556 0.0958667449224187 0.0372301760035699 0.0202524650733519
0.222627116799691 0.0852505100471209 0.0501853254417251 0.0676178064555165
0.155552024330294 0.144958214567946 0.0315508698411931 0.115114159055727
0.0859884141559886 0.206160765663349 -0.0569717373101453 0.141528643747923
-0.109086452693835 0.255445420459978 -0.140196893962445 0.0870128299944117
-0.272697587887248 0.139535700611112 -0.149192739219092 -0.0309098098582564
-0.283327265299285 -0.110277195719083 -0.0813612409708319 -0.0755975452852413
-0.194795951527977 -0.308150216662203 -0.020643140873356 0.0841358828937239
-0.061923777454105 -0.268636645490078 0.142521687449528 0.286614949172118
-0.14975894513081 -0.273547323771518 0.0631442558230454 0.368020216348599
-0.295974152483113 -0.113426253128989 0.167455510679088 0.319871294210742
-0.281728881843785 0.105628829276938 0.25794550674512 0.173789368420433
-0.0747843294313795 0.227992061231019 0.199090244392236 -0.00273094114642159
0.0662345060431602 0.178479882456912 0.117797427546112 -0.00537546588658721
0.142233158775694 0.134511060868122 0.0998225175453407 0.00824375628279488
0.17229758247819 0.0830497445162475 0.103886467010461 0.0472876072987832
0.186784050210666 0.0745784735573482 0.116028026066102 0.0970286825891122
0.135479780213348 0.124630097575378 0.0834954638400465 0.15389837332279
0.0705221767234224 0.178078852155864 -0.0267877250823922 0.184249516303545
-0.105871571213652 0.20875951071501 -0.127237519877387 0.119652291371627
-0.238542139258136 0.0917233841776479 -0.144344789532165 -0.0045410244789342
-0.21785375274887 -0.124766537717016 -0.0484307180342749 -0.0521327921008038
-0.11025300021393 -0.266865281507671 0.0235054684118485 0.159964839678974
0.0218966357288625 -0.138387003823234 0.144534176253415 0.335473980395986
-0.0428408269887092 -0.178128788946766 0.0685725451221067 0.36838500938918
-0.159288143317928 -0.0942633653569127 0.116284964795866 0.3019643079993
-0.17553008335478 0.0439909295791552 0.198478359816222 0.194619555021394
-0.0533815337573513 0.13506424402975 0.179163903952064 0.0633840029104744
0.0421913332393306 0.110050638577907 0.139376987557955 0.053059355943344
0.0873199145204316 0.0843294397280019 0.145726949738444 0.049539749080435
0.111267683700439 0.0573367181103362 0.152738086924098 0.0660453555106642
0.124453423924212 0.0540950701902859 0.165803737027678 0.121388135387277
0.0967803030771664 0.0917222242195173 0.116711047910304 0.18785183141795
0.0442762036288796 0.131543577385916 -0.013037018191788 0.2207885336708
-0.0932240674483302 0.14108684697511 -0.130504724452564 0.141142906242453
-0.178545778671189 0.0352713095359133 -0.148989468293529 0.00931372470215396
-0.128350251103618 -0.125270762538812 -0.0262509703970127 -0.033527065838123
-0.00993239625109471 -0.191752409876618 0.047275885170844 0.21882013514193
-0.0572009921990749 0.0581547632132628 -0.101742746710825 -0.258837225550669
0.0413790691334519 0.0791340964739852 -0.0390498887048527 0.0102816185502569
0.0860632995477149 0.0199353682040738 0.167864862780715 0.0118852543369701
0.0522341041860491 -0.0552451209910577 0.169318157145262 -0.155861894303035
-0.0149107505130179 -0.0562113299824862 0.0330724717071035 -0.271907788156118
-0.029448694225652 -0.0307900559754984 -0.131449488660436 -0.255712943494241
-0.0271836092746467 -0.0301419706195822 -0.205689822819564 -0.149686953116848
-0.0261484388070865 -0.0265464237417171 -0.196579754108657 -0.0734471261420507
-0.0137879269934511 -0.0265146770574775 -0.182536040626788 -0.0657940327609258
0.00775664579918651 -0.0198112295557706 -0.173171620744366 -0.0790276879205449
0.0338301442356739 -0.00863993641971629 -0.170843323538799 -0.095061120105382
0.0478204377469079 0.03132851104322 -0.149675141587434 -0.167768672010708
0.00730510452402932 0.0871050603052606 -0.0910097235803176 -0.260449350395394
-0.0657549048129577 0.0726556613923354 -0.0872383733891778 -0.288080834414282
-0.106387535778444 0.0207825743276524 -0.166955570724808 -0.303990196097806
-0.149525922731995 -0.0597751826040732 -0.0598277607072429 -0.241158825761966
-0.0828619722064042 0.0269415639829874 -0.0192735865322369 0.030319832905707
-0.0359969358697531 0.060077291600383 0.211783743553638 0.0336126700532153
-0.00677007947997618 0.0425602089821635 0.223926038011686 -0.156678611771647
0.0106011288310794 0.0334294709182463 0.0606534932932729 -0.301478907546446
0.0239864886611041 0.0276505484624318 -0.120125254730679 -0.276295342109996
0.0536088260751895 0.0154374191837217 -0.203495427380475 -0.164543346780085
0.0570757259844217 0.00731521971773534 -0.193965132708573 -0.0695509372035976
0.0649973704785489 0.0190329331484347 -0.180245892262694 -0.0553785490093176
0.0439252694299373 0.0565071636955098 -0.165646608364696 -0.059869756717286
0.0249605908079245 0.0818167050080167 -0.169486902280269 -0.0697561303943882
-0.0443919951503324 0.106160062903784 -0.160631438504607 -0.129370492809777
-0.1184308414488 0.0860970979928597 -0.114314999807564 -0.219826163140651
-0.162722444588776 -0.0164629631656931 -0.123563624365603 -0.246575586792606
-0.176278809827956 -0.116725435151468 -0.179290221682105 -0.262754281182396
-0.211513756083841 -0.183457843911305 -0.00380914208240673 -0.179688267771567
-0.199781320217041 -0.0592876114968163 0.0101285616137403 0.0801417267331828
-0.179183491542235 0.0737487345420534 0.259085017078682 0.082368530045844
-0.0967921196094732 0.140801256180593 0.28954604033329 -0.129946941503286
0.0190774084932796 0.137292373656972 0.104166456008674 -0.306885878461635
0.069923007233831 0.0972028194135089 -0.0830477717921122 -0.273478289044628
0.123723177885312 0.0668316043396456 -0.171352504123856 -0.162912834890887
0.132864541480492 0.038900843117065 -0.161509851085969 -0.0561346747292531
0.138689369608031 0.0510601570822628 -0.149244172249453 -0.0292383608391365
0.0890075712461476 0.110776774466729 -0.137811355156618 -0.0200005637455307
0.0401043846926333 0.154855071594839 -0.161022250250652 -0.0191053092410544
-0.0939577308990936 0.187856025151058 -0.175617756581527 -0.0720618724433584
-0.211519346758583 0.118066670757659 -0.143295483121047 -0.168587381252949
-0.249519503370989 -0.0617566577063441 -0.147261076409522 -0.193505675785134
-0.235900068811194 -0.219940505878569 -0.169207941288951 -0.185500323897556
-0.23311418209303 -0.288452765208425 0.052905208349924 -0.0781445278632436
-0.282003229258492 -0.163966613321905 0.0407113294180254 0.156128070418489
-0.31355073901238 0.0517805286565091 0.288985851473853 0.155187472348127
-0.204237012109119 0.210753371275886 0.342470168593106 -0.0679808074911621
0.00430956267752839 0.234209465781379 0.155454643282901 -0.274497756689724
0.0988246828829588 0.16387384711319 -0.029195533252469 -0.239745019925929
0.173395173737182 0.114692966350067 -0.114267378996505 -0.140473762040433
0.188200542430931 0.0645828923248119 -0.105197368089423 -0.0346147850080356
0.196252244559953 0.0680878212263646 -0.0933112293771191 0.00356754414602486
0.131850754632275 0.138548219628789 -0.0894291963670538 0.0281030541819602
0.0691804710633632 0.197741600278799 -0.134405674910425 0.04142223451388
-0.104515711715597 0.251618730500404 -0.175171190564852 -0.00780569903048408
-0.262424509821883 0.157268146549285 -0.160167714733778 -0.11084804698525
-0.305206622387629 -0.0755167457730731 -0.144320939904118 -0.141374918522413
-0.269165266080257 -0.280287053642915 -0.132301082301386 -0.0920639527802706
-0.209595750321795 -0.346286690987 0.102214576833012 0.0513444994350805
-0.301530475613591 -0.256720291947708 0.0631170122679373 0.243863786871631
-0.394172300000022 -0.00580041565371403 0.282009787344063 0.233802850849579
-0.293276150982477 0.225941153973889 0.357142523669213 0.0198109774878155
-0.0271545506007103 0.291770450350763 0.193652817808963 -0.200828900007915
0.106685674244691 0.20640993924545 0.0300283578421 -0.174536986060065
0.194374969516704 0.145616156733157 -0.0410913614338603 -0.100251254207349
0.216252861811144 0.0802860687960194 -0.0344530954179552 -0.0083127032555002
0.226747517046694 0.0738697345946842 -0.0221696081615509 0.0360300090666377
0.158221674612554 0.145395835492809 -0.0267167778968215 0.0724538335126035
0.0910033359322165 0.210687828606508 -0.094028144066874 0.09676888651532
-0.0997366224235178 0.276136071208068 -0.158628926991515 0.0498100585599413
-0.275209766551896 0.172028953566088 -0.160486923020013 -0.0611026778142567
-0.316646724270516 -0.0815493732338267 -0.11833976285468 -0.100785076207864
-0.259768107263581 -0.304298460431829 -0.0753033670289715 0.000810844045123676
-0.151202288675125 -0.338419923642617 0.136016558115283 0.181427064320323
-0.25243772351396 -0.298679621320212 0.0724930540791347 0.319003866702845
-0.386154496127192 -0.0709517367204774 0.23821673260412 0.292355604919433
-0.322569184221961 0.184670139561041 0.324759951983398 0.105993604640692
-0.0572829212217028 0.287880822783347 0.206726978059517 -0.103341962687131
0.0952248778007353 0.210103510304945 0.0821222079994754 -0.0906858039571965
0.184482696851665 0.15020040396397 0.0338688024382256 -0.0474900042010227
0.211320233982752 0.083835299929098 0.0389385742789067 0.0192592174785784
0.223484235709101 0.0718586743798723 0.0523621936317217 0.0643738495052152
0.161423451333133 0.136026921158494 0.0367812691159844 0.112193747957017
0.0941143944040432 0.200015404237756 -0.0516900111156222 0.143566836385905
-0.0966404462544151 0.260185941085266 -0.136431947446939 0.0937450528231637
-0.262732937137737 0.150968817465402 -0.151963883377852 -0.0240051334646169
-0.284637891079043 -0.0961407257074987 -0.083314700600933 -0.0725825928413168
-0.207834664281089 -0.296294407005551 -0.0160854006635835 0.0844685901448892
-0.0716889459039441 -0.262636076411931 0.152792521020484 0.281439186635601
-0.159509661575197 -0.266517716817675 0.0757592957438 0.362767154579935
-0.296876116349185 -0.100661323119217 0.176484173348018 0.312509538917111
-0.276260409371599 0.118018521803617 0.263747956869994 0.163173760271978
-0.0638151218367712 0.227935831347233 0.196453180904078 -0.00969121209311554
0.0730887916871961 0.17198374090941 0.119036518600548 -0.0100033574843106
0.147671842971281 0.126014345119602 0.099921631285726 0.00353312721378139
0.175827647873902 0.0731574032018342 0.104589852381273 0.0426610347664242
0.187193643259709 0.0628301259540099 0.118345528498054 0.0901445883070107
0.140178826437377 0.116537922189526 0.0898057138239275 0.147467030010398
0.0774048449399057 0.171864714174938 -0.0184653929640963 0.184117509443875
-0.0952701102344423 0.212924617071222 -0.121998251997061 0.124538862346704
-0.230738272145522 0.101741397293882 -0.144943444468855 0.00195153794769586
-0.219886993859059 -0.113241326656915 -0.0503942093456158 -0.0504173361153079
-0.121119237808809 -0.258546969285513 0.0310401375509926 0.157042022060418
0.0165729605399196 -0.137418305338744 0.156062072796428 0.32972108451701
-0.0506661704044237 -0.17494744721865 0.0818621114848811 0.363939981644925
-0.1615176067715 -0.0878444206039842 0.125228354833355 0.296731814641998
-0.17359225131791 0.0511577149611282 0.205659166820705 0.186197942439777
-0.0462658404402863 0.135279341204556 0.180312685569954 0.0557267089817242
0.045810429325522 0.104445010489219 0.142937439711721 0.0469576582053963
0.0900154848978201 0.0789749389072982 0.14724765696781 0.0413941491469652
0.11297280279691 0.0512969306015164 0.153331378026312 0.0582660914072652
0.124406803277012 0.0456078448972849 0.168409949470631 0.11182351989246
0.0992842107535931 0.0858007289851405 0.124473595821572 0.178837331705873
0.0496781928631164 0.127072403940881 -0.00368335583457597 0.219491471108567
-0.086356307250316 0.144263181359088 -0.124117235811055 0.146028782860293
-0.174188322096652 0.0427469351247277 -0.148822799846537 0.0159168464446984
-0.131732905905279 -0.11747654797103 -0.0272380872619482 -0.0332005454180076
-0.01860672684663 -0.188232848276658 0.0570951028415572 0.214734041047068
-0.0570264919864084 0.0581348157750135 -0.106391663784283 -0.2559208736717
0.0419589916203564 0.0775162289362471 -0.0399015076304334 0.0115668475901459
0.0849914319856232 0.0190525802109621 0.169947363620024 0.00921755757767861
0.0503070680724664 -0.0564323742117388 0.167775706246679 -0.157588490882053
-0.0152393510739864 -0.0539133542570586 0.0284627359477987 -0.271808100243182
-0.0303716420186161 -0.0292936866488063 -0.139017987806304 -0.251222022596301
-0.0278226399834812 -0.0300457037025967 -0.208678420073149 -0.144854976346624
-0.0264016657116606 -0.0256420507763506 -0.196831237822858 -0.0689353336298808
-0.0142142537374273 -0.025471481847261 -0.183815552300378 -0.0598396606083581
0.00798238187813499 -0.0193795042148826 -0.176615822779764 -0.0735753398390883
0.0339577692638539 -0.00976557555451142 -0.172216594552162 -0.0918888084116615
0.0476944384143968 0.030384554310837 -0.150624250883087 -0.166073601173293
0.00926414251278065 0.0865763208429491 -0.0941525960291487 -0.261193173789638
-0.0635806998647806 0.0713962458526128 -0.0899606742385927 -0.287376043406249
-0.10525486923184 0.0217599694415165 -0.170053958374103 -0.303532006558548
-0.151004250962878 -0.0586950755892927 -0.0619813318681937 -0.238446581017859
-0.0828219345872741 0.0283295648058713 -0.0190721936890914 0.0308938618645699
-0.0358928993304254 0.061166007456082 0.214163064765338 0.0308548066606705
-0.00773991572003207 0.0440693631802825 0.222663250539008 -0.159396739617181
0.0116121260680223 0.0340892093875423 0.0542874832616222 -0.301820411921599
0.0245053263183219 0.0285865969389779 -0.127240960769326 -0.272755139562219
0.0545462865329371 0.0131832455810145 -0.207411553761716 -0.157798523149414
0.0579232878319747 0.00543343472111148 -0.192478447702701 -0.0652785483943528
0.0652538872280036 0.0178146343812397 -0.180278839184726 -0.0486066798944679
0.0467086537707946 0.0562964899027314 -0.16791156894235 -0.0548780749697153
0.027281731883805 0.0815512390874928 -0.171293202429223 -0.0660736941343314
-0.0426914158074652 0.107799439435262 -0.161482135174478 -0.126408929291702
-0.116520381920577 0.0879058362373329 -0.118094810470464 -0.220260251859826
-0.162371328281573 -0.0148020266369005 -0.125879443979978 -0.245145558003461
-0.176762748571638 -0.114436802270297 -0.183023136809889 -0.261625749766864
-0.214923030795395 -0.179222340125433 -0.00545885601938605 -0.178121887360724
-0.201727642118791 -0.0560951130172125 0.0114313557424707 0.0809424573133126
-0.178788836058163 0.0780852842571897 0.261178343737567 0.0799045711280266
-0.0958155938515961 0.144396580915506 0.289143885251456 -0.133540181569397
0.0222042066211865 0.137950027310417 0.0977735629086112 -0.307476454102375
0.0724376458374952 0.0970285197646488 -0.0906356862898303 -0.271085420404567
0.126707210596293 0.0627559784124201 -0.175568097596476 -0.157196716689294
0.134105906403209 0.0347287488420632 -0.159543890538715 -0.0522976189806354
0.138822845429779 0.0467621466574689 -0.149229666000529 -0.023106701828707
0.0922978709277661 0.108811196584289 -0.139088526390813 -0.0153698397400694
0.0438057594601618 0.154116896506676 -0.161459674478182 -0.0146758715559251
-0.0903504395476881 0.191795928685435 -0.176343200660131 -0.0688391470064061
-0.209249955325034 0.121929026870599 -0.146576223579384 -0.167559316968161
-0.250358063383305 -0.0584403414148345 -0.148391312969275 -0.192471524699686
-0.238479307738276 -0.216006160970014 -0.171570909752371 -0.184050117247562
-0.237415248803577 -0.282635710587808 0.0534976281169533 -0.0765736161890556
-0.285588206457022 -0.160515013705073 0.0423754358037607 0.156644886560174
-0.312465763463078 0.0573658174823772 0.290241966788016 0.152258163798578
-0.202711012483478 0.21696299333425 0.344345695388892 -0.0715183312228154
0.00944600381834569 0.234523483945562 0.148774655433416 -0.275300766305094
0.10249370518816 0.162558563796504 -0.0342744566172532 -0.239498903211994
0.176725840834607 0.108644396617138 -0.116915047542293 -0.135883584449592
0.190908450805213 0.058784154150642 -0.103773160349874 -0.0314086419099511
0.196692572120589 0.0619571972346952 -0.0925709305613318 0.00794009893071818
0.135393350370406 0.135806813712664 -0.0892432189362702 0.0310004052496309
0.0736223890931537 0.196260825457235 -0.134439248412715 0.0460038015007431
-0.0992582640309173 0.255162803939399 -0.176025617764107 -0.00319880870044354
-0.258052766424095 0.162880537727861 -0.163084374769452 -0.109147463854542
-0.305196422155405 -0.0702251283661624 -0.145687988174638 -0.141022527214048
-0.273112838630077 -0.275921881853585 -0.132773600714451 -0.090377971541113
-0.215560018318821 -0.341424155592115 0.105349861376105 0.0511991894061734
-0.306912251139766 -0.25263468253331 0.0676040427236881 0.243052383806735
-0.393862952604936 -0.000205069374872871 0.284294186409465 0.232271130985075
-0.291151139989021 0.234059834095169 0.360872984289697 0.0153886999587452
-0.0217794596746884 0.291303592953254 0.188962032327355 -0.201934251063177
0.110431003715898 0.20409492732731 0.0280519906879803 -0.17501701370322
0.198637488238571 0.139363012004962 -0.0429813728338122 -0.0973849773070152
0.217887351643032 0.0733022282508971 -0.0327518699836615 -0.00661546280436099
0.225547013315762 0.0665481440776543 -0.0212842551628843 0.0381884298515466
0.162109896992304 0.141669909396965 -0.0258557623078281 0.073169094448679
0.0956775299007187 0.20805036678438 -0.0930513479192632 0.100503761552507
-0.0942023864258784 0.280412282463471 -0.157631119610127 0.0542882290596437
-0.270713439137125 0.177898774171393 -0.162532541851793 -0.0588169270026092
-0.316931275175548 -0.0759375300064653 -0.119728314135566 -0.100277822566469
-0.2652450620724 -0.299101405739908 -0.0745098003905196 0.0020787759692091
-0.155688667510986 -0.334909691137697 0.139630847152524 0.180006195219614
-0.257870404391463 -0.29488295369202 0.0770935956598006 0.319147005617529
-0.387007305665597 -0.0654250722507448 0.24027564069932 0.291815200201031
-0.32084730694744 0.193670890189649 0.32916371429789 0.102509576040379
-0.0509814815064814 0.288204237531248 0.204272044660385 -0.104919053702103
0.0986329204065489 0.206842242651279 0.0815251146169527 -0.0930061876920142
0.188842487776655 0.144745302361167 0.0331010647802237 -0.0480843767166177
0.21335817456752 0.0774495197772915 0.0402250083322696 0.0182744893439545
0.222449795658871 0.0646100365372912 0.0530403658404893 0.0644193732374731
0.164530302300016 0.131865863561269 0.0385591195425183 0.110511233591095
0.0982801963289313 0.196788652514194 -0.049109425994499 0.145695117303853
-0.0906003338852047 0.263021486292291 -0.136112909727773 0.0973232393401144
-0.258228946794211 0.155948465040674 -0.15358315404822 -0.0208670663568713
-0.284403843033578 -0.0897041379678032 -0.0838969446227398 -0.0725250855867504
-0.212911344558965 -0.291184693965114 -0.0143742498645018 0.0842571597248153
-0.0751771778213475 -0.260474979068819 0.157452820164585 0.280862355853831
-0.16448454154559 -0.264429056466295 0.0801413134740049 0.362807658376309
-0.2983119427527 -0.0962730850889067 0.179231248424964 0.312780407742942
-0.275207855000489 0.125413426028981 0.26877395420807 0.160757907599887
-0.0587009526698709 0.228279360923446 0.195027921182644 -0.012536750575664
0.0754227669447579 0.169428276284461 0.121037025825112 -0.0127257525140786
0.151100772812784 0.121134216841198 0.0995328457389155 0.000799340328881585
0.176503117750812 0.0681812895932155 0.105289112615175 0.0399131858687137
0.187178200036492 0.0570193949151886 0.11921922597909 0.0872684244472194
0.142587098179851 0.112599521089116 0.0921912666188207 0.143406073873949
0.0804412453372673 0.168951076502781 -0.0153454938408512 0.185491437975651
-0.0903346962211406 0.21633830362165 -0.120619300424445 0.127930680701868
-0.226647311987 0.10561139886611 -0.146488289628741 0.00460191071583794
-0.220356586212822 -0.107732459309654 -0.0514661048767562 -0.0506941038443932
-0.126489184007714 -0.255520414964204 0.0335741790274041 0.155944231831902
0.0136673135640798 -0.137781669995635 0.160305108174429 0.329025337528555
-0.0542855426128865 -0.174449706760686 0.0863417282613302 0.364050769316747
-0.16245878168601 -0.0854137758373019 0.128119132075144 0.296778624886979
-0.17241183479264 0.0548452481520504 0.209204067288823 0.183208611005698
-0.0431717299308638 0.13504898696352 0.181155533448493 0.0528785903064013
0.0462583973729428 0.10063494885256 0.146168628568612 0.043911691696288
0.0916938023042149 0.0765522994224026 0.147906777744559 0.0371963672080156
0.113520087752872 0.0478319522261113 0.153069782369438 0.0554213896856702
0.124413694108557 0.0418918090311115 0.169020529569687 0.107538037900771
0.101478155120303 0.0825691241955669 0.127284896513745 0.173707678775161
0.0519543712495074 0.125595704685728 -3.51276005176214E-05 0.219291400129059
-0.0829371362596894 0.14663016649349 -0.122129042965655 0.148952095455292
-0.171833880301723 0.0455124586307461 -0.14995913962485 0.0184868437237367
-0.131347936735766 -0.114177469016478 -0.0284464917898663 -0.0342103159911542
-0.0226363781472929 -0.187457061804598 0.0612614017771203 0.212756886682663
-0.0587651667791166 0.0585466041698479 -0.109554324821377 -0.259211970761435
0.0421693058157231 0.0783755225421715 -0.0417782402357822 0.0121953791556861
0.0861056989393977 0.0212074511975162 0.175034034994507 0.00831824540527682
0.0513012762138603 -0.0571550631101337 0.171648161382646 -0.161678237778077
-0.0153715432243765 -0.0530551317051917 0.0267875260339439 -0.277287892539573
-0.0310133909010401 -0.0281825382026338 -0.147923515230999 -0.254488229669349
-0.0291236352270372 -0.0305853647806259 -0.214565741709433 -0.144143645164986
-0.0264381404653627 -0.0257171108566745 -0.199984490365625 -0.0690475513417564
-0.0138281153284264 -0.0253945645902156 -0.188066348056725 -0.0576241085231467
0.00847041075276671 -0.0200597880111342 -0.182689372574011 -0.0721837524706477
0.0350430989917678 -0.0109772403462836 -0.176516310677275 -0.0927900891155094
0.0480617712707259 0.0313137074158164 -0.15305220424629 -0.170619834654757
0.00977305273592294 0.0884675111842827 -0.0974525306746754 -0.268108823947251
-0.0639321882961438 0.0704723294758707 -0.0913231151841708 -0.292787034958028
-0.106807147644517 0.0211281328696455 -0.173342745003114 -0.31188300286038
-0.155014337625564 -0.0589597836742665 -0.0635666094067229 -0.242056292438875
-0.0859757339125448 0.0287145322986851 -0.0197669046382856 0.0326697357324903
-0.0383702833903433 0.0640230289554866 0.2199022229174 0.0317429690836949
-0.00818700318894234 0.0463933410528323 0.228892626091877 -0.163256212036461
0.0123803278070665 0.0357592659112187 0.0524321951165023 -0.306574732027848
0.0263409602876563 0.0305840076908259 -0.13447656618496 -0.276116160438717
0.0556139164481407 0.0121764533228073 -0.213682661607945 -0.157470190162011
0.0601978427474175 0.00433086881108392 -0.195489062355676 -0.0645963493896254
0.0667446290516001 0.0170578122167495 -0.184698072115025 -0.045272339252258
0.048675128040635 0.0569668124403778 -0.173495718039025 -0.0523850883769433
0.0286161517165456 0.0830637674128449 -0.175443172514126 -0.0655181538030605
-0.0439576390705238 0.111712273935841 -0.165077903930495 -0.129364781215663
-0.117920176485184 0.0902881364575884 -0.121795814390083 -0.22672891610703
-0.164821208977193 -0.017803256525941 -0.128501389184387 -0.250524135604701
-0.180901865961662 -0.117916725889382 -0.186261547259156 -0.26871656979563
-0.219951144352553 -0.182741163509668 -0.00493218454325827 -0.180826685568492
-0.206574405677894 -0.056341787345054 0.0111065482483636 0.0817460476106183
-0.182896458184463 0.0814938963188842 0.268088280649835 0.0824029748922399
-0.0983464558735822 0.151243107818131 0.297955527852042 -0.136780295566568
0.0240668618168639 0.140722749577768 0.0973168177409221 -0.312310862812001
0.0749758591885756 0.099664474029311 -0.0968011357169354 -0.275853543402118
0.13041834976468 0.0611041168521333 -0.180987519700754 -0.156033858812353
0.138778066703486 0.0327786149582558 -0.161067014987033 -0.0522863427330831
0.141684372634063 0.0460501832298766 -0.151478302439583 -0.0194307825928249
0.0966321221803578 0.1104800611901 -0.14357271235088 -0.0131268661770928
0.0469624442540709 0.156619420016092 -0.165429158901352 -0.0124086386339341
-0.0907693229033267 0.198725434216636 -0.180342403120517 -0.0692552598814676
-0.21284299621842 0.126272044838516 -0.151895836268323 -0.171566343175643
-0.254980424813747 -0.0601765825785753 -0.151553223127912 -0.196311965182947
-0.24496143871069 -0.220412794042131 -0.174414248569754 -0.188220544360801
-0.242898007743996 -0.287323446063731 0.0563811380914324 -0.0787060404520428
-0.293150328138903 -0.162965837278798 0.0432098657816416 0.158847932706989
-0.320298394846419 0.0597090351820502 0.297923449050148 0.157556803854847
-0.206617827200094 0.226564939258661 0.354540255746405 -0.0744684274181847
0.0125144176340938 0.239939699124204 0.149837762282483 -0.28027815557319
0.106355007375523 0.166175312477149 -0.0374253438149648 -0.243502555576017
0.183229063298887 0.107582373220899 -0.121244766021644 -0.135578695353889
0.195986489940744 0.055974112139656 -0.103421177444044 -0.031708445968438
0.200465358122088 0.059822103768645 -0.093436395390437 0.0113932645773275
0.140872043540383 0.137102997690016 -0.091272767398132 0.0329754201555654
0.0773215286372973 0.199298871308738 -0.137375855392172 0.0488226617949224
-0.0989701905830366 0.26411887190192 -0.179570761242838 -0.00170961490812565
-0.262054777695549 0.16877890569214 -0.168886630277249 -0.112570794713743
-0.311474053363373 -0.0702724854991752 -0.14880839098535 -0.144196967197454
-0.28045208079793 -0.280619726746911 -0.135200010953937 -0.0918053226968174
-0.220929795272252 -0.347257582317823 0.109202784100615 0.0530367345595522
-0.314198005403201 -0.257541615761058 0.0681984670332051 0.248024275392788
-0.403826024200772 0.00118081211885387 0.291040326514298 0.239541067907782
-0.297447870575867 0.245179230487104 0.371813224293015 0.0148873325911963
-0.0190165516470255 0.29784326985644 0.190843409193739 -0.204766974390826
0.114474413448672 0.208792517911422 0.0281016055793912 -0.179188896649691
0.205786687942129 0.138826933419134 -0.0453658440340818 -0.097624572949882
0.224536996637355 0.0712121672337219 -0.0319847865400224 -0.00682114956557588
0.22953430994476 0.0642335807978177 -0.0208598783239768 0.0409968782792271
0.16747632249246 0.142209058385443 -0.0261116932020483 0.0754303877496267
0.0995985004406078 0.211256990712558 -0.0944119884826153 0.1051872391135
-0.0923422124304312 0.288760984158171 -0.161532000274258 0.0569621772166408
-0.27352478285062 0.184389775003529 -0.167841717475024 -0.0594397713533952
-0.322471125816577 -0.0756794469281407 -0.122659035269508 -0.103317638184091
-0.273672547628637 -0.303383831171363 -0.074736353877573 0.00221664929446014
-0.158765553203063 -0.340543264470373 0.144373832371173 0.185093247708572
-0.265391679360595 -0.300337599023372 0.0793877445848837 0.325253673948442
-0.395406937193739 -0.0651516148891279 0.245593178762207 0.299989306572589
-0.328757842601478 0.202202290015632 0.339258493523297 0.104427182398677
-0.0493718328646608 0.294159636224356 0.206032853476837 -0.106325199931035
0.101710111597719 0.210670410352914 0.0848407297347364 -0.094994383212089
0.194598436915823 0.144520461667746 0.0332761649139976 -0.0480108739040933
0.21961237060559 0.0753587660717871 0.0422470103527797 0.0188298338227666
0.226784918017426 0.0619529830851342 0.0548735354980504 0.0662366081384786
0.169983507018459 0.132834443427471 0.0400355712753621 0.111492631551635
0.101343768792322 0.199387474915385 -0.0493634431369882 0.15158202517342
-0.0894212879955922 0.271434390726091 -0.138510456976301 0.101809997578772
-0.261137308077693 0.161101082080319 -0.158883237858807 -0.021144865796368
-0.289645306624589 -0.0888550414413021 -0.0864742926415133 -0.0742160836383017
-0.219582193181303 -0.295333536427924 -0.0131678844719525 0.0865961777650647
-0.0779424078385892 -0.265514396951698 0.16151554580377 0.288418481197298
-0.169493620310116 -0.269978517659645 0.0836115855263617 0.370231608891724
-0.305209000748026 -0.0972070369296956 0.182768786430971 0.321246731556266
-0.280554577767063 0.131171868551432 0.276281666828119 0.163523671341532
-0.0566309059915685 0.232161002424944 0.197804587038253 -0.0120438452119205
0.0773827849873852 0.171008668118283 0.125691781743081 -0.0145961271536808
0.156078353469006 0.121375533115366 0.101887556050752 -0.00011027194708945
0.181929480557302 0.0662166320810692 0.107982103458667 0.0399978183225019
0.189696499141178 0.0546979071121323 0.12201207567168 0.0882590194734502
0.146775229721711 0.112669115380907 0.0950677710913275 0.14413926234619
0.0831645988905569 0.171032554197521 -0.0148793774937911 0.190271783051833
-0.0897181352072316 0.222198050182099 -0.123418765265467 0.132651319763463
-0.229731941706044 0.109458954415566 -0.150972597079658 0.00522236623574129
-0.22387585501109 -0.107671786285911 -0.0526468686786874 -0.0530386126920133
-0.13117791390289 -0.25849132468133 0.0366410842268385 0.15941894050135
0.0147404834270232 -0.139730752416332 0.164715313325751 0.33782249772093
-0.056437566833949 -0.178387904814049 0.0888475060060464 0.37163660736293
-0.165944510486815 -0.0860373370467601 0.129881216804866 0.304671006823709
-0.175224997511253 0.0592793228833832 0.216436707234998 0.186141778632341
-0.0416772751689067 0.13725424457647 0.185744823056198 0.053969083481428
0.0468898579356809 0.101763519363126 0.152234354803 0.0423840559199251
0.0935341095544567 0.0759708107775181 0.151270346230023 0.0356027067407999
0.116292271628092 0.0463760405117729 0.155028764051466 0.0546964857975546
0.126122767050292 0.0405185757867354 0.171479775915396 0.107317990132498
0.104091532559907 0.0831024450455668 0.130399596642338 0.174029859331241
0.0536025759304239 0.127313740876628 0.000902411728649624 0.224879100552671
-0.0832947115400727 0.151896010321835 -0.12458365429905 0.154588581629996
-0.173908333580839 0.0467345328816603 -0.153797018798499 0.0189180371344147
-0.13294637798404 -0.114395049421335 -0.029269665844095 -0.0361455376970297
-0.0253216581920557 -0.190104262456895 0.0645614032181721 0.217230885933355
-0.0619141852089892 0.0608152184418104 -0.11738708822625 -0.269163852140903
0.0444436368138646 0.0807471062793704 -0.0450991306670927 0.0145706858017119
0.0897751631984374 0.0223628828664636 0.185456392600173 0.00769437071137378
0.0529136282332541 -0.0594915860475715 0.179509951247848 -0.171512305241593
-0.0161172634870978 -0.0544373681547747 0.0232632788000678 -0.291249675032136
-0.0317718081129901 -0.0276423906342616 -0.161337762019141 -0.262213007309956
-0.0309742187974088 -0.0311067466205968 -0.227855893895485 -0.146160901733041
-0.027235740968676 -0.0265781916475842 -0.210827900400872 -0.0688278560665479
-0.0141177741277253 -0.0258680544180589 -0.198450055722602 -0.0552903443895144
0.0091477342870849 -0.0210169199172203 -0.194781369507621 -0.0707993993113685
0.0371649768308186 -0.0127232597414392 -0.187057496675247 -0.0943986151810101
0.0499024769386067 0.0330236825991351 -0.161538500471992 -0.178831867727714
0.0116882693971765 0.0923442554062724 -0.106897140966019 -0.282073734714532
-0.0667294018844329 0.0705962778702995 -0.096534704390798 -0.306009027710214
-0.112313229128272 0.0217055319475343 -0.184814350584741 -0.327969531117891
-0.163333887941585 -0.0609855746652043 -0.0686904761160697 -0.252233365904338
-0.0895192752719823 0.0306434397838384 -0.0221981679417465 0.0346583332836923
-0.0394936497908959 0.0693627298673109 0.232381809595358 0.0314378453342812
-0.00821977112239762 0.0507745999793362 0.239774613121131 -0.173856203944745
0.0140597734279376 0.0384379634592592 0.0506402593944112 -0.321151576366226
0.0285285644335629 0.0333902887860535 -0.148173015347099 -0.285203011036557
0.0591042378995634 0.0108652171234644 -0.226249127907272 -0.158878904030885
0.064694966032583 0.00237720129514975 -0.204784178689954 -0.0649055708877226
0.0706287902927383 0.0168703568621865 -0.193875714449447 -0.0420609408897184
0.0533565161977538 0.0592874057207135 -0.184122349715696 -0.0504528935444362
0.031753149539452 0.0861015168527269 -0.185492778890096 -0.0652860233227613
-0.0442730687143804 0.119613839931684 -0.173482372136795 -0.134781432589806
-0.122501073421364 0.0970412641399956 -0.131452363087712 -0.23857709331308
-0.173674261126285 -0.019500905748687 -0.135459062430404 -0.261716465374091
-0.191152541874011 -0.122787565792253 -0.197656212526839 -0.281807459203788
-0.233718413678476 -0.188696055974115 -0.00605654244501529 -0.189695957599637
-0.218209858620162 -0.0571116296686069 0.0113350366932868 0.0864561979306155
-0.19196451307841 0.0886169416955342 0.283096829780794 0.085138420922918
-0.101474174269528 0.162714433302297 0.312977221031969 -0.147515245148897
0.0278610509704957 0.148624084299323 0.0974727991000366 -0.3269358422284
0.0814926766031187 0.104993429304037 -0.106597808699662 -0.285869433836553
0.138580617938006 0.0600619346164663 -0.191389803753869 -0.157621886534611
0.147162183901333 0.0303942573365675 -0.168741241810371 -0.0522947217723536
0.148910469327215 0.0451666046946589 -0.158145267936814 -0.0153039638277027
0.103986526875462 0.114537450705207 -0.151432615221218 -0.00980020306196949
0.0519045554409498 0.16301462628614 -0.174619755998929 -0.0092298606350087
-0.0917416093962336 0.211123115942505 -0.189335866711176 -0.0700208093880973
-0.22084662676891 0.135893201198506 -0.162267131943398 -0.181154783184377
-0.267971519253447 -0.0616722962199488 -0.160616156935167 -0.204989884966048
-0.260230273861829 -0.229128503980616 -0.184482480127688 -0.195999723510984
-0.257269949820905 -0.298528788817352 0.0596586671736145 -0.0823216255376007
-0.310087629901176 -0.167619644838069 0.046724159052811 0.166312451482662
-0.336233227038188 0.0670616151126901 0.314500795159463 0.164630936571448
-0.213907402255272 0.24460246310954 0.374227584132144 -0.0820675801187857
0.0169309433690805 0.251237953958462 0.152531593438451 -0.293208199990418
0.115375432256658 0.173890466845331 -0.0437747746433446 -0.255294306895099
0.19459964517583 0.107607435328016 -0.128739649224622 -0.13697254347282
0.207214848661048 0.0531911517160491 -0.107007017236128 -0.0319382133856203
0.209627401190862 0.0586118698734046 -0.0970965211590685 0.0154167845871261
0.151061053902723 0.142104822349859 -0.0960501391326301 0.0368608119443697
0.0849346603833101 0.207597078482427 -0.143638182707535 0.0551169036960599
-0.0990148571270003 0.281121844494302 -0.188401314287618 0.00146594500310107
-0.271972453602001 0.181290919563272 -0.179334877159333 -0.117464283009313
-0.326393705451133 -0.0706669140346372 -0.157226482710131 -0.15098239841221
-0.299002620191466 -0.290641097142956 -0.141203339710485 -0.0950902013414724
-0.233398946255866 -0.361942416293775 0.116138639242727 0.0546199755417606
-0.333456280869392 -0.267093313083177 0.0733401134598159 0.259029636323024
-0.422815335391542 0.00634210025950114 0.307715112132959 0.250443404437184
-0.309389281495476 0.264717973235273 0.393079046816881 0.0111966174452769
-0.014523988535105 0.31220915009646 0.196409472942125 -0.214996389030025
0.123386811845545 0.21796078630627 0.0272419724613686 -0.188377098344866
0.219005767825921 0.140018310703527 -0.0482041535597666 -0.0991874338831646
0.238262626337003 0.0678766739334529 -0.0323185876185594 -0.00676532944676953
0.240288772962636 0.0618595915958019 -0.0195824924245498 0.0442073787467476
0.179718614041631 0.145663831450211 -0.0270331896665125 0.07929038208067
0.107341064083059 0.219400652407073 -0.0977540460392895 0.113811130309046
-0.0914320103024284 0.306211550312786 -0.168598677383536 0.0640674023839096
-0.2837195619873 0.198177519432136 -0.178227139131879 -0.0616566787440918
-0.337828599260441 -0.0746355939886854 -0.129719897347529 -0.108459452246463
-0.290823396438395 -0.31481584121028 -0.0776286568643066 0.00278098194869482
-0.169780533671447 -0.35519354949958 0.153793295993552 0.192915237249768
-0.281930041823182 -0.313551518112599 0.0858271601711744 0.340630682098968
-0.416664814129798 -0.0630044090161108 0.260291932486183 0.314648469694599
-0.341654773246023 0.220549394637248 0.359619859878295 0.104402294805718
-0.0463134248603604 0.30771128541095 0.213930303927476 -0.111896594962076
0.10896687711573 0.219830233059952 0.0893090911410498 -0.101335820426988
0.208171591732085 0.146371623553766 0.0349023071348652 -0.0499700242670346
0.232411633400362 0.0729121945317637 0.045600538168735 0.0177686193476492
0.235881482576552 0.059600842037677 0.0593032713726803 0.0689916486683212
0.18076261609853 0.135019047585575 0.0429749296618827 0.115422071079127
0.109083660895086 0.207118442754045 -0.0492923348828146 0.161020941020292
-0.0884764457525437 0.287753611906151 -0.144429874192778 0.109967534467149
-0.271030183304624 0.173159206614361 -0.168046623122225 -0.0215540554514725
-0.302589017791767 -0.0900310397040197 -0.0920083112614153 -0.0792910046978679
-0.234632113533266 -0.306051903020572 -0.0117014566562256 0.0906235089792544
-0.083578418935508 -0.277639869865321 0.172428285877174 0.30141956546851
-0.181426422651923 -0.28208155563516 0.0899370270838232 0.387170463329513
-0.321126015692661 -0.0976035214814941 0.193560908172084 0.336582877288519
-0.292658430672463 0.144541062455995 0.294264551997592 0.16712662403975
-0.0557077871046771 0.243756207262324 0.207722694529136 -0.014078004593298
0.082456900846452 0.177474353964602 0.133942621044846 -0.0175877465876893
0.16570423567727 0.122679725425699 0.107130972163488 -0.0013475410543877
0.192439468228215 0.0650241696527835 0.114234701067224 0.0399207266125835
0.19806137383884 0.0531537966085952 0.128489837040626 0.0901719226418402
0.156029962033448 0.115194532689908 0.100325673191161 0.147810241277461
0.0896432789669021 0.177298683639267 -0.0132999203523016 0.201377471546705
-0.0901875135381897 0.235272581724466 -0.12806179055651 0.142379026962188
-0.238479275381643 0.117880495054082 -0.159947313582637 0.0064999575265722
-0.233276154893511 -0.109573134086516 -0.0567231511534388 -0.056489116299933
-0.14198416168522 -0.268673855413071 0.0409659799863611 0.166005150357061
0.0141950274723466 -0.147406700279541 0.174968837664682 0.354396258383053
-0.0611521769806201 -0.185477382968932 0.0967694295413704 0.388553374834727
-0.174295668705042 -0.0878401831667545 0.138236415853046 0.319263967525459
-0.183082302900486 0.0654340286398754 0.22999685967116 0.192116374060279
-0.0409497839559849 0.143294002589637 0.194758337599034 0.0537752746447364
0.0486109520071771 0.104990764949764 0.162347659291773 0.0410837388380587
0.0997649365480408 0.0775948381635594 0.159620786060033 0.0341919269732094
0.123431463208058 0.0463579100042629 0.163487232680212 0.0544685373529188
0.131519732527113 0.0394993509365536 0.181051834995993 0.109317744252029
0.110694999072112 0.0843428822778086 0.137974235127806 0.17821197204176
0.0582473754670676 0.131683130506163 0.00366384789793578 0.23645437657763
-0.083800711978769 0.161606560441489 -0.128688420895408 0.163588535687577
-0.18093175469165 0.0516758099511608 -0.161981399773557 0.0211081211238813
-0.138651149010715 -0.117614851041427 -0.0314158838127823 -0.0394272901260224
-0.0299716287184214 -0.19772016303626 0.0711395678968477 0.225799236433716
-0.0620997868595169 0.0709187277533672 -0.147847854426178 -0.279774500619359
0.0552330413186476 0.0779326573605823 -0.0537422474459893 0.0244577116804202
0.0977311027387221 0.00941684770157179 0.19446499689566 -0.000651009788715213
0.045850124471726 -0.0724858985612011 0.179011765649722 -0.191043898712542
-0.0262727984849849 -0.0573905733709534 0.000343951927085902 -0.310552468094711
-0.0405051785828573 -0.024317094213483 -0.194715166616133 -0.25769269533792
-0.039308399889192 -0.0285872848176751 -0.250917484864207 -0.127548305143098
-0.0320736212427683 -0.0240838808847175 -0.22813086108382 -0.0499450103757519
-0.0176067826343411 -0.0254705462561658 -0.219059548371076 -0.0370812839046368
0.00915732186786822 -0.0243735934611346 -0.219539225263795 -0.0539454506837056
0.0380739168538451 -0.0194961449036916 -0.211783754891108 -0.0826020110166928
0.0602614917855169 0.0275500046306024 -0.194579849861539 -0.181288079053978
0.0288020453480829 0.0945176837304464 -0.145299247897383 -0.301039641987569
-0.0590043207523191 0.080021626273953 -0.125190235314628 -0.324664133541733
-0.114664355904075 0.030666289761239 -0.215948527979024 -0.338991284554338
-0.181642137538955 -0.0415122768428443 -0.0851721710455445 -0.272166980345109
-0.0893710222160383 0.0429463476151836 -0.0243860625482812 0.0343411984828717
-0.0297283023105832 0.0760119152745633 0.243453941108236 0.00900964392188868
-4.74957454017141E-05 0.05123750759601 0.234102438233529 -0.206598675819834
0.0163524550210585 0.0342265019766906 0.0191315044064074 -0.340966534740601
0.0293381120956706 0.0323911492165672 -0.186192830796515 -0.281625991928659
0.0609702623081217 0.002644876042874 -0.257192411717448 -0.137420656354452
0.0666331271787981 -0.00421888987786662 -0.22197006678792 -0.0453394598456847
0.0761304715827972 0.00766636785776332 -0.211935640580667 -0.0232441548578616
0.0653640888387907 0.0543894454176928 -0.207792946943403 -0.0338895343344499
0.0450446621786043 0.0835161234223402 -0.208845284673701 -0.0525410423659344
-0.0276452275980657 0.130352728614228 -0.201665789106232 -0.136400060977711
-0.112599563838115 0.115102885183834 -0.162153009614921 -0.253407714932434
-0.183209995304789 -0.00550471944175243 -0.161127582081647 -0.264791787213754
-0.215556617505789 -0.11840938474721 -0.227591967584746 -0.275356780254897
-0.26843283545874 -0.164841920774345 -0.00369453450752502 -0.215718593430342
-0.232199481887747 -0.0309695385796558 0.0220902824768004 0.0775390899796656
-0.184956179224462 0.116731773191848 0.300064629035732 0.047203278237071
-0.0793180425679737 0.181684647764183 0.306207983851729 -0.196098455515931
0.0448668177682619 0.145547476709832 0.0604795436338794 -0.34955630291435
0.0924840980341513 0.10077056558084 -0.145854358035648 -0.284854143977998
0.15208114301787 0.0423243940512998 -0.228170424619465 -0.137263112621431
0.155968812261402 0.014891577594632 -0.180237387500149 -0.0346654915550626
0.161314114247856 0.0268695162838158 -0.169758086885611 0.00167500424316951
0.1256528323736 0.10615892851918 -0.169530241790079 0.00626526829960889
0.0748699543079378 0.161134702684684 -0.193206123911287 0.00714838873027468
-0.0657019658125439 0.232916768835372 -0.213596543370779 -0.0670756173278812
-0.212536334395086 0.167014013562132 -0.18643285145723 -0.191162924125181
-0.289709647461297 -0.0411989213203762 -0.179210945408013 -0.195788838597782
-0.302561312032693 -0.22588824479369 -0.206147834411968 -0.175756974641652
-0.305643350497055 -0.275177230352962 0.0811232519232444 -0.109218526349459
-0.339095185162858 -0.133759245590481 0.0729566568100959 0.152899800782399
-0.336828410272638 0.113260712020604 0.344159280310191 0.116387095535944
-0.183902728862981 0.283087039672802 0.371738016856072 -0.143476606166403
0.0469014494528572 0.253412170019494 0.11436014246457 -0.31984637929972
0.136073074600335 0.167480758631252 -0.0792189556260026 -0.25717305147162
0.219751989709493 0.0841095348446313 -0.164783905811107 -0.122404826804526
0.221716635101012 0.0324483291740684 -0.113996047014203 -0.0191951132518217
0.224969036514218 0.0326526900291551 -0.100061135017602 0.0280061349448428
0.177513376116378 0.128990831076257 -0.105668647309706 0.0503769493186169
0.113274565367524 0.202778909009359 -0.155354903520629 0.07455688974178
-0.0646634873484641 0.30655145092353 -0.206567706602546 0.00900837149442097
-0.262381138448807 0.22167873840935 -0.198261085520161 -0.123129490821182
-0.354160931810543 -0.0436728332700791 -0.168976175235906 -0.135010756565128
-0.351548602251805 -0.287534943521914 -0.152325671272082 -0.065649775077874
-0.286506838379067 -0.343108219165776 0.155096936146207 0.0334936240724771
-0.374602199897383 -0.233934475176531 0.11572096176637 0.246510646436781
-0.435113552574026 0.0620454988170865 0.349853844872081 0.199839644191029
-0.278250404927006 0.318291148121755 0.399135332019309 -0.0567257993956999
0.0234322081663941 0.320586866726613 0.164353593686672 -0.243470291649735
0.150252119310872 0.212132568326596 -0.000300318006187905 -0.195084939564593
0.250080480021713 0.114485908444624 -0.0790528558227683 -0.0910448573622749
0.255437646495144 0.0446040284523539 -0.0315080233112299 -0.000870729735243945
0.256191845230795 0.0321230813148749 -0.0150036886059135 0.0510372459361863
0.205858821783297 0.129530085884389 -0.0273543283784441 0.0883580814189999
0.137103629405814 0.213120632652033 -0.099936719197038 0.132116236871665
-0.0546869355237636 0.33164128315341 -0.180167168959738 0.075524758502229
-0.273661132017558 0.238964041906222 -0.190493761287827 -0.0631558763053016
-0.365835907818028 -0.0465622301721844 -0.135670529829115 -0.0915069548295933
-0.346588605043422 -0.312753442240454 -0.0769971050705485 0.0368791450659992
-0.217886153258111 -0.345087298599533 0.204090841364658 0.18076900603449
-0.325417071997007 -0.287536787514967 0.138360146294427 0.334493140809647
-0.436061282034144 -0.00994572070844019 0.310506132109855 0.272253544577592
-0.317449542827293 0.278528098902105 0.377072861028575 0.0436037542125572
-0.00793454751468649 0.320496899270533 0.192817059018046 -0.139221982801462
0.137608624957829 0.215247752955044 0.0731888569160354 -0.110565452659116
0.240818541987234 0.122588167720612 0.0130076807935532 -0.0504444707530161
0.250238928449259 0.0497241934219097 0.0518242262561166 0.0177534278322056
0.251936070111263 0.0309959336852462 0.0708105636631758 0.0679253761244535
0.205529261583511 0.118508386174203 0.0517973146881343 0.119846782469385
0.136340967343394 0.200769710701458 -0.0433449306010947 0.179599802069407
-0.0547125197009934 0.311183157348746 -0.148542178588072 0.124271342918771
-0.262791197776932 0.21181635468946 -0.176101540980772 -0.0193511226875625
-0.331390126561399 -0.0653517235237764 -0.0943428454035546 -0.0628130476356954
-0.286523584878959 -0.307483590934838 -0.00216876341217693 0.123642430645862
-0.117504204270977 -0.276625800716011 0.225143941381604 0.301740589261083
-0.216789956403485 -0.26729001354994 0.145615389653039 0.389565365652427
-0.340993207297916 -0.0582369817840931 0.245200958325462 0.310079671104109
-0.277222238299539 0.193256128792621 0.318566902095693 0.120368428722949
-0.0245556134344982 0.256359051506221 0.199917023867016 -0.0372160468826747
0.105301698114145 0.174240827731162 0.131661653795952 -0.0285942358932709
0.19361277326983 0.104161445778432 0.0973145516057883 -0.00988612955687505
0.207883790781555 0.0457361083132519 0.1254789709193 0.0333752575447725
0.212359841663456 0.0297400554021556 0.147067692064537 0.0833515749544127
0.176466670217769 0.101059676301242 0.117845118093382 0.148231630247497
0.11179124183059 0.17203497869201 0.00139654671182337 0.218323164664901
-0.0637972294798595 0.257324371579703 -0.127252516283078 0.158371174109308
-0.236279690290712 0.150174501379277 -0.164287916080934 0.0130054442735386
-0.259136411385344 -0.0935355340972614 -0.0584503065746567 -0.0438909334030681
-0.183467516700899 -0.275379209593976 0.056422124228565 0.195959330448778
0.00128297444042544 -0.154931054162609 0.221329148144722 0.365808917678137
-0.0798586732743028 -0.183459913420028 0.144429716694031 0.398309951770615
-0.187734592756146 -0.0668286920838284 0.182367722186787 0.30973344822233
-0.17530166156419 0.0947612419295979 0.257624462864475 0.163601390760697
-0.0213061987354365 0.150887033212786 0.200292230499431 0.0351901029122057
0.0633083991034911 0.101185777726775 0.170616201918289 0.0282220148931634
0.117605956421104 0.066103177503894 0.161407716675066 0.0195027487862606
0.134673236080165 0.0337484976869851 0.178423344416465 0.0428718859865858
0.141297211839148 0.0246934437719399 0.203434813425507 0.0979034256117194
0.124334155359642 0.0748850051933987 0.161798247705068 0.176694916023215
0.0734295585254181 0.128387838103682 0.0235427895521311 0.254725564021777
-0.0687967734017796 0.176976204495139 -0.126246825530411 0.183961666066224
-0.183322132234715 0.073278310411755 -0.167564377918821 0.0329574286765492
-0.158258953509151 -0.111831472062167 -0.03555673691208 -0.0311236597643076
-0.0562248990526044 -0.209219389262268 0.0896798797296617 0.248329658636515
-0.0612020071424708 0.0779160033480547 -0.174072243038082 -0.281645994478702
0.0617328415713802 0.0768296761264839 -0.0556422733303491 0.0320286217667536
0.103275103558406 0.00385112978742963 0.205730338700397 -0.0133089638554109
0.0432695073619609 -0.0783797663496546 0.176336675641224 -0.213569179707544
-0.0303480805287308 -0.0562879013330044 -0.0222587446264563 -0.324340325803224
-0.0427877957799902 -0.021527563247936 -0.223250690698353 -0.252205203457132
-0.0434924386739297 -0.0263861060185129 -0.272358007198268 -0.112877829425306
-0.0355351806617923 -0.0230579386837686 -0.242117515846641 -0.0357482343987799
-0.019846997364882 -0.0248624787192687 -0.231353940152966 -0.0206750594298203
0.008394279959214 -0.0260950457448508 -0.233865842936923 -0.0371975368262108
0.0390018321057189 -0.0240187051029474 -0.228032540790734 -0.0715025078904747
0.0650482756179657 0.025598191252954 -0.217823784370272 -0.178735514172076
0.0373731322824777 0.0964262206927616 -0.175074947395803 -0.305889363253798
-0.059042555750413 0.0855848007740236 -0.150375399622761 -0.331702702847834
-0.118296405673002 0.0398652418897814 -0.249974279853749 -0.343299551175082
-0.194434092007289 -0.03070087628207 -0.107248438738853 -0.279605666379265
-0.0921755635163437 0.0507751622860446 -0.024263662102223 0.0401502943132786
-0.0259231937367375 0.0828444656609194 0.257544952136388 -0.00635719745202232
0.00419509613032441 0.0556065032820312 0.233206518245635 -0.234450299127359
0.0204853463316235 0.0353874751776704 -0.00402630096072112 -0.357547657874854
0.0347095696634858 0.0324699228430734 -0.216324869081462 -0.277439369582763
0.0642879156616694 -0.00278109867746355 -0.27847678289062 -0.121940992363122
0.0695564881886918 -0.0110643124211657 -0.234427330645625 -0.0307730800143764
0.0809096269462731 0.00192525798808742 -0.222502346784561 -0.00623697772752257
0.0741526210900331 0.0520804683242725 -0.220462294072632 -0.0169256205535248
0.0541719879865727 0.0838704646699369 -0.22299939127895 -0.0393293486006833
-0.0191012655354971 0.141078264913836 -0.221989600682919 -0.130897113964045
-0.109433675456981 0.128125971532214 -0.190356742722778 -0.255407750804908
-0.195369234731087 0.00425881580424719 -0.18458986662359 -0.265843123894481
-0.236463596178025 -0.109552218878197 -0.25685294815422 -0.275509868920974
-0.293983644212914 -0.154090216196305 -0.0183863516863451 -0.226132268658462
-0.24735129254808 -0.0170592908059179 0.0259658635711116 0.0814653312839343
-0.186253468390105 0.137103745285733 0.320717573335138 0.0304715122069386
-0.0694936365754922 0.199390114222307 0.309899221007114 -0.227799405690762
0.0581049141836589 0.150307568729262 0.0389339417113344 -0.368704045891983
0.106565724226409 0.100544071405609 -0.174105360143739 -0.284895631106372
0.162464644513613 0.0310921683571482 -0.245880025632115 -0.123583971263993
0.165192326562437 0.00115713521724507 -0.190710428230202 -0.0234767175340546
0.171563672263318 0.015436585516415 -0.176086800269193 0.0165838255023453
0.140818575701949 0.10169674143565 -0.177887510461051 0.0220212877197616
0.0904945695772766 0.163298080353309 -0.202575307613126 0.0234237998973499
-0.0507587337328964 0.251597044915761 -0.228524925799664 -0.0559023939706385
-0.210272216196955 0.191181010294555 -0.211572919875101 -0.188640709419043
-0.309102176969977 -0.0253057273681958 -0.199821708013695 -0.193060484912201
-0.334563771686796 -0.215211711342881 -0.227488704592764 -0.171380702229991
-0.339875418491394 -0.26704391637515 0.0782522429791828 -0.120516601191359
-0.365927576780228 -0.117380190398642 0.0845534012010725 0.155714208703797
-0.345882014334318 0.143911072559635 0.37000122920423 0.0995667683687025
-0.170049861939513 0.314713319609376 0.381673056907933 -0.178512892533168
0.0682989799348281 0.261878220334749 0.0991255930190607 -0.34032121903784
0.15668648959865 0.166716177318642 -0.101594771726547 -0.262380923589332
0.236219004761915 0.0690878405656425 -0.178807917381541 -0.112495152874302
0.235820027799141 0.0132868377340087 -0.119275723063828 -0.0122752215655693
0.237336968746455 0.0164116681093399 -0.10103174061195 0.0382469198761948
0.196526516314903 0.120619930307469 -0.107944493974239 0.0628717411408484
0.133547428716124 0.204427696605725 -0.156414382279249 0.0911937413395525
-0.0433774452232152 0.328799748699197 -0.215464945904429 0.0240428792802776
-0.257619229000123 0.2511359762795 -0.219668233276651 -0.116454436644911
-0.374915008493034 -0.0223812665433898 -0.18518961128988 -0.130419880149401
-0.391779272306231 -0.275874668953491 -0.162125314981242 -0.0582197916412676
-0.3232365778147 -0.34044985866408 0.165373654197632 0.0241463705896301
-0.409506857939092 -0.220520835563557 0.136344680422457 0.250140084597706
-0.452295776642288 0.0979116929759905 0.381404086678837 0.187710327509537
-0.267928716143733 0.35840089915759 0.416316402372071 -0.0886841985727933
0.04840748809413 0.333209817464791 0.15611294201807 -0.264219003590737
0.174903824154633 0.212650162653695 -0.0132012858052291 -0.204626807406113
0.271121962725729 0.0985064611632599 -0.0870380106400836 -0.0872596135236489
0.271272848608447 0.0232479270385602 -0.0330457111460818 0.000230522849794506
0.270523340181886 0.013977200657225 -0.010657560338394 0.0541258179777167
0.226068329229818 0.119298971879105 -0.0234687840471932 0.0958125247811939
0.159456984298961 0.21244260664587 -0.0947437448285191 0.148529356777121
-0.0309614999674596 0.353701653873864 -0.182488679936576 0.0925480729825779
-0.268030952481263 0.271959909602053 -0.208469801590318 -0.054209052962822
-0.387860868897616 -0.0233918723606387 -0.14840153444472 -0.0864899045395154
-0.388666828516404 -0.301452738586042 -0.076175022524684 0.0440377700041155
-0.252553225649995 -0.347220847683638 0.226336524238941 0.177516217733051
-0.36244384968117 -0.279353178217744 0.166375501190557 0.340768942183864
-0.457950694387667 0.02225505588564 0.344085482281221 0.266623872818733
-0.311383678213021 0.318141042968991 0.398693475650198 0.0176721355189952
0.0163955977667511 0.335516499903565 0.192759545537309 -0.157006617802309
0.160253797649797 0.216226687709679 0.0705566608559678 -0.123090905852404
0.261184367585494 0.107252706510482 0.0118208908976445 -0.0519822364728545
0.266683775858542 0.0297812280080877 0.0558391955223291 0.0138541244625938
0.265579752994607 0.0127545385532737 0.0797327243298332 0.0664019874949098
0.223522721702002 0.107250966628664 0.0615087816395661 0.122078236854643
0.156854408294274 0.199317155093636 -0.0313226314282437 0.192719132008802
-0.0332394165928854 0.332783345361327 -0.146822277844144 0.141563220674865
-0.259571809372545 0.241886524814811 -0.188867167599384 -0.00853465630944231
-0.350820827722269 -0.0456184586225537 -0.104377303982613 -0.0607665568742881
-0.324694600702037 -0.299833023667658 0.00882974077747971 0.128749759138783
-0.142116423361447 -0.282321583485113 0.255383381943658 0.303593715941215
-0.246026087799155 -0.265610666309772 0.17667193679677 0.398540677694882
-0.361844689651147 -0.0367954597507455 0.277377257767704 0.310637502596485
-0.275691946497079 0.22407632799165 0.341362480594444 0.102147475653296
-0.00630366413627853 0.268364679341319 0.207090768104738 -0.0510691263532944
0.122222722207 0.175017470285928 0.137994758548923 -0.0417053018605361
0.210928023155614 0.0925830089028376 0.102094503895416 -0.017322177466802
0.222564790100158 0.0293614052830466 0.133347600627194 0.0243372458266775
0.223390174999859 0.0147062880319579 0.159920875979902 0.0756988051201906
0.192357923504835 0.0913422862954507 0.132012134175949 0.145944503190405
0.128975068932425 0.172144285794009 0.0182516789794051 0.2296721390802
-0.0466089452564477 0.275824846134097 -0.122272088051298 0.176624415417942
-0.234722140743797 0.1750595255182 -0.17420344537075 0.0240158420469567
-0.276219718529559 -0.0805527033468404 -0.0655938455502116 -0.0439730122288216
-0.213927593206355 -0.273479770161434 0.0746023450776185 0.199823573565686
-0.0101958770171569 -0.163052762703959 0.255504724793711 0.370369930816369
-0.0965635972901782 -0.187062271041167 0.177267453060022 0.407803443829174
-0.200767150004149 -0.0568748554616735 0.210264934438282 0.315133412877683
-0.175479970887828 0.112164730344551 0.279965683817785 0.151873280518527
-0.0111316509716134 0.157628360378849 0.211693994898222 0.0236142732799742
0.0716876570712422 0.101482531381941 0.182727853081598 0.0152421477847225
0.127616444112931 0.0594362957104612 0.170292454047112 0.00759596789547043
0.143827137479204 0.02374661565596 0.188946559500847 0.0317952813179293
0.149860442273345 0.0154665485358526 0.219914793965417 0.08637016178656
0.136102011240298 0.0672513422019884 0.180345054537037 0.172358195498405
0.0855103771226305 0.128891433277744 0.0440696760535271 0.266143981895042
-0.0579066348226854 0.191715722910766 -0.118500755740026 0.202752269454981
-0.185186032493199 0.0897925892153976 -0.175711516352977 0.045556842820108
-0.172241755220566 -0.106583089032912 -0.0401948724594452 -0.0314169484654057
-0.0752951404957009 -0.212870611779436 0.113303691750382 0.252905888730057
-0.0579397205863467 0.0842214579724699 -0.199386424667933 -0.273340979051679
0.0660230854449848 0.0732987741598948 -0.0549858547033672 0.0409591150958068
0.10544113971658 -0.00432873119688719 0.211975157746744 -0.0291221848833769
0.0379805243606682 -0.0821571188037003 0.164132154879591 -0.232395825315334
-0.0336106523386526 -0.0546059974739035 -0.0480328941769864 -0.327808227241233
-0.043308245941509 -0.0172181850641183 -0.246934235216888 -0.234771916317766
-0.0465227923010988 -0.0226608650692502 -0.284992273491716 -0.0905863400708346
-0.0383633782315422 -0.0202582831198801 -0.248709669790707 -0.0162436510325715
-0.0219039800991765 -0.0239251823275511 -0.23641567807549 -4.67631815582638E-05
0.0070868334192059 -0.0272583081017154 -0.241019941258753 -0.0162353748404743
0.037421253900765 -0.0277397940133269 -0.238143654491468 -0.056231719214987
0.0687611517759891 0.0214854980155469 -0.235899638693342 -0.167236481212175
0.0459389814606194 0.0935916518097952 -0.20351508020241 -0.29714108675118
-0.0565906485710706 0.0903394376049058 -0.174198119377262 -0.326186651410736
-0.117563325755504 0.0494441863267536 -0.281301459524497 -0.333843410425829
-0.202467293912718 -0.0168004935264383 -0.130274815162636 -0.27739092437464
-0.091611508722681 0.0589294880148258 -0.0221534916177373 0.0457212269432944
-0.0199515814157029 0.0879824409375125 0.265109651231952 -0.026178648958685
0.00971866481210156 0.0595216912263921 0.221041577343779 -0.257389702664579
0.0252872189736396 0.0360535983656842 -0.0310960712647335 -0.36223086526366
0.0404719345659085 0.0310728385674731 -0.242693876091402 -0.261530795478713
0.0646568027593574 -0.00932973471795987 -0.290160194312441 -0.0982411649361596
0.0695084556718151 -0.0185629808175982 -0.239564012687818 -0.012492231419097
0.0828667203535492 -0.0054099420102452 -0.224952970054356 0.0146717156882277
0.0800618779614849 0.0465811972952121 -0.225077012225898 0.00404282218166529
0.0618403363140835 0.0807816844586269 -0.230503293976536 -0.0217966174573001
-0.00674496115769799 0.147009015696659 -0.237294772754391 -0.117519657371161
-0.101266313728849 0.138728281983162 -0.215941900568704 -0.245670062435894
-0.201652320513594 0.0178649463248716 -0.205156117583575 -0.25746866002277
-0.250363876692439 -0.0924999876834232 -0.282070111312965 -0.262858140786869
-0.312129460877796 -0.134763834185369 -0.0358601318576264 -0.230089618702366
-0.253910181402082 0.00125221146528727 0.0316263822655159 0.0829545919424688
-0.179305382087453 0.156374496824604 0.332368366699623 0.00704596624091834
-0.0528508844159754 0.212257698010353 0.300331441320192 -0.257237857684928
0.0715219636518941 0.148964225929062 0.0124623652262214 -0.376333648125706
0.118838251337257 0.0938821164523349 -0.199295169233541 -0.273801160059728
0.16816062940356 0.0167830384913011 -0.256634344367253 -0.10342203507258
0.167700155426602 -0.0154354933329676 -0.194767410732282 -0.00836960301045687
0.175586066613413 0.000443096277942418 -0.175776040339925 0.0333176590530032
0.152961105755309 0.0910909322211473 -0.178134179981237 0.0397128480579105
0.106416314084772 0.158613748756209 -0.203191321309714 0.0408230790692576
-0.0288290680990531 0.262680258010706 -0.236663543899205 -0.0410125468873663
-0.198311173056463 0.211365382353828 -0.233633770624924 -0.176140493254874
-0.31832076813579 -0.00284229972706642 -0.216362831118634 -0.182143726935776
-0.359740956179943 -0.192439708796789 -0.243613885569358 -0.158426994731563
-0.366916392068015 -0.247565161356145 0.0709497866298421 -0.128625382444262
-0.382544119710312 -0.091687129607894 0.0958714183494968 0.153745581953492
-0.340808293062362 0.176108959366198 0.386691995538238 0.0748963688404979
-0.146717218643422 0.338133547666734 0.376310678822265 -0.213132931219123
0.0912533201471721 0.261801373474874 0.0761165804308884 -0.351646534178957
0.175730666052919 0.158267928072242 -0.124061750010128 -0.258277774313406
0.245708156418635 0.047634672140315 -0.186960187728979 -0.0975569848770128
0.240257226512052 -0.00989612796744372 -0.121758736245402 -0.0038636330698556
0.242489421543633 -0.00384376961873697 -0.0978520193435877 0.04840709523743
0.210776115805532 0.105716114764732 -0.10425478991544 0.0749684361872795
0.153139829358221 0.197242877187956 -0.150781592732424 0.106314928730855
-0.0137157428664151 0.340314566404007 -0.217609765320557 0.0415932828165662
-0.240878196604633 0.277297444347627 -0.236117456077502 -0.102346777923638
-0.385283990050275 0.00538040258613821 -0.198176547194795 -0.119477122167259
-0.42315001630934 -0.249076419725853 -0.167804493527229 -0.0474512732125321
-0.35650749368819 -0.32327040416937 0.169739801603216 0.0127757673222954
-0.435669866201432 -0.193105167642883 0.155169671691797 0.245332179135052
-0.453489888855037 0.136272516873206 0.404695141391583 0.163903089550603
-0.241945803597634 0.389902322142211 0.417622054907758 -0.123548732589446
0.0760152449260273 0.335748761680367 0.140534051961767 -0.278585436572127
0.196864273726138 0.202634661916957 -0.0286814067352614 -0.207862725815935
0.28366607853546 0.0741539107230124 -0.0924510647428191 -0.0798780506130377
0.277559357662694 -0.00226399695185687 -0.0326671744754844 0.00222933924094947
0.275195650530967 -0.00899206796190623 -0.00488531503392674 0.0562893888049922
0.240446755349725 0.101343106738697 -0.015785287242338 0.101121621956106
0.180065721378221 0.203745214715196 -0.0825438562490907 0.160391594996917
0.00104584626404926 0.365118931579177 -0.178591846815737 0.108723713230836
-0.249479391075662 0.298563623613141 -0.220513993909968 -0.0400116507039811
-0.396362161910073 0.00512279083429933 -0.158208644943176 -0.077712811483623
-0.421111189839744 -0.274992419046569 -0.0724481547248518 0.0489454887478655
-0.284003434922295 -0.336589793424733 0.242714684094702 0.165040646163388
-0.392328066464268 -0.258142253367854 0.192498329865554 0.333845986224102
-0.466101865296173 0.0584931900708452 0.372900639638371 0.248257403636766
-0.289521165511635 0.351707383947863 0.407860712452398 -0.0137539748783265
0.0419734252442841 0.339201743442817 0.186422059663681 -0.173144526946404
0.181173001004483 0.207958022199836 0.0635533576082396 -0.132905003702172
0.27440542895451 0.0849761204836984 0.00971257460968081 -0.0525671970499429
0.27366779308319 0.00346356442558041 0.0589482848239391 0.00853309104030173
0.269863758523983 -0.00949364155596276 0.0872082807394608 0.0604893132211898
0.23695593672639 0.0896605471397408 0.0711361445978095 0.119579567825219
0.17555597452232 0.190727024542265 -0.0144456250855137 0.200326652573966
-0.00302294850119781 0.342019973007525 -0.138405992739912 0.157348268005356
-0.24253080922552 0.26724489472324 -0.196650286871304 0.00576312125051792
-0.359895343729326 -0.0205719212464383 -0.112274330407581 -0.055059067792851
-0.355456604903258 -0.277340694557545 0.0202191798179024 0.129157101720507
-0.167286933390608 -0.278065153227916 0.282508438096663 0.291660788172674
-0.272870081750504 -0.253764899487189 0.208101324341736 0.392416788857199
-0.371801787310906 -0.00796007981192326 0.306015268376078 0.298461491939861
-0.260452174851303 0.252589264509824 0.355281478441803 0.0772601647772985
0.0145475044653313 0.272735757901483 0.207228251331971 -0.0670406700144427
0.139017890064665 0.168773146758934 0.138172423524523 -0.0562053204242327
0.221113015950218 0.0741645515045438 0.103999668691475 -0.0251823648384589
0.228020310286219 0.00801096783595573 0.137219212573383 0.0138259764758811
0.22713240888185 -0.00429636691372281 0.168589310940655 0.0636436661455719
0.203122582263687 0.0760351747243383 0.14423114560076 0.137575955297782
0.144498377334376 0.163938013782203 0.0379177292377472 0.234007113126181
-0.0230205148349717 0.28502828336236 -0.110876625004513 0.189584629661549
-0.222770002624841 0.19727949372277 -0.179295425633347 0.0374019726021669
-0.286173723674928 -0.0608187379417255 -0.0718366400207594 -0.0407597135628539
-0.24069361614377 -0.25824011209045 0.0928275394227075 0.196128476251203
-0.0237565985240956 -0.165649954602365 0.288258634983456 0.361809680437055
-0.113233407650465 -0.183269942711544 0.208627845155155 0.401719289713853
-0.208629454710591 -0.041475344917894 0.237483176090073 0.306734883539449
-0.168414668326906 0.129658972028979 0.296319049957801 0.131922563603405
0.00152768960187049 0.159678797679473 0.218439432969172 0.00869273283036477
0.0798720176851459 0.0984551946482264 0.188693069999832 -0.00261806970208956
0.133683632111971 0.0487156205761692 0.173798252113204 -0.00633632218425911
0.148297020468236 0.0103108204678455 0.193917662956034 0.0164686308138174
0.152579328906223 0.00280231519106871 0.229699138083628 0.0685368058462432
0.143594478396119 0.0559455173699757 0.194936023477033 0.159457293441363
0.0964891741610847 0.124032541050116 0.0666526427297988 0.267520795393864
-0.0412214255802582 0.200375855777525 -0.105043225388052 0.215729583582659
-0.178873847800428 0.105959067035326 -0.177862597588766 0.058942779200465
-0.182614188829492 -0.0948537062035326 -0.0457897187117586 -0.0309177644920171
-0.0941090126874835 -0.208349859607613 0.136686300720008 0.246424462240722
-0.0547702086757708 0.0880864875612441 -0.214238762037037 -0.260986335932985
0.0681573298072689 0.0696511246145964 -0.0506194212152093 0.0472491748481625
0.104840288225016 -0.00947724249390222 0.212397260253725 -0.0426899338573692
0.0330203892126674 -0.0835341929177703 0.151030195762714 -0.243086466802625
-0.0349139755180998 -0.0507275050013314 -0.0675427134190854 -0.323619068845961
-0.0433070653419974 -0.0141328156966535 -0.259300192721767 -0.214265976870605
-0.0480190691381834 -0.0190849145299414 -0.288554457871074 -0.0699540743902169
-0.0394272156307252 -0.0177555736634074 -0.248080179401382 -0.00081308939601357
-0.022760504871044 -0.0222179404486785 -0.234174344362591 0.0167165287316443
0.00538601720533775 -0.027678356718068 -0.240501066746853 0.00104816692286811
0.034623730311328 -0.0305780623976342 -0.240998627654508 -0.0421618848265961
0.0697332429715756 0.0179160718936339 -0.246295358795589 -0.154727268157924
0.0506057027345399 0.0890721749131465 -0.220883098523739 -0.283727530984621
-0.0551501025711899 0.0926316827036802 -0.187682272369993 -0.316618139551706
-0.114820641914115 0.0566614240614634 -0.300417576882391 -0.319650405398258
-0.204716305267056 -0.00364330732553686 -0.145860469613792 -0.268661507748836
-0.0897708671771713 0.0643598143946128 -0.0194821677408368 0.050206333940274
-0.0142094153670013 0.090488163958422 0.265992033826077 -0.0426787284967234
0.0148323717058631 0.060219515218017 0.207590547986592 -0.272480639453802
0.028485111976525 0.0357246501582127 -0.0514286553879478 -0.358734550478915
0.0442803303937384 0.0285880763290505 -0.256624148198887 -0.243036509094181
0.0633044158707483 -0.0134799749061001 -0.292311987421609 -0.0784287648061401
0.0677575900574317 -0.0246969455848016 -0.237864085235618 0.002464108613887
0.0831067673402453 -0.0109137413071655 -0.221183140421926 0.0305261170055076
0.0844410929499104 0.04108485662076 -0.223108382569187 0.0202649956478864
0.0665598614233804 0.075784418410924 -0.231337004425532 -0.0076395266221559
0.00383326589321837 0.147986257248917 -0.243580804502646 -0.105148535916491
-0.0929529439044709 0.142957893251401 -0.230534962602009 -0.231682349379168
-0.202836365321872 0.0287753497298711 -0.216123627913342 -0.246257908622726
-0.255936032798102 -0.0773753986457439 -0.295751981317059 -0.248394749619048
-0.321248007020709 -0.115794841989447 -0.0489733598738741 -0.226897519723395
-0.255241765049587 0.0162176447340217 0.0356259034297577 0.0837285688357424
-0.16922404119313 0.168533557296395 0.334676827211394 -0.0123153726270183
-0.037469686865305 0.216967837175846 0.285569974022564 -0.276141197488992
0.0820345254674174 0.145180966303487 -0.00753300294727674 -0.375284367184184
0.127641133798222 0.0860621768122301 -0.215302154432159 -0.259500601537592
0.167217184345129 0.004267031888864 -0.258753522069071 -0.085158164997611
0.165273589972219 -0.0287035905258243 -0.193392876989069 0.0033655618569776
0.17469360235677 -0.0115195785744501 -0.169913988913693 0.0453513763860828
0.159086480577602 0.080682807570951 -0.17419748822453 0.0531990636994811
0.115888459571228 0.151267531103632 -0.200273681519739 0.0543246523074395
-0.00995350735445678 0.265707413527947 -0.239657251366579 -0.0276036228195237
-0.185116773154072 0.222783436736641 -0.246307252505864 -0.16099296701853
-0.32018421055654 0.0150377186400864 -0.224275493968767 -0.170717805124547
-0.371482526426832 -0.169547839252312 -0.250131749497113 -0.145706906143154
-0.381964231680462 -0.225292375890048 0.0629645492257368 -0.132550989922731
-0.388937650117052 -0.0695385179566625 0.103419747152347 0.149319880175408
-0.32977575377061 0.197959632270546 0.392865511420174 0.0523165618628446
-0.12284446704108 0.348724292578869 0.364997745424884 -0.236601231634784
0.107186672357459 0.256149092825276 0.0579793609628125 -0.354481312370565
0.187651312746139 0.146655906566982 -0.13934824590312 -0.249649542119625
0.246526273262016 0.0302845469287277 -0.18826840525419 -0.0844177494784813
0.238330089850386 -0.0285797445813849 -0.120405167747433 0.00330985684645453
0.241378807928341 -0.0207591727311297 -0.0922697674987029 0.0545748317320911
0.217120860057577 0.0906895607350082 -0.0985687918527559 0.0838467922412987
0.165519120198134 0.186592681371683 -0.142967436973071 0.117054025587086
0.00995126928179201 0.342855482800057 -0.214289051024663 0.05338565012144
-0.222687410805488 0.291448245154576 -0.245611743460749 -0.0865826936997905
-0.384681199813326 0.0277268840780664 -0.203313967054171 -0.107965296755715
-0.437595365690585 -0.221508238004233 -0.169036684502994 -0.0409233887627806
-0.376005101523618 -0.302203077500652 0.16982837897068 0.00322051587242602
-0.447253985881598 -0.1683316104398 0.166499411302445 0.236925865194245
-0.444632442843353 0.165039335729116 0.415804201424831 0.141051222686797
-0.213149220460006 0.406036864652479 0.41055749674939 -0.148714235267476
0.097304960154966 0.330317053498374 0.126995002488024 -0.284596144090794
0.211108582142126 0.19012637705381 -0.0416420270732403 -0.206828520757025
0.286004392802603 0.0540529414684257 -0.0927266987940458 -0.0730941721842241
0.275718845794406 -0.02516256002739 -0.032579209769583 0.00366542295718447
0.273424065196237 -0.0285850179194249 -0.000853323753009835 0.0564048945207674
0.245660915708671 0.0849727089858964 -0.00956773911060509 0.102808558756892
0.192105157104339 0.192349925589808 -0.0711129913147062 0.16638020434357
0.0269689542898111 0.364508125928908 -0.171708569585204 0.119070038952023
-0.228773843856833 0.313760394870932 -0.226026078122795 -0.0250068263708237
-0.395267059166434 0.0282138051866487 -0.162665637866348 -0.069383090390659
-0.436335906811853 -0.245638875842841 -0.0672704260434023 0.0508435527514606
-0.303885758511802 -0.319707810104908 0.251350736594995 0.152054023855102
-0.408782586986451 -0.236443880322451 0.209165521870719 0.324639420093543
-0.461676603978409 0.0870872413635445 0.387000680930395 0.228925827681794
-0.264876736586335 0.371506360009381 0.406031322898966 -0.0393969283737674
0.0635424725795522 0.336095051839127 0.177512246263319 -0.181972694358054
0.194845539515422 0.19659324651594 0.0547676248665811 -0.138548347663544
0.277544360190545 0.064484418581669 0.00961775627072693 -0.0529569601055134
0.272609804886002 -0.0175639849582218 0.0577231284633156 0.00381140718306813
0.267595132481569 -0.0280768213575144 0.0910200030265578 0.0538688424217752
0.241718542241029 0.0728967039226324 0.0777851186176 0.115238610805121
0.186339460950971 0.178019854054657 -0.00104306585593489 0.201392370997331
0.0211871413126353 0.342700464434959 -0.128047600497498 0.164868980883308
-0.22384211631274 0.282701123537928 -0.200308647487728 0.0182845946735322
-0.359896750662924 0.000826852100442197 -0.115943559576486 -0.0491532339474047
-0.372387692440368 -0.25233588663125 0.0293674323081231 0.125485103932549
-0.184634590879733 -0.268684208836702 0.299333942164734 0.277218559670644
-0.288877315040231 -0.237844104716002 0.228540302878718 0.379875890259157
-0.370791668128972 0.0155034798152657 0.32273986164179 0.281505791093665
-0.243081281965826 0.268767338169293 0.358261615891489 0.0558600209168306
0.0306514742739846 0.269505323086959 0.204757562401815 -0.0769572840977104
0.149555293054425 0.159959531022999 0.135255025865855 -0.0669791641826693
0.224139414414086 0.0584092080749327 0.103282296563186 -0.0318770569948668
0.22710740683595 -0.00916241891968557 0.136896932359979 0.0046457844512101
0.225882234127651 -0.0200775566332225 0.170725393240174 0.0515611585103455
0.206713604853425 0.0616708731318553 0.150779062774438 0.127932719008996
0.154260658295126 0.154453398491399 0.0520270082244382 0.231155043909367
-0.00220724381102656 0.286415639964906 -0.0989110765619554 0.195928827309015
-0.209325263501702 0.210844925933399 -0.178803134450034 0.0484089384681012
-0.288923550128177 -0.0443994903609641 -0.0754828976407593 -0.0374270022488147
-0.25626866780817 -0.240269082962175 0.104785311162673 0.18832143002228
-0.0349866399766193 -0.164495447990891 0.30881789406266 0.348032517306922
-0.125474834672747 -0.176604788285572 0.230108811185686 0.389928486756621
-0.210101836087933 -0.0297580618356543 0.254369924307382 0.294921846580363
-0.158890702541569 0.139595102578285 0.301888240123064 0.114073495114493
0.0100989508849574 0.157275212558808 0.218536093094912 -0.00292259300331755
0.08431524381646 0.0930361792618896 0.188595082408765 -0.0161021454081419
0.135809044299015 0.0393079602144017 0.172510399210729 -0.0175754725487385
0.14788431099027 -0.00110868884664977 0.193561718609779 0.00407771942417903
0.151434807102811 -0.00723298151190955 0.231415407314504 0.0529711811617728
0.146695225525082 0.0460228639163773 0.201540288818434 0.147087838478734
0.104457280967022 0.117150312667771 0.0829048412790893 0.263363283987156
-0.026619726620993 0.202376450340997 -0.0933148621127393 0.222390705795976
-0.170779118607743 0.117454107902228 -0.176606618096461 0.0693787226780897
-0.186761687615616 -0.0848200185658025 -0.0488618089913897 -0.0300481017291081
-0.106026934608237 -0.199478682939639 0.150406292077223 0.235987088386046
-0.053769097834036 0.0912293295857537 -0.22328314193689 -0.253766083736214
0.0685317147810423 0.0676673963863114 -0.0470757337616326 0.0525799318556228
0.105027838322028 -0.0120284115975013 0.21361106687422 -0.0528140099507464
0.0306625497711608 -0.0843929692254491 0.143309544395342 -0.250585648280795
-0.0347150784431142 -0.049597793351237 -0.0786452601701119 -0.321002417979246
-0.0419468824635853 -0.0120590415561311 -0.26561959769813 -0.20211121249645
-0.0492602214668567 -0.015867585732801 -0.289466813906827 -0.0577320518452811
-0.0402874885076176 -0.0159849200904347 -0.247488185859003 0.00911218561409012
-0.02294341484014 -0.0213270322830552 -0.231596474919611 0.0268255864672144
0.00462724014991391 -0.0279135063414966 -0.240243838072332 0.0124711605110517
0.0329078609108878 -0.0318339382413785 -0.244369920180439 -0.03364097401243
0.0713237508986639 0.0153636421614127 -0.25433853740962 -0.148348169049655
0.0532387271443854 0.0857296349142352 -0.23039849328457 -0.275121448372325
-0.0544411496306755 0.0941062436626622 -0.196250057067552 -0.313002794510582
-0.113850866562433 0.0598980464238534 -0.31302164775851 -0.313983359493775
-0.206525101808047 0.00467224833598717 -0.155173107455786 -0.264807093829093
-0.0897645139021975 0.0683812036560984 -0.016893648160998 0.0538175350429157
-0.0104273228481198 0.0928217262601703 0.267108429228414 -0.0538479555920517
0.0184361060728083 0.0607479612097245 0.199178911057422 -0.281717469171924
0.0316406869035881 0.0350596668448305 -0.0626810540273181 -0.356780612811148
0.0472397011975658 0.0267203076828109 -0.264479019667858 -0.231248470701548
0.0621014364236628 -0.0159708872135943 -0.293023285928093 -0.0665293601544389
0.0660740171267203 -0.028738358729202 -0.237236198707909 0.011317639097055
0.0827963188607407 -0.0152829768960584 -0.217721586194709 0.0400895180170621
0.0865024360447508 0.0373369875437773 -0.221242568867111 0.030682654584495
0.0693299875926275 0.0739034605028894 -0.231713747700633 0.000992636961663477
0.0105581810294343 0.149506927867545 -0.249220504202017 -0.0979397403415866
-0.08827713528193 0.145820922551713 -0.240425773515874 -0.223176868471279
-0.205422188985661 0.0358213714588256 -0.221461969461053 -0.241154008098259
-0.260195199480969 -0.0678966663850439 -0.304616588054478 -0.241116836211818
-0.327588729375955 -0.103724147031516 -0.0568819206299541 -0.226555095793208
-0.256530335259547 0.0256366014052146 0.0379328241961885 0.0851504917379459
-0.162386168583069 0.177100159767859 0.337236328803373 -0.0254700566920648
-0.026118883998857 0.221156662255637 0.277343149963758 -0.28909383512229
0.088762042495537 0.14360791845403 -0.0183002615847228 -0.37564891420067
0.133137643000953 0.0811979682020398 -0.224794695385371 -0.249749400460138
0.167056039121712 -0.00293842054310773 -0.257923610741304 -0.0745550916166851
0.162945474467837 -0.0380951431527141 -0.192050870268958 0.0103366409274258
0.174899863708616 -0.0200729151475883 -0.165645945741959 0.0533397599004306
0.163122188016754 0.0740651419344432 -0.170432586983662 0.061810552539103
0.122268816786651 0.146599654501754 -0.197772784551685 0.0617063461193351
0.00288727605785687 0.267016795077262 -0.242385669619214 -0.0203836919290325
-0.176933263633759 0.229712941620338 -0.25436993226706 -0.15148371806328
-0.322870257011538 0.026380202347586 -0.227488754039496 -0.164532351676481
-0.378832303524167 -0.155374123164173 -0.254610639741386 -0.14050921817399
-0.391884351748359 -0.212380904108745 0.0585239838366374 -0.134955322634323
-0.39470369903236 -0.0571101696623971 0.106475221426516 0.148150395930363
-0.323096266904865 0.212788172377598 0.39809002903447 0.0378058786970417
-0.106163638159528 0.356513072716028 0.35759307798648 -0.251735151747492
0.117877378103847 0.25382158899179 0.048702665117829 -0.356980824317295
0.195917854619406 0.139658736211626 -0.148441588902179 -0.244488275421361
0.247461729743685 0.0184907056345387 -0.187332396985606 -0.076445504135391
0.235527707895772 -0.0420528317277862 -0.119645211190315 0.00743380932777128
0.240061925221742 -0.0315577821668639 -0.0878305864693452 0.058552499945964
0.221353747362447 0.0812239244460736 -0.0941620705592331 0.0889742131989098
0.172978708780317 0.180327650568134 -0.138022143562022 0.123336247247056
0.0265428412953 0.342665808374431 -0.213889949488434 0.0605601969580672
-0.211553085569598 0.300263959307047 -0.2515002358292 -0.0771035637325921
-0.386309736749679 0.0406634622536423 -0.206981173428612 -0.102638682899788
-0.44663978873369 -0.203269143106412 -0.168820716367081 -0.0372523449658946
-0.387767009437669 -0.289634838240336 0.170049406107002 -0.00149498913462998
-0.456839215071338 -0.155066021722418 0.172913335182126 0.233844491221026
-0.439491295931092 0.183112277331887 0.424080893002315 0.127750546642621
-0.196844529540368 0.417285968444622 0.406462661379781 -0.165366378027253
0.110283485246453 0.327678379317797 0.119422561979396 -0.289237148374269
0.220639699377469 0.181504309979408 -0.0494602088818871 -0.206045487902411
0.287309831845286 0.0396153307064097 -0.091944364243859 -0.0693251988864206
0.273550284303751 -0.0400122838262278 -0.0324896951447178 0.00394127267598298
0.271349409448703 -0.0406117745528826 0.0033193124305504 0.0555819493065492
0.249097297546484 0.0741838221040075 -0.00510703667326008 0.104455097032629
0.199948452132113 0.184298960079726 -0.0640270225398477 0.169744132320471
0.0447352885275302 0.365118595979058 -0.168484465651419 0.125461946899421
-0.216245395554708 0.323116913475937 -0.230643918769231 -0.0157117968922141
-0.39462327811708 0.0420944406115674 -0.165133670131712 -0.0652416465740978
-0.44719132427067 -0.22903969681841 -0.0651703565403869 0.0510435681076963
-0.31806885316912 -0.31013671187568 0.257924083593933 0.145914091701973
-0.421465230429422 -0.222783682318146 0.218782884311286 0.318861866501036
-0.459613644075043 0.105685629560184 0.397635621235436 0.216784384416035
-0.248875670907716 0.383216902789302 0.4051290693683 -0.0551145686461595
0.0760243442861079 0.33320408899223 0.173446074858766 -0.187949558475795
0.204155425953328 0.188283586171173 0.0496059852411415 -0.143149166136303
0.27895475678243 0.0516742012196367 0.0106027599670286 -0.0541177131256039
0.270004390616906 -0.0327185609027759 0.0581661435323304 0.00141144849374702
0.265744955905234 -0.0407621970470434 0.0935872864641795 0.0502043021933708
0.243978148501007 0.0622444900196006 0.0816960085336391 0.113710585833507
0.194398642139994 0.170834883502098 0.00694250045480828 0.202334931425013
0.0375073523619563 0.342176216326428 -0.122889315217763 0.170612753411567
-0.212246786121183 0.291384964311825 -0.202987545714647 0.0265476246624433
-0.36011830307187 0.0130004092725814 -0.119153823113212 -0.0468201939556771
-0.38106698681781 -0.237044518829724 0.0340414478665986 0.123026390250943
-0.196089716678229 -0.262608280812491 0.309234090507304 0.27082982798776
-0.299506271143094 -0.228480821697279 0.239442645065544 0.374000994241038
-0.371729339233797 0.0281271323284392 0.334109411060739 0.273323229192189
-0.231381317817249 0.279002036702009 0.359506668628227 0.0431803812683262
0.0411447027933193 0.26820960406646 0.203796209369779 -0.0841159711756087
0.155338346089647 0.15397498775264 0.131967105998826 -0.0744454702225735
0.225155697561981 0.0479490606812423 0.104605048274703 -0.0363002687733655
0.225791171194079 -0.0224683136258141 0.136628036453724 -0.000647035768863138
0.22414445072305 -0.0298379130792276 0.172199952680193 0.0447320507597794
0.208421956006613 0.0524428689889608 0.154446124526358 0.122875115088998
0.160469054560661 0.148417992802254 0.0625067677941106 0.229396580099577
0.0118700214732781 0.287189957759003 -0.0927706080304211 0.200576966419029
-0.199053798679792 0.218061168840544 -0.181371776793615 0.0556417222934143
-0.290272821937204 -0.0340471754859619 -0.0778133029162436 -0.0366979356166789
-0.264357296749844 -0.228572145085333 0.111806997985603 0.183629521737306
-0.0427814346019157 -0.162524951320959 0.32202946612614 0.341507763952204
-0.133519791688255 -0.171893348140804 0.242817172939983 0.383549809869348
-0.21138226309689 -0.0220158906752751 0.265050984133488 0.288894073446733
-0.152673487760934 0.145626392709921 0.304827619717504 0.103809460153729
0.014745815266204 0.155701074450593 0.218839856052303 -0.0108653092890604
0.0877554744430439 0.0900118998160684 0.188497272629935 -0.0255062677923327
0.136668089954927 0.0328511230129166 0.172825804567326 -0.0247855381966585
0.147526233231696 -0.00967205859357446 0.192737308142793 -0.00206507563144898
0.151162946947563 -0.0147446726847598 0.231138584025475 0.0440198186960825
0.148172328616197 0.0393400164657682 0.205157034368042 0.140248459929447
0.108300902609111 0.113435500074576 0.0938017033776856 0.260443175342395
-0.0169516429914792 0.204395356469045 -0.0859897158721143 0.226023423977695
-0.164669248835567 0.122479117602221 -0.177057382533108 0.0756750292165111
-0.18913639733743 -0.0782240825474456 -0.0518157403750715 -0.0306134482130114
-0.113222942329456 -0.193497877445445 0.159699616041677 0.230169580648747
-0.034423862301168 0.0998462082051521 -0.295207052706115 -0.211606875120919
0.0802259474528664 0.0527094504811746 -0.0366334043123355 0.0705510426097984
0.100006791473365 -0.0365448388752725 0.213435532706478 -0.0966269656914485
0.00930187357897082 -0.0918625630694731 0.100891962952125 -0.288595862255451
-0.0482495219671094 -0.0423561578611206 -0.149519776273496 -0.314557731413829
-0.0450411934811246 8.27672872955564E-05 -0.311512567749809 -0.14848551364308
-0.0531768036277514 -0.0018012211559348 -0.301242043315864 -0.000237507664707273
-0.0441982355057632 -0.00675132177753805 -0.245602596653148 0.0625455917532784
-0.0281608313065927 -0.0157668676143536 -0.227863684965856 0.0803633606587974
-0.00336958548109258 -0.0287037142018117 -0.242212867413157 0.0698406306975144
0.0214295789003581 -0.0384606201036326 -0.258164154577355 0.0223426322453977
0.0715939911729102 -0.00480049915310398 -0.297358965317484 -0.0920867237432111
0.0688093612629333 0.065714648321911 -0.303701868473 -0.226760030778257
-0.0338890012245811 0.101371546581172 -0.272119518255814 -0.283324450965616
-0.10282128337756 0.0779383285753448 -0.386559428499898 -0.262061315018649
-0.199997332311129 0.0476478762577386 -0.229746259494861 -0.248444337445739
-0.072684490291126 0.0878735006153324 -0.0103703279743655 0.059280241110556
0.0129827895824688 0.0911628983612209 0.255271049445297 -0.112075294187022
0.033190193599195 0.0501117623208287 0.138635995190154 -0.329053298838316
0.0345462661429703 0.0255044558501228 -0.141800519916613 -0.346910856588747
0.0508931052166243 0.0184565838852229 -0.316018080024399 -0.17212832283457
0.0537822472802448 -0.0286164194003688 -0.302351044753982 -0.00094606330583449
0.0570745774215395 -0.0415285751002196 -0.234549091192749 0.0631793539655581
0.0757236355999271 -0.0316587220413872 -0.21154357198165 0.0900076591182417
0.0914268078165822 0.0177664600919131 -0.22140277137192 0.085173061883436
0.0785963126030431 0.0564228286879928 -0.237964503985488 0.0566856493123666
0.0419082488163798 0.139888606714388 -0.283197260386733 -0.0444365075636169
-0.0560694665260438 0.155009975611548 -0.30412414681968 -0.177626470076121
-0.197592889956307 0.0775155377582912 -0.273010020094522 -0.205877394065134
-0.278348543925801 -0.0155577595132001 -0.350415967297234 -0.189132633819883
-0.337564802322066 -0.0327936506451448 -0.119457803532289 -0.241772485005485
-0.244865560116005 0.0816640506931531 0.0487025430238547 0.0718628662873669
-0.114789119875657 0.206606244402954 0.319566332874414 -0.103529228453537
0.0285819259208242 0.214528307380851 0.204038260255678 -0.35107839514588
0.114941944007067 0.117644878314624 -0.102415675888663 -0.367810967202768
0.1456784305688 0.0525979604409363 -0.27912778650095 -0.195180296420923
0.1579158809933 -0.0412247955779128 -0.266926833697735 -0.00860156473435747
0.149878167762584 -0.0713993761762586 -0.189531573077144 0.0529805658351428
0.164126923040786 -0.0562977549799917 -0.157163292378925 0.0910569852733654
0.174591712913362 0.03808051852163 -0.164415625879797 0.106191561569284
0.145397950299392 0.116872320462404 -0.18983158561596 0.111135944734587
0.059299490057605 0.258293009860346 -0.260618953048523 0.0314754537460651
-0.12428809819468 0.256487546302173 -0.305218335592719 -0.105464407827648
-0.316882670019519 0.0947490982834765 -0.25712366282097 -0.128780701119755
-0.416668116215119 -0.0744479343664296 -0.268055104093764 -0.0961883837291173
-0.422338240619232 -0.124613710827636 0.0217267301101639 -0.180176613356597
-0.396739305753676 0.0312552169301471 0.132259696898978 0.11373693042005
-0.262642043866187 0.276654325670047 0.386013591597351 -0.0592711993631538
-0.0151804572740651 0.364013417608099 0.280619582851087 -0.331749836105996
0.168552246019541 0.218078762958454 -0.0338553463737727 -0.356943220509366
0.220100984885424 0.0947521997429688 -0.202079330959477 -0.201715745151902
0.241536522219774 -0.0397879320087825 -0.19647009473517 -0.0191700332094674
0.220323822983581 -0.0910686399632133 -0.118552153624853 0.0344617767443583
0.226183123323894 -0.0820204407631471 -0.0784878584299963 0.0783998753633569
0.23367641636306 0.0333526041063231 -0.0807523214388218 0.117005483076207
0.202229144432047 0.140349612374904 -0.114749688315351 0.161278390602177
0.0985998160564206 0.327480785546101 -0.214461543068354 0.108804090634294
-0.142788827116123 0.333810443313504 -0.288798167629093 -0.03132438573009
-0.376518316171215 0.124068522428542 -0.21902771335267 -0.0726795420690831
-0.494269587884935 -0.105428142813429 -0.152077332383882 -0.00966453129478188
-0.433538322561657 -0.199101151809392 0.171783382602505 -0.0694354903280333
-0.47863485783248 -0.0506299356647075 0.220630517854603 0.181779411399005
-0.380575743259442 0.27387889911733 0.426497044508588 0.0180474203148885
-0.0863072101487947 0.444961273507126 0.341048215446555 -0.258097624568995
0.177194454583359 0.292123511847098 0.0490026085067402 -0.299788751282707
0.254370220979298 0.130673865412833 -0.0960178190562538 -0.182638693969205
0.285642578244485 -0.0289053271194565 -0.100527607636861 -0.0284263982853701
0.257650911619361 -0.0975226461625063 -0.0305183542556824 0.0126379705021723
0.255557746951575 -0.0972891854044949 0.0123615448998039 0.0557528598799947
0.259626178216653 0.0214829942610951 0.0133001252030119 0.112644775054433
0.22904645027528 0.139237441137613 -0.0281677589311878 0.191549282881542
0.121063106312154 0.346045704113855 -0.153100232512457 0.165468828429114
-0.141636301892597 0.357912189137929 -0.255244663874176 0.0268333405589003
-0.385066884767189 0.128100691923713 -0.167673383830866 -0.0437986288816288
-0.498707069356551 -0.126737962235246 -0.0248919067422269 0.0601594428388556
-0.370562587735633 -0.232871654876201 0.300143806381985 0.0672239429190451
-0.457046356148117 -0.125236845365144 0.290759054768858 0.259325684446285
-0.417414409766628 0.204165166780181 0.423094619147565 0.109595339076147
-0.144423665872355 0.424458758559707 0.362610014717132 -0.147714525015609
0.146805318715032 0.304790308095774 0.123532401210389 -0.208497752484467
0.238379213450582 0.139985504819585 0.0175230853138895 -0.140018731278618
0.28116791002311 -0.0172456360417352 0.00459240298079568 -0.0340968192873495
0.256356597812397 -0.0897670157166816 0.058594619261312 -0.009402977588045
0.250039448135236 -0.0964422916740276 0.101477093265113 0.0298364975885831
0.252950615037573 0.0108819728504993 0.103508011681325 0.101629428793867
0.220989441147763 0.128566877362821 0.0518290646875385 0.207992680716718
0.108536437043165 0.32621187091502 -0.0953622719673482 0.200921662063117
-0.143668138361447 0.326154206764883 -0.21545784051815 0.0641196251257057
-0.355512014060684 0.0912027770538897 -0.117547401335919 -0.032797017212749
-0.433460276877141 -0.147877905245155 0.0891699441572418 0.115004327567296
-0.243210936212687 -0.210771387437287 0.385057227533248 0.194322755028498
-0.339872938626094 -0.157677238686086 0.327923715039546 0.316905026533413
-0.348668186884079 0.109862464499939 0.379145796893469 0.185080414300389
-0.151972926978587 0.320595212902549 0.34532006685946 -0.0401005529897368
0.0984731605946934 0.249496675527337 0.178786300790643 -0.114282759656712
0.184299164391873 0.116436455190713 0.11603808440632 -0.0920160040041327
0.228236513983493 -0.00863676057719287 0.100056644853716 -0.0406094292864385
0.215763922069837 -0.070470351790337 0.13682770630421 -0.028597733986291
0.213044216740986 -0.0774923251570969 0.180739328630158 0.00728896676181355
0.216719758752526 0.00826753819550412 0.180992168403269 0.0945783752353292
0.184473462080082 0.113921468425325 0.11486788264717 0.222472111739289
0.0710692254961081 0.278497519251031 -0.055580961076931 0.223519454599459
-0.147242303490793 0.252369430489796 -0.183704497303961 0.0894189649492307
-0.295685472949191 0.0291509667240378 -0.0765373798743486 -0.0274194692164026
-0.313613077787817 -0.163870403523308 0.176525331295542 0.163567439603139
-0.0756977038654204 -0.145237966332509 0.416890036796602 0.27655923216201
-0.165704793943132 -0.139694170465046 0.335711208993262 0.334481248282523
-0.206236392838344 0.0251690666159084 0.324138393298767 0.224841622824931
-0.109199826055195 0.172922678349908 0.315608993698157 0.0360837105537869
0.0486075414972593 0.145548728174117 0.213869685462273 -0.0492482138130035
0.103884228704154 0.0677489438512516 0.183236851766811 -0.0605289327635866
0.139584068211488 -0.00259304567055804 0.169189654494966 -0.0497378234861394
0.142337324372848 -0.0421586195983508 0.1925491758781 -0.0418248995305829
0.145528424920704 -0.0460017759086245 0.241641795036237 -0.00580029394019574
0.153782036906896 0.00840870812588478 0.237413704818061 0.0986242126258617
0.127712009979231 0.0908386086918458 0.154559741498352 0.246430904603127
0.025536724267078 0.204248057602408 -0.0400833470064333 0.249000358881369
-0.135137755620185 0.152791942386231 -0.170001321283329 0.111347464184839
-0.204950270096919 -0.0368646135461804 -0.0518532984342437 -0.0221708109387327
-0.154020124013434 -0.162491613294739 0.22628816732096 0.205194520136296
-0.032636166411052 0.107484085628815 -0.317145592750129 -0.209293748654433
0.0849287691711311 0.0532868610096681 -0.0340678188673428 0.0766141984184539
0.10418346591997 -0.0419332837328093 0.21806478804392 -0.111739099809989
0.00566548074355593 -0.0962769157619759 0.0936046978456443 -0.305883696699578
-0.0509366588204935 -0.0430733040827559 -0.167462769965939 -0.320831772339449
-0.044964847071601 0.00118060893048677 -0.328402029735524 -0.140746769922864
-0.0542414580221273 0.00134455514770378 -0.312482688398075 0.0127068364864146
-0.0462235983636974 -0.00447228879835774 -0.25357873809927 0.0767458443932001
-0.0293840587953079 -0.0155115765324554 -0.232901019594671 0.0932580172450499
-0.00388710488774609 -0.0301329728635482 -0.249151273161263 0.0841452799506337
0.019980738951716 -0.0409544311348868 -0.268605953337867 0.0342081633004386
0.0741872998108441 -0.00845256646684479 -0.316434733405413 -0.0836335220855799
0.0727985442814214 0.0648988586145815 -0.324198902917694 -0.224813677425788
-0.0334878538313598 0.108222950248938 -0.291259779616984 -0.28862984108195
-0.104310296172043 0.0858885277050027 -0.415305062648961 -0.26198422013901
-0.206365070405451 0.0603352054354313 -0.250538676023189 -0.251641592894811
-0.0733653027384489 0.0954326427278549 -0.00791795865643629 0.0640966865262484
0.0190580411559023 0.0957757510914057 0.261161306332447 -0.128846252407257
0.0382907419862466 0.0519118810513661 0.131323966032086 -0.35008812632939
0.0393307799038472 0.0242872807792947 -0.161096215420454 -0.356707685464574
0.0554178151778467 0.016230039825614 -0.334421776165567 -0.165314901027741
0.055236841124463 -0.0319245479747103 -0.313232194811011 0.0118512104944715
0.0564800730113505 -0.0469011619426159 -0.241101794644829 0.0751974511260792
0.0781113675828968 -0.0375314056017968 -0.214655545933202 0.102289198362051
0.0972925784807275 0.01387070733857 -0.225975095011269 0.0995331766314394
0.0842361082761156 0.0558603002476055 -0.246972887502362 0.0688842872620309
0.0511951213333414 0.14364750191119 -0.300995913149867 -0.0352743556101873
-0.0531230298505314 0.163637327025199 -0.323815468611615 -0.172306025418937
-0.205708667951222 0.0892766226989497 -0.289964911206157 -0.208144265255013
-0.291488632758269 -0.0046318821468496 -0.374584081490424 -0.187856965759121
-0.35387978138538 -0.0186454986521202 -0.134830991642949 -0.248313340323917
-0.25320410576368 0.0963907641968006 0.0535410225838888 0.0746842272659358
-0.109359911443531 0.221820212972426 0.328030920626993 -0.12291038812121
0.0416599999905876 0.223839557753205 0.197409753052337 -0.376771393308546
0.126529589090432 0.117828970153093 -0.121192903764676 -0.381277396934063
0.15625158706942 0.0468653813770929 -0.298981650453931 -0.190146120231344
0.162185406896539 -0.049981966692814 -0.276015012626226 0.000829164949592915
0.150592879134716 -0.0830551829564859 -0.194541456780827 0.0624981492931079
0.16846255289317 -0.0676123145535465 -0.157824743504704 0.0996464414450389
0.184994302660854 0.0312845573066171 -0.165293638933694 0.118647822862003
0.156861298759199 0.11590244248129 -0.193409839353683 0.124263144494622
0.076042325464821 0.265874712758495 -0.272855725834118 0.0430351937854195
-0.119587258318444 0.272341532419527 -0.323996367075977 -0.0972567522727305
-0.328980648865408 0.112172489094692 -0.271695460386689 -0.127523777235468
-0.437661059128994 -0.0592938679516658 -0.284395322290427 -0.0942097023837383
-0.445668570031631 -0.110321873391494 0.0157912455225111 -0.189894307359476
-0.413311516648065 0.0490023850619994 0.141537687338387 0.115208583032373
-0.260099775614122 0.302654531530216 0.39988451922936 -0.0795107667661826
0.00249948704477698 0.38169541208001 0.278392597380863 -0.35913998384707
0.186663764708729 0.221014957348198 -0.0492821878171237 -0.37308893552081
0.235610773565906 0.0880433310801258 -0.220059755075015 -0.200971259334896
0.247963680716536 -0.0528316561517479 -0.202549511939701 -0.0140506581605315
0.222709099491066 -0.107106398927009 -0.120447843028455 0.0406802950819503
0.231275020374171 -0.097408460987251 -0.0771432966935513 0.0845419332594398
0.245568586279283 0.0246433793212134 -0.0784212219368898 0.126361889097512
0.216887165231352 0.137530209358409 -0.11266696051769 0.17329821733821
0.120799500528109 0.336492565449206 -0.221340678353921 0.123051705704391
-0.134139941341531 0.353990191179639 -0.303741022646266 -0.0197192085889434
-0.38976693671269 0.145564196623176 -0.230588145497013 -0.0699179241726412
-0.520087126471101 -0.0877869946651197 -0.158918767076523 -0.00666022579188565
-0.46093923859075 -0.19002288540887 0.176503848451023 -0.0782209966191215
-0.503156372565689 -0.0322757492795859 0.236549199979409 0.181633469407142
-0.385788474829442 0.304848856029359 0.445704179123822 0.000409203968378185
-0.0686699355364438 0.468528834622546 0.343661677299033 -0.284011067581259
0.198856689492107 0.29713041848022 0.0393904099771231 -0.316551516900143
0.271168760932825 0.123994221219179 -0.108881746271743 -0.186207348399492
0.294809788927431 -0.0439488545039162 -0.102878971777071 -0.027964610775478
0.26058461346438 -0.115400629742281 -0.0305713726740422 0.0134098135953511
0.260051123835252 -0.114509415034568 0.0155009766691361 0.0567901113572759
0.272000468971012 0.00973191709066398 0.0191473893096516 0.117600753417476
0.244984232862854 0.135101453189284 -0.021409789098986 0.20148568285751
0.144836962838594 0.354662951838352 -0.155161705223403 0.179409944416129
-0.131477454983851 0.379129090841628 -0.267110322541911 0.0401207239206592
-0.396234296317435 0.149576494589697 -0.178332907674106 -0.0407164322699276
-0.525019287572127 -0.109132787749045 -0.0233751376218562 0.0607812036174527
-0.397236431035073 -0.227028749815151 0.315675629864025 0.0599473971160349
-0.484781262732754 -0.112762172836307 0.311520577533161 0.25966022657676
-0.426402303001547 0.233319052727841 0.445174546021295 0.0976587380197251
-0.130369255225651 0.449610202220239 0.370982208430601 -0.168838587465411
0.166687992514819 0.312738057117629 0.122303341972769 -0.224046573236069
0.255506414950457 0.135436906195478 0.011124241465758 -0.147142748773922
0.289773373440454 -0.0307750409325447 0.00552313001769856 -0.0384347428355677
0.25994975262802 -0.108046693697867 0.0614923098876028 -0.0127962605077928
0.25501591219751 -0.112530038271788 0.106601278180319 0.0262657435020193
0.263582004848098 0.00028282139464567 0.112949569956332 0.10199960094382
0.236037587587874 0.124632092342056 0.0634516738715984 0.215037087328997
0.130014736105399 0.334598790558953 -0.0922114162973474 0.213354464116371
-0.134881578796541 0.345333585686786 -0.225009231847359 0.077700661045812
-0.366279985496804 0.110076266102577 -0.126087187052325 -0.030947850185004
-0.457851854776491 -0.134119565100322 0.098405495016678 0.114900216179507
-0.263645688154965 -0.208746753753996 0.411073953218443 0.189693380965632
-0.36278022898771 -0.149582903224998 0.354365501096144 0.318219241306923
-0.359190333287335 0.131159953542744 0.402915718575812 0.177963027471904
-0.143944316385879 0.341254247662623 0.357162012396052 -0.0548336635321475
0.112746005779783 0.255750999747814 0.182468581508449 -0.125633962857745
0.196595790251406 0.11364639917876 0.115414966534971 -0.10107825067055
0.235750208512785 -0.0187660084953564 0.104014615087112 -0.0478279644596282
0.2191274516271 -0.0854397696051555 0.142510965362096 -0.0354075357437689
0.216968934071933 -0.0912700190534765 0.18755383000233 -0.000387146122696353
0.224658356300735 -0.00138003859970673 0.191185854589885 0.0915421623821745
0.197354916798274 0.110555125384803 0.129095079855417 0.228009720884752
0.0880387772462723 0.285440041983797 -0.049847498605047 0.236622787385755
-0.14129605384456 0.268169489840595 -0.190655727373506 0.102858037379935
-0.306439862937 0.0422790194992299 -0.0834534127075745 -0.026500995479624
-0.3328354442819 -0.156327346006593 0.191368377821935 0.16272281920966
-0.0854378777767454 -0.146997148510191 0.447830179439936 0.275198831887681
-0.179386921459607 -0.137843094388032 0.362932703365481 0.335936344638863
-0.214591261520555 0.0358050375242492 0.345639761098224 0.223425053817709
-0.106887176767002 0.185473303036254 0.328571110136544 0.0268240337955971
0.0553700103841027 0.149926739496792 0.221945995267364 -0.0587665196886335
0.110627849587169 0.06689309107483 0.188455453228231 -0.0710088954143346
0.143543117948392 -0.00811539314512365 0.175047218796941 -0.0600364309340675
0.145264421998867 -0.0513098873704081 0.199545849657521 -0.0517895161930222
0.148241756367918 -0.0555166900177212 0.249903410169752 -0.016438167483678
0.160008466529656 0.00127255885744133 0.249972018399903 0.0935729170769644
0.136915603535401 0.088627260883299 0.170943151659064 0.250726598286251
0.0364869611819665 0.210549508702063 -0.0334373912975661 0.262061588151536
-0.132868192630173 0.16313659708509 -0.175548786700322 0.124846814666787
-0.214017737576183 -0.0308685327718587 -0.0577268338445625 -0.0215433545046631
-0.166255149976693 -0.161783959614368 0.245361685647481 0.204127878188501
-0.026320684515644 0.11684068623905 -0.347048868146523 -0.19577481618201
0.0921776288606679 0.0514291996232631 -0.0300516431284282 0.084101998268103
0.106728906432128 -0.0515007167193029 0.217791351188834 -0.132295931177126
-0.000282952110271392 -0.100498632408776 0.075368672614731 -0.325664866451691
-0.0551720352431251 -0.0418134826256283 -0.197764912021523 -0.323163117836678
-0.0451328026457923 0.00359546613615722 -0.350507258360482 -0.121966210007175
-0.0548389591126741 0.00606303213596008 -0.324005389469279 0.0366912792522614
-0.0483625337962798 -0.000333488112628238 -0.258120821179221 0.0984233732117625
-0.0313064613518111 -0.0143813581379481 -0.23548536433084 0.115403249729374
-0.00618658601682607 -0.0315619585859107 -0.252560047303018 0.107988159507954
0.0175773148323752 -0.0430041906602358 -0.280050239317769 0.0553437755640804
0.0766962119970183 -0.0147432739213639 -0.338131775583547 -0.063196625734149
0.0785857326155704 0.0617713651299234 -0.352697429804172 -0.210904108178541
-0.0293547607049095 0.117802604349567 -0.321216205900549 -0.284975474813915
-0.102932970956812 0.0973282476809019 -0.455213019905315 -0.247925558309643
-0.210753642985864 0.0796297172421173 -0.279802350151302 -0.246293751798844
-0.0697314014020223 0.107065413892269 -0.00374678528137227 0.0685813935156389
0.0294519152752991 0.0987858583754749 0.261643304701601 -0.154218751734041
0.0455540571492744 0.0510864626088646 0.111393739112803 -0.375011872066221
0.0443956193494047 0.0217689933401297 -0.19350879766144 -0.362882191658144
0.0608249305155674 0.0112829793833734 -0.359187463587666 -0.146868442383133
0.0553540692145535 -0.0366725545561916 -0.323861649612413 0.0349499875334177
0.0538146928213839 -0.0536192553725772 -0.245234349451356 0.0962696250556392
0.0785501387549961 -0.0457579739374555 -0.214899587579684 0.122589482305611
0.103809658890444 0.00700236224847707 -0.226888106915447 0.121922904050248
0.0923143127923177 0.0524490082651205 -0.252836660942133 0.089917269344572
0.0657625325090918 0.145717146096992 -0.319639287766537 -0.0143135760209186
-0.0452008949629061 0.175022254967866 -0.34985985837846 -0.156344480906803
-0.210430459885572 0.109726417391083 -0.315413623517267 -0.200435654723428
-0.304231732964404 0.0178635813096807 -0.405878090968906 -0.172980936032081
-0.37074403226926 0.00769587998802422 -0.158844863274726 -0.251796671200324
-0.258088938099614 0.120493530077407 0.0608134503311017 0.0749988952955876
-0.0954081367770036 0.241030839545982 0.332549747975773 -0.153139660556799
0.0629192255725358 0.230689382297818 0.178928015010991 -0.408008952340051
0.14250580188782 0.112670532320413 -0.154367926897015 -0.390864733582472
0.168555640421534 0.0361553884095451 -0.324748396023678 -0.175595343443226
0.16498071601822 -0.0651044665516896 -0.285114611929601 0.0196224371105071
0.148404520659299 -0.0992670291056315 -0.197428797588223 0.0787886894157392
0.170195971271866 -0.0846277140608248 -0.15641925078301 0.115383383601706
0.196628116064752 0.0182226975506597 -0.162239212455065 0.136960918688723
0.172711628852849 0.10968905141989 -0.192821293288302 0.144199947228224
0.101903713522837 0.270575213651006 -0.285930349972018 0.0661901181507034
-0.10507879935767 0.294255110846295 -0.34496389015743 -0.0771985487860692
-0.336580290536062 0.142403515132936 -0.291609068262408 -0.117661625389769
-0.461363545991227 -0.0276981382684198 -0.303933154124632 -0.0813784662907952
-0.474544544522507 -0.0825536185753617 0.00304962949482892 -0.200158541706451
-0.43052358604767 0.0817814527453809 0.154429206624342 0.111268136392
-0.247335713051238 0.336535179904142 0.410228743657737 -0.112972226602367
0.0339844816023232 0.398219098076248 0.263364256673521 -0.394558930105506
0.212785444896949 0.216491433813338 -0.0783043109601647 -0.387691248027823
0.253766292408401 0.072680153625014 -0.244855019328828 -0.192630515637881
0.254156090878737 -0.0746817039750125 -0.209981689293735 -0.00212689121080708
0.21958454616754 -0.130875412056759 -0.122689547544074 0.0507259888801673
0.23229731515507 -0.120608746482649 -0.0733127206312334 0.091897391302409
0.259137149751551 0.00596562837019207 -0.0712494664084262 0.138186570412998
0.237760172959457 0.126524942167027 -0.105316176961596 0.189132515743562
0.154683461980338 0.341230756921895 -0.224829507014664 0.145043758859253
-0.113370472365095 0.380787427478487 -0.320615527189886 0.00316546449285531
-0.398325133697849 0.180259342036627 -0.246171238176973 -0.0586739932998715
-0.549157968965185 -0.0504979180535723 -0.166687904854706 0.000825841944719738
-0.497357434831425 -0.164219401200995 0.179270427034191 -0.0948705295247858
-0.529318749092564 0.00317844427574213 0.257860040787297 0.173770560755934
-0.378182086853951 0.348477649209929 0.463606587456665 -0.0323613116751867
-0.0336180994711165 0.494922234066724 0.336289880426988 -0.32016005233812
0.23160095857777 0.295640679606378 0.0176034476458424 -0.335629982737619
0.292886149618573 0.108494400802987 -0.127835460125797 -0.185312295256367
0.30303694253555 -0.068331483052742 -0.106526197640792 -0.0240951208268537
0.259643032963074 -0.142570470559349 -0.0307633536093832 0.0158180792306091
0.26084678974278 -0.140811557992589 0.0208219140568453 0.057050380313784
0.284671785841037 -0.00973034805908702 0.0293654748194093 0.121654848633648
0.266200848606126 0.12228165809628 -0.00640644554499065 0.211643164789299
0.181324212583109 0.357238528365207 -0.150865006373598 0.200648898018103
-0.107743758297968 0.405467078032859 -0.277595520680495 0.0633879052445108
-0.404426437649178 0.185900334528317 -0.189772032679331 -0.0316509924844879
-0.555760311736828 -0.073307735394148 -0.0194150673396907 0.0625833913786613
-0.432579615820304 -0.208010327736566 0.336061993059054 0.041006691188427
-0.515416288495132 -0.0805538733587449 0.342383611058419 0.249189782352002
-0.426527233732272 0.276641866877761 0.469941792131604 0.0696917449787591
-0.101988936110251 0.480467101946477 0.372774755299255 -0.202020506880178
0.197949306942333 0.314457544065603 0.11109851103368 -0.242893056144134
0.277672935293793 0.122193290005485 -0.000397301273375992 -0.153094250033521
0.298913783821822 -0.054811498036934 0.00468595936277963 -0.0429344813129107
0.259546635966567 -0.134329956107419 0.063254171195154 -0.0182191945194147
0.255551199847486 -0.139077270364654 0.112744204220837 0.0189192673948389
0.274872297975819 -0.0197312083435217 0.124517115937687 0.0982408284220711
0.256615921166274 0.112452618087706 0.0828134357343578 0.218852537335468
0.163585052192413 0.337402776195178 -0.0830609245102462 0.230840008855612
-0.113335175700406 0.370123064233003 -0.231596457777076 0.100322986573333
-0.374526419468306 0.141559611491811 -0.135657928713388 -0.0242236271435619
-0.486564545138089 -0.103516566722543 0.111973873221175 0.110261207180335
-0.291500762722069 -0.197912434268537 0.444286684211761 0.170541152988447
-0.391195954083194 -0.127701830021599 0.38990751103433 0.30716798249608
-0.364879067242216 0.165664094944493 0.431476842624951 0.157347017213807
-0.124316129375097 0.36741692266774 0.367398612649206 -0.0810124943953012
0.137363799775767 0.259818171927722 0.182163885002623 -0.144940092603565
0.213541798475392 0.105120609568756 0.112383273640295 -0.113651468047182
0.242721362094893 -0.0377921012721693 0.106866984041482 -0.0592295179134415
0.218945562940793 -0.107674694789904 0.146697265316937 -0.0476011666474364
0.217474713363945 -0.113148417552721 0.194581033168816 -0.0140450803962753
0.233605247170057 -0.0184599273662788 0.205361694811312 0.0816349726076188
0.213688544946174 0.10098347090916 0.15218267174403 0.227682800630591
0.115465638368426 0.289759116506366 -0.0369674121922867 0.251489764049185
-0.126282029358968 0.289791151123566 -0.194601431910664 0.124307257532042
-0.316146294103225 0.0647664031572415 -0.0914649627991295 -0.0220694105175099
-0.358068518169232 -0.136018586965722 0.213434504876066 0.154653743293372
-0.100036537916842 -0.145492179118543 0.489304359965258 0.258826332438202
-0.197515348281098 -0.127968132614563 0.401053303429596 0.326135877091457
-0.220535308725493 0.0547260493361926 0.376709819396009 0.209434636715122
-0.09720257590006 0.201951069003545 0.344394030752574 0.00641137886046387
0.0690885308485342 0.152881179279862 0.228221632208133 -0.0767744812249826
0.119075360295807 0.0626610362765396 0.190588737378317 -0.0884948823094942
0.148064435282378 -0.0190989204649602 0.178705981750713 -0.0763979034994513
0.145065673855382 -0.0664235179053928 0.20529584246685 -0.0678410323300244
0.148765056125525 -0.0695690475425834 0.258168609528389 -0.0347362177629759
0.166055541300394 -0.0110570481256277 0.266000708538409 0.0800075521862264
0.148730538088208 0.0819418604534459 0.196837141624778 0.248284134498891
0.0553227709111793 0.215057825036222 -0.0172551332800565 0.278043299836297
-0.125747325025699 0.178701952902937 -0.176669189899096 0.144782638188658
-0.225210097252667 -0.0173916406158462 -0.0648262866334896 -0.0181241400384698
-0.184530893914268 -0.155129449512452 0.27241897001185 0.19492929847351
-0.0144902519299683 0.123899161890881 -0.371318797288435 -0.166335286183906
0.0982915702859185 0.0457683621667218 -0.0225549868711958 0.0892734616378258
0.103955623141614 -0.0634178206969191 0.20730244606104 -0.154218428148316
-0.00944357114837095 -0.101274348153466 0.047496946211436 -0.33905643612427
-0.059536476098347 -0.0376893728433155 -0.231135367391622 -0.310519025485763
-0.0437902716066495 0.00679499268878644 -0.364698576359776 -0.0899469328623916
-0.0538009847127792 0.0117435083956301 -0.323221601233577 0.0693968008528721
-0.0486644312562373 0.00513650543035533 -0.251409448752218 0.125499003019034
-0.0320823024314785 -0.0116873705188738 -0.226946213256898 0.140378639892166
-0.00890820963028753 -0.0316496663956227 -0.244301803014288 0.13459336434742
0.0138592475977291 -0.0450042391549095 -0.279578970165005 0.0833458856632086
0.0763041933311245 -0.0225354815994486 -0.349964254448784 -0.0307792324530201
0.0833577761035275 0.054866249907594 -0.376113992322082 -0.182255382649101
-0.0198087043842989 0.123466905306505 -0.350219469739277 -0.264690233318526
-0.0942422058271316 0.108802808643493 -0.488889977342882 -0.212310867101921
-0.205593149819695 0.102674127689244 -0.309431581120115 -0.225086984406764
-0.0606848316855081 0.115869381277635 0.00187790363771876 0.0718425713035474
0.0412702098635761 0.0963373276477484 0.248430463693295 -0.180759139265849
0.0529981751050249 0.0473688560667319 0.0773921160723621 -0.391644021486985
0.0475680340859113 0.0172080220380324 -0.230565223651866 -0.349931247680635
0.0639814900754154 0.00370646072144706 -0.376826711228009 -0.114054569928842
0.0531135337610288 -0.0427970895742335 -0.323354258649636 0.0655372848740022
0.0479452501200459 -0.0595336017619971 -0.238864646447927 0.120591483143552
0.0746641591687547 -0.0554193757120299 -0.204409135449172 0.143997143773561
0.106973380805412 -0.00400874194509145 -0.216747012634857 0.145593696855519
0.0996030397751751 0.0447566897403304 -0.249501786327538 0.115638337657698
0.0819696100579858 0.140723178469403 -0.327727177467081 0.017464142106157
-0.0302905583223931 0.182163986324209 -0.368498046539793 -0.126609661742504
-0.204874568945828 0.132399485384936 -0.337293651910795 -0.178748802432916
-0.306637306951353 0.0485241758133002 -0.4302129769602 -0.140820471953125
-0.374860127544974 0.0440361842382024 -0.186185434078683 -0.242003321202906
-0.250259060611299 0.146631531840049 0.0667826643268242 0.0722257500745687
-0.0707970801414087 0.253777949337193 0.320281928802975 -0.186884865037828
0.0886340658950941 0.22781887497716 0.141202670106032 -0.430800943304349
0.156993835073897 0.100421394153998 -0.193896726280191 -0.38378295859979
0.174900264689249 0.0186828855804351 -0.345458238805163 -0.145665197765905
0.160951934128564 -0.0822245576466836 -0.28611246865232 0.0456018449494556
0.137520222196065 -0.115874931782383 -0.192026743269467 0.0981347911001189
0.162591742845657 -0.103640034617469 -0.145853467939486 0.130795758788799
0.202517317249526 -0.00183365183279413 -0.149500910329416 0.154736496933074
0.187158670129976 0.0942344032121362 -0.182639174899601 0.164683162639982
0.132109623930448 0.263716591887322 -0.285691059441608 0.0963401998256492
-0.0787100411215792 0.309564311815812 -0.357541581074388 -0.0462147260631528
-0.329698978833859 0.177446582187158 -0.306811978354963 -0.0960003349801397
-0.469861592957669 0.017857683252295 -0.317423433453514 -0.0579081511384355
-0.48714002023954 -0.0389453880129229 -0.0178533057011168 -0.204750942613798
-0.428832281281869 0.124772653056616 0.164562168091631 0.0992630571836207
-0.215990674537969 0.366335326350601 0.40268316423383 -0.153580260406328
0.0760349661563811 0.401361820017235 0.228355109289687 -0.425154493643929
0.238353495422073 0.198055984954531 -0.117463972201939 -0.386336500472948
0.265288374725156 0.0482658793950258 -0.266440408987035 -0.170487563847504
0.249582182157439 -0.100192412687591 -0.211140828158522 0.0149011584657454
0.206492819169617 -0.154171002260164 -0.119011980704089 0.0615348679146929
0.221043970368796 -0.146490587397793 -0.0644684086860864 0.0994792287071418
0.264200072118451 -0.0193448522113495 -0.0577000500199136 0.147150200407181
0.254051085854762 0.105351431573529 -0.0878925239397681 0.201449457476565
0.192711680815883 0.329303357941042 -0.217051383818544 0.171151482394495
-0.0773749485988918 0.397917092544591 -0.326091451609174 0.0343188328096981
-0.386674345882273 0.222320249330229 -0.255720821963878 -0.0395937796764392
-0.560496369195246 0.00305981940695302 -0.169283713508292 0.0132546849569231
-0.52034741827055 -0.117883970407554 0.172274488661201 -0.113992519496685
-0.539116535821397 0.0542133967639529 0.275150126876985 0.152441197984455
-0.34774071145321 0.391439834931188 0.464327160610724 -0.0760991850694405
0.0163894949485451 0.506549661406672 0.309749629919334 -0.355727659312551
0.26468250188695 0.277337009263247 -0.013576751900472 -0.342439903371436
0.30875275007004 0.0814294127863947 -0.147764755537347 -0.174196061080253
0.298917661577929 -0.0997576343843782 -0.109090259334822 -0.0169890712574651
0.244776064844257 -0.171360994827129 -0.0292029032719017 0.018117432629794
0.247836202117324 -0.169849850413118 0.0266526858528067 0.0548318178650364
0.288135852811933 -0.0388750755351561 0.0418735595083692 0.120812557871826
0.282737427687442 0.0983833223504468 0.0133774756568818 0.21514059838586
0.220404538134418 0.342359374799165 -0.135458579782634 0.220182810730763
-0.0689980046935563 0.421835195126393 -0.277377263528605 0.0925111422953149
-0.392462206085256 0.226403836269552 -0.197245456117524 -0.0158082348326676
-0.569173018302835 -0.017967188960066 -0.0137076132333546 0.0615893884095271
-0.458479433318575 -0.167046210597894 0.344790991443861 0.00950835887969856
-0.530722540348126 -0.0324872505356634 0.367523971351988 0.220025918369698
-0.404636598075712 0.323343153318502 0.481635545888545 0.0268167614896905
-0.0540723124543826 0.497330872075507 0.358096398907359 -0.237183673993667
0.232385489036961 0.300588892288467 0.0902539463706671 -0.257441858383366
0.29320595812935 0.0971736061787663 -0.0153283631906006 -0.154385192708299
0.296486328179198 -0.0839139527571716 0.00202643526640268 -0.0466644346167571
0.245673025528696 -0.162430151616203 0.0626820648683776 -0.0257596818916203
0.242962108104081 -0.166479271360897 0.115301976206797 0.00738811177378021
0.276577745575323 -0.0470231169143923 0.135303141966262 0.0874830839380595
0.270912734244687 0.0885603811454389 0.104291366514441 0.214451711804335
0.200839498611346 0.323907868187582 -0.0635699151655252 0.244383627841022
-0.0784127308806914 0.38610206526065 -0.227456726800739 0.125647612873913
-0.365393061981243 0.178071204646811 -0.142345833905037 -0.0128317301081094
-0.501947955416291 -0.0554449919661371 0.125446844612018 0.0985429715095452
-0.313558931317603 -0.171189626876078 0.468528747952988 0.133210148185171
-0.408041457048236 -0.0904897001468182 0.421958151481472 0.27531080380015
-0.351901519476559 0.204279572253787 0.451072907917814 0.120335552577811
-0.088968356014621 0.385892537174798 0.363869498043284 -0.114271429887547
0.164554814392812 0.250757549334178 0.171898951445476 -0.163468340473521
0.226756702699174 0.0867027194468629 0.103532972015326 -0.125552025791814
0.241330180776562 -0.061685652089276 0.103252614584675 -0.0725640520345213
0.207945604109085 -0.131663671018679 0.144322451082052 -0.0626299163405735
0.207200306714028 -0.1361725959102 0.195218264585542 -0.0333082184844896
0.234600315627802 -0.0417895497140185 0.21518459897842 0.0635453107023069
0.226469416465417 0.0816959560102642 0.175982266042911 0.216101273290973
0.146467952794719 0.28070976572652 -0.015010844289286 0.260221038991952
-0.0986731495613105 0.304494877977119 -0.186943295383214 0.146439135955588
-0.314309056080165 0.0953182212456514 -0.0967471513683058 -0.0134307472426573
-0.375193102871027 -0.10166665972841 0.232311817809417 0.134219772751521
-0.11556861087722 -0.135814824073806 0.522795372235632 0.219574590374561
-0.212006506458017 -0.109044919165339 0.434626364847553 0.29377044695017
-0.216735840642186 0.077604293735405 0.400496741666652 0.179567848537687
-0.0790110145334308 0.215188459429699 0.349050780064818 -0.023034516413786
0.0842706806213993 0.148681468034504 0.225587107237582 -0.0992832735367903
0.126624517469512 0.0537538239896482 0.185282314760725 -0.108009210848866
0.147624856142311 -0.0332249978046586 0.174650740283979 -0.0952170872693628
0.138344220693069 -0.0825648168267264 0.20281377526633 -0.088382081195149
0.143083071339154 -0.0861200266143951 0.257098084831877 -0.0600944386282454
0.165921633441668 -0.0282473340827697 0.275944031170937 0.0569995867647592
0.158061558033322 0.0683594067028392 0.224284635012246 0.232677481958178
0.0770907726331 0.211498664762161 0.00761123416221608 0.284036183304823
-0.11011734240383 0.19187728288107 -0.166941780121674 0.164885190670606
-0.22964293203694 0.00288238026057036 -0.0692207991469019 -0.012020587032919
-0.200945103989855 -0.137023444360647 0.297240750785241 0.168885166597467
-0.00176632360633489 0.1240232515037 -0.378076577068821 -0.131320871954854
0.100049120547626 0.0383158268477547 -0.0145474783995417 0.0920360577228745
0.0959628330261869 -0.0715316634366855 0.189200052711225 -0.167218694431314
-0.0168611783163025 -0.0988796180717572 0.0180490700317221 -0.335629136544427
-0.0612826078206984 -0.0323513022012071 -0.24961393198237 -0.284696268518121
-0.0409757000371275 0.00903586174318314 -0.361751226219614 -0.0570818570282019
-0.0498727344037341 0.0157268946906368 -0.307955760420914 0.0964721263057167
-0.046827331993438 0.00983625956244343 -0.233425490020347 0.143213063113557
-0.0321925772065168 -0.00928054875356303 -0.209022137791731 0.156137701359938
-0.0110002619329902 -0.0302784148890374 -0.225788437732453 0.151836592287152
0.00997482547023654 -0.0446123835113314 -0.265936909692774 0.105301563519143
0.0712820759098476 -0.0277725238334688 -0.343180574104998 0.00105992777649292
0.083599083124726 0.0469228883263408 -0.380340358231027 -0.147263760384048
-0.0103739318857401 0.123859893226956 -0.36073027497374 -0.233050430337271
-0.0816378788858053 0.113716256189181 -0.495246991511916 -0.169506179715699
-0.190753807632485 0.119285813542549 -0.321731689305447 -0.194573034780665
-0.0493148206319907 0.11901952017047 0.00747560220904206 0.0721373539050143
0.0495684975456202 0.0896219827256502 0.226329065058301 -0.196571216137425
0.0571667350454901 0.041646286310999 0.0432746313623329 -0.389389814791049
0.0487961246454926 0.0119677295497414 -0.254502256103867 -0.322386241678119
0.0640547289689984 -0.00308773310507087 -0.375249113001114 -0.078085767108067
0.0488335114994572 -0.046762626163147 -0.308032372259418 0.0902345350166591
0.0405325040197576 -0.0617263143022362 -0.22208046548183 0.137114327576124
0.06778273175948 -0.0610620246461549 -0.186150528164035 0.157147185989142
0.104540582392857 -0.013714456376761 -0.197069743322358 0.160258096969355
0.101245275920418 0.0348868483893037 -0.233634149819989 0.133921625264042
0.0926475940293306 0.129784962010766 -0.318244379636103 0.0467919484274908
-0.0155686365396818 0.180809001427674 -0.369567654759294 -0.0934877326845094
-0.189221786539805 0.148061990076399 -0.343124912545642 -0.150992517582527
-0.293049181289144 0.0734831333696451 -0.433116598296273 -0.104867449397559
-0.360141016011789 0.0754418688451695 -0.204413671700876 -0.222276946152938
-0.232266503411944 0.164789912242753 0.0693875611076719 0.0668897544039453
-0.0451985138922288 0.253211553096703 0.294530652774334 -0.207456357576505
0.108351209852649 0.214665791544528 0.101702993008618 -0.432277921974017
0.162731912016348 0.0844181609838409 -0.221270695269137 -0.358083429615347
0.173328919008466 0.00172551637245256 -0.347780900186814 -0.111618552691616
0.150051019985917 -0.093856622693894 -0.273399567381393 0.0666953686059843
0.121861006137241 -0.124309282747571 -0.178444900789113 0.110173849123692
0.147561752975292 -0.116380995511111 -0.130512752227808 0.139333628341864
0.198161091581327 -0.0204653932581463 -0.131262689858309 0.163284603577653
0.191840503537679 0.0751211290583973 -0.164030727898131 0.175940447940933
0.153476971659387 0.244189378624824 -0.272369588023539 0.120073441685273
-0.0502890242016603 0.309121886990958 -0.352847024886388 -0.0151266729751075
-0.307091161382207 0.201443794893461 -0.306806634570943 -0.0720838360564433
-0.454612531793394 0.0583761095921779 -0.315632561186186 -0.0333717880201477
-0.478287847637751 0.00474015055435006 -0.0361395671052474 -0.19934844926401
-0.40940151569786 0.157973331343887 0.166344112814274 0.0854985137653358
-0.176671166471808 0.375821701883636 0.377417318723466 -0.180886042570176
0.110978683106638 0.385628193467752 0.186437302205512 -0.432880328999322
0.250492142155702 0.173466623642514 -0.14732619770824 -0.367943819586245
0.264248865232883 0.023067242748827 -0.273215790797014 -0.141591101747441
0.233967508218475 -0.119688375347468 -0.203539128531982 0.0305388920010118
0.184834060570044 -0.168378530401395 -0.110165914574197 0.0689644988203865
0.20079935467922 -0.162462279834761 -0.0543222621123376 0.101396459139128
0.257011818356484 -0.0428321475789108 -0.0427391545688377 0.147803177273928
0.257807601760038 0.0805474851986698 -0.0691188235244173 0.204484618249263
0.218652426387277 0.302001722930531 -0.199224951614429 0.187945890255988
-0.0407807726303809 0.39503707513174 -0.315102122906271 0.0608680907272869
-0.358928380785085 0.249022564344002 -0.254778855580742 -0.02019303805689
-0.542797548914322 0.053458244338825 -0.165062781383031 0.0229011517591115
-0.517306751868471 -0.0704425504185391 0.157590077863934 -0.126614965966643
-0.521503367698067 0.098594811725743 0.27753959993422 0.127585633895938
-0.303275100925074 0.413095115449297 0.444194106488757 -0.111083230202419
0.061100339205416 0.492534970608237 0.271466804598125 -0.370954740365214
0.2833266584387 0.24830570293667 -0.0425666861026795 -0.332085234109658
0.309784248746743 0.0523229697097549 -0.157962235359808 -0.155979894006643
0.281893412778494 -0.122227567355638 -0.106802091494938 -0.0104902645817342
0.219625576945046 -0.187927700501052 -0.0271804387210858 0.0187657809804727
0.223391063545514 -0.187875896605705 0.0303641460086923 0.0514031935185381
0.2781735197605 -0.063193286686776 0.0517370537508055 0.113541444275621
0.284956252481664 0.0712363675770141 0.0317186105166646 0.209244351085255
0.24641904152754 0.311886858452667 -0.115790999798405 0.229264437671482
-0.0299612490927099 0.41776795453187 -0.264007687195828 0.115537278443965
-0.363705352246578 0.253546436429604 -0.195399036284375 -0.000847532174974649
-0.55327584482029 0.0335118891719932 -0.00826307521380538 0.0578643624549302
-0.46067741234789 -0.124447311738173 0.33645533495564 -0.0186086011283526
-0.52062097524161 0.015183940395353 0.37349884498545 0.18590255494359
-0.362678145908392 0.350477961816485 0.468042014650619 -0.0117793716603237
-0.00791270220511929 0.491222660790175 0.329165302158123 -0.259612662849017
0.253703800599326 0.272611360124967 0.0672873257194053 -0.258634485118521
0.295718085133597 0.0706246410796735 -0.0270755707606476 -0.148501470566248
0.28034096122657 -0.108031676542734 -0.000252136807603113 -0.0484076223540134
0.221663541794186 -0.1795619095486 0.0595612702289822 -0.0311929967338164
0.218901616565426 -0.18423023920595 0.112810589945786 -0.00219543874163038
0.265228957558569 -0.070318871719541 0.138961923263897 0.0747059538856041
0.271926532263609 0.0634582759707745 0.120261631017776 0.200097334814074
0.225411006960315 0.295773423886534 -0.0426756887634974 0.246525487373517
-0.041475394234356 0.382456262090307 -0.213141555499777 0.144139133130628
-0.341770013668997 0.20445464515761 -0.141056841735737 -0.00107511486546957
-0.491153916955039 -0.00814754617873881 0.131054722157085 0.0824724376153421
-0.319766680647317 -0.138519186138674 0.468954479556799 0.0921638180318485
-0.405599517028665 -0.0533766398356122 0.429579236292205 0.23412993646692
-0.32247801672952 0.230086497504486 0.447785773194839 0.0829241074700307
-0.0530434540447335 0.385575320718973 0.345430460255264 -0.13870397694384
0.182404574221902 0.230976552060903 0.154604140985806 -0.173044328793183
0.229792566784317 0.0660120644840858 0.0909291117487831 -0.130486183762617
0.229080933478782 -0.0803830640036806 0.0953273604827453 -0.0817452305849787
0.188268535953245 -0.14683577842888 0.136329303606467 -0.0740678708537496
0.187554681969452 -0.15105783611438 0.186640400495888 -0.0478776935156022
0.224188618322435 -0.0612903834538401 0.214630310185201 0.0444086089885389
0.227663906201571 0.0598152983011325 0.189808134311832 0.19596426317285
0.167838054968524 0.25920937778032 0.00625950172541173 0.25826315616002
-0.0691556635644823 0.304054056374498 -0.172157552358917 0.160195984206411
-0.29811102963271 0.119055002302565 -0.097633150049918 -0.00457632349539183
-0.371579453772374 -0.0644472559994193 0.238797933087276 0.108179761798109
-0.122736475424321 -0.121103312203342 0.531141349716717 0.173019059796262
-0.214262659548095 -0.0870168336084872 0.444166942985516 0.251747851644932
-0.202662848116972 0.0950458603684882 0.404669722396069 0.143851265070574
-0.0583343862117989 0.217835457397772 0.338770510418782 -0.0494916954467722
0.0944104868884535 0.138734171899075 0.213497968134496 -0.115158177031623
0.12764414963151 0.042394423281099 0.173230666387719 -0.121046342455523
0.140017814997475 -0.0447465285790698 0.163770425658596 -0.109046311895515
0.125466999445852 -0.0926509567719712 0.191403744269429 -0.104222466026113
0.130828353780416 -0.0962651138382035 0.244368718201928 -0.079731917233607
0.158589140062621 -0.042541604055717 0.272750347480912 0.0328679727752691
0.160334791314704 0.054232346104904 0.23749043271254 0.207297105536314
0.0941910190456512 0.197842266128385 0.0303491333043517 0.278329495605782
-0.0901614975202407 0.195102608691167 -0.150855021440991 0.176526174851258
-0.22366545084734 0.0213432656348647 -0.0701598470794881 -0.00562056754155692
-0.205897271319366 -0.114524612016049 0.305367646025352 0.137459042394123
0.0115069223004493 0.120668583952673 -0.383219722776349 -0.0440151232818995
0.100888044599338 0.0218984389543705 0.00854031086230736 0.095235436438742
0.0757283852444968 -0.0864313744332262 0.156741100869614 -0.195523344974106
-0.0387022600004417 -0.0904663898574475 -0.0408864930951982 -0.332782810798086
-0.0687072924428262 -0.0163946799251978 -0.294874932233204 -0.22856497667453
-0.0371349309766731 0.01826891055013 -0.356432356529844 0.0104626316171201
-0.0429209973999339 0.0257223857495056 -0.282402171675978 0.146379337118653
-0.0419971670199861 0.018452550729582 -0.198358212021447 0.176546843302721
-0.0310594456410071 -0.00158323045753675 -0.170893797247941 0.187867891301645
-0.0153194358898901 -0.0250688860355002 -0.185939095928449 0.188492687909826
0.00180941484548162 -0.0405615584987346 -0.233731287605338 0.151383785007408
0.0587813256636797 -0.037243976530925 -0.324841096678056 0.0646278491588512
0.0792860199880556 0.0314180301638427 -0.386612819466937 -0.0678802689323798
0.00544416073086705 0.115093773899632 -0.386411977623285 -0.15818300479524
-0.0683505149706737 0.120659637310153 -0.500681824176738 -0.0801880796821478
-0.165774733791086 0.141518360499417 -0.352684276899531 -0.115874057521365
-0.0256804539000177 0.119876546676717 0.0183068028707529 0.0746533788185519
0.0592867226946181 0.0694908634302468 0.180672280175853 -0.220077010139418
0.0541176743320848 0.0247566526092574 -0.0271822923672587 -0.376356558148913
0.040492937651823 0.00752552333898935 -0.299524157381124 -0.260331343086589
0.0596994041831353 -0.00948285072455125 -0.369548867418627 -0.00823479825453084
0.0388921730287366 -0.0495168497377735 -0.278946697555256 0.139480799516867
0.0281389430480352 -0.061680375674732 -0.187136622798684 0.168119187485036
0.0543783320587786 -0.067359043306015 -0.150559809503657 0.186638880926631
0.0971195301729844 -0.0284995706990301 -0.158875070387558 0.194250781359776
0.0997349847362242 0.0212574935162167 -0.198328390370029 0.171865940555214
0.10499282440105 0.109008549100205 -0.294861289489084 0.101981998771249
0.00668200241566664 0.171145337449827 -0.370211656469025 -0.0190466486502725
-0.159523996335527 0.166748226525123 -0.352879576097514 -0.0871659370040373
-0.274217684946825 0.113906965278157 -0.430223223179113 -0.0318919907405134
-0.330212580751096 0.123803780499806 -0.25525566507264 -0.167168297447469
-0.188881540808946 0.190381687528835 0.0685827925082915 0.0579688295825716
-0.00153877165403983 0.233960358077944 0.233215314361787 -0.233316847854778
0.130500421714581 0.173995191105644 0.0176931519663367 -0.414468903755128
0.157349251819766 0.0551261412323185 -0.267641764076598 -0.294614023120599
0.162982716100889 -0.0221284316624551 -0.34461211965966 -0.0445670329977269
0.124807926015162 -0.110649680494674 -0.244289998942685 0.108921067122646
0.0948325406949841 -0.133193886125484 -0.149341694471885 0.135223313987933
0.121290492562106 -0.132103794765689 -0.100100894422044 0.160386794378572
0.185056549084534 -0.0507006639080196 -0.0945875119708758 0.186137303742736
0.191295300979122 0.0468224605224124 -0.12366518616905 0.199651692026936
0.181902462059759 0.207790682191761 -0.240688667816041 0.163116937297166
-0.00638000964786278 0.296428454554022 -0.34246371030068 0.0545302675949113
-0.261829016340029 0.237517132747823 -0.303995096012219 -0.0213211320353973
-0.42767414995331 0.126366431856187 -0.304726914089265 0.013182920276193
-0.449013521157265 0.0718431484014669 -0.0974221972833035 -0.181738092702213
-0.353685340200414 0.210409610453039 0.155957893947732 0.0554738868770421
-0.101806953849854 0.367312471036711 0.305647409972887 -0.216230997171356
0.163375080819478 0.329012002948274 0.0928880397833726 -0.418701419562403
0.254241236255357 0.121691998255757 -0.192848864693645 -0.311208310931673
0.25174732105195 -0.0162583000112566 -0.274329308334529 -0.0860159177869935
0.198540227589616 -0.148548341913298 -0.178184843342089 0.0614212446591165
0.146390575529523 -0.184264543814036 -0.0908364585180673 0.0839171477167269
0.162267732434045 -0.184873363000493 -0.0338627602832516 0.111633663759751
0.238264164460471 -0.0817889525118769 -0.0121083459352178 0.156079134851023
0.255815031949616 0.0420419337066272 -0.0278017774201577 0.207542514736686
0.253917059508335 0.253427788170582 -0.160386456920279 0.213073162272888
0.0161330624085015 0.37605551363049 -0.294560490277966 0.122551677769236
-0.301499430626264 0.291798225527724 -0.244350062423531 0.0180133544238646
-0.510296531789854 0.133502584717399 -0.152235740885567 0.040509584837334
-0.4918574312505 0.00464247272689199 0.0983839335162888 -0.153789520766325
-0.466704585632108 0.171955293890787 0.264942629128548 0.0720838478740612
-0.211870275526063 0.421436414181424 0.371547477245151 -0.161893280193599
0.138752963614975 0.435526780585803 0.1778264316561 -0.369801959506054
0.296966476092092 0.185078592965168 -0.0841466022386086 -0.29181747010072
0.298906327676127 0.00316997083863767 -0.164278420853073 -0.118103307235031
0.243147409505123 -0.159799921882703 -0.0894515846804732 0.00616093118522432
0.176708598503372 -0.20822753231054 -0.019696861664793 0.0222052509180534
0.179634189582384 -0.212723529342122 0.0378959452823468 0.0483479999010194
0.254464204690892 -0.103897978443301 0.0711846645671309 0.106147095098154
0.280700558426499 0.0288420095797424 0.0680149800960807 0.193209279729311
0.28315057923822 0.259354079070379 -0.0735650092680461 0.237029752705781
0.0306073050212997 0.395201081276809 -0.235595899948466 0.164621303995377
-0.304764830024899 0.296484590612559 -0.185215649704609 0.0255755773931871
-0.520971303194055 0.115391043294906 0.00184399084169556 0.0472697031882742
-0.443442699898901 -0.0527357727286301 0.292204932582518 -0.0889230981078644
-0.476656936885766 0.0918587791820346 0.366000061701641 0.106022162457705
-0.273824987883383 0.373517560467862 0.411677879214627 -0.0773853800646095
0.0755679635591265 0.446339147837144 0.249151943282226 -0.275757652365151
0.275178283224633 0.210650202620195 0.0317093124251249 -0.238963625555655
0.289222562137307 0.021423660862226 -0.0376973639783259 -0.13428851304451
0.243348849630814 -0.145996487338787 0.00674474227023679 -0.0476781637321773
0.179837830770256 -0.201790531995305 0.0546209883831705 -0.0410042637891475
0.175851520444033 -0.209458627937016 0.107174195373974 -0.0170500042473034
0.240808276780415 -0.110047582522338 0.147382603002131 0.0524946218110116
0.267262220927031 0.0230940473486559 0.151380941386318 0.168121803845367
0.260768589450261 0.247033827920305 -0.00196667301409507 0.240417823095095
0.0146516703477038 0.364510061793096 -0.181089048335093 0.181893984945129
-0.291436957696244 0.246271536505734 -0.133545590567696 0.016725520461072
-0.463285503773407 0.0661059415218633 0.138565168760308 0.0478572464473547
-0.309834999509009 -0.0871308866832154 0.445750884658097 -0.00920301280070002
-0.378263742632287 0.00987010846185128 0.435683044977295 0.139775933099397
-0.255349453440284 0.256411165126221 0.4142474214475 0.00946950898157893
0.0187094124926249 0.356774188092303 0.288082971675908 -0.170905075108035
0.204210979667262 0.181872964277064 0.127818360268906 -0.177107330757891
0.225700244591982 0.0259133649309091 0.0752688348539161 -0.13928046005634
0.199483601596156 -0.113566836724269 0.0915662532518231 -0.0958832838256759
0.152797942781512 -0.166556695865119 0.120693987241673 -0.0952021201344048
0.151462333682409 -0.173919972950567 0.169665571756805 -0.0754901779604301
0.203960543800689 -0.0950658389190489 0.212952296357829 0.00842071427988303
0.225301699589187 0.0262587088355438 0.216450037102233 0.150120134717018
0.20042473945262 0.222287604300282 0.0480510345306854 0.242499717644907
-0.0229559670993737 0.294573282045337 -0.138456220082466 0.18909061555999
-0.263756180601358 0.15867492419806 -0.0921986951968439 0.00752064289503905
-0.356726840212266 -0.00576361619195636 0.245648108914278 0.0554664492482067
-0.121034644882205 -0.0987419496235075 0.529301234985107 0.0570298310152525
-0.204983810195508 -0.0518451073155133 0.461248654723104 0.152615107550795
-0.165097260246369 0.113945086817123 0.396016785717253 0.0689064755766498
-0.0133279121965653 0.203950138166622 0.303970728299129 -0.0945984486380237
0.108786978500462 0.109845076225147 0.189130870860678 -0.138896968216541
0.125832757487131 0.01903727585916 0.15138266548898 -0.14652010918076
0.12239430862967 -0.0659385261226113 0.147579154178864 -0.133797976705031
0.102761325811677 -0.107211209793082 0.167421956819326 -0.133161190895497
0.106472829467382 -0.113961733121112 0.218674689712943 -0.117172660829277
0.144251124782378 -0.0662439383578271 0.267000695683056 -0.014275465562321
0.161001277182538 0.0298972901971962 0.26489133201909 0.15197463106356
0.120039978486536 0.175804434933127 0.0769678831386051 0.25688113399536
-0.0576503024223829 0.195191644284319 -0.115145934615015 0.199306985111873
-0.208604238901258 0.0552144315677222 -0.0656427780708348 0.00451259467438315
-0.206406945499123 -0.0773330312666895 0.313327157267129 0.0736219141725332
0.0151636752059721 0.117751351335883 -0.376509222435646 -0.0388040930070086
0.0997732968121241 0.0216457033551108 0.0102558122770299 0.0954332417902991
0.0729519591290761 -0.0854132032575285 0.151802218670406 -0.19185440270238
-0.03862845436519 -0.0881060847865106 -0.0428326980553306 -0.325442465389823
-0.0658729269559147 -0.0153250324327707 -0.290102036766592 -0.221153384471262
-0.0349291525002389 0.0168251851526735 -0.345422476192955 0.0131121189249537
-0.0405318064326965 0.0252118833124289 -0.271773046048957 0.146232626289702
-0.0400251846203276 0.0187982462150907 -0.191617641936328 0.174446317358392
-0.0295402187898028 -0.000841919583831025 -0.164621605607254 0.184588597134651
-0.0154477509343378 -0.0243629929692933 -0.178449317983198 0.185842902364106
0.00109838652779909 -0.03920708884339 -0.227139721015414 0.149463925611185
0.056335959448128 -0.0361051117543882 -0.314241724745397 0.0650510332323998
0.0763338960004969 0.0316258107716346 -0.374871445646999 -0.0649524467943556
0.00530337968113547 0.112882708627948 -0.377459426074062 -0.15601423190225
-0.0652093672053827 0.11693355574273 -0.492307579363786 -0.0757116220398972
-0.158060492549762 0.139661398193566 -0.347803818443264 -0.109684877538121
-0.0241598838402947 0.118339730917991 0.018878552427492 0.0748994460174206
0.0587232512499985 0.0668449651109247 0.173700246689048 -0.214295990916468
0.0540055147011161 0.0233744336682724 -0.0299163800062875 -0.367516694035387
0.0406343108367699 0.00676325588363189 -0.29432265941201 -0.251930114984329
0.0584119708334488 -0.0109069833365962 -0.357573778055314 -0.00371027601548379
0.0375152636129414 -0.0485335039253763 -0.268403159455478 0.138833421443356
0.0263017226100049 -0.0597917049782949 -0.180888150485528 0.164991950315896
0.0517851071335331 -0.065879426029138 -0.143748756925477 0.182255576183224
0.0949258812120953 -0.0298031481614903 -0.151742964053131 0.189793371295833
0.0975646966286789 0.0197320040255553 -0.19146486207004 0.169149800470331
0.103636304911904 0.104474446013067 -0.286140318339581 0.102028709966686
0.00798317640521252 0.168371362179651 -0.36024957525301 -0.0162761388532706
-0.154183331114205 0.164748401295404 -0.345140045596583 -0.0863677147939888
-0.264564915458154 0.113591055961716 -0.422148961227069 -0.0295032400343226
-0.319341367461813 0.124129538111509 -0.253273798263149 -0.160998509560794
-0.182771032834968 0.188389014610144 0.066262695358176 0.058796943387131
0.00185080247073708 0.22763600251825 0.225358601594806 -0.226587811395884
0.131790834813732 0.167828372712553 0.013641185383837 -0.404172032599513
0.155404177643997 0.0519902649066012 -0.26332426608532 -0.285792000945717
0.159991202900927 -0.0242565513316421 -0.333929327172791 -0.0392530606782415
0.120109668594499 -0.109202973890794 -0.235752118579673 0.107179870850685
0.0887933113484764 -0.129933768250486 -0.144555844535015 0.132505740474511
0.114759323557067 -0.129419787731479 -0.095285197760862 0.155862341449417
0.17978949447566 -0.0524667423547734 -0.0893578216683328 0.181646445579434
0.187663766293112 0.0425914078436687 -0.119374470585526 0.195212742640237
0.180534526110662 0.19965360024664 -0.231640711115935 0.1618362431529
-0.00258026956864603 0.290379355955081 -0.334264446496987 0.0556267614606992
-0.253395232578264 0.234794168417085 -0.296623780339304 -0.0218008037449857
-0.412924531860706 0.125232574576743 -0.299982448757899 0.0132896276015456
-0.436493346433627 0.0752761051745793 -0.0991622093025226 -0.176709629821485
-0.344668018347197 0.209529986047638 0.149837601763345 0.0555726320081064
-0.0933572004654214 0.358713025830693 0.295181687530817 -0.211094713409669
0.165840501706977 0.318665996275202 0.0881182116631807 -0.408827822383964
0.25036062127201 0.116048640882138 -0.190657243035691 -0.302117127549736
0.246122520776132 -0.0198662449507286 -0.266080981022067 -0.0813269674217103
0.191330563716098 -0.147293361287657 -0.172405429828109 0.0597273468420676
0.138112065026618 -0.180348427095676 -0.0877553880512492 0.0817744423181129
0.153798810154764 -0.181413994239605 -0.0307869855303124 0.108170512742783
0.231331116946439 -0.0833719068100824 -0.00940559175530876 0.151580663451704
0.250442805856358 0.0375239629603398 -0.0245161854773911 0.2026746572391
0.251732906888512 0.241372075867795 -0.152808815329073 0.211571320090123
0.0206211154178136 0.367159208648382 -0.287152496803522 0.122591571480454
-0.29129309656223 0.287250681377381 -0.239414086145413 0.0168813742150237
-0.494350723077277 0.134822374162223 -0.150265884072194 0.0378982177184365
-0.479059433193599 0.0113198994907326 0.0919206068543943 -0.149933837150174
-0.453733196997732 0.173101683012943 0.254949385832809 0.0712056822274016
-0.197858207429902 0.411799366493182 0.360293725205275 -0.156378724842511
0.143320439601478 0.423548365127679 0.171418992795571 -0.360926839803255
0.293714656931285 0.177333833504986 -0.0831987260597829 -0.283951921022924
0.29195313227787 -0.000874139884455087 -0.159489797031947 -0.113577208250906
0.233618842173588 -0.158881413868675 -0.0866905171803555 0.00396919599198966
0.166836735120519 -0.204404522152473 -0.0186033148689641 0.0201112841982071
0.169711459267395 -0.208758119542626 0.0378547185459568 0.046238171029925
0.246677188551906 -0.106091579349462 0.0709176332397393 0.10267036148514
0.274466181860706 0.0244440053194467 0.0685912055191756 0.187342696296455
0.279528661346313 0.248017114350006 -0.0680884939455814 0.234153572606521
0.0354536757458852 0.38538460340119 -0.229462498301142 0.164594398963177
-0.29437744174979 0.29190627828189 -0.181939028767363 0.0257649496705623
-0.502117503809577 0.117979760661521 0.00102436034495642 0.0423715268418223
-0.432347175252224 -0.0469994106506996 0.282544741391358 -0.0880586763412754
-0.464648412951542 0.0957156849669 0.354315576433581 0.103755597441923
-0.261697349356554 0.365886337937324 0.39980003090184 -0.0749847789610387
0.0821367477605964 0.43425703888239 0.241419371056068 -0.269691544964374
0.272075804899623 0.202647065074511 0.0302764058032893 -0.233031397927328
0.283429324563665 0.0167547231316824 -0.0365513489524221 -0.130511728120925
0.234943586994743 -0.145233342702556 0.00628319018689483 -0.0495229689382157
0.169760415001731 -0.198074802127673 0.0534221751675989 -0.0418006992091677
0.165471504841462 -0.205467776928733 0.104980002731049 -0.017518690011173
0.233375004773418 -0.109873343289237 0.144179532050779 0.0487194660819879
0.261530149399531 0.0191297162793682 0.149398655660514 0.16160526186783
0.257264647354387 0.237054387161313 0.00258711546631549 0.236996854575658
0.0195999345390098 0.353607978492514 -0.175984624718944 0.181278694504502
-0.281434989678251 0.24273972162918 -0.131745756421581 0.0172727959870748
-0.448471391894124 0.0695362984952079 0.134574823694282 0.042026895769566
-0.301985580466078 -0.0808290809222477 0.434445089978188 -0.0117613058846852
-0.368233946585048 0.0132200453686705 0.422089083922142 0.13630657052544
-0.243331073373237 0.250645366190004 0.403847199454598 0.0091554386959845
0.0249555972443293 0.347537949763294 0.280612701988476 -0.167976108531052
0.201875920425263 0.175165030853694 0.123857436774651 -0.173943871461912
0.220978933528046 0.0232293835716347 0.07392957965244 -0.137423452287539
0.193070141770701 -0.112792116759749 0.0884335488860531 -0.0973226623712168
0.144929009003406 -0.163709804727455 0.117967792376583 -0.095815144276763
0.142884994349465 -0.170770429158349 0.164653453379055 -0.0743958096808206
0.196492882503408 -0.0950273963243909 0.208004898223019 0.00656539913479884
0.220614457516177 0.0235957307630187 0.212504513373495 0.143319179730612
0.197996501576216 0.21354881675217 0.0505913050568546 0.237642032405572
-0.0185024479759394 0.285407119316472 -0.13415667582529 0.18822269003443
-0.255080651337877 0.1567755458943 -0.0914852873801973 0.00741144461144967
-0.344705436665434 -0.000418434139839517 0.239716142941689 0.0483742528615252
-0.117762324884524 -0.094023093207637 0.518021507353141 0.0534166939230235
-0.199216059045926 -0.048258115878819 0.447181493007951 0.149335172558962
-0.157723691583291 0.111699171909531 0.386518254935666 0.0670545143885836
-0.00846786008103228 0.199820544887456 0.296904452865165 -0.0931491059842979
0.106846596700322 0.106217855767477 0.18451254162087 -0.137368288738301
0.123519147780496 0.0180523075512013 0.147248683582143 -0.145956738746693
0.117966343165802 -0.0653426261830537 0.143296022186345 -0.135065782154996
0.0969060476773345 -0.105306352664346 0.16323391570233 -0.133758561583167
0.100708034990914 -0.111379192790793 0.212331765686174 -0.116039393858849
0.138680543533021 -0.0661441353920369 0.259839562772779 -0.0155345758000687
0.15781133954354 0.0265563531005378 0.258500569458735 0.145433247114063
0.119498716416251 0.168795196284923 0.0765168628572507 0.251499971204638
-0.0544763475109096 0.188936252888671 -0.110931553328497 0.197204683085232
-0.202058339549058 0.0553803789551972 -0.065461336042379 0.00456726997794611
-0.199503524777865 -0.0716698373004484 0.306435315907274 0.0654873239526223
0.0176576225251127 0.119148289085714 -0.382615193355545 -0.040650214612619
0.10180083175904 0.0236440242888569 0.0108793955436062 0.0989684787047693
0.0731653599264778 -0.0864215527730151 0.155593652644407 -0.191161732578415
-0.0382142587152882 -0.0886017371938263 -0.0420664395136152 -0.329395372024504
-0.0658206510563205 -0.0159326500344218 -0.291963112318593 -0.226598379700228
-0.0348440688932743 0.0153858100795081 -0.347159462698168 0.0100610567971062
-0.0401395251931485 0.02416586027872 -0.272695492397206 0.146470870089858
-0.0402844870855563 0.0196136376415812 -0.194752721337818 0.174914499964693
-0.0295786264775821 -0.000944551467973044 -0.167615192799909 0.185990100700071
-0.0146669488576525 -0.0242996902234729 -0.18152920050229 0.186859039867309
0.00117509347492878 -0.0392209510721721 -0.231078504271061 0.149498984291431
0.0575368697065487 -0.0353373797309802 -0.317684989838424 0.0608511080489842
0.0755970208331351 0.0337865402550077 -0.376646596442309 -0.0704297108675269
0.0035132273459594 0.116075870377918 -0.380095160458863 -0.165202723794618
-0.0665033167174555 0.117283094814914 -0.499986073435774 -0.081895169066348
-0.158636601565882 0.140701261522368 -0.353933808519475 -0.112384937220237
-0.0245846158966704 0.12055949763062 0.0184021663288016 0.0783740689071424
0.0593629063298263 0.0669656565405524 0.178420697163541 -0.21281515836494
0.0555605084481489 0.0234415046928021 -0.0282617056546615 -0.372187847542914
0.0425064493281788 0.00728637671594341 -0.295714908203462 -0.257685653573222
0.060040642822042 -0.0119798424911708 -0.358973580442428 -0.0066713318397475
0.0376906989541652 -0.0495417521056049 -0.269967430273645 0.137723939088544
0.0259381883031348 -0.0590660827517637 -0.1842753856208 0.16527062700623
0.0522284632510496 -0.0657100799428224 -0.145674801026036 0.182690388130183
0.0957234179182358 -0.0297355171848075 -0.153282781051401 0.191239935238655
0.0990045045588627 0.0205376489602356 -0.194805141276874 0.169266035967005
0.104791252443187 0.106438486483861 -0.28894085340475 0.100611543724085
0.00644356951303163 0.171486929977144 -0.363834932427889 -0.0200641568976173
-0.15912744375805 0.166433008060238 -0.34804838373396 -0.0934645925130159
-0.267856695759516 0.111566422249465 -0.430301912882574 -0.0357338129224752
-0.321068015970076 0.124029963913992 -0.258814943502734 -0.164080015006652
-0.187233516224361 0.190486451503569 0.0649467893674675 0.0634764600064796
0.00233346321762354 0.229495049904682 0.229321298134098 -0.224702623667838
0.133849923681626 0.169878006234802 0.016669398428441 -0.408421628625977
0.158814393675668 0.0532200622102133 -0.263903831006242 -0.290925369084055
0.163184044638683 -0.0256426056834014 -0.334958915969173 -0.0419525098879516
0.12137482956326 -0.11052003168593 -0.237356994458247 0.105373739339315
0.0881720527278408 -0.129625681980587 -0.147004011448498 0.132193568574023
0.11492877395899 -0.129913613897135 -0.0962977638620581 0.155913356662026
0.182026354574689 -0.0530863897591728 -0.0905143017001981 0.18224016268684
0.189595036118508 0.0439175484786475 -0.121048490817607 0.196321814555055
0.181790035053642 0.201853400166461 -0.233939823841142 0.162690619195219
-0.00389983066384714 0.294827658317847 -0.338446529389577 0.0535573157140203
-0.259827844008723 0.235479250030105 -0.300945392933689 -0.0260995858612507
-0.418376315018348 0.12367472861419 -0.306920848437197 0.00848523644482464
-0.440226284730317 0.0738297904728833 -0.102367431480964 -0.177336020773468
-0.350239231463626 0.210638483113054 0.149362706038938 0.0617348609786236
-0.0943698239916022 0.361162429385905 0.299420763366039 -0.208101877947816
0.169552286047067 0.323153382850235 0.0920404043031285 -0.412065392864518
0.255115071343126 0.118986102419011 -0.189476196048843 -0.307122667031441
0.250936153092377 -0.0198483409485431 -0.266218689875092 -0.0830547653138217
0.193359673823774 -0.148576626571594 -0.17356177234594 0.0569570450099489
0.137425222214661 -0.181114374285555 -0.0891144242663025 0.0804594899006791
0.15343064815086 -0.180782968084391 -0.0313248532183123 0.107348841174445
0.234030736540268 -0.0840438302614937 -0.0108009387604434 0.152399818227662
0.253250105460181 0.0382217485609431 -0.0259963588928787 0.205008433271604
0.253275769380932 0.244806413890413 -0.153744946962037 0.214335838788853
0.0215577743442215 0.371135329254488 -0.292569338164887 0.122169205764224
-0.298128360867305 0.288994466216828 -0.24335058405867 0.0142228796615886
-0.496198699090781 0.132889887832545 -0.154872077531531 0.0335950443939497
-0.482837835623281 0.00823932385604391 0.0916634100033234 -0.149130678022534
-0.460823848970411 0.173940634970811 0.254292859831656 0.0781817668781111
-0.201486518245847 0.414274063472252 0.365613350081844 -0.152728746288388
0.146231793062905 0.428876931160432 0.176841933295939 -0.362831384411137
0.297374913069947 0.180610706111953 -0.0812933127802927 -0.288168116487464
0.297630017123782 -0.000678218643059621 -0.158552328794583 -0.115871167592402
0.23595875542123 -0.159412528612801 -0.0866717583602102 0.000406871395448053
0.166838497306887 -0.205222580540872 -0.0190430568087778 0.0185503128180377
0.16899217727706 -0.208655250344844 0.0385902030974822 0.0456338387873957
0.249836434899171 -0.10589004575723 0.0710713953407678 0.103536257772983
0.277588588033481 0.0256387205674341 0.069543396373236 0.189379727548166
0.281612948802998 0.251485041095879 -0.0672766177178242 0.237158851211841
0.0349956523532242 0.388933293046074 -0.234442332834622 0.166135782004399
-0.300266799231402 0.29281000987962 -0.185781904860263 0.0234219377119256
-0.506662003903453 0.117018666019829 -0.000558437203768153 0.0397715657001115
-0.435495045360369 -0.0486922392343344 0.285813818952781 -0.0842119116020239
-0.471724587676023 0.0938066338169789 0.354388008401163 0.1121333549523
-0.264253712748712 0.36747633983815 0.404338543928287 -0.0692027898473137
0.0834466997510872 0.439713466898064 0.246802302121926 -0.270352162505861
0.274841725037673 0.206572801769475 0.0331450272310079 -0.23613205910452
0.287714345788773 0.018478576733058 -0.0348851508300535 -0.133280684516975
0.236732269653303 -0.146502744916789 0.00736828759984577 -0.0531725040017366
0.169511298947958 -0.198805342527025 0.0549476920014225 -0.0437822607829648
0.165745454149014 -0.204446976666759 0.106771137382908 -0.0184520307302789
0.235951803736382 -0.110410995665341 0.144931238699221 0.0507347534339525
0.264049924372967 0.0199533039167199 0.150446305976441 0.164131389745251
0.259453467545569 0.2399877217513 0.00272440816760971 0.241012324721239
0.0183549126164738 0.356120746271848 -0.179846926627174 0.184602256528596
-0.286879710646544 0.243234730756705 -0.134058775291401 0.0164437667893218
-0.450205078290335 0.0680444591445055 0.134996935153877 0.0399025990664401
-0.303423952101916 -0.0828471365680833 0.440366907058109 -0.00609981571618328
-0.372276365972938 0.0114214736427267 0.422963019603926 0.144968706140889
-0.245372489179504 0.250474337670124 0.407855897048814 0.0148741078540498
0.0267439799243364 0.351561041991934 0.285238784730662 -0.1665154940089
0.20404459513642 0.178805399589089 0.127503086411086 -0.175404922375032
0.224624619878478 0.0246013175147724 0.076934381487716 -0.139495890988867
0.193991015748658 -0.113094977959765 0.0908655055507069 -0.101135866754918
0.144669096713072 -0.165144347272354 0.120362901157209 -0.0990481173299327
0.142375935252842 -0.171362214392156 0.167007604933335 -0.0748713292462985
0.197834697339104 -0.0952122166277495 0.209523177297062 0.0092293731546286
0.22233581210467 0.0234731819048122 0.21362939101174 0.147072445636576
0.198718726664383 0.215744309699651 0.0512096230592558 0.24254816142309
-0.0196343440534478 0.287622297801445 -0.137905489983669 0.191555801171879
-0.258692106168781 0.156631857825759 -0.0940778241067688 0.00673232166249124
-0.345554337366292 -0.00219869595587952 0.241335103005317 0.0478583497551572
-0.117311113285488 -0.0946314783409796 0.527924438368132 0.0591849966409625
-0.199120942149887 -0.0497927064241772 0.44953082015534 0.158966752356142
-0.157997518676479 0.110567898050287 0.390295162746915 0.0724925830552032
-0.00737725028182529 0.202404785390346 0.301383882844843 -0.0911144448293245
0.108477882921895 0.108013410005503 0.18788579555286 -0.137112987703447
0.125300568555913 0.0198405964016275 0.149809070572709 -0.148159471662599
0.118507526369597 -0.0657209902943131 0.145993997217503 -0.137800380753582
0.0963034675831427 -0.105738524719257 0.166756457826366 -0.137831896704308
0.100872066380321 -0.112425469225508 0.214910729816568 -0.115335044014583
0.139734009093799 -0.0663198360371682 0.261943105232513 -0.0131150138928138
0.159707953430966 0.0275994905416838 0.26000358619059 0.148456876941931
0.119049763524165 0.170989247035019 0.0768079846912275 0.256413710814549
-0.056153877780228 0.189045980120425 -0.114656666993183 0.199716323500616
-0.204544311961097 0.0549732256556272 -0.0672548742633726 0.00324929368758634
-0.198119226570862 -0.0726823812545308 0.3092936857864 0.0651568250184628
0.0220054687387594 0.123772763916726 -0.404970800281877 -0.0391601423156641
0.108500293134678 0.0248771161258218 0.0139873715486279 0.10725103872957
0.0758888193859945 -0.0904257955206261 0.163760482225418 -0.200501048848136
-0.0401401115793994 -0.0925659706324795 -0.0466819347666282 -0.345334320740815
-0.0677984711008516 -0.0168371115636952 -0.307654121471433 -0.236889442225903
-0.0366879795896646 0.0150278618103728 -0.362509408073072 0.0114834505922915
-0.0413014852754494 0.0253960054919697 -0.282480188628235 0.155544379708669
-0.0412483365841795 0.0218612919838832 -0.203424186951101 0.185515102952171
-0.0297469470789011 -0.00050617963684978 -0.17434875675469 0.196467806542288
-0.0150286336951676 -0.0250168588742602 -0.189232224522705 0.197506439808415
0.000642134261911798 -0.0399861673018036 -0.241552160930937 0.157453315071868
0.0601594315578199 -0.0367089057727249 -0.332779247377526 0.063678491169378
0.0786567901853042 0.036660242602027 -0.393165694379066 -0.073988972184597
0.00284279170987869 0.124167695432889 -0.398177344537229 -0.17618058715377
-0.0692037785271693 0.122526906230709 -0.527161835010328 -0.0838034327616541
-0.162721680986313 0.147915103167186 -0.376230456624964 -0.113846200826206
-0.0254830755530581 0.127990592329209 0.0204752699677936 0.0855835715051914
0.0631639936383707 0.0696364239136493 0.187652863143236 -0.222646421854504
0.0597784331149461 0.0245319229249994 -0.0319984026682921 -0.390552114153497
0.0461651232133429 0.00712305419668623 -0.311424456646664 -0.269500916999288
0.0635306641883694 -0.0149433017262209 -0.375363954197907 -0.00601296542764422
0.039284588077973 -0.0519350117088547 -0.28066737012062 0.145601577626966
0.0259782868445252 -0.0612838207224843 -0.192844356098892 0.1751110988089
0.0544565824133955 -0.0683150046267498 -0.15165801300278 0.191513357978792
0.100599793143523 -0.0324524353933564 -0.159792794411405 0.201761790075115
0.103815918966601 0.0213873957476879 -0.203378256957489 0.178372641675217
0.111530192805529 0.110358045237173 -0.302443299450658 0.106239292640063
0.00791262212449734 0.181955489642471 -0.38050944317221 -0.0210197221255365
-0.168116988627439 0.177105759286281 -0.365295702080107 -0.0996205813364323
-0.280070286726986 0.119026588437597 -0.454532636919475 -0.0370779911159966
-0.335489820169321 0.132054040083671 -0.276476404001676 -0.167577081175359
-0.196104500649697 0.201942475190159 0.0680412616714866 0.069830226904481
0.00538583636011505 0.240046235687552 0.240609994166114 -0.234916759625271
0.143994640301384 0.177276038498959 0.0159091735503003 -0.42969838986904
0.168388225108511 0.0546696187921489 -0.278079793003305 -0.305475344550518
0.171254237276406 -0.0295429945730622 -0.34913435348325 -0.0429205039667456
0.125454622145209 -0.117225980782935 -0.247278666228336 0.110892756299401
0.0898357291144646 -0.135709756940382 -0.153783729381792 0.139034438864614
0.118970036062457 -0.135918525145537 -0.0999137469258281 0.162274859649899
0.191283285276127 -0.0580167332187372 -0.0937828520703751 0.191487165921877
0.19929365768715 0.0445450765912381 -0.125965639340082 0.205600753969893
0.194000600988031 0.209893007357251 -0.243390067087062 0.171500237588317
-0.000336028739167545 0.311051609642886 -0.355351038771087 0.0575160979168861
-0.272215008959952 0.249911997434499 -0.316728254477164 -0.0286993066536959
-0.435811924993217 0.132567384425114 -0.324361376152183 0.00694561940836061
-0.459742002686874 0.0803571195395498 -0.111732523906457 -0.183385623108622
-0.368927756864146 0.224578619912641 0.155668488830222 0.068722068694247
-0.095479379161651 0.379482012392967 0.313829463939678 -0.216486406560252
0.183625111488539 0.337158450176281 0.0942097241329327 -0.434329027663737
0.270553892413395 0.122671395714665 -0.199487821425791 -0.322709055644188
0.263475455756386 -0.0240327939769745 -0.277410747930612 -0.0865604411439329
0.200187914051197 -0.157699667574818 -0.181189321203658 0.057802096769777
0.140824929659508 -0.190183875927254 -0.093122616910457 0.0835576737927182
0.157564960095919 -0.190075111514871 -0.0318706739439656 0.111265193795869
0.24483850176911 -0.0914081279681063 -0.00944750964822335 0.159618738765225
0.265759798172213 0.0377511479884091 -0.0257060835085423 0.213897785263362
0.269215035189398 0.253952473198103 -0.158081111736181 0.225653783065423
0.0261360464043062 0.390213883055155 -0.306942889908599 0.130845261906777
-0.312947165318999 0.30516542007599 -0.255502547060593 0.0140470453929103
-0.518784914530237 0.142696991820148 -0.164627529630718 0.0326523040492398
-0.50546328143339 0.013499753577214 0.0938714722933337 -0.154134665398398
-0.48419192475466 0.185018923272773 0.266470450142505 0.0859717005132719
-0.206170429856357 0.434982311675642 0.382991151118849 -0.159481917059647
0.159819949477515 0.449037323899374 0.184258615444244 -0.382579661545546
0.315988630912651 0.187311414007332 -0.0855795678142515 -0.30288954529203
0.313551043913683 -0.00416873258720083 -0.164886958223082 -0.121905252128844
0.245813692077396 -0.169633511389945 -0.091086577580323 -0.00212303134839964
0.170393064038994 -0.216339848476215 -0.0197331108348857 0.0175914857887611
0.173204039759753 -0.218115120386973 0.0419013374626589 0.0464141424468186
0.260982784125888 -0.114132155936802 0.075565596482376 0.10801627308248
0.291356396907151 0.0238539383853245 0.074671057253632 0.197789944095465
0.299409629750479 0.260171103016743 -0.0678377868415697 0.24982553653631
0.040987998508929 0.408596531715843 -0.245837897907672 0.177436588822343
-0.314975751986871 0.30954529236999 -0.195235728167433 0.0253706831305058
-0.528447223780484 0.125287835714047 -0.00238310806980217 0.0386718581343531
-0.455122784331924 -0.0473252321694876 0.299815857416057 -0.0875598316234375
-0.495211799619084 0.101081226755167 0.370957424814314 0.121650310914525
-0.271715109975566 0.385293828470238 0.423876708980342 -0.0723092469863746
0.093797443990068 0.460617021516281 0.257564402992882 -0.284268377604598
0.292515468867475 0.214934549191001 0.035060771532354 -0.248621573863265
0.303072411935744 0.0162722163174587 -0.0350326603788229 -0.140963402898218
0.246170672011448 -0.155280710106664 0.00742900581545764 -0.0594422518775288
0.173388936277544 -0.210143219146885 0.0572857001666718 -0.049337633660671
0.16917338321624 -0.215008140020111 0.112985288654061 -0.0214566834361756
0.246584372842964 -0.118438152593467 0.153286164254275 0.0524435253893513
0.277592886099998 0.0180172489269345 0.159273348249242 0.171001627145492
0.275165300845875 0.249801795920316 0.00721739233054682 0.253291035437144
0.022980569202465 0.372979880781364 -0.189163916309534 0.197632218366554
-0.300006161967411 0.255977619068165 -0.142489716128414 0.0179194760096312
-0.471150410322493 0.0749120865727506 0.141231931010407 0.0382712632016495
-0.31745608575642 -0.0835185598799595 0.464629177328311 -0.00641723125497196
-0.390293776930162 0.014160777968037 0.443418959154772 0.15589230149125
-0.254521169346802 0.262831613734402 0.428822076624392 0.016064299263335
0.0335560822844573 0.368772788683408 0.299119375697639 -0.176032935595306
0.216461690311979 0.185569782130845 0.134314578345565 -0.185119456559432
0.236857402953192 0.0244955989657543 0.0813222459359109 -0.148781266410157
0.202314942901149 -0.120421868460709 0.094476318724225 -0.109891192703791
0.147614975547497 -0.174213494938643 0.126447442145932 -0.107891617940217
0.146535177861837 -0.179511535734621 0.176257723383776 -0.0805254537846186
0.206089608446854 -0.101791547493894 0.219931669876942 0.00876913503121179
0.233766008424593 0.0226284462321202 0.224926258199422 0.151751928864775
0.21112339579687 0.224554599740669 0.0571645220580946 0.254848013109973
-0.017995981947882 0.300625456704077 -0.14495875816065 0.2041973147927
-0.270567324377692 0.165095452033444 -0.0997399453821188 0.00819598314957339
-0.360178083224479 7.27294222383074E-05 0.254404945274412 0.0455288293179954
-0.122324597758837 -0.0969352792841728 0.55773105661391 0.061428192845415
-0.208264808411706 -0.0504542749470167 0.472151173295756 0.168399659572046
-0.164191889005555 0.114790952692979 0.410523936054151 0.0770222276342786
-0.00389832559401062 0.212088501070588 0.316933770670606 -0.0950924455979945
0.114108383872752 0.113217543986859 0.197660410374846 -0.145351286674183
0.131938326961187 0.020759694678803 0.157061565216608 -0.157806361175654
0.122668082303831 -0.069568059115917 0.152349225862709 -0.148659152362055
0.0985272799986006 -0.11212959188577 0.174628577456189 -0.148892492577263
0.103203721208983 -0.117789787252592 0.225639100611248 -0.122142784858385
0.144674800994406 -0.0708845748098718 0.275370970184837 -0.0140125238708334
0.167577572558292 0.0271725253159042 0.273084168878375 0.154425995683562
0.126306857241074 0.178213638322067 0.0829222412800999 0.269395971399859
-0.0581912550386174 0.197770826358702 -0.119728457862005 0.21199027407559
-0.2133391037283 0.0586214305205975 -0.0724346881546299 0.00366600070626711
-0.205858053072664 -0.0740811948031406 0.325192710882274 0.0633665474892106
0.0315260481385144 0.129400225050511 -0.437325522699926 -0.019143770505326
0.118009229519301 0.0219085223829208 0.022692792224496 0.117313728823252
0.07540059833099 -0.100240967539686 0.169027747346956 -0.221540498050444
-0.0471645680459582 -0.0971927569577924 -0.0654810401080206 -0.367219824742093
-0.0727139424795843 -0.014991459421094 -0.340573111527232 -0.24018796181512
-0.0386178004417949 0.0159048273004604 -0.386033906025524 0.0277064088777335
-0.0422700072196736 0.0290306837724491 -0.292339322709584 0.179450881255015
-0.0419728235992576 0.0260222863374667 -0.208854973983826 0.20874900312835
-0.0307016377685835 0.00101174211112482 -0.177002273912353 0.219454355077818
-0.0165106886692842 -0.0260146374050884 -0.193027373950651 0.220764387470732
-0.000931702407440115 -0.0419004201251255 -0.252521980697751 0.179712717873062
0.0634893523035873 -0.0415413215541879 -0.35388281173358 0.0805204013194554
0.0840570603937619 0.0377846525464491 -0.421181967133623 -0.0647254028226376
0.00773806878983613 0.134950338188474 -0.434444990244913 -0.176962509972397
-0.067843946746959 0.133603227362874 -0.572853303903207 -0.0674711899135142
-0.164689437179628 0.165118899089926 -0.410279995559614 -0.1011583401538
-0.0204798414119038 0.138998996968602 0.0275140035772178 0.0943296485070845
0.0704357435198819 0.071075517845654 0.192870634360168 -0.245463779516053
0.0673632839290416 0.02308773643545 -0.0521840175531723 -0.416393845240865
0.0507019225855378 0.00466732071748297 -0.345500398463757 -0.275780342371523
0.0672751780779496 -0.0208406397364416 -0.399448063051858 0.00988303079632403
0.0395440945292639 -0.0575475108263234 -0.291757891889624 0.16652486413216
0.0245859910945555 -0.0657162257875288 -0.198292786478871 0.196002183327913
0.0552699435258324 -0.076061099759424 -0.15379751568994 0.212500285558605
0.106844293783034 -0.039616717505542 -0.160812543874269 0.22298494372475
0.11186581061837 0.018475242960977 -0.21102700505913 0.199113575857168
0.125075782178061 0.113229491559135 -0.318340594217353 0.125959864801494
0.0168449359195583 0.196137795926856 -0.407185644627725 -0.00563043164664192
-0.173505622918341 0.199470580511763 -0.394568541196897 -0.095100227495846
-0.292378851716559 0.13943289645155 -0.491799859319208 -0.0217972804680334
-0.34960168916162 0.156577509865411 -0.307253959307871 -0.164421783218082
-0.201043033777448 0.227192149474641 0.0762798564245303 0.0764102325812217
0.0178807254112242 0.256128863716608 0.24894711650694 -0.259557533052181
0.166466157726462 0.182207320415921 -0.0028971096912218 -0.46127165186786
0.185444321989338 0.049620098148846 -0.311233008791346 -0.316135618918047
0.182348251143835 -0.0423123994351127 -0.374207231934149 -0.0306998848302295
0.128060002921138 -0.131074665648289 -0.259054424869335 0.127862566105368
0.0877511231416175 -0.148969066618338 -0.158682628504907 0.155338009654489
0.120190402068971 -0.149984788768787 -0.0993943845878392 0.177449204520987
0.20199957641149 -0.0715390704751207 -0.0905492131379458 0.208935897946901
0.215344297314063 0.038008200592341 -0.126013377662096 0.224625345448433
0.218575555699316 0.214805267158001 -0.252027713985427 0.194883194504262
0.0151713602536437 0.333745565574748 -0.37792929427062 0.0783153500902321
-0.282449124386121 0.280820704553589 -0.340024080983885 -0.0197820041015014
-0.459128673122554 0.160283684860108 -0.350388720132291 0.0202763440249413
-0.486486274182849 0.10823259838466 -0.130096200488538 -0.187699999241881
-0.384730126395394 0.25955899429277 0.168886200339752 0.071520443895598
-0.082379449600408 0.409329946258468 0.326963522758723 -0.242835446855055
0.216163838094008 0.351581542442709 0.0811391600716695 -0.468875700087701
0.29802511746178 0.117904575681754 -0.227855397613107 -0.337626234150262
0.282290883253542 -0.0406291991577426 -0.299595401715495 -0.0807534500397713
0.206436527801943 -0.178578597585255 -0.191721812166266 0.0669915401191852
0.13825356641292 -0.208916798544547 -0.0963493765460307 0.0920844451401891
0.158176671494676 -0.209296663575723 -0.0287836082023225 0.118472188757632
0.257263609474816 -0.110703081816181 -0.00175622199800464 0.171033750646949
0.285702434458536 0.0268058935143816 -0.016916671988238 0.228670195721172
0.301562325709811 0.257972342295695 -0.156983555313201 0.249127737164412
0.0487454934383017 0.416194548354949 -0.322666202711528 0.156475545250976
-0.321422881673799 0.3415223888465 -0.273929239372376 0.0244544688192592
-0.547028588578479 0.176674458113642 -0.176923923497033 0.0403279537657811
-0.538134052833962 0.036385086673601 0.0931691859338706 -0.166479627023616
-0.511800646555425 0.222208038954358 0.288242254098691 0.08482394608856
-0.197727796508993 0.474069751440614 0.402674009347332 -0.18545890319717
0.196828091448976 0.472348391960048 0.179703842203919 -0.416999171683911
0.349626180704493 0.185157276230886 -0.105713027613992 -0.320910231221584
0.337325055280293 -0.0210166720013157 -0.180289563956393 -0.123978042620664
0.253292104074609 -0.193474823986519 -0.0976721967248718 -0.0019959075580333
0.168639903482752 -0.239350196818403 -0.0210843437499179 0.0171185884550645
0.173515537489186 -0.239906183824615 0.0465903362975602 0.0450841828487258
0.272754106396159 -0.135684719903895 0.0857920994278934 0.111849235599008
0.311927232464589 0.0110128217626707 0.0895843037970002 0.207226704109056
0.333999502835232 0.264348619952585 -0.057921460884292 0.270577485534636
0.066149111182376 0.433192597009735 -0.255831367373739 0.204466203849668
-0.323468340084057 0.345343375854037 -0.208782441060839 0.0344555729193003
-0.557384745600652 0.15951302088678 -0.00236970185633059 0.0378627316298356
-0.486876941411735 -0.0296095757911796 0.317702502031293 -0.104649809075651
-0.526510936430373 0.131631943065155 0.402281989638154 0.118375120354551
-0.272564728487942 0.424099105661993 0.449801673850229 -0.0938653253250897
0.127181110220172 0.487807158071346 0.263237467926702 -0.314609708859815
0.32552075081698 0.216440177085385 0.0273881292653918 -0.268083845231605
0.327159398524187 0.00128778903770224 -0.041689960968756 -0.15039930176537
0.255100214457726 -0.177596221760176 0.00454437855335409 -0.0681138333339994
0.171441063450753 -0.2337185108958 0.0581111337562534 -0.0585653666276206
0.169103060658271 -0.236295801792381 0.120162557408686 -0.0304237547835937
0.256602129758842 -0.139191241055936 0.166524979488577 0.0494908079297317
0.296802188932445 0.00578903031401561 0.17893715914707 0.1748265176252
0.307496315416107 0.253807807757932 0.0230609559895615 0.271549203301118
0.0442990400415432 0.396250734912028 -0.193565886110038 0.223481049995357
-0.310447977366014 0.288258617634192 -0.152767943526016 0.0255363034053449
-0.497778993882359 0.102239084455915 0.152611362688946 0.0309894059001465
-0.341509313742422 -0.0734295837104534 0.498737815095889 -0.025891480426566
-0.417159054273634 0.0340820487077044 0.482711185366073 0.150700931271726
-0.259091500654952 0.290791567204267 0.45837617485505 0.000895879232270681
0.0579129552025416 0.39250971922285 0.310957620994994 -0.200294265047968
0.242849568854248 0.188742627845015 0.136402072698959 -0.203924930097258
0.256541815986379 0.0138839341011596 0.0813925644837292 -0.164195629295495
0.20907952706057 -0.137853807820185 0.0955274781242753 -0.125664962533977
0.146861897688915 -0.193445274657267 0.128694845719678 -0.124746522385433
0.146202250143096 -0.197680871423244 0.185186888751825 -0.0966155095535388
0.214481742190307 -0.119117769521624 0.236088503560054 0.000233724663327073
0.250495271067456 0.0121548782864987 0.248620381185884 0.152538912118273
0.237627480727507 0.230345524460017 0.0742811178172306 0.270780973248883
-0.00386966609726813 0.320164328219107 -0.146357731525565 0.228572078592183
-0.282776572931691 0.18837990269628 -0.107505334395685 0.0132949274345989
-0.383030539932002 0.0180001018155673 0.274230887816502 0.0334191253606281
-0.132178300480156 -0.0977995434355167 0.602738681151381 0.0410258539125882
-0.223738896223698 -0.0448495292267434 0.513562348076803 0.162935096218784
-0.169093819823909 0.129391448267383 0.442295588720936 0.0656065733040351
0.00944272154718748 0.226434107298509 0.333758395434277 -0.114915909850766
0.128967171869956 0.115937038704079 0.20597346646807 -0.163193072640335
0.143767582386846 0.0163696755773821 0.162252467054262 -0.177732516031043
0.127572723672934 -0.0798303155744158 0.155610219189693 -0.16954969709555
0.0973428217916862 -0.124805398701677 0.17931204355182 -0.171416149604572
0.103299981199349 -0.130948491755196 0.235778756855215 -0.14264045896688
0.149356512424585 -0.0825515156770573 0.294531649726422 -0.026141235158166
0.179963386141968 0.0200278867128263 0.299120612640287 0.152601233211126
0.145254200391308 0.184312847983266 0.101099751547902 0.285802335970948
-0.0529080218762493 0.21170305308012 -0.119386667894877 0.23586120701977
-0.225287196686501 0.0721021901155309 -0.0789767977745166 0.00823201417618775
-0.220525383227601 -0.0684206031015154 0.351045515634816 0.0484659568726378
0.00820893253264699 0.143654188194659 -0.45151948906785 -0.0725268993321629
0.120660204530433 0.039794783739461 0.0144219416883638 0.1293635727977
0.0905284675733868 -0.0954501760512314 0.213118303251871 -0.21410707735678
-0.0412460622984502 -0.105549937630713 -0.0189759687437945 -0.403915442127073
-0.0781627099564931 -0.021299565488906 -0.330607495970466 -0.298743317212808
-0.045302274791459 0.0142291468713209 -0.411048456297092 -0.0223134329671189
-0.0478503013319293 0.0255504776791865 -0.333661186373175 0.151603822266136
-0.0476235818676581 0.0234393694081698 -0.249405344644505 0.192584367737871
-0.0317461179506559 -0.00461721584066365 -0.21782317501448 0.210690273145752
-0.0134979469011534 -0.0280538653552536 -0.230735769550142 0.209462687536676
0.00396037779961888 -0.0420202718238646 -0.290200136568627 0.157480270129376
0.067174834590388 -0.035568692586911 -0.385290086957067 0.0382041296052942
0.0771701101394512 0.0534307647169323 -0.43337768836615 -0.127414291295008
-0.0196925709696003 0.141079225018563 -0.427887801098115 -0.255738534903555
-0.102057440298175 0.133059300881055 -0.588516241140563 -0.167221531452625
-0.200758580920648 0.148480242847175 -0.422057023630329 -0.15213694400014
-0.0398167185646261 0.140364265162165 0.0171817592527508 0.110848170153182
0.0593589193645415 0.0793874935948859 0.240752157235583 -0.225024963729342
0.0595497269669057 0.031608407805262 0.00590698568631921 -0.443797391009124
0.0462180437389892 0.0174677399260967 -0.324691359481346 -0.337393221747759
0.0711174646249924 -0.00921826767633532 -0.419288252929405 -0.0434522955462762
0.0488089172266143 -0.0530147445526609 -0.328561558917033 0.137260498203096
0.0363419474786576 -0.0607637305001919 -0.236364531666408 0.180381218897689
0.0698392281874872 -0.0710861970270196 -0.190715572952766 0.207526933983929
0.118603456133247 -0.0240764502727073 -0.200319876124393 0.217759615999529
0.113052924318138 0.0415859271507441 -0.251962817588052 0.180527001484732
0.111723230986673 0.137018107548884 -0.360839369513453 0.0835808145605739
-0.021765553315011 0.207659624869164 -0.425616492064657 -0.0660517091349923
-0.22260574401668 0.179956004289488 -0.389882566917807 -0.167191095300165
-0.346874412444999 0.100097681113852 -0.499507394560589 -0.101981508954192
-0.390469193673531 0.108310588583675 -0.311755778848943 -0.205130380651278
-0.238679768569684 0.204386344067837 0.0641697762709811 0.101653909308694
-0.0220401319383806 0.260178179214924 0.297425271013039 -0.22025175789801
0.139856910753218 0.20637043290617 0.0670213224261593 -0.471814745107702
0.178649117600027 0.0832533729575599 -0.276206189113958 -0.374117996069366
0.194523244930635 -0.0151437743369286 -0.383689400845836 -0.0831120499345086
0.150047584941691 -0.116425016816571 -0.284159334161196 0.0984044603640459
0.115696793317562 -0.13728323233392 -0.189612142003986 0.141056741172791
0.148185530898727 -0.138087194866579 -0.129195113426299 0.178247629120162
0.223352235756583 -0.0440088843359975 -0.124671898941442 0.213690199683496
0.219500325549265 0.0802293394551695 -0.169625167173863 0.217459295405953
0.196086259641583 0.258001766487303 -0.307480116273824 0.161901640480442
-0.0483087490501217 0.351801795990178 -0.405444694392716 0.0243335735898213
-0.351600746988563 0.249318516903889 -0.336929479184964 -0.0835266229682739
-0.528889357165784 0.0955417422947255 -0.347300810137092 -0.0335126711573907
-0.521414030285948 0.0333041900997973 -0.129982939748984 -0.208669122151196
-0.431725872376907 0.209156991564961 0.155355706883356 0.110494818152966
-0.146924556185852 0.400659154843524 0.369483672540522 -0.182394731740973
0.169574186021412 0.38497734855364 0.155500801246657 -0.455490833362912
0.284474697700932 0.168656998082203 -0.177449712073601 -0.38414424412097
0.298694567198834 0.000479896071615046 -0.295025409929619 -0.125906393725897
0.237657355105024 -0.155169986441067 -0.202423787336058 0.0436241580870106
0.177865244214033 -0.192823987757386 -0.115407366189951 0.0823292695087762
0.19689887780509 -0.19342695856405 -0.0464391087113514 0.125323940182352
0.287578419621778 -0.0758703794834098 -0.0265676618234313 0.186640867028955
0.297062341435434 0.0811822213131296 -0.0576915990570056 0.235821583124688
0.278674501402097 0.317881871496684 -0.219763952322598 0.231008119713614
-0.0263976703731243 0.446035801876212 -0.359320535857547 0.113567768429355
-0.402450049522232 0.305958631748581 -0.273055139069735 -0.0288889006207627
-0.623802441460965 0.0975346130002489 -0.162434821824731 0.0140782096151791
-0.559943109363232 -0.0510191087463519 0.0978455025084724 -0.158103725069397
-0.555538862890705 0.151262742960542 0.274496327152504 0.139493398197531
-0.275020417489041 0.448412376625746 0.433142338609916 -0.107500377408242
0.135212525186481 0.503658692772532 0.247970813715875 -0.380151364189253
0.328916005916482 0.243119516443969 -0.0460611435199344 -0.346155925726466
0.354801463079414 0.0274219243170771 -0.163256483759563 -0.154945354006618
0.288051304437803 -0.164435588579341 -0.0930551381257882 -0.0173119095095361
0.214882925232599 -0.220936991754858 -0.0251361625686357 0.0128108941247442
0.216419178678167 -0.222529418259948 0.0440381643209543 0.0576427811869468
0.307875037326845 -0.100407886550481 0.0747417279878955 0.137186229563686
0.329211351843173 0.0686678809237138 0.0561557046536476 0.227252865658889
0.315001241167079 0.329271087124674 -0.121189670029957 0.269002232357634
-0.0106123715713972 0.467811429020099 -0.295054691026038 0.173337097928864
-0.403646149092267 0.311133757087891 -0.207094519638325 -0.00853125429191379
-0.628608689108618 0.0758395603063411 0.0225594179718703 0.0406205921265987
-0.492943158551929 -0.114144560916611 0.325166504321928 -0.0653750952824366
-0.556591297501386 0.0537674562329584 0.388294056104696 0.185163374184626
-0.341111181377401 0.384733461460191 0.465457808931467 -0.00773050887670071
0.0641147845083724 0.508719884759966 0.317284106590097 -0.260185072236959
0.301227562715122 0.268734287541938 0.0853876792436787 -0.270277021232583
0.341146743629787 0.0491217370757398 -0.014465180555965 -0.163971121957813
0.288764897217015 -0.148376668371534 0.0241491882213341 -0.0738029924623756
0.217019170005388 -0.214703414377098 0.0692240891200288 -0.0572437166788724
0.211329294089212 -0.220416414663645 0.130983888972511 -0.0127566631304687
0.290397705250203 -0.106650782852368 0.167806838240227 0.0819228698056049
0.31486697841415 0.0607415342044716 0.155489567450772 0.205214343777297
0.288790284757651 0.316335187777111 -0.0350592778564581 0.279692299905429
-0.0272144466782621 0.424860941695907 -0.231573154714173 0.202602880449416
-0.377842840300346 0.251876544770638 -0.147870302779838 -0.00691614329662054
-0.552417140780117 0.0246138433016457 0.1826634757421 0.0582571248620748
-0.331786975328853 -0.13870943758203 0.509294674850375 0.0401425416767998
-0.428123807800518 -0.0320133082582963 0.471235091541977 0.226451797020044
-0.305361982456695 0.251312498620814 0.462362778407018 0.0830912705708104
0.0075473330206367 0.401340840484475 0.349863257756543 -0.139890634083372
0.220156237719925 0.22657749913732 0.187018365589962 -0.188015563961473
0.266213119861522 0.0506353398997946 0.116153968298315 -0.162437507890558
0.235734457997723 -0.1137367673456 0.126674130384336 -0.123124887813139
0.183565999535803 -0.178486109852503 0.152356492813602 -0.118530543553378
0.181941980973149 -0.183027946486726 0.209161147068299 -0.0753082206254239
0.243221113576637 -0.0923629617804189 0.248906357589454 0.0370208656166645
0.264690982124198 0.0585455992661427 0.231219150019555 0.189818732610107
0.218535049869924 0.281398380834114 0.0233894028524254 0.286683954652697
-0.0652800409427576 0.335300865294922 -0.181461643355314 0.21761915429559
-0.331593867893393 0.151457485806314 -0.100678820471839 -0.00828891023555438
-0.411609318111443 -0.0461652436305837 0.303639589980721 0.0798286097756371
-0.110066933259927 -0.130281869623646 0.616698685947988 0.122866925770918
-0.218064829837309 -0.0855565085677314 0.509496708874763 0.240304199660119
-0.18850150411994 0.100131538474578 0.442387244607319 0.139965830432617
-0.0186105026665602 0.225253423101172 0.364228322268505 -0.0582421709925794
0.114124524235852 0.134060155114446 0.249176400052266 -0.139127659513916
0.148070665129821 0.0358738065614811 0.199711298132556 -0.166773287075506
0.142512742158421 -0.0652505341356761 0.193730798448676 -0.160591840327017
0.12080797954665 -0.115496152150727 0.211747012544777 -0.159720296889959
0.127045483894598 -0.120690743482727 0.268595514691687 -0.11912961348741
0.169742288701701 -0.0638292304372446 0.314607314360125 0.0149958144728466
0.189654989161959 0.0548402551341646 0.287290605256424 0.196696940193673
0.126578011188038 0.218913139980883 0.0542130422856944 0.307770841160916
-0.0973347194693308 0.212732266685031 -0.154271852471438 0.230177527106818
-0.250030477024978 0.0382244761539118 -0.0737534919529791 -0.00573183884848636
-0.219464896290399 -0.112831225791568 0.372299513074158 0.108260488572676
0.0252398418334662 0.14057064260014 -0.46402900365802 -0.0181610138996869
0.125856510977193 0.0269360113101518 0.0317237029507619 0.131443010186162
0.0792718454287663 -0.105117868858507 0.194452054609221 -0.23888909488966
-0.0527407007255999 -0.101914860994186 -0.0621702617140784 -0.404793985528497
-0.0807240331003811 -0.0135565183695624 -0.36705791024069 -0.265831102064876
-0.044409941472007 0.018157432921465 -0.416300690362291 0.0207326028672358
-0.0448222484007517 0.030128962500779 -0.317108145738086 0.188384259053416
-0.0441225048140518 0.0294621700452456 -0.230976048397688 0.22410030317726
-0.031352985660494 -0.00203787154114179 -0.196101489743431 0.238237716970306
-0.0154454687799012 -0.0268952837966919 -0.209809387155548 0.236260536859808
-0.000324473896700605 -0.041795889216302 -0.276662287514091 0.190584522013837
0.0643755542575565 -0.0432278115558528 -0.385657673579425 0.0785472166572823
0.0831545576375269 0.0474414702378459 -0.448629427611985 -0.0854128076451032
-0.00411433614698148 0.147845828709766 -0.459490453931569 -0.217214875093796
-0.0876628952231266 0.143807248333253 -0.616505200871475 -0.104686027242437
-0.184062343354979 0.169364870723583 -0.443566950641425 -0.103667791638275
-0.0247733524901073 0.1471410950566 0.0308681504282504 0.113307525280779
0.068882338973046 0.0735213055981326 0.219476023039509 -0.251711007228214
0.065645851196285 0.023989391323746 -0.0422575839479654 -0.447532987914608
0.0495602985346368 0.0117920933450633 -0.364716891627368 -0.306059749396014
0.0702478967655255 -0.0184825361401668 -0.425703953736606 0.000181391895043074
0.043261589439007 -0.0591384830125862 -0.314274110010489 0.174332341328087
0.0295746579924499 -0.0642252530180007 -0.219711553843346 0.208635228683011
0.0626574951732292 -0.0799382872439044 -0.17045461799535 0.230506486900464
0.117685926665372 -0.0374621762803484 -0.177359776259554 0.241278422778522
0.119209061290565 0.0299708057068595 -0.236459845928231 0.210174152633727
0.128223042829712 0.125058664376943 -0.355365478682062 0.123382532417639
0.00155484651281456 0.21309929957666 -0.434551488037635 -0.02318677985145
-0.206311911334191 0.208573530372506 -0.411756674255973 -0.130713002758381
-0.336573170719031 0.137622188774428 -0.519351438787872 -0.0484164121786308
-0.379925171880186 0.150447481779594 -0.339074290598238 -0.167724078320706
-0.218690826554525 0.234504107941433 0.0763262293828795 0.100125089356899
0.00754721457358178 0.264073379826472 0.277786998779666 -0.251617364801112
0.168014893984174 0.190691275920886 0.0156195637531276 -0.482213660146661
0.191257781526595 0.0628039196226489 -0.319189302721896 -0.348588749603271
0.194388832716244 -0.0388942732924171 -0.394358714717695 -0.0427656010012488
0.137713906101525 -0.13541777500965 -0.275464270385172 0.129078928356951
0.0993668873900635 -0.150313998839303 -0.176439260422283 0.163666833875953
0.133428200775304 -0.156247222243318 -0.112024538360263 0.194040132419321
0.221131970636347 -0.0693416308159331 -0.10169074822912 0.228927263030402
0.23099337227622 0.0572403675798361 -0.148936623953571 0.236892875695433
0.228085264773569 0.237905109384054 -0.291539748512358 0.196513918907667
-0.00822356176041866 0.360003723329399 -0.406189625662446 0.0685668727265849
-0.329514220059329 0.291560881538718 -0.349247450160131 -0.050957488546965
-0.520155327612211 0.153911055635024 -0.35669542217742 0.00245218036680326
-0.519643088333167 0.09058401341464 -0.155021488131038 -0.192035873493804
-0.413409140189018 0.2609158861016 0.16807900409649 0.0982729189831672
-0.102830284093247 0.419641241492752 0.353341084558822 -0.219956299881902
0.217557850419023 0.366708452956728 0.106817789127281 -0.474757252304039
0.308787773620803 0.136441594403318 -0.22052357584152 -0.369194392434965
0.302436864474783 -0.0356305735846889 -0.310527791675464 -0.0958931229996926
0.221586064632962 -0.183556763206441 -0.200932742586225 0.063405080595281
0.154971575392865 -0.21347778205619 -0.108623031106106 0.0951786246856101
0.175701463058875 -0.216504144354971 -0.0342207104920572 0.130665663063239
0.281575884060992 -0.108874955332473 -0.00571422683511829 0.190972916276127
0.308548565545623 0.0486415104982521 -0.0336395986560096 0.244058881344464
0.319435102479269 0.287304051586458 -0.195499271086114 0.257729596866712
0.0236087740164454 0.451872009765075 -0.349313380719477 0.154891559033565
-0.375223115165583 0.355287045617895 -0.278300935827118 -0.00230337909151843
-0.614891899162724 0.166697793161808 -0.164355126503164 0.030000477962223
-0.567493662721568 0.00761645848511523 0.0810575559620072 -0.166594057688762
-0.544322262960241 0.214918135826815 0.290961631896173 0.11387736212896
-0.226312700772296 0.480900335933688 0.423884494349553 -0.150804236743631
0.196927814599114 0.490905111074149 0.207768611197716 -0.406931181459381
0.36210465683193 0.206731899255157 -0.0834685071886112 -0.34566384708814
0.361771505075352 -0.0150221378070222 -0.179544826483651 -0.14030911658747
0.272547235622721 -0.199100068207139 -0.0975219911486312 -0.0095306849286165
0.188264320293203 -0.245544812863184 -0.0253258364768278 0.0140289026264934
0.192016265300997 -0.248272184205696 0.0486255756600555 0.0518029315818452
0.298539731349418 -0.136321301411337 0.0913148122462845 0.130342573743255
0.338780503088796 0.0327816355273377 0.0808411864363291 0.222442292251347
0.356349458835008 0.295142087981493 -0.090726812778519 0.28358379857882
0.0425889908230459 0.469549188844398 -0.277485906233762 0.209799665908756
-0.373596220445255 0.359304125969971 -0.208868265157959 0.0126536271505901
-0.622432122620717 0.145679246827894 0.0257678931633481 0.0350372736305499
-0.507662245476446 -0.0621672560815839 0.321255535596386 -0.0990599153513557
-0.556072543293493 0.117055960801457 0.41083762148103 0.147591934065631
-0.300215860582603 0.424649566999296 0.467220829883188 -0.0547512990526976
0.125555520023978 0.503888110481569 0.290707555707222 -0.293420315280584
0.335512751530119 0.236151567129011 0.0583339954096835 -0.281086177572397
0.350960558149636 0.00923828266906864 -0.0304312349824699 -0.166353363596225
0.273590841225757 -0.181582773545254 0.0155925495049975 -0.0802103903027021
0.190617687628597 -0.240679194058649 0.0609385072850158 -0.0675642798706425
0.187319686873512 -0.245047763544425 0.129180400786866 -0.0304982123761411
0.280730952828167 -0.139599074617065 0.180020882686388 0.0641616615741591
0.323264080316499 0.0254525844391833 0.178455159653236 0.188750623920468
0.328797912312465 0.284486523103488 -0.00310045502612085 0.28657947753553
0.0204046235485176 0.428536478612901 -0.20945733012797 0.234197171616511
-0.355507677145894 0.295266581695234 -0.149047726984164 0.0088177458582675
-0.549986413098809 0.0876804341759386 0.190360954277831 0.0340669267915285
-0.347483704487994 -0.103686033118661 0.520217037735383 -0.0146932136509989
-0.434898969079631 0.0155144530706541 0.499846002760306 0.179730434804787
-0.279596341200117 0.286075564253352 0.474412166482928 0.038025141892552
0.056564522499505 0.400787649594045 0.338310549986749 -0.174782506684359
0.2486519474302 0.203163335791017 0.170992586872848 -0.209282818809005
0.275269178236088 0.0196361681813654 0.101679204616463 -0.178839732432129
0.224745728685093 -0.140819583100138 0.113762446008507 -0.140571878445647
0.16113367381302 -0.200768361426815 0.13789821949938 -0.138490825816694
0.160711181946108 -0.205609055719245 0.200662890708084 -0.101064330550926
0.233889407855068 -0.12019416266876 0.256259037007647 0.0105481252654549
0.272910939894293 0.0293020508976621 0.253187559596967 0.166395462685627
0.253874838587742 0.257461177175284 0.0559246836447949 0.287583496331556
-0.0294261140433063 0.342721891219521 -0.158000360154621 0.242873177183245
-0.317198720882336 0.189007049400522 -0.102814641123661 0.00238015365994489
-0.415746881874764 -0.00035584008946616 0.314405610949255 0.0422485636145983
-0.123394537847844 -0.119530109631312 0.639495909887728 0.0570598514747172
-0.22772152931685 -0.0624168670640936 0.540634520311305 0.188093990630862
-0.1783850659462 0.119869584915389 0.460740758737478 0.0967165151654435
0.00930727507153743 0.226044245568644 0.360591165632649 -0.0952993426652151
0.130936059562626 0.122037679593283 0.238912027819113 -0.165596670917147
0.154076469542154 0.0187032336008608 0.184699539629421 -0.192030984287937
0.136208105505119 -0.081026558282686 0.17703169539489 -0.186362169936362
0.106252474200974 -0.130092051183772 0.19399018193175 -0.188049536084922
0.113090300785463 -0.136166465865023 0.255950016474416 -0.150437369240035
0.162158161242721 -0.083064996536211 0.319467534604391 -0.0191393658132554
0.196948108086266 0.0332613041688175 0.310096927729636 0.167710083516653
0.153185099213117 0.20563997732476 0.0895380654330113 0.305807085787214
-0.0760862004049572 0.223186378458716 -0.128704139008327 0.251102663318544
-0.246933502545234 0.0653842300529837 -0.0759815373502272 0.00260407047198778
-0.229606287931843 -0.0884201357669282 0.385779078832944 0.0627152583248228
0.0374435041790424 0.131577385748085 -0.451020034130754 0.0275030976385374
0.124985287707331 0.0154965985471988 0.0451188143512327 0.127717969441954
0.0673099242489563 -0.108502342137718 0.169887949912444 -0.248691794493068
-0.0596351789885686 -0.0945425226460037 -0.0938138040529362 -0.385828805926415
-0.0791487793682393 -0.00658279465953804 -0.378883723616874 -0.226909226050057
-0.0419428442782394 0.020648852909123 -0.401982250507139 0.0551456674100656
-0.0400888031349386 0.0319152543709287 -0.288349520969829 0.210636556433948
-0.0381658858635769 0.0327087345784034 -0.203909749090678 0.238540952652287
-0.030148742300685 -0.000149878179325203 -0.169660784534545 0.250711412302657
-0.0161564382516499 -0.0247158074073839 -0.183759767302672 0.247471125678037
-0.00358952149530738 -0.0398761978620829 -0.252614797458101 0.209411451667998
0.0587801332414727 -0.0470945508609719 -0.368609807725818 0.108654460503452
0.0848811671063981 0.0409474482769629 -0.441091294705248 -0.048517044917906
0.00914884090858214 0.146438353294426 -0.465665588835894 -0.176695649105854
-0.0715968713690543 0.145300417184267 -0.610739578203877 -0.0486738836747819
-0.163222363302012 0.177885287428859 -0.440060114576284 -0.0570563570119836
-0.0110651356527956 0.145653652789438 0.0413081678802249 0.110981244560065
0.073607767101415 0.065548662682503 0.194294359694784 -0.261681375530384
0.0677873020193858 0.0164455280306055 -0.07754402707758 -0.42960330519841
0.0505226412848928 0.00564120678009578 -0.380469168039226 -0.266676863446799
0.0653897678433458 -0.0259134639078152 -0.412408690037296 0.0362023000113699
0.0357887409573171 -0.062283663277791 -0.288267909430321 0.195476805918529
0.023209125392109 -0.0643002482943659 -0.195528191527494 0.223588705085598
0.0533333132592416 -0.0840412214401237 -0.145273274197958 0.240350003930879
0.112276491692877 -0.0475005467688308 -0.152161633995982 0.249845995474996
0.118876589775832 0.0190507855426337 -0.212633149481358 0.224436434500489
0.13554732942941 0.109784238090849 -0.334164985931232 0.149151421431108
0.0204058571561529 0.207980700651415 -0.421827666592493 0.012746046231734
-0.182595146207745 0.222300861304358 -0.411402099441737 -0.0949981099354103
-0.313330375998259 0.161971181593063 -0.510517949768789 -0.00245380782724378
-0.354818027861912 0.177408950503845 -0.343645316246919 -0.128115933848705
-0.191902331325346 0.248088470526768 0.0831954273067562 0.0947955341728263
0.0321302283152278 0.254906319684594 0.249842200311495 -0.265729294360675
0.182515102172963 0.16762319516524 -0.0251343361432444 -0.467451629211951
0.192757315086653 0.0416718494212748 -0.340270720976289 -0.312026879057033
0.184733200327652 -0.057180298016495 -0.385376985364993 -0.00867078242205267
0.120773512133243 -0.144350633506549 -0.256376241695979 0.149034488165275
0.0815026955165046 -0.153348129524267 -0.157740571560673 0.175561005669907
0.114839245805704 -0.16368944977284 -0.0923141172491644 0.198543738643482
0.208972752850572 -0.0875923519643051 -0.0785982778540615 0.231295231985821
0.229436670452098 0.0348315892332361 -0.125694645882228 0.243451205171566
0.243409435641578 0.208619685969339 -0.265985065368729 0.215371813033406
0.0244885579182165 0.350250984862739 -0.386604824142054 0.101149949736478
-0.29440150336083 0.31386349277375 -0.343745712006179 -0.0232287962498419
-0.488895497922814 0.193767347302959 -0.349320231605732 0.0309586540077683
-0.496671425222698 0.13072150139711 -0.167286991260919 -0.168577305952786
-0.378566750914794 0.29117809025521 0.170986874552135 0.0857780119567807
-0.059989397887491 0.41440143450251 0.325039628823391 -0.239832766300049
0.24829792166681 0.333415893749412 0.0643196840530554 -0.467435849526345
0.313977544459764 0.102360646446176 -0.24571776477241 -0.340455047895335
0.289557422469048 -0.0641425331994543 -0.308714106608907 -0.0682710740902335
0.198294558012814 -0.199346599546642 -0.190111931499583 0.0783384007286506
0.129357007111729 -0.22009772156193 -0.0989322702637047 0.102799891272236
0.150399632515848 -0.2254549099556 -0.0239119653417989 0.129485468333141
0.263462802816095 -0.131598222365909 0.0116953718073872 0.186088651887861
0.303651674270958 0.0197540578348956 -0.013628176978433 0.239430441133295
0.336274272370354 0.248812099882754 -0.165972698089614 0.265865889004064
0.0641454911327751 0.434025108020996 -0.324334296366344 0.182166548603433
-0.333379408894091 0.378550832853072 -0.269950850638733 0.0191335747549702
-0.579579384687803 0.215114500747643 -0.159212759929733 0.0405879558458968
-0.550051574848768 0.0566344431935517 0.0640415235566929 -0.166238351709132
-0.50942662381006 0.256595900115407 0.29081328626706 0.0914147558527989
-0.174702984228996 0.485079007120389 0.400414051081219 -0.177137991677864
0.23807804133984 0.454496536864943 0.168316767663217 -0.409263279235408
0.37201120620085 0.166653405399683 -0.108653934603053 -0.328918042468823
0.349444035803924 -0.0484236752921033 -0.185246300675802 -0.12311981838976
0.245464299385132 -0.218041746900743 -0.0964809476729155 -0.00284736572195026
0.157161959887673 -0.253359974300546 -0.025703125080164 0.0155367365083001
0.16230006367082 -0.258233765169125 0.049347303538067 0.0450474439852998
0.277951135484452 -0.159898763042975 0.100432410490339 0.117953258365881
0.33156352368194 0.00083627080844431 0.0967660879467126 0.209145933371893
0.374348507843717 0.252752154170869 -0.0618128900575368 0.282705219661924
0.0824830469845032 0.450394835205225 -0.248555925396537 0.230429697399682
-0.332993292376783 0.380941528643041 -0.201986561658295 0.0284993202128769
-0.587248329759359 0.19556797005281 0.0257675641524615 0.0283325438495051
-0.496906838793545 -0.0178687241053524 0.305229405318267 -0.122403633025381
-0.528494196708264 0.160861508161892 0.41044793266844 0.112603948524433
-0.253092458211394 0.436894600592575 0.449686874060961 -0.0874623604849426
0.170071743198067 0.474078589684915 0.258774599023086 -0.306624838050494
0.348176701368132 0.197678595838988 0.0343582898579276 -0.279129763530358
0.34227315927766 -0.0252990470680715 -0.0427720014143826 -0.161208217400974
0.249542358904097 -0.202011826137442 0.00680060703832337 -0.0812861664382383
0.160006129777178 -0.24901207592572 0.050889234704676 -0.0717616403258174
0.157245314622734 -0.254344495089835 0.120325416150941 -0.0410787630644083
0.258722350488752 -0.161406211400059 0.180705372121431 0.0464377589999604
0.315339769651078 -0.00330021717792294 0.188940169084455 0.167694161147195
0.346296516979255 0.244596835174747 0.0232245554797953 0.27772495758992
0.0572584583789444 0.411200003629722 -0.180734871071127 0.248861165691911
-0.319654142524798 0.31893831772367 -0.144271068013507 0.0205240678519948
-0.522254345854626 0.132557668947087 0.185588676679512 0.012618532549563
-0.34558046376071 -0.071758902843086 0.505467235879856 -0.0585012741375475
-0.419577705601908 0.0524386797484116 0.499410238307168 0.134975071560567
-0.24519158048672 0.299753386212805 0.46389929460008 0.000285485275936454
0.0931961365223891 0.380888732064124 0.314386090147413 -0.194899445328759
0.261167956554783 0.173069282448148 0.15074590020552 -0.21824761616049
0.269347499926406 -0.0068125172529404 0.0838397435454603 -0.185131473971129
0.204834929402449 -0.158003930822182 0.0973811928010131 -0.149670576318658
0.135151549509308 -0.207290192937653 0.119295473995529 -0.147610764672202
0.135762048429498 -0.214444563996188 0.183435137000237 -0.115902939549426
0.215484772810085 -0.137454852486304 0.250717066098004 -0.0125364937184433
0.267516955133625 0.00346106756858102 0.259724716341835 0.139544704789177
0.270791948965444 0.225414430869261 0.0807457288380162 0.274456746269752
7.73160563834717E-05 0.333194344531586 -0.130371178353958 0.251681837544687
-0.291988064947962 0.210870094941151 -0.0996352396445579 0.0106028526698291
-0.399044023836209 0.0357872511279192 0.307194672992846 0.00891918004926797
-0.129120498815593 -0.106769227899658 0.626629444685355 -0.00124436943408649
-0.224757105436884 -0.0409523395538818 0.540920304063888 0.139401699292526
-0.162308954628319 0.130170755568071 0.456134447286683 0.0585319598266485
0.0314539758584655 0.21539700142391 0.343374125620669 -0.12029316964314
0.138020794125996 0.106465678604886 0.219912034411469 -0.181562835774147
0.151448286935243 0.00415986613881348 0.163553048218419 -0.204858176190495
0.124741670978227 -0.0911271730660259 0.155417747982189 -0.199531541740816
0.0882099106612658 -0.134684795496743 0.168119813578663 -0.201401143530092
0.0955885913434045 -0.143259930081873 0.233694426020359 -0.168866514777648
0.148923806301225 -0.094759096578452 0.310071215877197 -0.0467787048223791
0.193736014176909 0.0139158527816359 0.314498757784331 0.136854143431423
0.167513251211853 0.184278398097104 0.114552769285148 0.289679137965331
-0.0562270973929206 0.221234514107849 -0.102022146463053 0.257747810571047
-0.233217265936992 0.0836813856908331 -0.0746769661402752 0.00939459039883726
-0.226904988280996 -0.0662233168808978 0.378604864673905 0.0228454531995387
0.0423808381268707 0.122623106428333 -0.432843588831023 0.0539848783208635
0.12105536732433 0.00894777982131069 0.0523760268663729 0.123046262757891
0.0590016060474185 -0.10681560594586 0.153855696451898 -0.247803366252792
-0.0621337216043389 -0.0889577741553683 -0.107567724365426 -0.367732052754059
-0.0757904953920342 -0.00228776915230289 -0.376965943258499 -0.201393987171653
-0.0401598299813805 0.0216061469670501 -0.384304428067714 0.0719494834807255
-0.0371205931157707 0.0320838890839186 -0.265330275894646 0.217169633675639
-0.0336977469072915 0.0336023478498004 -0.18344732208895 0.242610156891589
-0.0284870986532843 0.000814006960589531 -0.149428205585352 0.253027737665777
-0.0163161243963933 -0.0234532052423651 -0.165714088384098 0.248578708950134
-0.00492677884328848 -0.0373980362717485 -0.233679039053157 0.214840200943493
0.054037063290137 -0.0483547219413961 -0.351097131464652 0.121157293974628
0.0848766601074156 0.0371504472113423 -0.427116604576984 -0.0287359563703729
0.0174982220603184 0.143249940127213 -0.457858376159677 -0.152328266435403
-0.0622924966233905 0.141597430595456 -0.592988443861861 -0.015313343299076
-0.148787852623622 0.178445506566497 -0.424970368532145 -0.0266766914221077
-0.0037421918927725 0.141433499124885 0.0481232248642949 0.108282302562014
0.0747154444825085 0.0591614785731209 0.1770504077567 -0.261455242395597
0.0677609830405011 0.0100522287651176 -0.0939527986369807 -0.409732098886931
0.0498314599214217 0.00194938423920383 -0.380239122103495 -0.239243273785903
0.0611695493582089 -0.029330249351133 -0.395333623409558 0.0546460165729798
0.0312351974322511 -0.0630028327851241 -0.267355168983287 0.203001071922066
0.0197155814307526 -0.0627391699602467 -0.176200519442727 0.226927527674949
0.0473145996083679 -0.0843498926131724 -0.128331132545195 0.240932882509978
0.106651071915297 -0.0520909740670102 -0.133923479422913 0.248967945459209
0.116487118873552 0.0125228692950846 -0.196001410893211 0.227640941124105
0.137165308786773 0.0975546164381251 -0.315871447373493 0.159110816512515
0.0309488483815136 0.19928327430801 -0.405164529800864 0.0310891638003555
-0.164967303523454 0.225818739443615 -0.401031277996199 -0.0776673909185924
-0.292667593956449 0.169697547745909 -0.496191597742444 0.0216330627321997
-0.333783595062302 0.186509673381797 -0.337186734639889 -0.101934593471908
-0.172050238921665 0.249889886122262 0.0865354713432062 0.0925781717657672
0.0446297035339845 0.243341103010666 0.230081682800536 -0.265540770714235
0.186916417112902 0.148912161304193 -0.0450763582571413 -0.448127212571948
0.189289109452563 0.0293612862093743 -0.343645971768896 -0.285990182415596
0.173657705089368 -0.0660411967602018 -0.371330681270135 0.00884788263224447
0.108305024679263 -0.146635085552415 -0.239588588982541 0.155788203096502
0.0705213192952256 -0.151402054250194 -0.143766536756266 0.177949958913621
0.100880793747853 -0.164609947498734 -0.0803288624073693 0.197846545748371
0.19766468370939 -0.0964085267958867 -0.0650147581334777 0.227406541010711
0.223565395307771 0.0217686990966759 -0.110615644571272 0.24223241113457
0.245671199682417 0.187056797290974 -0.245188950396409 0.220050276222502
0.0423782661695338 0.335596185267293 -0.367340604872139 0.11584297517391
-0.269191433319089 0.319301703376332 -0.332293060978014 -0.00999789401672495
-0.458861582494166 0.209006173753296 -0.338168349821648 0.0460462080608872
-0.471344564544917 0.148689208262959 -0.168403439429483 -0.150028170645995
-0.352262153247666 0.301147246223295 0.170174278402116 0.0800537474574307
-0.0361024634313541 0.401278839441513 0.305190185249109 -0.243280061611229
0.260007981251541 0.304174525023869 0.0412195336990451 -0.45258660038116
0.30929807327222 0.0806428355729205 -0.253717881852562 -0.318050061475069
0.27456944945772 -0.0790441004081959 -0.300179608331122 -0.0519237056650375
0.179179385784645 -0.203599599937348 -0.180535316715163 0.0845143498615147
0.110887609857632 -0.217449870314234 -0.0906972395590641 0.104502344743309
0.131775108500562 -0.225430993130551 -0.0175984410371173 0.127468015631173
0.24739631602266 -0.141321422959005 0.0202971470646599 0.178468055622724
0.295055107695891 0.00290470803590498 -0.00244354903030705 0.232845503162759
0.338467352626706 0.219866123544318 -0.146870741178871 0.264334318754563
0.083792405605819 0.414128008952299 -0.302595114893254 0.193252498731281
-0.304370294928631 0.383991240812383 -0.26001642721538 0.028528995883873
-0.544694018978244 0.235180021260151 -0.154324894104841 0.0440939916864589
-0.5275319916581 0.0789627932514906 0.0556255114010526 -0.160104600795697
-0.479661590994317 0.274285325737557 0.285158754639119 0.0790275933999447
-0.142430049778354 0.474220536810908 0.379709334708942 -0.186649714197226
0.256386003094716 0.421213350739022 0.145276540054303 -0.40110802156254
0.36928933563165 0.138015904971468 -0.12034876795795 -0.314475572612251
0.333503093999015 -0.0665424415192911 -0.184614903013285 -0.110460507420947
0.22498368433432 -0.224330323812548 -0.0945973992605191 0.000691962430837103
0.134895992310771 -0.251581016902738 -0.0251200388489157 0.0169102754622052
0.141903966939749 -0.257224099283436 0.0479338216173484 0.0420108128670589
0.259293207908895 -0.168048826165013 0.103297638961512 0.108661586048441
0.319949666306532 -0.016689802537926 0.101981594283191 0.1974611169341
0.376226226941608 0.220658831882055 -0.0454267942956945 0.274202514494617
0.103119756657835 0.428797038809871 -0.226746912374564 0.237284804501473
-0.304320665312114 0.386423541233242 -0.192299058542785 0.0359434987728854
-0.551371609917233 0.217655059091927 0.0237284543795307 0.0228422321871868
-0.48000645603019 0.0069639382308301 0.289051844081728 -0.131205192581549
-0.501954735068966 0.182700236713472 0.401757505675517 0.0925594965089142
-0.219945543745698 0.431741563512865 0.43179771031781 -0.102175491306711
0.190921270095041 0.443532184049236 0.236760023406951 -0.305150456226425
0.347507642493083 0.170060525953281 0.0211449988018276 -0.273396744618605
0.328362405657739 -0.0436031448267747 -0.0488701359940553 -0.156065286211599
0.228550799453865 -0.209664099023803 0.00139588577763501 -0.0804786911610501
0.137862826799444 -0.248153194773432 0.0433928125825388 -0.0716593958989567
0.136563832463563 -0.253402615988743 0.111985008854822 -0.0453458039876361
0.241364240374339 -0.169265780572059 0.177571224471264 0.0347756711255703
0.304953151237646 -0.0211444788652931 0.188490542421551 0.153274285452005
0.348886870277432 0.215320606869122 0.0368016331927491 0.265779858083101
0.0745989418852683 0.39173308367693 -0.160032908302353 0.250700105935611
-0.292752065717504 0.323817425332773 -0.137251709215691 0.0251038368195733
-0.491631133954566 0.152187723189911 0.177267712770927 -0.0010268547164528
-0.335710381351575 -0.0533049465837973 0.485413261112488 -0.0818269962260554
-0.401827557104785 0.0712045236501403 0.48842298332244 0.108708378421021
-0.219628953068161 0.299718514884589 0.448647420387125 -0.0180919007804353
0.111450166858817 0.357319064204887 0.29600327754244 -0.200579428913822
0.261722820809851 0.152362969089203 0.137733140728833 -0.219577455408496
0.259160726997419 -0.0220444612222057 0.0724331931672813 -0.185670442355389
0.188765745593379 -0.163500907211951 0.0852762831609468 -0.15153106581362
0.116276480459594 -0.205943230302031 0.105605177915478 -0.149541640671539
0.117327976869491 -0.213287841635299 0.169619352496005 -0.121296084089818
0.200121930409525 -0.143352365746259 0.241965332658435 -0.025853581058523
0.258264595599004 -0.0107071680316149 0.256262066786472 0.122197544421521
0.274111874951358 0.20126344436055 0.0921979609535082 0.260795966258831
0.0151458361175576 0.320404342800871 -0.110724290924245 0.25132188581212
-0.271816499555097 0.218825870660181 -0.0958974957640218 0.0137876141233897
-0.378314875026183 0.05289454879823 0.295104089630377 -0.0109326371136359
-0.128884488859471 -0.0969697401364249 0.605665583661888 -0.0326357724981604
-0.217304071215426 -0.0294620821637084 0.527774497547081 0.109561270223616
-0.148987856691933 0.131704076573767 0.444405756565505 0.0365720327830126
0.0423182013221124 0.202596230911333 0.325390970786782 -0.130561457995489
0.139408652792695 0.0950424946531848 0.206181991780028 -0.186137332213652
0.146535012925778 -0.00403170710026312 0.148211894282886 -0.207866399217733
0.114688743202725 -0.0941919484143709 0.139387746159449 -0.203132630884401
0.0756680663413449 -0.133715693120091 0.14963811690276 -0.204074239364475
0.0824953164076708 -0.142960046476974 0.215326992730048 -0.175323326072088
0.138156370109459 -0.0982824809395804 0.296711275240461 -0.062505855589065
0.186750904892674 0.00211253718895559 0.309929872563747 0.117484486019757
0.17196042517905 0.16778754286395 0.124779319767266 0.273679518443263
-0.0449312168525793 0.216149054608228 -0.0842215087059802 0.253741882469221
-0.220467769599578 0.0922982730976041 -0.0717867328051807 0.0116323858787126
-0.217880315752754 -0.0531142105169939 0.363421072636605 -0.00165667667750458
0.0445291945389726 0.117296958717391 -0.422078727481266 0.067787994515421
0.119326668526107 0.00579282026802632 0.0584824660830523 0.121495995919955
0.0546827120766939 -0.105578848063002 0.147197343018133 -0.248869815864504
-0.063358347495769 -0.0861110916379454 -0.112320324554353 -0.360170427344668
-0.0743166104270114 -0.000678755164597802 -0.376664160377865 -0.189928980552362
-0.0387538141948052 0.0218869210856975 -0.376451145940955 0.0801452314188489
-0.0362371644619877 0.0321708861379264 -0.252665285927693 0.219597095436616
-0.0309527858374857 0.0336533966198263 -0.173107883647287 0.246086525478547
-0.0281883506525082 0.000839544031583692 -0.140716408163019 0.255319836912621
-0.0154441948446752 -0.0230577646916059 -0.15781035910673 0.250564269668448
-0.00636544401584508 -0.0367898070444014 -0.225377860959497 0.218394881480042
0.051407394815712 -0.0491658840135289 -0.34293312618162 0.128269211281921
0.0848774187709811 0.0358305846860861 -0.420286517483451 -0.0216723636924595
0.021888508332577 0.142123563346539 -0.456027043029017 -0.14292531734458
-0.0573953052638693 0.138691981717043 -0.587621091819741 -0.000609649641975881
-0.142138844663156 0.177124282020896 -0.417813032955486 -0.0110023823941042
0.000357394124849288 0.140469909956804 0.0537215256988179 0.10885335298786
0.0753505456221465 0.0563897918766203 0.170538116844799 -0.262150196788328
0.0676272103964017 0.00554152229043852 -0.100373970244629 -0.400806341838658
0.0502178211511584 -0.00133607920198303 -0.382029496543082 -0.22754986225693
0.0583935274832289 -0.0311344535584356 -0.387899596717616 0.0624407305862099
0.0284389256183085 -0.0627246909404672 -0.256447300067965 0.206398789998298
0.0178289418761988 -0.0617458885180908 -0.166709883110789 0.230118807521691
0.0435466680439355 -0.0853123338594728 -0.11928438130785 0.242786119894565
0.104139119557654 -0.0552334648834695 -0.12560735331702 0.249360966078105
0.115144247014464 0.00910545265735176 -0.188021256460116 0.230469555441908
0.137729142180088 0.0915178052971148 -0.306964823814083 0.164402135565528
0.0368842929765025 0.19610917860975 -0.398050572871479 0.0385129834761629
-0.156400154935577 0.228615656774527 -0.398459862451391 -0.0709051101389092
-0.282938355754812 0.17262472842344 -0.490734746351842 0.0339001990235019
-0.323910748291596 0.191274014016404 -0.332305366494301 -0.088512326153353
-0.162579561838798 0.251943846123007 0.0907226476161504 0.0931017090071736
0.0513052435085481 0.237727777441462 0.22327198803128 -0.265439632093316
0.189857134261867 0.138242183053127 -0.0532973004423796 -0.438976815093952
0.187758737752231 0.0206289059934062 -0.346197847392233 -0.275201611917519
0.168267219965945 -0.070645338736662 -0.364449609545131 0.0174162414786368
0.101090036811273 -0.14799536995004 -0.231610959889425 0.159800418142016
0.0642588095425014 -0.150083133059329 -0.136564503045752 0.18059956762469
0.0942428790530827 -0.165601476946997 -0.0741245953021616 0.19879800678828
0.192538773180779 -0.101454243933783 -0.0575833124044521 0.226177883353696
0.221142907387069 0.0149145309162593 -0.104093768629276 0.243287231430893
0.247294635364538 0.176133142948987 -0.235520687050894 0.222864898792798
0.0512339846863782 0.328403005728028 -0.35718800820713 0.123557443170353
-0.258446274323093 0.323979975315311 -0.327626676545444 -0.00487554909935819
-0.445035237285742 0.216052071560896 -0.334800871535222 0.0529795927025432
-0.461163042949009 0.158365470756307 -0.168399822107213 -0.140102287857787
-0.338305911636949 0.307765076676725 0.171172974301291 0.0796488583316564
-0.0235294207141821 0.394179187550091 0.297783060952769 -0.244093929238074
0.265893990943907 0.288646015672019 0.0316950685120383 -0.444518031454904
0.308231541067252 0.067683021412928 -0.258268975020972 -0.308714460685796
0.267362654125434 -0.0862261374658115 -0.296215892230824 -0.0439509063441924
0.169381078407267 -0.206216091841905 -0.175591173357969 0.0878167119512106
0.100930978374982 -0.216115119007539 -0.0870131381318124 0.106548027869661
0.121362675542759 -0.226439803572224 -0.0149302175065833 0.128193512643344
0.24014814383814 -0.147435343702896 0.0253796686582564 0.175955455258404
0.290637636733681 -0.00638691905729114 0.00190239938942873 0.231159498076637
0.340821636110603 0.204350329546604 -0.137650600111081 0.263315900771357
0.0951394375815683 0.403910102551856 -0.291029833373012 0.198847045214465
-0.290148041750578 0.388483276015166 -0.254943455384172 0.0315419678009533
-0.527265484874103 0.243553653187914 -0.153759259504623 0.0461320632606879
-0.518888236850249 0.0920719928759183 0.0518674613922865 -0.157124144324115
-0.464172188860622 0.283584551983629 0.283524585702018 0.0745690228274903
-0.125706774645525 0.469149659971064 0.372267043509903 -0.189172765685364
0.266257748981529 0.403393545931456 0.135407550702928 -0.396955483615752
0.368291657151018 0.123498635197764 -0.126804430109901 -0.309363240069785
0.325944838304312 -0.0774517532239707 -0.18448526058493 -0.105852784185459
0.213727482136235 -0.228574585363643 -0.0937789224886612 0.00265321285249558
0.122810228147218 -0.250126060270191 -0.0247592793673554 0.0177711385222519
0.129660655178613 -0.257288533561816 0.0475765028969853 0.0411521954463661
0.250880548664046 -0.174241289132349 0.104812676550516 0.103786520920302
0.315460629034342 -0.0259528475590067 0.10405730332104 0.19285230646601
0.377487310574325 0.204282708120258 -0.0368065365143152 0.271557901316105
0.111853618486224 0.417031168878186 -0.213805631345009 0.241551862200351
-0.289696288068594 0.38997816290194 -0.189124432962271 0.0370498116217902
-0.533796701882432 0.225994289184527 0.021819264974034 0.0188784028069106
-0.4725005868026 0.0190649399530331 0.282625110586617 -0.136371213663027
-0.489664750841683 0.194625520496327 0.398390661201053 0.0839486258693236
-0.203479296939469 0.427724717689762 0.424073437279358 -0.108803396935845
0.202332414792101 0.426102835243141 0.227669481844078 -0.303943411746527
0.347957343050578 0.15507570479478 0.0151468519813341 -0.272224591109091
0.322438682200003 -0.0535316987915206 -0.0519718032068137 -0.154171992767889
0.218233631669125 -0.213795835708865 -0.00193086207490835 -0.0811566724484768
0.125243938484418 -0.24642739941735 0.0402174643333269 -0.0720416374639739
0.124568792613532 -0.253814386587039 0.107750814226618 -0.0460066497795701
0.232571179574046 -0.173463414080411 0.17528516577308 0.0286206147294002
0.299717783009306 -0.0300230093290033 0.187959204658869 0.146982348863918
0.351901313449756 0.198645923048075 0.043209894784104 0.260362731337397
0.0832346771602307 0.382188262677639 -0.148551235550698 0.252917133015715
-0.281262159536996 0.327511092585127 -0.134773107683841 0.0269738133091757
-0.476574580689336 0.160863741708841 0.172609700268039 -0.00899289432263388
-0.331956972355855 -0.0442303784654974 0.477625531895497 -0.0927421025871285
-0.393128928206808 0.0802116153284755 0.48410135855649 0.0966143913498428
-0.207660707361328 0.298137222841552 0.441877880563776 -0.0271625125843404
0.120594086068347 0.344229994506409 0.287748948610271 -0.203516229338221
0.262526811518596 0.141373061193828 0.130806318001683 -0.221365439070559
0.255658129477184 -0.0295319145298177 0.0665881140567544 -0.18714932023806
0.180219269971921 -0.16670922906208 0.0787737282035408 -0.154377358602154
0.105737748694163 -0.204921872866919 0.0986261288889375 -0.15116161442489
0.106753664440354 -0.213089174345624 0.162612680415328 -0.123532165178657
0.191772996386047 -0.146789137626932 0.238021016594785 -0.0327767759440268
0.254142165789642 -0.0187676863660084 0.254690383632566 0.114700543037533
0.277225469564625 0.18767648241225 0.0980921583249322 0.253423718479875
0.022272292614211 0.313747143129147 -0.100688133534624 0.251745584256475
-0.261176784267874 0.222008965872343 -0.0944660128083333 0.0147296398772203
-0.367477273895827 0.0597691711248332 0.287250894411152 -0.0225481914317233
-0.128654479762268 -0.0918126772137439 0.596310483525605 -0.0478766053470841
-0.214258270279011 -0.0235788453947129 0.521628916768253 0.0952846571478477
-0.142946850190395 0.132378687932355 0.438850633496435 0.0270167501715165
0.0479602501265517 0.194154676699482 0.318961953002486 -0.135460093793975
0.140356957486541 0.0892855224310326 0.200054050154865 -0.190096184477131
0.14506945138038 -0.00767078627853419 0.140358058612248 -0.21176165973997
0.110207283927765 -0.0961400969683284 0.131341297725697 -0.208001851569427
0.0682430289625877 -0.132175601655538 0.139854504169705 -0.207699256052464
0.0748239301758531 -0.142781508078483 0.206194909206823 -0.178288349341075
0.131975304346377 -0.0998792957555707 0.291521832225353 -0.0700254566760278
0.184247758891945 -0.00354808169131001 0.308179120148681 0.107765856766402
0.174294828715814 0.158423132195628 0.130542532067139 0.267162251238061
-0.0401125137966349 0.214522022561314 -0.0759149037128518 0.25328107888027
-0.212843134972322 0.0953505175385668 -0.0719793401665652 0.0119640711507403
-0.212365307366992 -0.0492729258812113 0.356095093097836 -0.0157188401551844
0.0940854708341903 0.091377067573483 -0.345896804793881 0.25268852761257
0.110591411621714 -0.0470130236283683 0.112636200954805 0.0797686055049979
-5.75714966052827E-05 -0.116287593965833 0.0174554480261774 -0.29606656476761
-0.096570101483553 -0.0447737386835435 -0.270616689491194 -0.278068901666916
-0.0645948281786651 0.03709889395818 -0.429988899469616 0.00468573147003093
-0.0235810233238578 0.0388328568800914 -0.30462394268124 0.245645750430331
-0.0193067563398228 0.0448824496317076 -0.127789529949891 0.315157091257262
-0.0115045851583233 0.0427774330979696 -0.0407476742160297 0.302796196797969
-0.026617820572979 0.0139076894357556 -0.00575167730704999 0.29641809519323
-0.0240963461507771 -0.0147119726922901 -0.0264007489539402 0.30045499596877
-0.0218308208042936 -0.0286438119726757 -0.102429970544986 0.298228715111673
0.0194542263710849 -0.0637502189480033 -0.247825422799374 0.271570756535902
0.0912090120174792 -0.00660070023098248 -0.38689342783982 0.169674971504613
0.081385722580175 0.117658696166734 -0.486396072664479 0.0724464791719224
0.00654415732172271 0.156381391802812 -0.544674898242646 0.258053121403943
-0.0513048656178638 0.22530123201334 -0.379166179714947 0.185218860863851
0.0612925106903012 0.125241080728607 0.106061425628315 0.0756718432184639
0.0872951133380175 0.0203138631806489 0.0416309479806678 -0.315870967922514
0.0587020788248035 -0.0202650841050746 -0.270119126148141 -0.322018989354023
0.046538302863043 -0.0171185983431515 -0.449336175177725 -0.0325847144066302
0.0412094937987945 -0.0523507268004543 -0.321457644947528 0.23136732882044
-0.00407656150266755 -0.0686400103460548 -0.135709968505508 0.301431101122146
-0.0087718552091796 -0.0661500324992904 -0.0420306789454185 0.285768501874731
0.000622112675069102 -0.0968366612104677 0.00792153436186772 0.276274464668891
0.0721771109126399 -0.0978971829668815 0.00523209431853502 0.286205583980795
0.11152570185267 -0.0411458595083765 -0.0638265425015297 0.29903075115883
0.161547743038917 0.0235102607076924 -0.20331070939627 0.298525783604106
0.117788496029526 0.164691121704314 -0.346458776935683 0.214597772275358
-0.0430555442338916 0.279822434544939 -0.406875747872235 0.102889496539695
-0.184647099159517 0.29636187673507 -0.440168735638473 0.231312998300524
-0.212355219134556 0.314462294951332 -0.338979235207631 0.0853914576239111
-0.0388206252619486 0.294330164658896 0.134315308600365 0.051040445997366
0.142101492887485 0.192256598817509 0.0965286433632959 -0.340235603175167
0.222965883997128 0.0416029366957769 -0.235808987664757 -0.378866516220417
0.178886780930032 -0.0578675708443891 -0.436289556896543 -0.0966339693610896
0.121869116222816 -0.136698953571236 -0.31955588290497 0.176739065907956
0.0241527092372024 -0.177278406591667 -0.134998917315638 0.243919313634164
-0.00544436621551699 -0.166117194405168 -0.0369280972789357 0.22667854782818
0.0116597433922227 -0.192800398057008 0.0303916346666917 0.215535234729782
0.132013720137059 -0.179877684238828 0.0586358519373738 0.235525978289524
0.212085702349308 -0.0847054911972447 0.0177490892546144 0.278247286503326
0.299938325301823 0.0483685288882131 -0.114572257522254 0.329503994737547
0.190461734701029 0.281106718025845 -0.276598223552753 0.276118538309342
-0.0925752385250506 0.41543552796694 -0.318906442332838 0.126709352957794
-0.312204605981706 0.413971088872464 -0.291722316190698 0.169730690939918
-0.355815514679206 0.340799694936017 -0.21651393661216 -0.0317144633303434
-0.173379695098487 0.417944335013106 0.201634090237769 0.00786764448412688
0.140672506170214 0.363687608751983 0.17992116452088 -0.347501773641567
0.354086940697454 0.140408675027128 -0.152209195942957 -0.420129191361704
0.305312064793578 -0.0686465833007394 -0.370820180898903 -0.17211519858727
0.204674569717627 -0.195529756815142 -0.285411835696814 0.0879274097137464
0.0600626195251944 -0.260656142764698 -0.117192096612927 0.15017065163537
-0.00112829237440955 -0.242477861340697 -0.0262513006335917 0.1358175967825
0.00930770642405647 -0.260403342257257 0.0505426400595164 0.125042636282653
0.155497735379633 -0.242864874279316 0.111120315872487 0.14997070907759
0.266909672149543 -0.13591003135457 0.109522165810695 0.221442925769197
0.39876852560052 0.0307118890500498 -0.00578685559202221 0.328279964847124
0.263071692724 0.332656558322082 -0.184027325922802 0.317050529964298
-0.0915406715235634 0.488283290365739 -0.240199078592706 0.126736210051005
-0.374426255548567 0.478545645882358 -0.131017370381454 0.0776203504765926
-0.435881823318781 0.301559302663271 -0.0271679540838677 -0.143806067327862
-0.298861342421675 0.449434222609058 0.298670758903583 -0.0445329457216468
0.0788805667937961 0.473213329785964 0.273359408230612 -0.324698373028138
0.40327559490824 0.239172705227711 -0.0318544868311487 -0.419997305523959
0.381777581090934 -0.0474369091934482 -0.248279243826572 -0.235070274458696
0.260416580322496 -0.213819069355862 -0.212139188415883 -0.0205127157613619
0.090087675906529 -0.299890798484625 -0.08136105689136 0.0334911274842688
0.00353763266685831 -0.283162147513167 -0.0123800923832694 0.0264447607969854
0.00380696322801488 -0.29259235164028 0.0667260076317371 0.0175992871880142
0.152712838085774 -0.272621090052764 0.150378941024821 0.047664758873485
0.281369565159156 -0.165978608207013 0.185663231895369 0.142334468358558
0.433134890686414 0.0130687625484432 0.0893326407693576 0.292310912524902
0.286286388714217 0.337659511308501 -0.0964037094866862 0.321150372043386
-0.0892516108322341 0.491146488159947 -0.178116208409823 0.101506270450079
-0.3851310740468 0.46478230065793 0.018352183720683 -0.0270776723710629
-0.429521103885667 0.21229049430244 0.190393703450501 -0.23104702629038
-0.36210953137696 0.37878655870976 0.403885695996494 -0.0887239058330885
-0.00866726250574215 0.467205750934534 0.351188249775682 -0.271299189647614
0.357374170944921 0.285703962512873 0.0925355564907869 -0.374583382258369
0.376745082881961 -0.0113803258984188 -0.100852261810357 -0.265708735487798
0.267147907622471 -0.191475201628347 -0.113919120734417 -0.124667499678131
0.101052623899377 -0.288408871168882 -0.0366469780481563 -0.0858447988485871
0.00656467264762223 -0.2796560817266 0.0039397159122435 -0.0848722295946991
0.000545904423830174 -0.28676784643027 0.0801814230430894 -0.0902092671039324
0.135542281146103 -0.264264232248681 0.179634729727729 -0.0531359840436419
0.265494380281177 -0.162947928223402 0.23977460498823 0.0614146556747724
0.40837038831668 0.0192650181701717 0.156376380357344 0.244419762853435
0.245228441638892 0.319589733143901 -0.0301193157294014 0.300343389547737
-0.1088931740394 0.428636602646032 -0.130322926025115 0.0698994265174618
-0.361761800483225 0.373946916569203 0.145764334615397 -0.116137613778613
-0.327107934030253 0.0933425009480282 0.384751215813241 -0.284012252281393
-0.325363468351169 0.23313358417197 0.482826932420433 -0.120059740716536
-0.0666731710166955 0.350780118132223 0.398965198649954 -0.207959679634555
0.248791948167679 0.248276961310631 0.186793769211615 -0.30877495107275
0.292959331127631 0.0120951351048341 0.0254809197879147 -0.269907007338628
0.216221334020358 -0.1403051169524 -0.0233854753528843 -0.207530571263229
0.0881889179146538 -0.229701954632635 0.0020661889089326 -0.187717013502811
0.00581496283339083 -0.232960399517324 0.0185497244816747 -0.183721991457817
0.00106243497098357 -0.241491122756461 0.092472011276926 -0.18636508820009
0.111099745083484 -0.220400083718858 0.205511738680384 -0.138036253227596
0.226577881133151 -0.132291020254778 0.284594979490964 -0.000663519366404406
0.336079948416214 0.0435347642553112 0.200425728529007 0.209655579257326
0.158528527262258 0.283609162975251 0.0133515093737638 0.274679726531541
-0.139411828992648 0.321936764961894 -0.0933618518636374 0.0427293199575728
-0.308955477548646 0.227805518190174 0.24916639979541 -0.172598280221829
-0.162714229729999 -0.0371165390263797 0.515524307182207 -0.305636531157616
-0.208142633010481 0.0630672654244718 0.512403929826859 -0.144383259562508
-0.0782724857419985 0.173495963738481 0.411271552221662 -0.163586340382781
0.119788395137703 0.146945850913578 0.238747464435768 -0.263872097462265
0.159971457057262 0.0186485179441076 0.0986165461409977 -0.26934974109724
0.125598559862193 -0.0720645390693176 0.0304850671912386 -0.26161286245454
0.0564375866410768 -0.135114399233792 0.0235404420961498 -0.256826924091123
0.003154340375852 -0.148547605066824 0.029161016177552 -0.253689815242868
0.00380143385905008 -0.162925622887091 0.105441600191862 -0.257107934688141
0.0768487277644929 -0.151136369877881 0.233889286968534 -0.197521309360884
0.169415671540222 -0.0876597328342361 0.327835881272543 -0.0339126498547931
0.231025807247293 0.0651834620226134 0.234397422173277 0.199127275182164
0.0569501014748202 0.220095335129224 0.0382133604164053 0.260807334959738
-0.152443491190965 0.184097068764164 -0.0671549249033127 0.0316888469448024
-0.217994237367022 0.0525830602184791 0.318753768026289 -0.186207282746561
0.10002023523398 0.087279145355257 -0.336937152111374 0.277128484141831
0.111815994471615 -0.0533065018581194 0.122544826304163 0.0755369149136668
-0.00517792999090673 -0.117932206348133 0.00481462006674551 -0.3067718746935
-0.10238411413384 -0.0407652644825718 -0.289833032984437 -0.274698532816436
-0.0646914108154033 0.0405968490488446 -0.443046835807692 0.0254413309035216
-0.022744349493142 0.0401500925877346 -0.301566645431052 0.266370655503288
-0.0176284597238816 0.0476126185997287 -0.113701362632754 0.327264902754362
-0.00888158246135835 0.0437256230452573 -0.023722061858077 0.313973957521312
-0.0265329924626451 0.015020675037457 0.0117666317770855 0.30644458739785
-0.0253880881409348 -0.0148247873357968 -0.0104928171312349 0.31146073784553
-0.0233754916291904 -0.0273413442279481 -0.0900341452004013 0.311630847503659
0.0169311506445515 -0.0658021423080704 -0.2411356848855 0.289779795981581
0.0938226738225185 -0.0112231767336635 -0.389950245666111 0.190201015541185
0.0910594902336422 0.116901205981895 -0.497817200482179 0.0950915559084285
0.0133623940500001 0.159138842576188 -0.547035265704474 0.29481583391634
-0.041634091483468 0.232715471914391 -0.374520251803935 0.211531359298412
0.0697389330351186 0.125612639580331 0.116354390013688 0.0731207012032098
0.091353821324434 0.0163373690572205 0.0291185407167515 -0.327445843369443
0.0576908895633035 -0.026290100199318 -0.29241092159661 -0.318994518687786
0.0464017394667209 -0.0218864797970448 -0.465065251854188 -0.0120697489716135
0.0387829861838624 -0.0562997689833472 -0.318313323407899 0.252446002126024
-0.00870706852165061 -0.0699824352614386 -0.122799538394648 0.314685503263608
-0.0125195869379798 -0.0667270457636415 -0.0259578660207079 0.295650361207884
-0.00528123989281844 -0.100508737886531 0.0252471195606894 0.284625135536041
0.0691135786297529 -0.106761684023986 0.0206728928241624 0.294949855854237
0.112558986950034 -0.0479485174867101 -0.0500844876437555 0.312109046276485
0.166807429116331 0.0154263040843901 -0.194399359852792 0.315549043884412
0.128987565914487 0.162186262951017 -0.343731591948276 0.235469744609703
-0.0281749775828759 0.290337120356852 -0.415030964581045 0.121992973275048
-0.175491701962244 0.311377760912396 -0.441393596799038 0.262022785507866
-0.201323483468588 0.333503119385484 -0.339463406219912 0.106449763550961
-0.0232231923855542 0.30457714494719 0.145119265660236 0.0473328420227091
0.156817917255584 0.188709136653449 0.0853091925425123 -0.354197852536823
0.228625730730357 0.0275796520697311 -0.259358316679011 -0.378814059459076
0.179928450709783 -0.07174033596332 -0.456437542689549 -0.0777354942411714
0.117960745259429 -0.147878733579283 -0.319774451449643 0.197313208965287
0.0140124455507949 -0.182678678103392 -0.124632455044842 0.256047818928662
-0.0148173136186258 -0.169004290503454 -0.0244313771918635 0.235265931103952
-0.000416925123406216 -0.198139640164875 0.0442952502531304 0.221488895215179
0.125964993422326 -0.193962456712064 0.0725548226353944 0.239301864929661
0.213643056147988 -0.0981359611774587 0.0323085871223421 0.287032295803785
0.309792974402488 0.0311874352613203 -0.100887807560214 0.342893349219855
0.209708873283251 0.278159701649381 -0.267820203869015 0.295558233491087
-0.0722677913807945 0.432289871771969 -0.32364065190651 0.142838826676533
-0.299283123863437 0.436909891463799 -0.292461883752141 0.189809458933917
-0.34537138862643 0.367285683284907 -0.221305521982244 -0.0196034591708577
-0.155600840430782 0.43809293365621 0.211138886362133 7.46225969186749E-05
0.16363608496167 0.363770226624188 0.170836642302755 -0.365203494595106
0.368526959168999 0.120013853960406 -0.175691276089608 -0.425827974621856
0.309076085283693 -0.090156400684949 -0.393021169960755 -0.159503048999023
0.199404477281274 -0.212579365682928 -0.28870717361241 0.104042251426272
0.0455121963386612 -0.269860348022527 -0.111770259373083 0.159206418747161
-0.0154245300509351 -0.246637622634438 -0.0193099309665969 0.141239547622172
-0.00660368410039881 -0.266655263792359 0.0602010638226468 0.127097767060728
0.146175738706055 -0.260271444132369 0.122364389707453 0.149123607289395
0.267138844495626 -0.153863233845845 0.124357593787941 0.224802420566367
0.4101561418528 0.00683370292611776 0.00999688243638788 0.336189847593209
0.287671957916412 0.327383024430107 -0.170856208809236 0.332981023735519
-0.0684314038708352 0.50866989608245 -0.243142332546889 0.138725439004803
-0.358038182673769 0.506160489317427 -0.133447228241681 0.085557553006714
-0.430957299634033 0.33323877387488 -0.0341035956017809 -0.145053827552615
-0.283862641671919 0.477085132516298 0.306235182562037 -0.0584720334700885
0.10581186711874 0.47750764801437 0.266878839447307 -0.34603738723681
0.424826878065525 0.219426521937528 -0.051994806814288 -0.430023305598733
0.388650721391902 -0.0723282820546235 -0.269569479799766 -0.229997069545282
0.256259000561165 -0.234840975486965 -0.219585994311871 -0.01197196843592
0.0739715528659842 -0.312521038395008 -0.0829001141792756 0.0376109484421806
-0.0132330193106632 -0.287860186411824 -0.0109667456334166 0.0286639433760457
-0.0148695185368001 -0.299142727756226 0.0705884228067018 0.0155293553282315
0.141538544185066 -0.28947359176518 0.156493251491575 0.0416804652868614
0.279333792257176 -0.185220458531628 0.198551946973841 0.138998630171465
0.444553259217168 -0.0141094092166658 0.106185698160766 0.294685148327007
0.310989623095083 0.330680988650247 -0.0789286276862331 0.33403750687969
-0.0652262637064065 0.508288185915631 -0.181011126746604 0.112701655008666
-0.369730770809756 0.492609430440095 0.0132980260691521 -0.0298829511625154
-0.426887158358381 0.239600488814598 0.183559750152992 -0.245063375051488
-0.352496131860084 0.405458963316956 0.408566703653465 -0.10933220360207
0.014380679246412 0.476194996383364 0.349431723477373 -0.293943002741833
0.379779429343819 0.269724340773788 0.0785924014104633 -0.38818610569864
0.386122624705337 -0.0341513549077099 -0.119765458467374 -0.269126008251902
0.263329003005896 -0.212441700730115 -0.124292178125506 -0.123595703223532
0.0869200836341291 -0.302460545191077 -0.044255875392191 -0.0876403360798884
-0.0100682555044082 -0.284300729164733 -0.00201497951219021 -0.0878990358078797
-0.0178439356461012 -0.291758065133255 0.0778624225718501 -0.0965131748825396
0.12438575903631 -0.279599041511728 0.180984198561671 -0.06352389031754
0.262391543403487 -0.181367973108635 0.25013937944776 0.0532234503232127
0.418943824025243 -0.00609966205167998 0.171772784031648 0.242611735474428
0.26771724879434 0.315351709397613 -0.0131010090084756 0.309340195659432
-0.0897249029472521 0.444867777560215 -0.132617057190668 0.0778028268778773
-0.351642316737744 0.399160901870327 0.139679009216797 -0.128724292072123
-0.330455977200694 0.112458368910192 0.380587880947211 -0.310804887883295
-0.320891742697279 0.255428773737151 0.487162276269412 -0.146495405690318
-0.0517978029605594 0.361269333476781 0.399505426226587 -0.23036525860339
0.266609798003714 0.237551993061223 0.178361027116788 -0.324543441282347
0.301080620723832 -0.0045911034841688 0.0117422826190109 -0.280382151078333
0.214970132056472 -0.157094070265016 -0.0356215971829014 -0.214339822024609
0.0776100470803186 -0.240524135805983 -0.0100221256070682 -0.195391171610374
-0.00730358118968892 -0.235515398174793 0.00672861937840748 -0.189464648926082
-0.0137223924037083 -0.245837216645789 0.08411914197148 -0.195953284542186
0.101808521164929 -0.232735954343203 0.201843325067785 -0.152715236409846
0.225196153904855 -0.14830025482121 0.292227138415431 -0.0124869521057586
0.346167973520758 0.0245141298512606 0.215723431175959 0.204395199259347
0.177788738022123 0.283619583247869 0.0296550434328587 0.280600223510515
-0.1252169829804 0.336330560416433 -0.0962871375560474 0.0482479064226078
-0.303997529938253 0.246215790650794 0.241518290010204 -0.192691938098087
-0.167875675609056 -0.0302134118996964 0.51285884438615 -0.339953943078736
-0.209960972170223 0.0739314537020713 0.516363825889665 -0.172586277682105
-0.071982878196745 0.180660592886249 0.414859557361955 -0.183939895736466
0.129117802465721 0.141410063782535 0.232867060056915 -0.280964591431151
0.166278580934295 0.00960179585179484 0.0881298973222666 -0.283584932217831
0.124974924367381 -0.0817617709502391 0.0168531301591098 -0.271938239162688
0.0502298156504708 -0.140874833575424 0.00689278638517023 -0.267561915111659
-0.00549832296153601 -0.149776755753458 0.0131215875639475 -0.262059089390497
-0.00669371582429621 -0.164526151300111 0.0931775749989793 -0.268952996434067
0.0705771581260101 -0.158850098486554 0.22859476026191 -0.214995591895885
0.168136620650574 -0.0993462218130197 0.334767834990877 -0.0500049783286565
0.240096852560655 0.0523528660361612 0.249883762902403 0.192951959371963
0.0690982325452144 0.223123944611266 0.0532972375676333 0.266087141467556
-0.146652316907704 0.194147952275465 -0.06943362023945 0.0368041014300886
-0.220274383334216 0.0620449173300914 0.312267976569696 -0.210295597474631
0.105511226842221 0.0788724671723354 -0.315347313177459 0.305935369405126
0.109711304014524 -0.0627110162799258 0.133086905596427 0.0660591559188543
-0.0134498970265843 -0.118373541435424 -0.0176079742987394 -0.312289650655726
-0.107914775555428 -0.0331131911133279 -0.313734635612024 -0.258776415405575
-0.062873500227748 0.0448784754662676 -0.447848341038218 0.0589647353684006
-0.0207768727296438 0.0420671543004953 -0.286213823516882 0.292772019031095
-0.0144524486039954 0.0488151910410561 -0.0904534274941177 0.337674102308167
-0.00523589414185459 0.0439194687294907 0.00305374843018279 0.31960372962308
-0.0263709786595154 0.0164918839029025 0.0379505614193036 0.309769880227779
-0.0273877548028454 -0.0145760210994259 0.0144698717465574 0.317850418682592
-0.0253556253119954 -0.0249201939053409 -0.0675685572223511 0.321972652515973
0.0119804056661322 -0.0667439887396454 -0.221972079981369 0.311240847178636
0.0944318058180813 -0.0184547780622498 -0.380819079173387 0.217960758337069
0.10207952046022 0.111758876636242 -0.499242572834899 0.130855623729632
0.0236208066206383 0.158044051644632 -0.531566939924601 0.342777808312029
-0.0253891574715146 0.23718654243812 -0.359004204291126 0.243556939318363
0.0813110684489683 0.122167204931244 0.126965230709828 0.0654260580066953
0.0943972088417671 0.00901650137847512 0.00643686272913145 -0.335745583928787
0.0540239375881652 -0.0324127585376094 -0.318562214416575 -0.303782110758666
0.0438608892277105 -0.0278478579313206 -0.474886607337397 0.0246101341546254
0.0345704822160235 -0.0614096393703314 -0.304691646514731 0.27928888956597
-0.0151007420642799 -0.0700973457753748 -0.100000219011103 0.325996183131531
-0.0173134643805778 -0.0665871676653565 -0.00133747292587734 0.301080746961509
-0.0148156758049329 -0.101172381623737 0.0506293638892028 0.287296034099209
0.0611872931547451 -0.11589550208755 0.0448955201099438 0.298621873312143
0.11124808087221 -0.0568967276107868 -0.0276813914244943 0.320605221643449
0.169304322127774 0.00177786965537908 -0.173304371539513 0.333305913822256
0.143539175296316 0.153605756097291 -0.330083886803262 0.260403905330603
-0.0053862897307506 0.296611663700849 -0.4136049766745 0.15336601405861
-0.154976622502041 0.325753973516891 -0.428308794423496 0.300729833540797
-0.178158371588711 0.351640951629996 -0.331470517795496 0.135778551293237
0.000346461960253566 0.310474604385103 0.153627803647904 0.0378183726719646
0.173524536114213 0.176948082152727 0.0621595734472212 -0.365527321496963
0.231485828752248 0.00741836784001571 -0.289976259331367 -0.365442683322443
0.175286270410556 -0.0894791424751475 -0.471058948564271 -0.042466133512488
0.107719520017677 -0.160555143704619 -0.309854192979472 0.223002839142887
-0.00204584339959179 -0.185670927459983 -0.105982710375827 0.267904677677185
-0.0290989392275816 -0.168668598827842 -0.00526167656595811 0.239981108844536
-0.0173203975932536 -0.200777411033153 0.0639733172575077 0.221332723794423
0.112056465372009 -0.209280598136609 0.0922928633986926 0.237369735978621
0.209145269120977 -0.116503608615167 0.0554865431020302 0.290109496510397
0.315489841241395 0.00680378033002326 -0.0774476740436574 0.353426319614627
0.233492783669672 0.264932426451116 -0.247169210621884 0.316470430788172
-0.0389806295787251 0.443093124221624 -0.320747965207058 0.16784280009313
-0.268768954788225 0.463113822608857 -0.283917774306512 0.215023519555512
-0.320728096876748 0.397700923476644 -0.223306627517751 -0.00185092401419006
-0.123240782467926 0.455005612564724 0.216025318422451 -0.0143283468172505
0.193563040804638 0.353532941081474 0.147481766813624 -0.38367941331875
0.37904851150257 0.0885547001196003 -0.209071310024443 -0.418603443162556
0.303653657219992 -0.118784199768799 -0.41454194604203 -0.13003715137762
0.184922140107653 -0.232542458680645 -0.285693361368484 0.126413576912621
0.0226830849188995 -0.277383401580429 -0.100718898547423 0.168598237331579
-0.035267767922358 -0.246204118622007 -0.00882667752695392 0.143906767567679
-0.0294149592333735 -0.268472499861166 0.0726748646520146 0.12451512899787
0.126127003959911 -0.277902257156543 0.135436386077403 0.142520225691002
0.258353473838975 -0.177239048719349 0.144244366677384 0.220459457974789
0.413801222602949 -0.0278981565708903 0.0346388005317151 0.339301766969631
0.315817510468256 0.308220783296345 -0.144510782214864 0.348617911049267
-0.029644651340029 0.518917278364384 -0.239463063014939 0.158332611199814
-0.322329245598654 0.53612109846 -0.132110417393118 0.0967108426828247
-0.409655538579672 0.369824569104465 -0.0442041679601747 -0.142453235094491
-0.250700464705535 0.505095766557844 0.30699984682622 -0.0798422904238728
0.142629678180839 0.472728960055965 0.246827055364817 -0.368667365718813
0.444385096617797 0.184341003106289 -0.0841279594363645 -0.431808953532942
0.387117051462456 -0.105556401076779 -0.294783213810086 -0.211052714163738
0.240960521725386 -0.259857094338747 -0.224093833812754 0.00404126524441
0.0489958623317036 -0.322381410369941 -0.0813721244191973 0.0429367739366827
-0.0365642341304208 -0.286937291043875 -0.0105540831302665 0.0290862309170252
-0.0404624305452161 -0.298481739502745 0.0737313742910198 0.0106953551752594
0.119429514730775 -0.305908624987884 0.161801785530467 0.0311202273264797
0.266966657015467 -0.210289605370564 0.21211101603509 0.12767789947459
0.446966673677411 -0.0520763458200415 0.12822311890158 0.289352106764086
0.338905111037478 0.311032213328241 -0.0517582586062262 0.342067550149638
-0.0284995133788393 0.51902231318416 -0.176611091016223 0.127631551006084
-0.3372669201741 0.523172802213155 0.00654450440745053 -0.0319849312038661
-0.411863940939538 0.275257949149804 0.167617705830227 -0.260805391938049
-0.324979141446904 0.43827737663854 0.406296225048443 -0.13892646728726
0.051385251818882 0.47993541160689 0.33290287733964 -0.321654870663633
0.402298706829807 0.239688924410475 0.0516426410467135 -0.398184084153994
0.387559413099215 -0.0669777141128708 -0.145007405990966 -0.26376247849916
0.25036967674169 -0.238128016165645 -0.136986583071434 -0.116778443337617
0.0620657057916251 -0.313072894508701 -0.0534893228426058 -0.0870572925267253
-0.033184539940372 -0.283308413369604 -0.0105541467062753 -0.0886014399042138
-0.0437651918351497 -0.290926778119077 0.0711509380666279 -0.102735377943328
0.102982583574947 -0.293467373755981 0.176220379838833 -0.0780797966791486
0.251127741089058 -0.205343420891859 0.258575269821086 0.0375227717023282
0.420564350448211 -0.0422562862677539 0.191090706402046 0.232663545041192
0.295454279810413 0.297797733239912 0.013091667779346 0.313041014034244
-0.0564643073841844 0.456719198235113 -0.130779233868237 0.0888823536004974
-0.324797905277417 0.42735315486702 0.126456040928151 -0.142779683621321
-0.32329679840763 0.13847032182901 0.36197288933151 -0.34238112489546
-0.304774881077788 0.282918998797434 0.480187731366861 -0.181633898529056
-0.0251702395075738 0.367484187176255 0.386768761114482 -0.260643826050809
0.285445211930717 0.216063246993079 0.156311507828747 -0.342416749818097
0.304136741030339 -0.0302468348567914 -0.0108475446351485 -0.286058236933039
0.204952765888488 -0.178141568417345 -0.0537747296213959 -0.215878487718461
0.0581092850395702 -0.249909527443767 -0.0286974502597886 -0.199953936875369
-0.0268418023421574 -0.234298520135404 -0.0107114626774848 -0.192431700921303
-0.0356186868878499 -0.244048470848619 0.0690769358448696 -0.204589288421803
0.0833621879096791 -0.24383125439886 0.191579956401945 -0.169815054604993
0.214994396140842 -0.168616817556108 0.295966280991271 -0.0329839070380521
0.351010300135997 -0.00602914642904127 0.23241203041594 0.1914078308976
0.201242230829975 0.273544873739407 0.0532835039971816 0.28059753567352
-0.101017158706548 0.348862980834616 -0.0955066113323539 0.056764255395067
-0.288133915640629 0.269025871076979 0.22440423534954 -0.215681948935142
-0.170964380928492 -0.0182229255631904 0.491499442698524 -0.382415250717392
-0.20577478954653 0.0895921858213067 0.507488579080909 -0.211565492035789
-0.0597028319119461 0.187255937559297 0.406634338980701 -0.215677072837419
0.13904726589877 0.131022581905957 0.21498795641452 -0.300828678264372
0.169546205012079 -0.00491739037024444 0.0679347165910052 -0.295992272928427
0.120100952281154 -0.0940647177601498 -0.00479126392351094 -0.278923320224045
0.0392433810205092 -0.146240300829213 -0.0179840938725272 -0.274667822976829
-0.0171927932010804 -0.148318534121856 -0.0112464786317463 -0.266517108852751
-0.0216846002273548 -0.16313859247828 0.0713314683044907 -0.279664090594658
0.0581385035432396 -0.165870621729901 0.213121277082852 -0.235181695742599
0.160750398663477 -0.114509762192185 0.336986553198559 -0.0747008297863869
0.245985961590248 0.0328465209126821 0.267268019874205 0.177057972375989
0.087980150956107 0.221932150569808 0.0744257531198825 0.264535448139532
-0.133836837684239 0.20572106370323 -0.0694334010909391 0.0426082903442447
-0.217566208524158 0.0784618368385585 0.295132155381342 -0.238892194458458
0.106740660471764 0.0676498833713926 -0.280943010853443 0.325197742791176
0.10305267470287 -0.0703433175824551 0.138335745180355 0.0540679491872435
-0.0214807377141916 -0.114971986138502 -0.0400975729553019 -0.30594955520455
-0.109897192490383 -0.0230745737100979 -0.328020978742679 -0.232790993953036
-0.0596280698648614 0.0485305701977494 -0.437440842718647 0.0953000617075626
-0.0182455077494326 0.0418943920756699 -0.25946631203076 0.312108559968718
-0.0104942309298201 0.0492075654419646 -0.0613174652868015 0.337547686374925
-0.00125003318707145 0.0425893705645066 0.031193091534758 0.313593357288759
-0.0243046775435632 0.0184496995547633 0.0651134928408877 0.302172763825433
-0.0289022895208891 -0.0132989243918851 0.041311186002048 0.312871306570592
-0.0255467000529198 -0.0215848213828819 -0.0425397285088372 0.32124781923939
0.00730748195662472 -0.0661162822455996 -0.194380647328298 0.322360264839902
0.0910452818912178 -0.0258617488605705 -0.358610096565828 0.239016323173411
0.110596347905319 0.101184952001454 -0.482583152113109 0.165815835338621
0.0337876483035527 0.151663797102859 -0.492454594553288 0.378231805903937
-0.00692066056265177 0.233601494942545 -0.329250061440308 0.268529856904455
0.0900793072944375 0.113580989555059 0.132724477495719 0.0541672472142101
0.0946255806642456 7.38445824899018E-05 -0.0184546039466208 -0.330804904473976
0.0484150281349171 -0.0366742662415222 -0.335811559833035 -0.274810054455132
0.0393550933153974 -0.0322225245588002 -0.466824341125989 0.0630002134396059
0.0276277574333994 -0.0647813293969253 -0.277924765790655 0.299498295041417
-0.0214284951800127 -0.0671634704208936 -0.0720293225078632 0.32690556095941
-0.0223484473300243 -0.0639530610799916 0.0247023029506692 0.296438555194098
-0.0238061119916885 -0.0983671170211921 0.0748335390786478 0.278944563089242
0.0492464213630273 -0.12054458944142 0.068905258015759 0.291720507209743
0.104450559545881 -0.0647267685313198 -0.000907135587415464 0.319263899968323
0.16658042353275 -0.0123734228391834 -0.144766697373796 0.340445460825611
0.152877227950373 0.139543249154177 -0.304082847666208 0.278192585969979
0.0187597834591961 0.292404117454035 -0.397325947087457 0.181470376787344
-0.127859047741591 0.329061276411211 -0.396971700710787 0.329976679961798
-0.146326488817612 0.358767961962831 -0.311944897367828 0.16061515414382
0.0257011519627297 0.305113474240543 0.157086482969972 0.0257279502762941
0.185171620788117 0.158026660529874 0.0339611346834419 -0.364916907568108
0.224749251420455 -0.0138450054111866 -0.3122483721052 -0.337342382114665
0.163030008403285 -0.104415446756747 -0.470148745546101 -0.00211785892186094
0.0909275776841129 -0.168080424302691 -0.287482272252574 0.244416013519475
-0.0184958040376139 -0.181611576965876 -0.0825618167890194 0.270289850133123
-0.0416058837589773 -0.161587691345715 0.0150199983974656 0.235644795252239
-0.0353547084717449 -0.19426206795081 0.0829244776767221 0.212337549635586
0.0912351887273547 -0.217117530143734 0.111247522529278 0.227348479495471
0.195524102661299 -0.131248265500102 0.0795681793891198 0.282494620364457
0.309233970703526 -0.0207210664465483 -0.0483207016464662 0.353259952139566
0.2495828296114 0.241152167062683 -0.216401081051993 0.326755544506027
-0.00272661269195484 0.439405951244237 -0.305291140755094 0.188615834929068
-0.229919519945755 0.470867956565447 -0.264343993109513 0.235203141432981
-0.281931382215444 0.415124654506586 -0.217201477917112 0.0171755163116588
-0.0836699213999747 0.458540655216321 0.213060765812789 -0.028304874060238
0.218133097736467 0.328948873428459 0.117055511917011 -0.386676211022234
0.376469400613249 0.053803641622293 -0.237625797960171 -0.395346231165604
0.287310518830837 -0.144001261061866 -0.420649274837973 -0.0922621905150037
0.16205916144609 -0.246634291441159 -0.272377208229461 0.147597353933358
-0.00194902560361259 -0.272800847798052 -0.0858289797907014 0.172459886126066
-0.0552325013355068 -0.236341778969211 0.00251777170056136 0.141909221093088
-0.0530714394410305 -0.259079860830289 0.0826128260897873 0.116246059844603
0.100012348774361 -0.28512163100597 0.144882236740998 0.130556056825747
0.23883503685277 -0.195226956841352 0.161454406082353 0.20720558788354
0.401998228005711 -0.0635999266613958 0.0590716333604295 0.330209889020196
0.335010358697067 0.276005970962131 -0.113259856411714 0.350195795246058
0.0120047111231616 0.512763048756573 -0.225595352091708 0.173476935753543
-0.275517134443318 0.548115937868588 -0.125411401605743 0.106057866149361
-0.370109239740496 0.394862478351486 -0.0538621810190694 -0.135854049636577
-0.206133010285427 0.516212865265987 0.296149430020865 -0.0999494033241567
0.17696248553286 0.449767735035719 0.214326435614272 -0.379840670642419
0.447002047902278 0.142448718340691 -0.115498120867004 -0.417385323643697
0.369895474460281 -0.138790705123918 -0.310901249047624 -0.181536406687889
0.215199157571414 -0.277889149664385 -0.221108679717167 0.0216531576610849
0.019740926441292 -0.320823139888019 -0.078457755567324 0.0469579440496584
-0.059386373367775 -0.275819438645374 -0.00933596180759534 0.0296248156878379
-0.0659163635961238 -0.287234768830316 0.0742741636195925 0.0051439543746302
0.0904250592198446 -0.311928083138524 0.160535356297328 0.0193592816334979
0.245092028674651 -0.228742300681931 0.220745448727282 0.110218797700601
0.432895402561972 -0.0922480779341942 0.147633151404635 0.275161017354896
0.358748476319322 0.276522046754887 -0.0218668973783625 0.33728414405473
0.0131813973119275 0.512936150747001 -0.166139956216305 0.139642832859547
-0.289150918754524 0.535180250872841 -0.000807471826973262 -0.0319722627878515
-0.379891263102052 0.300825276509849 0.144193385248336 -0.268160549834883
-0.284053570082054 0.455501414866249 0.386507851452931 -0.164919168876154
0.0860364008047411 0.463717733668499 0.302771655695221 -0.338816279438245
0.411491280342665 0.199266449818966 0.0205468152220194 -0.395050623506074
0.374057384466865 -0.10013082238716 -0.167085041143215 -0.245931418653814
0.225880262143869 -0.256759003644284 -0.145599543972777 -0.105156124783811
0.0336313170261719 -0.312897572060265 -0.0618851204977147 -0.0834520030783569
-0.0558435965438268 -0.27250874956779 -0.0201602390029948 -0.0864596824740484
-0.0681733377136956 -0.278376672722448 0.0611463620032128 -0.10677406805297
0.0754152076421426 -0.298063994076618 0.166289613770427 -0.0890237328959019
0.229194191267444 -0.222080090146909 0.259051818919087 0.0179318955880112
0.408369254935913 -0.0792551059497383 0.204887200248305 0.214599310010094
0.314391900361197 0.268626520827874 0.0391934893835408 0.3046893221984
-0.0184365681528082 0.452829266135369 -0.123588643439356 0.0981625368018191
-0.283885391378567 0.440848212043791 0.106655480577542 -0.150900865049525
-0.304688032753493 0.161385909933555 0.328600810090248 -0.362585856628607
-0.276507981762847 0.301664387723726 0.455441285402317 -0.21310044181343
0.00340859354525512 0.361689372767377 0.360434352601209 -0.28264690267119
0.295282244221071 0.186345963935074 0.127326871569594 -0.346257072609788
0.296841597492981 -0.0570492393887086 -0.0360593104003167 -0.279698911504622
0.186264432642806 -0.193249138804245 -0.0708159710213099 -0.209107388409319
0.0354926116530769 -0.250264473174387 -0.048032755722885 -0.195715666491931
-0.0449968021140491 -0.224611284127271 -0.0294770211817661 -0.188563024637587
-0.0564336996708186 -0.232576222340852 0.0501695888039188 -0.206896821220782
0.0603790727274446 -0.246718399231226 0.17379423129726 -0.18112121376734
0.197184122080896 -0.182544249287574 0.289904111680882 -0.0546901558991667
0.34268848063763 -0.037475200371991 0.24192050877742 0.171058431794093
0.220831966377315 0.251656877704751 0.0753903726483897 0.269920503276525
-0.0719262299192699 0.349130715948755 -0.0908907860284124 0.0640954534132882
-0.261145459990436 0.285870871559381 0.197807853637901 -0.23123146837565
-0.167948483539242 -0.005169551989933 0.450308773081636 -0.413044665678326
-0.193689075791145 0.103501294979889 0.479100747323975 -0.243952514480531
-0.0442515505712759 0.187109578341412 0.384640605770124 -0.240188155508956
0.144181539187261 0.1154147587921 0.188236072495035 -0.310434023891332
0.166232834952968 -0.0196764092846354 0.0425395237921847 -0.297406489294077
0.110287177525161 -0.10255503109342 -0.0286511379426816 -0.275749126632167
0.0259430380790182 -0.146748590621396 -0.0436642026447818 -0.270047765146019
-0.0281405741356317 -0.141888230863724 -0.0349885113372014 -0.260367683091228
-0.0348829853987832 -0.15489539582101 0.0456757681265695 -0.280741362482512
0.042917228441559 -0.167293052252184 0.189963363736596 -0.247180910942541
0.147681619988029 -0.124786553665386 0.325689339246613 -0.0992805360869485
0.241874170110404 0.0104479004752595 0.275484092700153 0.153992811100606
0.104758829746393 0.210811031404442 0.0946387615746148 0.253826785815471
-0.115711981415736 0.211853288906629 -0.0661108047960005 0.0484026623719797
-0.207218615084905 0.0919141802128879 0.264659583825328 -0.259201456331109
0.103792433058571 0.0581697647596914 -0.248020315886415 0.326962080954139
0.0951238045952536 -0.0731916299284103 0.138560630308352 0.0439117477976592
-0.0263118208360305 -0.109191029909265 -0.0551914444539932 -0.293057847382973
-0.107363078115045 -0.0144935308728294 -0.328752015421164 -0.208171139449673
-0.0554571374133324 0.0496323514337074 -0.415566638479492 0.117499244714195
-0.0169694291853901 0.041243703512125 -0.232372312516427 0.317003197992821
-0.00782201033375658 0.0481295722589179 -0.0398605305087681 0.327120897545079
0.00150110098165188 0.039754060163847 0.050991056226715 0.300120902753464
-0.0228030294770683 0.0185732263887283 0.0833156737724742 0.287688194649785
-0.0298221830864998 -0.0116404432658414 0.0595895860551245 0.29977748804168
-0.0247139878905122 -0.0184974036750811 -0.023366888255363 0.311778413210546
0.00317892687291101 -0.0639184606184569 -0.168661700105955 0.3196106296549
0.0856430729061774 -0.0294638227081387 -0.333406161300247 0.24608183015345
0.113759991008532 0.0909626967501776 -0.457395491867789 0.184324859206194
0.0381230202216683 0.142987528778632 -0.449605032177366 0.393176545198342
0.00560932595173218 0.223997995011139 -0.297593260677431 0.276496811427841
0.0934487456454278 0.103861692774437 0.133770275142049 0.0447968684028281
0.0915458382812038 -0.00656008964195037 -0.0356294705058343 -0.318652989214148
0.0431993450305521 -0.0383940576677014 -0.338635827325397 -0.248091296592829
0.0342348930352508 -0.0346791066277017 -0.446454533103962 0.0896494628281118
0.0215246009102958 -0.0646725851095907 -0.251067508595197 0.304993012417443
-0.025388657101106 -0.0627256218879084 -0.050189302805105 0.318035806974271
-0.0250972839565241 -0.0604050473788981 0.0432515855350982 0.284162422472665
-0.0301958214769171 -0.0929116081707571 0.0911313387491576 0.264535190341119
0.0391329302847659 -0.120802028916966 0.0843989381365911 0.277844802856609
0.0981096022609906 -0.0685369932713986 0.0174217855810886 0.307856002447486
0.159192966121395 -0.0220018487938693 -0.120985511149638 0.334529690993154
0.154090596520648 0.12561515565628 -0.277124724386381 0.279759574556956
0.0360646058453086 0.279438707965207 -0.374903877083841 0.194961913547677
-0.105637796760998 0.321486428573631 -0.362637543875735 0.341000332465193
-0.11910428738767 0.350689390720506 -0.287321737945534 0.172082332728157
0.0426371477140396 0.292128354186299 0.154899815532139 0.0172765658357678
0.186915973385918 0.139000320426025 0.0134898986765034 -0.352869090908566
0.212483302827225 -0.0275233932092654 -0.319699988462796 -0.307516620491174
0.147815116176149 -0.111798095409874 -0.454681865017104 0.0295877500739413
0.0763453112662186 -0.16967426446219 -0.263403007946747 0.25302946120704
-0.029977039416363 -0.172989855436735 -0.0641581544399498 0.263731970956362
-0.0495292748391706 -0.152214799000946 0.02885710001927 0.226979411154992
-0.0476098569036853 -0.183759835753971 0.0949007490542853 0.200139751219538
0.0731654043610067 -0.216288746598747 0.120986317695877 0.213989948225865
0.181469806336947 -0.138257929304379 0.0930918854900856 0.268220266193975
0.295066583909716 -0.0399344395468355 -0.0283834652729617 0.342660753103147
0.254275784966832 0.217079643950216 -0.190459417032918 0.322710030194923
0.0228781236675947 0.421509233151918 -0.286196151312983 0.198294061683256
-0.194641221948159 0.463533038315179 -0.241520113850387 0.242524562679385
-0.243865182707838 0.412712133235699 -0.205605475972418 0.0301785699709896
-0.0538597970097814 0.445489656245651 0.205178402584517 -0.0366751909784176
0.227761839545238 0.300359418960754 0.0918488356059295 -0.378460630796615
0.361567246964341 0.0277690111197582 -0.24993904399415 -0.365957889502987
0.266025879593403 -0.158061150910854 -0.412871094092252 -0.0598195932819343
0.140437823344142 -0.249185925421667 -0.253993882210146 0.157991969838804
-0.0197903888945051 -0.261999506339485 -0.074147290656891 0.169737027162925
-0.0661970400754181 -0.222625406848657 0.0103956187051157 0.136762772374104
-0.068167580098117 -0.244004373315248 0.0884365171201494 0.106991060733215
0.0775572554807084 -0.282767347909145 0.147628147483234 0.118990422707938
0.218895287574799 -0.202867241130323 0.168916529515247 0.191619883208564
0.380914903111646 -0.0875595982782675 0.0746248005357049 0.314104725850318
0.336154201644753 0.244865469089377 -0.0875073520632654 0.340651680611625
0.0407979577964159 0.493400107466144 -0.209685304211951 0.180196141328061
-0.234122675879731 0.536395101700627 -0.118169303163295 0.11005070909557
-0.331593815489046 0.397876563139497 -0.0583563666881399 -0.125646068316505
-0.166958857173434 0.508312016574863 0.279201956389799 -0.109309024309879
0.195774364561263 0.420691849808697 0.185968993024136 -0.375745498131606
0.434499779385742 0.108591493449735 -0.133408833766999 -0.393917899418936
0.346275627160951 -0.158255797954618 -0.311372338200967 -0.152486267565393
0.189123360548615 -0.283470193498653 -0.212153524132761 0.0336411609073745
-0.00279213727281315 -0.309167389616726 -0.0745867670755549 0.0490262875455924
-0.073371120151914 -0.259574782203474 -0.00912653877351081 0.0288460991434086
-0.0822973554500889 -0.269493443961296 0.0722368435538093 0.000747556937937197
0.0671382699198677 -0.30737906769953 0.156165154318559 0.0102451046576928
0.22291097875103 -0.235171272134495 0.220857653688907 0.0950634400678485
0.408605942373786 -0.116858170187164 0.155688074418059 0.257651951040872
0.361019206961496 0.245085619137599 -0.000994932992266973 0.322713654500918
0.0432421298336168 0.491808111516046 -0.153881952412704 0.143900639781496
-0.247563358296707 0.525469496604503 -0.0068986972315567 -0.0295298903827763
-0.346844411208383 0.310182625107611 0.12406357454725 -0.263408426295242
-0.245946471340137 0.455246463615257 0.361138560056093 -0.176352719457816
0.108414926675329 0.438796584249805 0.272984847182802 -0.340255678627692
0.403948128726911 0.165350259900536 -0.0016590363523407 -0.379145208953377
0.352610641292487 -0.12197975484875 -0.175786763335364 -0.224198484018476
0.201430687245413 -0.263448031356108 -0.146972334324937 -0.0932955464116298
0.0128457045923913 -0.302107404357198 -0.068178019276859 -0.0775664939957343
-0.0691080884076491 -0.256222049976421 -0.0275370570832801 -0.081846323799595
-0.0822718683361486 -0.260152058647258 0.0521511355178162 -0.106111141524031
0.0532782709678701 -0.29139035978577 0.154818790056952 -0.0939576491697296
0.207009224745573 -0.227839477042133 0.25196547985531 0.00276077183821227
0.385605896434012 -0.103797001758965 0.207824734942409 0.196234609257566
0.318190508880054 0.238595437255848 0.0559115345696127 0.287096696800771
0.00748745723548382 0.436269187341843 -0.11477971426893 0.102447599508221
-0.247505561815047 0.437162957526961 0.0887259835374613 -0.150799969527172
-0.280994598597855 0.170235032443726 0.294202287766472 -0.36592844098534
-0.248834873039506 0.305295909602302 0.423691822286492 -0.226558013049299
0.0236925521215457 0.344988548011949 0.333123796602152 -0.288649122851493
0.290579370302137 0.161201658850242 0.104713722440189 -0.33857461416434
0.281552399519097 -0.0750034782550802 -0.0510801050849598 -0.26577301433029
0.166926533718098 -0.199364691371653 -0.081637563685858 -0.198536293200454
0.0177806380470823 -0.242562408431881 -0.0614313166925369 -0.186577270538892
-0.0560690225623853 -0.211620527919322 -0.0427642665795107 -0.178703708035114
-0.0682949146098295 -0.217414196301395 0.0343553642526149 -0.200871577003573
0.0418365933900364 -0.240868553064505 0.155696514193602 -0.182787293305173
0.178240679461054 -0.187802084163265 0.2773895835418 -0.0683743729380888
0.324843006229701 -0.058714935515738 0.241902951717873 0.152643128248863
0.227846255692847 0.228388308193807 0.0888954103207467 0.253978576743079
-0.0495454019101359 0.33992505769499 -0.0851057428071706 0.0672548346624814
-0.234365836962284 0.286884890678474 0.171029830468506 -0.233890061896574
-0.159984074955131 0.00374872415323265 0.410004001914305 -0.4203687078955
-0.179955864504796 0.109765609166258 0.444419193205051 -0.257035215106229
-0.0331525490231717 0.181959492085604 0.358053300059954 -0.248765292300654
0.143572180785816 0.100932607509234 0.165351103387482 -0.308081928823215
0.158559842736904 -0.0308709647292633 0.0239494148535041 -0.288677992887678
0.0993515760645499 -0.106595165623817 -0.0448571089587488 -0.266189748571916
0.0162274154412627 -0.142036598373041 -0.0629681416781284 -0.258288731336573
-0.0350475871758761 -0.132005750858393 -0.0533013222318272 -0.247335808450933
-0.0420039370379406 -0.143619052090949 0.0251425480508216 -0.27163494126999
0.0301374153647523 -0.162801403886274 0.167254274629567 -0.247471314303996
0.133641314852329 -0.12808015213345 0.30831700193812 -0.113736975014864
0.231961382536698 -0.00611356774390215 0.272843146951589 0.134521853871701
0.113190941878352 0.196139806248621 0.105840365840395 0.23811525216258
-0.0998193520244824 0.209527086814518 -0.0623220419501691 0.0503706069672991
-0.193391976066668 0.099523182507269 0.233459831758459 -0.264754898614217
0.101298109619037 0.0625587421043377 -0.243461560181742 0.304974217787029
0.0945261546471497 -0.0691830565340594 0.132484403789767 0.0431472890048071
-0.0237108134226097 -0.106294511750259 -0.0476553564041691 -0.282372090213773
-0.102679274482689 -0.0125869124020015 -0.315501320242121 -0.206040816005004
-0.0526129417753421 0.0498577291572966 -0.399868847912156 0.110090216736265
-0.0163976408980803 0.0403217995211813 -0.22634133672198 0.300745090361029
-0.0092540447251567 0.0499008857981678 -0.0417260872315177 0.315276731749545
0.000271364444213545 0.0392879848617708 0.0508916414918943 0.28964823706282
-0.0225169219931632 0.0197709229893987 0.0817253653256777 0.27837408250117
-0.0284675627901185 -0.0106417821649604 0.0573299087871995 0.290498338343472
-0.0212251295707584 -0.0161321545870615 -0.0272388472012015 0.299441249744628
0.00284769871214437 -0.0548506350906292 -0.166564130319217 0.300332128830723
0.0783824061951881 -0.0234752993685421 -0.322996887655413 0.223024448967063
0.102690421526939 0.0905048422383432 -0.447658690156926 0.166720583906279
0.0327213082100392 0.143894320410325 -0.446665931269016 0.362553797807286
-0.000526065343051683 0.220801723947695 -0.283847856923232 0.259897794205727
0.0867814427906216 0.103028484729087 0.133720236948987 0.0434081406667317
0.0864363306631248 -0.00326686196952894 -0.0236021020989201 -0.309982120387378
0.0403894159646762 -0.031675251793114 -0.320280182158969 -0.249692201399227
0.0356845742857052 -0.0287158880613067 -0.429251342453457 0.079340023108121
0.0224688664590108 -0.0621130336287897 -0.246145482089512 0.286975994835765
-0.0244649481740414 -0.0582100952718692 -0.0542724859318453 0.30315479776704
-0.023004242483912 -0.0597564365779496 0.0418618533217247 0.272989721685648
-0.0286218821246625 -0.0889414100472994 0.0903679004028101 0.255078546385241
0.0391844981177192 -0.118109174019685 0.0837147697972365 0.268967064611999
0.100062175954276 -0.0639766388153031 0.0157677125218033 0.298610668316337
0.152790454323469 -0.0136685369249931 -0.116351914219312 0.322655404335828
0.142486273468555 0.128251164817067 -0.273072261137917 0.262749218384378
0.0258554048751903 0.273376132503942 -0.375048684565735 0.179398680192063
-0.105680024189391 0.314978195398912 -0.368520549630624 0.313402246732714
-0.128604627706069 0.339928203211718 -0.268812089985698 0.167138028403838
0.0307048810944485 0.28325764987636 0.160230449082202 0.0196682420091843
0.172278398842972 0.140787643030595 0.0299510104524679 -0.344848259592795
0.200480190384261 -0.0177650155624549 -0.294994970600968 -0.311517090020677
0.147099105478341 -0.100231494800715 -0.435687957453895 0.0155731252659905
0.0778659847275073 -0.162564673250373 -0.258488768039999 0.23314033182101
-0.0260187071155544 -0.165005410587471 -0.0694215549951137 0.249040517691494
-0.0449017897890979 -0.150201123849624 0.0268236427622958 0.216776489466924
-0.0438836534428377 -0.177140788085534 0.0941763309443488 0.191336834714949
0.072975072754315 -0.212460041526323 0.120818055931641 0.20665483632011
0.182818514615815 -0.132763645230322 0.0937768906243645 0.26416039483202
0.284700534537828 -0.0300020965481311 -0.0223952790322413 0.335977024635387
0.239210800875264 0.220470774987886 -0.191490105933078 0.310676547672773
0.0131157969782976 0.412349398370861 -0.294113891760825 0.184633121094769
-0.190721086286744 0.450106142995904 -0.254599172029755 0.220550571969854
-0.254650141232304 0.395830285148789 -0.185068017140936 0.0391885991949189
-0.0698565009278041 0.428570804906325 0.213845803659466 -0.0275737813330836
0.205257914081641 0.299218289605335 0.113239411946217 -0.365882267971114
0.340433411947413 0.0380760390307573 -0.221741170862149 -0.368658853474264
0.259800012781682 -0.142005451444491 -0.394071401109691 -0.0737844449331849
0.140787628202888 -0.239686315733583 -0.24867830588595 0.139648188210585
-0.0144158103208915 -0.252037764135303 -0.0799968504928028 0.157330254360916
-0.0596137044484499 -0.21942287296474 0.00764719532435518 0.130070873755518
-0.0627780525932777 -0.236430740842985 0.0879302437918654 0.102386875443247
0.0780762292636224 -0.277883210663233 0.148215640316094 0.114779424930442
0.219443296593642 -0.19726528863866 0.171472211871857 0.191071241757859
0.369183886873932 -0.076780428318489 0.0806337520920699 0.313465470772704
0.321679453730309 0.24967426886115 -0.0928560342189613 0.33276159881048
0.0296403553399609 0.481594691398313 -0.22105068633352 0.170651344522391
-0.226651666641876 0.519182280747234 -0.135603722946989 0.098875980467437
-0.340932440500287 0.374893945051048 -0.0403597445786713 -0.102888769495382
-0.184994168495712 0.484716103107944 0.288327366239007 -0.0910058074753903
0.16797436816054 0.41372595934824 0.208418799002799 -0.358021141854566
0.406577846802312 0.116135455009454 -0.102625312465938 -0.391692071799898
0.334813217283834 -0.140604968658499 -0.294473245329926 -0.164498119115883
0.188584029727078 -0.270918065109653 -0.207091395797523 0.0201041778905195
0.00380692890038607 -0.298631235941303 -0.0809360168328943 0.0400754446123052
-0.065168052874827 -0.256229026237489 -0.0119204623744685 0.0258639443362351
-0.0765871890862841 -0.26144969108064 0.0731077198916449 -0.00155574991903789
0.0677100271961547 -0.302057122916011 0.156387032374689 0.0103299980652819
0.223477287585069 -0.228555848802452 0.223688062332504 0.0987870004050244
0.395739493298326 -0.106050531280093 0.163091368119408 0.259254077457849
0.346551690352457 0.249152931283081 -0.00831261401623427 0.319857384575902
0.0325828683012462 0.479996339481895 -0.166742289706899 0.137698391872149
-0.239567410055227 0.507598017156326 -0.0258492299164361 -0.0319316795267744
-0.355422373639629 0.287747459337191 0.13559130358374 -0.231473005818124
-0.261380837927826 0.430651249748323 0.366367468278462 -0.150893936644104
0.0822518746960501 0.427149221796696 0.291316850295752 -0.317639991741067
0.373675120451975 0.168602593241955 0.0244987301947248 -0.371940652549402
0.339766553816861 -0.106056622615031 -0.161361311625663 -0.231713026624908
0.198748295407422 -0.251676297362594 -0.141908891921007 -0.100857206739853
0.0174554318300469 -0.293375573994654 -0.0732950918545777 -0.0821469630316102
-0.0618256104684716 -0.25216711772847 -0.0298843999105272 -0.0801778418545816
-0.0781014967456854 -0.253028587575863 0.0530164673988871 -0.104294448660073
0.0535677995032074 -0.287027116042671 0.155160181157788 -0.0901879594517996
0.207297704559983 -0.222606297539146 0.254207896852501 0.00971399221161107
0.37553290597316 -0.0957717294715817 0.212644287189363 0.202152246194557
0.306647303151225 0.240263473982213 0.0463255157233571 0.287043369682666
0.000112109758293904 0.423945789677605 -0.126483037721491 0.0977662994953308
-0.239166335415041 0.417867384745666 0.0716297570058237 -0.145104843926318
-0.287481921453775 0.153097923033212 0.297859904351141 -0.328879430732124
-0.257763468471846 0.284309844475753 0.422472209255147 -0.195962137756056
0.00355133776453004 0.331674787523656 0.342651631812284 -0.262641506604073
0.266787171130617 0.160686150496735 0.123006558052933 -0.327054960026686
0.268928193037093 -0.063370011507546 -0.0410509424053315 -0.26658609334862
0.163486914047252 -0.190014052800649 -0.0777903296202307 -0.199080711737813
0.0222446152473979 -0.23610453546111 -0.0661877681410844 -0.186575214737421
-0.0491812157200861 -0.208163335148414 -0.0446511966039925 -0.173830536263721
-0.0635966544735191 -0.211785474173562 0.0351935104224656 -0.194770333984215
0.0429391780766772 -0.237607920209248 0.154743231749737 -0.17590310087237
0.178009777080392 -0.183562981300208 0.276861966236024 -0.0598559085319132
0.316335022648146 -0.0530133354609761 0.242448673359294 0.160711387595962
0.218699644062938 0.228703074174925 0.0766663601693501 0.253999777603958
-0.0542009324311493 0.32993188053806 -0.0940595673825318 0.0626536529885029
-0.225664974073933 0.272033048614973 0.156290975997548 -0.221985426475172
-0.163185617646321 -0.0062567410481099 0.405479130322696 -0.386333822903915
-0.183714659675755 0.0954716063775052 0.436064118297985 -0.226394629183979
-0.0437055496626697 0.171916427510715 0.358080295701064 -0.222455900874096
0.127958891393076 0.0999707691279454 0.17442775890327 -0.292114235639416
0.14962922367883 -0.0254147796872498 0.0296595774947928 -0.284163554880334
0.0958858807292409 -0.100654318215799 -0.0409050781288967 -0.260399210483678
0.0188609453319396 -0.139330854212274 -0.0647292779238389 -0.253229878129603
-0.0295300880247869 -0.130049872225553 -0.0544589467105376 -0.238431769950883
-0.0388250671266758 -0.140661921465761 0.0252115305708693 -0.261837659561444
0.0307190266003855 -0.160322759412155 0.164251215443794 -0.237609008099632
0.133069684965471 -0.125945186741097 0.304674991830086 -0.102594175071651
0.227390619965253 -0.00313716505711941 0.269696597418888 0.142925933419969
0.108215062123551 0.196026604393785 0.0921463943136533 0.236468494814992
-0.101163448810213 0.201404562350682 -0.0682688964456037 0.0452705216598183
-0.185360549710619 0.0912232543114767 0.222250802917044 -0.25061028807536
0.0983234953916725 0.0609414849094049 -0.233556838692175 0.30230230228743
0.0926559921601021 -0.0685487757783433 0.134362121363784 0.040563359812016
-0.0243459921635315 -0.105090482491833 -0.0489758131717061 -0.279203779368146
-0.101798862813887 -0.00992302380836357 -0.314737495269696 -0.203576854768286
-0.052089860893684 0.050994136960927 -0.394134041460504 0.11391807180753
-0.0179902348155702 0.0411462345580808 -0.219514669682318 0.301949176546745
-0.00838188214599087 0.049604331893321 -0.0369905581377381 0.312414550049013
0.000537846195826242 0.0376200847796128 0.0573724936466631 0.28598106813326
-0.0225494465288971 0.019304440057827 0.0873437918526603 0.275041677212187
-0.0291191254538602 -0.0109323890075381 0.0608695983217217 0.28747918083157
-0.0196241509205386 -0.0157649833156837 -0.0248073560880407 0.297185758085708
0.00216948764752592 -0.0536566083249009 -0.161627332315385 0.296676706391129
0.0765182333932934 -0.0234608846125258 -0.320104918251657 0.219862621772049
0.103059160373915 0.0874223280611187 -0.44225065377695 0.167531716392592
0.0306837238130272 0.142015802029927 -0.436790976350139 0.362943044042148
0.00120792847749897 0.216513327360989 -0.27495898813353 0.259345723716039
0.0872298880177546 0.101003287189885 0.135526729590931 0.0421868085227412
0.0852631433540076 -0.00604617250765628 -0.0254677711665972 -0.306111042337603
0.0387023975041647 -0.0317530607977335 -0.319544290944385 -0.246388833366693
0.0331245516597784 -0.02886993783197 -0.423484076539635 0.0856046008267682
0.0191550714829755 -0.0615027678436092 -0.24037249891135 0.287279021328858
-0.0249224718189282 -0.0562976264067709 -0.0495778183672619 0.300688993558814
-0.0242873361031871 -0.0589218313172421 0.0473129534750891 0.269567763394902
-0.0299672112718539 -0.0871823868307047 0.0948050384219154 0.251093982100178
0.0357057223813568 -0.118652454964817 0.0871308679814517 0.266510327409605
0.0993577152506909 -0.0654737499306026 0.0185627481201509 0.296235531654454
0.150523481345296 -0.0153478873494725 -0.112324959199235 0.31873016975689
0.14239715602996 0.125798332646222 -0.269735923726021 0.258213578893145
0.0287691903602302 0.269373401756816 -0.371129638132609 0.179364590293691
-0.103855875027155 0.311208979400455 -0.36070945861377 0.313676258183058
-0.122087148319729 0.334388522667463 -0.261437601573565 0.169163357953579
0.0341583126552827 0.279638017126572 0.161325128146991 0.0196844763228047
0.171531441144406 0.134140821130183 0.0281690629323699 -0.339607883025582
0.196152677293186 -0.0212070489389986 -0.293571915305322 -0.30555280429855
0.14152084298047 -0.101809302179928 -0.429885132915775 0.0234686816229128
0.072455589816416 -0.163144318903066 -0.253404989975152 0.234504325733587
-0.0283450711983451 -0.162257399577137 -0.0664008166850451 0.246967840975054
-0.0465321826267737 -0.147799378946991 0.0301631922239258 0.215351430743632
-0.0467354388846296 -0.173901586410799 0.0972084735796219 0.188534292072443
0.0677859652517911 -0.213060179353488 0.123204526550469 0.204703261172911
0.179537598470883 -0.134333658925488 0.0969060458739334 0.260838721355473
0.279590778348494 -0.0343770784073462 -0.0204968330590441 0.332595937407914
0.238642899693808 0.214044043391573 -0.187274411250564 0.305795543979155
0.0169231720369198 0.407282551699486 -0.290615621711516 0.184537706847477
-0.185744954182307 0.443942345982097 -0.25091713991998 0.221434708179275
-0.244739573108947 0.389747785632403 -0.18071325906231 0.0425121030298016
-0.0636417505801516 0.423866875451622 0.213043885462192 -0.0260856781373377
0.205517687862582 0.289818061839921 0.109499739147656 -0.36061589709249
0.333848416496213 0.0313527842448823 -0.220821769391223 -0.362825575739048
0.25222491541414 -0.145115494511204 -0.389678971626375 -0.0646406543136701
0.132996445441039 -0.24072018487455 -0.244708848164803 0.141201835263056
-0.0186854298060036 -0.248837133832549 -0.0783186092505499 0.156800198346322
-0.0618743568810504 -0.214850509074868 0.00880640394741445 0.130403886725174
-0.0666154714262284 -0.230819360303771 0.0895573751727698 0.0997538101245187
0.0710105904647632 -0.2774553652891 0.148248386344934 0.113269479934727
0.215281953321326 -0.197909574116566 0.172756694037552 0.187352230018562
0.362669911092939 -0.0831735885921594 0.0821333092402726 0.309732906327344
0.320341650240933 0.242517357680651 -0.089557744178055 0.327194667009952
0.0351771258559299 0.475003955189565 -0.218960293232311 0.170692425158721
-0.222795088030046 0.512424769948952 -0.135088731768928 0.0995182370106381
-0.330980518062341 0.369833388478719 -0.0399277653823775 -0.0991956156839923
-0.17610595244195 0.481129525494614 0.284911003963381 -0.0885180615459473
0.169888561667093 0.403984984056049 0.205073928911519 -0.352618273805834
0.400575729358984 0.107988328490938 -0.104129199441062 -0.386097267620072
0.327445763312123 -0.145812655570516 -0.291964718256133 -0.155503500779702
0.18003107969949 -0.273636931300847 -0.20499170446936 0.0222838559209892
-0.00211328866489614 -0.295544842300998 -0.0819254922912693 0.0405338181001597
-0.0678479742811885 -0.2505387975499 -0.0132849472090213 0.0277254554072963
-0.0794058828410135 -0.254902931695563 0.0721934037630336 -0.00210184396902667
0.0606376803870634 -0.301110462032555 0.156033588633125 0.00980116040584876
0.218317274941813 -0.23034482574358 0.224130673886195 0.0956853291369801
0.388505248885177 -0.112988146466103 0.162911776774419 0.256416165585371
0.346209464954846 0.240891959077022 -0.00571680752067231 0.31327020119141
0.0376635032504455 0.474047222391798 -0.164432167379824 0.13859278375437
-0.232945908075098 0.499956900989111 -0.0293092804550202 -0.0307984601207726
-0.344725098789669 0.283099331846991 0.132313277121589 -0.227676009638933
-0.25256316254692 0.428148301047331 0.360669691767566 -0.148120623900646
0.0857505188091209 0.419605411111639 0.286458408647821 -0.312037740766351
0.369027707683309 0.161629567167204 0.0226102503406276 -0.366238092822689
0.332006575939552 -0.111512228517793 -0.162511819274196 -0.223575820154627
0.190942178934214 -0.254021688620913 -0.142754437993738 -0.0986866031407436
0.0119528155521635 -0.290527304534205 -0.076745578060571 -0.0813516096058111
-0.0638313549500702 -0.247234918255808 -0.0332715039755581 -0.0772069640853746
-0.0802350498050912 -0.246437037492376 0.0499521116977565 -0.1029760038653
0.0472030053963463 -0.285497381183291 0.152506245145554 -0.0896961668073413
0.202204336274289 -0.223196550415851 0.252956332503308 0.00721297058487746
0.367375320932028 -0.102021691649908 0.21222647356894 0.199615576057319
0.306143785395175 0.233395620821352 0.0488736547664703 0.2809065153595
0.00422614355443664 0.419477314655343 -0.125086065755053 0.0980420165310817
-0.232299613396008 0.413316403035373 0.0647168538015186 -0.143796984911786
-0.280534026832444 0.150804234416786 0.291617054085341 -0.324717648034282
-0.252045585102654 0.2827434545453 0.414653131476351 -0.192651947077653
0.00646243426191555 0.32728037369663 0.337446670780376 -0.258781203380108
0.262721525285396 0.154579093219563 0.120253940448626 -0.322837626269196
0.262487973635953 -0.0679898617995182 -0.0448620649594463 -0.261685176341959
0.157155834019514 -0.191705437518861 -0.0806205419597091 -0.197564674675777
0.0173526956947847 -0.234041706057794 -0.072251696228054 -0.183844880641414
-0.0504933007178379 -0.20337925294296 -0.0497990528130157 -0.168673755296486
-0.0647913593295577 -0.205380203877958 0.0301933634287892 -0.191712108792674
0.0376232748313292 -0.234513031688502 0.151008014501327 -0.174493091609163
0.172852290579788 -0.183611588191748 0.274408745123256 -0.0612995334754829
0.309258111218391 -0.0587879597820025 0.242494652028278 0.158414826284778
0.219179344465983 0.222681269877427 0.0789144602405527 0.248495176395675
-0.0500978510567513 0.325970567784092 -0.0937030113801023 0.0633043926008644
-0.219378848617182 0.268216796687566 0.14614329634893 -0.221731487439803
-0.160460191400166 -0.00664150100656598 0.397196103576421 -0.381285249033842
-0.180773799031382 0.0955353639464684 0.428366188387159 -0.222626931210498
-0.0417548075800985 0.169699281160509 0.354418786888796 -0.220321408249626
0.124978369568186 0.0971018810436218 0.170516952754818 -0.289692993101004
0.145692731977085 -0.0280222521488873 0.0251625935154384 -0.280983430271506
0.0930503483786546 -0.101622298579724 -0.0457701494240188 -0.25947229111627
0.0157803373747937 -0.137955858345296 -0.0722645909207446 -0.249975498411922
-0.0297809886480289 -0.127032630774981 -0.0609084661367377 -0.232631769528024
-0.0389160762326629 -0.135845456026337 0.0191423989034973 -0.256935118288674
0.027272043060194 -0.157602926824583 0.158603992065922 -0.236723555300609
0.129189979764875 -0.126155090118126 0.301039959933564 -0.104490479487502
0.223048015838033 -0.00681419713263004 0.268798381998863 0.1401407349412
0.108375855547248 0.191957258197664 0.0933798890650534 0.232018089390002
-0.0983714094872663 0.199404422732604 -0.0688873985984942 0.0453265693509669
-0.180925723656097 0.0901141150351861 0.211376675006919 -0.250286288295128
0.0982004689256023 0.0607316535391944 -0.230701113751284 0.308824321449533
0.0934352451739869 -0.0710463041252111 0.139536916578198 0.0383937245337898
-0.0263301495620338 -0.106933728965903 -0.0521390721885248 -0.284728683360755
-0.102125124204332 -0.00767350566114624 -0.324054209982057 -0.204855510229189
-0.0529707284238175 0.0533130797636333 -0.39787859410708 0.122522638186138
-0.0187627188611661 0.0439353695553825 -0.217974433683929 0.311827945034126
-0.00767285488158436 0.0511464797422013 -0.0317575480994868 0.317752590182263
0.00134709816914285 0.0375162309928368 0.0660178528658038 0.28770198781792
-0.0227343180737796 0.020150564634779 0.0960088427270051 0.278253128784647
-0.0304785487025751 -0.0112298245752282 0.0674678694416785 0.29312046461885
-0.018286811914156 -0.0164764912963665 -0.0228226773843862 0.302586624342138
0.00181464272554875 -0.0541976979838981 -0.161506454463483 0.301920173427214
0.0775321593957308 -0.0235703506101217 -0.325812773206713 0.223576582627537
0.1057989813341 0.0867599644645035 -0.448434416689759 0.174753829982249
0.0305807173545266 0.144358906105858 -0.436858502081462 0.374648183312998
0.00281060941220631 0.217713664291006 -0.272065624547019 0.266561350052362
0.0909397943416562 0.101759661393039 0.141003756372553 0.0411577411287744
0.0859983307344723 -0.0095512501882852 -0.0289701782460727 -0.311067271352383
0.0388782802317998 -0.0334985415442366 -0.328071733651618 -0.247628702814334
0.032276905526997 -0.0292644804271136 -0.428113528560414 0.0942876772920701
0.0162522061100262 -0.0623190661530044 -0.239471704191274 0.297363328885361
-0.0262095810547842 -0.0560739331194784 -0.0451088447378565 0.305423953734679
-0.0256254701486261 -0.0592756511966826 0.0554158557615422 0.273114257141323
-0.0327941014078282 -0.0874568427015671 0.102802991348968 0.253079796567847
0.0325782593870896 -0.1222269534398 0.0941357957489281 0.271115929241215
0.101721753705064 -0.0691757147902109 0.0231016628710742 0.302129100890016
0.152384064295481 -0.0182773011125096 -0.111750531318372 0.324712489279202
0.146200563679395 0.126132222318844 -0.273388305565675 0.261363494167535
0.0333313362053686 0.272691116090827 -0.376420842983036 0.185352873609851
-0.103820742798673 0.316992907430638 -0.362691990544034 0.323760001403351
-0.119610103667276 0.338329109637984 -0.260511676854871 0.175811518231396
0.0392797616788759 0.283639982521616 0.166987690347831 0.0194107760082307
0.17509587955283 0.131024580861631 0.0253733561190933 -0.344826683095426
0.197821888250486 -0.0253571397511097 -0.302120692186555 -0.30820078359545
0.140177796216637 -0.105701374038876 -0.435060346213343 0.0324901419144481
0.0682422281987639 -0.16781581849403 -0.253637750598407 0.242487737734042
-0.0323432427987097 -0.163741945994496 -0.0633931826153177 0.25181948387168
-0.0502695467605671 -0.148380875546513 0.0361387946993616 0.21893275379985
-0.0510057685911205 -0.17466567798853 0.103541612786336 0.189173957812293
0.0627616972157294 -0.218974033516742 0.129379866719586 0.20834546989597
0.181709147422303 -0.14070171167763 0.102361053141118 0.263915688708308
0.283176832553473 -0.0407696968321953 -0.0176470796770406 0.338638355591989
0.245711449710567 0.213576630510886 -0.189107135515935 0.30892238626146
0.0226960267369977 0.413854130043497 -0.295158329803948 0.19002735157381
-0.18405334112199 0.452086857677458 -0.252911038903104 0.228512062753681
-0.242300448184658 0.394450645515423 -0.180787222459481 0.0473608266096907
-0.0583640573886518 0.431973313492229 0.218766136727732 -0.0263952072660674
0.210501534781869 0.287862522426006 0.108562739093316 -0.366080719697403
0.337825469868586 0.026289695937296 -0.227190013117058 -0.365826037214701
0.251169125888611 -0.152975691217248 -0.395517652709482 -0.0567492681018683
0.128029379999636 -0.248963502331084 -0.246413011984031 0.148380997632033
-0.0244941359817416 -0.251850405700123 -0.0779541142406362 0.160451948255705
-0.0663889719157934 -0.216730635336576 0.0117053493458106 0.133968782592857
-0.0711400328687548 -0.231081708019528 0.0934607639079367 0.099071790381174
0.0649747719633364 -0.284185368949451 0.153876252682881 0.11488758146205
0.216117461523948 -0.205156943035402 0.179289336116108 0.188187330841017
0.364367009198336 -0.0922503062089502 0.086559453630917 0.315384821513863
0.329461344352012 0.239048910997463 -0.0879085964568341 0.330589599761315
0.0417779279324836 0.481517972069495 -0.222468790823911 0.176255667892723
-0.219822492710795 0.519678561382229 -0.138729992203719 0.103593227162981
-0.329338420187803 0.375405480721597 -0.0404824423407518 -0.0973292461964397
-0.17399826574248 0.491642750715326 0.289315252716278 -0.0890040336774879
0.175805298464441 0.404755069813251 0.205285744058809 -0.357170169490604
0.404408901365914 0.102300289912815 -0.108290407158254 -0.390464286244733
0.32671538762864 -0.155236362339724 -0.298638605319741 -0.150884373372678
0.175137214908377 -0.283235634130162 -0.208196799917412 0.0251170722595417
-0.009000850792242 -0.30063401216643 -0.0845078665540933 0.0415508288610798
-0.073201989776427 -0.252154045949172 -0.014235893517789 0.0311130360090088
-0.0851275961876915 -0.25521002596524 0.0728854307421962 -0.00336252236890328
0.0543848275065379 -0.307592893401361 0.159249519304515 0.00936019168793324
0.218204879162154 -0.237820460544561 0.231260407650313 0.0936583627960876
0.389919541966136 -0.123805823701743 0.167973662902749 0.260271978553707
0.356040805731871 0.237024230774754 -0.00280296384998038 0.315923878193518
0.0439030750626448 0.481293220159343 -0.166758341864698 0.142142903651196
-0.231329491049072 0.507462862464315 -0.0334843398574199 -0.0301137755988498
-0.344725811948088 0.289408385032917 0.132591942643012 -0.229306487702786
-0.250592636297601 0.438684351747147 0.364207440346169 -0.149827368678714
0.0912891673278796 0.420709604458858 0.289975399650153 -0.317160513551324
0.373604097880779 0.157510704729124 0.0205148080732559 -0.371318618902843
0.332943096719288 -0.120590625363581 -0.168908639501352 -0.220805132198495
0.187106684731066 -0.263486372418062 -0.147643421970824 -0.0990041239342331
0.0055173890541466 -0.296468247861852 -0.0830400059486822 -0.0809372752235294
-0.0685130208176712 -0.248141172270861 -0.0368520698945164 -0.0748639214419545
-0.085020082123394 -0.245802623747598 0.0483535975294426 -0.104659024603772
0.04115306359489 -0.289767650636597 0.154192325881252 -0.092452637891259
0.201620051963326 -0.23014144273253 0.258814495059193 0.00359107551375967
0.368265487739916 -0.111102564721999 0.217519667221622 0.201783421867524
0.314029894871557 0.23045412391713 0.0526352465610272 0.282494436942078
0.0103558149441326 0.425466530962795 -0.126536383419014 0.101641117375647
-0.230583131134564 0.418088621824966 0.0585035919062081 -0.146328787079919
-0.282173174473219 0.153992651622758 0.292053784870826 -0.330032226955789
-0.25177973633195 0.290156655118525 0.417863005187096 -0.196393500309036
0.00941703035111958 0.329949914941177 0.342000893480223 -0.263394198249018
0.266743815811223 0.153093079701044 0.119506427669752 -0.327677396126772
0.263891802708787 -0.0754108319681376 -0.0493716393486733 -0.262509928667471
0.15438727989872 -0.199416553081361 -0.0870084651513015 -0.201136257504298
0.0118041145141906 -0.237899891688136 -0.0804250221242162 -0.186201398363232
-0.0543297922413692 -0.204432696659096 -0.0567143578349508 -0.167845067389183
-0.068444345437462 -0.205199746837532 0.026010286949314 -0.193683513123071
0.0324827742887141 -0.237931713943468 0.150279945354337 -0.178813193071808
0.172086701034943 -0.189734920749163 0.279832332400543 -0.0664613514936453
0.311441985273197 -0.0663268071669461 0.24862563661133 0.158757832889016
0.225476345499104 0.221714629093206 0.0829809922870171 0.250273894670241
-0.0465361784308373 0.330202741964078 -0.0961324663490956 0.0654889443528312
-0.21844580110824 0.272660643350524 0.139938438337531 -0.226519474491153
-0.161773303894328 -0.00642990283780118 0.397648491016325 -0.388618575917795
-0.182668574499978 0.0985852206136792 0.430584237419018 -0.227220474007317
-0.0406253203159322 0.171865769853252 0.359173222364401 -0.225329283921783
0.12723007295584 0.0970515154370575 0.171387970951341 -0.293605524978946
0.146225774226882 -0.0321342636895192 0.0212264285491397 -0.284918099664421
0.0915430261082909 -0.105752334103608 -0.0532690435942467 -0.265084761287894
0.0131150493520621 -0.140660273130967 -0.0820035820607449 -0.253203310318817
-0.0313083731033495 -0.127662464258045 -0.0684446656154782 -0.232899207399885
-0.0405302160704598 -0.135833437992118 0.0134925981140806 -0.259875974989538
0.023555776309332 -0.159310632424815 0.158197495824146 -0.241300242825047
0.128392004867245 -0.129504034061205 0.305267283264151 -0.111035624274797
0.224810698994336 -0.0109843555438275 0.274795554579003 0.14016604549955
0.114171672217187 0.192991807771839 0.0972448084225675 0.2345820158632
-0.0970545186685351 0.203340352043963 -0.0707792808219617 0.046863631755825
-0.181264423809731 0.0917664014007382 0.204649717734565 -0.257252954524272
0.100719271044166 0.0592974380812204 -0.224444802024713 0.325272792816074
0.0946888914984031 -0.0765379576072188 0.148173690085025 0.0333759086582895
-0.0318045245276165 -0.109456510253349 -0.064104619511698 -0.293728567243733
-0.104804528400585 -0.00357659460746359 -0.344033967199062 -0.201297518364629
-0.0518942371992952 0.0581286715578004 -0.405696204765864 0.141292663890405
-0.0178964129964867 0.0479987843113864 -0.211460533152832 0.332080779918751
-0.00551169684070866 0.0536947310866086 -0.0188894641123451 0.32824552635884
0.00280706344264995 0.0381660441299229 0.0826697206844037 0.292016421815828
-0.023460262183716 0.0216328808326111 0.114230281019532 0.283113169412563
-0.0330622790507248 -0.0101249725890767 0.0829291005510829 0.301955171728743
-0.0188620578846948 -0.017389468742856 -0.0141741998394326 0.315500310974525
-0.000278282302774161 -0.0554795091454864 -0.155771150965731 0.31550677994432
0.0788639520201928 -0.0259741468567048 -0.331738334446185 0.23841179754952
0.112936592974142 0.08524518243392 -0.458404861498985 0.195075409177221
0.0346280825794101 0.148295919183358 -0.437204631970233 0.402908488620441
0.00921881840643771 0.222658217756805 -0.26905458134913 0.283755766189088
0.0986622758913407 0.101325736642062 0.149501474432595 0.0374417980956421
0.0870487640083716 -0.0148757563984679 -0.0404542438912878 -0.321516468365952
0.0383832483972588 -0.0358769102892403 -0.348785213463283 -0.245588301513526
0.0315179820170835 -0.0307034867621067 -0.437642120342202 0.114801320569081
0.0126989806709715 -0.0638801679836961 -0.234225355799758 0.317681554134347
-0.0297518810374433 -0.0561296323417237 -0.0342858272942534 0.316973622399052
-0.0287348077874974 -0.0601833848933847 0.0706188842807773 0.278322463210104
-0.0380559360303211 -0.0883683829662074 0.119358913302223 0.257178016279671
0.0268079837544119 -0.128915609155781 0.109136027180103 0.278734365733964
0.103323452319603 -0.0767404284174656 0.0344176339043481 0.312097434709846
0.156516825910062 -0.0255532527209502 -0.104356006247537 0.337835835701395
0.155708507821343 0.124611917789414 -0.275951671749804 0.276191502928075
0.0449009551882277 0.281041883218512 -0.383341934934646 0.203669169144219
-0.0970930312991343 0.329691173688605 -0.360658137038079 0.346649110022338
-0.111066541709241 0.34844243066949 -0.259879750072952 0.19123015804536
0.052514163157987 0.291718809463445 0.176241400240407 0.0147063557843382
0.184065367428021 0.125374129217362 0.016001708683761 -0.357024971128453
0.201556171388657 -0.0348139605572713 -0.322742997643347 -0.308971845698897
0.138901570395919 -0.114830424735046 -0.446770332209146 0.0520496319436341
0.0610773051815048 -0.17628996758156 -0.25195421966243 0.261843396690219
-0.0412093402421334 -0.167660077958064 -0.0555176445999781 0.262031613854418
-0.0574045127416916 -0.15041178616513 0.0480793083903333 0.224389830409522
-0.0600475799314317 -0.176819074939882 0.116067970152744 0.191376332433227
0.0534446739462672 -0.230280352537051 0.14349362156923 0.211664530796683
0.182455726150129 -0.153478044043952 0.115714207033704 0.270515886306865
0.288702448851371 -0.054575407143801 -0.00705494713677566 0.351216859277014
0.261431982583873 0.211624886764624 -0.186114927352106 0.321721661186077
0.0387615841268856 0.426851999504664 -0.299533927699926 0.206025149705279
-0.175049479597789 0.471499032059871 -0.254073639326397 0.245697613813471
-0.23722585018513 0.411302816293157 -0.182284213984903 0.0569401839455852
-0.0435684086735366 0.448025868919146 0.227070871160061 -0.0322424425935912
0.226706589073011 0.285980649583525 0.102108374162871 -0.380401755699437
0.347909841241317 0.0124955310349627 -0.246366668008325 -0.371129627903963
0.250221253325846 -0.168337375011976 -0.409158667245693 -0.040556386557769
0.11899804591456 -0.26306856932928 -0.248947459364667 0.163243221220428
-0.0374144412117823 -0.259162121051246 -0.0750572485406891 0.168141860701038
-0.0773697960828539 -0.218970884864129 0.0176163079813136 0.139422350131484
-0.0834295979194945 -0.234192920961697 0.10071811373722 0.0987148511826907
0.0529971267888602 -0.296656949147086 0.165005566267751 0.113946411572312
0.216075121727759 -0.221648631147483 0.193336978093389 0.187972488398008
0.370952444247328 -0.111287502045796 0.100281847411871 0.324092746933543
0.349555371826133 0.234862673218553 -0.080924352081754 0.341284264888785
0.0608533617734737 0.497250741491639 -0.225148109954646 0.189385248382528
-0.208992960171613 0.542191519699936 -0.142149884965066 0.112680278484646
-0.326739486468659 0.394980447386821 -0.0423842554815256 -0.0967839886991851
-0.158286456664701 0.514199039071075 0.297402635994205 -0.0982967229859483
0.194765972429692 0.407972318922511 0.201630454958462 -0.373483555954758
0.419239001593703 0.0886863269227911 -0.124398620367767 -0.398837129798051
0.328600626368763 -0.173645185422973 -0.313329421064598 -0.13891517433919
0.165691797116455 -0.301154361695018 -0.214048361684959 0.034428212556359
-0.0239054612633334 -0.310656865052116 -0.0876469615492211 0.0465556604843051
-0.0858263704708166 -0.255667939516631 -0.013570124808244 0.0348918143435177
-0.0977359447199692 -0.258127132941072 0.0751286650650746 -0.00579856342688215
0.0404466264372333 -0.319314724529554 0.165966352114716 0.00424273658526677
0.216251046011718 -0.255157147816248 0.243112497014472 0.0877369651126144
0.39415942502995 -0.145471299816354 0.182891936801761 0.26538428221172
0.376262930567332 0.229614254663567 0.00820671663117193 0.32423377809302
0.064381510945567 0.496331028186127 -0.168435391917147 0.152709198281719
-0.220215626350156 0.530463614370021 -0.0400592322803037 -0.0296605993238986
-0.344222737436649 0.306523249214884 0.130338859300967 -0.238327987929226
-0.241758518459509 0.461856635983583 0.370710409934991 -0.162215311271972
0.108307273204589 0.428767413220656 0.29006111241489 -0.334349628759858
0.38999372538435 0.147219946838783 0.00957510845611749 -0.383173395786438
0.335197151608173 -0.138711787692821 -0.181435245794249 -0.218055948428421
0.178901720053434 -0.280975744023565 -0.157456890820341 -0.097277020738594
-0.00951661861985481 -0.30666662694058 -0.0919179414534899 -0.0797601195702256
-0.0807951294156788 -0.25235929480167 -0.0426840544889931 -0.0731303992422414
-0.0967311293591343 -0.248532458137599 0.0447369412266791 -0.108541925735502
0.0287891803620376 -0.30050884860785 0.156909913456306 -0.100010354154924
0.198464529568531 -0.24602441476446 0.268718273607971 -0.00623705547783401
0.372953574299297 -0.132063987995275 0.232487005199532 0.203662619959127
0.333253669969607 0.224286003024298 0.0640278085695177 0.288314501890565
0.0263783427257264 0.438302026404112 -0.129316584077675 0.108997433919379
-0.223476814555777 0.438413612182372 0.0496520778058485 -0.152958679596994
-0.285741054989548 0.165550150847765 0.291664267291282 -0.348889455328607
-0.249329473787964 0.308833697188494 0.423380947410874 -0.211905026357311
0.0208631144767956 0.337616698671499 0.345267445571687 -0.282359317307652
0.279113559602076 0.147816356998771 0.113184801817588 -0.340603301239517
0.266649927384892 -0.0891368265659075 -0.0613207787300877 -0.266224620402408
0.149015493242633 -0.213172164912648 -0.0998082808444731 -0.206193596793112
0.000260585096054341 -0.246511999636574 -0.0947548044296663 -0.188572826920249
-0.0643826623001275 -0.20785547713684 -0.0679459699016253 -0.168272863906756
-0.0782433634746916 -0.206690527456094 0.0179427749085068 -0.199682106859299
0.0229473617594247 -0.245566431082202 0.148524602756375 -0.189126763506441
0.169843392894871 -0.202002844640145 0.286877795901447 -0.0794599270766247
0.316506253422014 -0.0829254732648358 0.263408679583244 0.157791021723873
0.240804464339291 0.218637524571188 0.0945974692631038 0.255107799411876
-0.0357381353213696 0.342806043188077 -0.0983692852523285 0.0707292464460575
-0.214853202494977 0.28597682476057 0.129840832094279 -0.23866327072636
-0.167155914722031 -0.00204128666633626 0.397402228762112 -0.413148994692968
-0.185271233371123 0.107469144369031 0.433485838604532 -0.244758148121164
-0.0357774878879268 0.178108106863418 0.364810231409785 -0.243430456023774
0.133137541831804 0.096070441012427 0.167964962798714 -0.307241233258113
0.147785758307819 -0.0401757235125032 0.0102864867462748 -0.293128352354944
0.0888248121955109 -0.112720087587888 -0.0673741906157696 -0.273628263527724
0.00604704320780241 -0.145132331318351 -0.100219502800874 -0.25751083783876
-0.0366814031264693 -0.129724463292326 -0.0831188417704233 -0.234358168708303
-0.0466623132669793 -0.136867908626512 0.00157304479145061 -0.265796449727643
0.0188846731874664 -0.16393315112356 0.15344043430527 -0.254491688696066
0.126594937003741 -0.138133271655638 0.312494688739513 -0.126041725059637
0.23040166711186 -0.0209247716647646 0.289858249231857 0.135455175441377
0.125244089757769 0.194170119319412 0.108745210364344 0.237958014349829
-0.0933770364931878 0.212186928626337 -0.074148313316892 0.050682224250735
-0.18306199324571 0.0982790075909445 0.195055402197156 -0.272422288894259
0.103903840181329 0.055661892080481 -0.205950432623592 0.347153521361143
0.0920536016064919 -0.085228160687164 0.155734061601153 0.0239569503274093
-0.0404980675871475 -0.110063839148255 -0.0865635996485893 -0.298739537211183
-0.106581142436185 0.00310536819492073 -0.369896124212339 -0.184790994027289
-0.0489620891234401 0.063930845291693 -0.406627563202354 0.172927573943779
-0.0149282683266122 0.0524492656114019 -0.191962962880354 0.357462266514798
-0.000928954788782367 0.0560643326584079 0.00479106513669996 0.337326696549638
0.0053378501938391 0.0390126853569529 0.108362810460824 0.290731994999473
-0.0231329836768945 0.0237315679449949 0.139937932114696 0.281166049265953
-0.0355754768730918 -0.00815068112399464 0.108343497757287 0.306275802012177
-0.019749663032379 -0.0173176749652261 0.0058812382999221 0.326345115450453
-0.00362058240958745 -0.0566346959612875 -0.1400497721241 0.331497346967334
0.0793892625609609 -0.0315799647621135 -0.327357883764779 0.263480705615788
0.122477812952019 0.0791642078092355 -0.459352123664898 0.228609345857295
0.0440757306311014 0.151414472108424 -0.419201300423317 0.439245541720337
0.0217140220821712 0.226890486737129 -0.253869061581894 0.308772816333939
0.109097439079133 0.0971863270004775 0.158411097573736 0.0280757203409284
0.0866495097497365 -0.0216181587013905 -0.0622064026922954 -0.328263613793512
0.0366737263034413 -0.0407493732448008 -0.376753024784017 -0.229581170927731
0.0298658775433619 -0.0333489771637825 -0.439386605372587 0.149288360065796
0.00753628812949091 -0.0654476956302475 -0.217875417651179 0.344052048764975
-0.0343089566298013 -0.0547606422567793 -0.0114253397703617 0.326553206993853
-0.0335382847481772 -0.0591357422297902 0.0945108100015477 0.278739663875858
-0.0458711925808558 -0.087419833890827 0.143168292888087 0.254700971943984
0.0168118945667348 -0.134386791944215 0.133908307588564 0.280295877896855
0.101463234043126 -0.087178249561124 0.0555515997913801 0.319468435032217
0.158129452385091 -0.0372323967066957 -0.0858894269628245 0.353182871613449
0.167703035462876 0.118389464229041 -0.268199368814811 0.298817440083134
0.0657477054697385 0.285240237337407 -0.381622699137391 0.233615202680984
-0.0792314397688667 0.34401193125637 -0.347567062450446 0.380142172328826
-0.0933321413193563 0.362353139841886 -0.250198598096674 0.212925851900084
0.0750160725118753 0.295550219195652 0.184556098744548 0.00557351509353717
0.194755619814948 0.114015153407317 -0.00586035658159279 -0.367385117318617
0.203155211613793 -0.0509358734809334 -0.3530816487719 -0.296499304364089
0.132932902910696 -0.127372050028903 -0.453457715688311 0.0866281001642621
0.0474479301393275 -0.184287473768899 -0.240048551946582 0.287665875093654
-0.0550014255151851 -0.167863340647621 -0.0377345842400211 0.271722702520205
-0.0694199902064078 -0.149155212039937 0.0666954062587633 0.226508873403916
-0.074608180719979 -0.176140137757798 0.133746840800511 0.18753419200568
0.0361999944645228 -0.240438140849567 0.163922752177488 0.208536051142197
0.177473665913114 -0.1722046575307 0.137424991930524 0.270715521326722
0.291106787374029 -0.077153717605685 0.0153345179042897 0.361212628801934
0.282199848017326 0.19911668063752 -0.172285219138927 0.341048790337934
0.0689096927100946 0.43585600902943 -0.295921749182903 0.230824267026508
-0.149370625526209 0.493254093876474 -0.245710765024738 0.268818591717407
-0.217300515121778 0.433189884009403 -0.180305703025507 0.0715239790470896
-0.0140641945328908 0.463598388849791 0.233624885525894 -0.0457446536561095
0.249258831713456 0.276032381516901 0.0819196533880668 -0.39603370173173
0.355159468483501 -0.0128258608137213 -0.276663605585071 -0.364501901848189
0.243273985500995 -0.190320147603214 -0.420048889884772 -0.00981956054005782
0.10027341507459 -0.27848981937795 -0.244359488740104 0.185540129409569
-0.0593040971977222 -0.262624061508695 -0.0658397558583393 0.177512304632985
-0.0950752668353378 -0.217658055933482 0.0304779623507959 0.142654292450361
-0.102108528728221 -0.232953684965242 0.111058383080253 0.0936316472595879
0.0302622340418529 -0.308847782638117 0.178740462858242 0.106276268955525
0.20649430484563 -0.244538426879453 0.211511596040876 0.180557787284239
0.370655583616377 -0.142438715315817 0.124564081895073 0.327346864729261
0.373448591737329 0.215828717859147 -0.0621798783092893 0.353264046636228
0.0970594288709207 0.508197957940852 -0.219314749214371 0.20775108073127
-0.178849198190957 0.567978867032744 -0.141219631705349 0.12547615442875
-0.309947220536465 0.422468451906888 -0.0476698934371783 -0.0943512275517465
-0.128567658859413 0.540606402693915 0.29998342951717 -0.116261625119961
0.2247465346036 0.403682899933538 0.185049905595945 -0.394630753501838
0.43402411029277 0.0627872460308665 -0.152905697215313 -0.401143476062868
0.322182849263793 -0.20266558715365 -0.327691160195364 -0.117398901761353
0.14493499751061 -0.322319589419839 -0.217814833807417 0.0508301781698117
-0.0498187194600917 -0.316197886881171 -0.0882458734180799 0.0537271595875535
-0.106809293689039 -0.255760695355742 -0.0105612916638252 0.0388119425104075
-0.118534036112295 -0.255445940564358 0.0771032672047907 -0.010965063193119
0.0159811428111607 -0.331065861885209 0.172581611681658 -0.00589087558901438
0.20431235402749 -0.278244924164131 0.256090850765999 0.0733047453622561
0.391401786105744 -0.178960003614445 0.207173829036382 0.262836913325511
0.400300078300049 0.208319298345308 0.0281676495063648 0.329793387845553
0.101419603445554 0.504311113261058 -0.164621438506601 0.166739700831954
-0.19221329521725 0.556281349020203 -0.0476620473285215 -0.0262450626684721
-0.334700454425187 0.333487490474696 0.120240300701997 -0.250673967896207
-0.217612076699163 0.490552841069069 0.370038568764502 -0.186666651949857
0.136711478526465 0.431215112150424 0.278644243750849 -0.359675339556413
0.408297734048094 0.125172580147886 -0.0137546934965346 -0.39274268233694
0.332772283459701 -0.167224171443778 -0.199235383136381 -0.206944702898128
0.159350631495645 -0.302614568812486 -0.168723147109746 -0.0890347183270065
-0.0353766669539652 -0.312648854752744 -0.103779859076487 -0.0755915036507257
-0.101526068432127 -0.251721883002595 -0.0495532518747283 -0.0689026078125563
-0.116881212755797 -0.245042676434611 0.0383544675789414 -0.114308323795273
0.00593362145159602 -0.309444237985189 0.15417191597892 -0.112856187999918
0.186721365348641 -0.267309733190048 0.276792884909222 -0.0250751979915107
0.369303115590384 -0.163561604587609 0.253791698809192 0.195456900537236
0.356502568463893 0.206218949620433 0.0850135768207753 0.290380137977235
0.0575268097547224 0.449312345273876 -0.126822074524892 0.120031566648674
-0.199581962527781 0.461161572720028 0.0345640601134125 -0.159105159943952
-0.282199719005775 0.186328895748821 0.277483771421444 -0.374630084915881
-0.234645167533952 0.333638096433756 0.419060435970835 -0.240378482599965
0.0423315999083635 0.344659509951751 0.339227511465562 -0.308740705511179
0.294330704485099 0.131705318259746 0.0966399517059159 -0.354918154688439
0.265726906887742 -0.111554988767894 -0.0786939933558885 -0.264863256678234
0.13446177761151 -0.229606110656488 -0.118030961814964 -0.205639779476122
-0.020680603956476 -0.251615980573772 -0.115036265584674 -0.185835438280055
-0.0807304186090586 -0.207637574257644 -0.082875854264323 -0.163798160841395
-0.0945639815706121 -0.204377351687563 0.00375234637435032 -0.203803107866103
0.00422629386625182 -0.251722676493284 0.140251564631396 -0.203647149346995
0.15981144167426 -0.219866549294075 0.291018474765429 -0.102182335155453
0.316141758463337 -0.108763061232623 0.28232865147152 0.146219744833785
0.262003070117405 0.20667234115984 0.114044549536238 0.254137737762522
-0.0137184849725117 0.35447163283402 -0.0982156439351564 0.0787215015891223
-0.201500392365936 0.304980441250306 0.110337713156371 -0.251796168190734
-0.172345334891806 0.00798879263518924 0.381650868228137 -0.447674047467049
-0.18296725375582 0.122259747312705 0.428858638952272 -0.273544189569736
-0.0252634603042208 0.184488527522965 0.360322975705069 -0.270329756929945
0.142070007382954 0.0893916172420922 0.15465416599971 -0.323895554013032
0.147616557972785 -0.0519914791740108 -0.00856093140526832 -0.298426504187215
0.0818194012245744 -0.122029886891328 -0.0908833496478785 -0.276938921039907
-0.00591995121202335 -0.147628817218901 -0.125342285850261 -0.255215214206133
-0.046082405292349 -0.130116015827902 -0.103699811473025 -0.22997442980226
-0.0558474754957955 -0.135609080812082 -0.0184093763192469 -0.26955300237337
0.00791509475704051 -0.167843347987473 0.139079924687237 -0.271495502080085
0.119190299482885 -0.15031076959203 0.311823161070005 -0.151453426077648
0.232938033602666 -0.0390586274805414 0.308028950486486 0.12169470359258
0.14159682024579 0.189861744360118 0.127956653514039 0.236524725090216
-0.0817577985413921 0.223367157124231 -0.0747676300590944 0.0565673474287387
-0.181742171015105 0.110694830075096 0.175446967961236 -0.290359145448651
0.0733770608049966 0.0950397011417576 -0.333717584000983 0.227998714363485
0.119349473186504 -0.0404851047909441 0.130766238939585 0.088706388809692
0.00636863148796034 -0.113862028044727 0.0450504509988419 -0.306810661059429
-0.0957704551780137 -0.0360459442131265 -0.26466505949434 -0.321940350164575
-0.0664998838611128 0.0424054625565191 -0.440443621030001 -0.00818252277535533
-0.0323224616690222 0.0445643692491462 -0.323887972477628 0.245462386517348
-0.0223691191424354 0.0555154946345754 -0.135686581393003 0.307950080532024
-0.00940540844418602 0.0392337526500514 -0.0170037416150527 0.306363988079686
-0.0288450298139569 0.0130472484579203 0.0173215706393232 0.312861192147805
-0.0273222185708328 -0.0206227565620732 -0.0247749089415812 0.321670385675688
-0.00905927420436379 -0.0224385186248032 -0.130604005003742 0.298696949614262
0.020595991093021 -0.0459689891701408 -0.266682417585398 0.236566050637039
0.0819116029649636 0.00862346621674583 -0.41408706873555 0.0962150098891407
0.073082756387685 0.126412456803731 -0.525158058574066 0.00889140626385136
-0.0236803192095799 0.157954520688377 -0.582513783299348 0.209920825764975
-0.0742565197016819 0.216165763021565 -0.355607453071901 0.17582383367091
0.058578669101485 0.133881034996387 0.134348628920238 0.0885732654398514
0.0855571302732734 0.0198369457363605 0.0793217040608391 -0.327840976071397
0.0515310928188444 -0.0170453319093801 -0.251914220477923 -0.370312666980252
0.0453987705103886 -0.0131661614492976 -0.464473790417662 -0.0485167714647724
0.0355411219501702 -0.0536796362067443 -0.344746631636048 0.221952096260757
-0.00833105776789165 -0.0604753537120021 -0.147041515533118 0.292035932662547
-0.0056340838932688 -0.0681290540208522 -0.0250920211829872 0.289944166473938
-0.00593611117074522 -0.098174409837468 0.0303229319248822 0.289136727703424
0.0696016323262374 -0.117206598826776 0.0110466306422688 0.309056710346979
0.13172106449375 -0.0380558660582117 -0.0782236465554224 0.316312221259292
0.158808640668698 0.0360364578538409 -0.223527895811997 0.28532390935188
0.0993173726616192 0.182831679387655 -0.376982933407373 0.15760957413703
-0.0642515599258373 0.290622795449553 -0.461697861035551 0.043111346125147
-0.214983122242298 0.28193783574199 -0.493424602703999 0.184027762979519
-0.236675778164442 0.290050095610222 -0.309008634928858 0.0945423463539444
-0.055913542559667 0.301545724815028 0.171610626771385 0.0759784921057023
0.125777580772526 0.189133545670693 0.150055751451278 -0.344353000382458
0.204890582167193 0.0417480645385315 -0.201884436603357 -0.42595583480482
0.177376253928417 -0.0550795616757531 -0.454149504739916 -0.115176724065815
0.119784734397397 -0.147760565684686 -0.344949497152208 0.160641534815709
0.0176525834251132 -0.174534915667096 -0.150342808812971 0.230193013367055
-0.00114416354465493 -0.165308529459418 -0.0296109573134429 0.231955051654128
0.00380414134645994 -0.190686132588508 0.0491977709800521 0.224528490855909
0.129424008562638 -0.207483195903536 0.0686642501835666 0.25677576876639
0.236380222243242 -0.086329129368445 0.020076335666152 0.305542596358577
0.296523060016164 0.0529120396147262 -0.131473915902761 0.339148479179921
0.170056221882898 0.30402361997175 -0.307520544638745 0.240563594233515
-0.121209614273882 0.429860422427024 -0.385765940483858 0.0775961944586459
-0.341290360235438 0.388996553455917 -0.352113409776616 0.126454235295863
-0.381402840799119 0.30208382851509 -0.182686462110453 -0.00267771430228628
-0.208399878898677 0.419478556905723 0.242492036901495 0.0487777426777065
0.106639412721388 0.359691426015578 0.246101754136381 -0.336907095635548
0.325219262267229 0.138605770346278 -0.100567649538143 -0.46075243566002
0.301647055935323 -0.066634881365461 -0.387120537281438 -0.193144107917869
0.205082554509197 -0.213323529890896 -0.308199210827418 0.0650392782550815
0.0507870980795553 -0.264415731884207 -0.137832504128696 0.132249179713751
0.00281313771382979 -0.240392144390161 -0.0309958728447004 0.14099898347231
0.00108791104879367 -0.253223219011436 0.0661238894671801 0.130398501466151
0.150665431165232 -0.273636583345046 0.124399948962001 0.170507956091212
0.292406661471347 -0.142040785266723 0.127381923622708 0.253980723936765
0.394463859655476 0.0239617279765803 -0.0148558629375715 0.355642994724149
0.248542173980183 0.359031978154963 -0.210970185108167 0.302547384461466
-0.125475740449206 0.506855414434385 -0.307771960126855 0.0897839822619896
-0.399612523043469 0.444386896401938 -0.193858294237435 0.0419377594414685
-0.46490986297275 0.252515111846474 0.00975906697442597 -0.0964143469034167
-0.346804594461895 0.443584117365051 0.337049039174681 0.0122995008622455
0.027950763856357 0.466620882581669 0.344507451800368 -0.291149195810013
0.365693405976968 0.237884962630776 0.0308252358496551 -0.442301659511526
0.377019495068668 -0.044916927084356 -0.258079266226332 -0.255772022207232
0.26272993835685 -0.234939717776251 -0.228657168511858 -0.0487356484198814
0.0803331437180131 -0.310960141696252 -0.108169568892149 0.0109736538247272
0.00757973073511332 -0.280210085256506 -0.0273438761022593 0.0320435918912808
-0.00487265479749488 -0.280459914635383 0.0761924948638499 0.020773454263074
0.145734390221562 -0.298880511333357 0.164241645636635 0.0648026082908685
0.303282574123519 -0.174663370095757 0.21324949643379 0.174314623631702
0.428683254778622 -0.00229917884851306 0.0877887572250464 0.332024972413941
0.27728230182582 0.363278512671114 -0.116560820209606 0.322047057723762
-0.119298521418494 0.504450704992073 -0.238988974295714 0.0764794348267176
-0.406565042201239 0.425798874847725 -0.0411471017553149 -0.0545097877247115
-0.452147256701106 0.161096095591007 0.228406956057167 -0.169230015913569
-0.410826672757496 0.360762134119896 0.43006652188042 -0.0185238686600425
-0.0627466185846594 0.455103968513543 0.415992737965577 -0.218066755372194
0.313465475651741 0.281445492184252 0.157458295820977 -0.375032637311412
0.369332468594345 -0.0095309174713134 -0.10061350885944 -0.283738864463753
0.267662317599273 -0.211446095381795 -0.125692640625424 -0.155752363205621
0.0916648864760726 -0.303441143835447 -0.0690734248664936 -0.113229512207482
0.00987154418095697 -0.275888143771775 -0.0209506541928374 -0.081495245977362
-0.00785186506033633 -0.270932297681136 0.0814487890004071 -0.0874960532195399
0.12701246065367 -0.282212194123037 0.189745355212541 -0.0398367693073808
0.281929630318969 -0.171295107925475 0.272171839332649 0.0919923253018388
0.403147823243188 0.000273368156253267 0.159834213587103 0.291601000038961
0.238506584768899 0.340238230889341 -0.0479745225731781 0.30917803120285
-0.135141182980629 0.434808753664138 -0.18137372606776 0.0505747221340619
-0.372277035206399 0.335555247226538 0.0946585667133387 -0.13711240919482
-0.344578626739691 0.0480910022620048 0.420475103618476 -0.216457228560653
-0.361967431920007 0.207790305106863 0.495479745224556 -0.0431659550639525
-0.113480296840432 0.333434296843346 0.449493253977084 -0.140012178740923
0.205980838005898 0.242264978026404 0.242642886768248 -0.290462307086106
0.283760995132805 0.0120727088157826 0.036535234686832 -0.283528509338851
0.214168545316223 -0.155307771851204 -0.0287797972189124 -0.240595637718684
0.0797321024800292 -0.241590327245311 -0.0331984583579325 -0.218014843299146
0.0114503800018375 -0.225903694546007 -0.0132094796857969 -0.180205976780123
-0.00414177174935209 -0.224278778128819 0.0853574135140564 -0.181510249434508
0.104433284446319 -0.230903368821109 0.211443945609822 -0.12728031959441
0.237320438167583 -0.139149294563575 0.314393387950362 0.028435206350347
0.332788369034229 0.0283369184311876 0.204630387487956 0.258483003054085
0.152156046251604 0.300580357807693 -0.00690135414847205 0.288132291485646
-0.160149179710267 0.317152995306388 -0.135265053181459 0.0244380909079128
-0.3097071639624 0.19167802411204 0.206703443169987 -0.185153428996651
-0.169027853538156 -0.0669053904199007 0.540326594707255 -0.24497664902953
-0.226347910490281 0.0347431756077514 0.513183564831302 -0.0682208862379064
-0.108148048198899 0.157279834262755 0.448729259462766 -0.0930811950057903
0.0860938010592519 0.140175067056805 0.281904099351494 -0.23388874672172
0.150433596978524 0.0160413681883988 0.116997090495174 -0.280517975587164
0.121452264476167 -0.0773443630332422 0.028893354271088 -0.293921479100349
0.0527415208023745 -0.139545840511087 -0.0131323967237407 -0.284638229484239
0.0111408525494488 -0.139765832105623 -0.00485654678426006 -0.248485098806753
0.0029758091563528 -0.14666119605261 0.0913352380829298 -0.249542982560348
0.0732498343529643 -0.15181068502558 0.236581600168563 -0.189390999507442
0.170743214927416 -0.0912542351341993 0.351810333964638 -0.00684331679630085
0.23065105968522 0.058826281573719 0.234621256281063 0.246381632140036
0.0493848594857748 0.233980257844814 0.0125732721760435 0.276579432974546
-0.167569566733208 0.16896202438555 -0.100235096092475 0.0143054971624229
-0.211283656601275 0.0235107814918549 0.285460179449898 -0.189137732973317
0.075623947319066 0.0895398268231684 -0.308351240723569 0.246317902961089
0.11350503154552 -0.0485997876713519 0.135638416992266 0.0785120345889731
-0.00248437217287731 -0.110323174756672 0.0199720986864576 -0.3023795536021
-0.0960691597756263 -0.0281711084740552 -0.282802753814208 -0.295549393895047
-0.0610450699729645 0.0468765665675016 -0.429952757707721 0.024556450031999
-0.0276348458188451 0.0478283306318408 -0.296023582449621 0.26613747751731
-0.0161892195360574 0.0569047985173956 -0.10707067877611 0.310994057859255
-0.0057028797798415 0.0387828049810766 0.00946911339712816 0.298386266208931
-0.0283448381146065 0.0150880987292417 0.0442869710579839 0.3032371897492
-0.0290903220498383 -0.0180794286337573 0.00183311533554299 0.317937420902812
-0.00981631750412392 -0.022013171902966 -0.106681953846148 0.304005109675065
0.0163808055072078 -0.0461422373260901 -0.244463133314564 0.247590806825344
0.0813788123214082 0.00487151997044053 -0.399067747606062 0.120386799668489
0.0812448740329104 0.117736639943956 -0.512067296560824 0.0455345862100339
-0.0122301529281341 0.15658421663099 -0.552831926526996 0.247234632025027
-0.0592095120376847 0.216100433668874 -0.332707153653919 0.197363469323102
0.0677927786541545 0.126898722139787 0.139428042374094 0.0793043742854409
0.083596071287549 0.0123725322644191 0.0523748268691806 -0.325456538268747
0.0484017017064925 -0.021948623371172 -0.274729668549157 -0.344335198939328
0.0433733152361007 -0.0161827323154928 -0.456304166583731 -0.0107831647046661
0.0294533130195157 -0.054425917025249 -0.318453614947889 0.245123404369962
-0.0129749439402662 -0.0579158831044662 -0.120800167678477 0.294771039056629
-0.0103046234781868 -0.0647816169600211 0.00123894195608487 0.28326459223555
-0.0141961197671617 -0.0946993612512035 0.0548562266064785 0.279650894001211
0.0574225385617734 -0.120589672919811 0.0363258623590961 0.303380764748544
0.126945879911463 -0.0487152338568521 -0.0541805596373258 0.316465905957616
0.157393093360129 0.023068848681494 -0.198620490692616 0.294314530868875
0.110713722761204 0.172210382927112 -0.358931839019746 0.177112791255591
-0.0404594683119278 0.289295656251843 -0.448295573569068 0.0743772576882713
-0.189573020958664 0.291242631944746 -0.467293791712809 0.214144502732229
-0.212245903591462 0.29850313561724 -0.29273406007053 0.115325016108573
-0.0307679333371116 0.298883837338414 0.175020909874252 0.0650271124701267
0.134963465002299 0.174179496297791 0.121186915443828 -0.346112904697871
0.202433214162402 0.0228342701136038 -0.227961926333116 -0.402538853962633
0.168168193057131 -0.0678640371087481 -0.451145770178798 -0.0761343860870334
0.103739537401682 -0.152700851322296 -0.323141802371119 0.184471909751887
0.00223616219217463 -0.170229340737268 -0.128978294360768 0.235837596005705
-0.0141729569783222 -0.160561850593401 -0.00909814994116364 0.227884519179125
-0.0125052756591612 -0.184899489704157 0.0674336216484203 0.214674417965097
0.108055362926326 -0.213706862149203 0.0888085163420352 0.247272187732117
0.226064443428275 -0.103564979897373 0.0423377169209986 0.299773365928926
0.29204244145723 0.0279358087150124 -0.103767801982542 0.341249744531324
0.189473341503495 0.285268719189081 -0.284215914545961 0.253218546755522
-0.0863088022791022 0.430781895512106 -0.371748327947612 0.10286136234733
-0.30477620042036 0.403313989017461 -0.336025283390431 0.148436908960429
-0.352373069982634 0.319045154899113 -0.176271568237982 0.0118364426449496
-0.171215405799506 0.425806028407362 0.241502294045429 0.0346672655509528
0.128440451133337 0.341597076968705 0.217038342644773 -0.344317461378121
0.326410592487237 0.108350520249176 -0.131798590473389 -0.441817269456306
0.288236083430295 -0.0891730724291204 -0.389060010450969 -0.15658321272357
0.180897037322286 -0.224796028019288 -0.295478820500171 0.0883810186193542
0.0264070141535803 -0.26094246615035 -0.125312129379784 0.139218745653567
-0.016440021927181 -0.233030456301813 -0.0173358456864811 0.140549035853207
-0.0196934362650963 -0.245183034243407 0.0751308981817688 0.121385201530005
0.122888785607211 -0.278870117759702 0.136498348633648 0.1586113026955
0.275354088968625 -0.162525718838685 0.144474848164141 0.239917191191582
0.38571268880164 -0.00832066045471726 0.0119950950038181 0.350381526871863
0.268734034703639 0.331218906139843 -0.184734610027482 0.307618599528962
-0.0840902060275635 0.505453060583514 -0.295749184227483 0.109394587334612
-0.357476427041257 0.461609293598763 -0.189742357137225 0.0546435167437068
-0.436382021128962 0.277582145866293 0.00468235244450674 -0.0929233180664347
-0.304889505832531 0.459151241550353 0.330665356376799 -0.00590715861661494
0.0600374505408747 0.449761053751155 0.316507623952825 -0.306026830657081
0.372321111614774 0.20223773886553 0.000687248757694954 -0.433953507735635
0.361765331212957 -0.0740519463850813 -0.266464002093921 -0.22590041386903
0.234717619546074 -0.251139516979031 -0.2267637078722 -0.0290638649805498
0.0502747765231679 -0.308820156851099 -0.106731702008327 0.0183805125439259
-0.0155662400945289 -0.272364003549786 -0.0231781791212696 0.0344022125710018
-0.0274970844822387 -0.271124181260686 0.0765802069461231 0.0149027798350662
0.117321530807631 -0.302942330316889 0.166395835574626 0.0527524634572376
0.283947854326117 -0.195586987252657 0.222272417008414 0.155329534027677
0.415653101446955 -0.0381542448256014 0.112378682141675 0.320609260410127
0.297859874711074 0.332525024525173 -0.0902192456921686 0.319033853897553
-0.0814876720668871 0.503497770498405 -0.229259211103333 0.0917904224386558
-0.364785189907716 0.443663935268539 -0.0482741568130152 -0.0497998337169805
-0.431211778467544 0.18726063092246 0.212619465719501 -0.179658661337035
-0.37507935380702 0.382489423126884 0.418274529313141 -0.0435900578132374
-0.0302960654377584 0.446255660486419 0.392874178023022 -0.238084526645756
0.325790946691912 0.251070669291223 0.128982850882721 -0.375718723462953
0.358147791649139 -0.039610867966906 -0.115338571695199 -0.265466762202817
0.241129363269699 -0.228339211426469 -0.133874816175059 -0.143130316528596
0.0612235487207772 -0.301296479908633 -0.0786103186728899 -0.1059310133228
-0.0128137365774471 -0.267816622989854 -0.0264065292247245 -0.075111070464574
-0.0288876532276905 -0.261792421439776 0.0732662847033148 -0.0903400605150271
0.100696005330929 -0.284710475869298 0.183538004813026 -0.0510571793861469
0.262096976228102 -0.19092090764874 0.27353409757016 0.0699186704899619
0.39095517990855 -0.0330629209775455 0.179587536716719 0.275475986039659
0.257406911792937 0.31306990873125 -0.0238737203187439 0.30339541344174
-0.100314376339224 0.435448839843239 -0.175687614743717 0.0617417168831465
-0.338868544007526 0.352984916761221 0.0766553694216637 -0.140105059080774
-0.332875182716532 0.0703869487489034 0.396613264360363 -0.240268814277524
-0.338455446167291 0.230233735524462 0.47837012022931 -0.0725579277892448
-0.0875511298340123 0.332877561316414 0.430323979916038 -0.165655925377792
0.218624900511247 0.220069403375804 0.21823067800205 -0.29917720705909
0.276237776293851 -0.0114162465166689 0.0178716989157862 -0.275434079817738
0.194206778376699 -0.167945527588457 -0.046711264572746 -0.233887700584302
0.0560910923895315 -0.24014860622111 -0.0538596826033138 -0.210267576848098
-0.00762460000427911 -0.219926134193713 -0.0278128023256902 -0.17165209778077
-0.0220611532672617 -0.217169736077607 0.0691008294697071 -0.181870596163
0.0826471780136947 -0.23174855360244 0.196851089748689 -0.139247129190241
0.220258856416823 -0.154623400600056 0.309284242726917 0.00484681765974343
0.324858292227949 -0.000204195421541983 0.219911169896504 0.240320871818118
0.170856430170731 0.281323969847905 0.0151942923529673 0.279577005973898
-0.132912748165439 0.321867387378277 -0.132831177780493 0.0337607832394596
-0.287693863955203 0.207604684310967 0.181258016270063 -0.19553989847212
-0.170306871426593 -0.0541361705130163 0.512272602761686 -0.275143928302183
-0.218753624324287 0.0507262783762957 0.494049560768024 -0.0966343475402426
-0.0945681890234068 0.160113407139871 0.433546879607066 -0.120461270388618
0.0937150934735927 0.130379390558065 0.260308497870516 -0.245979605486905
0.147575083633835 0.00269448436108837 0.0958923886110664 -0.279767477880088
0.110774366376784 -0.0852173985467225 0.00492614990907059 -0.290772516808138
0.0391109351361313 -0.139289923034166 -0.039408737543423 -0.276636757412289
-0.000688665610372982 -0.137270802093156 -0.0263904658583443 -0.238688881660479
-0.00849215013619132 -0.142879671958937 0.0693606261968756 -0.247918827482505
0.0595551504621488 -0.152759310511609 0.21602048509999 -0.200774030741309
0.159335824617732 -0.102650446401517 0.344187986181783 -0.0332718410668487
0.227910623836188 0.0374370951609515 0.248532972315213 0.226228839803494
0.0660089827543338 0.224385820643708 0.0336103853788835 0.267624020095049
-0.151632224494078 0.176523080874586 -0.100294243881478 0.0211836602376627
-0.204372069497495 0.035462680323363 0.258003501365305 -0.204695098647568
0.0759543505089947 0.0853988182443677 -0.28269153672655 0.255301000615089
0.107969056857988 -0.0526625852473461 0.137329796707795 0.069983232510229
-0.00770540934657925 -0.105378358998784 0.00258796276245917 -0.292674654105328
-0.094266115385086 -0.0217471272696284 -0.292273912342832 -0.271110535710193
-0.0552846934285323 0.0495435355613786 -0.414480309475293 0.0473079094036774
-0.022637369377736 0.0495412618341666 -0.268055112759215 0.275914642391997
-0.0106286179441542 0.0565268449737731 -0.0842452455805247 0.305787698382673
-0.00220389069517476 0.0379864919607639 0.0283857026531185 0.285304763783807
-0.0269395340324822 0.0169302387796977 0.0637074229816294 0.290590221648432
-0.0298251983752005 -0.0157599274001398 0.0230021883969713 0.309875744193968
-0.00974985143104511 -0.0210446947031159 -0.0870974902852397 0.301294389261655
0.0138093841710317 -0.0448229294824415 -0.223975372740766 0.250470492133841
0.079740169694532 0.0013253809843766 -0.383235999382816 0.134294308859521
0.0861012891085031 0.108179358356287 -0.492921918526286 0.0711339712472847
-0.0036327072128773 0.152185600053783 -0.519024022151145 0.270516425511388
-0.0472972191788951 0.213102317078888 -0.30934955539055 0.209251123217586
0.0740854867216658 0.11906017079269 0.141304551259537 0.0712315921929441
0.0811468769164158 0.00717291239449823 0.0328366376737228 -0.315942956791927
0.0445264273303524 -0.0257056875770226 -0.285452863598451 -0.317529439969413
0.0412621036186697 -0.0178110981709977 -0.440489649830127 0.0154770939167094
0.0253447348139221 -0.0533757670505667 -0.292196602136165 0.256669494191706
-0.0156676951435305 -0.0542731758093392 -0.0981348230801389 0.291480240153644
-0.0128845961342973 -0.0615814483824178 0.0187374554523885 0.271708306496306
-0.020038217405248 -0.0894745596701727 0.0714442988130825 0.26628914802017
0.0476767624613838 -0.120222938203767 0.0553083928905139 0.293010475121165
0.121179933060922 -0.0557151710195366 -0.0343854981313835 0.31133729673755
0.153547618962547 0.0127106662916195 -0.176491376880192 0.294216799754656
0.117877155151342 0.161244022693527 -0.339404362065557 0.187545332063722
-0.0213689454920753 0.282071003575197 -0.42963185878015 0.096473548728708
-0.168083110857792 0.291284463857027 -0.438516636395507 0.234251906424548
-0.190758548923185 0.299313549914384 -0.27406694457877 0.128116639298135
-0.0117784677844697 0.291635432748116 0.175427678160461 0.056714365718447
0.138790764866854 0.15987496505718 0.0983752131514266 -0.339397860891536
0.195228697262519 0.00814120398062339 -0.243509900035495 -0.376438912510635
0.157586486517064 -0.0755132108592086 -0.438038573837343 -0.0465116372793527
0.0894661493706158 -0.153152295729901 -0.300060242708845 0.198345278045266
-0.00922068386065565 -0.16368757600179 -0.110763086114198 0.234940378058128
-0.0235926656376468 -0.152705142893366 0.00642899314598991 0.219599995452806
-0.0243337712586748 -0.176511711858487 0.0790439420030292 0.202973782534612
0.0897028493466975 -0.213313699382287 0.10334118105116 0.236633065585858
0.213354391122402 -0.115000394012657 0.058212222726736 0.289441165613077
0.282969713794947 0.00912249604860882 -0.0814034860918663 0.336203093575491
0.199934545887398 0.264739473183827 -0.264373850718745 0.256991304345767
-0.0589181685353776 0.421957032144907 -0.355114742909632 0.118927406283275
-0.27290264169376 0.405621417159178 -0.318418560939313 0.162180561144746
-0.325069742596854 0.326873527423919 -0.167330680870113 0.0225700369928091
-0.139950157837259 0.421906942839756 0.238397482193277 0.025290351457935
0.141499599306712 0.32214833087451 0.192555976593619 -0.341773275465321
0.31951945484201 0.0835356987097874 -0.151303326887429 -0.420755395070841
0.271415548294145 -0.103624074689167 -0.381353106831398 -0.125843444440222
0.158684126430185 -0.227408366182826 -0.278648562238852 0.103464219970385
0.00754644508240641 -0.251806072839807 -0.113868311761516 0.140866375871244
-0.0303863373312702 -0.222033058139699 -0.0072189467115282 0.136460761658333
-0.0346228225149349 -0.234049262619643 0.0803817031377829 0.112649003147741
0.0996436912541434 -0.277112887183032 0.143882321899563 0.146896332011259
0.257651215186813 -0.17490825187003 0.153416961246506 0.225295269496461
0.369433257208341 -0.0328327516224586 0.0324750164521221 0.339986228405865
0.279773363328255 0.304845335169348 -0.163745629326497 0.30382094504257
-0.0521478827376288 0.494971788731944 -0.280622555068985 0.121355313694739
-0.320727197490459 0.463836999854669 -0.183677386629982 0.064340901180432
-0.408714649488833 0.288682081401663 0.00136342841362997 -0.088701308326117
-0.269618432237957 0.461874422764416 0.320189061548919 -0.0185606127308597
0.0808423709983225 0.430914252108284 0.291283333202987 -0.30984027597875
0.370343831176296 0.171749033735988 -0.0220201224409864 -0.41913142667692
0.34406760272251 -0.0941776401015695 -0.266346578996917 -0.20026514161664
0.208855799106227 -0.25667950942749 -0.219320683446467 -0.0153329313601449
0.0269635649788501 -0.299681941868135 -0.103982839479945 0.0225025244670679
-0.0323020466724118 -0.259645134658308 -0.0195556219693149 0.0353737484076436
-0.0441262890384504 -0.25807072705676 0.0756491391297238 0.00967415627210379
0.093492071720771 -0.299134911409504 0.166051849529697 0.0428439137433084
0.263210832758833 -0.208014902879359 0.225049350169638 0.137643918359078
0.396880656268432 -0.063632812247917 0.128363582099779 0.305193802963894
0.307208458271757 0.304472930961672 -0.0718387613150471 0.311081750732723
-0.0482371414799207 0.492750443048557 -0.218238970977268 0.100638703455178
-0.32875788666981 0.448764178408053 -0.054094234502446 -0.0451644802968049
-0.408065163053554 0.201346244486183 0.197246278728107 -0.183654285732559
-0.338785718035387 0.39175782892517 0.40288774243439 -0.0591706506452894
-0.0067153535966361 0.431232237835129 0.369149547259492 -0.248074695613026
0.327153824971255 0.222013624334337 0.106367080617376 -0.369876731385768
0.341442514415603 -0.0596559831629712 -0.120669882018337 -0.245613567284593
0.216654577626654 -0.234772549847433 -0.136352826208552 -0.130977316192943
0.0372324048830229 -0.293101882080828 -0.0854099261296349 -0.0977719715966153
-0.0292563208230188 -0.256069612813723 -0.0295488082721805 -0.0688475734138959
-0.0448610525926616 -0.24838217455411 0.0655659790347854 -0.0912187945330462
0.0787707843795644 -0.280131826678771 0.175495603037863 -0.0586054757529939
0.241349243138496 -0.201172744331363 0.269838014512409 0.05265708127433
0.372743514993661 -0.0569886526680507 0.191962485237476 0.258677685228503
0.267485905045773 0.286482764697583 -0.00695988709807614 0.291655118315302
-0.0713712128099704 0.426717929772732 -0.168051304622869 0.0687141045018039
-0.308132358360466 0.359717984060944 0.0612551283224293 -0.139283228478056
-0.319016279143894 0.0844512663221842 0.370827289114278 -0.252383590399805
-0.313370514422911 0.242435964809127 0.458788592364324 -0.0904749943818233
-0.0681808899756822 0.324904722384711 0.409405458740725 -0.180180383062788
0.222437735793575 0.19974329843026 0.196801968018163 -0.299103770149462
0.264424670068713 -0.0281868364273572 0.0061493300617301 -0.26482098334544
0.175542888209227 -0.174130895416523 -0.0586659600566513 -0.224635372380011
0.0372603293684197 -0.233503951903196 -0.0677304969270167 -0.199735478776276
-0.021704445270237 -0.210173810856248 -0.0378721541758954 -0.16103378103565
-0.0341819080388326 -0.206705879618484 0.0557634835225378 -0.178389265549707
0.0654171417992832 -0.228136425518959 0.182972572419456 -0.14456240102287
0.203191447854564 -0.162993063056763 0.300599738548636 -0.0123558129362508
0.311244738163773 -0.0207481733103974 0.228687409849032 0.222163724153955
0.181427388219387 0.260744440612132 0.0301344835451089 0.267548549511938
-0.110629051006776 0.317693716592918 -0.128885419797343 0.0397668762540953
-0.266783468406326 0.214480654031212 0.158823347563267 -0.198178581652099
-0.167531600049402 -0.0434070080813322 0.481326058567824 -0.292971879490878
-0.208579303227247 0.0608885006650837 0.47103436706894 -0.114996149333969
-0.0834898051741033 0.159096894382646 0.415747293652765 -0.13639774548993
0.0968440074796029 0.120644348600901 0.240632968157655 -0.250391114843458
0.141126581235453 -0.00622218416069485 0.0808260704343375 -0.274064514258671
0.100931146737628 -0.0887102411200199 -0.0134218315204633 -0.283138470219012
0.0280865750769921 -0.136044972175481 -0.0584761813291363 -0.263569665454308
-0.00862844385302691 -0.131522857702354 -0.0412828357903611 -0.224905746241384
-0.0167652205262345 -0.136624252793463 0.052493433582317 -0.240762823264019
0.0488123780826302 -0.150406577172318 0.196712602033788 -0.205128063456143
0.147392692669794 -0.108174389155573 0.331573642119223 -0.0515331579678987
0.221288539812476 0.0216344129471994 0.255718041233178 0.205545158569128
0.0767930685531266 0.212799714044718 0.0472984090181591 0.255486529174158
-0.137431060697321 0.178279465279135 -0.0985880054941617 0.0267263188831639
-0.195359406068048 0.0437552395344765 0.232764247491 -0.210421398892627
0.0761379611502671 0.0828219973085779 -0.262702148776131 0.259109685055199
0.104103477128877 -0.0552207137813347 0.139385900455267 0.0637450111825608
-0.0110606128441054 -0.101582375623972 -0.00914230916972169 -0.282910205916737
-0.092692055474673 -0.0173977501215739 -0.296024926813112 -0.250655681180436
-0.0508790690635908 0.0514381643868355 -0.400529552295283 0.0625330806993456
-0.0181582308132383 0.0499030704594304 -0.245666738987492 0.280867386182785
-0.00583072601579011 0.0551563307683088 -0.0662123165258883 0.300854240046793
0.000495408506185414 0.0368241038520522 0.0425382688792414 0.273120780466306
-0.0252791371909537 0.018903547525732 0.0776324711973088 0.278586903572078
-0.0302498801503704 -0.0143342346337447 0.0393008178607268 0.30139137053321
-0.009920894475115 -0.0205585232038851 -0.0720676957411965 0.298527682913434
0.0117891617239047 -0.0438901800258639 -0.20845403615249 0.249868868508955
0.0780385674466424 -0.00158236902633418 -0.369919614636003 0.143102706623662
0.0892585600758562 0.101238626521685 -0.474833404817173 0.087898914588755
0.00179504090214415 0.147898655153343 -0.490212211225241 0.283231163619789
-0.0388104540568159 0.209471482261353 -0.289597349991484 0.215831350418037
0.0784812398467652 0.112510820249901 0.143392291692728 0.065562681847853
0.0786969535661721 0.00359450855422541 0.0195405773988629 -0.306198411663415
0.0410922025926734 -0.0281084667191068 -0.291614336824358 -0.296521262120824
0.0396931995583432 -0.0190840688169769 -0.425394483594726 0.0338247621651816
0.0223042314668518 -0.0519585386523993 -0.269017740097918 0.262480874252005
-0.0172671515642317 -0.0512786234370264 -0.0825641433126149 0.287185009607833
-0.0147985227870883 -0.0588045857774687 0.0322286694391775 0.260828977484234
-0.0240475923998261 -0.0842493563112541 0.0838953166928296 0.255007325761864
0.0380926578939143 -0.119311053581556 0.0700120200676938 0.284159697759746
0.115907481218307 -0.0613049907276733 -0.0204688049917311 0.306343510527295
0.149720123901291 0.00562038961196779 -0.15983705008316 0.291906164198037
0.122180743682687 0.152066035195292 -0.326740777287763 0.192709967206916
-0.0089714400125674 0.27527510622138 -0.414030701394165 0.110587335207498
-0.150944476458131 0.288333891092512 -0.41776163989523 0.243643931739143
-0.17497136303845 0.297584899028525 -0.258084417095155 0.135832869013068
0.00299430841106564 0.284003946134164 0.176705796293351 0.0513393740244874
0.140289805392501 0.148522977374514 0.0825463412082987 -0.331019608290912
0.187189891118793 -0.00266266831694653 -0.252039696741519 -0.355397693551753
0.149173836835271 -0.0805130692885261 -0.424616396082413 -0.0256211606389369
0.0789978645360252 -0.152296454034993 -0.280337426423525 0.206424471126828
-0.0172559703839805 -0.156687137375202 -0.0973747706189316 0.232004819379631
-0.0289467845844649 -0.146054798492728 0.0175520629208326 0.211606561211096
-0.0319786607782752 -0.168208463881997 0.08758889260683 0.192995455768809
0.075036548801272 -0.211264487700229 0.114179852127745 0.22656180314822
0.202609170573871 -0.123388857795552 0.0695624937898009 0.280010114102647
0.274492299461318 -0.00413861800218347 -0.0644873447595931 0.330518431670035
0.206009836167983 0.249176478725284 -0.248898296793753 0.257574222893017
-0.0387111467858787 0.412858581122808 -0.340265052252868 0.129410012359865
-0.248718815922187 0.403103393533587 -0.304241064284694 0.171810870184616
-0.304019354512422 0.327193656839182 -0.158840846717749 0.0299062178283206
-0.117457090575151 0.417423893961945 0.23568794184368 0.0191871876903299
0.148435321832842 0.305319795020581 0.175242027445285 -0.336131921032373
0.311021678732272 0.0649710050118577 -0.162756126267087 -0.401739629039375
0.257827178306654 -0.112933838817286 -0.371867361812255 -0.103878204964698
0.141488476512654 -0.228203191191516 -0.263017438891288 0.112326949255999
-0.00697677465476698 -0.242866476910779 -0.10526383650152 0.141388589895425
-0.0396184775944402 -0.212685502440105 0.000288527947943004 0.132780879167908
-0.0450514333892113 -0.222962178751049 0.0839135512206748 0.105654794712779
0.082210893442736 -0.273705559428841 0.149060658129826 0.137962868494728
0.241947851137198 -0.184027028498721 0.159928858128835 0.213864861551889
0.355924859626215 -0.0493067323657796 0.0473678909128824 0.329249834412796
0.285651435652703 0.283512577089972 -0.149187345453783 0.299059106540341
-0.0295287707667104 0.483708739944046 -0.268900570008895 0.129117141439962
-0.292489367566273 0.462371311585249 -0.178718158183238 0.0709591090060307
-0.386821420053047 0.295093469162276 0.000145126173791899 -0.0846905225764562
-0.239762889883437 0.461149403245904 0.313475372458643 -0.0258825458044802
0.0954139563404826 0.413934104503241 0.272738986473365 -0.310177945962197
0.364506421380393 0.149143081224368 -0.0367216652844005 -0.406223950553641
0.327893428740128 -0.106944632200865 -0.261681049701848 -0.179340412944813
0.188389235612796 -0.259128886878798 -0.211513616399315 -0.00548975818962204
0.00889643374156793 -0.29026864721671 -0.102270412204537 0.0264360826684657
-0.0442570549742042 -0.248158566564365 -0.0164685783187054 0.0360869112191695
-0.0553811062121088 -0.245955362590016 0.073383722631761 0.0062670720824594
0.0740855931136268 -0.294492727160511 0.165839125413945 0.0353473109438557
0.245261181629296 -0.215882200199867 0.225579836777154 0.124966965846214
0.38043688286296 -0.0815779911171031 0.140504781015108 0.292815174870911
0.311395410851146 0.279997349202326 -0.0581502367011225 0.302282808000299
-0.0259886797995029 0.48067655439318 -0.208179690624631 0.106979990540364
-0.300054869773479 0.44696834400429 -0.058311353907282 -0.0403309082255361
-0.388783356854539 0.210773239171895 0.184835754147236 -0.185281564361784
-0.312095471749097 0.395311395571567 0.38925421078132 -0.0675870154785854
0.00921804106759387 0.418414293229316 0.351166701402977 -0.252644011000341
0.325783739106235 0.200260990743954 0.0904294714025079 -0.362504582786748
0.32746478207941 -0.0746276304636663 -0.122496064166134 -0.231195879396732
0.196315041332286 -0.237598432419942 -0.137018707826789 -0.122375265688655
0.0198032607622766 -0.283815506583442 -0.0904440275649074 -0.0912707678981828
-0.0411569571034142 -0.244770033650903 -0.0320370637151349 -0.063985256161521
-0.0551346839301889 -0.236796275590556 0.0593617421469077 -0.0908439258181874
0.0615167228538831 -0.27507868907773 0.169607467454308 -0.0633925955288078
0.224716186872446 -0.207909027360287 0.265548748470376 0.0401593462564659
0.356358306403131 -0.0739589664723661 0.199934689991066 0.244237675233079
0.272523062253498 0.265905262106427 0.00499059004154311 0.281118621687001
-0.0518438255787154 0.418341359875957 -0.161615231849973 0.0735915636790731
-0.283839539865426 0.358797116798575 0.0486646461876118 -0.136026887048269
-0.306569180283035 0.0927315049287062 0.349803492585212 -0.259672451956205
-0.293811292985318 0.248639287029466 0.441829334924255 -0.101267178355841
-0.0549523675162993 0.317073539564803 0.393240524626404 -0.188760704563139
0.223096922653382 0.182952582284894 0.180851934769443 -0.297225303955701
0.254074940107113 -0.0401317685506245 -0.000310359000707075 -0.255792361831838
0.160073396599513 -0.176443775136786 -0.0665993320688097 -0.217132485916848
0.023552551948751 -0.225978129950791 -0.0781076062644532 -0.190223131764522
-0.0310905349839807 -0.202294747305644 -0.0439932257043759 -0.15191031888604
-0.0432559624700702 -0.197124836540765 0.046711125367039 -0.174577610602071
0.0524377890121717 -0.223156312693288 0.172327706342299 -0.146776198694043
0.189341562813428 -0.168103254466 0.293182310867133 -0.025006164084453
0.297753240283599 -0.0358851734039061 0.234895073324235 0.207506348099346
0.187059431052048 0.244004550432046 0.0404493653942665 0.257150382552785
-0.0937495992522635 0.312946314322924 -0.125318451060835 0.0444368038734895
-0.249488971775725 0.217225426853927 0.14021460319632 -0.197293931033304
-0.164192320963173 -0.0364591715236266 0.454315727745224 -0.302925252530295
-0.200023527554843 0.0674545409473991 0.452617361636522 -0.125787594571763
-0.0760282506965986 0.15716554401797 0.400753516526109 -0.147888432329386
0.0984691057897092 0.11270586505685 0.224916344076261 -0.251359851467168
0.135255077011565 -0.012800181082511 0.0706029174223358 -0.269280390763076
0.0925193269897458 -0.0900202997763353 -0.0260600982599382 -0.275821486599518
0.0198546501893535 -0.13117787364335 -0.0717516491472761 -0.252530020037645
-0.0145317451748959 -0.126780573943955 -0.0501915337348506 -0.213597755181784
-0.0225592445576236 -0.130902091506263 0.0405547254695005 -0.234383108160317
0.0409216424042599 -0.146995707716273 0.181619663993929 -0.207000121297041
0.136495777670604 -0.111284138974432 0.321009476263403 -0.0642271528879491
0.214636602997082 0.00997694090603328 0.259312007803771 0.190537776892479
0.0831459020058915 0.202710497007005 0.0562768845617425 0.244396476954056
-0.126618965061341 0.177763658454718 -0.0973465109823442 0.0304104232825167
-0.188240922228867 0.0484302163128601 0.21190330782277 -0.212986858356732
0.0776129285631756 0.0808807610809811 -0.246096504641853 0.262937659479437
0.100549128621273 -0.0586311753978227 0.141952322584079 0.058946771278364
-0.013938031275202 -0.0988295426439061 -0.0184046811205615 -0.274716356271888
-0.0913137189994441 -0.0129501742201165 -0.300077541532991 -0.232612795978312
-0.0463364329970074 0.0521667665877431 -0.389292923415569 0.0757894538685105
-0.0136393064911808 0.0497205365316645 -0.225348680365373 0.284204381404665
-0.00155038470120645 0.0530660377702478 -0.0508726996165492 0.295860600779887
0.00343327582977086 0.0351253570909701 0.0535351976897262 0.262962145745104
-0.0229976493327761 0.0207255053737019 0.0900492520774853 0.268073312024335
-0.0309940026497313 -0.0116889915367438 0.0534645867264386 0.29398673359377
-0.00990178201653815 -0.0204460263269217 -0.0603858669151622 0.296314902511948
0.0105110658031111 -0.0435656200585619 -0.196546793366584 0.250345651668454
0.0776059640247773 -0.0039259435617263 -0.360011249335785 0.151296516767093
0.0915390962090292 0.0946872284322742 -0.461514704930988 0.102568703050935
0.00659427607753324 0.143591028093661 -0.465079353795382 0.292896428882982
-0.0310147927535299 0.207923613832373 -0.273178501042407 0.221536072281385
0.0836624047492565 0.107112797039964 0.146488683110691 0.0608367202878137
0.0774924876471221 6.60298113048367E-05 0.00877761727984907 -0.298838627985713
0.0375161193745399 -0.0297485908954037 -0.29724273455785 -0.278486378013744
0.0379705273301788 -0.0203501972269727 -0.413843304210068 0.0501382127646036
0.0200125887522633 -0.0517276035120992 -0.250200851657871 0.268368531286129
-0.0183405037178682 -0.0489194399617493 -0.0678331973216339 0.283002320251271
-0.0155229699445211 -0.0569703548605979 0.0436520214590425 0.251496464965866
-0.0271604512780555 -0.0800260894854365 0.0945848337961291 0.2451430807732
0.0314083623724252 -0.118373601081687 0.0834658497113338 0.275802924903221
0.111475046152435 -0.0657278504998171 -0.00738934317261127 0.301405587073252
0.146973905534812 -0.00103827332708443 -0.146601888939054 0.290778244462056
0.126010924203577 0.143737211235823 -0.314660300354565 0.199461563451174
0.0028031083551813 0.269276127996528 -0.40038199176557 0.122602226897544
-0.136808507162258 0.286255053236148 -0.397497209564577 0.255900153635255
-0.161713653665536 0.297224625859521 -0.244587052959599 0.142581612827103
0.0155443606554787 0.276620824082627 0.178338498281004 0.0461279107015669
0.141763764496563 0.138834784120191 0.070689348008768 -0.324094999775906
0.180234668856123 -0.0111377340512336 -0.259786155800047 -0.33918541906055
0.141862094832188 -0.0852668292016356 -0.413978132810171 -0.00642763736495511
0.0699331227832734 -0.151558143497324 -0.263021942967787 0.212599858349163
-0.0240356500381999 -0.15070487154071 -0.085782954850828 0.230918679310833
-0.0334987396521452 -0.140431396205858 0.0265184650067605 0.204826883035236
-0.0395048331589269 -0.16059817286364 0.0943876037295948 0.184588869163846
0.0622183112199818 -0.2105788330809 0.124246500969618 0.21836155028779
0.19335455547024 -0.131314068957725 0.0805850021290671 0.273036869384243
0.267330445149587 -0.0169535652507427 -0.0506243370161631 0.324859222060901
0.214320343865638 0.235172541130357 -0.236804018865083 0.258890528987767
-0.0207813436247544 0.405713736853043 -0.32816939372758 0.138145900883843
-0.226529819291093 0.402174428159709 -0.292144943531725 0.179764644018657
-0.287158893174703 0.330415530307969 -0.151580652839761 0.0353030106656496
-0.0958691372019068 0.413061228972947 0.235904108333696 0.0134522675354549
0.155799583528108 0.292993977520795 0.161208422860749 -0.333740412767086
0.303808634302754 0.049547812197841 -0.174021392783058 -0.38549057268616
0.245374836096292 -0.122228693643165 -0.364923092831879 -0.085012608602497
0.126904623556895 -0.228250461400895 -0.250545700546654 0.119756228807171
-0.0181252176904858 -0.235006199405522 -0.0986378928743229 0.142819749503235
-0.0466568834014677 -0.204794255912429 0.00680766353986064 0.129142925044242
-0.0540045353690414 -0.213531858113746 0.0874250754505947 0.0992489172673204
0.0664942048677285 -0.271564695099863 0.154672700772843 0.130286592468065
0.229377271577157 -0.192079914909458 0.166819420099179 0.203630279358023
0.34430485963232 -0.0650507758479072 0.0607159665651869 0.321144064632722
0.291367676462319 0.26473760529783 -0.13730491802659 0.29643227293393
-0.00817365993708077 0.475892204155684 -0.257799772309207 0.135796959833483
-0.266144175341096 0.463110971548488 -0.174705275883249 0.0773285229043361
-0.368768942140791 0.301830433763889 -0.00105794103325137 -0.0818573937884647
-0.21538091088635 0.460045856634486 0.30786196005532 -0.031905645791997
0.106106995754376 0.400150732521075 0.257918526543688 -0.310123709849348
0.359049765630345 0.129603278237501 -0.0495805579441608 -0.395562389125579
0.31399931104097 -0.119261670709561 -0.257628785553327 -0.165118468720607
0.171016424984085 -0.259930483541373 -0.20467292475067 0.00225624120403135
-0.00554615304599768 -0.280496743152264 -0.10056845908655 0.0299806442542836
-0.0531594918583914 -0.239435678775153 -0.0134121251054281 0.0368852122608961
-0.0649632637756424 -0.235535301990901 0.0721414143834313 0.00301430549294248
0.0576626931340358 -0.290318461770627 0.166944445771963 0.0294239438220476
0.230180254387483 -0.22264373717778 0.227757293020099 0.113879920842092
0.365166168808799 -0.0971264685468088 0.150855912345452 0.281998603550084
0.315764650675436 0.260764934625171 -0.0474486024057424 0.294995688874738
-0.00432737199360344 0.471162256416218 -0.200388561850247 0.111530714496192
-0.274949913644494 0.447610296759706 -0.0621965207449919 -0.0349562763387889
-0.374597849326771 0.218852671496506 0.175262358594269 -0.186469570272321
-0.289584298728061 0.397107549804653 0.380386256907736 -0.0758258094320457
0.0219531080717654 0.408427862365576 0.336236371792562 -0.259275636165975
0.324610903165345 0.180636710651734 0.0763241122156148 -0.357048823069063
0.314318106585844 -0.0874363480245964 -0.123136082720904 -0.220602830128595
0.18032784127154 -0.240555092014192 -0.137738189369652 -0.116323853274355
0.00609121544701658 -0.27531301219301 -0.095301720843685 -0.0856383281481098
-0.0511160309448385 -0.235776146670286 -0.0326993987453757 -0.0592187710844889
-0.0651152842517048 -0.226584077700788 0.0546245411782116 -0.0905859341804077
0.0473431360078091 -0.270933652111414 0.166027423251125 -0.0675288490654596
0.210319479059694 -0.21362455951903 0.26293549524789 0.0283230196402516
0.342219322109461 -0.0884405853078861 0.208071448618868 0.232964134171457
0.277174117623957 0.246321505495914 0.0147130808307486 0.272575049740496
-0.0315419093695066 0.411464826862266 -0.157245306631553 0.0781282269638178
-0.262802003724817 0.360466205737977 0.0374646843115094 -0.132572312098509
-0.297180459401662 0.101276749775294 0.332745810042233 -0.265990717335897
-0.277204502844898 0.254928688797802 0.429867964083477 -0.109187662188418
-0.0431243776022082 0.311885795530334 0.379643768901362 -0.197129600128125
0.223992922288254 0.169397158691747 0.167270592587169 -0.295723360256549
0.244630233823536 -0.0505742909133434 -0.00507128403167804 -0.249343403913269
0.147172677554679 -0.178560608388891 -0.0743021022238875 -0.212473016182269
0.0116582677963462 -0.219609842529267 -0.087970128969776 -0.181629686179673
-0.0388571074895818 -0.194531277531006 -0.0487471962387083 -0.143612770213552
-0.0509740988433147 -0.188645319693198 0.0381303093973147 -0.170968457563209
0.0411362097972581 -0.219474165133124 0.163433715915239 -0.148556626144544
0.176982313264313 -0.173756807382139 0.285914602217296 -0.0364660289833871
0.287239984772859 -0.0488686848721038 0.240775749842316 0.194527882312554
0.192263257480816 0.229910121383417 0.0487575592288091 0.247806196976528
-0.0791538836474656 0.309266709127547 -0.122356310425578 0.048898456342488
-0.235541240805596 0.219714678129963 0.124536919973144 -0.196301992698361
-0.161840477903953 -0.0299862486505346 0.431859768743036 -0.310552264296231
-0.193205979334512 0.0733773134065463 0.438397901547134 -0.133966519743196
-0.0692245427691868 0.156954357989724 0.389022538597536 -0.15922881692982
0.0998877164494078 0.106510688897596 0.211973811324348 -0.251694662656724
0.130511721368739 -0.0187745688684156 0.0621651342462506 -0.265957634859875
0.0857694016366825 -0.090931372107181 -0.0382845851826339 -0.271412502929361
0.0134530150874203 -0.127844403229122 -0.0844271692065452 -0.242422736145629
-0.0192928509215139 -0.122857568304146 -0.0575381067527816 -0.202703829860188
-0.0282015645070869 -0.125818660845254 0.0305211480161877 -0.228581069843356
0.0336181606994538 -0.145416674693786 0.170271493593516 -0.208419559083633
0.1287025702179 -0.114861829756055 0.311674847001412 -0.0765250759105674
0.207484237479586 -0.000284079954673454 0.263418958369606 0.176625033765658
0.089357435102732 0.193630512245 0.0644581231577567 0.235864559694665
-0.117799736209025 0.177760407428359 -0.0957322870739169 0.0351811632149972
-0.181775789653121 0.053008665311836 0.193870798597403 -0.214848035647539
0.0588811365638325 0.0872117661764138 -0.279972984449122 0.216863308154164
0.103598120781954 -0.0393878709977306 0.132365403706882 0.0857268752766701
0.00738186926862734 -0.0941731936567134 0.0337861304069867 -0.264403898793688
-0.0780530714490951 -0.0273167285321542 -0.249534062477512 -0.275412886894458
-0.0471379305150968 0.0380200399452353 -0.384722205093366 0.0072266033538674
-0.0182590489696706 0.042806856491657 -0.264089105199404 0.235834798259207
-0.00722260798209627 0.049746451622027 -0.10101439675421 0.278935375274554
-0.000869474452813125 0.0327306775627607 0.00644996302764565 0.258889643811535
-0.0252381958053424 0.0160187816954132 0.0427271593579819 0.272997265081763
-0.0271777118884428 -0.0173395317251948 -6.50826204302871E-06 0.290844714411341
-0.00472994092424699 -0.0219512341856812 -0.110811231451404 0.275080262726287
0.0198756709284805 -0.037290082259732 -0.236711796408417 0.201669215668373
0.0755462427406174 0.0148613317814003 -0.376815808043027 0.0796694392929259
0.0697474563651288 0.11069132793252 -0.469799618861792 0.0191560559862463
-0.0209713985441141 0.138345251914933 -0.515798997004657 0.199139485570008
-0.0654322258784783 0.187450551691607 -0.300133951917952 0.172891403629763
0.0616600925782993 0.114322858663017 0.131136342941444 0.0875547428352231
0.0766043584557804 0.0138458834571997 0.0605064451117094 -0.279739519601217
0.0439428235834892 -0.0222740099501974 -0.23882900913625 -0.316937095205756
0.0454030965390287 -0.0164385254927096 -0.406787222191006 -0.0203362725790914
0.0303390557201164 -0.0473709541374513 -0.28348404824927 0.217590557569788
-0.00793838897582856 -0.0489983826592002 -0.115084952109086 0.263413757156602
-0.00416680432138454 -0.0589288792028072 -0.00174918244087062 0.247195126158779
-0.0115461129705969 -0.0807762978823715 0.051278627432258 0.251928225584656
0.0498012123070817 -0.108712799592673 0.0342640356919309 0.277628137652038
0.119579151366679 -0.0442214422323467 -0.0567732076784884 0.288351244807501
0.14155587650605 0.0275891939278025 -0.190742522270437 0.251420892234363
0.0941275762016981 0.166894061439361 -0.341182868217401 0.138314519271079
-0.0475762539344025 0.262106285669822 -0.419330345993477 0.051701013678339
-0.185855492517788 0.248329627461269 -0.442733203317812 0.17629914081341
-0.204139921851622 0.248579941852175 -0.261706288261734 0.100652473358057
-0.0291225683341146 0.26472539432447 0.158636269968179 0.0747549920147569
0.114099302426795 0.157195017454092 0.120548732563443 -0.29248820241798
0.173704029967567 0.0186716808990165 -0.193001200469946 -0.364322926599703
0.153592378689558 -0.0603288397997728 -0.396939872885489 -0.0724030973457083
0.0935230813592344 -0.134305415684998 -0.286851001067538 0.163843085340304
0.00175255638623762 -0.147008890088378 -0.12363040845464 0.208529853653647
-0.00723137194576812 -0.142632418903043 -0.0100168398382049 0.200177463193999
-0.00897030431768248 -0.159751317413685 0.0611783966961146 0.193596543992817
0.094823281627973 -0.191205214302503 0.0851327746933401 0.228445690532504
0.209990680359511 -0.0928766935132978 0.0361215222588966 0.272753478113817
0.258676648997264 0.0344674187898719 -0.0997830786725337 0.302510904866576
0.159356210452356 0.272552781915168 -0.271290469834004 0.214670800690794
-0.0962356424453532 0.389630641966807 -0.354254208993757 0.0805699128119944
-0.293289457804213 0.342593824707168 -0.325636647379288 0.124732190269253
-0.328523864843234 0.259504501645399 -0.155699499942679 0.0126735853103345
-0.154182176763153 0.376651739580057 0.214202844138922 0.0488833992654861
0.100395746992186 0.306368346915862 0.203886825240298 -0.28554236598427
0.278008307692943 0.0964823544619099 -0.104141365009217 -0.394165118619933
0.257397446664561 -0.0764171827468072 -0.336451802471339 -0.138479710573301
0.159364079824698 -0.197870591918635 -0.257880570315321 0.0774564464858798
0.0197822279384497 -0.225269432223397 -0.119826323428985 0.120037402364005
-0.0101428669087979 -0.206283318283237 -0.0151455550972756 0.125389860238775
-0.01355695266218 -0.212678310879746 0.0684526477730464 0.110009786511445
0.108048863457475 -0.248422588770881 0.130726330074199 0.149295787302197
0.254895539554347 -0.145641364117836 0.13330299993072 0.219534732102223
0.33890740374839 0.00220491235513225 0.0113312902849563 0.318443283857777
0.229962694622132 0.316207542449714 -0.178744606648079 0.268887843263638
-0.0962979567352935 0.459679172700557 -0.285540691649676 0.091271191747937
-0.342936996717089 0.393382123828241 -0.190442707408708 0.0467257907114284
-0.400717071236018 0.220485837535698 0.00795308489093493 -0.0770539612716123
-0.273835420913846 0.404713831166038 0.290380061910666 0.0123631908865688
0.0360673096274678 0.401532893769822 0.290632694681047 -0.248498881323907
0.315822987061588 0.181733320478517 0.0176381525093937 -0.38118225218073
0.321277592760156 -0.0607351126634082 -0.221627105519438 -0.197113556165028
0.205898008860281 -0.219538999912249 -0.194341200141969 -0.0280079990998821
0.0378213268316657 -0.266876131147869 -0.102727968159236 0.0103065637578639
-0.0109713401672405 -0.240298963040672 -0.0192143786033312 0.0339144341056934
-0.0206231766422686 -0.235157635360882 0.0703637177369885 0.0151257845963584
0.103437276487494 -0.268302651721385 0.159797260820792 0.0547130904284028
0.261296638371871 -0.174180377518574 0.207558527465641 0.142602001958573
0.365347083653639 -0.0244516582580149 0.106322532633167 0.296053669662456
0.255061011953652 0.315427540706493 -0.0894308204370327 0.284212610116896
-0.0925238711577807 0.454623343286122 -0.224230508244456 0.0772791350765785
-0.348590135027123 0.378567960095507 -0.0580176097255288 -0.0428178637958137
-0.392206287549409 0.14476582175741 0.195348987535214 -0.150002657507176
-0.335707647525475 0.335995077965302 0.369063093055486 -0.0203147689099355
-0.0468416500071501 0.397445766027755 0.356387368800094 -0.18769811764057
0.272590062788008 0.224298568899224 0.130990364165096 -0.322056863977318
0.313842968761672 -0.0277076213773011 -0.0836208434871549 -0.229642248246469
0.210867437739263 -0.197484702060249 -0.111196857926919 -0.132400519135378
0.0478211535005683 -0.260499056731732 -0.077244287459469 -0.100731501283607
-0.00963605674073403 -0.236282648288654 -0.0206247136649391 -0.0607545030848878
-0.022212607732587 -0.225532144066082 0.0691137661401193 -0.0783069192021967
0.0903169835028538 -0.249697937857048 0.175140030271444 -0.0377838156815039
0.239544871204365 -0.168097658653564 0.255961915466988 0.0670445623421919
0.339377596793015 -0.021028618983699 0.169999660571884 0.259455136905417
0.219985700622919 0.293868748933638 -0.02536641871974 0.273002279076066
-0.107650668969773 0.390054185101107 -0.175401056689236 0.0520756539326589
-0.320367208462348 0.295457645380768 0.0584941770654587 -0.120843568262584
-0.299074032447035 0.0483768516490513 0.360954574371765 -0.202346112752231
-0.302785578405859 0.202857488889123 0.425845973895402 -0.0430917364260207
-0.0938114501266765 0.295483855208758 0.390093811957137 -0.124024296033638
0.181104095857789 0.198273906506587 0.208093826706548 -0.24964468248026
0.240532335917412 -0.0042418744165798 0.0355595912372145 -0.239318972284205
0.16945685586375 -0.143837852138523 -0.0358589107348332 -0.216074123667843
0.04441307927929 -0.206562191434672 -0.0540488697644745 -0.192392033842067
-0.00452980011017313 -0.194592094665146 -0.021722719657995 -0.143202741983885
-0.0152655125362454 -0.187064181136805 0.0672274448013796 -0.157540052624383
0.0758176177272267 -0.202264877450167 0.18552087816651 -0.11460000242219
0.200047226451029 -0.134390850207957 0.288081650080777 0.0100293776944602
0.280633034252665 0.00482152447805045 0.207315524387478 0.229527341901976
0.14161409993979 0.260318954367375 0.00997693193855599 0.253840023010084
-0.134400078247164 0.282574174671564 -0.135952622512198 0.0284867889902327
-0.268090971114037 0.165006735187265 0.156360393289386 -0.16763699307987
-0.148102742588927 -0.0501475896644425 0.466231276568064 -0.229357742715011
-0.195573103612377 0.0457690496809664 0.443414522844331 -0.0613536214328933
-0.0942764284349374 0.143461046024134 0.395623506082149 -0.0855863939431733
0.0761232472137733 0.119716856360121 0.245230835989456 -0.202218217855344
0.126570022019094 0.00780182016702238 0.104298235984417 -0.244815166371894
0.0969655956579193 -0.0692100081281925 0.00749584023654347 -0.270113494989647
0.0325125423842812 -0.118774256042328 -0.0402612269672848 -0.250489397727212
0.00197234280527532 -0.121919753177494 -0.0201242908712426 -0.200988971081564
-0.00399602732146744 -0.123360544322254 0.0699324921101841 -0.213447065495794
0.0563736719422461 -0.132600316187646 0.200814485540665 -0.168836651116824
0.142726401882992 -0.0868137032992318 0.316827678759286 -0.0228144895534812
0.196422248817849 0.0359950548316034 0.230324790884413 0.218700391807851
0.0491024656897142 0.205074631673583 0.0235060645488781 0.245568583126963
-0.147238546722747 0.148766646273117 -0.10685431802014 0.0181200765235256
-0.185841427443872 0.0151933771543955 0.228460245914648 -0.173718596595085
0.0604086618259285 0.0842402397921529 -0.26301013509353 0.219524369666216
0.0997453235961508 -0.0431198866209984 0.134885839792453 0.0801010048216099
0.00422530668072129 -0.0916587636414414 0.0255944216970518 -0.257154877852656
-0.0767433094227086 -0.0231449681720626 -0.252071674710676 -0.258132396743547
-0.0434418572015629 0.0383630380806539 -0.37338678708213 0.0194443080149961
-0.0145160007344737 0.0416219331506816 -0.245934387395485 0.237340998849439
-0.00429388320692671 0.0484041853657428 -0.0845656077014532 0.273931691160482
0.00127931053400281 0.0301242304562329 0.0161662292752509 0.249408791795085
-0.0222212013460945 0.0170201330884624 0.0550015663855095 0.26159252800896
-0.0275061097154174 -0.0147374059159057 0.0134176207759251 0.28302914883943
-0.00550221310044156 -0.0217200386887049 -0.0978955857294324 0.271943779212843
0.0182480326310042 -0.036894480176021 -0.224508949808529 0.200989876863475
0.0745870972308265 0.0121770183739713 -0.364233302192352 0.0883676088511404
0.0726679233020826 0.104370903743881 -0.453273449504582 0.0317095300166204
-0.0168396552388226 0.134260434234289 -0.490296995384129 0.207838100476101
-0.0574744189905003 0.184084632675309 -0.284380262932809 0.177801112426373
0.06448838776465 0.10729433129121 0.133778777482738 0.0817236270161492
0.0745899354861939 0.0101170727620646 0.0511943036938227 -0.271026467956231
0.040527445049255 -0.0233872604622789 -0.242179509093343 -0.298008683059967
0.0431410233911149 -0.0182348033341672 -0.394105423359587 -0.00520318739510209
0.02790982364722 -0.0478647114876759 -0.265158345642863 0.220600098861175
-0.00893270671542147 -0.0469453241100645 -0.0997358695138046 0.259418946508385
-0.00503227015594933 -0.0579761608630527 0.00853265800556942 0.238417092702824
-0.013687591210721 -0.0771378753744391 0.0617527697894899 0.241748969807346
0.0428515468082821 -0.106601910722759 0.0465948747004537 0.268374934586607
0.114930236858706 -0.0489288261331299 -0.0437165702446746 0.283490062952517
0.137645970289524 0.0205563371513526 -0.177092439370298 0.249467853684832
0.0971824609203002 0.158767095999143 -0.32757270372448 0.143843463897177
-0.0357673746257958 0.25568611027554 -0.40392823861363 0.0620499185091937
-0.170884573196039 0.244288038256653 -0.422141876377295 0.185455104145021
-0.190794196418383 0.246505094800257 -0.248458887098428 0.107033884887573
-0.0166700948363191 0.257080166858578 0.160774523852541 0.0690782081147974
0.11485362055396 0.147182872385744 0.109072506110496 -0.28523464185721
0.166916920690155 0.010739013081334 -0.199065394921323 -0.346355754737993
0.14612190809165 -0.0650578990143786 -0.384543406095117 -0.0554081140658162
0.0849935424779353 -0.133779819206892 -0.270239042435378 0.167752000328725
-0.00459806072970638 -0.141928893682103 -0.111373745695575 0.206187775899612
-0.01206976310826 -0.138088341694802 -0.00105049481593963 0.193609768790341
-0.014180386589153 -0.153383921054487 0.0686610936937767 0.185188067631236
0.082275627209118 -0.188314846735115 0.0948539252279927 0.218883452724192
0.200180646460977 -0.100569291308034 0.0454471397973392 0.265259163812314
0.25038758611239 0.0219227616707939 -0.0863020218052708 0.296467176981041
0.165008179711909 0.257367727806191 -0.258555213865043 0.214601905382259
-0.0781548492310749 0.382147751029948 -0.340939053813417 0.0878076367524761
-0.272958232261454 0.339169881418306 -0.311596763957215 0.133454606861729
-0.312011130587738 0.261280322847349 -0.148407701741265 0.0172214778316199
-0.134970394772087 0.370421645926738 0.213579974095967 0.0429823881039878
0.106769289340102 0.291957988361484 0.190491501352269 -0.281116130460267
0.27069295420068 0.0825441663043504 -0.112376070644495 -0.378868755913531
0.245196415322944 -0.0846952579296672 -0.327527327970023 -0.122361188404616
0.145519991989999 -0.197371359223326 -0.245355458068435 0.0826323910386797
0.00846749813003846 -0.217672737896247 -0.111822713057062 0.120606401545478
-0.0176444099698957 -0.199191188217637 -0.00895612801154932 0.121796672822488
-0.0215540776358389 -0.203871791084271 0.0713315823585792 0.104737889559101
0.0929973740877356 -0.243975853262828 0.136226609965567 0.139781311906817
0.241508010589034 -0.153215346521586 0.138010217759212 0.209154414547221
0.326370578027965 -0.0127458446875065 0.0229832752452052 0.308654817615723
0.235434473552523 0.297225559982114 -0.166120106253088 0.264707889686806
-0.0754402741806829 0.448328743477077 -0.273008152722886 0.0967846553913379
-0.316892164321071 0.389224575726061 -0.184400778443361 0.0534474841287296
-0.382816822616016 0.225819722842333 0.00675028110463452 -0.0741571588978198
-0.251009286994047 0.402227258169366 0.284781525632824 0.00605707028672991
0.0453484780572348 0.388682895171408 0.275537270058812 -0.247872442727438
0.310378315104353 0.164248022355421 0.00485203134493392 -0.369932101643808
0.306435235880723 -0.070714388012334 -0.217175486498424 -0.182434220363848
0.188795554098276 -0.220519867253618 -0.188192468986552 -0.0229297684656378
0.0245003195425088 -0.258012564491526 -0.100690115875329 0.0133860782390139
-0.0202684981903413 -0.231308934972391 -0.015930510349207 0.0338425620148346
-0.0291560282142558 -0.224032341618057 0.068887911690559 0.0127215363895461
0.0875529711223773 -0.262837775965839 0.159649548571028 0.0469370132790546
0.245632260708148 -0.180603036625762 0.20772061858552 0.130246658226202
0.349255417494003 -0.0404242059468251 0.116244011313685 0.283591553586165
0.258200349214473 0.29628379277159 -0.0781527212555594 0.275453364317389
-0.0723237168254449 0.444688078794047 -0.215061729786151 0.0818654551888179
-0.323421122861923 0.375288882048842 -0.0602071297694562 -0.0373997304194787
-0.376468308255421 0.15009525236113 0.185345253274538 -0.150600669950302
-0.311748893984899 0.338051297432927 0.358554115474931 -0.0278916539121482
-0.0328962455533502 0.387076058185962 0.34018401799696 -0.190533201722732
0.271457189195695 0.207316408274844 0.117839476446535 -0.314681428628614
0.301222303535729 -0.0400391682424274 -0.084322641214072 -0.219095257431439
0.194753337444326 -0.199612831030642 -0.112756679959437 -0.127441963351089
0.0338718237196915 -0.251592632539702 -0.0814348323717279 -0.0940113625615013
-0.0190773962264291 -0.227459970915577 -0.0215490013770132 -0.0570473360871923
-0.03082723278713 -0.215263126203361 0.0633673996700469 -0.0773344046420149
0.0760878473986683 -0.24473911899816 0.170455773733404 -0.0427777970429928
0.224987898934047 -0.173329652643237 0.251288155925111 0.0546450433933366
0.325033216514259 -0.0376934294222639 0.17699923180589 0.24588610715238
0.224636832577864 0.276090789979826 -0.0163734263625265 0.262146195816704
-0.0906854820441575 0.381048928225645 -0.169008936424136 0.0568246971803111
-0.298958883334425 0.294118036661266 0.0486375239765175 -0.116802331282031
-0.288382261148469 0.0556155800954389 0.344489440907305 -0.204383405513594
-0.285936196509803 0.207258333824106 0.4120165085355 -0.0519909947996676
-0.0820782247712883 0.290639041594617 0.373242715979712 -0.130876816863348
0.181159714780214 0.185215006645495 0.19523749048823 -0.246450092488472
0.232021204883336 -0.0135584824797634 0.0310155609430947 -0.23201866211591
0.157335927317068 -0.144930839970872 -0.0437579440334553 -0.211062280278915
0.0339392865297403 -0.199779440995405 -0.0635232260530868 -0.184263164249835
-0.0122526680273556 -0.187319200096741 -0.025776475709591 -0.136058699779927
-0.0218969801989881 -0.178727095185549 0.0586448690071323 -0.153978681631911
0.0644503459828464 -0.197791149859716 0.176497376647513 -0.117516202263597
0.187914520859976 -0.139313456078857 0.28036422193344 -0.00194799172879978
0.269147188439382 -0.00737133464168658 0.211671471475443 0.215666028023742
0.14676579855949 0.245323466832187 0.0179195430837338 0.243727399563898
-0.120124882564233 0.278615541911362 -0.132139180382473 0.0331218727081807
-0.253920926243145 0.167403459029108 0.141176003076715 -0.165640902575786
-0.145666613229176 -0.0446123497941078 0.44515227934263 -0.234584270589993
-0.18831110635694 0.0514255758996142 0.427809223717467 -0.0707125862600727
-0.0863413365525409 0.143306406047422 0.381183118213226 -0.0956901896443209
0.0774114806183474 0.113459800593742 0.232512356112613 -0.201242763409758
0.12247909232139 0.00292913090557742 0.0954223346730893 -0.241320740686052
0.0904619550076316 -0.070277923965274 -0.00503163394864764 -0.263939745202678
0.0265133119040861 -0.115140078488337 -0.0515946819672154 -0.240759590256055
-0.00315495820719612 -0.118210276940274 -0.0268874782435894 -0.192510725057129
-0.00846402838219026 -0.117785072600946 0.0591417709750035 -0.207721800810667
0.0490551044134697 -0.130643026011315 0.188349162849822 -0.170712105198571
0.134209375727479 -0.0894378746107666 0.306663652530573 -0.0338743516052871
0.189215401323405 0.0258384482842261 0.23317119241961 0.203043850856528
0.0554624107229764 0.195775336764275 0.030966544611382 0.234902588974686
-0.136969643986441 0.148636446192601 -0.105226881956857 0.0216550868333528
-0.180293195778031 0.019571408697899 0.210108638647963 -0.174569703952924
0.0605319485960121 0.0817713861866039 -0.249896557330743 0.21889720291544
0.0956916868379306 -0.0451827635704418 0.136342031847938 0.0753965801656254
0.00323803297552964 -0.0897856938142085 0.0212151732458971 -0.249265301719877
-0.0747988225328217 -0.0209627568094838 -0.249789097980579 -0.245017052610651
-0.0408722609662722 0.037194566759135 -0.362799091157756 0.0263582996835767
-0.0126523887539275 0.0394689251605752 -0.230323882854965 0.233635622135205
-0.00131799583026796 0.0454373673488503 -0.0722667363134177 0.265565500638583
0.00297874731820215 0.0281733718534996 0.0225115669822429 0.239511878998953
-0.019684110551643 0.016937099944972 0.0626770523163167 0.251051535664633
-0.027094050372461 -0.012723727294123 0.0220934969058872 0.273602665792116
-0.00553744331970919 -0.0210544230799952 -0.0890857610811562 0.266552782602498
0.0161320528525697 -0.0362206430604668 -0.214464462407856 0.196442375069545
0.0737377653905212 0.0103333313609541 -0.35329768923005 0.0901736379090491
0.0729567707208576 0.0977345866576784 -0.438583941930253 0.037551805997279
-0.0150288128279436 0.128923222279978 -0.467673728418091 0.208185669410145
-0.0528817950439478 0.179955502812284 -0.27061692695999 0.177799340717064
0.0658825859604194 0.101156932766772 0.135563861604607 0.0775897805993242
0.0721157856072498 0.0069649919014633 0.045919817194549 -0.262426662960014
0.0375876668042062 -0.0243099345121711 -0.241434618191214 -0.28413273218169
0.0412066988421201 -0.0198788318702647 -0.380448325717757 0.00114838950066135
0.0259295714855852 -0.0478473956123363 -0.249621311578574 0.218213868588946
-0.00883007925173005 -0.0450058597277633 -0.0876800068460773 0.252977222008263
-0.00601880023190929 -0.0568534086608851 0.0148113601288392 0.230495610415704
-0.0142474988869442 -0.0740409396060739 0.0674812501394368 0.231763657376091
0.0378269958912625 -0.104163048471005 0.0550396530872589 0.259712239672689
0.109994070195242 -0.0520436204766444 -0.0364226756422177 0.276952879739958
0.133271905100786 0.0156134769767539 -0.166586422759706 0.243783394870822
0.0980844124922815 0.151895500775161 -0.31673174757596 0.14287781324677
-0.027943437411528 0.247659871734392 -0.389001935764551 0.0656310496633404
-0.161775145039244 0.237548479253858 -0.403367190750271 0.189220083079641
-0.181487908014912 0.24295560438342 -0.23700360218753 0.108205272246452
-0.00938766507149504 0.2480317859317 0.160989361058502 0.0655746311761048
0.113913063067341 0.139089648948125 0.101778745278439 -0.276287114103025
0.159871982539675 0.00608542230902469 -0.199157073845071 -0.332113528767666
0.139193196366068 -0.0668284379669591 -0.371513258840282 -0.0475563168980774
0.0782466021868847 -0.131810546562798 -0.255862462939879 0.167941943107258
-0.00771371809584005 -0.13549944962255 -0.101676304416649 0.202082554689765
-0.0152326672357324 -0.133803935776932 0.00502216068006495 0.187470010934747
-0.017667963198425 -0.147044612379223 0.0726837808742364 0.178248124763695
0.0733489784786872 -0.184258847884702 0.100722291028033 0.20925159951158
0.191432240778634 -0.104596539304104 0.0506246655507003 0.256692277490171
0.242034128816075 0.0140869271351504 -0.0775141397065419 0.288550052883751
0.165861318742187 0.245068078612198 -0.248631378835488 0.210480891691286
-0.0657830033522694 0.371015546653721 -0.327502643681705 0.0902333164868891
-0.256197935400207 0.330308717083927 -0.298897602218999 0.136390167256011
-0.298342523117903 0.25885967323528 -0.141505071165707 0.020044060416413
-0.120656068832497 0.362098699783672 0.211833028141064 0.0391444639617408
0.108192613517368 0.279997314185106 0.180700934268584 -0.272664788963857
0.261741824988067 0.0726935524400212 -0.116067212578236 -0.364405547832258
0.234157827981289 -0.0881175517362354 -0.314835247810944 -0.111856017234326
0.134338251769378 -0.19480929736121 -0.235327733571048 0.0839416201340097
0.0021900597267584 -0.209404851885477 -0.105996849172145 0.119360208695429
-0.0221218771820729 -0.192445152090484 -0.00515781650378447 0.118601003384046
-0.0260532401388505 -0.194744189574623 0.0720399705868267 0.100430152601233
0.0819547637207947 -0.238166632436875 0.13816391566929 0.132170831532438
0.22984690924157 -0.156058040749801 0.13947754352849 0.200074695781757
0.313624211607087 -0.021662807279217 0.0302525171470283 0.29768100986906
0.235072974281955 0.281881190238715 -0.157562649980187 0.256661353844716
-0.0636831848462939 0.43678830129849 -0.263063090250268 0.0977710627168393
-0.299497777137273 0.3786273457574 -0.178620462424434 0.0566268337133037
-0.368341540998567 0.224509930933227 0.0068687266773881 -0.0716061074253713
-0.233115768538807 0.395231881099991 0.279221420759248 0.00245663029605765
0.0518365534452196 0.375470624753926 0.262998258874246 -0.242281010633157
0.302746815633034 0.150616275614344 -0.00185560175252577 -0.356496875507321
0.293480414119954 -0.0767236970555779 -0.209617768758632 -0.171652409248186
0.175554866798569 -0.217543377489069 -0.182950980748848 -0.0205500141810744
0.0154368604208818 -0.247805155377345 -0.0991047076379585 0.0166109112842771
-0.0256465978753285 -0.223072323358145 -0.013358056533404 0.0332480443882819
-0.0332907925373298 -0.213936360008323 0.0671613947542481 0.0113131675105795
0.0758474156990005 -0.255145264772116 0.159176540643923 0.0414757591962109
0.23271340873863 -0.183103297957418 0.204741072761121 0.122231396696141
0.334032237129436 -0.049459699671867 0.120712654246457 0.272131229202664
0.257386651517034 0.27913290576869 -0.0723512060851005 0.266231717404042
-0.060592511226079 0.432355709294533 -0.208056574921925 0.0825474241627764
-0.304804911302457 0.364518588483454 -0.0620292187238002 -0.0334101568634071
-0.362108246696053 0.151858838639046 0.178144962655175 -0.147822245705359
-0.293442026086813 0.33399154293415 0.34904361196992 -0.030506931843307
-0.0242828778191021 0.375666602027401 0.327936379808028 -0.187888574892931
0.265787301796537 0.194308562203207 0.110030107209639 -0.306041846490866
0.28948253309601 -0.0462839609930202 -0.0812122410976758 -0.210220872507136
0.182063536142631 -0.197556127793328 -0.113062894389595 -0.123619470414323
0.0251998979257716 -0.242579145912258 -0.0841137424259128 -0.0890868491776747
-0.0243056654971922 -0.219687451181974 -0.0216086491553773 -0.0539587461778218
-0.0342060411287322 -0.204915479813066 0.0591535840672979 -0.0753993039996801
0.0659973139451977 -0.237163914093289 0.166261608585079 -0.0453014193385869
0.212645058465315 -0.175342244940176 0.245001087882252 0.0474321248199499
0.310118365726761 -0.0452343749947807 0.179056611303731 0.233905239957386
0.222770609273666 0.259666690553716 -0.0117549929624943 0.251962412927743
-0.078296297324906 0.37166365679108 -0.163583489780741 0.0574547901752787
-0.282543348702274 0.287261851009778 0.0415040018217153 -0.11219097282266
-0.278992883122645 0.0584157172963146 0.329448218475298 -0.204389945786208
-0.270478962274199 0.20724866651692 0.398630845460776 -0.0549144761775104
-0.0729112912651773 0.283640522224996 0.359952834101767 -0.131866475936726
0.179071059837081 0.175689451697543 0.186375831543803 -0.240380093203549
0.222883445045307 -0.019566669056713 0.0297085280803631 -0.226717555647698
0.147993459204142 -0.143575363372243 -0.0491166552706865 -0.206108389146259
0.0270005772310235 -0.19225995937543 -0.0691086630639007 -0.176771255821697
-0.0178909566367035 -0.18096170865607 -0.027243300387555 -0.130118750308687
-0.0257401575904337 -0.170263477102622 0.0533542323315131 -0.14928371256707
0.0571868418085665 -0.192331091593713 0.16955593601756 -0.117638314075827
0.176136038756723 -0.139696822833043 0.27101021049546 -0.00848607798891329
0.256642869872727 -0.0147744728475651 0.212025312383537 0.20387984619669
0.147586902169191 0.233263476084361 0.0204771087016165 0.233316498894853
-0.110397066760333 0.270945944700201 -0.128725132720929 0.035102697037041
-0.242655000310671 0.164294619568871 0.128642450973679 -0.161380954871752
-0.142196349690694 -0.0410779958873737 0.426253254548189 -0.232506990168887
-0.179384330713926 0.0540071057459031 0.412331803036135 -0.0740628039795589
-0.080131501406631 0.142255186394441 0.367706371210695 -0.0969303498408695
0.0773295234392338 0.107763559516614 0.222948418092364 -0.19736501965795
0.11748270317352 -0.000689811414638292 0.0904357794062808 -0.235889329481876
0.0856803313454418 -0.0697898695690519 -0.0137867407956065 -0.257410736346294
0.0227213870333406 -0.110732740712137 -0.0604790213191811 -0.231462890761931
-0.0062918936381799 -0.114399243892176 -0.0303591666168158 -0.183557218720275
-0.0110200452883205 -0.113294814142132 0.0517649562658901 -0.201256439695153
0.0441007655781597 -0.127001161750022 0.178561258094213 -0.168957585141456
0.126533577765475 -0.090165995995357 0.295472253689561 -0.0409200406652827
0.182075664155351 0.0195778009854184 0.231673414456058 0.191148809245228
0.0581396252107681 0.187896033399684 0.0343394770630654 0.225053707620761
-0.13084841985911 0.145581067493732 -0.103125001840592 0.0246155788976762
-0.174938909697084 0.0216952918029755 0.195947672079129 -0.17234682290111
0.0601420302378601 0.081237367995291 -0.242187962886457 0.217827460084069
0.0934665115566581 -0.0457966420648541 0.138187899656903 0.0733287919929894
0.00172629720821296 -0.0886659665679653 0.0213748810094671 -0.243442994044614
-0.0737785802974819 -0.0196285856969589 -0.246128441918035 -0.237849554602499
-0.0392469688627418 0.036152572456632 -0.356025666634311 0.0277686132306848
-0.0112127687070947 0.0376436303305621 -0.22137984336953 0.229045506398499
-0.000428739739440237 0.0433998994952487 -0.0649407418217965 0.259003874552151
0.00336859560484789 0.0254724333525319 0.0260022021684009 0.233448388629695
-0.0181836410125087 0.0162662216393781 0.0661003708558913 0.244295991398854
-0.0264195388974782 -0.0119668602189245 0.0261995592327357 0.267286988760087
-0.00578727297885982 -0.0207092526027617 -0.0848651316846158 0.263006620095762
0.0154166787212516 -0.0355202939304918 -0.210534786965113 0.192011217289205
0.0731320551812547 0.00994562380476444 -0.347877653228031 0.087562861942116
0.0729299432110203 0.0939196829806122 -0.426732833202896 0.0359593545671983
-0.0156163349874665 0.125477591260637 -0.454398130721935 0.206041226910748
-0.050415796565324 0.176774945452027 -0.262795694022335 0.176159743258795
0.0662190853087188 0.0968434792220551 0.138373612152375 0.0757354094682269
0.0699289777418283 0.00546309378278427 0.0457350498204987 -0.256708078006171
0.0349732261835424 -0.0244257306053746 -0.238122092744292 -0.275571746992128
0.0399391266554006 -0.0206515750101917 -0.371102135643643 0.00413200782550059
0.024616717680322 -0.0475305415536746 -0.240698874138515 0.214531347596528
-0.00915348733488298 -0.0439237641198752 -0.0815052632842109 0.248053281968779
-0.006733696243201 -0.0565115378600599 0.0185807646792604 0.224489880452872
-0.0144008163256074 -0.0719369654258706 0.0713362711534191 0.225505667122067
0.0348457287689065 -0.102216071799926 0.0586124995415251 0.252626124003378
0.107140624220564 -0.0533598954327335 -0.0331276046911559 0.273255935167763
0.128962327409012 0.0135675043969779 -0.162173170593473 0.237582423551421
0.0988526572995118 0.147467024640731 -0.311549681790857 0.139339468178188
-0.0247207961065051 0.24172252583166 -0.378158401270262 0.0643505629416122
-0.159179865124158 0.23066461606122 -0.391790627910106 0.186160073816804
-0.177167700616206 0.238587929519899 -0.230238251502062 0.106975778006701
-0.00582312959523048 0.241356482266373 0.16267923993421 0.0645145620802575
0.110892523434858 0.134211871849664 0.0999252744175993 -0.268786502719146
0.154625120151082 0.00364703840618151 -0.197003816006649 -0.32371423709254
0.134751437802074 -0.0676247906925544 -0.360622429925345 -0.0441730563055176
0.0740017641568535 -0.130474980072095 -0.247215380310978 0.164727074337889
-0.00933998805974468 -0.131495916899501 -0.096248844141775 0.198664277617135
-0.0163388764890556 -0.131159874335638 0.00780570335467458 0.183760514300373
-0.0183202535316292 -0.143328769448455 0.0744088874362937 0.173648599619464
0.068301700366461 -0.180052749052 0.102975187440001 0.20351505779944
0.185911862083364 -0.106380869833868 0.0523962758732621 0.25299750677132
0.235069562325018 0.00922042914364803 -0.0729934691819774 0.281526673106479
0.16514837543982 0.238146681804086 -0.244812823208903 0.205431383707781
-0.061431540506733 0.362758005123018 -0.319584968814288 0.088957151003035
-0.250979826109565 0.320471211497064 -0.290528203569638 0.136044244965205
-0.291735500937258 0.253940150455609 -0.137085123793772 0.0203994417952847
-0.113685294471205 0.35312072616674 0.211382701072246 0.039354438851869
0.106543133168213 0.272189716790808 0.17804014552125 -0.265650230867874
0.253789806804157 0.0685740878170512 -0.11370121942607 -0.354385508098523
0.227408678565832 -0.089229661694405 -0.305692537511493 -0.108155396624815
0.127942161157244 -0.192554895587889 -0.228673469536014 0.0820776244954049
-0.000793457028548477 -0.203020405213771 -0.102910166173153 0.117837427149919
-0.0243672820065619 -0.187766046996114 -0.00279193888087973 0.115137485174915
-0.0273435469181006 -0.189268662282241 0.0730438823398455 0.0982862851706688
0.0767638089957916 -0.232741856351947 0.139854177191786 0.126642160847973
0.222784645987778 -0.157689472259562 0.138738139917892 0.196116532924809
0.303376724480018 -0.0259968083875397 0.0333604912002072 0.290915363993641
0.232707043808867 0.272989260226385 -0.155433750257483 0.249878488233519
-0.057381187630789 0.427882498392291 -0.257211506590533 0.0949006081662361
-0.291745195421742 0.368247963370278 -0.175662494200468 0.0584452786265549
-0.359937768520019 0.221634972210249 0.00810207376868219 -0.0693668972576304
-0.221821612807332 0.387564800663534 0.276546618121648 0.00444436017521221
0.0528758029853943 0.366946049291879 0.258690480036479 -0.235582174944995
0.295004199824553 0.144712945103122 -0.00158512178623994 -0.347646619586211
0.285725122965939 -0.0785917070703963 -0.201593933056813 -0.168642104863764
0.168016649167871 -0.214391620425254 -0.179159813945861 -0.0209248380223919
0.0116049921594406 -0.240969213499916 -0.0991063941285196 0.01665699920246
-0.0290229826688111 -0.217429477010588 -0.0122262872822485 0.0329015086637281
-0.0350728371302442 -0.207441983816739 0.0658969303261058 0.012025148813253
0.0698007073469137 -0.249049258219658 0.159122595202342 0.0386373703870589
0.224871130440972 -0.183378964916577 0.201902741174984 0.117849081779785
0.322518641627368 -0.0537318579407369 0.122682611057878 0.265728699004535
0.255639606328078 0.269277798553605 -0.0713364156861574 0.258482753625121
-0.054414136681498 0.423710427490211 -0.203076989870241 0.0807850264856983
-0.295487895956212 0.355035917618512 -0.0629782569758298 -0.0300991954339771
-0.354717124513062 0.150287029321349 0.17444918360867 -0.144786475609448
-0.282545988394123 0.329384478659108 0.343643944316326 -0.0285116718316881
-0.0222868765077698 0.367364201003305 0.321100444088176 -0.18244590209873
0.260343797606208 0.187093746505661 0.107493703294491 -0.29857455183871
0.281318252185948 -0.0484390099535479 -0.0764766775650343 -0.206685095180485
0.174706414185875 -0.194765853308527 -0.112864058306355 -0.122550372675237
0.0209032200974276 -0.235220546367399 -0.0866799648177367 -0.0856515072825887
-0.0278451201218874 -0.21335273219907 -0.0206547463256124 -0.0524830868840383
-0.035467564114063 -0.198396407637135 0.0572700279413655 -0.0730265260045306
0.0607924390821239 -0.231510711497184 0.164076202748721 -0.0466032471330788
0.204530593704853 -0.17513557345536 0.239844448497347 0.0443291207604429
0.299126830762561 -0.0481699762238769 0.179038385301356 0.226623081776891
0.2194913876377 0.25162170595112 -0.0113930830436599 0.243599820274167
-0.0738657487234338 0.362961289552154 -0.160192601126778 0.0568611950350603
-0.274461307074976 0.279893001482986 0.0362381925782149 -0.10779231278741
-0.273864765006935 0.057427759179709 0.322528224034322 -0.199374938714249
-0.262306775975822 0.204080821238754 0.3900329489341 -0.0532502478823763
-0.0688497204381523 0.277906323961994 0.35238209198076 -0.127870866785754
0.176061270077016 0.169259659450656 0.183071003764772 -0.233489317864516
0.217192821912858 -0.0211326504398803 0.0310250536200491 -0.222404831332325
0.142928424121794 -0.141331995369798 -0.0523635675902952 -0.203317046663508
0.0236799205485199 -0.186848416636899 -0.0733881647241086 -0.170768644125426
-0.0213593598263877 -0.175848655635638 -0.0275136157696669 -0.126813466209564
-0.0268698747161007 -0.164570330624319 0.0504870760263117 -0.144811753313668
0.0528077851117993 -0.187544976476207 0.165586848251771 -0.116824749428278
0.169494541411488 -0.139289514217589 0.265430441278918 -0.00995570451407603
0.248500898323611 -0.0178465450068957 0.211107489677726 0.196968191583038
0.146277841063333 0.225936807657235 0.0203236327935889 0.225656730925414
-0.105546835814227 0.264963336987418 -0.126665677666557 0.0354298830057302
-0.23578494210551 0.15998265332336 0.121312072051145 -0.156583124083846
-0.139527066590094 -0.0400388892904452 0.415883209929814 -0.229023116848965
-0.174721161587682 0.0533611890301169 0.402304027788875 -0.071064605196237
-0.0760412022687444 0.139419681952435 0.359308027032735 -0.0952091425224241
0.0766478870453782 0.104246867177592 0.219240918227031 -0.190394522856066
0.11470565567234 -0.0021088434600251 0.0894378985199404 -0.231841283094267
0.0836612379439376 -0.0681046027125841 -0.0192764425175068 -0.253509651625012
0.02083375926385 -0.107981296178114 -0.065819217405107 -0.224499173999942
-0.00890424894508859 -0.111489634470079 -0.0314281261336475 -0.178774737802627
-0.0115585546633353 -0.10983361964871 0.0483036178501839 -0.195928566014509
0.0417281886957199 -0.124579549842933 0.172704940020991 -0.165435534677003
0.121434628990369 -0.0892309701786648 0.287772547931594 -0.0425653204116161
0.175818087525236 0.0172624313089957 0.229985878368193 0.184231351006771
0.0577652252722306 0.182648558815923 0.0333586918878964 0.21815091322404
-0.127089638355913 0.1431251830953 -0.102141006876328 0.0250498176936917
-0.171506320716118 0.0217550141071143 0.186168526897737 -0.167994756678796
0.0607866563996137 0.0818791182842339 -0.240224922466794 0.218085955412626
0.0923826619544594 -0.0474329026143029 0.142642981169721 0.0736934581675975
0.00133183170816705 -0.0893622345023493 0.0217990823954947 -0.243578403571678
-0.0745020055045332 -0.0192592545744141 -0.247231230569709 -0.236090456326373
-0.0393103510475507 0.0350419319885194 -0.358239506839629 0.028314423845131
-0.01105411913566 0.0371401724434833 -0.218295407121086 0.229130115489136
0.000565303648697723 0.0428255634566514 -0.0609706567506261 0.257295842527542
0.0034992815469911 0.0243988258648862 0.0281020243680289 0.232451817708639
-0.0171688017871708 0.0157701700760164 0.0703337148599563 0.242196431099751
-0.0260460883065627 -0.0114804938880417 0.0290421447572395 0.267188258961231
-0.00540274738606252 -0.0210315764815422 -0.0842114443591686 0.264126613937277
0.0149170725618912 -0.0350380061090765 -0.211290399004116 0.188917277019831
0.0744768095692689 0.00953258052213643 -0.349755644966486 0.0859085972679225
0.0729399171475552 0.091564838004911 -0.424232949303322 0.0349714944565924
-0.0182294041348985 0.124376059158652 -0.450618795081573 0.202464162817304
-0.0506440616966199 0.177675477133055 -0.26067252167204 0.176559925305179
0.0667000674014444 0.0952812807781935 0.141720147526786 0.0759422926440545
0.0685125419527707 0.00395447122018941 0.0476886213874904 -0.255045691319492
0.0335817608890157 -0.024713989011345 -0.238281664160898 -0.274094471211711
0.0391672437284847 -0.021665582237711 -0.371153836135024 0.00337505788183471
0.0236571739314503 -0.0483875632189554 -0.237496454905987 0.214323132923494
-0.00936008545654009 -0.0439757842460188 -0.077700822768563 0.246523477871723
-0.00717624627200399 -0.0574619580910214 0.0213805835237486 0.224029861871581
-0.0147344054025311 -0.0716004538832508 0.0752342152094887 0.224217748258734
0.0336056822733973 -0.101732296227519 0.0625448196661064 0.25194607711773
0.106251973137095 -0.0551094477584769 -0.0317156663773144 0.274201259781814
0.128036288442932 0.0126394056280531 -0.161807237663489 0.23608946240142
0.0996175134198405 0.146368177885529 -0.313375798914493 0.137504359233782
-0.0232440706393456 0.240515007616322 -0.377440620594174 0.0626269186315991
-0.160489440939363 0.22775607208339 -0.38880105912496 0.184797128637615
-0.176745785217717 0.238441411763758 -0.228576688539953 0.108250774981717
-0.00376912802434016 0.240215874981662 0.166706796200883 0.0650694253852979
0.109508202017627 0.13298681447346 0.102423450328826 -0.266484577437595
0.151730745093519 0.0025820819025718 -0.196761791831544 -0.321826860107975
0.133724756856045 -0.0688651581798428 -0.359702312300775 -0.0446744684836134
0.071706021909265 -0.130876990372434 -0.245318498503143 0.163801549909722
-0.0109734728714687 -0.130242838549886 -0.0945514415101277 0.198754944387276
-0.0174721232302051 -0.13125008549453 0.00971368417911394 0.182535264698314
-0.0191714875547482 -0.142191235805561 0.0773826061614406 0.173022900221668
0.066114310035215 -0.180048861034163 0.107633273983369 0.20193426864724
0.184156775638139 -0.108768174081025 0.0541142488739474 0.253965851970385
0.232507868189608 0.00752252601370321 -0.0713288641410764 0.279977664741423
0.166244957206262 0.236016927381541 -0.246283878807174 0.20291890378632
-0.0585200272161455 0.363507059625862 -0.318608302112303 0.0869459526353834
-0.25173556775653 0.316060489696159 -0.289200891773404 0.135058343174055
-0.291345239846406 0.254075158249159 -0.135324413474388 0.020565658136933
-0.110594677234171 0.35193682515296 0.214986758387776 0.0398975489101331
0.105925679126325 0.271311563034518 0.180515081326873 -0.262199135779797
0.251654439439512 0.0668277559583363 -0.113386998992282 -0.354216786036055
0.225352490612148 -0.0907226908666478 -0.302840377941063 -0.109627474057407
0.125394519232205 -0.192288513488694 -0.227777664324623 0.0808792071616074
-0.00296727445107221 -0.200774319980546 -0.102284032909863 0.118891629348724
-0.0258831813674154 -0.187053036134439 -0.000392303264713398 0.115325948507806
-0.0287715955395638 -0.187398502311836 0.0754339223534096 0.0988253302241484
0.0736671446776539 -0.232111069105562 0.143445987377465 0.124545571863151
0.220003954107236 -0.161363260384032 0.140579132914522 0.196537406925363
0.300092084750814 -0.028411865802589 0.0355563203409466 0.288915907157355
0.234033716069818 0.270418504934256 -0.157533202791678 0.247604044859838
-0.0557745540449895 0.427248073922362 -0.257073301523674 0.0931379211534551
-0.291112018054833 0.3640788797938 -0.175420044892705 0.0594336012303798
-0.36009756766569 0.219956693092208 0.00956996404939855 -0.0698574874138626
-0.218539910724355 0.386776900029847 0.279514604545093 0.00499533574966803
0.0531573352864942 0.364488198064757 0.260833232374985 -0.232191517992305
0.293201249736016 0.142124391123643 -0.000791287655608131 -0.346972579082265
0.283489021830376 -0.0799573592545496 -0.197817410871638 -0.169412567700123
0.165692333279285 -0.215701996098018 -0.179963776442589 -0.0221486680676928
0.00812879939663937 -0.239091553331721 -0.10087095788027 0.0179076588357937
-0.03115249581942 -0.215543665981938 -0.0112448060537391 0.0321667280468553
-0.0359234822240164 -0.205033500933534 0.0668082373110813 0.0127075352692366
0.0677133251742025 -0.248959431869618 0.161696946542442 0.0360917165997745
0.221354896794027 -0.186600313263205 0.202286375201257 0.11838372812514
0.318192240063046 -0.0553933794930336 0.124739166338496 0.263243056837308
0.256128191613639 0.267888374778848 -0.0731686953898603 0.255481193787007
-0.0525076264088372 0.422781504088126 -0.203610890721952 0.0797970197040465
-0.295081378126556 0.3506139427274 -0.0650326466991999 -0.028267435074669
-0.354318894011987 0.148418673117413 0.175690133629253 -0.144745207963148
-0.27930374567109 0.328654042843611 0.344502405911475 -0.0273299203636869
-0.0209658169408186 0.365881952350014 0.322781805703055 -0.178741243023954
0.258675207317226 0.1860016356609 0.109888736081629 -0.296456475457091
0.280073702069422 -0.0508858118304883 -0.0727599518670039 -0.207752419603723
0.172607678036604 -0.19560985958362 -0.115426840392427 -0.12361797931878
0.0183784870907713 -0.232763840646152 -0.0901270922656216 -0.0843280358420032
-0.0308746932922903 -0.211420447128288 -0.020753080839516 -0.0521247847287684
-0.0367619455826455 -0.196378260554281 0.0569803307079586 -0.0709744425250982
0.0593046969964725 -0.230286147748336 0.165713738816955 -0.0481775539044432
0.20160668632725 -0.17752366723965 0.240298824311403 0.0441048173031671
0.294314015277166 -0.0504394401673842 0.181545424008997 0.22506775145244
0.220796302871645 0.248964053312768 -0.0139577854586359 0.241235832512994
-0.0712048761560212 0.362858552841464 -0.16138768608392 0.0558736979212302
-0.27416869989947 0.276405448131709 0.0335881112092256 -0.105149033295178
-0.274203115128384 0.0568899190467442 0.324390187944613 -0.197480723229227
-0.258924826106079 0.203525442912561 0.390793573824376 -0.0508986014823327
-0.067244005881567 0.276895771745276 0.35366080269311 -0.124606774111949
0.176218648580129 0.1681377273053 0.185635135393788 -0.231121370750429
0.216366765992133 -0.0227770174273512 0.0341473575229061 -0.223562210400419
0.141850889842921 -0.141511164109857 -0.0562560921862332 -0.203836045597279
0.0222917602436079 -0.185294805357177 -0.0788989142891462 -0.168705860116635
-0.0229082256243703 -0.17421715697324 -0.0291857306277581 -0.125872435692031
-0.027920539976372 -0.162756504910236 0.0493978810956056 -0.143144696398669
0.0512632940003884 -0.186644981996095 0.165782507754313 -0.116646206038789
0.167638125368496 -0.140250842717029 0.263973719071684 -0.0110378571618592
0.244278733106405 -0.0194979259942303 0.213046677425109 0.19493687733253
0.146374701151828 0.224202386185021 0.0189846857942435 0.223239860413347
-0.104987151082042 0.264545109121036 -0.127810693263261 0.0352605311923129
-0.235473803043099 0.157790085513102 0.116956375928098 -0.154040286586322
-0.140645109666888 -0.0402106657576174 0.417181878161852 -0.227205785582557
-0.173720229936236 0.0539305172835422 0.401081974288274 -0.068193650208497
-0.0742645905993037 0.139520208042659 0.360519372533288 -0.0927267822443841
0.0772142334764561 0.103604610578684 0.221208594797884 -0.188205579968054
0.114106674644151 -0.00288021422911018 0.0918092588285719 -0.233255901496223
0.0834290586053332 -0.0682900981001297 -0.0234185325956226 -0.253086106854613
0.0203267280234053 -0.107312697568365 -0.0709541552528047 -0.222305845066504
-0.0104172608884429 -0.110231259608347 -0.0326224044774609 -0.177057449014187
-0.0123701724219733 -0.108920732856375 0.0479535704282357 -0.193678028301806
0.040682052804132 -0.124107836215598 0.172055845684831 -0.165132256554019
0.119682437602837 -0.0890615232708188 0.286824542915769 -0.0437508648246806
0.173293937986236 0.0158078269375198 0.230535160146069 0.182206831940459
0.0589044080151311 0.181405541897481 0.0311691603468659 0.215733912468803
-0.127760842324795 0.14292178327382 -0.103206069035528 0.025556290894451
-0.170705757691344 0.0207610695970046 0.181174910069259 -0.165900587139559
0.0983269968172932 0.0351187811867446 -0.0516663557845825 0.318140426330145
0.0463121262610999 -0.0914075937847721 0.163952819623167 -0.0353731189281528
-0.052719902293095 -0.0735076571988904 -0.131663957642638 -0.214195990753768
-0.0718769070727805 0.0289806176554545 -0.34839381110215 -0.0363915774136037
-0.0102215083194209 0.0524948839504906 -0.270048516716036 0.243657237533418
0.0139138285138196 0.036016557047871 -0.0328343314141675 0.317734831712079
0.0271873832262699 0.0320410496194102 0.112447656530636 0.242803390117571
0.017682759042404 0.0172293440203808 0.166809762955243 0.166667575050013
-0.00266167574002705 0.0237659178507633 0.209669074869898 0.147514387902741
-0.027061669145513 0.00744629628546001 0.191384076968198 0.197427635363774
-0.0165266654772736 -0.0125456312761339 0.0975248214679713 0.265284694675197
-0.00871772959108114 -0.0354057662102145 -0.0568444993453755 0.284155829760535
0.0669046246531613 -0.0358103060633788 -0.23028117257007 0.28915986565885
0.114079200849058 0.0316987449551087 -0.323012023581663 0.300955983866174
0.058011834482003 0.120691618299331 -0.242529552100897 0.447210655554151
0.059669203929942 0.177463903913096 -0.0868087343134784 0.303514241765705
0.107544627730877 0.0362057852640581 0.169240821869547 -0.0279470395252264
0.0554670590050815 -0.037979060930662 -0.111431480706854 -0.238657963748777
0.00919497198699342 -0.0369305780070118 -0.361798306406516 -0.0784399561159424
0.0184642597395267 -0.0394002603881001 -0.296177979490859 0.229804734660184
-0.00954091440012459 -0.0525067275509945 -0.058154603899167 0.315197543518771
-0.0322913303833242 -0.0298685361352108 0.0911893447065401 0.245590269329072
-0.0414818010148471 -0.0417915697024574 0.156214878208544 0.164240202527561
-0.0553702767937099 -0.0485689535876059 0.202927800908066 0.130692052493153
-0.0358958421080779 -0.103449491503431 0.209298275436579 0.164284627279364
0.0530436283992944 -0.111467550555336 0.146105098915483 0.239333568260582
0.114469511348261 -0.0660074687102253 0.0127688629314503 0.290540698506
0.176576311417491 0.0630492185317207 -0.169572252687475 0.306699277495082
0.130814554626478 0.216229199271455 -0.272419347004765 0.291860654059488
0.00435151728633706 0.296476276000908 -0.204470211770259 0.386288562215601
-0.011731917982119 0.300197817610562 -0.0977936268859111 0.236006283633422
0.135132163562865 0.190909831233101 0.184172978453527 -0.0453268008980255
0.164252745726367 0.0413977650713146 -0.0675825523957717 -0.280571271689931
0.118723351355371 -0.0833041317689672 -0.353875648865095 -0.14631288047987
0.065445001957318 -0.132390281555881 -0.315414882969175 0.179617481150205
-0.0212098000345964 -0.147177483901941 -0.0954662704805787 0.276818845614665
-0.085661871417405 -0.0963198795357144 0.0462267565870558 0.217383276175005
-0.0959277139220055 -0.0941543371780309 0.122962854838211 0.137964558760109
-0.103277936089112 -0.102798723628933 0.174820385339481 0.0886888386987809
-0.058966505618327 -0.187944427800181 0.214825473813422 0.0957591774359981
0.0822975000812967 -0.205987969629629 0.200737265353887 0.169976118920819
0.197246444662121 -0.135692764840853 0.113963246296828 0.269951280409153
0.291999343906426 0.0961203576368135 -0.075058922665739 0.317853836223911
0.181171268602699 0.340604779674126 -0.213183229675703 0.272772107561697
-0.0134370060623757 0.428092394621765 -0.156365504866775 0.277408166304454
-0.0989996816946085 0.378656551728248 -0.0745666667444361 0.116250388459896
0.115048069692362 0.341424686314756 0.208658140764052 -0.0881423604384285
0.243128965942652 0.155540573329219 0.00472500937510249 -0.32038280605371
0.235061819600142 -0.0906064889010379 -0.300493550520775 -0.226470735450455
0.126439406972141 -0.203668031875006 -0.308148251027503 0.0904982416816024
-0.0157945752913648 -0.228395248499067 -0.132038799755672 0.197617191935646
-0.123097328316111 -0.155542150302878 -0.0122078659822312 0.158793962410004
-0.137659374212006 -0.133580939521122 0.0722752696912913 0.0913000439112651
-0.139472025741928 -0.13380778314515 0.126731048324622 0.0315154675494944
-0.0865720045023182 -0.234226709279932 0.19572572376058 0.00970928594856645
0.078456797465585 -0.272218228219411 0.233636237315419 0.0702784407491396
0.2307967090325 -0.207995310148255 0.206758895717628 0.210190549061227
0.371629962306655 0.0795146975465382 0.0232574154900175 0.295615026882141
0.227088605915493 0.39056710597151 -0.161653005658283 0.239385757916599
-0.0137198751465841 0.490788734029025 -0.113163575821108 0.141274582900638
-0.17467090366533 0.387461581871512 -0.0149631256704664 -0.0399921965577658
0.0495279803309737 0.430395839238747 0.236221976841353 -0.150447843509558
0.255805692438182 0.262560118627916 0.0912706522801821 -0.339560183649889
0.311510959286202 -0.0544236157060836 -0.199478221529295 -0.289642272326835
0.178201754069921 -0.230122363160287 -0.26030668419668 -0.0239089616024302
0.00173045663865274 -0.270677589498341 -0.15829164972445 0.0855206626483842
-0.137243422563946 -0.191524252792266 -0.0750145151889256 0.0769195244467918
-0.159181911820068 -0.153173851530671 0.0121947960892633 0.0326236349917484
-0.156319335473631 -0.143382267440943 0.0667412583013118 -0.0315794174627889
-0.100825931586359 -0.243571645098488 0.155587415928555 -0.072457389442879
0.0632848217294039 -0.294416715723966 0.233656355687964 -0.0314892912058346
0.228740200424595 -0.242785569930482 0.26357576600384 0.133507129167213
0.389134806084355 0.0611435328328358 0.0953141855502818 0.250124737177656
0.22657281464425 0.38626656137938 -0.12766502776174 0.194120539983684
-0.0242248007969067 0.480779538334489 -0.0788993137488285 0.000370803733657958
-0.21089523642828 0.325546410545166 0.0677256858735746 -0.201297075445065
-0.0329467311913518 0.417742977566178 0.26484229385327 -0.21540775257891
0.199344947768599 0.305162850252167 0.17116201891465 -0.330483677949991
0.310974990790866 -0.00137558098051602 -0.0778140217503887 -0.314326661527581
0.19323020767172 -0.204815463445068 -0.182071924503088 -0.130718585177265
0.020177900924426 -0.259199902024533 -0.16887881101816 -0.0349316556651586
-0.126694797509303 -0.193379303042206 -0.130914354766196 -0.0112290630127709
-0.155889746390001 -0.149340471613681 -0.048095223010182 -0.0286768025519414
-0.151365004179958 -0.136547419179489 0.00557996101247147 -0.0922748752454358
-0.0966692752451055 -0.223821984537406 0.105851318996734 -0.143273996159973
0.0525782858962874 -0.273381043206932 0.217466987447583 -0.11362070901044
0.212138773067094 -0.223437218232821 0.285145967498376 0.0681321821375283
0.347839131795274 0.0688506121756828 0.135358822773328 0.200773432589084
0.172087814281005 0.347321929421592 -0.106082658244986 0.148224754821812
-0.0526023046533607 0.403719403138443 -0.0458132966039845 -0.122272370167774
-0.195279049719712 0.20202918143643 0.146567598537658 -0.338357861669021
-0.0893095524394993 0.307755812300472 0.282465259134781 -0.26533041816287
0.108867214757817 0.260295096443159 0.224332037684434 -0.304868723367864
0.234888755272378 0.0312830049876541 0.0221978763039174 -0.304090907674307
0.157564682323385 -0.145033480207912 -0.105480567027393 -0.207351206780913
0.0273671060428586 -0.19803769039768 -0.171117980288969 -0.133034761188877
-0.0951602770400537 -0.157203931206031 -0.17367832122695 -0.0852250655861063
-0.127319491989738 -0.124592558984192 -0.100315970963936 -0.0824133003845684
-0.123801389437208 -0.115035721828811 -0.046194294124652 -0.144526574978154
-0.0756251271501751 -0.184049563542271 0.0635197900884326 -0.198009145206661
0.048762157458108 -0.221243400823171 0.203198108813265 -0.17249083550057
0.189974646381644 -0.16737580648549 0.291924411575715 0.0236753566925537
0.269587094053464 0.0948765135328932 0.15120575360343 0.165047499918063
0.0816829498571933 0.287410968130526 -0.0894960232158012 0.10937770826517
-0.0943160514200699 0.280920958161699 -0.00596317896427893 -0.211469091429131
-0.13922109924377 0.0444758614062721 0.195573196697354 -0.426160481540736
-0.107184801454174 0.140014228913802 0.278489658870355 -0.291955464760922
0.0239337771603258 0.152950152031974 0.242821181170103 -0.287102009776069
0.120237715267731 0.0361963940657869 0.0745233689587388 -0.288983801888344
0.0880678138537031 -0.0694384982594662 -0.0659566540305186 -0.24691799417837
0.0258672452528686 -0.104460899197493 -0.176067401534773 -0.189314239618372
-0.0496477093717841 -0.0956031642750302 -0.199240677223818 -0.132317873363763
-0.0779376529482205 -0.0816659760838558 -0.135484280291935 -0.120401988782579
-0.0784903059653081 -0.0814346985490416 -0.0798715055865734 -0.18429850834035
-0.0451734600569887 -0.127199594939344 0.0374840784650132 -0.240054538506542
0.042474134471603 -0.149734852074546 0.200987791816688 -0.212467048537797
0.154439566891735 -0.0947709732460603 0.298444843966628 0.00235830152133836
0.169021265672868 0.115504739284051 0.157941998751711 0.151229284970408
-0.015206023707542 0.200996777268875 -0.0720729149992896 0.084820334222276
-0.126854376127785 0.125380911627457 0.0427641034642386 -0.256268674728263
0.103097197901009 0.0316441128913902 -0.0382064037144458 0.328123811588426
0.0426022487373373 -0.0955848995902901 0.170139107761464 -0.0457622110697614
-0.0571173687960582 -0.073080066735321 -0.141619354378565 -0.214963137333151
-0.0727732570164244 0.0337270851966569 -0.357901625957996 -0.0236742459033668
-0.00862121160775412 0.0547941680982125 -0.267706115396703 0.263184136166472
0.0152793480097883 0.0362612519598469 -0.020343655509192 0.325185215751576
0.0295101719962851 0.0307697858907625 0.125143455141415 0.24011769072965
0.0182033583074609 0.0162995724719991 0.17810010064766 0.161629379810056
-0.00224608475450759 0.0234598016440713 0.221430863153105 0.138963756523503
-0.0270801673041791 0.00873178842178029 0.206536930433784 0.193713817262067
-0.0172564353743063 -0.0122281944683471 0.111431944039983 0.269032955244552
-0.0103308200400535 -0.0349719985865943 -0.0512482579468799 0.29289847045835
0.0674371513682533 -0.0401331676991368 -0.22860093239931 0.306661004671296
0.11643563864709 0.0274088984186586 -0.319914942734986 0.316557428467601
0.0619346934231735 0.12419575422554 -0.232276692683644 0.462503128610657
0.0676301572205918 0.179845339427298 -0.0755947563476523 0.314621911672852
0.110952854066986 0.0317792727198705 0.174912965702731 -0.0382070547602657
0.0545847728184554 -0.0403769920396595 -0.120779183749717 -0.240684908815135
0.00673649003719973 -0.0376810791402246 -0.373482765090008 -0.0655227381536148
0.0164745810399849 -0.0407907949682828 -0.294850068211158 0.247847014492379
-0.0132961227124728 -0.0528656425477158 -0.0465984103318215 0.323816455011736
-0.0341478148198135 -0.0290649678115237 0.104470759718147 0.245123622308973
-0.0453455030588109 -0.0409304968920942 0.167743805541444 0.159210624719884
-0.0588063236120612 -0.046781082943887 0.215683204236066 0.122672413215801
-0.0415209394521555 -0.104058616929658 0.22321150387237 0.158269155157727
0.0484810229448421 -0.117400624374247 0.160954389795395 0.240516696334379
0.113272351028419 -0.0722605545301708 0.0207009128706197 0.295795074722126
0.184058150931913 0.0571603517279062 -0.166808721557467 0.322066328093716
0.141496820240947 0.215450171170154 -0.26741040511383 0.307160053393301
0.0131128114454061 0.305648425502663 -0.19489610197348 0.400104912953282
-0.00151998623391586 0.308230828023836 -0.0901512220322353 0.244945243834366
0.146040062849814 0.188838529651399 0.190921699475186 -0.0566078649043556
0.168710722169601 0.0373067838173491 -0.0758861770305268 -0.284440899340995
0.117163473142371 -0.0888539420921849 -0.367863298186994 -0.135751059481011
0.0601934144257552 -0.138133378317316 -0.31700226791132 0.196443191698153
-0.0284844090215023 -0.149199891566797 -0.0871060375574451 0.286716763111896
-0.0914163354874798 -0.0934491581023314 0.0573194372737145 0.220047693231234
-0.103147299027203 -0.0919141363392257 0.132464479981795 0.134389454575803
-0.110066886134953 -0.0995544381800106 0.185213422508094 0.0805879917768904
-0.0703320302494583 -0.188951937885236 0.22533124877873 0.0860329924179419
0.073471968096906 -0.215027658586954 0.215170859143699 0.166372721177184
0.194878520629738 -0.146545662881673 0.125560597347913 0.269877738446796
0.302376848088748 0.0855672368496135 -0.0693737335023066 0.328724375878748
0.198951022411379 0.340606440382425 -0.208712417732782 0.286622069991705
-0.000874518664733776 0.439184899088221 -0.149167653902553 0.289892255376218
-0.0886081515339784 0.391974308444601 -0.0708890553572566 0.121315482453945
0.131901939078193 0.343032365058893 0.213492504784372 -0.100185116283354
0.254349539615325 0.150879108396756 -0.00343243376773693 -0.327779853905353
0.235691942312525 -0.100462009088296 -0.315806497473119 -0.221167225458488
0.119458214986229 -0.214654238595743 -0.312970921652729 0.102966170803453
-0.0270935994647024 -0.232565175367028 -0.128959515130816 0.20682211405456
-0.131869468291261 -0.152085751718538 -0.00553838278399827 0.163695120608215
-0.146895570705839 -0.129512896036247 0.0779267622856883 0.089325724489592
-0.148203852885242 -0.129357171810842 0.134283871190771 0.0247871075026282
-0.0990221433150323 -0.234744244902058 0.20194078428167 -0.000772196288412457
0.0659133271691255 -0.282307381549383 0.24407630800127 0.0630038842878312
0.225937741326718 -0.221562651963437 0.219315619376546 0.205017924524336
0.384337319859148 0.0645873176972018 0.0314690381551863 0.303879998039608
0.24908397884878 0.390300857716759 -0.157843428478325 0.250978864080314
-0.000365562958449389 0.503213245881196 -0.109754867902437 0.149774533729092
-0.167416387005464 0.40512639423004 -0.0159718085504775 -0.041094410491557
0.0678256327813632 0.437596238051101 0.238804456713996 -0.164506249467364
0.270821692757703 0.260159323004018 0.0846860008296939 -0.350803803520947
0.316509373800165 -0.0670458195217603 -0.214281728370557 -0.289986816067241
0.17228581687115 -0.243083647412533 -0.267235008428124 -0.0164131759511918
-0.0105273195322979 -0.277368365143264 -0.160177211667676 0.0941212873770289
-0.148502967477215 -0.188007269491377 -0.0741681689921361 0.0850830237193913
-0.169423443422258 -0.148280135450895 0.0139274570139435 0.0319271935291327
-0.165118946984008 -0.138455016979847 0.0700279014463445 -0.0362228729661681
-0.113849160599493 -0.244118246594721 0.156194722775202 -0.0840637390535791
0.0500350830458493 -0.303578813587778 0.239919619744447 -0.0414507740355612
0.221297000823405 -0.255757278046826 0.274449056837198 0.124103367904024
0.399147369987579 0.0467305711033281 0.104176896696035 0.252919850184517
0.247841246420881 0.385063776943099 -0.12410861824635 0.203021595233913
-0.00949184291028302 0.491455802585241 -0.080406671001807 0.00530445375083749
-0.204612166082027 0.341689127773437 0.0628572694383094 -0.210320516470868
-0.0169822177395653 0.42790679384474 0.264022512589371 -0.230703300609658
0.214725100235909 0.305846588103529 0.167482696457519 -0.343864811484926
0.316898721077613 -0.0142863715391656 -0.0887700290606363 -0.319251416015939
0.187673308594847 -0.218121317173938 -0.190629003008403 -0.130235775988805
0.00873227463593051 -0.266753208361682 -0.177029287838637 -0.0278902608356297
-0.137563826568916 -0.189607156257531 -0.134908054170977 -0.00165652834695648
-0.166495254591192 -0.144317209506906 -0.0503063650782514 -0.0269652102980459
-0.159979167881318 -0.13110294464666 0.00379627058529048 -0.0946125389414959
-0.10882306523715 -0.223948183745736 0.103094722289992 -0.152923401030877
0.0412683447090971 -0.281217633174535 0.219599134201087 -0.124781299270392
0.204839809231905 -0.235892771417849 0.295394688297046 0.0559383387726762
0.358454332333845 0.0551035684963368 0.143064568064798 0.200421330152399
0.190752161011998 0.347229450383132 -0.104727381313002 0.155864525966663
-0.0410020722193022 0.415054537345253 -0.0520616913065836 -0.120785223400641
-0.193499863334245 0.215518216675633 0.138245058669824 -0.353136524816689
-0.0791626198923898 0.317752517981859 0.280387348887398 -0.28162446132848
0.122084437488621 0.261956164046164 0.220881035487939 -0.320184069414506
0.24158788458762 0.0218215982654839 0.0150745994618773 -0.313125632599672
0.154125884416791 -0.155819905811209 -0.115161647407216 -0.211113293376388
0.0192229008795909 -0.204691307626647 -0.183489736730084 -0.128010666359257
-0.103978574881549 -0.155154157793787 -0.182491833202577 -0.0756760897945923
-0.135429683672284 -0.119853680683237 -0.105846859224647 -0.0790514895940994
-0.13093398111343 -0.111357860931848 -0.0521098488184094 -0.146321788801021
-0.0851973548726964 -0.184351261969527 0.0567160165724771 -0.207013749675894
0.0398017708422781 -0.227704202901187 0.201557903946007 -0.184274553137043
0.185226654197111 -0.177124875900237 0.300195805379781 0.0110959318087801
0.278885073568421 0.0849806066252679 0.158660722147457 0.163806493893675
0.0948677470016872 0.29018067364409 -0.0886894103629202 0.115487497126317
-0.08815219016131 0.289240553778981 -0.0139070399666928 -0.212341968690045
-0.141920433234968 0.0517704410151574 0.185015806704404 -0.443859691357282
-0.104207930982819 0.146795699865391 0.27397336695195 -0.307469637257551
0.0306920625044233 0.153783766406089 0.239448765699106 -0.301035695189829
0.124068744357195 0.0307112361508871 0.0686436065588214 -0.299676837300297
0.0856296988250613 -0.0754396367147127 -0.0760811399085095 -0.25412117305053
0.0222904711114425 -0.108786669095351 -0.190760910901915 -0.184863308541402
-0.0545831843414017 -0.094528705432583 -0.210622890109835 -0.122154719988286
-0.0829871578579989 -0.0788719574217345 -0.14375567326303 -0.116386879729044
-0.0832475362043706 -0.079650420355287 -0.0892668302733467 -0.184714582801518
-0.0515944337553041 -0.127478789379946 0.0293245893945839 -0.247167723928086
0.0372173638496771 -0.153628159008267 0.197758453299898 -0.225150552746209
0.152637173384967 -0.101871422241306 0.305449252611051 -0.0098382651201001
0.177039399075864 0.110965729618928 0.165374328047041 0.149272593366127
-0.0084308385933698 0.206764483165111 -0.0718072684151434 0.0908187711311051
-0.126040483013012 0.132189548792721 0.0327359674745319 -0.260805083910017
0.10686618685887 0.0250129779017481 -0.0156975149977996 0.332979251357945
0.0359704820332709 -0.0988567450093285 0.171631394446264 -0.0610417531747706
-0.0620052209373936 -0.0699433107629643 -0.154003812533535 -0.209380839819708
-0.0706794246968519 0.0391218603382065 -0.361406749853129 -0.00206595185004409
-0.00542009468452427 0.0565711662018388 -0.2543625984323 0.28437986771767
0.0176640964200427 0.0359926582328004 -0.000385025565098191 0.328342213121842
0.0317874761953248 0.0281766641419239 0.141154528477649 0.230029231399354
0.01849635377964 0.0148197503589648 0.189611321075995 0.149600460107039
-0.000162762386883258 0.0232084933227849 0.232656868571269 0.122949880659928
-0.0267205290810189 0.0106866327008649 0.222903591889949 0.181132826676236
-0.0179958722647168 -0.0113991548085462 0.12974633010862 0.265270863578324
-0.0122938420147223 -0.0340859898839201 -0.0391377530649671 0.298212375083432
0.0658187249780999 -0.0454188696660733 -0.215348111156155 0.324135075265862
0.11678883816935 0.0199371663685249 -0.302844778169039 0.335251573157644
0.0687492869519736 0.123815532359648 -0.208656379473547 0.47745249878288
0.0787954707326625 0.17739751432973 -0.0554745122699543 0.321274095000473
0.11286140510096 0.0249082188649344 0.177522650129719 -0.053266759609907
0.0522600188105338 -0.0439854611496254 -0.133331043358794 -0.236626436587025
0.00394827976391617 -0.0369537882783734 -0.379909091100433 -0.042887640031082
0.0132097536570413 -0.0410908163050312 -0.282920256829273 0.270190131583223
-0.0171107188773482 -0.051755572211018 -0.0269748976715157 0.328456155625698
-0.0353715931299002 -0.0271289126862068 0.120582619867839 0.237940952789944
-0.0491306842650075 -0.0383227138928067 0.179213840292218 0.147382311539605
-0.0622621218717034 -0.0430822875616487 0.226322064557515 0.105149072693735
-0.0496849191409631 -0.102045023594581 0.236959844987639 0.143098241441655
0.0404180136341724 -0.121201127955647 0.179847002940306 0.233517076239846
0.109022136811353 -0.0788121135368187 0.0358936405999994 0.296129843856406
0.187973116967618 0.0450623317986039 -0.151941196201819 0.336355607358932
0.153896041860087 0.208051281710269 -0.251787094489109 0.323435908834078
0.0287133922013972 0.309071479724594 -0.174017322314325 0.414474422656186
0.0160204809160076 0.312634802082877 -0.0746424545930491 0.252248013868584
0.158230839345706 0.181053877455513 0.19207200007615 -0.0717050549986912
0.172040376564587 0.0276575910536431 -0.0893746639418263 -0.28304640153024
0.111372265998781 -0.095260580735495 -0.378718912727683 -0.113801042442648
0.0511082878247003 -0.142400291065242 -0.307579182967909 0.217522224775149
-0.0398713091612142 -0.14766118083207 -0.0699583799618904 0.293654123196106
-0.0973428039889954 -0.0870749027743004 0.0718245565375124 0.217113401958285
-0.110317624638981 -0.0851816923816511 0.141733202840984 0.124781702533078
-0.11680945901783 -0.0920368083978467 0.192916282841017 0.0659527186194067
-0.0835308252277299 -0.185045365295168 0.233727611365322 0.0702288447723213
0.0584322644054329 -0.221610041107951 0.229954698879073 0.154636463024695
0.185807132791181 -0.158591002415167 0.141539049267082 0.263956937706449
0.309912835091186 0.066171589268237 -0.0539146123121865 0.337600141978222
0.22110350758074 0.331086129393099 -0.19381580496575 0.299260445053408
0.0210797066366929 0.444913447384582 -0.132263979850393 0.300123384020244
-0.0667505348635152 0.402868235113847 -0.0636662979755509 0.126028245332444
0.153517602744673 0.33644509834732 0.211264087262212 -0.11659698795441
0.265130002315883 0.137707689425836 -0.0180869266705471 -0.33045932831505
0.230524511657828 -0.115768593329271 -0.331406560848076 -0.203515943482539
0.105732651688664 -0.223524957071309 -0.30888976508213 0.122272700555101
-0.0439920399039405 -0.23184867639575 -0.11807404517375 0.217148069591824
-0.141798948521135 -0.142778861074549 0.00516934681895438 0.166734876515515
-0.156463413742473 -0.119207319975375 0.0844660670141626 0.0831454410415845
-0.156523796711948 -0.118794084354077 0.138835769290881 0.0132202270356238
-0.116305947089613 -0.229238633183531 0.20344876923963 -0.0171042301281063
0.0462528709657965 -0.288351848267766 0.252827293129776 0.0485510926360796
0.210898304613993 -0.235994615780801 0.232841345554486 0.191979974554613
0.390627291042429 0.040685240388682 0.0470312887386719 0.305834598880237
0.276081602286859 0.377236587630953 -0.146317154623159 0.261066435136775
0.0250495628825456 0.508397296772038 -0.101555614995954 0.157673942665461
-0.144498381039995 0.421831097231963 -0.0180511708229043 -0.0419461257062417
0.0957926001733223 0.435281725163373 0.232352897436106 -0.180915595441039
0.289910875427723 0.245337949313004 0.0694191403508493 -0.358329945453383
0.313915693646865 -0.0880691475038135 -0.232176042275617 -0.279745071997248
0.156137525452438 -0.256746000431357 -0.269949531768427 -0.00261341636369033
-0.0302606572105727 -0.278395965627985 -0.156913947193495 0.10494197834902
-0.160549988532595 -0.17686005297665 -0.0689866553234692 0.0927189235206804
-0.180295662267133 -0.135888207568944 0.0159511768711746 0.030548699489159
-0.173910654776128 -0.12645500319013 0.0698804590483839 -0.0428171319148542
-0.131469855121118 -0.237092140965548 0.151561896972434 -0.0973650822266569
0.0290371415721397 -0.308829672692454 0.242158964209386 -0.0567344144751509
0.204576899993586 -0.269747339851173 0.284007676658773 0.106106445284224
0.405907404551744 0.0200946309956256 0.116994768903595 0.250223165763813
0.275455895218625 0.372870592267834 -0.115911757526787 0.211881095275856
0.0150247550176096 0.495981619159052 -0.080460736819684 0.0114382552873629
-0.188095495754845 0.359736310716384 0.051299081922806 -0.216302354835579
0.00990495187450753 0.431799223019419 0.253316903898562 -0.247805056042183
0.235210352524658 0.295922623840775 0.152715338835645 -0.356642895775767
0.318148548520968 -0.0340774343937441 -0.105975117633578 -0.316687980566597
0.173829086680821 -0.231610602090656 -0.199428401559511 -0.122451732045909
-0.0100371353115616 -0.269646934460084 -0.181709598483548 -0.0163425011856273
-0.149508677069815 -0.180081873549115 -0.135576859575082 0.0109483172980966
-0.176560930153164 -0.13261166995488 -0.0526074811710262 -0.0243708022607993
-0.167815476059652 -0.119902707491116 -0.000401762009177398 -0.0968403799565424
-0.124325058668366 -0.217443094337991 0.0928936726134337 -0.163051292503583
0.0221380477697136 -0.284659789719371 0.215457878231174 -0.139323908478742
0.189540330851217 -0.248190160080067 0.301406423643377 0.0355643609643962
0.36356717793833 0.0319555527934015 0.153326525948618 0.19431799084509
0.213423413931298 0.339226137996864 -0.0989870059084329 0.162499190661299
-0.0221340230781156 0.420260431760537 -0.0588035970795195 -0.115843475611636
-0.183232945677332 0.230009161533384 0.119313791853538 -0.364703036737112
-0.0598991382955548 0.324248820582904 0.265936237182906 -0.298669349387664
0.139260312020796 0.25548745975639 0.207641503670703 -0.33496679067081
0.24351663165566 0.00659009845373042 -0.000188418696061118 -0.316963039827356
0.143514021138839 -0.166903981452621 -0.127280670246691 -0.209122324298316
0.0050921131814701 -0.208136831374856 -0.194402734675276 -0.11628028960552
-0.114160989449861 -0.148014899833459 -0.188224598482134 -0.0598229956270002
-0.144004512932704 -0.110227768284725 -0.110976115450755 -0.0718298625054312
-0.137836300507818 -0.102108097309383 -0.0604184516777299 -0.14405938643407
-0.0980225804669981 -0.178972240325597 0.0439900689863112 -0.213210422842923
0.025231710524216 -0.230874500105813 0.193252047691467 -0.197772638778681
0.173649299562192 -0.188544173795477 0.30300235665055 -0.00844781867576775
0.285492584588591 0.0673325946294921 0.1665567141504 0.155657522780253
0.113133456017156 0.287048170816739 -0.0845606297447485 0.122258385816584
-0.0740573295776034 0.296831690431091 -0.0274806367027938 -0.209791215202507
-0.14014313015442 0.061474648782606 0.161688881406765 -0.457923406267047
-0.0954687108520411 0.154420206769404 0.258696189535768 -0.322141946269168
0.0403744878924623 0.152265945519399 0.226929779515086 -0.31754926688723
0.126288066338899 0.021978449968411 0.0562981901494015 -0.307088549443239
0.0800966492162889 -0.0814795703731951 -0.0912588210394964 -0.255129600672275
0.0145828502061432 -0.112196232678789 -0.204762697003399 -0.173155049748204
-0.0612498786964651 -0.0910294621665482 -0.220079015879337 -0.105631861170379
-0.0889658745649222 -0.0729182950177158 -0.151114004321543 -0.106791544094386
-0.0883385339001679 -0.0741497358022811 -0.099948420060611 -0.18065217502127
-0.0608768318476363 -0.12465778594119 0.0143824300066791 -0.250637205876899
0.0276154970425383 -0.156480578140212 0.186638375548802 -0.237875861326989
0.146588194315431 -0.111426044074421 0.307253650152596 -0.0296499342434172
0.185168919843548 0.099801834983883 0.173099077942291 0.140438407357629
0.0029964862849121 0.209383590293182 -0.0672914376765694 0.0973879368030661
-0.12003107284085 0.140527187917943 0.0164722130764403 -0.26068502670887
0.107237460485573 0.0178201537277562 0.00777412997183388 0.327060673960882
0.0284835372763719 -0.0996295919032941 0.166924432653609 -0.0758148877471651
-0.0657427640970182 -0.0651757595184685 -0.163099224241453 -0.198262738332049
-0.0667292934642706 0.0434513270651188 -0.355458444440052 0.0211865416698347
-0.00169323352567099 0.0569534353032533 -0.231191970750555 0.297703217883847
0.0199563274289919 0.0343348149125539 0.0209241194845728 0.321953602569803
0.0334992507061614 0.023948538626596 0.152241476457711 0.213624423751821
0.0183279254169857 0.0129234551477874 0.195646147219591 0.132241002206041
0.00139972314593881 0.0224505238288042 0.236589215025826 0.102295868690965
-0.0254021992097749 0.0127475965252997 0.232503500633611 0.162652291062078
-0.0183357913078502 -0.0106908718825938 0.145573122764631 0.254110475443632
-0.0143816536152909 -0.0321099991795597 -0.0246893591511937 0.297936245709405
0.0614424153288809 -0.0500172932163946 -0.195104050006915 0.334641815694987
0.114184634374458 0.0127590596620595 -0.279827373877006 0.345119128318041
0.0753085988816446 0.120050604518641 -0.180502823017207 0.478436154513822
0.0887635948387009 0.170832547989916 -0.0326559226667091 0.318212419349435
0.112247191143176 0.017235109352458 0.173802124432311 -0.0678206888480745
0.0485544385373142 -0.0456290002615759 -0.142497371459557 -0.226706000496771
0.0014577562113525 -0.0353407781518035 -0.375628375061389 -0.0183970273788533
0.00947655439505264 -0.0410292092524455 -0.260434389154305 0.284507159172398
-0.0207562880218808 -0.0489703233418158 -0.00543682525030258 0.323951664243139
-0.0362126318172313 -0.0245601401999156 0.134110026813314 0.223613512005418
-0.0512196700424819 -0.0338432448762717 0.186160141717877 0.130786890851256
-0.063752442031483 -0.0379567239377224 0.229599957092835 0.0853050711335178
-0.0562297343746301 -0.0964247408504993 0.244255661130093 0.123607421986197
0.0309430630092524 -0.122600330082948 0.193657233891657 0.218257693190043
0.102074212461956 -0.0838085350256594 0.0500719578923293 0.289868362108918
0.187583028663616 0.030946732921113 -0.131884724352127 0.343210015392362
0.162786678765672 0.194155174045986 -0.229818680209961 0.329980656500039
0.0447818791651515 0.305342393189051 -0.146541744197033 0.41532311222693
0.034819842684105 0.308102615338679 -0.0577535468715208 0.251801077421861
0.166714331267756 0.166556485752751 0.186433316728838 -0.0856410969175102
0.170635518341048 0.0172855450387513 -0.100695422693 -0.275316356218563
0.102449512034146 -0.0999155529926351 -0.379245088722381 -0.0886175175329209
0.0396706055026422 -0.143644291701566 -0.288880911722407 0.234695765712236
-0.049862400473866 -0.141358425587689 -0.050677372696081 0.293150380727388
-0.100163496208926 -0.0787421027783356 0.0856810079237079 0.208258673940548
-0.114052550918731 -0.0749134371210411 0.147847180921103 0.111256194666612
-0.119451482190972 -0.0807489816382762 0.195006457949709 0.0476510294387819
-0.0953273181827384 -0.175796145852935 0.234858411627128 0.0515713350960896
0.0415240631704857 -0.222148390536918 0.238928492652609 0.136946541379602
0.171888246470793 -0.166894871945912 0.152051393636775 0.249336178846159
0.308557161960363 0.0448776039531808 -0.0349683757512098 0.337762328596716
0.238031251726614 0.310368530046057 -0.173770046713875 0.303705186329629
0.0436473227055834 0.439204361858913 -0.11174899635172 0.302311559238914
-0.0410660704911288 0.402481649378958 -0.0545678908249876 0.126034050984047
0.172875316928589 0.320865370336824 0.201749523908555 -0.129449399259699
0.269119488242208 0.119361727414253 -0.0325477854277929 -0.325621979853582
0.218341974043469 -0.127094309466621 -0.337837689794211 -0.180331628034533
0.0883651060380314 -0.226537879301912 -0.29690020991717 0.139503069307505
-0.0603180444543029 -0.224569457698571 -0.102953438775344 0.221236329829621
-0.147580595949288 -0.12894589699113 0.017042537028421 0.164135058267698
-0.161381966426749 -0.104970918186273 0.0887236934457118 0.0749632615013258
-0.160154286266965 -0.104560556546682 0.138679582230187 -1.2358045406812E-05
-0.130276286022714 -0.216959056824149 0.198887666453345 -0.0320388054923059
0.0252243149496673 -0.287227994290989 0.255400973051872 0.0303509459176778
0.190277210108348 -0.244218402609701 0.238613806825505 0.172497621287874
0.385908768434757 0.0139678376293243 0.0623306476535201 0.299519722799968
0.296082626526122 0.354089764678606 -0.130642176111308 0.263855679952893
0.0522296732431042 0.50048765797142 -0.0897555976800626 0.16123421711
-0.116800682215961 0.425748755684794 -0.0207409669235894 -0.0416977996415886
0.122859873461041 0.422073213345954 0.217870071421243 -0.193130168812237
0.300934093421384 0.224548180366816 0.052262967883069 -0.358155825309074
0.30196069792775 -0.105173856527405 -0.244186889647882 -0.261512326123635
0.135364173170511 -0.261913516795756 -0.265362994741516 0.0129706414891271
-0.0495593002688326 -0.271642030825974 -0.149510517552793 0.11397209123553
-0.168304539626454 -0.161409036905987 -0.0603134514522852 0.0987230736908764
-0.185588530907688 -0.119409642200701 0.0174566120251336 0.0280676366985558
-0.177311834122476 -0.110844829348637 0.067107422186224 -0.0500055630041503
-0.145615208334278 -0.223292834629892 0.141652635144391 -0.107843315619925
0.00738430057737205 -0.305295920249177 0.237780954306633 -0.0722109670307251
0.181669522155991 -0.276751916008241 0.285050380403873 0.0847422102919674
0.399590782069905 -0.00704690753600138 0.127824243495724 0.240240751952008
0.295118426624355 0.349331539356563 -0.104012052873449 0.214745232285231
0.0419275261533116 0.489148913992521 -0.0788191300368107 0.0172912942199724
-0.162912369426878 0.366878351502055 0.0376081301488428 -0.216646483085468
0.0369377330924208 0.423660011664335 0.23408640104274 -0.258084147974574
0.250562491117928 0.275405278829726 0.133419766603231 -0.360016916407639
0.310477311223191 -0.0534520634010907 -0.121541617352184 -0.306993424549433
0.154461878433668 -0.240019579866019 -0.203266883997538 -0.111303398519174
-0.0295361578025654 -0.264733626084509 -0.181725268863556 -0.0035010930781698
-0.157695294042939 -0.164567096162395 -0.131829669570182 0.0239048088660525
-0.18177640966226 -0.116416983573156 -0.0533903059776721 -0.0202427091208662
-0.171146306373485 -0.104943841876061 -0.00544868881485599 -0.0976854599957663
-0.136353492645888 -0.204505250814276 0.0805438756075572 -0.1677591666856
0.00223542494138674 -0.281456436380082 0.206155145174771 -0.150972397409181
0.168782451713747 -0.253958672739815 0.29802701725283 0.014552332495058
0.359346828037268 0.0068670784630431 0.159470647000765 0.183145242632489
0.23118075587924 0.319930072663876 -0.089390609136711 0.166448435232144
0.00149171562804714 0.416338725756034 -0.0650816674809791 -0.108115719262781
-0.166376695511364 0.239632634121952 0.0954926397711813 -0.367085619805672
-0.0378740719369721 0.322274252500741 0.243795932819501 -0.306984233921184
0.152305984659516 0.242194856904015 0.187530549604067 -0.34189988520749
0.239026255703918 -0.00948313567071131 -0.0163150451755409 -0.313234676967794
0.128486801094213 -0.173592701309626 -0.138344420889697 -0.201561670595149
-0.0102480143357525 -0.206044077354929 -0.200404376060272 -0.100858644729219
-0.121089765951757 -0.137008640301671 -0.187908040090624 -0.0426598961347264
-0.148532026482424 -0.0967617456325168 -0.113755489535217 -0.0629789517771947
-0.140297230908532 -0.0898559382564852 -0.0675549148164626 -0.13814006318114
-0.107630373450941 -0.169055273717737 0.0291311498375868 -0.213036799788233
0.00940336480128803 -0.228143631305815 0.180404764837563 -0.207014829669052
0.157506844268136 -0.194465180431761 0.298188957447917 -0.0292792065202321
0.28430705979278 0.0473021570405512 0.170805859265204 0.144508058276001
0.128529118350929 0.275401849212365 -0.0772163217772227 0.126273519878637
-0.0570716134807173 0.296975869564354 -0.0396787328692424 -0.201778473202905
-0.134258180925792 0.0696773034142264 0.133089447434877 -0.460277125864602
-0.0841040688175125 0.157119101429977 0.235644329213967 -0.328894945232776
0.0487152090106229 0.146438561271189 0.206165755699008 -0.325400774974128
0.124062218292373 0.0127295839567248 0.0396335025243757 -0.307758715082494
0.0719273959428422 -0.0852194273002913 -0.104695923149506 -0.248828295396003
0.00637070714396366 -0.112315183056285 -0.21440613481217 -0.155862717591104
-0.0651041091586627 -0.0849953748663042 -0.221971949317038 -0.0849918480734648
-0.0923728154879656 -0.0645349933628173 -0.155297276483825 -0.0943787227864767
-0.0907933189121626 -0.0661036722138511 -0.109911124661011 -0.170925227762278
-0.0681950453890747 -0.118860516738525 -0.00202610012321571 -0.247031232836048
0.0173625855212803 -0.155370948759137 0.169492037704851 -0.245327139091388
0.136061496711255 -0.11734265485345 0.300932480756977 -0.0496342035834954
0.187572931228425 0.0853983858797818 0.176671120445023 0.128912233977993
0.0151074599710218 0.206224712307851 -0.0621743220567619 0.10095826178891
-0.110283519763198 0.145428060303559 0.000544608863434937 -0.25417865693495
0.104424862670641 0.0123520734280256 0.0246724861614092 0.315495197814121
0.0224977391384499 -0.0966897278701904 0.158876803750949 -0.0856544552550858
-0.0666315771094513 -0.0606328086191447 -0.166347431809648 -0.186709493096419
-0.0620181627302548 0.0457709775583913 -0.341656747241778 0.0360362569653977
0.00144919964876741 0.0554074791821449 -0.209480700056517 0.301001249596928
0.0210793635724914 0.0322963500281487 0.035610779340601 0.309775565051084
0.0330536862099917 0.0204627040414926 0.155990260186053 0.196260960069434
0.0180349419104636 0.0115089334880192 0.194857401646437 0.116355880398146
0.00219198113981237 0.0212259131584781 0.233647628928113 0.0847009210478412
-0.0242144274457007 0.013315226563927 0.235430803342081 0.144755131664939
-0.0183884225600793 -0.00953011603595785 0.153678463409753 0.239299702288007
-0.015106380090112 -0.0298769535622708 -0.0150313492653286 0.290966946498527
0.0562261589578981 -0.0523894669011078 -0.1758528997738 0.335095917124376
0.109836210025617 0.00743229608150277 -0.25656690560622 0.342296382181704
0.0789081012097901 0.115762397861574 -0.154949995116247 0.46930244763369
0.0937315588121161 0.162355461615252 -0.0158862805167156 0.308646904164938
0.109306430005951 0.0112479590224666 0.166072873921701 -0.0780764003025086
0.0446620309538554 -0.0466011836425933 -0.145596669764398 -0.215672569279322
-0.000989587072507999 -0.0331077364357913 -0.364218909978425 -0.000378521584202669
0.00714545904902687 -0.0393541943296158 -0.238478799997975 0.289341727821956
-0.0227161384733169 -0.0457498311741006 0.0101756354255039 0.314307217460353
-0.0360336263875108 -0.0226899631669871 0.140253356194203 0.207138188690448
-0.0510368245991747 -0.0295346174723926 0.184970868370935 0.114999319586089
-0.0629319260513777 -0.0329847966462797 0.226204417546552 0.0671444176777101
-0.0596905599887406 -0.0898620346539639 0.243690569767958 0.106009220275556
0.0234991481889669 -0.120499859386811 0.199473432873479 0.202462815208792
0.0944804675342537 -0.0848233233867054 0.0573019392508706 0.278955599903439
0.182530725168648 0.020703328957805 -0.113924082930096 0.339932694270626
0.166113675133062 0.181120136372726 -0.208893638130581 0.325844889083338
0.0561409555579362 0.296837953671871 -0.126037771517735 0.405218987851221
0.04740298335729 0.298508571529767 -0.0432733113099857 0.244805132609388
0.168973198232299 0.153039632761505 0.177297362620563 -0.095145403104423
0.166261486731571 0.00988947861672298 -0.106247229694321 -0.265536787862501
0.094212093643 -0.100338762099877 -0.370403206564111 -0.0696831513103546
0.0309119362997103 -0.140157247907576 -0.268312775658315 0.24119154477881
-0.0561215388236226 -0.133743004778899 -0.0351477603558098 0.286478429551
-0.099179821379421 -0.0707809498955805 0.0940505245572046 0.195878671285636
-0.113861170609446 -0.0657923730202666 0.148004267422107 0.0986808090868109
-0.118709863314076 -0.071362374609703 0.191098397789419 0.0326162976850059
-0.101550647647432 -0.164621187637022 0.23057747814178 0.0365657716995411
0.0280302767930687 -0.217543236284564 0.241007868338856 0.120622349315176
0.156889884499855 -0.168482051691438 0.155858635075088 0.233918162095988
0.301133912273002 0.0284500375816229 -0.0212341087443098 0.330274008009542
0.244164016864899 0.291041196099586 -0.157585769572297 0.299747941986677
0.0594203985642027 0.425327443793804 -0.0955206425018311 0.296816819843359
-0.0218189086424063 0.393502628223637 -0.0475088584271315 0.124145185602589
0.182453649076217 0.301081838086835 0.190897584365203 -0.136141948400256
0.266571216786849 0.103609419370328 -0.0411359182434497 -0.317330705756754
0.204755022264351 -0.132504505190563 -0.333626128459866 -0.159206861228004
0.0726168537129666 -0.223080629559367 -0.280279242693108 0.148085615342803
-0.0705363303822473 -0.213304029262311 -0.0898892262903565 0.219477011901453
-0.147090232664608 -0.116774533987085 0.0258056240599126 0.158614158617043
-0.161505452449809 -0.0924235624211051 0.0888775349613955 0.0668656590255519
-0.157452755765963 -0.0916367109755291 0.133743553585274 -0.0103495613959408
-0.137163268792862 -0.202650067547339 0.190846330240643 -0.0426654893416561
0.0084088762229875 -0.27956296625668 0.250991339118292 0.0158874669851764
0.171654801329257 -0.243242956122848 0.237696232885806 0.155008051582181
0.37467229577957 -0.00617397641442914 0.0702153020937019 0.289730951420397
0.302023446198255 0.329020931965102 -0.116507945164499 0.260930390743673
0.0689311717292332 0.485110049393375 -0.0803632972118362 0.159775376407013
-0.0930893756573885 0.420056066801009 -0.0220186595046623 -0.03943632526359
0.138151989935749 0.402127653607732 0.203133398620447 -0.196788013630862
0.301924076017538 0.204180782028859 0.0397591748424348 -0.351410086746043
0.286618410404383 -0.115387399828496 -0.246032877763525 -0.243077343829855
0.116614792867772 -0.259932151034378 -0.256794526419436 0.0222894139194241
-0.0636755286543734 -0.259969172484214 -0.13999582168048 0.118353106248394
-0.168355530523199 -0.146599909110458 -0.0513983166072197 0.100195714447207
-0.184563702697867 -0.104779306214622 0.0182051839568571 0.0261821530981249
-0.174779888466536 -0.0973474451508708 0.0626397424653055 -0.0548671081707356
-0.151509517845363 -0.208388234558518 0.131613557478769 -0.113121692913913
-0.00940089153747118 -0.295213087411022 0.229478553423392 -0.0825668107011378
0.161434785046492 -0.273931408555724 0.278760915529039 0.0662713302524774
0.386177712025915 -0.0270196983936484 0.131376705121447 0.228600738455625
0.300889888224523 0.322402530332536 -0.0934199201183477 0.212655209082775
0.0574423146001278 0.473447348569523 -0.0751549456918468 0.0212853032999604
-0.141815551379234 0.364863289260457 0.0261810522962431 -0.212003191181736
0.0559647172496188 0.408237689566924 0.216339366155604 -0.259382882339836
0.254440405390461 0.255198138255976 0.117829053257103 -0.356074332848641
0.296615505352183 -0.065889090721082 -0.129219615020243 -0.292457929891416
0.136466693672182 -0.238965393719137 -0.201601398114512 -0.101047834585866
-0.043740916633083 -0.254934737407368 -0.176975994267193 0.00637947090381142
-0.158772826798845 -0.151074651506523 -0.123655515446872 0.0318399113493802
-0.180519112653058 -0.1015744480268 -0.0524837679417789 -0.0166054487547692
-0.167941980746049 -0.0917785249373167 -0.00992032733039376 -0.0963852170847233
-0.14174295733723 -0.190180101423521 0.0684041131393735 -0.166850685618109
-0.0127198318907983 -0.272017568302778 0.194521367737369 -0.156816881892723
0.149563542699621 -0.251479548789855 0.28848513318183 -0.00215773457576521
0.346774595189181 -0.0111551110344765 0.159477951374675 0.171851746339336
0.238382719548047 0.298253808738269 -0.0815225264728795 0.165798681878058
0.0180456155193406 0.404484452849404 -0.0673357516068831 -0.0999964462626793
-0.150223123811767 0.240474210903994 0.0762718709631504 -0.358875051267931
-0.0225478937394017 0.312466301402521 0.223043306664628 -0.305452718571353
0.158441675608042 0.226747277786502 0.170027964156209 -0.339860383749239
0.22947907842948 -0.020930075174712 -0.0267563594622463 -0.304068770329367
0.114165283135318 -0.172968836711417 -0.142383579708175 -0.192254115698948
-0.0216250504549769 -0.198944644840111 -0.200314446249941 -0.0873733974121378
-0.12240776411312 -0.12581060076608 -0.182073494678609 -0.0293421245153002
-0.147789304381575 -0.0848388104248184 -0.113422966261968 -0.0545157021837404
-0.138468662885759 -0.0795842023815934 -0.0724329420998751 -0.132087239170919
-0.111910603307154 -0.157975635084 0.0174026552735384 -0.207383401600621
-0.00299367116556497 -0.220787295954853 0.166780745102783 -0.209322228752096
0.141766623331078 -0.194006636260497 0.287406922405959 -0.0435894115671132
0.276759342104107 0.0310390793427266 0.168509509259573 0.133603427946749
0.136472613380155 0.260576415883377 -0.0704902354537682 0.12680430539945
-0.0434818696831425 0.290978426681074 -0.04695899765306 -0.191298257355299
-0.127037854729764 0.0743701023288437 0.108904676026306 -0.451780415340348
-0.0743196839958395 0.155823468977307 0.215934313357594 -0.324145337849242
0.0531417645353216 0.13832172100668 0.187853176109646 -0.324068471341693
0.119471061809023 0.00643430410867641 0.0277605313979326 -0.302035231544764
0.0641988423034619 -0.0855058362972185 -0.112438261763333 -0.239846852725681
-0.00100303363600054 -0.109067150039644 -0.216207637499062 -0.139312267809444
-0.0663271559024982 -0.0789847647835149 -0.218253138621658 -0.0686636925722114
-0.0923928561603146 -0.0562894339021071 -0.154003309012847 -0.0824995190459342
-0.0908583389858108 -0.0590433351261001 -0.114113432917117 -0.160508046458013
-0.0717524992975709 -0.111101118539505 -0.0130457645853774 -0.238735653760368
0.00898710648673448 -0.150758528105323 0.154879580082385 -0.246056358353842
0.125421358192101 -0.118979957894246 0.289058302822608 -0.0627825386185939
0.184911653232966 0.0731905421346553 0.174538788762629 0.118316654482437
0.0236742510238906 0.200074566325004 -0.0563111269735148 0.102576722049755
-0.101164521468786 0.146203136855407 -0.0114628911077218 -0.243322367296396
0.0893306917915243 0.0572212083313646 -0.102111876493999 0.279488383539228
0.0593066121106473 -0.0748771441440892 0.17231075644608 -0.0198964467230815
-0.0353327420996273 -0.0811111250046029 -0.076603108884477 -0.232293230279473
-0.0714101699101356 0.0156756998068266 -0.320988128158323 -0.0981298413840368
-0.018145005561775 0.0479012725549938 -0.3047972948221 0.186172064037884
0.00610425532759396 0.0354850516901796 -0.0894321821198959 0.288518298940234
0.0205193222837181 0.029551532957937 0.0619069079320591 0.233545044356015
0.0117098716467395 0.0169849886144593 0.127813561299815 0.177231162150465
-0.00410024429621607 0.0181362532604183 0.174782138919912 0.163479775345408
-0.0243441258215215 0.00187561825145838 0.155557645871598 0.221005298607218
-0.00935268552715485 -0.0155584714874925 0.0412811657992907 0.271727851271405
0.00152189484041132 -0.0299519854612362 -0.133702394973336 0.252996958351168
0.0728683627767821 -0.0227181546685526 -0.287185642802462 0.228518789573922
0.0954138865181068 0.0527654928963997 -0.360638774880503 0.208932653632974
0.0308731797652923 0.143313187910688 -0.332877979508884 0.359462336484009
0.0137441787839605 0.189267198838592 -0.119703380576026 0.25582001241565
0.0902139504096069 0.0552796719528944 0.182129596159854 -0.0139838822952423
0.0579597828598787 -0.0233907305953096 -0.0432112442548988 -0.257715808487735
0.0140436220559813 -0.0274261308450891 -0.329923376736508 -0.14477271030281
0.0251224864140326 -0.0328663568021596 -0.32974788558288 0.16336604245432
-0.00211044776726506 -0.049902875754095 -0.11706146518509 0.282024510013517
-0.0223329715900008 -0.0346171645252974 0.0430879953531902 0.237990816853709
-0.0343244722312269 -0.0459555161859638 0.119980243770954 0.173550714396611
-0.0418767191885639 -0.0539956918172633 0.175884706308525 0.14402486066911
-0.0182751615745673 -0.103494594935646 0.179905139069656 0.188401450743297
0.0686295858125421 -0.10105975382514 0.0979539052663017 0.256534358329804
0.119345097478846 -0.0383858476125864 -0.0626547673796675 0.271548633989266
0.162366451888895 0.0901131087941108 -0.236586657980208 0.259830602230412
0.0837214652779285 0.228452727244091 -0.317934357738382 0.218326356525829
-0.0557679668312258 0.299958949852031 -0.289761884653313 0.310132662823399
-0.0881453852758576 0.293605953727151 -0.104278173379004 0.190036786612117
0.083376559507722 0.204566686316735 0.207615847900417 -0.0252989050846757
0.143670108544413 0.0765245982268197 0.017731298234001 -0.293171077619532
0.123313386289518 -0.0467657359835765 -0.310188220979777 -0.215774813488131
0.0863625958226723 -0.111321379263152 -0.342265205914715 0.104991378969222
0.00254855876291089 -0.139968100259653 -0.150443641469746 0.23927560578763
-0.0591442229720074 -0.101168317242421 0.00578834378687725 0.210508091422072
-0.0764294635267032 -0.102073019152818 0.0930313187391038 0.143703305308016
-0.0772900307635124 -0.10867643425461 0.158778222385901 0.0979298261844791
-0.0296198735936751 -0.185499656246208 0.195730625510289 0.119272491923449
0.107547227972546 -0.187437492005712 0.168166405686419 0.199297192222375
0.206492339188037 -0.0908951687828302 0.0450890390305303 0.27019815683751
0.268271815238477 0.137481158180289 -0.150337583265397 0.289646783432253
0.116803371358381 0.353761606986249 -0.267812220026026 0.219144080865946
-0.099862199742965 0.417187744340805 -0.22423722975454 0.221489399551539
-0.194524125483423 0.349602625175166 -0.049139067635729 0.0854871291127752
0.0340882080281115 0.33936802045077 0.244106945241341 -0.0557019087225459
0.194262526880475 0.201333313755678 0.104290267670163 -0.319039005208361
0.232714317649642 -0.0293424642861281 -0.242003369311834 -0.291466492969154
0.156352285422693 -0.167069212342804 -0.318041270243328 0.0124406824693426
0.021064754562054 -0.215868339875966 -0.175646477193857 0.156491572195469
-0.0823196602465891 -0.159233906750148 -0.0416635019769686 0.151894335301223
-0.108318146734741 -0.142887875019855 0.053047893477234 0.0933189515322722
-0.103936462414898 -0.141503787882475 0.125175569675103 0.0365684641223504
-0.0483015123284368 -0.232242630513908 0.190561189938107 0.031495149733026
0.112183612601431 -0.250667202422865 0.219244031995221 0.110955099250888
0.246488521759941 -0.15489836901656 0.152060574288761 0.230630223812348
0.348815376640305 0.132180786249414 -0.0518902946844045 0.291017792652003
0.155551496892418 0.408587839157566 -0.218555513091333 0.203659770105993
-0.112715939169026 0.472023116334858 -0.159189531363427 0.106029209823317
-0.270042175769075 0.341650785538357 0.0427622468067251 -0.0438558932382292
-0.0474314316995936 0.408988861340442 0.28374527243554 -0.100023009501057
0.184013948310408 0.304783026363252 0.197563354916376 -0.317683827212424
0.29674837830164 0.0192132939586808 -0.126902699265663 -0.336232458681871
0.209280216332282 -0.180189829905095 -0.248752913410836 -0.0931664752442373
0.0458037690568515 -0.253767182928903 -0.182043315158213 0.0453779527671203
-0.0894586508759512 -0.19434202422887 -0.0885624584124992 0.0696863135620419
-0.124940603084705 -0.162824596584651 0.00544336299241735 0.0305723959459612
-0.117119961310685 -0.152324662964311 0.0784854521888377 -0.0304370881751055
-0.0588786464685075 -0.24259595428164 0.164185412115274 -0.0540123777803823
0.100141005448622 -0.271836840740151 0.23876464526146 0.0146512954134769
0.247285405418576 -0.18653953685385 0.225409688735632 0.168350646677869
0.366838352884097 0.115306725873026 0.0252459571696782 0.261440442776213
0.157221409490295 0.401953540892211 -0.179235232165064 0.170442855438651
-0.118498749423301 0.456470763158047 -0.0994379471265902 -0.016091942319933
-0.288953254757164 0.270028791718277 0.149733619981369 -0.172085081010692
-0.12301072793961 0.379653839422631 0.319223490316186 -0.143878539081272
0.120440516410246 0.329563296335087 0.271830730738555 -0.28587234332574
0.284475094349771 0.0660098536974061 0.00339002517522242 -0.334406329867425
0.216443219763805 -0.152637061294092 -0.148372766937097 -0.182641168933126
0.0613934637982745 -0.241152796071341 -0.169935894268168 -0.0699016197012766
-0.0794065447567318 -0.193615407261334 -0.126622716558705 -0.018960031413264
-0.122687194067912 -0.15867501528382 -0.0406038899544336 -0.0340636514973395
-0.113923595129027 -0.14524657993797 0.0298635872539228 -0.0944239822966383
-0.0568656212465633 -0.222514761877586 0.129883099680224 -0.126370694571431
0.088176101122533 -0.251602486340916 0.237430830058701 -0.0650627473192477
0.228982415893246 -0.170796405081677 0.261512766016509 0.110813845981955
0.324672578598598 0.114673429076477 0.0727180417558897 0.221661711564894
0.108566154812644 0.356519462071554 -0.149905804392297 0.131202159461107
-0.131568041463773 0.37462872573031 -0.040835034557087 -0.120721924029082
-0.242401608638483 0.152463363723275 0.240981433174409 -0.278088248148478
-0.15182888790834 0.263734907764716 0.338919735078271 -0.177416085826345
0.0459700587033148 0.264770510015383 0.309147685517641 -0.244029333125054
0.206497700835557 0.0769540842368638 0.102185784181644 -0.299686105425459
0.170125311485318 -0.103383077914402 -0.0557692897176437 -0.239336672259039
0.0583872949508127 -0.183133690018719 -0.151987923333344 -0.16098716112531
-0.0578207145678204 -0.158037965985475 -0.153794719561798 -0.0951644023340743
-0.0998367478921258 -0.130636663985971 -0.0799783069061554 -0.0910854932398129
-0.0936745231779495 -0.122841684782946 -0.0115593613102563 -0.148737136105945
-0.0437987464160244 -0.18258554238315 0.0996112603997756 -0.180756597453142
0.077421970908479 -0.201330193001577 0.233023551237807 -0.120714988716074
0.199837237299773 -0.122626590214921 0.275899121583686 0.0734897772412249
0.24452117633364 0.126901674020608 0.094816228359469 0.190555462266135
0.0295616992485324 0.285998179539045 -0.124848811245002 0.0964659038190084
-0.146439595738912 0.247781733006837 0.0199104513567647 -0.194307196480213
-0.147808348482216 0.0122175185490641 0.287083373177066 -0.346810870931261
-0.131544848479222 0.104780300501406 0.330061135936588 -0.194237252534055
-0.0101968437418589 0.142317288011864 0.31040827352439 -0.21573552435952
0.0988279360492678 0.0543111888765373 0.151536288445465 -0.269464377350734
0.0899498104512694 -0.0461910317221517 -0.00682163269541554 -0.266027277335506
0.0423776766922119 -0.0967089186614334 -0.142547465267273 -0.210935420404802
-0.0270037661356651 -0.0955645427909662 -0.169591354369656 -0.145008044512031
-0.0615564403835838 -0.0851249874501849 -0.10474341238596 -0.131284864486381
-0.0597912743103543 -0.0869521307908185 -0.0379113326385742 -0.187926104688023
-0.0248911544468466 -0.126319308659899 0.084645828836622 -0.219557363962303
0.0616757542455257 -0.134222584053612 0.235883366396975 -0.157148970336866
0.157375047934008 -0.0624979942317223 0.284576708339395 0.0592665837593998
0.144939432768341 0.132092494669553 0.10457575888314 0.178312464099016
-0.0504514836304605 0.191084883415966 -0.100871921716469 0.0746500673292081
-0.146281097091539 0.094332034109997 0.0796578649517404 -0.227333054468408
0.0901375254112825 0.055385008588861 -0.0927294341884514 0.277187900009983
0.0565216315451916 -0.0755712908094511 0.169835742798743 -0.0278873084400639
-0.0366313126177686 -0.0801211520791245 -0.0801783211403858 -0.230421003322185
-0.0700062769870112 0.018398760217543 -0.318263863187013 -0.0901120873988241
-0.0157749404970524 0.0481689176092292 -0.296229722955896 0.194103533681098
0.00693248138906176 0.0347627672918373 -0.080636985547458 0.286951045300153
0.0206361298283695 0.0273825438884384 0.0656998136477257 0.225790936975654
0.0118232636501782 0.0159840741193665 0.131531324661711 0.17058782269625
-0.00322228870911531 0.0178029840698379 0.177648735938529 0.154811748816783
-0.0236290725395124 0.00281055664832471 0.162136517016429 0.21317695816254
-0.00966641899406577 -0.01567888563831 0.0469717679377589 0.269226620114723
0.000812143109826829 -0.029009758213517 -0.130897534212317 0.255188191648736
0.0705703444746049 -0.0252381911845819 -0.280136069408401 0.233846595543068
0.09404818791581 0.0505566204193736 -0.352240311409356 0.209512409855827
0.0346611775292165 0.143032369715054 -0.324100969361014 0.359109288840521
0.0182930078363113 0.187888620061219 -0.111573821657007 0.254898735330367
0.0909904075248829 0.0519955482860676 0.181036509322311 -0.0216092345122987
0.0569307008062819 -0.0250074440459712 -0.0470455353900693 -0.256479865434589
0.0128910481499091 -0.0268483651640307 -0.328078195656912 -0.135759509615021
0.0238050166166007 -0.0327811943792522 -0.322169411290536 0.171092558586069
-0.00387587204682648 -0.049224420753866 -0.107884029557535 0.281605539610235
-0.0227838238187239 -0.034170854889062 0.0489642380996992 0.23076045419921
-0.0350192118249696 -0.0445502096084651 0.123408159932504 0.165837309785729
-0.0422296686710086 -0.0519834346404367 0.178970078611193 0.133868256416047
-0.021900276461496 -0.102008478800053 0.185256759081417 0.180145903974169
0.064657612363265 -0.102684884505909 0.104939179416105 0.251539300467338
0.116783671669991 -0.0406336996049238 -0.0603128107352088 0.2711458417149
0.161962621997367 0.0838310952857734 -0.230023663183678 0.263167032508238
0.0880556410763774 0.224061130606493 -0.312437214343178 0.217886141650106
-0.0503405094305488 0.300613788404136 -0.279810764951377 0.311210930097436
-0.0805053502526226 0.294421475008752 -0.0990373075825066 0.188782074394735
0.0878314472902344 0.199316549307659 0.205422418592533 -0.0325971517255712
0.144195089010727 0.0721182261683156 0.0142988979037842 -0.292986821918642
0.120284902112449 -0.0491839735042601 -0.310481109671478 -0.206533993609374
0.0814214135784617 -0.112365991572497 -0.334416372480476 0.112233038270724
-0.00200106784764235 -0.138017070901996 -0.142455332663789 0.240777673360344
-0.0608123193094114 -0.0984988456212945 0.0124432300988546 0.206531098199976
-0.0787530638314705 -0.0979806348350558 0.0957947837323837 0.137880694584742
-0.0779302090436466 -0.105246017685547 0.160175605296543 0.0891308081067523
-0.0350466555164126 -0.182245819020781 0.198988019717574 0.110624218307855
0.100685162000685 -0.189179830436337 0.174058259379495 0.192379387137878
0.201744299225231 -0.0945091234480106 0.0479927271521227 0.265748611780634
0.268689424718831 0.128601266274824 -0.145081959440512 0.291113847693387
0.123191546581034 0.347362277717903 -0.261697595638844 0.219588520375884
-0.091637990231765 0.418342474102294 -0.218395737977879 0.222112914848929
-0.183381875520034 0.352341278125329 -0.0475477542434465 0.0848731885069201
0.0418739389809542 0.333798173041622 0.240260576846537 -0.0616913009291331
0.198206356818658 0.194783883228815 0.100512608508951 -0.32066937235551
0.228921533800466 -0.0337832680345994 -0.243896212138573 -0.282147899664509
0.149598244086791 -0.16906391313351 -0.313289304355468 0.0198995943798949
0.0132024158897264 -0.213323403838777 -0.170108007026197 0.159497665122449
-0.0847886767769691 -0.155261994372123 -0.0356405277334167 0.151294096201999
-0.111065288274905 -0.137155070997214 0.0545680706853463 0.0897250192797207
-0.105142798081231 -0.136499035433451 0.124926941080046 0.0294450309182057
-0.0546204594502498 -0.228586218064447 0.191413103400611 0.0248214912900701
0.102518582590274 -0.251568346208438 0.223593874316878 0.103161653546134
0.239341932088111 -0.158682726478911 0.153277788579931 0.22316141662312
0.348522196743331 0.121847413892112 -0.0488029979725059 0.290041118279918
0.164586143475797 0.400184278683122 -0.214619135332888 0.204886194391367
-0.103884433011326 0.47235109122603 -0.157202725515579 0.108353010239377
-0.260122304827495 0.34606119066313 0.0402291229504731 -0.0448390371621854
-0.0362499144714973 0.404534277460455 0.278136137883924 -0.105090129568212
0.189413492062043 0.297848138883418 0.193538104780757 -0.3202317098698
0.292887147642093 0.0120886445267662 -0.130559847171353 -0.330140440940388
0.201550484008058 -0.184709054604574 -0.246598151323407 -0.0879568972058795
0.0362571887433243 -0.252210231324338 -0.179865059554747 0.0503107007230038
-0.0928284557575814 -0.189222437573194 -0.0837216116242184 0.0720381323006335
-0.128070677311283 -0.155495013654316 0.00673523746029662 0.0298997411239278
-0.117928644094392 -0.146150763313809 0.0768207062406463 -0.035119237273429
-0.0660275619444974 -0.237993178361286 0.161426636169942 -0.0591746320682694
0.0904135588375198 -0.272213097343838 0.240884520396288 0.00779266819935658
0.238863022833771 -0.189458908800644 0.224730944401913 0.15810327616339
0.364610157332239 0.103402724152004 0.0282177017696981 0.25916964554339
0.165673687028945 0.394483683959032 -0.177128346318507 0.171965037411108
-0.11052156653816 0.456233070364117 -0.0991363440996327 -0.0124360606230856
-0.27994225924301 0.275299144833179 0.143487957873016 -0.173133015751663
-0.111583201199495 0.377188847941426 0.312333852144706 -0.14833035723129
0.127276403465294 0.323223243855891 0.266827351517382 -0.29009548005974
0.281941581058088 0.0582094843539845 -0.00260980196185993 -0.330919288040555
0.209498798223447 -0.15669891621184 -0.149475762390586 -0.18055103243088
0.0512750451590975 -0.239982507704306 -0.171229239627517 -0.0640331847127775
-0.0831668280662683 -0.188693945536645 -0.124981911113004 -0.0131605170221029
-0.125681216702534 -0.151153083901236 -0.0415192886674865 -0.0320304421676854
-0.114311950554387 -0.139435742961666 0.0267037114372352 -0.0963073471589227
-0.0626490560746797 -0.218230241593846 0.12468639117781 -0.128389952871083
0.0797637249501672 -0.251064317225197 0.236312322762454 -0.0711343558080397
0.220540629343017 -0.173420348179347 0.26030676129692 0.101335893805668
0.32291650945634 0.104691852669515 0.0737921504231143 0.21868426586534
0.11571873818663 0.349772801818582 -0.148771289238696 0.133563362601389
-0.123672064249712 0.374459016887846 -0.0436539368238415 -0.117713146383701
-0.23706780076159 0.158332430518052 0.231480709787278 -0.281133027436472
-0.144144347080704 0.263535422889479 0.331159646194894 -0.179754272290069
0.0519711077277722 0.260988706897165 0.303827789744664 -0.247805366671199
0.205427946391621 0.0711782153592198 0.0970014342024386 -0.299579437725521
0.165170779195888 -0.105974977391692 -0.0593648751568061 -0.238639630955341
0.0511027759005775 -0.18310095344705 -0.155681284082157 -0.154207317278475
-0.0606122107583851 -0.154265040503828 -0.154037015176071 -0.0884336934654502
-0.102140188920714 -0.124749487455207 -0.0810121076649585 -0.0864183212951282
-0.0947984616245333 -0.118308521688532 -0.0156618740963482 -0.147083700235406
-0.0488123057704328 -0.179331509306854 0.0940097797652298 -0.1818316114421
0.0709428464076392 -0.200985096638981 0.229949210843277 -0.126646560299206
0.193376526121074 -0.125264598954551 0.274997939822235 0.064531180284572
0.244283839934612 0.118431628327593 0.0953903209315268 0.187286233801949
0.0367342026129138 0.282629151879739 -0.123519300229157 0.0992202829088592
-0.140784948879803 0.249595473457877 0.0145393518861098 -0.191190565243977
-0.145514315338753 0.0165152755014026 0.279310962059486 -0.349520129623546
-0.127413719351752 0.106248912751106 0.322568844040495 -0.196411627009053
-0.00711085144449085 0.14037189646227 0.304696244886218 -0.219584665947605
0.0981500990382437 0.05111235740558 0.147124230644915 -0.2704051749014
0.0871991837866539 -0.0471954340599893 -0.011987905126069 -0.2665346945006
0.0382709745756942 -0.0967763517753166 -0.147640434348411 -0.204736603779976
-0.0296070102669069 -0.0940354209083342 -0.171499244466169 -0.136045566121904
-0.0634613344801798 -0.0808715408118793 -0.107207859213483 -0.12583877100259
-0.0617315197312107 -0.0838658755218428 -0.0430592979160223 -0.184693698770057
-0.0287921112739311 -0.123566255982792 0.0778301829778223 -0.218740360442213
0.0581344483724757 -0.134037959063737 0.23116753546699 -0.161709746599825
0.153447474597144 -0.0652118230031409 0.282778722300323 0.0505615186161324
0.146263477139733 0.126466433198906 0.105009560980753 0.175497619506478
-0.0457706891415886 0.191764279196117 -0.100118893815944 0.078419767565805
-0.14377789651065 0.096997763278099 0.0732414746195008 -0.224749076926433
0.0925298632377089 0.0522495753879478 -0.081645413878155 0.27948051976056
0.0534185678071886 -0.07737014136973 0.168298110925572 -0.0370186516606488
-0.0400658437704384 -0.0793303064802592 -0.0882661228659825 -0.229579038792131
-0.0691406186402806 0.0213137160637534 -0.320383701816312 -0.0799931198192314
-0.013243489505101 0.0490719390727604 -0.287905552834383 0.207231259437373
0.00859263918598338 0.0339652594380714 -0.06884082866237 0.289175571525963
0.0208419681122357 0.0258349706124237 0.0734802232716574 0.220141534239174
0.0123891933069013 0.0150288025909554 0.13842891848444 0.162723539140821
-0.00237802460998369 0.0170638134082408 0.18536541407924 0.144016097089194
-0.0231087788928756 0.00379113083920294 0.173190689618766 0.204943235072017
-0.0102097611873814 -0.0152460019636699 0.0573924280920367 0.268814395999912
-0.000183170243678078 -0.0277857267122203 -0.126170453490676 0.262143920224795
0.0691552800080168 -0.0287449303602065 -0.273734476765559 0.244241442024387
0.0948789396007587 0.0473158961011541 -0.346612933659808 0.219795248542735
0.0407689128741115 0.143322670230981 -0.312367806232971 0.36878322332668
0.0258431503948083 0.188541809681156 -0.101851169801253 0.25784400690986
0.0927317853024369 0.0483156458336126 0.179503809603331 -0.0306253788988534
0.0559038189561274 -0.0276287411972517 -0.0543322205817134 -0.257380660911084
0.0114163932948389 -0.0266150122246578 -0.331193259980654 -0.124525589158282
0.0222081387261445 -0.0338788455531106 -0.314107725320676 0.184048798390838
-0.00584757925427042 -0.0483568967902938 -0.0956813276063165 0.284623288815124
-0.0247488714412843 -0.033833020304335 0.0576868385560198 0.226023477843892
-0.0374536246961865 -0.0430347373309617 0.129770614884005 0.15920507628471
-0.0436223945556925 -0.0502827970385124 0.184025001526262 0.123305547883577
-0.0262110980772007 -0.100756042648969 0.194656588515519 0.170096771691713
0.0595344781508846 -0.105909223478003 0.115280391519684 0.247818594877413
0.114999839740327 -0.0442002065610628 -0.0539515397433254 0.274879839805343
0.165016744857093 0.0770631472643978 -0.221963795041524 0.272763630691062
0.0957012091281457 0.22155077872554 -0.305090859434982 0.225116830547163
-0.0397896396094635 0.305657242326601 -0.270980112473701 0.318800845210304
-0.0689237448633076 0.298746206021236 -0.0926617271092343 0.192268020237421
0.0953236195588509 0.19470945440009 0.203502556372665 -0.042422060903248
0.147241973829014 0.0665910948491009 0.00732846829090619 -0.296831673513283
0.117537297004 -0.0527446780995616 -0.316174752445597 -0.194860484195494
0.0769193127987192 -0.115897358907479 -0.329049248583726 0.125441581415678
-0.00879815095360313 -0.137322728834733 -0.13154477829906 0.245996698543173
-0.0646528420754131 -0.0965997141982735 0.0214395173311624 0.204033449032259
-0.0823782939820275 -0.0939519721519524 0.10147007643212 0.132637064267838
-0.0810897494747044 -0.10128113932233 0.163884687696829 0.0791944346107005
-0.0434297051049989 -0.180776179055473 0.204882996142013 0.100306156166536
0.0916692646409244 -0.194388421121328 0.183380313856752 0.185443085958468
0.196901919825247 -0.101442058373616 0.0540676358607391 0.264645578807327
0.274323043818775 0.117509627314847 -0.137424776993818 0.297863148919114
0.13617664710166 0.343569158167651 -0.255768809657359 0.227188267645234
-0.0781421192498534 0.424730728981418 -0.212033086831831 0.230618558183689
-0.169234968190993 0.361342863557332 -0.045816431966244 0.0856609180079104
0.0537437076033578 0.331028275024105 0.237228213035224 -0.0710431901636617
0.205549517319154 0.186759998034578 0.0936776455862951 -0.327377062148839
0.226178357395989 -0.042772131582628 -0.251735841152839 -0.272988355793217
0.142217113574739 -0.175884148365596 -0.310716854838143 0.0312007280155671
0.00284716419320133 -0.213405739015761 -0.162964270556658 0.166840860746618
-0.0908597494331122 -0.151375451644853 -0.028389598762167 0.151213737276531
-0.115854345652939 -0.131670737043167 0.0579689810117285 0.087383971353509
-0.108952770890182 -0.13142991596058 0.124912921424988 0.0210212887294788
-0.0650375828088145 -0.225480557008613 0.192554384704579 0.0151581687343131
0.090121590694677 -0.25670140434969 0.229602358702348 0.0928769535365954
0.231880465541369 -0.166137343939943 0.158534058864116 0.217233840186226
0.352628454687156 0.106914446241851 -0.0411491290902227 0.293986775853257
0.179793905968003 0.395272494194623 -0.209544768854248 0.210587338031587
-0.088378147294437 0.479621294243768 -0.153822319982346 0.113467714390592
-0.24714128175214 0.358410448676114 0.037246595747492 -0.0461065146847991
-0.0216516756167885 0.40437104991575 0.274918997950186 -0.114044578029979
0.201787837420088 0.290921315064272 0.186195288764045 -0.329794701302664
0.292608150075124 0.00135956493326106 -0.140417427984211 -0.325182404593715
0.192981849365423 -0.192638089048135 -0.248237360536607 -0.0801170875071955
0.0233667859273081 -0.253109257101057 -0.177743577235523 0.0577281831412495
-0.0999884277448576 -0.184492922411208 -0.0799368630988918 0.0765871397349275
-0.134007653131362 -0.148312215011782 0.00716078497368669 0.0297571824175068
-0.121719580381251 -0.14101324674084 0.0749391871039377 -0.0401575916514652
-0.076373704217388 -0.233967926511528 0.159552614689923 -0.0677240129033539
0.0774397511497896 -0.275333532017805 0.243579722667265 -0.00325091572867575
0.230168700416449 -0.197831501705327 0.228600410375365 0.149604535386901
0.368651939245782 0.0888000324864754 0.0340008916620726 0.259335356489394
0.180647232334372 0.389013909533148 -0.174502599124038 0.178321521381624
-0.0950840652210675 0.462516110946017 -0.100265110145392 -0.00811862046248095
-0.269203611607272 0.287438352571387 0.135812286739802 -0.17888764906851
-0.0975139303118979 0.380282362403708 0.307431864611752 -0.156658136288027
0.139303649622956 0.31881863228775 0.260260422414325 -0.300013789532701
0.283446114803462 0.0475428606461392 -0.0116410769331143 -0.331081682431619
0.201535865394767 -0.165335180379569 -0.154225640077084 -0.176965618141858
0.0398520218863377 -0.241471731168391 -0.174343720584126 -0.056604630780466
-0.0904698667604343 -0.185053059837712 -0.124331677321852 -0.00723385519606544
-0.130776703368187 -0.143759402957038 -0.0428093539924034 -0.0299966907871266
-0.118187966649926 -0.13388526409836 0.0222341521183887 -0.097912511900788
-0.0726216995875861 -0.214696801012157 0.120260587179556 -0.134671599774378
0.0682596159453252 -0.253707121305631 0.236333566614195 -0.0824308065326471
0.212806701307081 -0.180919700765325 0.262201103633966 0.0903457573130587
0.326580791251887 0.089223247992559 0.0781172351519126 0.217270200655648
0.129328929366917 0.347128435933006 -0.147096511485444 0.139498367991173
-0.112861824777972 0.381313758855745 -0.048180182490384 -0.114488903859051
-0.230469997492779 0.16816463119184 0.220978202578299 -0.288945032638934
-0.133769750673943 0.268119752485257 0.325642549376313 -0.187986647967704
0.061385066100848 0.258465335262219 0.297209178616473 -0.258913730912553
0.206863106511886 0.0631992862051374 0.0894200774413362 -0.302749947983559
0.159785975385027 -0.112621337544725 -0.06705873548383 -0.240309476638565
0.0418490510658163 -0.18462951946222 -0.163086119768416 -0.147964816788099
-0.0671089739954015 -0.151490607567728 -0.157001599293859 -0.079756495995872
-0.106886087528487 -0.117876442269869 -0.0843651100182671 -0.0819045359988931
-0.0980611087479002 -0.113594720713879 -0.0223287146080075 -0.146561453168701
-0.0562641680649693 -0.176297890004753 0.0873791240056239 -0.185394444878506
0.0619531595413234 -0.202911328740866 0.226849636866109 -0.137481916178305
0.187826770611086 -0.131219386525595 0.275392220546315 0.0535547915791329
0.248280835216089 0.107701890577048 0.0990666373226633 0.185839041925319
0.0468874180043106 0.283098200527337 -0.122661890329588 0.105175036425403
-0.13344449495388 0.255824169953114 0.0074669931114438 -0.190542762884433
-0.14479267611775 0.0227554112718943 0.266874018231223 -0.357740713399014
-0.12404413847708 0.111305473443634 0.31769086794744 -0.202671388012464
-0.00197315321052222 0.140728749044777 0.299142182105267 -0.229833964794037
0.0984295237287497 0.0471562968064897 0.139971084682897 -0.277005301499366
0.0849127739153054 -0.050231649735225 -0.0209445400642159 -0.269950257060825
0.0331466475221506 -0.0979651455790941 -0.15678920620996 -0.197911646978145
-0.0336257751567923 -0.0926353171228181 -0.176842028582245 -0.126632917381615
-0.0666232359267341 -0.0766906911765109 -0.111550911543235 -0.119861291774859
-0.0648401556012119 -0.0804588917102544 -0.0503455856636706 -0.18283331438021
-0.0350615349993604 -0.122496166718463 0.0699298569714849 -0.221391020477477
0.0521167333212722 -0.135830711116449 0.226394661089578 -0.172219839366668
0.15060387340807 -0.0708218586501822 0.283504631319999 0.0393952220373968
0.150884915693889 0.120595446119404 0.109140518372574 0.173068493825449
-0.0378611409189397 0.19527973250074 -0.0987450395374225 0.0833638929027239
-0.140804214449433 0.10260846072981 0.0643992148214462 -0.225556247462696
0.0950530187505826 0.0466390073798026 -0.0643640437814361 0.280526883609767
0.0482168932488484 -0.0791371707333593 0.16220011124647 -0.0489876161540124
-0.0448090862730925 -0.0763843986826231 -0.0996995806632465 -0.222853894395697
-0.0665467359287031 0.0253751511558387 -0.319351022775767 -0.0620411427158124
-0.00942397055541271 0.0495055344848799 -0.271203295954106 0.222564863024751
0.0109228409296331 0.0330701440409458 -0.0503665395835087 0.288706048627211
0.0212390737402662 0.0234142955308203 0.0835151277967352 0.21047559111535
0.0129178211989104 0.0130581104711411 0.145608042833171 0.150551412650646
-0.00107416858754017 0.016819172972003 0.191610808013585 0.128121868876588
-0.0214908513408872 0.00513397106038005 0.185236295284596 0.190190735137271
-0.0109274458754939 -0.0149783996564894 0.073552179271369 0.263217058427643
-0.00143086966817062 -0.0271193363915078 -0.112925140216698 0.270240097123477
0.065883714721084 -0.0328044756524481 -0.256817170046425 0.258741776498164
0.0962750769747615 0.042101737542552 -0.331923193487877 0.233022253314234
0.0492062001836301 0.140958086685667 -0.290720385287891 0.3813487913629
0.0365253446365438 0.18588068729516 -0.0868270649499283 0.260661746790091
0.0945932328001929 0.0418663397672424 0.173907457142557 -0.0434709890750084
0.0530362856593472 -0.0311223028615821 -0.0670495607454861 -0.253828401503915
0.00903547059898995 -0.0267231198509916 -0.332901832489477 -0.105228103516195
0.0197633301410339 -0.0345914589326101 -0.298641991096668 0.201061676978614
-0.00875128635166438 -0.0474271407850595 -0.076288892749775 0.285907276850973
-0.0273188900685569 -0.0319851721292767 0.0698875758479091 0.216921224706011
-0.0391534376792717 -0.0398337094842585 0.137867218706639 0.147804566407824
-0.0456112731253403 -0.046876213581875 0.18935590429337 0.107470611596035
-0.0319671818618019 -0.0974817354249485 0.204333693937832 0.153955862722849
0.0511479901871042 -0.108949447532809 0.130305385544848 0.238407011765435
0.110853850080258 -0.0491499743323523 -0.0416262351067495 0.276338070396889
0.166919415500148 0.0658146543652161 -0.205912367151164 0.283612496205294
0.106236745256006 0.214355051684741 -0.291525428473543 0.236601129422573
-0.0223860598874065 0.30608071920159 -0.251456322277014 0.329641678913016
-0.0494792180992892 0.301165113418524 -0.0817475671840086 0.195291798557863
0.105572429658582 0.186552142309913 0.197617110675909 -0.0550227626306113
0.150306647296107 0.0560757989066071 -0.00777078361592176 -0.297090299922518
0.112578189547672 -0.0585198963295739 -0.322163466618362 -0.175659295867899
0.0680627830629859 -0.119311422109509 -0.31691095032993 0.14274494810964
-0.0181374215863079 -0.134198047782243 -0.114729743654952 0.249698245109618
-0.0696999402596394 -0.0915060181767985 0.0332630389037347 0.197962568135647
-0.0871107605073987 -0.0868148865759674 0.108553669716911 0.124059671305206
-0.0849276021146626 -0.0953971555400111 0.166074270843979 0.0645046842738712
-0.0549141369745846 -0.17579453811839 0.209358636322499 0.0839578295694748
0.0768079548035404 -0.198328115814482 0.194460863484399 0.171829258737156
0.18816182551621 -0.111331690010947 0.0651118245121084 0.260025393535889
0.277357116100065 0.099135343943138 -0.121746988074999 0.304378517270785
0.154317729679619 0.332053562564086 -0.243516448247257 0.236695462746878
-0.0546618892299122 0.428734745634783 -0.197606235097616 0.238518710018327
-0.145970113162809 0.368772772719778 -0.0419327657823757 0.0877087431737046
0.0738029444891784 0.322586449588615 0.230355293226144 -0.0845148860374618
0.215202050313155 0.172037476636917 0.0772198587953663 -0.331547346049925
0.22035592139105 -0.0550227250810166 -0.263219704564959 -0.255927310233009
0.128207051040886 -0.182660028872609 -0.304330307107048 0.0472031501272498
-0.0121067140614985 -0.209681678092361 -0.150199814163497 0.173837885887141
-0.0988849315210405 -0.144076149515418 -0.0173155285129377 0.150292944293503
-0.122321161823077 -0.121067288877407 0.062328551377831 0.0823343133013688
-0.113918869428992 -0.123120888741852 0.124152939646785 0.0106961820944849
-0.0786652162396278 -0.217484277220553 0.191412668039857 0.00101891750330438
0.071725462458385 -0.260253887031302 0.235007199394867 0.0764871254880406
0.218381776547462 -0.177425526990389 0.166211875062799 0.206338629308596
0.354771289657194 0.0830317009985931 -0.0272118378505757 0.294957779752064
0.201632918748533 0.381878154429558 -0.198322716050164 0.219501436326763
-0.0624942105222074 0.484370272873512 -0.14558686914034 0.120690440451458
-0.223013917942367 0.369433611520637 0.0322339741413965 -0.0476361740559794
0.00267702817828105 0.400149682710166 0.26525430427339 -0.127638346697982
0.216452301078621 0.274623461566232 0.16903759104161 -0.338322818768627
0.289228042205207 -0.0163320586231957 -0.153948426949941 -0.313606045618308
0.178242987014011 -0.202275181571229 -0.248266456569439 -0.0681063069015759
0.00580810164275782 -0.250748541364992 -0.172335445454947 0.0676496082946062
-0.109972328150806 -0.175784728503846 -0.0730322253384265 0.0798560396989065
-0.140034505835006 -0.136875639714888 0.00922882441953224 0.0292319827434104
-0.127571993128316 -0.132065548748984 0.0704046934406889 -0.046172116556501
-0.0901945832835712 -0.225905825968244 0.153952008823788 -0.077233453060416
0.0583593672265613 -0.277466312827288 0.242755234688431 -0.0201183350933687
0.214942387489922 -0.20767786215492 0.232670222408103 0.133288788969024
0.369983523988605 0.0634618941819037 0.045071842270846 0.257050274724902
0.202221208090755 0.373448406780762 -0.165559808843815 0.18629965143186
-0.0689035000187495 0.465741284856168 -0.100546329604533 -0.00230127028524012
-0.249232952752719 0.300842363300523 0.123838291115872 -0.183818208480684
-0.075397262828428 0.380586270852429 0.295462208476544 -0.170193183185449
0.156296686091407 0.308169225466743 0.24403495213964 -0.313410925751054
0.282534601637329 0.0301540269687214 -0.0271318028511937 -0.326351597267955
0.188714509881741 -0.176022728412058 -0.161806181252205 -0.169474677292702
0.0227483772536801 -0.240406141767102 -0.176137244168768 -0.0458835993051624
-0.100811622687372 -0.177227970884284 -0.12253834260183 0.00180716102198121
-0.137582959351856 -0.132165958093487 -0.043273315819584 -0.0259992937937167
-0.123345073080434 -0.124944419513157 0.0148608207132551 -0.099377828065318
-0.0844746315432682 -0.207230164577996 0.110437457648251 -0.141309790188313
0.0509495654948973 -0.255386555604183 0.231316835885265 -0.0980317105642889
0.198780043248644 -0.190235135901888 0.262760784545147 0.0732147621951749
0.327316425829589 0.0680995441684325 0.0867475647426354 0.212551190563386
0.148667153785523 0.336503976250016 -0.140518841485777 0.14806886278733
-0.0910863477567685 0.386194590099093 -0.0544639871820809 -0.109456607494524
-0.21690164420072 0.180264469059601 0.203507682749448 -0.29663386089983
-0.117247774396818 0.271453675542066 0.311406616085172 -0.200516903296537
0.0758018853677441 0.252132715023349 0.28269171537412 -0.272376699137861
0.207435097851196 0.0504350137613339 0.0745506795273048 -0.304976289847991
0.150732926172835 -0.1211567749466 -0.0791452061843267 -0.237169653424632
0.0285330206301484 -0.183943678774648 -0.170638651029919 -0.136088354254608
-0.0762508755487192 -0.145042393587605 -0.159190547639472 -0.0677212747911196
-0.111931947999253 -0.108033663840485 -0.0873576716000786 -0.0750194260275844
-0.102850410112517 -0.105693899971335 -0.0312038970053399 -0.143402590025992
-0.0670949247044617 -0.170410761325383 0.0756191831893395 -0.18894972541248
0.0486961825878624 -0.204298688444798 0.218477037640628 -0.151140479116585
0.17660302327056 -0.140056156273014 0.274524163072967 0.0362627584873663
0.250701654480614 0.0907347972695467 0.105333551719868 0.179713642173376
0.0635779362388738 0.277750470674687 -0.117622593513004 0.113449374166113
-0.118430204206328 0.262293026742479 -0.0033750981019334 -0.187463520577815
-0.140623576403294 0.0313895082588855 0.244150394599627 -0.367876734294484
-0.115914249901679 0.116857598009424 0.304038443633679 -0.214697321981035
0.00592120023829205 0.138719182706372 0.285424357862358 -0.242998265922198
0.0994848583316576 0.040721359194843 0.125924040505165 -0.282249375626407
0.0810352269628 -0.0546998052358391 -0.0362995270089482 -0.2689290061168
0.0258951439862461 -0.0982900247964289 -0.167616440580971 -0.185493483536262
-0.0394201345253324 -0.0894211710050538 -0.1816313604195 -0.112674036095242
-0.0698708913240205 -0.0694721565719479 -0.117057126142448 -0.110776124735303
-0.0683066134913238 -0.0753294626435874 -0.061385402530206 -0.176853387703142
-0.0427732589647572 -0.117948418889043 0.0570698820488892 -0.222900945370653
0.0433905977805773 -0.136690535385629 0.21506537096558 -0.185036225630865
0.143696920278955 -0.0785616524337206 0.282040462735354 0.0224116918841243
0.154824687434178 0.108504053545068 0.115022228926524 0.166814094044078
-0.0253392318395545 0.196256089429141 -0.0940418172105806 0.0899311026895321
-0.133837255877866 0.110549061757608 0.0501290926043621 -0.225250877194381
0.094924887164421 0.0399340648412171 -0.045177406315232 0.272756808400421
0.0412527007555032 -0.07853627055615 0.151643723168273 -0.0568229545377799
-0.0483479135273461 -0.071616952956219 -0.108671228673086 -0.209130190335684
-0.0621623605306089 0.028085723945304 -0.309498437048042 -0.0443067284140314
-0.00579205846144519 0.0480326256625151 -0.245792760675815 0.229927765899796
0.0120177390917452 0.0305302349447453 -0.0303342800374227 0.278768533614977
0.0214851156022158 0.020838488675245 0.0901300612873079 0.194303578836634
0.0127313254264618 0.0112652994789594 0.148683745671026 0.134573520060193
-0.00012881246399532 0.0150974994861092 0.191000911674716 0.108162935458337
-0.019782940289626 0.00585765585715976 0.190298314493178 0.169024236197821
-0.0116877835033119 -0.0138356675315578 0.0864309924842303 0.249656449172257
-0.00190444924799242 -0.0250552970577982 -0.0961005532591201 0.269131296693969
0.0602655756031552 -0.0357006443367085 -0.231804036415609 0.262821922730947
0.09457438430426 0.0352720197978086 -0.308657513285583 0.237174814271935
0.0564113920833316 0.133292889488815 -0.259764910030336 0.382585641205229
0.0468412356708925 0.177447764742245 -0.0688236400675892 0.255437824242788
0.0922257993527518 0.0343923521134093 0.163491858141067 -0.0526232966944292
0.049133887802601 -0.0338510485335596 -0.0787031283441518 -0.241722006841831
0.0068280102263988 -0.0256801363364466 -0.324380070867319 -0.0833743197207738
0.0166553694927272 -0.0344034186072367 -0.273274600381686 0.210519007558452
-0.0118686792591275 -0.0443373022706599 -0.0558994439825169 0.277984123689078
-0.0288018493331194 -0.0290769463502851 0.0789304638146813 0.201755568129097
-0.0401105289924854 -0.0358624661441235 0.141027525431197 0.131493532251503
-0.0458853342963278 -0.0424685394866627 0.187444059765586 0.0883301105688884
-0.037244201126244 -0.0915934666706204 0.206731107184392 0.133066445794258
0.0418237071119273 -0.108225140800193 0.140791430564131 0.221680196718633
0.104249547316428 -0.0534508960489683 -0.0273332938929603 0.271196841015691
0.163200877936216 0.0532882634983731 -0.182931322138341 0.28539977325375
0.114588992948233 0.200441515605152 -0.268996931309913 0.240686392993744
-0.00267367374637237 0.297104292375073 -0.224497484937266 0.330757748221024
-0.0290553249340145 0.293389073552299 -0.0684982246692001 0.193399130323399
0.112234199524299 0.171576128783323 0.186159746755778 -0.0643473633448142
0.147645796497501 0.0440691789914033 -0.0236114467197247 -0.287782426166874
0.103935336661476 -0.0629098324183853 -0.316928733451062 -0.150834762842301
0.0571230620768757 -0.118236506075163 -0.294505303683075 0.154853511600231
-0.0260095519936878 -0.126927088544897 -0.094314556086771 0.245902845319131
-0.073309964921743 -0.0833895896021081 0.0434188370555649 0.185778874517829
-0.0887390139586616 -0.0773246430849534 0.111758602688712 0.111064576125893
-0.0865274620457821 -0.0859081293103585 0.1621361128855 0.0489450733124996
-0.0638988064359571 -0.164716579764606 0.207248401613971 0.0656411354664242
0.059965153217203 -0.195790084316323 0.199067545417304 0.152203106648799
0.174265718103778 -0.117277291805881 0.0751142689041652 0.248129062121003
0.271268267676276 0.0777734560864959 -0.100714280457846 0.300981661822108
0.167871127638593 0.311493956213418 -0.222964077962372 0.238927374719543
-0.0289380651617659 0.416260647111568 -0.177299608822734 0.239743721212036
-0.117699431455142 0.363849250650602 -0.036932610725164 0.0883687545063384
0.0885074873455913 0.305181515596466 0.216081157526387 -0.0936747367626807
0.217474299349212 0.15185592687863 0.0573827595797728 -0.327074810700459
0.208604070375609 -0.0661637450925492 -0.264663246956749 -0.230526671713833
0.110585220489652 -0.18353689061103 -0.28790764623884 0.0612233149261224
-0.0254862311729568 -0.199855568527462 -0.133699306647475 0.175444564165709
-0.104485828558868 -0.131730931679121 -0.00735044134076802 0.144166347328817
-0.124136593999502 -0.107858282360889 0.0655974438088846 0.0740435403388144
-0.115549999029047 -0.111007749149795 0.119146059559825 9.46981670972275E-05
-0.0895887724557485 -0.203498053185571 0.184535809031332 -0.012913414561286
0.0514514394210404 -0.255110930968134 0.232883626066308 0.0573483728648568
0.198439558672278 -0.182781194812722 0.169241471255641 0.189510165774788
0.344631144415433 0.0570210178450509 -0.0117964169205397 0.286849239623041
0.215520425058982 0.353797110514269 -0.181276153759723 0.221996665645593
-0.032572462910804 0.471550968416642 -0.134633490979382 0.12504305729089
-0.190804815600766 0.367854343227167 0.0266399119759903 -0.0462863668816555
0.0243392917386524 0.38253921905702 0.24730303336843 -0.135774516678961
0.22601202788488 0.250078543381455 0.146153884735982 -0.337393759113124
0.276686795723161 -0.032862004586781 -0.164242074311159 -0.292578294384365
0.157511595797882 -0.20590221656991 -0.241393101835902 -0.0537236197628858
-0.0115558713290235 -0.240009569993027 -0.161906926369563 0.0741825226131407
-0.116697961320408 -0.161679126109777 -0.0649790692326095 0.081794667290049
-0.142096750381516 -0.121376947665279 0.0112479471126478 0.0270673886288875
-0.12873377234016 -0.118906352839541 0.0631667508017189 -0.0500478597341161
-0.101473505435378 -0.21075030768754 0.143497297886165 -0.0851963320714428
0.0377460130566784 -0.270613302401021 0.234102710804003 -0.0366208711797167
0.19298223256034 -0.212403012719614 0.228614940447746 0.115562436734451
0.357090828322704 0.0372099320603321 0.0548535686223598 0.246941648910699
0.216784307479288 0.347282568996494 -0.150978395668485 0.190018010393959
-0.0417792389273883 0.455259107192642 -0.0966416821933018 0.00462438585973973
-0.221453078031632 0.303914985487277 0.1075941740108 -0.182288041549392
-0.0504042926472333 0.368849820976864 0.274090231930833 -0.177948865785357
0.169702254856311 0.285924482069829 0.219526131249531 -0.317124318430463
0.272781392498863 0.0124829321622978 -0.0411986765850683 -0.312312508610008
0.169591093341096 -0.180968020253685 -0.164680402121853 -0.156871713796295
0.00562679722720367 -0.230876596493955 -0.173075943537246 -0.0334181198370442
-0.108276680346499 -0.163330076810989 -0.116665407123472 0.0100466922995989
-0.138634795108321 -0.116161410124487 -0.042373408308445 -0.0223903497678266
-0.124623191367284 -0.112190063310353 0.00700365404521223 -0.0960014310910558
-0.0948877684243962 -0.192544028315765 0.0976885566324487 -0.143325156730106
0.0330973996790336 -0.248194732180965 0.217701797618523 -0.110189961812144
0.178840687428288 -0.194165966576926 0.25484142453753 0.0550936145565174
0.317495920260625 0.0439796545645611 0.0927692901715292 0.201889954429795
0.164578612241028 0.314978683329076 -0.12937611685101 0.152038079230434
-0.0658543054576836 0.379161964579911 -0.0590722049137467 -0.101628861268485
-0.197069388296786 0.185208930054585 0.179095164070344 -0.295756284199692
-0.0971607325978069 0.267262627711439 0.288955900166066 -0.207936413798819
0.0873084495383202 0.237064332191748 0.258727327952613 -0.279112819233332
0.201289776864538 0.0362804278351665 0.0585278235231628 -0.297337104738644
0.136008159512591 -0.126064925142359 -0.0897220973539545 -0.226858167125984
0.0152501284240758 -0.177856681318739 -0.173180465567234 -0.120219478185469
-0.0824826905054521 -0.134114083133347 -0.156381151501341 -0.0530809892678645
-0.113501852037635 -0.0950508494078303 -0.0874993684375662 -0.0661347620120873
-0.104350716852516 -0.094521072527729 -0.0384599331337335 -0.135434903358401
-0.075193142468492 -0.157863827325595 0.0610630311222058 -0.185850674381417
0.0338455009871448 -0.198255706950244 0.20191430930312 -0.161175445174845
0.160358505636666 -0.14518102565215 0.264506563625622 0.0184838557495203
0.244449594685379 0.0705647873334168 0.109627309473602 0.169123099352685
0.0778865962771282 0.263955767158412 -0.107460209888499 0.117152946640017
-0.098672051519815 0.260220328525695 -0.0145563115737699 -0.17870929518861
-0.133050233692164 0.0384283565592115 0.215669896374573 -0.366248980817622
-0.104948460003902 0.118804475632617 0.282799162083054 -0.220295429557487
0.0134032662233243 0.132738234037914 0.261975524816729 -0.249961022039695
0.0966810021616463 0.0333755157604413 0.108350250165127 -0.278865024716151
0.072891479047842 -0.0573820957821164 -0.0510701819358321 -0.259950632645922
0.0188222231156305 -0.0959743920013406 -0.172814657605338 -0.167277868602426
-0.0437555089553012 -0.082557410169731 -0.181009272592308 -0.0943641908544179
-0.0707739577469424 -0.0608013871470957 -0.117480633084127 -0.0983985197600881
-0.0704445366920346 -0.0671536238490338 -0.0688816212271422 -0.164527069777179
-0.0485626725348232 -0.109744004033335 0.0425634208968909 -0.217599533593454
0.0333189522829896 -0.133576190703056 0.196056455657592 -0.191477197533007
0.133157842220693 -0.0847293596530736 0.271851597297095 0.00438997788675298
0.155237678267624 0.0942454307015992 0.118649128882453 0.155065739321921
-0.0119668321565731 0.190614709892987 -0.0857437595856981 0.094240383129557
-0.122112687664958 0.114798004260552 0.0350014904090876 -0.218265498154742
0.0976480436206364 0.0276586597289637 -0.0158834557138729 0.259222925881129
0.0299739039052236 -0.0779769838229748 0.131657426192258 -0.0701140381646302
-0.0562191063826917 -0.0610881837995134 -0.126703478329848 -0.180423531322561
-0.0550666457530686 0.0334328799735307 -0.293291074581732 0.000190308923802216
-0.000150621660760839 0.044377635431614 -0.197164450443333 0.246878114619143
0.0157455709317081 0.0272917654770098 0.00633167618718121 0.263502587597433
0.0230640187574506 0.0178719938114851 0.10806174414051 0.171610677997141
0.0133263653977617 0.00853612181473963 0.154289223536136 0.103628773752882
0.00172673422976218 0.0127372748658608 0.190285023445833 0.0749463386755981
-0.0175809191263821 0.00604990441749224 0.200315012075163 0.130731833432633
-0.0116775104957284 -0.0138975223411105 0.111227990634315 0.223966388570981
-0.00122234635538445 -0.0226569216926809 -0.0598964353956248 0.268074206097345
0.0529336190614789 -0.0408946148225551 -0.185121759184448 0.27238847665613
0.0951091602210274 0.022960122948734 -0.25534631000772 0.257713584394174
0.0747828687139924 0.116910065785816 -0.196768204258202 0.396221383135024
0.0711238692613689 0.165921464036413 -0.0388367848704352 0.234729644495768
0.0906513306431424 0.0207344299788762 0.140807099692505 -0.0710502253003151
0.0393661633933906 -0.0383766901794135 -0.106766435746073 -0.217352685630533
0.00239208700860213 -0.0245930960592119 -0.315659102699282 -0.0329615335193865
0.010574749840383 -0.0344127354354292 -0.228441419576632 0.233749525558441
-0.0156096550571543 -0.0391730103460089 -0.0186038010493257 0.268096690730762
-0.028747111523419 -0.0227429154916582 0.0972252532921829 0.179587787401633
-0.0420037199568079 -0.0283394940016074 0.14695122520026 0.102022412896609
-0.0475943231903269 -0.0355180290000701 0.182817114542776 0.0563739199620476
-0.0471049847689728 -0.0804416314728054 0.207966525802815 0.0927204483178941
0.0233918967008365 -0.107809881767986 0.156815636132631 0.188260030343407
0.092864958774159 -0.0623336672030258 0.00573152619333054 0.258298272926792
0.160210512991534 0.0262005493944714 -0.132695978689336 0.287408397727753
0.1330751003243 0.170652647460393 -0.212926851770627 0.261600548738824
0.0416515866051662 0.274854081942174 -0.172102765831311 0.348057592147762
0.0136815143069436 0.287330793520488 -0.0427702911325904 0.165516235370381
0.124672972817868 0.146201776593085 0.160350361816808 -0.0895748079094959
0.140919010870597 0.0212359336496518 -0.0640161962249802 -0.271641223595448
0.0874075537433302 -0.0697988168386391 -0.321045858780962 -0.0970788920992407
0.0372612465274934 -0.117506639437177 -0.258129075461541 0.186594511816964
-0.0390521562676081 -0.113941397988158 -0.0605249443149686 0.244775962057116
-0.0766112770291865 -0.067705246119358 0.060957820602886 0.170796591717297
-0.0915616944415734 -0.0606504071812333 0.117014040336749 0.0872961040768921
-0.0907865258706645 -0.0699096167286285 0.153045264505768 0.023367170905095
-0.0812918590560879 -0.143658341030198 0.197755164309254 0.0298000020293569
0.0277463006406559 -0.190847493409615 0.201224565229348 0.114249755305978
0.147520114482736 -0.130805334032325 0.0979589025669535 0.220869886230993
0.263050666056555 0.0334095044065313 -0.0516610872934797 0.290535575340198
0.196056566992136 0.263589223726167 -0.165485752347361 0.258098840056024
0.0337426768015793 0.386819727001796 -0.139554171937803 0.260193546111865
-0.0627885773473875 0.366036351035733 -0.0202177084064642 0.0562780535437554
0.118145229745103 0.272507754513391 0.185750251686871 -0.12443933052881
0.22010707284887 0.112998524823372 0.00473594603813248 -0.323591407216336
0.184864941250471 -0.0849835459509405 -0.286291166709656 -0.181427757923619
0.0792301907708653 -0.184688335272482 -0.269277106655944 0.0981412307490376
-0.0475539416460071 -0.181492149494497 -0.108566605970048 0.186225031554254
-0.111367099746724 -0.108593737890632 0.0062709695167276 0.139025614440618
-0.128576889480421 -0.0837745221868147 0.0695492012330535 0.0597717096343979
-0.120796405178238 -0.0895242557342369 0.105722770474585 -0.0163031013478398
-0.110508803958138 -0.175864440119187 0.164331202324531 -0.0405020511141316
0.0114740336781837 -0.243106991565648 0.219986803137665 0.0202846146642997
0.160695953590998 -0.194040207319355 0.178409326480154 0.151611031995563
0.327050953533432 0.0033024588735963 0.0309880510771821 0.264654776311935
0.245163931607537 0.296863422245005 -0.124949615259517 0.23875579646744
0.0358817760053677 0.438397084908578 -0.113285648163206 0.147978548193461
-0.131920004491836 0.379306519866939 0.0289159210184338 -0.079109150311547
0.0671225946858079 0.352405955677259 0.212292480929225 -0.169248259933321
0.240358135863049 0.203560690034169 0.0871851223746941 -0.350448628238137
0.252834287290438 -0.061880101683668 -0.2010799317702 -0.255744432942804
0.120759740306418 -0.211313764824612 -0.242556772145915 -0.0158538517671222
-0.0397140701615416 -0.22045670779985 -0.149397952271228 0.0958644095107332
-0.126669432631888 -0.134401457289522 -0.0557759888575087 0.087829697942709
-0.146285467730211 -0.0935691340126286 0.0129910046693917 0.0233256314908136
-0.134342123908648 -0.0942832370990396 0.0481126755745485 -0.0555547197730372
-0.121291233109257 -0.180064112559505 0.116539694132553 -0.102155845886451
-0.00320899412637766 -0.256320424888888 0.209092937594836 -0.067538583077067
0.151025532423011 -0.220064391274934 0.225355925798606 0.0742841430802969
0.335151676899437 -0.0175143620838242 0.0885874110818311 0.218646237375059
0.244885531178946 0.291076865785689 -0.10095419402367 0.205667132200053
0.0232466598730888 0.424290090668213 -0.093069098040758 0.0302453385688348
-0.170038683173927 0.319436679435771 0.0909570672874001 -0.211817638938702
-0.00520333826744661 0.348337624573882 0.235623001943736 -0.211279333912861
0.192091905513358 0.242118837437918 0.161767914864865 -0.340769196230916
0.254192355288838 -0.0191944963433624 -0.0879502965345212 -0.292862023264089
0.135178009473412 -0.189230375852892 -0.185457955101207 -0.125467115872587
-0.0233665243377561 -0.214719698655237 -0.174574157410775 -0.00450292199703043
-0.119901147452988 -0.137367576373704 -0.11445015769361 0.0270341311807178
-0.142023877533458 -0.0896249581144211 -0.0427054029078877 -0.014923417216179
-0.130039841198127 -0.0889537893074418 -0.00953363270127657 -0.09073183123524
-0.112379069911568 -0.163832578663716 0.0677420675316667 -0.149333092581069
-0.00477959797725508 -0.23337922080368 0.185293925436918 -0.134248580260518
0.138908179001868 -0.20155305789169 0.242446226525388 0.0137348063068151
0.298263672095697 -0.00526131674184622 0.117544897179136 0.173619997611502
0.191099036150544 0.267635033092133 -0.0876654211610491 0.16818649185426
-0.0107409610246837 0.356454761677609 -0.0710491835737449 -0.0762404573367179
-0.163705005007149 0.202124008365886 0.144455037779316 -0.316626304162965
-0.0603619647127392 0.259202728875293 0.248497409840349 -0.23764156124714
0.109971755472627 0.207853368088753 0.206961777365647 -0.306878857332598
0.190855894140892 0.0108561182990608 0.0102398760036617 -0.293065775409119
0.111573408453742 -0.133674772916707 -0.122009185569958 -0.202542358841057
-0.00813813237536621 -0.166581141489582 -0.184107172523293 -0.0871086675357417
-0.0930684119352848 -0.113126423672851 -0.158761581765405 -0.0279656721630461
-0.116196398888722 -0.072175739124501 -0.0900269084698706 -0.0499358225134334
-0.109023446054364 -0.0741148530601873 -0.0563728443722461 -0.12126299408184
-0.0895890498107616 -0.134332584145415 0.0292411413548115 -0.183583556212206
0.00328127482271847 -0.18742379002104 0.165340935936759 -0.178198790464132
0.128067135340967 -0.154513107010917 0.248640644153681 -0.0210192738000511
0.234926825122129 0.029161607798762 0.12878530350413 0.142597156194548
0.106717777439554 0.231577129925408 -0.0759539544382303 0.133151019308911
-0.0566060273924217 0.251906243431854 -0.0400616457910427 -0.157999530967569
-0.12160322158635 0.0513308821603588 0.167758647411465 -0.375667477310639
-0.0840713936318145 0.121695895995888 0.24169597954119 -0.243847243003864
0.0282627400527102 0.119517601899336 0.215872778960656 -0.273901695783113
0.0930052867382107 0.0201376682122481 0.0621095649680851 -0.281243146957084
0.0615377109272696 -0.0625479966977937 -0.0872409826042592 -0.238843389312811
0.00469072276875435 -0.0911654207654448 -0.187335596087095 -0.133264656186455
-0.0514104300523012 -0.0704856448635475 -0.185456151762426 -0.0640647590088774
-0.0720555436061601 -0.046592850147713 -0.122033199347216 -0.0755274433362691
-0.0741871620112598 -0.0520056599430938 -0.0867918473673937 -0.143767895013252
-0.0598378415224566 -0.0925177945416203 0.00915198900303586 -0.209845144232327
0.0115943927317728 -0.127375155294755 0.157228971185597 -0.205491783639404
0.10996715819856 -0.0953622594671759 0.255580658714203 -0.0331106800356962
0.155642040109923 0.0631700236847088 0.134523684118605 0.130946245936009
0.0150680672277515 0.175528913985199 -0.0631043296147838 0.108568931154278
-0.0979069911888804 0.121701698911196 0.00093147323027312 -0.205750774311034
0.092846916289272 0.0260247244481302 -0.0149947465699493 0.24389265381938
0.0284970512149222 -0.0733063044040163 0.123702032865264 -0.0653264868003665
-0.0537899471999528 -0.056830521027085 -0.118758850289646 -0.170272715930003
-0.0523792790525169 0.0317964538571156 -0.277417436157122 -0.00220784246448821
0.000806327204421864 0.0415006249025337 -0.185791202644464 0.233346669034136
0.0148896100852821 0.0252656207684037 0.005434652619615 0.24700937773707
0.0215852109870098 0.0167806135480332 0.0989717219734073 0.16039323585781
0.0116853254165921 0.00723251088925479 0.144475131428167 0.0963630902310836
0.00182747193114294 0.0106990241042891 0.178226188130356 0.0687457800821211
-0.0167246986341573 0.00493070888849436 0.189167569168688 0.120565925070843
-0.0112155968086353 -0.0130912328742945 0.105256135648194 0.211410725587344
-0.00083824858755638 -0.021195937732189 -0.0573840517487249 0.255561404049715
0.0486706702450093 -0.0384143492049952 -0.175107725760792 0.255927288291592
0.0891572001971211 0.0219385708176573 -0.243754579084399 0.240239323543744
0.0711039837520406 0.11054249919079 -0.187327908865465 0.372334555477285
0.0680391204630928 0.156924035727701 -0.0375356770735965 0.221774262762573
0.0852416595419686 0.0192672417933674 0.132348680717307 -0.0657277669819599
0.0358582240402745 -0.0364674418632872 -0.0995537618696011 -0.205922979391442
0.00126341157874628 -0.0220954926676138 -0.296391996708254 -0.0335957844715747
0.00979718269716657 -0.0324262624310596 -0.21470057921537 0.220173184684993
-0.0150604923679996 -0.0367512799824398 -0.0173420505756171 0.251297600642289
-0.0275766343515369 -0.0210183062503822 0.0894265473501935 0.167705867432788
-0.0396316789145968 -0.0264876708999938 0.137679071519927 0.0943781760527113
-0.044671900568958 -0.0336596563664212 0.170782996559607 0.0512231430995855
-0.0450426196264463 -0.0757724418151013 0.196055596110119 0.0850984583025412
0.0206888394290396 -0.10207988376788 0.149195531568665 0.177117207410228
0.0877610412526962 -0.0584858509407851 0.00378393738305493 0.246176497698858
0.149944451002774 0.0245020819222345 -0.126568690776499 0.271121370871206
0.125392952667771 0.160754994596972 -0.204672378312307 0.244562518984102
0.0396962076064709 0.260234599434296 -0.162408969805367 0.327237883301581
0.0136363986403256 0.270870106292325 -0.0401455724037661 0.158169728427553
0.117226507405409 0.137024757661726 0.150261542888619 -0.083083972232551
0.131873974764215 0.0195351700088313 -0.0587324907400723 -0.258710785792324
0.0820226314191552 -0.0654210646621534 -0.301620343213072 -0.0940374777240059
0.0342397302025402 -0.110972494435782 -0.243244076123168 0.174689364070282
-0.0376961948048112 -0.106724878174032 -0.0570131469660574 0.230453875835553
-0.0726401136088268 -0.0629796215389465 0.0564688130397403 0.15886014869457
-0.0866246917049074 -0.0568082710021313 0.109599408262241 0.0809257765498871
-0.0852583276953493 -0.0668108707632813 0.142634948559795 0.0200340316530614
-0.0776697645412408 -0.134713708044427 0.186419104004613 0.0255928197405652
0.024382550304977 -0.180718039106927 0.190455381736678 0.106370201151788
0.139369433738555 -0.122535849305527 0.0911415246210824 0.211035583324205
0.2470097687024 0.0308550161247612 -0.0509212714503639 0.275206869834297
0.184582225512145 0.24894737141327 -0.159190366848749 0.242776339100759
0.0320239199164431 0.367600174388719 -0.133659459413979 0.244808770445098
-0.0576205400790544 0.344829246023166 -0.0192634300027123 0.0552271004630012
0.110758624672972 0.256517048312773 0.175291842932979 -0.115247225435612
0.206721439407204 0.105514379298054 0.00663181403483283 -0.307424252584139
0.173190819279732 -0.0799861945078841 -0.26707661273204 -0.173354114738626
0.073674374541138 -0.174217426132228 -0.253806660111134 0.0900663764870201
-0.0459335098287082 -0.169869418453176 -0.102640980231861 0.175264812984327
-0.105539396721916 -0.101739273120342 0.0063115200375779 0.130457157779801
-0.120959575725647 -0.0780844641616035 0.0658134691059301 0.0550916534791064
-0.113554473533373 -0.0845451544795256 0.0984768207103745 -0.0166426388085546
-0.104508583843838 -0.165148349859976 0.154963916062279 -0.0401135014806256
0.00882036199227088 -0.229900928099643 0.20839686734974 0.0166010757605496
0.151018117605703 -0.18313029023713 0.166883577839974 0.14492170154297
0.306511607902858 0.00232206406455964 0.0270539600840434 0.252097266156255
0.231632062398127 0.281494030504161 -0.121362900655468 0.225254894137397
0.0328204525014121 0.414814633079876 -0.10804278901068 0.140470111156753
-0.124783636674649 0.356715906260102 0.0266348812567865 -0.0719999021874008
0.0629562437732505 0.332845321319246 0.199795346212088 -0.157737255993873
0.226564487795387 0.190243130768509 0.0847069065014042 -0.332274777192772
0.237221425168552 -0.0588525134301106 -0.18591366352808 -0.244264764146958
0.111416108735016 -0.199430576990064 -0.229392851136994 -0.0182110523505748
-0.0392022251973555 -0.206402218863571 -0.14144620607976 0.090797937037794
-0.120384273405671 -0.126074047438682 -0.0523125890313813 0.0833690331610212
-0.137512796173726 -0.086964724028099 0.0129055768231697 0.0217632162722085
-0.125565443152967 -0.0895121404343953 0.0435762241394654 -0.0529326165265188
-0.114624503258558 -0.169438848689311 0.108988368668097 -0.0981630703558293
-0.00583880435389367 -0.241062553243495 0.197677102350693 -0.0664071739405173
0.141097126723823 -0.206833111583322 0.211019789001096 0.0714844539399154
0.313890945903029 -0.0177989936584234 0.0808539655083131 0.209311562814809
0.231874160071376 0.27425516649993 -0.0980438991864663 0.195229506593399
0.0228155675236644 0.401927229642777 -0.088428968671892 0.0286369434380078
-0.160260649268566 0.300783175433987 0.0858717022916548 -0.197958399697465
-0.00562382791190208 0.327441643202978 0.223032709132739 -0.195981931742959
0.179871931919618 0.228680168446801 0.154925205246811 -0.322763771020986
0.238755846120709 -0.0180404090672863 -0.0783431887660894 -0.27865391397681
0.125632885603064 -0.178858984844148 -0.174839476390277 -0.121219394644692
-0.0233724124641048 -0.201687920157005 -0.16517701810209 -0.00371113226612326
-0.113229304130604 -0.128021668906925 -0.106792870036143 0.0267637836985192
-0.132541489204228 -0.0826730224590797 -0.0394275438987847 -0.0148752746378274
-0.121829239611928 -0.0834633504231566 -0.00978932196207826 -0.0855177258072076
-0.106465025790789 -0.153606303855514 0.063171508716348 -0.141584554615911
-0.00590479498017458 -0.220321986547987 0.175139622470574 -0.128511916763
0.129871510601391 -0.189814035028306 0.228071900665102 0.0135219680689806
0.279205519747844 -0.00652689726398807 0.108639997200616 0.166288281595676
0.18176960612352 0.252937414922542 -0.0840411497691081 0.160134221555443
-0.00968141319192323 0.338239389070697 -0.0677689218775413 -0.0708970787824297
-0.154412699143783 0.189891811273574 0.137572713653627 -0.297231325180069
-0.0575258440458963 0.244814195639755 0.235181873040013 -0.221086436099066
0.102777772712672 0.19523767563468 0.196545414575462 -0.289236053142919
0.178994308677098 0.0101236167271329 0.0132072644953416 -0.278409093979405
0.103485063639859 -0.126058967693368 -0.116098413208911 -0.194271049716272
-0.00829768391597657 -0.156576402650383 -0.174970088092887 -0.08091280190165
-0.0882357655997902 -0.105649976230119 -0.149271472161548 -0.0244801484934472
-0.107912187520772 -0.0666863887587728 -0.0843119102155962 -0.0470601495846676
-0.102229249338096 -0.0696199475680337 -0.053332364489658 -0.113796928786725
-0.0848032127532964 -0.125247711483153 0.0276514486301873 -0.173754850290031
0.00245745956983176 -0.176813946660668 0.155590154535198 -0.169746169090371
0.119664226716412 -0.144191992781618 0.233279830055869 -0.0190196241555567
0.219817861457037 0.0267392012203002 0.119912983145623 0.137805524641255
0.101288257250896 0.218018004213834 -0.0724545009974501 0.127136558098458
-0.0529927480372501 0.238667988783295 -0.0382326719911238 -0.147787078782258
-0.11512388794602 0.0485128456872653 0.160651462314993 -0.352476383773464
-0.0788767124110668 0.114828783276435 0.230457873526443 -0.226862797694793
0.0259950992966407 0.112217868190329 0.205592465506316 -0.258081542261431
0.0872276819587255 0.0190795907846578 0.0626436099058464 -0.26687679696837
0.057143295754173 -0.0588621031835489 -0.0836044840358061 -0.228202045890572
0.00412541286882318 -0.0858780745711935 -0.177754920584613 -0.124798781949677
-0.0489052237456025 -0.0654662745632415 -0.174339715456498 -0.0583288187127567
-0.0672782948169933 -0.0424640225705723 -0.114043987666363 -0.0709274170183357
-0.069640877860235 -0.0478663230550827 -0.0809799360987001 -0.135268738101472
-0.0559391888468394 -0.085392561097819 0.00870458274866909 -0.198264632619997
0.01114629864941 -0.11995074517712 0.147678840117107 -0.195067397966221
0.102286265029193 -0.0895243305681398 0.240791908505649 -0.0306529550072152
0.145196158350729 0.0593406241617865 0.125434640716137 0.125584910746671
0.015156633279522 0.16558421076836 -0.0597009493515748 0.103573029278713
-0.0912151632941581 0.114494157821381 0.000735244900593854 -0.192802866195254
0.0904889755471384 0.027759042844047 -0.0208092606088877 0.236837348129597
0.029902540434159 -0.0697018636979532 0.121564749091748 -0.0594803378272778
-0.0515281164003064 -0.0561289485806917 -0.109609872081122 -0.168516784314759
-0.0514042360542616 0.0304054067378142 -0.269368714163064 -0.0116524952114381
0.000297204594682232 0.0399738445999618 -0.185272629356078 0.221234340609847
0.0133693884746508 0.0243247881731964 -0.00164931118778762 0.238793022807124
0.0202357943077368 0.0167448520873842 0.0886298942909884 0.157186213282457
0.0110953517952705 0.00692728288784162 0.136196908554621 0.0952649797281259
0.00130192407803737 0.00955430129082277 0.169656662086337 0.0694873618686761
-0.0164644129492064 0.0040512754715997 0.180144987118098 0.119210186806626
-0.0108327042389716 -0.0137263710480327 0.0975588160478036 0.208188309896768
0.000620543578643877 -0.0202520426017023 -0.06371101143735 0.248844817369364
0.0474652003601031 -0.0353739325890348 -0.177134704147568 0.242464719400622
0.0857324851257218 0.0230714865889204 -0.245559308802782 0.224027209420026
0.066289805523514 0.109065276570683 -0.192045786899336 0.354046274382621
0.0634000050330504 0.154111760209366 -0.0412875501793037 0.215492195825916
0.0819634557517566 0.0203058287958804 0.129239888155641 -0.0586895379548375
0.0344849941816048 -0.034784440133354 -0.0896581003133525 -0.203133572740263
0.00126372523691882 -0.0207706907890685 -0.286483276564598 -0.0427561306436879
0.010017237919828 -0.0315164163847319 -0.212880623652834 0.207829245022997
-0.0144420289491582 -0.0359232839622543 -0.0231645217936944 0.242646568820857
-0.0262414612876004 -0.0206833902620445 0.0808884075682346 0.163669754344279
-0.0382859178156037 -0.0269639878916389 0.130995069948216 0.0931230449638802
-0.0424222986246785 -0.0345770933363577 0.162951363347781 0.052037634661214
-0.0421249433215002 -0.0748171980365316 0.188274566420919 0.0849725315077721
0.0218189375246592 -0.0988699438012064 0.141315569707897 0.17440744762095
0.0870651877533268 -0.0545810078008218 -0.00348868821667435 0.241660251820103
0.143508862960705 0.0280800166329031 -0.130965219656656 0.259264005189309
0.117206058770924 0.158969090274951 -0.207190806931576 0.230046315323521
0.0316408695616795 0.253961370956777 -0.169438532332887 0.310713140769671
0.00773682840222648 0.263383538050322 -0.043429433111917 0.153917068170326
0.109690172893285 0.135313695772614 0.14706134922219 -0.0744928962266437
0.126383714480903 0.0215247920006121 -0.0495875100451587 -0.253748737796302
0.0797937065467744 -0.060716037538545 -0.288092924232795 -0.101319379082086
0.0352540401757485 -0.106352773645073 -0.240000245780458 0.162350814517582
-0.0345230112680151 -0.103412518698319 -0.0608677321781538 0.221023561017285
-0.0684504363309794 -0.0620901002412459 0.0497901019331337 0.154334898955449
-0.0823891036995846 -0.0562343370670164 0.104118472313599 0.0791050711825375
-0.0804128782938114 -0.0669793150344466 0.136244304954189 0.0212995066521736
-0.0734188965993563 -0.132464027876811 0.179674122186304 0.0265827378688932
0.0258917743368439 -0.174629921792858 0.183948208643164 0.106362539125158
0.13754416971531 -0.115710461755336 0.0813898473810964 0.20918348299736
0.237648015006879 0.0362512457626277 -0.0582474502749492 0.266589218458429
0.17275140785404 0.245886200690511 -0.164095970935749 0.229622359669309
0.0215011453729381 0.357168521308698 -0.136808861128968 0.234276584232343
-0.0641428174037527 0.333374794747937 -0.0206570131959751 0.0561897523427678
0.100671071353527 0.250688635676179 0.171989951257099 -0.104397701810122
0.19725509099025 0.106125429450717 0.0152411498923136 -0.299757517091037
0.168623247899376 -0.0729897701022396 -0.251602446534847 -0.177579419625037
0.0735997567804901 -0.166435451913016 -0.247760243452038 0.0798586402029811
-0.0412767012667213 -0.165143503272785 -0.103914280217882 0.167767341673719
-0.0997022606805962 -0.100020390195384 0.00257611228602764 0.12635584572585
-0.114528036085394 -0.0777995959300603 0.0622479740669175 0.0536698571120006
-0.107317355850809 -0.0855283954923139 0.093732803556411 -0.0150851506222047
-0.0983589100641348 -0.161824578859817 0.150554710595023 -0.0373720905529682
0.011072388988159 -0.222514918747009 0.202712071926008 0.0197511893758516
0.14996394357318 -0.173543506813634 0.156070042928304 0.146200695220222
0.296313902080141 0.00947120794912281 0.0180919867511917 0.246928662339193
0.217897694987438 0.278334778170419 -0.126704172424576 0.216095083208231
0.0222451136473585 0.40598697865651 -0.108999382061099 0.133591669313771
-0.130720282892879 0.342664476528458 0.0274179281258246 -0.0664278651818927
0.0516010310831874 0.322907867314148 0.197537069633023 -0.144739031580404
0.212794847375348 0.189256337835344 0.0923218743455546 -0.321125641532829
0.230646457153748 -0.0513168603378311 -0.171094772295387 -0.243157239961315
0.112102587084743 -0.190926880226401 -0.221974089670926 -0.0261344820578527
-0.033847872517326 -0.200087565584591 -0.139852137083809 0.0849887410471529
-0.113511494332165 -0.123920111359632 -0.0517526093051936 0.0792924424352186
-0.130423939734193 -0.0862586154927659 0.0118408343085291 0.0200321046512434
-0.119350979471683 -0.0903656533644561 0.0429049110673039 -0.0506196665156505
-0.107539292903051 -0.165995173296921 0.107785030867129 -0.0934292625898736
-0.00135100232500663 -0.234003890379689 0.193950186124498 -0.062129687716428
0.140458416118151 -0.19722255947226 0.20101188687166 0.0756053747765513
0.303211522123544 -0.0103871279854972 0.0714527955444605 0.207314744947888
0.219121436499093 0.271868697922636 -0.102409515371067 0.18754080351918
0.0111359512936874 0.392372157962378 -0.0872524981356076 0.0264097854305747
-0.163272766348952 0.287973217426588 0.0889175366743383 -0.18794519107731
-0.0143556236405299 0.317048634530344 0.220280246179218 -0.181907841972273
0.168441923770735 0.225164448211604 0.160297806130298 -0.309682098151609
0.231391561884394 -0.012047100689232 -0.0655724266847831 -0.27410103601352
0.124927669780569 -0.170552348103393 -0.166462534965977 -0.125828610860382
-0.018922585433744 -0.195373441685919 -0.160754078779608 -0.00700099054306487
-0.107516458717718 -0.125859628072102 -0.103439024944735 0.0233819959814889
-0.126070848789979 -0.0821812919819221 -0.0384702853606957 -0.0153718143209134
-0.11514687323851 -0.0836097935375143 -0.0080067937628272 -0.0836028843742234
-0.0994113920948144 -0.151215021389549 0.0643496160391743 -0.136339885216767
-0.00205129828666742 -0.213793645626972 0.172540522585442 -0.123251465217641
0.129070267493388 -0.179891361631804 0.220052890281665 0.0199709998285081
0.269431916459819 -0.000291185588075095 0.0993462138197915 0.166883830386099
0.170754468486507 0.24868498142129 -0.0876298232415823 0.15472938460896
-0.0172301155054212 0.328713991308607 -0.0637833601834322 -0.0699916262880764
-0.154643479233668 0.179685689623833 0.141382141301134 -0.283526622783951
-0.062377772326697 0.235168523988158 0.234230896113988 -0.204819642528313
0.0939909073425657 0.191064543297203 0.199634247127837 -0.275451012098884
0.17260505937876 0.014439074532078 0.02367161441349 -0.271663554353221
0.102472831316567 -0.119541035726317 -0.108115189811615 -0.194061535741304
-0.00498950396042016 -0.152037590395552 -0.16828782171812 -0.0822554979288313
-0.0828494516082505 -0.103187506264986 -0.142900166421645 -0.0261914653755911
-0.102011073251532 -0.0656732779870677 -0.0799971118720132 -0.0475424732999452
-0.0968112795025074 -0.0690161221378137 -0.049147616634419 -0.110730557975882
-0.0790300805999542 -0.122528083094522 0.0311590453598791 -0.168664578806371
0.0059340361257154 -0.171283130990513 0.155304798624639 -0.162659011731747
0.118347396250818 -0.136201305276815 0.226384162213664 -0.011605888676204
0.210311075212623 0.0305266097455439 0.111387672958135 0.138683048908285
0.093638962799773 0.213621848180212 -0.0737667856919539 0.123292518242914
-0.056626488393162 0.230220241471793 -0.0328082868413749 -0.143993543077753
-0.112217223416801 0.0440636476077625 0.16648330791696 -0.337585535489282
-0.0788745281672482 0.109419726088617 0.230492405588276 -0.211467120928619
0.022099153058802 0.109014218091029 0.208116311969655 -0.244009904358982
0.0830450000296884 0.0208170475912589 0.0701097799807354 -0.25901226844192
0.0561276298621242 -0.0553294694525109 -0.0759965625122423 -0.225537588248456
0.00596259184805288 -0.0831269205075711 -0.169460145986548 -0.124407904629074
-0.0456963931071526 -0.0639009457648943 -0.16650207996672 -0.0593196012886827
-0.06285132719653 -0.0419410584924784 -0.108744425729441 -0.0715956510885583
-0.0660616217857225 -0.0478218437896016 -0.0756714543381437 -0.13204162530325
-0.0523571817100988 -0.0836657156416422 0.0134150379150988 -0.192124862457362
0.0128750140309652 -0.116266772000672 0.148358932210306 -0.186576268967419
0.100506885934268 -0.0833379686768999 0.233612379632654 -0.0228113786803027
0.138168265880266 0.0606431036585503 0.11709170210122 0.127303823031398
0.0116753041796398 0.160834429231001 -0.0612749799631046 0.099462482417332
-0.0904403537350047 0.108625246529544 0.00530464098484331 -0.186039452412739
0.0913281474839114 0.0302240997432706 -0.0271328022332105 0.238004130040888
0.0324926810077451 -0.0695414728970883 0.124086355386122 -0.054432616532703
-0.0509896030220462 -0.0568894487393293 -0.105051360657955 -0.172644613331232
-0.0518624744428833 0.0298104684432698 -0.272281631977172 -0.0211701287200132
-0.000474699259153201 0.0393087172255918 -0.191300212908318 0.218109793020287
0.0126016733148276 0.0244154474364456 -0.00815900113767086 0.24038947310073
0.0202913386305294 0.0168777368763749 0.0821257950910719 0.161391317848919
0.0107590703560836 0.00692699506251518 0.133188755945992 0.0981703399140793
0.000593966062583262 0.00845035041770312 0.168092597636875 0.073302536325071
-0.0158607457753486 0.00323462698500749 0.178305645658483 0.122837763571465
-0.0106515209218174 -0.0138428150352339 0.0930865003560039 0.212527003489146
0.00232946148683228 -0.0205731556763166 -0.0713771273274213 0.250646951283354
0.0486278401838749 -0.0338088050069557 -0.185123187055234 0.237860712182296
0.0851594890027922 0.0247561791249348 -0.255460089430074 0.216134940943406
0.0646641417699937 0.111892637702081 -0.205038605347252 0.352440115051798
0.0610746133082873 0.156513459370802 -0.0473834681024104 0.21649314990568
0.0823068310597186 0.0227515077863999 0.131875020634553 -0.0535240830513197
0.0352319055348974 -0.0335258359779515 -0.0844584645620633 -0.207844258069323
0.0015700426228075 -0.0199293644310268 -0.287430688571789 -0.0534251437451487
0.0109458351392207 -0.0313240780165259 -0.218535326156103 0.202815078249844
-0.0135237772323025 -0.0366370246606311 -0.0309293737677102 0.243035017546577
-0.0254900304106576 -0.0213267085205218 0.0744348738467499 0.165803139135379
-0.0376598522401919 -0.0277659133802381 0.127426634215926 0.0956116214298869
-0.0417369442944667 -0.0368073103415886 0.160378060729554 0.0552965526806114
-0.0407753842658816 -0.0764622663846601 0.186826052207842 0.0880498365716013
0.0235275484526767 -0.0990534569416512 0.138433385543332 0.178669488535753
0.0890337825019296 -0.0528586194941961 -0.0114186046732124 0.245433297332469
0.143391222162772 0.0322383391404996 -0.139574777709499 0.25746871668879
0.113856364420023 0.162246248468285 -0.218182733743095 0.223593904978125
0.0256016482245097 0.257140335191959 -0.179305722380899 0.308413597745947
0.00143767491423271 0.264950325449366 -0.0484596446731911 0.155948297906374
0.106792229972952 0.138825251506976 0.149782450879333 -0.0681358197592533
0.125242268700629 0.0245637096128983 -0.0413836506752767 -0.25772203401247
0.0808768248373129 -0.0582648017508479 -0.286434629629502 -0.111953264692235
0.0376036780278689 -0.105804842763994 -0.245224347297177 0.155581955412942
-0.0326859582734189 -0.104508747991054 -0.0672781140944807 0.220808306057764
-0.0674109532767357 -0.0636769457721201 0.0449731486500427 0.155535335752056
-0.0810035702427156 -0.0584466095654206 0.101357630998046 0.0807204785133693
-0.0789198743223908 -0.0707681059372868 0.134728858527162 0.0236287270527802
-0.0710386564641239 -0.134942774011842 0.179312307820453 0.0292950891289779
0.0286263483700518 -0.175175747797514 0.1831945691901 0.109855743846342
0.141806838210368 -0.112656228953831 0.0750171244156177 0.214740122949081
0.237042183023142 0.0423903819396693 -0.0675565887519874 0.267739181188719
0.167766314572428 0.252570700871726 -0.174618165308292 0.226090617966316
0.0110707477602946 0.362090338774805 -0.145315074932424 0.232070584017832
-0.0726419543800148 0.333751397901534 -0.0220323250378346 0.0575995315071268
0.0937921048229257 0.254784912089507 0.174972044446173 -0.097262590161299
0.194081847010624 0.11194483159587 0.0256085459565407 -0.30228866193643
0.170546296997477 -0.068522552487888 -0.246496382160385 -0.187856406753128
0.077464590221716 -0.165689956415067 -0.251226531391969 0.0724723792094297
-0.0382556830541302 -0.16655985208375 -0.108897675804612 0.165251197673551
-0.0977175254155322 -0.102738559527382 -0.000597144521404815 0.125334923175966
-0.113416483801563 -0.0799911141543135 0.0606818077405373 0.0539710031078481
-0.105582997654583 -0.0893328621812566 0.09338404601964 -0.0129564734879636
-0.0957595692948169 -0.164757500587708 0.15093593344564 -0.0354245362545231
0.0149643379589651 -0.224240098466558 0.204068258322402 0.0222601707248346
0.154506155946151 -0.170247351064872 0.152607081388673 0.153972362136325
0.296787601459543 0.0163077572623005 0.00906614061027171 0.251680458303446
0.214255907829358 0.2855921640039 -0.136356370935895 0.214356159721872
0.0103711103976808 0.40944936488207 -0.113975639876911 0.132590057747813
-0.139913891421235 0.340973097100022 0.0294179935455482 -0.0640501468434403
0.0431135022593813 0.327246171877233 0.201790273261324 -0.135655717444867
0.208420188200991 0.195697570559691 0.103824140356907 -0.32131561280502
0.23236866576827 -0.044974989510026 -0.162447724692648 -0.252169805951536
0.115710233611897 -0.18899370832866 -0.223211392466158 -0.0344710157464911
-0.0303566867618017 -0.202251128909043 -0.143262285720392 0.081764304345052
-0.111480569244797 -0.126854722950491 -0.0536433633414782 0.0781183736522819
-0.128023155071594 -0.0888579957260778 0.0109279833770799 0.0192879870321778
-0.117265133558496 -0.0940478452795078 0.0426808044405355 -0.0503920410958163
-0.104384769498776 -0.169332759315705 0.109933757697056 -0.0924257616893435
0.00240899470618733 -0.236533894564247 0.197134497081056 -0.059900465516226
0.145880680998264 -0.193939970631785 0.199213150930332 0.0836719870471452
0.304419732639723 -0.00360087421885137 0.0636348376591813 0.213931780310832
0.213584051027274 0.280042166574064 -0.110696112604923 0.18801012417443
0.00112658906892937 0.396393974159116 -0.0888862545477547 0.0252069695037396
-0.172143342938703 0.285372105394992 0.0947548584876313 -0.184391767562491
-0.0235271428641909 0.319546146736928 0.227454670390319 -0.172621834236937
0.161809260249007 0.230462044162746 0.171628401408989 -0.307017883699584
0.232249372605727 -0.00584552642000352 -0.0552153926895293 -0.280964337804785
0.128904509758467 -0.167861923827007 -0.165259681964079 -0.133163195109085
-0.0152586790631849 -0.197052960135748 -0.16199898575129 -0.0104511046388932
-0.104402694940988 -0.128578063166265 -0.10358734659034 0.0220394759619796
-0.123303607708133 -0.0847963533965869 -0.0380628254488035 -0.0169845383926667
-0.113669429922015 -0.0872207248435261 -0.00669059245631727 -0.0837822696963105
-0.0970142795087347 -0.153959788212463 0.0678979659503549 -0.136639307847545
0.00188149525023377 -0.216085080167767 0.177504524475602 -0.12125060257146
0.133516394654293 -0.176846009706893 0.219441328058179 0.0270117933095993
0.269132659450426 0.00578230115535975 0.0939976336389176 0.174139922761916
0.166455833024134 0.254672146615439 -0.0939015046029924 0.154792697690638
-0.0253030057958043 0.331537487008594 -0.0626582972130947 -0.0709830979309126
-0.160805936403166 0.17705058808036 0.15077015647382 -0.279887319114991
-0.0688380858657886 0.235778978605662 0.242349134596262 -0.196391800307481
0.0887572441795072 0.194191528736012 0.209975701028349 -0.271162259720214
0.172659182092454 0.0188813109516513 0.0341202920593706 -0.275082962161786
0.105245578106058 -0.117463289718801 -0.104757985668202 -0.200765717173559
-0.0021409304316089 -0.153075283703825 -0.168019672264911 -0.0863291787347919
-0.0806811929199749 -0.106101553074035 -0.142160076455662 -0.0287236242909787
-0.0995310668679358 -0.0680113029204357 -0.079847265350112 -0.0499591868659298
-0.0952051840355243 -0.0710869772953967 -0.0464168418210703 -0.112256453636443
-0.0761168702282963 -0.124898713839944 0.0353197848887011 -0.169455513999975
0.00935688767288869 -0.172891801080792 0.160975502828412 -0.161221850137408
0.121541363159825 -0.133081350927342 0.227817301228097 -0.00534550744499807
0.20901829199371 0.0361489929531174 0.106750879527327 0.145735000306442
0.0884973307231042 0.217093845779701 -0.0785194450318244 0.123568336040143
-0.0628797167557368 0.230602197442141 -0.0299620295916767 -0.144352482274468
-0.114598382111984 0.0411373802548625 0.176942652198591 -0.333814031486664
-0.0819591906840662 0.108235521206 0.239343131983657 -0.203191321590796
0.0187125606751986 0.108531384668889 0.217219446090091 -0.239551410526117
0.0822738125749242 0.0239787185224141 0.080103527233048 -0.261634719280449
0.057116712392519 -0.053884686191975 -0.0718832155392461 -0.231108095865343
0.00747919017710213 -0.0842980063986083 -0.167898635372387 -0.129375434119545
-0.0443775398806642 -0.0648205243372986 -0.165225012649126 -0.062396218399311
-0.0615058395529898 -0.0430141313258575 -0.107313820646386 -0.0742939858402526
-0.0655371632718202 -0.0484304993552033 -0.0720916006441292 -0.135231478679583
-0.0506041279006035 -0.0845992316443321 0.0188181401140501 -0.193353114219431
0.015919262689948 -0.116613753583081 0.153873798293163 -0.184329912534546
0.102366240661055 -0.0812758870211437 0.234968627511121 -0.0163370399849691
0.135315047340796 0.0644304076303335 0.112346839436703 0.133720652099976
0.0078059592273627 0.161538697915433 -0.06452725420209 0.0997647536255045
-0.0939102120768184 0.106092069736763 0.0087875179869363 -0.186500010257689
0.0955319094324888 0.0309170138812608 -0.0289556923164302 0.248261233097036
0.0347112838574821 -0.0715993821692417 0.130159078888923 -0.0544083228949673
-0.0526799428191652 -0.0585123290886656 -0.107001241275647 -0.180390446161502
-0.0532895845046037 0.0319400978372086 -0.283859590641558 -0.0248343745427647
0.000227764076138145 0.0403856206553124 -0.198956636097783 0.225926139278363
0.0126494496087938 0.025514378362604 -0.00922579039736358 0.249859305008753
0.0206387259899329 0.0173314217155033 0.0821020632905135 0.168000816259322
0.0105990809900699 0.00660667234387402 0.136545942746854 0.101938868686922
-0.000136304084106021 0.00758562340543801 0.172189599782909 0.0757147302342872
-0.016852474879434 0.002642495974768 0.183747746120357 0.126852119362732
-0.0114239462702866 -0.0148648357369574 0.0964243803025658 0.221403660845332
0.00288420778379432 -0.0216646500232906 -0.0764953597135618 0.262710990473164
0.049633858826259 -0.034457549739436 -0.194307489263721 0.244858052794053
0.0872642364291572 0.0257956207675736 -0.269454841524046 0.220564461218071
0.0667337872909825 0.116260971803115 -0.217016978720936 0.362834606974769
0.0638672042133468 0.162458594249673 -0.0498700859237016 0.226134170082528
0.0854068709001497 0.0240840026930884 0.137779764483543 -0.052607030129584
0.0350736864620114 -0.0343428212428365 -0.0853934279623341 -0.216980063894027
0.00145548157952351 -0.0197222276312254 -0.298316162520713 -0.0588412332850943
0.011805181050653 -0.0326582667888987 -0.227135574286247 0.209481489113093
-0.0142704498549393 -0.0376176715486186 -0.0325777126794119 0.252373179925958
-0.0263480348315826 -0.0222565714485652 0.074746785985797 0.171784010273227
-0.0389522038822931 -0.0289983284033332 0.130394508903559 0.0982717263609904
-0.0439884551203883 -0.0395507479534483 0.16485442480912 0.0567037443312896
-0.0431285873658591 -0.079488430269461 0.192519373478311 0.0893375221376726
0.0233400590107028 -0.102929947052788 0.143524445611449 0.184884234715879
0.0927165012562281 -0.0543663597517285 -0.0134950038399779 0.256569923035262
0.147567231592775 0.033827242065414 -0.147512046656973 0.266851814853061
0.117626758014143 0.168984650333782 -0.230678663101347 0.229441335495959
0.025542585627301 0.267480107319485 -0.189374051656686 0.318743401010821
0.00232307956147685 0.275375169270364 -0.0499615321105755 0.163191055962641
0.110116156903305 0.144040807885007 0.156239057013266 -0.0665271828087175
0.128550983652913 0.0259566084692552 -0.0409624973248507 -0.268259014167471
0.0838931018626211 -0.0582641192341536 -0.295825410001878 -0.120324366676398
0.038784772322113 -0.110017144773521 -0.254668684441556 0.160230735418885
-0.034395767043454 -0.10836451903054 -0.070159770618472 0.228491472793795
-0.0693073342160238 -0.0654228521949628 0.0454986391293277 0.160357274918542
-0.0837095141859266 -0.0599784791777011 0.10473120255274 0.0826131801563177
-0.0814923332706992 -0.0742466710845174 0.137590905253619 0.0236428776532286
-0.0739410722862907 -0.139827158228056 0.18503321164891 0.0280786365331894
0.027913198571015 -0.181690425092365 0.190101885571689 0.112519725060102
0.146928413386738 -0.116596314316969 0.0755188000077859 0.225712866301795
0.245630123242599 0.0450442114059993 -0.0733480414576466 0.278944498232176
0.174147948265925 0.262392827443134 -0.185452374564661 0.233157047047533
0.0102838827107965 0.376764772685683 -0.1524355389225 0.241220273237244
-0.0760090871267562 0.345997355277096 -0.023317268296769 0.0620104704397454
0.0964006438643718 0.264318533444416 0.18244067261528 -0.0956393588377112
0.20051721604917 0.116218922145421 0.0288389618701561 -0.314469298534616
0.176224383627119 -0.0696985679111217 -0.254000214088671 -0.199355525945289
0.0800467177061931 -0.172063426953692 -0.262001679723541 0.0725363059012528
-0.0413591165077125 -0.172367324922867 -0.114170360261771 0.171344773218879
-0.101568713382585 -0.105883284953442 -0.000773241425726786 0.129444004682633
-0.116263188908541 -0.0819468431747144 0.0619835330888034 0.0553182663390224
-0.108830321017945 -0.0942310890494741 0.0948778282164379 -0.0150323632661203
-0.100266322154203 -0.170423051492699 0.156201985866607 -0.0387048288796072
0.0133542641214965 -0.232615654121124 0.21175977403058 0.0211915888800107
0.16011786890288 -0.175791603235619 0.156464013281672 0.161949513710372
0.307414606094051 0.0175574769504822 0.00634935844153286 0.263390193428301
0.222328417733383 0.297590009667423 -0.145037366723524 0.222687616432299
0.00970264267077446 0.425964461070131 -0.119688480523455 0.137431732866829
-0.145477943182271 0.354646180122244 0.03132709330288 -0.0644767005878452
0.0437831689715552 0.339495257057862 0.210513251160537 -0.135971332748529
0.214983362841302 0.202973007477719 0.110424294371441 -0.334610037196959
0.240757838347656 -0.0457501691090813 -0.165609304368509 -0.265542865389976
0.118999241573922 -0.196091281918152 -0.231673582581573 -0.0393244313446921
-0.0330264394344299 -0.209487102878014 -0.14935141378331 0.084998100833733
-0.115515245332913 -0.130577197509229 -0.0553549269924677 0.0811082809118617
-0.131991299119566 -0.0909345674176586 0.0107968224653301 0.0196489461519666
-0.121572555377047 -0.0980943728639711 0.0432950487661522 -0.0528912866467279
-0.109172259525776 -0.175054960819164 0.112926276947147 -0.0971616291361435
0.000313789860694354 -0.245283161424072 0.204759357840981 -0.0645362349206876
0.150419342997055 -0.200494639526385 0.205800867431004 0.0886031791953422
0.31410765670916 -0.0034590357033408 0.064040756696632 0.225203644741737
0.222818401606272 0.291103729761915 -0.117301818583995 0.195897214544736
0.000588864571872179 0.413295012949809 -0.0931706446369874 0.0268610620800287
-0.179969481226406 0.294181476372772 0.0993230580989903 -0.189275808526139
-0.025022105807666 0.331479223082035 0.23683833116892 -0.17394575716154
0.16618305920743 0.239592649172163 0.180472124612985 -0.318343499708819
0.240307225338656 -0.00516027545515052 -0.0537867277428712 -0.29417700599588
0.132459528724805 -0.173773768604865 -0.172010881498891 -0.142056972893867
-0.0173061529135682 -0.204284621946873 -0.168904659676431 -0.0106877103679098
-0.108616040836922 -0.132815989250205 -0.106669994746343 0.0226191747450812
-0.126683517366598 -0.086608533760068 -0.0392912484854712 -0.0183242711977164
-0.11761257343408 -0.0902052039607623 -0.00734585219846807 -0.0873771463275927
-0.100364060879814 -0.159394425667769 0.0694496988258433 -0.142821676289637
0.00122980281119198 -0.223638373834356 0.184917755279465 -0.128630597852771
0.13804118386994 -0.181875214400397 0.227074836016883 0.0302401584160354
0.277380803877447 0.00637830944864932 0.0960192030284211 0.184738109959095
0.172675828509325 0.264796189036286 -0.0990034916170583 0.162527657460204
-0.0271046101365148 0.344064013910804 -0.0651163359295923 -0.0731911069978216
-0.1671806406702 0.183466049013758 0.158536447266086 -0.288667742182874
-0.0720797541076438 0.244095387103769 0.253769746754865 -0.199228285961731
0.0905431313284262 0.201554503490261 0.220686090617761 -0.280987416133848
0.178378490235404 0.0211244814586064 0.0385070300278663 -0.288147061488819
0.108734612468889 -0.12127211876828 -0.109150901887159 -0.212516236783914
-0.00296621032959584 -0.159123086719557 -0.174562901810034 -0.0903045884846352
-0.0838580885648023 -0.10909345387782 -0.146760575711474 -0.0296891195874728
-0.101717475078153 -0.0702229924269927 -0.0825344583970312 -0.052653194497318
-0.0983358962067465 -0.0733848817202518 -0.0485532230522478 -0.116707089095424
-0.0785139321867115 -0.129501619222571 0.0370624178941866 -0.175882112205424
0.00910252331069871 -0.178871898724018 0.167740818810778 -0.168768911655503
0.126139220645884 -0.136654292041727 0.236084700790788 -0.00337167278328718
0.215011723352744 0.0372671290085361 0.108963668604919 0.154500741147788
0.092673680542433 0.225284212029369 -0.08285942687826 0.128861783573289
-0.0651300578287245 0.239166478329982 -0.0313554807816406 -0.149655927018789
-0.119182628500218 0.0431468883126299 0.187063128567835 -0.346619825935412
-0.0842515491906304 0.112219751395926 0.25173559658186 -0.20808657326786
0.0186559344518111 0.112903235089425 0.228065956258341 -0.24729794050625
0.0847982040437214 0.0252714621670251 0.0871536838521055 -0.272703559684394
0.0588902035847705 -0.0555579113323993 -0.0748592981636841 -0.24249520553949
0.00648631117596623 -0.0883696937858002 -0.174907383697831 -0.134833458247429
-0.0459703951717088 -0.0671651272712992 -0.170187138787245 -0.0644997776581078
-0.0624055216750918 -0.0438625169172308 -0.11119043875135 -0.0770032630830708
-0.0674114023865201 -0.0490782744162064 -0.0745796271484036 -0.139979199280074
-0.0516204338083655 -0.0870951566717998 0.0197880788582511 -0.200878109389108
0.016473515740363 -0.121099192251209 0.16090773329825 -0.19236651081043
0.106075598198323 -0.0829395163033081 0.243468952140116 -0.0154558907249061
0.139494542299339 0.066750511598351 0.11619092662137 0.142091173640638
0.00775999080201932 0.167637348970399 -0.0677504143437271 0.104457568853232
-0.0966880512735143 0.109452040553902 0.00923123383130748 -0.192775975906466
0.105358399293861 0.0135642347039489 0.00440479043007956 0.268673379804651
0.0260142968860094 -0.0791347438027806 0.128725166954278 -0.0729744568791539
-0.0614894830228451 -0.0513502582704173 -0.135187963959422 -0.169789441215875
-0.0477485084880904 0.0376872503014578 -0.297002326001572 0.0215699555176428
0.00361685093397422 0.0374407187033969 -0.166819603250933 0.265339947125743
0.0153199039670818 0.0233510832155045 0.0297470157061971 0.259804130007649
0.0239766292904146 0.0144638397635286 0.113154068611148 0.163328400143857
0.0104469496083305 0.00594076633654918 0.154456246502459 0.0836589548501032
7.25084998678127E-05 0.00805001798982418 0.189103568470691 0.0505822863226914
-0.0186813840340583 0.00555085893293311 0.209399359415274 0.101021122632601
-0.0166091597400289 -0.0134069503319057 0.134425775897016 0.216459586940324
0.00152868966159407 -0.0243743776655448 -0.0398115175063799 0.287375185861272
0.0448132345729308 -0.043646143352979 -0.16674624279157 0.283424930832299
0.0936946885843909 0.0115747239058325 -0.246547698140303 0.265779000863351
0.0886623495881316 0.106657457069671 -0.172683972053537 0.408363236169306
0.0945951035568384 0.157547212033835 -0.0269270171476411 0.240001142779772
0.0928817914389838 0.013029948789259 0.132284158907364 -0.0735602293482319
0.0336491042452979 -0.0396068309018694 -0.124240801708068 -0.210360100285299
0.00167093326484744 -0.0216156706855514 -0.318942899525023 -0.00871664514727299
0.00493601643096886 -0.0398379000552648 -0.199778080739689 0.256751889701983
-0.021986636472205 -0.0379969231060881 0.00794497564803548 0.268505309146832
-0.0303094856983821 -0.0194015439473625 0.10642016713628 0.168941782160268
-0.0449538225337439 -0.0233196819804992 0.147445394516282 0.0806274840413831
-0.0516767674727248 -0.0335855858693747 0.177686621204376 0.0323182185588463
-0.0580406884244221 -0.0735418318266144 0.211282733619882 0.0610397684783292
0.00455319626519771 -0.107643225491275 0.177439717967192 0.170771910523341
0.0879636938165001 -0.0708261771201517 0.0219051923943918 0.2724698670446
0.155539477280824 0.0112213181902265 -0.114651880959473 0.296795167367947
0.145726352774468 0.152609158204195 -0.202007084764445 0.268323764826236
0.0689963270841199 0.267348122027973 -0.150725995418674 0.361787351088565
0.050102880192913 0.287466636674714 -0.041511439950858 0.163936807114261
0.136003744303965 0.135260918157889 0.146023917958617 -0.0944847292895315
0.139197191273632 0.00887155385160397 -0.0921090998610147 -0.272436138133401
0.0809510377908604 -0.0738148171698137 -0.330332743431664 -0.0711637348342721
0.0218634905922218 -0.122475432666925 -0.237550114210208 0.214702432273107
-0.053214373036072 -0.1082371232424 -0.0336155659495965 0.253960945302157
-0.0818534612250712 -0.0576173137864267 0.0749886501224528 0.16284945493229
-0.0953219988006383 -0.0487969243733678 0.118596575101463 0.0677256174476019
-0.0966664872075857 -0.0632291526298472 0.144120182749144 0.00302280887499142
-0.0992154781483312 -0.129709608366351 0.193135692748396 -0.000453452880839677
-0.00326384242879478 -0.188457364763187 0.213881832287755 0.0891901125995339
0.133446273330143 -0.141440789445312 0.109709105539187 0.225812410795324
0.256612058633998 0.00513872592476617 -0.0361200887924154 0.298522016738366
0.218896653422956 0.23896713870427 -0.152492893613719 0.265169646708663
0.0712042254524955 0.381644163953884 -0.123872571012595 0.275019391122912
-0.0193116942279046 0.376045194162792 -0.0300167256742555 0.044452908608081
0.139607885714007 0.26290123784156 0.166463018700399 -0.133290208434331
0.226737076380913 0.092965872804091 -0.0347383750155342 -0.334828021451142
0.175922227090506 -0.0977736036310277 -0.305079324828367 -0.159053751383006
0.055834992895678 -0.19191908709339 -0.261424017650601 0.127770631123236
-0.0692484954200743 -0.172914733000762 -0.0866854346817105 0.204712458446745
-0.119751554884797 -0.0941269201193899 0.0223070185707792 0.13975663890506
-0.13158132111215 -0.0662837672456567 0.0713842316693032 0.0460549482933544
-0.126450244690062 -0.0784525338142841 0.0936193319653885 -0.0303804905771124
-0.129623130571686 -0.157778221058936 0.152616260591156 -0.0650476107276129
-0.0255998062703001 -0.237132351072213 0.221950111397664 -0.00987025033051256
0.137286966709071 -0.204185563724282 0.183235442545737 0.148740111241517
0.314935780461855 -0.0330856568485087 0.0432421169666483 0.270416234201195
0.27295687661909 0.268077345714899 -0.111044547385383 0.2479951957046
0.076838451855652 0.43392787095169 -0.103933189091408 0.163525673897218
-0.091063652299924 0.399017928051285 0.00924900545596209 -0.102063690838473
0.0963262470772858 0.350549199728057 0.188853857691146 -0.184013040208881
0.255227601853097 0.18174781259824 0.0432616873308922 -0.372559274750002
0.245189971390995 -0.0809623157051114 -0.228393338622388 -0.244400499478626
0.0938241578715576 -0.221574939426411 -0.252727719468402 0.00795257030249695
-0.0666114090112671 -0.212237106203971 -0.137920990936647 0.122489113018773
-0.139012573231436 -0.117602534320367 -0.0423194757964183 0.0994752711589181
-0.148174330152913 -0.0729625322044068 0.0141776856575629 0.0178462743733352
-0.139602976244607 -0.0815323314643788 0.0350982709779392 -0.0610123272162551
-0.13894489451763 -0.161153050156278 0.0986679316754159 -0.118845615656607
-0.0397391446790052 -0.24700512021115 0.201892476580799 -0.0982667621108455
0.123297906835129 -0.22664844147565 0.222666941427283 0.0633224726512126
0.318762006401802 -0.0546515083928568 0.0980028328263639 0.222315121646376
0.274289917385456 0.261073891653172 -0.0861818441584307 0.216710535782355
0.0652987051604704 0.420890657803366 -0.0923863628785215 0.0444465954554841
-0.137110933529216 0.344396256678593 0.0649817274084005 -0.243583395115358
0.0225128630611161 0.352788563188816 0.213362279653143 -0.22915748946721
0.208911599239653 0.22747513094891 0.121460785723903 -0.370700399752549
0.251340507880344 -0.0372310738291387 -0.11791183118736 -0.29635025484255
0.11254231256627 -0.199130812199422 -0.209663181835596 -0.110408180452292
-0.0491083445409358 -0.20896419415477 -0.175671785841608 0.0265702737702881
-0.130910626577773 -0.121218762657671 -0.106717287688346 0.047878599391284
-0.141820895335096 -0.070305817963234 -0.0434423722856152 -0.0126378849642605
-0.133892598914151 -0.0736608474577956 -0.0223231041393542 -0.0879403386619387
-0.126050386753941 -0.146665701370074 0.0465699789937878 -0.158114061543974
-0.0351156856330224 -0.225722116035571 0.170697783736133 -0.161428146408832
0.112970472496832 -0.205473938087876 0.235936909513057 -0.00126205350118807
0.281828957617498 -0.038478590008688 0.124730713219791 0.175807452586282
0.217961379768139 0.241718976559806 -0.0723334554578331 0.180660271231363
0.0260657872726662 0.354767582744452 -0.0791682783744257 -0.0638135187023315
-0.1428135497491 0.225994424413216 0.116762652697872 -0.350021226656966
-0.0388160328016206 0.268707305340613 0.230777668726809 -0.256901672785745
0.124252006144655 0.199669606700916 0.174870103558579 -0.338249407120347
0.190058926105102 -0.000823176602505182 -0.0180985034750562 -0.307199606095989
0.0967241006279343 -0.140964072269108 -0.156222403540252 -0.196042528743018
-0.0275594022108601 -0.164669132635812 -0.195304074522877 -0.0572247499129018
-0.101421364346343 -0.100473868680902 -0.157334767304153 -0.00126364849737714
-0.113430164708994 -0.0570875723852218 -0.0920580103792257 -0.0409608795619284
-0.110790141705829 -0.0595332684365681 -0.0690929428894768 -0.112529091072687
-0.0990605281939042 -0.118789163697583 0.00864879670423554 -0.187939853067713
-0.0183244317218347 -0.181832565640079 0.146519815164368 -0.20115284359582
0.107784509569811 -0.157332864024873 0.24131898329843 -0.0383585282204855
0.223689154829119 0.00386206765587842 0.135483003313394 0.142644019982574
0.129483549619257 0.214082566767109 -0.0610730911485491 0.144826145885128
-0.0296835451087469 0.253326613275414 -0.0553380442353942 -0.148480660894252
-0.115120595343183 0.069571345138486 0.141505237824174 -0.402072691468788
-0.0701900386230404 0.132281381119004 0.231302815389169 -0.262023083706944
0.0357587033189191 0.117938175843182 0.193514474864491 -0.30076813674001
0.0935193312353616 0.0169210914852779 0.0378721517140132 -0.300563741574255
0.0554257847849899 -0.0649895331108265 -0.123914918893705 -0.237580856168196
-0.00614120858281268 -0.0929526200858905 -0.203658361554593 -0.106992073328694
-0.0557372535983779 -0.0629726337186506 -0.18921599592289 -0.0342887780456872
-0.0690368422747391 -0.0357117497784706 -0.125716782612766 -0.0614492827832789
-0.0747187527711963 -0.0392850640849205 -0.0993768584151751 -0.132965915680963
-0.0643907572254545 -0.0797517904595202 -0.0117849761849538 -0.21132134483704
-0.000801582747934303 -0.124167474688808 0.136277000975829 -0.22459484761814
0.0954496975686837 -0.0989510136635953 0.248847372565021 -0.0526061444597403
0.151541979585772 0.0465561050804261 0.14145496554162 0.128684975515104
0.0338708504517062 0.168189458481597 -0.0507659280140369 0.118468076356776
-0.0820097630403254 0.126040375225267 -0.0193207335952068 -0.199941969085978
0.108051186386214 0.00405725861914871 0.0279630208782455 0.272145091398188
0.0204468603811161 -0.0822432436220783 0.127056601576934 -0.0831989010490229
-0.0659076658374285 -0.0459135998540786 -0.148346251123546 -0.160782180237416
-0.0436529100845404 0.0420994765277918 -0.299137463922821 0.0442599405418075
0.00670882508796684 0.036261342097167 -0.145586853098962 0.280906979789128
0.0171694070596524 0.0225995391658942 0.0511754726133384 0.259437366120294
0.0252616209206078 0.0120611602104838 0.125903522365605 0.156942371580966
0.0108343874017662 0.00480129555691063 0.160828230567756 0.0717212958547758
-2.90880858655467E-05 0.00822358321586413 0.193044114173361 0.0354435525993122
-0.0189381501745485 0.006729921745402 0.21805670019314 0.083681152863095
-0.0174631139210223 -0.0119219232777208 0.152999534826472 0.206920887056154
0.000997084287206322 -0.02528985043619 -0.0174837863762121 0.29470860508897
0.0409755201062139 -0.0470117787895566 -0.145131816183893 0.297350000608168
0.0939990442559117 0.00370656102503131 -0.230805744107805 0.285597908682719
0.098083081814197 0.0995480617208568 -0.140394987546779 0.424562883690524
0.109385937622066 0.149389690596837 -0.00612463545292538 0.246194164870788
0.0945675115346839 0.00494642683959428 0.130127554032738 -0.0832538334670892
0.0299652900708538 -0.0420782420430702 -0.140919697926524 -0.20321136281457
0.00095020451085095 -0.0209884037891819 -0.323102620483722 0.014960125237982
0.00151783805574456 -0.0403441396621162 -0.179459017028885 0.273883650233877
-0.0252802792961784 -0.03577128612975 0.0303376260178815 0.269373057395868
-0.0309293425431367 -0.0169355103004071 0.11914878285633 0.162303050460805
-0.0469810757629519 -0.0202795063922796 0.153415574686489 0.0688237733158044
-0.0559981981220089 -0.0298251581005404 0.179019383839131 0.0182031873474583
-0.0649328544360603 -0.069002178518671 0.216263396460639 0.0429113452701786
-0.004909542363467 -0.108262103897897 0.191740192075975 0.156617297289483
0.0836909890788047 -0.0784270624235187 0.0439599312111569 0.27514838977951
0.156784805527414 -0.00177894248172046 -0.0929404535020938 0.308419148979947
0.15827131600905 0.141278220011915 -0.185658617782307 0.285566983063537
0.091169325078923 0.263576446271331 -0.122974718064613 0.375081510639999
0.0747305712696168 0.28489152723197 -0.027135870934518 0.171389551469115
0.148000911335259 0.124570154846215 0.142521703275413 -0.103888633354972
0.140319955415519 -0.00188446405618536 -0.113810531606451 -0.267620785484133
0.0757922909353474 -0.0794949341142507 -0.339096525056062 -0.0474522441260278
0.0111194048998868 -0.125226281257036 -0.221396182604292 0.233890942438407
-0.0630458143807068 -0.103035749231822 -0.0128793177559655 0.257626468587486
-0.0858403480325681 -0.0509494573323405 0.0880814290206678 0.157359736526372
-0.0989676709817767 -0.0411142486843187 0.122876803292448 0.0581363901017794
-0.102647565132715 -0.0560544426460402 0.142570246908036 -0.00975733300215536
-0.111490140424584 -0.121784771715667 0.192554363259826 -0.0182445219656069
-0.020479226278513 -0.187556575778658 0.22148680349128 0.0687237152720608
0.121971251858145 -0.153473455787028 0.127734976577861 0.221979710726203
0.257309936960257 -0.0157142171679094 -0.0133006369858289 0.305811270494842
0.239236735266757 0.221845056242597 -0.135060503171261 0.27970513784519
0.102445311162549 0.379099770808698 -0.102849200781834 0.288321108048608
0.0128187968936173 0.380343867566471 -0.0254113113579789 0.0499310228796154
0.162342136008787 0.252434343166954 0.159401785334809 -0.143764469556158
0.235245767731193 0.0747418220324369 -0.0601624290373498 -0.33588566159822
0.168729244918755 -0.111876754211068 -0.319563041296408 -0.138644202972842
0.0391957650351709 -0.197689637668247 -0.253712504339189 0.148043068001336
-0.0857111350353272 -0.167476891280299 -0.069883145727241 0.212688450778207
-0.128197663503969 -0.0840456996173254 0.033724843561011 0.138130481593623
-0.137044797038065 -0.055243415219403 0.0742078665324552 0.0400075301658787
-0.134180566341604 -0.0686748024850836 0.089711366344347 -0.0383518679162897
-0.143881382986351 -0.147197569980937 0.146338944438444 -0.0790651028604317
-0.0475331527142772 -0.235428307099374 0.221346701606948 -0.0314539378087048
0.121040610266291 -0.216007058724516 0.195499641491668 0.136885681946053
0.312934314397814 -0.059926528608655 0.065274029715084 0.271787324295801
0.298114375572928 0.245400676549006 -0.0939881090811638 0.259621787196731
0.113195866942318 0.429890037478259 -0.0917504160282429 0.17474513541851
-0.0569189774555909 0.409466495928872 0.00138816183183869 -0.100721827214269
0.12534264718416 0.343581168275269 0.177786172231844 -0.196451771104972
0.270665266134201 0.16235695502685 0.0147314889244404 -0.380317399543968
0.241014807013087 -0.100808664738363 -0.248611789733644 -0.2310648486607
0.0753738131212339 -0.230481424878588 -0.255537424713356 0.0273625119419667
-0.0857771521573129 -0.206969831458896 -0.128917661356484 0.134728531364646
-0.1489629640017 -0.106164220401722 -0.0339865066708728 0.10261609050635
-0.153804038515109 -0.0604291941859079 0.0144667193113706 0.0166341090190393
-0.146873850851962 -0.0701453318145557 0.0274430069716967 -0.0642317843919744
-0.15345972871154 -0.150610666124918 0.0873430781973432 -0.127667024471224
-0.062704527523361 -0.244765130114687 0.193434527916042 -0.11883036157152
0.10501454964231 -0.237122553812748 0.229033015164421 0.0478598915522991
0.314108334122846 -0.0820887457301059 0.116382104101477 0.219776989383937
0.296681921646546 0.238601264794613 -0.0707277824117328 0.227707708029657
0.101518376187689 0.417834423775388 -0.0887438088803191 0.0534481760105164
-0.108854809118683 0.35700242385767 0.0463154504975187 -0.248042805287011
0.0521870526899818 0.352010142922913 0.198204501713371 -0.244408847796968
0.22786176302872 0.212110841100005 0.0933736849961097 -0.383524336030139
0.250013885367217 -0.0571644201193981 -0.141869609175907 -0.292128847997772
0.0959867834532257 -0.210123570736441 -0.222902620092388 -0.095025883080155
-0.0693125408142218 -0.20572199137835 -0.174743108095989 0.0410888532289379
-0.141685531681401 -0.109563339387977 -0.102016202637093 0.0566903282769534
-0.147349277888493 -0.0577983356851511 -0.0453663625216113 -0.00915496336754883
-0.139766841342341 -0.0627918453463121 -0.0314735034991174 -0.0867606849828419
-0.139873810161633 -0.136267035646243 0.0329558550683867 -0.163310395378481
-0.0556224548716033 -0.224133768463083 0.156718232955124 -0.17961999343599
0.0968527480297669 -0.214772430703534 0.237436779800926 -0.0184685014493617
0.278280382474294 -0.061776404553763 0.13983669666476 0.169749377931155
0.239779082443653 0.224331807666808 -0.0595636035509553 0.189599541746157
0.0555629669258084 0.355193492384203 -0.0836362340299724 -0.0568699360572331
-0.124367373896255 0.23831424210367 0.0895528769819989 -0.359642693038828
-0.0166816906365841 0.272821885853754 0.213122386265892 -0.274370554849627
0.140143638107635 0.190795064487147 0.149451372906543 -0.353074420046021
0.191401282057628 -0.0159472271020678 -0.0417482607241446 -0.310572628141233
0.0848704206410922 -0.149245855671833 -0.175520888407572 -0.186199573845703
-0.0433359302349456 -0.162588917872137 -0.201800149688324 -0.0409811466992035
-0.110800599643624 -0.0921154114826397 -0.158186340101678 0.0129324105289278
-0.117119155445437 -0.0471090504767338 -0.0970163119197214 -0.0333316153691814
-0.115373062551001 -0.0497806542760787 -0.0797262270404075 -0.107525438484236
-0.109041783143397 -0.110443441211789 -0.00732113666043742 -0.189737919697844
-0.0344963151123821 -0.181789393851714 0.130577365685563 -0.216685651084778
0.0951243126144163 -0.165855553845603 0.239285086934342 -0.0573082460725619
0.223533082580902 -0.0137389201639756 0.147624336497048 0.135251041581548
0.148102777939056 0.203771006224989 -0.0507766385085249 0.152679702039719
-0.00909471548888628 0.256185081769156 -0.0672392983449056 -0.143273648201119
-0.108650589255196 0.0795930966641 0.110620635944107 -0.416331421182805
-0.0594419190844498 0.138432502134978 0.214251280527049 -0.280976584946675
0.0444530510992308 0.115359212515863 0.172152206917567 -0.318353398523549
0.0962019130051558 0.00971340585629305 0.0155414856406329 -0.308371589834583
0.049945857961962 -0.0697350937680018 -0.146680464226591 -0.230021256199585
-0.0154025619547639 -0.0925670571823012 -0.215565145354147 -0.090670197235963
-0.0616778554139619 -0.0579436915961545 -0.193004987073698 -0.0184028382858169
-0.0706525036552975 -0.0296969114359387 -0.131555493128498 -0.0521458027993908
-0.0774025701502252 -0.0319382197305274 -0.111191277921101 -0.125375780666251
-0.0707329218322679 -0.0746984271447948 -0.029274644876501 -0.211166231893492
-0.011900338567422 -0.124569944638509 0.118900850568557 -0.238111139355715
0.0879355192299379 -0.10645381838119 0.246125984363572 -0.0723515738671299
0.155222906403142 0.0348396762748139 0.152606788334264 0.120511394906445
0.0481170523495548 0.165751087502433 -0.0412930367046449 0.124405425925209
-0.0721333722230755 0.131894203249454 -0.0365225786512679 -0.198464133123327
0.104010708003942 -0.0048749894314345 0.0478328567960945 0.26026124294489
0.0132767407456216 -0.0806940183893824 0.119008958677863 -0.0882965130412526
-0.0655604381256168 -0.0389315413608334 -0.152213006761134 -0.145786900968822
-0.0373824956828031 0.0434396212862043 -0.285508371740904 0.0632854595566963
0.00884231936440938 0.0338342100746264 -0.118999482096868 0.27867695526218
0.0180084598509148 0.0207627195739047 0.068458790492435 0.244853460481689
0.0258621772684499 0.00887952696473982 0.130886956082807 0.1427472002681
0.0103608476967738 0.00312777289814804 0.158430404058558 0.0580546543690064
-0.000592643238494525 0.00724694574812973 0.185933502779359 0.0205924999299008
-0.0179889352568055 0.0078023764094583 0.213564557659976 0.0633520689924923
-0.0171127441453111 -0.0100138898901638 0.160787826358741 0.188191153902248
-0.000658887135364325 -0.0247487018295735 0.00440673049873065 0.28581661501756
0.035484661169737 -0.047458896179888 -0.119585413763777 0.294109794421067
0.0885641547266411 -0.00260735223154387 -0.203719976954589 0.287909079554981
0.101452477621443 0.0885858191302939 -0.106192303488462 0.416530333914264
0.116613205006301 0.134153504999931 0.0132642465034855 0.238506621485842
0.0903453029945042 -0.00309083832763407 0.122371142653503 -0.0871998429770928
0.0256733165219093 -0.0418537847314933 -0.147653581440778 -0.186948415982961
0.000291909511518114 -0.0197282390459293 -0.310103191408119 0.0360157126149973
-0.00139144588307888 -0.0392309259551211 -0.152697582636426 0.273980119509531
-0.0271135727634844 -0.0316195245032326 0.0484202075079587 0.255397776210246
-0.0307818786631352 -0.0142587860391824 0.124913465723828 0.147773439150513
-0.0461024918957735 -0.0159156040955137 0.15006526547024 0.0553996603522891
-0.0565445499444286 -0.0247858292325564 0.170837400019203 0.00430461261423684
-0.0683136761220703 -0.0610247253491071 0.208395543022344 0.0244611509367398
-0.0133326671350887 -0.102521985358793 0.194367261959212 0.135486793638285
0.0751639478542137 -0.0809282725482801 0.0616460234908323 0.262824128549537
0.149431732773322 -0.0128140646909416 -0.0677390070789004 0.302615236553399
0.160744200073296 0.123836760416428 -0.160917504862044 0.286605631395975
0.106330931087156 0.246308085489382 -0.0926634640058268 0.369362652415695
0.0937341588096948 0.265691280579064 -0.0122935102680708 0.169239786440822
0.150237010061312 0.107422639418198 0.13252252325428 -0.107092175376036
0.13370210275486 -0.0117859247740194 -0.126486070955479 -0.251133710649254
0.0679844278160453 -0.0811866389549015 -0.330030080436007 -0.0240955255502351
0.00120859956480976 -0.120658957673828 -0.195628436217296 0.238207665504201
-0.0686648884880167 -0.0934401546658277 0.00655494435733337 0.247102503529746
-0.0854023353670399 -0.04236298429793 0.0938933987128115 0.144741314857115
-0.0976463021275416 -0.0322098585085478 0.120070608003995 0.0469899286745675
-0.102960201396608 -0.0460562515012166 0.133593124929369 -0.0191698204563755
-0.116463090749117 -0.107798982274922 0.180428676690623 -0.0322549310393348
-0.0345829245306312 -0.17778485710082 0.216041907810782 0.048681521855483
0.106540920373796 -0.155525013546777 0.137477837677846 0.206438148380473
0.244699452459191 -0.0341079347672197 0.00793490830765873 0.294779551205588
0.245210117388926 0.193940972484337 -0.112214039399636 0.278442110065012
0.124382904999304 0.356503137029425 -0.0773757067370818 0.284024732690243
0.041504151862142 0.361328847887807 -0.019298545815141 0.052764982754749
0.172679416275191 0.228827225025402 0.146049353254973 -0.145279745220176
0.229418682194628 0.0548421864720617 -0.0797117610852373 -0.3197706186758
0.15432690655753 -0.118312217693901 -0.317229540054594 -0.11307335299684
0.022364929080548 -0.191755143678037 -0.233663871224683 0.158994794352023
-0.0954041798186728 -0.152596034081429 -0.0520949304174793 0.208226736569257
-0.12852306455154 -0.0702180522823247 0.0415957435392986 0.129132686681857
-0.133797259401871 -0.042824104696969 0.0722513762351663 0.033705405017004
-0.134172462859716 -0.0561475633400403 0.0805620426965529 -0.0427393457345945
-0.150142088813976 -0.129491613138899 0.132142674397563 -0.0866079656295896
-0.0650813231098373 -0.221164541413139 0.208135209351375 -0.0485633125504753
0.10030470673363 -0.214694112377087 0.197008011446285 0.119259414041402
0.294153453628257 -0.0797054296307948 0.0808212862129385 0.258353113785654
0.302528850572801 0.212422856059939 -0.0734767613283702 0.257684469510593
0.13960761211608 0.404612709511243 -0.0742023016706967 0.174298036551072
-0.0239790933847655 0.394943582831147 -0.00469361306180518 -0.0940650748832909
0.14454938958269 0.31904742995701 0.159613574799354 -0.196605117093073
0.269483788860937 0.136424518542255 -0.0106640226269864 -0.366314755957931
0.222937305217973 -0.113249187407909 -0.255186366712942 -0.207680250565665
0.0543170031554343 -0.225877049554056 -0.244759103821058 0.0428729786471215
-0.0995793246241671 -0.190571820408217 -0.114885402751989 0.138370203389093
-0.150059802823476 -0.089516417863355 -0.025457690081743 0.100457109726524
-0.150017507661132 -0.0466863607218877 0.0135336887202334 0.0155673123638581
-0.145911686101672 -0.0555983502641217 0.0202725582119088 -0.0629111758820485
-0.159125143764087 -0.131251601907894 0.0730574586558177 -0.129245408149869
-0.0802764176221009 -0.229004800923579 0.174777034959158 -0.130183139508936
0.0830964361092729 -0.234212733462439 0.22235623762675 0.0319170823666857
0.293213553971834 -0.10086736993439 0.127043622050403 0.205108577076623
0.302157127169139 0.20484818355732 -0.0522734548761896 0.224649835302405
0.12729639087789 0.394189856611459 -0.080031338830916 0.0589555029227839
-0.0774562866364884 0.349021267776125 0.0271320333949329 -0.238406449892199
0.0746018714322046 0.332772844128267 0.175164433545136 -0.244213284896785
0.232223511816242 0.187397021198387 0.0634377154460814 -0.373340132933203
0.23537399607493 -0.0728336555486909 -0.155671498556467 -0.272362856235711
0.075438993714324 -0.208039992416334 -0.222211528999545 -0.076688560268223
-0.0830013077195829 -0.190371105633756 -0.165354828740363 0.0515229805309606
-0.14359103964231 -0.0939262475448218 -0.0937057840775897 0.0615069782870765
-0.143068495519935 -0.0449505004292357 -0.0447788698361332 -0.00485894331848647
-0.138259921712885 -0.0489639211208544 -0.0376730450448119 -0.0802022172967377
-0.144240974209172 -0.120167645449519 0.0186314119682832 -0.159318616227243
-0.0718772020753382 -0.209505108210757 0.13565299121773 -0.185585527684435
0.0772494172566727 -0.211682699580888 0.225359084784229 -0.03384372903005
0.26025744978028 -0.0785206350468218 0.146091910492634 0.156167211942099
0.246022012133454 0.195342680484201 -0.0440467533507052 0.187989615408634
0.0783022372054031 0.335431104131306 -0.0836285772541167 -0.0477833413626643
-0.101036057753038 0.236802058210719 0.0605078935108455 -0.349405377409263
0.00378526604919183 0.262236367988301 0.187992821007921 -0.27458260359751
0.146260956015909 0.173821009582587 0.118673820969747 -0.349089300008058
0.182581006362097 -0.0284056110911242 -0.0618917373799593 -0.296741247578861
0.0704501490394686 -0.148364355205628 -0.183981817458971 -0.167118140443622
-0.0554256099059128 -0.151519799655087 -0.198097253256192 -0.0246975852974089
-0.112192380990584 -0.0792215751377564 -0.150059569035829 0.0239339217731308
-0.113930653203275 -0.0366894742769714 -0.0953067024183068 -0.0246449489019859
-0.113466867482663 -0.038290109646008 -0.0851071187031742 -0.0962004816521619
-0.113247268888785 -0.098003347484628 -0.0213661003248571 -0.181620469996642
-0.0473384184535498 -0.170938067189517 0.107834070443702 -0.219237341468635
0.079513913422248 -0.165082258386496 0.22504020084435 -0.0714317897900457
0.211339499937229 -0.0287516036095343 0.151408166932166 0.122142772917142
0.156939027772714 0.183846484777285 -0.0377943322556468 0.151750668337853
0.0094589714772695 0.245788693068085 -0.0746815088570823 -0.132493380091987
-0.0966364384536208 0.0840111620247349 0.077648603655386 -0.406022024924476
-0.046193819264038 0.136441326704013 0.186355018580518 -0.28293553778251
0.0495209098128427 0.10778120364816 0.14282708008204 -0.31615484805754
0.0929116155096088 0.00346024223035399 -0.00619249306604029 -0.298198617472546
0.0427801018744293 -0.070080991776839 -0.158434941244845 -0.210716114150983
-0.0228621009331304 -0.086744122594706 -0.214421771162357 -0.0718573463796816
-0.0630769764347874 -0.0512154015107128 -0.185116022747802 -0.00353926625607767
-0.0682691188097752 -0.0233619906117482 -0.129719251443899 -0.0401681977149764
-0.0749999863098603 -0.0241311516706631 -0.1158550505302 -0.111424938865654
-0.0730145819706868 -0.0658150732330442 -0.0434058678144765 -0.200868826165305
-0.020975945968488 -0.118461391546458 0.0951845167232702 -0.23894664385661
0.0769760870196719 -0.108794683113918 0.230058039970256 -0.0855818803355268
0.150063020571893 0.0226997351015601 0.154158017166182 0.106810410920456
0.0583955037716325 0.154412941598767 -0.0308270306862733 0.123789392454135
-0.0601812890475679 0.131062725262468 -0.0498862252025943 -0.186635089316246
0.0972572426602693 -0.00888771031600122 0.0554437865403643 0.243260646412331
0.00940512698512167 -0.0772757355190274 0.111709128267943 -0.087031814880293
-0.0623677210037696 -0.0341496612680361 -0.14617191959717 -0.13388394952469
-0.0327318602356909 0.0410525669213372 -0.267626524890268 0.0670137903034932
0.00935871791214173 0.0305636872860289 -0.103226981756086 0.264193226139875
0.0179919002593814 0.0194788253262742 0.0717671070872842 0.226701196510218
0.0236821674775849 0.00666013372961533 0.12677484351156 0.131093358762227
0.0092092870694006 0.00277133940880282 0.149391465048869 0.050152280962048
-0.00126338211980187 0.00710310168516544 0.174139719307661 0.0137293466637033
-0.0173343406650054 0.007473344497548 0.200371450113223 0.0519868619231627
-0.0160206707797165 -0.00843910455406563 0.156194424803473 0.171970833118087
-0.000616463349987132 -0.0238666222460778 0.0121687911620634 0.269552294546135
0.0317406209592795 -0.0445699719414827 -0.104573754159052 0.276997637309054
0.0817763152576639 -0.004076306728453 -0.186709908489665 0.274457521379034
0.0973520687873784 0.0793660555904128 -0.0885882059534244 0.391115426721639
0.113889312303835 0.121053339508342 0.0222980619702329 0.224514019292561
0.083964463524389 -0.00636474928684868 0.115562838344919 -0.0848572009961402
0.0228322286713058 -0.0395433549014028 -0.1425254469977 -0.172551946450673
0.000994236879934766 -0.0182960364977026 -0.291338168686711 0.042299172030586
-0.00316706340477711 -0.0372034166775678 -0.134321613296665 0.260622312932811
-0.0266197490660889 -0.0286016499070199 0.0540657656667029 0.236733689215939
-0.0287610295040103 -0.012971853380426 0.121257596989605 0.135891794386222
-0.0443787401342406 -0.0139009272316431 0.141091595254461 0.0481942052041553
-0.0546932926065032 -0.0211117070705395 0.158296583419418 -0.000528190347198266
-0.066303814605824 -0.0543815780488203 0.194433328685834 0.0155801437876026
-0.0153675672020416 -0.0952602516760577 0.185774423710568 0.120323394530939
0.0682936175135478 -0.0791631030709931 0.0652551963188958 0.245905462108009
0.138826794446226 -0.0161172248518042 -0.0559810120508048 0.285131536053542
0.152815582479735 0.111044956816836 -0.145419748231464 0.271806341324148
0.106958620682493 0.22785054439632 -0.0767584123832716 0.348693530809159
0.0965044459012169 0.244128186781018 -0.0040750775006635 0.160998305459243
0.143674704098625 0.0950540171412887 0.124535828532294 -0.101888649013641
0.12364386320345 -0.0145158547954273 -0.124538654180916 -0.233134029244923
0.0619434009509988 -0.0774758181224115 -0.310739329018519 -0.0139117913353292
-0.00352789139199579 -0.113168676516044 -0.176832057848532 0.228428996754375
-0.0677728587167507 -0.0844015116348964 0.0138415115046439 0.230602296066991
-0.080716191618948 -0.0370151188062788 0.0919523811741284 0.132712509133824
-0.0915043560684139 -0.0272879530293621 0.113173141631034 0.0409590258878989
-0.0988582468380645 -0.039887505854799 0.122416050052641 -0.0205196160712861
-0.113431011047659 -0.0966984995917996 0.166316862591927 -0.0358722022966008
-0.0393564526287719 -0.164327606728422 0.202574514290259 0.0377959104853718
0.0951567687939229 -0.148787527843347 0.135777270754205 0.191099814068673
0.226885442556836 -0.0390526058443428 0.0156860701305331 0.277533365381949
0.233737593449152 0.174204975845068 -0.0991511574486363 0.264937831892027
0.127664787875424 0.330780183947838 -0.0638099267115597 0.268376006591643
0.051040935853954 0.335452205466407 -0.0145181882741033 0.0522054461786687
0.168832747756165 0.20812666788912 0.135905143742075 -0.137746275688592
0.215208212444573 0.0451085874448634 -0.0829020288758404 -0.298384969519299
0.141108893206132 -0.115145413110211 -0.300741094437083 -0.0992030672972164
0.0138719216423563 -0.179958534994857 -0.215477508987014 0.154981333945973
-0.0956131911150175 -0.137754566632889 -0.0427132840489512 0.196565365369854
-0.122112713839991 -0.0612334864892636 0.0425767235572578 0.119399286091133
-0.125635544274352 -0.0360325402520218 0.0678694049613655 0.0293992327483942
-0.128171822471429 -0.0478391394692182 0.0719929538756991 -0.0415694131773986
-0.145495898910797 -0.115785135649898 0.118469169468778 -0.0850972150504795
-0.0694585488711262 -0.203393827551751 0.191819974149878 -0.054717966136822
0.0869118984296461 -0.204011393855614 0.188247311314416 0.108672842345201
0.271663205696193 -0.0837260220128008 0.0835090179633099 0.241991388730114
0.289199478485385 0.187950173086231 -0.062843474790855 0.245032721051113
0.14332451692359 0.375873326463034 -0.0630865749330011 0.165922141955799
-0.00856073275524486 0.368694501350184 -0.00563215295115739 -0.085105249770925
0.143885807363943 0.293296100662591 0.146867525229547 -0.184824604446069
0.255674471022958 0.119871590558556 -0.0194572312363113 -0.343597293920267
0.205832200722592 -0.113058021993122 -0.245737041844773 -0.189100231206598
0.0429043519367524 -0.212767408170494 -0.229574206718636 0.0472273639102956
-0.101341111059635 -0.173398592641775 -0.103565937814336 0.132450403857258
-0.142798333837393 -0.0782481168718857 -0.0207974669330507 0.0945123191885219
-0.140636719211019 -0.038770591411978 0.0129813378661218 0.0144251817674378
-0.137518662292779 -0.0474597035955844 0.0152641460107458 -0.0586713017385182
-0.15428371108783 -0.117224571226133 0.0623902302456482 -0.12303300175287
-0.0844778743615547 -0.210382366697406 0.157123214542622 -0.130052643916298
0.0702045901451031 -0.220957803492341 0.209602869432774 0.0250856285588946
0.269442820803184 -0.103316802871275 0.125448530420224 0.191128855601438
0.289032328509885 0.180678583864815 -0.0433112193244255 0.214256486066691
0.131159816250243 0.36384539001939 -0.0722083926549248 0.0576921200639496
-0.0610030338422181 0.328194464221611 0.0192314731048041 -0.221327028425657
0.0799399056301739 0.30890721426284 0.159501869561483 -0.23060216760564
0.221892742797689 0.169241911220136 0.0494745813356593 -0.351361976317947
0.218588728000815 -0.0752508145554908 -0.15460426680401 -0.253267642984207
0.0640197377743378 -0.196332735433315 -0.212523826350806 -0.0665542982677796
-0.0859861012598817 -0.174065272995827 -0.154781073027949 0.054489269867387
-0.137991179713046 -0.082396751469703 -0.0850499289211358 0.0605574142477616
-0.134483170795642 -0.0368349097663515 -0.0425984594183441 -0.00293256824676493
-0.129677098561109 -0.0410897526461711 -0.0387452139592079 -0.072600156043958
-0.139324853181149 -0.107275091119932 0.0117291287918026 -0.149686154925961
-0.0750090950296307 -0.192971218232046 0.118930728355096 -0.180703840829497
0.0656560368829394 -0.19997845024154 0.210755908949565 -0.0364025417185743
0.239534871393286 -0.0813746860882119 0.142567139221124 0.144571578514869
0.235498695246329 0.17421329466362 -0.0352223871719343 0.179381146175147
0.0837885351826218 0.311809166750064 -0.079067462342926 -0.0419244279124757
-0.0863234694424518 0.223528985758619 0.046699829830863 -0.326983604064581
0.0119517467639934 0.244716791633382 0.169626215394905 -0.260598085271839
0.141050430215254 0.159258427030953 0.102145511519524 -0.329606786386262
0.170517716079928 -0.0321754513395538 -0.0657457780377596 -0.278394265622094
0.0607199705053077 -0.141313301474709 -0.179819175139916 -0.151264113151042
-0.0585925216711796 -0.139397638409781 -0.187835343920978 -0.0162504227455483
-0.107700480303987 -0.0702918450090494 -0.13951859369736 0.0267655619819469
-0.106733794455202 -0.0308466328213123 -0.0902123778039404 -0.0197630348881384
-0.105655581286715 -0.0316886099386307 -0.0833045228147338 -0.0868418666129112
-0.108701994305207 -0.0875932359957955 -0.0261258072901009 -0.169534833059701
-0.0512427677530361 -0.157917313481451 0.0927546548623308 -0.209914799664039
0.0699956230373458 -0.156539584095362 0.208511783191898 -0.0722802724760206
0.195782325841287 -0.0323150799394106 0.146134476381387 0.111949428552758
0.152250071042089 0.165782399688217 -0.03050308260371 0.144985744712273
0.016114187247622 0.228731895495679 -0.0740776163796941 -0.121384624785295
-0.0874103491558978 0.0806241596259798 0.0611754068321701 -0.381519256208946
-0.0386316280682565 0.129208860321998 0.169155785405501 -0.268528217380076
0.0493138631015232 0.0992796655736479 0.125592410344835 -0.298476394402353
0.0871244897759694 0.000262628982759675 -0.0144660102286465 -0.280633658936893
0.0380975786214061 -0.0664603150743659 -0.156383107152093 -0.192879129529976
-0.0256369919049531 -0.0798247754912344 -0.20426528037232 -0.0595930651136906
-0.0606213831142697 -0.044945082983577 -0.173722966747341 0.00254307047416968
-0.063651145767607 -0.0194946632270357 -0.122711463667773 -0.0339977452625041
-0.0695572551124045 -0.0194336928722516 -0.112036215426945 -0.100462479679956
-0.0698852835765244 -0.0584831513232066 -0.0474071875809009 -0.187320120300549
-0.0247915229533983 -0.110306629541448 0.0807658846842023 -0.22729146796673
0.0685528847630042 -0.103962518669859 0.213269954002695 -0.0866342269941709
0.140923143118166 0.0179952635857877 0.147445158436886 0.0976322835787024
0.0596410691246604 0.142035491494766 -0.0249496988493531 0.11729266370101
-0.0536780917281605 0.123416374220621 -0.0522446128182587 -0.173265469003884
0.0921379719429549 -0.00879428507581122 0.0534548554326319 0.233237868778797
0.00916308240041629 -0.0737242458557643 0.110549114660029 -0.0828377993841175
-0.0586098297391703 -0.0329133310508892 -0.136669529346645 -0.131395586075725
-0.0312582024182629 0.0380098067989435 -0.258306649233871 0.0615290687274114
0.00872144327518338 0.0291869690590322 -0.101765040572141 0.24989075950439
0.0174350777038866 0.019159004127886 0.0667530283725011 0.216350503587044
0.022744967355904 0.00522573575941397 0.120333172637284 0.127077356852858
0.00823134765607237 0.00183084099399025 0.142087420436325 0.0503977630051463
-0.00192803268284599 0.006982911741934 0.165980562303978 0.0153590605632037
-0.0168816608119731 0.00759970054071988 0.190500575835123 0.0515041896926849
-0.0145428273022157 -0.00833657304846498 0.147319977764313 0.166135362557862
-0.000300055391015112 -0.0235925767067399 0.00871646701104418 0.258174686548926
0.0302998343360432 -0.0414407825744658 -0.104462765124149 0.260278894908986
0.0763039838011613 -0.00215926365866993 -0.184410390010653 0.258685495851205
0.0917296372569896 0.0766133458076783 -0.0896899734731145 0.370890893451952
0.107319849586703 0.114517571926774 0.0222239642985853 0.215799629373341
0.0788804123252458 -0.00562439734167918 0.114743107915335 -0.0801671915425668
0.0212848237303888 -0.037363478717456 -0.13326214768668 -0.168210258047594
0.00187681954458635 -0.0178771646416784 -0.279472312473964 0.0364207979774987
-0.00295011585398832 -0.0356917228022602 -0.131071229743663 0.246488680057277
-0.025038728332558 -0.0268618545377137 0.0491577811730018 0.226200469749115
-0.0276324774958147 -0.013130749872839 0.113232139788868 0.131018959076289
-0.0423150927495292 -0.0136587840323735 0.134010680611697 0.0478073021604993
-0.0527223114937697 -0.0207265758517247 0.15065162127259 0.00158050255425967
-0.0634541877429439 -0.0521931836339697 0.183753548840036 0.0160491328596626
-0.0139422809235809 -0.0906118901574021 0.174680081539027 0.115962106779796
0.0658209182460436 -0.0746940070435036 0.060310622250876 0.237316653087362
0.13196093764804 -0.013180133842289 -0.0579925439223633 0.270563181945992
0.142918065268205 0.108278986783212 -0.14439078582026 0.258421529473269
0.0993733204902682 0.218725070230416 -0.0761057325188178 0.330383604187256
0.0910848372190218 0.232455216620102 -0.00219226746301281 0.155016010036236
0.134915781191062 0.090730218125307 0.12381918477741 -0.0946053513563611
0.117658993822465 -0.0121178209305593 -0.115073552187582 -0.226268470849081
0.0600804764835076 -0.0730366759825522 -0.297469563943808 -0.0187081911808957
-0.0026531668826016 -0.108292680966014 -0.170891293287263 0.214842165014944
-0.0640814196080318 -0.0801051349425451 0.0110451826901122 0.219607155434324
-0.0767749811316789 -0.0362223643847268 0.0862969865052255 0.127249014101112
-0.0868520483826902 -0.0270174226660998 0.106581754753273 0.0410108382273541
-0.0944511828018759 -0.0383707922393279 0.115767481664913 -0.0175016650123001
-0.108268537062046 -0.0926777466267825 0.157579303281502 -0.0333276545198261
-0.0368134948142295 -0.156154779502113 0.191125081041231 0.0363771716478767
0.0922842960580469 -0.141451298484105 0.127777171818073 0.186202929754223
0.215951364156939 -0.0346399561379911 0.0108756036636253 0.265647790563658
0.22023261067188 0.168072928160054 -0.0995831887959252 0.251735364069672
0.118912955837828 0.317736262020366 -0.0634677682805268 0.254918181165357
0.0455256483837761 0.319156824136332 -0.0118410821017041 0.0524230018025807
0.158163750775919 0.19907889887413 0.134805146803704 -0.127403975657033
0.203550785699021 0.0452618366542383 -0.0742702297483819 -0.287191543047537
0.135266331674415 -0.108372617843841 -0.286704582434946 -0.0995614303122443
0.0137137883724617 -0.171616999139723 -0.207922229865789 0.14565740051653
-0.090855413039129 -0.131102948442954 -0.0427736584617227 0.186378136733981
-0.115549453454235 -0.0593375087739506 0.0391982051864637 0.113711121244874
-0.118586432006161 -0.0351334951625189 0.0633974346758741 0.0292478097585537
-0.12130174568117 -0.0458814935198093 0.0680036484577325 -0.0374025889046021
-0.138864406659575 -0.110426447410428 0.112798674149286 -0.0802303938141659
-0.0654338658021381 -0.193094207694868 0.180400513131419 -0.0517567420270199
0.0846853983290409 -0.193513989734013 0.179020721697142 0.107054088011062
0.257961620530767 -0.0770277596402452 0.076744100372123 0.233783879200568
0.273776567812265 0.181677032255958 -0.0637175597589069 0.23408509512558
0.133133654535811 0.359960184528847 -0.0609741636478706 0.157351128536962
-0.0103818240913652 0.349813124699347 -0.00294648727981723 -0.0787514258975645
0.134407839849771 0.280172356407707 0.145540770623135 -0.17079503723281
0.241324717722297 0.117834416352875 -0.0138419761093636 -0.32864596085496
0.196739536782321 -0.105827656775764 -0.232672898154863 -0.185447570705039
0.0412508570367161 -0.202373464494647 -0.221310340501512 0.0420165022781657
-0.0964726112170779 -0.163994153114744 -0.100627121311585 0.125904005379078
-0.135260182703753 -0.0752820520331014 -0.0206062411059255 0.0889554335573123
-0.13255125177005 -0.0378064585468058 0.0116059276563648 0.0144587662904822
-0.130886504423166 -0.0455729722321391 0.0139515019214184 -0.0541189825881828
-0.146843532904664 -0.11245180119976 0.0597942943504884 -0.116479464534225
-0.0801115237760236 -0.199839792639288 0.148536072534778 -0.124298131753256
0.0697434663053895 -0.2097333633528 0.200014675651804 0.0279565477848807
0.255863377283244 -0.0953593083993572 0.117926975891183 0.186325008547565
0.27328498819798 0.174826975304837 -0.0436726092166321 0.205927201209876
0.121256955194992 0.349201414759606 -0.0688273415261422 0.0534489004331636
-0.0600958566303411 0.311076357266669 0.0218372807116233 -0.208264194142988
0.073844587857944 0.295008452929295 0.157386918247339 -0.214117554642386
0.209623863771476 0.16511223170094 0.0524633682988554 -0.335363074796736
0.20932506245468 -0.0699441858272683 -0.144391458512725 -0.244881695770443
0.0613421207095928 -0.186920987171327 -0.203863926116797 -0.0653307431359079
-0.0823720438138113 -0.164864124944018 -0.148077845670249 0.0513189251213697
-0.130808712663758 -0.0795701733249314 -0.082018899205926 0.0571501203143467
-0.125454188189677 -0.0368436100306012 -0.0413341588913569 -0.00295947868583292
-0.122604901703417 -0.03934993710402 -0.0371559759218232 -0.0683741732250903
-0.132269403926558 -0.102943227755455 0.0108344979662522 -0.142486407294446
-0.0715697076825249 -0.183865173137599 0.112601384743652 -0.172951882392372
0.0645777952241551 -0.190032455745825 0.201870044429633 -0.0318326549839819
0.227555003643711 -0.0738509757626019 0.135235589584972 0.142393429216445
0.223354480127847 0.1672311688531 -0.0349775664362197 0.172276789562224
0.0769294930148816 0.298143205592865 -0.07471658988233 -0.0409503840106154
-0.0840399419245831 0.211016265045112 0.0493192341209898 -0.309604954993975
0.0089970096911143 0.232798782225698 0.167127881849185 -0.243334383278715
0.132261675473159 0.154030662395216 0.102026171772865 -0.312466812428883
0.163428273728057 -0.0290298959060133 -0.0597092353663578 -0.267096977331514
0.0589725403149304 -0.134606676007165 -0.170805676704376 -0.146130062820802
-0.0563929905737274 -0.131371902637096 -0.179999425784517 -0.0155589096787982
-0.102612992866666 -0.06750557588618 -0.133537779990549 0.0247228114683806
-0.100026794083356 -0.0302287078652898 -0.0862997269162994 -0.0193261009270645
-0.0992922498903637 -0.0309501071445833 -0.0784360641696989 -0.0822447103538885
-0.103317098237807 -0.0840877105011609 -0.0244665592683686 -0.162125229208297
-0.0484735465271804 -0.15069413529834 0.0871969524980784 -0.200859780432061
0.0681705713530653 -0.148585398752689 0.200455519473148 -0.0657844131996239
0.185569729780039 -0.0270174385667165 0.138327587927004 0.111298317274793
0.143331504329842 0.159090770374071 -0.0293565927073194 0.138954401086371
0.0119804020232232 0.219068893846314 -0.069080217152629 -0.116142392754693
-0.0830392475470032 0.0754235694091138 0.0627013467572542 -0.36097520631351
-0.0366446657761619 0.121976984329414 0.164493160345518 -0.252363104843724
0.0455186834424907 0.0962209995147841 0.124059004250208 -0.282344880451768
0.083459568393076 0.000583581428326356 -0.00948957186917274 -0.269287569966972
0.0366245209520041 -0.0634791050614699 -0.148304901180872 -0.185767600139839
-0.0253867311492062 -0.0751456679277402 -0.195761362928475 -0.0572990326359666
-0.0577239796007558 -0.0434429425951047 -0.165658120508338 0.00183775404276395
-0.059579879231118 -0.0194257468346548 -0.116853327965655 -0.0331262092711918
-0.0648450824875391 -0.0188822176954747 -0.105847910174216 -0.0957980760767866
-0.0660976686794444 -0.0560300091343559 -0.0440187011897888 -0.179514391878112
-0.0230793914680751 -0.104950571584358 0.0781656216679119 -0.216784192208805
0.0668811713761572 -0.0980384042474347 0.204931617091477 -0.0795291888206392
0.132960345194714 0.0196755612485216 0.1392874344582 0.0973661864309305
0.0551389923246673 0.134996765436867 -0.0244722203089297 0.112482410294244
-0.0538512484515283 0.117632286735524 -0.0495352722081427 -0.165938369537435
0.0899106565111251 0.00323184859642327 0.0186669757872691 0.244072954347461
0.0200601350207589 -0.069079586600554 0.12769713250575 -0.0633871386676262
-0.0508552425350097 -0.0410786119873303 -0.110800946019069 -0.153176666340785
-0.0359932167022331 0.0297062136497563 -0.26023773177349 0.0200775428959889
0.0018419645277948 0.0288315023083017 -0.136951107893767 0.225727501305383
0.0149891091342748 0.020546209921066 0.031775622610646 0.22271245266944
0.0220968471909849 0.00878220410397232 0.0997001163301625 0.1441240776985
0.00856816022090261 0.00290398674388092 0.129442807231118 0.0731947981160641
-0.00215503058491266 0.00499711986672921 0.159733766755311 0.0431062161315196
-0.0161267105830155 0.00320535639550033 0.176952183195745 0.0820255045657938
-0.0094279863263304 -0.0111958635546548 0.115293550921298 0.189133468533322
0.00736560677929666 -0.022331360532382 -0.0361753873652048 0.257712842554701
0.0391478258530961 -0.0299263472239347 -0.150040586957771 0.234823225942298
0.0758391920707514 0.0155025567685986 -0.228163264319366 0.218244122849087
0.0801130136584497 0.0929518476609544 -0.156466753273732 0.348267323077639
0.0875490317450469 0.124861151566338 -0.0179801516737377 0.219116291053039
0.0774446485033536 0.0071909150526979 0.126902783564897 -0.0570504660930987
0.0272072832555566 -0.0321397199261427 -0.103954378382421 -0.185049830872518
0.00564289318499491 -0.0182328250550659 -0.278349367226433 -0.00531709252817674
0.00150047599798178 -0.0357136577129079 -0.163977287930075 0.221381866533436
-0.018798761446154 -0.0301706118685239 0.0149096799940688 0.229356377884942
-0.0239184231847447 -0.0179642119936327 0.0929070427526782 0.146623837383767
-0.037924257222338 -0.0210971882976312 0.121584053003298 0.069331047981216
-0.0466107242141084 -0.0297804432580226 0.146119201791794 0.0282213589751909
-0.0524383950084342 -0.061486714885225 0.174630173639484 0.0479257636188085
0.00363559337196401 -0.0899799163956202 0.149274506620301 0.144596040167387
0.0815236676150434 -0.0616144768810028 0.0168673013187895 0.246793586380248
0.132960342003332 0.0139187984958877 -0.106237143458428 0.252192633520165
0.120591354437619 0.133113897383756 -0.187090867898484 0.222121852229086
0.060975123157338 0.2317014756988 -0.133319494270689 0.30947587275947
0.0548529748782003 0.237461621443497 -0.0394729724216725 0.150440935946335
0.115942511484419 0.110252708392418 0.13337403148694 -0.0704182570563006
0.115873907829939 0.00801729107622983 -0.0819207215337086 -0.235026544110633
0.07162765963446 -0.0609040572084879 -0.287166769345272 -0.0577859015462543
0.0140613254529776 -0.104645403673663 -0.197428328442295 0.188618788690912
-0.0484240665397431 -0.0883660906404636 -0.0186876635880278 0.218592064552972
-0.0676466252035579 -0.0485863465941884 0.0672276973499945 0.139035138365181
-0.0792757988463632 -0.0411448194198639 0.0962364416363896 0.0578125184988849
-0.0839789609138189 -0.0539130498611006 0.114886803695954 0.0043124693964661
-0.089586243096138 -0.107207486036658 0.155787144260297 -0.0044258427082874
-0.00797332832618925 -0.157281670018784 0.176514269791635 0.0685389458566466
0.118390781655973 -0.122264432534612 0.0917551667734613 0.208449788547673
0.217893938432444 0.00546480311076033 -0.0378585822898537 0.258998629741835
0.185887464372673 0.202543728695901 -0.140544335041149 0.222195025785759
0.0622762794035853 0.330560446969362 -0.105967383797653 0.236918769603374
-0.000925532715645705 0.315130879086516 -0.0393159226354196 0.0424751550385259
0.120756457239543 0.218459382521976 0.143441244807055 -0.100825068203583
0.190513016284561 0.0783359351447375 -0.0384494080551521 -0.286695348818388
0.150596451762646 -0.0817165978334166 -0.267573588769299 -0.132030302444057
0.0416942088488923 -0.162831730486497 -0.222881420579962 0.117387503905702
-0.0665335370843352 -0.141222110753844 -0.0640291505834567 0.179062431651356
-0.102541916215112 -0.0772181648530214 0.0237891755003199 0.119235647267771
-0.108545592388751 -0.0543675536860811 0.0562900036213721 0.0388541786714317
-0.108909494440945 -0.0654039203221587 0.0705942478283201 -0.0227515850770372
-0.116416056313921 -0.130404709415355 0.119933912720159 -0.0575977079814996
-0.0314407726755916 -0.197487652766781 0.180448915995657 -0.0198001742884432
0.117647974514522 -0.175074982993815 0.155759456442099 0.139995276470046
0.26538303844458 -0.0297122801614793 0.0312868039816756 0.239994154188901
0.234385378984723 0.223358368062482 -0.100814079645862 0.21088160491868
0.0679800984498394 0.375141878529076 -0.0862268638760229 0.139541414832165
-0.0607379972079635 0.337619043344066 -0.0110957031626892 -0.0891261950487094
0.085277047067639 0.293640705691424 0.157323287713906 -0.145938628664013
0.215778898696235 0.154613060526734 0.0227258351824189 -0.318061779570267
0.209794129498712 -0.06877529589159 -0.205060700712227 -0.205740275549353
0.0736399025159196 -0.1881062399107 -0.221752428191943 0.0172572065075743
-0.0674066385039139 -0.174132849749568 -0.110510923145537 0.112303723170519
-0.119448986118655 -0.0958490303822207 -0.0314342680754183 0.0867807317349715
-0.122009524915384 -0.0597668111083919 0.00878550892453329 0.0158356411345823
-0.118199524228472 -0.0662184639554467 0.0206603436186038 -0.0476061101927199
-0.12415424782834 -0.132878256858836 0.0743046983797084 -0.100999886979832
-0.0451335763074551 -0.207063573778202 0.160729332076187 -0.0956018823569263
0.104462415444586 -0.194350372564465 0.1892759009056 0.0651530012987391
0.266284719138602 -0.0490038920639049 0.079406938104124 0.201508697123013
0.23559942261382 0.215449997288983 -0.0767048254707182 0.187028428540964
0.0566756578724354 0.362002010305744 -0.0749739943603977 0.0361674935634769
-0.103779489463477 0.293375468532352 0.0363900235247962 -0.214381373276002
0.024128636564366 0.29865394979578 0.176353534279199 -0.188922190959348
0.177539459049139 0.19590787165554 0.0869810459313706 -0.316105986469914
0.214998098967032 -0.0317168730777608 -0.111665170971739 -0.251693911075419
0.0910757733090036 -0.169734868749938 -0.190342228286735 -0.0851509512033332
-0.0541080325593047 -0.171566374926474 -0.147114863180199 0.0319530485143145
-0.115286635515076 -0.0983445082645979 -0.0870284684795653 0.046568871769823
-0.115389568046295 -0.0569591676650172 -0.0400742755076782 -0.00968067292231566
-0.111173888877448 -0.0588444917093574 -0.0265610870429729 -0.070903187678042
-0.112428923304693 -0.121736718225009 0.0318303229229283 -0.134988818355598
-0.039914455387176 -0.190448346905425 0.133927075483903 -0.149807448333259
0.0951451821579502 -0.175675316578614 0.20178540618125 0.0067067209878132
0.234671603322445 -0.0335287254231336 0.104796044202465 0.161536600872458
0.188188506405765 0.200557576626285 -0.0607415137838191 0.156305154691697
0.0205725153811456 0.304190556405171 -0.0644277252359108 -0.0572032919082547
-0.111735397830296 0.193576990568916 0.0844332416103695 -0.308322044435297
-0.0276769566776532 0.228214732277282 0.193104305863343 -0.216950356697849
0.104150951061759 0.172763974450575 0.136191569022913 -0.289446792047404
0.16396517789992 0.000536216114812424 -0.0239279877106866 -0.264676572551894
0.0803851764929671 -0.120153413496451 -0.147681453797147 -0.161141515862709
-0.0336331660253679 -0.13492193421142 -0.169571898426347 -0.0391638656493761
-0.0902153574214381 -0.0820673718684792 -0.133097377711332 0.00793036943200866
-0.0915475388227195 -0.0470886495692062 -0.0812455532275253 -0.0338022017816677
-0.0902765014876848 -0.0458991319484319 -0.0642016029475765 -0.0920223392555161
-0.0872159476891517 -0.0983561978688984 0.00113679665364632 -0.160424340365944
-0.0236572596789766 -0.154521231106434 0.115747826136967 -0.181670989169162
0.0916316944583306 -0.135355407644976 0.206764917334542 -0.0281248328986387
0.186263848345956 0.00422190963511894 0.114390288886151 0.13214887683705
0.112037928380987 0.178391982079651 -0.0496361940327337 0.126638031680769
-0.0289712563479581 0.21533541266145 -0.0464913701561243 -0.129663523358106
-0.0910650515635196 0.0613715363686139 0.113662925699823 -0.352388392839051
-0.054271868042378 0.11312974843588 0.197566057685958 -0.226550021330062
0.0289373877256862 0.1024484143227 0.159997860050911 -0.258981084415034
0.0816223098101493 0.0152644760985488 0.0266998981527208 -0.262243342128472
0.0470787249293123 -0.0558581113879743 -0.119159541205791 -0.19973333854118
-0.0131551536440648 -0.0748215342784311 -0.181944472036261 -0.0837916379080944
-0.0506295444577552 -0.051134109692308 -0.162382505642403 -0.0200704281947672
-0.0545480929305357 -0.029661252268995 -0.108958843152511 -0.0523496892698982
-0.0595440199732923 -0.0278726938645734 -0.0885385957949478 -0.110628022779389
-0.0558278630407537 -0.0650110493816997 -0.0152010074375309 -0.181276529157541
-0.00724601387385156 -0.106812401676764 0.110393887488959 -0.198443030765246
0.0806398537417556 -0.0872392785597523 0.213679053736848 -0.0418520001860212
0.127752249168666 0.0402042541965811 0.11922617799602 0.119003521428494
0.0310070299602112 0.140208922554992 -0.0403596204414875 0.103630363643162
-0.0755343665004005 0.104429897524446 -0.0190489030290221 -0.173312302108459
0.0915766986433268 0.00355038411644527 0.0206990859732519 0.248844755672012
0.0206777080256781 -0.0706626308807559 0.13404492231936 -0.0646603690990208
-0.0507825234093066 -0.0424457173457696 -0.110426229483458 -0.159678495602727
-0.0366094151706292 0.0293172175157086 -0.268150291149407 0.0185063151457874
0.0011348950702715 0.0287395826006312 -0.142095894332649 0.23019054935853
0.0162822763245136 0.0217255061119244 0.0304639829145872 0.226692104184972
0.0219694318083728 0.00892828575831895 0.101658932415576 0.149081760291523
0.00818690042151777 0.00264403066599386 0.132745210412501 0.0763661748698097
-0.00277928300143445 0.00553251162033657 0.164344577257831 0.0455175985632584
-0.0168627709007833 0.00358784159471974 0.179905093193374 0.0847840359536761
-0.009097265445638 -0.0117851974439199 0.116578998675315 0.194959936264825
0.00832811537791797 -0.0230610615437233 -0.0392773940538535 0.263481322367761
0.0398323784164167 -0.0290496795709035 -0.156868743531631 0.237742288155752
0.0759718752440874 0.0184271960485764 -0.237600693379232 0.219383144972466
0.0803532580257777 0.095279043984859 -0.162257762109277 0.35277749860415
0.0878906492467531 0.127401780326904 -0.0159741021832352 0.22385878896873
0.0778377578870218 0.00803395028726816 0.133910458283769 -0.0579864901664037
0.0282338281639355 -0.0323301190577381 -0.103200567865879 -0.191143390070572
0.0062475223343541 -0.0190337151498761 -0.285747853013462 -0.00824868881156715
0.000849359503755749 -0.0369754971885718 -0.169926929072738 0.225236216610457
-0.0188189638385907 -0.0309036881541396 0.0135628839280339 0.234225843983356
-0.0246632026686244 -0.0190363264996088 0.0942258442100641 0.150363452213483
-0.0387844539792281 -0.0222605383374268 0.124404202130312 0.0728520404672047
-0.0483070242648035 -0.0306496580438478 0.149760297249331 0.0313058211700979
-0.053623245135574 -0.0624323379257689 0.178161318637362 0.0496726194399119
0.00449950835399088 -0.0921693140651776 0.150592221391703 0.149193311409924
0.0836717680375636 -0.0627997223971129 0.0151010800316466 0.253682642956525
0.134824640757137 0.0167886165736875 -0.111718888141579 0.256484569953768
0.120873155548544 0.137657903958603 -0.196002260867904 0.224929997375207
0.0605157347004466 0.238218175920661 -0.138615872347042 0.314502169424304
0.0536204096010072 0.240571022814895 -0.0385469828262374 0.155482848268881
0.116447471035157 0.112929149328822 0.141227497079294 -0.0691888289313093
0.118023465369057 0.00937624231190127 -0.0805979529090973 -0.242162930094383
0.0737557644600765 -0.0621994012171428 -0.294866687445901 -0.0628869886665132
0.0137248479279279 -0.107492327567583 -0.204587602143075 0.190000563031772
-0.049580370782931 -0.0896035614186571 -0.0196597740475968 0.222808186689882
-0.0693201691153927 -0.0497407324372042 0.0672569721714662 0.142387901303117
-0.081033678821962 -0.0432908310124616 0.098120997662036 0.0605125743467448
-0.0858786018667215 -0.0557260073084563 0.117175055780118 0.00636877105995109
-0.0920547782710098 -0.109355862245683 0.158736375036361 -0.00317972528731555
-0.00786958689253961 -0.160343470206196 0.178261304472878 0.0708313034460491
0.12076797103437 -0.12482693215392 0.0923092586647483 0.215267515617156
0.22134441921299 0.008617124784695 -0.0416418757131799 0.265767663347302
0.186457497881006 0.208901249735234 -0.147176883819369 0.225898882975587
0.0614616271901931 0.340359084239644 -0.108787199801401 0.240085672869288
-0.00351466091515353 0.319940110460997 -0.0371979453356098 0.0453470257099539
0.12135572769824 0.22323763525519 0.152253254633601 -0.100018942166324
0.193440174722421 0.0819110128055452 -0.0348296549717548 -0.293952304025233
0.154491679664722 -0.082899686296757 -0.272796138170377 -0.139374889670182
0.0419516367445884 -0.166357198115745 -0.229553080917873 0.117491465987189
-0.0682516806739875 -0.143145792295913 -0.0665962035627147 0.18270385993396
-0.104559555180294 -0.0791798437753278 0.0228335446912378 0.121984867951939
-0.110113941999027 -0.0569917311881455 0.0571654556576532 0.0408470732612999
-0.111063551586139 -0.0675485182846031 0.0717303063807535 -0.0209875605900914
-0.120207411382024 -0.132971042452349 0.121442231772705 -0.058099579686444
-0.0321187650223946 -0.201590201157373 0.182336362544788 -0.0196536831906548
0.121613814286123 -0.178925811862952 0.158289625704354 0.14703705850562
0.27006997248794 -0.0276186541575762 0.0305419833763884 0.24838851738194
0.237348420322957 0.230167503999381 -0.105008484844921 0.214844062186027
0.0674338531933784 0.38479745054419 -0.087624248402244 0.141734534462513
-0.0657040222628891 0.341245309114561 -0.00814732040793477 -0.0886120520391871
0.0847981515440594 0.299999486829017 0.166383754781403 -0.143723667066289
0.218672842648669 0.160977701702992 0.0284957829155991 -0.325006797895747
0.215137453923023 -0.0689864226940533 -0.206858566867737 -0.213987127022435
0.0750860848853366 -0.191775617257857 -0.22744437655109 0.01531763256538
-0.0694551108461573 -0.175912092242779 -0.114002114333133 0.114373501638304
-0.122278396712022 -0.0978879619459009 -0.0321195574883972 0.0885751916905368
-0.122812484074309 -0.062789572000549 0.0084815045333553 0.0162245119863479
-0.119845753479803 -0.0679286026328567 0.0207643908776343 -0.0471180374574371
-0.12757482155111 -0.136006433580504 0.0755626345454585 -0.103059699026083
-0.0461133517151082 -0.210938899700036 0.161960873399873 -0.0983473036912184
0.106918748991792 -0.197308319818951 0.19413027344928 0.0699198002897704
0.271002879789301 -0.0468509128724321 0.0810476594050261 0.209224261290105
0.238555559368641 0.221847614213702 -0.0783444979401404 0.190947364646649
0.0558772832422447 0.372142177397795 -0.0761274360243735 0.0365163289168474
-0.107935557358371 0.296115058408232 0.0404873979451989 -0.216431696202087
0.0224559319768614 0.304000094738195 0.184808195000662 -0.187345546227868
0.178822204539977 0.202012037159696 0.0944619410068814 -0.321667195719007
0.220471570966014 -0.031335835928868 -0.111436306362011 -0.260065378518206
0.0931293656563112 -0.17344272779218 -0.194309051482781 -0.0884496058642469
-0.0555731104877329 -0.173562989024981 -0.150466064680486 0.0329398905450842
-0.117520785678283 -0.100568346419185 -0.0887762363704855 0.0475474660140225
-0.116286308326866 -0.0592441573870807 -0.0414710145126156 -0.0103343857824039
-0.112122337297213 -0.0602188701163119 -0.026743475705876 -0.070649436809316
-0.114891911071552 -0.124207119695891 0.0326004088779524 -0.137666606660229
-0.0415410251885907 -0.193498794068301 0.135947325353376 -0.153070362899573
0.0984180493105798 -0.179365801468571 0.206459020103838 0.00999626405760691
0.238511550496251 -0.0309742215107872 0.106699018744406 0.169216379193231
0.190833668495802 0.205776279210922 -0.0627995771206586 0.160293588918844
0.0193090355678514 0.312218019986371 -0.0651248025749319 -0.0594190835929258
-0.116066837026881 0.195289648953508 0.0902174989162733 -0.31183387468501
-0.0295363391702434 0.231814149412378 0.201797060718507 -0.216082481195001
0.104873068493936 0.178176759481648 0.143556505148206 -0.292824224852175
0.167124941341744 0.000635347793777881 -0.0207760657144307 -0.272075142022783
0.0820430557196689 -0.122762618877458 -0.14919629611222 -0.166240895634034
-0.0355384666270996 -0.136172654389135 -0.173406934952078 -0.0405358047108381
-0.0921959082053672 -0.0838123978980495 -0.136092526118652 0.00737534524574334
-0.0922116744223295 -0.048953472983159 -0.0832587584809938 -0.0353050969309149
-0.0906849008531109 -0.0470137540862708 -0.0653626755734869 -0.0937967511498284
-0.0888651998492191 -0.100612355382611 0.00165904716479151 -0.164694393841682
-0.0246575493896131 -0.157949768036543 0.117699971614065 -0.185523474449199
0.093170973248627 -0.137942082105753 0.211910702280166 -0.0261493839987557
0.190436728451162 0.00720846903620961 0.116252944957119 0.139359282765885
0.113218470056782 0.182895945712446 -0.0510770471989737 0.129121088597962
-0.0312165939384386 0.220116583239924 -0.0474192598875494 -0.13242140259248
-0.0927832282489156 0.0611983552032518 0.120201188889503 -0.357820265079779
-0.0551285748184204 0.113886404691832 0.20539716313509 -0.226568912895059
0.0286310740937062 0.105220810419844 0.166962884867928 -0.262561626309234
0.0833861238133205 0.0159830339056473 0.0315216995747019 -0.268189922249322
0.048336892813972 -0.0568559331649164 -0.120568209096663 -0.2054059123742
-0.0138193492546893 -0.0747397565399266 -0.186356065589741 -0.086029213843465
-0.0526252208934902 -0.0517684338101786 -0.16695387071851 -0.0205204473904625
-0.0538772861619994 -0.0309789701703697 -0.111877961063054 -0.0537566172491273
-0.0587673347299874 -0.0287520876265837 -0.0900817775914664 -0.112728188353472
-0.0563375466098331 -0.0667648573740856 -0.0145037002528867 -0.18592598265012
-0.00745606598488826 -0.108804710076067 0.112391204715752 -0.203297937808997
0.0823405286551596 -0.0883330802208118 0.219836563018562 -0.0408726167392951
0.130346605081305 0.043662701830523 0.12119012794047 0.125081446590948
0.0302456206817628 0.143278488067878 -0.0418097689635193 0.105835141699668
-0.0782601039186154 0.106761214929906 -0.0203443022275231 -0.175801268274196
0.0940615592176844 0.000389379904644085 0.0326396575173214 0.254627504428749
0.0188307094584815 -0.0728306815569614 0.139854260035012 -0.0727755981487554
-0.05357179032103 -0.0421869199998309 -0.116788768481538 -0.162495349083509
-0.0367972316070083 0.0308642522820454 -0.276709294277399 0.0273997410318543
0.00163254410346162 0.0292877545428376 -0.140598516180928 0.24117764794942
0.0183945752809891 0.0211527021875012 0.0395259932193078 0.231632083488454
0.0226875185853015 0.00770857809442918 0.110068183179151 0.150515675931023
0.00760957738032443 0.00178870821437668 0.139943309836419 0.07548491686656
-0.00338602709386093 0.00570948798610974 0.171198247422412 0.0413873981316831
-0.017999453122663 0.00448821828420232 0.18822878704488 0.0824206333127773
-0.00955209765570331 -0.0121617826355258 0.125751904697316 0.198401486323938
0.00786349039094295 -0.024324807024889 -0.0335864144109989 0.274116560331248
0.0400502461138537 -0.0300127851946042 -0.1570445248073 0.247611433531854
0.0778830298358775 0.0178368600574332 -0.241887771422472 0.232381859723986
0.0858304250439732 0.0959112431896992 -0.15793592572396 0.366799513400502
0.0945065021851828 0.12717163147461 -0.00537186223089766 0.23109235158801
0.0798455733742805 0.005715908554235 0.140701386019228 -0.0648338576661399
0.0280053509376614 -0.0341180066102847 -0.110829533216878 -0.195074804163991
0.00552344192741067 -0.0202362318769131 -0.294533252655446 -0.000432769431850891
-0.0013352753656796 -0.0383492018495651 -0.168871686254751 0.235729049697377
-0.0200481748653898 -0.0305158485320589 0.022722715064183 0.239712073585691
-0.0255894657720697 -0.0188099777762426 0.101770859509057 0.152138685101433
-0.0416184881671063 -0.0220743028237638 0.131079059084546 0.0715461376196526
-0.0512147908306159 -0.0299964116040913 0.155645203654277 0.0276321879445716
-0.0585572163923785 -0.0619780531776458 0.184000533937339 0.0451561130208788
0.00169588986393899 -0.0951789217883779 0.157929976572274 0.149410639823058
0.0843349354478068 -0.0683054219964306 0.0229673651608105 0.261714936320656
0.139143550498015 0.0138270187180657 -0.108539995431971 0.26682942796486
0.127550360726768 0.139133099094297 -0.197202383555194 0.236616876253887
0.069879639824068 0.243572821730917 -0.132024767670192 0.326674941603601
0.0624073628277246 0.244100125741412 -0.0305472885726405 0.161750671475749
0.121810850870586 0.112063178172943 0.14887369937818 -0.0750100407758912
0.120958476223619 0.0062587143058695 -0.0882394103040688 -0.248863894565903
0.074194832874001 -0.0662593226911523 -0.305999374923224 -0.057137840621848
0.00953961054842342 -0.1111787524558 -0.20467892588909 0.201521593291211
-0.0545749027891663 -0.0893029879612707 -0.0129751128357539 0.230092678900679
-0.0731640716803753 -0.0483994862044317 0.0735572764998164 0.144777477412244
-0.0846632659032116 -0.0423229462086404 0.102245959861068 0.0595211534011491
-0.0911811034850279 -0.0540534038279969 0.121048418671085 0.00384599629934139
-0.0995109365147883 -0.109045664553019 0.162375412368412 -0.00808424745828768
-0.0135794459106778 -0.164614648739041 0.184020886633167 0.0668599688531126
0.119966519785067 -0.132685273816131 0.102109634872868 0.219946767464661
0.227427765586761 0.00285931593628158 -0.0347471129388091 0.276349365188306
0.197681006391739 0.209455520097453 -0.145461958896643 0.237849817525562
0.0744003212696494 0.3489873030227 -0.10395915947006 0.248981486114962
0.00475482964974982 0.327116553493972 -0.0329488028275568 0.0494141920377236
0.130724554312294 0.225497724807122 0.159603056804423 -0.105079390342977
0.200788843707183 0.0791565052052455 -0.04285652828724 -0.303119015649589
0.155632471906334 -0.0907253518145918 -0.285319798128848 -0.136300477799728
0.0364272441934817 -0.172969106589288 -0.23284561856011 0.127693447749105
-0.0756209632315935 -0.143743559976693 -0.062598176029084 0.190098467229026
-0.110251239513349 -0.0765426729465724 0.0271740574290741 0.124483149392411
-0.114744303763217 -0.0554849468590967 0.0597233382041592 0.0411114622143659
-0.116789923417789 -0.0652358135434835 0.0738152544935585 -0.0222652474522848
-0.129454963092017 -0.131961072375207 0.122291829969195 -0.0624605479998552
-0.0404683165174788 -0.205737477766946 0.184258594802462 -0.0256068726704549
0.118072803619735 -0.187702642732404 0.168299884528725 0.147471900116554
0.275302971447221 -0.0355716599596872 0.0400510817571502 0.256781722681515
0.250402582373185 0.229388380709539 -0.102307333371178 0.22430038966629
0.0822455124077885 0.39539485527747 -0.0844692343238817 0.147022327579486
-0.0579963242589495 0.351348260289261 -0.00869106997386847 -0.0885900527527237
0.0948238191376182 0.304608942295977 0.172328937730659 -0.149454627655101
0.230086115330148 0.159277194569742 0.0208522210336942 -0.335616868482886
0.219113664399102 -0.0783005815221258 -0.219028390923322 -0.215754875007785
0.0698619655197558 -0.20050655630965 -0.233697078830007 0.0222998392756701
-0.0784618218621692 -0.176209202864723 -0.112281106194032 0.121682401110924
-0.129629653814424 -0.0953411592177969 -0.0306949411200987 0.0916663022852508
-0.128154576935005 -0.0612326390871151 0.00862788293210475 0.0168185809310459
-0.125183211962673 -0.0661733386619657 0.0201657244712232 -0.0474684833114097
-0.137536304249659 -0.134894224390595 0.0736207601474694 -0.108556169267945
-0.0559579639292989 -0.214743537802745 0.160053613772576 -0.106311283759685
0.102708263685519 -0.207221484111976 0.202863036665788 0.067789751988182
0.275766800778861 -0.0559252067790549 0.0918199159139126 0.21598028455682
0.252005287499917 0.220893895823347 -0.0745604387875944 0.199248590823279
0.0704387409132067 0.381928076250737 -0.075916271047158 0.0381267209740494
-0.102896853142235 0.306396098845138 0.03695713670577 -0.22114582286487
0.032417009616775 0.311332823251736 0.189426228138535 -0.194183117620985
0.190699682102685 0.20375833067801 0.0889267462326892 -0.333660146371511
0.226114255645984 -0.0399360685727606 -0.121129579726269 -0.26639575158705
0.0892068975379473 -0.182177392220741 -0.203067100244742 -0.0857031999537375
-0.064244278935408 -0.174653504837329 -0.153441505487224 0.0390252135278253
-0.124960310565474 -0.0980112403875674 -0.0903526029547208 0.0514667961921595
-0.120693338926542 -0.0584686070670385 -0.0435652179786816 -0.00914389711270251
-0.116331440625449 -0.0584406286572047 -0.0301291169277609 -0.070152166907023
-0.123834313569194 -0.123324142183982 0.028682666789559 -0.142515407531751
-0.0498448957979366 -0.197350078272771 0.13178515281919 -0.161992194768188
0.0939574144377211 -0.187695293901242 0.213986859686384 0.00527450146583365
0.244421059864004 -0.0375074342864071 0.117028399446164 0.17382611064675
0.202205990242355 0.20546734230319 -0.0583658120128574 0.166808676755187
0.030959126638098 0.321294866568484 -0.0681860493357718 -0.0599454223902007
-0.113542493928156 0.202487539882932 0.0843389734848375 -0.321474022345719
-0.0231424321785151 0.237674687751612 0.204309249354626 -0.22495908747092
0.113558417568352 0.181148662795026 0.140525808152173 -0.305633827369127
0.172500618278906 -0.0058060001108712 -0.0282399228371578 -0.280107498224022
0.0795922748651904 -0.129651719954034 -0.158376780174066 -0.167086940805842
-0.042276631543369 -0.136766376420454 -0.179904360045625 -0.0343211950038858
-0.0980950634019052 -0.0814235916370913 -0.140179505819618 0.0126084703286802
-0.0953728557651725 -0.0479806968487312 -0.0879602954823316 -0.0333108034553682
-0.0933921071183568 -0.045697351913843 -0.0702721485422977 -0.0930677545552956
-0.0957517298957481 -0.100115082232268 -0.00468840139149491 -0.169383277739974
-0.031262946292401 -0.161137716778208 0.113101079341152 -0.195442109878887
0.0905972464505735 -0.14519555639696 0.217718838820831 -0.0327277702475846
0.195518994316686 0.00286762651194479 0.125580034737421 0.141997283622476
0.122042199021309 0.184003427965371 -0.0480889380948209 0.134187137820961
-0.024786903998299 0.228266342428337 -0.0526313163347579 -0.135088722145711
-0.0932420100314613 0.0639798185524789 0.112942058490766 -0.370258289200969
-0.0527144554447668 0.116749881152623 0.206579119261053 -0.236299335625637
0.0326792976671676 0.107962331111905 0.165113918865839 -0.273951761725801
0.0862681400459363 0.0130507301378793 0.0257681954223922 -0.277912733058296
0.0471930753687857 -0.060497147313042 -0.130357525555507 -0.208246181329572
-0.0177509688950036 -0.0749131808193836 -0.194776114157128 -0.0808779355706799
-0.055881510371544 -0.0504790646768002 -0.172929164471181 -0.0150819466883226
-0.0562008844574363 -0.0308092982234719 -0.11856213458667 -0.0516789369566451
-0.0597669816246809 -0.027597827209556 -0.0967611631377725 -0.111821904872307
-0.0601827664366974 -0.0661909974675417 -0.0214736048613839 -0.191247879174437
-0.0118534961150981 -0.111596975380039 0.107456691337621 -0.213443433376567
0.0816904962546879 -0.0941182676652833 0.224856503104086 -0.0480025721822706
0.135992378286919 0.0411273901039953 0.129275563467498 0.127978926272853
0.0350319694543417 0.145985667949975 -0.0402767517642079 0.109685736898804
-0.0770134239224824 0.112994365169924 -0.0270497134071078 -0.180021294761805
0.0932534527765498 -0.00549509319102738 0.050479045992732 0.250970571209351
0.0141211802476875 -0.0744121297256291 0.138592696332115 -0.083261107012738
-0.056030542125688 -0.0398528122320193 -0.124957982198429 -0.1571642083775
-0.0351019790864767 0.0333027000419725 -0.276944165282023 0.0432709877101519
0.00262469595134523 0.0291292635898338 -0.127548273446531 0.250316799964926
0.0202938660171702 0.0194251750649341 0.0529773282105323 0.2288089783865
0.0231655963047853 0.00621984306870397 0.119751234999411 0.1445394170503
0.00740825648391571 0.000985873305608651 0.146115541805643 0.0674094874028508
-0.00346525279203279 0.00603757338531268 0.174998324972353 0.031419858807878
-0.0171199575629588 0.00605653682988373 0.193630701134269 0.0714231416453178
-0.00997969063225684 -0.0119739178088885 0.138199530474657 0.193368998341607
0.0065124862410142 -0.0247225223260478 -0.0178061971414509 0.277387827142197
0.0385645076330293 -0.03164375711271 -0.14561670508946 0.254153455751892
0.0789834034036878 0.0149820238757255 -0.23201391800564 0.24491623024681
0.0902610147870787 0.0909985292276054 -0.13745349182712 0.374259335489244
0.100721928805627 0.120580837074498 0.0115113829671775 0.230838494914462
0.0789729219720425 0.00108174787435284 0.142038212798437 -0.0745245051227082
0.0255060336352946 -0.0358386166322656 -0.120421721423124 -0.191420037650008
0.00408445834817967 -0.0202634347798866 -0.296392823845784 0.0153246341894751
-0.00470822697460173 -0.0382367900627077 -0.156098388183754 0.246801271121726
-0.0218548246700803 -0.029402510397563 0.0367150027749796 0.238412379542476
-0.0269429853857428 -0.0171930564122902 0.110956043308715 0.146913199414538
-0.0435227139813425 -0.0206083109879599 0.136334625969578 0.065025520800475
-0.0538195046164469 -0.0269486949354404 0.158532751084908 0.0190021109715241
-0.0630494933365718 -0.0582399852476355 0.187035397083731 0.0354978007764222
-0.00472714049590137 -0.0959096732595494 0.167273286467679 0.141115261443629
0.0798024398951395 -0.07328462432609 0.0383162311969667 0.262300839010386
0.139887515148561 0.00764312119818725 -0.0951350204904157 0.273359344880837
0.134662826074669 0.133577256581518 -0.184896639121996 0.247716474519104
0.0841256256654999 0.240656393246816 -0.114159454126693 0.332139442369945
0.0754048023785171 0.238957521637722 -0.0176345860121426 0.16361967542104
0.127896379509706 0.104184840038742 0.15007769757739 -0.0845836200097219
0.121516818894173 0.000126532324525336 -0.101165299110128 -0.245079482557707
0.0696247368113725 -0.0710056918763468 -0.309872339099776 -0.0409458305850173
0.00112127918296648 -0.111429681030152 -0.193980227077231 0.213680382452306
-0.0603249860026626 -0.0850665821476969 0.000492813742820042 0.229883918335021
-0.0759404980406009 -0.043908816437675 0.0816722495416471 0.140506455534624
-0.0877388267315261 -0.0379311572180445 0.106772276231917 0.0545124340294338
-0.0949364821358092 -0.0485913369103112 0.122436752210107 -0.00241144765070073
-0.107152131830529 -0.102227867557586 0.161451527088059 -0.017214285370232
-0.0250104771521149 -0.164210599610893 0.186847643631705 0.0579938979061067
0.111665959150369 -0.13976285419904 0.11524342846278 0.215980293287387
0.227836557269507 -0.00847852776030256 -0.019329192588033 0.278602206454565
0.209452148579136 0.199981813001065 -0.133530813777833 0.245586051792679
0.0946039731829771 0.345870441907945 -0.0886460790755824 0.253442611200525
0.0223684618244084 0.325416734139406 -0.0265714134074143 0.0528729089710815
0.142420379689292 0.216443128860398 0.160527196666837 -0.113572350371021
0.205782875259837 0.0684265480578187 -0.0589303108298656 -0.302292835084341
0.150823056771652 -0.099790101093514 -0.294008943778596 -0.12265861142434
0.0241650733442403 -0.174680263517939 -0.2262182681061 0.141447495973219
-0.0851335454607974 -0.137020490135933 -0.05063526000749 0.193828141312511
-0.115275894817146 -0.069418659131582 0.0341158517561664 0.122524393001849
-0.118108847167482 -0.0494621246573219 0.0622676754493386 0.0381647871278888
-0.121123122452311 -0.0587075036299341 0.0727848343875421 -0.0251727773113006
-0.139199646302687 -0.123126838030196 0.118150495871506 -0.0697866243461366
-0.0541422326063048 -0.203716370294921 0.17995677125752 -0.0362491521704181
0.105886485981483 -0.195109027693346 0.177523771789889 0.140132653583827
0.274147114400461 -0.0503803982639541 0.0560605160762631 0.256213469477796
0.263027637023144 0.215772024290359 -0.0900564947098791 0.230635586396118
0.105155207662475 0.391220040279431 -0.075084017281815 0.150046200547945
-0.0396353818887783 0.353179527670149 -0.0106511840250994 -0.0860156601388377
0.112433542169462 0.298845472474253 0.169266848973071 -0.157125404887934
0.239538617527056 0.147730438471056 0.00361293093151532 -0.337982429490728
0.213501708335716 -0.0918624965678575 -0.232149203270669 -0.205917361011351
0.0568091940360041 -0.204854885143633 -0.232843297976109 0.0358304097481513
-0.0897440298088792 -0.1694926834842 -0.105441809069137 0.128565558440068
-0.135500774199906 -0.0866842510001496 -0.0260926290642498 0.0939109199185023
-0.131240025678561 -0.0546570322150982 0.00860915163431914 0.0172577890505622
-0.128591787542472 -0.0590957369659675 0.0179502257068652 -0.047220485355006
-0.147411764182397 -0.125971812036373 0.0666410594891085 -0.111324935931293
-0.0704530521798197 -0.211511881495765 0.151168971373964 -0.115306764207775
0.0890652751013575 -0.213207594483209 0.208117327039279 0.0569669984412087
0.273462553174074 -0.0698052637425297 0.105929646908769 0.212732340507408
0.265591860145394 0.207092751659687 -0.0624722889153587 0.203168265690146
0.0931306909280874 0.378977058838076 -0.0729289974039622 0.0406424251649922
-0.0872543779301818 0.310830296136451 0.0271939827815328 -0.221030757284523
0.049033013221826 0.308363572274761 0.183407663957977 -0.202574987979467
0.203468324310085 0.194512988993518 0.0721675259306722 -0.339186350388933
0.223612002985147 -0.0536427702809921 -0.134743293307386 -0.261418240832433
0.0776506312616342 -0.187858685564568 -0.207803497057514 -0.0746686501602772
-0.075551785200718 -0.168889159710374 -0.151393195087483 0.0486598469203836
-0.13108191807815 -0.0893606492558046 -0.087630985893292 0.0570918170769162
-0.12371601422365 -0.0528210018461863 -0.0445099774976142 -0.00595600687321462
-0.118854549062985 -0.0521087374703786 -0.0337869785774862 -0.0675583032844171
-0.132161643552098 -0.115294831831107 0.0199633827760756 -0.143209795248484
-0.0638200254543208 -0.19448858388512 0.119584455144532 -0.169886073466652
0.0819611894007362 -0.193023469865908 0.215908108630985 -0.0063807962530865
0.242133569651814 -0.050943344002117 0.12889694972405 0.169707892270199
0.214202728243791 0.1936909632877 -0.0483576058368731 0.169608857216297
0.0508008110887927 0.319993494985468 -0.071422710933001 -0.0571211074208452
-0.102738074401498 0.207672196743927 0.0693408937038378 -0.323771162250068
-0.0095385421516223 0.237902541556895 0.195796968037203 -0.233275967192988
0.12452696286702 0.175208702557471 0.125544179721919 -0.312664246976045
0.172018710258484 -0.0156268969858874 -0.0416042620365533 -0.280483777464048
0.0705654476723789 -0.13521151089239 -0.168223552101448 -0.159290468599555
-0.0509955000354943 -0.132472473582582 -0.182064974251268 -0.0234430587212926
-0.104013580420502 -0.0743461353758658 -0.140318457523825 0.0217868581025618
-0.0979970294106747 -0.0438198927147962 -0.0907823443286621 -0.0276317601829997
-0.094771402523288 -0.0406647911203444 -0.07589260062582 -0.0877691918606837
-0.102405997888974 -0.093985814589911 -0.015451640127231 -0.168215993327656
-0.0427632578316728 -0.159037757849086 0.0993788273272452 -0.202044809883629
0.0816592062422433 -0.150157663008421 0.21733895834034 -0.0441066718471006
0.196497317276893 -0.00791737450702032 0.136224851891907 0.138003216600179
0.132202021206475 0.177393469884785 -0.0400947838698819 0.136237862870547
-0.011162852795906 0.230265193859028 -0.0606419993075127 -0.132689636063271
-0.0903148693236756 0.0679613143218226 0.0943729914539038 -0.374751719398892
-0.0453207373372536 0.117614083337146 0.195817576682549 -0.244291179305829
0.0399490659930189 0.106455557666131 0.152259978943935 -0.283261714281546
0.0867919884817803 0.00791059778579271 0.011801907017624 -0.281577267095154
0.0428936899555539 -0.0639738006419738 -0.142668784532579 -0.202110317951957
-0.0224088881494951 -0.0726274812970084 -0.200969195193415 -0.0684852867944153
-0.0592875077725339 -0.0459733903877646 -0.174187852139712 -0.00364320949809784
-0.0572558366763324 -0.0278908619335603 -0.12299680806764 -0.0448667159765573
-0.0604126224598798 -0.0247437307073449 -0.103528316508222 -0.105253559174355
-0.0641657875607282 -0.0621971144578253 -0.0337856546927581 -0.189722957359719
-0.0194094799264355 -0.110604075213074 0.0943743389190733 -0.219493785254078
0.075339546625423 -0.099233447085889 0.22396054356002 -0.0604404776071117
0.139102117484488 0.0340752150028156 0.138129520742755 0.122988981664984
0.0429938297419018 0.143749808039058 -0.0345561390374452 0.112156610312046
-0.0699358408573488 0.117047120627644 -0.0385694252209913 -0.177221709787697
0.0892981433017244 -0.0101832527975786 0.063918222094939 0.238423804946074
0.00916875565311822 -0.072709187044488 0.131998959661983 -0.089542425023978
-0.0566347572402713 -0.0356547631561129 -0.127157246658967 -0.147909777958993
-0.0322686016959086 0.0335778278464916 -0.266543363209609 0.0558485212335781
0.00333257119085047 0.027700250094903 -0.110813779798272 0.248984910361005
0.020898069109652 0.016900051988998 0.0625136136083257 0.217189364693023
0.0230738943978316 0.00363419320429537 0.123708612203271 0.133955168443849
0.00611666130880697 -3.01276059252514E-05 0.146068808877062 0.0573404677357144
-0.00329524931722762 0.00576583479138967 0.171142160041673 0.0203985815211759
-0.016758749327909 0.00650686111346383 0.190470183485656 0.0591596958383578
-0.0103061080211539 -0.0119273176339132 0.143590986030459 0.180779818334535
0.0049953022952796 -0.0240080802351828 -0.00450814024794235 0.269838133310777
0.0358035363948671 -0.0316395194847441 -0.130766480974409 0.251565219244255
0.0766673142307618 0.0120952284331928 -0.213616410610486 0.247282591020138
0.0914826944796275 0.0837542507092799 -0.115409467259572 0.365387437714361
0.101819734339462 0.110551801902405 0.0259909808683396 0.220939543912652
0.0755172729744716 -0.00285186798969173 0.136650508612895 -0.0807639235195359
0.0222034369887028 -0.0357255854925405 -0.124892067985019 -0.18063948890176
0.00282937691314425 -0.0197187680203268 -0.286115162558279 0.0300636880917715
-0.00720138532071625 -0.0363032182335946 -0.13862251541475 0.245892006071949
-0.0225112444909873 -0.0273268298210573 0.0471752917161819 0.227663715224759
-0.0265700961880551 -0.0154408462677726 0.114807900131284 0.136453116249779
-0.0437514255977086 -0.017407278292832 0.136334475619966 0.0556426093275764
-0.0542123656341818 -0.0227523210223514 0.154669337168354 0.00982416092583346
-0.0645746206702703 -0.0518481913576037 0.182001805458697 0.0248836269996514
-0.00994512858089926 -0.0925588578366988 0.167825745628958 0.12932866378539
0.0732665742569389 -0.0747683125062652 0.0503389427922227 0.252459664141585
0.135557551951083 0.00179525664389566 -0.0797832700718909 0.26738412532339
0.135997560672835 0.124151229851861 -0.168388308428951 0.247406523041397
0.0927675373772675 0.228283442036436 -0.0933928191709284 0.323494772581181
0.0829732242888224 0.226674735206135 -0.00468328347543277 0.158689075551098
0.126778619289941 0.0940753808174536 0.144800339023357 -0.08982743273567
0.116498949372112 -0.00582858975619931 -0.108071366844436 -0.234019727288211
0.0631643677354436 -0.0714263724795775 -0.301532432924162 -0.0248580933647565
-0.00607307830976214 -0.107178435431783 -0.176157095094196 0.215882330193132
-0.0627979201483003 -0.0780915359161743 0.0126634173809805 0.221069000543437
-0.0752547890864121 -0.0380851990895712 0.0857730692288373 0.130850108932924
-0.0871017068665409 -0.032626173205718 0.107328887971176 0.0478856971902051
-0.0945886560952167 -0.0418513014346215 0.119044402301 -0.00840203046112803
-0.1107295337379 -0.0916775410854968 0.155066778362794 -0.0248690674973307
-0.0337516345336153 -0.157390308507684 0.181260761801127 0.0473924119735471
0.0996454770989971 -0.140721893920426 0.122342510658118 0.204241555822688
0.219780851289094 -0.0171928354664189 -0.0048060078070146 0.270374935791873
0.21049638971269 0.18318441905741 -0.117726020874398 0.242103222596326
0.109485277420689 0.328829243989527 -0.0727173439775304 0.245716402494497
0.0364356226372332 0.311463707849914 -0.0197106961554568 0.0529806477275822
0.146887056810784 0.201540505822319 0.153534665458959 -0.116945106898578
0.201675747021205 0.0569028352148296 -0.069245697499546 -0.289356746173462
0.139878057313348 -0.104272636863087 -0.289520558414028 -0.105002338509649
0.0135682049578484 -0.169596873832688 -0.211386172000521 0.147268992797737
-0.0894775753267757 -0.126764881153066 -0.0389346193393304 0.189515473084127
-0.114308573787694 -0.0599614868266256 0.0386522944784608 0.116471695129377
-0.116994912550111 -0.0420910479781973 0.0627184027245353 0.0339231452330107
-0.120042448529218 -0.050535407738635 0.0698862086522952 -0.027279082520882
-0.142182314115197 -0.110017156693677 0.110231971856297 -0.0727383622699871
-0.0648359880684672 -0.193687707174164 0.169228791561207 -0.042806950399549
0.0909785077554726 -0.192983088951816 0.179397559180622 0.12719353549717
0.262174724195609 -0.0606432882706662 0.0676078198686633 0.24468420954833
0.264415141664405 0.195501600599913 -0.0751932278874415 0.22558734735707
0.121700442022279 0.372553516735372 -0.0642471767526728 0.145693396818277
-0.0223095273941496 0.341137871921074 -0.0110839205575884 -0.0809691576968549
0.122010243188749 0.280799046681471 0.161144423701857 -0.158104193323392
0.238475249120288 0.131157246450648 -0.011703779555139 -0.326363369872378
0.20093267420025 -0.0997094124896977 -0.232877826924708 -0.18851060859351
0.0427817263736522 -0.200138077666023 -0.22276504215682 0.0453848971789699
-0.0952732704160045 -0.157338075324189 -0.0950171055977062 0.129553823476452
-0.134443312458083 -0.0756190930207798 -0.0203474961965684 0.0915223514220086
-0.129319829580655 -0.0470139870130293 0.00964043173759438 0.0163072051424295
-0.126927765275482 -0.0507817358525255 0.0158757404349778 -0.0451206775216828
-0.149439142430718 -0.11236130802289 0.0581832747910769 -0.110701556759658
-0.0807697689823355 -0.200115630414161 0.137827278317303 -0.117919885224776
0.0737301786354611 -0.209316637425038 0.204826810851154 0.0459406726808786
0.260307615214951 -0.0799594069777949 0.114260027735831 0.20147532457796
0.265950813301241 0.18625502577108 -0.0510005306543643 0.197720143633205
0.110441375409671 0.360019890221804 -0.0688684950771336 0.0406653205033793
-0.0697879563687582 0.301851820749601 0.0174685178799247 -0.21271152943296
0.0624023728394528 0.293005642069737 0.170831670337142 -0.202194703430579
0.206744348039589 0.177908780056313 0.0541125051779279 -0.330268501172223
0.211992040575972 -0.0639033203927199 -0.142143203801744 -0.247080849056277
0.0631165781651545 -0.185584536122927 -0.204456960480575 -0.0627471122695129
-0.0819552423474908 -0.156211204320322 -0.143205903124882 0.0550813490865963
-0.130867282905322 -0.0778230997173454 -0.0822362712111218 0.0600874502971931
-0.121976994599516 -0.0453470473079312 -0.0442333800349304 -0.00299516246958281
-0.116229895147266 -0.0449322208257845 -0.0356383154536005 -0.0622108174879198
-0.13514604446345 -0.102900100090648 0.0112081820447041 -0.138753919742801
-0.0731878968569298 -0.183743154452472 0.103944874159968 -0.168651266536014
0.0678087872459162 -0.190006459350571 0.20883820799246 -0.0163055004067971
0.23177289714907 -0.0601947538478365 0.134614495267359 0.158114996224255
0.216432748106501 0.176292355811414 -0.0386533550191413 0.164773714506957
0.0656675531351142 0.305262551487722 -0.0726498123852579 -0.053212318757318
-0.0901132919452593 0.203539094340267 0.0522814663253111 -0.313894607763375
0.00192135380010897 0.228105979012917 0.180326016062341 -0.233073372817824
0.130228025860768 0.163325564885713 0.106849068650422 -0.306935832354364
0.164352642749286 -0.0247932311239865 -0.0525251617436639 -0.27014638123857
0.0599002227367191 -0.134428928912554 -0.170276503488242 -0.146311909521501
-0.0562402400229108 -0.122949571481102 -0.177520302102015 -0.0126621332609809
-0.103489318497498 -0.0649142201068486 -0.134938551383486 0.0292051550097658
-0.0963620648686828 -0.0380607950375691 -0.0903907714781593 -0.0218678224576417
-0.092052180025456 -0.0351436154328364 -0.0776659188158128 -0.078804759683398
-0.104386899251952 -0.0841071190184808 -0.0240219880266683 -0.161499153614509
-0.050714445210686 -0.150799533551608 0.0833223220868261 -0.198662823769198
0.0696120026122428 -0.148795257356804 0.20839463970747 -0.0529335165689252
0.189932971100682 -0.0169859485343836 0.140041654564909 0.127067346720726
0.135887501764573 0.164307374309954 -0.032598661000571 0.132417866180412
0.00139649326307502 0.22188269319023 -0.0664012030311406 -0.125055665733994
-0.0844613724354738 0.0683838982110043 0.0737583311467118 -0.364889795669352
-0.0383995605349061 0.113874486614961 0.178599233616375 -0.24409611427271
0.0436720341589766 0.100070343340272 0.134240787107912 -0.279377742965316
0.0832062352612001 0.00264630049194501 -0.000140775156717628 -0.274256828404438
0.0369154455098905 -0.064018649519035 -0.14744434758146 -0.189111190822343
-0.0254365071736609 -0.0666460696703829 -0.19764420755745 -0.055084983297737
-0.0592895414029965 -0.0400577639645906 -0.169128747605651 0.00677077781013845
-0.0564238935678294 -0.0253192028788561 -0.121982916235108 -0.0362006745008792
-0.0581795623853882 -0.0209811574425625 -0.104786764487307 -0.0955586356445543
-0.0649397226941131 -0.0563874167632655 -0.0431122774944677 -0.180893273252478
-0.0247227381693341 -0.105478104534523 0.078074624598237 -0.216358164971605
0.0665513431459372 -0.0990718357621667 0.213562787293878 -0.0689371739113947
0.135869663038362 0.0258510218537146 0.14060677781472 0.113458230768453
0.0486032829855039 0.136296481890206 -0.0279176129069605 0.109191228243378
-0.0611604873262826 0.116236566192803 -0.0475340876142381 -0.168461290237707
0.0820874321616495 0.000563012096607257 0.03956262211222 0.231161909552375
0.0167687761315291 -0.0648122690155613 0.13869538472763 -0.0739662335659095
-0.0474912731680128 -0.0405228209500894 -0.0995971649167977 -0.157804140775273
-0.035312619991019 0.0260023756087499 -0.252044274128613 0.0204241014865976
-0.00180122445547039 0.0262595831779164 -0.131327345449666 0.218710992071316
0.0160559747801257 0.0160058778557015 0.0342266325739244 0.21050888417174
0.0212660488636988 0.00433899984832834 0.101825613118154 0.139563913503006
0.00515640984527964 0.000374484393934837 0.13273075983651 0.0717595347828853
-0.00495253998816359 0.00420441816010837 0.161623978620469 0.038698805113716
-0.0170238209829027 0.00390092988339178 0.175273826830921 0.0787123478577651
-0.0087855561381522 -0.0148365477512313 0.116202415533335 0.192155721712987
0.00948807437718069 -0.0257931741833117 -0.0360015179959849 0.261294743120994
0.0420636441509747 -0.0264608220224368 -0.160641815435087 0.224085856362404
0.0740469279083337 0.021212518432709 -0.239646122999006 0.211783395960467
0.0796544489944154 0.0893372584519389 -0.161036737278341 0.338788462496677
0.0792952866228302 0.113520613786556 -6.58161106219024E-05 0.215280832381927
0.0691480984515457 0.00720195818055283 0.141871363286836 -0.0593178868050154
0.0251682105244628 -0.0295193561684227 -0.0920076275035082 -0.182966611910866
0.0048427491715616 -0.0189998890124254 -0.265839459242526 -0.00547652349874462
-0.00341289452298607 -0.0356152017575413 -0.153079375461616 0.212638529492259
-0.018634692104102 -0.0301078892021095 0.0205815466960942 0.215926525311823
-0.0230035045097837 -0.0187747551286545 0.0936496422806149 0.141066821641739
-0.0401036081249597 -0.0226118269382846 0.122863487898612 0.0687004727150339
-0.0494001772219291 -0.0292655835872791 0.147818695456959 0.027905177304882
-0.0559352331422229 -0.0574599569461718 0.171759602246075 0.0469755824209465
0.000882320459930362 -0.0910989573796279 0.144051864226152 0.148302828630615
0.0797175359083954 -0.0660983172769754 0.0157054027820441 0.252647108258654
0.133346747484448 0.016033473084827 -0.114902998729873 0.244165174649241
0.117110191175791 0.134377659361116 -0.198620588555499 0.212510820503053
0.0650246051009653 0.228214789653315 -0.137855786585647 0.295157675108215
0.0477160772798146 0.217268633198515 -0.0297246319432589 0.157078744357892
0.103107445628169 0.103180393731948 0.149022165015825 -0.0615092947568553
0.108408063869436 0.0113412192476426 -0.070308958504505 -0.224580912819736
0.0684561909478154 -0.0585016902799206 -0.271780894822837 -0.0554305566175766
0.00830624100058515 -0.101247290183791 -0.182846247309663 0.181269673569164
-0.0492222970315255 -0.0823429332597477 -0.00984094926761185 0.204537291793744
-0.0658713785643029 -0.0457096388977462 0.0676410292877683 0.132779203091276
-0.0793483782123072 -0.0424176349139581 0.0956025119539074 0.0580168308210228
-0.0860102914087124 -0.0519909111650511 0.115719861686724 0.00847087800688251
-0.0950850596261148 -0.0995641608925676 0.151881342429548 -0.000927080112795345
-0.0146129885262739 -0.154589999940021 0.165697589884318 0.074185624274451
0.111764847664158 -0.125282425114632 0.0916637203381931 0.216800787762461
0.215208895244137 0.00662008948712156 -0.045511241663778 0.256858376598332
0.181363459488492 0.19926423534309 -0.152448628246226 0.212018526280473
0.0701265488789996 0.327313754834363 -0.110083601440295 0.218588146529252
-0.00557041748496883 0.289998291485894 -0.0386816391874023 0.0581290461678572
0.107624366026335 0.204443038117748 0.15686862156517 -0.081147564806317
0.179239936985957 0.0797700129340648 -0.0293472455346601 -0.266713129806529
0.144513013518795 -0.0781338263257886 -0.250246239593292 -0.124917222093276
0.0351941005076757 -0.157121880841992 -0.205985041652964 0.11521595948214
-0.0675883385516672 -0.129794179234423 -0.0522856365035701 0.167614562777818
-0.0996379527856641 -0.0703074346407522 0.0245892101268522 0.113748612919809
-0.106132472781343 -0.0554946820312986 0.0544311994525374 0.0409629197299465
-0.107931788259033 -0.0628720864253041 0.0712700239313876 -0.0151531005718743
-0.123226257947242 -0.119629597245286 0.115442948496999 -0.0501873185770568
-0.0398430922444731 -0.191534335293803 0.165131910499141 -0.0115056923892153
0.108266432588039 -0.175776952575267 0.156334411580399 0.150649653717954
0.258595089690207 -0.0304997584867197 0.026496559494239 0.242792712462099
0.230976158935407 0.216394729217856 -0.111500777334336 0.199444158859452
0.0785245065325668 0.370968074874086 -0.0925993143675305 0.120383704478509
-0.0639303337575932 0.310748584222565 -0.0207711726186581 -0.0672177500885448
0.0745361915133244 0.273634983528577 0.163702654015576 -0.117016974484249
0.203973778365831 0.154300507998689 0.0260627981420601 -0.289359031006274
0.201090841375285 -0.065034562868759 -0.189011584117225 -0.192071179976572
0.0673915860248122 -0.181401553081955 -0.204202150417015 0.0209040337607185
-0.0688513180401783 -0.159056077181094 -0.0977683484474399 0.105425512322701
-0.117090405740774 -0.0864020616680544 -0.0282858289066731 0.083800771797212
-0.117484576907772 -0.061096463096868 0.00648592204331244 0.01813619554357
-0.113637127793362 -0.0638130051043016 0.0218646275662002 -0.0381366460781145
-0.129530919406414 -0.12290105474245 0.0702653589333453 -0.0926462393724701
-0.055044259109602 -0.199191973529544 0.143962267781252 -0.0868819324662255
0.0925159878338559 -0.192346390005984 0.190624025451679 0.0751598356095091
0.258570248340481 -0.0495963545581058 0.0775672300956847 0.207471143386493
0.233071044988061 0.206633362669926 -0.0845239566975225 0.175787823005205
0.067361988612155 0.357626753884853 -0.0837141217608642 0.0182028341617818
-0.103460880601266 0.268997257239007 0.0209640727127211 -0.190308785488628
0.018298106111212 0.276276148382514 0.174891209879219 -0.157691924147619
0.168632925440835 0.192616567892495 0.0837390836766237 -0.285602268549347
0.206782151849497 -0.0296570914382847 -0.0989577113452971 -0.235942030127757
0.0854747444119535 -0.165272163845012 -0.175837700799175 -0.0764161648034982
-0.0555759200860092 -0.156049337203487 -0.13458880547795 0.0317480917562461
-0.113914818121164 -0.0881744353911614 -0.082197204310771 0.0479886964679129
-0.111455402499427 -0.0591664118379042 -0.0428050053285046 -0.00659460484013845
-0.10441291707942 -0.0571754695168346 -0.025162027476317 -0.060464155981238
-0.116572008261173 -0.112004339736794 0.02801721642329 -0.124930276792141
-0.049427083265289 -0.182258342150666 0.117648319468738 -0.140454330812255
0.084051178363817 -0.17353874821713 0.202167829824611 0.01543088261234
0.228855159725429 -0.0343780586908072 0.103799045359161 0.16886088488045
0.186888859334958 0.191402462733822 -0.0670428649407413 0.146270010579363
0.0301615756233676 0.300200747741701 -0.0745226413907041 -0.0716332971752711
-0.108486402791817 0.175497420413664 0.0686858098903204 -0.283821635576596
-0.0290357883021444 0.208611637526593 0.187127288085646 -0.189328326149021
0.0993880717364249 0.169210176038888 0.12892260280957 -0.261711730628461
0.156990651006829 0.000251194597523709 -0.0159939438260972 -0.24873112732692
0.0751330783837657 -0.116586840163448 -0.136815530471408 -0.151276994632314
-0.0350515011865925 -0.12104620103414 -0.160289558873958 -0.0341405521121504
-0.0894540625900697 -0.071866150562308 -0.128718618060314 0.0140027375957922
-0.0873820346919454 -0.0489274885732875 -0.0850141307001419 -0.0292967284756048
-0.0824504450530819 -0.0444964501949504 -0.0638231116345209 -0.0822497395293074
-0.0891320277284893 -0.0903289731825243 -0.00347057424825006 -0.151606567573776
-0.0317818623816469 -0.147809976815529 0.101823008937555 -0.173785609211576
0.0811938855306728 -0.133655678902594 0.206376473086465 -0.0225446187152184
0.183282785662418 0.00263260318741346 0.114231065920936 0.139357014140545
0.111448037604281 0.171256922619881 -0.0536929099867042 0.116098788667055
-0.0228611507328928 0.213683675651238 -0.0560505991490082 -0.138017567667504
-0.0859514125375633 0.0515779797450627 0.101708454692008 -0.332482896223902
-0.0504208097655218 0.0989023148295998 0.189346124381592 -0.205327570069812
0.0280708863014181 0.0986373579406011 0.152796718593603 -0.238318221742629
0.0777678210036742 0.0140668427144798 0.0318797427058694 -0.250293853371405
0.0434621617547838 -0.0545934147810528 -0.113303155946816 -0.189971506909009
-0.0128532687322511 -0.0646000723533723 -0.176646048091223 -0.0733443294004858
-0.0503023173622049 -0.0432069111774716 -0.159184886419868 -0.0105801595529138
-0.0507797118327054 -0.0317802047447709 -0.112826607248536 -0.0472781259800566
-0.0513855470169451 -0.0266500632710701 -0.089094434441164 -0.101352906691565
-0.0553592552074287 -0.0595228881267824 -0.0189885854193619 -0.173521337096217
-0.0133260747569856 -0.101164943784456 0.0990332691931551 -0.192712797172891
0.0717079749721643 -0.0864088373567169 0.211953658788841 -0.0389607055284964
0.127593777586172 0.0368876064216931 0.11800659867228 0.124895819536527
0.031395703207013 0.134538456191411 -0.0430245113048032 0.0958412716726047
-0.0717441717403772 0.105311405292162 -0.0279726552055475 -0.173781494459229
0.0788020558197719 0.00259373951565563 0.0367241288595692 0.221883151646641
0.0168051798719075 -0.0620145269662175 0.137560190545086 -0.0715426285576413
-0.0457991294716555 -0.0398088326179682 -0.092152660268113 -0.156712278014103
-0.0343847395219723 0.0246896179626235 -0.245357940429233 0.0154371934246647
-0.00300896362950518 0.0249596491931383 -0.131194795289725 0.210866224100413
0.0156543765181322 0.0151273676540095 0.0299929200288953 0.204015796382009
0.0199995429044046 0.00369573284395241 0.0976248237215932 0.13749386436801
0.00408116873520296 0.000566584590178207 0.129342933390673 0.0715466410121046
-0.00536330995331789 0.00428161282523103 0.157258729455882 0.0398326731648758
-0.0163771873764448 0.00311515786178627 0.169092038454724 0.0788433094512041
-0.00822705971032681 -0.014686733413427 0.110388077081934 0.189988909903448
0.00988590200721612 -0.0249351013801276 -0.040460964021781 0.253773074384846
0.0414273708011878 -0.0241802901136995 -0.162302317083039 0.214126171137248
0.0717766945699076 0.0230143583026215 -0.238761290673407 0.199861532907382
0.0755473374181553 0.0876851130563225 -0.163198919346487 0.323400042794615
0.0737221301955249 0.110799841391137 -0.00133283541132397 0.207136753679149
0.0658413796523302 0.0083883265513229 0.141084366713315 -0.0568096785945268
0.0245629867339675 -0.0277588973960656 -0.0836131464183738 -0.181602135014449
0.00530319987497776 -0.0178835530400399 -0.258218479188738 -0.010514454688969
-0.00336621180028587 -0.0344095792671015 -0.153170917576553 0.203938139791279
-0.0177191129073869 -0.0297623823182414 0.0165264323454887 0.208697697904025
-0.0219233556098008 -0.0197879345938006 0.0886659005037021 0.138812809260115
-0.0388499634617671 -0.0231008838286653 0.119461136826575 0.0685573405804801
-0.0483774375349622 -0.0286298002231725 0.143687433771326 0.029375641612849
-0.0540069448408462 -0.0558686072961196 0.166175326228158 0.0487680724359834
0.00184994514032906 -0.0883734294411507 0.137207326617224 0.147568589147122
0.078644105449691 -0.0625647726424024 0.0111498960678139 0.246939198336266
0.129122313282098 0.0192390358978693 -0.117122720564921 0.234311806673824
0.111634577105951 0.133877700796313 -0.199045555580183 0.200729007438426
0.0590973900497486 0.222587330575634 -0.139320465853312 0.281548949486621
0.0416118210571221 0.21139437896749 -0.0285453961376523 0.151316925732258
0.0974813345934116 0.102108131162566 0.149346905248144 -0.0575258853945439
0.104731536219498 0.0130088491670355 -0.0622338458882664 -0.220548777462441
0.0670882111951996 -0.0550691501607908 -0.263357797806673 -0.0600302906029826
0.00873164330515456 -0.0979022119414562 -0.181677228977791 0.172407547241799
-0.0468701293517512 -0.0796410578542489 -0.0123841200162019 0.198046406047442
-0.0625565674812392 -0.0459184480439773 0.0632198624086053 0.129545703837835
-0.0767642275935323 -0.0424013965186839 0.0932653788954613 0.0583717169967323
-0.0831760855375724 -0.051734069121823 0.113064571216847 0.0100116361612165
-0.0916431086784356 -0.0967007386859189 0.148141937626639 0.00172381110558207
-0.0134370716107937 -0.150273832963704 0.159848935603608 0.0766172975335752
0.109757762989578 -0.119748057908508 0.0854437562822789 0.213688738929822
0.209233512406645 0.0100790601103953 -0.049231620585607 0.248710785199735
0.172758715613352 0.198041188085657 -0.153002504888635 0.200746137968275
0.06309555160018 0.317924649219682 -0.111912422875248 0.207167155950007
-0.0121875575350985 0.280907752183969 -0.0354193235832946 0.0557887291946829
0.0995376410802504 0.199379379700165 0.157190874714038 -0.0749261772133987
0.172701108717573 0.0811944345581786 -0.0214574735587807 -0.259438323114125
0.140860297085102 -0.0730863051375431 -0.24079178800591 -0.127029993029211
0.035412017960238 -0.15176463293064 -0.201934881110378 0.107239386492223
-0.0645780150510619 -0.125998068463696 -0.0533291158350909 0.16125107002337
-0.0951762308986634 -0.0697621200346071 0.0216993356006529 0.110780954386344
-0.10282623589818 -0.056252324553129 0.0529189400621896 0.0404812483857944
-0.104117124689202 -0.06302544763383 0.0707606650489901 -0.0133273166051564
-0.118888609307294 -0.116438598547698 0.113126938128279 -0.0471939861280472
-0.0384977558198201 -0.186562097554432 0.159097643039313 -0.00672265311019888
0.106901213753027 -0.167805485426623 0.149490080127283 0.150075687840537
0.252980814525064 -0.0252684680748818 0.0215455584654812 0.236633958251821
0.221252251485043 0.214863609618864 -0.113789528100392 0.19001071164147
0.0704884704179167 0.36015184183771 -0.0929157584584053 0.113031640786895
-0.0685095152111829 0.299303776504863 -0.0158798976012693 -0.064454550729034
0.0657444577531306 0.265799468278337 0.164641151577304 -0.109016493976039
0.195286222278678 0.153327484043145 0.0325507233597842 -0.279983744656462
0.196111808834427 -0.0594826475287798 -0.179290230230779 -0.192245353029763
0.0663761266158351 -0.17490682419224 -0.198678924616748 0.0153551835612097
-0.0648464260001029 -0.153656949956321 -0.0964130173638909 0.0998683158553723
-0.112123180212868 -0.0850413269575973 -0.0295278841618399 0.0812552973903378
-0.113159472285543 -0.0622152311665596 0.00555422195699478 0.0182485439475677
-0.109316661973981 -0.0644094218927475 0.0219950220335047 -0.0355667332728958
-0.125656761945456 -0.119536421031425 0.0697705526420203 -0.0884153916841984
-0.0524019635438372 -0.193214176810467 0.139514801334723 -0.0803397869216914
0.0918690752316522 -0.184692404864566 0.184168576139768 0.0778271343435944
0.252275187852669 -0.0442005838155572 0.0716355397936689 0.202976503999962
0.223236747570703 0.204732466223831 -0.0861270233118865 0.167800034070889
0.0606586246077583 0.34747323627399 -0.0828422250217446 0.0144098298531763
-0.105597691683457 0.258867715543687 0.0262150592373177 -0.182971018347951
0.0113423626923331 0.267720812246993 0.175209550566999 -0.147281740472172
0.160479842442028 0.189727030173809 0.0886057602194287 -0.274014925904376
0.200107475425537 -0.0257329948094258 -0.0905096058384182 -0.232435196260887
0.0835422688202968 -0.158671056651141 -0.16904256424198 -0.0789133050058214
-0.0516889474314845 -0.151108830728787 -0.131188226684856 0.0289735625891884
-0.109010878242634 -0.0860663952458125 -0.081725347154698 0.0463221475214298
-0.106863859498293 -0.0602333914669522 -0.0419412388538384 -0.00612163873615882
-0.0999407590540079 -0.0574830294472759 -0.0233322740034918 -0.0579918823778982
-0.112187696877155 -0.109021640358045 0.0292380853492993 -0.12015138947639
-0.0477386761102783 -0.176380573976842 0.114909291938585 -0.132393014497683
0.0831940930321838 -0.166352575483439 0.196756167824211 0.0194299960152293
0.222433212740681 -0.0297519157017335 0.0982155964416849 0.165737004568629
0.179695686051402 0.188797669063274 -0.0691639032486845 0.13920026702975
0.0253278683331301 0.291453033202332 -0.0719554345264859 -0.0718313014105857
-0.109404362811393 0.167457067975103 0.0737623245022727 -0.272371028168204
-0.0332074283783936 0.200517733234468 0.187332201179167 -0.178171424346497
0.0938257587011605 0.165240009310353 0.131687133451554 -0.249887642521293
0.152070683611241 0.00265120722272915 -0.00851618941393009 -0.243783848335011
0.0734452138624326 -0.112255790412977 -0.129795318502718 -0.150514757065569
-0.0322749933038853 -0.116049207296969 -0.154824154994334 -0.0350549341576462
-0.0849756588066205 -0.0702125639639921 -0.125844027009272 0.0130961042105428
-0.0843224310187122 -0.0501230032043535 -0.0824669937092777 -0.0289936647872357
-0.0782630853512284 -0.0455892440850343 -0.0603059197023246 -0.0797817811901328
-0.0853326725517533 -0.0882169949694447 -0.000455780273897392 -0.146953393605185
-0.0300145872968276 -0.142982462701719 0.0998269344983245 -0.165925229943079
0.0795253905954586 -0.127515392317476 0.200031486842411 -0.0171148342229258
0.178207363422227 0.00566203539813249 0.109201630355799 0.137602808114183
0.105921114961875 0.167897251673045 -0.0557093093860399 0.110558195605467
-0.0250815094164762 0.205948651949456 -0.0534020049260517 -0.135104646107607
-0.0850711112592242 0.0474202547587759 0.106754910854601 -0.319307344983973
-0.0515805514076355 0.0928936627713561 0.188669391438157 -0.193239265587312
0.0258006378283414 0.0960948212282006 0.153458704417693 -0.227108875557224
0.0746020304692238 0.0145885225780179 0.0378694013894944 -0.244728985399317
0.0419960715308419 -0.0520873042656964 -0.106657080695208 -0.188704365952591
-0.0112300563876519 -0.0613773350217215 -0.170568162762725 -0.0732922718956936
-0.0476346737456713 -0.0419750894595506 -0.154499175804231 -0.0110125811402584
-0.0489341879424505 -0.033043444390581 -0.110144300353426 -0.0465951876698252
-0.0482787007375301 -0.0278584060203142 -0.0840726546317428 -0.0985065858473066
-0.0525234383215308 -0.0579050339474753 -0.0166359801928188 -0.168460892032106
-0.0117521616607065 -0.0979923611413488 0.0974698313278937 -0.184204418059125
0.0699812652308974 -0.0821608485617043 0.206292517444001 -0.0336550489909851
0.123122084540645 0.037693011583412 0.112330620144058 0.124855100434779
0.0280682568848536 0.131915251629016 -0.0454542514268217 0.0914925218041399
-0.0712874565813224 0.101150317885632 -0.0256102772978892 -0.167776171862665
0.0786706400797983 0.00487026581681901 0.0324794225643171 0.223230854333475
0.0180314405859544 -0.060615864442901 0.142108791485161 -0.0696214381333504
-0.0453029924248885 -0.0405401171884628 -0.0871273794585836 -0.163079605947197
-0.0344120535877935 0.0238760060959434 -0.24803397024192 0.0082291922070759
-0.00391233344519903 0.0254369324127167 -0.136731976782622 0.209422136152427
0.0154293188551155 0.0148028963759288 0.0243054692332906 0.205424781078011
0.0196897335145448 0.00294993538046445 0.0955727590355496 0.140738057375108
0.00341191249828366 0.000311833162737628 0.129858172997351 0.0745802586699188
-0.00611974486228849 0.00424432580571164 0.158155004755294 0.0429751128075508
-0.0172495340779223 0.002590754556863 0.168584382960756 0.083337602441212
-0.00808560735477773 -0.0153242501701727 0.107037783903922 0.195517490713588
0.0109194913558357 -0.0249360674617658 -0.0484997052283193 0.255487849951303
0.0423771194011831 -0.0222533180880148 -0.171694380301642 0.20909153314367
0.0717197328012788 0.0271383742917454 -0.247484494556232 0.193681939143225
0.0736555670833013 0.0905261634914304 -0.173933944943299 0.319406217810648
0.0701913287749528 0.11339267801018 -0.00438211796852484 0.206620278696044
0.0652779084565745 0.0110999023687094 0.146783423520219 -0.055301881130335
0.0253735864202744 -0.0267062909592549 -0.0777883392932092 -0.187085429021951
0.00568467203029667 -0.0171618223548478 -0.25935574368218 -0.0178969835164506
-0.00330791652042745 -0.0343111586990939 -0.160021248205989 0.201671730583472
-0.0173452207394277 -0.0295317134581413 0.0110248988286021 0.209971386188869
-0.0212105926901988 -0.0219920376481292 0.086106817395446 0.141096035948579
-0.0397339970006113 -0.0242674112000748 0.119878551884264 0.0722472981957224
-0.0493552928914401 -0.0296200680872563 0.14513141276725 0.0328163113490399
-0.0540871501675435 -0.0567847751856495 0.166499257404895 0.0522479481949016
0.00293501323897665 -0.0889240051930046 0.134531086730638 0.15372364994344
0.0800830495924379 -0.0609233580889147 0.00396085834066377 0.250797941567409
0.130275939143799 0.0232399763138789 -0.126547074595733 0.231830884891352
0.10896593652254 0.138975050277672 -0.207591980006519 0.196727776391794
0.0542166485522337 0.225573628674326 -0.148906006681777 0.276161285620848
0.0344005787999551 0.213319199307071 -0.0298777926459566 0.149739290260513
0.0943699470667253 0.105233387347355 0.155197978024433 -0.0544309042991932
0.10521342463795 0.0168773879523404 -0.0543714544338465 -0.225715272069365
0.0687077146850493 -0.0532416517919214 -0.263637140446664 -0.0683875289503547
0.00993504842012162 -0.0981409831658046 -0.187946102639918 0.16829283366086
-0.0454208659598377 -0.0806658415423284 -0.0176932624770385 0.197965201184908
-0.0615389057178479 -0.0484374505176364 0.0599866075688861 0.132758583574159
-0.0773128635892017 -0.0455594735877327 0.0932915232889134 0.0608437979009992
-0.0831736895066221 -0.0540923029949584 0.11374685547092 0.013595683215079
-0.0916216801595563 -0.0990195823870125 0.148890222307131 0.00549426045476254
-0.0118440872940883 -0.151044813160422 0.158510106422916 0.0825325943519416
0.113695460951276 -0.117353936764655 0.080249074760475 0.218736488477601
0.210902239383617 0.0162285628035413 -0.0578350764207511 0.247744279668714
0.168946564164441 0.205422261158229 -0.162075313620245 0.196738769536381
0.0557122643377753 0.32104661826795 -0.118763388490618 0.203110370494423
-0.0207328916846655 0.282126929922627 -0.0345103183835838 0.054561706961541
0.0932459448788555 0.203386241924552 0.164257268172097 -0.0703597556858858
0.171948618680961 0.0864874287968371 -0.0121140941125425 -0.261788855236519
0.143110338810654 -0.0694743404248562 -0.238478965274239 -0.13550336249707
0.0375218602063853 -0.151522832603585 -0.206818757272162 0.102044072365682
-0.06191911318992 -0.127134305195032 -0.0577499429737154 0.160599499186837
-0.0936525110831952 -0.0724979596555113 0.0185861842042777 0.112431580520257
-0.102470513062063 -0.0601361121802954 0.0530067411838457 0.0415131759806115
-0.103963163629802 -0.0659155570893576 0.0717294270304705 -0.0108527609147225
-0.118086521069235 -0.118807106771312 0.114906177197095 -0.0448314381273513
-0.0364863982074657 -0.187971630086944 0.159976503758411 -0.00110937573804865
0.11061398517438 -0.165520858894232 0.146840869581621 0.156474886614
0.255414499885334 -0.0185405153156944 0.014494615757163 0.238143281006945
0.21800988326862 0.221697454510193 -0.122132682034873 0.186951462324448
0.0627454663151783 0.363235221194952 -0.0977223022650017 0.108973098745426
-0.0785345917285468 0.298227822969694 -0.0114838008681296 -0.0643553208714816
0.057146440700417 0.269417678641816 0.172357873795423 -0.10260777385326
0.193837524697468 0.159797158908144 0.0421468643891222 -0.280426987543651
0.198043168021053 -0.0550304967845081 -0.174394106259752 -0.199932232634175
0.069613872492347 -0.174231929120993 -0.200654339506785 0.00867626761594065
-0.0621315030899304 -0.154462572561024 -0.099276943251173 0.0992450053944294
-0.109766398888827 -0.0879550929439137 -0.0321716037710271 0.0821213425867785
-0.113243699256565 -0.0661673901176929 0.00563104666740287 0.0186815761957447
-0.108524171359736 -0.0679272539990117 0.0245051121644192 -0.0340364649294234
-0.124361675799078 -0.121410191812134 0.0724415468314354 -0.086924674572429
-0.0514202364447512 -0.194772534745689 0.14138717513632 -0.0751479241958559
0.0957984493925298 -0.181855754341142 0.183990536847749 0.0842575351069449
0.255090958157896 -0.0384809673684613 0.0667659704115843 0.20577278746774
0.22025730242276 0.211220870072998 -0.0936332576549684 0.16487867756994
0.0530333791475504 0.350240002128697 -0.085206813622074 0.00969009215414881
-0.115561389934469 0.256346119575585 0.0341929370516593 -0.180948051248053
0.00174261147637568 0.2693239941085 0.183795598669719 -0.141092182605822
0.156954982020664 0.195691229815337 0.0984545712833171 -0.271448424553962
0.202274210742503 -0.0209056475757048 -0.0837649381690994 -0.237985732823339
0.0869305148834446 -0.15753244420937 -0.16820579241217 -0.0857676066995946
-0.0487190610743462 -0.151707825924311 -0.132664519954772 0.0259256752981308
-0.106437097429852 -0.0887414979638494 -0.0833886693700576 0.045481870421756
-0.106929709315203 -0.0641413603202328 -0.0424589507999881 -0.00707878301273949
-0.098778715084413 -0.0608353321770723 -0.0212735587779422 -0.0577761194722352
-0.111112553556694 -0.11031837308699 0.033207610031904 -0.120390254589453
-0.0456739439931636 -0.177628492147605 0.118303001933526 -0.128966903579859
0.0866713034411127 -0.16399127840027 0.197037333615878 0.0247640083535668
0.225642211516715 -0.0245754565742644 0.0945903850358828 0.169652507524515
0.175918348873717 0.194703243140605 -0.0756877284075056 0.137305950131989
0.0186992161943219 0.291987337182085 -0.0728510125849421 -0.0759915815269486
-0.116082487072414 0.164786383434578 0.0842053914494758 -0.270385480167147
-0.0398386181601991 0.200536673196602 0.194715326411437 -0.171575931182971
0.0900594483532436 0.169216082916991 0.140917899473839 -0.246128864249755
0.152618412555496 0.006394579105621 -0.00077223721583995 -0.247345008601521
0.0750372139712947 -0.110889962516305 -0.126987748865466 -0.156483304135799
-0.0292861015671364 -0.116635888532941 -0.155316295314607 -0.0383850827304055
-0.0838123786338462 -0.0721270834148742 -0.127230279204594 0.0113562448651976
-0.0836967390979117 -0.0528934800430923 -0.0834299624281939 -0.0303346508601168
-0.0767493245655936 -0.0486837767694981 -0.0580943627777843 -0.080721770833455
-0.0839693871450039 -0.0892982254014057 0.00293566108424562 -0.147033155364244
-0.0282929914590163 -0.143683380900423 0.103881845534729 -0.1628471577596
0.0824607444095044 -0.125535532943976 0.202477332239482 -0.0116189913736712
0.179278664521512 0.00953233515569938 0.106354712689449 0.141632565572309
0.102703207641566 0.171317104531783 -0.0617427410807665 0.109015658071176
-0.0298505734113276 0.205917320008528 -0.0525502918092036 -0.137387007849391
-0.087964523067032 0.0455434357837866 0.117472915667874 -0.316428876681972
-0.0548069517016597 0.0916436820182415 0.19585563209967 -0.18573766123642
0.0237681085312791 0.0967389536689621 0.162000433730482 -0.222458416818188
0.0742634943344411 0.0167399218424387 0.0464967236974145 -0.24682113082948
0.0426687461125831 -0.0505593341470876 -0.102456899661289 -0.194204133844857
-0.00943795331472741 -0.0611486568217106 -0.170258677915303 -0.0782278060696654
-0.0469222157631933 -0.0430127867164157 -0.15569191541962 -0.013412380705787
-0.0488585122698895 -0.0347194555114048 -0.111383641937969 -0.0487029913269558
-0.0470466554468176 -0.0299154172505587 -0.0824949609291857 -0.100703207760724
-0.050896633154216 -0.0591617468151453 -0.0126789087661584 -0.169042082107601
-0.0100979709207722 -0.0980711206822943 0.10225358318811 -0.18320008631598
0.0718745315607114 -0.0806640111614335 0.208626216780221 -0.0277440679069214
0.123257679465926 0.0410400993422897 0.11045715553233 0.128795509980129
0.0254836065639102 0.133399712182813 -0.0499748994578146 0.0901505933004321
-0.0745321770339096 0.0987626732497137 -0.0233192125873185 -0.16888641120006
