TRXV5
3
4
4
9
string Extension=J
integer IsArchMeasurement=1
integer IsSpherical=1
string Generator=SPM
string GeneratorVersion=1.3.1 Dev
double ArchRadius=0.449999988079071
integer FrequencyAxisIndex=0
integer AzimuthAxisIndex=1
integer ElevationAxisIndex=2
Frequency
5 136 690000000 960000000 LIN
Azimuth
7 8 0 2.74889357189107 LIN
Elevation
7 15 -2.74889357189107 2.74889357189107 LIN
Polar H Real Part
13
Polar H Imaginary Part
14
Polar V Real Part
13
Polar V Imaginary Part
14
Polar H Magnitude (dB)
12 0xC0000002 0 1
Polar H Phase
7 0xC0000003 0 1
Polar V Magnitude (dB)
12 0xC0000002 2 3
Polar V Phase
7 0xC0000003 2 3
-0.0128822326660156 0.0279464721679688 0.050445556640625 -0.00625228881835937
0.0181980133056641 0.0236587524414062 0.0221633911132813 0.00905036926269531
0.0205287933349609 -0.00173377990722656 0.0215530395507813 0.0228939056396484
0.0118770599365234 -0.012171745300293 0.0447158813476563 0.0172691345214844
0.00335502624511719 -0.0147581100463867 0.0526275634765625 -0.00525665283203125
-0.00643348693847656 -0.0175857543945313 0.0460777282714844 -0.0287857055664063
-0.00768089294433594 -0.0143556594848633 0.0347156524658203 -0.0336513519287109
-0.00481224060058594 -0.0137643814086914 0.0247268676757812 -0.0250396728515625
-0.000768661499023437 -0.0186271667480469 0.0148792266845703 -0.0130462646484375
0.0116119384765625 -0.0138492584228516 0.0035395622253418 -0.00640535354614258
0.0195789337158203 -0.00107765197753906 -0.011260986328125 -0.0159835815429688
0.0154914855957031 0.0108318328857422 -0.00638198852539063 -0.0354118347167969
0.000450134277343749 0.0219154357910156 0.026885986328125 -0.0556221008300781
-0.0132675170898438 0.0242137908935547 0.0480422973632812 -0.0504226684570313
-0.0268630981445312 0.0187358856201172 0.0353622436523438 -0.033050537109375
-0.0305557250976562 0.0359230041503906 0.0437850952148438 0.00638198852539063
0.004302978515625 0.038238525390625 0.0176792144775391 0.0207138061523438
0.0187015533447266 0.0150661468505859 0.0211257934570313 0.0325660705566406
0.0192451477050781 0.00205802917480469 0.0459480285644531 0.0256614685058594
0.0161113739013672 -0.00806045532226562 0.0547409057617187 0.00244903564453125
0.0101146697998047 -0.0188980102539062 0.05023193359375 -0.0226097106933594
0.00649833679199219 -0.0204353332519531 0.0375213623046875 -0.0272216796875
0.00790214538574219 -0.0177688598632813 0.0239334106445312 -0.0188674926757812
0.0132122039794922 -0.0223865509033203 0.0124607086181641 -0.00577354431152344
0.0254840850830078 -0.0128974914550781 -0.000566542148590086 0.000513792037963866
0.0292568206787109 0.00649070739746094 -0.0188026428222656 -0.0102691650390625
0.0220241546630859 0.0229873657226562 -0.0159626007080078 -0.0321407318115234
-0.0029144287109375 0.0348377227783203 0.0148124694824219 -0.0549888610839844
-0.0250091552734375 0.0352249145507812 0.0337715148925781 -0.0464324951171875
-0.041717529296875 0.0279884338378906 0.0210685729980469 -0.0270786285400391
-0.0464401245117188 0.0366134643554687 0.030242919921875 0.019775390625
-0.01416015625 0.0485916137695312 0.00673294067382813 0.0349788665771484
0.0107612609863281 0.0313854217529297 0.0175666809082031 0.04376220703125
0.0231342315673828 0.0193920135498047 0.0446014404296875 0.0361747741699219
0.0268001556396484 0.00282669067382812 0.0535812377929688 0.0107994079589844
0.0265541076660156 -0.0161590576171875 0.0503158569335938 -0.0144119262695313
0.0206127166748047 -0.0225944519042969 0.03497314453125 -0.01873779296875
0.0190410614013672 -0.0191860198974609 0.0203227996826172 -0.0102252960205078
0.0243453979492188 -0.0231685638427734 0.0070037841796875 0.00359964370727539
0.0344429016113281 -0.0121192932128906 -0.00780344009399414 0.0085000991821289
0.0359268188476563 0.0092315673828125 -0.0269985198974609 -0.00274467468261719
0.0268592834472656 0.0277900695800781 -0.0269508361816406 -0.0260124206542969
-0.000286102294921877 0.0426673889160156 0.000743865966796878 -0.0517234802246094
-0.0282707214355469 0.0430793762207031 0.0168037414550781 -0.0384254455566406
-0.0487327575683594 0.0335655212402344 0.00229263305664062 -0.0191497802734375
-0.0560531616210938 0.0320014953613281 0.00937271118164062 0.0320968627929687
-0.0303459167480469 0.0494804382324219 -0.0104942321777344 0.0486259460449219
-0.00107955932617187 0.0441398620605469 0.0107421875 0.0554084777832031
0.0215263366699219 0.0352592468261719 0.0384063720703125 0.0442962646484375
0.0334548950195313 0.0150737762451172 0.0462646484375 0.0183219909667969
0.0391159057617188 -0.0092010498046875 0.0441665649414063 -0.00499725341796875
0.0310039520263672 -0.0211830139160156 0.0270099639892578 -0.00791740417480469
0.0263633728027344 -0.0174045562744141 0.0124893188476563 0.000277519226074218
0.0310268402099609 -0.0207443237304688 0.000154495239257814 0.0132036209106445
0.0384521484375 -0.0114479064941406 -0.0146417617797852 0.0173540115356445
0.0374755859375 0.00933074951171875 -0.0330219268798828 0.00663757324218749
0.0293903350830078 0.0278263092041016 -0.0338726043701172 -0.0169525146484375
0.00263595581054688 0.0440330505371094 -0.011322021484375 -0.04327392578125
-0.0264358520507813 0.0446815490722656 0.00155830383300781 -0.0256404876708984
-0.0504226684570313 0.0351905822753906 -0.0152988433837891 -0.00731372833251953
-0.0554733276367188 0.0229034423828125 -0.0131072998046875 0.0396957397460938
-0.0395278930664063 0.0425758361816406 -0.0298538208007813 0.0571556091308594
-0.0126152038574219 0.0463409423828125 -0.00184249877929688 0.0628471374511719
0.0141372680664062 0.0435791015625 0.0276985168457031 0.048736572265625
0.0322322845458984 0.0238990783691406 0.0345115661621094 0.0222434997558594
0.0430946350097656 -0.00070953369140625 0.0322551727294922 0.00327110290527344
0.0366668701171875 -0.0158958435058594 0.0148792266845703 0.00195503234863281
0.0295200347900391 -0.0133819580078125 0.00230979919433594 0.0103845596313477
0.0333766937255859 -0.0160350799560547 -0.00849723815917968 0.0227832794189453
0.0381851196289063 -0.00783920288085938 -0.0219402313232422 0.0248355865478516
0.0355491638183594 0.0107421875 -0.0380859375 0.0137443542480469
0.0262317657470703 0.0270557403564453 -0.0378990173339844 -0.00975418090820313
0.00147628784179688 0.039642333984375 -0.0171318054199219 -0.0321483612060547
-0.0246009826660156 0.0396499633789062 -0.00718975067138672 -0.00986766815185547
-0.0475692749023437 0.029052734375 -0.0317535400390625 0.00462913513183594
-0.0423507690429687 0.0107803344726563 -0.0325431823730469 0.0421714782714844
-0.0367202758789063 0.0268363952636719 -0.0477752685546875 0.05889892578125
-0.0182762145996094 0.0353622436523437 -0.0127487182617188 0.0639991760253906
0.003875732421875 0.0392341613769531 0.0150337219238281 0.0475921630859375
0.0228748321533203 0.0257453918457031 0.0213050842285156 0.0226325988769531
0.0370063781738281 0.00757217407226563 0.0174713134765625 0.0088348388671875
0.0340652465820313 -0.00715446472167969 0.00171756744384766 0.0106344223022461
0.0279273986816406 -0.00720024108886719 -0.00775718688964844 0.0183601379394531
0.0316524505615234 -0.00933265686035156 -0.0166091918945312 0.0290184020996094
0.0342388153076172 -0.00116539001464844 -0.0289230346679687 0.0283832550048828
0.0272388458251953 0.0145416259765625 -0.0409660339355469 0.0143089294433594
0.0166187286376953 0.0270671844482422 -0.03619384765625 -0.00823974609374999
-0.007232666015625 0.0314483642578125 -0.0164051055908203 -0.0244560241699219
-0.0262203216552734 0.02301025390625 -0.0133028030395508 -2.47955322265603E-05
-0.041168212890625 0.0102157592773438 -0.0439529418945313 0.00794219970703124
-0.0206184387207031 -0.00328445434570313 -0.0452041625976563 0.0366172790527344
-0.0225315093994141 0.00666236877441406 -0.0584373474121094 0.0498733520507812
-0.0159330368041992 0.0156955718994141 -0.025360107421875 0.0567741394042969
-0.00578689575195312 0.0230503082275391 0.002166748046875 0.0424766540527344
0.00812911987304688 0.0197639465332031 0.009521484375 0.0197963714599609
0.0217247009277344 0.0131626129150391 0.00379276275634766 0.00961589813232422
0.0249290466308594 0.00348281860351563 -0.00982189178466797 0.0132360458374023
0.02154541015625 0.000865936279296875 -0.0182075500488281 0.0233535766601563
0.024566650390625 -8.58306884765625E-05 -0.0267562866210937 0.0304985046386719
0.0256233215332031 0.00650787353515625 -0.0364341735839844 0.02740478515625
0.0193881988525391 0.0169486999511719 -0.0438003540039063 0.0139961242675781
0.00741195678710938 0.0251045227050781 -0.03680419921875 -0.00720977783203125
-0.0135784149169922 0.0228538513183594 -0.0181808471679688 -0.0192642211914062
-0.0252475738525391 0.00978851318359375 -0.0188522338867187 0.00566864013671875
-0.0311355590820312 -0.00411224365234375 -0.0533638000488281 0.0102195739746094
0.00291824340820312 -0.0113983154296875 -0.0456695556640625 0.0348052978515625
-0.00287675857543945 -0.00751161575317383 -0.0570793151855469 0.0454368591308594
-0.00627517700195312 -0.00293540954589844 -0.0261383056640625 0.0526504516601563
-0.00882625579833984 0.00305557250976562 2.28881835937474E-05 0.0372200012207031
-0.00437211990356445 0.00818300247192383 0.00662422180175781 0.0155267715454102
0.00465297698974609 0.01275634765625 -0.00315523147583008 0.00796890258789063
0.0118999481201172 0.0103511810302734 -0.0172853469848633 0.013392448425293
0.0113382339477539 0.00718212127685547 -0.0260334014892578 0.0234889984130859
0.0146894454956055 0.00690460205078125 -0.0334510803222656 0.0307464599609375
0.0145635604858398 0.011540412902832 -0.0428810119628906 0.0247764587402344
0.00926971435546875 0.0176429748535156 -0.0473480224609375 0.00991439819335937
-0.00209426879882813 0.0210857391357422 -0.0377655029296875 -0.0104713439941406
-0.0198268890380859 0.0116462707519531 -0.0190658569335938 -0.0194110870361328
-0.0214958190917969 -0.00680923461914063 -0.0228176116943359 0.00300788879394531
-0.017333984375 -0.0194816589355469 -0.0589103698730469 0.00583267211914063
-0.00801658630371094 0.0328502655029297 0.0563316345214844 -0.0080108642578125
0.0247173309326172 0.0227928161621094 0.0269050598144531 0.00714683532714844
0.0227069854736328 -0.00560188293457031 0.0241909027099609 0.0208339691162109
0.0104036331176758 -0.0163908004760742 0.047576904296875 0.0150146484375
0.000443458557128908 -0.0173797607421875 0.0549659729003906 -0.00897598266601563
-0.0109767913818359 -0.0185012817382813 0.0467872619628906 -0.0328750610351563
-0.0111293792724609 -0.0141744613647461 0.0354042053222656 -0.0378684997558594
-0.00847911834716797 -0.0136928558349609 0.0256385803222656 -0.0286083221435547
-0.00491142272949219 -0.0206584930419922 0.0173578262329102 -0.0141258239746094
0.009613037109375 -0.0181064605712891 0.00617074966430664 -0.00508642196655274
0.0218105316162109 -0.00499916076660156 -0.0122842788696289 -0.0143089294433594
0.0200004577636719 0.00944328308105469 -0.0104026794433594 -0.0346488952636719
0.00477409362792969 0.0243911743164063 0.0233573913574219 -0.0602035522460937
-0.010711669921875 0.0300464630126953 0.048614501953125 -0.0576553344726562
-0.0265693664550781 0.0257244110107422 0.0376815795898438 -0.0359153747558594
-0.0286331176757813 0.0409889221191406 0.051361083984375 0.0063323974609375
0.0094146728515625 0.0396690368652344 0.0234184265136719 0.0204238891601563
0.021026611328125 0.0131092071533203 0.0253524780273438 0.0305423736572266
0.0202865600585938 -0.000883102416992188 0.0497245788574219 0.0239982604980469
0.0146331787109375 -0.0111217498779297 0.058502197265625 -0.00145339965820313
0.00736236572265625 -0.020660400390625 0.0527610778808594 -0.0273780822753906
0.0045928955078125 -0.0217704772949219 0.0401268005371094 -0.0325431823730469
0.00553512573242187 -0.0194301605224609 0.0269432067871094 -0.0223445892333984
0.0102157592773438 -0.0248622894287109 0.016693115234375 -0.00671672821044922
0.0251255035400391 -0.0169315338134766 0.00251245498657227 0.00206804275512695
0.0327720642089844 0.00262451171875 -0.0184535980224609 -0.00673484802246093
0.02679443359375 0.0217304229736328 -0.0201644897460938 -0.029632568359375
0.000953674316406248 0.0389328002929688 0.0101051330566406 -0.0589447021484375
-0.0239830017089844 0.0418815612792969 0.0328216552734375 -0.051483154296875
-0.0434455871582031 0.0358810424804688 0.0223541259765625 -0.0286769866943359
-0.0469818115234375 0.0422019958496094 0.0372581481933594 0.0216026306152344
-0.0114173889160156 0.0517463684082031 0.0133438110351562 0.0368118286132813
0.0131340026855469 0.0317649841308594 0.0231666564941406 0.043792724609375
0.0248508453369141 0.0181941986083984 0.0492706298828125 0.0346221923828125
0.0279407501220703 0.000703811645507813 0.0576324462890625 0.0082855224609375
0.0259208679199219 -0.0190181732177734 0.0541343688964844 -0.0189590454101563
0.0200462341308594 -0.0248126983642578 0.0382156372070313 -0.0224952697753906
0.0178432464599609 -0.0211505889892578 0.0235500335693359 -0.0127391815185547
0.02349853515625 -0.0267772674560547 0.0115385055541992 0.00315475463867187
0.0355644226074219 -0.0160980224609375 -0.0033721923828125 0.0106630325317383
0.0389022827148438 0.00666427612304688 -0.0263576507568359 0.00191497802734375
0.03192138671875 0.0277462005615234 -0.0295600891113281 -0.0216732025146484
0.00272750854492187 0.0466384887695312 -0.00433731079101562 -0.0528831481933594
-0.0279579162597656 0.0504341125488281 0.0158119201660156 -0.0413475036621094
-0.0520744323730469 0.041412353515625 0.00392532348632812 -0.0185203552246094
-0.0581169128417969 0.0370712280273438 0.0159835815429687 0.0368270874023437
-0.0304412841796875 0.0546073913574219 -0.00391387939453125 0.0532150268554687
0.000511169433593749 0.0465507507324219 0.0159797668457031 0.0570640563964844
0.02447509765625 0.0365982055664063 0.0436515808105469 0.0443077087402344
0.0356636047363281 0.0140228271484375 0.0511131286621094 0.0169906616210938
0.04107666015625 -0.0124244689941406 0.0479774475097656 -0.00857162475585938
0.0326900482177734 -0.0248661041259766 0.0304107666015625 -0.0109500885009766
0.0279788970947266 -0.0201930999755859 0.0159921646118164 -0.00154685974121094
0.0318508148193359 -0.0244159698486328 0.00457572937011719 0.0136833190917969
0.0407829284667969 -0.0137977600097656 -0.00994491577148438 0.0198612213134766
0.0415878295898438 0.00825119018554688 -0.031890869140625 0.0114574432373047
0.0334148406982422 0.0286865234375 -0.0361061096191406 -0.0121574401855469
0.00518798828125 0.0481605529785156 -0.0155563354492188 -0.0423316955566406
-0.0277366638183594 0.0511245727539063 0.00156593322753906 -0.0262546539306641
-0.0538253784179688 0.042083740234375 -0.0144548416137695 -0.00411128997802734
-0.0594291687011719 0.025909423828125 -0.00926589965820313 0.0463066101074219
-0.0415878295898437 0.0463638305664063 -0.0247917175292969 0.0645027160644531
-0.0124244689941406 0.0495109558105469 0.00469970703125 0.065826416015625
0.0175285339355469 0.046905517578125 0.0330314636230469 0.0492439270019531
0.0361175537109375 0.024871826171875 0.0391006469726562 0.0205802917480469
0.0471839904785156 -0.00307083129882813 0.0356178283691406 0.0005035400390625
0.039581298828125 -0.0192146301269531 0.0178756713867188 0.000858306884765624
0.0325279235839844 -0.0160179138183594 0.00562191009521485 0.0102329254150391
0.0358734130859375 -0.0195350646972656 -0.00421905517578125 0.0241584777832031
0.041351318359375 -0.0100440979003906 -0.0175876617431641 0.0278244018554688
0.0389747619628906 0.0106582641601563 -0.0365180969238281 0.018280029296875
0.0304222106933594 0.0283222198486328 -0.0388069152832031 -0.00548171997070312
0.00341796875 0.0440254211425781 -0.0203475952148438 -0.0315189361572266
-0.0270843505859375 0.0436820983886719 -0.00741291046142578 -0.00886821746826171
-0.0526046752929688 0.0330238342285156 -0.0322151184082031 0.00949859619140626
-0.0471382141113281 0.0107994079589844 -0.0308113098144531 0.0505943298339844
-0.0407371520996094 0.0289382934570313 -0.0440444946289062 0.0681991577148437
-0.0199623107910156 0.0391578674316406 -0.00749588012695313 0.0692253112792969
0.00498580932617188 0.0443077087402344 0.0197181701660156 0.0485725402832031
0.0265178680419922 0.0285854339599609 0.0249309539794922 0.0220794677734375
0.0418319702148437 0.0071868896484375 0.0200786590576172 0.00689888000488281
0.0386505126953125 -0.0090789794921875 0.00407791137695313 0.0109615325927734
0.0315113067626953 -0.00897979736328125 -0.00502777099609375 0.020294189453125
0.0355606079101563 -0.011688232421875 -0.0139694213867187 0.0314064025878906
0.0386466979980469 -0.001373291015625 -0.0253257751464844 0.0323944091796875
0.0315113067626953 0.0158843994140625 -0.039825439453125 0.0182876586914062
0.0198268890380859 0.0298976898193359 -0.0376853942871094 -0.0044708251953125
-0.00774383544921875 0.0352592468261719 -0.0183982849121094 -0.0222873687744141
-0.0306377410888672 0.0261154174804688 -0.0138759613037109 0.00195121765136719
-0.0467071533203125 0.0129508972167969 -0.0460014343261719 0.0126190185546875
-0.0243473052978516 -0.00604438781738281 -0.0467185974121094 0.0443649291992187
-0.027313232421875 0.00587844848632813 -0.0582618713378906 0.0587615966796875
-0.0194931030273437 0.0165882110595703 -0.0208587646484375 0.0622024536132812
-0.00723075866699219 0.0270214080810547 0.005584716796875 0.0435371398925781
0.00920486450195313 0.0236625671386719 0.0117092132568359 0.0193729400634766
0.0264186859130859 0.0150146484375 0.00473499298095703 0.00943565368652344
0.0299091339111328 0.00274085998535156 -0.0092611312866211 0.0148630142211914
0.0255603790283203 0.000307083129882813 -0.0170116424560547 0.0259647369384766
0.029083251953125 -0.000875473022460938 -0.0245609283447266 0.0340213775634766
0.0306301116943359 0.00712394714355469 -0.0352249145507812 0.0308113098144531
0.023040771484375 0.0187320709228516 -0.0436973571777344 0.0179786682128906
0.00975418090820313 0.0295963287353516 -0.0379257202148438 -0.00377655029296875
-0.0155372619628906 0.0269451141357422 -0.0201129913330078 -0.0176029205322266
-0.0308475494384766 0.0120525360107422 -0.0203189849853516 0.00894737243652344
-0.0372200012207031 -0.00360488891601563 -0.0572166442871094 0.0150680541992187
0.000886917114257811 -0.0174560546875 -0.0480918884277344 0.0403022766113281
-0.00553703308105469 -0.0115137100219727 -0.0582733154296875 0.0537261962890625
-0.00986862182617188 -0.00441265106201172 -0.0224533081054688 0.0580062866210938
-0.0121049880981445 0.00568962097167969 0.00360870361328125 0.0385055541992187
-0.00517177581787109 0.0120563507080078 0.00720405578613281 0.014073371887207
0.00783252716064453 0.0161066055297852 -0.00385141372680664 0.00745725631713867
0.0167570114135742 0.0110292434692383 -0.0188217163085938 0.0154399871826172
0.0150976181030273 0.00786781311035156 -0.0261135101318359 0.0268230438232422
0.0192089080810547 0.006927490234375 -0.0335006713867188 0.0346641540527344
0.0194873809814453 0.0124225616455078 -0.0431632995605469 0.0289192199707031
0.0128040313720703 0.0199737548828125 -0.0484771728515625 0.0131149291992188
-0.00028038024902344 0.0254039764404297 -0.0394783020019531 -0.00799942016601563
-0.021820068359375 0.0154838562011719 -0.0213623046875 -0.0176200866699219
-0.0274257659912109 -0.00592613220214844 -0.0254955291748047 0.00644111633300781
-0.023406982421875 -0.0220985412597656 -0.0633964538574219 0.00910568237304686
-0.00276947021484375 0.0344142913818359 0.060791015625 -0.0132942199707031
0.0292797088623047 0.0192375183105469 0.0299530029296875 0.00315666198730469
0.0235004425048828 -0.010284423828125 0.0259456634521484 0.0179576873779297
0.00850868225097656 -0.0186119079589844 0.048583984375 0.0123672485351563
-0.0025177001953125 -0.0187206268310547 0.0552406311035156 -0.0124359130859375
-0.0153694152832031 -0.0174074172973633 0.0457077026367188 -0.0365562438964844
-0.0142917633056641 -0.0127506256103516 0.0353317260742188 -0.0418853759765625
-0.0114917755126953 -0.0126562118530273 0.0260524749755859 -0.0320758819580078
-0.00961875915527343 -0.0205421447753906 0.0190639495849609 -0.0166988372802734
0.00619316101074219 -0.0202064514160156 0.00932693481445313 -0.00553989410400391
0.0213851928710937 -0.0093994140625 -0.0113668441772461 -0.0111932754516602
0.0226116180419922 0.00596427917480469 -0.0124912261962891 -0.0323600769042969
0.0101547241210937 0.0256996154785156 0.0176620483398437 -0.0621986389160156
-0.00585365295410156 0.0347805023193359 0.0457077026367188 -0.0629920959472656
-0.0230541229248047 0.0320167541503906 0.0389556884765625 -0.0398941040039063
-0.0248756408691406 0.0449638366699219 0.057586669921875 0.00322723388671875
0.0146102905273437 0.0388717651367188 0.0285758972167969 0.0173358917236328
0.0221023559570313 0.0100040435791016 0.028045654296875 0.0279026031494141
0.0191249847412109 -0.00334548950195313 0.0520744323730469 0.0209884643554687
0.0131111145019531 -0.0122747421264648 0.0601654052734375 -0.0043487548828125
0.00384140014648437 -0.0216560363769531 0.052703857421875 -0.0314826965332031
0.00145912170410156 -0.0224781036376953 0.0399246215820313 -0.03668212890625
0.00355911254882812 -0.01898193359375 0.0284767150878906 -0.0259933471679688
0.00744819641113282 -0.0263156890869141 0.0195693969726563 -0.00918960571289063
0.0232925415039063 -0.0203037261962891 0.00702285766601563 0.00218391418457031
0.0332183837890625 -0.00145721435546875 -0.0165538787841797 -0.0036325454711914
0.0302810668945313 0.0195159912109375 -0.0206127166748047 -0.0257797241210938
0.0053558349609375 0.0406608581542969 0.00516510009765624 -0.0593338012695313
-0.0215797424316406 0.048370361328125 0.0312538146972656 -0.0556297302246094
-0.0411415100097656 0.04290771484375 0.0251197814941406 -0.0298652648925781
-0.0452804565429688 0.0471992492675781 0.0445137023925781 0.0210456848144531
-0.00743865966796875 0.0523681640625 0.0198211669921875 0.0354423522949219
0.0143566131591797 0.0311717987060547 0.0272979736328125 0.0416603088378906
0.0258102416992188 0.0166664123535156 0.0531425476074219 0.031982421875
0.0275096893310547 -0.000988006591796875 0.060394287109375 0.00420761108398438
0.0243167877197266 -0.0210437774658203 0.0549430847167969 -0.0234107971191406
0.0179729461669922 -0.0270538330078125 0.0393486022949219 -0.0270118713378906
0.0169620513916016 -0.0226421356201172 0.0260944366455078 -0.0167942047119141
0.0215778350830078 -0.0283546447753906 0.0156192779541016 0.00119781494140625
0.0350933074951172 -0.0195674896240234 0.00183868408203125 0.0107688903808594
0.0414276123046875 0.00358963012695313 -0.0230941772460937 0.00563430786132812
0.0361442565917969 0.0262527465820313 -0.0298519134521484 -0.0169696807861328
0.00653839111328125 0.0489654541015625 -0.00897598266601562 -0.0519027709960937
-0.0259819030761719 0.0556831359863281 0.0142936706542969 -0.0432624816894531
-0.0513114929199219 0.0492134094238281 0.00665187835693359 -0.0174655914306641
-0.0597419738769531 0.0416030883789063 0.0235748291015625 0.0381965637207031
-0.0292472839355469 0.0576667785644531 0.00317764282226562 0.0537757873535156
0.00217056274414063 0.0482826232910156 0.0217971801757813 0.055389404296875
0.0265121459960937 0.0364799499511719 0.0481719970703125 0.0419120788574219
0.0381278991699219 0.0132560729980469 0.0543785095214844 0.0130386352539063
0.0413970947265625 -0.0145492553710938 0.0498123168945313 -0.013031005859375
0.0320701599121094 -0.0276126861572266 0.0326652526855469 -0.0145130157470703
0.0279655456542969 -0.0222053527832031 0.0187225341796875 -0.00436210632324219
0.0320072174072266 -0.0276660919189453 0.00903415679931641 0.0117225646972656
0.0413284301757813 -0.0172462463378906 -0.00416946411132812 0.0212593078613281
0.0441741943359375 0.00580978393554687 -0.0276679992675781 0.0148544311523437
0.0374908447265625 0.0278511047363281 -0.0352592468261719 -0.00737380981445313
0.00833129882812501 0.0499305725097656 -0.0188407897949219 -0.0400772094726562
-0.0268745422363281 0.0568046569824219 0.000890731811523435 -0.0259590148925781
-0.05450439453125 0.0488510131835937 -0.0126953125 -0.00160121917724609
-0.0619544982910156 0.0292205810546875 -0.00268173217773438 0.0501747131347656
-0.0433769226074219 0.0501556396484375 -0.0182075500488281 0.0680885314941406
-0.0114784240722656 0.0532608032226563 0.0103340148925781 0.0659255981445312
0.0195884704589844 0.0488052368164062 0.0372543334960938 0.046966552734375
0.0394401550292969 0.0247039794921875 0.0414466857910156 0.0187759399414063
0.0489082336425781 -0.00549697875976563 0.036956787109375 -0.00294876098632813
0.04034423828125 -0.0229530334472656 0.0203285217285156 -0.00162696838378906
0.034454345703125 -0.0188541412353516 0.00841617584228516 0.00893306732177734
0.0378303527832031 -0.0228233337402344 0.000478744506835942 0.0229701995849609
0.0445442199707031 -0.0132980346679688 -0.0125522613525391 0.0290679931640625
0.0430908203125 0.00895309448242188 -0.0322380065917969 0.0222511291503906
0.0335254669189453 0.0293693542480469 -0.0372657775878906 -0.00113296508789063
0.00486373901367187 0.0470390319824219 -0.0215835571289063 -0.0278701782226562
-0.0274620056152344 0.0489082336425781 -0.00679302215576172 -0.00752496719360351
-0.0552177429199219 0.0389556884765625 -0.0302886962890625 0.0131168365478516
-0.0512428283691406 0.0125961303710937 -0.0269393920898438 0.0574913024902344
-0.0445518493652344 0.0319290161132813 -0.0387954711914063 0.0738372802734375
-0.0211715698242187 0.0426177978515625 -0.00197982788085938 0.0695877075195313
0.00756454467773437 0.0475006103515625 0.0238685607910156 0.0479660034179687
0.0294952392578125 0.0299968719482422 0.0260467529296875 0.0204887390136719
0.0456733703613281 0.00497817993164063 0.0215873718261719 0.005126953125
0.0419464111328125 -0.0132293701171875 0.0053243637084961 0.00976371765136719
0.0345230102539063 -0.0113925933837891 -0.00339317321777344 0.0208034515380859
0.0379791259765625 -0.0142364501953125 -0.00977325439453125 0.0321750640869141
0.0423583984375 -0.00454330444335938 -0.0212688446044922 0.0327816009521484
0.0354270935058594 0.0158920288085938 -0.0362358093261719 0.0214996337890625
0.0235137939453125 0.0324802398681641 -0.0358161926269531 -0.000743865966796875
-0.00768280029296875 0.0389900207519531 -0.0195751190185547 -0.0204601287841797
-0.0333290100097656 0.0303287506103516 -0.0132179260253906 0.00521087646484375
-0.0518341064453125 0.0163192749023437 -0.0455398559570313 0.0175132751464844
-0.0293331146240234 -0.00720787048339844 -0.0454139709472656 0.051055908203125
-0.0318546295166016 0.006103515625 -0.0543251037597656 0.0655708312988281
-0.0228424072265625 0.0193386077880859 -0.0158042907714844 0.0643692016601563
-0.0074005126953125 0.0307102203369141 0.00931167602539063 0.0429153442382813
0.0115509033203125 0.0265941619873047 0.0130138397216797 0.017852783203125
0.0310707092285156 0.0150032043457031 0.00544309616088867 0.0081787109375
0.0339927673339844 0.000959396362304687 -0.00935077667236328 0.0162725448608398
0.0296077728271484 -0.00242996215820313 -0.0155506134033203 0.0276756286621094
0.0335922241210938 -0.0034027099609375 -0.0216217041015625 0.0354270935058594
0.0352096557617187 0.00558090209960938 -0.0320663452148438 0.0333461761474609
0.0277099609375 0.0196208953857422 -0.0416793823242188 0.0208969116210937
0.0135974884033203 0.0319652557373047 -0.037322998046875 -0.0010833740234375
-0.0158481597900391 0.0313282012939453 -0.0210247039794922 -0.0148334503173828
-0.0349617004394531 0.015899658203125 -0.0191688537597656 0.0116119384765625
-0.04302978515625 -0.00209426879882813 -0.0576858520507813 0.0202140808105469
-0.00223731994628906 -0.0206184387207031 -0.0483169555664063 0.0460662841796875
-0.010401725769043 -0.0143661499023438 -0.05560302734375 0.0601081848144531
-0.0135955810546875 -0.00447463989257813 -0.0170974731445312 0.0600852966308594
-0.014617919921875 0.00828742980957031 0.00573348999023437 0.0368499755859375
-0.00483608245849609 0.0162220001220703 0.00684452056884765 0.0126485824584961
0.0115413665771484 0.0180149078369141 -0.00499200820922851 0.00752496719360352
0.0215339660644531 0.0100021362304688 -0.0196075439453125 0.0173511505126953
0.0192279815673828 0.00652503967285156 -0.0258369445800781 0.0297889709472656
0.0237483978271484 0.00548744201660156 -0.0315895080566406 0.0377845764160156
0.0244178771972656 0.0117931365966797 -0.0421104431152344 0.0319290161132813
0.0159683227539063 0.0212135314941406 -0.0471343994140625 0.016265869140625
0.00331306457519531 0.0288753509521484 -0.0399436950683594 -0.00417327880859375
-0.0225830078125 0.02008056640625 -0.0222263336181641 -0.0153369903564453
-0.0321979522705078 -0.00351333618164063 -0.0262451171875 0.00960159301757812
-0.029693603515625 -0.0218887329101563 -0.0664939880371094 0.01397705078125
0.00245285034179688 0.0341224670410156 0.0634231567382813 -0.0169906616210938
0.03277587890625 0.0157070159912109 0.0313873291015625 -0.000831604003906249
0.0226497650146484 -0.0135993957519531 0.0261974334716797 0.0161476135253906
0.00646591186523438 -0.0210533142089844 0.0483283996582031 0.0106697082519531
-0.00561141967773437 -0.0184879302978516 0.0550613403320313 -0.0144157409667969
-0.0188179016113281 -0.0154533386230469 0.045013427734375 -0.0382423400878906
-0.0164813995361328 -0.0106525421142578 0.0342483520507813 -0.0444793701171875
-0.0134601593017578 -0.0108985900878906 0.0256385803222656 -0.0352020263671875
-0.0132236480712891 -0.0192108154296875 0.0208835601806641 -0.0191478729248047
0.00325775146484375 -0.0220947265625 0.0116825103759766 -0.00648975372314453
0.0199832916259766 -0.0130596160888672 -0.00886249542236328 -0.00916862487792969
0.0239238739013672 0.00256919860839844 -0.0126228332519531 -0.0292129516601562
0.0147171020507813 0.0248298645019531 0.0137939453125 -0.0617942810058594
-0.00113677978515625 0.0368537902832031 0.0427818298339844 -0.0662879943847656
-0.0187187194824219 0.0364570617675781 0.0405120849609375 -0.0429458618164063
-0.0203895568847656 0.0461082458496094 0.0614700317382812 -0.001312255859375
0.0169029235839844 0.036895751953125 0.031585693359375 0.0128917694091797
0.0218868255615234 0.00733184814453125 0.0287876129150391 0.0258121490478516
0.0179595947265625 -0.00488662719726563 0.052276611328125 0.0186614990234375
0.0107564926147461 -0.012603759765625 0.0602302551269531 -0.00735855102539063
0.0010528564453125 -0.0204658508300781 0.0525245666503906 -0.0348968505859375
-0.000686645507812498 -0.0207786560058594 0.0397872924804688 -0.0397605895996094
0.00168037414550781 -0.0185089111328125 0.028961181640625 -0.0301437377929688
0.00421905517578125 -0.0260486602783203 0.0224132537841797 -0.0124568939208984
0.0210113525390625 -0.0222816467285156 0.0112991333007813 0.00104713439941406
0.0335979461669922 -0.00426101684570313 -0.0138702392578125 -0.0015869140625
0.0323715209960938 0.0169963836669922 -0.0197734832763672 -0.0220127105712891
0.009765625 0.0413856506347656 0.001678466796875 -0.0573844909667969
-0.0164337158203125 0.0517234802246094 0.0291786193847656 -0.0581703186035156
-0.0381278991699219 0.0482025146484375 0.0276527404785156 -0.0315113067626953
-0.0428352355957031 0.0507087707519531 0.0499763488769531 0.0185279846191406
-0.00522613525390625 0.0532684326171875 0.024322509765625 0.0325126647949219
0.0152759552001953 0.0301475524902344 0.0290641784667969 0.0384750366210938
0.0259666442871094 0.0163211822509766 0.0544929504394531 0.0294761657714844
0.0267848968505859 -0.00164604187011719 0.0613784790039063 0.00150299072265625
0.0224285125732422 -0.0217475891113281 0.0551109313964844 -0.0265960693359375
0.0168342590332031 -0.0275630950927734 0.0397911071777344 -0.0308303833007813
0.0164451599121094 -0.0235824584960938 0.0271110534667969 -0.0201263427734375
0.0202579498291016 -0.0291748046875 0.019012451171875 -0.00204849243164063
0.0342025756835938 -0.0219326019287109 0.00633049011230469 0.00952529907226562
0.0422897338867188 0.00133895874023437 -0.0190658569335938 0.00737762451171875
0.0384140014648438 0.0246658325195313 -0.0278854370117187 -0.0131511688232422
0.0102272033691406 0.0500526428222656 -0.0113258361816406 -0.0489273071289063
-0.0232772827148438 0.0602340698242187 0.013641357421875 -0.0442581176757812
-0.0495567321777344 0.0539436340332031 0.00905418395996094 -0.0166749954223633
-0.0593414306640625 0.0451698303222656 0.0290641784667969 0.0380477905273438
-0.0280876159667969 0.0599327087402344 0.00950241088867188 0.0532379150390625
0.0026397705078125 0.0486297607421875 0.0246238708496094 0.0529518127441406
0.0284843444824219 0.0372505187988281 0.050018310546875 0.0395088195800781
0.0388717651367188 0.0114631652832031 0.0554046630859375 0.0101814270019531
0.0410957336425781 -0.0164642333984375 0.0507621765136719 -0.0161323547363281
0.0319290161132813 -0.0294818878173828 0.0331535339355469 -0.0177345275878906
0.028289794921875 -0.0247898101806641 0.0205516815185547 -0.00757980346679688
0.0317153930664063 -0.0290679931640625 0.0129299163818359 0.00847434997558594
0.0423965454101563 -0.0197181701660156 -0.000194549560546871 0.0181846618652344
0.0465316772460937 0.0038299560546875 -0.0238170623779297 0.0162429809570313
0.0405845642089844 0.0271835327148438 -0.0326042175292969 -0.00363922119140625
0.0106544494628906 0.0522880554199219 -0.0201454162597656 -0.0373382568359375
-0.0257949829101563 0.0604591369628906 0.00230216979980468 -0.0254955291748047
-0.0542984008789063 0.0534324645996094 -0.00883769989013672 -0.000387191772460936
-0.0644721984863281 0.032684326171875 0.00288391113281249 0.052703857421875
-0.0442390441894531 0.0539321899414063 -0.0117645263671875 0.0684661865234375
-0.0113029479980469 0.0560188293457031 0.0144996643066406 0.0634422302246094
0.02197265625 0.0507164001464844 0.0392532348632812 0.0451774597167969
0.0411796569824219 0.0244674682617187 0.0430564880371094 0.0162506103515625
0.0512809753417969 -0.007843017578125 0.0382347106933594 -0.00603485107421875
0.0417213439941406 -0.0262107849121094 0.0220432281494141 -0.00323486328125
0.0356903076171875 -0.0215644836425781 0.0100383758544922 0.00690174102783203
0.0388984680175781 -0.0249366760253906 0.003662109375 0.0207920074462891
0.0462722778320313 -0.0152931213378906 -0.00765609741210937 0.0268001556396484
0.0455780029296875 0.00783920288085937 -0.0275211334228516 0.0230808258056641
0.0372543334960938 0.0299758911132813 -0.0346240997314453 0.00233268737792969
0.00641250610351563 0.0496444702148438 -0.021881103515625 -0.0253524780273437
-0.0285911560058594 0.0532875061035156 -0.0051717758178711 -0.00604486465454101
-0.0560760498046875 0.0438041687011719 -0.0270252227783203 0.0160388946533203
-0.055389404296875 0.0145835876464844 -0.0224037170410156 0.0600509643554688
-0.0468940734863281 0.0341949462890625 -0.0321426391601563 0.0759735107421875
-0.0220222473144531 0.0459632873535156 0.00241851806640625 0.0682945251464844
0.00944519042968751 0.0498809814453125 0.0262641906738281 0.0460968017578125
0.0324440002441406 0.0308303833007813 0.0272617340087891 0.0182018280029297
0.0491790771484375 0.00310134887695313 0.0222434997558594 0.00312423706054688
0.0439109802246094 -0.0162239074707031 0.0071868896484375 0.0086984634399414
0.0372352600097656 -0.0146331787109375 -0.00146675109863281 0.0196762084960938
0.0400657653808594 -0.0171127319335938 -0.00683784484863281 0.0309391021728516
0.0449905395507812 -0.00704193115234375 -0.0175876617431641 0.032470703125
0.0389747619628906 0.0151557922363281 -0.0331878662109375 0.0231590270996094
0.0273513793945313 0.0333328247070313 -0.0340137481689453 0.00173950195312501
-0.00607681274414063 0.042205810546875 -0.0187568664550781 -0.0179805755615234
-0.0356330871582031 0.0341377258300781 -0.0104913711547852 0.0068511962890625
-0.0547523498535156 0.0198745727539062 -0.0436477661132813 0.0202903747558594
-0.0333919525146484 -0.00853919982910156 -0.0426368713378906 0.0557441711425781
-0.0364608764648438 0.00663375854492188 -0.0503501892089844 0.0692176818847656
-0.0250129699707031 0.0216598510742188 -0.0112266540527344 0.0644340515136719
-0.00699234008789063 0.0342597961425781 0.0113372802734375 0.0413970947265625
0.0142421722412109 0.0289878845214844 0.0127754211425781 0.0161314010620117
0.0346755981445313 0.0142555236816406 0.00516366958618164 0.00779104232788086
0.0366859436035156 -0.00241851806640625 -0.00791645050048828 0.0167131423950195
0.0318832397460937 -0.00522994995117188 -0.0137481689453125 0.0281581878662109
0.0363426208496094 -0.00625228881835938 -0.0197296142578125 0.0364456176757813
0.0390396118164063 0.00290679931640625 -0.029296875 0.0337028503417969
0.0311870574951172 0.0191497802734375 -0.0387611389160156 0.0219573974609375
0.0171394348144531 0.0339889526367188 -0.0354881286621094 0.000762939453125006
-0.0149688720703125 0.034942626953125 -0.0196170806884766 -0.0131416320800781
-0.0377349853515625 0.0197944641113281 -0.018096923828125 0.0136775970458984
-0.0473098754882813 0.00151824951171875 -0.057403564453125 0.0238189697265625
-0.007171630859375 -0.02301025390625 -0.0474967956542969 0.0511932373046875
-0.0157089233398438 -0.0148801803588867 -0.052520751953125 0.0643272399902344
-0.0170345306396484 -0.00257587432861328 -0.0125694274902344 0.0595588684082031
-0.0155601501464844 0.0120611190795898 0.006805419921875 0.0352897644042969
-0.00258445739746094 0.0187568664550781 0.00588035583496094 0.0107307434082031
0.0160427093505859 0.0182647705078125 -0.00613927841186523 0.0076899528503418
0.0246829986572266 0.00814247131347656 -0.0198268890380859 0.0197010040283203
0.0228710174560547 0.00432395935058594 -0.0249958038330078 0.0321235656738281
0.0266742706298828 0.00322914123535156 -0.0303993225097656 0.0393447875976562
0.0279102325439453 0.00986289978027344 -0.0397415161132813 0.0325927734375
0.0203685760498047 0.0212421417236328 -0.0459518432617188 0.0179176330566406
0.00612258911132813 0.0309619903564453 -0.0387458801269531 -0.00262832641601562
-0.0219783782958984 0.0239372253417969 -0.0216217041015625 -0.0132827758789062
-0.0357780456542969 -0.000137329101562495 -0.0258693695068359 0.011932373046875
-0.0344066619873047 -0.0200519561767578 -0.0676345825195313 0.0176124572753906
0.00580787658691406 0.0339717864990234 0.0658493041992188 -0.0205764770507812
0.0340671539306641 0.0123386383056641 0.0321712493896484 -0.00410270690917969
0.0212688446044922 -0.0161819458007813 0.0256710052490234 0.0153656005859375
0.00500679016113281 -0.0216770172119141 0.0481529235839844 0.0103797912597656
-0.0075531005859375 -0.0183525085449219 0.0550346374511719 -0.0145797729492188
-0.0206527709960937 -0.0129547119140625 0.0459403991699219 -0.0395431518554688
-0.0179290771484375 -0.00871086120605469 0.0347938537597656 -0.0476417541503906
-0.013819694519043 -0.00854778289794922 0.026153564453125 -0.0370864868164062
-0.0155391693115234 -0.0177288055419922 0.02288818359375 -0.0220947265625
-0.000297546386718749 -0.0224895477294922 0.0138845443725586 -0.00857734680175781
0.0186004638671875 -0.0160312652587891 -0.00612497329711914 -0.00851249694824219
0.0243244171142578 -0.000501632690429688 -0.0108470916748047 -0.0278453826904297
0.0174732208251953 0.023468017578125 0.0120429992675781 -0.0612678527832031
0.00284576416015625 0.0387458801269531 0.0413742065429688 -0.0690727233886719
-0.014862060546875 0.0383415222167969 0.0425338745117188 -0.045745849609375
-0.0179519653320313 0.0471420288085938 0.0652122497558594 -0.00348281860351562
0.0186843872070313 0.0355758666992188 0.0333271026611328 0.0102138519287109
0.0224647521972656 0.005950927734375 0.0290946960449219 0.0245628356933594
0.0167255401611328 -0.00573253631591797 0.0529022216796875 0.018585205078125
0.0093994140625 -0.011693000793457 0.0617141723632813 -0.008575439453125
-0.00114822387695313 -0.01934814453125 0.0536727905273438 -0.0364723205566406
-0.00199317932128906 -0.019073486328125 0.0402297973632813 -0.0433006286621094
0.00111198425292969 -0.0178699493408203 0.0289649963378906 -0.0326423645019531
0.00336456298828125 -0.0253314971923828 0.0253772735595703 -0.0151824951171875
0.0192832946777344 -0.0232505798339844 0.0147132873535156 -0.00139808654785156
0.0328559875488281 -0.0067291259765625 -0.00987434387207031 -0.0011138916015625
0.0336894989013672 0.0145454406738281 -0.0176582336425781 -0.0196094512939453
0.012481689453125 0.0411720275878906 -3.81469726562531E-05 -0.0557403564453125
-0.0136299133300781 0.0557327270507813 0.0285415649414063 -0.0600090026855469
-0.0351676940917969 0.0512733459472656 0.0304412841796875 -0.0339622497558594
-0.0420036315917969 0.0523490905761719 0.0546112060546875 0.0172080993652344
-0.00387954711914062 0.0534095764160156 0.0279769897460938 0.0295257568359375
0.0145320892333984 0.0294265747070313 0.0288581848144531 0.0371589660644531
0.0256996154785156 0.0158729553222656 0.054595947265625 0.028045654296875
0.0263767242431641 -0.00188827514648438 0.0626869201660156 5.34057617187499E-05
0.0214977264404297 -0.02154541015625 0.0560302734375 -0.0295295715332031
0.0157089233398437 -0.0282497406005859 0.0411224365234375 -0.0338973999023438
0.0168209075927734 -0.0232124328613281 0.0285434722900391 -0.0231151580810547
0.0196075439453125 -0.0303573608398438 0.0204715728759766 -0.00622177124023438
0.0338573455810547 -0.0235843658447266 0.00966262817382813 0.00656604766845703
0.043182373046875 -0.00100326538085938 -0.0150508880615234 0.00742340087890625
0.0401992797851563 0.0239448547363281 -0.0256690979003906 -0.0109100341796875
0.0123100280761719 0.0509147644042969 -0.0114059448242187 -0.0467529296875
-0.0213813781738281 0.06451416015625 0.0130500793457031 -0.0447044372558594
-0.0479927062988281 0.0585250854492187 0.0123291015625 -0.0186023712158203
-0.0603561401367188 0.0465850830078125 0.0336418151855469 0.0382041931152344
-0.027435302734375 0.0614738464355469 0.0132980346679688 0.0503273010253906
0.00259017944335937 0.0501251220703125 0.0262680053710938 0.050506591796875
0.0287322998046875 0.0380821228027344 0.0506477355957031 0.0381622314453125
0.0409126281738281 0.0127830505371094 0.0567626953125 0.00896072387695313
0.0414657592773438 -0.0174713134765625 0.0515594482421875 -0.0179634094238281
0.0322036743164063 -0.0311546325683594 0.0348873138427734 -0.0201778411865234
0.0294017791748047 -0.0255851745605469 0.0221805572509766 -0.00961685180664063
0.0326786041259766 -0.0303459167480469 0.0140228271484375 0.00632762908935547
0.0427093505859375 -0.0224571228027344 0.00328731536865235 0.0166912078857422
0.0478057861328125 0.00298309326171875 -0.0194778442382812 0.0162162780761719
0.0433387756347656 0.0275917053222656 -0.029693603515625 -0.00310897827148437
0.0122795104980469 0.0547904968261719 -0.0195960998535156 -0.0353279113769531
-0.0260162353515625 0.0654983520507813 0.00244522094726563 -0.0256004333496094
-0.0543670654296875 0.0580062866210937 -0.00517416000366211 -0.000274181365966793
-0.0676956176757813 0.0357093811035156 0.00773239135742187 0.0539054870605469
-0.0456008911132812 0.0568923950195313 -0.007568359375 0.0682373046875
-0.0118141174316406 0.0578346252441406 0.0156173706054688 0.0618820190429688
0.0239524841308594 0.0528984069824219 0.0408287048339844 0.0443191528320313
0.0434608459472656 0.0256576538085938 0.0441017150878906 0.0144157409667969
0.0530815124511719 -0.010009765625 0.0393638610839844 -0.00812530517578125
0.0427322387695313 -0.0283203125 0.0222816467285156 -0.00460052490234375
0.0371360778808594 -0.0235595703125 0.0115070343017578 0.00508689880371094
0.0409049987792969 -0.027130126953125 0.00533676147460938 0.0175933837890625
0.0481948852539063 -0.0175285339355469 -0.0056304931640625 0.0256481170654297
0.0489768981933594 0.00724029541015625 -0.0245304107666016 0.0229721069335937
0.0405349731445313 0.030181884765625 -0.0331363677978516 0.00339126586914063
0.00766754150390625 0.0510101318359375 -0.0211734771728516 -0.0247325897216797
-0.0302162170410156 0.0590896606445313 -0.00359678268432617 -0.00579452514648437
-0.0581626892089844 0.0482673645019531 -0.0243473052978516 0.0159587860107422
-0.0597305297851563 0.0159988403320312 -0.0193519592285156 0.0623359680175781
-0.0517349243164063 0.0382423400878906 -0.0288772583007813 0.0780792236328125
-0.0234260559082031 0.0481224060058594 0.00494003295898437 0.0666465759277344
0.0109977722167969 0.0534934997558594 0.0267410278320313 0.0456466674804688
0.0357475280761719 0.0321083068847656 0.0278739929199219 0.0168476104736328
0.05133056640625 0.00222015380859375 0.0217933654785156 0.00202751159667969
0.04449462890625 -0.0201606750488281 0.00708389282226563 0.00881862640380859
0.0388298034667969 -0.0178604125976562 -5.34057617187476E-05 0.0191726684570313
0.0431671142578125 -0.0209236145019531 -0.00622367858886719 0.0303363800048828
0.0483932495117188 -0.00831985473632813 -0.0157032012939453 0.0313262939453125
0.0433082580566406 0.0152320861816406 -0.0301990509033203 0.0230884552001953
0.0295486450195313 0.0359420776367188 -0.0321636199951172 0.00175666809082031
-0.00540924072265625 0.046051025390625 -0.0171375274658203 -0.0178375244140625
-0.0374755859375 0.0390739440917969 -0.00926494598388672 0.00788116455078125
-0.0575485229492188 0.0231475830078125 -0.041900634765625 0.0227470397949219
-0.0386619567871094 -0.0079498291015625 -0.0418205261230469 0.0591659545898437
-0.0407752990722656 0.00979614257812499 -0.047210693359375 0.0719833374023438
-0.0269050598144531 0.0243034362792969 -0.00967025756835937 0.0632858276367188
-0.00644302368164063 0.0378303527832031 0.0114212036132813 0.0413017272949219
0.0175609588623047 0.0305862426757813 0.0118722915649414 0.0162172317504883
0.0382232666015625 0.0126152038574219 0.00458240509033203 0.00738906860351563
0.0395736694335938 -0.00537872314453125 -0.00867652893066406 0.0172529220581055
0.0346660614013672 -0.00694084167480469 -0.0131855010986328 0.0286083221435547
0.0388221740722656 -0.00857162475585938 -0.018341064453125 0.0367965698242188
0.0418624877929687 0.000484466552734375 -0.0279254913330078 0.0327053070068359
0.0344581604003906 0.0188426971435547 -0.037841796875 0.0215263366699219
0.0204391479492187 0.0356101989746094 -0.0336170196533203 0.000373840332031257
-0.0142707824707031 0.0386390686035156 -0.0185260772705078 -0.0126571655273438
-0.040252685546875 0.0247459411621094 -0.0165977478027344 0.0157918930053711
-0.0512008666992188 0.00445556640625001 -0.056793212890625 0.0258712768554688
-0.0108146667480469 -0.024627685546875 -0.0485877990722656 0.054962158203125
-0.0204505920410156 -0.0149269104003906 -0.0516548156738281 0.0668258666992188
-0.0201759338378906 -0.00115585327148437 -0.01092529296875 0.0588760375976563
-0.0162382125854492 0.016148567199707 0.00620651245117188 0.0343914031982422
-0.00107955932617187 0.0217571258544922 0.00396060943603516 0.0101509094238281
0.0192222595214844 0.0180492401123047 -0.00737905502319336 0.00783252716064453
0.028289794921875 0.00550460815429688 -0.0199871063232422 0.0213375091552734
0.0240135192871094 0.00215339660644531 -0.0238380432128906 0.033599853515625
0.0292549133300781 0.0004730224609375 -0.0294265747070312 0.0403633117675781
0.0314311981201172 0.00778579711914063 -0.0401344299316406 0.0339164733886719
0.023681640625 0.0211925506591797 -0.0453567504882813 0.0188941955566406
0.00895309448242188 0.0327320098876953 -0.0380210876464844 -0.002593994140625
-0.0214214324951172 0.0273246765136719 -0.0209178924560547 -0.0111560821533203
-0.0379753112792969 0.00300216674804687 -0.0258827209472656 0.0152683258056641
-0.0385093688964844 -0.0176429748535156 -0.0693359375 0.0200347900390625
0.00854301452636719 0.0332164764404297 0.0686874389648437 -0.0229034423828125
0.0359039306640625 0.0105361938476563 0.0324745178222656 -0.00686073303222656
0.0209846496582031 -0.0182170867919922 0.0251235961914062 0.0145759582519531
0.00276565551757812 -0.0223789215087891 0.049591064453125 0.0108985900878906
-0.0104923248291016 -0.0179195404052734 0.0573348999023438 -0.015045166015625
-0.0230998992919922 -0.0114269256591797 0.0465507507324219 -0.0417060852050781
-0.0197048187255859 -0.00655555725097656 0.0343589782714844 -0.049957275390625
-0.015594482421875 -0.00694561004638672 0.0263175964355469 -0.0405311584472656
-0.0176982879638672 -0.0150203704833984 0.0239620208740234 -0.0251483917236328
-0.00214576721191406 -0.0230617523193359 0.0172138214111328 -0.0106849670410156
0.01776123046875 -0.0174655914306641 -0.00366687774658203 -0.00884628295898438
0.0239963531494141 -0.00275230407714844 -0.00948905944824218 -0.0269737243652344
0.0208606719970703 0.0233345031738281 0.0110511779785156 -0.0606575012207031
0.00804519653320313 0.0403480529785156 0.0409164428710938 -0.071929931640625
-0.0101432800292969 0.0414543151855469 0.0459785461425781 -0.0496025085449219
-0.0167884826660156 0.0485572814941406 0.0692939758300781 -0.00702667236328125
0.0202655792236328 0.0344429016113281 0.0344200134277344 0.00708770751953125
0.0209522247314453 0.00538444519042969 0.0288581848144531 0.0236759185791016
0.0158729553222656 -0.00640010833740234 0.05426025390625 0.0190963745117188
0.00900363922119141 -0.0128135681152344 0.0627861022949219 -0.00952529907226563
-0.00209426879882813 -0.0180416107177734 0.0545883178710937 -0.0385665893554687
-0.00270271301269531 -0.0192947387695312 0.0417747497558594 -0.0477333068847656
0.000965118408203125 -0.0178203582763672 0.0296134948730469 -0.0370941162109375
0.00131988525390625 -0.0239181518554688 0.0264377593994141 -0.0183792114257813
0.0179500579833984 -0.0239906311035156 0.016779899597168 -0.00419902801513672
0.033935546875 -0.00876235961914062 -0.00672721862792969 -0.00113248825073242
0.0351905822753906 0.01263427734375 -0.0159683227539062 -0.0185317993164063
0.0152854919433594 0.04156494140625 0.000156402587890628 -0.0548439025878906
-0.0108108520507813 0.0581130981445313 0.0287857055664063 -0.0622329711914063
-0.0336227416992188 0.0546836853027344 0.0342140197753906 -0.0368194580078125
-0.0434989929199219 0.0552825927734375 0.0602226257324219 0.0151557922363281
-0.00383758544921876 0.0555572509765625 0.0294971466064453 0.0274848937988281
0.0147953033447266 0.0318031311035156 0.0297622680664063 0.0359268188476563
0.0267257690429688 0.0164852142333984 0.0556678771972656 0.0283470153808594
0.0281867980957031 -0.00165176391601563 0.0645217895507813 -0.0016021728515625
0.0215072631835938 -0.0216827392578125 0.0579490661621094 -0.0321998596191406
0.0164775848388672 -0.0289745330810547 0.0423965454101563 -0.0380172729492188
0.0171089172363281 -0.0243492126464844 0.0289878845214844 -0.0267887115478516
0.0204601287841797 -0.0308589935302734 0.0230331420898438 -0.00955963134765625
0.0335273742675781 -0.0250339508056641 0.0134363174438477 0.00442218780517578
0.0443611145019531 -0.0020294189453125 -0.0117502212524414 0.00683021545410156
0.0436859130859375 0.023193359375 -0.0222015380859375 -0.0102615356445313
0.0152359008789062 0.0534515380859375 -0.011962890625 -0.0465621948242188
-0.0201988220214844 0.0682868957519531 0.0149993896484375 -0.0470466613769531
-0.0473747253417969 0.0640716552734375 0.0166091918945312 -0.02032470703125
-0.063446044921875 0.0521202087402344 0.0390167236328125 0.0374641418457031
-0.0284080505371094 0.0652923583984375 0.0155601501464844 0.049835205078125
0.00255584716796875 0.0533294677734375 0.0266990661621094 0.0516281127929688
0.0311126708984375 0.0400009155273437 0.0523529052734375 0.0388069152832031
0.0426750183105469 0.0124588012695313 0.0585861206054688 0.0072479248046875
0.0430450439453125 -0.0183372497558594 0.0534896850585938 -0.0220451354980469
0.0333976745605469 -0.0332965850830078 0.0364418029785156 -0.0238990783691406
0.0310382843017578 -0.0275783538818359 0.0229282379150391 -0.0134353637695313
0.0342636108398438 -0.0321235656738281 0.0161113739013672 0.00331497192382812
0.04620361328125 -0.0236740112304688 0.00600337982177735 0.0137414932250977
0.0512123107910156 0.00178146362304688 -0.0173854827880859 0.0159568786621094
0.0474777221679688 0.02789306640625 -0.0274448394775391 -0.00179290771484375
0.0135726928710937 0.0569839477539063 -0.0201454162597656 -0.0353851318359375
-0.0256881713867188 0.07086181640625 0.00519371032714844 -0.0269069671630859
-0.056060791015625 0.0631752014160156 -0.00258731842041016 -0.00189566612243652
-0.071929931640625 0.039794921875 0.0105056762695312 0.0548210144042969
-0.0490264892578125 0.0613136291503906 -0.00574111938476563 0.06890869140625
-0.0136871337890625 0.0617561340332031 0.0170860290527344 0.0616302490234375
0.0262069702148438 0.0566520690917969 0.0410575866699219 0.0448036193847656
0.0468101501464844 0.0260734558105469 0.0455474853515625 0.0141563415527344
0.0544967651367188 -0.0115127563476563 0.0401763916015625 -0.00957870483398438
0.0446128845214844 -0.0312461853027344 0.0243015289306641 -0.00678253173828125
0.0400886535644531 -0.0264930725097656 0.0118732452392578 0.00365257263183594
0.0437240600585937 -0.0307884216308594 0.00601863861083984 0.0171899795532227
0.0511665344238281 -0.0204658508300781 -0.00353431701660156 0.0235481262207031
0.0517234802246094 0.00747299194335938 -0.0228309631347656 0.0214080810546875
0.0438766479492188 0.0322685241699219 -0.0294952392578125 0.00414085388183594
0.00766372680664063 0.0560646057128906 -0.0200958251953125 -0.0241489410400391
-0.0307044982910156 0.0637054443359375 -0.00190258026123047 -0.00653457641601562
-0.0606040954589844 0.0534210205078125 -0.0221176147460938 0.0158576965332031
-0.0650177001953125 0.0185737609863281 -0.0164794921875 0.0669288635253906
-0.0546302795410156 0.0423583984375 -0.0259552001953125 0.0791168212890625
-0.02410888671875 0.0540771484375 0.00538253784179688 0.0674858093261719
0.0132904052734375 0.0578117370605469 0.0264739990234375 0.0462608337402344
0.0398101806640625 0.0338172912597656 0.0287895202636719 0.0169696807861328
0.0561256408691406 1.52587890625E-05 0.0223426818847656 0.00140571594238281
0.0485725402832031 -0.0227775573730469 0.00916862487792969 0.00770473480224609
0.0416374206542969 -0.0206985473632813 0.000118255615234376 0.0179557800292969
0.045623779296875 -0.0238876342773438 -0.00425148010253906 0.0291957855224609
0.0510063171386719 -0.0120964050292969 -0.0140419006347656 0.0298900604248047
0.0471878051757813 0.0153427124023437 -0.0306758880615234 0.0223674774169922
0.034271240234375 0.0362892150878906 -0.0307254791259766 0.00181961059570313
-0.00470352172851562 0.0498390197753906 -0.0163002014160156 -0.0167951583862305
-0.0412101745605469 0.0441703796386719 -0.00844049453735352 0.00772619247436524
-0.0619926452636719 0.0273590087890625 -0.0408592224121094 0.0236892700195313
-0.04302978515625 -0.00631332397460936 -0.0426902770996094 0.0635490417480469
-0.0453872680664063 0.0117759704589844 -0.0473175048828125 0.0743331909179687
-0.0291709899902344 0.0271511077880859 -0.00770950317382813 0.0639076232910156
-0.00619125366210938 0.0425758361816406 0.0107154846191406 0.0416679382324219
0.0202522277832031 0.0340232849121094 0.0113353729248047 0.0171108245849609
0.0422210693359375 0.01171875 0.00411653518676758 0.00792646408081055
0.0427055358886719 -0.00796127319335938 -0.00815200805664062 0.0188388824462891
0.0367469787597656 -0.0098876953125 -0.0122451782226562 0.0303955078125
0.0426368713378906 -0.0111656188964844 -0.0178985595703125 0.0373916625976562
0.0455970764160156 -0.00124359130859375 -0.0284175872802734 0.0334529876708984
0.0384902954101563 0.0194969177246094 -0.0383224487304688 0.0218963623046875
0.0242156982421875 0.0364799499511719 -0.0341701507568359 0.000856399536132813
-0.014556884765625 0.0418014526367188 -0.0179557800292969 -0.0130500793457031
-0.0431289672851563 0.0289230346679688 -0.0154628753662109 0.016453742980957
-0.056060791015625 0.00838851928710938 -0.0573806762695312 0.0281753540039063
-0.0156078338623047 -0.0253124237060547 -0.0503921508789063 0.05859375
-0.0245990753173828 -0.0141086578369141 -0.0511474609375 0.0707473754882813
-0.0227699279785156 0.000526428222656248 -0.0101661682128906 0.0591163635253906
-0.0167484283447266 0.0196571350097656 0.00515174865722656 0.0339946746826172
0.0017242431640625 0.0242786407470703 0.00254917144775391 0.0107831954956055
0.0232563018798828 0.0184822082519531 -0.0100212097167969 0.0104789733886719
0.0301647186279297 0.00240898132324219 -0.0212497711181641 0.0245914459228516
0.0269107818603516 0.000288009643554687 -0.0250396728515625 0.03662109375
0.0318088531494141 -0.001068115234375 -0.0307693481445312 0.0420379638671875
0.0340900421142578 0.00537872314453125 -0.039703369140625 0.0342864990234375
0.0264568328857422 0.0202350616455078 -0.0464210510253906 0.0189285278320312
0.0119400024414063 0.0339756011962891 -0.0382423400878906 -0.00241851806640625
-0.0219268798828125 0.0303859710693359 -0.0202503204345703 -0.0132312774658203
-0.0417060852050781 0.00692367553710938 -0.0247097015380859 0.0176239013671875
-0.0424041748046875 -0.0159721374511719 -0.0707473754882813 0.0227203369140625
0.0115509033203125 0.0331459045410156 0.0721969604492188 -0.0285110473632812
0.0377655029296875 0.00684738159179688 0.0328483581542969 -0.0099945068359375
0.0199909210205078 -0.0205497741699219 0.025360107421875 0.0147609710693359
0.00060844421386719 -0.0244598388671875 0.0517921447753906 0.0101432800292969
-0.0127010345458984 -0.0180950164794922 0.0597686767578125 -0.0169792175292969
-0.0253219604492188 -0.00835800170898438 0.0496368408203125 -0.0445518493652344
-0.0207080841064453 -0.00433731079101562 0.036224365234375 -0.0551185607910156
-0.017085075378418 -0.00601959228515625 0.0267143249511719 -0.0451011657714844
-0.0201511383056641 -0.0128498077392578 0.0249195098876953 -0.0296478271484375
-0.00549507141113281 -0.0229358673095703 0.0189666748046875 -0.0138721466064453
0.01531982421875 -0.0210647583007813 -0.00154972076416015 -0.00980472564697266
0.0252799987792969 -0.00538063049316406 -0.00845527648925781 -0.0268936157226563
0.0241050720214844 0.0221595764160156 0.0109939575195312 -0.06231689453125
0.0123062133789062 0.0415573120117187 0.0411453247070312 -0.0767974853515625
-0.00789642333984375 0.0434112548828125 0.0482940673828125 -0.0564765930175781
-0.015350341796875 0.0502738952636719 0.0740203857421875 -0.010833740234375
0.0217571258544922 0.0347461700439453 0.0358390808105469 0.00417709350585938
0.0207023620605469 0.00467109680175781 0.0290317535400391 0.0236053466796875
0.0157938003540039 -0.00611972808837891 0.0575027465820313 0.0181236267089844
0.00812721252441406 -0.0123882293701172 0.0666923522949219 -0.0108718872070312
-0.00278091430664063 -0.0173044204711914 0.0579490661621094 -0.0430908203125
-0.00305366516113281 -0.0190620422363281 0.042633056640625 -0.05291748046875
0.000499725341796876 -0.0176048278808594 0.0304641723632813 -0.0416526794433594
5.53131103515638E-05 -0.0251102447509766 0.0273551940917969 -0.0242805480957031
0.0168170928955078 -0.0257186889648438 0.0200614929199219 -0.00719261169433594
0.0340290069580078 -0.0114612579345703 -0.00374841690063476 -0.00217866897583008
0.0372695922851563 0.0121383666992188 -0.0131320953369141 -0.0181865692138672
0.0188484191894531 0.0431556701660156 -0.00118255615234375 -0.0561943054199219
-0.00661468505859374 0.0615806579589844 0.0286712646484375 -0.06634521484375
-0.0315475463867188 0.0600738525390625 0.0369720458984375 -0.0414390563964844
-0.043609619140625 0.0587654113769531 0.0651702880859375 0.011810302734375
-0.00284957885742188 0.0583953857421875 0.0315570831298828 0.0245800018310547
0.0157356262207031 0.0330810546875 0.0307693481445313 0.0367507934570313
0.0285491943359375 0.0172653198242188 0.0597305297851563 0.0291061401367188
0.0291538238525391 -0.00126838684082031 0.0679092407226563 -0.00345993041992187
0.0221023559570312 -0.0220985412597656 0.0602455139160156 -0.0363845825195313
0.0162429809570313 -0.0307369232177734 0.0441436767578125 -0.0430870056152344
0.0175418853759766 -0.0267410278320313 0.0298194885253906 -0.0320892333984375
0.0197467803955078 -0.0330467224121094 0.0244541168212891 -0.0136623382568359
0.0346355438232422 -0.0272655487060547 0.0160112380981445 0.000709533691406248
0.0472602844238281 -0.00441360473632813 -0.00911521911621093 0.00624656677246094
0.0461807250976563 0.022369384765625 -0.0207958221435547 -0.00960159301757812
0.0183792114257813 0.0561676025390625 -0.0122108459472656 -0.0472450256347656
-0.0172653198242188 0.0741500854492188 0.0150489807128906 -0.0507316589355469
-0.0470008850097656 0.0694198608398438 0.0192642211914062 -0.0233955383300781
-0.0667076110839844 0.05755615234375 0.0447349548339844 0.036895751953125
-0.0294113159179688 0.0709457397460937 0.0179901123046875 0.0492439270019531
0.00284194946289063 0.0573921203613281 0.0276603698730469 0.0508651733398438
0.0349807739257813 0.0419578552246094 0.0557365417480469 0.0394248962402344
0.0454902648925781 0.0130958557128906 0.06170654296875 0.00682449340820313
0.0445594787597656 -0.0207366943359375 0.0550994873046875 -0.0254974365234375
0.0343742370605469 -0.0368881225585938 0.0370559692382813 -0.0282096862792969
0.0321636199951172 -0.0303516387939453 0.0236759185791016 -0.0166473388671875
0.0354576110839844 -0.0366859436035156 0.0175256729125977 0.000179290771484373
0.0476951599121094 -0.027587890625 0.00842761993408203 0.0114097595214844
0.0549812316894531 0.00019073486328125 -0.0148506164550781 0.0148105621337891
0.0513420104980469 0.0286064147949219 -0.0255661010742187 -0.0018310546875
0.0172119140625 0.0615425109863281 -0.0192718505859375 -0.0352668762207031
-0.0233840942382812 0.077392578125 0.00555610656738281 -0.0297145843505859
-0.0572891235351563 0.0709609985351562 -0.000138044357299808 -0.00312161445617675
-0.0770797729492188 0.0449981689453125 0.0157241821289063 0.0577201843261719
-0.0508232116699219 0.0689582824707031 -0.00173187255859375 0.0700798034667969
-0.0128021240234375 0.0684890747070313 0.0189704895019531 0.0626411437988281
0.0301895141601562 0.0602836608886719 0.0437965393066406 0.0464096069335938
0.0520057678222656 0.0274009704589844 0.0476875305175781 0.0134811401367188
0.0593032836914062 -0.0145072937011719 0.0415191650390625 -0.0122871398925781
0.0457496643066406 -0.0359535217285156 0.0255603790283203 -0.009735107421875
0.0421791076660156 -0.0304336547851563 0.0136127471923828 0.0017557144165039
0.0452499389648438 -0.034759521484375 0.00794601440429688 0.0147495269775391
0.054534912109375 -0.0242042541503906 -0.00152015686035156 0.0216178894042969
0.0576820373535156 0.00615310668945313 -0.0215129852294922 0.021514892578125
0.0489311218261719 0.0332679748535156 -0.0288524627685547 0.00412559509277344
0.0115814208984375 0.0606040954589844 -0.0209712982177734 -0.0252151489257813
-0.0306472778320312 0.0707321166992188 -0.000891208648681643 -0.00743675231933593
-0.06268310546875 0.0609283447265625 -0.0198211669921875 0.0171623229980469
-0.0704727172851563 0.0229949951171875 -0.0136795043945313 0.0713119506835938
-0.0584602355957031 0.0485610961914062 -0.02410888671875 0.0818023681640625
-0.0261344909667969 0.0599136352539063 0.00700759887695313 0.068389892578125
0.0151634216308594 0.0624923706054688 0.0284767150878906 0.0472145080566406
0.0440826416015625 0.0353279113769531 0.0289077758789063 0.0170345306396484
0.0603675842285156 -0.00358963012695313 0.0226554870605469 0.000219345092773437
0.050445556640625 -0.0275802612304688 0.00943851470947266 0.00763607025146484
0.0437660217285156 -0.0242271423339844 0.00206565856933594 0.0181617736816406
0.0480384826660156 -0.0290069580078125 -0.00438308715820312 0.0285701751708984
0.0549583435058594 -0.0161895751953125 -0.0144195556640625 0.0291919708251953
0.0522994995117188 0.01416015625 -0.0302906036376953 0.0217761993408203
0.039154052734375 0.038360595703125 -0.0305194854736328 0.00279426574707031
-0.00339889526367187 0.0552864074707031 -0.0166797637939453 -0.0185642242431641
-0.0430221557617188 0.0516090393066406 -0.0061635971069336 0.00808763504028321
-0.0660133361816406 0.034393310546875 -0.0406951904296875 0.0255661010742187
-0.0496940612792969 -0.00511932373046875 -0.0409507751464844 0.0698966979980469
-0.0506706237792969 0.0164146423339844 -0.0457382202148437 0.0790176391601563
-0.032379150390625 0.0327892303466797 -0.00738143920898438 0.0644073486328125
-0.00366592407226562 0.0476455688476563 0.0112228393554687 0.0427780151367188
0.0245018005371094 0.0358619689941406 0.0103273391723633 0.0169277191162109
0.0476913452148438 0.0103073120117187 0.0038905143737793 0.00824069976806641
0.04498291015625 -0.0122184753417969 -0.00808715820312499 0.0201416015625
0.0404319763183594 -0.0142555236816406 -0.0121898651123047 0.0315914154052734
0.0454444885253906 -0.01544189453125 -0.0178413391113281 0.0378646850585937
0.0494651794433594 -0.00513458251953125 -0.0290889739990234 0.0344810485839844
0.0436744689941406 0.0189285278320313 -0.0388107299804688 0.0226020812988281
0.0282325744628906 0.0394477844238281 -0.034210205078125 0.00104713439941406
-0.0128822326660156 0.0472068786621094 -0.0181083679199219 -0.0135402679443359
-0.0459632873535156 0.035858154296875 -0.0141773223876953 0.0177116394042969
-0.0601272583007813 0.0128135681152344 -0.0586471557617188 0.0316352844238281
-0.0205020904541016 -0.0256175994873047 -0.0516891479492187 0.064666748046875
-0.0295162200927734 -0.0125770568847656 -0.050384521484375 0.075225830078125
-0.0273017883300781 0.00349807739257813 -0.00918960571289063 0.0601615905761719
-0.0171661376953125 0.0237636566162109 0.00439453125 0.0346202850341797
0.00408554077148438 0.0265960693359375 0.0007781982421875 0.0121736526489258
0.0276241302490234 0.0165824890136719 -0.0106477737426758 0.0115671157836914
0.0324954986572266 0.000253677368164063 -0.0213565826416016 0.0278091430664063
0.0292720794677734 -0.0020751953125 -0.0240745544433594 0.039825439453125
0.0341854095458984 -0.00452995300292969 -0.0300827026367187 0.0456962585449219
0.0378074645996094 0.0035552978515625 -0.0417556762695312 0.0364532470703125
0.0305633544921875 0.0213680267333984 -0.0481834411621094 0.0197639465332031
0.0158805847167969 0.035400390625 -0.0393600463867188 -0.0027618408203125
-0.0214271545410156 0.0348968505859375 -0.0203399658203125 -0.0133609771728516
-0.0447883605957031 0.01171875 -0.0235576629638672 0.0192527770996094
-0.0469398498535156 -0.0125656127929687 -0.0746994018554688 0.0266571044921875
0.0147132873535156 0.0323505401611328 0.0745391845703125 -0.03619384765625
0.0395889282226563 0.00185775756835937 0.0326175689697266 -0.0143489837646484
0.0179557800292969 -0.0237236022949219 0.0271453857421875 0.0136775970458984
-0.00282859802246094 -0.0258235931396484 0.0532798767089844 0.00899124145507812
-0.0149383544921875 -0.0175313949584961 0.0635490417480469 -0.0217437744140625
-0.0274410247802734 -0.00507354736328124 0.0506019592285156 -0.0503120422363281
-0.0216484069824219 -0.00234603881835937 0.0342369079589844 -0.060546875
-0.0180168151855469 -0.00377082824707032 0.0247383117675781 -0.0509185791015625
-0.0216484069824219 -0.0124588012695313 0.0230484008789063 -0.0342273712158203
-0.00868797302246094 -0.0229396820068359 0.0197219848632813 -0.0173301696777344
0.0136260986328125 -0.022918701171875 0.000375747680664064 -0.0106744766235352
0.0249919891357422 -0.00811004638671875 -0.008148193359375 -0.0277805328369141
0.0281200408935547 0.019805908203125 0.00867843627929688 -0.0647468566894531
0.0168533325195313 0.041717529296875 0.0385589599609375 -0.0834197998046875
-0.00227737426757813 0.0452766418457031 0.0495567321777344 -0.0655326843261719
-0.0136947631835937 0.0528793334960938 0.0777587890625 -0.0171432495117187
0.0235958099365234 0.0339546203613281 0.036773681640625 -0.000766754150390623
0.0201854705810547 0.00386238098144531 0.0300559997558594 0.0243721008300781
0.0166835784912109 -0.00700569152832031 0.0610504150390625 0.0158958435058594
0.00591278076171875 -0.0135469436645508 0.0689773559570313 -0.0147819519042969
-0.0037078857421875 -0.0167932510375977 0.0584793090820312 -0.0495262145996094
-0.00423622131347656 -0.0190258026123047 0.0404510498046875 -0.0599708557128906
0.000567436218261719 -0.0174808502197266 0.030029296875 -0.0474433898925781
-0.00175666809082031 -0.0247001647949219 0.0265140533447266 -0.0287380218505859
0.0142440795898438 -0.0287837982177734 0.0214977264404297 -0.0118999481201172
0.0351715087890625 -0.0143814086914063 -0.000921726226806639 -0.00279045104980469
0.0398178100585938 0.00942230224609375 -0.0126924514770508 -0.0174217224121094
0.0235481262207031 0.0435791015625 -0.00290679931640625 -0.0578575134277344
-0.00205612182617188 0.0647430419921875 0.0263595581054688 -0.0718917846679687
-0.0272178649902344 0.0649948120117188 0.038360595703125 -0.048614501953125
-0.04327392578125 0.06561279296875 0.0719223022460938 0.00701141357421876
0.00111007690429688 0.0614662170410156 0.0343475341796875 0.0214633941650391
0.0156879425048828 0.0351085662841797 0.0331993103027344 0.0364875793457031
0.031890869140625 0.0183753967285156 0.0641441345214844 0.0267333984375
0.0311698913574219 -0.00313949584960938 0.0707473754882813 -0.00603485107421875
0.0224571228027344 -0.0225601196289062 0.0612869262695313 -0.0416259765625
0.01593017578125 -0.0325260162353516 0.04315185546875 -0.0500335693359375
0.017822265625 -0.0298671722412109 0.0284538269042969 -0.035736083984375
0.0180625915527344 -0.0360641479492188 0.0243587493896484 -0.0182762145996094
0.0343246459960938 -0.0319156646728516 0.0172910690307617 -0.00486183166503906
0.0497817993164063 -0.00777435302734375 -0.00672483444213867 0.00382566452026367
0.0505867004394531 0.021728515625 -0.0186271667480469 -0.01025390625
0.0222244262695313 0.0591354370117188 -0.0139541625976563 -0.0477752685546875
-0.0114822387695313 0.0806121826171875 0.0138053894042969 -0.0542449951171875
-0.042999267578125 0.0761184692382813 0.0221900939941406 -0.0281753540039062
-0.0666961669921875 0.06610107421875 0.0488967895507812 0.0336837768554688
-0.0267868041992188 0.07928466796875 0.0220108032226562 0.0468482971191406
0.00526046752929688 0.0606727600097656 0.0299301147460938 0.049041748046875
0.0397109985351563 0.0445938110351563 0.0612831115722656 0.0394172668457031
0.0484123229980469 0.0124168395996094 0.0635147094726563 0.00410079956054688
0.0468063354492188 -0.0250473022460938 0.05615234375 -0.0305442810058594
0.0342063903808594 -0.0420875549316406 0.0373497009277344 -0.0340576171875
0.0319557189941406 -0.0366668701171875 0.0241298675537109 -0.0210914611816406
0.0354270935058594 -0.0414581298828125 0.0177745819091797 -0.00451087951660157
0.0482940673828125 -0.0327682495117188 0.00998783111572266 0.00751304626464844
0.0588455200195313 -0.00331497192382813 -0.0123805999755859 0.0143547058105469
0.0547943115234375 0.0263404846191406 -0.0240936279296875 -0.00134086608886718
0.022125244140625 0.0647621154785156 -0.0216102600097656 -0.0364151000976563
-0.0209503173828125 0.0848236083984375 0.00541877746582031 -0.0335006713867187
-0.0548171997070312 0.0790176391601563 0.0020604133605957 -0.00516080856323242
-0.0802001953125 0.0541458129882812 0.0195999145507813 0.0577316284179687
-0.0499420166015625 0.0758056640625 0.00286102294921875 0.0718154907226563
-0.0090789794921875 0.0746307373046875 0.0208168029785156 0.0638923645019531
0.035980224609375 0.0630149841308594 0.0483551025390625 0.0468482971191406
0.0581512451171875 0.0263557434082031 0.049530029296875 0.0106582641601563
0.0617294311523438 -0.0195388793945313 0.0419692993164063 -0.0164642333984375
0.04595947265625 -0.0421714782714844 0.0249443054199219 -0.0134124755859375
0.0412101745605469 -0.0372238159179688 0.0138034820556641 -0.000698089599609377
0.0461196899414062 -0.0408821105957031 0.00851821899414063 0.0134048461914062
0.0569419860839844 -0.0305328369140625 -0.00143051147460937 0.0211029052734375
0.0620460510253906 0.00129318237304688 -0.0216770172119141 0.0222053527832031
0.0570945739746094 0.0325927734375 -0.0278301239013672 0.00409698486328126
0.0163421630859375 0.0656967163085937 -0.0209636688232422 -0.0250396728515625
-0.028045654296875 0.0800704956054687 0.00021839141845703 -0.00823068618774414
-0.0625228881835938 0.0702476501464844 -0.0180473327636719 0.0169677734375
-0.0759429931640625 0.0314712524414063 -0.00927734375000001 0.0753860473632812
-0.0607986450195312 0.0581741333007813 -0.0202255249023437 0.087310791015625
-0.025115966796875 0.0650138854980469 0.00978469848632812 0.0695343017578125
0.0224876403808594 0.0653915405273438 0.0308876037597656 0.0469818115234375
0.0519981384277344 0.0350303649902344 0.0278053283691406 0.0173816680908203
0.0659904479980469 -0.01043701171875 0.0227489471435547 -0.00330924987792969
0.05072021484375 -0.0333442687988281 0.0107812881469727 0.00819015502929687
0.0460891723632813 -0.0310592651367188 0.00198078155517578 0.0173883438110352
0.0507659912109375 -0.0362510681152344 -0.00439643859863281 0.0279407501220703
0.057952880859375 -0.02337646484375 -0.0124187469482422 0.029510498046875
0.0562400817871094 0.0098114013671875 -0.0286312103271484 0.0230827331542969
0.0465316772460938 0.0391616821289063 -0.029754638671875 0.00255584716796875
0.000961303710937494 0.0604820251464844 -0.0178699493408203 -0.0173969268798828
-0.0423355102539062 0.0606956481933594 -0.00341224670410157 0.0084681510925293
-0.0683174133300781 0.0420036315917969 -0.0399360656738281 0.0287361145019531
-0.0553627014160156 -0.00218200683593749 -0.038238525390625 0.0763931274414063
-0.0550918579101563 0.0220184326171875 -0.0427703857421875 0.0856399536132813
-0.0325813293457031 0.038848876953125 -0.004058837890625 0.0659065246582031
-0.00111389160156249 0.0529327392578125 0.0133438110351562 0.0439720153808594
0.0295600891113281 0.0376663208007813 0.00987625122070313 0.0182285308837891
0.0518646240234375 0.00802230834960938 0.00361442565917969 0.00895023345947266
0.0472793579101563 -0.0174903869628906 -0.00680732727050781 0.0212593078613281
0.0412139892578125 -0.0193290710449219 -0.01104736328125 0.0337314605712891
0.0469017028808594 -0.0203857421875 -0.0167388916015625 0.0410194396972656
0.0532035827636719 -0.00945663452148438 -0.0285263061523438 0.0363273620605469
0.0496597290039063 0.0146827697753906 -0.0400466918945313 0.0240211486816406
0.0349540710449219 0.0409355163574219 -0.0347213745117188 0.00262832641601563
-0.0085601806640625 0.0531349182128906 -0.0190563201904297 -0.0146980285644531
-0.046051025390625 0.0445404052734375 -0.0123882293701172 0.0197277069091797
-0.0641822814941406 0.0192031860351563 -0.0584869384765625 0.0371856689453125
-0.0248126983642578 -0.0253887176513672 -0.0492782592773437 0.0736007690429688
-0.0346927642822266 -0.0106067657470703 -0.0491561889648438 0.08294677734375
-0.0285263061523438 0.00706863403320312 -0.00655746459960937 0.0628814697265625
-0.0155735015869141 0.0286731719970703 0.0042724609375 0.0351390838623047
0.0070648193359375 0.0272979736328125 0.000494003295898438 0.013789176940918
0.0307388305664063 0.0140495300292969 -0.0127010345458984 0.0139656066894531
0.0358963012695313 -0.0040130615234375 -0.0201530456542969 0.0312232971191406
0.0301284790039062 -0.00745582580566406 -0.0243186950683594 0.0437965393066406
0.0359840393066406 -0.00858688354492188 -0.028961181640625 0.0500984191894531
0.0399436950683594 -0.000576019287109375 -0.0407524108886719 0.0401763916015625
0.0338001251220703 0.0190677642822266 -0.0508270263671875 0.022552490234375
0.0198249816894531 0.0353012084960938 -0.0412788391113281 -0.000469207763671871
-0.0188522338867187 0.0394134521484375 -0.0219554901123047 -0.0132236480712891
-0.0472373962402344 0.0179939270019531 -0.0230083465576172 0.0229740142822266
-0.0509376525878906 -0.00954437255859375 -0.0764083862304688 0.0341796875
0.0178375244140625 0.0306987762451172 0.0723724365234375 -0.0437698364257812
0.0395622253417969 -0.00333404541015625 0.0324058532714844 -0.0170974731445313
0.0179176330566406 -0.0270614624023438 0.0266284942626953 0.0134410858154297
-0.00485038757324218 -0.0255451202392578 0.0571098327636719 0.00371932983398437
-0.0167875289916992 -0.015437126159668 0.063873291015625 -0.0268936157226562
-0.0288848876953125 -0.00217628479003906 0.0486946105957031 -0.0577392578125
-0.0207080841064453 0.000123977661132811 0.0302238464355469 -0.0680618286132813
-0.0184898376464844 -0.00128555297851563 0.0198783874511719 -0.0528030395507813
-0.023162841796875 -0.00802993774414062 0.0211524963378906 -0.0399398803710938
-0.0112686157226563 -0.0207633972167969 0.0203266143798828 -0.0251083374023438
0.0110721588134766 -0.0252246856689453 0.00163078308105469 -0.0132560729980469
0.0247516632080078 -0.0126743316650391 -0.00540542602539062 -0.0279273986816406
0.0317134857177734 0.0181846618652344 0.007659912109375 -0.0653190612792969
0.0232505798339844 0.04150390625 0.031829833984375 -0.087738037109375
0.00317001342773437 0.0453872680664063 0.0470657348632813 -0.0732345581054688
-0.00742721557617187 0.0562782287597656 0.0782623291015625 -0.0287017822265625
0.0270881652832031 0.0303134918212891 0.0342025756835938 -0.00317001342773437
0.0235862731933594 0.00158882141113281 0.0318717956542969 0.0170497894287109
0.0147523880004883 -0.00551128387451172 0.0621070861816406 0.0122222900390625
0.00456142425537109 -0.0145206451416016 0.0720977783203125 -0.0209579467773438
-0.0068359375 -0.0147476196289062 0.0565452575683594 -0.0571174621582031
-0.00407791137695313 -0.0192661285400391 0.0397491455078125 -0.06536865234375
-0.00146579742431641 -0.0164289474487305 0.0265693664550781 -0.0529289245605469
-0.00393867492675781 -0.0242919921875 0.0277633666992187 -0.0346469879150391
0.0118122100830078 -0.0285415649414063 0.0213527679443359 -0.0175971984863281
0.0312366485595703 -0.0174293518066406 -0.00104904174804687 -0.00802230834960938
0.0411491394042969 0.00561141967773438 -0.0110912322998047 -0.0185413360595703
0.0281486511230469 0.0423851013183594 -0.00475311279296875 -0.0570602416992188
0.0044403076171875 0.0647239685058594 0.01959228515625 -0.0760574340820313
-0.0187149047851562 0.0680274963378906 0.0369796752929687 -0.0574226379394531
-0.03753662109375 0.0692672729492188 0.0736618041992188 -0.001251220703125
0.00511550903320313 0.0632781982421875 0.0368423461914063 0.0160140991210938
0.020904541015625 0.0330638885498047 0.0345344543457031 0.0353126525878906
0.0347366333007813 0.0197906494140625 0.0649795532226563 0.0249519348144531
0.0312480926513672 -0.00387001037597656 0.0718307495117188 -0.0115203857421875
0.0187969207763672 -0.0269260406494141 0.0623512268066406 -0.0489463806152344
0.0122756958007812 -0.0357627868652344 0.0414772033691406 -0.0593147277832031
0.0158138275146484 -0.0318717956542969 0.027099609375 -0.0424308776855469
0.014556884765625 -0.0374336242675781 0.0235462188720703 -0.0228538513183594
0.0350379943847656 -0.0369453430175781 0.0187454223632813 -0.00883293151855469
0.0496788024902344 -0.0104637145996094 -0.00469112396240234 0.00341224670410156
0.0514602661132813 0.0157699584960938 -0.0155496597290039 -0.00893592834472656
0.0300521850585937 0.0567626953125 -0.0166969299316406 -0.049285888671875
-0.00552368164062499 0.0827560424804688 0.0109901428222656 -0.0571174621582031
-0.0381317138671875 0.08270263671875 0.0222339630126953 -0.0322322845458984
-0.0642623901367187 0.0725784301757813 0.0542259216308594 0.0311546325683594
-0.0242080688476562 0.081817626953125 0.0240440368652344 0.048248291015625
0.0124969482421875 0.0614051818847656 0.0341682434082031 0.0491485595703125
0.0473518371582031 0.0417366027832031 0.0634117126464844 0.0354118347167969
0.0521469116210938 0.00788497924804688 0.0672149658203125 -0.001251220703125
0.0444221496582031 -0.03143310546875 0.0537681579589844 -0.0363311767578125
0.0301742553710938 -0.0464973449707031 0.0387763977050781 -0.03741455078125
0.0323524475097656 -0.0410690307617188 0.022125244140625 -0.0234546661376953
0.0307502746582031 -0.0457115173339844 0.0166845321655273 -0.00957393646240235
0.0468368530273438 -0.0388526916503906 0.0102386474609375 0.00795269012451172
0.0592498779296875 -0.00951385498046875 -0.012939453125 0.0115251541137695
0.0611228942871094 0.0198593139648438 -0.0219860076904297 0.00173377990722657
0.0296401977539063 0.0650825500488281 -0.0245647430419922 -0.0348434448242187
-0.0130996704101562 0.0944290161132813 0.0059661865234375 -0.0356483459472656
-0.0505752563476562 0.0874710083007813 0.00384759902954101 -0.00598478317260742
-0.0772552490234375 0.0663070678710938 0.0268058776855469 0.0593719482421875
-0.0481796264648437 0.0842514038085938 0.01025390625 0.0683174133300781
-0.005859375 0.0778732299804688 0.0215950012207031 0.0614738464355469
0.0449943542480469 0.0628929138183594 0.0512847900390625 0.0427055358886719
0.0601425170898437 0.0250015258789063 0.0527000427246094 0.0090484619140625
0.0632209777832031 -0.0259933471679687 0.0403785705566406 -0.0233726501464844
0.0443382263183594 -0.0480804443359375 0.0246677398681641 -0.0131855010986328
0.0431709289550781 -0.0432243347167969 0.0123386383056641 -0.00304889678955078
0.0435523986816406 -0.0481338500976563 0.0117435455322266 0.0107908248901367
0.0541419982910156 -0.0390434265136719 -0.00245094299316406 0.0166788101196289
0.0665054321289063 -0.00340652465820312 -0.0188655853271484 0.0192527770996094
0.0623512268066406 0.0303878784179687 -0.0245513916015625 0.00293540954589844
0.0217742919921875 0.0707931518554688 -0.0200119018554688 -0.0257835388183594
-0.0240249633789063 0.0877151489257812 -0.0013570785522461 -0.0111627578735352
-0.0599212646484375 0.0792083740234375 -0.0135040283203125 0.0161800384521484
-0.0760879516601563 0.0389404296875 0.000648498535156247 0.0764236450195313
-0.060455322265625 0.0680732727050781 -0.0147933959960937 0.088470458984375
-0.0236892700195313 0.0680007934570313 0.0119476318359375 0.071563720703125
0.0270462036132813 0.0694160461425781 0.0357017517089844 0.0459709167480469
0.0592422485351563 0.034210205078125 0.0326862335205078 0.0144023895263672
0.0687179565429688 -0.0167083740234375 0.0235424041748047 -0.00245094299316406
0.0530509948730469 -0.039886474609375 0.013239860534668 0.00332927703857422
0.0453033447265625 -0.0397796630859375 0.00352859497070313 0.0190238952636719
0.0478515625 -0.0453338623046875 -0.00106620788574218 0.0301399230957031
0.056671142578125 -0.0315132141113281 -0.0096282958984375 0.0308570861816406
0.062164306640625 0.00593185424804688 -0.0290946960449219 0.0241222381591797
0.0494003295898437 0.0362434387207031 -0.0302410125732422 0.004058837890625
0.00579452514648437 0.0633468627929688 -0.0209541320800781 -0.0193328857421875
-0.037506103515625 0.0706253051757813 -0.00255155563354492 0.00717830657958985
-0.066986083984375 0.0531349182128906 -0.037200927734375 0.0307769775390625
-0.0601081848144531 0.00555419921874999 -0.0332412719726563 0.0834121704101563
-0.0553245544433594 0.0321426391601563 -0.0358352661132812 0.0892715454101562
-0.0333099365234375 0.0433120727539063 0.000362396240234374 0.0662155151367188
0.00482177734375 0.0545501708984375 0.015869140625 0.0406227111816406
0.0351142883300781 0.0358810424804688 0.0131397247314453 0.0169773101806641
0.0546455383300781 0.00255584716796875 0.00237560272216797 0.00907325744628906
0.0463790893554688 -0.0255470275878906 -0.00406646728515625 0.0228023529052734
0.0394248962402344 -0.0251922607421875 -0.00734710693359374 0.0364265441894531
0.047454833984375 -0.0270767211914063 -0.0168380737304687 0.03912353515625
0.0532684326171875 -0.0184707641601563 -0.0268821716308594 0.0364837646484375
0.0518569946289063 0.0107460021972656 -0.0374488830566406 0.0256538391113281
0.0430335998535156 0.0366935729980469 -0.03729248046875 0.00176239013671875
-0.00679397583007812 0.0585441589355469 -0.021759033203125 -0.0157737731933594
-0.0429573059082031 0.0512275695800781 -0.0106754302978516 0.0197811126708984
-0.0611038208007812 0.0288887023925781 -0.0590248107910156 0.042236328125
-0.0328483581542969 -0.0246257781982422 -0.0474700927734375 0.0782241821289063
-0.0364761352539063 -0.00471115112304688 -0.0440216064453125 0.0844192504882812
-0.0292835235595703 0.0132045745849609 -0.00109481811523438 0.0614967346191406
-0.0133800506591797 0.0329093933105469 0.0078277587890625 0.0356369018554688
0.0116024017333984 0.0293769836425781 -0.00233078002929688 0.0175838470458984
0.0334682464599609 0.0101890563964844 -0.0132064819335937 0.0193157196044922
0.037322998046875 -0.00948715209960938 -0.0175876617431641 0.0327491760253906
0.0329742431640625 -0.0111141204833984 -0.0178184509277344 0.0486640930175781
0.0380439758300781 -0.0133476257324219 -0.0230712890625 0.0535964965820313
0.0388832092285156 -0.00614166259765625 -0.041534423828125 0.0446891784667969
0.0380058288574219 0.0138397216796875 -0.0503959655761719 0.0240058898925781
0.0270881652832031 0.0380401611328125 -0.0407791137695313 0.00192260742187501
-0.0187873840332031 0.0409812927246094 -0.0209884643554688 -0.0148468017578125
-0.0446395874023438 0.0244522094726562 -0.0211124420166016 0.0244789123535156
-0.0553817749023437 -0.00219345092773437 -0.0740203857421875 0.0429840087890625
0.0201568603515625 0.0287189483642578 0.0692138671875 -0.0491485595703125
0.037811279296875 -0.00479507446289063 0.0263233184814453 -0.0207538604736328
0.0122509002685547 -0.0277996063232422 0.0266532897949219 0.0118694305419922
-0.0080718994140625 -0.0250301361083984 0.0557327270507812 0.00257492065429687
-0.0189723968505859 -0.0132465362548828 0.0607223510742188 -0.0306358337402344
-0.0272674560546875 0.00225448608398437 0.0453262329101563 -0.0595474243164063
-0.0201835632324219 0.00293540954589844 0.0244369506835938 -0.0694961547851562
-0.0190296173095703 0.000864028930664061 0.016387939453125 -0.0575942993164063
-0.0241813659667969 -0.00530242919921875 0.0169410705566406 -0.0431709289550781
-0.0151844024658203 -0.0194263458251953 0.0181446075439453 -0.0264034271240234
0.00569725036621094 -0.0262317657470703 0.00178337097167969 -0.0163631439208984
0.0208835601806641 -0.0144195556640625 -0.0077362060546875 -0.0278682708740234
0.0322475433349609 0.0118312835693359 0.00223159790039063 -0.0633621215820313
0.0265388488769531 0.0353775024414063 0.0261764526367188 -0.0893707275390625
0.0074615478515625 0.0435791015625 0.041839599609375 -0.0761947631835938
-0.0049285888671875 0.0559921264648438 0.0749130249023438 -0.0332870483398438
0.0283355712890625 0.0284290313720703 0.034515380859375 -0.0091705322265625
0.0199012756347656 0.00167083740234375 0.0316638946533203 0.0184383392333984
0.0139799118041992 -0.00951194763183594 0.0635948181152344 0.008941650390625
0.00457668304443359 -0.0120944976806641 0.0686225891113281 -0.026275634765625
-0.00598049163818359 -0.0139379501342773 0.0534477233886719 -0.0591773986816406
-0.00576400756835937 -0.0181980133056641 0.0322074890136719 -0.0694160461425781
-0.00250053405761719 -0.0188999176025391 0.0205001831054688 -0.0562477111816406
-0.00679397583007813 -0.0237197875976563 0.0206108093261719 -0.0400505065917969
0.00825119018554688 -0.0289039611816406 0.0194664001464844 -0.021209716796875
0.0303287506103516 -0.0200366973876953 0.00101995468139649 -0.00807714462280273
0.0400199890136719 0.00038909912109375 -0.0110816955566406 -0.0201416015625
0.0300064086914063 0.038116455078125 -0.00780868530273438 -0.0557441711425781
0.0101242065429687 0.0651321411132813 0.0167312622070313 -0.07647705078125
-0.0143241882324219 0.0698814392089844 0.0346870422363281 -0.0607032775878906
-0.0342025756835937 0.0739288330078125 0.0729217529296875 -0.00684356689453125
0.00778579711914063 0.0616188049316406 0.0352554321289062 0.0135879516601563
0.0201377868652344 0.0353851318359375 0.0354042053222656 0.0301246643066406
0.0353355407714844 0.0150604248046875 0.0678596496582031 0.0189170837402344
0.0326080322265625 -0.00637054443359375 0.0718231201171875 -0.0173492431640625
0.0199375152587891 -0.0260734558105469 0.0538864135742188 -0.0541877746582031
0.0116233825683594 -0.0360832214355469 0.0340347290039063 -0.0604896545410156
0.0144824981689453 -0.0338344573974609 0.0215721130371094 -0.0457878112792969
0.0139846801757812 -0.0400924682617188 0.0187721252441406 -0.0282058715820313
0.02886962890625 -0.0365180969238281 0.0173215866088867 -0.0133075714111328
0.0486869812011719 -0.01727294921875 -0.00263524055480957 0.000665187835693359
0.0562705993652344 0.0112838745117188 -0.0156679153442383 -0.0095367431640625
0.0328598022460938 0.0561370849609375 -0.0180816650390625 -0.0441741943359375
0.00175476074218751 0.0847625732421875 0.00736236572265624 -0.0580215454101562
-0.0316238403320312 0.0839462280273438 0.02239990234375 -0.0368194580078125
-0.0598831176757812 0.0795745849609375 0.0586738586425781 0.0235977172851563
-0.015625 0.0834884643554688 0.0266876220703125 0.0409698486328125
0.0137100219726562 0.0639114379882813 0.0332870483398438 0.0468063354492188
0.0492591857910156 0.0401382446289063 0.0647354125976563 0.0303764343261719
0.0538825988769531 0.004486083984375 0.065216064453125 -0.005462646484375
0.0435752868652344 -0.0328750610351563 0.0510482788085938 -0.0400314331054688
0.0276107788085938 -0.0483436584472656 0.0318756103515625 -0.041748046875
0.0279350280761719 -0.0443077087402344 0.0189838409423828 -0.0277690887451172
0.0295524597167969 -0.0490531921386719 0.0151872634887695 -0.0112400054931641
0.0443916320800781 -0.0429496765136719 0.0109081268310547 0.000613212585449216
0.0614204406738281 -0.0138969421386719 -0.00951576232910156 0.0101633071899414
0.0650062561035156 0.0184974670410156 -0.0199832916259766 -0.00174331665039062
0.0337867736816406 0.064239501953125 -0.0251941680908203 -0.0331401824951172
-0.00660705566406249 0.0931854248046875 0.00236892700195312 -0.0347118377685547
-0.0422821044921875 0.09271240234375 0.00446701049804687 -0.00938701629638671
-0.0751724243164063 0.06951904296875 0.032196044921875 0.052490234375
-0.0381393432617188 0.0898590087890625 0.0123481750488281 0.067108154296875
0.00026702880859375 0.0819015502929688 0.0282363891601563 0.06005859375
0.0500679016113281 0.0609054565429688 0.0549087524414063 0.0407066345214844
0.0654983520507812 0.0174980163574219 0.0514373779296875 0.00401687622070313
0.0607414245605469 -0.0319252014160156 0.0386466979980469 -0.024566650390625
0.0407600402832031 -0.051361083984375 0.0229454040527344 -0.0188407897949219
0.0373382568359375 -0.0467529296875 0.0114383697509766 -0.00679302215576172
0.04010009765625 -0.0529975891113281 0.00881385803222656 0.00712299346923828
0.0543098449707031 -0.0429496765136719 0.00126743316650391 0.0175161361694336
0.0660171508789063 -0.0119590759277344 -0.0163173675537109 0.0213088989257812
0.0650634765625 0.0237617492675781 -0.0257854461669922 0.00392532348632813
0.0284957885742188 0.0676231384277344 -0.0243339538574219 -0.0228195190429687
-0.0143356323242188 0.0908432006835938 0.000751495361328123 -0.011723518371582
-0.0522613525390625 0.0850143432617188 -0.0134353637695313 0.0156469345092773
-0.0758132934570313 0.0468521118164063 0.00482940673828125 0.0753555297851562
-0.0532455444335938 0.0727462768554688 -0.00672149658203126 0.0887374877929688
-0.0158233642578125 0.0766143798828125 0.0168609619140625 0.0666542053222656
0.035308837890625 0.065765380859375 0.0365638732910156 0.0448875427246094
0.0615158081054688 0.028228759765625 0.0293636322021484 0.0138702392578125
0.0655136108398438 -0.0205039978027344 0.0207328796386719 -0.0062713623046875
0.0471649169921875 -0.0451393127441406 0.0119171142578125 0.00404834747314453
0.0402107238769531 -0.0407485961914063 0.00437450408935547 0.0166187286376953
0.0445442199707031 -0.0487937927246094 -5.14984130859373E-05 0.0266990661621094
0.05535888671875 -0.0369415283203125 -0.0111160278320312 0.0289726257324219
0.0637855529785156 -0.000301361083984375 -0.0271263122558594 0.0247287750244141
0.0551414489746094 0.0310707092285156 -0.0300865173339844 0.00467491149902344
0.010650634765625 0.0639228820800781 -0.0189342498779297 -0.0176410675048828
-0.03424072265625 0.0712051391601563 0.000566005706787108 0.0078883171081543
-0.0629043579101563 0.0572280883789062 -0.0332317352294922 0.0313072204589844
-0.0590324401855469 0.0106620788574219 -0.0264358520507813 0.0833282470703125
-0.0540885925292969 0.0350875854492188 -0.0296554565429688 0.0915298461914063
-0.0302505493164063 0.0481491088867187 0.00281906127929687 0.0663490295410156
0.0106201171875 0.0569229125976562 0.0162010192871094 0.0435409545898438
0.0395774841308594 0.0328750610351562 0.0109481811523438 0.0186100006103516
0.0541801452636719 -0.00529098510742188 0.00321388244628907 0.00983715057373047
0.0464439392089844 -0.0284271240234375 -0.00424003601074218 0.0246734619140625
0.0395622253417969 -0.02935791015625 -0.0058746337890625 0.0356025695800781
0.0444602966308594 -0.0340614318847656 -0.0120315551757812 0.04327392578125
0.0529861450195313 -0.0236854553222656 -0.023956298828125 0.0399093627929687
0.0549583435058594 0.00646591186523438 -0.0376052856445313 0.0266151428222656
0.0439682006835938 0.0330772399902344 -0.0346698760986328 0.00493240356445312
-0.000728607177734378 0.0573654174804688 -0.0190067291259766 -0.0125789642333984
-0.0392837524414063 0.0558204650878906 -0.00689697265625001 0.0209465026855469
-0.0613174438476563 0.0344352722167969 -0.0530433654785156 0.0447654724121094
-0.0330219268798828 -0.0191249847412109 -0.0406036376953125 0.0824661254882813
-0.0382652282714844 -0.000331878662109374 -0.0380096435546875 0.0886611938476563
-0.0303936004638672 0.0158767700195313 -8.01086425781278E-05 0.0620346069335938
-0.00707817077636719 0.0350608825683594 0.00739288330078125 0.0359954833984375
0.0150718688964844 0.0278511047363281 -0.00179481506347656 0.0150365829467773
0.0363693237304687 0.00664520263671875 -0.00979042053222656 0.01861572265625
0.0340995788574219 -0.0144691467285156 -0.0147628784179687 0.0360832214355469
0.0293045043945313 -0.0134143829345703 -0.0153160095214844 0.0498275756835938
0.0352897644042969 -0.0185203552246094 -0.0224571228027344 0.0544662475585937
0.0411911010742187 -0.00970077514648438 -0.0380592346191406 0.0461044311523438
0.0403213500976563 0.0120849609375 -0.0485877990722656 0.0304183959960938
0.0283889770507812 0.0313777923583984 -0.0410614013671875 0.00284194946289063
-0.0119361877441406 0.042724609375 -0.0217933654785156 -0.0107898712158203
-0.0440406799316406 0.0282325744628906 -0.0179882049560547 0.0272083282470703
-0.0527763366699219 0.00334167480468751 -0.0714340209960938 0.0447616577148437
0.0214900970458984 0.02679443359375 0.0659370422363281 -0.0504188537597656
0.0354576110839844 -0.0073089599609375 0.0238265991210938 -0.0213699340820313
0.0111846923828125 -0.0265388488769531 0.0251235961914063 0.0115280151367188
-0.00932693481445313 -0.0238075256347656 0.0548896789550781 0.000770568847656249
-0.0197467803955078 -0.0117378234863281 0.0594673156738281 -0.0324478149414062
-0.0265045166015625 0.00431442260742187 0.0419654846191406 -0.060546875
-0.0200386047363281 0.00391769409179687 0.0204696655273438 -0.0694503784179688
-0.0172386169433594 0.000946998596191404 0.0128135681152344 -0.057708740234375
-0.0234813690185547 -0.00241851806640625 0.0142974853515625 -0.0437355041503906
-0.0151691436767578 -0.0173664093017578 0.0162582397460937 -0.0286808013916016
0.00393104553222656 -0.0254306793212891 0.00276947021484375 -0.0168609619140625
0.0204124450683594 -0.0155868530273438 -0.00588417053222656 -0.0279102325439453
0.0324058532714844 0.00952720642089844 0.000488281250000005 -0.0618667602539062
0.0287799835205078 0.0322818756103516 0.0226593017578125 -0.0883331298828125
0.0100975036621094 0.040985107421875 0.0383987426757813 -0.0783538818359375
-0.00304412841796875 0.05438232421875 0.0734481811523437 -0.0357208251953125
0.0277194976806641 0.0269718170166016 0.0319271087646484 -0.0105323791503906
0.0190582275390625 0.00147628784179687 0.0301551818847656 0.0186176300048828
0.0122385025024414 -0.00838470458984375 0.0616264343261719 0.0061798095703125
0.00411891937255859 -0.0125398635864258 0.0663681030273438 -0.0281867980957031
-0.00559520721435547 -0.0122137069702148 0.0491981506347656 -0.0612869262695312
-0.0063934326171875 -0.0173940658569336 0.0259780883789063 -0.070526123046875
-0.00284385681152344 -0.0178432464599609 0.015960693359375 -0.0562057495117188
-0.00614738464355469 -0.0218658447265625 0.0176010131835937 -0.0409355163574219
0.00797271728515625 -0.0278682708740234 0.0183429718017578 -0.0252475738525391
0.0284690856933594 -0.0217571258544922 0.00189399719238281 -0.0107536315917969
0.0391654968261719 -0.00051116943359375 -0.00921058654785156 -0.0203876495361328
0.0324287414550781 0.0360336303710938 -0.00905990600585937 -0.0542259216308594
0.0135955810546875 0.0621681213378906 0.0132980346679688 -0.0760269165039063
-0.0106620788574219 0.0677986145019531 0.0323715209960937 -0.0620956420898437
-0.0295257568359375 0.0749664306640625 0.0715484619140625 -0.0114898681640625
0.0101661682128906 0.0603485107421875 0.03448486328125 0.009674072265625
0.0218238830566406 0.0345211029052734 0.0339851379394531 0.0300369262695313
0.0353202819824219 0.0126762390136719 0.0669403076171875 0.0158615112304688
0.0315608978271484 -0.00790214538574219 0.0690193176269531 -0.0199050903320312
0.0179462432861328 -0.0264072418212891 0.0511512756347656 -0.0552215576171875
0.00962448120117188 -0.0362167358398438 0.0295600891113281 -0.0621376037597656
0.0123805999755859 -0.0341682434082031 0.0170783996582031 -0.0465774536132813
0.0120925903320313 -0.0396232604980469 0.0164661407470703 -0.0300769805908203
0.0268325805664062 -0.0381622314453125 0.0158090591430664 -0.0151748657226563
0.046966552734375 -0.019683837890625 -0.00213778018951416 -0.00217056274414063
0.0545654296875 0.00904464721679688 -0.014399528503418 -0.0109653472900391
0.0351142883300781 0.0534477233886719 -0.0188255310058594 -0.0433616638183594
0.00572967529296875 0.0831375122070313 0.00434112548828125 -0.05767822265625
-0.0263442993164063 0.0858078002929688 0.0200386047363281 -0.0401687622070313
-0.056060791015625 0.0829238891601563 0.0585556030273438 0.0200462341308594
-0.0118408203125 0.084716796875 0.0281791687011719 0.0371475219726563
0.0172805786132813 0.065338134765625 0.0338592529296875 0.0441665649414063
0.0504951477050781 0.0372543334960938 0.0639305114746094 0.0268592834472656
0.0541229248046875 0.001739501953125 0.0632667541503906 -0.00844955444335938
0.0410537719726563 -0.0343055725097656 0.0465507507324219 -0.0415000915527344
0.0252151489257812 -0.0494537353515625 0.02825927734375 -0.0440711975097656
0.0252227783203125 -0.0461235046386719 0.0165348052978516 -0.0293388366699219
0.0257835388183594 -0.0514183044433594 0.0129175186157227 -0.0141401290893555
0.0412826538085938 -0.0450325012207031 0.00912952423095703 -0.00201892852783203
0.0593986511230469 -0.0186843872070313 -0.00815391540527343 0.00818443298339844
0.0642204284667969 0.0137786865234375 -0.0193519592285156 -0.00256538391113281
0.0362014770507813 0.0619468688964844 -0.0236949920654297 -0.03228759765625
0.000114440917968743 0.0929946899414063 9.53674316406274E-05 -0.0352210998535156
-0.037139892578125 0.0921630859375 0.00637626647949219 -0.0126867294311523
-0.0715179443359375 0.0735397338867188 0.0355644226074219 0.0505638122558594
-0.0345611572265625 0.0910263061523438 0.0146064758300781 0.0642013549804688
0.0041656494140625 0.0821914672851563 0.0280189514160156 0.0568771362304688
0.052734375 0.05780029296875 0.0533981323242188 0.0369300842285156
0.0666847229003906 0.0125923156738281 0.0497665405273438 0.00317764282226563
0.05859375 -0.0341224670410156 0.0359153747558594 -0.0240364074707031
0.0371360778808594 -0.0543403625488281 0.0214805603027344 -0.0204734802246094
0.0346488952636719 -0.0494575500488281 0.0114583969116211 -0.00673770904541016
0.036224365234375 -0.05621337890625 0.00857400894165039 0.00645971298217773
0.0502471923828125 -0.0468101501464844 0.000767707824707034 0.0134487152099609
0.0655517578125 -0.0145263671875 -0.0150089263916016 0.0183181762695313
0.066314697265625 0.0190887451171875 -0.0236492156982422 0.00341606140136718
0.031402587890625 0.0659446716308594 -0.0236721038818359 -0.0225601196289062
-0.00928497314453125 0.0908126831054688 0.000207901000976563 -0.0131320953369141
-0.0470733642578125 0.0857620239257813 -0.0103893280029297 0.0133905410766602
-0.072662353515625 0.05242919921875 0.0081787109375 0.0739288330078125
-0.0491256713867187 0.0744247436523438 -0.00335693359375 0.083587646484375
-0.012481689453125 0.0790786743164062 0.0177993774414063 0.0636520385742188
0.0395622253417969 0.0648345947265625 0.0363922119140625 0.0421600341796875
0.0621490478515625 0.0236434936523438 0.02996826171875 0.0135688781738281
0.0632514953613281 -0.0258674621582031 0.0201244354248047 -0.00460624694824219
0.0431480407714844 -0.0484619140625 0.0111446380615234 0.00414371490478515
0.0380821228027344 -0.0449104309082031 0.00533294677734375 0.015620231628418
0.0412063598632812 -0.0516738891601562 0.000524520874023438 0.0255126953125
0.05316162109375 -0.0395126342773438 -0.0100460052490234 0.0282135009765625
0.0631828308105469 -0.00440597534179688 -0.0262508392333984 0.0231285095214844
0.057281494140625 0.0276641845703125 -0.0279464721679687 0.00439262390136719
0.0144767761230469 0.0634574890136719 -0.0193634033203125 -0.0168533325195312
-0.028533935546875 0.0742874145507813 3.33786010742167E-05 0.00626087188720704
-0.0593490600585938 0.0604209899902344 -0.0306835174560547 0.0315628051757813
-0.0594596862792969 0.01458740234375 -0.0223312377929688 0.0833053588867188
-0.0511703491210938 0.0382118225097656 -0.0264129638671875 0.0889663696289063
-0.0283012390136719 0.0512199401855469 0.00351333618164062 0.0633926391601563
0.0137901306152344 0.0559921264648438 0.0166091918945313 0.0419654846191406
0.0415496826171875 0.0307807922363281 0.0111865997314453 0.0188865661621094
0.0543251037597656 -0.00901031494140625 0.00254154205322266 0.0106353759765625
0.0431861877441406 -0.03277587890625 -0.00150680541992187 0.0237808227539062
0.0371589660644531 -0.03289794921875 -0.00381851196289063 0.0353126525878906
0.0414886474609375 -0.0371856689453125 -0.0103797912597656 0.0430335998535156
0.049957275390625 -0.027069091796875 -0.0235786437988281 0.0395278930664063
0.0548171997070313 0.0022430419921875 -0.0363426208496094 0.0278587341308594
0.0466384887695313 0.0306777954101563 -0.0337047576904297 0.00494194030761719
0.00248336791992188 0.0572319030761719 -0.0198783874511719 -0.0128364562988281
-0.0353584289550781 0.057891845703125 -0.00561332702636719 0.0189971923828125
-0.0581130981445313 0.0373916625976562 -0.0497474670410156 0.0447158813476563
-0.0345020294189453 -0.016357421875 -0.036163330078125 0.084014892578125
-0.0381889343261719 0.00313949584960938 -0.03216552734375 0.0876541137695312
-0.0299491882324219 0.0190887451171875 0.000305175781249994 0.0592155456542969
-0.0064239501953125 0.0351753234863281 0.00656700134277343 0.0349674224853516
0.0183677673339844 0.025909423828125 -0.00221443176269531 0.0168895721435547
0.0361518859863281 0.00275421142578125 -0.00960731506347656 0.0207176208496094
0.0323886871337891 -0.0165863037109375 -0.0121536254882812 0.0377197265625
0.0286216735839844 -0.016510009765625 -0.0122871398925781 0.0480842590332031
0.0333328247070313 -0.0217247009277344 -0.0198593139648437 0.0547409057617188
0.0397453308105469 -0.0140609741210938 -0.0356101989746094 0.0470924377441406
0.0406227111816406 0.008819580078125 -0.046234130859375 0.0294380187988281
0.0305118560791016 0.0303916931152344 -0.0403900146484375 0.00345230102539062
-0.00949859619140625 0.0442008972167969 -0.0218944549560547 -0.0118217468261719
-0.0417327880859375 0.0318489074707031 -0.0143356323242188 0.0257835388183594
-0.0521430969238281 0.00654983520507812 -0.06890869140625 0.0464439392089844
0.0218029022216797 0.0253925323486328 0.0647315979003906 -0.0509414672851563
0.0344333648681641 -0.00809288024902344 0.0224895477294922 -0.0211257934570313
0.00989341735839844 -0.0262432098388672 0.0239753723144531 0.0121421813964844
-0.0110130310058594 -0.0231266021728516 0.0542373657226563 0.000377655029296874
-0.0203189849853516 -0.0104923248291016 0.0595703125 -0.0330734252929688
-0.0251331329345703 0.00570297241210937 0.0417251586914063 -0.0615615844726562
-0.0191154479980469 0.00476837158203125 0.0193367004394531 -0.0701446533203125
-0.016387939453125 0.00106334686279297 0.0106277465820312 -0.0582389831542969
-0.0226650238037109 -0.00109672546386719 0.0122032165527344 -0.0452423095703125
-0.0153226852416992 -0.0160284042358398 0.0151786804199219 -0.0309677124023437
0.00264549255371094 -0.0249118804931641 0.00375747680664063 -0.01898193359375
0.0189781188964844 -0.0162372589111328 -0.00426483154296875 -0.0276546478271484
0.0320816040039062 0.00779533386230469 0.00183868408203125 -0.0603713989257813
0.0297088623046875 0.0301246643066406 0.0215072631835938 -0.0872421264648438
0.0109367370605469 0.0395355224609375 0.0376510620117188 -0.08026123046875
-0.00205612182617188 0.0541534423828125 0.072021484375 -0.0372695922851563
0.0270175933837891 0.0263710021972656 0.0296382904052734 -0.0108814239501953
0.0189876556396484 0.00207710266113281 0.029510498046875 0.0180397033691406
0.0126724243164063 -0.00833892822265625 0.0609474182128906 0.00688934326171875
0.00469684600830078 -0.011418342590332 0.0664329528808594 -0.029632568359375
-0.00587272644042969 -0.0114994049072266 0.0474700927734375 -0.0617294311523438
-0.00589370727539062 -0.0167942047119141 0.0247268676757812 -0.0712051391601563
-0.002960205078125 -0.017822265625 0.0146408081054688 -0.0577926635742188
-0.00539016723632813 -0.0216159820556641 0.0149765014648437 -0.0416946411132813
0.00704383850097656 -0.0273036956787109 0.0175895690917969 -0.0262832641601563
0.0273609161376953 -0.0213966369628906 0.00209522247314453 -0.0121650695800781
0.0381011962890625 -0.00182342529296875 -0.00736618041992187 -0.0207309722900391
0.0330047607421875 0.0345821380615234 -0.00799942016601562 -0.0530433654785156
0.0156211853027344 0.06036376953125 0.0130233764648438 -0.0754318237304688
-0.00907897949218749 0.0669784545898438 0.0323829650878906 -0.0644073486328125
-0.029327392578125 0.075103759765625 0.0709991455078125 -0.0123519897460937
0.0110588073730469 0.0601577758789063 0.0325050354003906 0.00860023498535157
0.022491455078125 0.0346870422363281 0.0331211090087891 0.0300121307373047
0.0346565246582031 0.0123882293701172 0.0658454895019531 0.0156211853027344
0.0312938690185547 -0.00744056701660156 0.0672988891601563 -0.0205154418945313
0.0180816650390625 -0.0259971618652344 0.0499191284179687 -0.0556411743164063
0.00897598266601563 -0.0362167358398438 0.0277061462402344 -0.06231689453125
0.0116367340087891 -0.0346927642822266 0.0158348083496094 -0.0477943420410156
0.0110206604003906 -0.0395431518554688 0.0148105621337891 -0.0319175720214844
0.0264968872070312 -0.0389289855957031 0.0147552490234375 -0.0177345275878906
0.0468711853027344 -0.0210952758789063 -0.00210189819335937 -0.00441408157348633
0.0541038513183594 0.00714492797851563 -0.0130720138549805 -0.0118131637573242
0.0368461608886719 0.0523681640625 -0.0180282592773438 -0.0429534912109375
0.007354736328125 0.08282470703125 0.00475311279296876 -0.0574531555175781
-0.0249481201171875 0.0847930908203125 0.020538330078125 -0.0417938232421875
-0.0542449951171875 0.083892822265625 0.0583229064941406 0.0177268981933594
-0.0111083984375 0.08489990234375 0.0274085998535156 0.0347652435302734
0.018646240234375 0.0668220520019531 0.0333251953125 0.0434646606445313
0.0514678955078125 0.0361900329589844 0.0630149841308594 0.0261039733886719
0.05474853515625 0.000614166259765625 0.0622520446777344 -0.0087432861328125
0.0407791137695313 -0.0348739624023438 0.0450363159179688 -0.0418853759765625
0.0241355895996094 -0.050384521484375 0.0275306701660156 -0.0447807312011719
0.0244331359863281 -0.0465202331542969 0.0144329071044922 -0.0304756164550781
0.0245475769042969 -0.052398681640625 0.0119543075561523 -0.0155420303344727
0.0399284362792969 -0.0467147827148438 0.00840473175048828 -0.00400733947753906
0.0594406127929688 -0.0197906494140625 -0.00758743286132812 0.00578403472900391
0.0643577575683594 0.0120315551757813 -0.0184268951416016 -0.00405120849609375
0.0388832092285156 0.0617599487304687 -0.0229568481445312 -0.0315284729003906
0.00183868408203125 0.0930557250976563 0.000297546386718752 -0.0364761352539062
-0.0348663330078125 0.0927200317382813 0.00700187683105469 -0.0150985717773437
-0.0702285766601562 0.076812744140625 0.0357742309570312 0.0482444763183594
-0.0328521728515625 0.0922775268554688 0.0151214599609375 0.0620460510253906
0.00597381591796875 0.0850601196289063 0.0265274047851563 0.055511474609375
0.0544815063476563 0.0564308166503906 0.0523109436035156 0.036590576171875
0.0679473876953125 0.0116767883300781 0.0480918884277344 0.00351715087890625
0.0572471618652344 -0.0357398986816406 0.0340614318847656 -0.0234451293945313
0.0363922119140625 -0.0554084777832031 0.0220317840576172 -0.0214061737060547
0.032989501953125 -0.051544189453125 0.0114049911499023 -0.00755596160888672
0.0346832275390625 -0.0582237243652344 0.00672006607055664 0.00466680526733398
0.0482711791992188 -0.0489387512207031 0.000638961791992189 0.0112791061401367
0.0658760070800781 -0.0172157287597656 -0.0156745910644531 0.0157279968261719
0.0673942565917969 0.0168800354003906 -0.0226192474365234 0.00283432006835938
0.0335044860839844 0.0655136108398438 -0.0229301452636719 -0.0224800109863281
-0.0063323974609375 0.0928955078125 0.00115299224853516 -0.013829231262207
-0.044586181640625 0.087249755859375 -0.00931739807128907 0.0121583938598633
-0.0726852416992188 0.0536880493164062 0.0082550048828125 0.0723953247070313
-0.0483474731445313 0.0761184692382813 -0.00372314453125 0.081939697265625
-0.0115814208984375 0.0804443359375 0.0168342590332031 0.062713623046875
0.0416030883789063 0.0639686584472656 0.0355873107910156 0.0416069030761719
0.063507080078125 0.0224380493164062 0.0296764373779297 0.0141735076904297
0.0624427795410156 -0.0278587341308594 0.018798828125 -0.00374984741210938
0.0418434143066406 -0.0496978759765625 0.0118312835693359 0.0034027099609375
0.03680419921875 -0.0465431213378906 0.00622177124023438 0.0150833129882812
0.0406303405761719 -0.0532646179199219 -0.000101089477539062 0.0251312255859375
0.0523262023925781 -0.042144775390625 -0.0102043151855469 0.0269317626953125
0.0633773803710938 -0.006927490234375 -0.025299072265625 0.0218696594238281
0.0594024658203125 0.02606201171875 -0.0272254943847656 0.00308036804199219
0.0159072875976563 0.0641822814941406 -0.0195217132568359 -0.0169506072998047
-0.0260162353515625 0.0757369995117188 0.000662326812744138 0.00482368469238282
-0.0571632385253906 0.0624237060546875 -0.0288619995117188 0.0306663513183594
-0.0592460632324219 0.0169715881347656 -0.021575927734375 0.0828323364257813
-0.0504684448242188 0.039398193359375 -0.0249099731445313 0.0872650146484375
-0.0274162292480469 0.0534896850585938 0.00257110595703124 0.0619087219238281
0.0163192749023438 0.0565567016601562 0.0158767700195312 0.0413856506347656
0.0431289672851563 0.0292854309082031 0.00992393493652344 0.0191764831542969
0.0544509887695313 -0.0104866027832031 0.00227451324462891 0.0118513107299805
0.0412216186523438 -0.0338973999023438 -0.000679016113281245 0.0239791870117188
0.0358161926269531 -0.034332275390625 -0.00266265869140624 0.0345382690429688
0.0411033630371094 -0.0392189025878906 -0.0099639892578125 0.04156494140625
0.0493888854980469 -0.0290145874023437 -0.0231399536132813 0.0384063720703125
0.0560531616210938 0.000591278076171875 -0.0353431701660156 0.0276336669921875
0.0474777221679688 0.0296249389648438 -0.0335311889648438 0.00481224060058594
0.00400161743164063 0.0573272705078125 -0.0194969177246094 -0.0131893157958984
-0.0339012145996094 0.0598869323730469 -0.00425148010253906 0.0178813934326172
-0.056884765625 0.0393142700195312 -0.0478553771972656 0.0435333251953125
-0.0354881286621094 -0.014678955078125 -0.0349197387695312 0.0845870971679688
-0.0387840270996094 0.00423049926757812 -0.0318527221679687 0.0866622924804688
-0.0294361114501953 0.0205001831054687 -0.000633239746093751 0.0577812194824219
-0.00479888916015625 0.0354080200195313 0.005462646484375 0.0353927612304688
0.0198211669921875 0.0252285003662109 -0.00228118896484375 0.0181140899658203
0.0357475280761719 0.000759124755859375 -0.00921821594238281 0.0220966339111328
0.0314083099365234 -0.0176486968994141 -0.0109596252441406 0.0382537841796875
0.0281009674072266 -0.0184535980224609 -0.0106620788574219 0.0478401184082031
0.0324745178222656 -0.0231857299804687 -0.0187492370605469 0.0548477172851563
0.0393333435058594 -0.0164947509765625 -0.0350685119628906 0.0471458435058594
0.0416908264160156 0.00632858276367187 -0.04595947265625 0.0298500061035156
0.0318622589111328 0.0286064147949219 -0.0400962829589844 0.00309371948242187
-0.00777816772460937 0.0442848205566406 -0.0207252502441406 -0.0125751495361328
-0.0394668579101563 0.0337562561035156 -0.0127410888671875 0.0247154235839844
-0.0508575439453125 0.00884628295898438 -0.0671272277832031 0.0463485717773438
0.02276611328125 0.0248622894287109 0.066802978515625 -0.0527229309082031
0.0346775054931641 -0.00939178466796875 0.0215778350830078 -0.0212783813476562
0.0101261138916016 -0.0266075134277344 0.0247764587402344 0.0132369995117188
-0.011505126953125 -0.0233993530273437 0.0549507141113281 0.00132369995117187
-0.0210304260253906 -0.0102100372314453 0.0607337951660156 -0.0344161987304688
-0.0255012512207031 0.00638198852539062 0.0426673889160156 -0.0636444091796875
-0.0191974639892578 0.00608253479003906 0.0192413330078125 -0.0721588134765625
-0.0166940689086914 0.00168132781982422 0.00986099243164062 -0.0598869323730469
-0.0222930908203125 0.000164031982421875 0.0114173889160156 -0.0465545654296875
-0.0162067413330078 -0.0150575637817383 0.0145740509033203 -0.0334796905517578
0.00102806091308594 -0.0248394012451172 0.0045318603515625 -0.0207939147949219
0.0189552307128906 -0.0167007446289063 -0.00336265563964844 -0.0297927856445312
0.032806396484375 0.00633811950683594 0.00290298461914062 -0.0613784790039062
0.029998779296875 0.0293560028076172 0.0225830078125 -0.0891342163085938
0.0118942260742187 0.0397872924804688 0.0394058227539063 -0.0830841064453125
-0.00171661376953125 0.055938720703125 0.0740203857421875 -0.0377883911132813
0.0271396636962891 0.0269374847412109 0.0286579132080078 -0.0112018585205078
0.0195446014404297 0.00270843505859375 0.0293712615966797 0.0199203491210938
0.0126676559448242 -0.00877475738525391 0.0633773803710938 0.00702667236328125
0.00457191467285156 -0.0115232467651367 0.0671615600585938 -0.0294342041015625
-0.00529289245605469 -0.0107498168945313 0.0480537414550781 -0.0639114379882813
-0.00541877746582031 -0.0172090530395508 0.0247268676757813 -0.0735702514648438
-0.00340843200683594 -0.0179538726806641 0.012481689453125 -0.0590286254882813
-0.00538253784179687 -0.0216865539550781 0.0140037536621094 -0.0442962646484375
0.00702476501464844 -0.0276718139648438 0.0172023773193359 -0.0303535461425781
0.0270442962646484 -0.0223159790039063 0.00284671783447266 -0.015131950378418
0.0393905639648438 -0.00177383422851563 -0.00624275207519531 -0.0213470458984375
0.0336380004882813 0.0354766845703125 -0.00737762451171874 -0.0538139343261719
0.0163383483886719 0.0618095397949219 0.0131378173828125 -0.076690673828125
-0.00843811035156249 0.0681800842285156 0.0334701538085938 -0.0669136047363281
-0.0291976928710938 0.077789306640625 0.07232666015625 -0.0142059326171875
0.0112342834472656 0.0618476867675781 0.0314598083496094 0.00781440734863282
0.0237197875976563 0.0367012023925781 0.0331249237060547 0.0306682586669922
0.0363235473632813 0.0128517150878906 0.0672721862792969 0.0167236328125
0.0323677062988281 -0.00797271728515625 0.0689659118652344 -0.0212135314941406
0.0182971954345703 -0.0267372131347656 0.0501480102539062 -0.0566749572753906
0.00916290283203125 -0.0377349853515625 0.0269927978515625 -0.0641021728515625
0.0116348266601563 -0.0360908508300781 0.0142402648925781 -0.0494003295898438
0.010986328125 -0.0407829284667969 0.0139503479003906 -0.0336589813232422
0.0264053344726563 -0.0401420593261719 0.0141239166259766 -0.0205059051513672
0.04754638671875 -0.0221328735351562 -0.00197267532348633 -0.00684833526611328
0.056182861328125 0.00691986083984375 -0.0122642517089844 -0.0139684677124023
0.0381813049316406 0.0538368225097656 -0.0162620544433594 -0.0435104370117188
0.00909423828125 0.084503173828125 0.004241943359375 -0.0596656799316406
-0.0243453979492188 0.0872650146484375 0.0213775634765625 -0.0451278686523437
-0.05462646484375 0.0875930786132813 0.0595932006835938 0.0177459716796875
-0.0110397338867187 0.0874557495117188 0.0266456604003906 0.0348548889160156
0.0195579528808594 0.0701446533203125 0.0321540832519531 0.0440521240234375
0.0536575317382813 0.0369873046875 0.0637130737304688 0.0277137756347656
0.0564041137695313 0.0001068115234375 0.0631599426269531 -0.008636474609375
0.0414543151855469 -0.0361366271972656 0.0460700988769531 -0.0431747436523438
0.0241203308105469 -0.0518989562988281 0.0266342163085937 -0.045745849609375
0.0242271423339844 -0.0492019653320313 0.014862060546875 -0.0317192077636719
0.0241127014160156 -0.0542793273925781 0.0104646682739258 -0.0164299011230469
0.0402946472167969 -0.0489578247070313 0.00859403610229492 -0.00655508041381836
0.0605316162109375 -0.0222282409667969 -0.00821685791015625 0.00460195541381836
0.067230224609375 0.0114173889160156 -0.0171403884887695 -0.00574493408203125
0.039886474609375 0.0634536743164063 -0.0225601196289063 -0.0321273803710937
0.0034027099609375 0.095703125 0.000793457031250001 -0.0375022888183594
-0.0351791381835938 0.0955963134765625 0.00743865966796875 -0.0178203582763672
-0.0720596313476563 0.0808258056640625 0.036956787109375 0.0484199523925781
-0.0334014892578125 0.0938034057617188 0.0140647888183594 0.0617103576660156
0.00681304931640624 0.0885696411132813 0.0261764526367188 0.0570030212402344
0.0573539733886719 0.0582122802734375 0.0525398254394531 0.0380325317382813
0.0699119567871094 0.0107917785644531 0.0493812561035156 0.0032196044921875
0.0581016540527344 -0.0367965698242188 0.0343761444091797 -0.0233287811279297
0.0357208251953125 -0.0580635070800781 0.0211658477783203 -0.02301025390625
0.032379150390625 -0.05389404296875 0.0107326507568359 -0.00879192352294922
0.0348854064941406 -0.0602378845214844 0.00553274154663086 0.00405073165893554
0.0485687255859375 -0.0517959594726562 -1.90734863281216E-05 0.0104570388793945
0.0671577453613281 -0.01873779296875 -0.0169525146484375 0.0145044326782227
0.070037841796875 0.0157432556152344 -0.0229969024658203 0.000957489013671874
0.0351295471191406 0.0678329467773438 -0.0218372344970703 -0.0231533050537109
-0.00518798828125 0.0951080322265625 0.00214004516601563 -0.0147256851196289
-0.0449371337890625 0.0903472900390625 -0.00869274139404297 0.0106077194213867
-0.07342529296875 0.0575942993164062 0.00981903076171875 0.0738754272460938
-0.0482864379882813 0.0797500610351562 -0.00297546386718751 0.0827407836914062
-0.011077880859375 0.0840606689453125 0.0150680541992188 0.0635452270507813
0.0444412231445313 0.0655174255371094 0.0347862243652344 0.0430908203125
0.066375732421875 0.0209808349609375 0.0302772521972656 0.0153007507324219
0.0632438659667969 -0.0294380187988281 0.0188694000244141 -0.00290679931640625
0.0415992736816406 -0.0524024963378906 0.0121183395385742 0.00310897827148437
0.0373306274414063 -0.0497627258300781 0.00560665130615235 0.0145359039306641
0.0396499633789063 -0.0562248229980469 -0.000820159912109374 0.0250644683837891
0.0526275634765625 -0.0453033447265625 -0.0106830596923828 0.0262699127197266
0.0661544799804688 -0.00872421264648438 -0.0266551971435547 0.0224342346191406
0.06158447265625 0.0250587463378906 -0.0271816253662109 0.00232505798339844
0.0174903869628906 0.0662651062011719 -0.0189781188964844 -0.0176620483398438
-0.024871826171875 0.0801773071289063 0.0015714168548584 0.00428271293640137
-0.0582923889160156 0.0645637512207031 -0.0281600952148438 0.0295772552490234
-0.0615425109863281 0.0180816650390625 -0.021484375 0.0842437744140625
-0.0521965026855469 0.0417137145996094 -0.0249862670898438 0.0877838134765625
-0.0276870727539062 0.0561332702636719 0.00113677978515625 0.0630111694335938
0.0177001953125 0.0576820373535156 0.01507568359375 0.0426177978515625
0.0461654663085937 0.0291900634765625 0.00973701477050782 0.0207633972167969
0.055633544921875 -0.0122718811035156 0.00179004669189453 0.0130243301391602
0.0416603088378906 -0.0364494323730469 0.000181198120117192 0.0244827270507813
0.0360603332519531 -0.0365943908691406 -0.00172805786132812 0.0351104736328125
0.0408821105957031 -0.0417594909667969 -0.0104103088378906 0.0427169799804688
0.0496368408203125 -0.0316734313964844 -0.0238838195800781 0.0385971069335938
0.0581398010253906 -0.00119781494140625 -0.0366744995117187 0.0270538330078125
0.0497093200683594 0.0282783508300781 -0.0338573455810547 0.00342559814453125
0.0058135986328125 0.0597610473632813 -0.0195045471191406 -0.013885498046875
-0.032958984375 0.0633316040039062 -0.00321197509765625 0.0177249908447266
-0.057342529296875 0.0410041809082031 -0.0484046936035156 0.0441207885742188
-0.0371818542480469 -0.0142822265625 -0.0351943969726563 0.0874710083007813
-0.0403480529785156 0.00585937499999999 -0.0319747924804688 0.08758544921875
-0.0304603576660156 0.0230293273925781 -0.00170898437500001 0.0584030151367188
-0.00308990478515625 0.0373611450195313 0.00524139404296875 0.0371513366699219
0.0223197937011719 0.0252017974853516 -0.00295066833496094 0.0203113555908203
0.0372467041015625 -0.0003204345703125 -0.00964546203613281 0.0239162445068359
0.0317153930664063 -0.0201416015625 -0.0100250244140625 0.0386924743652344
0.0279216766357422 -0.0203590393066406 -0.00931549072265624 0.0499610900878906
0.0324783325195313 -0.0255470275878906 -0.01898193359375 0.0557823181152344
0.0389862060546875 -0.0181884765625 -0.0359611511230469 0.0489540100097656
0.0434303283691406 0.00594329833984375 -0.0478248596191406 0.0298194885253906
0.0336265563964844 0.0282878875732422 -0.0407295227050781 0.00269699096679688
-0.00764846801757813 0.0453109741210938 -0.0216541290283203 -0.012451171875
-0.0400772094726562 0.0361747741699219 -0.0117092132568359 0.0253219604492188
-0.051483154296875 0.00967788696289063 -0.0684013366699219 0.0476417541503906
0.02447509765625 0.0247936248779297 0.06866455078125 -0.0557327270507813
0.0352706909179688 -0.0103492736816406 0.0215492248535156 -0.021759033203125
0.00985908508300781 -0.0281620025634766 0.0251998901367188 0.0140361785888672
-0.0122509002685547 -0.0232601165771484 0.0581398010253906 0.00122451782226562
-0.0225639343261719 -0.00970649719238282 0.0621376037597656 -0.0376205444335938
-0.0259170532226563 0.00817108154296875 0.0429267883300781 -0.068603515625
-0.0196914672851562 0.00661087036132813 0.0175552368164063 -0.0765380859375
-0.0174598693847656 0.00224494934082032 0.00817108154296874 -0.0631294250488281
-0.0226955413818359 0.00123977661132812 0.0102462768554688 -0.0502128601074219
-0.0172901153564453 -0.0144729614257812 0.0139884948730469 -0.037078857421875
-0.000328063964843752 -0.0257644653320313 0.00432777404785156 -0.023651123046875
0.0189437866210938 -0.0183582305908203 -0.00213623046875 -0.0319290161132813
0.0340137481689453 0.00541877746582031 0.00295639038085938 -0.0643081665039063
0.0322132110595703 0.0291404724121094 0.0222625732421875 -0.0929489135742188
0.014251708984375 0.0407791137695313 0.040191650390625 -0.0891799926757813
-0.000118255615234374 0.0576705932617187 0.0771331787109375 -0.041107177734375
0.0288429260253906 0.0276279449462891 0.0289955139160156 -0.0122165679931641
0.0204238891601563 0.00281524658203125 0.0303916931152344 0.0209770202636719
0.0130977630615234 -0.0087890625 0.0654716491699219 0.0067596435546875
0.00426959991455078 -0.0116548538208008 0.0700569152832031 -0.032318115234375
-0.00465965270996094 -0.0109090805053711 0.048614501953125 -0.0690155029296875
-0.00643539428710938 -0.0170965194702148 0.022735595703125 -0.0777816772460938
-0.00347518920898438 -0.0198097229003906 0.011322021484375 -0.0626029968261719
-0.00621986389160156 -0.0219707489013672 0.0122032165527344 -0.0472030639648438
0.00652885437011719 -0.0293369293212891 0.0169200897216797 -0.0331954956054688
0.0269050598144531 -0.0238685607910156 0.00403022766113281 -0.0179500579833984
0.04083251953125 -0.00302886962890625 -0.00547027587890625 -0.0245018005371094
0.0358734130859375 0.0353469848632813 -0.00696563720703124 -0.0553970336914063
0.0190277099609375 0.0642852783203125 0.0130615234375 -0.080474853515625
-0.00743865966796876 0.0709228515625 0.0347061157226563 -0.0726242065429688
-0.0285263061523437 0.08245849609375 0.0754241943359375 -0.0161819458007812
0.0127067565917969 0.0646514892578125 0.0318965911865234 0.00735855102539063
0.0260238647460938 0.0396080017089844 0.0339145660400391 0.0318622589111328
0.0392494201660156 0.0128402709960938 0.0695571899414063 0.0167694091796875
0.0341911315917969 -0.0102214813232422 0.0718765258789063 -0.0234756469726563
0.0193462371826172 -0.0279788970947266 0.05108642578125 -0.0608749389648437
0.00888824462890625 -0.03955078125 0.0259971618652344 -0.0680999755859375
0.0104713439941406 -0.0388908386230469 0.0128288269042969 -0.0528450012207031
0.0103607177734375 -0.0431175231933594 0.0120582580566406 -0.0364456176757813
0.0262374877929688 -0.0427932739257812 0.0130691528320313 -0.0242061614990234
0.0483932495117188 -0.0247535705566406 -0.00235176086425781 -0.00900745391845703
0.0587997436523437 0.00549697875976563 -0.011683464050293 -0.0161819458007812
0.0414047241210938 0.0553665161132813 -0.01708984375 -0.0453376770019531
0.01220703125 0.0887603759765625 0.00463485717773438 -0.0623703002929687
-0.0229339599609375 0.091339111328125 0.0225028991699219 -0.0493125915527344
-0.0558242797851562 0.0936660766601563 0.0623779296875 0.0163726806640625
-0.00913238525390624 0.0924758911132813 0.0274658203125 0.0345859527587891
0.023193359375 0.07342529296875 0.0323257446289063 0.0463600158691406
0.0578346252441406 0.03692626953125 0.0669097900390625 0.0281181335449219
0.0598793029785156 -0.00249481201171875 0.0661468505859375 -0.00994873046875
0.0434646606445313 -0.0391426086425781 0.046478271484375 -0.043914794921875
0.0234107971191406 -0.0558929443359375 0.0260162353515625 -0.0498886108398438
0.0233116149902344 -0.0532112121582031 0.0125770568847656 -0.0345821380615234
0.0241127014160156 -0.0584716796875 0.00970268249511719 -0.0185279846191406
0.0404396057128906 -0.0523643493652344 0.00733613967895508 -0.00874805450439453
0.0637779235839844 -0.0255508422851563 -0.00886535644531249 0.00267410278320312
0.070953369140625 0.0099639892578125 -0.0175189971923828 -0.00701999664306641
0.0442008972167969 0.0665245056152344 -0.0229225158691406 -0.0334892272949219
0.00702667236328124 0.100753784179688 0.0010528564453125 -0.0400047302246094
-0.0344009399414062 0.101005554199219 0.00793075561523437 -0.0199565887451172
-0.073211669921875 0.0871429443359375 0.0392341613769531 0.0492935180664063
-0.0319595336914063 0.100982666015625 0.0147209167480469 0.0624771118164063
0.0100021362304688 0.0944290161132812 0.0265426635742187 0.0586433410644531
0.0623435974121094 0.0596580505371094 0.054962158203125 0.0389328002929688
0.0738906860351562 0.00930023193359375 0.0514907836914063 0.003936767578125
0.0609703063964844 -0.0400733947753906 0.0360832214355469 -0.0239372253417969
0.0353546142578125 -0.0627212524414063 0.0211582183837891 -0.0240612030029297
0.0328216552734375 -0.0587577819824219 0.0102653503417969 -0.0104846954345703
0.0341300964355469 -0.0656318664550781 0.00509738922119141 0.0035400390625
0.0491409301757813 -0.0558395385742187 -0.000905990600585935 0.00891590118408203
0.0703887939453125 -0.022979736328125 -0.0165424346923828 0.0146608352661133
0.074371337890625 0.01446533203125 -0.0241127014160156 5.34057617187534E-05
0.0398483276367188 0.071258544921875 -0.0230312347412109 -0.0238056182861328
-0.00180053710937499 0.100685119628906 0.00235462188720703 -0.0169153213500977
-0.04449462890625 0.0964889526367188 -0.00818634033203125 0.00967025756835938
-0.0764694213867188 0.063629150390625 0.01129150390625 0.07666015625
-0.04833984375 0.084869384765625 -0.00257873535156251 0.08416748046875
-0.00846099853515626 0.0901641845703125 0.0159568786621094 0.0660514831542969
0.0498580932617188 0.0680580139160156 0.0365447998046875 0.0439338684082031
0.0718231201171875 0.0201492309570313 0.0318470001220703 0.0166034698486328
0.0658645629882813 -0.0327987670898438 0.0195693969726563 -0.00174331665039063
0.04217529296875 -0.0573348999023438 0.0131168365478516 0.00297355651855468
0.03680419921875 -0.0546340942382813 0.00673294067382813 0.0145130157470703
0.0393142700195313 -0.0616264343261719 -0.000564575195312496 0.0260391235351562
0.0539321899414063 -0.0502738952636719 -0.0110950469970703 0.0270252227783203
0.069091796875 -0.0116348266601563 -0.02789306640625 0.0228195190429687
0.066314697265625 0.024017333984375 -0.0285758972167969 0.00115585327148437
0.0209770202636719 0.0702133178710938 -0.0199470520019531 -0.0187110900878906
-0.0235061645507813 0.0850601196289063 0.00175261497497558 0.00331783294677735
-0.0587196350097656 0.070220947265625 -0.0291175842285156 0.0300827026367188
-0.0646896362304688 0.0225410461425781 -0.0205917358398438 0.0889892578125
-0.053924560546875 0.0463905334472656 -0.0251388549804688 0.0912628173828125
-0.0276565551757813 0.0620040893554687 0.00117492675781249 0.064727783203125
0.0210456848144531 0.0609245300292969 0.0156669616699219 0.04412841796875
0.0495529174804688 0.0283203125 0.0103321075439453 0.0223674774169922
0.0573616027832031 -0.0154151916503906 0.00271987915039063 0.0154867172241211
0.0423049926757813 -0.0396461486816406 0.00107192993164063 0.0257015228271484
0.0362625122070313 -0.0411186218261719 -0.0010986328125 0.0360145568847656
0.0409889221191406 -0.0462226867675781 -0.0101051330566406 0.0446701049804688
0.0513992309570313 -0.0363960266113281 -0.024444580078125 0.0405807495117188
0.0615196228027344 -0.00371932983398437 -0.0380516052246094 0.0290870666503906
0.0543022155761719 0.0281562805175781 -0.0362052917480469 0.00379180908203125
0.008056640625 0.0631942749023438 -0.0201625823974609 -0.014739990234375
-0.0320510864257813 0.067901611328125 -0.00232315063476563 0.0180606842041016
-0.0590934753417969 0.045440673828125 -0.04974365234375 0.0461540222167969
-0.03936767578125 -0.0123405456542969 -0.0370864868164063 0.0914306640625
-0.0416336059570313 0.00815963745117187 -0.0327529907226562 0.0919952392578125
-0.0313663482666016 0.0256423950195313 -0.00159072875976563 0.0594825744628906
-0.00157928466796875 0.0393524169921875 0.00442886352539062 0.0384063720703125
0.0248546600341797 0.025360107421875 -0.00322723388671875 0.0226097106933594
0.0394363403320313 -0.00182342529296875 -0.00894927978515625 0.0265617370605469
0.0320186614990234 -0.0227527618408203 -0.00850677490234375 0.0417060852050781
0.0289268493652344 -0.0226593017578125 -0.00854873657226562 0.051361083984375
0.0330810546875 -0.0284900665283203 -0.0181198120117187 0.0594978332519531
0.0410232543945312 -0.0208549499511719 -0.0364761352539062 0.0511093139648438
0.0460891723632813 0.0037384033203125 -0.0497512817382812 0.0321884155273438
0.0365371704101563 0.0282745361328125 -0.0434913635253906 0.0023040771484375
-0.00555419921875 0.048553466796875 -0.0226917266845703 -0.0142421722412109
-0.0402870178222656 0.0393409729003906 -0.0112457275390625 0.0256004333496094
-0.0530548095703125 0.0120391845703125 -0.0704421997070313 0.050262451171875
0.0271663665771484 0.0242290496826172 0.070404052734375 -0.061981201171875
0.0361213684082031 -0.0119552612304688 0.0203666687011719 -0.0238800048828125
0.00839614868164063 -0.0297279357910156 0.0267772674560547 0.0144844055175781
-0.0143413543701172 -0.0234127044677734 0.0609054565429687 -0.000358581542968751
-0.0245018005371094 -0.00772285461425782 0.0630645751953125 -0.0418510437011719
-0.026275634765625 0.0103206634521484 0.0411376953125 -0.0750885009765625
-0.0195770263671875 0.00895118713378906 0.0135650634765625 -0.0807342529296875
-0.0179805755615234 0.0038299560546875 0.00422286987304687 -0.0670928955078125
-0.0236644744873047 0.00319290161132812 0.00638198852539062 -0.0534477233886719
-0.0190219879150391 -0.01336669921875 0.0116844177246094 -0.0414886474609375
-0.00239753723144531 -0.0264511108398438 0.00357437133789062 -0.0270862579345703
0.0185451507568359 -0.0203170776367188 -0.00258636474609375 -0.0341377258300781
0.0363616943359375 0.00318527221679688 0.00193023681640625 -0.0665397644042969
0.0348758697509766 0.0286273956298828 0.0197525024414062 -0.0979080200195312
0.0166854858398437 0.0409126281738281 0.0383834838867188 -0.096893310546875
0.002777099609375 0.0606040954589844 0.079315185546875 -0.0463790893554688
0.0317192077636719 0.0281047821044922 0.0288715362548828 -0.0134029388427734
0.0217990875244141 0.00209617614746094 0.0316982269287109 0.0217170715332031
0.0137348175048828 -0.00951099395751953 0.0684394836425781 0.00481414794921875
0.00387477874755859 -0.0126800537109375 0.0710601806640625 -0.0376129150390625
-0.00594902038574219 -0.0104169845581055 0.048004150390625 -0.0749282836914063
-0.00769996643066406 -0.0179996490478516 0.0186233520507813 -0.0824432373046875
-0.00501441955566406 -0.0202369689941406 0.00740432739257813 -0.0670394897460938
-0.00706291198730469 -0.0226593017578125 0.00946044921874999 -0.051025390625
0.00506210327148438 -0.0301933288574219 0.0144004821777344 -0.0379905700683594
0.0265369415283203 -0.0263023376464844 0.00278282165527344 -0.0208530426025391
0.0420722961425781 -0.00518798828125 -0.00591850280761719 -0.0267086029052734
0.0403289794921875 0.035125732421875 -0.008758544921875 -0.0579299926757813
0.0237617492675781 0.0659561157226563 0.00970458984375001 -0.0853805541992188
-0.00444793701171875 0.07421875 0.0334014892578125 -0.0794296264648438
-0.0255355834960938 0.0888290405273437 0.0790481567382812 -0.02044677734375
0.0174980163574219 0.0674629211425781 0.0325851440429688 0.00585174560546876
0.0298004150390625 0.0409355163574219 0.03607177734375 0.0325393676757813
0.0419387817382813 0.0112113952636719 0.072784423828125 0.0149002075195313
0.0352058410644531 -0.0119857788085938 0.0739364624023438 -0.0275497436523438
0.019256591796875 -0.0302181243896484 0.0500259399414063 -0.0658302307128906
0.006378173828125 -0.0422134399414063 0.0233230590820312 -0.0734634399414063
0.00843048095703125 -0.0416641235351562 0.00898361206054688 -0.056854248046875
0.0081329345703125 -0.0462799072265625 0.009185791015625 -0.0392608642578125
0.0246124267578125 -0.0457878112792969 0.0109500885009766 -0.0281848907470703
0.0492057800292969 -0.0285873413085938 -0.00234889984130859 -0.0114917755126953
0.0617218017578125 0.00199508666992188 -0.0116157531738281 -0.0176849365234375
0.0465583801269531 0.0560951232910156 -0.0188636779785156 -0.0465927124023438
0.0174026489257812 0.0924072265625 0.0012969970703125 -0.0659332275390625
-0.0193557739257812 0.097076416015625 0.0218276977539063 -0.0543251037597656
-0.0527267456054687 0.102546691894531 0.0668296813964844 0.0135917663574219
-0.004150390625 0.0980682373046875 0.0291824340820312 0.0336780548095703
0.0283737182617188 0.0772171020507813 0.0355567932128906 0.0471649169921875
0.0634117126464844 0.0362548828125 0.0701789855957031 0.0269126892089844
0.0633926391601563 -0.00624465942382812 0.0675582885742188 -0.0128822326660156
0.0427742004394531 -0.042877197265625 0.0459747314453125 -0.0485496520996094
0.0210990905761719 -0.0601463317871094 0.0241889953613281 -0.0537567138671875
0.0201263427734375 -0.0572433471679688 0.0100975036621094 -0.0375442504882813
0.0212631225585938 -0.0634384155273438 0.00753402709960938 -0.0203971862792969
0.0389595031738281 -0.0579795837402344 0.00630664825439453 -0.0119857788085938
0.0650711059570313 -0.0308265686035156 -0.00986576080322265 0.000793457031249998
0.0753707885742188 0.00583648681640625 -0.0192394256591797 -0.00792312622070313
0.0507392883300781 0.0683059692382813 -0.0247211456298828 -0.0346908569335937
0.0134048461914063 0.106544494628906 -0.00088882446289062 -0.0424461364746094
-0.0304412841796875 0.108291625976562 0.00861930847167969 -0.0236835479736328
-0.0718994140625 0.0965805053710938 0.0438461303710937 0.04962158203125
-0.0286026000976563 0.108146667480469 0.0174407958984375 0.0635452270507813
0.01666259765625 0.0999298095703125 0.0290679931640625 0.0600395202636719
0.0692863464355469 0.0583457946777344 0.0577316284179688 0.03814697265625
0.0789413452148438 0.0045166015625 0.0542984008789063 0.00350570678710938
0.0611534118652344 -0.0464248657226562 0.0363960266113281 -0.0256233215332031
0.0326194763183594 -0.0679206848144531 0.0204086303710938 -0.0268344879150391
0.0297622680664063 -0.0642433166503906 0.0099029541015625 -0.011897087097168
0.0308456420898437 -0.0715408325195312 0.00507783889770508 0.00338411331176757
0.0485992431640625 -0.06298828125 -0.00161361694335937 0.00815153121948242
0.0730361938476563 -0.029449462890625 -0.0173931121826172 0.0153112411499023
0.079986572265625 0.0103836059570313 -0.0244693756103516 0.000150680541992187
0.0470733642578125 0.0725021362304688 -0.0252876281738281 -0.0244159698486328
0.00457000732421875 0.106414794921875 0.00151252746582031 -0.0178737640380859
-0.0412445068359375 0.1036376953125 -0.00804471969604492 0.00846862792968751
-0.076507568359375 0.0722198486328125 0.015350341796875 0.0802383422851563
-0.0461654663085938 0.0927352905273438 0.000122070312499998 0.0877227783203125
-0.00283050537109376 0.097381591796875 0.0188751220703125 0.0682296752929688
0.0562896728515625 0.06829833984375 0.0397186279296875 0.0449676513671875
0.07659912109375 0.0170364379882812 0.0330581665039063 0.0170822143554688
0.0669441223144531 -0.0389595031738281 0.0212650299072266 -0.00162124633789063
0.0397186279296875 -0.0632400512695313 0.0139684677124023 0.00182533264160156
0.0347099304199219 -0.060516357421875 0.00701713562011719 0.0132980346679687
0.0377883911132813 -0.06817626953125 0.000272750854492189 0.0274925231933594
0.0532875061035156 -0.0568695068359375 -0.0112552642822266 0.0279617309570312
0.0722198486328125 -0.017669677734375 -0.0283851623535156 0.0238151550292969
0.0719375610351563 0.0211563110351563 -0.0299625396728516 0.00279998779296876
0.0264053344726563 0.0733642578125 -0.0215778350830078 -0.0192222595214844
-0.0196533203125 0.0923690795898438 0.00294351577758789 0.00290036201477051
-0.0574493408203125 0.0768585205078125 -0.0282611846923828 0.0319366455078125
-0.0667762756347656 0.0283927917480469 -0.0182266235351563 0.094268798828125
-0.0541572570800781 0.0523033142089844 -0.0227813720703125 0.0959701538085938
-0.025054931640625 0.0684242248535156 0.003326416015625 0.0672988891601563
0.0266685485839844 0.062957763671875 0.0179023742675781 0.0454292297363281
0.0547294616699219 0.0273666381835938 0.0111904144287109 0.024749755859375
0.0597686767578125 -0.0196304321289063 0.00386047363281251 0.0177497863769531
0.0413894653320313 -0.0451736450195313 0.00285148620605469 0.02691650390625
0.034637451171875 -0.0462760925292969 0.00123977661132813 0.0367851257324219
0.03924560546875 -0.0516510009765625 -0.00780868530273438 0.0471000671386719
0.0514678955078125 -0.0418205261230469 -0.0232467651367187 0.0436134338378906
0.0648574829101563 -0.00880050659179688 -0.0386314392089844 0.031951904296875
0.0594406127929688 0.0258827209472656 -0.0374946594238281 0.00484848022460938
0.0123291015625 0.0669097900390625 -0.0217876434326172 -0.0148830413818359
-0.0288162231445313 0.07391357421875 -0.000572204589843752 0.0177707672119141
-0.0585784912109375 0.0515670776367187 -0.0490455627441406 0.0506095886230469
-0.042266845703125 -0.00996017456054688 -0.0345687866210938 0.0986785888671875
-0.0440483093261719 0.0115089416503906 -0.0299835205078125 0.0969696044921875
-0.0313644409179688 0.0307693481445312 -0.000400543212890621 0.0625038146972656
0.00195693969726562 0.0416717529296875 0.0054931640625 0.0410690307617188
0.0280189514160156 0.0243377685546875 -0.00223159790039063 0.0254154205322266
0.0408706665039063 -0.00506973266601563 -0.00699043273925781 0.0303268432617188
0.0320606231689453 -0.0264110565185547 -0.00553131103515625 0.0435829162597656
0.0285053253173828 -0.0263462066650391 -0.0050506591796875 0.0540695190429688
0.0326347351074219 -0.0328502655029297 -0.0152511596679687 0.0635643005371094
0.0415992736816406 -0.0251579284667969 -0.0359268188476563 0.0553970336914063
0.0483322143554687 0.00064849853515625 -0.0508384704589844 0.0364418029785156
0.040802001953125 0.0265426635742187 -0.0453987121582031 0.00408554077148437
-0.00301742553710938 0.0513076782226563 -0.0237331390380859 -0.0136833190917969
-0.0394401550292969 0.0439033508300781 -0.00915908813476563 0.0265426635742188
-0.05377197265625 0.015716552734375 -0.0712356567382813 0.0564422607421875
0.0295276641845703 0.0219879150390625 0.0679550170898438 -0.0682220458984375
0.0355148315429688 -0.0149955749511719 0.0181083679199219 -0.0248470306396484
0.0064544677734375 -0.0308990478515625 0.0280990600585938 0.0139102935791016
-0.0164794921875 -0.0225658416748047 0.0622444152832031 -0.00411224365234375
-0.0254173278808594 -0.00523185729980469 0.0613555908203125 -0.0472908020019531
-0.0252017974853516 0.0140571594238281 0.0361175537109375 -0.07958984375
-0.0192279815673828 0.0112495422363281 0.00762176513671874 -0.084014892578125
-0.0182228088378906 0.00576972961425781 -0.00188827514648438 -0.068267822265625
-0.0227928161621094 0.00592613220214843 0.00178146362304687 -0.0554885864257813
-0.0202522277832031 -0.0113792419433594 0.0074615478515625 -0.0441703796386719
-0.00527572631835938 -0.0263023376464844 0.00243186950683593 -0.0297126770019531
0.0167522430419922 -0.0223369598388672 -0.003662109375 -0.0360565185546875
0.0372543334960938 0.0001678466796875 -0.00185775756835937 -0.0678062438964844
0.0379905700683594 0.0256881713867187 0.0140304565429687 -0.100608825683594
0.0201568603515625 0.0403785705566406 0.032501220703125 -0.103775024414063
0.00728225708007813 0.0619659423828125 0.0783309936523438 -0.0532608032226563
0.0343189239501953 0.0266895294189453 0.0277442932128906 -0.0151691436767578
0.0231857299804687 0.00178337097167969 0.0336971282958984 0.0205059051513672
0.0131235122680664 -0.0104598999023438 0.0708084106445312 0.001251220703125
0.00296878814697266 -0.0124063491821289 0.0699234008789063 -0.0433120727539063
-0.00564861297607422 -0.01007080078125 0.042724609375 -0.0806655883789063
-0.00915813446044922 -0.0173072814941406 0.0123291015625 -0.0858993530273438
-0.00714874267578125 -0.0202903747558594 0.00124359130859375 -0.0683822631835938
-0.00898361206054687 -0.0227737426757813 0.00427246093750001 -0.0534706115722656
0.00287628173828125 -0.0313720703125 0.010162353515625 -0.0410041809082031
0.0239238739013672 -0.0290203094482422 0.00147628784179688 -0.0236530303955078
0.0431022644042969 -0.00864791870117187 -0.00658226013183593 -0.0282936096191406
0.0439949035644531 0.0323753356933594 -0.0115776062011719 -0.0581550598144531
0.0290946960449219 0.0649299621582031 0.00492858886718749 -0.0869598388671875
0.00118255615234375 0.0759353637695313 0.0291290283203125 -0.0854110717773437
-0.0190658569335938 0.0930099487304688 0.0792007446289063 -0.0269622802734375
0.0229530334472656 0.0688896179199219 0.0318775177001953 0.00417709350585938
0.0341072082519531 0.0403671264648437 0.0381851196289063 0.0320243835449219
0.0441322326660156 0.00860595703125 0.075408935546875 0.0107650756835938
0.035064697265625 -0.0151424407958984 0.0729598999023438 -0.0330047607421875
0.0172576904296875 -0.0316905975341797 0.0462875366210938 -0.071258544921875
0.00308990478515625 -0.0440254211425781 0.0170211791992188 -0.0769119262695313
0.00447845458984374 -0.0436210632324219 0.00409317016601563 -0.0583610534667969
0.00470733642578125 -0.0480613708496094 0.00501251220703125 -0.0412483215332031
0.0216903686523438 -0.0491714477539063 0.00775527954101562 -0.0310440063476563
0.0479621887207031 -0.0334129333496094 -0.00317859649658203 -0.0138263702392578
0.063751220703125 -0.00272750854492188 -0.0126323699951172 -0.0186786651611328
0.0525436401367188 0.054840087890625 -0.0211677551269531 -0.0460853576660156
0.0254898071289063 0.0940475463867188 -0.002288818359375 -0.0676841735839844
-0.012542724609375 0.10137939453125 0.0192527770996094 -0.0587654113769531
-0.0463790893554688 0.109207153320313 0.0695724487304688 0.00924682617187501
0.00301361083984375 0.101356506347656 0.0304317474365234 0.0322036743164063
0.0360488891601562 0.0782470703125 0.03790283203125 0.0462722778320313
0.0686798095703125 0.033172607421875 0.073150634765625 0.0233230590820313
0.0636634826660156 -0.0118293762207031 0.0687789916992188 -0.0174598693847656
0.0411529541015625 -0.0477867126464844 0.0446624755859375 -0.0523033142089844
0.0157203674316406 -0.0633430480957031 0.0195693969726563 -0.0567054748535156
0.014984130859375 -0.0609664916992188 0.00655364990234375 -0.0391960144042969
0.0164299011230469 -0.0674400329589844 0.0048370361328125 -0.0219554901123047
0.0347213745117187 -0.0626411437988281 0.00376510620117188 -0.0134449005126953
0.0643768310546875 -0.0376129150390625 -0.0104408264160156 0.000211715698242184
0.07794189453125 -0.000274658203125 -0.0190010070800781 -0.00869369506835938
0.0578651428222656 0.066131591796875 -0.0266971588134766 -0.03369140625
0.02227783203125 0.108367919921875 -0.00329208374023437 -0.0434799194335937
-0.0231170654296875 0.113258361816406 0.00715446472167968 -0.0262470245361328
-0.0661087036132812 0.105857849121094 0.0483894348144531 0.048126220703125
-0.0205001831054688 0.113731384277344 0.0205001831054688 0.0628433227539063
0.0257415771484375 0.102645874023438 0.0324134826660156 0.0599708557128906
0.0765609741210938 0.0547332763671875 0.0618095397949219 0.0360946655273437
0.081329345703125 -0.00225830078125 0.0552024841308594 0.000789642333984375
0.0587501525878906 -0.0524139404296875 0.0355491638183594 -0.0276336669921875
0.0273895263671875 -0.0726470947265625 0.0188941955566406 -0.0292110443115234
0.0242042541503906 -0.0692481994628906 0.00820541381835938 -0.0138149261474609
0.0257720947265625 -0.0765457153320313 0.0042259693145752 0.00278973579406738
0.0437088012695313 -0.0691261291503906 -0.00173568725585937 0.00727748870849609
0.0723037719726563 -0.0371322631835938 -0.017216682434082 0.0150871276855469
0.08197021484375 0.00382232666015625 -0.02471923828125 3.81469726562492E-05
0.0546188354492188 0.072052001953125 -0.0265331268310547 -0.0235080718994141
0.01361083984375 0.110496520996094 0.000682830810546875 -0.0195446014404297
-0.0343780517578125 0.110237121582031 -0.00712156295776367 0.0075216293334961
-0.0727996826171875 0.0802383422851563 0.02117919921875 0.0807266235351563
-0.0403060913085938 0.0995712280273438 0.0045623779296875 0.088531494140625
0.00520324707031251 0.101890563964844 0.0216407775878906 0.0674057006835938
0.064178466796875 0.0665969848632813 0.0425376892089844 0.0442428588867188
0.0799484252929688 0.0101089477539063 0.0353622436523438 0.015899658203125
0.0660514831542969 -0.0452194213867188 0.0222148895263672 -0.00161552429199219
0.034332275390625 -0.0685577392578125 0.0140552520751953 0.00038814544677734
0.0293197631835937 -0.0649833679199219 0.0078277587890625 0.0134172439575195
0.031646728515625 -0.0734024047851563 0.0017852783203125 0.0278854370117188
0.0490798950195313 -0.0633354187011719 -0.00985908508300781 0.0281333923339844
0.0733795166015625 -0.024871826171875 -0.0275287628173828 0.02606201171875
0.0754928588867188 0.01513671875 -0.0312671661376953 0.00410270690917969
0.033538818359375 0.074371337890625 -0.0229625701904297 -0.018035888671875
-0.01202392578125 0.0968475341796875 0.00336384773254394 0.00182628631591797
-0.05303955078125 0.0837783813476563 -0.0264396667480469 0.0333881378173828
-0.0663566589355469 0.0351829528808594 -0.0125732421875 0.098785400390625
-0.0511741638183594 0.0586051940917969 -0.017364501953125 0.0992202758789063
-0.0199966430664063 0.0733261108398438 0.00679016113281251 0.0684585571289063
0.0329360961914063 0.0627021789550781 0.0195579528808594 0.0462150573730469
0.0585708618164063 0.0224342346191406 0.013671875 0.025787353515625
0.0599288940429688 -0.0259246826171875 0.00644111633300782 0.0191307067871094
0.0380363464355469 -0.0503463745117188 0.00613212585449219 0.0269718170166016
0.0312271118164062 -0.0506553649902344 0.00400543212890625 0.0371627807617188
0.0353622436523438 -0.0567703247070312 -0.00489425659179688 0.0497169494628906
0.048675537109375 -0.0477371215820313 -0.0213241577148437 0.0459518432617188
0.06573486328125 -0.0146865844726563 -0.0379905700683594 0.0354270935058594
0.0631866455078125 0.0216827392578125 -0.0386619567871094 0.00768661499023438
0.0187034606933594 0.0680084228515625 -0.0229892730712891 -0.0143108367919922
-0.0231781005859375 0.0795669555664063 0.001220703125 0.0176849365234375
-0.0558624267578125 0.0572166442871094 -0.0468902587890625 0.0545539855957031
-0.0447883605957031 -0.00571823120117187 -0.029052734375 0.104774475097656
-0.0442047119140625 0.01611328125 -0.0251388549804688 0.100936889648438
-0.0291004180908203 0.0349884033203125 0.00250244140625 0.0626068115234375
0.00566864013671875 0.0432548522949219 0.00715255737304688 0.0417938232421875
0.0314865112304688 0.0228939056396484 -0.00045204162597656 0.0278987884521484
0.0415878295898437 -0.00931930541992187 -0.0039215087890625 0.0327529907226562
0.0295219421386719 -0.0294303894042969 -0.00118637084960938 0.0448265075683594
0.0263881683349609 -0.0295753479003906 -0.000610351562500001 0.055267333984375
0.0305213928222656 -0.0366744995117188 -0.0103302001953125 0.0663108825683594
0.0398712158203125 -0.02984619140625 -0.0327186584472656 0.0593032836914063
0.0500335693359375 -0.00400161743164062 -0.049896240234375 0.04107666015625
0.043243408203125 0.0243148803710938 -0.0462875366210937 0.00703048706054687
0.00093460083007813 0.0542373657226562 -0.0254669189453125 -0.0133552551269531
-0.0363121032714844 0.0486679077148438 -0.00741004943847657 0.0268974304199219
-0.0535392761230469 0.02001953125 -0.0692214965820313 0.0627861022949219
0.0307579040527344 0.0204601287841797 0.0641632080078125 -0.0721359252929688
0.0341415405273437 -0.0173606872558594 0.0164051055908203 -0.0254230499267578
0.00420379638671875 -0.0309906005859375 0.0282802581787109 0.0127925872802734
-0.0188312530517578 -0.0207958221435547 0.0613861083984375 -0.00694656372070313
-0.0259037017822266 -0.00304412841796875 0.0576362609863281 -0.0504341125488281
-0.0233783721923828 0.0158882141113281 0.029754638671875 -0.0813827514648438
-0.0184364318847656 0.0134220123291016 0.00130462646484374 -0.0834426879882813
-0.0172691345214844 0.00834941864013672 -0.00727844238281249 -0.0675315856933594
-0.0218143463134766 0.00766754150390625 -0.00317764282226563 -0.0556831359863281
-0.0209312438964844 -0.00918006896972656 0.00295639038085938 -0.0454788208007813
-0.00756072998046875 -0.0251102447509766 0.000797271728515627 -0.0307083129882813
0.0146083831787109 -0.0231971740722656 -0.00490188598632812 -0.0369453430175781
0.0364227294921875 -0.002655029296875 -0.00434112548828124 -0.0667495727539063
0.0392189025878906 0.0228958129882812 0.00814056396484374 -0.100563049316406
0.0230140686035156 0.0385818481445313 0.0261764526367188 -0.106285095214844
0.0109634399414062 0.0607757568359375 0.074493408203125 -0.0587387084960937
0.0360870361328125 0.0240936279296875 0.0250606536865234 -0.0172176361083984
0.0233020782470703 0.000276565551757813 0.0340652465820313 0.01885986328125
0.0125446319580078 -0.011561393737793 0.0699577331542969 -0.00124740600585938
0.00210952758789062 -0.0119752883911133 0.0659828186035156 -0.0466842651367187
-0.00587177276611328 -0.00959396362304687 0.037200927734375 -0.08203125
-0.0101308822631836 -0.0157527923583984 0.00591278076171874 -0.0863113403320313
-0.00810050964355469 -0.0197811126708984 -0.00528335571289063 -0.0676536560058594
-0.0104961395263672 -0.0223655700683594 -0.00105667114257813 -0.0535354614257813
0.00075340270996094 -0.0305881500244141 0.00530624389648437 -0.0430068969726563
0.0212860107421875 -0.0298957824707031 -0.000179290771484371 -0.025238037109375
0.0414352416992188 -0.0114898681640625 -0.00706100463867187 -0.0293655395507813
0.0460929870605469 0.0296669006347656 -0.0139541625976562 -0.0562248229980469
0.0330238342285156 0.0633811950683594 -0.000228881835937496 -0.0868606567382813
0.0059661865234375 0.0752716064453125 0.0238037109375 -0.0885238647460937
-0.0128936767578125 0.0946273803710937 0.0773696899414063 -0.03204345703125
0.0268745422363281 0.0670547485351563 0.0309562683105469 0.00177001953125
0.0372734069824219 0.038818359375 0.0386810302734375 0.0297584533691406
0.0450057983398437 0.006011962890625 0.0749435424804687 0.00701141357421875
0.0346641540527344 -0.0174312591552734 0.070159912109375 -0.0366172790527344
0.0157432556152344 -0.0326709747314453 0.0407943725585938 -0.07293701171875
-0.000701904296874999 -0.0438156127929688 0.0112686157226562 -0.07757568359375
0.000900268554687496 -0.0431632995605469 -0.00119781494140626 -0.0577583312988281
0.0011444091796875 -0.0483741760253906 0.000907897949218751 -0.0416793823242188
0.0179481506347656 -0.0505104064941406 0.00327110290527344 -0.0319976806640625
0.0453147888183594 -0.0364646911621094 -0.00518703460693359 -0.0147342681884766
0.063018798828125 -0.00720977783203125 -0.0132331848144531 -0.0191192626953125
0.0562477111816406 0.0505790710449219 -0.0227851867675781 -0.0442962646484375
0.0318374633789063 0.0921478271484375 -0.00656509399414063 -0.067626953125
-0.00638580322265625 0.101844787597656 0.016021728515625 -0.0622825622558594
-0.0382614135742188 0.112785339355469 0.0697708129882812 0.00410461425781251
0.0104217529296875 0.101142883300781 0.0314807891845703 0.029998779296875
0.0420303344726562 0.0762557983398437 0.038848876953125 0.0437202453613281
0.0705184936523438 0.02825927734375 0.0724639892578125 0.0196990966796875
0.0629158020019531 -0.0163192749023438 0.0676193237304688 -0.0213699340820313
0.0375633239746094 -0.0500068664550781 0.0406951904296875 -0.0542068481445313
0.0109748840332031 -0.0641021728515625 0.0154685974121094 -0.0576171875
0.0103492736816406 -0.0616798400878906 0.00241470336914063 -0.0397529602050781
0.0104446411132812 -0.0680313110351563 0.00222969055175781 -0.0222320556640625
0.0300064086914063 -0.0651626586914063 0.00136947631835938 -0.0153398513793945
0.0611038208007813 -0.0418281555175781 -0.0106487274169922 -0.000587463378906254
0.0780410766601563 -0.0060577392578125 -0.0193328857421875 -0.00871086120605469
0.0629653930664063 0.062957763671875 -0.0274467468261719 -0.0317001342773437
0.0306320190429688 0.107635498046875 -0.00589752197265625 -0.044189453125
-0.0157623291015625 0.114448547363281 0.006011962890625 -0.0290126800537109
-0.0580215454101562 0.110305786132813 0.0507087707519531 0.0439109802246094
-0.0126113891601562 0.114570617675781 0.0235519409179688 0.0612869262695313
0.0338516235351562 0.101394653320313 0.0339813232421875 0.0574188232421875
0.080230712890625 0.050140380859375 0.0624732971191406 0.0328140258789063
0.0808029174804688 -0.0078125 0.0548515319824219 -0.00201797485351563
0.054901123046875 -0.0564079284667969 0.0340118408203125 -0.0288162231445313
0.0215835571289063 -0.0741043090820313 0.0159816741943359 -0.0297718048095703
0.0188331604003906 -0.0694999694824219 0.00613784790039063 -0.014434814453125
0.0186080932617187 -0.0783309936523438 0.00338983535766602 0.00246930122375488
0.0380706787109375 -0.0722122192382813 -0.00306272506713867 0.00625324249267578
0.0694084167480469 -0.04290771484375 -0.0176525115966797 0.0150356292724609
0.082672119140625 -0.00254058837890625 -0.0247268676757812 0.001373291015625
0.0601921081542969 0.068359375 -0.0278720855712891 -0.0222434997558594
0.02166748046875 0.110069274902344 -0.000694274902343749 -0.0199642181396484
-0.0273208618164062 0.111953735351563 -0.00600194931030274 0.00586032867431641
-0.0673675537109375 0.0863571166992188 0.0254135131835938 0.0797348022460938
-0.0324020385742188 0.10223388671875 0.00981903076171875 0.0875320434570313
0.0131912231445312 0.1015625 0.0243949890136719 0.0664787292480469
0.0683555603027344 0.0618705749511719 0.0439605712890625 0.0419540405273438
0.0802230834960938 0.00434112548828125 0.036102294921875 0.0153236389160156
0.0624847412109375 -0.0500679016113281 0.0222187042236328 -0.00244140625
0.029083251953125 -0.0702705383300781 0.0147409439086914 -0.000227928161621098
0.02423095703125 -0.0668258666992188 0.00783634185791016 0.0117044448852539
0.0258560180664063 -0.0755081176757813 0.00351715087890625 0.0275344848632812
0.0433883666992188 -0.0670433044433594 -0.0093841552734375 0.0285549163818359
0.07147216796875 -0.0306396484375 -0.0264759063720703 0.0274524688720703
0.0770416259765625 0.009521484375 -0.0313720703125 0.00470352172851563
0.0393447875976563 0.0720367431640625 -0.02264404296875 -0.0169734954833984
-0.004058837890625 0.0983657836914063 0.00427412986755371 0.000885963439941412
-0.0466384887695313 0.0872344970703125 -0.0237922668457031 0.0341148376464844
-0.063873291015625 0.0405616760253906 -0.00657653808593751 0.0993576049804688
-0.0466651916503906 0.0624618530273437 -0.0124588012695312 0.0990524291992188
-0.0134811401367188 0.0761566162109375 0.0089263916015625 0.0667915344238281
0.0383720397949219 0.061004638671875 0.0208969116210938 0.04571533203125
0.0604171752929687 0.0180931091308594 0.0153293609619141 0.0265960693359375
0.0575103759765625 -0.0302963256835938 0.00885772705078126 0.0194339752197266
0.0333938598632812 -0.0529747009277344 0.00754928588867188 0.0258922576904297
0.0270042419433594 -0.0530548095703125 0.00617599487304688 0.0364265441894531
0.0300102233886719 -0.0595207214355469 -0.00101089477539063 0.0498733520507812
0.0446891784667969 -0.0517807006835937 -0.0185317993164063 0.0459747314453125
0.0646514892578125 -0.0204124450683594 -0.0358123779296875 0.0373687744140625
0.0641899108886719 0.016510009765625 -0.0378036499023437 0.00954055786132812
0.0238571166992188 0.0673332214355469 -0.0235824584960938 -0.0131874084472656
-0.0168609619140625 0.0812606811523438 0.00269031524658203 0.0161933898925781
-0.0513687133789063 0.061248779296875 -0.0430526733398438 0.0563735961914063
-0.0451583862304688 -0.00206756591796876 -0.0227890014648438 0.106689453125
-0.0427093505859375 0.0198020935058594 -0.019134521484375 0.100997924804688
-0.0268135070800781 0.0382766723632813 0.0047454833984375 0.06207275390625
0.00951004028320313 0.0425491333007813 0.0084686279296875 0.0421295166015625
0.0333366394042969 0.0197200775146484 0.00164222717285156 0.0290794372558594
0.0411720275878906 -0.0131301879882813 -0.000307083129882811 0.0337295532226563
0.0272483825683594 -0.0321750640869141 0.0016937255859375 0.0448417663574219
0.0235233306884766 -0.0326080322265625 0.00319290161132813 0.0544700622558594
0.0272445678710938 -0.0393524169921875 -0.00617599487304688 0.0666694641113281
0.036712646484375 -0.0330085754394531 -0.0285301208496094 0.0607070922851562
0.0497589111328125 -0.00758743286132812 -0.0463829040527344 0.0435752868652344
0.045135498046875 0.020660400390625 -0.0462684631347656 0.00959396362304688
0.0044708251953125 0.0543327331542969 -0.0255966186523437 -0.0120182037353516
-0.0323715209960937 0.0519485473632813 -0.0045318603515625 0.0269527435302734
-0.0515708923339844 0.0235824584960937 -0.0640411376953125 0.0664024353027344
0.0308361053466797 0.0187129974365234 0.0608596801757812 -0.0735626220703125
0.0326423645019531 -0.0180492401123047 0.0150032043457031 -0.0252265930175781
0.00278282165527344 -0.0313282012939453 0.0279541015625 0.012359619140625
-0.0198955535888672 -0.0193271636962891 0.0604362487792969 -0.0084991455078125
-0.0253505706787109 -0.000946044921874997 0.0545539855957031 -0.0513916015625
-0.0214920043945313 0.0170917510986328 0.0246353149414063 -0.0806732177734375
-0.0163908004760742 0.0141782760620117 -0.00286865234375 -0.081634521484375
-0.0169267654418945 0.00857925415039063 -0.0100135803222656 -0.0657157897949219
-0.0210685729980469 0.00841331481933594 -0.00664138793945313 -0.0545425415039063
-0.0208911895751953 -0.00766944885253907 -0.000858306884765626 -0.0449371337890625
-0.00886726379394532 -0.0233879089355469 -0.0012969970703125 -0.0318107604980469
0.0128459930419922 -0.0230903625488281 -0.00481414794921875 -0.0372390747070313
0.0354385375976563 -0.00473785400390625 -0.00543212890624999 -0.0650711059570313
0.039093017578125 0.0208091735839844 0.00482177734375 -0.0996627807617188
0.0243453979492188 0.0364418029785156 0.0222015380859375 -0.106857299804688
0.0139579772949219 0.0598678588867188 0.0716018676757813 -0.0611495971679687
0.0358619689941406 0.0229301452636719 0.0236682891845703 -0.0170135498046875
0.0227642059326172 -0.000774383544921875 0.0339603424072266 0.0189189910888672
0.0108823776245117 -0.0118217468261719 0.068359375 -0.0036773681640625
0.00109291076660156 -0.0115976333618164 0.0631942749023438 -0.0475883483886719
-0.00582695007324219 -0.00810670852661133 0.0322799682617188 -0.0819854736328125
-0.0110015869140625 -0.0150127410888672 0.00185394287109375 -0.0842208862304688
-0.00925064086914062 -0.0180511474609375 -0.00835037231445312 -0.0659637451171875
-0.0111236572265625 -0.0212459564208984 -0.00388717651367187 -0.0531539916992188
-0.00123786926269531 -0.0295276641845703 0.00153350830078125 -0.0428237915039062
0.0195293426513672 -0.0298652648925781 -0.00193405151367187 -0.0258560180664063
0.0398025512695312 -0.0129165649414063 -0.00735855102539062 -0.0291690826416016
0.0461273193359375 0.0269088745117187 -0.0144882202148437 -0.0548896789550781
0.0347328186035156 0.061187744140625 -0.0027008056640625 -0.0854339599609375
0.0087890625 0.0739822387695313 0.0205078125 -0.0898666381835938
-0.00923919677734374 0.093414306640625 0.0756454467773438 -0.034515380859375
0.0293540954589844 0.0652847290039063 0.029571533203125 0.00127029418945313
0.0389022827148438 0.0368385314941406 0.0388221740722656 0.0292854309082031
0.0449600219726563 0.00426864624023438 0.0734786987304688 0.00543212890625
0.0326271057128906 -0.0185489654541016 0.0671958923339844 -0.0381813049316406
0.0143623352050781 -0.0328769683837891 0.0374374389648438 -0.073089599609375
-0.00235748291015625 -0.0425910949707031 0.00720977783203124 -0.0763320922851562
-0.00162124633789063 -0.0426483154296875 -0.00469589233398437 -0.0564689636230469
-0.00148773193359375 -0.0480308532714844 -0.00252151489257813 -0.0414505004882812
0.0144386291503906 -0.050140380859375 0.000532150268554692 -0.0330791473388672
0.0423583984375 -0.0380439758300781 -0.00615692138671875 -0.015864372253418
0.0618400573730469 -0.00937652587890625 -0.0132369995117188 -0.0199184417724609
0.0573158264160156 0.047943115234375 -0.0231513977050781 -0.0426597595214844
0.0354766845703125 0.0896377563476563 -0.00765228271484375 -0.0655517578125
-0.00251007080078124 0.100784301757813 0.0132408142089844 -0.0627822875976563
-0.0327072143554688 0.112747192382813 0.0689010620117188 0.00199890136718751
0.014404296875 0.0996780395507812 0.0297985076904297 0.0282649993896484
0.0460281372070313 0.0739898681640625 0.0388565063476563 0.0431404113769531
0.0711288452148438 0.0244064331054687 0.0716552734375 0.0176162719726563
0.0607986450195313 -0.0182914733886719 0.06512451171875 -0.0214004516601563
0.0351142883300781 -0.0512619018554688 0.0382003784179688 -0.0542488098144531
0.00752639770507813 -0.0635566711425781 0.0117568969726563 -0.0573348999023438
0.00647354125976562 -0.0602874755859375 4.57763671875004E-05 -0.0388565063476563
0.00634002685546875 -0.0673065185546875 0.000507354736328123 -0.0219058990478516
0.0262374877929687 -0.0654792785644531 -0.00133323669433594 -0.0160894393920898
0.0577201843261719 -0.0445289611816406 -0.0116872787475586 -0.001251220703125
0.07586669921875 -0.00919342041015625 -0.0191001892089844 -0.00897979736328125
0.0652732849121094 0.0598030090332031 -0.0273551940917969 -0.0306034088134766
0.0356216430664063 0.104476928710938 -0.0064697265625 -0.0434455871582031
-0.0108184814453125 0.113975524902344 0.00428009033203125 -0.0308399200439453
-0.0533370971679687 0.11163330078125 0.0515060424804688 0.0420341491699219
-0.00764465332031251 0.113731384277344 0.0234832763671875 0.0587997436523438
0.0378875732421875 0.0995635986328125 0.0341796875 0.0558929443359375
0.0818939208984375 0.0460281372070312 0.061187744140625 0.0310821533203125
0.0788650512695313 -0.0113677978515625 0.0539741516113281 -0.002716064453125
0.0521049499511719 -0.0586471557617188 0.0333995819091797 -0.0295543670654297
0.0171890258789062 -0.0736618041992188 0.0143337249755859 -0.0300559997558594
0.014617919921875 -0.0699081420898438 0.00481224060058594 -0.0150051116943359
0.0135421752929688 -0.07830810546875 0.0028076171875 0.00202465057373046
0.0330963134765625 -0.0731658935546875 -0.00406360626220703 0.00565528869628906
0.0660438537597656 -0.0461196899414063 -0.0175495147705078 0.015009880065918
0.0814361572265625 -0.0063018798828125 -0.0241794586181641 0.00141525268554688
0.0628890991210938 0.0659751892089844 -0.0273513793945312 -0.0209941864013672
0.0276641845703125 0.108230590820312 -0.00114822387695312 -0.0201053619384766
-0.0221176147460937 0.111373901367188 -0.00571203231811524 0.00429964065551759
-0.0627593994140625 0.0884857177734375 0.028076171875 0.0771026611328125
-0.027740478515625 0.10211181640625 0.0114669799804688 0.0847091674804688
0.018646240234375 0.101364135742188 0.0243034362792969 0.0647239685058594
0.0709991455078125 0.0582427978515625 0.0438919067382813 0.0409965515136719
0.0789871215820313 0.00054931640625 0.0362968444824219 0.0144081115722656
0.0586776733398438 -0.0526580810546875 0.0231800079345703 -0.00234222412109375
0.024749755859375 -0.0708541870117188 0.0135631561279297 -0.000423431396484379
0.019744873046875 -0.0665016174316406 0.00790023803710938 0.0106019973754883
0.0202560424804688 -0.0762100219726563 0.0040283203125 0.0266704559326172
0.0387001037597656 -0.0685386657714844 -0.00882339477539062 0.0276451110839844
0.06976318359375 -0.0340042114257812 -0.0252876281738281 0.0270919799804687
0.0766983032226563 0.00556182861328125 -0.0302600860595703 0.00521278381347657
0.0425338745117187 0.0712890625 -0.0232677459716797 -0.0169467926025391
1.52587890625041E-05 0.0979156494140625 0.00407648086547852 -0.000398397445678705
-0.04248046875 0.08843994140625 -0.0219554901123047 0.0326194763183594
-0.0614814758300781 0.0437088012695313 -0.00284576416015626 0.09881591796875
-0.0438728332519531 0.0647087097167969 -0.00897979736328126 0.0972824096679688
-0.00994110107421876 0.0767745971679688 0.00924301147460938 0.0653190612792969
0.0403556823730469 0.0590438842773437 0.0209808349609375 0.0452690124511719
0.0597457885742188 0.0145378112792969 0.0163593292236328 0.0263557434082031
0.0554122924804688 -0.0332145690917969 0.00989723205566406 0.0198211669921875
0.0305252075195313 -0.0535316467285156 0.00901603698730469 0.025634765625
0.0230789184570313 -0.0534706115722656 0.00732040405273438 0.0353317260742188
0.0263633728027344 -0.0608673095703125 0.000461578369140624 0.04840087890625
0.0409393310546875 -0.0539321899414063 -0.0171852111816406 0.0462913513183594
0.0628738403320312 -0.0234222412109375 -0.0344886779785156 0.0376815795898438
0.0645828247070313 0.012908935546875 -0.0370826721191406 0.0102386474609375
0.0266342163085938 0.0660552978515625 -0.0236663818359375 -0.0127410888671875
-0.012664794921875 0.081207275390625 0.00332355499267578 0.0153036117553711
-0.0477943420410156 0.0623283386230469 -0.0402107238769531 0.0556259155273438
-0.0441856384277344 0.000514984130859376 -0.0190582275390625 0.1070556640625
-0.0420188903808594 0.0218772888183594 -0.0168609619140625 0.0999908447265625
-0.0234718322753906 0.0390472412109375 0.0052337646484375 0.0604820251464844
0.0118370056152344 0.0416069030761719 0.00814056396484375 0.0420646667480469
0.0333347320556641 0.0176296234130859 0.00326919555664063 0.0293750762939453
0.0388526916503906 -0.0146903991699219 0.00182723999023437 0.0334644317626953
0.0254936218261719 -0.0326728820800781 0.00387573242187501 0.0442047119140625
0.0212211608886719 -0.0327262878417969 0.00571060180664062 0.0528373718261719
0.02398681640625 -0.0400390625 -0.00266647338867187 0.0657997131347656
0.0343284606933594 -0.0350704193115234 -0.0256080627441406 0.0609321594238281
0.0488700866699219 -0.0101089477539063 -0.0444793701171875 0.0449447631835938
0.0457038879394531 0.01837158203125 -0.0451164245605469 0.0116310119628906
0.006805419921875 0.0536041259765625 -0.024658203125 -0.0115642547607422
-0.0291709899902344 0.0523490905761719 -0.00323104858398437 0.0259132385253906
-0.049285888671875 0.0251884460449219 -0.0603981018066406 0.0673599243164062
0.0313053131103516 0.0178737640380859 0.0596847534179687 -0.0748519897460938
0.0320663452148438 -0.0184478759765625 0.0145835876464844 -0.0241546630859375
0.00151252746582031 -0.0315723419189453 0.0283203125 0.0133934020996094
-0.0202617645263672 -0.0189037322998047 0.0599555969238281 -0.00853347778320313
-0.0253047943115234 0.000217437744140623 0.0535240173339844 -0.0509033203125
-0.0207366943359375 0.0177288055419922 0.0230789184570313 -0.08056640625
-0.0159807205200195 0.01458740234375 -0.00498199462890624 -0.0811691284179688
-0.0167865753173828 0.00904273986816406 -0.0121383666992188 -0.0648117065429688
-0.0206108093261719 0.00917816162109375 -0.00886917114257812 -0.0540084838867188
-0.0208511352539063 -0.00659751892089844 -0.00250244140625 -0.0448417663574219
-0.0101528167724609 -0.0224323272705078 -0.00180244445800781 -0.0329856872558594
0.0120429992675781 -0.0235748291015625 -0.00450515747070312 -0.0388069152832031
0.035064697265625 -0.00555419921875 -0.00488281249999999 -0.0643081665039063
0.0393524169921875 0.0194740295410156 0.00434875488281249 -0.0988006591796875
0.0241775512695313 0.0360107421875 0.0217056274414063 -0.108100891113281
0.0147209167480469 0.0594444274902344 0.0718231201171875 -0.0618209838867187
0.0366744995117188 0.0225868225097656 0.0227794647216797 -0.0170364379882813
0.0229396820068359 -0.000881195068359375 0.0333919525146484 0.0192623138427734
0.0112104415893555 -0.0109357833862305 0.0683097839355469 -0.00367355346679688
0.00161552429199219 -0.0110483169555664 0.0618438720703125 -0.0476646423339844
-0.00505256652832031 -0.00841903686523438 0.0307235717773437 -0.0819320678710938
-0.0107479095458984 -0.0145635604858398 -0.000480651855468754 -0.0835494995117188
-0.0100765228271484 -0.0177135467529297 -0.0102386474609375 -0.06512451171875
-0.0116195678710937 -0.0207901000976563 -0.00566864013671875 -0.05242919921875
-0.00197982788085938 -0.0296440124511719 -0.000713348388671878 -0.0430641174316406
0.0184478759765625 -0.0295753479003906 -0.00291252136230469 -0.0282115936279297
0.0392723083496094 -0.013885498046875 -0.00655364990234374 -0.0309333801269531
0.0461997985839844 0.026336669921875 -0.0138282775878906 -0.0543708801269531
0.0368728637695312 0.0601234436035156 -0.00329589843749999 -0.0848617553710938
0.00988006591796874 0.0736160278320313 0.0191421508789062 -0.09136962890625
-0.00738525390625001 0.0933990478515625 0.0748825073242188 -0.0356826782226562
0.0310707092285156 0.06463623046875 0.0286026000976563 0.000658035278320317
0.0405502319335938 0.0363044738769531 0.0377120971679687 0.0293731689453125
0.0445213317871094 0.002777099609375 0.0730972290039063 0.005279541015625
0.0319576263427734 -0.0190048217773438 0.0668067932128906 -0.0377731323242188
0.0135326385498047 -0.0328884124755859 0.0360870361328125 -0.0729522705078125
-0.00361251831054688 -0.0420112609863281 0.00493621826171876 -0.0758285522460938
-0.00264739990234375 -0.0423469543457031 -0.00683212280273437 -0.056060791015625
-0.0028228759765625 -0.0469894409179688 -0.00355911254882812 -0.0402641296386719
0.0134048461914063 -0.0501327514648438 -0.00184440612792969 -0.0333404541015625
0.0417404174804688 -0.038787841796875 -0.00746631622314453 -0.0174388885498047
0.0616950988769531 -0.0104713439941406 -0.0132179260253906 -0.0208148956298828
0.0589027404785156 0.0469551086425781 -0.0226478576660156 -0.0423545837402344
0.03753662109375 0.0889739990234375 -0.00819778442382813 -0.0655632019042969
-0.000556945800781251 0.100936889648438 0.0123176574707031 -0.0653076171875
-0.0308609008789063 0.113868713378906 0.0685005187988281 0.000320434570312507
0.0166091918945313 0.0982894897460937 0.0295314788818359 0.0273170471191406
0.047698974609375 0.0734481811523438 0.0380935668945313 0.0427131652832031
0.0718307495117188 0.0230789184570313 0.0713424682617188 0.0181884765625
0.060516357421875 -0.0194358825683594 0.0644874572753906 -0.0220870971679688
0.0338287353515625 -0.051544189453125 0.0371360778808594 -0.0540122985839844
0.00613403320312499 -0.0631179809570313 0.0105247497558594 -0.0574493408203125
0.00435638427734375 -0.0605010986328125 -0.00228500366210938 -0.037750244140625
0.00391387939453125 -0.0676651000976563 -0.00100517272949219 -0.0217266082763672
0.0237922668457031 -0.0662193298339844 -0.00362110137939453 -0.0165796279907227
0.056549072265625 -0.0463981628417969 -0.0127677917480469 -0.00242042541503907
0.0764694213867188 -0.0111007690429688 -0.0185527801513672 -0.0101757049560547
0.0667457580566406 0.0584030151367188 -0.0267162322998047 -0.0306892395019531
0.0378799438476563 0.104896545410156 -0.00720596313476563 -0.043548583984375
-0.00966644287109376 0.113975524902344 0.00390434265136719 -0.0325126647949219
-0.0506744384765625 0.112907409667969 0.0528182983398438 0.0408668518066406
-0.00465393066406251 0.113815307617188 0.0239372253417969 0.0583686828613281
0.0415573120117188 0.098602294921875 0.0325698852539062 0.05609130859375
0.0835647583007813 0.043487548828125 0.0608444213867188 0.0313796997070313
0.0786819458007813 -0.013275146484375 0.0538558959960938 -0.0028076171875
0.0509376525878906 -0.0599594116210938 0.0333156585693359 -0.0291423797607422
0.0148162841796875 -0.07421875 0.0134429931640625 -0.0307636260986328
0.0113677978515625 -0.0696678161621094 0.00356864929199219 -0.0138206481933594
0.0111541748046875 -0.0789871215820313 0.00288724899291992 0.00178050994873046
0.0310897827148438 -0.0739974975585938 -0.00573301315307617 0.00522089004516601
0.0647468566894531 -0.0472984313964844 -0.0177745819091797 0.0134353637695312
0.0820236206054688 -0.0084686279296875 -0.0243148803710937 4.00543212890591E-05
0.0652389526367188 0.0649681091308594 -0.0266227722167969 -0.0209083557128906
0.030120849609375 0.107559204101562 -0.00115585327148437 -0.0215473175048828
-0.0196456909179688 0.111465454101563 -0.00551557540893555 0.00267791748046876
-0.0613327026367188 0.0904541015625 0.029541015625 0.0766143798828125
-0.0260391235351563 0.102958679199219 0.0114822387695313 0.083770751953125
0.0211410522460938 0.10125732421875 0.0226974487304687 0.0648765563964844
0.0729446411132813 0.056732177734375 0.0432090759277344 0.0419921875
0.0784454345703125 -0.00194549560546875 0.0362167358398438 0.0150032043457031
0.05743408203125 -0.0544853210449219 0.0237178802490234 -0.00248527526855469
0.0225372314453125 -0.0718154907226562 0.013331413269043 -0.00160312652587891
0.0170402526855469 -0.0675506591796875 0.00745773315429688 0.0109386444091797
0.0172348022460938 -0.0767288208007813 0.00440406799316406 0.0264453887939453
0.0367927551269531 -0.0698509216308594 -0.00946426391601563 0.0264568328857422
0.0681228637695313 -0.0366439819335938 -0.0250282287597656 0.0269145965576172
0.0764923095703125 0.0033416748046875 -0.0296363830566406 0.00576210021972657
0.0448875427246094 0.0698776245117188 -0.0229625701904297 -0.0164966583251953
0.0032958984375 0.0982131958007813 0.00406360626220703 -0.0012056827545166
-0.0407257080078125 0.0889968872070313 -0.0217761993408203 0.0316352844238281
-0.0605049133300781 0.0455284118652344 -0.00191497802734375 0.0993270874023437
-0.0423851013183594 0.0648689270019531 -0.0091552734375 0.0965347290039063
-0.00787353515625 0.077178955078125 0.00741577148437501 0.0647010803222656
0.0422210693359375 0.0579795837402344 0.0201492309570313 0.0459098815917969
0.0597114562988281 0.0124473571777344 0.0166015625 0.0273609161376953
0.0542678833007813 -0.0347633361816406 0.0115947723388672 0.0193214416503906
0.0284271240234375 -0.054412841796875 0.00897407531738282 0.0247898101806641
0.0210838317871094 -0.0540122985839844 0.00802421569824219 0.0345001220703125
0.0237464904785156 -0.0616722106933594 0.00203323364257813 0.0479393005371094
0.0391120910644531 -0.0550460815429687 -0.0165061950683594 0.0460357666015625
0.0621337890625 -0.0254936218261719 -0.03399658203125 0.0381851196289063
0.0650405883789063 0.0115852355957031 -0.0367469787597656 0.009918212890625
0.0283279418945313 0.0657119750976563 -0.0239791870117188 -0.0129032135009766
-0.0104751586914062 0.0817489624023438 0.0041351318359375 0.0148191452026367
-0.0463523864746094 0.0634841918945312 -0.0390472412109375 0.0552825927734375
-0.0449104309082031 0.00223159790039063 -0.01824951171875 0.107551574707031
-0.0413284301757813 0.0231895446777344 -0.0164031982421875 0.09912109375
-0.0222930908203125 0.0409355163574219 0.00372314453125 0.0601119995117187
0.0138473510742187 0.0417213439941406 0.00801849365234375 0.0427742004394531
0.0335826873779297 0.0167388916015625 0.00331306457519532 0.0303897857666016
0.0387229919433594 -0.0166473388671875 0.00400733947753907 0.0340633392333984
0.0233078002929688 -0.0336685180664063 0.00546646118164062 0.0437507629394531
0.0197105407714844 -0.0327816009521484 0.00667190551757813 0.0519561767578125
0.022308349609375 -0.0407295227050781 -0.00168609619140626 0.0651359558105469
0.033355712890625 -0.0364303588867188 -0.0245437622070313 0.0604286193847656
0.0486259460449219 -0.0117378234863281 -0.0438957214355469 0.0456275939941406
0.0459671020507813 0.0165023803710938 -0.0445823669433594 0.0115394592285156
0.00896072387695312 0.0541114807128906 -0.0256404876708984 -0.0118312835693359
-0.0273208618164063 0.0535011291503906 -0.00246620178222656 0.0244941711425781
-0.0484657287597656 0.0260391235351563 -0.0597724914550781 0.0680427551269531
0.0317974090576172 0.0177745819091797 0.0606765747070313 -0.0782699584960937
0.0331478118896484 -0.0194339752197266 0.0148582458496094 -0.0256938934326172
0.00125885009765625 -0.0322513580322266 0.0289154052734375 0.0135307312011719
-0.0222759246826172 -0.0195121765136719 0.0615882873535156 -0.00890731811523438
-0.0255203247070313 0.00107002258300781 0.0539093017578125 -0.0519828796386719
-0.0202445983886719 0.0189437866210938 0.0224456787109375 -0.0817031860351563
-0.015294075012207 0.0149574279785156 -0.0063629150390625 -0.0822906494140625
-0.0173921585083008 0.0102901458740234 -0.0137367248535156 -0.0653076171875
-0.0202846527099609 0.0101509094238281 -0.0106582641601563 -0.0550079345703125
-0.0213909149169922 -0.00536537170410157 -0.00461578369140625 -0.0452232360839844
-0.0108070373535156 -0.0218467712402344 -0.00279617309570313 -0.0356712341308594
0.0110588073730469 -0.0244674682617188 -0.00386428833007812 -0.0405426025390625
0.0355339050292969 -0.0069580078125 -0.00487518310546875 -0.0654449462890625
0.0401687622070313 0.0190353393554688 0.00465393066406249 -0.100845336914063
0.0245323181152344 0.0364303588867188 0.0201492309570312 -0.111885070800781
0.0164566040039062 0.060577392578125 0.0734634399414063 -0.0649795532226563
0.0377235412597656 0.0219802856445313 0.023529052734375 -0.0169486999511719
0.0247898101806641 -0.00112342834472656 0.0341835021972656 0.0201416015625
0.0107927322387695 -0.0124301910400391 0.0691986083984375 -0.0029449462890625
0.00128459930419922 -0.0113105773925781 0.0617523193359375 -0.048492431640625
-0.00506210327148438 -0.00886344909667969 0.0293197631835938 -0.0833053588867187
-0.0115985870361328 -0.0144758224487305 -0.00212860107421874 -0.0854721069335937
-0.0103368759155273 -0.0170745849609375 -0.0120925903320312 -0.0658302307128906
-0.0121879577636719 -0.0212001800537109 -0.00860977172851562 -0.0535202026367188
-0.00264167785644532 -0.0297374725341797 -0.00362014770507812 -0.0448112487792969
0.0181331634521484 -0.0298957824707031 -0.00406837463378906 -0.0298652648925781
0.0404472351074219 -0.0141754150390625 -0.0059967041015625 -0.0329513549804688
0.0474128723144531 0.0262489318847656 -0.0128326416015625 -0.0553512573242188
0.0389328002929687 0.0612564086914062 -0.00258636474609376 -0.0856170654296875
0.0110244750976563 0.0755615234375 0.0185470581054688 -0.095245361328125
-0.0061492919921875 0.095794677734375 0.0764312744140625 -0.0375823974609375
0.0328598022460938 0.0651054382324219 0.0292911529541016 0.000860214233398442
0.0422286987304687 0.0369186401367188 0.0373039245605469 0.0306816101074219
0.0457687377929687 0.00210189819335938 0.0742874145507813 0.00530242919921875
0.0319786071777344 -0.0195827484130859 0.0676231384277344 -0.0382118225097656
0.0141849517822266 -0.0340938568115234 0.0359878540039063 -0.0743331909179688
-0.00388717651367188 -0.04248046875 0.0037689208984375 -0.07647705078125
-0.00484466552734375 -0.0423469543457031 -0.00857925415039062 -0.0566558837890625
-0.00378799438476563 -0.0481338500976563 -0.00609970092773437 -0.0416755676269531
0.0122833251953125 -0.0526351928710937 -0.00399208068847656 -0.0348091125488281
0.0415573120117188 -0.0399208068847656 -0.00824165344238281 -0.0186977386474609
0.0623016357421875 -0.012542724609375 -0.0123825073242187 -0.0227451324462891
0.061004638671875 0.0475654602050781 -0.022003173828125 -0.0434913635253906
0.0408096313476562 0.090240478515625 -0.00773239135742187 -0.0672225952148437
0.000572204589843739 0.102943420410156 0.0117454528808594 -0.0687294006347656
-0.0295486450195312 0.116493225097656 0.0709457397460937 0.000679016113281257
0.0185928344726563 0.100593566894531 0.0301666259765625 0.0278549194335938
0.0513763427734375 0.0751571655273438 0.0372886657714844 0.0434684753417969
0.0753250122070313 0.022491455078125 0.072174072265625 0.01837158203125
0.0612068176269531 -0.0212631225585937 0.0657234191894531 -0.0221366882324219
0.0339317321777344 -0.0534515380859375 0.03826904296875 -0.0544624328613281
0.00446701049804687 -0.0639114379882813 0.00872039794921876 -0.0585174560546875
0.00374221801757813 -0.0614471435546875 -0.00297927856445313 -0.0380973815917969
0.00182723999023437 -0.0694694519042969 -0.0015411376953125 -0.0225028991699219
0.022552490234375 -0.0685272216796875 -0.00534248352050781 -0.0170154571533203
0.0561943054199219 -0.049163818359375 -0.0128803253173828 -0.00355339050292969
0.077484130859375 -0.0132369995117187 -0.0188865661621094 -0.0110378265380859
0.0704345703125 0.0584945678710938 -0.0267734527587891 -0.0313568115234375
0.0411453247070313 0.106605529785156 -0.00734329223632812 -0.0446929931640625
-0.00856018066406249 0.116287231445312 0.00358390808105469 -0.0342197418212891
-0.0507965087890625 0.116462707519531 0.0533180236816406 0.0410690307617188
-0.00328826904296874 0.116439819335937 0.0241012573242187 0.0589027404785156
0.0444183349609375 0.100685119628906 0.0313453674316406 0.056976318359375
0.0867919921875 0.0429153442382813 0.060516357421875 0.0329017639160156
0.079193115234375 -0.014862060546875 0.0550537109375 -0.00286865234375
0.0505218505859375 -0.0625 0.0338459014892578 -0.0292797088623047
0.0136337280273438 -0.0763092041015625 0.0121936798095703 -0.0311603546142578
0.0104904174804687 -0.0711135864257813 0.00231742858886719 -0.0141506195068359
0.00885772705078125 -0.0809478759765625 0.00156271457672119 0.00124812126159667
0.0298690795898438 -0.0764846801757813 -0.00730466842651367 0.00547218322753906
0.0656471252441406 -0.0511474609375 -0.0190906524658203 0.0133647918701172
0.0840301513671875 -0.0106887817382813 -0.0239887237548828 0.00089454650878906
0.0686302185058594 0.0655860900878906 -0.0262699127197266 -0.0216217041015625
0.0331878662109375 0.1104736328125 -0.000383377075195311 -0.0229377746582031
-0.0184097290039063 0.114372253417969 -0.00640535354614258 0.00114059448242188
-0.0607223510742187 0.0941848754882812 0.0298080444335938 0.0795440673828125
-0.0253448486328125 0.1048583984375 0.0121307373046875 0.0854568481445312
0.0235137939453125 0.103523254394531 0.0216064453125 0.06573486328125
0.0771636962890625 0.0560150146484375 0.0431709289550781 0.0427131652832031
0.0814132690429687 -0.0026092529296875 0.0378074645996094 0.0148658752441406
0.0580635070800781 -0.0569953918457031 0.0253829956054688 -0.00205039978027344
0.0211563110351563 -0.0739822387695313 0.0132198333740234 -0.00162792205810547
0.0155715942382812 -0.0692863464355469 0.00765419006347656 0.0101947784423828
0.015594482421875 -0.0778427124023438 0.00433731079101563 0.0271854400634766
0.0360336303710938 -0.07305908203125 -0.0103626251220703 0.0273647308349609
0.0685691833496094 -0.0394783020019531 -0.0257282257080078 0.0273761749267578
0.0783157348632813 0.00121307373046875 -0.0301246643066406 0.004638671875
0.0475082397460938 0.0718765258789062 -0.0233058929443359 -0.0170841217041016
0.00625610351562501 0.100730895996094 0.00427484512329102 -0.00208234786987304
-0.0409317016601562 0.0912704467773438 -0.0228900909423828 0.0313186645507813
-0.0618629455566406 0.0482978820800781 -0.00147247314453126 0.102462768554688
-0.0434379577636719 0.0674514770507813 -0.009552001953125 0.0988311767578125
-0.00593566894531249 0.0804443359375 0.00699996948242187 0.066864013671875
0.0451812744140625 0.0587120056152344 0.0208320617675781 0.0473709106445313
0.0617103576660156 0.0121917724609375 0.0174045562744141 0.0281448364257813
0.0550193786621094 -0.0368576049804688 0.01226806640625 0.0212039947509766
0.0265617370605469 -0.0565872192382813 0.0101852416992188 0.0256233215332031
0.0200881958007813 -0.05645751953125 0.00848388671875 0.034454345703125
0.0223388671875 -0.0642433166503906 0.00230789184570312 0.0483741760253906
0.0381011962890625 -0.0574836730957031 -0.0166244506835937 0.04595947265625
0.0626029968261719 -0.0280799865722656 -0.0343589782714844 0.0390357971191406
0.0670890808105469 0.0110969543457031 -0.0373611450195312 0.0104827880859375
0.0315513610839844 0.0675430297851563 -0.0236110687255859 -0.0130939483642578
-0.00882720947265624 0.0842666625976562 0.00439262390136718 0.0138664245605469
-0.0470657348632813 0.0644111633300781 -0.0399894714355469 0.056396484375
-0.0454063415527344 0.00301742553710938 -0.0177688598632813 0.112579345703125
-0.0413360595703125 0.0243568420410156 -0.0162582397460938 0.1016845703125
-0.0218124389648438 0.0421867370605469 0.00342941284179688 0.0606956481933594
0.0162200927734375 0.0434684753417969 0.00804519653320313 0.044677734375
0.0352859497070312 0.0158538818359375 0.00434684753417969 0.0317649841308594
0.0382308959960938 -0.0180778503417969 0.00475692749023438 0.0352592468261719
0.0229301452636719 -0.0356864929199219 0.00605010986328125 0.0439872741699219
0.0195446014404297 -0.0344753265380859 0.0077362060546875 0.0521278381347656
0.02203369140625 -0.0426063537597656 -0.000183105468749997 0.0659027099609375
0.0329475402832031 -0.0381355285644531 -0.0245895385742187 0.0622482299804688
0.0498504638671875 -0.0136909484863281 -0.0439834594726562 0.0467643737792969
0.0472335815429688 0.0164604187011719 -0.0454444885253906 0.0116081237792969
0.0109596252441406 0.0549278259277344 -0.0260562896728516 -0.0121479034423828
-0.0269432067871094 0.0558891296386719 -0.001739501953125 0.0244731903076172
-0.0494537353515625 0.0265579223632812 -0.0599861145019531 0.06964111328125
0.0337390899658203 0.0167217254638672 0.0606765747070313 -0.0840225219726563
0.0340309143066406 -0.021209716796875 0.0135326385498047 -0.0274085998535156
-7.05718994140592E-05 -0.0331382751464844 0.0298366546630859 0.0142383575439453
-0.0235939025878906 -0.0181980133056641 0.06317138671875 -0.0101203918457031
-0.026824951171875 0.00248146057128906 0.0543479919433594 -0.0547752380371094
-0.0187187194824219 0.0196876525878906 0.0207977294921875 -0.0848388671875
-0.0155601501464844 0.0165281295776367 -0.00901031494140625 -0.084869384765625
-0.0174350738525391 0.0120916366577148 -0.01727294921875 -0.0673561096191406
-0.0204257965087891 0.0105953216552734 -0.0140342712402344 -0.0559577941894531
-0.0229587554931641 -0.00440025329589844 -0.00689697265625 -0.047882080078125
-0.0121383666992187 -0.0217685699462891 -0.00469207763671875 -0.0383796691894531
0.0111618041992188 -0.0262832641601563 -0.00440597534179688 -0.0431365966796875
0.0368766784667969 -0.00839614868164063 -0.00503540039062499 -0.0684928894042969
0.0418777465820313 0.0186233520507813 0.00171661376953126 -0.105010986328125
0.0275917053222656 0.0372810363769531 0.0185775756835938 -0.118667602539063
0.0177268981933594 0.0618400573730469 0.074127197265625 -0.0713882446289062
0.0391807556152344 0.0215072631835938 0.0230369567871094 -0.0185565948486328
0.0245094299316406 -0.00268936157226563 0.0354690551757813 0.0206756591796875
0.0109615325927734 -0.0129623413085937 0.0729217529296875 -0.00559234619140625
0.00128173828125 -0.0115280151367188 0.0642433166503906 -0.0513687133789063
-0.00387763977050781 -0.00957775115966797 0.0281829833984375 -0.0857009887695313
-0.0115537643432617 -0.0142049789428711 -0.00652313232421875 -0.0877609252929687
-0.0127096176147461 -0.0171995162963867 -0.01507568359375 -0.0673370361328125
-0.0137958526611328 -0.0212936401367188 -0.0115242004394531 -0.054168701171875
-0.00414085388183594 -0.030364990234375 -0.00593948364257813 -0.0454788208007813
0.0168533325195313 -0.0312957763671875 -0.00634956359863281 -0.0320987701416016
0.0403709411621094 -0.0164947509765625 -0.007049560546875 -0.0351600646972656
0.0495376586914063 0.0251350402832031 -0.0128669738769531 -0.0567855834960938
0.0426368713378906 0.0618476867675781 -0.00567626953125001 -0.0892562866210938
0.0135955810546875 0.078399658203125 0.0174560546875 -0.101417541503906
-0.00300598144531251 0.100532531738281 0.0795516967773438 -0.042083740234375
0.0355262756347656 0.066436767578125 0.0294284820556641 -0.000349044799804683
0.0451736450195313 0.0371971130371094 0.0398483276367188 0.0313262939453125
0.0474586486816406 0.0014801025390625 0.0779800415039062 0.00347137451171875
0.033050537109375 -0.0214691162109375 0.0694847106933594 -0.0406417846679688
0.0135154724121094 -0.0375213623046875 0.035400390625 -0.0778121948242188
-0.00601959228515625 -0.043792724609375 0.000839233398437507 -0.0806961059570313
-0.00594329833984375 -0.0437660217285156 -0.011474609375 -0.0577926635742188
-0.00694656372070312 -0.0505256652832031 -0.00868606567382813 -0.0421409606933594
0.0100173950195313 -0.0542564392089844 -0.0077056884765625 -0.0360870361328125
0.0406074523925781 -0.0426216125488281 -0.0111675262451172 -0.0204448699951172
0.0639801025390625 -0.015289306640625 -0.0130844116210937 -0.0245800018310547
0.066253662109375 0.0461273193359375 -0.0225677490234375 -0.044342041015625
0.0453338623046875 0.091644287109375 -0.00996017456054688 -0.0691490173339844
0.00339508056640625 0.107833862304688 0.00910949707031249 -0.073577880859375
-0.0267562866210938 0.122962951660156 0.0746688842773438 -0.00302886962890624
0.0222625732421875 0.103889465332031 0.0318412780761719 0.0283164978027344
0.0558547973632813 0.0758285522460938 0.0390892028808594 0.0459709167480469
0.07861328125 0.0202102661132813 0.0748825073242188 0.0191421508789063
0.0629081726074219 -0.0236701965332031 0.0674591064453125 -0.0232276916503906
0.033843994140625 -0.0581474304199219 0.0384597778320313 -0.0582923889160156
0.00202560424804687 -0.0663795471191406 0.00775146484375 -0.0608444213867188
0.000118255615234377 -0.0636978149414063 -0.00580596923828125 -0.0402793884277344
4.48183950751186E-18 -0.0731964111328125 -0.00329208374023438 -0.0232772827148438
0.0198974609375 -0.0725250244140625 -0.00852012634277344 -0.0167837142944336
0.0578346252441406 -0.0526008605957031 -0.0147724151611328 -0.00440979003906251
0.0809860229492188 -0.0166854858398438 -0.0188522338867187 -0.0128154754638672
0.0753555297851563 0.0582275390625 -0.0273342132568359 -0.0325603485107422
0.0473556518554688 0.108528137207031 -0.00748062133789062 -0.047454833984375
-0.00514221191406251 0.122268676757813 0.00197982788085937 -0.038055419921875
-0.0482940673828125 0.123214721679687 0.05694580078125 0.0417289733886719
0.000541687011718742 0.120773315429687 0.0252037048339844 0.0600433349609375
0.0510406494140625 0.101531982421875 0.0330467224121094 0.0596466064453125
0.091827392578125 0.04144287109375 0.0639152526855469 0.0334396362304688
0.0832138061523437 -0.0190811157226562 0.0563545227050781 -0.0031280517578125
0.0498008728027344 -0.0680351257324219 0.035980224609375 -0.0327796936035156
0.0105743408203125 -0.0787429809570313 0.0123615264892578 -0.0332622528076172
0.0068511962890625 -0.0738143920898438 0.00138187408447266 -0.0153589248657227
0.005950927734375 -0.083740234375 0.000726461410522461 0.00116586685180664
0.0262222290039063 -0.0812759399414063 -0.00900459289550781 0.00488567352294921
0.0653533935546875 -0.056243896484375 -0.0196781158447266 0.013336181640625
0.0865936279296875 -0.0144805908203125 -0.0247516632080078 -0.000755310058593747
0.0747528076171875 0.0658645629882813 -0.0269966125488281 -0.0218219757080078
0.0403976440429688 0.113639831542969 -0.000804901123046871 -0.024322509765625
-0.0169601440429688 0.120964050292969 -0.00722980499267578 -0.000179290771484368
-0.0599594116210938 0.100845336914063 0.0340652465820313 0.082305908203125
-0.022216796875 0.110504150390625 0.0128860473632812 0.0885162353515625
0.028900146484375 0.10595703125 0.023651123046875 0.0684776306152344
0.0816268920898437 0.055572509765625 0.0454559326171875 0.044830322265625
0.0836563110351563 -0.0068511962890625 0.0397300720214844 0.01641845703125
0.0581932067871094 -0.0621528625488281 0.0260715484619141 -0.00301551818847657
0.0200347900390625 -0.076812744140625 0.0134305953979492 -0.00257205963134766
0.0127792358398438 -0.0725173950195313 0.00749588012695313 0.0111913681030273
0.0127182006835937 -0.082794189453125 0.00491523742675781 0.0263881683349609
0.0338211059570312 -0.076812744140625 -0.0103759765625 0.0277252197265625
0.0702438354492188 -0.0437545776367188 -0.0271148681640625 0.0281448364257813
0.0827713012695313 -0.001678466796875 -0.0304412841796875 0.00579261779785156
0.0532913208007813 0.0734481811523438 -0.0243625640869141 -0.0173130035400391
0.0109634399414063 0.1051025390625 0.0052485466003418 -0.00363349914550781
-0.0396728515625 0.0958786010742188 -0.0222663879394531 0.032867431640625
-0.0620231628417969 0.052398681640625 0.00183868408203126 0.107307434082031
-0.0422286987304688 0.0724105834960938 -0.0074920654296875 0.102134704589844
-0.00312805175781249 0.083740234375 0.00759124755859375 0.0693626403808594
0.0501937866210938 0.0585212707519531 0.0208854675292969 0.049896240234375
0.064697265625 0.0103988647460938 0.0196590423583984 0.0300102233886719
0.0546836853027344 -0.0410041809082031 0.0141525268554688 0.0211067199707031
0.0260162353515625 -0.0606155395507812 0.0114803314208984 0.0251140594482422
0.0177040100097656 -0.0586662292480469 0.0093536376953125 0.0352210998535156
0.0200424194335937 -0.0685615539550781 0.00353622436523438 0.0500984191894531
0.0365028381347656 -0.0621070861816406 -0.0173187255859375 0.0480308532714844
0.0642127990722656 -0.0318679809570313 -0.0346221923828125 0.0413093566894531
0.0692863464355469 0.00762939453125 -0.0381698608398437 0.0118980407714844
0.0355453491210937 0.0691909790039063 -0.0245475769042969 -0.0134429931640625
-0.005279541015625 0.0873565673828125 0.00549602508544922 0.0132122039794922
-0.046905517578125 0.0697174072265625 -0.0391998291015625 0.0595130920410156
-0.0477790832519531 0.00585937499999999 -0.0150070190429688 0.117317199707031
-0.0419197082519531 0.0271072387695313 -0.0155487060546875 0.106643676757813
-0.0209083557128906 0.0455703735351563 0.00292587280273438 0.0640678405761719
0.0183868408203125 0.0438423156738281 0.007659912109375 0.0473518371582031
0.0374832153320313 0.015167236328125 0.00586700439453125 0.0344009399414063
0.0400276184082031 -0.0206451416015625 0.00733566284179688 0.0370750427246094
0.0218734741210938 -0.0374679565429688 0.00938796997070313 0.0443229675292969
0.0181121826171875 -0.0371208190917969 0.00934982299804688 0.0537643432617188
0.020233154296875 -0.0455093383789063 0.00270843505859376 0.0685043334960938
0.0320358276367188 -0.0408859252929688 -0.0233802795410156 0.0648078918457031
0.0512580871582031 -0.0162124633789063 -0.0441741943359375 0.0501251220703125
0.0500297546386719 0.0152168273925781 -0.0477828979492187 0.0130577087402344
0.0126686096191406 0.0574188232421875 -0.0271873474121094 -0.0124492645263672
-0.0248565673828125 0.0586051940917969 -0.000823974609375001 0.0247116088867188
-0.0504875183105469 0.0290756225585938 -0.0605087280273438 0.0737686157226562
0.0362014770507812 0.0148544311523437 0.0585708618164062 -0.0909194946289062
0.0337181091308594 -0.0253105163574219 0.0123195648193359 -0.029083251953125
-0.00237846374511719 -0.0341644287109375 0.0310192108154297 0.0134162902832031
-0.0260448455810547 -0.0172710418701172 0.0656089782714844 -0.013092041015625
-0.0274162292480469 0.0041961669921875 0.0534248352050781 -0.0589103698730469
-0.0185108184814453 0.0211563110351563 0.0164413452148438 -0.0880813598632813
-0.0144023895263672 0.0179519653320313 -0.0152511596679687 -0.0867767333984375
-0.0169219970703125 0.0138654708862305 -0.021697998046875 -0.0677032470703125
-0.0210514068603516 0.0128154754638672 -0.017852783203125 -0.0568199157714844
-0.0235195159912109 -0.00256729125976562 -0.0105476379394531 -0.0486526489257813
-0.0143527984619141 -0.0215682983398438 -0.00763702392578125 -0.0409622192382812
0.00892257690429687 -0.0272579193115234 -0.00663375854492188 -0.0468864440917969
0.0373382568359375 -0.0117721557617187 -0.00792694091796874 -0.0696792602539063
0.0446739196777344 0.01605224609375 -0.00274658203125001 -0.1082763671875
0.0307998657226562 0.0367240905761719 0.012664794921875 -0.125267028808594
0.0221748352050781 0.0630607604980469 0.0739288330078125 -0.0781402587890625
0.0427093505859375 0.0191154479980469 0.0229625701904297 -0.0214996337890625
0.0252647399902344 -0.00366592407226563 0.0368919372558594 0.0204734802246094
0.0109214782714844 -0.0134143829345703 0.0741958618164063 -0.0085601806640625
0.00100421905517578 -0.0121555328369141 0.0629119873046875 -0.0561866760253906
-0.00531196594238282 -0.00951671600341797 0.0253143310546875 -0.090423583984375
-0.0128173828125 -0.0148515701293945 -0.0106964111328125 -0.089996337890625
-0.0145626068115234 -0.0169992446899414 -0.0200424194335937 -0.0680503845214844
-0.01513671875 -0.0205440521240234 -0.0151329040527344 -0.0556411743164063
-0.00604057312011719 -0.0308113098144531 -0.00984191894531251 -0.0474662780761719
0.0162353515625 -0.0335655212402344 -0.00880241394042968 -0.0341930389404297
0.0412559509277344 -0.0201148986816406 -0.00896453857421875 -0.0383453369140625
0.0536270141601562 0.0227127075195312 -0.0161666870117188 -0.0591621398925781
0.0471229553222656 0.0610923767089844 -0.00926971435546874 -0.0934524536132813
0.0180130004882812 0.0801925659179688 0.01239013671875 -0.107109069824219
0.00283050537109375 0.102935791015625 0.0802841186523438 -0.049102783203125
0.0415725708007813 0.0659751892089844 0.0303115844726563 -0.0016326904296875
0.0499382019042969 0.0347747802734375 0.041046142578125 0.0312461853027344
0.0496482849121094 -0.00164031982421875 0.0800399780273437 0.00139617919921875
0.0328235626220703 -0.0241737365722656 0.0696487426757812 -0.045806884765625
0.0122032165527344 -0.0392227172851563 0.0323028564453125 -0.0823745727539063
-0.00806045532226562 -0.04541015625 -0.00424194335937501 -0.0825576782226563
-0.009368896484375 -0.0448150634765625 -0.015472412109375 -0.0583839416503906
-0.0107383728027344 -0.0508995056152344 -0.01129150390625 -0.0437774658203125
0.00699615478515625 -0.0570106506347656 -0.0110092163085938 -0.0365753173828125
0.0395927429199219 -0.0477981567382813 -0.0131263732910156 -0.0218276977539063
0.0658340454101563 -0.0199050903320313 -0.0148353576660156 -0.0260086059570312
0.071685791015625 0.0446548461914062 -0.0240898132324219 -0.0455513000488281
0.053009033203125 0.0931167602539063 -0.0129928588867187 -0.07183837890625
0.00923156738281249 0.111541748046875 0.0064544677734375 -0.0778274536132813
-0.0203399658203125 0.128715515136719 0.0773696899414063 -0.00735473632812499
0.0290908813476563 0.105926513671875 0.0328712463378906 0.0272140502929688
0.0635223388671875 0.0750579833984375 0.0419845581054688 0.0457344055175781
0.08258056640625 0.01678466796875 0.0784454345703125 0.0163345336914063
0.0638923645019531 -0.0291290283203125 0.0688896179199219 -0.0281562805175781
0.0316200256347656 -0.0624580383300781 0.036163330078125 -0.0626640319824219
-0.00137710571289063 -0.0686454772949219 0.00389862060546874 -0.0631599426269531
-0.0038604736328125 -0.0660476684570313 -0.00854110717773437 -0.0414009094238281
-0.00536346435546875 -0.0750579833984375 -0.00564002990722656 -0.0238285064697266
0.01611328125 -0.0760879516601563 -0.0106277465820312 -0.0178413391113281
0.055267333984375 -0.0584793090820312 -0.0165987014770508 -0.00475406646728516
0.082122802734375 -0.0222930908203125 -0.0202178955078125 -0.0129566192626953
0.0827789306640625 0.0567474365234375 -0.0280361175537109 -0.0319728851318359
0.0558547973632812 0.110237121582031 -0.0100440979003906 -0.049560546875
0.00197601318359376 0.12640380859375 -0.000549316406250002 -0.0408401489257812
-0.042205810546875 0.130905151367188 0.063262939453125 0.0385475158691406
0.00858306884765625 0.125 0.0284881591796875 0.0604972839355469
0.0587081909179687 0.103118896484375 0.0361709594726563 0.0597343444824219
0.0978317260742188 0.0382003784179688 0.0672149658203125 0.0324859619140625
0.0848388671875 -0.0244293212890625 0.0598106384277344 -0.0060577392578125
0.0477447509765625 -0.0726547241210938 0.035888671875 -0.0348014831542969
0.00687408447265625 -0.082122802734375 0.0103492736816406 -0.0359268188476563
0.00213623046875 -0.076690673828125 -0.00030231475830078 -0.0164613723754883
-0.000839233398437494 -0.0875778198242188 0.000796675682067871 8.18967819213814E-05
0.02130126953125 -0.0858001708984375 -0.00963973999023437 0.00535297393798828
0.0645256042480469 -0.0627326965332031 -0.0197467803955078 0.0147266387939453
0.0897598266601563 -0.0215682983398438 -0.0250434875488281 -0.00125885009765625
0.082672119140625 0.0638275146484375 -0.0286865234375 -0.0222301483154297
0.0488433837890625 0.114059448242187 -0.0024871826171875 -0.0257015228271484
-0.010650634765625 0.125114440917969 -0.00815391540527344 -0.00169801712036132
-0.0560073852539063 0.107208251953125 0.0409393310546875 0.0824508666992188
-0.0161361694335938 0.1162109375 0.0179519653320312 0.0897979736328125
0.037109375 0.109039306640625 0.026397705078125 0.0704193115234375
0.0902023315429688 0.0528488159179687 0.048492431640625 0.0454521179199219
0.086517333984375 -0.0115814208984375 0.0431709289550781 0.0158767700195313
0.0554389953613281 -0.0683555603027344 0.0288181304931641 -0.00499916076660157
0.0145416259765625 -0.0807418823242188 0.0148983001708984 -0.00331306457519532
0.00920867919921874 -0.0763015747070312 0.00750064849853516 0.00970840454101562
0.0070037841796875 -0.0868988037109375 0.00654411315917968 0.0262317657470703
0.0279464721679688 -0.0817642211914063 -0.0105876922607422 0.0293655395507812
0.0699272155761719 -0.0512542724609375 -0.0263099670410156 0.0308799743652344
0.0854263305664063 -0.00669097900390625 -0.0314464569091797 0.00676536560058594
0.0616683959960938 0.0727310180664063 -0.0249080657958984 -0.0178337097167969
0.0186996459960938 0.108184814453125 0.00621128082275391 -0.00401163101196288
-0.0349884033203125 0.102760314941406 -0.0211563110351563 0.0339088439941406
-0.0614471435546875 0.0587844848632812 0.00847625732421874 0.111412048339844
-0.038818359375 0.077484130859375 -0.00319671630859375 0.106880187988281
0.00225830078125 0.0868682861328125 0.010040283203125 0.0717086791992188
0.0557403564453125 0.0581130981445313 0.0241737365722656 0.0514373779296875
0.0684356689453125 0.00634002685546875 0.02215576171875 0.0298576354980469
0.0544776916503906 -0.0466728210449219 0.0172061920166016 0.0216121673583984
0.0228691101074219 -0.0631179809570313 0.013427734375 0.0255508422851563
0.0148658752441406 -0.0617141723632813 0.0116119384765625 0.0348892211914062
0.01654052734375 -0.072235107421875 0.00661468505859375 0.0500755310058594
0.0326194763183594 -0.0665130615234375 -0.0152091979980469 0.0507583618164062
0.0650520324707031 -0.0379676818847656 -0.033599853515625 0.0447921752929688
0.0735244750976562 0.00318145751953125 -0.0384063720703125 0.0136642456054687
0.0425224304199219 0.0694808959960938 -0.0257778167724609 -0.0132579803466797
0.00103759765625001 0.0911178588867188 0.00634288787841797 0.0122995376586914
-0.044036865234375 0.0742111206054688 -0.0373115539550781 0.0634994506835938
-0.0485000610351563 0.00907135009765625 -0.00946044921874999 0.123565673828125
-0.0418930053710938 0.0315208435058594 -0.0109176635742187 0.111656188964844
-0.0186119079589844 0.0481414794921875 0.0046539306640625 0.0672035217285156
0.0230903625488281 0.0434989929199219 0.0104331970214844 0.0497245788574219
0.0399894714355469 0.0136756896972656 0.00842666625976563 0.0360755920410156
0.0398902893066406 -0.0249061584472656 0.0107269287109375 0.037933349609375
0.0202178955078125 -0.0408134460449219 0.0116996765136719 0.046234130859375
0.01611328125 -0.0392723083496094 0.0129776000976562 0.0541114807128906
0.0172080993652344 -0.0486640930175781 0.00588989257812501 0.0697593688964844
0.0300407409667969 -0.044525146484375 -0.0209541320800781 0.0678901672363281
0.0523757934570313 -0.0208778381347656 -0.0428047180175781 0.0536308288574219
0.0527153015136719 0.0124740600585937 -0.0473670959472656 0.0163078308105469
0.0177650451660156 0.0587387084960938 -0.0281219482421875 -0.0123138427734375
-0.0224571228027344 0.0616607666015625 0.00116348266601562 0.0239181518554688
-0.0506668090820312 0.0326499938964844 -0.05810546875 0.0799484252929688
0.0368232727050781 0.0126914978027344 0.0534286499023437 -0.096954345703125
0.0333900451660156 -0.0268688201904297 0.00992393493652344 -0.0314292907714844
-0.00575637817382813 -0.0341796875 0.0323143005371094 0.0111713409423828
-0.0272331237792969 -0.0140857696533203 0.0642738342285156 -0.0166168212890625
-0.0271797180175781 0.00737190246582032 0.0508155822753906 -0.0622482299804688
-0.0166549682617188 0.0218448638916016 0.0109176635742188 -0.0904693603515625
-0.0122928619384766 0.0191898345947266 -0.0221939086914063 -0.0860671997070313
-0.0163364410400391 0.0147104263305664 -0.0269699096679687 -0.066558837890625
-0.0203151702880859 0.0146636962890625 -0.0221099853515625 -0.0581169128417969
-0.0238018035888672 -0.000616073608398433 -0.0146064758300781 -0.0482292175292969
-0.015838623046875 -0.0198249816894531 -0.010650634765625 -0.041107177734375
0.00786209106445312 -0.0289649963378906 -0.00983428955078125 -0.048553466796875
0.0351982116699219 -0.0141258239746094 -0.0104789733886719 -0.0696372985839844
0.0453872680664063 0.0124931335449219 -0.00948333740234374 -0.107948303222656
0.0335655212402344 0.0351982116699219 0.00449371337890626 -0.129096984863281
0.0280647277832031 0.0638542175292969 0.0670242309570312 -0.082733154296875
0.0451889038085938 0.0169410705566406 0.0208778381347656 -0.0241165161132813
0.0268974304199219 -0.00624847412109375 0.0392379760742188 0.0209121704101563
0.010624885559082 -0.0147171020507812 0.0745010375976563 -0.0113677978515625
0.000189781188964843 -0.0126886367797852 0.0599899291992188 -0.0597877502441406
-0.00540733337402344 -0.010066032409668 0.0185165405273437 -0.0929183959960938
-0.013087272644043 -0.0127935409545898 -0.01837158203125 -0.0894851684570313
-0.0157585144042969 -0.0134429931640625 -0.0251846313476563 -0.0670318603515625
-0.0186023712158203 -0.0197219848632813 -0.0211334228515625 -0.0552482604980469
-0.00766372680664062 -0.0308837890625 -0.015655517578125 -0.0458984375
0.0134315490722656 -0.034881591796875 -0.0124340057373047 -0.0337619781494141
0.0395469665527344 -0.0225715637207031 -0.0120124816894531 -0.0397911071777344
0.05657958984375 0.0182380676269531 -0.0181236267089844 -0.0588035583496094
0.0523757934570313 0.0585594177246094 -0.014678955078125 -0.0921401977539063
0.0243377685546875 0.07977294921875 0.00439453125000001 -0.110740661621094
0.00970458984375001 0.103683471679687 0.0783157348632813 -0.0559005737304688
0.0469398498535156 0.0628776550292969 0.0301761627197266 -0.00429153442382812
0.0530509948730469 0.0303230285644531 0.0436973571777344 0.0295906066894531
0.0506019592285156 -0.00574493408203125 0.0809707641601563 -0.0025634765625
0.0334110260009766 -0.0270061492919922 0.067962646484375 -0.0505752563476562
0.00956344604492187 -0.0415382385253906 0.0271682739257813 -0.0841140747070312
-0.0109710693359375 -0.0439376831054688 -0.00921630859375 -0.0824813842773438
-0.0122337341308594 -0.0433921813964844 -0.0202598571777344 -0.0577888488769531
-0.0149612426757812 -0.0520057678222656 -0.0160408020019531 -0.0429344177246094
0.00234222412109375 -0.0562744140625 -0.0146293640136719 -0.0371131896972656
0.0361213684082031 -0.0506134033203125 -0.0149288177490234 -0.0224838256835938
0.0645027160644531 -0.0245361328125 -0.0149192810058594 -0.0271263122558594
0.0755615234375 0.03857421875 -0.0269088745117188 -0.0444450378417969
0.0611114501953125 0.0887069702148437 -0.0171890258789063 -0.0711669921875
0.016387939453125 0.112617492675781 0.000656127929687509 -0.0803070068359375
-0.0104293823242188 0.129608154296875 0.0776596069335937 -0.0155410766601562
0.0374069213867188 0.103927612304688 0.0348243713378906 0.0253372192382813
0.0691452026367188 0.070953369140625 0.0447235107421875 0.0444412231445313
0.0853729248046875 0.0106048583984375 0.0801010131835937 0.012451171875
0.0640640258789063 -0.0338134765625 0.0683479309082031 -0.0320892333984375
0.0281600952148438 -0.065643310546875 0.0333213806152344 -0.0650558471679688
-0.00682449340820313 -0.0694313049316406 -0.0012969970703125 -0.0640945434570313
-0.008758544921875 -0.0674514770507813 -0.0123481750488281 -0.0410728454589844
-0.011962890625 -0.0753402709960938 -0.0090179443359375 -0.0254993438720703
0.00821685791015624 -0.0768508911132813 -0.0136213302612305 -0.0171823501586914
0.0508956909179688 -0.0634689331054688 -0.0171699523925781 -0.00160598754882813
0.0821685791015625 -0.0304107666015625 -0.0209407806396484 -0.0153160095214844
0.0889739990234375 0.0504989624023437 -0.0293102264404297 -0.0310592651367187
0.06494140625 0.106315612792969 -0.0127296447753906 -0.0482139587402344
0.0105743408203125 0.127464294433594 -0.00339889526367188 -0.0419883728027344
-0.0333099365234375 0.133674621582031 0.0661697387695313 0.0348434448242188
0.0170516967773438 0.125762939453125 0.0318679809570312 0.0594825744628906
0.0677642822265625 0.100387573242188 0.0392799377441406 0.0595626831054688
0.102645874023438 0.0310516357421875 0.0698165893554688 0.0288238525390625
0.0828933715820313 -0.0294113159179688 0.0594253540039063 -0.00907516479492188
0.042877197265625 -0.0783920288085937 0.0331764221191406 -0.0373115539550781
0.000984191894531259 -0.083343505859375 0.00877761840820312 -0.0357704162597656
-0.0031280517578125 -0.0783462524414063 -0.00172138214111328 -0.0152921676635742
-0.00598144531249999 -0.0900421142578125 0.000148296356201172 -0.000371575355529791
0.0146713256835938 -0.0882797241210938 -0.0108814239501953 0.00713539123535156
0.0600738525390625 -0.0688591003417969 -0.0191078186035156 0.0162544250488281
0.0893630981445313 -0.0291366577148438 -0.0254421234130859 -0.000324249267578123
0.0886917114257813 0.057586669921875 -0.0294857025146484 -0.0214614868164062
0.0583953857421875 0.111686706542969 -0.00347900390625 -0.0268173217773437
-0.001373291015625 0.127685546875 -0.00862598419189453 -0.000473976135253897
-0.0480194091796875 0.112770080566406 0.0485610961914063 0.0812149047851563
-0.00866699218750001 0.117454528808594 0.024139404296875 0.0888824462890625
0.046783447265625 0.105400085449219 0.031005859375 0.0708084106445313
0.0945281982421875 0.0450439453125 0.0529899597167969 0.0442619323730469
0.0854034423828125 -0.0168380737304688 0.0442733764648438 0.0118751525878906
0.0529632568359375 -0.0734100341796875 0.0294170379638672 -0.00577926635742188
0.00867462158203126 -0.0830917358398438 0.0144672393798828 -0.00470066070556641
0.00305938720703125 -0.0751800537109375 0.00600337982177734 0.00960826873779296
-0.00150299072265626 -0.0866317749023438 0.00855827331542969 0.0252246856689453
0.0225601196289063 -0.0861053466796875 -0.00993728637695312 0.0289287567138672
0.0663261413574219 -0.0576591491699219 -0.0242042541503906 0.0320854187011719
0.0866775512695313 -0.0136337280273438 -0.030059814453125 0.00710678100585937
0.0675849914550781 0.0678176879882813 -0.0260791778564453 -0.01641845703125
0.0277633666992187 0.106071472167969 0.00551986694335938 -0.00536441802978515
-0.0291824340820313 0.106712341308594 -0.0193595886230469 0.0349197387695313
-0.0581321716308594 0.0646858215332031 0.01544189453125 0.11285400390625
-0.0325164794921875 0.0795745849609375 0.00295257568359376 0.108306884765625
0.00901031494140624 0.089263916015625 0.0138931274414063 0.0722198486328125
0.061187744140625 0.0538253784179688 0.0272140502929688 0.0514183044433594
0.0692939758300781 0.00277328491210937 0.0252418518066406 0.0295639038085938
0.05120849609375 -0.0506134033203125 0.0205116271972656 0.0199737548828125
0.0182723999023438 -0.0656013488769531 0.0168113708496094 0.0242881774902344
0.0110511779785156 -0.0636100769042969 0.0135326385498047 0.0341320037841797
0.0117950439453125 -0.0745391845703125 0.0108871459960938 0.0508880615234375
0.028106689453125 -0.0710220336914063 -0.01171875 0.0520553588867188
0.0624122619628906 -0.0433120727539063 -0.0313720703125 0.0471000671386719
0.0752716064453125 -0.0028228759765625 -0.0366020202636719 0.0158309936523437
0.0493507385253906 0.0668678283691406 -0.0263042449951172 -0.0126266479492187
0.00765991210937501 0.0913238525390625 0.00592994689941406 0.0111961364746094
-0.0394744873046875 0.0774917602539063 -0.0344772338867188 0.0661087036132813
-0.0470237731933594 0.0115509033203125 -0.000556945800781248 0.126640319824219
-0.0403671264648437 0.0354881286621094 -0.00384521484375001 0.11279296875
-0.01470947265625 0.05230712890625 0.00649642944335938 0.0673828125
0.0266761779785156 0.044464111328125 0.0125999450683594 0.0507125854492188
0.041107177734375 0.009552001953125 0.0107460021972656 0.0368385314941406
0.0383186340332031 -0.0289993286132813 0.0135765075683594 0.0375595092773438
0.016754150390625 -0.0429496765136719 0.0160064697265625 0.0449676513671875
0.0151252746582031 -0.040924072265625 0.0170974731445313 0.0538215637207031
0.014617919921875 -0.050750732421875 0.0112762451171875 0.0687141418457031
0.0248794555664063 -0.0466995239257813 -0.0155982971191406 0.06988525390625
0.0500679016113281 -0.0253067016601563 -0.0388450622558594 0.0575942993164063
0.0540351867675781 0.00827407836914063 -0.046966552734375 0.0210685729980469
0.0229377746582031 0.0575942993164063 -0.0303878784179688 -0.0120601654052734
-0.0162162780761719 0.0632095336914063 0.0017852783203125 0.0252151489257813
-0.0498886108398437 0.0366706848144531 -0.0528717041015625 0.0846405029296875
0.0381431579589844 0.0080108642578125 0.0443038940429688 -0.100631713867188
0.0293941497802734 -0.0303554534912109 0.00775527954101562 -0.0321464538574219
-0.00980949401855469 -0.0318202972412109 0.0342235565185547 0.0115795135498047
-0.0285320281982422 -0.0124664306640625 0.0643959045410156 -0.0203361511230469
-0.0261211395263672 0.00832748413085937 0.050140380859375 -0.06329345703125
-0.0150127410888672 0.0229911804199219 0.00551605224609374 -0.0869293212890625
-0.0103378295898437 0.0208873748779297 -0.0277175903320313 -0.083526611328125
-0.0157623291015625 0.0180034637451172 -0.0279464721679687 -0.0645065307617187
-0.0168533325195313 0.0169439315795898 -0.0255470275878906 -0.0543212890625
-0.0223617553710937 -0.0015869140625 -0.0166282653808594 -0.0427513122558594
-0.0173864364624023 -0.0161218643188477 -0.0139503479003906 -0.0400314331054688
0.00304222106933594 -0.0266475677490234 -0.0115623474121094 -0.0472145080566406
0.0372428894042969 -0.0171966552734375 -0.0159111022949219 -0.0679740905761719
0.04815673828125 0.00897598266601563 -0.0121536254882812 -0.106880187988281
0.0357246398925781 0.0343132019042969 -0.000770568847656236 -0.129257202148437
0.0312271118164063 0.0583534240722656 0.061370849609375 -0.0886993408203125
0.0453033447265625 0.0115089416503906 0.0168418884277344 -0.0218620300292969
0.0267238616943359 -0.00606536865234375 0.0391044616699219 0.0191993713378906
0.00864601135253906 -0.013397216796875 0.071441650390625 -0.01446533203125
-0.00128364562988281 -0.0107870101928711 0.052947998046875 -0.0613517761230469
-0.00374603271484375 -0.0139322280883789 0.0118865966796875 -0.09185791015625
-0.0150909423828125 -0.0121164321899414 -0.0187225341796875 -0.0842056274414063
-0.0150547027587891 -0.0146389007568359 -0.0297203063964844 -0.0661163330078125
-0.017308235168457 -0.0170259475708008 -0.0233879089355469 -0.0550537109375
-0.0111083984375 -0.0306224822998047 -0.0187759399414062 -0.0464668273925781
0.0104694366455078 -0.034942626953125 -0.0145378112792969 -0.034759521484375
0.0369606018066406 -0.0248527526855469 -0.0131797790527344 -0.0393409729003906
0.0585975646972656 0.0152740478515625 -0.0210762023925781 -0.0557746887207031
0.0534286499023438 0.0544357299804688 -0.0162200927734375 -0.092926025390625
0.0308914184570312 0.075439453125 -0.0019378662109375 -0.110282897949219
0.0184402465820313 0.104499816894531 0.0722427368164063 -0.06036376953125
0.0500679016113281 0.0579795837402344 0.027191162109375 -0.00554275512695312
0.0539321899414063 0.0289230346679688 0.0449638366699219 0.0271873474121094
0.0510711669921875 -0.0100440979003906 0.0804519653320312 -0.006195068359375
0.0285911560058594 -0.0283317565917969 0.0678749084472656 -0.0529594421386719
0.0062713623046875 -0.0413970947265625 0.02423095703125 -0.08349609375
-0.0161323547363281 -0.0430946350097656 -0.0142745971679688 -0.0778579711914063
-0.0159988403320312 -0.0442886352539062 -0.0227088928222656 -0.054840087890625
-0.0169334411621094 -0.048431396484375 -0.0170021057128906 -0.03985595703125
-0.00217056274414062 -0.0552177429199219 -0.0187911987304688 -0.0369033813476563
0.0335540771484375 -0.0534439086914063 -0.0178470611572266 -0.0195903778076172
0.0631256103515625 -0.02978515625 -0.0165252685546875 -0.0272216796875
0.0780868530273438 0.0358810424804688 -0.0262031555175781 -0.0462455749511719
0.0652618408203125 0.0818862915039063 -0.0199432373046875 -0.071685791015625
0.023590087890625 0.107986450195313 -0.000549316406249995 -0.08465576171875
-0.00446319580078125 0.129440307617188 0.075225830078125 -0.0199661254882812
0.0415725708007813 0.0997314453125 0.0342998504638672 0.0220832824707031
0.0726699829101563 0.0667648315429688 0.0461502075195313 0.0409355163574219
0.0841064453125 0.00589752197265625 0.0797042846679688 0.0063018798828125
0.0593032836914063 -0.0392303466796875 0.0662727355957031 -0.0361976623535156
0.0212364196777344 -0.0674552917480469 0.0283241271972656 -0.066741943359375
-0.0122909545898438 -0.0710678100585938 -0.00602340698242188 -0.0626754760742188
-0.0133857727050781 -0.0627021789550781 -0.0127906799316406 -0.0394096374511719
-0.0196151733398437 -0.0723037719726562 -0.00808906555175782 -0.0259189605712891
0.0021514892578125 -0.076690673828125 -0.0159797668457031 -0.01959228515625
0.0456428527832031 -0.0666694641113281 -0.0160551071166992 -0.00266075134277344
0.0792770385742188 -0.0354461669921875 -0.0222358703613281 -0.0131206512451172
0.0897598266601563 0.0435791015625 -0.0294113159179687 -0.0324535369873047
0.07110595703125 0.0980453491210938 -0.0157585144042969 -0.0477371215820312
0.01629638671875 0.125106811523438 -0.00526809692382813 -0.043182373046875
-0.0219802856445312 0.133026123046875 0.0660400390625 0.030120849609375
0.024932861328125 0.118148803710938 0.0356674194335938 0.059173583984375
0.074798583984375 0.0939788818359375 0.0419578552246094 0.0577735900878906
0.106285095214844 0.0226898193359375 0.0689430236816406 0.0262718200683594
0.0795974731445313 -0.0382232666015625 0.0605201721191406 -0.0128860473632813
0.0343246459960937 -0.0777206420898438 0.0340690612792969 -0.0386962890625
-0.00243377685546875 -0.0836715698242188 0.00822067260742187 -0.0383033752441406
-0.0075836181640625 -0.0730133056640625 -0.00357818603515625 -0.018890380859375
-0.015655517578125 -0.0883026123046875 0.000474214553833007 0.00225687026977539
0.00772094726562499 -0.0862045288085937 -0.0124893188476563 0.00591659545898437
0.0564193725585938 -0.0736160278320313 -0.0206470489501953 0.0175857543945313
0.0870208740234375 -0.03546142578125 -0.0254878997802734 0.00180816650390625
0.093780517578125 0.0500030517578125 -0.0271415710449219 -0.0205745697021484
0.065887451171875 0.104461669921875 -0.00457954406738281 -0.0282859802246094
0.005859375 0.126319885253906 -0.00832128524780273 0.0011897087097168
-0.0412063598632813 0.115631103515625 0.0506210327148438 0.0771408081054688
0.000892639160156257 0.115386962890625 0.0274658203125 0.0894699096679688
0.0494155883789063 0.102203369140625 0.0321846008300781 0.0664939880371094
0.0921401977539063 0.0366134643554688 0.0531997680664063 0.0411376953125
0.0879974365234375 -0.0240631103515625 0.0452156066894531 0.0124053955078125
0.0429458618164062 -0.0760650634765625 0.0324726104736328 -0.00911712646484375
0.00186920166015625 -0.0816421508789063 0.0142621994018555 -0.00514984130859376
-0.00373077392578125 -0.07464599609375 0.0115604400634766 0.00710105895996093
-0.00840759277343751 -0.0859146118164063 0.00896072387695313 0.0284862518310547
0.0127487182617187 -0.0840835571289062 -0.00888442993164063 0.0296573638916016
0.0640106201171875 -0.0573539733886719 -0.0206165313720703 0.033721923828125
0.0834732055664062 -0.018218994140625 -0.0274162292480469 0.00751686096191407
0.0723190307617188 0.0643768310546875 -0.0273475646972656 -0.0194435119628906
0.0361480712890625 0.1021728515625 0.00713968276977539 -0.00460338592529296
-0.0214004516601563 0.108238220214844 -0.0170440673828125 0.0349960327148438
-0.0517234802246094 0.0665206909179687 0.0227890014648437 0.107368469238281
-0.0263519287109375 0.0815582275390625 0.009429931640625 0.105476379394531
0.0118560791015625 0.0833511352539063 0.0162200927734375 0.0699119567871094
0.0637016296386719 0.0498886108398438 0.0267562866210938 0.0512733459472656
0.0679664611816406 -0.00119400024414063 0.0265617370605469 0.0313091278076172
0.0454902648925781 -0.055999755859375 0.0191993713378906 0.0188655853271484
0.0129508972167969 -0.0679740905761719 0.0146141052246094 0.0240345001220703
0.00464248657226562 -0.0633277893066406 0.0158901214599609 0.0316047668457031
0.004913330078125 -0.0728836059570313 0.0116920471191406 0.0490570068359375
0.0228195190429687 -0.0707855224609375 -0.00963211059570312 0.0518608093261719
0.0571327209472656 -0.0466651916503906 -0.0256881713867187 0.0489845275878906
0.075531005859375 -0.00672149658203125 -0.035552978515625 0.0176124572753906
0.0547752380371094 0.0618095397949219 -0.0304470062255859 -0.0111312866210938
0.0147018432617188 0.0901412963867188 0.00728702545166016 0.00972747802734375
-0.0343170166015625 0.0776443481445312 -0.0271186828613281 0.0654563903808594
-0.0453948974609375 0.0151023864746094 0.00693511962890625 0.126060485839844
-0.0354194641113281 0.03692626953125 0.00194549560546876 0.116485595703125
-0.00978469848632812 0.0512504577636719 0.0117225646972656 0.0679512023925781
0.0282135009765625 0.03643798828125 0.014495849609375 0.0500526428222656
0.0408210754394531 0.007049560546875 0.0136375427246094 0.0349159240722656
0.0331573486328125 -0.0311336517333984 0.0168323516845703 0.0315074920654297
0.012603759765625 -0.0423164367675781 0.0181465148925781 0.0450630187988281
0.0106658935546875 -0.0420799255371094 0.0176124572753906 0.049896240234375
0.0106964111328125 -0.0522422790527344 0.0158729553222656 0.0690879821777344
0.0216484069824219 -0.04901123046875 -0.0128860473632812 0.0711669921875
0.0475425720214844 -0.0277061462402344 -0.0357894897460938 0.057403564453125
0.0569076538085938 0.00416183471679688 -0.044952392578125 0.0187454223632813
0.0253639221191406 0.0557403564453125 -0.0295295715332031 -0.0107479095458984
-0.0121994018554687 0.0633964538574219 0.00397682189941406 0.0207614898681641
-0.045257568359375 0.0390357971191406 -0.0449066162109375 0.0863113403320313
0.0366287231445313 0.00785446166992188 0.041046142578125 -0.0993576049804688
0.0270042419433594 -0.0299797058105469 0.00404548645019531 -0.0313701629638672
-0.00823783874511719 -0.0321025848388672 0.0316715240478516 0.0111312866210937
-0.0276622772216797 -0.0105400085449219 0.0623893737792969 -0.0205841064453125
-0.0238876342773438 0.00901603698730469 0.0443382263183594 -0.0637931823730469
-0.0139122009277344 0.0234699249267578 0.00218963623046875 -0.0865249633789062
-0.00958251953125 0.0199222564697266 -0.0276565551757813 -0.0805740356445313
-0.012507438659668 0.0165224075317383 -0.0310821533203125 -0.0598602294921875
-0.0168924331665039 0.016876220703125 -0.0271873474121094 -0.0507164001464844
-0.0210609436035156 0.00297737121582031 -0.0191993713378906 -0.0447273254394531
-0.0166492462158203 -0.0169525146484375 -0.015472412109375 -0.0414886474609375
0.00345230102539063 -0.0274753570556641 -0.014862060546875 -0.0479316711425781
0.0335140228271484 -0.0177173614501953 -0.0131149291992187 -0.0665435791015625
0.045806884765625 0.00902557373046875 -0.0156173706054688 -0.104270935058594
0.0371627807617188 0.0299835205078125 -0.006256103515625 -0.125617980957031
0.0318756103515625 0.0555000305175781 0.058807373046875 -0.0892562866210938
0.0449905395507813 0.0112838745117188 0.0158710479736328 -0.0247325897216797
0.0236759185791016 -0.00789833068847656 0.0366058349609375 0.0176277160644531
0.00954723358154297 -0.0146112442016602 0.07037353515625 -0.0178070068359375
-0.000214576721191406 -0.0103254318237305 0.0534439086914063 -0.062164306640625
-0.00632858276367187 -0.00947380065917969 0.00898742675781249 -0.0880355834960938
-0.0136327743530273 -0.0109167098999023 -0.0250244140625 -0.0840835571289063
-0.0152750015258789 -0.0128774642944336 -0.0299911499023438 -0.0610427856445312
-0.0179653167724609 -0.0156517028808594 -0.02520751953125 -0.0511474609375
-0.0105133056640625 -0.0272350311279297 -0.0203857421875 -0.0435104370117187
0.00900650024414063 -0.0352249145507812 -0.0164871215820313 -0.0340309143066406
0.0344524383544922 -0.0264129638671875 -0.0127944946289063 -0.0402984619140625
0.0534515380859375 0.0124168395996094 -0.0198020935058594 -0.0568313598632813
0.054473876953125 0.0505180358886719 -0.0192794799804688 -0.0894012451171875
0.0316848754882812 0.074615478515625 -0.00410461425781249 -0.109321594238281
0.0185394287109375 0.100318908691406 0.0703506469726563 -0.062591552734375
0.0511970520019531 0.0552558898925781 0.0262470245361328 -0.00823211669921875
0.0546607971191406 0.0255317687988281 0.0424270629882813 0.0263442993164063
0.0481147766113281 -0.00935745239257812 0.0770950317382813 -0.00801849365234375
0.0288791656494141 -0.0293693542480469 0.0618438720703125 -0.0523262023925781
0.00496673583984375 -0.0414695739746094 0.0192031860351563 -0.0830230712890625
-0.0161323547363281 -0.0433311462402344 -0.0169296264648437 -0.0772857666015625
-0.0171241760253906 -0.0392799377441406 -0.0251502990722656 -0.0529747009277344
-0.0197639465332031 -0.0470237731933594 -0.0202827453613281 -0.0400581359863281
-0.00371170043945312 -0.0542030334472656 -0.0196437835693359 -0.0333614349365234
0.0289382934570312 -0.0524520874023438 -0.0186328887939453 -0.0208568572998047
0.0602455139160156 -0.0301437377929688 -0.01788330078125 -0.0296764373779297
0.075225830078125 0.0299606323242188 -0.0257225036621094 -0.0421981811523438
0.0661468505859375 0.0786972045898438 -0.0218658447265625 -0.0694046020507813
0.0267562866210938 0.106353759765625 -0.00678253173828126 -0.0800552368164063
0.000129699707031247 0.127685546875 0.0744247436523438 -0.02154541015625
0.0448837280273438 0.09320068359375 0.0332603454589844 0.0193901062011719
0.07220458984375 0.0622024536132812 0.0426406860351563 0.0417709350585938
0.0831985473632813 0.001068115234375 0.0784378051757812 0.00910186767578125
0.0562057495117188 -0.0391502380371094 0.0627212524414063 -0.0336875915527344
0.0177993774414062 -0.0659294128417969 0.02783203125 -0.0659637451171875
-0.0132522583007812 -0.0658645629882813 -0.00846481323242188 -0.060333251953125
-0.0155029296875 -0.0619010925292969 -0.0159187316894531 -0.0373954772949219
-0.019744873046875 -0.0695266723632813 -0.0109958648681641 -0.022369384765625
-0.000419616699218749 -0.0749053955078125 -0.0169486999511719 -0.0152292251586914
0.0423851013183594 -0.0677490234375 -0.0187530517578125 -0.00349235534667969
0.0751724243164063 -0.0363388061523438 -0.0222949981689453 -0.0139598846435547
0.0906219482421875 0.0385894775390625 -0.0285205841064453 -0.0309848785400391
0.072540283203125 0.094757080078125 -0.0152168273925781 -0.0468406677246094
0.0208663940429687 0.123558044433594 -0.00898361206054688 -0.0426139831542969
-0.017120361328125 0.130111694335937 0.0663909912109375 0.0261001586914063
0.0288925170898437 0.116111755371094 0.0343971252441406 0.0530624389648438
0.0748138427734375 0.0901031494140625 0.0412788391113281 0.0564918518066406
0.102340698242188 0.0195236206054688 0.0680313110351563 0.0251731872558594
0.0788726806640625 -0.0370941162109375 0.0571517944335938 -0.0122222900390625
0.0308990478515625 -0.0795822143554688 0.031951904296875 -0.0391044616699219
-0.00777435302734374 -0.0790023803710938 0.00421142578125 -0.0366134643554688
-0.0108566284179688 -0.072967529296875 -0.00402164459228516 -0.0152406692504883
-0.0159072875976563 -0.0844192504882813 -0.00216758251190186 -6.97374343872127E-05
0.003204345703125 -0.0868606567382813 -0.0117063522338867 0.00692367553710937
0.0509033203125 -0.0723876953125 -0.0197486877441406 0.0160369873046875
0.084136962890625 -0.0381240844726563 -0.0243377685546875 -0.00302505493164063
0.0930633544921875 0.0462875366210938 -0.0279979705810547 -0.0207691192626953
0.0679168701171875 0.100547790527344 -0.00494384765624999 -0.0258026123046875
0.00940704345703126 0.123550415039063 -0.00726795196533203 -0.0035252571105957
-0.0352630615234375 0.113922119140625 0.0540008544921875 0.0722198486328125
0.00442504882812501 0.112350463867188 0.02862548828125 0.0826950073242188
0.0536880493164063 0.0974578857421875 0.0320549011230469 0.0662040710449219
0.09515380859375 0.0334396362304688 0.0535011291503906 0.0393180847167969
0.0801315307617188 -0.0257110595703125 0.0432319641113281 0.00956344604492187
0.0402450561523438 -0.0760879516601563 0.0289497375488281 -0.00950813293457032
-0.000549316406250004 -0.081146240234375 0.0124149322509766 -0.00625133514404297
-0.00537872314453126 -0.0748443603515625 0.00716686248779297 0.00758266448974609
-0.0118865966796875 -0.0846328735351563 0.00975990295410156 0.0225753784179688
0.0089874267578125 -0.0838165283203125 -0.00774955749511719 0.0300865173339844
0.0559844970703125 -0.0624313354492188 -0.0208473205566406 0.0320701599121094
0.0802764892578125 -0.0225753784179687 -0.028472900390625 0.00844192504882813
0.0725860595703125 0.0582122802734375 -0.0257759094238281 -0.0160293579101562
0.0377120971679688 0.099609375 0.00543928146362305 -0.00833034515380859
-0.0190887451171875 0.104820251464844 -0.0152187347412109 0.0327434539794922
-0.0485343933105469 0.0667343139648438 0.0273590087890625 0.105453491210938
-0.0250320434570313 0.0807952880859375 0.0114059448242188 0.102310180664062
0.01739501953125 0.0848541259765625 0.0165824890136719 0.0693893432617187
0.0644416809082031 0.0455436706542969 0.0292854309082031 0.0501060485839844
0.0662651062011719 -0.00671768188476563 0.0256385803222656 0.0278339385986328
0.0424766540527344 -0.0563201904296875 0.021636962890625 0.0178375244140625
0.00967025756835938 -0.0655097961425781 0.0171051025390625 0.0219249725341797
0.00230789184570312 -0.0623741149902344 0.0153293609619141 0.0304813385009766
0.00275421142578125 -0.0712661743164063 0.0137138366699219 0.0460472106933594
0.0182342529296875 -0.0711517333984375 -0.00827789306640625 0.0502700805664063
0.0550651550292969 -0.0496635437011719 -0.0256729125976563 0.0463218688964844
0.0729827880859375 -0.00980377197265625 -0.0349597930908203 0.0174541473388672
0.0541191101074219 0.0591163635253906 -0.0268020629882812 -0.0121498107910156
0.0166244506835937 0.0852127075195312 0.00757980346679688 0.00889968872070313
-0.0316543579101562 0.0789031982421875 -0.0259971618652344 0.064971923828125
-0.0443077087402344 0.0178565979003906 0.0115814208984375 0.123863220214844
-0.035186767578125 0.0368804931640625 0.00648498535156251 0.108833312988281
-0.00928878784179687 0.0510635375976563 0.00974273681640624 0.0655250549316406
0.0315895080566406 0.0376701354980469 0.0165634155273438 0.0502586364746094
0.0423049926757813 0.00623703002929688 0.013519287109375 0.0352516174316406
0.0323429107666016 -0.0305824279785156 0.0178966522216797 0.033203125
0.0120429992675781 -0.0424232482910156 0.0194549560546875 0.0421676635742188
0.00847625732421876 -0.04144287109375 0.0212173461914062 0.0488929748535156
0.00776290893554687 -0.0503120422363281 0.0161476135253906 0.0644493103027344
0.0202903747558594 -0.0485420227050781 -0.010650634765625 0.0675125122070313
0.0466156005859375 -0.0299072265625 -0.0326461791992188 0.0577659606933594
0.0541152954101563 0.00159454345703125 -0.0431060791015625 0.0205116271972656
0.0280799865722656 0.0540657043457031 -0.0288867950439453 -0.00993156433105469
-0.010284423828125 0.0625648498535156 0.00501060485839844 0.0217609405517578
-0.0438613891601563 0.0399627685546875 -0.0419692993164063 0.0844802856445313
0.0358390808105469 0.008056640625 0.0385971069335938 -0.098663330078125
0.0264225006103516 -0.0305118560791016 0.00343513488769531 -0.0301055908203125
-0.00837898254394531 -0.0315208435058594 0.0310230255126953 0.0116767883300781
-0.0277729034423828 -0.0100555419921875 0.0626869201660156 -0.0207977294921875
-0.0236034393310547 0.0100307464599609 0.0433273315429688 -0.0628814697265625
-0.0130977630615234 0.0239791870117188 0.002166748046875 -0.0840606689453125
-0.00881385803222656 0.0204143524169922 -0.0289840698242188 -0.0778121948242188
-0.0121974945068359 0.0184574127197266 -0.0322952270507813 -0.0579986572265625
-0.0168209075927734 0.0179805755615234 -0.0276832580566406 -0.0492362976074219
-0.0215988159179688 0.00337409973144532 -0.0197792053222656 -0.04376220703125
-0.0176677703857422 -0.0149765014648437 -0.016143798828125 -0.0403938293457031
0.00225067138671875 -0.0271129608154297 -0.0145721435546875 -0.0488662719726563
0.0319862365722656 -0.0179214477539063 -0.0113563537597656 -0.0663528442382813
0.045013427734375 0.00757980346679687 -0.0154800415039063 -0.102851867675781
0.0369224548339844 0.0300636291503906 -0.00817108154296876 -0.125907897949219
0.0320205688476562 0.0558013916015625 0.05596923828125 -0.0892181396484375
0.0429496765136719 0.00970458984375 0.0142173767089844 -0.0243873596191406
0.0244178771972656 -0.0075531005859375 0.0369987487792969 0.0175666809082031
0.00843429565429688 -0.0134944915771484 0.0711517333984375 -0.0171279907226563
-0.000317573547363281 -0.0109367370605469 0.0532760620117187 -0.0606651306152344
-0.00670814514160157 -0.00910282135009766 0.00911712646484376 -0.0886306762695313
-0.0140209197998047 -0.0111942291259766 -0.0255966186523437 -0.0813674926757812
-0.0145721435546875 -0.0118064880371094 -0.0303726196289063 -0.0586509704589844
-0.0187282562255859 -0.0159797668457031 -0.0259666442871094 -0.0485458374023438
-0.0121555328369141 -0.0266151428222656 -0.0201377868652344 -0.0418052673339844
0.00781822204589844 -0.0334358215332031 -0.0166244506835938 -0.0339679718017578
0.03472900390625 -0.0261611938476563 -0.0143508911132812 -0.0413856506347656
0.0546875 0.0116806030273438 -0.0182571411132813 -0.0546455383300781
0.0554428100585938 0.0496940612792969 -0.0185165405273437 -0.0880050659179688
0.0317535400390625 0.073944091796875 -0.0059356689453125 -0.10894775390625
0.01934814453125 0.0976638793945312 0.0683212280273438 -0.0637130737304687
0.050201416015625 0.0538330078125 0.0252933502197266 -0.00781822204589844
0.0547218322753906 0.0249862670898438 0.0420036315917969 0.0283393859863281
0.048065185546875 -0.0109367370605469 0.077362060546875 -0.00788116455078125
0.0282440185546875 -0.0288753509521484 0.0607795715332031 -0.0516204833984375
0.0036773681640625 -0.0405998229980469 0.0184326171875 -0.0815887451171875
-0.0161361694335937 -0.0415382385253906 -0.0182647705078125 -0.0757293701171875
-0.0163917541503906 -0.0391654968261719 -0.0262298583984375 -0.05133056640625
-0.0200729370117187 -0.0455856323242188 -0.0211067199707031 -0.0385589599609375
-0.00537490844726563 -0.0533599853515625 -0.0206031799316406 -0.0319328308105469
0.0279273986816406 -0.0518341064453125 -0.0185375213623047 -0.0212078094482422
0.0586776733398438 -0.0313339233398438 -0.0187244415283203 -0.0301990509033203
0.075408935546875 0.02923583984375 -0.0246467590332031 -0.0422592163085938
0.0675048828125 0.0773162841796875 -0.0198783874511719 -0.0687713623046875
0.0277633666992188 0.105850219726563 -0.00782775878906249 -0.0798721313476563
0.00189971923828124 0.125297546386719 0.0722427368164063 -0.0231475830078125
0.0447845458984375 0.0928497314453125 0.0322399139404297 0.0181083679199219
0.0738372802734375 0.0598678588867188 0.0438308715820313 0.0422439575195313
0.0818328857421875 0.00049591064453125 0.077484130859375 0.00762939453125
0.0564079284667969 -0.0398216247558594 0.0624351501464844 -0.0337600708007813
0.0165290832519531 -0.0662002563476563 0.0261726379394531 -0.0649681091308594
-0.0147438049316406 -0.0654296875 -0.00763702392578125 -0.0597114562988281
-0.0165328979492187 -0.0614738464355469 -0.0165901184082031 -0.0355377197265625
-0.0211334228515625 -0.0687904357910156 -0.0123291015625 -0.0215969085693359
-0.00180816650390626 -0.0734329223632813 -0.0182228088378906 -0.0136260986328125
0.0402450561523438 -0.0672492980957031 -0.0190677642822266 -0.00383758544921876
0.0742950439453125 -0.0385589599609375 -0.0222911834716797 -0.0161819458007813
0.0896224975585938 0.0370254516601563 -0.0287628173828125 -0.0299015045166016
0.0737991333007813 0.0922698974609375 -0.0144538879394531 -0.0478439331054687
0.0220184326171875 0.122276306152344 -0.00848770141601563 -0.0437240600585937
-0.0170745849609375 0.131507873535156 0.0670433044433594 0.0233650207519531
0.0294723510742187 0.115013122558594 0.0339698791503906 0.0506706237792969
0.07501220703125 0.087860107421875 0.0401268005371094 0.055999755859375
0.101181030273438 0.0160751342773438 0.0682182312011719 0.0249862670898437
0.0765228271484375 -0.0386199951171875 0.057281494140625 -0.0111618041992188
0.0291976928710937 -0.078887939453125 0.0303153991699219 -0.0387229919433594
-0.00971984863281251 -0.0789718627929688 0.00351333618164062 -0.0354881286621094
-0.01190185546875 -0.0721054077148438 -0.00549221038818359 -0.0146808624267578
-0.0198745727539062 -0.08172607421875 -0.00160360336303711 -0.000373959541320806
0.0014190673828125 -0.0838699340820312 -0.0124797821044922 0.0072021484375
0.048095703125 -0.0736923217773438 -0.0194892883300781 0.0155296325683594
0.0808944702148438 -0.0385513305664063 -0.0255241394042969 -0.00248908996582031
0.091644287109375 0.0442962646484375 -0.0281867980957031 -0.0217132568359375
0.0682449340820312 0.0976104736328125 -0.00488662719726562 -0.0273532867431641
0.0103302001953125 0.122627258300781 -0.00925827026367188 -0.00274276733398437
-0.0330429077148437 0.11199951171875 0.0535354614257813 0.070709228515625
0.00513458251953126 0.111618041992188 0.0287246704101562 0.0808258056640625
0.0549545288085938 0.0974044799804688 0.0307693481445313 0.0664405822753906
0.0959243774414063 0.0326385498046875 0.0514602661132813 0.0398406982421875
0.0806350708007813 -0.0280990600585937 0.0444068908691406 0.0103530883789063
0.0381088256835938 -0.0766067504882813 0.0292549133300781 -0.00989532470703126
-0.00308990478515625 -0.0798721313476562 0.0125217437744141 -0.00651645660400391
-0.00632476806640625 -0.0736618041992188 0.00670766830444336 0.00846290588378906
-0.0132980346679688 -0.084014892578125 0.00868606567382812 0.0228328704833984
0.00820922851562501 -0.082733154296875 -0.00876617431640625 0.0289211273193359
0.05517578125 -0.0646591186523438 -0.0207557678222656 0.0322017669677734
0.0806884765625 -0.0248184204101563 -0.0288295745849609 0.00651931762695312
0.073455810546875 0.0565643310546875 -0.0250701904296875 -0.0166225433349609
0.0392227172851563 0.0983963012695312 0.00528097152709961 -0.00842094421386718
-0.0178985595703125 0.105094909667969 -0.0155143737792969 0.0324192047119141
-0.0465278625488281 0.0675010681152344 0.0281829833984375 0.105552673339844
-0.0228805541992188 0.08050537109375 0.0121917724609375 0.100631713867188
0.0175323486328125 0.0830459594726563 0.0158767700195312 0.0687217712402344
0.0650520324707031 0.0435714721679688 0.0297431945800781 0.0491905212402344
0.0671920776367188 -0.00780868530273438 0.0267143249511719 0.0278434753417969
0.0410537719726563 -0.0562591552734375 0.0229644775390625 0.0171642303466797
0.00818634033203126 -0.0653266906738281 0.0178871154785156 0.0204334259033203
0.00157546997070313 -0.0621261596679688 0.0138034820556641 0.0304756164550781
-6.10351562499934E-05 -0.072265625 0.013702392578125 0.0450630187988281
0.0158157348632813 -0.0699996948242188 -0.00835800170898437 0.0501251220703125
0.0538673400878906 -0.0512542724609375 -0.0252952575683594 0.0468063354492188
0.0707626342773438 -0.0119094848632813 -0.0347671508789063 0.0151329040527344
0.0559272766113281 0.0582656860351563 -0.0269126892089844 -0.0126132965087891
0.0187911987304688 0.0850296020507813 0.00780153274536133 0.00695800781250001
-0.0304718017578125 0.07958984375 -0.0248794555664062 0.0640296936035156
-0.0426063537597656 0.0185165405273437 0.013427734375 0.122077941894531
-0.0333786010742187 0.0375213623046875 0.0053253173828125 0.107826232910156
-0.0084991455078125 0.0501556396484375 0.0101242065429688 0.0651435852050781
0.0313339233398438 0.0361099243164063 0.0162506103515625 0.0509490966796875
0.041656494140625 0.00440216064453125 0.0144691467285156 0.0356216430664063
0.0311241149902344 -0.0325145721435547 0.0194282531738281 0.0325412750244141
0.0102157592773438 -0.0428390502929687 0.0202255249023438 0.0404167175292969
0.00744247436523438 -0.0408897399902344 0.0206146240234375 0.0479888916015625
0.006256103515625 -0.0500755310058594 0.0168571472167969 0.0631904602050781
0.0180091857910156 -0.0486526489257813 -0.0103645324707031 0.0671882629394531
0.0447883605957031 -0.0318489074707031 -0.0323829650878906 0.0568733215332031
0.05340576171875 0.00150680541992188 -0.0425605773925781 0.0203590393066406
0.0285835266113281 0.0530014038085938 -0.0287837982177734 -0.0110282897949219
-0.00837326049804688 0.0621147155761719 0.00535774230957031 0.0195789337158203
-0.0426902770996094 0.0403099060058594 -0.04107666015625 0.0845565795898438
0.0353813171386719 0.0074920654296875 0.0376052856445313 -0.0996170043945312
0.0254840850830078 -0.0316486358642578 0.00157546997070313 -0.0296268463134766
-0.00865364074707031 -0.0309963226318359 0.0316104888916016 0.0131454467773437
-0.0278415679931641 -0.00897216796875 0.0623092651367188 -0.0208511352539063
-0.0236358642578125 0.0103111267089844 0.0441055297851562 -0.0634880065917969
-0.0123996734619141 0.0234584808349609 0.00148773193359376 -0.0847244262695312
-0.00840568542480469 0.0198993682861328 -0.0300521850585938 -0.07879638671875
-0.0114231109619141 0.0191783905029297 -0.0326995849609375 -0.0583839416503906
-0.016021728515625 0.0188865661621094 -0.0288276672363281 -0.0492019653320313
-0.0211200714111328 0.00413322448730469 -0.0208396911621094 -0.0441398620605469
-0.0176067352294922 -0.0150623321533203 -0.0175666809082031 -0.041656494140625
0.00210189819335938 -0.0269527435302734 -0.0145339965820312 -0.0499382019042969
0.0317821502685547 -0.0182666778564453 -0.0107994079589844 -0.0671234130859375
0.0460128784179688 0.00728225708007813 -0.0154953002929687 -0.104019165039062
0.0383834838867188 0.0292434692382813 -0.00862121582031251 -0.128585815429688
0.0319480895996094 0.0569000244140625 0.05535888671875 -0.0911331176757813
0.0430870056152344 0.00951004028320313 0.0134525299072266 -0.0254783630371094
0.0245952606201172 -0.00826644897460938 0.0375289916992188 0.0192298889160156
0.00797748565673828 -0.0144557952880859 0.072265625 -0.0172958374023438
-0.000489234924316405 -0.010746955871582 0.0540542602539063 -0.0617904663085938
-0.00716400146484375 -0.00847816467285156 0.00906372070312501 -0.0893173217773438
-0.0144281387329102 -0.0111675262451172 -0.02691650390625 -0.0822982788085938
-0.0153608322143555 -0.0110912322998047 -0.0325050354003906 -0.0588798522949219
-0.0182685852050781 -0.0145149230957031 -0.0282936096191406 -0.0479888916015625
-0.0120506286621094 -0.0253791809082031 -0.0218429565429688 -0.0419425964355469
0.00824165344238281 -0.0326194763183594 -0.0178241729736328 -0.0344905853271484
0.0341663360595703 -0.0262794494628906 -0.0154380798339844 -0.0425758361816406
0.0544395446777344 0.0110359191894531 -0.0176048278808594 -0.0564651489257813
0.0567398071289063 0.0487136840820313 -0.0188217163085937 -0.090087890625
0.032806396484375 0.0755691528320313 -0.00745391845703124 -0.111465454101562
0.0206069946289062 0.0990066528320312 0.0678901672363281 -0.0650825500488281
0.051025390625 0.0536041259765625 0.0244026184082031 -0.0086517333984375
0.0556678771972656 0.0250930786132812 0.0422554016113281 0.0293502807617188
0.0479736328125 -0.0120773315429687 0.0780715942382813 -0.00717926025390625
0.0272598266601563 -0.0299701690673828 0.0619316101074219 -0.0519866943359375
0.002349853515625 -0.0407524108886719 0.018646240234375 -0.083160400390625
-0.0169525146484375 -0.0419502258300781 -0.0192031860351562 -0.0764083862304688
-0.0173187255859375 -0.0386924743652344 -0.0278205871582031 -0.0509490966796875
-0.0214157104492188 -0.0450286865234375 -0.0223503112792969 -0.0382308959960938
-0.00627899169921875 -0.0529441833496094 -0.0218467712402344 -0.0311260223388672
0.0263595581054688 -0.0535888671875 -0.0197963714599609 -0.0217227935791016
0.0585365295410156 -0.0324478149414063 -0.0198459625244141 -0.0315513610839844
0.0765838623046875 0.0289382934570313 -0.024078369140625 -0.04345703125
0.0692367553710938 0.077911376953125 -0.019866943359375 -0.0696258544921875
0.02880859375 0.107353210449219 -0.00882720947265625 -0.0820541381835938
0.00246429443359376 0.127128601074219 0.071746826171875 -0.024017333984375
0.0461349487304687 0.0934295654296875 0.0319137573242188 0.0177516937255859
0.0755691528320313 0.0609359741210938 0.0440483093261719 0.0435218811035156
0.0828857421875 -0.00090789794921875 0.0774154663085938 0.00786590576171875
0.0565338134765625 -0.0403366088867188 0.0634994506835938 -0.0344696044921875
0.0151710510253906 -0.0666580200195313 0.0264968872070313 -0.06512451171875
-0.0165863037109375 -0.0663719177246094 -0.00849151611328125 -0.0599822998046875
-0.0174789428710938 -0.0605888366699219 -0.0179367065429688 -0.0357437133789063
-0.0223884582519531 -0.0692825317382813 -0.0133533477783203 -0.0225143432617188
-0.00360107421874999 -0.0736846923828125 -0.0193729400634766 -0.0136909484863281
0.0392990112304688 -0.0690727233886719 -0.0206718444824219 -0.00409889221191407
0.0738754272460938 -0.0394439697265625 -0.0229663848876953 -0.0178279876708984
0.0911712646484375 0.0367355346679688 -0.0283546447753906 -0.0314998626708984
0.0757217407226563 0.0929412841796875 -0.0149192810058594 -0.0489463806152344
0.0232467651367188 0.124244689941406 -0.009246826171875 -0.0447578430175781
-0.016265869140625 0.132537841796875 0.0675811767578125 0.0236663818359375
0.0300216674804687 0.116317749023438 0.0341072082519531 0.0498542785644531
0.07635498046875 0.0887374877929688 0.039398193359375 0.0576744079589844
0.101318359375 0.0155105590820312 0.0687332153320313 0.026092529296875
0.0761642456054688 -0.0399856567382813 0.0580825805664063 -0.0107154846191406
0.0278854370117187 -0.0809326171875 0.0310173034667969 -0.03936767578125
-0.0115432739257813 -0.0803604125976563 0.00156211853027344 -0.0350284576416016
-0.0140762329101563 -0.072265625 -0.00646686553955078 -0.0144004821777344
-0.021575927734375 -0.082977294921875 -0.00308895111083984 -0.000245571136474615
-1.52587890624962E-05 -0.0842361450195313 -0.0141124725341797 0.00793933868408203
0.0469284057617188 -0.0755691528320312 -0.0192413330078125 0.01531982421875
0.0818252563476563 -0.0404205322265625 -0.0264186859130859 -0.00387763977050781
0.0927734375 0.043182373046875 -0.0300045013427734 -0.0221710205078125
0.070465087890625 0.0985031127929687 -0.00534820556640624 -0.0286464691162109
0.0109634399414063 0.124069213867188 -0.00992298126220703 -0.00397968292236328
-0.0322189331054688 0.113876342773438 0.0552444458007813 0.0700836181640625
0.00598144531250001 0.112152099609375 0.0284194946289062 0.08038330078125
0.0566787719726563 0.0988388061523438 0.029937744140625 0.0681076049804688
0.0964736938476563 0.0301284790039063 0.0528602600097656 0.0415534973144531
0.0811538696289063 -0.028564453125 0.0447807312011719 0.0115776062011719
0.03607177734375 -0.0780487060546875 0.0294933319091797 -0.0104713439941406
-0.00559997558593751 -0.0810012817382813 0.0125274658203125 -0.00729560852050782
-0.00787353515625001 -0.0739288330078125 0.00575542449951172 0.00898456573486328
-0.0153274536132813 -0.0853271484375 0.00833702087402343 0.0226593017578125
0.005462646484375 -0.0833587646484375 -0.00940322875976562 0.0303611755371094
0.0550689697265625 -0.0670356750488281 -0.0208396911621094 0.0325450897216797
0.0814208984375 -0.026611328125 -0.0292510986328125 0.00511360168457032
0.0749588012695313 0.056671142578125 -0.026336669921875 -0.0173091888427734
0.0406112670898438 0.098297119140625 0.00501155853271485 -0.00954627990722656
-0.01788330078125 0.106513977050781 -0.0161418914794922 0.0327472686767578
-0.0467910766601563 0.0689926147460938 0.0294723510742188 0.106651306152344
-0.0228347778320312 0.0806655883789062 0.0120620727539063 0.101173400878906
0.0192489624023438 0.084686279296875 0.0155715942382813 0.0710601806640625
0.0671272277832031 0.0424995422363281 0.0297508239746094 0.05157470703125
0.0671157836914062 -0.00864028930664062 0.0272655487060547 0.0301017761230469
0.0397148132324219 -0.05810546875 0.0237464904785156 0.0165672302246094
0.006134033203125 -0.065460205078125 0.01763916015625 0.0208358764648438
0.000102996826171874 -0.0621376037597656 0.0150222778320313 0.0309944152832031
-0.00254058837890625 -0.0736923217773437 0.0142784118652344 0.0455360412597656
0.0148468017578125 -0.071075439453125 -0.00905227661132813 0.0501747131347656
0.053619384765625 -0.0530662536621094 -0.0254325866699219 0.04681396484375
0.0721435546875 -0.0136795043945313 -0.0345783233642578 0.0145034790039062
0.0570755004882813 0.0585098266601563 -0.027191162109375 -0.0132904052734375
0.0207061767578125 0.08526611328125 0.00864505767822266 0.00627470016479493
-0.0292816162109375 0.0802001953125 -0.0246849060058594 0.0642890930175781
-0.0428314208984375 0.01934814453125 0.01446533203125 0.123939514160156
-0.0333595275878906 0.0388298034667969 0.00553131103515625 0.1082763671875
-0.0084228515625 0.0515708923339844 0.00881576538085938 0.0663871765136719
0.0322990417480469 0.0359840393066406 0.016082763671875 0.0523872375488281
0.0424537658691406 0.00237655639648438 0.0147018432617188 0.0365066528320312
0.0296916961669922 -0.0342502593994141 0.0202808380126953 0.0329570770263672
0.00960159301757813 -0.0430755615234375 0.0208816528320313 0.0406227111816406
0.00660324096679687 -0.0422744750976563 0.0200386047363281 0.0487136840820312
0.00469589233398438 -0.0519866943359375 0.0173225402832031 0.0638961791992188
0.0169410705566406 -0.0494270324707031 -0.0103721618652344 0.0677299499511719
0.0446395874023438 -0.0334854125976563 -0.0323638916015625 0.0574951171875
0.0545196533203125 0.000301361083984375 -0.0427474975585937 0.0199966430664063
0.0311431884765625 0.0531845092773438 -0.0299568176269531 -0.0115737915039062
-0.00744247436523438 0.0620536804199219 0.00522232055664062 0.0189418792724609
-0.0430068969726563 0.0407981872558594 -0.03948974609375 0.0853118896484375
0.0363578796386719 0.00719070434570313 0.03521728515625 -0.103294372558594
0.025543212890625 -0.0328292846679688 0.000314712524414066 -0.0299663543701172
-0.00894737243652343 -0.0320529937744141 0.0327014923095703 0.0146312713623047
-0.0286865234375 -0.00767326354980468 0.0643806457519531 -0.0224952697753906
-0.02392578125 0.0119094848632813 0.0445823669433594 -0.0663261413574219
-0.0122222900390625 0.025115966796875 0.000289916992187502 -0.0867538452148438
-0.00761222839355469 0.0207653045654297 -0.0322189331054688 -0.0798110961914063
-0.0108108520507813 0.0207653045654297 -0.0348892211914063 -0.0587692260742188
-0.0153026580810547 0.0213031768798828 -0.0308570861816406 -0.04998779296875
-0.0208454132080078 0.00541496276855469 -0.0228195190429688 -0.0447998046875
-0.0189838409423828 -0.0140781402587891 -0.0194664001464844 -0.0422630310058594
0.00124931335449219 -0.0265026092529297 -0.0164833068847656 -0.0517578125
0.0321731567382813 -0.0195083618164063 -0.0113716125488281 -0.0695343017578125
0.0466461181640625 0.006103515625 -0.0173492431640625 -0.107109069824219
0.0397605895996094 0.0291595458984375 -0.012420654296875 -0.132476806640625
0.034271240234375 0.0576515197753906 0.0539932250976563 -0.0955047607421875
0.0438919067382813 0.00769805908203125 0.011505126953125 -0.0258903503417969
0.0256576538085937 -0.00869369506835937 0.0387992858886719 0.0204734802246094
0.0079355239868164 -0.0145702362060547 0.0731353759765625 -0.0178298950195313
-0.000729560852050782 -0.0111169815063477 0.0549240112304688 -0.063934326171875
-0.00830173492431641 -0.00913143157958984 0.0077056884765625 -0.0914306640625
-0.0148611068725586 -0.0109262466430664 -0.029388427734375 -0.0839920043945313
-0.015660285949707 -0.0103759765625 -0.0341911315917969 -0.058746337890625
-0.0195713043212891 -0.0139369964599609 -0.029754638671875 -0.049224853515625
-0.0135669708251953 -0.0262603759765625 -0.0234756469726563 -0.043212890625
0.00747489929199219 -0.0349750518798828 -0.0198516845703125 -0.0361366271972656
0.0342597961425781 -0.0278797149658203 -0.0168304443359375 -0.0446739196777344
0.0560569763183594 0.01043701171875 -0.0171051025390625 -0.05859375
0.0599365234375 0.0492744445800781 -0.0205307006835938 -0.0926895141601563
0.035980224609375 0.0764694213867188 -0.0113067626953125 -0.115318298339844
0.0229110717773437 0.101707458496094 0.0673713684082031 -0.0688362121582031
0.0527267456054688 0.0527267456054688 0.0231800079345703 -0.00920677185058593
0.057952880859375 0.0243072509765625 0.0434074401855469 0.0309791564941406
0.0489692687988281 -0.0137748718261719 0.0804290771484375 -0.00815582275390625
0.0273609161376953 -0.0309486389160156 0.063690185546875 -0.0540695190429687
0.000461578369140625 -0.0428047180175781 0.0172805786132813 -0.0853652954101563
-0.0192680358886719 -0.0420150756835938 -0.022430419921875 -0.0772857666015625
-0.0182991027832031 -0.0387191772460938 -0.029327392578125 -0.0506477355957031
-0.0237960815429688 -0.04559326171875 -0.0240478515625 -0.0387954711914063
-0.00851821899414063 -0.0538253784179687 -0.0243015289306641 -0.0312080383300781
0.0257225036621094 -0.0555992126464844 -0.0217819213867188 -0.0223388671875
0.0588569641113281 -0.0347175598144531 -0.0211944580078125 -0.0336799621582031
0.0792312622070313 0.0271987915039063 -0.0250244140625 -0.0452041625976563
0.0731201171875 0.0777740478515625 -0.0214309692382812 -0.0725326538085938
0.03216552734375 0.110450744628906 -0.0121841430664063 -0.0858688354492188
0.00572204589843749 0.130416870117188 0.0735549926757813 -0.0277786254882812
0.0494232177734375 0.094207763671875 0.0311183929443359 0.01708984375
0.07958984375 0.0609207153320313 0.045013427734375 0.0458755493164063
0.085357666015625 -0.0035400390625 0.0802459716796875 0.008270263671875
0.0559463500976563 -0.0425910949707031 0.0650787353515625 -0.03521728515625
0.0129127502441406 -0.0686149597167969 0.0264511108398438 -0.0679283142089844
-0.0194625854492188 -0.0671958923339844 -0.0111503601074219 -0.0607376098632813
-0.01885986328125 -0.0618324279785156 -0.0197868347167969 -0.0346107482910156
-0.0263481140136719 -0.0696220397949219 -0.01629638671875 -0.0215301513671875
-0.00609588623046876 -0.07470703125 -0.0208358764648438 -0.0133209228515625
0.0376510620117187 -0.0722503662109375 -0.0218181610107422 -0.00478363037109376
0.0741958618164063 -0.04315185546875 -0.0249748229980469 -0.0188026428222656
0.0944442749023438 0.0355987548828125 -0.0293006896972656 -0.0323333740234375
0.0804443359375 0.0932540893554688 -0.0157127380371094 -0.05078125
0.0269775390625 0.127059936523438 -0.0115814208984375 -0.0468559265136719
-0.0136489868164063 0.136566162109375 0.0688400268554688 0.0216064453125
0.0321884155273438 0.117103576660156 0.0332603454589844 0.0507125854492188
0.0809402465820313 0.090179443359375 0.0408096313476563 0.0599937438964844
0.105148315429688 0.0125885009765625 0.0707321166992188 0.0267791748046875
0.0767669677734375 -0.04278564453125 0.0599746704101563 -0.0118370056152344
0.0249404907226563 -0.08349609375 0.0306549072265625 -0.0414619445800781
-0.01458740234375 -0.0811920166015625 0.001007080078125 -0.0362396240234375
-0.0170364379882812 -0.07421875 -0.00813007354736328 -0.0135412216186524
-0.0253677368164063 -0.0849151611328125 -0.00355815887451172 -0.000185012817382817
-0.00402832031250001 -0.0860977172851563 -0.0149688720703125 0.00860404968261718
0.0451812744140625 -0.0800933837890625 -0.0200920104980469 0.0153007507324219
0.0813751220703125 -0.0445175170898437 -0.0283756256103516 -0.00484848022460938
0.0975189208984375 0.0419387817382813 -0.0304374694824219 -0.0230083465576172
0.0749130249023438 0.09930419921875 -0.00555801391601562 -0.0301132202148437
0.0144805908203125 0.127853393554688 -0.010981559753418 -0.00545406341552734
-0.0311279296875 0.118278503417969 0.0573501586914062 0.07061767578125
0.00812530517578125 0.114479064941406 0.030303955078125 0.0818557739257813
0.060882568359375 0.100425720214844 0.0307693481445313 0.0696868896484375
0.0993194580078125 0.0291671752929688 0.0543060302734375 0.04248046875
0.0819931030273438 -0.0329360961914063 0.0474586486816406 0.0117645263671875
0.0333023071289063 -0.0812759399414063 0.0307426452636719 -0.0119056701660156
-0.00774383544921875 -0.08251953125 0.0122203826904297 -0.00769615173339844
-0.0109100341796875 -0.0752029418945313 0.00509357452392578 0.00916671752929687
-0.0182113647460937 -0.0865554809570313 0.00848770141601562 0.0229625701904297
0.00254821777343749 -0.0861358642578125 -0.00922203063964844 0.0316524505615234
0.0540924072265625 -0.07098388671875 -0.0212459564208984 0.0333423614501953
0.082305908203125 -0.0306167602539063 -0.0314369201660156 0.00485992431640625
0.079010009765625 0.0556488037109375 -0.0268611907958984 -0.0182075500488281
0.0442733764648438 0.0995712280273437 0.00611019134521485 -0.0108528137207031
-0.0154190063476563 0.110595703125 -0.0149993896484375 0.0328140258789063
-0.0463790893554688 0.0718460083007812 0.0321197509765625 0.108963012695313
-0.0213699340820313 0.0837936401367188 0.0131454467773437 0.103248596191406
0.0214691162109375 0.0873184204101563 0.015411376953125 0.0729827880859375
0.0701255798339844 0.0414161682128906 0.0311203002929688 0.0534133911132813
0.0690193176269531 -0.0102081298828125 0.0288238525390625 0.0307044982910156
0.0378684997558594 -0.0603065490722656 0.0254192352294922 0.0161228179931641
0.00368499755859376 -0.0679283142089844 0.0182991027832031 0.0204582214355469
-0.00225067138671875 -0.0644111633300781 0.0153827667236328 0.03106689453125
-0.00543975830078126 -0.0761795043945313 0.014617919921875 0.0456657409667969
0.01226806640625 -0.0728073120117187 -0.00826644897460937 0.0530586242675781
0.0523757934570312 -0.0570297241210937 -0.02459716796875 0.0480575561523437
0.0738067626953125 -0.016632080078125 -0.0363082885742187 0.0145835876464844
0.0601119995117187 0.0580825805664062 -0.0287246704101562 -0.0139808654785156
0.0234298706054688 0.0873031616210938 0.00906562805175782 0.00640678405761719
-0.0291061401367187 0.0833358764648438 -0.0237655639648438 0.0662345886230469
-0.0439186096191406 0.0201759338378906 0.0182113647460937 0.127342224121094
-0.0328788757324219 0.0398521423339844 0.00756072998046875 0.111274719238281
-0.00639343261718751 0.0542106628417969 0.00975036621093751 0.0685958862304688
0.0342903137207031 0.0355873107910156 0.01739501953125 0.0542678833007812
0.0432014465332031 0.00142288208007813 0.0165786743164063 0.0381698608398438
0.0292396545410156 -0.0354347229003906 0.0222721099853516 0.0332851409912109
0.00782394409179688 -0.0441627502441406 0.0230522155761719 0.0417823791503906
0.00476455688476562 -0.0435752868652344 0.0219230651855469 0.0490951538085938
0.00284194946289063 -0.0538749694824219 0.0196800231933594 0.0653724670410156
0.0153579711914062 -0.0518379211425781 -0.00906753540039062 0.0702247619628906
0.0451812744140625 -0.0364341735839844 -0.0312423706054687 0.0590553283691406
0.0562629699707031 -0.00176239013671875 -0.0441932678222656 0.0209236145019531
0.0333786010742188 0.0529594421386719 -0.0306529998779297 -0.0115337371826172
-0.00646972656249999 0.0637245178222656 0.00631332397460938 0.0193328857421875
-0.0429801940917969 0.0438079833984375 -0.0392837524414062 0.0886383056640625
0.0372657775878906 0.00651168823242188 0.0310287475585938 -0.107032775878906
0.0236740112304688 -0.0351524353027344 -0.00211334228515625 -0.0302066802978516
-0.0111255645751953 -0.0326194763183594 0.034698486328125 0.0148506164550781
-0.0288105010986328 -0.00640487670898437 0.0652885437011719 -0.0246353149414063
-0.0236778259277344 0.0131111145019531 0.0424957275390625 -0.069427490234375
-0.0108184814453125 0.0265827178955078 -0.0030364990234375 -0.0878829956054688
-0.00683021545410156 0.0221176147460938 -0.0363235473632813 -0.0789413452148438
-0.00882148742675781 0.0210208892822266 -0.0379524230957031 -0.0577507019042969
-0.013946533203125 0.0217838287353516 -0.0346527099609375 -0.0488853454589844
-0.0212345123291016 0.00655746459960938 -0.0251579284667969 -0.0442428588867188
-0.019989013671875 -0.0125484466552734 -0.0227508544921875 -0.0429420471191406
0.000274658203125001 -0.0272903442382812 -0.0185928344726562 -0.0530433654785156
0.0314159393310547 -0.020965576171875 -0.012939453125 -0.0712890625
0.04827880859375 0.00415802001953125 -0.0219497680664063 -0.108970642089844
0.0422439575195313 0.0275764465332031 -0.01922607421875 -0.135574340820313
0.037109375 0.0583534240722656 0.0501937866210938 -0.100051879882813
0.044342041015625 0.00554656982421875 0.0106887817382813 -0.0270061492919922
0.0255870819091797 -0.0102138519287109 0.0403633117675781 0.0206069946289063
0.00779151916503906 -0.0151348114013672 0.0742340087890625 -0.0206680297851562
-0.00131607055664063 -0.0111227035522461 0.0532722473144531 -0.0673446655273438
-0.00917816162109375 -0.00877761840820313 0.00415802001953126 -0.0930404663085938
-0.0166959762573242 -0.0107975006103516 -0.0342025756835938 -0.0828781127929687
-0.0161228179931641 -0.00906753540039062 -0.037750244140625 -0.0581016540527344
-0.0205135345458984 -0.0126476287841797 -0.0330924987792969 -0.0477752685546875
-0.01544189453125 -0.0251693725585938 -0.0266456604003906 -0.041748046875
0.00496292114257813 -0.0348167419433594 -0.0225906372070312 -0.035919189453125
0.0329113006591797 -0.0295009613037109 -0.0196075439453125 -0.0458755493164062
0.0576133728027344 0.008056640625 -0.0190849304199219 -0.0596656799316406
0.0633468627929688 0.0473136901855469 -0.0243606567382812 -0.09423828125
0.040313720703125 0.0766983032226563 -0.016571044921875 -0.118202209472656
0.0270004272460938 0.103477478027344 0.065032958984375 -0.0737991333007812
0.055267333984375 0.0510940551757813 0.0228195190429688 -0.0106525421142578
0.0602569580078125 0.022125244140625 0.0453262329101563 0.0316543579101563
0.0495758056640625 -0.0164794921875 0.0818634033203125 -0.0102005004882813
0.0264968872070313 -0.0331764221191406 0.0623397827148438 -0.0573196411132813
-0.0019683837890625 -0.0427398681640625 0.014068603515625 -0.0870819091796875
-0.0221061706542969 -0.0424308776855469 -0.0261154174804687 -0.0775375366210938
-0.0208740234375 -0.0384101867675781 -0.03289794921875 -0.0490493774414062
-0.0268096923828125 -0.0444107055664062 -0.0274314880371094 -0.0383987426757812
-0.0119056701660156 -0.0535087585449219 -0.0267829895019531 -0.0302734375
0.0227317810058594 -0.0575408935546875 -0.0239524841308594 -0.0226116180419922
0.0584754943847656 -0.0387229919433594 -0.0238094329833984 -0.0340862274169922
0.0814895629882813 0.0250167846679688 -0.0260810852050781 -0.0464057922363281
0.0785064697265625 0.0757064819335938 -0.0244369506835937 -0.0745697021484375
0.0376205444335938 0.110557556152344 -0.0162811279296875 -0.0875473022460938
0.0110244750976563 0.132804870605469 0.0732421875 -0.031982421875
0.0528411865234375 0.0929412841796875 0.0313186645507813 0.0160026550292969
0.0835494995117188 0.0586471557617188 0.0472373962402344 0.0463180541992188
0.0861282348632813 -0.00763702392578125 0.0819244384765625 0.0061187744140625
0.0548439025878906 -0.0466194152832031 0.0655136108398438 -0.037750244140625
0.0091400146484375 -0.0704421997070313 0.0232696533203125 -0.0697593688964844
-0.0230865478515625 -0.0673675537109375 -0.0140724182128906 -0.0609512329101563
-0.0228996276855469 -0.060821533203125 -0.0229530334472656 -0.0333538055419922
-0.0303878784179688 -0.0693740844726563 -0.0177230834960938 -0.0213260650634766
-0.01080322265625 -0.0750961303710938 -0.0231132507324219 -0.0117454528808594
0.0336837768554687 -0.0752944946289063 -0.0235404968261719 -0.00394439697265625
0.0732040405273438 -0.0477218627929688 -0.0277366638183594 -0.0192623138427734
0.0975341796875 0.0321197509765625 -0.0311355590820312 -0.0327739715576172
0.0863113403320313 0.09039306640625 -0.0181198120117187 -0.0523757934570312
0.0323333740234375 0.128669738769531 -0.0144309997558594 -0.0478096008300781
-0.00782012939453124 0.139572143554688 0.0709152221679687 0.0180511474609375
0.03753662109375 0.117057800292969 0.0348091125488281 0.0491905212402344
0.0866546630859375 0.0886993408203125 0.0425338745117188 0.0615882873535156
0.10650634765625 0.00762939453125 0.0730133056640625 0.0252532958984375
0.0759048461914063 -0.0479354858398438 0.0611152648925781 -0.012939453125
0.0207061767578125 -0.08544921875 0.0299110412597656 -0.0435600280761719
-0.0202255249023438 -0.0825653076171875 -0.00118255615234375 -0.0368537902832031
-0.0207595825195313 -0.0745086669921875 -0.00973033905029297 -0.0120019912719727
-0.0310897827148437 -0.0841751098632812 -0.0043637752532959 -0.000204801559448247
-0.00905609130859376 -0.0867233276367188 -0.0161504745483398 0.0101251602172851
0.0409088134765625 -0.0840301513671875 -0.020782470703125 0.0157928466796875
0.0806427001953125 -0.0492172241210938 -0.0303153991699219 -0.00457000732421875
0.100654602050781 0.0378570556640625 -0.0311260223388672 -0.0229740142822266
0.0811691284179688 0.0966033935546875 -0.00693130493164062 -0.0322780609130859
0.0203094482421875 0.130538940429688 -0.0113258361816406 -0.00569915771484374
-0.0266189575195313 0.121345520019531 0.0615386962890625 0.0689353942871094
0.0128402709960938 0.115455627441406 0.032470703125 0.08154296875
0.0662155151367188 0.100479125976563 0.0344085693359375 0.0710983276367188
0.102943420410156 0.0239028930664063 0.0567741394042969 0.0420722961425781
0.0813446044921875 -0.0372543334960938 0.0492286682128906 0.0114517211914063
0.029296875 -0.0837020874023438 0.0308971405029297 -0.0125370025634766
-0.01220703125 -0.0833892822265625 0.0116109848022461 -0.00811481475830079
-0.0151138305664063 -0.0755233764648438 0.00508403778076172 0.00992584228515624
-0.0245590209960937 -0.0874404907226562 0.00822257995605469 0.0229549407958984
-0.0021820068359375 -0.08746337890625 -0.00996780395507813 0.032440185546875
0.0500717163085937 -0.075103759765625 -0.0205478668212891 0.0337009429931641
0.08203125 -0.0358505249023438 -0.0324516296386719 0.00576591491699219
0.0837936401367187 0.0531234741210938 -0.0286903381347656 -0.0182113647460937
0.0498809814453125 0.0993118286132813 0.00550651550292969 -0.0126056671142578
-0.010772705078125 0.113906860351563 -0.0139064788818359 0.0332393646240234
-0.0437850952148438 0.0751419067382812 0.0372695922851563 0.109077453613281
-0.01873779296875 0.0856399536132813 0.01702880859375 0.104171752929688
0.0262069702148437 0.0887374877929688 0.01763916015625 0.07440185546875
0.0727081298828125 0.03839111328125 0.0330848693847656 0.0538597106933594
0.0691452026367187 -0.014556884765625 0.0307636260986328 0.0312004089355469
0.0350189208984375 -0.0628318786621094 0.0266475677490234 0.0156211853027344
0.000225067138671881 -0.0696792602539062 0.0196132659912109 0.0200004577636719
-0.00622177124023438 -0.0656166076660156 0.0159053802490234 0.0315361022949219
-0.011199951171875 -0.0766372680664063 0.0172080993652344 0.0456161499023437
0.00795745849609374 -0.0752716064453125 -0.0069122314453125 0.0537452697753906
0.0504493713378906 -0.0616645812988281 -0.023681640625 0.0494613647460937
0.0739974975585938 -0.0208892822265625 -0.0375518798828125 0.0163917541503906
0.0641593933105469 0.0563507080078125 -0.0297813415527344 -0.0132331848144531
0.0277786254882813 0.0870132446289063 0.0101776123046875 0.00461006164550782
-0.0266876220703125 0.0871429443359375 -0.0208587646484375 0.067901611328125
-0.0434837341308594 0.0223121643066406 0.0245590209960937 0.128913879394531
-0.0320930480957031 0.0419235229492187 0.0112228393554687 0.113388061523438
-0.0041656494140625 0.0557861328125 0.0113868713378906 0.0698966979980469
0.0369300842285156 0.0338592529296875 0.0198287963867188 0.055206298828125
0.0440483093261719 -0.000644683837890625 0.0189895629882813 0.0394477844238281
0.0275115966796875 -0.0376167297363281 0.0235481262207031 0.0329856872558594
0.00557327270507813 -0.0454025268554688 0.0247726440429688 0.0407485961914063
0.00243759155273438 -0.0446624755859375 0.0240516662597656 0.0493049621582031
-0.000938415527343755 -0.0550956726074219 0.0222091674804688 0.0647392272949219
0.0128402709960938 -0.0535430908203125 -0.0066680908203125 0.0715789794921875
0.0437736511230469 -0.0391960144042969 -0.0294227600097656 0.0611228942871094
0.0574378967285156 -0.004241943359375 -0.0450553894042969 0.0227432250976562
0.0361328125 0.0527305603027344 -0.0329170227050781 -0.0109882354736328
-0.00355529785156251 0.0651130676269531 0.00756645202636719 0.0189800262451172
-0.0419387817382813 0.0464897155761719 -0.035491943359375 0.0913467407226563
0.0377426147460937 0.0051727294921875 0.0253829956054688 -0.108253479003906
0.0214347839355469 -0.036590576171875 -0.0044403076171875 -0.0300617218017578
-0.0127334594726562 -0.0323524475097656 0.0364646911621094 0.0142555236816406
-0.0290813446044922 -0.00445556640625 0.0637435913085938 -0.0270843505859375
-0.0228977203369141 0.0142879486083984 0.0392227172851563 -0.0703659057617188
-0.0097198486328125 0.0268840789794922 -0.00693511962890626 -0.087249755859375
-0.00558090209960938 0.0228424072265625 -0.0407791137695313 -0.0771865844726563
-0.00779533386230469 0.0218963623046875 -0.0406303405761719 -0.0551681518554688
-0.0116252899169922 0.0226612091064453 -0.0373916625976563 -0.0468025207519531
-0.0208263397216797 0.00847625732421875 -0.0279579162597656 -0.0431632995605469
-0.0199871063232422 -0.0111923217773438 -0.0254249572753906 -0.0416259765625
-0.000991821289062502 -0.0265789031982422 -0.0213050842285156 -0.0528717041015625
0.0298423767089844 -0.022491455078125 -0.0153579711914062 -0.0716476440429687
0.04815673828125 0.00188446044921875 -0.0264205932617188 -0.107582092285156
0.0430908203125 0.0251426696777344 -0.026123046875 -0.13525390625
0.0398788452148438 0.0566291809082031 0.0446319580078125 -0.102462768554688
0.0440177917480469 0.00271224975585937 0.00755882263183594 -0.0272254943847656
0.0255241394042969 -0.0116939544677734 0.0419502258300781 0.019989013671875
0.00685310363769531 -0.015289306640625 0.0736312866210938 -0.0234146118164063
-0.00147151947021484 -0.0115423202514648 0.0506324768066406 -0.0694961547851562
-0.0101480484008789 -0.00755691528320313 7.62939453124997E-05 -0.0927963256835938
-0.0173501968383789 -0.00949764251708984 -0.0378952026367188 -0.0807952880859375
-0.0168361663818359 -0.00889778137207032 -0.0407676696777344 -0.0554656982421875
-0.0204296112060547 -0.0106945037841797 -0.0364608764648438 -0.0463142395019531
-0.0164813995361328 -0.0230922698974609 -0.0288467407226562 -0.0406227111816406
0.00296974182128906 -0.0347099304199219 -0.0253143310546875 -0.0356063842773437
0.0315055847167969 -0.0310173034667969 -0.0222587585449219 -0.0461349487304688
0.0573806762695313 0.00619125366210938 -0.0204620361328125 -0.0594215393066406
0.0648002624511719 0.0433387756347656 -0.027679443359375 -0.0940780639648438
0.0434494018554688 0.0742645263671875 -0.022918701171875 -0.118316650390625
0.0322952270507812 0.102348327636719 0.0606689453125 -0.0775680541992188
0.056304931640625 0.0479583740234375 0.0204582214355469 -0.0116157531738281
0.0615348815917969 0.0191459655761719 0.04693603515625 0.0313453674316406
0.0480117797851563 -0.0185585021972656 0.0810317993164063 -0.0136260986328125
0.0249977111816406 -0.0339546203613281 0.0603256225585937 -0.0590744018554687
-0.00478363037109375 -0.0421257019042969 0.0108261108398438 -0.0880584716796875
-0.0245895385742187 -0.040374755859375 -0.0296859741210938 -0.0758819580078125
-0.0222434997558594 -0.0370941162109375 -0.0351791381835938 -0.0466804504394531
-0.0294227600097656 -0.0423431396484375 -0.0300254821777344 -0.0365486145019531
-0.0149002075195313 -0.0523643493652344 -0.0285663604736328 -0.0287971496582031
0.0187873840332031 -0.0577049255371094 -0.0258903503417969 -0.0214958190917969
0.0557365417480469 -0.0410003662109375 -0.026224136352539 -0.033966064453125
0.0826873779296875 0.0215377807617188 -0.0272254943847656 -0.0468254089355469
0.0814590454101563 0.0709381103515625 -0.0273971557617187 -0.0736618041992188
0.042572021484375 0.109100341796875 -0.0208892822265625 -0.0874176025390625
0.0167694091796875 0.132514953613281 0.070281982421875 -0.0360336303710937
0.0562667846679688 0.08905029296875 0.0303897857666016 0.0144176483154297
0.0867767333984375 0.0546646118164063 0.0487098693847656 0.0451126098632813
0.0856094360351563 -0.012725830078125 0.0820846557617188 0.00351715087890625
0.052490234375 -0.0491409301757813 0.0650444030761719 -0.0400924682617188
0.00443267822265625 -0.0704574584960938 0.0211181640625 -0.0708694458007813
-0.0268821716308594 -0.0657386779785156 -0.0172348022460937 -0.0597877502441406
-0.02593994140625 -0.059814453125 -0.0247840881347656 -0.0314731597900391
-0.03472900390625 -0.0668792724609375 -0.0196399688720703 -0.02008056640625
-0.0150070190429687 -0.0733871459960937 -0.0244121551513672 -0.0105667114257813
0.0295257568359375 -0.076568603515625 -0.0245227813720703 -0.00371551513671876
0.0699615478515625 -0.0508384704589844 -0.0296077728271484 -0.0181674957275391
0.0987777709960938 0.0274505615234375 -0.0317268371582031 -0.0330181121826172
0.0909576416015625 0.0854568481445313 -0.0202140808105469 -0.0530853271484375
0.0380783081054687 0.127853393554688 -0.0174789428710938 -0.0485725402832031
-0.00347900390625 0.140396118164063 0.0707321166992188 0.0141830444335938
0.0419845581054688 0.11431884765625 0.035125732421875 0.0467681884765625
0.0909042358398438 0.084686279296875 0.0442390441894531 0.0602951049804688
0.106704711914062 0.00222015380859375 0.0741195678710938 0.0235519409179688
0.0729217529296875 -0.0515289306640625 0.0615425109863281 -0.01513671875
0.0148086547851563 -0.0861892700195313 0.0277023315429688 -0.0454750061035156
-0.0249176025390625 -0.0806503295898437 -0.00292205810546875 -0.0362396240234375
-0.02508544921875 -0.0724945068359375 -0.0107250213623047 -0.011286735534668
-0.0366287231445312 -0.0819549560546875 -0.00557661056518555 -0.000347137451171879
-0.0141067504882812 -0.0864181518554688 -0.0156126022338867 0.0113725662231445
0.0350570678710938 -0.0855941772460937 -0.0205802917480469 0.0164699554443359
0.07769775390625 -0.0530929565429688 -0.0312309265136719 -0.00396919250488282
0.102668762207031 0.0336532592773438 -0.0321426391601563 -0.0227317810058594
0.085479736328125 0.09185791015625 -0.00817108154296874 -0.0328121185302734
0.025421142578125 0.129463195800781 -0.0115566253662109 -0.00592899322509765
-0.0217208862304688 0.121871948242188 0.0633659362792969 0.06451416015625
0.017333984375 0.113784790039063 0.0343093872070313 0.0793533325195313
0.0718765258789063 0.0973663330078125 0.0360641479492188 0.0709686279296875
0.103828430175781 0.0192184448242187 0.0582542419433594 0.0411415100097656
0.0791244506835938 -0.04095458984375 0.0499153137207031 0.0100784301757813
0.0242996215820313 -0.0847625732421875 0.0305995941162109 -0.01483154296875
-0.01666259765625 -0.0824737548828125 0.0115165710449219 -0.00885391235351563
-0.0198745727539063 -0.07489013671875 0.00504779815673828 0.0101823806762695
-0.0305938720703125 -0.08502197265625 0.00898551940917969 0.0226268768310547
-0.00717163085937501 -0.0864486694335938 -0.00814628601074219 0.0325260162353516
0.0445785522460938 -0.0780487060546875 -0.0188179016113281 0.0341911315917969
0.0797348022460938 -0.0394058227539062 -0.0328388214111328 0.00634384155273436
0.086029052734375 0.048980712890625 -0.0295619964599609 -0.0175857543945313
0.0549163818359375 0.0959243774414062 0.00526046752929688 -0.0134544372558594
-0.00588226318359374 0.114784240722656 -0.0126781463623047 0.03253173828125
-0.0403060913085937 0.0765838623046875 0.0421142578125 0.106697082519531
-0.0150299072265625 0.0855789184570313 0.0207672119140625 0.102447509765625
0.0312042236328125 0.0878829956054688 0.0196151733398438 0.0740432739257813
0.0741806030273438 0.03424072265625 0.0354270935058594 0.0532112121582031
0.0680694580078125 -0.01922607421875 0.0334415435791016 0.0302867889404297
0.0311851501464844 -0.0648307800292969 0.0281276702880859 0.0136833190917969
-0.00353240966796875 -0.0691299438476563 0.0209407806396484 0.0190143585205078
-0.00965118408203125 -0.0646705627441406 0.0172119140625 0.0313243865966797
-0.0157012939453125 -0.0759353637695313 0.0185737609863281 0.0446052551269531
0.00331878662109376 -0.0748062133789063 -0.004608154296875 0.0542831420898437
0.0457420349121094 -0.06475830078125 -0.0211067199707031 0.0504226684570312
0.0725173950195313 -0.0252227783203125 -0.0373497009277344 0.0177688598632813
0.06689453125 0.0527267456054688 -0.0306606292724609 -0.0122661590576172
0.031646728515625 0.0855865478515625 0.00990486145019531 0.00358676910400391
-0.022125244140625 0.0886459350585938 -0.0181503295898437 0.0682144165039063
-0.0422096252441406 0.0243148803710937 0.02996826171875 0.126823425292969
-0.0297889709472656 0.043121337890625 0.0162353515625 0.112060546875
-0.0011138916015625 0.0565567016601562 0.0136566162109375 0.0700836181640625
0.0377349853515625 0.0322113037109375 0.0215606689453125 0.0554885864257813
0.0436477661132812 -0.00322723388671875 0.0205879211425781 0.0391731262207031
0.0248527526855469 -0.0389480590820313 0.0254898071289063 0.0324211120605469
0.00278854370117188 -0.0456962585449219 0.0267791748046875 0.0386848449707031
-0.000282287597656251 -0.0442733764648438 0.0262374877929688 0.0482559204101563
-0.00470352172851562 -0.054901123046875 0.025360107421875 0.0636215209960938
0.00904464721679687 -0.0540313720703125 -0.0035247802734375 0.0717010498046875
0.041534423828125 -0.0423469543457031 -0.0267524719238281 0.0618934631347656
0.0562973022460938 -0.00841140747070313 -0.0439491271972656 0.0241508483886719
0.0389595031738281 0.0511474609375 -0.0338306427001953 -0.0106029510498047
-0.00043106079101563 0.0643844604492187 0.00949287414550781 0.01776123046875
-0.0402374267578125 0.0481834411621094 -0.030517578125 0.0916519165039063
0.0378303527832031 0.00420379638671875 0.0208282470703125 -0.107208251953125
0.01953125 -0.0361824035644531 -0.00592231750488282 -0.0284004211425781
-0.0134544372558594 -0.0317020416259766 0.0360603332519531 0.0140762329101562
-0.0285701751708984 -0.00373268127441406 0.0625495910644531 -0.0282745361328125
-0.0217761993408203 0.0151519775390625 0.0367584228515625 -0.0703048706054688
-0.00856781005859375 0.0271053314208984 -0.0092620849609375 -0.0852584838867188
-0.00437736511230469 0.0219841003417969 -0.0421218872070313 -0.0742950439453125
-0.00583648681640625 0.0212345123291016 -0.0412216186523437 -0.0528373718261719
-0.0100898742675781 0.0228767395019531 -0.0381355285644531 -0.0445747375488281
-0.0199470520019531 0.00965118408203125 -0.028778076171875 -0.0418319702148438
-0.0203437805175781 -0.0105190277099609 -0.0269050598144531 -0.0406036376953125
-0.00223159790039062 -0.0264415740966797 -0.0225715637207031 -0.0526847839355469
0.0287418365478516 -0.0228385925292969 -0.0158233642578125 -0.0707550048828125
0.0475273132324219 -0.000339508056640625 -0.0280380249023437 -0.105842590332031
0.0433578491210938 0.0240440368652344 -0.0297317504882812 -0.132080078125
0.0411224365234375 0.0552482604980469 0.03973388671875 -0.102470397949219
0.0424156188964844 0.00148773193359375 0.00515937805175782 -0.0272064208984375
0.0249843597412109 -0.0127468109130859 0.0419464111328125 0.0197334289550781
0.0064239501953125 -0.015599250793457 0.0723342895507813 -0.0245742797851563
-0.0025482177734375 -0.011683464050293 0.0489120483398437 -0.0697288513183594
-0.0102930068969727 -0.0068359375 -0.00226593017578124 -0.0908432006835937
-0.0174198150634766 -0.00880813598632813 -0.0405349731445312 -0.0789566040039063
-0.0161075592041016 -0.00772476196289063 -0.0411224365234375 -0.053253173828125
-0.0207386016845703 -0.00969886779785157 -0.0373191833496094 -0.0434608459472656
-0.0166797637939453 -0.0220165252685547 -0.0302963256835938 -0.0388832092285156
0.00130081176757813 -0.0337352752685547 -0.0268115997314453 -0.0342483520507812
0.0298233032226562 -0.0312404632568359 -0.0232810974121094 -0.0456428527832031
0.0569305419921875 0.00399398803710938 -0.0210151672363281 -0.0595245361328125
0.0650444030761719 0.0404891967773438 -0.0304183959960937 -0.0923614501953125
0.044769287109375 0.0721588134765625 -0.026214599609375 -0.115859985351563
0.0348968505859375 0.100425720214844 0.0565109252929687 -0.0784378051757812
0.0558547973632813 0.0455589294433594 0.0177783966064453 -0.0129890441894531
0.0612716674804688 0.0172576904296875 0.0471763610839844 0.0300025939941406
0.046112060546875 -0.0199241638183594 0.0798110961914063 -0.0144882202148438
0.0233669281005859 -0.0347366333007813 0.058441162109375 -0.0599479675292969
-0.00661468505859375 -0.0409049987792969 0.00856018066406251 -0.0871810913085938
-0.0257911682128906 -0.0389747619628906 -0.031951904296875 -0.0732345581054688
-0.0227622985839844 -0.0356941223144531 -0.0356025695800781 -0.0439109802246094
-0.0300941467285156 -0.0400619506835938 -0.0315704345703125 -0.0341701507568359
-0.0166549682617188 -0.0499114990234375 -0.0300655364990234 -0.0272769927978516
0.0161209106445312 -0.0568275451660156 -0.0269622802734375 -0.0212059020996094
0.0530967712402344 -0.0421524047851563 -0.0275115966796875 -0.0333843231201172
0.081939697265625 0.0186386108398438 -0.0280113220214844 -0.0457954406738281
0.0823822021484375 0.0672073364257813 -0.0287551879882812 -0.0732650756835938
0.0448074340820313 0.106399536132813 -0.0234146118164063 -0.0853805541992188
0.0199356079101562 0.13116455078125 0.0671424865722656 -0.0381546020507812
0.0565948486328125 0.0854339599609375 0.0287609100341797 0.0132102966308594
0.0873489379882813 0.0510635375976562 0.0481758117675781 0.0446014404296875
0.0832901000976563 -0.0149688720703125 0.0805740356445313 0.00139617919921875
0.049774169921875 -0.0496063232421875 0.0640029907226563 -0.040802001953125
0.00223159790039062 -0.0690269470214844 0.0183181762695312 -0.0709075927734375
-0.0292129516601562 -0.0634651184082031 -0.0188407897949219 -0.0583267211914063
-0.0269126892089844 -0.0574913024902344 -0.0249652862548828 -0.0295734405517578
-0.037445068359375 -0.0642280578613281 -0.0202770233154297 -0.0192108154296875
-0.0178070068359375 -0.071563720703125 -0.0248165130615234 -0.00905418395996094
0.0248794555664063 -0.0755615234375 -0.0251502990722656 -0.0031566619873047
0.0671272277832031 -0.0525665283203125 -0.0305957794189453 -0.0183963775634766
0.098663330078125 0.024444580078125 -0.0315742492675781 -0.0331478118896484
0.0910110473632813 0.080718994140625 -0.0212287902832031 -0.0525398254394531
0.0409393310546875 0.124610900878906 -0.0189056396484375 -0.0466156005859375
0.00114440917968749 0.138847351074219 0.0693855285644531 0.011077880859375
0.0438079833984375 0.110671997070313 0.0351371765136719 0.0447196960449219
0.0926742553710938 0.0810012817382813 0.0443267822265625 0.0591583251953125
0.103965759277344 -0.00144195556640625 0.0736007690429688 0.02203369140625
0.07037353515625 -0.0525360107421875 0.0607376098632813 -0.0163192749023438
0.0118408203125 -0.0845794677734375 0.0264472961425781 -0.0453758239746094
-0.027374267578125 -0.0782089233398437 -0.00415802001953125 -0.0358238220214844
-0.0268020629882812 -0.0701904296875 -0.0107698440551758 -0.00940990447998047
-0.0401382446289062 -0.0791168212890625 -0.00603628158569336 0.000593185424804684
-0.0178070068359375 -0.0836334228515625 -0.0163354873657227 0.0124549865722656
0.0308685302734375 -0.085418701171875 -0.021026611328125 0.0160923004150391
0.0732269287109375 -0.0553436279296875 -0.0315723419189453 -0.00344467163085937
0.102188110351563 0.0303421020507813 -0.0320453643798828 -0.0219306945800781
0.0868377685546875 0.0876083374023438 -0.00909614562988281 -0.0329875946044922
0.0291748046875 0.127647399902344 -0.0131587982177734 -0.00515651702880859
-0.0173263549804687 0.120773315429688 0.0640449523925781 0.0611419677734375
0.0198974609375 0.111473083496094 0.034637451171875 0.07659912109375
0.0739517211914063 0.0939178466796875 0.036224365234375 0.0693511962890625
0.101844787597656 0.0150680541992188 0.0579032897949219 0.039306640625
0.0765457153320313 -0.0419845581054688 0.050384521484375 0.0087890625
0.0205535888671875 -0.082794189453125 0.0299320220947266 -0.0164775848388672
-0.0203857421875 -0.0804214477539063 0.0112934112548828 -0.00844383239746094
-0.0218963623046875 -0.072174072265625 0.00502204895019531 0.0107898712158203
-0.033935546875 -0.0824356079101563 0.00821495056152344 0.0212783813476562
-0.0104446411132813 -0.08404541015625 -0.00761032104492187 0.0330295562744141
0.0409164428710938 -0.078826904296875 -0.0186862945556641 0.0335521697998047
0.07647705078125 -0.0416412353515625 -0.0328292846679687 0.00724411010742187
0.0863189697265625 0.045501708984375 -0.0296630859375 -0.0168056488037109
0.0571823120117187 0.0922317504882812 0.0045614242553711 -0.0151691436767578
-0.00250244140625 0.113677978515625 -0.0118618011474609 0.032400131225586
-0.037994384765625 0.077178955078125 0.0443191528320312 0.102806091308594
-0.0121994018554688 0.0844955444335938 0.0224227905273437 0.100204467773437
0.0331573486328125 0.0863418579101563 0.0199966430664063 0.0729293823242188
0.0738449096679687 0.03131103515625 0.0353622436523438 0.052764892578125
0.0658950805664063 -0.0202674865722656 0.0343132019042969 0.0296745300292969
0.0275230407714844 -0.0640144348144531 0.0279273986816406 0.0127925872802734
-0.0067291259765625 -0.067840576171875 0.0212440490722656 0.0179824829101562
-0.0118217468261719 -0.0628013610839844 0.0175228118896484 0.030609130859375
-0.0191116333007812 -0.073760986328125 0.0187454223632813 0.0429306030273437
-0.000404357910156253 -0.0735931396484375 -0.00335693359375 0.0533676147460938
0.042205810546875 -0.0657157897949219 -0.0190582275390625 0.0494384765625
0.0700874328613281 -0.0270614624023437 -0.0364303588867187 0.0185623168945313
0.06787109375 0.05023193359375 -0.0306930541992188 -0.0117263793945312
0.0342636108398438 0.08282470703125 0.0101604461669922 0.00221252441406251
-0.0187606811523438 0.0878219604492188 -0.015625 0.0672760009765625
-0.0407142639160156 0.0250282287597656 0.0333786010742188 0.124351501464844
-0.0284194946289063 0.0430183410644531 0.0186767578125 0.109764099121094
0.000862121582031254 0.0562515258789063 0.0147438049316406 0.0688133239746094
0.0384635925292969 0.0303611755371094 0.0222091674804688 0.054351806640625
0.042327880859375 -0.00494766235351563 0.022491455078125 0.038238525390625
0.0231895446777344 -0.0387535095214844 0.026611328125 0.0305767059326172
0.000759124755859374 -0.0454597473144531 0.0280303955078125 0.0377464294433594
-0.00125885009765625 -0.043731689453125 0.0269203186035156 0.0463485717773438
-0.00768661499023437 -0.0536308288574219 0.0265083312988281 0.0613861083984375
0.00630950927734375 -0.05340576171875 -0.00112152099609375 0.0703277587890625
0.0381584167480469 -0.0432090759277344 -0.0242843627929687 0.0611343383789062
0.0548362731933594 -0.00980758666992187 -0.0438423156738281 0.0247421264648437
0.0396308898925781 0.0486259460449219 -0.0333938598632812 -0.00968551635742186
0.00112152099609376 0.0639686584472656 0.0101308822631836 0.0164480209350586
-0.0382041931152344 0.0492515563964844 -0.0273666381835938 0.0903396606445312
0.0381355285644531 0.00522232055664063 0.019195556640625 -0.106254577636719
0.0182151794433594 -0.0353660583496094 -0.00716781616210938 -0.02752685546875
-0.0137939453125 -0.0317440032958984 0.0362892150878906 0.0144767761230469
-0.0280342102050781 -0.00351715087890625 0.0621185302734375 -0.0274848937988281
-0.0211811065673828 0.0148715972900391 0.035980224609375 -0.0698471069335938
-0.00791549682617187 0.026336669921875 -0.009033203125 -0.0837326049804688
-0.00414657592773437 0.02264404296875 -0.0420379638671875 -0.0729141235351562
-0.00535774230957031 0.0215606689453125 -0.0408401489257813 -0.0522537231445313
-0.00891685485839844 0.022857666015625 -0.0383071899414063 -0.0433807373046875
-0.0192146301269531 0.0101261138916016 -0.0295791625976563 -0.0410804748535156
-0.0200214385986328 -0.00963211059570313 -0.0273475646972656 -0.0402259826660156
-0.00239181518554688 -0.0267791748046875 -0.0224037170410156 -0.052398681640625
0.0280113220214844 -0.0232601165771484 -0.0147323608398437 -0.07122802734375
0.0467453002929688 -0.00114059448242188 -0.0284194946289062 -0.10498046875
0.0435829162597656 0.0231056213378906 -0.0304641723632812 -0.131248474121094
0.0417404174804688 0.0552902221679688 0.0376358032226562 -0.101348876953125
0.0414314270019531 0.00174713134765625 0.00395774841308594 -0.0258979797363281
0.0244693756103516 -0.0131359100341797 0.0417442321777344 0.0201225280761719
0.00617694854736328 -0.0154199600219727 0.07183837890625 -0.0246353149414062
-0.00269508361816406 -0.010554313659668 0.0475654602050781 -0.0691719055175781
-0.0103416442871094 -0.00687503814697265 -0.00249481201171874 -0.0899734497070312
-0.0168724060058594 -0.00804805755615234 -0.0401153564453125 -0.07672119140625
-0.0150938034057617 -0.00736427307128906 -0.0412178039550781 -0.0514068603515625
-0.0200653076171875 -0.00948524475097656 -0.0376930236816406 -0.042572021484375
-0.0165729522705078 -0.0211849212646484 -0.0309791564941406 -0.0383872985839844
0.000617980957031248 -0.0332660675048828 -0.0273246765136719 -0.0344085693359375
0.0294532775878906 -0.03057861328125 -0.0237922668457031 -0.0461349487304688
0.0562553405761719 0.00361251831054688 -0.0203819274902344 -0.0600128173828125
0.0646324157714844 0.0390205383300781 -0.029510498046875 -0.0913848876953125
0.0446319580078125 0.071380615234375 -0.026947021484375 -0.114402770996094
0.03521728515625 0.0998306274414063 0.0543212890625 -0.0783538818359375
0.0546188354492187 0.0446395874023437 0.016326904296875 -0.0130987167358398
0.0611457824707031 0.0158882141113281 0.0464515686035156 0.030853271484375
0.0456886291503906 -0.0204238891601563 0.0792160034179687 -0.0138473510742187
0.0224494934082031 -0.0341949462890625 0.058135986328125 -0.05950927734375
-0.00749969482421875 -0.0399093627929687 0.00730895996093749 -0.0856399536132812
-0.0263595581054687 -0.0381965637207031 -0.0322799682617188 -0.071990966796875
-0.0228805541992187 -0.0347766876220703 -0.0355606079101563 -0.0428810119628906
-0.0302009582519531 -0.0385398864746094 -0.0321788787841797 -0.0331192016601562
-0.0172195434570313 -0.0481834411621094 -0.0298500061035156 -0.0263023376464844
0.01513671875 -0.0565681457519531 -0.0276718139648438 -0.0212497711181641
0.051849365234375 -0.0418128967285156 -0.0276622772216797 -0.0341720581054688
0.0815048217773438 0.0181732177734375 -0.0265884399414063 -0.0465888977050781
0.0813522338867188 0.065277099609375 -0.0288467407226562 -0.0728530883789062
0.0454483032226562 0.105499267578125 -0.0239944458007813 -0.0847549438476563
0.0205230712890625 0.129981994628906 0.0648231506347656 -0.0378150939941406
0.0550003051757813 0.0842208862304688 0.0262813568115234 0.0123748779296875
0.0867080688476563 0.0498809814453125 0.0481681823730469 0.0449104309082031
0.0821609497070313 -0.0155029296875 0.079986572265625 0.0026397705078125
0.0484085083007813 -0.0492401123046875 0.0634765625 -0.0402565002441406
0.000350952148437499 -0.0678863525390625 0.017852783203125 -0.0696258544921875
-0.0295524597167969 -0.0621490478515625 -0.01947021484375 -0.0571975708007813
-0.0269393920898437 -0.0561370849609375 -0.0246772766113281 -0.0280227661132813
-0.0374832153320313 -0.0620613098144531 -0.0213794708251953 -0.0179386138916016
-0.0186691284179688 -0.0692214965820313 -0.0249519348144531 -0.00891304016113281
0.0236282348632813 -0.0748519897460937 -0.0251808166503906 -0.00375556945800782
0.0658035278320313 -0.0526580810546875 -0.0307731628417969 -0.0192794799804688
0.0981597900390625 0.0239028930664063 -0.0309123992919922 -0.0337104797363281
0.0910797119140625 0.07958984375 -0.0211830139160156 -0.0530548095703125
0.0414962768554688 0.124420166015625 -0.0196800231933594 -0.0471038818359375
0.00167846679687501 0.136909484863281 0.0676841735839844 0.00992202758789063
0.0424423217773438 0.109519958496094 0.0329856872558594 0.0440216064453125
0.0924072265625 0.0793914794921875 0.0438079833984375 0.0595588684082031
0.102767944335938 -0.0027618408203125 0.0724945068359375 0.02154541015625
0.0683746337890625 -0.0518302917480469 0.0611419677734375 -0.0157852172851563
0.0103225708007813 -0.0827255249023438 0.02569580078125 -0.0459251403808594
-0.028289794921875 -0.0767898559570313 -0.00400352478027344 -0.0350017547607422
-0.0268783569335938 -0.0691680908203125 -0.0108785629272461 -0.00873565673828125
-0.0404891967773438 -0.0766448974609375 -0.00727605819702149 0.000948429107666012
-0.0190505981445313 -0.0812835693359375 -0.0160636901855469 0.0124597549438476
0.0290756225585938 -0.08447265625 -0.0215606689453125 0.0160732269287109
0.0719985961914062 -0.0552520751953125 -0.0319290161132813 -0.00340652465820313
0.101936340332031 0.0281906127929687 -0.0315647125244141 -0.0230503082275391
0.0865097045898438 0.0857772827148438 -0.00958633422851562 -0.0338077545166015
0.0291976928710938 0.126953125 -0.0127954483032227 -0.00590991973876952
-0.0169525146484375 0.120132446289063 0.062591552734375 0.0597496032714844
0.018829345703125 0.109817504882812 0.0338516235351562 0.07513427734375
0.073974609375 0.092681884765625 0.0350227355957031 0.0698165893554688
0.100593566894531 0.01434326171875 0.0583381652832031 0.0403938293457031
0.0747146606445313 -0.0423660278320313 0.0503158569335938 0.00959396362304687
0.0187835693359375 -0.0816116333007813 0.029449462890625 -0.0165214538574219
-0.0215911865234375 -0.0786056518554688 0.0101938247680664 -0.00827598571777344
-0.022186279296875 -0.0709915161132813 0.00487232208251953 0.0111274719238281
-0.035064697265625 -0.0795059204101563 0.00808906555175781 0.0214729309082031
-0.0125274658203125 -0.0828628540039063 -0.0076446533203125 0.0323715209960937
0.0382843017578125 -0.0779953002929688 -0.0183620452880859 0.0328960418701172
0.0755691528320313 -0.0424575805664063 -0.0326404571533203 0.00673866271972656
0.0861358642578125 0.0445785522460938 -0.0293827056884765 -0.0177364349365234
0.0569000244140625 0.0904998779296875 0.00487327575683594 -0.0154457092285156
-0.0018463134765625 0.112754821777344 -0.0120143890380859 0.0315437316894531
-0.0371170043945313 0.0767974853515625 0.0439834594726563 0.101417541503906
-0.0127182006835937 0.0832595825195313 0.0219039916992187 0.0980224609375
0.0341567993164063 0.0852203369140625 0.0192794799804688 0.0726699829101563
0.073150634765625 0.0300064086914062 0.0353889465332031 0.0525093078613281
0.0651931762695313 -0.0204849243164063 0.0344429016113281 0.0298309326171875
0.0262031555175781 -0.0635147094726563 0.0278148651123047 0.0121974945068359
-0.00771713256835938 -0.0668106079101562 0.0207595825195313 0.0174312591552734
-0.0125961303710937 -0.0625534057617188 0.0172348022460937 0.0309658050537109
-0.0207138061523438 -0.0716323852539063 0.0188026428222656 0.0418548583984375
-0.00131988525390624 -0.07244873046875 -0.00288772583007813 0.0520896911621094
0.040008544921875 -0.0653572082519531 -0.0190010070800781 0.0480308532714844
0.0689544677734375 -0.0284576416015625 -0.0367584228515625 0.017669677734375
0.066986083984375 0.0485763549804687 -0.0307254791259766 -0.0121707916259766
0.034881591796875 0.0813674926757813 0.0101261138916016 0.00115489959716797
-0.0190353393554688 0.0874557495117188 -0.0154685974121094 0.0653724670410156
-0.0402336120605469 0.024993896484375 0.033721923828125 0.122413635253906
-0.0284805297851562 0.0428237915039063 0.0180587768554687 0.107627868652344
0.00179290771484375 0.0566825866699219 0.0130462646484375 0.0687332153320313
0.0383148193359375 0.0290298461914062 0.0220718383789063 0.0549736022949219
0.0418968200683594 -0.00518798828125 0.023468017578125 0.0379791259765625
0.0216064453125 -0.038360595703125 0.0265750885009766 0.0299644470214844
7.24792480468735E-05 -0.0449981689453125 0.0283241271972656 0.0367889404296875
-0.00216293334960938 -0.0430679321289063 0.02691650390625 0.0460243225097656
-0.00825119018554687 -0.0526199340820313 0.0264816284179687 0.0599288940429688
0.00580215454101562 -0.0532798767089844 -0.00122451782226563 0.0693092346191406
0.037078857421875 -0.0437126159667969 -0.0237922668457031 0.060089111328125
0.0542716979980469 -0.0104026794433594 -0.0426979064941406 0.0245704650878906
0.0399131774902344 0.0481338500976563 -0.0331077575683594 -0.00949287414550781
0.001251220703125 0.0620918273925781 0.00969505310058594 0.0147762298583984
-0.0371055603027344 0.0485458374023438 -0.0260467529296875 0.088958740234375
0.0383186340332031 0.0055389404296875 0.0202102661132813 -0.106208801269531
0.0182952880859375 -0.0358047485351562 -0.00852584838867187 -0.0269889831542969
-0.0144863128662109 -0.0319080352783203 0.0368270874023438 0.0153541564941406
-0.0281562805175781 -0.00383949279785156 0.0636825561523438 -0.0278396606445313
-0.0216560363769531 0.0149002075195313 0.0367012023925781 -0.0700645446777344
-0.00793266296386719 0.0270023345947266 -0.00803375244140624 -0.0846023559570313
-0.00396347045898438 0.0226535797119141 -0.0417327880859375 -0.0739517211914063
-0.00490188598632812 0.0214939117431641 -0.0407371520996094 -0.0531578063964844
-0.00824928283691406 0.0231266021728516 -0.038299560546875 -0.0438194274902344
-0.0192222595214844 0.0106372833251953 -0.0300407409667969 -0.0416450500488281
-0.0201168060302734 -0.00900459289550781 -0.0269546508789063 -0.0410919189453125
-0.00222396850585937 -0.0266704559326172 -0.0225906372070312 -0.0544700622558594
0.0281543731689453 -0.0234756469726563 -0.013153076171875 -0.073089599609375
0.0470771789550781 -0.000835418701171875 -0.0268173217773438 -0.10699462890625
0.0435371398925781 0.0236320495605469 -0.029388427734375 -0.133460998535156
0.04229736328125 0.0566329956054687 0.0383224487304687 -0.1021728515625
0.0412216186523438 0.00146484375 0.0023040771484375 -0.0260028839111328
0.024749755859375 -0.0134410858154297 0.0425224304199219 0.0215225219726563
0.00615215301513672 -0.0167627334594727 0.0728225708007813 -0.0233840942382812
-0.002593994140625 -0.0110445022583008 0.0491180419921875 -0.0699844360351563
-0.0106534957885742 -0.00601100921630859 -0.00115203857421874 -0.0907135009765625
-0.0173912048339844 -0.0075540542602539 -0.0402603149414062 -0.0783004760742188
-0.0152168273925781 -0.00759696960449219 -0.0404891967773437 -0.0518341064453125
-0.0200767517089844 -0.00868034362792968 -0.0376243591308594 -0.0430908203125
-0.0162982940673828 -0.0206260681152344 -0.0315132141113281 -0.0385208129882813
0.000461578369140622 -0.0330219268798828 -0.0271720886230469 -0.0347480773925781
0.0295791625976563 -0.0319747924804687 -0.0234031677246094 -0.0477828979492187
0.0570945739746094 0.00402069091796875 -0.0185585021972656 -0.0618705749511719
0.0652503967285156 0.0399589538574219 -0.0289230346679688 -0.0938186645507813
0.0449371337890625 0.0725326538085938 -0.0262222290039062 -0.117340087890625
0.0348587036132813 0.102058410644531 0.0543746948242188 -0.0791015625
0.0534820556640625 0.0453948974609375 0.0141735076904297 -0.0129795074462891
0.0620307922363281 0.0164451599121094 0.0472640991210938 0.0330009460449219
0.0459403991699219 -0.0207328796386719 0.0804443359375 -0.0127029418945313
0.0231590270996094 -0.0343494415283203 0.0598106384277344 -0.0591201782226563
-0.00760650634765625 -0.0397186279296875 0.00868225097656251 -0.0867080688476563
-0.0265007019042969 -0.0383758544921875 -0.0319747924804688 -0.0728302001953125
-0.0226554870605469 -0.0351486206054688 -0.0347442626953125 -0.0432090759277344
-0.0301170349121094 -0.0391960144042969 -0.0322246551513672 -0.0332832336425781
-0.0171737670898438 -0.0481147766113281 -0.030853271484375 -0.0264263153076172
0.0146484375 -0.0566749572753906 -0.0284042358398438 -0.0215415954589844
0.0530548095703125 -0.0419845581054688 -0.027618408203125 -0.0356559753417969
0.08258056640625 0.0183868408203125 -0.0251846313476562 -0.0488243103027344
0.0825576782226563 0.0664520263671875 -0.0282440185546875 -0.075103759765625
0.0443038940429688 0.107696533203125 -0.0239791870117188 -0.0864486694335938
0.0198974609375 0.131912231445313 0.0653762817382813 -0.0383071899414062
0.0539779663085938 0.0855789184570313 0.0254478454589844 0.0125694274902344
0.0880813598632813 0.0513763427734375 0.0478553771972656 0.0477867126464844
0.082855224609375 -0.0153350830078125 0.0811843872070313 0.00496673583984375
0.0495262145996094 -0.0496788024902344 0.0657310485839844 -0.0399971008300781
0.000770568847656257 -0.0675201416015625 0.0186691284179688 -0.0707626342773438
-0.03045654296875 -0.06280517578125 -0.019775390625 -0.0577011108398438
-0.0267524719238281 -0.0573577880859375 -0.0243797302246094 -0.02789306640625
-0.0380744934082031 -0.062225341796875 -0.0216159820556641 -0.0180015563964844
-0.0185585021972656 -0.06951904296875 -0.0253467559814453 -0.00899696350097657
0.023590087890625 -0.0761337280273437 -0.026763916015625 -0.00379753112792969
0.0663375854492188 -0.0520782470703125 -0.0313053131103516 -0.020294189453125
0.0995864868164063 0.024383544921875 -0.0306320190429687 -0.0359268188476563
0.0916519165039063 0.08056640625 -0.0213356018066406 -0.0553245544433594
0.040863037109375 0.126655578613281 -0.0191612243652344 -0.0483322143554687
0.000373840332031252 0.139480590820313 0.0674057006835938 0.0106430053710938
0.0402374267578125 0.110389709472656 0.0313072204589844 0.0441017150878906
0.0937957763671875 0.081085205078125 0.043548583984375 0.0621490478515625
0.10382080078125 -0.00144195556640625 0.07354736328125 0.0244140625
0.0706024169921875 -0.0516738891601563 0.0626182556152344 -0.0147552490234375
0.00984191894531251 -0.0831832885742188 0.0264625549316406 -0.0461463928222656
-0.028961181640625 -0.07757568359375 -0.00417327880859375 -0.0354232788085938
-0.0267562866210937 -0.0706100463867187 -0.0101356506347656 -0.00875377655029297
-0.0405426025390625 -0.0764846801757813 -0.00751209259033203 0.000955581665039056
-0.0187606811523438 -0.0818557739257813 -0.0167055130004883 0.0119218826293945
0.0283050537109375 -0.0851898193359375 -0.0219631195068359 0.0152416229248047
0.0728530883789062 -0.055816650390625 -0.0327301025390625 -0.00452041625976563
0.103256225585938 0.0293731689453125 -0.0313529968261719 -0.024017333984375
0.08734130859375 0.0867996215820313 -0.00910949707031249 -0.0353050231933594
0.0284576416015625 0.129470825195313 -0.0134611129760742 -0.00670051574707031
-0.0187454223632813 0.121742248535156 0.0619430541992188 0.0609321594238281
0.0177001953125 0.111106872558594 0.032379150390625 0.075714111328125
0.0749893188476563 0.0944061279296875 0.0337142944335938 0.0718154907226562
0.10089111328125 0.0150680541992188 0.0573616027832031 0.0427474975585938
0.076751708984375 -0.0426101684570313 0.0527992248535156 0.0104217529296875
0.0193023681640625 -0.08209228515625 0.0305976867675781 -0.0168380737304688
-0.0215225219726562 -0.0791244506835938 0.0106048583984375 -0.00862503051757813
-0.0219345092773437 -0.0732269287109375 0.0050516128540039 0.0118341445922852
-0.0363998413085938 -0.0798187255859375 0.00750541687011718 0.0213603973388672
-0.0136566162109375 -0.0833511352539063 -0.00907516479492188 0.0328788757324219
0.0382461547851563 -0.0789718627929688 -0.0194644927978516 0.0325298309326172
0.0762481689453125 -0.0416412353515625 -0.0334510803222656 0.00594711303710937
0.0877609252929688 0.0452880859375 -0.0294761657714844 -0.0186042785644531
0.0572128295898438 0.091278076171875 0.00488948822021485 -0.0170965194702148
-0.00265502929687499 0.114120483398438 -0.0125083923339844 0.0313453674316406
-0.0380020141601563 0.0772171020507812 0.0430755615234375 0.102188110351563
-0.0144195556640625 0.084075927734375 0.020416259765625 0.0989303588867188
0.03460693359375 0.087066650390625 0.0178375244140625 0.0747604370117188
0.073516845703125 0.0304107666015625 0.0345191955566406 0.0550079345703125
0.0659942626953125 -0.02020263671875 0.035552978515625 0.03131103515625
0.0260887145996094 -0.0635566711425781 0.0283470153808594 0.0123882293701172
-0.00772476196289063 -0.0677299499511719 0.0213375091552734 0.0179405212402344
-0.0122184753417969 -0.0633735656738281 0.0176677703857422 0.031585693359375
-0.0212631225585937 -0.0723495483398438 0.0176811218261719 0.0423583984375
-0.00214385986328124 -0.0733413696289063 -0.00374984741210938 0.0527191162109375
0.0397834777832031 -0.0661048889160156 -0.0196952819824219 0.04840087890625
0.0699844360351563 -0.0283622741699219 -0.0372200012207031 0.0172386169433594
0.0689888000488281 0.0496597290039063 -0.0306453704833984 -0.0130729675292969
0.034271240234375 0.082000732421875 0.0106649398803711 0.000702857971191411
-0.0191421508789063 0.088958740234375 -0.0154991149902344 0.0654716491699219
-0.0408592224121094 0.025054931640625 0.0322265625 0.123008728027344
-0.0297050476074219 0.0428657531738281 0.0173263549804687 0.109878540039062
0.00162124633789062 0.0572662353515625 0.012237548828125 0.0702323913574219
0.0387687683105469 0.0299339294433594 0.0219154357910156 0.0570602416992187
0.0424957275390625 -0.00461578369140625 0.0231819152832031 0.0394630432128906
0.0220260620117188 -0.0389442443847656 0.0276851654052734 0.0302352905273437
8.77380371093779E-05 -0.0451698303222656 0.0284614562988281 0.0368995666503906
-0.00207138061523438 -0.04339599609375 0.0272483825683594 0.0465164184570313
-0.0089263916015625 -0.0532035827636719 0.0254287719726563 0.0600128173828125
0.00567245483398438 -0.0532913208007813 -0.00152587890624999 0.0699348449707031
0.0380096435546875 -0.0444869995117188 -0.0245819091796875 0.060302734375
0.0551261901855469 -0.0107002258300781 -0.043731689453125 0.0243988037109375
0.0407791137695313 0.0489463806152344 -0.0337905883789063 -0.0107002258300781
0.000701904296874994 0.0634117126464844 0.01080322265625 0.0147218704223633
-0.0384559631347656 0.0495529174804687 -0.0272598266601563 0.0890884399414062
0.041473388671875 0.0055694580078125 0.0199661254882813 -0.109779357910156
0.0184249877929687 -0.0370521545410156 -0.0101776123046875 -0.0275421142578125
-0.0151939392089844 -0.0332489013671875 0.0390777587890625 0.0165061950683594
-0.0291347503662109 -0.00413322448730468 0.0663871765136719 -0.0283355712890625
-0.0221290588378906 0.0153636932373047 0.03863525390625 -0.0726470947265625
-0.00787925720214844 0.0289287567138672 -0.00777435302734376 -0.08721923828125
-0.00366020202636719 0.0238590240478516 -0.043670654296875 -0.0758743286132813
-0.00441932678222657 0.0224838256835938 -0.0423316955566406 -0.0548133850097656
-0.00760269165039063 0.0242595672607422 -0.0402030944824219 -0.0454826354980469
-0.0190601348876953 0.0117340087890625 -0.030792236328125 -0.0428657531738281
-0.0208892822265625 -0.0092926025390625 -0.0286483764648438 -0.043121337890625
-0.00295448303222656 -0.0278587341308594 -0.0227432250976563 -0.0574264526367188
0.0297279357910156 -0.0244846343994141 -0.0135269165039063 -0.0769424438476563
0.0485954284667969 -0.00114822387695313 -0.0277862548828125 -0.111129760742188
0.0457420349121094 0.0245323181152344 -0.0310211181640625 -0.139244079589844
0.0442237854003906 0.0583953857421875 0.0383453369140625 -0.105751037597656
0.0417633056640625 0.00177764892578125 0.000595092773437502 -0.0263652801513672
0.0259628295898438 -0.01409912109375 0.0448837280273438 0.0227394104003906
0.00643062591552734 -0.0165901184082031 0.0760879516601563 -0.0242233276367188
-0.00289344787597656 -0.0112171173095703 0.0509109497070313 -0.0720291137695313
-0.0112972259521484 -0.00558185577392578 -0.00133514404296876 -0.09423828125
-0.0178947448730469 -0.00766181945800782 -0.0424728393554687 -0.0804519653320313
-0.0154752731323242 -0.00819492340087891 -0.0426177978515625 -0.053253173828125
-0.0205249786376953 -0.00877571105957032 -0.0394096374511719 -0.0442008972167969
-0.0171546936035156 -0.0206756591796875 -0.0331077575683594 -0.03985595703125
0.000692367553710939 -0.0336627960205078 -0.029541015625 -0.036590576171875
0.0303535461425781 -0.0328750610351562 -0.0245475769042969 -0.0501594543457031
0.0597305297851563 0.00392913818359375 -0.01837158203125 -0.065673828125
0.0680389404296875 0.0407485961914062 -0.0297088623046875 -0.0978164672851563
0.0467605590820312 0.076080322265625 -0.0277175903320312 -0.122329711914062
0.0372695922851562 0.106475830078125 0.055938720703125 -0.0817413330078125
0.0545234680175781 0.0472984313964844 0.0137662887573242 -0.0128240585327148
0.0649528503417969 0.0166854858398438 0.0491409301757813 0.0350074768066406
0.0474586486816406 -0.0216636657714844 0.083465576171875 -0.0126800537109375
0.0237350463867188 -0.0356178283691406 0.0630912780761719 -0.0616645812988281
-0.008148193359375 -0.0405654907226562 0.00910949707031251 -0.0896453857421875
-0.0280647277832031 -0.0388755798339844 -0.033721923828125 -0.0748825073242188
-0.0239982604980469 -0.0368499755859375 -0.0361175537109375 -0.0439567565917969
-0.0313949584960938 -0.0398597717285156 -0.0336208343505859 -0.0343112945556641
-0.0178642272949219 -0.0497016906738281 -0.0321445465087891 -0.0276260375976563
0.01495361328125 -0.0581855773925781 -0.0302257537841797 -0.0228443145751953
0.0540504455566406 -0.0441360473632813 -0.0291938781738281 -0.0381507873535156
0.0863189697265625 0.019287109375 -0.0261688232421875 -0.0518112182617188
0.085906982421875 0.06829833984375 -0.0296707153320313 -0.0789642333984375
0.0467529296875 0.112358093261719 -0.0253677368164062 -0.090728759765625
0.0212249755859375 0.137504577636719 0.0673065185546875 -0.0401992797851562
0.054595947265625 0.0894393920898438 0.0245399475097656 0.0125923156738281
0.0918121337890625 0.05267333984375 0.0496826171875 0.0509223937988281
0.0850906372070313 -0.0159454345703125 0.0845870971679688 0.00560760498046875
0.0519981384277344 -0.0509872436523438 0.0686798095703125 -0.0412101745605469
-0.000366210937500007 -0.0698051452636719 0.0200424194335937 -0.0738449096679688
-0.0318717956542969 -0.0643997192382813 -0.0209465026855469 -0.0597915649414063
-0.0277252197265625 -0.0592613220214844 -0.0253810882568359 -0.0283050537109375
-0.0401840209960937 -0.0640068054199219 -0.0230960845947266 -0.0183925628662109
-0.0204010009765625 -0.0711593627929688 -0.0275993347167969 -0.00899887084960938
0.0232696533203125 -0.0778961181640625 -0.0278167724609375 -0.00444793701171875
0.0691413879394531 -0.0547637939453125 -0.0327472686767578 -0.0221118927001953
0.103897094726563 0.0244522094726563 -0.0315895080566406 -0.0389595031738281
0.0953750610351563 0.0828704833984375 -0.0223274230957031 -0.0577850341796875
0.0428848266601563 0.132164001464844 -0.0203056335449219 -0.0505294799804687
0.000946044921874997 0.145767211914063 0.069549560546875 0.0108299255371094
0.04193115234375 0.114479064941406 0.0311775207519531 0.0454063415527344
0.0981216430664063 0.08428955078125 0.0441780090332031 0.065887451171875
0.107292175292969 -0.00167083740234375 0.07666015625 0.0265350341796875
0.0734100341796875 -0.0542831420898438 0.0661849975585938 -0.0153465270996094
0.00997161865234374 -0.086212158203125 0.0272064208984375 -0.048065185546875
-0.03057861328125 -0.0796127319335938 -0.00457382202148437 -0.0361671447753906
-0.0284194946289063 -0.0733184814453125 -0.0103912353515625 -0.00771331787109375
-0.0436248779296875 -0.078338623046875 -0.00867843627929688 0.00140094757080077
-0.0204238891601562 -0.0841751098632813 -0.0180740356445313 0.013275146484375
0.0283279418945312 -0.0881881713867188 -0.0237197875976563 0.0152854919433594
0.0757598876953125 -0.0585403442382813 -0.0341110229492187 -0.00569534301757812
0.107719421386719 0.0300827026367188 -0.0325393676757812 -0.0267772674560547
0.0915679931640625 0.08856201171875 -0.00973510742187499 -0.0374794006347656
0.029937744140625 0.134056091308594 -0.0142269134521484 -0.00752925872802734
-0.0190658569335938 0.126602172851562 0.0639572143554688 0.0625839233398438
0.0172576904296875 0.115234375 0.0318679809570312 0.0781631469726563
0.0785903930664063 0.0979766845703125 0.0342559814453125 0.0759811401367188
0.104583740234375 0.01513671875 0.0595550537109375 0.045135498046875
0.0795516967773438 -0.0436782836914063 0.0551185607910156 0.0108680725097656
0.0189437866210937 -0.0847930908203125 0.0312576293945313 -0.0172824859619141
-0.022979736328125 -0.0823898315429688 0.0108880996704102 -0.00924205780029297
-0.0232315063476563 -0.0750579833984375 0.00570106506347656 0.0127716064453125
-0.0381317138671875 -0.0819244384765625 0.00736427307128906 0.0228500366210937
-0.014434814453125 -0.0855026245117187 -0.00910186767578125 0.0344104766845703
0.0385208129882813 -0.0820770263671875 -0.0206851959228516 0.0331439971923828
0.0790023803710938 -0.0442886352539063 -0.0350131988525391 0.0055694580078125
0.0918121337890625 0.0464859008789063 -0.0303382873535156 -0.0200576782226562
0.0602874755859375 0.0945816040039063 0.00476646423339844 -0.0188121795654297
-0.0025177001953125 0.119316101074219 -0.0125446319580078 0.0324459075927734
-0.039215087890625 0.0808258056640625 0.0440139770507813 0.10650634765625
-0.0148849487304687 0.0872116088867188 0.0206298828125 0.102241516113281
0.0368499755859375 0.0904998779296875 0.0170440673828125 0.0784759521484375
0.0768051147460938 0.0318145751953125 0.0359992980957031 0.0580291748046875
0.0691261291503906 -0.0212783813476562 0.0373344421386719 0.0330390930175781
0.0268745422363281 -0.0663375854492188 0.0297718048095703 0.0123081207275391
-0.00894927978515624 -0.0704574584960937 0.0221538543701172 0.0181407928466797
-0.0136680603027344 -0.0663986206054688 0.0183219909667969 0.0323390960693359
-0.0233001708984375 -0.0743026733398438 0.0175590515136719 0.0440711975097656
-0.003204345703125 -0.075408935546875 -0.0037841796875 0.0552024841308594
0.0406570434570313 -0.0690727233886719 -0.0211334228515625 0.0490760803222656
0.0719070434570313 -0.0306854248046875 -0.0384979248046875 0.0178298950195312
0.0719146728515625 0.0517120361328125 -0.0315761566162109 -0.0140781402587891
0.0361480712890625 0.0847930908203125 0.0117301940917969 -0.000447273254394526
-0.0196762084960938 0.093017578125 -0.0162925720214844 0.067962646484375
-0.0425987243652344 0.0257949829101563 0.0339508056640625 0.128036499023438
-0.0312156677246094 0.0442390441894531 0.0169601440429688 0.112747192382813
0.00301361083984375 0.05999755859375 0.0117340087890625 0.0740203857421875
0.0407752990722656 0.0304985046386719 0.0224990844726563 0.0604476928710937
0.0442047119140625 -0.00500106811523437 0.0247116088867188 0.0415420532226563
0.0229606628417969 -0.03997802734375 0.0287094116210937 0.0306854248046875
-0.000755310058593753 -0.0472908020019531 0.0298271179199219 0.0384674072265625
-0.00267791748046875 -0.0457344055175781 0.0285377502441406 0.0485496520996094
-0.00937652587890625 -0.0546607971191406 0.0264129638671875 0.0622215270996094
0.00453567504882813 -0.0555267333984375 -0.0020904541015625 0.072296142578125
0.0381736755371094 -0.0464630126953125 -0.0262031555175781 0.0609130859375
0.0577850341796875 -0.0116462707519531 -0.0452117919921875 0.0244903564453125
0.0419502258300781 0.0511550903320313 -0.0342960357666016 -0.0113201141357422
0.001068115234375 0.0656967163085937 0.0117454528808594 0.0141592025756836
-0.0392875671386719 0.0512580871582031 -0.0275344848632812 0.0918807983398438
0.04425048828125 0.00443267822265625 0.0177230834960938 -0.115318298339844
0.0179939270019531 -0.038818359375 -0.0128631591796875 -0.0269870758056641
-0.0177936553955078 -0.0351104736328125 0.0421562194824219 0.0165634155273437
-0.0309944152832031 -0.00423812866210937 0.06915283203125 -0.031280517578125
-0.0238971710205078 0.0171699523925781 0.0383148193359375 -0.0769729614257813
-0.00685882568359375 0.0306739807128906 -0.00971984863281249 -0.0915069580078125
-0.00208854675292969 0.0256118774414063 -0.0476608276367188 -0.0782623291015625
-0.00322532653808594 0.0231571197509766 -0.0455741882324219 -0.0562057495117187
-0.00671005249023437 0.0256595611572266 -0.0435295104980469 -0.0457916259765625
-0.0191822052001953 0.0128765106201172 -0.0338630676269531 -0.0444793701171875
-0.0220699310302734 -0.00846290588378906 -0.0315628051757813 -0.0445976257324219
-0.00368118286132813 -0.029510498046875 -0.025848388671875 -0.0611038208007813
0.0302543640136719 -0.0266838073730469 -0.0157546997070312 -0.0817413330078125
0.0505447387695313 -0.002349853515625 -0.031524658203125 -0.115631103515625
0.0493812561035156 0.0244216918945312 -0.035919189453125 -0.145965576171875
0.0489845275878906 0.0608673095703125 0.0370559692382812 -0.11138916015625
0.0428390502929688 0.000423431396484375 -0.00139808654785156 -0.0269393920898438
0.0263290405273437 -0.0159683227539063 0.0477066040039063 0.0236663818359375
0.00614738464355469 -0.0183067321777344 0.0793991088867188 -0.0266342163085938
-0.00304508209228516 -0.0123119354248047 0.05206298828125 -0.0770187377929688
-0.0120449066162109 -0.00578022003173828 -0.0030517578125 -0.0980987548828125
-0.0191574096679688 -0.00688934326171875 -0.0468368530273437 -0.0827407836914063
-0.0165948867797852 -0.00799274444580078 -0.0457077026367188 -0.0548591613769531
-0.0211582183837891 -0.00847244262695313 -0.0428543090820312 -0.0450553894042969
-0.0181217193603516 -0.0205650329589844 -0.0359268188476562 -0.0405998229980469
-0.00111579895019532 -0.0346145629882813 -0.0318832397460938 -0.0377769470214844
0.0305404663085938 -0.0353851318359375 -0.027587890625 -0.0532455444335938
0.0626335144042969 0.001922607421875 -0.0207748413085938 -0.0700416564941406
0.07220458984375 0.0400924682617187 -0.0338821411132813 -0.102790832519531
0.0515899658203125 0.0785293579101563 -0.0322265625 -0.128585815429688
0.0427780151367188 0.110549926757813 0.0559768676757813 -0.0867233276367188
0.0586509704589844 0.0481948852539062 0.0121793746948242 -0.0130472183227539
0.0684776306152344 0.0150680541992188 0.0527725219726563 0.0370063781738281
0.0486564636230469 -0.0242843627929688 0.088165283203125 -0.0147247314453125
0.0239677429199219 -0.0383110046386719 0.0648269653320312 -0.0664634704589844
-0.0103721618652344 -0.0419883728027344 0.0070343017578125 -0.0943069458007812
-0.0310897827148437 -0.0393028259277344 -0.0378799438476562 -0.0773391723632813
-0.0260887145996094 -0.0377082824707031 -0.0385246276855469 -0.044281005859375
-0.0340538024902344 -0.0400505065917969 -0.0372657775878906 -0.034759521484375
-0.0200080871582031 -0.0500984191894531 -0.0347042083740234 -0.02728271484375
0.0132560729980469 -0.0607833862304688 -0.0335140228271484 -0.0238018035888672
0.0558738708496094 -0.0479698181152344 -0.0317535400390625 -0.0403366088867188
0.0915679931640625 0.016937255859375 -0.0285873413085937 -0.0556983947753906
0.091827392578125 0.068267822265625 -0.0333099365234375 -0.0832901000976563
0.0528564453125 0.117485046386719 -0.02862548828125 -0.0947494506835937
0.026092529296875 0.144577026367187 0.0686264038085938 -0.0436859130859375
0.0593643188476563 0.0925445556640625 0.0244998931884766 0.0133438110351563
0.0987625122070312 0.0528335571289062 0.0535621643066406 0.0530853271484375
0.0896530151367187 -0.0192947387695312 0.0897979736328125 0.00457000732421875
0.0533218383789063 -0.0553398132324219 0.0723037719726563 -0.0454940795898437
-0.00245666503906249 -0.07244873046875 0.0187835693359375 -0.0780258178710938
-0.0360450744628906 -0.065948486328125 -0.0236167907714844 -0.0616073608398438
-0.0309371948242187 -0.0618972778320312 -0.0264415740966797 -0.0282135009765625
-0.0440750122070312 -0.06488037109375 -0.0255661010742188 -0.0179519653320313
-0.0233001708984375 -0.0730667114257813 -0.0293254852294922 -0.00866317749023438
0.0209197998046875 -0.0817489624023437 -0.0302867889404297 -0.0040283203125
0.06976318359375 -0.0593185424804687 -0.0351791381835937 -0.0229644775390625
0.110496520996094 0.0227279663085937 -0.0331573486328125 -0.0408401489257812
0.102256774902344 0.0833053588867188 -0.0253562927246094 -0.0616073608398438
0.047882080078125 0.138694763183594 -0.0226898193359375 -0.0531883239746094
0.004852294921875 0.153060913085938 0.0721969604492187 0.00942230224609376
0.0454940795898438 0.120346069335937 0.0324974060058594 0.0466995239257813
0.106117248535156 0.0859375 0.0478019714355469 0.0692176818847656
0.112602233886719 -0.00569915771484375 0.0812225341796875 0.027130126953125
0.0755233764648438 -0.0594024658203125 0.0699539184570313 -0.018341064453125
0.00720214843749999 -0.0892105102539063 0.0272636413574219 -0.05181884765625
-0.0351791381835938 -0.0819854736328125 -0.00589370727539063 -0.0376663208007813
-0.0326766967773438 -0.0760650634765625 -0.0101966857910156 -0.00792407989501954
-0.0486221313476563 -0.0798187255859375 -0.00967502593994141 0.00197601318359374
-0.0240554809570312 -0.0867156982421875 -0.0194492340087891 0.0139904022216797
0.0261764526367188 -0.0925140380859375 -0.0253238677978516 0.0174713134765625
0.07745361328125 -0.0634231567382813 -0.0363121032714844 -0.00579833984375001
0.114814758300781 0.0284271240234375 -0.0347557067871094 -0.0288734436035156
0.0985565185546875 0.0907211303710938 -0.0107917785644531 -0.0404510498046875
0.0353546142578125 0.141937255859375 -0.014613151550293 -0.00709438323974608
-0.0167770385742188 0.134429931640625 0.0678062438964844 0.0639610290527344
0.0204010009765625 0.121017456054688 0.0340347290039063 0.0804595947265625
0.086456298828125 0.10113525390625 0.0374221801757813 0.0809402465820313
0.110015869140625 0.0125732421875 0.0639495849609375 0.0470733642578125
0.0820846557617187 -0.0483169555664062 0.0595893859863281 0.010467529296875
0.016357421875 -0.0887832641601563 0.0328025817871094 -0.0192890167236328
-0.0285491943359375 -0.0846786499023438 0.0105504989624023 -0.00978565216064454
-0.0275039672851562 -0.07861328125 0.00698184967041015 0.0149202346801758
-0.0435256958007812 -0.0834503173828125 0.00771713256835937 0.0236339569091797
-0.01837158203125 -0.088775634765625 -0.00945281982421875 0.0362129211425781
0.0369949340820313 -0.087493896484375 -0.0210113525390625 0.0353851318359375
0.0813980102539063 -0.0490570068359375 -0.0364265441894531 0.00597763061523437
0.098236083984375 0.0460891723632812 -0.0315418243408203 -0.0210514068603516
0.0661697387695313 0.0971527099609375 0.00486183166503907 -0.0203304290771484
0.000556945800781242 0.126930236816406 -0.0122299194335938 0.0339679718017578
-0.0390853881835938 0.086456298828125 0.0491790771484375 0.110260009765625
-0.013763427734375 0.0920257568359375 0.0226974487304688 0.106407165527344
0.0421981811523438 0.0943603515625 0.0199127197265625 0.0834274291992188
0.0809860229492188 0.0308609008789063 0.0397872924804688 0.061279296875
0.0722579956054688 -0.0244522094726563 0.0414390563964844 0.0340118408203125
0.0254783630371094 -0.0696830749511719 0.0321426391601563 0.0116519927978516
-0.0120697021484375 -0.0733642578125 0.0237293243408203 0.0183429718017578
-0.0161781311035156 -0.0690078735351563 0.0203952789306641 0.0349235534667969
-0.026641845703125 -0.0763702392578125 0.01922607421875 0.0461692810058594
-0.00630950927734375 -0.078155517578125 -0.00341415405273438 0.0577926635742187
0.0395050048828125 -0.0737533569335938 -0.0208320617675781 0.0520172119140625
0.0748672485351563 -0.0338668823242188 -0.04022216796875 0.0186500549316406
0.0777664184570313 0.05194091796875 -0.0332355499267578 -0.0144271850585937
0.0406570434570312 0.0874862670898438 0.0123414993286133 -0.00141525268554687
-0.0178604125976562 0.09893798828125 -0.0149383544921875 0.071075439453125
-0.0437202453613281 0.0284843444824219 0.0383453369140625 0.133255004882813
-0.0314064025878906 0.0485572814941406 0.020843505859375 0.118095397949219
0.00501251220703125 0.0630378723144531 0.0132980346679688 0.07818603515625
0.0437850952148438 0.0306663513183594 0.0249176025390625 0.0640144348144531
0.0468025207519531 -0.00671005249023438 0.0277481079101563 0.0437278747558594
0.0223426818847656 -0.0428962707519531 0.0312099456787109 0.0312843322753906
-0.00264739990234375 -0.0502815246582031 0.03271484375 0.0391464233398438
-0.00362777709960937 -0.0484619140625 0.0311698913574219 0.0504417419433594
-0.0126609802246094 -0.0561904907226562 0.0293045043945312 0.0653114318847656
0.0029754638671875 -0.0579757690429687 -0.000434875488281248 0.075439453125
0.0382843017578125 -0.0500144958496094 -0.0253181457519531 0.0645256042480469
0.0597343444824219 -0.0145912170410156 -0.0475349426269531 0.0265350341796875
0.0462913513183594 0.0527305603027344 -0.0358810424804688 -0.0115776062011719
0.003173828125 0.0688629150390625 0.0135421752929688 0.0136575698852539
-0.0401268005371094 0.0555000305175781 -0.0263595581054688 0.0964584350585938
0.0473480224609375 0.00158309936523438 0.0112991333007812 -0.120597839355469
0.0158157348632812 -0.0414161682128906 -0.0153446197509766 -0.0262317657470703
-0.0207996368408203 -0.0348567962646484 0.0450286865234375 0.0154533386230469
-0.0323467254638672 -0.00285148620605469 0.069366455078125 -0.0352249145507813
-0.0234031677246094 0.0193634033203125 0.035552978515625 -0.081085205078125
-0.00517845153808594 0.0326709747314453 -0.0146331787109375 -0.0934982299804687
-0.00066566467285156 0.0272388458251953 -0.0533447265625 -0.0780868530273438
-0.00152206420898438 0.0242691040039063 -0.0504646301269531 -0.0558929443359375
-0.00433349609375 0.0264415740966797 -0.0477409362792969 -0.045135498046875
-0.018463134765625 0.0150222778320313 -0.0378303527832031 -0.0444374084472656
-0.0235157012939453 -0.00672149658203126 -0.0347976684570312 -0.0449104309082031
-0.00583457946777344 -0.0297641754150391 -0.0303840637207031 -0.0621223449707031
0.0288772583007812 -0.0296611785888672 -0.0209503173828125 -0.0841598510742188
0.0520706176757813 -0.00542068481445313 -0.0393905639648437 -0.117599487304687
0.052642822265625 0.0230026245117188 -0.0452880859375 -0.149276733398438
0.0554618835449219 0.0600051879882812 0.03143310546875 -0.117500305175781
0.0446929931640625 -0.00061798095703125 -0.00397491455078125 -0.0270462036132813
0.0260448455810547 -0.0185337066650391 0.0514678955078125 0.0227813720703125
0.00483894348144531 -0.0193672180175781 0.0807113647460938 -0.0313034057617188
-0.00460720062255859 -0.0123386383056641 0.0495986938476563 -0.0820770263671875
-0.0123672485351563 -0.00432205200195312 -0.00855255126953125 -0.101509094238281
-0.0200042724609375 -0.00483894348144531 -0.0527801513671875 -0.0821075439453125
-0.016357421875 -0.00743389129638672 -0.0499420166015625 -0.0543289184570313
-0.0213642120361328 -0.00771903991699219 -0.0469093322753906 -0.0437469482421875
-0.019622802734375 -0.01885986328125 -0.0400047302246094 -0.040283203125
-0.0031890869140625 -0.0354118347167969 -0.0358963012695312 -0.0380058288574219
0.0296821594238281 -0.0381355285644531 -0.0317764282226562 -0.0547027587890625
0.0650100708007813 -0.00226593017578125 -0.0258941650390625 -0.0724105834960937
0.0764617919921875 0.0367202758789062 -0.0407943725585937 -0.104568481445313
0.0584945678710938 0.0786819458007813 -0.0411224365234375 -0.131637573242188
0.0513076782226563 0.112640380859375 0.052215576171875 -0.0933761596679687
0.0625152587890625 0.0481224060058594 0.00999641418457031 -0.0138692855834961
0.0721282958984375 0.011474609375 0.0570068359375 0.0362930297851562
0.048858642578125 -0.0284614562988281 0.0911636352539063 -0.0189666748046875
0.0232124328613281 -0.041595458984375 0.0640716552734375 -0.072113037109375
-0.0131568908691406 -0.041839599609375 0.0021820068359375 -0.0982589721679687
-0.035003662109375 -0.0383033752441406 -0.0432586669921875 -0.0775527954101563
-0.0284843444824219 -0.037872314453125 -0.0423774719238281 -0.0441780090332031
-0.0373916625976562 -0.0391120910644531 -0.0403556823730469 -0.0331459045410156
-0.0232772827148437 -0.0501937866210938 -0.0379981994628906 -0.0265998840332031
0.00945663452148438 -0.0630950927734375 -0.0357627868652344 -0.0231475830078125
0.0548591613769531 -0.052886962890625 -0.035858154296875 -0.0413627624511719
0.0963821411132813 0.0119247436523438 -0.0324211120605469 -0.0576705932617188
0.0986709594726563 0.0647048950195312 -0.039703369140625 -0.0853118896484375
0.0617904663085938 0.119483947753906 -0.0349502563476563 -0.0975799560546875
0.035064697265625 0.149002075195313 0.0677070617675781 -0.0489730834960937
0.0660934448242187 0.093170166015625 0.0241928100585938 0.0121822357177734
0.105979919433594 0.048614501953125 0.0580177307128906 0.0541648864746094
0.09088134765625 -0.0257034301757813 0.0935821533203125 0.00104522705078125
0.0525360107421875 -0.0604705810546875 0.0726318359375 -0.050872802734375
-0.0070953369140625 -0.073699951171875 0.0147628784179687 -0.0817794799804688
-0.0417404174804687 -0.06524658203125 -0.0279655456542969 -0.062164306640625
-0.0358619689941406 -0.0615386962890625 -0.0279121398925781 -0.0269947052001953
-0.0494804382324219 -0.0637741088867188 -0.0282211303710938 -0.0166244506835938
-0.029266357421875 -0.0728836059570313 -0.03125 -0.006805419921875
0.016326904296875 -0.0850143432617188 -0.0317726135253906 -0.00322341918945312
0.0693855285644531 -0.0660820007324219 -0.0381317138671875 -0.0229454040527344
0.116668701171875 0.0167999267578125 -0.0370635986328125 -0.0419960021972656
0.110885620117188 0.0792465209960938 -0.0297737121582031 -0.0637435913085938
0.05877685546875 0.141754150390625 -0.0264244079589844 -0.0540809631347656
0.01397705078125 0.159317016601563 0.0744781494140625 0.00566101074218751
0.053131103515625 0.12225341796875 0.0341911315917969 0.0466423034667969
0.115684509277344 0.0830154418945313 0.0531158447265625 0.0708770751953125
0.115989685058594 -0.012664794921875 0.0857925415039063 0.0255661010742188
0.0754776000976563 -0.0651931762695313 0.0724639892578125 -0.0224685668945313
0.002593994140625 -0.0922164916992188 0.0254554748535156 -0.0549278259277344
-0.0419769287109375 -0.08245849609375 -0.00870895385742188 -0.0383529663085938
-0.0381317138671875 -0.076995849609375 -0.0105667114257813 -0.00618171691894532
-0.0547866821289062 -0.078704833984375 -0.00989437103271485 0.00388431549072265
-0.0316162109375 -0.086669921875 -0.0196113586425781 0.0162944793701172
0.0209121704101562 -0.0968475341796875 -0.0251502990722656 0.0190792083740234
0.07598876953125 -0.0704269409179688 -0.0387992858886719 -0.00508880615234376
0.121131896972656 0.0221786499023438 -0.0373115539550781 -0.0289230346679687
0.106513977050781 0.0868377685546875 -0.0139503479003906 -0.0428466796875
0.0454864501953125 0.14544677734375 -0.0157070159912109 -0.0072650909423828
-0.00925445556640626 0.140296936035156 0.0730361938476563 0.0620880126953125
0.0272903442382812 0.124557495117188 0.0382919311523438 0.081634521484375
0.0957794189453125 0.100349426269531 0.0432586669921875 0.0828018188476563
0.114822387695312 0.00672149658203125 0.0693893432617188 0.0466766357421875
0.0828323364257813 -0.0544357299804688 0.0630149841308594 0.0074920654296875
0.0120086669921875 -0.09228515625 0.0322647094726563 -0.0219345092773438
-0.0345916748046875 -0.0857391357421875 0.0105991363525391 -0.00997257232666016
-0.0329360961914062 -0.0795745849609375 0.0085296630859375 0.0147562026977539
-0.0506668090820312 -0.08380126953125 0.00802993774414062 0.0251483917236328
-0.0249176025390625 -0.0898666381835937 -0.00838470458984376 0.0387458801269531
0.0322418212890625 -0.0919723510742188 -0.0200920104980469 0.037628173828125
0.0807876586914063 -0.055572509765625 -0.0379066467285156 0.00742340087890624
0.105606079101563 0.041748046875 -0.0339374542236328 -0.0210609436035156
0.0738067626953125 0.0961380004882813 0.00439071655273438 -0.0224151611328125
0.00839996337890624 0.131980895996094 -0.0110054016113281 0.0351753234863281
-0.035064697265625 0.0917816162109375 0.0560684204101563 0.110671997070313
-0.0100784301757813 0.0966415405273438 0.0282363891601562 0.108619689941406
0.0494537353515625 0.095672607421875 0.0249862670898438 0.0862808227539062
0.085906982421875 0.0271453857421875 0.044708251953125 0.0627517700195313
0.0736846923828125 -0.0294342041015625 0.0456390380859375 0.0333251953125
0.0218276977539063 -0.0732879638671875 0.0329627990722656 0.0103034973144531
-0.0177764892578125 -0.0749053955078125 0.0255622863769531 0.0178947448730469
-0.0216064453125 -0.07037353515625 0.0240364074707031 0.0353279113769531
-0.0330657958984375 -0.0769500732421875 0.0229301452636719 0.046783447265625
-0.0119705200195312 -0.0796661376953125 -0.000537872314453123 0.0602951049804687
0.0359115600585937 -0.0784072875976563 -0.0189476013183594 0.05426025390625
0.07537841796875 -0.039886474609375 -0.0403938293457031 0.0206794738769531
0.083740234375 0.049102783203125 -0.0346603393554687 -0.0137977600097656
0.046966552734375 0.0882720947265625 0.0133724212646484 -0.00386524200439453
-0.0130081176757813 0.104042053222656 -0.010833740234375 0.0738754272460938
-0.0437774658203125 0.0324783325195313 0.0468521118164062 0.135917663574219
-0.0294837951660156 0.0520896911621094 0.0272445678710937 0.120704650878906
0.00960159301757813 0.0656700134277344 0.0176010131835938 0.0814208984375
0.0467987060546875 0.0290260314941406 0.0306587219238281 0.0658683776855469
0.0486793518066406 -0.00974273681640625 0.0319671630859375 0.0446548461914063
0.0200576782226562 -0.0458412170410156 0.0342311859130859 0.0306911468505859
-0.00677871704101562 -0.0518722534179688 0.0363388061523438 0.0385589599609375
-0.0073394775390625 -0.0500717163085938 0.0359878540039063 0.0506591796875
-0.0170021057128906 -0.0579299926757813 0.0332183837890625 0.065399169921875
-0.00136566162109374 -0.0602302551269531 0.003326416015625 0.0788345336914063
0.0356864929199219 -0.0541725158691406 -0.0233993530273437 0.0677528381347656
0.0612945556640625 -0.0182876586914063 -0.0477142333984375 0.0294570922851563
0.0509872436523438 0.0521583557128906 -0.0376091003417969 -0.0103950500488281
0.00712585449218749 0.0716705322265625 0.0150299072265625 0.0120306015014648
-0.0376777648925781 0.0597114562988281 -0.0213546752929687 0.100830078125
0.0475120544433594 -0.0020904541015625 0.00411987304687501 -0.121414184570313
0.01336669921875 -0.0417518615722656 -0.01861572265625 -0.0233535766601563
-0.0231800079345703 -0.0339641571044922 0.046478271484375 0.0130424499511719
-0.0326900482177734 -0.000932693481445309 0.0677261352539063 -0.0387840270996094
-0.0226573944091797 0.0209083557128906 0.0312423706054687 -0.0830841064453125
-0.00244903564453125 0.0329627990722656 -0.0193557739257813 -0.0928573608398438
0.00194740295410157 0.0271148681640625 -0.0581436157226563 -0.0748062133789063
0.000394821166992185 0.0238208770751953 -0.0537452697753906 -0.0524749755859375
-0.00211524963378906 0.0262451171875 -0.05108642578125 -0.0420722961425781
-0.0166254043579102 0.0166292190551758 -0.0412368774414063 -0.0420722961425781
-0.0236949920654297 -0.00472068786621094 -0.0379714965820312 -0.0438461303710937
-0.00809478759765625 -0.0302448272705078 -0.0345573425292969 -0.0617713928222656
0.0269145965576172 -0.0319347381591797 -0.0259246826171875 -0.0842971801757813
0.0517234802246094 -0.00891494750976563 -0.0462875366210938 -0.114944458007813
0.055267333984375 0.019744873046875 -0.0557098388671875 -0.14764404296875
0.0601959228515625 0.055999755859375 0.0241546630859375 -0.120750427246094
0.0445976257324219 -0.00328445434570312 -0.00804328918457031 -0.0258846282958984
0.0243854522705078 -0.0211410522460938 0.0532341003417969 0.0210380554199219
0.00273895263671875 -0.0201396942138672 0.0794830322265625 -0.0361557006835938
-0.00570201873779297 -0.0124187469482422 0.0450286865234375 -0.0852203369140625
-0.0123720169067383 -0.00318241119384765 -0.0147628784179687 -0.100807189941406
-0.0204544067382813 -0.00296401977539062 -0.0577850341796875 -0.0791015625
-0.0169715881347656 -0.00623416900634765 -0.053131103515625 -0.0519218444824219
-0.0213985443115234 -0.00558090209960937 -0.0503311157226563 -0.0410575866699219
-0.02032470703125 -0.0167713165283203 -0.0430717468261719 -0.0377731323242188
-0.00540924072265625 -0.0342426300048828 -0.0382003784179688 -0.0360832214355469
0.0268745422363281 -0.0404930114746094 -0.0360794067382813 -0.0541267395019531
0.0654220581054688 -0.00641250610351563 -0.0302352905273438 -0.0723114013671875
0.0789260864257812 0.0314178466796875 -0.0474472045898438 -0.102584838867188
0.0645828247070313 0.0761642456054688 -0.0496444702148438 -0.129722595214844
0.0602798461914063 0.10992431640625 0.0465240478515625 -0.0975799560546875
0.0656204223632813 0.0443687438964844 0.007659912109375 -0.0135040283203125
0.07373046875 0.00661468505859375 0.0594024658203125 0.0336265563964844
0.0469627380371094 -0.031341552734375 0.0903701782226562 -0.023956298828125
0.0206451416015625 -0.0432662963867188 0.0606536865234375 -0.0769805908203125
-0.0152053833007813 -0.0405387878417969 -0.00400543212890625 -0.0985183715820313
-0.0373497009277344 -0.0355491638183594 -0.0484085083007812 -0.0745925903320313
-0.0316123962402344 -0.0361747741699219 -0.0444679260253906 -0.0412101745605469
-0.0400276184082031 -0.0362129211425781 -0.04345703125 -0.0304679870605469
-0.0269203186035156 -0.0473976135253906 -0.0404167175292969 -0.024444580078125
0.00586318969726563 -0.0632057189941406 -0.037689208984375 -0.0214157104492187
0.0514411926269531 -0.0566444396972656 -0.039215087890625 -0.0401954650878906
0.0974655151367188 0.0053863525390625 -0.0361404418945313 -0.057342529296875
0.102424621582031 0.0585556030273438 -0.0451889038085937 -0.0832977294921875
0.06982421875 0.117134094238281 -0.041778564453125 -0.09564208984375
0.0464019775390625 0.148147583007812 0.0652236938476563 -0.0540504455566406
0.0714645385742188 0.0897445678710938 0.0231704711914063 0.0118179321289063
0.110000610351563 0.0426788330078125 0.0622978210449219 0.0517845153808594
0.0896682739257813 -0.0312347412109375 0.0945587158203125 -0.0035247802734375
0.0489387512207031 -0.0646133422851563 0.0710678100585937 -0.0558547973632813
-0.0120315551757812 -0.073272705078125 0.00978088378906249 -0.082672119140625
-0.0461578369140625 -0.0621070861816406 -0.0314674377441406 -0.0599365234375
-0.0402908325195312 -0.0604209899902344 -0.0294456481933594 -0.0258312225341797
-0.0541801452636719 -0.0603294372558594 -0.0291862487792969 -0.0143318176269531
-0.0338020324707031 -0.0702247619628906 -0.0321578979492188 -0.00467491149902345
0.0107269287109375 -0.086395263671875 -0.0328750610351563 -0.00128746032714844
0.0654373168945313 -0.0705337524414063 -0.0409202575683594 -0.0220756530761719
0.118408203125 0.009185791015625 -0.0401039123535156 -0.0417709350585938
0.11602783203125 0.0725555419921875 -0.0335311889648437 -0.0630722045898438
0.0681838989257812 0.139450073242188 -0.0299072265625 -0.053375244140625
0.024169921875 0.159683227539063 0.0742874145507813 0.00106811523437501
0.0608367919921875 0.119880676269531 0.0352096557617188 0.0445213317871094
0.122489929199219 0.0760726928710938 0.0579566955566406 0.0700607299804688
0.11627197265625 -0.0194549560546875 0.0885009765625 0.0209884643554688
0.0721206665039063 -0.0713119506835938 0.0722198486328125 -0.0270919799804688
-0.00388336181640625 -0.0920944213867187 0.0223121643066406 -0.0564231872558594
-0.048309326171875 -0.079742431640625 -0.0108566284179688 -0.0375442504882813
-0.0436782836914063 -0.0744094848632813 -0.0103816986083984 -0.00537300109863282
-0.060333251953125 -0.074554443359375 -0.0103130340576172 0.00479984283447265
-0.037109375 -0.084869384765625 -0.0191383361816406 0.0182037353515625
0.014068603515625 -0.0983734130859375 -0.0250415802001953 0.0196952819824219
0.071624755859375 -0.0759124755859375 -0.039337158203125 -0.00352096557617188
0.123382568359375 0.014373779296875 -0.0394630432128906 -0.0275917053222656
0.11212158203125 0.080169677734375 -0.0165786743164062 -0.0426826477050781
0.0550079345703125 0.144180297851563 -0.0163984298706055 -0.00723075866699218
-0.000625610351562513 0.142425537109375 0.0774612426757813 0.0574798583984375
0.033905029296875 0.124305725097656 0.0417556762695313 0.0787811279296875
0.103370666503906 0.095306396484375 0.0486526489257813 0.0823516845703125
0.1153564453125 -0.000457763671875 0.0736770629882813 0.043731689453125
0.0804901123046875 -0.0605621337890625 0.0648002624511719 0.00369644165039062
0.00590515136718751 -0.0934524536132812 0.0304660797119141 -0.0237941741943359
-0.04071044921875 -0.0826263427734375 0.0104103088378906 -0.0109348297119141
-0.0380935668945313 -0.077667236328125 0.0102300643920898 0.0147943496704101
-0.0570831298828125 -0.0797653198242188 0.0098419189453125 0.0258235931396484
-0.0311126708984375 -0.087371826171875 -0.00623703002929688 0.0395584106445312
0.0262985229492187 -0.0937652587890625 -0.018463134765625 0.0376052856445312
0.0780029296875 -0.061279296875 -0.0382232666015625 0.009552001953125
0.108573913574219 0.0349884033203125 -0.0353126525878906 -0.0201797485351562
0.08001708984375 0.0907821655273438 0.00310707092285157 -0.0237350463867187
0.0175628662109375 0.133308410644531 -0.00893402099609375 0.0354270935058594
-0.029754638671875 0.0953750610351563 0.06292724609375 0.107803344726563
-0.00414276123046874 0.0980682373046875 0.0338211059570313 0.106758117675781
0.0564727783203125 0.0934066772460938 0.0292739868164062 0.0871505737304687
0.0882568359375 0.0218658447265625 0.0495414733886719 0.0607376098632813
0.0723342895507813 -0.0344085693359375 0.0480461120605469 0.031341552734375
0.0171966552734375 -0.0747833251953125 0.0339431762695312 0.00845909118652343
-0.023284912109375 -0.07330322265625 0.0270214080810547 0.0163154602050781
-0.0269622802734375 -0.0693740844726563 0.0268421173095703 0.0343494415283203
-0.0388717651367188 -0.0743637084960938 0.025054931640625 0.0461273193359375
-0.017242431640625 -0.0784683227539063 0.00246429443359375 0.0608558654785156
0.0301666259765625 -0.081298828125 -0.016143798828125 0.055389404296875
0.0724639892578125 -0.0446090698242188 -0.0398445129394531 0.023101806640625
0.0878753662109375 0.0441207885742188 -0.0359153747558594 -0.0129890441894531
0.0517959594726563 0.0848846435546875 0.0131998062133789 -0.0062723159790039
-0.00577545166015625 0.105506896972656 -0.00600433349609374 0.074310302734375
-0.0422172546386719 0.0353813171386719 0.0544281005859375 0.133674621582031
-0.0272178649902344 0.0540275573730469 0.0337295532226562 0.119331359863281
0.0145645141601562 0.0651626586914063 0.0223846435546875 0.0816268920898438
0.0490608215332031 0.0259361267089844 0.0348892211914062 0.0652847290039063
0.0482826232910156 -0.0132408142089844 0.0354232788085938 0.0427055358886719
0.0168609619140625 -0.0467185974121094 0.0361900329589844 0.0289726257324219
-0.0107803344726562 -0.0511131286621094 0.0388412475585938 0.0366554260253906
-0.01055908203125 -0.0504188537597656 0.0393295288085938 0.0497970581054688
-0.0211906433105469 -0.0566558837890625 0.0372734069824219 0.063995361328125
-0.00594329833984375 -0.0599174499511719 0.00785827636718751 0.0794219970703125
0.0322303771972656 -0.0567436218261719 -0.0193138122558594 0.0695571899414063
0.0603179931640625 -0.0224380493164062 -0.0463600158691406 0.0320854187011719
0.0559730529785156 0.0495414733886719 -0.0385208129882813 -0.00926971435546875
0.011688232421875 0.0706100463867187 0.0164127349853516 0.00964069366455078
-0.0339736938476563 0.0634231567382813 -0.014801025390625 0.10235595703125
0.0472640991210938 -0.004791259765625 -0.00147247314453126 -0.119361877441406
0.01055908203125 -0.0412750244140625 -0.0194129943847656 -0.0214271545410156
-0.0256786346435547 -0.0322227478027344 0.0464935302734375 0.0115432739257813
-0.0333747863769531 0.00078964233398437 0.0652656555175781 -0.040313720703125
-0.0212554931640625 0.0217323303222656 0.0278549194335938 -0.0818252563476563
7.82012939453113E-05 0.0327529907226562 -0.0223388671875 -0.0906219482421875
0.0040435791015625 0.0272369384765625 -0.0603713989257812 -0.071807861328125
0.00216293334960938 0.0233955383300781 -0.0555839538574219 -0.0500831604003906
0.00025367736816406 0.0255241394042969 -0.0520248413085938 -0.0392990112304688
-0.0146064758300781 0.0172519683837891 -0.04296875 -0.0406990051269531
-0.0233058929443359 -0.00318145751953125 -0.0397720336914063 -0.0423583984375
-0.0094451904296875 -0.0293006896972656 -0.0373802185058594 -0.0602645874023438
0.0251979827880859 -0.0330047607421875 -0.0284500122070312 -0.0816421508789062
0.0506210327148438 -0.0109214782714844 -0.0491867065429687 -0.111640930175781
0.0549812316894531 0.0163307189941406 -0.06085205078125 -0.143630981445313
0.0626602172851563 0.0520553588867188 0.018218994140625 -0.119148254394531
0.0427589416503906 -0.00443267822265625 -0.0100688934326172 -0.0232315063476563
0.023193359375 -0.0209007263183594 0.0538825988769531 0.0187721252441406
0.00148391723632813 -0.0197544097900391 0.0772018432617188 -0.037933349609375
-0.006072998046875 -0.0117006301879883 0.0412368774414063 -0.085235595703125
-0.0115718841552734 -0.00188064575195313 -0.0180282592773437 -0.0992050170898438
-0.0192699432373047 -0.00164985656738281 -0.0600509643554688 -0.0755691528320313
-0.0165519714355469 -0.00598812103271484 -0.0538673400878906 -0.048370361328125
-0.0211811065673828 -0.00504493713378907 -0.0517654418945313 -0.0378456115722656
-0.0200233459472656 -0.0156154632568359 -0.0441398620605469 -0.0360565185546875
-0.006805419921875 -0.0325450897216797 -0.0395431518554688 -0.0346755981445313
0.0238113403320312 -0.0415573120117188 -0.0381622314453125 -0.0529747009277344
0.0630760192871094 -0.00934219360351563 -0.0327682495117188 -0.0704879760742188
0.0783843994140625 0.0280838012695313 -0.0504913330078125 -0.0987167358398438
0.0672073364257813 0.0721511840820313 -0.0543136596679688 -0.126876831054688
0.0647048950195313 0.10589599609375 0.0409622192382813 -0.098052978515625
0.0662460327148438 0.0414543151855469 0.00534248352050782 -0.0126504898071289
0.073028564453125 0.0032501220703125 0.0609817504882813 0.0323600769042969
0.0443992614746094 -0.033111572265625 0.0886688232421875 -0.02557373046875
0.0175743103027344 -0.0437393188476562 0.0567855834960938 -0.0779266357421875
-0.0169410705566406 -0.0386695861816406 -0.00746154785156251 -0.0971527099609375
-0.038055419921875 -0.0323448181152344 -0.0506820678710937 -0.0715255737304688
-0.0319499969482422 -0.0339984893798828 -0.0451850891113281 -0.0389251708984375
-0.0403976440429688 -0.0334510803222656 -0.0441055297851562 -0.028045654296875
-0.0280570983886719 -0.0444908142089844 -0.040771484375 -0.021820068359375
0.00222396850585938 -0.0621452331542969 -0.0379295349121094 -0.0200958251953125
0.0481796264648438 -0.0580101013183594 -0.0418052673339844 -0.0397529602050781
0.096343994140625 -3.0517578125E-05 -0.0383071899414063 -0.0561027526855469
0.102706909179688 0.0531539916992188 -0.0477752685546875 -0.0807113647460937
0.0744247436523438 0.112754821777344 -0.0444183349609375 -0.094024658203125
0.0525054931640625 0.144119262695313 0.0605697631835938 -0.0565338134765625
0.0734481811523438 0.0867843627929688 0.0213699340820313 0.0109310150146484
0.111114501953125 0.037017822265625 0.0641670227050781 0.0503883361816406
0.086334228515625 -0.0346450805664063 0.0935134887695312 -0.00615692138671875
0.0457687377929687 -0.0659942626953125 0.0679740905761719 -0.0581398010253906
-0.0151824951171875 -0.0706024169921875 0.00666809082031249 -0.0815887451171875
-0.0481376647949219 -0.0577125549316406 -0.0333518981933594 -0.0575637817382813
-0.0423316955566406 -0.0577468872070312 -0.0293006896972656 -0.0240077972412109
-0.0553970336914063 -0.0555877685546875 -0.0296592712402344 -0.0125904083251953
-0.0358734130859375 -0.067291259765625 -0.0319404602050781 -0.00246429443359375
0.0063934326171875 -0.0847930908203125 -0.0327968597412109 -0.000797271728515631
0.0607986450195313 -0.0729904174804688 -0.0418548583984375 -0.0214271545410156
0.11737060546875 0.00351715087890625 -0.0416793823242187 -0.0410385131835938
0.116226196289062 0.0659332275390625 -0.0362014770507812 -0.0613021850585937
0.073638916015625 0.135353088378906 -0.0317344665527344 -0.0522842407226562
0.0305328369140625 0.157180786132813 0.0729522705078125 -0.00238800048828124
0.063201904296875 0.117393493652344 0.034698486328125 0.0434761047363281
0.12445068359375 0.0705184936523438 0.0604362487792969 0.068145751953125
0.113128662109375 -0.0237579345703125 0.0886611938476563 0.0182571411132813
0.0680694580078125 -0.073760986328125 0.0710830688476563 -0.0297393798828125
-0.00823974609375 -0.090118408203125 0.0193748474121094 -0.056243896484375
-0.0515899658203125 -0.0751953125 -0.0124015808105469 -0.0358695983886719
-0.0464859008789063 -0.0718307495117188 -0.00940990447998047 -0.00464820861816407
-0.0632514953613281 -0.0700225830078125 -0.0102615356445313 0.00604248046875
-0.0403366088867187 -0.0801773071289063 -0.0184783935546875 0.0196018218994141
0.00856781005859376 -0.0973587036132813 -0.0241317749023438 0.0207672119140625
0.0671310424804688 -0.0782241821289063 -0.0398902893066406 -0.0031890869140625
0.122383117675781 0.00824737548828125 -0.0412635803222656 -0.0272026062011719
0.113052368164062 0.0737533569335937 -0.0192832946777344 -0.0426597595214844
0.0604705810546875 0.141021728515625 -0.0168390274047852 -0.00716781616210937
0.00554656982421875 0.139968872070313 0.077423095703125 0.0534439086914063
0.0379562377929688 0.12176513671875 0.0429000854492188 0.0764541625976563
0.107284545898438 0.0895538330078125 0.0506057739257813 0.0804672241210938
0.114097595214844 -0.00518798828125 0.074737548828125 0.0409011840820313
0.0771408081054688 -0.0637054443359375 0.0645561218261719 0.000896453857421871
0.001708984375 -0.0907058715820313 0.0292530059814453 -0.0245323181152344
-0.0446243286132813 -0.0789566040039063 0.00975990295410156 -0.0108728408813477
-0.0419082641601562 -0.0749282836914063 0.0114850997924805 0.0143947601318359
-0.0592498779296875 -0.075347900390625 0.0101127624511719 0.0247821807861328
-0.0347518920898437 -0.0833663940429687 -0.00539016723632813 0.0400772094726562
0.0207977294921875 -0.0935211181640625 -0.0176849365234375 0.0380973815917969
0.073883056640625 -0.0637435913085938 -0.0380134582519531 0.0094451904296875
0.109230041503906 0.0295867919921875 -0.0359725952148437 -0.0199775695800781
0.0823898315429688 0.0860214233398438 0.00156211853027345 -0.0251998901367187
0.0225906372070312 0.1312255859375 -0.00741004943847656 0.0349025726318359
-0.0262908935546875 0.0947723388671875 0.0657501220703125 0.103790283203125
-0.000915527343749998 0.097015380859375 0.03643798828125 0.103660583496094
0.0609359741210937 0.0903091430664063 0.0318756103515625 0.0854721069335937
0.0880584716796875 0.0179672241210938 0.0511894226074219 0.0588493347167969
0.0707168579101563 -0.0376129150390625 0.0495033264160156 0.0280342102050781
0.0133514404296875 -0.0736465454101563 0.0330924987792969 0.00739288330078125
-0.0277099609375 -0.0708847045898438 0.0274391174316406 0.0156841278076172
-0.0302963256835938 -0.0676116943359375 0.0283088684082031 0.0329475402832031
-0.0421295166015625 -0.0707015991210938 0.0261650085449219 0.0453338623046875
-0.0219955444335938 -0.0760269165039063 0.00500869750976563 0.0603179931640625
0.025909423828125 -0.0811996459960938 -0.0143356323242188 0.0546493530273437
0.0698089599609375 -0.0478515625 -0.0388984680175781 0.0237045288085937
0.0886917114257813 0.0391387939453125 -0.0361824035644531 -0.0129661560058594
0.0548782348632813 0.081207275390625 0.0127534866333008 -0.00759506225585937
-0.00146484375 0.10516357421875 -0.00311279296875 0.0737457275390625
-0.0406265258789063 0.0375289916992187 0.0586776733398438 0.129585266113281
-0.0246505737304688 0.0553359985351563 0.0371627807617188 0.116485595703125
0.0174598693847656 0.0646209716796875 0.0251922607421875 0.07977294921875
0.0495834350585938 0.023590087890625 0.0369758605957031 0.0634651184082031
0.04754638671875 -0.0154838562011719 0.03704833984375 0.0410804748535156
0.0143280029296875 -0.0463447570800781 0.0367622375488281 0.0267868041992187
-0.0135841369628906 -0.049163818359375 0.04022216796875 0.0344467163085938
-0.0136947631835937 -0.0488052368164063 0.0412979125976562 0.0472297668457031
-0.0241355895996094 -0.0547294616699219 0.0392227172851563 0.0623207092285156
-0.00913619995117187 -0.0576820373535156 0.0105209350585938 0.07769775390625
0.0290107727050781 -0.0579490661621094 -0.0167312622070313 0.0686988830566406
0.0581321716308594 -0.025238037109375 -0.0446891784667969 0.0325546264648438
0.0573539733886719 0.0462417602539063 -0.0382232666015625 -0.00887680053710938
0.0141830444335937 0.0699501037597656 0.0159950256347656 0.00741958618164063
-0.0304412841796875 0.0639839172363281 -0.0100250244140625 0.100967407226562
0.0474815368652344 -0.00623321533203125 -0.00431060791015624 -0.11834716796875
0.00969696044921874 -0.0409355163574219 -0.0196475982666016 -0.0189495086669922
-0.0261688232421875 -0.0305652618408203 0.0469322204589844 0.0110321044921875
-0.0332088470458984 0.00140762329101563 0.0647697448730469 -0.0398635864257813
-0.0213966369628906 0.0219497680664063 0.0262832641601563 -0.0806045532226562
0.00113677978515625 0.0326137542724609 -0.0228729248046875 -0.0898513793945313
0.00543212890625 0.0266819000244141 -0.0606269836425781 -0.0695228576660156
0.00277900695800781 0.0222549438476563 -0.0555915832519531 -0.0487251281738281
0.000850677490234373 0.0242958068847656 -0.0523262023925781 -0.0382766723632813
-0.0128955841064453 0.0170583724975586 -0.0430870056152344 -0.0394630432128906
-0.0225563049316406 -0.00223541259765625 -0.0405464172363281 -0.0418281555175781
-0.0102825164794922 -0.0287666320800781 -0.0384979248046875 -0.0598106384277344
0.0237636566162109 -0.0327644348144531 -0.0290451049804687 -0.0807571411132812
0.0494728088378906 -0.0114326477050781 -0.049835205078125 -0.109199523925781
0.0556449890136719 0.0149917602539063 -0.0626373291015625 -0.141326904296875
0.063201904296875 0.0500755310058594 0.0150604248046875 -0.118583679199219
0.0426063537597656 -0.00499725341796875 -0.0105552673339844 -0.0215320587158203
0.022369384765625 -0.0211715698242188 0.0540008544921875 0.0187835693359375
0.000543594360351564 -0.0197048187255859 0.076904296875 -0.0377044677734375
-0.00677013397216797 -0.0113487243652344 0.0402145385742188 -0.0847396850585938
-0.0110044479370117 -0.000944137573242185 -0.0186996459960938 -0.0975570678710937
-0.0189247131347656 -0.000919342041015621 -0.0610504150390625 -0.0735702514648437
-0.0163850784301758 -0.00548744201660157 -0.0539093017578125 -0.0471343994140625
-0.0202312469482422 -0.00502204895019532 -0.0515213012695313 -0.0367240905761719
-0.0192775726318359 -0.0148258209228516 -0.0441322326660156 -0.0348739624023437
-0.00680160522460937 -0.03143310546875 -0.0399284362792969 -0.034515380859375
0.0232963562011719 -0.0411872863769531 -0.0389480590820313 -0.0529708862304687
0.0620765686035156 -0.0111198425292969 -0.0330772399902344 -0.06964111328125
0.0770492553710938 0.0261917114257813 -0.0514450073242187 -0.0971145629882813
0.0676002502441406 0.0696754455566406 -0.0560989379882813 -0.124710083007812
0.0658493041992188 0.103012084960937 0.0382156372070313 -0.0980453491210938
0.0655288696289063 0.0405960083007813 0.00358390808105469 -0.0120401382446289
0.0716400146484375 0.0015716552734375 0.0617141723632813 0.0320205688476563
0.0432281494140625 -0.0335350036621094 0.0882110595703125 -0.026763916015625
0.0164718627929688 -0.0441970825195313 0.0552902221679688 -0.0778732299804688
-0.0172119140625 -0.0371208190917969 -0.00875091552734376 -0.0951309204101563
-0.0378074645996094 -0.0304298400878906 -0.05084228515625 -0.0690498352050781
-0.0325660705566406 -0.033050537109375 -0.0447463989257813 -0.0380668640136719
-0.0403366088867188 -0.0320777893066406 -0.0437049865722656 -0.0265464782714844
-0.0278396606445313 -0.0430183410644531 -0.04095458984375 -0.0205650329589844
0.00164794921875 -0.0607795715332031 -0.038482666015625 -0.0195579528808594
0.0465927124023438 -0.0579452514648438 -0.0420417785644531 -0.0394020080566406
0.0949554443359375 -0.001800537109375 -0.0391616821289062 -0.055572509765625
0.101890563964844 0.05010986328125 -0.0483856201171875 -0.0790634155273438
0.0756072998046875 0.109992980957031 -0.0457687377929687 -0.0931549072265625
0.0548095703125 0.141647338867188 0.0581779479980469 -0.0575714111328125
0.0738525390625 0.0852584838867188 0.0196685791015625 0.0111770629882813
0.111045837402344 0.0343170166015625 0.0648040771484375 0.0499687194824219
0.0848541259765625 -0.036224365234375 0.0935287475585937 -0.00682830810546875
0.0438232421875 -0.0668182373046875 0.0667304992675781 -0.0582542419433594
-0.0164070129394531 -0.0690956115722656 0.0050811767578125 -0.0806503295898438
-0.0494194030761719 -0.0559577941894531 -0.0342254638671875 -0.0552940368652344
-0.0433998107910156 -0.0561180114746094 -0.0284538269042969 -0.0229377746582031
-0.0559158325195313 -0.053863525390625 -0.0295028686523438 -0.0113296508789063
-0.0368270874023438 -0.0647430419921875 -0.0324058532714844 -0.00127220153808594
0.00409698486328124 -0.0827789306640625 -0.0327301025390625 -0.000188827514648443
0.0587310791015625 -0.0729598999023438 -0.0427665710449219 -0.0217857360839844
0.115875244140625 0.0006103515625 -0.0422782897949219 -0.0403671264648438
0.115470886230469 0.0631103515625 -0.0367965698242188 -0.0606155395507812
0.0759124755859375 0.133064270019531 -0.0327033996582031 -0.0516586303710938
0.0335845947265625 0.15460205078125 0.0710067749023438 -0.00401306152343749
0.0643539428710938 0.115287780761719 0.0329437255859375 0.0427894592285156
0.124488830566406 0.06695556640625 0.0617637634277344 0.0675735473632813
0.111473083496094 -0.02545166015625 0.0888519287109375 0.01702880859375
0.0660934448242188 -0.0749053955078125 0.0700607299804688 -0.0305709838867188
-0.00980377197265626 -0.0874404907226563 0.017730712890625 -0.0553741455078125
-0.0522308349609375 -0.07122802734375 -0.0126762390136719 -0.0348548889160156
-0.0475654602050781 -0.0696945190429688 -0.00896549224853516 -0.00415897369384766
-0.0637588500976563 -0.067108154296875 -0.0104217529296875 0.006805419921875
-0.0412368774414062 -0.077301025390625 -0.0183792114257813 0.0195484161376953
0.00641632080078125 -0.0953445434570313 -0.0239372253417969 0.0204086303710937
0.0651473999023438 -0.0778732299804687 -0.0405731201171875 -0.00357437133789063
0.121421813964844 0.00582122802734375 -0.0415420532226563 -0.0273017883300781
0.112411499023437 0.0705795288085937 -0.0199241638183594 -0.0422477722167969
0.0635299682617187 0.138832092285156 -0.0164022445678711 -0.00746631622314452
0.00830841064453124 0.139175415039063 0.0768203735351563 0.0519638061523438
0.0394210815429687 0.120155334472656 0.0414657592773437 0.0750198364257813
0.108306884765625 0.0864028930664063 0.0513687133789063 0.0798797607421875
0.112579345703125 -0.00736236572265625 0.07550048828125 0.0396270751953125
0.07550048828125 -0.06561279296875 0.0641899108886719 4.1961669921871E-05
-0.000526428222656258 -0.0891342163085938 0.0277767181396484 -0.0237979888916016
-0.0466232299804688 -0.0758819580078125 0.00947952270507812 -0.0102758407592773
-0.0433883666992187 -0.0730819702148438 0.0115489959716797 0.0140762329101562
-0.060394287109375 -0.071746826171875 0.00992774963378906 0.0253238677978516
-0.0364837646484375 -0.0800552368164063 -0.00420761108398438 0.0404701232910156
0.0180511474609375 -0.0926971435546875 -0.017059326171875 0.0378570556640625
0.0717010498046875 -0.0645980834960938 -0.0375556945800781 0.00967407226562499
0.108818054199219 0.0256729125976563 -0.0370864868164062 -0.0200462341308594
0.0820770263671875 0.0829391479492188 0.00111389160156251 -0.0256900787353516
0.0254287719726563 0.12969970703125 -0.00659942626953125 0.0341606140136719
-0.0240249633789063 0.0946197509765625 0.0653228759765625 0.101142883300781
0.000633239746093756 0.0963897705078125 0.0365982055664063 0.101325988769531
0.0622100830078125 0.087982177734375 0.0330276489257813 0.08477783203125
0.0871810913085938 0.0160446166992188 0.052001953125 0.0577430725097656
0.069580078125 -0.039581298828125 0.0496025085449219 0.0276145935058594
0.0111770629882812 -0.0723648071289063 0.0327434539794922 0.00710487365722656
-0.0294914245605469 -0.0685157775878906 0.0274467468261719 0.0145206451416016
-0.0312080383300781 -0.0661087036132812 0.0295276641845703 0.032480239868164
-0.0433921813964844 -0.0689811706542969 0.0267982482910156 0.0444564819335937
-0.0233535766601562 -0.07342529296875 0.00556182861328125 0.0595550537109375
0.0228958129882813 -0.0806350708007813 -0.0134124755859375 0.0542373657226563
0.0681114196777344 -0.0483779907226563 -0.0385856628417969 0.0234527587890625
0.0892105102539063 0.0371246337890625 -0.0371322631835938 -0.0126266479492187
0.0549163818359375 0.0789031982421875 0.0113744735717773 -0.00966358184814452
0.00060272216796875 0.104438781738281 -0.00237274169921875 0.0714645385742187
-0.0394096374511719 0.0374755859375 0.0593032836914063 0.127609252929688
-0.0232048034667969 0.0547943115234375 0.0376358032226563 0.113899230957031
0.0194969177246094 0.0636215209960938 0.0257797241210938 0.0784835815429688
0.0497970581054688 0.0220756530761719 0.0381965637207031 0.0624313354492188
0.0468215942382813 -0.0163764953613281 0.0372276306152344 0.0402755737304688
0.0128898620605469 -0.0463027954101563 0.0365180969238281 0.0260238647460937
-0.0154914855957031 -0.0481109619140625 0.04034423828125 0.0334663391113281
-0.0157546997070313 -0.0481491088867188 0.0419845581054688 0.0461807250976562
-0.0250892639160156 -0.0533638000488281 0.0398139953613281 0.0610008239746094
-0.0106430053710938 -0.0566749572753906 0.0115585327148437 0.0772628784179688
0.0265464782714844 -0.0578536987304687 -0.0161781311035156 0.0676536560058594
0.0570297241210937 -0.026275634765625 -0.0438575744628906 0.0324516296386719
0.058258056640625 0.0446662902832031 -0.0384445190429687 -0.00930404663085937
0.0150375366210938 0.0685043334960938 0.0157327651977539 0.0056142807006836
-0.0295257568359375 0.0637702941894531 -0.00847625732421875 0.098968505859375
0.0477180480957031 -0.0069122314453125 -0.00563049316406249 -0.1185302734375
0.0101966857910156 -0.041534423828125 -0.0207080841064453 -0.0173377990722656
-0.0269432067871094 -0.0305995941162109 0.0471076965332031 0.011749267578125
-0.0340366363525391 0.00239372253417969 0.0660285949707031 -0.04052734375
-0.0218334197998047 0.0228805541992187 0.0271759033203125 -0.081085205078125
0.00213050842285157 0.0328388214111328 -0.0224838256835938 -0.0907821655273437
0.00690650939941406 0.0267124176025391 -0.0619277954101562 -0.06964111328125
0.0030670166015625 0.0223598480224609 -0.0565338134765625 -0.0499114990234375
0.00162506103515625 0.0235042572021484 -0.0532989501953125 -0.0384941101074219
-0.0119791030883789 0.0172109603881836 -0.0441322326660156 -0.0403175354003906
-0.0221824645996094 -0.00172233581542969 -0.0411376953125 -0.0435142517089844
-0.0106582641601562 -0.0287456512451172 -0.0396003723144531 -0.0602493286132813
0.0228939056396484 -0.0329551696777344 -0.0281295776367187 -0.0807266235351562
0.0502815246582031 -0.0118522644042969 -0.049713134765625 -0.110137939453125
0.05609130859375 0.0145034790039063 -0.0640411376953125 -0.142166137695313
0.0642280578613281 0.0493888854980469 0.013824462890625 -0.119888305664063
0.0421829223632813 -0.0057525634765625 -0.0118846893310547 -0.0197277069091797
0.0220718383789063 -0.0217494964599609 0.0559539794921875 0.0190391540527344
-0.000221252441406248 -0.0193443298339844 0.078094482421875 -0.0378265380859375
-0.00724220275878906 -0.0107498168945313 0.0404586791992188 -0.0850067138671875
-0.0110292434692383 -0.000484466552734376 -0.0187530517578125 -0.0981903076171875
-0.0182285308837891 -0.000806808471679688 -0.0613327026367188 -0.0738525390625
-0.0164461135864258 -0.00612926483154297 -0.0548896789550781 -0.0483932495117188
-0.0200386047363281 -0.00524139404296875 -0.0522308349609375 -0.0369606018066406
-0.0179653167724609 -0.0149803161621094 -0.04498291015625 -0.0348854064941406
-0.00684547424316406 -0.031219482421875 -0.0408058166503906 -0.03582763671875
0.0226249694824219 -0.0412101745605469 -0.0406608581542969 -0.0539741516113281
0.0623321533203125 -0.0112152099609375 -0.033172607421875 -0.0702438354492187
0.0774078369140625 0.0258865356445312 -0.0514068603515625 -0.0977783203125
0.0690574645996094 0.0693473815917969 -0.0565414428710937 -0.126182556152344
0.0672836303710938 0.103782653808594 0.0368270874023438 -0.0990982055664063
0.066009521484375 0.0416946411132813 0.00239372253417969 -0.010472297668457
0.0727615356445313 0.0009307861328125 0.0630683898925781 0.0331611633300781
0.0424690246582031 -0.0340194702148438 0.0896072387695313 -0.0263824462890625
0.0159683227539063 -0.044403076171875 0.0559463500976563 -0.0783157348632813
-0.0177078247070313 -0.036529541015625 -0.00859832763671876 -0.0958786010742188
-0.0383338928222656 -0.029815673828125 -0.0515251159667969 -0.0695991516113281
-0.0326461791992187 -0.0332221984863281 -0.0449371337890625 -0.0385169982910156
-0.0406227111816406 -0.03228759765625 -0.0446014404296875 -0.02655029296875
-0.0280647277832031 -0.042877197265625 -0.0416831970214844 -0.0206832885742188
0.0012359619140625 -0.0596961975097656 -0.0391960144042969 -0.0199699401855469
0.0462226867675781 -0.0586662292480469 -0.0439949035644531 -0.0405540466308594
0.0955657958984375 -0.0019683837890625 -0.0397567749023438 -0.0561676025390625
0.102256774902344 0.0496978759765625 -0.0486907958984375 -0.0801925659179688
0.0766754150390625 0.110618591308594 -0.0475387573242188 -0.094268798828125
0.056365966796875 0.143218994140625 0.0569229125976563 -0.0578041076660156
0.0745849609375 0.0862503051757813 0.0174121856689453 0.0123577117919922
0.112388610839844 0.0343093872070313 0.0670166015625 0.0512275695800781
0.08447265625 -0.0370635986328125 0.0951309204101562 -0.0063629150390625
0.0436477661132813 -0.0684547424316406 0.0678901672363281 -0.0592536926269531
-0.0167884826660156 -0.0683250427246094 0.005035400390625 -0.0811080932617188
-0.0501976013183594 -0.0543785095214844 -0.0342750549316406 -0.0556983947753906
-0.0441703796386719 -0.0560684204101563 -0.0283241271972656 -0.0236587524414063
-0.0569305419921875 -0.0532913208007812 -0.0299835205078125 -0.0106601715087891
-0.036956787109375 -0.0635910034179688 -0.0328350067138672 -0.00168037414550782
0.00368499755859374 -0.0828704833984375 -0.033660888671875 -0.000640869140625005
0.0590133666992188 -0.0737075805664063 -0.0441932678222656 -0.0223045349121094
0.116523742675781 -0.0002288818359375 -0.0433845520019531 -0.041168212890625
0.115982055664063 0.062652587890625 -0.03741455078125 -0.0614471435546875
0.0775222778320313 0.134407043457031 -0.0337753295898438 -0.052520751953125
0.034515380859375 0.1563720703125 0.0709686279296875 -0.00473785400390624
0.0643463134765625 0.116851806640625 0.0309906005859375 0.0431365966796875
0.126724243164062 0.0668487548828125 0.0633811950683594 0.0692214965820313
0.11212158203125 -0.0263824462890625 0.090301513671875 0.0184249877929688
0.0660171508789063 -0.0766220092773438 0.0710525512695313 -0.03076171875
-0.0103912353515625 -0.087554931640625 0.0180282592773438 -0.0552177429199219
-0.0532455444335937 -0.07080078125 -0.0132503509521484 -0.0351295471191406
-0.0483551025390625 -0.0701408386230469 -0.00794410705566407 -0.0048980712890625
-0.0645637512207031 -0.0662727355957031 -0.00981998443603516 0.00778102874755859
-0.0419235229492187 -0.07586669921875 -0.0185604095458984 0.0204315185546875
0.00487518310546874 -0.0952682495117188 -0.0252132415771484 0.0197238922119141
0.06475830078125 -0.0789413452148438 -0.0418510437011719 -0.00415802001953125
0.1220703125 0.00527191162109375 -0.0430488586425781 -0.0277481079101563
0.113151550292969 0.0701446533203125 -0.0203208923339844 -0.0435905456542969
0.0647048950195313 0.140495300292969 -0.0171785354614258 -0.0080432891845703
0.00910949707031252 0.14068603515625 0.0761871337890625 0.0520248413085938
0.0391845703125 0.121597290039062 0.0396194458007812 0.0755767822265625
0.110382080078125 0.0857009887695313 0.0527420043945313 0.0809173583984375
0.112480163574219 -0.00732421875 0.0755767822265625 0.0405349731445313
0.0753707885742188 -0.0674514770507813 0.064971923828125 0.000209808349609371
-0.00127410888671876 -0.0893707275390625 0.0274715423583984 -0.0236606597900391
-0.0480575561523438 -0.0750274658203125 0.0100641250610352 -0.0104579925537109
-0.0442886352539062 -0.0737380981445312 0.0139226913452148 0.0146303176879883
-0.0612640380859375 -0.0721817016601563 0.00993919372558594 0.0261554718017578
-0.0369186401367188 -0.0796051025390625 -0.0046844482421875 0.0404891967773437
0.0165252685546875 -0.0933761596679688 -0.0169601440429688 0.0371971130371094
0.0715179443359375 -0.0658645629882813 -0.038909912109375 0.00896453857421875
0.110588073730469 0.024139404296875 -0.0383453369140625 -0.0211601257324219
0.0832138061523437 0.083526611328125 8.39233398437564E-05 -0.0269813537597656
0.0266799926757813 0.131690979003906 -0.00687217712402343 0.0339012145996094
-0.0237350463867187 0.0958023071289063 0.0655899047851563 0.101974487304687
0.000503540039062508 0.0985336303710938 0.0355072021484375 0.101799011230469
0.0642929077148438 0.0887985229492188 0.0336151123046875 0.0858840942382812
0.087371826171875 0.01483154296875 0.0523223876953125 0.0587081909179687
0.0694236755371094 -0.0404052734375 0.0502777099609375 0.0280570983886719
0.010894775390625 -0.0724563598632813 0.0328712463378906 0.00783157348632812
-0.030914306640625 -0.0676651000976563 0.0281505584716797 0.015167236328125
-0.0325698852539062 -0.0658035278320313 0.0304107666015625 0.0328083038330078
-0.044219970703125 -0.0687103271484375 0.0270423889160156 0.0452537536621094
-0.023468017578125 -0.0730667114257813 0.00551986694335938 0.0605430603027344
0.0222930908203125 -0.0816268920898437 -0.01422119140625 0.0539779663085937
0.0683174133300781 -0.04931640625 -0.0395622253417969 0.0226516723632813
0.0901947021484375 0.0370559692382813 -0.0384063720703125 -0.014007568359375
0.055572509765625 0.079864501953125 0.0111083984375 -0.0102348327636719
0.00228118896484375 0.105087280273438 -0.00182342529296875 0.0718841552734375
-0.0393028259277344 0.0384902954101562 0.0598983764648437 0.128433227539063
-0.0239372253417969 0.0556449890136719 0.0369338989257812 0.1138916015625
0.0205421447753906 0.0641746520996094 0.02569580078125 0.0797805786132813
0.0498847961425781 0.0217018127441406 0.0379753112792969 0.0633087158203125
0.0475883483886719 -0.0171928405761719 0.0383682250976563 0.041229248046875
0.0122642517089844 -0.0460891723632813 0.0372085571289063 0.0266876220703125
-0.0159797668457031 -0.0478057861328125 0.0411911010742188 0.033599853515625
-0.0166473388671875 -0.0480499267578125 0.0434799194335938 0.0457763671875
-0.0268592834472656 -0.0535163879394531 0.0406646728515625 0.0619277954101562
-0.0112113952636719 -0.0568885803222656 0.0117111206054687 0.0781021118164063
0.0262031555175781 -0.0587844848632813 -0.016693115234375 0.0669479370117188
0.0575180053710937 -0.0266685485839844 -0.0444679260253906 0.0329933166503906
0.0593643188476563 0.0445022583007812 -0.0402603149414062 -0.00978851318359375
0.015655517578125 0.0690956115722656 0.015960693359375 0.00463199615478516
-0.0286369323730469 0.0643768310546875 -0.00813293457031251 0.0991134643554688
0.0487022399902344 -0.00849533081054688 -0.00797271728515626 -0.121604919433594
0.00946807861328126 -0.0419349670410156 -0.0219001770019531 -0.0165824890136719
-0.0278854370117188 -0.0302276611328125 0.0495491027832031 0.0116653442382812
-0.0353126525878906 0.002899169921875 0.0679359436035156 -0.0418739318847656
-0.0218944549560547 0.0247573852539063 0.0279998779296875 -0.0828704833984375
0.00332069396972656 0.0334491729736328 -0.0237655639648438 -0.0931015014648438
0.00820541381835938 0.0262737274169922 -0.0644607543945313 -0.0714340209960938
0.00385284423828125 0.0227184295654297 -0.059234619140625 -0.0509376525878906
0.00162887573242188 0.0238742828369141 -0.0556716918945313 -0.0393600463867187
-0.011749267578125 0.0170173645019531 -0.0461196899414063 -0.0414352416992187
-0.0223255157470703 -0.00139236450195313 -0.0430450439453125 -0.0447616577148437
-0.0120677947998047 -0.0292720794677734 -0.0415992736816406 -0.0632438659667969
0.0232295989990234 -0.0347614288330078 -0.0294342041015625 -0.0833892822265625
0.05145263671875 -0.0126609802246094 -0.0518646240234375 -0.1126708984375
0.0585365295410156 0.0137176513671875 -0.0671844482421875 -0.145980834960938
0.0670089721679688 0.0493927001953125 0.0120086669921875 -0.122817993164063
0.0436935424804688 -0.00612258911132813 -0.0137042999267578 -0.0194549560546875
0.0221443176269531 -0.0220451354980469 0.0581741333007812 0.0195159912109375
-0.000545501708984376 -0.0194339752197266 0.0804901123046875 -0.0396881103515625
-0.00757026672363281 -0.0112400054931641 0.041229248046875 -0.0876617431640625
-0.0103693008422852 4.00543212890626E-05 -0.0195159912109375 -0.100875854492188
-0.0172309875488281 8.39233398437466E-05 -0.0637435913085937 -0.0748062133789063
-0.0163660049438477 -0.00563430786132812 -0.0571861267089844 -0.0489616394042969
-0.0206375122070312 -0.00487518310546875 -0.0549888610839844 -0.0377349853515625
-0.01824951171875 -0.0145893096923828 -0.0466117858886719 -0.0359725952148438
-0.0074920654296875 -0.0313987731933594 -0.0428466796875 -0.0373992919921875
0.022705078125 -0.0428886413574219 -0.0434837341308594 -0.0558128356933594
0.0633926391601563 -0.011962890625 -0.0347213745117187 -0.0727920532226563
0.0797576904296875 0.0258026123046875 -0.0537796020507813 -0.100494384765625
0.0717315673828125 0.0710525512695313 -0.0603866577148438 -0.129890441894531
0.0712356567382813 0.105545043945313 0.0352020263671875 -0.102500915527344
0.0687255859375 0.0422744750976563 0.00111675262451172 -0.00974845886230469
0.0750656127929688 0.00038909912109375 0.0665054321289063 0.0339279174804688
0.043365478515625 -0.0356101989746094 0.09259033203125 -0.027923583984375
0.0154075622558594 -0.046173095703125 0.057647705078125 -0.081573486328125
-0.0182342529296875 -0.0370140075683594 -0.00926971435546876 -0.0980758666992188
-0.0387992858886719 -0.0286331176757813 -0.0539474487304687 -0.0706787109375
-0.0342044830322266 -0.0338859558105469 -0.0466651916503906 -0.0396652221679687
-0.0422630310058594 -0.0319595336914062 -0.0464897155761719 -0.026947021484375
-0.0283355712890625 -0.0431404113769531 -0.0431175231933594 -0.0210189819335938
0.000553131103515624 -0.0611152648925781 -0.0415458679199219 -0.0208854675292969
0.0467109680175781 -0.0607109069824219 -0.0460052490234375 -0.0423583984375
0.0980224609375 -0.00319671630859375 -0.0415573120117188 -0.0581398010253906
0.104927062988281 0.0501327514648438 -0.0511703491210937 -0.0825576782226563
0.0817642211914063 0.113929748535156 -0.0506134033203125 -0.0974044799804688
0.0606689453125 0.146987915039063 0.0570907592773438 -0.0605430603027344
0.0775070190429688 0.0889358520507813 0.01739501953125 0.0135316848754883
0.11688232421875 0.03350830078125 0.0704116821289063 0.0524368286132813
0.0872421264648438 -0.0389251708984375 0.0986175537109375 -0.00685882568359375
0.0431594848632813 -0.0715408325195312 0.0694236755371094 -0.0620193481445313
-0.017852783203125 -0.0694351196289063 0.00421142578125001 -0.0832672119140625
-0.0518951416015625 -0.0538520812988281 -0.0363273620605469 -0.056915283203125
-0.0460700988769531 -0.0573387145996094 -0.0293827056884766 -0.0239696502685547
-0.0591583251953125 -0.0532951354980469 -0.03070068359375 -0.0108108520507813
-0.0381851196289062 -0.0644187927246094 -0.0337848663330078 -0.00081062316894532
0.00258636474609374 -0.0849456787109375 -0.0353012084960938 -0.000747680664062501
0.06005859375 -0.0774383544921875 -0.0471229553222656 -0.0237960815429687
0.120552062988281 -0.00146484375 -0.0455474853515625 -0.0421142578125
0.119285583496094 0.0632858276367188 -0.0395965576171875 -0.0635032653808594
0.0823440551757813 0.138938903808594 -0.0358505249023437 -0.0546951293945312
0.0383758544921875 0.161529541015625 0.0716171264648438 -0.00563812255859374
0.0680084228515625 0.121063232421875 0.0315742492675781 0.0453910827636719
0.132667541503906 0.0671005249023438 0.0663223266601563 0.0713272094726563
0.114524841308594 -0.0283279418945313 0.093231201171875 0.0183868408203125
0.06683349609375 -0.0810012817382813 0.07354736328125 -0.0328140258789063
-0.0114593505859375 -0.08941650390625 0.0178070068359375 -0.0566139221191406
-0.0562667846679687 -0.0712051391601563 -0.0135383605957031 -0.0355911254882813
-0.0518112182617188 -0.071044921875 -0.00788545608520508 -0.00496673583984376
-0.0679283142089844 -0.0671463012695312 -0.0104827880859375 0.00817489624023437
-0.0443572998046875 -0.0769195556640625 -0.0190162658691406 0.0217094421386719
0.00345611572265626 -0.0981826782226563 -0.0255832672119141 0.0204353332519531
0.0659561157226562 -0.0825881958007812 -0.0440711975097656 -0.00437545776367188
0.126846313476563 0.00347900390625 -0.0447311401367188 -0.0289764404296875
0.117111206054688 0.0717849731445313 -0.0215530395507812 -0.0450973510742187
0.068817138671875 0.1444091796875 -0.0183887481689453 -0.00860023498535155
0.011383056640625 0.144821166992188 0.0783462524414063 0.052154541015625
0.0413894653320313 0.125198364257813 0.0402603149414063 0.0781784057617188
0.115577697753906 0.0877914428710938 0.056488037109375 0.0828704833984375
0.116539001464844 -0.00955963134765625 0.07879638671875 0.0419082641601563
0.076568603515625 -0.07122802734375 0.0671958923339844 -0.000663757324218754
-0.002349853515625 -0.090606689453125 0.0281791687011719 -0.0249977111816406
-0.0502395629882813 -0.0749588012695312 0.0102443695068359 -0.0105342864990234
-0.0478744506835937 -0.0746002197265625 0.014958381652832 0.0140056610107422
-0.0644149780273438 -0.0721359252929687 0.0114707946777344 0.0280590057373047
-0.0395050048828125 -0.0805206298828125 -0.004302978515625 0.0429153442382812
0.0155563354492188 -0.0963897705078125 -0.0179481506347656 0.0381698608398437
0.072601318359375 -0.0688705444335938 -0.0410499572753906 0.00852584838867188
0.115303039550781 0.023040771484375 -0.040008544921875 -0.0209617614746094
0.0854568481445313 0.0853424072265625 -0.000799179077148434 -0.0282306671142578
0.0293426513671875 0.136116027832031 -0.00725173950195313 0.0350189208984375
-0.0228729248046875 0.0993270874023438 0.068603515625 0.104408264160156
0.00145721435546875 0.101318359375 0.036529541015625 0.1043701171875
0.0681915283203125 0.0905838012695313 0.0354766845703125 0.088592529296875
0.0906219482421875 0.0147018432617188 0.0547218322753906 0.0606727600097656
0.0716400146484375 -0.0432815551757813 0.0524826049804688 0.0288009643554687
0.00982666015625 -0.0747833251953125 0.0337371826171875 0.00819396972656249
-0.0329055786132812 -0.0678901672363281 0.0296173095703125 0.0150527954101562
-0.0353240966796875 -0.0673942565917969 0.0330543518066406 0.033050537109375
-0.0477409362792969 -0.0694084167480469 0.0287437438964844 0.0469474792480469
-0.0258865356445312 -0.0744171142578125 0.00638961791992188 0.0625572204589844
0.0207748413085937 -0.083984375 -0.0144386291503906 0.0553321838378906
0.0694007873535156 -0.05224609375 -0.041748046875 0.0233650207519531
0.0935745239257813 0.0368576049804688 -0.0400772094726562 -0.0144309997558594
0.0581283569335938 0.0819473266601563 0.0109519958496094 -0.0116853713989258
0.00344848632812501 0.108840942382813 -0.0015869140625 0.0737991333007813
-0.0403709411621094 0.0404472351074219 0.0625152587890625 0.132049560546875
-0.0236396789550781 0.0581398010253906 0.03759765625 0.116355895996094
0.0230560302734375 0.0659065246582031 0.0261383056640625 0.0822219848632812
0.0515861511230469 0.0214157104492188 0.0399551391601563 0.0649375915527344
0.0485610961914063 -0.0194778442382813 0.0405769348144531 0.0427818298339844
0.0122032165527344 -0.0477752685546875 0.0384140014648438 0.0279312133789062
-0.0178489685058594 -0.0477561950683594 0.043182373046875 0.0337257385253906
-0.0182075500488281 -0.049072265625 0.04595947265625 0.0471763610839844
-0.0283355712890625 -0.0543594360351563 0.0427360534667969 0.0640296936035156
-0.0121498107910156 -0.0575103759765625 0.011688232421875 0.0807571411132813
0.0248832702636719 -0.0613632202148438 -0.0169601440429688 0.0696792602539063
0.0587882995605469 -0.028717041015625 -0.0466804504394531 0.0334587097167969
0.0623931884765625 0.0453872680664063 -0.042266845703125 -0.01055908203125
0.0165252685546875 0.0717010498046875 0.0161714553833008 0.00337314605712891
-0.0289421081542969 0.0669631958007813 -0.00704193115234376 0.102088928222656
0.0501823425292969 -0.0115852355957031 -0.0135421752929687 -0.124969482421875
0.00847244262695313 -0.0444107055664063 -0.0227813720703125 -0.0147190093994141
-0.0304412841796875 -0.0300788879394531 0.0524940490722656 0.0106582641601563
-0.0365753173828125 0.00475692749023438 0.0696296691894531 -0.0460433959960938
-0.0217437744140625 0.0268955230712891 0.0269546508789063 -0.0868453979492188
0.00548553466796875 0.0346126556396484 -0.027496337890625 -0.0963363647460937
0.0105133056640625 0.0266780853271484 -0.0699920654296875 -0.0713424682617187
0.00530624389648438 0.0223636627197266 -0.0640525817871094 -0.0508346557617188
0.00331497192382812 0.0243816375732422 -0.0600967407226562 -0.0389442443847656
-0.0106430053710938 0.0178146362304688 -0.0493812561035156 -0.0413818359375
-0.0227260589599609 -8.58306884765631E-05 -0.0475654602050781 -0.0451087951660156
-0.0142536163330078 -0.0296802520751953 -0.0454292297363281 -0.0643997192382813
0.0222206115722656 -0.0367698669433594 -0.0323867797851563 -0.0854263305664063
0.0523567199707031 -0.0149765014648438 -0.0563888549804688 -0.115150451660156
0.0610008239746094 0.0121917724609375 -0.07501220703125 -0.1488037109375
0.071685791015625 0.0487823486328125 0.00635528564453126 -0.127113342285156
0.0450057983398438 -0.00730133056640625 -0.0150203704833984 -0.0177745819091797
0.0222873687744141 -0.0234107971191406 0.0619277954101563 0.0190849304199219
-0.00220298767089844 -0.0198307037353516 0.0826034545898438 -0.0429840087890625
-0.00845623016357422 -0.0107498168945313 0.040374755859375 -0.0924072265625
-0.00981426239013672 0.00155448913574219 -0.0231781005859375 -0.103683471679688
-0.0173454284667969 0.000812530517578127 -0.0694427490234375 -0.075408935546875
-0.0170965194702148 -0.0056009292602539 -0.0617294311523438 -0.0490226745605469
-0.0213565826416016 -0.00490379333496094 -0.0585556030273437 -0.0371475219726563
-0.0187854766845703 -0.0146255493164063 -0.0503425598144531 -0.0358352661132812
-0.00831222534179687 -0.0323009490966797 -0.0469169616699219 -0.0376052856445313
0.0223617553710937 -0.0457191467285156 -0.0471420288085938 -0.0573463439941406
0.0652046203613281 -0.0155067443847656 -0.0374298095703125 -0.0745162963867188
0.0828628540039063 0.0243072509765625 -0.0584793090820312 -0.102691650390625
0.0768508911132813 0.0711898803710938 -0.0684814453125 -0.13311767578125
0.0779190063476563 0.106216430664063 0.0316848754882813 -0.106910705566406
0.0717697143554688 0.041656494140625 -0.000438213348388668 -0.0083169937133789
0.0784835815429688 -0.00272369384765625 0.0709915161132813 0.0334320068359375
0.0434074401855469 -0.0378684997558594 0.0959320068359375 -0.0316848754882813
0.0131378173828125 -0.0484161376953125 0.056915283203125 -0.0862884521484375
-0.0198211669921875 -0.0366363525390625 -0.012939453125 -0.101394653320313
-0.0404243469238281 -0.0280799865722656 -0.0582351684570313 -0.0710678100585938
-0.0370330810546875 -0.0339622497558594 -0.0500717163085937 -0.0395088195800781
-0.0446968078613281 -0.0316314697265625 -0.049652099609375 -0.0260963439941406
-0.0303382873535156 -0.0434455871582031 -0.0463180541992188 -0.0201988220214844
-0.00117874145507812 -0.0630340576171875 -0.044921875 -0.0208625793457031
0.0459136962890625 -0.0649375915527344 -0.05126953125 -0.042877197265625
0.101669311523438 -0.00707244873046875 -0.0446395874023437 -0.0590553283691406
0.110366821289063 0.0483016967773438 -0.0554428100585937 -0.0838470458984375
0.0893936157226562 0.115814208984375 -0.0567474365234375 -0.0994186401367187
0.0688018798828125 0.1495361328125 0.0557441711425781 -0.0650978088378906
0.0834503173828125 0.0904388427734375 0.0167140960693359 0.0148639678955078
0.123931884765625 0.0295944213867188 0.0757598876953125 0.0524139404296875
0.0880889892578125 -0.0435638427734375 0.10235595703125 -0.0103912353515625
0.0419387817382812 -0.0763015747070313 0.0704116821289063 -0.0667343139648438
-0.0209884643554687 -0.070556640625 0.00208282470703125 -0.0861587524414063
-0.0553207397460938 -0.0534324645996094 -0.03955078125 -0.0571937561035156
-0.0504989624023438 -0.0578346252441406 -0.03070068359375 -0.0245380401611328
-0.0633277893066406 -0.0525321960449219 -0.0328960418701172 -0.0102081298828125
-0.0418968200683594 -0.0644378662109375 -0.0351600646972656 0.000621795654296865
-0.00115966796875001 -0.0873336791992188 -0.0372886657714844 0.0001678466796875
0.0594024658203125 -0.0825881958007813 -0.0509872436523438 -0.0233650207519531
0.124717712402344 -0.0061798095703125 -0.0484886169433594 -0.0422286987304688
0.125907897949219 0.0615692138671875 -0.0433616638183594 -0.0640525817871094
0.0906524658203125 0.141448974609375 -0.0401992797851563 -0.0551414489746094
0.0454559326171875 0.165237426757813 0.0731735229492188 -0.00845336914062499
0.074615478515625 0.124557495117187 0.0318069458007813 0.0466804504394531
0.141647338867188 0.06439208984375 0.0727005004882813 0.0710525512695313
0.117637634277344 -0.033905029296875 0.0983200073242188 0.0161895751953125
0.0661392211914063 -0.086669921875 0.0751113891601563 -0.0363235473632813
-0.0156021118164063 -0.091064453125 0.0170860290527344 -0.0587196350097656
-0.0607261657714844 -0.0702781677246094 -0.0149192810058594 -0.0362663269042969
-0.056243896484375 -0.071624755859375 -0.00746631622314453 -0.00522327423095704
-0.0738296508789063 -0.06549072265625 -0.0107860565185547 0.0097503662109375
-0.0482025146484375 -0.0768890380859375 -0.0189781188964844 0.0231361389160156
-0.000236511230468749 -0.101425170898437 -0.0267753601074219 0.0213432312011719
0.0653228759765625 -0.0893173217773438 -0.0473251342773437 -0.00394821166992188
0.131874084472656 -0.00118255615234375 -0.0470123291015625 -0.0285072326660156
0.123886108398438 0.0701751708984375 -0.0250701904296875 -0.0465888977050781
0.0780029296875 0.148391723632812 -0.0202236175537109 -0.00829887390136718
0.017913818359375 0.1510009765625 0.0815811157226563 0.0509490966796875
0.0475006103515625 0.129737854003906 0.043060302734375 0.0790786743164063
0.124061584472656 0.0871429443359375 0.0620040893554688 0.08441162109375
0.119926452636719 -0.014617919921875 0.0831680297851563 0.0407562255859375
0.0761489868164063 -0.0774765014648438 0.070159912109375 -0.00289535522460938
-0.00601959228515625 -0.0938873291015625 0.0290393829345703 -0.0254268646240234
-0.0549240112304687 -0.0748367309570312 0.0106954574584961 -0.011077880859375
-0.0520095825195313 -0.0757904052734375 0.0165033340454102 0.013885498046875
-0.0697479248046875 -0.07147216796875 0.0134010314941406 0.0288028717041016
-0.0436553955078125 -0.08111572265625 -0.00329971313476563 0.0448150634765625
0.0121383666992187 -0.099822998046875 -0.017822265625 0.0401802062988281
0.0727386474609375 -0.0741958618164063 -0.0433502197265625 0.00970077514648437
0.120620727539062 0.0194549560546875 -0.042877197265625 -0.0209884643554687
0.0920257568359375 0.084930419921875 -0.00167274475097656 -0.0301666259765625
0.0363616943359375 0.140899658203125 -0.00614356994628906 0.0351371765136719
-0.0202560424804687 0.104461669921875 0.0735702514648438 0.10552978515625
0.004913330078125 0.10595703125 0.0394058227539063 0.106346130371094
0.074951171875 0.0912551879882813 0.040618896484375 0.0903244018554688
0.093994140625 0.0120925903320313 0.0588722229003906 0.0613288879394531
0.0716705322265625 -0.0484466552734375 0.0562286376953125 0.0283546447753906
0.00727081298828125 -0.0773086547851563 0.0354957580566406 0.00768280029296874
-0.0366439819335938 -0.0683746337890625 0.0314292907714844 0.0147628784179687
-0.0402107238769531 -0.0683860778808594 0.03570556640625 0.0327644348144531
-0.0526542663574219 -0.0698432922363281 0.0320167541503906 0.0486106872558594
-0.0294418334960938 -0.0751724243164063 0.0084228515625 0.0651664733886719
0.017303466796875 -0.087371826171875 -0.013702392578125 0.0573692321777344
0.0701828002929688 -0.0576820373535156 -0.0430183410644531 0.0253181457519531
0.0996932983398438 0.0348129272460938 -0.0426864624023437 -0.0131645202636719
0.06256103515625 0.0827255249023438 0.011021614074707 -0.013397216796875
0.00763702392578124 0.113265991210937 0.00124359130859375 0.0760498046875
-0.0397682189941406 0.0431709289550781 0.0691146850585938 0.133834838867188
-0.0226364135742187 0.0606536865234375 0.0430374145507813 0.119041442871094
0.0268363952636719 0.0673713684082031 0.0301437377929688 0.0840301513671875
0.0544967651367187 0.0204277038574219 0.0435371398925781 0.0665321350097656
0.0494194030761719 -0.0222129821777344 0.044219970703125 0.0426750183105469
0.0107536315917969 -0.0497932434082031 0.0407829284667969 0.0279808044433594
-0.0207366943359375 -0.048126220703125 0.0463409423828125 0.0331573486328125
-0.0214614868164062 -0.0506858825683594 0.0504112243652344 0.0466766357421875
-0.0324821472167969 -0.0549774169921875 0.047576904296875 0.0652198791503906
-0.0157089233398438 -0.0584716796875 0.01617431640625 0.0846786499023437
0.0223236083984375 -0.0645980834960938 -0.0157852172851563 0.0718765258789062
0.0599937438964844 -0.0321884155273438 -0.04742431640625 0.0359992980957031
0.0668220520019531 0.0450668334960938 -0.0446739196777344 -0.00928115844726563
0.0192108154296875 0.073699951171875 0.0165500640869141 0.00141334533691407
-0.0269622802734375 0.0703201293945313 -0.00318145751953125 0.105583190917969
0.0502128601074219 -0.01483154296875 -0.02142333984375 -0.126136779785156
0.00591659545898437 -0.0456314086914063 -0.0244693756103516 -0.0120887756347656
-0.0324306488037109 -0.0285129547119141 0.0540618896484375 0.0086212158203125
-0.0367660522460938 0.00792694091796876 0.0690879821777344 -0.0504035949707031
-0.0204029083251953 0.0297508239746094 0.0231781005859375 -0.0901336669921875
0.00883293151855468 0.0348796844482422 -0.0323486328125 -0.0976028442382813
0.0131931304931641 0.0255146026611328 -0.0747299194335938 -0.0688018798828125
0.00714492797851562 0.0228366851806641 -0.069610595703125 -0.0484657287597656
0.00488853454589844 0.0242500305175781 -0.0644493103027344 -0.0365982055664063
-0.00929641723632813 0.0185317993164063 -0.0536231994628906 -0.039886474609375
-0.022186279296875 0.00165367126464844 -0.0515670776367188 -0.0438804626464844
-0.0167446136474609 -0.0297565460205078 -0.0511054992675781 -0.063232421875
0.0204010009765625 -0.0383148193359375 -0.0363845825195313 -0.08648681640625
0.05267333984375 -0.0183334350585938 -0.063262939453125 -0.11444091796875
0.0628700256347656 0.00787734985351563 -0.085601806640625 -0.14794921875
0.075958251953125 0.0450897216796875 -0.00226593017578124 -0.129219055175781
0.0452041625976563 -0.00957107543945313 -0.0170164108276367 -0.0153865814208984
0.0217781066894531 -0.0252780914306641 0.0648345947265625 0.0158805847167969
-0.00351715087890625 -0.0194129943847656 0.0823974609375 -0.048858642578125
-0.009796142578125 -0.00952339172363281 0.0369491577148438 -0.0964508056640625
-0.00937271118164062 0.00204658508300781 -0.0284423828125 -0.104873657226563
-0.0162620544433594 0.000908851623535157 -0.0750198364257813 -0.0728988647460937
-0.0175876617431641 -0.00487327575683594 -0.0663108825683594 -0.0469207763671875
-0.021484375 -0.00320625305175781 -0.063323974609375 -0.0343437194824219
-0.0192127227783203 -0.0135078430175781 -0.0539016723632813 -0.0339736938476563
-0.0088958740234375 -0.0314579010009766 -0.0503273010253906 -0.0356559753417969
0.0191802978515625 -0.0477714538574219 -0.05267333984375 -0.0561752319335937
0.0654220581054687 -0.0191154479980469 -0.041778564453125 -0.07403564453125
0.0857162475585938 0.0194015502929688 -0.065032958984375 -0.101341247558594
0.083221435546875 0.0679397583007813 -0.0778121948242188 -0.13165283203125
0.0867538452148438 0.103752136230469 0.0244064331054687 -0.110305786132813
0.0759353637695313 0.0390167236328125 -0.00234174728393554 -0.00667953491210937
0.0805282592773438 -0.007598876953125 0.0749588012695313 0.0295562744140625
0.0418853759765625 -0.0407943725585938 0.0958786010742187 -0.0371170043945312
0.0105514526367188 -0.0496444702148438 0.053680419921875 -0.091064453125
-0.0213890075683594 -0.0357437133789063 -0.0184707641601563 -0.10308837890625
-0.04144287109375 -0.025909423828125 -0.0642051696777344 -0.0688743591308594
-0.0396347045898438 -0.0325088500976563 -0.0534133911132813 -0.038238525390625
-0.0470085144042969 -0.0289955139160156 -0.052642822265625 -0.0231246948242188
-0.0324020385742188 -0.0416717529296875 -0.0488128662109375 -0.0182838439941406
-0.00466918945312501 -0.0632247924804688 -0.047515869140625 -0.0187530517578125
0.0429039001464844 -0.0691452026367188 -0.0554542541503906 -0.04132080078125
0.103096008300781 -0.0129623413085938 -0.0486106872558594 -0.0579071044921875
0.114395141601563 0.0431137084960938 -0.0611343383789062 -0.0829696655273438
0.0988540649414063 0.112983703613281 -0.0639419555664063 -0.0976486206054688
0.0797576904296875 0.148406982421875 0.0514183044433594 -0.0691871643066406
0.0905380249023438 0.0880889892578125 0.0160770416259766 0.0154075622558594
0.128868103027344 0.0224609375 0.0811920166015625 0.0484161376953125
0.0878753662109375 -0.0493240356445313 0.103813171386719 -0.0153961181640625
0.0380172729492188 -0.0803909301757813 0.0685195922851563 -0.0716934204101563
-0.0249481201171875 -0.0700225830078125 -0.00200653076171876 -0.0874099731445312
-0.0590553283691406 -0.05023193359375 -0.0432090759277344 -0.0560684204101563
-0.0553092956542969 -0.0557746887207031 -0.0326976776123047 -0.0237026214599609
-0.0673942565917969 -0.0491142272949219 -0.034088134765625 -0.00773048400878906
-0.0456390380859375 -0.0624809265136719 -0.0359916687011719 0.00263595581054687
-0.00627899169921876 -0.0883407592773438 -0.0388870239257813 0.00201797485351563
0.0550155639648438 -0.0880813598632813 -0.0547599792480469 -0.02117919921875
0.127288818359375 -0.0141067504882812 -0.052001953125 -0.0412864685058594
0.13140869140625 0.0555648803710938 -0.0482444763183594 -0.0638160705566406
0.101608276367188 0.139739990234375 -0.0445632934570313 -0.0541954040527344
0.0579376220703125 0.166351318359375 0.0718994140625 -0.0121231079101562
0.0834121704101563 0.123146057128906 0.034088134765625 0.0466079711914063
0.14898681640625 0.055877685546875 0.078704833984375 0.068145751953125
0.11822509765625 -0.0414352416992188 0.101142883300781 0.011260986328125
0.0613250732421875 -0.0931320190429688 0.0752716064453125 -0.041046142578125
-0.0207290649414062 -0.0912628173828125 0.0140037536621094 -0.0602035522460938
-0.0650177001953125 -0.0669746398925781 -0.0173072814941406 -0.0353202819824219
-0.0620040893554688 -0.0698585510253906 -0.00766849517822266 -0.00547361373901368
-0.0787811279296875 -0.0622711181640625 -0.00924110412597657 0.0105628967285156
-0.0535507202148438 -0.0746688842773438 -0.0179977416992187 0.0250720977783203
-0.00728607177734374 -0.102287292480469 -0.0269317626953125 0.02288818359375
0.0604782104492188 -0.0953903198242188 -0.0502738952636719 -0.00145721435546877
0.135231018066406 -0.00901031494140625 -0.0504188537597656 -0.0263748168945313
0.129486083984375 0.0652008056640625 -0.0281791687011719 -0.0468254089355469
0.0888214111328125 0.147506713867188 -0.0208148956298828 -0.00721359252929686
0.0275115966796875 0.152618408203125 0.0852279663085938 0.0474472045898438
0.056121826171875 0.130462646484375 0.0462112426757813 0.07879638671875
0.133201599121094 0.0800247192382813 0.0675735473632813 0.0822830200195312
0.121208190917969 -0.0214691162109375 0.0875625610351563 0.037689208984375
0.0726699829101563 -0.0836639404296875 0.0720977783203125 -0.0068206787109375
-0.011474609375 -0.0947494506835938 0.0279998779296875 -0.0273857116699219
-0.0599365234375 -0.0718231201171875 0.0100975036621094 -0.0120363235473633
-0.0586090087890625 -0.073211669921875 0.0181007385253906 0.0117282867431641
-0.0765380859375 -0.0680160522460937 0.0155239105224609 0.0293045043945313
-0.0486984252929688 -0.0790786743164063 -0.00057220458984375 0.0466537475585938
0.00440216064453124 -0.101585388183594 -0.0162773132324219 0.0414810180664062
0.0692214965820313 -0.081268310546875 -0.0445747375488281 0.0120010375976562
0.125137329101562 0.0120849609375 -0.0453834533691406 -0.0184974670410156
0.0985565185546875 0.0821456909179688 -0.00377655029296875 -0.032257080078125
0.0458526611328125 0.142242431640625 -0.0042724609375 0.0365447998046875
-0.0132369995117187 0.107696533203125 0.0806961059570313 0.103416442871094
0.010772705078125 0.108062744140625 0.0446701049804687 0.106231689453125
0.08282470703125 0.0887603759765625 0.045257568359375 0.0897979736328125
0.0962905883789063 0.00649261474609375 0.0631752014160156 0.0591087341308594
0.0703887939453125 -0.0543441772460938 0.0593528747558594 0.0255470275878906
0.00307464599609374 -0.0792160034179688 0.0368461608886719 0.00641250610351562
-0.0415573120117187 -0.066253662109375 0.0330524444580078 0.0134735107421875
-0.0454139709472656 -0.0667495727539062 0.0389289855957031 0.0306282043457031
-0.0583610534667969 -0.067169189453125 0.0364913940429687 0.0481224060058594
-0.0350189208984375 -0.0744171142578125 0.0127105712890625 0.0669975280761719
0.0114822387695313 -0.0899810791015625 -0.0111312866210938 0.0591545104980469
0.0673713684082031 -0.0632247924804688 -0.0428619384765625 0.0276260375976563
0.104156494140625 0.029144287109375 -0.0448341369628906 -0.0108146667480469
0.068572998046875 0.0811767578125 0.00999832153320313 -0.015960693359375
0.0152359008789062 0.115684509277344 0.00594329833984375 0.0768280029296875
-0.0376625061035156 0.0465469360351563 0.0780410766601563 0.132804870605469
-0.0196723937988281 0.0639839172363281 0.0492019653320313 0.118919372558594
0.0320167541503906 0.0672454833984375 0.033782958984375 0.0844879150390625
0.0560340881347656 0.0164833068847656 0.0475921630859375 0.0658035278320313
0.0484390258789063 -0.0260276794433594 0.0483932495117188 0.0418319702148438
0.007965087890625 -0.0520896911621094 0.0436897277832031 0.0267524719238281
-0.024383544921875 -0.0469474792480469 0.0498886108398438 0.0312614440917969
-0.0254478454589844 -0.0499382019042969 0.0551719665527344 0.0444297790527344
-0.0368156433105469 -0.0536270141601563 0.0535812377929688 0.06427001953125
-0.0196876525878906 -0.0587081909179688 0.0215225219726563 0.0851821899414062
0.0188369750976562 -0.0670967102050781 -0.0123443603515625 0.0742263793945313
0.0593948364257813 -0.0372886657714844 -0.0466995239257812 0.0388145446777344
0.071441650390625 0.04150390625 -0.0466995239257812 -0.00689697265625001
0.024139404296875 0.0745697021484375 0.0170135498046875 -0.000778198242187495
-0.0233612060546875 0.0738601684570313 0.003173828125 0.107391357421875
0.0482521057128906 -0.017913818359375 -0.0291519165039062 -0.122093200683594
0.00363922119140625 -0.0451202392578125 -0.0244541168212891 -0.0089569091796875
-0.0335178375244141 -0.0264549255371094 0.0550804138183594 0.005706787109375
-0.0358123779296875 0.0103225708007812 0.0662040710449219 -0.0530662536621094
-0.0179672241210937 0.0321636199951172 0.0185394287109375 -0.0901107788085938
0.0115509033203125 0.0338401794433594 -0.0371017456054687 -0.0951995849609375
0.0152301788330078 0.0233573913574219 -0.0784988403320313 -0.063720703125
0.00885581970214844 0.0212841033935547 -0.0721664428710938 -0.0431900024414063
0.00693702697753906 0.0233955383300781 -0.0671501159667969 -0.0318450927734375
-0.00724220275878906 0.0185813903808594 -0.0558242797851563 -0.0365104675292969
-0.0209426879882813 0.00330924987792968 -0.0543136596679688 -0.0407905578613281
-0.0182971954345703 -0.0278167724609375 -0.0542068481445313 -0.0598831176757812
0.0174980163574219 -0.0389480590820312 -0.0400772094726563 -0.0842437744140625
0.051239013671875 -0.0212554931640625 -0.0685958862304688 -0.109298706054687
0.0633964538574219 0.004638671875 -0.0934524536132812 -0.140274047851563
0.0780487060546875 0.0391464233398438 -0.010009765625 -0.126556396484375
0.0442733764648438 -0.0113563537597656 -0.0174636840820312 -0.0128164291381836
0.0199146270751953 -0.0268745422363281 0.0654182434082031 0.01165771484375
-0.00388526916503906 -0.0183563232421875 0.0795364379882813 -0.0520553588867188
-0.0102510452270508 -0.00795364379882813 0.0310745239257812 -0.0973052978515625
-0.00813102722167969 0.00287294387817383 -0.0346527099609375 -0.102836608886719
-0.0152120590209961 0.00181293487548828 -0.078369140625 -0.0673980712890625
-0.017451286315918 -0.00407218933105469 -0.0688400268554688 -0.0424118041992187
-0.0209789276123047 -0.00200271606445313 -0.0653610229492188 -0.0302314758300781
-0.0192108154296875 -0.0123367309570313 -0.0558815002441406 -0.0303497314453125
-0.00990676879882813 -0.0299625396728516 -0.0524559020996094 -0.0318527221679688
0.0158157348632812 -0.0474433898925781 -0.0557899475097656 -0.0527458190917969
0.0639572143554688 -0.0223655700683594 -0.045013427734375 -0.0712738037109375
0.0856170654296875 0.0146713256835938 -0.0694046020507812 -0.0965652465820313
0.0875701904296875 0.0620880126953125 -0.084930419921875 -0.124534606933594
0.0924758911132813 0.0973129272460937 0.0168533325195313 -0.109596252441406
0.077728271484375 0.034698486328125 -0.00338697433471679 -0.00516033172607422
0.0799942016601562 -0.012969970703125 0.0766372680664063 0.024566650390625
0.0387992858886719 -0.0425834655761719 0.0937423706054688 -0.0413894653320313
0.00722503662109375 -0.0488243103027344 0.0480880737304688 -0.0926055908203125
-0.0227890014648438 -0.0334091186523438 -0.0236587524414063 -0.100738525390625
-0.0420417785644531 -0.0228118896484375 -0.0674209594726562 -0.0639076232910156
-0.040985107421875 -0.0299224853515625 -0.0552444458007813 -0.0347671508789062
-0.0481414794921875 -0.0250968933105469 -0.0542716979980469 -0.020050048828125
-0.0341300964355469 -0.0391769409179688 -0.0500106811523438 -0.0153274536132813
-0.00785827636718749 -0.0613136291503906 -0.048858642578125 -0.0165977478027344
0.0385055541992187 -0.0705413818359375 -0.0586128234863281 -0.0382537841796875
0.101303100585938 -0.0185012817382813 -0.0508003234863281 -0.0551528930664063
0.115608215332031 0.0369644165039063 -0.0653533935546875 -0.0783920288085938
0.104850769042969 0.106201171875 -0.0697708129882813 -0.0929641723632812
0.0879058837890625 0.141769409179688 0.0452995300292969 -0.0702171325683594
0.0950546264648438 0.0828170776367187 0.0157985687255859 0.0154619216918945
0.129348754882813 0.01361083984375 0.083038330078125 0.0426406860351563
0.083740234375 -0.0539474487304688 0.102455139160156 -0.0212020874023438
0.0317840576171875 -0.0816802978515625 0.0643463134765625 -0.0743865966796875
-0.0280838012695313 -0.0676536560058594 -0.0069427490234375 -0.08624267578125
-0.0602455139160156 -0.0459403991699219 -0.0461616516113281 -0.052337646484375
-0.0581130981445313 -0.0510406494140625 -0.0342311859130859 -0.0220699310302734
-0.0697708129882812 -0.043548583984375 -0.0342922210693359 -0.00489616394042968
-0.0486183166503906 -0.0588760375976562 -0.0360565185546875 0.00487136840820312
-0.0115280151367188 -0.0861053466796875 -0.0393218994140625 0.00358200073242187
0.0485000610351563 -0.0902862548828125 -0.0569915771484375 -0.0182342529296875
0.125770568847656 -0.0210037231445313 -0.053680419921875 -0.037445068359375
0.132911682128906 0.0481719970703125 -0.0516815185546875 -0.0608978271484375
0.1102294921875 0.13299560546875 -0.0474281311035156 -0.0509223937988281
0.0678558349609375 0.160308837890625 0.0698204040527344 -0.0164794921875
0.08941650390625 0.11712646484375 0.0344314575195313 0.0451698303222656
0.152023315429688 0.0459442138671875 0.0825881958007813 0.0619735717773438
0.114372253417969 -0.0476226806640625 0.100830078125 0.006317138671875
0.0548171997070312 -0.0955810546875 0.0725936889648438 -0.0444869995117188
-0.0263137817382813 -0.0885086059570312 0.0107688903808594 -0.059600830078125
-0.0673789978027344 -0.0614662170410156 -0.0191383361816406 -0.0342807769775391
-0.06646728515625 -0.0652694702148438 -0.00734233856201172 -0.00609016418457032
-0.081787109375 -0.0557937622070313 -0.00856685638427735 0.0118770599365234
-0.0565528869628906 -0.0701217651367188 -0.0164585113525391 0.0267925262451172
-0.0136947631835938 -0.0997314453125 -0.0259513854980469 0.0238761901855469
0.0533905029296875 -0.0981674194335938 -0.0511817932128906 0.0010223388671875
0.133750915527344 -0.0172653198242188 -0.0516815185546875 -0.0232810974121094
0.1319580078125 0.0570602416992188 -0.0306930541992188 -0.0452499389648437
0.0980377197265625 0.14166259765625 -0.0211563110351562 -0.00547981262207031
0.037017822265625 0.149459838867188 0.0858154296875 0.0424270629882813
0.0627593994140625 0.1265869140625 0.0487136840820313 0.0760116577148438
0.137466430664063 0.0713958740234375 0.071380615234375 0.0766754150390625
0.11883544921875 -0.0279388427734375 0.0883712768554688 0.0333328247070313
0.0663375854492188 -0.0877304077148438 0.0710678100585938 -0.01043701171875
-0.0161895751953125 -0.092620849609375 0.0267524719238281 -0.0273971557617188
-0.0629310607910157 -0.06683349609375 0.00957965850830078 -0.0125026702880859
-0.0627937316894531 -0.0691261291503906 0.0190143585205078 0.0103359222412109
-0.0799942016601562 -0.0612945556640625 0.0180130004882812 0.0279026031494141
-0.0531463623046875 -0.0743637084960938 0.00295257568359375 0.045989990234375
-0.00170898437500001 -0.0998077392578125 -0.0146865844726563 0.0410499572753906
0.0632553100585938 -0.0849685668945313 -0.0442047119140625 0.0141868591308594
0.125518798828125 0.00418853759765625 -0.0458259582519531 -0.0162696838378906
0.101913452148438 0.0760726928710938 -0.00611305236816405 -0.0319690704345703
0.0541534423828125 0.138320922851563 -0.00232315063476562 0.0365562438964844
-0.00685119628906249 0.107337951660156 0.084747314453125 0.0972137451171875
0.017059326171875 0.106765747070313 0.0482254028320313 0.103363037109375
0.0878524780273438 0.0824737548828125 0.0492324829101562 0.08575439453125
0.0955810546875 0.0006103515625 0.0661582946777344 0.0560455322265625
0.0658493041992188 -0.0580673217773438 0.0605850219726563 0.022308349609375
-0.00174713134765625 -0.0777740478515625 0.0371742248535156 0.0052337646484375
-0.0448379516601563 -0.0620536804199219 0.0333499908447266 0.0110073089599609
-0.04925537109375 -0.0634231567382813 0.0410728454589844 0.027496337890625
-0.0628318786621094 -0.0623512268066406 0.039642333984375 0.0453834533691406
-0.039215087890625 -0.0706787109375 0.0169410705566406 0.0657234191894531
0.005096435546875 -0.0894241333007813 -0.00826644897460937 0.0581817626953125
0.0625572204589844 -0.0676345825195313 -0.0419654846191406 0.0293731689453125
0.105918884277344 0.0231399536132813 -0.0451889038085937 -0.00828552246093749
0.0723037719726563 0.0766830444335938 0.00898456573486329 -0.0170316696166992
0.022186279296875 0.114212036132813 0.0104598999023438 0.0753250122070313
-0.0343475341796875 0.0481300354003906 0.0832901000976563 0.126762390136719
-0.0156974792480469 0.0644874572753906 0.0537490844726563 0.114761352539062
0.0368576049804687 0.0646247863769531 0.0368194580078125 0.0814285278320313
0.056304931640625 0.0133590698242188 0.0508003234863281 0.0629501342773438
0.0461616516113281 -0.0293769836425781 0.0503692626953125 0.0388908386230469
0.0042877197265625 -0.05181884765625 0.0450248718261719 0.0245132446289062
-0.026641845703125 -0.0446929931640625 0.0515289306640625 0.028167724609375
-0.0286788940429687 -0.0478134155273438 0.0578651428222656 0.0399551391601563
-0.0408401489257812 -0.0503883361816406 0.0572052001953125 0.0597915649414062
-0.0232086181640625 -0.0558242797851563 0.0267868041992187 0.0832443237304688
0.0135688781738281 -0.0672683715820312 -0.00854492187500001 0.0740737915039062
0.0562553405761719 -0.0412445068359375 -0.0441207885742187 0.0408706665039063
0.0742263793945313 0.0365371704101563 -0.0469512939453125 -0.00469207763671874
0.0281753540039062 0.0728836059570313 0.0161418914794922 -0.0030069351196289
-0.018402099609375 0.074737548828125 0.00940704345703124 0.105400085449219
0.0465507507324219 -0.0192489624023438 -0.0322723388671875 -0.116851806640625
0.0020751953125 -0.0439109802246094 -0.0237064361572266 -0.00687217712402344
-0.0332736968994141 -0.0243587493896484 0.0538444519042969 0.00383377075195312
-0.0343093872070312 0.0121593475341797 0.0634078979492188 -0.0534896850585938
-0.0154323577880859 0.0323562622070313 0.0160446166992187 -0.087982177734375
0.0131893157958984 0.0318164825439453 -0.039093017578125 -0.0923233032226563
0.0160713195800781 0.0214519500732422 -0.0784149169921875 -0.0591812133789062
0.00967788696289063 0.0201072692871094 -0.0723495483398437 -0.0390853881835938
0.0078277587890625 0.0222034454345703 -0.0670814514160156 -0.0282402038574219
-0.00578498840332031 0.0181064605712891 -0.0560569763183594 -0.0337448120117187
-0.0195579528808594 0.0038604736328125 -0.0546722412109375 -0.0386466979980469
-0.0189876556396484 -0.0259761810302734 -0.05499267578125 -0.0563278198242188
0.0158004760742188 -0.0384063720703125 -0.0408554077148438 -0.0809783935546875
0.0490036010742188 -0.0221061706542969 -0.0700531005859375 -0.103729248046875
0.0622634887695313 0.00170135498046875 -0.0953598022460938 -0.132972717285156
0.0766677856445313 0.03485107421875 -0.0146026611328125 -0.120773315429687
0.0433921813964844 -0.0119171142578125 -0.0179939270019531 -0.0101509094238281
0.0191230773925781 -0.0265541076660156 0.0638465881347656 0.009674072265625
-0.00478839874267578 -0.0171585083007813 0.0755615234375 -0.0526504516601563
-0.010188102722168 -0.00602149963378906 0.028076171875 -0.0953903198242187
-0.00683927536010742 0.00302743911743164 -0.0362548828125 -0.0989303588867188
-0.0142068862915039 0.00162887573242187 -0.0789260864257813 -0.062835693359375
-0.0170450210571289 -0.00366497039794922 -0.069427490234375 -0.0388298034667969
-0.0202693939208984 -0.000957489013671878 -0.0653800964355469 -0.0258140563964844
-0.0181617736816406 -0.0115280151367188 -0.0560340881347656 -0.0273551940917969
-0.0101490020751953 -0.0289783477783203 -0.0526542663574219 -0.0302658081054688
0.0135116577148438 -0.0467910766601563 -0.0564765930175781 -0.0498771667480469
0.0609588623046875 -0.0233078002929687 -0.0452995300292969 -0.0689010620117188
0.0836257934570313 0.0118484497070313 -0.0710220336914063 -0.091400146484375
0.0874862670898437 0.0582962036132812 -0.0866546630859375 -0.118476867675781
0.0930709838867188 0.0909500122070313 0.0113296508789063 -0.106483459472656
0.0774993896484375 0.0320281982421875 -0.0045175552368164 -0.00348806381225586
0.0771408081054688 -0.016021728515625 0.0750503540039063 0.0211715698242188
0.0360183715820313 -0.0425872802734375 0.090484619140625 -0.0425872802734375
0.00552749633789063 -0.0474815368652344 0.04461669921875 -0.0914688110351563
-0.0223712921142578 -0.0311164855957031 -0.0257186889648437 -0.0973434448242188
-0.0412635803222656 -0.0211296081542969 -0.0680351257324219 -0.0599098205566406
-0.0411491394042969 -0.0281143188476563 -0.0556297302246094 -0.0319061279296875
-0.0473060607910156 -0.0225677490234375 -0.0539512634277344 -0.0170097351074219
-0.0335159301757813 -0.0362358093261719 -0.0495491027832031 -0.0126304626464844
-0.00970077514648438 -0.0583038330078125 -0.0490570068359375 -0.0146408081054687
0.0342292785644531 -0.0701065063476563 -0.0596160888671875 -0.0353965759277344
0.0982284545898438 -0.0209808349609375 -0.050628662109375 -0.0524406433105469
0.113433837890625 0.0320968627929688 -0.0667572021484375 -0.073883056640625
0.106658935546875 0.100051879882813 -0.0710220336914062 -0.087646484375
0.0907821655273437 0.134750366210937 0.0399971008300781 -0.0694618225097656
0.0957260131835938 0.0784378051757813 0.0141735076904297 0.0161838531494141
0.1265869140625 0.00878143310546875 0.0819473266601563 0.0383071899414063
0.0791397094726562 -0.0549163818359375 0.0997467041015625 -0.0232086181640625
0.0276947021484375 -0.08050537109375 0.0606918334960938 -0.0742034912109375
-0.02960205078125 -0.0634536743164063 -0.00911712646484375 -0.0827789306640625
-0.0597114562988281 -0.0420112609863281 -0.0472831726074219 -0.0493202209472656
-0.0588226318359375 -0.0481491088867188 -0.0340251922607422 -0.0207328796386719
-0.0693321228027344 -0.0391197204589844 -0.0337390899658203 -0.00315856933593751
-0.0487174987792969 -0.0549964904785156 -0.0351600646972656 0.00632476806640624
-0.0139999389648438 -0.0826187133789063 -0.0388412475585938 0.00462722778320313
0.0439605712890625 -0.0897445678710937 -0.0571517944335938 -0.01605224609375
0.122489929199219 -0.0251083374023438 -0.0524864196777344 -0.0357551574707031
0.130752563476563 0.0425567626953125 -0.0528030395507813 -0.0578269958496094
0.112800598144531 0.125450134277344 -0.0481529235839844 -0.0473403930664062
0.0716400146484375 0.15399169921875 0.0658760070800781 -0.0177383422851562
0.0914154052734375 0.112846374511719 0.0332412719726563 0.0434112548828125
0.149642944335938 0.038330078125 0.0808029174804688 0.0577011108398438
0.109382629394531 -0.0503921508789062 0.0987701416015625 0.004150390625
0.0490188598632813 -0.0950164794921875 0.0695343017578125 -0.0454254150390625
-0.028411865234375 -0.0848388671875 0.00954818725585937 -0.0577774047851563
-0.067352294921875 -0.0569648742675781 -0.0201530456542969 -0.0316867828369141
-0.0672645568847656 -0.0611228942871094 -0.00824785232543946 -0.00595378875732422
-0.0814132690429688 -0.0495071411132812 -0.00812149047851563 0.0117597579956055
-0.0573616027832031 -0.0650825500488281 -0.0152797698974609 0.0266189575195312
-0.0172042846679688 -0.0959396362304688 -0.0253314971923828 0.0237312316894531
0.0480880737304687 -0.0967559814453125 -0.0511703491210937 0.00211715698242186
0.130165100097656 -0.0218963623046875 -0.0503692626953125 -0.0212211608886719
0.130218505859375 0.0509109497070313 -0.0319595336914062 -0.0440025329589844
0.100975036621094 0.134681701660156 -0.0212497711181641 -0.00499916076660155
0.040985107421875 0.143417358398438 0.083343505859375 0.0391159057617188
0.0656967163085938 0.121498107910156 0.0480117797851563 0.0734329223632813
0.136634826660156 0.0635833740234375 0.0711669921875 0.07232666015625
0.113815307617188 -0.031646728515625 0.0873031616210938 0.0304107666015625
0.0609512329101562 -0.08734130859375 0.0698623657226563 -0.012664794921875
-0.019256591796875 -0.0884628295898438 0.0252151489257812 -0.0265235900878906
-0.0630683898925781 -0.06219482421875 0.00932884216308593 -0.0117149353027344
-0.0641517639160156 -0.0648384094238281 0.0188636779785156 0.00887870788574218
-0.0801849365234375 -0.0557174682617187 0.0183277130126953 0.0262584686279297
-0.0545730590820313 -0.0697669982910156 0.0038299560546875 0.0453948974609375
-0.00625610351562501 -0.0966415405273438 -0.0140533447265625 0.0400238037109375
0.0585784912109375 -0.0850830078125 -0.0439643859863281 0.0144920349121094
0.123023986816406 -0.000823974609375 -0.0449943542480469 -0.014801025390625
0.102241516113281 0.071014404296875 -0.00710296630859374 -0.0318012237548828
0.0587997436523437 0.133308410644531 -0.000926971435546874 0.0347824096679688
-0.00299072265625 0.104270935058594 0.0841217041015625 0.0921249389648438
0.0199203491210938 0.103675842285156 0.0488357543945313 0.0989990234375
0.0888137817382813 0.0764236450195313 0.0493850708007813 0.081573486328125
0.0927352905273438 -0.0032196044921875 0.0656394958496094 0.0534172058105469
0.061065673828125 -0.0597801208496094 0.059722900390625 0.0202293395996094
-0.00514984130859375 -0.07562255859375 0.0365943908691406 0.00473785400390625
-0.0455207824707031 -0.0585861206054687 0.0336380004882813 0.00994873046875
-0.0510635375976562 -0.0593757629394531 0.0416030883789063 0.0238914489746094
-0.0638580322265625 -0.0575180053710938 0.0410575866699219 0.0422401428222656
-0.0410614013671875 -0.0667381286621094 0.0189399719238281 0.0637893676757813
0.0008544921875 -0.086395263671875 -0.00712966918945313 0.0565986633300781
0.0578689575195312 -0.0681037902832031 -0.0403938293457031 0.0296974182128906
0.104934692382813 0.0174179077148438 -0.0437049865722656 -0.00620269775390625
0.0730819702148438 0.0724334716796875 0.00750732421875001 -0.018463134765625
0.0262451171875 0.1107177734375 0.0126113891601562 0.0725326538085938
-0.0316238403320312 0.0475578308105469 0.0845108032226562 0.1202392578125
-0.0131454467773437 0.0631637573242187 0.0545425415039062 0.109786987304688
0.0381813049316406 0.0605545043945313 0.0375213623046875 0.0786972045898438
0.0546913146972656 0.0113868713378906 0.0511093139648438 0.0601234436035156
0.0434837341308594 -0.0304412841796875 0.0506591796875 0.0360832214355469
0.00212860107421875 -0.0505561828613281 0.0445098876953125 0.023040771484375
-0.02813720703125 -0.0415267944335937 0.0518989562988281 0.025482177734375
-0.0303077697753906 -0.0447807312011719 0.0578193664550781 0.0359420776367188
-0.0419197082519531 -0.0468711853027344 0.0584754943847656 0.05596923828125
-0.0252189636230469 -0.0534172058105469 0.0290603637695312 0.0808944702148438
0.0097198486328125 -0.0655555725097656 -0.0059814453125 0.0718994140625
0.0524139404296875 -0.042144775390625 -0.04229736328125 0.0406723022460938
0.074188232421875 0.032470703125 -0.0459976196289063 -0.00276184082031249
0.0303726196289063 0.0706253051757813 0.0155715942382813 -0.00470829010009765
-0.0150299072265625 0.0732879638671875 0.0126266479492188 0.101089477539063
0.0442008972167969 -0.0199089050292969 -0.0329513549804688 -0.113449096679687
0.00174713134765625 -0.042755126953125 -0.022369384765625 -0.00553131103515625
-0.0327243804931641 -0.0238246917724609 0.0524673461914062 0.0044708251953125
-0.0339889526367187 0.0121002197265625 0.0621109008789063 -0.0523605346679688
-0.0141201019287109 0.0321998596191406 0.0159072875976563 -0.0861358642578125
0.0145683288574219 0.0305004119873047 -0.0389785766601563 -0.0912399291992188
0.0156688690185547 0.0199680328369141 -0.077880859375 -0.0573654174804688
0.0091705322265625 0.0191669464111328 -0.0718841552734375 -0.0372543334960938
0.00798416137695313 0.0210590362548828 -0.0663719177246094 -0.0264244079589844
-0.00512790679931641 0.0175285339355469 -0.0560493469238281 -0.0322341918945313
-0.0186519622802734 0.00354385375976563 -0.0543022155761719 -0.0367546081542969
-0.0196800231933594 -0.0247402191162109 -0.0548439025878906 -0.0551795959472656
0.0145378112792969 -0.0368423461914063 -0.0398178100585938 -0.0796432495117188
0.0477027893066406 -0.021484375 -0.0681838989257813 -0.101264953613281
0.0606689453125 0.0010223388671875 -0.0934066772460938 -0.128303527832031
0.0748367309570313 0.0343399047851563 -0.0160980224609375 -0.117050170898438
0.0423049926757813 -0.0119056701660156 -0.0181980133056641 -0.00885772705078125
0.0183925628662109 -0.0259418487548828 0.0623054504394531 0.00927734375
-0.00473213195800781 -0.0161638259887695 0.0749969482421875 -0.0509033203125
-0.00916385650634766 -0.00525188446044922 0.0280227661132813 -0.0925521850585938
-0.00612401962280273 0.00269889831542969 -0.0357894897460937 -0.096954345703125
-0.0139808654785156 0.00159263610839844 -0.0781936645507813 -0.060821533203125
-0.0165805816650391 -0.00398731231689453 -0.0686302185058594 -0.0368614196777344
-0.0192413330078125 -0.001190185546875 -0.0649795532226563 -0.0242080688476563
-0.0171184539794922 -0.0109415054321289 -0.0559349060058594 -0.0265693664550781
-0.00997161865234375 -0.0275440216064453 -0.052703857421875 -0.0299263000488281
0.0128593444824219 -0.0456886291503906 -0.0562248229980469 -0.0482749938964844
0.0595245361328125 -0.0232658386230469 -0.0440711975097656 -0.0673980712890625
0.0811233520507813 0.0119705200195313 -0.0694503784179688 -0.0882949829101563
0.0867843627929688 0.056427001953125 -0.0850448608398438 -0.114036560058594
0.0915298461914063 0.0875930786132813 0.00947570800781251 -0.102020263671875
0.0761489868164063 0.03082275390625 -0.0049595832824707 -0.0015411376953125
0.0749969482421875 -0.0161361694335937 0.072967529296875 0.0196685791015625
0.0346412658691406 -0.0412712097167969 0.088409423828125 -0.0419158935546875
0.00459671020507812 -0.0456886291503906 0.0440750122070313 -0.0892791748046875
-0.0209312438964844 -0.0302524566650391 -0.025115966796875 -0.094818115234375
-0.0403060913085938 -0.0200080871582031 -0.0670433044433594 -0.0578804016113281
-0.0404472351074219 -0.027618408203125 -0.0552825927734375 -0.0308418273925781
-0.0460166931152344 -0.020904541015625 -0.0536155700683594 -0.0153656005859375
-0.0319633483886719 -0.0349674224853516 -0.0491142272949219 -0.0117835998535156
-0.0093231201171875 -0.0570564270019531 -0.0484771728515625 -0.0140724182128906
0.0324325561523438 -0.0689353942871094 -0.0592498779296875 -0.0341339111328125
0.0963592529296875 -0.0216751098632812 -0.0492134094238281 -0.0524864196777344
0.111000061035156 0.031463623046875 -0.0656356811523438 -0.0724029541015625
0.105506896972656 0.097625732421875 -0.070526123046875 -0.0841598510742188
0.0902252197265625 0.130821228027344 0.0375747680664063 -0.0668716430664062
0.0943374633789063 0.0765609741210938 0.013279914855957 0.0172157287597656
0.123947143554688 0.00606536865234375 0.0799026489257813 0.0370025634765625
0.0766754150390625 -0.0546646118164063 0.0975875854492188 -0.0226974487304688
0.025848388671875 -0.0779953002929688 0.0597305297851563 -0.0724411010742188
-0.028289794921875 -0.0615081787109375 -0.0086822509765625 -0.0809097290039063
-0.0580673217773438 -0.0407028198242188 -0.0463829040527344 -0.0473709106445313
-0.0581092834472656 -0.0464744567871094 -0.0342445373535156 -0.020355224609375
-0.067626953125 -0.0373077392578125 -0.0328521728515625 -0.00294685363769531
-0.0471534729003906 -0.0527496337890625 -0.0344944000244141 0.0067005157470703
-0.014495849609375 -0.07989501953125 -0.0391502380371094 0.00452804565429687
0.0414276123046875 -0.0883026123046875 -0.05780029296875 -0.0158195495605469
0.120002746582031 -0.025482177734375 -0.0515632629394531 -0.0351943969726562
0.128257751464844 0.0414505004882813 -0.0523300170898438 -0.05657958984375
0.112205505371094 0.12237548828125 -0.0480117797851562 -0.0458106994628906
0.071258544921875 0.149459838867188 0.0622367858886719 -0.0164604187011719
0.0906448364257813 0.109603881835938 0.0311965942382813 0.0443878173828125
0.147750854492188 0.03546142578125 0.0777587890625 0.0553741455078125
0.105850219726562 -0.0500946044921875 0.0964736938476563 0.00363922119140625
0.0472793579101563 -0.0932235717773437 0.0685844421386719 -0.0445327758789063
-0.027557373046875 -0.081634521484375 0.00877761840820312 -0.0560798645019531
-0.0656814575195313 -0.0548973083496094 -0.0200996398925781 -0.0313606262207031
-0.0666732788085938 -0.0592460632324219 -0.00831079483032227 -0.00610399246215821
-0.0799713134765625 -0.047515869140625 -0.00746250152587891 0.0110902786254883
-0.0562705993652344 -0.062347412109375 -0.0148983001708984 0.0267620086669922
-0.0176162719726563 -0.0927810668945312 -0.0255813598632812 0.0232582092285156
0.0457229614257813 -0.0957412719726563 -0.0508575439453125 0.00235366821289062
0.127738952636719 -0.0231552124023438 -0.04931640625 -0.0218887329101563
0.127670288085938 0.0501174926757812 -0.0318183898925781 -0.0438079833984375
0.101432800292969 0.131942749023437 -0.0202007293701172 -0.00471496582031249
0.0411376953125 0.139900207519531 0.080596923828125 0.0382537841796875
0.065216064453125 0.119560241699219 0.045684814453125 0.0730514526367188
0.134590148925781 0.0595855712890625 0.0682754516601563 0.0697250366210937
0.111671447753906 -0.0319747924804688 0.0852127075195313 0.029449462890625
0.0580368041992187 -0.0863418579101563 0.0680007934570313 -0.0117988586425781
-0.01971435546875 -0.0863265991210938 0.0256099700927734 -0.0253086090087891
-0.0620841979980469 -0.0599632263183594 0.00879287719726562 -0.0109281539916992
-0.0644683837890625 -0.0628814697265625 0.0191497802734375 0.00800895690917968
-0.0788497924804688 -0.0530242919921875 0.0185203552246094 0.0256919860839844
-0.0543899536132813 -0.0671806335449219 0.00365066528320312 0.0446929931640625
-0.00695037841796875 -0.0938568115234375 -0.0143775939941406 0.0396461486816406
0.0557937622070312 -0.0835494995117187 -0.0439987182617188 0.0137863159179687
0.121040344238281 -0.00235748291015625 -0.0439567565917969 -0.0147018432617187
0.100357055664063 0.068450927734375 -0.00765800476074218 -0.0320663452148437
0.0595016479492188 0.1304931640625 -0.000265121459960936 0.0342597961425781
-0.002227783203125 0.102302551269531 0.081329345703125 0.089935302734375
0.0199508666992187 0.101402282714844 0.0471038818359375 0.0968856811523437
0.0885009765625 0.0734100341796875 0.0466842651367188 0.07989501953125
0.090301513671875 -0.00284576416015625 0.0641670227050781 0.0525741577148437
0.0591278076171875 -0.0584030151367188 0.05908203125 0.0190582275390625
-0.0061492919921875 -0.0735397338867187 0.0362548828125 0.00524520874023437
-0.0447616577148438 -0.0565261840820312 0.033172607421875 0.00979042053222656
-0.0509376525878906 -0.0577735900878906 0.0414237976074219 0.02276611328125
-0.0631904602050781 -0.0546722412109375 0.04058837890625 0.0403327941894531
-0.0402603149414063 -0.064178466796875 0.0195236206054687 0.062591552734375
-0.000236511230468756 -0.0837936401367188 -0.00733184814453125 0.0548591613769531
0.055267333984375 -0.0674476623535156 -0.040679931640625 0.0286140441894531
0.103408813476563 0.0161972045898438 -0.0432853698730469 -0.00701522827148437
0.0720291137695313 0.0709762573242187 0.00672721862792969 -0.0189628601074219
0.0276565551757813 0.107986450195313 0.0134315490722656 0.070159912109375
-0.0310287475585938 0.0464096069335937 0.082763671875 0.116905212402344
-0.0132865905761719 0.0621337890625 0.0527496337890625 0.107154846191406
0.0386810302734375 0.0591697692871094 0.0357818603515625 0.077301025390625
0.0535316467285156 0.0108375549316406 0.0493736267089844 0.0593070983886719
0.0418777465820313 -0.0303077697753906 0.0497932434082031 0.0349388122558594
0.00146102905273438 -0.0488090515136719 0.0444717407226563 0.02276611328125
-0.0273933410644531 -0.0402145385742188 0.0512046813964844 0.0245780944824219
-0.030548095703125 -0.044403076171875 0.0571365356445312 0.0340957641601562
-0.0425453186035156 -0.0449676513671875 0.0587120056152344 0.0541191101074219
-0.0250625610351563 -0.05157470703125 0.0292282104492187 0.0789718627929687
0.00909805297851563 -0.0634002685546875 -0.00593566894531251 0.0706405639648438
0.0507621765136719 -0.0423851013183594 -0.0421409606933594 0.0394668579101563
0.073760986328125 0.0311279296875 -0.0449180603027344 -0.002716064453125
0.0303611755371094 0.0689697265625 0.0139923095703125 -0.00542068481445312
-0.0137252807617187 0.0711593627929688 0.0135040283203125 0.0982818603515625
0.0433998107910156 -0.0193977355957031 -0.0316543579101563 -0.111900329589844
0.002197265625 -0.042999267578125 -0.0229511260986328 -0.00510215759277344
-0.0323905944824219 -0.0236759185791016 0.0525627136230469 0.00505447387695312
-0.0334987640380859 0.0130138397216797 0.0629539489746094 -0.0512046813964844
-0.0133819580078125 0.0322055816650391 0.0174331665039063 -0.0862045288085938
0.0144557952880859 0.0294361114501953 -0.0381240844726562 -0.0916290283203125
0.0157260894775391 0.0189266204833984 -0.0777435302734375 -0.0579452514648437
0.00916290283203125 0.0190200805664063 -0.0727157592773438 -0.0376129150390625
0.00817489624023437 0.0208225250244141 -0.0675506591796875 -0.0259475708007812
-0.00520801544189453 0.0167417526245117 -0.056671142578125 -0.0330696105957031
-0.0178642272949219 0.00383567810058594 -0.0545005798339844 -0.0379829406738281
-0.0192489624023438 -0.0245227813720703 -0.0543403625488281 -0.0555915832519531
0.0145912170410156 -0.0363731384277344 -0.0383377075195312 -0.0803298950195313
0.0477256774902344 -0.0215530395507813 -0.0660858154296875 -0.100677490234375
0.0607757568359375 0.00127410888671875 -0.0913314819335938 -0.128250122070313
0.0740127563476563 0.0344161987304688 -0.015625 -0.115646362304687
0.042236328125 -0.0111198425292969 -0.017913818359375 -0.00730514526367187
0.0181159973144531 -0.0264186859130859 0.0622711181640625 0.00994110107421875
-0.00459003448486328 -0.0149927139282227 0.0762176513671875 -0.0505905151367188
-0.00870847702026367 -0.00555181503295898 0.0298690795898438 -0.091766357421875
-0.00499439239501953 0.00195932388305664 -0.0350189208984375 -0.0980911254882813
-0.0137062072753906 0.000685691833496096 -0.0783538818359375 -0.0607757568359375
-0.0169553756713867 -0.00396442413330078 -0.0692634582519531 -0.0374259948730469
-0.0192699432373047 -0.00161361694335938 -0.0657196044921875 -0.0241432189941406
-0.0165205001831055 -0.0114517211914063 -0.0570106506347656 -0.0268630981445312
-0.00940895080566406 -0.0281333923339844 -0.0531768798828125 -0.0307159423828125
0.0129470825195312 -0.0445175170898438 -0.0570297241210938 -0.0487213134765625
0.058990478515625 -0.0222702026367188 -0.0420761108398437 -0.0684356689453125
0.08135986328125 0.0125274658203125 -0.0684280395507813 -0.0884628295898438
0.0861053466796875 0.0566482543945313 -0.0840225219726562 -0.114105224609375
0.0904693603515625 0.0883560180664063 0.00954437255859376 -0.101081848144531
0.0760421752929688 0.0316619873046875 -0.00562286376953125 -4.91142272949188E-05
0.0756454467773438 -0.0162734985351563 0.0724411010742188 0.0214004516601563
0.0348968505859375 -0.0405464172363281 0.089569091796875 -0.040313720703125
0.00533294677734375 -0.0455055236816406 0.0454025268554688 -0.0887908935546875
-0.020477294921875 -0.0308837890625 -0.0242462158203125 -0.0957260131835937
-0.0395050048828125 -0.0207099914550781 -0.0668411254882812 -0.058135986328125
-0.0410232543945313 -0.0271148681640625 -0.0559883117675781 -0.03125
-0.04541015625 -0.0207290649414063 -0.0539512634277344 -0.0155677795410156
-0.0318470001220703 -0.0350017547607422 -0.0500259399414062 -0.0122528076171875
-0.00873184204101562 -0.056976318359375 -0.0496902465820313 -0.0150184631347656
0.0328598022460938 -0.0682487487792969 -0.0609130859375 -0.0342559814453125
0.096832275390625 -0.020599365234375 -0.0486602783203125 -0.0528411865234375
0.110450744628906 0.032958984375 -0.0649795532226562 -0.0724868774414063
0.105621337890625 0.0980300903320313 -0.0693740844726563 -0.0845718383789063
0.088348388671875 0.130500793457031 0.0376205444335937 -0.0655288696289062
0.0934219360351563 0.0780487060546875 0.0118827819824219 0.0186042785644531
0.124481201171875 0.00681304931640625 0.0779342651367188 0.03802490234375
0.0762252807617188 -0.053466796875 0.098419189453125 -0.0204315185546875
0.0264968872070313 -0.0777130126953125 0.060943603515625 -0.071441650390625
-0.027130126953125 -0.0610771179199219 -0.00746154785156251 -0.0810089111328125
-0.0578117370605469 -0.0405197143554688 -0.046295166015625 -0.0475006103515625
-0.0584182739257812 -0.0475196838378906 -0.0340080261230469 -0.0202617645263672
-0.0674400329589844 -0.0370254516601563 -0.0336036682128906 -0.00302696228027344
-0.0468826293945313 -0.0523757934570313 -0.0355224609375 0.00688552856445313
-0.0135040283203125 -0.07940673828125 -0.0399627685546875 0.00336074829101562
0.041412353515625 -0.0872421264648437 -0.058807373046875 -0.0165939331054688
0.12042236328125 -0.0252838134765625 -0.051055908203125 -0.0365104675292969
0.127723693847656 0.0427703857421875 -0.0519065856933594 -0.0569000244140625
0.111846923828125 0.122688293457031 -0.0471343994140625 -0.0464248657226563
0.0697784423828125 0.149322509765625 0.0612754821777344 -0.0151290893554687
0.089813232421875 0.110824584960938 0.0292396545410156 0.0454597473144531
0.147140502929688 0.0354766845703125 0.0762481689453125 0.0559616088867188
0.106330871582031 -0.0490951538085938 0.097381591796875 0.00550079345703125
0.0468368530273438 -0.0925445556640625 0.069305419921875 -0.0436363220214844
-0.02630615234375 -0.0814743041992188 0.0104141235351562 -0.0560111999511719
-0.0650367736816406 -0.0545120239257812 -0.0195808410644531 -0.0310134887695313
-0.0677871704101562 -0.0595474243164063 -0.00790596008300782 -0.00735902786254883
-0.0795669555664062 -0.0468978881835938 -0.00748348236083985 0.0110673904418945
-0.055755615234375 -0.0624618530273437 -0.015655517578125 0.0255699157714844
-0.0168838500976563 -0.0914993286132813 -0.0270271301269531 0.0229358673095703
0.0458526611328125 -0.0948867797851562 -0.0527572631835938 0.00116348266601561
0.128318786621094 -0.022979736328125 -0.0483245849609375 -0.0226478576660156
0.126693725585938 0.0503463745117188 -0.0319557189941406 -0.0438957214355469
0.100700378417969 0.132087707519531 -0.0209007263183594 -0.00479125976562499
0.0402297973632813 0.139884948730469 0.0785980224609375 0.0394363403320313
0.0638275146484375 0.119964599609375 0.0432662963867188 0.0747146606445313
0.134330749511719 0.0600433349609375 0.0660400390625 0.0711288452148438
0.110755920410156 -0.0304946899414063 0.08544921875 0.0308914184570312
0.0583953857421875 -0.0849533081054688 0.0682640075683594 -0.0108833312988281
-0.018463134765625 -0.08599853515625 0.0265350341796875 -0.02490234375
-0.0612983703613281 -0.0593910217285156 0.00904178619384765 -0.0110549926757813
-0.0640830993652344 -0.0633583068847656 0.0189857482910156 0.00754928588867187
-0.0794754028320313 -0.0526275634765625 0.0194854736328125 0.0252513885498047
-0.0526771545410156 -0.0661735534667969 0.00412368774414063 0.0444717407226563
-0.00734710693359375 -0.093048095703125 -0.0162086486816406 0.0387763977050781
0.05499267578125 -0.0838699340820313 -0.0451774597167969 0.012969970703125
0.121871948242188 -0.00246429443359375 -0.04351806640625 -0.0149459838867188
0.099822998046875 0.0698623657226563 -0.00836944580078125 -0.0325164794921875
0.0593032836914063 0.131202697753906 -0.000591278076171871 0.0337257385253906
-0.00331878662109374 0.101646423339844 0.0796356201171875 0.0905075073242187
0.01953125 0.10205078125 0.044586181640625 0.0984039306640625
0.087860107421875 0.073394775390625 0.0448837280273438 0.0804519653320313
0.0902633666992188 -0.00202178955078125 0.0636138916015625 0.0539932250976563
0.0595016479492188 -0.0581474304199219 0.0590629577636719 0.0201339721679688
-0.00493621826171876 -0.0735931396484375 0.036895751953125 0.00614547729492187
-0.0443916320800781 -0.0562705993652344 0.0341663360595703 0.00958251953124999
-0.0509834289550781 -0.05828857421875 0.0407600402832031 0.0219497680664063
-0.0630569458007812 -0.05413818359375 0.0404014587402344 0.0404396057128906
-0.0400314331054688 -0.0640411376953125 0.0189247131347656 0.0624427795410156
-0.000549316406250007 -0.0833892822265625 -0.00862884521484375 0.054779052734375
0.0550308227539063 -0.0672683715820313 -0.0417594909667969 0.0272102355957031
0.103973388671875 0.015472412109375 -0.0425376892089844 -0.00770950317382813
0.0725021362304688 0.0713424682617188 0.00635719299316407 -0.0196743011474609
0.0272979736328125 0.107841491699219 0.0122833251953125 0.068878173828125
-0.0311431884765625 0.0460853576660156 0.0815277099609375 0.117874145507812
-0.0131072998046875 0.0622749328613281 0.0506057739257813 0.107315063476562
0.0378608703613281 0.0592231750488281 0.0336761474609375 0.0780258178710938
0.0527420043945313 0.0110511779785156 0.0494728088378906 0.0607528686523438
0.0418663024902344 -0.03021240234375 0.04949951171875 0.0361213684082031
0.0012664794921875 -0.0495834350585937 0.044647216796875 0.0246963500976562
-0.0274887084960938 -0.0402412414550781 0.0516014099121094 0.0251121520996094
-0.0303993225097656 -0.0439338684082031 0.057464599609375 0.0337333679199219
-0.0423011779785156 -0.0444831848144531 0.0586433410644531 0.0532188415527344
-0.0249557495117188 -0.0512771606445313 0.02984619140625 0.0785293579101562
0.00860595703125 -0.06341552734375 -0.00770568847656249 0.0701332092285156
0.0501861572265625 -0.041748046875 -0.0428123474121094 0.0385322570800781
0.0740127563476563 0.0311508178710938 -0.0449676513671875 -0.00435256958007811
0.0303764343261719 0.0692520141601563 0.014307975769043 -0.00715827941894531
-0.0143814086914063 0.07147216796875 0.0113601684570312 0.0968017578125
0.0441741943359375 -0.0195198059082031 -0.0324249267578125 -0.114295959472656
0.00185012817382813 -0.044036865234375 -0.0235099792480469 -0.00419807434082031
-0.0337085723876953 -0.0246829986572266 0.0537681579589844 0.00579452514648437
-0.0341777801513672 0.0138759613037109 0.0653915405273438 -0.0519218444824219
-0.0130443572998047 0.033782958984375 0.0191726684570312 -0.0885543823242188
0.0148811340332031 0.0296840667724609 -0.0388717651367188 -0.0949554443359375
0.0155582427978516 0.0191669464111328 -0.080078125 -0.0590286254882813
0.00955581665039063 0.0195121765136719 -0.0750656127929688 -0.0379257202148437
0.00841140747070313 0.0205173492431641 -0.069854736328125 -0.0260848999023438
-0.00477886199951172 0.0168867111206055 -0.0586624145507812 -0.0342826843261719
-0.0179843902587891 0.00355911254882813 -0.0560531616210937 -0.0398597717285156
-0.0200023651123047 -0.0247764587402344 -0.0557136535644531 -0.0574226379394531
0.0148582458496094 -0.0362205505371094 -0.0385665893554687 -0.0828704833984375
0.0492782592773437 -0.02142333984375 -0.0669021606445313 -0.102828979492188
0.0617828369140625 0.000797271728515625 -0.092498779296875 -0.132041931152344
0.074981689453125 0.035430908203125 -0.0153732299804688 -0.117805480957031
0.0434150695800781 -0.0116920471191406 -0.0186500549316406 -0.00651168823242188
0.0187892913818359 -0.027374267578125 0.0629997253417969 0.0107612609863281
-0.00520992279052734 -0.0156488418579102 0.0779495239257812 -0.050872802734375
-0.00893974304199219 -0.00485515594482422 0.0318222045898438 -0.09429931640625
-0.00475120544433594 0.00156927108764648 -0.0359268188476562 -0.101531982421875
-0.0139713287353516 0.000467300415039061 -0.0798492431640625 -0.0622177124023438
-0.0176353454589844 -0.00467300415039063 -0.0721817016601562 -0.0369873046875
-0.0194568634033203 -0.00116348266601562 -0.0677642822265625 -0.0241203308105469
-0.0168266296386719 -0.0113954544067383 -0.0589179992675781 -0.0280113220214844
-0.00856971740722656 -0.0282745361328125 -0.0548286437988281 -0.0320320129394531
0.0130958557128906 -0.0454444885253906 -0.0588607788085937 -0.0507888793945313
0.0612373352050781 -0.0224151611328125 -0.0433845520019531 -0.0701332092285156
0.0829086303710938 0.0139617919921875 -0.0685501098632812 -0.090545654296875
0.0880889892578125 0.058013916015625 -0.0849456787109375 -0.116912841796875
0.0915069580078125 0.0904083251953125 0.00940704345703125 -0.102386474609375
0.077911376953125 0.0323104858398438 -0.00652551651000976 0.00132465362548828
0.076690673828125 -0.0173416137695313 0.0728683471679688 0.022491455078125
0.0351982116699219 -0.0415878295898438 0.0920181274414063 -0.0403594970703125
0.00498199462890625 -0.0465736389160156 0.0475234985351563 -0.0907135009765625
-0.0199146270751953 -0.0307807922363281 -0.0247344970703125 -0.0982284545898438
-0.0405921936035156 -0.0211296081542969 -0.0694198608398438 -0.0589065551757813
-0.0427093505859375 -0.0281715393066406 -0.0577392578125 -0.0319900512695312
-0.0464973449707031 -0.0211448669433594 -0.0556716918945312 -0.0151710510253906
-0.0321083068847656 -0.036285400390625 -0.0514335632324219 -0.0127296447753906
-0.00791549682617187 -0.0581550598144531 -0.0514411926269531 -0.0159950256347656
0.033294677734375 -0.0698165893554688 -0.0629920959472656 -0.0359230041503906
0.0992050170898438 -0.0209808349609375 -0.0494880676269531 -0.0553665161132812
0.112709045410156 0.0340347290039063 -0.0658035278320313 -0.0743255615234375
0.1082763671875 0.100883483886719 -0.07049560546875 -0.0867919921875
0.0895538330078125 0.133918762207031 0.0372047424316406 -0.0658798217773437
0.096221923828125 0.080352783203125 0.01055908203125 0.0206470489501953
0.127235412597656 0.00579833984375 0.0786819458007813 0.0390625
0.0783538818359375 -0.0549697875976563 0.100875854492188 -0.0203323364257813
0.0266876220703125 -0.0797195434570312 0.0634536743164063 -0.072784423828125
-0.0278091430664063 -0.0623893737792969 -0.00667572021484375 -0.0832977294921875
-0.0583343505859375 -0.0415573120117188 -0.0476760864257813 -0.0486259460449219
-0.0615768432617188 -0.0486526489257813 -0.0355148315429688 -0.0218887329101563
-0.0691795349121094 -0.0373954772949219 -0.0350208282470703 -0.00253677368164062
-0.0474319458007813 -0.0531349182128906 -0.0369682312011719 0.00671005249023436
-0.0138931274414062 -0.0809783935546875 -0.0418281555175781 0.00334930419921875
0.041900634765625 -0.0895614624023438 -0.0616607666015625 -0.0172691345214844
0.123611450195313 -0.0254669189453125 -0.0517997741699219 -0.0387954711914062
0.130226135253906 0.0443572998046875 -0.0526924133300781 -0.0594711303710938
0.115325927734375 0.126296997070313 -0.0484542846679687 -0.0471115112304688
0.071319580078125 0.153045654296875 0.0616683959960938 -0.0137672424316406
0.0918960571289063 0.114051818847656 0.0284385681152344 0.0485420227050781
0.150283813476562 0.03564453125 0.0769424438476563 0.05804443359375
0.107810974121094 -0.0499343872070313 0.0996475219726563 0.006439208984375
0.048187255859375 -0.0950927734375 0.0717086791992188 -0.0445709228515625
-0.0269393920898437 -0.0827102661132813 0.011322021484375 -0.0572891235351563
-0.0660972595214844 -0.0559272766113281 -0.019683837890625 -0.0316486358642578
-0.0705413818359375 -0.0610885620117188 -0.00840091705322266 -0.00710916519165039
-0.0816802978515625 -0.0466690063476562 -0.0077810287475586 0.0106849670410156
-0.0559005737304688 -0.0633811950683594 -0.0161800384521484 0.0271091461181641
-0.0177383422851562 -0.0935440063476563 -0.0289535522460937 0.0228252410888672
0.0459365844726563 -0.0976104736328125 -0.0560035705566406 0.00152206420898438
0.132156372070313 -0.023956298828125 -0.0498733520507812 -0.0246696472167969
0.129585266113281 0.0523910522460938 -0.0331878662109375 -0.0447349548339844
0.103813171386719 0.134963989257813 -0.0216274261474609 -0.00511932373046874
0.0400238037109375 0.142669677734375 0.079742431640625 0.041656494140625
0.06597900390625 0.123405456542969 0.0426254272460938 0.0766830444335938
0.137893676757813 0.0612030029296875 0.06634521484375 0.0739059448242187
0.11358642578125 -0.0313873291015625 0.0874557495117188 0.0333938598632813
0.0593490600585938 -0.0886993408203125 0.0705795288085938 -0.011199951171875
-0.018585205078125 -0.0876617431640625 0.0280857086181641 -0.0248222351074219
-0.0629005432128906 -0.0605201721191406 0.00991535186767578 -0.0114612579345703
-0.0677719116210938 -0.064666748046875 0.0195083618164062 0.00687217712402343
-0.0810546875 -0.052764892578125 0.0191135406494141 0.0253219604492187
-0.0539398193359375 -0.0671424865722656 0.0042572021484375 0.0456619262695312
-0.00714874267578126 -0.0943984985351563 -0.0170555114746094 0.0385475158691406
0.0556488037109375 -0.0854873657226563 -0.0482406616210938 0.0125007629394531
0.12518310546875 -0.00330352783203125 -0.0447845458984375 -0.0170974731445313
0.102760314941406 0.0719070434570313 -0.00829124450683593 -0.0346355438232422
0.0613784790039063 0.133811950683594 -0.000894546508789058 0.0335922241210938
-0.00377655029296876 0.103538513183594 0.0805282592773438 0.0932693481445313
0.019500732421875 0.105209350585938 0.044677734375 0.10089111328125
0.0896072387695313 0.0757064819335938 0.043975830078125 0.0829391479492188
0.0921554565429687 -0.00199127197265625 0.0651626586914063 0.0564651489257812
0.06072998046875 -0.0601348876953125 0.0608444213867188 0.0217666625976563
-0.00471496582031249 -0.0753936767578125 0.0391464233398438 0.007232666015625
-0.0459442138671875 -0.0574836730957031 0.0350437164306641 0.00929069519042968
-0.0544052124023438 -0.0599479675292969 0.0428886413574219 0.021636962890625
-0.0650367736816406 -0.0549468994140625 0.0418624877929687 0.0408782958984375
-0.0417823791503906 -0.06427001953125 0.0194740295410156 0.0635108947753906
-0.00141906738281251 -0.084686279296875 -0.0101165771484375 0.0561676025390625
0.055908203125 -0.0685997009277344 -0.0442314147949219 0.0276412963867188
0.106544494628906 0.0153961181640625 -0.0432357788085937 -0.00919723510742186
0.0740280151367188 0.0732269287109375 0.00610542297363282 -0.0213394165039062
0.0284271240234375 0.110275268554688 0.01226806640625 0.0706100463867188
-0.032928466796875 0.0471420288085938 0.0815887451171875 0.121200561523438
-0.0140953063964844 0.0635490417480469 0.050445556640625 0.111190795898438
0.0385780334472656 0.0605926513671875 0.0328903198242188 0.0807723999023438
0.0548858642578125 0.0121040344238281 0.0495986938476562 0.0633277893066406
0.0436210632324219 -0.03143310546875 0.0504951477050781 0.0376358032226563
0.00150299072265625 -0.050628662109375 0.0468025207519531 0.0257148742675781
-0.0285606384277344 -0.04107666015625 0.0536155700683594 0.0243034362792969
-0.0321769714355469 -0.0453414916992187 0.0594215393066406 0.0334968566894531
-0.044647216796875 -0.0453033447265625 0.0604171752929688 0.053375244140625
-0.0260772705078125 -0.0524330139160156 0.029876708984375 0.0804214477539062
0.00832366943359375 -0.0646896362304688 -0.0089263916015625 0.0717849731445313
0.0511360168457031 -0.0434532165527344 -0.0453414916992187 0.0388870239257813
0.076019287109375 0.0308456420898438 -0.0461502075195312 -0.00515365600585937
0.0315093994140625 0.0707855224609375 0.0139007568359375 -0.00810623168945312
-0.0142135620117187 0.072845458984375 0.0116348266601562 0.0986328125
0.0448799133300781 -0.0198478698730469 -0.03546142578125 -0.116302490234375
0.000476837158203125 -0.0455589294433594 -0.0249214172363281 -0.00238227844238282
-0.0358505249023438 -0.0253753662109375 0.0549659729003906 0.0061187744140625
-0.0348606109619141 0.0155982971191406 0.0672607421875 -0.0548477172851563
-0.0120429992675781 0.03546142578125 0.01953125 -0.0920333862304688
0.0164318084716797 0.0294246673583984 -0.04248046875 -0.0978927612304688
0.0162448883056641 0.019073486328125 -0.0846710205078125 -0.0586090087890625
0.00937461853027344 0.0190925598144531 -0.0792312622070313 -0.0365676879882812
0.0086822509765625 0.0209388732910156 -0.0731582641601563 -0.024627685546875
-0.00444602966308594 0.0170698165893555 -0.0618324279785156 -0.0342369079589844
-0.0189876556396484 0.00388717651367188 -0.0598716735839844 -0.0403022766113281
-0.0217018127441406 -0.0245895385742187 -0.059051513671875 -0.0579910278320313
0.0149765014648437 -0.037750244140625 -0.0403671264648438 -0.08502197265625
0.0508193969726563 -0.0237770080566406 -0.0698699951171875 -0.105209350585938
0.0640029907226563 -0.00057220458984375 -0.0978927612304687 -0.134895324707031
0.0776443481445312 0.0362548828125 -0.01904296875 -0.1201171875
0.0439605712890625 -0.0129661560058594 -0.0203208923339844 -0.00472831726074219
0.0181541442871094 -0.0289878845214844 0.0642166137695313 0.0109481811523437
-0.00520515441894531 -0.0151453018188477 0.0804519653320313 -0.0526123046875
-0.00839328765869141 -0.00438165664672851 0.0324325561523438 -0.0985183715820312
-0.00507354736328125 0.00132560729980469 -0.03887939453125 -0.104888916015625
-0.0145759582519531 0.000201225280761717 -0.0842056274414063 -0.0622329711914062
-0.0188999176025391 -0.00437545776367187 -0.0761871337890625 -0.0369338989257813
-0.0200023651123047 -0.00144767761230469 -0.0716934204101563 -0.0233230590820312
-0.0169124603271484 -0.0123205184936523 -0.0615882873535156 -0.0274772644042969
-0.00900459289550781 -0.0289974212646484 -0.0585136413574219 -0.0323486328125
0.011871337890625 -0.0472908020019531 -0.0621185302734375 -0.0510368347167969
0.0626068115234375 -0.0236434936523437 -0.0456008911132812 -0.0723876953125
0.0859756469726562 0.0128097534179687 -0.0723800659179687 -0.0915908813476563
0.0926513671875 0.0575180053710938 -0.0902862548828125 -0.118995666503906
0.09600830078125 0.0921401977539062 0.00650787353515626 -0.104515075683594
0.081329345703125 0.0325851440429687 -0.00820064544677734 0.00304841995239258
0.0789566040039062 -0.0205764770507813 0.0748443603515625 0.0227890014648438
0.0357742309570313 -0.0426559448242188 0.0954132080078125 -0.0435638427734375
0.00467681884765625 -0.0474090576171875 0.0489425659179687 -0.0952911376953125
-0.0208854675292969 -0.0311203002929688 -0.0268783569335937 -0.101509094238281
-0.0422248840332031 -0.0214653015136719 -0.0725936889648437 -0.0592498779296875
-0.0454673767089844 -0.0281982421875 -0.0613899230957031 -0.0316505432128906
-0.0487785339355469 -0.0215110778808594 -0.0590476989746094 -0.0145034790039063
-0.0334930419921875 -0.0367164611816406 -0.0543479919433594 -0.0116996765136719
-0.00924682617187501 -0.0595817565917969 -0.054534912109375 -0.0156326293945313
0.0323715209960938 -0.0723800659179687 -0.0673141479492188 -0.0358428955078125
0.102104187011719 -0.0238800048828125 -0.0513648986816406 -0.0569229125976563
0.117050170898438 0.0333786010742188 -0.0691452026367188 -0.0752410888671875
0.114463806152344 0.101425170898438 -0.0748062133789063 -0.087615966796875
0.0950469970703125 0.136985778808594 0.0356979370117188 -0.0673942565917969
0.101799011230469 0.0807571411132813 0.0101051330566406 0.0222244262695313
0.131340026855469 0.00196075439453125 0.0806808471679688 0.03948974609375
0.0794906616210937 -0.05804443359375 0.104606628417969 -0.0224227905273438
0.0252685546875 -0.0830764770507812 0.065277099609375 -0.0767440795898438
-0.0294113159179687 -0.0640678405761719 -0.00844573974609374 -0.0864105224609375
-0.0615119934082031 -0.0412445068359375 -0.0508995056152344 -0.0481834411621094
-0.0653076171875 -0.0484237670898438 -0.0385246276855469 -0.0213623046875
-0.0718841552734375 -0.036773681640625 -0.0371551513671875 -0.0025634765625
-0.0491294860839844 -0.0540580749511719 -0.0382652282714844 0.00807952880859374
-0.0154495239257813 -0.0829696655273438 -0.0443687438964844 0.00410079956054688
0.0417098999023438 -0.0933609008789063 -0.0659828186035156 -0.0165214538574219
0.127593994140625 -0.0299224853515625 -0.0540122985839844 -0.0404167175292969
0.13604736328125 0.0429763793945312 -0.0560340881347656 -0.0597267150878906
0.123390197753906 0.127662658691406 -0.0510978698730469 -0.0480537414550781
0.074859619140625 0.157669067382813 0.0623893737792969 -0.0149307250976562
0.0980911254882813 0.116844177246094 0.0285758972167969 0.0505943298339844
0.15667724609375 0.033660888671875 0.078216552734375 0.0594482421875
0.110260009765625 -0.0536117553710938 0.103851318359375 0.00502777099609375
0.0472183227539063 -0.0992889404296875 0.0746002197265625 -0.0469284057617188
-0.0290603637695313 -0.08599853515625 0.0119132995605469 -0.0589370727539063
-0.0700531005859375 -0.0559883117675781 -0.0212173461914063 -0.0315780639648438
-0.0753707885742187 -0.0613021850585938 -0.0104837417602539 -0.00837039947509766
-0.085479736328125 -0.047149658203125 -0.00895118713378907 0.0112161636352539
-0.0587921142578125 -0.0637664794921875 -0.0162220001220703 0.0286884307861328
-0.0204238891601562 -0.095733642578125 -0.0305919647216797 0.0233078002929687
0.0456161499023438 -0.101325988769531 -0.0587921142578125 0.00241088867187499
0.136383056640625 -0.0284805297851563 -0.0515708923339844 -0.0259590148925781
0.135322570800781 0.051544189453125 -0.0350875854492188 -0.0467338562011719
0.111656188964844 0.136940002441406 -0.0227546691894531 -0.00571250915527343
0.04351806640625 0.146408081054688 0.0813674926757813 0.0420379638671875
0.070648193359375 0.126258850097656 0.044403076171875 0.0795745849609375
0.143478393554688 0.05908203125 0.0681533813476563 0.07470703125
0.116233825683594 -0.0340957641601563 0.091064453125 0.0335235595703125
0.0599746704101563 -0.0922470092773438 0.0733108520507813 -0.011993408203125
-0.0216293334960937 -0.0908050537109375 0.0293560028076172 -0.0260524749755859
-0.0657386779785156 -0.0614509582519531 0.00980281829833984 -0.0121679306030273
-0.0717849731445313 -0.0650787353515625 0.0193996429443359 0.00570869445800781
-0.0851364135742188 -0.0525131225585938 0.0198268890380859 0.0250358581542969
-0.0570068359375 -0.0687522888183594 0.00530242919921875 0.0473823547363281
-0.0102157592773438 -0.0963287353515625 -0.01824951171875 0.0402336120605469
0.0552444458007813 -0.0896453857421875 -0.0512504577636719 0.014251708984375
0.1295166015625 -0.0074462890625 -0.0468330383300781 -0.0178947448730469
0.107765197753906 0.0718231201171875 -0.00952911376953125 -0.0356559753417969
0.0674285888671875 0.136604309082031 -0.00053787231445312 0.0346279144287109
-0.002593994140625 0.106849670410156 0.0828094482421875 0.0952682495117188
0.022216796875 0.108085632324219 0.0460662841796875 0.103065490722656
0.09539794921875 0.0743026733398438 0.0454635620117188 0.0855941772460938
0.094512939453125 -0.00408172607421875 0.0680961608886719 0.0575828552246094
0.0613517761230469 -0.0641250610351563 0.0633430480957031 0.0214157104492187
-0.0067901611328125 -0.0774765014648438 0.0416145324707031 0.00746536254882812
-0.0488357543945313 -0.0576515197753906 0.0368766784667969 0.00908279418945312
-0.0582046508789063 -0.0602035522460937 0.0443954467773437 0.0209579467773437
-0.0692100524902344 -0.0545806884765625 0.0443572998046875 0.0404243469238281
-0.0439567565917969 -0.0652008056640625 0.0215606689453125 0.0659370422363281
-0.003387451171875 -0.087188720703125 -0.0105209350585937 0.0574913024902344
0.0551605224609375 -0.0727615356445313 -0.0464630126953125 0.0291976928710938
0.111404418945312 0.0129928588867188 -0.0446853637695312 -0.00975418090820313
0.0785293579101562 0.0740585327148437 0.00550079345703125 -0.0238056182861328
0.0318069458007813 0.112892150878906 0.0134429931640625 0.0718917846679688
-0.0327568054199219 0.0489768981933594 0.0851211547851563 0.123374938964844
-0.0135231018066406 0.0662384033203125 0.0531539916992187 0.113113403320312
0.0422897338867188 0.0605201721191406 0.0342636108398438 0.0834426879882813
0.0565910339355469 0.0119209289550781 0.0528030395507812 0.0643653869628906
0.0436172485351563 -0.0338020324707031 0.0534324645996094 0.0380630493164063
-0.000408172607421876 -0.0520782470703125 0.0501022338867187 0.0263519287109375
-0.0300750732421875 -0.0413398742675781 0.0562629699707031 0.0237922668457031
-0.0355300903320313 -0.0465850830078125 0.0622749328613281 0.0320892333984375
-0.0477180480957031 -0.0450172424316406 0.0639266967773438 0.0535850524902344
-0.02825927734375 -0.0529899597167969 0.0332870483398438 0.0826568603515625
0.00696945190429688 -0.0662689208984375 -0.00873565673828124 0.0738754272460938
0.0505867004394531 -0.0460739135742188 -0.0468177795410156 0.0396842956542969
0.0800552368164062 0.0293960571289062 -0.0476303100585937 -0.00504684448242187
0.0346298217773437 0.07232666015625 0.0140295028686523 -0.0103912353515625
-0.01348876953125 0.0750579833984375 0.0133132934570312 0.10113525390625
0.0457496643066406 -0.0218391418457031 -0.0409088134765625 -0.1165771484375
-0.00181961059570313 -0.0468330383300781 -0.0254192352294922 -0.000665664672851568
-0.0382080078125 -0.0240135192871094 0.0564994812011719 0.00545501708984375
-0.0345382690429688 0.0176563262939453 0.0666770935058594 -0.0577888488769531
-0.0104866027832031 0.0364532470703125 0.0169906616210938 -0.0951004028320313
0.0176639556884766 0.0287857055664063 -0.0478591918945312 -0.0988311767578125
0.0169544219970703 0.0183792114257813 -0.0892410278320313 -0.0568466186523437
0.0102272033691406 0.0191936492919922 -0.0836334228515625 -0.0330886840820313
0.010040283203125 0.0206737518310547 -0.0762481689453125 -0.0212249755859375
-0.00320529937744141 0.017369270324707 -0.066253662109375 -0.0331306457519531
-0.0185546875 0.00420188903808594 -0.0635299682617187 -0.0392646789550781
-0.0231513977050781 -0.0240364074707031 -0.0624847412109375 -0.0570144653320313
0.0140266418457031 -0.038665771484375 -0.0432968139648438 -0.0854339599609375
0.05120849609375 -0.0268592834472656 -0.0740203857421875 -0.104660034179688
0.064971923828125 -0.00296783447265625 -0.104461669921875 -0.133445739746094
0.080810546875 0.0342330932617188 -0.0238418579101562 -0.121284484863281
0.0448684692382813 -0.0152091979980469 -0.0210247039794922 -0.00302696228027344
0.0171585083007812 -0.0306224822998047 0.0658226013183594 0.00988006591796875
-0.00550079345703125 -0.0147294998168945 0.0804901123046875 -0.0572128295898438
-0.00882053375244141 -0.00474834442138672 0.0295867919921875 -0.102622985839844
-0.00500583648681641 0.000753402709960936 -0.043914794921875 -0.105827331542969
-0.0148239135742188 0.000861167907714844 -0.0894546508789062 -0.0596694946289063
-0.0199298858642578 -0.0035400390625 -0.0804977416992188 -0.0341339111328125
-0.0207290649414063 -0.000963211059570309 -0.0747909545898438 -0.020111083984375
-0.0172357559204102 -0.0118951797485352 -0.0648231506347656 -0.0262222290039063
-0.0101947784423828 -0.0296478271484375 -0.0620803833007813 -0.0312614440917969
0.0101318359375 -0.0486946105957031 -0.0661468505859375 -0.0493850708007813
0.0639114379882813 -0.0263404846191406 -0.0475997924804687 -0.0729522705078125
0.0880813598632813 0.0094451904296875 -0.0763626098632812 -0.0908660888671875
0.0965423583984375 0.0550460815429688 -0.0968246459960938 -0.11749267578125
0.101966857910156 0.0905380249023438 0.0026092529296875 -0.105636596679688
0.0844268798828125 0.0303726196289063 -0.00861263275146484 0.0053715705871582
0.0795364379882813 -0.0244674682617188 0.076080322265625 0.0209884643554687
0.0342903137207031 -0.0447006225585938 0.0959396362304688 -0.047821044921875
0.00277328491210938 -0.048004150390625 0.0467300415039063 -0.0994033813476563
-0.0224437713623047 -0.0319232940673828 -0.0311660766601563 -0.103691101074219
-0.0433464050292969 -0.0201072692871094 -0.077362060546875 -0.0570220947265625
-0.0487403869628906 -0.0270538330078125 -0.0655288696289063 -0.0294075012207031
-0.0506515502929688 -0.0196456909179688 -0.0617446899414062 -0.0119514465332031
-0.0348014831542969 -0.0363540649414063 -0.0571174621582031 -0.00989151000976562
-0.0117340087890625 -0.0606307983398438 -0.0574722290039063 -0.0143470764160156
0.0304641723632813 -0.0753250122070313 -0.0712356567382813 -0.0343017578125
0.104202270507813 -0.0288238525390625 -0.0542259216308594 -0.0569496154785156
0.12127685546875 0.0296401977539063 -0.07281494140625 -0.0742111206054688
0.121284484863281 0.0989837646484375 -0.0797195434570312 -0.0863418579101562
0.102714538574219 0.136314392089844 0.0335731506347656 -0.068634033203125
0.107398986816406 0.07879638671875 0.00987434387207032 0.0238246917724609
0.134063720703125 -0.00408172607421875 0.0823974609375 0.0381546020507813
0.07867431640625 -0.0619049072265625 0.106155395507813 -0.0266189575195313
0.0227584838867188 -0.0852508544921875 0.0643463134765625 -0.0818252563476563
-0.0323562622070313 -0.06475830078125 -0.0115814208984375 -0.0877456665039063
-0.0640525817871094 -0.0401992797851563 -0.053619384765625 -0.0473442077636719
-0.0696678161621094 -0.0466880798339844 -0.0405921936035156 -0.0202217102050781
-0.0751876831054688 -0.0345001220703125 -0.038787841796875 -0.000461578369140627
-0.0518798828125 -0.0529365539550781 -0.0397224426269531 0.00971221923828125
-0.0189666748046875 -0.0838088989257813 -0.0463409423828125 0.00521087646484373
0.038726806640625 -0.0973358154296875 -0.0690345764160156 -0.0137290954589844
0.129371643066406 -0.0364532470703125 -0.0569572448730469 -0.0400466918945313
0.140609741210938 0.039276123046875 -0.0594329833984375 -0.0587348937988281
0.131072998046875 0.125617980957031 -0.0542564392089844 -0.0469741821289062
0.0829010009765625 0.158111572265625 0.0615921020507813 -0.016510009765625
0.104942321777344 0.11602783203125 0.0293998718261719 0.0521087646484375
0.160858154296875 0.0268707275390625 0.080322265625 0.058319091796875
0.110519409179688 -0.0593948364257813 0.106224060058594 0.001861572265625
0.0436477661132812 -0.103828430175781 0.0749282836914063 -0.0507888793945313
-0.0330581665039063 -0.0868148803710938 0.0102157592773438 -0.06097412109375
-0.0741348266601563 -0.0539016723632813 -0.0229377746582031 -0.0313091278076172
-0.0800247192382813 -0.0589447021484375 -0.0105142593383789 -0.00787067413330079
-0.0893707275390625 -0.0440139770507813 -0.00860309600830078 0.01177978515625
-0.0623321533203125 -0.0627632141113281 -0.0160236358642578 0.0298290252685547
-0.0245742797851562 -0.0964813232421875 -0.0316047668457031 0.0255584716796875
0.041900634765625 -0.10589599609375 -0.0620803833007813 0.00519180297851562
0.138015747070313 -0.03509521484375 -0.0544166564941406 -0.025604248046875
0.140556335449219 0.047607421875 -0.0376625061035156 -0.0468597412109375
0.120071411132813 0.135177612304688 -0.0234832763671875 -0.00517272949218749
0.0498504638671875 0.14898681640625 0.0832366943359375 0.0407638549804688
0.0771942138671875 0.126129150390625 0.046966552734375 0.080657958984375
0.149078369140625 0.0546417236328125 0.0703125 0.0751800537109375
0.117332458496094 -0.0395736694335937 0.0948410034179688 0.0305709838867187
0.0563735961914062 -0.097259521484375 0.0749969482421875 -0.0152053833007813
-0.025390625 -0.0913467407226563 0.0304813385009766 -0.0275611877441406
-0.0701789855957031 -0.0593032836914062 0.0101308822631836 -0.0126428604125977
-0.077728271484375 -0.0638046264648438 0.0195293426513672 0.00443840026855468
-0.0892333984375 -0.0497894287109375 0.0213508605957031 0.0243167877197266
-0.0607452392578125 -0.0670852661132813 0.006561279296875 0.0477752685546875
-0.0150680541992188 -0.0979843139648437 -0.0190963745117188 0.0420417785644531
0.0528945922851563 -0.0938262939453125 -0.052978515625 0.0161666870117188
0.132537841796875 -0.0144271850585938 -0.0478134155273437 -0.0178718566894531
0.113128662109375 0.0691909790039062 -0.012176513671875 -0.0374565124511719
0.074951171875 0.13629150390625 0.000169754028320318 0.0346240997314453
0.00155639648437499 0.109977722167969 0.0878448486328125 0.0949935913085938
0.0272293090820312 0.109024047851563 0.0497283935546875 0.104736328125
0.100151062011719 0.0718765258789063 0.04852294921875 0.0869522094726563
0.0967788696289063 -0.00699615478515625 0.0717544555664063 0.0559921264648437
0.0594940185546875 -0.0679092407226563 0.06640625 0.0199241638183594
-0.0108184814453125 -0.0793609619140625 0.0438041687011719 0.00557708740234374
-0.0516891479492187 -0.0564193725585938 0.0381088256835938 0.00749969482421875
-0.0629196166992187 -0.0588035583496094 0.0459098815917969 0.0182113647460937
-0.0732421875 -0.052520751953125 0.0471000671386719 0.0387954711914063
-0.0473289489746094 -0.0647621154785156 0.0252838134765625 0.0657844543457031
-0.00731658935546875 -0.08795166015625 -0.00978851318359375 0.0594062805175781
0.0534286499023438 -0.0759124755859375 -0.04791259765625 0.0318107604980469
0.113662719726562 0.00711822509765625 -0.0468902587890625 -0.00937271118164062
0.0831527709960938 0.0723724365234375 0.00351142883300782 -0.0249271392822266
0.0377731323242188 0.113494873046875 0.0157546997070313 0.0726089477539063
-0.0328140258789063 0.0507431030273438 0.0901336669921875 0.122718811035156
-0.0110931396484375 0.0679893493652344 0.0569992065429688 0.114112854003906
0.0463027954101562 0.0602645874023437 0.0369720458984375 0.0848236083984375
0.0586090087890625 0.00962448120117188 0.0563735961914063 0.0647010803222656
0.0430984497070313 -0.03662109375 0.0564041137695312 0.0380401611328125
-0.00304031372070313 -0.0537147521972656 0.0533828735351563 0.025421142578125
-0.0331459045410156 -0.0406303405761719 0.0588836669921875 0.0217247009277344
-0.0387725830078125 -0.0455589294433594 0.0651321411132813 0.0285987854003906
-0.0511932373046875 -0.0434532165527344 0.0679397583007813 0.0508956909179687
-0.0312004089355469 -0.0529441833496094 0.0379180908203125 0.082305908203125
0.00380325317382812 -0.068115234375 -0.00684356689453125 0.075653076171875
0.0500335693359375 -0.0488395690917969 -0.0476837158203125 0.04254150390625
0.0834884643554688 0.0257492065429688 -0.048797607421875 -0.00485610961914062
0.0390243530273437 0.0726470947265625 0.0136861801147461 -0.0115785598754883
-0.0099029541015625 0.0767745971679688 0.0171661376953125 0.101699829101563
0.0446510314941406 -0.0230598449707031 -0.0445938110351562 -0.114601135253906
-0.00403594970703125 -0.046783447265625 -0.0254192352294922 0.00179862976074218
-0.0393218994140625 -0.02227783203125 0.0569076538085938 0.004180908203125
-0.0331649780273438 0.0188922882080078 0.0652389526367188 -0.0603981018066406
-0.00817108154296875 0.0369873046875 0.0143890380859375 -0.0961074829101562
0.0186557769775391 0.0269927978515625 -0.051422119140625 -0.0977706909179687
0.0175619125366211 0.0167951583862305 -0.0920028686523438 -0.0528030395507813
0.010711669921875 0.0190181732177734 -0.085205078125 -0.0286331176757812
0.0110416412353516 0.0195865631103516 -0.077667236328125 -0.0169219970703125
-0.00231647491455078 0.0166091918945313 -0.0681190490722656 -0.0307044982910156
-0.0182609558105469 0.00481033325195313 -0.0654487609863281 -0.0373992919921875
-0.0239276885986328 -0.0228385925292969 -0.0640983581542969 -0.05511474609375
0.0130500793457031 -0.0395050048828125 -0.045379638671875 -0.084381103515625
0.0498085021972656 -0.0284347534179688 -0.0763320922851563 -0.101577758789063
0.0644378662109375 -0.00622177124023437 -0.108123779296875 -0.129264831542969
0.0826492309570313 0.0309524536132813 -0.028167724609375 -0.118690490722656
0.0438308715820313 -0.01690673828125 -0.0215091705322266 0.000417709350585936
0.0159149169921875 -0.0316619873046875 0.0664291381835938 0.008575439453125
-0.00605392456054688 -0.0146989822387695 0.0792236328125 -0.059722900390625
-0.0086064338684082 -0.00368165969848633 0.0267868041992188 -0.104194641113281
-0.00404167175292969 0.00121092796325684 -0.0477371215820313 -0.104896545410156
-0.0149116516113281 0.00111198425292969 -0.091644287109375 -0.0560226440429688
-0.0207309722900391 -0.00281143188476563 -0.0829315185546875 -0.0295486450195312
-0.0201416015625 -0.000581741333007813 -0.0759124755859375 -0.0157928466796875
-0.0172338485717773 -0.012150764465332 -0.0672836303710938 -0.0232582092285156
-0.0104751586914062 -0.0299663543701172 -0.0640144348144531 -0.0302009582519531
0.00780868530273437 -0.04815673828125 -0.068328857421875 -0.0471687316894531
0.0626449584960938 -0.0290718078613281 -0.0497665405273438 -0.0719451904296875
0.088775634765625 0.00569915771484375 -0.0784683227539063 -0.0878372192382812
0.0985946655273438 0.0512771606445312 -0.10028076171875 -0.113906860351562
0.105415344238281 0.0864486694335938 -0.00175476074218749 -0.104560852050781
0.0861434936523438 0.0264892578125 -0.0091104507446289 0.00691509246826172
0.078094482421875 -0.028076171875 0.0764999389648438 0.0199432373046875
0.0334358215332031 -0.04522705078125 0.0946807861328125 -0.0505447387695313
0.000976562500000001 -0.0487327575683594 0.0445938110351563 -0.101730346679687
-0.0231552124023438 -0.0313396453857422 -0.03533935546875 -0.103469848632813
-0.0438690185546875 -0.0185470581054687 -0.0792007446289063 -0.0538253784179687
-0.0499038696289063 -0.0244827270507812 -0.0678176879882813 -0.0261993408203125
-0.0517082214355469 -0.0174942016601563 -0.062957763671875 -0.00860214233398439
-0.0357627868652344 -0.0350265502929688 -0.0579757690429688 -0.00769042968749999
-0.0135078430175781 -0.0606613159179688 -0.0592155456542969 -0.0129814147949219
0.0273208618164062 -0.0758819580078125 -0.0730972290039063 -0.0308685302734375
0.102767944335938 -0.0335617065429688 -0.0561332702636719 -0.0560264587402344
0.122421264648437 0.0248031616210937 -0.0745391845703125 -0.0715560913085938
0.125595092773438 0.0936431884765625 -0.0826034545898438 -0.0828704833984375
0.107688903808594 0.132949829101563 0.0304527282714844 -0.0685768127441406
0.110427856445313 0.0743255615234375 0.00975036621093751 0.0254917144775391
0.134429931640625 -0.01007080078125 0.0829010009765625 0.036590576171875
0.0763626098632813 -0.0645217895507813 0.105857849121094 -0.0300750732421875
0.0189743041992188 -0.0865707397460938 0.0619735717773438 -0.0842208862304688
-0.0341720581054688 -0.063232421875 -0.01446533203125 -0.0886459350585938
-0.0656929016113281 -0.036407470703125 -0.0551910400390625 -0.0447959899902344
-0.0728912353515625 -0.0429229736328125 -0.042205810546875 -0.0183525085449219
-0.0768814086914062 -0.031036376953125 -0.0398941040039063 0.00165557861328125
-0.0535430908203125 -0.0509414672851562 -0.0394630432128906 0.011138916015625
-0.0220260620117188 -0.082794189453125 -0.0477256774902344 0.00672149658203124
0.0348052978515625 -0.098114013671875 -0.0707168579101563 -0.0110092163085938
0.128379821777344 -0.043060302734375 -0.0581321716308594 -0.0391693115234375
0.1422119140625 0.0338897705078125 -0.0610122680664062 -0.0567359924316406
0.136299133300781 0.119636535644531 -0.0557518005371094 -0.0445899963378906
0.0893096923828125 0.1551513671875 0.0606613159179688 -0.0171051025390625
0.109725952148438 0.111190795898438 0.0310249328613281 0.05218505859375
0.162338256835938 0.0195465087890625 0.081390380859375 0.0569076538085937
0.108551025390625 -0.0628814697265625 0.106033325195312 -0.0015106201171875
0.0389251708984375 -0.105545043945313 0.074310302734375 -0.0541763305664063
-0.0367813110351562 -0.0855484008789063 0.00906753540039063 -0.0618438720703125
-0.0750274658203125 -0.0511245727539062 -0.0233421325683594 -0.0299263000488281
-0.0842056274414063 -0.0550537109375 -0.0114126205444336 -0.00751399993896485
-0.0919342041015625 -0.040435791015625 -0.0087881088256836 0.0125541687011719
-0.0647506713867188 -0.0598640441894531 -0.0143604278564453 0.030487060546875
-0.02801513671875 -0.0952911376953125 -0.0317916870117188 0.0261363983154297
0.0376968383789063 -0.107208251953125 -0.0630378723144531 0.00790786743164063
0.136520385742188 -0.0418472290039063 -0.0555038452148437 -0.0247879028320312
0.1427001953125 0.041656494140625 -0.040008544921875 -0.0463790893554687
0.125282287597656 0.129547119140625 -0.0235080718994141 -0.00397109985351562
0.0554046630859375 0.14813232421875 0.0837631225585937 0.038421630859375
0.0823211669921875 0.124038696289062 0.0478591918945313 0.07977294921875
0.15118408203125 0.047149658203125 0.071502685546875 0.073516845703125
0.11566162109375 -0.04345703125 0.0952224731445313 0.0277481079101563
0.0519256591796875 -0.100227355957031 0.0759353637695312 -0.0173568725585938
-0.0292892456054687 -0.0899429321289062 0.0304584503173828 -0.0290107727050781
-0.071868896484375 -0.0567398071289062 0.0106239318847656 -0.013035774230957
-0.0804443359375 -0.0598602294921875 0.0197944641113281 0.00296592712402343
-0.0916213989257813 -0.0458145141601563 0.0212783813476562 0.0232200622558594
-0.0632553100585937 -0.0644645690917969 0.00890350341796874 0.0467300415039062
-0.0176925659179687 -0.0964813232421875 -0.0179214477539063 0.0424308776855469
0.04852294921875 -0.09564208984375 -0.0539932250976563 0.0181236267089844
0.131576538085938 -0.0206222534179688 -0.04864501953125 -0.0172042846679688
0.1156005859375 0.0648956298828125 -0.0135040283203125 -0.0378799438476562
0.08038330078125 0.133506774902344 0.000717163085937508 0.0347194671630859
0.0051727294921875 0.110267639160156 0.0893478393554688 0.0922775268554688
0.031036376953125 0.108489990234375 0.0517120361328125 0.102928161621094
0.103385925292969 0.066986083984375 0.050506591796875 0.08489990234375
0.0966720581054687 -0.0104141235351562 0.0734481811523438 0.054351806640625
0.0562744140625 -0.07098388671875 0.0675392150878906 0.0175704956054687
-0.0140762329101562 -0.0786209106445313 0.045806884765625 0.00471878051757812
-0.0539321899414063 -0.053955078125 0.0393524169921875 0.00604248046875
-0.0664253234863281 -0.0560989379882812 0.0464286804199219 0.0158576965332031
-0.075958251953125 -0.0485916137695312 0.0481185913085937 0.0357551574707031
-0.0498428344726563 -0.0629653930664063 0.0277519226074219 0.0639495849609375
-0.0105972290039062 -0.0873184204101563 -0.00787734985351562 0.0591926574707031
0.05047607421875 -0.0779037475585938 -0.0478363037109375 0.03326416015625
0.114250183105469 0.00177001953125 -0.0473556518554687 -0.00906753540039063
0.0863723754882813 0.0696029663085938 0.00194549560546875 -0.0266933441162109
0.0421066284179687 0.111503601074219 0.018463134765625 0.0715179443359375
-0.0305824279785156 0.0528984069824219 0.0938491821289062 0.120864868164062
-0.008056640625 0.0681800842285156 0.0599594116210937 0.111526489257813
0.0490951538085938 0.0573158264160156 0.0390701293945313 0.0838699340820313
0.0590591430664063 0.00761795043945313 0.0588226318359375 0.0630645751953125
0.0412178039550781 -0.0385017395019531 0.0587425231933594 0.0363845825195313
-0.00555801391601562 -0.0533943176269531 0.0561294555664063 0.0234107971191406
-0.0344696044921875 -0.0384521484375 0.0609359741210938 0.0191001892089844
-0.0414085388183594 -0.0429763793945313 0.0658493041992188 0.0251884460449219
-0.0538177490234375 -0.0403671264648438 0.0694007873535156 0.0472564697265625
-0.0325813293457031 -0.0520286560058594 0.0417709350585937 0.0802536010742188
0.00087356567382812 -0.0683479309082031 -0.00489807128906251 0.0760269165039062
0.0476760864257813 -0.0507278442382813 -0.0472221374511719 0.0442543029785156
0.0839920043945313 0.0210418701171875 -0.0487937927246094 -0.00400161743164063
0.0415496826171875 0.07086181640625 0.0121736526489258 -0.0140752792358398
-0.0072784423828125 0.0764923095703125 0.020050048828125 0.100837707519531
0.044525146484375 -0.0236015319824219 -0.0460662841796875 -0.112030029296875
-0.005157470703125 -0.0462226867675781 -0.0255393981933594 0.00294303894042969
-0.0399169921875 -0.0208168029785156 0.0569114685058594 0.00415420532226562
-0.0315017700195313 0.0200519561767578 0.0641822814941406 -0.0599136352539063
-0.00701904296875 0.0367279052734375 0.0131607055664062 -0.095916748046875
0.0195751190185547 0.0267333984375 -0.0532455444335938 -0.0963668823242188
0.0176601409912109 0.0159244537353516 -0.0924301147460938 -0.049957275390625
0.0116214752197266 0.0186519622802734 -0.085662841796875 -0.0257415771484375
0.0111560821533203 0.0186271667480469 -0.0771942138671875 -0.0142745971679687
-0.00156021118164062 0.0154104232788086 -0.0692710876464844 -0.029022216796875
-0.0179023742675781 0.0047454833984375 -0.0669326782226563 -0.0362167358398438
-0.0247745513916016 -0.0211391448974609 -0.0641059875488281 -0.0536384582519531
0.0123748779296875 -0.0393867492675781 -0.0453414916992187 -0.0837249755859375
0.0485572814941406 -0.0300483703613281 -0.0761489868164063 -0.0992584228515625
0.0633201599121094 -0.00731658935546875 -0.108245849609375 -0.125617980957031
0.0822296142578125 0.0292129516601563 -0.0308609008789062 -0.116775512695313
0.043060302734375 -0.0171585083007812 -0.0212345123291016 0.00190353393554687
0.0137996673583984 -0.0312328338623047 0.0665245056152344 0.00864028930664062
-0.00631427764892578 -0.0139598846435547 0.0778732299804688 -0.0599441528320313
-0.0084676742553711 -0.00351524353027344 0.0255813598632813 -0.104148864746094
-0.00403285026550293 0.000666618347167968 -0.0495147705078125 -0.103500366210938
-0.0144729614257812 0.000741958618164062 -0.0925827026367188 -0.052825927734375
-0.0210533142089844 -0.00230598449707031 -0.082977294921875 -0.0267257690429687
-0.0205631256103516 -0.000253677368164059 -0.0762710571289063 -0.0127944946289063
-0.0165681838989258 -0.0122356414794922 -0.0682334899902344 -0.0218544006347656
-0.0114402770996094 -0.0298843383789062 -0.0650825500488281 -0.0286445617675781
0.00723648071289063 -0.0472183227539063 -0.0687828063964844 -0.0453262329101562
0.0623779296875 -0.0310783386230469 -0.0492095947265625 -0.0714340209960938
0.087493896484375 0.00408172607421875 -0.0788040161132813 -0.0857009887695313
0.0984115600585938 0.0488052368164063 -0.100028991699219 -0.110435485839844
0.105918884277344 0.0836868286132812 -0.00360870361328124 -0.101837158203125
0.085235595703125 0.0246658325195313 -0.00920963287353515 0.00946521759033203
0.0767135620117188 -0.0300064086914062 0.0764236450195313 0.019866943359375
0.0318527221679688 -0.0454330444335938 0.0933303833007812 -0.0512161254882812
0.000236511230468749 -0.0481986999511719 0.0427169799804687 -0.102691650390625
-0.0238914489746094 -0.0306015014648437 -0.036529541015625 -0.102218627929688
-0.0442237854003906 -0.0171241760253906 -0.0797042846679687 -0.0513916015625
-0.0510101318359375 -0.0235519409179687 -0.0678443908691406 -0.02392578125
-0.0511131286621094 -0.0166969299316406 -0.0630264282226563 -0.00602340698242187
-0.0358810424804687 -0.0343399047851563 -0.0582695007324219 -0.00651168823242187
-0.0147056579589844 -0.0597496032714844 -0.0601844787597656 -0.0124778747558594
0.0254287719726563 -0.0758056640625 -0.0738296508789062 -0.0290451049804688
0.101547241210937 -0.0357589721679688 -0.0558929443359375 -0.0557785034179688
0.121429443359375 0.0225677490234375 -0.0754470825195312 -0.0694351196289062
0.125595092773438 0.0907745361328125 -0.0821685791015625 -0.08056640625
0.109474182128906 0.130279541015625 0.0286827087402344 -0.0671272277832031
0.11083984375 0.0720138549804688 0.00960540771484376 0.0275764465332031
0.132087707519531 -0.013519287109375 0.082489013671875 0.0368194580078125
0.0743408203125 -0.0656509399414063 0.104179382324219 -0.0309524536132813
0.01654052734375 -0.0860824584960937 0.06097412109375 -0.0852584838867188
-0.0352020263671875 -0.061920166015625 -0.0154876708984375 -0.0880355834960938
-0.0662040710449219 -0.035736083984375 -0.0557441711425781 -0.0425910949707031
-0.073883056640625 -0.04052734375 -0.0430412292480469 -0.0167350769042969
-0.0763626098632812 -0.028656005859375 -0.0399856567382813 0.00281524658203125
-0.0536346435546875 -0.0493507385253906 -0.0391654968261719 0.0115509033203125
-0.0231552124023438 -0.0824203491210938 -0.0483016967773438 0.00735855102539062
0.0317611694335937 -0.0979995727539062 -0.0715789794921875 -0.00889587402343749
0.12567138671875 -0.0446929931640625 -0.0580291748046875 -0.0395393371582031
0.141281127929688 0.030242919921875 -0.0617561340332031 -0.0557937622070313
0.137107849121094 0.115814208984375 -0.0555152893066406 -0.04364013671875
0.0915069580078125 0.15264892578125 0.0584754943847656 -0.0168113708496094
0.111152648925781 0.107864379882813 0.03021240234375 0.0526924133300781
0.160995483398438 0.0145721435546875 0.0810699462890625 0.0562973022460938
0.106452941894531 -0.0644607543945313 0.105033874511719 -0.0031280517578125
0.0365066528320312 -0.105720520019531 0.0731353759765625 -0.0554351806640625
-0.038360595703125 -0.0839385986328125 0.00838851928710938 -0.0621414184570313
-0.0752639770507813 -0.0484466552734375 -0.023193359375 -0.0291519165039063
-0.0846710205078125 -0.052703857421875 -0.0126266479492188 -0.00756263732910156
-0.0920028686523438 -0.0370101928710938 -0.0101308822631836 0.0126781463623047
-0.0652809143066406 -0.057952880859375 -0.0143699645996094 0.0299263000488281
-0.0294952392578125 -0.0929489135742188 -0.0326881408691406 0.0263156890869141
0.035125732421875 -0.106513977050781 -0.0631828308105469 0.00909423828125001
0.135368347167969 -0.0448455810546875 -0.0550727844238281 -0.0252914428710937
0.142166137695313 0.0379791259765625 -0.0406379699707031 -0.0453033447265625
0.127403259277344 0.125701904296875 -0.0231647491455078 -0.00306701660156249
0.0582122802734375 0.145751953125 0.0826492309570313 0.038238525390625
0.0838699340820313 0.120742797851563 0.0477828979492188 0.0797882080078125
0.15081787109375 0.0437469482421875 0.0707168579101563 0.0732192993164063
0.114219665527344 -0.0453567504882813 0.095367431640625 0.0261383056640625
0.0495452880859375 -0.0994873046875 0.0760879516601563 -0.01885986328125
-0.0306320190429687 -0.0889816284179688 0.0308685302734375 -0.0299015045166016
-0.072021484375 -0.0540008544921875 0.0105981826782227 -0.0131311416625977
-0.0823898315429688 -0.0576095581054687 0.0188560485839844 0.00284957885742187
-0.0919570922851563 -0.0418167114257813 0.0215015411376953 0.0223350524902344
-0.0633583068847656 -0.062042236328125 0.00968551635742187 0.0459251403808594
-0.0198287963867187 -0.0943374633789063 -0.01910400390625 0.0430183410644531
0.0463027954101563 -0.09600830078125 -0.0548095703125 0.0196151733398438
0.130363464355469 -0.0240936279296875 -0.0486297607421875 -0.0174980163574219
0.116119384765625 0.0614471435546875 -0.0144424438476562 -0.038665771484375
0.0829010009765625 0.129768371582031 0.00124549865722656 0.0344905853271484
0.00689697265625001 0.109756469726563 0.0900115966796875 0.0909194946289063
0.0335311889648438 0.106803894042969 0.0509490966796875 0.102272033691406
0.104347229003906 0.0636520385742188 0.0500946044921875 0.0841445922851563
0.0953216552734375 -0.0125045776367187 0.0729217529296875 0.0531387329101562
0.0537872314453125 -0.0711746215820313 0.068572998046875 0.0170173645019531
-0.0152435302734375 -0.0776138305664063 0.0464096069335938 0.00365447998046875
-0.0543289184570313 -0.0520439147949219 0.0395622253417969 0.00457000732421875
-0.0670700073242188 -0.0533638000488281 0.0459060668945312 0.0131378173828125
-0.0764846801757813 -0.0457992553710938 0.047821044921875 0.0341262817382812
-0.0499382019042969 -0.0608291625976563 0.0291976928710937 0.062744140625
-0.0125579833984375 -0.0859756469726562 -0.00850296020507813 0.0589485168457031
0.0476531982421875 -0.0778045654296875 -0.0475082397460938 0.0337104797363281
0.113059997558594 -0.0008087158203125 -0.0474586486816406 -0.0094757080078125
0.0866241455078125 0.0662765502929688 0.00140953063964844 -0.027587890625
0.0440292358398438 0.109207153320312 0.0187454223632813 0.0697364807128906
-0.0289649963378906 0.0530509948730469 0.0937042236328125 0.117408752441406
-0.00677871704101563 0.0680809020996094 0.0601348876953125 0.110313415527344
0.0498733520507813 0.054931640625 0.0399703979492188 0.0836181640625
0.0592460632324219 0.00635147094726563 0.059295654296875 0.0627174377441406
0.039093017578125 -0.0395317077636719 0.0592079162597656 0.0350799560546875
-0.00693893432617188 -0.0529861450195313 0.0571098327636719 0.0218086242675781
-0.0353050231933594 -0.0374183654785156 0.060882568359375 0.0166282653808594
-0.0422515869140625 -0.0414581298828125 0.0659904479980469 0.0224800109863281
-0.0535964965820312 -0.0384025573730469 0.0698471069335938 0.0444450378417969
-0.0336456298828125 -0.0501060485839844 0.0430526733398438 0.0784683227539063
-0.000659942626953125 -0.0674285888671875 -0.00510406494140626 0.0747833251953125
0.0464096069335938 -0.0515174865722656 -0.0466041564941406 0.0451469421386719
0.083648681640625 0.0186386108398437 -0.0489921569824219 -0.00374984741210937
0.0430641174316406 0.0687751770019531 0.0113277435302734 -0.0149364471435547
-0.00605773925781251 0.075897216796875 0.0210723876953125 0.0992050170898438
0.0443305969238281 -0.0233726501464844 -0.0461196899414062 -0.111305236816406
-0.00524139404296875 -0.0460319519042969 -0.0249481201171875 0.00420570373535156
-0.0399589538574219 -0.0209426879882813 0.0573692321777344 0.00567245483398437
-0.0314292907714844 0.0191154479980469 0.0653572082519531 -0.0598068237304688
-0.00667190551757813 0.0371437072753906 0.0138092041015625 -0.0972976684570313
0.0192966461181641 0.0256862640380859 -0.0540008544921875 -0.0968399047851563
0.0170183181762695 0.015625 -0.0936355590820313 -0.0491409301757812
0.0117034912109375 0.0186233520507813 -0.0857696533203125 -0.023895263671875
0.0118141174316406 0.0183658599853516 -0.0773696899414062 -0.014068603515625
-0.00204849243164063 0.0147514343261719 -0.0705490112304688 -0.0292587280273438
-0.0180492401123047 0.0042572021484375 -0.0687484741210938 -0.0366287231445313
-0.0250720977783203 -0.0203399658203125 -0.0638084411621094 -0.0541839599609375
0.0125923156738281 -0.0396499633789063 -0.043792724609375 -0.0844879150390625
0.0487899780273438 -0.03009033203125 -0.07525634765625 -0.0987777709960937
0.0629005432128906 -0.0073699951171875 -0.106781005859375 -0.125572204589844
0.0832672119140625 0.0292434692382812 -0.0296554565429688 -0.116035461425781
0.0429344177246094 -0.0172233581542969 -0.0211811065673828 0.00351715087890625
0.0146350860595703 -0.0317192077636719 0.0661201477050781 0.0105209350585937
-0.00559902191162109 -0.0137872695922852 0.0788040161132813 -0.0601882934570312
-0.00832128524780273 -0.00325489044189453 0.0261383056640625 -0.105415344238281
-0.00392699241638184 0.000343561172485352 -0.0508651733398438 -0.10455322265625
-0.0148344039916992 0.000724792480468753 -0.09320068359375 -0.0522003173828125
-0.0210895538330078 -0.00243377685546875 -0.0835952758789063 -0.0258941650390625
-0.0202999114990234 -0.00029945373535156 -0.0763931274414063 -0.0122222900390625
-0.0166244506835937 -0.0128259658813477 -0.0689010620117188 -0.0224838256835937
-0.0109443664550781 -0.0299930572509766 -0.0665168762207031 -0.0287818908691406
0.00684356689453125 -0.0474395751953125 -0.0689926147460938 -0.0458145141601562
0.0624618530273438 -0.0310745239257813 -0.0475921630859375 -0.0728912353515625
0.0874404907226563 0.00383758544921875 -0.0772323608398438 -0.0857696533203125
0.09832763671875 0.0491409301757813 -0.0990982055664062 -0.110115051269531
0.10699462890625 0.0843124389648438 -0.00349426269531249 -0.100929260253906
0.0853500366210938 0.0242233276367188 -0.00905513763427734 0.0114860534667969
0.076507568359375 -0.0305404663085938 0.0762557983398438 0.0212631225585937
0.0322074890136719 -0.0451393127441406 0.09405517578125 -0.050933837890625
-0.000297546386718753 -0.0477104187011719 0.0440139770507813 -0.10308837890625
-0.0231819152832031 -0.0308666229248047 -0.0370635986328125 -0.102699279785156
-0.0442848205566406 -0.0171852111816406 -0.0798110961914063 -0.05072021484375
-0.0518074035644531 -0.0222282409667969 -0.0687980651855469 -0.0225601196289063
-0.0514373779296875 -0.0162124633789063 -0.0638618469238281 -0.00514984130859374
-0.0353851318359375 -0.0348358154296875 -0.0586509704589844 -0.00660324096679687
-0.0137901306152344 -0.0599403381347656 -0.0610313415527344 -0.0128173828125
0.0246658325195312 -0.0758514404296875 -0.0736541748046875 -0.0283966064453125
0.102210998535156 -0.036590576171875 -0.054901123046875 -0.0569915771484375
0.121147155761719 0.0221939086914062 -0.0742416381835937 -0.0701980590820313
0.125686645507813 0.0900955200195313 -0.0814208984375 -0.080780029296875
0.110054016113281 0.129852294921875 0.028045654296875 -0.0656585693359375
0.111305236816406 0.0716018676757813 0.00930595397949219 0.0293693542480469
0.132049560546875 -0.01446533203125 0.0814285278320313 0.0385360717773438
0.074920654296875 -0.064666748046875 0.104995727539063 -0.0299072265625
0.0166015625 -0.08575439453125 0.0623626708984375 -0.0863494873046875
-0.034912109375 -0.061767578125 -0.0148696899414063 -0.0888290405273437
-0.0658836364746094 -0.0354690551757812 -0.054840087890625 -0.0421638488769531
-0.0749588012695313 -0.0400466918945313 -0.043731689453125 -0.0162010192871094
-0.0770416259765625 -0.0280075073242187 -0.0402755737304688 0.00421142578125
-0.0530509948730469 -0.049041748046875 -0.0394706726074219 0.0121612548828125
-0.023223876953125 -0.0819778442382813 -0.0502777099609375 0.00755310058593749
0.0317764282226563 -0.097747802734375 -0.0726470947265625 -0.00833129882812499
0.125526428222656 -0.0463714599609375 -0.0581893920898437 -0.0411224365234375
0.141693115234375 0.0298919677734375 -0.0609779357910156 -0.0558319091796875
0.137588500976563 0.115196228027344 -0.0551567077636719 -0.0429611206054688
0.0920867919921875 0.152572631835938 0.0583992004394531 -0.0158500671386719
0.110420227050781 0.107994079589844 0.0293540954589844 0.0543098449707031
0.161422729492188 0.01312255859375 0.0795059204101563 0.0578460693359375
0.106605529785156 -0.064208984375 0.105209350585937 -0.0016937255859375
0.03582763671875 -0.105819702148438 0.0744552612304688 -0.0560684204101563
-0.0368881225585937 -0.0833587646484375 0.00917053222656249 -0.0625762939453125
-0.0755081176757813 -0.0488739013671875 -0.0227317810058594 -0.0291576385498047
-0.0858917236328125 -0.0516433715820313 -0.0129489898681641 -0.00751209259033204
-0.0921401977539063 -0.0353622436523438 -0.00990009307861328 0.0131206512451172
-0.0641517639160156 -0.0578041076660156 -0.01446533203125 0.0296859741210938
-0.0294036865234375 -0.0934982299804688 -0.0335960388183594 0.0265846252441406
0.0342178344726562 -0.106834411621094 -0.0644683837890625 0.0100784301757812
0.134971618652344 -0.04644775390625 -0.0554275512695312 -0.0263252258300781
0.142318725585938 0.0382232666015625 -0.0407943725585938 -0.046722412109375
0.127639770507813 0.125595092773438 -0.0238494873046875 -0.00331878662109374
0.05853271484375 0.145751953125 0.0824432373046875 0.039337158203125
0.0841064453125 0.120262145996094 0.046600341796875 0.0806732177734375
0.151107788085938 0.0420684814453125 0.0696029663085938 0.0747146606445313
0.11474609375 -0.04510498046875 0.0948104858398438 0.0275115966796875
0.0497055053710937 -0.100502014160156 0.076690673828125 -0.0193328857421875
-0.0306854248046875 -0.088897705078125 0.0316734313964844 -0.0297279357910156
-0.072021484375 -0.0535507202148438 0.0113039016723633 -0.0132236480712891
-0.0838470458984375 -0.0552825927734375 0.0187397003173828 0.00205039978027343
-0.0925064086914063 -0.0406646728515625 0.0212326049804687 0.0229167938232422
-0.0627937316894531 -0.0615615844726563 0.00992584228515624 0.0458106994628906
-0.0199432373046875 -0.0949478149414062 -0.0196495056152344 0.0428047180175781
0.0458221435546875 -0.095245361328125 -0.0553779602050781 0.0204124450683594
0.130073547363281 -0.0247421264648438 -0.0490264892578125 -0.0190773010253906
0.116226196289063 0.061614990234375 -0.0147933959960937 -0.0391998291015625
0.0825881958007813 0.128959655761719 0.00175857543945313 0.0344066619873047
0.00798797607421874 0.109901428222656 0.0883712768554687 0.09161376953125
0.0333023071289062 0.105781555175781 0.0504150390625 0.103012084960938
0.104652404785156 0.062530517578125 0.0485916137695313 0.0850906372070313
0.095703125 -0.0125274658203125 0.0732879638671875 0.0544052124023438
0.0538177490234375 -0.0714797973632813 0.0688362121582031 0.0174179077148437
-0.0160369873046875 -0.0772933959960937 0.0477447509765625 0.00336837768554687
-0.0538482666015625 -0.0520591735839844 0.0407562255859375 0.00453948974609375
-0.0685844421386719 -0.0520057678222656 0.04559326171875 0.0130043029785156
-0.0767135620117188 -0.044219970703125 0.0472869873046875 0.03387451171875
-0.0502090454101562 -0.0600471496582031 0.0292816162109375 0.0621490478515625
-0.0127334594726562 -0.0852584838867187 -0.00966644287109375 0.059356689453125
0.0477066040039062 -0.0779876708984375 -0.048858642578125 0.0342178344726562
0.11309814453125 -0.002899169921875 -0.0472068786621094 -0.0102996826171875
0.0871047973632813 0.0665435791015625 8.77380371093805E-05 -0.0282382965087891
0.0434951782226563 0.1090087890625 0.0185585021972656 0.0701828002929688
-0.0284767150878906 0.0533714294433594 0.0926055908203125 0.1181640625
-0.00667190551757813 0.0677909851074219 0.058563232421875 0.110099792480469
0.0496978759765625 0.0540962219238281 0.0384368896484375 0.0842437744140625
0.0586814880371094 0.005645751953125 0.0579757690429688 0.0630149841308594
0.0394477844238281 -0.0396499633789063 0.0604057312011719 0.0359268188476562
-0.00722503662109376 -0.0531349182128906 0.0583114624023437 0.0215415954589844
-0.0347557067871094 -0.0371017456054688 0.0623779296875 0.0158958435058594
-0.0432548522949219 -0.0411376953125 0.0652198791503906 0.0215492248535156
-0.0541305541992188 -0.0372543334960937 0.0694847106933594 0.0432090759277344
-0.0336227416992187 -0.0495719909667969 0.043670654296875 0.0777435302734375
-0.000495910644531257 -0.0666732788085938 -0.0053253173828125 0.07586669921875
0.0460777282714844 -0.0510139465332031 -0.0476799011230469 0.0442695617675781
0.0837936401367188 0.0179519653320313 -0.0487747192382812 -0.00508880615234374
0.0437202453613281 0.0686149597167969 0.0102214813232422 -0.0164127349853516
-0.006256103515625 0.0758895874023437 0.0206756591796875 0.0991897583007813
0.0457725524902344 -0.0238990783691406 -0.0457611083984375 -0.114364624023438
-0.00560379028320313 -0.0466232299804688 -0.0253467559814453 0.00529289245605469
-0.0406417846679688 -0.0207099914550781 0.0597114562988281 0.00696182250976562
-0.0315608978271484 0.0196475982666016 0.0678825378417969 -0.0603370666503906
-0.00647735595703125 0.03778076171875 0.0156631469726562 -0.0999221801757813
0.0195217132568359 0.0261764526367187 -0.0546875 -0.0997467041015625
0.0174026489257813 0.0160408020019531 -0.0955810546875 -0.049285888671875
0.0115432739257813 0.0190715789794922 -0.087646484375 -0.0234603881835937
0.0114860534667969 0.018218994140625 -0.0788955688476562 -0.0135879516601563
-0.0019073486328125 0.0142230987548828 -0.0734176635742188 -0.03021240234375
-0.0183048248291016 0.00476455688476562 -0.0704421997070313 -0.0382614135742187
-0.0248622894287109 -0.0210666656494141 -0.064788818359375 -0.0567893981933594
0.01336669921875 -0.0406227111816406 -0.0424575805664062 -0.0879669189453125
0.0493354797363281 -0.0310935974121094 -0.0745773315429687 -0.101325988769531
0.0643653869628906 -0.0064544677734375 -0.106979370117188 -0.129203796386719
0.0849227905273438 0.0302734375 -0.0291366577148437 -0.11749267578125
0.0442352294921875 -0.017730712890625 -0.0211772918701172 0.00525474548339843
0.0144252777099609 -0.0324440002441406 0.0687599182128906 0.0118255615234375
-0.00507545471191406 -0.0145511627197266 0.08148193359375 -0.0603408813476563
-0.00742721557617188 -0.0030670166015625 0.0272445678710937 -0.108131408691406
-0.00369572639465332 0.000248193740844727 -0.0512466430664063 -0.107452392578125
-0.0151453018188477 0.00078582763671875 -0.0953140258789062 -0.0531845092773438
-0.0216445922851563 -0.00184059143066406 -0.085601806640625 -0.0254287719726563
-0.0202751159667969 -0.0009613037109375 -0.0777511596679688 -0.011749267578125
-0.0165939331054688 -0.0141468048095703 -0.0716400146484375 -0.0224456787109375
-0.0112895965576172 -0.0313644409179688 -0.0691795349121094 -0.0296669006347656
0.00696182250976562 -0.04766845703125 -0.0703201293945313 -0.0475845336914062
0.0641937255859375 -0.0313987731933594 -0.0471038818359375 -0.0755538940429688
0.0885467529296875 0.004608154296875 -0.0782546997070313 -0.0877914428710937
0.0998687744140625 0.0508804321289063 -0.0994033813476563 -0.113052368164063
0.109077453613281 0.085906982421875 -0.00232696533203125 -0.101402282714844
0.087158203125 0.0252914428710938 -0.00897979736328125 0.0136899948120117
0.0786209106445313 -0.0311126708984375 0.0774993896484375 0.0233612060546875
0.033660888671875 -0.0461349487304688 0.0974273681640625 -0.05084228515625
-0.000560760498046872 -0.0489578247070313 0.0457916259765625 -0.106704711914062
-0.0230503082275391 -0.0320034027099609 -0.0376358032226563 -0.105926513671875
-0.0450210571289063 -0.0177230834960938 -0.0815582275390625 -0.0510025024414062
-0.0531997680664063 -0.0223503112792969 -0.0704803466796875 -0.022064208984375
-0.0527687072753906 -0.0167617797851563 -0.0652542114257813 -0.00500488281249999
-0.0355224609375 -0.0365791320800781 -0.0611610412597656 -0.00661087036132814
-0.0143623352050781 -0.0616264343261719 -0.0643272399902344 -0.0135002136230469
0.0262527465820312 -0.0769577026367188 -0.0760269165039063 -0.0300216674804688
0.104782104492188 -0.0374908447265625 -0.0553092956542969 -0.0602645874023437
0.124069213867188 0.023529052734375 -0.0747604370117188 -0.0723114013671875
0.12823486328125 0.09259033203125 -0.08245849609375 -0.0826950073242188
0.112335205078125 0.133766174316406 0.0295066833496094 -0.0659408569335937
0.113105773925781 0.0730438232421875 0.00891113281250001 0.0317134857177734
0.134742736816406 -0.0146102905273438 0.0830841064453125 0.0411148071289063
0.0773162841796875 -0.0659561157226562 0.107559204101563 -0.0295562744140625
0.016693115234375 -0.0878982543945312 0.06463623046875 -0.0886154174804688
-0.0349884033203125 -0.0630378723144531 -0.0151443481445313 -0.0913619995117188
-0.0668907165527344 -0.03631591796875 -0.0556716918945313 -0.0436172485351563
-0.076995849609375 -0.0402069091796875 -0.044952392578125 -0.0163383483886719
-0.0785369873046875 -0.0280838012695313 -0.041717529296875 0.00442504882812501
-0.0531044006347656 -0.0509681701660156 -0.0417861938476563 0.0118637084960937
-0.0235595703125 -0.0837554931640625 -0.0525474548339844 0.00743484497070311
0.0327835083007812 -0.0997772216796875 -0.0745620727539063 -0.00838470458984376
0.128669738769531 -0.0475387573242187 -0.0584602355957031 -0.04364013671875
0.144439697265625 0.031494140625 -0.0621566772460938 -0.05816650390625
0.140304565429688 0.118049621582031 -0.0552749633789062 -0.0440177917480469
0.09417724609375 0.156723022460938 0.0602035522460938 -0.014739990234375
0.112701416015625 0.110877990722656 0.0294189453125 0.057769775390625
0.164581298828125 0.0137176513671875 0.080413818359375 0.0613937377929687
0.109321594238281 -0.0649795532226563 0.107528686523437 2.2888183593746E-05
0.0369415283203125 -0.108413696289062 0.0775070190429688 -0.0570220947265625
-0.03759765625 -0.0853805541992188 0.00980758666992187 -0.0639839172363281
-0.07659912109375 -0.0498275756835937 -0.0228672027587891 -0.0298595428466797
-0.0884857177734375 -0.0514144897460937 -0.013397216796875 -0.00745487213134766
-0.0941543579101562 -0.0360183715820313 -0.0111780166625977 0.0134258270263672
-0.0647926330566406 -0.058929443359375 -0.0154972076416016 0.0304489135742187
-0.02972412109375 -0.0955276489257813 -0.0362892150878906 0.0273666381835937
0.0356063842773437 -0.109001159667969 -0.0667266845703125 0.0107841491699219
0.137733459472656 -0.0477981567382813 -0.0563468933105469 -0.0293083190917969
0.14556884765625 0.0395355224609375 -0.0415191650390625 -0.0481681823730469
0.129753112792969 0.129310607910156 -0.0236778259277344 -0.0036792755126953
0.0596923828125 0.149978637695313 0.083740234375 0.0417022705078125
0.0849761962890625 0.123634338378906 0.0463027954101563 0.0843887329101563
0.153945922851562 0.0421295166015625 0.0694656372070313 0.0780792236328125
0.117500305175781 -0.0449371337890625 0.0963363647460938 0.0301742553710937
0.0509109497070312 -0.102485656738281 0.0798797607421875 -0.0196914672851563
-0.0307235717773438 -0.090789794921875 0.0337276458740234 -0.0305137634277344
-0.0729904174804688 -0.0557632446289062 0.0120410919189453 -0.0131969451904297
-0.0861740112304688 -0.0560150146484375 0.018890380859375 0.00237274169921875
-0.0938568115234375 -0.0411300659179688 0.0202732086181641 0.0229701995849609
-0.0636672973632813 -0.0630340576171875 0.00951766967773437 0.0470085144042969
-0.0203170776367188 -0.0966949462890625 -0.0216522216796875 0.0436592102050781
0.0463409423828125 -0.0972366333007812 -0.0575332641601563 0.0209617614746094
0.132835388183594 -0.0262680053710938 -0.05010986328125 -0.0207786560058594
0.118583679199219 0.0626296997070313 -0.0156669616699219 -0.0412979125976562
0.0838470458984375 0.1324462890625 0.00130844116210938 0.0352592468261719
0.0075531005859375 0.113082885742188 0.089202880859375 0.09466552734375
0.0331039428710938 0.108505249023437 0.0495071411132812 0.106101989746094
0.106033325195313 0.0631637573242188 0.04815673828125 0.08892822265625
0.098236083984375 -0.0121078491210937 0.074127197265625 0.056549072265625
0.0552597045898438 -0.0731582641601563 0.0716552734375 0.0177764892578125
-0.0160980224609375 -0.0789260864257813 0.0503044128417969 0.00402450561523437
-0.0554771423339844 -0.0529899597167969 0.0423393249511719 0.00396347045898437
-0.0702857971191406 -0.0522880554199219 0.0462417602539062 0.012847900390625
-0.0786972045898438 -0.044219970703125 0.04803466796875 0.0344314575195313
-0.0511093139648438 -0.0616912841796875 0.029754638671875 0.0630645751953125
-0.01251220703125 -0.0866928100585937 -0.0109176635742188 0.0609893798828125
0.04913330078125 -0.0791854858398437 -0.0505714416503906 0.0350341796875
0.115768432617188 -0.0032806396484375 -0.0485763549804687 -0.0127410888671875
0.0886459350585938 0.0681381225585938 -0.000110626220703121 -0.0298786163330078
0.04449462890625 0.111618041992188 0.018341064453125 0.0715789794921875
-0.0293083190917969 0.0547027587890625 0.093170166015625 0.122200012207031
-0.00715255737304688 0.069000244140625 0.0571670532226562 0.112808227539062
0.0516548156738281 0.0545501708984375 0.0373611450195312 0.0870742797851563
0.0604896545410156 0.0063629150390625 0.0594711303710938 0.0660018920898438
0.0403556823730469 -0.0406913757324219 0.0626373291015625 0.0377464294433594
-0.00766372680664062 -0.053741455078125 0.0609703063964844 0.022308349609375
-0.0351905822753906 -0.0379981994628906 0.0641822814941406 0.0156478881835937
-0.0443649291992188 -0.0411758422851563 0.0667495727539063 0.02130126953125
-0.0555152893066406 -0.0374641418457031 0.07061767578125 0.0443801879882812
-0.033660888671875 -0.0509834289550781 0.0434417724609375 0.0792083740234375
-0.000846862792968746 -0.0678176879882812 -0.00701904296874999 0.0780487060546875
0.0470504760742188 -0.0515708923339844 -0.0498733520507813 0.04522705078125
0.0855789184570313 0.0180816650390625 -0.0509262084960937 -0.0063323974609375
0.0442886352539063 0.0704421997070313 0.00980186462402344 -0.017791748046875
-0.00677490234375 0.077423095703125 0.0200729370117188 0.101608276367188
0.0479202270507813 -0.02569580078125 -0.04901123046875 -0.118125915527344
-0.00677108764648438 -0.0478591918945312 -0.0260009765625 0.00719833374023438
-0.0426216125488281 -0.0210685729980469 0.0629196166992188 0.00754928588867187
-0.0329456329345703 0.0204944610595703 0.0710525512695313 -0.0631103515625
-0.00527572631835937 0.0398368835449219 0.0148391723632813 -0.104103088378906
0.0208225250244141 0.0266036987304688 -0.0588455200195313 -0.104034423828125
0.017852783203125 0.0160503387451172 -0.100357055664063 -0.0495452880859375
0.0124378204345703 0.0197715759277344 -0.0912857055664063 -0.0223007202148437
0.0118179321289063 0.0181007385253906 -0.0820159912109375 -0.0127792358398437
-0.00196933746337891 0.0145845413208008 -0.0778884887695313 -0.0303192138671875
-0.0184326171875 0.0046539306640625 -0.07501220703125 -0.0389556884765625
-0.0259723663330078 -0.0203227996826172 -0.0682830810546875 -0.0589103698730469
0.0131034851074219 -0.0421714782714844 -0.0435943603515625 -0.0921478271484375
0.0498313903808594 -0.0328941345214844 -0.0769882202148438 -0.104606628417969
0.0664863586425781 -0.00737380981445312 -0.111434936523438 -0.134239196777344
0.0886993408203125 0.03057861328125 -0.0317916870117187 -0.121208190917969
0.0446662902832031 -0.0184097290039063 -0.0218715667724609 0.00652885437011718
0.0152568817138672 -0.0340633392333984 0.071807861328125 0.0129013061523437
-0.00560760498046875 -0.0150823593139648 0.0855255126953125 -0.0631027221679688
-0.00784397125244141 -0.00220584869384766 0.0277481079101563 -0.114036560058594
-0.00264739990234375 -0.000278949737548828 -0.054534912109375 -0.112251281738281
-0.0159540176391602 0.000551223754882815 -0.100166320800781 -0.0535125732421875
-0.0226840972900391 -0.0014801025390625 -0.0897140502929688 -0.0236740112304687
-0.0218563079833984 -0.000457763671875 -0.0820770263671875 -0.01055908203125
-0.0172452926635742 -0.0145387649536133 -0.0760650634765625 -0.0230865478515625
-0.0118236541748047 -0.0328769683837891 -0.073577880859375 -0.0306777954101562
0.00749206542968749 -0.0493392944335938 -0.0733413696289062 -0.048980712890625
0.06658935546875 -0.0341033935546875 -0.0487213134765625 -0.0801925659179687
0.0917739868164062 0.0042877197265625 -0.0797500610351563 -0.0903701782226562
0.104484558105469 0.0523300170898437 -0.103446960449219 -0.116981506347656
0.114479064941406 0.0886688232421875 -0.00350189208984375 -0.104766845703125
0.0909805297851563 0.0251693725585938 -0.0094308853149414 0.0156478881835938
0.0812759399414063 -0.0339279174804688 0.0809783935546875 0.025360107421875
0.0349349975585937 -0.0482711791992187 0.101699829101563 -0.0532455444335938
-0.00056076049804688 -0.0501174926757813 0.047119140625 -0.112434387207031
-0.0237941741943359 -0.0330085754394531 -0.0402984619140625 -0.109817504882813
-0.047088623046875 -0.018157958984375 -0.085601806640625 -0.05230712890625
-0.0563430786132813 -0.0223045349121094 -0.0745925903320313 -0.020843505859375
-0.0549659729003906 -0.0169601440429688 -0.0686187744140625 -0.00319290161132813
-0.037445068359375 -0.03765869140625 -0.064788818359375 -0.00654983520507812
-0.0160179138183594 -0.0643959045410156 -0.0687751770019531 -0.0132980346679687
0.0261306762695312 -0.079986572265625 -0.0800247192382812 -0.0306167602539063
0.108207702636719 -0.04107666015625 -0.0575065612792969 -0.0640792846679688
0.128822326660156 0.0231552124023438 -0.0771713256835937 -0.0737457275390625
0.134063720703125 0.0957794189453125 -0.0857925415039062 -0.0851211547851563
0.118263244628906 0.137641906738281 0.0301284790039063 -0.0677413940429687
0.11846923828125 0.0751190185546875 0.00952339172363282 0.0350723266601563
0.139846801757813 -0.018157958984375 0.0866241455078125 0.0442047119140625
0.0799636840820312 -0.0690231323242187 0.112808227539063 -0.0303497314453125
0.0169677734375 -0.0915603637695313 0.0672073364257813 -0.0943145751953125
-0.0364112854003906 -0.0658988952636719 -0.0169525146484375 -0.0955123901367188
-0.0698432922363281 -0.0373039245605469 -0.058319091796875 -0.0444297790527344
-0.0814895629882813 -0.0396804809570313 -0.0471458435058594 -0.0154800415039063
-0.0815048217773437 -0.0278854370117188 -0.0433807373046875 0.00592041015625
-0.0560340881347656 -0.0525588989257813 -0.0435142517089844 0.0125198364257813
-0.0251388549804688 -0.0869140625 -0.0566368103027344 0.00844573974609374
0.0327529907226562 -0.104736328125 -0.0784454345703125 -0.00805664062499999
0.133842468261719 -0.051971435546875 -0.0613517761230469 -0.0461883544921875
0.150238037109375 0.0316925048828125 -0.0651168823242187 -0.0599212646484375
0.147537231445313 0.121170043945313 -0.0579376220703125 -0.0456008911132812
0.099945068359375 0.162887573242188 0.0630340576171875 -0.0144500732421875
0.118484497070313 0.114219665527344 0.0306625366210938 0.0616302490234375
0.170166015625 0.011016845703125 0.0837936401367188 0.0652542114257813
0.113983154296875 -0.0680999755859375 0.112251281738281 -5.34057617187542E-05
0.0371246337890625 -0.112945556640625 0.0804824829101563 -0.0610580444335938
-0.039703369140625 -0.08807373046875 0.0103988647460938 -0.0682640075683594
-0.0801620483398438 -0.0502471923828125 -0.0233707427978516 -0.0313892364501953
-0.0938949584960937 -0.0514297485351563 -0.0147600173950195 -0.00730323791503907
-0.0981292724609375 -0.0353164672851562 -0.0114860534667969 0.01531982421875
-0.067230224609375 -0.0605545043945312 -0.0158634185791016 0.0316715240478516
-0.0321197509765625 -0.0983123779296875 -0.03875732421875 0.0288810729980469
0.0358963012695313 -0.112556457519531 -0.0697822570800781 0.0123977661132812
0.142929077148438 -0.0520172119140625 -0.0603561401367187 -0.0318679809570313
0.152236938476563 0.0402984619140625 -0.0433845520019531 -0.0504913330078125
0.1365966796875 0.132583618164063 -0.0243682861328125 -0.00314712524414062
0.0641632080078125 0.1558837890625 0.0873794555664063 0.0442733764648438
0.0888290405273438 0.127601623535156 0.047760009765625 0.0887069702148438
0.15997314453125 0.0419769287109375 0.0715484619140625 0.0826339721679688
0.122222900390625 -0.047607421875 0.100181579589844 0.0315933227539063
0.05126953125 -0.108535766601563 0.0841751098632813 -0.0218048095703125
-0.0333786010742188 -0.0944671630859375 0.0355796813964844 -0.0329132080078125
-0.076568603515625 -0.0570449829101562 0.0133342742919922 -0.0151481628417969
-0.0914764404296875 -0.0564041137695312 0.0191574096679687 0.00155258178710937
-0.0979766845703125 -0.0396499633789062 0.0216732025146484 0.0243473052978516
-0.0657920837402344 -0.0640106201171875 0.0101966857910156 0.0482597351074219
-0.0222320556640625 -0.0998687744140625 -0.0234527587890625 0.0459098815917969
0.0479583740234375 -0.101203918457031 -0.0603904724121094 0.0232124328613281
0.137771606445313 -0.0291824340820312 -0.0531349182128906 -0.0236625671386719
0.124038696289063 0.0645523071289063 -0.0171470642089844 -0.0435981750488281
0.0888519287109375 0.137802124023438 0.00200653076171876 0.037017822265625
0.00981903076171876 0.117652893066406 0.0937957763671875 0.09912109375
0.0348052978515625 0.112525939941406 0.0510101318359375 0.11065673828125
0.110916137695313 0.0641708374023438 0.0494461059570313 0.093841552734375
0.1026611328125 -0.0127639770507813 0.0769805908203125 0.059539794921875
0.0562744140625 -0.0772857666015625 0.0754470825195313 0.0186920166015625
-0.0178909301757813 -0.0814361572265625 0.053924560546875 0.0036163330078125
-0.0577316284179687 -0.0547599792480469 0.04461669921875 0.00323867797851562
-0.0741653442382813 -0.0531463623046875 0.04815673828125 0.0125923156738281
-0.082061767578125 -0.0442962646484375 0.0502128601074219 0.0354766845703125
-0.05279541015625 -0.0627822875976563 0.0313873291015625 0.0651817321777344
-0.0139617919921875 -0.0904617309570313 -0.0121421813964844 0.0636405944824219
0.0503921508789062 -0.0825881958007813 -0.0529136657714844 0.0372886657714844
0.120040893554688 -0.00498199462890625 -0.0511627197265625 -0.0138778686523437
0.093597412109375 0.0694198608398437 -0.00117111206054687 -0.0316410064697266
0.0470504760742188 0.115303039550781 0.0196380615234375 0.0754928588867188
-0.0299339294433594 0.0576057434082031 0.0963287353515625 0.127235412597656
-0.00718688964843749 0.0714797973632813 0.0590362548828125 0.117477416992188
0.0532913208007813 0.0559730529785156 0.0388641357421875 0.0917892456054687
0.0634956359863281 0.00658798217773437 0.0614700317382813 0.0698204040527344
0.0407180786132813 -0.0429153442382813 0.0663681030273438 0.0390892028808594
-0.00836181640625 -0.0554351806640625 0.0657234191894531 0.0223197937011719
-0.0371284484863281 -0.0384864807128906 0.06805419921875 0.0152015686035156
-0.0471725463867188 -0.0415000915527344 0.0690116882324219 0.0205841064453125
-0.0581283569335938 -0.0370101928710938 0.0740127563476563 0.044403076171875
-0.0361671447753906 -0.0523414611816406 0.0460586547851563 0.0808792114257812
-0.0013885498046875 -0.0701332092285156 -0.00729370117187501 0.0814666748046875
0.0490951538085937 -0.0544509887695312 -0.05157470703125 0.0481109619140625
0.0888442993164063 0.0171890258789063 -0.053314208984375 -0.00786972045898438
0.0472259521484375 0.072265625 0.00918769836425782 -0.0198040008544922
-0.00645446777343751 0.08056640625 0.0210418701171875 0.106353759765625
-0.0394891906022611 -0.0126493849607101 0.0752045813816019 -0.102538072049746
-0.0328095017404897 0.0352890803701991 -0.0122256907369479 -0.0159811054201839
0.0018769895868738 0.0510436889279113 0.0364534474091251 0.0586078509213918
0.0365615839895935 0.0206739376122902 0.094302376207519 0.0232728340051158
0.0333956473485877 -0.0150489463911716 0.103282574468888 -0.0480517093177414
0.0120149618971803 -0.0211917241402191 0.0640713080946235 -0.101369717800414
0.0111800057876007 -0.0218391026812127 0.00746622903397841 -0.116239474676926
0.0131390938067447 -0.0215229315458403 -0.0266435020072758 -0.101105521993919
0.0148574360151452 -0.0182928842173001 -0.0254816285873003 -0.0854046363219649
0.0180519569460872 -0.00704221664779351 -0.0128355306332376 -0.0861826963763738
0.0201187500351335 0.0140201384781888 0.00067162101979449 -0.0947685814763811
0.00250100448106041 0.0394235170896104 0.0283719200995075 -0.0951620649173388
-0.0380258706209571 0.02971375380572 0.0580182379554928 -0.0846339978972924
-0.051329514720316 -0.012085725220992 0.051837774769105 -0.113486528423147
-0.0326117394753822 -0.0436266078657963 0.0333002024255691 -0.166809208812302
-0.0168264682592058 -0.0772938387246941 0.0769012929526141 -0.0881009392600974
-0.0430861215190391 -0.027171876465714 -0.0213337096138926 -0.00689717543498085
-0.0451095812926837 0.00935012595096889 0.0322038800802914 0.0855694166488585
-0.0165234450482562 0.0217673058519308 0.107239070850434 0.0488514611560427
0.00210419601989122 0.0195243343945163 0.126294541645232 -0.0401375494668496
0.00564447469515271 0.0153745321420197 0.0789661423826176 -0.102857720677295
0.0151436887001355 0.0176448937786329 0.0172091146901129 -0.118069343041695
0.021135714829759 0.0193647961639943 -0.020326671068356 -0.102218062936719
0.0173785814078969 0.0229247009820167 -0.0229108279452335 -0.0844307666727982
0.00405997938805305 0.0245347140612415 -0.0133624737667815 -0.0786060133921484
-0.0131789749441933 0.0332966331502837 -0.00347602294762995 -0.085453311371543
-0.044427864850541 0.0271079990133092 0.0144830097948335 -0.0876437537336564
-0.0706843438555166 -0.0143106374402444 0.039886402482007 -0.0792878287487005
-0.0479577694566695 -0.0680577047772951 0.0309240334263556 -0.111800025873812
-0.00506173920903682 -0.104572212669979 0.0202095874025284 -0.157135020269944
0.0146149080105828 -0.13112549397647 0.0684963744557394 -0.0560511002565762
-0.037548855948017 -0.0946510602539729 -0.0379109226759797 0.0114916144776569
-0.0865647088766673 -0.0482143940192741 0.0173509253182285 0.117034171785895
-0.076552750571439 0.00944176084057409 0.109978827294649 0.0843598047735067
-0.0406821233331847 0.0496527796856151 0.142732829960142 -0.0180876064982392
-0.00870832425383593 0.0524654989696324 0.0905789240236754 -0.0893977390418334
0.0137743984196025 0.0561791214503497 0.0278061587460079 -0.104632618452606
0.0260677031747527 0.057359160046184 -0.0114015464737981 -0.0878950086443151
0.0224924153156642 0.0607630379188889 -0.0204194319176937 -0.069906273350997
-0.00220438386128044 0.0549686290931366 -0.0183825523079384 -0.0596973109231583
-0.0352029652610955 0.0582217133633028 -0.0142354113102373 -0.0687291715266607
-0.0830477437928012 0.0288171735461153 -0.00648984640052329 -0.0783327833027586
-0.105241877583358 -0.0389511474990846 0.0190725627148606 -0.074234817622812
-0.055287005741363 -0.109706540241811 0.0132491671530899 -0.102309405768064
0.0136058220273974 -0.15166432210088 0.00230513182035984 -0.128251663793188
0.0486113255780029 -0.164884117541615 0.0483234175625648 -0.00875772764339753
-0.0163958889027596 -0.152080755266624 -0.0593509532082231 0.0366635166854876
-0.109971546799549 -0.110562939043009 -0.00946020928287791 0.144169988179739
-0.128902266291564 -0.0167612851812722 0.0940652562146824 0.121258100482605
-0.086595627906206 0.0668699288219584 0.142959426808899 0.0158954472068877
-0.0286801447307868 0.0812804494179929 0.0930543240578162 -0.0598425395525608
0.00754034230806098 0.0867749147409703 0.0354729158699583 -0.0749705134233911
0.0278912805477791 0.0873160548721182 -0.00182224606374429 -0.0602008108729209
0.0269608926272901 0.0901781028197378 -0.0156935653414787 -0.043504796983248
-0.00387347065294521 0.0786220738963089 -0.0211658693633535 -0.0313396262344207
-0.0459633693143466 0.0802314006836908 -0.0255529347284797 -0.0444908937158991
-0.108635774633626 0.0373750343370946 -0.0256673010505341 -0.0619256603393422
-0.1307572738163 -0.0491548776611853 0.000824028263137807 -0.0657659068276351
-0.0628378227307085 -0.132039440524282 0.00411762499207776 -0.0841147605957793
0.0264934350189688 -0.177123788126559 -0.0146265673327841 -0.0847121725761437
0.0746861006538366 -0.168156554730438 0.0172376164800894 0.046426769241097
0.0143981730096747 -0.179613368804521 -0.0801635889552817 0.06495198129673
-0.103417757822145 -0.15681628904643 -0.0423630685895608 0.155942753204406
-0.153204421693448 -0.0509772789398344 0.0598488507432935 0.145571552790051
-0.120131275004189 0.064375132647112 0.121944934987224 0.0519077815865494
-0.0476301553768906 0.0954120368411715 0.0833544344103199 -0.0205645372558642
-0.00180684532331058 0.103164457890429 0.0385319014030505 -0.0354535345987567
0.0248525540703325 0.104340715560277 0.00844456812336965 -0.0245284568876051
0.0286103942045574 0.107037143090939 -0.00883982224188984 -0.00927428769079208
-0.00479471356779636 0.0928476342775084 -0.0223875184208191 0.00125432112036395
-0.0505063742679344 0.0914013798482459 -0.0354437609110821 -0.0164493324417903
-0.118780482125255 0.0391824810246 -0.0402248347881108 -0.0418753762039187
-0.13781668077615 -0.0558768661670175 -0.011728390751276 -0.0549809657048998
-0.0583040167717956 -0.13881542617917 0.00525612234973971 -0.0616039157574666
0.0382463697042462 -0.176335444918671 -0.0269496376400295 -0.0341488376306203
0.0845199775347687 -0.141201879294757 -0.0156297799863634 0.0963587115705163
0.0431722906342833 -0.165702137346787 -0.0957630783328444 0.0883021325689375
-0.0698696589577207 -0.168373612866254 -0.0711138586924412 0.147404168187265
-0.140960258246263 -0.0760542584972744 0.0177083705064078 0.149557995347504
-0.128072870932817 0.0463044599457047 0.084653076333165 0.0796900699548063
-0.0573248638340969 0.0901642518076841 0.0636384664123047 0.0201428670547089
-0.0112530594196202 0.101352820391906 0.0358583656970129 0.00736548272508966
0.0170256467086311 0.104589838217292 0.016638336296871 0.0141390670680388
0.0220518832929634 0.109011017257304 -0.00233982833608021 0.0266555916482679
-0.0101944475195556 0.0932610355704044 -0.0236733549496731 0.0324062295601871
-0.0587597140381617 0.0842480818800922 -0.0449501833849038 0.00760810222558015
-0.116458394082766 0.0199829269666963 -0.0482302291671558 -0.0282543230834491
-0.118932158120806 -0.0706000230744787 -0.0166559777856868 -0.0466433465843492
-0.0248570288954958 -0.132872166672694 0.0140283091387742 -0.0391449290365943
0.0650014055204274 -0.141693062198621 -0.0379942703435751 0.0095806143326848
0.0802573746993058 -0.081824653406545 -0.0519990987386445 0.129427486472863
0.0654282334278334 -0.112802546904237 -0.106479876162587 0.0947118700759299
-0.0191290969436531 -0.141352548199959 -0.0940431232140974 0.117305246685979
-0.0936534141476376 -0.0865833159068412 -0.0281833650339141 0.133049821081998
-0.108365922653487 0.0151822047462535 0.0364677814261996 0.0950138245311349
-0.0589661137161027 0.065619946923459 0.0353721009764786 0.0549397613000632
-0.0214017103549223 0.083072880753383 0.0269879748417222 0.0464600187526992
0.00647554380217605 0.0896545525291755 0.0192717453654759 0.0488830948378078
0.00717966885857139 0.0951328795709697 -0.00167001116146361 0.0601458953670756
-0.0192528159490128 0.0816227311285669 -0.0299241340621549 0.060966961334541
-0.0574861105590697 0.0703739149886951 -0.0580738368044921 0.0282164710606566
-0.101222165495273 0.00540141466629563 -0.0602540961682091 -0.01660717324963
-0.0881468350093983 -0.0772682924793557 -0.0243091933401228 -0.0434060442653539
-0.00282573114277993 -0.112563677427804 0.0153010061665704 -0.0216429143588091
0.0672233055070694 -0.0996311755161212 -0.0530305749316144 0.0485536681500342
0.0503007089044054 -0.0202500222136527 -0.0633293697370662 0.149795547552816
0.056745917863173 -0.050113408069992 -0.0957184417818844 0.104696789976278
0.00972037370030122 -0.0873540090560334 -0.0892364277546122 0.0931184144766945
-0.0461216963404356 -0.0663687148352159 -0.0449640025609932 0.109173771724095
-0.0702362017053854 -0.00143831840039203 0.00642936314370045 0.0944901456328249
-0.0444486767757642 0.040005888668534 0.0186649928230276 0.0740368210049176
-0.0194668056830271 0.0542385742428006 0.0190913060940381 0.0730218856266995
-0.0049688125490021 0.0615136032099016 0.0194784139275505 0.0760306968295418
-0.00219781368873037 0.0684319511316733 -0.00262012452517677 0.0883165228409053
-0.0223109597686929 0.0602799263855332 -0.0397986753144102 0.0828659801407765
-0.051212849636168 0.0456031059745219 -0.075974348338188 0.040616392236386
-0.075337998956257 -0.0121647510469403 -0.0724404937343497 -0.0141527905908849
-0.0503653885066627 -0.071952092704713 -0.0301800173462303 -0.0451927855634632
0.0267436191069692 -0.0792788627022393 0.0142198788688833 -0.0084853006563114
0.0662051720837302 -0.0410464970020272 -0.0704793976798014 0.0724544941810751
-0.041286965363109 -0.0113955685031245 0.0712027873446616 -0.108614151927333
-0.0317623688764486 0.0372875773821367 -0.0142661125283966 -0.0148199986989464
0.00428752527982627 0.05215235491644 0.0394671692974115 0.0593804047692283
0.0384585515159045 0.0192926113525549 0.0978446841898726 0.0205804568987421
0.0331703277880556 -0.0184761732954248 0.103640372661905 -0.0538412839939138
0.0107277584901262 -0.0223087259997352 0.0610475774388668 -0.107676884486028
0.0100854860549498 -0.0227850873796184 0.000417461298925422 -0.118936283604972
0.0122321784329989 -0.0228444999217551 -0.0337594036003178 -0.101629568037354
0.0137271637915396 -0.0189114309814825 -0.0314355670446866 -0.0862688801943075
0.0178846901946981 -0.00725066326295131 -0.0184541275712593 -0.0887190276469276
0.0209094802752535 0.0129690406709358 -0.00452190499105615 -0.0983261945084104
0.0043869835421452 0.039855189198945 0.024958526789747 -0.0990939893173476
-0.0376461523307979 0.0326020008569175 0.0570613211333258 -0.0897716611230028
-0.052280791918043 -0.00980629531908952 0.0480703745383089 -0.117060242588022
-0.0359389145109303 -0.0435863829212409 0.0270733178909313 -0.172723069933775
-0.0209067600949491 -0.0780626575320091 0.0742581451267879 -0.0941046651952186
-0.0452719458524073 -0.0260496510467862 -0.0235806804126595 -0.00497671972001786
-0.0455058446459666 0.0126098071445778 0.0365761328941821 0.0862637620321281
-0.0163407776980921 0.0225382175476444 0.112199096959188 0.0466160231278327
0.00352472881766602 0.0189294121329061 0.128205588381324 -0.0471974203852826
0.00577581219064149 0.0158850332097238 0.0760335023379914 -0.110212269528365
0.016392288558825 0.0170915038965925 0.0103545981770938 -0.12198497946316
0.0225293167232392 0.0180491315539008 -0.0278590556370195 -0.102665619200895
0.0195959159072734 0.023172868972338 -0.0292760812734079 -0.0859506213226731
0.00545827435111473 0.0253857870091604 -0.0192368060887867 -0.0815031800739009
-0.011932423624169 0.0358071862078973 -0.00838827488207103 -0.0883855514813496
-0.0436075643497205 0.0293838622612819 0.0101478330516485 -0.0908409313303397
-0.073234693879205 -0.0102950826125989 0.0392502479125609 -0.083886272759008
-0.0519988833882525 -0.0675083257890827 0.0272801968348341 -0.114783415283125
-0.0104846484134799 -0.107495082441402 0.0147346014259782 -0.161451561238639
0.0081128675441119 -0.135642123484782 0.0663978031936013 -0.0604200458316355
-0.0431153675519224 -0.0959026533238746 -0.0388826096336819 0.0144947241062378
-0.0912876712345768 -0.0440269982751025 0.0223032116290887 0.120335081355455
-0.0780577246300409 0.0124828304771548 0.116049513069265 0.0823965585435099
-0.0390172016883699 0.0525078089383159 0.145928850964859 -0.0262471666333849
-0.00686283650635158 0.0540346267214716 0.0885886130690822 -0.0963179750996152
0.0172272079745392 0.0570293120120396 0.0226917672847734 -0.108385507325828
0.0302370112895166 0.0574070516062205 -0.018289696102814 -0.0886134472973791
0.0270803681012404 0.0615474876540607 -0.0256053648933017 -0.0705326704643284
-0.000147312031010559 0.0562760957875955 -0.0229260029410632 -0.0613276399447715
-0.0327518562169537 0.0615255870508423 -0.019080355135792 -0.071188723893751
-0.0835771805867636 0.0332547716337562 -0.0102804231907971 -0.0803248521635352
-0.110295502585447 -0.0340483692608024 0.0175462804732304 -0.0778095726647903
-0.0614535671204556 -0.109643921433197 0.00896996719464752 -0.104452083883333
0.00663450282322582 -0.156726276679243 -0.00256367985515496 -0.131649199172152
0.0409395330139157 -0.171828614048016 0.0483160034690779 -0.010610550801815
-0.0236730899088579 -0.155266165218248 -0.0599404309601169 0.0412950442587407
-0.117754826449937 -0.10634588003309 -0.0039903959037372 0.149293252127148
-0.132871915828699 -0.0116925317562061 0.101532757640722 0.119962889496534
-0.0852311807435855 0.0731399604205795 0.14864641884355 0.00826592342981901
-0.0254455606985879 0.0848445171147531 0.0928161448736197 -0.0661647210879364
0.0117342590268952 0.0890746847035418 0.0327050654305356 -0.0791209652307024
0.034109483729227 0.0879138255856148 -0.00597646501415322 -0.0609420218852223
0.0332273448527168 0.0906011642495138 -0.0191939121482894 -0.0435485680259838
-0.000332396067914855 0.0807183890828203 -0.0245422918468403 -0.032401019881359
-0.0428667824992113 0.0840765560895907 -0.0302820085517615 -0.0458795943138553
-0.109992153626528 0.0434867108571189 -0.0296152937100036 -0.0625616098124158
-0.137410139985127 -0.0427201892421041 -0.000822721616555916 -0.0685421250849381
-0.0706904645097777 -0.132630729204498 0.000935035549361174 -0.0858972651519814
0.0177094362641437 -0.183574174128529 -0.0189254496738593 -0.0858306449924369
0.0678704316565515 -0.176163612302348 0.0197714202159314 0.0462041051017084
0.00657330558106598 -0.184061601083049 -0.0800246493821312 0.0707603595507517
-0.113975597277344 -0.154434360042898 -0.0372130761768279 0.162596032301932
-0.160243636882131 -0.0447161417780377 0.0671040069139173 0.147844944474906
-0.11961866260015 0.0729205303970738 0.12869955553215 0.0462102973572906
-0.0436254615178697 0.099724856274048 0.0849988393712689 -0.0253198159322234
0.00315553442976266 0.105737083868002 0.037449669711376 -0.0382509662051151
0.0319554413576979 0.105054895965862 0.00724514171142964 -0.0252799543851847
0.0359735866827895 0.108399222963854 -0.00985747361146249 -0.00920431299859188
0.000235241430775781 0.0947703869866248 -0.0229884484857414 0.00190252744823704
-0.046138504176906 0.0965200361309566 -0.0386928115200933 -0.0163328318939777
-0.119709689102813 0.0456627409009478 -0.0441071197794377 -0.0419863625649486
-0.14417847890322 -0.0501711648716217 -0.0137322671296743 -0.0579614865657778
-0.0668798939688814 -0.139082578247573 0.00238350185058791 -0.0642410657605088
0.0308588376274827 -0.183854548995067 -0.0296371347690731 -0.033658176794293
0.0795655699862368 -0.148696843225317 -0.0119571210009778 0.100289556478839
0.0367401759617813 -0.171965658492222 -0.0945359945127399 0.095228412550129
-0.0800991819911838 -0.168351275714678 -0.0672455405450344 0.155143253864217
-0.147572710147309 -0.0720123230512696 0.0236158971075588 0.153748898754238
-0.128331528304403 0.0548888339756661 0.0920619100157417 0.0773336207627405
-0.0546288772303677 0.0951412194257863 0.0667075595298045 0.017854247944328
-0.00601249961623006 0.105203121698543 0.0381769691644545 0.00572378615387118
0.0241092682114037 0.106408163816777 0.0178844804373788 0.0131676427355047
0.0294554538133547 0.109557320665085 -0.00113861326983446 0.0273002838273907
-0.00593516369324384 0.0958907510594807 -0.0231131760527776 0.0343078297182475
-0.0560143477107391 0.0888086899147517 -0.0467986724547705 0.00927169391926448
-0.118457575999726 0.0264027708661299 -0.0510502712313143 -0.0274166554055495
-0.125257826685662 -0.0654318872745816 -0.0187382614023812 -0.0487888049555562
-0.0315788815514189 -0.1349873195021 0.0125531303475033 -0.0420908932349513
0.0596426693695183 -0.149128279744203 -0.0385236537875912 0.0116568755660077
0.0782277811205904 -0.0882075796137399 -0.0478765759715241 0.135281537812941
0.0621913641042133 -0.118485050564734 -0.105433152226631 0.101255375688109
-0.0265060317333754 -0.14330875966634 -0.0918751787718681 0.124234091752932
-0.100407264003884 -0.085140463358137 -0.0236537501360786 0.137942049704347
-0.110350403635614 0.0214182050592867 0.0427911496466999 0.0960632097552986
-0.0573113660668944 0.0704784407331667 0.039732278655041 0.0548838613123596
-0.0171794830804347 0.0856758121337053 0.0309962685236851 0.0464238459296995
0.0122007385928402 0.0919373609843219 0.0220540500596327 0.0485303659646041
0.0133091381055752 0.0972353475837846 0.00206245823135501 0.0615099419438639
-0.0150359264748634 0.0845713339757745 -0.0277897290109514 0.063765103300741
-0.0545621812927 0.075125211278918 -0.0594840642044043 0.0311909072203418
-0.104094651398809 0.0103414613404308 -0.0633105340050954 -0.0146948159236127
-0.0944070158414463 -0.0739083019004783 -0.0261069087242564 -0.0446476468807468
-0.00854406570450676 -0.115201833853028 0.014340534079408 -0.0239962945745773
0.0643602704126138 -0.106175292710023 -0.0525960623133169 0.0530115609280276
0.0502500052438876 -0.023196525630405 -0.058756975279788 0.156103306581749
0.0562864344841963 -0.0542994056360024 -0.094559971426528 0.110288336186187
0.00486811346431753 -0.0896183813586221 -0.0884379506929182 0.0997672221176883
-0.0515736481762204 -0.0663033796649452 -0.0412995343741224 0.115627693220548
-0.0731007852910243 0.00260742058117019 0.0115441737978952 0.0977644762214746
-0.0429723950106679 0.043746227255435 0.0239247329366228 0.0755301023324512
-0.0167864709173069 0.0560540615006541 0.0248303780132298 0.0741434258184643
-0.00122056236108434 0.0632647169662186 0.0249257636241041 0.0763103502713869
0.00248616667067254 0.0704418312771154 0.00214222272581175 0.0900426060522036
-0.0200061728313395 0.0627372242564435 -0.0363361443527292 0.0866115390521108
-0.0497579019195174 0.0499274734636521 -0.0766916430883807 0.0452055490724045
-0.0783698613058306 -0.00902950396735702 -0.0753339226048059 -0.0118678127654656
-0.0547349448286229 -0.0710501183719566 -0.032680174894223 -0.046692969126072
0.0232510679236828 -0.082003756935048 0.0140970429261947 -0.011295649785887
0.0659447384269626 -0.0453757376794073 -0.0696198956106064 0.0782449811788323
-0.0418351591212741 -0.00939731710948998 0.0660950365720246 -0.112532448649704
-0.0297975698259758 0.0387999327488069 -0.0163266486382418 -0.0138379718033876
0.00742679265992516 0.0519993188036005 0.0418711767804926 0.0592470659496645
0.039831266012482 0.0176144567959443 0.0998673256092545 0.017380290156677
0.0308649819354963 -0.0209185024301766 0.102745626631947 -0.0589134519490452
0.00972215261585603 -0.0222218788461705 0.0562740916857687 -0.111938417782739
0.00899956037315912 -0.0229580361960699 -0.00582509182380126 -0.118156492655254
0.0112380957843501 -0.0235625480065648 -0.0396418673107152 -0.0981321909679916
0.0134225343846971 -0.0193611841093514 -0.0360989333538284 -0.0857268100092893
0.0179684586856013 -0.00792484457690783 -0.0235909206702887 -0.089278155309651
0.0219281628619068 0.0122079244051648 -0.00949812601853788 -0.0993857447486701
0.00659961938250721 0.0393766486278407 0.02065978894674 -0.101185667119926
-0.0362251084391639 0.0347053496715005 0.0548873144072659 -0.0918066581655614
-0.0526311916784664 -0.00793548778995415 0.0444430075323903 -0.117653136825926
-0.0381256984125338 -0.0416827203847222 0.0211058192904774 -0.174300569841388
-0.0243180058917758 -0.0772983335863156 0.0697461626354043 -0.0974177050466834
-0.0463804828809794 -0.0239743140690124 -0.0240573682480563 -0.00275723363898743
-0.044961855620702 0.0142994571094961 0.039590336622783 0.0867750658177009
-0.0149780023952986 0.0236219950737606 0.115265031535206 0.0425874180709411
0.00355074820008928 0.0186925666121396 0.127077095373681 -0.0536887826519877
0.00613869779183004 0.0160839934946624 0.0712854669072015 -0.114837569530712
0.0168274536315582 0.0171547617429042 0.00429947937274201 -0.121705365236488
0.0242731019767195 0.0168834719210609 -0.0339190421056604 -0.100302091362278
0.0211953435310941 0.0223405529139632 -0.0344219792832793 -0.0846659889269833
0.00596372038233622 0.0254789116237792 -0.0244939496773354 -0.0815520537222931
-0.0101843049566943 0.0366162801825936 -0.0142415925481769 -0.0895827899359006
-0.042651199608232 0.0318828816661414 0.00664511857912897 -0.0922922554482929
-0.0742818555621162 -0.00623697920370205 0.0374133936626421 -0.0860453134083245
-0.0542719312041872 -0.0658545301182372 0.0234592645341505 -0.1149701037744
-0.0152619407661285 -0.107818687088719 0.00807648712023929 -0.162656092158723
0.00188790151629349 -0.136512530110315 0.0637363615342493 -0.0625795531747692
-0.0474327727294571 -0.0940650395304162 -0.039635101074781 0.0176046428579048
-0.0934912149409835 -0.0396141959194063 0.0273001982800854 0.121207550117529
-0.0786014728664701 0.0167418866786775 0.120489152647244 0.0789798825345117
-0.0366822785785574 0.0549215134739697 0.146277229255679 -0.0333622272100768
-0.00478185947847228 0.0548454817011614 0.0843509166202164 -0.101485167806783
0.0202361610555677 0.0561790753431311 0.0168027856852792 -0.109246768698408
0.0345099340965225 0.0554259568813031 -0.0234407095430884 -0.0872913262309654
0.0308425866639027 0.0602661950621872 -0.0304612196067718 -0.0694212151586202
0.00208119056827671 0.0564234957774641 -0.0272292384217059 -0.0613204037901776
-0.0300254694004651 0.0635875540443108 -0.0243678399590457 -0.0718892132805851
-0.082353986411615 0.0375798506371688 -0.0138683332801396 -0.0802369589498287
-0.112550047564534 -0.028446108672418 0.0161500929563463 -0.0800930992007384
-0.0657732077568463 -0.107377331355418 0.00483494406826002 -0.104711262182729
-0.000609339509202522 -0.158432668745848 -0.00880537432079633 -0.131337228693787
0.0333174584962479 -0.174159678887278 0.0471268383173793 -0.0125066097180832
-0.0309289298697798 -0.154236036021853 -0.0587069897290229 0.0452618954334873
-0.123141545475641 -0.100656464464956 0.00160276198724378 0.151668630453884
-0.134641600914986 -0.00628647465856127 0.106729265252552 0.117923105272489
-0.0819630362483911 0.0772666681040981 0.15059622644255 0.000779996339671506
-0.0220208380143517 0.0867852939968279 0.0906523960721596 -0.0710958396364291
0.0163119337587057 0.0883418359093644 0.0277884410250454 -0.0806979720572513
0.0393960035946457 0.0860375362800764 -0.00959838409376743 -0.06096761898917
0.0391075629791585 0.0891272295475561 -0.0219739610160697 -0.0423751051680819
0.00353436426117021 0.0808235270311001 -0.0268751665487063 -0.0316355484511095
-0.0386940111101183 0.0866349086900547 -0.0338761839566026 -0.0453798785424451
-0.10871404754407 0.0489910353908422 -0.033016142699015 -0.0617565073139793
-0.14015357208154 -0.0366849896954872 -0.00294133715262598 -0.0703851599100645
-0.0770106142640162 -0.130170534202843 -0.00298279750921584 -0.0864325674485129
0.00947522510920804 -0.185840184211389 -0.0223780439319859 -0.0852515385312767
0.0592136722124746 -0.180774599899867 0.0209674979886266 0.046211635100905
-0.00187539024921988 -0.185746032659963 -0.0785743868773559 0.0752194260479901
-0.122014698695505 -0.148912248035438 -0.032861888723351 0.165476378267902
-0.163490866026401 -0.0381644447699161 0.0732659783208452 0.146636516077974
-0.115696344546985 0.0791602419904373 0.131762971266058 0.0397130533521605
-0.0396374108855213 0.103010330725432 0.0848299095810563 -0.028971894198047
0.00877007099176694 0.105803786098855 0.0355835864100373 -0.0408165510853378
0.0388702795280604 0.103609134642025 0.00499629830771274 -0.0260947798610109
0.042045440872753 0.106413940721857 -0.0112483769844339 -0.00859777335755599
0.0046349229000887 0.0949735001783173 -0.023799581014852 0.00244911529967333
-0.0414398379934122 0.0991100615473038 -0.0415689124118759 -0.0156367474067595
-0.118726701099322 0.0524524947572183 -0.0461977268566647 -0.0400113926521765
-0.147054213477881 -0.0420776008548477 -0.0157410287752569 -0.0590385341666658
-0.0733987563538489 -0.136898683183326 -0.000788715051074304 -0.065458635126867
0.0222726994383319 -0.185590586085 -0.0308684863985348 -0.0321392918160154
0.0724997384484424 -0.153892568212762 -0.00848660148262279 0.100861040146708
0.0294780667124482 -0.173504477316548 -0.0919773299240354 0.0988743285397054
-0.0892830195143166 -0.164543756396252 -0.062916222504726 0.159354997538451
-0.152692301035148 -0.0665907283484267 0.0292848679567143 0.154643675547016
-0.126088088099349 0.0611053014563136 0.0961828130966885 0.0737438091297074
-0.0502717734700885 0.097794505372825 0.0685452152972925 0.015137591744774
-0.000941309039936282 0.106143892918227 0.0385835111672995 0.00329628836810796
0.0306168087527061 0.105514620602487 0.0183100118050178 0.0112224369347238
0.0357350989150483 0.108250105139322 -0.000353545699604612 0.0275731943282557
-0.0011276734813521 0.0966983986478066 -0.0222714375175325 0.0354096209297626
-0.05125784555628 0.0918657114363337 -0.0481279411702981 0.0109662962994605
-0.117894491522243 0.0320697621937639 -0.0530706459103461 -0.0265545150506718
-0.128707284033478 -0.0594443943010744 -0.0203868241576982 -0.0499698393884324
-0.0377236111108235 -0.133843575269825 0.0106304373978114 -0.043161937141602
0.0528100848025716 -0.152966520758118 -0.0383921392557968 0.0142986725416358
0.0739884607263774 -0.0926235148139177 -0.042676240491478 0.137796984827113
0.05773680251116 -0.120919128843702 -0.102620192355344 0.106013178445072
-0.0338503420537694 -0.142015106260799 -0.0887450645177033 0.129254585464488
-0.105375788534905 -0.0814991896812769 -0.0188570499628319 0.140212480925081
-0.109420897512567 0.0279364350282392 0.0480616568596861 0.094758087246119
-0.0536779144862051 0.07407854324779 0.0439727292146212 0.053743056091961
-0.0133818902707452 0.0868845256103784 0.0341050748107337 0.0446129890439796
0.0179715834522323 0.0912847986465777 0.0246877078372439 0.0469199625618726
0.019201272687833 0.0966333814668529 0.00505485403633498 0.0612857429069619
-0.0110831129158564 0.0859154824282965 -0.0246772455415601 0.065311014644345
-0.0510923197960054 0.0773545425082826 -0.0598795715635903 0.033336833201734
-0.103949051068001 0.0149115276140223 -0.064834984689275 -0.0129608043351743
-0.0986553367622068 -0.0688668537068806 -0.0284240637270931 -0.0453817262392316
-0.0139235652192303 -0.11465008261892 0.0131622206909001 -0.0259208299537049
0.059558791428288 -0.109726336998648 -0.0502591123960236 0.0557313841381136
0.0490750691606247 -0.026043941838291 -0.0532395348276581 0.158993844022455
0.0548789016060419 -0.056645102841699 -0.0904217236482439 0.113502042770611
0.000798146736696691 -0.0894429481074048 -0.0864247068125636 0.10400200405527
-0.0551369732040604 -0.0643925140380827 -0.0379277324966714 0.118590193062951
-0.0729607931830308 0.00639786564911534 0.0162026917239695 0.0985380000551095
-0.0400927512211395 0.0459343438061408 0.028189967794213 0.0751246633605205
-0.0136369446342573 0.057337362746008 0.0293735885239332 0.0723162591738135
0.00277667800209339 0.0635117572952935 0.0285724539242702 0.07433070694168
0.00608518228924482 0.0702052372398487 0.00711542190223154 0.0894704676579411
-0.0165707693193777 0.0646429433872464 -0.0318285992599101 0.0881005746739562
-0.047606259523058 0.0529079572699514 -0.0756763773546599 0.0487713460473859
-0.0797043705340913 -0.00557409834718234 -0.0766487791101686 -0.00944069001789811
-0.0587220206326526 -0.0682850742413152 -0.0347118907963964 -0.0465262722976203
0.0194974015926013 -0.0831752667861506 0.0138340145897584 -0.0129982984556977
0.0642198335314875 -0.0488205708415874 -0.0663283667379655 0.0825673487494044
-0.0441025366405823 0.00408534219671404 0.026413032801844 -0.128728040497395
-0.0151707483149576 0.0475620388068953 -0.0207554652289089 -0.00912281609045211
0.026408678619897 0.0460989197940577 0.0556906886991883 0.0427939723340585
0.043782595289566 0.00179304477124552 0.0993015700853033 -0.0139088644452493
0.0216026065941206 -0.0305694062845215 0.0783981896531405 -0.0878760192312388
0.00211244914176588 -0.0253060687940299 0.014686563539633 -0.123967039225876
0.000968613973553782 -0.0257680055820829 -0.0471400005779371 -0.106956248594152
0.00211661441449876 -0.0261961684262464 -0.0702231340455732 -0.0761972927973552
0.00566292802962935 -0.0223069599274003 -0.0623955217066484 -0.0675104475651903
0.0132762292558712 -0.0126928605965496 -0.0530190541404466 -0.0759987517140495
0.0244800100110798 0.0042164747006376 -0.0430953203709755 -0.0889880882422644
0.0191073685842281 0.0341526839167517 -0.0124403616424187 -0.102284382928581
-0.022784791142025 0.0447961905553319 0.025126811739794 -0.105480304971649
-0.0518471456166211 0.010949701468039 0.00680517716558459 -0.123263755299528
-0.0493310220026646 -0.0267368142473468 -0.033129422191398 -0.167292185386499
-0.0523110740360661 -0.0669438365581211 0.0369013636611184 -0.112688425491124
-0.0523893077702219 -0.00638943869540202 -0.0227168133650418 0.00479947332455851
-0.0356966696373933 0.0298647820239512 0.0658604324335535 0.0675216254022807
-0.0049882056438844 0.0276050250223378 0.123229227704076 0.00160667298112783
0.0098698705678156 0.0154738700676071 0.102322393433601 -0.0930422613978127
0.0118901955804169 0.0116661089949416 0.0268039471150389 -0.132084073056321
0.0224382381264644 0.00929529258886859 -0.0398447076362583 -0.115567122696829
0.0277122461153753 0.00683413929936469 -0.0673636262586578 -0.0795068301660075
0.0275947928774619 0.0133438833898455 -0.0616105526486143 -0.0672414751016025
0.0138533285860569 0.0225340430592589 -0.0509062608143414 -0.0688699575777745
0.00307286165073347 0.0374180357404657 -0.0440698545223044 -0.0802338661069153
-0.0296734269443092 0.0439105766287307 -0.0223814660518832 -0.0894463116504107
-0.0717608007869165 0.0185007780903027 0.0106732178991767 -0.093560662088195
-0.0724866284686858 -0.0434079324974252 -0.0134618358888047 -0.113191128959542
-0.0486289410801634 -0.0973316278375032 -0.0436716288534755 -0.151795654866059
-0.0472112967685277 -0.133057846994189 0.0435108933954788 -0.0759012998756879
-0.0780493680789542 -0.0723062588299737 -0.0269910112782443 0.0313415368700717
-0.10034369457893 -0.00338379992372091 0.069008583037293 0.102122853994635
-0.0669205027741528 0.0439579192652295 0.140808629723729 0.0315162571945353
-0.0148032664219374 0.0624212367343244 0.125270867380692 -0.0820785123532874
0.0141679794113163 0.051273045696084 0.0429025887711408 -0.124518891878416
0.0384248291137714 0.0459308981971391 -0.0242768070247518 -0.109776621449993
0.0501855935139174 0.0392269850701322 -0.0540582910764229 -0.0718128675374559
0.0490158617166982 0.0453546866445117 -0.052698737829805 -0.054475024658888
0.0202078036940748 0.052822142051105 -0.0472758683848907 -0.0500427808583642
-0.00675504023736931 0.0691726142282659 -0.0488105348835239 -0.0610432527353933
-0.065699627252698 0.0625356659083219 -0.037323404782843 -0.0722592905125844
-0.114794353778187 0.0104654450067057 -0.00742571164932772 -0.0804109142320988
-0.097582183369921 -0.07845192522645 -0.0282142048418901 -0.0970220364817579
-0.0504774662706721 -0.150100026553071 -0.0516507570523788 -0.117235265418039
-0.0299876548941771 -0.179296038402281 0.0444916134750316 -0.0213109061210137
-0.0842067345672041 -0.134859209297206 -0.0336130405758275 0.0659248330304995
-0.150293534633844 -0.0500580741018907 0.0586296662899363 0.138447367264492
-0.12834248406142 0.0434175041673491 0.143448667970982 0.0705282848288998
-0.0486363538356648 0.0998683300961909 0.139974780537428 -0.0536622482261676
0.00929636013318111 0.0877156685326655 0.0576935772000004 -0.0995434568947838
0.0453122268349283 0.0778333309552 -0.00362141101559936 -0.0874141476127969
0.0653305090432959 0.0656775274707017 -0.0324961105269493 -0.0527280758526194
0.0665555392483399 0.0689464869682353 -0.0368243091119268 -0.0321725758413675
0.0293509861201712 0.0746633312136078 -0.0376773539552533 -0.0231056320518857
-0.00681225303457457 0.093107920469403 -0.0492776274065477 -0.0339955567667309
-0.0853032135358868 0.081667098103006 -0.0484721579932921 -0.0490442013204535
-0.142797229436748 0.0123861526336173 -0.0222022918227926 -0.0648596258591201
-0.115510468116024 -0.0962865417463755 -0.0306539411591983 -0.0777410776987142
-0.0498373716972722 -0.180010482920693 -0.0517720312722349 -0.0690769337810085
-0.00664244268152077 -0.19482270864103 0.0379639591006891 0.0428563148611483
-0.0673789453804547 -0.174308889819232 -0.0428637491254825 0.102767285494564
-0.166188247500393 -0.0959841291235767 0.0337834029663538 0.164327038704647
-0.166984680124068 0.02381701276935 0.122894356916472 0.108125913297313
-0.0797592437163993 0.113593212927366 0.136422905309061 -0.011980174918661
-0.00153976670031646 0.108791412274551 0.0670045880741811 -0.0591328840564561
0.0447956427234515 0.0979576972923221 0.0179313104408492 -0.0537475630566807
0.0703568413009736 0.0821459938286823 -0.00756682785512608 -0.0254882170439322
0.0755529725398059 0.083304170745541 -0.0150825575910936 -0.0041590623561744
0.0352189150546954 0.0875086573715046 -0.0237775131726179 0.00814275071078405
-0.00542367441131844 0.10554441821885 -0.0465624110783028 -0.00372664387875745
-0.0946649865832197 0.0885360094061296 -0.054452592710044 -0.0246335390225491
-0.151822439728068 0.00827449738876159 -0.0312907563607692 -0.0503412388994068
-0.114639100437332 -0.103675351433556 -0.0219307975481915 -0.0588916946488511
-0.0383513712603457 -0.183979164112191 -0.0432894276239698 -0.0168527664859845
0.0152426698120291 -0.173220601897446 0.0269303590644806 0.104595121689512
-0.0327715140924921 -0.175004232039951 -0.0491392807607307 0.130853755051568
-0.14049741497579 -0.121422121625072 0.00296378957661286 0.169573490199595
-0.166312705610028 -0.00533989866825089 0.0843388594259814 0.130978687597939
-0.0954463884014876 0.100221384385142 0.114612890950521 0.0316985809580922
-0.0132999515836366 0.108688163036443 0.0677511503463157 -0.0119159039426853
0.0352807817195446 0.100900626262052 0.0360129070780289 -0.0141558995120236
0.0638902004047404 0.0869229935714158 0.0179484169066182 0.00305583302856941
0.0702908457550382 0.0877293486264869 0.00736003568148582 0.0253557174422472
0.0308979155412253 0.0903752639772155 -0.0107828459826662 0.0384506213480029
-0.0168609207132908 0.102018721402626 -0.043524475235331 0.0230703545841886
-0.100472694072607 0.0692826752365557 -0.0564319007865628 -0.00884934817632094
-0.140038082254643 -0.0127146685008897 -0.0335536843018718 -0.0399371838346895
-0.0804539528573592 -0.113076974909308 -0.00552219676983092 -0.0430611035514545
0.00170513807588127 -0.163593629116913 -0.0360500884884809 0.026761336240767
0.0395440428249161 -0.114361319045567 0.00435637219232267 0.148608011079379
0.0128257062706564 -0.134140016882361 -0.0602711513053667 0.138782597150067
-0.0807135465372606 -0.120810745483144 -0.034960204130467 0.152908496743599
-0.128003328595813 -0.0371608798399177 0.033551658363887 0.136477066359738
-0.0922325684157567 0.0642200696607774 0.0770564926583722 0.0689947335916827
-0.0241227883444087 0.0877328918835328 0.0579488689520523 0.0331134595327238
0.0183174742134721 0.0886176994886232 0.0473938585479049 0.0269073797602865
0.0476560699131471 0.0786673155893206 0.0373926135771899 0.0333430314898471
0.0505963777945473 0.0828271641787496 0.0237933234973073 0.0552634233784912
0.0185942050383686 0.083550619290063 -0.00392042970383983 0.0671708499127255
-0.0218864498364936 0.0888125846707236 -0.0459222406775425 0.0485233300235962
-0.0933178775383859 0.048078773841282 -0.0633999617655641 0.00738305880337352
-0.11483750658986 -0.0315083029680553 -0.0400418737889486 -0.0334384814506443
-0.0515784641487066 -0.102996738994782 0.00186084279686879 -0.0280530430768548
0.0215830458790826 -0.124126019401154 -0.0337517688800407 0.0682081206627079
0.0386837448553617 -0.0411840949428285 0.000330647758632513 0.169614750239461
0.0332921135715068 -0.0719619791407709 -0.0497093221113008 0.140325198593907
-0.0300139763758111 -0.0829856831875548 -0.0440820180564371 0.128172013983454
-0.0748836418408369 -0.0395824940507079 0.0066610690716029 0.124726507489813
-0.0651269415049976 0.0318201284926749 0.048845796351781 0.0848937561742092
-0.0212999137424978 0.0572731344274732 0.0517262326786772 0.0592195896160802
0.00697181012271115 0.0600033604608539 0.0537887312426866 0.055239167101837
0.0244645811930217 0.0580527998859068 0.0514516510662445 0.058065682696913
0.0296419617944119 0.0629098228546799 0.0356535076098096 0.0800816217717238
0.00603136041866207 0.0660851447558553 -0.00202900129903098 0.0915346422711396
-0.0270766127289709 0.0649085934211091 -0.0545857761398032 0.0689263860720595
-0.076523371245255 0.020925464915779 -0.0738418735686713 0.0145119035527167
-0.0771854718901924 -0.044049095529278 -0.0474549168296504 -0.0325453164141833
-0.00998106766134066 -0.0842879579076101 0.00658865564654335 -0.0166188280798013
0.045410567479122 -0.0677685866184958 -0.0384730617920784 0.0969860863494652
-0.0442901111004507 0.00486893501101557 0.0250086646308221 -0.129090912812112
-0.0143417975565154 0.047954753862908 -0.0215079545618161 -0.00749863056736549
0.0270400911374492 0.0450887916919571 0.0565042789532764 0.0437988803571656
0.0441034085295625 0.00125580719319697 0.100364467139213 -0.0154831664163005
0.0203905616705996 -0.0304241271653449 0.0785211898653279 -0.0896521138959619
0.00140928312263716 -0.0246736291335608 0.012573906867403 -0.125286646016019
0.000578517537597296 -0.0262609054025341 -0.0492093719283361 -0.105019697149206
0.000866008830910055 -0.0263891024863894 -0.0715217996607121 -0.0732105599159293
0.00568716647811111 -0.0226383372691336 -0.0650685675142531 -0.0667355088419646
0.0141585952835745 -0.0125196813709617 -0.0556193664299606 -0.0755013033857484
0.0248187346063589 0.00372778197292108 -0.0458934428085893 -0.0891147428906206
0.0195227941603011 0.0343420449193601 -0.013786476362826 -0.103437182798859
-0.0218114097891488 0.0454572824450601 0.0251890382563274 -0.106973391392027
-0.0521225395750161 0.0113104262757171 0.00733194159103501 -0.122976433958006
-0.0497258335968759 -0.0259376907959909 -0.0344848234804261 -0.167667193485136
-0.0528262857616019 -0.0665693569899193 0.0346112848476456 -0.112959101687832
-0.0534183691297543 -0.00537948207461248 -0.0225086924710781 0.00660325469793922
-0.0347599337149507 0.0299807885372651 0.0671115559647558 0.0682066245955354
-0.0048402958639349 0.0278665733695337 0.124190790522994 0.000558078360035884
0.00946532186120184 0.0152160287631299 0.10141300337717 -0.0951028643741871
0.0122985842664651 0.011339032436806 0.0243050182158192 -0.133702913428728
0.0227898344202436 0.00888622300853021 -0.0425331146399641 -0.114064793405629
0.0277158313976564 0.0058223358036619 -0.0689825695280214 -0.0767733323934412
0.0281358646194234 0.0132138634776684 -0.0641059122116432 -0.0660948998976472
0.0150646351972534 0.0224931003263685 -0.0540006157644946 -0.068573563427965
0.00335639158040083 0.0374596603105758 -0.0465823421506254 -0.0798813185336542
-0.0290029392338622 0.0443905996399239 -0.0235720229264705 -0.0898204541593173
-0.0721508611267667 0.0201831515199532 0.010540772297999 -0.0945559191911729
-0.0733454420813356 -0.0430412932986556 -0.0130317258667413 -0.112436529129859
-0.0502873728624114 -0.0962984172864176 -0.044923537283714 -0.151289058212337
-0.0498641763199961 -0.132343630800184 0.0422616001579177 -0.0762763916661519
-0.0794307527355784 -0.0715875545920164 -0.0268230042545123 0.0329492414028702
-0.100194973534842 -0.00243401385664214 0.0702124664110022 0.102729429643909
-0.0667206983326352 0.0457829415239213 0.142735555024021 0.0304844044706629
-0.0148400828594745 0.0631910491257422 0.12534827902429 -0.0844213847336793
0.0154145286384877 0.0517733341298598 0.0408037529100577 -0.126604136602305
0.0388067084025578 0.0457740962388652 -0.0269268186636086 -0.108481739080927
0.0511207866567373 0.0378155769830058 -0.0556691835522805 -0.0692906575495313
0.0505415092242362 0.0437535202540561 -0.0550396309996556 -0.0532752883664916
0.0211164016021228 0.0531972522087678 -0.0495498226605904 -0.0493080496550989
-0.00504741782039845 0.0695802940951474 -0.0513497462431967 -0.0605581392509024
-0.0649218153507909 0.064144332795938 -0.0383930419639409 -0.0721040800360986
-0.114675926010444 0.0132854264061272 -0.00789405230873426 -0.0823223409171465
-0.0993203852939237 -0.0778322916485396 -0.0282653188006949 -0.0964953223526188
-0.0538845612076401 -0.150157441766868 -0.0530675009985932 -0.116318199377206
-0.0338115014145971 -0.180114001237351 0.0433956252953491 -0.0210709425097468
-0.0858195793476798 -0.134699068609756 -0.0342782406304184 0.0677427058353227
-0.150926732032942 -0.0468450973269057 0.060143916379762 0.139051469543584
-0.128343896944632 0.0457135148261256 0.14474096279447 0.070557265626738
-0.0473960786573639 0.100833424159097 0.139350659823574 -0.0563099673718764
0.0108853464366207 0.0877210335087203 0.0566746681695482 -0.101025231308332
0.0474243242873967 0.0767533629864845 -0.00572390466115084 -0.0873494728254472
0.067056353945183 0.0636574138030314 -0.0343134694459108 -0.0512796670072887
0.0686515795157568 0.0668245330261007 -0.0386430561292969 -0.0313223463226024
0.0307640797483923 0.0746072540240241 -0.0392819467992675 -0.0224645357082326
-0.00496547308088828 0.0933797367224219 -0.0520047787699696 -0.0332430861731124
-0.0841309643642331 0.0838081022578679 -0.050142526011223 -0.0493041640745678
-0.142990719943527 0.0154250622765375 -0.0230172421216092 -0.0666031830865168
-0.117174823604775 -0.0946425202809285 -0.0313918148961727 -0.0774037117451489
-0.0541637925706314 -0.180111265336559 -0.0520049579949658 -0.06793942089865
-0.0107329354012729 -0.195033060379182 0.038063380918421 0.0436072823107035
-0.0694503729834951 -0.174296422741289 -0.0421982969118928 0.103838484441669
-0.167370553863619 -0.0920423960657519 0.0365519997384796 0.164851897982015
-0.167066002367408 0.0267937816066885 0.124791190808351 0.107688404219687
-0.0775220174813519 0.11548298903968 0.136471945983227 -0.0147474447525473
0.000714839728355231 0.109123009000675 0.0667772818084127 -0.060188989204189
0.0470128995562421 0.0966512063113798 0.016414409333386 -0.0542156008024783
0.0731087935098197 0.0803901565730078 -0.00893934907771487 -0.0252987630374404
0.0777049564088339 0.0810146632698567 -0.0154447814716638 -0.00324741559654361
0.0370879651445089 0.0870284336051798 -0.0243125339204678 0.00836905877636012
-0.00352773404604043 0.105708381950941 -0.0486182763145613 -0.00255093324144281
-0.0935264765485199 0.0901154481070725 -0.055942451355527 -0.024023432269979
-0.151598440714682 0.0124089799909654 -0.0319307769443075 -0.0517006609518946
-0.11607173080379 -0.102057145593774 -0.0231632852707008 -0.0585120921246367
-0.0414653348349755 -0.184565899491413 -0.0429658240626145 -0.0166013285654083
0.0119995451493447 -0.173358016874568 0.0277439936342712 0.104548991658724
-0.0347394941639494 -0.175416439451574 -0.0496445075697322 0.131476369732846
-0.142313670325645 -0.118537388602624 0.00380362971553706 0.171222176693335
-0.167956981306065 -0.00270510603672656 0.0863838170550387 0.131853624350734
-0.0938347269028622 0.103067996541234 0.115807504946174 0.0294719859940487
-0.0106018877753384 0.109363470924532 0.0676300144135116 -0.0139157402066138
0.0377788732289908 0.100868368015915 0.035959204322313 -0.0148664877313196
0.0665239928769418 0.0851890706516314 0.0172020909242589 0.00346020446243707
0.0732456784265919 0.0853580352214888 0.00783920275945131 0.0247298730637856
0.0326675190472704 0.0899174424006461 -0.0104103837268787 0.0381641447542536
-0.0149773383226056 0.102729952469997 -0.0446053191017942 0.0241765561953118
-0.0999872850991963 0.0715354334731985 -0.0577487935039163 -0.00889871434651577
-0.140837863050369 -0.00932597630780638 -0.034181970516797 -0.0420155780664011
-0.0828000963441567 -0.111768470112942 -0.0060858931434961 -0.0431898458390155
-0.00143241789738553 -0.16490387954058 -0.0355628308744693 0.0277375297936597
0.0369082734735831 -0.114990713486792 0.00512107797235665 0.149137341545749
0.0114116418777504 -0.135716063401587 -0.060490820623725 0.139959186195867
-0.082648846587529 -0.119373456114918 -0.0337048006758392 0.15477998194308
-0.130282155146803 -0.0352168334399201 0.035717880112692 0.138700173402816
-0.0910510737935261 0.0664308632642629 0.0792363602569205 0.0681893997468733
-0.0221224388950238 0.0887068746437417 0.0598911845343682 0.0326338502872815
0.020082851131574 0.0880693516103541 0.0482640616357813 0.0253686192370777
0.0502441566232967 0.0777686738948103 0.0381291163906822 0.0318641503331959
0.0535666950914066 0.0813339305833725 0.0250080486201496 0.0541348096826943
0.020253299963457 0.0842561724438795 -0.00219024796725244 0.0668919110968698
-0.0194183225234919 0.0896454813859871 -0.0464407571179976 0.0493975822145649
-0.0929966741393691 0.0505438794147404 -0.063662998408268 0.00808494816429136
-0.115868394890676 -0.0287166149736396 -0.0410116071818647 -0.0341294402686302
-0.05371195509972 -0.102668328767964 0.0012494360965659 -0.0283018972232652
0.0190827928948566 -0.126123955425011 -0.0319788239862989 0.0700867321157321
0.0378242772491463 -0.0413579309681775 0.00146365863354767 0.169990470776949
0.032888106610861 -0.0726654471275595 -0.0496853107967131 0.140745163294544
-0.0312424384183754 -0.0828180786367895 -0.0439523476428864 0.129799377284542
-0.0757279585279814 -0.0382209446937892 0.00862170893306127 0.125843135749039
-0.063526181667155 0.0335985796404382 0.0510272138549045 0.0844822671088779
-0.0195624094554555 0.0580233370693964 0.054560661134754 0.0583835534992403
0.00890025234462061 0.0599332875407594 0.0548925778185659 0.0533547278769601
0.0259331328618191 0.0577597216984359 0.0524607332240578 0.0552214001245467
0.0317060068940241 0.0621682600449669 0.0374382232106552 0.0790443632390099
0.00814471793954067 0.0658905920631136 -0.000119488365194557 0.092285338737588
-0.025387563700909 0.0657685142233572 -0.0546129136522744 0.0705535808337235
-0.0772106259123996 0.0220970763178795 -0.0750000258743953 0.0150006596199673
-0.0778695865071596 -0.0420531902514908 -0.0488784883749097 -0.0332737920444161
-0.011148002934996 -0.0842609472576529 0.00605492611249124 -0.0172293729596196
0.044275359608488 -0.0689962598822442 -0.0370018358529982 0.0985502820851768
-0.0448691028830821 0.005948286595017 0.0236466753135832 -0.131749900467881
-0.013933032307456 0.0484479690976088 -0.0227980591830284 -0.00590639948684396
0.0286141863593714 0.0446031587538492 0.0583662176179513 0.0454124407768056
0.0447430686736591 0.000568378276569382 0.102716988690807 -0.0165794248216401
0.0192854361955995 -0.0309611273480064 0.0786365657308845 -0.0929251969715869
0.00123260631295098 -0.0253132826256387 0.0104858167178928 -0.12834530384897
-9.34528083345286E-06 -0.0270022738280251 -0.0522909082372774 -0.105272118917006
0.000164315973286052 -0.0269326143514214 -0.0738245105938526 -0.071671089940882
0.00530152721360033 -0.0233852751751909 -0.0688360898961388 -0.0657357776360018
0.0140020958730054 -0.0130753369146272 -0.0594227657708872 -0.0752921265724923
0.0249550609284916 0.00353666813404236 -0.0487832063837753 -0.0902114131426693
0.0203675559601841 0.033914775418379 -0.0153426673298272 -0.10603468751429
-0.0213216835514208 0.0467772441883118 0.0258372665051532 -0.110800018162111
-0.0527068835315757 0.0116749041225488 0.00723204828874584 -0.124411895608272
-0.0515540031733984 -0.0255093904056857 -0.0363554355618287 -0.170842921736921
-0.0553593377452578 -0.0674217963739245 0.0342234335802637 -0.114716920115294
-0.0545863047796375 -0.0054379065162486 -0.0232067469070989 0.007971520545593
-0.0352421997416234 0.0312826505984509 0.070057977418105 0.0695804716184985
-0.0050059657754532 0.0286060029101381 0.127658581214301 3.92428990043871E-05
0.00899093977159617 0.0157489015423155 0.1021622346917 -0.0990903665749192
0.0118958881362114 0.0114248626140544 0.022533344851141 -0.137332722603075
0.0225787162703958 0.00835302246114683 -0.0453075542901503 -0.11458765841296
0.0284872955341164 0.00541336732064036 -0.0718955295862613 -0.0753120592411143
0.0285997628808172 0.0114988979799359 -0.0672700919665606 -0.0655546382339781
0.0151278073635383 0.023198907455372 -0.057706151475095 -0.0687709235304811
0.00412683500554305 0.0382547321945898 -0.0499117904717296 -0.0804706886325951
-0.0297707508688904 0.0448481187513271 -0.0254777399351023 -0.0917233256048092
-0.0728964818737362 0.0223170651661018 0.010734143899686 -0.0988078804571004
-0.0763542734604137 -0.0426009626556011 -0.013637454451787 -0.113995450172291
-0.0531428721023445 -0.0975263985387331 -0.0475480093811586 -0.154010492974873
-0.0535355828973382 -0.134650707656676 0.041532651360368 -0.0772400407396075
-0.0816244821265796 -0.0718249908418496 -0.0276525179413236 0.0343760986632805
-0.101659960072704 -0.000380588234176182 0.0731007636256001 0.104774619951128
-0.0676415401290214 0.0471974703629158 0.145870244764487 0.0303671056272122
-0.0134054208669361 0.0651128221844304 0.12614174873483 -0.0895352743185715
0.0167250219096467 0.0526626152302466 0.0390493704217439 -0.130404492808993
0.0405204656915256 0.045988032873632 -0.0293004132597693 -0.108763444227936
0.053183896478446 0.0368385622569181 -0.0582575525865476 -0.0681294121373597
0.0529035424066876 0.0423604126200967 -0.058100102658899 -0.0522028774129058
0.0222087096797195 0.0537111353806614 -0.0530849931284706 -0.048822107213013
-0.00422988810019175 0.0706507026876213 -0.0545532824791231 -0.0605795343784115
-0.0652761985764824 0.0667494568731204 -0.0402658576254364 -0.0737495392285323
-0.116720291020451 0.0165437688741473 -0.00842102839242479 -0.0851519280627537
-0.102539169350454 -0.0780281991610322 -0.0289921378169063 -0.0970375691599204
-0.0581869485876387 -0.152194512842631 -0.0547837127044996 -0.117795833168285
-0.0374661006341165 -0.182707960026026 0.0436903818545667 -0.0211835795264904
-0.0893336253014145 -0.136427522132293 -0.034207141512638 0.070113385386543
-0.153535305754154 -0.0452799663774111 0.062986763187425 0.142417880344019
-0.130968118387609 0.0489090347805012 0.149264590353399 0.0713971164391656
-0.0469137571210021 0.103993017055255 0.141064944600756 -0.0596981533347951
0.0125926877143141 0.0900291722687575 0.0565876491222893 -0.104372752119371
0.0498354980304016 0.078130035224013 -0.00735050956344116 -0.0880709734771036
0.0698423377542385 0.0624005794290871 -0.0367727620124559 -0.0500625551529866
0.0717690068869675 0.0657061244830053 -0.0403186981388569 -0.0295937354330417
0.0318960763232839 0.0762423251298631 -0.0416515506605592 -0.0218372155195687
-0.00312602700012354 0.0950421383915763 -0.0553378114696717 -0.0332391259078243
-0.0848027168490944 0.0866546820841848 -0.0521176388389154 -0.0499352764544123
-0.145431647978305 0.0186205929134248 -0.0247294105921687 -0.0693557021226016
-0.121128110486307 -0.0945033700068062 -0.0323439791426743 -0.077568080313006
-0.0586957707425806 -0.183156400267188 -0.0536967508498706 -0.0687304270274886
-0.0150783753323213 -0.199019187543342 0.0380685761475682 0.0451276183753383
-0.0731156853925169 -0.177453181556868 -0.043010709983364 0.106774456169579
-0.171130789163861 -0.0902165119526922 0.0380602949974668 0.169566221123801
-0.170903099997985 0.0297876457531564 0.128595246301841 0.110748359332079
-0.0768396994795099 0.119512691311929 0.138672086066591 -0.0172515342135452
0.00287738891985789 0.111603666182036 0.0667957609354301 -0.0619190007126672
0.0502341150378162 0.0982944709985928 0.0158675303203264 -0.0557061204206402
0.0766279755758666 0.0794477678530039 -0.00993752677363445 -0.0241210592216891
0.0813203821180236 0.0799481333363054 -0.0164107770702831 -0.0030705376482583
0.0389561344817052 0.0885147117982686 -0.026144153811745 0.00905829167984946
-0.0015007479819774 0.107108692642039 -0.0507048731199599 -0.00183729295285386
-0.0928062751471612 0.0936975063414622 -0.0576715107201073 -0.0252489783275257
-0.154158023584296 0.0164809561872618 -0.0341670876927072 -0.0546729509156481
-0.120465132222511 -0.102279541551873 -0.0237628619339245 -0.0590612159763152
-0.047335503570121 -0.187871506246919 -0.0431776987276727 -0.0158542791446864
0.00923342599804534 -0.176290838728268 0.0278684098061346 0.107052721021018
-0.037846193604361 -0.17878360301613 -0.0497645297516972 0.13479137303531
-0.145674613974907 -0.118805956227691 0.00495613310145111 0.175399575592013
-0.172397267903844 -0.000464386086390651 0.0902753396168379 0.135927108934438
-0.0928801824833884 0.107289067052391 0.118618892443122 0.0278075309017824
-0.00813442403104145 0.111960820723181 0.0692958802984961 -0.0145161006720893
0.0409632450640198 0.102461409761086 0.037073099217755 -0.0161877546220421
0.0705110419873252 0.0853243878183706 0.017301838575087 0.00264587201158013
0.0767118666614019 0.0847101265311919 0.00823349802124962 0.0245074923379379
0.0346910643700336 0.0918820900914056 -0.0104166607695817 0.0393605188205264
-0.0130373243673093 0.10466677235045 -0.0462922518682285 0.0255084262612045
-0.101137082787146 0.0747881848417033 -0.0599834606350859 -0.00827614954759718
-0.144490325408558 -0.00639043167071688 -0.0359592235127515 -0.043251686507315
-0.0865783615342987 -0.11269719263575 -0.00733407812277807 -0.044685396633679
-0.00581356218861769 -0.168572110146979 -0.0352271030994825 0.0293104520614
0.0351792920233238 -0.117242761618046 0.00660327752175183 0.152402862441341
0.0107408666906169 -0.139096589590478 -0.0612445081880406 0.14292541962609
-0.0860613971791758 -0.119805628440733 -0.0334224910035275 0.158725677534694
-0.133820210484221 -0.0345971933947666 0.0377925000822929 0.142452114835716
-0.0912286675851309 0.0698858017212725 0.0823333187310677 0.0679520324658495
-0.0206368576761122 0.0911246613697553 0.0627035149080894 0.0322988397582428
0.0228110020264497 0.0891153345127025 0.0496742033750068 0.0242566300290711
0.0535919271221505 0.0772354439922548 0.0387558620229649 0.0310520616287794
0.0567540182980182 0.0810736857246481 0.0258315870290234 0.0540193312456512
0.0225694414223669 0.0852991132425116 -0.00112838311409995 0.0676773859104998
-0.0181490780011395 0.0916699822102823 -0.0464979612345849 0.0517861136701372
-0.0942186353375308 0.0537191839578598 -0.0663662080464974 0.00798570709633597
-0.118514019216153 -0.0264821390929573 -0.0433243005658448 -0.0360996921516872
-0.0560767156090752 -0.1034353725929 0.000413506799053977 -0.0293434559857154
0.0174666856398745 -0.129099595863677 -0.0314402356290591 0.0717233199682459
0.0376006380134977 -0.0425719549632228 0.00207449991679512 0.174124275010428
0.0331870679591304 -0.0754727942618329 -0.0507942064998808 0.14347988716322
-0.0332103349309958 -0.0828672187529197 -0.0436582497878092 0.13303516076742
-0.0786042301000976 -0.0376248696290461 0.010205928780256 0.129927900095619
-0.0647183101221792 0.035596733089795 0.054318637102489 0.0864153086851334
-0.018600933366893 0.0592360557055086 0.0570629552353134 0.0587651162620681
0.0102344981111337 0.0610489586220247 0.0581669307505651 0.0526138316462742
0.0286726057657017 0.0582834493266959 0.0541449133733531 0.0548333313479267
0.0344869613546728 0.0619693183453679 0.0400028071801929 0.0787523734401877
0.0103582766227765 0.0673034103796649 0.00157413530316097 0.093449362573846
-0.0246276714523196 0.0670588634165973 -0.0546989804337039 0.0723065228754227
-0.0786868941305061 0.0245220090276806 -0.0764732542372447 0.0156697619096658
-0.0802423937937678 -0.0410298460973416 -0.0507153225187037 -0.0347347050525032
-0.0127744654115858 -0.0851718516818088 0.00549193358115977 -0.0185963670869551
0.0437215650307065 -0.0713743887127052 -0.0358084050393452 0.10132746098146
-0.0452039310392937 0.00709398935163415 0.0200770231311573 -0.135797360738195
-0.0125168252314562 0.04975929375837 -0.0235222301799614 -0.00452401550340329
0.0300037096497301 0.0441436876237699 0.0613782487471809 0.0461291148871659
0.0461629269869059 -0.0015821395691217 0.105355801239552 -0.0196224098733937
0.0179580420805016 -0.0318389736753236 0.0777344658740775 -0.0982877974893153
0.000468326087160267 -0.0262098722247775 0.00561087426522701 -0.13218747609762
-0.00113394390821575 -0.027614567909729 -0.0562745056324012 -0.105683775544229
-0.00125177123976596 -0.0281034104889139 -0.0775327891266014 -0.0686722570737295
0.00444376464447591 -0.0249578928745145 -0.0739712537903957 -0.0636797726093596
0.01396318007403 -0.0139517118901263 -0.0649902293492139 -0.0752894661014154
0.0260451358032099 0.00373080981918033 -0.0534850963691608 -0.0916808511999822
0.0215570975722399 0.0343215710389098 -0.0185799158968982 -0.107632741269682
-0.020551652608395 0.0488553771908883 0.0243486526160349 -0.115378372683517
-0.0542245761569038 0.0145253340958652 0.00662785439525886 -0.126896781884375
-0.0532042362599389 -0.0240690985899165 -0.0414047311252639 -0.173330882631282
-0.0591500851564832 -0.0673473299918355 0.0315611445471693 -0.118025261404613
-0.0560845855269084 -0.00457937032816725 -0.0248588548798954 0.00993680727861761
-0.0350610974089015 0.0326877591382011 0.0742413323338608 0.0711433189557253
-0.00412091481112539 0.0299760217644707 0.131490916023521 -0.00367609863647695
0.00907756487382986 0.0164288974336656 0.102423661132325 -0.10577420049861
0.012277100434102 0.0114781371963836 0.0182487136843993 -0.14239952862607
0.024373288965919 0.0085177369028092 -0.0501405360512818 -0.114614305022401
0.0294516584662335 0.00352187204137523 -0.0760936217780513 -0.072545716178478
0.0299830691685598 0.0103664535156388 -0.0726346918961625 -0.0634464435162156
0.0159342605419355 0.023543817995482 -0.0631758279569179 -0.0681338339935773
0.00575069574790364 0.0398657868320232 -0.0545758062549538 -0.0818605734396369
-0.0292826221172346 0.0471418443947623 -0.0287809783933103 -0.0942151699621099
-0.0733506857848434 0.0253973542691492 0.00932511955667324 -0.101944449042657
-0.0792901990801847 -0.0418753011454616 -0.0153025511807603 -0.114989251094565
-0.0578440800864541 -0.0991508763360606 -0.0527037206992833 -0.156273692635868
-0.0589837153312281 -0.136231935737348 0.0407932150130283 -0.0793824857209935
-0.0869283345234056 -0.072058366589701 -0.0275242992673548 0.0374282366215778
-0.10398686849387 0.00296798292723805 0.0777427675243196 0.107407841145618
-0.0685990310393332 0.0508148679448579 0.151547053446803 0.0277374268069641
-0.0125523533576416 0.0670722892370943 0.126448391389902 -0.0957201781782001
0.0184950799003734 0.0537264722853875 0.0358746658270794 -0.134951939313183
0.0431623012715818 0.0456442591023423 -0.0337651340276031 -0.109933240930758
0.0562324686356908 0.0344803872347919 -0.0619192600248963 -0.0656973624061316
0.0560689313911578 0.0408654879113419 -0.0630016753045927 -0.0500749463998628
0.0241604648447299 0.0545607197061681 -0.0574893245036303 -0.0481085160999687
-0.0016812834965537 0.0729745735317598 -0.0593235359186888 -0.0604323938474612
-0.0649535964621684 0.0706355082700775 -0.0443012587519745 -0.0749429010131039
-0.119263782695987 0.0206100645979628 -0.0106521302992984 -0.088998121263065
-0.108154833185812 -0.0767052658369061 -0.0313482773430444 -0.0979045809896323
-0.0645519270406312 -0.154656065555702 -0.0595500102425784 -0.118529819471508
-0.0448709385036575 -0.185558388925056 0.0434716304769671 -0.0220107609093744
-0.0959583838561323 -0.137570700701324 -0.0336431682559274 0.073587251724806
-0.158239414678535 -0.0413289111047202 0.0678233776177287 0.145492456064571
-0.132870369427005 0.054156742218382 0.155690522447938 0.0702401844975386
-0.0435467545953006 0.108276126671727 0.143075475529576 -0.0669832197917682
0.0159002246766572 0.0916912744653241 0.0543242897036972 -0.108352851556126
0.0541151543479602 0.0782225155919908 -0.0107106802433404 -0.0892041604519526
0.0750645975074521 0.0604625525617254 -0.0395110352852836 -0.0489615389156342
0.0763363009130691 0.0630198434285077 -0.0436922635071566 -0.0285886654884975
0.035239550331868 0.0773834696297967 -0.0445777568898833 -0.0203549381458986
-0.000153995978391939 0.0974033242702695 -0.0591846786106612 -0.0314456958998235
-0.0842300423063919 0.0926267446515686 -0.0557270742498917 -0.0501737527497714
-0.148544418813513 0.0246018676248759 -0.026606104511837 -0.0721513702423086
-0.128265031470722 -0.0938901747904711 -0.0346678191417133 -0.0781656148649663
-0.0670817267249615 -0.186382321726745 -0.0568333585175796 -0.0678745386762667
-0.0216392612811364 -0.202582371538879 0.0399766410815619 0.0460730291598639
-0.0803481551398949 -0.180087845319247 -0.0414636558913186 0.111301677690299
-0.176974054031576 -0.0866904347040985 0.0431375349087101 0.173317418188792
-0.175592390343822 0.0370039526959921 0.135915673850855 0.111880489272986
-0.0748400876952038 0.124869470912007 0.142775547221151 -0.0226424612466518
0.0066180502277087 0.11433606140121 0.0676052824367171 -0.0662469068702384
0.0541516902072059 0.0996250557230545 0.0141863270026767 -0.0565854251774151
0.0822384089451068 0.07740971129339 -0.0116634390154794 -0.0245972241919709
0.0869161627898818 0.0767141290342483 -0.0182562018290323 -0.00281621741528846
0.0427406657539369 0.0889158503585572 -0.0267730089173176 0.0110326793979202
0.00240936017948748 0.10915167951864 -0.0535113746103687 0.00040649388083339
-0.093053917408742 0.0999570959444675 -0.0611528365993004 -0.024561004306654
-0.157139672902635 0.0225347920298033 -0.0370398960211623 -0.0561900213495921
-0.126969484189318 -0.100568297060362 -0.0260655095398763 -0.0600880094358802
-0.0553652706151982 -0.191592364157555 -0.0448315960997185 -0.0144393700795805
0.00276023860553547 -0.181050926877741 0.0306808855353367 0.110190916267637
-0.0437046817882074 -0.182926038914847 -0.0488735401427644 0.139869228087223
-0.152030484811414 -0.116283496726625 0.00932660868443378 0.180280504363275
-0.176853514010221 0.00466470680201551 0.0968488017087544 0.137827835565605
-0.0910466753561427 0.113347080745052 0.123179495126333 0.0245509576210211
-0.0048078946117848 0.114872123591585 0.0713346993440776 -0.0170219774338139
0.046325556546925 0.1037649193628 0.0372634684776069 -0.0176314164217254
0.0762676018874096 0.0832412872054461 0.0169579392144218 0.0021731697329784
0.0820530283725024 0.0823099103370663 0.00819364081961277 0.0252178540411027
0.0393847533459343 0.0929266856015547 -0.00991151886376095 0.0396834727334173
-0.00954133588876898 0.10698917248121 -0.0473730763983682 0.028218409944239
-0.101153215537544 0.0805310187096808 -0.0625254076093138 -0.00787721925725632
-0.147797512812249 -0.000572940285083923 -0.0393838880844747 -0.0457297059188819
-0.0934537428935257 -0.112615422895537 -0.00899744555183723 -0.0446021299465942
-0.0130714343361951 -0.172828034104287 -0.0342086348125588 0.031803805395535
0.031970951586796 -0.120638283883368 0.00998996620689256 0.157559691429617
0.00693092731529099 -0.143438178460632 -0.0603971505940431 0.149277600243284
-0.0913886063628608 -0.11895829458306 -0.0311233526918155 0.164017201502079
-0.139378171576786 -0.0310186193090063 0.0436787818171553 0.146871628677762
-0.0909081910064363 0.0750492422343707 0.0873988708321517 0.067267532723654
-0.0169108750446971 0.0932874902776198 0.0651969836481585 0.0310956695612546
0.0273935472296046 0.0907564367292918 0.0527160789384846 0.0228080802763161
0.0585440260905884 0.0767047031616735 0.0399435825295844 0.0295819145842887
0.0618023865387708 0.0796611445076021 0.0280971144307831 0.0531075379729552
0.0265394543120666 0.0861643367313083 0.000945224963269037 0.0690244699195174
-0.0155145055216886 0.0943373260831363 -0.047095593651233 0.0547909339388083
-0.095588724624998 0.0580140629065038 -0.0689756522419695 0.0102578355620281
-0.12255073903493 -0.0226309938594787 -0.0461198724877106 -0.0372440002631905
-0.0614764489357289 -0.104205267165417 -0.00107875987668086 -0.0301028333375358
0.0124663299362248 -0.132364729994561 -0.0291868043724128 0.0746803576581365
0.0370804275065784 -0.0446798812863977 0.00606601410849286 0.179248582909373
0.0319781328146541 -0.0791487073328737 -0.0496298765675508 0.149136638710634
-0.0359604115332565 -0.0836683874379525 -0.04264114412521 0.138448838954496
-0.0820151754613183 -0.036702086889328 0.014434108004031 0.134635449188352
-0.0648179800423509 0.0394995457357422 0.0595421422404868 0.0872768888171534
-0.0157561813878796 0.0612581793172055 0.0617648516563211 0.0587815442865907
0.0130056984457625 0.0616938851501337 0.0616886132528785 0.0511792239580888
0.0319382316166589 0.0579870289256072 0.0567378499158854 0.0520698618061769
0.0377736036435371 0.0613257323104716 0.043199021747098 0.0777663578477046
0.0137065957063129 0.0685368588516563 0.00508415449279627 0.0946679617318875
-0.0226243106653115 0.0698766852805263 -0.0546806268681773 0.0764302175642494
-0.0803189649082778 0.0283053226994175 -0.0795974485916746 0.0182511998895835
-0.0834908566591222 -0.0390104733414954 -0.0535726060146567 -0.0349814863664544
-0.0164874749453783 -0.0869076287706089 0.00550070275295285 -0.0191252107673666
0.0417852870601338 -0.074609582562862 -0.0321367093627954 0.105573194581277
-0.0459323934568282 0.00896636334181345 0.0138443797840597 -0.137809994663014
-0.0110930119366163 0.0510410874794664 -0.0243091320658676 -0.00177890056235178
0.0326898305163287 0.0429538983198977 0.0654073475870998 0.0463437796503667
0.0461490463574867 -0.00392246485188956 0.10696824180638 -0.0243029409282934
0.0156622746568279 -0.0325576549782647 0.0744682550089226 -0.103681911433021
-0.00196466133496181 -0.0269431206413625 -0.00077504398644901 -0.134717372420926
-0.00265428627126158 -0.0277668596877667 -0.0622396200162021 -0.103492070289266
-0.003297953549728 -0.0278782124687711 -0.0805693140244523 -0.0648553047142776
0.00252941807115272 -0.0246598836888789 -0.078912013172764 -0.0601473372340232
0.0137285793698526 -0.0146377547373738 -0.0713024541755788 -0.0731431366377757
0.0265638263445462 0.00219419355136608 -0.0599071724050958 -0.0902759790746865
0.0232804949595074 0.033637702815331 -0.0232538176915036 -0.108515003890563
-0.0181397251187389 0.0503733823491492 0.0217862522750387 -0.119286081508589
-0.0538810800852649 0.0168088870723385 0.0033281836431797 -0.128913602359146
-0.0547337784649013 -0.0219566672153803 -0.0487740404980798 -0.175005151463205
-0.0636801519773054 -0.0656939024075875 0.026530052726452 -0.120392485143299
-0.0571919456201468 -0.0025288298715658 -0.0242612452520119 0.0120321826873727
-0.0342680409857617 0.0343108004096563 0.0786223732194012 0.0707695359200602
-0.00327625734801845 0.0294329139008031 0.133486937414231 -0.00883443822832575
0.00969981239877364 0.0162388796382592 0.0978803337507644 -0.112371807441824
0.0129254443335048 0.0106925298059254 0.0110602675460265 -0.144862009732788
0.0252010529772086 0.00701965076609246 -0.0564889065146209 -0.113125855206084
0.0295156108615758 0.00182142787019893 -0.079353742182449 -0.068566188330011
0.0312390590315018 0.00890189317457149 -0.0775787287940465 -0.0597376255957263
0.0176903249506913 0.0231973757211357 -0.0682584864314645 -0.0657866467067578
0.00820573661536183 0.0393671373525377 -0.0606961731316216 -0.079656942435561
-0.0276583939690614 0.049511573775122 -0.0330687440581199 -0.0947938262981698
-0.0731269449222696 0.0293530916607377 0.00539619328831913 -0.106109550096335
-0.0823832773186059 -0.0384784553881868 -0.0189845451352302 -0.115559817403895
-0.0631525656956748 -0.0969016438991714 -0.0590249581994576 -0.156313398057189
-0.0667538520524024 -0.135391238305493 0.0372737508406773 -0.081273372427933
-0.0908627768603549 -0.0695404657256948 -0.0266668819478399 0.0398637361104386
-0.105217089704586 0.00799525079573417 0.0839045188834487 0.106100861253797
-0.0678302440793375 0.0546570514660003 0.155648012763067 0.022582036249699
-0.00899207701357495 0.0691987857727546 0.122977509230858 -0.103592048052388
0.0210264635019305 0.0540059147781598 0.0298659547818053 -0.138951347197837
0.0466383413773529 0.0437078524090255 -0.0398598454390961 -0.109406511267494
0.0591242943200825 0.0314844803102819 -0.0656250968546115 -0.0619704470814653
0.0589184376574083 0.037194935606704 -0.0669712455907028 -0.0468979223568537
0.0276431463359844 0.0546862764906077 -0.0615545122716105 -0.0451658425855045
0.00185048365636414 0.0737271091040517 -0.0645485026460486 -0.0582064420105366
-0.0630880812711251 0.0744043457785981 -0.048885135436593 -0.0743043522549091
-0.119019871246064 0.0273192986766331 -0.0140363360751744 -0.0912445269682867
-0.113255816807679 -0.0728760088530314 -0.0346897773323989 -0.0977581201901345
-0.0741881546378276 -0.153084032440665 -0.0652859114510834 -0.117218127459282
-0.0540688676602835 -0.185730436989094 0.0430694362057155 -0.0229955350077158
-0.10296727496927 -0.135448287176551 -0.0318345801508801 0.0768159542201537
-0.162239101328402 -0.0337598906184307 0.0744619947927036 0.146292722181191
-0.13268771420525 0.0611359952114294 0.16123321636691 0.0657588618290652
-0.0390543835925669 0.111949789483532 0.141611651477943 -0.0751165254649605
0.0204958496014228 0.091510089860736 0.0501724860600053 -0.113356577781026
0.0596064855995003 0.0764750818786067 -0.0156217096241597 -0.0901118128765475
0.0794565079852625 0.0566981762850661 -0.0423201426769573 -0.0458492444704848
0.0808462134037255 0.0588553499544741 -0.0464011714822574 -0.0263277961807214
0.0399025003837642 0.0763458038970119 -0.0472255667423827 -0.0182435138772019
0.00470985212823988 0.0982566660992196 -0.0627435810648498 -0.0288780870998328
-0.0812646339514956 0.0978311483173762 -0.0590082738789379 -0.0488268560687214
-0.148811376183032 0.033280100050031 -0.03149590410253 -0.0736469153574618
-0.134060408681829 -0.0888557679835735 -0.0372700943751392 -0.0773154628618778
-0.0777536606468834 -0.185377450318319 -0.059690146911062 -0.0661054137881611
-0.0313743939951101 -0.203994065392424 0.0421900177574921 0.0464221568443269
-0.0898198510476258 -0.179055810234848 -0.0378939565853303 0.115381982263611
-0.182160334797472 -0.0796200223925625 0.0501609028155228 0.174439993418085
-0.176507274983068 0.045674879280304 0.142698873567962 0.108811692382641
-0.0693566580443634 0.130295701568515 0.142869069447323 -0.0300811228701775
0.0126595815133654 0.116148169908321 0.0664965812594136 -0.0702753999288728
0.0609141175115461 0.0980922625197143 0.0118833869717874 -0.0581318544285811
0.087440478187619 0.0732163128787027 -0.0127972244381324 -0.0233193015427829
0.092033462430597 0.0718874171693638 -0.0197675798168816 -0.00127889804521077
0.0483007597365368 0.088068150844838 -0.0273117296242406 0.0122552519636627
0.00739874339575311 0.110511399257048 -0.0558135851767738 0.00352531599365801
-0.0897164286410545 0.106301834189104 -0.063805853132246 -0.0220796263128427
-0.158441355092091 0.0322241124802673 -0.0409210135875905 -0.0570578931019992
-0.13454629574674 -0.0962606683731117 -0.0284820785529188 -0.0591375157911543
-0.0665063331464512 -0.191342825790435 -0.0452628000692171 -0.0122781948865215
-0.00532550478160809 -0.183331954361938 0.036200772355851 0.111879374302288
-0.052443273498775 -0.185183946333747 -0.0450820982137035 0.145389334103307
-0.159049280711224 -0.110716542875189 0.0158271144768632 0.1838759707717
-0.180821373806331 0.0128926051435861 0.104522852990309 0.138294859779814
-0.0866103197603817 0.119666440776253 0.125819798128661 0.0189567147934447
0.00121555296140365 0.116152156623194 0.0729416475143864 -0.0205754741995116
0.0520611259392562 0.102733833854769 0.0373744443581711 -0.0202927623568175
0.0819037067709583 0.0794036924004415 0.0173219777338491 0.00254918641433093
0.087627564306269 0.077459987234711 0.00796414763306913 0.0250127241411709
0.0445152712922662 0.0924241973894316 -0.00897502582793362 0.0412128230486742
-0.0042829788030145 0.10846872590548 -0.0477140428115441 0.0313653578135605
-0.0983761498738846 0.0871041714353615 -0.0652977717949812 -0.00535707065542359
-0.149262994334464 0.00739106876918827 -0.0424391841869894 -0.0452471181329717
-0.099758429472158 -0.109790284112461 -0.0110180793955302 -0.0450928373225771
-0.0229704072269928 -0.174769438659781 -0.0334356854347314 0.0340815254260388
0.0266652764539161 -0.12455234300311 0.0153508289867533 0.160008523959217
0.000773425857265135 -0.147041907525057 -0.0563820390627334 0.154000725155862
-0.0972578061034594 -0.11628612347222 -0.0261365955463666 0.167568973252524
-0.143631317189262 -0.0243941350029359 0.0516681610493579 0.148275586226921
-0.0879671527602147 0.0802713481989254 0.0918109424999625 0.064026859480347
-0.0119313455350322 0.0950847999690014 0.0694024023908884 0.0294099395316176
0.0329591002821181 0.0908066628996053 0.0546354747998887 0.0203392758503813
0.0642723115891505 0.0740356150703931 0.0416368257661873 0.0279079396212505
0.0673714696585626 0.0763527305025588 0.0312667673057356 0.0524242962048663
0.0316029800164214 0.0870709796992984 0.00500007336876714 0.0705858126257908
-0.0106034187262861 0.0958408968128249 -0.0457363267585294 0.0575364540354666
-0.0944318218034424 0.0641738963197106 -0.0708346390169721 0.0132324463226172
-0.124739596421297 -0.0158716633537391 -0.049094402578472 -0.0365498063149895
-0.06791073064054 -0.102173649593112 -0.00220653522017473 -0.0304998828954076
0.0055375229595926 -0.13538353924412 -0.0261058320795715 0.0775706014788698
0.0355400937943577 -0.0458870646849897 0.0129826445194633 0.181738790705423
0.0292438767679121 -0.0824225363469338 -0.0458306115401298 0.153087204245337
-0.0405576733900201 -0.0832816493353906 -0.0389458023072305 0.142949983330188
-0.0857244729586842 -0.0336714728745752 0.0208699680777433 0.137281498472204
-0.0626698947187092 0.0435694267052287 0.064389980876711 0.0850306064833181
-0.0119438064746781 0.0616602670870721 0.0661077743245196 0.0575605896204222
0.0164197571093274 0.0618169299512015 0.0657487678789253 0.0483437448313928
0.0364303125109575 0.0567677426028633 0.0595512820399627 0.0487777594311919
0.0424127677304976 0.0590143491141467 0.0471324434284863 0.0754822791013484
0.0172065856166383 0.0687494633633887 0.0104315885551228 0.0955195510883486
-0.0192757287142728 0.0716884433347573 -0.0515328570148587 0.0804248033267258
-0.0804889487405276 0.0329949834058108 -0.08086241863697 0.0219182920908246
-0.0860899115090233 -0.0342506883419153 -0.0565494183469359 -0.034381923729084
-0.0209054653834116 -0.0866056731938673 0.00470748205873708 -0.020049418203201
0.0383601305117881 -0.0778605684948732 -0.0276571884101968 0.108195705740961
-0.0448269506992258 0.0132540690368722 -0.00673283053668736 -0.137592484807452
-0.00265522183943452 0.0507588755972146 -0.0261554461069527 0.00166349115589668
0.0399993694386022 0.0359880872043003 0.0692986002704049 0.0367589795790788
0.0460492231887988 -0.0134955973636661 0.100180087853618 -0.0362691516692809
0.010332767592913 -0.037150322570292 0.0586067273908105 -0.112225042915841
-0.00778943237525611 -0.0289155674115518 -0.0209779800011513 -0.130950086970272
-0.0090638209763767 -0.0283096849021275 -0.075665426143594 -0.0902662805942209
-0.00951740126071339 -0.0268892943318393 -0.0866995694981054 -0.050729479493746
-0.00279712683784354 -0.0247069110595271 -0.0860327205077322 -0.0473286991799028
0.0102599598132922 -0.0157913542644902 -0.0804304576831673 -0.0622660663423033
0.0258709160145987 -0.00157836281795941 -0.0707309412925202 -0.0808612742502582
0.0269841483960843 0.030107399802626 -0.0359529817339602 -0.105470829606212
-0.0121139007287714 0.0525028490107554 0.00826450881894011 -0.122789914787279
-0.0509019892075861 0.0250015124232093 -0.0102370299272426 -0.12692806574587
-0.0578814798862613 -0.0131403406680397 -0.066800249498991 -0.16459199321514
-0.0747371084976614 -0.0560801176006587 0.0123415589946094 -0.121137135464207
-0.0563343630904385 0.00802980852605851 -0.0205792284013094 0.0141089689435034
-0.0259835747613522 0.039265108727974 0.0871366765715402 0.0559541348509366
0.00412517010434302 0.0281703198632696 0.128348359209344 -0.0287873063880713
0.012642667261339 0.0105520635711174 0.0775878237193994 -0.124686068113279
0.0119180812509028 0.0062356017025617 -0.0117438019282525 -0.142994706051148
0.0242681761461163 0.00139344100799714 -0.0737662946544123 -0.101222851033301
0.0267943155711829 -0.00292579729655016 -0.0860165093737859 -0.0531616685115642
0.0301419959717611 0.00387344240306056 -0.0849776139876598 -0.0469039577705183
0.020288195360945 0.0213738956694731 -0.0776119263489466 -0.055756494749533
0.0134450587486141 0.0378874622370037 -0.0714863424709019 -0.0709654603341002
-0.0208449573442302 0.0543795103846141 -0.0431352877640478 -0.0913466581650376
-0.068503966495065 0.0403765580357532 -0.00483846882528547 -0.106527461516585
-0.0875113920752451 -0.0250612706430659 -0.0316849446365691 -0.109865680821483
-0.0772564087493206 -0.0863566438500952 -0.077016853136255 -0.142629292442473
-0.0890896068123049 -0.122245617072626 0.0315986819930401 -0.0830697965775076
-0.101030431478894 -0.0505851003377616 -0.0151069789819895 0.0412237456132312
-0.0992180757843967 0.0258611460153608 0.100085718115683 0.0876794170605843
-0.053683514558849 0.064545948202525 0.155885690959538 -0.00475049474045157
0.00353822323963998 0.0646492876859662 0.102212621737231 -0.122063450500347
0.0269774571871116 0.0452337494132356 0.00552623265526525 -0.139662742512035
0.0526754315424657 0.0346038104155828 -0.0581377382526312 -0.10132645256724
0.059929048908821 0.0211940492159701 -0.0720659034075974 -0.0486077460135981
0.0621727356191599 0.0266721700298354 -0.0730071843814965 -0.0356728022018124
0.0348992821711379 0.0507141182726348 -0.0686570534781514 -0.0371608539213487
0.013048146653443 0.0722725542784592 -0.0724801245152946 -0.049989016949333
-0.0513850948878064 0.0846911270043408 -0.0555906369163127 -0.070229631280311
-0.113435947566773 0.0451283322158701 -0.0216573128500069 -0.0895250155965642
-0.122200010535813 -0.0543716572788696 -0.0457928067647462 -0.0887373989353908
-0.0949529078068016 -0.140907998094251 -0.0790731611299262 -0.102903499916451
-0.0852268403842292 -0.172760309393449 0.0476445081592631 -0.0252068307550992
-0.124468377607804 -0.112665126226079 -0.0119385532316226 0.0792414647952611
-0.162085862186899 -0.00535973324957431 0.0995642143518816 0.125409261483386
-0.116293911351678 0.0835400188673967 0.169868095003599 0.0332892977933247
-0.0173410128464462 0.112331064004836 0.122464905442636 -0.0979588106478013
0.0328225771931877 0.0832819989199111 0.0286657348457874 -0.117439161116017
0.0721660593982134 0.0653158193160843 -0.0324710258375469 -0.0875654132142714
0.0840584156067437 0.0424119384601465 -0.0481413447672004 -0.0363580736793098
0.0879696694030257 0.0445703615190437 -0.0500948357961306 -0.017627205648892
0.051412795672555 0.0702359045558486 -0.0513944935921879 -0.0126925990447528
0.020077777682039 0.0960885424462881 -0.0678444538791191 -0.0210730309702995
-0.0661928584495343 0.111507759767883 -0.0633223205583002 -0.0435393969705375
-0.141543928508227 0.0562080793582418 -0.0357906057571067 -0.0697877315228561
-0.145043129289084 -0.0670632936805585 -0.0465829346733127 -0.0677309915247489
-0.103681701305642 -0.171572403871512 -0.0691453788738934 -0.0521120701973215
-0.0643589885100992 -0.19281747596305 0.056134979029663 0.0431206695539449
-0.116982729874198 -0.157528082085178 -0.0114481126278379 0.118523301257001
-0.188827945514951 -0.0457032064699344 0.0820162554533411 0.156974071544608
-0.162144174847513 0.076361957886734 0.161161296506305 0.0767763504639783
-0.0427878576373629 0.136351514512076 0.130192595991536 -0.0558715737850906
0.0307557473740188 0.107865461603858 0.0498905747929437 -0.0792716789107328
0.0779310983554469 0.0860271608952981 -0.000954838497915813 -0.061453834849194
0.0956490224846935 0.0566956365269443 -0.0166410438971028 -0.0192603074249479
0.101404787525173 0.0551562797878067 -0.0204670140743139 0.0031404431846057
0.0613251709974421 0.0804282285347287 -0.0277658846887716 0.0149411535018373
0.0243070955461044 0.106340086265501 -0.0560803863498037 0.00979401929378426
-0.071921023502413 0.120501001208648 -0.065185583051753 -0.0175440826222426
-0.150993797226132 0.0560788912054822 -0.0441811597790568 -0.0517572750278369
-0.146202602466908 -0.0736476850702374 -0.0360193128685131 -0.0511031091242705
-0.0930655999242543 -0.178604972771054 -0.0495157441161066 -0.00136933616589349
-0.0348719371139769 -0.175771131994091 0.0578356784737197 0.108550677198897
-0.0819578646955859 -0.168118781698382 -0.0142328657022291 0.14986525448201
-0.171651196734603 -0.0786993371542947 0.0512803587928994 0.173084067617547
-0.171573676335931 0.0470420309332883 0.128854254139865 0.111265752094592
-0.0612503062952693 0.128539753131541 0.120767519486852 -0.00567605508006124
0.0208114976590167 0.111022377493456 0.0643266461353219 -0.0315123736520511
0.0702814335322597 0.091611339921716 0.0296372520090267 -0.0285362234071509
0.0911646783331504 0.0638247020695307 0.0146982306913425 0.00102073362897636
0.0985803467603645 0.060990170071342 0.010254093230569 0.0246209813009251
0.0588680309560274 0.083650286016766 -0.0051173013369177 0.0405932125427554
0.0124462281461489 0.106520919407443 -0.0456519896072091 0.0356399513431779
-0.0848118724683067 0.103741856632042 -0.0631143529291272 -0.000123552570129167
-0.144554189542467 0.0310642225384099 -0.0452643975889205 -0.039938387447466
-0.114373114596349 -0.0921426621158307 -0.0182482286537045 -0.040026218734854
-0.0463200252282327 -0.169473555875272 -0.0317141228424742 0.0410394050372065
0.00750212456750863 -0.122639828415429 0.0427037995930238 0.158462105957913
-0.0234077596737403 -0.140083994048118 -0.0265412246740359 0.161991833016036
-0.112860974455049 -0.0950431768002485 0.00715567015727353 0.16679477340019
-0.142876671549482 0.00338395380245275 0.0780187190548415 0.132666760778052
-0.0693176103961014 0.0928459731599147 0.0975125552735948 0.04430284083716
0.00474719066885676 0.0936135527952597 0.0692594984890654 0.016735946361553
0.0491726820400296 0.083505497093757 0.054172773884199 0.00809835257456945
0.0740179905775856 0.0610985735230488 0.0420956036389866 0.0223974554864112
0.0790386494478194 0.0631947342647142 0.0360025698377719 0.0469196797245509
0.0455854299367872 0.0799636287675033 0.0121470421165968 0.0671144524205659
0.00516243028431614 0.0953287357760065 -0.0395758388972811 0.0612184303264143
-0.0829211891580829 0.0801837715196347 -0.0669169359661509 0.0189494752106495
-0.124349976033702 0.00438784532115438 -0.0514971693131954 -0.0297421954301857
-0.0809028445232257 -0.0897525722705352 -0.00759687606031131 -0.0281262979079247
-0.013598406960118 -0.134234063837393 -0.0198924769347269 0.0812849483471812
0.029059027052823 -0.0477744248279709 0.0396932708279471 0.177720676186819
0.0157215034008278 -0.0822013482773636 -0.019782088825806 0.159537436279583
-0.0515263847547422 -0.0722287737611649 -0.0122676089379656 0.144885645658726
-0.0891147398137891 -0.0151970774257095 0.0457916925153385 0.128962089057666
-0.0516800953897417 0.053267241264253 0.0759889734764635 0.0706778557200037
0.000286955073066527 0.0610335177916778 0.0724032216347566 0.0445728781433429
0.0296229628460931 0.0578543813414574 0.0697817821680796 0.0344041817631874
0.0446974198399235 0.0488159979922406 0.0630230500119771 0.0390502256853516
0.0521046710754521 0.0509286617104719 0.0553010403199547 0.0676033848116352
0.0294681991697664 0.0649202541297165 0.0211900899793194 0.091597894615238
-0.00633162630446623 0.0731367729650219 -0.0419618970921466 0.0837358124122278
-0.074183761524444 0.0465808602899608 -0.0763089700711059 0.0299163319682954
-0.0898285484518265 -0.0201994879546682 -0.0593449138917504 -0.0259652286844706
-0.0341281279031807 -0.0814531799684946 -0.000575956085946898 -0.0194728016165652
0.0273524082023193 -0.0822028107433801 -0.01594950898493 0.110045658408449
-0.043718662433655 0.0132879333582208 -0.0103708195676325 -0.133851817645134
-0.00138314827492802 0.0494677627747153 -0.0248231115870812 0.00224210913139677
0.0396036480142583 0.0340444333080647 0.068921297202386 0.0356952415038074
0.0443448070071257 -0.0140905327718593 0.0973352054929875 -0.0373948108481288
0.00866299413470922 -0.0352447086031406 0.0544163171631293 -0.110599380747052
-0.00868785126092499 -0.0272772095363274 -0.025230259697123 -0.127472719194299
-0.0101141650552034 -0.0280861241221047 -0.0767275442537244 -0.0846677249895936
-0.0099949897686614 -0.0256399372911787 -0.0847258681914987 -0.0461094929701272
-0.00387370285333649 -0.0240202252051234 -0.0851996547428397 -0.0425201049784789
0.00990306430490551 -0.0157511603356662 -0.0813809557114809 -0.0582598444122382
0.0253123615637108 -0.00274175251063592 -0.0723823742298156 -0.0766237045306151
0.0273306230013598 0.0283182360855481 -0.0365941553574975 -0.102695606911935
-0.0101484595305366 0.0514575977444241 0.00566058315700362 -0.122163095094398
-0.0481281478736497 0.0252730918231621 -0.0110594638695219 -0.123250664487767
-0.0562284513529305 -0.011697286854498 -0.0678407540457722 -0.158898760857079
-0.0746497111534465 -0.0525466647301877 0.0094597415383628 -0.118472767478617
-0.0550505927349487 0.00938713616137502 -0.0192441876408812 0.0150350702050856
-0.0248674313076247 0.0389437583785289 0.0869561670539395 0.0543185676847445
0.0046831711903668 0.0271904418217341 0.12579255941035 -0.0303395387796958
0.0123945583485291 0.0105746984620212 0.0721314492888359 -0.122974463601099
0.011745759156129 0.00510519835288817 -0.0162651077864138 -0.13902734813837
0.0241589552062289 0.000313076247316908 -0.0748541817020023 -0.0960680788450774
0.0261890014446784 -0.00360147437441773 -0.084174004055783 -0.0491567909837924
0.0288999516175477 0.00182901425578832 -0.0848075548371463 -0.0411067533488998
0.0201867778469373 0.0202346428276652 -0.0789422641647757 -0.0512066352840202
0.0147015208868782 0.0365453893885635 -0.0725846605274661 -0.0676001987056581
-0.0191791301823085 0.0530436499850157 -0.0443308197307044 -0.0876943309090152
-0.0651738985980603 0.0411813815655963 -0.00702825802994344 -0.105992284371381
-0.0851505037965558 -0.0226174301509378 -0.0315754887588308 -0.106552855570898
-0.0773915496043787 -0.0825977233353568 -0.078094014963078 -0.13758647273331
-0.0898863312474607 -0.117274621023818 0.0290350339118599 -0.0817785769776157
-0.10034437796144 -0.0475688880399849 -0.0138767991571031 0.0413689108442283
-0.0959058689759584 0.0272899644154952 0.0996785576655685 0.084287654839275
-0.0513443888644919 0.0645600159712322 0.153640007465986 -0.00732396725159785
0.00533208689608599 0.0628239238577073 0.0957613769027997 -0.120862192096509
0.0276872894589775 0.0438924273216032 0.0013667554841822 -0.136613744319836
0.0531543964322812 0.0320120562966073 -0.0598532286971911 -0.0964944972807252
0.0591560501672638 0.0186434221456183 -0.0710671866954793 -0.0442004737440524
0.0613364971655982 0.023913386052728 -0.0725789938089246 -0.0310586880581838
0.0359889353165567 0.0485720020708461 -0.0689710136685695 -0.0338026394975758
0.014881439708542 0.0697770024494038 -0.0732790013024255 -0.0459966194739804
-0.0479613310382352 0.0845514040048021 -0.0561579488023231 -0.066955425237039
-0.109326607449646 0.0475572762936093 -0.0234297767777822 -0.0880228642342858
-0.120481201048261 -0.0498278772752257 -0.0454076449610353 -0.0856075594225871
-0.096394560814317 -0.134897459108813 -0.0791014394314186 -0.0981108022617912
-0.0875920583096636 -0.166186276398698 0.0464618762253029 -0.0248684197674602
-0.124393911163822 -0.107724671504316 -0.0102058784190816 0.0785047668105659
-0.156691864414941 -0.00124568876091409 0.100107753929369 0.12127114126553
-0.112245229288273 0.0850904285732031 0.167718354452753 0.0301051620536349
-0.0138483491893637 0.109338542393356 0.116334835939637 -0.0989618574157911
0.0344520141793948 0.0803803779756133 0.0247663057287405 -0.11612975443096
0.0723485164384021 0.0607382548239272 -0.0341617364337143 -0.0840914009308661
0.083372234188594 0.0379039026691933 -0.0472000259385257 -0.0330544577053708
0.0869098439619318 0.0391817843131322 -0.0496683526529971 -0.0144184097113183
0.0517218719956989 0.0670956475677727 -0.0512677002655769 -0.00997274723498216
0.0221868025552242 0.0926576352714285 -0.0682093695382583 -0.0185114464695374
-0.0609199476997047 0.110757939969933 -0.0639643830241178 -0.0415757898564974
-0.13592339410443 0.0586658695194697 -0.0372941018924074 -0.0691608852302529
-0.143236747698549 -0.0612805689185853 -0.0459015053641978 -0.0649932616550347
-0.105506819386044 -0.164323651695953 -0.0685713783249891 -0.049185260942397
-0.067759763143744 -0.186358485048192 0.0568793821731556 0.0423272899831193
-0.118296129293164 -0.15094119281785 -0.00838216693360885 0.116792108716749
-0.184997266737359 -0.0401836369807867 0.0825629703768731 0.153408261374937
-0.157155219684617 0.0789979559738517 0.159431519175692 0.0732036841763635
-0.0386010177439081 0.133117294896473 0.124998419435681 -0.0577349333294182
0.0328054188437789 0.103822561136535 0.0465501052720758 -0.0788204327173899
0.0792572810923901 0.0809364607147904 -0.00331846295938469 -0.0595836729254083
0.0954978741044385 0.051514254283489 -0.0173027826997545 -0.01754016520241
0.100463413648088 0.0489797022973324 -0.0199638413238366 0.0042693989034954
0.0626351234695722 0.0770799162106912 -0.0271535240028606 0.0150971920732782
0.0268795519417676 0.103340725201357 -0.0560899404471561 0.0110024224128283
-0.0671253454135703 0.12086157537177 -0.0649018943202846 -0.0153435285772012
-0.14457125905036 0.0587393273371783 -0.0441573076719188 -0.0509123783427509
-0.144026463021493 -0.0677221861669677 -0.0354458340639897 -0.0489902381162128
-0.0954142225008619 -0.17171236978418 -0.0476845531970382 0.000197115001700762
-0.0375723910283079 -0.170629984201046 0.0598177304968561 0.105784877619259
-0.083567735137347 -0.162397079428208 -0.0103129380839052 0.147282942331621
-0.169115564451431 -0.0736102957809746 0.0526914803916797 0.168197492723603
-0.167578725157857 0.0507583605257135 0.129306806005473 0.107345546601804
-0.0567223872349994 0.127058064667842 0.117766640802587 -0.00830798677927938
0.0238387734652803 0.106776786304859 0.0632976951559524 -0.0330248406314436
0.0720743039447127 0.087262591199522 0.0283017012440631 -0.0285661539473588
0.0915272245010623 0.0585351717866516 0.0142374411402949 0.000537029416890189
0.0980538263642575 0.0554099928304691 0.00960571894200289 0.0232371721959828
0.0606318982794202 0.0796932017396404 -0.00397323126071324 0.0393646255208459
0.01573360180954 0.103103046574044 -0.0446169629413566 0.0364976937463678
-0.0796435828858399 0.103989538472886 -0.0627563907135669 0.00174649018895613
-0.139372891960449 0.03445482394157 -0.0456164162501083 -0.0387208222733418
-0.113971681427446 -0.0857511353338436 -0.0179013331927983 -0.0387932286994547
-0.0503925545910827 -0.163039545871587 -0.0298309635733643 0.0412964882227876
0.00412973265712505 -0.11865880159112 0.0453795373166264 0.153871697484125
-0.02628761973719 -0.136878337240192 -0.0229261861809532 0.159435406396226
-0.112254950022271 -0.0903223952030731 0.00875228557033603 0.163624498311529
-0.139740842156007 0.007596660834708 0.0801285659170152 0.12905976468608
-0.0642979207976895 0.0927723706191213 0.0961035265817992 0.0405955910127495
0.00817521668284153 0.0894621748787207 0.0686986786056718 0.0138945186778236
0.0513372103598362 0.0797151720651303 0.0531241717544097 0.00528478920340326
0.0738187881118422 0.0568058743888489 0.041504763213619 0.0201168859730781
0.0789063264991608 0.057494035285519 0.0353662152027128 0.0445137521643564
0.0476938724717869 0.076504022608038 0.0130291897004388 0.0641254727417829
0.00784615884768281 0.0922059088342972 -0.0381772669719038 0.0612119005837054
-0.0783495796554616 0.0811169786147177 -0.0658220901315133 0.019792871292949
-0.120618278088537 0.00735508782226955 -0.0515369544402911 -0.0282641590027156
-0.0812357294212478 -0.084795163490517 -0.0075768575305632 -0.0275390230609333
-0.0166285062001265 -0.129726013337685 -0.016400383200921 0.0797336573473351
0.0280107921737919 -0.0470520479815727 0.0422773208239558 0.173181708882407
0.0134972246155669 -0.0814211458762897 -0.0161978196046066 0.156461358364667
-0.0516442031464613 -0.069630917841195 -0.0106216715525814 0.143195123418787
-0.088059992741831 -0.0123023544107234 0.0482143330544576 0.126383217754021
-0.048629406461007 0.0533789852405703 0.0757456657140106 0.0674103540427542
0.00217297369248686 0.0588583790874343 0.0731482429842841 0.0413782146448506
0.0304221749662984 0.0556395369463307 0.0690414487397552 0.0306581581290572
0.0455340514377215 0.0460036931624992 0.0619774505873154 0.0359814258129728
0.0523743089891576 0.0466929200963017 0.0544904326342448 0.0638176977761839
0.0309847629147573 0.0617449863057989 0.0233017747124281 0.08761711526909
-0.003910489273687 0.0713995861390305 -0.0389063141381162 0.0827909270535434
-0.0711651445473494 0.0481803794059268 -0.0746017837981932 0.0312568617145499
-0.0873054306828197 -0.0170838909901854 -0.0591071128475457 -0.0238766245082855
-0.0346494690198876 -0.0779592675077359 -0.000921155920794248 -0.0196249074464761
0.0247938945521129 -0.0804511660354683 -0.0120671727809751 0.10716855734518
-0.0429042876820744 0.0130376849905388 -0.0101159960221577 -0.131232600313925
-0.00111900264963938 0.0485285595146951 -0.0250581563144892 0.00223931793614787
0.0378991629982396 0.0335537316076914 0.0686931651220638 0.0360902632091252
0.0434874439414411 -0.0140485472918055 0.0966882104636204 -0.0361231114692119
0.00803363705429741 -0.0342727231117216 0.0532963760468441 -0.108315205116883
-0.00921922901161237 -0.0265622549482525 -0.0262940546610592 -0.125068910566656
-0.0104506468365758 -0.0275399505196618 -0.0753871976574805 -0.0829375312351898
-0.0100342833277184 -0.0247003771278123 -0.0822685855444466 -0.0447727666121307
-0.00393885335516495 -0.0229418750855095 -0.0836212014506596 -0.0402418042641465
0.00915268025759188 -0.0154608896646611 -0.0813731424362715 -0.0557867929578465
0.0258681666043758 -0.00269189195481065 -0.0719189604206599 -0.0751613677016836
0.0267726468881241 0.0274302188036402 -0.035804828914585 -0.101488713448205
-0.00997784062007333 0.0510036677818046 0.00687775934385064 -0.121317491553357
-0.046771102580032 0.0239988438598295 -0.00974922483048661 -0.121222425346994
-0.0549411020644026 -0.0122792565017597 -0.0656036136260691 -0.156413306008476
-0.0733731683405113 -0.0527251415650394 0.00890738318560803 -0.115077407886866
-0.0546492174356102 0.0090418881281877 -0.0191922942021899 0.0150474485411243
-0.0240676166934131 0.0389621240169326 0.0859242983319272 0.0545552809742461
0.00401439817652092 0.026858760961141 0.12498506811395 -0.0284287680693235
0.0121197552183779 0.010147450795065 0.0706693032129538 -0.120810911306359
0.010955237527936 0.00570799727996604 -0.0179049340477428 -0.137020974740673
0.0235710151554766 -0.000752737278551691 -0.0744290602319142 -0.0931586544463947
0.0258503223200029 -0.00395642506574504 -0.0818649613422181 -0.0471317914424346
0.027912233414754 0.00213603198219048 -0.0827614165366546 -0.0393842601070162
0.0206907581893032 0.0200108667403335 -0.0784010783388022 -0.0496039599995766
0.0149956103087036 0.0356397916619055 -0.0719574952651712 -0.0664711643552737
-0.0187114392722084 0.0522550256654246 -0.0428171615873625 -0.0869912367212591
-0.0641948913122963 0.0408223259898225 -0.00540229886039876 -0.105277340155143
-0.0822523797875763 -0.0227231632903761 -0.0294174927006565 -0.105357902717076
-0.0752480904880637 -0.0818658988844047 -0.0750328842000426 -0.135265863803731
-0.0884892395623765 -0.1150584878027 0.0292677472934049 -0.0786926815298053
-0.0981061155248892 -0.0466827623165496 -0.0138639314064766 0.0405242449718571
-0.0942378937113563 0.0270237893376571 0.0981107687925983 0.0845803641819414
-0.0507800874558856 0.0636935101340121 0.15179884088555 -0.00590169644350734
0.00503742523209079 0.0618650874842507 0.0936433935616086 -0.118409370374182
0.0269211143551338 0.0434318864567164 0.000308877086563731 -0.134309989217291
0.052932940048134 0.0306262525612637 -0.0591331636543429 -0.0937513047841198
0.0580886286100206 0.0176980513943044 -0.068668267895489 -0.0427810477179984
0.0591903862148036 0.0224829373317648 -0.0714203702187125 -0.0288562380671873
0.0357316859638001 0.0474772514373914 -0.0687101614624504 -0.0325755080259466
0.015333725640597 0.068096355032876 -0.0733450481191922 -0.0452291034165032
-0.0465530683043091 0.0835639117507069 -0.0549340498149534 -0.0665061449593718
-0.107183965440738 0.0465995197015252 -0.0225198829871351 -0.0884838607655798
-0.117532113449256 -0.0493561710432738 -0.0434864383837818 -0.0839881057649834
-0.0940773184746934 -0.132538789407917 -0.0764509054438644 -0.0964081195473285
-0.0851403582980399 -0.162947452608265 0.0459478361120223 -0.0233216090648982
-0.12201432965852 -0.10618840632042 -0.0105076142888783 0.0767089134368206
-0.153332193611042 -0.00151642194638102 0.0974318817497919 0.121111774660233
-0.110916684619267 0.0841384429648333 0.1659534492786 0.0316394460384305
-0.0134459127266046 0.107074693040085 0.114064841221589 -0.0960837400681999
0.0336651973562191 0.0792383585936368 0.0237755601818847 -0.114116385061971
0.0716928862344474 0.059115916693092 -0.0344048261945337 -0.081340270288223
0.0821584471892613 0.0361207658528828 -0.0450202714578445 -0.0319926537147712
0.0841239550035554 0.0369132944043952 -0.0493049283826702 -0.0128446640057907
0.0519143840588395 0.0656001024310202 -0.0510504390336731 -0.00950575483095289
0.0221901191885617 0.0906464923038901 -0.0681063172231386 -0.0178456508310997
-0.0598537019028781 0.109751358759702 -0.0629764409946791 -0.0406467924908196
-0.132991609191466 0.0580702742053145 -0.0367630429356008 -0.0688797753272019
-0.139631137813156 -0.060235218783995 -0.0435617643606347 -0.0643678212643136
-0.103571942608886 -0.161093174105674 -0.0658161309652794 -0.0481776857804056
-0.0656067168945705 -0.182273896095713 0.0562646698091876 0.0424558469369981
-0.116182487993555 -0.149113621571409 -0.00933488388389628 0.115354225218402
-0.181224903362942 -0.0394980165581279 0.0803301015491544 0.152548423054725
-0.155288199975195 0.07801689938207 0.158179615544306 0.0735143942664614
-0.0371527600792166 0.130928385341952 0.122603069458492 -0.0553679574630394
0.0322483138733068 0.102017143174808 0.0467777055518239 -0.0782778558442368
0.0788225957656597 0.0786925570632727 -0.00367269461958913 -0.0579326342487849
0.0940226502707997 0.0492698399103539 -0.0160418322810977 -0.0161830402149289
0.0982531610839081 0.0459782141766546 -0.020479497052103 0.0047585994336401
0.0620842342881833 0.07484169469394 -0.0272194357121695 0.015281692249065
0.0266812291812189 0.100719453950971 -0.0565714302413273 0.0111987355968375
-0.0655355874028869 0.119215634764075 -0.0649491589717326 -0.0151329971611316
-0.140568923128784 0.0582802491245214 -0.0445561015547901 -0.0505180135403747
-0.140873174731514 -0.0658385392738062 -0.0343066373609032 -0.0487645021355496
-0.0940483227394608 -0.168286837573533 -0.0460970861048732 0.000378114359963637
-0.0360572398229605 -0.16726311838138 0.0584140999654163 0.103815095604031
-0.081804799348683 -0.160817526732533 -0.0116607368548601 0.144998530482561
-0.165602304949083 -0.0728798588720907 0.0499708637049851 0.167429293002804
-0.16549582308567 0.0504787334613362 0.12770950627737 0.107265744783151
-0.0548330504763587 0.124742079294919 0.115520576504809 -0.00748178284549098
0.0228981150483192 0.104160208289444 0.0621793089951139 -0.0327460519337322
0.0715943854043509 0.0839126611230254 0.0270268238569042 -0.02780911606726
0.0904957042556301 0.0565106636204187 0.0145984637680571 0.000722416577295304
0.0960711104732737 0.0522500977956014 0.0097026059756436 0.0230059757765484
0.059348556093892 0.0781171964985035 -0.00389702197153891 0.0388466858369024
0.0154436378637677 0.101127915869653 -0.0453042719627978 0.0360609372973523
-0.0777499103846254 0.103061314447774 -0.0629712451562983 0.00147307240961168
-0.136768600899305 0.034368799374928 -0.0453572961587674 -0.0393982036141319
-0.111548792931476 -0.083329817916316 -0.0169582452551442 -0.0384457509132264
-0.0492701238650539 -0.159959882989589 -0.028888180687179 0.0403797397718724
0.00504975129653212 -0.11690934078277 0.0437164878607726 0.151481015086917
-0.0253375411700248 -0.135649333225625 -0.023638651504612 0.156958831038018
-0.110433725704975 -0.0891673578492887 0.00693605398800812 0.162112214941396
-0.138550815523532 0.00753882539044267 0.0786827282876737 0.128075229455342
-0.0631390932023857 0.0904646123292531 0.0940937291032315 0.039901058908148
0.00834934315979118 0.0872812960549096 0.0690898301636034 0.0138098384443294
0.0507927153353129 0.0774050368582059 0.0519209564943402 0.00511231996752956
0.073288321800876 0.0551366158207688 0.0400298265263509 0.0199212554422103
0.0773150547417354 0.0551385955572683 0.0338566290659092 0.0435785999322405
0.0472448979595174 0.074694674849267 0.0132230712914372 0.0630884920371176
0.00790923973712183 0.0902372629576866 -0.0382103306035095 0.0599672902724672
-0.0770155076789441 0.0806405040185859 -0.0660368344862554 0.0196347085446063
-0.117801627624505 0.00795499908164971 -0.050893050951128 -0.0289698922573262
-0.0798584000067617 -0.0821555003934302 -0.00746186546730735 -0.0277296861707203
-0.0166843993162047 -0.12720508356826 -0.0155375304517104 0.0784505112024411
0.0283131805385289 -0.0462844590061761 0.0402671641448409 0.170600868126686
0.0129511046636768 -0.0799923628212959 -0.0174399918085088 0.153866331416143
-0.0511230606124386 -0.068417326108788 -0.011712269646174 0.141474837099538
-0.0864397013826616 -0.0117974808826572 0.0472172009679815 0.125046377790371
-0.0473299131181649 0.0520593493463593 0.0753422749756503 0.0659631755685485
0.00167146737093922 0.0567903572248418 0.0728899466235641 0.0407372052125404
0.0303083401814428 0.0534666701518239 0.0680780186356059 0.0297047808772445
0.0453296670453068 0.0448214351534144 0.0600480603893654 0.0345528065939263
0.0521176183358939 0.0450643465114879 0.0529492021613339 0.061398144124895
0.0313112653157112 0.0604517969779608 0.022927069778242 0.0847052701482538
-0.00357696304829415 0.0699476514966897 -0.0393316230172468 0.081573200359469
-0.0695547971618606 0.0487689308778491 -0.0742615468376723 0.0300434394501118
-0.0857663826521047 -0.01666031659415 -0.0590807906196713 -0.0243414438139169
-0.033844380132883 -0.0757326670347614 -0.000302648662990814 -0.0204615976595695
0.0246665481769157 -0.0789373936541682 -0.0124626305272987 0.105442868788468
-0.043983295771979 0.0118527825516615 -0.00829882759254716 -0.131495732849904
-0.00162843179407715 0.0481413138774917 -0.0259577920258497 0.00249325718257554
0.0378120924920428 0.0347914090794216 0.0695794642351674 0.0379359034182152
0.0435817831055065 -0.014038181526602 0.0987015815860943 -0.0340936609469469
0.00871189501846507 -0.0338890543367778 0.0559421855309036 -0.107583096991538
-0.00917178743103459 -0.0263879206951261 -0.0260619263558846 -0.125210081197759
-0.0109071759762665 -0.0278165873704365 -0.0740387833177416 -0.0837355910540286
-0.00990186435991095 -0.0245873082753305 -0.0813373805587917 -0.0462254854612012
-0.00392172684096866 -0.0231052592090083 -0.0835345173764109 -0.0403187556374449
0.00979848987030624 -0.015403632157266 -0.082104789463652 -0.0566926143102722
0.0261025790440494 -0.00303583166808381 -0.0712079400342 -0.0762308554846156
0.0256492242301913 0.0274961528076761 -0.0332452947478687 -0.103074987466764
-0.0103424498996677 0.0510352360379298 0.0088541693812129 -0.123155417841219
-0.046583562570788 0.0227010384956097 -0.00632586240538952 -0.121269446256122
-0.0543844870601667 -0.0136716449162128 -0.0620071688386056 -0.158446965477018
-0.0731912746230074 -0.0541662020584021 0.0115322554244235 -0.11555221211082
-0.0546843790467266 0.00777464164575261 -0.0206413795632038 0.0149772243953805
-0.0256073106108178 0.0386801239401156 0.0857930929583349 0.0569282058527095
0.00365465824554668 0.0274335680940757 0.126486336039224 -0.0257683177374535
0.0118463525016886 0.0106612267918704 0.0724859332635819 -0.119517713307262
0.0106593291185185 0.00625172336910201 -0.0164397283203217 -0.136773257647352
0.0235247119363974 -0.000591578992286751 -0.0734042926468509 -0.0939380042880165
0.0262393209595655 -0.00423855231111904 -0.081076953423775 -0.0481739434681005
0.0281280348870432 0.00215854423481642 -0.0829184589336257 -0.0387024404037654
0.0201153730196305 0.0200439500564318 -0.0791094963815167 -0.0500445890609997
0.0148478622475373 0.0351512870353354 -0.0721213615446597 -0.067366443938327
-0.0190439012791985 0.0526639530103915 -0.041292994018461 -0.0893054743959985
-0.0641701453243108 0.0398757455192941 -0.00339697562181022 -0.107140060655573
-0.0816397672417529 -0.0248127787300554 -0.0264019367624924 -0.105369731075177
-0.07420305230523 -0.0835671552517569 -0.0722312167511833 -0.13727850504856
-0.0866854026608603 -0.116921870984956 0.0312052178931101 -0.0794057657626379
-0.0978164201585969 -0.0483897679544471 -0.0153926548902925 0.0407199809044079
-0.095513775462061 0.0257281851498623 0.0970826752987826 0.0889283691786601
-0.0525606105135972 0.0642967264255438 0.154443888421992 -0.00231622150586006
0.00415841958183277 0.0620751019415128 0.0956950365567354 -0.117002786681559
0.0260623433949098 0.0446941612374791 0.0015228672390218 -0.135080576281446
0.0528774139489393 0.0298242797357747 -0.0590260578878803 -0.0933627840144526
0.0584023183784625 0.0175985818142034 -0.0675812467323453 -0.0433198502738136
0.0585416289528723 0.0225774803225548 -0.0710008366749256 -0.0280928438156268
0.0356161335350576 0.0485288139122201 -0.0696230070579543 -0.0331250863007699
0.0148488055839506 0.0685252098565089 -0.0736799220834199 -0.0455577611834826
-0.048028192372889 0.0840617208991171 -0.054324081926618 -0.0680495436365759
-0.10749852478236 0.0455815561798457 -0.0211948952716263 -0.0902171514247383
-0.116419008219451 -0.0516554587773915 -0.0407863726780735 -0.0858289261167898
-0.0921144530908288 -0.134480437974091 -0.0744664898667723 -0.0978961664143941
-0.0826344884246319 -0.164878639774579 0.0472792315178846 -0.02224045093235
-0.120909101068882 -0.108603553587259 -0.0123716049674698 0.077064511728688
-0.154747913091985 -0.00412551844721005 0.0959356376458514 0.125481892612059
-0.113823303400491 0.0835613600805742 0.168079348087967 0.0353409306889146
-0.0147493935535329 0.107410461295091 0.115540007625539 -0.0939772208579162
0.0327403166524545 0.080716536925995 0.0252635291049111 -0.114496430013286
0.0721840235470196 0.0590382051902969 -0.0340486808890941 -0.0815076438761336
0.0826233836258873 0.036370188510165 -0.0445753518343959 -0.0319217021211673
0.0834811479522327 0.0373918611455665 -0.0490446386359101 -0.0120592859454823
0.05119362388249 0.0662320285262682 -0.0520796704800283 -0.00929681085096786
0.0212478885271032 0.0909987103713708 -0.0695698421450708 -0.0177023626542459
-0.0612466147157354 0.109869017038417 -0.0632149975689634 -0.0422133945323322
-0.133300615648676 0.0565571919278538 -0.0362082445174924 -0.0719516224716069
-0.138843458190148 -0.0622182785925092 -0.0422380533981632 -0.0657396723899247
-0.101206154864047 -0.16317366453511 -0.0642382949093768 -0.0487561818261368
-0.0628968759961618 -0.183325703583035 0.0563092960039899 0.0437561472614252
-0.114558168290836 -0.151825080440728 -0.011916180022113 0.115579697869993
-0.181774313718673 -0.0437228655156069 0.0770714743338557 0.156749248605428
-0.157806416437816 0.0774661601308456 0.159407945805889 0.0770698416525056
-0.0387712893796426 0.130640918708364 0.123257585516387 -0.0532306601057562
0.0306171792931418 0.102386989728208 0.047542911958516 -0.0780425224291516
0.0790305940863524 0.078969779922699 -0.00307345878566426 -0.0574232301517659
0.0941672545176327 0.0497016680555537 -0.0148797378907069 -0.0162872567199376
0.0975807769259359 0.0464378321582136 -0.0207510025716115 0.00580242724148686
0.0614145640330521 0.0752270003860817 -0.0287358042473302 0.0148018506739594
0.0262153821270217 0.101514710669941 -0.0585618503948545 0.0115589353396988
-0.0671861172856448 0.119209255217982 -0.066290943558548 -0.0163984434897945
-0.141681039528644 0.0565629523059549 -0.044371711057368 -0.0532884090051517
-0.139782031261646 -0.0679457907060794 -0.0330165957203151 -0.0501003103361512
-0.0919082016983402 -0.170028119156999 -0.0449920371557135 0.000396893330498267
-0.0323650952561286 -0.166688207840206 0.056885560457361 0.105786517665759
-0.0794304695387056 -0.163170320107724 -0.0148343539329531 0.145647479311982
-0.165058627548212 -0.0767827223438357 0.0462502781408447 0.171691559138119
-0.167912032338412 0.0491272362190482 0.128280441057233 0.110806409425386
-0.0563491425823762 0.12387391492748 0.115066604836139 -0.00515565073862791
0.0211549699358888 0.104552703507229 0.063957792561264 -0.0320761867479796
0.0719052982037086 0.0848354815336357 0.0276903186511055 -0.0274482152260889
0.0904801029162959 0.0568952915739229 0.0142134797265701 0.00166610737703917
0.095045210047836 0.0522646755951724 0.00833826959757977 0.0241056900364672
0.0603387028184885 0.0787833496900467 -0.00514544959415257 0.0383059971815036
0.0146456932391692 0.100975180628066 -0.046949894300879 0.0360148563577964
-0.0789663141698587 0.102967792198736 -0.0650842469679525 0.000481506447071902
-0.136839954169211 0.0327165231773789 -0.0451663611151017 -0.0410220826079061
-0.109971280133025 -0.0848010099464163 -0.0154734064985197 -0.0394980137991175
-0.047595905054433 -0.160698235141097 -0.0287359987557567 0.0406213838992486
0.00795511260438445 -0.116597669790171 0.0403571632533502 0.153644241585639
-0.023507587953671 -0.137365344864167 -0.027218920471591 0.156872621615163
-0.108741704800575 -0.0917476376606874 0.00251307431533055 0.164145195595823
-0.139486015268194 0.00683748163429563 0.0777572055081439 0.130823773775221
-0.0640806081296718 0.0903824159943341 0.0941171913081826 0.0421097289901452
0.0062433888564471 0.0872271655175591 0.0695821918992388 0.014420207610998
0.0510804237600581 0.0773893829344927 0.0516574687623067 0.00538993399637768
0.0740639766341786 0.0553303453515174 0.0397238936922084 0.0204181623266758
0.0763355312693138 0.0551453748016971 0.0327114199707938 0.044181069518763
0.046857547158181 0.074482593875919 0.0114757186683247 0.0623090779341528
0.00675255513680694 0.0908995147533554 -0.0403139252895212 0.0598724117086422
-0.0783255432416568 0.0800204389003902 -0.0672633001292425 0.0193114806218331
-0.117518496723473 0.00628275347634296 -0.0511689207013269 -0.0305261264388957
-0.0781540558700367 -0.0828013509790272 -0.00654132544514873 -0.0282982893533983
-0.0150627318661608 -0.127740382412577 -0.0162658060490243 0.0789079600136571
0.0293742613237052 -0.0454619642943668 0.0367316385882553 0.172221458871936
0.0144970804561469 -0.0811641884995521 -0.0216598545877041 0.153887071699054
-0.0502478923746704 -0.069684796111043 -0.0158034793200477 0.142972320107399
-0.0872439146697681 -0.0125942526669626 0.046117295625249 0.127316859385874
-0.0478262292450796 0.0515029104432967 0.0746823107750429 0.0681651657996399
0.00132285843539044 0.0559359527959631 0.0736912266594101 0.0410160593958096
0.0296728132519959 0.0534409252362076 0.0679577583678097 0.0297041726648415
0.0452403434919798 0.0446652544871609 0.0588838845876757 0.0358287411233668
0.0515326018551926 0.0445555932217669 0.0512646889775054 0.0621017517348148
0.0307816218992418 0.0602938768391753 0.0214072465129582 0.0839630663898111
-0.00444512918338213 0.0700766039394662 -0.0415287560015536 0.0806951723894039
-0.0705901631993833 0.0483047090076549 -0.0762016617845037 0.029710599639822
-0.0847952029543614 -0.0175295179293518 -0.0587206929728342 -0.0269757821537354
-0.0319812467726405 -0.0761399304792762 0.000288994737419302 -0.0213101392941917
0.0254592515026795 -0.07830088971497 -0.0132613856661878 0.106308561137029
-0.0456714399513882 0.010702498244983 -0.007274229976813 -0.134933509736609
-0.00241572781843984 0.0498098748676308 -0.0279568056348065 0.00183069687826221
0.0385397147073965 0.0364841564515578 0.0716564117447547 0.0405757347808142
0.0451821220701147 -0.013799141659835 0.103005589785721 -0.0331104065955885
0.00868359106677723 -0.0345563801062618 0.0590309714761804 -0.109983566241325
-0.0100547369580799 -0.0258454911582508 -0.0266955064279186 -0.128776685166762
-0.0112697899014485 -0.0287550464915249 -0.0760578984956135 -0.0861795611988275
-0.0104474485957385 -0.025873557601546 -0.0829804587650569 -0.0483961259852028
-0.00382829386107209 -0.0234387252818279 -0.0858246503117484 -0.0418531502912465
0.0104603727521114 -0.0157245618075759 -0.0852768673640472 -0.0585734163660209
0.0267047753678649 -0.00323056116202418 -0.0733211326670896 -0.0794124681400853
0.0266423284403591 0.0287260212360442 -0.0325924194047151 -0.108239371724711
-0.0107723181344984 0.0522894294705022 0.0109708931783858 -0.128615387981391
-0.0481970433370846 0.0210337726770263 -0.00364801707325998 -0.124354881587804
-0.0566973294369647 -0.0156144396451648 -0.0612212242727469 -0.164472418498182
-0.0752711597397009 -0.0567226896794012 0.0132141076424962 -0.11890651804638
-0.0557614067296797 0.00696780289551664 -0.0228610407865186 0.014999459825383
-0.0267164036793952 0.0399491371136745 0.0881149253406776 0.061205626044533
0.00371810256989592 0.028425460567076 0.131850897929195 -0.0251689300823863
0.0120135247791502 0.0116964412142654 0.0767228246614813 -0.12217297226041
0.0109410929045492 0.00740949621294376 -0.0176003054578316 -0.141324223675066
0.0242155427593009 -0.00112562754047042 -0.0750918052861646 -0.0961910574689354
0.0269197134311614 -0.00463004596038188 -0.0821985006283069 -0.0501634164257628
0.0290601323265846 0.00252563186224434 -0.0857261889743794 -0.0399568271543116
0.0209838681220377 0.0214229311167508 -0.0825691240298128 -0.0518032933265283
0.015034352861475 0.0357942048193296 -0.0746428637163491 -0.0698398149419798
-0.0203933013202392 0.0535045283125234 -0.0411336130046203 -0.0929546997051958
-0.0664726389092831 0.0407693487945315 -0.00212106540068841 -0.113004176313664
-0.0835184455217372 -0.0278802425813186 -0.025054863966592 -0.108936262689223
-0.0757333540261528 -0.0875796223421749 -0.0721597608268752 -0.142667056975715
-0.0884163239275517 -0.121952580801676 0.033547316276908 -0.080586324324816
-0.100388919513647 -0.0512284046978181 -0.0177194436751391 0.0420909725727671
-0.098960979701867 0.0260222493504655 0.0998332669204427 0.0939815057137694
-0.0549128902981704 0.0661449068635418 0.160710060998315 -0.000732484593964998
0.00354343859677911 0.0640552544254605 0.099766503598698 -0.118930533328902
0.0263227352762722 0.0467486687981134 0.00141644808211804 -0.139096759840407
0.0544106042473196 0.0310842868685175 -0.0602756874313269 -0.0963298522641045
0.0607223598857292 0.0180521757965172 -0.0685877752032326 -0.0450168879486188
0.0601569871171752 0.0235502991234188 -0.0728086500237459 -0.0282428117618998
0.0361706829643718 0.0505350805368115 -0.0727683987526168 -0.0338414986152358
0.0147828051790838 0.0704403081725217 -0.0772810989442953 -0.0474186291492772
-0.0504205909228048 0.0866341293097212 -0.0547935328550314 -0.0712516511398846
-0.110786291182425 0.046357104134369 -0.0209637519482997 -0.0956653556754011
-0.118933104634036 -0.0551920717610444 -0.0399879645282273 -0.0890534136969786
-0.094484065344926 -0.140493203606383 -0.0743850862097961 -0.101405555472337
-0.0830002680785694 -0.170827517988738 0.0493553836955559 -0.0229354286784114
-0.123511671016519 -0.113855090344776 -0.0144419593339916 0.0793274697784271
-0.159786964444711 -0.00612861250854037 0.0974371041489445 0.132686012177267
-0.118533627281986 0.0876568572534849 0.175382107876736 0.0389234591184035
-0.0163988650555432 0.110805505674678 0.11997274630605 -0.0944943073905827
0.033545559395565 0.083653824941252 0.0268440651292332 -0.117827308441964
0.074486079299928 0.0606738547171447 -0.0347189831498579 -0.0825045426243726
0.0857000192126739 0.0371254178949404 -0.0450610975121174 -0.0333538800752434
0.0855210133351663 0.0385169489780214 -0.0507569222115208 -0.0118070852940743
0.0528252371090904 0.0688675900584233 -0.0548222139487647 -0.0100862298923968
0.0212607171329149 0.0938299442209623 -0.0725529646159451 -0.0183770780872728
-0.0639702322965701 0.113612319925163 -0.0651117715379003 -0.0442193465889147
-0.137874515670202 0.0575410684915966 -0.0361493730107408 -0.0756920143769458
-0.141932078661885 -0.0659396401688415 -0.0415239110115328 -0.0688833082169539
-0.103083539921812 -0.169961014560116 -0.0651592675462948 -0.0508168399324642
-0.0617200427359216 -0.190264624428445 0.0576951389846886 0.045553799617012
-0.115741087520616 -0.158192756540105 -0.0142314462574035 0.118706570511048
-0.187543627153049 -0.0473208158443474 0.0778322918772361 0.164918328031292
-0.165370460249429 0.0799727108635522 0.165486096380244 0.0826869149501401
-0.0407440699202535 0.134038319632396 0.127474639076869 -0.0530397679499367
0.030850863568079 0.106593869208395 0.0504391981959917 -0.0800817340506065
0.0816501119547766 0.0810557708116711 -0.00354498960778446 -0.0584098683327463
0.0973733415407687 0.0510392129447485 -0.0151950318361899 -0.017354663125625
0.0993091000436326 0.0479144210303219 -0.0212904789508415 0.00662497255323227
0.0631782266720653 0.0782224239554247 -0.030362150382179 0.0153494956441423
0.0256392478848813 0.103948194532383 -0.0618595542369825 0.0120820422779543
-0.0692755758393507 0.123655175242799 -0.0682263154945168 -0.0180438658996381
-0.146236289533577 0.0574548813168171 -0.0455161003791174 -0.0572862752210829
-0.142626478500185 -0.0719883789354577 -0.0329553222684924 -0.0527824270716764
-0.0933114383467993 -0.176225089315945 -0.0455554490912439 0.000342813944454767
-0.0309555938366791 -0.172798487999855 0.0574103681560709 0.110602460130811
-0.0799885015000661 -0.17016680430183 -0.0177714767318668 0.150443073181602
-0.169786563986451 -0.0801751625853788 0.044694531136682 0.178765022058515
-0.174642512008756 0.0507486044356825 0.132096572226914 0.117108384672667
-0.0588079701472811 0.127610100440069 0.119388300181078 -0.00335818511742912
0.0210442933284197 0.108639857911291 0.0673445323062297 -0.0336591063534173
0.074298077640278 0.0875045782875194 0.0279864318727555 -0.0275302268142122
0.0938704099083682 0.0581851535886535 0.0155351001298535 0.00132209719398984
0.0973025905826421 0.0539122220638048 0.00869086929403201 0.0256290737581339
0.060986911909427 0.0813402731255292 -0.00690431296080353 0.039217848458872
0.014428623076023 0.104118998914629 -0.0496568588433576 0.0370196776691578
-0.0824037467261967 0.106190720826622 -0.0672524293257453 -0.000269091342548976
-0.141068544291324 0.0327298876641796 -0.0471098739291715 -0.0447897423962967
-0.111431397088293 -0.088274834966186 -0.0152217655848473 -0.0421206266001868
-0.0475346648213371 -0.166445769646001 -0.0290761793013789 0.0424921962994242
0.0104379040080461 -0.120752702206972 0.03958233625772 0.159578935162071
-0.0224423353315508 -0.142315762861458 -0.0311035333835602 0.161269084189582
-0.111296141753194 -0.0960170376681952 -0.000225757431059933 0.170457731074757
-0.145189335805717 0.0069892860191679 0.0798820886746087 0.136986345001178
-0.0663786833010094 0.0919942855035996 0.0961446146142873 0.0451146415596401
0.00521137630176238 0.0895408075477366 0.0732282673380765 0.0152097747132277
0.052154500957072 0.0798718583339118 0.0531679423163139 0.00600361675462834
0.0765447734434455 0.0565462697094453 0.0406934668906222 0.021088568241492
0.0782281290382515 0.0565754347782793 0.0331125036136544 0.0457724381318971
0.048024895412666 0.0772048265208294 0.0106926756393896 0.0636010907502884
0.00704171873952637 0.0933257872142866 -0.0430610584651098 0.0619361143645774
-0.0815127962185516 0.0830419258436179 -0.070470566601425 0.0189227503333327
-0.121326220436905 0.00586448322773193 -0.0530322913841702 -0.033596023560422
-0.078375732254523 -0.0863857155375831 -0.00667977139351071 -0.0309749930597885
-0.0141220881834014 -0.131578936405844 -0.0163137657701245 0.0818090089179602
0.0316934117340316 -0.0468658619213344 0.0342286712910461 0.178700567612967
0.0160606159801437 -0.0836405786991582 -0.0246831385352133 0.158244968425298
-0.0516103166936718 -0.072754871327424 -0.0198525327285183 0.148717509410632
-0.0902915819868567 -0.013252782345827 0.0468338772724975 0.132258405027602
-0.0496210350501425 0.053228595319749 0.0768092597635428 0.0705654352186687
0.000281996625821199 0.057428890338441 0.0772274753264089 0.0425603856503116
0.0310137233582216 0.0551835406098178 0.0699279535206107 0.0305985186625504
0.0471587269970611 0.0463781370508645 0.0597632289531965 0.0367801291483291
0.0525605586242508 0.0456683770154012 0.0519172413700186 0.0643632766680491
0.0322065376235659 0.0626301125410574 0.0204888802750711 0.0855889718658172
-0.00458124245925187 0.0720681749011719 -0.0443633383013453 0.083256364135259
-0.0732412458266849 0.050039005883532 -0.0799617342926294 0.0289837019319046
-0.0877156962185889 -0.0188654793788271 -0.0607269578347599 -0.0291343075261203
-0.0312523913202354 -0.0782399692691404 0.000573670882338199 -0.0227483998097187
0.0262899141089578 -0.0805943479155031 -0.014149329699666 0.109836138871522
-0.0480921927694213 0.0153814741912251 -0.0149401272234186 -0.144075677891261
0.00248598894216977 0.0508357801803578 -0.0333801088928307 0.00427870949934042
0.0450498525462427 0.0329687684865382 0.0737233882883085 0.0415096668538418
0.046281252891977 -0.0212340378670665 0.105953820861373 -0.0363032199435586
0.00550323783808148 -0.0376839291758557 0.0564630323427496 -0.118579564530074
-0.0137287641814932 -0.0266951794554244 -0.0358707732525769 -0.131112445472666
-0.0165553866341764 -0.0281011789938675 -0.0832556201872277 -0.0818444521744533
-0.0137333822617631 -0.0255407646394081 -0.0893551987238 -0.0436506035876051
-0.0059146722945661 -0.0235687669735719 -0.0938368523079312 -0.0372746413086524
0.0101068910022941 -0.0178355695913808 -0.0969787662063775 -0.0548068732724497
0.0282297748788289 -0.00705297150908919 -0.084319360424044 -0.0790486744857967
0.0321424488798662 0.0275208651509999 -0.0432549932838873 -0.1156319785393
-0.0038358934076627 0.056995084549299 0.00294907141801945 -0.142026847440715
-0.0470144978596093 0.0258228079009669 -0.0071873514487254 -0.132697317200568
-0.0594647450233049 -0.0137300353936824 -0.0695134353940943 -0.169373454773177
-0.084471773939831 -0.0508793604855371 0.0127173432216075 -0.129367486936689
-0.056481860588403 0.0131027287531247 -0.0245165801509726 0.0139117072066411
-0.0213754609760383 0.0441013416821329 0.0929674383905605 0.0566162879162166
0.00838851722350503 0.0273401837381042 0.134413808661061 -0.0340345943978942
0.0129508058771051 0.00832650664645282 0.0703633603805617 -0.131901134830461
0.00970095321192695 0.00653136200093781 -0.0290797277534436 -0.144026377429515
0.0235612257708321 -0.00449170156073374 -0.0868851614995076 -0.090947493342468
0.0264292278864178 -0.00711669077524608 -0.0893240315210263 -0.0456847998157712
0.0296857178990268 -0.000148873878196835 -0.0934272539722419 -0.0342680724641094
0.025024855567606 0.019810875751713 -0.0936985355330436 -0.0488563009505421
0.020597738072456 0.0343750056209537 -0.0859100953931665 -0.0698387325402949
-0.0137548749860836 0.058043717189062 -0.0497891201222691 -0.101004612800892
-0.0624358574592682 0.049004169934253 -0.00723986257243229 -0.125054952069252
-0.0886000847674795 -0.0237886919468562 -0.028846612548343 -0.11012262132232
-0.0847566936937396 -0.0898770062689094 -0.0817181204185481 -0.140496239199748
-0.103966708826417 -0.115542585361903 0.0414595481907032 -0.091945449205473
-0.107379128609208 -0.041729226311722 -0.0129131279256073 0.0387415980677906
-0.0969897602415393 0.0378286466370575 0.108533082991488 0.0836049952160518
-0.0470991970576521 0.0734283943672843 0.163982454290418 -0.0158765636375749
0.00982465882272295 0.0631686977515603 0.090962615036052 -0.129471984732251
0.0292005761321498 0.0449707836756973 -0.0104966062434365 -0.142354295654002
0.0592571474850316 0.0254963145928497 -0.0745008856305451 -0.0920554426393642
0.0629328338875794 0.0129781616779141 -0.0738403941578199 -0.0406369134611379
0.0640580597704595 0.0180787814327378 -0.0789666160323256 -0.0235557379308892
0.0439243818058791 0.0482529803891858 -0.0827852413643119 -0.0307916702677402
0.0229380155225872 0.0690240773007214 -0.0883700137669898 -0.0454185224117597
-0.0415135831172449 0.0946399671044056 -0.0640062725879897 -0.0771556472000363
-0.109317233384512 0.0585970602771788 -0.0242878067581135 -0.106507990853251
-0.128506257558225 -0.0499586842069742 -0.0425779388276034 -0.0854360553293344
-0.109244197708864 -0.145369500162722 -0.083756429812089 -0.0925511386187631
-0.102284977903532 -0.16603222998238 0.06353666074853 -0.0314441226837201
-0.136610222512705 -0.102911655450655 -0.00302684085217 0.0762202658197941
-0.162711966701379 0.011501805898089 0.11176520115713 0.119440522581361
-0.10899818008032 0.103253913417312 0.181097523389623 0.0176358206212625
-0.00518068040939065 0.112213186365417 0.110995656219464 -0.107651165533319
0.0397218100608946 0.0824418781408223 0.0150686843147956 -0.122774632825737
0.0837976197408512 0.0540474046847011 -0.049758295973525 -0.0816658124715933
0.0905000789484952 0.0309477395027236 -0.0492533664066752 -0.0307188017567299
0.0917029262981993 0.029970726128795 -0.0549297876486285 -0.00797600279651765
0.0620716681753693 0.0657001426097237 -0.0621661256747993 -0.0070796054073549
0.0312203087889776 0.0929703290459798 -0.0819420978154954 -0.014934277815633
-0.0527913890010287 0.124119654913924 -0.0738380055854673 -0.0489548462854217
-0.136261550441578 0.0728812160521496 -0.0391661345888298 -0.0853016175164455
-0.153216730332322 -0.059408512351211 -0.043496707198174 -0.0632044378453579
-0.121828261465121 -0.174765694888578 -0.0713182361715088 -0.0367500251208031
-0.0812523309975881 -0.187013434078995 0.0774100858766095 0.0404577967578324
-0.132209321389746 -0.149493732982886 0.00067137385714225 0.117900593838751
-0.195743304311524 -0.0276677546734905 0.097059640993039 0.151585967537814
-0.157471568643389 0.101607190889345 0.175461397655583 0.0604154897006636
-0.0269817939328843 0.139651260030425 0.119230445131027 -0.0658705533026237
0.0399219787497676 0.106007609938914 0.0409322487086532 -0.0856174820661513
0.0948263679684717 0.0741634473097641 -0.0174898396695932 -0.0602147166329318
0.104070110287979 0.0445259037143865 -0.0169844175299806 -0.0150049839754614
0.107050976143888 0.0387902043842698 -0.0216172219873892 0.00917488126684977
0.0729666450747328 0.0746925296717508 -0.0345749665046399 0.0175582495748247
0.036288652490775 0.103158262851243 -0.0686684867720152 0.0162560600105893
-0.0579147658126883 0.134526916674365 -0.0753905278211439 -0.0196972074280784
-0.146039014788782 0.0726820421304527 -0.0475076807698588 -0.0643142335772494
-0.153670402375262 -0.0647890667414577 -0.0335489910458625 -0.0466644567194359
-0.112624810096092 -0.182751950942639 -0.0491377911569534 0.0160260183212441
-0.0474561323570525 -0.173607205088308 0.0781573473743605 0.110547497829138
-0.0955479668004068 -0.164939221533266 0.000610588839244309 0.152516637712215
-0.180423993941362 -0.0639399315759717 0.0660322784582391 0.170122564299363
-0.17116415399095 0.0724642327547801 0.14574061334992 0.0971347562907804
-0.0458227895568113 0.134174816233679 0.115331678954833 -0.0151727221795421
0.0308075193813137 0.108865234654671 0.0622259302692802 -0.038716099541328
0.0879142268379819 0.0818103070645542 0.0177789256454956 -0.0308561332347294
0.101229673992185 0.0516458931201833 0.0168175502846723 0.00242964353139336
0.104550289320361 0.0446517694129509 0.0106717029828451 0.0275169827845547
0.0710733126472986 0.077385990863026 -0.0080100785806665 0.0404340807251988
0.0240480979068373 0.104488502433977 -0.0537563451953036 0.0420406455202363
-0.0735354658034782 0.117832354076164 -0.0725349420792952 -0.00088693377912572
-0.142623316461148 0.0466272785246176 -0.0474607338852704 -0.0492627212281346
-0.123641495823874 -0.0850478921541896 -0.0160057712536591 -0.035630646644422
-0.0634484824107173 -0.174418653792978 -0.0317316968350771 0.0576115580012414
0.00102166332733577 -0.123434499619585 0.0570784440006081 0.165953477138102
-0.0343515469425173 -0.142488137587774 -0.0156034222521735 0.168851864268159
-0.12260448186078 -0.0850410476387471 0.0189768271441298 0.169246733760581
-0.146087090336186 0.0248858226066628 0.0940910589665594 0.125049834973097
-0.056715107001295 0.100120934060576 0.0970356255040825 0.0365275351985813
0.0137224179334144 0.090492831941371 0.0736004136111534 0.0104012150042056
0.0645709397176089 0.0767755733935564 0.0486210304185468 0.000915939920410923
0.0838616228813705 0.0513565538498987 0.0439322042461818 0.0203598809757577
0.0862095762461915 0.0494351469309129 0.0377754924336881 0.0459984423835495
0.0571745072905215 0.0749132810394593 0.013672563259536 0.0648920838728617
0.0152618106921077 0.0941668472900584 -0.0448774335135425 0.0682877317058872
-0.0756150140187668 0.09354264555061 -0.0743496226136878 0.020735202521923
-0.124908725981297 0.0166374614166652 -0.0542260720572788 -0.0348246889895061
-0.0886289952327146 -0.0848573466673068 -0.00771159291859116 -0.0261136030087095
-0.0262542992718658 -0.139826971917098 -0.0167987526010803 0.095813397220918
0.0313067235728653 -0.0511181944865698 0.0470236712855731 0.186892882778982
0.0111299804861916 -0.0862762054945508 -0.0128390163457335 0.16750204873944
-0.0584972312647757 -0.0675823885307389 -0.00562804874971627 0.152416938386229
-0.0920499119985817 -0.00129364174296399 0.0600193501725724 0.127343440634889
-0.0428739394098961 0.0594067418791884 0.0817436731560658 0.064980783116825
0.00576585339234404 0.0586798310218737 0.0808255751421373 0.0382239322754646
0.0395502690270313 0.0534343253945529 0.0704862238373876 0.0247992134403455
0.0527299308673734 0.0434080938056411 0.0642710709794902 0.0343815870014404
0.058150355526916 0.0415796592926703 0.0592660446380764 0.0645768217542653
0.0388590491823504 0.061361472103383 0.0259409738488988 0.0887756998303642
0.00143224955090371 0.0733137359893274 -0.0436978947218127 0.0910181703956922
-0.0706217638374045 0.058447299909332 -0.0821011677635003 0.0334072886200639
-0.0920316487710149 -0.0123295034920791 -0.0628171635914188 -0.0284021335940355
-0.0385514468382147 -0.0796288846902031 -0.00123347012483019 -0.0207315687284045
0.0211896080479813 -0.088122483401691 -0.0129051808608642 0.120229657602885
-0.0499294756253823 0.017222417390675 -0.0212948920792065 -0.148455243736957
0.00406931239368719 0.0520632666694659 -0.0356781464157741 0.00686456694250351
0.0481523911729897 0.032217406569361 0.0792643786167731 0.0414010908550724
0.0461770194147764 -0.0244525988604396 0.110565099567707 -0.041859183586436
0.00364698616608914 -0.0382957741042569 0.0537743615364224 -0.125056575972302
-0.0155818436854141 -0.0260396032328604 -0.0434752690412689 -0.132432421459619
-0.0185197284824918 -0.0280694808387607 -0.0899193795923414 -0.0810309519645239
-0.0156892673984539 -0.0257270288900699 -0.0941736491934911 -0.0410693122313111
-0.00742411764682528 -0.0237522779885135 -0.099344782290465 -0.0329828240022755
0.0100524249964889 -0.0186714054269115 -0.103464123213065 -0.0513221330842287
0.0294931345270902 -0.00886341721437348 -0.0909628459166242 -0.0786387553152807
0.0345149903919362 0.0269015794156924 -0.0497482728700493 -0.119898651378639
-0.00110496537731782 0.0589775799101742 -0.00293049853727821 -0.148643085309666
-0.0483638888477631 0.0274704261689004 -0.0109036791431031 -0.136264200988277
-0.0624307373773773 -0.0125624938217565 -0.0784228149300666 -0.173679773166025
-0.0902934231424052 -0.0494381221621472 0.00857645931247874 -0.1351668012972
-0.0582496915968636 0.0163400887895878 -0.0251703541374686 0.0166227226148852
-0.0201466127826824 0.0473773953067019 0.0998266305947279 0.0555016215635658
0.00912418567845037 0.0286097043501976 0.140421732157445 -0.0403664097291446
0.0129583648067289 0.0085300002092676 0.0686970394496024 -0.138438583264571
0.0108623591929204 0.0070966459291833 -0.0373037271887985 -0.146854709144501
0.0237810118822603 -0.00540833145189465 -0.0935668175632081 -0.0894867492857279
0.0269246513260448 -0.00849726436814552 -0.0933939070242683 -0.0425054868842649
0.0307448482242889 -0.00155863008767951 -0.097845274330091 -0.0312799354699875
0.0262367220329051 0.0196538284566795 -0.099874230227774 -0.0450123086269639
0.0223880030048487 0.0342573071197078 -0.0925880312871554 -0.0677055847541509
-0.0116885455124899 0.0615277752573941 -0.056095182012062 -0.10401152784008
-0.0623938465880367 0.0532874706522982 -0.0133309894590387 -0.131079546194372
-0.093159584217048 -0.0220468495653873 -0.0328916446073563 -0.112876693990711
-0.093059385200377 -0.0897855149462584 -0.0892878214178605 -0.142128343246699
-0.113455150227384 -0.115620286616349 0.0390379205872172 -0.0969767002064727
-0.113096357665549 -0.0390500217983179 -0.013109405092959 0.041260640354169
-0.0986508486692261 0.0433075031064312 0.117381199089427 0.0839219900297874
-0.0451867644886038 0.080335653141187 0.171138537755252 -0.0238263987107466
0.0131824014212056 0.0645217001033786 0.0882431617940021 -0.137535303933946
0.0325546343408512 0.0468169053975194 -0.0181546641511754 -0.146916797083576
0.0625458233944468 0.0225549410048074 -0.0804671063616348 -0.0911224881568889
0.0661015868951509 0.00879262118702423 -0.0780055986865009 -0.0382946056989399
0.0673027256593853 0.0153050294765657 -0.0835754151374798 -0.0199721156720795
0.0469255157226284 0.0479739431332579 -0.0883428808345259 -0.0273865392879933
0.0266903939216577 0.0705012485200166 -0.093959668794695 -0.0429134775914691
-0.038044659690666 0.101517873394759 -0.0699398050202827 -0.0791140232587214
-0.109200589386322 0.0657851724108949 -0.0307110573808989 -0.111310574668933
-0.135426432218524 -0.0477016413217339 -0.0464114824406627 -0.0865342399934307
-0.120654608911575 -0.145842244741883 -0.0891200815215453 -0.092269575245211
-0.113276069632989 -0.167660021961263 0.0653757196094705 -0.0356208254228949
-0.145432750116547 -0.101893517493478 -0.00191901161239993 0.0792701226449505
-0.168223858125011 0.0186070930987261 0.121712760597928 0.120624236849582
-0.108916501356663 0.113261236185474 0.190532527822356 0.0109323854230014
-0.000461277634113248 0.116306956896868 0.110245618198773 -0.114539151536326
0.0453697760116312 0.0841318189515769 0.00955423203453689 -0.127918255076973
0.0897428706821993 0.0504896711938762 -0.0554305716189627 -0.0804177669425178
0.094891203480939 0.0264611547521306 -0.0513277806885951 -0.029128945858096
0.0958894498708345 0.0267437974592889 -0.0561365095294889 -0.00525461636463511
0.0671256663059228 0.0659293263955837 -0.0659752091579104 -0.00376513990098995
0.0359332208601025 0.0947325494464244 -0.0863696575842272 -0.0109432291581287
-0.0484477409506032 0.131767396681031 -0.0785380583829276 -0.0482329285426591
-0.136822172135112 0.0816853051363201 -0.0456931057324192 -0.0885677099200337
-0.161251690589081 -0.0556415179896645 -0.0462817234205765 -0.0636560383107279
-0.134494274042924 -0.176571284143987 -0.0736371008541587 -0.0353601762846266
-0.0911927795371397 -0.190871794856844 0.0812605875745584 0.038753319458909
-0.143119176726618 -0.150801516698865 0.00446109863666259 0.121293357944973
-0.203711994093449 -0.0199699756348557 0.10630524931182 0.155023958900775
-0.15866642921414 0.114092096165994 0.185222439370189 0.0549856156078866
-0.0217238618328734 0.145161049470092 0.121464287630835 -0.0725575346135769
0.0463184377389586 0.108602139305265 0.0396228519008626 -0.0916208732540448
0.101217059865906 0.0706540771041557 -0.0199186616709207 -0.0596641025090503
0.110641853442984 0.0396484876203122 -0.0176325663120155 -0.0150567903273411
0.111449627153982 0.0343632227351965 -0.0223531742244999 0.0111517202080809
0.0796506843573827 0.0731012650641952 -0.0357504715917294 0.0205291688684535
0.0422714519062092 0.104926460000724 -0.0706493904346795 0.0211580331925188
-0.0539181326205098 0.143118412069696 -0.0798110718284632 -0.0179583012090731
-0.146822154390942 0.0822482183525558 -0.0532927278014054 -0.0665983423685295
-0.162655808236278 -0.061646874421815 -0.0355421048282995 -0.0467585015193396
-0.124360716438851 -0.184603641495 -0.0489222676259697 0.0183975486855155
-0.0555006814412342 -0.177621946849861 0.0847386572646484 0.111038220204707
-0.106471287537103 -0.167712882715618 0.00529102147952556 0.157388948715526
-0.189695687652791 -0.0584108488860788 0.0749470941579689 0.175705297416681
-0.173838063847081 0.0849790574905959 0.155533970111208 0.0953959652903573
-0.0416903486095731 0.14079940609211 0.118872934766713 -0.0199235499633604
0.0369191848822079 0.11184303310398 0.0632725814793675 -0.0437649489611011
0.0956953357145385 0.0796484123683324 0.01775766932325 -0.0323871746108134
0.10791881173748 0.0470108945633405 0.0169540326584231 0.000822688492023638
0.110821368702356 0.0404898495096107 0.0115832686957972 0.0269239939011992
0.0774392534311011 0.077066527670373 -0.00732057311620441 0.0421926256732653
0.0290108386978973 0.107358251735787 -0.0544931234830553 0.0472587949720616
-0.0708668333757078 0.126928805042055 -0.0755719019788297 0.0026851019899891
-0.145247204961127 0.0547263492567699 -0.0530324986064421 -0.0509376112114211
-0.130927782821037 -0.0831945009224256 -0.0179215424065704 -0.038286510801348
-0.0743087664885132 -0.178535862956607 -0.0291168196522351 0.0612758195475587
-0.00367207458663303 -0.128598141179618 0.0648460039435774 0.169728784088039
-0.0411224020555694 -0.146788123295569 -0.0105291698674138 0.174674899657442
-0.131314486964262 -0.0837051058720646 0.0256436680566311 0.177129451416573
-0.151133339638065 0.0331096120001314 0.104228814863383 0.125536295135944
-0.0542491511292431 0.106112208114484 0.101597648395522 0.0337826220031378
0.0176330864748878 0.0932604428057215 0.0770299638943822 0.00657498650319184
0.0711262808311875 0.0751173770865393 0.0502225539413311 -0.00158016859888233
0.0899480652980568 0.0485447496473553 0.0455900362301924 0.0189685061699479
0.091315538424492 0.0468703445518267 0.040831663493896 0.0461391601581028
0.0628236154425666 0.0741922962207931 0.0157279974689556 0.0662600298697961
0.0197941061868604 0.0961727723191346 -0.0440604417898905 0.0731104914033523
-0.0737394414196148 0.101670368436209 -0.0771547016406422 0.0247049262484588
-0.128077075793518 0.0230605422360137 -0.0583315000756515 -0.0358894330594028
-0.0940043002591749 -0.0842903379471 -0.0087932323291937 -0.0281675378246662
-0.0338952128389746 -0.143524347405623 -0.0123175426813912 0.0995045634763946
0.030758671726649 -0.0539749949178492 0.0549530724681557 0.192718015684262
0.00765190586306789 -0.089769661412658 -0.00881861653890465 0.173678576928179
-0.063963765394743 -0.0682589838906009 -0.00102626764279132 0.159334289604416
-0.0958197087498031 0.00322594494821968 0.0675100346044451 0.129361876827793
-0.041126475851263 0.0627112018975649 0.0870083889161636 0.0639250484005983
0.00856028260255592 0.0594639098514535 0.0863103233277795 0.0347745637264802
0.0432758285325341 0.0526023061189166 0.0733327942355341 0.0216832082604288
0.0570483648177037 0.0419587839098961 0.0676637057667311 0.0327846649449172
0.0624079816373629 0.0404054332361643 0.063731364850743 0.0637352906890951
0.0436498212384326 0.0606308572490048 0.0297993869785959 0.0897624978127965
0.00547033403091409 0.0759676101329457 -0.0421526627846721 0.0971534729288231
-0.0710131910957642 0.0648362184006408 -0.084924759800731 0.0376137807894959
-0.0947237115173517 -0.00772490493818334 -0.0673720185907771 -0.0286590604800474
-0.042125916525967 -0.080733101475748 -0.00234026298290689 -0.022569150248081
0.0177036694818387 -0.0923603664316812 -0.00724840133371071 0.125290966848282
-0.0501287602188826 0.0198888520471403 -0.0287818942273804 -0.148335865113383
0.00613156367261421 0.0522438893092293 -0.0367023295533616 0.0103718981469855
0.051067840429185 0.0314877615065405 0.0842517946214479 0.0394309746140038
0.0453964049374772 -0.0265529665653419 0.110867345681488 -0.0473972392020201
0.00146434438909293 -0.0385164580517256 0.0485574614727203 -0.128704268368341
-0.0165788383046633 -0.0244223989951232 -0.0513758494667981 -0.130431405194984
-0.0204396517990733 -0.0275115041369319 -0.0949126379828911 -0.0757862981234868
-0.0173266984384801 -0.0249836437880131 -0.0960018488730274 -0.0365619064866357
-0.00887470268588287 -0.0234409422698454 -0.101429748696201 -0.0273211085777207
0.00901773449268974 -0.0195961639914714 -0.107129509265349 -0.0450813973599263
0.0289364071418973 -0.0115531902215472 -0.0968728289907108 -0.0750559568596788
0.036360158007409 0.0256908496216366 -0.0560586708413112 -0.120144641017032
0.00254785209772962 0.0590612769441972 -0.0110787350747733 -0.150584578993564
-0.0492987221209413 0.0291301408820724 -0.0142335415080091 -0.13637625202286
-0.0636600027487712 -0.00929950944015831 -0.0857961002650028 -0.172083245812773
-0.0948567662964955 -0.0447491315940806 0.00179934842655038 -0.137611136510664
-0.0588285613577301 0.0191529762271708 -0.0257406643327505 0.0186587275633827
-0.0179137021977984 0.0483864070793684 0.104691392050278 0.0530092861198266
0.0118622728212546 0.0296277773234853 0.140413078104284 -0.0478878590188324
0.0137956567297911 0.00866364309661881 0.0630219959060534 -0.143124166755529
0.0118415197626528 0.00722518423606269 -0.0454799192680408 -0.144891270483941
0.0228847874270686 -0.00672274191330907 -0.0977673660633816 -0.0844364514933489
0.0263523333785203 -0.0106639679026723 -0.0955283222681174 -0.037337165977854
0.0309044005111365 -0.00326788686125679 -0.100284502593626 -0.0247230423081073
0.028500172022476 0.0181149838888861 -0.103868448728719 -0.0387865959424897
0.0243515424762943 0.0331673465703971 -0.0983417310056835 -0.0635327423934493
-0.00902912418893406 0.0631433802951543 -0.0614604628981284 -0.103764834168831
-0.0592461287215049 0.0568797817975996 -0.0209585058723646 -0.132675828436569
-0.0965029534481165 -0.0191214027957437 -0.0360806864085392 -0.110791960521854
-0.0982591394823736 -0.0862029138700575 -0.0952567406113336 -0.1398032010204
-0.119641399235792 -0.111415172806161 0.0343338685003739 -0.100087459560709
-0.115923297984111 -0.0341792163991197 -0.0130215544241699 0.0433864449387295
-0.0972370461381554 0.0493898327107314 0.123364420329224 0.080198339501439
-0.0412058614133873 0.0841143766915795 0.173016896073654 -0.032323905326887
0.0156745299242375 0.065392125681682 0.0842119130460638 -0.142405042957893
0.035866551313121 0.0459132580110005 -0.0261554493957463 -0.146135569180721
0.0629192509979574 0.0194717446190765 -0.0855544306526982 -0.0857361743131379
0.0667201908460572 0.00515383244457607 -0.0805643172456548 -0.0351410232225736
0.0683214908483952 0.0114868338612918 -0.0842255509443522 -0.0143303681061093
0.0513818597157209 0.0456777944876842 -0.0909100792942308 -0.0215559482845928
0.0307772583537637 0.0696822143851136 -0.0975103925320828 -0.0375209551848689
-0.0330891564437438 0.104393133125363 -0.0746111396038883 -0.078257675378343
-0.106699136673009 0.0718570112063918 -0.0372599403907419 -0.112322083495683
-0.138985807338103 -0.0421871185150489 -0.0489816971928352 -0.0855847100149866
-0.129659368362608 -0.140794349143574 -0.0923342255874907 -0.0889773484801638
-0.122584838534277 -0.164418822728618 0.0642040544700644 -0.0390151625602802
-0.151759340742138 -0.0956026565595976 0.000680616096909135 0.0799180920723749
-0.168867006359709 0.0281608051129655 0.128981945910115 0.117270259727218
-0.103489217404868 0.121149196150764 0.194371741070727 0.00224992963398651
0.00522977478361553 0.117166823266696 0.10631573966368 -0.120182015900605
0.0508782050748012 0.0832602435766086 0.00330609029885191 -0.129708582117629
0.092632654410779 0.0455197326287192 -0.0582768392985968 -0.0763382471274788
0.0975351367334436 0.0200955371386952 -0.0530161036935327 -0.0269439208542858
0.0974437793508701 0.021474974893632 -0.0563819850949285 -0.00141858335439169
0.0712164572794822 0.0621083339602832 -0.067702460706326 0.0006606606410547
0.0415122835284521 0.0925343156436879 -0.0890388637340723 -0.00581773927350403
-0.0415880007087905 0.136363102256493 -0.082324741127063 -0.0457527645189804
-0.133557173330495 0.0891110519153906 -0.0519538036820926 -0.0892505763803021
-0.165547565609344 -0.0493704429158862 -0.0482592619738618 -0.0631707671457659
-0.145363791043366 -0.171092713253187 -0.0740661162903654 -0.0320268707245313
-0.100611091335314 -0.189461954809757 0.0829321510061761 0.0351566695046877
-0.152721019381717 -0.147101171395979 0.00902092420069287 0.123484420026637
-0.207256920109356 -0.00997487232373231 0.115844156616431 0.153255422312727
-0.153762759344341 0.124749192730131 0.191460101141443 0.0467707048999049
-0.0149233091887057 0.147647024685408 0.120283403033051 -0.0781679839775021
0.0529731487735291 0.108205883459958 0.0353973174304013 -0.0947180607666302
0.105331184396321 0.0653179840210402 -0.0221274685687507 -0.0579399266752976
0.113523333204856 0.0322203986424827 -0.0190203926203438 -0.0146446832595282
0.11351093306313 0.0283774199161832 -0.0215657421498948 0.0134033124417362
0.083914206530092 0.0682878966386372 -0.0365914797230969 0.0231503124138953
0.0477880067025462 0.10319318403631 -0.0704459669931553 0.0259394209079213
-0.0463617597548672 0.148317430846437 -0.0815234725166437 -0.0140938026722551
-0.143335303380919 0.0907049520004223 -0.0587530062414003 -0.0663041832568709
-0.16652640417219 -0.0539977425956397 -0.0371466048967822 -0.0468570433585694
-0.136128787895151 -0.178768200038706 -0.0456369106418076 0.0210776983974591
-0.0641533996886963 -0.17770284313887 0.090289516336809 0.109032979744311
-0.115352943736835 -0.16523238569519 0.0110442522007942 0.158312840168733
-0.194694985631829 -0.0495803709284349 0.0841275040480384 0.176216585976717
-0.170691980511214 0.0953740228247382 0.162823352978841 0.0887949977681794
-0.0347819528297138 0.144825981284405 0.11930259816305 -0.0248179298133951
0.042218788851744 0.111331457162841 0.0620813209872427 -0.0476340737778575
0.100371505783702 0.0737469431350507 0.0168381396370809 -0.0332933505990147
0.111645313897504 0.0404409587193427 0.0169214481411719 -0.000131698811607498
0.112598179746254 0.0346315373253388 0.0134057821413448 0.0273092363731025
0.0823760681014132 0.0727746883399921 -0.00677457170562106 0.0436546694958232
0.0351187506215547 0.106242561317682 -0.0535550548501476 0.0511386557545655
-0.0640677916449997 0.132189927684556 -0.0773914180769116 0.00564101830135851
-0.142881467617209 0.0635071713785035 -0.0576552371987986 -0.0502538271264217
-0.135399578315726 -0.0776519920429698 -0.0199211515502165 -0.0387722758636998
-0.0840788352784445 -0.175438079884496 -0.0251240836654756 0.0630682330931047
-0.00927208867222908 -0.130276609022702 0.0722779235862925 0.168930632624318
-0.0486634905337418 -0.147135690794444 -0.00348822012605647 0.176991729229294
-0.135854262374406 -0.0778378131962047 0.0330753934291096 0.178514249718976
-0.15041322350572 0.0428235531453989 0.112069270572265 0.122480093427223
-0.0489813257102392 0.108912230820965 0.104516120322165 0.0300892424816748
0.0229349358200683 0.0933523409071644 0.0787423902551726 0.00174540880873036
0.0757188083285368 0.0715414906323945 0.0510396454942015 -0.00361771481835681
0.0934486847603019 0.0426601575718855 0.0464596518082807 0.0164590709507017
0.0940815139059452 0.042284734533326 0.0428316680501807 0.0442606329046035
0.0671511192825187 0.0710241089143541 0.0176721484148544 0.0658684678729683
0.0249238824777082 0.0962552222538048 -0.0410381501443171 0.0767967754106883
-0.0687746840642469 0.107097483285264 -0.0777767413437549 0.0278274734385587
-0.127880409829031 0.0308095389439493 -0.0623474189436701 -0.0350212690856378
-0.0983099749865801 -0.0802217533363596 -0.0102748837962406 -0.0295892086543782
-0.0414761781140724 -0.142462564472896 -0.00634183939433782 0.10096297702568
0.0280820196441212 -0.0569503762862179 0.0632603951781494 0.193095391497303
0.0034074270140408 -0.0921067032371814 -0.00199552020530197 0.175289566757819
-0.0683280652772216 -0.0652668889493308 0.00537691418759273 0.162715492705527
-0.0962043321392272 0.00895834245497336 0.0744095910778098 0.126717158761539
-0.0381761948314384 0.0656452676087051 0.0908250481873838 0.0606107059527041
0.0112182150530014 0.0598419112969787 0.089557218821371 0.0301255641567109
0.0463660998217907 0.0503012729122194 0.0746728561463359 0.0176057650166257
0.0607439391341424 0.038079009236605 0.0688869638705775 0.029260161273078
0.0656054288676442 0.0367672920499983 0.0667238915318753 0.0602019527025652
0.0479110201839342 0.0587425325089142 0.0332615703559478 0.0878630201455271
0.00948158319277755 0.076246989827364 -0.0386015942331303 0.100002027446615
-0.0669569804355177 0.0704883218689581 -0.0850445956391731 0.0420539256058778
-0.0961228039983619 -0.00230655733596319 -0.0704463194325581 -0.0268521135955465
-0.0459056746610272 -0.0802841689275685 -0.00408011964753124 -0.0235471093427771
0.0124938671385618 -0.0932993810334077 -0.000405573238447895 0.126391177770074
-0.0505190467107175 0.0218864882626514 -0.0323652620806042 -0.146687813256227
0.00668666475185652 0.0509301133529287 -0.0361285514180741 0.0130508703068502
0.0512311023926885 0.0293614451003949 0.0862225146547107 0.0366713093844353
0.0445391467184092 -0.0279692404827288 0.109834573555361 -0.0508459564000362
0.00110050579997874 -0.0377356611445815 0.0452439211534275 -0.129063756121039
-0.0171470271273522 -0.0231287237233547 -0.0541822169727345 -0.125962780851478
-0.0220061907126562 -0.0261219271228801 -0.0956365072570742 -0.0711172478165889
-0.0189326833320183 -0.0243372559715363 -0.0963356046948926 -0.033081988217635
-0.00979525809899238 -0.0224090021246244 -0.100747907153701 -0.0224095077049347
0.00793857655417788 -0.0192386935459048 -0.107856800574698 -0.0399050094155598
0.0283347659183166 -0.0123013721285338 -0.0983417156593126 -0.0716427657745522
0.0368955022057968 0.0240217028408383 -0.0588523986572969 -0.11921318508686
0.00458407847191377 0.0576839952987217 -0.0151157015788955 -0.149143001173998
-0.0489754174302396 0.0295348127639833 -0.0155940187398526 -0.134134175052242
-0.0641944148242757 -0.00746860937885856 -0.0889927488748464 -0.169147286347455
-0.0958791300757808 -0.0413434778133963 -0.00219627160739481 -0.135914960890605
-0.0577682396359233 0.0203534420036418 -0.0250335266523535 0.0210440158472378
-0.0160076974397991 0.0495160996866646 0.107750412311921 0.0496014266713113
0.0127533752689603 0.0291518733019441 0.139819524455608 -0.0523921733944512
0.0143791683853852 0.00854892775321835 0.0586485921553814 -0.143056390718631
0.012288284311778 0.00730526241742261 -0.049203616681922 -0.140813340476257
0.0219376668472018 -0.00804604567649471 -0.0993755951349051 -0.078860986492257
0.025067666469319 -0.0118139913689021 -0.0946454546289914 -0.0341504788423819
0.0302082565035025 -0.00423662239254719 -0.099101663251771 -0.0200753047161317
0.0282550089179805 0.0174275971395287 -0.104390764684744 -0.0338138126430336
0.0250803960071262 0.0315649511675535 -0.0994285985674667 -0.0600178944012877
-0.00589823206612791 0.0628306715182092 -0.0645279859570022 -0.101978153097391
-0.0568841681091203 0.0574861991548472 -0.0250416903097821 -0.130914586858157
-0.0969985181411607 -0.0169851243813674 -0.0365130614447265 -0.109080872539029
-0.101313536540112 -0.08194870125486 -0.0964191284961548 -0.135809968171689
-0.123109533437331 -0.106467439487176 0.0317864481033806 -0.0999359853264699
-0.116591850806089 -0.0307584165774523 -0.0123596961933628 0.0441483593143972
-0.0945268785950783 0.0523733189812431 0.126082561131082 0.0766147108986648
-0.0375426746893576 0.0859031999670888 0.172224395904488 -0.0378103958703674
0.0180723952951154 0.0641614252967561 0.0808926107014672 -0.142868465335255
0.0378878744695163 0.044278286097242 -0.0312772954521873 -0.143650584626435
0.0629706108056888 0.0154021890687313 -0.0858433131969197 -0.0804099459064387
0.066068719790088 0.00155745591373479 -0.0800772700983241 -0.0316415204609473
0.0677165820034819 0.00915323520008237 -0.0832058877857155 -0.0104970875582177
0.0519439559149483 0.0437453251890839 -0.091641861738773 -0.0170162645331696
0.0327522901359417 0.0676900227664065 -0.0983321811940377 -0.0343983008827051
-0.0284562921107765 0.105250011577692 -0.0764238921994028 -0.0763315063260851
-0.102877335295709 0.0746355301810036 -0.0415494739137787 -0.11126307447818
-0.139868276814426 -0.0384079188546496 -0.0488288888325095 -0.0830539867007277
-0.133257718162693 -0.135379380795962 -0.0924991483768655 -0.0856806271618429
-0.126037219383208 -0.159663342180726 0.0623447609487547 -0.0415619229785958
-0.154089754757381 -0.0911503121736965 0.00074129131643592 0.0808210142070302
-0.166708340277494 0.0337685749184781 0.133039071347173 0.114107352773485
-0.0972869352566781 0.124448346202352 0.193630766781483 -0.00416431444123036
0.00918489769861242 0.116362773887432 0.103516580886384 -0.121485740001673
0.0541813216116303 0.0808816000727519 -0.000967770954064105 -0.127994119292636
0.0921015564659574 0.0409021402327752 -0.0588231331640624 -0.0724158625415322
0.0969777660501976 0.0142845717520322 -0.0532270390612418 -0.0250630763583671
0.0966160926604757 0.0172639885564676 -0.0545960419048749 0.00173112191397595
0.0723270887073441 0.0587766304910644 -0.0675959991028901 0.00415332443292459
0.0442086044593232 0.0909618826021166 -0.0883180901902228 -0.00264550075986161
-0.0359398956459593 0.137555836500854 -0.0836360475437928 -0.0436863623646593
-0.128521230763607 0.0917883649043591 -0.0554253039261306 -0.0880876940541084
-0.165454766817645 -0.0445432355911734 -0.048173099662985 -0.0609819952820363
-0.149908253375279 -0.163921783835069 -0.0730637549325575 -0.0297943203174552
-0.106338016283942 -0.185037650523397 0.0836095848854193 0.0324455943417317
-0.155743168230431 -0.140554429623375 0.0109425129918765 0.12155651951552
-0.205535248452233 -0.00308736929176271 0.11992486291008 0.150173871295225
-0.147307364647979 0.130497558794665 0.192224368913687 0.0402082877961346
-0.0102008024729626 0.147090775726555 0.11747075537347 -0.0799042802754215
0.0567970153641387 0.105246441799037 0.0320024119800272 -0.0960027236436315
0.10622062803136 0.0596565349910095 -0.02254415737589 -0.0554590900189954
0.113269084714983 0.0259139175467709 -0.0186158581461893 -0.0133864899858678
0.112635144969288 0.0231766172832288 -0.0201745162770774 0.0140128614014171
0.0856109697494913 0.0650985409516525 -0.0356922348565518 0.024576392444384
0.0506068038830266 0.100781950446288 -0.0701853803301825 0.0281575442269065
-0.0401729082841784 0.149050329497083 -0.0823025878852313 -0.0122110066838335
-0.138590271462266 0.0945289514590017 -0.0621287745870918 -0.0654657053130898
-0.166380347286941 -0.048904698297995 -0.0373859095377099 -0.0459686407342664
-0.140789733015365 -0.171636047380932 -0.0435629531121884 0.0220095817363535
-0.0686706987349216 -0.175041330885072 0.092121824435689 0.105547656684448
-0.119849849439819 -0.161560659187322 0.0129572465854319 0.156630258315256
-0.194924145984483 -0.0429600036941843 0.0886456341151829 0.174197706782356
-0.165504763567963 0.101621904531238 0.164476268648012 0.0831896538570511
-0.0301746832869013 0.143776453531341 0.119178244228861 -0.0271941880882081
0.0466533790685329 0.108400880128868 0.0602303899355003 -0.0502253831797627
0.101108941042373 0.0685451599036315 0.0162355615821932 -0.0321858494726
0.112224307774924 0.0340180839421258 0.0163693018542392 -0.000945737159406542
0.112567846540639 0.029890010237522 0.0138430759161871 0.0265882555067602
0.0837784133359735 0.0690521850665083 -0.0058529015938754 0.0429446712351885
0.0378600927314122 0.104206298871171 -0.0525788816091981 0.0527703250069262
-0.0583893203394323 0.134364083894806 -0.076819609790694 0.00691165580880279
-0.138856196156058 0.0678795505190089 -0.0606701773404005 -0.0504394454318701
-0.135437200427623 -0.0726946433341946 -0.0197679113163613 -0.0387814307318948
-0.0890721390741796 -0.170465088452506 -0.0211212373940893 0.0628927009464683
-0.0133439763136262 -0.129408826414861 0.0759001849550428 0.165531745520514
-0.0528747121421158 -0.144806979992912 -8.47393221253499E-05 0.175015667216084
-0.137389324624174 -0.0731838458148986 0.0368608514283478 0.178367358292455
-0.14712451524443 0.0474296322445773 0.114107018705885 0.11791728276946
-0.0450078984463749 0.109237455799673 0.104849938580221 0.0270580903561968
0.0255990108908728 0.0924551782159447 0.0791318271938306 -0.00235974660912305
0.0771414544634615 0.0671336746894788 0.0507133740891128 -0.00515740030980616
0.0942119396089091 0.0375063692346222 0.0466359573655551 0.014856550662099
0.0941735562289395 0.0370591998674638 0.0437449315911401 0.0420843484036086
0.0687338850195835 0.0676912734957156 0.0184272702228363 0.0649403641150576
0.0278320396827534 0.0944753890276624 -0.0388762850043186 0.0780261928353545
-0.0637481604465493 0.109305537282752 -0.0760050645013273 0.0296493035371093
-0.124725868632822 0.0344989377497132 -0.0651747955842372 -0.0346305221722308
-0.0988184872960667 -0.0771842296787517 -0.0104302840632399 -0.0294397897272824
-0.0457791921445337 -0.139139790920327 -0.00195117107986401 0.0998097150165803
0.0264279187089487 -0.0582169908685569 0.0665451745979096 0.190536432328671
9.07482562751E-05 -0.0919395299342662 0.00178006015091721 0.173925695920042
-0.0688686205961363 -0.0627900160876358 0.00906815225200339 0.162599268401255
-0.0951199861218853 0.0121883260557779 0.0772284828938682 0.12460746524495
-0.0355446400646954 0.0650182847496456 0.0922411325706464 0.057502502293666
0.0126959276360805 0.058657578169195 0.0899480059439197 0.0265157300359282
0.0477278314215365 0.0474829414405601 0.0739398322809582 0.0145157453554372
0.0612316019733301 0.0341727616130866 0.0688408278133587 0.0271654671096001
0.0651298577395574 0.0334124386214528 0.0668296898663858 0.0576554194292997
0.0493244270417894 0.0561683549733585 0.0348834199913016 0.0853946967847379
0.0121813967708621 0.0753860942625972 -0.0345886264182572 0.100487785626497
-0.0644207806357153 0.072665122664 -0.083548754445611 0.0442551248291679
-0.0946988829315126 0.000853906030323771 -0.071773212239338 -0.0260740175027749
-0.0474635505450373 -0.077707413335392 -0.00366576359241389 -0.0249122545826996
0.00923561476612828 -0.0917897820131146 0.00408401217297337 0.124600403824221
-0.0513707546014953 0.0221933153708519 -0.0339717694508449 -0.146024100125873
0.00634770707789702 0.0507292715001589 -0.0366386784849439 0.0149424097829513
0.0514256408989516 0.0288883801026334 0.0868648002489656 0.0365883031012466
0.0443772862037317 -0.0280995472403169 0.11020716071939 -0.0518490224914574
0.0010989394555291 -0.037469546129111 0.0445366173138502 -0.128505141948487
-0.0167496153154982 -0.0226110280742555 -0.0544620308712911 -0.123518636791584
-0.0226009330507357 -0.0253324072554487 -0.095177512590639 -0.0693393835808707
-0.0193744479252865 -0.0233088981465221 -0.0956793466767867 -0.0322599895653274
-0.0095991475120448 -0.0226004962884932 -0.0999944752489351 -0.0212456746056007
0.00784453113184052 -0.0192577393879164 -0.107703551084565 -0.0386164466004884
0.0273640607139894 -0.0134719594290549 -0.098899580794133 -0.0707132358881235
0.0372167146612739 0.0238930545613106 -0.0601956775958294 -0.119831842886427
0.00599148165086874 0.0571508676583262 -0.0158887285122391 -0.148453207936601
-0.0497187385116351 0.0288190855745547 -0.0129374161244807 -0.133263177439169
-0.0647335209797732 -0.00717698790100679 -0.0879326512616964 -0.168755949832474
-0.0963874776028215 -0.0412080436263842 -0.00254094788599178 -0.135574143688726
-0.0581757573609398 0.020333170422378 -0.0264684005399693 0.0222326042733078
-0.0156230935473627 0.0493857400981861 0.108622554130428 0.0493566737434754
0.0136629681585017 0.0293844901855055 0.140033824579234 -0.0532823334807894
0.0144451731799696 0.00851541658180423 0.0584178285560097 -0.142614792862348
0.0127642951296718 0.00715574968900162 -0.050706107711784 -0.138946870589985
0.021075665577456 -0.00762252354938038 -0.097852821943927 -0.0774739425770925
0.0246364421070637 -0.0123539474371871 -0.0942406736480859 -0.0336346850775054
0.0297941034672227 -0.00431404840603736 -0.0979603445156023 -0.0182257633663991
0.0283814139024996 0.0167854551624537 -0.104157165554454 -0.0318043677599115
0.0250579348584782 0.0306741487130793 -0.100086298871753 -0.0582391524610625
-0.00519209348180402 0.0638857253058084 -0.0652588945910991 -0.103447741108485
-0.055761455481156 0.0576075659016638 -0.0257803083188284 -0.131722217091001
-0.0976380590868537 -0.0166224601661167 -0.0340651359454885 -0.108765913166479
-0.102011983061436 -0.0813972669254501 -0.0961884248437568 -0.135253577367635
-0.12407516770392 -0.105633385316969 0.0308316179203861 -0.1003294083998
-0.116959857087772 -0.0301684466232977 -0.012757256960217 0.0456366294416743
-0.0943467721077739 0.0533992275002087 0.127735741205326 0.0766409300109544
-0.0358715121260197 0.0866259695401995 0.17325286434336 -0.0385051470181795
0.0182874572346406 0.0644708479011788 0.0803705878605896 -0.142597332987027
0.0387860517290534 0.0444020828326002 -0.0314283067782536 -0.141966787807738
0.0617013846179549 0.014707479820013 -0.0846803824291337 -0.0784488243525251
0.0653066012290845 -0.000164933993624349 -0.0796966173626291 -0.0311240972654516
0.0671545410117 0.00738333449990872 -0.0821248726693651 -0.00906726570101565
0.0517462285039582 0.0433077200849701 -0.0910736472039517 -0.0148852770611687
0.0325055430944855 0.0662148275664943 -0.0987601968265411 -0.0327394705051031
-0.0272455318156523 0.105838594095647 -0.0773623166009369 -0.0768635704770316
-0.101401365657022 0.0742403034043823 -0.0433006223628821 -0.111422233876452
-0.140205615741948 -0.0381682613520572 -0.0467548862472848 -0.0828828075732039
-0.133764060949201 -0.133709891409334 -0.0908038401965483 -0.0862704435416096
-0.127198647002946 -0.158063353702225 0.0619342111488117 -0.0418135853165511
-0.154741416347939 -0.0908123710624052 -5.9836030570636E-05 0.0811876873671065
-0.166104390603267 0.0347682098203198 0.134748904251974 0.114625922518214
-0.0954252133113834 0.125702408171886 0.194819072768484 -0.00603892329991856
0.0100953786892623 0.116444231471458 0.104298140342613 -0.121933187510407
0.0551703219896901 0.0805927610686319 -0.00218781390508566 -0.127971550710399
0.0918685215505751 0.0389626059560511 -0.0576212476088898 -0.0708804051936175
0.0961263113587739 0.0123431368184012 -0.0521740974756886 -0.0239762983792084
0.0960291829415434 0.0159934695400194 -0.0541513814926723 0.00268591174772934
0.0724061074774393 0.0572601063851119 -0.0672489653618862 0.00583706735468338
0.0444235161513334 0.0890126402499205 -0.0888854110005023 -0.00150646966163872
-0.0330375880962859 0.137579281985383 -0.0845057636516082 -0.0444707257953682
-0.127064862244753 0.0928891582458687 -0.0567433766361425 -0.0881583122638536
-0.164802924694967 -0.0437719132069067 -0.0466536840160583 -0.0611464486851131
-0.150229401855572 -0.161359048308574 -0.0712910118800314 -0.0300630529226464
-0.106799442594167 -0.18423183954833 0.0830134317300832 0.0324761744384234
-0.155775287740533 -0.140501221261185 0.0104998604483835 0.121664152036526
-0.20551855908793 -0.00108402952011815 0.121703032301254 0.150620198587688
-0.145448600428531 0.131431200032126 0.19347100967987 0.0389997338753291
-0.00930605391904354 0.146762768340663 0.118618356459473 -0.0796062020320661
0.0579564614745106 0.104371253802595 0.0310208419163573 -0.0957204109085037
0.105905722369142 0.0573134485833738 -0.0220212293442518 -0.05446127637362
0.112791757750951 0.0230844738104529 -0.0189164888814423 -0.0137005220849042
0.112275860992084 0.0213662155060996 -0.0204677489455804 0.0143356631382218
0.0852187232512701 0.0640669603220839 -0.0368936868680651 0.0257008705639309
0.0505889708240884 0.0995888774612263 -0.0701889298589055 0.0293235454605389
-0.03772245869247 0.149206114068147 -0.0834560358747451 -0.0121246315604949
-0.136204880688311 0.0954179262982339 -0.0640844001635552 -0.06578102117346
-0.166488527224174 -0.0485789330775919 -0.0369527442879083 -0.0462294130755259
-0.141393424638811 -0.169816279422858 -0.0414783038647056 0.021104665892038
-0.0696044097096013 -0.174693430998889 0.0912345332300312 0.105208605049225
-0.120527023225288 -0.160478853314711 0.0122227109213697 0.157298961132547
-0.194570436915217 -0.0421763677359693 0.0895575224450257 0.174792761084454
-0.163320181553226 0.103022246153796 0.164948702788952 0.0818351944678149
-0.0285984601996877 0.143817697497413 0.118806892167177 -0.0273986917548614
0.0481827005573874 0.108180270193415 0.0596981198103865 -0.0516033157497861
0.100734600546436 0.0658403111214266 0.0171358720822151 -0.031917820508528
0.111815225042943 0.0312195884249632 0.0159460114121424 -0.00179582697441101
0.112132837155697 0.0276974387243239 0.0144590545193464 0.026389131061723
0.0841132264308866 0.0670217291737988 -0.00763810687999643 0.0435805316727685
0.038710156547074 0.103162771223245 -0.0518924781599987 0.0536808716659974
-0.0559442124251923 0.134554672414645 -0.0781517271480433 0.00734553143979586
-0.137162352554624 0.0691960576759262 -0.0624896350335674 -0.0499584510240457
-0.135975098215134 -0.0719873527878951 -0.0196958834884431 -0.0387717685239343
-0.0902727495186319 -0.167575742166677 -0.0194896797677768 0.0616580311062005
-0.0137960975926715 -0.130193087507597 0.0761813688668327 0.165517597473404
-0.0535032755189059 -0.145211872507258 -0.00104749513883377 0.174693136265432
-0.137609862992233 -0.072365814354661 0.0371518421419816 0.17924772065137
-0.14618437580974 0.0489232954774527 0.115077910204539 0.116748152550476
-0.0441737498617137 0.109389113721255 0.105850703411438 0.0277073671623205
0.0267634167616394 0.0913423479598746 0.0787193637474163 -0.00364332423359623
0.0772605889911407 0.0652653920911826 0.0511166311638527 -0.00589871686668632
0.094136796709293 0.0345348276759965 0.0448040881866974 0.0137150642748446
0.0943113501011518 0.0357932268003841 0.0429925358332573 0.0415752389221823
0.0695639335498341 0.0660346287681831 0.0174445671891334 0.0644308075561279
0.0283319604770496 0.093125155990261 -0.0389437344645682 0.0779826285191197
-0.0617064508543316 0.110012769105493 -0.0773851451080966 0.0299763350425065
-0.123150175293577 0.0355748274334381 -0.0665042405178745 -0.034994698675024
-0.0991745570666419 -0.0760152226381581 -0.0107787070725076 -0.0301551957708041
-0.0472778306046285 -0.136885577338451 -0.00040955735485048 0.0987617002737385
0.0254679548226558 -0.0590325956494231 0.0671863150769219 0.190337245665394
-0.000586091851174364 -0.0921555805519938 0.000807090481018987 0.173965518988498
-0.0691965456287527 -0.0632078065726011 0.00857529798244039 0.163552437833787
-0.0950221489181315 0.0129929114248839 0.0782226419245446 0.123554622655582
-0.0354224786059013 0.0645729031600447 0.0918260719995612 0.0578073579806834
0.0131852059284751 0.0579091125660011 0.0906131381868612 0.0244718182795783
0.0471735158734531 0.0459116634553776 0.074534221802515 0.0141661412513046
0.0625708587703204 0.0328716784523195 0.0671652500146486 0.0265572379142522
0.0655546589168654 0.0320325538759063 0.0660890137547144 0.0564115753700385
0.0503800212681168 0.054589696709409 0.0339567911083581 0.0854410571901316
0.0130012771917214 0.0751236610599181 -0.0349638035873026 0.100245846612409
-0.0627429343321625 0.0733430646512911 -0.0837031627829544 0.0438066526011186
-0.0939964315362515 0.00177622228944677 -0.0737219792563906 -0.0264503760878532
-0.0469760904334743 -0.0771290757650372 -0.00457125497466897 -0.025883116707053
0.00873174646787088 -0.0905635848722679 0.00512758012078704 0.123798802755726
-0.0466319477691799 0.0307251906331394 -0.0666464489132485 -0.146652352770281
0.0154917596805146 0.0487891413639837 -0.0367500400931456 0.0252622612326387
0.0563387412989736 0.0174303475861086 0.0982039161306289 0.0257231370145947
0.0375806270527145 -0.0384968258073386 0.10819620444524 -0.0710409092987452
-0.00666659652191883 -0.0381395964134232 0.0242067629942983 -0.141789544771196
-0.0220932908897129 -0.0180106454868121 -0.0765861486085151 -0.116203745056477
-0.0285550525491278 -0.0193345646931344 -0.105862528810971 -0.0549326745237141
-0.0239805625490657 -0.019207182181558 -0.101849667809534 -0.015237961390462
-0.0147895882965878 -0.0196643735859735 -0.105302014815278 -0.00174637406010038
0.00285038970448206 -0.0207801670263195 -0.118499126137543 -0.0163487229905705
0.0228206198043943 -0.0192649218845656 -0.11618598377853 -0.0524016426040353
0.0415165160634391 0.0139955987593918 -0.0876278757923174 -0.111610576247465
0.0172151934713456 0.0522714258297464 -0.0485787688381518 -0.150547241956235
-0.0437988577819072 0.036993569605951 -0.0365257145967926 -0.13810329182291
-0.0662288378483322 0.00215429441571438 -0.118019098623109 -0.159588544756965
-0.101032122821053 -0.0220391137233812 -0.0317490896762073 -0.147239064896286
-0.0531811806893033 0.0312937604983875 -0.0256875677617248 0.0274718755564697
-0.00414089096409604 0.0509472422330088 0.117967047265883 0.0315313407533345
0.0202854282085575 0.0232729863993894 0.132834149361222 -0.078912216972864
0.0149497615492704 0.00390323904940495 0.0343232516446825 -0.156184250432268
0.0124733016645308 0.00521482970576202 -0.0761188239655285 -0.13020284854265
0.0177135553232063 -0.011762627194102 -0.110029749710605 -0.0583679780545798
0.0211475720210964 -0.0166543915137694 -0.100929478891523 -0.0164250397668866
0.027330193292657 -0.0102272976898824 -0.102778711674566 0.00073074330220504
0.0305768970004866 0.0110483545425524 -0.11434959831294 -0.0107208598858397
0.0280560100689248 0.02378205092221 -0.115634377076353 -0.0395738308967556
0.00765422470020065 0.0606289629213848 -0.09014701656297 -0.0949927153327914
-0.0426371354970458 0.0639111103114121 -0.0551906158339324 -0.133755600996125
-0.100479792336402 0.000546237843713753 -0.0496943231266926 -0.107981946510557
-0.118459631796452 -0.0642918907682417 -0.114677507775973 -0.121657635439844
-0.138498838664404 -0.0802234096517722 0.0123339627307577 -0.121206436022766
-0.119782608859711 -0.00693252810072508 -0.00787845568689783 0.0450936949205658
-0.0795681743086397 0.0701072220045903 0.138522944637714 0.0509888431210513
-0.0149242678406042 0.0886425995994401 0.163630762321398 -0.0719790028175033
0.0295086284124682 0.0570604964975284 0.0542933764294591 -0.157146702715107
0.0449787187932629 0.0366288841045628 -0.0587440084563347 -0.134906393180769
0.0615868366185442 0.00170663893357307 -0.0982763817178052 -0.0584934107246375
0.0630208654899656 -0.0117016255352159 -0.0850975073535956 -0.0159672300913447
0.0659583847340192 -0.00443860669951867 -0.0851026239378448 0.00662749560521555
0.0583225006143147 0.0328090257238573 -0.0984556471368069 0.00375150960498401
0.0413704405955662 0.0575810880473735 -0.110294153098976 -0.0124630458428635
-0.00629065745657504 0.106709804008549 -0.0982885790769155 -0.0660948479437058
-0.0840918728945674 0.0890535735154909 -0.0701316560038587 -0.111857475900375
-0.146920374905441 -0.0123926985633874 -0.0551731943032868 -0.0791083251696868
-0.160934579251128 -0.109761761761846 -0.0969241254564126 -0.0696936562367997
-0.150907315039836 -0.130422182353208 0.0580487218734627 -0.0677553004677815
-0.167991682487837 -0.0587170042881281 0.0134986960366395 0.0758148670438576
-0.152934745289673 0.066562614560211 0.149427372193608 0.0835290185491955
-0.064076293331398 0.139858391900974 0.18629918453307 -0.0449689522822481
0.0316130097055573 0.109933926895325 0.0793105064313951 -0.137833105036672
0.0681073068439614 0.0688967122065035 -0.0273458738281293 -0.124495234751153
0.0959593389145765 0.0185250028441115 -0.0707385588460264 -0.0529445072953526
0.0955866136113211 -0.00572979951992171 -0.0576060459852671 -0.0138783102197057
0.0956838280888153 -0.0020603387644758 -0.0560373665938565 0.0125664096749926
0.0813278916241212 0.043359537752824 -0.0715095049261624 0.0201356360968088
0.0574010924818757 0.0782949995650809 -0.0934096433517873 0.0172230806579363
-0.00691789870762331 0.139839379725667 -0.0997035162944284 -0.0318192231612211
-0.1054221730549 0.112660911642587 -0.0809111416007785 -0.0871841274492796
-0.173882377597224 -0.0124398866026474 -0.0497933939826837 -0.0572399315852332
-0.182416647176711 -0.134010304023671 -0.0645259925610288 -0.0155915764897298
-0.135954320915049 -0.159159882283239 0.095862547262289 0.00459501819052273
-0.179208173891877 -0.107286716011018 0.0330911857196924 0.114937861701284
-0.197647637655853 0.0388402012599447 0.14343012241094 0.119553276828882
-0.110762477175522 0.155820973510092 0.190959080110545 -0.0025385459602475
0.0193169364001573 0.142865035547728 0.0991299432664018 -0.0973887169572485
0.0755637020424025 0.0913980691918701 0.0105239345638041 -0.0967804893717399
0.113457145890656 0.0334084302428083 -0.0329659184250923 -0.0412148728524515
0.113819522789308 0.00197443144911161 -0.0217137750912889 -0.00979134228159091
0.112051108598432 0.000952041799365357 -0.0193374718605266 0.0187362133412215
0.0948087350303831 0.0474081747135565 -0.0357513094629262 0.0346539988239348
0.0657600968154548 0.0876870570008012 -0.0685289441047691 0.0459812587223372
-0.00891571175450155 0.151936301918122 -0.0917674713666492 0.000331806320004921
-0.114181038193986 0.116805781522609 -0.0840226409547224 -0.0614854723424614
-0.174659098323816 -0.0167021590337985 -0.037257113424085 -0.0441100292848641
-0.175302189975519 -0.142238376047744 -0.024894991123947 0.0328570380472332
-0.0985943425824461 -0.157024653444737 0.120143922387188 0.0815918818527143
-0.147926154050432 -0.135060130943088 0.0446734893280532 0.151805760996271
-0.195394339652741 -0.001852635246717 0.118098412258837 0.14809360516041
-0.13423739883836 0.132653523145802 0.171418788508147 0.0445848623048084
-5.85363603011584E-05 0.144456747708965 0.108564415144049 -0.0448653573802526
0.0660909655680759 0.0968765316351212 0.047913547878398 -0.0580236703484269
0.111294662917173 0.0420005143219704 0.00875646575640739 -0.0258434638018027
0.115004946139495 0.0100250709325804 0.0154230109567423 -0.00293927797929773
0.113557285246144 0.00687470834463011 0.0175886354325717 0.0238071143840066
0.0939643351062343 0.0506068154302766 -0.00206173815184262 0.0471995486049233
0.0542971628163097 0.0930492693362358 -0.0449232094183909 0.0664421036624415
-0.0304013766709953 0.141180698828365 -0.0821036354342169 0.0204696355881332
-0.119708664532078 0.0917523454999508 -0.0779912318122954 -0.0465552067916392
-0.148779754208578 -0.0466098145786161 -0.0197001988318761 -0.0378558220842147
-0.123968971374473 -0.150312382065786 0.00289514070940982 0.0726489483627339
-0.0368683737071945 -0.122673265215146 0.115279325277025 0.152057452454427
-0.0787359387582501 -0.131738708023543 0.0348352210776661 0.175158233225266
-0.145974684652534 -0.0422638925709658 0.0699487122769094 0.164707452453528
-0.129049697885317 0.0773955036098122 0.130453891251573 0.0893050003847351
-0.0214371965452931 0.114285260797975 0.105918464363402 0.0110842144922743
0.0422867308814531 0.0842821243349064 0.0761070606504699 -0.0142043910835514
0.087934922916511 0.0461102445009728 0.0470472397648316 -0.00678769981680444
0.0988293319957471 0.0162511282718551 0.0482241798907676 0.00706647143972526
0.0983239443976061 0.0175397782506616 0.0502268298640325 0.0336671186671072
0.0803451415267364 0.0518288615153199 0.0275891728497874 0.0633290386402967
0.0430248300645622 0.0858923910951701 -0.0263692842031513 0.0883671723808158
-0.040764336823756 0.119318104458211 -0.0762401905851304 0.0437205668114221
-0.112952564371164 0.0560847740256921 -0.077538941472384 -0.0291237244443025
-0.11277409677498 -0.05771384466981 -0.0108001190394515 -0.0296700624422041
-0.0737448571482753 -0.125800238755281 0.0262484552556873 0.106795574775699
0.014171365904608 -0.0602419838562321 0.108881859314107 0.185096752447419
-0.017113972785189 -0.0900177739009594 0.0359080486132492 0.177360777879465
-0.078037192183862 -0.0464200068420827 0.0395854603614868 0.159577123977243
-0.0871749825320348 0.0331114006300149 0.0975114921330545 0.106076811389329
-0.0209706808157413 0.0695239263665624 0.100624060270739 0.0432200080695143
0.0235017932415809 0.0536278206521336 0.0938232933708238 0.0106354971236377
0.05569567253167 0.0341359876041661 0.0743655652768696 0.00543131592540501
0.0672599637560631 0.0205551163101971 0.07238264582995 0.0148573677104464
0.07038215279982 0.0194638470999894 0.0766842130078283 0.0442338363561122
0.0590717326415101 0.0451556196543754 0.0488752359772067 0.0807989636641201
0.0244831836595234 0.0706761174455064 -0.0174904865749772 0.110459924176707
-0.0484618126686628 0.0829443793996934 -0.0793744420616133 0.0600316038860119
-0.091139777348712 0.0177193125738219 -0.081681304108821 -0.0172601698293766
-0.061326292543947 -0.0677477191415532 -0.006398571695166 -0.0248494320593847
-0.00936678035463882 -0.0904972850369 0.0326423876959992 0.130844519546031
-0.0493059788039159 0.0333781478321053 -0.0709091325544377 -0.152611015417496
0.0158209028749768 0.0512816718698293 -0.0381697706240894 0.0279606910600879
0.0596185915432942 0.0180260949308541 0.103151275209697 0.0244788190485079
0.0390884701784949 -0.0405716090574666 0.112612576129741 -0.0750440184839515
-0.00679360426353022 -0.0392323199256392 0.024055076027495 -0.14837064792232
-0.0224796859064987 -0.0185279910272819 -0.0804788684482748 -0.119602532034847
-0.030125747443386 -0.0189213449377668 -0.110080171233462 -0.0558759845713511
-0.0259280633714483 -0.019561033036651 -0.105732991437078 -0.0145592930457371
-0.0153591018060365 -0.0199243495659119 -0.109014335098425 -0.000303309358064381
0.00335517091043769 -0.0215481908894349 -0.123908200935251 -0.015054322650712
0.0226694132332263 -0.0208007211106775 -0.122427226177003 -0.0533574247652799
0.0441236142304934 0.0142453758358845 -0.0942241439674504 -0.116810737112773
0.018496258117043 0.0528537710494746 -0.0516386672570308 -0.156789139706619
-0.0465237014312953 0.0392010121833537 -0.0362950015701758 -0.14512560689633
-0.0695774491390412 0.0034732022820751 -0.123445701698379 -0.166314971668211
-0.106878818662382 -0.0210055172045978 -0.0346881009745364 -0.153442707064448
-0.0558196491504769 0.0334284667040519 -0.0259353167125254 0.0302686899683781
-0.00272321786354596 0.0538700231709035 0.124166628570692 0.0310645527869475
0.0219255710343464 0.0239901277517061 0.138541119288166 -0.0840359447729585
0.0158629131992232 0.00384938152966747 0.0348985807783837 -0.163694737013666
0.013555254745162 0.00586537172840683 -0.0797537074526225 -0.134154337630099
0.0171800903677905 -0.0122020071491005 -0.114507610214588 -0.0597155190147207
0.0205041335339386 -0.0180915468102678 -0.104858868312718 -0.0157603076828351
0.0280403618898019 -0.0110281771753982 -0.10630397969943 0.00276631579523484
0.0321550966787054 0.0112020115081622 -0.11976227069068 -0.00894286597347446
0.0290429425825194 0.0238384041303744 -0.121158362676103 -0.0396726665559083
0.00956490339164383 0.0635138351041841 -0.0965333486338831 -0.0997355798956782
-0.0432446694171226 0.0661247311435433 -0.0589658887289142 -0.139473927149891
-0.105590583325965 0.00201894464304768 -0.0498386715266713 -0.113255614064745
-0.124342207742892 -0.0654625582184544 -0.120236028121209 -0.127546130959245
-0.145696444631499 -0.0814076075164239 0.0117790238657409 -0.127521045179677
-0.125663765850968 -0.00633695830938362 -0.00843515644959122 0.0481387875163723
-0.081322794681002 0.0746660756883869 0.145931507049575 0.0514862441486631
-0.0139867733224568 0.09295693765936 0.170282757103703 -0.0775307574238133
0.0325168403658758 0.0595857834198984 0.056410241580347 -0.166276890209824
0.0475982349526481 0.0376126455571564 -0.0627137730668948 -0.139203600054203
0.0639619008705426 0.000789434365868971 -0.10159808792447 -0.0596736578552898
0.0639095400935882 -0.0144487190573018 -0.0885426021542033 -0.0156920319419009
0.0684892172263853 -0.00545259757924183 -0.0876588290800141 0.00781511575224625
0.0615165103593337 0.0336843207220786 -0.102514644822837 0.00614693993263661
0.0439103038844273 0.0595292144859056 -0.115427099635422 -0.0119612030270524
-0.00424711379434525 0.111193833082706 -0.104967187808411 -0.0693776764328412
-0.0859846152457567 0.0931159572899493 -0.0744188257982383 -0.116453233750923
-0.154204194980801 -0.011528045443515 -0.0562937477019577 -0.0836663028464895
-0.169433797521213 -0.11256474598735 -0.100214957273601 -0.0731221388950753
-0.159541245712878 -0.134142383208853 0.0601908449662612 -0.072152544850931
-0.176574930998891 -0.0598690781472083 0.0140984602334701 0.0797126572913278
-0.157799088181218 0.0719623805336636 0.158196929196599 0.0850627592908246
-0.0646514404226734 0.14718476689669 0.19528101682629 -0.0495231949921479
0.0347271165952327 0.114280814712276 0.0816991386902845 -0.145500421117284
0.0721167266557344 0.070953426021312 -0.0300517593376408 -0.129359914061681
0.0990582402726807 0.0176109007031831 -0.0729149940666466 -0.0545167421588933
0.0986064345227622 -0.00901413894365445 -0.0600887465737746 -0.0135741051452404
0.0992048247468278 -0.00383009751598913 -0.0578856601648429 0.0137968676043402
0.0855968437034165 0.0438729921080824 -0.0740549546505073 0.0232801504764105
0.0602221978782061 0.0808982849770448 -0.0978400904968377 0.0203935769484209
-0.004338673157144 0.145470706691611 -0.106221802061897 -0.032675659695094
-0.108721954400914 0.118505638613894 -0.0868759772366551 -0.0901096934043009
-0.181059828093562 -0.0117655526230705 -0.0512794688323119 -0.0607405294159947
-0.192134313638785 -0.137335359101694 -0.0661062719911255 -0.0167623033930747
-0.144467606788395 -0.164811794282498 0.100542055217029 0.00426056355344331
-0.188700669217748 -0.111232819007146 0.0346907851097279 0.120021817855196
-0.205778112413762 0.0431441938048277 0.151071011078747 0.122929598214412
-0.112513399026039 0.165112172465099 0.19929489988953 -0.00516850957568159
0.022232008027708 0.149203798720212 0.103324487768495 -0.10316494380581
0.080179142947426 0.0939128338205129 0.00965182197665206 -0.101127280469147
0.118113824466779 0.031914132717532 -0.0334689814209194 -0.0428525835000398
0.1175075743826 -0.00100585625498004 -0.022523314089764 -0.00959192853276631
0.11647829403481 -0.00160598680528668 -0.0193332923067146 0.0195014055945811
0.0990419977803128 0.0480007834653435 -0.0371105387409063 0.0372013488981649
0.0691045713282851 0.0904831246471378 -0.071463469226428 0.0495768828028286
-0.00668654091949637 0.158329918715549 -0.0977500589256421 0.00165430306856453
-0.117595389168459 0.122773489953673 -0.0906380726845914 -0.0635744395864406
-0.182620668942197 -0.0156637571462231 -0.0383137358170346 -0.0470245915680023
-0.183949565557883 -0.145980684254593 -0.0241937295907293 0.0334643482623381
-0.104912478616322 -0.162394943877796 0.125810570848198 0.0844382641470578
-0.156714109994106 -0.139227842461938 0.0470133395680959 0.157917022416389
-0.203763708250872 0.000451807487390715 0.125105976372207 0.153518274791449
-0.138503438163811 0.140301332544577 0.179062545460879 0.0438526060161694
0.00162261530867862 0.150673186123468 0.113208137347166 -0.0484808546837553
0.0706718456768109 0.0997799153553178 0.0484508598451607 -0.0613319843646037
0.115707884018627 0.0413767017241173 0.00979379032947488 -0.0274630431374848
0.119099655118817 0.0069822356595382 0.0157042963500647 -0.00304856778038646
0.118139668070525 0.00430754704508359 0.0184504374166376 0.0249022082293355
0.0986669895367093 0.0510810168152668 -0.00220081080546774 0.0504768277105286
0.0577996129204308 0.0965085494352575 -0.0465912105995254 0.0696815776852951
-0.0285071872334273 0.14798963771134 -0.0873924981792167 0.021358988288197
-0.122999670182693 0.097117622292215 -0.0836887683460622 -0.0477465206382327
-0.155003534387082 -0.0469909314428077 -0.02055696076149 -0.040570819807853
-0.130481095848052 -0.154108366997057 0.00448916093655555 0.0751773730117527
-0.039983577913555 -0.127522757967067 0.121327371728725 0.15828041573039
-0.0852908800296437 -0.137097476055023 0.0366121216420307 0.182669996243325
-0.154026304427566 -0.042138140650086 0.0743274775207531 0.172196180288958
-0.13351076543563 0.0824415147791493 0.136354435672542 0.0921250958070016
-0.0211156389858365 0.119309093014382 0.111465322486688 0.01103380223494
0.0447051054028202 0.0869529705276733 0.0787606191345032 -0.0160639894685407
0.0910533589468668 0.0461872435886252 0.0489850012641165 -0.0078022494206067
0.102574676488741 0.014425145728225 0.048905266071255 0.00701181617321922
0.102993694477464 0.0160982234081372 0.0517842906413165 0.0345451388351001
0.0846068181247124 0.0530347226085314 0.0283656780899206 0.0652076418026979
0.0456325697220875 0.0892446019572078 -0.0268881315201501 0.0934307829633712
-0.0398497690927678 0.124579560825976 -0.0805959430878829 0.0457409070531304
-0.116410132968489 0.0601044670394769 -0.0829496910502228 -0.0300358358161635
-0.117610084581116 -0.0591206656515376 -0.0116356182889235 -0.0323155477042664
-0.0780786980728737 -0.129785073137399 0.0288339073361701 0.110131634762443
0.013389777651849 -0.0632193923846003 0.115083590408653 0.193546806691017
-0.0196701538865943 -0.0936509151256362 0.0373847302949033 0.185650872957695
-0.0825299687180209 -0.0470815323842715 0.0418913210102436 0.166863653437817
-0.0909687269791972 0.0350254724406908 0.102476397907007 0.110089054326714
-0.0212558024806044 0.0725087923154629 0.105241989570946 0.0443657078296397
0.0247761877352185 0.0554837499368125 0.0977688828010285 0.00896083600996756
0.0582700741344286 0.0344620487906716 0.0774827855159109 0.00493056608902609
0.0699114722524007 0.0193846742717541 0.0752488425436585 0.015490114918821
0.0736036016209464 0.0188786929510733 0.0802307373303929 0.0449752590430089
0.0623866929366193 0.0457655296538076 0.0507089317991975 0.0840234486800863
0.0269623669258443 0.073603052292186 -0.0179720604716738 0.11621156954255
-0.0487530054747241 0.0878431351490688 -0.0831408964981211 0.0634806158768428
-0.0939117751516987 0.01950158022029 -0.0872327229367207 -0.0175927914905145
-0.0638777117887842 -0.0706891927287271 -0.00683274147739546 -0.0273531266333401
-0.00998717311367927 -0.0936644685140482 0.0360346115918586 0.135647209406079
-0.0508512097717271 0.0384857478025609 -0.0816202933772089 -0.157250110406
0.0178356264743169 0.0534257400103189 -0.038817014872626 0.0316746598013324
0.0637887941568061 0.0156450501926157 0.109040470482687 0.0217345383387694
0.0390516960036482 -0.0448181297759376 0.115581172517065 -0.0831313799385266
-0.00899615543939136 -0.0414876426524844 0.0196437542390092 -0.156506830405461
-0.0235725841294306 -0.0177610060118063 -0.0874669662498796 -0.121505675675157
-0.032322187417886 -0.0172326777986321 -0.117722645188913 -0.0529903155158993
-0.0274878483446307 -0.0184333743576928 -0.111386440425223 -0.0101689460824072
-0.0172024435595164 -0.0199448629268197 -0.113437558344864 0.00442215368773673
0.00283176276202806 -0.0226759803513339 -0.130095299666897 -0.00946311652191502
0.0224785446760836 -0.0225158561707563 -0.13133628310223 -0.0506712661231227
0.0468749397592151 0.0119606059285971 -0.105424780745785 -0.118206637910128
0.0214209601465994 0.054039075529975 -0.0602953901912404 -0.162356973183333
-0.0483938810826738 0.0433903898902532 -0.0405146443650319 -0.151787690175944
-0.0727491437534523 0.00653025963905232 -0.136080474351696 -0.170388893279829
-0.112778720119631 -0.016318997229062 -0.0420454118828746 -0.159960604959499
-0.0573661218159848 0.0375309444242396 -0.0267994267097885 0.0330363050017217
0.000505486758594316 0.0565540707830041 0.130819278938336 0.0264792211154109
0.0244244684921033 0.0238605684769242 0.142165873360857 -0.0939042324337154
0.017168303392274 0.0030167916986158 0.0298117366311396 -0.173141921817668
0.0153176195011131 0.00531658228855914 -0.088442685227013 -0.136097519816547
0.0177599096848192 -0.0129617474939397 -0.121847412909717 -0.0570413683641327
0.0203613190209352 -0.0194393110757425 -0.110095827170686 -0.0121529471365967
0.0286329772745235 -0.0124781035936994 -0.110586508249838 0.00744275302155721
0.0344252184113676 0.0106111126523354 -0.124782910456854 -0.00266943756735006
0.0310491585553846 0.0238950153491712 -0.129576588985518 -0.0361266568533441
0.013420464189042 0.0647852299772005 -0.107114750619343 -0.100771827212001
-0.0425878239440517 0.070430814148197 -0.0681570202073084 -0.143507098225381
-0.11210106814956 0.00619930223426472 -0.0536849646530382 -0.118055627463321
-0.132950755620885 -0.0621662247900676 -0.129872339775895 -0.129674437787852
-0.156369218515853 -0.0785582084313725 0.00699698328568631 -0.134351163002255
-0.132534505226627 -0.00087839380890656 -0.0066446745264771 0.0513417816531004
-0.0810045287135581 0.082637841424974 0.154451356259517 0.0472079819446258
-0.00895167869809023 0.0982566712097228 0.175308671251587 -0.0888792096378137
0.0366341877436655 0.0607502036100211 0.0520114998116555 -0.176386645112703
0.0523756565416176 0.0371357719526181 -0.071634738806834 -0.142514080668533
0.0664064774918484 -0.00156335013403571 -0.107907100914712 -0.0591369090952787
0.0649127925909417 -0.0185082518574254 -0.0932165148941056 -0.0125238342703758
0.0703299674093563 -0.00989618198272156 -0.0911785968047965 0.0123834393102427
0.0662467096065909 0.0321753518789353 -0.107137214617614 0.0121344260387271
0.0486584664344459 0.0597108623733371 -0.121891386225503 -0.0068031597246038
0.00211696087990049 0.116152633736111 -0.115720143268099 -0.0685797473860688
-0.0865487831527255 0.100852730913343 -0.0829780259696664 -0.119011363586901
-0.162528180401504 -0.00518927579399446 -0.0603816713118938 -0.087048327101455
-0.182853078149903 -0.108991563736886 -0.106701830781864 -0.0737201428849616
-0.172623692032594 -0.133283971168457 0.0595767590805083 -0.0786260488496591
-0.187464503631487 -0.0551365779866427 0.0166460014047519 0.0834838161388723
-0.161141786913706 0.0836175463819507 0.169026763236078 0.0820576542654111
-0.0594020425237261 0.15660680183502 0.201799987170242 -0.0607808187838131
0.0418572745863575 0.118494653086539 0.0805631472943007 -0.156867823631461
0.0788605899130277 0.0697474871788776 -0.0379165034968972 -0.133068378023202
0.103880479284235 0.0134570466281135 -0.0774096301630883 -0.0540800451972593
0.100950501507482 -0.0147227001346592 -0.0633307035948822 -0.0114453927245229
0.102984556939929 -0.00932382987236413 -0.0589495938610971 0.0171306687644354
0.0912638894934734 0.0424916530686243 -0.076443956612601 0.028181916142385
0.0665775817513933 0.0816869833459825 -0.102190899780541 0.0258726679625314
0.00322611591055928 0.151885525440855 -0.115077946937332 -0.0305718018021958
-0.107965687323078 0.127888495677912 -0.0957289276758923 -0.0908667638664277
-0.190566558554313 -0.0044000300118455 -0.0552116599427861 -0.0635837361430818
-0.207530900634882 -0.133935033239487 -0.0684885718211641 -0.0161002513904089
-0.157609320550065 -0.16687292970591 0.104937775363246 -0.00012703513495577
-0.202502840947539 -0.107941885722586 0.0406136774877677 0.124501248790898
-0.212225812897976 0.0552798434443172 0.163233990638092 0.12201839808738
-0.109612519808746 0.177933567310198 0.208095549865147 -0.0149281770122472
0.0304634855923352 0.155097732033431 0.104218459139311 -0.114035366038504
0.0880018552680987 0.0948436747810046 0.00490295212495943 -0.106079647210089
0.124206087362169 0.028625456485903 -0.0357766807304228 -0.0442975482235584
0.121596062996093 -0.00829394627660654 -0.0246406870011144 -0.00874123109281826
0.121593834563996 -0.00818048672584257 -0.0195860865556001 0.0205976361363171
0.106137100504532 0.0454892343128154 -0.0375488927045676 0.0419204693014867
0.0767007509063936 0.0910342766997831 -0.072879296245441 0.0551820206237325
0.00210217677705698 0.165814052889348 -0.104627021519076 0.00533058235373511
-0.116532801022003 0.133620094126643 -0.0989702850036524 -0.0633925985173899
-0.191291197992769 -0.00907832021577722 -0.0421624483155683 -0.0497616342966173
-0.198421145593031 -0.142782531138852 -0.0223645308752262 0.034494802221151
-0.117110551594712 -0.16540663071317 0.135107519476699 0.0824644234555021
-0.169923999440557 -0.138754167369524 0.0549062213863323 0.163161577089423
-0.213119427486489 0.0107116566481657 0.136477317077173 0.155694489075699
-0.137188528200497 0.153345798819176 0.188836101665964 0.0385040097644698
0.00866755629957687 0.157816324360318 0.1169152912513 -0.0561979000144317
0.0781689922946912 0.100911544760127 0.0470898679830145 -0.0664660741639303
0.122052376103833 0.0388308310086913 0.00945191889162733 -0.0298350102905015
0.123293422667028 0.000290811099286647 0.0164747473990834 -0.00411105583102143
0.123108498006606 -0.00193875197157071 0.0193286114602019 0.0253253506949112
0.105055316190079 0.0494628871227146 -0.000270674685860823 0.0528126777618167
0.0644374678755472 0.0978929447864356 -0.0463768448960167 0.0761130363167136
-0.0221212357405348 0.156450402461381 -0.0919834001821161 0.0259033002321926
-0.123762789731584 0.106729942344944 -0.0917943607529538 -0.0476675977314209
-0.163987126541818 -0.0430423610728711 -0.0230735689210017 -0.0433554075963346
-0.143664812268523 -0.154311947391373 0.00991121037434147 0.0779184489210465
-0.0483538995204218 -0.132098349040164 0.133057341775259 0.162239063844718
-0.09528671763446 -0.139490894340662 0.044815425740923 0.189421312907793
-0.16277847763546 -0.0372530877336572 0.0841634364142063 0.177080674502137
-0.136083740058421 0.0929485708784565 0.145881980336752 0.0909995555183504
-0.0166870806752093 0.12596177144002 0.117385832600581 0.00684659098868642
0.0508039554175305 0.0893469046172396 0.0810570051345855 -0.020401115785148
0.0971446685690754 0.0441481656546956 0.052253297343389 -0.0108651177456882
0.106826459355877 0.00859471183793904 0.051938306464358 0.00530962296273897
0.107316982138942 0.0105122411108225 0.0550569916106905 0.0344147255911098
0.0900524595362144 0.0513265096714711 0.0318448612204971 0.0681326947486801
0.0521481114771452 0.0906731729602805 -0.0246260984103021 0.099680045415151
-0.0349925678672798 0.132837664851399 -0.0839224973049447 0.0509981558988809
-0.118281949167522 0.0681667073245172 -0.0906056966862518 -0.0284721073893975
-0.125011245375824 -0.0569867701262074 -0.0139928716302486 -0.0347251677593184
-0.0873444929847228 -0.131734834968252 0.0359353271155278 0.113856404275397
0.0107399842490385 -0.0667444698663618 0.12782678824138 0.198818747314686
-0.0246054262499033 -0.0972571608398758 0.0453234556507113 0.1920032138855
-0.0885443894331853 -0.0448871692705912 0.0498709851128836 0.173845883143718
-0.0935582024142031 0.0411546699170798 0.11097146768842 0.112106201020335
-0.0190769707843972 0.076761051687959 0.112508311863316 0.0422163671756098
0.0281854441335042 0.0576747185433823 0.102295680207905 0.00390409929484022
0.0618693673817445 0.0333107925765575 0.0818899425296558 0.00170053297154167
0.0742571660827499 0.0158007080404909 0.0791458202442957 0.0132535247254563
0.0771278951407637 0.0147736341466842 0.0846535509043564 0.0436962212311236
0.0671199008891973 0.0441402922147634 0.0554621780669009 0.0859058779409174
0.0316383828031088 0.0752930685878439 -0.013290403630618 0.122380217223014
-0.0463804283688471 0.0937280504244221 -0.0861264279494566 0.0692072433976092
-0.0967827581081499 0.0244841693644377 -0.0934751641923123 -0.0153177453098897
-0.0695282499514573 -0.0712567718260839 -0.00919055181823171 -0.0295688871547397
-0.0146873739734872 -0.0970033381860563 0.0445630777837824 0.140591953056731
-0.049222514853775 0.043751108539429 -0.0935504020085507 -0.154914152512221
0.0217744476777347 0.0535612080485455 -0.0380791565370003 0.0358550145156781
0.0668841362716685 0.0111162937778341 0.112010349219211 0.0150789374125638
0.0362413580214168 -0.0483232227669704 0.113476871077626 -0.0926373452341172
-0.0121197528890461 -0.0417000073085493 0.0104317023466225 -0.160941101371661
-0.0250001562185364 -0.0164425765232714 -0.0970769716520778 -0.117027234796226
-0.0333884129315497 -0.0144234001687856 -0.123150619980088 -0.0458414539534208
-0.030026482502506 -0.0159299128691549 -0.113660181606532 -0.00291303486242635
-0.0183576001199284 -0.0193488227292111 -0.114465458905096 0.0124365372268925
0.00103984693506059 -0.0231903917744327 -0.13257164192512 0.0004932699970915
0.0208626912556493 -0.0246644614419963 -0.137753017685529 -0.0420156959387986
0.0484978102447274 0.0084734950281425 -0.115991212221192 -0.113326762523291
0.0250843664129379 0.0527362337525013 -0.0710807655894585 -0.161338576711877
-0.0472660489475316 0.0480475614383235 -0.0488579639313882 -0.153257886988051
-0.0735628189101108 0.0122391360916866 -0.149072143480928 -0.16570079048065
-0.116361640016931 -0.00731859948134027 -0.0547065840905259 -0.161450356531045
-0.055690890935217 0.0421796420837369 -0.0257437194230166 0.0365048509767832
0.00536080969210279 0.0573942076779171 0.134890243650212 0.0182825146400523
0.0268362294394691 0.0223349573276093 0.139102990453273 -0.105615935487662
0.0176205584476506 0.00217247663799409 0.0193259411628169 -0.179060339334039
0.0159439096613538 0.00415414638532988 -0.0992275350685383 -0.131722447917582
0.0167741390837811 -0.0137211312965736 -0.12687465471584 -0.0495352652564744
0.018197765913085 -0.0213207004424916 -0.112031677811127 -0.00468598727819485
0.0285694234471371 -0.015099385421528 -0.111496783319606 0.0147747041371479
0.0360598043055564 0.00774461495883304 -0.127545064807874 0.00664300200344992
0.0329280314245478 0.0224941750988917 -0.134999622887201 -0.0280961160371086
0.0190551866971855 0.0648121991634485 -0.11796521292894 -0.095718266023931
-0.0388719010275546 0.0739525774288672 -0.0774667881535517 -0.141904081957561
-0.114021068932419 0.0143301061829212 -0.05991968144725 -0.118184674688909
-0.140196027032216 -0.0536414471840254 -0.140137131220503 -0.124799407804989
-0.164534798992938 -0.0676845288385049 -0.00225728892554233 -0.138936298225007
-0.134498813086154 0.00810954538402491 -0.00488138412667677 0.0526621988905519
-0.0752618147247337 0.0895463599693879 0.159976724234689 0.0370323425438543
-0.00210467670576428 0.100283598418006 0.172592525337577 -0.102137814715172
0.0422784641036371 0.0591468319075011 0.0412192942929431 -0.18379674687412
0.0563130099120795 0.0334662740194431 -0.0825060009510101 -0.13927747572206
0.0666003651581845 -0.00603315315116926 -0.112554962765265 -0.0524402349104525
0.063805053020419 -0.0238963590447062 -0.0953973123329089 -0.00621870498141023
0.070444911204982 -0.0150639787657853 -0.0906801243895025 0.019243308979122
0.0696265047051603 0.0281438973836721 -0.108200779866513 0.0206991237684558
0.0531351231065462 0.0577348211038905 -0.125455617044369 0.00146606890897353
0.0108125234226506 0.11701572781267 -0.124607083930398 -0.0621308446975798
-0.0805321251042563 0.107998239982219 -0.0937936513171733 -0.116580076046036
-0.166101377456429 0.0057144340955281 -0.0653893704084259 -0.0865665977186454
-0.192887544350547 -0.0970742608442547 -0.112570000340678 -0.0695353374934843
-0.184995250367141 -0.123168421325361 0.0556038356727493 -0.0855279269457665
-0.194880556557065 -0.0438622444892575 0.0218214323184082 0.0838370202998654
-0.157603763586147 0.0961646551602557 0.177062275972336 0.072365431001162
-0.0485146569751244 0.164341157219159 0.202100924298372 -0.0758487355960526
0.0512372998689979 0.117141862124773 0.0712626425792253 -0.165509370943092
0.0855723564930395 0.0661602068577915 -0.0481444595979888 -0.132170754988207
0.106642011174999 0.00634871797904929 -0.0814797970180558 -0.0499627391722059
0.100461648897085 -0.0227487214952688 -0.0650600264162535 -0.00777296700555211
0.103031539966702 -0.0173031191668745 -0.0584363800473531 0.0217567548383119
0.0962126929001864 0.036670969027343 -0.076154840334336 0.0348266361317766
0.0733253867202508 0.0790520798082182 -0.103050783675635 0.0344996609260908
0.0153100218265789 0.153489755496179 -0.122440583735388 -0.0229264253713971
-0.10053580463157 0.137796044416309 -0.104805044777087 -0.0871610922378122
-0.194197456335841 0.00863152798054836 -0.059177199824764 -0.0632738657126388
-0.220020802544622 -0.120714746277261 -0.0689730749811911 -0.0136221752441645
-0.171821098512747 -0.157866887853785 0.107069921189055 -0.009148870161479
-0.213693044658125 -0.0961090255594073 0.0475621337479569 0.124097668414588
-0.211547067825161 0.0721928564115099 0.174766017683695 0.112934252345205
-0.0985151195691825 0.189366442221619 0.210360913484204 -0.0279956661365008
0.0419494998901589 0.155381204784589 0.0987718062899437 -0.123158798211683
0.0965237506554435 0.0903164131041147 -0.00251597705967654 -0.107894863886121
0.127357272519859 0.0206047604388701 -0.0381398203647771 -0.0430650557248671
0.121465654843007 -0.0182441394475411 -0.0259366479962493 -0.0074793427905658
0.121729270587005 -0.0173453526218779 -0.0185288349157172 0.0224368198322494
0.110817904978354 0.0390718603845736 -0.0354003441272587 0.0459622671844678
0.0838868492169808 0.0873101100905429 -0.0713920274063362 0.0619640774180414
0.0147364710115151 0.167743521629904 -0.10866459418693 0.0130303555119622
-0.1084211464824 0.143672548485874 -0.107129397105639 -0.0585161147157425
-0.195827600362075 0.00342007466305006 -0.0456134543402983 -0.0493346472061896
-0.212356873105411 -0.130465663298247 -0.0190543385265633 0.0356227272329803
-0.130113542935601 -0.15988748435273 0.142194702274451 0.0747618403611083
-0.183104506765355 -0.130171758743658 0.0647083791543055 0.161519984753928
-0.216052810723264 0.0262903666220889 0.149183526448924 0.149775226049162
-0.128406150247617 0.166821399650595 0.194591089263962 0.0266266690552332
0.0197249045573649 0.159313088476347 0.116079329983182 -0.0649356039119767
0.0860469174127478 0.0976957344949159 0.0434317696177321 -0.0708077186038284
0.12574745836861 0.0301757392950213 0.00917803077341414 -0.0312647567720836
0.124128454151949 -0.00970285234353855 0.0159244527883915 -0.00500447333291961
0.124037692169594 -0.0116164046784282 0.0216856904273406 0.0246914294607193
0.110300785134729 0.0421056931706089 0.00198408365242686 0.054506717112901
0.0719906806956093 0.0953806337351409 -0.042851588763628 0.0811867755663067
-0.0102343236630526 0.160241386674215 -0.0953166404651504 0.032922646665937
-0.117790955509526 0.11707442675221 -0.0983736121465094 -0.0425552607982645
-0.169320890398601 -0.033075494616286 -0.0270714807233584 -0.0436225228267481
-0.156443316498977 -0.146572276526644 0.0163878275029375 0.0775267798005832
-0.0580931868232787 -0.131457326684397 0.146415208589176 0.156552878337577
-0.10678495560445 -0.135285194562923 0.0564768661146223 0.189456904793607
-0.168153259335733 -0.0252923636170163 0.0969919680690693 0.175773522445214
-0.131987544553685 0.104372725548832 0.154123671380425 0.0836001233636202
-0.0082462451649904 0.129886494766151 0.120232023305835 -0.00120993107567707
0.0574591414429364 0.0876704088844059 0.0807785122338745 -0.0258002346280835
0.101261618481996 0.0371367173133512 0.0518607441375285 -0.014781654882241
0.108682466242982 -0.000154628472669875 0.0531394797356874 0.0018439421914493
0.10948277196665 0.00282222831578122 0.0586698731043949 0.031477418373506
0.0955255694060801 0.0453467313100902 0.0357856717624323 0.0676809278626488
0.0590836309923983 0.0884626011225934 -0.0188224408469229 0.103703448809669
-0.0252327097902289 0.136714413498229 -0.0846539346163754 0.0580453280773858
-0.11480227801189 0.0770744198199974 -0.0961011473588155 -0.0225137628004881
-0.130624104080429 -0.049778123516722 -0.0172492378200929 -0.0356424962673991
-0.0978660742854399 -0.127479310935139 0.0461825832300135 0.112788302238142
0.00581574183930401 -0.0682329065924945 0.14266558022907 0.195080927848736
-0.0325523249071547 -0.0963747417017444 0.0574141506434184 0.192012952518738
-0.0931607845977397 -0.0396579454183371 0.0620849394645607 0.175082115800683
-0.0924516797872572 0.0488081259471473 0.11953044028255 0.106772431144248
-0.0145562138269019 0.0798131433696375 0.118379507761783 0.0360918778496212
0.032043988032324 0.0565465923121909 0.104501070840728 -0.00181509234742142
0.0647973791517907 0.0290614838180878 0.0834290705211295 -0.00363005920937221
0.0760172764155055 0.00929821553505619 0.0814546867491942 0.00877649495788184
0.0795601155996352 0.00871181063625179 0.0884159463583957 0.0389124270972152
0.0716318738318998 0.0392658701480382 0.0615342535534123 0.0839285773348259
0.0370228730890775 0.0745525604199039 -0.00582659081282408 0.125784921892353
-0.0400659487016798 0.098787619553568 -0.0845697970288653 0.0766873207808138
-0.096395101296272 0.0314991833013314 -0.0979219567003965 -0.00975037000799686
-0.0753498560382412 -0.068226259056489 -0.0122453674256395 -0.0302417378738074
-0.0214275568412306 -0.0971735896199964 0.0565414238304094 0.139678929432613
-0.0459168406436138 0.0472815893150844 -0.101835767419017 -0.146395631159522
0.0234035656131902 0.0522424914863153 -0.0353616632741129 0.038283913382733
0.0663967987001505 0.00611716335973558 0.110850582215112 0.00896005041963857
0.0323130241766343 -0.0501397492503959 0.107155782336833 -0.0979245043988207
-0.0143175249535954 -0.0405203884277222 0.00234670153693912 -0.158987026923949
-0.0243366172620672 -0.0144678148301785 -0.101292581063994 -0.10939274980299
-0.0335732972961164 -0.0108710503755826 -0.122241525498096 -0.0373099278648918
-0.0305731017376519 -0.0132971246890102 -0.110203128866629 0.00362118323738898
-0.018902498150751 -0.0173577120350804 -0.110991161704674 0.0191275489543713
-0.000225492827068372 -0.0230985581518425 -0.129416811372569 0.00864344379940419
0.0184452362032553 -0.0253465866153878 -0.13720585914325 -0.0325543749076306
0.047421930206626 0.0053434633022838 -0.120741472563011 -0.103818370844621
0.027417183346311 0.049426737098102 -0.0782267635623083 -0.154264817013983
-0.0441597090328325 0.0509266306493453 -0.0534008765631271 -0.149417928640962
-0.0714248618469778 0.016611163617677 -0.155156592736275 -0.155190926447771
-0.113822646719762 0.000756310730627261 -0.0634210905289462 -0.155389063475023
-0.0520062979700545 0.0454563003980748 -0.0236926871535955 0.0385669855903435
0.010015118975263 0.0551087626303779 0.133271444817528 0.0105528031293466
0.0280366581603012 0.0206323138735693 0.131012222382615 -0.111724005716516
0.017163178607926 0.000894423686210764 0.00938012118799693 -0.177375864342657
0.0166028355679919 0.00303707118242489 -0.103991053620455 -0.122725253342466
0.0155607270733395 -0.014307597263562 -0.126773285192548 -0.0405877114159296
0.015747066814792 -0.0216239173423512 -0.109646105783656 0.00191320466755319
0.0265965617283433 -0.0165486349780607 -0.107429301905226 0.0208035125918798
0.0356063553871164 0.00538873290642329 -0.12391930515849 0.0147478120979718
0.0336128579282728 0.0200356870874889 -0.13459074363399 -0.0188219320235677
0.0227883546252084 0.0618753164922309 -0.122086433544156 -0.0859010755756435
-0.0339001660092276 0.0745189787901706 -0.0843067745480512 -0.135413382753355
-0.110992478748717 0.0214074957664044 -0.0632367302238362 -0.115022340042931
-0.140045272038847 -0.0431409607119516 -0.142984642626417 -0.11581732343085
-0.164677742774885 -0.0562312848694937 -0.0109489198295679 -0.13657683282537
-0.131319372459526 0.0159905109655441 -0.00261012092384411 0.0530004694116278
-0.0670555747091077 0.0927126962519786 0.158233907894261 0.0278286266102037
0.00479345552776682 0.0983408242763835 0.164013016731869 -0.110299107246497
0.0445426536625923 0.0552755424745464 0.0300913738225099 -0.18339173084481
0.0576833708249836 0.0292267046036616 -0.0887989326163058 -0.13103137880478
0.0645714746653788 -0.00974811700568791 -0.112970031960206 -0.045177252885907
0.0596751670325503 -0.0274826078821415 -0.0930249744967016 -0.000693837807210171
0.0671497556826287 -0.018848523027319 -0.0866823566212275 0.0235828043217979
0.0697863438303502 0.0232777125945493 -0.104059976952368 0.0273830704578258
0.0550599306069909 0.0530742341302436 -0.123006975550856 0.0102458129614868
0.0186687651886129 0.113498384262016 -0.127358314435449 -0.0535541853740798
-0.0724923042277334 0.109946471215881 -0.0985976484297599 -0.109329854965495
-0.162548516011364 0.0154232019848699 -0.0668179134726085 -0.08313868502101
-0.194061558407128 -0.0829713158288356 -0.11344086624834 -0.063533220813403
-0.188111501565275 -0.10907524616947 0.0481499615793569 -0.0875584931194211
-0.193458830761715 -0.031228309349145 0.0245474960930922 0.0812463467719127
-0.147228170186139 0.104237886006673 0.176967471212277 0.0602266573758197
-0.0369511396664076 0.163665139053532 0.193785183494611 -0.0857052470790035
0.0575930821873428 0.111181100438361 0.0604924953549632 -0.166879718409335
0.0883159469904301 0.0593040821818905 -0.0548129661063532 -0.126247784683843
0.104236625017862 0.000259095601550503 -0.0821358750135485 -0.0449407263738917
0.0950169995618447 -0.0286915887367255 -0.0638992755169098 -0.00411353848324988
0.0988501273191981 -0.0236883674418523 -0.0555347135736116 0.0243609602742322
0.0962695935774629 0.0305641606131658 -0.0717384520937394 0.0393267236460729
0.076391493782571 0.0720644661112318 -0.0992894340556298 0.0399847436415724
0.0253902422738671 0.148751772618141 -0.123177091775937 -0.0143082993722007
-0.08959289718005 0.140267325100503 -0.108865633910129 -0.0789826390785989
-0.189344653873583 0.019782720745955 -0.0607762454224572 -0.0603769264307918
-0.221892127935047 -0.103951774973477 -0.0668218368185059 -0.0110821772605995
-0.178006552766188 -0.144075946775865 0.103459004073136 -0.0155135600065006
-0.21542134604505 -0.0824880994425914 0.0519732803772929 0.118004071263864
-0.201721573360264 0.0841989351975395 0.175489737207773 0.100983207118864
-0.0851228858618116 0.191426306842671 0.204707041714411 -0.0393959804911307
0.0505546711310563 0.149871066555398 0.0898996669087934 -0.126274576790612
0.0999083429699241 0.0827002394694355 -0.00920826724086159 -0.105217344640619
0.124637494418929 0.0118203510507499 -0.0390388320333151 -0.0403951365958118
0.116164497342571 -0.0253447734390039 -0.0253166917882 -0.0057368438011127
0.11675784435125 -0.025424022798607 -0.0168482598975467 0.0233042209194801
0.111022359534751 0.0316084374817725 -0.0326146479085049 0.0474940776589273
0.0869649337438566 0.0803986866470492 -0.0669693863757831 0.0653921085810218
0.0258721371679402 0.162505327581339 -0.108522030593016 0.0201200456101944
-0.0976039218576677 0.147275446855075 -0.109182447217683 -0.0513872049615024
-0.190463110454443 0.0148912221905876 -0.0471267307861581 -0.0477504022058356
-0.21507481938749 -0.11411527963038 -0.0153238454728557 0.034230484992332
-0.137091909744474 -0.148611630227195 0.143197649810589 0.0648006082798513
-0.187029342581528 -0.117344380876542 0.0714508292532002 0.154123995624719
-0.208389354043704 0.0393382661743079 0.15276278209238 0.138679239445321
-0.115919918866837 0.171349182969178 0.191603335130885 0.0168114128282402
0.0291545397394088 0.155824373853342 0.110457600416335 -0.0703989390822972
0.0904918022111871 0.0910387541633369 0.0377516428737935 -0.0705701324529862
0.124075101004235 0.021749601617229 0.00750645403901562 -0.0316025076020764
0.119457020134117 -0.017197576985565 0.0150600659259535 -0.0059078593172253
0.119272933328892 -0.019416188370289 0.0226040989247224 0.0229034665637163
0.110204238809108 0.0343534103356701 0.00453532350063614 0.0537637313121106
0.0767375822562641 0.0892133845749439 -0.0376134034652908 0.0825383568950647
0.00047892860857305 0.15637364264513 -0.0932598327821063 0.0388902733777835
-0.10770341548112 0.120960165574833 -0.101200148057997 -0.0356063697945175
-0.167271254276097 -0.0230646412921416 -0.0289178896125789 -0.0425424899822058
-0.161457869661076 -0.132543679563858 0.0226368342341567 0.0736121807482302
-0.0648706250914002 -0.123900306699941 0.151987648720202 0.145032214846889
-0.112544210373399 -0.126911403726496 0.0647849727305856 0.181140191327827
-0.1651144357245 -0.0140783138885735 0.10427720162951 0.167397699599066
-0.122820826367368 0.110502232842977 0.155484709123546 0.0738249535573602
-0.000658327261373166 0.12775618221923 0.118160553074654 -0.00762274356806591
0.0621645279186259 0.0825158774102735 0.0777132137207511 -0.0297923069515954
0.100852317768436 0.030504123961155 0.0505606970739064 -0.0183404499056889
0.105022350461382 -0.00733079180497966 0.0522093889067238 -0.00123996221843596
0.106559545229788 -0.00469799050091709 0.0582027695659352 0.0272305710323051
0.0956468543807099 0.0382250307083089 0.0385782915582987 0.0646657942382544
0.0634727414460395 0.0832466656293771 -0.0130675053543798 0.102585846637868
-0.0158779018913169 0.135001365922747 -0.0811307713537091 0.0626353763882808
-0.107492432064825 0.0819439079813936 -0.0971737975728724 -0.0174217857012482
-0.130580746156701 -0.0417883479777087 -0.0197146474233086 -0.0347550229374012
-0.103041437330863 -0.117706080741914 0.0527528598851428 0.106829495735183
0.00162933160282585 -0.0662738340055635 0.150637894125218 0.183455049802297
-0.0377460508027804 -0.0918213544505692 0.065444525452514 0.18388662486163
-0.0929364658162832 -0.0322593500591766 0.0703528975776102 0.169176500015874
-0.0883190936710069 0.0543887544567947 0.123366673697149 0.0989051468687676
-0.00934140477467006 0.0792088098586359 0.118011225745329 0.0284836503019435
0.0344626549784263 0.0538863079509872 0.102364356215023 -0.00765799904444798
0.0651672844786371 0.0247648666385858 0.0815393517910607 -0.0090054676870065
0.0746542788851126 0.00432136475502933 0.0802947733580486 0.00449496610334561
0.0776702549432132 0.00329951245183407 0.087679876557075 0.0328033609877867
0.0720713706438133 0.0335488701465265 0.0637076794558694 0.0788235786529363
0.0411894177215971 0.0703244304917972 0.00161304725604107 0.124068389435092
-0.0322800627651242 0.0987219203594015 -0.0800187935677886 0.0803986122325257
-0.0912932324916056 0.0361488251004811 -0.0984550984526631 -0.00440998741238778
-0.077842963383499 -0.0630725686804466 -0.0142277641504685 -0.0301340514774241
-0.0269601723239438 -0.0929362528017524 0.0645361321920654 0.132838634399466
-0.0395576233857329 0.0502573206322814 -0.124259261779068 -0.119286928928902
0.0297470612176076 0.047067147821228 -0.0274688924475882 0.0465538363721821
0.0635437309622538 -0.00558933144980934 0.112468692883587 -0.00682991262457688
0.0215816800243613 -0.054021967783602 0.0926061789066564 -0.113686381988476
-0.0221837588724359 -0.0361304631600431 -0.0235846026868182 -0.156734685274139
-0.0258318422857925 -0.00952248081013727 -0.114566099950534 -0.0902053540434751
-0.0330692027515379 -0.00483659676172312 -0.125539893257339 -0.0189117719732078
-0.030569673940217 -0.00753122201257054 -0.105620498992749 0.019521591159564
-0.0207673657948415 -0.012758720315303 -0.104117745092969 0.0361323819418129
-0.00405839226417443 -0.0209263411329668 -0.121639000559553 0.0303086113198838
0.0133716656538349 -0.0256191308248504 -0.137807596684832 -0.00825810067952956
0.0440642064687051 -0.00284267388886271 -0.132432958383621 -0.0792015789420769
0.0298744533757754 0.0414818528455085 -0.0994027174011708 -0.134350956129687
-0.0356047044190695 0.051784302803434 -0.0736009048691167 -0.136335876025801
-0.0690220637959685 0.0235898718349812 -0.16913232187845 -0.127109905029613
-0.10961252138307 0.01394384288864 -0.0925135868434496 -0.137321466426443
-0.0420968054404994 0.0505415948573371 -0.0191266815066082 0.0431852643558217
0.0179325271066608 0.0472054814109128 0.129170263746242 -0.00704330986345775
0.027336459745565 0.0108220056702913 0.110219071048991 -0.12615831221172
0.012677292573393 -0.00259553280719934 -0.0181416289617737 -0.172183244938018
0.0149546942649982 0.00215133999184467 -0.118180984100589 -0.102166289158923
0.0124452441672115 -0.0139249324889113 -0.128028485058357 -0.0214782199110541
0.0111578574356546 -0.0214189279634391 -0.104306636792053 0.0176252691348145
0.0226471687963622 -0.0180815321580049 -0.100113237281472 0.0374166746369461
0.0342498873493918 0.00108082355799583 -0.117065050819043 0.0357947106575559
0.0322580938523719 0.0156468534506841 -0.13210919136595 0.00476578260967878
0.0284675627061478 0.0539834107863716 -0.131873142849226 -0.0631679844500547
-0.024159747700618 0.0722718587935486 -0.104030457271382 -0.115939637794932
-0.102931308525346 0.0332936247433369 -0.0764093708220255 -0.103717895263294
-0.141838761628159 -0.024456788139945 -0.151211080595974 -0.0926265109034173
-0.163072296225587 -0.0331356572772379 -0.0421938863333056 -0.131719151893334
-0.120037322733326 0.0330770681364929 0.000117320801092684 0.0512180252453177
-0.0473702930862671 0.0921200257960979 0.149879592985648 0.0071747204007863
0.0179600362552499 0.0867079811895669 0.137799815517333 -0.126399791850255
0.0455305664874522 0.0441292772014654 0.00207811021987918 -0.177202790645327
0.0571846735308967 0.0219757129787989 -0.102479320230328 -0.111076560222625
0.0586081347655045 -0.0169173100721959 -0.113100888612231 -0.0264191315859324
0.0515828972746659 -0.0321146210897702 -0.0883313730110911 0.0128103126042182
0.061094153827836 -0.0266434506324567 -0.0813683204327014 0.0374595567830961
0.0698347652570617 0.0133412647223046 -0.096384881649349 0.0454588081553546
0.0570985031724609 0.0447996463688537 -0.116758172160791 0.0303902950894874
0.0315966858649473 0.104430148654088 -0.132427745372264 -0.0321740010816166
-0.0560975229048209 0.110858284807856 -0.114868327138542 -0.0888841826819366
-0.152292686719386 0.0352267153598227 -0.0743896596428222 -0.0734132548689083
-0.197567278696577 -0.0548067994127898 -0.114085632582529 -0.0475297478872594
-0.189532768965386 -0.0809728804163637 0.0218498481077704 -0.0978766643277947
-0.183768818551786 -0.0030335884140753 0.0283477486526235 0.0716516545524607
-0.119316700891528 0.114561473581182 0.166588041614781 0.0342775589387206
-0.00986006986059066 0.152794724206944 0.164033280123214 -0.104546218203585
0.0658903321131569 0.0940542191027752 0.0342380137594275 -0.163000721334583
0.0897365499802259 0.0452075567761503 -0.0676416960558037 -0.109905441646071
0.0968793003577971 -0.0136015876415689 -0.0813928760833859 -0.0294915387727277
0.085132500319188 -0.0385468133404159 -0.0603757488709134 0.00548482154579737
0.0896689343057649 -0.0352044256743102 -0.0507763996332059 0.0341686182732798
0.0957814263020733 0.0157275703709839 -0.0642385491019205 0.0529126535436768
0.0794926351848815 0.0606517715502063 -0.0895101045146847 0.0559603223086823
0.0426386200257309 0.138313547432347 -0.122606631791796 0.00402253834744826
-0.0681754623273163 0.141117791911568 -0.120846418821534 -0.0580981526082028
-0.177294337354344 0.0431283239884569 -0.0648803107148066 -0.0528222422638628
-0.225610044300719 -0.0710465663230892 -0.0626135678101328 -0.00490824524761814
-0.183042375846077 -0.115299961900083 0.086167941350397 -0.0395772052843138
-0.210596888011625 -0.0476793300621764 0.0596348904439033 0.10041607185222
-0.172353770497973 0.102961027341417 0.168689099862642 0.071399253457874
-0.0487725101989754 0.185286035000917 0.178325412322774 -0.0609603632060955
0.0654622430749414 0.130807797303976 0.0684409402327774 -0.125880067913807
0.104649730910598 0.0652748540726057 -0.0197743876610743 -0.0956808514376253
0.118637412037759 -0.00557137875295274 -0.0387419384850414 -0.0306683823932104
0.10550493370119 -0.0384855177090368 -0.0237950559357737 -0.00102767836070541
0.106375049222511 -0.0394929978314703 -0.0138397741779147 0.0275264874859673
0.109793719979831 0.0157557903823492 -0.0250740356489447 0.0546568390785895
0.0915196571715654 0.0675221637886932 -0.0545199817222543 0.0743630484065786
0.045676654362039 0.151602716266725 -0.103500695222797 0.0349952714597983
-0.0746407000829925 0.148862240478959 -0.116951525928104 -0.0305485205714202
-0.178495322074878 0.0387555231993456 -0.0508228979034507 -0.0431385245110683
-0.218811726026632 -0.08133209898565 -0.00696558253466396 0.0310364450014205
-0.143503773227648 -0.123496159133946 0.139913923547535 0.0293455056331327
-0.188172083317244 -0.0841782738141308 0.0848280798816638 0.129948888482287
-0.184308742987946 0.0635462111476698 0.152813111275987 0.108578476002399
-0.0800044341078434 0.172245625609434 0.173913867295878 -0.00764090505336696
0.0479439381952821 0.139160218803914 0.0954299928056469 -0.0749615345665873
0.096859214896529 0.0735657690017284 0.0299751221813992 -0.0701258664036344
0.118983769629237 0.00327743639983538 0.0079513672477602 -0.0286444964073335
0.109860496115994 -0.031816466267232 0.0153379967445896 -0.0066193607469013
0.110058566989233 -0.0348201339465341 0.0233328439950242 0.0206105139262398
0.109675689832392 0.0186336873851806 0.0118754520600875 0.054210271015575
0.0824650364380362 0.0766113300790804 -0.0236771725834908 0.0864053639806572
0.0208185967622617 0.14995521308462 -0.0853660095328346 0.050211752523735
-0.0876547775952632 0.125690099704936 -0.106752836791325 -0.0178678843679687
-0.161649022865994 -7.15713863731499E-06 -0.0327872047517863 -0.0397633278986856
-0.169920481764388 -0.105577735260899 0.0343887072657635 0.0640368234761373
-0.0717084815023301 -0.108256674279783 0.165043708137119 0.106008360383565
-0.11930001407194 -0.102833016358552 0.0868866604607242 0.157485613635184
-0.150742017290399 0.0089471000226459 0.114310906423357 0.140999763711535
-0.0943149786942 0.118743942233413 0.149057314212786 0.0496349501371009
0.017730881991062 0.117243728651674 0.112005825710241 -0.0176710533064093
0.0696658367741522 0.0699353039903232 0.0740466527257482 -0.0369595163614833
0.0987439272624709 0.0145879947865334 0.0511121497509362 -0.0217122024843459
0.0977278400886137 -0.0210062900317242 0.0512719315759379 -0.00778505000445872
0.0998285392785119 -0.0192047316840909 0.0588056673432642 0.0191746278277035
0.0976043169432473 0.0239339606336606 0.0452611084095839 0.0590488975480261
0.0694701541516285 0.0726108571764295 0.0034563654873924 0.101073091255767
0.00194560632325962 0.131665049229218 -0.0695237885576729 0.071153702769504
-0.0917233127581819 0.0887953299687353 -0.0991444732614418 -0.00051441604884216
-0.129389531532223 -0.0222403773620994 -0.0222739163695545 -0.0324355237077915
-0.111538159310856 -0.0977024073037852 0.0681818797942048 0.0918963542524211
-0.00175127189968791 -0.0613725099916114 0.173905253300377 0.146422215946437
-0.0444954404586435 -0.080604876054342 0.0902764636290925 0.162522959144254
-0.0870122735969646 -0.0169168752954119 0.0865693229227758 0.14737627062822
-0.0708855810890589 0.0623514454802653 0.126925013483887 0.076971236665273
0.00349606619033107 0.0733106072528812 0.117297781732945 0.0140466707662171
0.0393272094387054 0.0455665295662115 0.100054552557866 -0.0206860046820934
0.064365768399292 0.0137427072071221 0.0801882092994733 -0.0181393110769286
0.0706774300019811 -0.0070132410725074 0.0788388523673338 -0.00719316922421897
0.0742357131185332 -0.00785660831354865 0.0888199186862875 0.0195732346807813
0.0739539428562912 0.0223061819599746 0.0724059200706098 0.0679921434215904
0.0473704320337247 0.0631659305766465 0.0209381144281027 0.118442063652013
-0.018210689406334 0.0993858846128426 -0.0652864918712975 0.0881210094956475
-0.0822479995923048 0.04402358113352 -0.097600051464047 0.0116253492712832
-0.0817663154724945 -0.05033172221766 -0.0175019802075716 -0.0270710118224359
-0.0356786548182823 -0.0839012307888032 0.0824337143663888 0.115920977365221
-0.038632700155353 0.0495457014110366 -0.120206552250453 -0.118879421492141
0.0284153727169484 0.0475556799117073 -0.0277642741352691 0.0459958635512675
0.062085394590723 -0.00438801778144058 0.109988322843167 -0.00496414272177203
0.0214656406617647 -0.0525671708846037 0.0928797381370621 -0.109733772702659
-0.0211552253929434 -0.0355220566823892 -0.0200676400921191 -0.154012893763163
-0.0246314478782615 -0.00978329938027872 -0.109302233222597 -0.0902741623377342
-0.0314172399618349 -0.00479496834406179 -0.121315340920923 -0.0205925692222103
-0.0299742847671878 -0.00715647577511358 -0.10250250264673 0.01759136869273
-0.0193639310191179 -0.0122666500552647 -0.101224159614241 0.0332306304086147
-0.00378346328840227 -0.0202315216293434 -0.119530492233107 0.0275915146779843
0.0129292042641234 -0.0244600335773007 -0.13411486666686 -0.010018586273116
0.04249043784856 -0.00245475751784054 -0.127235457848077 -0.0795903105386672
0.0279361295568962 0.0408660287093604 -0.0939350166176273 -0.133218430681305
-0.0360201878901517 0.0502028634036486 -0.0676364778094052 -0.136319488305554
-0.0673832787258691 0.0217807542702242 -0.16210732466892 -0.128181898933118
-0.106279161613847 0.0130365424281446 -0.0891686884025972 -0.136435845218983
-0.042010406152385 0.0490843462579477 -0.0198088970600998 0.0425066916746134
0.0175962084903972 0.0458864762234803 0.125880104090533 -0.00402010641872026
0.0270609277149083 0.0109003075168105 0.110440756181551 -0.12152741540773
0.0118795517537563 -0.00154003007399065 -0.0141555933163704 -0.169019471834309
0.015192464342075 0.00240514918291325 -0.11228573208841 -0.101394466434764
0.012682295905356 -0.0133458876896801 -0.123649782295302 -0.0226286838747353
0.01062335089553 -0.0204075475938237 -0.101435727235409 0.0149932600465425
0.0220384590499331 -0.0172171141025729 -0.0975562487069677 0.0349171890252752
0.0332548209234161 0.00117853040523233 -0.11434772947689 0.0332964650021807
0.0311377374040235 0.0156654656462652 -0.129474981553038 0.00277258212302261
0.0265950830501154 0.0533443321029685 -0.128357708688824 -0.0635868450394989
-0.0251998208304463 0.070376440106786 -0.099243244621148 -0.115580802595922
-0.101186122528238 0.0313900456132512 -0.0709385339423909 -0.104458338559416
-0.136281926420459 -0.0262587607673978 -0.145331401689093 -0.0946429192879814
-0.157809312166806 -0.0338993943864212 -0.0402226160704878 -0.129504562019716
-0.1176382886922 0.030766595832945 -0.00186469833778508 0.0505846633784838
-0.0465593719112861 0.0888687263568266 0.146017540933372 0.0103287546273962
0.017284975700208 0.0847884814554583 0.137447304670371 -0.121644915470164
0.0437468063313729 0.0442558233466369 0.0053675207394981 -0.173255234109763
0.0558236141549694 0.02201473961397 -0.0976734607120062 -0.109462560947617
0.0575892986517617 -0.0153814253191424 -0.109264800562783 -0.0277027961652151
0.0500591136269312 -0.0301800207799052 -0.0862267189949856 0.0108794546970804
0.0586252972312265 -0.025270644187184 -0.0789502712111638 0.0355569667803063
0.0677288169595727 0.0136310255230312 -0.0945979932611361 0.0434086173670293
0.0546950239446368 0.0443907510397117 -0.114616852442778 0.0282500194666366
0.0292437572450077 0.101496212769141 -0.12929856271769 -0.032713930734488
-0.0564462346577462 0.107702135546804 -0.110693871317558 -0.0892012154642891
-0.149527202324263 0.0318426753690198 -0.0704808811725771 -0.0748259532527731
-0.190664560609032 -0.0563686768350634 -0.110409861166113 -0.0503931027800937
-0.183264850847036 -0.0809274013710513 0.0216712327858809 -0.0958464479525429
-0.179547130663734 -0.00553846638482395 0.0251909093318376 0.0709338531457219
-0.116475540006808 0.109569566517234 0.161198852624545 0.0371973887534997
-0.0109467765242889 0.149153049003398 0.16308209782077 -0.099382910220522
0.0628855539311152 0.0935923961761941 0.0368364417699348 -0.158727750886986
0.0875149992827467 0.0454477788015405 -0.0640181959707176 -0.107748883417288
0.094199343247912 -0.0116918645520332 -0.0783874884876595 -0.0307105820044235
0.0815920669635113 -0.0360054424459603 -0.0589505320519522 0.00499556183971469
0.0860750599277662 -0.0326909456119929 -0.0492419571468966 0.0325992985997406
0.0932615924827697 0.016941695666981 -0.063434093460013 0.0511052924022468
0.0763844402518025 0.0602992294034136 -0.0876560429453969 0.0533307642383135
0.0401584294603596 0.134386561536375 -0.120464724773958 0.00317942979858877
-0.0687708670902489 0.137099240549416 -0.117877334262548 -0.058949902320435
-0.173558806261289 0.0388010135198593 -0.0622216505419717 -0.0546440744467709
-0.217873259013609 -0.0722205798604483 -0.0605481207138301 -0.00776651130647394
-0.17580258866517 -0.114274180158346 0.083357379654057 -0.0379566995375921
-0.20510244498096 -0.0499024317527109 0.0547962979736866 0.0990996436181376
-0.168563950854209 0.0981518958351218 0.162347375114138 0.073454025606886
-0.0496314584363529 0.180734771884139 0.175870028170956 -0.056760587621551
0.0626192297786915 0.128326724265914 0.0691786565086934 -0.121643726307528
0.101239436788323 0.0656667173244746 -0.0173746601227145 -0.0933031098264996
0.115430884495483 -0.00431063966096741 -0.0364519701948308 -0.0309209736568463
0.101843509157575 -0.0360644886657773 -0.0229429091753668 -0.00143064246709812
0.102540315291707 -0.037712640909679 -0.013715970920082 0.0266040700652283
0.106338148179762 0.0167421984721232 -0.0253901904197739 0.0537414811405992
0.0878861739959212 0.0669085982860561 -0.0542556107251451 0.0723407588694416
0.0428980433117436 0.14839876406035 -0.10245009963267 0.0341514449237218
-0.0744797266461161 0.143634539945674 -0.115718105203088 -0.0319034334598929
-0.175184245443206 0.0347034318122265 -0.0485597865347843 -0.0439322046127118
-0.210659491148262 -0.0823285963925147 -0.00647347294782704 0.0280315226270495
-0.138249696809923 -0.122177475775133 0.134991123850812 0.0313299309438288
-0.181825556300914 -0.0853665890076609 0.0780411054366309 0.129114643848836
-0.179361118040815 0.058694225894726 0.146551423458962 0.109041218051855
-0.0794466834906704 0.167878420399361 0.170426636501392 -0.0042046220499585
0.0452159320790254 0.136393595583792 0.0951072064404195 -0.0710368662915394
0.0939404279173809 0.0737411067025973 0.0307298820854026 -0.0668899146454379
0.115562478082964 0.00448473153950395 0.00874073292035532 -0.028139516853207
0.10644437607917 -0.0294866201325956 0.0154973450651609 -0.00634865651585293
0.105914476701149 -0.0328787383467282 0.0230499219836563 0.0209175639432277
0.106829674931465 0.0192923816762894 0.0097798610461188 0.0539169863326032
0.0791107815737065 0.076097200651421 -0.0248363953017969 0.0843858886334896
0.0182962946764707 0.145857727031896 -0.0849253114895978 0.0496459011190867
-0.08704109114301 0.121189216664075 -0.105365435326886 -0.0185229797949076
-0.157384649802595 -0.00301570579227263 -0.0319095567146165 -0.0409203635654156
-0.163004712023128 -0.10478507560878 0.0340241020362449 0.0610498100149186
-0.0690744896434525 -0.105834908761101 0.158996984531296 0.106379869463363
-0.114475147649665 -0.102264050721554 0.0785340602423807 0.15516122584384
-0.146373189166889 0.00640141971223797 0.10832483701509 0.140515825427003
-0.0932633356164289 0.115676856128315 0.145053265383029 0.0517213911053561
0.0160378367335702 0.114550981056391 0.109576992533459 -0.0156083865095554
0.0666551472012701 0.069644619764098 0.0728353733541289 -0.0348801901123975
0.0960045204376995 0.015406533906205 0.0505577287557527 -0.020519353665428
0.0943208944023501 -0.0194492623938396 0.0507267522849193 -0.0065132772506781
0.097028939001803 -0.018327959296776 0.0567326026503211 0.020093466103488
0.0940426016148744 0.0243730228410861 0.0433525290710871 0.0582770916386898
0.0669031552367758 0.0717848219247403 0.00130147309328994 0.0991780091009766
0.00125691455251843 0.128814423085015 -0.0695644517080762 0.0695633328267461
-0.0905438709300779 0.0854063562075909 -0.0986390538990858 -0.00178417185839381
-0.125913498285358 -0.0245229094641025 -0.0218069963537617 -0.0325984317522091
-0.106741851098346 -0.0966054030895906 0.0660534112658796 0.0900077427255253
-0.000995318097908222 -0.0590638364014719 0.166699654563743 0.147235474742341
-0.0417727540400112 -0.0787938984791126 0.0831055268044346 0.160325697744383
-0.0836173986389144 -0.0177203268825326 0.0819204289577822 0.147209802030076
-0.0692331742991363 0.0608494813026514 0.122785175293894 0.0780713746335023
0.00257277746233008 0.0717130285078645 0.114804863356361 0.0153945167621888
0.0382040810984347 0.0451412211466331 0.0984397582042304 -0.0191822212644109
0.0621061797573247 0.0136103725656958 0.0801639709178896 -0.0166916818481033
0.0688084759130577 -0.00607542922157231 0.0779657181965844 -0.00600619504965558
0.0717753402987406 -0.00765933279976667 0.0862363482436532 0.020880993400079
0.0710073254517427 0.021871589729709 0.068736306218205 0.0683562678720299
0.0456832220163092 0.0622614947197173 0.018059443011025 0.116365741113133
-0.0184506133174747 0.0965230782819329 -0.0660345791402495 0.0861686950828153
-0.0807357463263687 0.0415509414259157 -0.0968402372590474 0.00976811421628305
-0.0793732667449546 -0.0502209194909094 -0.0172986324547522 -0.0271994862352694
-0.0328982455079402 -0.0811697122397498 0.0796513165785104 0.112967623674939
-0.0396404941538077 0.0497817904386026 -0.118439769612382 -0.12492874477373
0.0269318379501139 0.0495619412072326 -0.0299172917276551 0.0476999139254625
0.0629408900149773 -0.0032957914583181 0.112005485951781 -0.000120808232820922
0.0230577721489234 -0.0525258253660839 0.0984608269515334 -0.108562369294394
-0.020156220283392 -0.0360067791912938 -0.0141525373259097 -0.157263050879149
-0.0240461904350017 -0.0103662838082736 -0.106130895957715 -0.0952782752162623
-0.0315345124825172 -0.00493076899420808 -0.121394620158054 -0.0243056819892968
-0.0298516073382199 -0.00747835002346586 -0.104110370298 0.0140493774540801
-0.0192789409412126 -0.0120775133074136 -0.103367554440363 0.030139030173191
-0.00352557278446414 -0.020612809166216 -0.12160642716611 0.0241965732833244
0.0130235700258817 -0.024303357565861 -0.13541486331356 -0.0153240707557127
0.0430702969807722 -0.00056649924671661 -0.125487348394848 -0.0856252224928332
0.0258535932275937 0.0422431537693696 -0.088838174806551 -0.138360267169774
-0.0389614810792893 0.049993099247723 -0.0619516751266957 -0.143055000047705
-0.0685487590740901 0.0199823743221711 -0.159876078110387 -0.137309448794025
-0.106630106811942 0.0103862847772903 -0.0868806507797416 -0.141548734271276
-0.0441268306834766 0.0491383200119254 -0.0223375525480834 0.043386273020492
0.016060746082272 0.0464865896617187 0.128003247901302 0.00106552771242952
0.02675986431667 0.0114592962231718 0.117092520205156 -0.120221355522387
0.0124867027420074 -0.000777774821852161 -0.00815684786976726 -0.171909807408991
0.0157114731848193 0.0027455094430374 -0.109617664866894 -0.106013646897656
0.0125400957773082 -0.0121658326762586 -0.123636336285292 -0.0270578198719669
0.0102137703558389 -0.0191209870878024 -0.10261001800558 0.0115598493608449
0.0220388629188186 -0.0160293862769956 -0.0991819411643846 0.0318545920068126
0.0338467171981809 0.00347236727747567 -0.11575096393509 0.030040517100536
0.0305421416059793 0.0168490620144058 -0.130833724096366 -0.00206484107909624
0.0249929116400013 0.054557111278508 -0.126655915874342 -0.0682567747347414
-0.0280235193171676 0.0707872907424748 -0.0954689188163596 -0.121044133835816
-0.104424548575889 0.0280469871259372 -0.0663821956445678 -0.109831929143572
-0.137152196108883 -0.0309324121531966 -0.143199965417432 -0.102385602229493
-0.157833372185062 -0.0391758228584781 -0.0378555970191522 -0.132967535585682
-0.120775970151292 0.0277116663084161 -0.00500269410223701 0.0525704467755948
-0.0492404131822234 0.0882727255759162 0.147124134458085 0.0156701207226205
0.0146905848688565 0.0863156133323626 0.14358062897259 -0.118628243338315
0.0428879117817575 0.0463262903190724 0.0121603926224901 -0.175782239762574
0.0562023609713069 0.0238106137241605 -0.0945286122508755 -0.113476408559002
0.0576083633096853 -0.0132924444117472 -0.108188648479032 -0.0319515803516837
0.0500195249584423 -0.0288939866941762 -0.0872026221535364 0.00793019559347597
0.0590238607596279 -0.0232473297310661 -0.0804545310309463 0.0324940941566044
0.0677670094060808 0.0164409545549744 -0.0965769043273114 0.0409195263121228
0.053647959492407 0.0465559720311969 -0.11641022221252 0.0246189047975307
0.0263078271195546 0.10369590264624 -0.129679429429256 -0.0366691246966318
-0.0603896228732481 0.106679565367508 -0.109363778410141 -0.0948062101470747
-0.152253041764017 0.0261690376586369 -0.0672228578599457 -0.0805251608505184
-0.190059632353649 -0.0635529336009116 -0.109068134306094 -0.0564535113592637
-0.182080115262959 -0.0880139935046842 0.0232172396678254 -0.096834189929656
-0.182286576814113 -0.0121174313945927 0.0208996838891174 0.0739369039729929
-0.120775595535278 0.106373891569048 0.161827819333983 0.0444482286321395
-0.015453991915481 0.150631816776096 0.16898880157188 -0.0948279223352144
0.0608914540911612 0.0965850600944408 0.043671483267368 -0.159590656462426
0.0872668780714121 0.0491864795581705 -0.0596677439140128 -0.110863372792203
0.0952664687398058 -0.00844016250455702 -0.077109415687121 -0.0345035135109544
0.0825708362483489 -0.0340664035180258 -0.0593973302937514 0.00263270635514694
0.0867900691985384 -0.0305902718561938 -0.0507040715923074 0.0310916784742355
0.0933846529274411 0.0203432721702795 -0.0654051458074366 0.0499227825982464
0.0754400863543667 0.0634951830494865 -0.0906137821823493 0.0516252833841123
0.036489768587015 0.136636794020128 -0.121523791529005 0.00035603098104082
-0.0738860109067317 0.136081756656924 -0.117942129149973 -0.0641738095693106
-0.17726971072097 0.0327816249937009 -0.0603191996759936 -0.0591561657489943
-0.216063233836463 -0.0793643684000909 -0.0598972258344657 -0.0118853177971729
-0.173513758891076 -0.120995061019429 0.0844219552055276 -0.035945316335792
-0.206478059580336 -0.0574121289483445 0.0493680488459267 0.102713456567711
-0.172449472992856 0.0929797557541061 0.161442589183321 0.0812545114643178
-0.0550148097458205 0.181938770991023 0.181027766099657 -0.0504868419014426
0.059283768043054 0.132335449454928 0.0755727407404339 -0.120686883566822
0.100618854171179 0.0695986605560517 -0.013731904939175 -0.0944731027745222
0.11564073384642 -0.000429444158925372 -0.0351506390083086 -0.0333807895025781
0.102572352318036 -0.0332283630177261 -0.0230008468314152 -0.00241941405120415
0.103092310478939 -0.0343974597947819 -0.0142501468498454 0.0264797522804027
0.106701712972831 0.0203252949653187 -0.0273134005137997 0.0531833128645845
0.0865756752287037 0.0702885844792166 -0.0574120537029441 0.0726630156291282
0.0379964815048559 0.150433390984976 -0.104908883677649 0.0323597490853123
-0.0795744257196537 0.142931666991584 -0.116838156074323 -0.036046173112712
-0.178195964363946 0.0285491551418602 -0.0476664524785658 -0.0478771750444731
-0.209150935226281 -0.0894019362374602 -0.00666604406361595 0.0259803540809634
-0.134598198304919 -0.127221139946538 0.134257414710533 0.0368991528702739
-0.181438169256464 -0.0919879375448378 0.0713560606650148 0.134208244169963
-0.182465526482745 0.0537260503715279 0.143977064084765 0.117063586850333
-0.0857985656498006 0.168058180674619 0.172979429033719 0.00208793770755761
0.0414158209217604 0.139687808205975 0.0992877168732797 -0.0691589025042245
0.0927336494588093 0.0784103051360144 0.0340912020092021 -0.0668234313632726
0.116589969824742 0.00852056684112138 0.010792083909297 -0.0289347782315444
0.106772459511909 -0.0273161185990805 0.0166618109384846 -0.00684323477548737
0.106491895762854 -0.0298632523771393 0.0231081757081273 0.0223444557100163
0.1068612255469 0.0224347516925177 0.00850956652521585 0.0555505466565139
0.0777312427312674 0.0793090751556593 -0.0276889478722418 0.0854244420828599
0.0137081844989622 0.148045669810523 -0.0876170301839652 0.049119069498955
-0.0915030567889671 0.119316954134707 -0.107609173457 -0.0224130045839177
-0.159178666442684 -0.00884400466681163 -0.0307829348511732 -0.0431794549771744
-0.160313521525734 -0.110402467216192 0.0329212773254554 0.0616686971421502
-0.0653122322534081 -0.108732588459577 0.155778287582035 0.113942999572432
-0.112411885743468 -0.107170575768424 0.0714377888396845 0.160696439023545
-0.147398941492285 0.00207996947479951 0.103967685276705 0.146921846930379
-0.0978692129498221 0.114553877251737 0.145479998950205 0.0577229735962672
0.0120233342373203 0.117087648808545 0.11228772070537 -0.0117654282829469
0.0650256478940494 0.0723913560079707 0.0765349397260856 -0.0326090231297646
0.0953047284486833 0.0183834757312486 0.0524814672348671 -0.0197152866131155
0.0952574901064269 -0.0176907112708216 0.0517609456202364 -0.00470035172237584
0.0975641114511571 -0.0158787782435111 0.0569515605336689 0.0221210684170339
0.0939771367068887 0.0270296170089676 0.0413142744628496 0.0613952060191407
0.0658298419823763 0.0750196398280442 -0.0023682015320453 0.101084882544637
-0.00364566166456439 0.129837819954909 -0.07367457657162 0.0694603943341278
-0.0939059970194267 0.082615200145101 -0.100911456335857 -0.00474429303662888
-0.126336444331875 -0.0300207201738658 -0.0218647759220179 -0.0348171459719695
-0.103415548933173 -0.100597775528749 0.0645328477514796 0.0913785772492423
0.00128471569076891 -0.0590306776551144 0.163290587896057 0.155334152812217
-0.0389303775666874 -0.0806873850317377 0.0755593874663354 0.165952846728756
-0.0830054841643123 -0.0206016648476112 0.0773340281968896 0.153563818746829
-0.0723916561113143 0.0599721337824608 0.121908641180789 0.0835927193034788
-0.00060278845891806 0.0726282766030995 0.116311457591105 0.0195620229114406
0.0366822654872254 0.0473662633205339 0.101110638183175 -0.0161436254392357
0.0622671738684336 0.0156850357129361 0.0818456321880424 -0.0144832689764846
0.0685197087285357 -0.00506855609718133 0.0794399977556805 -0.00317947242796404
0.0722327387762391 -0.00564032486844438 0.0861054056945751 0.0240024839810044
0.071136009777573 0.0236020399174491 0.0665453825354899 0.0722713403042726
0.0440455519232963 0.0642833600209624 0.014383969697024 0.118477211395331
-0.0218649221612286 0.0968572243868077 -0.0708191833405782 0.0854352189975899
-0.0823531992448163 0.0384377241481755 -0.0997676314284915 0.00684784327638862
-0.0785465501192594 -0.0537110131822201 -0.0166932402709993 -0.0294421998498477
-0.0298376474016415 -0.0827012737019393 0.0775923003479742 0.115823052075068
-0.0416095045364706 0.0521451208874806 -0.122793031026851 -0.134044055026757
0.0275578163697998 0.0535266919056842 -0.0331889890853656 0.0507543948080281
0.0659113838256151 -0.00252574445491687 0.118240869394276 0.00420290463345883
0.0253300003801397 -0.0543868240563912 0.106807519520288 -0.111448676956043
-0.0203336847707671 -0.0382110512455072 -0.0101946497206937 -0.166494020428167
-0.0249201277190384 -0.0122816262373909 -0.107560886991485 -0.102495840349354
-0.0324458250926177 -0.00544758163731589 -0.125947469130928 -0.0272618126797399
-0.0315071641955878 -0.00757234921441918 -0.109877645592086 0.0119554765063798
-0.020117420673721 -0.0124075783542597 -0.108954162640076 0.028560750593294
-0.00254866620914055 -0.0210650803642282 -0.128050002278795 0.0232172856766616
0.0140413608836806 -0.0249250571495519 -0.141729797423916 -0.0193589987502116
0.0450683745752347 0.000396728530829186 -0.12950091072979 -0.0943679507320124
0.0252167736720018 0.0453379086869295 -0.08877159022449 -0.148506350453319
-0.0437053460534397 0.0518575934675479 -0.0581966128757301 -0.153458068110609
-0.0726014922435958 0.0193985748634114 -0.163281421137464 -0.149627274623548
-0.111222564688665 0.00964736994773661 -0.0895968747099409 -0.151255264820092
-0.0483367397659748 0.0508147844673498 -0.0255873909912442 0.0465557859238707
0.0160281050082398 0.0486031267618886 0.134650283401432 0.00640149639019031
0.0278440109147718 0.0131778535755644 0.126492933869055 -0.12355884754756
0.013089009822424 -0.000745464497940677 -0.00334166550830441 -0.180962643926897
0.016547505883252 0.00261383176319905 -0.110703871230093 -0.113773477217033
0.0131507925714569 -0.0124716304901579 -0.127588183907337 -0.0315580333927443
0.0109319911545943 -0.0197359802585297 -0.108049660517001 0.00960832630689845
0.0235675765036929 -0.0152346746799623 -0.104359740836062 0.0306163803234439
0.035217899798326 0.00375364790158544 -0.122244347872574 0.0292243650619728
0.0303407428541727 0.01857644734679 -0.136974012467402 -0.00463512765196607
0.0253714288164191 0.0568985220864803 -0.131770284640798 -0.0758302916092767
-0.0314601981019385 0.0734551016555717 -0.0971083455694374 -0.130557857660262
-0.110977898580819 0.0268574278359558 -0.0654813965211624 -0.119459186473857
-0.142677117677856 -0.0359345500089005 -0.147691695314206 -0.112941539668164
-0.163797349533538 -0.0437639103503078 -0.0378963055585737 -0.142153525633121
-0.127559077602138 0.0262443924671767 -0.0075359227067167 0.0561010012069619
-0.0537393039873759 0.0908111529141878 0.154353092330796 0.0217884127675895
0.014003125329571 0.0908866471562182 0.154709258365827 -0.121278806301502
0.0441267091103412 0.0498263854320051 0.0177938640869647 -0.184952659266607
0.0583080799710868 0.0264662885634785 -0.094432177812208 -0.120943915831035
0.0608212068630919 -0.0123376324899878 -0.111861862322624 -0.0362676723893795
0.0517626179091193 -0.0286838295520954 -0.0916486803857851 0.0059517574505867
0.0615523828211709 -0.0216867428677843 -0.0844013756565482 0.0321736790804855
0.0706009847392234 0.0185190780702171 -0.102211350738145 0.0409981989391684
0.0547357388123482 0.0504051470468572 -0.123157861579064 0.0233158535731487
0.0252849328389235 0.108639191519597 -0.135435481529576 -0.0423008969274922
-0.0661600888335485 0.110729762320255 -0.113223207040895 -0.102870567484175
-0.161111748859735 0.023819623580912 -0.0675102319675543 -0.0880317976904351
-0.197885896378084 -0.0704853052283553 -0.11218370706555 -0.0642222887345578
-0.188560648146556 -0.0963150374772371 0.0251273342806758 -0.101365834669047
-0.191141128434116 -0.0167809157939148 0.0174315674511895 0.0790260523348107
-0.129017214302852 0.108809377229399 0.168713638398313 0.0522478817793489
-0.0191769820357952 0.158500332588883 0.181521096703768 -0.0958119478395508
0.0619953387880488 0.103023236404321 0.0503464991558157 -0.167200268838671
0.0912443570330781 0.0537462205364689 -0.0592150783791526 -0.118055176569313
0.0994016429992658 -0.00712669942519274 -0.0791373382051508 -0.0385103829106859
0.086104331817856 -0.0338596091069071 -0.0616017318363023 0.000630385656280113
0.0905896050789823 -0.029460646364779 -0.0530460506125275 0.0306305444723955
0.0977430663084573 0.0236892223777567 -0.0697090179835098 0.0506078275989168
0.077391316333219 0.0679179915404638 -0.0964468745203509 0.0529321570412475
0.0350979555605314 0.143791133656938 -0.128840573759229 -0.00210800725949221
-0.0795063745546206 0.1414513220105 -0.123794391802733 -0.0712065209399162
-0.186661784758462 0.0293645852136942 -0.0612960612751871 -0.0655814345832178
-0.224837343601933 -0.0885698188243058 -0.061540366424266 -0.0159800972168522
-0.178547476821885 -0.130349902574451 0.0877314717830598 -0.0354333765598132
-0.215026817284753 -0.0652731639807415 0.0463561103321856 0.110844601012551
-0.182469557368543 0.0932251160360932 0.16751748515675 0.0910854718549932
-0.0613268337706776 0.189429803377601 0.192237111450174 -0.0495578356160405
0.0596887058254348 0.140582202851211 0.0827596812723122 -0.125678116054563
0.104615145864351 0.0758387229516468 -0.0114463315067032 -0.0990852608917033
0.120534601300292 0.00233023541513659 -0.0350540183140444 -0.0363570056069405
0.106700870356928 -0.0331819501456832 -0.0234400390673528 -0.0038936975221503
0.107346201668264 -0.0326095054491136 -0.0149686598640487 0.0266340774859457
0.111676164104406 0.0237400199288673 -0.0303769289642408 0.0558013240282959
0.0896050162720849 0.075536075452592 -0.0619734781907461 0.0752696141203734
0.0361681257586733 0.158556489425885 -0.11084587420285 0.0330002786307901
-0.0862471372112875 0.148332053485092 -0.123608971533792 -0.0406670887367846
-0.187938100855799 0.0242292033727797 -0.0488517049048517 -0.0526294461214932
-0.216682550940363 -0.0983759810705641 -0.00705036909426303 0.0258411890826035
-0.137521138860714 -0.136087539896455 0.138515639005823 0.042333577394202
-0.188294735747789 -0.100726314527552 0.0691500179634764 0.144010773942834
-0.191022576799989 0.0510531785693527 0.14825315735763 0.127588853025578
-0.0929904764185306 0.174633935731368 0.181954706569561 0.00666782733833115
0.0397821717364795 0.147683646807802 0.107083668582992 -0.0691658418611517
0.0957536268428534 0.0844355761232756 0.0382160713483095 -0.0690742552724559
0.121075955509607 0.0111637524814791 0.0128159724963874 -0.0304920726865826
0.111770805553459 -0.0268020079762433 0.0179581762582113 -0.00675276631391181
0.110669231852773 -0.0281342494454684 0.0242578649503557 0.0240598195106405
0.111607095192157 0.0268594301872813 0.00689235815345348 0.0585016758432305
0.0793605856301649 0.0848514893413111 -0.0314153864919797 0.0900856091654601
0.0111242388200866 0.156018450913329 -0.0939833549175646 0.0506334185763424
-0.0980162183186553 0.12311690487901 -0.114528440302651 -0.0258124625759308
-0.167158080976238 -0.0135150973526611 -0.0308493984124049 -0.0470248103767962
-0.165167160253792 -0.119150930683177 0.0339499215787491 0.064113488613731
-0.0661746775483701 -0.114918642041913 0.159832872675083 0.124821396113674
-0.11561969066099 -0.115164231784913 0.0678818740590158 0.172395576306086
-0.15357863336949 -0.00230724165928185 0.105322721844515 0.158753935441159
-0.104986300461456 0.118818123923279 0.151706055634679 0.0645764796654252
0.0102034847596608 0.123081824685988 0.118685080529701 -0.00946300797959861
0.0671734863595187 0.0781927935283002 0.0811354053444566 -0.0328591020143913
0.098847536926855 0.0211024318930321 0.0567121300382952 -0.02000918442887
0.0994558429751507 -0.0170652801713102 0.0560830644379033 -0.00478214576607174
0.100167567027005 -0.014501811953018 0.0596909641602817 0.0250434821590957
0.0977869784653673 0.0296917534752783 0.0410644544918658 0.0667914312255041
0.0673592453581592 0.0794537238225393 -0.00485263440926728 0.106531404759825
-0.00661983905956914 0.135960917717275 -0.0800592555405586 0.0723670072963922
-0.0997507230103842 0.0843206965463123 -0.107876308663947 -0.00731663067818869
-0.131852678794309 -0.034738946800942 -0.0221831097265739 -0.037851200639821
-0.106036765648608 -0.107428706526963 0.0671407019991465 0.0964734348822595
0.00301545825956921 -0.0608227065842466 0.166791824424886 0.168865244919333
-0.0397387499772073 -0.0851443728352757 0.072977647881815 0.177313186957381
-0.086123644647682 -0.0239604522199455 0.0766288373367655 0.164844222360826
-0.076605377269315 0.0624565920551493 0.125857510176383 0.0917703462402694
-0.00162613498492336 0.0767390453548401 0.122231701625111 0.0241412579167417
0.0378022204091948 0.0510449162209731 0.107133617405346 -0.0149865168217973
0.0645220553950853 0.0176835755233081 0.0867026575764744 -0.0143087361242679
0.0712933709492928 -0.00430543532799324 0.0845234536256049 -0.00197106929826475
0.0748756264846467 -0.00507111621127209 0.089824737889814 0.027977365512105
0.0731656546795527 0.0263809211622845 0.0679962784159723 0.0780326736884091
0.0455566611323515 0.0677497172863219 0.0115156262832473 0.125613571575299
-0.0256300107081179 0.101672450374451 -0.077083874155527 0.0890138888623621
-0.0868474312254833 0.0385030205560152 -0.106799106716834 0.00426885375976241
-0.0809441289954707 -0.0582892128227012 -0.0167840931144357 -0.0320703195001222
-0.0294364303452129 -0.0863099648439885 0.0801710425624648 0.122052196751782
-0.0422718830832061 0.05733114521666 -0.135591554680275 -0.141660928518486
0.030613472641765 0.0576165029957751 -0.0350593577477151 0.0568465535603736
0.070849896348067 -0.00357413295970787 0.128320369223267 0.00415382698468891
0.0258785041132128 -0.0589509025990927 0.113952855612234 -0.122199483748694
-0.0221020789303852 -0.0403597547845899 -0.0126601702160242 -0.179147200217588
-0.0265482276609499 -0.0125439550576931 -0.115682489136476 -0.109204080462778
-0.0344165664107575 -0.00550122647016881 -0.134372674369788 -0.0272837402201276
-0.0335930843552128 -0.00643872770299247 -0.117787313421307 0.0142871556795603
-0.0209559494699849 -0.0129243198325872 -0.116873318966759 0.0322524983247049
-0.00345661454248191 -0.0220710467054643 -0.136836371019539 0.0262955305115953
0.0138520688922199 -0.0262646565669653 -0.152621955292146 -0.0192241211997193
0.0481057973404083 -0.000913403869314746 -0.139865926670127 -0.100606743867497
0.0270808358702637 0.0484418229147294 -0.0955006839200395 -0.159161846825116
-0.0475729837971074 0.0574616835404762 -0.061962024078408 -0.166178079016746
-0.0775594856274281 0.0219751553599821 -0.177211285118797 -0.159739247668479
-0.117817926365383 0.0127294975345096 -0.100307658530958 -0.161295898995181
-0.0512087691649843 0.0553445226959937 -0.0275078673231676 0.0528786383090871
0.0183554799122564 0.0512967765667134 0.145358721805263 0.00568398873811281
0.0299247607793067 0.0136167252536531 0.134597907138813 -0.135135824124989
0.0141755973875969 -0.000707885964595424 -0.00591913098559119 -0.19514384214063
0.0178962981591423 0.00302372137533676 -0.119476138614392 -0.120745311968968
0.014335619231812 -0.0130066138069413 -0.136201838836705 -0.0317971416594473
0.0105356998780234 -0.0197975444603079 -0.115926890545774 0.0112566794820402
0.0247331358712139 -0.0161857731941799 -0.111437393330767 0.0334580409145156
0.0379290861518404 0.00433678787347598 -0.130907825823514 0.0329201595252576
0.0328294477692521 0.0200834984888418 -0.147024483309774 -0.00411356084470158
0.0278608776031507 0.0612674131132726 -0.14195110585668 -0.0804731764858284
-0.0334213451121013 0.0787358283873187 -0.105077324518876 -0.139231063652914
-0.120159654384871 0.0305243677853799 -0.0691912683418803 -0.129649859895608
-0.153418847141702 -0.0365345557833355 -0.159762446509027 -0.121196233696967
-0.175340463450729 -0.0440568791729763 -0.0448436152490377 -0.151648482235495
-0.137526497099546 0.0301531970589575 -0.00914248483424459 0.063055941883822
-0.0555210755908578 0.0980331934645432 0.166766881979127 0.0233808581225436
0.0174568194745868 0.0973297213880595 0.165087968149942 -0.132929938918231
0.0485406066440337 0.0532334679312382 0.0181994318671365 -0.199563290981522
0.0636270708200499 0.0270138727156176 -0.101936676696722 -0.12834399242877
0.0649505113919798 -0.0144584450354675 -0.120102117625907 -0.0379404979738116
0.0539010840348991 -0.0311169836344378 -0.0977976625291528 0.00698210335724603
0.0649717463554558 -0.0240409923340786 -0.0899659620849135 0.0349596860157051
0.0755172418548385 0.019208830483306 -0.108566821399052 0.0461786076817154
0.0582940128278373 0.0529006924694646 -0.131834173704503 0.0268338147425383
0.0288028046920492 0.116032547817376 -0.146355097071901 -0.0430331159834554
-0.0687307003116569 0.119595175760769 -0.122675930390057 -0.109585329823963
-0.173906663047788 0.0274450528986436 -0.0719401530718271 -0.0956626122292487
-0.2123253455822 -0.0726231009430605 -0.120526382477626 -0.0694110827233093
-0.202420706064778 -0.099548128468145 0.023763223364803 -0.108493977816218
-0.206501307340163 -0.0146736280614683 0.0181065694219056 0.0868872153837234
-0.135722196174818 0.11853171849315 0.181532426400502 0.0563446869119537
-0.0169800843919732 0.170706114837608 0.193463953183106 -0.105516650270505
0.0679776131572811 0.109944765005648 0.0528883001089729 -0.180482494976166
0.0988553155815858 0.0558873336703064 -0.0641743199189459 -0.12523162067737
0.10588416500658 -0.00817592889316458 -0.0847550239742255 -0.0410761775443927
0.0905378672123732 -0.0375326187716801 -0.0655041239992203 0.000633272719880987
0.0959177016047583 -0.0321081976518454 -0.0555464194466744 0.0333527455283195
0.104777928963064 0.0237727915501385 -0.0736181595702947 0.0560486372719322
0.0831330852978739 0.0715490344321105 -0.102940078299437 0.0579565001339112
0.0396634519350083 0.153307608680917 -0.138189417109319 0.000562296013166703
-0.0836374767921158 0.153039251656341 -0.135016213376123 -0.0747497968735764
-0.200708837574866 0.0337255099118722 -0.0656943240274546 -0.0718615937664358
-0.241474183350371 -0.0914914594180161 -0.0659515496459434 -0.0180896091268145
-0.193023938985657 -0.13742161408849 0.0925851193907695 -0.0379510112727014
-0.23280917620211 -0.0666765962457935 0.0493749560275778 0.12006411281014
-0.193995638503364 0.102433626856121 0.180657483633189 0.0974258742236807
-0.0620942877444201 0.205491702239285 0.206166071814232 -0.0557757788086349
0.0663218901120514 0.150564185639366 0.0877797885014076 -0.136818547886599
0.114118187631066 0.0793521983287862 -0.0118682129806844 -0.106694453616123
0.129713661041566 0.000856691475815601 -0.0374587890955772 -0.039586557694864
0.112685696467142 -0.0374940423048805 -0.0251570956792836 -0.00415613539768844
0.114048255673396 -0.0364696787972103 -0.0150022470833659 0.0286715134338305
0.120032481377471 0.0235551244076502 -0.0316168726535104 0.0613071766087811
0.0960603945531915 0.0800567779772672 -0.0651951388237965 0.0825322980196219
0.0408993810108976 0.169939927360535 -0.118621174486163 0.0372697504645385
-0.0899655127604061 0.159650202999793 -0.135270196799621 -0.0421204787033577
-0.201563875742792 0.0276002419652921 -0.0532082012233292 -0.0569643417900639
-0.233023667084155 -0.101934291640554 -0.00608672554765128 0.0260180371435995
-0.149232862179949 -0.143639492857827 0.148530911822398 0.0448514381724645
-0.204368567651431 -0.106503593663683 0.0737309439573202 0.155605509958295
-0.203998423120351 0.0574037301123356 0.15959973657893 0.137173565831843
-0.0962139720595805 0.189611832751236 0.195707643163156 0.00527334641587032
0.046304894157901 0.158441331067982 0.113921136705447 -0.0770589362582282
0.104758737582252 0.0891671464205456 0.0414167501795511 -0.0748885556073608
0.129859717489435 0.00996286839746873 0.0139986491905172 -0.0341846561743511
0.117726549433964 -0.0305285944853125 0.0194838309783514 -0.00801636385162518
0.117166414165633 -0.0323499590803238 0.0270411470363985 0.0253826171816773
0.119162254966885 0.0265896449505879 0.00808414570672135 0.0644166068653902
0.0857144025745707 0.0895265779586702 -0.0317996630720375 0.0980771109169754
0.0141185094263003 0.167790017807094 -0.100369306189848 0.0573897114076913
-0.102740536304525 0.132808703608743 -0.125145578474309 -0.0252306521561464
-0.179890823461836 -0.0133355358274644 -0.0346388215297404 -0.0510559454822809
-0.178412179755366 -0.125150220976913 0.0382891159606458 0.066894466014349
-0.0714717341756593 -0.121698199109004 0.172331478655407 0.132818697243414
-0.125234296645986 -0.122352574900306 0.073261015201491 0.185385844402374
-0.164443809791648 -0.000191766824162854 0.114387267677068 0.170219116856445
-0.110071423839652 0.13078017228833 0.163301501435067 0.0677236456418651
0.0128406272057285 0.132441016268883 0.127151810492718 -0.0120001147279184
0.0733144462687368 0.0834028048363023 0.0876667052756515 -0.0358256606883375
0.106299899670295 0.0211091503835296 0.0609564451409184 -0.0233305013368314
0.104984392497399 -0.0205415609964458 0.0605439882499049 -0.00635905667363024
0.106736358291244 -0.0170197192860297 0.0653388867326368 0.0263537297821269
0.104730130066205 0.0301833584585497 0.0443532563418459 0.071547006924791
0.0728543591671905 0.0841599783186274 -0.00372644896150071 0.115262611326699
-0.00474920370985353 0.146862773267479 -0.0848315653039074 0.0796008069944272
-0.104876466732202 0.0914206869794297 -0.117922726542452 -0.00581065142931903
-0.141728702074693 -0.0361703893249705 -0.0250183505794048 -0.0417679916186871
-0.11464938617328 -0.112465434330658 0.0745260013612188 0.101239761047708
0.00273795373704071 -0.0648133849923907 0.181091087616154 0.18054688641265
-0.0426489042164749 -0.0913062005669761 0.0778810128478844 0.191291396830682
-0.0922847372289443 -0.0246380852533098 0.0836811612391146 0.176739584488195
-0.0803958465084438 0.0691475144983162 0.136082524838152 0.0971565536697506
-0.00013298589846431 0.0827957851600575 0.131776133790207 0.0245217829477787
0.0410004109239848 0.05420903600617 0.115186976701042 -0.017481289066948
0.0688889432819391 0.0177090729580959 0.0934814802627572 -0.0163250030490746
0.0756137001861892 -0.00642801154462916 0.0913964322015367 -0.00463883214613587
0.0797009366893091 -0.0064318690022903 0.0969777203164365 0.0285670319705321
0.078514833376182 0.026325072656638 0.0733104923085567 0.0838920336824954
0.0499352447649882 0.0721166697826946 0.0134582610072132 0.134894852000572
-0.0251126056736593 0.109412587766514 -0.0824072206286553 0.0976146985082039
-0.0928433408076508 0.0414654173198339 -0.115947063674935 0.0070506083398129
-0.087568786799747 -0.0616264131047783 -0.0194725525944488 -0.0348078593474081
-0.0324585361517135 -0.0914837413978352 0.0890086131070477 0.128510441554734
-0.0572977832964657 0.0515463024573239 -0.119460969640869 -0.167958576481167
0.0220906588026439 0.065745191129516 -0.0453576628371952 0.0583786217277899
0.0738563841300884 0.00716445190382806 0.138569176780493 0.0266257552621782
0.0345401875810931 -0.0580169380942709 0.144804240342761 -0.112284143011246
-0.0188973285689275 -0.0460587994506241 0.015828828414471 -0.194370222822225
-0.0274427315470108 -0.0187314109507435 -0.103694969351646 -0.135581394614037
-0.035439744149902 -0.0108876349721991 -0.137892444135123 -0.0526006524798871
-0.0346934199375723 -0.0118385352021783 -0.126839434898764 -0.00587871977315761
-0.0191043659377296 -0.0169447303466237 -0.129328302527768 0.0144401820235264
-0.000116844368911377 -0.023280211374436 -0.148474395643342 0.0064484292915587
0.0182574529486011 -0.024943029758325 -0.157810924233605 -0.0443315460715275
0.0498552612351338 0.00572179486028498 -0.132117955333218 -0.129494721040554
0.0174090012547912 0.0543879302609106 -0.0719496156937077 -0.184718766300843
-0.06265392086447 0.0494319669534239 -0.0302906238158271 -0.188247879717145
-0.0905619371749245 0.00599915389924501 -0.150785557310056 -0.202208198950838
-0.126693536166245 -0.00989960425085271 -0.082099992084506 -0.183595439218403
-0.061367762080206 0.0486867074375437 -0.0403220901793971 0.0540154925655704
0.0100264662083795 0.0539001353785857 0.152616589370504 0.0354103919684503
0.0271228172322397 0.0168099394042409 0.168063627658085 -0.117884177380332
0.0111431238056708 0.00201666380329997 0.0286474275791305 -0.207145528116699
0.0167782074162316 0.00667737791115465 -0.103624687248997 -0.147990213406739
0.0167336903135636 -0.0107356731868231 -0.138418458523156 -0.0573768486614683
0.0138436381222725 -0.0175046525874237 -0.123877213869853 -0.00864274690335971
0.0288619708075437 -0.0113277705080583 -0.124319771267672 0.0181191948262934
0.0376166462254837 0.011554829737874 -0.144369536675359 0.0149272506414266
0.0274767435306027 0.0279609281090123 -0.154803105822028 -0.0296629582181373
0.016595295305188 0.0668802112498442 -0.137972118491603 -0.111908884024382
-0.0519207472519349 0.073676397577443 -0.0847016669683599 -0.166600817257148
-0.133832902789088 0.00607707646803242 -0.041543698463101 -0.149884887071237
-0.160341112587662 -0.0721995631798372 -0.136419055642188 -0.153849733451128
-0.173767186722301 -0.0798309045454518 -0.0287321798060624 -0.167422565076667
-0.145504379115236 0.00693494319590342 -0.0259604918156741 0.0664920345582305
-0.0730002442763571 0.0875851943789101 0.166927312074096 0.0597742889988905
0.000330224385933728 0.0986569631941828 0.196966679914389 -0.105069028127612
0.0359544148763667 0.0628614402157568 0.0562083438516743 -0.205114426799421
0.0596838842856915 0.0395577222274328 -0.0834279726128416 -0.152649316162564
0.0682870731324438 -0.00260321117017422 -0.117934738570469 -0.0588862917237624
0.0608085315027713 -0.0203108329886224 -0.104213041289374 -0.0101220990365205
0.0719122772799039 -0.0119226845875629 -0.10227304390046 0.0226575231064431
0.0746305716635261 0.0345644263754506 -0.124119200448364 0.032661243031886
0.048561188760808 0.0685859809456289 -0.145276965680611 0.00380343858498774
0.00828931743382624 0.12550126701272 -0.15032926947308 -0.0764591085401325
-0.0984364348181264 0.108472283882874 -0.108235204651549 -0.138634520070158
-0.189842258764484 -0.00814850633472118 -0.0479803415150106 -0.114851133902585
-0.215155689527001 -0.123485454584488 -0.103995780292346 -0.0886679861872694
-0.190146781711356 -0.142491921204549 0.0338537494831748 -0.113415841853215
-0.207910474345882 -0.0519505048927113 -0.00433888002856886 0.0953361640299549
-0.159027962379163 0.0936614892683088 0.171901629709785 0.0976498292655998
-0.0465319215665453 0.167651472083185 0.217985784084608 -0.0678057439102401
0.0467965578208882 0.12465927804453 0.0917496653580511 -0.176619306648055
0.0919748099147992 0.0767387599800342 -0.0434321034128939 -0.141131539200486
0.109928921553497 0.0103337952457322 -0.078804253074211 -0.0563417703467836
0.0999041162302128 -0.0192291598808354 -0.0690286556330316 -0.0107054635610403
0.105384779482012 -0.0149992887917861 -0.0656369499621436 0.0278107898958077
0.104656357041685 0.0445759850750682 -0.0901902133657887 0.0492604517459214
0.0703838815176744 0.0940239073142459 -0.120490569845657 0.0420805214144475
0.0124525226289166 0.168058369392435 -0.150454866997347 -0.0317143752874528
-0.120778022709815 0.140389248433887 -0.127205197314063 -0.104398098742476
-0.220408762682346 -0.00644993561628991 -0.045349533347804 -0.0879942198405781
-0.242203626709853 -0.148578937150242 -0.0547519928290957 -0.0231014803441387
-0.170533566682335 -0.178818916203802 0.0933390340707767 -0.030291045219365
-0.224821240813767 -0.110871774254684 0.0222377373867025 0.133159453969846
-0.213557418602268 0.0663234759752145 0.159413800307004 0.139828382787779
-0.096522209160291 0.196051455319418 0.217595495578273 -0.0115608348859621
0.038438981623353 0.165322824551735 0.122358628935531 -0.122007911963537
0.103056183159689 0.103358764662905 0.00925156285242372 -0.111826409875666
0.133023705610937 0.0235876660797729 -0.0287404450145301 -0.0459566435403123
0.123708899899929 -0.0159290569077079 -0.0245612306714677 -0.00948887962275603
0.123884043655375 -0.0159345330590447 -0.0212911251991969 0.0297635937755367
0.120845754255809 0.0480226155031516 -0.0465983325249947 0.0623395902029921
0.0828606285183571 0.105053300301705 -0.0854464307678081 0.0731040317523888
0.0115589666268169 0.186033410321242 -0.137147417556356 0.0108357922606284
-0.128699557654807 0.146558611745585 -0.133244364394729 -0.0699643419901803
-0.219409722762293 -0.0136552702707667 -0.0356329142758149 -0.0702721200847402
-0.230354129219085 -0.157927625274513 -0.00155386460641776 0.0343050192792574
-0.122019722006191 -0.177494512504075 0.139052678610583 0.0653309849351302
-0.187288641233522 -0.146582738924862 0.0418687960792957 0.173384350041257
-0.216084631552851 0.0183788501070107 0.130221472859208 0.174456308582755
-0.12766021576585 0.174474711059093 0.194360872710247 0.0484841751520662
0.0180094341354042 0.169091346407498 0.138518398879226 -0.0529566089932707
0.0927501971295049 0.111108986411087 0.0600473223081546 -0.0687663266004398
0.131172354917847 0.0337266465840911 0.024247976113216 -0.0305892557943606
0.128182061072039 -0.00826646179009829 0.0227219247277334 -0.00601322592074595
0.127925512538354 -0.0108022511072798 0.0229465386784039 0.0326214156322137
0.120423629552278 0.0502489367450887 -0.00464246784836152 0.0722951802424786
0.0706522050059033 0.112758621979921 -0.0524920720621985 0.0934510752979786
-0.0170286026938594 0.17977295010515 -0.120175856744272 0.0337219393115094
-0.137427668554972 0.116020569846898 -0.125500617288009 -0.0496337510664023
-0.187315170340549 -0.0524324426792051 -0.0188563254695885 -0.0585163936592612
-0.165182205787236 -0.170143128374712 0.0354990210115965 0.0860129507844494
-0.0440172461963838 -0.13928644681887 0.152083178380501 0.16311937159006
-0.103159020019503 -0.14841299837913 0.0396418246229191 0.203846177886139
-0.164127188540889 -0.0322304977387056 0.0790390497308181 0.197612474092061
-0.13113314663677 0.113020235279635 0.149545148843283 0.106133357888149
-0.00991061451290676 0.137118285319264 0.138471117086449 0.0165363265357162
0.0616648397978324 0.0991032706499549 0.100920197923331 -0.0207209152600179
0.105539976456427 0.0402029967060695 0.0714794448588074 -0.0110720996032747
0.113053132844355 -0.0015396077159946 0.065535830231376 0.00220420742734543
0.113677411028665 0.00227438808537335 0.0635699172187046 0.0399226272634735
0.103633167574411 0.05116171271277 0.0318781294948273 0.0858426783014605
0.0578764935583933 0.104824436196003 -0.0247158002475957 0.117641148492963
-0.0333014917850375 0.154376312504224 -0.106801453909435 0.0605218314775615
-0.130662524968957 0.0709062958037464 -0.121530802928845 -0.0269668109686766
-0.142194382368669 -0.0683467439344164 -0.0131359400081671 -0.0458095970734494
-0.0982392452568857 -0.143664304598382 0.0643117840196511 0.126843524987276
0.0216082215729922 -0.0654961474808841 0.155429157378393 0.217039377657385
-0.0234542649389611 -0.10082017623795 0.0465634857499138 0.211480257824411
-0.0866025668495787 -0.043169175831236 0.0503227186138929 0.197717081238156
-0.0904541598418401 0.0556942563275828 0.119043397729492 0.129649220074932
-0.0138995690198637 0.0830201181648939 0.134415370787308 0.0536517150437446
0.033675839162066 0.0636777217307589 0.126335848412728 0.00219153227297013
0.0676843110357719 0.0298428895051154 0.104144309142325 -7.04231460504566E-05
0.0796422703392142 0.0075629016497482 0.0982920395132473 0.0102712635448327
0.0838528183284152 0.00790140489171121 0.0970661942301451 0.047713981828778
0.077584595054004 0.0427729607540737 0.0611325161220354 0.102885430027117
0.0373091383694051 0.0877526206435848 -0.0101503381405772 0.141164699431953
-0.0480766717205394 0.112215463092326 -0.10521452806136 0.0818367760216916
-0.107359459943552 0.021581785467052 -0.122394669785672 -0.0122247865194914
-0.079236382321542 -0.0835577506078519 -0.0109377644052853 -0.037317617437389
-0.0139038870194524 -0.10368113127817 0.0710249084177202 0.156080719975384
-0.0533386107444126 0.0560757843963479 -0.136076367454903 -0.160627557768558
0.02718003213523 0.0656075230959543 -0.0424157609649145 0.0645291510625924
0.0748722699532524 0.000991396027582534 0.144338322140835 0.0180976107081499
0.030867417374156 -0.0617677804754124 0.139419284059988 -0.124947014295278
-0.0229512852219065 -0.0455049197082673 0.00257176531108372 -0.199616847492663
-0.0290092550107811 -0.0163969159871755 -0.114936803628357 -0.131055158637519
-0.0361492144724072 -0.00826069514063181 -0.142785059688098 -0.0426618646395536
-0.0363297211091863 -0.00841226576861465 -0.129391588881109 0.00385557070264426
-0.0206325631466855 -0.0155449585529243 -0.130517688548195 0.0242163011443811
-0.00206276732855001 -0.0231081011510257 -0.150340515854419 0.0174529063811366
0.0163609271927292 -0.0262952339095323 -0.16435469966393 -0.0339800203019867
0.0512302170197194 0.0013594874062611 -0.144399410870887 -0.123390977873859
0.0214521570163784 0.0544635447000005 -0.0850856491494069 -0.183993259090316
-0.0610169884210398 0.0565365963011926 -0.0416667569465252 -0.192986550544034
-0.091317662854847 0.0132087812764056 -0.168418834439271 -0.196622094803483
-0.127893670441553 -0.000860919682455835 -0.0999928229417873 -0.18063521343955
-0.0587883521575155 0.0545277818435787 -0.0378662910901263 0.0603211337697611
0.0144321974811179 0.0539819045925777 0.158840847627184 0.0259439940857367
0.0293431149717378 0.0143114747227316 0.16236171514237 -0.132518269570358
0.0114645841090682 0.000712321806142633 0.0148127760308306 -0.21412924487147
0.0171701580132999 0.00493495345212879 -0.115817284942179 -0.143108386847649
0.0156621161165793 -0.0117918028147586 -0.143872195055533 -0.047757758247375
0.011694800247173 -0.0178044410850071 -0.126850789077563 0.000299915550639201
0.0287331969229343 -0.014098953134969 -0.126220512210511 0.0270659543274509
0.0392097199013897 0.00990700571807589 -0.145629261501277 0.0257030190353233
0.0300834333445803 0.026861559608366 -0.160943216997441 -0.0189889747419125
0.0224044611284621 0.0666155409628175 -0.148886433693674 -0.105034572173822
-0.0477757554458354 0.078948162514093 -0.0977258410621245 -0.164431172957558
-0.136745646018589 0.0170514772955734 -0.0500665434834105 -0.152725230403225
-0.167826276380126 -0.0607152995150399 -0.150438312930962 -0.147669487869683
-0.181034141963516 -0.0683594570799545 -0.0442271283634526 -0.167926707170436
-0.147596184010523 0.0185127419997659 -0.0222125762792732 0.072299058317643
-0.0674395767720931 0.0939479376047999 0.174442600242036 0.0494379558862946
0.00860886130128883 0.100676258461499 0.192457688903589 -0.121837810553382
0.0420311437992428 0.0613513541676184 0.0424451513009886 -0.213918592146844
0.0641593691839415 0.0352583994779776 -0.0953703202380637 -0.148724875180735
0.0690266781661078 -0.00767174217804553 -0.123625416667515 -0.0520437229857974
0.059524346991792 -0.0245850710463696 -0.107035262759221 -0.00299972728795152
0.0717151178583016 -0.0172722828897655 -0.102337127762239 0.030762635856495
0.0791845060391585 0.0301943756477815 -0.123686572154631 0.0423886378559327
0.053722972414745 0.0663296090435163 -0.147659756674031 0.0144989474037498
0.0180218221270683 0.12666386910348 -0.15905983886233 -0.0669483650336543
-0.0921192319201538 0.117364137752488 -0.120548480441053 -0.134164069919209
-0.195470818587532 0.00583581826688919 -0.0550471405030029 -0.115832337134444
-0.226995037616578 -0.108583691569658 -0.111566820330459 -0.0848809689476025
-0.202169250402247 -0.130873761227189 0.0245342646453949 -0.117495439344292
-0.216150683196014 -0.0373777151999682 0.00147645488438045 0.0987531367032622
-0.15336527622986 0.106550515831864 0.181678652709124 0.0878996581902146
-0.0325234767261973 0.174216551723389 0.21680798826789 -0.0846568444910372
0.0583062427084049 0.123557910503922 0.0807608375006762 -0.187932447257356
0.0995725921057892 0.0698365737405828 -0.0535286584532897 -0.141019435113309
0.112499944677615 0.0022399522586301 -0.0847239455402694 -0.0517385166308105
0.0981817175583785 -0.0273240598771937 -0.0713411709055052 -0.0063457883895379
0.104882720461891 -0.022777414024865 -0.064875836307396 0.0324285218033684
0.109586340094094 0.0380639609701472 -0.0875504714604443 0.0577911893234601
0.0786178687387964 0.0898026173526338 -0.119446753329858 0.0511865562804778
0.025677133304226 0.169799381176888 -0.155889872826213 -0.020832236284909
-0.111625171151995 0.151397921484311 -0.138309366369969 -0.0958318219686145
-0.224985459791727 0.00846954038485697 -0.0514277163878595 -0.0881040286774793
-0.25635049464448 -0.132408141142897 -0.0566413798813488 -0.0216433098715537
-0.185810463151005 -0.170042973049931 0.091458466472349 -0.0361543838599191
-0.237427317956423 -0.0963793730279841 0.0299660552592381 0.135460580350371
-0.211812864718235 0.0834650839137165 0.171581953475842 0.132366597069225
-0.0823395942137458 0.206729371166338 0.220775680530624 -0.0270370555048109
0.0527261268135882 0.165447830437599 0.115635636179211 -0.13380283288098
0.11424959086399 0.0971525703363804 0.00172558053619243 -0.113736689372723
0.137138477850746 0.0140510261774938 -0.0323117941736955 -0.0453884007605819
0.12280432775781 -0.0261685924839242 -0.0259690216217861 -0.00847504586630941
0.124016043630445 -0.0252057671411993 -0.0198059285511038 0.0312088967712735
0.125896597801414 0.03871596285336 -0.0424308152058185 0.0677347939561596
0.0918780325477884 0.100739684148828 -0.0818773581786173 0.0813700063288407
0.0270901164469844 0.188819535586504 -0.139369065906314 0.0213803347673473
-0.119761004293509 0.158014342673915 -0.142400443275452 -0.059662372730092
-0.224462280344164 0.00228004433095435 -0.0405964485786857 -0.0704357198777932
-0.24520100934815 -0.142814318117865 0.00263775891231566 0.0330783576549109
-0.13623662120948 -0.172293452166149 0.146029461690507 0.0576327506583385
-0.202386802126909 -0.135190933750085 0.0538185818401669 0.175084438359502
-0.217536610860713 0.0347168761867249 0.144450969855144 0.169640794988711
-0.114976683096279 0.187477076187445 0.200889276136942 0.0366778159208871
0.0314922797497982 0.17126841535314 0.13786121074517 -0.0643445172720392
0.104251474137467 0.106237374363818 0.0571171983198535 -0.0751993641743783
0.136545195164861 0.0241641579152791 0.0224366192390695 -0.0344898430382653
0.128358680370764 -0.0192993468962833 0.0221985237303411 -0.0086526459131538
0.12857579013655 -0.0208797639784726 0.0260086585703742 0.0302393913778619
0.125898974161881 0.0418409511730847 -6.81383742631082E-05 0.0749187910557085
0.0808061424796061 0.109964645742521 -0.0474594455547823 0.100354550613924
-0.00255073390083692 0.184530808887226 -0.120288992699008 0.0446281399315687
-0.129723573670314 0.126581525416624 -0.132983374142237 -0.0397472472321569
-0.194636190933795 -0.0395271862512179 -0.0232077192652153 -0.0596156166390861
-0.180698285576628 -0.159894719643165 0.044918780888897 0.0833269599654562
-0.0543822990348034 -0.137799764680152 0.166404129142427 0.155449606335197
-0.115856539851227 -0.143317592975115 0.0531182780589944 0.205602868168389
-0.168128985959985 -0.0207371442595875 0.0933779209827219 0.197489040255496
-0.122860086856858 0.125280174348061 0.159248459051404 0.097802644697451
0.00095980751541238 0.140137397291303 0.143062112000094 0.00735422530618436
0.0714831953127384 0.0965047144394549 0.102958789690242 -0.0286004294142966
0.110871873609142 0.0325835431840297 0.0726429211126114 -0.0174995402566732
0.113344365266822 -0.0105364910745566 0.0669088572564642 -0.00301009098528037
0.115204985294132 -0.00634595502467491 0.06796641531638 0.036046797729043
0.109358406616817 0.044034074356107 0.039280906276228 0.0863360492469359
0.0671591107849334 0.102519295072224 -0.0179142934605396 0.121955775276125
-0.0208651393300233 0.159726135821759 -0.104558753115407 0.0711223500950833
-0.126996425601401 0.0814636602716919 -0.127866053885071 -0.0166069810793416
-0.15051733056027 -0.0594908350641876 -0.0168400928286409 -0.0463366587263397
-0.10988702136538 -0.13769719324949 0.0764798449943443 0.122849067228497
0.0183774631482776 -0.0679450410924579 0.174380629296252 0.210618646123246
-0.0309233082596026 -0.100835529501756 0.0603936331776513 0.212788804288979
-0.0901842777186206 -0.0380319390689896 0.0646102197089904 0.20002912604512
-0.0857444834135783 0.0643895424756265 0.129992121670881 0.124569869831721
-0.00801809661188075 0.0857769588201115 0.142038891272876 0.0444197833069685
0.0392700018370737 0.062047293306324 0.129804238714656 -0.00756823275570614
0.0712476629786536 0.0252662888376528 0.106640116887344 -0.00792484843789655
0.0814953582768673 0.000133533034158505 0.100401395401747 0.00205793179984525
0.0859576907780861 0.00115296168672565 0.101963593831709 0.0412982108433347
0.0814933788371908 0.03646958472029 0.0700263581367609 0.101821725920478
0.0445678424054858 0.0862788868120093 -0.000322782934595476 0.14563215506013
-0.0395549937186306 0.117645940423765 -0.101585223571207 0.0923100978223936
-0.107475180401469 0.0291621581288759 -0.126827556622368 -0.00250678801807189
-0.0872436102039762 -0.0795005201718851 -0.014023041220308 -0.0381639129336691
-0.0212402974452307 -0.102606250364374 0.0849127194926521 0.151184735472957
-0.0484584300555672 0.0577172590995682 -0.143917733952973 -0.148653374906471
0.0309327635130686 0.0636069763669177 -0.0379621681509967 0.0682647450765591
0.073575311714713 -0.00307766405083958 0.144427327542234 0.0117622734394506
0.0266267958336483 -0.0628672659273903 0.131632821847719 -0.129271540774234
-0.0244609850852809 -0.0431055818999513 -0.00685368845179588 -0.196873809171919
-0.029090657889726 -0.0148439017937658 -0.118776480710984 -0.123626011327229
-0.0354224633015253 -0.00606158395983976 -0.142200025219095 -0.0339463342100564
-0.0361107401407879 -0.00506632526759886 -0.127008586866619 0.010773971401821
-0.020217730061329 -0.0142756155766457 -0.128264197584144 0.0317792146885102
-0.00263437227797425 -0.0223313145481778 -0.146977213456074 0.0250156133074032
0.0141964417122328 -0.0262574780427993 -0.163921139774592 -0.0248436493899351
0.050148704712303 -0.00151221215069681 -0.149111620213428 -0.114943191457206
0.0228987072106979 0.0530048745123699 -0.0914172583575656 -0.177703484639571
-0.0573629602289833 0.0601028481229913 -0.0491556835081894 -0.190173572856018
-0.0878088786516117 0.0180923965936087 -0.175441875415194 -0.185672271649865
-0.124577963227723 0.00586305024762301 -0.109504150018019 -0.170432494419194
-0.0552353836222055 0.0567872889767451 -0.0345255863846883 0.0634707084211129
0.0172652478652499 0.0517047014545243 0.158633251672499 0.0181130773558524
0.0298808384831751 0.0120979516944583 0.153440484491787 -0.138171568459897
0.0113158359163401 0.00041877513611055 0.00407813501416104 -0.212209159570157
0.0171097063524551 0.00279296664459735 -0.12061530029391 -0.135173244802489
0.0148840478640662 -0.0119117550828118 -0.142831584497165 -0.0396188344692792
0.0103526902101514 -0.0175738446565887 -0.125594653351434 0.00731773280956913
0.027698770485544 -0.0151764594200973 -0.122593658900888 0.0334720481109625
0.0396126523700503 0.00770297237775368 -0.141295108226485 0.0328113041482056
0.0303841112034105 0.0249632307578712 -0.1596122295448 -0.0104727845561223
0.0254456580416159 0.0634287065563488 -0.152821384089863 -0.0958969754242017
-0.0428736471965321 0.0802577644772101 -0.102794916759819 -0.157015948592478
-0.134696174731491 0.0246790784514267 -0.0552358314985466 -0.149070789651033
-0.166794088926916 -0.0505369212798675 -0.154501306438352 -0.139445823452245
-0.1808342240863 -0.0575627852062664 -0.0538239213355327 -0.161622309488697
-0.145097026010647 0.0264468758960126 -0.0199868310127979 0.0747890355075087
-0.0610744387914992 0.0962081123156657 0.174470322778133 0.0414486038823599
0.014761148502845 0.0986072936043621 0.182959788634431 -0.128906096874283
0.045217818746311 0.0579200463840216 0.0309428633801785 -0.213460526017984
0.065135983353657 0.0303681010969307 -0.100085498941642 -0.141712245104093
0.0674346351406125 -0.011912995052798 -0.124414516859536 -0.044855010303915
0.0558254463825819 -0.0265401647711795 -0.105192476813515 0.00265926954139704
0.0694082532091219 -0.0208157591484575 -0.0986291165701694 0.0350749112177941
0.07894666255349 0.0253233829296579 -0.119274461414956 0.0485035513059749
0.0559808221790657 0.0622854588447354 -0.145596577505938 0.0218615935068066
0.0248639772372963 0.122773186749536 -0.160120687043819 -0.0577660707751461
-0.083166553776684 0.120369699086844 -0.125835032328058 -0.12505949798763
-0.192474554887687 0.0163597511878955 -0.0579120416068223 -0.113432185686926
-0.226926707601578 -0.0937599571818981 -0.113547601049393 -0.0800755482494319
-0.204130440260481 -0.118056168707598 0.0158649435210894 -0.114718455794638
-0.214870089769403 -0.0245127672733314 0.0047646180989503 0.0986166720074472
-0.144637490571201 0.112071878008137 0.183005872414515 0.0794094323015071
-0.0206354098345356 0.172720442622418 0.208692914575349 -0.0934424524042283
0.064272445744889 0.117473347660946 0.0700611291180386 -0.188939793186154
0.101737150723337 0.0621981085090349 -0.0585664507301811 -0.136051087861089
0.110538893685737 -0.00428527063297249 -0.0862334343275932 -0.046939701871803
0.0934508879449339 -0.0322585693469397 -0.0709058125966538 -0.00259222122113187
0.101502691633662 -0.0277387489494651 -0.0633077651735725 0.0344483467794077
0.109349830081318 0.0314351347464052 -0.0824530273347823 0.0623478235419331
0.0813245259967914 0.0841569416504311 -0.115827815060035 0.0565968251957394
0.035822689656375 0.164726571204221 -0.155204963180763 -0.0117341023487033
-0.101090346487579 0.153157348793206 -0.141545213073834 -0.0871716794040451
-0.221082121724525 0.0198585514050576 -0.053925705608932 -0.0856756650699182
-0.257062393874714 -0.11563547759298 -0.0558643770734916 -0.0209362489998022
-0.18973195986372 -0.157047278581781 0.0865719165463935 -0.0396774583652459
-0.238980167118434 -0.0821625492631409 0.0346310147898015 0.133852469122668
-0.203338231384041 0.0920542094022355 0.17523168815654 0.123422346323396
-0.0674834003273982 0.208169544559279 0.215767345592511 -0.0363076144567113
0.0620109655844509 0.159559443771064 0.107757684741431 -0.137666434355597
0.117613116330043 0.0882157787729021 -0.00346371944211286 -0.113169272044687
0.134739140869797 0.00591694996030771 -0.0342723611454231 -0.043373715259692
0.117840004302279 -0.032479343625018 -0.026827189193547 -0.00708241490235769
0.120486036483399 -0.0320839163339805 -0.0185364117456256 0.0314367872503181
0.125698190327866 0.0321922434338258 -0.0382544706377133 0.0700500277076336
0.0952636008014278 0.0943988466868915 -0.0764260238364361 0.0837728666830054
0.037781008568386 0.183406851933633 -0.135460514723189 0.0289081167957159
-0.109264707631913 0.160290485526202 -0.143994076392471 -0.0505443059549305
-0.221327173475022 0.0134015180323941 -0.0429272481286783 -0.0685509703357343
-0.246935424229737 -0.126764566393313 0.00526153287311526 0.0297642890987934
-0.140842824870398 -0.161769181172493 0.144368001393011 0.0498455715496686
-0.205576275015268 -0.122348606325372 0.0596701618525942 0.170869010567001
-0.211303661974114 0.0448604909323577 0.149344737384727 0.161005967879508
-0.101155966734742 0.191254412301386 0.199273327131514 0.027024183775555
0.0419666515253664 0.166682664504561 0.132633678092404 -0.0697988448368989
0.10841294606914 0.0982344902457534 0.0531278843283197 -0.0772370917861435
0.135048046007004 0.0166047335593006 0.0204965403093565 -0.0362216102779332
0.123324064260485 -0.0268720276369683 0.0211622372196795 -0.0102483275752165
0.12420900055417 -0.027391257967402 0.0267691054076757 0.0285840191879392
0.124835732576414 0.0341451257804923 0.00380299735370527 0.0748808590055092
0.0845756382155279 0.103576612165859 -0.0415533831734455 0.101737288038712
0.00896362652187431 0.18179165714445 -0.116212461437236 0.0501918466491723
-0.120222433504952 0.130477450615166 -0.134663720185547 -0.0306540113726475
-0.194030757421978 -0.0291822948448076 -0.0250016673736661 -0.058430223659245
-0.184179651336699 -0.146281489369185 0.0484111704395323 0.0776864852721378
-0.0595836895565359 -0.132838365446279 0.171252970832569 0.145566302842409
-0.121016564269244 -0.134897101542684 0.0604152686536092 0.201049240990863
-0.165587429734258 -0.0123892546951066 0.100608471367491 0.191227947898135
-0.112693228954773 0.130172427955253 0.160988611929578 0.089806443685202
0.00925560694630317 0.137397849792152 0.142688645712645 0.00124586247507808
0.0756120815351478 0.0906277743934772 0.100716267212598 -0.0339220957043791
0.110123819030142 0.0260755192868714 0.0710503983036256 -0.021364874109319
0.110133800448818 -0.0177776574106995 0.0649160454829959 -0.00704014504631562
0.112586639897731 -0.0135147849469665 0.0675509003387111 0.030553269557007
0.10915197619391 0.0370946419172278 0.0430980675702923 0.0838969952254123
0.072083677432518 0.0968711035597943 -0.0124764235406447 0.121237492663909
-0.0104527190950499 0.158776751993274 -0.0999170033045248 0.0758797211319788
-0.120915296128209 0.0853905394287927 -0.12815910339382 -0.00848198350750453
-0.151248379331151 -0.0507966471625427 -0.0188883472760022 -0.045473756019729
-0.113868949976436 -0.127678071511764 0.0827788377030959 0.114032325654797
0.0157398249298577 -0.0671689072813369 0.18183769749646 0.198225697961327
-0.0349689504009553 -0.0971806708775566 0.0681658436617965 0.207642078181815
-0.0908230280850127 -0.0329921052531132 0.0726480077146987 0.195786516385614
-0.0790902180555822 0.0680535484427763 0.133569901222946 0.117186288444126
-0.00308059750903491 0.0846061007486526 0.143712955699529 0.0377060806791652
0.0425091948706933 0.0591648596673832 0.127849805818934 -0.0155914879202742
0.0715140624323394 0.0212194115246149 0.104402306883375 -0.0142520282731097
0.0787262423048048 -0.00516522104226924 0.0986848691854217 -0.00414871733386684
0.0838294196237419 -0.00483241718097066 0.10245749915982 0.035204973367188
0.0817206042795176 0.031458138896833 0.0742213550054818 0.0968060035679399
0.0484800464634393 0.0825220788313747 0.00606808133598369 0.143438674696238
-0.0318029664235182 0.118229876450447 -0.0962602741038726 0.0967379804889557
-0.104180627172209 0.0332128713604247 -0.125771905097099 0.00547481963027483
-0.0898231809913694 -0.0735593356066926 -0.0160623355446557 -0.0374498288028891
-0.0250722527914593 -0.0991522415425043 0.0928644845903151 0.142073818329358
-0.0458303391603201 0.0568356471108335 -0.1441776047139 -0.14123130729532
0.0310107258116662 0.0621868189737314 -0.0359696974699751 0.0692250326701337
0.0711899969182618 -0.00420048373794623 0.14223264524174 0.00989939209397771
0.0251730875166177 -0.0623509785471201 0.128457390710916 -0.1281486615639
-0.0250395608459837 -0.0421734944153403 -0.00902786569136548 -0.193829071320914
-0.0290406893463079 -0.01423377458364 -0.117683104356869 -0.12032020856421
-0.0351530962873634 -0.00550183950279325 -0.138175634498595 -0.0308757568353109
-0.0344836551609738 -0.00388018797048696 -0.124568055585471 0.012395676353833
-0.0199144590845552 -0.0134922951699612 -0.125441159503932 0.0331169677132111
-0.00312346012287216 -0.0215418846859186 -0.143974959548365 0.0262025719252358
0.0132322949895812 -0.0258381350854977 -0.161537100950226 -0.022721160021013
0.0485364802796275 -0.00254577019871314 -0.147200672577158 -0.110365695615367
0.0231057017527347 0.0523495810528084 -0.0904090757944659 -0.174177474245225
-0.0560182243079617 0.0609365568334776 -0.0487784009525598 -0.187966810121152
-0.0850015892483384 0.0187888104483964 -0.173630906058093 -0.181010036609372
-0.12088674953461 0.00689593921112399 -0.111475026786087 -0.163705883060816
-0.0531515226805437 0.0569606954983548 -0.0332432001356907 0.0649733188554851
0.017516029239403 0.0498632652316189 0.156921031091223 0.0171178505120354
0.030427145663009 0.0112950794814212 0.148738816776701 -0.13703684751956
0.0118273856587289 -0.000234923140131033 0.000874703301358285 -0.208683132404395
0.0167395443098445 0.002663352315779 -0.119071341882485 -0.131321160523432
0.0147488063763858 -0.0121944293929468 -0.140689621811766 -0.0357249811618101
0.0096497836326361 -0.0162196266946781 -0.122873674426892 0.00926156151182409
0.0268986955567746 -0.0152069673439765 -0.120745179418489 0.0348709402508933
0.0390751098925575 0.00748133444933828 -0.138165953881071 0.0351139028353467
0.0299043959085632 0.02432215877343 -0.157512013295081 -0.00811285961355539
0.0261550943310245 0.0617111218365594 -0.151372438678691 -0.0921692754254624
-0.041005043487492 0.0785105940196692 -0.10216592342386 -0.152717771797824
-0.131898538701807 0.027021363767431 -0.0536332090494963 -0.148450317403349
-0.161949043923448 -0.0469375936678543 -0.15349823358985 -0.136046676695422
-0.176919859583372 -0.0543733474429569 -0.0565476890743704 -0.154884902771076
-0.141708544496715 0.0286988004543935 -0.019599184107431 0.0753104156857499
-0.0577699803826444 0.0941979510778976 0.172186786408436 0.0401003432864532
0.0174726907659537 0.0956964879767629 0.17836465078517 -0.128216995135292
0.0459735331677904 0.0555129846937553 0.0284428989137795 -0.210618587254241
0.0637198059442709 0.0284309287942814 -0.0993718799735833 -0.137485858140735
0.0657040959905141 -0.0126454320724564 -0.122331406785072 -0.0417548829109336
0.053395310719505 -0.0267010416601429 -0.103669632233624 0.00378263359062695
0.0675345719330839 -0.0209282306094811 -0.0976811065787285 0.0363416895012299
0.0782937668131702 0.0237080688625615 -0.116120487915038 0.0503861817857853
0.0553396614120671 0.0611342996327792 -0.142894220165549 0.0230754103419763
0.0263594883645655 0.119281987148238 -0.158097633396747 -0.0541351602269063
-0.0797980107715807 0.118265626156421 -0.124729073115853 -0.121847744995631
-0.188861482225484 0.0188335196530688 -0.0574751745282381 -0.112151834014378
-0.222877854884081 -0.0880958211354016 -0.111390085823574 -0.0782443050050913
-0.201019222622301 -0.113702019063559 0.0126280053065949 -0.111342918893396
-0.210458537379004 -0.0212350475573924 0.00403785215640041 0.0993169548628202
-0.138477867438126 0.111737723575454 0.180395282453696 0.0776387838642218
-0.0159646919781265 0.169301078501638 0.203231964506667 -0.0935845539865321
0.066024487820667 0.113534121344576 0.0669651164659339 -0.187446226332906
0.100392817131724 0.0591076488900341 -0.0585492638605234 -0.132148670487539
0.108593992573415 -0.00624995145475228 -0.084610279943807 -0.0449554903537107
0.089936208454938 -0.0331920110904537 -0.0701426684160088 -0.00182296813425319
0.0982406436419325 -0.0287675900542462 -0.0621682311116191 0.0345095362015933
0.107772829242966 0.0290422020698861 -0.0796983706373819 0.0631753310935528
0.0808022646171287 0.0814911909743428 -0.114525291336509 0.0574399183702881
0.0382690821110049 0.160041743310657 -0.152536617037578 -0.00910868922236159
-0.0960001783962299 0.150945295368646 -0.140419757011249 -0.0826027685962931
-0.216974387736819 0.022749977094566 -0.0526768071035627 -0.0856520447388089
-0.251883938241243 -0.109255071826451 -0.054508926465458 -0.0213627337576983
-0.187604159101157 -0.151959014952614 0.08346230798375 -0.0390928054606233
-0.235013475835496 -0.0762834533394373 0.0337719202562394 0.132108328575789
-0.195691622192116 0.0929421174203715 0.172788265378809 0.12066482816378
-0.0607996181371021 0.203653205023416 0.210584842936396 -0.0374128269174481
0.0639449394848985 0.154198968674967 0.10490608352508 -0.136533889258426
0.11665864368571 0.0837295566127585 -0.0042505183591364 -0.111217751111499
0.13240899469637 0.00285486891666159 -0.0342425332167004 -0.0421922291095835
0.11296417180447 -0.0335843708783185 -0.026686328358603 -0.00687724156532289
0.116358782729186 -0.0328632394225727 -0.0186420521739238 0.030528134632427
0.123504551449898 0.0288654965275734 -0.0357337760098949 0.0701537925334182
0.0946104726198075 0.0908534221056851 -0.0748690310054224 0.0842577724039914
0.0409688256895684 0.178859267553631 -0.133120155811731 0.0307592078598493
-0.1033342931508 0.157739764867455 -0.142442055002072 -0.0460355003323727
-0.217336293060621 0.016306336570914 -0.0421637676627867 -0.0677647995963333
-0.241532395577761 -0.118857694801739 0.0066312506324333 0.0277547417990061
-0.139596013405374 -0.157022031339898 0.142156811376916 0.048526814766842
-0.203075302094179 -0.116893650720482 0.0584182927333823 0.167607425915105
-0.204802692234361 0.0466108528253885 0.147886907499089 0.158397141758103
-0.0944231483976201 0.18821699229132 0.19488873903186 0.0256044792354639
0.0435237579138232 0.162233044178241 0.130339131849446 -0.0703429411388265
0.107216141440018 0.0938311161203819 0.0519637312477824 -0.0772153055455976
0.133051217603176 0.0134740670599679 0.0201858947706148 -0.0357825332216421
0.118792267956702 -0.0289042397678499 0.0193089807535149 -0.0105038408006802
0.120312347250809 -0.0297239780722076 0.0251309327537219 0.0275697968134126
0.122978263843752 0.0311014785642517 0.0055806306566292 0.0741882166795993
0.0844011096709915 0.100299068109707 -0.0406184364482846 0.10087948191994
0.013267342669074 0.177692775601485 -0.113950315929144 0.0513714490418829
-0.116510593644424 0.128125820053274 -0.132785652278489 -0.0271377905567182
-0.191602289723274 -0.0262580016844139 -0.024957029375496 -0.0580937226552268
-0.179945006852931 -0.13937929208375 0.0499828889444935 0.0727315920396862
-0.0594318940579302 -0.129088098903851 0.16880673097434 0.140630371377047
-0.120047490640755 -0.130261224913906 0.0598756574867348 0.197095082268623
-0.161646035341749 -0.0100164515990091 0.100683466685341 0.188450083266472
-0.105757758653913 0.129258086678453 0.158616439074156 0.0872855823603932
0.011574260991323 0.134676259227434 0.140502040289699 -0.000831796280743988
0.0759840295015469 0.0871021430917925 0.0990985525821225 -0.0359238506140461
0.108885381292891 0.0238298264788847 0.0695977259488866 -0.0230256216323114
0.106048364847136 -0.0199455481354596 0.06321792420123 -0.00862094365839149
0.109681421215558 -0.0161305850735896 0.0661425494140295 0.0290516583064113
0.106980692000992 0.0341639635071803 0.0439595966482781 0.0824938791231142
0.0720818680324969 0.0930271885514532 -0.0106642259684466 0.119941477466179
-0.00702415803163535 0.155562230367918 -0.0970605390054763 0.0764413526693411
-0.117033631092791 0.0842483384603771 -0.125861987963313 -0.00523925274679264
-0.149287894920326 -0.0474496051163881 -0.0186876059269899 -0.0456153751560834
-0.111704888661936 -0.122325046511742 0.0837392951500749 0.108613804153784
0.0145286626521679 -0.0663925411113398 0.180522416836571 0.192666464382767
-0.0353460700151226 -0.094947141182453 0.0678136364442395 0.203490569938222
-0.0879911096984558 -0.0313135105633532 0.0731354974714667 0.192310303186115
-0.0750081220397375 0.0680436017511851 0.132458031566091 0.113754436800256
-0.00120714179302967 0.082493844603749 0.142212011322294 0.0358019430135123
0.0427646384177593 0.0566082140523325 0.126526587356424 -0.0174187293348061
0.0701496902640926 0.0187897320966704 0.102933581565676 -0.0161279238997838
0.076317409039847 -0.00716772238574338 0.096147317384423 -0.00692562197229885
0.0817817370867265 -0.00640536401655912 0.0998686724818511 0.0326431127018683
0.0801145991761389 0.0288579521532342 0.0743718494822563 0.0948547356859406
0.0495723379909114 0.0795975729810964 0.00691289168584252 0.14085881428735
-0.0280321732175996 0.116626786733129 -0.0935662514267435 0.0971336974018062
-0.101819799310061 0.0328967745429349 -0.124475275135697 0.00794608845301743
-0.0888315995318143 -0.0710498701584797 -0.0156045773190633 -0.0371107804095373
-0.0244761982482856 -0.0949564565735093 0.0933072228158197 0.135664999995853
-0.0453946141107141 0.0559046901950537 -0.144135314788265 -0.141365419545638
0.0304393874231471 0.0627065176837779 -0.0364394683662629 0.0717934592902399
0.0715070258497849 -0.00387629225953932 0.144707683878611 0.0119530797525692
0.0259941951175826 -0.0622106628891969 0.131515653743854 -0.12683892092207
-0.0246742149759488 -0.0424693871153374 -0.00641101486870011 -0.195810818114931
-0.0288430239977779 -0.0144412249110599 -0.116529389342866 -0.123209885022028
-0.0342603195751175 -0.0058152404661092 -0.137595103221154 -0.0318911855537914
-0.034315841103478 -0.00333359821660357 -0.125160613493226 0.0118412818756217
-0.0197853532366003 -0.0136040064197944 -0.126533992177231 0.0327886688654613
-0.00213537903464159 -0.0215399874219142 -0.145667002448928 0.0252136093913592
0.0131235569193319 -0.0259773398375881 -0.162408736507226 -0.023695551841147
0.0488203123365116 -0.00269986468255253 -0.1469272798595 -0.113371136319194
0.0227183611050956 0.0531931166434723 -0.0872522294448905 -0.176309621253374
-0.0565697952307461 0.062324653789994 -0.044237941334258 -0.191459647760257
-0.0847033234484049 0.0174136951825512 -0.172753050201944 -0.18393270793725
-0.120640674467955 0.00517029527062147 -0.110434914259094 -0.162811227966375
-0.054429017525102 0.0575077793769695 -0.0336304396021912 0.0676890204521587
0.0170835046577921 0.0498800292321728 0.157961277366388 0.0199591770379627
0.0310671162860881 0.0109762065997812 0.152066251264785 -0.135174480367947
0.0116266962982026 -0.000164307883798882 0.00452122622275634 -0.210844256918132
0.0167317993282952 0.00276717851392876 -0.117597619226395 -0.133402778385594
0.0145394019549199 -0.0119861132917539 -0.139654335064711 -0.0375190180685499
0.00977826125983598 -0.0152605528865342 -0.123756914549428 0.00840300545334618
0.0273093650661554 -0.0151998520836187 -0.121823490121758 0.034277047299824
0.0392025472891452 0.00781657907308981 -0.139678976860822 0.0340245520718878
0.0296088217578723 0.0245311512833626 -0.158760709604536 -0.009225359897768
0.0255956155542487 0.0608578331002215 -0.151622478294738 -0.0949693469211691
-0.0414701838652636 0.0785735898043709 -0.100535743660572 -0.155294475123949
-0.132817485311649 0.0266033947716018 -0.050615120909795 -0.152336642052999
-0.160947444349558 -0.0487595282684719 -0.152266385002667 -0.139404853159102
-0.176556692301569 -0.0568141266851465 -0.0565495907866063 -0.153851367921195
-0.142028728996543 0.0276801482302096 -0.0212210306627095 0.078279916177453
-0.057877404690614 0.093178660216835 0.173634316425768 0.0434431447235099
0.0182359950320062 0.0949155501376639 0.180716227386884 -0.125518170745474
0.04613120927124 0.0561229765316625 0.0307242470808924 -0.211887225619099
0.0633680978138626 0.0287254968187989 -0.097834272971998 -0.139309616478265
0.0659779127765883 -0.0125204814054858 -0.121586185126009 -0.0434030918775742
0.0533025933520731 -0.0257596489513509 -0.104848302643404 0.00377205672008747
0.0673923333572955 -0.0213530003749609 -0.0989238923350028 0.035915927063658
0.0782160255890828 0.02521331536787 -0.117379646068467 0.049407558950245
0.0545056157514356 0.0616224664564426 -0.144575252401543 0.0226812058058279
0.0259991741905153 0.11867138808907 -0.158635457329459 -0.0561376295780519
-0.0809602271624228 0.117373436116929 -0.123527127673487 -0.122979622879958
-0.190174937543868 0.0174896686650787 -0.0548141024179321 -0.115480338676893
-0.220839554031121 -0.0903570631211588 -0.111282406397563 -0.0810979078682892
-0.200163034054346 -0.116006626799085 0.012371018954894 -0.110238236930092
-0.211031978462721 -0.0231558984684477 0.00203560176712718 0.10196375728567
-0.138780233836126 0.109857635242848 0.181004375327394 0.0816604836315898
-0.0155353872069186 0.168314046419871 0.205184192115984 -0.0911288182890756
0.0655653570386125 0.11416540529229 0.0700082797025864 -0.188663039770079
0.100145492826691 0.0595114007533755 -0.0569147087330044 -0.133525800665767
0.108906097796551 -0.00594465462036906 -0.0845540828088777 -0.0456697461679207
0.0895664874777148 -0.0318275346350965 -0.0710366951498222 -0.0013975403560062
0.0983429184522124 -0.028502947764659 -0.0635680985706503 0.0350584667148596
0.108189074080948 0.029998045042405 -0.0812764850205105 0.0624528619320412
0.0803738978941038 0.0824321862813471 -0.115789710949152 0.0572196415618835
0.0377850334435632 0.159727406674644 -0.153200437408047 -0.00986791529177232
-0.0974670320897159 0.149465181942389 -0.140169098753551 -0.0839855692443165
-0.218753248463462 0.0208307892795094 -0.0509580760288389 -0.0880646469423179
-0.249032304913064 -0.110515356162222 -0.0536201372103569 -0.0245063921647527
-0.186064324118877 -0.155634559645089 0.0830181551715539 -0.0366776255336255
-0.235002225049086 -0.0792630906403195 0.0305402122243018 0.135699611443179
-0.196371001308326 0.0916895829891466 0.171857095981303 0.125055522961632
-0.0599922420784486 0.203413999860147 0.211995549531414 -0.0347670308537576
0.064181463560265 0.154976106133125 0.107581386030149 -0.137017275365635
0.116672616592912 0.0843990019272642 -0.00272594325553182 -0.111966627984521
0.132322438618806 0.00395642792511187 -0.0343653027686309 -0.0433733308990657
0.112106222227164 -0.0334540138478822 -0.0272712111747789 -0.00638910997241129
0.11661170683278 -0.0319654272972244 -0.020694605363448 0.0312357394876222
0.123882503224757 0.0303219372199387 -0.0366582058112946 0.0707659776219594
0.0940667672289825 0.0921669735825259 -0.0766210568834149 0.0842220949881847
0.0408758681155544 0.178882188834682 -0.134324113113883 0.0300026707845458
-0.104655034622222 0.15615019031235 -0.142880801139081 -0.0465447683507042
-0.218904499207958 0.0141564442660448 -0.0412557897722246 -0.0707157036193141
-0.238605909901125 -0.120973044711335 0.00641201040587392 0.0250593210456034
-0.138114634260591 -0.159116934313328 0.141091416962107 0.0508081561721633
-0.202432066208436 -0.119759255352998 0.0555742840300373 0.170539469928315
-0.203930505548534 0.0441048923367386 0.147405856413943 0.161889193421239
-0.0933040731313967 0.187455445901437 0.195705619422896 0.0289427198781812
0.0437484480001545 0.162730256607119 0.133034575220524 -0.0699587385619257
0.107748852525361 0.0946440370603143 0.0534964231402581 -0.0780797063621199
0.133291961594404 0.0141005516373409 0.020351412059243 -0.0361655114519081
0.117752011302466 -0.0284464319902445 0.0199181492651529 -0.0103441769325622
0.120341760948115 -0.0297141648185285 0.0240803369486977 0.0278518528520288
0.122548059537701 0.0323779720499715 0.00469646041663836 0.0753758486080213
0.0845309607552118 0.100895282081415 -0.0430916474882661 0.100984303260179
0.0129963422282935 0.178535025777542 -0.11465081729232 0.0507391260704626
-0.117255262098025 0.126326303552077 -0.134276711025357 -0.0269696467298603
-0.191961380770156 -0.0282450495223456 -0.0236295130113999 -0.0595023842938243
-0.177260908661218 -0.140212878314738 0.0503199118342244 0.0716236316343323
-0.0571674804931328 -0.130467015653492 0.16735213384794 0.14350154015265
-0.118793444465726 -0.131999871613014 0.0568219221901362 0.199574147913091
-0.160860050131128 -0.0124786327497558 0.0980754246842439 0.191115564006147
-0.105496539286125 0.128241192844296 0.158684286415741 0.0901034844340568
0.0117117493852452 0.134982395168907 0.142176956223883 0.000735455140179227
0.0754594740625176 0.0879930743560272 0.100819068420166 -0.0360412115369977
0.109178196800725 0.0240434625551555 0.0703739110044371 -0.0230601595539066
0.104696259492975 -0.0198323682894839 0.0634949954260439 -0.00865233054856723
0.109812789946007 -0.0160545417133685 0.0651189292178501 0.0298955243570211
0.107010308714514 0.0349525189932759 0.0439574603604869 0.0834541580911698
0.072091240512946 0.0941442493626849 -0.012943904453668 0.120309517555008
-0.00645809502997601 0.156063003329107 -0.0989423287845493 0.0764111673458833
-0.118517291624968 0.0830730058790568 -0.127079689813753 -0.00555311907760582
-0.149421424316481 -0.0496326406584136 -0.0181001310957755 -0.0467336274651178
-0.108927483838583 -0.123637759813663 0.0838563948202162 0.10800721803777
0.0158318405801785 -0.066721766348934 0.179444074045088 0.194732119082247
-0.0337755560210583 -0.0954521570762946 0.0651083493131346 0.205921290660408
-0.0873438312197134 -0.0328816475274976 0.0709831570668894 0.195689171858363
-0.0745706978671473 0.0673333515720423 0.131240320376572 0.116880371247193
-0.00151009920647865 0.0832460508409082 0.143157939038005 0.0383504458146357
0.0424797760078995 0.0575360345148046 0.127998866623518 -0.016434021451754
0.0702975297397126 0.0194639744127698 0.104864282840834 -0.0162470254984037
0.0753421441494461 -0.00739944738867797 0.0966192618766506 -0.00618741609536541
0.0815457941086783 -0.00699180046926336 0.0991748838568669 0.0332770819431565
0.0794860620141195 0.0290753700784049 0.0744183986450335 0.0964453975834706
0.0496198340902463 0.0794755576032972 0.00529124735778434 0.141652631711013
-0.0276425958565068 0.116719201364244 -0.0956960958707256 0.0967746829356427
-0.102970589501322 0.0320845153463401 -0.125359156264392 0.00753671906572556
-0.0882220482092028 -0.0719925044010673 -0.0161237336795536 -0.0386837508255536
-0.0217941754778047 -0.0948519178526239 0.093567780321834 0.134952767410578
-0.0204359507921384 0.0736259269482321 -0.19382211724513 -0.0681997158480993
0.0548591363162951 0.0458350620176589 0.000653632832888744 0.083944874108351
0.0628858731547333 -0.0341986883793833 0.142771644002741 -0.0543653640234412
-0.00470228608836821 -0.0687764795759869 0.0685614691283505 -0.180546519796121
-0.0423847095280146 -0.0266803759709897 -0.0941778390783496 -0.181693111855933
-0.0337344787490645 -1.82294406841791E-06 -0.163277675912725 -0.065419540485891
-0.0348697254887537 0.00917143283717295 -0.143405633934988 0.0301401262379722
-0.0328358971726584 0.011718868884669 -0.112430580505185 0.0666392857891345
-0.0249589472006007 -0.00471712567418338 -0.104069747016178 0.087553397759713
-0.0112778073938503 -0.0192569937376838 -0.12547158605353 0.0877607475646214
0.00078918235579336 -0.0296903785656439 -0.160562515695365 0.0487203144450835
0.0417140436895167 -0.0250316534624436 -0.185408238915378 -0.0407308434745633
0.0441611424301521 0.0396312276841085 -0.158543288982425 -0.127388122505055
-0.0262632229507956 0.0819340978040649 -0.125757385892336 -0.166815995333076
-0.0754666817370967 0.0537262627148298 -0.241624208009677 -0.107107033020995
-0.111976518753734 0.055700915355662 -0.175929605981063 -0.100836026467495
-0.0263201235541023 0.0750409886899358 8.6844916532828E-05 0.0827698116204747
0.0344247191964466 0.0377272547510209 0.161008959684294 -0.0490559130326744
0.0301621909238685 -0.00407251787423688 0.0864531059279244 -0.194163484637662
0.00819696297497813 -0.00233692081129145 -0.0882804071770804 -0.200671493185788
0.0164620222868693 -0.00260577551723709 -0.167282997871309 -0.0744431819419603
0.00866903856700452 -0.0176278956903199 -0.146416482484503 0.0253946553793523
0.00385450004725774 -0.017848335398992 -0.111687455665504 0.0632419120232835
0.0192123568924501 -0.0259688302660825 -0.0983246490655772 0.0873274352528382
0.0413576003845528 -0.00873967742406315 -0.115869350570711 0.0946058179718617
0.0378716587642218 0.0123703336710865 -0.153936129932691 0.0618499704198335
0.0469248765848252 0.0441759817115311 -0.18601272301612 -0.0201270120083052
-0.00705122398757778 0.0912339190737213 -0.163573185674991 -0.103603508663962
-0.114226117111704 0.0816130186699861 -0.113368548897832 -0.132207210174593
-0.178833830934721 0.0255788240100423 -0.198177917942582 -0.0775137892100353
-0.189417332037929 0.018185362824057 -0.12430972382054 -0.114599034035736
-0.120237892973214 0.0823272990530932 0.0144871560286638 0.0896422531877332
-0.017876927376387 0.107439699794068 0.186232406028573 -0.0280639152678555
0.0527070996447607 0.0783616412247709 0.120794536007441 -0.195428366828345
0.0633123487722019 0.0348802980364736 -0.0614853387478033 -0.214567466032125
0.0711662309839557 0.00193317870017199 -0.150530457771128 -0.0897067349522342
0.0557853600162805 -0.0394894348914777 -0.130391286592012 0.0111226565703004
0.0409322930697781 -0.0456194696381463 -0.0954966673054122 0.0502941076013548
0.055074286704746 -0.0484155352455063 -0.0766783622438521 0.0796440893068063
0.0850064556234401 -0.00889752474508915 -0.0875233540461464 0.10070714617717
0.0786563415096966 0.0365444518646579 -0.128860980766443 0.0877725157093606
0.0728539568668384 0.0991718403188044 -0.180319163112565 0.0213133823044443
-0.0289193151094296 0.144119006168427 -0.173365181950162 -0.0646572917857828
-0.173821915688281 0.0981765158827091 -0.101049788932476 -0.0983749669015213
-0.253919474899561 0.0129130132056578 -0.132128953406579 -0.0430489016256446
-0.2357507330516 -0.0297106425675028 -0.0432231896291823 -0.10323636699884
-0.204363174041079 0.0624854503475595 0.0441243999401421 0.103958341766788
-0.0858286187253166 0.155002932524738 0.208839149511823 0.00838282726389207
0.0526348156752154 0.158757051229831 0.161449175671057 -0.168827448270266
0.105831997104717 0.0805443000480808 -0.0117828599348135 -0.209535888613886
0.118364323202235 0.0146361421596754 -0.108771235085746 -0.101759252288564
0.0979841600780384 -0.0512425422625995 -0.0954704554386532 -0.00803916857881841
0.0723573071699559 -0.0666971033340437 -0.0666006252064392 0.0306716205690993
0.0807205496241901 -0.067929552214617 -0.0432519422381412 0.0631519464438921
0.115793855874823 -0.0158608047866753 -0.0470893517867224 0.0982687954632814
0.112108711618998 0.0460575493469517 -0.087810753271274 0.109553132535447
0.102415299978402 0.13273176600537 -0.158351472515932 0.0642676874444947
-0.0318379190209452 0.182935114652909 -0.174145598898558 -0.0196309258911022
-0.199136934739532 0.113819070275937 -0.0867739228706326 -0.0760634161885042
-0.290027399665377 0.00691184668925638 -0.0520994501474861 -0.015232287448774
-0.237603925767868 -0.0738535684639536 0.052404593721336 -0.0648932201188634
-0.249893114390932 0.0185588948410067 0.0841369894602686 0.123246125780475
-0.146758283522777 0.159310883318774 0.217110094254803 0.0558517087451339
0.025988722195835 0.207911919338431 0.191572792336362 -0.114608677784075
0.120732325047879 0.117978906606457 0.0478070099089444 -0.177694744063291
0.143922367843933 0.0309550706800797 -0.047630987392181 -0.105738663948313
0.124878042274925 -0.0528276544374441 -0.046110661971349 -0.0279390879511992
0.0931677431802077 -0.0779528545283415 -0.0280909004347273 0.00642812813469499
0.0959969776809045 -0.0800680217621275 -0.0046479949296595 0.040937442360867
0.131184432310197 -0.023710762175566 -0.00156782121451782 0.0864446097960285
0.129962383617506 0.0487748708834017 -0.0396244056263058 0.118310465043555
0.114272556343915 0.149340479066998 -0.124170736784071 0.0956890403130139
-0.0359702670766284 0.192602865484081 -0.160490614641718 0.0161001088762225
-0.20228804531424 0.107617577513531 -0.0699018011429575 -0.0624271790637338
-0.284096123347934 -0.00758485004602067 0.0262889503543424 0.00691696360857047
-0.193633783344096 -0.0985130590812562 0.145208447165788 -0.00899148796382011
-0.235591521144444 -0.0328339459804448 0.121335427960765 0.143619889283014
-0.172704115541902 0.119204384953638 0.20606296744851 0.101198319994246
-0.0106800462600547 0.206368866240869 0.201452161437905 -0.0479639940783145
0.105628544497878 0.132143413672988 0.101388598862647 -0.124068412497768
0.140193780841155 0.0440505786094659 0.0204975845266711 -0.0978003463241911
0.13016227833955 -0.0436646278896549 0.00900947383378841 -0.0451958878713801
0.0999940387136797 -0.0762024693520226 0.0147203069574764 -0.0176983457845144
0.101499960794462 -0.0788655357915302 0.0358386591884112 0.0180633743753791
0.130665197339048 -0.0212769538262392 0.0391519711112776 0.0715657817482824
0.124736126752596 0.0615722918797118 -0.000683015514205199 0.118859836486138
0.0886970545988586 0.161461189305701 -0.097790354861857 0.104853015918657
-0.0613121969884268 0.170672346687655 -0.142849296213578 0.0293822025734615
-0.195519110051169 0.0551589268511116 -0.0479116560091502 -0.0575033813675122
-0.233433670092179 -0.0544421541407651 0.088129671356201 0.0354787796090873
-0.105699028194784 -0.104910811896422 0.212249290360554 0.0647625354635884
-0.162118705811219 -0.0788448391885812 0.134268811991143 0.167177517716915
-0.154593264742376 0.0489682561389142 0.171055057168409 0.145682118379831
-0.0439315631597471 0.156868867543877 0.190462492350227 0.025652840321209
0.0648879627847915 0.119118896378416 0.140001940419086 -0.0607176334295746
0.107646976628613 0.0501999121619786 0.0824886260745978 -0.0787488860818176
0.111756867536769 -0.0233300358958889 0.0614253964538704 -0.0544245235750121
0.0906092106970287 -0.0617697057521383 0.0565670738859054 -0.0359317200493351
0.096700665668298 -0.061896036284651 0.0746075206312625 0.00160629163147208
0.116691485120923 -0.0121827386153132 0.0789404438949273 0.0625624340494812
0.109828612538908 0.0601233366251486 0.0356396632830958 0.123254684041531
0.0610306318014558 0.149617515845653 -0.0710224258172176 0.120332557229903
-0.0806644271348214 0.128622429261568 -0.124892060431686 0.0467736178056221
-0.163971133943452 0.0170588161553547 -0.0351764783035155 -0.0458734797711596
-0.158769503011395 -0.0686495430066411 0.133164147228292 0.0595123955140711
-0.0103507664631137 -0.074517554751312 0.24883370003617 0.107893157809598
-0.0684455523521811 -0.0796074642478894 0.146296053982666 0.167024051047016
-0.0940762805470845 8.38823715039782E-05 0.146862038850084 0.157104346052933
-0.0396276268445155 0.0885659519024867 0.175743719798008 0.0598076566425648
0.032078449003704 0.075628478529823 0.155389266836759 -0.0263282471185776
0.0632827121904209 0.0352369431804745 0.11521868807652 -0.0729100220252281
0.0737373798404812 -0.0117602805494221 0.0953826224344695 -0.0630514546008379
0.0675105924464674 -0.0388008747070502 0.0882411523382093 -0.0486288166815287
0.0740943618910235 -0.0411160707549229 0.108100392250768 -0.0109101861713759
0.0880849786640199 -0.00597002849765027 0.112889307561046 0.0598639918223625
0.0822659837969941 0.0552482428304371 0.0628040492208706 0.133968895416315
0.0241216065664085 0.122047845162883 -0.0576913583365356 0.135524521626736
-0.0878216111598003 0.0735958162832237 -0.116551818450577 0.0577289438703242
-0.114874054717946 -0.0308604028691824 -0.0285988681496459 -0.0355445273974499
-0.0612215285283842 -0.081947861003455 0.150618099687825 0.0858749860732882
-0.0195208929073592 0.0769910056526226 -0.20476604291546 -0.0662471718004629
0.0593600094427265 0.0476417218850997 0.003919427350948 0.0899845197114706
0.0653338575474657 -0.0369603632422984 0.150980043886596 -0.0600627019093803
-0.00652165278095478 -0.0730776738496262 0.0709060753062365 -0.192033809596263
-0.0450968607341872 -0.0273304143063814 -0.102346933644547 -0.19155395661218
-0.0354338083475304 0.000747246366208642 -0.173613443941562 -0.0670852196063015
-0.0367623917717303 0.0106737880040756 -0.149691446046448 0.033909947090735
-0.0334455898146322 0.0137731905174481 -0.117028922113049 0.073430697965014
-0.0257611723813969 -0.00437705343512383 -0.107668983435288 0.0952609333832969
-0.0116573850601284 -0.0198084889105319 -0.130894581353709 0.0957436436483476
-0.000357350711481108 -0.0306466061032166 -0.169137417418594 0.0540734525309581
0.04222392785147 -0.0267788236140925 -0.196172010446662 -0.0396967777146834
0.0474024614645684 0.0409942607091895 -0.167620379048553 -0.133551609397426
-0.0257332136709504 0.0880283029275817 -0.135239474936662 -0.177005437510384
-0.0779874705969531 0.0576874358976048 -0.256400843300798 -0.109220065170291
-0.116180016445812 0.0600245546842006 -0.186122336277116 -0.100654350972249
-0.025325789051099 0.0796466847931385 0.00297320961749365 0.0890974940497147
0.0366005754919432 0.0389022129660198 0.170030077838191 -0.0538873964279735
0.0314434410971872 -0.00595090801377142 0.0899725084041369 -0.206595698475075
0.00916845674305656 -0.00312809135716269 -0.0970266456978355 -0.211520155905682
0.0172360096162838 -0.00356885017491775 -0.177884203472368 -0.0765706469202896
0.00825386888131362 -0.0187002251570647 -0.153344980548582 0.0295389742546811
0.00425963728319832 -0.0180751060095379 -0.116233409601634 0.0698611087065069
0.0192421442652229 -0.0278410087339754 -0.101643173855936 0.0952069467943418
0.0437831877731557 -0.00954761102336915 -0.120902877034108 0.102519688652032
0.0399216197222008 0.0125186599236683 -0.161186717555437 0.069151486923171
0.0500231319910568 0.0452643040954429 -0.197345574073226 -0.0186491779594815
-0.00597872809783802 0.0952018931872763 -0.173460556768557 -0.107376025931793
-0.119033058129935 0.0888434423452595 -0.121727361600049 -0.139886863476437
-0.186768417847339 0.0293994807400849 -0.21064703506693 -0.0791869304443127
-0.198556824537019 0.0226948122325298 -0.132286713543398 -0.116448893942354
-0.124574410258811 0.0893590374851032 0.0181519209872781 0.0964112541543693
-0.0161218131789326 0.113152666401039 0.196681764366377 -0.0328272771221145
0.0575950529313705 0.0791232776913714 0.125338151950071 -0.208480385085345
0.0672590074392703 0.0347309785546084 -0.0685252171204743 -0.226673135531078
0.0750656730394018 0.000578770058875695 -0.159690736949602 -0.0916565187086441
0.0572997403582622 -0.0426203849611062 -0.136560005871946 0.014585845752486
0.0414763988539296 -0.04808875740927 -0.0995849981826491 0.05598974123403
0.0565620356418452 -0.0519235821135654 -0.078558389946943 0.0865745189873128
0.0907835320892183 -0.0109340142988916 -0.0907830727806227 0.108419391282166
0.0828317142194104 0.0375993559595783 -0.134727343109384 0.0961768654266418
0.0785639984383896 0.101547373836508 -0.19046281580799 0.026230670444062
-0.0279277893571694 0.151939930100163 -0.182750948598003 -0.0650920625548677
-0.180850467348894 0.106853078659103 -0.108696012036854 -0.105452234693871
-0.265553530789988 0.0173316559843482 -0.139716241123907 -0.0447708656752617
-0.248181640296452 -0.0267360728658971 -0.0475531432470422 -0.105476647572442
-0.214040180758349 0.0700590407080319 0.048957816866229 0.110435898268949
-0.087172579056575 0.164215070089474 0.221202054105495 0.00623282074230627
0.0589699557327864 0.163856548521002 0.167869877906392 -0.180812869135595
0.112965310624615 0.0812385157782558 -0.0165840448705645 -0.222808958049217
0.125196962240006 0.0126126038189577 -0.11631770589989 -0.106215129540934
0.102089422263229 -0.0568714398660382 -0.100626408622164 -0.00657613777323977
0.0736643410736196 -0.0710341615450151 -0.06932056906584 0.033942815244219
0.083065814816101 -0.0734432707545391 -0.0449477954637264 0.0692467126113303
0.12231837706587 -0.0200344336127154 -0.0476662960275281 0.105352832555872
0.118581895377928 0.0464436995083778 -0.0910263544350893 0.118088290530578
0.110845383034759 0.136020114662777 -0.166485878713848 0.0715628942918512
-0.0297896976392294 0.192134079131036 -0.182895297928373 -0.0174412090173915
-0.207960918699091 0.123982687450654 -0.0936371468505537 -0.0808639328797451
-0.303801780811512 0.0112072629029541 -0.0556646798060232 -0.0168256009429413
-0.251480661424718 -0.0735868994634399 0.0544252068865548 -0.0678062905199207
-0.2626925485463 0.0244408268800551 0.0899687272281599 0.130082327249188
-0.150680174281504 0.169559145302821 0.230103581908287 0.0558872055322844
0.0329969469800591 0.215883011477963 0.200979668879464 -0.12383099977269
0.130354365116786 0.121046513800049 0.0469860090160799 -0.189275961967659
0.15235916037741 0.0298038830137812 -0.0522457027307903 -0.11100310528651
0.130208000043983 -0.0581860627898384 -0.0486788001899641 -0.0288282660281115
0.0947624164869351 -0.0831585501450946 -0.0290370064635207 0.00777738390882493
0.0978257401055662 -0.0866623094424674 -0.00407723327482063 0.0442936989152817
0.137613785722504 -0.027337472607359 -0.000337964270855628 0.0911611657896083
0.137318687096947 0.0487944881923606 -0.0405179498492418 0.126825148297273
0.1250356813285 0.15343161812737 -0.129583399600779 0.103325992284261
-0.0350107390917782 0.203275256183024 -0.168586191115864 0.0217271060138262
-0.211243442444281 0.116971804585148 -0.0754597465096359 -0.0667061721502141
-0.296727681820729 -0.00418871152434271 0.0271655803421136 0.00409333119205427
-0.205519084040096 -0.100564609866739 0.152660587587355 -0.0110517613187491
-0.248417744391638 -0.0306132077612137 0.129138538872921 0.151017924647768
-0.179395452611989 0.127527709222707 0.219596528952496 0.103647336747268
-0.0055564190257887 0.215309886689529 0.212721952328795 -0.0526884953268062
0.11436948444647 0.136168334945705 0.104382359716194 -0.135074757874177
0.149362308886082 0.0424867132786488 0.0196724968508624 -0.104947784457294
0.135502755627294 -0.0487387657819683 0.00960663410485617 -0.0486460783485934
0.101474315035011 -0.0812847055677202 0.0153248988125514 -0.0190553240375065
0.103558275070666 -0.0856856492730534 0.0376729211431823 0.0188985824217798
0.137864712360527 -0.0246973428394169 0.0428020112502004 0.0754052135146786
0.132320769377064 0.0622274140358416 0.000746882850945434 0.126919596395588
0.0984514233171813 0.166346318922659 -0.102036421619531 0.113026531764458
-0.0621870592795997 0.180493934507225 -0.149512014379559 0.0357071283926977
-0.205278469630226 0.0627766162873105 -0.0520239539404313 -0.0617281260948376
-0.24484177767073 -0.053208616970206 0.0934578508644231 0.0330899878989924
-0.112432443982309 -0.108427156275627 0.224086918309866 0.0660345160409911
-0.172859691844795 -0.0807773362569385 0.143333037564428 0.174728389265352
-0.160907694170184 0.0533802266104962 0.182499683744772 0.15143270419805
-0.0420807498751972 0.164329402764589 0.202141688227582 0.0244933957004807
0.0711588229013601 0.124056338432095 0.147096924127369 -0.0679691127859739
0.115276280090368 0.0503913145230581 0.0858963289082112 -0.0861711125896786
0.117473211940899 -0.0272853900004753 0.0642845565819621 -0.0594611682303879
0.0927518934229532 -0.0668652587368083 0.0580741550342688 -0.0392472986689764
0.099212912673191 -0.0675222475764469 0.0791284818705638 0.000575525610273844
0.12270115381153 -0.0152015038896303 0.0847037269238598 0.0646420178200492
0.117059801268663 0.0602685690270727 0.0391128627737201 0.131074281725327
0.0689180037186942 0.155138451897996 -0.0737499649132892 0.128343722390365
-0.0830579919800248 0.137427485093466 -0.130780350482866 0.0527122706954129
-0.172264363792464 0.0209051722815013 -0.0393180014041358 -0.0485956644506024
-0.166878982506175 -0.0703342504974286 0.141076712921887 0.0574122244950444
-0.0116254151268916 -0.0779640769230149 0.263697345658122 0.109310771066265
-0.0734489467773336 -0.0822499391814575 0.155425680254815 0.173739038112997
-0.0984587680577667 0.00158983758951988 0.15729243581828 0.163923183061913
-0.0392033499172976 0.0927147420130595 0.18719191576079 0.0603103661559161
0.0361662920606961 0.0798633476834775 0.163887272162058 -0.0307967942584274
0.0685901378954438 0.0361771516194406 0.120291885050393 -0.0795071001967708
0.0772563787990513 -0.0141142833286104 0.0996672172567757 -0.0696639819983786
0.0689182574038346 -0.0418235393416848 0.0914173119223515 -0.053516698396562
0.0754072613477368 -0.0458171598816474 0.113477011671099 -0.013572401062987
0.0926739916936532 -0.00801404755803594 0.119836984227854 0.0610650157978295
0.0881040259506587 0.0559026628921761 0.0677564035712476 0.141150810673
0.0290594739273731 0.127238674639894 -0.0592656357159499 0.144006872724183
-0.0914640490855823 0.079728285951513 -0.121699791115742 0.0638352284703803
-0.120727177428277 -0.0308486316391565 -0.0319934865997984 -0.0382126627593261
-0.0654997964410915 -0.0854801699329142 0.160082172731641 0.0849559429787102
-0.0160424119902589 0.0794642609941703 -0.215223590957049 -0.0565388748216884
0.0641554371350818 0.0473416354042757 0.00955235019144809 0.0943745316988633
0.0660672497875144 -0.040477453320473 0.155725315593669 -0.0697361520283272
-0.0114270066411109 -0.0758565894863589 0.0662601775364757 -0.20467928987892
-0.0482577077486809 -0.0265959866531701 -0.116815350961129 -0.196061483510815
-0.0361972488882959 0.00216293591511479 -0.184718414784683 -0.062720036895974
-0.0372686038480424 0.0128971440538977 -0.152839270610763 0.0412535167200784
-0.0335201444422489 0.0156648764738489 -0.117675776685538 0.0825051870945588
-0.0269649711529137 -0.00338810285662002 -0.107595891617257 0.10566730122906
-0.0124863993235215 -0.0207744512070378 -0.131835046714202 0.107000278163033
-0.00257241192213167 -0.0313180376620707 -0.172914605838099 0.0647025937875711
0.0422948353951284 -0.0304626849646678 -0.206927008559133 -0.0323798990303472
0.0519050533748574 0.0398653812141824 -0.180390479332394 -0.132394614423548
-0.0216288158523882 0.0931359773527554 -0.148602647284286 -0.180926404933778
-0.0782851422424107 0.0622938658098485 -0.272570248149634 -0.101665027159819
-0.117712012908597 0.0674431897681452 -0.197892825753971 -0.093976052289461
-0.0226431336905993 0.0846636213336531 0.00883943150785917 0.0937203032410311
0.0406864276300426 0.038991325709764 0.175717390538458 -0.0642096968913675
0.0320753639877216 -0.00908294980413342 0.0847926385805828 -0.22077644624598
0.00928464763430366 -0.00432648979696922 -0.112238135752125 -0.217941073686784
0.0182139677188117 -0.00437938877620996 -0.188946436258326 -0.0723500992663222
0.00741322576701917 -0.0191640410492567 -0.156533434947257 0.0371451285323321
0.00356570375808635 -0.0183848385437846 -0.117737249446571 0.0786118444614864
0.0187128654410256 -0.0299087220004732 -0.101013650436843 0.105443509043976
0.0461308841649268 -0.0130960960494975 -0.120565998000795 0.114149460355024
0.041762733383933 0.0116227074105395 -0.165809789914054 0.0798829433117245
0.0532865671712858 0.0444900003413845 -0.206467931554739 -0.00889786057398201
-0.000637263501016602 0.0994228998769784 -0.184706587736853 -0.10507970340194
-0.119227927875367 0.097842909268096 -0.133474635197277 -0.143087491002697
-0.191761124990844 0.037919332736825 -0.223551909484382 -0.0729530294802872
-0.205387503535651 0.032930494085523 -0.143653669780905 -0.112822252789982
-0.125050135636214 0.0999209806510149 0.0242390612960845 0.101701894572508
-0.0112239928266932 0.11823528987179 0.204624723762984 -0.0428813167669939
0.0640460705855341 0.0775473905744997 0.121989347886118 -0.223259912631916
0.0721043642856472 0.0318722184142836 -0.0846234968573127 -0.235255985449762
0.0786957702220377 -0.00308312274936861 -0.170910795959997 -0.0893231614402529
0.0573677634607077 -0.0474022391868451 -0.140491065366031 0.0215647322780728
0.0408122478555769 -0.0511698328545999 -0.101049690241942 0.0634713539065587
0.0559187236006612 -0.0574344386056411 -0.0774684210850163 0.0957537847796072
0.0945459038444237 -0.0166476612125498 -0.0888318071106691 0.118871158813917
0.0876445989097862 0.0356203370726406 -0.136982130036593 0.107666106829202
0.0863726993338815 0.100447901115808 -0.19771169194774 0.0361146164876418
-0.0217108121376228 0.159089193792047 -0.193218904581383 -0.0594462131794542
-0.183144479088584 0.120908318759059 -0.118659702606957 -0.10762357916973
-0.274256386563319 0.0301237673286926 -0.148007620882966 -0.042008921703734
-0.258916632234428 -0.015568637628074 -0.0552667517820612 -0.106481336669668
-0.219776066101626 0.0834044517197937 0.05643567860361 0.115251247027293
-0.0823262547676671 0.174375784705018 0.231792569053319 -0.003406027726739
0.0701045708977261 0.165126393451013 0.167954553316004 -0.196969637467252
0.122252102426909 0.0780853109735798 -0.0292301385259448 -0.233601334493473
0.131530916743615 0.00704718550218556 -0.126464898650937 -0.106052066426571
0.102719533038139 -0.0638456246087249 -0.1040193218966 -0.00168816808765166
0.0717382176153636 -0.0763818824006241 -0.0698249747364851 0.0386971015904247
0.0818600888823761 -0.0805636898384152 -0.0431619677958533 0.0748851583348193
0.127223418573122 -0.0274529366390113 -0.0449435410156513 0.112786740653819
0.125204966081113 0.0429069614915696 -0.0897747806637805 0.129548648238672
0.122649207670861 0.135244098714598 -0.170170776715043 0.0823781363876585
-0.0218760823987576 0.200594412907267 -0.191160924073889 -0.00944916244601446
-0.210586262660503 0.139004543591475 -0.10273655725918 -0.0824592621421143
-0.31312814146767 0.0251566151691164 -0.0598437233936693 -0.0173130860572926
-0.264312115952846 -0.0633071923107939 0.052378308481589 -0.0716817511504611
-0.272236603542561 0.0377340405562758 0.100065403476617 0.132924403122395
-0.148210404234276 0.182823723654225 0.243134360858774 0.0485067695635979
0.0453457682091496 0.220612352960065 0.204731916963772 -0.139437043988956
0.142100212384476 0.118582680699064 0.0381403465146328 -0.201464002911398
0.160830296633739 0.0221613577715995 -0.0595893672352351 -0.114784295404082
0.132201966763897 -0.0675131807720868 -0.0517380036708949 -0.0281238507389402
0.0929253747483951 -0.0905605537111945 -0.0293024991695579 0.00939369149375522
0.0966963020302134 -0.0947993287634581 -0.00217106310729989 0.0478991676213511
0.142105691168634 -0.0359700647868522 0.00393571329032961 0.0959390224177711
0.145351363927867 0.0444364643416155 -0.0362384322352628 0.136846523297809
0.138179547905852 0.15240172062094 -0.131125320238657 0.113859346563956
-0.0270056460217581 0.212697045629463 -0.173329353464114 0.0307476520870304
-0.213471512114679 0.132316267124456 -0.083493998714861 -0.0685449341220335
-0.307378298719679 0.00940353001121191 0.0279246488451615 0.000676056750994595
-0.21783433387602 -0.0933596309480072 0.157579471014852 -0.0180773530237528
-0.260159131649531 -0.0204096283266518 0.141194157578985 0.15187103239631
-0.180326663119495 0.140083541985706 0.232946469107977 0.0989331264193953
0.00565889283034442 0.222054782561142 0.220512223686174 -0.0647589483470104
0.126296509329898 0.135522285065675 0.101460220356823 -0.146950405730625
0.15828389885311 0.0367937881593586 0.0153604763210072 -0.111405066683148
0.138408937868058 -0.057714488791822 0.00815289134956864 -0.0521777266228883
0.100813758079677 -0.0883415520613703 0.0145888199566805 -0.0208450615964727
0.101492562203015 -0.0941161076817514 0.0408073441460714 0.019232740406316
0.14233797900891 -0.0336904860359193 0.048040389483865 0.0771426499795054
0.140933908207355 0.0578298924409959 0.00597435639966466 0.134218736200909
0.112018750372531 0.167054998834165 -0.101585623456386 0.123030685889602
-0.0562163227837303 0.191157212781223 -0.153825192421516 0.0449099226323623
-0.209624453308814 0.0752750503524671 -0.0586377613050115 -0.0638978951938975
-0.255444081776411 -0.0439580028685191 0.0985811347947961 0.0274974321874101
-0.121802449968223 -0.107617876651758 0.234850376507422 0.05832451714728
-0.184033919293309 -0.0759919676922454 0.156435803297178 0.175958014770576
-0.164980858666144 0.0622502598974031 0.196582060954073 0.150455021094775
-0.0349961034111664 0.171718173900718 0.212050894397916 0.0162108561188083
0.0813951483659483 0.124926331972761 0.150159688073526 -0.0794601261638439
0.123098772666793 0.0467952436016795 0.0857052566597489 -0.0946364973656139
0.120492977616984 -0.0350667119460849 0.0639800944389221 -0.0672450853576842
0.0912429145271447 -0.0738828485531193 0.0588651852749868 -0.0441244751327035
0.0974767097105788 -0.0753427313952606 0.0823422762064852 -0.00352462816541094
0.126808322476069 -0.0230363155404635 0.0907293047052506 0.0632647479897888
0.125133711081021 0.0571142671419268 0.0461641515923319 0.135437042790399
0.0804569209361298 0.157501997680166 -0.0713101681269399 0.137404823305197
-0.0806314295279824 0.147792442599985 -0.13338670353366 0.0623977316002063
-0.177682074040315 0.0296333873588358 -0.04449084451218 -0.0504524088884671
-0.175317793836914 -0.0658100440748132 0.149140193614635 0.0495548042826412
-0.015306608353567 -0.0801776213587491 0.278199738110729 0.101373198681958
-0.0800328146782244 -0.0827551287867996 0.168778519334463 0.173742659400142
-0.10247334975234 0.00612355023771729 0.170910422150079 0.164914791336504
-0.0352033079458574 0.0973850314068415 0.198246231506319 0.054619523317496
0.0420278633041105 0.0811132672923078 0.170224989824883 -0.0411001701351785
0.0731063056928162 0.0335885949453011 0.121761915346086 -0.0900834551354235
0.0796226783113957 -0.0190191455337192 0.100345941511013 -0.0790499434138994
0.0678798697948249 -0.0467281379702255 0.0915167759571017 -0.0616889035094432
0.0748906039060309 -0.0518974121672825 0.117745608110547 -0.0202441374898713
0.0952979308896816 -0.0132651237446847 0.1274815941279 0.0572422785712357
0.0944494941499911 0.0526489158966311 0.076962663852155 0.145573659066133
0.0376975627900871 0.130761925476422 -0.0556016883129201 0.153668730900231
-0.0922853469217467 0.0878872146708398 -0.124296030950598 0.0728764973996635
-0.126901464042725 -0.0265426634721142 -0.0364375726400614 -0.0393604296080069
-0.0706603985691949 -0.0863271547612591 0.170571200698016 0.0772406179073508
-0.0115440078752222 0.0801824294821622 -0.219707137941479 -0.0440892845003479
0.0680166980674685 0.044270721122419 0.0164816272529445 0.096274154627448
0.0643257495197184 -0.0449155240049606 0.155640720975091 -0.0792332291042981
-0.0167535714884431 -0.0764091516017763 0.0578234813190383 -0.212204762279346
-0.0504101146246455 -0.0245327632821295 -0.130134289947174 -0.193328194863582
-0.0366527823295782 0.00335427264936027 -0.191990025979863 -0.0536310053513556
-0.0370758677976563 0.0153030262264727 -0.151999943127986 0.0494838838636857
-0.0322770177514641 0.0182690251122421 -0.114471536942651 0.0906588039312714
-0.0274467957055742 -0.00170781938836088 -0.102731818279119 0.113945190754697
-0.0137426978608758 -0.0207852327306866 -0.127664139393584 0.117119284785298
-0.0048320851845162 -0.0309473137595836 -0.172036766718619 0.0748845053034903
0.0407521888826594 -0.0328320944154695 -0.211421545950429 -0.0222235935233768
0.0549882874933788 0.0374739469390397 -0.188936823420734 -0.126503669474805
-0.0164306226541255 0.0967533576564273 -0.16072043660642 -0.1782839185816
-0.0748469438551199 0.0662395382544737 -0.28146893449654 -0.0885481809879795
-0.113947133537833 0.0741218134102209 -0.204432070687895 -0.0825129523329524
-0.0177558215048677 0.0873769725061234 0.0152448790993878 0.0958238903926926
0.0435509249768231 0.0371729839062021 0.175788651855113 -0.0748319771062825
0.0309461297537597 -0.0120109026672705 0.0746959586038912 -0.229795125064596
0.00947194571959828 -0.00543980311552739 -0.127129695777229 -0.215862671258236
0.0186639585573214 -0.00613893937827508 -0.196954763748929 -0.0640557091492854
0.0061676296300054 -0.0201368279711951 -0.155507156505601 0.0464532488905955
0.00271112637684005 -0.0182817566748083 -0.114346786717155 0.0867521569186865
0.0168936919396492 -0.0317688431589662 -0.0962202581681581 0.11394394984875
0.0463890486541174 -0.0162419362815702 -0.116048357919045 0.12335062491575
0.0426008775835667 0.0102788127144702 -0.163905246321432 0.0915795432378057
0.0564808355409146 0.0413353412474467 -0.210304834266626 0.00192470083695131
0.00468067047220869 0.0998510515152568 -0.192014996129819 -0.0977339294376209
-0.115110494187209 0.106821020349876 -0.142776173266624 -0.141215779062808
-0.191510741991356 0.047969401583281 -0.230806687490204 -0.062687766078023
-0.204299945442261 0.0447135977546134 -0.150926316076023 -0.104751958348431
-0.1206984925539 0.108280100353162 0.031056575012133 0.103108185130596
-0.00425445321201401 0.119790475341801 0.206517056010618 -0.054785528119708
0.0686201502893724 0.073007693020725 0.111728748197007 -0.233963669347051
0.0752709932804424 0.0277374159039417 -0.100731786884871 -0.234697292731769
0.0800903874130081 -0.0088089750029887 -0.179291800755691 -0.0815152067217995
0.0547266784711902 -0.051000138231047 -0.140049720068253 0.0293096386893144
0.0379974410807871 -0.0530985211907106 -0.0984383678044529 0.0698657444123672
0.0527406651032511 -0.0609615520305721 -0.0725218008270245 0.102451562794103
0.0954841018585737 -0.0229911510207811 -0.0832403502150999 0.126181827077232
0.0908075702306402 0.0314489443147005 -0.132752860402446 0.118859836749959
0.092801275939073 0.0962682694515602 -0.198754001425011 0.048126020952139
-0.0130384313166253 0.161584483045662 -0.198658863161886 -0.0502538346534927
-0.178382510417683 0.132045617859023 -0.127015806265839 -0.104847996312069
-0.274556942811728 0.0441057724088957 -0.153218682386668 -0.0358555285605238
-0.261493124384774 -0.00146999067452972 -0.0616824501117192 -0.103355698184883
-0.217047873092353 0.0967691357139644 0.0641210894739435 0.115313385055393
-0.072874365264235 0.179953309165676 0.235843108989101 -0.0154222954955565
0.0798866642599438 0.160592420871703 0.159542994175765 -0.20932063736508
0.128809427157805 0.0711202898156913 -0.0454505798751692 -0.23527876175932
0.133945326870837 -0.000804531042303822 -0.133981664012913 -0.101339134085866
0.0998793024855316 -0.0703842006278631 -0.104108170790939 0.00333481281838271
0.0680634868728101 -0.0802717021443145 -0.0680928165780622 0.0435864845520254
0.0772091219750458 -0.085938697714425 -0.0386025770476277 0.079429358294007
0.127512393057356 -0.0357095799470622 -0.0391820743713296 0.117713218769588
0.129211278016975 0.0367478749646486 -0.0839442862235531 0.138178742574248
0.131342345643342 0.128416515663881 -0.169114901392173 0.0931961945886997
-0.0115710228554866 0.204520218734963 -0.192586959564656 0.00179083954715511
-0.205665079275195 0.152446629864232 -0.109599355559151 -0.0801934076196016
-0.313531828052731 0.0416318487892934 -0.0627050325065926 -0.0164188663159282
-0.270062427180848 -0.0502153338832879 0.0491895884053392 -0.0746831081905545
-0.273764684360659 0.0535918812957199 0.108124588393225 0.13050072644381
-0.139467215640737 0.191896305583792 0.248850026473139 0.0364561681578472
0.0589104261901681 0.21905460956651 0.200024171886725 -0.152195301847985
0.151132330163177 0.111396704347816 0.0257020511577118 -0.208092232508171
0.165801410412349 0.0131430232780465 -0.0667628440275591 -0.11351095984975
0.129439807773591 -0.076482876203409 -0.0529433005837044 -0.0265493112020562
0.0882541433424313 -0.095540752712948 -0.0298944728235726 0.010607617620552
0.0909373335598512 -0.100952871900102 0.000930507086722481 0.0493090962177342
0.142284193525125 -0.0454404644827231 0.00890006696208432 0.0978744518648012
0.149447078039562 0.0366054946184285 -0.0293997409000026 0.142823483285063
0.149095795709025 0.144760782296008 -0.128004803293325 0.123389606727674
-0.0150816619786831 0.215945898513802 -0.173628162210225 0.0420458618973418
-0.209284519863013 0.144719175932382 -0.0898090085205152 -0.0657113201861233
-0.30845175414786 0.0245441245377001 0.0268632387620163 -0.00374219693191624
-0.224352093319838 -0.0830835496519468 0.157943326156642 -0.025147555144331
-0.264437803420587 -0.00667326422884257 0.149630712335665 0.146657776703082
-0.174136091447801 0.14965407644099 0.241140624376665 0.0895530947124476
0.0188229997024112 0.221847760544245 0.219626442098466 -0.0773496434672051
0.136273909722785 0.129508512320544 0.0932759291854646 -0.156296820361108
0.163280789835538 0.0276298771618114 0.00903757071099178 -0.114384713768753
0.136486850523177 -0.0671675906732267 0.00525185117192051 -0.0548081102672644
0.0952418617630525 -0.0944117768783535 0.0134237316821899 -0.0228109401808159
0.0952702497506196 -0.100657950303847 0.0424140546326413 0.0174596937035878
0.142134556855365 -0.0429153932837329 0.0524672676599175 0.0763112913182013
0.145795251272093 0.0512643005607861 0.0132109793911572 0.137845848698115
0.123619065149011 0.16150436400789 -0.0971033856569809 0.131247495040979
-0.0470157085776778 0.196047581478902 -0.152370493889661 0.0547848918176433
-0.208241761394945 0.0871731014467483 -0.0640815308040294 -0.0623447873787501
-0.258983637480876 -0.031967822147376 0.0995611434854207 0.0195587978141952
-0.127917893992526 -0.101687476305922 0.240029442954481 0.0467717975135171
-0.189975916290658 -0.0670563867633048 0.165714770927433 0.170283520200687
-0.163164622589432 0.0710672224880336 0.20672005028392 0.143586641093106
-0.0250009067857917 0.173678622710812 0.216114207143808 0.0057249579250814
0.0912957107807268 0.121721697709477 0.14752012473759 -0.0901269672368203
0.128538289986029 0.0395020301641758 0.0817169269427687 -0.101945691586257
0.119101943911095 -0.0425351835056791 0.0615811519256702 -0.073137211697481
0.0867151916070513 -0.0788696802977607 0.0562585813338758 -0.0496374774700895
0.0923901407696535 -0.0821076059613469 0.0830910401935668 -0.00713556462830162
0.126202721417556 -0.0303463133987045 0.0949876051901 0.0596154525532952
0.129254874328763 0.0496658736391649 0.0542929682019755 0.136775649380769
0.091237016952591 0.152751999355062 -0.066441191269363 0.144783881081078
-0.0729073584554904 0.154498292724521 -0.13177415694853 0.0712155514243746
-0.177985879612377 0.0402404856017006 -0.0485610676616212 -0.0495362226624235
-0.179711298000971 -0.0575319810529459 0.152444810931419 0.0390134253856579
-0.0191786608048779 -0.0805668592351935 0.286031421199215 0.0881442236886675
-0.0850332325344275 -0.0793453499362978 0.178402981465773 0.166914570846454
-0.103112136896326 0.0108218241839391 0.181493778954996 0.159394165829246
-0.0298374941963526 0.0989885599508147 0.203331003167789 0.0448177777436735
0.0482866002272671 0.0791650853190453 0.170608582934121 -0.0524717729699733
0.0767002182983015 0.0297938305455181 0.118850146290804 -0.099751386730463
0.0788498897602198 -0.0234157414250106 0.0977757777441976 -0.0881628337566491
0.0647978029502492 -0.0504043800444411 0.0884321583494518 -0.0687286098656576
0.070884329849364 -0.0568966626980482 0.117866765008492 -0.0269157156503877
0.0952559750528152 -0.0202434505752272 0.13240436677653 0.0510620402979962
0.0979518414841669 0.0469882765834764 0.0867969498625913 0.144864129351097
0.0462144559678411 0.129430924384045 -0.0485898468497784 0.159980816688781
-0.0885016140534514 0.0945147704230273 -0.121602723004675 0.0811992928519564
-0.129852813587886 -0.0202491392423221 -0.0401344541052621 -0.038575770573166
-0.0757478793437301 -0.0840577713723701 0.17589024520425 0.0656333191883027
-0.00897374937792644 0.0781454390320274 -0.217738324225004 -0.0341076614303529
0.0698952701478442 0.0420266824413074 0.0213187086456499 0.0955844735949163
0.062400491110824 -0.046478975440968 0.15221201584187 -0.0839489615327435
-0.0212617312073668 -0.0753708785046433 0.0512950684108642 -0.214030569164227
-0.0515039020262699 -0.0229493414083573 -0.136683374172361 -0.187855436959789
-0.0364574123478116 0.00374104159076925 -0.193868769296536 -0.0469083688555261
-0.0363261267396891 0.0162995025914427 -0.148514279288445 0.0543322362744281
-0.030604927886262 0.0195924903109575 -0.109731902087494 0.0953122135681864
-0.0268518434059897 -0.00106500858721026 -0.0972427024458451 0.118259006590087
-0.01415253262765 -0.0205331730451836 -0.122542192529034 0.121560425199743
-0.0056138189120629 -0.0294466645016085 -0.168387354716762 0.0803218747807231
0.038571701337762 -0.0339779995778827 -0.210618234152636 -0.0141349906418263
0.0555018490246402 0.0346025106216621 -0.190582736045686 -0.121171751796231
-0.0112200522051537 0.0973801716280709 -0.16510326650269 -0.173171018629842
-0.0720558897901684 0.0672865964518204 -0.281399437038303 -0.0779065762318772
-0.110188181881682 0.07635098379489 -0.204899923085962 -0.07226172601594
-0.0139477375922736 0.0869712032894026 0.0196661740863108 0.0961654558484421
0.0453311413030144 0.0345299336292805 0.172443056865411 -0.0807605746482438
0.0291343143649383 -0.0133780419953738 0.0679281762701298 -0.231023517938147
0.00909685627196095 -0.00643825260573527 -0.135351629171886 -0.209597192040796
0.0183070004250895 -0.0077097551438033 -0.198176585960194 -0.0567680753053674
0.00517757293493853 -0.0199740942620218 -0.151901960171156 0.0506438570701974
0.00245299489974673 -0.0173928432524153 -0.110090324249239 0.0912303944694444
0.0154024266457992 -0.0317876845804661 -0.0908542512152488 0.117891275371828
0.0458684124087415 -0.0189137429829625 -0.11015532181545 0.127948779140664
0.0421770769134619 0.00938031917433981 -0.160026569387433 0.0969133930071805
0.0567419908112753 0.0382310146964552 -0.208862563646557 0.00950099587829184
0.00804329831522861 0.0982599001952542 -0.19246538590794 -0.0922321432600147
-0.109388333681497 0.110704552718015 -0.147747655779691 -0.137039646605347
-0.186579045306483 0.0529327308270234 -0.231392842912203 -0.0546581015596146
-0.199279967826601 0.0513231413576589 -0.153288667915326 -0.0967221040787258
-0.11536656206081 0.111615203992228 0.0349348491545962 0.103025972009939
0.00121671825135544 0.118116305336861 0.203801665711882 -0.0608306099774545
0.0698421562562428 0.0688819797229683 0.103771253224644 -0.236162756395194
0.0752484848905372 0.0232284915280737 -0.11023822761821 -0.229448738915399
0.0795446526670041 -0.0121273737509242 -0.181386192941262 -0.0744771912082353
0.052069440588177 -0.0526239650045975 -0.137163171260908 0.0336012537557334
0.0356567968624364 -0.0530446055532241 -0.0948992496318685 0.0735676266503982
0.0489603414037489 -0.0623730661778499 -0.0675615794085462 0.104988554725665
0.0939209999415727 -0.0271916749048961 -0.0781950988028888 0.129200016243786
0.0908807855327999 0.0287461556456398 -0.127234576842954 0.123847602265704
0.095191737849396 0.0914439430805861 -0.196350949765059 0.0541778058622884
-0.00729094887230268 0.159538803465391 -0.197632583049744 -0.0444316917308519
-0.171518609322353 0.137643835818957 -0.130900961001908 -0.102580831186185
-0.268560477524328 0.0513593339153778 -0.15398890718342 -0.0307726696457671
-0.257820276236073 0.00821166267874656 -0.0647440800589154 -0.0982940314853106
-0.211584792743407 0.104302607385675 0.0666219624063602 0.113979565235196
-0.0643248832052803 0.179646633795585 0.23399203256473 -0.0225103622769128
0.0848936655352767 0.15421134494025 0.150838575106513 -0.213192425038662
0.130520082313407 0.0641215085619463 -0.0563682062551533 -0.232092695861036
0.133997522448119 -0.00743827109983472 -0.137163938545517 -0.0957900199346971
0.0952528081080867 -0.074216387707142 -0.102881293252882 0.00605733927212074
0.0635945309060398 -0.0811811892064373 -0.0666150340906848 0.0457517868368707
0.0721048693959382 -0.0881500663242817 -0.0348774561856365 0.0816924522875804
0.125791144146967 -0.041263023817528 -0.0349883920593177 0.119163258074205
0.129177216124992 0.0316987119157526 -0.0785803457968906 0.141926515708274
0.134615786534222 0.120873987461628 -0.165313690193836 0.0993405401220018
-0.00412949527946426 0.201867600613747 -0.190041612830312 0.00845902112301488
-0.198198981916467 0.157910063762332 -0.112875975156825 -0.077915353841126
-0.307184287250998 0.0504406604544097 -0.0645484741119251 -0.0152686866749016
-0.267816977980793 -0.0392029999291656 0.0449595730476427 -0.0741647485345084
-0.269319847615318 0.0628289309067281 0.11051371570599 0.126907772737076
-0.130174262635871 0.193850487167278 0.248640532803758 0.0286986055543364
0.0661333883353991 0.212258680146365 0.193200290446385 -0.158700503521116
0.154608056950921 0.102529259292258 0.0148749423579057 -0.207868485851815
0.165560065894627 0.00583187835950625 -0.0715216587199382 -0.111265652625022
0.124708386092373 -0.0811755469278156 -0.0536070547145389 -0.0259978012554955
0.0837136339108293 -0.096781831943406 -0.0291499057548017 0.0114172641393092
0.0846168778490177 -0.103057497038845 0.00313506874786604 0.0498016201165479
0.139392888601799 -0.0514165325406361 0.0124929427151004 0.0979691028966718
0.149620358206355 0.0308779755134876 -0.0240179370659282 0.14460194783857
0.153286731421252 0.136030926615402 -0.124019074583889 0.128200309375302
-0.00766988843524209 0.214764993413276 -0.169608894845347 0.0478618577751318
-0.20252092111134 0.150969392053436 -0.0927402255476226 -0.0635365471737956
-0.302505582224949 0.0343217974486161 0.0245223656421299 -0.00695009900410676
-0.223283098916694 -0.073803909188928 0.154214147074565 -0.0301428603205945
-0.263022237570949 0.00351334628607293 0.151939249343889 0.140949828616788
-0.166886745446152 0.153539185802464 0.241776804560878 0.0812167406279563
0.0266234559638306 0.217201828648815 0.215408596830646 -0.0843305135458955
0.141233896571026 0.122531579774724 0.0850456186241352 -0.159396524010421
0.164007926133996 0.0197924498007648 0.00477819197683389 -0.113969776300478
0.131786302009635 -0.0723236954017155 0.00292670011869409 -0.0554742319080802
0.0899741362559385 -0.0966136019296128 0.0111978520832696 -0.0237407114303231
0.0893721724686463 -0.102890681948106 0.04255713497242 0.0160069982093934
0.139249072332205 -0.0485392880183175 0.0545680613135633 0.0745304749161848
0.146231962066952 0.0448792185431123 0.0185060671361161 0.138127254852067
0.129402827793414 0.153611388083706 -0.0934389596740361 0.134361095309868
-0.0388357465297688 0.19580444445469 -0.148199499015238 0.0606981003511902
-0.203719110377301 0.0938142867819098 -0.0670971731096404 -0.0609586073212948
-0.255921619314677 -0.0226232252582331 0.0983478853957501 0.0126218010844578
-0.129713992967796 -0.0956382636427448 0.238100601838272 0.0385364546628818
-0.190205303250979 -0.0599119409207216 0.168387311089763 0.163165122948922
-0.159496527276382 0.075679544208724 0.20933973955578 0.135910213962852
-0.0183421252551127 0.17140631346092 0.214325030906771 -0.00166550322540648
0.0956575610107522 0.116755917640468 0.141420464332904 -0.0954147531180822
0.129305308867866 0.0335424350289502 0.0767773952398715 -0.105263140267154
0.116447799309489 -0.0477414636584127 0.0582806569631412 -0.0768632932962024
0.082141244776219 -0.0810025535097885 0.0528460928465531 -0.0519055516106323
0.0866294225655789 -0.0838970393401492 0.0820631812536069 -0.0104549069059181
0.124029344572739 -0.0362438762215203 0.0960354538166169 0.0557099943056981
0.130153775435148 0.0436647800496671 0.0597140755638036 0.136440970579026
0.0978852089637394 0.146195961739862 -0.0621098953831859 0.147338045866502
-0.0662938403664064 0.155981567584622 -0.127850014581367 0.0761774774048989
-0.174588278304033 0.0450800668199674 -0.0516553086456562 -0.0480661421283556
-0.178493152044468 -0.0512495235143352 0.151336079720531 0.0305246912123118
-0.0211379568079456 -0.079504303858488 0.285872413768186 0.0776207710696918
-0.0867838385689902 -0.0759996918567095 0.180113718178844 0.1597152704441
-0.102091266557752 0.0141407332542991 0.184393552024044 0.153533914997302
-0.026080957837985 0.0978393156620344 0.203915195563208 0.0385589002693126
0.0523663388470343 0.0763085386379115 0.1678481219032 -0.0587675513607677
0.0778167232469344 0.0259803512054314 0.114532230286543 -0.104367951277598
0.0770506877489072 -0.0265299032260049 0.09315422717303 -0.0931429955169329
0.0614180422941172 -0.0515954504085541 0.084162679175433 -0.0723880243163528
0.066358619137776 -0.0582888838867689 0.115102344514705 -0.0314480051358126
0.0931676513232383 -0.023662368579321 0.132937080311962 0.0463278386777412
0.0988146513495364 0.042236019641082 0.0904621158822351 0.141527652199119
0.0516483160063739 0.124926383419305 -0.0437217698147717 0.161944833954695
-0.0844956981731943 0.0973372559004689 -0.117824346692567 0.0857009105904503
-0.129479980442448 -0.0153381353336561 -0.0421290863905615 -0.0378839808123757
-0.0772974554138561 -0.0811031348022856 0.176092327817815 0.0562583451057404
-0.0135272647711626 0.0796124023764496 -0.210406684669943 -0.0428303747065936
0.0684790636293122 0.0448481278858378 0.0189416332490994 0.0946780764971959
0.0642925941550305 -0.0440776628454423 0.153529185140645 -0.0778990645470867
-0.020121620753722 -0.0744330008893165 0.0575933922573442 -0.212328891834163
-0.0513758866420086 -0.0226766068981148 -0.131077260895307 -0.188950721394537
-0.0369743697711852 0.00323341340577056 -0.19019867305396 -0.0521030211813717
-0.0383201211902868 0.0152647900428605 -0.148580599977052 0.0488089914423543
-0.0313098221238992 0.0187395989420931 -0.111333856533698 0.0931634657551702
-0.0284977792282294 -0.000919193162578495 -0.0998742513994197 0.116113647675784
-0.0145604938850472 -0.0204242214853318 -0.124151888358042 0.118343722813671
-0.00610340537983588 -0.0282950675868106 -0.168820210612196 0.0735654615482404
0.0351163934546848 -0.0314455412754467 -0.204895187771958 -0.0221948865448594
0.0510682350299258 0.0339946337609266 -0.180903916594303 -0.127247037955064
-0.0159135580955266 0.0939869697221179 -0.157895201596677 -0.181028909787795
-0.0767729552348214 0.0651268054700501 -0.274648402119742 -0.0937789026505194
-0.115568280757941 0.0714569903541562 -0.197190856530726 -0.0758952321788255
-0.0178622751917841 0.0852215433598996 0.0188831783290132 0.0980753788173214
0.0423463322805666 0.0348545472136345 0.176422725326085 -0.0726776222155675
0.0262931976755503 -0.0123085425893334 0.0780218749165668 -0.228172890920365
0.00729768411964303 -0.0037086994966535 -0.127310168848052 -0.211773164687568
0.0186969595773343 -0.00619908616076136 -0.193311929977848 -0.0635176465458225
0.00409102815386376 -0.0193137600125398 -0.152426168231173 0.0444064137104786
0.00375082310536378 -0.0169666317694252 -0.111011726401974 0.0882720281857043
0.0152873764878781 -0.0307236334668825 -0.0922866760551888 0.116004676919923
0.046495874475717 -0.0173124135364387 -0.112146448164911 0.125504064127777
0.0415270341333641 0.0129563972493926 -0.161054822413192 0.0926426357438691
0.0510365941711281 0.041201162293418 -0.206512319387252 0.00460133744380502
0.00107539905510714 0.0963649817405217 -0.187195767629841 -0.0990792595646877
-0.114286686626094 0.104463098453339 -0.143069078896921 -0.147363532679292
-0.189025174380937 0.0488278984007616 -0.226549282815245 -0.0718088300042622
-0.204073355386052 0.0408889020844703 -0.147188044377787 -0.0937730228412035
-0.120459782093123 0.103810180255692 0.0345448980437229 0.108181310981417
-0.0062039745875131 0.115082820105587 0.209170269632925 -0.0495120055169308
0.0623649473949625 0.0698113485154356 0.117453563817942 -0.230107814381703
0.0713803917140449 0.0287614445018103 -0.0992364985223531 -0.231739196272452
0.0800702911074207 -0.00861622135447762 -0.17456286784306 -0.0820438978110849
0.0524799942850091 -0.0497547073564305 -0.136865493472242 0.0261939824357978
0.0383239785298624 -0.0516010661760943 -0.0956600424281659 0.070225597541032
0.0506301082491425 -0.0600545669670607 -0.068429354423655 0.104438066189782
0.0961560601321204 -0.0247171154501441 -0.0798055818071249 0.128462781305308
0.0908136986429682 0.0339696416200526 -0.130464629387101 0.123022169297363
0.0878793903115067 0.0946532392663493 -0.196776954901454 0.0529382986996598
-0.0165164758444714 0.157810649959278 -0.196164609279448 -0.0503489761899512
-0.177303160593501 0.129664935766589 -0.130271493070089 -0.113815506067774
-0.269861725520362 0.0443565169686534 -0.153172622267422 -0.0474275274479015
-0.259594042631834 -0.00785479759606593 -0.0627087014629691 -0.089627888587464
-0.216278836661771 0.0894239442078737 0.0641790293164184 0.124050912720003
-0.0757012336293472 0.171585854029629 0.23868800739258 -0.0071032509187706
0.0734268885526748 0.153385914086872 0.166344732637354 -0.202615881406414
0.123589423902391 0.0710105212384799 -0.0435571802833514 -0.233524070567203
0.134184590212911 -0.00161291796296027 -0.129989328248101 -0.102524228031251
0.0973148346306148 -0.0695057496032151 -0.101984976458999 -0.00159943358931758
0.0682784469280757 -0.0782506666207331 -0.0668705329333449 0.0426099544383153
0.0745257372236943 -0.0847828097483596 -0.0348338364883346 0.0817475388303682
0.128324506591704 -0.0377360294005943 -0.034978421104531 0.12049679929753
0.130283265924878 0.0377997420807057 -0.0810754330890197 0.144496856562275
0.127313421632075 0.125902574199753 -0.167282243831632 0.100646763803819
-0.0149951564405859 0.201450479608624 -0.192645019634881 0.00188516522699442
-0.204207925941886 0.150109079717039 -0.114417657294772 -0.0887202974355701
-0.306757270828134 0.0426974346775105 -0.0665783850433358 -0.0290769751113941
-0.267070673426187 -0.0572856220190808 0.0429076211893229 -0.060395820641627
-0.272046711306904 0.0444622660736717 0.105064783141838 0.140666784599796
-0.142337476651391 0.181716988604768 0.250639179836009 0.0479943204292853
0.0517604121615597 0.208171428960224 0.206548661260517 -0.143943049343914
0.145509974188437 0.109320032894756 0.0281008177869274 -0.207049338450508
0.165002680458306 0.0119836986004198 -0.063525197316855 -0.115118978903095
0.12727344609203 -0.0751755921958972 -0.0515832328283077 -0.0326161446419102
0.08796484780222 -0.0931318819708356 -0.0290236782835591 0.00840095593518972
0.0875060373146973 -0.100167160806913 0.00422710147010003 0.0507607792484588
0.143038887780576 -0.0480142366277564 0.0121230393854563 0.100472355070219
0.150564488089516 0.037636777516909 -0.0264559617215619 0.149830763732848
0.145640734884061 0.141494043367718 -0.127031551090087 0.133135279425058
-0.0183998146525954 0.214787305795058 -0.174348312456852 0.0426498547604936
-0.208881260291236 0.142929952146422 -0.0955491944076857 -0.0734225947381502
-0.300612167894 0.0262643837923817 0.0203079043500057 -0.0158797656830395
-0.220376166547971 -0.0908490847490032 0.148911165351892 -0.0129829201856357
-0.262049534950773 -0.0150255308500672 0.1427047719163 0.156802101243101
-0.175211103052896 0.139312967997308 0.239267967107166 0.100917560248844
0.0132193688036721 0.211096800404522 0.224080777324162 -0.0685337109756752
0.131809587778777 0.126344685865509 0.0958559955842606 -0.155675722929702
0.162375677811533 0.025850612159744 0.0112186559202565 -0.116448957469452
0.134641714039935 -0.0671170828439882 0.00540471405137205 -0.0611682610579052
0.0949556172376129 -0.0925525991278606 0.0126812042029927 -0.0257663657515582
0.0923834000927633 -0.0994351699852644 0.0434209421126306 0.018319489219508
0.142130637925635 -0.0456089921801833 0.0544282538970974 0.0784493404692471
0.14684406255535 0.0514072620383261 0.01477263333166 0.144459300730668
0.122755373589149 0.157239065412544 -0.0987849288652133 0.140424219503669
-0.0487750380526255 0.195745568357167 -0.153949764795048 0.0556439571745792
-0.207317240716274 0.0853387781951919 -0.0683253522343072 -0.0696128242389321
-0.25217960910211 -0.0293292413332386 0.0937176556642925 0.00767116109738765
-0.124064429312181 -0.108179150500968 0.228316219100679 0.054839051364286
-0.1860494104197 -0.0745744628322634 0.155043725175933 0.176699931936466
-0.16265609537076 0.0622779481683642 0.200786409312178 0.153525086753858
-0.0274177433582701 0.164390811339139 0.21777513767073 0.0140350508973245
0.0869672372215558 0.118155870136844 0.149260548483382 -0.0896932432206867
0.127200767504348 0.0377209263573777 0.0823993865432635 -0.103563381047702
0.118937519551059 -0.0431992930753945 0.0611616648089447 -0.0799591042992286
0.0857872831901919 -0.0770289024363739 0.0539862218372089 -0.0521369193028353
0.0899088032283187 -0.0812262567226277 0.0825437276903095 -0.00797748275373647
0.126722859487827 -0.0329252986044896 0.0954140260043971 0.0599424870793778
0.130473128279523 0.0491458603471962 0.0552401784171769 0.14314950248126
0.0916503050434966 0.149589490186437 -0.0688671249241483 0.153481452602222
-0.0739720573105424 0.154708357181421 -0.134497649257977 0.0705971059594961
-0.176559695543266 0.0386717086934606 -0.0521487855096701 -0.0557847844673401
-0.174537536530046 -0.056206792769477 0.146213981179749 0.0299438570319315
-0.0161563062973127 -0.085295792984344 0.275126027142196 0.0922126586189543
-0.0816170343405939 -0.0838819942075521 0.166073848569332 0.170685130586277
-0.102027710100433 0.00502954908260166 0.172947739524561 0.166689409473502
-0.0308169779373078 0.091759675573055 0.202623259966976 0.0502551601091092
0.0466569809974126 0.0762806455661884 0.171859797235216 -0.0526099191406502
0.0757926503136574 0.0278648362215809 0.117940939123506 -0.101366556865426
0.0785860172487243 -0.0240043583255774 0.0958626944018388 -0.0939640037935664
0.0643209910723065 -0.0489469073943138 0.0850324552779914 -0.0712332689267126
0.0682115396312454 -0.0560287839137387 0.115415749242352 -0.027780588431007
0.0952443912995239 -0.02164349679513 0.131498741680599 0.0506771071098385
0.0998068212479329 0.0465522091463445 0.0852118908581268 0.148479246516367
0.0469830386338139 0.127924579954828 -0.0525724953249426 0.165918795966097
-0.0897836360333784 0.0958858880335623 -0.123722308329367 0.0791997279022879
-0.129145797229643 -0.021245083418078 -0.0412720288935015 -0.0431035395559896
-0.0731497818609025 -0.0834764932639623 0.170468862900764 0.0597138402176761
-0.0147826384018112 0.0797923330086161 -0.212642365163043 -0.0437420673012401
0.0693889670063807 0.0459727160107054 0.019927173398675 0.0978059134134961
0.0658151258328665 -0.0451709977127312 0.157731658962274 -0.0786851866843689
-0.0210292809010869 -0.0757182727670658 0.0614895018260855 -0.217875661800731
-0.0530557439318312 -0.0237555049191963 -0.132739144279632 -0.193469790400176
-0.0386674162879759 0.00270757330823938 -0.19410612826123 -0.0539740538717803
-0.0392579224943321 0.015880834565051 -0.152263430559222 0.0488118260779546
-0.0315755437185822 0.018740007761467 -0.112808587158695 0.0954066134715477
-0.0282746275424438 -0.00131166508290132 -0.101626005729563 0.119169853559878
-0.0146945207984351 -0.0211573377013864 -0.127378209536616 0.121044935152856
-0.00561881687057771 -0.0274397499592395 -0.172789764208388 0.0734621734624876
0.0352558902538736 -0.0321217521376364 -0.208036960315955 -0.0236817132717164
0.0517340882454651 0.0350860759298882 -0.182260374071196 -0.134076991795349
-0.0156651364058195 0.0956901179798137 -0.158881867848943 -0.188159036871978
-0.0792716668406839 0.0644117788255075 -0.27759816352889 -0.0968664149446642
-0.116920418270783 0.0712785826961472 -0.19925157861309 -0.0768133471954546
-0.0180118861160296 0.0866754942604368 0.0193452422245196 0.101363128154947
0.043556780992752 0.0352298969529014 0.180849049538342 -0.0723573005988011
0.0260795523324781 -0.0125716733360127 0.0826965214464801 -0.232088097633798
0.00665462827332048 -0.00447164113519423 -0.129293084379227 -0.216237344070814
0.0184035076882215 -0.00717075947993179 -0.196893617560912 -0.0659747623709239
0.00417271154659638 -0.0193160010903748 -0.155107716921287 0.0435512884259919
0.00407732405268135 -0.0171323688581765 -0.113142318908295 0.0902784173094852
0.0153921318653932 -0.0309617030060735 -0.0937796458876155 0.118874023180542
0.0480610184077872 -0.0179964462274487 -0.115309634308315 0.128125478384934
0.0426746730137349 0.0143589990603735 -0.165374681738761 0.0937913670885038
0.0508859824398433 0.0416523837100563 -0.210792164433182 0.00250094107122598
3.54595412757064E-05 0.0975154978219104 -0.188108352545746 -0.104737739522835
-0.116288250899558 0.104746645293605 -0.144700086680226 -0.152868006774577
-0.1929205523611 0.0460812407439354 -0.229883374751236 -0.0757632143427254
-0.205813145819852 0.0387131272534796 -0.148934128303878 -0.0949382575766022
-0.122783313327037 0.104895885189593 0.0344272276562133 0.112411092241903
-0.00614827259443453 0.115819225734363 0.213832451484301 -0.0482557475980775
0.0624416526901013 0.0699115971416413 0.122265558124291 -0.234101001102001
0.0720277059458638 0.028363951809435 -0.101016793116199 -0.236019062415528
0.0810408627068316 -0.00999474254438699 -0.178020269650471 -0.085074581575008
0.0535136292498075 -0.0500942396419247 -0.138946433319193 0.0253355951572638
0.0395176496809283 -0.0509917342099146 -0.0979975439090192 0.0719123677889397
0.0510541342670718 -0.0603098601620991 -0.0697001372872089 0.106928132119138
0.0984172013088939 -0.0256941633073018 -0.0815805013582491 0.13221508945848
0.0919726103888098 0.035515330694429 -0.133183977835092 0.125963830910959
0.0887225899846134 0.0964902176526389 -0.201458383561578 0.0522642151479436
-0.0188542092280479 0.159733611406838 -0.198094537812732 -0.0551602965182585
-0.181127861596028 0.130701488981177 -0.132273678008025 -0.118863921226937
-0.273608973827887 0.042206877523827 -0.156113410915082 -0.0504253151106651
-0.261609585046563 -0.009491517781271 -0.0633898364725129 -0.0903390572990143
-0.220090011232242 0.0899516321007257 0.0640200717597974 0.128483449926529
-0.0772374108260236 0.17313135538413 0.242516730711486 -0.00400645546532923
0.072591357453655 0.15457663015015 0.171747017441662 -0.205190952748719
0.124813068729128 0.0714866024611551 -0.0443823774130058 -0.238037224821438
0.136928453312387 -0.00264937117372416 -0.132010926595834 -0.105090030532548
0.0989603876977548 -0.0704087843771733 -0.103260336418206 -0.0024912199324021
0.0694389122306194 -0.0785593517470682 -0.0691430406376405 0.0432861749305613
0.0751047399092076 -0.0852262402919109 -0.0353774745729129 0.083321722404358
0.131292711332654 -0.0391590531424825 -0.0365461965803503 0.12378261359811
0.132040451422978 0.0402634899399943 -0.0829723570771848 0.148347923996041
0.128486023910904 0.127492545081078 -0.172213734075956 0.101953046154471
-0.0166832761695297 0.204185983128116 -0.195398801484731 -0.000896103834929751
-0.209094790565648 0.150852881947382 -0.116765963641719 -0.0927162781206973
-0.311584906557339 0.0395555862933477 -0.0684026786259609 -0.0317218322214436
-0.268381608603687 -0.0596999007787943 0.0431244661255128 -0.059752747347332
-0.276364875117799 0.0438942779853858 0.103523747144727 0.14587945584597
-0.144944603083832 0.18210149345429 0.254075308159075 0.0521175893249566
0.0518219113839471 0.210648105568942 0.211985888993746 -0.144231951172935
0.148313032976947 0.110023838913503 0.0276093866912325 -0.209587078788457
0.168040036487429 0.0117476584094515 -0.0641080576785152 -0.118405850269518
0.129960222394978 -0.07643690893612 -0.0528785329727751 -0.0339248482164906
0.0890111390687011 -0.0935925084546553 -0.0308370426416286 0.0088876496197902
0.0876474275913888 -0.100307029230079 0.00459935208118406 0.0522290626894275
0.145486355446238 -0.0490769106220396 0.012711162490861 0.103912257972915
0.153094460488037 0.03944690769349 -0.0272881811988791 0.154416854661133
0.147630550889514 0.142744549549257 -0.131564813661476 0.135068590509736
-0.0197293671519857 0.218258773077893 -0.176671539141886 0.0412202501648828
-0.213284992423005 0.143788753853252 -0.0980112525455589 -0.0768484643946816
-0.304241973915046 0.0233726083438691 0.019924349450264 -0.0179843655925096
-0.221774228503559 -0.0946511361272322 0.149730523052678 -0.0107260316758454
-0.266242129180706 -0.0174473419916577 0.141383145991209 0.162651886523819
-0.179010811631198 0.13921138367839 0.241583001392878 0.107229402830864
0.0123476915128206 0.213354920812063 0.22861981564011 -0.0678208320027931
0.133589573684618 0.127840090767313 0.0976051200501113 -0.157862727384812
0.165623440782342 0.0251831524191113 0.0120886392509067 -0.118888660395423
0.136748409705491 -0.0685182914477668 0.00534372067547299 -0.0631012892775795
0.0961835358042251 -0.0928380443839483 0.0111438624338954 -0.0258220402655047
0.0930473649174187 -0.0996544491167944 0.044643894365368 0.0189559552426373
0.144272189172906 -0.0465928357696353 0.054717753508913 0.0814197838433395
0.149418921112969 0.0528691376847532 0.0145122965686163 0.149339035144883
0.12489727681303 0.159386415502478 -0.102545426206573 0.143798372350668
-0.0506050890643585 0.198270071127871 -0.156822386143758 0.0549119311926257
-0.211182835318808 0.0857859584739121 -0.0701267086344603 -0.0725031889334109
-0.254775363440682 -0.0329099014326655 0.0940954288205899 0.00630819890866403
-0.123446503646678 -0.110905347660007 0.230455584795028 0.0585750060603109
-0.188535173606413 -0.0774205333951983 0.153756071823709 0.182252629245881
-0.166005525915033 0.0606605218819203 0.201796879835048 0.159957895465447
-0.029411845485018 0.164707302046282 0.220898380923 0.0161534308389021
0.0889234833217845 0.119534001537478 0.151886367608498 -0.0913554163381583
0.129992022252227 0.037771525455303 0.0845712862488653 -0.106292169834062
0.120516577390406 -0.0440297637929024 0.0622045232044125 -0.0827710036692451
0.0871312068559308 -0.0773954912654457 0.0536158433662108 -0.0535451856177085
0.0899145015828881 -0.081336184646096 0.0832905336334377 -0.00717359003580767
0.128460118511002 -0.0339903912497416 0.0967475811924283 0.0629256030745209
0.132637240446413 0.0506891017090545 0.0556198881486016 0.147683617980652
0.0937770661027884 0.151374857226049 -0.0724140619729376 0.156858180429013
-0.0757521320338394 0.156819644245218 -0.137179064949757 0.0706396167674119
-0.180342250090552 0.0373985992070552 -0.0532290188523425 -0.0577276470227106
-0.1757212767636 -0.0589700274127175 0.147137843752652 0.0286632452375927
-0.0146981677218052 -0.0870068041805535 0.276964152108405 0.0960491672754653
-0.0819244124235481 -0.0868258411832729 0.164850496183474 0.176724044477517
-0.103668173793835 0.00359625339660544 0.174337649123541 0.173618367195428
-0.0319324976209369 0.0918520700642142 0.205515801211212 0.0541922956809891
0.0481983370691793 0.0764132419138173 0.175783240137973 -0.0530943072339808
0.0772783649683594 0.0281015822702959 0.121095026850146 -0.103629662979471
0.0797219997882725 -0.0245941932037361 0.0973113532294088 -0.0975443542697677
0.0649077818959744 -0.0489003095114931 0.0854324032706122 -0.0727787207813007
0.0686389676288257 -0.0561536217022631 0.117068524911508 -0.0280623611460352
0.0963094228044162 -0.0221984806507086 0.133136929676898 0.0532722735587639
0.100609046518776 0.0472476804635703 0.086767815196057 0.15274902605151
0.0483788522280368 0.129411444620355 -0.0556168744580615 0.170150160643745
-0.091821982775012 0.0971901212009905 -0.126931904845662 0.0798639249207916
-0.131042753805587 -0.022470384771784 -0.0419883731047619 -0.0460410444491257
-0.0723882209451855 -0.0855192799765936 0.171897669693605 0.0588834644515874
-0.0161349139524499 0.0814928425253622 -0.219960181501083 -0.0448712844191481
0.0728342929629297 0.0486325186665982 0.0218177242417598 0.103440887700688
0.0685767473339264 -0.0476699689349033 0.166747620230614 -0.0814940748978419
-0.0224934980406842 -0.0787672891438735 0.0659670332375523 -0.229567726450856
-0.0563444666915335 -0.0246103691346732 -0.139030473097154 -0.202936031243982
-0.0414529794164062 0.00281959493209736 -0.204001817278051 -0.056696786219902
-0.0405898607874492 0.0171343244456145 -0.158757386245049 0.0506348191721312
-0.031898563707671 0.0196454945405378 -0.116720124548575 0.101146068867086
-0.0295538853915788 -0.00135702223244184 -0.105341477058893 0.126268195703571
-0.0158511843834449 -0.0226993917021438 -0.133651751533966 0.126880966378251
-0.00562291223029404 -0.0279800025630656 -0.181556075134797 0.0767225242189097
0.0362461238256556 -0.0332866904781633 -0.216612525649496 -0.0261361136231869
0.0535455172249358 0.0362147214733218 -0.188631230530454 -0.143667914526583
-0.0156386414708325 0.100133615362599 -0.165245637726598 -0.199196846742966
-0.083728306188765 0.0659099634018553 -0.288256507398873 -0.102330463378134
-0.121657294035149 0.0727727686641901 -0.206789831252169 -0.0794781730315495
-0.0191328175656023 0.0909046128113929 0.0214253318251081 0.107145501095658
0.0459930252059521 0.0358112663618729 0.190406326656675 -0.0740566663194158
0.026837264997301 -0.0132010705652449 0.0878492233564853 -0.244592008242903
0.00648634797405316 -0.00441843101950026 -0.135239656057159 -0.226135104982982
0.0181353231260206 -0.00836277413925384 -0.207321727406781 -0.0691462326062784
0.00450794040607626 -0.0197620343007607 -0.161701494785632 0.0451768568638704
0.00435267696599418 -0.0174714211012844 -0.117396313742656 0.0955683784174003
0.0157951399255997 -0.0319350887379011 -0.0970884250484789 0.124889177128938
0.0499127536079342 -0.0195033643899717 -0.120594077772248 0.135163106270891
0.0454780713501725 0.015578929562827 -0.173121748297207 0.098149013777569
0.0522904397741741 0.0430850687555802 -0.22027960712762 0.001917107700526
-0.000584069768276112 0.101124546314267 -0.195976881794855 -0.112185622169265
-0.121361626008266 0.10959816322015 -0.150528002603205 -0.163010400410436
-0.201489732809633 0.046631533848679 -0.23932942865182 -0.0800360395966746
-0.212458022815098 0.0392841596345633 -0.154404033268433 -0.098055607229325
-0.128013159707738 0.109971645218242 0.0364044945450364 0.119389572937526
-0.00567489608957515 0.118915693050073 0.224079362027259 -0.0490084052015793
0.0650451181684563 0.0720938358814911 0.129513429548975 -0.244999392359246
0.074279307861825 0.0290539420587706 -0.105894775405175 -0.245918620555863
0.0844410706806175 -0.0116200423119984 -0.186386306208911 -0.0888568864886396
0.055349317760574 -0.0520674178975352 -0.145091080232897 0.025908523864299
0.0411151070451866 -0.05306626479319 -0.102334640536722 0.0764769368789027
0.0527458710092162 -0.0627865548854696 -0.0722415841559193 0.112341485868323
0.102897999142383 -0.0277680363828041 -0.085614569644525 0.139050649845778
0.0972991439313638 0.0383992590506055 -0.139699438803621 0.131592637137257
0.0919919606336961 0.0995413271642768 -0.211523763295344 0.0546054798653224
-0.0197439006242395 0.166228768789178 -0.205814186332261 -0.0607118397294626
-0.189230837771258 0.135451300336829 -0.138500776654207 -0.127030702553571
-0.285429714419707 0.0410509228847805 -0.162825154583088 -0.0545432246103165
-0.269788846178682 -0.0117664125910779 -0.0664735978510868 -0.0927493856519858
-0.230045244623087 0.0935746148375676 0.0657559444443477 0.136162287167669
-0.0793465541010737 0.178228340376284 0.253699894296444 -0.00237192085247551
0.0754434148408626 0.160259996049273 0.180529625056473 -0.214381127249376
0.130127945394061 0.0730460302447508 -0.0477946075976007 -0.247504156068763
0.142533403352383 -0.00450061093055474 -0.138620938111481 -0.110084978361052
0.103294450661153 -0.0737126972183091 -0.108292609746144 -0.00355542217733286
0.0720457352405965 -0.0812658119189628 -0.0730818843405861 0.0460717922529236
0.0774552314104658 -0.0878858905778132 -0.0368934057620428 0.0872136890851629
0.137591327000949 -0.0415045243110819 -0.0383876900035294 0.130894588340988
0.138870030328766 0.0430093568663298 -0.0870482884481091 0.155925986277368
0.13376070699228 0.131868516511313 -0.181008709923909 0.106754651984781
-0.0177289301997781 0.212656901968362 -0.203573867798365 -0.00260085847239025
-0.219069307808082 0.156674073750025 -0.123488839620843 -0.0987076418270938
-0.324645841377116 0.0386431992124176 -0.0719029756907433 -0.0348140028183527
-0.276700753750717 -0.0640863570500804 0.0442289948711596 -0.0606804022872894
-0.288928204353529 0.0444249717122931 0.10662411990592 0.154520759481426
-0.150108399952979 0.188303569732484 0.26475017839212 0.0571190003270355
0.0531948289306995 0.218495145631687 0.222602420225537 -0.149956392790567
0.153650061707547 0.114153953160676 0.0283221757917615 -0.218954379978844
0.176302863035475 0.00961069435064799 -0.0674046863949588 -0.12380740176885
0.135193946401242 -0.0807526914199349 -0.0548638057958166 -0.0368539300848773
0.092498137923345 -0.0968699755922337 -0.0338346040310856 0.0104556760584174
0.0911020433264227 -0.10303072315205 0.00456483152564235 0.0547789614276551
0.151916254448139 -0.0519429888405863 0.0127872959805725 0.109895421574585
0.160052435281742 0.0418457430681127 -0.0279607540325697 0.162935143434474
0.154504444754921 0.147549784585274 -0.138953803459521 0.142043512083002
-0.020388581417358 0.227065232265736 -0.18449362236651 0.0416395807493515
-0.223322360661195 0.149017398183452 -0.103439089767246 -0.0814004709673446
-0.316697571583108 0.0214812531555247 0.0189254084354879 -0.0209238882587702
-0.227938476301775 -0.0997637698028406 0.154387675813421 -0.00962548708727173
-0.278495403508355 -0.0192367698203549 0.145002240281247 0.172022968325867
-0.186235523747919 0.143425568311034 0.25175506972333 0.114051997054129
0.0116112788623633 0.221037610883238 0.239748441914729 -0.068996213123291
0.139368161264506 0.131802640053915 0.0998765348126927 -0.164465956899038
0.173481970290263 0.0245959867416358 0.0123913653636795 -0.125782101824199
0.142682533848766 -0.0725611477344442 0.00525324371069309 -0.0680280400504587
0.0997013238553628 -0.0958698067448032 0.0106376692472197 -0.0274664742329623
0.0954891016049201 -0.103228836122147 0.0464644579426071 0.0202762851449808
0.149995413870502 -0.0492582360586485 0.0570128171699396 0.0866225989573664
0.155920916223688 0.0558602041964838 0.0156011369399711 0.158030598052866
0.131126430017457 0.165304142814701 -0.109411769848455 0.151281146167798
-0.0525563240776781 0.206523209280613 -0.163442046502475 0.056809711988827
-0.221331754573015 0.0884029332246934 -0.0739197763060737 -0.0770199129421146
-0.264574322685264 -0.0361968179137822 0.0975577037284058 0.00412410083379844
-0.126609555126729 -0.117054066865625 0.238823571934591 0.062597769778912
-0.196814942472561 -0.0821502230190524 0.157508984903747 0.192222359503358
-0.17308517245804 0.0617545306911287 0.209830916014329 0.16947823324138
-0.0306784783434599 0.170580899523204 0.231110739435453 0.0186433374779611
0.0934089694053678 0.123502882360883 0.157342449324083 -0.0951938673727146
0.136122169166116 0.0381899449949539 0.0883574609639338 -0.11204597119585
0.125539008949534 -0.0471519576247101 0.064295300434449 -0.0890647235362566
0.0902982413612073 -0.0797151631401772 0.0541007077231464 -0.0560481710325697
0.0924143844857632 -0.0835118021410777 0.0868072987240867 -0.00800958636381991
0.133118291640661 -0.0363869334611869 0.101331694569095 0.0665782051877886
0.138217132767269 0.0527133614605229 0.0585742817351685 0.155866672228443
0.0980432890082932 0.15688762674349 -0.077192550384321 0.165270235394803
-0.0793567170470192 0.163318585813553 -0.143130100301527 0.0738071028582277
-0.188186104218184 0.0382656460878153 -0.0568018169008579 -0.0612449273277513
-0.181651968169358 -0.0628765998125745 0.15246117508097 0.0271517949477905
-0.0141859235514388 -0.0914833405319329 0.287116647741545 0.102762415836819
-0.0848484289392219 -0.0911548665408173 0.168506433157882 0.18653937955381
-0.108674363951381 0.00334008681156349 0.181083000750215 0.183938736841105
-0.0339117913620455 0.0956741911800698 0.214324027583786 0.0577681228409865
0.0501965199696586 0.0789288334839937 0.182305030425601 -0.0565794740960993
0.0807859088882062 0.0284534482940489 0.126539828121887 -0.109660780960231
0.0833375242463506 -0.0259018387750528 0.100709513997468 -0.103959364845438
0.0669210262519783 -0.0505080044647339 0.0873831930807287 -0.0764426289327035
0.0701035022513068 -0.0577997456541035 0.121343437158889 -0.0298049692224298
0.099614682894091 -0.0234622767943029 0.138983684339699 0.0562138690835285
0.104915503208929 0.0489398713266152 0.0905350942702108 0.161525933492218
0.0503518616513063 0.134165131839087 -0.0588776090033066 0.179174893319351
-0.0964476238089609 0.101389665486369 -0.132887711069207 0.0831979972322318
-0.136831246764669 -0.0244529493447712 -0.044696919668339 -0.0485439623496929
-0.0739939583510398 -0.0892709097607309 0.178008410198083 0.05850461992101
-0.015993057388466 0.0854676218053184 -0.233096780923932 -0.0422273312843175
0.0783074138446736 0.0499908644024828 0.0268837417663619 0.110083207500545
0.0718072079781649 -0.0528556278807442 0.177014492629445 -0.0907578988354488
-0.026140236537503 -0.0823039323925136 0.0659175087194656 -0.247906303321239
-0.0607117761978046 -0.0236684621971365 -0.152347679607873 -0.212801942230676
-0.0448087797781878 0.00440421646817905 -0.219316820095251 -0.0548470577300674
-0.0430565886132958 0.0198476853549242 -0.167334799005537 0.0579216437068037
-0.0331470746236862 0.0221410904471339 -0.119019926112459 0.110527974771281
-0.0315030866313444 -0.000396052526052991 -0.107863594850515 0.138045576488604
-0.0176829144549017 -0.0239680149577921 -0.138967065589088 0.139120718498511
-0.00564466045538457 -0.0290658163163643 -0.192194571034401 0.0847312390243782
0.0369251945682671 -0.0359088305818889 -0.23018765122372 -0.0233463154642093
0.0572264091786743 0.0371564303383041 -0.203279364369294 -0.15213340961898
-0.0136525006866123 0.107290592598877 -0.178755354273891 -0.21012531061143
-0.0881785520822306 0.0711390383162248 -0.306972067349428 -0.10310503331804
-0.126020052430718 0.0780834828627836 -0.21963139775357 -0.0782350101579655
-0.0176041456621727 0.0971911250062608 0.0255263986104549 0.114379502391272
0.0502185442029695 0.0350971614059075 0.202701042606223 -0.0832694945384256
0.0276682418253705 -0.0149039677378774 0.0886457107656768 -0.262958724705695
0.00538959864874769 -0.00467888074001974 -0.150360973055553 -0.236852569834523
0.0185930746714316 -0.00942641429888389 -0.221991007759318 -0.0683754683804163
0.00366720279736033 -0.0203555805245269 -0.170317765208521 0.0519275977245888
0.00486827327807325 -0.0179009954189726 -0.120994989532295 0.105236628637237
0.0164188342257013 -0.0345035056660012 -0.0992030567090494 0.136081098523931
0.0520906193086348 -0.0229315496291765 -0.125174057296022 0.147574322753134
0.0487869163220944 0.0166599480770692 -0.182231105212769 0.108662925857902
0.0558876702466757 0.0446343448526718 -0.234030291850382 0.00691902986052995
0.00117055972950678 0.106831815473726 -0.209878879018567 -0.118116863218724
-0.125475274582736 0.118609868172755 -0.163614374398716 -0.172029000410297
-0.212660383227651 0.0525833723491958 -0.254996583405306 -0.0809141308783457
-0.222669057090862 0.0447059410199817 -0.165654713301451 -0.0988378746799698
-0.132557068630648 0.11944441319681 0.0411625032658359 0.127475993823853
-0.00275858555804607 0.12460378751747 0.237870549847529 -0.0557865011941606
0.0697173487107202 0.0747092634084821 0.132783758925567 -0.263858096800787
0.0787106880790653 0.0288015831367511 -0.119440714943382 -0.257776085874475
0.0884895125454251 -0.0150767496767613 -0.200745310088804 -0.0897825827889278
0.0570509939607762 -0.0567902626232696 -0.153377539180425 0.0313414097247081
0.0422984332060345 -0.0563111233651604 -0.106555596757218 0.0844560533808123
0.0537979580455231 -0.0675370252776746 -0.0730542397435558 0.121936371970669
0.108424189709773 -0.0334781583216143 -0.0879679494365584 0.151004545697421
0.104650286288111 0.0391662229193269 -0.145644304855182 0.143925810986361
0.0995248302873275 0.103246169897459 -0.22421740871938 0.0627420877767367
-0.0178928979850265 0.176311796818386 -0.219823797943835 -0.0618504775165136
-0.197849256075477 0.147770621680863 -0.150219844045722 -0.133979268985459
-0.301029489165602 0.0475920858956489 -0.174420265650128 -0.0561026236923599
-0.283668365930552 -0.00802579993375457 -0.0721501328999908 -0.0954974875031133
-0.241878771486079 0.104912266018358 0.0721204786191166 0.145738667637333
-0.0801115202106933 0.188474382241125 0.270040404958348 -0.00554497840472414
0.0837600384848912 0.166975619682803 0.188053556332527 -0.231097083320816
0.138664286876442 0.0739585799566484 -0.0573205809795464 -0.260223715471268
0.150467782690304 -0.00948108133157238 -0.149961550099467 -0.114107505315073
0.107206023347633 -0.0813785739879347 -0.114660151033574 -0.00145999741406992
0.0740674835552125 -0.0875367323329638 -0.076295256131202 0.0514994328538571
0.0789491598237285 -0.0946144250100092 -0.035705205821614 0.0946190224376934
0.14419852069115 -0.0482660568967923 -0.03781964446571 0.141351134528505
0.148577453619588 0.0423097827971069 -0.0882821323956567 0.168744360627919
0.144852549622638 0.13567588902175 -0.19114529101101 0.118263519753206
-0.0139981042270576 0.224885797466092 -0.216354608047325 -0.000497669486731883
-0.228976903683737 0.171048926840989 -0.133229787053759 -0.104315481045055
-0.341272625316499 0.0457721048593293 -0.0786021495501142 -0.0375364335863675
-0.291970588941074 -0.0637260363168892 0.0450263280713886 -0.0633293758400998
-0.305194798421436 0.0539997287073212 0.11498723851869 0.163913902741015
-0.155173540967495 0.200549519630654 0.282551903132932 0.0570388051780862
0.060745759232922 0.229183085297942 0.23381666470772 -0.163481784728987
0.165604026974315 0.1153184961437 0.0218346102951654 -0.231446549323215
0.186164064587608 0.00431891378169165 -0.0755119091669071 -0.13011196919778
0.140789698075269 -0.0903440927490641 -0.0592655760038046 -0.0384410790323463
0.0953900011679658 -0.104127461694788 -0.0359216640845556 0.0121261234270621
0.0925238695280448 -0.110878510967751 0.00700580131864529 0.0586757992319074
0.159292066616768 -0.0602089178312696 0.0161280948943764 0.118391669722597
0.171006255818721 0.0407467211271716 -0.0253769577416034 0.174459328256389
0.167386749261728 0.151301330590823 -0.14585184313905 0.155393402694608
-0.017069208559076 0.240634076150963 -0.194575399391053 0.0478199917271827
-0.23355411471183 0.163001346243208 -0.11210228342992 -0.08565303135704
-0.334120306920307 0.0278549140611152 0.0186241843993132 -0.0251807430906125
-0.241830599751438 -0.102283199954483 0.162894157595675 -0.0118622076264985
-0.295743058660529 -0.0140929275051568 0.154745572056811 0.180906988874333
-0.193923108632624 0.154409502806233 0.269260408010087 0.118452615982966
0.0175140662219103 0.233513552313085 0.252969334010226 -0.0776374366255313
0.15114873947781 0.135656726395762 0.0997872166978365 -0.175410878583236
0.184683211137103 0.0200721502793727 0.00955954293912039 -0.133945323458578
0.148733905637633 -0.0821780394728085 0.00310290312595213 -0.0738706821447145
0.102991528202132 -0.103486306041329 0.00909075836167108 -0.0283545448644029
0.0979261777785613 -0.110493559676009 0.0499198077081524 0.0206236917693077
0.157566299742749 -0.0568560814230493 0.0627029995889089 0.0917074161543774
0.16740661044499 0.0556811420938622 0.0211920787849517 0.168596770973603
0.143131149542559 0.169962081999025 -0.114231368694007 0.16493870081177
-0.051351532121555 0.219858085684469 -0.172356425193303 0.0638025013882228
-0.232607400441847 0.0987557706629907 -0.0812614208071932 -0.0811732858064698
-0.279880886580446 -0.0342373915325394 0.101255613119772 -0.00113697790803733
-0.135124408887664 -0.122452824145038 0.252994253145711 0.0631744131563181
-0.210840225778216 -0.082777340054826 0.167438550959653 0.202102882815362
-0.18191237631707 0.0685830001108362 0.225396502898343 0.177862689470118
-0.029534960595126 0.180970415696703 0.24541136830081 0.0155033265010124
0.101945603896587 0.127435554257679 0.162924657565493 -0.104516425216038
0.145083244973069 0.0354673101403901 0.0907347277389424 -0.122600437067835
0.131967188848363 -0.0539906539407393 0.0643895543250988 -0.0976191554422168
0.0932541826016343 -0.086513519956274 0.0539418460709142 -0.0609344381307422
0.0947801680407245 -0.0904132148072309 0.0912141937565864 -0.0101994456748927
0.139594822372862 -0.0419999660740223 0.108739283354047 0.0696064826192378
0.148180324808762 0.0527170293277217 0.066350535158926 0.166069481461388
0.10835044093277 0.162833340726681 -0.0788970736046697 0.178910907270993
-0.0801834559582475 0.175331735276641 -0.150305241878677 0.081078543902444
-0.198821643534068 0.0450283148835903 -0.0627728138015597 -0.0654862543253751
-0.192190851647374 -0.0633120155337688 0.160333851907679 0.0226834448426844
-0.0156144468225309 -0.0974111779652782 0.305677034832773 0.104430145656067
-0.0921561323405099 -0.0954959077257215 0.179416226747061 0.195606434861935
-0.114870116171934 0.00555034293018045 0.195384449785063 0.192700396354617
-0.0340894174301098 0.101360906986067 0.228287364388485 0.0578850885152962
0.0558229871454793 0.0817076247510738 0.190955788565901 -0.0646976739191192
0.0867267020154446 0.0274850633215086 0.13181814833987 -0.121390650954276
0.0874576828276507 -0.0311514941805411 0.102528669083866 -0.115066324254402
0.069496473865623 -0.0546786201002878 0.0884895978558245 -0.0841702373771495
0.0725732392748307 -0.0618799033283381 0.125870513962698 -0.0347659693894003
0.103929797166224 -0.026944893634924 0.148521182014242 0.0569479283914123
0.112451471541477 0.048942559257973 0.099898597711987 0.170805537246717
0.0576122185558636 0.140430841888269 -0.059494652210115 0.192932807697559
-0.0995542471565113 0.110023309983734 -0.139238602244458 0.0913410211878551
-0.145484877732975 -0.0227496319037523 -0.049536044328527 -0.0520641850593456
-0.0789257100391282 -0.0941233596893152 0.188422478473981 0.055072145711711
-0.0135508794463638 0.0894939058507192 -0.245786755990741 -0.0316590486712857
0.0864735473194075 0.0481404898453584 0.0356006733501007 0.115288699902336
0.0720956861892323 -0.0599229526888847 0.183449844589505 -0.10664190254425
-0.0327634656609642 -0.0841925848499932 0.056201884854675 -0.26734072385003
-0.0659589511873184 -0.0206943110084854 -0.172992429545287 -0.216324813373592
-0.0481753740149727 0.00862208170016399 -0.234675556744647 -0.0449411173900238
-0.0441621697259994 0.0243505831630338 -0.172462216273217 0.0700298193300772
-0.0328300283656004 0.0254099016585313 -0.117765500779402 0.123916314920961
-0.0331825787039258 0.00136873788844814 -0.104669792671757 0.152693693569694
-0.0201346763104832 -0.0247607090684344 -0.138951843799055 0.156277605147326
-0.00750552946153248 -0.0298749665006923 -0.198697367551873 0.100200486981223
0.0366194916688289 -0.0398953171828733 -0.242678093509913 -0.0132035360748335
0.0618059061146404 0.0367024631708546 -0.222026134776257 -0.152262338097911
-0.00747049879639587 0.113915247981404 -0.199319830138343 -0.214556695362946
-0.0898783001651412 0.0795967619700817 -0.328205745950723 -0.0925528788254995
-0.128865777424309 0.0871380311226966 -0.234230778665057 -0.0701302481141562
-0.0121478476666323 0.103514369576412 0.0341076988230606 0.120764346023323
0.0542641042213898 0.0332657836704836 0.210306734624831 -0.0984700006576818
0.0274994280530904 -0.0177467198984648 0.0799054233050685 -0.284435025802388
0.00489158986540068 -0.00498367293629218 -0.171455788048516 -0.241212101176708
0.0175354733924626 -0.010662690816829 -0.238786472371047 -0.0587663095590638
0.00301172985107753 -0.0212487424270538 -0.175810328841221 0.0641151358094196
0.00467309544010121 -0.0186846786539584 -0.119803700980789 0.118349465844115
0.0144645240613032 -0.0368356596420248 -0.0963259416143829 0.150705414985212
0.0536098537471266 -0.0280148898249279 -0.12394861593176 0.164548092348033
0.0530729265267046 0.015263148909837 -0.187236034307421 0.124679209802844
0.0616847503744182 0.0433976690670438 -0.24604201924434 0.0190210885433858
0.00601093718037904 0.112563764967289 -0.227091105006835 -0.116300726806448
-0.125452298911186 0.13218783012063 -0.18214086396931 -0.176075277591908
-0.221793617917875 0.0659690911367346 -0.272097132033467 -0.0726837199191888
-0.230758824322331 0.0563149175692995 -0.178958611335918 -0.093719308346268
-0.132734802309503 0.133506126181057 0.0504613263622515 0.134443835954095
0.00417435244330443 0.129070745699388 0.248699776906352 -0.0713604398529864
0.0778236296335071 0.0739266740570209 0.126165494279396 -0.286846595524452
0.0835279753115797 0.0256474492382205 -0.140955890413648 -0.264905397854854
0.0913040553556532 -0.0218875946847596 -0.217294847629246 -0.0841130949312564
0.0569730322768804 -0.0629525200790401 -0.159426682177354 0.0406526563462935
0.0414132315475421 -0.0613274766694917 -0.105871493464365 0.0960325793392904
0.0523120100478263 -0.0734401079837189 -0.0692981379556907 0.133913750141239
0.112352331733081 -0.0421397163289656 -0.0840518654459152 0.166290061672543
0.113551904351192 0.0355953038927395 -0.145571046884981 0.160403543053001
0.10960778947033 0.102158127056375 -0.233656551089795 0.0789286388843071
-0.00995137293271058 0.185947073227806 -0.235306577786989 -0.0566387544528401
-0.200569911561623 0.165814070973071 -0.165817762085373 -0.135772110873583
-0.313502761010773 0.0655474997608152 -0.186962279887252 -0.0519384881657985
-0.29707673229475 0.00297714290297854 -0.0811458042490179 -0.0944187962141892
-0.247761797609146 0.123393889294709 0.0837624080393156 0.152691217783992
-0.0735469998743012 0.201325587078952 0.284981636608168 -0.0193680739054262
0.0970915601409214 0.170143588764965 0.187777307733883 -0.254146002126285
0.149853652012065 0.0694578547352422 -0.077248354469736 -0.269805999965964
0.157362191195369 -0.0202058959678785 -0.165453461226583 -0.111946986526823
0.107225563485217 -0.0925685007168962 -0.120373594153387 0.00425501037936121
0.0729928099052488 -0.0952878122932991 -0.0772161464708241 0.0599070308505381
0.0772242022836673 -0.103341624223002 -0.0316833823771824 0.102631446264218
0.148121285167804 -0.0602940325511993 -0.0316564042386003 0.152854261330993
0.159677561680246 0.0372116873097664 -0.0830125514848361 0.183371080173852
0.16024785886438 0.133419718087464 -0.196656669143658 0.136972433143115
-0.00341697894390859 0.237179555051141 -0.227341206875689 0.0101257135967833
-0.232507267908605 0.192009356952266 -0.147368661542261 -0.104589809498283
-0.357687554027661 0.0650220626140691 -0.085399898524637 -0.0374931266031701
-0.308279561513007 -0.0538013266792203 0.0434081982626734 -0.0675247000037445
-0.318329249424906 0.0740435781864489 0.127726071041988 0.169292212339957
-0.152923312164295 0.217600544932031 0.301594139490901 0.0466270006697934
0.0765803479127855 0.236414279792437 0.238233777300288 -0.184816542742916
0.180859630584291 0.11106511535606 0.00868999406783888 -0.242857042976837
0.196013028393951 -0.00767819587543582 -0.0876436882222578 -0.133288203510665
0.142134689736745 -0.104235150119432 -0.0650885854001021 -0.0382759826158897
0.0938173924591074 -0.115242033642484 -0.038076639559688 0.0156676463318896
0.0904716206312599 -0.121220370956109 0.0105503733208081 0.0626400930079037
0.163852091064065 -0.072821089156807 0.0235687410962123 0.12506139766896
0.183533762271724 0.0335529129435172 -0.0163309195735407 0.187110980272511
0.184357085072926 0.147772473816094 -0.146575763750645 0.173320257807718
-0.0046669488198951 0.253450569151875 -0.20282065828885 0.0592382240573405
-0.238455077961325 0.184680822568063 -0.123168585134099 -0.0859333606304366
-0.349316791737884 0.045225647935717 0.0163531730876906 -0.0301083511035252
-0.257857750186184 -0.0969595048459039 0.169359045296167 -0.0188009077070339
-0.312862055836184 0.000514888620562249 0.170136753024385 0.184802421522554
-0.19718314139719 0.170710739086085 0.289121587634877 0.112973520578175
0.0306426865827254 0.242955264142649 0.262507939335418 -0.0948977817151118
0.166369578263263 0.132378986992462 0.0931784073721776 -0.189079367997285
0.194572127865071 0.00865097390040965 0.00250757344128615 -0.142214141125368
0.150820818835453 -0.096234769436277 -0.00180897110109491 -0.0789901900044667
0.101101210414441 -0.115013042003254 0.00607874281783536 -0.0299737232409802
0.0955132673508787 -0.121301744563593 0.0530586585454224 0.0193218819849506
0.161836917724958 -0.0696935631672184 0.0708644247470375 0.0947238587711915
0.179954442223561 0.0489942989087855 0.0321518257372915 0.178047258339076
0.160748697247625 0.169208764370019 -0.112694352854522 0.183093260330037
-0.0417385106972372 0.233779379154085 -0.178431033889435 0.0757578364904912
-0.24061024350376 0.116676148682549 -0.0909327347408089 -0.0821663048922201
-0.295559183466159 -0.0223876914619267 0.105206860339635 -0.00958637764385604
-0.146980120224864 -0.123158867698904 0.268156171965534 0.0559100731744989
-0.226532046610929 -0.0760678372125268 0.184309974449571 0.206220762767998
-0.187864969919784 0.0805233264529358 0.246717581397446 0.177608159860036
-0.0213620885120953 0.191557642868313 0.259098405185488 0.00437505192412683
0.114942888996994 0.127317636391284 0.163912773850091 -0.117336549340028
0.15468360760619 0.0274775210602779 0.0889259427975306 -0.135015866054866
0.134816137369878 -0.0663497746842798 0.0614380198904182 -0.108781311654727
0.0927062737787931 -0.0959641849998117 0.0518725663226593 -0.0664343508756639
0.0938076441179886 -0.0996968891927346 0.0952788027603068 -0.0149950421483405
0.143502498705153 -0.0526370472892389 0.118821827337612 0.0682652515213429
0.158694235696034 0.0467769906406454 0.0797220392303851 0.172484472502435
0.12403095579167 0.163458340476114 -0.0743970854136006 0.195369288637984
-0.0745585654051371 0.189075632272652 -0.154270369686551 0.0934953198075149
-0.20665306650057 0.0584130784229544 -0.0703263563880495 -0.0666731475314831
-0.204834133531493 -0.0578037598064003 0.16808226889344 0.0115567251906213
-0.0209221308140708 -0.103046373864824 0.325956109950804 0.0954325162173789
-0.1023195329149 -0.0956971399939016 0.196441280102769 0.198369271865248
-0.120946596070765 0.0117541798633328 0.216299463429961 0.195718914100722
-0.0308083591477434 0.107880677992849 0.243691046652306 0.0500266493087756
0.0639175521106143 0.0816609383997103 0.195968457890746 -0.0773936360060216
0.0925596750179771 0.0226069046751585 0.131297551544625 -0.136695561935446
0.0894074427835083 -0.0383750108452295 0.10024191912324 -0.129702340448647
0.0696835990240326 -0.061591160963545 0.0859977873663029 -0.0936452743059944
0.0719911656291699 -0.0689723369357603 0.129760583942246 -0.0426192429495869
0.107317927156245 -0.0343007359447135 0.159704011122604 0.0529571074083033
0.120958436030612 0.0451426009783227 0.115310872866688 0.175615969252844
0.0689463997785402 0.143863534882505 -0.0527376536306552 0.209329097967002
-0.0984187174601737 0.122096178613502 -0.14248008280697 0.10443601702271
-0.154257282111583 -0.0165976385466864 -0.0562710556914926 -0.053500753201798
-0.0870773325188428 -0.0961815286672253 0.198505773505359 0.0448535164141887
-0.0520289238522299 0.0780570897356444 -0.213133084519461 -0.138868551191519
0.0608695336584963 0.0822014472441106 -0.0188670527103042 0.121472671943768
0.0909314510114551 -0.0254064231297211 0.216145535904701 -0.0186362760436347
0.00344772060203897 -0.0896602115247701 0.169102423397982 -0.226439642736904
-0.054576458051187 -0.044058526434033 -0.0663315852953928 -0.275523874411724
-0.0500458314151439 -0.0111475978561733 -0.197994268984044 -0.145491961549756
-0.0539417009687693 0.0051720725703454 -0.189393864253075 -0.0111860437198937
-0.0425228080622041 0.0106218523071115 -0.160066448446678 0.0646663325004379
-0.0317318688830357 -0.0113979386861247 -0.16218654810272 0.0984476094986057
-0.0089206342678212 -0.0298235135967975 -0.195443996489965 0.0857915127497114
0.00587797483491411 -0.029738162807138 -0.227508063484361 0.00421781306071122
0.0467905030470748 -0.0200236766692053 -0.215328742643951 -0.122166637834798
0.0373236893116705 0.0598018362052914 -0.135532660792578 -0.243802887981852
-0.0598006037689459 0.100193556373899 -0.0881726802319264 -0.296684872945493
-0.11940006165964 0.0347627889040932 -0.258701327863158 -0.24609921598007
-0.157874566725802 0.0248659805242561 -0.184846538295405 -0.166317541518724
-0.0560208940096837 0.0905505159768347 -0.019329440538396 0.12678548656034
0.0334130668100853 0.0530930272413784 0.240218510811244 -0.000592648472621694
0.0293161324123806 -0.00245088473442477 0.201309239260111 -0.233224078432088
0.00377731346160132 0.00195885195531393 -0.0530516911959788 -0.300505618960048
0.0189927897696265 -0.000381296874189267 -0.195771088501647 -0.163271958856779
0.0105453122897475 -0.0169076295060018 -0.190991445043384 -0.0192334098295084
0.0124314089628362 -0.0139028161623405 -0.160661982958872 0.0584981789646264
0.0288358231263584 -0.0264921775067699 -0.152366327145173 0.0992033031606567
0.0620079176268127 -0.00237251678192975 -0.184272823037348 0.100941598826698
0.0436097193563635 0.0396927968952905 -0.228351821481938 0.0355835628957406
0.0338782458825528 0.067537676198918 -0.235771267929488 -0.0910193800290287
-0.0472662201375454 0.105107735627926 -0.15841887032975 -0.213708075242766
-0.176813645571165 0.0653812468050223 -0.0896673517836238 -0.255729538659371
-0.234972067030598 -0.0358907452819824 -0.21570077844245 -0.20338868107078
-0.239196108956115 -0.0507009144178338 -0.124379361049285 -0.160776054487493
-0.182348335197266 0.0648849398736709 -0.00781645540837244 0.14888975627566
-0.0570532782623967 0.118981662075939 0.267398653375636 0.0436691206669638
0.0349530006157942 0.102475661214446 0.248840261924032 -0.214698406618211
0.0630447772695838 0.0639172790156594 -0.0134020945505913 -0.312015836254002
0.0932299629475189 0.0205726251201242 -0.166216261220808 -0.177765108693664
0.0783489255832687 -0.033196951344232 -0.165073475907964 -0.0344737511773987
0.0662684916295813 -0.0379329615461776 -0.138536494689952 0.0432908251935423
0.0806455254624186 -0.0447615949631927 -0.1201857003066 0.0955477372892836
0.122921214085899 0.00851751038762623 -0.148622202565597 0.119752436792911
0.0907924685065405 0.0848219647543458 -0.20485214763545 0.0890344741159891
0.0532667867555101 0.143087702473174 -0.252263498898993 -0.0271928092836166
-0.095513968275403 0.165963002806165 -0.196204166024457 -0.159932826753801
-0.262275122704093 0.063607977697141 -0.0937308214452105 -0.213716681324835
-0.320458818093661 -0.0771118574228774 -0.145962587665043 -0.144008767865628
-0.277867417339616 -0.130767036829972 -0.0341085515094838 -0.115953588266597
-0.286931732998976 0.00340575026911012 0.0172710087681271 0.182081753978089
-0.161118878167725 0.150536814881507 0.280800010077488 0.109245040973614
0.0106006769198455 0.199025060438535 0.293206986479931 -0.157965381381084
0.103859851548166 0.132111742153145 0.0502888685948215 -0.291807371302083
0.153809590852248 0.049751153946832 -0.105245202377067 -0.182257976833323
0.138619651574923 -0.0398155854504295 -0.114119401130688 -0.0522384880608512
0.110561473368505 -0.0565444546003549 -0.0968810416162647 0.022152894106564
0.116490989868544 -0.0611883558661398 -0.0722228069437062 0.0828301769645575
0.164785941397427 0.0066338380787643 -0.0933133931113444 0.131302255875126
0.133914955982215 0.105665011384868 -0.155900405516226 0.139787069740885
0.0880559916614769 0.193493702685329 -0.243677971936279 0.0447558405978491
-0.112223899190544 0.217927140042174 -0.220388062653949 -0.0939200944325993
-0.302679658193925 0.0741360455742514 -0.0907692052253065 -0.176833996495195
-0.359440405796126 -0.0975422275352325 -0.0584703735598394 -0.0834136663308217
-0.262253542709418 -0.191570964654475 0.0680762124166052 -0.0346733113748579
-0.330494778494457 -0.074898062108302 0.0508602416399925 0.220526271787004
-0.242317136604361 0.129947840489117 0.267279013329609 0.181266885170503
-0.0377804637702136 0.24969668699207 0.312132026415281 -0.0685315866319375
0.114185647757795 0.183322481330706 0.120571344669677 -0.229848816588165
0.185204016126374 0.0775719269852576 -0.022210156058426 -0.168408206275594
0.176739010850506 -0.0368066182041086 -0.044658621910032 -0.0673401870058265
0.139001230869285 -0.0657316693289875 -0.0423317134609455 -0.00203245740042734
0.136417092951956 -0.0735476193152953 -0.0166508397795681 0.0636033691719206
0.184308374412631 0.000706953193957596 -0.030283506705686 0.128970670457619
0.158843063754174 0.112081050953497 -0.0954610068942808 0.17303517490046
0.105177810167642 0.217630870704344 -0.213736541065626 0.103821431749883
-0.120156230365058 0.233161403751384 -0.221573957384234 -0.0352796126129637
-0.304588547847853 0.0659204691585267 -0.0777424454076934 -0.147452429765679
-0.342905824969633 -0.111250792948984 0.0313819581921208 -0.0279783644229604
-0.197095333513265 -0.210141402029358 0.163097666182064 0.0670559354109702
-0.293051873416284 -0.141321422370846 0.081331414859844 0.255810620948456
-0.262683363076847 0.0659255104578879 0.225616509479613 0.238714064316192
-0.081581107249317 0.234817257879848 0.294179331948121 0.0280829866918067
0.09226509426843 0.195888282863277 0.175136864121805 -0.13963205792351
0.176535861232613 0.0911019590029175 0.0649011606076632 -0.136679259742799
0.182104481664434 -0.0265824401279963 0.0329771979241058 -0.07858581693913
0.146690255345023 -0.0638241820880801 0.0177121211597592 -0.0259533325382124
0.140107331257889 -0.0710343156460058 0.0409644718058925 0.0422961487181479
0.18101646089562 0.00376516572197371 0.0260487607813405 0.121281732389472
0.148887855430595 0.125066198285102 -0.0460616785561168 0.185940837367121
0.0747297317021208 0.227167106637684 -0.188432505260564 0.128132652282386
-0.146029821524585 0.197997514958067 -0.206313847638314 -0.00894101220222014
-0.276675989668192 0.00192983849861276 -0.0471111491799662 -0.127826140866218
-0.262682419340213 -0.150460547409625 0.105524573564076 0.0341923315428865
-0.0823570471212282 -0.186002428634566 0.222339991957104 0.178166547198817
-0.179070484181282 -0.176538756663178 0.0819047271949718 0.281608668330826
-0.213286206911589 -0.0139814591852484 0.153182690475128 0.280711980039733
-0.106230780909801 0.1636195833931 0.244550048021336 0.120885246044749
0.0478771619057926 0.166629678248346 0.208510753605987 -0.0411626727856184
0.130656421284981 0.0911052272505821 0.143134106284412 -0.0908129527373055
0.154518196311671 -0.00584591248078985 0.103856384209616 -0.0770077603158924
0.129724349531036 -0.0500571155442828 0.0748721708662 -0.0411882034381577
0.129252266464315 -0.0524143752077726 0.0941606223944997 0.0272801063904878
0.15635718321688 0.0111666325272156 0.0806037076814432 0.11627352092612
0.130135988421658 0.113098610410042 -0.000639013359149753 0.20067168920046
0.0443590195118129 0.205900345353847 -0.159645271148991 0.15588930455478
-0.1558058269047 0.142560011326592 -0.191330853501746 0.0171102489560054
-0.21836529375922 -0.0386521841747831 -0.0353292803910447 -0.102332976348214
-0.163712987666157 -0.144657615754944 0.152260017765704 0.0858355942203097
0.025886928899514 -0.110666250010262 0.257364085391005 0.238348179556325
-0.0533814365255138 -0.14016852800467 0.092665924652894 0.277662916605481
-0.118825820934651 -0.0480709340455569 0.114298900785537 0.283862958479722
-0.077355939991783 0.0827250391303666 0.20718561810198 0.157347627005853
0.0214234118425639 0.100708674485799 0.21965995392554 0.0128777499759374
0.0752349516434913 0.0597166931132241 0.183578986554157 -0.0714992507387741
0.100188914561429 0.000668509721438601 0.148897188600557 -0.0798261878478586
0.0928570414034987 -0.0271818643687276 0.11776657250575 -0.0511709422515143
0.0965302807320101 -0.0337288851038176 0.136924886016494 0.0160677968298473
0.115062742612473 0.0133110085298326 0.124481037789821 0.118801641453712
0.0954073161582276 0.094250024797965 0.0312543605440712 0.21802665761536
0.00279851234918326 0.164631152288982 -0.145554531351704 0.176495313202524
-0.147681248296686 0.0704485029740897 -0.183991804695439 0.0318305742386656
-0.135810504357608 -0.0840336931885077 -0.0256760621994383 -0.0826436601522722
-0.0371592486483083 -0.128444961423131 0.164572624391202 0.132849514691121
-0.049895088865193 0.0800933415916517 -0.2215753260198 -0.126772668041197
0.0660978253947754 0.0791455523725505 -0.0116428838036301 0.124466385677972
0.0888471451043927 -0.0312342385037818 0.216772976036837 -0.0323529274550114
-0.00271473026512482 -0.0902897200125931 0.156344596321827 -0.239925106321447
-0.0579604512516742 -0.0407440908968313 -0.083684365341769 -0.273426629678435
-0.051979387842909 -0.00675542524239509 -0.208882832097296 -0.133080536299015
-0.0534531315173383 0.0105890423946116 -0.190986900825949 0.000584128829107627
-0.0417188748794526 0.0146919225854972 -0.155348833535966 0.0752793217087324
-0.0324511815583884 -0.00953215291376042 -0.155437200094946 0.110393239410518
-0.0109609022782288 -0.0298836687680645 -0.191020162387019 0.0993155646109496
0.00360769579783347 -0.0298461198768486 -0.230106265354704 0.0184734895701252
0.0450767814233184 -0.0231398123620282 -0.223091769325332 -0.111290012269107
0.0408357215670554 0.0576873713683175 -0.149414283949796 -0.240052200195796
-0.052826269739229 0.104663954262473 -0.104912491211834 -0.294839277035601
-0.118463180248641 0.0421269362922189 -0.27246440236801 -0.230990950602656
-0.157512105433301 0.0318539964178246 -0.195071089645419 -0.155189339981106
-0.0507475653189157 0.0943879625051038 -0.012662334168976 0.129982775587413
0.0359460366862896 0.0501429035766542 0.242186404230553 -0.015639041943578
0.0295796592741079 -0.00471616420402961 0.189126580382045 -0.248660316737161
0.00322189211601328 0.0021527305190799 -0.0719100698685306 -0.299187333190078
0.0186447314468961 -0.00135535499557135 -0.208032329575838 -0.150063862806516
0.00850515904971875 -0.0171160698258474 -0.191978717510347 -0.007469935137138
0.0112789938794374 -0.0136836282181627 -0.155807696341391 0.069269951781679
0.0277406046782575 -0.0282050105203654 -0.146225565572099 0.110751740562463
0.0619141147957888 -0.00724041813072258 -0.180000601275481 0.114198083654259
0.0461665252248963 0.0375830448796902 -0.228834881523063 0.0498996864660164
0.0366829266221447 0.0660747387250648 -0.241691677637033 -0.0779348373139684
-0.0426246587642078 0.108348291168454 -0.17073129869636 -0.208185046516441
-0.173528497311292 0.076617100545934 -0.104286284429959 -0.254094430168645
-0.237369373582169 -0.0223413535161945 -0.227751912672568 -0.192118484672824
-0.241949327656194 -0.038738197541431 -0.133845763606709 -0.152973932419869
-0.178833321014856 0.0763643078603599 -5.18879601773744E-05 0.152048749731207
-0.049925351076874 0.121248125455192 0.270879938332916 0.0271165168799819
0.0420366927654203 0.0991354942295171 0.238379378353047 -0.23240949834303
0.066535635126325 0.0604887896513016 -0.033632164025147 -0.311544259351276
0.0935789736517065 0.0141980558623092 -0.178292995479501 -0.167786264077447
0.0755995690272279 -0.0384496104061248 -0.167451387857447 -0.0249347789643468
0.0629609501558939 -0.0411700329496835 -0.135126549259433 0.0535676154770694
0.0769713636754926 -0.0493185719478172 -0.114454615205102 0.104603439909418
0.123535807263397 0.000507979260092663 -0.142207564329631 0.131478959011844
0.0969227790538455 0.080489436566798 -0.201414113801465 0.102582295685116
0.0619401308526425 0.139559833536215 -0.255658767863337 -0.012463367489257
-0.0869216483200593 0.172524198688028 -0.205854043291776 -0.152080161160123
-0.259071730493751 0.0805875096362241 -0.106749375690985 -0.211274789354726
-0.325427348239244 -0.0595229332295785 -0.15502999078633 -0.137842348672484
-0.284140457848064 -0.116671463979344 -0.0417612717934148 -0.112328415420907
-0.287823518065047 0.0212456782347842 0.0254398909151616 0.183964970678966
-0.153311955048522 0.158778086453642 0.288041811387598 0.0935785505495337
0.0235559493360232 0.196929527825499 0.286270666038661 -0.176209809309588
0.112577732474066 0.125586097941418 0.0320477726456714 -0.2935353052422
0.156953307737399 0.0392197465803554 -0.117202923243641 -0.175771951914262
0.135563036139294 -0.0500301298366403 -0.116754383857058 -0.0458740267570731
0.1063863386451 -0.0633017786540928 -0.0955850436344757 0.0292533029317858
0.111397666801185 -0.0686691235281416 -0.0665976395444457 0.0886586723578595
0.165749807325939 -0.00493590449551656 -0.0861748511063096 0.139354182449977
0.142064574785862 0.0987975320838486 -0.149061943784545 0.151567084647954
0.0997169674501628 0.187153235939408 -0.244195083890268 0.0613718559518709
-0.100254433864337 0.225265756973667 -0.225824842255412 -0.0836004785825541
-0.300231358604494 0.0927799856751891 -0.101646929245156 -0.174041194669469
-0.365599153421128 -0.0770515152789076 -0.0642677205996443 -0.0833716382858017
-0.272417826802653 -0.178977522451726 0.0661904163707011 -0.0361942458862013
-0.33697462381691 -0.0546958647623471 0.0608963538685822 0.220260694229954
-0.235837276029985 0.142836072748568 0.277271125918302 0.168339123942613
-0.0216889404773849 0.251348762640811 0.31022674150214 -0.0865295460181453
0.12496076587061 0.175923188288534 0.104792868942881 -0.234769684042085
0.18962867637042 0.0638356762106239 -0.0331497936919526 -0.166725561817006
0.173424855167933 -0.0497509601294056 -0.0477739214451725 -0.065678006203382
0.133556773195803 -0.0750716969955294 -0.0428987126314267 0.00150498837833036
0.130571409336296 -0.0812886353507229 -0.012114309955917 0.0658480833940379
0.18466084646417 -0.0118201975741988 -0.0229381742573698 0.133386150624685
0.167038484036504 0.103390002513483 -0.0845967723032009 0.180526693089877
0.11911017717071 0.210118100948835 -0.210819958642642 0.119631539560959
-0.107077004523056 0.240996400668869 -0.223382918279376 -0.0229273293217804
-0.302499138300661 0.0840278980735118 -0.0876712428078702 -0.145831213360637
-0.349892010875046 -0.0927886235992958 0.0292551333059091 -0.0328102519203726
-0.208039627631591 -0.201014416009626 0.167295974324174 0.0596954119794645
-0.303038736218568 -0.124831979149411 0.093259536808595 0.253167372046961
-0.259461495714836 0.0803857865298593 0.238744976906749 0.228468200165374
-0.0672620841932463 0.239767852268028 0.297557439215008 0.0126659637904574
0.104044929694041 0.189212028707469 0.165539700225714 -0.148240432471261
0.182185374951775 0.0791406053370595 0.05685179204272 -0.140349543539298
0.179580998746151 -0.0397065583540967 0.0270475363052429 -0.08150034977209
0.141130188489812 -0.0730148519422026 0.0147838311545145 -0.0255168068271704
0.134894484042687 -0.0800975405035382 0.0437373984394314 0.0401697740763343
0.18068080551154 -0.00862138242265957 0.0337470212145798 0.121820589367228
0.15739901415573 0.116228628197774 -0.035241872910396 0.191861109539466
0.0906784125657467 0.220916841423338 -0.183435389140571 0.142485606680911
-0.134274980414433 0.207667361268868 -0.206634951705913 0.00288124844670512
-0.277674094258684 0.0179123956448337 -0.0559849540337204 -0.127545001543497
-0.272264268218854 -0.13657379746901 0.105665653953488 0.0247461455642932
-0.0918936179358652 -0.183296060930963 0.232161938094169 0.167341883868988
-0.190424051986562 -0.166591776325668 0.0935851426240282 0.278958811035367
-0.214396323149584 -0.00234266498187015 0.168058081406707 0.27528609730892
-0.0965644660133138 0.169547777477987 0.252368445830494 0.108305028784568
0.0586365379849164 0.162813985532175 0.20556920440477 -0.0516803501194772
0.137020071733784 0.0819130735265378 0.138058454157847 -0.100075641433697
0.153343852225602 -0.017556354206742 0.0989143403117853 -0.0865303020081896
0.125607287856648 -0.0582116366448188 0.0706447879895944 -0.0455028546349317
0.12535738955926 -0.0607851605802755 0.0950685404776205 0.0223346382611951
0.156828601719544 0.0010709883932553 0.0876607279428654 0.113520525736284
0.137525233146831 0.105145375492184 0.0125018212618025 0.202995767124666
0.0582737088449716 0.202143778751548 -0.152307572921024 0.168856380523327
-0.147521781056778 0.151806336169303 -0.190412242184942 0.029420700583195
-0.221521166619173 -0.0252289334039066 -0.0418207039446349 -0.103009032440604
-0.170621009750462 -0.136335621243669 0.155809424433173 0.0728884586936731
0.0197718783531284 -0.113434084386876 0.27155223835276 0.225150004817356
-0.0625380340170307 -0.137599612765226 0.104721140275531 0.273854186379284
-0.122241637722921 -0.0416096280598683 0.128992072518453 0.28025708303135
-0.0724224805176451 0.0876283020087072 0.216633969378673 0.146974735367118
0.0274284292563698 0.0988391428032954 0.219894034209759 0.00103610695445754
0.0787443323222242 0.0543920364163526 0.180062532144792 -0.0841694104910717
0.0996243208842075 -0.00674991473387595 0.142641077055222 -0.0912023256598149
0.0901258687895373 -0.0333539447927721 0.113056680395705 -0.0588903126706606
0.0941392192453364 -0.0399612293258836 0.137236797684322 0.00824101703461812
0.115893100126103 0.00568402150975143 0.131757042201143 0.112244529507499
0.101539789072166 0.0883041190318574 0.0440680189921025 0.218656368075226
0.0145750840183402 0.164307490333757 -0.137481816327857 0.187855363861729
-0.14429615023532 0.0795952085888176 -0.182497288547414 0.0427154850332996
-0.14150995899229 -0.0767988879973939 -0.0321630851145961 -0.083367323416207
-0.0437959205057913 -0.12701061894349 0.171332491178194 0.119930219889128
-0.0488342110317603 0.0809813299714926 -0.225256131030645 -0.116057068313678
0.069512141738885 0.0764137355313204 -0.00729473764574618 0.125939866223528
0.0862358889919429 -0.0342391224160522 0.213768619665251 -0.0411327164570551
-0.00688436701868792 -0.0899718653760155 0.146231060025178 -0.247051405656627
-0.0602164085732868 -0.0370579033341554 -0.0944043475798458 -0.269405795280407
-0.0526207340564642 -0.00305722021109281 -0.214366527401167 -0.12235540215449
-0.0530994980919835 0.0142535998181405 -0.189497065200923 0.00910074285408694
-0.0399677516134258 0.0172935920543428 -0.150111263768635 0.0820068891897098
-0.0336933788916055 -0.00773298855481516 -0.148910071787512 0.118365219829861
-0.0128028016564378 -0.0293236311297653 -0.186403450185817 0.109145509684201
0.00269605337013281 -0.0287229212370456 -0.229439766045477 0.0282682328163254
0.0427052240701934 -0.0239308679958537 -0.225748270153141 -0.102753393414725
0.0428512339865798 0.0561323311358296 -0.156921954345448 -0.236005541815406
-0.0471504569672847 0.107075150920457 -0.115075940879064 -0.291236277685677
-0.116420088270747 0.0464855438268774 -0.279432228410349 -0.219070577717107
-0.156748617175513 0.0366922243062875 -0.199999469497587 -0.145566842827351
-0.0459793105068725 0.0967696207609228 -0.00786286805522683 0.131865317433234
0.0371586934681984 0.047670424524798 0.239635256224659 -0.0253099956475676
0.0290616705172559 -0.00721275069943226 0.178676500501451 -0.256503976994098
0.00295042829895086 0.00230418278552461 -0.0843024646901907 -0.294632940077319
0.0173144422479944 -0.0015770140257146 -0.213438143819107 -0.139392092691491
0.00722263742233239 -0.0161102750562377 -0.190734883817396 0.000149697669153002
0.0111019809337251 -0.0132818462277258 -0.15036799822911 0.0761568076348959
0.0254997464794011 -0.0290954742628271 -0.139804507823685 0.117915251533487
0.0608010422917015 -0.0097095971579517 -0.174335934536981 0.123514508045873
0.0485931748102531 0.0360072639590891 -0.226748451684813 0.0594122208610985
0.0389511207769199 0.0638695874170701 -0.244019878779531 -0.0679455500030693
-0.0381707823441795 0.109654308150338 -0.177498452583369 -0.203523994644136
-0.168964063697107 0.083749915015008 -0.113779452146007 -0.250132344353073
-0.23673170823124 -0.0127634855046554 -0.233614482824629 -0.183222974793117
-0.241951628069677 -0.0309109224225772 -0.139227067043574 -0.145148476968721
-0.17433759925601 0.0841356786296962 0.00446878675282612 0.153439516868835
-0.0450664426067073 0.121290329207819 0.270905355199051 0.0167056921036217
0.0459810346863939 0.095366482924009 0.227913699699502 -0.241677011122418
0.0678553350134673 0.0571918760998456 -0.0468829423199408 -0.307868415497035
0.0927132489882999 0.0100689316574056 -0.185631699662002 -0.158430034294731
0.0725302904862336 -0.0412245619199055 -0.16705737751327 -0.0184697967552643
0.0607660363554827 -0.0428727148855027 -0.131178074298121 0.0598358026412266
0.0730122247053863 -0.0518262020816907 -0.107846877031377 0.109799782953391
0.122242210354409 -0.00619009385706694 -0.135653093995964 0.139184701283071
0.100740437546971 0.0765565152032126 -0.197526696170475 0.112134082967427
0.06653136609996 0.135521376527266 -0.256419236546923 -0.000775935042271492
-0.0794806706832085 0.175471901473868 -0.210047534381905 -0.145801638471504
-0.254286876037657 0.0907373162905866 -0.114760620359176 -0.207494153214242
-0.32521883792529 -0.0463482762724746 -0.159838431836249 -0.133125250143751
-0.286666093273468 -0.107423446503507 -0.0457108275217789 -0.108335715802684
-0.28513340071188 0.0338475602221905 0.0304853106868909 0.185118582512822
-0.14538676064185 0.162093017727149 0.289915041391707 0.0832371991449248
0.032112293900974 0.193195953221616 0.278313992994223 -0.188141542239212
0.116501621713951 0.119520509860552 0.017776921483425 -0.291635661426925
0.156741153704991 0.031089140081427 -0.124850287933234 -0.169119077668173
0.131082438972206 -0.0557737435023477 -0.117840141886706 -0.0416286622285694
0.101759520279639 -0.0662445589589339 -0.0927436373868963 0.0341345818341656
0.106893277162335 -0.0728615985475173 -0.0620380457945964 0.0919540011598749
0.163691033190722 -0.0127346939465779 -0.0801159000126389 0.144637325999801
0.147028088391518 0.0927065966990782 -0.142837300996769 0.15863978962147
0.106830913757087 0.180856796662053 -0.241419850895995 0.0734185225836183
-0.0904622713492482 0.227857937756442 -0.227558360246122 -0.0759859437906696
-0.295231016923268 0.104698020263006 -0.108893597000121 -0.170683460356683
-0.365577189143149 -0.0629020631609266 -0.068269817661145 -0.0824859498248277
-0.277165372761278 -0.169277521698534 0.0637901138722436 -0.0370037855082608
-0.337723749229949 -0.0404883064765492 0.0665267487088198 0.219430942488365
-0.228719612096589 0.149983476627852 0.282391146177059 0.157588953278711
-0.0111872247369813 0.248783263422915 0.305055036348269 -0.0985062704257957
0.131355754638491 0.168256635365841 0.0926632677365571 -0.235762604488962
0.190407345384916 0.0541668832261397 -0.0405010080417497 -0.16365443989135
0.168439774160785 -0.0584646679161495 -0.050411763128221 -0.0651711721503966
0.128213766108213 -0.0797041764593626 -0.0425695646416041 0.00444830028562945
0.124757296815478 -0.0860871624132609 -0.00807369866840119 0.0664504257154193
0.181793505445065 -0.0202650450159867 -0.0168520095285988 0.136141744285992
0.171220367755248 0.0962014120817523 -0.0771858101931432 0.185544614814947
0.127598717635547 0.202050837429009 -0.206356270256363 0.130185843025477
-0.0964082230157584 0.24425217875588 -0.222058984805278 -0.0153823907668453
-0.297681467199492 0.0960908068073327 -0.0933734320982839 -0.143068704019165
-0.351398226048656 -0.0788634627602845 0.0265490248163858 -0.037358500658935
-0.213382854481132 -0.193973779001352 0.168166667584969 0.0539232457166907
-0.307132459604919 -0.111668547592876 0.098517268371308 0.250494974953821
-0.255455298987505 0.0885215835961899 0.246342890573517 0.220392278304813
-0.0569640915257447 0.239432774956054 0.296545476404131 0.00171206279287654
0.111622924194284 0.182434779709841 0.157386399920921 -0.152031595822177
0.184031047857953 0.06877109620677 0.0506339953143521 -0.141744301516247
0.174620830527584 -0.0489009697031219 0.0232476497487206 -0.0843813935270743
0.135472950734744 -0.0786635706118386 0.0129230760061716 -0.0255035698392256
0.128987979448431 -0.0853570116622077 0.0451356350881648 0.0391679768227585
0.178413939977815 -0.0175262227239982 0.0382391583866502 0.121905678240394
0.162173776101675 0.109031932501273 -0.0270382178488645 0.194299780615246
0.100427467420603 0.214001441303265 -0.177819019272646 0.152183180399466
-0.125008453329789 0.211976077383088 -0.204044399917705 0.0110256865597576
-0.275977251115777 0.029690862128162 -0.0615665125449576 -0.126555817203488
-0.275209153984591 -0.125167181380149 0.105154401618397 0.0168537232261093
-0.0972064819031834 -0.179766590470874 0.236366976324285 0.158015647972234
-0.19666774683588 -0.158110894651853 0.0996981865825989 0.275453837299067
-0.213805425507479 0.00454544956622733 0.177693734367823 0.269677044610146
-0.0882107547229515 0.171968206865986 0.255357236083489 0.0992815873489623
0.0655004662448119 0.15830467609602 0.201025159249442 -0.0564171859007081
0.139227941318247 0.0740775761988481 0.132928216796531 -0.10563361129585
0.149607130239143 -0.0250454711766855 0.0934357496927862 -0.0917175407585166
0.120948281855717 -0.0639920228482111 0.0668532745915677 -0.0477697514517096
0.120399767828319 -0.0661439823115774 0.095135545418256 0.018319116276603
0.155238946841042 -0.00612418610990213 0.0915490434084797 0.11070741578125
0.141982508624456 0.0979245933223684 0.0199890011786027 0.203892977704693
0.0675519498432442 0.197095882017661 -0.145747830743086 0.177738694055814
-0.140250574790314 0.15793811048191 -0.187495014273924 0.0372251860432609
-0.221817749935172 -0.0167877492277472 -0.0473494470456784 -0.10233479422187
-0.174134913470931 -0.128762962791834 0.156029297555184 0.0627386559849344
0.015506417470532 -0.114833427320127 0.277865051965996 0.214013121447321
-0.0675312815181466 -0.134637643475479 0.110262226619226 0.269796172219871
-0.122935485371323 -0.0371482895818798 0.137877102220542 0.277152277671283
-0.0680105881582195 0.0898078606312016 0.220930417573689 0.138747904479469
0.0324444438473816 0.0960283824740617 0.218002361061733 -0.00555590085135695
0.08021132510381 0.0495742006763678 0.175981667676892 -0.0921255900110086
0.0973729812693917 -0.0120147629223032 0.136769426453937 -0.0985308599705217
0.0875829038654823 -0.0375332882422893 0.107456391809751 -0.0630578027808589
0.0909424634393967 -0.0436185160693717 0.135636306283479 0.00317892401435446
0.114751832843735 0.000233108511036039 0.135161795452017 0.107146094015626
0.104923628131235 0.082319859803111 0.0533468621248643 0.217771418023349
0.0227326026067963 0.161830886350303 -0.129927182526307 0.195788979980207
-0.139605314208844 0.0856643326463456 -0.179603544724958 0.0508920244815704
-0.143423158047814 -0.0709237517362939 -0.0369842408654892 -0.0831221769180243
-0.0472525126372318 -0.125636968231034 0.1733320701619 0.109195473450339
-0.0491176658427367 0.0826768501154242 -0.227615535200347 -0.110036249582905
0.072693672885135 0.0751112737634755 -0.00419479476168667 0.12877634423202
0.0848460893981221 -0.0361792497074453 0.213005509924095 -0.0465495800110863
-0.0102631446752036 -0.0897839230170148 0.140054793154312 -0.253149997122506
-0.0616109815165712 -0.0337842782894483 -0.101909873952019 -0.267902498704776
-0.052880675455452 0.000102526161547769 -0.21800802926322 -0.114718897288277
-0.0516656549160783 0.0174604783666248 -0.189118494719249 0.014709003275236
-0.0385352913941246 0.0193161061739729 -0.14587338055654 0.086420467929734
-0.0345880643331857 -0.00584107872362155 -0.145232637027826 0.12363702757077
-0.0139770498239438 -0.0291613608137573 -0.183522884984285 0.116447909737245
0.00139083586309953 -0.0285792415622349 -0.230052833951527 0.0350449990655505
0.0416004865544086 -0.0250458755559586 -0.227604727036705 -0.0980331599718756
0.0437814283993236 0.055510721358338 -0.162969243866524 -0.23517938386473
-0.0427939961254597 0.109124864420175 -0.122127717734411 -0.289595318449039
-0.114498609585247 0.0500183267701906 -0.283926118062953 -0.211610148245164
-0.156981581290361 0.0401203474244994 -0.203448742887372 -0.138860455154242
-0.042659248524566 0.0993586951862761 -0.00498202682002466 0.134946398170068
0.0383046919885856 0.0465252860471326 0.238486773963202 -0.0318844599929193
0.0286677542140213 -0.00920263522546741 0.170761503274164 -0.263855235899383
0.00254661398472854 0.00314387559478572 -0.092237164140903 -0.292717482661443
0.016910841256161 -0.00123710851093806 -0.218625011572992 -0.132728777467965
0.00686218200833752 -0.0156158366319972 -0.190876094763634 0.00536632872331244
0.0110630854907908 -0.012568282318293 -0.147300688723326 0.0808008228000499
0.0235066090534055 -0.0292776882983026 -0.136189745453054 0.123678860986303
0.0599324899165705 -0.0122450735052377 -0.171162115369992 0.131451766745215
0.0497759496439577 0.0359291615434611 -0.226977962471083 0.0676354590842207
0.0400519611955497 0.0630784297269153 -0.246217746669538 -0.0615394951822492
-0.0353707780489247 0.111143432138657 -0.182959816833027 -0.202554873046813
-0.166317825922647 0.0894210893309049 -0.119646659825321 -0.25002389591378
-0.236559444440343 -0.0065909515131607 -0.23831610899434 -0.177072085366576
-0.243348796777787 -0.0260470962404496 -0.143018805644966 -0.139809522798229
-0.172110468723882 0.089821588000007 0.00773739897510236 0.156253785948967
-0.0420367340594172 0.12147907326814 0.271008000930665 0.0108111454944159
0.0489382570587861 0.0924297360526918 0.222068751068546 -0.249313426077841
0.0690359239646021 0.0556624065363637 -0.0554765785358969 -0.30625631065943
0.0923170917269801 0.00721470593163829 -0.190125932580273 -0.151859092251016
0.07039723559336 -0.0432602093973874 -0.167569806450105 -0.0139807445976444
0.0589758866975294 -0.0431414027128589 -0.127935564252636 0.0636765034381589
0.0706541396031786 -0.0537166355208523 -0.104377215759184 0.114185997618525
0.121976461493557 -0.0104228768178851 -0.131725939006436 0.146320182936071
0.104008272918817 0.0743637326130869 -0.195826037171073 0.118684884079575
0.0704845604024294 0.133420502519624 -0.257482099125924 0.00682968319178153
-0.0757177988302745 0.177656382146243 -0.214085790156447 -0.143957843050966
-0.252413301141937 0.0984446807861984 -0.120770260549706 -0.207518436018195
-0.325253256419441 -0.0382741777853158 -0.16457045461018 -0.130442246517791
-0.288754543013129 -0.101777216006865 -0.0485661567635792 -0.105835131957223
-0.284988191639598 0.0426820879768859 0.0333834554746376 0.187825342292286
-0.14191759280829 0.164417396943937 0.292118753511019 0.0771936314423481
0.0373051215040557 0.190461313407981 0.274223311122191 -0.19584760250913
0.119597053939427 0.115479473982737 0.00988581207484162 -0.29042558626939
0.156668378324939 0.0258688740845477 -0.129556637890054 -0.164218857979936
0.127469038771246 -0.0602985768382982 -0.119105078945257 -0.0393290025326647
0.0991181049122197 -0.068517522492812 -0.0914204502582935 0.0379730314691916
0.103125577261052 -0.0756589529678785 -0.0588743438638316 0.0944450215798914
0.163841439773508 -0.0182416346456378 -0.0756541706177932 0.150033569014866
0.150665998023343 0.0885994431254461 -0.139684586572178 0.164313214433313
0.112028817596155 0.177157938711903 -0.240893454930783 0.0818387393998475
-0.0853375842271315 0.230945376481848 -0.229347274871317 -0.0725071475883567
-0.293644368607289 0.113713138891253 -0.113667702009448 -0.17040840807699
-0.366054987503925 -0.0537667429677594 -0.0719876440504187 -0.0832519951683683
-0.281023628589772 -0.164139283066699 0.0624035928893879 -0.0368220563088049
-0.339236488857367 -0.031131553672369 0.0693291531188247 0.221788307417291
-0.225549439788427 0.153875410226071 0.286263047889335 0.15281679058654
-0.00379216110686613 0.247506025685173 0.303632570389798 -0.106297926562581
0.136057335363277 0.163507523352889 0.0862049179666568 -0.235225690498458
0.191158473908591 0.0467339576265871 -0.0451950216179132 -0.161854330445066
0.16477022468849 -0.0647193476431188 -0.0526043217085435 -0.0655576608647146
0.12502780299816 -0.0828413713481274 -0.0426752037321904 0.00727519237535879
0.120660972168977 -0.0889464538267113 -0.00580833454671731 0.0674248381726077
0.181079335733986 -0.0265893567900316 -0.0126209456958642 0.139604464328099
0.174800717553327 0.0911130833390349 -0.0720778317636483 0.189968083665334
0.133305104629492 0.196383240139586 -0.203370438054685 0.138655158063759
-0.0899196404970463 0.246481106452165 -0.222311324200581 -0.0110040272225089
-0.296191503282819 0.104245975381579 -0.0977238945825965 -0.141776073024213
-0.352024284305818 -0.0696433237983635 0.0235392214032454 -0.0404396410277049
-0.217138866968974 -0.189956084505029 0.168994713771377 0.0510613895705898
-0.310815733902712 -0.102558787822062 0.101765341658569 0.251508723250306
-0.253480973457679 0.0935036329925277 0.250994805380555 0.216981743151049
-0.0494879267803595 0.239344817913761 0.297441639088095 -0.00486605228078551
0.117302756155581 0.178312511691595 0.153296769707214 -0.152792671741296
0.185392519755002 0.0623658422675702 0.0476858574563559 -0.14336971273099
0.171084841322904 -0.0551284127743056 0.0203265004662514 -0.0867532016106711
0.131727279546461 -0.0818747806358177 0.0110364100467987 -0.0246441187846498
0.124326393143674 -0.0886069952173626 0.0463308750251847 0.038757064775969
0.177035501454063 -0.0233240160802334 0.0415967179704728 0.123212360665652
0.166438796120625 0.103650932669637 -0.0212276131832753 0.19691976166801
0.106720615437174 0.209341723339066 -0.174562357908137 0.16023408285975
-0.118855192894889 0.216071324064173 -0.204027638659195 0.0155138421431853
-0.275511071126447 0.0379042242072994 -0.0660713137219805 -0.126060825074383
-0.277759188251461 -0.118546662433018 0.103811768903353 0.0109117697001928
-0.101681334119073 -0.179340781198274 0.239136024687598 0.152306437323573
-0.201024674784153 -0.152695416367995 0.103043725018619 0.275149370925618
-0.213972492635042 0.00856148388331574 0.183648189586304 0.269183338880677
-0.0834661764022149 0.17357184288923 0.258160936773937 0.0937959046301897
0.0699357639009459 0.155275811635676 0.199356920277573 -0.0591406741097004
0.14093259584638 0.0687160983092526 0.130876963082549 -0.110035059009162
0.147040153589479 -0.0303654338921747 0.0902537486835466 -0.0967463147072044
0.1179036484992 -0.0670565508423088 0.0635650748850937 -0.0490236469266314
0.117184579259136 -0.0694805940996653 0.0946373477452213 0.0174870923620052
0.154222653418776 -0.0109466360963776 0.094579887178613 0.109700796171328
0.145115680146832 0.0932485717533625 0.0262928609905475 0.205658077834584
0.0743701100242383 0.193722591360081 -0.141692980739504 0.18501364517157
-0.134987351264286 0.161912020433511 -0.186205569931178 0.0418698832624506
-0.222318929783118 -0.0107795266562745 -0.0518006974309395 -0.102740933375081
-0.176279237402505 -0.12528055244342 0.155731673876829 0.0554559939168408
0.0132736911541177 -0.116298697414274 0.281230150434204 0.2066644889413
-0.0712188609041472 -0.133710023122583 0.113232648635988 0.270125961672854
-0.124594026077476 -0.0346204146532688 0.145243874039035 0.276614802796667
-0.065881117601904 0.0913833034251433 0.224619517203213 0.134849198177409
0.0351526706357114 0.0942133880187583 0.218214029265621 -0.00932591638907893
0.0810794941442376 0.0466191566363227 0.174460850872733 -0.0986901413925344
0.0960012463914542 -0.0144277280599214 0.132933615591125 -0.104399455041675
0.0857801949443687 -0.0400048114211379 0.103577804956699 -0.0656409385985622
0.0884748700290119 -0.0468582126226554 0.134191810776917 0.00093791750846564
0.114092518922944 -0.00303967847630699 0.138069800911385 0.104093564311336
0.107260441295102 0.0788194286197392 0.0599899360791928 0.218058472005621
0.0282097491040441 0.160223902387507 -0.125115571140843 0.202836560515994
-0.136921835453942 0.0895381032828219 -0.178674396530356 0.0553192404778713
-0.145373685613178 -0.0682386126154408 -0.0405320973046372 -0.0836960829716182
-0.0498753277469571 -0.125052112510056 0.174393722742161 0.101187559351063
-0.0493392455902118 0.0859071136664247 -0.232361925429284 -0.105114916687284
0.0763643052084483 0.0747497944253129 -0.00152154162611587 0.132500007388349
0.0850851931095226 -0.0384497317575657 0.214281485155613 -0.0517044176451732
-0.0136171065235419 -0.0912688383515866 0.134189220744883 -0.260610778379213
-0.0636279986115187 -0.0315781378488957 -0.109557241543885 -0.269930347498398
-0.0534947071428266 0.00338457882859667 -0.223781321185236 -0.108894734854786
-0.0505648502218022 0.0205549097906863 -0.191156033823515 0.0204448319317913
-0.0365757825460935 0.021986740127909 -0.143909009006861 0.0908473533178461
-0.0349872123988617 -0.00422380361702986 -0.141755274928025 0.131041565771163
-0.015755191950934 -0.0291582916711229 -0.182626664210312 0.124423953384822
0.00114937906294028 -0.0286351680595352 -0.232005331220404 0.0413151935359958
0.0412940472167973 -0.0262762042391574 -0.231739292878414 -0.0942184923899009
0.0455845473830691 0.0552920734665786 -0.169554323794351 -0.237853134804617
-0.0393820847640247 0.111468236900686 -0.130309203947135 -0.290902348916248
-0.114686604244687 0.0523073092407034 -0.290217251393377 -0.206938415008003
-0.158274746927932 0.0443361083441685 -0.208502837884256 -0.135814306438546
-0.0392876369105077 0.102234468264052 -0.00164971042507205 0.139093956036787
0.0401064832657669 0.0459956416276927 0.240143989055156 -0.0368978166179814
0.0279484372993478 -0.0105877003451011 0.167038758945023 -0.27175736262403
0.00219284397700042 0.00385940665550524 -0.100970693750133 -0.293553283402167
0.016574716322404 -0.000566053765063574 -0.224400370580611 -0.126523960436026
0.00657663797258882 -0.014679348133656 -0.19256548175309 0.0100921398309209
0.0115331938962663 -0.0114477988977527 -0.145370555472386 0.0858681309042857
0.0219318163171803 -0.0293092649894229 -0.132924039527434 0.130442924870652
0.0602748486134672 -0.0146011903401702 -0.169655808631315 0.139953887413985
0.0522807961289668 0.0352182484499818 -0.228848070888754 0.0751135775319157
0.0418865248413672 0.0625910584981495 -0.250203364771912 -0.0572891318032645
-0.0332712219408368 0.112976586105006 -0.189600629388378 -0.203341250260533
-0.165318595626231 0.0946528689494633 -0.126745648816262 -0.251683530682252
-0.237379116345437 -0.00143956057057181 -0.244178139962221 -0.174488576788434
-0.246764904189213 -0.0216957765344352 -0.146228426751356 -0.137003476248751
-0.16989224430289 0.0954921561947139 0.0107452492603699 0.161575426631029
-0.0388473299535536 0.122995733268931 0.274030137721996 0.00599230710010175
0.0511932576678282 0.0903590306153354 0.218399756355578 -0.258229463104737
0.071188240863574 0.0543505814809587 -0.0638240221360509 -0.30647910825499
0.092772066956904 0.00498646723571629 -0.196128209074769 -0.146963623462699
0.0692136994507972 -0.0449360469722528 -0.169201650975723 -0.00982332910547431
0.058300016123855 -0.0438216241362389 -0.127059443873914 0.0684140426067618
0.0690855782162516 -0.0553266004675883 -0.101774460767507 0.118819185639563
0.122429634630893 -0.0145890852949201 -0.129151471536035 0.154317203344789
0.108172974845905 0.0722953630689554 -0.195854712726482 0.127269631571881
0.0739306447590283 0.132555745821408 -0.260038651423117 0.0137275231625022
-0.0720277415601304 0.181794537344106 -0.219381099915512 -0.143530058351513
-0.253339184146198 0.106277997193089 -0.126097103130947 -0.208660688942426
-0.328265723717457 -0.031617616221119 -0.169798862481845 -0.12911929510122
-0.293808906264418 -0.098263269091606 -0.0517612483397617 -0.10400020136567
-0.285276826955978 0.0508653920487675 0.0366897887401425 0.192933891159913
-0.139282205186312 0.16879945209576 0.296365563980205 0.0728733063094499
0.0420550894634843 0.188859571684752 0.272934087712401 -0.20481441740915
0.12321443792323 0.113032450800788 0.00253727158934347 -0.290343325904597
0.157932320043644 0.0209579528218654 -0.134917431410483 -0.161772888042671
0.125537901319837 -0.064255775734307 -0.121700803994007 -0.0376402795112812
0.0970351971535452 -0.0703503035445588 -0.090557701542299 0.0417996400511681
0.100774519168063 -0.0779433055762864 -0.056982483057469 0.0973201420232031
0.163755963796074 -0.02422238065017 -0.0714626595737457 0.157015614885815
0.155661071657379 0.0855266818086136 -0.1364942155766 0.171689092138874
0.116964071601948 0.174439104131756 -0.24219006156962 0.0903880382980437
-0.0800543706102773 0.235352852995808 -0.233571424644406 -0.0707858902762031
-0.29419365973161 0.122627128692044 -0.119060273436945 -0.171124153249777
-0.370833279361431 -0.0454697212786081 -0.0764271221304157 -0.0844638533697092
-0.286592170507147 -0.161838097371091 0.0622142918202016 -0.0375421743785538
-0.343599205138931 -0.0214767323404178 0.0721834622732219 0.226035426027997
-0.224135025593688 0.159102632027918 0.292423504879277 0.149924171660838
0.00236125896537014 0.24858177463743 0.304656129891918 -0.113473808557371
0.141333869966519 0.160911972422063 0.0819754386578655 -0.236543656939291
0.193780178373954 0.0414126027956716 -0.0483476735733007 -0.161202206468612
0.162082296942924 -0.0705243748238203 -0.0559199534323667 -0.0658671055327149
0.122641973724918 -0.0853335531192437 -0.0428712471318703 0.00909156950532889
0.117852716879569 -0.0929425163892383 -0.00405850407724493 0.0689992073393658
0.181345217198312 -0.0329162762653415 -0.00894093992776088 0.144656262106648
0.180478676047581 0.0873812982235811 -0.0683193134328229 0.196364675472564
0.140495387204104 0.193498250401281 -0.20276074951956 0.14851627668865
-0.084177177772231 0.251612338360653 -0.224828173538003 -0.00783806862064136
-0.296611711065677 0.113406790622063 -0.103364112994132 -0.142161197877877
-0.35615577063681 -0.0631780055783315 0.0207868673448533 -0.0438676176695082
-0.222206986258637 -0.188932577127964 0.170680709085784 0.0487082425823567
-0.315665944049384 -0.0956103540879365 0.104677865703653 0.254906650106255
-0.254579427922337 0.0993979017602582 0.258447296934071 0.216773986903971
-0.0455684500814244 0.24163580618368 0.30052727712314 -0.01102225496547
0.12217067476801 0.175653885105019 0.151146198772256 -0.154603788075555
0.187586162496266 0.0567604042173877 0.0456968679163431 -0.145748822738955
0.168871666984155 -0.0608509330456833 0.0166405719500781 -0.0895097348712774
0.129410555781042 -0.085226238488164 0.0102359766432123 -0.0238866169655996
0.122165518393731 -0.0923900158764176 0.0474680806094521 0.0385900698384918
0.177242659115692 -0.0289221220160337 0.0457446093698322 0.125825666346482
0.171438818423978 0.100934734692561 -0.0165489706472092 0.20236173097297
0.114145193166397 0.206735264575695 -0.173183537813429 0.169439998368972
-0.115586335970541 0.220438723815962 -0.204846849605694 0.0192836100185071
-0.277599167267259 0.0448875045478539 -0.0705364976161192 -0.12717309031137
-0.28127780574324 -0.112600527869545 0.102721074697454 0.00573408941989979
-0.10590316017976 -0.180559676907232 0.243099455130621 0.14891470738581
-0.206914446672454 -0.149203011426206 0.106059952287215 0.279339909646865
-0.217078008781101 0.0125486487437508 0.190862594457751 0.270267783720044
-0.079998273165842 0.176484446498883 0.262839767357323 0.0901450445359125
0.0747565313139861 0.154210230493678 0.200136141727303 -0.0618143346702553
0.143326586958163 0.0650441642662477 0.131230164798388 -0.114701643633772
0.146451010495305 -0.0349391163236685 0.0874306178404633 -0.10186608091786
0.116093644895299 -0.0702811881032475 0.0615747408374544 -0.0503362772100578
0.114329259912424 -0.07363566230638 0.0955888747262388 0.0160808417546186
0.155019175515675 -0.0159731768478015 0.0987112976902843 0.110438157706857
0.149982095513008 0.0902063951707162 0.0327515433662776 0.209149243351626
0.0804809633073345 0.191740329178927 -0.138983270798379 0.193599666928195
-0.131864488202611 0.167144237975022 -0.186947398782499 0.0465121553944081
-0.225109278546936 -0.00601080491629735 -0.0560690013771471 -0.103120982922492
-0.179175251949823 -0.123226108482529 0.156284370609055 0.0494765620317667
0.0109422880443174 -0.118301126944909 0.287263307195087 0.203527344972724
-0.0748562470330041 -0.134184344599601 0.117150926137829 0.272905127429512
-0.127236465117291 -0.0329795396075877 0.152214922228964 0.278941164602619
-0.0637637241039281 0.0929661175261166 0.229091507084191 0.132978921598439
0.0378343585648495 0.0936082468248228 0.220584622082206 -0.0126988358289862
0.0827730839627271 0.0441853734221957 0.174996856346703 -0.105093835652708
0.0946790311819809 -0.0175961918285077 0.129762505819329 -0.1097018846582
0.0849664349881474 -0.0425631308323285 0.101057024641 -0.0675326567099405
0.0871843445289509 -0.0500447442489045 0.134719513246304 -0.0015478676294768
0.1147594692165 -0.00605902733715593 0.141312124662385 0.103660668578287
0.110670057061847 0.0759129330329683 0.0667420467158696 0.220262588809378
0.0338167041454147 0.159279451677499 -0.121443385624407 0.210440188491678
-0.136332673750177 0.0948723159712223 -0.178607211637335 0.0600301232552389
-0.148190545318322 -0.0657367486448893 -0.0446631907134563 -0.0853012093158965
-0.0516499894822613 -0.126191320520854 0.176625645221229 0.0951624851212698
-0.0625989171749971 0.0735666086236069 -0.214169396537382 -0.146121288150428
0.0611713103996452 0.085232289741635 -0.0286421721719544 0.137576716716129
0.0891580975012119 -0.0191434088888017 0.223049886860538 -0.00650024291532668
0.00338897885284204 -0.0862518640380197 0.184216446524502 -0.235777802282689
-0.0529466257616624 -0.0384711397257535 -0.0576553561413475 -0.288397706490315
-0.051062994843122 -0.00459460208875857 -0.201761987131108 -0.15124248870478
-0.0525038554586807 0.0129883740923836 -0.196032974866349 -0.0174064489974803
-0.0392702077004761 0.0164594737153134 -0.1585089666551 0.0622898249194553
-0.0340046082445541 -0.0105488047008055 -0.165423850461956 0.10485933481731
-0.00965668517010746 -0.0316519743587953 -0.204348709558584 0.0880243203021841
0.0071208803656717 -0.0279078486611358 -0.239110160858991 -0.00519866950382012
0.0440417384329071 -0.0149147351934195 -0.209653995551292 -0.144167372576609
0.0311430919378663 0.0652255072905446 -0.12105265452274 -0.273492149254462
-0.0635038660055806 0.102994417069826 -0.0743099277320925 -0.321845854611323
-0.12431840945347 0.0282498471996158 -0.251434676054835 -0.272440925812924
-0.1600870174763 0.0118332177446082 -0.185257754478164 -0.173123503972947
-0.0562979800129808 0.0919732876408668 -0.0314766238170966 0.139053961014284
0.0290500905674136 0.0545470269603176 0.243006598145273 0.0116819881028954
0.028357142567897 -0.00184370878081706 0.216585194906277 -0.23941871730085
0.00478200852089687 0.00861025393243956 -0.0464956765631597 -0.310188790670228
0.0181687218216607 0.00456103485341524 -0.200012800750867 -0.167801796232554
0.00912937739776044 -0.0109541341338269 -0.195924208510207 -0.0272473998709494
0.0158713647808246 -0.0078004730038904 -0.158696664989773 0.0560267827058586
0.0274900009909718 -0.0235195583918779 -0.15628992873369 0.105284397081298
0.0624293232792062 -0.0028793852412607 -0.193998805980603 0.106791441174006
0.0452473841576338 0.0453325480410099 -0.240355591468535 0.0312796458731011
0.0266791688927494 0.0716936574782166 -0.236708511811283 -0.106475332140512
-0.0600093699400454 0.105507831302586 -0.150693311819089 -0.241639466840479
-0.185042206201274 0.0601479960563631 -0.080787063455064 -0.283350056237442
-0.234752535909425 -0.0515349040809202 -0.213186262708843 -0.229942845058562
-0.233264058197923 -0.0702100382799503 -0.124322706093563 -0.164520199110427
-0.183267463123507 0.0630502313256813 -0.022164754033269 0.159693006049328
-0.0633181080586629 0.115017808556821 0.266003649027915 0.057962550148587
0.0319399571092425 0.0998299811965179 0.263030544777893 -0.215855079677027
0.0620353750878692 0.0705538340937138 -0.00832506014520443 -0.316222918988609
0.0916204955276351 0.0236216257218056 -0.169158004139126 -0.181179542620595
0.0756639423483035 -0.0306333524575307 -0.167412001188731 -0.0435162331648385
0.0678332817694568 -0.0309510259932792 -0.137630337847656 0.0430195256423409
0.0786748411862992 -0.0398844699315524 -0.123745840790049 0.0998792891648084
0.124060246564485 0.00859631980980062 -0.15536407538756 0.130183355793279
0.0937863466512699 0.093912517712437 -0.215892975208619 0.0914903948293103
0.0440794587406619 0.146746138641002 -0.259615914467905 -0.0341415313978626
-0.114151053759691 0.166041182363147 -0.193750598553866 -0.184448398818179
-0.274201479989015 0.0535615005041443 -0.0900776081022304 -0.24183380702039
-0.318403932189231 -0.0999435814286493 -0.147833073188164 -0.169488184928284
-0.265814179769395 -0.153421326733086 -0.0356777575475923 -0.11594537293081
-0.289254754179714 -0.000579435372796149 0.000159108551503039 0.192201394597215
-0.170761976412666 0.140768015174489 0.274394527661232 0.126028557236293
0.00489986915029999 0.192224711758774 0.305914789685621 -0.151993892782564
0.100714979720397 0.137339631019777 0.0533797472978898 -0.288180669728621
0.151924391848038 0.0511706559907013 -0.106046202354123 -0.183935394271379
0.134187236539428 -0.0398772423091204 -0.114419638719408 -0.0615164321835996
0.111534220414018 -0.0505587096883244 -0.0976258613548933 0.0235010861510796
0.114298558200729 -0.0561001922885745 -0.0741130057557812 0.0875987424442688
0.166354032974452 0.00717773087743444 -0.0983623907045478 0.143723019488415
0.137992889050203 0.116579742354532 -0.16427171179014 0.149090745455515
0.0783434836541298 0.196379316836423 -0.256269814965925 0.0474207129440149
-0.133595025432271 0.218004155449742 -0.223253318801088 -0.111646537368607
-0.319093732478959 0.0606561491051665 -0.0921757321817708 -0.202751723192144
-0.357958180577711 -0.122816266261888 -0.0622755259901134 -0.10343456966034
-0.247619400976834 -0.213307552063476 0.0653753587048065 -0.029107904176066
-0.333628020714184 -0.0822048464976512 0.0320223188682893 0.229996410450651
-0.253681449115225 0.114821238071724 0.255312496412742 0.198432250652053
-0.0454344818454394 0.241642868392881 0.319525080304931 -0.056576378914615
0.108216058471702 0.187294326816243 0.122031959885309 -0.219698052999586
0.182036485840909 0.0774160499345968 -0.0200167436577532 -0.167167532959029
0.171384245309316 -0.0395624118988125 -0.0422423725828732 -0.0767228433148255
0.138532925542361 -0.0613312074507611 -0.0439351325271548 0.00168545418624917
0.133454908649799 -0.0670171740821312 -0.016477876390478 0.0685064356248485
0.184648649998906 0.00237367842028633 -0.033543586592375 0.144618192571167
0.161803557530071 0.122185057992514 -0.0992181153394221 0.186360344247075
0.0968445454372933 0.219082369604997 -0.227720263279584 0.115359564148306
-0.140934681114798 0.233670709118428 -0.226042650050238 -0.0449336973524475
-0.320095856879963 0.0506785160512967 -0.0818464977856008 -0.16990263189657
-0.339083561387308 -0.137120503194699 0.0276329870877292 -0.0419036779132851
-0.182078174201631 -0.227903816536538 0.158928957389034 0.0767087980275656
-0.294268767611188 -0.148959018924331 0.0606311796499519 0.26537180636759
-0.273442588672301 0.0498145707502554 0.211104622989409 0.256794222897364
-0.0907401559881596 0.226102748708958 0.295417297653706 0.044835850241325
0.0848689418313955 0.197556999931597 0.176850635150465 -0.126029459236841
0.172638433936731 0.0915321288615224 0.0704456141075676 -0.1335461499137
0.175866019765773 -0.0297979877626371 0.0356976397717785 -0.0870325443361603
0.14573348621585 -0.0603619460213837 0.0137556015184334 -0.0211529484017181
0.137307519120741 -0.0664790021738763 0.0414445493905411 0.0487481572040945
0.179948434718578 0.00468514218002443 0.0231876558773725 0.136860261810784
0.149657503921349 0.13402715908669 -0.049573725691823 0.202663640694274
0.0694940342662735 0.225406651340987 -0.203653648796152 0.14219222786649
-0.164725872991299 0.195549988188626 -0.213112854257623 -0.0146318510115895
-0.285618967219785 -0.0126744678174294 -0.0506996563899383 -0.148034170351747
-0.255058130992959 -0.171638927466379 0.101575737088049 0.0251624974580782
-0.071343581262646 -0.196255862900325 0.21427687615614 0.191178485873443
-0.179538218356683 -0.182972601600058 0.0591611709703476 0.293326023612924
-0.220721896714925 -0.029020596665156 0.137023208172686 0.299366919254485
-0.113253265401403 0.155833607145428 0.239885271116078 0.138345170141289
0.0420876193958431 0.166361384965626 0.208500354069633 -0.0241084716893148
0.127468564054677 0.0909743216861887 0.151694811831445 -0.0889843014996553
0.149000967781197 -0.00922548179858552 0.107833522067295 -0.0854731697847226
0.129655282054414 -0.0480336121738317 0.0691235687418427 -0.0360278981415037
0.126224189782832 -0.0495544724261549 0.091946243658547 0.0356644004945484
0.155606649398522 0.0137914346258599 0.0775667990657607 0.131641484536733
0.130759765185248 0.118775874606566 -0.00280026738228745 0.218981911941688
0.0409050148167089 0.204604602271071 -0.175418399771001 0.173667689619463
-0.16952071552958 0.138302116364774 -0.200987613861689 0.0153498893106454
-0.222681233645998 -0.0525736294205441 -0.0401058586226267 -0.120689564566617
-0.151120918589242 -0.160850245879134 0.146674648192313 0.0809052615961287
0.0289841152975922 -0.112979657587481 0.248658037459686 0.254893425657219
-0.0542761091928997 -0.145051824759243 0.0691327318179879 0.293747152205842
-0.124176270157872 -0.0568541397482656 0.0985305318385902 0.303412794004865
-0.082458785561817 0.0786943183803872 0.200441742765693 0.174352233699946
0.0171118524904116 0.0989722223342245 0.221690192886025 0.0285650567958741
0.0712604202041486 0.0596781396825883 0.194524703456797 -0.0723598018899374
0.0956322853675833 -0.000820833318903188 0.151873586011499 -0.0857071071700215
0.0929053956030143 -0.026140839843707 0.110977798735236 -0.046367616322954
0.094371362818164 -0.0322375222793503 0.133846959358075 0.0267257436204782
0.113921173636451 0.0153336941288147 0.1204835233346 0.132287310494582
0.0936100634615703 0.0965355676930791 0.0276415979747922 0.235233720342992
0.00192691517775295 0.163341415012897 -0.163114378444124 0.193028853480942
-0.157739093216695 0.0654461536415652 -0.195858632088963 0.0281231610874413
-0.133535246820223 -0.0968574663420066 -0.0306660566072942 -0.100426922564009
-0.0242805452505129 -0.138060757614971 0.158936629043487 0.132629369581164
-0.0625672045847843 0.0761023156813924 -0.219464439471829 -0.142138556018409
0.0650396874462171 0.0842952201499774 -0.0257832764411097 0.142436016322151
0.0894720995017834 -0.0211721176094984 0.224568117541559 -0.0109145223536281
3.92993169048889E-05 -0.0868634238446603 0.179257034644029 -0.243519242385136
-0.0541747686905459 -0.0361460175948417 -0.0645591166325538 -0.290174028858154
-0.0506789954116673 -0.00168978815266254 -0.205523308643614 -0.145900869789291
-0.0513055223105901 0.0156050268696292 -0.197031910149536 -0.0107983587084506
-0.0376975864707936 0.018160700811188 -0.156985071836929 0.0667568216603833
-0.0343535047359365 -0.00709283413529207 -0.162665723097208 0.111708273669766
-0.0113141477370573 -0.0316165705204135 -0.202120482848374 0.0957510500157797
0.00666559826818014 -0.0278097859727323 -0.241493322985127 0.00165942121337286
0.0439913239544344 -0.0167408209120028 -0.213491241689495 -0.141259765815291
0.0327531769175516 0.0655997570396392 -0.127523244535824 -0.275382550211238
-0.059898171182491 0.105355104976786 -0.0804018893491812 -0.323704080171311
-0.123491028675008 0.0304121897823097 -0.257064054386072 -0.267306149340467
-0.161705090816049 0.0155391115314482 -0.190755084854805 -0.16942267291435
-0.0530098324161268 0.0942257556029161 -0.0280845358358958 0.144101623857078
0.0310030317311371 0.0538491719779697 0.244605493791828 0.00793689542691961
0.028525502347468 -0.00370185217290059 0.212739606019885 -0.248008254637697
0.00508556594342082 0.0089322254555059 -0.0543918459449374 -0.311234681861925
0.0189818953636611 0.00476534499906269 -0.204924614973426 -0.161758586116971
0.0091047870125392 -0.0106620708882917 -0.197591819894856 -0.020816007042579
0.016474165754607 -0.00736875895502295 -0.157915173992073 0.0611232814763376
0.0264795452025155 -0.0230859655953256 -0.153232236399306 0.112312716890376
0.0622882731257032 -0.00503155237401401 -0.191398320081488 0.114794699200046
0.0475798208479858 0.0452734145032841 -0.242025154296748 0.0390502121653189
0.0287750491387947 0.0707391455903411 -0.240120741733246 -0.102275804701162
-0.0579043605522807 0.108080941202014 -0.156805006935744 -0.242391385990238
-0.183411664215065 0.0655602512592872 -0.0870160305216721 -0.284455174851514
-0.235168441210249 -0.0465703570315841 -0.218695740715091 -0.226707991740024
-0.236431621813074 -0.0656151217866658 -0.128227133620809 -0.161965748085058
-0.181556263870777 0.0689503398009312 -0.0193250210733266 0.164647751596433
-0.0605927952408033 0.115998201529618 0.268756621629372 0.0535376664346409
0.0346990402889425 0.0978229038600245 0.25952472395491 -0.2246487464716
0.0637972405770478 0.0693650383397126 -0.0161353953837425 -0.317483594120157
0.0925175413568858 0.0216837855712769 -0.173503107840366 -0.177193320560285
0.0748680584317784 -0.032081425664883 -0.170107779330749 -0.0391816885391689
0.0685222145782244 -0.0317688228242767 -0.137393467359076 0.0479598427321248
0.0773346378042096 -0.0411852377334818 -0.121051472910371 0.10511654692253
0.124624330701324 0.00447079580283845 -0.152289841049114 0.138136489319686
0.0981452775196918 0.0925882040180232 -0.215934683296122 0.0998936234442888
0.0489239714595079 0.145970674007169 -0.262105579014363 -0.027718601208304
-0.110112551792048 0.169534109029594 -0.199099619036433 -0.184015248245004
-0.274242810855407 0.0610715691456955 -0.0961289564217537 -0.242650835983418
-0.320073708112788 -0.0934747690480363 -0.152744019776814 -0.167423607314909
-0.270012336888618 -0.149489597293274 -0.0379682699444282 -0.114497724870248
-0.289223938466137 0.00769717008629504 0.00355604832009676 0.19725637553528
-0.168801856202024 0.143840474457737 0.278411505577153 0.122570149236072
0.00908463864010534 0.191671381183964 0.304236179512039 -0.16138065987155
0.104585922349995 0.135173767605532 0.0471878236383624 -0.289414957256386
0.153821668621753 0.0469505904969358 -0.109707478752595 -0.181350682822723
0.13251505856411 -0.0439871302212076 -0.116953478127786 -0.0594429952687948
0.111085743082558 -0.0524057111750415 -0.0973562487493138 0.0277496777252693
0.11184145449752 -0.0583810353991971 -0.071906146929053 0.0911843467428939
0.165939274025027 0.00174294576616541 -0.0945145260751864 0.151227549036585
0.143700831868938 0.113788716368722 -0.161438153152252 0.155427826278097
0.0842825869247732 0.193748656961838 -0.25733898053408 0.0565020348311903
-0.128683436717119 0.222725512296898 -0.226404318618084 -0.10927357663923
-0.319689370876756 0.0698113156557301 -0.0972041060626405 -0.202940379498505
-0.359609335669332 -0.115532832599892 -0.0668429480616741 -0.103841646451793
-0.252436804604518 -0.210984452668045 0.0654768787909051 -0.0297515972686101
-0.337932096020075 -0.0741324286476697 0.0348578134766557 0.234681355759066
-0.2527133299407 0.119807110273743 0.260649138025798 0.196352525899132
-0.0410035210633599 0.242189405763538 0.319347095477255 -0.0645777732650959
0.113305886917871 0.184268531771512 0.118243527496259 -0.222181894966071
0.18487372275389 0.0723037462082386 -0.0233753209075566 -0.167251475161297
0.168982306301367 -0.0450539947972735 -0.045085753831077 -0.0772213602618476
0.137871502931059 -0.0644643277106712 -0.0443219196675069 0.00338901234757592
0.130490029052511 -0.0703042942460853 -0.0148384392927173 0.0701776570321588
0.18491639303268 -0.00448350067606438 -0.0286807037707623 0.148991998538994
0.167817723976211 0.118374849963618 -0.0949435853309995 0.192494878195561
0.104565598794019 0.215361951410646 -0.226853542862593 0.12403087371868
-0.135562966390659 0.238427199654671 -0.228603211624114 -0.0415783868408578
-0.321148995860398 0.0598327805800638 -0.0861652465922907 -0.169792265132383
-0.342638475685389 -0.129023168298251 0.0251212214323775 -0.044258880734781
-0.187482663750612 -0.226525790742939 0.160521241216931 0.0747642352957044
-0.300493858902783 -0.142566830527951 0.0643111611342251 0.268742669651255
-0.275076740804767 0.0556563286960548 0.217266527658414 0.256910320553234
-0.0862469253643278 0.228598224046267 0.297720942388478 0.0390228372724504
0.0915220425883 0.195102560464295 0.175880734560035 -0.128452250364383
0.175604286326725 0.0867661107241145 0.0696895751366435 -0.137588806248464
0.174537143113097 -0.0357225479437697 0.0326620594755274 -0.0897109404222965
0.144030243806964 -0.0641270403355065 0.0130942418414506 -0.0199555452900685
0.13433624043184 -0.069944151808763 0.042237922870063 0.0478175680591656
0.17983546941944 -0.000516051436072338 0.0279265799573924 0.139479083823167
0.155341929628491 0.129670727685536 -0.0444637933649929 0.207460630981745
0.0771749892959067 0.223040868113547 -0.20210182581285 0.151919453948626
-0.160604389715355 0.200746168650741 -0.213874134206163 -0.0109641322996998
-0.288162526560002 -0.00589099631697236 -0.0551297885867651 -0.149641406943679
-0.25801542065911 -0.167358165322538 0.100355532552794 0.0203975792415505
-0.0754629580468898 -0.197249326868489 0.217604577396954 0.188337064347187
-0.18549040362089 -0.18052396874926 0.0628710004031028 0.296080345714518
-0.223917867446151 -0.0242504412795162 0.1440011992663 0.299865244024104
-0.110000318247765 0.159086606816391 0.243087576441687 0.134632219429259
0.0469894179526136 0.165653043879737 0.210535877209813 -0.026938417218189
0.130127178669693 0.0875653420860723 0.152084919462127 -0.0946372431179394
0.147937441918535 -0.0139260522457395 0.105279425238755 -0.0903724942107777
0.128415796698088 -0.0518889323990985 0.0681110720278216 -0.0371532337045058
0.123977795344317 -0.0528428962735166 0.0936129673146937 0.0341306907100297
0.15543175571148 0.00888786320274079 0.0817982437958072 0.132048898224815
0.135279435906726 0.114837615795075 0.00316928885950229 0.22196938941157
0.0474517813684932 0.201689133445951 -0.171962522105181 0.182712286019598
-0.166326857022045 0.144204553395496 -0.200360766676385 0.0197338686291124
-0.224906580247352 -0.0474264353968495 -0.0441428571827763 -0.121976685102416
-0.153759294296278 -0.159419023729284 0.147421303723438 0.0746958122008516
0.0279664352227863 -0.115402497747689 0.25370046161423 0.251567953291618
-0.0585903139256306 -0.144717518123677 0.072980137915959 0.295454013193355
-0.127446030094739 -0.0545219386543982 0.106241586893826 0.304844573708225
-0.0807202926716715 0.0811859965250435 0.204302212322246 0.173075969627228
0.0201115244260539 0.0987970017385009 0.224176593062301 0.0253183012202086
0.0724653869430636 0.0581062425813404 0.195643827052678 -0.0799264548529935
0.0953019065638905 -0.00317703721324909 0.149729339356201 -0.0920960298461422
0.0925117371650836 -0.0291298570220211 0.109360002077714 -0.0484036295897912
0.0931068687540419 -0.0344718922098128 0.134916864548918 0.023424153183792
0.114876503593294 0.011816561740348 0.124609494025654 0.131085994643012
0.0971996391224727 0.0937287798012457 0.0351716582174314 0.237196866767838
0.00749224534125506 0.162951954538832 -0.159407317244176 0.201506041960132
-0.15697808289277 0.0700233773687547 -0.195687015512021 0.0330910349700805
-0.136909988684547 -0.0946551458017901 -0.0347224154949705 -0.101824408206731
-0.0261516804304455 -0.138876266192378 0.160792010465147 0.126359394481221
-0.0627229862981818 0.078332448921598 -0.223672306152998 -0.139236021562256
0.0680376279830476 0.0836655470339094 -0.0239349511812027 0.147160905872193
0.0898493585583734 -0.0225149268921333 0.227003979175929 -0.0127873440887782
-0.00165397721041648 -0.0868649885931 0.176923734544671 -0.248928924887499
-0.0545909626798376 -0.0348813398162868 -0.0684724873902354 -0.29358570771034
-0.050232059004241 -0.000283896775802159 -0.208694819926263 -0.142581885802646
-0.0498441339432936 0.0179217023596997 -0.197256406832786 -0.0057455041426949
-0.0355369584055497 0.0193724309839058 -0.155547659604065 0.069195682167298
-0.0340488307942112 -0.00559437557485212 -0.160229811677065 0.11641478906213
-0.0129933533120591 -0.0309303637040573 -0.201851269704297 0.101529115893606
0.00612950892173045 -0.0278356512137004 -0.244376089683819 0.00507608884141194
0.0435276533748227 -0.0177458260544758 -0.215770432063384 -0.141235272513854
0.0344652225712494 0.065957882836046 -0.131261903054906 -0.278351317993791
-0.0567590144611296 0.107404718085463 -0.0828694748701763 -0.326646190734368
-0.123053625120057 0.0309624160032166 -0.258853842484198 -0.26636646626484
-0.16337510148637 0.017733548717519 -0.193552408623924 -0.167868517434038
-0.0503565178261414 0.0958431120110798 -0.026917529393819 0.149602653174923
0.0328801332212573 0.0531114669032903 0.246588619799563 0.00515256815752018
0.0278423289536157 -0.00447594525222981 0.210608093248589 -0.253745707431593
0.00550362164498198 0.00941549612486134 -0.059290152478363 -0.313553515186381
0.0197019836581624 0.00508345498156267 -0.208114833234111 -0.15901671730769
0.00950278615750698 -0.00947620970165992 -0.198231302345882 -0.0166944936991908
0.0177908055691841 -0.00658557624489586 -0.157485660019579 0.0644523615087068
0.0268302081434293 -0.0224914474725286 -0.151934742680242 0.117279861119694
0.0619346789437675 -0.00609324872271642 -0.189698080504479 0.121108505807717
0.0492447884369948 0.0445167231584587 -0.24435790117877 0.0434848668237465
0.0298897056075129 0.0701373642198621 -0.243496186581488 -0.100417242421522
-0.0569731452178783 0.10941569666696 -0.160049276648525 -0.245655843037268
-0.182858078345704 0.0692498685928187 -0.089531103804651 -0.286957644090798
-0.235429135881466 -0.0457283662321684 -0.221626960757518 -0.225476723461245
-0.238991882707148 -0.0641713107118071 -0.130109415543608 -0.161197946373956
-0.180129009209807 0.0729223386557691 -0.0171881333130598 0.170042882346181
-0.0586887290666175 0.117264667440033 0.270678802737069 0.0516801141761145
0.035865469880523 0.0964781956528887 0.258895146003455 -0.22983260596756
0.0654046713844315 0.0689882494935172 -0.0198122029174288 -0.318092232660179
0.0933896900609029 0.0202819404569464 -0.175960014926936 -0.174686822844475
0.0739159159211443 -0.0326075071856861 -0.171746741958164 -0.0358637107623782
0.0691316774909151 -0.032415774543611 -0.137062476712064 0.0508121820893387
0.0765776250471398 -0.0414915961057815 -0.119814050137333 0.109909832195804
0.124198019229996 0.00169559354002689 -0.150255978669636 0.14435858479568
0.101202670699353 0.091048978640209 -0.216527860815255 0.104957668581642
0.0512083248094841 0.144836024882981 -0.265484109817551 -0.0234145151400649
-0.108585737194518 0.171972176374066 -0.202456618501477 -0.18548759950067
-0.27602262379604 0.0658583766181997 -0.0991672845245369 -0.24456194665321
-0.320068782559851 -0.0912641146332503 -0.156100240697611 -0.167320259221666
-0.273573016980766 -0.149215995236836 -0.0394830919709575 -0.113783750156153
-0.290261390524638 0.0123843025318932 0.00471558993768603 0.201906526181287
-0.167815839070645 0.146064764390775 0.281162666885192 0.121585560931347
0.0119747940373941 0.191067796819351 0.304388672666298 -0.165789468486434
0.108061678306287 0.134203558565372 0.0450126267794757 -0.28978494884685
0.155736054480559 0.0442211593572392 -0.112157978191746 -0.181337452465711
0.131391859751169 -0.0463539014621081 -0.118841380448764 -0.0578171110310989
0.111500905651358 -0.0541710317607811 -0.0972065052309003 0.0302038895388243
0.110957211390272 -0.0594326509490366 -0.071277593088846 0.0940513337218626
0.166572122181741 -0.00177236366671263 -0.0911091291692333 0.156353194969182
0.147438609492969 0.111958385865181 -0.160838781480338 0.161462292292878
0.0879590974322479 0.192250618999237 -0.258611949459046 0.0619144912361434
-0.125786667134612 0.225673506727502 -0.229174002431641 -0.109786459936721
-0.320919807712931 0.0759190490439084 -0.100070295638009 -0.20485309866074
-0.359643280676589 -0.111879425798188 -0.0693676984257962 -0.105155283985096
-0.257858854408383 -0.210732574762543 0.0649895187598186 -0.0294577759402366
-0.338554768878828 -0.0684519237812087 0.0364641972372373 0.23888504285662
-0.25371778220573 0.123386735388573 0.264275401033377 0.196187386539151
-0.0371721016335751 0.243206584129717 0.321801605495029 -0.0682223912664131
0.116954133993466 0.182987543576735 0.117184846310599 -0.222232018439339
0.186897911657122 0.0693019010254724 -0.0236137143314864 -0.169063127478309
0.167887106904213 -0.0483924680392315 -0.0470043311411103 -0.0778663264182499
0.137512500510697 -0.0675632241125904 -0.0443402713258197 0.00533444371454803
0.129394192494756 -0.0717688873125199 -0.0140007438121545 0.0721852642223762
0.184351039259674 -0.00837332474900042 -0.0250851718049698 0.153670533611306
0.172660440805155 0.116190339380919 -0.092392999908837 0.196372947292811
0.108334522698833 0.212653203949822 -0.226907731670965 0.13138172514146
-0.13273237658841 0.241619053184121 -0.230107453670243 -0.041378048574064
-0.321849286874837 0.0647449778866065 -0.0890655900156795 -0.171586201233792
-0.342536253687858 -0.127665419057827 0.0223957429773236 -0.046526313409755
-0.191145353777927 -0.227753588409904 0.161373003786688 0.0749163847689156
-0.303858121295071 -0.1387647870262 0.0660594336005051 0.273779144090489
-0.276983136116665 0.0591887555599949 0.220637576492038 0.257649104776355
-0.0841839368075497 0.230110076530015 0.300102151596542 0.0365653129346967
0.0947868852471084 0.194211726311084 0.176843836392246 -0.128599574403757
0.178058875852355 0.0837212614658449 0.0697528185851238 -0.140653367416714
0.173412267012479 -0.0387909187669245 0.0303217409550949 -0.0921727499140445
0.143142016835064 -0.0676439657395698 0.0133794976611342 -0.0194388968124489
0.132381924069994 -0.0711325504210534 0.0425550319845381 0.0491085638562696
0.17982209721244 -0.00437191899226836 0.0311030849826027 0.142757025519315
0.159854511269578 0.128027838774772 -0.0411080177003286 0.210991035479086
0.0820121846336052 0.220465409135759 -0.201383270172056 0.158744120677644
-0.158702124811235 0.204800241669393 -0.215285192353989 -0.00937215824235069
-0.289876745808754 -0.00181974526736143 -0.0584940830255075 -0.151491898880271
-0.259238144177912 -0.166047884973435 0.0996037361591127 0.0168359781071225
-0.0776859426990938 -0.198974388987685 0.219994275016054 0.187571966384335
-0.189703840179905 -0.178147207069627 0.0634555451497214 0.300537098690496
-0.227162501057094 -0.0218331261991165 0.147703062900488 0.302489370896814
-0.108314657444786 0.161142139351992 0.245952111251356 0.134005584915947
0.0493768216371538 0.164915707595812 0.21249632752491 -0.0273165852974804
0.132144711459739 0.0857919116675223 0.152668377159996 -0.0999032022456249
0.147340178538242 -0.0163671584024335 0.103684834973839 -0.0954154323246404
0.127592553427677 -0.055027006702849 0.0677012732380952 -0.0374616471203013
0.122138990900202 -0.0544574898611216 0.0936201235327321 0.0335572959232388
0.15569470008732 0.0054860637083642 0.0845400252892011 0.133774429546697
0.13864972032969 0.11278732413385 0.00773773630002158 0.224383065130747
0.0523739271691485 0.200391093835012 -0.170029603602868 0.189923688586195
-0.164811951264185 0.147696027956924 -0.201157682369024 0.0213916304644996
-0.227007822122201 -0.0456125277988275 -0.0473262135799123 -0.123276782993481
-0.155164290492499 -0.159784874289877 0.147099533800256 0.070731077054325
0.0269475261111897 -0.117354552026104 0.256121713233664 0.251566061501675
-0.0608575767554511 -0.14512161953394 0.0740253087260495 0.299037639868326
-0.130450159273253 -0.0527788604740371 0.109451421872296 0.307854327130557
-0.0798441090308817 0.0832924120973264 0.206662181845132 0.173551961612908
0.0217722693055313 0.0982245991956922 0.226672694927446 0.0237746933949231
0.0734053619003574 0.0573270384439973 0.196705150197464 -0.0864892368890526
0.0948634238993651 -0.00521172215619465 0.148597757902745 -0.0980281887726006
0.092736465443986 -0.0314631830870018 0.108745950564749 -0.0498238641239
0.0917878002206892 -0.035779716974544 0.135225701612783 0.0225000690311392
0.115061397644849 0.0103763031788475 0.12793228074561 0.13091061917041
0.0996631200435201 0.0916671294799528 0.0391789142470545 0.239572578913592
0.0110233157384369 0.161751536379285 -0.156592443226871 0.207921628169673
-0.156673580793196 0.0737204017839782 -0.196070853836936 0.0351717555567487
-0.138890040750009 -0.0943834127117366 -0.0380178814733606 -0.103077473165475
-0.0285076601013799 -0.141098231983999 0.161849005479266 0.121940634825258
-0.0647959369723395 0.0808488206248045 -0.228222936680354 -0.141364390900599
0.0710079917253994 0.0841973437210589 -0.0230324362701383 0.153224250409477
0.0926101571532936 -0.023775812974694 0.232553061617832 -0.0126679675041721
-0.0034865547623835 -0.0885025103912065 0.179565380605037 -0.255724824996276
-0.0551612913289002 -0.0347517574938673 -0.0708943871098996 -0.301649395807158
-0.0498597734945075 0.000581330121837981 -0.212552354568628 -0.143881741841881
-0.049413806498265 0.0193949748121867 -0.199503923386524 -0.00303084594369078
-0.0345010961721551 0.0204197799705982 -0.158033579139156 0.0718797561201819
-0.0336378894433123 -0.00392181120689267 -0.160904424906769 0.121095893611647
-0.0139960005363507 -0.0309212555347573 -0.204255643369173 0.105790657177821
0.0058293548503383 -0.0282096489380448 -0.249773755602308 0.00648475610222976
0.0432980917400023 -0.0187764833904466 -0.218993631243196 -0.145143339251967
0.0351073995467612 0.0678535187416283 -0.132809745095338 -0.286427521846448
-0.0556691613780635 0.109826273304793 -0.0832399437685538 -0.332860086935025
-0.124955626439252 0.0301651056378763 -0.260548865899045 -0.26971677567722
-0.166729905391231 0.0181230275842205 -0.197870515224902 -0.1706227821189
-0.0489746898556898 0.0975476785901356 -0.0262187852345019 0.156231768129749
0.0338518206979355 0.0525962491595839 0.251815972368285 0.00624092158782032
0.0273388163027003 -0.00540332783462441 0.212973146469594 -0.26046186301341
0.0061732733821323 0.00983744855068319 -0.0598850386930849 -0.319918852645031
0.0206413685479118 0.00525986195657127 -0.211718516033501 -0.160234536551781
0.00980608361592365 -0.00913399812990412 -0.201236067920069 -0.0152316696648476
0.0193694385200585 -0.00683967387120446 -0.159424296790196 0.0678221831706371
0.0272685960725555 -0.0220481090203389 -0.152978699460908 0.122301045071375
0.0617317964353389 -0.00692301655983895 -0.19159909970227 0.126613960796824
0.051268910744382 0.0447778019034101 -0.250064996401709 0.0467116753065997
0.0303532833725768 0.0699036049926736 -0.247255850778812 -0.101607939771826
-0.0572883564222662 0.112370836620906 -0.162304122564612 -0.252655678664014
-0.184112979265848 0.07165751918087 -0.0910163426788269 -0.294317282478502
-0.237536797152121 -0.0483232149860701 -0.224831445904234 -0.229325870181088
-0.244023747067733 -0.065527429028289 -0.132994085520881 -0.163683246283325
-0.18188966862036 0.0748386142795625 -0.017174490574452 0.177338833407943
-0.0594314233472044 0.117898513725991 0.275794836773172 0.0543007761309502
0.0362264350927218 0.0966796581929879 0.263211487647112 -0.235666588378207
0.0676875623650913 0.0693668025219756 -0.0197010805943709 -0.324556204839098
0.0955337280441378 0.0199878946675923 -0.179225158121157 -0.177383279910352
0.0747485936294017 -0.0331370876480581 -0.174726240731916 -0.035078895378973
0.0707633879763743 -0.0333676203384265 -0.138907817661124 0.0536146826886031
0.0778180132999306 -0.0420515449036372 -0.121441897434583 0.115104382711771
0.125828009240635 0.00128684150051896 -0.150574941845101 0.149530523919009
0.105021671041588 0.0921419189291312 -0.221530804388112 0.109230112818923
0.0529401076104709 0.145224357753195 -0.269731744592979 -0.021937488982624
-0.10978342015754 0.176153387532492 -0.206893877076707 -0.191865798052837
-0.279077090295378 0.0686358775359818 -0.100418504211293 -0.250918404433978
-0.32290781835342 -0.0941630034002923 -0.159208972281763 -0.17066465508412
-0.279306839696759 -0.152113314093558 -0.0403732719182167 -0.115379053431863
-0.294566670663233 0.0138262268413428 0.00473693779119194 0.210146006833403
-0.171071706241725 0.148245388178012 0.286685905391047 0.125874514711262
0.0120401637313713 0.193029879469723 0.310321213108111 -0.16938335160584
0.110316169931986 0.135980127844216 0.0461537028344545 -0.294041814814016
0.15792446839157 0.0437927681804171 -0.113225307228523 -0.18396689371721
0.132089402155316 -0.0473422365349808 -0.120967734437623 -0.0581633282524676
0.113435290313808 -0.0554964480579982 -0.0981923577605823 0.0318603010596639
0.112121059510531 -0.0603765689425366 -0.0721456699158548 0.0981287075097439
0.168816394129152 -0.00304144702743824 -0.0900492231173765 0.162333930513527
0.152496780705953 0.112602106059221 -0.163420657172773 0.167200549335616
0.0902982779414056 0.192843787486615 -0.26281294960713 0.0664434073088704
-0.127635110961843 0.230056002408324 -0.233840676445641 -0.114068056588801
-0.326340549633358 0.0782985725702153 -0.101781664850114 -0.209616107898571
-0.362800925808819 -0.115995381604154 -0.0724233179674496 -0.107966671182979
-0.261480368056049 -0.215985229208521 0.0657522153792018 -0.0294069672653835
-0.345763237260495 -0.0675005159049579 0.0361173684445067 0.247803978847898
-0.258174195317576 0.124988940419216 0.269135237270467 0.202964228441587
-0.0377386563686507 0.246646555767034 0.327344961689256 -0.0698378642629705
0.119739272159318 0.185399088412519 0.120586815983939 -0.224615561290294
0.189597466228 0.0688689594860315 -0.0230956994671492 -0.172751703274228
0.168758596509231 -0.0502831238403301 -0.0486862093663857 -0.0802081287364381
0.138932383716135 -0.0695237576375127 -0.0445404728251269 0.00674114992845436
0.129948375396256 -0.0728663604120724 -0.0142695453961007 0.0746752816074608
0.186976858822162 -0.00960362577684883 -0.0224326068803525 0.159746405580946
0.177232421441349 0.116560766903938 -0.0932068321884093 0.202290505675767
0.111611706123145 0.213843113033376 -0.230055014187025 0.137612096123722
-0.134405719669585 0.247105682290644 -0.234070483978183 -0.0433817118411887
-0.327896436685823 0.0675900877454498 -0.0911239598848504 -0.176209763339923
-0.345450248720871 -0.130245945326166 0.0212070156420217 -0.0494617445708294
-0.193831382153063 -0.233769767223842 0.16332574617834 0.0765396078664538
-0.309576104214263 -0.13924556374676 0.0655185292408807 0.282249003524862
-0.282419644387011 0.0611239076557855 0.22424304931104 0.264877276909689
-0.0852577624643787 0.233848498500706 0.30564451649084 0.0380708998299111
0.0970598507040516 0.196689711125852 0.180916971417827 -0.129116827092697
0.180990739165657 0.0843657138399605 0.072331207631234 -0.145909519137712
0.174120715519369 -0.040670411644948 0.0293570609447478 -0.0965585561037049
0.145674503975306 -0.0696801641937025 0.013444975375307 -0.0193806099662645
0.132627185195097 -0.0724392236446195 0.0435676577242256 0.0504323817543206
0.181457441313463 -0.00588790824507169 0.0336614259386484 0.147104365732355
0.164749043562128 0.128179562802122 -0.040000164078825 0.216581984477277
0.0848076577834415 0.221538105822627 -0.203905226093302 0.165832584924839
-0.1601025579417 0.208852667184906 -0.218631827093353 -0.0108603834551225
-0.294971667955217 -0.000794361333993578 -0.0601176555074022 -0.154887417605895
-0.26089260416893 -0.169376100580453 0.0987441252045075 0.0141377458448286
-0.0790575163746524 -0.204480740654049 0.22195238578268 0.192240512412739
-0.192957822313128 -0.18122479066805 0.0623326105630019 0.308565829261551
-0.232028673863106 -0.0211882340066113 0.149395460185969 0.31014354274721
-0.109939725657779 0.164203615471207 0.249362233845359 0.137401886633903
0.0522799545257611 0.166890996639032 0.217739296038364 -0.0268365556787935
0.134013006513567 0.0861920290007951 0.156693828098774 -0.104785390550179
0.14871614757667 -0.0180936297521184 0.104509324497131 -0.100170241428945
0.129239195001055 -0.0574400473619296 0.0686938071959654 -0.0377087519395059
0.122921298704124 -0.0560508052855966 0.0949548002974894 0.034090030032279
0.157813588481836 0.00443427925444058 0.0874722188153775 0.137507040699768
0.142139389449124 0.112904768320177 0.0090283706318304 0.229863813746216
0.0541354478568754 0.200593837797689 -0.172424406034985 0.196628614056662
-0.167094615762866 0.151073415828701 -0.204346845296111 0.0209591082906111
-0.230701896102465 -0.0459618371403897 -0.0492643334657662 -0.127055724699853
-0.156883816491719 -0.163572755699133 0.148261849679871 0.0689034574861377
0.02789860961222 -0.120612100626957 0.258608442142729 0.257435906018263
-0.0626949935537288 -0.146934322000104 0.0732589715398128 0.30652229059755
-0.133734177221415 -0.0524846194871552 0.111484269159669 0.314798821239271
-0.0811701357624456 0.0849871520370056 0.209686452814662 0.178331184244523
0.0226830862894481 0.0999050823688742 0.232650279628593 0.0257369094842946
0.0742464846847072 0.0582644092692322 0.20008976748574 -0.0917528007967028
0.0961657851067645 -0.00589562081804402 0.149388042176163 -0.103235241619167
0.0934380783354237 -0.0334925835206562 0.110215823848647 -0.0505310321308199
0.092317659316971 -0.036950197840961 0.137514588728093 0.0226359874768809
0.116662171164431 0.00952490595775283 0.13058251966446 0.133323590648814
0.101866131001416 0.0921643529658953 0.041691512614071 0.243771773158058
0.0125855646938171 0.162901670809997 -0.157815804893288 0.214510782915064
-0.159376656859651 0.0759543561117649 -0.198966903665608 0.0352995681013311
-0.141530420936663 -0.0959849810242958 -0.0400593654571229 -0.106165440758334
-0.0286314134679352 -0.14451529937625 0.163026959976692 0.120871427858771
-0.06817113940175 0.0856916126999643 -0.238573167222072 -0.145959618741347
0.0753405694021237 0.0865988554837244 -0.0231553561114829 0.162967482100033
0.0960829372775221 -0.0259434500532475 0.242909208873833 -0.0125920042024644
-0.00470306260848954 -0.0920262186423425 0.185353019866948 -0.266860477547215
-0.0569802467261404 -0.0363801873659529 -0.0751793562769734 -0.315960996697803
-0.0510781501069726 0.000972202382326976 -0.220486348889153 -0.148535364063403
-0.0502755467651964 0.0208758183104465 -0.205244265174926 -0.001297064707377
-0.0345413499503686 0.0209045108744833 -0.162561960409243 0.0767874987668952
-0.0340078759307782 -0.00301768283805693 -0.165275979428305 0.129124279034719
-0.014918117576918 -0.0313178037758665 -0.211907893849873 0.112107041650892
0.00549050367865113 -0.0290831283299607 -0.2609646416848 0.0078940483707693
0.0443201271205242 -0.0202647136807404 -0.226424359882231 -0.15268444410255
0.0372884808521944 0.0709228922516184 -0.138056023405709 -0.301183727813431
-0.0560464216190455 0.114258412234313 -0.0846957360315718 -0.347134477399787
-0.129982180403335 0.0292463663512587 -0.268582222863735 -0.280945307245447
-0.17357094907546 0.0195128833072412 -0.206687918530578 -0.176891379906195
-0.0492889247293209 0.101300748666473 -0.0267898751613237 0.166272639736831
0.0357731138492538 0.0537022324090418 0.262510345020233 0.00765085582995902
0.0275379732504836 -0.00657628625871481 0.221051625505398 -0.271667515052567
0.0062426382073246 0.0100852313237487 -0.0625739882197571 -0.334415597010053
0.0220088348438478 0.00515222404394566 -0.218900948745976 -0.166165639974158
0.0108010193738784 -0.00931651918429127 -0.20800391403131 -0.0133978336202143
0.0218032900511646 -0.00698828800750275 -0.164424539371331 0.07233299753223
0.02874714810171 -0.0224420078179217 -0.157385973770494 0.129621018744543
0.0637459366214498 -0.00673945594752611 -0.197593103948418 0.134156203350009
0.0538606952712772 0.0461993151573514 -0.260590892100565 0.0507936940587495
0.0309470588674921 0.071558965549272 -0.255887041243957 -0.106117220212273
-0.0590212674144143 0.116616977933356 -0.169029474157796 -0.2656190221937
-0.189413035411188 0.0748097603017877 -0.0931278829714998 -0.306826381577043
-0.245021129726843 -0.0527791092218887 -0.232293172226458 -0.238441590016609
-0.25321279316022 -0.0687871469413522 -0.139238139094583 -0.169280485469634
-0.18713501222198 0.0780798004782996 -0.0170819649120941 0.188511677044054
-0.0614535665349786 0.12113470804963 0.286723836224808 0.0588363894387198
0.0370829775466856 0.0987679935044745 0.27278599932024 -0.246513897613534
0.070314954709148 0.0717133978650022 -0.020209914535544 -0.337794155185109
0.0997038057226775 0.0197981957519589 -0.186408347093018 -0.183379546390843
0.076984297892123 -0.03445890297067 -0.181154702779332 -0.0353960929761257
0.0747471065595039 -0.0350587879942113 -0.143088878948433 0.0572656056591081
0.080750848846253 -0.0429739073033535 -0.124125853073719 0.122445340057727
0.130173423680439 0.000348173343392307 -0.154295887352165 0.159019866228069
0.110482621282556 0.0947816430695589 -0.230725944973716 0.116176914337578
0.0545674279682223 0.149544440116042 -0.279297758203662 -0.0221614534679559
-0.113907127880752 0.183085154880987 -0.214523271917726 -0.202883223986447
-0.289134287797916 0.0716703681441105 -0.103920097208704 -0.263154062114359
-0.332903149655392 -0.101160033268492 -0.165739692651165 -0.177570497368746
-0.290195950854795 -0.15969186385284 -0.0426777958015634 -0.119947348768667
-0.304097288315444 0.0162591057319818 0.0052484490308842 0.222435085795478
-0.177527922843625 0.152543709890769 0.297116973318297 0.132935363797315
0.0120310809701972 0.199276096340349 0.322912789165931 -0.177646773448444
0.114764555337504 0.140157334870671 0.0500950910032441 -0.305746907152978
0.164251302982545 0.0443638738372522 -0.116847195224353 -0.191518545074013
0.135602382837856 -0.0496425009242413 -0.126535522387551 -0.0601331809432996
0.118049039815464 -0.0586677778055501 -0.101471026664068 0.0352312839154556
0.116136845820546 -0.0625073646851643 -0.0742806070189539 0.104404428881222
0.174149685065455 -0.00367740359417703 -0.0907181760913429 0.17142877972812
0.160398040723487 0.116204804333713 -0.170421396035164 0.17553605406215
0.094203171899118 0.198369681883316 -0.272870919463992 0.070997234086623
-0.132074887640708 0.239237220791127 -0.243044162602915 -0.121227511056685
-0.338318482516189 0.0827345723023363 -0.105829362262537 -0.219756047664782
-0.374514749179203 -0.122993822949583 -0.0755538863330923 -0.113207135892101
-0.271420648024034 -0.22591641845832 0.0679377528805364 -0.0296876690860402
-0.358620766384461 -0.0689492150250567 0.0364424977605832 0.261556548670016
-0.269298410689436 0.130111107125742 0.278592076876806 0.212642285622516
-0.0401005553433334 0.25458721848671 0.341314916305713 -0.0724648059040636
0.125363042725786 0.191817064372484 0.12711619714076 -0.232894712494965
0.197429320180407 0.069973418843883 -0.0241620653128579 -0.181304716944859
0.173455578532012 -0.0524746185246276 -0.0518761691046195 -0.0842650540068342
0.143999429735149 -0.0730569945194216 -0.045788014829089 0.00818307594284108
0.133572842553064 -0.0752119369694285 -0.0153797008983769 0.0793780579507777
0.192817552968185 -0.0107043296998334 -0.0207243144507234 0.167615216249669
0.185972556276816 0.118784046049047 -0.0963155782593021 0.212208758859512
0.116353943602792 0.219123088071558 -0.237943620878035 0.145325468799339
-0.138646461004602 0.257657252701088 -0.24359498816908 -0.0479938634386221
-0.339513738782763 0.0710215920915239 -0.0947705454900668 -0.184735842135132
-0.355934971943567 -0.137717490211698 0.0196276233267663 -0.0525937318671021
-0.20140838873844 -0.243969989262671 0.168946161554566 0.0811346816900018
-0.321284440099173 -0.14393181894503 0.0665156489514584 0.296864947530238
-0.294101454796686 0.0626520003257486 0.232418235209419 0.27822966744375
-0.0883783908151372 0.24257315134079 0.317153495879174 0.0402296594777897
0.101488451816545 0.20404270529534 0.190135131284792 -0.132926099483385
0.18790267525459 0.0863435765400815 0.07504736010428 -0.153931416180417
0.179242266463069 -0.0438813022031696 0.0287313133010557 -0.101961975381201
0.150165530541036 -0.073783953120222 0.0141372522166784 -0.0201559409193845
0.136695999178533 -0.0751907325661697 0.0444793903607479 0.0536463974532334
0.188282538672076 -0.00669821277548504 0.0378264890585008 0.155601983787405
0.172685160067532 0.131164839283168 -0.0416320475589626 0.226889917859446
0.0881417958519545 0.226620985965352 -0.211003193215693 0.176124583820996
-0.165972030738077 0.218072950415662 -0.226902961309233 -0.0132926399864747
-0.30692627173734 0.000663729369925217 -0.0626619167057281 -0.162702678417796
-0.268982467325435 -0.1774129404589 0.100383788727524 0.0128784752762959
-0.0815332522693021 -0.214382590834649 0.229541063438411 0.200725143426244
-0.200541376266268 -0.187885109601201 0.0626435038116699 0.324130517947151
-0.241936402393892 -0.021072087586304 0.153646473085787 0.324324485732767
-0.114048491697874 0.170578173698948 0.258522334865379 0.144951666376494
0.0548614139332326 0.173147626044262 0.228062575510905 -0.02563265029949
0.139880795367096 0.0896581007852328 0.163260600106135 -0.112331849097421
0.153411710860478 -0.0194920278950657 0.106181882797206 -0.10718676177699
0.132996916909287 -0.0606846053813384 0.0710236359952159 -0.0390682684579974
0.126254916047753 -0.0579270545367325 0.0982872665626277 0.0363843500877046
0.163342018517128 0.00422818391576958 0.0926308168307531 0.144454358449725
0.148756224997984 0.115257359253311 0.0101836639916268 0.239824767025469
0.0575071720890055 0.20625174084743 -0.177321909930445 0.207776725870412
-0.172895280263772 0.15841957990249 -0.212048584260923 0.0207232526996877
-0.239787558274431 -0.0474851248141666 -0.0529909762154325 -0.133068377881315
-0.16185662413608 -0.170944392482294 0.151530397435327 0.0689271734092086
0.0291639361757429 -0.127400945103103 0.267020852568349 0.26958870853294
-0.065273220825947 -0.152914544569379 0.0736195435210084 0.321499261131918
-0.139530182600801 -0.0528928259771696 0.115094425676919 0.329569044132874
-0.08376444236615 0.0893725152192412 0.216657359257709 0.187168621642743
0.0249149243934281 0.103457157434702 0.242393417824418 0.0278631936209428
0.0775283006101187 0.0607881036911341 0.207355843599875 -0.0994115705921069
0.0992494619255255 -0.00720830629215747 0.153561614639103 -0.111419742476878
0.0963264757037306 -0.0363505126664803 0.113815072726433 -0.0524599679529964
0.095167416547285 -0.0391183395567434 0.142164032508741 0.0239234506716856
0.120708549068834 0.00929419668855131 0.136423537889078 0.139604889108984
0.106241237285065 0.094102072637017 0.0439674848754697 0.254815056886322
0.0139380781687367 0.167369082525996 -0.162440683322299 0.225158027329661
-0.165075876172017 0.0801895463784816 -0.205888935746762 0.0358101901602029
-0.147073744753178 -0.100702790871604 -0.043425040797066 -0.111333669182339
-0.0297741399080301 -0.151262904935117 0.167793366827458 0.123195711055763
-0.00827452934470241 0.115293622296608 -0.286216886552778 0.0369731665970226
0.114919617775501 0.0250561242994352 0.0937895459734761 0.152733747679358
0.0653148292848242 -0.0817967912686404 0.198574352339708 -0.168812661746267
-0.0611441829555031 -0.0740107041354975 -0.0209986761554261 -0.346899685890945
-0.0708378004453688 0.00617301144155984 -0.268776481079399 -0.214489324354087
-0.0409588074491756 0.0338467072414641 -0.280153152012888 0.01866827074043
-0.0258474127437139 0.0499786641010204 -0.171167928022225 0.133344685142767
-0.0136247405554893 0.0392718113015878 -0.0848335702143612 0.168284769778365
-0.0297437270351653 0.0211388710066327 -0.0504240473238665 0.215447932116511
-0.0324160463124604 -0.0145741259747257 -0.104575967235729 0.232710831712639
-0.0154913123566405 -0.026161867871957 -0.211970199147171 0.177641780194671
0.0212099785571922 -0.0436314723310468 -0.290753320520152 0.0179201063005529
0.0756158289957585 0.0358082886555415 -0.316223909558639 -0.163868840087913
0.0261413715789052 0.130276669904515 -0.307509871557228 -0.237443418812467
-0.0981375140239368 0.108160684808503 -0.410330445633309 -0.0660959278999444
-0.138924417344198 0.121212960194848 -0.282111157071632 -0.00113844316755275
0.0221697762783177 0.112143685879446 0.0896784559910672 0.162029535900194
0.0631140470287423 0.0206947522279728 0.230163885300603 -0.158504940108838
0.0160750838954618 -0.0237694439513566 0.0104951531109843 -0.372729530172012
0.0105795444293594 0.00478240579308958 -0.26719117533628 -0.238838184506246
0.0215275069458424 -0.00827762021298829 -0.288298684073148 0.0034812203295066
0.00468626415744793 -0.0126952413556181 -0.182230119225769 0.123993499339966
0.014519369435045 -0.0201097068602549 -0.0887540449941732 0.166337855392702
0.0109220698199434 -0.0361700761213369 -0.0430660246814584 0.212361225029233
0.0499597491470487 -0.0463108851107807 -0.0778663382243051 0.242246687934903
0.0758962747237833 0.00586609727220415 -0.184564779130068 0.212640923903391
0.0703064792599484 0.043885300337586 -0.284101057619453 0.0756160965097329
0.0224967111649882 0.140611425207741 -0.318503375157096 -0.1143569024028
-0.115103759896936 0.186698808095964 -0.288027812470181 -0.201867516382897
-0.252173498677977 0.114789315033324 -0.346415630257875 -0.0569422188940081
-0.260902315549274 0.0919643075029171 -0.226965308441009 -0.0323520682386858
-0.105732612609697 0.176408501286743 0.10658074566756 0.179950895749601
0.0236950174574415 0.137151175281827 0.283441435355691 -0.125243385119879
0.0871134018881414 0.0570180508719275 0.0758714647993082 -0.383173338904464
0.101635847392528 0.0168495070169395 -0.23065259633178 -0.26965236606746
0.0945023034243476 -0.045190492695132 -0.269216207104273 -0.0346066547923864
0.0423637881373545 -0.0746037432706357 -0.173798888391245 0.0872001815556613
0.0400042119613842 -0.0778819259791715 -0.0806579274681595 0.140648702377466
0.0400042233218994 -0.0875828098383509 -0.0206474241078406 0.18592456618425
0.11063977240482 -0.0832862658980165 -0.0244097072335829 0.234960237671844
0.15690402287792 0.00927295987231059 -0.11586860717249 0.246779229305121
0.141350627592203 0.0946183546663163 -0.24874147374529 0.162131405558194
0.0194404533304979 0.237137101087741 -0.314172996603048 -0.0316628635479168
-0.202345804813001 0.253071598051424 -0.267737090856321 -0.160424596861161
-0.359242013627272 0.131439116792214 -0.24586248946703 -0.0520013714371279
-0.346438847395721 0.0348642506096148 -0.119698818751763 -0.0490583161564825
-0.239331691001944 0.195720118255367 0.141251074667205 0.196360183132263
-0.0535393789968064 0.235288797059106 0.33822585576511 -0.0628395718212632
0.127189032372751 0.154790225178131 0.166076190260962 -0.353691966938286
0.179957717458529 0.0461742541036277 -0.149343283496826 -0.287453832289769
0.16394687497924 -0.0657350658577113 -0.216366118430557 -0.0856805835281604
0.0800426908950278 -0.125222182229422 -0.145541541860224 0.0288743699447054
0.0605955503301863 -0.124984376487525 -0.0603245347770331 0.0949610140337094
0.0574030992282895 -0.126117798231903 0.00866729159033179 0.139604630038167
0.145398654092411 -0.115694936586087 0.037880431214372 0.204692728923622
0.213435185014356 -0.00633119635205829 -0.0268126144957639 0.25602391414594
0.206923037163075 0.111346223247804 -0.181206511344689 0.236432047581314
0.042785311067668 0.299740591327941 -0.284657039748791 0.0542135541957381
-0.237449317466467 0.295640770060238 -0.24205394956228 -0.124744242538221
-0.407396358678685 0.139912325450515 -0.12643365224216 -0.0581800954012438
-0.370750249012709 -0.0338551122220745 0.0246065600410176 -0.0452898871613555
-0.334449002448655 0.157700397787701 0.188276065009852 0.207435455513369
-0.144252569314337 0.272413789790913 0.369968554186291 0.0205876498896369
0.118918164630422 0.232163873303457 0.250330471907716 -0.271504001236013
0.220374141856576 0.0824959957679793 -0.0359334313082678 -0.276135338986713
0.206602483393749 -0.0651047899028053 -0.131442335327035 -0.137165923480956
0.10818918140085 -0.152129326762662 -0.0993592351517905 -0.0405036355141175
0.0723565496325877 -0.154199529422949 -0.0317782593808245 0.036867545155766
0.0641198565033667 -0.149707715037699 0.0412897405756318 0.0794509406580827
0.155461737170538 -0.135101771276923 0.094288696225918 0.156671001508514
0.237479877201769 -0.0213890639934723 0.0585815824401354 0.238555780473695
0.240312639314537 0.11387844874988 -0.103448735765009 0.27653166996252
0.0490861872320204 0.320056489185684 -0.235542304358374 0.11540339980278
-0.246545792420491 0.288503625595028 -0.209416417547939 -0.102058414502588
-0.400312835499604 0.116188777883061 -0.00604530846647527 -0.0707577202260339
-0.318943240042718 -0.0918352804786082 0.178056297209946 -0.0218052721714388
-0.349536504066838 0.0732434552033502 0.233209037897472 0.214493548221509
-0.205280252176865 0.233387767319424 0.368561090070779 0.103792490536172
0.0725094580001758 0.251271337416721 0.301665735685934 -0.158232989595462
0.20881683100736 0.106333090723319 0.0806251789366799 -0.2316904256325
0.209438899856674 -0.0467437297043462 -0.0315838939486344 -0.177978683248099
0.118398788506265 -0.14831935701771 -0.0436489012792133 -0.108560111122503
0.0762653108763302 -0.158461542906038 4.88974271345052E-05 -0.0242438650462943
0.0667321424207639 -0.15137388781347 0.0732780162102434 0.0197123856195643
0.154054798480634 -0.128783424058302 0.135147579125151 0.107985443880797
0.234455319759619 -0.00195082255948579 0.113817340308888 0.213983622612573
0.221921470941247 0.137968917654817 -0.0602440444735988 0.284608969818044
-0.000222669020620172 0.305330559577509 -0.198023940239227 0.133866087465272
-0.264357608546856 0.204753796678386 -0.164581509146751 -0.104296746720302
-0.349833941216348 0.0255838976753851 0.105190956414522 -0.0643017263555962
-0.197424500882821 -0.136742752647747 0.305637348989273 0.0295586357190895
-0.27562492020667 -0.0345136947113317 0.248823632313631 0.233636399813308
-0.213112530011281 0.13146882727913 0.329717483405674 0.18811059795658
0.009613959574303 0.208339754413513 0.315668063952193 -0.0332496925988895
0.150943582656696 0.108636168589454 0.179111666378488 -0.165992042251421
0.171529319621367 -0.0134332878320974 0.0659545648907319 -0.199913772348692
0.111577375918152 -0.112579186782916 0.0170166586751513 -0.162667024646907
0.0703715309989383 -0.13717486694644 0.0340758890232568 -0.0770050656323952
0.0688133465863697 -0.130225297051353 0.106665309521079 -0.0305639245155912
0.140891458749552 -0.103612682690499 0.172617711800754 0.0629095860058744
0.20343604713986 -0.000103339511807226 0.16462780952778 0.190908180010896
0.182815014595454 0.140719728593349 -0.0111768241252071 0.288614233146232
-0.0456807807380396 0.257528646385963 -0.162021305845693 0.153082815873535
-0.239419265053865 0.11913170718339 -0.133858612065589 -0.0842729638165219
-0.253054388359282 -0.039763199978556 0.183341483740758 -0.0463220797649363
-0.0501839075305673 -0.127188042635944 0.385497248341872 0.0548512131260654
-0.143381957261459 -0.0872833437589213 0.259739850519221 0.221022419679514
-0.146063081943668 0.0430593645242713 0.300121800145807 0.211159213245046
-0.0134401344917424 0.122427334231469 0.305810846309962 0.0273314415464701
0.0837844023130728 0.06908809213768 0.223711905741537 -0.130969445438819
0.10241663333972 0.00170063651136202 0.109159625214346 -0.217770033084449
0.0759381560866462 -0.0683061767260063 0.0534619914286666 -0.195819630392784
0.0560196719249607 -0.0933510698990895 0.0605900526872344 -0.116364939830609
0.055197392732723 -0.0952894746142689 0.134278447792662 -0.0702501865206176
0.108656957473151 -0.0724080213087998 0.205560193101983 0.0308666244621518
0.153560441082874 0.00996377924209638 0.202012782065826 0.180944559994161
0.12187366816509 0.135931752455445 0.0129694581200194 0.293643733624008
-0.0903932650897924 0.184264386771517 -0.146983182060407 0.162814686187999
-0.195482801970886 0.0116813456654768 -0.11073631825177 -0.0691649273711759
-0.125572566718332 -0.110495423700229 0.229320453014045 -0.00739748368418768
-0.00245263814899052 0.124427701444625 -0.302519407906899 0.0557874404249617
0.123431260871986 0.0198686534056798 0.111443586433801 0.160126831147404
0.0653458525148884 -0.0911306606967979 0.204919642053461 -0.188963176560639
-0.0695824898350832 -0.0746783332520652 -0.0398425535768366 -0.368460556318045
-0.0752718580341458 0.010634666691965 -0.299852321738016 -0.215971687127256
-0.0417726541991249 0.0385861799931617 -0.296765920933613 0.0336932741604697
-0.0241915074311684 0.054427727697773 -0.172205243443886 0.148887115234957
-0.0117473738714123 0.0415266711115616 -0.0801519236259931 0.182803686508501
-0.029357586151401 0.0238641257162273 -0.0390528338269115 0.230998393941668
-0.0345369108531496 -0.0134862456376387 -0.0978226612159922 0.254117931853428
-0.0181297542649767 -0.0264216285805876 -0.217424932977083 0.200120063781108
0.019364369496021 -0.0470823667039076 -0.308728015865426 0.0287384052615412
0.0833427570679923 0.0336447112556309 -0.347422871057318 -0.162415114119508
0.0347425615298638 0.135101180251245 -0.337749060421201 -0.240313511293848
-0.102045525725724 0.119554126194911 -0.436286487849862 -0.0539457876581878
-0.141697639763875 0.135558790589998 -0.300319596746776 0.0142642754515228
0.0293212458897489 0.116783542786321 0.107078451511418 0.171143293319369
0.0674710031722951 0.0183507529611537 0.238675108912231 -0.178502696949629
0.0140634152246738 -0.0259494229525641 -0.00790813980060261 -0.397565162478909
0.0108095821939852 0.00492119243873552 -0.298427099483678 -0.242144319901577
0.0223210776722966 -0.0100969644975447 -0.305930575827898 0.0172031630826259
0.00508329801863043 -0.0129656440251796 -0.184815427786988 0.140814514712765
0.0148034530513473 -0.023205123104285 -0.0838552397443863 0.181752564447865
0.00969081220865787 -0.0388383268123827 -0.0310810429985773 0.228768903595481
0.0503391719554409 -0.0514170972783166 -0.0685605278739679 0.263293186018586
0.0810598747249889 0.00223266203334024 -0.183996367862485 0.236665019487001
0.0747545797611904 0.0431667637193782 -0.298656258159397 0.0918862070582316
0.0311699076701777 0.148335864009627 -0.346418975062409 -0.109911685845702
-0.112570773092601 0.202301956103218 -0.314759469380669 -0.202628817262876
-0.26520969371214 0.130964544472406 -0.369101564450654 -0.0465332331919804
-0.273509929136001 0.109832884454715 -0.243335662188172 -0.0222286644846378
-0.10277054976941 0.191625071409669 0.125761892288386 0.187924049659443
0.030861709445202 0.144040164094609 0.297410139261331 -0.143868787380449
0.0937890674744723 0.0565525548133761 0.0620983744697948 -0.411653748562357
0.108478079966516 0.0125245829836642 -0.259344186463826 -0.276723528336263
0.097843719378626 -0.0532778219863955 -0.288060297596379 -0.0232079084694937
0.0406521040672261 -0.0811875325231723 -0.179948461519316 0.101269106520943
0.0386922997177358 -0.0850959285304047 -0.0760807531807547 0.1541928854256
0.0384033467286596 -0.0942130805533823 -0.00978475279435019 0.200019123026048
0.113251501354708 -0.0946408735160755 -0.0110874848829622 0.251996733879746
0.167312984716915 6.21560843519348E-05 -0.109941652672246 0.270980529370397
0.153202413287993 0.0940605130036933 -0.256540399124533 0.183958533056386
0.0330633940702206 0.25077713963542 -0.339365888259362 -0.0221254883735996
-0.20192733376209 0.277757675045585 -0.293258406661359 -0.159421617559654
-0.378234326183727 0.153071519116419 -0.26349954849488 -0.0447855924062163
-0.368296437813941 0.0521862463919293 -0.130253807550935 -0.0460328471886647
-0.244055749621953 0.218665390212999 0.163246937924155 0.204801638049339
-0.0465814076197837 0.252159401189745 0.358515070228494 -0.0799467889307576
0.141204607057725 0.158353343081726 0.159484333146381 -0.38328726345607
0.193817395199422 0.0398266045901688 -0.172519331180769 -0.299682622743723
0.170169561981501 -0.0787099103183414 -0.233793448056849 -0.0814641069376425
0.0774569586113984 -0.136295791779333 -0.153851431569453 0.038721834486826
0.0572886494856693 -0.135788382481266 -0.0580908272244013 0.105022735474652
0.0538840422108769 -0.136493034361044 0.0190480321477676 0.149502726120218
0.14768650923619 -0.131356100510391 0.0541004938777705 0.215603063544679
0.226140936130486 -0.0191291927700931 -0.0142652776136758 0.276520960156256
0.224582634165097 0.106864883186058 -0.179763934993123 0.259570518264242
0.0612691810831784 0.31684063267949 -0.303255760725048 0.0684546372837239
-0.236877514931902 0.326564603060488 -0.264214801181069 -0.123592478726065
-0.429740049215924 0.164489714720199 -0.137669599097822 -0.0563244013299198
-0.395893657696962 -0.0202673888533243 0.0244126003046972 -0.0487426227366473
-0.347694576260899 0.183275490837521 0.212935892948019 0.214036329207087
-0.141509260437147 0.296878880110284 0.396201677335426 0.00737491459831133
0.136332423939912 0.241594443657604 0.253433553846651 -0.30056219233117
0.239005738210969 0.0760115525080206 -0.0503236853715021 -0.29267648172959
0.215847573687175 -0.0805323277659162 -0.147094593122509 -0.140305848199249
0.105825271413719 -0.165645802733625 -0.110154050751577 -0.0383253369780851
0.0675248435522882 -0.166999621078003 -0.0303863124272481 0.0411597606648233
0.0593921875922802 -0.160303824810463 0.0509920846624767 0.0847815284082859
0.158288045226575 -0.151020215144884 0.111743011443962 0.16128645082423
0.251649221742593 -0.0365657919566401 0.0754869925244481 0.25244333495413
0.25869627628535 0.107947882645415 -0.0936231194479158 0.30005653467518
0.0689289759986367 0.337752302890755 -0.247857595611643 0.132036796440345
-0.247325834627354 0.318191260425557 -0.228133822083953 -0.100967543210834
-0.421717657190994 0.138649623936362 -0.0106206414162573 -0.0743832839019239
-0.346042825594821 -0.0841178903916684 0.18845228057423 -0.0311429923458423
-0.367577580190364 0.0939098610193932 0.260142237066948 0.218865913355893
-0.208174191043813 0.258091586454271 0.398311071527366 0.0959023915893362
0.0891030867664393 0.263920840711565 0.314439713424041 -0.181441802905821
0.22728233170716 0.101177271292634 0.0763522152106835 -0.251084103910027
0.220870343623132 -0.0605944030293525 -0.0441988854765994 -0.189797490478397
0.116610216960314 -0.162115955857033 -0.0552660836647376 -0.113569410010721
0.0715313417911056 -0.17168514005059 -0.000704600043115395 -0.0257710443317475
0.0617527333950002 -0.163615197319578 0.0806922621747914 0.0189284553801845
0.156216786541643 -0.144021726251291 0.151731228775948 0.107567383368669
0.248146134922288 -0.0147364713221728 0.132696914623752 0.224140603326833
0.240756558227307 0.133787624132372 -0.0476159363794906 0.306635110197073
0.015984383866372 0.324167604106544 -0.206346707387005 0.149648118067291
-0.27160063941496 0.230366279073707 -0.181075622209984 -0.104024537003946
-0.371578481977042 0.0396304155647103 0.106630986984913 -0.07330068836231
-0.217919313088933 -0.137656565043222 0.326082249753605 0.0203289392594692
-0.295015357363791 -0.0238756962787026 0.275892982346528 0.23891240901554
-0.219877050706602 0.15070135807582 0.360115769077999 0.186726750877689
0.0204983754148026 0.220960707853137 0.336040090409556 -0.0469397175943119
0.167271036206618 0.107136269085368 0.184970947334753 -0.184704230912462
0.182365591767526 -0.0233542878853114 0.0584112855468595 -0.217995662694257
0.111596901305224 -0.125086959944204 0.00545449697843114 -0.174035921182951
0.0660721826988789 -0.148846449129506 0.0320082059818478 -0.0836583686274679
0.0650893550086742 -0.141204851985652 0.11248422774528 -0.0364284499322182
0.143249713748252 -0.116879869035499 0.189564818015495 0.0584788288911995
0.21545838481525 -0.0110070459866302 0.1855978102762 0.19702847118484
0.200123765704876 0.138791076914743 0.00479367985953461 0.308743538524601
-0.0339258363607358 0.276659548278563 -0.166584584878456 0.168859369490715
-0.249266987872674 0.137237376948838 -0.148979755117309 -0.0828702467890052
-0.271570573842656 -0.0331553053424392 0.189903993538681 -0.0581699627600224
-0.0605108271637524 -0.133724523879926 0.411847534860319 0.0427701112431857
-0.157076512732865 -0.0863869207020604 0.285924522824526 0.225262959354509
-0.152380222947555 0.0538198569382909 0.330574962698017 0.213271430610254
-0.00702323103527156 0.130710548287553 0.327299132103363 0.0174475427553623
0.0928675613524921 0.0681524242688727 0.234148343392312 -0.148967121144675
0.109393074590918 -0.0041021014240849 0.102813152494665 -0.238015073101597
0.0764732664123816 -0.0762490873943861 0.0423536293300703 -0.211311146470646
0.0537233867300153 -0.101869895129306 0.0580611834699049 -0.126326119574512
0.0528513566140987 -0.103057948964677 0.140367808540876 -0.0800129913429864
0.110723602652402 -0.0831081703520552 0.220887014477819 0.0229930438567147
0.162562968948603 0.00252234723236528 0.224297918587498 0.184210770887958
0.135001866354272 0.136493682473783 0.0297176546042726 0.312191455491129
-0.0862928218370722 0.200687128861643 -0.150121387587536 0.178525061419767
-0.207842880832598 0.0205055333139372 -0.122669308834073 -0.0677222041539966
-0.139218485161356 -0.112515914541612 0.240308589420396 -0.0187548413636289
0.00788100024496832 0.130418237391727 -0.310164519796092 0.0824162499838131
0.130179158223962 0.0100201076603907 0.133894175786908 0.160750548333057
0.0614964566920988 -0.099503493118758 0.201197279724048 -0.212513722899934
-0.0789239721766228 -0.0715225275029946 -0.0704817196392283 -0.381390126763079
-0.0784098324350741 0.0171162877545657 -0.332873786322921 -0.203351237673456
-0.0409365567229872 0.0434668767899076 -0.30689423858948 0.0575938785252375
-0.018666586154429 0.0587938623111489 -0.166413132203028 0.167419241885428
-0.0075512704089647 0.0432042040919663 -0.068071927222207 0.195688709227798
-0.0273157716158591 0.0270331758877243 -0.0198659419192211 0.243642996995746
-0.0375939770975262 -0.0101970415104173 -0.0815397858694588 0.274152159255835
-0.0205038594137025 -0.0253492911156296 -0.212105304001324 0.226276815354392
0.0156263508928036 -0.049569737231306 -0.321933272792846 0.0484562532687712
0.0904412181014532 0.028604548902985 -0.378072574321333 -0.146733110487253
0.0465119330231477 0.135967999055757 -0.368719468137315 -0.228223988970881
-0.10032016267691 0.132584554769325 -0.456354527186477 -0.0294515897581863
-0.1385166616448 0.152126452874669 -0.312904008394312 0.0387401551038005
0.0388797958399522 0.11844725709253 0.129604790421781 0.172106631961532
0.071400762145589 0.0137070614731683 0.237933517844665 -0.202172597650217
0.0113475434501073 -0.0274275727442517 -0.0391080660979366 -0.414344954706408
0.011563088851631 0.00377413192328657 -0.332410207328942 -0.231014018413896
0.022173868505724 -0.0122482026221293 -0.318266556937735 0.0406847358582276
0.00514625482342895 -0.013579379936333 -0.180299410665145 0.160355566321634
0.0140452640641428 -0.0256952482850836 -0.0719398351388108 0.19505014249236
0.00784087596267338 -0.0405659475746401 -0.0106601685712702 0.240614590270202
0.0487098580821565 -0.0581261665991997 -0.049645311036637 0.280132274157086
0.0846270059329319 -0.0034220848733046 -0.174646428324495 0.263546577592236
0.0802486777048896 0.0395069010738765 -0.305447892008758 0.115193760655409
0.0439259022936937 0.151344929523077 -0.374302866621918 -0.0914552994339163
-0.101475987098374 0.217145862068022 -0.342998853050095 -0.191360927811726
-0.270128722623101 0.154806677382091 -0.385873059209588 -0.0251905020195733
-0.278958851746788 0.133797372126198 -0.255537175068488 -0.00488297438862922
-0.0920333820750185 0.206128443788909 0.150315406062492 0.189208034240191
0.0411976026591768 0.147958847305463 0.302054470510485 -0.170556292004752
0.100487113462777 0.0522182201190298 0.0334785116325502 -0.433803522461664
0.114083781774467 0.00484138548726439 -0.293774009036685 -0.269974339212839
0.0973633219670735 -0.0631003870046733 -0.303564904387209 -0.00402919760689171
0.036547315244545 -0.0863114270335936 -0.179140100586503 0.119710318796781
0.0341945246009719 -0.0918955947611085 -0.0657314898223953 0.16611692194241
0.0329423029470051 -0.100191233255478 0.00988059822302121 0.210185286958385
0.110249438697328 -0.107184333229508 0.0105635767659986 0.264415908518282
0.174677167873491 -0.0125762074861406 -0.0937796491293462 0.293716173469624
0.165013965696428 0.0859176958591773 -0.252707013086948 0.209171956113953
0.0537714739687573 0.259074765447557 -0.359786792226016 -0.000370819523242098
-0.190480169320031 0.303932702791574 -0.317736635569894 -0.14704618269035
-0.386506538608911 0.183988374546906 -0.277562753265299 -0.0292375935860054
-0.382422638269305 0.080422590883648 -0.139211437342765 -0.0378783312256429
-0.238138458495897 0.245745600251436 0.189206703270294 0.203663161201598
-0.0321260596511615 0.266910796737415 0.370926274808797 -0.106823516764671
0.15774636347418 0.154126718724804 0.13686235263551 -0.411776427955704
0.204696518934643 0.0258400524482318 -0.202988345326904 -0.301426479618498
0.170738716867734 -0.0959756729233543 -0.251532845356654 -0.0681290618597192
0.0691519740293424 -0.145703109785257 -0.158893104063541 0.0523519517641046
0.0492277517386502 -0.14572579658678 -0.0504543214583549 0.113314079220035
0.0452917467862415 -0.144296276155461 0.0357564747322951 0.155658692350389
0.143503226859582 -0.148963492603746 0.0764375086012668 0.22073431828209
0.23484014111433 -0.038316973707611 0.0066262756867238 0.292940799818017
0.2395799743377 0.0940109615917552 -0.166826239357527 0.284856273273264
0.0870497048970516 0.32578849004169 -0.315225977936476 0.0922051593071587
-0.223232583050685 0.357953822885547 -0.285484941790376 -0.110887700477343
-0.436788746768812 0.198763515611576 -0.148733680732234 -0.0493524830852336
-0.417754191744258 0.00688946432387258 0.0221870598453073 -0.0517289887830068
-0.348645758797231 0.216324288836316 0.240251544068618 0.209620570020127
-0.126822363168731 0.321015738159863 0.417156277521728 -0.0170077565133044
0.159319791688283 0.24161304271662 0.243605297235746 -0.331784513824351
0.255245705488207 0.060373190809157 -0.0734447787816854 -0.303228824514583
0.219696458994221 -0.101625594921284 -0.165702958726268 -0.136978733231321
0.0958993886980399 -0.178902162574175 -0.120141034733132 -0.0304672255530895
0.0566802588872109 -0.178904068831394 -0.027522948511313 0.0450757374297187
0.0493463991210457 -0.170465303354318 0.0626768404431541 0.0861129834488208
0.152775811001595 -0.169712617182147 0.132066077469524 0.158641523390056
0.258815444890334 -0.0575489768927376 0.100177349379962 0.261291733523327
0.276232610215567 0.092393857961682 -0.0725083546669052 0.320018907474751
0.0984336155335287 0.347186784787214 -0.252020347880383 0.154013676983183
-0.233776638347482 0.35053532680449 -0.247350629920227 -0.0902778884573768
-0.432428153256608 0.171243562609226 -0.0179537214553398 -0.0769068692458884
-0.369559788208059 -0.0629454952863004 0.195083137550156 -0.0446472906506853
-0.376924310494162 0.124340094803218 0.288804659121056 0.211624780519267
-0.198785999967427 0.284555181946985 0.423957419974893 0.0756461395485879
0.112356590455201 0.268545762458171 0.316116539641467 -0.211129345644848
0.245487827066684 0.087324591581095 0.0628715714404163 -0.268537808962999
0.226399485905021 -0.0813321163975772 -0.0620203860544951 -0.195959636604244
0.107192351533487 -0.17707347900186 -0.0694929922029174 -0.113182169159101
0.0599289195553901 -0.184330153501132 -0.00168001436045662 -0.0266539336100465
0.0507512630802525 -0.172616149930512 0.088664292247987 0.0153424335565976
0.151951374022866 -0.161508374351397 0.169925080368849 0.10002409818107
0.256828814960881 -0.0359288129456765 0.156843518159593 0.226886143715924
0.259365205270491 0.119678045843585 -0.0238152011895471 0.324150640606381
0.042554320782368 0.337030537282113 -0.206934923208919 0.169416410563288
-0.266216178440716 0.260215551729015 -0.198462632870016 -0.0971132461081557
-0.386368422719927 0.0643242865169617 0.103775533291725 -0.0841844273501735
-0.239413557838868 -0.12841903040946 0.343024059996969 -0.000728087384470042
-0.3099032457282 -0.00368532676932762 0.305060590732425 0.231563045796617
-0.218137583531272 0.173608266945998 0.390385974918258 0.172961523043802
0.038771724567089 0.228794828787007 0.347553999296961 -0.0707141255542966
0.182277297092579 0.0974532410618071 0.182768541739856 -0.206886635764694
0.189348821712927 -0.0397290299320155 0.0427465544165977 -0.23271772563613
0.105451790009026 -0.138057250165308 -0.0106745111295099 -0.180576304172521
0.0559325153420658 -0.159718767251597 0.0272722363349037 -0.0893680315065399
0.0564091247279678 -0.150948949387425 0.116831166533868 -0.0449464258187637
0.139637935162757 -0.132449250826137 0.20471921746815 0.0470156563728215
0.22332495287491 -0.0284898851166288 0.20913723726188 0.194332877196709
0.21683260921862 0.128517826182324 0.0302832673484052 0.32227010261332
-0.0135691420502627 0.290830046705864 -0.163944656795168 0.186895408085744
-0.25034849029068 0.161215635813672 -0.162158669263477 -0.0769430381742769
-0.286022941064365 -0.0177043390946025 0.190947403091206 -0.074353202915719
-0.0742036645231198 -0.135877470130162 0.433490646164234 0.0172133272403236
-0.170653376557535 -0.0786420645327854 0.313687954720868 0.21685397231603
-0.154388738136087 0.0674951208589717 0.362036658581299 0.200923858209902
0.00384140813063315 0.135930856173204 0.346003035117442 -0.00159659617249964
0.102467250715131 0.062045852631648 0.236948474856192 -0.172895632718045
0.115034341190146 -0.0130207762249032 0.0870578121940146 -0.25703757821306
0.0732146369399769 -0.0846951050201317 0.0241776142510759 -0.222393026224183
0.046244933138471 -0.110566669682572 0.0503135228562991 -0.135056800426681
0.0463641001971029 -0.111173044993488 0.141546268724612 -0.0928561921203326
0.108756551909165 -0.0943983732151802 0.234861028694142 0.00767080436799014
0.169112610475542 -0.00977907773660156 0.248827663105102 0.176830262733706
0.150207235368951 0.130940939445913 0.0564393371682154 0.324384127220833
-0.0730859959753067 0.21608601015901 -0.145036356452094 0.196668519567113
-0.216720972900399 0.0362011822966154 -0.135249509518054 -0.0623718244097161
-0.154451453843049 -0.109586859555436 0.246644422480042 -0.037096412802766
0.0185067591660806 0.132496519626091 -0.308472032215021 0.110567217272005
0.131636446987666 -0.00092526943025435 0.154317789145119 0.152929189976989
0.0541746501220784 -0.10570195902806 0.190689244176358 -0.231382227707341
-0.0862935553402393 -0.0652471696951024 -0.100604726139756 -0.38138667553288
-0.0781588358945921 0.0245280367759845 -0.356815579178737 -0.180005239925299
-0.0373457343444204 0.0477228934625906 -0.307001115862508 0.0819966675123982
-0.012361865193685 0.0601669005689266 -0.152945965823463 0.18039575176375
-0.00394608378006699 0.0435543307724262 -0.0517480096111267 0.20340021462593
-0.0243396008583588 0.0294794312804678 0.00232650209955082 0.2478409181113
-0.0386388570340138 -0.00685468133111895 -0.0593008632065047 0.285727205627478
-0.0226543050917213 -0.0231427062920219 -0.19723540124044 0.246790820873353
0.0113648798094775 -0.0506636503373074 -0.326542288430038 0.0701580714897973
0.0950803762491337 0.0211955093600613 -0.39962590693416 -0.122413134210539
0.0574782956398454 0.131992942120765 -0.38991691892902 -0.206774789068768
-0.0942925608336251 0.143062914300313 -0.463112116400445 9.41735621744784E-05
-0.129157486325837 0.165035210533152 -0.313956122803051 0.0649887233969876
0.049214604027977 0.115461134082895 0.150564382132456 0.166150124329767
0.0729112826226335 0.00828953139825534 0.229501364068318 -0.223371472801544
0.00861250298447009 -0.028022393702787 -0.071712012830813 -0.417347537183701
0.0114299109222672 0.00363310616932047 -0.358432471845506 -0.208690554687922
0.0212133468716912 -0.0134109308433283 -0.319997940974938 0.0657978897973091
0.00594169719732521 -0.0137077474307704 -0.168681657759886 0.176082922776223
0.0127907635811271 -0.0276279517693554 -0.0555392647711605 0.202824257983474
0.00533643359681183 -0.041241953102034 0.0120236100442953 0.2442769355917
0.0446552484825315 -0.0623817136558322 -0.0250679406485247 0.289876343469052
0.0862982835704859 -0.0103956247083558 -0.155843542320772 0.283510049180958
0.0832414189509164 0.034671041177993 -0.303784348786714 0.136552438163131
0.0565683181500724 0.149710500469288 -0.39233567236583 -0.0669684084009474
-0.086066922389703 0.226892707191711 -0.362296626452186 -0.170191522974189
-0.265584162794922 0.175280924841546 -0.393715436711306 0.000725600557053057
-0.274488687000648 0.156888876118423 -0.25907109635552 0.0163155326398168
-0.0770719629832546 0.215433726127396 0.171596751104069 0.181397183989525
0.0522599541959844 0.146938196529238 0.297670141706305 -0.194014808700975
0.104305836644055 0.0451677773953675 -0.000435980929590325 -0.443349889683247
0.115493140432036 -0.00432395728735749 -0.321102602795802 -0.252293279255919
0.0931739590811673 -0.0720418487344287 -0.308544402441933 0.0200435380983506
0.0309564276919912 -0.0892563193095622 -0.171283701555953 0.135914291111179
0.0269517198720032 -0.096261612676256 -0.0516109953532805 0.173195472471191
0.0254295457541801 -0.103089374522191 0.0313165931768767 0.211025082690802
0.10306062697499 -0.118531390806315 0.0350021732973317 0.267525759864218
0.176307462208638 -0.0271668531103172 -0.0706030088652628 0.309133732540884
0.172675006298512 0.0748993253500465 -0.240577230317998 0.229395718129636
0.0743886484046247 0.258021056626974 -0.370245749687466 0.0248848776415592
-0.168695791594046 0.321744899006384 -0.334414786002815 -0.128676148643824
-0.3829415423696 0.213255088825707 -0.283202186561439 -0.0104774180301194
-0.384933588233214 0.110691881145707 -0.14369398925379 -0.0272479234882291
-0.221539733344223 0.267807280940871 0.211339062039794 0.194077182344878
-0.012744572198518 0.274160330134216 0.372551236023124 -0.133317841250514
0.170857491848818 0.14484070429247 0.107172930613489 -0.429038416603285
0.209539309425841 0.00946424101544677 -0.230662374353512 -0.290356205095674
0.16511110865006 -0.111442405115523 -0.262366155673992 -0.0504595283131631
0.0587876353327438 -0.151422638209316 -0.156462395811236 0.0665287866522574
0.0373609564236043 -0.151517164791429 -0.0405556113240029 0.11808727571182
0.0343557007374703 -0.14815697396752 0.0531849654466772 0.154581646400204
0.133170414558552 -0.162314291180725 0.0979210536548059 0.21710698833691
0.235080320884295 -0.0584049018776303 0.0327655438204008 0.299581948306395
0.248880477949666 0.0765658035541634 -0.14535830426843 0.300461019015742
0.11482070157416 0.323693855803554 -0.31761131220377 0.116107700102104
-0.199337642270587 0.380433548328308 -0.299065303963771 -0.0938932992815847
-0.434013322145231 0.231173167124551 -0.154493713084029 -0.0399323967273652
-0.425708660280401 0.0386517284774934 0.0194003962268525 -0.0541540982873364
-0.33684994472598 0.245979159163421 0.262116171581808 0.196895553511723
-0.10469392663157 0.337212417182012 0.424865590212584 -0.0455679110635579
0.18000219303108 0.232611860750797 0.222937424741634 -0.354525818556479
0.263167793382733 0.0399107598189111 -0.0973261950559469 -0.302211834579974
0.214536015924301 -0.122382084640319 -0.180279580733663 -0.127531972022328
0.0815179352855286 -0.18699845756705 -0.125858867033614 -0.019566226104349
0.0420517571996492 -0.185185189992428 -0.0232764309071758 0.0477910155317114
0.036159636137181 -0.174091734853206 0.0750889385544504 0.082767732919763
0.140640668182819 -0.184303925651282 0.149715332819526 0.148915366961017
0.258152522148809 -0.080822821605086 0.124475994036215 0.260571675513387
0.28595546627359 0.071338287847918 -0.0464577185498561 0.330283004483948
0.128281279214625 0.3447911285581 -0.24745938029542 0.174909354632239
-0.210264811954989 0.374053877030978 -0.259010691562614 -0.0753339107591732
-0.429270208371334 0.20229054051006 -0.0251531617074211 -0.0770208741740713
-0.382684079268967 -0.0375061672932008 0.194859499836953 -0.0597064248889893
-0.372095123694813 0.15626282391807 0.310299276831819 0.194036446290323
-0.180276500650753 0.305292507372666 0.439403092888035 0.0489711770480232
0.134557541110741 0.264107647066861 0.30589958957218 -0.236810075186468
0.255514224461416 0.0677207482297733 0.0452531488482231 -0.277626545313872
0.223114956098401 -0.102498158834148 -0.0801620072064734 -0.195236975202888
0.0936748844860184 -0.18596244749386 -0.0823443013151419 -0.106405159835399
0.0445748160676429 -0.190627883084813 -0.00409448155153592 -0.0274325022071184
0.0372649457110447 -0.176675688628194 0.094895450305259 0.00844106966497114
0.140240206532558 -0.175585739119397 0.182905396144225 0.0870792594563348
0.257203979497718 -0.0574001309561496 0.179154518440638 0.220286003202536
0.269673315213739 0.100941659880139 0.00312136565846068 0.331468959810447
0.0694939460098877 0.338479788126715 -0.199543501798441 0.186205999778826
-0.250926288359088 0.284660211521327 -0.209785896987064 -0.085611768364307
-0.389934827873482 0.0911364067043536 0.0967124181325081 -0.0934294358533669
-0.255079692366594 -0.113411943554619 0.348817426216205 -0.0255407174097769
-0.314631472044323 0.0199913326617886 0.326232604935041 0.213896071530556
-0.208807533435109 0.193222572100158 0.411839844964831 0.150161926118811
0.0568927378145762 0.22846122319518 0.35068303375451 -0.0957554682834649
0.192152036938065 0.0831779838610735 0.172330550623692 -0.22421540228676
0.18956112199515 -0.0565579831207588 0.0236279772530181 -0.241375001970049
0.0951699290351063 -0.146564601314466 -0.0288050040300222 -0.180615453017765
0.0421509705842045 -0.166073762464577 0.0208727772934362 -0.0926018408373348
0.0443175791091201 -0.155700266850286 0.117519993672929 -0.054266956970902
0.130830949858905 -0.144928075365292 0.213310964757444 0.0302725940228715
0.223294050544396 -0.046696701664735 0.230309736050428 0.183483863851976
0.228057965412377 0.111969305431714 0.0590019219609553 0.326181630587881
0.00936498809612114 0.29567182802806 -0.154405749965263 0.200755058568299
-0.242480559290165 0.182918663768518 -0.172487160750661 -0.0668463209634978
-0.294456513391738 0.00157512592609781 0.185574736078027 -0.0894398487201753
-0.0871777902878443 -0.132336353757987 0.441760006155458 -0.0127893292173249
-0.179423193239439 -0.066445909908883 0.333068120684305 0.199569108321632
-0.150577830896273 0.0804292268761021 0.383561843349481 0.179801322563961
0.0149308879255269 0.136623729470906 0.353782016126217 -0.0246304871843315
0.10792643785066 0.0533305786954789 0.231113527841188 -0.194409726387041
0.116307356217736 -0.0231674818206337 0.0662603390488092 -0.269064469889846
0.0666872750717064 -0.0911594056304739 0.00412526740848967 -0.225535962535912
0.0367766776480055 -0.115586962294423 0.0408247833591152 -0.141127176955641
0.0377727190995951 -0.115172723833463 0.138447223020254 -0.104983876605687
0.101982030153719 -0.104229415308883 0.23908416449245 -0.0100247922338808
0.169748906858243 -0.0234925618332033 0.267621642908488 0.163066278773702
0.161558318937941 0.120721775724444 0.0840389003394378 0.325213026325999
-0.0561639090349033 0.224804383122617 -0.134507540313428 0.210197052040796
-0.218694067502095 0.0532711908414905 -0.143902563176596 -0.0538911002022638
-0.166262318355785 -0.100765535965093 0.244469285046911 -0.0563146293935317
0.0268850461742584 0.130393723283632 -0.29832725993537 0.130487950536295
0.130520570051761 -0.0100924214461631 0.168249778338977 0.141866066639005
0.0475197226393594 -0.109042995649213 0.179130569753564 -0.242933271152624
-0.0902953318730478 -0.0584136675107717 -0.122980563109974 -0.373291636109716
-0.0763648602330697 0.0307820700515269 -0.369804116760124 -0.156391282328742
-0.0333986550280661 0.0504096611058352 -0.301566282565156 0.100561644364698
-0.00650461691217492 0.059719635037275 -0.139893803806567 0.186503913807532
-0.000527972669054117 0.0425827847173279 -0.0382214370866841 0.204247315685874
-0.0207385053465025 0.0304700627658739 0.0201475050961973 0.244903994769831
-0.0387415729699772 -0.00396851318317003 -0.0387399242297345 0.290388321243977
-0.0232780152922764 -0.0214385362269652 -0.182280266644234 0.258976583891592
0.00702370344856871 -0.0503002045990416 -0.324976663584915 0.0857531565288706
0.0964018206558715 0.013953522284335 -0.40985523309909 -0.0994829087198176
0.0648087145533181 0.125719338038672 -0.400108576730007 -0.18713310689274
-0.087403736107383 0.149664545469162 -0.463864817912505 0.0211071146202077
-0.118705408281997 0.172279209023681 -0.307334809090424 0.0849192711801399
0.0560936457825358 0.111047796727399 0.165106435478049 0.15524981216332
0.0728343809721625 0.00383797342589083 0.218415343928102 -0.234880359040957
0.00546643966024807 -0.0274821523056921 -0.0963971624139455 -0.411181323903382
0.0114643254330488 0.00375070685348146 -0.37262215100528 -0.184967650471446
0.020412790774992 -0.014257205879359 -0.314768936802416 0.0858385583845441
0.00606105716620471 -0.0143534465299378 -0.154895389675707 0.184438263100082
0.0112136194655696 -0.0289608346579528 -0.040919632468003 0.204408176067691
0.00360893314431874 -0.040760574806716 0.030203222126841 0.240305332141414
0.0407702203282976 -0.0645705110518963 -0.00476616554669967 0.291425055177089
0.0856041606458139 -0.0159621640458538 -0.136818774212103 0.293480765310007
0.0835318580245369 0.0305021779555152 -0.297086201280426 0.151498291537225
0.0660168448201259 0.145126113360386 -0.3993535613078 -0.0446637189205058
-0.0727851789739716 0.229002312467724 -0.370460203795467 -0.151174072026318
-0.258418728842752 0.191284794748888 -0.391461417626693 0.0200974103837116
-0.265485908182182 0.17355081669154 -0.256843412430768 0.0322826715121363
-0.0630557881552808 0.218218737330653 0.186586907438857 0.170940280694965
0.0608131345565102 0.143526709700659 0.289417004799147 -0.208927361908711
0.105752223615477 0.0393621293576327 -0.0272359294169748 -0.441578835389205
0.114586879017881 -0.0115976156982306 -0.337432281415518 -0.230820584164182
0.0879741244605427 -0.0771505641015728 -0.307502127532628 0.0388609678957503
0.0263233488598432 -0.089848703459508 -0.161027913137314 0.145851606033791
0.0206126602386102 -0.0974895688251942 -0.0393320686486649 0.174639812749219
0.0195133623494912 -0.103288755962069 0.0492363987326063 0.207075332426383
0.0947413495175375 -0.124118935427716 0.0539505008688805 0.264812847429146
0.174235866133513 -0.0386062580371208 -0.0486890407373902 0.314292156954049
0.175002287446437 0.0644916703075281 -0.226735239465725 0.240964868483405
0.0904572856113378 0.252384557795935 -0.371802416012856 0.0462802363437268
-0.149500179534165 0.32928956997582 -0.340945015895024 -0.110876837566408
-0.372953526711395 0.233218895582858 -0.283219157096249 0.00363997423328241
-0.377832507955607 0.133424151295118 -0.144229625635843 -0.0187122345122458
-0.204032960985184 0.278956970823331 0.22588690971499 0.181517531045889
0.00310595898063825 0.275336986432691 0.368132466824543 -0.152058898424515
0.178167368815817 0.134204776911102 0.0817852059325501 -0.432894730763857
0.209337939507468 -0.00399551820137121 -0.24799835429386 -0.275217750487767
0.156831752157615 -0.122243407299042 -0.266033285613231 -0.0346954625289457
0.0496608343272946 -0.152787970507449 -0.152355249087446 0.078254263997561
0.0267493568329012 -0.152896157752559 -0.0316358764970215 0.119501921413529
0.0247856508000709 -0.148055472229849 0.0672965006781584 0.149257992155024
0.122295730504996 -0.170034837588084 0.113698340702011 0.209968126904102
0.230307275770883 -0.0740560322039833 0.0548866366115033 0.299389213351927
0.250243860106142 0.0613096356091589 -0.126167683776285 0.306539756629044
0.135237946432939 0.315488635163242 -0.313012083578438 0.133549999818539
-0.175513063986613 0.389621459472034 -0.305186348786307 -0.0784694001202224
-0.423402826960306 0.253355641717161 -0.157159332212756 -0.0324934128008565
-0.424598062538777 0.0632068762888089 0.0159042260706612 -0.0558123462049903
-0.31962712235055 0.265390604042519 0.27468364183744 0.180735937063067
-0.0856083739586462 0.34339970022498 0.425845700840052 -0.0671613282134753
0.192949849254795 0.221119744807842 0.200850238700119 -0.366612460191397
0.264878599506612 0.0224751982787219 -0.114721849267494 -0.295812957074878
0.20508723863238 -0.136712145010355 -0.189984913138988 -0.116168877605139
0.0696222941121133 -0.189298424121262 -0.127787086806667 -0.00928076844039666
0.0296275039997786 -0.186005891303143 -0.0197637371152618 0.0482441608763423
0.0251907996103281 -0.173069646334749 0.0839406745447608 0.0765188598609541
0.128414342764874 -0.191238211346879 0.160817640229738 0.137959938444024
0.251584401841233 -0.0972498272541856 0.143763667028872 0.25440217208495
0.286913758049011 0.0534186749235966 -0.0239477537740586 0.330417688352062
0.149409313384178 0.335387731640097 -0.24074694633601 0.187584609679636
-0.188488382640228 0.385639877641726 -0.264720695008947 -0.062022632539371
-0.420760459852515 0.224065155191373 -0.0313988470588011 -0.0752546906337811
-0.385816114699133 -0.0145648393583934 0.190976007073383 -0.0714384355982802
-0.361244193728662 0.177643693835434 0.321034341515525 0.177442884656943
-0.162207982169177 0.31544147377721 0.444815076270187 0.026035895353792
0.150037285317192 0.255322114259693 0.293193942234271 -0.252319003031243
0.258474369805679 0.0501614637653365 0.0298167090307508 -0.280373204910511
0.215207456587306 -0.118274640259886 -0.094238456994875 -0.190475964845105
0.0816083142013938 -0.189421979598468 -0.0904864241177847 -0.0986421165309535
0.0308139435967175 -0.191491227810292 -0.0051620495875567 -0.026675196997444
0.0266933892338437 -0.175812852848264 0.0982409279793216 0.00209287981770865
0.128322051747815 -0.18328203629098 0.189205840364558 0.0744595779788766
0.252212914204342 -0.0745934347799964 0.195222414740853 0.212396494247122
0.272647527415379 0.0835521513318071 0.0261924293987122 0.328968946138121
0.0911940527892497 0.332265624716429 -0.19105590585192 0.196665166711315
-0.23435941323578 0.298258668378665 -0.215964484401389 -0.074769154369514
-0.386824741542606 0.11114591612015 0.0889014974896761 -0.0983049029951066
-0.263150896345094 -0.0983697077339257 0.346434213728151 -0.0444397334198468
-0.312232848191188 0.0389093249708868 0.336806661356818 0.19721562502776
-0.196545720005845 0.205442895932045 0.421982451105956 0.128836785854372
0.0706216608459949 0.223406989725518 0.346223841922534 -0.113820951213755
0.196073903994997 0.0695642028760026 0.161665862604536 -0.23452263591079
0.185394329334072 -0.0707248927409922 0.00635290549180271 -0.242861918880238
0.0854079356185122 -0.150716762979089 -0.042565931007104 -0.175751828287772
0.0303117160740344 -0.166933309778617 0.0147312888270942 -0.0934405313185634
0.0337009665209178 -0.155868330466507 0.115756171874969 -0.0614436877497715
0.120678127001644 -0.152556245071844 0.215764758726773 0.0166881580828374
0.219071053821931 -0.0613016067607103 0.243702056887365 0.170972418658707
0.232669991115644 0.0968909311051516 0.0806396782967726 0.320916557432905
0.0291772368317775 0.293296497884489 -0.143988329101246 0.208151119509876
-0.232235657448589 0.196145152881772 -0.178162939854472 -0.0575509665982936
-0.296116094884023 0.0167733285270846 0.177770697783859 -0.0997305421180603
-0.0961265888173933 -0.127392619623429 0.440268617703982 -0.03641130370468
-0.183157310055706 -0.0556304876377849 0.341695360826433 0.183042017110147
-0.144356087734509 0.0884432919872781 0.394981590785223 0.159481880708665
0.0237135480689104 0.134078191245554 0.35429254941281 -0.0429800454772726
0.109908126141225 0.044779686883567 0.222171915684298 -0.208704672287628
0.114933107693854 -0.0323954864448178 0.0468726827609679 -0.273443989199983
0.0606123047529492 -0.0945250192437258 -0.0124029646805215 -0.222899014886728
0.0274423666475986 -0.117105341872134 0.0313269730641142 -0.142474083952319
0.0298730779811239 -0.116492893740071 0.132416241362716 -0.112817679760529
0.0951786876900022 -0.110491003181641 0.238907302969668 -0.0243729944802056
0.167276038417353 -0.0342673733709351 0.27926305319546 0.148247600666893
0.166980496096208 0.109535284735929 0.105398666078539 0.32061005046177
-0.0416551781927369 0.226676505950858 -0.124252817914668 0.216618309346307
-0.21600333678405 0.0657265251783895 -0.149087865876498 -0.0454124787305982
-0.173081865641736 -0.0912965694749521 0.237362276338815 -0.070406839465218
-0.031720483553648 0.134750439844214 -0.311757052979986 -0.00194499317892694
0.121851131228951 0.0442243839503613 0.10540221682742 0.189621973438053
0.0884386364680291 -0.0820835009891996 0.259779936782137 -0.158215733573618
-0.059213980904968 -0.0875142557504309 0.0262293620444034 -0.39312581566463
-0.0792602979621286 0.000145085973224885 -0.281272505846908 -0.287495886369634
-0.0485982496088021 0.0327516093236507 -0.316071268786227 -0.0246567358966368
-0.0275581611975552 0.0506474273528476 -0.19960411755843 0.115898475161218
-0.0159496557235647 0.0387298861984096 -0.112980230185401 0.172421388514223
-0.0282980980392324 0.0212094413933501 -0.0746285071032995 0.23110683448092
-0.0317830537775829 -0.0160040402694761 -0.148082114684677 0.254645131472178
-0.0118454998565178 -0.0238960469386017 -0.268132122302842 0.164786802966574
0.0234297795848795 -0.0389281211153934 -0.335794538073486 -0.0548093716138563
0.081343177160653 0.0509343530721667 -0.336612599305519 -0.250898409052797
0.00753875082213795 0.139745216305492 -0.300071831841055 -0.323761481240536
-0.143361399617538 0.114778120991269 -0.439829116942242 -0.17237746966679
-0.187850335135916 0.109751367901708 -0.295333094326605 -0.0325971498839741
0.00390823977094802 0.122604303364396 0.103017965193341 0.207342013399851
0.0654913218803516 0.031691340383691 0.301473481515581 -0.133378005149028
0.0142494028088438 -0.0206987447278664 0.0694239586224586 -0.422538236537528
0.0113956842521816 0.0109532057825926 -0.271629282781464 -0.31950986794769
0.0258049661106334 -0.00561039796130599 -0.323676144822009 -0.0470268930872709
0.0129524451422545 -0.0101900466122262 -0.212551356116502 0.107877014943819
0.0219228448025369 -0.0226242367384515 -0.115349890854416 0.17123630144722
0.0210275805598289 -0.0348854911060731 -0.0609270021534351 0.231695713607826
0.0634248878040286 -0.0435670297075691 -0.114185802790281 0.27066983032437
0.0879905708821693 0.0208818591068711 -0.239045048780084 0.215451632995719
0.0642907588283535 0.064189147158235 -0.333968187382861 0.0188567370013883
0.00531657081059455 0.164403865959863 -0.351828869944414 -0.196983154406929
-0.155772840404402 0.187265771638734 -0.293639496098091 -0.284342223219871
-0.31898358258893 0.0912053454383285 -0.372974705169107 -0.154596155395696
-0.326372900122534 0.0470924841206357 -0.22414741103349 -0.0461852183626491
-0.148117331693723 0.170079618653265 0.121627244249027 0.237646662121444
-0.00240077761975325 0.155525697615163 0.366331080858131 -0.0781516584419229
0.0765082653902264 0.0802982679666432 0.151933254161143 -0.428780173581927
0.110662936681198 0.039008567874137 -0.21932045345202 -0.353340573949596
0.11142241990076 -0.0355669891753723 -0.298327846211379 -0.0905004380066346
0.0597045071390517 -0.070663830567913 -0.205061046181708 0.0704236920894894
0.0568235912329801 -0.0818234599633991 -0.102426857757912 0.145097615447269
0.0588714438187543 -0.085897235812933 -0.0295423184762867 0.208467582267712
0.135471418721495 -0.0793312080349759 -0.0487327554857475 0.268532980734247
0.180128219156049 0.0306023199682833 -0.164557240412567 0.270515635326333
0.13690448096173 0.128982574370626 -0.30435460409484 0.131639959761032
-0.00875691934821093 0.275285853477696 -0.365052375212601 -0.102970627404017
-0.26164764261495 0.25376195037338 -0.288739585684483 -0.237997448995151
-0.441220784837368 0.088453276428532 -0.26818600572323 -0.132944304147181
-0.415791113928503 -0.0406213532758768 -0.102670019015165 -0.0348149862257101
-0.301437610695227 0.165908317318064 0.154659919002143 0.271663242208038
-0.109627414879393 0.25323702372274 0.424941031040711 0.0122376612694491
0.102685605659172 0.195443973148199 0.259227951140259 -0.380782533057661
0.192824297807852 0.0846608123555066 -0.116712917871322 -0.363678320108811
0.191285500026181 -0.0498790390029484 -0.231600427674993 -0.145109457390671
0.104965083798227 -0.11750461457305 -0.171927632540428 0.0102670651943727
0.0830644683432388 -0.130246891243851 -0.07419026956102 0.0973066135555013
0.0807801671051129 -0.124868524302077 0.0110551840962259 0.162991772240609
0.176732103015087 -0.11221146822202 0.029441405608218 0.240970715523532
0.244648340621823 0.0173034618617658 -0.0627520076152641 0.298446533881588
0.209705968565567 0.153110556035967 -0.234559488527304 0.234574557998299
0.0131462019251845 0.351471890632415 -0.346136313923278 0.00129364532984384
-0.306733040156919 0.302134431503598 -0.273233424842101 -0.194834023725204
-0.494762286507334 0.0886910749367508 -0.13791663950341 -0.118027755280566
-0.429491315387483 -0.127233312694238 0.0537080067690114 0.00129850491117771
-0.400739078573239 0.105132255223585 0.197170494673047 0.297809609764188
-0.218121403179018 0.279482194061047 0.44726841457332 0.120564494360022
0.0802415591076089 0.278937309268808 0.350149946980497 -0.269709968300936
0.230891554031875 0.130294587532985 0.0172221012556652 -0.332315556416537
0.240665692026065 -0.0440764521074091 -0.128482619761666 -0.192694250420958
0.137417884849177 -0.143361918831143 -0.115505215883413 -0.0609050312186091
0.0976571544362222 -0.160141740836028 -0.0359473227386564 0.0367218133540066
0.0887565269828207 -0.147602093609274 0.0548648254682699 0.102441270460621
0.190522056939425 -0.130212806749894 0.101291168653236 0.191786939652008
0.272912093964957 0.00229818222329056 0.0366860185261171 0.292434676509111
0.246658994565172 0.158245509727382 -0.1489320981601 0.298345101093106
0.020772564677293 0.3747986114405 -0.30153854454533 0.0817857028032447
-0.315792984510443 0.293603433256146 -0.242572750055698 -0.165352398719091
-0.478850017223725 0.0603012575512442 -0.00380371980888171 -0.107749723106418
-0.357306042174637 -0.183608910825538 0.212158023914796 0.0539256668088443
-0.401916479787936 0.00730693065212588 0.234601102964716 0.314562176220214
-0.277735069387168 0.222830152369089 0.424977700674003 0.220450931166432
0.0279698762026113 0.290452695653484 0.392831909049869 -0.122259082707234
0.212371014082992 0.152044489563323 0.147846810211139 -0.258713250866339
0.24274127658343 -0.0231091797506388 -0.011191529095878 -0.223316271320797
0.148630851493732 -0.138669109630475 -0.0476152185419115 -0.128768912157031
0.100675690627838 -0.164436493159866 0.0056827258301965 -0.0265393153492199
0.09083756185914 -0.150815212090352 0.0956649410510435 0.0400396445005397
0.186542770366376 -0.122414553245106 0.151627456356323 0.144763400286475
0.264399720941474 0.0197035825612318 0.100277293111937 0.274589083985124
0.223908544795805 0.180757262232069 -0.102231502881374 0.31828381275439
-0.032400737531768 0.351640936870876 -0.259989992156987 0.106695006976449
-0.328211474766342 0.195260252635561 -0.189868634283054 -0.161250224220405
-0.406275918350168 -0.0352512728109923 0.12072340673167 -0.0778258480334592
-0.205157483366602 -0.208633098423867 0.333569551409163 0.128653499962785
-0.2992533915272 -0.0983530841849719 0.231747748237315 0.335835994809529
-0.263436363487063 0.107158175675319 0.353833464401824 0.306717181233899
-0.0295549642678039 0.228821772057137 0.385327061375481 0.0330771361159438
0.146779710304803 0.142994515968115 0.25123568759545 -0.160767637522029
0.196546093062283 0.00818111080893936 0.103464889286925 -0.229565956948204
0.136201768252423 -0.102831796547444 0.0272714033243069 -0.181138251096124
0.0901916537106679 -0.142036693206951 0.049458766432428 -0.0795680567374964
0.0903146555891536 -0.130226567267228 0.135116164363041 -0.0114206684141763
0.168063805928397 -0.0976942121759111 0.196986097536642 0.101923494356533
0.228128762439371 0.022305221227179 0.159260141064177 0.255715598746534
0.181928279593933 0.176854900637234 -0.0500740401554026 0.33138723232838
-0.0764742599165447 0.291444845477142 -0.222302600580016 0.134896062875124
-0.290305091231568 0.100868935084287 -0.156229844157291 -0.131025143230383
-0.28505322824596 -0.0924034794351003 0.205551441285786 -0.0374294164880994
-0.0357916566316399 -0.162118473128916 0.408895337272362 0.156526927869705
-0.142839432717738 -0.129147297320306 0.235895793590359 0.318214801555647
-0.167131587031043 0.0219718590184693 0.308406539103457 0.320431322173823
-0.0346055565363339 0.12813964721516 0.359235491081603 0.104434811498492
0.0780597515761605 0.0855831333512821 0.294933365399229 -0.108251370115491
0.11759294674421 0.0154483280341759 0.151732760253315 -0.237868140238076
0.0923178923034758 -0.0617328886268954 0.073025893499443 -0.212663410082002
0.0688946394027831 -0.0980266789366132 0.0830503071093442 -0.117695783600919
0.0710015745750031 -0.0969279036727666 0.168310816504788 -0.0517552689561824
0.129000562557182 -0.0692173736974122 0.233419293700787 0.0732717630163812
0.170914568871323 0.0272792877443421 0.199742921860378 0.248072552360734
0.117542927799031 0.163464220701505 -0.0288236909810117 0.339718223910265
-0.118407867859176 0.203768043043524 -0.205291463807807 0.148923433271437
-0.228980060404328 -0.0157019073723045 -0.128439584488959 -0.109138021567099
-0.13011013435696 -0.15044938852105 0.253371517375907 0.0204712469403578
-0.0276888196950084 0.13847758453121 -0.315397139133694 0.0113001724895129
0.125002938689579 0.0395201825885161 0.118216614356584 0.187102930636638
0.0869254158976152 -0.0872816831821846 0.259973390527339 -0.170715604308677
-0.0638512509196741 -0.0850777651347484 0.0121805828484821 -0.398933947417916
-0.0806723077219217 0.00493229008591642 -0.29911389290673 -0.279687949700037
-0.0469943497549144 0.0353475157938323 -0.321887144422099 -0.0131103556783286
-0.0236456097816731 0.0508751841761037 -0.195223627148505 0.122035011351861
-0.0132057691229285 0.0395371790278213 -0.106261972314038 0.17824761152182
-0.0267509163255765 0.0225345872080637 -0.063530877857744 0.237104943591372
-0.0330125604864451 -0.013628958214767 -0.137193467710324 0.266478127167431
-0.0126626207664319 -0.0234857926037414 -0.266696046990995 0.178162891854148
0.0209476043796339 -0.0393378600109981 -0.346732448116489 -0.0476651289294955
0.0845977181137222 0.0473911444305118 -0.354947218360467 -0.243526425142809
0.0125955731087586 0.139968099440626 -0.314219707214602 -0.321239533271695
-0.142901535280051 0.123368822343052 -0.452390135786772 -0.164406775240598
-0.187653865291984 0.118799982249654 -0.300074486021574 -0.0211413868642012
0.00933666513974405 0.12344778762383 0.116634323873852 0.204866675386902
0.0673925715033032 0.0295839163545127 0.304610654186613 -0.147151609077574
0.0127009690340926 -0.0208543088691765 0.0542811717187274 -0.430642108498848
0.0120172994305848 0.0115991980949328 -0.289673205432677 -0.31286830968523
0.0257415391270362 -0.0059948429384269 -0.330486187322032 -0.0343849349520506
0.0145683570170651 -0.011300481254091 -0.209421308638555 0.116938289941794
0.0221568401928639 -0.023524301990055 -0.10824855079828 0.177519264924826
0.0217371701313934 -0.0352414928921231 -0.0487424952684838 0.236824592819954
0.0623646082326489 -0.0463047502084857 -0.102490123602768 0.280330298363242
0.0905039577783254 0.0171581792003588 -0.233174550516039 0.229660400365456
0.0659438463544109 0.0631608509136648 -0.341747161019731 0.0281327771094172
0.0122353738054716 0.165370611313152 -0.368240184195076 -0.189555998854659
-0.15191567351138 0.193588990994125 -0.306784861908879 -0.281637766450103
-0.322753306741786 0.103802031724462 -0.384159614938405 -0.147378114572515
-0.330252060227689 0.06030982771315 -0.228658207082843 -0.0382845414037145
-0.142278657797866 0.17719850859441 0.135299377281213 0.236353103758665
0.00324950319082361 0.15791281360751 0.373112301881809 -0.0919802847262517
0.0794404524507532 0.0785573986481586 0.137948186026458 -0.439302503837834
0.113659997937859 0.03538439950759 -0.237260366728855 -0.348858170879612
0.110986578787055 -0.0408950824687654 -0.306929270545103 -0.0797115375827756
0.0590846108787512 -0.0731854184094868 -0.20324258658522 0.0795990139942356
0.0543129368243404 -0.0849596394369123 -0.0963878870872037 0.150877019885816
0.0568743735185204 -0.087727313833969 -0.0173723929957619 0.212064111335836
0.134383634922754 -0.0860029682742511 -0.0352452256027647 0.275115544883852
0.184953888402061 0.0232030116014167 -0.154258260346912 0.283418483610159
0.142717319484505 0.126668584383779 -0.305524502044963 0.14187000364119
0.00208984776115869 0.279321560102607 -0.37769160837285 -0.0929979970957985
-0.256754841321016 0.266366512611645 -0.301074999699937 -0.234419490073085
-0.447922116059729 0.104364840248237 -0.27654135107271 -0.12769536563017
-0.424548802766161 -0.0255420139356906 -0.105779068184301 -0.0327424945138782
-0.298676179366875 0.180242543466584 0.169207836949183 0.27025344709508
-0.101795137972244 0.261696842947197 0.43627084575734 -0.000437492636250651
0.110697307772403 0.194262359659085 0.248545013994267 -0.394152069377431
0.199031894455023 0.0775695474299165 -0.13298677178617 -0.364437462526215
0.191755048414568 -0.0589270453789862 -0.242296912912436 -0.13776950184198
0.102260613288658 -0.123245933040395 -0.172412834862713 0.0185886405484785
0.0788417026334468 -0.134561210732345 -0.0704093173680128 0.101240074112662
0.0773131732647173 -0.127876093072033 0.0223713479556412 0.163761433502952
0.175061285629227 -0.120947078739278 0.0424026400303522 0.243286567098296
0.249793711363828 0.00622899531112851 -0.0491005273470137 0.308164219803658
0.217121638100233 0.147469225610781 -0.229507909187163 0.244514770788051
0.0279175449303595 0.355465355702636 -0.355970790101341 0.0122744196615958
-0.300555137214548 0.317388967663004 -0.284430514756105 -0.191016109676071
-0.50226321595309 0.1053060515982 -0.145274034738454 -0.116616868080198
-0.442195144751214 -0.111994793658564 0.0548137422184374 -0.0016744316088125
-0.401764840711474 0.121381852758563 0.211132221785401 0.294936386128331
-0.210802202654678 0.291926884618732 0.462911494433279 0.109352684193165
0.0917153559554686 0.279907148322875 0.345182458454146 -0.284733084308508
0.239109488517293 0.121862443486661 0.00555787908255365 -0.336773490387485
0.241365203872711 -0.0560487790392983 -0.13978137951653 -0.190494824878554
0.133729449707518 -0.149046352900691 -0.120186728489794 -0.0559529267808274
0.0910884335200913 -0.165383517814857 -0.0344188533322695 0.0382811718371945
0.0852743069494604 -0.150959294515447 0.0631262081013122 0.0999614079336729
0.187681541755581 -0.139769793125931 0.113012418967174 0.190615570593051
0.277481182481285 -0.0103393371672077 0.0524997541983101 0.298931970738571
0.254478310689108 0.150748862654934 -0.138319511461421 0.306522075040529
0.036964434606153 0.379233118277561 -0.306537225394365 0.0914604447814115
-0.310849661883648 0.309219089224405 -0.25419722809191 -0.161371553949577
-0.488844070765716 0.0762241733147407 -0.00872773528890608 -0.110042997190651
-0.371659508472063 -0.172502151338841 0.21722890241797 0.0463427651103613
-0.40677748775572 0.0232063330415645 0.248256973492438 0.312385493064041
-0.2734141900074 0.236874428146399 0.442091837970535 0.210627262082013
0.0394927865445069 0.293734011667613 0.394145371767512 -0.137159253587121
0.221266071605432 0.145488844767804 0.141982647655387 -0.267961241908387
0.244530380469893 -0.0355391292498275 -0.0210294323121646 -0.22604608743693
0.144332458653094 -0.145945686732138 -0.0546983958624347 -0.127502320988039
0.0936163682154458 -0.170373679268286 0.00395737484005231 -0.0275846329584937
0.0860660338078443 -0.154303277594838 0.101469086826595 0.0355333067639433
0.184005068332389 -0.132389308070051 0.161495570018597 0.140950423118207
0.268877148052583 0.00688263247700593 0.115334007861623 0.277761625811132
0.231817828155536 0.173829042720258 -0.0896337645553781 0.326473007599122
-0.0175603271477692 0.357010107653304 -0.263484504953526 0.116132424362213
-0.326108314890136 0.210353284024724 -0.200780121892149 -0.159955763668451
-0.417211338636239 -0.0228863885050719 0.118334775198001 -0.0845507170905602
-0.217846535429845 -0.204472859654919 0.342229716873014 0.119191501081181
-0.307699743428665 -0.088930707814225 0.245607108947199 0.335473330181277
-0.262967972822746 0.119075302847051 0.372070501999635 0.302019989840482
-0.0215047807120855 0.232727621392655 0.39400961634647 0.0229914942400205
0.15429485838612 0.138531368922759 0.251490391487799 -0.172558599508821
0.199868813022948 -0.00182794466394309 0.0932762445039409 -0.238597172647009
0.134101668310834 -0.109998243001632 0.018712898092677 -0.183649176905364
0.0836978391539371 -0.147546355532424 0.0462354050445252 -0.0826965219624332
0.0850544811709993 -0.134249879663803 0.138462897126829 -0.0172320980908605
0.166029698553098 -0.106504130108545 0.205624044371906 0.0966037159947728
0.231987721801993 0.0125851423571835 0.174853904466396 0.256987079231446
0.190412354388257 0.171735820797005 -0.0363387988168514 0.338210209802583
-0.0643728856067653 0.297719927352358 -0.222944536331161 0.144043481995116
-0.291946248800368 0.113609060321839 -0.166056857323396 -0.129764211415036
-0.29508178018632 -0.0860289834907207 0.204888730327222 -0.0463237583594728
-0.0442269950637472 -0.163958001660615 0.420313512922033 0.145987890538305
-0.150088125787069 -0.12613128135169 0.247747434361508 0.317200062689223
-0.168483912230001 0.0284232363923641 0.324802642418791 0.317242390770443
-0.0297543746801407 0.130019058109399 0.371223367628998 0.0967345637052748
0.0817194857822213 0.0830113719267298 0.29842213664576 -0.121298770636283
0.119535036930278 0.00942282201810521 0.142844500339212 -0.248606416599001
0.0906431484400279 -0.0668104614290147 0.0627955198026996 -0.218375170618552
0.0637372428930276 -0.102545152179358 0.0785145051805191 -0.122847271106869
0.0670505732407437 -0.10100468235289 0.170088501611611 -0.0593665747767832
0.127884379082314 -0.0760191954189923 0.241127373473785 0.0666103164718557
0.173994033185826 0.0199715325174781 0.215136702969777 0.247338827300902
0.125485112910927 0.160628190993447 -0.0145822734102736 0.345994847544374
-0.110602898439669 0.210558405857846 -0.205500438005828 0.157311936142104
-0.235521502124498 -0.00672574871108156 -0.136330947508705 -0.107748315421721
-0.139130493138146 -0.148631234966037 0.255530407270628 0.01112194869523
-0.0211412502935847 0.143897033290609 -0.320925777516803 0.0284265243624918
0.129615158497154 0.0328680569225394 0.1339089639902 0.182613930919473
0.0853196497374826 -0.0950869737970604 0.259815552207372 -0.189064986091468
-0.0703292187869611 -0.0827603444922783 -0.00550326712834856 -0.408857005179556
-0.0820881837598703 0.010827283515655 -0.323217036825977 -0.270007623666021
-0.0450112890131177 0.0390878860014088 -0.32976119739105 0.00345762543448115
-0.0200440537172709 0.0518889318542287 -0.191863718893149 0.131635682137423
-0.0102386648403651 0.0403395061201778 -0.0977621185592013 0.187062765635143
-0.0246025202382867 0.0242616529197539 -0.0497157882172556 0.245004089773625
-0.0336856723026247 -0.0112010164773389 -0.123826131066971 0.281545208795266
-0.0133317861586403 -0.0222289472204994 -0.264767332481817 0.196893843860966
0.0180616843788815 -0.0401581141894145 -0.361927613587346 -0.0339255020197018
0.0894975947600562 0.0425527557553401 -0.37685888271284 -0.232378316265147
0.0192584307003608 0.141042744602146 -0.336136577222165 -0.317780626000801
-0.140879059489592 0.135046840020534 -0.470557592529808 -0.14899926790649
-0.186112351303692 0.132044466591986 -0.307464880805083 -0.00639743321056244
0.0165374823827381 0.125018395995545 0.133246843569426 0.201815580002552
0.0710529871862574 0.0256703683988404 0.30765376116329 -0.166593298148127
0.0109019174086217 -0.0212967834798554 0.0342942008738824 -0.442175796885049
0.012741423887091 0.0117208942927988 -0.315406780241029 -0.303898008176048
0.0267712140141453 -0.00747194397112365 -0.339825027415974 -0.0165833432173679
0.0152269626192358 -0.0132975387880002 -0.205693608128756 0.127656466672298
0.0223252706309192 -0.0256592674222128 -0.0997360592450019 0.186470619604969
0.0205861480193071 -0.0369537291062468 -0.0336424837424338 0.243847633976351
0.0616031539976649 -0.0503722893813933 -0.0864583683112749 0.293550492250633
0.0941747980005184 0.0123709250638902 -0.227053232869745 0.248166287516656
0.0695160189834763 0.0625477974862739 -0.352171497662456 0.0431698030347093
0.0212399368196859 0.167288202211046 -0.389385226835352 -0.176524271923133
-0.146805391692581 0.203951350966703 -0.32621707640501 -0.276913844913723
-0.327836313621887 0.123338768504174 -0.400474284073747 -0.134749912456855
-0.336068390242006 0.0784117748564411 -0.236136330853122 -0.0279180674503129
-0.13595288693361 0.187969348911014 0.153833680229718 0.23345547820694
0.0114567563573613 0.161581780932495 0.381790483502089 -0.111411812822035
0.0845339506742981 0.076577888734388 0.119146713348112 -0.455596015493006
0.117993058671596 0.0303866582578211 -0.262515182226715 -0.344626754528526
0.111142582521842 -0.0486725368696721 -0.31911162571565 -0.0644463162557541
0.0576544610069733 -0.0783836711208177 -0.201641376281871 0.0914758784891809
0.0511676449668966 -0.0897895949838843 -0.0891580893821659 0.15798331495982
0.0543947280596529 -0.0921008129337708 -0.00229882256224785 0.215808693211227
0.132272369043046 -0.0949838062888901 -0.0171752848063322 0.28432333387957
0.190905704223583 0.012465709869172 -0.141347162726586 0.30115265293214
0.150408590144394 0.122390751774987 -0.307518905510428 0.158288540696105
0.0169776767652759 0.284653448160753 -0.395409680394158 -0.0778096390685525
-0.249507372011931 0.284227039987274 -0.319581236119833 -0.228735933652864
-0.456717945502809 0.129043047926548 -0.289323245294416 -0.119158489825541
-0.437597776527841 -0.00363069949874632 -0.110343846529096 -0.0292729930969313
-0.294743974835805 0.199199682395299 0.188399465327346 0.266450383861606
-0.0903941502491738 0.273332413146949 0.450445850837748 -0.0204407473169798
0.122553016258314 0.192670781819812 0.234283173708756 -0.414726176237593
0.20789536899138 0.0683448832395384 -0.155099120349323 -0.364876881161244
0.191833822076938 -0.0720878473143707 -0.255151012292901 -0.127348408916691
0.0989489171161405 -0.130632677853489 -0.1745003804721 0.0280268022409396
0.072782202334434 -0.14169878001688 -0.0655909520382618 0.106957022538617
0.0733237998553874 -0.133045937582507 0.0354889370340443 0.164704912522153
0.171843651969366 -0.133719537141955 0.0599180077792005 0.247198464426988
0.256930836741193 -0.00836887405725132 -0.03134495279402 0.321101524550127
0.228119240712758 0.140252162617093 -0.223457171088464 0.259950065823073
0.0475592026850996 0.362042929337839 -0.367767978370358 0.028373481150367
-0.292160709143684 0.340224711048865 -0.302504901878717 -0.185553750793363
-0.513539835732614 0.13089352691517 -0.155265298877197 -0.113530497351286
-0.460483379426295 -0.0918672765223638 0.0546716279936904 -0.00583737672410647
-0.402351577013655 0.144598551131878 0.231208421014838 0.292303535289397
-0.200481051940445 0.310965464171634 0.483375880402177 0.0916430298625732
0.108625546774699 0.28145578262421 0.339418758403121 -0.307350824683968
0.251392548970773 0.111479441480345 -0.0107452584321992 -0.343897870534822
0.243003796622426 -0.0724173975638801 -0.154560661932224 -0.18682161509613
0.129632545368697 -0.159792385835984 -0.126152256256442 -0.0493278812512897
0.0827743733477107 -0.172713727851454 -0.0327123752545834 0.0411714024814568
0.0797083405510534 -0.157013651986212 0.0736142953142877 0.09763149850376
0.184398703236485 -0.152784527918571 0.128355679019146 0.189218170157021
0.28275755575845 -0.026448718780954 0.0736691333796754 0.305810918031114
0.266568663507422 0.140628530389274 -0.1255730729318 0.318762100469547
0.0599804696499961 0.385866719537486 -0.313599284810675 0.10774227526982
-0.302769588614381 0.332816946246783 -0.270429431120039 -0.156061731999184
-0.499766273964857 0.101403247152597 -0.0164699404433058 -0.113262048361448
-0.391001730213995 -0.157490538626711 0.223985340695229 0.0366729629072854
-0.414390306432624 0.0430761570547085 0.268772407186884 0.308789814627806
-0.267652893646684 0.257834429834088 0.466894923317513 0.196765326492095
0.0553678841841547 0.297999029865234 0.398498033302971 -0.156803730502899
0.233979008375835 0.136283524600079 0.133746736497936 -0.281434503269325
0.24700698361279 -0.0518061637072458 -0.0358249749108676 -0.230765962999096
0.140015493161188 -0.156887933906852 -0.063410173362698 -0.125918902729352
0.0846217543316876 -0.177747802361413 0.00263731775888634 -0.0275233415079385
0.0807971444815575 -0.160047777428875 0.107823685423363 0.0291068970615261
0.180408273481261 -0.144493930929089 0.175381539135735 0.135949426690018
0.275662950579313 -0.00997244787390942 0.137277214909533 0.281818818896596
0.245495927207949 0.165198116562011 -0.0737470709336304 0.336885814625847
0.00308970230011001 0.366311591515294 -0.267940223743231 0.130521800351174
-0.325450737729224 0.233390662999543 -0.216030200801748 -0.156216721322692
-0.432008390874653 -0.00552341614191199 0.11486992371659 -0.0927385229868964
-0.235587476593497 -0.198118170565151 0.356002576025644 0.10615399607153
-0.319593663702912 -0.0761049293639014 0.265509365396556 0.333741600474449
-0.263587889756062 0.135105816033893 0.397907933609518 0.295078491573571
-0.00959902561314415 0.238509931038395 0.406136912136707 0.00641184124290711
0.165582373838521 0.133335867789738 0.253039019818188 -0.18954869970255
0.203200426498912 -0.0140366761070593 0.0814609555451027 -0.249982346888171
0.131437258370218 -0.119716907286318 0.00756132412352393 -0.187775681916387
0.074902143603109 -0.15449521304642 0.042690947021908 -0.0860994173220729
0.07988594225062 -0.140640894039551 0.142007458613339 -0.0259172667487722
0.163727874567094 -0.118010674165049 0.217251419471697 0.0885879981413597
0.237780368799333 5.75241630352205E-05 0.196606073877129 0.256335109866989
0.202658779961026 0.165280928159215 -0.0176165699893786 0.3474292215057
-0.048390053328396 0.308563077943381 -0.224868796008603 0.157909645665862
-0.294812580062106 0.131856234070835 -0.179989777567982 -0.126405858925903
-0.309337459509972 -0.0737999357241347 0.206487752999715 -0.0586403174468472
-0.0549681741805008 -0.165088173664034 0.436855904122048 0.130931104114664
-0.161370279205009 -0.121900245150615 0.267108058774366 0.316732858993391
-0.17041319733889 0.0375741368311089 0.35057965833396 0.311751385193549
-0.0233377013863273 0.133758487595889 0.387338513345368 0.0828085482648747
0.087890092725603 0.0799842319126529 0.303625226377343 -0.140039231269499
0.122641226422203 0.00147326881253892 0.130868596988783 -0.262053285305507
0.0891594896039379 -0.074085561892597 0.0505284236914885 -0.225118356714791
0.0573807966859926 -0.107581511038725 0.0732619271086338 -0.128820740264572
0.0620794450016173 -0.106387511764526 0.171826604080268 -0.0709406748261231
0.125622589353385 -0.0861252344307354 0.251921178183906 0.0565542681779177
0.177892756394329 0.0114304054739091 0.235964281779598 0.243526561824714
0.136420228963715 0.157093535193093 0.00446786433014499 0.355708463756166
-0.10160877189487 0.221538374077559 -0.205308102563431 0.171091653576712
-0.243488743199736 0.00670164777589092 -0.148753590181195 -0.104056718750119
-0.151690920617673 -0.146624259499544 0.260509422663951 -0.0015710439305844
-0.0107139321880974 0.14709368425698 -0.32205039338792 0.0521784643005213
0.133010219084074 0.0231506435636864 0.14971359604082 0.172365250445818
0.0789145503093804 -0.103138660757137 0.250725557428508 -0.210778796161498
-0.0771252681284237 -0.0774216055751718 -0.0324973147095143 -0.412277530064991
-0.0809351883959906 0.018331935079841 -0.348584449755036 -0.247757529188444
-0.0418892264018941 0.042680158744258 -0.332881201459737 0.0281855476175789
-0.0162933043463311 0.0527940864456679 -0.183725197027927 0.14365702290837
-0.00604551878329966 0.040358341333225 -0.0837686460262216 0.194844662529458
-0.0217829605398206 0.0262118980351164 -0.0287012515506913 0.249430515516946
-0.0342450879422535 -0.00813255757895878 -0.101422618273712 0.295069167371892
-0.014993063173536 -0.0211043636891413 -0.254636663540081 0.218361684534915
0.0144334365270477 -0.0409304449963965 -0.374034642245219 -0.0109128495801844
0.0934511689289849 0.0347909816651503 -0.400142850865689 -0.208553971654658
0.0289715630426769 0.140483555933638 -0.35990770365649 -0.30158987131341
-0.133440107687948 0.148574232446662 -0.487347412363605 -0.122153629759813
-0.179163634210861 0.147119948252638 -0.311813498072761 0.0155397141376083
0.0256239603332202 0.123782313560577 0.150819642103733 0.191894954441414
0.0738287359175683 0.0202650545906826 0.302540543888009 -0.191349184383579
0.0090814323818303 -0.0219760973201621 0.00505156717438489 -0.448082307154003
0.0138120673296246 0.0117417872869826 -0.341742381184142 -0.281999909560385
0.0264205786473877 -0.00942301356580717 -0.343955535776603 0.00769164995874233
0.0153297715168039 -0.0153022803701147 -0.196065120251931 0.14155960166254
0.021733746327597 -0.0283176218918515 -0.0852349798875074 0.194227562689236
0.0195657124972483 -0.0382733944455074 -0.0129124712844748 0.246834310850165
0.0590420491119882 -0.0552351121085276 -0.0615723948626574 0.304884767483016
0.0969338842929981 0.00521581080120906 -0.21018756750256 0.270169985186763
0.0735486039835671 0.0598882903317937 -0.357938879569353 0.0657430509073921
0.032859065413263 0.166219456957651 -0.409664411740223 -0.152152595125337
-0.134695360181856 0.215674420919818 -0.347989070391795 -0.260911266762891
-0.324107412925883 0.148456404834256 -0.41469181823032 -0.112203505725929
-0.335124710808477 0.104458292976455 -0.242174768915377 -0.0124072570522501
-0.12336552258668 0.198986305174626 0.173441154523818 0.223898144053711
0.0239967926347381 0.161903542149839 0.382277047584982 -0.139962682230214
0.0897885377616534 0.0709361677397023 0.0889930084404394 -0.467269401542664
0.121808307089875 0.0217718308600954 -0.291095185559835 -0.326947043412023
0.108300944197951 -0.0577733158065391 -0.326601742466844 -0.0409355612169987
0.052671007669783 -0.0840992778362666 -0.195013703730476 0.106457473619001
0.0453033243559989 -0.0938527637954439 -0.0767385939627035 0.165835829463298
0.0495337619634622 -0.0958934365593326 0.0165953239203968 0.215948072922193
0.127026258079391 -0.106423780953723 0.00726319265336905 0.288900548875149
0.194469824694039 -0.00187149043287158 -0.118916090383843 0.316811535486788
0.159892535744276 0.113782439603855 -0.302916880561503 0.179623239044421
0.0377682447197648 0.285674413338099 -0.409144973357066 -0.0518744997682165
-0.233398916767385 0.305212693672171 -0.339868135802648 -0.213363525568045
-0.456701320390856 0.162909439364057 -0.302457543955957 -0.10253645039367
-0.444077474213366 0.0281267693527467 -0.115283444106543 -0.0224170872093727
-0.282731318698024 0.220695602946515 0.21081083633782 0.256249097074187
-0.0711486889642085 0.282712691438381 0.459983552562384 -0.0514179617547133
0.137567566502541 0.185954780621151 0.207908940541878 -0.433462937661841
0.215541924286661 0.0532953326877452 -0.182815141536647 -0.356158425998772
0.18736169121172 -0.0879356247456546 -0.267902559324523 -0.109436304030316
0.090816740923348 -0.13984640567783 -0.172699049949713 0.0409556070596873
0.0628360854389987 -0.146900698398457 -0.057311891197687 0.112812829631949
0.0652275793972234 -0.138286830990752 0.0509261138893289 0.161072672310613
0.162994767983593 -0.147460326236579 0.0824700935730915 0.245110527376908
0.25928382673011 -0.0286872191313533 -0.00403186707774542 0.328969982120881
0.239364334318757 0.125414665817029 -0.209281140299586 0.276439860288752
0.0746443707198328 0.361501436351293 -0.374557882841249 0.0537551379707105
-0.271656772211311 0.365076691754153 -0.320406595613605 -0.170901472456464
-0.513156197732678 0.168320431593106 -0.166175030090354 -0.105923999382758
-0.473879650115939 -0.0597596608481945 0.0532033002562378 -0.00980520827250534
-0.397217093338691 0.172554472974232 0.254500854791843 0.280369056512953
-0.179814887767429 0.329416470626367 0.50030982949193 0.0606680766152693
0.129491377911002 0.277052196662167 0.322622646423676 -0.331354800956726
0.262927362825137 0.0931778870590348 -0.0336935435654047 -0.34690106892306
0.238827588592745 -0.0923835605930776 -0.170316024630921 -0.177177413532114
0.118926236966071 -0.170647545190521 -0.130078836073034 -0.0396404290172521
0.0699226684029063 -0.179752702373581 -0.0298032372028907 0.0440688269923036
0.0708352047766232 -0.162493867385682 0.0840549807729502 0.0906271029914119
0.173799358297844 -0.168399864494581 0.147267547795781 0.182128925914533
0.284230054980298 -0.0493145167582231 0.100990462763077 0.305399924218933
0.278409968276421 0.123155373837139 -0.10503981980873 0.329411423353397
0.0894988682185461 0.384141519130721 -0.314277512934673 0.129904118889264
-0.283368045241951 0.35859016919614 -0.287171081329228 -0.141750272218686
-0.502612181921027 0.137358237391649 -0.0262108180981926 -0.114622190350693
-0.408143069801644 -0.129843792487967 0.227156873564395 0.0211526449769722
-0.41606515083742 0.0728608207776252 0.291808154335642 0.295403017820766
-0.252198591104746 0.280009981985808 0.489373619049095 0.168823468471359
0.0773613449454972 0.297777798559231 0.39343376161415 -0.184120668394854
0.247205082486565 0.119697563599248 0.1186895078612 -0.293932973691923
0.244170704945471 -0.0717896552558177 -0.0535457598557122 -0.230763435972479
0.129323669539253 -0.168928105624534 -0.0741074766052226 -0.121510372379975
0.0704807284350972 -0.184052441983548 0.00111231216244981 -0.027136911340803
0.0697488462121652 -0.165664500422104 0.113601124503339 0.0197581887377872
0.171430626354098 -0.159809578085101 0.189582841599753 0.124761379282565
0.277074830291647 -0.0317158753848364 0.164316019300933 0.27730604449573
0.25903874503062 0.149290699859713 -0.0497995907884759 0.345184407962853
0.0316480160417583 0.36909416167496 -0.266032775364473 0.149872261837349
-0.313959737896986 0.260731893117013 -0.233222996685725 -0.145657302233831
-0.440842398757021 0.0247937669491077 0.107646576812239 -0.102424052216159
-0.25392370860431 -0.182888458228617 0.366930031663134 0.0831292094558311
-0.328465290334015 -0.0551378021006143 0.28992495347013 0.32143801456236
-0.256418743324111 0.156319854508197 0.426382673096079 0.273679704079372
0.00735973908310504 0.241442585121305 0.413444703586772 -0.0196425434253923
0.177210541378849 0.121977906751223 0.245795848890285 -0.20984450702282
0.203162784385835 -0.0308560819768597 0.0629839778750905 -0.258433955611536
0.123253542993211 -0.13145279879547 -0.00823505617775592 -0.189562730455168
0.0628886145225033 -0.159881769156429 0.0361827628842777 -0.0897422622868585
0.070409527463863 -0.14683810256695 0.14226571865376 -0.0383803063083814
0.155908942075353 -0.132317874658393 0.228302391220297 0.0740486743614058
0.239810166568042 -0.0182227205778441 0.221268054581699 0.246525641977864
0.216301132304212 0.151762208636244 0.00801314616773142 0.352106545638657
-0.0247057150868944 0.313937036173902 -0.219271076031392 0.174749543254708
-0.290853091319838 0.155998687751256 -0.19392087391925 -0.116390475407696
-0.321634721166452 -0.0531762851405817 0.202803557221293 -0.0733455925874247
-0.0686933324272684 -0.161672891219532 0.45076823754197 0.103945935865596
-0.172683982321705 -0.112158108633499 0.290143163742955 0.305965391887997
-0.169654798836152 0.0502107951854483 0.377856848695929 0.293909841469774
-0.0142642440869229 0.135557461617789 0.400748901310261 0.0592725023412842
0.0943753105923455 0.0739225225460952 0.300596807004249 -0.164876546557475
0.123106726404485 -0.00807555264497933 0.111660692726231 -0.275064260470253
0.0844487776396448 -0.0822783952370874 0.0317082912594053 -0.230244409141004
0.0479310262959904 -0.111686450093216 0.0637781565977463 -0.13448113974637
0.0545570457781354 -0.111752499996781 0.16811654315304 -0.0844071820633566
0.119833673344796 -0.0969140683751187 0.260038304683481 0.0399087379009898
0.180049428389701 -0.00211795381057324 0.260510601778354 0.230419145348987
0.149397202380212 0.148531060489987 0.0312239401916791 0.359448766200525
-0.0838832656477146 0.230330785697646 -0.198261947783181 0.186854694694249
-0.248007884857411 0.0250320708912208 -0.160238244958328 -0.095079850548773
-0.166570732979852 -0.136700187899763 0.261666404823354 -0.0211183495751735
-5.65827071316413E-05 0.146081337040252 -0.312985216551567 0.0743166300885786
0.131276408293533 0.0126981133754052 0.160376131527286 0.156763644400641
0.0697686928149538 -0.108515006036466 0.232415978816211 -0.226314520036416
-0.0814691732186463 -0.0695435422411517 -0.0582696665736113 -0.403494375946683
-0.0776171814224081 0.0248699873095787 -0.361553714982474 -0.216947680827489
-0.0371499492265672 0.0453399586568773 -0.324757777831262 0.0515625456493263
-0.011535838593052 0.0521334472723373 -0.169746807887661 0.150220055408801
-0.00176557755579717 0.0387689438044227 -0.0670331372253906 0.196018791794229
-0.0178535168712443 0.0262709419724764 -0.00817768641572871 0.245756496172282
-0.0323969992518921 -0.00468114263711362 -0.0752646541821255 0.297175334360319
-0.0156908855672224 -0.0190428700062738 -0.235392544420677 0.234043260966706
0.0106041019207187 -0.0393573561717395 -0.373589810194584 0.0148566091899447
0.093807899640156 0.0258401918883045 -0.409571917584362 -0.178207420930635
0.0382570639444218 0.135436100997421 -0.37361202789386 -0.276766992308022
-0.120074243106303 0.156153279721174 -0.487159116639994 -0.0901093296137245
-0.166126490767547 0.158507045378545 -0.305288337811391 0.0368717600476293
0.0337628185268895 0.11872370852109 0.162403573570864 0.175480315273091
0.0742781530864302 0.0129120043814509 0.28584232306696 -0.20981638197636
0.00615475635878962 -0.0212905103175652 -0.0245235131651989 -0.440619440924906
0.0149428622226028 0.0111602308532967 -0.357111750957398 -0.252125479432614
0.02533769254014 -0.0111470157208743 -0.336952057512583 0.0322387120148563
0.0143448655780952 -0.0168754030989454 -0.181377249789884 0.150894663469915
0.0195936849829811 -0.030057742273737 -0.0687374874976233 0.195490024362802
0.0177330769288015 -0.0391428997318354 0.00828029564966909 0.239974849007883
0.0545933762557294 -0.0583379869545522 -0.0348756940294851 0.303072542460802
0.0960158362140283 -0.00223803405027678 -0.187058282667799 0.281264659001502
0.0753071053394654 0.0547945712718832 -0.352537837856389 0.089282326931847
0.0437183864705447 0.159309158805213 -0.416329092682253 -0.121285731068288
-0.117780861954182 0.220550283962373 -0.359576734388469 -0.23773817543374
-0.309957464953407 0.169464185111196 -0.415534567657694 -0.0844541033813141
-0.322790436112833 0.127125142348982 -0.240707676945661 0.00484415918572637
-0.106768095984745 0.202146717032659 0.186359292001722 0.205569865862656
0.0356979828464618 0.156673763289083 0.369454085225063 -0.164930759614437
0.0930052284773779 0.0638634037245953 0.0564409936896778 -0.463773515472879
0.121151514042182 0.0124055062101384 -0.308929308776245 -0.299124448875679
0.101620803922467 -0.0647786345111298 -0.322535457855164 -0.0159845947398592
0.046347610141203 -0.0869776438797915 -0.182301915931437 0.116855573685181
0.0381713207110001 -0.0955318537037015 -0.0617992744162815 0.167502923588546
0.0430386284354489 -0.096615147194116 0.035675822850717 0.207932441608792
0.117184818925826 -0.113631695628155 0.0313039264225627 0.283102382909361
0.191091026178872 -0.0170335250172782 -0.0912957571510587 0.3212895326592
0.164045473439627 0.101686977314469 -0.28966349926233 0.196583843637683
0.0572953096048549 0.275734830909166 -0.409835509017238 -0.0224828726932086
-0.209065159408946 0.316048155130794 -0.349149536664254 -0.190086730671895
-0.439597023014635 0.192905169119922 -0.304705186697782 -0.0828616974002659
-0.435312559218718 0.0604139311949756 -0.118051979915343 -0.0145866416326754
-0.26109116328673 0.235245373659697 0.224664515332452 0.236922569781457
-0.0486072243088891 0.282605319412966 0.451280834207323 -0.0826852110512328
0.14768456589269 0.17274041366347 0.175373895970296 -0.438381291063686
0.214922260515374 0.0357576068638502 -0.203435824748181 -0.335594689465061
0.176294747427493 -0.100406941903489 -0.270851629989488 -0.0872853331847114
0.0786508841038445 -0.144041881070607 -0.165416425543065 0.0528145433898525
0.0501921558197968 -0.148752032054247 -0.0467649400951756 0.114330025000897
0.0560771804742006 -0.139143970924409 0.0649811602263835 0.151605159436632
0.149606233627631 -0.157697969849275 0.102605993110071 0.234148635968737
0.253029395853709 -0.048220371560089 0.0234774358382858 0.324439786270185
0.243567472783882 0.106900323573388 -0.188798132643469 0.285165460850606
0.0996262996128578 0.348104237962189 -0.368207071925783 0.0792406089592041
-0.241782901337484 0.377757060803511 -0.329056068399749 -0.148042335451268
-0.495983103574519 0.201821302475769 -0.172040541135358 -0.0936250097732675
-0.469804330062966 -0.0228974229808652 0.0486530321001178 -0.0141505609155964
-0.377209168512691 0.197384456657309 0.268603847798 0.257283165862643
-0.152418547856266 0.336276029363679 0.499585986863269 0.0265997666606769
0.146540186719644 0.262556781374808 0.294785071934107 -0.34547884675901
0.26500569447571 0.0714732304393534 -0.0554922773499836 -0.337429792771336
0.226298827917521 -0.108863428375098 -0.180063611287821 -0.161838226281547
0.104093559684156 -0.176194039349888 -0.13070177609488 -0.0288133273248274
0.0548784114240333 -0.180117614690535 -0.025054349765373 0.0458917944637703
0.0586701017245638 -0.163411664714629 0.0907704660464682 0.0802521937122285
0.158265536623186 -0.177859023760554 0.160875982425729 0.166899655778129
0.276108823745902 -0.0700318690143737 0.125946695010226 0.294470560772471
0.28167971009952 0.10071218794342 -0.0805262198341014 0.329398644979849
0.11688532922661 0.368932129547242 -0.303333864240197 0.149956023895471
-0.253634815873171 0.37371877716911 -0.294970527973015 -0.121522251628474
-0.487835162747972 0.17189361669849 -0.0353266864076274 -0.112085060406928
-0.409936332629776 -0.0978928781613765 0.223400817435686 0.00468524652324064
-0.402939662019544 0.0991598766124894 0.306081496855978 0.271473439263318
-0.22759913367086 0.293127754092893 0.496549284642797 0.133241031476897
0.0975133183386374 0.285953120129378 0.374825460327171 -0.206142288142148
0.251343662772059 0.0982546737727245 0.0987378291369857 -0.297645696613258
0.23338970984777 -0.0890143945152101 -0.0700160237387458 -0.222900751116779
0.113906191924093 -0.174529155040467 -0.0820310967918012 -0.112315150992123
0.054348554640441 -0.1841938730958 -0.000348977316433171 -0.0258784774724721
0.0572375542349999 -0.166086833695742 0.113867062616869 0.00972909172977201
0.154992548212655 -0.169453473206566 0.197951782784543 0.108563963112479
0.269936064836194 -0.0533094099880804 0.186016590278612 0.261375411625395
0.264292595766014 0.127014873803455 -0.0240548973913821 0.341590272562106
0.0585634845258607 0.358664759185281 -0.254940908854705 0.166068012019184
-0.289893246009057 0.279365032120678 -0.243512118433406 -0.127747647321176
-0.4352871194852 0.0558192516025239 0.0975369844281513 -0.108845669785399
-0.262742306738307 -0.161146088975938 0.364671255517343 0.0568820848061228
-0.326931857539398 -0.0313104112597992 0.305859786104061 0.298338162976662
-0.24058215998376 0.171986151447288 0.440307695615212 0.240658040856786
0.024621797530872 0.236038217485867 0.407366104277234 -0.044465352279016
0.182994552386713 0.105549714126672 0.230098240511644 -0.224600524011046
0.196706496004555 -0.045942579949234 0.0425581116052996 -0.25958356704953
0.110316727501798 -0.138091470636121 -0.0229128113207044 -0.183752763419744
0.0476050102327613 -0.159747712173267 0.0294156139027021 -0.0886438497858424
0.0575355054502937 -0.148129015164601 0.138249317198452 -0.0483429533402754
0.142191072555665 -0.14120255484341 0.231643632919743 0.0567849492759279
0.233592789764206 -0.0356101298233062 0.239980875182936 0.227256224752387
0.222729597750616 0.132753283418176 0.0334575553307465 0.345088122595023
0.000281813010913415 0.308672111123292 -0.206991823718673 0.18701353596266
-0.275086261545829 0.175631618630306 -0.202102402267608 -0.101366285899152
-0.322534692288609 -0.0293109502608701 0.192445869238658 -0.0870806530372899
-0.0791181736962555 -0.153115467691131 0.449754034799449 0.0731221028371094
-0.178134451320538 -0.0975971022898726 0.305324240555494 0.285497648450956
-0.162229801356006 0.0617062581150368 0.393433169116533 0.264588198330709
-0.00448892343257539 0.132809466816444 0.400980081284949 0.033593152499633
0.0981407221920963 0.0648045177878517 0.287179845622544 -0.185047124631715
0.119918517642119 -0.0176483128916527 0.0880182933740076 -0.278094146914969
0.075779120222897 -0.087377981525241 0.0126003407638027 -0.227341875485621
0.0362002261583998 -0.111987319361728 0.0526232416607482 -0.135435302464117
0.0440334787943723 -0.112438976278959 0.159313943266253 -0.095307468131964
0.108571571748348 -0.104139103322809 0.26043157175872 0.0214879534728319
0.176469379076429 -0.0152470332401892 0.275535649208027 0.208466976985534
0.157148877905759 0.133585202886197 0.0563144625377445 0.350178346494972
-0.0650264799099301 0.230983812122024 -0.184250724721575 0.197932297497752
-0.243016430714072 0.0446956757553545 -0.16749516904048 -0.0821955227240963
-0.17509447183354 -0.122330064158973 0.253972977044668 -0.0392250329917251
0.021047197920015 0.145940320350329 -0.291823349268504 0.102566889790144
0.127425769538013 -0.00467961339743159 0.170172538692485 0.125373387509703
0.0506961937775168 -0.115860720822204 0.187889190174654 -0.246254007695459
-0.086439929704486 -0.0566147108653146 -0.115557561356105 -0.374935859976379
-0.0694028162469938 0.0329038105825552 -0.376590904059188 -0.15229875866269
-0.0295916103218253 0.0483006951957256 -0.301804538502238 0.0936382357059179
-0.00519901693684008 0.0506713558745624 -0.143024112541064 0.166437785346281
0.00421825511633713 0.0359144951812495 -0.0350838100918275 0.19481234379535
-0.0111301804893978 0.0268236824038132 0.027872856751806 0.232840978254085
-0.0289816184042258 -0.000847964688489455 -0.0259756075754048 0.294250381636943
-0.0138650737089075 -0.0163911733903952 -0.194227959786193 0.256209106577932
0.0070541306635552 -0.0336135712469154 -0.363021608299889 0.0644095256914445
0.0923724962585817 0.0131751370610781 -0.415631538787273 -0.116605521435446
0.0524421607792572 0.126410527779191 -0.389913444474483 -0.210796892110148
-0.0889015077677131 0.170618842512721 -0.486643549044586 -0.0176093338482328
-0.139828247422937 0.182582782014907 -0.276522445569815 0.0620161592756543
0.0485459748404905 0.108828469856585 0.178123582086256 0.138793800623004
0.0719648207744481 -0.00141779677461511 0.242893304395488 -0.243989024250505
0.00277417007115157 -0.0220221728300311 -0.0902876858370187 -0.417237498799876
0.0163799624890191 0.00747841535039981 -0.378505331771591 -0.187518104185556
0.0228114069870552 -0.0133269159571877 -0.318347658952827 0.0773381356817299
0.0109320450136178 -0.0177173005771454 -0.154924227365174 0.167929337293189
0.015330179190649 -0.0315045648731412 -0.0356630312125834 0.193736646647272
0.013717182565812 -0.0405280561060477 0.0426660718244724 0.224063001117479
0.0447467691829445 -0.0643813662917747 0.0135347665502358 0.290985951458932
0.0938431231113997 -0.0176867837464684 -0.139051033013843 0.292714218360715
0.080985163843094 0.0458778967746296 -0.328418295033429 0.132108316825911
0.0654518110513123 0.146431844252066 -0.412152517080317 -0.0575427825716277
-0.0812486040670532 0.226559160799554 -0.375524335243038 -0.167309745908091
-0.264961715392041 0.209294177072299 -0.422464646553745 -0.0212092669795989
-0.298086084415826 0.175948629593845 -0.205636647753497 0.0218489552415355
-0.0745450650168637 0.206109520221984 0.210393006781136 0.161892211948324
0.0553465870391275 0.140415674203692 0.33250523031132 -0.218753606162703
0.0954112876614404 0.0476680803882664 -0.0183062548856467 -0.455320927131564
0.117549742500005 -0.0063610194294779 -0.343538161429603 -0.2428197893176
0.0873542702107171 -0.0741913844054223 -0.315465664225637 0.0282168929783345
0.0318415012379097 -0.0874200570746274 -0.161650913520278 0.134409119935211
0.0235495118312624 -0.0962593739401038 -0.0337844225697135 0.166038590800134
0.0289941881922648 -0.0985305143010377 0.0638039137537305 0.188127732139659
0.0946075642291705 -0.125323692711378 0.0747038430337887 0.259303003189946
0.180574351636434 -0.0470267735427578 -0.0407641426819883 0.314759316713575
0.171828061517318 0.0762398081589574 -0.250157635956975 0.225520733296924
0.096988487348398 0.25381628731323 -0.390464091327365 0.0384360968578278
-0.152500291840439 0.327734190106458 -0.361146592545718 -0.117185754621359
-0.383525076480669 0.24857508941732 -0.318900486497505 -0.0348189832900285
-0.417821406847758 0.126643805455499 -0.0803288102611684 -0.010351031537024
-0.217972660594081 0.257604306440668 0.255658940394064 0.185484349103683
-0.00655609733334831 0.272940125382714 0.429331272081307 -0.156482214007541
0.161183759654727 0.144533438523517 0.100112054869741 -0.453492795453546
0.210086797922122 0.00341237180067771 -0.249987464172599 -0.296886022114279
0.153139116547764 -0.118359541949203 -0.278127954329167 -0.0480477390082409
0.0551068734342322 -0.145551772697753 -0.156000192018035 0.070697233166016
0.0273637171033439 -0.147741931381341 -0.0271590425497246 0.113650839088463
0.0353277339351309 -0.140022154028045 0.082770082631529 0.129702340190174
0.118348761985286 -0.17040490064753 0.134625784064113 0.20119926113554
0.233248776554016 -0.0858522361373171 0.0702192260864168 0.300897664253214
0.246342686368809 0.0684637685819893 -0.138718578435935 0.295661685956663
0.148966600297167 0.314045958383188 -0.335146440729993 0.130112572768949
-0.174541394196203 0.391016707991382 -0.336484697666295 -0.0754311300776644
-0.435834512284436 0.263985257003047 -0.195288463988213 -0.0623737187085268
-0.464050623163562 0.0478401896529428 0.0829556333261861 -0.0258638002285891
-0.333978645696776 0.236134888663964 0.3045437691209 0.201721810341812
-0.0982496709260078 0.338909778678963 0.496072263955505 -0.0602589836777503
0.171804700906409 0.23012166839606 0.231511518057405 -0.386148210289991
0.2625111507052 0.0312949864401603 -0.109690994848575 -0.324388264815715
0.199201395163866 -0.133366543315525 -0.203853825138258 -0.134231485587397
0.0742861449506885 -0.18020879330414 -0.135163461253055 -0.0135819151003012
0.0270019617146789 -0.177140197694054 -0.0166688575523154 0.0456335582013355
0.0342524583383249 -0.163372365413269 0.0973154325683642 0.058292786396621
0.123363677749986 -0.190820837410648 0.179441864111396 0.128398782640855
0.25036458572925 -0.109126518268599 0.164077792673015 0.256663053923665
0.280415206594319 0.0553761188132125 -0.0269817809889314 0.322270849707809
0.168300036396945 0.329943382531919 -0.262203985358013 0.189259167203644
-0.184622363989594 0.388238486265994 -0.302487121773662 -0.053005106565127
-0.433897256702563 0.2338633962577 -0.0660238631047504 -0.0988793478956596
-0.415819957705046 -0.0346612037447117 0.249354404868289 -0.0236326071277195
-0.371161573311499 0.145265778733945 0.343602666462943 0.214056147429098
-0.17547301199284 0.307949249746037 0.509904766625905 0.0476211965506094
0.128237646289439 0.258599934740951 0.332184070112183 -0.263995268963404
0.252631253535877 0.0589683733450604 0.046121322059759 -0.309535735689659
0.208516858422032 -0.116082195844488 -0.107016514047386 -0.208643515205445
0.0834590423509055 -0.180848955683559 -0.10057739105656 -0.101201430334752
0.0258258240706775 -0.180301642552069 -0.00362319916753983 -0.0258936210418337
0.0322521227866429 -0.166157420867724 0.109086959107137 -0.0114180792228605
0.121409654371021 -0.181875459782265 0.206447372677657 0.0681623658969136
0.246624698355764 -0.0917611999253674 0.218039005181377 0.217484604822802
0.267620320982824 0.0817020728760768 0.0299735012908878 0.326977602171337
0.113668128185947 0.327937481974332 -0.214424876402192 0.199752644298753
-0.231603695661202 0.305091768399728 -0.257286316939331 -0.0685968173883724
-0.400402523697827 0.116495623891792 0.0637070394491074 -0.117805894975241
-0.279336623016515 -0.118093517448612 0.381878285355963 0.0150375254396096
-0.315765241372853 0.0115837441706939 0.344704941658671 0.245621453792563
-0.203371572092243 0.195186230498619 0.47129329837736 0.165086423405471
0.0533679746235142 0.220421409639862 0.389351796641838 -0.111995738646821
0.188666177470867 0.0759364576294331 0.185616289775751 -0.25857857612946
0.179609997891548 -0.0713897711993457 -0.00283576905462959 -0.259678353522783
0.0850634428045755 -0.145745760789466 -0.0530234505144534 -0.178028672204331
0.0221384855626061 -0.156436308876165 0.0159061407245536 -0.0890256919084535
0.0340257018945618 -0.147959376306756 0.124393967714518 -0.0693697778110604
0.111836501302679 -0.153196101093133 0.231322744328289 0.0148353377595871
0.21409751631441 -0.0703366872246261 0.264315462230427 0.178648558671612
0.229048603773803 0.0914664007047133 0.0863673662241352 0.322459465917627
0.0493346741998207 0.289902572687545 -0.167300027825316 0.214073608942193
-0.232305763633063 0.206317424685951 -0.215927839604571 -0.0524398194211307
-0.307452205081704 0.020338070701801 0.161579954536336 -0.11227201537751
-0.0978341810853499 -0.139151171955023 0.450644898668133 0.0220836597397794
-0.181508598058199 -0.0697988959449697 0.337558108964967 0.236154114324407
-0.143574064334154 0.0794081343506 0.425721148204855 0.197992490660872
0.0130749090113767 0.125709200413917 0.395383349647656 -0.0322295283446307
0.102828779351062 0.0486738637382857 0.248801940863385 -0.226565010466432
0.109922931911428 -0.0353520472828417 0.0409995275015614 -0.282759342629328
0.0586705678350824 -0.093457653087422 -0.0234096610032785 -0.22317125936732
0.0177153359680913 -0.109483207773981 0.030812086156028 -0.136249261580663
0.0244449021772927 -0.112929184561664 0.137883161299645 -0.115084812810544
0.0847563946204468 -0.114023587264241 0.253401877746462 -0.0209736227070416
0.162893379796859 -0.0422638312550432 0.294925440505422 0.157056719632477
0.168282486062459 0.100398548821939 0.10860740878631 0.326494334580179
-0.023577279240124 0.227094005332085 -0.147130119196111 0.22187979237258
-0.220487489141595 0.0794596133047129 -0.182190883736516 -0.0447916079690699
-0.183425979862718 -0.0890478079005823 0.232146099811514 -0.0775854752102859
0.0223414950298448 0.141516729661705 -0.28038170255356 0.102612116137368
0.122515772604982 -0.00535541854998267 0.164723305653865 0.119011218790837
0.0463895841159886 -0.113534554234348 0.179714416442739 -0.240108080877795
-0.0847120999964136 -0.0528042554192098 -0.113003495057104 -0.363425747819765
-0.0656594432433269 0.0332659981462908 -0.365504528904131 -0.142886182496365
-0.0264216066788888 0.0467433418666454 -0.290641959103882 0.0932379289342927
-0.00368897772439292 0.048537909287276 -0.138076766540626 0.159626924617389
0.00496300002944956 0.033708315899011 -0.0316538754132835 0.186381621747863
-0.00869331119230941 0.0246478818384681 0.030991974936817 0.222014469782881
-0.0270878542650855 -0.000436618508940098 -0.019092875339079 0.282655833518891
-0.0128493690543505 -0.0150781795445336 -0.185326367307206 0.25094427156006
0.00677497805175565 -0.0305726629826438 -0.354611307967584 0.0667073280012628
0.0884672176897049 0.01043426554718 -0.402859090931267 -0.10919872029421
0.052001418133629 0.1210091367774 -0.378004562327914 -0.205150910654694
-0.0842829155563107 0.16669369459123 -0.471164702870447 -0.0148862341627848
-0.133423226860122 0.179155205328084 -0.26779071290498 0.0637105462443544
0.0473019841740365 0.10361595341137 0.172180865878983 0.13180570854133
0.0686881046039778 -0.00316833444865326 0.232759122825523 -0.238915568462647
0.00148611874714775 -0.0214275518127924 -0.0890104009416118 -0.402989239265558
0.0166024743951974 0.00752220825706776 -0.368430983374071 -0.176147916655409
0.0221772258838821 -0.0127132581641065 -0.307260697740875 0.0769151041961888
0.0100645196775524 -0.0172695098472175 -0.148128564170653 0.160852237296635
0.014877733788514 -0.0319312682013246 -0.0317987931481003 0.186335759839138
0.0146403541352111 -0.0397273629369955 0.0449401692590398 0.212849384953527
0.0430621654109766 -0.0629762537181246 0.0196466177331731 0.279778887438098
0.0908396610853477 -0.0188364010887799 -0.130077714862159 0.285006561429165
0.0787177159342819 0.0446050642700626 -0.320672205343132 0.132155347006976
0.0634595608893576 0.139455296746846 -0.400818368644243 -0.0517570203983023
-0.076601219065365 0.220090109289454 -0.365922634637617 -0.162775228623822
-0.255118784464647 0.206104808646705 -0.409597321992052 -0.0199173632847983
-0.286501339292039 0.174743798764608 -0.200644135686925 0.0236195344743297
-0.0698689751393568 0.199032409706738 0.203093624069649 0.153731085702221
0.0550711711759368 0.134028286150354 0.321353236557034 -0.215382436535488
0.0912743614646117 0.0445730243265536 -0.0191055234012216 -0.439554716819616
0.11316650113551 -0.00707107092502561 -0.333982506367941 -0.230401612430033
0.0832714815060066 -0.0722865653413585 -0.303960985543049 0.0302021535863008
0.0295558160812942 -0.084833590355688 -0.154325223668373 0.129989678068323
0.0212475370421636 -0.0930313839125428 -0.0285526274430687 0.159357405493166
0.0287854259323082 -0.0958303641500607 0.0650952830135468 0.177464400992923
0.0897788709863689 -0.122490221950437 0.0781300315002251 0.248504711730426
0.174189628698142 -0.0484794173026826 -0.0331069232441489 0.30512364612631
0.165771631244897 0.0733278190589295 -0.243100215225906 0.221011311925179
0.095118937257498 0.242983656838871 -0.380048118809513 0.0402942364912781
-0.144358174254821 0.319126361650772 -0.3518963368585 -0.113893629134122
-0.370207531542951 0.244483747181791 -0.311014356106363 -0.031749057790155
-0.402566767047564 0.126558995160164 -0.0803728894827472 -0.0082337533822369
-0.207976965925766 0.249117073111565 0.247246829705127 0.176065714806772
-0.00298082122797405 0.26267690999747 0.416090302322755 -0.155297249502995
0.157510514782767 0.137376475523061 0.0962265475462157 -0.438715656944265
0.202706274658936 0.000464940800878645 -0.24367271987162 -0.284762751713401
0.145495969912893 -0.116334190986897 -0.269712152879926 -0.0446801479385736
0.0514882634488696 -0.141374166041127 -0.149807959992913 0.0694462613183035
0.0247836382598974 -0.141736831302018 -0.0231240200564141 0.109279958336352
0.0339260940610502 -0.135849480918611 0.0823074381186376 0.121276392264082
0.112377010990204 -0.166181629340888 0.135319011492399 0.191277114985723
0.224163776345708 -0.0880224733617874 0.0742524420247254 0.290685880065519
0.237830659269878 0.0640602587569052 -0.133786413733723 0.286325755789054
0.147520317323678 0.300788299401026 -0.32596217240961 0.129130835833539
-0.165388295631535 0.379626925948158 -0.329464366831089 -0.0714020840514527
-0.421169608124344 0.261408893161017 -0.19079369427357 -0.0593402536250397
-0.447414031361584 0.0513571250627822 0.0772054708743315 -0.0246691355390073
-0.320617575422132 0.230462561611412 0.294813515631 0.1920487256136
-0.0904444184227862 0.327519217438878 0.481208886237897 -0.0623074746005883
0.16821468830977 0.220374624629171 0.223626056118458 -0.373154812214238
0.253502025490912 0.0259305110126917 -0.106061960754682 -0.312854595946619
0.189833844119204 -0.131750686768072 -0.199718325381797 -0.12738707264721
0.0685898141708982 -0.17440626830668 -0.130572474583973 -0.0111078964242655
0.0238285236823325 -0.170413237101226 -0.0143080038474824 0.0440126430057584
0.0329628927796251 -0.157932356056994 0.0959672943864055 0.0527658758966887
0.116860855006235 -0.185631770430843 0.177839504159891 0.12039163407658
0.240079492547433 -0.110134562783669 0.165344026173806 0.245754169480047
0.270665743413794 0.0509313692384267 -0.0244871072451922 0.311389552557505
0.166201077598105 0.315027744352217 -0.255450411318989 0.185857638939461
-0.174860065564014 0.377566313895467 -0.296404525565792 -0.0508003745320058
-0.419102658632577 0.232049278231115 -0.0666348650304889 -0.0952507029983809
-0.401883242966261 -0.0292525017524967 0.238432224375658 -0.0244368003429947
-0.357259800120511 0.142863289009237 0.331423990459279 0.204286945249747
-0.165584207517313 0.298321474448496 0.496247850452019 0.0408623519052278
0.126436559220407 0.247547840828697 0.322879411547761 -0.255186737406743
0.244590113323719 0.053067663230405 0.0443887263601422 -0.300204501989218
0.198569880374273 -0.115282491772065 -0.107288261046138 -0.200427988545414
0.0777706797307679 -0.175061960375287 -0.0985425091912843 -0.095328351888487
0.0222559787233844 -0.17260971932217 -0.00280201221586435 -0.0246999360733227
0.0299783227668343 -0.159503203599734 0.10550152899638 -0.0139261827767712
0.115051100078461 -0.177206121272226 0.20276615854215 0.0627113252086067
0.237733773296756 -0.0931358875532518 0.217832198236625 0.207209961021238
0.259730982422738 0.0747635182170042 0.0315281781431935 0.315529513293562
0.113850108386072 0.313931958340803 -0.208919934355167 0.195548205511067
-0.221058344085832 0.298911772765753 -0.252585118114088 -0.0649643336826197
-0.387983806371263 0.118505543912862 0.0587263056932399 -0.114515110775614
-0.272044560956748 -0.111884339865491 0.367410989935377 0.012478808366663
-0.305228297784728 0.0150932619298286 0.334274724632561 0.23660288305937
-0.193770125842431 0.189848937693315 0.458829957345548 0.15494595089073
0.0535978129388639 0.211701270494346 0.37937059747127 -0.108105894316945
0.183071092116258 0.0694772533401 0.180335098897513 -0.2539043280739
0.17180109292615 -0.0707716667050494 -0.00716215645489795 -0.250511353075172
0.0791078768814093 -0.141472184713121 -0.054362261682517 -0.17010232198262
0.0185847294392155 -0.14903374061249 0.0148888025417987 -0.0856773737980496
0.0310682244258944 -0.142302152090794 0.119083428203269 -0.0691248248708488
0.105577163666943 -0.148784486783454 0.225790619630095 0.0111147037814063
0.206013266761027 -0.0711661070270992 0.261471698128103 0.16835144459607
0.221156470237803 0.0843419932588029 0.0861995377273266 0.310983352904522
0.0514362730068048 0.277123131192471 -0.163191100704259 0.208825720669432
-0.222513384543591 0.202414494677251 -0.211952712483743 -0.0486087371663267
-0.298609879526048 0.0238382340555261 0.153832023579353 -0.110260164768413
-0.0959366502850657 -0.133134057628048 0.435253920959665 0.0194441372530353
-0.177408239394024 -0.0649503897459284 0.328409158914352 0.229298213197536
-0.137238294881611 0.0781196220578559 0.414401880988593 0.18877271660107
0.013897643713062 0.120350041519769 0.385930243398255 -0.033036477949674
0.0988196987641659 0.0447212726183348 0.240337892674137 -0.223764979221003
0.105213914320376 -0.0368452541908005 0.0352594140730377 -0.273191617008686
0.0539102309361859 -0.0909135902125375 -0.0270950477576124 -0.213635783458362
0.0144913153816587 -0.10434655665445 0.0291127371917279 -0.131374529795999
0.0215339337985519 -0.10855677642371 0.131663618722239 -0.113046762905684
0.0796512685837086 -0.110784606140273 0.246346174576268 -0.023786264376668
0.156832484690989 -0.0430669100239542 0.289764490881758 0.148336905071455
0.162279935139684 0.0937550606237013 0.10828307719731 0.314113262222642
-0.0192119689401795 0.217698452241005 -0.14289106242331 0.216402315090719
-0.212059518523062 0.0804207337153034 -0.178572479064076 -0.0407740801399117
-0.178197268982187 -0.0825591955321804 0.221601998073765 -0.077929427689968
0.0215073515226125 0.142185409464529 -0.280254146661714 0.0984968137252431
0.121512274743536 -0.0035554636113377 0.160973292051636 0.120741041483633
0.0457560887984334 -0.112896255945286 0.182464782949535 -0.236609535048036
-0.0840835008275156 -0.0528623579759548 -0.10605738649562 -0.365982028593594
-0.0639881365227078 0.0332830503758626 -0.363659578814595 -0.14557874342609
-0.0260812294136141 0.0454579795160313 -0.290994176132976 0.0884280695661207
-0.00389048938431793 0.0478970854453045 -0.140690171406893 0.152685795688096
0.00511828465569505 0.032119069374103 -0.0335741750537753 0.182911782845175
-0.00795960278357131 0.0229762523792157 0.0282508812913361 0.218740891786695
-0.0257200210952139 -0.000905841622333189 -0.0206271901010066 0.279919203454044
-0.0122272655758135 -0.015164125066608 -0.18785936562221 0.247380059056656
0.00730868761452718 -0.0293733262920811 -0.357720915901709 0.062594622583531
0.0861955599351545 0.0102193977655566 -0.398986607872846 -0.115276980293061
0.050081463797201 0.11997838528012 -0.373854054372844 -0.214288157906571
-0.0849417041590711 0.164607658134425 -0.468986867260934 -0.0243233622830656
-0.13447505569235 0.177299293753647 -0.267998429593352 0.0603158308377384
0.045328488916921 0.10358243933986 0.168039437977838 0.133104998891575
0.0670109322823178 -0.00347260106045055 0.236570046701628 -0.23412670953116
0.000353088156995822 -0.020773411470526 -0.0812623006930791 -0.404045741737679
0.0166732404788292 0.00816563725422306 -0.364795085801731 -0.180075305571399
0.0228454301686322 -0.0126811453653999 -0.30628170710244 0.0719965451867074
0.0102101118119519 -0.0170840859062233 -0.149563253020956 0.154637353426697
0.0151237044144196 -0.0319024217232341 -0.0325720824853925 0.18230624577474
0.0164034116901808 -0.0402604359791819 0.0431778055064476 0.208986308579969
0.044151473473436 -0.0622221500452576 0.0186854164408274 0.277101188785484
0.0911775238190179 -0.0178414290322232 -0.131995505151724 0.28290382268962
0.0778615711120846 0.0469670471355331 -0.324732582595755 0.126901124851712
0.0604027400271997 0.138266769824258 -0.399259983700168 -0.058050954288497
-0.079362707335122 0.21712487754977 -0.36135289394993 -0.172731388194927
-0.256341277712475 0.201081533356997 -0.408303486037919 -0.0281152213982944
-0.286277645402152 0.170228021382413 -0.201968220647395 0.0218761943305161
-0.0720364252384383 0.19535060675103 0.197354869401815 0.155500364211297
0.0523285579411192 0.132357369355183 0.324309483190904 -0.209724887617232
0.0890890710588408 0.0453419264214299 -0.0105029274857441 -0.437753115391954
0.112649460745663 -0.00551724341987262 -0.328440521154793 -0.233322681353515
0.0831834864447785 -0.0711727277013166 -0.302370871973134 0.0265747724711297
0.0302740894284807 -0.0836103315092307 -0.154830882009693 0.125549247245932
0.022870563183235 -0.0929222300987415 -0.0291683396019997 0.156341741135831
0.0315113105499765 -0.0952738684929707 0.0631564451738088 0.174570905729433
0.0908728481030096 -0.121509705523711 0.0782642269747649 0.246214028856389
0.173503998879199 -0.0480317238099231 -0.0344628616672853 0.304197702143477
0.16397978724285 0.0758825753879327 -0.247969429436509 0.216997675723191
0.0901811563637057 0.241653106457706 -0.381400924706418 0.0344187839510701
-0.14834063872778 0.314538891797248 -0.350328655548047 -0.121600227426594
-0.372680496506854 0.237905284397132 -0.30978941805481 -0.0378749716099052
-0.401973504694163 0.122390673156709 -0.0822562178713274 -0.00779888551372933
-0.21078596947231 0.244382328253332 0.240138194815887 0.179525669188545
-0.00678457054179113 0.25896724615351 0.418185944219258 -0.148948333845796
0.153538092124903 0.137615222131789 0.104463781761021 -0.433711127375958
0.200814696090686 0.0020144146088066 -0.237245881182626 -0.286626598362856
0.145474605185549 -0.113727677997215 -0.267778051838678 -0.047385970618858
0.0524041464140357 -0.139163470195698 -0.148963500383452 0.066145332781418
0.0258074744703537 -0.14054213530741 -0.0230681942808325 0.107658863403287
0.0374794292610137 -0.134357360974102 0.0815709955318252 0.118766188745318
0.113282509898804 -0.164775093702451 0.135307002633382 0.189808533979784
0.22415958799677 -0.0865033110040643 0.0750237723804568 0.290064059559886
0.23526734128643 0.0668736071184054 -0.139500538347594 0.284206833659629
0.141623520788645 0.299156836615723 -0.33002685974829 0.124105447812818
-0.168731644380115 0.376362814493162 -0.329981503753393 -0.0790936876756467
-0.42446939404172 0.25495913173681 -0.19052549111465 -0.0624033401968511
-0.446137635189321 0.0450034263558652 0.0744586513697983 -0.0219678147344421
-0.321815104887851 0.223438845806218 0.287070495740792 0.196900587752293
-0.0941525413436301 0.322691913328518 0.481614474056166 -0.0552875062700311
0.16413332649068 0.220071877108408 0.231826774901934 -0.366150457044871
0.250694380836681 0.0276981454272274 -0.0997324789558317 -0.313127173054205
0.188982885839228 -0.129311347750651 -0.197517945607965 -0.129124251613282
0.0701594303589843 -0.172075409236577 -0.129420415706687 -0.0118488483731964
0.0247678422789206 -0.167695000859124 -0.0136073012351901 0.0424920501299076
0.0352736858006894 -0.155461999753964 0.0951984120339985 0.0515052916741846
0.117651237897221 -0.183522960950856 0.17800324665849 0.119604384070191
0.240278209811158 -0.108489397637953 0.166183745581271 0.245684364378292
0.267746310449611 0.0536773906252295 -0.0301301493876057 0.309602947626606
0.161758835233631 0.313343150410528 -0.261948424920467 0.182179329558944
-0.179061765629165 0.374655104522057 -0.297226352491248 -0.0558594346644172
-0.42164390031681 0.226008513338784 -0.0662953676927662 -0.0962246694729094
-0.399370975753881 -0.0351145880952521 0.235426205836731 -0.0190222479613326
-0.358506604018169 0.137074582633277 0.323874194568107 0.209420775284289
-0.167992424611749 0.293306987890775 0.495365633759772 0.0492994388188695
0.122372936785485 0.247771380949269 0.32966263417894 -0.247860663178834
0.241591758026206 0.0542518574425153 0.0500619929657988 -0.300478327897247
0.1984805238056 -0.11296953900074 -0.104933942589985 -0.200790553792681
0.0777236665071584 -0.172346286804844 -0.0978105630816603 -0.0947552863985556
0.0229186969039547 -0.169684415853166 -0.000797409903136037 -0.0250828152051066
0.0320653365423135 -0.157618064294111 0.105573008787705 -0.0144972243739502
0.115587857187806 -0.174255963485352 0.203512244203937 0.0632220200933145
0.236606857585937 -0.0910918473723645 0.217683375665097 0.207550570745731
0.255127295727718 0.0768185906660896 0.0266584102770909 0.31382053390126
0.109085052690129 0.310655424410109 -0.214867966829905 0.192278830717601
-0.223470028778994 0.296896182782134 -0.253721945614388 -0.0686062900203928
-0.389436664613598 0.113502235760359 0.0583728150594158 -0.113289891055783
-0.268689140086838 -0.115699687235104 0.364354685957143 0.0192402759645482
-0.304960759466844 0.010481048700071 0.325745082477941 0.242835359008437
-0.194752639482163 0.184827280499155 0.456904822457912 0.1620624270207
0.0501475277104761 0.21001540343121 0.384190343895947 -0.100712719004658
0.181102839668365 0.0699730274824305 0.185113124935055 -0.251859265794427
0.171817407943039 -0.0692187128284078 -0.005680566460883 -0.249276649360979
0.0792237932724348 -0.139707870662693 -0.0533792297232241 -0.168229775574679
0.0197681782144878 -0.14603211355664 0.0170936790222386 -0.0860451447541948
0.0324511902510677 -0.140230847128115 0.120286757151538 -0.068366038136009
0.105461227909167 -0.146383365916248 0.227086473151657 0.013723704613529
0.205816259281188 -0.0682728113664984 0.261676185743352 0.170313805025509
0.217737862448188 0.086318363657107 0.0820799098938361 0.310914366872572
0.0481160287748936 0.273459393648644 -0.167943520204219 0.20623656986965
-0.223919781822158 0.200175386581178 -0.212923466418629 -0.0507095830319039
-0.297406265260789 0.0220768637448148 0.152674561668888 -0.108068609558877
-0.0942169898057418 -0.134129304632382 0.431972366340091 0.026858896649688
-0.175978102515299 -0.0659124375518528 0.322020486308041 0.235700549763457
-0.136970826373551 0.0753395696140512 0.411236958141499 0.194897695325891
0.0116190338662895 0.11904526381167 0.388557712502826 -0.0256511032366308
0.0974913530112065 0.0449764431918343 0.244096957572514 -0.222526633258713
0.105338385836795 -0.0366561247184288 0.0375290021355851 -0.270958156142741
0.0538595193642678 -0.0894224869482708 -0.0257048502050017 -0.211587474628365
0.0144148071127303 -0.10151391732917 0.0309979013032934 -0.130015340735499
0.0215615679158399 -0.107120204384821 0.13254636920657 -0.111111929063541
0.0790701672953922 -0.108754172161931 0.247316635060536 -0.0205040082738972
0.156528826495589 -0.0416210654771154 0.28925672935249 0.14976615159485
0.159644887073023 0.0944960415136318 0.103729574258296 0.314882582141583
-0.0210543724508996 0.215090338155816 -0.147414277368948 0.213251963192289
-0.211317876294333 0.0790686387915168 -0.179235122765222 -0.0422549991755193
-0.176007687865484 -0.0834504166561952 0.220394268260087 -0.0747253191837833
0.0208672396595886 0.147945262163487 -0.292151804317898 0.0996481318798001
0.125036668555891 -0.00196769407036225 0.163022148687021 0.128089893526842
0.0473339947526807 -0.116259033795364 0.192414339718775 -0.242070440672948
-0.0870185856133662 -0.0539438196495217 -0.10353991205393 -0.382199905171531
-0.0650636388172869 0.0341716935919833 -0.374528245339294 -0.153393066644717
-0.0269287205899225 0.0457245413178264 -0.303257180176087 0.0877445977544766
-0.00415711902789883 0.0490835603225197 -0.149972661569999 0.153433111078967
0.00494372717697922 0.0320157368752884 -0.0369225523727692 0.186110383485722
-0.00714503684242909 0.0222935613062719 0.0266370389397354 0.223580246030808
-0.0257519055341848 -0.00119626590637846 -0.0219490621972851 0.287831988699514
-0.0113596541190246 -0.0161419985141423 -0.19847465613645 0.253797200363301
0.00787215329970642 -0.0283806035661502 -0.373325363696931 0.0604718598165033
0.0875747814864595 0.010922345849879 -0.411388233285465 -0.125128807119085
0.0508461017971404 0.122937418995259 -0.384344385444957 -0.230689112786027
-0.089577253768611 0.169345294014204 -0.484265285617974 -0.034917584378059
-0.140474406919999 0.182568350688311 -0.279533116703291 0.0599031474916906
0.0449245180005672 0.107293966845274 0.169068404673466 0.14094302109301
0.0676880253857685 -0.0041440622462671 0.248948926664609 -0.238632508852708
-0.000755601059144561 -0.0201881838138249 -0.0755043772947694 -0.420009406640725
0.0178572598982704 0.00960210449547956 -0.374603043128697 -0.189276794099666
0.0240531414892113 -0.0137921278424252 -0.317821038247932 0.0707240515646874
0.010989577363801 -0.0176419085670465 -0.158115469736546 0.155081917217834
0.016501358066528 -0.0331883975734876 -0.0352967505523566 0.185957804179453
0.018683776844889 -0.0421391782764047 0.0427951245860804 0.21359560003974
0.0466654443493744 -0.0642660938779887 0.0190748687735713 0.284221076395796
0.0941148673995186 -0.018748867027087 -0.139122326901622 0.291187802729106
0.0796265354840962 0.0509044596585856 -0.340340666971167 0.127879848038736
0.059103841497819 0.143015585549495 -0.413775870650737 -0.0670165935724402
-0.0855553868469583 0.222025871634293 -0.372639148422357 -0.187415092266866
-0.268153843736762 0.204740589277524 -0.422317170238142 -0.0369303381433682
-0.298574411416516 0.173403845323943 -0.211283474423901 0.0212989484508158
-0.0773908992463288 0.200764282762339 0.198987515794589 0.164138768259596
0.0514459932135172 0.135676897844747 0.339936893227166 -0.212302085063308
0.0898511284047723 0.0482431455760981 -0.00206580754809989 -0.453420015431646
0.116687639537477 -0.00423823812368585 -0.335859796365405 -0.245265551689611
0.0873818372103159 -0.0729741778739012 -0.313488050565903 0.0233495421138021
0.0319522752749488 -0.0861719530819239 -0.161498847718059 0.125756172961007
0.0242382152122149 -0.0956740023581234 -0.0309146892877418 0.159452867307937
0.0358947125640095 -0.0986786824984018 0.0642943960740838 0.177198040352666
0.0960409427411678 -0.124989215551182 0.0808232134950796 0.252355878424078
0.180607752088827 -0.0492026238267704 -0.0363329551171442 0.314027675360889
0.168569728681524 0.080692709195859 -0.262738101333034 0.221568621577661
0.0890256840747632 0.250216759781541 -0.397850981439337 0.0299287958326483
-0.157509059925315 0.323558622958535 -0.362494109129844 -0.134128674203759
-0.389904447728929 0.241357836253048 -0.321189211447181 -0.0447412960217768
-0.416663034359286 0.121525956837105 -0.087950225675696 -0.006606586558481
-0.221144059104752 0.249007583672297 0.241860994311299 0.189106335095062
-0.0108512016333008 0.26544434218498 0.435885462439167 -0.14735472841672
0.155518245055348 0.14406124338277 0.117475571987338 -0.446720055976861
0.207783405452649 0.0038586127210185 -0.240231304728188 -0.299295280160842
0.151029031831314 -0.116455637991036 -0.27645564456763 -0.0513715441599736
0.0551878344416155 -0.143037639954733 -0.154997892597258 0.0658493295530764
0.0277630664611348 -0.144201418909684 -0.0234292210952511 0.108726728189584
0.0419858740347075 -0.138604356802878 0.0833668663442637 0.120540975755339
0.119394696083763 -0.16958558583001 0.140031116292403 0.195115010186655
0.23202496829785 -0.0893012705184283 0.0775249213074772 0.300457381579744
0.241997363540125 0.0719875019873061 -0.15009041855753 0.292900550782306
0.142224954506538 0.309319908567146 -0.346716067141434 0.123680575675415
-0.17917515975787 0.38793187913772 -0.342435731564437 -0.0890218590939445
-0.444078993357341 0.25814674804642 -0.198102712044005 -0.0679429540352559
-0.461724408449374 0.0406780591131491 0.0744114033616889 -0.0195073356473376
-0.335767891214862 0.227001562325237 0.289166304983391 0.208161921042184
-0.101704200362857 0.331088515064457 0.500991329279708 -0.0505114557032397
0.165809065441973 0.228222106348053 0.248399698577652 -0.374194176437753
0.258741092034008 0.0308475403354817 -0.0969575970741045 -0.326719093510743
0.196330510516589 -0.132360395063577 -0.203545490351793 -0.134546531451502
0.0734933026994674 -0.176591270088644 -0.13379853919542 -0.0135585028351283
0.026985067965464 -0.171349438289444 -0.0130558494159026 0.0427628895016961
0.0400783922317549 -0.159970166005364 0.0978891292171875 0.0519259950969431
0.123155625359506 -0.188585463455197 0.184789102613393 0.123592662790015
0.248686291128682 -0.111395908503278 0.173067603275002 0.254830511222547
0.27530420423476 0.0585838357486724 -0.0366786811657518 0.320682550447166
0.162486120978472 0.324006256233852 -0.276252685737436 0.18542568824032
-0.188659584279434 0.38616626505932 -0.309156484731882 -0.0618847542471039
-0.440049438454127 0.229271146911024 -0.0690777789246926 -0.100314437809195
-0.412896786278861 -0.0411585437145149 0.240933750615777 -0.0148052120479342
-0.372897119193739 0.137802344331263 0.328514562128828 0.22312999340554
-0.17748435265452 0.299184058679693 0.512929222825652 0.057481295900258
0.122219634458906 0.256848026861909 0.34815454644505 -0.249758739995381
0.248907059756561 0.0582572505586124 0.0587608902330906 -0.312042770863068
0.205625185387504 -0.115084513898814 -0.107305507242293 -0.208381865670795
0.0817382035721189 -0.177231567241347 -0.100083391867742 -0.0979198593474336
0.0252377121796594 -0.172905074585372 0.000315688012521016 -0.027006481191841
0.0355937608091062 -0.161827962033127 0.109470223510235 -0.0151280990267652
0.121204600939496 -0.178767984300933 0.211979115651048 0.0660765642042786
0.244630186554075 -0.093004247558469 0.227492973380685 0.217460108905377
0.261456620541394 0.0822188173502275 0.023218266867621 0.324785863791386
0.109109837221829 0.319914657878766 -0.228011928413256 0.196322157324024
-0.234129165704501 0.305237262907926 -0.264896583090503 -0.0741690047089405
-0.404732484264968 0.113617261559172 0.0596732950808272 -0.116870083033579
-0.276769660798781 -0.122706409511046 0.374277113311756 0.0272425837457392
-0.315726675125205 0.00772127732817939 0.329880558589482 0.258064904234881
-0.204305272540532 0.187212162035922 0.470785572921919 0.174567250296267
0.0488275599500425 0.21676705886626 0.402851583209812 -0.0965678931599937
0.184592713097908 0.0735798180453204 0.196840780910288 -0.260615497845427
0.178040358896121 -0.0709752326599854 -0.00362431390608667 -0.257971964403801
0.0826318370078438 -0.142402968491257 -0.0546288611279273 -0.172128752996931
0.0205992013169773 -0.148026872375272 0.0190579799351846 -0.0880368384186319
0.0343488097246467 -0.143836764514082 0.124634356364145 -0.0697282310529843
0.110083451875989 -0.148853618496089 0.235949234919013 0.0148409327387085
0.213116196144706 -0.0696134810028555 0.272530277327795 0.178202174372779
0.222672113153914 0.090578044050417 0.0805818654296172 0.321364678642781
0.0465264771017321 0.281818121550263 -0.179753473366976 0.211873165084824
-0.233105669576155 0.205311724506196 -0.221596210386683 -0.0550050951055276
-0.308571624220157 0.0193821753143539 0.157299989838698 -0.109901911644362
-0.0967179856006285 -0.139439027436792 0.446163939386688 0.0373632635838522
-0.18163908295314 -0.068804111828258 0.327311356862915 0.251805752695908
-0.141342697499258 0.0753622801991492 0.423945570746967 0.208684567484007
0.00976211393901672 0.121904603166651 0.406572686955724 -0.0203347479026263
0.0991716658882365 0.0468193892322191 0.257305506894935 -0.229218461162749
0.109026834562164 -0.0381502690133149 0.0408052218809658 -0.279766940482912
0.0556738309005187 -0.0910697610261116 -0.0247931263730991 -0.217314305305309
0.015307686955486 -0.101999492441913 0.0339344383832444 -0.1341730903611
0.0218398768779443 -0.110116855250517 0.138143545868953 -0.113258661098631
0.0814268272638095 -0.111294741030199 0.257937110580333 -0.0191922715623221
0.162175919522538 -0.0409817663815792 0.299665450108339 0.158199626977589
0.162879479413971 0.0985116484462294 0.10285392322347 0.325909707184869
-0.024665709286121 0.219854154360005 -0.158396737689962 0.219126081876421
-0.218802839890716 0.0800829330797915 -0.1858780836083 -0.0457574744648868
-0.180577398700747 -0.0871145200830484 0.227077043094272 -0.0755952338062943
0.0255866202259228 0.158255124135918 -0.310693592968638 0.111132014680092
0.133123251084399 -0.00348913561728618 0.174510333637381 0.137447660941208
0.0473003978061648 -0.125185761333516 0.202811576782178 -0.260487021534319
-0.0940249391880297 -0.0538887557283585 -0.115262642601253 -0.410650882475022
-0.0676304011227602 0.0382031881024204 -0.402374512102663 -0.157056066377692
-0.0275879010055349 0.0490352170818383 -0.323461857507369 0.0981233431310442
-0.00292716311475739 0.0523555369061441 -0.161739366181891 0.163810119986595
0.00677084801347233 0.0330101972415146 -0.0370501133706988 0.197230800069002
-0.00606248749057045 0.0222495528284107 0.0317330833629645 0.236051131018893
-0.0256875068098464 -0.000972243736541829 -0.0173105032491714 0.305060025330699
-0.012327072056446 -0.0166820997898174 -0.207195086487251 0.275475560012855
0.00843934092407788 -0.0292259799827401 -0.401835658805828 0.0705353878014436
0.0916259468644217 0.0103808676315989 -0.440419476768421 -0.130049419526918
0.0562815462772231 0.1287437400077 -0.412692167317629 -0.24603249088268
-0.0926735692306673 0.182163893228848 -0.518569689729384 -0.034474763779313
-0.146129750534658 0.198177247161054 -0.298454441828668 0.0688561336502735
0.049717433419207 0.113482001833186 0.179226845606611 0.150029563762949
0.0705306288016128 -0.0053705003145236 0.262803606327141 -0.257519252543973
-0.00268677342718919 -0.0204405017615466 -0.0857482862549529 -0.449050392860977
0.0205383568133346 0.0098826519884072 -0.40239750383048 -0.195872800581027
0.0253499864490113 -0.0156057130836054 -0.338978869799913 0.0806171807337208
0.0121893732751924 -0.0184039310565277 -0.16797029222657 0.165364009775644
0.0175847321294862 -0.0366386316450638 -0.0342619649534495 0.195968109735784
0.0208108481564291 -0.0467920253298772 0.049798901980296 0.224300062007792
0.0501951033083433 -0.0702056256062643 0.0269006917796237 0.30046034198656
0.100714983090712 -0.021627772514172 -0.142076882889509 0.313722103131432
0.085983597758016 0.0550913100816962 -0.365826010201805 0.142240189622744
0.06342579216565 0.15131498780738 -0.443943662161278 -0.0666191678900108
-0.0878805621057955 0.23702941267604 -0.402010940091318 -0.19895062757907
-0.283824368227067 0.222037796422111 -0.451703458995956 -0.0360791347102881
-0.314436185873441 0.190114052029299 -0.227599959287806 0.0281136641936471
-0.0795704407080232 0.214396293175355 0.210346914763953 0.174718245878146
0.0558265438579553 0.142823829448311 0.360115612807501 -0.230945390210447
0.0947095341337469 0.0505300513311106 -0.00601130092628172 -0.484093738942522
0.124626693548932 -0.00671483074018578 -0.361510752352833 -0.255810312960975
0.0913404616474633 -0.0796591929057224 -0.334223064763544 0.0294060523901832
0.0328585609148797 -0.0916949519710626 -0.170206392195184 0.133978746281401
0.0245938773568672 -0.101610473092798 -0.0294075404519783 0.167355980209967
0.0377097337308676 -0.107047888093858 0.0713401622886308 0.184309807113875
0.100718536288065 -0.136030997951052 0.092573263408879 0.265681737838459
0.19090605958382 -0.0567790326661701 -0.0305492395398115 0.33476455023965
0.181024416720973 0.0848125050052375 -0.280544772740264 0.241643268306762
0.0979926422470567 0.264749510569153 -0.427314386220116 0.0372319402588899
-0.163499484290304 0.346836312056978 -0.391169767555752 -0.141372007000751
-0.413813033689708 0.264423585368683 -0.344394716824003 -0.045936842806995
-0.441898306753904 0.136257497689237 -0.0972279401906043 -0.00435633616252947
-0.231171104684264 0.268484643363107 0.256764842997356 0.201078645183467
-0.00839800134295653 0.282428074934274 0.464603450894955 -0.162734117583252
0.166707148213241 0.151028552694561 0.123518395574309 -0.478399081735238
0.221429277720077 0.000168979531057364 -0.259181437151311 -0.316519688907431
0.158400214328713 -0.127693533828944 -0.29545627172869 -0.0498660504368385
0.0556094090760386 -0.153042487070549 -0.163110805472384 0.0714585925822671
0.0274397575561427 -0.152773108383328 -0.0227337692944985 0.113648039049498
0.043700250594709 -0.149497771135148 0.0916835177105466 0.123999272195352
0.123816809784047 -0.182956018537188 0.154776210948511 0.203058726010857
0.24503271922088 -0.100491891965082 0.0918809761755922 0.317474534874502
0.257570326722037 0.0733994071574829 -0.157345317054781 0.314840907644341
0.155379504133194 0.327035042493196 -0.372889937942697 0.137299327741184
-0.185062761047889 0.417139586988144 -0.37033314830503 -0.0916261433218672
-0.470540692711199 0.283458678516558 -0.214048609763255 -0.0711072331453055
-0.49154624627136 0.0504130186260331 0.076684953580962 -0.0196152072221164
-0.354927525284716 0.246447688353478 0.306973769622854 0.221598791138163
-0.104051933604592 0.352278701946832 0.535426120643444 -0.0599119774793917
0.179880744632856 0.240734829177808 0.265145877351674 -0.402341217907713
0.275464505149194 0.0269882347716714 -0.105922672484339 -0.347711746799338
0.206440305256577 -0.145068687151027 -0.219082613547099 -0.139677146701121
0.0743649042424206 -0.188839202609575 -0.142455578991511 -0.0115645795950018
0.0255671021977162 -0.181045412877777 -0.012153463305665 0.0438588629004963
0.040862782920968 -0.172245819606397 0.105938142306328 0.0503631204015448
0.128258535197923 -0.202653492940311 0.20138819535448 0.126203913425997
0.262998966361078 -0.125837905459498 0.193927503246597 0.267733578341821
0.292421492649987 0.0577405225919108 -0.0356243459799358 0.342569250186314
0.178409355386293 0.341979989085815 -0.296754085917581 0.202185189066432
-0.194826831885973 0.415634013041067 -0.334956204788341 -0.0630009621114262
-0.467154238928609 0.252316192204851 -0.0771260429637668 -0.106670231140792
-0.441137149224759 -0.0381347304786978 0.254265959202926 -0.0169243646228075
-0.395364609517216 0.152052235651996 0.349390333049994 0.237298052179123
-0.185220206885607 0.320440575130231 0.549564987342504 0.0551767172482105
0.132985847939833 0.271504861865655 0.373698159919237 -0.271508621801916
0.26515785932432 0.0569773486078675 0.0606735580345813 -0.335840002309578
0.216537428005148 -0.128165473709789 -0.118622560912741 -0.219515851339941
0.0835895093340784 -0.189160623408649 -0.10837987516556 -0.101243400807255
0.0232010604373135 -0.182150183184395 0.000103771898257233 -0.0296186311060606
0.0353983548563838 -0.172861599209378 0.11657602569684 -0.0202211919020208
0.126236055259426 -0.192085705251184 0.22882017748564 0.0641132729875656
0.259811783803404 -0.105172899585362 0.249939219296157 0.226906751420794
0.278029382140916 0.0834365295124095 0.028270359170606 0.345996876068394
0.120655827786309 0.337242215424842 -0.24531618142787 0.213478387743956
-0.244481371385365 0.32981855387999 -0.286349067828381 -0.076175482852585
-0.431417637636422 0.128046789941262 0.0605266534230152 -0.126086274492975
-0.29761386783312 -0.126490761862609 0.398445938061437 0.0253255563209414
-0.336884524517651 0.013974824502552 0.352665174587966 0.274578636941451
-0.214481426442433 0.202027326531926 0.50469902053074 0.180241881910252
0.0544125035373289 0.229930568594836 0.433001602897517 -0.108329529125335
0.197471246499984 0.0750967541435558 0.208647321867817 -0.283513647073619
0.188397058729375 -0.0804339485905593 -0.00893481048394766 -0.274477850846621
0.0845372859975597 -0.15304527267788 -0.0611445719661503 -0.181807877520225
0.0191606524010761 -0.155174966810986 0.0195347499054645 -0.0949819717473931
0.0337636330183523 -0.152873454638942 0.131932371994063 -0.077785250680775
0.115163899621383 -0.160734438663017 0.254013682841755 0.0102506079891715
0.225711489513066 -0.0792118898751816 0.296538846746458 0.184966174978501
0.236567344543559 0.0920295019551418 0.0905580935467224 0.341858356853886
0.0540477343541426 0.297458044403932 -0.192836818894079 0.22932483363838
-0.244674996447864 0.223576550034638 -0.239724713935575 -0.0550999983196471
-0.328058662874975 0.026568093795664 0.164125365503405 -0.11984327551924
-0.10608857312079 -0.145931046231205 0.476050442076712 0.0348638203521936
-0.194748558512924 -0.0691649604284788 0.351511849046697 0.268276414631214
-0.149755256768838 0.0818262064508827 0.456296956840992 0.217566106904336
0.0114391404642653 0.129668311621199 0.437305327813619 -0.026813349493868
0.10534607803295 0.0474697051119441 0.272165183482502 -0.250954062223894
0.11552864728485 -0.0433742375692765 0.039345969122136 -0.298083392430125
0.056761108479986 -0.0973026412257173 -0.0309439785909162 -0.229517898631925
0.0134023552995475 -0.106455443884402 0.0337905372291641 -0.143800256799056
0.0202733897283954 -0.115816573491819 0.146485287901117 -0.123575011552534
0.0845266799250068 -0.11895760956877 0.275898193334137 -0.0258441231838048
0.17153047485184 -0.0469314365154171 0.325093433717381 0.162827653253905
0.173548060775147 0.101659440458457 0.114671368926277 0.346396830193769
-0.0221378465513823 0.233373419070348 -0.168127302352375 0.236336979983928
-0.231386020522541 0.0902407578131861 -0.200521309943699 -0.0454417884841705
-0.193260745121837 -0.0890451660373474 0.238980643006493 -0.0846782646899874
0.062324091798889 0.16218217305878 -0.323541316458736 0.172557726105719
0.140382500556725 -0.0262607772678045 0.206804619955957 0.119972246155994
0.0268751963542297 -0.13689030771966 0.169438069773929 -0.307209183135563
-0.102630858424477 -0.0388183391874712 -0.199913784948647 -0.411176915475744
-0.0603776607248063 0.0463497313102074 -0.453996297170602 -0.0870995046816056
-0.0197292159698248 0.0533565384860863 -0.325558824318402 0.163273808229312
0.00629550758644228 0.0551303118459762 -0.144190645269206 0.205387480023133
0.0118056298466991 0.0318127727272734 -0.00480530649765799 0.211584805632079
-0.00372451116084913 0.0220102854104511 0.0768181464753369 0.242336008290336
-0.0285553705192492 0.00133083135741081 0.0376732801716697 0.324200747571788
-0.0170591014378315 -0.0182073360493158 -0.171839631585388 0.330079756191821
0.00762380333388751 -0.0310044087315416 -0.419384607809203 0.148491327410447
0.0973169530661061 -0.00753513773062968 -0.493464101490041 -0.0609960276803578
0.0829880613815306 0.124268889096026 -0.478031972021804 -0.191627475273462
-0.0599405832518683 0.208658141545807 -0.559609774406802 0.0512764320345337
-0.115321797926029 0.239260499786164 -0.311230544695669 0.112498566153618
0.0705196086302106 0.113071070142969 0.213684685276082 0.126443615243852
0.0724743679941672 -0.015019720997507 0.229041536437146 -0.321193093064721
-0.00103108727037287 -0.0175832364195493 -0.179430240798388 -0.458533223316498
0.0276748430850985 0.00177761303656251 -0.465008756901915 -0.127375563540195
0.0254227211993412 -0.0232613261963161 -0.346042047950772 0.150445539155083
0.0101761876250367 -0.0221707138754046 -0.150322007783127 0.208702795573105
0.0114629199243838 -0.0426196917258217 -0.00145044154640216 0.210030306488205
0.0128755138382426 -0.0542817339176722 0.0922809012950605 0.225426987064191
0.0370905387498191 -0.0840143565171406 0.0850185926649422 0.30907448530348
0.0980430926662601 -0.0444202243581742 -0.094890794387524 0.35805712878463
0.10312436387098 0.0433876463027908 -0.367654774474015 0.216527587073651
0.0940055934287141 0.145556074840029 -0.484510829468515 0.00710360827031931
-0.0472356299348855 0.26235515972025 -0.456302066184568 -0.140282494536724
-0.253648587243741 0.283849369517609 -0.490820464346188 0.0388870288222296
-0.298137662284642 0.26546708146697 -0.232227666422321 0.0443664362050282
-0.0509671952628455 0.243834566895345 0.252740860219132 0.140007998608432
0.0821872511447176 0.145891159960039 0.334805288380914 -0.320923044762143
0.112801340450325 0.0421646350276558 -0.106451808644693 -0.51382484760058
0.134242324872506 -0.0330751953250978 -0.438558985407232 -0.197304079991277
0.0837968322679509 -0.10240659478667 -0.353769258299529 0.0996480524394809
0.0193775353839 -0.102422382437741 -0.159372420358621 0.17777037085655
0.00786472452815098 -0.1120796382457 -0.00122742699488056 0.178712898209893
0.0205819858237467 -0.119897214056243 0.108615997833161 0.179259398787559
0.0780623639895959 -0.160747978169686 0.146989152822191 0.259242139562156
0.185025763302645 -0.0973411623494679 0.0268429516829398 0.36064150662117
0.206348233201771 0.0575271158412218 -0.260772400305045 0.306110515973845
0.15088776885007 0.257495970640068 -0.448268862660221 0.112683142599679
-0.107551367276415 0.391120724440536 -0.432713170036277 -0.0789891815553853
-0.382496843724349 0.350308172238515 -0.377860310837129 0.0111189758359247
-0.446677516518189 0.234337764084415 -0.0870587020396631 -0.0203571467720075
-0.204909953618045 0.327303441947738 0.310077551748916 0.153746894006485
0.0376975675724022 0.305685018713142 0.459092783759031 -0.278342103274466
0.204010551938384 0.137163995840312 0.0269166818801712 -0.537364393154731
0.23690143588599 -0.0406566261840944 -0.347321987030494 -0.283037112663767
0.146359609345273 -0.165024345911759 -0.330204150824161 0.010908319772779
0.0333497633689137 -0.171009140711312 -0.164593868713327 0.11225027545556
0.00184261829519981 -0.164929520603778 -0.00289923314734759 0.122005800214714
0.0193883071598425 -0.165210615386926 0.119079227998126 0.111532583209222
0.0944717066701289 -0.214377760350973 0.200716615431489 0.1810833670684
0.233061791511152 -0.151745008322226 0.154679709809802 0.318820310739541
0.283648364648434 0.0319699502605655 -0.118115844511335 0.36143831666458
0.222576811603906 0.310401045395928 -0.371818860983388 0.209081389760838
-0.116939725963604 0.468261061909976 -0.400383626430348 -0.0287157133460963
-0.440229722546561 0.379918601682445 -0.24352923067739 -0.0371330214182362
-0.519033103453755 0.154420698773817 0.103683614397159 -0.0689403163957488
-0.341310598274104 0.325156757508872 0.373610989860075 0.163481500928012
-0.0538535895868472 0.397338302678931 0.558072617842825 -0.18812462623519
0.231124982715056 0.230926462696987 0.192502441354646 -0.490866550760485
0.299482226212433 -0.0194559642391831 -0.19454891753109 -0.348754448794988
0.193521801387047 -0.191256510117018 -0.268094809965507 -0.0972436002445707
0.0468423278368578 -0.21169481337353 -0.159448638222933 0.0198791556994128
-0.00519598304330655 -0.19373991824195 -0.00418869736230166 0.0475775831522967
0.0121482168334012 -0.187310326977718 0.120396175395938 0.0319539270948571
0.096747171175913 -0.234579440657028 0.235699479708592 0.0917654011716565
0.246678066135868 -0.179019552642756 0.253651240112983 0.248204919428176
0.31521920409102 0.00915095242950113 0.0170504258837942 0.36797975001293
0.248329756246155 0.321303492286912 -0.27979909296745 0.264577645535105
-0.127391640318087 0.468503851098677 -0.359581406482127 -0.0024751383078483
-0.441206999570364 0.346460250125285 -0.104222820574073 -0.0975152610159778
-0.483650848617097 0.0492698990449628 0.297860787406871 -0.0909654752679897
-0.401224935644352 0.232524655664458 0.42576511659052 0.175365540939866
-0.146728166670158 0.37625190597394 0.599009835523705 -0.0685075365855965
0.185991794277052 0.271140919318811 0.335351045726564 -0.375116223121359
0.291930940776022 0.0156180188678065 -0.0152441401510656 -0.37076456738624
0.208349516478421 -0.174113322195082 -0.177510481522905 -0.202842942844119
0.0563087177412278 -0.213973280234336 -0.141081610898229 -0.0821166548167962
-0.00683172090703643 -0.192948372510069 -0.00478070830727894 -0.0315809027186943
0.00615036199485122 -0.186581920849151 0.11904939797561 -0.0437942007313115
0.0968007856443769 -0.22195301953942 0.253540960402685 0.0228676897564563
0.248111473306523 -0.156107408965613 0.306164630675741 0.193837781888663
0.304258354262582 0.0386983057975997 0.0881757910961894 0.35960634450238
0.188476385638009 0.326633927988489 -0.221772622396306 0.267863750491785
-0.19405223600175 0.388370367113401 -0.31085480778604 -0.0236155363063166
-0.426156821844694 0.211322240222193 0.0385588689175233 -0.142723025048911
-0.348902754153858 -0.0718784437452314 0.45671691819614 -0.0595068937870359
-0.362377013508368 0.0756920778926022 0.439436511098095 0.220929495100323
-0.198541250812124 0.254484708703914 0.580892280157633 0.0798623364440304
0.0935893376615521 0.240280910971894 0.435315481699657 -0.213490296580739
0.222675113825521 0.0481514553979294 0.155833204054324 -0.347004228262528
0.186312544881542 -0.118590218490215 -0.0698353343935394 -0.284500571142135
0.0634965037321312 -0.174716007837267 -0.106140331791562 -0.178610588064292
-0.00595059434888744 -0.163915716086839 0.00365397131744469 -0.103721036502174
0.00719596614782111 -0.164753329074523 0.125272809320622 -0.107391266937417
0.0905429087028268 -0.186066460936312 0.27097957468136 -0.0385193725157094
0.217936890426579 -0.122507351123961 0.348835697813328 0.140899862066935
0.261503913445895 0.0550166794024637 0.154452786352922 0.344229460533277
0.11036662023996 0.297660021847086 -0.162466672289642 0.276555449611936
-0.213141448891097 0.276705833852609 -0.259723836335387 -0.0085498438074159
-0.337343501327007 0.0872748341983655 0.150680000076661 -0.155057947989383
-0.147447233279007 -0.130301219131056 0.532252396424673 -0.051073921127739
-0.223530571354969 -0.0370495580603945 0.434364188230064 0.221291109077841
-0.150193160751437 0.113980523777051 0.534791639658248 0.137076302580801
0.0310033889282584 0.140191252855859 0.459291923729356 -0.124458686524498
0.120890116999649 0.035602114420859 0.234780968142265 -0.324796365483902
0.115379279788877 -0.0675053109429731 -0.020893201922656 -0.321574255706291
0.0436178134364224 -0.111522202682108 -0.0835643295862165 -0.236829925620804
-0.00305220058934657 -0.11170113621458 0.0101556856785207 -0.156919988653262
-8.24488713381697E-05 -0.122317761156954 0.132277317494847 -0.157654247109534
0.0655072205708645 -0.136061092655669 0.288025571473302 -0.0799814556567788
0.167483172869502 -0.0788546054735452 0.375222119387054 0.114149170385369
0.196977439983981 0.075091650642864 0.182357626979705 0.345601390924235
0.018995963013512 0.245346004330716 -0.134640280221116 0.2809965147118
-0.222967769487809 0.134958208786867 -0.219863593246113 -0.00603647791377401
-0.217147510118048 -0.0578889571175211 0.23711790490817 -0.132244945155982
0.083146549919659 0.160080130121111 -0.314974101037117 0.21500181035536
0.142344943132221 -0.041814224817372 0.226777898599394 0.105155244756546
0.0117814748755149 -0.142627506281771 0.143887302886238 -0.332808743969404
-0.109096316164915 -0.0266971312859407 -0.250665377252794 -0.406366567208673
-0.0546914971543254 0.0533789131826937 -0.476627973520212 -0.0404313550655919
-0.0150291333762108 0.0569755837263483 -0.317866731248544 0.204085198449015
0.0138040906814097 0.0554763927042281 -0.130547113487511 0.227730776236207
0.0154430028868765 0.0303685277754238 0.0156503399815276 0.217667548871665
-0.0017532106485056 0.0213060611107901 0.103801728131293 0.238759190716278
-0.0284709872322736 0.00361030984920709 0.0744549366166244 0.326168103167544
-0.0194657995549901 -0.0160859178279825 -0.141808021384704 0.357486867975527
0.00634976127588486 -0.0312914831480217 -0.418080487752035 0.200203607247882
0.0976032041253376 -0.0179326323103904 -0.51433671757655 -0.0120651060934085
0.0977956359553494 0.116492186258686 -0.514246783478415 -0.151583510206704
-0.0388026912285899 0.220741064440856 -0.571267598537676 0.110098709538185
-0.0899183649008937 0.259742220642232 -0.310322459097393 0.151197184984404
0.0857597519475736 0.108295037752432 0.23374872873296 0.112155409620196
0.071926224292364 -0.0225695379396683 0.204257030321207 -0.355113784226087
-0.00376555029584055 -0.0160075356785952 -0.234184193448777 -0.456853448129149
0.0302781323902345 -0.00169049079649314 -0.49172795535054 -0.0798986693747777
0.0234324457608814 -0.0270688242226879 -0.340755432672993 0.192832134707185
0.00927261710197426 -0.0241774118432757 -0.134974195565645 0.230151937608261
0.00761210143054812 -0.0457037020965252 0.0189061335790544 0.213883694837974
0.00763218838178045 -0.0595517667536379 0.11736343862743 0.219540395832209
0.0293321707234629 -0.0909971290012245 0.120930275354152 0.305518540118509
0.0956925341072042 -0.0563148268053655 -0.0584599482062803 0.3780838208336
0.11157085024488 0.0344484061834211 -0.35896688395547 0.264971906328281
0.110206220596172 0.139670002335213 -0.500183534489226 0.0576554892189345
-0.0213550468846407 0.272940267751826 -0.486799803282966 -0.100884324508929
-0.231152810836784 0.318692324525204 -0.503483575688909 0.090369260376337
-0.276529482689919 0.305859727243417 -0.236862832720419 0.0739832650822795
-0.0253463367760605 0.255035979918497 0.272990215905788 0.123350955341911
0.0986090515281175 0.140358038972058 0.313430621385124 -0.365562336147227
0.119175858628272 0.0330744628449464 -0.161598880859409 -0.520391342185172
0.135245683230904 -0.0489096731693732 -0.471463373955384 -0.156779282978276
0.0746198678674887 -0.114673860858137 -0.352133678276974 0.140344547163923
0.00993520220760175 -0.10660590854998 -0.145717129816138 0.19927223232912
-0.00379317091671757 -0.11553701165216 0.0162619570465151 0.181225650270071
0.00874737936643281 -0.12735654341341 0.129296964894582 0.168934125682526
0.0627406483402363 -0.175136061970533 0.180142567653455 0.247019474392999
0.178422176901618 -0.120625727060421 0.0691255801719975 0.364934772399869
0.21858128327357 0.0381824240948265 -0.238973616507792 0.345252356558819
0.181815342794474 0.24755223084621 -0.452730572825323 0.163678356368088
-0.0681635539807703 0.412129379932469 -0.458036058505428 -0.0375017255474723
-0.356334346459492 0.401608320982059 -0.390268907209607 0.0522179027486569
-0.434360433773556 0.290649188078272 -0.0948686384207121 -0.00829205452204588
-0.174787851191319 0.358073634217499 0.333647427501935 0.131894805192395
0.0701872873279276 0.30875456100149 0.444927318666887 -0.33462485420602
0.224110212608602 0.120251974800644 -0.0257788359572346 -0.55870076935446
0.239513142896876 -0.0682180377155845 -0.38664658038915 -0.25508654662534
0.131385110373695 -0.186183454827684 -0.337682165749308 0.0470305726058431
0.0161814904547929 -0.177788468700464 -0.15670117546646 0.131874936640872
-0.0153679058033313 -0.168822582137288 0.0097124937698626 0.123118999355327
0.00206814160628577 -0.173211191952568 0.133026694683595 0.0974685369241419
0.0743193292839682 -0.231247481079089 0.226699700940782 0.16124618900658
0.222022529427887 -0.182283809414425 0.196561571959103 0.307349732580419
0.294838560595355 0.00305948343392269 -0.0859238057989264 0.385737386703321
0.261482776635201 0.294693620291301 -0.364499459840264 0.256569159214446
-0.0692043501456651 0.49316334375044 -0.418431995019326 0.0122216572072901
-0.412330282278647 0.438930476580187 -0.257167030101289 -0.0116415907970211
-0.516541079276639 0.213017768102739 0.0963725873503025 -0.0781651771985693
-0.315590352762198 0.370002522276568 0.398827158094414 0.134312299984653
-0.0133863728946195 0.412560787949928 0.55539723906937 -0.251624193419274
0.261504684859488 0.213194702846276 0.150403651194914 -0.528122585022576
0.304627521963715 -0.0530357235958793 -0.236421009005297 -0.34104811161117
0.17633964861208 -0.219465469545592 -0.286362316065158 -0.0711250842233439
0.0247823444183395 -0.220939397849883 -0.160445118926341 0.0378018605578456
-0.0249853236906917 -0.196347425563459 -0.00021183910059145 0.0471268826410067
-0.00814453112431333 -0.193955740854618 0.126353563572703 0.0167250784447712
0.0732020718428752 -0.252427004458775 0.252352457501792 0.0655368165014876
0.233111805796011 -0.212597467551432 0.291013088990627 0.223914296971566
0.324680152319534 -0.0239492195745291 0.0559064962963104 0.377891464567871
0.289306465627582 0.301413721824433 -0.263170718598738 0.30427588770392
-0.0787905902783513 0.496483917820827 -0.373724864213609 0.0357798079662406
-0.417830379370353 0.404084375527132 -0.119428067735746 -0.0877035858439645
-0.492275268724003 0.103809891881556 0.293833334066509 -0.121905025309444
-0.385981595059206 0.282078405579105 0.453582531157278 0.141019764627917
-0.112276550517332 0.401404384871422 0.610927267187541 -0.133710518237924
0.219482650188796 0.259456886094896 0.309749951405251 -0.423823714438626
0.30145846217947 -0.0155694576765807 -0.0547439317872087 -0.384593590730562
0.19256433899365 -0.20327266350277 -0.204187941158342 -0.189167514365841
0.0340427758200587 -0.224294303028089 -0.153361643838463 -0.0687901011139515
-0.0271774147494857 -0.19584430474101 -0.00823769580797293 -0.0335806340845513
-0.0137826965336905 -0.191433333290701 0.116977336021157 -0.0606690753642999
0.0748920560348196 -0.239359654948522 0.263683042130074 -0.00723884650705024
0.237378363794254 -0.188803840133496 0.3400997432853 0.162313597332834
0.315121869391026 0.00762600662508186 0.127399711965774 0.361447189669803
0.227316855632663 0.313766681999145 -0.202138674228337 0.302255363804742
-0.155848237303978 0.420035791119545 -0.326463042474015 0.0096860245962021
-0.415639796792334 0.264695460247736 0.0234757674406075 -0.149735875465002
-0.366794336047437 -0.035219368726935 0.463389879425541 -0.107280553052443
-0.364095835864895 0.116924023889889 0.47398003131179 0.186101156786791
-0.177823121098177 0.281666409315035 0.607283315156778 0.0197056212672744
0.120768569449427 0.238467524969865 0.429625872569827 -0.267312865978077
0.233459984401539 0.0256169399262456 0.124332512660981 -0.377866207952392
0.176949919922875 -0.144520284312393 -0.102743290699149 -0.285566647156119
0.0452494626195396 -0.185683006722697 -0.12905625561294 -0.170483741364993
-0.0230629940399428 -0.165032739041477 -0.00736631018193806 -0.107757052634087
-0.0108413947148811 -0.167713570229337 0.117176731281606 -0.125375543646483
0.0723967870962181 -0.200622122761824 0.274831240862139 -0.0713571307591834
0.210176372949586 -0.150699705769633 0.377356688220462 0.104035822130258
0.273955998049452 0.0292701844449569 0.195129645714242 0.337176166324316
0.143740023990735 0.292175354445015 -0.139744376397731 0.303960803131021
-0.187723016436012 0.30908823982052 -0.271221174887231 0.0192926898655912
-0.336212285226481 0.126324639113969 0.136510540948423 -0.174711222289386
-0.165059240966201 -0.116597380296295 0.542531857948492 -0.107440416053368
-0.233091663558673 -0.0131891552300311 0.47227550524389 0.187233427538983
-0.141764333572711 0.133087119178026 0.566835355256444 0.0852332223732266
0.0461364658653833 0.141427574495003 0.463352110509116 -0.177620983754423
0.127761293149675 0.0237615054837664 0.207165584345924 -0.362709244865065
0.109649871657018 -0.0838767083878031 -0.0563048148815357 -0.329702291232733
0.0320512538350337 -0.118392567107694 -0.11208147907388 -0.233455717459057
-0.0150004886361041 -0.1119404730272 -0.0061517723072428 -0.16225384555342
-0.014665041647227 -0.123588195633139 0.119099647484669 -0.177084762544382
0.0520664310007225 -0.14664984255343 0.288510195687583 -0.114748314185985
0.163542594571862 -0.0997163491335263 0.401157136783303 0.0736615797872789
0.210016773867185 0.0557774591862171 0.225158202318731 0.335886948726445
0.0454398195119384 0.248650717621085 -0.11084217658812 0.305384941370387
-0.213290163153574 0.164440290701103 -0.228675911890455 0.0179939512966205
-0.227973254657927 -0.0361823405102664 0.22767251022565 -0.161264174056379
0.0994605703877512 0.147804661266655 -0.287583988236865 0.24448090139847
0.135385339221912 -0.0557141929702717 0.234718279665836 0.0850934095052846
-0.00296240092479317 -0.13902603103783 0.110745020960608 -0.339434838268505
-0.107339144124278 -0.0130940124661244 -0.286094386053534 -0.376409784078033
-0.0470087788632457 0.0567322175772391 -0.469064014026434 0.00756201408198199
-0.00894540244609179 0.0571319973558104 -0.290319667037793 0.232311129837675
0.0204585396413639 0.052231175849749 -0.108624349121173 0.236850842609275
0.0184544640993138 0.0268868677782404 0.0348972332192289 0.210891373241378
-0.000287332870658886 0.0190607245906434 0.123403832178382 0.222218179643587
-0.02702480185594 0.00605627265552009 0.104342701154291 0.308195071728852
-0.0200827174735672 -0.0136815511351896 -0.104723329528543 0.364079608167216
0.00458014480909122 -0.0304920505183862 -0.391360205936113 0.238581582748359
0.0927018529747642 -0.026980583115835 -0.50414765020526 0.0365308075435502
0.104845062938158 0.102317409409973 -0.51944316278668 -0.102959777377749
-0.0158621928606286 0.21886468949858 -0.546914590750107 0.160901192589661
-0.0599280982628278 0.262192189781697 -0.28966308902771 0.183206127261188
0.0944757095037278 0.0959174922399988 0.24090718111611 0.0923240738849167
0.0665972598110408 -0.0286239597018416 0.168263750365092 -0.366321210858328
-0.0039237864255194 -0.0124884992657721 -0.273282743657479 -0.426835137921254
0.0304130059173777 -0.00527302613099039 -0.487407449240128 -0.0303894762782103
0.0193052523731635 -0.0286101151923864 -0.313193265678219 0.222372514447225
0.00797167349408238 -0.024374930293257 -0.11195988162989 0.238444900188302
0.0035285694780078 -0.0459195375265337 0.0372918170801611 0.205590285055056
0.000818575683075076 -0.0608203502839923 0.134434491187428 0.19983189043301
0.0194185559383996 -0.0928820939216652 0.148228032207983 0.282996423381945
0.0878700911005836 -0.064137128176747 -0.0192830961548151 0.373739374435792
0.11349783907468 0.024778457763866 -0.32827729116205 0.296152479079083
0.119858889245839 0.125780718525758 -0.483821997344537 0.10379118640877
0.004303364560451 0.266755626949092 -0.488732620524023 -0.0552664400337204
-0.194342374888266 0.334144301270113 -0.484600339967406 0.135822388983263
-0.237626375218107 0.326729772077744 -0.225986095934225 0.0994483223926536
0.00139334150939682 0.25067304743393 0.279358791805974 0.0996920753695635
0.109092887679971 0.127464504183068 0.274171387806596 -0.386791580719623
0.120241512368254 0.0230894880141531 -0.207850205645883 -0.496346984787803
0.127865066971413 -0.0616520616778378 -0.475069059926647 -0.107897992731118
0.0603522988296185 -0.119925533907554 -0.330008699071928 0.173127289950836
1.90583055559709E-05 -0.104844804368712 -0.124546176244967 0.207889522409155
-0.0141034064111159 -0.112726825811105 0.0319096133636243 0.173427738273262
-0.00452474346125473 -0.126465725447907 0.14067965558453 0.149383412570827
0.0435921257271392 -0.178201204075217 0.199706374356481 0.219715512208527
0.162338193799498 -0.136214258365381 0.104941339988206 0.347460260249487
0.218034957454076 0.0175668993809392 -0.202498308331699 0.362722798965346
0.200601478752547 0.224458512109199 -0.429171306281631 0.206602390356254
-0.0263126682555804 0.40787115804886 -0.454565951956056 0.0052056431326296
-0.310047656014274 0.427335735917229 -0.37805927885847 0.0885594430216552
-0.393203706847493 0.326612474332275 -0.0953589344964057 0.00635819279469626
-0.134510062227336 0.365745605946421 0.337391867559097 0.103319374122291
0.097059950544744 0.294688557204463 0.405656999797809 -0.369256137532778
0.229879129334095 0.0974980269435395 -0.076864007334363 -0.547126608652429
0.226742030153864 -0.0905104044392791 -0.402353470903135 -0.212918911820398
0.107944258314101 -0.195476683315153 -0.324944415047592 0.0786843270252599
-0.00135708495803484 -0.174142354152965 -0.140713929386687 0.143456564907992
-0.0305878092592453 -0.162393148367993 0.0193235463972005 0.116827725515171
-0.0150085982891894 -0.170552418895948 0.136863953141242 0.0793984450731354
0.0482084783839758 -0.234225616094466 0.237076624655431 0.130791066636816
0.197388587649855 -0.201133206788055 0.225271154239061 0.27730683394553
0.288672296025487 -0.0246996681111267 -0.0480241136170112 0.387246272908702
0.283157271575584 0.260975046119524 -0.334263662736696 0.28882055629212
-0.0194214338540051 0.48781837487211 -0.412712854369166 0.0520269630616229
-0.360059576798912 0.469451134055092 -0.253372768704701 0.0154190915217085
-0.481066588234398 0.260416625307818 0.0843453242449798 -0.0815968692985836
-0.270575523914644 0.391887172634116 0.401099046668628 0.10018945107547
0.0250506741551411 0.403954968470175 0.520753492351961 -0.299438873301948
0.275415441882095 0.183949864530849 0.0982425148978018 -0.533267850190824
0.291639790416151 -0.082105614885978 -0.264019843251744 -0.312203153888385
0.148637762576472 -0.232408626870378 -0.285716918443117 -0.0411298882126122
0.00165875562058403 -0.217231719839345 -0.15270347477499 0.0519986479759438
-0.0426930565784228 -0.187270376425685 0.003152115177747 0.0442892331297221
-0.0272489668468314 -0.188622520694486 0.122905482330821 0.00105096313988353
0.045523821987335 -0.254813772344031 0.252508109732581 0.0358864416151171
0.20484274649842 -0.232127522589302 0.30995619279327 0.184425950318519
0.313597624218672 -0.0533330364848583 0.0901710003419201 0.364884330585394
0.311032166490633 0.264328751412603 -0.230955827908607 0.32660067451025
-0.0254203418551496 0.491537544415082 -0.36534236469101 0.0717208071429779
-0.367251546736867 0.434884908673379 -0.126609830916321 -0.0726204620823036
-0.469143761589328 0.150996437455697 0.273170782667439 -0.144376526969564
-0.34953246731662 0.312964091824515 0.45617191532411 0.100638162969258
-0.0727888088468473 0.402682356211931 0.584583870118614 -0.188188944073299
0.238772794781708 0.233110780481264 0.263863038633685 -0.446802620057276
0.292133749996683 -0.0451684433626811 -0.0907538267420095 -0.372969669242381
0.165379859165491 -0.219221210892457 -0.217626710623373 -0.164778432940088
0.0103500224965865 -0.22122198035405 -0.155997012319461 -0.0517075234976196
-0.0445118846792139 -0.185408690129979 -0.0126574002259057 -0.0333354523955673
-0.0328125661244373 -0.184528848774052 0.106869955372064 -0.0727748028702393
0.049745370925121 -0.241326711143191 0.25707147727049 -0.0359414180418357
0.211308960461651 -0.209820578416718 0.35213895258393 0.119857117614304
0.3078526166221 -0.0230389333464464 0.159116862332593 0.341139438296149
0.251535107809262 0.282088160556149 -0.171506266103741 0.318216937389078
-0.108613349175961 0.425626862103941 -0.321319517150097 0.0429274950188215
-0.379490803587481 0.299498336288753 0.00654150939886598 -0.147027523729144
-0.360242687399502 0.00274024211520064 0.440444166794521 -0.147532719145826
-0.34348071942498 0.150052916074228 0.480916582772846 0.140350331728474
-0.147795776883216 0.29168140043132 0.596261591308533 -0.0382523908045758
0.141322848348956 0.221677646992993 0.396998234569193 -0.304805344804561
0.230353875381236 0.00146842001896798 0.0834792985645692 -0.385099023114715
0.156072633669771 -0.160508925605278 -0.129216385243247 -0.26946962540996
0.0251951342091723 -0.185055872922992 -0.142938936338358 -0.153378211373948
-0.0374867290643784 -0.157017634885259 -0.0182718843518446 -0.105198591416695
-0.0272244478349185 -0.160641896611915 0.100887722182781 -0.13604978353545
0.0504852907604998 -0.202784812343831 0.262586241826274 -0.0986466599821477
0.188945263305971 -0.169255988534449 0.381898095483234 0.0607751213205086
0.269503610406743 0.00216041142969542 0.223052923282218 0.311381765486133
0.167254187060272 0.269055918436621 -0.109732098360221 0.313180479373717
-0.151216436699524 0.319647716731135 -0.265705577376485 0.0469090651755877
-0.315209967624116 0.155924352261798 0.115342003169292 -0.183421602966372
-0.171781875107516 -0.095684494250662 0.519582594507033 -0.156267239908763
-0.228461189420296 0.0109569525317917 0.47944935566963 0.140118676127258
-0.126036660897952 0.142749614547379 0.562987432514551 0.0288240706830878
0.0582919554557945 0.134391253713154 0.439329159702379 -0.219701993811531
0.126143205287539 0.0109117163959523 0.165795161815755 -0.378446497555546
0.0964758536664265 -0.0944179554682182 -0.0881728112624344 -0.317752070785057
0.019082702236272 -0.118761848345429 -0.13225298937769 -0.215170184304779
-0.0249027519518668 -0.105868497384816 -0.0225398701081782 -0.158315329808318
-0.0271141097657361 -0.11648018668298 0.0978970457418579 -0.185679645418634
0.0357104932064094 -0.147135319925173 0.271292605485247 -0.142266445146833
0.148309950248826 -0.114781158169966 0.400791747409481 0.029676698373621
0.209881541542199 0.0343420905429155 0.251922353926395 0.306644304971914
0.0679438065056069 0.236778520842955 -0.0807628545865886 0.310530717247311
-0.190897355855658 0.182141282457058 -0.223797087987516 0.0414689331704365
-0.224895040021025 -0.0139458131336057 0.205167327897135 -0.179105582866414
0.104664385899935 0.133210283132433 -0.259944468886774 0.253793327986947
0.125863600353958 -0.0624287286267529 0.231767849937366 0.0710123910163391
-0.0114310660280366 -0.131169099501355 0.0892906512041222 -0.330727910714743
-0.101255482002692 -0.00472637410224883 -0.296013204015097 -0.345060503919843
-0.040624768993819 0.056549805032062 -0.445852647823064 0.0343711630634092
-0.00530259692194867 0.0555048590004345 -0.263071693302912 0.238794547756287
0.0238507803950546 0.047305757643307 -0.0922800048541815 0.234030607027158
0.0191021738903189 0.0233741309283682 0.0431099895162005 0.199208281097581
0.000283055984191385 0.0172693156089353 0.128730892102345 0.20389141212168
-0.0253397887182277 0.00629189569867014 0.117667805137183 0.286536906699157
-0.0186081884101368 -0.0105650131873107 -0.0798051948917465 0.35324843490627
0.00438850126900066 -0.0286583335581696 -0.361342742912924 0.251264502522927
0.0850791833635468 -0.0303916676095308 -0.477860496511445 0.0609776649519382
0.103340593144296 0.0897283050924714 -0.502560852833892 -0.0737620292901143
-0.00239721584686171 0.208878784469917 -0.513174497207424 0.181954602986825
-0.0404128237208669 0.252488429557047 -0.265594612878793 0.195296838763077
0.0958590030581568 0.0845402875873546 0.236374094580918 0.0793112051408987
0.0608347651530524 -0.0306474490787248 0.143168641628006 -0.359117472444159
-0.00353981028597012 -0.00981975410474493 -0.284505547730551 -0.395234892256184
0.0297058235468747 -0.00738859315851145 -0.466496921901523 -0.00106634684703144
0.0166355787839515 -0.0280086669545165 -0.285268695948667 0.230473867481425
0.00740041400563315 -0.0239420036253391 -0.0954508487411288 0.234267726863076
0.000612402588235359 -0.044320556956245 0.0454524903404008 0.193503147951884
-0.00299910410589292 -0.0598850486442892 0.137294277756949 0.181602068953367
0.0127478320484908 -0.0901927146533455 0.156861261160694 0.258808606136959
0.0803171488342205 -0.0663869445091989 0.00321634639873403 0.354584665226023
0.110532225059292 0.0172999095012205 -0.297475232614512 0.303349331059677
0.119753998541109 0.112987650660908 -0.457028861876433 0.124947707845298
0.0171893196763348 0.251992281589748 -0.471662748596954 -0.0284231308923224
-0.166756067930417 0.329010966686146 -0.454478189244044 0.156780556117802
-0.205010039023461 0.324417432887448 -0.210500239518719 0.113387106211002
0.0151093800939223 0.236378187247058 0.272894226378734 0.0852118945331833
0.109645101287744 0.115324494368685 0.242206076794695 -0.385367127070219
0.116170305970508 0.0168074659045096 -0.225676254337445 -0.46555580827247
0.118747768388507 -0.0663241003704171 -0.458108313995459 -0.0762942364604005
0.0496578496356219 -0.11777380602328 -0.304076674096289 0.183175399519064
-0.00503028194951195 -0.09979236730462 -0.107842490010025 0.20488223156662
-0.0192879525674999 -0.106425698135924 0.0376998399869813 0.162589149426893
-0.0124849679198739 -0.122016575961869 0.139887538592005 0.132518181620612
0.0302469603572447 -0.173371843826769 0.202274927007013 0.194616816666872
0.145171288777718 -0.139293155477101 0.121735625676265 0.322496485409251
0.209280085396164 0.00513589705669707 -0.174724329925013 0.360056855485723
0.20201091651679 0.202226720948631 -0.399227366950317 0.220723143616754
-0.00256707617794532 0.388779268680626 -0.436070466341252 0.0280262925965446
-0.273016993625226 0.424786558536473 -0.355864730387118 0.105806685502669
-0.354979362589687 0.332243970396007 -0.0920698667888457 0.0162550839638693
-0.10674679864456 0.353906555206783 0.327045790962786 0.0857915497234355
0.107723316786973 0.274644317241437 0.369617555368833 -0.373826815499572
0.224397536613065 0.0811946134754751 -0.101929496978944 -0.520798649240588
0.210711731265701 -0.0998588015592394 -0.394931567692765 -0.181509390628761
0.0901954037115873 -0.192672939443838 -0.304389996668147 0.0937165186686455
-0.0109954875736702 -0.165261369988447 -0.126385964081299 0.14386133200531
-0.0369546197152927 -0.152136783825986 0.0233332695859678 0.109155173256164
-0.0249080856763927 -0.162285675848151 0.131912189793561 0.065704322762144
0.0318013562900132 -0.226423262279779 0.232523677410356 0.107887407240684
0.174262301406071 -0.204025064567917 0.232274029790905 0.246664485078371
0.273868477495463 -0.0385576937503441 -0.0253408961600034 0.375043202002323
0.283576073776557 0.231542236031922 -0.305332631373057 0.296492130853025
0.00953486001939781 0.463600680673611 -0.394350533510335 0.0732665619014029
-0.318366679511655 0.468218653727508 -0.240796927545488 0.0295922021500332
-0.440439382496034 0.275158582091537 0.0733934301929152 -0.0776316101071687
-0.23534645286819 0.386861306419204 0.386523317581375 0.0792511422143392
0.0436718414362745 0.382988003917309 0.482964646498544 -0.313713219682171
0.273477573740383 0.160380708572886 0.0657058649675923 -0.516622018033904
0.272312335982805 -0.0957606904940986 -0.270097716608279 -0.28502328488655
0.125195693981913 -0.231105530588723 -0.275155166188621 -0.0241181229509546
-0.0107069259450716 -0.206639837277961 -0.142485986863997 0.0577079667771825
-0.0497596883316673 -0.174634091255676 0.00426930191563135 0.0407633801609004
-0.0371231010960534 -0.178436304332276 0.114246340751625 -0.00792624176792967
0.0282480756258871 -0.245800417565633 0.24200797745731 0.0164430705155937
0.178973206855573 -0.234115401716721 0.307938190352211 0.152907956479196
0.296220827823389 -0.0683665501440217 0.10498026305288 0.344936165471953
0.307794340702292 0.23369644158289 -0.204180638539374 0.327452860855392
0.00397656827768696 0.468861163170046 -0.347524584408411 0.0905726786744703
-0.326875337720687 0.435611752064282 -0.124223571395704 -0.0614703258281355
-0.436558474609123 0.170408030918711 0.250948041063993 -0.149481734659313
-0.315503856225809 0.317879888693662 0.438428112292069 0.0754067882880688
-0.0480972339929034 0.386280569136732 0.547729412635213 -0.211828122704462
0.241211622431815 0.208936959841276 0.22946369798198 -0.442583782815707
0.274993722622156 -0.0603434463365268 -0.108164468435181 -0.35342950256425
0.142071918641066 -0.219691767041905 -0.217527141885879 -0.145616009549609
-0.00265782714567923 -0.21086290306852 -0.151307317826924 -0.0402245919421733
-0.0515104522508547 -0.172944953256872 -0.0146447957018175 -0.0316025808977126
-0.0410450634056321 -0.172342452413044 0.0953296496626477 -0.0770004364415419
0.032076519364462 -0.232396571824223 0.242690840996308 -0.0510494947115615
0.187549174305228 -0.2129229404923 0.34418278768249 0.0893380470002616
0.29199348817951 -0.0388524606004426 0.170415319469514 0.317807209959392
0.252984005565025 0.253018530822207 -0.148931785461113 0.315840122293847
-0.0779495262108295 0.410055550887502 -0.3067509226137 0.0611852565262916
-0.344353206982559 0.305876853448978 -0.00199326634023087 -0.139554106873231
-0.340884327765548 0.0241856391699727 0.409013932655613 -0.161083392328214
-0.317838094486259 0.162863681739779 0.464517740236658 0.111611226652785
-0.126137565344395 0.28576833068238 0.566535343801206 -0.0689171985124707
0.147838683630609 0.203517471431086 0.364211654283123 -0.314490501008801
0.21926731928574 -0.0117977229426169 0.0571068143421482 -0.374929413067555
0.136492761861947 -0.163443427147874 -0.139819493613072 -0.250168535758651
0.0131699937660197 -0.177333144324737 -0.144588188965063 -0.137561413198806
-0.0436265922936401 -0.145100886042882 -0.0234150771105097 -0.0992574739486113
-0.0349266196590338 -0.149285469050481 0.0873804929905021 -0.13643772982418
0.0355341840367249 -0.196210634098336 0.244616264045911 -0.111218200768331
0.168996273792802 -0.173020761758966 0.369402029129294 0.0312859643913648
0.257179520582779 -0.012878946735736 0.229771341630543 0.285528625972967
0.172534307149984 0.245510831631135 -0.0899319435596958 0.306678441610389
-0.124597416522782 0.312707720976855 -0.253111162620488 0.0618445762528779
-0.291577021535844 0.164739162471897 0.0988724228705759 -0.181117216503456
-0.167449245101045 -0.0798024393610163 0.4851726403228 -0.174844205029173
-0.215522932853025 0.0251302808640168 0.46544453780291 0.109835322585209
-0.112566815075127 0.142509702690713 0.538576421978611 -0.00171442155446873
0.0635087274622816 0.124945947956208 0.408246853297057 -0.23591439689122
0.12029381045462 0.00297020703672605 0.135609205988534 -0.372798415119398
0.083719354855755 -0.0967705266356756 -0.104070713467983 -0.299601579850568
0.0116125356767565 -0.113801940015361 -0.138321729224553 -0.197422318864791
-0.0287762187659507 -0.0967395278857718 -0.0303716164217549 -0.149785990356707
-0.03220557807996 -0.105930342881044 0.081455749626652 -0.182826725670239
0.0249181810389293 -0.141404381711759 0.251470240930636 -0.152834871459971
0.13404814724273 -0.118482385054753 0.386411085530279 0.00140624169902161
0.201775240997827 0.0206486215413365 0.258049281395604 0.27961653253396
0.0763279583319934 0.221218277621972 -0.0621261218207091 0.302039196720922
-0.16967259991336 0.18391563693725 -0.21273762014983 0.0538479279517043
-0.214413637488042 -0.00172212769948864 0.183782967389172 -0.183318759757874
0.105092512463916 0.125376468191897 -0.245189016286823 0.254961656754806
0.120246596093019 -0.0629376347816658 0.230023248082616 0.0669953004781216
-0.0134328707370334 -0.125646326202287 0.0837475792956252 -0.322919726544067
-0.0959412275599603 -0.00242773438031807 -0.29527121108687 -0.332441153804735
-0.03711579271694 0.055169221948987 -0.432305142571403 0.0403973693481786
-0.00440625509412648 0.0548017162898737 -0.250231486387915 0.236589412913037
0.0245829062204993 0.0435723820846409 -0.0862175119309593 0.230451336544014
0.01888073844938 0.0215799562123116 0.0437871741168478 0.193280409817606
-0.000349860650138941 0.0155584873109471 0.126741354069421 0.195272889177067
-0.0243837996989038 0.00612322954564378 0.118695573012984 0.274448407423892
-0.0173466276450304 -0.0096765500885142 -0.0714806091684788 0.344186649952221
0.00470705576363435 -0.0274214234215399 -0.34768558817444 0.251911412675454
0.0803757413999133 -0.0305474056477026 -0.461819781687088 0.0638987830276432
0.0991415754901429 0.0847384672576025 -0.490790167212373 -0.0675964155988513
0.00118908537616554 0.201412822120158 -0.494036324832271 0.180627459290535
-0.0321872380063266 0.242905346516335 -0.25237686574188 0.199031673932709
0.0937366451202535 0.0789340474967886 0.234328812965726 0.076418754716182
0.0574046010506531 -0.0299224038442248 0.134802079223229 -0.351855525673423
-0.00225979120177932 -0.00831098160242325 -0.2833066069206 -0.380906665573161
0.0292566431919941 -0.00819481365695595 -0.451268773276887 0.00676466252957955
0.0151277616527914 -0.0274241067396954 -0.271907286729968 0.228396349087271
0.00774192268804224 -0.0240073854701257 -0.0900351159307714 0.229182091518381
0.000262628899006463 -0.0442599007761516 0.0457122117239926 0.187212841129249
-0.00460836036474125 -0.0584185283678462 0.133766341528075 0.173069472742475
0.0102452263940368 -0.0887881247692779 0.156156520119303 0.245561351244032
0.0766705431438321 -0.0654136084293517 0.00841772497560692 0.342934199950087
0.108865490981358 0.0159459224231736 -0.28539143157081 0.301749329985414
0.115729997526742 0.107606092545824 -0.440678566028184 0.128209114011681
0.0184644986183838 0.242265139154785 -0.460175852058205 -0.0229930190513339
-0.156661254239138 0.320964972521838 -0.437305874879904 0.157697584297494
-0.190137787925599 0.315904626847033 -0.201920479059332 0.118882118879951
0.0184188110282577 0.227466539660457 0.267777504334363 0.08409532937162
0.106329622536713 0.109857229549683 0.231693578941873 -0.377052355186837
0.113682599704605 0.0153720949739395 -0.225336830131198 -0.450100356656998
0.113866520223179 -0.0673360407118506 -0.445322398283898 -0.0667191839721905
0.0446337643545573 -0.114761772692497 -0.291181787957634 0.183096193245366
-0.00595876875387991 -0.0967524301247151 -0.101959375542921 0.199890867666761
-0.0197754316226753 -0.103189099041988 0.0380012469240553 0.156063646738913
-0.0146539051111761 -0.118821849799595 0.134758566293962 0.125133115329465
0.0250295759889195 -0.169173385253819 0.198407928166181 0.182557293446796
0.137580207322979 -0.13748433096246 0.123155127010194 0.306706224938648
0.203718768807073 0.00206143504599352 -0.165441771623697 0.355230346381796
0.197390004078315 0.19148373760716 -0.385266905713548 0.22104617085201
0.00261273997304374 0.37435400735848 -0.426131070970462 0.0325509291113579
-0.258413475356812 0.415956019110526 -0.341907248692292 0.10913123619049
-0.333935000318268 0.32758272146854 -0.0900052416594362 0.0224720768574598
-0.097582767103314 0.34283263755576 0.319944820961676 0.0845767717415875
0.106290242648221 0.263733169212734 0.35481722080217 -0.370206689949822
0.219025808992875 0.0755999108827541 -0.106262008415402 -0.506360171267035
0.201164765965595 -0.101944326707941 -0.385862018513142 -0.170240275432814
0.081358145848364 -0.187988341449146 -0.293272850315913 0.0957860816996802
-0.013058704758881 -0.160139267308473 -0.119956622631981 0.140966641909509
-0.037225570140396 -0.146239489557656 0.0234152597790614 0.10473105823476
-0.0262785978987363 -0.156924219550561 0.125691629528209 0.0596501632612443
0.0256291419453263 -0.221114504268192 0.226501408285551 0.0973304386602884
0.163213009753082 -0.200812829020555 0.229720149923137 0.229922932453611
0.264451746859077 -0.0417997103958521 -0.0195323049119808 0.36581453751005
0.275113712603298 0.218441527350607 -0.293628554873167 0.294023720874248
0.0175478185656637 0.448208085971955 -0.38332325291367 0.0781751393369503
-0.301338508225489 0.458940373628729 -0.232227718764134 0.0335787778569686
-0.42022307741846 0.274086884220274 0.0692286022666805 -0.0711439552481848
-0.220293220693376 0.377392866789262 0.375515991658466 0.0774581737708521
0.0469894659029796 0.369701888409343 0.463257371859719 -0.311039333167464
0.267958313486063 0.151472165443913 0.0576340540290134 -0.503250764070696
0.262106030330759 -0.0984716940688506 -0.266083378524677 -0.274426944596199
0.114343420857568 -0.225793374204886 -0.267453438956418 -0.0187130893131035
-0.0139889301487167 -0.199407937177315 -0.136373742429013 0.0580527579715077
-0.0496732420970098 -0.167090857048996 0.00358323619462161 0.0383587389328454
-0.0384983430390525 -0.171175436670436 0.107188202794934 -0.0108792055140602
0.0223854218410412 -0.2391413325031 0.2341866521175 0.00920746743682961
0.16769192058584 -0.230153148401923 0.301132097923169 0.136518590502751
0.285504025000637 -0.0711744887220177 0.10650684054716 0.334384271328094
0.300285056083616 0.219295690074409 -0.195304232911098 0.323382467039953
0.0125760713179682 0.452882570998105 -0.337759159185589 0.0953414584636224
-0.310735075617319 0.428305651211866 -0.120402978718778 -0.056331865132006
-0.417162253759022 0.171430351060981 0.238928068476271 -0.143219356824881
-0.299746187915518 0.312024306701429 0.424562659462032 0.0734717221758907
-0.0425823495683451 0.375532308197722 0.529748090777531 -0.212914210082417
0.237517916996169 0.198812459301376 0.21732104441365 -0.433673543017857
0.265557622101634 -0.0643455487544202 -0.111742491490901 -0.341978380532325
0.129956014677223 -0.216280413831584 -0.214425761362909 -0.137315555782101
-0.00676000168587971 -0.20409913859695 -0.146491624349471 -0.0369255550157649
-0.0511299437568561 -0.164349795444424 -0.0152985661450388 -0.0313441338028161
-0.0426642398301069 -0.164925648800164 0.08849551174251 -0.0774093293334512
0.0262134835490214 -0.226093038567359 0.234067616054577 -0.0560962468965344
0.17627585814646 -0.210024612305865 0.336221818034363 0.0749681105710685
0.281779731745112 -0.042344139497302 0.170083501812076 0.30680919926927
0.246768166805443 0.239048908124943 -0.141919339310989 0.311388889283931
-0.0677969382240531 0.397548780107298 -0.298033917208485 0.0674361132429526
-0.329691182766049 0.301533287712473 -0.00430871777071694 -0.134761123646251
-0.32792941217234 0.0291936046052478 0.392579682563741 -0.159470889878764
-0.30463018448622 0.163592015517218 0.449968589498365 0.105880251815885
-0.118414693740299 0.27964977462342 0.547334491701608 -0.0738197915763905
0.146487814100303 0.194603127505536 0.34957887129669 -0.311164716936549
0.211599927255379 -0.0159826680454339 0.0477542121835284 -0.365815339766198
0.126047379814903 -0.161754905024662 -0.14139088657115 -0.241193942703618
0.00860923099328911 -0.171883782081282 -0.142545568318199 -0.1295274066994
-0.0430225971563749 -0.137676424878489 -0.0248415354751926 -0.0966351396728943
-0.03589801982701 -0.141485376978504 0.0802547605233202 -0.134145813681223
0.0302119151412008 -0.190638290355469 0.235314838023913 -0.113721156307474
0.15901570884651 -0.171086998695577 0.358976160680093 0.0189732847642861
0.247638479182994 -0.0175150641472198 0.227554551750315 0.274324070356851
0.168809026293846 0.234290999572908 -0.0843705064188717 0.301710640231136
-0.114355322782109 0.30309488158124 -0.24475510520183 0.0670107497821936
-0.27966125650134 0.164368969490636 0.0923135083546857 -0.176702758768201
-0.160996068989738 -0.0735107837898404 0.468240097640371 -0.176086602670537
-0.206089814690678 0.0287687227606466 0.450644046650508 0.101164978157611
-0.108159482931982 0.139992810081355 0.520778352159581 -0.00951208982984571
0.0638806414222526 0.119779280124329 0.393346185979422 -0.236156961450733
0.116688162985435 0.00116712478843391 0.123305388628098 -0.36537019129835
0.0768858018090179 -0.0967907690866773 -0.108474806172216 -0.288423434543984
0.00759789687800509 -0.109795413434666 -0.138160939494262 -0.187407294549224
-0.0284956732791459 -0.0906534400223336 -0.0318861270097075 -0.145028029345041
-0.0324224527233206 -0.0994900330699347 0.0746414574826441 -0.179291063919504
0.0204731989494173 -0.136363483949079 0.241733923770789 -0.153674546946459
0.126556838506789 -0.117738767856678 0.374107128066273 -0.00834183649662427
0.196072777304386 0.0161081427607151 0.254633369811166 0.267252575322009
0.0761843972323477 0.212535229282124 -0.0569494789009326 0.295387365289389
-0.16118609506104 0.180004586338868 -0.205497888368575 0.0573035965945175
-0.208417496889552 0.00142221195609795 0.174332488975395 -0.18178383720198
0.0903242645728215 0.134199074856484 -0.284830134243289 0.231399930057
0.125888665986012 -0.0464614113514275 0.22521575083411 0.105535510046268
0.00408204630186213 -0.123460367559134 0.132461573584702 -0.309189384889334
-0.090050610421721 -0.0170273512698194 -0.250991710597481 -0.366614234195357
-0.0442350214246936 0.0457781995458598 -0.431261484338177 -0.0162849576850474
-0.00973349593423845 0.0540384601950779 -0.281692981481583 0.201980796174764
0.0195208091794543 0.0465538133465205 -0.115442322556449 0.220667479316927
0.0170423675663229 0.0236258522271899 0.015541628221916 0.198681851792637
-0.000424746541087834 0.0153479055455362 0.097926771562032 0.212557336811859
-0.0226330933765872 0.00295054652760683 0.0790602692438988 0.2882950791142
-0.0115386368194392 -0.00831662400174761 -0.122506670151068 0.332778813912972
0.0126775345539254 -0.0207825036140761 -0.386048844680925 0.201914657298048
0.0777696983425706 -0.00934841393826328 -0.469171941960483 -0.00891432714193909
0.0787433678454703 0.102684702893154 -0.479270573065785 -0.147015664353605
-0.0282981710130722 0.205330622092987 -0.523083356908546 0.102212068955393
-0.0587515822043009 0.234144788552005 -0.289046634552218 0.162666716046285
0.0805190383453498 0.0898224430007061 0.222345671215557 0.112087814204032
0.0600937785660528 -0.019999707836406 0.180264109575059 -0.33147510734067
0.00212257848269297 -0.00858533816141443 -0.236045721962074 -0.410762696208067
0.0297557762543019 -0.00667345148887814 -0.448042309088095 -0.0478497855474723
0.020401023051659 -0.0240565369212307 -0.301352078893703 0.1955657161798
0.0129805717894097 -0.0229624950380232 -0.11860715474538 0.219394232369814
0.00825176988598773 -0.0438403855265567 0.0176284403259136 0.191218630123361
0.00544734997932852 -0.0586438690529109 0.107018487787633 0.191333857513049
0.0237701043111229 -0.085786152083646 0.118422743165916 0.264483145830775
0.0881802515254339 -0.0502806080144137 -0.0423216136582544 0.34076683215655
0.110054916218823 0.0374453199809085 -0.332713112032413 0.260476189556953
0.0941317900724514 0.131204157417008 -0.457698283952634 0.0588130424959656
-0.0218963814271276 0.245019029480707 -0.451424116652536 -0.0974960896134596
-0.202371671888294 0.298417350323771 -0.45913721290589 0.0884869422499559
-0.223720468584637 0.288051471153512 -0.228259371905246 0.0760676786816678
-0.0132323746862159 0.226360405590515 0.250099282518976 0.117380339963936
0.089126601780299 0.12396477076894 0.271418874864873 -0.34707432092572
0.11191185180166 0.0323814353114863 -0.174900592644603 -0.470387951732345
0.121340511535461 -0.0517656075279996 -0.435969616935599 -0.116903288481642
0.0606242943702231 -0.106321367963193 -0.312239492007453 0.1501808794111
0.00894017946397308 -0.0965018789960893 -0.12690278646258 0.189898413132111
-0.00288635454465625 -0.105154277098205 0.0146302594075498 0.15910570878324
0.00434314073347703 -0.119237115362302 0.113269900737305 0.142719931251881
0.0493940217097987 -0.163070988056641 0.167664673356986 0.205842785884517
0.15712238041176 -0.114458187853872 0.0758987718193872 0.31851515805775
0.206622248108454 0.0367579476201437 -0.220914128642252 0.331474973624675
0.164015137501216 0.22423044976415 -0.416204101157116 0.158859230241936
-0.0562447482351689 0.372591865614208 -0.421335024480251 -0.0344196549499993
-0.3178933348337 0.376815277416098 -0.355530120778185 0.0540570681924795
-0.368062251202669 0.283282358838283 -0.101800326274817 -0.0162884826983301
-0.143479819465205 0.325189040428134 0.298359684289296 0.117339665446877
0.0683149708796405 0.277070460075522 0.385035610695475 -0.329159352678338
0.2069630206678 0.107307260642868 -0.0548679692857034 -0.511486170352265
0.213202815834233 -0.0714731836347038 -0.36828366727283 -0.210061462657609
0.106097043176075 -0.173952562246399 -0.302761947201579 0.0663941178583769
0.0100180990485667 -0.16033599881718 -0.137529637335887 0.129538775292106
-0.0136781882874774 -0.149512967623079 0.00747196834845044 0.10572753306488
-0.00328486420857222 -0.158043575072082 0.111765174153672 0.0765419389940754
0.0567391096031431 -0.21528767970955 0.206763895677698 0.125277976703731
0.190949463216687 -0.173935234660329 0.192478568712185 0.256170163081599
0.273007034247512 -0.000763535997757251 -0.0784577864937235 0.364220996213443
0.240095909736358 0.260577048967716 -0.335227588970101 0.245827784991056
-0.0495310264731875 0.446767080257699 -0.384521148362066 0.0156468074216908
-0.367303204319781 0.41146742539425 -0.23143468215996 -0.00380636977782502
-0.446762809546609 0.21917676141832 0.074596950288546 -0.0950885741244632
-0.270043652697948 0.343207079089346 0.356141545534605 0.110804707570681
-0.00525643198200816 0.372826322842471 0.482127167031354 -0.263550522928599
0.242674978400131 0.190066232874532 0.103300068888652 -0.492416025843223
0.271470761235842 -0.0587242471396797 -0.240669788343196 -0.296945694781255
0.142668140410187 -0.205421842198298 -0.262945807088401 -0.0417190769205404
0.0146092362514635 -0.199975548843508 -0.144230307172244 0.0454309880542615
-0.0236562928481471 -0.171194578791305 -0.00194402837990362 0.0377015822333315
-0.0128677733820368 -0.173783244239012 0.104008102105655 0.00365923228678411
0.0555059893136313 -0.234172529934691 0.226253730903814 0.039167728965985
0.198194517127251 -0.203483620646666 0.27681013079038 0.172342346636053
0.297371915083272 -0.028007030644008 0.052664849657327 0.351868039129618
0.265259054354664 0.263166487690518 -0.242892805290743 0.289653247926248
-0.0552336704699987 0.450525399695438 -0.340743773098402 0.0427669570738829
-0.374132153925576 0.377439414246872 -0.105238760272695 -0.0761309138715872
-0.432698293002817 0.119389096370898 0.259019205493054 -0.143888197971715
-0.338645689307618 0.269333777671616 0.410042114569796 0.110408199622309
-0.0952425594711263 0.367153089704302 0.537549658790948 -0.159881723795808
0.205897622078609 0.231701875329428 0.251877618497276 -0.406653000142988
0.27025374455715 -0.0241725872654364 -0.0805175391921209 -0.347288978117966
0.155115491550826 -0.194323816435963 -0.196027736517304 -0.153241658301307
0.0213872072637097 -0.203799534124396 -0.143654637280958 -0.0488214665895682
-0.0251171716735635 -0.168610669471359 -0.0110042707271194 -0.0343324161636398
-0.0176516115090715 -0.167047528770647 0.095425044756024 -0.064790646239275
0.0576977299788745 -0.220635765129021 0.236094513604854 -0.0256254434763694
0.20326326832833 -0.183474695419213 0.320301639336326 0.115592693852889
0.288599882737407 -0.00165367357434153 0.121058613777171 0.331693636916319
0.209873636338618 0.274552282547356 -0.187112949403681 0.285192080498232
-0.125343355656824 0.383507886270053 -0.297074067715514 0.0227968597880578
-0.372756191256954 0.247920356606785 0.0223068125480507 -0.135762835955459
-0.327729720642251 -0.00935752805770127 0.419267462559802 -0.130857361151828
-0.322810678315732 0.121871928956267 0.437189678950298 0.149556717295249
-0.157455761022356 0.261444810313591 0.545451270919193 -0.0196836757070475
0.115962141957374 0.214602292081521 0.371743188436509 -0.271301171372083
0.211089887855655 0.0161606154832255 0.0821217439150727 -0.354275212894711
0.143332413615901 -0.140974255436 -0.112407858720493 -0.249003196882508
0.0316245759793156 -0.169732810139439 -0.128600338638763 -0.143119079608595
-0.0208376372676105 -0.141240314352139 -0.0104336481850175 -0.0996556506145573
-0.0153643671033738 -0.14257950503834 0.0956611419711338 -0.12229451287531
0.0556510575911546 -0.184299893094307 0.246863283139429 -0.0833559436712249
0.18162471428405 -0.148673108379359 0.352904947538749 0.0640800654494923
0.251879635767189 0.0171927822533061 0.184449608033892 0.306207861583249
0.135327726620158 0.257797401097154 -0.127605075119252 0.285266815288317
-0.156195926512224 0.28439043260236 -0.245350359874401 0.0321920257891008
-0.303089513361667 0.11846692009713 0.123449261574297 -0.163984772582164
-0.150678745549959 -0.090490134970626 0.496503621996984 -0.122782982105475
-0.20677484231879 0.00322366297917954 0.442915396968171 0.152382637915502
-0.126598301169721 0.12519227017006 0.518052712300913 0.0456899126317019
0.0461496965764936 0.128910064220788 0.411623333627452 -0.190004581811531
0.115857372724939 0.0179771596849423 0.159968674980806 -0.34585227147554
0.0853971156274153 -0.0833532669085818 -0.072540523562237 -0.29645722441367
0.0213960504832096 -0.108294617606923 -0.117212757365918 -0.201511699986616
-0.0135800432188344 -0.0932150452417453 -0.0107417127162414 -0.148988118563925
-0.0183670334099179 -0.101433259961516 0.0974749169551663 -0.167958242298227
0.0392767527599764 -0.132506328374825 0.259841547334786 -0.121655974337789
0.141807983444612 -0.101676612979284 0.372076128751689 0.0413586322928323
0.194646240891457 0.0410634903200796 0.213872135488992 0.303625250334317
0.0486419764504805 0.222838962776098 -0.0996607730589427 0.284644675362657
-0.183233806655499 0.156016386190247 -0.206943209542475 0.0299761881441078
-0.207434665089742 -0.0336030718502585 0.203239945187128 -0.15646452111446
0.0954255192806043 0.134707318010647 -0.2844434974316 0.248467032063343
0.12784335542245 -0.0506669888613147 0.238913258074115 0.106930279424158
0.00133266986805623 -0.12666642314936 0.132483656438872 -0.321933888599161
-0.0918569518171908 -0.0157433031003992 -0.267950194220316 -0.374861734909372
-0.0436202134601253 0.0470178374251726 -0.446080667826963 -0.00776165929023366
-0.00815027335460686 0.0575275444512945 -0.28541359017849 0.21580578240766
0.0213799222159142 0.0463628595735722 -0.115433542776064 0.232569210262969
0.0183044861533967 0.0232142836432481 0.0202689644020418 0.205571116378447
-0.00108127961728092 0.0144636299991588 0.105245545778824 0.218364099929583
-0.0230487889847556 0.00251885766232529 0.0868525758294736 0.294920871983436
-0.0108466061389185 -0.00785696683884765 -0.120419086490324 0.346035357212881
0.0133002299956916 -0.0213862815273653 -0.396465752976816 0.217739633384703
0.0778753738952978 -0.0105001801212194 -0.483649684436136 -0.00324662333172006
0.0809479168289453 0.104140015725494 -0.497880489080851 -0.146356346733063
-0.0250087965571022 0.211542409542697 -0.536914463863089 0.113055924017318
-0.0548952639335663 0.240464663603694 -0.291758538409234 0.179468219271651
0.0838460099187469 0.089836150261378 0.235838688195434 0.115797901215698
0.0607091922049467 -0.0209590026633868 0.181902172213954 -0.34634308769923
0.00335167279286052 -0.00842563082480787 -0.251954620245161 -0.420539210074562
0.031170883668155 -0.00878843555799118 -0.464034669135518 -0.0418283519369045
0.0205172995920348 -0.0245666815411093 -0.305120312957322 0.207867348218149
0.0129092700414237 -0.0248628491187382 -0.118865633894063 0.229922712924623
0.00806052414850457 -0.046388013379404 0.0208709352357316 0.198109678131689
0.0037154227223357 -0.0611708987133518 0.113235205377441 0.196080450218073
0.0224001103044722 -0.0896962213618727 0.126877204010142 0.268636134716359
0.0904125811801174 -0.0536849317482255 -0.0382646785719312 0.350840729164958
0.114849339977322 0.0364474729175827 -0.338490305402376 0.277749729418824
0.0968715529123153 0.133609621501938 -0.472741541360102 0.0681727370298941
-0.0206550824766954 0.252448865495526 -0.46956735427212 -0.0943076714911742
-0.203607962200236 0.311568400287431 -0.47284387146414 0.0993648242464881
-0.222140756142447 0.299249922639874 -0.232354616500629 0.0885207496995723
-0.00950025739109902 0.23130107009592 0.262912704726461 0.123017116564006
0.0932446223923082 0.126381465503121 0.276096706134292 -0.363457257874419
0.116601447492657 0.0319543455933723 -0.190211189553983 -0.484379081837012
0.123801373807209 -0.0574445245522944 -0.452050168591477 -0.113182595712714
0.0589610753125991 -0.110409923295843 -0.318124649298084 0.162027548100724
0.00713315272666288 -0.100601254178887 -0.128170373526912 0.198554721606546
-0.00461688700531179 -0.108666496034639 0.0170353923419081 0.164324447178741
0.00156662377838453 -0.12383403021218 0.117191240747841 0.145062678306629
0.0461023443059249 -0.17071881161531 0.176508137940941 0.206781119307721
0.159622794132302 -0.121161637056865 0.0850833296906154 0.324471491357656
0.215081502690853 0.0329229789642761 -0.222555335039835 0.349565720826659
0.171260741962919 0.228173745365368 -0.428082006331411 0.172834587378493
-0.0516771092918731 0.383987733518426 -0.438682398140271 -0.0288591282000004
-0.322260708039434 0.396115237701882 -0.364078599828839 0.0628208531856495
-0.37124293716705 0.295260080336076 -0.104061401768551 -0.00851506271350295
-0.1417584937696 0.335233356278087 0.311400914482648 0.123294543231791
0.0733866103599395 0.282752491305815 0.39279125369503 -0.346361730916154
0.214972787425774 0.106883609423143 -0.0655057379915172 -0.529449781153642
0.217246493954121 -0.0794981211863414 -0.383862607421827 -0.209010533267903
0.103240217613229 -0.180917997257005 -0.309904030617941 0.0758249640472768
0.00699866635218983 -0.166312920512862 -0.138759006263841 0.135949896450484
-0.0164264125811222 -0.153893529887582 0.00901363023303393 0.10963318326336
-0.00631502918186644 -0.162840108344028 0.115047481224777 0.0761796179159073
0.0518468325106227 -0.224082083227863 0.21442046775162 0.122588821695087
0.191389369615716 -0.183729288688609 0.2039237917858 0.256003796147097
0.281856014168104 -0.00704733440056863 -0.0742326125625542 0.380511112597207
0.249604118774107 0.262599401503033 -0.344302630951564 0.262980366823296
-0.0438276777521873 0.460703257970997 -0.39862477703507 0.0250777573536963
-0.371561970820401 0.432961501991537 -0.237485440212533 0.00117364887592936
-0.453544443926805 0.232917515798446 0.0743175729440022 -0.0936068113780357
-0.270010599048833 0.356857981760758 0.369318125981917 0.117133587953524
-0.000101269444249664 0.385396930183598 0.494128909896369 -0.281341306023737
0.253966228802667 0.190101767048147 0.0977417695755968 -0.511852229578077
0.278040263776222 -0.0679717806098264 -0.254602176020476 -0.301808836929947
0.138935804591151 -0.214976902847058 -0.271815855935051 -0.0365715797440582
0.0095585956384287 -0.206295386402335 -0.147472584823679 0.0500749767022753
-0.026063485838933 -0.175781111973118 -0.00227397282206274 0.0392054322260662
-0.0155709864356695 -0.178151315965721 0.105005049764604 0.00209602429681381
0.0505959614357986 -0.243290159163682 0.233334179453664 0.0326373131720584
0.197966921367876 -0.215436223167529 0.288256222783444 0.167723662177912
0.306142583103443 -0.0356842575122494 0.0604024954546236 0.363419758187122
0.276184246615676 0.265147406987665 -0.2470861546026 0.307628929300051
-0.0487542408966927 0.463470910563963 -0.351089969817152 0.0528158453571696
-0.37785771724322 0.397566749246749 -0.109283372337274 -0.0759927112324114
-0.441602937858617 0.130211721014129 0.263627720949256 -0.148025612562742
-0.343880950929555 0.28113898113164 0.42387954698041 0.114831458087116
-0.0927602570392399 0.381409907197185 0.550392414741009 -0.174393064026913
0.217177143372575 0.234797825645475 0.254230184703851 -0.424975191678875
0.277541012430955 -0.0318722379669172 -0.0909203201499198 -0.357132988043211
0.152725291133072 -0.203222902133971 -0.20558980841828 -0.153337641226888
0.0161528644109411 -0.210245418217036 -0.149272084811095 -0.0476056936874474
-0.0274391454520185 -0.171385116051507 -0.0124671232035092 -0.0354436680189038
-0.0211901316408165 -0.169880213309184 0.0945338029460465 -0.0685334811031423
0.0535247489222199 -0.22962396135938 0.242516963356042 -0.0335592094473663
0.204787036231288 -0.195046368195266 0.333032102626675 0.107926696337695
0.297554002295264 -0.00775650658050459 0.130517324359727 0.341485635500144
0.219970190773557 0.278756854280612 -0.190945309202763 0.30258004967191
-0.121387210899642 0.397105517410404 -0.305884334523234 0.0309710398591726
-0.379762471154591 0.263944917409095 0.0207598400426016 -0.140599221091797
-0.335703989083957 -0.00437545178403326 0.428262809655302 -0.138372548266581
-0.328047080371773 0.131284834400699 0.451790511799569 0.152024514055469
-0.158494321006611 0.273131561472022 0.561422119677023 -0.0268832281554794
0.124796994720991 0.218633988825018 0.380717278450842 -0.286637240928801
0.218112284770208 0.0106524531138191 0.0764655208214343 -0.367163713514276
0.140615115675954 -0.148549136819579 -0.121528875575262 -0.253840517220439
0.0274981957825779 -0.175289173618911 -0.135729949338449 -0.144018895834346
-0.0227266047327027 -0.143209765370145 -0.0134931114516574 -0.104124619098354
-0.0175780145797239 -0.144666817456236 0.0949506321802016 -0.128003689140427
0.0532491787283427 -0.191141545660312 0.251762520059022 -0.0921100836877901
0.181605913226011 -0.158022035049298 0.364528450601332 0.0559803576787342
0.259348008686529 0.0114557550618956 0.196727444694734 0.313073750109662
0.143150784656633 0.262765264326135 -0.129269179137199 0.300826382967588
-0.155140409074652 0.295250115333021 -0.251993077677985 0.0393222085867841
-0.310466408106054 0.127640788293504 0.12268584216795 -0.171669679929034
-0.154456886067998 -0.0895804293442361 0.510090961047918 -0.135772203438896
-0.210354559688797 0.00783868722567076 0.456938936682959 0.153693119724894
-0.128966056339696 0.131537000944987 0.533716316391108 0.0414482603826999
0.0501459606555551 0.131139585858207 0.423679129794877 -0.203653848281633
0.119608467599055 0.0154608742943565 0.158261116044478 -0.360854933851597
0.0823879434390045 -0.0876813159545237 -0.0832668018438517 -0.304519645771609
0.0189555990447444 -0.111868329883067 -0.125786379061817 -0.205184475419098
-0.0148569637001974 -0.0940900077724756 -0.0137086288151329 -0.155158757469631
-0.0202087710582462 -0.101517445406044 0.0961765932253047 -0.175093798441866
0.0369478183667062 -0.136771596393908 0.264873862196657 -0.132614849230362
0.142137743981766 -0.108708016171513 0.385523449638512 0.0315652382533414
0.200988684394005 0.0370266843679549 0.226371369856827 0.309566426594771
0.0533608081079714 0.22918529115628 -0.100614023019405 0.29839185726662
-0.184525105543102 0.163895542065045 -0.212133823022593 0.0358002322326414
-0.215762266940141 -0.0297543817410228 0.204061825127077 -0.165613399695
0.107175638368656 0.132228022246173 -0.275037975718082 0.276613469125678
0.128433584565612 -0.0605794266284078 0.259166031767393 0.0981488113499891
-0.00553052605176573 -0.130768280693113 0.121325259011886 -0.339148005050187
-0.0955650987407603 -0.0112290373490496 -0.301409727332135 -0.37496161250435
-0.0416355836573532 0.0502105350863007 -0.463860819954345 0.0162211256379082
-0.00355086159348279 0.0604943574706865 -0.28152378100217 0.240318976312088
0.0250751400740579 0.0460949672083441 -0.105779160349077 0.249397491290317
0.0204767328109318 0.0207429622626727 0.0316439674993647 0.213300693433563
-0.000471643038896378 0.0148103850033842 0.123110796063799 0.22002423360399
-0.0240587675040618 0.00404672017195706 0.106972489069728 0.298673740490191
-0.0105348435421885 -0.00768134491832532 -0.105776295877435 0.366791266063207
0.0123432062742586 -0.0226317359222305 -0.398635421484746 0.249511847764044
0.0778721721363486 -0.0142152475618232 -0.50082312538092 0.0207449859846193
0.0864674831074956 0.103446577313284 -0.525351926941098 -0.126130516703409
-0.0137330070038343 0.219261667782738 -0.54935307345732 0.145492689736636
-0.0418322033817621 0.249863325113442 -0.28684167008997 0.206698672781752
0.0907559480357256 0.0865442877563144 0.256518215610543 0.110575661778135
0.0608240832883804 -0.0255712841835112 0.17108376643577 -0.368043440663246
0.00332869579429614 -0.00854983156164553 -0.286258093160257 -0.423203839252048
0.0315522316979954 -0.012279150642619 -0.482790217685334 -0.0167040045552009
0.0199623668511837 -0.0257711452921984 -0.301675203015732 0.232392188006258
0.0120198558668383 -0.0279110221096593 -0.110493950321911 0.245220545821309
0.0057635599132562 -0.0503886902520336 0.0324671349218203 0.204981652511152
-0.000173561296375628 -0.0651498790966808 0.128493281952651 0.197052279258746
0.0167128656735868 -0.0951022160886884 0.146176604837536 0.268544201609979
0.0910597873216368 -0.0619801730436598 -0.019808535007905 0.364611629127939
0.121575156613454 0.0303851350312171 -0.336042116485019 0.308908320947204
0.105872663009527 0.133440313825842 -0.485638674977823 0.0967608239586501
-0.0103868898313428 0.262244826416691 -0.492836751438481 -0.0728557770157954
-0.193440192009261 0.334121007134506 -0.482215344157213 0.128354845708696
-0.212286965157957 0.319235678105716 -0.23173386720224 0.111559724278078
0.0024990647205727 0.238085165837101 0.283639539522041 0.118355869166156
0.101646406801883 0.124765245741591 0.268182828804569 -0.391817518881021
0.122835683950088 0.0257151250110976 -0.224565037192993 -0.491992246388239
0.12479140178445 -0.0687389903348424 -0.47454574397373 -0.090711506576094
0.0537239111949796 -0.117121268024897 -0.317886847394755 0.186746545522475
0.00124819151698106 -0.104665306544987 -0.120776255771337 0.212205606361326
-0.0105401766350409 -0.113126612581612 0.0263856804806852 0.169724387690638
-0.00620410573844214 -0.129029677616758 0.128917910161149 0.144365579104529
0.0356048178741853 -0.179886200791651 0.193810441116998 0.201969399912205
0.157444429243838 -0.135956353848936 0.104327013290079 0.327590316000549
0.224127707228894 0.0212582122421908 -0.210419041413282 0.376637227741184
0.187688732959592 0.227086152324427 -0.434707238034765 0.204874433566906
-0.0337659374714518 0.399942169014362 -0.456780709506114 -0.00573423702672652
-0.310754815208893 0.427621821513052 -0.371293960892745 0.0863329340417217
-0.365832177498023 0.324014564929254 -0.106811547275647 0.0036680505910501
-0.127184690211464 0.353668695241726 0.332994914152467 0.117537727811533
0.0910056258138053 0.289077715914354 0.390523684016215 -0.379645272683768
0.228827587832616 0.0969153027851519 -0.0973927373046929 -0.545258276329137
0.21927549253961 -0.0978145109251721 -0.410675755130072 -0.195765683171945
0.0930531704742841 -0.192348787346614 -0.316010148715495 0.0969045453054719
-0.00339762676418307 -0.171738351661312 -0.135783665016359 0.148702835912193
-0.0245297161694651 -0.158688874447244 0.0145715536226339 0.112437861252174
-0.0162253084169224 -0.168871036078094 0.121580626273409 0.0738500974994917
0.0377207137888438 -0.23608521795115 0.228133918415664 0.112592746219492
0.186700550179075 -0.203236429033684 0.223853449558478 0.248963745080288
0.291072472392247 -0.0249702237911338 -0.0555825268264671 0.400473301290959
0.271816603151229 0.258822698530511 -0.342754193530485 0.294978750539835
-0.0202216337399825 0.477622634344131 -0.410890628871653 0.0494287786190485
-0.359991467704934 0.471036824009522 -0.243862178863211 0.0139387774851696
-0.454234526953762 0.262718713476831 0.0715492485812969 -0.0949422169751697
-0.259378357341758 0.383351653608391 0.389813716643971 0.108731207862503
0.0200016901001108 0.399601337135215 0.497919580436605 -0.3166504804751
0.27430078994666 0.180779948796751 0.073050751821611 -0.536086502949922
0.282846716191705 -0.0883144831707212 -0.281922098317691 -0.29863719087491
0.127308872595308 -0.229608632021175 -0.282713114717313 -0.0211152136665795
-0.00332879181161483 -0.212933649688297 -0.149066709794962 0.0593767477252344
-0.0348913065385616 -0.17966850112159 -0.00106347634084523 0.0398998780476742
-0.0263071253048499 -0.181945545341182 0.105905564682747 -0.00333441676532987
0.0354886315711645 -0.255913307871294 0.241817869975723 0.0182804100745763
0.191331135247725 -0.23544256775994 0.306126478503857 0.150818877541258
0.313944217350643 -0.0564818610666888 0.084561495568074 0.375336893192452
0.297852140489379 0.258978921474867 -0.238607353780529 0.337056968565465
-0.0230809130002901 0.482667470133495 -0.360579690452683 0.0764922601154568
-0.367381104839255 0.435382940190591 -0.116218145823964 -0.0722211273849959
-0.4475053014577 0.157249957408724 0.263194617293478 -0.162611072104092
-0.33625044724324 0.310376612171976 0.444557604808059 0.102094471252634
-0.0752546731065505 0.40052554351792 0.563377719716201 -0.20836866136488
0.238700948349235 0.229189907250638 0.241108752615665 -0.454497246266176
0.28541954432346 -0.0518695393309006 -0.114812031545286 -0.364348103989592
0.141708427988472 -0.218276853601505 -0.221895170929441 -0.145329898899414
0.00211535518480202 -0.217487133623293 -0.157202530397545 -0.0405752681226836
-0.0358091452326149 -0.175925113584663 -0.0157367842719697 -0.036542672779916
-0.0298828050040402 -0.173466457377828 0.0923195178421848 -0.0751047137341158
0.0393989313506796 -0.241403129607892 0.248509633102353 -0.0508490834684892
0.198706303651656 -0.214097661695912 0.349130703918227 0.087568621366109
0.305953248791063 -0.0272910733954122 0.1547296442472 0.347578513127576
0.241065900529286 0.276193713334834 -0.181026490371133 0.329095017009037
-0.102753570786616 0.416869116366038 -0.314588906230074 0.0513755578212363
-0.378275932221016 0.296094842665896 0.0136159081543814 -0.146835522641779
-0.345810314794441 0.0131119636919887 0.435409483701505 -0.162840446169268
-0.329121778594875 0.154220258089792 0.474456901087911 0.138052234316589
-0.149320674218371 0.292591628103584 0.582242525231923 -0.0588392435943103
0.142308544412584 0.217644449516121 0.379954418508492 -0.317060927721188
0.226187325269876 -0.00339748847046233 0.0578888661985828 -0.38438045844106
0.133242541946366 -0.161531228480309 -0.141292409073363 -0.25462477851021
0.0159242535478815 -0.182775780696244 -0.149856672229923 -0.141092267844267
-0.0294790925143474 -0.146458253483238 -0.0205877515845837 -0.108034802573336
-0.0250821729208938 -0.146375295628026 0.0890913615971006 -0.137634119771009
0.0420585540550719 -0.201319123402268 0.254974613847299 -0.112656716693956
0.177470029500748 -0.174849702867861 0.380017905192134 0.0313590006883771
0.267374857612577 -0.0047077321108392 0.221540925761234 0.314629744045692
0.161270894659016 0.264327258738275 -0.117922815636926 0.323101213706582
-0.143830545998315 0.313606289445168 -0.257581291938824 0.0568490944011637
-0.314327826812961 0.15144897550682 0.11641330745767 -0.184728548250913
-0.162465158259098 -0.0848106429069981 0.519528446957745 -0.162751391813559
-0.21445320478256 0.0197930048032654 0.480338221824118 0.13825036183335
-0.126001735956646 0.143826885656671 0.554758628393973 0.0129877101359565
0.0599846301444234 0.131976475549386 0.429015605013843 -0.23366537785627
0.124255553294401 0.00741225957729208 0.142836432685568 -0.381605213659989
0.0772471332718993 -0.0950380709279474 -0.10513512795435 -0.308613014729436
0.0109577829832694 -0.11675955281879 -0.143551598882376 -0.203658814910021
-0.0185348155200328 -0.0953830878383645 -0.0247574393855771 -0.160438750146206
-0.0257312314935452 -0.100914116512664 0.0879247327216714 -0.186553171977408
0.0290963952819125 -0.143163079315998 0.266766782701707 -0.154328193194295
0.139355008866761 -0.121343985778118 0.400084609047215 0.00735751980763839
0.209539256006921 0.0250699874703624 0.253284101356863 0.308286938818894
0.0680450826800306 0.23433325315929 -0.0887426107395647 0.316751877667728
-0.181036030439729 0.179654687173188 -0.217608367931617 0.049690762092075
-0.225455569145765 -0.0174576865676165 0.198546044474787 -0.183610540531538
0.118221652945481 0.122986566067116 -0.248000555146895 0.302674569620679
0.122977295199342 -0.0721682973620021 0.274370471283065 0.0783670738368048
-0.0159862795182443 -0.131012707314066 0.0981306764735558 -0.351581377328316
-0.0960528081709382 -0.00339955372651344 -0.336715788833912 -0.351374028475247
-0.0374963272593171 0.0525036066433402 -0.466270212357833 0.0553383597692207
0.0036922769379781 0.061179408449162 -0.261486150738075 0.263606118033714
0.0298109772996617 0.0429409250923625 -0.0860114677007097 0.261302434109668
0.0216484326478882 0.0170180086052531 0.0504525436970307 0.213565646445079
0.000102140331818414 0.0139348428278037 0.142890442504847 0.212250313301086
-0.0236050109230805 0.00605705294790923 0.131704816270743 0.29097544180548
-0.00955207313769116 -0.00764844539037055 -0.0775617277224264 0.377797199142853
0.0106424558995649 -0.0236103279228936 -0.380580355930647 0.284668010857415
0.0760794278109983 -0.0193403490871351 -0.501514882237808 0.0578691178513224
0.0923924485607572 0.0974968339452639 -0.540720494528784 -0.0884721397082435
0.00317067363224537 0.220213894388691 -0.538102413941356 0.184980351265519
-0.0210541282282285 0.251796308424212 -0.265903442449268 0.235005260017107
0.0973239683316951 0.0786379379494283 0.272897114365367 0.092536419092142
0.0582853436729705 -0.0305518802873547 0.145035151183049 -0.38332027143087
0.00259444938056966 -0.0090491850333555 -0.324460528652487 -0.403056956956952
0.0303248357949789 -0.0167500029301529 -0.487488128402563 0.0233916265501047
0.0188874990886056 -0.0274065267431935 -0.283103502502734 0.258297428000773
0.0102026239280209 -0.0290557014915943 -0.0906851761859335 0.257208824618136
0.00152753194584371 -0.0526669552307407 0.0497766788820088 0.20454772837706
-0.0063346641089421 -0.0659360795352807 0.144813479455522 0.18788055284844
0.00820468356708292 -0.0966572920437067 0.168492827189318 0.256416518802916
0.0869790100040746 -0.070667249354319 0.00859986007023398 0.367698006088835
0.125069706478613 0.0204593145284537 -0.31293590439107 0.340373930501589
0.114594051203389 0.128008329281126 -0.4810834644333 0.134353199329747
0.00792498431506325 0.264151445304988 -0.50289404005962 -0.0351556394735955
-0.167678985729079 0.350716231001026 -0.471200019484729 0.165914410003302
-0.185646725534475 0.334611373863308 -0.220114229102505 0.135684493672008
0.0209544066506959 0.23737121062805 0.300322192753683 0.100598352499001
0.111209646463542 0.117205903945207 0.240579712247847 -0.414852537961254
0.125109058790023 0.0156386551167492 -0.266114440149958 -0.477668531688246
0.118163623858935 -0.080932438932377 -0.484244746714622 -0.0526705088325201
0.0431399758340642 -0.121157435637082 -0.302896078371653 0.214400765076968
-0.00743420678450253 -0.104605260540616 -0.103888765671803 0.223180683313516
-0.0195847084830746 -0.114341957271506 0.0401866750155803 0.16950387828099
-0.0172931774258952 -0.129730498070981 0.140819106455319 0.135449961555362
0.0186439129509563 -0.184610037178425 0.209786151930409 0.185340607561225
0.146944523731964 -0.150632409823026 0.130051378570221 0.318767060430849
0.227095119652134 0.00155841394060784 -0.181114189830381 0.398414454301768
0.204706933181556 0.214695939698951 -0.421003502617323 0.24362610719864
-0.00481300721750152 0.403986813415294 -0.460773904309725 0.0301722920877291
-0.276603172381371 0.455389134450472 -0.364136423827732 0.115429424655886
-0.338750378403055 0.351719297208413 -0.104087014127749 0.0177261164203628
-0.0993997937006539 0.36237886964911 0.349015227985102 0.0993935501019862
0.113238250286473 0.283045868674251 0.362668517288226 -0.413070630408435
0.237322230985074 0.0784874918711052 -0.142001006128769 -0.540976584280262
0.211106931920774 -0.11805551628603 -0.427768226020707 -0.162797050975187
0.0758642549922719 -0.199861423998276 -0.308116256456469 0.123797608876232
-0.0188902689745597 -0.171305847425953 -0.124707620071084 0.15964224110373
-0.0365272675406174 -0.158433282402107 0.0229179028584186 0.112626851337237
-0.0305619890369728 -0.16819325770664 0.12713063840733 0.065257267581752
0.0165596080796658 -0.240560116366619 0.237380390103356 0.0930171279119186
0.169867967508967 -0.220421844567875 0.242658851869126 0.228433290761701
0.289302930933587 -0.0500126833355466 -0.0223678792596918 0.410116266854069
0.291484823158272 0.238765683720385 -0.32014230785394 0.327769574960209
0.0177338764043041 0.482210431458829 -0.408349337135431 0.0825958954701562
-0.323539187776583 0.503153196549662 -0.241052615142968 0.0337561072012144
-0.433909803956079 0.298723373389089 0.065241205595714 -0.0955847268760774
-0.228471901625754 0.403251763519699 0.403577365026399 0.0859547513321904
0.0516712901825921 0.400482081770832 0.477107489361797 -0.356784555111378
0.29053141900685 0.158580192114313 0.0327911656285389 -0.54578966766127
0.275589358600185 -0.114418477002981 -0.307468904230167 -0.276443653061429
0.106013072028318 -0.240467599890909 -0.284523942979479 0.00239926686868738
-0.0227109154375935 -0.212674387435936 -0.145480302648354 0.0716777914168977
-0.0475397102875131 -0.178280068047356 0.00143618891710533 0.0403709951652358
-0.0407985596864533 -0.180802317967887 0.106186738035605 -0.0108222485657521
0.0115826059535113 -0.261112273635909 0.244075777177042 -0.00228595167905677
0.170666976931132 -0.253202470367064 0.316912257849191 0.122204793724418
0.309053090297164 -0.0833646141388289 0.115583922011244 0.373955541923209
0.318809660801629 0.237708717345743 -0.21325159717774 0.362746284141539
0.0147414087262106 0.485381407584966 -0.35520585490598 0.106264063660938
-0.332128995311803 0.46863736417913 -0.120691418747039 -0.0640968468928365
-0.435683148944043 0.189154123211777 0.251554874629397 -0.177424108240042
-0.310095748814148 0.337106381706219 0.45725459667828 0.0751727429743547
-0.0435590762136005 0.410004461227809 0.54935320013462 -0.253784758039076
0.258117314519631 0.209973878342869 0.207687631364887 -0.475545096305457
0.280824969787546 -0.0771330753537369 -0.144684632124271 -0.356009381938398
0.120943407151447 -0.230087167980905 -0.234670149073448 -0.126637488064216
-0.0172391944860126 -0.21704738017706 -0.161293592667375 -0.0279650427627192
-0.0484710291094698 -0.174202382517044 -0.0196090639009815 -0.0358235090730756
-0.0434512837123935 -0.171025093492475 0.0854370732700433 -0.0822392711089993
0.0183153844344716 -0.246135390802996 0.244028285881023 -0.0724077646563397
0.180739006711551 -0.233195893393244 0.356290138581626 0.0542902962441478
0.303679542096727 -0.0535795498139962 0.18425585117512 0.338869935651063
0.262896560623762 0.258398889329967 -0.156251776019839 0.349776467713141
-0.069601837558995 0.427381466359953 -0.310875495667548 0.078156619689064
-0.355792965902868 0.329236228406386 0.00348187315051075 -0.148845406516068
-0.343782239374563 0.0383895529447199 0.422565648744469 -0.193041586443709
-0.316146683751392 0.179639435566386 0.488479105234399 0.10818279468006
-0.126274365876823 0.306486597307579 0.579739056474047 -0.104464151826084
0.161482061866776 0.206523849447907 0.358827980224704 -0.34890007840223
0.226927215846331 -0.0241259829852616 0.0277033589678353 -0.390210337709472
0.117577061179413 -0.172665925234998 -0.163825342841049 -0.243070252360804
-0.000893174290896014 -0.183479840727527 -0.162743964433402 -0.128943850647486
-0.0392183304150358 -0.145141680800758 -0.0306310772721347 -0.107996439377791
-0.0346391504028983 -0.143448160785978 0.0768762393149981 -0.144081560317183
0.0242490392099508 -0.205599712777666 0.246161585016557 -0.13550503355081
0.162018418431791 -0.192049747582864 0.382960271886299 -0.00369380736515666
0.267524679568983 -0.0280914001234672 0.249495325467121 0.300003260043384
0.182650489900971 0.253594124163917 -0.0926120288370257 0.338123823138046
-0.118423452920952 0.326823967639963 -0.252173970828335 0.0782754360750879
-0.302908197924822 0.179390599573039 0.10136221943975 -0.195428674583627
-0.16760068359483 -0.073189700842202 0.506654517004272 -0.202421939500249
-0.210379050006548 0.0361993223869745 0.492862511014445 0.105369182181718
-0.114826625514836 0.155189215266964 0.560107317707425 -0.0297450832387456
0.0707882450565066 0.126576923589368 0.415428624376962 -0.268387368348412
0.125298085131806 -0.0036541618994456 0.112508530768254 -0.395376235279333
0.0671904112295065 -0.100275681564495 -0.13228900093366 -0.299752707972287
-0.000430487934213054 -0.116611778692889 -0.162313179931895 -0.191802893555692
-0.0241071168667798 -0.094160064153327 -0.0388877548924665 -0.160708347304453
-0.0317056356453967 -0.097189015463916 0.0720796821281208 -0.194131498958508
0.0164329855047072 -0.145124495138527 0.25375327814716 -0.179339165702682
0.128644358392968 -0.133562697293715 0.401793201583511 -0.0296883858869417
0.211067629649666 0.00655252924339236 0.28000369303247 0.290129820283965
0.0867307808458983 0.230493347388759 -0.0647278282533389 0.329430926212329
-0.166688585504528 0.194673869686303 -0.214282467930895 0.0670409594967882
-0.227433385576528 0.00150027071087444 0.182712164678233 -0.200775582795166
0.122282652963423 0.108327267363018 -0.212618658940435 0.31094587276402
0.112774003106616 -0.0787365229853026 0.275869358622402 0.0556736671948398
-0.025454869179242 -0.125775238210723 0.0727565197082379 -0.348076597241219
-0.0928844111483057 0.00372779723059902 -0.352640491553317 -0.316061504815337
-0.0320813998655779 0.0526362854564169 -0.447478174898578 0.0887288564559504
0.00948970311319335 0.0579020433393482 -0.233326586965577 0.273597881999235
0.0327177914829772 0.038122639115863 -0.0637939014439999 0.260389771591953
0.0218809325246731 0.012755994263379 0.0656488867890334 0.204968331594869
0.000499260580830924 0.0123315247934545 0.154607192996608 0.194737450126365
-0.0221806138037418 0.00724151305997666 0.14802393436853 0.271968205536113
-0.00956048543227796 -0.00710095474407972 -0.0487996286871304 0.372835855065993
0.00859929759858575 -0.0234854403054078 -0.348624776467593 0.301837218621219
0.0709311522693798 -0.0223609965852314 -0.482866779956822 0.087092448100822
0.0936205456781155 0.0891005779647507 -0.530247758329631 -0.0507471389187768
0.0179783520452729 0.211743480630121 -0.505994952513061 0.213830797445791
-0.00363814688874098 0.242336151790229 -0.234226530968051 0.249184637213729
0.0980393869030623 0.067710810563097 0.275762836280781 0.0710888966107304
0.0529707301695242 -0.0338431030774891 0.116016204647644 -0.381430178054294
0.00218981526967443 -0.00870780746019831 -0.342265130207906 -0.366562115238143
0.0273552195619608 -0.0195924093023759 -0.469985796523378 0.0577260738997571
0.0168298900940288 -0.0280727826586287 -0.254523190113101 0.269494672784206
0.00885121061087843 -0.0288741314729162 -0.0690880639357647 0.256076408559127
-0.00273266110300486 -0.0526791046372587 0.0631993690049413 0.195630077874081
-0.0115004701692495 -0.0645994818023879 0.154909019998909 0.171854744964768
-0.000622475104534199 -0.0946981119406351 0.181312122013972 0.236572400051754
0.0795298828685791 -0.0754856210461063 0.032774894653952 0.355566727636523
0.121747481677034 0.0105981977516918 -0.279226600942445 0.353397280697511
0.118497715450429 0.117451410997544 -0.455186716408832 0.161902382058886
0.0235576752181633 0.255320005949732 -0.490481411922078 -0.000798328765091205
-0.137895368200383 0.350697772959517 -0.442059759730244 0.190644969413599
-0.155240747628038 0.333816165349038 -0.197710651001769 0.150504801455908
0.0360571744900705 0.225341291208585 0.304082187768044 0.0793393663502838
0.114496170244381 0.105201546948964 0.205593497722892 -0.418288472988994
0.121507783760458 0.00547612926459957 -0.290730885501265 -0.443056608771955
0.106913347910673 -0.0882849678074512 -0.471978353673523 -0.0155305349059163
0.0323290781039052 -0.120014341351069 -0.277491479992415 0.228799128168721
-0.0141649461302335 -0.0998983641639221 -0.0852457723963682 0.223629837391779
-0.0265415142662843 -0.110404625539603 0.0509917878310765 0.162215626119865
-0.0274622487258309 -0.125398196008075 0.146059318266313 0.121519773996343
0.00231487314635494 -0.179929827996715 0.215893280253861 0.163925042859537
0.130441402335737 -0.1582467637458 0.147231520001819 0.298250989423741
0.218620374525541 -0.0149656565010025 -0.147054941768711 0.400536861201305
0.211270488085465 0.195070652964736 -0.390736673356061 0.265219615608088
0.0218462734261113 0.391271575776018 -0.442882716604305 0.0604396734570725
-0.234081737390762 0.460303890683798 -0.341826819268486 0.135271801189578
-0.302281448921597 0.360775499158633 -0.0962906930332358 0.0302997547022425
-0.0715400167334232 0.354740447149752 0.349383429406381 0.0769991908145927
0.128435271817093 0.266652125643509 0.324742480566047 -0.424609426498623
0.234802217100373 0.0585040452062189 -0.173996304567102 -0.513793914847254
0.193641782859456 -0.130594123907619 -0.42419746494452 -0.126934319012257
0.0578727487842242 -0.197912118898985 -0.289414016822089 0.142150376332468
-0.0299702489319228 -0.163123518775988 -0.10950299940202 0.162788035249915
-0.0460148621620916 -0.152074353410857 0.0298157672167069 0.107065614287453
-0.0410710351776563 -0.161682783401131 0.127289049287848 0.0554754443643951
-0.00393393763951817 -0.234550292371184 0.235412120243652 0.0718905837292096
0.146474554616451 -0.227821010190055 0.247867913295744 0.200932483259093
0.274510171683754 -0.0691115188165497 0.00762981948775629 0.400209232895547
0.296212395192015 0.211364267445271 -0.28596901209931 0.342322641951875
0.0494141731413116 0.464803461973159 -0.389500949772457 0.108215041350432
-0.276054480092332 0.510368497881754 -0.227863231051108 0.0477811173413596
-0.397412886650717 0.314374096405949 0.058215563352183 -0.0902571341856437
-0.192116926953817 0.402514743391967 0.400036324354996 0.0610038640349515
0.0768038224203037 0.384153352332481 0.436403804778107 -0.378250698267508
0.291640043644638 0.132201883033149 -0.00618428844960559 -0.530019315763017
0.256751492062395 -0.132201717705085 -0.315552421118473 -0.244615224486824
0.0825589432392203 -0.238632628217198 -0.27449316651023 0.0238925356674058
-0.0375716604897762 -0.2019994850397 -0.135927163561434 0.0788820879189153
-0.0574958443798912 -0.169571748209627 0.0037854314662419 0.0386747623556103
-0.0508936939006836 -0.172205350306727 0.10032934475882 -0.0165973291602519
-0.00995528093509234 -0.253096040622408 0.234678544055871 -0.0204255216643273
0.144930699131042 -0.259078865747467 0.311793366997115 0.0924667894672157
0.290301436272594 -0.103631099459675 0.138945948752181 0.354854462407334
0.323508856978743 0.208292635444731 -0.179114418585852 0.368061566964003
0.0473814453908218 0.468690584121568 -0.334847697907109 0.127170739893727
-0.286148753424073 0.477223303061912 -0.119040279570216 -0.0552887371191802
-0.407174126361968 0.211143151286553 0.23092080135968 -0.183863095612921
-0.276528845874683 0.344210801607249 0.449510974113945 0.047485109290917
-0.0134816157527346 0.400435341510424 0.5134557965367 -0.282296505931183
0.264901156576797 0.183495141517823 0.169584402474178 -0.475323224398869
0.265274579871893 -0.0963864842870425 -0.164073455294665 -0.333693808019264
0.0977668775221021 -0.22913502525836 -0.236265695226955 -0.105534116274128
-0.0332859793239487 -0.206894441274304 -0.158413606951157 -0.015869110024303
-0.0567993463303337 -0.165700526335248 -0.0225418532309101 -0.033736633842773
-0.0521945542680619 -0.161332124302281 0.0755008850415759 -0.0843913812069362
-0.00246225025502585 -0.239355171330398 0.229489644966629 -0.0887253769815298
0.155954737590789 -0.24010987561924 0.34597131576164 0.0244598666678429
0.288039031786043 -0.0747712540213491 0.202362330253657 0.316260617188921
0.272041827852325 0.233557982688104 -0.125220539923176 0.35317008092069
-0.0373980330345623 0.418339752577177 -0.293103608806926 0.0976337280796403
-0.318064652438116 0.34448307173233 -0.00641208855377886 -0.146029127497991
-0.328517638479623 0.0584499341851199 0.395173916820445 -0.211320305371592
-0.291332795788086 0.192951121158799 0.480471088889028 0.076783328177989
-0.100254241042453 0.305994927833225 0.553319763172187 -0.13879861797256
0.170976876276287 0.186829892480741 0.324980330157359 -0.361321189478895
0.216593518243658 -0.0415561795490179 7.55469704288332E-05 -0.379273826669515
0.0980842651830373 -0.173173857103312 -0.176061886138453 -0.222685878227843
-0.0151802892418455 -0.175406024271651 -0.16728160646816 -0.112852016553569
-0.0460920744374778 -0.137997353375892 -0.038814873609424 -0.102295669621436
-0.0416476363769153 -0.134842955448989 0.0628411779713725 -0.144130798754596
0.00704667378210245 -0.199734988440292 0.227162863207135 -0.150488307006362
0.14099462018011 -0.199102140945445 0.367448359362303 -0.0341050475467005
0.254298056727094 -0.0474088238966077 0.263909545831701 0.273493713956613
0.194703544850161 0.233678960714087 -0.0643548203147015 0.336886286624583
-0.0910467918262953 0.323621847216724 -0.238136122654444 0.0931048175951263
-0.279408686699005 0.194865164409168 0.0837753424930035 -0.197236689967003
-0.165508771791757 -0.0609007770054275 0.475201679038511 -0.22647315361693
-0.198219876204465 0.0474616069901381 0.483564824852055 0.0718478834678135
-0.0986403987350877 0.158239452048221 0.538271616190638 -0.0650963432147792
0.0777210523657362 0.115865876742494 0.38604326582125 -0.28911931383705
0.11953544976722 -0.0149161305184823 0.081027883071395 -0.390735134218861
0.0556127424420753 -0.100411991741777 -0.150758494977792 -0.279783713504587
-0.0101316278376155 -0.111008561596898 -0.172667927803133 -0.172983162990776
-0.0282201603214625 -0.0897145291500019 -0.0514088535165345 -0.153749777730446
-0.0355206324445026 -0.0904076363293123 0.0545563870668062 -0.191873533997619
0.00459246946645234 -0.14059248286842 0.231091096107933 -0.192586483943225
0.11315034969933 -0.139404558471565 0.384661722644225 -0.059974011974376
0.203244864183955 -0.00934643228505592 0.292814028526123 0.261385801774264
0.100528272440215 0.216736367878197 -0.0388515282388568 0.326375667460095
-0.147164561476733 0.199616291962242 -0.20205037874087 0.0793384059971955
-0.218602491153576 0.0181962194760311 0.15913614291211 -0.207684539818224
0.101578416902938 0.110828950134464 -0.223121475985613 0.282970165415438
0.110895926028842 -0.0612990006282601 0.265997034071497 0.0786415001350904
-0.00994210293379664 -0.118879374929221 0.11037811020068 -0.323153661028643
-0.0858657938099807 -0.00898307543992469 -0.295930138249505 -0.327911483010841
-0.0371456172750099 0.0425998569854546 -0.427746099923196 0.0402107042246313
0.00468317574980109 0.0513588035798291 -0.246343455128648 0.236966924778204
0.0286588584923209 0.0377270758985013 -0.0843739194747924 0.241593515564754
0.0193528411481493 0.013353685527083 0.043131276466318 0.202013406833685
-0.000725498983139536 0.00913347553968585 0.129762396436465 0.201915380251146
-0.0213130499070596 0.00328965403269473 0.116653901216735 0.274199682211349
-0.00513547983555012 -0.010950730870763 -0.0853037963851328 0.355578386839456
0.0176091292633898 -0.0227901786943481 -0.369080996685267 0.259742878683551
0.0741217462024117 -0.00895947934653723 -0.478372519267712 0.0323536786929254
0.0815548345055544 0.0981142549907871 -0.514218086043993 -0.106256654406364
0.000421822376750404 0.20570792284729 -0.51982456020158 0.148813697282503
-0.0279598775949776 0.221363492472154 -0.249779857619386 0.219734434826163
0.0812465011941064 0.0724927247998059 0.258179293615584 0.0988849043475288
0.0521907902112913 -0.0246863424273416 0.151039661959486 -0.343378104456952
0.00390509038372263 -0.00940370310638477 -0.281680072557207 -0.37099725294693
0.0278798055885209 -0.0176907753898769 -0.442608918238698 0.0123253525162454
0.0205842092310087 -0.0279010141455609 -0.261260047770638 0.232049851622761
0.0131547623585652 -0.027822974455398 -0.0885614804938534 0.236635720984981
0.00305749361443859 -0.052088852585543 0.0409316374230896 0.193420500786523
-0.00462476633482966 -0.0651368534866866 0.131470405896387 0.181641613165822
0.00815785083590448 -0.0915555108368 0.148028071630171 0.245163742499878
0.0846125105440484 -0.067137518835992 -0.0089883148158599 0.347683027011446
0.121798484754223 0.020596764572681 -0.309598809499585 0.316115715089332
0.107411110236538 0.12868256022471 -0.460009773399164 0.104571316392552
-0.00195554435975585 0.24965888524132 -0.477108973202078 -0.0619697151586867
-0.162406884108441 0.326224345963583 -0.451967325677515 0.123403127937344
-0.178990088400477 0.289215597141428 -0.216979323297096 0.126838618538339
0.00630503525844668 0.210861769331948 0.275715803146974 0.11352313539611
0.0931358193977693 0.11227816151835 0.231497319048492 -0.362706292318275
0.113980975605385 0.0192255755687786 -0.225900280943063 -0.433220694595657
0.111241754362123 -0.0718241583652681 -0.435210353685723 -0.0519895794018307
0.0449050258046616 -0.11201215987761 -0.275366342306793 0.189990880660048
-0.00141946916557479 -0.0970923615170434 -0.0997285191148972 0.204752299265852
-0.0139695615630575 -0.110218271227867 0.0313317244511684 0.160285964971211
-0.0128486933377278 -0.124369857870834 0.127357946569615 0.13382593205507
0.0190115948818313 -0.172364587981521 0.187338656143159 0.181824301698276
0.140982917464999 -0.141011708474739 0.102147464995416 0.30420709526405
0.214908032613059 0.00414653250815323 -0.187944859586135 0.376639476545211
0.189211277957326 0.210207839331595 -0.408525659145323 0.207692724487171
-0.0163521521950873 0.378463657890884 -0.437549602484863 -0.00315514755573886
-0.266343676899994 0.422351705265503 -0.346507466683501 0.0742771216865602
-0.317953288219777 0.2995462620701 -0.119323572085345 0.0152029688908248
-0.106531653046728 0.318272984459631 0.309343648876674 0.115428286851202
0.0876292877634371 0.263354427088233 0.335096636855986 -0.351830409801291
0.213109876093249 0.082686833348276 -0.113557165931704 -0.482402684581234
0.197957496504184 -0.100805771869708 -0.380596814333105 -0.147373177245199
0.0764541057903628 -0.180433770543319 -0.275507478362434 0.107552429013515
-0.0111234526298793 -0.157252035171266 -0.117032144657948 0.145176467365995
-0.0273319137471322 -0.151565595916641 0.0164185952294278 0.105552364628862
-0.0222118613274155 -0.159718703218178 0.114577782406365 0.0689349624984724
0.017390194157973 -0.224663272932237 0.213731884214339 0.0974623277400816
0.161317598635192 -0.205337463913004 0.207173507367213 0.222801857482765
0.271671458906691 -0.0434352992708951 -0.0391883122998549 0.393016935307282
0.270171165913615 0.232207044974182 -0.318507197173597 0.293226834854544
0.0041962297681494 0.450041091266284 -0.39105127545139 0.0463200780394734
-0.31177117339604 0.465293563890161 -0.226811064639847 -0.00300960065099885
-0.401672665572037 0.246947277654951 0.0345740493836399 -0.0902259828597818
-0.222998104747133 0.348214334157955 0.351909291835444 0.102773949693675
0.0271467917941819 0.367777103465361 0.427712487888295 -0.29757287110603
0.257555834512735 0.158814575059047 0.0410814206991839 -0.478996242262071
0.257983514101424 -0.093371467716075 -0.268715843403159 -0.24508053202622
0.104537525428957 -0.214301430505657 -0.250138284742588 -0.00190613027373499
-0.0150091519423897 -0.194470027995436 -0.134611439254566 0.0643624863620682
-0.0360813342920466 -0.170168623907029 -0.00296884692713978 0.0372860751163213
-0.0306382223924392 -0.170175369198743 0.0959810071684086 -0.0019420682978027
0.0132175092629771 -0.242269040401585 0.220951276569462 0.00943588101489007
0.162165236019159 -0.235465937394249 0.278463489489014 0.12517389368413
0.28768511364522 -0.0752643475851094 0.0926015985685286 0.362811949273334
0.2959101916175 0.228533016009237 -0.218201993876851 0.330672138730526
0.00435325628613886 0.452995472388934 -0.338604035488477 0.0702896186459393
-0.31975255511008 0.433856981370086 -0.110592690500365 -0.0919891869771861
-0.398422767688516 0.151593021253227 0.208055457682192 -0.165025624272097
-0.294522522899101 0.285282895848551 0.39765271221932 0.0893268743029343
-0.0583792761932226 0.372517685513475 0.486831478400646 -0.206157365384672
0.225775717035818 0.204970847888608 0.195927871434941 -0.412367560835948
0.261531109471162 -0.0595829661131139 -0.120619154284431 -0.313924619897683
0.117052685866352 -0.202289358880486 -0.202414445601852 -0.118066243789189
-0.0110371250685311 -0.19795127496366 -0.147845967595061 -0.0265940774477299
-0.0362420127248679 -0.165570411765659 -0.0212108789743461 -0.0344935533512505
-0.0315667706644765 -0.158821906827763 0.0786345323953654 -0.0696935584420525
0.0189792972948337 -0.227542890844811 0.224165079328489 -0.0563340187697676
0.169797944950182 -0.21557528140549 0.317856672821739 0.0623271148396543
0.282100275464653 -0.0478231137071078 0.159016909068775 0.330882158901905
0.243612407691228 0.247278725537088 -0.162972698021828 0.32029682827817
-0.0726442463069519 0.397704133752519 -0.29188371253821 0.0465450694109826
-0.339100542415683 0.304629096331799 0.0117805626200829 -0.164982415271185
-0.309229257758642 0.017182914448237 0.374066928893421 -0.175318451594373
-0.290483749417798 0.143279305282837 0.429832582658562 0.114212185548938
-0.128915666712446 0.275206618404881 0.511650981055094 -0.0744908206443744
0.137469647868567 0.196601445893101 0.330195248101546 -0.2965509075507
0.20853034351054 -0.0126827779183602 0.0356162888682498 -0.344282132782896
0.11176375117025 -0.149028349484146 -0.13859441215685 -0.222707592396961
0.0022157001688711 -0.165554387590753 -0.148656774230078 -0.119610970082241
-0.0285102846827954 -0.138081473039766 -0.0293139841313323 -0.102366666552804
-0.0246898027954904 -0.132510637679719 0.0730857989751955 -0.129393143723958
0.0252627638611669 -0.188627222454247 0.227067965271457 -0.117765082942462
0.151165613736559 -0.176283346501225 0.346596145492555 0.00657797519943291
0.245760021094897 -0.0246386885449117 0.221469151912286 0.293403281208269
0.168497639132083 0.239493949481823 -0.101448578290853 0.312193297409794
-0.116030377984955 0.301075327903989 -0.236071565665259 0.051263717015274
-0.286513134308838 0.163230100024802 0.106087193522541 -0.198679729235727
-0.14659534448306 -0.0751249197884805 0.462182745860199 -0.176763961461799
-0.18762726777126 0.0203473686053343 0.441509709766929 0.108953760602147
-0.10994011902541 0.137589331674834 0.49917274219424 -0.0124904765971992
0.0591267435939229 0.118654388446587 0.381897504466567 -0.226237525132484
0.114525658202081 0.000571631399853985 0.112028597279086 -0.350951518901663
0.0638185286462375 -0.0842916731954171 -0.111957758125781 -0.275242446205455
0.000744334872056832 -0.10347552817343 -0.148641153864907 -0.176979783552276
-0.016641383805452 -0.0893032867327208 -0.0356197580379247 -0.151391107782943
-0.0234038440644081 -0.0883134324778199 0.0699313096322304 -0.176657506610204
0.0168381640060389 -0.131966470924832 0.236728090059296 -0.159335346430839
0.118537557532571 -0.122843959201942 0.368574222293533 -0.0187404057872254
0.192017803138835 0.00570587451797235 0.252064713048504 0.28182442675402
0.0803130054708731 0.214708862578021 -0.0728861479153642 0.304703210101606
-0.158111059102058 0.177511797621629 -0.198017574157655 0.046880280652154
-0.213664277704923 -0.00191206123996923 0.180277529067853 -0.194423590343062
0.0974757273927293 0.105993762513177 -0.212407028660194 0.274101573324261
0.105755630689794 -0.0595067810036321 0.263274728106178 0.0756856632862122
-0.0105839242395762 -0.115253924490071 0.110748315189564 -0.314954320683456
-0.0832453686282855 -0.00768622006158603 -0.288401050694434 -0.318530720421283
-0.0363959908734173 0.0409630751818598 -0.416148286622762 0.0411558698751568
0.00573510605641673 0.0488394064227907 -0.238372965896652 0.231478000781483
0.0293411694457694 0.0348140421286295 -0.0809840902266938 0.236956586501432
0.0181308214783082 0.0108516221398436 0.0441049205941845 0.197603378412036
-0.00175622410628751 0.00834394414106007 0.128163306243662 0.196917457682297
-0.0207701898609555 0.00265132899443685 0.114015728121307 0.26603197719364
-0.004899387915095 -0.011246619230719 -0.0830497584104113 0.347255238100731
0.0171353767473449 -0.0215749451886196 -0.360057494452003 0.254283763917955
0.0716070972702571 -0.00800590285079692 -0.465793554954244 0.0274372098184344
0.078259618569609 0.0966065332852464 -0.501190485174138 -0.106478441303508
0.00127019245920233 0.199705750147812 -0.505027375960311 0.140004975821716
-0.0281180392360993 0.213204956427875 -0.237444930281738 0.215302966663321
0.0768782922805992 0.0696508130408053 0.255546211926187 0.0969970109182117
0.0495203231771528 -0.023987842146291 0.150219402630492 -0.334027602061162
0.00351653883670864 -0.00833610314110474 -0.274943103480138 -0.360998477516582
0.0260292406511306 -0.0180147307060174 -0.430914977077223 0.0132953177834381
0.0200429963791904 -0.0275097225695978 -0.253381180493381 0.225459800817075
0.0142719324723074 -0.0285249177359915 -0.0859261922840389 0.231023820019237
0.00269848856295444 -0.052649433954949 0.0416109844684127 0.189440722422027
-0.00580004093076234 -0.0642001945906985 0.129344971522114 0.176670890097966
0.00733706951442401 -0.0895876593588635 0.145084790193801 0.238100514873585
0.0819491308532211 -0.066415123541116 -0.0103878042686796 0.339091638562013
0.119020113178229 0.020254875208697 -0.302132335917337 0.308362189565024
0.103622533846931 0.127063730656759 -0.448374782424378 0.0987404297008405
-0.00382332585299735 0.244372902005694 -0.465264045640494 -0.0636911990082275
-0.156790270344173 0.316120631056032 -0.43777040399724 0.11687480970292
-0.174392023665712 0.279014255898634 -0.206576843363385 0.125502922967543
0.00416689519776485 0.203464028269636 0.273171016294309 0.113640950400274
0.0892385580258676 0.109892178971266 0.228180019315577 -0.352075766806567
0.10999639829328 0.0189186585236323 -0.220266084948968 -0.422003152251092
0.106452271065923 -0.0709712687253593 -0.423416066943196 -0.0507734057801902
0.0426572376263127 -0.108614649353266 -0.266777859354529 0.184977953300613
-0.000371333578646129 -0.0942441558161476 -0.0981943086918866 0.199689490986269
-0.0135885362683768 -0.108998639887527 0.031586713538017 0.156719083469497
-0.0132973048421262 -0.121643456186809 0.124725787151386 0.131060642355983
0.015624160042153 -0.168148267359191 0.182228900878013 0.176113955318004
0.134963618897105 -0.139515076380663 0.0971419840613611 0.297507555052347
0.20869252266935 0.00443260832016482 -0.183600533449491 0.368073269787359
0.184127100861111 0.206040363429199 -0.39895429890117 0.201415369130619
-0.0173137865758765 0.369647063752157 -0.426126932988308 -0.00587953248413369
-0.258922950268192 0.410900092501959 -0.335691176655888 0.0676928599001796
-0.309424576256233 0.288933589642182 -0.112394003870984 0.0190325135560235
-0.105543919831753 0.306928960591656 0.305219075540629 0.116587440583775
0.084076435527541 0.257250856413233 0.327172960111507 -0.341389781900831
0.20689647636974 0.0799315377174405 -0.110401630636368 -0.470382162409192
0.191071179840187 -0.0996162688290976 -0.369894774806334 -0.143448256492722
0.0725084920946113 -0.175193936983916 -0.267301520120566 0.105387291402399
-0.00971897785807964 -0.152442512293645 -0.114887723286672 0.141338935791634
-0.0265899282435321 -0.148346019199352 0.0160857255743411 0.102997952842636
-0.0219241936243517 -0.156606476154882 0.111409586762034 0.0677708984620353
0.0131047307099349 -0.218776974771475 0.207456365676392 0.0940653424472962
0.154204405596212 -0.202192365626887 0.198888700567986 0.216684599129762
0.263034711206762 -0.0424715455716105 -0.0378875337649829 0.383445226388224
0.262759944256729 0.226753366780212 -0.310269016907984 0.285820116542549
0.0040779622091561 0.439701876677333 -0.380452062671577 0.0412202835840164
-0.300681388232543 0.454217259162189 -0.220108697076928 -0.00668158385224166
-0.390528414767559 0.237378400769812 0.0357195302898583 -0.0828409681076999
-0.219169303675395 0.337340567002488 0.345339887499772 0.105706955903746
0.0256487010045001 0.358703548007537 0.41614339399697 -0.287703131628892
0.249895671253647 0.154527982738664 0.0412385116414168 -0.467325746617555
0.249388465313976 -0.0933255143847584 -0.26032683435832 -0.239513249733604
0.0994189150530869 -0.207904657370585 -0.243570027154674 -0.00142546459899507
-0.0140067031121176 -0.18751520798198 -0.131950776462582 0.0627369752591547
-0.0339218477382409 -0.167027649416365 -0.00299523416191332 0.0363133000844065
-0.0284850506701612 -0.165959243397476 0.0927318306851642 -0.00112795080753966
0.00969940985436972 -0.235647753480036 0.215525936848563 0.00837055783604048
0.153471233056513 -0.231205351583565 0.26902121691846 0.122002101497051
0.277609509932365 -0.0738870538213039 0.0912647985008463 0.353794452502144
0.288064209184891 0.22379618674 -0.211128635802917 0.322850242025279
0.00313662890095967 0.441608975932665 -0.329205542145525 0.0642880958462662
-0.308814847925838 0.423177231931053 -0.10656323559626 -0.0924247932462951
-0.387210969595617 0.143544899526931 0.204023573779898 -0.15545246353786
-0.286235867407253 0.274137389447844 0.388753985477269 0.092437667390359
-0.0572415338070799 0.362905256216611 0.472966122179988 -0.19701275515133
0.219287754082783 0.197958525204683 0.194946357538565 -0.40136875857343
0.252011109530365 -0.0599949997201581 -0.116219108810396 -0.306386863892844
0.111833344749975 -0.195598603533484 -0.196380390325596 -0.114918551020394
-0.0115190530805322 -0.190741974040804 -0.144771427649152 -0.0264359790291659
-0.0336147972448309 -0.162602530786033 -0.0214600807171321 -0.0342999244195013
-0.0287270718902892 -0.154687025196849 0.0758863886637895 -0.0666264218595662
0.0154153843290064 -0.221335824502799 0.217193391014406 -0.0563987889281735
0.162563170913509 -0.211845854997924 0.306308424048829 0.0590549884159085
0.271793875495348 -0.0476361627928697 0.154758104494037 0.323095763933017
0.237434149937932 0.240725038161571 -0.158468746821895 0.313763255430805
-0.0696974407792454 0.387902512654876 -0.284316038313147 0.0430705622096015
-0.32717538099312 0.296062758003111 0.0111728621921127 -0.163604830639965
-0.301565412408314 0.0145719939530258 0.364686727001128 -0.166493023746936
-0.282525927069983 0.136429114706742 0.417456297172923 0.115159733850028
-0.124375648910324 0.268189984469305 0.496292086086565 -0.069577495161222
0.133518758400505 0.190722252408389 0.325249802652938 -0.287885181314333
0.201062002681889 -0.0146788805724521 0.035823556483178 -0.336154700702552
0.106416423248533 -0.143665731333184 -0.135043461021014 -0.215990510026192
0.00120169140067975 -0.159744763933841 -0.146638956249344 -0.114995420148488
-0.0263873863707493 -0.13503621048189 -0.0305398262709317 -0.100244615371676
-0.0219480541237954 -0.12786825092176 0.0690413305658986 -0.125058703252045
0.0215387937340292 -0.182994717581739 0.220949720093452 -0.114803713852975
0.144636699344739 -0.173314381757929 0.335790048992372 0.00443439893412829
0.237329796157578 -0.0250855605749838 0.216810271782474 0.286480734520176
0.164990052261397 0.232622589045713 -0.0978858708652798 0.305638215940389
-0.11192731590931 0.293889282763358 -0.230439949823025 0.048288325816312
-0.276557757755931 0.158788536893197 0.101600793973966 -0.195622042317933
-0.141761931520311 -0.0749766493849224 0.449070734095532 -0.168463733651947
-0.181894001131168 0.0175686011566891 0.428993553050557 0.108661291854907
-0.105852388685343 0.133198668248881 0.485170236178319 -0.00788478788464133
0.057016578124352 0.114843827748243 0.375908016697652 -0.220183151526487
0.110141844024917 -0.000751825413506696 0.110324795684005 -0.343155270718141
0.060527235421534 -0.0804701781479732 -0.110423522536924 -0.266212802854912
0.000144479912516872 -0.0995913272543376 -0.147121369315395 -0.171144574420636
-0.0156019696103315 -0.0878934279473555 -0.0372313778013397 -0.148704184588614
-0.0205486720584905 -0.0851634079336552 0.0668496614937746 -0.17092270742852
0.0153798323035399 -0.127708346828009 0.22872057278567 -0.155334371522462
0.113113310719018 -0.119945222684825 0.356762377039052 -0.0190658351878617
0.184911113366047 0.00423684816051465 0.246496187177148 0.274981718815698
0.079544651532704 0.208225170687833 -0.0712807889324527 0.299774363288063
-0.153369262966881 0.172858357947305 -0.193244364758515 0.0435223369796662
-0.205785295322145 -0.00179221138614475 0.172101712416503 -0.188793134090776
0.0965640039910356 0.106487409221031 -0.212293529272422 0.273916746599469
0.105236513523014 -0.0585810159176951 0.268485659625633 0.0781320002261649
-0.010227107292875 -0.115408792636066 0.118485976091658 -0.318510354128803
-0.0835093506791154 -0.00746463471579202 -0.288466253636304 -0.324257283046229
-0.0371900606350847 0.0402947061671453 -0.421774045785552 0.0405760286131688
0.00629997268135942 0.0487382727182223 -0.242018355441161 0.231623352459473
0.0299968691363827 0.0326134978646438 -0.0835654319309987 0.23911185432028
0.0173945388323317 0.00927873237028741 0.0445515563796268 0.200585738395405
-0.00269920175753702 0.00792200874376193 0.12865483608836 0.199493334560632
-0.0211084434375166 0.0017798807306923 0.113171357944272 0.269776198672625
-0.00431087397061362 -0.0120070635139062 -0.0873758765510372 0.352346555244129
0.0178170792658502 -0.0207153658185227 -0.367981771542725 0.254440640430211
0.0714647499998683 -0.00631446090680653 -0.472830852825356 0.0183801572006807
0.0770436184716323 0.100066562957298 -0.507063348491658 -0.115872912519438
-0.00145891652283191 0.200837233312893 -0.511460200562398 0.133521465010698
-0.0314366635877772 0.212925281654046 -0.23720983484845 0.2150863685618
0.0747836912651811 0.0704918102129807 0.260992445791197 0.101460655199752
0.0493427575293904 -0.0228248554922485 0.158766655914278 -0.336342330323289
0.00353597637087702 -0.00761984662431542 -0.273535538900428 -0.367008030937859
0.0258669316111613 -0.0187885073437737 -0.435812044971918 0.0106575918399058
0.021125311284454 -0.0285382201896822 -0.256380823507348 0.225401295666423
0.0154847622656637 -0.0307474113210679 -0.0893548645848427 0.233429638237635
0.00241809265779617 -0.0550377974705686 0.0414867360822606 0.19198297078744
-0.00605039809655274 -0.0659756796126161 0.129845709563457 0.179865389341691
0.0068478860792474 -0.0910401836966627 0.144937584156277 0.240830320618003
0.0828818059861246 -0.0676551064461846 -0.0145401639514336 0.344138927998904
0.119356219456058 0.0214673457923556 -0.308100060120759 0.310524475634691
0.103034405917667 0.130510745158549 -0.454871563189617 0.0920773124113394
-0.00805762845494814 0.247656334032428 -0.470765188910802 -0.0711948475691561
-0.160901555980945 0.316111878428105 -0.44308723479572 0.110168413539386
-0.17862795923038 0.278336607888779 -0.205039093615684 0.126767467304917
0.000339442985035215 0.203768423898355 0.277906930689016 0.118931165619398
0.08806543178915 0.112147760186765 0.237479198048983 -0.352848283138166
0.11006991141216 0.0209344954714134 -0.217341186673384 -0.429069758273472
0.10638284451797 -0.0721250060812505 -0.427634723246636 -0.0543820887306731
0.0435973893222441 -0.108776206480571 -0.270749776013371 0.184787407550923
0.00146288138886393 -0.0959342673103716 -0.101562927353731 0.20027008254364
-0.0128454476077539 -0.112199567325769 0.0312687819351012 0.15909981505295
-0.013391565611975 -0.12399747717876 0.125089099451197 0.132994495737566
0.0157510535791896 -0.170195689350508 0.183238987532515 0.179174552689285
0.135792953154207 -0.141399129726351 0.0939081536312753 0.301607765678645
0.21006436742586 0.00626527678384888 -0.190108530057634 0.371985691009678
0.183806283397544 0.211555165554542 -0.405462859881037 0.198590184995761
-0.0224814524528179 0.373779411888199 -0.431136609134609 -0.0128703100058959
-0.261986955774372 0.411225813318632 -0.338613419675953 0.062459240117487
-0.314979503766197 0.285441138793358 -0.109330863820788 0.0208181870930138
-0.110857229348738 0.306525091158648 0.310873924898639 0.125403090498597
0.0819574545220196 0.261773079391222 0.336293646515986 -0.339710121434328
0.206773126882046 0.0835490313175655 -0.105118887782467 -0.477509051203514
0.192020637776934 -0.100555342999008 -0.371295404584807 -0.148800531434323
0.0734812799507021 -0.176076425696305 -0.269370105844945 0.103559492280884
-0.00785767915773942 -0.15411879828755 -0.118374836542614 0.141342030168407
-0.0248676992232926 -0.152683297064397 0.0153554454840123 0.104549862597868
-0.0207434106671456 -0.158143403904977 0.111465059608348 0.0704950781310614
0.0129192826815997 -0.220583599257098 0.208943619132534 0.0952505768265025
0.154512355286878 -0.205035329461263 0.196872583505845 0.22092839720255
0.264993761428541 -0.0406424298882636 -0.0425667110335598 0.38867925948641
0.263764617307327 0.232739374344724 -0.316038230709386 0.284017704824936
0.0001723456351422 0.444642627983548 -0.385993456243272 0.0351316264173488
-0.305056446588671 0.454406861257221 -0.221556856679847 -0.0119599809765519
-0.397110910360452 0.234028779909465 0.0393826882495764 -0.0793882450955793
-0.226392474884886 0.335475398305851 0.349861962684047 0.115363893771008
0.0215731010009155 0.363939069151556 0.426069899166209 -0.283395426742196
0.249730565867679 0.157979974014717 0.0489897097449533 -0.471492342878755
0.249632580373359 -0.0938376782106874 -0.259140009421059 -0.245009903666281
0.100213995311191 -0.207720823588137 -0.245140440787518 -0.00290962962698282
-0.0115790539206862 -0.189211484249366 -0.135127231840131 0.0623649913852481
-0.0323531501146308 -0.17092945718115 -0.00395027007409776 0.0365328144030577
-0.0269235848074625 -0.168059013052294 0.0933017381237269 0.000357031328370307
0.0088813412212075 -0.23740617192878 0.217655267728693 0.00866287563866523
0.153438428996917 -0.233897484317424 0.26755641534035 0.125378392656611
0.279386363611591 -0.0717011109854993 0.088437455855078 0.359296459954999
0.289278912173874 0.22920797381853 -0.216693612281892 0.323572815783937
0.00159627460556171 0.44559830449814 -0.335346077995213 0.0588365167686862
-0.312134468073598 0.421999377471118 -0.1069572499435 -0.0975663840361731
-0.393863682784174 0.138650567472004 0.209037981481141 -0.150480199194313
-0.292985991169763 0.270936055055666 0.391742496753957 0.10275026943596
-0.0616590780810374 0.367257247967214 0.479194642870534 -0.189934281835911
0.219451077455679 0.201845377231024 0.203182724620539 -0.404201865972576
0.253608352979114 -0.0593321700658721 -0.11241585402573 -0.311952789079869
0.113138673524392 -0.195094584559744 -0.197910162664999 -0.116628076320329
-0.00919297515224693 -0.191703142819262 -0.148317874115784 -0.0272113061158322
-0.0319164392170922 -0.16605229702764 -0.0224529825993784 -0.0350113767551532
-0.0271559781883516 -0.156675683428199 0.076131832259128 -0.0657633641278232
0.015364912056965 -0.222317980274436 0.219660883792894 -0.0561235827368735
0.16254461509648 -0.214325911424798 0.306789627279443 0.0611930323875246
0.272930490125574 -0.0461418410664334 0.155129713869675 0.329173971546361
0.238221614600455 0.245627413733609 -0.16276719227142 0.316924616199611
-0.0729256022596165 0.39222754988559 -0.289327471650199 0.0374557675322196
-0.329654345383754 0.29538474539331 0.0118119639520043 -0.167906209322318
-0.304577170247263 0.00954707567652869 0.370745395587284 -0.159826591625226
-0.287178896342456 0.133203579762924 0.419968346774527 0.125117522466541
-0.127708235695806 0.270041333044999 0.500648443990635 -0.061757662654675
0.133397704849301 0.193199654878895 0.334910791589276 -0.288414948989635
0.201734957691195 -0.0145540326090091 0.0408079011098522 -0.34009975160036
0.106881070447781 -0.142866327785925 -0.135500770084659 -0.218559746372317
0.00245859853790692 -0.160345657014397 -0.149498703269565 -0.115751606691024
-0.0244564759847848 -0.138026852861187 -0.0315194357353442 -0.102240340688562
-0.0190649107396394 -0.128851680495691 0.0701030867873493 -0.124538181652803
0.0218942273753697 -0.183653454231168 0.22309851332585 -0.11526299057876
0.144381102552553 -0.174679427095605 0.336430675444738 0.00607933998724283
0.237737506598495 -0.0236637696318195 0.216942428619287 0.291794747343417
0.165730688748195 0.236626904526602 -0.100912721780297 0.308647370750303
-0.114054841679614 0.29609640252252 -0.234536807910119 0.04319821856145
-0.278924382064301 0.157156032247063 0.101919691422874 -0.198521995266249
-0.14221244495844 -0.0783955996428483 0.455506641092323 -0.162689366359761
-0.183434292440718 0.0145136955306724 0.429322453836529 0.118081016797152
-0.107704353623344 0.133053506502539 0.488896486261366 -0.000599035403400105
0.0566310248520209 0.116085545928277 0.385747187136538 -0.218748558382207
0.10906973409856 -0.000608452119753222 0.116360919848638 -0.346692450065453
0.0602478175786747 -0.0794795669962377 -0.110617074439101 -0.269766692283019
7.81124907055387E-05 -0.098924518695282 -0.149976406333189 -0.171707203008221
-0.013807196945442 -0.0899009030431247 -0.0382045507111421 -0.151228761662002
-0.0182491982077296 -0.0852455525309849 0.0686190288137022 -0.171054363881175
0.0154226022336098 -0.127897297809623 0.231450828364671 -0.155365818557071
0.11330177496344 -0.120053539607844 0.358358941257717 -0.0179128092882447
0.185498362146953 0.0057926806903221 0.246505923167996 0.280566685326263
0.0789128171762451 0.211253237710736 -0.074637959541746 0.303085955533955
-0.155833149570211 0.173382660776915 -0.196666758664304 0.0401788505628031
-0.206773819287495 -0.0031744267148485 0.172972092731024 -0.189995672078465
