TRXV5
3
4
4
9
string Extension=J
integer IsArchMeasurement=1
integer IsSpherical=1
string Generator=SPM
string GeneratorVersion=1.3.1 Dev
double ArchRadius=0.449999988079071
integer FrequencyAxisIndex=0
integer AzimuthAxisIndex=1
integer ElevationAxisIndex=2
Frequency
5 136 690000000 960000000 LIN
Azimuth
7 8 0 2.74889357189107 LIN
Elevation
7 15 -2.74889357189107 2.74889357189107 LIN
Polar H Real Part
13
Polar H Imaginary Part
14
Polar V Real Part
13
Polar V Imaginary Part
14
Polar H Magnitude (dB)
12 0xC0000002 0 1
Polar H Phase
7 0xC0000003 0 1
Polar V Magnitude (dB)
12 0xC0000002 2 3
Polar V Phase
7 0xC0000003 2 3
-0.0112800598144531 0.0469551086425781 0.0678482055664063 -0.00558090209960937
0.0339317321777344 0.0338344573974609 0.0359878540039063 0.0164680480957031
0.0343990325927734 -0.00848197937011719 0.0393180847167969 0.0252113342285156
0.0164031982421875 -0.0233573913574219 0.0638198852539063 0.011962890625
0.000825881958007812 -0.0250568389892578 0.0679664611816406 -0.0170059204101563
-0.0137767791748047 -0.0268516540527344 0.0545272827148438 -0.0442390441894531
-0.0156307220458984 -0.0214481353759766 0.0399017333984375 -0.045318603515625
-0.0110378265380859 -0.0213336944580078 0.0276374816894531 -0.0306606292724609
-0.00462913513183594 -0.0308113098144531 0.0151004791259766 -0.0112295150756836
0.0151844024658203 -0.0244464874267578 -0.0028684139251709 -0.00370383262634277
0.0297698974609375 -0.00507545471191406 -0.0250797271728516 -0.0206336975097656
0.0263957977294922 0.0143108367919922 -0.0179252624511719 -0.0516357421875
0.0040740966796875 0.0334033966064453 0.0305938720703125 -0.0827484130859375
-0.0184288024902344 0.0398979187011719 0.056854248046875 -0.0723190307617187
-0.0387306213378906 0.0329437255859375 0.0310707092285156 -0.0458335876464844
-0.0310287475585937 0.0565414428710938 0.0607032775878906 0.0132293701171875
0.0186309814453125 0.0525779724121094 0.0311317443847656 0.0349407196044922
0.0337257385253906 0.0126171112060547 0.0403060913085938 0.0399971008300781
0.0267734527587891 -0.00780868530273437 0.0675773620605469 0.0258102416992187
0.0180091857910156 -0.0185985565185547 0.0739822387695313 -0.00475311279296875
0.00600624084472656 -0.0302143096923828 0.0632247924804688 -0.0359954833984375
0.00155830383300781 -0.02935791015625 0.0463104248046875 -0.0368270874023438
0.004364013671875 -0.0267429351806641 0.0303440093994141 -0.0214996337890625
0.0119476318359375 -0.0341053009033203 0.0141811370849609 -0.000823974609375002
0.0308399200439453 -0.0226821899414063 -0.00632143020629883 0.00708961486816406
0.0410041809082031 0.00331497192382813 -0.0338153839111328 -0.00971412658691406
0.0326728820800781 0.0275154113769531 -0.0316543579101563 -0.0432052612304687
0.000396728515625001 0.0483741760253906 0.0104217529296875 -0.0800247192382813
-0.0308685302734375 0.0519027709960938 0.0347900390625 -0.0656929016113281
-0.0542030334472656 0.0427589416503906 0.0106239318847656 -0.0363197326660156
-0.048614501953125 0.0560264587402344 0.0443382263183594 0.0343971252441406
-0.00374221801757813 0.0650138854980469 0.0176506042480469 0.0567359924316406
0.0249481201171875 0.0347194671630859 0.0364227294921875 0.0597686767578125
0.0340785980224609 0.0139999389648437 0.0679664611816406 0.0425300598144531
0.0325088500976563 -0.00506591796875 0.0748825073242188 0.00951385498046875
0.0275630950927734 -0.0265560150146484 0.0671501159667969 -0.0233116149902344
0.0193653106689453 -0.0324668884277344 0.0465278625488281 -0.0253791809082031
0.0186328887939453 -0.0275173187255859 0.0276985168457031 -0.00975418090820313
0.0256614685058594 -0.0333480834960938 0.00973606109619141 0.0114526748657227
0.0407752990722656 -0.0202980041503906 -0.0131816864013672 0.019683837890625
0.0457191467285156 0.00685501098632813 -0.0420722961425781 0.00381088256835937
0.0373039245605469 0.031494140625 -0.0450210571289063 -0.0303077697753906
0.00371932983398438 0.0541915893554688 -0.0118637084960938 -0.0704345703125
-0.0314865112304688 0.0587043762207031 0.00983428955078124 -0.05255126953125
-0.0585823059082031 0.048248291015625 -0.0135078430175781 -0.0224590301513672
-0.0608634948730469 0.0462570190429688 0.018310546875 0.0526084899902344
-0.0266304016113281 0.0658378601074219 -0.00594329833984374 0.07763671875
0.00876235961914063 0.0522308349609375 0.0258331298828125 0.07928466796875
0.0323257446289063 0.0364875793457031 0.0610275268554688 0.0588455200195313
0.0418548583984375 0.011383056640625 0.0681076049804688 0.0225982666015625
0.0445785522460938 -0.0172691345214844 0.0624618530273437 -0.00915908813476563
0.0340003967285156 -0.0293674468994141 0.0390281677246094 -0.0112457275390625
0.0293025970458984 -0.0238323211669922 0.0199108123779297 0.00322532653808594
0.0348587036132813 -0.0293712615966797 0.00275421142578125 0.0244617462158203
0.0447502136230469 -0.0171241760253906 -0.0193138122558594 0.0318622589111328
0.0454788208007813 0.00788116455078125 -0.0469093322753906 0.0183219909667969
0.0374603271484375 0.0303878784179688 -0.0538864135742188 -0.0151405334472656
0.00803756713867187 0.0520362854003906 -0.0285491943359375 -0.0544319152832031
-0.0271224975585937 0.0572242736816406 -0.00983810424804688 -0.0328540802001953
-0.0571746826171875 0.0465049743652344 -0.0350570678710938 -0.00510025024414062
-0.0600128173828125 0.0289993286132812 -0.0103225708007812 0.0635948181152344
-0.04168701171875 0.0526771545410156 -0.0332107543945313 0.0897445678710938
-0.00879669189453125 0.0553550720214844 0.0079193115234375 0.0924072265625
0.0210914611816406 0.0496406555175781 0.04620361328125 0.069793701171875
0.0401992797851563 0.025848388671875 0.0545883178710938 0.0312728881835938
0.0520553588867188 -0.00373458862304688 0.0493011474609375 0.00346755981445312
0.0433883666992187 -0.0211677551269531 0.0260772705078125 0.00238227844238281
0.0345001220703125 -0.0178775787353516 0.00890445709228516 0.0157585144042969
0.0388526916503906 -0.0210800170898438 -0.00564384460449218 0.0347976684570313
0.044464111328125 -0.0108413696289063 -0.0254707336425781 0.0412254333496094
0.0414314270019531 0.0106163024902344 -0.0496597290039063 0.0287132263183594
0.0313262939453125 0.0290546417236328 -0.0552749633789062 -0.00162124633789063
0.005218505859375 0.0445594787597656 -0.0350875854492188 -0.0364303588867188
-0.0245246887207031 0.046051025390625 -0.0212554931640625 -0.0112934112548828
-0.0518836975097656 0.0342330932617188 -0.0533790588378906 0.0108222961425781
-0.0445365905761719 0.0095367431640625 -0.0338706970214844 0.0674934387207031
-0.0411605834960938 0.02947998046875 -0.0575485229492188 0.09228515625
-0.0202293395996094 0.0418777465820313 -0.01025390625 0.0968017578125
0.00446319580078125 0.0467453002929688 0.0299606323242188 0.0715713500976563
0.0272655487060547 0.0322208404541016 0.0382766723632813 0.0327262878417969
0.0452079772949219 0.00997543334960938 0.0320835113525391 0.0105094909667969
0.0425682067871094 -0.008087158203125 0.0100469589233398 0.0126676559448242
0.0348834991455078 -0.00864601135253906 -0.00378608703613281 0.0258541107177734
0.0385322570800781 -0.0114364624023437 -0.0147895812988281 0.0432281494140625
0.0410881042480469 -0.00139617919921875 -0.0316658020019531 0.0472450256347656
0.0346641540527344 0.0155105590820313 -0.0501708984375 0.0341033935546875
0.0222377777099609 0.0300884246826172 -0.0532302856445312 0.005035400390625
-0.0043182373046875 0.0377616882324219 -0.0365486145019531 -0.0231437683105469
-0.0272598266601563 0.0294761657714844 -0.0270919799804688 0.00350379943847656
-0.0452919006347656 0.0147018432617187 -0.0658950805664063 0.0218009948730469
-0.0198211669921875 -0.0100116729736328 -0.0466346740722656 0.0644760131835938
-0.0262451171875 0.00328254699707031 -0.070220947265625 0.08642578125
-0.0208187103271484 0.0168819427490234 -0.0228652954101563 0.0920486450195313
-0.00962448120117187 0.0286941528320313 0.0166816711425781 0.0665969848632813
0.00825309753417969 0.0269832611083984 0.0256824493408203 0.0292129516601563
0.0288333892822266 0.0186481475830078 0.0156459808349609 0.012272834777832
0.0343399047851563 0.00509452819824219 -0.00490951538085937 0.0176315307617187
0.0293560028076172 0.000921249389648438 -0.0164699554443359 0.0323505401611328
0.0341930389404297 -0.00074005126953125 -0.0248451232910156 0.0470771789550781
0.0348072052001953 0.00873184204101563 -0.0399627685546875 0.0483474731445313
0.0265293121337891 0.0218639373779297 -0.0532150268554687 0.0327949523925781
0.0111217498779297 0.0324821472167969 -0.052642822265625 0.00531005859374999
-0.0172863006591797 0.02978515625 -0.0363655090332031 -0.0168685913085938
-0.0321102142333984 0.00972557067871094 -0.0325984954833984 0.00863456726074219
-0.0375442504882813 -0.00994873046875 -0.0751571655273438 0.0234909057617188
0.00821876525878907 -0.0263442993164063 -0.0461921691894531 0.0581474304199219
-0.00321578979492188 -0.0197200775146484 -0.0679931640625 0.0787277221679688
-0.0115280151367188 -0.0095977783203125 -0.0243301391601563 0.0856246948242188
-0.0168800354003906 0.00343132019042969 0.0136070251464844 0.059539794921875
-0.0104780197143555 0.0144844055175781 0.0209693908691406 0.0218868255615234
0.00589942932128906 0.0227279663085937 0.00450992584228516 0.00847244262695313
0.0195331573486328 0.0178337097167969 -0.016087532043457 0.017420768737793
0.0190067291259766 0.0118026733398438 -0.0266246795654297 0.0337314605712891
0.0236606597900391 0.00987434387207031 -0.0353927612304688 0.0486297607421875
0.0240478515625 0.0174198150634766 -0.0496101379394531 0.0465011596679688
0.0154323577880859 0.0255222320556641 -0.0592193603515625 0.0293960571289062
-0.00126266479492187 0.0322341918945313 -0.0552253723144531 0.00139617919921876
-0.0285205841064453 0.0196933746337891 -0.0384101867675781 -0.0183143615722656
-0.0341453552246094 -0.0108394622802734 -0.0366783142089844 0.00514602661132813
-0.0253086090087891 -0.0340385437011719 -0.0810470581054688 0.0169448852539063
-0.00428009033203125 0.0541915893554688 0.0779495239257812 -0.00891876220703124
0.043487548828125 0.0322456359863281 0.0440177917480469 0.0135650634765625
0.0371780395507813 -0.0154762268066406 0.0435218811035156 0.0213699340820313
0.0141792297363281 -0.0301990509033203 0.0665817260742188 0.00755691528320312
-0.00403976440429688 -0.0293865203857422 0.0706939697265625 -0.0223007202148438
-0.0216941833496094 -0.0276451110839844 0.0552139282226563 -0.0502777099609375
-0.0219459533691406 -0.0204353332519531 0.0411911010742188 -0.0511474609375
-0.0169658660888672 -0.0217971801757812 0.0298576354980469 -0.0342178344726563
-0.0124282836914062 -0.0332984924316406 0.0190715789794922 -0.0128669738769531
0.0117206573486328 -0.0317592620849609 0.00037682056427002 -0.00193357467651367
0.0324687957763672 -0.0126686096191406 -0.0265312194824219 -0.0160427093505859
0.0327396392822266 0.0106868743896484 -0.0238075256347656 -0.0498085021972656
0.0114936828613281 0.0380134582519531 0.0232086181640625 -0.0898208618164063
-0.0138664245605469 0.0502433776855469 0.056427001953125 -0.08294677734375
-0.03826904296875 0.0452766418457031 0.0336494445800781 -0.0500640869140625
-0.0269737243652344 0.0646018981933594 0.072509765625 0.01220703125
0.0273857116699219 0.0541839599609375 0.0404777526855469 0.0333747863769531
0.03717041015625 0.00770187377929687 0.0465927124023438 0.0380363464355469
0.0269489288330078 -0.0128688812255859 0.0736007690429688 0.0223236083984375
0.0142688751220703 -0.0221633911132813 0.0781936645507813 -0.00978851318359375
0.000486373901367189 -0.0323982238769531 0.0662841796875 -0.0417518615722656
-0.00333213806152344 -0.0306034088134766 0.0494880676269531 -0.0439453125
4.00543212890635E-05 -0.0278091430664063 0.0347881317138672 -0.0260295867919922
0.00696182250976563 -0.037841796875 0.0205173492431641 -0.001708984375
0.029510498046875 -0.0287208557128906 -0.000976562499999999 0.0107955932617187
0.04443359375 -0.00268936157226563 -0.0340232849121094 -0.00289726257324219
0.0396080017089844 0.0258598327636719 -0.0371017456054688 -0.0385856628417969
0.00638198852539062 0.0541038513183594 0.00169372558593749 -0.084381103515625
-0.0289039611816406 0.0630340576171875 0.033111572265625 -0.0716629028320312
-0.0557518005371094 0.0554618835449219 0.0126380920410156 -0.0362625122070312
-0.048736572265625 0.0636825561523438 0.0562515258789063 0.0378227233886719
0.00161361694335938 0.0688896179199219 0.0284156799316406 0.0595130920410156
0.028656005859375 0.034027099609375 0.0449028015136719 0.0589828491210937
0.0355758666992187 0.011566162109375 0.0757827758789063 0.0404815673828125
0.0325641632080078 -0.00798797607421875 0.081756591796875 0.00485992431640625
0.0255088806152344 -0.0303325653076172 0.0718612670898438 -0.0297470092773438
0.0169467926025391 -0.0349178314208984 0.0508041381835938 -0.03131103515625
0.0169086456298828 -0.0297012329101563 0.0337867736816406 -0.0137424468994141
0.02337646484375 -0.0374755859375 0.0173282623291016 0.0115032196044922
0.0414161682128906 -0.0257987976074219 -0.00646781921386719 0.0237579345703125
0.049560546875 0.00322341918945313 -0.0402488708496094 0.0115890502929687
0.0431480407714844 0.0312652587890625 -0.0500679016113281 -0.0230216979980469
0.00874710083007813 0.0595321655273437 -0.0203170776367188 -0.0708999633789063
-0.0312461853027344 0.0687675476074219 0.00722885131835937 -0.0548286437988281
-0.0623779296875 0.0587692260742187 -0.0126457214355469 -0.0189704895019531
-0.0638427734375 0.0528297424316406 0.029144287109375 0.0598030090332031
-0.02587890625 0.0712203979492188 0.00539398193359376 0.0844802856445313
0.0111732482910156 0.0547866821289063 0.0353240966796875 0.0809860229492188
0.0351371765136719 0.0376243591308594 0.0698814392089844 0.0581817626953125
0.0451850891113281 0.0109939575195313 0.0763168334960938 0.0192947387695313
0.0465126037597656 -0.0207252502441406 0.0682220458984375 -0.0150299072265625
0.0351638793945313 -0.033416748046875 0.0447006225585938 -0.0159187316894531
0.0303077697753906 -0.0269966125488281 0.0262222290039063 0.000591278076171873
0.0357284545898438 -0.0322036743164062 0.0112838745117188 0.0245609283447266
0.046661376953125 -0.0210151672363281 -0.0112266540527344 0.0360260009765625
0.04998779296875 0.00594711303710937 -0.0445632934570313 0.0263290405273437
0.0428237915039063 0.0313949584960938 -0.0560874938964844 -0.00600051879882813
0.0107841491699219 0.0574951171875 -0.0351409912109375 -0.0516281127929687
-0.0283203125 0.0647430419921875 -0.0116462707519531 -0.0314006805419922
-0.0622825622558594 0.055206298828125 -0.0350627899169922 0.000690460205078131
-0.0657310485839844 0.03240966796875 -0.002532958984375 0.0745468139648438
-0.0457878112792969 0.0575752258300781 -0.0238037109375 0.101188659667969
-0.0095062255859375 0.0597610473632813 0.0179290771484375 0.0975112915039063
0.0233383178710938 0.05438232421875 0.055511474609375 0.0701370239257813
0.0442276000976563 0.0285377502441406 0.0618820190429688 0.0282859802246094
0.0569572448730469 -0.006072998046875 0.0556488037109375 -0.001129150390625
0.0472145080566406 -0.024383544921875 0.0304622650146484 -0.000463485717773439
0.0391006469726562 -0.0204925537109375 0.0137939453125 0.0146102905273438
0.04254150390625 -0.0239028930664063 0.00212478637695313 0.0363197326660156
0.0493507385253906 -0.01324462890625 -0.0177497863769531 0.0460090637207031
0.0466346740722656 0.0109100341796875 -0.045928955078125 0.0359573364257813
0.0352554321289063 0.0320205688476563 -0.0560035705566406 0.00573348999023437
0.00594329833984375 0.0496711730957031 -0.0399513244628906 -0.0321044921875
-0.0285606384277344 0.0521354675292969 -0.0227184295654297 -0.00753974914550781
-0.0586433410644531 0.0397071838378906 -0.0545730590820313 0.0189628601074219
-0.0526046752929688 0.00714492797851562 -0.0313720703125 0.0795211791992187
-0.0483627319335938 0.031036376953125 -0.0517654418945313 0.105560302734375
-0.0252113342285156 0.0454025268554688 -0.00150299072265626 0.103034973144531
0.00502777099609375 0.0531005859375 0.0372238159179688 0.0732345581054688
0.0315895080566406 0.0363616943359375 0.0438499450683594 0.0314521789550781
0.0522727966308594 0.00964736938476563 0.0364761352539063 0.00779342651367188
0.0488471984863281 -0.0113296508789063 0.0135507583618164 0.011927604675293
0.0408172607421875 -0.0112991333007813 9.15527343750003E-05 0.0266590118408203
0.0440406799316406 -0.01336669921875 -0.00916290283203125 0.0452003479003906
0.0481109619140625 -0.00262451171875 -0.024993896484375 0.0510978698730469
0.0403938293457031 0.017974853515625 -0.0470008850097656 0.040313720703125
0.0259246826171875 0.0349140167236328 -0.0531768798828125 0.01129150390625
-0.00591659545898437 0.043212890625 -0.0388145446777344 -0.0187149047851562
-0.0340766906738281 0.0335922241210937 -0.0282821655273438 0.0088043212890625
-0.054779052734375 0.01715087890625 -0.069488525390625 0.0297508239746094
-0.0264511108398438 -0.016387939453125 -0.046142578125 0.075927734375
-0.0348129272460937 0.00104713439941406 -0.0675735473632812 0.100364685058594
-0.0268383026123047 0.0187873840332031 -0.0142974853515625 0.099884033203125
-0.0122756958007813 0.0352745056152344 0.0239753723144531 0.0679283142089844
0.0103530883789063 0.0340461730957031 0.0291347503662109 0.0276279449462891
0.0361251831054687 0.0215568542480469 0.0179939270019531 0.0104484558105469
0.04193115234375 0.00389862060546875 -0.00345420837402343 0.0184707641601563
0.0361671447753906 0.0003662109375 -0.0140361785888672 0.0350170135498047
0.0411224365234375 -0.00235366821289062 -0.0207710266113281 0.0509185791015625
0.0428543090820313 0.00856781005859375 -0.0353279113769531 0.052947998046875
0.0326957702636719 0.0248451232910156 -0.0506172180175781 0.0390625
0.0147247314453125 0.0383644104003906 -0.0528106689453125 0.0111846923828125
-0.0196380615234375 0.03662109375 -0.0388679504394531 -0.0122833251953125
-0.0412864685058594 0.0128822326660156 -0.0344371795654297 0.0147705078125
-0.0473518371582031 -0.0109214782714844 -0.0809173583984375 0.0308609008789063
0.00390625 -0.0356597900390625 -0.0481033325195312 0.0667495727539063
-0.01025390625 -0.0261154174804688 -0.0678558349609375 0.090606689453125
-0.0184116363525391 -0.0107231140136719 -0.0164337158203125 0.09356689453125
-0.0232620239257813 0.00780677795410157 0.0193977355957031 0.0599594116210938
-0.0110397338867188 0.0216712951660156 0.0225925445556641 0.0193557739257812
0.0124130249023437 0.0278549194335937 0.00434398651123047 0.00651979446411133
0.0273017883300781 0.018402099609375 -0.0176467895507812 0.0185585021972656
0.0259761810302734 0.0120487213134766 -0.0275421142578125 0.0382957458496094
0.031341552734375 0.00995254516601563 -0.0335235595703125 0.0534439086914063
0.0324363708496094 0.0180511474609375 -0.0479888916015625 0.0509300231933594
0.0217475891113281 0.0290508270263672 -0.0598106384277344 0.0343399047851562
0.00203704833984375 0.0390701293945313 -0.0563430786132812 0.0066680908203125
-0.0321216583251953 0.0266819000244141 -0.0409126281738281 -0.0140609741210937
-0.0433807373046875 -0.008941650390625 -0.0413818359375 0.0103111267089844
-0.0356864929199219 -0.0376243591308594 -0.0888824462890625 0.0229110717773438
0.00567626953125 0.0572929382324219 0.0853805541992188 -0.0158233642578125
0.0527267456054687 0.0261878967285156 0.0492706298828125 0.00679397583007813
0.0380744934082031 -0.0231094360351563 0.04473876953125 0.01690673828125
0.00955581665039062 -0.0352745056152344 0.0672798156738281 0.00292587280273437
-0.010284423828125 -0.0309848785400391 0.0699653625488281 -0.0274238586425781
-0.0296535491943359 -0.0254325866699219 0.0535240173339844 -0.0538825988769531
-0.0274906158447266 -0.0172405242919922 0.0407028198242188 -0.0561981201171875
-0.0226535797119141 -0.0195732116699219 0.0311927795410156 -0.0383377075195313
-0.020599365234375 -0.0330066680908203 0.0228805541992188 -0.0149745941162109
0.00537490844726562 -0.0358848571777344 0.00535488128662109 -0.00151300430297852
0.0319709777832031 -0.0200996398925781 -0.025177001953125 -0.0108757019042969
0.0371513366699219 0.00496673583984375 -0.0274658203125 -0.0453224182128906
0.0196762084960937 0.0396614074707031 0.01409912109375 -0.092315673828125
-0.00619888305664063 0.0581817626953125 0.0522994995117187 -0.090423583984375
-0.0324859619140625 0.0555496215820312 0.0355987548828125 -0.0539283752441406
-0.0197410583496094 0.06951904296875 0.0830154418945312 0.008026123046875
0.0353317260742188 0.0519180297851563 0.0492401123046875 0.0285453796386719
0.0391044616699219 0.00241470336914063 0.0504074096679687 0.0330390930175781
0.0245647430419922 -0.0172061920166016 0.0753555297851562 0.0172195434570312
0.0103397369384766 -0.0240936279296875 0.0800323486328125 -0.016204833984375
-0.0059356689453125 -0.0323829650878906 0.0663681030273438 -0.04779052734375
-0.00795555114746094 -0.0295162200927734 0.0506820678710938 -0.049835205078125
-0.00349235534667969 -0.0269699096679688 0.0377006530761719 -0.0317726135253906
0.00107574462890625 -0.0388259887695313 0.0260734558105469 -0.00474166870117188
0.0259227752685547 -0.0338268280029297 0.00588703155517578 0.0116367340087891
0.045379638671875 -0.00874710083007813 -0.0299358367919922 0.00304794311523437
0.045013427734375 0.0218658447265625 -0.0394287109375 -0.0318107604980469
0.0139579772949219 0.0570144653320313 -0.00667572021484375 -0.0830459594726563
-0.023223876953125 0.0721817016601563 0.0291213989257813 -0.0766677856445313
-0.0528411865234375 0.066864013671875 0.0150070190429687 -0.0368728637695312
-0.0454330444335938 0.069549560546875 0.0686492919921875 0.0361671447753906
0.00716781616210938 0.0701675415039063 0.0390548706054688 0.0572128295898438
0.0310020446777344 0.0314655303955078 0.0512733459472656 0.0547904968261719
0.0353012084960937 0.0089874267578125 0.0801239013671875 0.0353927612304687
0.0312480926513672 -0.0106945037841797 0.08587646484375 -0.0011138916015625
0.0213546752929688 -0.0317516326904297 0.0740585327148438 -0.0364837646484375
0.0142097473144531 -0.036285400390625 0.0541572570800781 -0.037689208984375
0.0150184631347656 -0.0308551788330078 0.0380630493164063 -0.0191802978515625
0.0205650329589844 -0.0392227172851563 0.0246868133544922 0.00793075561523437
0.0399246215820313 -0.0300331115722656 0.00252342224121094 0.0249366760253906
0.052154541015625 -0.0016937255859375 -0.0348091125488281 0.0179367065429687
0.0487899780273438 0.0293388366699219 -0.0497360229492187 -0.0148277282714844
0.0147171020507813 0.06304931640625 -0.0269279479980469 -0.06719970703125
-0.0274810791015625 0.0775299072265625 0.00563812255859375 -0.0552520751953125
-0.0611419677734375 0.0702972412109375 -0.00954914093017578 -0.015833854675293
-0.0654525756835938 0.0585098266601562 0.0418701171875 0.0622673034667969
-0.0229568481445312 0.0750885009765625 0.0175018310546875 0.085723876953125
0.0130195617675781 0.0553131103515625 0.0436859130859375 0.0783615112304688
0.0374870300292969 0.0372085571289063 0.0762863159179688 0.0536651611328125
0.0463638305664063 0.0091400146484375 0.0817108154296875 0.0137481689453125
0.0466537475585938 -0.0234184265136719 0.0718994140625 -0.0215682983398438
0.0347938537597656 -0.0366058349609375 0.0481414794921875 -0.0218505859375
0.0312252044677734 -0.0296974182128906 0.0309791564941406 -0.00391197204589844
0.0355262756347656 -0.0355949401855469 0.0188236236572266 0.0212783813476562
0.0484390258789063 -0.0249366760253906 -0.00184631347656249 0.0366859436035156
0.0537796020507813 0.00371932983398438 -0.0372810363769531 0.0317153930664063
0.0477371215820313 0.03094482421875 -0.05377197265625 0.0021209716796875
0.0145378112792969 0.0607376098632813 -0.0389556884765625 -0.0461654663085937
-0.027862548828125 0.0719223022460938 -0.0111331939697266 -0.0290031433105469
-0.0638427734375 0.0641059875488281 -0.0321578979492188 0.00746726989746094
-0.0707244873046875 0.0365371704101562 0.008941650390625 0.080780029296875
-0.0484085083007813 0.0621070861816406 -0.0126113891601562 0.106300354003906
-0.009307861328125 0.0638656616210938 0.02764892578125 0.09674072265625
0.0264244079589844 0.0574798583984375 0.0630950927734375 0.0672187805175781
0.0486602783203125 0.0281791687011719 0.0669898986816406 0.0244369506835938
0.0598373413085938 -0.00879287719726563 0.0589370727539063 -0.00703811645507813
0.0493698120117188 -0.0296287536621094 0.0342788696289063 -0.00440406799316406
0.0413284301757813 -0.0244712829589844 0.0193023681640625 0.0112094879150391
0.0455169677734375 -0.0282745361328125 0.00899887084960938 0.0339241027832031
0.0537223815917969 -0.0166511535644531 -0.00870513916015624 0.0468673706054687
0.0513687133789063 0.0099029541015625 -0.0378341674804688 0.0410575866699219
0.0408172607421875 0.0341758728027344 -0.0520668029785156 0.0132293701171875
0.00748825073242188 0.0548744201660156 -0.0409774780273437 -0.0263595581054687
-0.0303192138671875 0.05853271484375 -0.0202522277832031 -0.00335121154785156
-0.0636672973632813 0.0473785400390625 -0.0521774291992188 0.0268936157226563
-0.0606460571289063 0.008392333984375 -0.022979736328125 0.0881500244140625
-0.0552749633789062 0.0347862243652344 -0.0419387817382813 0.114288330078125
-0.0273704528808594 0.0507965087890625 0.00913238525390626 0.104515075683594
0.0067291259765625 0.0591812133789063 0.0445938110351562 0.0708084106445313
0.0360679626464844 0.0401878356933594 0.0481910705566406 0.027557373046875
0.0590553283691406 0.00841140747070313 0.0390090942382813 0.00425338745117188
0.053985595703125 -0.0161399841308594 0.0164909362792969 0.0103883743286133
0.0448036193847656 -0.014984130859375 0.00425338745117188 0.0256385803222656
0.0495338439941406 -0.0175514221191406 -0.00288009643554687 0.044891357421875
0.0539131164550781 -0.0059356689453125 -0.0179786682128906 0.0520210266113281
0.0464210510253906 0.0180397033691406 -0.0398139953613281 0.043975830078125
0.0307044982910156 0.0390434265136719 -0.0499153137207031 0.0177955627441406
-0.00555801391601562 0.0496749877929688 -0.0387496948242188 -0.0129928588867188
-0.0388031005859375 0.0393524169921875 -0.0256938934326172 0.0138607025146484
-0.0618171691894531 0.0216522216796875 -0.0682525634765625 0.0388069152832031
-0.0349407196044922 -0.0200576782226563 -0.0425262451171875 0.0850830078125
-0.0437812805175781 0.000801086425781243 -0.0602645874023437 0.110038757324219
-0.0326805114746094 0.0230941772460938 -0.00465393066406249 0.102386474609375
-0.0131607055664062 0.0418891906738281 0.0300369262695312 0.0661277770996094
0.0147209167480469 0.03900146484375 0.0310153961181641 0.0242691040039063
0.0441741943359375 0.0221710205078125 0.0185489654541016 0.00810432434082031
0.0488243103027344 -2.288818359375E-05 -0.00227165222167968 0.0189857482910156
0.0423507690429688 -0.0034637451171875 -0.0112113952636719 0.0363426208496094
0.0471839904785156 -0.006622314453125 -0.0163040161132813 0.0521621704101563
0.0504035949707031 0.00556182861328125 -0.0295524597167969 0.0544090270996094
0.0396194458007813 0.0253028869628906 -0.0462417602539063 0.0424423217773438
0.020751953125 0.0434494018554688 -0.0499420166015625 0.0161018371582031
-0.0204277038574219 0.0437774658203125 -0.037841796875 -0.00742721557617188
-0.0477066040039062 0.0188560485839844 -0.0333614349365234 0.0207691192626953
-0.0574951171875 -0.00785064697265624 -0.0818252563476563 0.0396804809570313
-0.00409698486328125 -0.0428009033203125 -0.046600341796875 0.0745468139648437
-0.0199527740478516 -0.0305519104003906 -0.0625 0.100074768066406
-0.0258579254150391 -0.0102024078369141 -0.00701904296875 0.0955657958984375
-0.0270538330078125 0.0148448944091797 0.02490234375 0.0564002990722656
-0.00902557373046875 0.0280933380126953 0.02227783203125 0.0153789520263672
0.0199756622314453 0.0306529998779297 0.0021061897277832 0.00526857376098633
0.0352554321289062 0.0160026550292969 -0.0189456939697266 0.0218353271484375
0.0322380065917969 0.0091400146484375 -0.0255546569824219 0.0418624877929688
0.0379409790039063 0.0066680908203125 -0.0308036804199219 0.056671142578125
0.0404281616210938 0.0157279968261719 -0.0440635681152344 0.0542984008789063
0.0287246704101562 0.0303745269775391 -0.0567855834960937 0.0385589599609375
0.00761795043945312 0.0436782836914063 -0.0546722412109375 0.0106773376464844
-0.0326747894287109 0.0343875885009766 -0.041046142578125 -0.00864028930664061
-0.0518264770507813 -0.00394821166992187 -0.0431060791015625 0.0172119140625
-0.0467185974121094 -0.0368309020996094 -0.0933914184570313 0.0308761596679687
0.0140533447265625 0.05712890625 0.0904541015625 -0.0226821899414062
0.0580406188964844 0.0202598571777344 0.05206298828125 -0.000202178955078124
0.0361480712890625 -0.0292282104492188 0.0444869995117188 0.012481689453125
0.00496673583984375 -0.0382575988769531 0.0664176940917969 0.000522613525390623
-0.0160045623779297 -0.0304279327392578 0.0688629150390625 -0.0293922424316406
-0.0354995727539063 -0.0212135314941406 0.05242919921875 -0.05621337890625
-0.0318107604980469 -0.0135059356689453 0.0397911071777344 -0.0600433349609375
-0.026214599609375 -0.0155544281005859 0.031707763671875 -0.0426483154296875
-0.0268974304199219 -0.0293922424316406 0.0260715484619141 -0.0189037322998047
-0.000457763671875004 -0.0378227233886719 0.0101919174194336 -0.00176620483398438
0.02935791015625 -0.0262928009033203 -0.0216121673583984 -0.00706863403320313
0.0395736694335938 -0.00115203857421875 -0.0284805297851562 -0.0399436950683594
0.0274620056152344 0.0385017395019531 0.00826263427734376 -0.0906906127929688
0.00291824340820312 0.0626411437988281 0.0479049682617187 -0.0947341918945312
-0.0246353149414062 0.0628318786621094 0.0374870300292969 -0.0569915771484375
-0.0131607055664063 0.0711288452148438 0.0915298461914063 0.00244140625
0.0409507751464844 0.0469474792480469 0.0548439025878906 0.02191162109375
0.0383110046386719 -0.00287246704101562 0.0512237548828125 0.0280532836914063
0.0209522247314453 -0.0197257995605469 0.0758132934570313 0.0136184692382812
0.00572967529296875 -0.0250968933105469 0.0810546875 -0.0196762084960938
-0.0105228424072266 -0.0293903350830078 0.0661849975585938 -0.0515899658203125
-0.0113143920898437 -0.0270938873291016 0.0509910583496094 -0.0551185607910156
-0.00684928894042969 -0.0253429412841797 0.0397300720214844 -0.0366897583007813
-0.00408935546875 -0.0371170043945313 0.0316562652587891 -0.00994873046875
0.0214118957519531 -0.0361862182617188 0.0126428604125977 0.0100221633911133
0.0447044372558594 -0.0137100219726563 -0.0245189666748047 0.00728034973144531
0.0477447509765625 0.0164642333984375 -0.0381050109863281 -0.0247802734375
0.0208778381347656 0.0572662353515625 -0.0118408203125 -0.079437255859375
-0.0157394409179688 0.0780029296875 0.0269851684570312 -0.0790557861328125
-0.046722412109375 0.0752639770507812 0.0187568664550781 -0.0376014709472656
-0.0423583984375 0.0736846923828125 0.07891845703125 0.0324783325195313
0.0112419128417969 0.0688743591308594 0.0474739074707031 0.0514488220214844
0.0309638977050781 0.0287055969238281 0.0545120239257813 0.049652099609375
0.0343132019042969 0.00743293762207031 0.0826339721679688 0.0314407348632813
0.0288810729980469 -0.0115222930908203 0.0873184204101563 -0.0057525634765625
0.0182151794433594 -0.0311660766601562 0.075042724609375 -0.0420913696289063
0.0118484497070313 -0.0362586975097656 0.0549697875976563 -0.0440254211425781
0.0132560729980469 -0.0309848785400391 0.04071044921875 -0.0250320434570313
0.01739501953125 -0.0402297973632813 0.0304832458496094 0.0027923583984375
0.0374870300292969 -0.0328292846679688 0.0105457305908203 0.0225887298583984
0.0533943176269531 -0.00530242919921875 -0.0279426574707031 0.0214805603027344
0.0524253845214844 0.0258903503417969 -0.0458831787109375 -0.00794219970703125
0.0197257995605469 0.0639572143554688 -0.0299224853515625 -0.061676025390625
-0.0235214233398438 0.082977294921875 0.00490188598632812 -0.0555458068847656
-0.0584030151367188 0.0784759521484375 -0.00427055358886719 -0.0138921737670898
-0.0659294128417969 0.0637626647949219 0.05303955078125 0.0624237060546875
-0.0226898193359375 0.0777969360351563 0.027923583984375 0.082183837890625
0.0137748718261719 0.05645751953125 0.04962158203125 0.0742568969726563
0.038848876953125 0.0380058288574219 0.080291748046875 0.0492401123046875
0.047271728515625 0.00804901123046875 0.083343505859375 0.00844573974609375
0.0457572937011719 -0.0257492065429688 0.0728912353515625 -0.0275039672851563
0.0345497131347656 -0.0389518737792969 0.0503158569335938 -0.02752685546875
0.0314693450927734 -0.0313262939453125 0.0347976684570313 -0.00984954833984375
0.0359954833984375 -0.03741455078125 0.02471923828125 0.0167808532714844
0.0496177673339844 -0.0273399353027344 0.00630569458007813 0.0343551635742187
0.0558128356933594 0.00144577026367187 -0.0292625427246094 0.0344829559326172
0.0512428283691406 0.0303459167480469 -0.0489234924316406 0.00753021240234376
0.0178451538085938 0.0632095336914063 -0.0393829345703125 -0.0407333374023437
-0.0261154174804688 0.0782394409179688 -0.00980377197265625 -0.0272388458251953
-0.064300537109375 0.0721206665039062 -0.0268115997314453 0.0106983184814453
-0.0764617919921875 0.0397567749023438 0.0192108154296875 0.0838241577148438
-0.05059814453125 0.0671310424804688 -0.00164794921875 0.106346130371094
-0.00977325439453124 0.0672378540039063 0.0343551635742187 0.0930328369140625
0.0298881530761719 0.0610008239746094 0.0676651000976563 0.0638961791992188
0.0519027709960938 0.0289878845214844 0.0699386596679688 0.0204658508300781
0.06298828125 -0.0119285583496094 0.06048583984375 -0.0121955871582031
0.0507164001464844 -0.0335502624511719 0.0367965698242188 -0.00928878784179688
0.0435562133789063 -0.0274734497070313 0.0224494934082031 0.00734138488769531
0.0477180480957031 -0.0317306518554688 0.0145530700683594 0.0300941467285156
0.0567207336425781 -0.0195350646972656 -0.00121688842773437 0.0434646606445313
0.056121826171875 0.00897979736328125 -0.030364990234375 0.0422401428222656
0.0453262329101562 0.035369873046875 -0.0462150573730469 0.0175247192382812
0.00954437255859374 0.0588722229003906 -0.0393524169921875 -0.0212478637695313
-0.0324478149414063 0.0651512145996094 -0.0172157287597656 -0.000904083251953121
-0.0664482116699219 0.0543403625488281 -0.0465660095214844 0.0322113037109375
-0.0683021545410156 0.010589599609375 -0.0145721435546875 0.0934371948242188
-0.0610923767089844 0.039337158203125 -0.03228759765625 0.117584228515625
-0.0301513671875 0.0565757751464844 0.0166854858398437 0.10235595703125
0.00959396362304688 0.0648727416992188 0.0493965148925781 0.0676994323730469
0.0412178039550781 0.041778564453125 0.0496902465820313 0.0242195129394531
0.0648422241210937 0.00534439086914062 0.0399017333984375 0.000301361083984375
0.0579414367675781 -0.0215873718261719 0.0181522369384766 0.00723457336425781
0.0486526489257813 -0.0194091796875 0.00728225708007813 0.0231971740722656
0.0533714294433594 -0.0225677490234375 0.00161361694335938 0.0414543151855469
0.0592079162597656 -0.00933456420898438 -0.0116729736328125 0.0497970581054688
0.0520858764648438 0.0175590515136719 -0.0336456298828125 0.044464111328125
0.0368919372558594 0.0420684814453125 -0.044403076171875 0.0205726623535156
-0.00412368774414062 0.0550613403320312 -0.0361824035644531 -0.00878143310546875
-0.0426826477050781 0.0459976196289063 -0.0219936370849609 0.0177192687988281
-0.0678558349609375 0.0276679992675781 -0.0641136169433594 0.0451393127441406
-0.0442962646484375 -0.0205497741699219 -0.0372390747070313 0.0921859741210938
-0.0524482727050781 0.003204345703125 -0.0521621704101563 0.116569519042969
-0.0375785827636719 0.0278701782226563 0.00269317626953126 0.101631164550781
-0.0124549865722656 0.0487403869628906 0.0333366394042969 0.0628471374511719
0.0196456909179688 0.0433616638183594 0.0313720703125 0.0210952758789063
0.0515060424804687 0.0209579467773438 0.0182609558105469 0.00625801086425781
0.0541954040527344 -0.0052947998046875 -0.00197792053222656 0.01910400390625
0.0465545654296875 -0.00802993774414063 -0.00859832763671874 0.0362930297851563
0.052581787109375 -0.01123046875 -0.0133476257324219 0.0511512756347656
0.0569725036621094 0.00144577026367188 -0.025665283203125 0.0531654357910156
0.0463294982910156 0.0258026123046875 -0.0419769287109375 0.0431289672851562
0.0267372131347656 0.0468330383300781 -0.0455207824707031 0.0181846618652344
-0.0190086364746094 0.0502281188964844 -0.0349960327148438 -0.0039825439453125
-0.0532417297363281 0.0258941650390625 -0.0303153991699219 0.0251045227050781
-0.0658683776855469 -0.00352859497070314 -0.0812835693359375 0.045989990234375
-0.0124015808105469 -0.0473594665527344 -0.045928955078125 0.0804901123046875
-0.0292587280273437 -0.0312767028808594 -0.0567703247070312 0.106216430664062
-0.0325870513916016 -0.00690460205078126 -0.00029754638671876 0.0939407348632813
-0.0283699035644531 0.0210494995117187 0.0271644592285156 0.052642822265625
-0.00511741638183593 0.0338134765625 0.0202751159667969 0.0128002166748047
0.0280590057373047 0.0308914184570312 -0.000489711761474607 0.00517129898071289
0.0418281555175781 0.011444091796875 -0.0201969146728516 0.0238761901855469
0.0372200012207031 0.004669189453125 -0.0246696472167969 0.0439605712890625
0.0432395935058594 0.0013275146484375 -0.0285758972167969 0.0579986572265625
0.0465507507324219 0.011932373046875 -0.0412406921386719 0.0546531677246094
0.0351486206054687 0.0300788879394531 -0.0528984069824219 0.0397911071777344
0.0144844055175781 0.0470848083496094 -0.0516014099121094 0.0133056640625
-0.0315971374511719 0.0413932800292969 -0.0385551452636719 -0.00518035888671874
-0.0578193664550781 0.00231933593750001 -0.0418167114257813 0.0229263305664063
-0.0560798645019531 -0.0339469909667969 -0.095703125 0.0373916625976563
0.0208396911621094 0.05615234375 0.0950469970703125 -0.0295562744140625
0.0612335205078125 0.0139045715332031 0.0534744262695313 -0.00597000122070312
0.0334529876708984 -0.034271240234375 0.0432815551757813 0.0106849670410156
0.000232696533203125 -0.0403861999511719 0.06561279296875 0.000511169433593747
-0.0206317901611328 -0.0286846160888672 0.0691909790039063 -0.0300788879394531
-0.0397491455078125 -0.0168075561523437 0.052703857421875 -0.0567207336425781
-0.0342311859130859 -0.00865936279296876 0.0402030944824219 -0.0625419616699219
-0.0289859771728516 -0.0119552612304688 0.0330314636230469 -0.0467910766601563
-0.0322227478027344 -0.0257015228271484 0.0292434692382813 -0.0230445861816406
-0.0069122314453125 -0.0380821228027344 0.0146541595458984 -0.00404453277587891
0.0258693695068359 -0.0309867858886719 -0.0170011520385742 -0.00541210174560547
0.0402603149414063 -0.00654220581054688 -0.0260238647460937 -0.0363616943359375
0.0340461730957031 0.0363578796386719 0.0042266845703125 -0.088592529296875
0.0119132995605469 0.0657920837402344 0.0458450317382812 -0.0975494384765625
-0.0169601440429688 0.0678024291992188 0.0415916442871094 -0.0609359741210937
-0.00904846191406251 0.0719070434570313 0.0987319946289063 -0.0028228759765625
0.0433502197265625 0.0433502197265625 0.0583152770996094 0.016082763671875
0.0360984802246094 -0.00580978393554688 0.0512275695800781 0.0259819030761719
0.0184173583984375 -0.0212764739990234 0.0768661499023438 0.0131301879882812
0.00267791748046875 -0.0233860015869141 0.08172607421875 -0.0210418701171875
-0.0140571594238281 -0.0269851684570313 0.0673065185546875 -0.0547981262207031
-0.0139236450195312 -0.0244617462158203 0.0519981384277344 -0.060516357421875
-0.00836753845214844 -0.0232486724853516 0.04150390625 -0.0420341491699219
-0.00792312622070313 -0.0355873107910156 0.0349750518798828 -0.0145263671875
0.0179786682128906 -0.0374069213867188 0.0190525054931641 0.00679397583007812
0.043548583984375 -0.0181465148925781 -0.018341064453125 0.00793075561523438
0.0498275756835938 0.0128097534179688 -0.0347557067871094 -0.0210533142089844
0.0263633728027344 0.0572509765625 -0.01312255859375 -0.0766220092773438
-0.0093231201171875 0.0828323364257813 0.0265655517578125 -0.0805282592773438
-0.0421829223632813 0.0810546875 0.0236625671386719 -0.0391387939453125
-0.04083251953125 0.0765838623046875 0.0882720947265625 0.0286102294921875
0.0133476257324219 0.0693244934082031 0.0531539916992188 0.0461387634277344
0.0305633544921875 0.0280590057373047 0.055145263671875 0.0463676452636719
0.0338363647460938 0.00720024108886719 0.0835647583007813 0.029449462890625
0.0282497406005859 -0.0110569000244141 0.0893630981445313 -0.00847625732421875
0.0163078308105469 -0.0302047729492188 0.07568359375 -0.0459060668945313
0.0118865966796875 -0.0359458923339844 0.0561180114746094 -0.0493659973144531
0.0136547088623047 -0.0303936004638672 0.0427398681640625 -0.0315208435058594
0.0162887573242188 -0.0396194458007813 0.0356216430664063 -0.00328826904296875
0.0367355346679688 -0.0340194702148438 0.0175056457519531 0.0182971954345703
0.0542259216308594 -0.008026123046875 -0.0208969116210937 0.0226593017578125
0.0545883178710938 0.02392578125 -0.0405311584472656 -0.00377273559570313
0.02325439453125 0.0656013488769531 -0.0299530029296875 -0.058441162109375
-0.0194244384765625 0.0897903442382812 0.00600814819335937 -0.0553970336914062
-0.0562744140625 0.0850753784179688 0.00132656097412109 -0.0138006210327148
-0.0694541931152344 0.0686454772949219 0.0625457763671875 0.0608177185058594
-0.0237045288085937 0.0806884765625 0.0350341796875 0.0796279907226563
0.0133438110351563 0.057861328125 0.0510635375976562 0.0703964233398438
0.0405387878417969 0.039886474609375 0.0823440551757813 0.0470123291015625
0.0479507446289062 0.00864028930664062 0.0860366821289063 0.00551605224609375
0.0461006164550781 -0.0273551940917969 0.0744705200195313 -0.032073974609375
0.035186767578125 -0.0404167175292969 0.051666259765625 -0.0326194763183594
0.03314208984375 -0.0340900421142578 0.0369758605957031 -0.0153846740722656
0.0365142822265625 -0.0396804809570313 0.029052734375 0.0109062194824219
0.0507965087890625 -0.0297393798828125 0.0127620697021484 0.0296707153320312
0.059234619140625 0.000308990478515625 -0.0226306915283203 0.0335063934326172
0.0547561645507812 0.0305519104003906 -0.0422286987304688 0.0102767944335937
0.0197677612304687 0.0663948059082031 -0.0374984741210938 -0.0377197265625
-0.0246658325195312 0.0844345092773438 -0.00719451904296875 -0.0269813537597656
-0.0644912719726563 0.0790252685546875 -0.0206851959228516 0.0127277374267578
-0.0819091796875 0.0449600219726562 0.0277862548828125 0.0844573974609375
-0.0536880493164063 0.0718765258789063 0.00684356689453124 0.105812072753906
-0.0107269287109375 0.0711288452148438 0.0382766723632812 0.0906829833984375
0.0321502685546875 0.0642509460449219 0.0693855285644531 0.0617904663085938
0.0556869506835938 0.0294075012207031 0.0719680786132813 0.0179519653320313
0.0656814575195313 -0.0145187377929688 0.0626182556152344 -0.0160026550292969
0.0531120300292969 -0.0376358032226563 0.0384864807128906 -0.0124473571777344
0.0466346740722656 -0.030609130859375 0.0242538452148438 0.00287628173828125
0.0511398315429688 -0.0353202819824219 0.0174770355224609 0.0256137847900391
0.0600547790527344 -0.0228385925292969 0.00396347045898438 0.0396080017089844
0.0601005554199219 0.00922012329101563 -0.0240402221679688 0.0404815673828125
0.049530029296875 0.0369033813476562 -0.0402297973632813 0.0194129943847656
0.01055908203125 0.0631599426269531 -0.0362052917480469 -0.0191535949707031
-0.0335922241210938 0.0710830688476562 -0.0127983093261719 0.00149822235107423
-0.0706863403320312 0.0616226196289063 -0.0424118041992188 0.0350494384765625
-0.0761871337890625 0.0132369995117187 -0.0081329345703125 0.0974349975585938
-0.0676460266113281 0.044586181640625 -0.02484130859375 0.119514465332031
-0.0325202941894531 0.06256103515625 0.0207290649414062 0.100311279296875
0.011627197265625 0.0698394775390625 0.0510139465332031 0.065521240234375
0.0460166931152344 0.0448646545410156 0.0500946044921875 0.0226707458496094
0.0699234008789063 0.00281524658203125 0.0407562255859375 -0.00247573852539063
0.061279296875 -0.0261344909667969 0.0200099945068359 0.00496673583984375
0.0527267456054688 -0.0232467651367188 0.009033203125 0.0210838317871094
0.0574531555175781 -0.0273933410644531 0.0032196044921875 0.039093017578125
0.0644416809082031 -0.01373291015625 -0.00739288330078125 0.0463409423828125
0.0586929321289062 0.0176353454589844 -0.0299224853515625 0.0431785583496094
0.0416793823242187 0.0438957214355469 -0.0397872924804688 0.0198974609375
-0.00386810302734376 0.0607223510742187 -0.0328426361083984 -0.00797271728515624
-0.046295166015625 0.0531692504882812 -0.0180740356445313 0.0192852020263672
-0.0732955932617188 0.0340499877929688 -0.0615272521972656 0.0495796203613281
-0.0538215637207031 -0.0198631286621094 -0.0342941284179688 0.0972442626953125
-0.0605964660644531 0.0077056884765625 -0.0476455688476563 0.119461059570313
-0.042144775390625 0.0333404541015625 0.00690460205078125 0.0998916625976563
-0.0111923217773438 0.0557518005371094 0.0341567993164063 0.0616950988769531
0.0248298645019531 0.0468940734863281 0.0309047698974609 0.0194549560546875
0.0577774047851562 0.0184860229492188 0.0181941986083984 0.00510215759277344
0.058868408203125 -0.0102272033691406 -0.00222206115722656 0.0195236206054688
0.0503158569335938 -0.0127296447753906 -0.00797653198242187 0.0358009338378906
0.0570831298828125 -0.0171546936035156 -0.0121994018554687 0.0504226684570312
0.0617408752441406 -0.0027008056640625 -0.023956298828125 0.0516891479492188
0.0527763366699219 0.0256805419921875 -0.0394248962402344 0.041748046875
0.0327911376953125 0.0493736267089844 -0.0425949096679688 0.0183067321777344
-0.0182571411132813 0.0569114685058594 -0.0323104858398438 -0.00304603576660155
-0.0583267211914062 0.0332870483398438 -0.0274925231933594 0.0283756256103516
-0.0732574462890625 0.00246429443359376 -0.0811691284179687 0.0517425537109375
-0.0213127136230469 -0.0499916076660156 -0.0447921752929687 0.085540771484375
-0.0385589599609375 -0.0301513671875 -0.053009033203125 0.109100341796875
-0.038665771484375 -0.00305557250976562 0.00335693359374999 0.0922698974609375
-0.0287208557128906 0.0275497436523437 0.0260810852050781 0.0499763488769531
-0.000423431396484373 0.0383148193359375 0.0181007385253906 0.0114307403564453
0.0341529846191406 0.0298576354980469 -0.00307655334472656 0.00623559951782227
0.046539306640625 0.00702285766601563 -0.0204620361328125 0.0263309478759766
0.0414886474609375 0.0002899169921875 -0.0237579345703125 0.0464286804199219
0.0476570129394531 -0.00336456298828125 -0.027679443359375 0.0584945678710938
0.0518608093261719 0.00762557983398437 -0.0410385131835938 0.0548057556152344
0.0402870178222656 0.02947998046875 -0.0524368286132813 0.038970947265625
0.0202980041503906 0.0490341186523438 -0.0500411987304688 0.0141143798828125
-0.0301704406738281 0.0470657348632813 -0.0362586975097656 -0.00376510620117188
-0.06298828125 0.00951004028320311 -0.040679931640625 0.0268173217773438
-0.0644798278808594 -0.0295219421386719 -0.0979843139648438 0.042816162109375
0.0269393920898437 0.05523681640625 0.100257873535156 -0.0359954833984375
0.065673828125 0.0074615478515625 0.0544281005859375 -0.0113182067871094
0.0315513610839844 -0.0387153625488281 0.0416526794433594 0.00940322875976562
-0.00397109985351562 -0.0422439575195313 0.0672111511230469 0.000350952148437497
-0.0245494842529297 -0.0281906127929688 0.0718994140625 -0.0308761596679688
-0.0432777404785156 -0.0122108459472656 0.0553359985351563 -0.0595436096191406
-0.0367317199707031 -0.00439453125000001 0.0418243408203125 -0.0677299499511719
-0.0307884216308594 -0.00816917419433594 0.0338935852050781 -0.0516548156738281
-0.0362472534179688 -0.0214881896972656 0.0313186645507813 -0.0277919769287109
-0.0115470886230469 -0.0377922058105469 0.0190315246582031 -0.00836372375488281
0.0229148864746094 -0.0357284545898437 -0.0122385025024414 -0.00499439239501953
0.0404434204101563 -0.01251220703125 -0.02398681640625 -0.0345592498779297
0.0397834777832031 0.0347213745117188 0.00363159179687501 -0.0876617431640625
0.0204734802246094 0.0676002502441406 0.0453567504882812 -0.102569580078125
-0.01025390625 0.071807861328125 0.0443649291992188 -0.0662689208984375
-0.00579833984375001 0.07476806640625 0.106002807617187 -0.00968170166015624
0.0469894409179688 0.0411109924316406 0.06109619140625 0.0100173950195313
0.0348739624023438 -0.00919342041015625 0.0509376525878906 0.0242767333984375
0.0156841278076172 -0.0217838287353516 0.079620361328125 0.0123672485351563
0.000797271728515625 -0.0228710174560547 0.08489990234375 -0.0235443115234375
-0.0169143676757812 -0.0232505798339844 0.0702743530273437 -0.05889892578125
-0.014312744140625 -0.0219497680664063 0.053558349609375 -0.0662002563476563
-0.00910758972167969 -0.0212287902832031 0.0430145263671875 -0.0489463806152344
-0.0103244781494141 -0.033538818359375 0.039215087890625 -0.0211219787597656
0.0140647888183594 -0.0383491516113281 0.0241584777832031 0.0028228759765625
0.0424461364746094 -0.0210113525390625 -0.0128202438354492 0.00786685943603516
0.0523948669433594 0.0100021362304687 -0.0305347442626953 -0.018707275390625
0.0318107604980469 0.0567626953125 -0.0136642456054688 -0.0742721557617188
-0.00334930419921875 0.0882797241210937 0.026885986328125 -0.0832595825195313
-0.0375900268554687 0.0881118774414063 0.0282516479492188 -0.0432777404785156
-0.0409088134765625 0.0818252563476563 0.0974349975585938 0.0235824584960938
0.0152130126953125 0.0704421997070313 0.0582809448242188 0.0412673950195313
0.0296249389648438 0.0279121398925781 0.0563888549804688 0.0444564819335938
0.0345897674560547 0.00853729248046875 0.0873947143554687 0.0299224853515625
0.0289077758789062 -0.0105876922607422 0.0925979614257813 -0.0114212036132813
0.0160655975341797 -0.0296268463134766 0.0793609619140625 -0.051177978515625
0.0113143920898438 -0.0359230041503906 0.0596847534179687 -0.0561561584472656
0.0138740539550781 -0.0313720703125 0.0444755554199219 -0.0377426147460938
0.0164299011230469 -0.0404396057128906 0.0386009216308594 -0.00943756103515625
0.0367355346679688 -0.0359153747558594 0.0233669281005859 0.0139503479003906
0.0556144714355469 -0.0103416442871094 -0.0143966674804687 0.0212383270263672
0.0587577819824219 0.0227432250976562 -0.0363044738769531 -0.0022430419921875
0.027923583984375 0.0684661865234375 -0.0294303894042969 -0.0554847717285156
-0.0160140991210937 0.0959091186523438 0.00765609741210937 -0.05706787109375
-0.05548095703125 0.09320068359375 0.00613021850585937 -0.015660285949707
-0.0724411010742188 0.0735015869140625 0.0718841552734375 0.0588760375976563
-0.0229339599609375 0.0859603881835938 0.041412353515625 0.0760269165039062
0.0122337341308594 0.0614128112792969 0.0534553527832031 0.0691375732421875
0.0432014465332031 0.0419197082519531 0.0861282348632813 0.0473785400390625
0.0511474609375 0.00965118408203125 0.0892410278320313 0.00301361083984375
0.0480880737304688 -0.0284881591796875 0.0778121948242188 -0.0368118286132813
0.0363616943359375 -0.0431442260742188 0.0539932250976563 -0.0380973815917969
0.0359420776367188 -0.0354843139648438 0.0384674072265625 -0.0214042663574219
0.0385398864746094 -0.042388916015625 0.0319671630859375 0.00508689880371093
0.0530662536621094 -0.0324821472167969 0.0174140930175781 0.0254554748535156
0.0626945495605469 -0.000263214111328125 -0.0158882141113281 0.0312099456787109
0.059967041015625 0.0316162109375 -0.03778076171875 0.0116500854492188
0.0226211547851562 0.0705413818359375 -0.0364646911621094 -0.0351905822753906
-0.0247039794921875 0.0923995971679687 -0.00385284423828125 -0.0269813537597656
-0.0661544799804688 0.0876846313476562 -0.0156459808349609 0.0128774642944336
-0.089752197265625 0.05133056640625 0.0364151000976563 0.0857925415039063
-0.057403564453125 0.0786666870117188 0.0117263793945312 0.106063842773438
-0.0126190185546875 0.0780563354492188 0.0410842895507812 0.0897216796875
0.0353622436523437 0.069610595703125 0.0729522705078125 0.0622482299804688
0.0615234375 0.031463623046875 0.0748138427734375 0.015960693359375
0.0698471069335938 -0.0162239074707031 0.0632438659667969 -0.0208969116210937
0.0561485290527344 -0.042083740234375 0.0405158996582031 -0.0170364379882813
0.0496025085449219 -0.035003662109375 0.0260276794433594 -0.00118637084960938
0.0542335510253906 -0.0396575927734375 0.0204601287841797 0.0211639404296875
0.0651397705078125 -0.0269813537597656 0.00735282897949219 0.0347881317138672
0.0659980773925781 0.00821685791015625 -0.0206871032714844 0.0383720397949219
0.0558853149414063 0.0393028259277344 -0.0367813110351562 0.0197105407714844
0.0128936767578125 0.0698738098144531 -0.0344562530517578 -0.0178852081298828
-0.0359268188476563 0.0811691284179687 -0.00924301147460938 0.00137519836425782
-0.0743637084960938 0.0696945190429687 -0.0381393432617188 0.0370979309082031
-0.0864791870117188 0.0183944702148437 -0.00209045410156251 0.101554870605469
-0.07489013671875 0.052276611328125 -0.01898193359375 0.122543334960938
-0.0352401733398438 0.0697097778320313 0.0232086181640625 0.100288391113281
0.0152587890625 0.0790023803710937 0.0535812377929688 0.0655784606933594
0.0530815124511719 0.047271728515625 0.05255126953125 0.0213356018066406
0.076446533203125 -0.00078582763671875 0.0414009094238281 -0.00498199462890625
0.0658187866210938 -0.0323410034179688 0.020294189453125 0.00460624694824219
0.0557060241699219 -0.0284843444824219 0.00976753234863282 0.0196266174316406
0.0623664855957031 -0.0328941345214844 0.00577926635742188 0.0367889404296875
0.0705490112304688 -0.0181655883789063 -0.00645828247070312 0.0439300537109375
0.064788818359375 0.0162811279296875 -0.0284423828125 0.0413589477539063
0.0487289428710938 0.046905517578125 -0.0378684997558594 0.0197067260742187
-0.001007080078125 0.0680580139160156 -0.0303554534912109 -0.00817108154296875
-0.0497474670410156 0.0637741088867187 -0.0147647857666016 0.0211067199707031
-0.0798416137695312 0.0419692993164063 -0.0600357055664062 0.052978515625
-0.0636329650878906 -0.0175895690917969 -0.0316543579101563 0.104270935058594
-0.069488525390625 0.012298583984375 -0.0442657470703125 0.1241455078125
-0.0474281311035156 0.0391159057617187 0.00951385498046874 0.0997772216796875
-0.009735107421875 0.0645942687988281 0.0349235534667969 0.0615119934082031
0.0304985046386719 0.0512313842773438 0.0300655364990234 0.0198726654052734
0.0656890869140625 0.0160331726074219 0.0173206329345703 0.00449943542480469
0.0637130737304687 -0.0162887573242187 -0.00158882141113281 0.019439697265625
0.0541305541992188 -0.0186500549316406 -0.007720947265625 0.0363693237304688
0.0614395141601562 -0.0228843688964844 -0.0121040344238281 0.0503692626953125
0.0674552917480469 -0.0087127685546875 -0.0233497619628906 0.0513801574707031
0.0593109130859375 0.0234756469726563 -0.0387954711914062 0.041259765625
0.0392189025878906 0.0517616271972656 -0.0411338806152344 0.0170631408691406
-0.01654052734375 0.0643463134765625 -0.0301666259765625 -0.00301933288574219
-0.0622940063476563 0.0420455932617187 -0.0243701934814453 0.0316028594970703
-0.0809555053710938 0.00807952880859376 -0.081878662109375 0.0568161010742188
-0.0300521850585938 -0.0503616333007812 -0.0454559326171875 0.093048095703125
-0.0467453002929688 -0.0278892517089844 -0.0515899658203125 0.114852905273438
-0.0440216064453125 0.00196456909179687 0.00583648681640625 0.091888427734375
-0.0294647216796875 0.0350608825683594 0.02545166015625 0.0494918823242188
0.00471878051757813 0.0425491333007813 0.0152120590209961 0.0115070343017578
0.0414237976074219 0.0284194946289063 -0.00492286682128906 0.00739240646362305
0.0516395568847656 0.00209426879882813 -0.0223121643066406 0.0302085876464844
0.0443038940429688 -0.00482940673828125 -0.02471923828125 0.04864501953125
0.0516204833984375 -0.00833892822265625 -0.0284767150878906 0.0617561340332031
0.0568733215332031 0.00339126586914062 -0.0419158935546875 0.0558929443359375
0.0474166870117188 0.0276641845703125 -0.0528907775878906 0.0392227172851562
0.0267562866210938 0.051513671875 -0.0487899780273438 0.0128440856933594
-0.0288200378417969 0.0536231994628906 -0.0350551605224609 -0.00368881225585938
-0.0682563781738281 0.0170631408691406 -0.0389900207519531 0.0323677062988281
-0.0730743408203125 -0.0251083374023438 -0.101898193359375 0.0492782592773438
0.0331535339355469 0.054351806640625 0.105720520019531 -0.0451583862304688
0.0686264038085938 0.0008697509765625 0.0550346374511719 -0.0180015563964844
0.0287208557128906 -0.04412841796875 0.042388916015625 0.0089874267578125
-0.0091705322265625 -0.0439796447753906 0.0694770812988281 -0.000499725341796878
-0.0291919708251953 -0.0267848968505859 0.07562255859375 -0.0338897705078125
-0.0469970703125 -0.00678253173828126 0.0584487915039063 -0.0647315979003906
-0.03814697265625 0.000499725341796879 0.0424270629882813 -0.0741500854492188
-0.032989501953125 -0.00430488586425782 0.0344467163085938 -0.05810546875
-0.0403861999511719 -0.0174217224121094 0.0332393646240234 -0.0346050262451172
-0.0181884765625 -0.0371780395507813 0.0226345062255859 -0.0121822357177734
0.0188179016113281 -0.0401420593261719 -0.00859642028808594 -0.00565528869628906
0.0408172607421875 -0.0174636840820313 -0.0219306945800781 -0.0338401794433594
0.0465927124023437 0.0314903259277344 0.00221252441406249 -0.0894393920898438
0.0298004150390625 0.0680770874023438 0.0437164306640625 -0.108787536621094
-0.00212860107421874 0.076416015625 0.047576904296875 -0.0750579833984375
-0.00164794921874999 0.0761566162109375 0.114006042480469 -0.0183639526367187
0.0505523681640625 0.0376548767089844 0.0632171630859375 0.0034637451171875
0.034210205078125 -0.0113277435302734 0.0523338317871094 0.0227241516113281
0.0136241912841797 -0.0226325988769531 0.083038330078125 0.0116195678710937
-0.00208473205566406 -0.0221481323242188 0.0897140502929688 -0.0270233154296875
-0.0187416076660156 -0.0202579498291016 0.0734024047851563 -0.06475830078125
-0.0155982971191406 -0.0196914672851563 0.0551223754882813 -0.074462890625
-0.00983810424804688 -0.0199508666992188 0.0433921813964844 -0.0568122863769531
-0.0124912261962891 -0.0312652587890625 0.0412025451660156 -0.0287742614746094
0.0116424560546875 -0.039337158203125 0.0287284851074219 -0.00313377380371094
0.0418472290039062 -0.0254974365234375 -0.00731754302978515 0.0067744255065918
0.0545501708984375 0.0060272216796875 -0.0271549224853516 -0.0173511505126953
0.0377235412597656 0.05767822265625 -0.0147552490234375 -0.0744857788085937
0.00531768798828125 0.0926132202148437 0.0268020629882813 -0.0886611938476562
-0.0314559936523438 0.0961837768554688 0.0335769653320313 -0.0486259460449219
-0.0402374267578125 0.0882339477539062 0.107307434082031 0.0172271728515625
0.0180282592773438 0.0725021362304688 0.0622444152832031 0.0361518859863281
0.0302677154541016 0.0291728973388672 0.0588150024414062 0.0431861877441406
0.0346450805664063 0.00883865356445313 0.0921249389648438 0.0273361206054687
0.0287609100341797 -0.0102443695068359 0.0978546142578125 -0.0153961181640625
0.01519775390625 -0.0295753479003906 0.0823135375976563 -0.0585784912109375
0.0111160278320312 -0.0366401672363281 0.0600242614746094 -0.0657386779785156
0.0146598815917969 -0.0332546234130859 0.0450477600097656 -0.0465774536132813
0.0155448913574219 -0.0423774719238281 0.0412178039550781 -0.0179481506347656
0.0366668701171875 -0.0388259887695313 0.027496337890625 0.00739669799804687
0.0584068298339844 -0.0136985778808594 -0.00893783569335938 0.0190563201904297
0.0627555847167969 0.0210800170898437 -0.0319080352783203 -0.00147438049316406
0.033477783203125 0.0711746215820313 -0.0291595458984375 -0.0547981262207031
-0.010498046875 0.103599548339844 0.00826644897460937 -0.060943603515625
-0.0521469116210938 0.103172302246094 0.0114574432373047 -0.0187854766845703
-0.0755691528320313 0.082855224609375 0.0830841064453125 0.0549545288085938
-0.0231781005859375 0.0925979614257812 0.0471343994140625 0.0739517211914063
0.0142250061035156 0.066986083984375 0.0568046569824219 0.0684585571289063
0.0472259521484375 0.0452232360839844 0.09112548828125 0.046234130859375
0.0553054809570312 0.00957489013671875 0.0940093994140625 -0.000656127929687499
0.0503730773925781 -0.0302467346191406 0.0798416137695313 -0.0443115234375
0.037628173828125 -0.0472221374511719 0.0557365417480469 -0.0459251403808594
0.0368270874023438 -0.0400047302246094 0.0389862060546875 -0.0278472900390625
0.0398788452148438 -0.0475311279296875 0.0339584350585938 -0.00203323364257813
0.0564231872558594 -0.0371170043945313 0.0215606689453125 0.0198879241943359
0.0685882568359375 -0.00402069091796875 -0.0122795104980469 0.0301036834716797
0.0660209655761719 0.0310134887695312 -0.0336532592773437 0.0116863250732422
0.0279541015625 0.0757064819335938 -0.0353775024414063 -0.0351333618164062
-0.0216751098632812 0.102264404296875 -0.00168609619140625 -0.0296592712402344
-0.0667572021484375 0.0987548828125 -0.0110855102539063 0.0127773284912109
-0.0955123901367188 0.060455322265625 0.04595947265625 0.0876998901367188
-0.0604934692382813 0.0893630981445312 0.018829345703125 0.106781005859375
-0.011993408203125 0.0873031616210938 0.045013427734375 0.0908279418945313
0.041259765625 0.07501220703125 0.0776824951171875 0.0619735717773438
0.0677490234375 0.0322647094726563 0.0786056518554688 0.0136260986328125
0.075714111328125 -0.0209884643554688 0.066314697265625 -0.0264244079589844
0.0583457946777344 -0.0484848022460938 0.0418968200683594 -0.0231246948242188
0.0528907775878906 -0.0408973693847656 0.0267295837402344 -0.00574302673339844
0.0576324462890625 -0.0474586486816406 0.0219879150390625 0.0164928436279297
0.0693511962890625 -0.0329933166503906 0.0105934143066406 0.0312576293945313
0.0729598999023438 0.00522613525390625 -0.0175399780273437 0.0363616943359375
0.0635604858398438 0.0402183532714844 -0.0333366394042969 0.0185489654541016
0.0174179077148437 0.0762176513671875 -0.0326633453369141 -0.0183334350585938
-0.0352401733398437 0.0919036865234375 -0.00661039352416992 8.05854797363345E-05
-0.0779495239257813 0.0808944702148437 -0.0341224670410156 0.0391502380371094
-0.0949172973632812 0.025421142578125 0.00534820556640625 0.108345031738281
-0.081207275390625 0.063446044921875 -0.0148696899414063 0.126838684082031
-0.0368194580078125 0.0793914794921875 0.0266571044921875 0.101303100585937
0.020904541015625 0.0857696533203125 0.0569610595703125 0.0677490234375
0.0604057312011719 0.0492591857910156 0.0544395446777344 0.021209716796875
0.083892822265625 -0.004608154296875 0.04241943359375 -0.00898361206054688
0.0692634582519531 -0.03961181640625 0.0215396881103516 0.00120735168457031
0.0595855712890625 -0.0359268188476563 0.0107660293579102 0.0169248580932617
0.0663604736328125 -0.0411338806152344 0.00572395324707032 0.0347766876220703
0.0757827758789063 -0.0258407592773438 -0.0048828125 0.0416793823242188
0.0737228393554688 0.014312744140625 -0.0265045166015625 0.0403671264648438
0.0574874877929688 0.0484962463378906 -0.0351428985595703 0.0203971862792969
0.00225830078125 0.075439453125 -0.0292148590087891 -0.00820732116699218
-0.0513153076171875 0.074462890625 -0.0114059448242188 0.0221595764160156
-0.0860519409179688 0.0526504516601562 -0.0580215454101563 0.0579910278320313
-0.0744400024414063 -0.013092041015625 -0.0273208618164063 0.112030029296875
-0.078338623046875 0.0202484130859375 -0.0403060913085938 0.130874633789063
-0.0511398315429688 0.0490226745605469 0.0122756958007813 0.101959228515625
-0.00528717041015625 0.072723388671875 0.0370140075683594 0.0632247924804688
0.0387115478515625 0.0543251037597656 0.0304164886474609 0.0198307037353516
0.0734710693359375 0.0114822387695313 0.0166997909545899 0.00394630432128906
0.0681343078613281 -0.0240859985351563 -0.00108528137207031 0.0210609436035156
0.0579986572265625 -0.0255775451660156 -0.007171630859375 0.0382614135742188
0.0650291442871094 -0.0310440063476563 -0.0112380981445312 0.0516128540039063
0.0739822387695313 -0.0157852172851563 -0.0236129760742188 0.0508804321289062
0.0677947998046875 0.0206298828125 -0.0392112731933594 0.0409622192382813
0.0474777221679688 0.0537109375 -0.0410041809082031 0.0174713134765625
-0.0126190185546875 0.0723419189453125 -0.0284881591796875 -0.00388336181640624
-0.0657539367675781 0.0530242919921875 -0.0218086242675781 0.0344486236572266
-0.08868408203125 0.0176849365234375 -0.0821914672851563 0.0640869140625
-0.040374755859375 -0.0500602722167969 -0.045379638671875 0.101409912109375
-0.056121826171875 -0.0234832763671875 -0.0508270263671875 0.122695922851562
-0.0502281188964844 0.00752639770507812 0.0073089599609375 0.0937271118164063
-0.0283012390136719 0.0436592102050781 0.0254707336425781 0.0508041381835938
0.010711669921875 0.0467491149902344 0.0130558013916016 0.0127573013305664
0.0503044128417969 0.0245513916015625 -0.00758552551269531 0.00923728942871094
0.0554542541503906 -0.00444793701171875 -0.0224170684814453 0.0335483551025391
0.0476722717285156 -0.0101356506347656 -0.0240745544433594 0.0539665222167969
0.0546226501464844 -0.0153961181640625 -0.0289802551269531 0.0656661987304688
0.0619125366210938 -0.00369644165039063 -0.0428733825683594 0.058563232421875
0.0544776916503906 0.0259628295898437 -0.0552482604980469 0.0416297912597656
0.0337982177734375 0.0534210205078125 -0.0512771606445313 0.0132408142089844
-0.0264091491699219 0.0608139038085938 -0.0342597961425781 -0.00415992736816407
-0.0720977783203125 0.0255813598632812 -0.0371856689453125 0.0367813110351562
-0.0804061889648437 -0.0181121826171875 -0.106132507324219 0.0584945678710937
0.0398483276367188 0.0504989624023438 0.108543395996094 -0.0576095581054688
0.0709609985351563 -0.00765228271484375 0.0534248352050781 -0.0262031555175781
0.02459716796875 -0.0489883422851563 0.0421600341796875 0.00760269165039062
-0.0157318115234375 -0.0452041625976563 0.0724563598632813 -0.00344085693359375
-0.0345821380615234 -0.0246143341064453 0.077850341796875 -0.0406036376953125
-0.0500068664550781 9.1552734374995E-05 0.0589370727539062 -0.0712966918945313
-0.0382537841796875 0.00605392456054687 0.0403976440429688 -0.0825653076171875
-0.0346317291259766 -8.9645385742191E-05 0.03192138671875 -0.0659294128417969
-0.043243408203125 -0.0105781555175781 0.0322113037109375 -0.0434722900390625
-0.0243034362792969 -0.0352096557617188 0.0251693725585938 -0.0180168151855469
0.0121841430664063 -0.0439186096191406 -0.00554466247558594 -0.00662517547607422
0.0405845642089844 -0.0234222412109375 -0.0205879211425781 -0.0330677032470703
0.0525169372558594 0.0256080627441406 -0.000885009765624992 -0.0911483764648438
0.0409698486328125 0.0668830871582031 0.0396804809570313 -0.11724853515625
0.00746917724609376 0.0784225463867188 0.0475387573242188 -0.0850448608398437
0.00452423095703124 0.0784988403320313 0.119827270507813 -0.0317306518554687
0.0541152954101563 0.0332908630371094 0.0651321411132812 -0.00414657592773437
0.0319328308105469 -0.0149593353271484 0.0525856018066406 0.0198707580566406
0.0113544464111328 -0.0235652923583984 0.0889358520507813 0.0075531005859375
-0.00308418273925781 -0.0209712982177734 0.0933609008789063 -0.0351333618164063
-0.0215473175048828 -0.0174636840820313 0.0749282836914062 -0.0739288330078125
-0.0160255432128906 -0.0175094604492188 0.0530166625976563 -0.0850830078125
-0.0106143951416016 -0.0180587768554688 0.0410232543945313 -0.0669212341308594
-0.0150432586669922 -0.029327392578125 0.0413093566894531 -0.0381660461425781
0.00733566284179687 -0.0409431457519531 0.033477783203125 -0.0114898681640625
0.0407981872558594 -0.0299263000488281 -0.00366544723510742 0.00429105758666992
0.0557212829589844 0.00111007690429688 -0.0243339538574219 -0.0176162719726563
0.0475349426269531 0.0545539855957031 -0.0163497924804687 -0.0746536254882813
0.0150146484375 0.0962982177734375 0.0238113403320312 -0.0952682495117188
-0.0231399536132813 0.103103637695312 0.0347747802734375 -0.0562515258789063
-0.037872314453125 0.0952606201171875 0.11688232421875 0.00688934326171876
0.022705078125 0.0746002197265625 0.0665664672851563 0.0282020568847656
0.0317344665527344 0.0295944213867188 0.0607109069824219 0.0405960083007813
0.0369606018066406 0.00789260864257813 0.0987777709960938 0.0233612060546875
0.030517578125 -0.00973129272460938 0.101753234863281 -0.022705078125
0.014434814453125 -0.030426025390625 0.0828094482421875 -0.0694122314453125
0.0103797912597656 -0.0392379760742187 0.058624267578125 -0.076171875
0.0151786804199219 -0.03515625 0.0420913696289063 -0.0563545227050781
0.0146331787109375 -0.0442237854003906 0.0413360595703125 -0.0268783569335938
0.035614013671875 -0.0432395935058594 0.0315494537353516 5.72204589843485E-06
0.0604629516601563 -0.01861572265625 -0.00395774841308593 0.0157318115234375
0.0679931640625 0.0165443420410156 -0.0277118682861328 -0.000812530517578118
0.0422134399414063 0.072784423828125 -0.0301780700683594 -0.0547904968261719
-0.0023651123046875 0.110641479492188 0.00716781616210937 -0.065887451171875
-0.0460891723632813 0.11334228515625 0.0155010223388672 -0.0235404968261719
-0.0753631591796875 0.0932388305664063 0.0941696166992188 0.0486602783203125
-0.0182342529296875 0.100746154785156 0.0527114868164062 0.0695953369140625
0.0172805786132813 0.0720977783203125 0.0608596801757813 0.0671844482421875
0.0536918640136719 0.0467567443847656 0.0991058349609375 0.04266357421875
0.0605735778808594 0.00785064697265625 0.0992202758789063 -0.00766754150390625
0.0509567260742188 -0.03607177734375 0.0807037353515625 -0.0543975830078125
0.0378913879394531 -0.0536117553710938 0.0558013916015625 -0.056549072265625
0.0374412536621094 -0.0463905334472656 0.0373878479003906 -0.0355148315429688
0.0408782958984375 -0.0540885925292969 0.0352210998535156 -0.0102500915527344
0.057159423828125 -0.0442428588867188 0.0244693756103516 0.0132541656494141
0.0737533569335938 -0.00901031494140625 -0.00783920288085937 0.0261402130126953
0.0736083984375 0.02886962890625 -0.0287227630615234 0.0113582611083984
0.0357131958007813 0.0801925659179688 -0.0357017517089844 -0.0339736938476562
-0.0162887573242187 0.1124267578125 -0.000995635986328128 -0.0313491821289062
-0.0627593994140625 0.110748291015625 -0.00597953796386719 0.0120506286621094
-0.100486755371094 0.0733871459960938 0.0574874877929687 0.0874786376953125
-0.0591506958007813 0.103233337402344 0.0282974243164062 0.106765747070313
-0.00822448730468751 0.09600830078125 0.0510101318359375 0.0886611938476563
0.0507125854492187 0.0782699584960937 0.0839614868164063 0.0588760375976563
0.0759048461914063 0.0306854248046875 0.08209228515625 0.00750732421875
0.0795516967773438 -0.0290756225585938 0.0677528381347656 -0.0331306457519531
0.0579681396484375 -0.0571136474609375 0.0416107177734375 -0.0306053161621094
0.0542526245117188 -0.0497856140136719 0.0256538391113281 -0.0107002258300781
0.0588226318359375 -0.0569839477539063 0.0212764739990234 0.0111713409423828
0.07318115234375 -0.0430831909179688 0.0125236511230469 0.0259056091308594
0.081207275390625 -0.000823974609375 -0.0131034851074219 0.0353813171386719
0.0740432739257813 0.0391387939453125 -0.0310535430908203 0.0176162719726563
0.0252761840820312 0.0836105346679688 -0.0321311950683594 -0.0188064575195312
-0.031768798828125 0.10235595703125 -0.00423526763916016 -0.000456809997558587
-0.0766372680664063 0.093780517578125 -0.0296478271484375 0.0412406921386719
-0.103958129882813 0.0391082763671875 0.0155487060546875 0.112190246582031
-0.0831680297851563 0.0778274536132812 -0.00485992431640625 0.131355285644531
-0.0360565185546875 0.09295654296875 0.0323486328125 0.103134155273438
0.03009033203125 0.0925979614257813 0.0616989135742188 0.0671234130859375
0.0695838928222656 0.0487937927246094 0.0573501586914063 0.0172080993652344
0.0892410278320313 -0.0143356323242188 0.0434341430664063 -0.0123443603515625
0.070953369140625 -0.0497360229492188 0.0235157012939453 -0.00135612487792969
0.0616226196289063 -0.044769287109375 0.0119390487670898 0.0169544219970703
0.06878662109375 -0.0533943176269531 0.00749969482421876 0.0330944061279297
0.08013916015625 -0.03668212890625 -0.00395202636718749 0.0401039123535156
0.0812225341796875 0.006561279296875 -0.0242538452148438 0.0396804809570312
0.0673904418945313 0.0477638244628906 -0.0344200134277344 0.0188655853271484
0.0100250244140625 0.0817184448242188 -0.0273990631103516 -0.00874137878417968
-0.0499267578125 0.0890274047851563 -0.00831985473632813 0.0217208862304688
-0.0885009765625 0.0664901733398438 -0.0535240173339844 0.0633544921875
-0.0841140747070312 -0.00359344482421873 -0.020294189453125 0.119636535644531
-0.0848617553710938 0.0324783325195312 -0.033416748046875 0.137886047363281
-0.0525474548339844 0.0603523254394531 0.018157958984375 0.103507995605469
0.00255584716796875 0.0815505981445313 0.0402603149414063 0.0631942749023438
0.0488166809082031 0.0556068420410156 0.0306892395019531 0.0203285217285156
0.0812835693359375 0.0028076171875 0.0161123275756836 0.00359344482421875
0.0705642700195313 -0.03411865234375 -0.000219345092773433 0.0231533050537109
0.0609207153320313 -0.0334548950195313 -0.00585937499999999 0.0399703979492188
0.0665664672851563 -0.0402679443359375 -0.0104331970214844 0.0538597106933594
0.0781784057617187 -0.0257110595703125 -0.0236625671386719 0.0521888732910156
0.07623291015625 0.0155029296875 -0.0392379760742188 0.0417671203613281
0.0578804016113281 0.0536041259765625 -0.0410652160644531 0.0165290832519531
-0.00696563720703125 0.080078125 -0.0284404754638672 -0.00448036193847656
-0.066497802734375 0.0663261413574219 -0.0177497863769531 0.0368080139160156
-0.09393310546875 0.0315475463867187 -0.079742431640625 0.0736541748046875
-0.051055908203125 -0.0488052368164063 -0.041778564453125 0.112464904785156
-0.0663223266601563 -0.0166549682617187 -0.0432891845703125 0.132774353027344
-0.0545425415039063 0.0149345397949219 0.0119552612304688 0.0953445434570313
-0.0254783630371094 0.0549812316894531 0.0274848937988281 0.0511283874511719
0.0200424194335938 0.0484161376953125 0.0122690200805664 0.0137491226196289
0.0570068359375 0.0184059143066406 -0.00923919677734375 0.0124597549438477
0.0573501586914062 -0.0135231018066406 -0.0215530395507813 0.0390548706054688
0.0489349365234375 -0.0164833068847656 -0.02215576171875 0.0591773986816406
0.05609130859375 -0.0237655639648438 -0.0270843505859375 0.0719757080078125
0.06707763671875 -0.0119209289550781 -0.043365478515625 0.06280517578125
0.0627326965332031 0.019866943359375 -0.0565109252929688 0.0443458557128906
0.0437507629394531 0.0534515380859375 -0.0519638061523438 0.0141868591308594
-0.0209083557128906 0.06903076171875 -0.0343894958496094 -0.00371742248535156
-0.0742874145507813 0.0369415283203125 -0.0332984924316406 0.0426750183105469
-0.0876388549804688 -0.0102005004882812 -0.107284545898437 0.07098388671875
0.0458717346191406 0.0477485656738281 0.107177734375 -0.0683059692382812
0.0687789916992188 -0.0199317932128906 0.0496482849121094 -0.0307655334472656
0.0175628662109375 -0.0523529052734375 0.0420303344726563 0.00651168823242187
-0.0211715698242187 -0.0425148010253906 0.072235107421875 -0.00714111328125
-0.03790283203125 -0.0183448791503906 0.0793228149414063 -0.0478134155273438
-0.05181884765625 0.00765228271484375 0.055572509765625 -0.0776290893554688
-0.0389518737792969 0.013092041015625 0.03424072265625 -0.0907363891601563
-0.0329170227050781 0.00525474548339844 0.0283203125 -0.072235107421875
-0.0456962585449219 -0.00333786010742187 0.0294036865234375 -0.0474739074707031
-0.0321331024169922 -0.0312118530273438 0.0254497528076172 -0.0245571136474609
0.00500106811523437 -0.0448989868164063 -0.00216197967529297 -0.0122785568237305
0.0372161865234375 -0.0301666259765625 -0.0186405181884766 -0.0349082946777344
0.0576820373535156 0.0163116455078125 -0.00742340087890625 -0.091217041015625
0.0524978637695313 0.0628089904785156 0.0309371948242188 -0.121910095214844
0.0194549560546875 0.0776748657226563 0.0443496704101563 -0.0931930541992188
0.0133819580078125 0.0806045532226563 0.119827270507813 -0.0458908081054688
0.0565452575683594 0.0288047790527344 0.0637359619140625 -0.0136489868164063
0.0306797027587891 -0.0171890258789063 0.0525131225585938 0.0168190002441406
0.00810432434082031 -0.0251960754394531 0.0905380249023437 0.002227783203125
-0.00652885437011719 -0.0192546844482422 0.0932159423828125 -0.044677734375
-0.0241641998291016 -0.0114154815673828 0.0710678100585938 -0.0834121704101563
-0.0137825012207031 -0.015167236328125 0.04608154296875 -0.0961761474609375
-0.0107536315917969 -0.0184726715087891 0.0340118408203125 -0.0736923217773438
-0.0174903869628906 -0.0251617431640625 0.0350112915039063 -0.0460968017578125
0.00244522094726563 -0.0414047241210937 0.0319881439208984 -0.0185871124267578
0.0358619689941406 -0.0340995788574219 0.00133788585662842 0.000477194786071775
0.0555648803710938 -0.00586700439453125 -0.0225658416748047 -0.0188713073730469
0.0512161254882813 0.0500450134277344 -0.0211868286132813 -0.0735549926757813
0.0258255004882813 0.0949020385742188 0.0179519653320312 -0.100601196289063
-0.0132827758789062 0.105857849121094 0.0347442626953125 -0.0648574829101563
-0.0287322998046875 0.103042602539062 0.123794555664062 -0.00778961181640624
0.0284194946289063 0.0739288330078125 0.06988525390625 0.0196800231933594
0.0318813323974609 0.029693603515625 0.0626029968261719 0.0364303588867188
0.0382118225097656 0.00664138793945312 0.100936889648438 0.0163192749023438
0.0308799743652344 -0.0128364562988281 0.103080749511719 -0.0298538208007813
0.0136871337890625 -0.0304698944091797 0.0785598754882813 -0.0777435302734375
0.00809097290039062 -0.0390396118164063 0.0525131225585938 -0.0873260498046875
0.0138053894042969 -0.0386161804199219 0.0374984741210937 -0.0644111633300781
0.0107383728027344 -0.0455245971679687 0.038238525390625 -0.03729248046875
0.0323753356933594 -0.0451240539550781 0.0331935882568359 -0.00979995727539063
0.059967041015625 -0.0255851745605469 0.00094223022460938 0.0102987289428711
0.0710220336914063 0.0124130249023438 -0.0245819091796875 -0.00147628784179688
0.0494384765625 0.07098388671875 -0.0325164794921875 -0.052490234375
0.00926971435546876 0.115318298339844 0.00423431396484376 -0.0680274963378906
-0.0328826904296875 0.12225341796875 0.0171337127685547 -0.0301132202148437
-0.0696945190429687 0.103073120117187 0.104736328125 0.0390396118164063
-0.0103683471679688 0.107452392578125 0.0580253601074219 0.0618858337402344
0.0226058959960937 0.0755844116210938 0.0662803649902344 0.0628280639648438
0.061676025390625 0.0448951721191406 0.104255676269531 0.0368118286132813
0.065216064453125 0.0057830810546875 0.101661682128906 -0.0160140991210938
0.0500984191894531 -0.0395469665527344 0.079254150390625 -0.0635528564453125
0.0345840454101563 -0.0592498779296875 0.05078125 -0.0659637451171875
0.0339927673339844 -0.0533638000488281 0.0348777770996094 -0.0440635681152344
0.0365943908691406 -0.0589752197265625 0.0338573455810547 -0.0202732086181641
0.0533409118652344 -0.0501174926757813 0.0270862579345703 0.0061798095703125
0.0747833251953125 -0.0171890258789063 -0.00138282775878906 0.0247268676757812
0.07940673828125 0.0225830078125 -0.0247688293457031 0.00939559936523438
0.0446548461914062 0.0825653076171875 -0.0317363739013672 -0.0319499969482422
-0.00589752197265626 0.119461059570313 -5.14984130859382E-05 -0.0348873138427734
-0.0542831420898437 0.119857788085938 -0.00335788726806641 0.0101490020751953
-0.0993576049804688 0.08544921875 0.0664596557617188 0.0810546875
-0.0531234741210938 0.113166809082031 0.0345611572265625 0.102630615234375
-0.000198364257812497 0.100639343261719 0.0559921264648437 0.0872116088867188
0.06103515625 0.0764007568359375 0.0897064208984375 0.0529632568359375
0.0835647583007813 0.0245285034179688 0.0839614868164063 0.000846862792968752
0.0816421508789062 -0.035003662109375 0.0656013488769531 -0.0401840209960938
0.0543708801269531 -0.0676498413085938 0.0398902893066406 -0.0360870361328125
0.0503005981445313 -0.0575790405273438 0.0258541107177734 -0.0171947479248047
0.0532646179199219 -0.064056396484375 0.0196361541748047 0.00693702697753906
0.0698699951171875 -0.05072021484375 0.0153007507324219 0.0193996429443359
0.0829391479492188 -0.008544921875 -0.0121345520019531 0.0304298400878906
0.0825424194335938 0.033721923828125 -0.0272235870361328 0.0163936614990234
0.0362396240234375 0.0835494995117188 -0.0315895080566406 -0.0167827606201172
-0.0224609375 0.1124267578125 -0.000188112258911134 0.000639975070953376
-0.06982421875 0.107101440429688 -0.0235595703125 0.0415840148925781
-0.107002258300781 0.049346923828125 0.0275039672851562 0.10736083984375
-0.079315185546875 0.0910568237304688 0.00659179687499998 0.132476806640625
-0.0289764404296875 0.100807189941406 0.0395736694335937 0.100593566894531
0.0443878173828125 0.0948638916015625 0.0675468444824219 0.0621757507324219
0.0795974731445313 0.0418014526367188 0.0573234558105469 0.0129776000976563
0.091552734375 -0.025604248046875 0.0441246032714844 -0.0159492492675781
0.0690383911132813 -0.0605583190917969 0.0246047973632813 -0.00547599792480469
0.0605430603027344 -0.0539131164550781 0.00914573669433594 0.0148210525512695
0.0633277893066406 -0.062774658203125 0.007781982421875 0.0308628082275391
0.0810165405273438 -0.0476760864257813 -0.0019378662109375 0.0371322631835938
0.0877532958984375 -0.00201416015625 -0.0254707336425781 0.038543701171875
0.0798721313476562 0.042694091796875 -0.0305366516113281 0.0188179016113281
0.01995849609375 0.0863723754882813 -0.0301895141601562 -0.00996780395507811
-0.04254150390625 0.100852966308594 -0.001800537109375 0.0219879150390625
-0.0851593017578125 0.0789413452148437 -0.0466690063476563 0.067535400390625
-0.0903167724609375 0.00677490234374999 -0.00968170166015624 0.123634338378906
-0.0843582153320313 0.045623779296875 -0.01971435546875 0.142044067382813
-0.047454833984375 0.0715713500976563 0.0240554809570312 0.100082397460938
0.0136489868164063 0.085968017578125 0.0442962646484375 0.0617141723632813
0.0578727722167969 0.0523147583007813 0.0336837768554688 0.0197105407714844
0.08197021484375 -0.00717926025390625 0.0159444808959961 0.00351428985595703
0.0686836242675781 -0.0456428527832031 0.00277328491210938 0.0231094360351562
0.0606269836425781 -0.0447921752929688 -0.00355911254882812 0.0411567687988281
0.065155029296875 -0.0505180358886719 -0.00722503662109375 0.0534324645996094
0.0775070190429687 -0.0381622314453125 -0.0226325988769531 0.052001953125
0.0820083618164063 0.005645751953125 -0.0391960144042969 0.0422782897949219
0.0673599243164063 0.0502967834472656 -0.0407676696777344 0.0180473327636719
0.00150299072265626 0.0842742919921875 -0.0272006988525391 -0.00369453430175781
-0.0623092651367188 0.0795516967773437 -0.0121307373046875 0.0387763977050781
-0.0948257446289063 0.0433120727539063 -0.0743408203125 0.0827407836914063
-0.0583419799804687 -0.0395011901855469 -0.0316848754882813 0.117630004882813
-0.0726776123046875 -0.0060577392578125 -0.0352249145507813 0.138870239257813
-0.0539016723632812 0.0237464904785156 0.0193252563476562 0.093505859375
-0.0192718505859375 0.0604286193847656 0.0277938842773438 0.0513153076171875
0.0279884338378906 0.0493621826171875 0.0127124786376953 0.0154953002929688
0.0600624084472656 0.0125541687011719 -0.00969696044921875 0.0167388916015625
0.0566787719726563 -0.0220260620117188 -0.0170974731445313 0.0453643798828125
0.04718017578125 -0.0248069763183594 -0.0172958374023437 0.0630073547363281
0.0574684143066406 -0.0341072082519531 -0.0206375122070313 0.07379150390625
0.0671844482421875 -0.0256614685058594 -0.0394363403320313 0.0687332153320312
0.0660400390625 0.0122566223144531 -0.0536422729492188 0.0499839782714844
0.0519065856933594 0.0466423034667969 -0.0541610717773438 0.0174407958984375
-0.0143508911132812 0.07354736328125 -0.0358619689941406 -0.00351715087890624
-0.0712661743164063 0.0512237548828125 -0.0273208618164062 0.0467414855957031
-0.0919647216796875 0.00283813476562498 -0.102729797363281 0.0831680297851563
0.0503349304199219 0.0399627685546875 0.0999832153320313 -0.0807418823242188
0.0639610290527344 -0.0250701904296875 0.0430450439453125 -0.0373725891113281
0.0111465454101563 -0.05316162109375 0.0406227111816406 0.00425338745117187
-0.0262336730957031 -0.03936767578125 0.0734100341796875 -0.0108261108398438
-0.0392494201660156 -0.0133209228515625 0.0755157470703125 -0.0518875122070313
-0.0473403930664062 0.0139350891113281 0.0524444580078125 -0.0843658447265625
-0.0334930419921875 0.0160846710205078 0.0268096923828125 -0.0943984985351562
-0.0317764282226563 0.00882720947265625 0.0197296142578125 -0.0758285522460938
-0.0446052551269531 0.00357437133789063 0.0222396850585937 -0.054443359375
-0.0337982177734375 -0.0254611968994141 0.0227336883544922 -0.0316543579101563
-0.00127410888671875 -0.0447921752929688 -0.000894546508789062 -0.0141258239746094
0.0303287506103516 -0.0329608917236328 -0.0177364349365234 -0.0328407287597656
0.05902099609375 0.0110359191894531 -0.0103988647460938 -0.08795166015625
0.0576095581054688 0.0521621704101562 0.0229263305664062 -0.122718811035156
0.0279922485351562 0.0721969604492188 0.036529541015625 -0.0983963012695313
0.0171737670898437 0.0780258178710938 0.115310668945313 -0.0584335327148438
0.0555000305175781 0.0221099853515625 0.0573387145996094 -0.0195045471191406
0.0259475708007813 -0.0171890258789063 0.0525665283203125 0.0144767761230469
0.0053558349609375 -0.0215015411376953 0.08837890625 -0.003204345703125
-0.00826263427734375 -0.0164527893066406 0.090240478515625 -0.04833984375
-0.0203895568847656 -0.0079803466796875 0.0644912719726563 -0.0894241333007813
-0.0156402587890625 -0.013458251953125 0.038421630859375 -0.099365234375
-0.0101833343505859 -0.0154180526733398 0.02630615234375 -0.0799179077148438
-0.0176105499267578 -0.0234489440917969 0.0313758850097656 -0.0538253784179688
0.000236511230468747 -0.0385932922363281 0.0308761596679688 -0.0267353057861328
0.0311813354492188 -0.0363807678222656 0.00310993194580078 -0.00543355941772461
0.0537033081054687 -0.01068115234375 -0.0181159973144531 -0.0181121826171875
0.0558891296386719 0.0444259643554688 -0.0225448608398437 -0.0705490112304688
0.0354766845703125 0.0883026123046875 0.0113677978515625 -0.0995941162109375
0.000335693359375006 0.105331420898437 0.0313682556152344 -0.0701217651367188
-0.022613525390625 0.103973388671875 0.119102478027344 -0.02044677734375
0.0326614379882812 0.0704803466796875 0.0660438537597656 0.0113792419433594
0.0334548950195312 0.0287303924560547 0.062957763671875 0.0326347351074219
0.0394668579101562 0.00545883178710937 0.100547790527344 0.009490966796875
0.0303878784179688 -0.0126953125 0.0992431640625 -0.0409393310546875
0.0135669708251953 -0.0291004180908203 0.0722579956054688 -0.08465576171875
0.00665664672851562 -0.0404090881347656 0.0430450439453125 -0.0924148559570313
0.011688232421875 -0.0395355224609375 0.0299797058105469 -0.0692596435546875
0.00827407836914062 -0.0467071533203125 0.0326499938964844 -0.0429344177246094
0.0286331176757812 -0.0481796264648438 0.0300636291503906 -0.0163803100585938
0.05682373046875 -0.0294914245605469 0.00238418579101563 0.00628232955932617
0.0710830688476563 0.005340576171875 -0.0203933715820312 -0.0043182373046875
0.0548362731933594 0.065643310546875 -0.0325698852539063 -0.0508842468261719
0.0204315185546875 0.111763000488281 0.00111770629882812 -0.0698738098144531
-0.0232620239257812 0.124008178710938 0.0182266235351563 -0.0336284637451172
-0.0632858276367187 0.112205505371094 0.106315612792969 0.0265960693359375
-0.00360870361328124 0.108329772949219 0.0609016418457031 0.0523910522460938
0.0279006958007812 0.0752487182617188 0.0663337707519531 0.0554656982421875
0.0634689331054688 0.0411529541015625 0.103385925292969 0.029052734375
0.0664787292480469 -0.00107574462890625 0.0973968505859375 -0.0236587524414062
0.0492935180664063 -0.04364013671875 0.071685791015625 -0.069671630859375
0.0292701721191406 -0.0608596801757813 0.0432968139648437 -0.0714950561523437
0.0311393737792969 -0.0562591552734375 0.0270729064941406 -0.0483894348144531
0.0320243835449219 -0.0637931823730469 0.0284423828125 -0.0238513946533203
0.0513648986816406 -0.0557975769042969 0.024383544921875 -0.00175857543945313
0.0753173828125 -0.0236358642578125 -0.00101470947265625 0.015904426574707
0.0826263427734375 0.0161361694335938 -0.0212516784667969 0.00827980041503907
0.0514068603515625 0.0779342651367188 -0.0336666107177734 -0.0320014953613281
0.00640869140624999 0.120559692382813 0.000274658203125 -0.0365791320800781
-0.0425338745117188 0.127799987792969 0.00148725509643554 0.00512742996215821
-0.0941390991210938 0.0985260009765625 0.07647705078125 0.0699386596679688
-0.0440673828125 0.118972778320313 0.043212890625 0.094970703125
0.00589752197265625 0.105613708496094 0.0589752197265625 0.0787506103515625
0.069427490234375 0.0752029418945313 0.0931396484375 0.0460357666015625
0.0865402221679688 0.0193328857421875 0.0822601318359375 -0.005340576171875
0.0767898559570313 -0.0450286865234375 0.0571365356445313 -0.0459327697753906
0.05145263671875 -0.0707015991210937 0.0345687866210938 -0.0414047241210938
0.0459136962890625 -0.0640754699707031 0.0206203460693359 -0.0196075439453125
0.049957275390625 -0.0721359252929688 0.0194854736328125 0.00176429748535156
0.0665130615234375 -0.0592117309570312 0.0115327835083008 0.015986442565918
0.0863113403320313 -0.0177383422851563 -0.0102024078369141 0.0275211334228516
0.0859832763671875 0.026519775390625 -0.0224933624267578 0.0146198272705078
0.0423965454101562 0.0846176147460937 -0.0302982330322266 -0.0171833038330078
-0.0126876831054687 0.117431640625 0.000704288482666015 -0.00592851638793945
-0.06207275390625 0.115745544433594 -0.0172805786132813 0.0402069091796875
-0.103721618652344 0.0633926391601563 0.0369186401367188 0.106849670410156
-0.0734024047851563 0.0986709594726563 0.0160980224609375 0.125679016113281
-0.0215606689453125 0.107330322265625 0.042236328125 0.0961761474609375
0.0527496337890625 0.0924301147460938 0.070556640625 0.059600830078125
0.0864639282226563 0.0365142822265625 0.0576324462890625 0.0105552673339844
0.0898895263671875 -0.0341796875 0.037078857421875 -0.0197334289550781
0.0617790222167969 -0.0691490173339844 0.0205650329589844 -0.00618171691894532
0.0537986755371094 -0.0616302490234375 0.00916767120361328 0.0119209289550781
0.0594558715820313 -0.0707244873046875 0.00763130187988282 0.0273647308349609
0.0753860473632812 -0.0573272705078125 -0.00279808044433593 0.0346317291259765
0.0886917114257813 -0.0096588134765625 -0.0221061706542969 0.0362892150878906
0.0825119018554688 0.0342178344726563 -0.0299320220947266 0.0186977386474609
0.0273513793945312 0.0874481201171875 -0.0262851715087891 -0.0103797912597656
-0.0325546264648438 0.105514526367188 0.000305175781249999 0.0193939208984375
-0.0788040161132813 0.0906906127929687 -0.0390396118164062 0.0703201293945312
-0.0922927856445312 0.0164566040039063 0.00142669677734375 0.12322998046875
-0.0827407836914062 0.055023193359375 -0.0112457275390625 0.140296936035156
-0.0447921752929688 0.0807113647460938 0.0289306640625 0.0974578857421875
0.0208358764648438 0.0877532958984375 0.0468215942382813 0.0579299926757813
0.0660285949707031 0.0460052490234375 0.0313682556152344 0.0179672241210938
0.0827484130859375 -0.0164642333984375 0.0137462615966797 0.00317764282226562
0.0629997253417969 -0.05377197265625 0.00363540649414063 0.0238800048828125
0.0545883178710938 -0.0506172180175781 -0.00123977661132812 0.0411949157714844
0.0590286254882813 -0.0611801147460937 -0.00491714477539062 0.0546760559082031
0.073486328125 -0.0473480224609375 -0.0198440551757812 0.0528678894042969
0.083526611328125 -0.00220489501953125 -0.0371055603027344 0.0444412231445313
0.0736770629882813 0.0407028198242187 -0.0385971069335937 0.0183029174804688
0.0116348266601563 0.0862274169921875 -0.0268402099609375 -0.00527191162109375
-0.0534591674804688 0.087158203125 -0.00665664672851563 0.036468505859375
-0.0894317626953125 0.0556106567382813 -0.0671005249023437 0.0858917236328125
-0.0652198791503906 -0.0331459045410156 -0.0224456787109375 0.121757507324219
-0.0730667114257813 0.00238037109375001 -0.0229339599609375 0.137504577636719
-0.0525360107421875 0.0344657897949219 0.0214614868164062 0.0903091430664063
-0.00956726074218749 0.0629730224609375 0.028717041015625 0.0483856201171875
0.0333137512207031 0.0461502075195313 0.0101861953735352 0.0163822174072266
0.0623626708984375 0.000949859619140625 -0.00884628295898438 0.019256591796875
0.0535163879394531 -0.0309944152832031 -0.0133476257324219 0.0471267700195313
0.0454025268554688 -0.0316085815429688 -0.0128326416015625 0.0641212463378906
0.0516777038574219 -0.0419082641601563 -0.0177688598632813 0.0758132934570313
0.063018798828125 -0.0318069458007813 -0.0371017456054688 0.0707244873046875
0.0693778991699219 0.00582504272460938 -0.0528831481933594 0.0515480041503906
0.0586700439453125 0.041229248046875 -0.0507698059082031 0.0196380615234375
-0.0053558349609375 0.0751724243164063 -0.0318126678466797 -0.00281524658203125
-0.0675048828125 0.058624267578125 -0.0213356018066406 0.0470733642578125
-0.091339111328125 0.01434326171875 -0.096893310546875 0.0895004272460938
0.0506782531738281 0.0342750549316406 0.09307861328125 -0.0844650268554687
0.0590400695800781 -0.0298919677734375 0.0377159118652344 -0.0378913879394531
0.00694656372070312 -0.0528182983398437 0.038421630859375 0.00441741943359375
-0.0295257568359375 -0.0359687805175781 0.0710601806640625 -0.0117263793945313
-0.0404891967773438 -0.0102653503417969 0.0735626220703125 -0.0538787841796875
-0.0441780090332031 0.0191154479980469 0.048675537109375 -0.0854644775390625
-0.0313129425048828 0.0181179046630859 0.0218963623046875 -0.0943450927734375
-0.0291175842285156 0.0115680694580078 0.015289306640625 -0.077117919921875
-0.0406990051269531 0.0069427490234375 0.0190811157226563 -0.0565528869628906
-0.0340957641601563 -0.0200710296630859 0.0200843811035156 -0.0347614288330078
-0.00542068481445313 -0.0424079895019531 0.00010204315185547 -0.0173177719116211
0.0264720916748047 -0.0351371765136719 -0.0155448913574219 -0.0340175628662109
0.0574378967285156 0.00401687622070312 -0.01043701171875 -0.0849533081054688
0.0596466064453125 0.0450248718261719 0.0190353393554688 -0.120262145996094
0.0322647094726562 0.0666236877441406 0.0328750610351563 -0.100936889648438
0.0206375122070313 0.0734634399414063 0.109672546386719 -0.0639801025390625
0.0535392761230469 0.0177345275878906 0.0530815124511719 -0.0233993530273438
0.0224285125732422 -0.0175266265869141 0.0498771667480469 0.0134506225585937
0.00330924987792969 -0.0207729339599609 0.0867691040039063 -0.00586700439453125
-0.00824737548828125 -0.0142850875854492 0.0874481201171875 -0.0522232055664062
-0.0188579559326172 -0.00543022155761719 0.0594940185546875 -0.0916900634765625
-0.0144157409667969 -0.0119571685791016 0.0309982299804687 -0.100898742675781
-0.0105953216552734 -0.0145835876464844 0.0209121704101563 -0.080596923828125
-0.0173053741455078 -0.0206317901611328 0.0253257751464844 -0.0567741394042969
-0.00187301635742188 -0.0353507995605469 0.0275058746337891 -0.0317058563232422
0.0272979736328125 -0.0361137390136719 0.00422286987304688 -0.00880241394042969
0.0505714416503906 -0.0129547119140625 -0.0156307220458984 -0.0203609466552734
0.0561637878417969 0.0394248962402344 -0.0209846496582031 -0.067626953125
0.0402069091796875 0.0839309692382813 0.00896453857421875 -0.0985031127929687
0.00585174560546875 0.101638793945313 0.029266357421875 -0.0726165771484375
-0.0172271728515625 0.103317260742187 0.115333557128906 -0.0282516479492187
0.0332756042480469 0.0676841735839844 0.06207275390625 0.00563430786132813
0.0328502655029297 0.0284881591796875 0.0604209899902344 0.0294952392578125
0.0380287170410156 0.0046234130859375 0.098724365234375 0.00682830810546875
0.0296649932861328 -0.0134353637695313 0.0954132080078125 -0.04376220703125
0.0124874114990234 -0.0282154083251953 0.0659942626953125 -0.087921142578125
0.0058441162109375 -0.040252685546875 0.036285400390625 -0.0935821533203125
0.00954055786132812 -0.0394172668457031 0.023345947265625 -0.0717849731445313
0.00690841674804687 -0.0458564758300781 0.0266304016113281 -0.0462074279785156
0.0261344909667969 -0.048492431640625 0.0274467468261719 -0.0222797393798828
0.0544624328613281 -0.0313835144042969 0.0029594898223877 0.00130939483642578
0.0697784423828125 0.00144195556640625 -0.0166091918945313 -0.00674629211425781
0.0564651489257813 0.0620231628417969 -0.0301017761230469 -0.048797607421875
0.025909423828125 0.109107971191406 0.000389099121093757 -0.0697097778320313
-0.0163726806640625 0.121604919433594 0.0185356140136719 -0.0376052856445312
-0.0568695068359375 0.115180969238281 0.104698181152344 0.0169525146484375
0.000572204589843741 0.106796264648437 0.0598678588867187 0.045562744140625
0.030303955078125 0.075531005859375 0.0638542175292969 0.0522422790527344
0.06573486328125 0.0384788513183594 0.101364135742188 0.0248184204101563
0.0649032592773438 -0.004302978515625 0.0944595336914063 -0.0276565551757813
0.045928955078125 -0.0442085266113281 0.0646514892578125 -0.0721893310546875
0.0273933410644531 -0.0626716613769531 0.0365753173828125 -0.0731582641601563
0.0286979675292969 -0.0584869384765625 0.0225028991699219 -0.0509490966796875
0.028717041015625 -0.0651168823242188 0.0233802795410156 -0.0267238616943359
0.0481643676757813 -0.0586013793945313 0.0206699371337891 -0.00724029541015625
0.0735015869140625 -0.02764892578125 -0.000790596008300777 0.0123167037963867
0.0825347900390625 0.011199951171875 -0.0190563201904297 0.00405311584472657
0.0540847778320312 0.0746688842773438 -0.0320186614990234 -0.0314579010009766
0.0125198364257812 0.119392395019531 -0.00146484375 -0.037689208984375
-0.0354690551757813 0.127220153808594 0.00450325012207031 0.00166988372802735
-0.0870361328125 0.103851318359375 0.077789306640625 0.06304931640625
-0.0375823974609375 0.12176513671875 0.0442352294921875 0.08770751953125
0.0112991333007812 0.107704162597656 0.0574569702148438 0.0749893188476563
0.073211669921875 0.0716018676757813 0.0907745361328125 0.0433502197265625
0.0875930786132813 0.012908935546875 0.0798797607421875 -0.0076751708984375
0.073211669921875 -0.0486221313476563 0.0536727905273438 -0.0474891662597656
0.0453338623046875 -0.0738754272460938 0.0308990478515625 -0.042266845703125
0.0430984497070313 -0.0673904418945313 0.0174636840820313 -0.0219898223876953
0.0444412231445313 -0.0755615234375 0.0155868530273438 -0.00223159790039063
0.0631179809570313 -0.064239501953125 0.00997734069824219 0.0115985870361328
0.08551025390625 -0.0234909057617188 -0.00984001159667968 0.0235862731933594
0.087432861328125 0.0199966430664063 -0.0217418670654297 0.0117778778076172
0.0462799072265625 0.0827102661132813 -0.0290908813476563 -0.0188579559326172
-0.00435638427734376 0.11871337890625 0.00259542465209961 -0.00835227966308593
-0.05389404296875 0.117919921875 -0.0131149291992188 0.0373344421386719
-0.0993194580078125 0.0710983276367188 0.041290283203125 0.09930419921875
-0.06732177734375 0.103691101074219 0.0193023681640625 0.120445251464844
-0.0149307250976563 0.111045837402344 0.0434494018554688 0.089691162109375
0.0585556030273438 0.0895156860351563 0.0694084167480469 0.0538673400878906
0.0887298583984375 0.0304489135742188 0.0557174682617188 0.00806045532226563
0.08624267578125 -0.039764404296875 0.0343971252441406 -0.0198173522949219
0.05657958984375 -0.0716552734375 0.01898193359375 -0.00829696655273438
0.0496559143066406 -0.0665016174316406 0.00975894927978516 0.0100622177124023
0.053985595703125 -0.0755767822265625 0.00594902038574219 0.0263023376464844
0.07080078125 -0.0619430541992187 -0.00286865234374999 0.0320835113525391
0.0887069702148438 -0.0168991088867188 -0.0211734771728516 0.0335292816162109
0.0859375 0.0284881591796875 -0.0282421112060547 0.0143260955810547
0.032684326171875 0.0861587524414063 -0.0257663726806641 -0.0113868713378906
-0.0255203247070313 0.108894348144531 0.00349617004394531 0.015960693359375
-0.0712051391601563 0.0958099365234375 -0.0338821411132813 0.0678138732910156
-0.0920028686523438 0.023345947265625 0.00729370117187499 0.119377136230469
-0.0785675048828125 0.0620346069335937 -0.00521850585937501 0.136100769042969
-0.0389175415039063 0.0843429565429688 0.0293655395507812 0.0933914184570313
0.0291671752929687 0.0856857299804688 0.0458526611328125 0.0553817749023438
0.0695571899414063 0.0409393310546875 0.0296096801757813 0.0179157257080078
0.0813751220703125 -0.0233001708984375 0.012476921081543 0.00343990325927734
0.05780029296875 -0.057464599609375 0.00397682189941406 0.0234279632568359
0.0496902465820313 -0.0551071166992188 0.000709533691406249 0.0401420593261719
0.0537681579589844 -0.0651016235351563 -0.0041351318359375 0.0531883239746094
0.0697975158691406 -0.0527534484863281 -0.0187568664550781 0.0519599914550781
0.083465576171875 -0.009735107421875 -0.0362358093261719 0.04376220703125
0.0760879516601563 0.035614013671875 -0.0373802185058594 0.0169410705566406
0.0167083740234375 0.0856475830078125 -0.0266933441162109 -0.00630760192871093
-0.0458297729492188 0.0914840698242188 -0.00325965881347657 0.0344257354736328
-0.0845184326171875 0.0621490478515625 -0.0601577758789063 0.0861358642578125
-0.0679283142089844 -0.0270423889160156 -0.0167160034179687 0.120841979980469
-0.0711135864257813 0.0101470947265625 -0.0179214477539063 0.133842468261719
-0.0510902404785156 0.040069580078125 0.0212860107421875 0.0863418579101562
-0.00268173217773438 0.0626754760742188 0.0279273986816406 0.0480117797851563
0.0383262634277344 0.0418319702148438 0.00857162475585938 0.0180320739746094
0.0620155334472656 -0.00429916381835937 -0.00859451293945312 0.0210208892822266
0.0501785278320313 -0.0346450805664063 -0.0105476379394531 0.0479316711425781
0.0418968200683594 -0.0356407165527344 -0.00792312622070312 0.0640678405761719
0.0463409423828125 -0.0456809997558594 -0.0142745971679687 0.0758132934570313
0.0592269897460938 -0.0370864868164063 -0.0345497131347656 0.069366455078125
0.0689735412597656 -0.00100326538085938 -0.0512237548828125 0.0516624450683594
0.0596885681152344 0.0369911193847656 -0.0499305725097656 0.0182456970214844
-0.000518798828125004 0.0742568969726563 -0.03155517578125 -0.00457382202148436
-0.0601692199707031 0.0633201599121094 -0.0166397094726563 0.0459785461425781
-0.0869293212890625 0.0211944580078125 -0.08868408203125 0.0929107666015625
0.051055908203125 0.0311775207519531 0.0906143188476563 -0.0861053466796875
0.0558357238769531 -0.0313911437988281 0.034423828125 -0.0377769470214844
0.00439071655273437 -0.0513229370117188 0.0369987487792969 0.00596237182617187
-0.0304584503173828 -0.0337772369384766 0.0710220336914062 -0.0112762451171875
-0.0406455993652344 -0.00779724121093751 0.0732498168945312 -0.05487060546875
-0.0413856506347656 0.0212516784667969 0.04833984375 -0.0867996215820313
-0.029083251953125 0.0199012756347656 0.0195236206054688 -0.0952072143554688
-0.0276432037353516 0.0122394561767578 0.012603759765625 -0.0775604248046875
-0.0385932922363281 0.0101966857910156 0.0160865783691406 -0.0581703186035156
-0.03387451171875 -0.0172138214111328 0.0185699462890625 -0.0381278991699219
-0.00828552246093751 -0.0407333374023438 0.000762939453124999 -0.0204677581787109
0.0240993499755859 -0.034820556640625 -0.0124740600585937 -0.0357513427734375
0.0562896728515625 0.000698089599609375 -0.00814056396484375 -0.0831832885742188
0.0603561401367188 0.0406570434570313 0.0185012817382813 -0.119270324707031
0.0349082946777344 0.0636787414550781 0.03265380859375 -0.102706909179688
0.0219192504882813 0.071868896484375 0.107643127441406 -0.0662918090820313
0.051727294921875 0.0164642333984375 0.049407958984375 -0.0247268676757813
0.0210762023925781 -0.0148525238037109 0.0477294921875 0.0146980285644531
0.002532958984375 -0.0180950164794922 0.0861968994140625 -0.00525665283203125
-0.00805854797363281 -0.0137081146240234 0.0863189697265625 -0.0534591674804688
-0.0166587829589844 -0.00334644317626953 0.05841064453125 -0.0928802490234375
-0.0135278701782227 -0.0105705261230469 0.0274734497070312 -0.101844787597656
-0.00950813293457031 -0.0151796340942383 0.0170974731445312 -0.082183837890625
-0.0161094665527344 -0.0184593200683594 0.0219154357910156 -0.0588951110839844
-0.00264358520507813 -0.0334243774414063 0.0255165100097656 -0.0356063842773437
0.0250740051269531 -0.0355453491210938 0.00460052490234375 -0.0133237838745117
0.0489578247070313 -0.0133628845214844 -0.0126628875732422 -0.0228996276855469
0.0552520751953125 0.0368881225585938 -0.018768310546875 -0.0670928955078125
0.0420150756835937 0.0804519653320313 0.0092315673828125 -0.0984420776367188
0.00878143310546876 0.0989303588867187 0.0294113159179688 -0.0754928588867188
-0.0152969360351562 0.103347778320313 0.113471984863281 -0.0321273803710937
0.03326416015625 0.0665817260742188 0.0584335327148438 0.00358200073242188
0.0326251983642578 0.0297603607177734 0.0578765869140625 0.0300979614257813
0.0385017395019531 0.00531005859375 0.09759521484375 0.0067901611328125
0.0298500061035156 -0.0132770538330078 0.0944061279296875 -0.0440902709960937
0.0137748718261719 -0.0276832580566406 0.0634918212890625 -0.0882568359375
0.00620651245117188 -0.0400810241699219 0.0328826904296875 -0.0945892333984375
0.00945663452148438 -0.0400466918945313 0.0195083618164063 -0.0727767944335938
0.00701522827148437 -0.0455245971679688 0.0227279663085938 -0.0485649108886719
0.0253448486328125 -0.0482673645019531 0.0246200561523438 -0.0265750885009766
0.05316162109375 -0.0320205688476563 0.00311899185180664 -0.00376534461975098
0.0695075988769531 4.57763671875E-05 -0.0144929885864258 -0.0104303359985352
0.0571441650390625 0.0607032775878906 -0.0271835327148438 -0.0488853454589844
0.028167724609375 0.107162475585938 0.001190185546875 -0.0703506469726563
-0.0132064819335937 0.120895385742188 0.0190277099609375 -0.040863037109375
-0.0551071166992187 0.116790771484375 0.103416442871094 0.0125045776367188
0.00184631347656249 0.107490539550781 0.0573806762695313 0.0419998168945313
0.0320587158203125 0.0771865844726563 0.0607795715332031 0.0526504516601563
0.0669174194335938 0.0380363464355469 0.0996627807617188 0.0231399536132813
0.0663185119628906 -0.004638671875 0.0924758911132812 -0.0284805297851562
0.0457382202148438 -0.0450859069824219 0.0618057250976563 -0.0720748901367188
0.0260467529296875 -0.0631256103515625 0.03424072265625 -0.0747222900390625
0.0270919799804688 -0.0596237182617187 0.018585205078125 -0.0517692565917969
0.02752685546875 -0.0662460327148438 0.0195751190185547 -0.0291709899902344
0.0468902587890625 -0.0606460571289062 0.0179290771484375 -0.0114040374755859
0.073089599609375 -0.0298080444335937 -0.0022735595703125 0.00779485702514648
0.0833587646484375 0.0099029541015625 -0.0174894332885742 -0.000339508056640621
0.05584716796875 0.0748214721679688 -0.0300750732421875 -0.0327606201171875
0.0162277221679688 0.119590759277344 8.0108642578128E-05 -0.0399856567382812
-0.0318527221679687 0.127655029296875 0.00601625442504883 -0.00195646286010741
-0.0856399536132812 0.108108520507813 0.07745361328125 0.0589218139648438
-0.0347900390625 0.122596740722656 0.0431289672851563 0.0839309692382813
0.0147018432617188 0.109954833984375 0.054901123046875 0.0739288330078125
0.0761642456054688 0.0701141357421875 0.0892333984375 0.0423126220703125
0.088897705078125 0.0107498168945312 0.0783309936523438 -0.00789642333984375
0.0722732543945313 -0.0499267578125 0.0510673522949219 -0.0477676391601563
0.0433807373046875 -0.0751724243164063 0.0284919738769531 -0.0436439514160156
0.0409660339355469 -0.0697860717773438 0.0153064727783203 -0.0228023529052734
0.0428695678710938 -0.0780105590820313 0.01251220703125 -0.00350666046142579
0.061614990234375 -0.0667533874511719 0.0080704689025879 0.00832700729370117
0.084716796875 -0.0264205932617188 -0.0111465454101562 0.0197582244873047
0.0891571044921875 0.0178070068359375 -0.021707534790039 0.00789642333984376
0.0488662719726563 0.0829238891601563 -0.0277271270751953 -0.0202045440673828
-0.00146484374999999 0.120223999023438 0.00368595123291016 -0.0107030868530273
-0.0507659912109375 0.11968994140625 -0.0107517242431641 0.0345706939697266
-0.0987167358398437 0.0752944946289063 0.0435104370117187 0.0963973999023438
-0.064208984375 0.106788635253906 0.018768310546875 0.116676330566406
-0.0129165649414063 0.113479614257813 0.041351318359375 0.0885696411132813
0.06268310546875 0.0882415771484375 0.0683135986328125 0.0533714294433594
0.0902099609375 0.0277328491210938 0.0537872314453125 0.00859451293945313
0.085540771484375 -0.0430984497070312 0.0327415466308594 -0.0193233489990234
0.0543212890625 -0.0740585327148438 0.0176162719726563 -0.00913047790527344
0.0478553771972656 -0.0694007873535156 0.00825977325439453 0.00929450988769531
0.0508270263671875 -0.07843017578125 0.00390243530273438 0.0250911712646484
0.0691375732421875 -0.0657234191894531 -0.00469970703125 0.0296878814697266
0.0887298583984375 -0.0211029052734375 -0.0229015350341797 0.0311164855957031
0.0882415771484375 0.02593994140625 -0.0282173156738281 0.0123424530029297
0.0357818603515625 0.0874404907226563 -0.0255470275878906 -0.0124797821044922
-0.0216293334960937 0.11175537109375 0.00498867034912109 0.0135154724121094
-0.068359375 0.0979843139648438 -0.0306243896484375 0.0653610229492188
-0.0916519165039063 0.0280380249023438 0.00894165039062498 0.1175537109375
-0.0769195556640625 0.0659103393554688 -0.00376129150390626 0.132537841796875
-0.0364151000976563 0.0878372192382813 0.0275650024414063 0.0914306640625
0.033843994140625 0.08551025390625 0.044219970703125 0.0550422668457031
0.07196044921875 0.0380325317382813 0.0283260345458984 0.0180873870849609
0.0807418823242188 -0.0273818969726563 0.0113554000854492 0.00465679168701172
0.0550727844238281 -0.0604400634765625 0.00387001037597657 0.0228767395019531
0.04754638671875 -0.0581398010253906 0.00105667114257813 0.0395698547363281
0.0507240295410156 -0.0685958862304688 -0.00432205200195312 0.0520286560058594
0.0675430297851563 -0.0565299987792969 -0.0196075439453125 0.0506744384765625
0.0833816528320313 -0.01348876953125 -0.0369491577148437 0.0419540405273438
0.0782470703125 0.0316543579101563 -0.0383033752441406 0.0151519775390625
0.0196380615234375 0.0855026245117188 -0.0263175964355469 -0.00794601440429687
-0.0419464111328125 0.0944747924804688 -0.0018157958984375 0.0325241088867188
-0.0813217163085937 0.0651092529296875 -0.0568695068359375 0.0850067138671875
-0.0691261291503906 -0.0233383178710938 -0.0156021118164062 0.120185852050781
-0.0710601806640625 0.0139236450195312 -0.0170822143554688 0.131683349609375
-0.0495719909667969 0.04388427734375 0.0196075439453125 0.0849685668945313
0.00137710571289063 0.06304931640625 0.0260581970214844 0.048187255859375
0.0417327880859375 0.0390586853027344 0.00760459899902344 0.0200576782226563
0.0604019165039063 -0.00813674926757813 -0.00808715820312499 0.0224361419677734
0.0470123291015625 -0.0385780334472656 -0.0088653564453125 0.0481681823730469
0.0400619506835938 -0.0385360717773438 -0.00635528564453124 0.0640220642089844
0.0434837341308594 -0.0485420227050781 -0.0139617919921875 0.0756301879882813
0.0573501586914063 -0.0407333374023438 -0.0347099304199219 0.0691108703613281
0.0683250427246094 -0.0049591064453125 -0.0523452758789063 0.0513916015625
0.0610809326171875 0.0342216491699219 -0.0498428344726562 0.0167388916015625
0.00241851806640625 0.0740203857421875 -0.0314903259277344 -0.00598335266113281
-0.0559425354003906 0.0664596557617188 -0.0139312744140625 0.0441932678222656
-0.0842971801757813 0.0252456665039062 -0.085662841796875 0.0934295654296875
0.0520744323730469 0.029693603515625 0.0914382934570313 -0.0880661010742188
0.0553398132324219 -0.0327911376953125 0.0326614379882813 -0.038177490234375
0.00300216674804687 -0.0515213012695313 0.03680419921875 0.00726318359375
-0.0321388244628906 -0.0327491760253906 0.073089599609375 -0.0098419189453125
-0.0407829284667969 -0.00591278076171876 0.0753555297851563 -0.0565719604492188
-0.0408096313476563 0.0235252380371094 0.0495834350585937 -0.090484619140625
-0.0274391174316406 0.0213527679443359 0.0188751220703125 -0.09832763671875
-0.0268516540527344 0.0137863159179688 0.0108184814453125 -0.0805587768554688
-0.0378952026367188 0.0121917724609375 0.0148200988769531 -0.0607490539550781
-0.0347118377685547 -0.0154018402099609 0.01788330078125 -0.0417137145996094
-0.0102500915527344 -0.0399169921875 0.0021820068359375 -0.0235252380371094
0.0221824645996094 -0.036346435546875 -0.0110054016113281 -0.0388031005859375
0.056884765625 -0.00194549560546875 -0.00562286376953125 -0.084716796875
0.0616798400878906 0.0380935668945312 0.0203628540039062 -0.121498107910156
0.0369377136230469 0.0625114440917969 0.03338623046875 -0.106697082519531
0.0232009887695312 0.07305908203125 0.108451843261719 -0.0689697265625
0.0515861511230469 0.0158767700195313 0.0468330383300781 -0.0251846313476563
0.0209598541259766 -0.0150260925292969 0.0478897094726563 0.0158004760742188
0.0022125244140625 -0.0180778503417969 0.088226318359375 -0.00453948974609375
-0.00824642181396484 -0.0119743347167969 0.0880813598632813 -0.05499267578125
-0.0153083801269531 -0.00224113464355469 0.0594711303710938 -0.0966415405273438
-0.0128450393676758 -0.0103330612182617 0.0259857177734375 -0.105392456054688
-0.00920009613037109 -0.0146617889404297 0.0152359008789063 -0.084564208984375
-0.015045166015625 -0.0181159973144531 0.0194282531738281 -0.0615997314453125
-0.0023040771484375 -0.0326175689697266 0.0240592956542969 -0.0402336120605469
0.0246353149414063 -0.0360603332519531 0.00527763366699219 -0.0171346664428711
0.0485343933105469 -0.0138359069824219 -0.01025390625 -0.0264396667480469
0.0564613342285156 0.0363311767578125 -0.0161094665527344 -0.0684242248535156
0.0429840087890625 0.0805435180664062 0.0102996826171875 -0.1004638671875
0.0102691650390625 0.0992431640625 0.0313568115234375 -0.0799179077148438
-0.0149154663085937 0.106605529785156 0.115074157714844 -0.0352020263671875
0.0333213806152344 0.0680084228515625 0.0566444396972656 0.001739501953125
0.0336132049560547 0.0322303771972656 0.0574760437011719 0.0317459106445312
0.039947509765625 0.00623703002929688 0.09942626953125 0.00704193115234375
0.0312652587890625 -0.0126457214355469 0.0965042114257812 -0.045379638671875
0.0152168273925781 -0.0273513793945312 0.0644149780273438 -0.0911407470703125
0.00639724731445313 -0.0415382385253906 0.031280517578125 -0.0984039306640625
0.00982284545898437 -0.0418510437011719 0.0170974731445312 -0.0754547119140625
0.00739669799804687 -0.0466346740722656 0.0200004577636719 -0.0514259338378906
0.0262222290039062 -0.0486259460449219 0.0228691101074219 -0.0308322906494141
0.0539131164550781 -0.0333633422851563 0.00243902206420899 -0.00732660293579102
0.070892333984375 -0.0005645751953125 -0.0134658813476562 -0.0144376754760742
0.0587654113769531 0.0616569519042969 -0.0251274108886719 -0.0508460998535156
0.0302658081054687 0.108238220214844 0.002532958984375 -0.072662353515625
-0.0120010375976562 0.122817993164063 0.0212211608886719 -0.0445594787597656
-0.055328369140625 0.121910095214844 0.105003356933594 0.0105819702148438
0.00218963623046874 0.110008239746094 0.0559730529785156 0.0416183471679688
0.0335845947265625 0.08111572265625 0.0599212646484375 0.0537376403808594
0.069580078125 0.0388298034667969 0.101287841796875 0.0248031616210938
0.0680313110351563 -0.0062103271484375 0.0940628051757813 -0.0286483764648438
0.0474853515625 -0.045623779296875 0.0623931884765625 -0.0736618041992188
0.0260200500488281 -0.0665473937988281 0.032470703125 -0.0769424438476563
0.0269279479980469 -0.0632438659667969 0.0165519714355469 -0.0540504455566406
0.0276222229003906 -0.069122314453125 0.0162506103515625 -0.0318012237548828
0.0477333068847656 -0.0630722045898437 0.0161991119384766 -0.0144882202148438
0.0753631591796875 -0.0321426391601563 -0.00388383865356445 0.00439977645874023
0.0860977172851563 0.0081329345703125 -0.0174407958984375 -0.00360012054443359
0.05877685546875 0.0773239135742188 -0.0287971496582031 -0.0345878601074219
0.018341064453125 0.123313903808594 0.00176620483398437 -0.0422210693359375
-0.0310592651367188 0.130744934082031 0.00768041610717773 -0.00560951232910155
-0.0872421264648437 0.112434387207031 0.0791168212890625 0.0575103759765625
-0.0346145629882813 0.127006530761719 0.041839599609375 0.0829849243164063
0.0165939331054687 0.115585327148438 0.0542221069335938 0.075439453125
0.0799407958984375 0.0718612670898437 0.0904769897460938 0.0430374145507813
0.0926895141601563 0.00994873046875 0.0793075561523438 -0.0080718994140625
0.073974609375 -0.0531234741210938 0.0504531860351563 -0.0483283996582031
0.04400634765625 -0.0786895751953125 0.0271453857421875 -0.0456733703613281
0.04034423828125 -0.0736846923828125 0.0131568908691406 -0.0246009826660156
0.0421218872070312 -0.08184814453125 0.010411262512207 -0.00452899932861329
0.0623626708984375 -0.0708847045898438 0.00600004196166993 0.00598669052124023
0.0875015258789063 -0.0299072265625 -0.0126533508300781 0.0175352096557617
0.0930633544921875 0.0156631469726563 -0.0222034454345703 0.00436592102050782
0.0525054931640625 0.0862045288085938 -0.0272998809814453 -0.022064208984375
0.00152587890625001 0.125251770019531 0.00472164154052734 -0.0130519866943359
-0.0503158569335938 0.12396240234375 -0.00968742370605469 0.0327186584472656
-0.100654602050781 0.0808486938476562 0.0446090698242188 0.0952682495117188
-0.0647125244140625 0.111373901367188 0.018798828125 0.116630554199219
-0.0111160278320313 0.119789123535156 0.0398635864257813 0.0907058715820313
0.0666122436523438 0.0909957885742188 0.0689048767089844 0.0550422668457031
0.0949172973632813 0.0261459350585938 0.05517578125 0.0098114013671875
0.0866012573242188 -0.0453872680664063 0.0314693450927734 -0.0183238983154297
0.0534286499023438 -0.0784835815429688 0.017913818359375 -0.00940322875976563
0.0472869873046875 -0.0731887817382813 0.00719499588012696 0.00863599777221679
0.04937744140625 -0.0828170776367188 0.0025634765625 0.0253829956054687
0.0685882568359375 -0.0703964233398438 -0.00773048400878906 0.0290946960449219
0.0916366577148438 -0.0240020751953125 -0.0252952575683594 0.0299434661865234
0.0914688110351563 0.0236587524414063 -0.0295295715332031 0.00930595397949219
0.0385589599609375 0.090484619140625 -0.0249443054199219 -0.0148754119873047
-0.0198593139648437 0.116790771484375 0.00539588928222656 0.0115852355957031
-0.0679244995117187 0.102348327636719 -0.0301704406738281 0.0645332336425781
-0.0946578979492188 0.0330276489257813 0.00959777832031249 0.119171142578125
-0.0782546997070312 0.0700149536132813 -0.0043487548828125 0.133377075195313
-0.035980224609375 0.093719482421875 0.026092529296875 0.0933380126953125
0.0368423461914062 0.0876388549804688 0.0437164306640625 0.0564727783203125
0.0761947631835938 0.0363540649414063 0.0288944244384766 0.0207939147949219
0.0816879272460938 -0.0304183959960938 0.0110549926757813 0.00673389434814453
0.0540695190429688 -0.0644683837890625 0.00512313842773438 0.0231533050537109
0.046539306640625 -0.061553955078125 0.00104522705078126 0.0396766662597656
0.0499725341796875 -0.0722579956054688 -0.006195068359375 0.0533981323242187
0.0665016174316406 -0.0608062744140625 -0.0221595764160156 0.0513458251953125
0.0853805541992188 -0.016754150390625 -0.0394210815429687 0.0420875549316406
0.0820846557617188 0.0305557250976563 -0.039886474609375 0.0138130187988281
0.0229110717773438 0.0881805419921875 -0.0267868041992187 -0.00978660583496093
-0.0409088134765625 0.0993194580078125 0.000484466552734375 0.0308475494384766
-0.0819625854492188 0.0693740844726562 -0.05718994140625 0.0858306884765625
-0.0726165771484375 -0.0206146240234375 -0.0160980224609375 0.122184753417969
-0.0724716186523438 0.0171356201171875 -0.0188827514648438 0.133132934570313
-0.0489540100097656 0.0480079650878906 0.0185089111328125 0.0853118896484375
0.00496292114257812 0.0651130676269531 0.0251388549804687 0.0501976013183594
0.0444984436035156 0.0380096435546875 0.00712776184082032 0.0226421356201172
0.0615310668945312 -0.0109825134277344 -0.00769042968749999 0.0254592895507813
0.04620361328125 -0.0416488647460938 -0.00690078735351563 0.0495338439941406
0.0393409729003906 -0.0419425964355469 -0.00521469116210937 0.0655746459960938
0.0427818298339844 -0.0518341064453125 -0.0140762329101563 0.0775070190429688
0.0566291809082031 -0.0429840087890625 -0.035919189453125 0.0716705322265625
0.0705947875976563 -0.0078277587890625 -0.0542945861816406 0.0518112182617188
0.0640869140625 0.0326385498046875 -0.0522193908691406 0.0156326293945313
0.00499725341796876 0.0759124755859375 -0.0317649841308594 -0.00784492492675781
-0.0551681518554688 0.0703353881835938 -0.0124435424804687 0.0439376831054688
-0.08465576171875 0.0276718139648437 -0.0857086181640625 0.0953369140625
0.0550422668457031 0.02825927734375 0.0934066772460938 -0.0946121215820313
0.0549430847167969 -0.0359878540039062 0.0312461853027344 -0.039459228515625
0.00131988525390625 -0.053070068359375 0.0383796691894531 0.00878524780273437
-0.034454345703125 -0.03173828125 0.0767593383789062 -0.010345458984375
-0.0438613891601563 -0.00353240966796875 0.078094482421875 -0.061279296875
-0.0401420593261719 0.02691650390625 0.0510635375976563 -0.098358154296875
-0.0273380279541016 0.0240879058837891 0.01690673828125 -0.104209899902344
-0.0270175933837891 0.0154056549072266 0.00849151611328125 -0.0852813720703125
-0.037200927734375 0.0149116516113281 0.0128250122070312 -0.06488037109375
-0.0357894897460938 -0.0127754211425781 0.0163345336914062 -0.046539306640625
-0.0135688781738281 -0.0397377014160156 0.00234603881835937 -0.0280113220214844
0.0212936401367188 -0.0382575988769531 -0.00906753540039063 -0.042449951171875
0.0581398010253906 -0.00498199462890625 -0.00489807128906249 -0.0885086059570313
0.0648956298828125 0.03533935546875 0.0206222534179688 -0.126945495605469
0.0409469604492188 0.0621261596679688 0.0347213745117188 -0.113212585449219
0.0251541137695313 0.07452392578125 0.111709594726562 -0.0752029418945313
0.0528411865234375 0.0157966613769531 0.0463523864746094 -0.0265007019042969
0.0216636657714844 -0.0143032073974609 0.0492362976074219 0.0180892944335938
0.00239753723144531 -0.017242431640625 0.0924224853515625 -0.00516510009765625
-0.00827980041503907 -0.0112543106079102 0.0915069580078125 -0.0596237182617188
-0.0145463943481445 -0.000899314880371094 0.0596160888671875 -0.103286743164063
-0.0122251510620117 -0.0106773376464844 0.0243072509765625 -0.111465454101563
-0.00946426391601563 -0.0151824951171875 0.0118942260742187 -0.0895233154296875
-0.01507568359375 -0.0185966491699219 0.0176010131835938 -0.0666465759277344
-0.00253677368164062 -0.0334262847900391 0.0223922729492188 -0.0453224182128906
0.0240707397460938 -0.0367393493652344 0.00553512573242188 -0.0216636657714844
0.0498580932617188 -0.0157318115234375 -0.00935554504394531 -0.0302371978759766
0.0593833923339844 0.0356674194335938 -0.0149383544921875 -0.0717315673828125
0.046539306640625 0.0817184448242188 0.0107803344726563 -0.105392456054687
0.0131149291992188 0.102104187011719 0.0327606201171875 -0.086456298828125
-0.0133056640625 0.112236022949219 0.118507385253906 -0.0406036376953125
0.0358734130859375 0.0709915161132813 0.0567283630371094 0.00121688842773438
0.0363273620605469 0.0349311828613281 0.0587158203125 0.0337791442871094
0.0427017211914063 0.00690460205078125 0.103584289550781 0.00714874267578125
0.032928466796875 -0.0138721466064453 0.0993881225585938 -0.0496063232421875
0.0166034698486328 -0.0284881591796875 0.064697265625 -0.0971908569335938
0.00627517700195312 -0.0438385009765625 0.0288848876953125 -0.103904724121094
0.00908279418945312 -0.044403076171875 0.0138931274414062 -0.0802993774414063
0.00801467895507812 -0.0492630004882813 0.0167083740234375 -0.0557785034179688
0.0262184143066406 -0.0517120361328125 0.02099609375 -0.0359764099121094
0.0549240112304687 -0.0358428955078125 0.00213623046875 -0.0119762420654297
0.0740890502929688 -0.001800537109375 -0.0127830505371094 -0.0180606842041016
0.0629501342773438 0.0636558532714844 -0.0248603820800781 -0.0541267395019531
0.034271240234375 0.112892150878906 0.00244903564453125 -0.0772171020507813
-0.00990295410156251 0.128456115722656 0.022796630859375 -0.0495452880859375
-0.0542984008789062 0.130317687988281 0.109001159667969 0.00718688964843751
0.00502777099609376 0.116371154785156 0.0557212829589844 0.0403823852539063
0.0371551513671875 0.086883544921875 0.0615997314453125 0.0560531616210938
0.0748519897460938 0.0398712158203125 0.105392456054688 0.0246353149414063
0.072296142578125 -0.0081634521484375 0.0974884033203125 -0.0317611694335938
0.0491523742675781 -0.0494575500488281 0.0622100830078125 -0.0781021118164063
0.0257644653320313 -0.0701904296875 0.0299606323242188 -0.0818405151367188
0.0261764526367188 -0.0674552917480469 0.0139732360839844 -0.0579147338867188
0.027252197265625 -0.073883056640625 0.0130519866943359 -0.0341205596923828
0.0483512878417969 -0.0677719116210938 0.0141677856445313 -0.0184211730957031
0.078338623046875 -0.0365447998046875 -0.00510215759277343 0.000923633575439451
0.0915069580078125 0.0060577392578125 -0.0172319412231445 -0.007110595703125
0.0644378662109375 0.0804824829101563 -0.0286636352539062 -0.0371665954589844
0.0228042602539062 0.129753112792969 0.00154113769531251 -0.0457839965820312
-0.0296401977539063 0.138381958007813 0.00945472717285156 -0.00888061523437499
-0.0887527465820313 0.122322082519531 0.0836181640625 0.0569381713867187
-0.0333328247070312 0.1351318359375 0.0417709350585938 0.083343505859375
0.020233154296875 0.122787475585937 0.0548553466796875 0.07867431640625
0.0869674682617188 0.0731124877929688 0.0940322875976563 0.044189453125
0.0989303588867187 0.00701904296875 0.082550048828125 -0.00872802734375
0.076507568359375 -0.0573196411132813 0.0501708984375 -0.0500907897949219
0.0427322387695313 -0.0848312377929688 0.0259666442871094 -0.0490264892578125
0.0391693115234375 -0.0793991088867187 0.0114078521728516 -0.0268821716308594
0.0411453247070312 -0.0885086059570313 0.00788211822509766 -0.00575780868530274
0.0625457763671875 -0.0773391723632813 0.00319170951843262 0.00435304641723632
0.0920562744140625 -0.0349655151367188 -0.0146150588989258 0.0156030654907227
0.0991592407226563 0.0143051147460938 -0.0237045288085937 0.0021514892578125
0.0579833984375 0.0902862548828125 -0.0274925231933594 -0.0248661041259766
0.00614166259765624 0.132957458496094 0.00538253784179688 -0.0160903930664062
-0.0489120483398438 0.131690979003906 -0.00773811340332031 0.031768798828125
-0.104820251464844 0.0895843505859375 0.0464859008789063 0.0985870361328125
-0.0650711059570312 0.12103271484375 0.0189208984375 0.118766784667969
-0.00788116455078124 0.128578186035156 0.0410079956054687 0.093231201171875
0.074188232421875 0.0936279296875 0.0712738037109375 0.0560989379882813
0.101699829101562 0.0234909057617187 0.0570564270019531 0.0108833312988281
0.0893325805664063 -0.051025390625 0.0329570770263672 -0.0186843872070313
0.052764892578125 -0.0842819213867188 0.0174484252929688 -0.0109834671020508
0.0462799072265625 -0.079986572265625 0.0072021484375 0.0083479881286621
0.0488510131835938 -0.0899200439453125 0.00117111206054688 0.0266208648681641
0.06884765625 -0.0774002075195313 -0.00933074951171875 0.0290565490722656
0.0958480834960937 -0.0303497314453125 -0.0279254913330078 0.0307846069335938
0.098480224609375 0.0217742919921875 -0.0319938659667969 0.00814247131347657
0.044647216796875 0.0951309204101563 -0.0266399383544922 -0.0171585083007812
-0.0152969360351563 0.1248779296875 0.00731563568115234 0.00980186462402344
-0.0682220458984375 0.110122680664063 -0.0296249389648437 0.0662498474121094
-0.0991134643554688 0.0395355224609375 0.0112991333007812 0.123542785644531
-0.079559326171875 0.0777969360351563 -0.00390625000000002 0.137672424316406
-0.0338134765625 0.102310180664063 0.0263519287109375 0.095855712890625
0.0438461303710938 0.0908355712890625 0.0460929870605469 0.0583305358886719
0.0820693969726563 0.0349044799804688 0.0297145843505859 0.0223541259765625
0.0841751098632813 -0.035614013671875 0.0114231109619141 0.00918483734130859
0.0538406372070313 -0.0705642700195313 0.00574874877929688 0.0239887237548828
0.0459632873535156 -0.0679512023925781 0.00231552124023438 0.0412368774414062
0.0483932495117188 -0.0794601440429688 -0.0059661865234375 0.0567970275878906
0.0671844482421875 -0.0678367614746094 -0.0235176086425781 0.0539779663085938
0.0899505615234375 -0.0224227905273438 -0.0426101684570312 0.0441131591796875
0.0878219604492188 0.0281448364257813 -0.0420875549316406 0.0131492614746094
0.0275726318359375 0.0927276611328125 -0.0279541015625 -0.0118179321289063
-0.037200927734375 0.106552124023437 0.00222206115722656 0.0305423736572266
-0.0825958251953125 0.0763626098632812 -0.05670166015625 0.09033203125
-0.0772933959960938 -0.0161285400390625 -0.0157241821289062 0.128379821777344
-0.0751571655273438 0.0225143432617188 -0.0186004638671875 0.1385498046875
-0.0495223999023438 0.0545997619628906 0.0178070068359375 0.08892822265625
0.00885009765625 0.0680770874023438 0.0254783630371094 0.052764892578125
0.0493087768554688 0.036468505859375 0.00713920593261719 0.0261497497558594
0.0631866455078125 -0.0152740478515625 -0.00741195678710937 0.0290622711181641
0.0452194213867188 -0.0457077026367188 -0.00487136840820312 0.0518341064453125
0.0385627746582031 -0.0462875366210938 -0.00308609008789062 0.068450927734375
0.0414466857910156 -0.05670166015625 -0.0135421752929687 0.08209228515625
0.0560264587402344 -0.0491523742675781 -0.0372772216796875 0.0753402709960938
0.0734100341796875 -0.0122604370117187 -0.0566024780273438 0.0557174682617188
0.0687980651855469 0.0308570861816406 -0.0552482604980469 0.0165519714355469
0.00839996337890626 0.0799484252929688 -0.0339393615722656 -0.00881958007812499
-0.053802490234375 0.0758819580078125 -0.0100212097167969 0.0442276000976563
-0.08642578125 0.0329818725585937 -0.0873336791992188 0.10125732421875
0.0589332580566406 0.0253753662109375 0.0938262939453125 -0.10418701171875
0.0537834167480469 -0.0407562255859375 0.0294990539550781 -0.0419464111328125
-0.00228500366210937 -0.0550651550292969 0.040069580078125 0.009552001953125
-0.0381507873535156 -0.0299949645996094 0.08056640625 -0.013275146484375
-0.0456695556640625 9.15527343749902E-05 0.0787277221679688 -0.0679473876953125
-0.0378456115722656 0.0320014953613281 0.0476150512695313 -0.106643676757813
-0.0261707305908203 0.0272617340087891 0.0117645263671875 -0.110687255859375
-0.0265579223632813 0.0185947418212891 0.00279235839843751 -0.0900039672851563
-0.0359077453613281 0.0191116333007813 0.00835418701171875 -0.0701942443847656
-0.0374908447265625 -0.00955963134765625 0.0124359130859375 -0.0517578125
-0.0175361633300781 -0.0392646789550781 0.00146484375 -0.0324649810791016
0.0185508728027344 -0.0408706665039062 -0.00946426391601562 -0.0462379455566406
0.0591011047363281 -0.00962448120117188 -0.00649261474609375 -0.092193603515625
0.0690765380859375 0.032073974609375 0.0172500610351562 -0.133575439453125
0.0468406677246094 0.0611000061035156 0.0318145751953125 -0.122802734375
0.02996826171875 0.077117919921875 0.112747192382813 -0.0855941772460938
0.0549087524414063 0.0144805908203125 0.0448379516601563 -0.0294952392578125
0.0216007232666016 -0.0152187347412109 0.0512962341308594 0.0180702209472656
0.00193595886230469 -0.0176734924316406 0.0962066650390625 -0.00809478759765625
-0.00902938842773438 -0.0105075836181641 0.092437744140625 -0.06707763671875
-0.0132570266723633 4.00543212890615E-05 0.057403564453125 -0.11212158203125
-0.0124101638793945 -0.0106267929077148 0.0174331665039063 -0.118423461914063
-0.0100860595703125 -0.0158395767211914 0.00559997558593749 -0.0946807861328125
-0.0147209167480469 -0.0180225372314453 0.0118484497070313 -0.0715789794921875
-0.00345802307128906 -0.0330276489257813 0.0186080932617188 -0.0518379211425781
0.0225105285644531 -0.0382118225097656 0.00480270385742188 -0.0266132354736328
0.0502738952636719 -0.0184211730957031 -0.00938606262207031 -0.0343799591064453
0.0636329650878906 0.0341567993164063 -0.016632080078125 -0.0749664306640625
0.052947998046875 0.0814971923828125 0.00818634033203125 -0.1116943359375
0.0194625854492188 0.105239868164063 0.0317306518554688 -0.094635009765625
-0.00842285156250001 0.118850708007812 0.121788024902344 -0.0493011474609375
0.0401458740234375 0.0731582641601563 0.0562210083007812 -0.0017547607421875
0.0397872924804688 0.0368499755859375 0.0613784790039063 0.0341606140136719
0.0456619262695313 0.00552749633789063 0.10888671875 0.00325775146484375
0.0343494415283203 -0.0159740447998047 0.10125732421875 -0.0565719604492188
0.0177803039550781 -0.0304622650146484 0.0624465942382812 -0.10479736328125
0.00481414794921875 -0.0467376708984375 0.023101806640625 -0.110359191894531
0.00719451904296875 -0.0481338500976563 0.00783538818359376 -0.0849075317382813
0.0066986083984375 -0.0524101257324219 0.0118904113769531 -0.05975341796875
0.0249519348144531 -0.0555801391601563 0.0168800354003906 -0.0413589477539063
0.0556831359863281 -0.0401382446289063 0.000533103942871095 -0.0163288116455078
0.077239990234375 -0.0057220458984375 -0.0133686065673828 -0.0217094421386719
0.0690383911132813 0.0639152526855469 -0.0263786315917969 -0.0566825866699219
0.0420379638671875 0.116622924804688 0.000587463378906245 -0.0822067260742188
-0.00343322753906249 0.134674072265625 0.0229072570800781 -0.0555038452148437
-0.050262451171875 0.14117431640625 0.113983154296875 -2.28881835937414E-05
0.0109710693359375 0.121910095214844 0.05780029296875 0.0391464233398438
0.0450286865234375 0.0911102294921875 0.0649795532226563 0.0579795837402344
0.08160400390625 0.0381011962890625 0.110931396484375 0.022125244140625
0.0764617919921875 -0.0128631591796875 0.0993194580078125 -0.0370025634765625
0.0501365661621094 -0.0539779663085938 0.06103515625 -0.0842208862304687
0.0226364135742188 -0.0764389038085938 0.0256881713867188 -0.0874557495117188
0.0229110717773437 -0.0731430053710938 0.00878143310546875 -0.0621795654296875
0.0242538452148438 -0.0803909301757813 0.00922775268554688 -0.0374107360839844
0.0464248657226563 -0.0744857788085938 0.0106086730957031 -0.0229644775390625
0.0797958374023438 -0.042877197265625 -0.0068058967590332 -0.00170326232910156
0.0967025756835938 0.00145721435546875 -0.0191516876220703 -0.00977134704589843
0.071929931640625 0.0820159912109375 -0.0303268432617187 -0.0391197204589844
0.031585693359375 0.135574340820313 0.000591278076171879 -0.049713134765625
-0.023712158203125 0.14703369140625 0.0104618072509766 -0.012324333190918
-0.0861282348632813 0.1358642578125 0.0898895263671875 0.054107666015625
-0.0271453857421875 0.145065307617187 0.045928955078125 0.084320068359375
0.029815673828125 0.131149291992188 0.0592117309570312 0.0804443359375
0.0970535278320313 0.07269287109375 0.099273681640625 0.0427017211914063
0.104660034179688 0.000885009765625 0.0851287841796875 -0.011688232421875
0.0772857666015625 -0.0647735595703125 0.0509719848632813 -0.0537910461425781
0.0392532348632813 -0.0925750732421875 0.0237236022949219 -0.0527572631835938
0.0356979370117188 -0.0871734619140625 0.00852584838867188 -0.0291500091552734
0.0378570556640625 -0.0969161987304688 0.00580501556396485 -0.00616931915283204
0.0599212646484375 -0.0859375 0.000913858413696293 0.00234627723693847
0.0945053100585938 -0.0438079833984375 -0.0169639587402344 0.0146713256835937
0.106185913085938 0.00782012939453125 -0.0253181457519531 -0.000141143798828122
0.0673675537109375 0.0926666259765625 -0.0296669006347656 -0.0267353057861328
0.0153350830078125 0.141067504882813 0.00554656982421875 -0.0195350646972656
-0.0438995361328125 0.141708374023438 -0.00508308410644531 0.0312347412109375
-0.104454040527344 0.102554321289063 0.0535049438476563 0.099853515625
-0.061370849609375 0.131568908691406 0.0235519409179688 0.121910095214844
0.000877380371093742 0.138595581054687 0.0448684692382813 0.0961761474609375
0.085540771484375 0.093963623046875 0.0754623413085938 0.0569686889648438
0.108375549316406 0.0181198120117188 0.0602302551269531 0.00989913940429688
0.0911941528320312 -0.059661865234375 0.0334186553955078 -0.0190162658691406
0.0490036010742187 -0.0926437377929687 0.0170068740844727 -0.0127162933349609
0.0423431396484375 -0.087799072265625 0.00670814514160156 0.00755882263183593
0.0444183349609375 -0.0988845825195313 0.000631332397460939 0.027801513671875
0.0667190551757812 -0.08709716796875 -0.0107822418212891 0.0300540924072266
0.098419189453125 -0.0392913818359375 -0.0294361114501953 0.03192138671875
0.1053466796875 0.0155258178710938 -0.0336322784423828 0.00808143615722656
0.0543060302734375 0.0984649658203125 -0.0281906127929688 -0.0183067321777344
-0.0075225830078125 0.133895874023438 0.00863361358642578 0.00761079788208009
-0.0649642944335938 0.12115478515625 -0.026885986328125 0.0685806274414063
-0.102386474609375 0.0501251220703125 0.0170822143554687 0.129043579101563
-0.0789413452148438 0.08868408203125 0.000122070312499993 0.142684936523438
-0.0284500122070313 0.112113952636719 0.0295486450195312 0.0994186401367188
0.053009033203125 0.0929412841796875 0.0484886169433594 0.0606231689453125
0.0895309448242188 0.0300674438476563 0.0323085784912109 0.0244674682617188
0.08636474609375 -0.043670654296875 0.0124883651733398 0.0107154846191406
0.0513992309570313 -0.078277587890625 0.00762557983398438 0.0248622894287109
0.0428009033203125 -0.07525634765625 0.00389480590820312 0.0428085327148437
0.0447311401367188 -0.087249755859375 -0.00452041625976563 0.0603981018066406
0.065093994140625 -0.0764389038085937 -0.0235366821289063 0.0574760437011719
0.0931549072265625 -0.0305023193359375 -0.0438194274902344 0.047882080078125
0.09478759765625 0.023193359375 -0.0450515747070312 0.0144805908203125
0.0355758666992188 0.0969772338867188 -0.0298023223876953 -0.0131301879882812
-0.0311279296875 0.115287780761719 0.00496864318847656 0.0299911499023438
-0.0810775756835937 0.0862579345703125 -0.0541763305664063 0.0958709716796875
-0.0817489624023438 -0.0105514526367188 -0.0106353759765625 0.136009216308594
-0.0774459838867188 0.030029296875 -0.0143890380859375 0.14459228515625
-0.0472068786621094 0.0628128051757813 0.01995849609375 0.0918960571289063
0.0157089233398437 0.0711441040039063 0.0275382995605469 0.0556869506835938
0.054412841796875 0.0335655212402344 0.00924491882324219 0.0300369262695313
0.0650711059570313 -0.0213851928710938 -0.00491142272949218 0.0334815979003906
0.0430984497070313 -0.0513954162597656 -0.0015716552734375 0.0546646118164062
0.0363235473632812 -0.0521316528320313 0.000961303710937503 0.0713882446289063
0.0387077331542969 -0.0632972717285156 -0.0101165771484375 0.0875015258789063
0.0545425415039063 -0.0563774108886719 -0.0362548828125 0.0808944702148438
0.0760726928710937 -0.0185546875 -0.0591163635253906 0.0611763000488281
0.0744400024414063 0.0268936157226563 -0.0582809448242187 0.0190086364746094
0.014312744140625 0.08392333984375 -0.0358200073242188 -0.0095672607421875
-0.0501861572265625 0.0843582153320313 -0.00691604614257812 0.0450325012207031
-0.0867919921875 0.03997802734375 -0.0853652954101563 0.110038757324219
0.0613517761230469 0.0210838317871094 0.08892822265625 -0.114189147949219
0.0504226684570313 -0.0452308654785156 0.0261917114257813 -0.0432815551757812
-0.00703048706054688 -0.0556106567382813 0.0409278869628906 0.00863265991210937
-0.0411949157714844 -0.0269393920898437 0.0829391479492188 -0.018035888671875
-0.0461463928222656 0.00594711303710938 0.076202392578125 -0.0748214721679688
-0.0348396301269531 0.0363655090332031 0.0396270751953125 -0.113716125488281
-0.0233173370361328 0.0305938720703125 0.0034942626953125 -0.11444091796875
-0.0246124267578125 0.0213165283203125 -0.00426483154296874 -0.0921401977539063
-0.0337257385253906 0.0226879119873047 0.00164794921874999 -0.0729598999023438
-0.0382270812988281 -0.00535202026367187 0.00692367553710937 -0.0554962158203125
-0.0218467712402344 -0.0368728637695313 -0.00124740600585938 -0.036163330078125
0.0148086547851563 -0.0423545837402344 -0.0114097595214844 -0.0495452880859375
0.0587730407714844 -0.0152091979980469 -0.010986328125 -0.093658447265625
0.0719528198242188 0.0261993408203125 0.0102615356445312 -0.138236999511719
0.0522994995117187 0.0576667785644531 0.0252838134765625 -0.129898071289063
0.0357131958007813 0.0756607055664063 0.110038757324219 -0.0961227416992188
0.0557479858398438 0.0110969543457031 0.0422630310058594 -0.0324020385742188
0.0209236145019531 -0.0157318115234375 0.0535125732421875 0.0168647766113281
0.000955581665039062 -0.0169506072998047 0.0985946655273438 -0.0137557983398438
-0.00939655303955078 -0.00842189788818359 0.089752197265625 -0.0752716064453125
-0.0119638442993164 0.00221824645996094 0.0493621826171875 -0.119743347167969
-0.0125036239624023 -0.0097198486328125 0.00832366943359375 -0.122360229492188
-0.0112323760986328 -0.0148992538452148 -0.003265380859375 -0.0972671508789063
-0.0152320861816406 -0.0166559219360352 0.00441741943359374 -0.0752792358398438
-0.00573348999023438 -0.0326786041259766 0.0121803283691406 -0.0566978454589844
0.01971435546875 -0.0390052795410156 0.00175094604492188 -0.0306663513183594
0.049591064453125 -0.0222702026367187 -0.0104484558105469 -0.0377235412597656
0.066680908203125 0.0298194885253906 -0.0196456909179687 -0.0762863159179688
0.0596542358398438 0.079437255859375 0.00218963623046874 -0.114891052246094
0.0271530151367188 0.105216979980469 0.0270538330078125 -0.101303100585938
0.000282287597656261 0.122688293457031 0.120796203613281 -0.0599517822265625
0.0464401245117188 0.072021484375 0.0545654296875 -0.0052642822265625
0.0446968078613281 0.0361099243164063 0.06463623046875 0.0324516296386719
0.0475959777832031 0.00323104858398438 0.111373901367188 -0.00229644775390625
0.0347251892089844 -0.0186176300048828 0.0988845825195313 -0.0645599365234375
0.0169849395751953 -0.0324554443359375 0.0561141967773437 -0.111869812011719
0.00180816650390625 -0.0483551025390625 0.0136566162109375 -0.115325927734375
0.00341033935546875 -0.0498008728027344 -0.000801086425781248 -0.0869827270507813
0.00310897827148438 -0.0544013977050781 0.00478744506835937 -0.0630531311035156
0.021820068359375 -0.0587158203125 0.0108299255371094 -0.0463104248046875
0.0541000366210938 -0.044769287109375 -0.00214958190917968 -0.0200424194335938
0.0786895751953125 -0.01177978515625 -0.01507568359375 -0.0241794586181641
0.0757675170898438 0.0610885620117188 -0.0288047790527344 -0.0576667785644531
0.0518417358398437 0.116439819335938 -0.004241943359375 -0.0853118896484375
0.00610351562500001 0.138313293457031 0.0209007263183594 -0.062255859375
-0.0410614013671875 0.148971557617188 0.115852355957031 -0.00901794433593749
0.0208358764648438 0.125030517578125 0.0586624145507812 0.0360794067382813
0.0543975830078125 0.0923080444335938 0.0692634582519531 0.0554046630859375
0.0875320434570313 0.0337066650390625 0.114242553710937 0.0162506103515625
0.0776138305664063 -0.0186996459960938 0.0989532470703125 -0.044219970703125
0.0482826232910156 -0.0595245361328125 0.0560531616210937 -0.0896224975585938
0.017364501953125 -0.0798797607421875 0.0180511474609375 -0.091796875
0.0172500610351563 -0.0770492553710938 0.00166702270507813 -0.0638236999511719
0.0182952880859375 -0.085052490234375 0.0040283203125 -0.0385818481445313
0.0416412353515625 -0.080657958984375 0.0059661865234375 -0.0261116027832031
0.0792465209960938 -0.0511016845703125 -0.00929737091064452 -0.00380229949951172
0.0995101928710938 -0.00569915771484375 -0.0205650329589844 -0.0119552612304688
0.0810394287109375 0.0796737670898438 -0.0326957702636719 -0.0401611328125
0.043182373046875 0.137527465820313 -0.0016326904296875 -0.0533561706542969
-0.013519287109375 0.153060913085938 0.0114231109619141 -0.0170278549194336
-0.077484130859375 0.147125244140625 0.0948028564453125 0.0477981567382813
-0.0163421630859375 0.151504516601563 0.0494384765625 0.0819473266601563
0.0418624877929688 0.133476257324219 0.0637359619140625 0.0793991088867188
0.105735778808594 0.0675125122070312 0.103065490722656 0.0374374389648438
0.107315063476563 -0.00797271728515625 0.0859909057617188 -0.0172576904296875
0.07452392578125 -0.07293701171875 0.0485305786132813 -0.0571365356445313
0.0322341918945312 -0.09808349609375 0.0187149047851562 -0.0559616088867188
0.028167724609375 -0.0927200317382813 0.00438880920410156 -0.0304889678955078
0.0294265747070312 -0.103347778320313 0.00270271301269531 -0.00654649734497071
0.0547409057617188 -0.093994140625 -0.00212442874908447 0.000950932502746576
0.0940093994140625 -0.053466796875 -0.0188579559326172 0.0145931243896484
0.110023498535156 -0.0009002685546875 -0.0268383026123047 -0.000123977661132809
0.077301025390625 0.0918807983398438 -0.0318450927734375 -0.0272731781005859
0.027496337890625 0.144760131835938 0.00494766235351563 -0.0221271514892578
-0.0344696044921875 0.150039672851562 -0.00225639343261719 0.0290355682373047
-0.0997695922851563 0.114875793457031 0.0608673095703125 0.0980377197265625
-0.0520172119140625 0.141708374023438 0.030059814453125 0.12200927734375
0.01275634765625 0.14520263671875 0.0501785278320313 0.0955429077148438
0.0959854125976563 0.0897445678710938 0.0797500610351563 0.0540313720703125
0.113327026367188 0.00849151611328125 0.0622177124023438 0.00746917724609375
0.08868408203125 -0.0695648193359375 0.0330123901367188 -0.0207023620605469
0.0420989990234375 -0.0998687744140625 0.0161237716674805 -0.014775276184082
0.0348739624023437 -0.0939102172851563 0.00563526153564453 0.00732231140136718
0.0361251831054688 -0.106422424316406 0.000551223754882818 0.0286407470703125
0.0605239868164062 -0.0956649780273438 -0.01104736328125 0.0310688018798828
0.0990753173828125 -0.0500030517578125 -0.0303688049316406 0.0339546203613281
0.110626220703125 0.00746917724609375 -0.0357666015625 0.0089263916015625
0.0652923583984375 0.0975875854492188 -0.0299530029296875 -0.0187549591064453
0.00428009033203124 0.139076232910156 0.0105953216552734 0.00543212890625001
-0.0565109252929688 0.129623413085938 -0.0215606689453125 0.0699577331542969
-0.101463317871094 0.0614547729492187 0.0254669189453125 0.130577087402344
-0.0734939575195312 0.0988388061523438 0.008148193359375 0.145233154296875
-0.0188140869140625 0.119949340820313 0.0348739624023438 0.0997467041015625
0.0642776489257813 0.0916748046875 0.0527305603027344 0.0594596862792969
0.0947189331054687 0.0223617553710937 0.0345973968505859 0.024658203125
0.0848541259765625 -0.0527267456054687 0.0149822235107422 0.0120429992675781
0.0442657470703125 -0.0843429565429688 0.00943565368652344 0.0247707366943359
0.0361862182617188 -0.0817337036132813 0.0063323974609375 0.0431137084960937
0.0378952026367187 -0.0945358276367188 -0.00109481811523437 0.06280517578125
0.0588607788085937 -0.0846481323242188 -0.0216751098632812 0.0601119995117187
0.092681884765625 -0.0402297973632813 -0.0435142517089844 0.0516777038574219
0.09991455078125 0.01470947265625 -0.0467071533203125 0.0165786743164063
0.0460586547851563 0.0972442626953125 -0.0316009521484375 -0.0121841430664062
-0.0212936401367188 0.122543334960938 0.0080413818359375 0.0282783508300781
-0.0755462646484375 0.0952835083007813 -0.0478897094726563 0.100906372070312
-0.085479736328125 -0.00154113769531252 -0.00230407714843751 0.14111328125
-0.076446533203125 0.0386276245117188 -0.0066986083984375 0.148590087890625
-0.041778564453125 0.0704116821289063 0.0242767333984375 0.0933914184570313
0.0233917236328125 0.0715484619140625 0.0300712585449219 0.0564498901367188
0.0593643188476562 0.0282211303710937 0.0118026733398438 0.0326023101806641
0.0643348693847656 -0.0288734436035156 -0.000926971435546869 0.036468505859375
0.0389328002929688 -0.0569038391113281 0.00327682495117188 0.0558929443359375
0.0312652587890625 -0.0563812255859375 0.0065155029296875 0.0724411010742188
0.0335197448730469 -0.0687217712402344 -0.0039215087890625 0.091156005859375
0.0495262145996094 -0.0626182556152344 -0.0318450927734375 0.0858917236328125
0.0762710571289062 -0.0264205932617188 -0.056427001953125 0.0667915344238281
0.0781631469726563 0.0201034545898438 -0.0591850280761719 0.0220565795898438
0.022369384765625 0.0845260620117188 -0.0373878479003906 -0.00876617431640624
-0.0431442260742188 0.0904312133789063 -0.00296783447265625 0.0446701049804688
-0.0848312377929687 0.04864501953125 -0.07855224609375 0.118934631347656
0.0612983703613281 0.0161056518554688 0.0807418823242188 -0.119796752929688
0.0457038879394531 -0.0479850769042969 0.0221748352050781 -0.0434112548828125
-0.0112648010253906 -0.0539817810058594 0.0410957336425781 0.0084686279296875
-0.0432510375976563 -0.0229415893554688 0.0819473266601563 -0.0212631225585938
-0.0445098876953125 0.0108184814453125 0.0707626342773438 -0.0786056518554688
-0.0298347473144531 0.0394134521484375 0.0319595336914062 -0.115921020507813
-0.01934814453125 0.0324039459228516 -0.00469970703125 -0.114311218261719
-0.0221271514892578 0.0236701965332031 -0.0115966796875 -0.0913467407226562
-0.0303382873535156 0.0251216888427734 -0.00464630126953125 -0.0728912353515625
-0.0376815795898438 -0.00120925903320313 0.000785827636718744 -0.0563850402832031
-0.0246658325195313 -0.0330791473388672 -0.00371551513671875 -0.0387992858886719
0.0107688903808594 -0.0427742004394531 -0.0131263732910156 -0.0505638122558594
0.0565109252929688 -0.0197601318359375 -0.0133895874023438 -0.0931396484375
0.0727615356445313 0.0199661254882813 0.00350952148437501 -0.1385498046875
0.0553092956542969 0.05224609375 0.017578125 -0.132621765136719
0.0400848388671875 0.0733413696289063 0.102935791015625 -0.103126525878906
0.0551338195800781 0.00796127319335938 0.0378189086914063 -0.0335311889648438
0.0200347900390625 -0.0164356231689453 0.0528602600097656 0.0159187316894531
0.000167846679687501 -0.0160398483276367 0.0974349975585938 -0.0184097290039063
-0.00918960571289063 -0.00687313079833985 0.085174560546875 -0.079437255859375
-0.00965690612792969 0.00298404693603515 0.040985107421875 -0.12225341796875
-0.0121994018554688 -0.00810623168945313 -0.00102233886718751 -0.122459411621094
-0.0117282867431641 -0.0136528015136719 -0.0117645263671875 -0.0963363647460938
-0.0148248672485352 -0.01593017578125 -0.00322723388671875 -0.074615478515625
-0.007476806640625 -0.0312309265136719 0.00548553466796875 -0.0586624145507812
0.0163421630859375 -0.0392494201660156 -0.00115203857421875 -0.0339775085449219
0.0470848083496094 -0.0246696472167969 -0.0117568969726562 -0.0392532348632813
0.0672988891601563 0.0253143310546875 -0.0220260620117187 -0.0759048461914063
0.0638809204101563 0.074554443359375 -0.0035400390625 -0.115478515625
0.0331954956054688 0.102584838867188 0.0214691162109375 -0.10546875
0.00779724121093751 0.122100830078125 0.115829467773438 -0.068145751953125
0.050079345703125 0.0697898864746094 0.0517311096191406 -0.007781982421875
0.0477523803710937 0.0346755981445313 0.0644645690917969 0.0302925109863281
0.0483016967773438 0.0007781982421875 0.110206604003906 -0.00814056396484375
0.0335464477539063 -0.0195598602294922 0.0943984985351563 -0.0696868896484375
0.0160923004150391 -0.0329647064208984 0.0473861694335938 -0.114875793457031
-0.000946044921875001 -0.0484886169433594 0.00505065917968749 -0.115211486816406
0.000137329101562496 -0.0497856140136719 -0.00907135009765624 -0.085784912109375
-0.000766754150390624 -0.0549964904785156 -0.00215911865234375 -0.0626564025878906
0.0181961059570313 -0.0596809387207031 0.00451278686523437 -0.0485610961914063
0.0504951477050781 -0.0478134155273438 -0.00521087646484375 -0.0224685668945313
0.0777664184570313 -0.0157928466796875 -0.0161476135253906 -0.0261459350585938
0.0793609619140625 0.0564346313476562 -0.0305099487304687 -0.0563926696777344
0.0588607788085938 0.113059997558594 -0.0077972412109375 -0.0860443115234375
0.0147171020507813 0.136520385742188 0.017791748046875 -0.0657424926757812
-0.03106689453125 0.152603149414063 0.113479614257813 -0.0165481567382812
0.028411865234375 0.124214172363281 0.0577812194824219 0.0317306518554688
0.0613174438476562 0.0897064208984375 0.0701408386230469 0.0526771545410156
0.09033203125 0.027801513671875 0.113960266113281 0.0105056762695313
0.0762481689453125 -0.0236663818359375 0.0949783325195313 -0.0496063232421875
0.044830322265625 -0.0628776550292969 0.049896240234375 -0.0925369262695312
0.0118789672851563 -0.0809478759765625 0.00979614257812499 -0.09197998046875
0.0109710693359375 -0.078155517578125 -0.00510025024414063 -0.0632133483886719
0.0119476318359375 -0.0858078002929688 -0.00100326538085937 -0.0385665893554688
0.035736083984375 -0.0834808349609375 -0.000341415405273433 -0.0279254913330078
0.0749053955078125 -0.0567092895507813 -0.0117588043212891 -0.00603580474853516
0.0997085571289063 -0.0126419067382813 -0.0220985412597656 -0.0128211975097656
0.0872116088867188 0.074737548828125 -0.0339164733886719 -0.0396842956542969
0.052581787109375 0.135185241699219 -0.00432586669921875 -0.0544166564941406
-0.00323486328125001 0.153152465820313 0.0111122131347656 -0.0210113525390625
-0.0670318603515625 0.152847290039063 0.0956039428710938 0.0412216186523438
-0.00630187988281251 0.152923583984375 0.05145263671875 0.0785903930664063
0.052886962890625 0.132820129394531 0.06597900390625 0.0758132934570313
0.111175537109375 0.0607376098632812 0.104042053222656 0.032958984375
0.106422424316406 -0.0156478881835938 0.0840301513671875 -0.021881103515625
0.0698776245117188 -0.0773696899414062 0.0450210571289063 -0.0584831237792969
0.0244140625 -0.0999603271484375 0.0135231018066406 -0.0562820434570313
0.0207443237304688 -0.0947113037109375 0.000200271606445311 -0.0303440093994141
0.0211181640625 -0.106033325195313 4.10079956054706E-05 -0.00635719299316407
0.0472564697265625 -0.0981063842773437 -0.00548505783081054 0.000452995300292963
0.0901947021484375 -0.0608673095703125 -0.0197734832763672 0.0140819549560547
0.11041259765625 -0.00858306884765625 -0.0283393859863281 -0.00090599060058594
0.0847015380859375 0.0871200561523438 -0.0327987670898437 -0.0263786315917969
0.037628173828125 0.143203735351563 0.00452423095703125 -0.0244941711425781
-0.0243682861328125 0.151870727539063 0.000265121459960938 0.0263195037841797
-0.0910797119140625 0.123382568359375 0.0656890869140625 0.0935592651367188
-0.042816162109375 0.145401000976562 0.0349884033203125 0.118858337402344
0.0240936279296875 0.145843505859375 0.0525894165039062 0.0923385620117188
0.102699279785156 0.0836029052734375 0.0807037353515625 0.0502777099609375
0.113510131835938 -0.00040435791015625 0.0619926452636719 0.00526809692382813
0.0834884643554688 -0.07647705078125 0.0322914123535156 -0.0213146209716797
0.0336837768554687 -0.102195739746094 0.0133142471313477 -0.0154237747192383
0.0265045166015625 -0.0966796875 0.00473737716674805 0.00646495819091796
0.027313232421875 -0.109260559082031 0.00127983093261719 0.0297641754150391
0.0521392822265625 -0.0997695922851563 -0.0117149353027344 0.03173828125
0.09454345703125 -0.058135986328125 -0.0295925140380859 0.0349693298339844
0.111442565917969 -0.001800537109375 -0.0365028381347656 0.00984573364257812
0.07293701171875 0.094146728515625 -0.0316925048828125 -0.0184230804443359
0.015625 0.139999389648437 0.0111417770385742 0.00233936309814454
-0.0471343994140625 0.134025573730469 -0.0160865783691406 0.0688285827636719
-0.096771240234375 0.0705032348632813 0.0322341918945312 0.12847900390625
-0.0664138793945312 0.104400634765625 0.014556884765625 0.143753051757813
-0.00842285156249999 0.122016906738281 0.0376358032226563 0.0970001220703125
0.0712890625 0.0867996215820313 0.0544166564941406 0.0575637817382813
0.09619140625 0.0145492553710938 0.0365142822265625 0.0240020751953125
0.0798797607421875 -0.0594100952148438 0.0172033309936523 0.0129880905151367
0.03668212890625 -0.0876617431640625 0.0114574432373047 0.0240268707275391
0.0285491943359375 -0.0835952758789063 0.0085296630859375 0.0423126220703125
0.02880859375 -0.096923828125 0.00201034545898437 0.0629806518554688
0.051605224609375 -0.08941650390625 -0.0188446044921875 0.0610504150390625
0.0888824462890625 -0.048004150390625 -0.0414848327636719 0.0541648864746094
0.100753784179687 0.006866455078125 -0.04632568359375 0.0184249877929687
0.0534133911132813 0.0943222045898437 -0.0325489044189453 -0.0116157531738281
-0.011566162109375 0.124595642089844 0.0105762481689453 0.0256977081298828
-0.0678176879882812 0.100761413574219 -0.0407180786132813 0.101905822753906
-0.0846710205078125 0.00561523437499999 0.00512695312499999 0.141555786132813
-0.072723388671875 0.0450286865234375 0.00111389160156251 0.147628784179688
-0.0350265502929687 0.07476806640625 0.026763916015625 0.091339111328125
0.0304069519042969 0.0692977905273438 0.0322113037109375 0.0568504333496094
0.0615882873535156 0.0223464965820312 0.0138263702392578 0.0331916809082031
0.0617103576660156 -0.0341224670410156 0.00307464599609375 0.03759765625
0.0331268310546875 -0.0593833923339844 0.00716400146484375 0.0554771423339844
0.0252037048339844 -0.0591545104980469 0.0105743408203125 0.0720138549804687
0.0260696411132813 -0.0707015991210938 0.00281524658203126 0.0913925170898438
0.0436515808105469 -0.0664520263671875 -0.0274276733398437 0.0873336791992188
0.0731353759765625 -0.0326766967773438 -0.0532455444335938 0.0709686279296875
0.079315185546875 0.0129165649414062 -0.0590400695800781 0.0254364013671875
0.0285568237304687 0.0836944580078125 -0.0377311706542969 -0.00782012939453124
-0.0349044799804688 0.093963623046875 0.00125885009765625 0.0432014465332031
-0.0798492431640625 0.054168701171875 -0.070159912109375 0.122100830078125
0.0607032775878906 0.0131492614746094 0.0758743286132813 -0.121116638183594
0.0424003601074219 -0.0490570068359375 0.0196151733398437 -0.0420570373535156
-0.0136451721191406 -0.05267333984375 0.0413475036621094 0.00891876220703125
-0.0433425903320313 -0.0197639465332031 0.0811080932617188 -0.0227508544921875
-0.0425758361816406 0.013519287109375 0.0669326782226562 -0.0795059204101562
-0.0258750915527344 0.0398635864257813 0.0262527465820313 -0.115028381347656
-0.0167064666748047 0.0324916839599609 -0.00945281982421876 -0.112686157226563
-0.0208473205566406 0.0242652893066406 -0.0160903930664062 -0.0889968872070312
-0.0270633697509766 0.0257854461669922 -0.00952911376953124 -0.0715103149414063
-0.0360488891601563 0.0013580322265625 -0.00366210937500001 -0.0561141967773438
-0.0262527465820312 -0.0297660827636719 -0.0054473876953125 -0.0402297973632813
0.00773239135742188 -0.0417327880859375 -0.013641357421875 -0.0522270202636719
0.0537261962890625 -0.0223884582519531 -0.0141372680664063 -0.091888427734375
0.0712356567382812 0.0159988403320313 0.000198364257812511 -0.137016296386719
0.055999755859375 0.0487480163574219 0.0141448974609375 -0.133369445800781
0.0415573120117188 0.0702896118164063 0.0978851318359375 -0.106201171875
0.053680419921875 0.00620651245117187 0.0348339080810547 -0.0331344604492188
0.0190849304199219 -0.0157375335693359 0.0526657104492187 0.0155982971191406
7.1525573730469E-05 -0.0147171020507813 0.0961151123046875 -0.0208892822265625
-0.00842094421386719 -0.00510597229003906 0.0802536010742188 -0.0803909301757813
-0.00700855255126953 0.00342941284179687 0.03436279296875 -0.121795654296875
-0.0113725662231445 -0.00796222686767578 -0.00693511962890625 -0.120033264160156
-0.0120067596435547 -0.0131111145019531 -0.0163726806640625 -0.0933303833007813
-0.0148544311523438 -0.0151596069335937 -0.00787353515625 -0.0734176635742188
-0.0077056884765625 -0.0298748016357422 0.000194549560546877 -0.0589218139648438
0.0144920349121094 -0.0377082824707031 -0.00387191772460937 -0.0357780456542969
0.0449562072753906 -0.0250930786132813 -0.0128860473632812 -0.0411796569824219
0.0664596557617188 0.0221366882324219 -0.0215835571289062 -0.0741653442382813
0.0651779174804687 0.070709228515625 -0.00571441650390626 -0.11444091796875
0.0356979370117188 0.0992279052734375 0.0180740356445313 -0.107284545898438
0.0123825073242188 0.120246887207031 0.111671447753906 -0.0720672607421875
0.0514106750488281 0.0668907165527344 0.0489158630371094 -0.00847244262695312
0.0485725402832031 0.0332756042480469 0.0633621215820312 0.0301933288574219
0.0480537414550781 -0.000667572021484375 0.108535766601563 -0.00959014892578125
0.0330028533935547 -0.0197830200195312 0.0899124145507812 -0.0710067749023438
0.0158805847167969 -0.0337390899658203 0.0420913696289063 -0.114158630371094
-0.00263214111328125 -0.0477142333984375 -0.00105285644531251 -0.113121032714844
-0.00240325927734376 -0.0486068725585938 -0.0136032104492187 -0.0832901000976562
-0.002655029296875 -0.0544319152832031 -0.00660324096679688 -0.0612907409667969
0.0152778625488281 -0.0594673156738281 -0.00125885009765625 -0.0485343933105469
0.0480766296386719 -0.0483932495117188 -0.00812149047851562 -0.0244903564453125
0.0758438110351563 -0.0183944702148438 -0.0168476104736328 -0.0283279418945313
0.0804595947265625 0.0531387329101563 -0.0300254821777344 -0.0564193725585937
0.0625152587890625 0.109207153320312 -0.00955963134765625 -0.0858383178710938
0.0186614990234375 0.13470458984375 0.0159988403320313 -0.0687332153320312
-0.0245819091796875 0.152114868164063 0.1114501953125 -0.0211563110351562
0.0321502685546875 0.121688842773438 0.0553359985351563 0.029693603515625
0.0644607543945313 0.0876693725585938 0.0691642761230469 0.0512619018554688
0.0910263061523438 0.024688720703125 0.111648559570313 0.00817108154296875
0.0745391845703125 -0.0262298583984375 0.091827392578125 -0.050140380859375
0.0424728393554688 -0.0641975402832031 0.0460052490234375 -0.0924835205078125
0.00833129882812499 -0.08026123046875 0.005218505859375 -0.090545654296875
0.00672149658203125 -0.077789306640625 -0.008880615234375 -0.0613136291503906
0.00738525390625 -0.0864181518554688 -0.00493621826171875 -0.0372657775878906
0.0314102172851563 -0.0840530395507813 -0.00454330444335938 -0.0281772613525391
0.072174072265625 -0.058929443359375 -0.0143318176269531 -0.00728321075439454
0.0979843139648438 -0.016754150390625 -0.0225982666015625 -0.0142307281494141
0.08978271484375 0.071197509765625 -0.0333366394042969 -0.0397300720214844
0.0581283569335938 0.1322021484375 -0.00531768798828125 -0.05511474609375
0.00177001953125 0.151901245117188 0.0100727081298828 -0.0239086151123047
-0.059844970703125 0.154449462890625 0.0947113037109375 0.036376953125
-0.000381469726562506 0.151931762695313 0.0516815185546875 0.0755081176757813
0.0585174560546875 0.129486083984375 0.0653839111328125 0.07354736328125
0.113540649414063 0.0555419921875 0.10186767578125 0.0307388305664063
0.104850769042969 -0.0200958251953125 0.0823135375976563 -0.0236663818359375
0.066802978515625 -0.0801773071289063 0.0426216125488281 -0.0589103698730469
0.0195083618164063 -0.0997390747070312 0.0104026794433594 -0.0555915832519531
0.0152587890625 -0.0943450927734375 -0.00263404846191406 -0.0288505554199219
0.0148162841796875 -0.106155395507813 -0.00174522399902344 -0.00488281250000001
0.0413894653320312 -0.0994415283203125 -0.00894641876220703 -0.000515937805175786
0.086181640625 -0.0650100708007813 -0.0222225189208984 0.0137138366699219
0.109138488769531 -0.0137939453125 -0.0293178558349609 -0.00142860412597656
0.0885391235351563 0.0836868286132813 -0.0330142974853515 -0.0266666412353516
0.0450439453125 0.141250610351563 0.00396919250488282 -0.0260982513427734
-0.018646240234375 0.151443481445312 0.00086212158203125 0.0229110717773438
-0.0848770141601562 0.126319885253906 0.0667877197265625 0.089508056640625
-0.0355682373046875 0.145797729492188 0.0356369018554688 0.115913391113281
0.0318756103515625 0.143890380859375 0.0522994995117187 0.0904769897460938
0.106147766113281 0.0783309936523437 0.0802078247070313 0.0482254028320313
0.112129211425781 -0.0051727294921875 0.061553955078125 0.00369644165039062
0.078399658203125 -0.078887939453125 0.0323066711425781 -0.0209770202636719
0.028289794921875 -0.102989196777344 0.0125513076782227 -0.0152130126953125
0.0212783813476563 -0.0964813232421875 0.00379800796508789 0.00702428817749023
0.0207366943359375 -0.109657287597656 0.00162887573242187 0.0298728942871094
0.04608154296875 -0.101486206054688 -0.0126152038574219 0.0308895111083984
0.0908126831054688 -0.0625 -0.0301361083984375 0.0351276397705078
0.109786987304687 -0.0072174072265625 -0.0368537902832031 0.00970077514648438
0.0773849487304688 0.090911865234375 -0.0317173004150391 -0.0183258056640625
0.0222244262695313 0.138557434082031 0.0113744735717773 -1.52587890624915E-05
-0.0406036376953125 0.134437561035156 -0.0134506225585937 0.0657691955566406
-0.09222412109375 0.0751876831054688 0.0348281860351563 0.126625061035156
-0.06024169921875 0.107009887695313 0.0170440673828125 0.140625
-0.00148773193359376 0.122894287109375 0.0375442504882813 0.0950164794921875
0.0753631591796875 0.08245849609375 0.05340576171875 0.0565452575683594
0.095672607421875 0.00897216796875 0.0363197326660156 0.0238494873046875
0.0756607055664063 -0.06256103515625 0.0183868408203125 0.0132789611816406
0.0311431884765625 -0.088287353515625 0.0116195678710938 0.0235462188720703
0.0232391357421875 -0.0842208862304688 0.00894546508789063 0.0413856506347656
0.0229339599609375 -0.0973739624023438 0.00418853759765626 0.0625114440917969
0.045135498046875 -0.0911941528320313 -0.0184135437011719 0.0613517761230469
0.08551025390625 -0.052093505859375 -0.0399322509765625 0.0545654296875
0.0999526977539063 0.0015411376953125 -0.0468368530273437 0.0197563171386719
0.0582275390625 0.0919876098632813 -0.0330581665039063 -0.011932373046875
-0.004638671875 0.124229431152344 0.0110588073730469 0.02313232421875
-0.0620880126953125 0.102287292480469 -0.0359954833984375 0.100616455078125
-0.0829544067382813 0.011016845703125 0.00867462158203126 0.1402587890625
-0.0692176818847656 0.0487937927246094 0.00360107421875 0.145111083984375
-0.0289764404296875 0.0764389038085938 0.0269241333007812 0.089569091796875
0.0341148376464844 0.0670242309570313 0.0318527221679687 0.056884765625
0.061676025390625 0.0179939270019531 0.0159053802490234 0.033782958984375
0.0581016540527344 -0.0376739501953125 0.00654220581054688 0.0386161804199219
0.0282325744628906 -0.0597991943359375 0.00985717773437499 0.053985595703125
0.02093505859375 -0.0594215393066406 0.0131568908691406 0.0696334838867188
0.0215682983398437 -0.071533203125 0.00613403320312501 0.0907974243164063
0.0384902954101563 -0.0679397583007813 -0.02471923828125 0.088134765625
0.0702400207519531 -0.0369224548339844 -0.0505752563476563 0.07183837890625
0.0784530639648438 0.00878143310546875 -0.0581588745117188 0.0262870788574219
0.033843994140625 0.08135986328125 -0.0382652282714844 -0.0074310302734375
-0.0299453735351562 0.0945892333984375 0.0032806396484375 0.0404815673828125
-0.0752716064453125 0.056427001953125 -0.0644760131835937 0.122154235839844
0.060028076171875 0.0114402770996094 0.0740966796875 -0.123466491699219
0.0401191711425781 -0.0487213134765625 0.0183296203613281 -0.0418891906738281
-0.0157127380371094 -0.0514144897460938 0.0417556762695312 0.00966262817382812
-0.0437088012695313 -0.0179481506347656 0.0820465087890625 -0.0228271484375
-0.0416450500488281 0.0151176452636719 0.0660400390625 -0.0799179077148438
-0.0235404968261719 0.0402488708496094 0.0243453979492188 -0.114784240722656
-0.0140457153320312 0.0326786041259766 -0.0121917724609375 -0.111862182617188
-0.0193824768066406 0.0253181457519531 -0.0184173583984375 -0.08831787109375
-0.0256938934326172 0.0265235900878906 -0.0121994018554687 -0.0710983276367187
-0.0351753234863281 0.0029449462890625 -0.006378173828125 -0.0560684204101562
-0.0265769958496094 -0.0278415679931641 -0.00677490234375 -0.0423965454101562
0.00599288940429688 -0.040618896484375 -0.0132484436035156 -0.0539016723632813
0.0517768859863281 -0.0237922668457031 -0.0124359130859375 -0.0916900634765625
0.0708236694335938 0.0135116577148438 -7.62939453125084E-06 -0.1370849609375
0.0564346313476563 0.0468902587890625 0.013702392578125 -0.134429931640625
0.04241943359375 0.0692863464355469 0.09661865234375 -0.108192443847656
0.0533256530761719 0.00559616088867188 0.0338859558105469 -0.0327777862548828
0.0180721282958984 -0.0147666931152344 0.0520896911621094 0.01654052734375
-0.000497817993164061 -0.0140180587768555 0.0962982177734375 -0.0207138061523438
-0.00761508941650391 -0.00414609909057617 0.0791168212890625 -0.0803604125976563
-0.00590276718139648 0.00280666351318359 0.0320053100585937 -0.121757507324219
-0.0107746124267578 -0.00761032104492188 -0.00951385498046875 -0.119544982910156
-0.0117607116699219 -0.0127420425415039 -0.0190277099609375 -0.0923080444335937
-0.0146265029907227 -0.0154867172241211 -0.011138916015625 -0.0732955932617188
-0.00761985778808594 -0.0288429260253906 -0.00345993041992188 -0.0585708618164063
0.0136070251464844 -0.0370025634765625 -0.00596237182617187 -0.038238525390625
0.0443649291992188 -0.0250129699707031 -0.0126609802246094 -0.043792724609375
0.0661506652832031 0.0214920043945313 -0.0201873779296875 -0.0753173828125
0.0654792785644531 0.0690498352050781 -0.00588226318359374 -0.115158081054688
0.0369796752929688 0.0986251831054687 0.0175018310546875 -0.10931396484375
0.0138168334960938 0.120323181152344 0.11041259765625 -0.0740280151367187
0.0521202087402344 0.0662727355957031 0.0471839904785156 -0.00807952880859374
0.0495071411132813 0.0332450866699219 0.062591552734375 0.0310249328613281
0.0478782653808594 -0.0005645751953125 0.108406066894531 -0.0103836059570313
0.0327930450439453 -0.0202083587646484 0.0886459350585938 -0.07086181640625
0.0167922973632812 -0.034454345703125 0.0399398803710937 -0.114677429199219
-0.00301742553710938 -0.0476455688476563 -0.00428009033203124 -0.112030029296875
-0.00334548950195313 -0.0488319396972656 -0.0165023803710937 -0.0820541381835938
-0.0036468505859375 -0.0551872253417969 -0.00979232788085938 -0.0608940124511719
0.0145301818847656 -0.0599212646484375 -0.00502395629882812 -0.0489273071289063
0.0473365783691406 -0.0493316650390625 -0.0107383728027344 -0.0264682769775391
0.0755615234375 -0.0194778442382813 -0.0174179077148438 -0.0307598114013672
0.0814437866210938 0.05230712890625 -0.0287857055664063 -0.0573234558105469
0.0645065307617188 0.108627319335938 -0.00954437255859375 -0.0868606567382813
0.0201950073242188 0.134140014648437 0.0149612426757813 -0.0721282958984375
-0.02239990234375 0.152740478515625 0.110244750976562 -0.0238037109375
0.034393310546875 0.120948791503906 0.0537910461425781 0.0297088623046875
0.067779541015625 0.0869064331054688 0.0678787231445313 0.0520668029785156
0.091827392578125 0.0237197875976563 0.111396789550781 0.0085296630859375
0.0738296508789063 -0.027252197265625 0.0904617309570313 -0.0509414672851563
0.0420646667480469 -0.065032958984375 0.04412841796875 -0.0922164916992187
0.00638580322265625 -0.0806427001953125 0.00263214111328125 -0.09002685546875
0.00507354736328125 -0.077880859375 -0.011474609375 -0.0602302551269531
0.005645751953125 -0.0872116088867188 -0.0074310302734375 -0.0369529724121094
0.0295486450195313 -0.0857925415039063 -0.00845718383789062 -0.0282649993896484
0.0707550048828125 -0.0609893798828125 -0.0172958374023437 -0.00889587402343751
0.098175048828125 -0.0186843872070312 -0.0239524841308594 -0.0167522430419922
0.09185791015625 0.0705337524414063 -0.0332374572753906 -0.0405731201171875
0.0608062744140625 0.131919860839844 -0.00541305541992187 -0.0570602416992187
0.0035400390625 0.152450561523438 0.0104408264160156 -0.0269908905029297
-0.05755615234375 0.156448364257813 0.0947418212890625 0.0348052978515625
0.00228881835937501 0.152114868164062 0.050140380859375 0.0746994018554688
0.0622634887695313 0.130271911621094 0.0631179809570313 0.07470703125
0.114738464355469 0.05322265625 0.101417541503906 0.0307388305664063
0.104354858398438 -0.0221633911132813 0.0814285278320312 -0.0228958129882813
0.0647506713867188 -0.0820846557617188 0.0418510437011719 -0.0589447021484375
0.0164260864257812 -0.100028991699219 0.00830459594726563 -0.0559806823730469
0.0129547119140625 -0.0943069458007813 -0.0048675537109375 -0.0281982421875
0.0121994018554688 -0.106559753417969 -0.00338888168334961 -0.00495386123657227
0.0389251708984375 -0.101211547851563 -0.0118780136108398 -0.000421524047851569
0.0854110717773438 -0.067047119140625 -0.0238533020019531 0.0124225616455078
0.109130859375 -0.0167083740234375 -0.0301170349121094 -0.00292778015136718
0.0917282104492188 0.0828857421875 -0.0326614379882812 -0.0278091430664062
0.0486602783203125 0.141433715820313 0.00391578674316407 -0.028167724609375
-0.016021728515625 0.151962280273438 0.00123977661132813 0.0195941925048828
-0.0828094482421875 0.129966735839844 0.06707763671875 0.0891647338867188
-0.0322113037109375 0.147232055664063 0.0345916748046875 0.114631652832031
0.03619384765625 0.144454956054688 0.0505447387695313 0.0901031494140625
0.109451293945312 0.0770111083984375 0.0791244506835938 0.0489654541015625
0.111854553222656 -0.007537841796875 0.0609397888183594 0.00424575805664063
0.076629638671875 -0.0811614990234375 0.0324573516845703 -0.0207653045654297
0.0247955322265625 -0.103561401367188 0.0111780166625977 -0.0150356292724609
0.0182418823242188 -0.096832275390625 0.00304603576660156 0.00766229629516601
0.016754150390625 -0.110435485839844 0.00128555297851562 0.0298290252685547
0.0425643920898437 -0.103683471679688 -0.0140438079833984 0.0311965942382812
0.08966064453125 -0.065643310546875 -0.0322418212890625 0.0347843170166016
0.11041259765625 -0.0109100341796875 -0.0377349853515625 0.00966644287109376
0.081146240234375 0.09014892578125 -0.0324134826660156 -0.0192756652832031
0.0263137817382812 0.138526916503906 0.0112409591674805 -0.00242424011230468
-0.0388565063476562 0.13525390625 -0.0130767822265625 0.0635490417480469
-0.090179443359375 0.07830810546875 0.03564453125 0.125930786132813
-0.05780029296875 0.108901977539062 0.0166168212890625 0.13983154296875
0.00244903564453125 0.124382019042969 0.0355300903320313 0.0947341918945313
0.078582763671875 0.0814132690429688 0.0526313781738281 0.05804443359375
0.0955886840820312 0.0069122314453125 0.0368385314941406 0.0240020751953125
0.0731124877929688 -0.0653610229492188 0.0200099945068359 0.0132656097412109
0.0285491943359375 -0.0888290405273438 0.0117244720458984 0.0230770111083984
0.0199966430664062 -0.0849761962890625 0.00891876220703125 0.0406036376953125
0.0196075439453125 -0.0984725952148438 0.00485992431640625 0.062713623046875
0.0423507690429687 -0.09295654296875 -0.0187416076660156 0.0622787475585937
0.0845108032226563 -0.0552902221679688 -0.0406646728515625 0.0556983947753906
0.100563049316406 -0.00146484375 -0.047454833984375 0.0192527770996094
0.06146240234375 0.0910873413085938 -0.0335483551025391 -0.0127067565917969
-0.000495910644531261 0.124404907226562 0.0122928619384766 0.0204563140869141
-0.0601577758789063 0.103218078613281 -0.0347213745117188 0.0988082885742188
-0.0830459594726563 0.0140304565429687 0.0094146728515625 0.141693115234375
-0.0678558349609375 0.0507011413574219 0.00241088867187499 0.144790649414063
-0.0261993408203125 0.07769775390625 0.0250015258789063 0.090087890625
0.0368919372558594 0.066162109375 0.0308456420898438 0.0575942993164063
0.0622978210449219 0.0168266296386719 0.0172653198242188 0.0352363586425781
0.0566024780273437 -0.0394439697265625 0.00856399536132813 0.0384788513183594
0.025543212890625 -0.0604782104492188 0.0112113952636719 0.0538711547851562
0.0187034606933594 -0.0602188110351563 0.0141525268554687 0.0689926147460938
0.018768310546875 -0.071441650390625 0.00739288330078125 0.0903854370117188
0.0352745056152344 -0.0693511962890625 -0.0244216918945312 0.08819580078125
0.0690994262695313 -0.0382080078125 -0.0504684448242187 0.0721664428710938
0.0785751342773438 0.00738525390625 -0.0594635009765625 0.0268898010253906
0.0362472534179688 0.0805740356445313 -0.0380859375 -0.00867843627929687
-0.0257949829101562 0.095916748046875 0.00439071655273438 0.0375747680664063
-0.07318115234375 0.0572662353515625 -0.0617294311523437 0.122306823730469
0.0613327026367188 0.0101890563964844 0.0745468139648438 -0.127525329589844
0.0404548645019531 -0.0500831604003906 0.0181312561035156 -0.0421638488769531
-0.0174674987792969 -0.0515480041503906 0.0428848266601563 0.0111312866210937
-0.0455665588378906 -0.0171623229980469 0.0840377807617188 -0.0231781005859375
-0.0408515930175781 0.016632080078125 0.0672988891601563 -0.0812606811523438
-0.0219078063964844 0.0404891967773438 0.0230331420898437 -0.117164611816406
-0.0126419067382813 0.0340309143066406 -0.0139389038085937 -0.113822937011719
-0.0188064575195313 0.0264968872070313 -0.0207901000976563 -0.09002685546875
-0.0250492095947266 0.0278549194335937 -0.0142593383789063 -0.0722885131835938
-0.0351448059082031 0.00458145141601562 -0.00762176513671875 -0.0570144653320313
-0.0273475646972656 -0.026123046875 -0.008544921875 -0.0452537536621094
0.0049285888671875 -0.0411567687988281 -0.0128326416015625 -0.0581474304199219
0.0514411926269531 -0.0254936218261719 -0.0112457275390625 -0.0949172973632813
0.071533203125 0.0122604370117187 0.000427246093749998 -0.1407470703125
0.0575332641601562 0.0465736389160156 0.0133590698242187 -0.140220642089844
0.043975830078125 0.07110595703125 0.0979995727539063 -0.112197875976563
0.0537986755371094 0.00592422485351563 0.0334835052490234 -0.0334911346435547
0.0181846618652344 -0.0150833129882813 0.0538482666015625 0.0181083679199219
-0.000270843505859375 -0.0137710571289063 0.0986404418945313 -0.0204925537109375
-0.00703001022338867 -0.00369071960449219 0.0800399780273438 -0.0826416015625
-0.00446891784667969 0.00220012664794922 0.031402587890625 -0.124382019042969
-0.00915431976318359 -0.00765800476074219 -0.0124740600585937 -0.121421813964844
-0.0116147994995117 -0.0124330520629883 -0.0214080810546875 -0.0937728881835938
-0.0139989852905273 -0.0163631439208984 -0.0137939453125 -0.07342529296875
-0.00769996643066406 -0.0293941497802734 -0.00663375854492188 -0.0598526000976563
0.0129814147949219 -0.0370254516601563 -0.00812911987304687 -0.0416374206542969
0.0442047119140625 -0.0257644653320313 -0.0125923156738281 -0.0478363037109375
0.0672225952148438 0.0209808349609375 -0.0189743041992188 -0.0777359008789062
0.0685768127441406 0.0694503784179688 -0.00502014160156249 -0.118675231933594
0.0386505126953125 0.100135803222656 0.0184173583984375 -0.113914489746094
0.0157012939453125 0.122978210449219 0.112083435058594 -0.07763671875
0.0530967712402344 0.0678176879882813 0.0469779968261719 -0.00859451293945312
0.051910400390625 0.0342941284179687 0.0638618469238281 0.0330390930175781
0.0499114990234375 -0.000644683837890625 0.110954284667969 -0.0100479125976563
0.0344753265380859 -0.0202960968017578 0.0904388427734375 -0.0719223022460938
0.0177726745605469 -0.0358467102050781 0.0396957397460938 -0.116683959960938
-0.00364303588867187 -0.0487556457519531 -0.00686645507812501 -0.114151000976563
-0.00402450561523437 -0.0494804382324219 -0.0187759399414063 -0.0828094482421875
-0.00401687622070312 -0.0566787719726563 -0.0130958557128906 -0.0613937377929688
0.0139656066894531 -0.061370849609375 -0.00886917114257813 -0.0500831604003906
0.0475997924804688 -0.0506935119628906 -0.0134963989257812 -0.0285739898681641
0.077484130859375 -0.0203094482421875 -0.0185031890869141 -0.0344524383544922
0.083831787109375 0.0529022216796875 -0.0283737182617188 -0.0593910217285156
0.0670928955078125 0.110450744628906 -0.00925445556640624 -0.0901107788085938
0.0214004516601563 0.137626647949219 0.015289306640625 -0.0769119262695312
-0.0211181640625 0.15704345703125 0.112274169921875 -0.025665283203125
0.0367202758789063 0.123573303222656 0.0539932250976563 0.0306663513183594
0.0716094970703125 0.0888214111328125 0.0676078796386719 0.0548210144042969
0.095062255859375 0.0233154296875 0.113441467285156 0.00948333740234375
0.0759811401367188 -0.0293121337890625 0.0931854248046875 -0.0521926879882813
0.0432929992675781 -0.0685691833496094 0.0439071655273438 -0.0948867797851563
0.005645751953125 -0.08294677734375 0.000930786132812496 -0.0918655395507813
0.00331115722656251 -0.0790634155273438 -0.0136375427246094 -0.059478759765625
0.00351715087890626 -0.0902862548828125 -0.00998687744140625 -0.0369453430175781
0.0291595458984375 -0.0885467529296875 -0.0125675201416016 -0.0288066864013672
0.0716094970703125 -0.0639801025390625 -0.0203762054443359 -0.0097503662109375
0.100494384765625 -0.0207138061523437 -0.0253200531005859 -0.0189418792724609
0.0961380004882813 0.0719375610351563 -0.0327415466308594 -0.0429153442382812
0.0649490356445313 0.1346435546875 -0.00491714477539062 -0.0594444274902344
0.00448608398437501 0.156463623046875 0.00958251953125 -0.030517578125
-0.0567474365234375 0.162750244140625 0.0967864990234375 0.0350112915039063
0.00418090820312499 0.156326293945313 0.049652099609375 0.0757980346679688
0.0667953491210938 0.13214111328125 0.0638198852539063 0.0767974853515625
0.11981201171875 0.0539474487304688 0.103736877441406 0.0313873291015625
0.107337951660156 -0.0234756469726563 0.0837631225585938 -0.0221405029296875
0.0658340454101563 -0.0862655639648438 0.0433273315429688 -0.0596923828125
0.016204833984375 -0.103408813476562 0.00685119628906251 -0.0568428039550781
0.0115585327148438 -0.0967178344726563 -0.006561279296875 -0.0277805328369141
0.0091705322265625 -0.110458374023438 -0.00489330291748047 -0.00401306152343751
0.0375518798828125 -0.105186462402344 -0.0148897171020508 0.000562667846679681
0.0866622924804688 -0.07183837890625 -0.0266857147216797 0.012298583984375
0.11248779296875 -0.01922607421875 -0.0317401885986328 -0.00374221801757813
0.0968780517578125 0.0839309692382813 -0.0330333709716797 -0.0302219390869141
0.053253173828125 0.144790649414062 0.00362014770507813 -0.0308742523193359
-0.0153350830078125 0.156723022460937 0.00134086608886719 0.01800537109375
-0.0821380615234375 0.136772155761719 0.0678253173828125 0.0891952514648438
-0.0316009521484375 0.152435302734375 0.0344772338867187 0.116928100585938
0.040283203125 0.148330688476563 0.0512313842773438 0.0932083129882813
0.114402770996094 0.0764083862304687 0.0798416137695313 0.0509567260742188
0.114730834960938 -0.0102996826171875 0.0622787475585938 0.00520706176757812
0.077484130859375 -0.085906982421875 0.0335845947265625 -0.0202007293701172
0.0231170654296875 -0.105430603027344 0.0111379623413086 -0.0151700973510742
0.015411376953125 -0.0997848510742188 0.00161075592041016 0.00774526596069335
0.0140533447265625 -0.113410949707031 0.000164031982421875 0.0303707122802734
0.0409088134765625 -0.107772827148438 -0.0168228149414062 0.0333709716796875
0.0905609130859375 -0.0690536499023438 -0.03375244140625 0.036407470703125
0.113609313964844 -0.013275146484375 -0.0400047302246094 0.00860214233398438
0.0860671997070312 0.0912551879882813 -0.0330963134765625 -0.0212688446044922
0.0307159423828125 0.143325805664063 0.0117483139038086 -0.00364112854003905
-0.037841796875 0.138969421386719 -0.0131912231445312 0.063385009765625
-0.0915756225585938 0.0836334228515625 0.0367584228515625 0.1295166015625
-0.0576705932617187 0.113174438476562 0.01531982421875 0.143280029296875
0.00553131103515625 0.127983093261719 0.0334014892578125 0.0986404418945313
0.0830841064453125 0.0811920166015625 0.0526885986328125 0.0606422424316406
0.0980758666992188 0.004913330078125 0.0381507873535156 0.0264434814453125
0.0739364624023438 -0.0693817138671875 0.0214653015136719 0.0137767791748047
0.0262908935546875 -0.0910263061523437 0.0123844146728516 0.0237770080566406
0.0175552368164063 -0.087249755859375 0.00870895385742188 0.0422554016113281
0.0167694091796875 -0.101470947265625 0.005157470703125 0.0647354125976563
0.0403900146484375 -0.096466064453125 -0.0207443237304687 0.063629150390625
0.0848464965820313 -0.0588912963867188 -0.0418663024902344 0.0571060180664063
0.102691650390625 -0.00347137451171875 -0.0493888854980469 0.0200233459472656
0.0660247802734375 0.0928955078125 -0.0340766906738281 -0.0140056610107422
0.003204345703125 0.128585815429687 0.0124034881591797 0.0192470550537109
-0.0604629516601562 0.107093811035156 -0.0345230102539063 0.100837707519531
-0.0844192504882813 0.0176315307617188 0.00926208496093748 0.14666748046875
-0.0685653686523437 0.0547332763671875 0.000869750976562489 0.14971923828125
-0.024566650390625 0.081329345703125 0.0234222412109375 0.0930633544921875
0.0414276123046875 0.0664863586425781 0.0312461853027344 0.0611763000488281
0.0636482238769531 0.0138702392578125 0.0182762145996094 0.0374946594238281
0.0568923950195313 -0.0423431396484375 0.0102424621582031 0.03961181640625
0.0244064331054688 -0.0627479553222656 0.0113983154296875 0.0547676086425781
0.0172004699707031 -0.0620231628417969 0.0142478942871094 0.0702285766601563
0.0164947509765625 -0.0742874145507813 0.00785064697265625 0.091278076171875
0.0337142944335938 -0.0719757080078125 -0.0256423950195312 0.0908279418945313
0.0700035095214844 -0.0423698425292969 -0.0513992309570312 0.0747146606445313
0.0807342529296875 0.00463104248046875 -0.0612525939941406 0.0275611877441406
0.0389404296875 0.0824508666992188 -0.0399169921875 -0.0101814270019531
-0.0242233276367188 0.098358154296875 0.00527572631835937 0.0372047424316406
-0.0741348266601563 0.0593185424804687 -0.0629425048828125 0.12493896484375
0.0640449523925781 0.00762176513671875 0.0746307373046875 -0.136398315429688
0.0399093627929688 -0.0544013977050781 0.0170478820800781 -0.044158935546875
-0.0206565856933594 -0.0528526306152344 0.0449600219726563 0.0119667053222656
-0.0484390258789062 -0.0154228210449219 0.088165283203125 -0.0257949829101563
-0.0419845581054688 0.0194053649902344 0.0693130493164062 -0.085906982421875
-0.0199012756347656 0.0425300598144531 0.0212554931640625 -0.122276306152344
-0.0104923248291016 0.0346698760986328 -0.0176773071289062 -0.119171142578125
-0.0181808471679688 0.0285186767578125 -0.0247344970703125 -0.0922927856445313
-0.0249862670898438 0.0295391082763672 -0.0185089111328125 -0.0756149291992188
-0.0354042053222656 0.00667953491210938 -0.0112762451171875 -0.0595436096191406
-0.0306606292724609 -0.0246944427490234 -0.0105171203613281 -0.0497283935546875
0.00265884399414063 -0.0425796508789063 -0.0149497985839844 -0.0638771057128906
0.0518646240234375 -0.0283660888671875 -0.0122833251953125 -0.0993881225585938
0.0739212036132813 0.00910186767578125 -0.0018463134765625 -0.14727783203125
0.0611648559570313 0.0464248657226563 0.0111541748046875 -0.147659301757813
0.0464248657226563 0.0716094970703125 0.0991363525390625 -0.121551513671875
0.0560035705566406 0.00405120849609375 0.0341110229492188 -0.0343894958496094
0.0186176300048828 -0.0159397125244141 0.05572509765625 0.0195770263671875
-0.00138759613037109 -0.013239860534668 0.103553771972656 -0.0227279663085937
-0.00626277923583984 -0.00266695022583008 0.0821533203125 -0.0869216918945313
-0.00378894805908203 0.00185799598693848 0.0295639038085937 -0.1295166015625
-0.0094146728515625 -0.00863265991210938 -0.0158615112304688 -0.126495361328125
-0.0129680633544922 -0.0130815505981445 -0.0257110595703125 -0.0958633422851563
-0.0159149169921875 -0.0164623260498047 -0.018646240234375 -0.0766372680664063
-0.00811767578125 -0.0299777984619141 -0.01092529296875 -0.0621604919433594
0.0132026672363281 -0.0380516052246094 -0.0110740661621094 -0.0451011657714844
0.0454216003417969 -0.0277938842773438 -0.0139541625976562 -0.0521087646484375
0.0701141357421875 0.0204277038574219 -0.0191192626953125 -0.0821151733398438
0.0716934204101562 0.0701217651367188 -0.0061187744140625 -0.124549865722656
0.0425033569335938 0.103614807128906 0.0163726806640625 -0.122627258300781
0.0195541381835937 0.128211975097656 0.11505126953125 -0.0851516723632812
0.057647705078125 0.0684471130371094 0.0475540161132813 -0.00970458984374999
0.05572509765625 0.0345726013183594 0.0670051574707031 0.0343513488769531
0.052520751953125 -0.00139999389648437 0.115318298339844 -0.01190185546875
0.03619384765625 -0.0221939086914063 0.09320068359375 -0.07586669921875
0.0185699462890625 -0.0394096374511719 0.0387496948242188 -0.122360229492188
-0.00448989868164062 -0.0510597229003906 -0.0112228393554687 -0.118515014648438
-0.00596237182617187 -0.0512161254882813 -0.0235595703125 -0.0845870971679688
-0.00670242309570313 -0.0589408874511719 -0.0169944763183594 -0.0630760192871094
0.0124969482421875 -0.0647087097167969 -0.013214111328125 -0.0518798828125
0.0487403869628906 -0.0550651550292969 -0.0170803070068359 -0.0320606231689453
0.0802536010742188 -0.02349853515625 -0.0202598571777344 -0.0384292602539062
0.0897979736328125 0.0524978637695313 -0.0289192199707031 -0.0638542175292969
0.0742874145507813 0.113433837890625 -0.0101852416992187 -0.0951309204101563
0.0249786376953125 0.14324951171875 0.014495849609375 -0.0828170776367187
-0.0175628662109375 0.164932250976563 0.116905212402344 -0.0309295654296875
0.0422515869140625 0.128509521484375 0.0547599792480469 0.0308380126953125
0.0779495239257813 0.0908966064453125 0.0716018676757812 0.057037353515625
0.100845336914063 0.0208663940429688 0.1187744140625 0.00775909423828125
0.079071044921875 -0.0318832397460938 0.094940185546875 -0.054351806640625
0.0439682006835938 -0.0738449096679688 0.0438766479492188 -0.0980911254882813
0.0032806396484375 -0.0864181518554688 -0.00218963623046876 -0.0947723388671875
0.00184631347656251 -0.0832977294921875 -0.0172042846679688 -0.0617713928222656
-0.000236511230468755 -0.09393310546875 -0.0123519897460938 -0.03759765625
0.0269851684570312 -0.0933761596679688 -0.0163288116455078 -0.0292701721191406
0.0732040405273438 -0.0697174072265625 -0.0237884521484375 -0.0116233825683594
0.104362487792969 -0.0251617431640625 -0.0278949737548828 -0.0219249725341797
0.104019165039062 0.0720443725585938 -0.0338249206542969 -0.0462570190429687
0.0733108520507812 0.139373779296875 -0.00597381591796875 -0.0643424987792969
0.00898742675781249 0.16351318359375 0.00897979736328125 -0.0347976684570312
-0.0551605224609375 0.17254638671875 0.101409912109375 0.0337371826171875
0.00910949707031249 0.162796020507813 0.0516357421875 0.077667236328125
0.0755233764648438 0.137191772460938 0.0660400390625 0.08038330078125
0.126869201660156 0.0516281127929688 0.107231140136719 0.0324859619140625
0.111320495605469 -0.0279464721679688 0.0857925415039062 -0.0243682861328125
0.0661392211914063 -0.0929946899414063 0.0435981750488281 -0.0634651184082031
0.0133514404296875 -0.107627868652344 0.00430679321289063 -0.0589447021484375
0.0076751708984375 -0.101570129394531 -0.00792694091796875 -0.0287647247314453
0.005859375 -0.115737915039063 -0.00605344772338867 -0.00439500808715821
0.033172607421875 -0.111366271972656 -0.0185108184814453 0.00119590759277343
0.0877151489257813 -0.078582763671875 -0.0302677154541016 0.0133552551269531
0.1175537109375 -0.0240707397460938 -0.0338573455810547 -0.00546073913574219
0.105514526367188 0.0848388671875 -0.0348377227783203 -0.0324344635009766
0.0609283447265625 0.150115966796875 0.003326416015625 -0.0341358184814453
-0.012237548828125 0.163619995117188 0.00133991241455078 0.0161504745483399
-0.0812530517578125 0.145599365234375 0.073577880859375 0.0909500122070313
-0.028717041015625 0.160491943359375 0.0367202758789063 0.121078491210938
0.0482635498046875 0.154144287109375 0.0532760620117188 0.0975723266601563
0.122337341308594 0.0751266479492188 0.0841293334960938 0.0530548095703125
0.120162963867188 -0.0143051147460938 0.06591796875 0.00548171997070312
0.0780487060546875 -0.091888427734375 0.0358161926269531 -0.0227928161621094
0.0206222534179688 -0.111335754394531 0.0106868743896484 -0.0169858932495117
0.0126571655273437 -0.103988647460938 0.00084209442138672 0.00781822204589843
0.00942230224609375 -0.120269775390625 -0.000411987304687503 0.0327968597412109
0.038482666015625 -0.113700866699219 -0.0192489624023437 0.0339679718017578
0.092132568359375 -0.0769577026367188 -0.0352973937988281 0.0381851196289062
0.118057250976563 -0.01788330078125 -0.0413475036621094 0.0098114013671875
0.0940933227539063 0.0925064086914063 -0.0340690612792969 -0.0225563049316406
0.0388946533203125 0.149154663085937 0.0122280120849609 -0.00703334808349609
-0.0366058349609375 0.146896362304687 -0.0120620727539063 0.0648078918457031
-0.0920791625976563 0.09039306640625 0.0405197143554687 0.134956359863281
-0.0567703247070312 0.120376586914062 0.0172119140625 0.148635864257812
0.0113983154296875 0.13336181640625 0.035369873046875 0.103164672851563
0.090606689453125 0.081573486328125 0.0558395385742188 0.0637130737304688
0.102432250976562 0.00162506103515625 0.0408668518066406 0.0280418395996094
0.074005126953125 -0.074920654296875 0.0234546661376953 0.0142288208007812
0.0234832763671875 -0.0961685180664063 0.0130138397216797 0.0248908996582031
0.01519775390625 -0.090972900390625 0.0103073120117188 0.0437889099121094
0.012603759765625 -0.106208801269531 0.00640869140625 0.0667343139648438
0.037811279296875 -0.102127075195313 -0.0211372375488281 0.0674209594726563
0.085723876953125 -0.0657272338867188 -0.0440216064453125 0.0609359741210937
0.107475280761719 -0.0084075927734375 -0.0516624450683594 0.0211372375488281
0.0728530883789063 0.0946502685546875 -0.0363960266113281 -0.0151519775390625
0.009124755859375 0.13409423828125 0.0136928558349609 0.0173549652099609
-0.059539794921875 0.113082885742188 -0.034271240234375 0.104118347167969
-0.08660888671875 0.0226593017578125 0.0126495361328125 0.154708862304688
-0.0680923461914062 0.0595741271972656 0.00312805175781249 0.155624389648438
-0.0211105346679688 0.0859527587890625 0.0250091552734375 0.0966110229492188
0.0460777282714844 0.0669364929199219 0.0323867797851563 0.0646133422851563
0.0666770935058594 0.0120658874511719 0.020843505859375 0.0405921936035156
0.0565109252929688 -0.0467681884765625 0.0123786926269531 0.0416030883789063
0.0223846435546875 -0.0651473999023438 0.0135765075683594 0.0565185546875
0.0161895751953125 -0.0647010803222656 0.0169296264648438 0.0719223022460938
0.0144729614257812 -0.0777511596679688 0.0114212036132812 0.0947418212890625
0.0326614379882813 -0.0758743286132813 -0.0243911743164062 0.0958328247070313
0.0712051391601563 -0.0472564697265625 -0.0532302856445313 0.0792236328125
0.0841293334960938 0.001708984375 -0.0633087158203125 0.0300445556640625
0.0450057983398438 0.0852584838867188 -0.0417327880859375 -0.0115203857421875
-0.0201873779296875 0.102783203125 0.00682830810546875 0.0362014770507813
-0.0751876831054688 0.064910888671875 -0.062164306640625 0.130943298339844
0.0661582946777344 0.00456619262695313 0.0697021484375 -0.147232055664063
0.0376853942871094 -0.05841064453125 0.0139999389648437 -0.0471916198730469
-0.0246009826660156 -0.0525550842285156 0.0470314025878906 0.0118675231933594
-0.0508842468261719 -0.0117301940917969 0.0917587280273438 -0.030059814453125
-0.0419731140136719 0.0235023498535156 0.0680465698242187 -0.091583251953125
-0.0167961120605469 0.0448188781738281 0.0151748657226562 -0.128395080566406
-0.00786972045898438 0.0360260009765625 -0.0254974365234375 -0.122505187988281
-0.0161247253417969 0.0305538177490234 -0.0304794311523437 -0.0943069458007813
-0.0228500366210938 0.0319747924804687 -0.0236892700195312 -0.0757904052734375
-0.0346851348876953 0.00970077514648438 -0.0161247253417969 -0.0611152648925781
-0.0318374633789063 -0.0229053497314453 -0.0153541564941406 -0.0529556274414063
-0.000270843505859378 -0.0439109802246094 -0.0184478759765625 -0.0681114196777344
0.0509262084960938 -0.0327835083007813 -0.01483154296875 -0.104049682617188
0.0759506225585938 0.00467681884765625 -0.0076141357421875 -0.15338134765625
0.0661201477050781 0.0438728332519531 0.00541687011718751 -0.156219482421875
0.0519790649414063 0.0713729858398438 0.096588134765625 -0.133003234863281
0.0575027465820313 0.000675201416015625 0.0320167541503906 -0.0382308959960938
0.018218994140625 -0.0169391632080078 0.0588798522949219 0.0188636779785156
-0.00137805938720703 -0.0127897262573242 0.107032775878906 -0.0279159545898438
-0.00551033020019531 -0.00167036056518555 0.0821380615234375 -0.0938186645507813
-0.00199031829833984 0.00144529342651367 0.023529052734375 -0.136337280273437
-0.00901508331298828 -0.00921630859375 -0.0243072509765625 -0.129356384277344
-0.0128517150878906 -0.0123281478881836 -0.0323028564453125 -0.097442626953125
-0.0157403945922852 -0.0161151885986328 -0.0236663818359375 -0.0772247314453125
-0.00952339172363282 -0.030487060546875 -0.0160675048828125 -0.0640716552734375
0.0117301940917969 -0.039520263671875 -0.0159835815429688 -0.0477218627929688
0.0461044311523437 -0.0309906005859375 -0.0172233581542969 -0.0568809509277344
0.0728836059570313 0.0164794921875 -0.022186279296875 -0.0859603881835937
0.0780715942382813 0.0681915283203125 -0.0113372802734375 -0.129829406738281
0.0490875244140625 0.105056762695312 0.0114822387695313 -0.130073547363281
0.026458740234375 0.13177490234375 0.114982604980469 -0.0960006713867187
0.0628547668457031 0.0681800842285156 0.0476493835449219 -0.0129508972167969
0.0595932006835938 0.0337791442871094 0.0700950622558594 0.0341873168945313
0.0551643371582031 -0.0039520263671875 0.119781494140625 -0.01708984375
0.0370063781738281 -0.0250053405761719 0.09295654296875 -0.0830459594726563
0.0178489685058594 -0.04278564453125 0.0336456298828125 -0.128196716308594
-0.00636672973632812 -0.0533981323242188 -0.0176010131835938 -0.122215270996094
-0.00851821899414063 -0.0535240173339844 -0.0302047729492188 -0.0856857299804688
-0.0101089477539062 -0.0615730285644531 -0.0226364135742187 -0.0639305114746094
0.0098724365234375 -0.0684814453125 -0.0193443298339844 -0.0531654357910156
0.0479240417480469 -0.0585174560546875 -0.0214519500732422 -0.0335102081298828
0.0825881958007813 -0.028564453125 -0.0226020812988281 -0.0418128967285156
0.0963897705078125 0.0497512817382813 -0.0310020446777344 -0.0670661926269531
0.0834579467773438 0.113128662109375 -0.0144195556640625 -0.0997161865234375
0.033966064453125 0.14801025390625 0.0113372802734375 -0.0893173217773437
-0.00898742675781248 0.172988891601563 0.118812561035156 -0.03948974609375
0.0501251220703125 0.130653381347656 0.0575408935546875 0.0288658142089844
0.0861053466796875 0.0909881591796875 0.0754318237304688 0.0573196411132813
0.106559753417969 0.0168228149414063 0.123542785644531 0.004180908203125
0.08172607421875 -0.0376663208007813 0.0963897705078125 -0.0609130859375
0.0418014526367187 -0.0799560546875 0.0405654907226562 -0.104644775390625
-0.00101470947265625 -0.0904388427734375 -0.00873565673828125 -0.0981597900390625
-0.0030059814453125 -0.086700439453125 -0.0227088928222656 -0.0619316101074219
-0.00588226318359374 -0.0980377197265625 -0.0173912048339844 -0.0373153686523438
0.021697998046875 -0.0995559692382813 -0.0217208862304688 -0.0292854309082031
0.0722732543945313 -0.0769195556640625 -0.0276641845703125 -0.0110206604003906
0.108512878417969 -0.0324020385742188 -0.0297622680664062 -0.0237636566162109
0.112983703613281 0.0695724487304688 -0.0363960266113281 -0.0488433837890625
0.084930419921875 0.139816284179688 -0.00815200805664061 -0.0682525634765625
0.016815185546875 0.17095947265625 0.00836181640625 -0.0397109985351562
-0.047027587890625 0.182083129882813 0.107246398925781 0.0280914306640625
0.0185394287109375 0.168746948242188 0.0562973022460937 0.0787811279296875
0.0865325927734375 0.138496398925781 0.0710296630859375 0.0823516845703125
0.136322021484375 0.0465087890625 0.112678527832031 0.02972412109375
0.11456298828125 -0.0358123779296875 0.08856201171875 -0.028533935546875
0.063201904296875 -0.101173400878906 0.0421562194824219 -0.0678863525390625
0.00646209716796874 -0.11279296875 0.001922607421875 -0.0604705810546875
0.00183105468750001 -0.106216430664062 -0.0117378234863281 -0.0289897918701172
-0.00286865234375 -0.120506286621094 -0.00845432281494141 -0.00343418121337891
0.02789306640625 -0.117996215820312 -0.021575927734375 0.00303077697753905
0.0865554809570313 -0.0879669189453125 -0.0324211120605469 0.0149860382080078
0.1224365234375 -0.0331573486328125 -0.0366935729980469 -0.00579833984375001
0.1163330078125 0.0822372436523438 -0.0372161865234375 -0.034454345703125
0.073699951171875 0.151885986328125 0.00224304199218751 -0.0384483337402344
-0.00354003906250001 0.172607421875 0.00257778167724609 0.0139350891113281
-0.07568359375 0.15625 0.0806732177734375 0.091705322265625
-0.01995849609375 0.168258666992188 0.0431137084960938 0.123619079589844
0.05963134765625 0.15789794921875 0.0572280883789063 0.100250244140625
0.133636474609375 0.0709991455078125 0.089447021484375 0.052154541015625
0.123939514160156 -0.0220947265625 0.0689353942871094 0.00336837768554687
0.07513427734375 -0.100906372070313 0.0363273620605469 -0.0248260498046875
0.0142440795898438 -0.11639404296875 0.00895786285400391 -0.0167827606201172
0.00648498535156251 -0.109046936035156 -0.000632286071777343 0.0084547996520996
0.00162506103515625 -0.124977111816406 0.00127029418945312 0.0338039398193359
0.0316848754882812 -0.121482849121094 -0.0201492309570313 0.037750244140625
0.0902557373046875 -0.0866928100585938 -0.0370635986328125 0.041717529296875
0.122901916503906 -0.0269851684570313 -0.04412841796875 0.0107383728027344
0.105667114257812 0.090484619140625 -0.0361671447753906 -0.0232048034667969
0.050811767578125 0.151107788085938 0.0117778778076172 -0.0102367401123047
-0.0294952392578125 0.155059814453125 -0.00956726074218751 0.06561279296875
-0.0902099609375 0.101829528808594 0.0495681762695312 0.139320373535156
-0.0509414672851563 0.129432678222656 0.0249176025390625 0.154129028320313
0.0202407836914063 0.138435363769531 0.03997802734375 0.106803894042969
0.100364685058594 0.0782318115234375 0.0601463317871094 0.0656089782714844
0.107017517089844 -0.00482940673828125 0.0444412231445313 0.0281105041503906
0.0719528198242188 -0.0834197998046875 0.0264244079589844 0.0137100219726562
0.018280029296875 -0.101486206054688 0.0144252777099609 0.0245189666748047
0.0093994140625 -0.0952529907226563 0.0118446350097656 0.0449600219726562
0.00560760498046875 -0.111297607421875 0.01031494140625 0.0689773559570313
0.0312728881835938 -0.108329772949219 -0.01983642578125 0.0716171264648438
0.0844192504882813 -0.074737548828125 -0.0430679321289062 0.0660552978515625
0.111335754394531 -0.0157241821289063 -0.0523262023925781 0.02392578125
0.083404541015625 0.0935897827148438 -0.0386619567871094 -0.015777587890625
0.0180740356445313 0.138511657714844 0.0152721405029297 0.0152444839477539
-0.055419921875 0.121376037597656 -0.0301132202148438 0.108879089355469
-0.0878982543945313 0.0301055908203125 0.02142333984375 0.16070556640625
-0.0666389465332031 0.0672454833984375 0.00953674316406249 0.162384033203125
-0.0159225463867187 0.0905990600585938 0.0271148681640625 0.101486206054687
0.0525054931640625 0.0655784606933594 0.0371055603027344 0.0679435729980469
0.070343017578125 0.0080108642578125 0.0239067077636719 0.0414772033691406
0.0548553466796875 -0.0528373718261719 0.01678466796875 0.0417594909667969
0.0180435180664063 -0.0700645446777344 0.0180892944335938 0.0573539733886719
0.0107498168945312 -0.0672378540039063 0.0210189819335938 0.0736312866210938
0.008697509765625 -0.0817642211914062 0.0169143676757813 0.0980300903320313
0.02728271484375 -0.0809478759765625 -0.0208587646484375 0.100875854492188
0.069671630859375 -0.0533905029296875 -0.0509719848632812 0.08563232421875
0.0873641967773438 -0.0039825439453125 -0.0642242431640625 0.033721923828125
0.052825927734375 0.0849227905273438 -0.0444068908691406 -0.011138916015625
-0.0136642456054688 0.107406616210938 0.00876617431640625 0.0351524353027344
-0.0739974975585938 0.0709991455078125 -0.0566940307617188 0.139335632324219
0.0661201477050781 -0.000667572021484375 0.0599212646484375 -0.154434204101563
0.0324058532714844 -0.0606155395507812 0.010345458984375 -0.0487403869628906
-0.0287895202636719 -0.0515327453613281 0.0483589172363281 0.0109825134277344
-0.05206298828125 -0.00848388671875 0.0926666259765625 -0.035186767578125
-0.0402107238769531 0.0277900695800781 0.0641708374023438 -0.0978164672851563
-0.0132865905761719 0.0456390380859375 0.00846862792968751 -0.130928039550781
-0.00451278686523438 0.0370635986328125 -0.0344009399414063 -0.122215270996094
-0.0135860443115234 0.0331649780273438 -0.0380630493164062 -0.093505859375
-0.0203113555908203 0.0335369110107422 -0.0301132202148437 -0.0751113891601563
-0.0331363677978516 0.0135154724121094 -0.0208015441894531 -0.0610389709472656
-0.0331382751464844 -0.0193157196044922 -0.0201339721679688 -0.0545654296875
-0.00373077392578125 -0.0439376831054688 -0.0228729248046875 -0.0696792602539063
0.0485305786132813 -0.0375518798828125 -0.0195159912109375 -0.106101989746094
0.0771255493164063 -0.00189971923828125 -0.0151824951171875 -0.156417846679688
0.070526123046875 0.0399856567382812 -0.00399780273437498 -0.161376953125
0.0580215454101562 0.0694465637207031 0.0894317626953125 -0.143386840820313
0.056671142578125 -0.00421142578125 0.0284233093261719 -0.0401229858398438
0.018218994140625 -0.0171527862548828 0.0608596801757813 0.0167732238769531
-0.000979423522949219 -0.0124778747558594 0.107696533203125 -0.0339736938476563
-0.00505495071411133 -0.00138425827026367 0.0770950317382813 -0.0998001098632813
8.01682472229004E-05 -0.000299632549285889 0.015228271484375 -0.139137268066406
-0.0093526840209961 -0.0100469589233398 -0.0334548950195313 -0.129501342773438
-0.0139245986938477 -0.0112581253051758 -0.0396347045898437 -0.0956344604492188
-0.0168523788452148 -0.0158319473266602 -0.0314865112304687 -0.076080322265625
-0.0121269226074219 -0.0290603637695313 -0.0227890014648438 -0.063995361328125
0.00922775268554688 -0.0397453308105469 -0.0216293334960937 -0.0504264831542969
0.0443649291992188 -0.0335540771484375 -0.022125244140625 -0.0599861145019531
0.0741653442382812 0.0110702514648437 -0.0248260498046875 -0.0883865356445313
0.0832595825195313 0.062530517578125 -0.0180282592773438 -0.131881713867188
0.05780029296875 0.103057861328125 0.0047607421875 -0.136322021484375
0.0350112915039063 0.132225036621094 0.109611511230469 -0.106758117675781
0.0685920715332031 0.0649757385253906 0.0457916259765625 -0.0166130065917969
0.063812255859375 0.0307083129882812 0.072357177734375 0.0314254760742188
0.05615234375 -0.00740814208984375 0.121604919433594 -0.0244903564453125
0.0368499755859375 -0.0269851684570313 0.0905838012695313 -0.08966064453125
0.0158424377441406 -0.0459098815917969 0.0259323120117188 -0.1319580078125
-0.00982666015625 -0.0545387268066406 -0.0265579223632813 -0.121627807617188
-0.0115013122558594 -0.0533790588378906 -0.036224365234375 -0.083648681640625
-0.0146255493164062 -0.0616416931152344 -0.0285835266113281 -0.0626068115234375
0.00418472290039063 -0.0695266723632813 -0.0255126953125 -0.0506362915039063
0.0450286865234375 -0.0636100769042969 -0.0263442993164062 -0.0336341857910156
0.0819244384765625 -0.0352630615234375 -0.0267066955566406 -0.0442314147949219
0.100914001464844 0.0438003540039063 -0.0347366333007812 -0.0676689147949219
0.0916824340820313 0.108177185058594 -0.0189056396484375 -0.101875305175781
0.04412841796875 0.1488037109375 0.00565338134765626 -0.093994140625
0.0029296875 0.175796508789063 0.1185302734375 -0.0478286743164062
0.06097412109375 0.128158569335938 0.0592155456542969 0.026519775390625
0.0961532592773438 0.0866851806640625 0.080657958984375 0.0548858642578125
0.110176086425781 0.00849151611328125 0.125999450683594 -0.0010833740234375
0.0824508666992188 -0.0446395874023438 0.0960235595703125 -0.066162109375
0.038330078125 -0.0850372314453125 0.0357208251953125 -0.108024597167969
-0.00740051269531251 -0.0919036865234375 -0.014923095703125 -0.0982894897460938
-0.00728607177734375 -0.086578369140625 -0.0283546447753906 -0.0612144470214844
-0.0134963989257812 -0.0997695922851563 -0.0210914611816406 -0.0359611511230469
0.0148468017578125 -0.102180480957031 -0.0260047912597656 -0.0275096893310547
0.0680923461914063 -0.0832366943359375 -0.0314254760742187 -0.00927734375
0.108688354492187 -0.0399093627929688 -0.0327663421630859 -0.0250282287597656
0.119827270507812 0.0616302490234375 -0.0394363403320312 -0.049224853515625
0.097625732421875 0.135635375976562 -0.01177978515625 -0.0703353881835937
0.029510498046875 0.172775268554687 0.00536727905273438 -0.0427055358886719
-0.0333404541015625 0.189285278320313 0.109451293945313 0.020355224609375
0.0321197509765625 0.168914794921875 0.0601577758789063 0.0743255615234375
0.0981903076171875 0.13604736328125 0.074493408203125 0.0805587768554688
0.142303466796875 0.036163330078125 0.116119384765625 0.0244674682617188
0.114433288574219 -0.0438232421875 0.0896377563476563 -0.03460693359375
0.0559539794921875 -0.106643676757812 0.0394439697265625 -0.0700111389160156
-0.00152587890624999 -0.114372253417969 -0.00197982788085938 -0.06207275390625
-0.00514221191406249 -0.1075439453125 -0.0160121917724609 -0.0266819000244141
-0.0140304565429688 -0.122268676757812 -0.00975322723388672 -0.00119209289550782
0.0189361572265625 -0.12127685546875 -0.0250625610351562 0.00625991821289062
0.0811386108398437 -0.095428466796875 -0.0341453552246094 0.0170707702636719
0.121162414550781 -0.0418777465820313 -0.0384712219238281 -0.00661468505859375
0.125389099121094 0.074798583984375 -0.039642333984375 -0.0356025695800781
0.0876312255859375 0.148956298828125 4.5776367187504E-05 -0.0407257080078125
0.00736999511718749 0.176116943359375 0.00214958190917969 0.0121088027954102
-0.0655975341796875 0.164566040039063 0.0877914428710938 0.087066650390625
-0.00787353515624998 0.171920776367187 0.051422119140625 0.123428344726563
0.0727996826171875 0.154983520507813 0.06256103515625 0.100379943847656
0.140975952148438 0.0619354248046875 0.0933303833007813 0.04986572265625
0.124961853027344 -0.0321578979492188 0.071746826171875 -0.0012969970703125
0.0671920776367188 -0.108757019042969 0.0368843078613281 -0.0279083251953125
0.00661468505859374 -0.119247436523437 0.00774955749511719 -0.0180130004882813
-0.000572204589843739 -0.110282897949219 -0.000823020935058594 0.00919532775878905
-0.00803375244140625 -0.127830505371094 0.00288772583007812 0.0358123779296875
0.020843505859375 -0.125137329101563 -0.01953125 0.0403823852539062
0.0844879150390625 -0.0947799682617188 -0.0364112854003906 0.0450668334960938
0.12396240234375 -0.0384063720703125 -0.0437202453613281 0.0122413635253906
0.115257263183594 0.0845947265625 -0.039093017578125 -0.0229530334472656
0.06451416015625 0.149093627929688 0.0120973587036133 -0.0132436752319336
-0.018341064453125 0.159347534179688 -0.00625610351562501 0.0653953552246094
-0.0846099853515625 0.110984802246094 0.0584564208984375 0.139434814453125
-0.0419082641601562 0.134475708007813 0.032379150390625 0.15582275390625
0.0308837890625 0.140213012695313 0.045867919921875 0.106864929199219
0.10919189453125 0.0710830688476563 0.0647926330566406 0.0645408630371094
0.109657287597656 -0.0140838623046875 0.0484046936035156 0.0257949829101563
0.0653228759765625 -0.0904388427734375 0.0284976959228516 0.0111274719238281
0.0112991333007813 -0.103874206542969 0.0168209075927734 0.0235958099365234
0.00238800048828126 -0.0960693359375 0.0140495300292969 0.0441551208496094
-0.00318145751953126 -0.113937377929687 0.0144004821777344 0.0688018798828125
0.0223312377929688 -0.112739562988281 -0.0164566040039063 0.0748367309570313
0.0811004638671875 -0.0835647583007813 -0.0401153564453125 0.07037353515625
0.111953735351563 -0.0242996215820313 -0.0526542663574219 0.026611328125
0.0923690795898438 0.0877227783203125 -0.0414199829101562 -0.01519775390625
0.0305862426757813 0.138755798339844 0.0159416198730469 0.0124454498291016
-0.0486373901367187 0.12750244140625 -0.0229949951171875 0.111244201660156
-0.0863723754882813 0.0366287231445312 0.0319366455078125 0.164581298828125
-0.0628509521484375 0.0737457275390625 0.0189056396484375 0.165451049804688
-0.00881958007812499 0.0947494506835938 0.0318679809570313 0.103012084960938
0.0591659545898438 0.0629501342773438 0.0418052673339844 0.0677108764648438
0.0728912353515625 0.00201416015625 0.0274124145507813 0.0415992736816406
0.0503692626953125 -0.0572586059570313 0.0209274291992188 0.0417747497558594
0.0127716064453125 -0.071807861328125 0.0235099792480469 0.0558433532714844
0.00597763061523438 -0.0684776306152344 0.026519775390625 0.0739898681640625
0.00310516357421875 -0.0823822021484375 0.023193359375 0.0991058349609375
0.0215606689453125 -0.0837936401367188 -0.0156936645507813 0.104461669921875
0.067169189453125 -0.0593032836914062 -0.0467376708984375 0.0914535522460938
0.0873565673828125 -0.0101699829101563 -0.0638008117675781 0.0376701354980469
0.0594711303710938 0.080780029296875 -0.046600341796875 -0.00975799560546874
-0.00418853759765624 0.109611511230469 0.0107460021972656 0.0341243743896484
-0.0705184936523437 0.0760498046875 -0.0484466552734375 0.14385986328125
0.0668601989746094 -0.0055694580078125 0.048095703125 -0.1585693359375
0.028228759765625 -0.0616569519042969 0.00538253784179688 -0.0493850708007813
-0.0319900512695312 -0.0482673645019531 0.0490455627441406 0.011016845703125
-0.0521125793457031 -0.00401687622070313 0.08917236328125 -0.04083251953125
-0.0354652404785156 0.0314178466796875 0.0581130981445313 -0.0997848510742188
-0.0101890563964844 0.0457534790039063 0.00183105468750001 -0.129112243652344
-0.00192070007324219 0.0349864959716797 -0.0408096313476563 -0.118324279785156
-0.00898170471191406 0.0335025787353516 -0.0428848266601562 -0.0895233154296875
-0.018096923828125 0.0328598022460937 -0.0341339111328125 -0.0726394653320312
-0.0308208465576172 0.0155086517333984 -0.02398681640625 -0.0564498901367188
-0.032806396484375 -0.0159072875976563 -0.0255622863769531 -0.0527305603027344
-0.00540924072265625 -0.0436592102050781 -0.025604248046875 -0.0708694458007813
0.044036865234375 -0.0392646789550781 -0.02301025390625 -0.103469848632812
0.07470703125 -0.0050506591796875 -0.022979736328125 -0.155532836914063
0.074920654296875 0.0351791381835938 -0.0115966796875 -0.162506103515625
0.0606918334960937 0.0652503967285156 0.078277587890625 -0.148651123046875
0.0543479919433594 -0.00677871704101563 0.0245895385742188 -0.04345703125
0.0178737640380859 -0.0161399841308594 0.060394287109375 0.0166091918945313
-0.00136184692382812 -0.0103693008422852 0.106880187988281 -0.0372238159179688
-0.00396919250488281 -0.0012967586517334 0.0715408325195313 -0.10162353515625
-0.00182318687438965 -0.000238895416259766 0.00959777832031249 -0.138053894042969
-0.00806713104248047 -0.0096893310546875 -0.0417327880859375 -0.125251770019531
-0.0124645233154297 -0.00985050201416015 -0.0449752807617187 -0.0915069580078125
-0.01470947265625 -0.0146503448486328 -0.0361175537109375 -0.072906494140625
-0.0128364562988281 -0.0271244049072266 -0.0277557373046875 -0.0631256103515625
0.00839614868164063 -0.0393714904785156 -0.02587890625 -0.0480232238769531
0.0416526794433594 -0.0355453491210938 -0.0278701782226562 -0.0603599548339844
0.0746307373046875 0.007476806640625 -0.0294876098632812 -0.088409423828125
0.0842437744140625 0.0594940185546875 -0.0223312377929688 -0.130516052246094
0.0597763061523437 0.0983047485351563 -0.00348663330078124 -0.13519287109375
0.043121337890625 0.129623413085938 0.101966857910156 -0.112892150878906
0.0714111328125 0.059478759765625 0.0452613830566406 -0.0181617736816406
0.0636177062988281 0.0270919799804687 0.0724105834960938 0.0283279418945313
0.0557746887207031 -0.0101814270019531 0.118019104003906 -0.02850341796875
0.0375289916992188 -0.0290794372558594 0.0853958129882812 -0.0935287475585937
0.0121116638183594 -0.0463638305664062 0.0194931030273437 -0.132713317871094
-0.0113372802734375 -0.0550689697265625 -0.0320281982421875 -0.117660522460938
-0.0124702453613281 -0.0512619018554688 -0.0412979125976563 -0.0790557861328125
-0.0178794860839844 -0.0592689514160156 -0.0337791442871094 -0.0606422424316406
0.001678466796875 -0.06964111328125 -0.0303993225097656 -0.0484199523925781
0.0414695739746094 -0.06671142578125 -0.0297298431396484 -0.0307579040527344
0.0791244506835938 -0.0385513305664063 -0.0299034118652344 -0.0455780029296875
0.101791381835937 0.0384368896484375 -0.0363006591796875 -0.069610595703125
0.0978851318359375 0.102005004882813 -0.0233078002929688 -0.102485656738281
0.0516357421875 0.145263671875 0.000724792480468743 -0.0967483520507813
0.0104827880859375 0.1759033203125 0.113296508789063 -0.055328369140625
0.0668258666992188 0.12408447265625 0.0586471557617188 0.0228958129882813
0.0977020263671875 0.0788116455078125 0.0813751220703125 0.0549240112304688
0.110694885253906 0.002960205078125 0.122955322265625 -0.00766754150390625
0.0787353515625 -0.0497665405273438 0.0940933227539063 -0.069915771484375
0.0344390869140625 -0.09002685546875 0.0303955078125 -0.106979370117188
-0.0120925903320313 -0.0907440185546875 -0.02301025390625 -0.0941314697265625
-0.0139541625976562 -0.0861282348632813 -0.0303840637207031 -0.0588493347167969
-0.0205917358398437 -0.0985641479492188 -0.0233058929443359 -0.0346126556396484
0.00733947753906249 -0.0990447998046875 -0.0302448272705078 -0.0223979949951172
0.0629806518554688 -0.0857162475585938 -0.0335292816162109 -0.00893020629882813
0.109397888183594 -0.0478668212890625 -0.0335235595703125 -0.0242118835449219
0.123565673828125 0.0538482666015625 -0.0419044494628906 -0.0472946166992187
0.103553771972656 0.129539489746094 -0.0137786865234375 -0.070404052734375
0.03704833984375 0.170394897460938 0.000804901123046875 -0.0463752746582031
-0.0236053466796875 0.189910888671875 0.107917785644531 0.0114669799804688
0.041961669921875 0.164230346679688 0.0628509521484375 0.072723388671875
0.104278564453125 0.131126403808594 0.0781097412109375 0.0788192749023438
0.143966674804688 0.02947998046875 0.118797302246094 0.0197219848632813
0.111373901367188 -0.0522842407226563 0.08343505859375 -0.0378875732421875
0.0483551025390625 -0.110328674316406 0.0361175537109375 -0.0729293823242188
-0.00815582275390625 -0.114723205566406 -0.00677490234375001 -0.0581474304199219
-0.0123291015625 -0.10650634765625 -0.017547607421875 -0.0228977203369141
-0.022003173828125 -0.122528076171875 -0.0116262435913086 -0.00264549255371094
0.00994873046875 -0.121940612792969 -0.0243568420410156 0.00869941711425781
0.07440185546875 -0.102066040039063 -0.0367546081542969 0.0198211669921875
0.119171142578125 -0.0515975952148438 -0.0427742004394531 -0.00714874267578126
0.131019592285156 0.0669937133789062 -0.0432891845703125 -0.0352592468261719
0.095367431640625 0.14227294921875 -0.00242233276367187 -0.0433425903320312
0.0196990966796875 0.176620483398438 0.000934600830078126 0.00914382934570314
-0.0576019287109375 0.167892456054687 0.0912246704101563 0.0790176391601563
0.00180053710937502 0.16900634765625 0.0579376220703125 0.120048522949219
0.0823516845703125 0.150863647460938 0.0686874389648438 0.0979843139648438
0.145828247070313 0.052886962890625 0.093017578125 0.0472183227539063
0.124107360839844 -0.0398712158203125 0.0709304809570313 -0.003875732421875
0.0597915649414062 -0.115684509277344 0.0372467041015625 -0.0306320190429688
-0.00299072265625001 -0.120658874511719 0.00670242309570313 -0.0148897171020508
-0.00990295410156249 -0.111717224121094 -0.00331592559814453 0.00930976867675781
-0.0163497924804687 -0.129135131835938 0.00492477416992188 0.0316257476806641
0.01092529296875 -0.124351501464844 -0.0176048278808594 0.0409469604492187
0.0804824829101562 -0.0997467041015625 -0.0325965881347656 0.0454978942871094
0.119194030761719 -0.0452880859375 -0.0425682067871094 0.0132789611816406
0.121109008789063 0.0801620483398438 -0.0402107238769531 -0.0250740051269531
0.0736236572265625 0.14373779296875 0.0128374099731445 -0.0145397186279297
-0.01165771484375 0.159744262695313 -0.00448989868164062 0.0633506774902344
-0.076568603515625 0.115509033203125 0.0655746459960937 0.132499694824219
-0.03466796875 0.137237548828125 0.0406951904296875 0.152633666992188
0.0409011840820313 0.137535095214844 0.0485763549804688 0.106330871582031
0.113044738769531 0.0621566772460938 0.0655250549316406 0.0607681274414063
0.106788635253906 -0.0198745727539063 0.0500106811523438 0.0236053466796875
0.05828857421875 -0.0951156616210938 0.0294723510742188 0.01019287109375
0.003814697265625 -0.102935791015625 0.0168399810791016 0.0239200592041016
-0.00245666503906249 -0.0970306396484375 0.0159530639648437 0.043853759765625
-0.0102462768554688 -0.114166259765625 0.0163803100585938 0.0685157775878906
0.0132675170898438 -0.110870361328125 -0.011962890625 0.076690673828125
0.076080322265625 -0.0886459350585938 -0.0361862182617188 0.0716476440429688
0.109222412109375 -0.0334320068359375 -0.0500106811523437 0.0289077758789063
0.0978469848632813 0.0832290649414063 -0.0418357849121094 -0.0141792297363281
0.0387954711914062 0.134231567382813 0.017329216003418 0.00910472869873048
-0.040283203125 0.129524230957031 -0.015777587890625 0.110809326171875
-0.0791702270507812 0.0413589477539063 0.0395660400390625 0.161666870117188
-0.0547866821289063 0.0742721557617188 0.02679443359375 0.162094116210938
-0.0032501220703125 0.09576416015625 0.0367965698242187 0.103248596191406
0.06292724609375 0.0540695190429688 0.0440940856933594 0.0660476684570313
0.0729293823242187 -0.004425048828125 0.0326461791992188 0.0395355224609375
0.04290771484375 -0.0606689453125 0.0251541137695313 0.0399169921875
0.00756072998046875 -0.072967529296875 0.0280113220214844 0.0546112060546875
-0.000118255615234373 -0.0673866271972656 0.0304031372070312 0.0714035034179687
-0.004638671875 -0.0830612182617187 0.0264892578125 0.0970687866210938
0.0124359130859375 -0.0829544067382813 -0.0123672485351563 0.102638244628906
0.0635719299316406 -0.0633773803710938 -0.0395278930664063 0.0919647216796875
0.0854415893554687 -0.0166778564453125 -0.0614356994628906 0.0399169921875
0.0646209716796875 0.0770645141601563 -0.0475082397460938 -0.00704956054687499
0.0041656494140625 0.10748291015625 0.0143833160400391 0.0328350067138672
-0.0656204223632813 0.0817642211914062 -0.0397491455078125 0.143844604492188
0.0633468627929688 -0.0073089599609375 0.0442352294921875 -0.15704345703125
0.0242958068847656 -0.0626068115234375 0.00245285034179687 -0.0469436645507813
-0.0317420959472656 -0.0442276000976562 0.0490455627441406 0.00959396362304687
-0.0494270324707031 -0.000797271728515617 0.08917236328125 -0.0423431396484375
-0.0333156585693359 0.0308742523193359 0.056854248046875 -0.0998764038085938
-0.00838851928710938 0.0449562072753906 -0.00248718261718749 -0.127082824707031
-0.000717163085937503 0.0355339050292969 -0.043792724609375 -0.11505126953125
-0.00806617736816406 0.0334892272949219 -0.0443801879882813 -0.0864791870117188
-0.0145168304443359 0.0339584350585938 -0.0367240905761719 -0.0683860778808594
-0.0288619995117188 0.0168247222900391 -0.02691650390625 -0.0570144653320313
-0.0324153900146484 -0.0130271911621094 -0.0278434753417969 -0.0535049438476563
-0.00749969482421875 -0.0393867492675781 -0.029022216796875 -0.0716323852539062
0.0397605895996094 -0.0401229858398438 -0.0231094360351562 -0.103424072265625
0.0728912353515625 -0.00717926025390625 -0.0233306884765625 -0.153091430664063
0.0701560974121094 0.0322914123535156 -0.0151214599609375 -0.159957885742188
0.0608253479003906 0.0606346130371094 0.07281494140625 -0.148178100585938
0.0539741516113281 -0.00865936279296875 0.0214347839355469 -0.0417251586914063
0.0168333053588867 -0.0161294937133789 0.061798095703125 0.0160942077636719
-0.0013885498046875 -0.0107002258300781 0.103225708007812 -0.0405731201171875
-0.0023505687713623 -0.000132560729980469 0.0692977905273438 -0.102294921875
-0.000864207744598389 -0.000159502029418945 0.004638671875 -0.135787963867188
-0.00901985168457031 -0.00988292694091797 -0.0431442260742188 -0.122344970703125
-0.0121650695800781 -0.0103540420532227 -0.0478668212890625 -0.0878829956054687
-0.0165290832519531 -0.0138072967529297 -0.0377159118652344 -0.0702133178710938
-0.0124607086181641 -0.0278224945068359 -0.0294036865234375 -0.0595550537109375
0.00638961791992187 -0.0390625 -0.0284080505371094 -0.0474777221679688
0.0400123596191406 -0.0347900390625 -0.0272598266601562 -0.0614852905273437
0.0721969604492187 0.00623321533203125 -0.0283203125 -0.0874786376953125
0.084747314453125 0.0543136596679688 -0.0251922607421875 -0.130477905273438
0.0631179809570313 0.095977783203125 -0.0061492919921875 -0.137191772460937
0.0454788208007813 0.125701904296875 0.0967178344726563 -0.115013122558594
0.0694122314453125 0.057159423828125 0.04156494140625 -0.0188522338867187
0.0647315979003906 0.0269927978515625 0.0727920532226563 0.0295181274414063
0.0560874938964844 -0.0117645263671875 0.11688232421875 -0.0298690795898438
0.0359115600585938 -0.0301551818847656 0.0813522338867188 -0.0930328369140625
0.0114402770996094 -0.0485801696777344 0.0149078369140625 -0.130035400390625
-0.014190673828125 -0.0542411804199219 -0.0376815795898437 -0.113899230957031
-0.0151519775390625 -0.0511894226074219 -0.04443359375 -0.077056884765625
-0.019775390625 -0.0588836669921875 -0.0347328186035156 -0.0562553405761719
-0.00104904174804688 -0.0686111450195313 -0.0333213806152344 -0.0468254089355469
0.0381851196289063 -0.0655632019042969 -0.0320529937744141 -0.0311470031738281
0.0785140991210938 -0.0416488647460938 -0.031707763671875 -0.0463752746582031
0.101837158203125 0.0347061157226563 -0.0356521606445312 -0.0681343078613281
0.097930908203125 0.0979156494140625 -0.0233078002929687 -0.101211547851563
0.0535736083984375 0.141876220703125 -0.0025634765625 -0.096405029296875
0.0170440673828125 0.171829223632813 0.110038757324219 -0.0595016479492187
0.06719970703125 0.119758605957031 0.0561599731445313 0.0207290649414063
0.100456237792969 0.077392578125 0.0797576904296875 0.0519180297851563
0.109107971191406 0.000518798828125 0.122734069824219 -0.0089111328125
0.07598876953125 -0.0492095947265625 0.0863189697265625 -0.0706634521484375
0.0292739868164063 -0.0877532958984375 0.026092529296875 -0.107803344726563
-0.0155868530273438 -0.0905075073242188 -0.0248794555664063 -0.0929336547851562
-0.0172576904296875 -0.0847244262695313 -0.0337867736816406 -0.05389404296875
-0.0232620239257812 -0.0958175659179688 -0.0252780914306641 -0.0322437286376953
0.004150390625 -0.101348876953125 -0.0324058532714844 -0.0223655700683594
0.058380126953125 -0.0882492065429687 -0.0346260070800781 -0.00859642028808594
0.101860046386719 -0.0500717163085938 -0.0363616943359375 -0.0280418395996094
0.122451782226563 0.0502090454101563 -0.0412254333496094 -0.0509910583496094
0.105491638183594 0.123649597167969 -0.0164718627929687 -0.0712356567382812
0.04193115234375 0.16802978515625 0.000732421874999998 -0.0481338500976562
-0.017059326171875 0.186569213867187 0.108062744140625 0.00803375244140626
0.043487548828125 0.160064697265625 0.0629653930664063 0.0685272216796875
0.107719421386719 0.123703002929688 0.0773162841796875 0.0770797729492188
0.14312744140625 0.022491455078125 0.114784240722656 0.0181808471679687
0.109519958496094 -0.055145263671875 0.083831787109375 -0.039093017578125
0.045135498046875 -0.111778259277344 0.0337448120117188 -0.0718994140625
-0.0122528076171875 -0.113677978515625 -0.00957870483398437 -0.0588188171386719
-0.0159530639648438 -0.104103088378906 -0.0179023742675781 -0.0233840942382813
-0.0255050659179688 -0.118202209472656 -0.0116510391235352 -0.000123977661132818
0.00537872314453126 -0.120964050292969 -0.0271358489990234 0.0103225708007812
0.0712356567382813 -0.103805541992188 -0.0352096557617187 0.019012451171875
0.117050170898438 -0.0554885864257813 -0.0410919189453125 -0.00736236572265626
0.130126953125 0.0619888305664063 -0.0412979125976563 -0.0350112915039062
0.0991363525390625 0.135910034179688 -0.00372695922851562 -0.04296875
0.0224151611328125 0.172988891601563 0.00243473052978516 0.00803613662719728
-0.0477294921875 0.167251586914063 0.0937118530273438 0.0758895874023438
0.00863647460937501 0.167633056640625 0.0545806884765625 0.115882873535156
0.0853271484375 0.1456298828125 0.0652236938476563 0.0971755981445313
0.143356323242188 0.0471954345703125 0.0930099487304688 0.0446701049804687
0.118423461914063 -0.0419464111328125 0.0695571899414063 -0.0045318603515625
0.0552825927734375 -0.115028381347656 0.0333499908447266 -0.0294647216796875
-0.00630187988281251 -0.117752075195313 0.00591373443603516 -0.0170803070068359
-0.0125885009765625 -0.108779907226563 -0.00217628479003906 0.0111541748046875
-0.0226364135742188 -0.122695922851563 0.00367927551269531 0.0347938537597656
0.00764465332031249 -0.123626708984375 -0.0196685791015625 0.04443359375
0.0737686157226562 -0.103530883789062 -0.0338592529296875 0.0471267700195312
0.117027282714844 -0.0500335693359375 -0.0434226989746094 0.0121345520019531
0.121444702148437 0.0712661743164063 -0.0414581298828125 -0.02435302734375
0.0770797729492188 0.138999938964844 0.00917816162109375 -0.0171680450439453
-0.00541687011718749 0.159255981445313 -0.001190185546875 0.0606117248535156
-0.0700607299804688 0.116844177246094 0.0687255859375 0.130584716796875
-0.0273284912109375 0.135032653808594 0.0409393310546875 0.148757934570313
0.0438995361328125 0.134292602539063 0.0495529174804688 0.104347229003906
0.113082885742188 0.0583114624023438 0.0675468444824219 0.0603561401367188
0.1044921875 -0.0247955322265625 0.048858642578125 0.0237274169921875
0.0536117553710938 -0.0961837768554688 0.0307674407958984 0.00856781005859375
-0.000587463378906246 -0.102577209472656 0.0177326202392578 0.0220088958740234
-0.00687408447265625 -0.0943756103515625 0.0167274475097656 0.0428314208984375
-0.0159149169921875 -0.109939575195313 0.0185279846191406 0.0680999755859375
0.00880432128906251 -0.109764099121094 -0.0120925903320313 0.0754318237304688
0.0699844360351563 -0.0904006958007813 -0.0350494384765625 0.0728073120117188
0.107269287109375 -0.0352096557617188 -0.0520095825195312 0.0283546447753906
0.0992813110351563 0.0765762329101563 -0.0429229736328125 -0.0146408081054688
0.0429306030273438 0.1302490234375 0.0162296295166016 0.00749397277832032
-0.0357742309570312 0.128128051757812 -0.0141830444335937 0.108070373535156
-0.0769577026367188 0.0452651977539063 0.0433807373046875 0.157455444335938
-0.0523681640625 0.0771865844726562 0.0294189453125 0.159423828125
0.00154876708984374 0.0915985107421875 0.0363540649414063 0.1007080078125
0.0647926330566406 0.0528411865234375 0.0437355041503906 0.0676422119140625
0.070831298828125 -0.00679779052734375 0.0318565368652344 0.0408859252929688
0.0411109924316406 -0.0626144409179688 0.0252342224121094 0.0386772155761719
0.0046539306640625 -0.0692100524902344 0.02618408203125 0.053619384765625
-0.00245285034179688 -0.0674476623535156 0.0312423706054687 0.0691719055175781
-0.00656127929687499 -0.0817413330078125 0.030670166015625 0.09356689453125
0.0105056762695312 -0.0832290649414063 -0.0079498291015625 0.102500915527344
0.0577850341796875 -0.0674400329589844 -0.039337158203125 0.0925827026367188
0.0843276977539063 -0.0192184448242188 -0.0601081848144531 0.0401649475097656
0.0675506591796875 0.0728759765625 -0.0475082397460938 -0.00854110717773436
0.00494384765625001 0.103736877441406 0.0124301910400391 0.0278511047363281
-0.060943603515625 0.0808792114257813 -0.035308837890625 0.142135620117188
0.0614204406738281 -0.00819015502929688 0.0408782958984375 -0.1572265625
0.0232391357421875 -0.0628776550292969 0.000686645507812506 -0.04547119140625
-0.0319786071777344 -0.0432662963867188 0.0497817993164063 0.0109710693359375
-0.0486793518066406 0.000732421875000009 0.0895233154296875 -0.0413894653320313
-0.0319728851318359 0.0315418243408203 0.0565948486328125 -0.0994720458984375
-0.00634765625 0.0447998046875 -0.00320434570312501 -0.126914978027344
0.000707626342773441 0.0341053009033203 -0.044189453125 -0.115631103515625
-0.00638008117675781 0.0336875915527344 -0.04510498046875 -0.0845565795898438
-0.0124740600585938 0.0351390838623047 -0.0377426147460938 -0.0683441162109375
-0.0275554656982422 0.0171012878417969 -0.027496337890625 -0.0563163757324219
-0.032440185546875 -0.01190185546875 -0.029144287109375 -0.0537796020507813
-0.00919723510742188 -0.0393829345703125 -0.0299453735351562 -0.0718612670898438
0.0395965576171875 -0.0397720336914063 -0.0211181640625 -0.105133056640625
0.0713043212890625 -0.0083160400390625 -0.0223388671875 -0.153244018554688
0.0718612670898438 0.0317153930664062 -0.0157470703125 -0.161636352539063
0.0594406127929688 0.0620841979980469 0.0698394775390625 -0.149200439453125
0.0525856018066406 -0.00762176513671875 0.0200462341308594 -0.0406341552734375
0.0167913436889648 -0.0156745910644531 0.06060791015625 0.0172653198242188
-0.000440597534179687 -0.00985240936279297 0.104522705078125 -0.040985107421875
-0.00169897079467773 -0.000868916511535645 0.0699310302734375 -0.102249145507813
-0.000408530235290527 -0.00209271907806396 0.00365447998046876 -0.135444641113281
-0.00812911987304688 -0.0108804702758789 -0.0451202392578125 -0.121185302734375
-0.011530876159668 -0.0101919174194336 -0.04827880859375 -0.0865631103515625
-0.0161905288696289 -0.013056755065918 -0.0388221740722656 -0.0689964294433594
-0.0119171142578125 -0.0268039703369141 -0.0313987731933594 -0.0582351684570313
0.00780105590820313 -0.0375442504882813 -0.0297622680664063 -0.0485916137695313
0.039276123046875 -0.0351791381835938 -0.0286216735839844 -0.063812255859375
0.0718841552734375 0.006317138671875 -0.0261688232421875 -0.0886688232421875
0.0848617553710937 0.053497314453125 -0.023681640625 -0.131675720214844
0.0643692016601563 0.0959930419921875 -0.00691223144531249 -0.139144897460937
0.0447921752929687 0.125762939453125 0.0943527221679688 -0.116691589355469
0.0691070556640625 0.0559539794921875 0.0392303466796875 -0.0188751220703125
0.0658035278320312 0.0264549255371094 0.0726852416992188 0.03167724609375
0.0574455261230469 -0.0120925903320313 0.116958618164062 -0.0297164916992187
0.0366477966308594 -0.0307426452636719 0.0818023681640625 -0.0926513671875
0.0106468200683594 -0.0491180419921875 0.01434326171875 -0.12969970703125
-0.014312744140625 -0.05450439453125 -0.0384292602539063 -0.114013671875
-0.0157699584960937 -0.0510826110839844 -0.0450439453125 -0.0749664306640625
-0.0205116271972656 -0.0590362548828125 -0.0358123779296875 -0.0551605224609375
-0.00240325927734375 -0.06787109375 -0.0343399047851563 -0.0453643798828125
0.0381126403808594 -0.0657615661621094 -0.0339565277099609 -0.0315589904785156
0.077117919921875 -0.04144287109375 -0.0334663391113281 -0.0486183166503906
0.101959228515625 0.0348129272460938 -0.0352020263671875 -0.07000732421875
0.09918212890625 0.0969696044921875 -0.0234222412109375 -0.103080749511719
0.0551910400390625 0.141891479492187 -0.00336456298828126 -0.0990066528320312
0.01763916015625 0.171493530273437 0.107086181640625 -0.0612335205078125
0.0677261352539063 0.117988586425781 0.0540122985839844 0.01947021484375
0.101005554199219 0.0770263671875 0.079925537109375 0.05364990234375
0.110885620117188 -0.001312255859375 0.12255859375 -0.00899505615234375
0.0761795043945313 -0.0508270263671875 0.0875167846679687 -0.069488525390625
0.0268096923828125 -0.0893096923828125 0.0258941650390625 -0.108161926269531
-0.015655517578125 -0.090850830078125 -0.02655029296875 -0.091644287109375
-0.0174636840820313 -0.0845413208007813 -0.0352439880371094 -0.0526390075683594
-0.0247573852539062 -0.0956039428710938 -0.0265789031982422 -0.0311756134033203
0.00128173828125 -0.100990295410156 -0.0336933135986328 -0.0200748443603516
0.05755615234375 -0.0904159545898438 -0.0366172790527344 -0.00720596313476563
0.102462768554688 -0.0520706176757813 -0.0386009216308594 -0.0291671752929687
0.1234130859375 0.0500335693359375 -0.0408782958984375 -0.0515861511230469
0.107383728027344 0.122306823730469 -0.0156021118164062 -0.0731887817382812
0.0425872802734375 0.167755126953125 -0.000667572021484377 -0.0483589172363281
-0.0151824951171875 0.187225341796875 0.106674194335938 0.00644683837890626
0.0446014404296875 0.160232543945313 0.06048583984375 0.0673255920410156
0.110107421875 0.123245239257812 0.07708740234375 0.0784378051757813
0.143936157226563 0.0212249755859375 0.1153564453125 0.0191192626953125
0.107742309570313 -0.0563278198242188 0.0836944580078125 -0.0379104614257813
0.0420379638671875 -0.112571716308594 0.0335464477539062 -0.0726394653320313
-0.0131301879882813 -0.113616943359375 -0.00996398925781249 -0.0572433471679688
-0.0168075561523438 -0.104095458984375 -0.0202999114990234 -0.0225620269775391
-0.0273971557617187 -0.118354797363281 -0.0126399993896484 0.000422477722167964
0.00247192382812499 -0.119979858398437 -0.0285263061523438 0.0106067657470703
0.0683975219726563 -0.105354309082031 -0.0361557006835937 0.0212860107421875
0.114677429199219 -0.0568313598632813 -0.0419235229492187 -0.008819580078125
0.131393432617188 0.0596237182617188 -0.0416488647460938 -0.0363922119140625
0.099761962890625 0.134902954101563 -0.00278091430664062 -0.0447883605957031
0.022735595703125 0.172256469726563 0.00158834457397461 0.00624847412109376
-0.0465545654296875 0.167617797851563 0.0916900634765625 0.0748062133789063
0.00923156738281249 0.167312622070313 0.0538711547851563 0.114402770996094
0.087677001953125 0.1463623046875 0.0649871826171875 0.0971450805664063
0.1451416015625 0.04412841796875 0.0945968627929688 0.0458450317382813
0.118751525878906 -0.0454635620117188 0.0695838928222657 -0.00326919555664063
0.0515518188476563 -0.115531921386719 0.0343513488769531 -0.0309276580810547
-0.00839996337890624 -0.117912292480469 0.00444984436035156 -0.0170564651489258
-0.01458740234375 -0.1077880859375 -0.00293159484863281 0.011418342590332
-0.02459716796875 -0.123458862304688 0.00369071960449218 0.0349636077880859
0.00375366210937499 -0.123771667480469 -0.0199737548828125 0.0442581176757812
0.071502685546875 -0.105827331542969 -0.0346755981445312 0.0482749938964844
0.116043090820312 -0.0516815185546875 -0.0464286804199219 0.0101432800292969
0.1239013671875 0.0685272216796875 -0.0418815612792969 -0.0254173278808594
0.0779495239257812 0.138221740722656 0.0101814270019531 -0.0184612274169922
-0.00355529785156251 0.160385131835937 -0.00159072875976563 0.0606193542480469
-0.067657470703125 0.117523193359375 0.0687103271484375 0.129005432128906
-0.0262985229492188 0.134742736816406 0.0409698486328125 0.147567749023438
0.0469741821289063 0.1337890625 0.0483856201171875 0.105690002441406
0.114425659179688 0.05596923828125 0.0666389465332031 0.0620613098144531
0.104591369628906 -0.0276031494140625 0.049041748046875 0.0245208740234375
0.05072021484375 -0.0971145629882813 0.0312042236328125 0.00821304321289062
-0.00260162353515625 -0.1025390625 0.0176582336425781 0.0223884582519531
-0.00907897949218749 -0.0954132080078125 0.0147171020507812 0.0438385009765625
-0.0178909301757813 -0.110305786132813 0.0185928344726563 0.06707763671875
0.00654602050781251 -0.110595703125 -0.0127182006835938 0.0768814086914063
0.068359375 -0.0926055908203125 -0.0344772338867187 0.0727920532226563
0.106719970703125 -0.0390701293945313 -0.0521049499511719 0.0264091491699219
0.101333618164063 0.074951171875 -0.0436592102050781 -0.0159988403320313
0.045166015625 0.129348754882813 0.015742301940918 0.00597763061523438
-0.034210205078125 0.129768371582031 -0.0132675170898438 0.107925415039063
-0.0754241943359375 0.046905517578125 0.04541015625 0.157669067382813
-0.0501861572265625 0.0782546997070313 0.02777099609375 0.160232543945313
0.00363922119140624 0.09197998046875 0.0353240966796875 0.10223388671875
0.0661964416503906 0.05029296875 0.0448074340820313 0.0692138671875
0.0698966979980469 -0.00835037231445313 0.0321578979492188 0.0417823791503906
0.0391197204589844 -0.0632553100585938 0.0269241333007813 0.0371208190917969
0.00226593017578125 -0.070770263671875 0.0275726318359375 0.0527687072753906
-0.0037689208984375 -0.0673561096191406 0.0302734375 0.0690727233886719
-0.00978851318359374 -0.081573486328125 0.0305557250976563 0.0936813354492188
0.00873565673828124 -0.0830917358398438 -0.00751495361328126 0.104270935058594
0.0564079284667969 -0.0680923461914063 -0.0389404296875 0.092987060546875
0.0845794677734375 -0.021270751953125 -0.06085205078125 0.0395469665527344
0.0682449340820313 0.0718154907226563 -0.0478019714355469 -0.00918197631835938
0.00743103027343751 0.104560852050781 0.0129909515380859 0.0266494750976563
-0.0605697631835938 0.0815963745117188 -0.0334014892578125 0.143020629882813
0.0612754821777344 -0.00823211669921875 0.03948974609375 -0.160186767578125
0.0226249694824219 -0.0637321472167969 -0.000957489013671873 -0.0452919006347656
-0.0320892333984375 -0.0434303283691406 0.0505027770996094 0.0133094787597656
-0.0497856140136719 0.00202178955078126 0.0922927856445312 -0.0428314208984375
-0.0310039520263672 0.0324459075927734 0.058349609375 -0.102798461914063
-0.00572586059570313 0.0452651977539063 -0.00308990478515625 -0.128875732421875
0.00212669372558594 0.0345230102539063 -0.0456619262695313 -0.117393493652344
-0.00472831726074219 0.0341529846191406 -0.0464630126953125 -0.0862808227539063
-0.0120353698730469 0.0361328125 -0.0393447875976563 -0.0692024230957031
-0.0267791748046875 0.0178661346435547 -0.0285072326660156 -0.0573616027832031
-0.0323600769042969 -0.0105972290039062 -0.0319404602050781 -0.0557327270507813
-0.009613037109375 -0.0377006530761719 -0.031463623046875 -0.0750503540039063
0.0392112731933594 -0.039825439453125 -0.0193023681640625 -0.108680725097656
0.0722427368164063 -0.008697509765625 -0.021942138671875 -0.157989501953125
0.0737533569335938 0.0311203002929688 -0.0158233642578125 -0.166641235351563
0.0601844787597656 0.0635032653808594 0.0686492919921875 -0.153701782226563
0.0522422790527344 -0.00927734375 0.0185966491699219 -0.0415267944335938
0.0174036026000977 -0.015472412109375 0.0634002685546875 0.0197601318359375
0.000413894653320312 -0.00934410095214844 0.106788635253906 -0.04095458984375
-0.00068819522857666 -0.00112855434417725 0.070892333984375 -0.104354858398438
-1.02519989013673E-05 -0.00256943702697754 0.00302124023437499 -0.137420654296875
-0.00806236267089844 -0.011570930480957 -0.04681396484375 -0.123062133789062
-0.0113916397094727 -0.00928783416748047 -0.0501327514648438 -0.0878524780273438
-0.0154247283935547 -0.013885498046875 -0.0409049987792969 -0.0694084167480469
-0.0125732421875 -0.02679443359375 -0.0329933166503906 -0.0586967468261719
0.00790786743164063 -0.0374259948730469 -0.0327835083007813 -0.0502548217773438
0.0403518676757812 -0.0348396301269531 -0.0312843322753906 -0.0671424865722656
0.0723037719726563 0.00640869140625 -0.02557373046875 -0.0926971435546875
0.08642578125 0.054443359375 -0.0232315063476562 -0.135826110839844
0.065826416015625 0.0977859497070313 -0.00807189941406251 -0.14447021484375
0.0457000732421875 0.128715515136719 0.09442138671875 -0.120460510253906
0.0698432922363281 0.0572090148925781 0.0383644104003906 -0.0188484191894531
0.068328857421875 0.0275039672851563 0.0746383666992187 0.0346832275390625
0.0582618713378906 -0.012786865234375 0.119644165039063 -0.0298309326171875
0.0379447937011719 -0.0319747924804688 0.0836257934570313 -0.0937271118164063
0.0103492736816406 -0.0505638122558594 0.014190673828125 -0.131690979003906
-0.0151329040527344 -0.0558509826660156 -0.0401840209960938 -0.114830017089844
-0.0164337158203125 -0.0517921447753906 -0.0464706420898438 -0.0744552612304688
-0.0211830139160156 -0.0600852966308594 -0.0382041931152344 -0.0558319091796875
-0.00300598144531249 -0.0687103271484375 -0.03717041015625 -0.0443840026855469
0.0382843017578125 -0.0671234130859375 -0.0364608764648438 -0.0328292846679688
0.0784683227539063 -0.0429229736328125 -0.0357093811035156 -0.0514144897460938
0.103897094726563 0.0348892211914063 -0.035308837890625 -0.0741348266601562
0.101638793945313 0.0981216430664063 -0.0228805541992187 -0.106903076171875
0.0569915771484375 0.145233154296875 -0.00447082519531249 -0.103042602539062
0.0182952880859375 0.175216674804688 0.108169555664063 -0.0644760131835937
0.069091796875 0.119483947753906 0.0531692504882813 0.0199394226074219
0.104171752929688 0.0794601440429688 0.0802154541015625 0.0568695068359375
0.113235473632813 -0.00231170654296875 0.124717712402344 -0.0080413818359375
0.078460693359375 -0.0531234741210938 0.0893020629882813 -0.0701751708984375
0.0247268676757812 -0.0915908813476563 0.0258026123046875 -0.109916687011719
-0.0180816650390625 -0.0933151245117188 -0.0275497436523438 -0.0927581787109375
-0.0197906494140625 -0.08648681640625 -0.0375328063964844 -0.0515708923339844
-0.027252197265625 -0.0976791381835938 -0.0285663604736328 -0.0303401947021484
-0.0001678466796875 -0.102378845214844 -0.036041259765625 -0.019012451171875
0.0574111938476563 -0.0934371948242188 -0.0394096374511719 -0.00738906860351564
0.10418701171875 -0.0547103881835938 -0.0419692993164062 -0.0318641662597656
0.126541137695313 0.0498580932617188 -0.0420455932617187 -0.0554237365722656
0.109809875488281 0.123893737792969 -0.0156173706054687 -0.076873779296875
0.044708251953125 0.171920776367188 -0.0014495849609375 -0.0515785217285156
-0.01507568359375 0.19134521484375 0.107284545898438 0.00511932373046876
0.045379638671875 0.162887573242188 0.0599899291992187 0.0680961608886719
0.113388061523438 0.126007080078125 0.0769119262695313 0.0817947387695313
0.147171020507813 0.0195465087890625 0.116867065429688 0.0210723876953125
0.110015869140625 -0.0586395263671875 0.0863037109375 -0.036834716796875
0.04022216796875 -0.116096496582031 0.0330429077148438 -0.0741195678710938
-0.015838623046875 -0.116371154785156 -0.0118522644042969 -0.0580635070800781
-0.0193252563476563 -0.105903625488281 -0.0217304229736328 -0.0215225219726563
-0.0300064086914062 -0.120429992675781 -0.0141534805297852 0.00184822082519531
0.000152587890624993 -0.122329711914063 -0.0304851531982422 0.0136928558349609
0.067108154296875 -0.108955383300781 -0.0378265380859375 0.0212478637695312
0.116310119628906 -0.0597686767578125 -0.0460205078125 -0.0100936889648438
0.134567260742188 0.0598907470703125 -0.0438499450683594 -0.0393180847167969
0.10406494140625 0.136833190917969 -0.00314712524414062 -0.0477371215820312
0.0246734619140625 0.177642822265625 0.000724315643310548 0.00441503524780275
-0.0459747314453125 0.171707153320312 0.0927352905273438 0.0746307373046875
0.0102691650390625 0.169219970703125 0.0544967651367188 0.11712646484375
0.0914764404296875 0.1492919921875 0.0652008056640625 0.101654052734375
0.148468017578125 0.043121337890625 0.0959091186523438 0.0473403930664062
0.120338439941406 -0.0480270385742188 0.0711669921875 -0.00138092041015625
0.0505218505859375 -0.118461608886719 0.0349788665771484 -0.0317268371582031
-0.0117416381835937 -0.119781494140625 0.00457382202148437 -0.0168752670288086
-0.0162277221679688 -0.10943603515625 -0.00377273559570313 0.0133190155029297
-0.0276947021484375 -0.124931335449219 0.0028228759765625 0.0367393493652344
0.00187683105468749 -0.125839233398438 -0.0217170715332031 0.0475883483886719
0.0704727172851563 -0.109443664550781 -0.0352821350097656 0.0497817993164062
0.117813110351563 -0.0559158325195313 -0.049560546875 0.00994873046875
0.1265869140625 0.0693740844726563 -0.0434722900390625 -0.0273857116699219
0.0816574096679688 0.139434814453125 0.00921630859375 -0.0209159851074219
-0.00335693359375 0.164764404296875 -0.00138092041015626 0.0599174499511719
-0.0677719116210938 0.120429992675781 0.0699996948242187 0.131088256835938
-0.02569580078125 0.137977600097656 0.0413665771484375 0.150863647460938
0.0492324829101563 0.136337280273438 0.0477523803710937 0.109054565429688
0.117965698242188 0.0547866821289063 0.0682373046875 0.0650177001953125
0.105545043945313 -0.0290069580078125 0.0506172180175781 0.026519775390625
0.0495529174804688 -0.0992965698242188 0.0317726135253906 0.00784301757812499
-0.00550079345703126 -0.104499816894531 0.0179386138916016 0.0225162506103516
-0.0112533569335937 -0.09686279296875 0.0146865844726563 0.045166015625
-0.02117919921875 -0.112998962402344 0.0189857482910156 0.0687522888183594
0.00397491455078126 -0.113052368164062 -0.0130081176757813 0.08026123046875
0.0678024291992188 -0.0959243774414063 -0.0356826782226563 0.0746231079101563
0.108428955078125 -0.0419387817382813 -0.0550041198730469 0.0270271301269531
0.104751586914063 0.0755081176757813 -0.0451545715332031 -0.01739501953125
0.0478591918945313 0.131332397460938 0.0158843994140625 0.00484085083007813
-0.03399658203125 0.133636474609375 -0.0119247436523438 0.109268188476563
-0.0749053955078125 0.0481109619140625 0.0455474853515625 0.162246704101563
-0.0504379272460938 0.0788726806640625 0.0275421142578125 0.16448974609375
0.00572967529296875 0.0941009521484375 0.0353240966796875 0.106636047363281
0.067474365234375 0.0500221252441406 0.046173095703125 0.0728302001953125
0.0703506469726563 -0.0108718872070313 0.0340995788574219 0.0439796447753906
0.03765869140625 -0.0648117065429687 0.0281524658203125 0.0374755859375
0.000427246093749993 -0.0711669921875 0.0286750793457031 0.054046630859375
-0.00554656982421875 -0.0688934326171875 0.0311431884765625 0.0707473754882813
-0.0121841430664062 -0.0831146240234375 0.0314483642578125 0.0958786010742187
0.00608062744140625 -0.08453369140625 -0.00770568847656251 0.107879638671875
0.0562362670898438 -0.0705490112304688 -0.039642333984375 0.0948715209960938
0.08636474609375 -0.0233612060546875 -0.0637435913085938 0.0399169921875
0.0716781616210938 0.0719833374023438 -0.0500030517578125 -0.0103034973144531
0.00998687744140624 0.105415344238281 0.013153076171875 0.0267887115478516
-0.0608596801757813 0.0843505859375 -0.032073974609375 0.145263671875
0.0621681213378906 -0.0092620849609375 0.0365753173828125 -0.1671142578125
0.0203819274902344 -0.0662002563476563 -0.00232315063476562 -0.0458908081054688
-0.0339698791503906 -0.0442695617675781 0.0539093017578125 0.015411376953125
-0.050537109375 0.00464630126953125 0.0954208374023438 -0.0450057983398438
-0.0309181213378906 0.0346145629882813 0.0600509643554687 -0.107070922851563
-0.00333786010742188 0.0471611022949219 -0.00511932373046874 -0.133209228515625
0.0036773681640625 0.0352058410644531 -0.0506591796875 -0.120262145996094
-0.00304794311523438 0.0353889465332031 -0.0494766235351563 -0.0878219604492188
-0.0097198486328125 0.0376472473144531 -0.0422477722167969 -0.0700836181640625
-0.0262126922607422 0.0195255279541016 -0.0309524536132812 -0.0592193603515625
-0.0329132080078125 -0.00917816162109375 -0.0347900390625 -0.0584335327148438
-0.0102729797363281 -0.0381278991699219 -0.0347213745117188 -0.0788650512695313
0.0388870239257812 -0.0416374206542969 -0.0208587646484375 -0.114715576171875
0.0737457275390625 -0.0100555419921875 -0.0245513916015625 -0.1649169921875
0.0765304565429688 0.02984619140625 -0.0194091796875 -0.175186157226563
0.0629234313964844 0.0655364990234375 0.0670318603515625 -0.16070556640625
0.052825927734375 -0.00979232788085938 0.0174522399902344 -0.0422592163085938
0.0186328887939453 -0.0159854888916016 0.0661201477050781 0.0218963623046875
0.000992774963378907 -0.00993061065673828 0.110305786132812 -0.0436325073242187
0.000428557395935059 -0.0010378360748291 0.0726470947265625 -0.109901428222656
7.22408294677732E-05 -0.00312232971191406 0.000915527343749999 -0.142257690429688
-0.00881671905517578 -0.012242317199707 -0.0511322021484375 -0.126762390136719
-0.0113000869750977 -0.0102567672729492 -0.0538330078125 -0.0883865356445312
-0.0169553756713867 -0.0136175155639648 -0.044921875 -0.0706100463867188
-0.0130252838134766 -0.0274639129638672 -0.0367774963378906 -0.0594635009765625
0.00775527954101563 -0.039154052734375 -0.037139892578125 -0.0509223937988281
0.0404815673828125 -0.0363693237304688 -0.0346450805664063 -0.0706329345703125
0.0744705200195313 0.00594329833984375 -0.0268478393554688 -0.0974273681640625
0.08978271484375 0.0546722412109375 -0.025299072265625 -0.142837524414063
0.0699310302734375 0.100410461425781 -0.011627197265625 -0.151458740234375
0.0495834350585938 0.133049011230469 0.0931625366210938 -0.127403259277344
0.0726318359375 0.0569992065429688 0.0378570556640625 -0.019927978515625
0.0715866088867188 0.0274581909179688 0.0777359008789062 0.0365066528320313
0.0605087280273438 -0.0145759582519531 0.123908996582031 -0.0318984985351562
0.0387802124023438 -0.0345535278320313 0.0861053466796875 -0.0982818603515625
0.0087738037109375 -0.0530776977539062 0.0120925903320313 -0.136848449707031
-0.0176010131835938 -0.0584907531738281 -0.0444793701171875 -0.117134094238281
-0.0179862976074219 -0.0536231994628906 -0.0514068603515625 -0.07550048828125
-0.0236701965332031 -0.0617332458496094 -0.0418167114257813 -0.0561294555664062
-0.00531005859375001 -0.0708236694335937 -0.0403366088867188 -0.0444831848144531
0.0380935668945313 -0.0708999633789063 -0.0411109924316406 -0.0330047607421875
0.0799026489257813 -0.0456771850585938 -0.0402107238769531 -0.0545730590820312
0.108345031738281 0.0353851318359375 -0.0367660522460937 -0.0782623291015625
0.10693359375 0.0998153686523438 -0.0250930786132812 -0.113349914550781
0.062042236328125 0.150314331054688 -0.00681304931640626 -0.108909606933594
0.022674560546875 0.181915283203125 0.10882568359375 -0.0699234008789062
0.0727386474609375 0.122535705566406 0.0537910461425781 0.0194358825683594
0.111045837402344 0.0807342529296875 0.0837783813476563 0.0598602294921875
0.11822509765625 -0.005523681640625 0.129989624023438 -0.00844573974609375
0.080230712890625 -0.0574493408203125 0.0924148559570312 -0.0736083984375
0.0232696533203125 -0.0962371826171875 0.0247573852539063 -0.113716125488281
-0.0204925537109375 -0.0974807739257812 -0.031219482421875 -0.093841552734375
-0.0217742919921875 -0.0888900756835937 -0.0404891967773437 -0.0516929626464844
-0.0308990478515625 -0.100143432617188 -0.0313224792480469 -0.0298480987548828
-0.0036468505859375 -0.105621337890625 -0.040191650390625 -0.0180702209472656
0.0558700561523438 -0.0987472534179688 -0.0422935485839844 -0.00741577148437501
0.106239318847656 -0.0594863891601562 -0.0466079711914063 -0.0334701538085938
0.1328125 0.0498504638671875 -0.0444488525390625 -0.0587882995605469
0.117042541503906 0.126441955566406 -0.0179214477539062 -0.0824050903320312
0.049102783203125 0.179229736328125 -0.00279998779296875 -0.0548858642578125
-0.0120086669921875 0.19940185546875 0.109580993652344 0.00271606445312501
0.0500030517578125 0.167449951171875 0.0606117248535156 0.0697402954101563
0.120948791503906 0.129226684570313 0.0803756713867188 0.0860137939453125
0.15338134765625 0.0156097412109375 0.121604919433594 0.0206375122070313
0.112411499023438 -0.0633468627929688 0.0895004272460938 -0.0383224487304688
0.0377655029296875 -0.120849609375 0.0328750610351563 -0.0770492553710938
-0.0206298828125 -0.120170593261719 -0.0139312744140625 -0.0590744018554688
-0.0230026245117188 -0.109367370605469 -0.0245456695556641 -0.0196571350097656
-0.0359115600585937 -0.123573303222656 -0.0149459838867188 0.0032367706298828
-0.00428009033203126 -0.126319885253906 -0.0326862335205078 0.0159034729003906
0.0662841796875 -0.116264343261719 -0.0405387878417969 0.0228080749511719
0.118568420410156 -0.0662078857421875 -0.0504951477050781 -0.0113754272460937
0.14178466796875 0.058837890625 -0.0470199584960937 -0.0421943664550781
0.110893249511719 0.138862609863281 -0.00465774536132812 -0.0519027709960937
0.0282745361328125 0.184921264648438 0.000149726867675783 0.00340557098388673
-0.0442047119140625 0.179901123046875 0.0960845947265625 0.0755233764648438
0.01318359375 0.174972534179688 0.0562591552734375 0.118705749511719
0.0977020263671875 0.154251098632813 0.0673599243164063 0.105758666992188
0.154937744140625 0.039886474609375 0.09954833984375 0.0499038696289063
0.1239013671875 -0.0524520874023438 0.0743942260742188 -0.001495361328125
0.0470809936523438 -0.1231689453125 0.0360336303710938 -0.0337677001953125
-0.0157394409179688 -0.12408447265625 0.00320911407470703 -0.0166559219360352
-0.0207138061523437 -0.112869262695312 -0.00405502319335938 0.0145893096923828
-0.0339584350585937 -0.130073547363281 0.00295257568359374 0.0390281677246094
-0.00347137451171876 -0.130233764648438 -0.0231399536132812 0.0513229370117187
0.0688552856445313 -0.116996765136719 -0.0371360778808594 0.0530128479003906
0.119895935058594 -0.0613632202148438 -0.053466796875 0.0099945068359375
0.133201599121094 0.0682525634765625 -0.0473060607910156 -0.0289840698242188
0.088836669921875 0.141555786132812 0.00879478454589844 -0.0237712860107422
0.000335693359375008 0.171676635742188 -0.00118637084960938 0.0609893798828125
-0.0667648315429687 0.126808166503906 0.0744552612304688 0.134262084960938
-0.0233917236328125 0.143386840820313 0.04327392578125 0.155120849609375
0.0554351806640625 0.141433715820313 0.0505828857421875 0.114021301269531
0.124046325683594 0.052703857421875 0.0721359252929688 0.0681228637695313
0.108375549316406 -0.0332412719726563 0.0537796020507813 0.0280914306640625
0.0466995239257812 -0.104080200195313 0.0334110260009766 0.00804901123046874
-0.00888824462890625 -0.107650756835937 0.0188255310058594 0.0237712860107422
-0.0151824951171875 -0.0998077392578125 0.0157928466796875 0.0476417541503906
-0.0269622802734375 -0.116287231445313 0.0209121704101563 0.0716552734375
-0.000221252441406254 -0.117347717285156 -0.0132293701171875 0.08447265625
0.066375732421875 -0.102447509765625 -0.0362701416015625 0.078704833984375
0.110939025878906 -0.0472030639648438 -0.0589027404785156 0.02752685546875
0.111541748046875 0.0747833251953125 -0.0489463806152344 -0.0189743041992188
0.0529556274414062 0.13360595703125 0.0160255432128906 0.0035228729248047
-0.0324249267578125 0.140174865722656 -0.0106124877929688 0.112739562988281
-0.076812744140625 0.0527572631835938 0.0508880615234375 0.166641235351563
-0.0502471923828125 0.0829391479492188 0.0315093994140625 0.171371459960938
0.00910949707031249 0.0986251831054688 0.0374221801757813 0.111686706542969
0.071533203125 0.0483779907226563 0.0493698120117188 0.0763397216796875
0.07318115234375 -0.0132827758789063 0.03643798828125 0.0455398559570313
0.0357551574707031 -0.0682754516601563 0.029449462890625 0.0386848449707031
-0.00264739990234374 -0.073089599609375 0.0303382873535156 0.055877685546875
-0.00822448730468749 -0.0703048706054688 0.0324630737304688 0.0730514526367188
-0.0154495239257812 -0.0858078002929688 0.0348129272460938 0.0989303588867187
0.00271606445312501 -0.087860107421875 -0.00591278076171874 0.111915588378906
0.0557327270507813 -0.0753326416015625 -0.0385971069335938 0.0993194580078125
0.0873489379882813 -0.0272140502929688 -0.0662765502929688 0.0426177978515625
0.0756149291992188 0.0720672607421875 -0.053192138671875 -0.0105056762695312
0.0123214721679688 0.108383178710937 0.0133247375488281 0.02642822265625
-0.0599365234375 0.0888519287109375 -0.029937744140625 0.150848388671875
0.0638427734375 -0.0111122131347656 0.0293426513671875 -0.173294067382812
0.0169296264648438 -0.0684890747070313 -0.00590896606445313 -0.0456199645996094
-0.0373115539550781 -0.0435333251953125 0.0578575134277344 0.0155677795410156
-0.0505752563476562 0.00769424438476562 0.0978164672851562 -0.04925537109375
-0.0292739868164063 0.0373306274414063 0.0569534301757812 -0.113433837890625
-0.000724792480468753 0.0481376647949219 -0.010772705078125 -0.136932373046875
0.00571441650390625 0.03515625 -0.056427001953125 -0.122047424316406
-0.000263214111328124 0.0365791320800781 -0.0549163818359375 -0.08856201171875
-0.006805419921875 0.0398216247558594 -0.046875 -0.0706939697265625
-0.0252037048339844 0.0217971801757812 -0.0353279113769531 -0.0599212646484375
-0.0331192016601562 -0.00749015808105469 -0.0399169921875 -0.0583076477050781
-0.0122299194335937 -0.0380363464355469 -0.0395355224609375 -0.0816421508789063
0.037322998046875 -0.0439414978027344 -0.0245819091796875 -0.120018005371094
0.074615478515625 -0.0139923095703125 -0.03076171875 -0.170196533203125
0.0805740356445313 0.027435302734375 -0.0278778076171875 -0.180892944335938
0.0675125122070313 0.0654373168945313 0.060211181640625 -0.169021606445313
0.0529823303222656 -0.0127334594726563 0.0141220092773438 -0.0438690185546875
0.0189590454101563 -0.0167102813720703 0.0697746276855469 0.0213546752929687
0.000746726989746093 -0.00930881500244141 0.113471984863281 -0.0485382080078125
0.000220775604248047 -0.0010676383972168 0.0709609985351562 -0.115982055664062
0.000527381896972657 -0.0031740665435791 -0.00466918945312499 -0.146484375
-0.00976181030273438 -0.0127773284912109 -0.0586013793945312 -0.127410888671875
-0.0114917755126953 -0.0100240707397461 -0.0597763061523437 -0.0876693725585937
-0.0167961120605469 -0.0133447647094727 -0.0504531860351563 -0.0698661804199218
-0.0136585235595703 -0.0276603698730469 -0.0414619445800781 -0.0589981079101562
0.0066680908203125 -0.0395774841308594 -0.0417442321777344 -0.0515022277832031
0.0400619506835938 -0.0384712219238281 -0.039703369140625 -0.0732498168945313
0.076751708984375 0.004302978515625 -0.0307693481445313 -0.102317810058594
0.0942840576171875 0.053009033203125 -0.0309600830078125 -0.148666381835938
0.0761260986328125 0.100074768066406 -0.0188446044921875 -0.158096313476563
0.0559844970703125 0.136451721191406 0.0886306762695312 -0.135978698730469
0.075775146484375 0.0554962158203125 0.0359916687011719 -0.021697998046875
0.0756301879882812 0.0259475708007812 0.082183837890625 0.0375747680664063
0.0618209838867187 -0.0179214477539062 0.127700805664063 -0.0368423461914063
0.0383529663085937 -0.0369110107421875 0.0850296020507813 -0.10443115234375
0.00643539428710937 -0.0553512573242188 0.0072021484375 -0.141128540039063
-0.0210533142089844 -0.0602798461914063 -0.051666259765625 -0.118637084960938
-0.0207405090332031 -0.0545158386230469 -0.0562515258789062 -0.07421875
-0.0272369384765625 -0.062591552734375 -0.0465316772460938 -0.0548591613769531
-0.00849914550781249 -0.0723876953125 -0.0451316833496094 -0.042694091796875
0.0359115600585937 -0.0743560791015625 -0.045654296875 -0.032928466796875
0.080657958984375 -0.0509185791015625 -0.0461387634277344 -0.055908203125
0.112983703613281 0.0326309204101563 -0.0411376953125 -0.0816574096679687
0.114128112792969 0.09844970703125 -0.0305709838867187 -0.118133544921875
0.0698699951171875 0.15301513671875 -0.0131912231445312 -0.114028930664062
0.029327392578125 0.187210083007813 0.107650756835938 -0.0775375366210937
0.07843017578125 0.122650146484375 0.0543899536132813 0.0176925659179688
0.118186950683594 0.078765869140625 0.0886993408203125 0.0613174438476563
0.120689392089844 -0.0115432739257813 0.134124755859375 -0.0122299194335938
0.0797576904296875 -0.06298828125 0.0933761596679688 -0.07904052734375
0.0182113647460937 -0.0997085571289063 0.0206069946289063 -0.118316650390625
-0.0271530151367187 -0.0986328125 -0.0369644165039063 -0.0952606201171875
-0.0271148681640625 -0.0899200439453125 -0.0447807312011719 -0.0494880676269531
-0.0376052856445312 -0.102127075195313 -0.0345973968505859 -0.0289211273193359
-0.0091400146484375 -0.108039855957031 -0.0431137084960938 -0.0146636962890625
0.0527191162109375 -0.105003356933594 -0.0460166931152344 -0.00504302978515626
0.106430053710938 -0.0657806396484375 -0.0520248413085938 -0.0343399047851563
0.139015197753906 0.0458984375 -0.0482139587402344 -0.0607147216796875
0.126129150390625 0.125053405761719 -0.0219192504882812 -0.0862655639648437
0.0579376220703125 0.182876586914063 -0.00636291503906249 -0.0582847595214844
-0.00436401367187501 0.206161499023437 0.1112060546875 -0.00302886962890624
0.0574493408203125 0.169235229492188 0.0625991821289063 0.0695152282714844
0.130836486816406 0.128700256347656 0.085723876953125 0.0881576538085938
0.158370971679688 0.0090179443359375 0.126457214355469 0.0187911987304688
0.11212158203125 -0.0709457397460938 0.0913619995117187 -0.041839599609375
0.0323715209960938 -0.125709533691406 0.0313491821289063 -0.0809555053710938
-0.0274124145507812 -0.122779846191406 -0.0178031921386719 -0.0593681335449219
-0.0295562744140625 -0.111297607421875 -0.0263710021972656 -0.0171184539794922
-0.043975830078125 -0.125930786132813 -0.0169277191162109 0.0049457550048828
-0.011138916015625 -0.129730224609375 -0.0344810485839844 0.0193767547607422
0.0616378784179687 -0.122940063476562 -0.0419998168945312 0.0253524780273437
0.118820190429688 -0.073974609375 -0.0552749633789062 -0.0102119445800781
0.14935302734375 0.054779052734375 -0.0515174865722656 -0.0432548522949219
0.1209716796875 0.137847900390625 -0.00712203979492187 -0.0559120178222656
0.0369415283203125 0.19085693359375 -0.000887870788574217 0.00208663940429689
-0.037994384765625 0.187393188476563 0.100685119628906 0.0726470947265625
0.020904541015625 0.179412841796875 0.060394287109375 0.120613098144531
0.10882568359375 0.154220581054688 0.0728988647460938 0.108200073242188
0.160934448242188 0.0335235595703125 0.104690551757813 0.0481948852539062
0.124282836914063 -0.0602493286132813 0.07733154296875 -0.0035247802734375
0.041778564453125 -0.129257202148438 0.0356216430664063 -0.0361900329589844
-0.0231781005859375 -0.126899719238281 0.00202465057373047 -0.0165910720825195
-0.0275497436523437 -0.115104675292969 -0.00511550903320313 0.017308235168457
-0.043731689453125 -0.131858825683594 0.004119873046875 0.0402183532714844
-0.0107955932617187 -0.133819580078125 -0.0220832824707031 0.0550079345703125
0.0640411376953125 -0.125068664550781 -0.037506103515625 0.0562171936035156
0.120651245117187 -0.069610595703125 -0.0570259094238281 0.0124092102050781
0.141693115234375 0.06414794921875 -0.051422119140625 -0.029144287109375
0.097564697265625 0.142807006835938 0.00827217102050782 -0.0269184112548828
0.00697326660156252 0.177536010742187 0.00112533569335938 0.0620384216308594
-0.0631484985351562 0.133819580078125 0.0808868408203125 0.134941101074219
-0.017913818359375 0.14825439453125 0.049407958984375 0.158645629882813
0.0641632080078125 0.143844604492188 0.0554885864257812 0.117576599121094
0.129249572753906 0.0470657348632812 0.0768508911132813 0.0688400268554688
0.109428405761719 -0.0403289794921875 0.0573310852050781 0.0282249450683594
0.0423202514648437 -0.109039306640625 0.0347404479980469 0.00673103332519531
-0.015472412109375 -0.110382080078125 0.0199737548828125 0.0242938995361328
-0.0214920043945313 -0.101951599121094 0.0177192687988281 0.0498161315917969
-0.0356063842773438 -0.118431091308594 0.0249252319335937 0.07354736328125
-0.00707244873046875 -0.12005615234375 -0.0104827880859375 0.0895156860351562
0.0620346069335937 -0.110343933105469 -0.0343704223632813 0.082794189453125
0.110786437988281 -0.0547637939453125 -0.0611572265625 0.0310516357421875
0.117889404296875 0.0717086791992187 -0.0525474548339844 -0.0180244445800781
0.0608062744140625 0.135124206542969 0.015960693359375 0.00125312805175782
-0.0272216796875 0.146392822265625 -0.00569152832031249 0.115226745605469
-0.0755996704101563 0.0564041137695313 0.05853271484375 0.16998291015625
-0.0473480224609375 0.0868988037109375 0.0366363525390625 0.175430297851563
0.0138473510742188 0.100578308105469 0.04150390625 0.115570068359375
0.07568359375 0.0453033447265625 0.0535736083984375 0.0786285400390625
0.0726547241210938 -0.0183944702148438 0.0405921936035156 0.0468482971191406
0.0322494506835938 -0.07171630859375 0.0330657958984375 0.0382881164550781
-0.00688934326171876 -0.0749130249023437 0.034088134765625 0.056396484375
-0.0124053955078125 -0.0717620849609375 0.0368499755859375 0.07470703125
-0.0221405029296875 -0.0867996215820313 0.0401229858398437 0.101272583007813
-0.001953125 -0.0898208618164063 -0.00133514404296874 0.117073059082031
0.05194091796875 -0.0807952880859375 -0.0366134643554688 0.104324340820313
0.0884552001953125 -0.03289794921875 -0.0685844421386719 0.0466537475585937
0.08148193359375 0.0701370239257813 -0.0568046569824219 -0.0103340148925781
0.0183944702148438 0.110176086425781 0.0160675048828125 0.0249004364013672
-0.0589752197265625 0.0944900512695313 -0.0234375 0.156021118164063
0.0636329650878906 -0.0130577087402344 0.0200958251953125 -0.17657470703125
0.0121536254882812 -0.0689506530761719 -0.00919723510742187 -0.044586181640625
-0.0396308898925781 -0.0420036315917969 0.0611114501953125 0.0140571594238281
-0.0495986938476563 0.0104789733886719 0.0978622436523438 -0.05419921875
-0.0265846252441406 0.0385932922363281 0.0525436401367188 -0.117538452148438
0.00272750854492187 0.0479354858398437 -0.0167236328125 -0.137870788574219
0.00709724426269531 0.0347518920898438 -0.063629150390625 -0.120796203613281
0.00262832641601562 0.0361976623535156 -0.0593643188476562 -0.086761474609375
-0.00370025634765625 0.0396842956542969 -0.0512771606445313 -0.0685844421386719
-0.0234966278076172 0.0233821868896484 -0.0391159057617188 -0.0592689514160156
-0.0329532623291016 -0.00454902648925781 -0.0446205139160156 -0.057464599609375
-0.0139656066894531 -0.0374832153320313 -0.04425048828125 -0.0818862915039063
0.0353889465332031 -0.0455856323242188 -0.0288314819335937 -0.122001647949219
0.0734100341796875 -0.0176162719726563 -0.0380859375 -0.172332763671875
0.0821685791015625 0.0234756469726563 -0.036346435546875 -0.18280029296875
0.071044921875 0.0641326904296875 0.0516204833984375 -0.173690795898438
0.0512580871582031 -0.0146446228027344 0.0101661682128906 -0.0439872741699219
0.0189628601074219 -0.0172595977783203 0.0727767944335938 0.0204010009765625
0.00110530853271484 -0.00940513610839844 0.112800598144531 -0.0539016723632813
0.000739812850952148 -0.00148749351501465 0.066650390625 -0.120323181152344
3.05175781250003E-05 -0.00339531898498535 -0.0113983154296875 -0.147506713867188
-0.0107917785644531 -0.0126543045043945 -0.0656280517578125 -0.125785827636719
-0.0111532211303711 -0.00996875762939453 -0.06475830078125 -0.0851364135742188
-0.0174102783203125 -0.0125846862792969 -0.0545501708984375 -0.0676116943359375
-0.0147418975830078 -0.0264015197753906 -0.0454025268554688 -0.0574836730957031
0.0054473876953125 -0.0397872924804688 -0.0457954406738281 -0.0505638122558594
0.0398445129394531 -0.0405044555664063 -0.0452957153320313 -0.0734786987304687
0.0770416259765625 0.0018157958984375 -0.0347213745117187 -0.104736328125
0.09765625 0.048797607421875 -0.0375518798828125 -0.150405883789063
0.0813217163085937 0.09722900390625 -0.026885986328125 -0.15997314453125
0.0624618530273437 0.135841369628906 0.0818023681640625 -0.142196655273438
0.0773239135742188 0.0525360107421875 0.0331039428710938 -0.0232295989990234
0.078216552734375 0.0228195190429687 0.0853347778320313 0.0358505249023438
0.0620384216308594 -0.0214500427246094 0.127799987792969 -0.0422134399414063
0.0373649597167969 -0.0394706726074219 0.082305908203125 -0.108779907226563
0.00336837768554688 -0.0563163757324219 0.000350952148437508 -0.142410278320313
-0.025146484375 -0.0599594116210938 -0.0576095581054688 -0.116630554199219
-0.0231056213378906 -0.0539894104003906 -0.0603790283203125 -0.0704421997070313
-0.0313682556152344 -0.0621337890625 -0.0503578186035156 -0.0521659851074219
-0.01220703125 -0.07220458984375 -0.0486602783203125 -0.0398902893066406
0.0320510864257813 -0.07666015625 -0.0495452880859375 -0.0310821533203125
0.0789871215820313 -0.0543975830078125 -0.0509567260742187 -0.0560531616210937
0.115676879882813 0.0282745361328125 -0.0445022583007812 -0.0832595825195313
0.119781494140625 0.0934524536132813 -0.0354537963867188 -0.121246337890625
0.077423095703125 0.151321411132813 -0.0190353393554688 -0.1160888671875
0.038238525390625 0.188705444335938 0.102500915527344 -0.0840682983398437
0.0829696655273438 0.120147705078125 0.0531883239746094 0.0160064697265625
0.123733520507812 0.0747756958007812 0.0924835205078125 0.0601577758789063
0.121360778808594 -0.0173873901367188 0.135040283203125 -0.0178070068359375
0.0775680541992188 -0.0670852661132813 0.0919647216796875 -0.082977294921875
0.0134124755859375 -0.101303100585938 0.0156097412109375 -0.120254516601563
-0.03338623046875 -0.0989532470703125 -0.0424041748046875 -0.0935440063476563
-0.031494140625 -0.0897293090820313 -0.04736328125 -0.045501708984375
-0.0442886352539063 -0.100509643554688 -0.0377616882324219 -0.0259857177734375
-0.0153427124023438 -0.108039855957031 -0.0452613830566406 -0.0121269226074219
0.04736328125 -0.108367919921875 -0.0486030578613281 -0.00313186645507812
0.103668212890625 -0.0713653564453125 -0.0565872192382812 -0.0326957702636719
0.1436767578125 0.040435791015625 -0.05157470703125 -0.0615882873535156
0.133331298828125 0.11981201171875 -0.0259780883789062 -0.0888519287109375
0.066253662109375 0.183074951171875 -0.0104179382324219 -0.060211181640625
0.00495910644531251 0.208892822265625 0.110565185546875 -0.00941467285156249
0.0650787353515625 0.168212890625 0.0646781921386719 0.066650390625
0.13873291015625 0.123863220214844 0.09063720703125 0.0867156982421875
0.159744262695313 0.00103759765625 0.128959655761719 0.0148773193359375
0.109428405761719 -0.0766677856445313 0.09136962890625 -0.0457382202148438
0.0252685546875 -0.127906799316406 0.02825927734375 -0.0830230712890625
-0.0350875854492187 -0.122909545898438 -0.021697998046875 -0.0582313537597656
-0.0352325439453125 -0.110694885253906 -0.0279045104980469 -0.0144062042236328
-0.0524444580078125 -0.12408447265625 -0.0176200866699219 0.0069446563720703
-0.0184097290039063 -0.129753112792969 -0.0347881317138672 0.0224666595458984
0.0543060302734375 -0.127685546875 -0.0434188842773437 0.0278587341308594
0.115005493164062 -0.0811920166015625 -0.0582351684570312 -0.00847244262695313
0.153762817382813 0.048492431640625 -0.0542373657226563 -0.0431404113769531
0.128585815429687 0.133247375488281 -0.010162353515625 -0.0582695007324219
0.0466766357421875 0.191970825195313 -0.00152456760406494 0.000505208969116223
-0.0297393798828125 0.190948486328125 0.103645324707031 0.0674819946289063
0.0295562744140625 0.179351806640625 0.0644989013671875 0.118919372558594
0.118087768554687 0.1514892578125 0.0777587890625 0.108352661132813
0.16375732421875 0.0253448486328125 0.108085632324219 0.045379638671875
0.121429443359375 -0.0669784545898438 0.0791244506835938 -0.005584716796875
0.0348587036132812 -0.132194519042969 0.0340309143066406 -0.0381622314453125
-0.0307769775390625 -0.126747131347656 0.000759124755859372 -0.0163545608520508
-0.034027099609375 -0.114982604980469 -0.00404548645019531 0.0196990966796875
-0.0524978637695312 -0.129829406738281 0.00548171997070312 0.0411453247070312
-0.01898193359375 -0.133659362792969 -0.019744873046875 0.0584030151367187
0.0566787719726562 -0.129890441894531 -0.0356330871582031 0.0583305358886719
0.1171875 -0.0769271850585938 -0.0597152709960937 0.0148811340332031
0.146392822265625 0.0575408935546875 -0.0542564392089844 -0.028045654296875
0.106269836425781 0.138481140136719 0.00598526000976563 -0.0293025970458984
0.015594482421875 0.180450439453125 0.00275421142578125 0.0612831115722656
-0.0574111938476563 0.138290405273438 0.086456298828125 0.132148742675781
-0.0116119384765625 0.1500244140625 0.055267333984375 0.158660888671875
0.072784423828125 0.1424560546875 0.0602264404296875 0.1177978515625
0.132652282714844 0.040679931640625 0.080902099609375 0.0671768188476562
0.1072998046875 -0.046417236328125 0.0603141784667969 0.0266456604003906
0.0353927612304687 -0.111679077148438 0.0361862182617188 0.00497055053710937
-0.0221939086914063 -0.110153198242188 0.0212173461914063 0.0238876342773437
-0.0276336669921875 -0.101486206054687 0.0200157165527344 0.0507545471191406
-0.044281005859375 -0.116569519042969 0.0275344848632812 0.07305908203125
-0.0152816772460937 -0.12042236328125 -0.00622558593750001 0.0914993286132812
0.0548553466796875 -0.115028381347656 -0.0315475463867188 0.08544921875
0.108810424804688 -0.0612640380859375 -0.0621452331542969 0.0342750549316406
0.123275756835937 0.0659561157226563 -0.0549850463867187 -0.0164451599121094
0.0688705444335938 0.132766723632812 0.0164556503295898 -0.00153923034667968
-0.0205841064453125 0.149581909179688 -0.000701904296875001 0.115631103515625
-0.0733642578125 0.0610427856445313 0.0662384033203125 0.169235229492188
-0.0434341430664063 0.0896682739257812 0.0436553955078125 0.176498413085938
0.0197601318359375 0.101531982421875 0.0463180541992188 0.116310119628906
0.0783462524414063 0.0407867431640625 0.0573196411132813 0.0779571533203125
0.0717697143554688 -0.0218124389648438 0.0444221496582031 0.0466842651367188
0.0276947021484375 -0.073455810546875 0.035003662109375 0.0375289916992187
-0.0113601684570312 -0.0745086669921875 0.0371627807617187 0.055084228515625
-0.0168228149414063 -0.0714111328125 0.0408935546875 0.0746841430664062
-0.0292816162109375 -0.0861663818359375 0.045562744140625 0.099945068359375
-0.00776672363281249 -0.09075927734375 0.0038604736328125 0.119171142578125
0.0476150512695313 -0.0846328735351563 -0.0317764282226563 0.106536865234375
0.0873870849609375 -0.0385360717773438 -0.0681304931640625 0.0500106811523437
0.0861358642578125 0.0663375854492187 -0.0590629577636719 -0.00795745849609373
0.0231399536132812 0.109657287597656 0.0170516967773438 0.0234546661376953
-0.0546112060546875 0.0981063842773438 -0.0162811279296875 0.156646728515625
0.063201904296875 -0.0140762329101563 0.01348876953125 -0.175750732421875
0.00912094116210937 -0.068511962890625 -0.0116348266601563 -0.0435371398925781
-0.0411758422851563 -0.0401954650878906 0.0623931884765625 0.013580322265625
-0.04833984375 0.0122566223144531 0.096771240234375 -0.0568313598632812
-0.0240554809570313 0.0388412475585937 0.0493621826171875 -0.118698120117187
0.00412368774414063 0.0470085144042969 -0.0203323364257813 -0.137039184570313
0.0089263916015625 0.0337448120117188 -0.0672378540039063 -0.118515014648437
0.00478172302246094 0.0349349975585938 -0.0618515014648437 -0.0840301513671875
-0.000488281250000003 0.0391044616699219 -0.0537796020507812 -0.0664634704589844
-0.0220050811767578 0.02410888671875 -0.0414886474609375 -0.0579986572265625
-0.0323696136474609 -0.002838134765625 -0.0466270446777344 -0.0554580688476562
-0.0139999389648438 -0.0360641479492188 -0.0468826293945313 -0.081451416015625
0.0325088500976563 -0.0454368591308594 -0.0315399169921875 -0.122734069824219
0.0719680786132813 -0.0194625854492188 -0.0420379638671875 -0.171432495117188
0.0819549560546875 0.0205917358398438 -0.0414886474609375 -0.182052612304688
0.07244873046875 0.0627899169921875 0.0445098876953125 -0.174697875976563
0.0488204956054687 -0.0155754089355469 0.00753402709960938 -0.0437889099121094
0.0184516906738281 -0.0177631378173828 0.0739898681640625 0.0195083618164063
0.001556396484375 -0.0092620849609375 0.111701965332031 -0.0563430786132812
0.00179684162139893 -0.0014801025390625 0.063629150390625 -0.121246337890625
4.19616699218748E-05 -0.00437736511230469 -0.0151214599609375 -0.1458740234375
-0.0114278793334961 -0.0128364562988281 -0.0694046020507813 -0.122123718261719
-0.0111093521118164 -0.0105581283569336 -0.0665664672851563 -0.0818023681640625
-0.0167980194091797 -0.0121564865112305 -0.0567169189453125 -0.0646781921386719
-0.0150318145751953 -0.0251846313476562 -0.0478401184082031 -0.0552711486816406
0.0041656494140625 -0.0394248962402344 -0.0488319396972656 -0.0489044189453125
0.0380783081054688 -0.0411415100097656 -0.0483016967773438 -0.0734329223632813
0.0767288208007813 -0.0002288818359375 -0.03704833984375 -0.106109619140625
0.0979995727539063 0.0455551147460938 -0.0417633056640625 -0.150665283203125
0.0839309692382813 0.09466552734375 -0.0319061279296875 -0.159683227539063
0.0662612915039063 0.134857177734375 0.07513427734375 -0.144088745117188
0.0765914916992188 0.0505752563476563 0.0305519104003906 -0.0241508483886719
0.0790557861328125 0.0205078125 0.08673095703125 0.0348129272460938
0.0609245300292969 -0.0228462219238281 0.126518249511719 -0.0445480346679688
0.0367660522460938 -0.0402297973632813 0.079254150390625 -0.110427856445313
0.00150299072265625 -0.0561714172363281 -0.003173828125 -0.14190673828125
-0.0276374816894531 -0.0593833923339844 -0.0614700317382813 -0.113624572753906
-0.0242958068847656 -0.0532913208007813 -0.0621414184570313 -0.0665664672851563
-0.0335197448730469 -0.060546875 -0.0522918701171875 -0.0489883422851563
-0.0149765014648437 -0.0711517333984375 -0.051025390625 -0.0380897521972656
0.0296783447265625 -0.0769424438476563 -0.0515022277832031 -0.0291862487792969
0.0772781372070313 -0.0565032958984375 -0.0546684265136719 -0.0558433532714844
0.116439819335938 0.0260543823242188 -0.0466079711914062 -0.0843887329101562
0.12188720703125 0.0898284912109375 -0.0388870239257813 -0.121345520019531
0.0811309814453125 0.149261474609375 -0.0229873657226563 -0.115890502929688
0.043701171875 0.187652587890625 0.0978622436523438 -0.0868301391601562
0.0842971801757813 0.116767883300781 0.0507278442382813 0.0144233703613281
0.125831604003906 0.0709915161132813 0.0941848754882813 0.0590972900390625
0.119842529296875 -0.0211563110351563 0.134246826171875 -0.0202484130859375
0.07489013671875 -0.0691299438476563 0.0905532836914063 -0.08465576171875
0.00862121582031249 -0.101737976074219 0.0121994018554687 -0.120223999023437
-0.0374832153320313 -0.0975418090820313 -0.045166015625 -0.0914840698242187
-0.0340423583984375 -0.0879364013671875 -0.0482521057128906 -0.0419502258300781
-0.048095703125 -0.097747802734375 -0.0386695861816406 -0.0230827331542969
-0.0198593139648438 -0.106727600097656 -0.0466461181640625 -0.00886154174804689
0.0424880981445313 -0.1092529296875 -0.049774169921875 -0.00124359130859377
0.100723266601563 -0.0749664306640625 -0.0590019226074219 -0.0318679809570313
0.14459228515625 0.036346435546875 -0.0536575317382812 -0.0623130798339844
0.136611938476563 0.115425109863281 -0.02911376953125 -0.0903167724609375
0.0713043212890625 0.181137084960938 -0.01287841796875 -0.0604705810546875
0.0111541748046875 0.208526611328125 0.107185363769531 -0.0136489868164062
0.067626953125 0.1649169921875 0.0635910034179688 0.0651969909667969
0.1434326171875 0.119796752929687 0.0918121337890625 0.0860824584960938
0.15850830078125 -0.0040435791015625 0.129051208496094 0.0128097534179688
0.106475830078125 -0.0794219970703125 0.0909500122070313 -0.0466690063476563
0.0200576782226563 -0.128196716308594 0.02520751953125 -0.0837173461914063
-0.0398025512695313 -0.121009826660156 -0.023590087890625 -0.0568809509277344
-0.0389480590820313 -0.109130859375 -0.0279197692871094 -0.0109329223632813
-0.0579833984375 -0.12127685546875 -0.0182132720947266 0.00801467895507811
-0.023956298828125 -0.127700805664063 -0.0346431732177734 0.0246181488037109
0.048248291015625 -0.129379272460938 -0.0432624816894531 0.0296859741210937
0.111961364746094 -0.0847930908203125 -0.0607109069824219 -0.0063323974609375
0.155563354492188 0.0440521240234375 -0.0565147399902344 -0.0429534912109375
0.133453369140625 0.12841796875 -0.012786865234375 -0.0598487854003906
0.05194091796875 0.190750122070313 -0.00249004364013672 -0.000347614288330067
-0.0238494873046875 0.191970825195313 0.103141784667969 0.0645751953125
0.0330047607421875 0.177566528320313 0.065673828125 0.116157531738281
0.123443603515625 0.148025512695313 0.0794448852539063 0.107627868652344
0.1632080078125 0.0191650390625 0.108383178710938 0.0437698364257812
0.11822509765625 -0.0702590942382813 0.0795974731445313 -0.00725555419921875
0.0290298461914063 -0.132377624511719 0.0327606201171875 -0.03875732421875
-0.0360336303710938 -0.124977111816406 -0.00014305114746094 -0.0155887603759766
-0.0378494262695313 -0.112983703613281 -0.00329971313476563 0.0211181640625
-0.0579071044921875 -0.125762939453125 0.00618362426757812 0.0416679382324219
-0.025054931640625 -0.131546020507813 -0.0187721252441406 0.059844970703125
0.0504226684570312 -0.131858825683594 -0.0352249145507812 0.0595550537109375
0.113563537597656 -0.0817413330078125 -0.0599403381347656 0.0166091918945312
0.148452758789062 0.0527801513671875 -0.0556640625 -0.0279617309570312
0.110137939453125 0.133735656738281 0.00455856323242188 -0.0316066741943359
0.021026611328125 0.180343627929688 0.00458908081054687 0.0599327087402344
-0.0523910522460938 0.139801025390625 0.088836669921875 0.12890625
-0.00721740722656251 0.149215698242188 0.0582275390625 0.15631103515625
0.0776596069335938 0.139785766601563 0.0622177124023437 0.117477416992188
0.132606506347656 0.03533935546875 0.0821456909179688 0.0668258666992188
0.104316711425781 -0.0492172241210938 0.0615997314453125 0.0260353088378906
0.0305557250976562 -0.111396789550781 0.0359954833984375 0.00377273559570312
-0.0268478393554687 -0.108512878417969 0.0219955444335938 0.0240707397460937
-0.030517578125 -0.0992889404296875 0.0217208862304687 0.0511398315429687
-0.04962158203125 -0.113334655761719 0.0294342041015625 0.0725860595703125
-0.0203018188476562 -0.118453979492187 -0.00357818603515626 0.0918426513671875
0.0495147705078125 -0.116668701171875 -0.0293731689453125 0.0856781005859375
0.104888916015625 -0.0650863647460938 -0.0623626708984375 0.0363922119140625
0.125167846679688 0.0615463256835938 -0.0566673278808594 -0.0157432556152344
0.0725326538085937 0.129463195800781 0.0162544250488281 -0.00397109985351562
-0.0156402587890625 0.150115966796875 0.00231170654296875 0.113838195800781
-0.0701637268066406 0.0625114440917969 0.0695953369140625 0.167068481445313
-0.041168212890625 0.0908050537109375 0.0481719970703125 0.175277709960938
0.0237350463867187 0.100799560546875 0.0484771728515625 0.115898132324219
0.0791091918945313 0.0372695922851562 0.0594711303710938 0.0772933959960937
0.0699653625488281 -0.0240592956542969 0.0465316772460938 0.0455360412597656
0.0238037109375 -0.0735015869140625 0.0366859436035156 0.035858154296875
-0.0145339965820312 -0.0736007690429687 0.0387611389160156 0.0542068481445312
-0.0194473266601563 -0.0701026916503906 0.0429153442382812 0.0734329223632813
-0.0333938598632813 -0.0835418701171875 0.048095703125 0.098297119140625
-0.0123443603515625 -0.0891952514648438 0.00759124755859375 0.118583679199219
0.04254150390625 -0.08648681640625 -0.0282745361328125 0.107353210449219
0.0843276977539063 -0.041839599609375 -0.0682220458984375 0.05145263671875
0.0879669189453125 0.0625762939453125 -0.0597000122070312 -0.00761413574218749
0.0269622802734375 0.107414245605469 0.0174312591552734 0.0211162567138672
-0.050506591796875 0.0996017456054688 -0.0111236572265625 0.155364990234375
0.0636863708496094 -0.0138664245605469 0.010894775390625 -0.175506591796875
0.0075836181640625 -0.0669746398925781 -0.0134315490722656 -0.0417251586914063
-0.0416755676269531 -0.040252685546875 0.06402587890625 0.0139541625976562
-0.0468597412109375 0.0122413635253906 0.0979995727539063 -0.0573272705078125
-0.023162841796875 0.0388908386230469 0.0491180419921875 -0.119438171386719
0.00497055053710938 0.0466117858886719 -0.0207443237304687 -0.136619567871094
0.00958633422851563 0.0329475402832031 -0.0686721801757813 -0.117713928222656
0.0058135986328125 0.0339031219482422 -0.0623931884765625 -0.0843887329101563
0.000904083251953126 0.03814697265625 -0.0542488098144531 -0.0659828186035156
-0.0207195281982422 0.0244979858398438 -0.0428009033203125 -0.0577011108398438
-0.0314044952392578 -0.00216293334960937 -0.0480804443359375 -0.055328369140625
-0.0139541625976563 -0.0359573364257813 -0.048065185546875 -0.0826797485351562
0.0318794250488281 -0.0454940795898437 -0.0310592651367187 -0.125213623046875
0.0706100463867188 -0.0201492309570313 -0.0416717529296875 -0.172882080078125
0.0816726684570313 0.0194854736328125 -0.04254150390625 -0.182907104492188
0.073638916015625 0.0628509521484375 0.041015625 -0.174560546875
0.0475196838378906 -0.0150032043457031 0.00537490844726562 -0.0426406860351563
0.0184650421142578 -0.0179424285888672 0.0756683349609375 0.0206298828125
0.00236701965332031 -0.00947856903076172 0.112129211425781 -0.0568084716796875
0.0024254322052002 -0.00176334381103516 0.06329345703125 -0.122032165527344
-0.000321388244628906 -0.00449848175048828 -0.015960693359375 -0.14599609375
-0.0121145248413086 -0.0133676528930664 -0.071044921875 -0.122001647949219
-0.00961589813232422 -0.0106353759765625 -0.0666656494140625 -0.0811004638671875
-0.015899658203125 -0.0123805999755859 -0.0582199096679687 -0.0639724731445313
-0.0143470764160156 -0.0248012542724609 -0.0490837097167969 -0.0545387268066406
0.00476837158203125 -0.0387725830078125 -0.05078125 -0.0483970642089844
0.0384063720703125 -0.0413017272949219 -0.0500259399414063 -0.0745620727539062
0.076873779296875 6.866455078125E-05 -0.0370330810546875 -0.108642578125
0.0973663330078125 0.0451126098632813 -0.0415802001953125 -0.15313720703125
0.0841445922851563 0.0943069458007813 -0.0323944091796875 -0.161300659179688
0.0675277709960937 0.135162353515625 0.0721282958984375 -0.14483642578125
0.0751876831054688 0.0506134033203125 0.0285415649414063 -0.0233097076416016
0.0796737670898438 0.0200042724609375 0.087921142578125 0.0363616943359375
0.0615425109863281 -0.0235481262207031 0.1270751953125 -0.04412841796875
0.0366973876953125 -0.0402679443359375 0.07952880859375 -0.110671997070313
-0.000324249267578127 -0.0559310913085937 -0.003631591796875 -0.14215087890625
-0.0288543701171875 -0.0593299865722656 -0.0626678466796875 -0.113059997558594
-0.0240859985351562 -0.0539016723632813 -0.0615615844726563 -0.0649681091308594
-0.0336685180664063 -0.0599746704101563 -0.0534133911132813 -0.047637939453125
-0.0153083801269531 -0.070220947265625 -0.0523796081542969 -0.0364875793457031
0.0285568237304688 -0.0771560668945313 -0.0536117553710938 -0.0289573669433594
0.0770187377929687 -0.0572052001953125 -0.0556755065917969 -0.0570602416992188
0.117401123046875 0.0258712768554688 -0.046966552734375 -0.0871047973632813
0.122062683105469 0.0889129638671875 -0.0392379760742187 -0.124000549316406
0.0817413330078125 0.149398803710938 -0.0240478515625 -0.11712646484375
0.0440673828125 0.188308715820313 0.0955963134765625 -0.088165283203125
0.0832366943359375 0.117332458496094 0.0487518310546875 0.0145339965820313
0.127861022949219 0.0705413818359375 0.0942916870117188 0.061065673828125
0.119911193847656 -0.0226287841796875 0.134979248046875 -0.0197372436523438
0.0748367309570313 -0.0694580078125 0.0911865234375 -0.0846099853515625
0.00717926025390625 -0.100257873535156 0.011627197265625 -0.120193481445312
-0.0390853881835938 -0.097503662109375 -0.0461883544921875 -0.0901031494140625
-0.0348663330078125 -0.0886001586914063 -0.0481681823730469 -0.0403404235839844
-0.0503463745117187 -0.0972747802734375 -0.0400314331054688 -0.022125244140625
-0.0210418701171875 -0.105796813964844 -0.0471115112304687 -0.00757980346679688
0.0405502319335938 -0.10968017578125 -0.0517120361328125 -0.0003814697265625
0.100151062011719 -0.0758438110351563 -0.0612716674804687 -0.03216552734375
0.145675659179688 0.035919189453125 -0.0544853210449219 -0.0644798278808594
0.137359619140625 0.11419677734375 -0.029693603515625 -0.0923080444335937
0.0729217529296875 0.182144165039063 -0.0139389038085937 -0.0620765686035156
0.0122222900390625 0.209579467773438 0.105514526367188 -0.013824462890625
0.067108154296875 0.164749145507813 0.0618438720703125 0.0644264221191406
0.1451416015625 0.119857788085938 0.0919342041015625 0.0879669189453125
0.158523559570313 -0.0052490234375 0.12884521484375 0.013519287109375
0.106422424316406 -0.0798568725585938 0.0920639038085938 -0.0465087890625
0.0183181762695313 -0.127769470214844 0.0247573852539063 -0.0840377807617188
-0.0419540405273437 -0.12042236328125 -0.0243263244628906 -0.0555496215820313
-0.039703369140625 -0.108779907226562 -0.0275077819824219 -0.00912475585937501
-0.0597457885742187 -0.119483947753906 -0.0188884735107422 0.00951004028320312
-0.0267410278320313 -0.126762390136719 -0.0346469879150391 0.0262241363525391
0.0459136962890625 -0.129936218261719 -0.0441551208496094 0.0299835205078125
0.110946655273438 -0.086151123046875 -0.0624237060546875 -0.00647354125976564
0.156692504882813 0.0428009033203125 -0.0570144653320313 -0.0445671081542969
0.133735656738281 0.127281188964844 -0.0134391784667969 -0.0624275207519531
0.052825927734375 0.192138671875 -0.00315117835998535 -0.000869989395141589
-0.0224609375 0.1925048828125 0.101219177246094 0.06353759765625
0.033477783203125 0.177474975585937 0.0638198852539063 0.116523742675781
0.126373291015625 0.147537231445313 0.078948974609375 0.109451293945313
0.163101196289063 0.0181884765625 0.10894775390625 0.0448532104492188
0.117668151855469 -0.0709381103515625 0.08087158203125 -0.0069122314453125
0.02685546875 -0.131439208984375 0.0328369140625 -0.0392723083496094
-0.0381240844726562 -0.12451171875 -4.19616699218778E-05 -0.0149240493774414
-0.0386962890625 -0.112800598144531 -0.00285530090332032 0.0231151580810547
-0.0613327026367188 -0.124778747558594 0.00605773925781249 0.0425148010253906
-0.0277557373046875 -0.130081176757813 -0.018524169921875 0.0608711242675781
0.0472946166992188 -0.132186889648438 -0.0355072021484375 0.0598983764648438
0.112167358398438 -0.083099365234375 -0.0618057250976562 0.0170555114746094
0.1494140625 0.051239013671875 -0.056854248046875 -0.0284996032714844
0.111923217773438 0.132392883300781 0.00355720520019532 -0.0333194732666016
0.0232391357421875 0.181060791015625 0.00395965576171875 0.0588760375976563
-0.0513076782226562 0.14007568359375 0.0879898071289063 0.128341674804688
-0.00736999511718752 0.149459838867188 0.0571441650390625 0.156417846679688
0.0807952880859375 0.140235900878906 0.0619964599609375 0.118370056152344
0.132354736328125 0.0337295532226563 0.0820465087890625 0.0676803588867188
0.104011535644531 -0.0501937866210938 0.06317138671875 0.0263595581054687
0.0285186767578125 -0.110664367675781 0.0362319946289063 0.00381469726562499
-0.0286865234375 -0.107452392578125 0.0223770141601562 0.024078369140625
-0.031982421875 -0.099456787109375 0.0226936340332031 0.052276611328125
-0.0524139404296875 -0.111442565917969 0.029388427734375 0.0727996826171875
-0.022735595703125 -0.117240905761719 -0.00298309326171874 0.0924072265625
0.0464935302734375 -0.117111206054687 -0.029144287109375 0.0860824584960937
0.103958129882812 -0.0669021606445313 -0.0630264282226562 0.0370521545410156
0.126441955566406 0.060150146484375 -0.0570831298828125 -0.0161170959472656
0.0742111206054687 0.12762451171875 0.0158290863037109 -0.00515460968017577
-0.014312744140625 0.150863647460937 0.00231933593749999 0.113075256347656
-0.0696067810058594 0.0629196166992188 0.0699615478515625 0.16680908203125
-0.0400314331054688 0.0913925170898438 0.047760009765625 0.17535400390625
0.0262451171875 0.100296020507812 0.0475540161132813 0.117401123046875
0.0792770385742188 0.0357131958007813 0.0602951049804688 0.0790023803710938
0.0689926147460938 -0.0251502990722656 0.0468482971191406 0.0464706420898438
0.022674560546875 -0.0726394653320313 0.0382194519042969 0.0359458923339844
-0.016082763671875 -0.0730819702148438 0.040283203125 0.0542068481445313
-0.0201644897460937 -0.0695266723632813 0.0429611206054688 0.0740814208984375
-0.03472900390625 -0.0821533203125 0.0485076904296875 0.0979080200195313
-0.0137481689453125 -0.08807373046875 0.00852203369140625 0.118934631347656
0.0409164428710937 -0.0869598388671875 -0.0280532836914063 0.107406616210938
0.083465576171875 -0.0425796508789063 -0.0680694580078125 0.0523643493652344
0.08843994140625 0.0611419677734375 -0.0608634948730469 -0.00709915161132812
0.0278167724609375 0.106887817382813 0.0181198120117188 0.0199298858642578
-0.0498580932617187 0.10040283203125 -0.00993347167968751 0.15447998046875
0.0664291381835938 -0.0141143798828125 0.0116424560546875 -0.178817749023438
0.00720596313476562 -0.0679168701171875 -0.0149116516113281 -0.0409278869628906
-0.0424575805664063 -0.0408706665039062 0.0666847229003906 0.0159416198730469
-0.0477943420410156 0.0119819641113281 0.101242065429688 -0.05816650390625
-0.0232620239257812 0.0395278930664063 0.0508956909179688 -0.121673583984375
0.00591659545898438 0.0477523803710937 -0.0200042724609375 -0.14068603515625
0.00992202758789063 0.0338859558105469 -0.0695724487304688 -0.120819091796875
0.00680732727050781 0.0338573455810547 -0.0630950927734375 -0.0867767333984375
0.00223159790039063 0.0383415222167969 -0.0551795959472656 -0.0675506591796875
-0.0200252532958984 0.0250453948974609 -0.0436897277832031 -0.0591011047363281
-0.0308303833007813 -0.00209236145019531 -0.0495376586914062 -0.0572166442871094
-0.0143470764160156 -0.0365943908691406 -0.0494918823242188 -0.08697509765625
0.0326194763183594 -0.0457534790039063 -0.0300750732421875 -0.130905151367188
0.07159423828125 -0.0199661254882813 -0.0408477783203125 -0.1790771484375
0.0834808349609375 0.0206756591796875 -0.041534423828125 -0.189498901367188
0.0755691528320313 0.0656967163085938 0.0419769287109375 -0.177886962890625
0.0474777221679688 -0.0139236450195313 0.00334548950195313 -0.0424232482910156
0.0188255310058594 -0.0181255340576172 0.078094482421875 0.022216796875
0.00235652923583984 -0.010371208190918 0.116676330566406 -0.0569610595703125
0.00263166427612305 -0.00211334228515625 0.0659942626953125 -0.1241455078125
-0.000140666961669922 -0.00447845458984375 -0.0150299072265625 -0.14984130859375
-0.0125932693481445 -0.0143098831176758 -0.072479248046875 -0.1248779296875
-0.00948619842529297 -0.0122365951538086 -0.0674896240234375 -0.0827713012695313
-0.0159320831298828 -0.0137643814086914 -0.0593681335449219 -0.0650749206542969
-0.0141716003417969 -0.0252552032470703 -0.05029296875 -0.0556678771972656
0.005523681640625 -0.0391693115234375 -0.0524330139160156 -0.0501632690429687
0.039398193359375 -0.0417289733886719 -0.0519256591796875 -0.0779876708984375
0.0784683227539063 0.00170135498046875 -0.036712646484375 -0.114608764648438
0.098876953125 0.04644775390625 -0.0413055419921875 -0.158950805664063
0.0847091674804688 0.097747802734375 -0.0314483642578125 -0.166427612304688
0.0680999755859375 0.140052795410156 0.0727386474609375 -0.1480712890625
0.0750656127929688 0.0532684326171875 0.0267848968505859 -0.0232944488525391
0.0820770263671875 0.0214004516601563 0.090576171875 0.03924560546875
0.0631294250488281 -0.0239219665527344 0.131675720214844 -0.04400634765625
0.0379905700683594 -0.0417289733886719 0.0837020874023438 -0.11260986328125
-6.48498535156298E-05 -0.0574417114257812 -0.0029754638671875 -0.145309448242187
-0.0295333862304688 -0.0605239868164063 -0.0640869140625 -0.115348815917969
-0.0241355895996094 -0.0558586120605469 -0.0622024536132813 -0.0659599304199219
-0.034271240234375 -0.0618057250976563 -0.0544815063476563 -0.0478897094726563
-0.0152587890625 -0.07196044921875 -0.0537986755371094 -0.0368804931640625
0.0293655395507812 -0.07867431640625 -0.0559921264648438 -0.0294303894042969
0.0792999267578125 -0.05792236328125 -0.0590972900390625 -0.0599403381347656
0.121047973632813 0.0275192260742188 -0.047576904296875 -0.0925064086914063
0.124526977539063 0.0912017822265625 -0.0400314331054687 -0.129852294921875
0.08270263671875 0.154556274414063 -0.0238037109375 -0.121902465820313
0.0448760986328125 0.194717407226562 0.0956268310546875 -0.0895156860351563
0.0826797485351563 0.121139526367188 0.0476303100585938 0.0151214599609375
0.131362915039063 0.0731887817382813 0.0962600708007813 0.06475830078125
0.123199462890625 -0.022125244140625 0.138969421386719 -0.0177536010742188
0.0780410766601563 -0.0703125 0.095458984375 -0.0860443115234375
0.00776672363281249 -0.102798461914063 0.0125808715820313 -0.123069763183594
-0.0403366088867187 -0.0994033813476562 -0.0473251342773438 -0.0916595458984375
-0.0348587036132812 -0.0913009643554688 -0.0485610961914062 -0.0402259826660156
-0.0507125854492187 -0.099395751953125 -0.0413894653320312 -0.0215568542480469
-0.0216293334960938 -0.107803344726563 -0.0490036010742188 -0.00698471069335938
0.041656494140625 -0.112403869628906 -0.0540199279785156 -0.00112533569335938
0.103446960449219 -0.0777740478515625 -0.0642738342285156 -0.0347099304199219
0.150466918945313 0.03826904296875 -0.0556488037109375 -0.069183349609375
0.139915466308594 0.11737060546875 -0.0301971435546875 -0.0974578857421875
0.073333740234375 0.187347412109375 -0.0136528015136719 -0.0642280578613281
0.010589599609375 0.215408325195313 0.105438232421875 -0.0138778686523437
0.065826416015625 0.169937133789063 0.0607223510742188 0.0664291381835938
0.14874267578125 0.12408447265625 0.0927963256835938 0.0924835205078125
0.162567138671875 -0.0044708251953125 0.132820129394531 0.0163726806640625
0.10992431640625 -0.0810699462890625 0.0960769653320313 -0.0463485717773438
0.0189208984375 -0.130104064941406 0.026031494140625 -0.0857162475585938
-0.04351806640625 -0.123245239257813 -0.0243148803710938 -0.0562095642089844
-0.0410232543945313 -0.112297058105469 -0.0274887084960938 -0.00793838500976563
-0.0620269775390625 -0.121681213378906 -0.0197505950927734 0.0107326507568359
-0.02789306640625 -0.128799438476563 -0.0362358093261719 0.0276374816894531
0.046112060546875 -0.133079528808594 -0.0469131469726563 0.0308341979980469
0.113533020019531 -0.087890625 -0.0648384094238281 -0.00766372680664064
0.1617431640625 0.0445709228515625 -0.0586204528808594 -0.0479278564453125
0.136642456054688 0.130805969238281 -0.0144424438476562 -0.0656051635742187
0.053009033203125 0.198211669921875 -0.00367665290832519 -0.00218248367309569
-0.02484130859375 0.19708251953125 0.101325988769531 0.0654296875
0.0311431884765625 0.182388305664063 0.0625991821289063 0.118766784667969
0.129989624023438 0.152313232421875 0.0791549682617188 0.11456298828125
0.166778564453125 0.01885986328125 0.111122131347656 0.0484619140625
0.121307373046875 -0.0721054077148438 0.0844268798828125 -0.0053558349609375
0.0269317626953125 -0.133377075195312 0.034027099609375 -0.0399665832519531
-0.0393905639648438 -0.126579284667969 -0.000108718872070314 -0.0146150588989258
-0.0394134521484375 -0.115875244140625 -0.00210380554199219 0.0251083374023437
-0.0634002685546875 -0.125648498535156 0.00541305541992187 0.0441207885742187
-0.0282974243164062 -0.132659912109375 -0.0195159912109375 0.0629043579101562
0.0473098754882813 -0.135002136230469 -0.0376930236816406 0.061126708984375
0.115020751953125 -0.0849151611328125 -0.064117431640625 0.0168952941894531
0.153945922851562 0.052703857421875 -0.0582923889160156 -0.030975341796875
0.114059448242188 0.135520935058594 0.00402069091796875 -0.0357246398925781
0.0222015380859375 0.186798095703125 0.00360488891601563 0.0598030090332031
-0.0533905029296875 0.143569946289063 0.0875244140625 0.132156372070313
-0.00888061523437498 0.1531982421875 0.056610107421875 0.160690307617188
0.0834808349609375 0.143768310546875 0.06121826171875 0.124130249023438
0.135269165039063 0.0347900390625 0.0835037231445313 0.0721282958984375
0.106941223144531 -0.0511093139648438 0.0660400390625 0.0287132263183594
0.0289993286132812 -0.113090515136719 0.03759765625 0.00399780273437499
-0.0302047729492188 -0.109909057617188 0.0225658416748047 0.0250930786132812
-0.0330276489257812 -0.101669311523438 0.023223876953125 0.0549583435058594
-0.0543975830078125 -0.112892150878906 0.0299072265625 0.0750808715820313
-0.0245361328125 -0.119247436523438 -0.00346374511718749 0.0952987670898437
0.04644775390625 -0.119598388671875 -0.0310134887695312 0.0875320434570312
0.106163024902344 -0.0685577392578125 -0.0654792785644531 0.0373573303222656
0.129745483398437 0.0616531372070312 -0.0587234497070313 -0.017578125
0.074981689453125 0.13043212890625 0.0162839889526367 -0.00678634643554687
-0.01470947265625 0.15533447265625 0.00245666503906249 0.115470886230469
-0.0716094970703125 0.0637664794921875 0.06915283203125 0.171066284179688
-0.041015625 0.0932159423828125 0.047271728515625 0.1807861328125
0.0282363891601563 0.102958679199219 0.0470962524414062 0.122032165527344
0.0808029174804688 0.0367813110351563 0.0612564086914063 0.083465576171875
0.0706939697265625 -0.0252304077148438 0.0495758056640625 0.0489158630371094
0.02227783203125 -0.0740814208984375 0.0395698547363281 0.03692626953125
-0.0167160034179688 -0.0753097534179688 0.041748046875 0.0555496215820312
-0.0210800170898438 -0.0717086791992188 0.0448989868164063 0.0765304565429688
-0.0362014770507813 -0.08306884765625 0.04925537109375 0.100936889648437
-0.014892578125 -0.0893936157226562 0.00822448730468749 0.122634887695313
0.0409088134765625 -0.0891952514648437 -0.0296249389648438 0.109504699707031
0.0856857299804688 -0.0443496704101563 -0.0706558227539063 0.0532073974609375
0.0907135009765625 0.0631942749023438 -0.0624122619628906 -0.00916290283203125
0.0276107788085938 0.109352111816406 0.0187225341796875 0.0187053680419922
-0.0508880615234375 0.103073120117188 -0.0110321044921875 0.157135009765625
0.0702247619628906 -0.0149116516113281 0.0101318359375 -0.187088012695313
0.00673675537109375 -0.0702095031738281 -0.0173110961914062 -0.041046142578125
-0.0452919006347656 -0.0429306030273438 0.0719757080078125 0.01678466796875
-0.049591064453125 0.0126800537109375 0.106803894042969 -0.0623550415039063
-0.0239448547363281 0.0405502319335938 0.0526809692382813 -0.128547668457031
0.00704193115234375 0.0491905212402344 -0.0211944580078125 -0.147109985351563
0.0108871459960937 0.0349292755126953 -0.0744476318359375 -0.126472473144531
0.0077667236328125 0.0345458984375 -0.0670089721679687 -0.0908737182617188
0.00390243530273437 0.0389747619628906 -0.0587234497070313 -0.071044921875
-0.0194187164306641 0.0264205932617188 -0.0468788146972656 -0.062286376953125
-0.0324058532714844 -0.0015716552734375 -0.0523643493652344 -0.0603904724121094
-0.0151596069335937 -0.0378456115722656 -0.0531463623046875 -0.0926742553710937
0.0337104797363281 -0.0477333068847656 -0.0321807861328125 -0.139564514160156
0.0741348266601562 -0.0211944580078125 -0.0431976318359375 -0.1890869140625
0.087921142578125 0.0208358764648438 -0.0436859130859375 -0.20025634765625
0.0802154541015625 0.06884765625 0.041748046875 -0.18682861328125
0.0486183166503906 -0.0142173767089844 0.0014801025390625 -0.0436172485351563
0.0201511383056641 -0.0188369750976563 0.08349609375 0.024261474609375
0.00342273712158203 -0.0107784271240234 0.122795104980469 -0.0601348876953125
0.00346708297729492 -0.00286269187927246 0.0692138671875 -0.130867004394531
-0.000398635864257813 -0.00429463386535645 -0.0163421630859375 -0.157882690429688
-0.0136699676513672 -0.0145645141601563 -0.0772018432617188 -0.130622863769531
-0.00994205474853516 -0.0134696960449219 -0.0710220336914062 -0.08642578125
-0.0162677764892578 -0.0146551132202148 -0.06256103515625 -0.06707763671875
-0.01422119140625 -0.0256938934326172 -0.0542068481445312 -0.0579872131347656
0.00550079345703125 -0.0412139892578125 -0.0566482543945313 -0.0524559020996094
0.0412559509277344 -0.0439529418945313 -0.05523681640625 -0.08349609375
0.0829696655273438 0.00159454345703125 -0.0387344360351563 -0.12298583984375
0.102882385253906 0.0482101440429688 -0.0443572998046875 -0.169403076171875
0.0898895263671875 0.102706909179687 -0.0332489013671875 -0.176544189453125
0.07318115234375 0.147674560546875 0.0746307373046875 -0.155288696289063
0.077911376953125 0.0571136474609375 0.0256767272949219 -0.0235424041748047
0.0867233276367188 0.022369384765625 0.0958023071289062 0.0422210693359375
0.0666465759277344 -0.0255279541015625 0.138450622558594 -0.0456924438476563
0.0409164428710938 -0.0442390441894531 0.0883636474609375 -0.119125366210938
-0.000308990478515628 -0.0601234436035156 -0.0032501220703125 -0.152816772460937
-0.0323562622070313 -0.06378173828125 -0.0681304931640625 -0.120338439941406
-0.0256767272949219 -0.0597724914550781 -0.0650100708007813 -0.0686187744140625
-0.0362319946289062 -0.0645904541015625 -0.0576820373535156 -0.0495529174804688
-0.015899658203125 -0.074188232421875 -0.0576438903808594 -0.0371856689453125
0.0305938720703125 -0.0828170776367188 -0.0601272583007812 -0.030853271484375
0.08343505859375 -0.0611953735351562 -0.063690185546875 -0.0637931823730469
0.12786865234375 0.0289840698242188 -0.0508193969726562 -0.100418090820313
0.130966186523438 0.0950393676757813 -0.0427627563476563 -0.13897705078125
0.087646484375 0.163406372070313 -0.0257415771484375 -0.129066467285156
0.0474853515625 0.204635620117188 0.0983123779296875 -0.0938873291015625
0.0854873657226563 0.128067016601563 0.0477523803710938 0.0167465209960938
0.13946533203125 0.0765762329101563 0.102142333984375 0.0699462890625
0.129570007324219 -0.0243453979492188 0.146682739257812 -0.0182647705078125
0.08270263671875 -0.0745697021484375 0.101036071777344 -0.0905227661132812
0.00737762451171874 -0.107131958007813 0.0124435424804687 -0.129562377929688
-0.0445709228515625 -0.103668212890625 -0.0507278442382812 -0.095123291015625
-0.03729248046875 -0.0964584350585938 -0.0502967834472656 -0.0403480529785156
-0.054229736328125 -0.103630065917969 -0.0434837341308594 -0.0217475891113281
-0.023773193359375 -0.112800598144531 -0.0525321960449219 -0.00569534301757814
0.042755126953125 -0.118148803710937 -0.0584678649902344 0.00024795532226561
0.108695983886719 -0.081787109375 -0.0694122314453125 -0.0374984741210938
0.15972900390625 0.039276123046875 -0.0595626831054687 -0.075653076171875
0.147720336914062 0.12237548828125 -0.0329513549804688 -0.104820251464844
0.077667236328125 0.198898315429688 -0.0150642395019531 -0.0689582824707031
0.0120697021484375 0.227142333984375 0.108955383300781 -0.0148468017578125
0.0684051513671875 0.1788330078125 0.0605888366699219 0.0699653625488281
0.158645629882813 0.129531860351563 0.0974044799804688 0.0992965698242188
0.170486450195313 -0.0058441162109375 0.139686584472656 0.0190200805664063
0.116584777832031 -0.0852127075195313 0.102752685546875 -0.0490036010742188
0.0176925659179687 -0.136093139648438 0.0263519287109375 -0.0905838012695313
-0.047393798828125 -0.128364562988281 -0.0261726379394531 -0.0578422546386719
-0.0436019897460938 -0.118270874023438 -0.0280017852783203 -0.00674438476562501
-0.0666351318359375 -0.126441955566406 -0.0215587615966797 0.0121536254882812
-0.0306320190429688 -0.13482666015625 -0.0384635925292969 0.0307998657226562
0.0465774536132812 -0.139747619628906 -0.0501174926757813 0.0329246520996094
0.118362426757813 -0.09344482421875 -0.0698318481445313 -0.00865173339843751
0.171295166015625 0.04620361328125 -0.0630836486816406 -0.051849365234375
0.14508056640625 0.13543701171875 -0.0157928466796875 -0.0715713500976563
0.056365966796875 0.209014892578125 -0.00415420532226562 -0.00323534011840819
-0.0246429443359375 0.208084106445313 0.104148864746094 0.068511962890625
0.0323028564453125 0.191360473632813 0.0637130737304688 0.125297546386719
0.138519287109375 0.160110473632813 0.0832748413085938 0.122390747070313
0.176177978515625 0.0186309814453125 0.117485046386719 0.0523529052734375
0.128105163574219 -0.076202392578125 0.0898284912109375 -0.00537872314453126
0.0271377563476563 -0.139633178710938 0.0361251831054688 -0.0421295166015625
-0.0433120727539063 -0.132179260253906 -0.000515937805175784 -0.0145044326782227
-0.04290771484375 -0.121231079101562 -0.00138092041015625 0.0282344818115234
-0.0683135986328125 -0.130729675292969 0.00561904907226562 0.0469551086425781
-0.0326919555664062 -0.13848876953125 -0.02020263671875 0.0676345825195313
0.0468597412109375 -0.142547607421875 -0.039642333984375 0.0648384094238281
0.119453430175781 -0.0912399291992188 -0.06890869140625 0.0180778503417969
0.163711547851563 0.05426025390625 -0.0625152587890625 -0.0335578918457031
0.12066650390625 0.141220092773438 0.00358581542968751 -0.0393753051757812
0.0246734619140625 0.197219848632813 0.00411987304687501 0.0617294311523438
-0.054840087890625 0.151565551757813 0.0906829833984375 0.138008117675781
-0.0093231201171875 0.1611328125 0.05804443359375 0.168533325195313
0.0897674560546875 0.151153564453125 0.0640945434570312 0.132308959960938
0.142257690429688 0.035552978515625 0.0883865356445313 0.0773239135742187
0.112754821777344 -0.0537643432617187 0.0710296630859375 0.0307540893554687
0.0291213989257812 -0.118049621582031 0.0395698547363281 0.00346374511718749
-0.033233642578125 -0.114616394042969 0.0243625640869141 0.0266799926757812
-0.035491943359375 -0.106796264648438 0.0258293151855469 0.0581398010253906
-0.0584793090820312 -0.1170654296875 0.0316390991210938 0.0799102783203125
-0.0275344848632812 -0.124168395996094 -0.00391387939453126 0.101539611816406
0.0462722778320313 -0.125839233398438 -0.0323486328125 0.0923385620117188
0.110687255859375 -0.0734100341796875 -0.069732666015625 0.039764404296875
0.137931823730469 0.0636215209960938 -0.0624580383300781 -0.019561767578125
0.0799942016601563 0.136466979980469 0.0171852111816406 -0.00878715515136718
-0.01483154296875 0.163986206054688 0.00283050537109374 0.119926452636719
-0.0743637084960938 0.068267822265625 0.072265625 0.180328369140625
-0.04266357421875 0.0985260009765625 0.04913330078125 0.190444946289063
0.0307540893554688 0.107711791992188 0.0488739013671875 0.130584716796875
0.0856170654296875 0.0372543334960938 0.0651321411132813 0.0893707275390625
0.0739974975585938 -0.0267715454101563 0.0532760620117188 0.0517044067382813
0.0222396850585937 -0.07708740234375 0.04205322265625 0.037872314453125
-0.018890380859375 -0.0788192749023437 0.04443359375 0.058319091796875
-0.02264404296875 -0.0746841430664063 0.0479049682617187 0.0815887451171875
-0.0390396118164062 -0.086029052734375 0.0518035888671875 0.105766296386719
-0.0175857543945313 -0.0929641723632813 0.00895690917968749 0.129020690917969
0.0407028198242188 -0.0936279296875 -0.0309295654296875 0.114936828613281
0.0894775390625 -0.0479888916015625 -0.0747299194335938 0.0559844970703125
0.0955352783203125 0.0653915405273438 -0.0663490295410156 -0.00945663452148437
0.0306167602539062 0.114334106445313 0.020355224609375 0.0181808471679688
-0.0524673461914063 0.108413696289062 -0.010040283203125 0.164520263671875
0.0746536254882813 -0.01861572265625 0.00399780273437501 -0.197967529296875
0.00425720214843749 -0.0741958618164063 -0.0207710266113281 -0.0410194396972656
-0.05035400390625 -0.0433197021484375 0.0782470703125 0.0160064697265625
-0.0514640808105469 0.0151023864746094 0.111724853515625 -0.0691375732421875
-0.0236320495605469 0.0438270568847656 0.0517196655273437 -0.137260437011719
0.00992202758789063 0.0517501831054687 -0.0264892578125 -0.155654907226563
0.0132789611816406 0.036712646484375 -0.0831756591796875 -0.13189697265625
0.0103187561035156 0.0359268188476563 -0.074005126953125 -0.0949859619140625
0.00617599487304688 0.0400657653808594 -0.0645065307617187 -0.07305908203125
-0.0180759429931641 0.0290031433105469 -0.0516548156738281 -0.0647239685058594
-0.0328845977783203 -4.57763671875064E-05 -0.0587043762207031 -0.0626792907714844
-0.017578125 -0.0390663146972656 -0.0600433349609375 -0.098236083984375
0.0338592529296875 -0.0512771606445313 -0.03851318359375 -0.150375366210937
0.0768814086914062 -0.0247268676757812 -0.052032470703125 -0.200790405273438
0.0942916870117188 0.0195693969726563 -0.0525054931640625 -0.212722778320313
0.0883712768554688 0.0709075927734375 0.037200927734375 -0.198379516601562
0.0501937866210938 -0.0149688720703125 -0.00167083740234375 -0.0444717407226563
0.0207252502441406 -0.0210075378417969 0.0906295776367187 0.0239028930664063
0.00382614135742187 -0.0120363235473633 0.128616333007813 -0.0679702758789063
0.00454425811767578 -0.00318527221679688 0.06964111328125 -0.141189575195313
-0.000168323516845703 -0.00463056564331055 -0.022216796875 -0.166549682617188
-0.014892578125 -0.0155067443847656 -0.0863418579101563 -0.135826110839844
-0.0104770660400391 -0.0150365829467773 -0.077972412109375 -0.0891494750976563
-0.0169734954833984 -0.0159616470336914 -0.0691680908203125 -0.0689239501953125
-0.0150966644287109 -0.026611328125 -0.0596961975097656 -0.0592422485351562
0.0055389404296875 -0.0432929992675781 -0.0620765686035156 -0.0540008544921875
0.0430488586425781 -0.0478744506835938 -0.0631103515625 -0.0886764526367188
0.0885696411132813 -0.0006103515625 -0.045654296875 -0.132575988769531
0.110260009765625 0.0478973388671875 -0.052459716796875 -0.180419921875
0.0985488891601563 0.106704711914063 -0.0408782958984375 -0.188217163085938
0.082672119140625 0.15447998046875 0.072021484375 -0.166671752929688
0.0831146240234375 0.0592575073242188 0.0241317749023438 -0.0246143341064453
0.0937347412109375 0.0210418701171875 0.103782653808594 0.0432662963867188
0.0697555541992188 -0.0294075012207031 0.14605712890625 -0.052490234375
0.0430641174316406 -0.0488967895507812 0.0907440185546875 -0.129219055175781
-0.00207138061523438 -0.0634231567382813 -0.00823974609375 -0.162261962890625
-0.037200927734375 -0.0664749145507813 -0.07708740234375 -0.124237060546875
-0.029296875 -0.06329345703125 -0.0707550048828125 -0.06976318359375
-0.0406303405761719 -0.0675468444824219 -0.0632286071777344 -0.0500259399414063
-0.0194168090820312 -0.0783233642578125 -0.0626754760742188 -0.0371551513671875
0.029296875 -0.0886154174804688 -0.0661201477050781 -0.0302314758300781
0.0867233276367188 -0.06756591796875 -0.0711898803710938 -0.0670318603515625
0.138015747070313 0.0266799926757813 -0.057861328125 -0.107986450195313
0.141769409179688 0.0966796875 -0.05072021484375 -0.148513793945313
0.0973968505859375 0.171600341796875 -0.0307464599609375 -0.138320922851563
0.05718994140625 0.217208862304688 0.0992813110351563 -0.102996826171875
0.0936508178710938 0.134498596191406 0.0482330322265625 0.0172309875488281
0.1513671875 0.0780029296875 0.111244201660156 0.0730133056640625
0.135795593261719 -0.0296554565429687 0.156097412109375 -0.0226287841796875
0.086273193359375 -0.0827713012695313 0.105644226074219 -0.09930419921875
0.00370788574218751 -0.114303588867187 0.00914001464843751 -0.138214111328125
-0.0516433715820312 -0.108642578125 -0.056610107421875 -0.09783935546875
-0.0435333251953125 -0.10186767578125 -0.0536918640136719 -0.0404586791992188
-0.0619049072265625 -0.107528686523438 -0.0476799011230469 -0.0201339721679688
-0.0289535522460938 -0.117958068847656 -0.0564002990722656 -0.00298690795898438
0.0407257080078125 -0.126640319824219 -0.0629463195800781 0.00250625610351562
0.1123046875 -0.0906753540039063 -0.0764389038085938 -0.0382919311523438
0.172332763671875 0.036712646484375 -0.0664215087890625 -0.081146240234375
0.160842895507813 0.124237060546875 -0.0395584106445312 -0.112861633300781
0.0890960693359375 0.209808349609375 -0.0181655883789062 -0.07415771484375
0.0203857421875 0.242263793945313 0.1129150390625 -0.0197525024414062
0.0760040283203125 0.189254760742188 0.0648574829101563 0.0725479125976563
0.174209594726562 0.132904052734375 0.107147216796875 0.10528564453125
0.180816650390625 -0.0117645263671875 0.14959716796875 0.0173187255859375
0.121841430664062 -0.094696044921875 0.10888671875 -0.0548782348632813
0.014739990234375 -0.144058227539063 0.02545166015625 -0.097198486328125
-0.05596923828125 -0.134063720703125 -0.0296897888183594 -0.0594635009765625
-0.0502853393554687 -0.124481201171875 -0.0284576416015625 -0.00448226928710938
-0.0757904052734375 -0.130966186523438 -0.0223903656005859 0.0155811309814453
-0.038665771484375 -0.14007568359375 -0.0408744812011719 0.0352706909179688
0.04345703125 -0.149307250976563 -0.0533866882324219 0.0374412536621094
0.123298645019531 -0.103767395019531 -0.0759429931640625 -0.00724029541015624
0.1849365234375 0.0424346923828125 -0.069427490234375 -0.0557098388671875
0.158737182617188 0.138427734375 -0.0197830200195312 -0.0772247314453125
0.0670013427734375 0.222579956054688 -0.00425410270690918 -0.00410938262939452
-0.0193023681640625 0.2235107421875 0.111358642578125 0.069091796875
0.039886474609375 0.20361328125 0.0690383911132812 0.131202697753906
0.1536865234375 0.165267944335938 0.0915069580078125 0.129829406738281
0.187103271484375 0.013580322265625 0.1265869140625 0.0545120239257813
0.134567260742188 -0.0849761962890625 0.0974349975585938 -0.00820159912109376
0.0236358642578125 -0.14862060546875 0.0364761352539063 -0.0466995239257813
-0.0517349243164063 -0.138771057128906 -0.00104236602783204 -0.0144195556640625
-0.0501327514648437 -0.128028869628906 0.000448226928710934 0.0313625335693359
-0.0778274536132812 -0.135734558105469 0.00678634643554687 0.0511398315429687
-0.0406036376953125 -0.144500732421875 -0.02105712890625 0.0738449096679687
0.04345703125 -0.15216064453125 -0.0412521362304688 0.070709228515625
0.123344421386719 -0.10107421875 -0.0737686157226562 0.020721435546875
0.176773071289063 0.051605224609375 -0.0686836242675781 -0.0344390869140625
0.134109497070312 0.144546508789062 0.00217819213867188 -0.0439872741699219
0.033203125 0.210189819335937 0.00666427612304688 0.0645942687988281
-0.053497314453125 0.163497924804688 0.09893798828125 0.143966674804688
-0.00445556640624999 0.172409057617187 0.065155029296875 0.17730712890625
0.101837158203125 0.157806396484375 0.0709686279296875 0.1407470703125
0.1524658203125 0.031890869140625 0.0977401733398438 0.081298828125
0.118492126464844 -0.061065673828125 0.077850341796875 0.0301437377929687
0.0255126953125 -0.125846862792969 0.0422096252441406 0.00224304199218749
-0.0410232543945312 -0.119903564453125 0.0271434783935547 0.0287361145019531
-0.0421524047851563 -0.112213134765625 0.0303077697753906 0.0626945495605469
-0.0673599243164062 -0.120864868164063 0.0360641479492188 0.0847396850585938
-0.034912109375 -0.129280090332031 -0.000915527343749991 0.108375549316406
0.0431442260742188 -0.135261535644531 -0.0323638916015625 0.0997772216796875
0.114219665527344 -0.0823822021484375 -0.0730972290039062 0.0439224243164062
0.149246215820313 0.062591552734375 -0.0677413940429687 -0.0194282531738281
0.090362548828125 0.141159057617188 0.0178432464599609 -0.0123977661132812
-0.00970458984374998 0.176055908203125 0.00761413574218751 0.126579284667969
-0.0759658813476563 0.0743560791015625 0.0806884765625 0.18975830078125
-0.0415267944335938 0.106071472167969 0.057037353515625 0.20050048828125
0.0376815795898438 0.113983154296875 0.0555038452148438 0.138999938964844
0.0913925170898437 0.0355987548828125 0.0727767944335938 0.094757080078125
0.0778961181640625 -0.030792236328125 0.0596923828125 0.0532379150390625
0.0206375122070312 -0.0820541381835938 0.0452194213867188 0.0388679504394531
-0.0240859985351562 -0.0822296142578125 0.049591064453125 0.0605621337890625
-0.0275039672851562 -0.0790557861328125 0.0544967651367187 0.0858230590820313
-0.0448989868164062 -0.088958740234375 0.0580520629882813 0.111480712890625
-0.023193359375 -0.0973968505859375 0.0132217407226562 0.137863159179688
0.03900146484375 -0.100692749023438 -0.0294342041015625 0.122810363769531
0.0929946899414063 -0.0539779663085937 -0.0779190063476563 0.0615386962890625
0.1051025390625 0.0661697387695312 -0.0709609985351563 -0.00904083251953124
0.0361785888671875 0.119499206542969 0.0227642059326172 0.0165824890136719
-0.0511474609375 0.117408752441406 -0.00460815429687501 0.174407958984375
0.0774993896484375 -0.0254898071289063 -0.00811767578124998 -0.206634521484375
-0.000465393066406243 -0.0761795043945313 -0.0254783630371094 -0.0395240783691406
-0.0562324523925781 -0.0414009094238281 0.0840682983398437 0.012481689453125
-0.0527267456054688 0.0181846618652344 0.113609313964844 -0.0787124633789063
-0.021484375 0.0470008850097656 0.0457611083984375 -0.146469116210938
0.0147628784179688 0.0533218383789063 -0.036224365234375 -0.16192626953125
0.0169525146484375 0.0368843078613281 -0.0957183837890625 -0.133125305175781
0.0139198303222656 0.0355148315429688 -0.0834884643554688 -0.095001220703125
0.0101852416992188 0.0397109985351563 -0.0725250244140625 -0.0728302001953125
-0.0156688690185547 0.0315284729003906 -0.0584297180175781 -0.065338134765625
-0.0339775085449219 0.00233268737792969 -0.0651512145996094 -0.0629920959472656
-0.0208740234375 -0.0398139953613281 -0.0699234008789062 -0.100494384765625
0.0313301086425781 -0.0557174682617188 -0.0502777099609375 -0.15667724609375
0.0779876708984375 -0.0298538208007813 -0.065765380859375 -0.20819091796875
0.100433349609375 0.01446533203125 -0.0670928955078125 -0.22119140625
0.0979080200195313 0.0680999755859375 0.0261688232421875 -0.21014404296875
0.0508804321289062 -0.0170173645019531 -0.00590515136718749 -0.0447044372558594
0.0198707580566406 -0.022308349609375 0.0972137451171875 0.0203857421875
0.00278186798095703 -0.0130281448364258 0.131134033203125 -0.07794189453125
0.00476646423339844 -0.00457525253295898 0.06427001953125 -0.1519775390625
0.000121116638183593 -0.00503778457641602 -0.0327301025390625 -0.173095703125
-0.0165376663208008 -0.0145816802978516 -0.09857177734375 -0.136177062988281
-0.0112371444702148 -0.0159492492675781 -0.0865097045898438 -0.088653564453125
-0.0182113647460938 -0.0164241790771484 -0.0766754150390625 -0.0683059692382813
-0.0164642333984375 -0.0267429351806641 -0.0668907165527344 -0.0578842163085938
0.00356292724609375 -0.0450325012207031 -0.0692672729492188 -0.0529212951660156
0.0420036315917969 -0.05224609375 -0.0730667114257813 -0.0909957885742187
0.0924758911132812 -0.005828857421875 -0.056610107421875 -0.138618469238281
0.118194580078125 0.0433425903320313 -0.0666961669921875 -0.187423706054688
0.109786987304687 0.106346130371094 -0.0542449951171875 -0.196868896484375
0.0972137451171875 0.157669067382813 0.0643463134765625 -0.1788330078125
0.0897216796875 0.058624267578125 0.0209465026855469 -0.0261554718017578
0.0994110107421875 0.0162353515625 0.112434387207031 0.04095458984375
0.0710220336914062 -0.0353469848632813 0.15087890625 -0.0625
0.042755126953125 -0.054595947265625 0.0878753662109375 -0.140731811523438
-0.00646591186523438 -0.0665779113769531 -0.0183563232421875 -0.169342041015625
-0.0442123413085938 -0.0665168762207031 -0.087860107421875 -0.124786376953125
-0.0345840454101563 -0.0655288696289063 -0.0774459838867188 -0.0684967041015625
-0.0468406677246094 -0.0688095092773438 -0.0694046020507813 -0.0477294921875
-0.0247879028320313 -0.0798110961914063 -0.0683097839355469 -0.0339889526367188
0.0254898071289062 -0.0938568115234375 -0.0723953247070313 -0.0275955200195312
0.0871734619140625 -0.0764999389648438 -0.08038330078125 -0.0675048828125
0.146713256835938 0.0196990966796875 -0.0684738159179687 -0.112548828125
0.154022216796875 0.092193603515625 -0.0633087158203125 -0.154678344726562
0.113327026367188 0.174896240234375 -0.040557861328125 -0.14459228515625
0.0737762451171875 0.224960327148437 0.0964508056640625 -0.113746643066406
0.104988098144531 0.137214660644531 0.0492324829101563 0.0157394409179688
0.164566040039063 0.07232666015625 0.121673583984375 0.07220458984375
0.141357421875 -0.0392913818359375 0.163040161132813 -0.031158447265625
0.0865631103515625 -0.0927505493164063 0.106132507324219 -0.111091613769531
-0.00293731689453125 -0.118881225585938 0.00119018554687499 -0.145355224609375
-0.0618743896484375 -0.110107421875 -0.0653152465820313 -0.09808349609375
-0.0519866943359375 -0.104644775390625 -0.0574378967285156 -0.0376091003417969
-0.072235107421875 -0.108306884765625 -0.0507354736328125 -0.0165443420410156
-0.0378799438476563 -0.120674133300781 -0.0598487854003906 0.00123977661132813
0.0338287353515625 -0.134895324707031 -0.0671234130859375 0.00686264038085938
0.112503051757813 -0.1024169921875 -0.0841140747070312 -0.0361175537109375
0.1842041015625 0.0272979736328125 -0.0759429931640625 -0.0834808349609375
0.175674438476563 0.11968994140625 -0.049346923828125 -0.117774963378906
0.106094360351563 0.216445922851562 -0.023590087890625 -0.0781784057617187
0.0363922119140625 0.25372314453125 0.11541748046875 -0.0268478393554687
0.0908355712890625 0.194854736328125 0.0694503784179687 0.0730209350585938
0.192092895507813 0.129058837890625 0.118804931640625 0.106414794921875
0.1885986328125 -0.0239715576171875 0.159271240234375 0.0103607177734375
0.123237609863281 -0.107185363769531 0.112014770507813 -0.0647354125976563
0.00579833984375002 -0.151931762695313 0.0205535888671875 -0.1029052734375
-0.0680160522460938 -0.13629150390625 -0.0345458984375 -0.0592422485351563
-0.0615310668945313 -0.127586364746094 -0.0289039611816406 -0.0017833709716797
-0.0886001586914063 -0.1312255859375 -0.0229930877685547 0.0187263488769531
-0.0495452880859375 -0.143524169921875 -0.0413703918457031 0.0414619445800781
0.0345458984375 -0.1590576171875 -0.0548553466796875 0.0433120727539062
0.122474670410156 -0.116935729980469 -0.0816802978515625 -0.00372314453125
0.1981201171875 0.03192138671875 -0.0777435302734375 -0.05596923828125
0.174606323242188 0.1341552734375 -0.0266036987304687 -0.0820236206054687
0.0843658447265625 0.230224609375 -0.00473642349243163 -0.0053730010986328
-0.00671386718750002 0.236526489257813 0.118766784667969 0.0666656494140625
0.0526275634765625 0.2119140625 0.0778274536132813 0.133094787597656
0.172439575195313 0.164306640625 0.10369873046875 0.133613586425781
0.196319580078125 0.0030517578125 0.13818359375 0.0514602661132813
0.137092590332031 -0.0980682373046875 0.102752685546875 -0.0146026611328125
0.0144195556640625 -0.1561279296875 0.0341987609863281 -0.0511894226074219
-0.06427001953125 -0.141036987304688 -0.00126457214355469 -0.0141191482543945
-0.0614547729492188 -0.130615234375 0.00396537780761718 0.0339088439941406
-0.0911712646484375 -0.135650634765625 0.009918212890625 0.0545883178710937
-0.0527191162109375 -0.147140502929688 -0.0171890258789062 0.0801467895507812
0.03485107421875 -0.161712646484375 -0.0394668579101563 0.0771865844726563
0.122962951660156 -0.113601684570313 -0.0771026611328125 0.02581787109375
0.189956665039063 0.0423126220703125 -0.074798583984375 -0.0344085693359375
0.149765014648438 0.143402099609375 -0.00115966796874999 -0.048248291015625
0.0482940673828125 0.21990966796875 0.0106048583984375 0.0663185119628906
-0.0455322265625 0.174942016601563 0.110519409179688 0.144851684570313
0.00509643554687501 0.1817626953125 0.076629638671875 0.181686401367188
0.118148803710938 0.158920288085938 0.082855224609375 0.14599609375
0.161422729492188 0.0240020751953125 0.10797119140625 0.0811080932617188
0.120826721191406 -0.0720977783203125 0.0848846435546875 0.0270462036132812
0.0184173583984375 -0.132125854492188 0.0434379577636719 0.000160217285156242
-0.0515823364257813 -0.12249755859375 0.0301456451416016 0.0284252166748047
-0.0523529052734375 -0.1148681640625 0.0365409851074219 0.0651931762695312
-0.0785903930664063 -0.121162414550781 0.0423126220703125 0.0873184204101562
-0.0458450317382813 -0.13134765625 0.00509643554687499 0.115486145019531
0.0354766845703125 -0.144073486328125 -0.0281753540039063 0.106254577636719
0.114173889160156 -0.0936660766601563 -0.075408935546875 0.0508346557617188
0.161117553710938 0.0554962158203125 -0.0727081298828125 -0.017181396484375
0.103179931640625 0.141159057617188 0.0177230834960938 -0.0160732269287109
0.002197265625 0.185836791992188 0.0157394409179687 0.130844116210938
-0.07464599609375 0.0828170776367187 0.0938720703125 0.193740844726563
-0.0368576049804688 0.114662170410156 0.0705413818359375 0.2073974609375
0.048126220703125 0.116752624511719 0.0664825439453125 0.144638061523438
0.0980224609375 0.0311965942382812 0.0835800170898438 0.0966033935546875
0.0804214477539062 -0.0379104614257813 0.0670967102050781 0.0529556274414063
0.0155715942382812 -0.0866622924804688 0.0499534606933594 0.0377540588378906
-0.0314407348632813 -0.0842437744140625 0.0557823181152344 0.0609016418457031
-0.0340042114257813 -0.0806732177734375 0.0629730224609375 0.0873641967773438
-0.0535507202148438 -0.0889968872070313 0.0680465698242187 0.114364624023437
-0.031524658203125 -0.0989532470703125 0.022064208984375 0.144256591796875
0.0334014892578125 -0.107513427734375 -0.0239105224609375 0.130241394042969
0.092926025390625 -0.0626373291015625 -0.0787887573242188 0.069610595703125
0.114524841308594 0.0627288818359375 -0.07489013671875 -0.00595855712890625
0.0455780029296875 0.123016357421875 0.0252056121826172 0.0133247375488281
-0.0460662841796875 0.126518249511719 0.005401611328125 0.181076049804688
0.0769195556640625 -0.0321502685546875 -0.0235137939453125 -0.208786010742188
-0.00553894042968749 -0.0759963989257813 -0.0297393798828125 -0.0362129211425781
-0.060089111328125 -0.0371208190917969 0.0870132446289062 0.00738525390625
-0.0526275634765625 0.021759033203125 0.111053466796875 -0.0867996215820312
-0.0187950134277344 0.0488090515136719 0.0366973876953125 -0.150375366210938
0.0193061828613281 0.05255126953125 -0.0459747314453125 -0.162750244140625
0.0204696655273438 0.0365142822265625 -0.106552124023437 -0.129219055175781
0.0167560577392578 0.0337276458740234 -0.0910415649414062 -0.091827392578125
0.014007568359375 0.0382957458496094 -0.0787353515625 -0.069061279296875
-0.0124721527099609 0.0329036712646484 -0.0643234252929687 -0.062957763671875
-0.0332889556884766 0.00532341003417969 -0.070556640625 -0.0604324340820312
-0.0237503051757813 -0.0388107299804687 -0.0784530639648437 -0.0983810424804688
0.0274429321289063 -0.0586585998535156 -0.062255859375 -0.156661987304688
0.0766372680664063 -0.0350341796875 -0.08056640625 -0.207687377929688
0.102668762207031 0.00699615478515625 -0.0833892822265625 -0.222198486328125
0.104278564453125 0.0621414184570312 0.010894775390625 -0.214508056640625
0.0504226684570313 -0.0195121765136719 -0.0116348266601562 -0.0426445007324219
0.0184059143066406 -0.0233955383300781 0.101119995117188 0.015472412109375
0.00174427032470703 -0.013117790222168 0.129020690917969 -0.0877227783203125
0.00507450103759766 -0.00593280792236328 0.055999755859375 -0.158538818359375
0.000393867492675781 -0.00545120239257813 -0.04412841796875 -0.174301147460938
-0.0173797607421875 -0.0133514404296875 -0.109237670898437 -0.131263732910156
-0.0131111145019531 -0.0165290832519531 -0.0938034057617187 -0.0847091674804688
-0.0191287994384766 -0.0163784027099609 -0.0824050903320313 -0.063690185546875
-0.0167694091796875 -0.0263175964355469 -0.071685791015625 -0.054595947265625
0.000553131103515625 -0.0457725524902344 -0.074615478515625 -0.0491485595703125
0.0394020080566406 -0.0555000305175781 -0.0818939208984375 -0.0884552001953125
0.093475341796875 -0.0121383666992188 -0.068267822265625 -0.139610290527344
0.121353149414062 0.03619384765625 -0.080230712890625 -0.186996459960938
0.119110107421875 0.100532531738281 -0.0684661865234375 -0.197998046875
0.109603881835938 0.153411865234375 0.0521240234375 -0.185775756835938
0.0941162109375 0.0555191040039063 0.0176868438720703 -0.0257797241210938
0.103034973144531 0.01031494140625 0.117767333984375 0.035919189453125
0.070159912109375 -0.0407028198242188 0.150497436523438 -0.072509765625
0.0398902893066406 -0.0593681335449219 0.0800933837890625 -0.148635864257813
-0.0110549926757813 -0.067138671875 -0.029998779296875 -0.170639038085937
-0.0494880676269531 -0.064117431640625 -0.0977325439453125 -0.120285034179688
-0.0396881103515625 -0.0649299621582031 -0.082366943359375 -0.0641403198242188
-0.0517768859863281 -0.0666885375976563 -0.0738143920898438 -0.0430221557617188
-0.030029296875 -0.0790634155273438 -0.0722122192382812 -0.0287933349609375
0.0194549560546875 -0.0965805053710938 -0.0758590698242188 -0.02301025390625
0.0838394165039063 -0.0834884643554688 -0.0881881713867187 -0.0650558471679688
0.151107788085938 0.009857177734375 -0.0784683227539062 -0.112693786621094
0.162017822265625 0.083099365234375 -0.0750732421875 -0.154281616210938
0.128021240234375 0.171371459960938 -0.0511322021484375 -0.146484375
0.0905303955078125 0.224472045898437 0.088134765625 -0.122459411621094
0.115097045898438 0.134300231933594 0.0476837158203125 0.0142555236816406
0.172866821289063 0.0631561279296875 0.1295166015625 0.067352294921875
0.140518188476562 -0.0501632690429687 0.165374755859375 -0.041290283203125
0.0825042724609375 -0.10150146484375 0.10150146484375 -0.120002746582031
-0.011871337890625 -0.120193481445312 -0.00909423828124999 -0.14703369140625
-0.0707321166992188 -0.106979370117187 -0.072967529296875 -0.0942153930664062
-0.0604476928710937 -0.103500366210938 -0.0591888427734375 -0.0337409973144531
-0.0810470581054687 -0.104721069335938 -0.0531196594238281 -0.0123748779296875
-0.0472259521484375 -0.118888854980469 -0.0609779357910156 0.00690460205078123
0.0245285034179688 -0.138847351074219 -0.0691146850585938 0.0123138427734375
0.10772705078125 -0.111251831054688 -0.0903701782226563 -0.0319595336914063
0.189926147460938 0.0149078369140625 -0.0847702026367188 -0.0820236206054688
0.1856689453125 0.109588623046875 -0.0590591430664062 -0.118293762207031
0.123550415039063 0.21453857421875 -0.0288009643554687 -0.0800857543945312
0.0547637939453125 0.256668090820312 0.114028930664063 -0.0348968505859375
0.103729248046875 0.193222045898438 0.0718917846679688 0.0711441040039063
0.20562744140625 0.118927001953125 0.128555297851563 0.102645874023438
0.190093994140625 -0.0364837646484375 0.163299560546875 0.0018157958984375
0.118949890136719 -0.118682861328125 0.110725402832031 -0.0735702514648438
-0.00502014160156249 -0.153305053710938 0.0130844116210938 -0.10552978515625
-0.0795364379882812 -0.133033752441406 -0.0388107299804688 -0.0564460754394531
-0.0719833374023437 -0.125587463378906 -0.0278472900390625 0.00136375427246093
-0.0993576049804688 -0.126045227050781 -0.0216770172119141 0.0225009918212891
-0.0610809326171875 -0.141021728515625 -0.0389633178710938 0.046173095703125
0.0230712890625 -0.163406372070312 -0.0534477233886719 0.04852294921875
0.116355895996094 -0.127815246582031 -0.0853958129882813 0.000938415527343748
0.204452514648438 0.0185699462890625 -0.0845489501953125 -0.0541305541992187
0.186813354492188 0.12469482421875 -0.0341567993164062 -0.0835952758789062
0.102813720703125 0.230178833007813 -0.00493812561035155 -0.00695896148681639
0.00985717773437499 0.24163818359375 0.122352600097656 0.060089111328125
0.066650390625 0.213623046875 0.0852813720703125 0.130805969238281
0.18841552734375 0.155624389648438 0.114212036132813 0.131340026855469
0.199462890625 -0.0105743408203125 0.144439697265625 0.0445404052734375
0.133834838867188 -0.110092163085938 0.104782104492188 -0.0218734741210938
0.00396728515625001 -0.159194946289063 0.0308837890625 -0.0532569885253906
-0.0763092041015625 -0.1373291015625 -0.00211143493652344 -0.0123996734619141
-0.0726089477539063 -0.129371643066406 0.00881195068359375 0.0356864929199219
-0.102890014648437 -0.129364013671875 0.01385498046875 0.0563583374023437
-0.064788818359375 -0.143508911132813 -0.01177978515625 0.0836868286132812
0.0228271484375 -0.165878295898438 -0.03558349609375 0.081787109375
0.116592407226563 -0.124504089355469 -0.078369140625 0.0308990478515625
0.196334838867188 0.0294342041015625 -0.0798797607421875 -0.0317153930664062
0.160675048828125 0.134323120117188 -0.0062103271484375 -0.0513229370117188
0.0641326904296875 0.2213134765625 0.0156021118164062 0.06488037109375
-0.033935546875 0.182144165039063 0.119888305664063 0.141311645507813
0.017333984375 0.184661865234375 0.087554931640625 0.179885864257813
0.132064819335938 0.154006958007813 0.094207763671875 0.145050048828125
0.165817260742188 0.01324462890625 0.11676025390625 0.076690673828125
0.118637084960938 -0.0818939208984375 0.0887527465820313 0.0218505859375
0.00881195068359374 -0.13494873046875 0.0436668395996094 -0.00304412841796876
-0.061920166015625 -0.119560241699219 0.0330238342285156 0.0273628234863281
-0.061981201171875 -0.112770080566406 0.0434188842773437 0.06500244140625
-0.0891494750976563 -0.115669250488281 0.0493011474609375 0.08746337890625
-0.0564117431640625 -0.128753662109375 0.0132369995117188 0.118400573730469
0.0249481201171875 -0.148422241210938 -0.02239990234375 0.11029052734375
0.108818054199219 -0.103286743164063 -0.0741424560546875 0.055877685546875
0.168014526367188 0.0447540283203125 -0.0765228271484375 -0.01434326171875
0.114540100097656 0.136093139648438 0.0162792205810547 -0.0196323394775391
0.015350341796875 0.189590454101563 0.0252304077148438 0.13116455078125
-0.0699539184570313 0.0902099609375 0.107208251953125 0.192214965820313
-0.0298919677734375 0.118843078613281 0.083892822265625 0.20654296875
0.0581130981445313 0.11541748046875 0.07745361328125 0.14410400390625
0.101669311523437 0.0245285034179687 0.0927886962890625 0.0937118530273438
0.0792770385742188 -0.0444717407226563 0.072845458984375 0.0492630004882813
0.00914764404296876 -0.0886459350585938 0.053253173828125 0.0353965759277344
-0.0392379760742188 -0.0820083618164063 0.060791015625 0.0579452514648438
-0.041839599609375 -0.0794601440429687 0.0713348388671875 0.084869384765625
-0.0615310668945312 -0.0856399536132813 0.077178955078125 0.112907409667969
-0.0392684936523438 -0.0963897705078125 0.031982421875 0.145584106445313
0.025146484375 -0.111724853515625 -0.0166168212890625 0.134048461914063
0.089447021484375 -0.0700225830078125 -0.0761184692382812 0.0756072998046875
0.121513366699219 0.0550308227539063 -0.0775299072265625 -0.0025787353515625
0.053741455078125 0.121040344238281 0.025848388671875 0.00889968872070313
-0.0373001098632813 0.131942749023438 0.018890380859375 0.182952880859375
0.0749740600585938 -0.0370254516601563 -0.0333709716796875 -0.20684814453125
-0.00954437255859374 -0.07501220703125 -0.0312004089355469 -0.0317401885986328
-0.0620040893554688 -0.0335426330566406 0.087554931640625 0.00402069091796875
-0.0516548156738281 0.0246658325195313 0.1072998046875 -0.090728759765625
-0.0157814025878906 0.0498504638671875 0.0316009521484375 -0.151092529296875
0.0226593017578125 0.0504722595214844 -0.053497314453125 -0.160476684570313
0.0233421325683594 0.0341014862060547 -0.112213134765625 -0.12335205078125
0.0185985565185547 0.0314369201660156 -0.0959243774414062 -0.0872802734375
0.0157699584960938 0.03582763671875 -0.0821990966796875 -0.0656967163085937
-0.00908470153808594 0.0323390960693359 -0.0672225952148438 -0.0606269836425781
-0.0312232971191406 0.00738143920898438 -0.0736160278320313 -0.0582046508789062
-0.0253486633300781 -0.0371856689453125 -0.08441162109375 -0.0959014892578125
0.0240554809570313 -0.0584793090820312 -0.069580078125 -0.154312133789063
0.0742340087890625 -0.03759765625 -0.0891265869140625 -0.204269409179688
0.102729797363281 0.00107574462890625 -0.092681884765625 -0.21893310546875
0.107002258300781 0.0562591552734375 9.15527343750081E-05 -0.213943481445313
0.0487327575683594 -0.0206184387207031 -0.0144805908203125 -0.0394630432128906
0.0171794891357422 -0.0239639282226563 0.102630615234375 0.0115890502929688
0.00074291229248047 -0.0135736465454102 0.125785827636719 -0.0917205810546875
0.00495052337646484 -0.00599527359008789 0.049591064453125 -0.159317016601563
8.96453857421879E-05 -0.0058293342590332 -0.051483154296875 -0.171661376953125
-0.0175151824951172 -0.0131607055664062 -0.115333557128906 -0.126029968261719
-0.0135469436645508 -0.0173168182373047 -0.0972442626953125 -0.0808868408203125
-0.0197391510009766 -0.0169277191162109 -0.08526611328125 -0.0594100952148437
-0.0171184539794922 -0.0254611968994141 -0.0746002197265625 -0.0511093139648438
-0.000270843505859379 -0.0447273254394531 -0.0771865844726563 -0.0463333129882813
0.0368423461914063 -0.0571022033691406 -0.0878143310546875 -0.0859756469726562
0.0926589965820313 -0.015869140625 -0.075897216796875 -0.136375427246094
0.121681213378906 0.031005859375 -0.089202880859375 -0.183609008789063
0.123435974121094 0.0943603515625 -0.077117919921875 -0.19647216796875
0.116958618164063 0.147964477539063 0.041046142578125 -0.187362670898437
0.0959243774414063 0.05242919921875 0.0138454437255859 -0.0248374938964844
0.10345458984375 0.00605010986328125 0.120407104492188 0.0320358276367188
0.0683479309082031 -0.0441627502441406 0.148452758789063 -0.0782012939453125
0.0376510620117187 -0.0619544982910156 0.0739898681640625 -0.15203857421875
-0.0137557983398438 -0.0660781860351563 -0.037628173828125 -0.168106079101563
-0.0526313781738281 -0.0612411499023437 -0.102821350097656 -0.114479064941406
-0.0434379577636719 -0.0642051696777344 -0.0836639404296875 -0.060333251953125
-0.0554847717285156 -0.0644645690917969 -0.0750885009765625 -0.0388717651367188
-0.0328903198242188 -0.0770492553710938 -0.073486328125 -0.0254592895507813
0.0150146484375 -0.0969161987304688 -0.077545166015625 -0.0195693969726562
0.0803298950195313 -0.087005615234375 -0.0930404663085938 -0.0613937377929688
0.151473999023438 0.0026702880859375 -0.0852890014648438 -0.110359191894531
0.164566040039063 0.075592041015625 -0.082916259765625 -0.15191650390625
0.135421752929688 0.16552734375 -0.0578155517578125 -0.14605712890625
0.101089477539062 0.21990966796875 0.0808334350585938 -0.125030517578125
0.120071411132813 0.130393981933594 0.0457000732421875 0.0128555297851563
0.176345825195313 0.05596923828125 0.133522033691406 0.063934326171875
0.138191223144531 -0.0559768676757813 0.164352416992188 -0.047607421875
0.078369140625 -0.105865478515625 0.0963592529296875 -0.124275207519531
-0.0175704956054688 -0.119125366210937 -0.01617431640625 -0.145843505859375
-0.0761489868164063 -0.102249145507813 -0.076629638671875 -0.0900802612304688
-0.0657501220703125 -0.100494384765625 -0.0588188171386719 -0.0305557250976563
-0.0859909057617188 -0.100044250488281 -0.0533065795898438 -0.00878906250000001
-0.0526351928710937 -0.115135192871094 -0.0604705810546875 0.0107307434082031
0.0178298950195312 -0.138877868652344 -0.0685386657714844 0.0155258178710937
0.10284423828125 -0.117012023925781 -0.0938034057617188 -0.0289459228515625
0.191009521484375 0.005859375 -0.0902481079101562 -0.079742431640625
0.189682006835937 0.100540161132812 -0.0652313232421875 -0.117202758789063
0.133193969726563 0.209320068359375 -0.0330734252929687 -0.0800399780273437
0.0669708251953125 0.254074096679688 0.109138488769531 -0.0391845703125
0.111831665039063 0.190826416015625 0.071746826171875 0.067901611328125
0.212127685546875 0.109817504882813 0.134132385253906 0.0994110107421875
0.188064575195313 -0.0450897216796875 0.1649169921875 -0.0044708251953125
0.11419677734375 -0.125236511230469 0.107467651367188 -0.0787887573242188
-0.012451171875 -0.152420043945312 0.00753784179687499 -0.105072021484375
-0.0869216918945313 -0.12750244140625 -0.0412330627441406 -0.053619384765625
-0.0783538818359375 -0.121994018554688 -0.0256862640380859 0.00312042236328124
-0.105857849121094 -0.119941711425781 -0.0203990936279297 0.0246734619140625
-0.0675201416015625 -0.13580322265625 -0.0365447998046875 0.0499496459960938
0.0148468017578125 -0.163177490234375 -0.0517807006835938 0.0515708923339843
0.11004638671875 -0.132354736328125 -0.0873947143554687 0.0050506591796875
0.205413818359375 0.0080718994140625 -0.0879287719726562 -0.051025390625
0.190994262695313 0.114288330078125 -0.0390243530273437 -0.0837173461914062
0.113861083984375 0.226181030273437 -0.00526189804077148 -0.00860309600830077
0.02081298828125 0.241180419921875 0.123359680175781 0.0547332763671875
0.0750885009765625 0.211074829101563 0.0876388549804688 0.127006530761719
0.196380615234375 0.146316528320313 0.121719360351563 0.128936767578125
0.198867797851563 -0.0196533203125 0.147247314453125 0.03887939453125
0.128761291503906 -0.117073059082031 0.104393005371094 -0.027008056640625
-0.00447082519531249 -0.156997680664063 0.0275955200195313 -0.0537109375
-0.0838851928710938 -0.1318359375 -0.00147533416748047 -0.0116147994995117
-0.078582763671875 -0.12542724609375 0.0116386413574219 0.0354118347167969
-0.109245300292969 -0.12353515625 0.0168952941894531 0.0572853088378906
-0.0718460083007812 -0.138198852539063 -0.0078887939453125 0.0866317749023437
0.0137786865234375 -0.166488647460938 -0.0322265625 0.0836257934570312
0.109413146972656 -0.130027770996094 -0.0782699584960938 0.0336532592773437
0.197921752929688 0.01910400390625 -0.0827484130859375 -0.0292434692382812
0.166427612304688 0.126358032226563 -0.00994491577148436 -0.0527877807617187
0.0760498046875 0.219024658203125 0.0179786682128906 0.0629425048828125
-0.0248565673828125 0.183929443359375 0.123031616210938 0.136070251464844
0.0253448486328125 0.184555053710938 0.0931549072265625 0.175216674804688
0.140609741210938 0.147735595703125 0.1005859375 0.142379760742188
0.16571044921875 0.004547119140625 0.120361328125 0.0717239379882813
0.114654541015625 -0.0887680053710938 0.0898513793945313 0.0180511474609375
0.00164794921875001 -0.134071350097656 0.04278564453125 -0.00386810302734376
-0.0692901611328125 -0.114105224609375 0.0346012115478516 0.0269966125488281
-0.068328857421875 -0.1090087890625 0.047882080078125 0.0632171630859375
-0.09552001953125 -0.109870910644531 0.0533294677734375 0.0864410400390625
-0.0629501342773437 -0.123306274414063 0.0189361572265625 0.118919372558594
0.0162200927734375 -0.148208618164063 -0.0175552368164063 0.111465454101562
0.102752685546875 -0.108551025390625 -0.072540283203125 0.0588531494140625
0.170700073242187 0.0360565185546875 -0.0781402587890625 -0.01220703125
0.120086669921875 0.130294799804688 0.0141143798828125 -0.0224990844726562
0.0245361328125 0.1885986328125 0.0307769775390625 0.128089904785156
-0.0653762817382812 0.09295654296875 0.113571166992188 0.18878173828125
-0.023345947265625 0.120742797851563 0.09161376953125 0.202102661132813
0.064727783203125 0.112739562988281 0.08367919921875 0.141372680664063
0.102638244628906 0.0183868408203125 0.0976028442382813 0.0904541015625
0.0763015747070313 -0.0486602783203125 0.0759811401367188 0.0465774536132813
0.00404357910156251 -0.0875625610351563 0.0542068481445313 0.033294677734375
-0.044219970703125 -0.0784225463867188 0.0641288757324219 0.0553741455078125
-0.046295166015625 -0.0768814086914063 0.0765304565429688 0.08184814453125
-0.0660247802734375 -0.0814895629882812 0.081939697265625 0.110023498535156
-0.0445632934570313 -0.0926437377929688 0.0389862060546875 0.145492553710938
0.0193405151367187 -0.111961364746094 -0.0106582641601563 0.134429931640625
0.0853652954101563 -0.074188232421875 -0.0734786987304687 0.0786895751953125
0.123985290527344 0.0489654541015625 -0.078704833984375 -0.000473022460937491
0.0598526000976563 0.118080139160156 0.0256309509277344 0.00577735900878907
-0.0305023193359375 0.133094787597656 0.026885986328125 0.179855346679687
0.073577880859375 -0.0397109985351563 -0.0392303466796875 -0.204986572265625
-0.0113754272460938 -0.0735931396484375 -0.0323505401611328 -0.0286369323730469
-0.0625 -0.0306015014648438 0.0891571044921875 0.002593994140625
-0.0513916015625 0.0259895324707031 0.106719970703125 -0.0934295654296875
-0.0149612426757813 0.049896240234375 0.02947998046875 -0.151336669921875
0.0246658325195313 0.0488395690917969 -0.05621337890625 -0.160446166992188
0.0250587463378906 0.0328845977783203 -0.115440368652344 -0.121536254882813
0.0192546844482422 0.0298233032226563 -0.0979766845703125 -0.0864791870117188
0.0170650482177734 0.0326995849609375 -0.0836944580078125 -0.0647048950195313
-0.00661277770996094 0.0314540863037109 -0.0696487426757812 -0.0597343444824219
-0.0299110412597656 0.00864219665527344 -0.075836181640625 -0.0582199096679687
-0.0261116027832031 -0.035980224609375 -0.0873260498046875 -0.095245361328125
0.0221405029296875 -0.0583229064941406 -0.0729522705078125 -0.152877807617187
0.072784423828125 -0.0382232666015625 -0.0923919677734375 -0.2025146484375
0.102195739746094 -0.0018310546875 -0.0971221923828125 -0.219039916992188
0.107994079589844 0.0530853271484375 -0.00672912597656247 -0.213638305664062
0.0479545593261719 -0.0204582214355469 -0.0163497924804688 -0.0366706848144531
0.0168285369873047 -0.0230522155761719 0.104133605957031 0.0104904174804687
2.76565551757811E-05 -0.0127830505371094 0.125328063964844 -0.093658447265625
0.00443124771118164 -0.0072026252746582 0.047210693359375 -0.16064453125
0.000946998596191406 -0.00649690628051758 -0.05450439453125 -0.170455932617188
-0.0175399780273438 -0.0126619338989258 -0.118522644042969 -0.122886657714844
-0.0140266418457031 -0.0176582336425781 -0.0984420776367188 -0.0790557861328125
-0.0198936462402344 -0.0174808502197266 -0.0866241455078125 -0.0579299926757813
-0.0160293579101562 -0.0255794525146484 -0.0762786865234375 -0.0495529174804687
-0.000320434570312497 -0.0444107055664063 -0.079559326171875 -0.0455856323242188
0.0358505249023438 -0.0576133728027344 -0.091064453125 -0.084991455078125
0.0920333862304687 -0.0172195434570313 -0.0788345336914062 -0.136001586914063
0.121665954589844 0.028533935546875 -0.0928497314453125 -0.182876586914063
0.125465393066406 0.0914382934570312 -0.081695556640625 -0.196533203125
0.120376586914063 0.145034790039063 0.035430908203125 -0.188339233398438
0.0965576171875 0.0520172119140625 0.0115585327148438 -0.0227012634277344
0.104415893554688 0.00432586669921875 0.123016357421875 0.0308837890625
0.0670051574707031 -0.0450859069824219 0.147750854492188 -0.0806732177734375
0.03656005859375 -0.0640373229980469 0.071868896484375 -0.1533203125
-0.0154151916503906 -0.0654144287109375 -0.0406646728515625 -0.166641235351563
-0.0539436340332031 -0.0593833923339844 -0.104904174804688 -0.111663818359375
-0.0450286865234375 -0.0638771057128906 -0.0843963623046875 -0.0585098266601563
-0.0570259094238281 -0.0638313293457031 -0.0759353637695313 -0.0369873046875
-0.0335845947265625 -0.0760345458984375 -0.0737762451171875 -0.0224990844726563
0.0136566162109375 -0.0965652465820313 -0.0792236328125 -0.0179443359375
0.0789031982421875 -0.0889434814453125 -0.0965957641601562 -0.0602493286132813
0.1514892578125 -0.0002593994140625 -0.0890579223632812 -0.109931945800781
0.16448974609375 0.072601318359375 -0.08685302734375 -0.152130126953125
0.13897705078125 0.1627197265625 -0.0612640380859375 -0.14642333984375
0.106704711914062 0.21826171875 0.0756683349609375 -0.126876831054688
0.122138977050781 0.129951477050781 0.0433692932128906 0.0143814086914063
0.179458618164063 0.0518798828125 0.136337280273437 0.063140869140625
0.137138366699219 -0.0588836669921875 0.164779663085938 -0.0501556396484375
0.076904296875 -0.1090087890625 0.0946502685546875 -0.125877380371094
-0.0203399658203125 -0.1180419921875 -0.0193634033203125 -0.144424438476563
-0.0790786743164062 -0.0989990234375 -0.0778732299804688 -0.0873565673828125
-0.0691070556640625 -0.100181579589844 -0.05816650390625 -0.0293159484863281
-0.0890960693359375 -0.097412109375 -0.0526351928710938 -0.00669097900390626
-0.0541915893554688 -0.112861633300781 -0.0600395202636719 0.0133399963378906
0.0149688720703125 -0.138816833496094 -0.0692138671875 0.0174598693847656
0.100273132324219 -0.119026184082031 -0.0972518920898438 -0.0279006958007812
0.191421508789063 0.0013885498046875 -0.0940780639648437 -0.0794754028320312
0.190933227539063 0.0962677001953125 -0.0688018798828125 -0.1173095703125
0.138748168945313 0.207672119140625 -0.0350799560546875 -0.081573486328125
0.07232666015625 0.253372192382813 0.105247497558594 -0.041473388671875
0.114639282226562 0.189422607421875 0.0703353881835938 0.0684967041015625
0.2159423828125 0.105682373046875 0.138046264648438 0.098876953125
0.187347412109375 -0.0490875244140625 0.165725708007813 -0.0068511962890625
0.111724853515625 -0.129196166992188 0.107002258300781 -0.0807876586914063
-0.0160369873046875 -0.150955200195313 0.00482177734375001 -0.10406494140625
-0.0904922485351563 -0.123771667480469 -0.0415687561035156 -0.0519371032714844
-0.0822982788085938 -0.120750427246094 -0.0238456726074219 0.00395584106445312
-0.108970642089844 -0.116111755371094 -0.0191802978515625 0.0262641906738281
-0.070587158203125 -0.131950378417969 -0.0352859497070313 0.05230712890625
0.010467529296875 -0.1630859375 -0.0513038635253906 0.0530967712402344
0.106758117675781 -0.13555908203125 -0.0894622802734375 0.00611877441406249
0.206634521484375 0.003448486328125 -0.092010498046875 -0.0507278442382812
0.193008422851563 0.110702514648438 -0.0420761108398437 -0.083984375
0.119461059570313 0.224411010742187 -0.00624942779541015 -0.0100917816162109
0.026123046875 0.241241455078125 0.121566772460938 0.0524444580078125
0.0799713134765625 0.2108154296875 0.0875015258789063 0.126091003417969
0.202072143554688 0.143264770507813 0.125083923339844 0.127685546875
0.198074340820312 -0.024322509765625 0.14935302734375 0.03619384765625
0.12640380859375 -0.121223449707031 0.103935241699219 -0.0289688110351563
-0.00886535644531252 -0.1561279296875 0.0259971618652344 -0.0533103942871094
-0.0878753662109375 -0.127357482910156 -0.00186252593994141 -0.0108709335327149
-0.0827713012695313 -0.122581481933594 0.0144119262695313 0.03607177734375
-0.112823486328125 -0.119026184082031 0.0186080932617187 0.0588912963867187
-0.0753707885742188 -0.134170532226563 -0.00514984130859376 0.08831787109375
0.00877380371093751 -0.165863037109375 -0.0309600830078125 0.0849075317382812
0.106285095214844 -0.13250732421875 -0.0796661376953125 0.0357513427734375
0.198516845703125 0.0146331787109375 -0.0852813720703125 -0.0292434692382813
0.168136596679688 0.121612548828125 -0.0118026733398437 -0.0536460876464844
0.081024169921875 0.218215942382813 0.0184173583984375 0.0616073608398438
-0.0208740234375 0.185012817382813 0.124214172363281 0.134712219238281
0.0293426513671875 0.184661865234375 0.094390869140625 0.174285888671875
0.145889282226563 0.144256591796875 0.104660034179688 0.141830444335938
0.165939331054688 0.000579833984375 0.123123168945313 0.0701980590820313
0.112846374511719 -0.0926895141601562 0.0910263061523438 0.0162582397460937
-0.00182342529296875 -0.132843017578125 0.0422630310058594 -0.00376129150390626
-0.0730133056640625 -0.110572814941406 0.03656005859375 0.0270919799804687
-0.0715255737304687 -0.107032775878906 0.0513191223144531 0.0626869201660156
-0.0986557006835937 -0.106414794921875 0.055877685546875 0.0867233276367187
-0.0665664672851562 -0.119735717773438 0.0218276977539062 0.120170593261719
0.0113677978515625 -0.148208618164062 -0.0152435302734375 0.111747741699219
0.0995101928710937 -0.110504150390625 -0.0728607177734375 0.0604934692382812
0.171112060546875 0.0317230224609375 -0.0807113647460937 -0.011199951171875
0.122154235839844 0.127120971679688 0.0122852325439453 -0.02484130859375
0.0298309326171875 0.188796997070313 0.0329132080078125 0.12591552734375
-0.0625762939453125 0.0951995849609375 0.115737915039063 0.187225341796875
-0.0201950073242187 0.121231079101563 0.0935516357421875 0.200057983398438
0.0686798095703125 0.110786437988281 0.0862274169921875 0.140762329101563
0.102005004882813 0.0153274536132813 0.100059509277344 0.0882339477539063
0.075531005859375 -0.0514144897460938 0.0770034790039063 0.0455322265625
0.0017242431640625 -0.086395263671875 0.0546150207519531 0.0326919555664062
-0.0477294921875 -0.0753021240234375 0.066253662109375 0.0544395446777344
-0.0487823486328125 -0.0751113891601563 0.0796356201171875 0.0808258056640625
-0.0681686401367188 -0.0786590576171875 0.085296630859375 0.109260559082031
-0.0467910766601562 -0.0904159545898438 0.04266357421875 0.145660400390625
0.0153427124023438 -0.112403869628906 -0.00849151611328124 0.134414672851562
0.0832366943359375 -0.0764007568359375 -0.0731430053710938 0.0798187255859375
0.124687194824219 0.0456619262695313 -0.0806121826171875 0.000465393066406242
0.0623092651367188 0.117301940917969 0.0244846343994141 0.0025920867919922
-0.0265274047851563 0.133857727050781 0.0309600830078125 0.177764892578125
0.07379150390625 -0.0414352416992188 -0.042144775390625 -0.208023071289063
-0.0121307373046875 -0.07415771484375 -0.0333614349365234 -0.026275634765625
-0.0641021728515625 -0.0290412902832031 0.0917816162109375 0.0026397705078125
-0.0521087646484375 0.0279006958007813 0.10931396484375 -0.0955734252929687
-0.0147438049316406 0.0508155822753906 0.03057861328125 -0.1546630859375
0.0260810852050781 0.0485877990722656 -0.058013916015625 -0.164581298828125
0.0266075134277344 0.0320682525634766 -0.119369506835938 -0.122962951660156
0.0200004577636719 0.0293941497802734 -0.1015625 -0.0885467529296875
0.0176429748535156 0.0316791534423828 -0.086212158203125 -0.0661544799804688
-0.00502204895019531 0.030853271484375 -0.0718231201171875 -0.0614013671875
-0.0295143127441406 0.00859260559082031 -0.0792388916015625 -0.0597686767578125
-0.0272026062011719 -0.0363044738769531 -0.0908203125 -0.0969085693359375
0.0220451354980469 -0.0588035583496094 -0.0744781494140625 -0.155960083007813
0.073883056640625 -0.039306640625 -0.0945281982421875 -0.207244873046875
0.103462219238281 -0.0036468505859375 -0.10040283203125 -0.2237548828125
0.109809875488281 0.0529327392578125 -0.0102081298828125 -0.217117309570312
0.0483665466308594 -0.0200729370117187 -0.017822265625 -0.0345306396484375
0.0177154541015625 -0.0226650238037109 0.107635498046875 0.0111770629882813
-0.000559806823730468 -0.012904167175293 0.1282958984375 -0.0965728759765625
0.00457048416137695 -0.00746488571166992 0.0486297607421875 -0.16375732421875
0.00123071670532226 -0.00705099105834961 -0.0565032958984375 -0.174209594726563
-0.0166311264038086 -0.0126199722290039 -0.12152099609375 -0.124259948730469
-0.0144824981689453 -0.0193080902099609 -0.101043701171875 -0.0807037353515625
-0.0204181671142578 -0.0186538696289063 -0.089080810546875 -0.058990478515625
-0.0149383544921875 -0.0266799926757813 -0.0781707763671875 -0.0502395629882813
0.000434875488281249 -0.0452880859375 -0.08197021484375 -0.0465316772460938
0.0369415283203125 -0.0587425231933594 -0.095458984375 -0.0867996215820313
0.0936279296875 -0.0175018310546875 -0.081573486328125 -0.1392822265625
0.123558044433594 0.0289306640625 -0.096160888671875 -0.1875
0.127784729003906 0.0922393798828125 -0.0849761962890625 -0.20184326171875
0.123992919921875 0.147003173828125 0.0323028564453125 -0.19195556640625
0.0987091064453125 0.05401611328125 0.00936698913574219 -0.0209159851074219
0.107498168945313 0.00469207763671875 0.127479553222656 0.03155517578125
0.0679512023925781 -0.0459861755371094 0.151611328125 -0.0833892822265625
0.0367355346679688 -0.0666313171386719 0.0730743408203125 -0.15679931640625
-0.0161590576171875 -0.0665969848632813 -0.04266357421875 -0.16961669921875
-0.0554962158203125 -0.0591659545898438 -0.108299255371094 -0.112579345703125
-0.0469932556152344 -0.0650787353515625 -0.0856781005859375 -0.059844970703125
-0.0591850280761719 -0.06494140625 -0.0780258178710938 -0.037109375
-0.0334625244140625 -0.0771026611328125 -0.0760574340820313 -0.022216796875
0.0139617919921875 -0.0983352661132813 -0.0816421508789063 -0.0172576904296875
0.0797576904296875 -0.0913772583007813 -0.101226806640625 -0.0618133544921875
0.154983520507813 -0.0010223388671875 -0.0928192138671875 -0.112480163574219
0.167434692382812 0.072845458984375 -0.0904541015625 -0.155715942382813
0.143295288085938 0.1658935546875 -0.063629150390625 -0.1513671875
0.110931396484375 0.222686767578125 0.073638916015625 -0.130172729492188
0.124847412109375 0.133651733398438 0.0413093566894531 0.0167312622070313
0.185195922851563 0.051727294921875 0.142303466796875 0.06427001953125
0.140396118164063 -0.0601882934570313 0.169296264648438 -0.0520172119140625
0.0774612426757813 -0.113327026367188 0.0965347290039063 -0.129348754882813
-0.0219802856445312 -0.119338989257813 -0.020538330078125 -0.146499633789063
-0.0817337036132813 -0.0981369018554688 -0.0796661376953125 -0.0874481201171875
-0.07147216796875 -0.102073669433594 -0.0582466125488281 -0.0300674438476563
-0.0921249389648438 -0.0985031127929687 -0.0533676147460938 -0.00610351562500001
-0.056182861328125 -0.11370849609375 -0.0610122680664063 0.0154304504394531
0.013427734375 -0.141387939453125 -0.071807861328125 0.0186767578125
0.10205078125 -0.122894287109375 -0.101387023925781 -0.0277328491210937
0.195968627929688 -9.1552734375E-05 -0.0985107421875 -0.0809478759765625
0.194808959960937 0.097442626953125 -0.0723419189453125 -0.120315551757813
0.142868041992188 0.21148681640625 -0.0378952026367188 -0.0846633911132812
0.0758056640625 0.258834838867188 0.104782104492188 -0.042022705078125
0.117828369140625 0.194686889648438 0.0686874389648438 0.0712203979492188
0.223037719726563 0.106170654296875 0.143630981445313 0.1016845703125
0.191207885742188 -0.0513916015625 0.170135498046875 -0.00830078125
0.113525390625 -0.134864807128906 0.108901977539063 -0.0831069946289063
-0.0181427001953125 -0.152481079101563 0.00421905517578125 -0.104957580566406
-0.0939254760742188 -0.123260498046875 -0.0422630310058594 -0.0512275695800781
-0.0860061645507813 -0.121856689453125 -0.0221652984619141 0.00379753112792968
-0.11328125 -0.116600036621094 -0.0191059112548828 0.0287685394287109
-0.0726776123046875 -0.132789611816406 -0.0348281860351563 0.0552406311035156
0.00862121582031249 -0.166595458984375 -0.0526390075683594 0.0549850463867188
0.10833740234375 -0.139610290527344 -0.0935516357421875 0.00651550292968749
0.211395263671875 0.00146484375 -0.0966110229492188 -0.05206298828125
0.19647216796875 0.111663818359375 -0.0451507568359375 -0.0872039794921875
0.124862670898437 0.22998046875 -0.00742244720458984 -0.0113401412963867
0.0289459228515625 0.24749755859375 0.121536254882813 0.053741455078125
0.0820159912109375 0.215805053710938 0.086517333984375 0.129539489746094
0.209259033203125 0.144180297851563 0.13031005859375 0.130912780761719
0.2020263671875 -0.0263671875 0.154037475585938 0.03692626953125
0.1278076171875 -0.126754760742188 0.106712341308594 -0.0303878784179688
-0.00976562499999998 -0.157745361328125 0.025665283203125 -0.0524253845214844
-0.09173583984375 -0.126861572265625 -0.00109004974365235 -0.0102672576904297
-0.0868911743164062 -0.125045776367188 0.0167007446289062 0.0367012023925781
-0.116645812988281 -0.118667602539062 0.0205192565917969 0.0610694885253906
-0.0776901245117187 -0.134346008300781 -0.00425720214843751 0.0919265747070312
0.00613403320312501 -0.169540405273438 -0.0316085815429687 0.0867691040039062
0.106971740722656 -0.136512756347656 -0.0827713012695313 0.0376358032226562
0.202774047851563 0.01251220703125 -0.0897598266601562 -0.028961181640625
0.171661376953125 0.122940063476563 -0.0142669677734375 -0.056640625
0.085693359375 0.223281860351563 0.0189743041992188 0.0610694885253906
-0.0194854736328125 0.189407348632813 0.125068664550781 0.137168884277344
0.0316619873046875 0.189224243164063 0.0948944091796875 0.177627563476563
0.151992797851563 0.145614624023438 0.108566284179688 0.145034790039063
0.168472290039063 -0.00128173828125 0.125930786132812 0.071258544921875
0.11370849609375 -0.0965728759765625 0.093292236328125 0.0164260864257812
-0.00353240966796876 -0.134040832519531 0.0428352355957031 -0.00256347656250001
-0.0763473510742187 -0.109512329101563 0.037322998046875 0.028289794921875
-0.0750732421875 -0.107925415039063 0.0540237426757812 0.0637969970703125
-0.101814270019531 -0.105796813964844 0.0587081909179687 0.089263916015625
-0.0691757202148438 -0.119834899902344 0.0241775512695313 0.123420715332031
0.0088958740234375 -0.150741577148437 -0.0151748657226563 0.114677429199219
0.099945068359375 -0.114410400390625 -0.075531005859375 0.0621337890625
0.17529296875 0.030731201171875 -0.0844497680664063 -0.0120925903320313
0.12530517578125 0.128364562988281 0.0110607147216797 -0.0266494750976562
0.0327911376953125 0.19293212890625 0.0340576171875 0.127647399902344
-0.063232421875 0.0974349975585938 0.118392944335937 0.191513061523438
-0.0189285278320313 0.124061584472656 0.0955657958984375 0.204299926757813
0.0725936889648438 0.111175537109375 0.0895843505859375 0.144058227539063
0.103790283203125 0.01409912109375 0.102668762207031 0.0895233154296875
0.0759429931640625 -0.05401611328125 0.0797271728515625 0.045806884765625
0.000411987304687508 -0.08721923828125 0.055755615234375 0.0337181091308594
-0.05010986328125 -0.0741806030273438 0.0683250427246094 0.0559883117675781
-0.0516128540039063 -0.0753631591796875 0.0831298828125 0.0822067260742188
-0.07122802734375 -0.0782699584960938 0.0891036987304688 0.112091064453125
-0.0491561889648438 -0.0900421142578125 0.0457305908203125 0.149215698242188
0.0131454467773437 -0.114433288574219 -0.00794219970703126 0.137054443359375
0.0833206176757812 -0.078948974609375 -0.0751113891601563 0.0819778442382812
0.128707885742188 0.0453338623046875 -0.0844802856445312 0.000465393066406269
0.0634841918945313 0.118400573730469 0.0236797332763672 0.000494003295898445
-0.025421142578125 0.136360168457031 0.032470703125 0.179718017578125
0.0749588012695312 -0.0452423095703125 -0.049102783203125 -0.2159423828125
-0.0139617919921875 -0.0766372680664063 -0.0352554321289063 -0.0245933532714844
-0.06658935546875 -0.0280342102050781 0.0970001220703125 0.0013885498046875
-0.053466796875 0.0308074951171875 0.114051818847656 -0.101676940917969
-0.0141487121582031 0.0535545349121094 0.0310821533203125 -0.161331176757813
0.0288963317871094 0.0492973327636719 -0.062713623046875 -0.171157836914063
0.0292072296142578 0.0317058563232422 -0.126869201660156 -0.126998901367188
0.0214653015136719 0.0295448303222656 -0.108596801757812 -0.0913543701171875
0.0180416107177734 0.0312004089355469 -0.0923004150390625 -0.068634033203125
-0.00349235534667969 0.030181884765625 -0.0769119262695313 -0.0629119873046875
-0.0294723510742187 0.00971412658691406 -0.0848922729492187 -0.0618209838867188
-0.0286293029785156 -0.0370140075683594 -0.0979385375976562 -0.100875854492188
0.0218353271484375 -0.0612525939941406 -0.079010009765625 -0.162307739257813
0.0760955810546875 -0.0415496826171875 -0.100906372070312 -0.215927124023438
0.106986999511719 -0.00601959228515625 -0.108505249023437 -0.234024047851563
0.115127563476563 0.052947998046875 -0.01556396484375 -0.225448608398438
0.0502471923828125 -0.0203704833984375 -0.0206413269042969 -0.0328941345214844
0.0187702178955078 -0.0227603912353516 0.1143798828125 0.0107269287109375
-0.000438690185546874 -0.0127086639404297 0.133621215820313 -0.102180480957031
0.00435686111450195 -0.00824832916259766 0.0487060546875 -0.171524047851563
0.00152826309204102 -0.00728845596313477 -0.0610198974609375 -0.181137084960938
-0.0174217224121094 -0.0136432647705078 -0.129318237304688 -0.127632141113281
-0.0155925750732422 -0.0210380554199219 -0.107376098632812 -0.0830001831054687
-0.0217094421386719 -0.0201854705810547 -0.0941619873046875 -0.0611190795898437
-0.0150642395019531 -0.0284805297851563 -0.0831756591796875 -0.0511703491210938
0.00104141235351562 -0.0468063354492188 -0.0875244140625 -0.0484390258789063
0.0374679565429688 -0.0616264343261719 -0.102760314941406 -0.0906219482421875
0.097198486328125 -0.0189132690429688 -0.0873565673828125 -0.144332885742188
0.128379821777344 0.0288238525390625 -0.102340698242187 -0.19500732421875
0.134567260742188 0.0942611694335938 -0.0922393798828125 -0.211044311523438
0.131454467773438 0.151351928710938 0.028045654296875 -0.199966430664062
0.103591918945313 0.0566864013671875 0.00776863098144532 -0.0194053649902344
0.113319396972656 0.00325775146484375 0.135612487792969 0.0317916870117188
0.07061767578125 -0.0485382080078125 0.157867431640625 -0.0882568359375
0.0371627807617187 -0.0708236694335938 0.074798583984375 -0.164825439453125
-0.01715087890625 -0.068695068359375 -0.0465850830078125 -0.175857543945313
-0.0583419799804687 -0.0603752136230469 -0.114547729492188 -0.115531921386719
-0.0504264831542969 -0.0683212280273438 -0.09051513671875 -0.0616073608398438
-0.0630378723144531 -0.0666580200195313 -0.08221435546875 -0.0377273559570313
-0.035491943359375 -0.079803466796875 -0.0793228149414063 -0.0214996337890625
0.014312744140625 -0.102783203125 -0.0866165161132813 -0.0175247192382813
0.0822830200195313 -0.0970840454101563 -0.109024047851563 -0.063690185546875
0.162353515625 -0.0030364990234375 -0.0994720458984375 -0.117050170898437
0.175064086914063 0.0746002197265625 -0.0971832275390624 -0.16192626953125
0.152130126953125 0.171432495117188 -0.0702056884765625 -0.158966064453125
0.119873046875 0.230636596679687 0.07208251953125 -0.136184692382813
0.132377624511719 0.138839721679688 0.0402450561523438 0.0190467834472656
0.195327758789063 0.051116943359375 0.152099609375 0.0660552978515625
0.1451416015625 -0.06524658203125 0.176483154296875 -0.0560302734375
0.0782546997070313 -0.120903015136719 0.09991455078125 -0.13726806640625
-0.0245285034179688 -0.123138427734375 -0.0234527587890625 -0.151412963867188
-0.0871353149414063 -0.100486755371094 -0.0846405029296875 -0.0889129638671875
-0.0769195556640625 -0.105522155761719 -0.0604629516601563 -0.0305862426757813
-0.0983505249023438 -0.1007080078125 -0.0555267333984375 -0.0045166015625
-0.0589218139648437 -0.116943359375 -0.0631599426269531 0.0180854797363281
0.01202392578125 -0.147354125976563 -0.07489013671875 0.0204315185546875
0.104782104492188 -0.130172729492188 -0.108856201171875 -0.0285263061523438
0.20501708984375 -0.002716064453125 -0.105850219726563 -0.0838546752929687
0.20440673828125 0.0991668701171875 -0.07891845703125 -0.125923156738281
0.153060913085938 0.21990966796875 -0.0418777465820313 -0.0894012451171875
0.0841064453125 0.269729614257813 0.1063232421875 -0.045135498046875
0.125930786132813 0.203277587890625 0.070587158203125 0.0750808715820313
0.236724853515625 0.107162475585938 0.154190063476563 0.104476928710938
0.198348999023438 -0.056854248046875 0.17840576171875 -0.010833740234375
0.115707397460937 -0.143600463867188 0.112945556640625 -0.08843994140625
-0.021240234375 -0.15802001953125 0.00299072265624999 -0.107666015625
-0.0999069213867188 -0.124855041503906 -0.0445175170898438 -0.0518341064453125
-0.0917587280273438 -0.12640380859375 -0.0218410491943359 0.0044574737548828
-0.120819091796875 -0.118354797363281 -0.0183448791503906 0.031341552734375
-0.0778579711914063 -0.135848999023438 -0.0347824096679687 0.0590972900390625
0.00483703613281249 -0.172882080078125 -0.0543632507324219 0.0586013793945312
0.110458374023438 -0.147323608398437 -0.100006103515625 0.00809478759765624
0.221343994140625 -0.0016632080078125 -0.103179931640625 -0.0531387329101562
0.206466674804687 0.114288330078125 -0.0497283935546875 -0.0915145874023437
0.13421630859375 0.23931884765625 -0.00877285003662109 -0.0125455856323242
0.03509521484375 0.258529663085938 0.125480651855469 0.0554351806640625
0.0891571044921875 0.225921630859375 0.0894317626953125 0.135108947753906
0.223037719726563 0.14581298828125 0.139564514160156 0.135520935058594
0.210479736328125 -0.0307464599609375 0.160980224609375 0.0369720458984375
0.130905151367188 -0.136100769042969 0.11077880859375 -0.0324478149414063
-0.0131378173828125 -0.162979125976563 0.026214599609375 -0.05389404296875
-0.0977096557617188 -0.128509521484375 -0.000456809997558599 -0.0095205307006836
-0.0938644409179688 -0.128059387207031 0.0196609497070312 0.0379562377929687
-0.124397277832031 -0.120658874511719 0.0232887268066406 0.064788818359375
-0.0832443237304688 -0.137077331542969 -0.00225067138671876 0.0970077514648437
0.00205993652343751 -0.175628662109375 -0.0317840576171875 0.0913848876953125
0.1090087890625 -0.144241333007813 -0.0878372192382813 0.0397796630859375
0.213104248046875 0.0099029541015625 -0.0967178344726562 -0.0289535522460938
0.18060302734375 0.125991821289063 -0.0168380737304687 -0.05963134765625
0.093597412109375 0.23291015625 0.0199699401855469 0.0633277893066406
-0.0163116455078125 0.198867797851563 0.13104248046875 0.142822265625
0.0360260009765625 0.19818115234375 0.09820556640625 0.185226440429688
0.162872314453125 0.148269653320313 0.116226196289063 0.14996337890625
0.1754150390625 -0.0048675537109375 0.132522583007812 0.0727462768554688
0.11663818359375 -0.104484558105469 0.0984573364257813 0.015838623046875
-0.00649261474609374 -0.138572692871094 0.044281005859375 -0.00204086303710938
-0.0815277099609375 -0.110877990722656 0.0401802062988281 0.02911376953125
-0.0815658569335938 -0.110366821289063 0.059722900390625 0.0655441284179688
-0.10906982421875 -0.106910705566406 0.0642318725585938 0.093963623046875
-0.0739593505859375 -0.121841430664063 0.027801513671875 0.129806518554688
0.00491333007812501 -0.157058715820312 -0.0148544311523438 0.120208740234375
0.10174560546875 -0.121231079101562 -0.07916259765625 0.0664443969726562
0.18450927734375 0.0283966064453125 -0.0905609130859375 -0.0109634399414062
0.132453918457031 0.131851196289063 0.00980377197265626 -0.0296115875244141
0.03759765625 0.20159912109375 0.0371856689453125 0.131919860839844
-0.0630722045898438 0.103614807128906 0.123733520507813 0.199127197265625
-0.0174026489257812 0.13031005859375 0.100540161132813 0.21221923828125
0.079071044921875 0.113601684570313 0.0948333740234375 0.148834228515625
0.107864379882812 0.0119247436523437 0.109077453613281 0.0930633544921875
0.0775909423828125 -0.0588836669921875 0.0847015380859375 0.0474929809570312
-0.00124359130859374 -0.0904312133789062 0.0584335327148437 0.0350608825683594
-0.0534820556640625 -0.074249267578125 0.0734710693359375 0.0577545166015625
-0.0562820434570313 -0.0767288208007813 0.0904769897460938 0.0840530395507813
-0.0763778686523437 -0.0791397094726563 0.0960693359375 0.11669921875
-0.0526580810546875 -0.0916748046875 0.0499267578125 0.156143188476563
0.00986480712890626 -0.118766784667969 -0.00743103027343751 0.143356323242188
0.0846405029296875 -0.0838165283203125 -0.0787277221679687 0.0867767333984375
0.135040283203125 0.0450210571289063 -0.0900115966796875 0.00169372558593752
0.0684051513671875 0.122467041015625 0.0239181518554688 -0.0012378692626953
-0.02392578125 0.143646240234375 0.035919189453125 0.186798095703125
0.0765304565429688 -0.050872802734375 -0.061798095703125 -0.222427368164063
-0.0178451538085938 -0.07830810546875 -0.0369987487792969 -0.0220985412597656
-0.0697479248046875 -0.0258064270019531 0.10296630859375 -0.0019073486328125
-0.0547637939453125 0.035308837890625 0.116706848144531 -0.112030029296875
-0.0123443603515625 0.0577621459960937 0.026885986328125 -0.170791625976563
0.0332908630371094 0.0491485595703125 -0.0723724365234375 -0.178070068359375
0.0331878662109375 0.029632568359375 -0.13983154296875 -0.127899169921875
0.0239448547363281 0.0283565521240234 -0.119255065917969 -0.0920333862304688
0.0208721160888672 0.0307254791259766 -0.101417541503906 -0.069427490234375
-0.00153923034667969 0.0304679870605469 -0.0838623046875 -0.0641250610351563
-0.0281543731689453 0.0114345550537109 -0.0927963256835938 -0.0617141723632813
-0.0316276550292969 -0.0368499755859375 -0.107559204101562 -0.10235595703125
0.0199356079101562 -0.0637016296386719 -0.0879669189453125 -0.168533325195313
0.07769775390625 -0.0458450317382813 -0.114227294921875 -0.222702026367188
0.111923217773438 -0.0106887817382813 -0.122451782226563 -0.242462158203125
0.123207092285156 0.0506134033203125 -0.02880859375 -0.233810424804688
0.0523872375488281 -0.0214881896972656 -0.0230808258056641 -0.0305862426757813
0.0201511383056641 -0.0245151519775391 0.122039794921875 0.00702667236328125
-1.52587890624989E-05 -0.0120048522949219 0.136856079101563 -0.112655639648437
0.0041050910949707 -0.00859403610229492 0.0450439453125 -0.181961059570312
0.00243616104125977 -0.00814199447631836 -0.07049560546875 -0.18731689453125
-0.0174674987792969 -0.0138483047485352 -0.141311645507812 -0.128494262695313
-0.0177383422851563 -0.0218086242675781 -0.117340087890625 -0.0839691162109375
-0.0243644714355469 -0.0209846496582031 -0.103103637695312 -0.0609970092773438
-0.0164070129394531 -0.0303497314453125 -0.0901412963867188 -0.0506668090820312
0.000770568847656245 -0.0487327575683594 -0.0955047607421875 -0.0469970703125
0.0380859375 -0.0661888122558594 -0.113006591796875 -0.0908737182617188
0.101539611816406 -0.0232162475585937 -0.097137451171875 -0.149429321289063
0.134834289550781 0.0263290405273438 -0.115371704101562 -0.2012939453125
0.144943237304687 0.09466552734375 -0.106460571289062 -0.219192504882813
0.145034790039063 0.153732299804688 0.0186920166015625 -0.209274291992188
0.111045837402344 0.0567779541015625 0.00554656982421876 -0.0172758102416992
0.121047973632813 -0.000396728515625 0.146163940429688 0.0278472900390625
0.072265625 -0.0533905029296875 0.163238525390625 -0.0991058349609375
0.0352554321289063 -0.0759506225585938 0.0724639892578125 -0.176040649414062
-0.0202102661132813 -0.0709304809570313 -0.055572509765625 -0.181991577148437
-0.0630226135253906 -0.0609054565429688 -0.125282287597656 -0.116104125976563
-0.0557632446289062 -0.0696296691894531 -0.0975799560546875 -0.0617446899414063
-0.0696754455566406 -0.0676498413085938 -0.088653564453125 -0.0363922119140625
-0.040130615234375 -0.082427978515625 -0.0843505859375 -0.0190277099609375
0.010772705078125 -0.108261108398438 -0.09295654296875 -0.01434326171875
0.0839920043945313 -0.105720520019531 -0.119735717773437 -0.062957763671875
0.170989990234375 -0.0091705322265625 -0.110069274902344 -0.119285583496094
0.186111450195313 0.07232666015625 -0.109817504882812 -0.167465209960938
0.166473388671875 0.175247192382813 -0.0820465087890625 -0.165191650390625
0.135711669921875 0.2376708984375 0.06695556640625 -0.144424438476562
0.144317626953125 0.14337158203125 0.0411872863769531 0.0217132568359375
0.210113525390625 0.0458221435546875 0.1651611328125 0.063018798828125
0.1505126953125 -0.0741729736328125 0.184051513671875 -0.0665435791015625
0.0769119262695313 -0.131576538085938 0.0989532470703125 -0.147109985351563
-0.0305938720703125 -0.127754211425781 -0.0301971435546875 -0.15728759765625
-0.0946884155273438 -0.101058959960937 -0.0921173095703125 -0.0892868041992187
-0.0859222412109375 -0.107780456542969 -0.0642013549804688 -0.0306854248046875
-0.108131408691406 -0.100662231445313 -0.0583000183105469 -0.00170135498046875
-0.06689453125 -0.119972229003906 -0.0648040771484375 0.0224380493164062
0.00613403320312499 -0.155654907226563 -0.078826904296875 0.0251007080078125
0.105133056640625 -0.142013549804688 -0.118026733398437 -0.02471923828125
0.217117309570313 -0.01141357421875 -0.116050720214844 -0.084381103515625
0.21783447265625 0.0971832275390625 -0.0898666381835937 -0.130058288574219
0.17144775390625 0.226776123046875 -0.04840087890625 -0.092864990234375
0.099945068359375 0.280288696289063 0.106094360351563 -0.0502777099609375
0.139968872070313 0.210891723632813 0.0744705200195313 0.0786285400390625
0.255599975585938 0.102325439453125 0.168716430664063 0.102630615234375
0.206771850585938 -0.067474365234375 0.187576293945312 -0.0177764892578125
0.1148681640625 -0.156982421875 0.115470886230469 -0.0975265502929688
-0.0282745361328125 -0.16436767578125 -0.00167083740234375 -0.11181640625
-0.109695434570313 -0.125648498535156 -0.0482559204101562 -0.0518684387207031
-0.103469848632813 -0.128868103027344 -0.0212802886962891 0.00496864318847655
-0.132537841796875 -0.118667602539063 -0.0172882080078125 0.034515380859375
-0.0872039794921875 -0.138160705566406 -0.0335922241210938 0.0649070739746094
-0.00259399414062498 -0.180953979492188 -0.0555839538574219 0.0640182495117187
0.110824584960937 -0.160247802734375 -0.106781005859375 0.0128402709960937
0.233642578125 -0.01080322265625 -0.112411499023437 -0.0513229370117187
0.220458984375 0.112579345703125 -0.0569610595703125 -0.0950851440429688
0.151626586914063 0.247817993164062 -0.0112762451171875 -0.0132179260253906
0.048736572265625 0.271194458007813 0.130668640136719 0.0540390014648438
0.102447509765625 0.235275268554688 0.0964508056640625 0.140777587890625
0.242355346679688 0.14385986328125 0.154434204101563 0.135604858398438
0.219207763671875 -0.0418243408203125 0.170745849609375 0.032501220703125
0.130783081054688 -0.149444580078125 0.116058349609375 -0.0390701293945313
-0.020721435546875 -0.169708251953125 0.0248794555664063 -0.0560836791992188
-0.107513427734375 -0.128936767578125 -0.000328063964843757 -0.00947952270507813
-0.104995727539062 -0.129539489746094 0.0244140625 0.0382766723632812
-0.136940002441406 -0.120353698730469 0.0293350219726562 0.0680732727050781
-0.0922393798828125 -0.138580322265625 0.00239562988281248 0.10321044921875
-0.00711059570312501 -0.184036254882813 -0.03033447265625 0.097747802734375
0.108367919921875 -0.1566162109375 -0.0929489135742187 0.0464401245117188
0.225601196289063 0.0010833740234375 -0.103584289550781 -0.0262832641601563
0.194488525390625 0.12554931640625 -0.0220565795898437 -0.0633506774902344
0.109024047851562 0.242446899414063 0.0231056213378906 0.0642166137695313
-0.0079345703125 0.2098388671875 0.14068603515625 0.145538330078125
0.0460662841796875 0.20745849609375 0.108306884765625 0.191070556640625
0.178604125976563 0.148574829101563 0.128372192382813 0.151992797851563
0.182861328125 -0.0133209228515625 0.142623901367188 0.0712127685546875
0.117088317871094 -0.115280151367188 0.104438781738281 0.0124282836914062
-0.0121307373046875 -0.144195556640625 0.0460433959960938 -0.00234222412109376
-0.0899200439453125 -0.110336303710937 0.0446395874023438 0.0297813415527344
-0.0909347534179688 -0.111915588378906 0.0673484802246094 0.0659446716308594
-0.119613647460938 -0.106338500976563 0.0728759765625 0.097808837890625
-0.08270263671875 -0.12353515625 0.0355148315429687 0.136260986328125
-0.00315856933593749 -0.16387939453125 -0.010894775390625 0.12640380859375
0.101768493652344 -0.131858825683594 -0.0824966430664062 0.072662353515625
0.195480346679688 0.021728515625 -0.097564697265625 -0.00645446777343751
0.144454956054688 0.133544921875 0.00761604309082032 -0.0335407257080078
0.0485076904296875 0.210800170898437 0.0445480346679688 0.13623046875
-0.06085205078125 0.112007141113281 0.136688232421875 0.205108642578125
-0.0123367309570313 0.137596130371094 0.111984252929688 0.218902587890625
0.0889968872070313 0.115119934082031 0.104904174804688 0.152679443359375
0.112472534179687 0.00787353515625 0.118118286132813 0.0937118530273437
0.0773162841796875 -0.065582275390625 0.0922012329101563 0.0463638305664062
-0.00539398193359376 -0.0941543579101563 0.0628662109375 0.0355682373046875
-0.0595626831054688 -0.0742034912109375 0.079833984375 0.0573348999023438
-0.0625991821289063 -0.0762481689453125 0.099456787109375 0.0841827392578125
-0.0839309692382813 -0.0784072875976563 0.108161926269531 0.119979858398437
-0.0593185424804687 -0.0923690795898438 0.0601348876953125 0.163330078125
0.00318908691406251 -0.124382019042969 -0.0025177001953125 0.150848388671875
0.0854415893554688 -0.0920562744140625 -0.0797500610351562 0.0951309204101563
0.14434814453125 0.0406646728515625 -0.0960845947265625 0.00489807128906251
0.0771484375 0.126075744628906 0.0244922637939453 -0.00414276123046874
-0.019134521484375 0.151611328125 0.046112060546875 0.193145751953125
0.0748214721679688 -0.057342529296875 -0.0793304443359375 -0.224380493164063
-0.0231781005859375 -0.07916259765625 -0.0390892028808594 -0.017791748046875
-0.0727996826171875 -0.0215606689453125 0.107421875 -0.00817108154296875
-0.0527839660644531 0.0407791137695313 0.114120483398438 -0.123123168945313
-0.0082550048828125 0.0615577697753906 0.0183868408203125 -0.178787231445313
0.0382461547851563 0.0473747253417969 -0.08502197265625 -0.180938720703125
0.0364418029785156 0.0266647338867188 -0.153213500976563 -0.12335205078125
0.0263519287109375 0.0268878936767578 -0.132041931152344 -0.0876312255859375
0.0232810974121094 0.0295124053955078 -0.111854553222656 -0.0653076171875
0.00117301940917969 0.0297336578369141 -0.0925216674804687 -0.0614776611328125
-0.0267200469970703 0.0131416320800781 -0.102104187011719 -0.0581817626953125
-0.0351715087890625 -0.03558349609375 -0.118888854980469 -0.0994873046875
0.0165252685546875 -0.0659980773925781 -0.100753784179688 -0.170272827148438
0.077667236328125 -0.0519943237304688 -0.13165283203125 -0.22509765625
0.114501953125 -0.018524169921875 -0.142227172851562 -0.243988037109375
0.129959106445313 0.0442047119140625 -0.04595947265625 -0.238235473632812
0.0520401000976563 -0.0240402221679688 -0.0257434844970703 -0.0276222229003906
0.0207576751708984 -0.0256404876708984 0.128425598144531 -0.000755310058593751
0.000286102294921874 -0.0119962692260742 0.135551452636719 -0.125320434570313
0.00423669815063477 -0.00808906555175781 0.0363616943359375 -0.191314697265625
0.00279426574707031 -0.00834465026855469 -0.0841522216796875 -0.190170288085938
-0.0186882019042969 -0.0148429870605469 -0.154708862304688 -0.12286376953125
-0.0192966461181641 -0.0227413177490234 -0.127883911132812 -0.0794754028320313
-0.0267066955566406 -0.0206851959228516 -0.11236572265625 -0.056121826171875
-0.0176792144775391 -0.0312671661376953 -0.0966567993164063 -0.0468063354492188
-0.00118255615234375 -0.0512123107910156 -0.103240966796875 -0.0422515869140625
0.0357208251953125 -0.07061767578125 -0.125175476074219 -0.0869293212890625
0.10406494140625 -0.029205322265625 -0.109893798828125 -0.149185180664062
0.140487670898438 0.0198593139648438 -0.132736206054688 -0.202056884765625
0.156005859375 0.0891571044921875 -0.124755859375 -0.221343994140625
0.159454345703125 0.150360107421875 0.00263977050781253 -0.215744018554688
0.119155883789063 0.0542526245117188 0.00420475006103516 -0.0146923065185547
0.126884460449219 -0.008392333984375 0.154556274414063 0.0194854736328125
0.0729446411132813 -0.0589599609375 0.163726806640625 -0.112716674804688
0.03155517578125 -0.081390380859375 0.064300537109375 -0.186752319335938
-0.0249862670898438 -0.0724029541015625 -0.0679473876953125 -0.184967041015625
-0.0681991577148438 -0.05908203125 -0.136581420898438 -0.111503601074219
-0.0630073547363281 -0.0695381164550781 -0.105133056640625 -0.0586929321289062
-0.076995849609375 -0.0649566650390625 -0.0948333740234375 -0.0309677124023437
-0.0455703735351563 -0.083404541015625 -0.0889968872070313 -0.0139694213867187
0.00534820556640626 -0.112236022949219 -0.0984649658203125 -0.00917053222656249
0.0804519653320313 -0.114501953125 -0.130584716796875 -0.0576248168945313
0.177474975585937 -0.0191802978515625 -0.121994018554688 -0.1175537109375
0.196624755859375 0.064422607421875 -0.124969482421875 -0.167587280273438
0.184646606445313 0.17242431640625 -0.0959930419921875 -0.167068481445313
0.156234741210938 0.238021850585937 0.05706787109375 -0.15155029296875
0.158782958984375 0.14141845703125 0.042327880859375 0.0222740173339844
0.222412109375 0.0330810546875 0.1767578125 0.0540618896484375
0.151397705078125 -0.0867767333984375 0.186538696289063 -0.0800018310546875
0.071075439453125 -0.141067504882812 0.094482421875 -0.158416748046875
-0.0387649536132813 -0.130165100097656 -0.04022216796875 -0.160079956054688
-0.103523254394531 -0.0973281860351563 -0.100494384765625 -0.0865249633789062
-0.0970916748046875 -0.106307983398437 -0.0674972534179688 -0.0281791687011719
-0.119354248046875 -0.096893310546875 -0.0605545043945313 0.00219726562499999
-0.075958251953125 -0.1197509765625 -0.0659523010253906 0.0281562805175781
-0.0035400390625 -0.16046142578125 -0.0811233520507813 0.0317611694335938
0.100265502929688 -0.15411376953125 -0.126754760742188 -0.01849365234375
0.225997924804688 -0.0249481201171875 -0.126449584960937 -0.0797500610351563
0.23089599609375 0.088897705078125 -0.101921081542969 -0.130378723144531
0.192703247070313 0.225860595703125 -0.0571670532226562 -0.0938262939453125
0.122589111328125 0.284942626953125 0.104095458984375 -0.0570297241210937
0.158920288085938 0.212234497070313 0.0784835815429688 0.0789871215820313
0.273391723632812 0.0885467529296875 0.182220458984375 0.094696044921875
0.2103271484375 -0.082550048828125 0.193405151367188 -0.0298309326171875
0.108047485351562 -0.171630859375 0.11419677734375 -0.107429504394531
-0.0392608642578125 -0.167221069335938 -0.00801849365234375 -0.113929748535156
-0.120407104492188 -0.120880126953125 -0.0523605346679688 -0.0497474670410156
-0.116012573242188 -0.12646484375 -0.0201911926269531 0.0057086944580078
-0.1455078125 -0.11273193359375 -0.0144157409667969 0.0382537841796875
-0.0982894897460938 -0.136085510253906 -0.0294189453125 0.070404052734375
-0.0158538818359375 -0.186264038085937 -0.0542335510253906 0.0697669982910156
0.103759765625 -0.174224853515625 -0.112716674804688 0.0205230712890625
0.242462158203125 -0.0264129638671875 -0.12103271484375 -0.0458297729492188
0.235626220703125 0.103530883789063 -0.0665664672851562 -0.0959320068359375
0.174530029296875 0.248367309570313 -0.0139188766479492 -0.0134363174438476
0.068328857421875 0.277862548828125 0.136260986328125 0.0500335693359375
0.121124267578125 0.238998413085938 0.105712890625 0.141082763671875
0.262405395507813 0.132278442382813 0.168182373046875 0.129287719726563
0.225234985351563 -0.057647705078125 0.178375244140625 0.023681640625
0.124786376953125 -0.164993286132812 0.118354797363281 -0.0467758178710938
-0.03204345703125 -0.173660278320313 0.0227546691894531 -0.0574111938476563
-0.11883544921875 -0.123703002929688 -0.000301837921142586 -0.00827693939208985
-0.117347717285156 -0.1268310546875 0.029541015625 0.03741455078125
-0.149581909179688 -0.113510131835938 0.03619384765625 0.0703048706054687
-0.104637145996094 -0.136253356933594 0.00982666015625 0.10809326171875
-0.019866943359375 -0.1885986328125 -0.0263595581054688 0.103515625
0.10107421875 -0.170242309570313 -0.0952911376953125 0.05389404296875
0.234207153320313 -0.0135650634765625 -0.110321044921875 -0.0201644897460938
0.209091186523438 0.117965698242188 -0.0270004272460937 -0.0658302307128906
0.130126953125 0.245452880859375 0.0270919799804688 0.0648384094238282
0.00665283203125001 0.218521118164063 0.15234375 0.143218994140625
0.06158447265625 0.212936401367188 0.1207275390625 0.192672729492188
0.196426391601563 0.140548706054688 0.141632080078125 0.14886474609375
0.188018798828125 -0.02532958984375 0.15167236328125 0.0651397705078125
0.112388610839844 -0.127815246582031 0.109565734863281 0.00702667236328124
-0.021759033203125 -0.148040771484375 0.0479087829589844 -0.00355148315429688
-0.0995407104492188 -0.106201171875 0.0487861633300781 0.0288352966308594
-0.102195739746094 -0.108909606933594 0.0754928588867188 0.0631561279296875
-0.131309509277344 -0.100334167480469 0.0843048095703125 0.0967864990234375
-0.0933990478515625 -0.120590209960937 0.0467681884765625 0.140625
-0.0155029296875 -0.168136596679688 -0.00380706787109375 0.131767272949219
0.096038818359375 -0.14373779296875 -0.0820388793945312 0.0811691284179688
0.204483032226563 0.009613037109375 -0.1019287109375 -0.000572204589843754
0.157821655273437 0.129531860351563 0.00472259521484376 -0.0366592407226563
0.065093994140625 0.2156982421875 0.0544815063476563 0.136940002441406
-0.0549163818359375 0.119384765625 0.153152465820313 0.205673217773438
-0.00349426269531249 0.142196655273438 0.126785278320312 0.221054077148437
0.100898742675781 0.112197875976563 0.117355346679688 0.151260375976563
0.115768432617187 0.00031280517578125 0.128021240234375 0.09002685546875
0.0750198364257812 -0.07342529296875 0.0988540649414062 0.04302978515625
-0.0122146606445312 -0.0965118408203125 0.0674018859863281 0.0346412658691406
-0.0659027099609375 -0.0708999633789063 0.0868301391601563 0.054718017578125
-0.0707168579101563 -0.0745010375976562 0.110565185546875 0.0800552368164063
-0.0930404663085938 -0.0741348266601563 0.122261047363281 0.117050170898438
-0.067657470703125 -0.0902633666992188 0.0738067626953125 0.16619873046875
-0.00608062744140624 -0.127716064453125 0.0065155029296875 0.1563720703125
0.0813827514648438 -0.101181030273438 -0.0779037475585937 0.103721618652344
0.153030395507813 0.0317230224609375 -0.100082397460937 0.0130538940429687
0.0879058837890625 0.125450134277344 0.0236377716064453 -0.00813102722167968
-0.00898742675781251 0.158432006835938 0.0604705810546875 0.196090698242188
0.0704345703125 -0.062591552734375 -0.094268798828125 -0.21795654296875
-0.0280990600585938 -0.076629638671875 -0.0390853881835938 -0.0133209228515625
-0.0731887817382813 -0.0160140991210937 0.108497619628906 -0.0143966674804688
-0.0496139526367188 0.0453071594238281 0.108406066894531 -0.1309814453125
-0.00289535522460938 0.0632209777832031 0.00830078124999998 -0.181228637695312
0.043182373046875 0.04449462890625 -0.0964813232421875 -0.178543090820312
0.0384063720703125 0.0220146179199219 -0.162612915039063 -0.11395263671875
0.0286941528320313 0.0237293243408203 -0.140090942382813 -0.0792007446289063
0.0248374938964844 0.0269756317138672 -0.118423461914062 -0.0582351684570313
0.00332450866699218 0.0284614562988281 -0.0978851318359375 -0.0565719604492187
-0.0244312286376953 0.0144462585449219 -0.106636047363281 -0.0518875122070312
-0.0370368957519531 -0.0324745178222656 -0.127037048339844 -0.092376708984375
0.012298583984375 -0.0667839050292969 -0.111007690429688 -0.16522216796875
0.0741958618164063 -0.055877685546875 -0.1461181640625 -0.218124389648438
0.113563537597656 -0.0259780883789062 -0.158981323242188 -0.236404418945313
0.132614135742187 0.0358963012695313 -0.06317138671875 -0.233154296875
0.0517768859863281 -0.0261459350585938 -0.02703857421875 -0.0225906372070313
0.02020263671875 -0.0267505645751953 0.13006591796875 -0.00896453857421875
0.000905990600585937 -0.0115528106689453 0.129196166992188 -0.134033203125
0.0045161247253418 -0.0083308219909668 0.025115966796875 -0.193771362304687
0.00360870361328125 -0.00941371917724609 -0.09564208984375 -0.186279296875
-0.0192737579345703 -0.0151805877685547 -0.164077758789063 -0.113662719726562
-0.0211524963378906 -0.022613525390625 -0.135200500488281 -0.0714187622070313
-0.0286178588867187 -0.019561767578125 -0.1185302734375 -0.0488204956054688
-0.0187206268310547 -0.0314579010009766 -0.101493835449219 -0.0413131713867187
-0.00326156616210938 -0.051971435546875 -0.106849670410156 -0.0355911254882813
0.031158447265625 -0.0733795166015625 -0.13275146484375 -0.0798492431640625
0.103118896484375 -0.0344467163085938 -0.11993408203125 -0.144363403320313
0.142242431640625 0.0124969482421875 -0.146728515625 -0.1951904296875
0.162704467773438 0.080413818359375 -0.140487670898437 -0.214309692382813
0.16998291015625 0.140106201171875 -0.0126190185546875 -0.214126586914063
0.123237609863281 0.0491790771484375 0.00236225128173829 -0.0121631622314453
0.12823486328125 -0.0174102783203125 0.1578369140625 0.0089263916015625
0.0701370239257813 -0.0639495849609375 0.157730102539063 -0.123001098632813
0.02667236328125 -0.0833587646484375 0.0535736083984375 -0.191375732421875
-0.0286026000976563 -0.0704345703125 -0.0794219970703125 -0.181747436523438
-0.0718536376953125 -0.0549774169921875 -0.144424438476563 -0.10247802734375
-0.0688209533691406 -0.0663681030273437 -0.109939575195313 -0.0522918701171875
-0.0819549560546875 -0.0600662231445313 -0.0981369018554688 -0.0244522094726562
-0.0502777099609375 -0.0810089111328125 -0.0904998779296875 -0.00753784179687501
-0.00128173828125001 -0.113143920898438 -0.100189208984375 -0.00196838378906249
0.07421875 -0.121055603027344 -0.137542724609375 -0.0490951538085938
0.17840576171875 -0.0302886962890625 -0.130691528320313 -0.110794067382813
0.201324462890625 0.0540924072265625 -0.136917114257813 -0.161056518554688
0.196990966796875 0.162353515625 -0.108657836914063 -0.16143798828125
0.172821044921875 0.229278564453125 0.044525146484375 -0.153717041015625
0.169296264648438 0.134918212890625 0.0420951843261719 0.0226631164550781
0.227264404296875 0.017913818359375 0.181488037109375 0.0409088134765625
0.147689819335938 -0.0960235595703125 0.183517456054688 -0.0906982421875
0.0615692138671875 -0.14715576171875 0.085296630859375 -0.16497802734375
-0.0468215942382813 -0.1278076171875 -0.0497283935546875 -0.157211303710938
-0.110160827636719 -0.09063720703125 -0.106071472167969 -0.0791854858398438
-0.105133056640625 -0.101295471191406 -0.0699958801269531 -0.0247154235839844
-0.127151489257813 -0.088104248046875 -0.0601348876953125 0.00721740722656249
-0.0838394165039063 -0.114707946777344 -0.063934326171875 0.0333290100097656
-0.0139923095703125 -0.1605224609375 -0.0797119140625 0.03778076171875
0.0910797119140625 -0.162689208984375 -0.131591796875 -0.00904846191406252
0.226272583007813 -0.03912353515625 -0.133216857910156 -0.0721893310546875
0.237457275390625 0.0752105712890625 -0.111862182617188 -0.124923706054687
0.210357666015625 0.21600341796875 -0.0649948120117188 -0.0914764404296875
0.141754150390625 0.278121948242188 0.0976333618164063 -0.0612945556640625
0.174224853515625 0.204696655273438 0.082000732421875 0.0770034790039063
0.282562255859375 0.06988525390625 0.189208984375 0.08154296875
0.206817626953125 -0.0972747802734375 0.193084716796875 -0.0411529541015625
0.0963134765625 -0.18011474609375 0.108505249023438 -0.114669799804688
-0.050018310546875 -0.164443969726563 -0.01409912109375 -0.112518310546875
-0.128303527832031 -0.112602233886719 -0.0555839538574219 -0.045562744140625
-0.125953674316406 -0.119728088378906 -0.0193920135498047 0.00627517700195312
-0.154510498046875 -0.101974487304688 -0.0105323791503906 0.0398292541503906
-0.10760498046875 -0.129653930664063 -0.0246047973632813 0.0734405517578125
-0.02825927734375 -0.185516357421875 -0.050750732421875 0.0748672485351562
0.0926055908203125 -0.18304443359375 -0.114608764648438 0.0284881591796875
0.243942260742187 -0.0423126220703125 -0.125411987304687 -0.0382080078125
0.242919921875 0.089874267578125 -0.0745162963867187 -0.0933914184570313
0.193771362304688 0.24066162109375 -0.0147914886474609 -0.0127906799316406
0.087738037109375 0.274444580078125 0.13653564453125 0.0427627563476563
0.13763427734375 0.233978271484375 0.112464904785156 0.13739013671875
0.273757934570313 0.113433837890625 0.175933837890625 0.1180419921875
0.2220458984375 -0.0720977783203125 0.18072509765625 0.0128326416015625
0.113784790039063 -0.173812866210938 0.11529541015625 -0.0538482666015625
-0.0431365966796875 -0.171737670898438 0.0198249816894531 -0.0571517944335938
-0.126266479492188 -0.115715026855469 0.000285148620605461 -0.0074458122253418
-0.127716064453125 -0.119834899902344 0.0325908660888672 0.0347633361816406
-0.158782958984375 -0.102493286132812 0.0428428649902344 0.0682716369628906
-0.113601684570313 -0.128631591796875 0.0187530517578125 0.108787536621094
-0.0340423583984375 -0.186172485351563 -0.0196456909179688 0.106063842773437
0.0901947021484375 -0.178329467773438 -0.0946044921875 0.0608749389648437
0.236495971679688 -0.029449462890625 -0.113021850585937 -0.0122833251953125
0.21807861328125 0.106460571289063 -0.0335922241210937 -0.0655059814453125
0.147872924804688 0.239212036132812 0.031463623046875 0.0630111694335938
0.0213470458984375 0.218475341796875 0.159393310546875 0.13604736328125
0.07586669921875 0.210556030273438 0.130569458007813 0.187606811523438
0.208145141601563 0.126113891601563 0.150909423828125 0.1396484375
0.186477661132813 -0.03765869140625 0.156585693359375 0.05718994140625
0.103134155273437 -0.136787414550781 0.111198425292969 0.000556945800781242
-0.0316925048828125 -0.1463623046875 0.0483207702636719 -0.00462722778320313
-0.106399536132813 -0.0984725952148437 0.0519371032714844 0.0263862609863281
-0.110206604003906 -0.102210998535156 0.0814361572265625 0.0574798583984375
-0.139129638671875 -0.0902938842773438 0.0933609008789062 0.0916061401367188
-0.101264953613281 -0.11334228515625 0.0576248168945312 0.138900756835937
-0.028350830078125 -0.165969848632813 0.00352478027343751 0.133224487304688
0.08587646484375 -0.151947021484375 -0.0783767700195313 0.0873336791992187
0.207244873046875 -0.0046234130859375 -0.102851867675781 0.00672149658203124
0.166900634765625 0.120437622070313 0.00105285644531251 -0.0384407043457031
0.0807037353515625 0.21417236328125 0.0637054443359375 0.132675170898438
-0.0465164184570313 0.123069763183594 0.164779663085937 0.1982421875
0.00657653808593752 0.143203735351563 0.139144897460938 0.215011596679688
0.109733581542969 0.103935241699219 0.125457763671875 0.144943237304688
0.115257263183594 -0.00737762451171875 0.134269714355469 0.082855224609375
0.0690155029296875 -0.078948974609375 0.102729797363281 0.0366058349609375
-0.0185012817382813 -0.095703125 0.0704879760742188 0.0324554443359375
-0.0699195861816406 -0.0656356811523438 0.0918960571289063 0.0496749877929687
-0.0766143798828125 -0.069122314453125 0.11773681640625 0.0721588134765625
-0.0990753173828125 -0.066497802734375 0.132637023925781 0.109275817871094
-0.0741043090820313 -0.0850372314453125 0.0861358642578125 0.162506103515625
-0.0162582397460937 -0.126701354980469 0.0155487060546875 0.157073974609375
0.0736160278320313 -0.1072998046875 -0.0726470947265625 0.109428405761719
0.15631103515625 0.0214996337890625 -0.10040283203125 0.0190811157226563
0.0962295532226563 0.120994567871094 0.0214462280273438 -0.0112838745117187
0.00221252441406251 0.160079956054687 0.073638916015625 0.191238403320312
0.06524658203125 -0.0649871826171875 -0.102218627929687 -0.20928955078125
-0.0301361083984375 -0.0740966796875 -0.037872314453125 -0.00976181030273438
-0.0720901489257813 -0.0125808715820313 0.107612609863281 -0.01837158203125
-0.0462379455566406 0.0473899841308594 0.103080749511719 -0.133193969726563
0.00188827514648437 0.0624237060546875 0.00210571289062499 -0.180038452148438
0.0450286865234375 0.0400276184082031 -0.103057861328125 -0.174240112304688
0.0383148193359375 0.0185432434082031 -0.16583251953125 -0.105911254882813
0.0291519165039063 0.0213508605957031 -0.143417358398438 -0.07171630859375
0.0255184173583984 0.0246810913085937 -0.121688842773437 -0.05169677734375
0.00530815124511718 0.0264320373535156 -0.0999603271484375 -0.051666259765625
-0.0225696563720703 0.0140724182128906 -0.108619689941406 -0.0473556518554688
-0.0379600524902344 -0.0295791625976562 -0.130142211914063 -0.086761474609375
0.009521484375 -0.0648536682128906 -0.115859985351563 -0.160720825195312
0.0713882446289063 -0.0574798583984375 -0.152236938476562 -0.209304809570313
0.110694885253906 -0.0306625366210937 -0.1654052734375 -0.227508544921875
0.131805419921875 0.0306472778320313 -0.0724334716796875 -0.225494384765625
0.0509529113769531 -0.0265579223632813 -0.0271053314208984 -0.0191917419433594
0.0204448699951172 -0.0272254943847656 0.128776550292969 -0.0143280029296875
0.00112533569335938 -0.010533332824707 0.123588562011719 -0.137191772460938
0.00516510009765625 -0.0084686279296875 0.0186920166015625 -0.192611694335938
0.00404167175292969 -0.0106134414672852 -0.102279663085938 -0.181610107421875
-0.0201644897460937 -0.0153141021728516 -0.166763305664063 -0.105361938476563
-0.0225181579589844 -0.0225105285644531 -0.13824462890625 -0.06488037109375
-0.0292816162109375 -0.0188407897949219 -0.120498657226562 -0.041839599609375
-0.0194606781005859 -0.0313682556152344 -0.102813720703125 -0.036346435546875
-0.00347900390625 -0.0516510009765625 -0.108268737792969 -0.0306854248046875
0.0288009643554687 -0.0732269287109375 -0.136566162109375 -0.0733184814453125
0.101318359375 -0.0372543334960938 -0.123733520507813 -0.139213562011719
0.140899658203125 0.0081634521484375 -0.152877807617187 -0.187713623046875
0.164321899414063 0.073272705078125 -0.147186279296875 -0.206497192382813
0.173355102539062 0.13201904296875 -0.0229339599609375 -0.207809448242188
0.125244140625 0.0451278686523437 0.000888824462890634 -0.00943660736083984
0.127899169921875 -0.0224609375 0.156661987304688 0.001678466796875
0.0678024291992188 -0.0653457641601563 0.152313232421875 -0.1270751953125
0.0229644775390625 -0.0836563110351563 0.047027587890625 -0.190521240234375
-0.0303382873535156 -0.0688896179199219 -0.0844268798828125 -0.177078247070313
-0.0731353759765625 -0.0519332885742187 -0.147384643554688 -0.095123291015625
-0.07171630859375 -0.0639877319335937 -0.111862182617188 -0.0474319458007813
-0.084228515625 -0.0556716918945313 -0.099029541015625 -0.0194244384765625
-0.0527725219726562 -0.0789260864257813 -0.090301513671875 -0.00403594970703126
-0.00474548339843751 -0.111732482910156 -0.0999832153320312 0.00239562988281251
0.0684967041015625 -0.122817993164063 -0.140235900878906 -0.042510986328125
0.176437377929688 -0.036041259765625 -0.133720397949219 -0.105697631835937
0.201446533203125 0.04693603515625 -0.14276123046875 -0.154129028320313
0.202987670898438 0.154388427734375 -0.114669799804687 -0.155258178710938
0.180252075195312 0.219970703125 0.035919189453125 -0.150604248046875
0.173858642578125 0.1282958984375 0.0410537719726563 0.0242385864257813
0.227264404296875 0.0074005126953125 0.1806640625 0.0322723388671875
0.142730712890625 -0.101165771484375 0.178665161132813 -0.09649658203125
0.0544891357421875 -0.147857666015625 0.078826904296875 -0.165634155273438
-0.05120849609375 -0.123916625976563 -0.054168701171875 -0.152603149414063
-0.112205505371094 -0.0853271484375 -0.107925415039062 -0.0733184814453125
-0.109939575195312 -0.0956497192382813 -0.0699615478515625 -0.0221786499023438
-0.129623413085937 -0.0810470581054688 -0.0587310791015625 0.0102119445800781
-0.0867385864257813 -0.10986328125 -0.0617256164550781 0.0364761352539063
-0.019805908203125 -0.157913208007813 -0.0787734985351562 0.0410690307617188
0.0832366943359375 -0.16552734375 -0.132980346679688 -0.00363159179687501
0.223846435546875 -0.0478363037109375 -0.135055541992187 -0.0672683715820313
0.238784790039063 0.06622314453125 -0.117134094238281 -0.119636535644531
0.218246459960938 0.207168579101563 -0.068695068359375 -0.0873870849609375
0.152084350585938 0.269790649414063 0.091156005859375 -0.061798095703125
0.180816650390625 0.198287963867188 0.0813827514648438 0.0759124755859375
0.283721923828125 0.05609130859375 0.18853759765625 0.0717620849609375
0.200851440429688 -0.104660034179688 0.189727783203125 -0.0472564697265625
0.0872802734375 -0.182373046875 0.102790832519531 -0.116920471191406
-0.055938720703125 -0.160263061523438 -0.0172348022460938 -0.109146118164063
-0.130996704101562 -0.105484008789062 -0.0563735961914063 -0.0420455932617188
-0.131050109863281 -0.113471984863281 -0.0187568664550781 0.005706787109375
-0.15740966796875 -0.09234619140625 -0.00772857666015626 0.039947509765625
-0.110931396484375 -0.123207092285156 -0.0204010009765625 0.0753250122070313
-0.0360107421875 -0.180770874023437 -0.0483016967773437 0.0767669677734375
0.0834197998046875 -0.185775756835938 -0.114501953125 0.0342864990234375
0.24151611328125 -0.0529022216796875 -0.125198364257812 -0.0330810546875
0.244720458984375 0.08038330078125 -0.079010009765625 -0.0902481079101563
0.202972412109375 0.231460571289063 -0.0158329010009765 -0.0128536224365234
0.0980072021484375 0.268142700195313 0.133979797363281 0.0393829345703125
0.146438598632813 0.227218627929688 0.113197326660156 0.1339111328125
0.27734375 0.0995635986328125 0.177276611328125 0.10833740234375
0.216079711914063 -0.0794830322265625 0.17950439453125 0.006866455078125
0.104202270507813 -0.1771240234375 0.112899780273437 -0.0581130981445313
-0.0500030517578125 -0.167617797851563 0.0181617736816406 -0.0553817749023438
-0.129470825195313 -0.108207702636719 7.96318054199137E-05 -0.00666236877441407
-0.132492065429688 -0.113502502441406 0.0346584320068359 0.0318775177001953
-0.16180419921875 -0.0924835205078125 0.0473060607910156 0.0654373168945313
-0.117156982421875 -0.121452331542969 0.02392578125 0.108177185058594
-0.0419769287109375 -0.18206787109375 -0.0164718627929687 0.106521606445313
0.0804290771484375 -0.180953979492188 -0.09271240234375 0.0648574829101562
0.233932495117188 -0.04010009765625 -0.112640380859375 -0.00746917724609376
0.220138549804688 0.096832275390625 -0.0373954772949218 -0.0647201538085938
0.158035278320313 0.23187255859375 0.0332908630371094 0.06011962890625
0.0306396484375 0.215087890625 0.160247802734375 0.1304931640625
0.0840606689453125 0.205184936523438 0.133575439453125 0.1827392578125
0.211502075195313 0.114974975585938 0.152099609375 0.132369995117188
0.1824951171875 -0.045135498046875 0.156097412109375 0.0515289306640625
0.0948333740234375 -0.139427185058594 0.110099792480469 -0.00366210937500001
-0.037994384765625 -0.142776489257813 0.0487480163574219 -0.00460433959960938
-0.10858154296875 -0.0916366577148437 0.053558349609375 0.0249595642089844
-0.114158630371094 -0.0959396362304688 0.0837936401367187 0.0524978637695313
-0.141937255859375 -0.0818939208984375 0.0979843139648437 0.086212158203125
-0.104667663574219 -0.1060791015625 0.0638046264648438 0.135726928710938
-0.0355682373046875 -0.161697387695313 0.00823211669921874 0.131561279296875
0.07720947265625 -0.1536865234375 -0.0760345458984375 0.08984375
0.205657958984375 -0.0142364501953125 -0.101943969726563 0.0116424560546875
0.170150756835938 0.112579345703125 -0.00183486938476561 -0.0400772094726562
0.089813232421875 0.208740234375 0.0680999755859375 0.127494812011719
-0.0402984619140625 0.122390747070313 0.168655395507813 0.19073486328125
0.0119781494140625 0.140716552734375 0.143325805664063 0.208770751953125
0.113204956054688 0.0962600708007813 0.127449035644531 0.138946533203125
0.112098693847656 -0.0119552612304688 0.135604858398438 0.0777816772460938
0.064208984375 -0.0808486938476563 0.1029052734375 0.0322723388671875
-0.0222320556640625 -0.0933303833007813 0.0719223022460938 0.0309371948242187
-0.071319580078125 -0.06085205078125 0.09478759765625 0.046142578125
-0.0785369873046875 -0.064239501953125 0.120460510253906 0.0653457641601563
-0.101219177246094 -0.0599594116210938 0.138191223144531 0.101310729980469
-0.0763092041015625 -0.0793685913085937 0.09393310546875 0.1578369140625
-0.0223617553710938 -0.122894287109375 0.0207366943359375 0.154815673828125
0.067474365234375 -0.109977722167969 -0.0680618286132813 0.111473083496094
0.156387329101562 0.0137176513671875 -0.0992050170898437 0.0234527587890625
0.100822448730469 0.116363525390625 0.0198078155517578 -0.0144596099853516
0.00952148437500001 0.157882690429688 0.0800018310546875 0.184799194335937
0.0622711181640625 -0.0651016235351563 -0.10394287109375 -0.204971313476563
-0.0303115844726562 -0.0726776123046875 -0.0371055603027344 -0.00825881958007813
-0.0706710815429688 -0.0107650756835937 0.107147216796875 -0.0188751220703125
-0.0442848205566406 0.0483322143554688 0.101463317871094 -0.134590148925781
0.00421905517578125 0.0619850158691406 0.000732421874999999 -0.179168701171875
0.04583740234375 0.0373878479003906 -0.105728149414063 -0.173095703125
0.03717041015625 0.0158424377441406 -0.168304443359375 -0.103118896484375
0.0277366638183594 0.0197467803955078 -0.145004272460938 -0.0689239501953125
0.02532958984375 0.0232868194580078 -0.123146057128906 -0.0485458374023437
0.00602912902832031 0.0253372192382813 -0.101669311523438 -0.0510482788085938
-0.0205192565917969 0.01385498046875 -0.109214782714844 -0.0454330444335938
-0.0380134582519531 -0.0281639099121094 -0.131240844726563 -0.08428955078125
0.00811386108398437 -0.0627174377441406 -0.116546630859375 -0.159805297851562
0.070465087890625 -0.0577163696289063 -0.153793334960938 -0.2061767578125
0.109291076660156 -0.0322494506835938 -0.166900634765625 -0.224746704101563
0.129859924316406 0.0287933349609375 -0.0748138427734375 -0.220550537109375
0.0506210327148437 -0.0257301330566406 -0.0273399353027344 -0.0168590545654297
0.0206527709960938 -0.0275249481201172 0.127449035644531 -0.0158920288085938
0.00216484069824219 -0.0100202560424805 0.122505187988281 -0.138168334960938
0.00633144378662109 -0.00822162628173828 0.01715087890625 -0.19195556640625
0.00489902496337891 -0.0118799209594727 -0.103988647460937 -0.180282592773438
-0.0208282470703125 -0.0162162780761719 -0.168411254882813 -0.102325439453125
-0.0238494873046875 -0.0235519409179687 -0.139511108398437 -0.0615615844726563
-0.0295639038085938 -0.0185928344726562 -0.122093200683594 -0.0392837524414062
-0.0192661285400391 -0.0320758819580078 -0.103797912597656 -0.0346221923828125
-0.00304412841796875 -0.05255126953125 -0.109092712402344 -0.02935791015625
0.0278854370117188 -0.0727691650390625 -0.138336181640625 -0.0709991455078125
0.100898742675781 -0.0380020141601563 -0.125579833984375 -0.137237548828125
0.140525817871094 0.00753021240234375 -0.154464721679687 -0.184616088867188
0.164276123046875 0.0710906982421875 -0.14898681640625 -0.203414916992188
0.173583984375 0.12945556640625 -0.0270538330078125 -0.203460693359375
0.125785827636719 0.04510498046875 0.000699520111083993 -0.00656890869140625
0.127647399902344 -0.0247879028320312 0.1551513671875 -0.000808715820312502
0.0671119689941406 -0.0658988952636719 0.1512451171875 -0.128646850585938
0.02203369140625 -0.0838851928710938 0.0451202392578125 -0.18951416015625
-0.0303840637207031 -0.0685386657714844 -0.086090087890625 -0.175048828125
-0.0735855102539063 -0.051544189453125 -0.148330688476563 -0.092071533203125
-0.0737380981445312 -0.0633773803710938 -0.113540649414063 -0.045562744140625
-0.0844268798828125 -0.0537948608398437 -0.0993423461914063 -0.0171661376953125
-0.0526962280273438 -0.0777664184570312 -0.0905380249023438 -0.00201416015625002
-0.00552368164062501 -0.111953735351563 -0.100471496582031 0.00441741943359375
0.0663604736328125 -0.123573303222656 -0.142532348632812 -0.039306640625
0.177047729492188 -0.0377349853515625 -0.134727478027344 -0.104515075683594
0.201065063476563 0.0458526611328125 -0.145248413085938 -0.151504516601563
0.205047607421875 0.151382446289063 -0.116256713867187 -0.152679443359375
0.18182373046875 0.215774536132812 0.0308837890625 -0.147415161132813
0.176040649414063 0.126861572265625 0.0400772094726563 0.0260238647460938
0.227188110351563 0.003387451171875 0.1785888671875 0.02899169921875
0.141006469726563 -0.102386474609375 0.177490234375 -0.0979156494140625
0.051483154296875 -0.148147583007813 0.07733154296875 -0.16558837890625
-0.0515899658203125 -0.122161865234375 -0.0551910400390625 -0.150634765625
-0.112800598144531 -0.0835037231445313 -0.108909606933594 -0.070526123046875
-0.1121826171875 -0.0949935913085937 -0.070556640625 -0.0220184326171875
-0.130645751953125 -0.0776824951171875 -0.0589256286621094 0.0114898681640625
-0.0877609252929688 -0.107894897460937 -0.0608291625976563 0.0372695922851563
-0.0220947265625 -0.1561279296875 -0.0788726806640625 0.0421371459960937
0.080078125 -0.1661376953125 -0.135002136230469 -0.00019073486328128
0.22412109375 -0.0513916015625 -0.136077880859375 -0.0657958984375
0.23876953125 0.0641021728515625 -0.119773864746094 -0.117431640625
0.2215576171875 0.2034912109375 -0.0695419311523437 -0.0862808227539062
0.154571533203125 0.266387939453125 0.0868606567382813 -0.0601425170898437
0.1839599609375 0.19677734375 0.080108642578125 0.0775299072265625
0.284423828125 0.050323486328125 0.186843872070313 0.06829833984375
0.198226928710938 -0.106674194335938 0.188308715820313 -0.04864501953125
0.083740234375 -0.1826171875 0.101486206054688 -0.117164611816406
-0.0571746826171875 -0.158493041992188 -0.0172958374023438 -0.106986999511719
-0.131294250488281 -0.10321044921875 -0.0564537048339844 -0.0405616760253906
-0.133399963378906 -0.111068725585938 -0.0188694000244141 0.00581741333007812
-0.158676147460938 -0.088592529296875 -0.00588226318359376 0.0395965576171875
-0.111801147460937 -0.120033264160156 -0.0193252563476563 0.0758132934570312
-0.0391998291015625 -0.178924560546875 -0.0478668212890625 0.07763671875
0.0791473388671875 -0.185836791992188 -0.115646362304688 0.0360870361328125
0.2410888671875 -0.0569000244140625 -0.126190185546875 -0.0318603515625
0.245010375976563 0.077545166015625 -0.081268310546875 -0.0891952514648438
0.207260131835938 0.228775024414063 -0.0163116455078125 -0.0127182006835937
0.10107421875 0.265106201171875 0.130500793457031 0.040557861328125
0.149490356445313 0.225418090820313 0.111572265625 0.135078430175781
0.277145385742187 0.0926971435546875 0.17510986328125 0.105453491210938
0.21319580078125 -0.083160400390625 0.17852783203125 0.00500488281249999
0.100784301757813 -0.178009033203125 0.112251281738281 -0.0581893920898438
-0.0518341064453125 -0.166000366210937 0.0186614990234375 -0.05389404296875
-0.129486083984375 -0.105117797851563 0.00105142593383788 -0.00574159622192384
-0.134513854980469 -0.111045837402344 0.0356330871582031 0.0306358337402344
-0.161956787109375 -0.0882110595703125 0.0491981506347656 0.0637969970703125
-0.118011474609375 -0.117050170898438 0.0265960693359375 0.107696533203125
-0.0451507568359375 -0.178176879882813 -0.0157928466796875 0.106468200683594
0.0762176513671875 -0.180938720703125 -0.0937728881835937 0.066558837890625
0.234390258789063 -0.044952392578125 -0.11248779296875 -0.00690460205078123
0.220260620117188 0.09442138671875 -0.0396461486816406 -0.0644111633300781
0.162948608398437 0.22918701171875 0.0341911315917969 0.0578842163085938
0.033233642578125 0.212860107421875 0.158279418945313 0.130157470703125
0.0864410400390625 0.203933715820313 0.132705688476563 0.182449340820312
0.212112426757813 0.109146118164063 0.150390625 0.130081176757813
0.17999267578125 -0.0473175048828125 0.155899047851563 0.050506591796875
0.0913925170898438 -0.139923095703125 0.109237670898438 -0.00440216064453126
-0.0393524169921875 -0.140899658203125 0.0496864318847656 -0.00316619873046876
-0.108833312988281 -0.0889205932617187 0.0550651550292969 0.0244865417480469
-0.116127014160156 -0.09356689453125 0.0851821899414062 0.0495452880859375
-0.14276123046875 -0.0768585205078125 0.100830078125 0.0832138061523438
-0.105384826660156 -0.102752685546875 0.0678329467773438 0.134429931640625
-0.0388641357421875 -0.158538818359375 0.00856781005859375 0.131233215332031
0.0728759765625 -0.15374755859375 -0.0760345458984375 0.0911941528320312
0.205108642578125 -0.0188140869140625 -0.101516723632812 0.0115814208984375
0.171646118164063 0.11029052734375 -0.00431442260742186 -0.0407867431640625
0.0940399169921875 0.206100463867188 0.0689315795898438 0.124214172363281
-0.0388107299804688 0.121368408203125 0.168838500976562 0.188674926757812
0.0138931274414063 0.138961791992188 0.14398193359375 0.2076416015625
0.113662719726563 0.0925750732421875 0.126380920410156 0.138526916503906
0.110877990722656 -0.0133438110351562 0.135360717773438 0.0767135620117188
0.0615615844726563 -0.0811233520507813 0.10308837890625 0.0308990478515625
-0.0242996215820312 -0.0916900634765625 0.0729751586914063 0.0314788818359375
-0.0715484619140625 -0.0590972900390625 0.09588623046875 0.0443649291992188
-0.0797576904296875 -0.0625381469726563 0.1217041015625 0.06158447265625
-0.101356506347656 -0.0568389892578125 0.140289306640625 0.096954345703125
-0.0767440795898437 -0.076568603515625 0.0973663330078125 0.156417846679688
-0.0252151489257813 -0.1207275390625 0.021942138671875 0.153671264648438
0.0638046264648438 -0.110107421875 -0.0674819946289063 0.111724853515625
0.156234741210938 0.009552001953125 -0.0983810424804688 0.0242843627929688
0.10260009765625 0.114173889160156 0.01806640625 -0.0161724090576172
0.013092041015625 0.15655517578125 0.081390380859375 0.180618286132812
0.0618667602539062 -0.0649299621582031 -0.105987548828125 -0.206451416015625
-0.0311965942382813 -0.0736618041992188 -0.0374641418457031 -0.00656127929687501
-0.0712203979492188 -0.011383056640625 0.109809875488281 -0.018463134765625
-0.0438308715820313 0.0499725341796875 0.104408264160156 -0.137245178222656
0.00566482543945312 0.062530517578125 0.00236511230468749 -0.183029174804688
0.0462112426757813 0.0353584289550781 -0.108688354492188 -0.17724609375
0.0366249084472656 0.0150794982910156 -0.172470092773438 -0.103973388671875
0.0278434753417969 0.0190677642822266 -0.149978637695313 -0.06878662109375
0.0251598358154297 0.0224399566650391 -0.127021789550781 -0.0479736328125
0.0061798095703125 0.0240707397460937 -0.10479736328125 -0.0521011352539062
-0.0199928283691406 0.0126247406005859 -0.111724853515625 -0.0468978881835937
-0.0377693176269531 -0.0272712707519531 -0.134452819824219 -0.085357666015625
0.0090484619140625 -0.0623245239257812 -0.118576049804687 -0.163818359375
0.0719223022460938 -0.0582046508789063 -0.155059814453125 -0.210128784179688
0.110198974609375 -0.03277587890625 -0.168014526367188 -0.22979736328125
0.13043212890625 0.030120849609375 -0.0773468017578125 -0.221755981445312
0.0523262023925781 -0.02532958984375 -0.0278987884521484 -0.0150279998779297
0.0221309661865234 -0.0281505584716797 0.129501342773438 -0.0160903930664063
0.00290203094482422 -0.00983142852783203 0.125457763671875 -0.140029907226563
0.00719928741455078 -0.0086817741394043 0.019561767578125 -0.195220947265625
0.004730224609375 -0.0137729644775391 -0.105606079101563 -0.184661865234375
-0.0219287872314453 -0.0172863006591797 -0.1729736328125 -0.1033935546875
-0.0258235931396484 -0.0244541168212891 -0.144058227539063 -0.0626983642578125
-0.0307807922363281 -0.0194530487060547 -0.125503540039063 -0.0382919311523438
-0.0195217132568359 -0.0341453552246094 -0.107154846191406 -0.0354385375976563
-0.00222015380859376 -0.0538482666015625 -0.112014770507812 -0.0292129516601563
0.0289535522460938 -0.0733718872070313 -0.142593383789063 -0.07135009765625
0.103782653808594 -0.0364151000976563 -0.1278076171875 -0.141204833984375
0.143569946289063 0.00897216796875 -0.157196044921875 -0.187347412109375
0.166534423828125 0.0729217529296875 -0.151626586914063 -0.207489013671875
0.174850463867188 0.132095336914063 -0.029388427734375 -0.20361328125
0.12896728515625 0.0466079711914063 -0.000331878662109367 -0.00447368621826172
0.131423950195312 -0.026092529296875 0.156784057617188 -0.000885009765625002
0.0687789916992188 -0.0665130615234375 0.154632568359375 -0.130126953125
0.0227508544921875 -0.0854110717773438 0.048309326171875 -0.193161010742188
-0.0300064086914063 -0.0708160400390625 -0.0872802734375 -0.17840576171875
-0.0761032104492188 -0.05242919921875 -0.151596069335938 -0.0927581787109375
-0.076812744140625 -0.0651473999023437 -0.116943359375 -0.0460205078125
-0.0869522094726563 -0.0546798706054687 -0.102134704589844 -0.0164031982421875
-0.053985595703125 -0.080291748046875 -0.0931549072265625 -0.00154113769531252
-0.00494384765625001 -0.114372253417969 -0.102714538574219 0.00463867187499997
0.0683746337890625 -0.125930786132813 -0.148223876953125 -0.0395660400390625
0.181289672851563 -0.0383453369140625 -0.138229370117188 -0.107101440429688
0.204849243164063 0.0479888916015625 -0.148345947265625 -0.15374755859375
0.208984375 0.15460205078125 -0.118301391601562 -0.156326293945312
0.184173583984375 0.22076416015625 0.030120849609375 -0.146194458007813
0.179779052734375 0.130950927734375 0.0387802124023438 0.0298004150390625
0.232376098632813 0.0015106201171875 0.180038452148438 0.029449462890625
0.144195556640625 -0.1041259765625 0.180740356445313 -0.098541259765625
0.05279541015625 -0.1517333984375 0.080108642578125 -0.16827392578125
-0.0524368286132813 -0.125343322753906 -0.0548858642578125 -0.15289306640625
-0.114784240722656 -0.0840072631835937 -0.110679626464844 -0.0706558227539062
-0.11669921875 -0.0971298217773437 -0.0729904174804688 -0.0220870971679688
-0.133293151855469 -0.078033447265625 -0.0597457885742188 0.0115890502929688
-0.0891799926757813 -0.109176635742187 -0.0623779296875 0.0388908386230469
-0.0220184326171875 -0.158950805664063 -0.0812911987304687 0.043853759765625
0.0815277099609375 -0.169235229492187 -0.140060424804688 0.000854492187499985
0.230117797851563 -0.0533447265625 -0.139244079589844 -0.0677413940429688
0.243499755859375 0.0666046142578125 -0.122779846191406 -0.120086669921875
0.227767944335938 0.20892333984375 -0.0712661743164062 -0.0882110595703125
0.1568603515625 0.2708740234375 0.086212158203125 -0.0579833984375
0.188262939453125 0.200973510742188 0.0792160034179688 0.0822525024414063
0.290130615234375 0.049285888671875 0.188079833984375 0.06939697265625
0.201751708984375 -0.108856201171875 0.190948486328125 -0.0485992431640625
0.0851898193359375 -0.1871337890625 0.105155944824219 -0.119216918945313
-0.0584564208984375 -0.161163330078125 -0.0166091918945312 -0.108230590820313
-0.134315490722656 -0.104728698730469 -0.0564651489257813 -0.0398483276367188
-0.138198852539063 -0.113639831542969 -0.0187568664550781 0.00534629821777343
-0.161346435546875 -0.0879669189453125 -0.00490951538085938 0.0404739379882812
-0.113418579101563 -0.121124267578125 -0.0186080932617188 0.0770950317382812
-0.0400390625 -0.181015014648438 -0.0495147705078125 0.078948974609375
0.0795745849609375 -0.189559936523437 -0.121124267578125 0.0380706787109375
0.246826171875 -0.0597076416015625 -0.129287719726562 -0.0334014892578125
0.250350952148438 0.0798187255859375 -0.0847091674804688 -0.0912704467773437
0.213119506835938 0.232620239257813 -0.0173110961914062 -0.0144596099853516
0.103271484375 0.269073486328125 0.13031005859375 0.0442962646484375
0.1534423828125 0.231033325195313 0.111190795898438 0.140548706054688
0.283843994140625 0.093170166015625 0.175918579101563 0.10791015625
0.217529296875 -0.0849761962890625 0.181427001953125 0.0062408447265625
0.101577758789063 -0.181655883789063 0.1142578125 -0.0586395263671875
-0.0525970458984375 -0.167556762695313 0.0212326049804688 -0.0530586242675781
-0.132438659667969 -0.106010437011719 0.00205039978027343 -0.00564289093017579
-0.139213562011719 -0.112617492675781 0.0367622375488281 0.0302505493164062
-0.16546630859375 -0.0872802734375 0.0512580871582031 0.0643997192382813
-0.120132446289063 -0.118324279785156 0.0291900634765625 0.109550476074219
-0.0465850830078125 -0.180404663085938 -0.017059326171875 0.108177185058594
0.076171875 -0.185012817382813 -0.09735107421875 0.0685577392578125
0.2391357421875 -0.0478057861328125 -0.1153564453125 -0.00720977783203123
0.225616455078125 0.0960540771484375 -0.0416793823242187 -0.0670204162597656
0.167648315429687 0.233230590820312 0.0340309143066406 0.0580902099609375
0.0333251953125 0.216201782226563 0.158523559570313 0.135513305664063
0.08868408203125 0.207504272460938 0.132904052734375 0.187942504882813
0.216629028320313 0.109130859375 0.151016235351563 0.13372802734375
0.182723999023438 -0.0480804443359375 0.158279418945313 0.0522308349609375
0.09271240234375 -0.142959594726563 0.111732482910156 -0.00419616699218751
-0.040435791015625 -0.14263916015625 0.0519828796386719 -0.00119781494140626
-0.11053466796875 -0.0897445678710938 0.0571708679199219 0.0249786376953125
-0.119575500488281 -0.095062255859375 0.0877838134765625 0.0488815307617188
-0.145278930664063 -0.076751708984375 0.104179382324219 0.0836868286132813
-0.106826782226563 -0.103485107421875 0.0702972412109375 0.136764526367188
-0.0405731201171875 -0.15924072265625 0.00770568847656249 0.133071899414063
0.072357177734375 -0.1568603515625 -0.079437255859375 0.092681884765625
0.21014404296875 -0.0212249755859375 -0.103347778320312 0.0109481811523438
0.175888061523437 0.111618041992188 -0.00566101074218749 -0.0429191589355469
0.097259521484375 0.209197998046875 0.0694503784179688 0.124885559082031
-0.0399551391601563 0.123283386230469 0.169296264648438 0.194625854492188
0.0142822265625 0.140945434570313 0.14410400390625 0.213394165039063
0.116294860839844 0.0920333862304688 0.126739501953125 0.142608642578125
0.111770629882813 -0.0129470825195313 0.137184143066406 0.0796051025390625
0.0618133544921875 -0.0830001831054688 0.104598999023438 0.0324630737304687
-0.0253143310546875 -0.0930709838867188 0.0759506225585938 0.033538818359375
-0.0730667114257813 -0.05828857421875 0.0995864868164063 0.044708251953125
-0.0823898315429687 -0.0630035400390625 0.125442504882812 0.0610809326171875
-0.104103088378906 -0.0554275512695313 0.144027709960938 0.0970916748046875
-0.078277587890625 -0.0766830444335937 0.100723266601563 0.15911865234375
-0.0265350341796875 -0.1207275390625 0.0214996337890625 0.1568603515625
0.0628128051757813 -0.111824035644531 -0.0708465576171875 0.1129150390625
0.159469604492188 0.008087158203125 -0.100433349609375 0.0236053466796875
0.105987548828125 0.115440368652344 0.0166511535644531 -0.0188007354736328
0.013763427734375 0.15863037109375 0.0817413330078125 0.181442260742187
0.0623855590820312 -0.0657920837402344 -0.111648559570313 -0.213348388671875
-0.0326919555664063 -0.0761184692382813 -0.0388259887695313 -0.0050048828125
-0.07373046875 -0.011322021484375 0.114814758300781 -0.019927978515625
-0.0441169738769531 0.0529937744140625 0.108734130859375 -0.144317626953125
0.00811767578125 0.0644302368164062 0.00225830078125 -0.19219970703125
0.0480880737304688 0.0350074768066406 -0.115997314453125 -0.185379028320313
0.0367774963378906 0.0143852233886719 -0.182571411132813 -0.106658935546875
0.0284194946289063 0.0192642211914063 -0.159011840820313 -0.0688629150390625
0.0252170562744141 0.0219497680664063 -0.134513854980469 -0.0474624633789062
0.00683784484863281 0.0236301422119141 -0.11151123046875 -0.0539398193359375
-0.0196933746337891 0.0129032135009766 -0.118751525878906 -0.0485610961914063
-0.0388717651367188 -0.0276641845703125 -0.141677856445313 -0.0879058837890625
0.00899505615234374 -0.0638847351074219 -0.125045776367187 -0.170944213867188
0.0749664306640625 -0.06011962890625 -0.162277221679687 -0.218276977539063
0.113594055175781 -0.0355758666992188 -0.176422119140625 -0.2392578125
0.135124206542969 0.0325546264648438 -0.08258056640625 -0.22845458984375
0.0553016662597656 -0.0264625549316406 -0.0294284820556641 -0.0127983093261719
0.0239772796630859 -0.0305194854736328 0.134674072265625 -0.0168991088867188
0.00382900238037109 -0.00980472564697266 0.130630493164063 -0.147628784179688
0.00829029083251953 -0.00980186462402344 0.0202789306640625 -0.205322265625
0.00480270385742188 -0.0160989761352539 -0.112197875976562 -0.193222045898438
-0.0240306854248047 -0.0182838439941406 -0.183242797851562 -0.105438232421875
-0.0289840698242187 -0.0258712768554688 -0.153411865234375 -0.06256103515625
-0.0328712463378906 -0.02056884765625 -0.132347106933594 -0.0381546020507813
-0.0205421447753906 -0.036407470703125 -0.113143920898438 -0.0357437133789063
-0.00202560424804687 -0.0572624206542969 -0.118095397949219 -0.0301513671875
0.0300445556640625 -0.0768585205078125 -0.151763916015625 -0.0727081298828125
0.109527587890625 -0.0376815795898438 -0.134185791015625 -0.147079467773438
0.149642944335937 0.009735107421875 -0.165176391601563 -0.193923950195313
0.174407958984375 0.075042724609375 -0.159286499023438 -0.216552734375
0.182876586914063 0.138351440429688 -0.033416748046875 -0.209304809570313
0.136604309082031 0.048797607421875 -0.00161743164062499 -0.00117063522338867
0.137542724609375 -0.0298919677734375 0.1622314453125 -0.0015411376953125
0.0721435546875 -0.0700531005859375 0.160858154296875 -0.137130737304688
0.0229949951171875 -0.0902328491210938 0.0499420166015625 -0.202865600585938
-0.032470703125 -0.0748291015625 -0.09271240234375 -0.1861572265625
-0.0809783935546875 -0.0544662475585937 -0.159835815429687 -0.094482421875
-0.0833816528320313 -0.06732177734375 -0.123741149902344 -0.0461502075195313
-0.0918197631835938 -0.0559158325195312 -0.107505798339844 -0.0152816772460937
-0.0563812255859375 -0.08367919921875 -0.0981903076171875 -0.000175476074218757
-0.00576782226562499 -0.12030029296875 -0.108665466308594 0.00538635253906249
0.0702056884765625 -0.132453918457031 -0.157989501953125 -0.0388031005859375
0.190475463867188 -0.04205322265625 -0.145782470703125 -0.111190795898438
0.214675903320313 0.05023193359375 -0.156463623046875 -0.159683227539063
0.22113037109375 0.161117553710938 -0.124908447265625 -0.1627197265625
0.193466186523437 0.230056762695313 0.027740478515625 -0.149703979492187
0.19061279296875 0.136459350585938 0.0389747619628906 0.0341110229492188
0.24365234375 -0.0014190673828125 0.186187744140625 0.028961181640625
0.150070190429688 -0.110931396484375 0.188262939453125 -0.1044921875
0.0535888671875 -0.160110473632813 0.0836181640625 -0.176345825195313
-0.056121826171875 -0.130943298339844 -0.05841064453125 -0.1593017578125
-0.121688842773437 -0.0865249633789063 -0.116546630859375 -0.0714797973632813
-0.125602722167969 -0.100540161132812 -0.076995849609375 -0.022308349609375
-0.14044189453125 -0.0796127319335937 -0.0628662109375 0.0130195617675781
-0.0935134887695313 -0.113105773925781 -0.0647468566894531 0.0416755676269531
-0.0242156982421875 -0.166061401367188 -0.0858154296875 0.0462112426757812
0.0831298828125 -0.177841186523438 -0.150039672851563 0.00384521484374998
0.241653442382813 -0.0580596923828125 -0.147293090820313 -0.0708770751953125
0.255264282226563 0.0682830810546875 -0.130416870117187 -0.124588012695313
0.241561889648438 0.215805053710938 -0.0760040283203125 -0.0924148559570312
0.16558837890625 0.28240966796875 0.0874481201171875 -0.0576858520507812
0.19940185546875 0.210357666015625 0.0811996459960938 0.0877227783203125
0.304473876953125 0.046966552734375 0.193679809570313 0.0717620849609375
0.209716796875 -0.115631103515625 0.20001220703125 -0.051788330078125
0.08673095703125 -0.196990966796875 0.110015869140625 -0.125251770019531
-0.0622100830078125 -0.168045043945313 -0.0164642333984375 -0.112075805664063
-0.1416015625 -0.107315063476563 -0.058929443359375 -0.0404014587402344
-0.14752197265625 -0.117218017578125 -0.0199699401855469 0.00523757934570312
-0.169784545898438 -0.090362548828125 -0.00512313842773439 0.041656494140625
-0.119354248046875 -0.125221252441406 -0.01837158203125 0.0814208984375
-0.043487548828125 -0.18817138671875 -0.0524368286132813 0.0833358764648437
0.08160400390625 -0.199310302734375 -0.129302978515625 0.0418548583984375
0.25872802734375 -0.06646728515625 -0.136306762695312 -0.0352249145507813
0.262557983398438 0.081634521484375 -0.0906448364257812 -0.0956344604492187
0.227447509765625 0.241729736328125 -0.0183238983154297 -0.0158805847167969
0.10845947265625 0.281402587890625 0.1346435546875 0.0484390258789063
0.162750244140625 0.240066528320313 0.115234375 0.147598266601563
0.296478271484375 0.093017578125 0.181320190429688 0.112228393554688
0.2261962890625 -0.0900115966796875 0.189682006835938 0.00643920898437499
0.1033935546875 -0.191253662109375 0.120033264160156 -0.0613174438476563
-0.0558319091796875 -0.175201416015625 0.0230789184570312 -0.0541038513183594
-0.138381958007813 -0.109130859375 0.0029153823852539 -0.00508356094360352
-0.149154663085938 -0.116546630859375 0.0391578674316406 0.0301284790039062
-0.174468994140625 -0.089080810546875 0.0551223754882812 0.0656089782714844
-0.125320434570313 -0.121871948242187 0.0321884155273437 0.1143798828125
-0.05029296875 -0.186538696289062 -0.0183639526367188 0.113861083984375
0.0770263671875 -0.193405151367188 -0.104560852050781 0.073699951171875
0.2496337890625 -0.053741455078125 -0.121376037597656 -0.00778961181640624
0.23675537109375 0.0981292724609375 -0.0461883544921875 -0.0708541870117188
0.178741455078125 0.2420654296875 0.0349769592285156 0.0588798522949219
0.036102294921875 0.225341796875 0.164596557617187 0.142745971679688
0.0949249267578125 0.215194702148438 0.138107299804687 0.19775390625
0.227264404296875 0.110626220703125 0.155548095703125 0.139633178710937
0.190093994140625 -0.0509033203125 0.165298461914063 0.0553131103515625
0.095001220703125 -0.1507568359375 0.117324829101563 -0.00367736816406251
-0.043914794921875 -0.148681640625 0.0566902160644531 -0.000179290771484384
-0.115959167480469 -0.09185791015625 0.0611076354980469 0.0260162353515625
-0.127426147460938 -0.0980377197265625 0.09295654296875 0.0492630004882812
-0.153030395507812 -0.077056884765625 0.110664367675781 0.0846099853515625
-0.112052917480469 -0.10552978515625 0.0758819580078125 0.141845703125
-0.0438995361328125 -0.16510009765625 0.00768280029296875 0.139602661132813
0.073089599609375 -0.164505004882813 -0.0844345092773438 0.0979537963867187
0.219482421875 -0.0258636474609375 -0.108573913574219 0.0118789672851563
0.18524169921875 0.114501953125 -0.00748825073242186 -0.0465888977050781
0.105316162109375 0.217391967773437 0.0724334716796875 0.12762451171875
-0.0405731201171875 0.128669738769531 0.175857543945313 0.204116821289063
0.0164794921875 0.146621704101563 0.150741577148438 0.22308349609375
0.12200927734375 0.0937881469726563 0.131881713867188 0.149948120117188
0.115264892578125 -0.0142440795898438 0.143585205078125 0.0838165283203125
0.0631179809570313 -0.0876693725585938 0.109947204589844 0.0335006713867187
-0.0280914306640625 -0.0961990356445312 0.0819015502929688 0.0356674194335938
-0.0768203735351563 -0.0592880249023437 0.106193542480469 0.0452194213867187
-0.0876617431640625 -0.0642623901367187 0.13287353515625 0.0610198974609375
-0.108757019042969 -0.0569229125976563 0.153152465820313 0.098907470703125
-0.0812835693359375 -0.0782699584960937 0.108413696289062 0.164642333984375
-0.0293121337890625 -0.124786376953125 0.0228271484375 0.163314819335938
0.0628433227539062 -0.116806030273438 -0.074371337890625 0.119346618652344
0.166061401367188 0.00537109375 -0.105239868164062 0.0248641967773438
0.112190246582031 0.118972778320312 0.0156631469726563 -0.0212974548339844
0.0169830322265625 0.16455078125 0.0855560302734375 0.186721801757813
0.0635261535644531 -0.069061279296875 -0.124221801757812 -0.218582153320313
-0.0374603271484375 -0.0784072875976563 -0.0412178039550781 -0.00218200683593751
-0.0781936645507813 -0.010101318359375 0.120071411132813 -0.0233688354492188
-0.0428314208984375 0.0575447082519531 0.110092163085938 -0.155075073242188
0.0112648010253906 0.0670166015625 -0.00265502929687498 -0.203216552734375
0.0508651733398438 0.0333671569824219 -0.129531860351563 -0.192062377929687
0.0382308959960938 0.0128555297851563 -0.1982421875 -0.10491943359375
0.0293140411376953 0.0185089111328125 -0.173049926757812 -0.0652618408203125
0.0271358489990234 0.0221710205078125 -0.145111083984375 -0.0445404052734375
0.00802230834960938 0.0228996276855469 -0.121070861816406 -0.053680419921875
-0.0198402404785156 0.0128307342529297 -0.127998352050781 -0.0475692749023437
-0.0411109924316406 -0.0270843505859375 -0.152542114257812 -0.087310791015625
0.00880050659179687 -0.06646728515625 -0.13592529296875 -0.1761474609375
0.076629638671875 -0.0662002563476563 -0.176193237304687 -0.224807739257813
0.117568969726562 -0.041290283203125 -0.192642211914063 -0.246795654296875
0.14306640625 0.0321807861328125 -0.094635009765625 -0.235153198242188
0.0574531555175781 -0.0285987854003906 -0.0323352813720703 -0.0105533599853516
0.0244884490966797 -0.0335483551025391 0.141510009765625 -0.020721435546875
0.00529956817626953 -0.01031494140625 0.133392333984375 -0.159683227539063
0.00902462005615234 -0.0118627548217773 0.0166778564453125 -0.21697998046875
0.00397300720214843 -0.0189170837402344 -0.125045776367188 -0.2010498046875
-0.0272312164306641 -0.0189476013183594 -0.197357177734375 -0.103805541992187
-0.0332164764404297 -0.0264129638671875 -0.165496826171875 -0.0595703125
-0.0361175537109375 -0.0209617614746094 -0.142807006835938 -0.034423828125
-0.0222091674804688 -0.0388679504394531 -0.122055053710938 -0.0343704223632812
-0.00311660766601563 -0.06146240234375 -0.126731872558594 -0.0287399291992187
0.02996826171875 -0.0819244384765625 -0.163131713867188 -0.070343017578125
0.115119934082031 -0.0430984497070313 -0.145843505859375 -0.150970458984375
0.158828735351563 0.0059356689453125 -0.179061889648438 -0.198867797851563
0.185943603515625 0.0737762451171875 -0.174224853515625 -0.223419189453125
0.196365356445313 0.141342163085938 -0.042510986328125 -0.215499877929688
0.145965576171875 0.0482635498046875 -0.00293660163879394 0.00197935104370117
0.144256591796875 -0.036712646484375 0.169876098632813 -0.0056915283203125
0.07464599609375 -0.0759963989257813 0.1658935546875 -0.148895263671875
0.0217971801757812 -0.0966415405273438 0.0476837158203125 -0.215896606445312
-0.0370254516601563 -0.0780487060546875 -0.103744506835937 -0.19384765625
-0.0876617431640625 -0.0545425415039062 -0.17242431640625 -0.092681884765625
-0.0919647216796875 -0.0691680908203125 -0.133995056152344 -0.04412841796875
-0.0991439819335938 -0.0564117431640625 -0.115379333496094 -0.0115432739257812
-0.0621185302734375 -0.0871734619140625 -0.104011535644531 0.00293731689453125
-0.00942993164062499 -0.127426147460938 -0.115921020507813 0.00907897949218748
0.0705108642578125 -0.141845703125 -0.169342041015625 -0.033905029296875
0.2015380859375 -0.0501708984375 -0.157608032226562 -0.113937377929688
0.228607177734375 0.0466156005859375 -0.169998168945312 -0.163177490234375
0.2386474609375 0.162521362304688 -0.1373291015625 -0.168106079101562
0.21014404296875 0.237686157226563 0.022979736328125 -0.155426025390625
0.207077026367187 0.13873291015625 0.0401573181152344 0.0377998352050781
0.257308959960938 -0.011871337890625 0.194793701171875 0.02630615234375
0.15447998046875 -0.12078857421875 0.195816040039063 -0.115447998046875
0.050994873046875 -0.171875 0.083526611328125 -0.1885986328125
-0.0626373291015625 -0.137008666992188 -0.0653076171875 -0.165908813476563
-0.131462097167969 -0.0871047973632812 -0.125205993652344 -0.0710220336914063
-0.138473510742187 -0.101036071777344 -0.0826950073242188 -0.0211334228515625
-0.151687622070312 -0.0788726806640625 -0.0662994384765625 0.0162582397460938
-0.102134704589844 -0.116500854492188 -0.0668907165527344 0.0460243225097656
-0.031219482421875 -0.174835205078125 -0.090484619140625 0.051849365234375
0.0814361572265625 -0.191131591796875 -0.161361694335938 0.0102691650390625
0.255111694335938 -0.0710906982421875 -0.158233642578125 -0.0711669921875
0.271926879882813 0.0644073486328125 -0.141525268554687 -0.127456665039063
0.262924194335938 0.219314575195313 -0.0829544067382812 -0.0953445434570313
0.182647705078125 0.293426513671875 0.087646484375 -0.0593719482421875
0.218338012695313 0.21527099609375 0.0862350463867188 0.0931625366210938
0.322967529296875 0.037689208984375 0.203994750976563 0.07025146484375
0.21771240234375 -0.12872314453125 0.209228515625 -0.0602874755859375
0.0837249755859375 -0.212158203125 0.113449096679688 -0.134780883789063
-0.070892333984375 -0.175811767578125 -0.0196533203125 -0.116806030273438
-0.15240478515625 -0.10723876953125 -0.0630531311035156 -0.0394287109375
-0.163131713867188 -0.117996215820312 -0.0213546752929688 0.00522804260253905
-0.182220458984375 -0.08837890625 -0.00418853759765626 0.0431556701660156
-0.1295166015625 -0.127151489257812 -0.0154495239257813 0.0860061645507812
-0.0525054931640625 -0.1964111328125 -0.0545654296875 0.0898056030273437
0.0783233642578125 -0.213516235351563 -0.138038635253906 0.0504989624023438
0.271804809570313 -0.0802001953125 -0.146270751953125 -0.0340423583984375
0.28076171875 0.0776214599609375 -0.0990829467773437 -0.09808349609375
0.2493896484375 0.24725341796875 -0.0203628540039062 -0.0169620513916016
0.121917724609375 0.293548583984375 0.14068603515625 0.049835205078125
0.179534912109375 0.24859619140625 0.123886108398438 0.154998779296875
0.315582275390625 0.086181640625 0.19195556640625 0.112945556640625
0.235733032226562 -0.101730346679687 0.199798583984375 0.00114440917968749
0.102127075195312 -0.20623779296875 0.124961853027344 -0.0687637329101563
-0.06573486328125 -0.182754516601563 0.0245590209960938 -0.056396484375
-0.149551391601563 -0.109695434570312 0.00463533401489257 -0.00469541549682618
-0.1630859375 -0.117095947265625 0.04241943359375 0.029388427734375
-0.18646240234375 -0.08648681640625 0.0606002807617187 0.0658378601074219
-0.135787963867188 -0.122703552246094 0.0389022827148437 0.119140625
-0.060028076171875 -0.194244384765625 -0.0171127319335937 0.121383666992187
0.073577880859375 -0.206390380859375 -0.110542297363281 0.0826644897460938
0.261978149414062 -0.067352294921875 -0.129432678222656 -0.00594329833984376
0.253707885742188 0.0953521728515625 -0.0515899658203125 -0.0742721557617188
0.198410034179688 0.247848510742187 0.0378913879394531 0.0595779418945313
0.044952392578125 0.2369384765625 0.175338745117188 0.146987915039063
0.107772827148437 0.224044799804687 0.148880004882813 0.205734252929688
0.243255615234375 0.107269287109375 0.166702270507813 0.14398193359375
0.198287963867188 -0.05938720703125 0.176406860351563 0.053192138671875
0.0934295654296875 -0.16290283203125 0.123748779296875 -0.00708007812500001
-0.0513458251953125 -0.155075073242188 0.0622062683105469 -0.00100326538085938
-0.125465393066406 -0.0916290283203125 0.0670509338378906 0.0253372192382812
-0.140007019042969 -0.0977249145507813 0.0998992919921875 0.046905517578125
-0.164306640625 -0.075225830078125 0.120689392089844 0.0831298828125
-0.120697021484375 -0.106468200683594 0.086700439453125 0.146469116210938
-0.0526885986328125 -0.170257568359375 0.011871337890625 0.147598266601563
0.0700836181640625 -0.174972534179688 -0.0884933471679688 0.107086181640625
0.230255126953125 -0.0371856689453125 -0.115081787109375 0.0141983032226562
0.199813842773437 0.113479614257813 -0.011444091796875 -0.0507240295410156
0.119155883789063 0.223922729492187 0.0792922973632813 0.131294250488281
-0.0388946533203125 0.137229919433594 0.188858032226563 0.211074829101563
0.0225372314453125 0.153289794921875 0.1634521484375 0.23126220703125
0.131263732910156 0.0934829711914063 0.142349243164063 0.156234741210937
0.1212158203125 -0.0189285278320313 0.154159545898438 0.0842437744140625
0.0624160766601563 -0.0952301025390625 0.117347717285156 0.03265380859375
-0.0336074829101562 -0.100387573242188 0.0896072387695313 0.0369720458984375
-0.0828781127929687 -0.0591354370117188 0.114952087402344 0.0434799194335938
-0.0955734252929688 -0.0647125244140625 0.142593383789063 0.0574188232421875
-0.116828918457031 -0.0537185668945312 0.165985107421875 0.0968475341796875
-0.0876541137695312 -0.0788116455078125 0.121337890625 0.168548583984375
-0.0353851318359375 -0.128669738769531 0.0274505615234375 0.171905517578125
0.0618057250976562 -0.124259948730469 -0.0763015747070313 0.128326416015625
0.174697875976562 -0.002838134765625 -0.111152648925781 0.028656005859375
0.122406005859375 0.120246887207031 0.0134029388427734 -0.0254764556884766
0.0234527587890625 0.170974731445313 0.0943603515625 0.192703247070313
0.0624923706054687 -0.0739898681640625 -0.139938354492188 -0.219192504882812
-0.0428085327148437 -0.0789947509765625 -0.0433998107910156 0.00214004516601563
-0.0818405151367187 -0.00606536865234374 0.124763488769531 -0.02911376953125
-0.0402870178222656 0.0612411499023437 0.107208251953125 -0.167327880859375
0.0162734985351562 0.0680732727050781 -0.0123443603515625 -0.212966918945312
0.0534629821777344 0.03045654296875 -0.146881103515625 -0.194305419921875
0.0390625 0.0110206604003906 -0.212860107421875 -0.097503662109375
0.0306949615478516 0.0171661376953125 -0.185256958007813 -0.0567626953125
0.0284004211425781 0.0207462310791016 -0.154373168945313 -0.0368194580078125
0.0092620849609375 0.0216827392578125 -0.130912780761719 -0.0504608154296875
-0.020355224609375 0.0127735137939453 -0.137138366699219 -0.0433273315429687
-0.0437240600585938 -0.0251884460449219 -0.162994384765625 -0.082672119140625
0.00619125366210937 -0.0684814453125 -0.150146484375 -0.177047729492188
0.0765457153320313 -0.0733489990234375 -0.193084716796875 -0.22467041015625
0.118385314941406 -0.048431396484375 -0.2120361328125 -0.247817993164063
0.15081787109375 0.02716064453125 -0.110610961914063 -0.236526489257812
0.0587501525878906 -0.0317955017089844 -0.0340080261230469 -0.00624465942382813
0.0237617492675781 -0.0362091064453125 0.14556884765625 -0.027313232421875
0.00644683837890625 -0.0108804702758789 0.13128662109375 -0.173065185546875
0.00885581970214844 -0.0133152008056641 0.0062255859375 -0.228775024414063
0.00202369689941406 -0.0208530426025391 -0.14215087890625 -0.203079223632813
-0.0302200317382812 -0.0190944671630859 -0.212020874023438 -0.09619140625
-0.0372161865234375 -0.0265159606933594 -0.177642822265625 -0.050872802734375
-0.0397148132324219 -0.0203704833984375 -0.151702880859375 -0.0261383056640625
-0.0253524780273438 -0.0409126281738281 -0.130958557128906 -0.0291824340820313
-0.00642776489257813 -0.0654869079589844 -0.135162353515625 -0.0231170654296875
0.0277633666992188 -0.0867233276367188 -0.174072265625 -0.0634613037109375
0.119438171386719 -0.050384521484375 -0.159500122070312 -0.150604248046875
0.165084838867188 -0.0013885498046875 -0.195938110351562 -0.197708129882813
0.196929931640625 0.0671234130859375 -0.192886352539062 -0.22332763671875
0.21246337890625 0.138214111328125 -0.0561676025390625 -0.218841552734375
0.15557861328125 0.0428924560546875 -0.00375366210937499 0.00560760498046875
0.148178100585938 -0.0467681884765625 0.174972534179688 -0.0134429931640625
0.0745468139648438 -0.0833816528320313 0.16485595703125 -0.163528442382813
0.0173492431640625 -0.102951049804688 0.03936767578125 -0.228561401367188
-0.0433883666992188 -0.0804367065429688 -0.117691040039062 -0.1964111328125
-0.0947113037109375 -0.0519180297851563 -0.184951782226562 -0.08551025390625
-0.102241516113281 -0.0660400390625 -0.143600463867188 -0.037078857421875
-0.107566833496094 -0.05328369140625 -0.121917724609375 -0.00497436523437502
-0.0693740844726563 -0.0886688232421875 -0.109405517578125 0.00916290283203127
-0.0162506103515625 -0.1339111328125 -0.121971130371094 0.016021728515625
0.06561279296875 -0.152542114257813 -0.1800537109375 -0.0244445800781251
0.208892822265625 -0.0636749267578125 -0.170578002929688 -0.111068725585938
0.240997314453125 0.0369873046875 -0.184921264648438 -0.160659790039063
0.2572021484375 0.156417846679687 -0.151641845703125 -0.168197631835938
0.231964111328125 0.237564086914063 0.013885498046875 -0.157852172851563
0.22357177734375 0.133575439453125 0.0422744750976563 0.0409049987792969
0.267059326171875 -0.0277252197265625 0.201766967773438 0.018829345703125
0.154937744140625 -0.134368896484375 0.19793701171875 -0.12969970703125
0.0421142578125 -0.18231201171875 0.0791168212890625 -0.202041625976563
-0.073333740234375 -0.139480590820313 -0.0758209228515625 -0.169174194335938
-0.142074584960938 -0.0827789306640625 -0.133796691894531 -0.0650482177734375
-0.152999877929687 -0.0971221923828125 -0.0891036987304688 -0.0168533325195313
-0.163009643554688 -0.0733489990234375 -0.0690498352050781 0.020355224609375
-0.111846923828125 -0.116508483886719 -0.0677986145019531 0.0521736145019531
-0.042144775390625 -0.181167602539063 -0.092681884765625 0.059356689453125
0.0749359130859375 -0.204177856445313 -0.169830322265625 0.0216064453125
0.262435913085938 -0.089630126953125 -0.169326782226562 -0.0667572021484375
0.28741455078125 0.05279541015625 -0.155166625976562 -0.125473022460937
0.286346435546875 0.214630126953125 -0.0921707153320312 -0.0953445434570313
0.20562744140625 0.29779052734375 0.0867996215820313 -0.0624008178710937
0.240890502929688 0.212890625 0.0928955078125 0.0965728759765625
0.339630126953125 0.019805908203125 0.2137451171875 0.0638275146484375
0.220687866210938 -0.145584106445313 0.214324951171875 -0.0736846923828125
0.074554443359375 -0.225830078125 0.112014770507813 -0.147232055664063
-0.0836181640625 -0.179412841796875 -0.0251235961914063 -0.120941162109375
-0.164566040039062 -0.102767944335937 -0.0665359497070313 -0.0364837646484375
-0.179412841796875 -0.113204956054688 -0.0225334167480469 0.00555992126464843
-0.195877075195313 -0.0804290771484375 -0.00224685668945313 0.0443115234375
-0.140716552734375 -0.125320434570312 -0.0107345581054688 0.0909042358398437
-0.065460205078125 -0.20123291015625 -0.0534133911132812 0.0967864990234375
0.069549560546875 -0.226654052734375 -0.14373779296875 0.0625457763671875
0.279327392578125 -0.101577758789063 -0.15521240234375 -0.0286712646484375
0.29681396484375 0.065277099609375 -0.109397888183594 -0.098388671875
0.27386474609375 0.242996215820312 -0.0230236053466797 -0.0172233581542969
0.144134521484375 0.30126953125 0.147430419921875 0.0482330322265625
0.201904296875 0.248687744140625 0.134552001953125 0.158203125
0.33526611328125 0.0699462890625 0.203048706054688 0.109771728515625
0.23974609375 -0.118026733398438 0.207778930664063 -0.00801086425781251
0.0936431884765625 -0.221633911132812 0.128707885742188 -0.0773086547851563
-0.07818603515625 -0.186630249023438 0.0256004333496094 -0.05975341796875
-0.161117553710938 -0.105148315429687 0.00615406036376952 -0.00416994094848633
-0.17938232421875 -0.111221313476563 0.0458564758300781 0.026611328125
-0.199783325195313 -0.0777587890625 0.0670242309570312 0.0639228820800781
-0.147613525390625 -0.119949340820313 0.0482177734375 0.121719360351562
-0.0734100341796875 -0.197311401367187 -0.0126495361328125 0.127105712890625
0.064300537109375 -0.2188720703125 -0.112899780273438 0.09405517578125
0.269363403320313 -0.0875396728515625 -0.135467529296875 -0.000633239746093785
0.26934814453125 0.08441162109375 -0.0590972900390625 -0.0757064819335938
0.22076416015625 0.246505737304688 0.0414962768554688 0.0587654113769531
0.059295654296875 0.244903564453125 0.18829345703125 0.1473388671875
0.124984741210938 0.227462768554687 0.164016723632813 0.20867919921875
0.259490966796875 0.095733642578125 0.178131103515625 0.142120361328125
0.202987670898438 -0.0727996826171875 0.186050415039063 0.0466461181640625
0.0879364013671875 -0.175704956054687 0.129402160644531 -0.0134429931640625
-0.063018798828125 -0.158294677734375 0.0672721862792969 -0.00333786010742188
-0.134437561035156 -0.0877151489257813 0.0727157592773437 0.022857666015625
-0.152542114257813 -0.092498779296875 0.10699462890625 0.0407867431640625
-0.175308227539063 -0.0669403076171875 0.130577087402344 0.0782546997070313
-0.130691528320313 -0.1033935546875 0.099761962890625 0.147262573242188
-0.063934326171875 -0.172515869140625 0.0183563232421875 0.153671264648438
0.062530517578125 -0.185043334960937 -0.088104248046875 0.118064880371094
0.237350463867188 -0.0537261962890625 -0.119766235351563 0.0198593139648437
0.2138671875 0.106216430664062 -0.0161590576171875 -0.0539970397949219
0.136138916015625 0.225296020507812 0.0877838134765625 0.130477905273438
-0.033538818359375 0.145278930664063 0.206710815429687 0.2130126953125
0.0316314697265625 0.157638549804688 0.181198120117188 0.233505249023438
0.142135620117188 0.08831787109375 0.154937744140625 0.156356811523438
0.125213623046875 -0.0257949829101563 0.1658935546875 0.08001708984375
0.05865478515625 -0.102745056152344 0.125289916992188 0.0291213989257812
-0.04095458984375 -0.1021728515625 0.0978012084960937 0.0340957641601562
-0.0885009765625 -0.0551910400390625 0.123619079589844 0.0379409790039063
-0.104362487792969 -0.0598831176757812 0.15203857421875 0.049468994140625
-0.124588012695313 -0.0475540161132812 0.178985595703125 0.0893402099609375
-0.0947036743164063 -0.0762481689453125 0.136993408203125 0.167251586914063
-0.044036865234375 -0.130691528320313 0.037200927734375 0.1781005859375
0.056182861328125 -0.131973266601563 -0.0741424560546875 0.138481140136719
0.181533813476562 -0.0140838623046875 -0.114524841308594 0.0341339111328125
0.134529113769531 0.116439819335938 0.0114326477050781 -0.0293827056884766
0.0334930419921875 0.176116943359375 0.106948852539063 0.193084716796875
0.0601043701171875 -0.077117919921875 -0.15362548828125 -0.214187622070313
-0.0491485595703125 -0.076904296875 -0.0434684753417969 0.00658035278320312
-0.0836410522460937 -0.00154113769531251 0.126411437988281 -0.03515625
-0.0353622436523437 0.0639610290527344 0.100494384765625 -0.175949096679688
0.0210685729980469 0.0666656494140625 -0.023468017578125 -0.21832275390625
0.0545120239257813 0.0270462036132813 -0.160675048828125 -0.19036865234375
0.0388641357421875 0.00841522216796875 -0.22418212890625 -0.08514404296875
0.0315513610839844 0.0158748626708984 -0.193115234375 -0.04437255859375
0.0303249359130859 0.0188465118408203 -0.16046142578125 -0.026824951171875
0.0105934143066406 0.019927978515625 -0.138908386230469 -0.0441970825195313
-0.0194835662841797 0.0129261016845703 -0.143295288085938 -0.0366973876953125
-0.04541015625 -0.0227508544921875 -0.170089721679688 -0.0758209228515625
0.00409317016601563 -0.0696640014648438 -0.160659790039063 -0.172866821289063
0.07373046875 -0.0784072875976563 -0.207061767578125 -0.2188720703125
0.1162109375 -0.0552215576171875 -0.227447509765625 -0.2415771484375
0.155670166015625 0.021514892578125 -0.124404907226563 -0.23150634765625
0.0582809448242187 -0.0352859497070313 -0.0347137451171875 -0.000518798828125
0.0232391357421875 -0.0386085510253906 0.147079467773438 -0.0339202880859375
0.00707530975341797 -0.0120725631713867 0.124923706054687 -0.182952880859375
0.00879192352294922 -0.0157995223999023 -0.00492858886718748 -0.234954833984375
0.000419616699218749 -0.0221366882324219 -0.156723022460937 -0.199295043945312
-0.0330619812011719 -0.01727294921875 -0.222381591796875 -0.0844879150390625
-0.0413627624511719 -0.0246849060058594 -0.185150146484375 -0.03936767578125
-0.0430221557617188 -0.0194854736328125 -0.15728759765625 -0.01580810546875
-0.0283546447753906 -0.0421409606933594 -0.136680603027344 -0.0226058959960938
-0.0092926025390625 -0.0676612854003906 -0.140762329101563 -0.01617431640625
0.0240631103515625 -0.0900115966796875 -0.181259155273438 -0.0546417236328125
0.121070861816406 -0.0583572387695313 -0.169586181640625 -0.1458740234375
0.168258666992188 -0.0099639892578125 -0.2091064453125 -0.191497802734375
0.203414916992187 0.05792236328125 -0.206695556640625 -0.217269897460937
0.2244873046875 0.13067626953125 -0.0682220458984375 -0.21612548828125
0.161392211914063 0.0355377197265625 -0.00410747528076171 0.0104026794433594
0.149154663085938 -0.056915283203125 0.176559448242188 -0.0206451416015625
0.07220458984375 -0.0888137817382812 0.159652709960938 -0.174636840820313
0.011077880859375 -0.106620788574219 0.0292510986328125 -0.236785888671875
-0.0488052368164062 -0.0806732177734375 -0.131057739257813 -0.194549560546875
-0.0999221801757813 -0.0473175048828125 -0.193099975585938 -0.0751495361328125
-0.110610961914063 -0.0610885620117187 -0.149642944335938 -0.02783203125
-0.113334655761719 -0.0482101440429687 -0.125762939453125 0.00369262695312502
-0.075439453125 -0.087554931640625 -0.111915588378906 0.0155181884765625
-0.023651123046875 -0.137397766113281 -0.125511169433594 0.0234451293945312
0.0592803955078125 -0.159881591796875 -0.186431884765625 -0.013153076171875
0.211288452148437 -0.0778656005859375 -0.179595947265625 -0.105117797851562
0.247772216796875 0.02490234375 -0.197021484375 -0.153823852539063
0.271408081054688 0.145553588867187 -0.162673950195312 -0.163177490234375
0.2498779296875 0.230545043945313 0.00625610351562502 -0.157562255859375
0.236099243164063 0.124618530273438 0.0445137023925781 0.0442008972167969
0.271560668945313 -0.0446624755859375 0.20477294921875 0.0103607177734375
0.151992797851563 -0.145370483398438 0.194442749023438 -0.142745971679688
0.0319976806640625 -0.189376831054687 0.070770263671875 -0.21160888671875
-0.0830078125 -0.138259887695313 -0.0857086181640625 -0.169830322265625
-0.148971557617188 -0.0763092041015625 -0.138893127441406 -0.0575790405273437
-0.1639404296875 -0.089263916015625 -0.0923538208007813 -0.011627197265625
-0.170974731445313 -0.0643768310546875 -0.0703887939453125 0.0252456665039062
-0.121482849121094 -0.11334228515625 -0.065277099609375 0.0571632385253906
-0.052520751953125 -0.182388305664063 -0.0926666259765625 0.065887451171875
0.064849853515625 -0.213088989257813 -0.17352294921875 0.03387451171875
0.263229370117188 -0.108718872070313 -0.177352905273437 -0.06024169921875
0.29681396484375 0.038848876953125 -0.165451049804687 -0.11962890625
0.305206298828125 0.202392578125 -0.099029541015625 -0.092376708984375
0.226776123046875 0.29364013671875 0.0839691162109375 -0.0641250610351562
0.257492065429688 0.204086303710937 0.0982742309570313 0.0972900390625
0.346893310546875 -0.0008544921875 0.218048095703125 0.0558013916015625
0.216537475585938 -0.160552978515625 0.214492797851563 -0.085906982421875
0.062896728515625 -0.235824584960938 0.107650756835938 -0.156341552734375
-0.095367431640625 -0.17822265625 -0.029632568359375 -0.122467041015625
-0.172958374023438 -0.09552001953125 -0.0678062438964844 -0.0322685241699219
-0.19195556640625 -0.102737426757812 -0.0227909088134766 0.00671577453613281
-0.204849243164063 -0.06976318359375 -0.000305175781250014 0.0453720092773437
-0.150360107421875 -0.119491577148437 -0.00496673583984376 0.092926025390625
-0.077728271484375 -0.201202392578125 -0.0500869750976562 0.103073120117187
0.0576629638671875 -0.235946655273438 -0.144699096679688 0.0741577148437499
0.279312133789063 -0.121780395507813 -0.160736083984375 -0.0220184326171875
0.306610107421875 0.04974365234375 -0.117904663085937 -0.0947723388671875
0.293426513671875 0.23114013671875 -0.0250606536865234 -0.0175437927246094
0.163177490234375 0.299346923828125 0.151214599609375 0.04608154296875
0.220123291015625 0.24212646484375 0.144577026367187 0.157196044921875
0.344696044921875 0.051055908203125 0.209991455078125 0.102630615234375
0.237838745117188 -0.134078979492187 0.210311889648438 -0.018951416015625
0.08251953125 -0.231842041015625 0.128311157226563 -0.0858993530273438
-0.0902862548828125 -0.185943603515625 0.0250320434570312 -0.0622215270996094
-0.169677734375 -0.0971221923828125 0.00849580764770507 -0.00459051132202149
-0.19146728515625 -0.102035522460937 0.0482711791992187 0.0226173400878906
-0.2080078125 -0.0663604736328125 0.071929931640625 0.0600433349609375
-0.155853271484375 -0.11395263671875 0.0569610595703125 0.1202392578125
-0.0862274169921875 -0.196151733398438 -0.00754547119140624 0.131790161132812
0.0529937744140625 -0.226699829101563 -0.111869812011719 0.104362487792969
0.269760131835937 -0.106536865234375 -0.139701843261719 0.00507354736328125
0.279678344726563 0.0706787109375 -0.06597900390625 -0.075439453125
0.239639282226562 0.236846923828125 0.044097900390625 0.0565528869628906
0.0745391845703125 0.248275756835938 0.198089599609375 0.14385986328125
0.139511108398438 0.223800659179688 0.17633056640625 0.2064208984375
0.269699096679688 0.0810699462890625 0.187362670898438 0.137481689453125
0.20269775390625 -0.0851287841796875 0.191207885742187 0.0386505126953125
0.0782928466796875 -0.184661865234375 0.132316589355469 -0.0193328857421875
-0.073638916015625 -0.157272338867188 0.0715560913085938 -0.00669860839843751
-0.140899658203125 -0.08099365234375 0.0773696899414062 0.0187301635742187
-0.16229248046875 -0.0842437744140625 0.111198425292969 0.0338134765625
-0.182388305664063 -0.056396484375 0.137451171875 0.0704727172851563
-0.137947082519531 -0.0977859497070313 0.111465454101562 0.142730712890625
-0.074920654296875 -0.171371459960938 0.0258941650390625 0.15618896484375
0.052032470703125 -0.191390991210938 -0.084228515625 0.126762390136719
0.237960815429688 -0.07012939453125 -0.121917724609375 0.0257034301757812
0.223861694335938 0.09552001953125 -0.02142333984375 -0.0560836791992187
0.151641845703125 0.221435546875 0.095062255859375 0.127029418945313
-0.0252838134765625 0.150360107421875 0.219802856445313 0.2086181640625
0.0412445068359375 0.158218383789063 0.1953125 0.229507446289063
0.150390625 0.080078125 0.164718627929688 0.1533203125
0.125892639160156 -0.0332870483398438 0.1729736328125 0.073516845703125
0.0528945922851563 -0.1077880859375 0.129776000976563 0.0231857299804687
-0.0474777221679688 -0.101295471191406 0.104728698730469 0.0297088623046875
-0.091827392578125 -0.0502243041992187 0.129844665527344 0.031097412109375
-0.109962463378906 -0.0535354614257812 0.157791137695313 0.0390625
-0.129890441894531 -0.0400390625 0.18743896484375 0.078155517578125
-0.100944519042969 -0.071929931640625 0.151077270507813 0.161331176757813
-0.05194091796875 -0.129219055175781 0.046783447265625 0.180252075195313
0.0491790771484375 -0.136581420898437 -0.0699005126953125 0.14599609375
0.182464599609375 -0.0262298583984375 -0.115509033203125 0.0395736694335938
0.143402099609375 0.110015869140625 0.00790023803710938 -0.0327987670898438
0.0437469482421875 0.176498413085938 0.11785888671875 0.189666748046875
0.0583343505859375 -0.0791091918945313 -0.162261962890625 -0.2088623046875
-0.0519027709960938 -0.0751724243164063 -0.0429916381835938 0.0106887817382812
-0.0839462280273438 0.00245666503906249 0.127647399902344 -0.0382919311523437
-0.0316810607910156 0.0650444030761719 0.0958404541015625 -0.181320190429688
0.0240135192871094 0.0653533935546875 -0.0311431884765625 -0.220260620117188
0.055267333984375 0.0240516662597656 -0.170516967773438 -0.187026977539063
0.0382308959960938 0.00644302368164063 -0.230331420898438 -0.0752716064453125
0.0318183898925781 0.0145950317382813 -0.197265625 -0.034454345703125
0.0303058624267578 0.0165958404541016 -0.16339111328125 -0.0195465087890625
0.0104446411132813 0.0177688598632813 -0.144378662109375 -0.0393218994140625
-0.0191268920898437 0.0130329132080078 -0.147918701171875 -0.03228759765625
-0.0459327697753906 -0.0208091735839844 -0.17340087890625 -0.0704345703125
0.00296401977539063 -0.0696868896484375 -0.166900634765625 -0.169891357421875
0.0705337524414063 -0.0823974609375 -0.214935302734375 -0.213363647460937
0.114326477050781 -0.0589523315429688 -0.235824584960937 -0.236404418945313
0.158554077148438 0.016143798828125 -0.132415771484375 -0.227218627929687
0.0578346252441406 -0.0371360778808594 -0.03424072265625 0.00363540649414062
0.0216140747070313 -0.0399017333984375 0.148208618164063 -0.0378265380859375
0.00871467590332031 -0.0133352279663086 0.120346069335937 -0.188385009765625
0.00799465179443359 -0.0169897079467773 -0.012420654296875 -0.238479614257813
-0.001251220703125 -0.0227031707763672 -0.166259765625 -0.196304321289062
-0.03521728515625 -0.0169754028320313 -0.228546142578125 -0.074462890625
-0.0440902709960938 -0.0231094360351563 -0.189361572265625 -0.030029296875
-0.0446853637695313 -0.0188217163085938 -0.160232543945313 -0.00830078124999999
-0.0310821533203125 -0.0427474975585937 -0.14056396484375 -0.0176162719726562
-0.0119209289550781 -0.0699348449707031 -0.144073486328125 -0.011444091796875
0.0210418701171875 -0.0916900634765625 -0.18524169921875 -0.047393798828125
0.121017456054687 -0.0637435913085938 -0.175796508789062 -0.14227294921875
0.169082641601563 -0.01593017578125 -0.215576171875 -0.185562133789063
0.206558227539063 0.051910400390625 -0.214401245117188 -0.212753295898437
0.2315673828125 0.123825073242188 -0.0756378173828125 -0.211746215820313
0.165130615234375 0.030914306640625 -0.00300502777099608 0.0145349502563477
0.148712158203125 -0.0638427734375 0.177413940429688 -0.0244903564453125
0.0714797973632813 -0.0929031372070313 0.155624389648438 -0.181671142578125
0.00705718994140626 -0.109031677246094 0.0220489501953125 -0.241546630859375
-0.0526123046875 -0.0797805786132813 -0.139389038085938 -0.192825317382813
-0.103134155273437 -0.0442276000976563 -0.197250366210938 -0.0675506591796875
-0.11572265625 -0.0566787719726563 -0.153030395507813 -0.0206451416015625
-0.117103576660156 -0.0443191528320313 -0.127655029296875 0.0103683471679688
-0.0799484252929688 -0.0868453979492187 -0.112831115722656 0.0199813842773438
-0.0293426513671875 -0.138511657714844 -0.127105712890625 0.0281448364257812
0.054473876953125 -0.163772583007813 -0.189117431640625 -0.0048370361328125
0.21142578125 -0.0880889892578125 -0.1854248046875 -0.101119995117188
0.251205444335938 0.0165252685546875 -0.203445434570312 -0.148757934570313
0.277481079101563 0.136947631835938 -0.169403076171875 -0.159133911132813
0.261489868164063 0.224105834960938 0.000701904296875028 -0.155166625976563
0.243896484375 0.115966796875 0.046539306640625 0.0469474792480469
0.272537231445313 -0.0562591552734375 0.205947875976563 0.005615234375
0.148330688476562 -0.152999877929687 0.191085815429687 -0.149826049804688
0.0244598388671875 -0.193359375 0.064727783203125 -0.217041015625
-0.0884933471679687 -0.136619567871094 -0.09246826171875 -0.168487548828125
-0.154266357421875 -0.07135009765625 -0.14105224609375 -0.0518341064453125
-0.171554565429687 -0.08233642578125 -0.0942230224609375 -0.0066986083984375
-0.176071166992188 -0.0567779541015625 -0.0709686279296875 0.0302047729492187
-0.125648498535156 -0.110107421875 -0.0638809204101563 0.0603408813476563
-0.0601654052734375 -0.183212280273438 -0.0931472778320313 0.070648193359375
0.0573577880859375 -0.218032836914062 -0.17486572265625 0.0429840087890625
0.262603759765625 -0.121505737304688 -0.181167602539063 -0.0559539794921875
0.30133056640625 0.028167724609375 -0.171173095703125 -0.115570068359375
0.314544677734375 0.1922607421875 -0.103599548339844 -0.09002685546875
0.24017333984375 0.288360595703125 0.082489013671875 -0.0634002685546875
0.26837158203125 0.19586181640625 0.102149963378906 0.0988616943359375
0.35064697265625 -0.0162353515625 0.219619750976563 0.051116943359375
0.213729858398437 -0.170059204101563 0.212326049804688 -0.093109130859375
0.0524444580078125 -0.241348266601562 0.103836059570313 -0.161865234375
-0.103240966796875 -0.175979614257813 -0.0328292846679688 -0.122428894042969
-0.178390502929687 -0.0897064208984375 -0.0679092407226563 -0.0297050476074219
-0.199661254882813 -0.0948944091796875 -0.0238780975341797 0.00795364379882812
-0.20989990234375 -0.060821533203125 0.000423431396484359 0.0458869934082031
-0.155715942382813 -0.114761352539063 -0.00151062011718751 0.0940399169921875
-0.0858306884765625 -0.200180053710937 -0.0479049682617188 0.106353759765625
0.0487823486328125 -0.240447998046875 -0.144561767578125 0.0835113525390625
0.277633666992188 -0.135528564453125 -0.164505004882812 -0.0179443359375
0.31182861328125 0.03857421875 -0.123092651367188 -0.0928955078125
0.30535888671875 0.2215576171875 -0.0267601013183594 -0.0176067352294922
0.176727294921875 0.29736328125 0.15301513671875 0.04400634765625
0.231964111328125 0.235641479492188 0.150314331054688 0.157485961914063
0.350372314453125 0.035858154296875 0.2132568359375 0.0988311767578125
0.235580444335938 -0.143722534179688 0.21044921875 -0.0250396728515625
0.073028564453125 -0.237472534179688 0.127960205078125 -0.0918960571289063
-0.098785400390625 -0.183670043945312 0.0254707336425781 -0.0638923645019532
-0.173614501953125 -0.09173583984375 0.0107965469360351 -0.00435829162597657
-0.198440551757813 -0.0926055908203125 0.0491218566894531 0.02020263671875
-0.213775634765625 -0.0567626953125 0.0740127563476562 0.0567245483398437
-0.161117553710938 -0.1080322265625 0.0628814697265625 0.118499755859375
-0.0936737060546875 -0.19378662109375 -0.00370025634765626 0.13385009765625
0.0440521240234375 -0.229568481445313 -0.110244750976563 0.111839294433594
0.267196655273438 -0.120376586914063 -0.141204833984375 0.00895690917968749
0.285430908203125 0.0599365234375 -0.071380615234375 -0.07525634765625
0.250473022460938 0.230224609375 0.0449676513671875 0.0545425415039063
0.084869384765625 0.2476806640625 0.20428466796875 0.1416015625
0.149490356445313 0.219772338867188 0.183517456054688 0.204559326171875
0.275390625 0.0691375732421875 0.191452026367188 0.133956909179688
0.20123291015625 -0.0937652587890625 0.193618774414063 0.0325469970703125
0.0711669921875 -0.188323974609375 0.134117126464844 -0.0245895385742188
-0.07958984375 -0.154983520507812 0.074554443359375 -0.00927734375000001
-0.144302368164062 -0.0758209228515625 0.08203125 0.0153579711914062
-0.167861938476563 -0.0765380859375 0.113334655761719 0.0285797119140625
-0.18597412109375 -0.047332763671875 0.14068603515625 0.0638885498046875
-0.1416015625 -0.092559814453125 0.118621826171875 0.138290405273438
-0.0819091796875 -0.168533325195312 0.0311126708984375 0.157928466796875
0.04498291015625 -0.193557739257813 -0.082122802734375 0.133155822753906
0.236190795898438 -0.08099365234375 -0.123008728027344 0.0285415649414063
0.229034423828125 0.087127685546875 -0.0256004333496094 -0.0574150085449219
0.161788940429688 0.21661376953125 0.0987396240234375 0.12371826171875
-0.0188140869140625 0.152435302734375 0.228439331054688 0.205078125
0.0477142333984375 0.156600952148438 0.203445434570313 0.226669311523438
0.153457641601563 0.071685791015625 0.170501708984375 0.149566650390625
0.125457763671875 -0.0388031005859375 0.177169799804688 0.0686492919921875
0.0485992431640625 -0.11016845703125 0.133201599121094 0.0194091796875
-0.0522842407226563 -0.0992965698242188 0.109268188476563 0.02606201171875
-0.0933990478515625 -0.0462112426757812 0.134422302246094 0.0255584716796875
-0.113494873046875 -0.0485305786132813 0.1602783203125 0.0314788818359375
-0.131904602050781 -0.0331344604492187 0.192367553710938 0.0693511962890625
-0.103744506835938 -0.0679473876953125 0.158447265625 0.155136108398438
-0.0567550659179687 -0.127265930175781 0.052093505859375 0.181686401367188
0.0445022583007812 -0.138221740722656 -0.0657806396484375 0.150726318359375
0.182479858398438 -0.034759521484375 -0.11590576171875 0.0418930053710938
0.148910522460938 0.103652954101563 0.00458145141601564 -0.0357131958007812
0.05059814453125 0.175979614257813 0.123779296875 0.186370849609375
0.0586013793945312 -0.081146240234375 -0.168411254882813 -0.208206176757812
-0.0550079345703125 -0.0743408203125 -0.0426177978515625 0.0135498046875
-0.085174560546875 0.00471496582031251 0.130447387695313 -0.0405654907226563
-0.0297660827636719 0.0651741027832031 0.0951385498046875 -0.186080932617188
0.0262489318847656 0.0652847290039063 -0.0355377197265625 -0.225997924804687
0.0553741455078125 0.0228462219238281 -0.178787231445313 -0.187362670898437
0.0379791259765625 0.00533676147460938 -0.237991333007813 -0.0701446533203125
0.0318145751953125 0.013580322265625 -0.201416015625 -0.028045654296875
0.0301837921142578 0.0150699615478516 -0.16680908203125 -0.0155487060546875
0.00961399078369141 0.0156469345092773 -0.149887084960938 -0.037139892578125
-0.0188846588134766 0.0121517181396484 -0.152740478515625 -0.0296478271484375
-0.0460586547851563 -0.0194473266601563 -0.178253173828125 -0.069183349609375
0.00246429443359375 -0.0709304809570313 -0.170913696289063 -0.171661376953125
0.0690994262695313 -0.0848312377929687 -0.22015380859375 -0.212783813476562
0.113883972167969 -0.060943603515625 -0.2423095703125 -0.2381591796875
0.162216186523438 0.0141143798828125 -0.138153076171875 -0.2266845703125
0.0587692260742188 -0.0381278991699219 -0.0339221954345703 0.00762939453125
0.0220413208007812 -0.0414848327636719 0.150543212890625 -0.039764404296875
0.0100088119506836 -0.0148420333862305 0.119430541992188 -0.19378662109375
0.00767707824707032 -0.0178089141845703 -0.0167236328125 -0.244842529296875
-0.0027313232421875 -0.0245704650878906 -0.174285888671875 -0.197158813476563
-0.0372428894042969 -0.0168266296386719 -0.234695434570312 -0.070068359375
-0.0473060607910156 -0.021881103515625 -0.194290161132813 -0.02423095703125
-0.0467453002929688 -0.0186996459960937 -0.163558959960938 -0.00349426269531252
-0.0327796936035156 -0.0449638366699219 -0.146102905273438 -0.014984130859375
-0.0138320922851562 -0.0726394653320313 -0.148727416992188 -0.00831604003906252
0.0207061767578125 -0.0935745239257813 -0.189895629882813 -0.0448760986328125
0.123283386230469 -0.0680389404296875 -0.180282592773437 -0.143325805664062
0.170883178710938 -0.0189056396484375 -0.22296142578125 -0.185089111328125
0.210708618164062 0.0497894287109375 -0.22015380859375 -0.214157104492187
0.239181518554688 0.122344970703125 -0.0803375244140625 -0.21063232421875
0.169296264648438 0.02783203125 -0.00165748596191405 0.0184555053710938
0.150665283203125 -0.069305419921875 0.179962158203125 -0.02606201171875
0.0717239379882813 -0.0965652465820313 0.155120849609375 -0.187484741210938
0.00447845458984375 -0.112258911132813 0.0183868408203125 -0.247833251953125
-0.055084228515625 -0.08050537109375 -0.145751953125 -0.19378662109375
-0.10638427734375 -0.0426483154296875 -0.201812744140625 -0.0635833740234375
-0.121360778808594 -0.0538330078125 -0.156936645507812 -0.015350341796875
-0.121292114257813 -0.0422439575195312 -0.129776000976563 0.0142440795898437
-0.0832061767578125 -0.087890625 -0.116096496582031 0.0230865478515625
-0.033050537109375 -0.142303466796875 -0.130691528320313 0.03179931640625
0.052215576171875 -0.168182373046875 -0.193695068359375 0.000183105468749986
0.214675903320313 -0.095123291015625 -0.190444946289063 -0.101364135742187
0.256317138671875 0.0124969482421875 -0.209320068359375 -0.147659301757812
0.285736083984375 0.134613037109375 -0.174423217773437 -0.160247802734375
0.270980834960938 0.223373413085938 -0.00169372558593749 -0.154144287109375
0.251785278320312 0.113967895507812 0.0487594604492188 0.0510826110839844
0.27642822265625 -0.0655670166015625 0.20904541015625 0.0051727294921875
0.149490356445313 -0.158859252929688 0.190841674804688 -0.156036376953125
0.02032470703125 -0.197540283203125 0.062591552734375 -0.224594116210938
-0.0927505493164062 -0.137611389160156 -0.0968017578125 -0.170257568359375
-0.158432006835937 -0.0688629150390625 -0.143295288085938 -0.0493011474609375
-0.178359985351563 -0.077972412109375 -0.096893310546875 -0.00365447998046873
-0.181961059570312 -0.0537109375 -0.0720138549804688 0.0337600708007813
-0.130203247070313 -0.1094970703125 -0.0640716552734375 0.0623893737792969
-0.0654754638671875 -0.185699462890625 -0.0945816040039062 0.074615478515625
0.05401611328125 -0.224288940429688 -0.178070068359375 0.050140380859375
0.265228271484375 -0.13153076171875 -0.186569213867187 -0.055328369140625
0.307647705078125 0.02227783203125 -0.176971435546875 -0.115768432617187
0.32427978515625 0.190032958984375 -0.106361389160156 -0.09075927734375
0.25152587890625 0.289703369140625 0.0831146240234375 -0.0616836547851562
0.278213500976563 0.1934814453125 0.106269836425781 0.102500915527344
0.356231689453125 -0.025146484375 0.22357177734375 0.0511627197265625
0.214691162109375 -0.177825927734375 0.21331787109375 -0.0973358154296875
0.0480499267578125 -0.247390747070312 0.104522705078125 -0.169296264648438
-0.108505249023438 -0.177520751953125 -0.0344467163085937 -0.124526977539063
-0.182769775390625 -0.0867767333984375 -0.067413330078125 -0.02886962890625
-0.207443237304688 -0.090484619140625 -0.0239505767822266 0.00901603698730468
-0.215835571289062 -0.0552520751953125 0.000930786132812486 0.0474777221679688
-0.160964965820313 -0.113067626953125 0.00128936767578124 0.094635009765625
-0.0924072265625 -0.202224731445313 -0.048248291015625 0.11077880859375
0.044525146484375 -0.245834350585937 -0.1466064453125 0.09027099609375
0.279464721679688 -0.145965576171875 -0.1685791015625 -0.0162200927734375
0.318359375 0.03271484375 -0.128463745117187 -0.092987060546875
0.315643310546875 0.220001220703125 -0.0273456573486328 -0.0177230834960937
0.18743896484375 0.29949951171875 0.156768798828125 0.046722412109375
0.240646362304688 0.2344970703125 0.155349731445313 0.160232543945313
0.35699462890625 0.027099609375 0.216934204101563 0.0996551513671875
0.237319946289062 -0.151107788085937 0.2132568359375 -0.02825927734375
0.06866455078125 -0.243911743164062 0.130126953125 -0.0961151123046875
-0.103591918945313 -0.184600830078125 0.0268020629882813 -0.0658683776855469
-0.178024291992188 -0.0894622802734375 0.0128974914550781 -0.00587081909179688
-0.205184936523438 -0.088104248046875 0.0505752563476562 0.0189208984375
-0.218124389648438 -0.0507965087890625 0.0765228271484375 0.0562896728515625
-0.165130615234375 -0.105911254882812 0.0672836303710937 0.118118286132812
-0.0999908447265625 -0.195068359375 -0.00241851806640627 0.137603759765625
0.04022216796875 -0.23492431640625 -0.111373901367188 0.118827819824219
0.268875122070313 -0.129714965820313 -0.14520263671875 0.0102081298828125
0.2921142578125 0.05499267578125 -0.075897216796875 -0.076812744140625
0.260482788085937 0.228469848632812 0.0460777282714844 0.0544090270996094
0.093719482421875 0.250885009765625 0.209671020507813 0.143646240234375
0.156417846679688 0.219558715820313 0.189895629882813 0.207183837890625
0.28033447265625 0.0627288818359375 0.195816040039063 0.135879516601563
0.202362060546875 -0.099395751953125 0.196807861328125 0.031005859375
0.0670623779296875 -0.1939697265625 0.137527465820313 -0.0276412963867188
-0.0848236083984375 -0.1561279296875 0.078765869140625 -0.0115737915039063
-0.147140502929688 -0.074005126953125 0.0859909057617187 0.0125503540039062
-0.173934936523438 -0.072052001953125 0.115524291992188 0.0255050659179688
-0.1895751953125 -0.0418548583984375 0.144500732421875 0.0609588623046875
-0.145355224609375 -0.090545654296875 0.124732971191406 0.136940002441406
-0.0864410400390625 -0.169708251953125 0.03326416015625 0.16131591796875
0.042022705078125 -0.19757080078125 -0.081573486328125 0.138931274414063
0.237701416015625 -0.0897674560546875 -0.125801086425781 0.02947998046875
0.235733032226563 0.08319091796875 -0.0300750732421875 -0.05963134765625
0.168746948242188 0.216796875 0.10162353515625 0.123886108398438
-0.0143280029296875 0.156829833984375 0.235443115234375 0.207962036132813
0.051544189453125 0.1566162109375 0.209701538085938 0.228286743164063
0.156326293945313 0.0681915283203125 0.174697875976563 0.151824951171875
0.126174926757813 -0.04241943359375 0.180557250976563 0.0682830810546875
0.0459976196289062 -0.113037109375 0.137710571289063 0.0178604125976562
-0.0559234619140625 -0.0994491577148438 0.115257263183594 0.0237503051757812
-0.0944442749023438 -0.044891357421875 0.139442443847656 0.0212860107421875
-0.11614990234375 -0.0445709228515625 0.163055419921875 0.027099609375
-0.133987426757813 -0.0289230346679687 0.19708251953125 0.06414794921875
-0.105842590332031 -0.0670089721679688 0.165771484375 0.15325927734375
-0.0602264404296875 -0.126976013183594 0.0565338134765625 0.185714721679688
0.042205810546875 -0.140609741210938 -0.06536865234375 0.15570068359375
0.183242797851563 -0.04058837890625 -0.118095397949219 0.043609619140625
0.152633666992187 0.101303100585937 0.000877380371093759 -0.0376701354980469
0.05535888671875 0.177093505859375 0.127532958984375 0.186721801757812
0.0599136352539063 -0.0849151611328125 -0.176071166992187 -0.213058471679688
-0.0575103759765625 -0.0746688842773437 -0.0431365966796875 0.016448974609375
-0.0877456665039063 0.00662231445312499 0.13641357421875 -0.0427093505859375
-0.0290756225585938 0.0666465759277344 0.0973358154296875 -0.194671630859375
0.0291557312011719 0.066741943359375 -0.041046142578125 -0.23602294921875
0.0567054748535156 0.0215606689453125 -0.19073486328125 -0.1925048828125
0.0378494262695313 0.00482940673828125 -0.249282836914063 -0.0661163330078125
0.0325126647949219 0.0137100219726563 -0.209823608398438 -0.022430419921875
0.0305252075195313 0.0138835906982422 -0.17376708984375 -0.0115509033203125
0.00925445556640625 0.0149736404418945 -0.15960693359375 -0.0347442626953125
-0.0198917388916016 0.0117988586425781 -0.161422729492188 -0.028106689453125
-0.0462608337402344 -0.0188179016113281 -0.185653686523438 -0.0701446533203125
0.00208282470703125 -0.0734786987304688 -0.178817749023437 -0.1771240234375
0.0690155029296875 -0.0882720947265625 -0.230178833007812 -0.217849731445313
0.116462707519531 -0.0635910034179688 -0.251922607421875 -0.245697021484375
0.169265747070313 0.0123138427734375 -0.145858764648438 -0.231231689453125
0.0604324340820313 -0.0398368835449219 -0.0333766937255859 0.0109443664550781
0.0226821899414063 -0.0439720153808594 0.157135009765625 -0.0415496826171875
0.0108375549316406 -0.0166912078857422 0.121871948242188 -0.202468872070313
0.00783729553222656 -0.0193405151367188 -0.0217132568359375 -0.25592041015625
-0.00368881225585938 -0.0254669189453125 -0.185317993164063 -0.2021484375
-0.0398674011230469 -0.0167808532714844 -0.244964599609375 -0.0664825439453126
-0.0511283874511719 -0.0215606689453125 -0.202499389648438 -0.0177459716796875
-0.0509605407714844 -0.0193519592285156 -0.170425415039063 0.000610351562500011
-0.0366401672363281 -0.0478477478027344 -0.153549194335938 -0.0123748779296875
-0.015899658203125 -0.07684326171875 -0.156600952148438 -0.00619506835937501
0.0213775634765625 -0.0977401733398438 -0.198104858398438 -0.0426025390625
0.127601623535156 -0.0731658935546875 -0.188720703125 -0.148452758789063
0.176834106445313 -0.02099609375 -0.231582641601563 -0.1890869140625
0.218887329101563 0.050079345703125 -0.22943115234375 -0.22186279296875
0.25054931640625 0.123382568359375 -0.085113525390625 -0.21478271484375
0.176620483398437 0.0263519287109375 0.000131607055664075 0.0229892730712891
0.155532836914063 -0.076202392578125 0.187744140625 -0.02764892578125
0.0743637084960938 -0.10272216796875 0.158843994140625 -0.196151733398438
0.00214385986328125 -0.116706848144531 0.0153961181640625 -0.26025390625
-0.05865478515625 -0.0830612182617188 -0.155349731445313 -0.199478149414063
-0.112319946289063 -0.0429916381835938 -0.21051025390625 -0.06103515625
-0.128952026367188 -0.052703857421875 -0.163604736328125 -0.0107269287109375
-0.128311157226563 -0.0416259765625 -0.135261535644531 0.0196914672851562
-0.0888671875 -0.09130859375 -0.121559143066406 0.02587890625
-0.037139892578125 -0.149078369140625 -0.137229919433594 0.0357437133789063
0.0523223876953125 -0.176528930664063 -0.201919555664062 0.00469970703125003
0.221725463867188 -0.104354858398437 -0.199203491210938 -0.104202270507812
0.266128540039063 0.009735107421875 -0.218917846679687 -0.151107788085938
0.2984619140625 0.136566162109375 -0.1820068359375 -0.165176391601562
0.286712646484375 0.227874755859375 -0.0026092529296875 -0.156631469726562
0.263412475585938 0.113571166992188 0.0531768798828125 0.0563278198242188
0.285888671875 -0.07501220703125 0.216384887695313 0.00457763671874999
0.153045654296875 -0.168319702148437 0.196319580078125 -0.1627197265625
0.0171661376953125 -0.20611572265625 0.0626068115234375 -0.2359619140625
-0.0986175537109375 -0.141525268554688 -0.102890014648438 -0.17596435546875
-0.166091918945312 -0.0690460205078125 -0.148895263671875 -0.048187255859375
-0.188247680664063 -0.076202392578125 -0.100791931152344 -0.000724792480468758
-0.190322875976562 -0.0512847900390625 -0.0744247436523438 0.03704833984375
-0.13763427734375 -0.111900329589844 -0.0663299560546875 0.0652427673339844
-0.0717315673828125 -0.193359375 -0.0987930297851563 0.080078125
0.052215576171875 -0.234054565429688 -0.185073852539063 0.0574951171875
0.273529052734375 -0.143447875976563 -0.195953369140625 -0.0560760498046875
0.320526123046875 0.018951416015625 -0.185821533203125 -0.117752075195313
0.3404541015625 0.192962646484375 -0.111488342285156 -0.0940017700195312
0.267425537109375 0.297698974609375 0.0863800048828125 -0.0618057250976562
0.292449951171875 0.196319580078125 0.112152099609375 0.109306335449219
0.369049072265625 -0.03570556640625 0.231536865234375 0.0529022216796875
0.220657348632813 -0.188323974609375 0.219772338867188 -0.102584838867188
0.044097900390625 -0.25860595703125 0.107009887695312 -0.17822265625
-0.115066528320312 -0.182815551757813 -0.036407470703125 -0.12933349609375
-0.19146728515625 -0.08746337890625 -0.0688858032226563 -0.0286140441894531
-0.218887329101563 -0.0873260498046875 -0.0243949890136719 0.0102615356445312
-0.224868774414063 -0.05230712890625 0.00188827514648436 0.0502738952636719
-0.168289184570313 -0.115066528320313 0.00318908691406249 0.0973663330078125
-0.099365234375 -0.208648681640625 -0.0499801635742188 0.116813659667969
0.04229736328125 -0.256591796875 -0.151382446289063 0.0997314453125
0.28692626953125 -0.1588134765625 -0.177108764648437 -0.0164031982421875
0.331146240234375 0.0286865234375 -0.135772705078125 -0.0954132080078125
0.331634521484375 0.223480224609375 -0.0287799835205078 -0.0187149047851562
0.200225830078125 0.30853271484375 0.16424560546875 0.049468994140625
0.254074096679688 0.238754272460937 0.163162231445313 0.16839599609375
0.37005615234375 0.019012451171875 0.22509765625 0.103271484375
0.244430541992187 -0.160614013671875 0.220001220703125 -0.0300140380859375
0.065765380859375 -0.254959106445313 0.134391784667969 -0.102981567382813
-0.11041259765625 -0.190185546875 0.0290336608886719 -0.0699920654296875
-0.186019897460937 -0.089202880859375 0.0156469345092773 -0.00740814208984376
-0.216644287109375 -0.0853424072265626 0.05316162109375 0.0189361572265625
-0.227554321289063 -0.04705810546875 0.0800933837890625 0.057159423828125
-0.172286987304688 -0.107437133789062 0.0724029541015625 0.120376586914063
-0.106842041015625 -0.199859619140625 -0.00122070312500002 0.14520263671875
0.037811279296875 -0.244384765625 -0.113349914550781 0.128608703613281
0.2760009765625 -0.141021728515625 -0.152191162109375 0.0115966796875
0.303955078125 0.051513671875 -0.0818023681640625 -0.0797500610351563
0.274154663085938 0.233428955078125 0.0482139587402344 0.0551834106445313
0.102630615234375 0.258880615234375 0.219512939453125 0.14971923828125
0.166473388671875 0.224945068359375 0.199600219726563 0.214706420898438
0.29095458984375 0.058624267578125 0.203826904296875 0.141006469726563
0.209457397460938 -0.106063842773438 0.20404052734375 0.0323028564453125
0.065826416015625 -0.202667236328125 0.144119262695313 -0.0305328369140625
-0.09051513671875 -0.16046142578125 0.0843429565429688 -0.0135879516601563
-0.153121948242188 -0.0743255615234375 0.0921096801757812 0.0101394653320312
-0.18243408203125 -0.070465087890625 0.120536804199219 0.0229873657226562
-0.196624755859375 -0.0381927490234375 0.151473999023438 0.0596771240234375
-0.150711059570313 -0.09088134765625 0.132194519042969 0.138351440429688
-0.0924224853515625 -0.17364501953125 0.0366668701171875 0.169036865234375
0.040496826171875 -0.205276489257813 -0.08367919921875 0.147903442382813
0.2440185546875 -0.0977020263671875 -0.13177490234375 0.03045654296875
0.245513916015625 0.0812835693359375 -0.0340728759765625 -0.0629539489746094
0.179168701171875 0.222198486328125 0.105804443359375 0.126510620117188
-0.011199951171875 0.16217041015625 0.245880126953125 0.214859008789062
0.0555572509765625 0.160903930664063 0.219024658203125 0.235809326171875
0.161834716796875 0.0656890869140625 0.183486938476562 0.157424926757813
0.130271911621094 -0.0453414916992188 0.188247680664063 0.0699005126953125
0.045440673828125 -0.118255615234375 0.1448974609375 0.016937255859375
-0.0599365234375 -0.101486206054687 0.123359680175781 0.0219039916992187
-0.0984725952148438 -0.0447006225585938 0.147445678710938 0.0176849365234375
-0.121528625488281 -0.0426712036132812 0.169586181640625 0.0234832763671875
-0.138801574707031 -0.0263442993164062 0.205307006835938 0.061279296875
-0.109893798828125 -0.0672225952148438 0.174606323242188 0.154388427734375
-0.0639877319335938 -0.129989624023438 0.0609283447265625 0.192916870117187
0.0413360595703125 -0.145126342773438 -0.0656585693359375 0.164398193359375
0.188278198242188 -0.0457305908203125 -0.123703002929687 0.0453720092773437
0.160415649414063 0.101913452148438 -0.00291442871093749 -0.0407638549804687
0.0600738525390625 0.182891845703125 0.134002685546875 0.1927490234375
0.060089111328125 -0.0910415649414063 -0.191986083984375 -0.21746826171875
-0.063507080078125 -0.0750885009765625 -0.043792724609375 0.0208206176757812
-0.0911636352539063 0.0102691650390625 0.144775390625 -0.0483856201171875
-0.0282554626464844 0.0698318481445313 0.0977935791015625 -0.20831298828125
0.0335197448730469 0.0684242248535156 -0.0509185791015625 -0.249893188476562
0.0594253540039062 0.0202102661132813 -0.2095947265625 -0.19775390625
0.0388145446777344 0.0037689208984375 -0.26629638671875 -0.058837890625
0.0340633392333984 0.0131969451904297 -0.221435546875 -0.0127105712890625
0.0307235717773438 0.013031005859375 -0.185211181640625 -0.00573730468750004
0.00832176208496094 0.0140810012817383 -0.1722412109375 -0.030853271484375
-0.0205497741699219 0.011993408203125 -0.172622680664063 -0.02398681640625
-0.0479774475097656 -0.018341064453125 -0.198516845703125 -0.069183349609375
0.000587463378906257 -0.0774688720703125 -0.192459106445313 -0.183563232421875
0.0681381225585938 -0.094390869140625 -0.246917724609375 -0.2222900390625
0.120246887207031 -0.0701446533203125 -0.270553588867188 -0.255325317382812
0.179122924804688 0.0078125 -0.159744262695312 -0.237289428710937
0.0634078979492187 -0.0428581237792969 -0.033660888671875 0.0152816772460938
0.0226402282714844 -0.047210693359375 0.166336059570313 -0.047607421875
0.0114822387695313 -0.0190601348876953 0.123489379882813 -0.21746826171875
0.0079803466796875 -0.0211200714111328 -0.031280517578125 -0.271835327148438
-0.00525283813476562 -0.0278244018554688 -0.203399658203125 -0.208526611328125
-0.0442428588867188 -0.0163421630859375 -0.260955810546875 -0.0595855712890625
-0.0559463500976562 -0.0202827453613281 -0.213623046875 -0.00958251953125003
-0.0558547973632813 -0.0187149047851562 -0.179901123046875 0.00842285156250003
-0.0412483215332031 -0.0504531860351563 -0.164703369140625 -0.00698852539062501
-0.020660400390625 -0.082122802734375 -0.167144775390625 -0.000411987304687527
0.0204849243164063 -0.104347229003906 -0.21112060546875 -0.038787841796875
0.133316040039063 -0.082183837890625 -0.202987670898438 -0.152725219726562
0.184860229492187 -0.0270233154296875 -0.248428344726562 -0.191696166992188
0.232330322265625 0.0476531982421875 -0.246826171875 -0.22918701171875
0.268234252929687 0.122787475585937 -0.0950469970703125 -0.221694946289063
0.187698364257813 0.02313232421875 0.00255203247070314 0.0276470184326172
0.1617431640625 -0.086761474609375 0.197982788085938 -0.0327606201171875
0.076263427734375 -0.111351013183594 0.162185668945313 -0.210708618164063
-0.00175476074218751 -0.123703002929688 0.00747680664062502 -0.277481079101562
-0.0649566650390625 -0.0868453979492188 -0.171005249023438 -0.206329345703125
-0.120216369628906 -0.04095458984375 -0.2236328125 -0.0557403564453125
-0.139518737792969 -0.0495834350585937 -0.172409057617187 -0.0032806396484375
-0.137916564941406 -0.0391311645507813 -0.14227294921875 0.027191162109375
-0.0974197387695312 -0.0943069458007813 -0.129280090332031 0.031982421875
-0.045196533203125 -0.157638549804688 -0.1458740234375 0.043212890625
0.050537109375 -0.189453125 -0.213546752929687 0.013519287109375
0.231460571289062 -0.1185302734375 -0.214279174804687 -0.106170654296875
0.2801513671875 0.0030517578125 -0.235397338867187 -0.153106689453125
0.320281982421875 0.1358642578125 -0.196334838867187 -0.170578002929688
0.310089111328125 0.2320556640625 -0.00585937499999999 -0.161773681640625
0.282958984375 0.1114501953125 0.0582656860351563 0.0616416931152344
0.298309326171875 -0.091064453125 0.229171752929688 0.00199890136718749
0.157608032226563 -0.1824951171875 0.203033447265625 -0.1763916015625
0.00984191894531251 -0.219009399414063 0.057830810546875 -0.252914428710938
-0.108489990234375 -0.147232055664063 -0.114410400390625 -0.182815551757813
-0.177886962890625 -0.0670013427734375 -0.157440185546875 -0.045135498046875
-0.2032470703125 -0.07110595703125 -0.106315612792969 0.0046234130859375
-0.2039794921875 -0.04608154296875 -0.07733154296875 0.0435867309570313
-0.148468017578125 -0.114089965820313 -0.06890869140625 0.0714035034179687
-0.0836181640625 -0.202255249023438 -0.10369873046875 0.089019775390625
0.0476837158203125 -0.250030517578125 -0.193603515625 0.069000244140625
0.283843994140625 -0.161346435546875 -0.209808349609375 -0.0550384521484375
0.33880615234375 0.010162353515625 -0.20001220703125 -0.119171142578125
0.366302490234375 0.1929931640625 -0.120521545410156 -0.0969772338867187
0.29315185546875 0.305389404296875 0.0901336669921875 -0.0648422241210937
0.314239501953125 0.197357177734375 0.123001098632813 0.115707397460938
0.38739013671875 -0.05157470703125 0.245223999023438 0.052581787109375
0.228713989257812 -0.205429077148437 0.228713989257813 -0.11273193359375
0.036865234375 -0.275375366210938 0.10723876953125 -0.194122314453125
-0.12701416015625 -0.188735961914063 -0.0416107177734375 -0.13623046875
-0.204910278320313 -0.0856475830078125 -0.071685791015625 -0.0294952392578125
-0.235794067382813 -0.0820922851562501 -0.0253753662109375 0.0126228332519531
-0.239669799804688 -0.0454254150390625 0.00386810302734373 0.0540199279785156
-0.180557250976563 -0.116409301757812 0.00606536865234373 0.102592468261719
-0.112747192382812 -0.216903686523438 -0.0501937866210938 0.126792907714844
0.0364990234375 -0.272933959960938 -0.15625 0.113006591796875
0.298309326171875 -0.177978515625 -0.189285278320312 -0.013671875
0.35137939453125 0.019744873046875 -0.148391723632812 -0.0973358154296875
0.3590087890625 0.225372314453125 -0.0317344665527344 -0.0195827484130859
0.22314453125 0.319183349609375 0.175277709960938 0.051025390625
0.275482177734375 0.243209838867188 0.177444458007813 0.175689697265625
0.389617919921875 0.006011962890625 0.239822387695313 0.104812622070313
0.2530517578125 -0.176971435546875 0.231048583984375 -0.035797119140625
0.0598602294921875 -0.272598266601563 0.140037536621094 -0.113479614257813
-0.122528076171875 -0.197647094726563 0.0310821533203125 -0.0750656127929688
-0.199951171875 -0.0889892578125 0.0188770294189453 -0.00925827026367188
-0.232421875 -0.08001708984375 0.0567398071289062 0.0179023742675781
-0.241317749023437 -0.0399017333984375 0.087554931640625 0.0575332641601562
-0.184127807617187 -0.107421875 0.0801010131835937 0.12396240234375
-0.119903564453125 -0.207733154296875 0.0026092529296875 0.154251098632813
0.0319671630859375 -0.259124755859375 -0.115859985351563 0.141311645507812
0.286163330078125 -0.158966064453125 -0.162673950195312 0.015045166015625
0.323455810546875 0.04473876953125 -0.0908889770507812 -0.0833816528320313
0.29827880859375 0.237762451171875 0.0516853332519531 0.0569686889648438
0.117691040039062 0.270706176757813 0.236099243164062 0.154312133789063
0.181533813476563 0.23089599609375 0.216461181640625 0.223922729492188
0.306884765625 0.049041748046875 0.218475341796875 0.1456298828125
0.2176513671875 -0.11822509765625 0.2161865234375 0.03009033203125
0.0609588623046875 -0.216400146484375 0.152603149414063 -0.0380706787109375
-0.1015625 -0.165557861328125 0.0917510986328125 -0.0178451538085938
-0.163848876953125 -0.07305908203125 0.0995864868164062 0.00510406494140625
-0.194656372070312 -0.0656280517578125 0.128379821777344 0.0189666748046875
-0.207794189453125 -0.031585693359375 0.162094116210938 0.057159423828125
-0.161392211914063 -0.0912322998046875 0.144210815429688 0.140670776367188
-0.10357666015625 -0.178787231445313 0.0446014404296875 0.179443359375
0.0364532470703125 -0.216796875 -0.0832366943359375 0.16015625
0.252731323242188 -0.1129150390625 -0.140144348144531 0.0344924926757813
0.261642456054688 0.076995849609375 -0.0416107177734375 -0.0668258666992188
0.1966552734375 0.2294921875 0.114540100097656 0.130683898925781
-0.0054931640625 0.170822143554688 0.265228271484375 0.223220825195312
0.06256103515625 0.1668701171875 0.23760986328125 0.243423461914063
0.171188354492188 0.0630340576171875 0.1973876953125 0.163040161132813
0.135993957519531 -0.0512619018554688 0.201309204101563 0.070037841796875
0.0423126220703125 -0.125938415527344 0.155776977539063 0.0134735107421875
-0.0673065185546875 -0.104042053222656 0.134071350097656 0.0183258056640625
-0.103813171386719 -0.04364013671875 0.157852172851563 0.0106201171875
-0.128616333007813 -0.03961181640625 0.179855346679688 0.0169677734375
-0.145751953125 -0.021240234375 0.218887329101563 0.05645751953125
-0.117095947265625 -0.0665740966796875 0.189956665039063 0.155426025390625
-0.0719680786132813 -0.134170532226563 0.070159912109375 0.203933715820312
0.0397491455078125 -0.153717041015625 -0.06390380859375 0.176376342773438
0.195999145507812 -0.0551605224609375 -0.131370544433594 0.0499343872070313
0.17181396484375 0.100204467773438 -0.00722503662109374 -0.0444869995117188
0.06915283203125 0.191177368164063 0.146224975585938 0.200088500976562
-0.0828770166375112 0.0227295308126339 0.0831068685495805 -0.283205874367574
-0.016212957951462 0.0987693878589457 -0.0242682906579865 -0.0303901347690023
0.053882381224766 0.0804834283917959 0.137844221922597 0.0917350047888403
0.076100330994713 -0.0068448152111029 0.232487278886164 -0.0363166553921103
0.0334415273109511 -0.0539226215732087 0.19633008877882 -0.196565804536495
-0.00362639998461245 -0.0349476448124759 0.0755631894786193 -0.284219371902382
-0.000581184586284023 -0.0330025397918934 -0.0523967522798461 -0.277756056807695
0.00309836841081121 -0.034866490161239 -0.106687582807172 -0.223070444192556
0.00640530913272653 -0.0293281176736439 -0.0828213270444766 -0.180648746711925
0.0165212738609337 -0.0157552074536979 -0.0649561547945259 -0.170432732398394
0.0316586527883117 0.0107688098686314 -0.0675960984891263 -0.182817280980715
0.0257437246787861 0.0576746873626797 -0.0309869430081342 -0.229616584476955
-0.044170257863985 0.0749950390857351 0.0512445653844605 -0.2664895699225
-0.101375404632404 0.0193957952608216 0.0689570542708159 -0.322113217823536
-0.102301960152836 -0.0490711646359768 0.0217675043635431 -0.36677332570297
-0.0697987585902629 -0.128896269131509 0.0960850800827775 -0.258825390225379
-0.0755590321090722 -0.0282128883110919 -0.0357797145132516 -0.00539635255238744
-0.0702067703326061 0.0204363383770939 0.149737812584149 0.146908809334365
-0.0353465893551057 0.025459310689957 0.274460471288046 0.00521319796827083
-0.0148529735129341 0.0379315120431595 0.244735039189308 -0.192087062278371
0.000134292052496099 0.0487924945436452 0.099871637561153 -0.290022681676147
0.026980929808075 0.0542586232486109 -0.0361071195507083 -0.280524800636875
0.0396988681359674 0.054546862682809 -0.0993548028630296 -0.220398377348808
0.0319573715466686 0.0656958046499235 -0.08410552167427 -0.173620804056539
-0.00259516196867975 0.06671727009397 -0.0698907720963261 -0.148616470029766
-0.039841497161322 0.0775131730173956 -0.07895926380959 -0.155728511066435
-0.0948078612594573 0.0520572216746454 -0.0662217447472098 -0.206036131360038
-0.146948010982809 -0.0138992141048031 0.00949237852273263 -0.247502120536599
-0.121698037455071 -0.115714949273202 0.0240409567738457 -0.309784041189059
-0.0687864874179334 -0.20219145070517 0.00232141806669228 -0.343799014425772
-0.0329470683522373 -0.269333955255405 0.0969931744708299 -0.189518925416701
-0.109559714830035 -0.177000844371588 -0.0560975157791088 0.0489047477698341
-0.195242846944857 -0.0744769715736563 0.147145089045505 0.22464976812301
-0.168648347977012 0.0376263986507212 0.305380895765364 0.0747289118987921
-0.0873300367277077 0.126488166380158 0.290046547931738 -0.156836128345062
-0.0102457507334812 0.134677494737905 0.126593909579926 -0.262800533441155
0.0446129149868703 0.138247383754762 -0.011481314017362 -0.247728981958784
0.0722524592195252 0.136385652230502 -0.077016435294256 -0.183279116616206
0.0634157376408742 0.148857081602069 -0.0757620189893726 -0.132970664869404
-0.00255265468421437 0.140134947098972 -0.075001838583747 -0.0970365656466272
-0.0791696373837687 0.147897074315261 -0.0990157852114615 -0.106933206415916
-0.188709526161555 0.0790713591472677 -0.112571817922606 -0.164902515703296
-0.245482851607792 -0.0554972127063579 -0.0411726482961093 -0.219024580558113
-0.159946843872073 -0.210500882123403 -0.0163280035416913 -0.276558662021427
-0.0481341259026932 -0.321115318980687 -0.0218270550603103 -0.27613028008288
0.0229192482170843 -0.370510151195437 0.0784770499924847 -0.0795654883293149
-0.105612974813061 -0.317760671869422 -0.0872620956219432 0.125519275804086
-0.289120530042094 -0.191644359571494 0.115026715654592 0.30751615806113
-0.296758420628746 0.0164818552224626 0.3030751807874 0.16272061870083
-0.172751983914996 0.190342561487468 0.312700710586439 -0.0897978125983917
-0.0343443779313991 0.205551435611516 0.145053894571938 -0.200540034214695
0.0491749028747895 0.204736784803473 0.0155110710004373 -0.181105628824763
0.0947481528247095 0.198053015760227 -0.0455198634442975 -0.11849225118006
0.0930599348237469 0.208701139938661 -0.0554628732914683 -0.067819667706988
0.0118349599881608 0.19393442186732 -0.0702476277383795 -0.0259738978355828
-0.087594471249405 0.206034541705406 -0.113150464003837 -0.0405825348701198
-0.242790110793668 0.118425437131083 -0.149117059168711 -0.108745577088287
-0.313200227675112 -0.0620202552533506 -0.0828476518991395 -0.178667165529786
-0.19360334995667 -0.261890480826235 -0.0349750852428026 -0.226844053042317
-0.0314218468317008 -0.390588454983748 -0.0381012914257376 -0.175883862128726
0.0796016865341684 -0.408483991365071 0.0416890620327919 0.0555375614452311
-0.0633388603649446 -0.406537822746463 -0.124300896905215 0.209122158383573
-0.314807779717119 -0.295821602192969 0.0563412422381483 0.369497602518653
-0.373877561356793 -0.0344239777292957 0.255003419058018 0.244303088907245
-0.24183126123301 0.209089001088243 0.294087342147834 -0.000339534834605836
-0.0623642449571738 0.242600835200903 0.144516720798566 -0.110143327854961
0.0416719121844309 0.238621606224837 0.0387044196925691 -0.0905791689788981
0.102766036495434 0.228853043157683 -0.00731455241469286 -0.0366483920434312
0.11112168121194 0.236260865959695 -0.0252326643976293 0.0119034145251273
0.0275437268885309 0.219834595761676 -0.0542869765729236 0.0532024460566482
-0.0790055222475439 0.236222157338443 -0.115973981635397 0.0299648125762805
-0.255820713610998 0.141285652279917 -0.167036861371726 -0.0486472914006259
-0.335499151288348 -0.0615496444760896 -0.106493672429127 -0.135481184005833
-0.19789796850597 -0.278494941362686 -0.029548436427365 -0.170400259163798
-0.00747257566874099 -0.405712677478087 -0.0432243660507907 -0.0606102767545412
0.118531936463826 -0.369924019572246 -0.00550191768817282 0.188986387329721
-0.00378144787497456 -0.409308925242725 -0.156879981563239 0.280073052282307
-0.266372362335824 -0.339727872814191 -0.0134290272758597 0.387721227566753
-0.367970921247106 -0.0855877481065629 0.172778917786053 0.290762155112791
-0.262369927329178 0.181706840666957 0.235590009761286 0.0828493150815425
-0.0777601084292133 0.236499984427017 0.123719883205983 -0.0118631344491409
0.0297040030658285 0.233814992925567 0.0548859156826353 0.00636181550330495
0.0951481927215533 0.225670429625803 0.0297516167015965 0.0478041834115187
0.109647953511864 0.231701011177737 0.00916539965029561 0.0925174531731813
0.0322721338400984 0.216232679485695 -0.0349560015843942 0.128346979197636
-0.0691551439091049 0.231520095746596 -0.116032567438468 0.094480723008366
-0.243191921490263 0.133179108607138 -0.173673794862692 0.00304670173126428
-0.314252788565469 -0.071101345274706 -0.11549319206431 -0.098521146742119
-0.163733059655864 -0.272636955713745 -0.0109380356774925 -0.116100094198005
0.0298292141121752 -0.365927348482222 -0.0451753789389175 0.0516757310138336
0.12667738724138 -0.265673932322928 -0.0452549487663734 0.295195874933668
0.0439958354845054 -0.32509272011904 -0.167590892976905 0.328733913017831
-0.175364067351056 -0.300184548756306 -0.0660745130158569 0.364217024687819
-0.288341717627604 -0.104217545194581 0.0914685327701159 0.294504412754913
-0.2242308962879 0.129777576913673 0.161491565743046 0.140015058378063
-0.0719361221480102 0.190863810400404 0.0941191616521604 0.0738385577954509
0.0190803913661468 0.192057330123389 0.0654030685661029 0.093029275504052
0.0750976560081191 0.188574653981372 0.0627690086867459 0.121797965100858
0.091762777497824 0.195402275338156 0.0402606870974024 0.166561875793258
0.0257603235731743 0.186690557149839 -0.0217017887986253 0.192952950217957
-0.061543897482423 0.196815064182513 -0.121801963031292 0.146564200581273
-0.210390652168454 0.10022306359832 -0.179159065073965 0.0383272681599639
-0.258404564366806 -0.0858760917304911 -0.121176131652539 -0.0737400107502767
-0.103072380504418 -0.245685347464289 0.00532110666201065 -0.0701871744753701
0.0722839746120339 -0.283788918064009 -0.0539866571664444 0.148345400643264
0.107870085330862 -0.113820017316706 -0.0642993478985104 0.354151846949523
0.0677165865054971 -0.18279855477648 -0.149841043571616 0.347097145171408
-0.0775139661998725 -0.194870089116688 -0.0824541787882238 0.31926295535155
-0.166598155692508 -0.0850717345779135 0.0381348164443394 0.270309574899933
-0.143016626537497 0.0678274560260703 0.100504890657805 0.168044448306899
-0.0498818951112366 0.118210555241917 0.0697633503485275 0.131034148732762
0.00825293805766902 0.119597806539134 0.0712417188617054 0.154604446409009
0.0454149628656772 0.122535581259296 0.0870384769118706 0.177277142791957
0.0578218895130182 0.132615725409097 0.0611222992299348 0.224659022076346
0.0127444785260008 0.134493611791805 -0.0192751776202732 0.242054652791675
-0.0515368858072683 0.139291005670751 -0.139789373016309 0.18338445950923
-0.157225102406591 0.0545114098527545 -0.191590519615678 0.0559846316654116
-0.175682055129002 -0.0915176781876214 -0.129096024512901 -0.0652022251189356
-0.0305826128161772 -0.192408743773561 0.0108869295263937 -0.0349931879486677
0.106289321251026 -0.165065455997452 -0.0743338143299663 0.220067820831426
-0.0834503252461299 0.0295398154078708 0.0648930869703769 -0.299213470937436
-0.00903280709388711 0.101663070938231 -0.029373650531526 -0.0277795064991805
0.0609127226111011 0.0788950051289075 0.149455356567273 0.087620556260614
0.0771412258328058 -0.0117186612628172 0.239902880941513 -0.0529544172686816
0.028765786853291 -0.0579539451402783 0.190197768204176 -0.219232377780346
-0.00606963810284206 -0.0350709161700935 0.0558000824142732 -0.301819487515833
-0.0017733217307704 -0.0336358533132246 -0.0777638134974705 -0.283406189801986
0.00140561837323721 -0.0365351944483165 -0.130275014235959 -0.221015110745527
0.00487056383376246 -0.029217827272372 -0.100981407404071 -0.182081283910019
0.0168310407564291 -0.0160947503905843 -0.0830751679960773 -0.173331933574649
0.0334596756031393 0.00975650703779533 -0.0847608979707101 -0.185747815300582
0.0295206217411365 0.0570630081965243 -0.0482060059864557 -0.23618596257191
-0.040343168988411 0.0811591611418567 0.0361727081810061 -0.280646024946419
-0.101232018460085 0.0264222713964472 0.0510999737112297 -0.336124411954355
-0.10876631911996 -0.0437090746038063 0.000286321684729583 -0.383403974359001
-0.0816221647113943 -0.12963800634287 0.0804049626303001 -0.273008802902
-0.0808885469447149 -0.0250782197876126 -0.0390383106801884 7.19060807066933E-05
-0.0724919574563399 0.0258843199533048 0.165244818173118 0.144488720059119
-0.0363722009523564 0.0295052362534404 0.285492741681564 -0.0117792250276918
-0.0135902143679279 0.0405983449643986 0.240473036239832 -0.218693715785854
0.00368973350815249 0.0517701141359874 0.0817190197294009 -0.308810276115185
0.0326205159241154 0.0550597608123678 -0.0603225939486692 -0.28626841587622
0.0468489548590803 0.0538146070516428 -0.122543825343508 -0.2179986530368
0.0394486928139941 0.067304717171415 -0.102283958931864 -0.17475904215789
0.00210595803032934 0.0713994002515279 -0.0860658955560501 -0.150603954510019
-0.0357797622999849 0.0846043747290984 -0.0950908870741872 -0.157497052767634
-0.0966513050198108 0.0605489480517402 -0.0842857431694717 -0.208344409524688
-0.15446409208419 -0.00292586417366588 -0.00548279829514207 -0.258602362315271
-0.133207265167121 -0.112530328734646 0.00466862202148532 -0.321903715155781
-0.0854140426013875 -0.205077146675825 -0.0183446406070733 -0.35900738473792
-0.0534198322097164 -0.278248732979746 0.0855715225748506 -0.200729539017252
-0.126536892083 -0.176258092087286 -0.0560157277630475 0.0580416526739924
-0.209003571694752 -0.0616520534169482 0.166884498587955 0.225306497393041
-0.173988782251285 0.0506001469654765 0.321121570386853 0.0580823418902174
-0.0814541779996396 0.13780730686037 0.290686199264583 -0.185993451823717
-0.00114625405047106 0.14144382126683 0.112105625369582 -0.282689080276304
0.0575023879517916 0.140423208013489 -0.0318684334709955 -0.254711346919429
0.087457641625406 0.135690441420436 -0.0966052853406799 -0.181600852864846
0.0792730542805752 0.150026672196227 -0.090734639775479 -0.132263311107846
0.00793111867457691 0.146825304929925 -0.0871967860928233 -0.096186097167453
-0.0706307847639037 0.160858852446939 -0.113295708592371 -0.104611112263371
-0.192510387598448 0.0965184551086636 -0.130179136326093 -0.162406099910693
-0.258718188967144 -0.0389604010901576 -0.0570571160052072 -0.226524636167206
-0.180529717053334 -0.208438243320578 -0.0359661569642412 -0.285018463027011
-0.0731141716831683 -0.331185094357971 -0.0407936890995789 -0.286432246004135
-0.0037289262360549 -0.387578167810711 0.0743798998874161 -0.0850476567048698
-0.132274429608899 -0.322510740182857 -0.0822502916303272 0.13964621630502
-0.313748510776443 -0.175477216417752 0.139816223677447 0.313162540036167
-0.308708181497532 0.0373369681370524 0.324897621507225 0.149599578202639
-0.165015447421355 0.21144234185019 0.319205389625815 -0.117724349487237
-0.0206646498391645 0.216727057563149 0.13600505493538 -0.218845464933511
0.0667424303828565 0.208293755783208 0.0018632445613375 -0.187899324212561
0.115976084621107 0.197424950984028 -0.0574491717432794 -0.117780372595955
0.114707383253073 0.20885544731426 -0.0649201940584625 -0.0653940159976872
0.0269962683847473 0.201216676653696 -0.0759937375287178 -0.022519620007839
-0.0745471665345816 0.22142754543785 -0.12281707938672 -0.0343439186596369
-0.244684940557101 0.141789616560116 -0.164177125032032 -0.100794064963775
-0.33042147496793 -0.0404500899198469 -0.0982195066840758 -0.182430415466642
-0.219500537298251 -0.258406869170826 -0.0520288270697912 -0.233315178376397
-0.0613725503484013 -0.405476558152907 -0.0515916407758392 -0.181131930349165
0.0521487486611463 -0.431095706769361 0.0453270204996391 0.0577813441563857
-0.094045086020787 -0.416865517876457 -0.1153263482104 0.228156334105191
-0.348999628672044 -0.281903368264539 0.0817277572766828 0.381001288124181
-0.392564087050072 -0.0103852554729957 0.279299520300772 0.236500893358644
-0.234588101000636 0.236079707803665 0.305867657462847 -0.0239602769455732
-0.0467877576930318 0.257037499682552 0.142685499805794 -0.123988699597323
0.0619798965004681 0.245242388768701 0.0345783719777551 -0.0963401732014198
0.126338533851684 0.228750385220925 -0.0114665710195885 -0.0368890101889338
0.135943729408841 0.235402346583259 -0.0261352204241548 0.0145326774024575
0.0441619800227019 0.225569918952278 -0.0529076563418351 0.0587900151133934
-0.0634233780292173 0.250737615490652 -0.121210509837898 0.039715546704254
-0.256951967648553 0.166393982064192 -0.178103076435088 -0.0361452598631819
-0.353156279332488 -0.037484680484996 -0.120454388009663 -0.135328113602594
-0.225457794384368 -0.27507784574067 -0.0437097550059299 -0.176308056943614
-0.0372296661799543 -0.421597237832193 -0.049309393761324 -0.0605249718217998
0.095142614043167 -0.393933887906158 0.00605854194211517 0.198927939348489
-0.0326939107950444 -0.422959141806104 -0.14365892326358 0.303249193700996
-0.300799712335478 -0.330548085993637 0.0103564936273874 0.403090946454084
-0.389390937491752 -0.0633534580602327 0.197158208813197 0.291259643026851
-0.257144867073895 0.209667662341143 0.250877736327463 0.067903454690177
-0.063095340314601 0.251062339981929 0.129384869522972 -0.0198176770499336
0.0484359363212155 0.241502143928247 0.059651575074999 0.00288343876861164
0.117817489996016 0.225983076875912 0.034600288797246 0.0461693527680102
0.133671951846364 0.23026963430473 0.0166525381237459 0.0958179974130691
0.0490578569436523 0.221854146074786 -0.0270112675125807 0.13548831286963
-0.0532654631848078 0.245001442875043 -0.115696920497419 0.106875110694524
-0.243724142425801 0.15628383533462 -0.181557293054579 0.0175249062596728
-0.33136989403277 -0.048316379011677 -0.127602497206405 -0.0965996783635742
-0.190879067556151 -0.270065500199079 -0.0210394012029016 -0.122197156476647
0.00379074099738547 -0.383951941632148 -0.0431763687640187 0.0564860474638638
0.110764777654298 -0.285579947593027 -0.0283522502771568 0.310173674706238
0.0225410829941294 -0.338953701734352 -0.152096956669615 0.352626873846189
-0.204219117380369 -0.296486487151872 -0.0448610333456529 0.382848073322471
-0.306836253592851 -0.0877815160350958 0.113077840275685 0.300552114718482
-0.221417766209892 0.152535030041084 0.178602157226872 0.133041010712239
-0.059528828437668 0.20397721543544 0.104992100694876 0.0707174117111187
0.0340133687053529 0.197827639620388 0.0774759579923981 0.0916120110740767
0.0940765827967445 0.189114749535021 0.0747489803431013 0.120719389647251
0.110248773083862 0.193933524911275 0.0551487151853866 0.169068050854452
0.0404071551942586 0.191869774169013 -0.00760307744683872 0.201155810000286
-0.0485489793614491 0.207435209573559 -0.117708221314209 0.161618662748407
-0.211665633217271 0.118627255193328 -0.184272045893931 0.0534014000301165
-0.273634958306406 -0.0689735765201284 -0.131717331805908 -0.0715733665522096
-0.125141604475695 -0.246667885558828 -0.00161450005393189 -0.0763482676018457
0.0539041958180771 -0.300316457837202 -0.0454814448105136 0.158016362265455
0.101523506278009 -0.126361110242453 -0.0433428633538374 0.373839068615469
0.0580157574851967 -0.193255259903014 -0.132489204343494 0.369348884898694
-0.0943308774526068 -0.194224936338546 -0.0642525618478917 0.337593761082619
-0.178745184753319 -0.0761195759273042 0.0562333597383808 0.278997419086268
-0.142661042715058 0.0818347086170178 0.117314733114873 0.167699829990302
-0.0418936710120362 0.126236724529135 0.0841395958001443 0.13156051685986
0.017936391668843 0.12310638595588 0.0888681331752705 0.154775141108814
0.0568264126621147 0.122549708231661 0.104681680044991 0.175594378649784
0.0703474752076641 0.130967912797023 0.0817559871656026 0.227337794823942
0.0224813025228185 0.138855493724645 -0.000872464582905826 0.252138896623643
-0.0425381517020902 0.147207585560904 -0.132032059931529 0.201522319466601
-0.15917657580146 0.0666575241738481 -0.196316432918493 0.0717021640741267
-0.187460670593899 -0.0806480354537535 -0.139691580757716 -0.0617101017053359
-0.0461918721390416 -0.195970573495837 0.00784364526763201 -0.0403631345447525
0.0977843161340122 -0.17929244476039 -0.0618319776812514 0.234587894576468
-0.0819339153308736 0.0348165038095891 0.0445790261493273 -0.306066167363605
-0.00313820329965263 0.101966233817809 -0.0333612865465918 -0.0231635026140289
0.0665402709198069 0.0753050228123058 0.157438087679029 0.0815070783387097
0.0763497277851872 -0.0165317835642925 0.241501278695616 -0.068487524822918
0.0229740224958951 -0.0600637232892361 0.178981185946138 -0.236382831989554
-0.00754047875027062 -0.0338162394175391 0.035187555185129 -0.31168842336521
-0.00344529608267229 -0.0335921522222664 -0.100388975014068 -0.279310969040489
-0.0012180345309993 -0.0370716105112779 -0.148063527804319 -0.21087466578135
0.00425581897190329 -0.0294125624020894 -0.117628708522967 -0.178136245804309
0.0168944583001572 -0.0159314533640985 -0.0986718255271804 -0.171941146660828
0.034479505580602 0.00872241866424951 -0.100009088303144 -0.182831609290202
0.0320652885909868 0.055130467015245 -0.0648549805142321 -0.236316359925343
-0.036193373132715 0.0848367911430802 0.0211977741970019 -0.286744233429376
-0.0992909830917137 0.0321062163417604 0.0326245888007769 -0.341771177054924
-0.112731375645359 -0.0371346900428616 -0.0211073695133035 -0.39057549475177
-0.0910540191270607 -0.127062804977167 0.0619844664131487 -0.280385778887747
-0.0834059958974698 -0.0212433219204824 -0.0407572245654983 0.00567285052236407
-0.0722636481716568 0.0316637370181368 0.176939262021094 0.137757025086892
-0.036737033486918 0.0326832257708706 0.289749137759942 -0.0293347138394616
-0.01236452417491 0.0428789156651413 0.230049666186593 -0.239197616413086
0.00754182385154322 0.0535873752428754 0.0609250805563143 -0.320730364449465
0.0382538754981151 0.0539557431514253 -0.0828333967552196 -0.28471109979468
0.0527915526137968 0.0509169248096518 -0.141110988724982 -0.209265707150667
0.0470677819166034 0.065903292775127 -0.118474345453119 -0.169653909625015
0.00761337494643661 0.0737991435034207 -0.101250661341551 -0.147328321914923
-0.0300592609089062 0.089719812047776 -0.108745230693452 -0.153701567329258
-0.0959643576431706 0.0683672549289238 -0.0994963574879629 -0.204534904064428
-0.157427026263669 0.00720231417940673 -0.0208972949245486 -0.263348536448462
-0.14107193777973 -0.106870839378198 -0.0142498066388169 -0.324220427832757
-0.0999982847021972 -0.203572089178438 -0.0408170140875955 -0.364580480271119
-0.0724718161378453 -0.279707794491305 0.0718039194154483 -0.206669587196125
-0.140077966014684 -0.171487915587425 -0.0535792704901956 0.0659109542134208
-0.216123534242647 -0.0473724418124236 0.183709351350196 0.218964224745238
-0.175090653531589 0.0635818722549249 0.330120494904876 0.0387254716418648
-0.0740379771224679 0.146370989410324 0.282636643163824 -0.21005659787329
0.00786298464926145 0.144415608270771 0.0939708968028748 -0.29451777631333
0.0688228386865027 0.138363801354493 -0.0513904187425556 -0.253988297993512
0.100205799033558 0.130919494775399 -0.112730392652913 -0.174615688904895
0.0927956664104915 0.146830997253562 -0.103457938545575 -0.127132348468158
0.0183030253345278 0.150125928500619 -0.0975104660145643 -0.0921656899742185
-0.0599832748695068 0.169618893958028 -0.125148463717906 -0.0984073864543375
-0.190412851869589 0.112168915346854 -0.143241879255534 -0.153944288318042
-0.266632315283012 -0.0204114324769085 -0.0716465392495166 -0.228427469580681
-0.196373604609645 -0.200635582502986 -0.0537275552201873 -0.28656166439715
-0.0961753805964961 -0.332165387515893 -0.0587853350718203 -0.289121091047312
-0.0306484178286461 -0.394204297750276 0.0685721919150258 -0.0885817993667378
-0.15548803927978 -0.318059499203673 -0.0743203087506627 0.149446485814956
-0.330698711579034 -0.154909151184525 0.161466505796087 0.310268432611673
-0.313357888195426 0.058704838744115 0.338539365146873 0.132412255538546
-0.152194935556982 0.226749174122299 0.315749124885277 -0.142957580514242
-0.00727348436656083 0.222442903446639 0.123516116091082 -0.231017145523687
0.0825306284843648 0.206876546762648 -0.0111778471162015 -0.189451331310625
0.134557169668136 0.190902035964921 -0.0680220941677265 -0.113596204871566
0.133882252828501 0.202767938596707 -0.0712822814122563 -0.0608769227589294
0.0409287285193193 0.202832452615628 -0.0803741033180242 -0.017364836410337
-0.059159734198329 0.230446883071216 -0.130205814733134 -0.0263480389551105
-0.240070043545726 0.162047025991518 -0.17370813961908 -0.088502903391703
-0.339395218466693 -0.0166411093589456 -0.111978620395825 -0.181071520476953
-0.240184576669494 -0.248769242995699 -0.0685550394917123 -0.233590938914716
-0.0904325063002412 -0.408680029082163 -0.0640543271105745 -0.180739388164683
0.0222575309478511 -0.441235799220946 0.0482036148966378 0.0577297637999205
-0.122232249111205 -0.417144403140457 -0.102821913400925 0.240988709171779
-0.372797793150855 -0.259401316502366 0.106476951086692 0.382497450269219
-0.400556141342285 0.0156059309703953 0.297228145352869 0.224155938872435
-0.22131702869191 0.256384563456569 0.30821509563586 -0.0466530861030433
-0.0298513704837423 0.265310524628515 0.137539247132281 -0.135008391698917
0.0796543116537544 0.2442867684161 0.0287463156775137 -0.0997949781038655
0.147593137680882 0.221826775172328 -0.0145305294861717 -0.0358498899178673
0.15686201067284 0.227617181231652 -0.0259159221670028 0.0177431687626611
0.0604814796800022 0.226343939545754 -0.0504890352617012 0.0631045120458083
-0.0461510881839554 0.259315983341024 -0.123080653808177 0.0491923302055983
-0.250031592308227 0.187986908719509 -0.184403910765474 -0.0228108072630292
-0.36199226627303 -0.0123562811908659 -0.131992512231975 -0.132257977141141
-0.247508278350865 -0.263511793895267 -0.0570058625316924 -0.177158101751211
-0.0670912116592289 -0.426739765585228 -0.053797217804942 -0.0583346396038353
0.0683784658660005 -0.406791360699683 0.0170838221795306 0.202282899848968
-0.0598410596483262 -0.427275122405644 -0.126190655333604 0.317948077030379
-0.328077953915175 -0.312687133142787 0.0349092050585765 0.410040818170338
-0.401870356826105 -0.0384640880677127 0.21723409833666 0.284700998075546
-0.245387548189658 0.231524268083362 0.259375053912457 0.0503640747429967
-0.0468929379200468 0.26043810484745 0.131881368562615 -0.0282393119757583
0.0668962068172164 0.241307455640874 0.0619802266335116 -0.00127445407202027
0.137869503699148 0.220135615110587 0.0392103406030688 0.044888972938858
0.153694342660146 0.222269033113635 0.0240973632380259 0.0959803772776379
0.0655508585011234 0.22161524249049 -0.0182576974401868 0.139108737347258
-0.0367547760273792 0.251243450603963 -0.112567585371018 0.117934269140508
-0.236453282553064 0.176192615332472 -0.183442511035013 0.0311571311547407
-0.339895470396147 -0.0248726773883033 -0.137124863418393 -0.0935323113638355
-0.211293153884635 -0.260963526567873 -0.031903974612706 -0.124841139546868
-0.0234085044790726 -0.390542370324736 -0.0401326235779132 0.0598405023125289
0.0912273908136963 -0.297320364056069 -0.0109484692571527 0.318888237814271
0.00193444873947993 -0.345034395749689 -0.133198473444273 0.366716567337892
-0.226398044574481 -0.284761477402612 -0.0231729131098616 0.39214387689686
-0.318837126188322 -0.0695331592043071 0.131785459934109 0.299761818436905
-0.212539608985517 0.170108918096879 0.189962760270793 0.122800999833655
-0.0462449279032546 0.210904257829272 0.113521919631855 0.0656585398662001
0.0481756630473912 0.19834317616425 0.0874030506941569 0.0870917360698808
0.11022526602559 0.183733962088334 0.0860583525147646 0.115855084372042
0.126842332983633 0.187919614566837 0.069681314640749 0.166845857385009
0.0540924876582603 0.192113659458383 0.00731313940880089 0.204644097818988
-0.0340543121926139 0.213031373736763 -0.109646758662081 0.174239485754042
-0.207176152289855 0.13511337366777 -0.184394631060568 0.0673134974512321
-0.281961299472915 -0.0493181375521374 -0.140142314552053 -0.0663376562470153
-0.143686415659012 -0.240235700854516 -0.00908577414199901 -0.0798882449578246
0.0331170801221238 -0.309275906022733 -0.0356377298866522 0.163895517656215
0.0929130602721931 -0.13510523067214 -0.0223426094992814 0.383020922731526
0.0459609660258158 -0.198882269533221 -0.112146454033669 0.383031081052896
-0.107793866202623 -0.188000020070437 -0.0455450947898784 0.346965188974636
-0.186271736691346 -0.0654035779482325 0.0741121763619026 0.281607143341878
-0.136980445685657 0.0928352175474769 0.130907882554171 0.162566389979601
-0.0322407172043079 0.130743851666778 0.0971622743863851 0.128682030439775
0.0265779434481412 0.123397666189148 0.103580859289774 0.149167812079377
0.0666859993350018 0.11952102069655 0.120039800997002 0.168133364237958
0.0814248393207007 0.126291721373706 0.100629016756554 0.222271492201246
0.0326379751270621 0.138748759712312 0.0174176186529053 0.25499780470321
-0.0327904686372338 0.150910614181907 -0.121680741458139 0.21476627426818
-0.158062361295355 0.0778508868777173 -0.195532578413613 0.0859390926462918
-0.195091836770379 -0.0681991722049902 -0.147511627878985 -0.0557427189851498
-0.0597161283398983 -0.194009528972435 0.0026648993881619 -0.0437351508847218
0.0864357548775814 -0.188793764716914 -0.0470685000199708 0.242037030161118
-0.0681394837753931 0.0618142974208601 -0.0642266889130038 -0.308380136235894
0.0345770071090052 0.0968590899403303 -0.0448052537239978 -0.0104795428629882
0.0918343914255064 0.0440282862151167 0.173376234783522 0.0272057591030149
0.0653859863230205 -0.0452413765936629 0.207685691166033 -0.14504942692274
-0.000293537659556867 -0.0649659218179494 0.090144650742094 -0.286448240689781
-0.0176966119432071 -0.0326164382353071 -0.0805678849797452 -0.307159651865315
-0.0155461829716719 -0.0333418038263421 -0.197738832698939 -0.221718560057964
-0.014741195840222 -0.0347457836875542 -0.214634000399662 -0.139144772032887
-0.00477333600149046 -0.0290869282678297 -0.175828784876345 -0.12504580833044
0.0108917978621053 -0.0198769161681321 -0.155810225596187 -0.126833556955805
0.0357899602385307 -0.00335139786114987 -0.15944020453998 -0.135156160946208
0.0490864131386579 0.0411923477103687 -0.141959878229565 -0.201829494514025
-0.00506566420539021 0.0916652981767875 -0.0762073410616013 -0.280636101330556
-0.0824786278049551 0.066892050573135 -0.0794045327003296 -0.333215224366032
-0.1186360242217 0.0044492570978169 -0.144604683277552 -0.358717757811422
-0.138694481772489 -0.0915070855054255 -0.0326626660778652 -0.284393381837457
-0.0883579716248196 0.0101980476060145 -0.0326556540869642 0.0192243585680708
-0.0555187472444232 0.0558609796579543 0.216394615580208 0.066162231069851
-0.0215325247304487 0.0448408272425624 0.26602264316829 -0.13221034882092
0.00402417467272719 0.0433349749450026 0.132659259528203 -0.309607167065315
0.0273256425665508 0.044153087069622 -0.0619071144433636 -0.325620535963086
0.0561884116630618 0.0352418681227288 -0.185781410706742 -0.236079089865005
0.0667883924963458 0.0271989745907062 -0.209501830763384 -0.139146839369237
0.0686191447160825 0.0444495670802478 -0.173907258787332 -0.115470994845346
0.0339751145455213 0.0685159482395998 -0.150061961167011 -0.105026573437168
0.00476760012949417 0.0957989443930957 -0.159354034105729 -0.107420492610878
-0.0669555378042523 0.0992218595135926 -0.161469119249254 -0.160331834566122
-0.146345754131917 0.0623798242598044 -0.105561180346173 -0.242074290240608
-0.171106032524839 -0.0498227519696606 -0.119926031188418 -0.298230630145283
-0.163538270029486 -0.159501363973649 -0.158557360416991 -0.32383316660643
-0.17782875543025 -0.244337738330043 0.00697739337170275 -0.214806690444633
-0.198595406496939 -0.110065196931777 -0.0153637692938974 0.0821933703033003
-0.219543262978179 0.0361771965696413 0.258340251221316 0.134257160703143
-0.139625784213287 0.127782184208058 0.329084039945239 -0.0884816270541413
-0.0149431706944507 0.162102513390563 0.18858284124414 -0.304629348895024
0.0605496600921849 0.129573593550192 -0.0238782924680604 -0.313900813780789
0.115972610072744 0.105792558462178 -0.146956141772018 -0.221918489575369
0.140151381760068 0.0839603460194791 -0.172976449578424 -0.117258894563754
0.141010309973484 0.102332204730785 -0.145639802674827 -0.0801172953832443
0.0707524904590531 0.136390375238584 -0.128573827284642 -0.0544727945288571
0.00546565493458592 0.180784651171605 -0.155558264792716 -0.0514260954039046
-0.140741561969802 0.173967748068631 -0.184384339005126 -0.0990817779490637
-0.258459749279008 0.0743576471442952 -0.141794904664357 -0.190141478345048
-0.256717099965976 -0.119185719468239 -0.147484035438617 -0.246934863336789
-0.204462790688389 -0.284904951200789 -0.155559528399381 -0.244616864216142
-0.179657187755558 -0.36921121570701 0.0470677225201315 -0.0967330951093617
-0.26860152754674 -0.243442992333326 0.000243295612472148 0.173126890243751
-0.367819565254898 -0.0213433559555861 0.277071815247664 0.223860269909983
-0.270750570293009 0.176533343585037 0.371751939377721 -0.00992100158179389
-0.0579519245541993 0.26601764314453 0.240629842522789 -0.257121040995927
0.0737481075700658 0.208519280799401 0.0249729062242978 -0.265521614705303
0.154209644334561 0.167417124839248 -0.0860690556483785 -0.178890093706717
0.192925668870835 0.12828808456453 -0.110808625705721 -0.077735527764511
0.198480335755526 0.139121119285671 -0.0924078810642633 -0.0292443400919089
0.109813099684643 0.176648497516651 -0.0872143191605975 0.00910913975911692
0.0278680672686821 0.237049646065915 -0.136339376378461 0.0170972399432757
-0.169048637768875 0.239589450628183 -0.189898305855765 -0.0272679038563284
-0.325424719918749 0.104127989811914 -0.162911885380835 -0.131167265397211
-0.315401339696665 -0.14827356507294 -0.145176273336056 -0.190687144451298
-0.225630961635938 -0.3596982513566 -0.126972803547131 -0.138941118920737
-0.145684920653019 -0.433708672086457 0.0787119769290684 0.0515084247225097
-0.273869278151599 -0.348816223873029 0.00821947402995651 0.272395727372654
-0.445010768729505 -0.103427191935658 0.255995127261354 0.310260920874378
-0.368127744224858 0.171401082178302 0.367985038444332 0.0889170230683299
-0.110686767608701 0.319597633775886 0.267509462125237 -0.165945628458251
0.0685510699736465 0.257812654744483 0.07186069639639 -0.181043759800659
0.166540198851272 0.204021345100034 -0.0152024160218725 -0.111232997618507
0.21597149367145 0.152976555094199 -0.0325760371525495 -0.0256866456673807
0.229224582934971 0.154711666453095 -0.0218304538699071 0.0272218308744287
0.137180540684235 0.191555729872228 -0.0317780739519275 0.0741332959868366
0.0494431200775469 0.258127876176112 -0.103267713172326 0.0855099039881559
-0.170129080254176 0.266226742424174 -0.176749416948981 0.0379587291817571
-0.34439561001028 0.116054524051926 -0.164898106490133 -0.0782553993451176
-0.327588838489007 -0.159317514482912 -0.116539925876155 -0.141964207226259
-0.211490102324908 -0.385524814582677 -0.0790712235763922 -0.0275984292495648
-0.087875530425495 -0.416336879263913 0.0969086087999684 0.200647541889151
-0.216609645692853 -0.381556432816962 0.0106987788688592 0.356430117362405
-0.422802778965251 -0.169073681062493 0.200509793250935 0.365107173047285
-0.3901529836644 0.120493405874693 0.315399884094679 0.175966432331041
-0.142327294505895 0.306037716255373 0.256491860007089 -0.0573670320758725
0.0514286789813251 0.260130667025234 0.106640724917072 -0.0786723942687081
0.1524110043362 0.207222425857674 0.054280422001083 -0.0318978577520506
0.207000503593979 0.154514623800401 0.0467379052112281 0.028283391585483
0.223793788047599 0.151080793414694 0.0535124004381996 0.0823640368832784
0.139743289594768 0.185077087070762 0.0270246479967941 0.13408313575281
0.0553335649777447 0.246672501818741 -0.0688632255860521 0.146438165732952
-0.162026305981845 0.250258861458509 -0.158937699279339 0.0880709657758697
-0.327337666774685 0.0967661931102788 -0.157161135032523 -0.0396259823564594
-0.29207048890033 -0.169652016525381 -0.0762454615785476 -0.102246191755517
-0.156902430860266 -0.366748718696686 -0.0270624803821327 0.0778622652064287
-0.0230860123128691 -0.318346835459242 0.106182213306549 0.318552917331878
-0.125704961157165 -0.326822393240168 0.0154881985221789 0.405666767869462
-0.317028294666866 -0.18067569642094 0.135315155380392 0.372828302562194
-0.324276234082151 0.0606638331224718 0.239987057630558 0.225161713589245
-0.134470362783904 0.23758924074336 0.218728465406165 0.0384235809606053
0.0344244986211279 0.213874504909068 0.125299461491954 0.0165162578631785
0.119260644699944 0.172571837793509 0.112013050033331 0.0419729648688163
0.167994712370317 0.131597649217074 0.118236543155043 0.0754243060389294
0.185288065198868 0.128184481374463 0.122054385590292 0.13134302647174
0.118749166997382 0.15985331611213 0.0745186467973422 0.18722350162164
0.043489291891518 0.210998561356128 -0.0449214240236605 0.198136268034927
-0.148071920376567 0.199847787977574 -0.148130966167118 0.123226156795734
-0.281780933273697 0.0533812378126334 -0.151978148129302 -0.0134949656691646
-0.220528836876724 -0.173947415667263 -0.0397302617231794 -0.0679394351053722
-0.0753381685011453 -0.308391883213851 0.0119903816744326 0.170277452011581
0.0401193985979034 -0.162148475977678 0.11265524251044 0.379841221796707
-0.0274589960701948 -0.203856377092193 0.0329271652988006 0.411014780481885
-0.168773257705161 -0.134439737985602 0.0897878359925846 0.342891206480164
-0.198700993500986 0.012144742368787 0.176082098938445 0.235183522959982
-0.0914787081885315 0.138221978604527 0.179523472080929 0.102184104787751
0.0188799714696718 0.134359298567651 0.135058673950241 0.0838536786157177
0.0716763475284561 0.108738211128691 0.152347968197791 0.0970530287813355
0.104968532078603 0.0873468384120862 0.171048145088935 0.111335218964278
0.120597323644386 0.0884164615320569 0.171556239039231 0.171213963648411
0.0810041226601959 0.117919885971574 0.103015301934306 0.231507505925472
0.0224814380637578 0.151976140913406 -0.0400022561672269 0.241967054135922
-0.121872255438458 0.129189680196727 -0.153453426477947 0.144532634586789
-0.205541330719977 0.00551676789161887 -0.156785165079214 -0.00107122797223522
-0.124612413088544 -0.159825234687552 -0.0166662533724321 -0.0402295278013906
0.0167771707986033 -0.211468622170155 0.0298548311013077 0.244127652005755
-0.0661179375615508 0.0645479513710447 -0.0758369215497541 -0.308550585769542
0.0370704623528309 0.0962157371435806 -0.0450754399680324 -0.00587175941230802
0.0941523920532837 0.0399298444152638 0.177784546957307 0.0233761811185269
0.0638464257322393 -0.0472864093607328 0.207382823234243 -0.154711065668754
-0.00412384134056485 -0.0632978062767697 0.0807406654845567 -0.295691157982655
-0.0184453203321053 -0.0321240283239713 -0.095656920676404 -0.309659907461031
-0.0164436853326176 -0.0331040092416629 -0.208844211306931 -0.214499535483594
-0.0163915670822436 -0.0351707720169275 -0.222563688138399 -0.129595666076118
-0.00524470380502494 -0.0294245213729406 -0.186380898100161 -0.118082624600037
0.011859401813649 -0.0196138972494626 -0.166205869619321 -0.122035352595601
0.0361296757759865 -0.00381762962886998 -0.168194584113633 -0.131542961109185
0.0492919918722311 0.0400726514541307 -0.151210483129032 -0.199479614131829
-0.00224770664735726 0.0931045055230089 -0.0843583551910024 -0.285084936486592
-0.0812140762293691 0.0688236082306692 -0.0881353654683049 -0.335061410769504
-0.119633207549624 0.00884018777914469 -0.15797488791479 -0.362253226725453
-0.143574158866366 -0.088307299314038 -0.0422212060757939 -0.285772703663985
-0.090833981045114 0.0119398889495394 -0.0319560193470186 0.0241958827494319
-0.0543623505128961 0.057896152527346 0.223637677192038 0.0619096390606138
-0.0214409165682366 0.0478335886177102 0.266964117840527 -0.142316792656863
0.00516897211589578 0.0456885858034614 0.123365003585232 -0.32136388891575
0.0307114087895112 0.044096360408184 -0.0762489736909666 -0.329069025379819
0.0591393147774865 0.0337442370320712 -0.198033786801346 -0.22951087337826
0.0698635760488251 0.0244260920715936 -0.217367849942928 -0.128889903294095
0.0725904390002539 0.040928655361346 -0.184276555118781 -0.108268777454627
0.0385270419759643 0.0693688731081765 -0.16003201265139 -0.099714188472363
0.00903908398814899 0.0981425219136338 -0.166961324175585 -0.102532880647947
-0.0663597623777622 0.104275215505371 -0.169249556058804 -0.156447799089366
-0.146391447998769 0.0695089001122026 -0.114843550500938 -0.244011926081028
-0.176499340170754 -0.046474852669144 -0.128762597347615 -0.297925658163353
-0.172390931421687 -0.156810346696959 -0.171916139655685 -0.325666331371385
-0.190619220021202 -0.242268669290924 -0.000262603271253923 -0.214748039445306
-0.205736095075653 -0.106028943451884 -0.0122742740105677 0.0863395475453825
-0.221319271621667 0.045280564323683 0.267761863619423 0.129511209064744
-0.138682650374406 0.135966074398284 0.331829950421506 -0.09942079728062
-0.00921395353121665 0.166702183737577 0.179196512770309 -0.317135707137437
0.066671772592899 0.130215142735855 -0.0363384618394796 -0.318904884885123
0.122896125589602 0.102968875051764 -0.157184034701822 -0.216832351897541
0.146227269029825 0.0779744417386443 -0.179506350477994 -0.108753341781909
0.148800069406135 0.0961112454843603 -0.153143781369129 -0.0739658561294312
0.0776478203514098 0.136612088070065 -0.135120755795047 -0.0493148485625568
0.013909399907792 0.183784329410142 -0.162300388810248 -0.0451449337583508
-0.137006014759696 0.184114359208543 -0.18989495671571 -0.0928053597768171
-0.26020063456251 0.0868211774833238 -0.150599508201183 -0.190356065278139
-0.266177750261716 -0.113087002341172 -0.156236776992847 -0.24542415148523
-0.218636978392418 -0.282595035135437 -0.166226951884273 -0.244651502458663
-0.196842029491405 -0.368601004078161 0.043043276250107 -0.0964319866902805
-0.280963137351033 -0.239300386793142 0.00643485699730481 0.176760363209603
-0.372749517406113 -0.00688890509820423 0.288131457788334 0.21998737501594
-0.270252407268006 0.191365289319951 0.377458363945349 -0.0196385811271127
-0.0480748604733882 0.273360605390626 0.233404078129859 -0.270689331616985
0.0837009050977013 0.209712935451749 0.0157224104698428 -0.270693344874609
0.164559405620222 0.162961781649161 -0.0937091849283217 -0.17627949706176
0.202905531315532 0.120299864308566 -0.114647869784926 -0.0719517891434201
0.20869061377636 0.130457095134017 -0.0959078611788117 -0.0244329247574936
0.119380777457159 0.176107631062724 -0.0896777004218758 0.0134024495848406
0.0385242987002292 0.239194188929754 -0.139867241928842 0.024372924655723
-0.162884577373022 0.250211923032154 -0.194899564019256 -0.0204325688958164
-0.326038975082201 0.119785794112336 -0.171562709520241 -0.129938046531925
-0.326909793501588 -0.139510655780234 -0.154256469996162 -0.188365334029815
-0.245018220533546 -0.358091124130606 -0.134200440788776 -0.137828371955044
-0.165508914699674 -0.434590100321799 0.0801685975838411 0.0532211345464891
-0.289781804033905 -0.344649986085682 0.0177417801661185 0.278228590630863
-0.454527369390465 -0.0861169545558343 0.269934563671792 0.307852510007424
-0.370384106758687 0.18884012200926 0.376700666574289 0.0813799899660208
-0.0980751084473331 0.330098905788946 0.264661744996558 -0.180203684836098
0.0800733650055531 0.259729948837594 0.06754954672464 -0.186604336074885
0.177286826413626 0.201060853319653 -0.0189097940186744 -0.111554563218002
0.227356991734005 0.143969360608448 -0.0341718556293773 -0.023973792092572
0.239974920550254 0.14449136027466 -0.0215855462215585 0.0287722270743093
0.146736350885752 0.189589467793744 -0.0291015945367525 0.0771335006036335
0.0614554831530128 0.258729181187296 -0.103347832272805 0.0931897990009707
-0.162542095276974 0.277835448931184 -0.178955606030533 0.0457868130898812
-0.344947969734682 0.133325982239359 -0.172299437907371 -0.0758826401162481
-0.338847314596276 -0.150291478602228 -0.124904930927478 -0.139436567661933
-0.230505030544019 -0.384334979388406 -0.0808853523357548 -0.0259936454506757
-0.106100549822286 -0.419259529430257 0.10335222690906 0.203804266535958
-0.232946817025293 -0.38204207611479 0.0202262925094321 0.362615994402455
-0.433292390644539 -0.154795971975355 0.213472936140662 0.365506721077991
-0.393734994456269 0.137177283179854 0.326185307890125 0.171755559042576
-0.130736713258537 0.316466940000733 0.257518893009842 -0.0685175320784323
0.0636840263892857 0.261677567107123 0.106161853275373 -0.0837131380967188
0.163217797275452 0.204718779700278 0.0549239875139226 -0.0348374010422069
0.217672542425671 0.146573934039003 0.0493846193410229 0.0258624796551959
0.234395154498888 0.141277279224049 0.0582873859265131 0.080207894421995
0.148939821195221 0.182621972603862 0.0328845007125228 0.134837795940987
0.0668064219136138 0.246968487748468 -0.0648236759754587 0.153150978525768
-0.154731163439241 0.261254646310871 -0.15859773222445 0.0964461174483048
-0.32751731518881 0.11185660985192 -0.163754064898854 -0.0366507044048343
-0.302659571786118 -0.160029361555523 -0.0830390899147834 -0.100478015950462
-0.175451499408189 -0.36766009193129 -0.0245343825002264 0.0796866064682072
-0.037124794934527 -0.321830462251266 0.116486906196306 0.323103910976995
-0.137969127338819 -0.327911630309273 0.0272412673939859 0.41153858923664
-0.326438241226606 -0.169996356477146 0.148666067486489 0.374824342687505
-0.327814371069113 0.0735569320320987 0.251503158026894 0.223162637747856
-0.125244499449276 0.246058627896139 0.223436285617689 0.0309575184746064
0.0443847945181209 0.215189033702447 0.129126695157909 0.0126515934523548
0.129491987652147 0.170870274712698 0.116583461544406 0.037109176576257
0.177336415914748 0.12505339736225 0.123048979596708 0.0702203714078839
0.193886376215773 0.120138808235094 0.128667077800824 0.126215064459276
0.127422057217305 0.158134053275488 0.0843445517321616 0.186412340902719
0.0523013174448391 0.210152491516093 -0.0385740159387865 0.205076864203216
-0.143557494027281 0.208638453154599 -0.146510898828253 0.131033852157093
-0.282423534419132 0.0660554581376195 -0.157033183565854 -0.0103849446580444
-0.229413056974656 -0.167397645877651 -0.0455700325070489 -0.0680639966371082
-0.0899835280050572 -0.31114268117812 0.0186309249432794 0.172765963633439
0.0330325533434786 -0.163933125106426 0.125749699582965 0.384434183956409
-0.0338765785481324 -0.206012315684348 0.0429425853681664 0.415846209400173
-0.174363699467268 -0.129107589845882 0.10097602537263 0.346666019081532
-0.201015030011778 0.0203471067191038 0.187537854479384 0.235627299329575
-0.0865696656772625 0.142950237054466 0.187248406821933 0.0969632371376996
0.0252796124317109 0.133885206070794 0.142456224809977 0.0806882438598854
0.0767887192178234 0.107110703747695 0.16006029110796 0.0898246902052123
0.110474751827164 0.0836781204083986 0.176913028101634 0.103528687231886
0.125195515863749 0.0832694568190472 0.181687538028418 0.164635260303551
0.0866320430670727 0.116383232562094 0.115076144001688 0.229819652207296
0.0282662756839267 0.152312261387625 -0.0310385140585853 0.248532942915726
-0.119578216239648 0.134864770226171 -0.151057577192255 0.15268124654511
-0.206497935145128 0.0142189953884797 -0.162440720390855 0.0033198811208062
-0.131816260740845 -0.156307639604694 -0.0205123343647759 -0.0406238554707505
0.00753498782985371 -0.214818576262713 0.0395773575202264 0.246669511233261
-0.0657403707952651 0.0676448296755924 -0.0882790508002612 -0.314700076961114
0.0405877807651486 0.0965355407542349 -0.0462316904719704 -0.00110736817226742
0.0965317544658326 0.0365448943793249 0.18663209675246 0.0213570385001207
0.0636217471323426 -0.0504377134287565 0.209452307279962 -0.167642095250625
-0.00671843232579711 -0.0626800681996786 0.0723744684934325 -0.309735324319975
-0.0196995266263988 -0.0321060206530707 -0.112247042232625 -0.316252639452072
-0.0173720557127237 -0.0342021485104643 -0.223391939145441 -0.211293197016783
-0.0185531051385023 -0.0352949645784983 -0.232728618521221 -0.121853492176894
-0.0059297459075768 -0.0305220754932189 -0.199491049720308 -0.112310548399692
0.012620793514173 -0.020061613188128 -0.179258223317178 -0.118621434103421
0.0379634139102609 -0.00454217196031299 -0.179415975668704 -0.129711088941577
0.0513763784881547 0.040105994073179 -0.162155738325601 -0.199583067925174
0.000592949154304478 0.0958306140091328 -0.0954222356219903 -0.292419476206529
-0.0825963704686512 0.0728699380125888 -0.0971427948521538 -0.343396812457353
-0.122065851206134 0.013783372799505 -0.17332809724819 -0.371348523042621
-0.151740853678656 -0.0873641917585352 -0.0536109466316289 -0.291379484863836
-0.0947209656919094 0.0145342536173716 -0.0312798939322701 0.0286385835577784
-0.0547001379948248 0.0618231841790258 0.234405755380644 0.0583451068738404
-0.0214341817917854 0.0517427361171925 0.271931061188236 -0.156445565547318
0.00677592479043266 0.0488124968403926 0.114049863689291 -0.337212422620858
0.0334666001951355 0.04504980315498 -0.0929989276911304 -0.336470508020008
0.0627858174173735 0.0325047842443972 -0.212393628047085 -0.226252884205223
0.073441522477273 0.0211076771754495 -0.227781803544994 -0.120843657767135
0.0779424715590603 0.0375940020086891 -0.196446058859075 -0.101985193092852
0.0427596653696706 0.0711167591058396 -0.171146409955508 -0.0948913287682333
0.0139336479650471 0.101534901355779 -0.177400591911484 -0.0985737630538121
-0.0657401197929089 0.1115310281803 -0.179938208191579 -0.154969622027871
-0.149356180821329 0.0771140235034606 -0.125584590690603 -0.249970861654105
-0.184435448685941 -0.0426988265411136 -0.140017550423408 -0.303212176586669
-0.183698728434189 -0.156244899777729 -0.187551721227009 -0.332421752238065
-0.206343587929687 -0.243762859362415 -0.00734630522562885 -0.218392945414694
-0.217065886169442 -0.104000549464538 -0.00929183753454795 0.0917660312395201
-0.226846706449363 0.0547567937978009 0.28155109664879 0.126294949716054
-0.140332033130694 0.147595962433228 0.33988694823452 -0.112347411678147
-0.00283411313640883 0.173775534301565 0.172192317609346 -0.335607144869812
0.0743528145803332 0.132279696774056 -0.0506581737890267 -0.327568165127666
0.13178250431259 0.101635961599882 -0.169798146781845 -0.215887495060438
0.155448048892584 0.0727328974800963 -0.187462888848881 -0.101390297500385
0.158494572019603 0.0906158417142506 -0.162764144915559 -0.0672609848750264
0.085738324557759 0.138933065716341 -0.143630135150068 -0.0440437788474488
0.0218576384327515 0.189571028016258 -0.170380834210893 -0.0384326788201781
-0.135275098464656 0.196201253229265 -0.200274819934586 -0.088770680357939
-0.266012630033861 0.101111062280413 -0.162560005929999 -0.193512724998967
-0.279520812164099 -0.107864811501671 -0.168097555700775 -0.246296350884261
-0.237913712106779 -0.284346999549078 -0.18004794381057 -0.247933707865345
-0.218568542601461 -0.373398283691113 0.0412557840290242 -0.0971665317958938
-0.299282435704959 -0.237968868060435 0.0122320918994283 0.183919750752483
-0.384094838533338 0.00775495622037665 0.305761887355022 0.218175765495213
-0.273470578574062 0.208413412892035 0.389448973147901 -0.0314827632500432
-0.0372929156459497 0.284917483855107 0.229524020316144 -0.289021344152039
0.0956807031472715 0.214120461119005 0.00586082115702249 -0.280140869752181
0.17683139919184 0.162669704695036 -0.103465182271621 -0.176700492525839
0.215455340473347 0.112706519391914 -0.120321405089383 -0.0669107384003407
0.222087823254121 0.123145657170881 -0.101513414798388 -0.0194577859606227
0.13008043369379 0.178668744412218 -0.0935841822661874 0.0185216761303004
0.0496948361507858 0.245354450395405 -0.144789381197908 0.0333392690013791
-0.158681293399758 0.267353213089808 -0.201379670079541 -0.0132062719359532
-0.332085026052122 0.138501906136134 -0.183019725347185 -0.129737429579256
-0.343792459950645 -0.132651235468223 -0.165703754920063 -0.188420006401498
-0.268477586933737 -0.361875244583624 -0.142603784328161 -0.138567536873382
-0.188028696861434 -0.442244296090989 0.0831432899073527 0.0565103551436056
-0.311506709510679 -0.348228658337346 0.0260736168778746 0.287258550256893
-0.470356603849553 -0.0714357284194653 0.288432203022349 0.310203588020352
-0.376952799959945 0.210269039579978 0.392920943308184 0.0740706540674514
-0.0876715920272995 0.344750143599127 0.264683511794992 -0.196049645929448
0.0933602220762694 0.264606269364803 0.0639015193458071 -0.194834299119119
0.191767752757554 0.200809393219927 -0.023078127819797 -0.113498836998507
0.24229963535796 0.137240623013141 -0.0360146661329212 -0.0219576993728416
0.254105746011247 0.1361051022467 -0.0214673550140319 0.0318972734947997
0.158896807573415 0.190847236538621 -0.0275097460235464 0.0812556475641792
0.0741326157175036 0.263905967741422 -0.104623409692516 0.102458536409304
-0.156909413151083 0.294871990664756 -0.183948629733911 0.054707514404963
-0.350537037262421 0.153018618787339 -0.183749320055739 -0.0735403456026459
-0.356351928186764 -0.142248467880946 -0.134131006801189 -0.139012049593734
-0.254572574153114 -0.389012308705569 -0.0845716667258619 -0.0238945904779513
-0.126195880029456 -0.426738742837362 0.112218123078918 0.210988524632576
-0.252932393809173 -0.38644264097151 0.0315871863326063 0.374723888010146
-0.451070598167735 -0.141930499142669 0.23233004185225 0.370585124016854
-0.40223377957516 0.157913416264536 0.343594928240936 0.168639581755506
-0.121000987210061 0.332308938898236 0.262658442172281 -0.080314782099491
0.0766587686116433 0.267047966258896 0.107712336037795 -0.0896456694528777
0.177617448950948 0.204853576930594 0.0560267143901588 -0.0383782977469601
0.23299506003509 0.139514016651073 0.0512432028640974 0.0253261399071098
0.247499057416195 0.132064797593178 0.0619137596956948 0.0804612280381019
0.161523235731666 0.183033739948567 0.0395431143821322 0.137758718765318
0.078803384794484 0.250734304128058 -0.0616800864179708 0.162345991805285
-0.149807408025128 0.276518175109173 -0.160765254093442 0.10616949115236
-0.332591718894939 0.131563289349773 -0.17332370172336 -0.0334554747374588
-0.318772718133908 -0.153889248204968 -0.0908862484827178 -0.100459941995473
-0.196705060827287 -0.37345257826306 -0.0220456515315034 0.0824095941816858
-0.0521938944660948 -0.329122972620508 0.129134682979132 0.333311919342163
-0.152392520513137 -0.334582559598545 0.0386053113089991 0.424956398535431
-0.341322444625917 -0.163080334961232 0.164313213093697 0.383164722667049
-0.335995462091984 0.0882765051456916 0.268450462383762 0.224708491494786
-0.118288550137582 0.258652889202093 0.232169103800264 0.0239942458746387
0.0550963661130024 0.219664742202717 0.136103087228728 0.0089561847838341
0.140133535761941 0.170756697112101 0.122828685566416 0.0320381266293659
0.189216877465994 0.120387957427543 0.129394370641135 0.0659041273004958
0.204876368789952 0.113306519187223 0.137880199553404 0.123100244483777
0.137636225517839 0.157925998185046 0.0949376199019207 0.187622332663807
0.0626996582623691 0.214468557075788 -0.0308926886419604 0.214621390354366
-0.140533730503439 0.221687155183978 -0.147384979656768 0.141252120647232
-0.287228085226504 0.0806214048707632 -0.165769880599013 -0.0059864402801221
-0.243169032471426 -0.162718867740057 -0.0505877260388514 -0.0682726233393676
-0.107239329218517 -0.317588045008899 0.0257827227144433 0.176954520793256
0.0276908363521487 -0.169173732137507 0.139239560305145 0.395460339839029
-0.0416823956155805 -0.211796372163364 0.056507621456904 0.428183643494829
-0.183014007109833 -0.125505699259974 0.114950012882775 0.354425773006569
-0.207112782521076 0.0284388714274602 0.20324019057448 0.238377561198682
-0.0820736002764133 0.150228247825968 0.197323453773443 0.0942566137260347
0.0317700437872569 0.13530954989288 0.151922857027871 0.078489310318037
0.0840850886736813 0.107070722671347 0.169197301138326 0.0845899332073708
0.1178027408771 0.0802194140407714 0.185836201703674 0.0965240484393976
0.131807671364219 0.0789011152276492 0.192910460277291 0.158916315903866
0.0944798269977325 0.115908365634772 0.128752196056855 0.230846894990525
0.0358944583502523 0.155509962403389 -0.021303656641609 0.258136508791359
-0.118790647611627 0.144452743463918 -0.151584183579984 0.163330260780457
-0.211560341888667 0.0227845009891063 -0.16954267879192 0.0079538078348537
-0.14045032933241 -0.15469034388778 -0.0241606353054543 -0.041416450223653
-0.00173427869540546 -0.221691788294664 0.0509024064574872 0.252837681573522
-0.0642307232425779 0.0723496113615027 -0.108599195401223 -0.321200229379421
0.0463749095894236 0.0961537646194235 -0.0478035202947375 0.00433535760894438
0.0997881131714417 0.032092330508603 0.19809540475125 0.0140763746396433
0.0628909434413045 -0.0542234262753029 0.209897050357909 -0.185594868504739
-0.0106965096723891 -0.0624155534093385 0.0564794373013182 -0.326893961097483
-0.0215856720280617 -0.0325676403319619 -0.136916952966026 -0.323197548576279
-0.0197177383374906 -0.0347960494625859 -0.243327556556061 -0.204934055834291
-0.0212346550882121 -0.0351296363077728 -0.246087992329967 -0.11010791142035
-0.00774016977410247 -0.0320515661155353 -0.216452024766037 -0.102613993722002
0.0131603659500552 -0.0221477159848209 -0.195911128228185 -0.111975965951221
0.0396651727356612 -0.00609587208248426 -0.194753463094862 -0.123828253185202
0.054475021133835 0.0392111088466121 -0.178550564810323 -0.199255470934227
0.00541074969267712 0.0990742106760014 -0.1126171465382 -0.300752855503515
-0.0814870583950491 0.0796439982018175 -0.115723749851423 -0.351655117582422
-0.124596930527225 0.0202653765698885 -0.198828163714296 -0.380296286430051
-0.163580447436582 -0.0832344820662249 -0.069481266872964 -0.296610539752474
-0.0989313725807701 0.0191942921005984 -0.029997013687034 0.0341337094117851
-0.0556410847063694 0.0667139973531053 0.248871883372172 0.0504765324489688
-0.0205103343121272 0.0561150577916119 0.275288317554318 -0.17639577749457
0.0104996553451507 0.0524911918330444 0.0987906142160343 -0.358387834431401
0.0377244354004108 0.0454155326576017 -0.116969536927617 -0.345879683412402
0.0688715478418166 0.0296538997337149 -0.233163387065764 -0.221443018777283
0.0779789892657945 0.0164997105539019 -0.241378843452264 -0.108628396841829
0.0846844861218136 0.0332494548070386 -0.212112358376432 -0.0912792524137197
0.0498512504202714 0.071930499100923 -0.185708705226334 -0.0870167956747268
0.0208645934275667 0.105284786329019 -0.191281999535627 -0.091162583143099
-0.0633091206803465 0.120755976826479 -0.194645203314351 -0.150596496112594
-0.151533531499764 0.0891256728252361 -0.143844075399032 -0.255825593740601
-0.19456637436987 -0.0353830382327471 -0.158496068557189 -0.30805942744058
-0.199036373581101 -0.152075990069209 -0.212627187344466 -0.338063541392015
-0.228869742150118 -0.242664665592677 -0.0180708267717098 -0.222958284814605
-0.23279590465973 -0.0984492029435199 -0.00491754969680569 0.0984428279554362
-0.233223795482357 0.0697536128635926 0.300234611430308 0.118541912324373
-0.139242768982807 0.16227737121656 0.349310203505152 -0.132973872300464
0.00772668258192953 0.18189504825316 0.159275807531596 -0.359270215293261
0.0849569507742033 0.134542505041734 -0.0714468143020883 -0.337974706284795
0.144186197835419 0.0983852555748662 -0.188334429006376 -0.212189815536058
0.166928876756477 0.0646374316495486 -0.198902741641887 -0.0911505106064212
0.170229651665524 0.0825301015819083 -0.174381646977166 -0.0573194999551113
0.0981896157586325 0.14084431950048 -0.152782405014293 -0.0354824705608067
0.0346735893253962 0.196482271433951 -0.18113479924358 -0.0289739259006155
-0.131123458712574 0.213497202648905 -0.211864003586096 -0.0797921316346659
-0.270557528567431 0.121221367575942 -0.180317529236505 -0.194394038728545
-0.298146896934672 -0.0980274666101151 -0.18539584261201 -0.246994634574876
-0.263652198213649 -0.283091122689203 -0.199477481275472 -0.249283754081094
-0.248946291318087 -0.375314655097408 0.0386986687390304 -0.0980266571830858
-0.324920940280466 -0.232993069125052 0.0223848099298816 0.192817191445789
-0.396576196946518 0.0301367602963435 0.32869449155674 0.212865427679797
-0.275248174349085 0.232724315403235 0.405093996535265 -0.0495391755148622
-0.022196204797184 0.29863015574438 0.22094430930653 -0.313388275144431
0.111042049914745 0.217242927902837 -0.00918763980042559 -0.290953498261739
0.194735227529747 0.159643093831644 -0.116096110115554 -0.17640588889817
0.231741551022957 0.102452671731686 -0.126846546576796 -0.0595768219375473
0.237584936697369 0.110927309732406 -0.107501017107039 -0.0122802491148972
0.146383996125526 0.179042533100839 -0.0972596367975063 0.0264570938759033
0.0665720282179123 0.251787295487261 -0.150291794718003 0.0449713970703254
-0.150226426820368 0.287884939025869 -0.210941796996623 -0.0016702631613634
-0.337257094007216 0.164601288205204 -0.199554459405653 -0.126966546381952
-0.3652151623664 -0.119218183175592 -0.180713108146207 -0.186454563005079
-0.300428199852383 -0.361218989379437 -0.15572077011586 -0.136736541392817
-0.221390522494128 -0.449378010938052 0.089596599935124 0.0591254087912407
-0.342736174294768 -0.346416085582469 0.0412982130252955 0.299250888281083
-0.489706670535415 -0.047460557176866 0.31392358694708 0.308746943384543
-0.382244007839644 0.239112725016326 0.413462629533706 0.0593162033770222
-0.0689666768344848 0.363417217965945 0.262936253925344 -0.218214845185455
0.112906549614025 0.270128096238278 0.0563333992842847 -0.205583146714885
0.212697640833881 0.198317036582257 -0.0294338687914929 -0.116577487252331
0.26092681346808 0.12505992054724 -0.0379382412278984 -0.0195244543301509
0.27166603834764 0.121825213756855 -0.0211997036383701 0.035125125557902
0.176392052505596 0.189682103841122 -0.0248977724121505 0.0872062816325332
0.0920281111313034 0.268799554228967 -0.103265254352386 0.114362909106028
-0.146557607371043 0.317117450771104 -0.189250267224618 0.0673017105156755
-0.354848276684944 0.18099124455397 -0.197802293919888 -0.0675936908632599
-0.378764947270592 -0.127482674665709 -0.146517010099094 -0.136420292466944
-0.290154666393911 -0.390123923958485 -0.088766752339151 -0.0205930381649576
-0.155853953731425 -0.435614175673803 0.12669238982021 0.218115219104724
-0.283798695026597 -0.389421034844601 0.0517034979521077 0.388383361826529
-0.474254992529512 -0.121753204984166 0.258595410958132 0.374098687517273
-0.411523122194175 0.186235969922849 0.367089631530063 0.160788857653807
-0.105318599975582 0.352284510063106 0.26765954069612 -0.098037481327344
0.0954279965096366 0.272732319977967 0.109159739135268 -0.0983313610200156
0.198482319797098 0.202521751348988 0.0570055197539255 -0.0430217297703493
0.251225857761923 0.128084394928052 0.0542122855868396 0.0225419305488841
0.264749579890232 0.119412445374991 0.069356059474208 0.0799824500043341
0.178353581008882 0.181128255896212 0.0490088205731644 0.140855961121278
0.0957258980698983 0.255151541860858 -0.0550860790947613 0.174077358468777
-0.140896780178708 0.29643518653583 -0.162811381088359 0.119721748918137
-0.337680926916316 0.157023604180057 -0.185418902162308 -0.0258974117831218
-0.340518889054201 -0.141506652433449 -0.100287684451711 -0.0988155424719369
-0.228689220313922 -0.37600420552856 -0.0180169337571456 0.0866899789843082
-0.07277903180664 -0.337679343177222 0.15080829337606 0.344457978161063
-0.176803297819724 -0.341208755021096 0.0604701518767077 0.442068621159618
-0.36029410901104 -0.14964635365858 0.188298409195857 0.390340461246627
-0.345828415303671 0.110751090557573 0.292239902172162 0.221332581293427
-0.105918262090013 0.275554093219448 0.242773020797448 0.0120732153728049
0.0698043700004048 0.22247717993368 0.144048434331409 0.00262787541525252
0.157122430918535 0.168610513294188 0.129704819585926 0.0251826568913151
0.203938402002289 0.111371724554743 0.136491926004083 0.0602446799195679
0.218831327386515 0.102956928322938 0.149504941121447 0.118027838899674
0.152075955883397 0.155777374321856 0.110550217719714 0.188638231727754
0.0768648567109587 0.217022852869142 -0.0198053424484575 0.22581712832546
-0.134360514381077 0.239848550982582 -0.147052926322451 0.155783725839073
-0.291823646123892 0.101217221835099 -0.176248063326643 0.0025905581117753
-0.261199689436469 -0.155918800641688 -0.0573923820168829 -0.0674645265569729
-0.13159610617003 -0.323317551191136 0.0368832377895624 0.182646534003486
0.0190291530053082 -0.175298986260003 0.164027201874592 0.408426018668016
-0.0538316912969477 -0.218526786484194 0.0785159801752185 0.443570457256988
-0.194698263766116 -0.119812729165926 0.135615320774363 0.362749802047478
-0.21281168822703 0.0404996777003448 0.224919344389879 0.238600212459823
-0.0752220210510827 0.159822619487398 0.212167777717539 0.0866500478064381
0.0412472076833776 0.136621844359926 0.164517683856096 0.0735395883266653
0.0932845769865586 0.105634216676978 0.18135021485798 0.0755699717207141
0.127472611110142 0.0753394816810485 0.196781264737729 0.0870340672162177
0.141309316721417 0.0723774062025858 0.208704133282172 0.150881232616792
0.105187921174525 0.114798457520081 0.147887404457908 0.230220432434023
0.0455542863672501 0.157798330058217 -0.00773550186025871 0.270157986970237
-0.115548583072865 0.157206129988585 -0.150058148651182 0.17863507907536
-0.216325919253296 0.036145217092198 -0.179741742933525 0.0167964054803396
-0.153126310793812 -0.151801053016623 -0.028757370525905 -0.0416674182782509
-0.0164500140770687 -0.229570854995608 0.0674180864408666 0.259227633256944
-0.0608485213513601 0.0769395474466114 -0.133827691268393 -0.321227217787141
0.052957571667927 0.0946152582374446 -0.0466668991390127 0.0100982967201472
0.102057003545687 0.0255132674205618 0.207642489510486 0.00267397195579453
0.0600576272707096 -0.0593393809713036 0.203834074348429 -0.206215997470291
-0.0153149221776868 -0.0612715148226069 0.0329125679354585 -0.341433321857469
-0.0252119383859767 -0.031661169017584 -0.167365437361036 -0.322770747367565
-0.0228563123796701 -0.0349770317170528 -0.264278295798712 -0.190495791311254
-0.0251095257423744 -0.0340043575242948 -0.258861060025957 -0.0936030325220065
-0.00995048355302067 -0.0327905362224117 -0.231198747970624 -0.0857767390622581
0.0125399734938476 -0.0234195555552982 -0.212245959965938 -0.0980248635548013
0.0412667358758175 -0.00857523408516442 -0.209875861105342 -0.112633928750211
0.0575987530305463 0.0372400562417905 -0.196242086706186 -0.191433231699815
0.0123857177511622 0.101244116896828 -0.13539798392977 -0.304182404208224
-0.0778586328677114 0.0860741154615987 -0.139748201740025 -0.355656876115443
-0.124896971813416 0.0295836319514491 -0.229702603604559 -0.380512215072465
-0.174658738613294 -0.0748809975449909 -0.0911931150989974 -0.298319417179494
-0.102439787180314 0.0256886507143558 -0.0274954187889761 0.0391431328008699
-0.0537936698029791 0.0722053780325559 0.261054426674019 0.0372458165815557
-0.0186029618047553 0.0614462865669504 0.271476490483175 -0.198919994375758
0.0149488782977406 0.0541820955775218 0.0733720338165983 -0.37550221152046
0.0421124303590253 0.0444735991190805 -0.1469875470575 -0.346936318702619
0.0741927087049871 0.024675792995961 -0.255552864250731 -0.208345866614214
0.0814367012513955 0.0103574974889569 -0.252627505048217 -0.0911392628949798
0.0888722078364102 0.0262056179707037 -0.22614454490766 -0.0741327880100588
0.058118787896574 0.0706457752883606 -0.200193547185257 -0.0734979437239413
0.0311737215447429 0.107188000915277 -0.20473594047544 -0.0792754767396629
-0.0571776671998455 0.129708126229821 -0.210400970005264 -0.140268617108632
-0.148836944404769 0.102760972049135 -0.16518576100072 -0.254421849820974
-0.202942954756593 -0.0233537021871806 -0.180885605455283 -0.306202410810199
-0.215134823777368 -0.142829161932317 -0.241076610329987 -0.335151786854325
-0.253337555458681 -0.232668071787699 -0.0320760431349669 -0.224538462642894
-0.247751452973118 -0.0856748984399801 0.00239597135793226 0.103049338797634
-0.234720120826952 0.0878490299332079 0.317296798727385 0.103460597918499
-0.133285293805076 0.178808933682899 0.35144352606183 -0.158417000765555
0.0224850408773098 0.187473123172029 0.135474892523944 -0.380929671575629
0.097472723608629 0.132201866404966 -0.0991116590444611 -0.342170358953887
0.157609598791 0.0896523926994564 -0.208589575324939 -0.202676761144566
0.176859836179691 0.0517293241366438 -0.208049495214391 -0.0755082514971975
0.181327297959431 0.0692604606681927 -0.184674416530418 -0.0420104094983242
0.112637057707642 0.138334427161728 -0.161680107489554 -0.0225460310835369
0.0515854230948514 0.199720777785781 -0.189480006391745 -0.0152015090608488
-0.119587564970383 0.231305294742365 -0.223793472271481 -0.0661114023929753
-0.269167348056833 0.144512759081451 -0.199874328969969 -0.188970795917287
-0.31392563567498 -0.0799258050394341 -0.204847080803809 -0.241941341014139
-0.291914417915333 -0.271578972647216 -0.2225734522558 -0.242623404631034
-0.283656715210102 -0.367359527000487 0.0342199624750184 -0.0995237115821522
-0.350668832137941 -0.218399317019477 0.0360037025233877 0.198062751031091
-0.404404367397821 0.0589678606404478 0.351820206499849 0.197955114678334
-0.268168427362037 0.261765708233284 0.414789241511366 -0.0752904218636429
0.000529058829926807 0.308702436781712 0.202130771309755 -0.338346045426718
0.131483671684499 0.215783343047598 -0.0303807228527651 -0.299415572203984
0.213947222253889 0.149288503519437 -0.131768069393262 -0.17105237544474
0.245859872562197 0.0843974324349132 -0.132844729426222 -0.0495814169547539
0.251786461238989 0.0927143832498127 -0.1120227511238 -0.00142639123274817
0.16539443831926 0.173647063469975 -0.0989453188279151 0.0356048938121101
0.0874863155212761 0.253411276369435 -0.151542230145572 0.0596999367039845
-0.134312358596486 0.310023430457981 -0.217417654862873 0.0149257674335974
-0.333534958349272 0.195110856530662 -0.216190339468125 -0.117928418035513
-0.385104924363786 -0.096023126698261 -0.197221120595883 -0.178510891970906
-0.337711216379663 -0.347857922937157 -0.169541010331373 -0.129071087933189
-0.258946785251417 -0.444410038980085 0.0973977492204674 0.0597811298697282
-0.376660421114337 -0.334787637770528 0.062705438435154 0.306096860022198
-0.504162787534772 -0.0147275465029097 0.342307213535256 0.297398946399264
-0.377421159520314 0.274869995701374 0.430800613815325 0.0354019721135147
-0.042734014307618 0.377345476269927 0.251961554205524 -0.243735394381242
0.13680827079598 0.269455141257952 0.0443027274409829 -0.214781405015379
0.235222790699545 0.188236017532221 -0.0373491145510482 -0.117001925599781
0.278088329920857 0.105445734085447 -0.0389642010600641 -0.0153655338478445
0.287339918089473 0.100693077153717 -0.0195897806002561 0.0398014479624165
0.196264169753806 0.182560505816206 -0.018750327352049 0.0920726299564322
0.114789712801976 0.268492969845425 -0.0979376945004969 0.127054156510914
-0.127537033687473 0.338846167882434 -0.19121825449171 0.0845557342439202
-0.349953167470027 0.214125691134278 -0.210866443918532 -0.0560117184165161
-0.399268397000398 -0.10379309709068 -0.159731642386739 -0.12923621178517
-0.328513490367935 -0.378817180356803 -0.0927612854593298 -0.0149436586235389
-0.192041233518505 -0.43476616343703 0.145460630100303 0.221148197774014
-0.319075992269151 -0.382392496066981 0.078471676909705 0.398043053560293
-0.492537799757248 -0.0933078013107832 0.289028408605101 0.367983455122785
-0.4110345603424 0.222177621931156 0.390158811901995 0.142482984296086
-0.0803055822637793 0.36809936139306 0.265900825841856 -0.119701929007397
0.118999819224511 0.27266831764682 0.10727555760407 -0.107946248305246
0.220653260335108 0.19303078889995 0.0560125743048823 -0.0487549999160411
0.267795471885013 0.109497613869082 0.0575123394215864 0.0200226389604348
0.279873994076548 0.0990738765572921 0.0767325162863834 0.0763631789264384
0.197805223744756 0.172756836076936 0.0615156853263387 0.140422218160713
0.116674550511067 0.253400530810941 -0.0442042539039836 0.185053968403302
-0.123224946764262 0.317627196456177 -0.159274335394332 0.136001308224332
-0.333369071865923 0.187342976171189 -0.196052787354944 -0.0134338241777644
-0.359521595991058 -0.119373276623961 -0.110421936794317 -0.0933568800897083
-0.265018368372059 -0.368347386905557 -0.0125493445702669 0.0904407484922298
-0.0989687172638259 -0.339920555817261 0.177441915876296 0.348066864017256
-0.205716261962652 -0.340693941907012 0.090954939179528 0.452068429446887
-0.378196580477549 -0.128248275056183 0.217593812714784 0.389392970568988
-0.349192852979837 0.138744821680061 0.316941943542314 0.209944136938119
-0.0866740986918418 0.289898142258657 0.249899673882244 -0.00467696500618774
0.0895720560068513 0.22181501320439 0.151082354121315 -0.0063720901212722
0.175099333302681 0.160894543143709 0.135894582661644 0.0151461694210718
0.218663797781842 0.0964044821021151 0.143665636281939 0.0510884871887768
0.231515902847648 0.0859913066055735 0.161033804280897 0.109066183831407
0.168590904858837 0.14895494782522 0.127830635732697 0.184308411471059
0.0940878126145159 0.21577390227231 -0.00418003844297318 0.234409852610175
-0.120715901292732 0.257070622678625 -0.140809359285137 0.171648022456677
-0.291241343942874 0.126527393279119 -0.183583941972948 0.0143874978317312
-0.279212595425555 -0.140340955956061 -0.064626914264664 -0.0654805195726977
-0.160452835826505 -0.32088975159063 0.0510723143087497 0.184195670100779
0.00676370612268429 -0.180298853318781 0.195005587811108 0.412185693312664
-0.0699833998289972 -0.221448401805908 0.108786858881808 0.452028867111867
-0.205922364799714 -0.109934466069092 0.160892658800405 0.364223361315039
-0.216510296365317 0.0567143374783164 0.247965089360144 0.230387287350982
-0.0640636249936323 0.16799782682497 0.224395207365965 0.0739768629557937
0.0529359071771477 0.134629202146271 0.177275397393301 0.063783410075485
0.104198505372725 0.100377110451192 0.191878104278379 0.0629699085380755
0.136997641535373 0.0664810171240766 0.205898873615297 0.0725249024841528
0.149862552470563 0.0625891985590437 0.224629840316221 0.137390172281336
0.11651690777849 0.109095081568461 0.169849031544174 0.223171513336503
0.0583268593729713 0.157277469934447 0.0122267509174295 0.277901004316554
-0.107186360959328 0.171366442904663 -0.142706814960895 0.195328793545578
-0.217122047499475 0.0530744147528609 -0.18556124234656 0.0294228588368823
-0.167841474078136 -0.143793774564867 -0.0325926692987559 -0.041682916897011
-0.0342612752904162 -0.233050132864234 0.0882836710584237 0.261259544798672
-0.0524748037278112 0.0831523272632222 -0.189105093516447 -0.294188963074304
0.0683452778305786 0.0830485679728529 -0.0480266190060204 0.0198054404471139
0.107064751724264 0.00289781596865246 0.205202429893176 -0.0290923691257487
0.0487836132807207 -0.0756717560008677 0.166859984339418 -0.235060077303323
-0.0288625874335317 -0.0639060657867859 -0.0267211332166324 -0.344147039708635
-0.0385499557018711 -0.0312403376562141 -0.223916572760243 -0.286094894886894
-0.0353350736238312 -0.0309215209769543 -0.29327642590919 -0.138515880355318
-0.0339636696094752 -0.0271914089697817 -0.266821220547248 -0.0463628249571705
-0.0182285287671066 -0.0288293275920012 -0.244144210888624 -0.0450269694054307
0.00756852352539051 -0.022875120253802 -0.229794118413208 -0.0631049620691987
0.0391136781442329 -0.0135677418793339 -0.226943057416808 -0.0792653440771245
0.0627145844452489 0.0306975290234223 -0.22385468003314 -0.163778538637414
0.0252906546018712 0.102489262177959 -0.179544376402185 -0.288388488170376
-0.0639600357535761 0.101885483863236 -0.187697229130496 -0.33573979105578
-0.122027551540816 0.0512561993508695 -0.27832581776847 -0.345031882243427
-0.193915923986104 -0.044392877864319 -0.133698691424554 -0.280312299848123
-0.096383281728753 0.0462290257346694 -0.0183449066918228 0.0395029106684321
-0.0357736457250122 0.080588084505221 0.264129761638927 -0.0143056964491196
-0.00358204985109136 0.059482211449047 0.232810127639369 -0.247271107274292
0.0230280990002423 0.0430824139662521 0.00147349187518511 -0.386016978633262
0.0409994609261585 0.0300956164128993 -0.210906520087559 -0.312354599458582
0.0752291641691177 0.00925227160567082 -0.292536937001053 -0.158309013711335
0.0787366051471446 -0.00285775311767224 -0.261197256587561 -0.0434120036736332
0.0913444526400252 0.0107898555810633 -0.237761177449799 -0.0336131873732128
0.0713201446646638 0.0629089168645435 -0.214886575803166 -0.0410082164211415
0.0502627296102739 0.102311156456772 -0.217939483169118 -0.0469760126550808
-0.0350147335294711 0.145854169727432 -0.228268241259249 -0.112908975450793
-0.132536555927645 0.132579896046251 -0.199116514846447 -0.23333923433401
-0.206182738459347 0.0140183723530236 -0.224012148709388 -0.276149190309007
-0.240583100862568 -0.105504263603703 -0.286190357443388 -0.293341629898613
-0.300626031837331 -0.183515769738415 -0.0537160560933606 -0.216907739472832
-0.261209526304512 -0.0323718638326205 0.0305776983751103 0.0930446446803865
-0.20952865460499 0.131704688919045 0.332781613896576 0.032686143444257
-0.0911514414028936 0.199458269695132 0.316789556287052 -0.229352664581108
0.0559253515103048 0.171108322960609 0.055547235868199 -0.402696005405984
0.112982254603345 0.106956038781204 -0.165219377427001 -0.316476609828129
0.17332103335541 0.0577978264929501 -0.249381537002731 -0.162933424450743
0.179183976666826 0.0200293171749436 -0.215643842398513 -0.033782329956412
0.191663939273369 0.034823446428984 -0.191247648168949 -0.0077722084272969
0.139583847598753 0.119436753143294 -0.170145499859829 0.00306650298159909
0.0874698158240721 0.189061375758716 -0.193701230677076 0.0137970616703764
-0.0768140419530885 0.25986734621228 -0.230489717458682 -0.0387261911934164
-0.242948359965927 0.195224628351411 -0.2214009561771 -0.161339842603141
-0.326015306276666 -0.022545065743339 -0.239713569973555 -0.203541523288762
-0.339965067887368 -0.221925982058949 -0.257292270696846 -0.19961388692153
-0.354709919129683 -0.307756515385412 0.0399735054548687 -0.103443449001629
-0.387046812365362 -0.141675804878526 0.0879207154936328 0.179221729384649
-0.381987314628483 0.137050023039696 0.38811641817518 0.111913864493826
-0.206391759434248 0.308823349362686 0.394889356815683 -0.167293965033975
0.0595807104614898 0.29414419458916 0.124162119602228 -0.374427534900394
0.163035346343567 0.182742010143986 -0.0910890356045052 -0.285351894381005
0.243672299150429 0.105757709157413 -0.170683821317533 -0.14797692908726
0.253570286019833 0.0397880903309738 -0.138575004055301 -0.0198039815477153
0.266847014153932 0.0432577796446595 -0.1129136077308 0.0209661946210244
0.198653555523234 0.144707824592426 -0.0976482311923489 0.0516747394596023
0.134106547363005 0.235285681111561 -0.146457175105116 0.0811134884677292
-0.0750093018076544 0.340667477539489 -0.212055493089382 0.0396867319247164
-0.295181578589787 0.256685551201773 -0.225258469220009 -0.0878315315545088
-0.399334642575926 -0.0263380743863893 -0.222177617602751 -0.138708810881684
-0.396983768761308 -0.292512664670372 -0.190059539342736 -0.0911821151252055
-0.343980282893544 -0.385562304740781 0.132406686463844 0.0448899333606217
-0.433665446160062 -0.249231954241119 0.137888216682382 0.281922270102179
-0.493097256789287 0.0850215412704392 0.401203966581403 0.208992877078168
-0.310836582484619 0.346817423055531 0.432693116811578 -0.0648193746086858
0.0324282577303961 0.371786137793098 0.189098567026665 -0.291824022135393
0.180928987873719 0.234278589284233 -0.00369184120658219 -0.216923387860836
0.274556541502542 0.140016146189818 -0.0693388940225259 -0.112329584122903
0.29009608561245 0.0538411386515338 -0.0419390016182174 -0.00275141833695966
0.304532549894175 0.0438397326473454 -0.014298456748635 0.0456041840668002
0.232226996776751 0.146336695593059 -0.00936531755497313 0.0944556126411853
0.163738709802731 0.24476125317431 -0.0823862035018975 0.140940526782765
-0.06288972866738 0.367148542052752 -0.176072809819105 0.104659617358897
-0.30782489376707 0.2778600392118 -0.211355828389356 -0.0275319253044219
-0.414443757967789 -0.0312450312617534 -0.177930489418425 -0.0942369801628152
-0.393539938872619 -0.321630303911793 -0.0976660330232076 0.0123089030677621
-0.270085772923964 -0.388297629307668 0.204202860063648 0.197429433767636
-0.384410822443749 -0.307154930501468 0.170831343438561 0.373944717120661
-0.496460223921953 0.00690245418635821 0.364375505002635 0.290173763476933
-0.354001165031673 0.303540292390075 0.415017728847538 0.0476866043772232
-0.00505340963489145 0.371162129799776 0.225499507247345 -0.173627034844999
0.166859322468048 0.241072051513407 0.0780227466390266 -0.124162921206483
0.262465264376104 0.147679789738531 0.0360509967265443 -0.0630350105475812
0.282588789123934 0.0587765993686109 0.0576017788250722 0.014157093690484
0.29762567095386 0.0424631038416558 0.0860269611504758 0.0660707526747612
0.232212116649834 0.134968035480854 0.0788462466561438 0.129187147577844
0.163136260387498 0.228757432664911 -0.0191004776136033 0.189456479511445
-0.0611521762830289 0.344242362495257 -0.137972101093066 0.152367618783513
-0.294108990340314 0.247972817909425 -0.190314854276035 0.0145657468895153
-0.376899857251029 -0.0545791818959928 -0.124879672019688 -0.0671523668556737
-0.327256918443365 -0.32321970339267 -0.00436436996347889 0.103397625003617
-0.157804667461015 -0.310943391974934 0.252356277191295 0.319220296676204
-0.26273753380199 -0.287471381190851 0.18737679878341 0.428516231063253
-0.390218847424037 -0.0499357206573897 0.295765835679062 0.330082315846713
-0.309309389715031 0.209940489108327 0.355517930018658 0.131890545210461
-0.0253232940604076 0.297250781082553 0.234195211844025 -0.0554349060946136
0.13060216342275 0.197343463438952 0.141319546766619 -0.0326392422988069
0.210935850873864 0.124606379760259 0.129262447080782 -0.0136958500244876
0.232988829590909 0.0542244823164018 0.146573360417297 0.0288653679951563
0.248086739795391 0.0395057319382085 0.176189317868547 0.0833634686598169
0.198975125477515 0.114676471967094 0.152295435452841 0.16173119955748
0.134070142188781 0.194820849477845 0.0281854059809537 0.232135377113864
-0.0694144094389928 0.282629719802563 -0.114674678444763 0.18656366101416
-0.262928939529415 0.179248528289927 -0.17587431091949 0.0422641624975948
-0.299942430239143 -0.0891214284759956 -0.0761137363221063 -0.0474694839653525
-0.2132255687488 -0.29452387019436 0.071864648198467 0.184129077738084
-0.0199812189186969 -0.173440012407083 0.27114854894435 0.378469180891863
-0.105915149599597 -0.198229907755596 0.197786387355129 0.430859029932733
-0.217555101851263 -0.0650680489758458 0.232369644708551 0.324387680796491
-0.195555283030971 0.102598054078478 0.291551765415907 0.172409433898865
-0.0253094828962061 0.17550515272892 0.229599394767761 0.0287037982109965
0.0800783018227619 0.118602240477906 0.183960849974723 0.0311221797204535
0.127231242201293 0.0782352214843422 0.196647730510202 0.0239676628896789
0.147982206980282 0.0395136581383864 0.211499047737623 0.0376303159898342
0.162570087076636 0.0314117054331795 0.242144757680263 0.0995182852345136
0.139758778814247 0.0843982144743493 0.200692756897672 0.193830138965483
0.088371608275924 0.144321849976423 0.0525782284007278 0.272738343595273
-0.0724985863712092 0.193107192919085 -0.112627186710076 0.211986892318869
-0.202540960992706 0.0923166538879092 -0.176934692873579 0.0587878932745282
-0.189790807945364 -0.113048883884299 -0.0418704120611716 -0.032109095752124
-0.071169638639778 -0.228142670584888 0.119265444430579 0.249846669360002
-0.0483158623469514 0.082839053982301 -0.202767783331105 -0.279738652870712
0.070137594832669 0.0782160664854379 -0.0453438984992974 0.023152387075352
0.104145320104447 -0.00169808619238552 0.204239608377509 -0.0403138185441652
0.0437377797369464 -0.0766486521791604 0.153539869815285 -0.240653155453544
-0.0310389561844631 -0.0597347863450456 -0.0472159967736764 -0.338582268012782
-0.0400869700489858 -0.0280926643555713 -0.240550732827601 -0.269132007773949
-0.0362610810205447 -0.0290151654937453 -0.298061606801357 -0.118926155798167
-0.0346495770986857 -0.024494314415313 -0.264039173735674 -0.0303470217171573
-0.0199178615299097 -0.0273574483846226 -0.243864773917742 -0.0275470729449711
0.00758717110697601 -0.023815700879935 -0.233374710897496 -0.0472247041813092
0.0389045242949018 -0.0166517276746175 -0.229594385221162 -0.0649956297673284
0.0627167811465252 0.0275710453609012 -0.228257290148409 -0.151507551812843
0.0302574692377173 0.10005692617877 -0.192515409671361 -0.278742738726487
-0.0569521409527931 0.101978452087941 -0.201219946966915 -0.324140652855206
-0.116847007581807 0.0551380447254816 -0.293852124920525 -0.328538240272346
-0.194694991997681 -0.0340968800388929 -0.146330065087123 -0.268797464611895
-0.0954523420669079 0.0504571777904713 -0.0150379649066854 0.0406152473114727
-0.0328475547278897 0.0827719082640923 0.262461218296973 -0.0263239380972329
0.0004244545694022 0.0604113020006818 0.218352102767188 -0.256354340542448
0.0258445519792555 0.0431814131730492 -0.0208741206612229 -0.380584722943372
0.0431635151251385 0.0286989566757983 -0.229560189721919 -0.296322839234985
0.0760630560007762 0.00318089285739799 -0.29808764730859 -0.137996342801254
0.0775992445070631 -0.00790945153922002 -0.257501948937099 -0.0264425522924818
0.091077509051337 0.00452674456786851 -0.236357256400893 -0.0157774658587709
0.0759253360518903 0.0579681600952984 -0.216228123535371 -0.0255562672709479
0.0565146691268351 0.0984841954766124 -0.218660568420041 -0.033901930189137
-0.0261074855591747 0.148421272722768 -0.230799179498293 -0.0998660595157503
-0.123791885088528 0.138459454590285 -0.210230763664813 -0.222576824673275
-0.202950897106785 0.0232961419968722 -0.233954847081761 -0.262568285973068
-0.242831382327151 -0.0926335187972281 -0.298301688898563 -0.276687050981694
-0.308337837308932 -0.164447368936489 -0.0622675373534703 -0.210609039784634
-0.261241905084971 -0.018805432927411 0.0353862832278009 0.0912958505175309
-0.201347248989123 0.142483216632109 0.332328062035467 0.0165801674883496
-0.0803608132930038 0.205152464261947 0.304572945936916 -0.243207030231499
0.0664285188051265 0.166669080556089 0.031168965115256 -0.399006214753956
0.118873961833773 0.100178492286764 -0.182857314583358 -0.303666125469203
0.176763648423996 0.0451765626747932 -0.255945804856198 -0.144652704542862
0.178917543311588 0.00801805025230659 -0.21175104897426 -0.020523769993722
0.190605670951608 0.0211351372004132 -0.188581353089698 0.00734492886714355
0.146572463354992 0.11055835399084 -0.168375851833654 0.0149624801369545
0.0988513604772063 0.181684993072504 -0.19192620240748 0.0263733430531393
-0.0605349408343381 0.263063624327155 -0.229908848071562 -0.0258978785765353
-0.228521901715821 0.207286198886606 -0.228695954231231 -0.149634782467615
-0.323644361720082 -0.00507487428954444 -0.246167487643829 -0.190793749598897
-0.347599168828452 -0.200913999206892 -0.264208829849739 -0.184857266434534
-0.36700816139556 -0.286342374924587 0.0370160489250297 -0.102649679169547
-0.392336500122239 -0.120672662915251 0.0956471729290376 0.173493775794229
-0.369746960590755 0.154681711670699 0.389291005757143 0.0934808782271274
-0.188934746355255 0.320272360701814 0.384950911232513 -0.18470348459389
0.0768725816121499 0.287309865916319 0.100693283220392 -0.374546038472648
0.172293245652796 0.172211585636665 -0.10624481995355 -0.277216931557358
0.249830219914209 0.0878709308648643 -0.177626566819317 -0.134698467814607
0.253368015407223 0.0222642893634503 -0.135022093936622 -0.0112270769512444
0.265452998563447 0.0243801614756984 -0.108893733160971 0.0298936044769107
0.206712205460043 0.131564614086958 -0.0939799841139104 0.0584174732286685
0.146624795483246 0.224407067213542 -0.141151169150711 0.0911211213509765
-0.0541735232031858 0.343652628069446 -0.207801292212206 0.0514459738714114
-0.277352607906137 0.27135318281062 -0.229033699831948 -0.0754149706205914
-0.396232597991902 -0.00368678276704303 -0.225618953988722 -0.1274482705698
-0.409231068521491 -0.264958933890519 -0.192213657880939 -0.0805773225049715
-0.358574302785107 -0.361870456278703 0.135300625097822 0.0394326954735431
-0.443511033375762 -0.22447467622182 0.151035523100662 0.272884316259055
-0.48277287243756 0.109271441809653 0.406503432660836 0.188843641256862
-0.29060254190929 0.363577525797159 0.428799130578844 -0.0851699782231336
0.0537938208532982 0.365066053909611 0.168505302823365 -0.295831654587329
0.192450827860726 0.220933553940878 -0.0146691188435447 -0.213919102955398
0.282440237174539 0.12120060215318 -0.0746647781952252 -0.10615255203711
0.289720259028934 0.0339523021669022 -0.0395979731945119 6.87970422536842E-05
0.300985541208427 0.0224922115132338 -0.0111877753931145 0.0476949084327183
0.23930789653806 0.130195435505254 -0.00404945767991972 0.0942691623309867
0.176435687855594 0.231510160216453 -0.0747763604600708 0.146011269146216
-0.0398140672883796 0.369605498287694 -0.169285711170519 0.115044470356219
-0.286097903217446 0.29322974455083 -0.212395920352698 -0.0152822127360911
-0.411201527362857 -0.00723860407273146 -0.180882960528468 -0.0849797591056439
-0.407553657225466 -0.295126249544491 -0.0956576881672573 0.0171954061614617
-0.287513427606156 -0.368273651267392 0.21493321660762 0.187670703826437
-0.398083364490974 -0.285034084308412 0.187913862605138 0.362007872326857
-0.490027328506442 0.0322784307044579 0.373061546365279 0.272131393674692
-0.335100617501598 0.323051461582333 0.415537127542245 0.026857751279415
0.016951697977573 0.36583440848248 0.212056252573 -0.181259448284551
0.17894129104802 0.227257614704399 0.0725594662365463 -0.127334583466208
0.269960125354752 0.129180256246921 0.0318948640779258 -0.0644131094515153
0.283478471503322 0.0395822985874016 0.0584126437460747 0.011343820114732
0.294049859027608 0.021644584091968 0.0880328216609471 0.0609395415902428
0.237700099968221 0.119192580083728 0.0853584309070944 0.122345267190798
0.173510514953685 0.215550480610292 -0.00853127148188835 0.190069856792324
-0.0392083059353858 0.346652853166846 -0.128843176761805 0.160167385522601
-0.275450844966085 0.261720954349947 -0.18999130549607 0.0247985881720268
-0.374480829704063 -0.0321497035704264 -0.126185865944002 -0.0606157697311924
-0.341044438814111 -0.299674151503245 0.00231108660412979 0.102546350147386
-0.172007584141836 -0.298102410536424 0.267355924480165 0.305793249339195
-0.276822153552661 -0.271535331139761 0.206844691031909 0.416351276098494
-0.388364460884311 -0.0292606083929665 0.307923806110232 0.314583439446564
-0.296151454463741 0.22638854164481 0.36099842658908 0.112835302929494
-0.00730126662577993 0.293809034551561 0.228076145114784 -0.0674309220867573
0.139325417680244 0.185724988175045 0.141031870413343 -0.0410212706194326
0.215942033911182 0.109599508114556 0.127194067203242 -0.0223000766106281
0.233449001618723 0.0379165210306623 0.146153893763718 0.0201505949249198
0.245610466695162 0.0220349218286523 0.176540090677886 0.0716312017141907
0.203691267514661 0.100832196285725 0.159258487635892 0.149462603101804
0.143354113925802 0.184382111904189 0.040785263968948 0.228544948702989
-0.0523667585554644 0.285318508267496 -0.103792238904978 0.192409733416359
-0.247828446729523 0.191362151463918 -0.17379434501207 0.0517737801646658
-0.29978565468143 -0.0703668469423929 -0.0782489932406586 -0.0441005672271981
-0.227785171586075 -0.277377763791783 0.081345959287393 0.177575384901674
-0.028458915366865 -0.170352768531067 0.287465167011674 0.363721914522868
-0.115775140718649 -0.190666698255282 0.217304699235254 0.416427592467995
-0.218139993208233 -0.0540228650088905 0.243835194091247 0.312059312172288
-0.188882100213093 0.112936957105284 0.298863777166445 0.156620936429608
-0.0154071298584131 0.173139704129746 0.228569396836049 0.0165991150586695
0.084606715915176 0.110671298138611 0.186368002152902 0.0195939136263131
0.130117834772022 0.0690521311800621 0.195182543274985 0.011179127330462
0.148003232342084 0.0295594480628727 0.209883640998 0.0250948087064152
0.160876074318274 0.0199427113985626 0.2431381748924 0.0832213559929491
0.142685778672511 0.073970314312644 0.208726135278381 0.177771483863302
0.0952039737214384 0.136967705371131 0.0672451148897695 0.267105731372701
-0.0603822607606595 0.196862760673812 -0.100555654471604 0.216691687501193
-0.193490717411098 0.101878615073233 -0.173416147471121 0.0679657505990044
-0.192049078272791 -0.100381990845461 -0.0438489969918569 -0.0302770445635555
-0.0837499836147838 -0.220194726285125 0.131879112523359 0.239794554759457
-0.046852042810597 0.082612522150295 -0.209900968221376 -0.270797575987637
0.0713873224363582 0.0752951419018727 -0.0450231192520521 0.0243130337041869
0.101898237115887 -0.00225588880425698 0.205068531031762 -0.0463744274201785
0.0412206931901289 -0.0768342238336328 0.147098022479181 -0.244241744621899
-0.0317857532500242 -0.0561437693080513 -0.0574451231223955 -0.334984210102153
-0.0409394297158979 -0.0254450430226861 -0.251647935902272 -0.257149900123269
-0.0381377960751677 -0.0279697376693147 -0.300183681837856 -0.106458172487444
-0.0345460139218248 -0.0229397519666086 -0.262686236920758 -0.0215645870395248
-0.020399053118553 -0.026324902092383 -0.243488646734145 -0.0166457180189895
0.00693375982738005 -0.0238021447786532 -0.235601941021975 -0.0368718336576637
0.0383968780857175 -0.0178633496509968 -0.230906772191496 -0.0571185558012637
0.062381487337899 0.0258222757454634 -0.230068498194999 -0.145819256489428
0.0327994663293207 0.0986495022263046 -0.200343867933406 -0.275170024685181
-0.0531874829930572 0.100068451974772 -0.208371350328007 -0.317977295362113
-0.114202887001537 0.0561552629348559 -0.300859938970359 -0.323429982535868
-0.19627661819522 -0.0284996867255772 -0.15208628323702 -0.262993778260097
-0.0943225410498697 0.0536810341400968 -0.0141930793078075 0.0412861687618685
-0.0319608817074747 0.084763121603453 0.262789916401985 -0.0327308350576816
0.00131787777596286 0.0617792070277727 0.212368671244962 -0.261185590195469
0.0278589445062197 0.042712788835917 -0.0336269274509357 -0.376577705056937
0.0437546547038609 0.0283521706064579 -0.240664650608094 -0.285946132235043
0.0757422489795332 -0.000923895544985814 -0.301496950727261 -0.12450843779745
0.0779592245489741 -0.0113799858768872 -0.254991595246538 -0.0186609345287959
0.0906278467666133 0.000669795664894664 -0.234897891524849 -0.00419329647440534
0.0783965033376012 0.0551901729940423 -0.217280787806613 -0.0159711543783884
0.0601469338948467 0.0953550959361993 -0.220118146376805 -0.0253577100391478
-0.0212327098981051 0.149885906439315 -0.231481838198697 -0.0936007608458534
-0.119416403631838 0.141908342373163 -0.216317588658032 -0.217962278384545
-0.200747164407464 0.0272729603072773 -0.238890239823825 -0.256269022715075
-0.244570990918855 -0.0867183218424936 -0.304899672108329 -0.269502786329499
-0.312473508359112 -0.155232675878542 -0.0662298771974147 -0.206324634675364
-0.26258001527435 -0.0110520881628382 0.0377437332028564 0.0904288098462109
-0.197222154793194 0.148458844912762 0.333466375083166 0.00916148364237595
-0.074505695235655 0.209223660662166 0.29885515953141 -0.25056444344183
0.0712595315258166 0.164508089949053 0.0184702829129249 -0.396438884081006
0.122077343322565 0.096927015189203 -0.193979615149371 -0.295570934969661
0.17818209277951 0.0365468869480635 -0.260002142889438 -0.132903110703275
0.179091534719109 0.000784248602110023 -0.208368927822803 -0.0133325515046563
0.189319726491492 0.0132016667716943 -0.185814825034776 0.0166831716732706
0.151605561544004 0.10487948908083 -0.168029320555523 0.0226349253408137
0.105336171290125 0.177768757397213 -0.190449115589043 0.0340887346706818
-0.0510782865442875 0.266534921537472 -0.22869386480241 -0.0182194847015112
-0.220993085299629 0.214026019370109 -0.233153592614609 -0.143434017309418
-0.322135105175826 0.00358405826156172 -0.249267321985363 -0.184141754215686
-0.352466219849372 -0.189842841072306 -0.268145271266184 -0.177135014238978
-0.374716956275358 -0.272216901034564 0.0370480409717281 -0.10211839289627
-0.396523066909566 -0.108312385563795 0.100477872185756 0.170701662077847
-0.364838332051612 0.164856182942593 0.391559891316232 0.0856135113230611
-0.179320376507936 0.329392653433791 0.381660623046737 -0.194409735284469
0.0851504784949432 0.284117349168499 0.0871700995531456 -0.373096848128888
0.177815237034931 0.16661203807213 -0.115619548135926 -0.273007073275376
0.253053265069574 0.077071999465339 -0.181234042520488 -0.125880588896227
0.254238781031719 0.0108581964677433 -0.132298338674114 -0.00680898539120323
0.262591955806318 0.0134022160922441 -0.105731895003945 0.0360286086117387
0.211347499499409 0.123621604715858 -0.0914142110271726 0.0623008376698064
0.153999719405212 0.218167299887487 -0.137602343969855 0.0973173872632559
-0.0406787861103814 0.346448038500075 -0.205270283798719 0.0585203480722131
-0.266560103457406 0.279650025138437 -0.232422625997805 -0.0695025501778683
-0.39402483434662 0.00805763824974893 -0.227477929197623 -0.121566335588595
-0.416074019906197 -0.251787157070735 -0.192705974916332 -0.0751459311862416
-0.366923980868934 -0.347820685036238 0.138870793752393 0.0371111399037322
-0.45072996298182 -0.210587236702308 0.158274611177185 0.267744571528794
-0.477857559804032 0.122626945710103 0.40974869097862 0.180862867328638
-0.280097592233012 0.375377298552032 0.428202237271969 -0.0954199693928027
0.0656344520218991 0.360259160166544 0.156974949373229 -0.297044279498336
0.199199086222669 0.213987529038638 -0.0207407710963535 -0.213850152782452
0.286899476516126 0.107498761687964 -0.0780777621790709 -0.101602441429568
0.290193593171727 0.0207550761360424 -0.036791315738 0.00167268551857271
0.298661058870015 0.0102563389496758 -0.00895703063043839 0.0502037446612139
0.243909663645503 0.120555501661862 -0.000557688680041002 0.0936753020114134
0.1833952700605 0.224711298797026 -0.069340568508661 0.149921157759514
-0.0263296974034214 0.37141881555017 -0.164642808208715 0.12174801692937
-0.274149704848132 0.301063467357221 -0.214047497867717 -0.00908354902923417
-0.40808575641639 0.006323762788425 -0.182155563354923 -0.0801578169160398
-0.415335780480632 -0.280474998432665 -0.0935559640862921 0.0198343291942898
-0.295885727328602 -0.356397010161954 0.221749783689556 0.182406439524795
-0.405440147501775 -0.273273908237729 0.197237184058093 0.35671660884972
-0.486739891076476 0.0458430017791619 0.378224541944063 0.264749621343242
-0.325586810345904 0.335523072124316 0.418495429082342 0.0158806415516341
0.0299891114481974 0.363194638202668 0.205183899546437 -0.184896648578176
0.184310393688172 0.219658800661556 0.070422348680569 -0.130092357355824
0.27379541765148 0.117133063686538 0.0302935352597992 -0.0652690562520254
0.283123256239131 0.0277972892111504 0.0598762810228955 0.00888940161439509
0.291565982936556 0.00963488956635101 0.0901083842597173 0.0586900676032673
0.24135060069428 0.109292971906987 0.0888042562653464 0.118090191494932
0.180199805521886 0.208597630371126 -0.00196861838435462 0.191252685897199
-0.026254220898138 0.347824171776023 -0.124429550713489 0.165493797599108
-0.264066887849526 0.26938323108507 -0.190087128109534 0.0309601314842656
-0.372744945166115 -0.0197404780641497 -0.127610603781613 -0.0581004144523762
-0.349705228345873 -0.286255650471267 0.0054689516883728 0.102314374247761
-0.178705285267596 -0.290800499851062 0.276518128064724 0.299049788512208
-0.28399275541574 -0.262208575055699 0.218131122725632 0.410039623377201
-0.387112319862699 -0.0190928431181674 0.313499905202733 0.308714278835336
-0.288812829589301 0.237335978784527 0.36591394927699 0.103483899282195
0.00246321522139596 0.291351532480443 0.224356240306876 -0.0720486792441742
0.143596536418625 0.179426350752907 0.142276179257109 -0.0468173271821711
0.219098031679736 0.0999328139989386 0.126101831171244 -0.0266479146423996
0.233642373796983 0.0281846528444769 0.145935257313582 0.015181198376768
0.242969659906016 0.0113501408826087 0.177147215808151 0.0650407868062496
0.205887214865927 0.0925448248858134 0.16328328325952 0.141413380565239
0.148574797959192 0.178278633901003 0.0475723889221195 0.22705470517879
-0.040857966578064 0.286999145581411 -0.0982551996144278 0.19594878954753
-0.239567493492239 0.198223254941985 -0.173556167287936 0.0575639579002776
-0.299030711899805 -0.0593938554138526 -0.07967265546132 -0.0428279081147785
-0.235362703423319 -0.267344269449221 0.0870295385782569 0.173951831702533
-0.032964287082332 -0.168072466538444 0.297190006565326 0.356598774404816
-0.121327722141949 -0.18712020035446 0.226978437711032 0.410318565391887
-0.218898383363125 -0.0478895896293976 0.250155528663517 0.306541181589484
-0.185225992872725 0.119653279838335 0.303802962737358 0.147879736820994
-0.00867271225325904 0.171744290628912 0.229024241966103 0.00935952117659824
0.0853963393187346 0.105489798913871 0.189738842799763 0.011966235971854
0.131267367894214 0.0635303788104348 0.194805577203736 0.00241396038631767
0.148516096998979 0.0228317737073852 0.207983816960349 0.018388394294096
0.159973236853055 0.013737327807397 0.24182245800178 0.0737940556066086
0.144184968482585 0.0679736384212132 0.212949861661051 0.16721917530178
0.0985926181849523 0.132865105750055 0.0746671747032535 0.263881301114688
-0.0528098739638967 0.198666103316133 -0.0939866153656187 0.219908393634211
-0.188679763599308 0.107241446342116 -0.171476588533342 0.072981429415336
-0.192050658543177 -0.0929392719776957 -0.0449446707283417 -0.0300504957145927
-0.089582594474531 -0.215373239747885 0.138962258274937 0.23436974647611
-0.0476002677727931 0.0839565934850895 -0.217866350448751 -0.270126590992695
0.0725535127065703 0.075081630270143 -0.0464463457080566 0.0270252003126023
0.102840720435554 -0.00221375480453552 0.208788897253111 -0.0508690846681698
0.040185608522991 -0.0781500210417367 0.146413067586681 -0.251258206906393
-0.0319327366724071 -0.0552901443043276 -0.0655784256585632 -0.338539116401024
-0.0415986218287308 -0.0231647095036164 -0.263449745799564 -0.252684195445597
-0.039228655171531 -0.0276560502224727 -0.30811187619259 -0.0998071586813853
-0.0349443050707665 -0.02267920790171 -0.26624817423069 -0.0163797733436174
-0.0201887519421931 -0.025901395873373 -0.247253111121159 -0.00842842142432832
0.00727619399997453 -0.0244525736477715 -0.242131078047256 -0.0289700901385269
0.0392542862503149 -0.0203468067725408 -0.236272648507312 -0.053744079334781
0.0630957661641398 0.0257135196838189 -0.235785559114028 -0.146449081276485
0.0352479675886466 0.099337791264515 -0.209989567271323 -0.277933437619641
-0.0524958016338171 0.0991563388381071 -0.215347805953497 -0.320388187206925
-0.114932385993395 0.057100504353556 -0.31202684659287 -0.325670236122102
-0.201220116612609 -0.0257817789658765 -0.157743810761932 -0.263389319699002
-0.0958824393255563 0.0561162310364203 -0.0147688889639115 0.0426877425846356
-0.0317144886942179 0.0886505293640312 0.268884193147399 -0.0379363584130803
0.00246917513311875 0.0648028560273017 0.213455010671724 -0.269824801558377
0.0300857793042306 0.0438898153188202 -0.0425583771775143 -0.38083746242888
0.046521956280152 0.0297388666340992 -0.253557530719045 -0.282854263400508
0.0768930842032379 -0.00403319021420134 -0.308325343761258 -0.117172413664371
0.0801690284740206 -0.0152226513582306 -0.25722239761035 -0.0123450137524118
0.0916092166375563 -0.00182128602479594 -0.236884836392918 0.00439386046527444
0.0825473951137644 0.0544744689450185 -0.222493444540016 -0.00878435216671128
0.0641931233500029 0.0945736001308381 -0.22462940562688 -0.020186642674343
-0.0187298537905334 0.154278326765869 -0.235776014038738 -0.09216736823476
-0.118481534437747 0.146516109307451 -0.224647687356044 -0.219922666740175
-0.204407913969234 0.0279796815640207 -0.246575068279103 -0.256921640107096
-0.250773848109519 -0.0859036565198637 -0.31512337440935 -0.270095344236258
-0.320046197653463 -0.152163729520864 -0.0679679207483277 -0.20833321265962
-0.268092579814387 -0.00594544162545432 0.0389135448689876 0.0916849484681798
-0.198747521162873 0.155870026510481 0.34113140021123 0.00555733602088537
-0.07221030408942 0.218368313942369 0.30267189215405 -0.259555464863321
0.0771443116126464 0.166471760485963 0.00959611283670444 -0.400413808272614
0.12723183509414 0.0972559958505183 -0.205231180490587 -0.294261702232037
0.182895690584239 0.0309691983413745 -0.266101601523162 -0.12615624693633
0.183395759673249 -0.00645738361588025 -0.209965519173717 -0.00914081075482717
0.192154993919013 0.00842463016014817 -0.186471556157268 0.0242403479116416
0.158063515028869 0.103358405062974 -0.171075121180835 0.0285707214272035
0.111596808102383 0.17735833966983 -0.193685695666564 0.0400725243416772
-0.0449700665589851 0.275061781610118 -0.231926793661469 -0.0140178668656608
-0.219882435060087 0.222434494346415 -0.240778595513735 -0.143577506994597
-0.327677296277599 0.00777548467572231 -0.256105035673647 -0.183787791583018
-0.36159856904975 -0.188134213132814 -0.275622478502519 -0.17674989069578
-0.384772548225065 -0.269372756302595 0.0388312862511994 -0.103933158300378
-0.40570266447147 -0.10220529881606 0.104069656591998 0.171757177324548
-0.368137152492749 0.174945593118544 0.400168321056356 0.0830310786262098
-0.175890328219017 0.342946688718307 0.388972600980725 -0.2058471413922
0.094437713936693 0.286665689599488 0.0811106037229786 -0.378643768269911
0.185231369914538 0.166078646998195 -0.123849750814373 -0.273498427993247
0.260174440122112 0.0692797986810424 -0.186873512726753 -0.121045771731152
0.259511233719845 0.00271874581354628 -0.131521932518479 -0.004206727668459
0.264951291904497 0.00653910836861218 -0.104973333956336 0.0419885899375772
0.219554359022896 0.120444802252949 -0.0922486709050959 0.0667059589399623
0.162322548388746 0.21775380269835 -0.138342406268725 0.103855670812607
-0.0325060597013408 0.356245229497671 -0.207008225312814 0.0650494406798174
-0.264128771192755 0.290571570540857 -0.238862609002613 -0.0671677303866507
-0.399753986007695 0.0150309686973195 -0.233123805431367 -0.121356980433531
-0.427807427731176 -0.24872549346919 -0.196909612350556 -0.0734835760961543
-0.378636130391207 -0.345921837048189 0.144457335554392 0.0356824720921687
-0.462730048602262 -0.207311426150534 0.16527164166186 0.269739137684621
-0.484290022775757 0.133824164143239 0.420594168547457 0.18023781342812
-0.276391683026203 0.392420314915352 0.437484331975164 -0.105815500039175
0.0747937649424924 0.365170999940641 0.154165055229 -0.30134992255708
0.207106814743301 0.213955438057949 -0.0245034087974191 -0.216999226367106
0.294295570827102 0.0998982265933371 -0.0811566306148848 -0.0995351299128466
0.296684967932252 0.0116361692050486 -0.0356196124381354 0.00124812289518518
0.300493747380492 0.00137640787456573 -0.00622417601876956 0.0525781597289395
0.251875040534871 0.115777253459299 0.000620645903297862 0.0952865414857635
0.191058852782148 0.222767755979675 -0.0676663808708144 0.156046662864574
-0.01621432803867 0.379977068658041 -0.165420579189581 0.129183703280091
-0.271368498670731 0.31267497569555 -0.219108660375724 -0.00552741870580325
-0.413340431093746 0.0146201468948589 -0.187452940917115 -0.0798690978167158
-0.426980947081068 -0.276982973519534 -0.0941376261363314 0.0213393395788676
-0.306519264208372 -0.356338939633739 0.230447691716228 0.182310548215934
-0.418676861355896 -0.271403784042414 0.205916387139666 0.36038215351353
-0.495092491711828 0.0549282620564859 0.388639502684914 0.26644786222238
-0.325572594761135 0.352163768907935 0.429334475931724 0.00851824942213893
0.0379887793960624 0.367429637706944 0.205517728436223 -0.189370620244334
0.192089285629711 0.219169181826824 0.0705076184255356 -0.135020161394687
0.282900731241615 0.110290133891178 0.0291321539796519 -0.0660725316977787
0.289060292635575 0.0186328247365293 0.0621245468647145 0.0071410226027439
0.29384788515844 0.000583907036699507 0.0930683402735787 0.0580011844840318
0.24839881425707 0.104492187668868 0.0917967978245439 0.116666098850221
0.186957198204519 0.2065160827291 0.00129204606825151 0.195788476146116
-0.0174908751506477 0.356069987868452 -0.123394678130573 0.172743894686528
-0.262155949939088 0.279146722584997 -0.193836310729099 0.0353144266398006
-0.376439560799144 -0.012102702049136 -0.13197569644053 -0.0579075151473948
-0.361653461453693 -0.282961123298052 0.00886072843563633 0.103027005704718
-0.185767205019608 -0.291897443632817 0.286825533824246 0.300914398324179
-0.293994969894991 -0.2623442500666 0.228489703121306 0.412734205324336
-0.394153761000961 -0.0117917099219718 0.323852339286999 0.312056880984913
-0.28927903911088 0.250764730670936 0.376294937900905 0.0982583578590523
0.00927195327926627 0.294816172608188 0.226733131348209 -0.0754398556810642
0.147969020186955 0.178574838930527 0.14626883874474 -0.0518597328943393
0.225826014971712 0.094391466983908 0.127638130419375 -0.0306421816555219
0.238729562762459 0.0212323665388183 0.148731075271199 0.0118950360378989
0.244475464337529 0.0050143749742912 0.180916997143758 0.0625586219400069
0.211577098908202 0.0882785688199964 0.16756081692497 0.13776404661127
0.154136488720385 0.177272070402724 0.053211137004425 0.231536001798922
-0.0338871504917361 0.294013364981021 -0.0964208425412577 0.202674511649521
-0.237565427244317 0.205103503068564 -0.176474610793383 0.0616351030429282
-0.302338701163232 -0.0542821334362888 -0.0824003666796094 -0.0429015113840761
-0.245710156009728 -0.265974936674988 0.0927539048478319 0.175429428021258
-0.0355541188064614 -0.17028912224533 0.308801583058908 0.359915198436938
-0.127675493077011 -0.188069660935276 0.237684199625348 0.415222952188502
-0.223157856109942 -0.044523576438088 0.25876560922966 0.31063969539693
-0.184852120120426 0.126714294564256 0.313221911468571 0.144110031442036
-0.00518071242842554 0.173469475235692 0.232815379349149 0.00603849060897861
0.0866609526482849 0.104512374189097 0.195657358647128 0.00651340530021162
0.134063183928957 0.0603460143595161 0.197937518437769 -0.00309928441146816
0.151810910039475 0.0186615824249861 0.21026293605302 0.0139852654699826
0.160406164079618 0.00967816337499804 0.245634799381422 0.0690501479028906
0.14821673536137 0.0647592154405504 0.217791177715733 0.163249718205192
0.102956739126989 0.132249732013915 0.0813873423889495 0.267021666741549
-0.0486740297150308 0.203863286039274 -0.0915117578698064 0.226529465453549
-0.188288263186049 0.111714075812114 -0.175014917034815 0.0772795869590082
-0.194788415688908 -0.0901308000346991 -0.0469223544641603 -0.0317072572572089
-0.096634646410206 -0.215607320238983 0.146652647415165 0.234693584654454
-0.0489777966639163 0.087971687437392 -0.233065042455287 -0.273777767995242
0.0764331066131695 0.0750381547957314 -0.0496303626531361 0.0314953011867821
0.107373690479637 -0.00286886041114704 0.218256383563809 -0.0584803203225114
0.0397107149712083 -0.0817257571984235 0.147343187975034 -0.265996354817126
-0.0339397571213714 -0.0548689548013559 -0.0785454958688575 -0.349936205751336
-0.042242893253525 -0.0215780652789867 -0.285667128887337 -0.251217773522774
-0.042176998889274 -0.0272112203999892 -0.323632321346182 -0.0918667440621324
-0.036351786737789 -0.0230619756988097 -0.276482262383452 -0.00844604404673988
-0.0211112772566189 -0.0260432304801762 -0.257201336967251 0.00060881926642869
0.00745812904951728 -0.0259408299060308 -0.254436181403774 -0.019769292045903
0.0403457344524136 -0.0225419747893192 -0.247694611324426 -0.0487016876718534
0.0659697557223805 0.0257094458651668 -0.24910295548112 -0.148148192274998
0.0398736555679698 0.102123590554726 -0.227825412820067 -0.286020078536405
-0.0535137770213081 0.101093063202127 -0.230003957331371 -0.327963832722774
-0.11946021537178 0.0613722459855311 -0.334511752192509 -0.335109143562275
-0.21104150513583 -0.0220470362161942 -0.169403642792645 -0.269567379917419
-0.099547747041034 0.061221100436989 -0.0159228992730833 0.0465584300185501
-0.030305517204143 0.0959976853743532 0.28053672766237 -0.0455599512955458
0.00435746280688794 0.0704544474869413 0.217675100793842 -0.287443406435428
0.0337334478277285 0.0459765145840947 -0.0552886486832482 -0.39416043335516
0.0509050353465642 0.030439793092778 -0.274540251227962 -0.283394807435531
0.0803353539291686 -0.00771543176657048 -0.323990155265418 -0.109097342749151
0.0835516025571507 -0.0201926237934561 -0.266818447929765 -0.00569824227132362
0.0957232217170571 -0.00541562198983016 -0.245282117856928 0.0149234291320096
0.0891815263529177 0.0530968805528236 -0.232899328729286 0.0014611310527073
0.0705088234357421 0.0965785258600511 -0.23488624332676 -0.0134699503525613
-0.0145896334336376 0.163577111842669 -0.247924066130642 -0.0913516902278822
-0.118339630478093 0.156663246932294 -0.241856054212055 -0.224960134181227
-0.213070027680014 0.0317230320671156 -0.262477591567051 -0.261806600055175
-0.264595050687531 -0.0837115086038429 -0.335188572093807 -0.275861937104929
-0.337879732517139 -0.149623859141131 -0.0748535096430573 -0.21583739535502
-0.280686401329242 0.00112259333681284 0.0414015252797814 0.095463269223895
-0.203624044332628 0.170029561425466 0.356826004583091 -0.00149227001756765
-0.0682193988037359 0.23323880009031 0.311632122053319 -0.27948606355896
0.0869562756997502 0.171343517986576 -0.00119661710002835 -0.415396092790922
0.137318926195613 0.0990984236383101 -0.223774773589736 -0.298035655440838
0.191113860623293 0.0242079776734086 -0.279728770131282 -0.118992071615223
0.191391967794105 -0.0152254630110952 -0.216765318503806 -0.00403259079976893
0.199170662566419 0.00137448284207964 -0.191242681305727 0.0341805177149249
0.169273019681891 0.10192695749764 -0.178355481524122 0.037860336103089
0.122520655008539 0.180569776829847 -0.200780665349846 0.0493146304564437
-0.0369276648246582 0.290003739586903 -0.241816418241346 -0.00922465650079548
-0.221953121745476 0.239092370690215 -0.257327255985754 -0.145700143613634
-0.341951158142552 0.0146583244314679 -0.270513762118135 -0.185898859441414
-0.384314433173222 -0.186639322322361 -0.29138098293963 -0.177607750068826
-0.406861547980841 -0.270718692549475 0.0392143422453575 -0.110364628995435
-0.426431967740429 -0.0962669694467218 0.111740251816838 0.176093490214463
-0.380537570176534 0.194496781825871 0.421879226754781 0.0786670703169097
-0.173404387801384 0.367673426746016 0.403343913495445 -0.224684362072144
0.107242498355706 0.296591143424307 0.0748359469552974 -0.393397863479224
0.199809061433901 0.169073407589661 -0.137829084289992 -0.28148968440505
0.273406927566761 0.0612604401770105 -0.196854771969904 -0.116667323528643
0.271120832561168 -0.00910943770565062 -0.134892202795771 -0.00209240219211126
0.275041203638705 -0.00300738014496317 -0.105382671136506 0.0490265127778591
0.23429225657077 0.117289329656976 -0.0951541336717906 0.073506949706188
0.176399163616619 0.221133766335546 -0.141365050363612 0.113992212277441
-0.0204538558162618 0.373957516688711 -0.213183648572812 0.074219154094764
-0.265733401896412 0.311563234106829 -0.252742050947738 -0.0650458905978435
-0.415325497431638 0.0258565179788355 -0.24616414729129 -0.121340884002114
-0.453957639786656 -0.245586561162403 -0.205004400443789 -0.0719230570857859
-0.402609680453475 -0.351912639479728 0.152961249715055 0.0331731089502848
-0.488213665459252 -0.2034566176403 0.177431050113358 0.277000518809464
-0.501297915848432 0.153292918870832 0.444164262102001 0.180646799623674
-0.277047728577817 0.42315011652127 0.456819602039907 -0.122952571726037
0.090136575215589 0.37733496534581 0.153061138345603 -0.315707973410245
0.223903952148488 0.217162232640299 -0.0308043480203618 -0.226092992274232
0.310711612925571 0.0916423750084103 -0.0866315367468685 -0.0984953564007001
0.310104556093785 -0.00111842609631451 -0.0354148250781501 0.00117020540197692
0.310639311385922 -0.00945048191887542 -0.00348096342527959 0.0563382256334948
0.266628933963955 0.111913822873008 0.00305247111232063 0.0992688412317915
0.206047787464065 0.226154954928842 -0.0654037671854283 0.166641729670533
-0.00280321147483096 0.399319179367936 -0.167779369731114 0.140041195912727
-0.272042287149261 0.333708904339664 -0.231137269046593 -0.00159340172818203
-0.428529022354682 0.0260335074023247 -0.196666608774679 -0.0803446669218462
-0.454079832948288 -0.275465302356111 -0.0955274585045283 0.0246131280382243
-0.327878539368394 -0.364136882970343 0.246078467497539 0.184799315991075
-0.444617423907308 -0.273132100778239 0.223155033091429 0.368976556335764
-0.515043469239124 0.0717876052162364 0.412258725672771 0.270436397463135
-0.328403322172929 0.381710372892548 0.451627755675519 -0.0037793823280138
0.0522011548916441 0.381030704251972 0.208308442323971 -0.200607945571453
0.205548471290114 0.223194531881038 0.0718680780904451 -0.143796676353794
0.298553519030454 0.102891035093423 0.0294942759764677 -0.0677687593065284
0.3027240431982 0.0071877660116606 0.0659725310935513 0.00403050951643839
0.303056122653018 -0.00921448461436029 0.0996612661925537 0.0579060754895284
0.262402128148898 0.0998701986644294 0.0976389668530504 0.117603415870184
0.200901724337745 0.209255591224068 0.00744757663052568 0.205900710729284
-0.0053101081237777 0.373028102158906 -0.122942179915342 0.185287009147957
-0.263231660057011 0.29879915712332 -0.20366528022253 0.0411310783612692
-0.391378809204842 -0.00228410600261768 -0.139633873391656 -0.0581799534411954
-0.385472359484364 -0.282551160724245 0.0135252441894075 0.106983509116438
-0.201292039167375 -0.300075315882645 0.306859834209806 0.308006800574515
-0.315006483139538 -0.266106678400568 0.247795870208445 0.423894737166735
-0.41184137155075 -0.00193528360274939 0.34440275220104 0.32006267032909
-0.292900937959731 0.272132438022038 0.396179457867307 0.0913463704854816
0.0190327249077677 0.305999770974989 0.235128617082387 -0.0841639337107558
0.158058165049826 0.181570986167517 0.153716727803293 -0.0603711455667306
0.238303390826398 0.0895481214843286 0.132294154429378 -0.0356754821726184
0.250100749167598 0.0113678476914009 0.155019177192727 0.00691321892728617
0.252892676754431 -0.00383670759954786 0.18953471703718 0.0593720658072552
0.223650435448224 0.0836990066132378 0.17668354413265 0.13716143938924
0.165531047244602 0.179279572731931 0.062254654092203 0.240943860843361
-0.024842996031306 0.308563470462188 -0.0953031675138218 0.215473254291234
-0.240266732063428 0.221458919752381 -0.183458777438275 0.0684258528928435
-0.313803920055446 -0.0477507873087795 -0.0879629766581663 -0.0446252603403319
-0.263932589901169 -0.268259318378887 0.10284855672996 0.179363481011321
-0.0419239431905024 -0.177735232988284 0.330560284481767 0.370414156175476
-0.13839109463934 -0.191957073112797 0.257242649623742 0.425352707093965
-0.232932354597323 -0.040274279088273 0.275547689679512 0.319370030227193
-0.188617729507982 0.138629876654457 0.331357717942821 0.141105264094382
0.000638940566429052 0.179856395994786 0.24332891215786 -0.000184776088373215
0.0912266293333676 0.105921534932281 0.207067379963151 -0.00135532627244367
0.142268204479391 0.0581097834293663 0.20592705003835 -0.0112606258261943
0.159049863236033 0.0135675221530719 0.218568620648424 0.00799050059427962
0.166516631204189 0.00408666901895488 0.256575401524758 0.0639809083692738
0.156425721446895 0.0626402424133263 0.230162389763834 0.160748901552845
0.110235883802572 0.13405910109208 0.0923773657145873 0.276957131307349
-0.0432847072514677 0.214431548373332 -0.0900207741318822 0.239595938166876
-0.191042765923617 0.121808450027531 -0.181204586234213 0.0844172695925597
-0.203054229062077 -0.0881968380572334 -0.0506888184253006 -0.0333918630429817
-0.107632830334466 -0.22008152909792 0.160386173874169 0.240424573313772
-0.0439152634374651 0.0986341806809377 -0.274476565465852 -0.268599325796792
0.087213241847886 0.0657872876001507 -0.0553537513099477 0.0458178081208711
0.110984328763681 -0.0216161169488641 0.22204758569162 -0.0735799278632551
0.0274650484370146 -0.0936849117471617 0.133630722554307 -0.287657360407922
-0.0458210184745882 -0.0543353522159788 -0.117238611058643 -0.3588176714272
-0.0509899073986867 -0.014109515867649 -0.322621711777023 -0.227640383870648
-0.0507893890236342 -0.0207478976503566 -0.342937649981224 -0.0556253810581897
-0.0414679181015513 -0.0185196482205264 -0.288984259282828 0.0247126980566972
-0.02465470183796 -0.0241394813698133 -0.272187501880842 0.0337523582795225
0.00662212874397122 -0.0298583502928024 -0.275645667961743 0.0115041841769356
0.0400474057830917 -0.0316899315209444 -0.271573110458171 -0.0232461665616519
0.0769405611738941 0.015468262902173 -0.286960958830161 -0.134650565289392
0.0615736849714934 0.0980956926521511 -0.280675814174773 -0.286253358658848
-0.0395874067562355 0.108668036832848 -0.274675938456281 -0.332823930510934
-0.116603204466178 0.0727914187101582 -0.378671621579586 -0.329900876376931
-0.224839751014204 0.00963126323513613 -0.197723368507736 -0.281776875955722
-0.0940960591904092 0.0773679815092661 -0.0167749214817125 0.0464579355326613
-0.0152582542481365 0.101326127379872 0.281505793177029 -0.0794199156078136
0.016301462507469 0.0682100795559279 0.193376156225976 -0.323317325568454
0.0363791542194168 0.0384078457241403 -0.103997976742584 -0.400653758551955
0.0520466138384612 0.0273608292814181 -0.319216509229086 -0.258613849647214
0.0792199688772093 -0.0208414291886694 -0.352012948892302 -0.065658746036839
0.0833551820938638 -0.0307785236768856 -0.27696930604619 0.0265088115157571
0.0983466266604746 -0.0197676082264925 -0.257774567414775 0.0475161410958842
0.102205607549511 0.041467240889653 -0.252936137460189 0.0322787590212221
0.0864556307340707 0.086664830524789 -0.255957631554482 0.0127293703402074
0.0120251093741588 0.170497286124887 -0.27930886430965 -0.0781391667955099
-0.0983593150420913 0.176110061610634 -0.282937979814977 -0.225475690117559
-0.218076236032264 0.0536050802394163 -0.295302585048102 -0.249039812999633
-0.290950283394956 -0.0658975689458824 -0.370342831341424 -0.250957076010511
-0.370368704363515 -0.103110210283234 -0.0837320053099119 -0.244015966526826
-0.286388172533279 0.0401654694229047 0.0516800162172984 0.0797173875154697
-0.181374936813139 0.202644902568017 0.360513189642271 -0.0570796435071994
-0.0317157128083905 0.248019204925533 0.279464148299135 -0.335310713457685
0.107850047508749 0.159394200835898 -0.0585418284296756 -0.424858740456275
0.150268914351559 0.086159678230555 -0.271463712997217 -0.277003805035404
0.200707891260929 -0.00625351730999711 -0.314453350042127 -0.0780983045047594
0.19512247838329 -0.0391981019786412 -0.223239771432919 0.0240229549098385
0.205542123965187 -0.0273267242821159 -0.197370079583922 0.0606744142132818
0.192259120145002 0.0799792574278584 -0.1922389071049 0.0642097642999222
0.151004192888637 0.167092352957966 -0.214205158339655 0.0761753261671328
0.00651713804801435 0.305011236968191 -0.26546031596667 0.00593588339933671
-0.195623497252149 0.274831630537151 -0.287755761514765 -0.143141859791103
-0.357786414020444 0.0513198495034702 -0.290835094222468 -0.161186042472813
-0.431529037079948 -0.16199532931029 -0.311328679164744 -0.140035223524623
-0.456277420989814 -0.217591601928929 0.0544905351472116 -0.148930469284441
-0.447245142499971 -0.0396464168072126 0.139654898210009 0.147723587402436
-0.357721839242208 0.253943283020467 0.433965608333258 0.00513706639029229
-0.116459991950338 0.402738760242172 0.372079423933743 -0.299758113736354
0.147214865501613 0.283908880481158 0.0155506981221369 -0.407481879603813
0.224280361269653 0.150074500045706 -0.182457947831884 -0.266183487215222
0.292439731146603 0.018739548630246 -0.233417382548812 -0.0826333448679657
0.277932758261499 -0.043199656403327 -0.137664244635004 0.0171106294465344
0.281493272370939 -0.0433152301101643 -0.10459793270855 0.065787399841149
0.259898954268551 0.0873401067199537 -0.100046140065968 0.0924510329987656
0.210059331325895 0.201547708548058 -0.144310425488456 0.139553769853233
0.0341094558217121 0.389516445944002 -0.227529354336686 0.0915461123708765
-0.233058363274904 0.356772466513087 -0.273075673985191 -0.0608457180183506
-0.435658749952625 0.0730389363522314 -0.25417070111066 -0.0926137403903808
-0.515148074458343 -0.216069759348153 -0.208725922194596 -0.0275728471825073
-0.460013312185621 -0.302245434845153 0.19145669087232 -0.00862748026007644
-0.524669569639728 -0.141128202906984 0.224978000153684 0.241927528249932
-0.488119407879295 0.229246309953116 0.472130604511593 0.0980439255155057
-0.213091162741176 0.474998073163274 0.435098431567919 -0.208520633090003
0.143073076926739 0.369273387329519 0.0990371183198148 -0.336052656550326
0.255190865941419 0.19629659650161 -0.0674484549668013 -0.221279922471326
0.338140492876811 0.0441992229788006 -0.120760204480701 -0.0771023531708282
0.318949732603856 -0.0397212509241168 -0.032926067775639 0.00855662054272218
0.31705133718274 -0.0552470838986894 0.00454159661814357 0.0605404931537727
0.291941406549733 0.0784426354112323 0.00700940107595392 0.107964489773149
0.240639280977742 0.202625855725444 -0.0580167825474694 0.188087134491267
0.056203775071079 0.413423171019873 -0.172534558822964 0.158339363292534
-0.237796459380203 0.381195564450891 -0.242075865236006 0.00444995994464262
-0.44833313142627 0.0758004582194604 -0.197063505036156 -0.0536369739962832
-0.520867560286896 -0.245038767711536 -0.0827459545498976 0.0665374835869625
-0.38108105087194 -0.326026991203289 0.30210139695272 0.148771596863935
-0.487193993452518 -0.217961451522176 0.284806799164258 0.336556351046131
-0.514126008943899 0.147055825085583 0.455618354820024 0.195239610166004
-0.270527429583829 0.441608825507382 0.444045365213447 -0.0879225572683789
0.105711861771929 0.378193112129425 0.169131178602779 -0.224805815330817
0.237949997919005 0.203850302611425 0.0488304923433664 -0.149967392987295
0.327501603780117 0.0583779649352621 0.00368343682313699 -0.0615330087004737
0.312981153060467 -0.0312648402041186 0.0733996175365172 0.000217298835543887
0.308652060718316 -0.0528739078051011 0.113072422882065 0.0500130968096642
0.284586755420862 0.0667540772233064 0.111045514395124 0.116067274802299
0.231825654250621 0.18666535334295 0.025230689924938 0.22119364088403
0.0472240672502575 0.386879715503355 -0.119153109825436 0.201669514926526
-0.233292239190126 0.344127948662389 -0.207650937322436 0.0487411363304474
-0.412395090338746 0.0427450168300598 -0.136772420923692 -0.0360220715430805
-0.448429028554555 -0.258756200502213 0.0371632137583078 0.142195376768684
-0.242150002417931 -0.279844799378727 0.371991943631114 0.283088903941094
-0.350272308761621 -0.229501864324881 0.316384103766989 0.399577149067301
-0.417529188345237 0.0578701084126468 0.39450934866923 0.262388912911496
-0.250790209710983 0.324093618064822 0.404323930102794 0.0220565220864757
0.0638395266800139 0.305400644286276 0.214290596285633 -0.109036865844937
0.184969326296606 0.165163556494105 0.145691591811464 -0.074985057450164
0.26344637098009 0.0539493410725405 0.11653345789614 -0.0445842881420569
0.259764503506734 -0.0200204555809098 0.164979251947913 -0.0081508888040593
0.25819160052348 -0.0393960555761095 0.208559876781149 0.0405434050445228
0.241190281494414 0.0565433109515572 0.197446614872089 0.12623448781903
0.190164500210279 0.161391363252551 0.0885560623586382 0.251825555217285
0.0164201678744458 0.322077867898424 -0.0836427339735412 0.233544153132247
-0.220400781616917 0.259506850741626 -0.183515039434241 0.079819057687563
-0.335184929548666 -0.0153232746149119 -0.0857017648617788 -0.0276431376439771
-0.317357191243844 -0.25403933297422 0.132403203365361 0.205581274635387
-0.0607199808278323 -0.177339015276046 0.391091287181787 0.358125298210423
-0.159825043032193 -0.179800597544357 0.320911032920698 0.411540886986138
-0.238810216082159 -0.00725526324544 0.324467857821254 0.284916763215512
-0.164373283941866 0.170595161796758 0.3509025812559 0.0922821856674017
0.0283110206978582 0.179014998739541 0.240697868507709 -0.0270788182726103
0.107041526267632 0.0956618575476799 0.211427975225046 -0.0223976754199542
0.158736751053003 0.0364072945762815 0.201602498228362 -0.0332226930217701
0.166642295659529 -0.006134277425575 0.229718575676804 -0.0155177078740439
0.171295157945206 -0.0192869690072555 0.278545533969693 0.0377292574896726
0.168176487818064 0.0433582333885808 0.257534292161214 0.145687078077747
0.127058990117505 0.123133162773518 0.126047514536473 0.286175500028191
-0.0171047697757621 0.226699157732766 -0.0732879252966319 0.261148228042135
-0.183398288226502 0.149309526185825 -0.179572968078081 0.102124413142754
-0.221929456566866 -0.0704836894829497 -0.0518258807142552 -0.0215699560917849
-0.144846711772887 -0.219606201530435 0.193015262514215 0.255950947604728
-0.039789168797874 0.106564469465978 -0.305373835634909 -0.255506120499716
0.0940523094779908 0.0616907775176076 -0.0534339119536533 0.0561681471797521
0.113949021914159 -0.0305876186991712 0.227016489971188 -0.0946159614985758
0.0201476430442142 -0.098622656620102 0.116320186114004 -0.310647860754997
-0.050996086148367 -0.0515536770021319 -0.151502703888973 -0.360266093277165
-0.0515535519615138 -0.00960736054487581 -0.353591144035734 -0.203024980769575
-0.0547075039531121 -0.0168612018337496 -0.358748579182215 -0.025320507143782
-0.0443328988385092 -0.0161736439949639 -0.296744663212573 0.0515276022340659
-0.02718070888456 -0.0232434231884377 -0.278220887753634 0.0614424309567501
0.00451536527356904 -0.032335681075629 -0.28381805555184 0.0406192532337593
0.0383799598595447 -0.0369461144754511 -0.284163769590479 -0.00104038446723378
0.0807808225538405 0.0110706171700948 -0.310414014719797 -0.118104511996162
0.0721090388093532 0.0959142191070031 -0.316845114534929 -0.274151237326855
-0.0364516744907932 0.114563865868019 -0.307387452516552 -0.322940845744257
-0.115721947190006 0.0851900888742326 -0.42171885414382 -0.314307782171742
-0.233555386539432 0.0288440475088831 -0.227318035186169 -0.27662343860384
-0.0927107838852005 0.0879119911849714 -0.0145766034452648 0.0531341958725147
-0.00697372377070753 0.107885874957749 0.287824754636346 -0.105217850087477
0.0241027181496879 0.0714149570068898 0.17480917400962 -0.353202471082902
0.042539248159239 0.0376287403123399 -0.140929382910741 -0.404889042525697
0.058640254829409 0.0240204079887122 -0.35292010448772 -0.235685307108426
0.0797796446662924 -0.0299819660392859 -0.366756452155648 -0.0352290370100012
0.0827190069164663 -0.0409526676011932 -0.283340944861313 0.0517283072757002
0.10095442966581 -0.0299307658588285 -0.260202929024288 0.073679724813253
0.111395165790926 0.0332411746107055 -0.258415999787885 0.0584571607181212
0.097546099814692 0.0819554037891565 -0.263881832891126 0.0354038173337309
0.0291397177426057 0.17772733602176 -0.297333098317189 -0.0593102041974205
-0.0861927868605702 0.18993263714532 -0.314320757709331 -0.210838496574257
-0.22560139852385 0.0716405012696686 -0.324064265648549 -0.235037349909745
-0.309180012407272 -0.0440024608862776 -0.405326305372973 -0.232837502688322
-0.394379856757054 -0.0760860361798022 -0.106203621984002 -0.247296700663955
-0.295345201689867 0.066212069608386 0.059031579475678 0.0806382699025222
-0.17072932895817 0.227330062291471 0.37141858663452 -0.0877369036094808
-0.00869219349069401 0.26382808462743 0.263291611924613 -0.373776830008602
0.126164247121125 0.156304893207865 -0.0949060678372212 -0.432812138037777
0.165354054109357 0.0765858949236135 -0.304780137909181 -0.259407883764962
0.206522186487918 -0.0262241570215855 -0.328329304053052 -0.0495106775271058
0.197672148523607 -0.0619318377840791 -0.227527289562995 0.0430836164530142
0.210412100725208 -0.0476209126374953 -0.196104822049253 0.0818024118357467
0.207455293616008 0.0648324593484773 -0.192255451047434 0.0867903512665307
0.171074527286144 0.158815063906058 -0.215020821101248 0.0987865756949103
0.0353137576068884 0.31799087901633 -0.274333511630885 0.0271466617655598
-0.178815388368676 0.302496461486159 -0.313136813707055 -0.125083170280108
-0.369468935517605 0.0813361556123982 -0.313485772622255 -0.143416672325274
-0.463722224815035 -0.131267356091695 -0.33384348701348 -0.12088418816139
-0.490590281099352 -0.18845817590016 0.0446584208228645 -0.15968225373223
-0.4685447064155 -0.00363207767796791 0.154368145334134 0.143104517652612
-0.350602008712796 0.295270177849312 0.453710872829664 -0.0293020295382331
-0.0824446293099566 0.431225439458844 0.362244608067454 -0.343625980039659
0.178354485391627 0.281008459459025 -0.0173971971729776 -0.420428533017656
0.247760526349924 0.135867770114856 -0.211658258528479 -0.259472109367231
0.304180397661787 -0.00909332334411576 -0.244285238053567 -0.0624394357482209
0.283538008587959 -0.0737317259505578 -0.139532624071797 0.0283105301757563
0.286694947073827 -0.0708724435749928 -0.0999804566919287 0.0778054724058909
0.277714271028611 0.0660452305292204 -0.0952400572253851 0.106710078394986
0.235426150557769 0.189904196012409 -0.13587750759236 0.15869768853358
0.0732226117393176 0.404038697889035 -0.227178724808526 0.113574460932755
-0.210026650527006 0.390979272846766 -0.292482417503604 -0.0402061394536523
-0.446545887439404 0.110566779951009 -0.270661116665932 -0.0759466983015257
-0.554661080317272 -0.179464716280938 -0.216830703483428 -0.0135513607992479
-0.501176369614537 -0.275112162804445 0.198161934366781 -0.0251427735571
-0.556587337480449 -0.102925994134283 0.250376721894804 0.232854684993883
-0.488532792053991 0.28135257379774 0.50059114608715 0.0651298575579266
-0.176704326540738 0.515922424886675 0.43368970193495 -0.254932175772383
0.180673497755958 0.369377179079482 0.0769658288813573 -0.353789756926197
0.28278633571053 0.181231026690813 -0.0879317183978225 -0.224735567349122
0.353147077266204 0.0125214991882442 -0.127625874717396 -0.067290711280133
0.326600692077772 -0.0746883618945423 -0.0330149295793096 0.0102634788556926
0.322341216799509 -0.0850834941201897 0.0117727115506592 0.0616537566681212
0.309877540620666 0.0531699041030487 0.016643914774137 0.112861762992357
0.266407473531386 0.188936933211025 -0.0416803422377828 0.201008115785267
0.0980456944861707 0.425533778471158 -0.164277913875226 0.17867044784004
-0.211775320644933 0.416640648274095 -0.25447475605715 0.02515074738298
-0.458925430886737 0.115028889735652 -0.209923329301907 -0.0398486804087992
-0.562227688932818 -0.207748418083568 -0.0789924176907138 0.0742376134315832
-0.424178277129983 -0.305929667731588 0.325606050393969 0.130707533810953
-0.524743779291655 -0.18606145632742 0.321655663507215 0.326135013378745
-0.521614886435054 0.198382184170897 0.489685772603457 0.167737551066806
-0.239301536518207 0.484569684085121 0.453314857720427 -0.129469846481413
0.143882511594578 0.380819771430325 0.158540400939319 -0.244838246958247
0.26613558471842 0.191050250423459 0.0383647172187178 -0.161434316269521
0.343616649814092 0.0284199166798882 0.000880694562369125 -0.0630370267229066
0.320976965341895 -0.0655079047591853 0.075465940185145 -0.00832419338602823
0.313858321057192 -0.0836292342768611 0.12193327660048 0.0409031032872899
0.300692681646229 0.0424426082398903 0.123263759248942 0.111269692262508
0.256349313825411 0.17361348221722 0.0469056328535307 0.228406999327824
0.0869018753958193 0.397980310079424 -0.103918027762867 0.220181268605798
-0.211237488010788 0.376492224293782 -0.215184100832442 0.0686399613119018
-0.422411421411884 0.0777348598374751 -0.146534224810036 -0.0272398767110587
-0.488747763894906 -0.22662265372208 0.0521212283542414 0.142438687651418
-0.275335028616574 -0.271280434102894 0.408306984105456 0.265004445336558
-0.384727783680388 -0.209450014948289 0.357976740766471 0.389274792571986
-0.42718018842617 0.0960934566413772 0.430976323265191 0.243202498402919
-0.230465260781983 0.360730458437206 0.420855538572631 -0.011981039290875
0.092302115936592 0.309463124636511 0.214273210765372 -0.129269803120981
0.205556666364894 0.156124941561833 0.145982996439866 -0.0934057188817127
0.277220290494596 0.0298842402931137 0.118199283374421 -0.0561060707060621
0.266924035115197 -0.0477962988353132 0.1691415761867 -0.0243418715044141
0.263340003778462 -0.0642936322699547 0.218524595041248 0.0223215429989693
0.254554201039442 0.035969548867663 0.212904280765652 0.113518138749055
0.210815757770094 0.150005353845854 0.114217493953933 0.254651753285104
0.0476667086639142 0.333492220322318 -0.0657471623359815 0.250095240577164
-0.205048241302072 0.288183193438752 -0.186807550054062 0.0980595380293492
-0.347854166305513 0.011002300722087 -0.0932631175698721 -0.022536976705877
-0.351711928509362 -0.233782060564645 0.156291873572198 0.199825253388678
-0.078636387493152 -0.179920975254223 0.435127877230639 0.342617008517689
-0.180611285497571 -0.172734268980476 0.364667396814325 0.400406783282275
-0.247298525775692 0.0123921363914253 0.359175062290226 0.272003024587717
-0.154720284935532 0.19241253551694 0.370613422489917 0.0651193499564421
0.0443308668904989 0.181096722095117 0.247074119346491 -0.046603075171065
0.117573555565024 0.0899366552523629 0.218670049688796 -0.0454658940907617
0.166965297717616 0.0230386860594428 0.205393386569924 -0.0518398328942223
0.17169693454478 -0.0237716178019597 0.236399373378669 -0.0365535265704142
0.174641594088502 -0.0339376548823235 0.29006272109338 0.0133232094314263
0.177371448810948 0.0293388931769466 0.276363815223579 0.127914457150919
0.141359494356029 0.115952132928346 0.156062695826808 0.286471382883662
0.00412298070296323 0.237410038175142 -0.0543697142283942 0.277243656805152
-0.176249145921867 0.170020484555178 -0.180595664300103 0.120517351198201
-0.234556376774092 -0.0556718898431734 -0.057685879264585 -0.0200727937851903
-0.169179852944932 -0.212760382960975 0.221988955416858 0.24721152615797
-0.0325607241296938 0.110831911102749 -0.329228607312023 -0.22988127499662
0.0975677552605646 0.0541744538577685 -0.0473210329883254 0.0652610456578773
0.111752264479877 -0.0402514136586803 0.223756870274252 -0.116985938531053
0.0126001662882718 -0.0997875660794605 0.090878499159393 -0.324802164837224
-0.0534464369261844 -0.0466544197712425 -0.184616847471752 -0.348022099954907
-0.051557275550336 -0.00462954333964426 -0.371482928189036 -0.166200779399964
-0.0565571624045166 -0.0114780701383885 -0.360494272849616 0.00991624364876333
-0.0464607927435564 -0.0118652452321037 -0.291518342962289 0.078874485313213
-0.0288037002990697 -0.0209517998219147 -0.272047289220157 0.0891803411388729
0.00167800622477026 -0.0333644916097127 -0.279827656567383 0.0701393051041036
0.0346342317281625 -0.04129379846255 -0.286251776276394 0.0237000475942089
0.0831624378373504 0.00424608184366077 -0.324062197115403 -0.093507782905044
0.0800757943142412 0.0881303614564596 -0.343582135995817 -0.24702375017703
-0.0308444150853389 0.117601400292703 -0.333058170267489 -0.299388589168458
-0.1092537570056 0.0954501043236722 -0.453172295526056 -0.282524709632508
-0.234264321554917 0.0511366778806228 -0.252558965625244 -0.258316754737476
-0.0872890228641588 0.0971551699817432 -0.00994412691842504 0.0584028205483069
0.00399458269795962 0.110508092286337 0.283704201614898 -0.132735587898316
0.033427646641106 0.0720918963138729 0.14528676374295 -0.372266218992654
0.0476111909707092 0.0351269968473143 -0.177362748755161 -0.39256207704945
0.0632000459278102 0.0188742408261445 -0.374360659888162 -0.200243382946961
0.0764104883939014 -0.0379091472734446 -0.367924512149704 0.00129126028421166
0.0783634607422181 -0.0509126568996041 -0.278061021882167 0.0782487019672764
0.0981960174169317 -0.0412040480642465 -0.251351204980295 0.10086175156877
0.114834383988018 0.0220569857307752 -0.252705292143987 0.0859212989722477
0.105782957166937 0.0726808146208087 -0.261932140842478 0.0596915141713656
0.0470032049575555 0.176766417613627 -0.304840634936203 -0.0345941001552051
-0.0696287318192739 0.198078436025573 -0.337434219904003 -0.182354661993875
-0.224945832458828 0.0915322594392015 -0.34263533642911 -0.208309165930509
-0.315310565187324 -0.0161905631491835 -0.428333664868674 -0.199318618735349
-0.404591260926032 -0.0410981544026664 -0.127890497948214 -0.240141959534987
-0.292309034457716 0.0929200228332693 0.0649108823785598 0.0789168559660546
-0.150302914635153 0.246854539905958 0.368841900852857 -0.121000515322167
0.0190065434296943 0.2681678201899 0.233983208482583 -0.401785217564721
0.142353515380268 0.145841335562543 -0.131291495606893 -0.424450860637161
0.176070140261227 0.0613854248374145 -0.328370630103858 -0.23081615152989
0.203078353246496 -0.0477118305945055 -0.328630321788903 -0.0179605505873484
0.190936246681786 -0.0840029730922025 -0.224100650301134 0.0638823311569588
0.206645786091658 -0.0695479627864053 -0.185570486465722 0.101849427117311
0.2158571543295 0.0440626074708249 -0.183743207344723 0.10793743912411
0.188037917745202 0.143312660342426 -0.20586651017914 0.12013408854445
0.0682577009952528 0.318648618707689 -0.273489461797791 0.0505168986094288
-0.151109180494409 0.320494749922794 -0.329673483839 -0.0969172039652109
-0.367320851756385 0.114400889959262 -0.325671536348454 -0.118515934417238
-0.4784855822997 -0.0886407615949774 -0.345396724170589 -0.0942107782877912
-0.510674222746167 -0.146496974852999 0.0304626878787139 -0.164778324812077
-0.473654652772903 0.0376785593595235 0.165679211267654 0.132411501538212
-0.325987005438821 0.331083455724656 0.456781717564744 -0.0684997800135653
-0.0394724889603891 0.445400187163286 0.334242981843657 -0.380957247880315
0.205566875646291 0.266598374249033 -0.0511568267499021 -0.419224679596015
0.264751931363607 0.113798444783076 -0.235722813756949 -0.24122180370043
0.30285988716896 -0.0400532234710644 -0.245376183570879 -0.038647681308384
0.275657077399937 -0.106065408237411 -0.137011592607819 0.0407408852524574
0.280403199802501 -0.0996405329859873 -0.0900273721137542 0.0879700913024662
0.286585876157417 0.0388420210864257 -0.0846053718569678 0.118243493234799
0.254971243030171 0.167998017065215 -0.12059787731065 0.174163655572674
0.115476816071336 0.399962669877347 -0.21866377558641 0.134093821457169
-0.174168428195507 0.411935679021049 -0.301352903087644 -0.0136328949105885
-0.441299106965203 0.151476566019458 -0.278097849832948 -0.0529986706150938
-0.576345759382573 -0.125934830651407 -0.217250250752695 0.00390750834394333
-0.530565164080523 -0.234179735556867 0.196699432150594 -0.0415180797252906
-0.57193658048525 -0.0558071294948423 0.26999375865227 0.214035686837842
-0.466194078692793 0.327789145465981 0.510885860512788 0.0231509401476708
-0.125707172932527 0.537982869689076 0.414298806636802 -0.297153998055397
0.216408666635604 0.355480864454013 0.0489167140049564 -0.360949726730167
0.303775707202229 0.155918443723827 -0.108565925862558 -0.219237056438919
0.353997671578161 -0.0236198575219921 -0.129324606884555 -0.0549102904084921
0.31887566316507 -0.110982793109065 -0.0323351383929214 0.0117698701900683
0.314023634514089 -0.11810471833782 0.0195121225006193 0.0602739677214757
0.316204708350366 0.0229145559302634 0.0272530436180369 0.113868747662899
0.285961360569443 0.164798617400819 -0.0216688329379959 0.207121042916647
0.142162970532295 0.418719752009022 -0.148377141480749 0.194513018311551
-0.172379071347398 0.439424167893607 -0.258794109987896 0.049258892085844
-0.451471501480229 0.156544322245061 -0.214605034738539 -0.021588455855923
-0.58496501804072 -0.153961255991264 -0.0703763971495206 0.0794799293968801
-0.455866317116119 -0.273180951258022 0.339269207091453 0.104320655470051
-0.545468372388698 -0.141415191088819 0.348839191600754 0.300192846984222
-0.505488452934233 0.246963908887822 0.508785745817348 0.128315230137612
-0.192175280719552 0.51277950144526 0.443696133967972 -0.171121173661729
0.178545458768436 0.369138728640826 0.140447722999244 -0.257971068888138
0.28680100465213 0.167557697254665 0.0249748508396298 -0.168660833858067
0.346307391791484 -0.00768942791103631 -0.0021111002023811 -0.0631577365308526
0.314186921730236 -0.10067043248925 0.0745519844481807 -0.0159899848653766
0.306856609242513 -0.114813255091324 0.126403723016817 0.0279624904430474
0.306180300076644 0.0121643247146606 0.132245973144409 0.100811906054856
0.272616679991879 0.150490085943549 0.0690516863932149 0.227143461973776
0.127949047157338 0.392663149702224 -0.0846974793312181 0.232082450353031
-0.175481650291924 0.398673740537809 -0.214397500483779 0.0890700968242155
-0.417295726403936 0.115425697757017 -0.15028031699711 -0.0151893948193941
-0.512917811545186 -0.180329364820641 0.0668484882382141 0.137143631974231
-0.302368625848758 -0.248655307983378 0.435127141563081 0.233527113997614
-0.406551650359814 -0.177519108859733 0.391907906001484 0.360741929964584
-0.420708509748021 0.135919025231168 0.455534987958785 0.208584188520055
-0.194958478868467 0.384655782786802 0.420769199806683 -0.0501862682124473
0.121378565553851 0.30134383374325 0.205201455340383 -0.148172827887994
0.221256931326418 0.138080713637771 0.13892104000702 -0.110465394567247
0.279904295799486 0.00138685021372728 0.115753709298987 -0.0680859318747075
0.262513792730639 -0.0769268796285859 0.16667242765725 -0.0403850026867598
0.257382891505006 -0.0905448567608184 0.220256465651362 0.00115736978738839
0.258941354269657 0.0105939550029476 0.222245007567576 0.094526934973297
0.225122845417694 0.131434909097477 0.140048191250346 0.245002791362775
0.0825126384985483 0.33025942035973 -0.043472616664097 0.257345446139618
-0.176889184533232 0.308344349592452 -0.182742173383624 0.116011059055735
-0.347355407593184 0.0420504102244151 -0.0974770415318363 -0.0152941510206436
-0.374552725014556 -0.19918424921396 0.176472580638428 0.185059715735745
-0.0962323404004183 -0.173311952396284 0.470341641619089 0.311702502671258
-0.1983615357159 -0.157293901244703 0.398878267609574 0.371766790946977
-0.24635601557958 0.0338826792965105 0.38481222279891 0.244979323031909
-0.136670991825119 0.206747940669459 0.376457430783271 0.0325194038461071
0.0606324443578622 0.176333775822799 0.245549419510449 -0.0683018619374308
0.124644338312947 0.0806005446355405 0.215866621461825 -0.0690491346782745
0.168361474011535 0.00566457434761692 0.201034718492713 -0.0723221918158942
0.169890105812423 -0.0422515076936585 0.232143256730549 -0.0588681825512058
0.171560814094775 -0.0512365463413569 0.290586703619995 -0.0141242854492483
0.180652675367687 0.0118882399402442 0.28659639632014 0.10209037398381
0.152655713017712 0.103896476551805 0.184397051756929 0.273294409040342
0.0282041960073635 0.237904093710172 -0.029718692148234 0.283880946338844
-0.159278719303549 0.186234842296307 -0.173357271203453 0.138008808577002
-0.239934454555114 -0.0360848756298362 -0.0623782219207769 -0.0160194836104318
-0.189367915727922 -0.194827020065028 0.246742082689932 0.226204586369156
-0.0264100765540808 0.11281500721505 -0.339055099562856 -0.203079887423211
0.0973166360607594 0.0478287073297475 -0.0394859799599046 0.0715339340534595
0.107611277607875 -0.0469774144176476 0.214962002734958 -0.132648395669576
0.00621070156076648 -0.0980542736022515 0.0676086896451112 -0.32735984600229
-0.0534412712014467 -0.0418444199169338 -0.205135546655494 -0.328558391894085
-0.0486924488059749 -0.00109661487893319 -0.374592779701623 -0.133986753997083
-0.0566960384291182 -0.00662191428725057 -0.351137927707125 0.0377838459971077
-0.0469375170189154 -0.0080811533090369 -0.279976260056871 0.0983932838816913
-0.0294704153540545 -0.0189433417924889 -0.257894462985939 0.110453120996279
-0.00054158800947341 -0.0328852346078174 -0.268094448022011 0.0914152033809063
0.030248445382183 -0.0440324935078011 -0.280397056460299 0.0434566811322293
0.0824931868192732 -0.000920791096529899 -0.327400289111363 -0.0711662285130318
0.0840271037408885 0.0802947624732758 -0.354483144689979 -0.217857816453575
-0.0262874675739188 0.117979147313038 -0.343775072678291 -0.274579113626556
-0.101592409856134 0.101095775870061 -0.467016234567505 -0.249746521382786
-0.228610493717594 0.0677944612296812 -0.266460666335552 -0.2378852209867
-0.08177433612569 0.103060159222875 -0.0042442112044198 0.0616190579104088
0.0125284979527291 0.110739142168913 0.273040785761577 -0.152067048314058
0.040641461246653 0.0698271619747418 0.119135476222739 -0.379697023518668
0.0517174590318071 0.0312892261535435 -0.198880614936002 -0.373499363731922
0.0656971684579694 0.0134916095488109 -0.380020736026361 -0.166988378703318
0.071010405608862 -0.0433257972873481 -0.357339677775754 0.0286014085430508
0.0718966411308334 -0.0577352739320328 -0.265650811373527 0.0958855862486638
0.0936499852483105 -0.0481181646624951 -0.236341548059832 0.118866758357594
0.115844275588618 0.0122672742613183 -0.240041178302731 0.105577413430278
0.108818719259994 0.0635702790101019 -0.253521914937751 0.0780471111252306
0.0617777412512116 0.172138425193756 -0.304144306294058 -0.0154512657730065
-0.0549647900685133 0.199245735702949 -0.345800454660084 -0.155247420087081
-0.218301577756348 0.106305364751731 -0.347127947339518 -0.184215802258584
-0.312644024067582 0.00647213347553416 -0.435821617874134 -0.170369024364551
-0.403070863244841 -0.0115599702736421 -0.14238822372622 -0.227892790327277
-0.283158829010679 0.112114945995427 0.0690118415675908 0.0761848532561164
-0.129421640158621 0.2553193919083 0.357929338997785 -0.146053644113271
0.041575408648184 0.264383397473349 0.203518424335204 -0.413975692806679
0.152376301696688 0.134058847200969 -0.155664137763933 -0.407990542548237
0.180452289921511 0.0460914446485583 -0.338514114510017 -0.201823414560005
0.194845213761661 -0.0631269157655762 -0.318898157692341 0.00608989893837776
0.179127364355293 -0.0997408634124164 -0.213490005192757 0.0776864542758979
0.196351272425558 -0.0850634554840181 -0.171947244650341 0.114125658604312
0.21487839993138 0.0264726910221863 -0.169969483010694 0.121945651340221
0.195000605460678 0.126542816099482 -0.193181096777116 0.133553499597546
0.0943921452696537 0.308292337687681 -0.266417049800757 0.0671052578075814
-0.125851408695627 0.325080435335028 -0.332447587021745 -0.0706310269558289
-0.355776692924624 0.138534656166298 -0.325631510723829 -0.0954548154339365
-0.478299364273072 -0.0512186570673356 -0.345748363048154 -0.0719042334530699
-0.514076940939497 -0.108366601706836 0.0188655326239246 -0.164227915869424
-0.464781178480338 0.0692895130567289 0.170216433702682 0.121513794302298
-0.296669930989811 0.35039732260843 0.447225404465086 -0.0985426570465207
-0.00224417465449504 0.442499653266792 0.304119119555726 -0.400271899231294
0.22261568697089 0.247723777094588 -0.0754031956892561 -0.408689601668612
0.27083656855564 0.0914262602858764 -0.248626363405303 -0.219723633410746
0.292284669244244 -0.0645402201026995 -0.239107946376239 -0.0209430103994679
0.260776044177582 -0.12804484144276 -0.131613471243849 0.0479306971594136
0.26684492939891 -0.120424322156282 -0.0791608549491307 0.0926727721439228
0.283427224501816 0.0153509986548488 -0.0734615478894743 0.125440990130494
0.26346790386502 0.146672892389189 -0.104934716693985 0.180725152974348
0.147509317789032 0.385077353534141 -0.206029011347783 0.146656172322407
-0.140440198636119 0.418257200473003 -0.300534590945461 0.00952097796026109
-0.424323832982365 0.178566472695722 -0.276447706748889 -0.0345853061525148
-0.575575839515144 -0.0805324259563462 -0.212314938103534 0.0159412032913958
-0.538775749485612 -0.194081859241704 0.190214519555318 -0.0529821053641275
-0.568595657329447 -0.0163668673340939 0.277589877633203 0.194024152411529
-0.434707676260601 0.357943881400544 0.507426916015338 -0.0109677761009418
-0.0806476716873608 0.539976326329886 0.388397711677442 -0.322925541820851
0.238336725944077 0.333607591706756 0.0266729247148403 -0.357371363015221
0.312316360566266 0.130188392643732 -0.12250055097041 -0.208549300194326
0.344109291525461 -0.0522448597421403 -0.127151977579058 -0.0446724318952729
0.30210128718273 -0.137137085061815 -0.0306991065734623 0.0126961514591901
0.298679909643849 -0.140195233279116 0.0250920486742495 0.0577469138905148
0.311326152482305 -0.00167038396476528 0.035126280329355 0.111089261202412
0.292272646046007 0.141033580069665 -0.00411278834514591 0.206339742413717
0.174519946723314 0.401993064672212 -0.132040501621068 0.201664512447509
-0.136316573796277 0.444126735279038 -0.254131172838998 0.0685422956598111
-0.434395650139996 0.185730981295535 -0.212783473732144 -0.00744645800917655
-0.585801687042953 -0.107330549102775 -0.0633128801731012 0.0803051998695361
-0.46684498122723 -0.238162942312027 0.341196587965619 0.0812245466667147
-0.550579967633538 -0.101229226211291 0.361874759628204 0.273154767196373
-0.480019102569074 0.279791196371458 0.511569187457856 0.0929913000736277
-0.148882257441231 0.519288334151867 0.424521546735764 -0.200588983354476
0.202026597160305 0.349511436833039 0.122552956588327 -0.262446676370734
0.29615268950244 0.143432366115224 0.0117578826813524 -0.169813428007088
0.337227801085046 -0.0351099644664319 -0.00246441768883025 -0.0635495276894914
0.298852653083797 -0.126324146488667 0.071110893367221 -0.0215666889160198
0.291422176603349 -0.1357571396103 0.126359546556885 0.0177943066262464
0.300365521704612 -0.0118632536038496 0.137229744433036 0.0905730548927681
0.279446947153524 0.12729459088453 0.0862971038148196 0.217475797788898
0.158304961179218 0.375992905406515 -0.0668561540484486 0.233882387676759
-0.141099345316508 0.403723974669555 -0.208423251760883 0.104876450144187
-0.402478124837077 0.140664875410077 -0.150718409816935 -0.00413762654904714
-0.516983084155944 -0.1370715850187 0.0760911431904653 0.127458042479617
-0.315533302554938 -0.223706491733587 0.446265822915246 0.202723922634524
-0.414690511606408 -0.146592860387268 0.408801248368869 0.330280189379525
-0.403645450248532 0.164138010510705 0.463263608101136 0.177461692690405
-0.161995248353697 0.392465314497603 0.409397794160828 -0.0785850752814236
0.140811925368822 0.285723754020289 0.193933786143597 -0.157980669691107
0.227785025165772 0.119938156888558 0.128109138950225 -0.121559300426843
0.272918782373337 -0.0212365938297201 0.110163474748389 -0.0765254611607336
0.249917607737872 -0.0985775846911417 0.159919016870792 -0.0528667112137013
0.24458750970708 -0.108572565134807 0.214503894423984 -0.0151982900763083
0.254188525538502 -0.00983300828199437 0.223395270067867 0.0771948980326769
0.230949534235814 0.113232430580303 0.155979540044664 0.230587162266203
0.108465993549486 0.318948918787225 -0.0246391412297253 0.256271119044565
-0.150205543732088 0.314502096386477 -0.174898259295964 0.128174227785944
-0.337975653001198 0.0642251050989283 -0.0987964434470953 -0.00903328858969897
-0.380895869790875 -0.166202637108969 0.186285585390247 0.167218434872462
-0.108485368113929 -0.163391587480228 0.485010642159564 0.278756444096399
-0.207558167307324 -0.141199002568589 0.417657224386323 0.340157674634865
-0.240007647373079 0.0505457594235234 0.395943315692284 0.218111530167198
-0.118666490007339 0.212342342675466 0.370793489892326 0.00651208694189963
0.0705809287646773 0.16786485180669 0.237503960878939 -0.0834620823079984
0.128079635876592 0.0704378237745029 0.207383916853804 -0.0869043173316092
0.164041571220625 -0.00735332958424193 0.192578143611621 -0.0874608505808997
0.162789109896747 -0.0572955826258907 0.222659731972729 -0.0738983123384398
0.164382373947525 -0.0635642155176029 0.28176507177528 -0.0348485764917155
0.17737656966161 -0.00314627287875227 0.286287755336094 0.0805004953583799
0.157270459787968 0.090170561639229 0.200329397742282 0.255404429985152
0.047445771895461 0.23198476054541 -0.00998215972869311 0.281440456530222
-0.141817940202853 0.193618374891497 -0.163404586745369 0.14787131687873
-0.237813065061483 -0.0196131700574061 -0.0647649410373585 -0.0126937541067489
-0.198453712811481 -0.174953497906715 0.258077589318246 0.203216732402367
-0.022761762129505 0.114580591210977 -0.34378899961922 -0.186197010240581
0.0964213635784685 0.0450980811340401 -0.0331000338880139 0.0744164675360308
0.104999658992279 -0.0499393462912699 0.207460739968121 -0.144290183663207
0.0023508097774417 -0.0969732381583108 0.0521132444555256 -0.328199385674627
-0.0525360672204965 -0.0393240570233323 -0.216714541535026 -0.314646559427853
-0.0463288794753862 0.00116485723118946 -0.37262325356312 -0.112039933246708
-0.0557747782583573 -0.00278060719717368 -0.341544645594669 0.0546903768694965
-0.0466648303399496 -0.00535539401283709 -0.270644062018039 0.110427995332867
-0.0296419927589797 -0.0173672636491014 -0.247142943794357 0.121137588734626
-0.0017796034438 -0.0321824427510813 -0.259218991972949 0.10363132217674
0.0269367397231378 -0.0445154696728502 -0.276492366778011 0.0555528930618324
0.0824590874692133 -0.0044258840511938 -0.328314615092881 -0.0574454457743489
0.0850061907065571 0.0735626790286399 -0.358490647187772 -0.198791721633237
-0.0247668876331528 0.118677806570024 -0.347062937861481 -0.259662253386738
-0.0965472912094348 0.1034912025415 -0.471959108039324 -0.229507127176885
-0.224115753579136 0.0790271787173558 -0.272857669689402 -0.223583063340512
-0.0774536087788492 0.106773565405588 0.000346504539068479 0.0641854298395451
0.0187899494001854 0.110165988066998 0.26488478939487 -0.165075150132486
0.0461419825990473 0.067729132892158 0.100803144825154 -0.38155264303826
0.0542534628813319 0.0288415259644407 -0.210682015379677 -0.359557746273601
0.0682146606173789 0.00898618744916918 -0.379857572506206 -0.145193419527928
0.0670626731697905 -0.0463357102825171 -0.347463951642957 0.0453539575669088
0.0664591377739874 -0.0619821939016768 -0.256416552837566 0.106824076614121
0.0904674030793994 -0.0526170933275492 -0.224158233431788 0.128212966343906
0.115087739991803 0.00574086470221481 -0.229743254005599 0.116966080154145
0.11063689713981 0.0573958657365211 -0.246705421564077 0.0887092676297609
0.0708639642697648 0.167397075438204 -0.302896882600867 -0.00337871091389448
-0.0457163887665917 0.198208197935591 -0.348857975909968 -0.137190836972574
-0.215246918320802 0.115502844089703 -0.346951323621653 -0.169120107501967
-0.309371700259824 0.0214218599391164 -0.438067696286913 -0.151146136456396
-0.398658637258335 0.00804479621604969 -0.150640339627484 -0.219002103626718
-0.276846427834234 0.124355856477275 0.072017621845105 0.075536124124921
-0.11489901512728 0.260767699779529 0.349282970874251 -0.162266799507506
0.0576920752808091 0.259909419595191 0.18277545947014 -0.419811069366552
0.15805747407267 0.125680222626658 -0.168202907020928 -0.396488339568691
0.183118943594865 0.035872287479224 -0.342187828254786 -0.182342967812893
0.187479238668026 -0.0721536120045975 -0.309652967837797 0.0206360625821089
0.169339551679509 -0.110241723825035 -0.206194538764582 0.0863235417289625
0.188844482746235 -0.0947602154517108 -0.161086506071775 0.120523336414579
0.21456649698567 0.0149844805623755 -0.159846730871027 0.129863473942676
0.199387918834221 0.115413453807364 -0.183849604687127 0.141051232799924
0.111379680395905 0.299987628820113 -0.262166115207843 0.0769086231703475
-0.109085166566671 0.327053449869076 -0.333251495083474 -0.0539289014858312
-0.348180878605299 0.153152520311778 -0.323011956966502 -0.0830903465483748
-0.474926132637129 -0.0264816086572432 -0.343942753093321 -0.0586869614424376
-0.515157365973522 -0.0834353569922105 0.0116323479507002 -0.163229976331549
-0.458371282082847 0.0890307389044002 0.172541420210782 0.115669543267911
-0.275358386507414 0.362324032938256 0.439624180521117 -0.118346575785525
0.0235778807466957 0.438461009518649 0.282345958542706 -0.410920514388569
0.232696205616005 0.234675645914314 -0.0892660288950041 -0.401339878711712
0.273800080226229 0.0756562590101164 -0.255316775540634 -0.205122897189153
0.284014163873178 -0.0794238353149572 -0.231689049280411 -0.0104913026406708
0.247363194487415 -0.143003007523535 -0.126663143709792 0.0528350197554494
0.255557858552776 -0.132424625452748 -0.0715888053218254 0.0943968251520518
0.280466022935024 0.00130245981037626 -0.0648364446220381 0.128318013627812
0.267673755764814 0.131442039953739 -0.0939519124326702 0.183091667150792
0.167026466754802 0.372424287021603 -0.198219360616359 0.153102415002714
-0.11784603460551 0.418660770046606 -0.298591870392413 0.0248917201958287
-0.413514786124278 0.196356731464601 -0.272699862009917 -0.0236536460005952
-0.570963329601307 -0.0521874127090446 -0.208088448767703 0.0215382266186822
-0.543973107367601 -0.167374908144267 0.186720171788768 -0.0599921876144596
-0.565111694839378 0.00928120129291199 0.281052276146235 0.18296236105423
-0.412825134431823 0.375005239783845 0.503268304798851 -0.0338762606325241
-0.0494706710062826 0.53764043426535 0.368357766516435 -0.337685194218203
0.251348299680774 0.31810053933888 0.0142617364528029 -0.355411305904228
0.31608884424457 0.112020969666342 -0.131206686494796 -0.201642179701012
0.33427968781805 -0.0703603915817216 -0.123166370094453 -0.0403579775124668
0.287163190459833 -0.153678457047698 -0.0296842988282291 0.0129436667563154
0.285958396050843 -0.154471964085887 0.0285049199490068 0.0545249125529445
0.3068589882679 -0.0182329457405499 0.0410548566889738 0.108814358835736
0.296619445363472 0.124940457141764 0.00625899884305609 0.203452747160314
0.196146389049054 0.385991730852895 -0.122030073730064 0.205348061750036
-0.112430572597625 0.444275932214615 -0.25030368761578 0.0813339236847128
-0.421713980553282 0.202458713428104 -0.210762982067736 0.00100262512546829
-0.582134202437499 -0.076476902546527 -0.0581085581671449 0.079849569549395
-0.473381259893973 -0.214099171745798 0.34154449801564 0.0669508379381903
-0.55027501536203 -0.0766873221206602 0.367373767074936 0.256546492265271
-0.462253928305774 0.299277429152198 0.510790915781768 0.0706957339914111
-0.11935665995719 0.519631251039685 0.408906760328963 -0.218018149014285
0.215657489894778 0.335951458080184 0.112782239557263 -0.265356571048248
0.298806449446585 0.126452960227593 0.00224778722662891 -0.17018863438429
0.32876116141166 -0.0532478405003955 -0.00224833878343086 -0.0641143435178571
0.28548634949388 -0.143088087972415 0.0685724021431793 -0.0252285453533363
0.278307659239562 -0.149646775188195 0.125478456164474 0.0112480331792825
0.294238406070697 -0.0263804990163355 0.139026786085743 0.0843599856893782
0.281546971796774 0.112222467124266 0.0967800838189894 0.211282970773664
0.17742906781496 0.361924260164762 -0.0556450511254279 0.234269409447575
-0.118486019485412 0.40500679627872 -0.203986677127192 0.114838201110998
-0.3911311813324 0.156897415116353 -0.149433542162798 0.000602768274639949
-0.514429591859171 -0.108967166191691 0.0808481886734098 0.120229083197803
-0.323341860575502 -0.206921225300214 0.449783246279432 0.183997396925745
-0.417662127604083 -0.125936075981534 0.416453682488356 0.309618981950444
-0.391513267476614 0.180033953055617 0.466750542453939 0.156790830792984
-0.140021527543953 0.395420496204352 0.400094214050907 -0.094986544222298
0.150173830184832 0.275665574926954 0.186428771822245 -0.164451529552414
0.230343870603438 0.107322346655321 0.119416344296816 -0.128878318568194
0.265911162093624 -0.0359718868814521 0.106645847850173 -0.0816703016505604
0.239358468945044 -0.112291325919807 0.15506716606016 -0.0589795109135166
0.23429139933672 -0.119753848572149 0.210087144144863 -0.0254275457969852
0.248899002784856 -0.022941210640665 0.222137146862234 0.0668291396890109
0.232411443207379 0.100569903185891 0.165582918126319 0.220475863502673
0.125553282950734 0.308299222482096 -0.0133877960870108 0.25419805682851
-0.131336463243103 0.316520215004846 -0.170270140145516 0.136669492051651
-0.330133761398863 0.0776662298834725 -0.0998505184447728 -0.00585269602739356
-0.382338875797833 -0.143621968670787 0.191673637219045 0.155743770605212
-0.116180748135947 -0.155437952695867 0.493421311012148 0.257784244221471
-0.212333327546722 -0.130032077512976 0.425026582262035 0.319120238730401
-0.234880814127519 0.0603566678595689 0.399859753749268 0.20019839858553
-0.106517298196792 0.214941260350133 0.364967128366886 -0.00839689295083579
0.075234115122654 0.161085079122566 0.231332131458271 -0.0912263262381676
0.128857363444133 0.0639099585689884 0.199386527621229 -0.0976506397055974
0.160019661589952 -0.0157001156836999 0.185797470568324 -0.0951548021071178
0.155812725813909 -0.0655357183283963 0.215521023332473 -0.0815966453687679
0.157919053804357 -0.0711913317296798 0.27428662180885 -0.0475059485009481
0.17435099575992 -0.0123506782091029 0.283364802231027 0.0671085830136993
0.159706286364123 0.0817883679295033 0.209599644195044 0.242826243176168
0.0602084203627304 0.225440609019564 0.0023142020052826 0.27907761883596
-0.129459147812371 0.195800528552441 -0.158551952702088 0.154325050993344
-0.233932547303787 -0.00939769397766703 -0.0673193548067114 -0.0108152316177376
-0.202075485732512 -0.161806272559023 0.263883101291988 0.188350186619225
0.00136073114072778 0.11487303538479 -0.399568187854245 -0.107350157742802
0.101962179245111 0.0237288170223668 -0.0135018124970643 0.0894133849722837
0.0894380447299958 -0.0726278618602926 0.1848897804691 -0.188872585361282
-0.0229383164501513 -0.0961174613363461 -0.0124980958346366 -0.345799581947447
-0.0628809955077609 -0.0265184465245062 -0.287509952730135 -0.271098746594411
-0.0451849337889711 0.0144433707181234 -0.393607072307048 -0.0312423699967585
-0.0550525585868931 0.0141215491689218 -0.324989375607451 0.122735683489575
-0.0474702505430887 0.00604758607950181 -0.241572641659626 0.168801928413748
-0.0334765609367338 -0.00913859815642542 -0.217780993631723 0.178216111482838
-0.0110052081051539 -0.0312309825860124 -0.235193651864692 0.167716840074426
0.011963017239028 -0.0476217736039619 -0.265125886019472 0.12128743450847
0.0750414691831229 -0.0269797337667341 -0.347250264656834 0.0217479150233214
0.0938965001736726 0.0464472711718354 -0.411543018171134 -0.112988875885806
0.00025497414230399 0.116945766135338 -0.413094998469823 -0.18762228055198
-0.076985602539233 0.117366858101626 -0.528787359788977 -0.136059488839973
-0.197498512649861 0.123576203881235 -0.342954156955044 -0.172920658256419
-0.0502255569456162 0.121684861030274 0.00969932423609399 0.0662250099270103
0.0447074685549587 0.0986463115224749 0.223333670485334 -0.22024422982922
0.0585347315820151 0.0485950993501872 0.0138646775761275 -0.401909234892491
0.0540779149361571 0.0147094716855698 -0.289925140505805 -0.310679178417846
0.0663075804318578 -0.00292802605557947 -0.40633943765768 -0.0565204414752014
0.0505487843209936 -0.0576229493449972 -0.325246587750239 0.121792766650702
0.0490806461026453 -0.0730143759619463 -0.228068148402622 0.162101110082263
0.0733593870629235 -0.0695302798820288 -0.194542306884047 0.17992160656355
0.111454121223022 -0.0188464062137778 -0.204990466014894 0.175269363487566
0.113106774980208 0.0314825014800869 -0.229127541174051 0.149074175807359
0.10268337279044 0.141175986807684 -0.313040232716977 0.067646912641432
-0.00442032942312038 0.195189221096999 -0.391454921511568 -0.0592246284122442
-0.187650433245237 0.157315804261165 -0.383830075486792 -0.103913063783354
-0.304556923957676 0.0860708602107027 -0.462613555760367 -0.0707596020123059
-0.378290357872816 0.0919664494597179 -0.221274448612534 -0.206741216132922
-0.236793203998269 0.181754691256458 0.07719991505335 0.0550313980551663
-0.0471491742314084 0.271737858270385 0.291929095019177 -0.237033316744857
0.116880124530606 0.227186664284009 0.0741189506935648 -0.450965608905958
0.17559813641381 0.0838744667859228 -0.255488405284636 -0.347574705398492
0.183004705531028 -0.00292354541423466 -0.3745934284162 -0.0962038970776364
0.158478651536867 -0.112255630430804 -0.2883159378214 0.0968095011069409
0.137504843309213 -0.141772576251635 -0.182703931835252 0.131110997510538
0.159557274172238 -0.130684763782504 -0.13477423909812 0.157138364566208
0.209078481401287 -0.0318967781230782 -0.133969194745561 0.173239388569396
0.209989791621154 0.0692825760009662 -0.153888055113228 0.1888218865088
0.170993310918308 0.26189395900265 -0.255774289151334 0.138977239127006
-0.0363037403081262 0.332436026109333 -0.362614078099833 0.0176844908412052
-0.309264855812839 0.226145027067304 -0.334019418530615 -0.0275128196752231
-0.478059646431245 0.0792803373756418 -0.336483672220737 -0.000747942252411671
-0.506112373727144 0.0291617549318481 -0.0452893385439428 -0.194771624355054
-0.418999512458216 0.188685578527989 0.183623384124986 0.0660540762304701
-0.175933305187365 0.405164936493916 0.379147629910514 -0.217393439143758
0.12862132468261 0.403294928635146 0.161542701091342 -0.459735822959778
0.271761084187313 0.171227618530608 -0.1779725719093 -0.361087594262783
0.279829524508932 0.0140984603327533 -0.293311237259899 -0.133775740318122
0.248719736503526 -0.141874730893367 -0.215523704878061 0.0564171621390032
0.205053375190456 -0.190563944794382 -0.111784048602574 0.0812294201027719
0.215420159558511 -0.182017394343309 -0.0530847592210265 0.110917970734682
0.270666645012266 -0.059228494338508 -0.038950390659359 0.150926405111497
0.2795640559078 0.0714655257864275 -0.0529883323646555 0.210545129500261
0.240719518234688 0.320023492098774 -0.174584894680992 0.201000818247886
-0.0239385068209341 0.423298600607775 -0.31362574398927 0.0899483686583597
-0.361681025222016 0.284452378438712 -0.268409654203644 0.0175989854229516
-0.575622534407292 0.078209488266282 -0.176351779850273 0.0483693237853125
-0.549475040894833 -0.0446751220270311 0.16008746656739 -0.134173715686187
-0.53940992729438 0.135037739808932 0.307582722164527 0.102622886029126
-0.303445911572302 0.448483758927139 0.453431239298011 -0.153582232747303
0.0857033285054944 0.516707937746356 0.253767212643955 -0.405928301790358
0.309404079748526 0.245710956263922 -0.0668691298872422 -0.33214218490952
0.328196502509239 0.0390516095714143 -0.170306413132523 -0.154391426775592
0.299491215463951 -0.147416137329147 -0.113639898437826 0.00754756368620875
0.24166604703251 -0.210445325641452 -0.0253305061095228 0.021237911147096
0.23960853750406 -0.210781788321972 0.0366034207292838 0.0493967631980687
0.29172336488825 -0.0825597543026669 0.0615996787065437 0.107236679020177
0.306210727778608 0.0592070616285199 0.0524875337503067 0.207653338900999
0.27146617428197 0.328156574470913 -0.0867797959096645 0.23601422287006
-0.0125744650885358 0.44631305777721 -0.25369601036011 0.134981213458781
-0.367275613156445 0.292069941724011 -0.200171723017637 0.0275530237306543
-0.588942876921251 0.059166268799164 -0.0108044664281229 0.0741783201175754
-0.494159498920991 -0.101996019462479 0.353282511456337 -0.0371969750143103
-0.54379555243008 0.0487702049692415 0.415201739196563 0.156588214302576
-0.366809981731184 0.38809703707118 0.486743287833886 -0.056110482330472
0.0149869461882852 0.515512538499095 0.320513618537456 -0.298180085152406
0.279499086736842 0.269880649401511 0.0498031019811091 -0.264367665643744
0.314415015835352 0.0558396333822195 -0.0308089639375681 -0.15320056591775
0.298271951793465 -0.130802122777114 -0.00217358009305444 -0.0408525591068952
0.242221250996946 -0.199974250897491 0.0629095352598679 -0.0391053420993218
0.234501615455438 -0.204033453018912 0.122529498502611 -0.0155968158078302
0.278864699749467 -0.0882958989877965 0.154932138776458 0.0596866926956536
0.291132759486502 0.0512189279662587 0.145071785114263 0.193253149123275
0.248706930669222 0.309815949339223 -0.0109801280290937 0.249169089713963
-0.0262933137292976 0.40997878282481 -0.197757218387694 0.158387570392984
-0.346569401408369 0.241460102280188 -0.139467722162007 0.0171712905873031
-0.528727026929724 0.0131272828224893 0.136246440332664 0.088807932523681
-0.349929437673014 -0.125270691751899 0.497979641798657 0.0635489027257334
-0.426422328281868 -0.0298280717548989 0.483135519879633 0.204091995335285
-0.327622713377744 0.259214985658958 0.471747049445078 0.0394548024470161
-0.0336995305385055 0.403481190727631 0.345061319847149 -0.177615284599455
0.204740577967957 0.226672344806526 0.144961121964516 -0.184905283050684
0.24389469578186 0.0518764432760966 0.0930315766682835 -0.141026957324105
0.243059197941182 -0.098586461842876 0.0981914206591569 -0.0857053998253191
0.204248061979058 -0.16107014448254 0.140358789408827 -0.0908321891889319
0.198955061929226 -0.166508741639269 0.199603555675727 -0.0712156121560307
0.236168738833933 -0.0747248787919451 0.234647698111379 0.0214168615428753
0.24284999546365 0.0506674872733808 0.216700476226238 0.185457677377847
0.186196949784713 0.270305188503453 0.0382200408707492 0.259695951150737
-0.0578468493792646 0.329352471400425 -0.154210331392516 0.171581057517961
-0.304151486399778 0.149922291710284 -0.0924207341024011 0.00376255228546895
-0.40467370456571 -0.0494667772453614 0.250789950737821 0.105796787700081
-0.142014969154311 -0.119824811258002 0.565557418114326 0.139443954554568
-0.230428550625888 -0.0787385536307365 0.500323414768795 0.218943888688898
-0.207161969295226 0.10935501776755 0.431692450615012 0.103045034830123
-0.0463201857553542 0.225149431947505 0.344184730210439 -0.0862285409795386
0.107159932696826 0.134130095256223 0.208258655672837 -0.131445963665332
0.135798433271882 0.0320726502747734 0.178119336145137 -0.134606142781081
0.148107871384985 -0.0549638497729542 0.168371578358271 -0.122312160437201
0.136241229495757 -0.0984079638469674 0.194872172038187 -0.126045062724908
0.137750520481276 -0.103439554269866 0.258962642698483 -0.108276231532362
0.166757315614069 -0.0488162292592511 0.296983760349514 0.00647644269724833
0.168929943335615 0.0484573766451664 0.266948188409439 0.196833306969029
0.104587924308151 0.205088599990774 0.0615672591635654 0.280294508709065
-0.0829918371020852 0.213619727775998 -0.132157636406328 0.187791820019278
-0.231169906872054 0.0425412835800562 -0.0621323476221304 -0.0017351829908318
-0.230639770275227 -0.108576737667606 0.32230971677976 0.130105907662184
0.00633371761635441 0.120280855573602 -0.415438211928146 -0.0926224485873264
0.105456407301231 0.0217524393592407 -0.00867269993680532 0.0933767569694268
0.0900310986218993 -0.079262563812785 0.179282616958404 -0.20408318134153
-0.0269239896087851 -0.0976656958244598 -0.0283496890513619 -0.355217500457866
-0.0650150814675236 -0.0257271841772155 -0.306709268702519 -0.266146535914325
-0.0438211131856612 0.0155562296605111 -0.402963981170572 -0.0139509035838814
-0.0547238373840009 0.0182945238810722 -0.325694126198099 0.141373752103594
-0.0482370115231393 0.00881423333680349 -0.239761796551557 0.184784220394961
-0.0343760106803209 -0.00833369134084595 -0.213952274240087 0.193236805545757
-0.0127323512493233 -0.0315839432352926 -0.232085421337359 0.185396845897794
0.00963192118340438 -0.0486785801191883 -0.268170284960217 0.137354764662918
0.0755647802548111 -0.0318753805607539 -0.358524291559982 0.0391274212304631
0.0963041868076668 0.0425996006156726 -0.425706277001446 -0.0986044846219054
0.00361374734434988 0.12259016714731 -0.430224036782104 -0.180303464803633
-0.0744330256875651 0.124382293612429 -0.552555687411444 -0.118798742795271
-0.196820526275643 0.138096484258591 -0.361243148803641 -0.162486677420756
-0.0459836743924814 0.128718172323827 0.0131728751766364 0.0690796277749685
0.0537636884778798 0.0995999736288901 0.216884943665348 -0.237725301534965
0.0647622533813976 0.0464250312814792 -0.00403760011609154 -0.414912878856536
0.0578452329856793 0.0112221374243675 -0.310683364835525 -0.30682529564477
0.069998647292876 -0.00833217804037626 -0.417097944722216 -0.0396640743418288
0.0489486962973443 -0.0611003787127701 -0.325454798630798 0.138713951350313
0.0445177963841253 -0.0776171944488742 -0.226602954398743 0.176488849192776
0.0715359468579142 -0.075828811828075 -0.189431224610633 0.192459125723927
0.113871513240328 -0.0259980519592516 -0.200205738702025 0.190935653050449
0.117762396125757 0.0271035826185374 -0.228952405793847 0.163995689403771
0.114013362396095 0.139167470471842 -0.321467498871259 0.0843981480591676
0.00335150339098366 0.200258827019372 -0.404064815939424 -0.0432100897632959
-0.187209303012963 0.17260559891946 -0.397620104810188 -0.094597781978443
-0.309733010598862 0.10331191606096 -0.481500407351865 -0.054925532730754
-0.383690727812969 0.113611577594927 -0.23773452023903 -0.203939021052046
-0.235887707971138 0.199129936865128 0.0819858529349955 0.0548885317887836
-0.0329001500951758 0.282537630710956 0.288589918824017 -0.25851434921383
0.13471052420709 0.227336567396511 0.0546581945192989 -0.468367544560527
0.186653013463653 0.0764948251187562 -0.277947554785053 -0.347773642691407
0.188808022428671 -0.0142997415835787 -0.387422754830747 -0.080341875322671
0.156251672892324 -0.122639946517934 -0.2893737502532 0.111163318877917
0.130564091406102 -0.153504200327972 -0.180920501520549 0.142533430887779
0.156050191081795 -0.143739568540783 -0.128620146581743 0.16656437721477
0.213753694820943 -0.0440877142040206 -0.126985353139071 0.184940059159268
0.219501592402085 0.0608086115563341 -0.149618677115772 0.201243320719581
0.191151389647325 0.258546129763455 -0.258984000206022 0.154433426900761
-0.0221668460549245 0.343242225269038 -0.372321605511115 0.0355449735624669
-0.308786838880427 0.24778427965866 -0.343992659838308 -0.0167860671875422
-0.488178614983473 0.103631364262401 -0.348297103896985 0.0114811004972692
-0.518153887988003 0.0544097644574846 -0.0553109769014374 -0.199735017453596
-0.423452114409563 0.214776978861721 0.191688756477268 0.062092005109128
-0.160167795983883 0.427158862257447 0.378218745564182 -0.242564294643584
0.15464336548182 0.408150021852807 0.14335174137993 -0.480410489623523
0.289048995952402 0.162260919038487 -0.199489642219611 -0.365689131827137
0.288655868351178 -0.00110312983779581 -0.307708502844131 -0.122661018690616
0.245742207115084 -0.158101891576192 -0.215555662870636 0.0642030743621679
0.196972553622449 -0.207020213264143 -0.110539335762875 0.0876776197624114
0.210073240585259 -0.199265139147406 -0.0480693246167332 0.114765643551478
0.275461151335359 -0.0742927087461232 -0.0314953769327102 0.156595923535842
0.291800763156119 0.0585354624536048 -0.0451180043494668 0.218583357802188
0.2667222373395 0.314688172106416 -0.172570828119807 0.21573262541173
-0.00409181460664989 0.436430849578118 -0.319929426717284 0.108118444957453
-0.360974676254791 0.30930386980537 -0.275352476328503 0.0273165032616226
-0.587721208108186 0.10966079641985 -0.180092294319839 0.054916524588235
-0.567034371115325 -0.0191631177467527 0.158513151183186 -0.145046974098978
-0.54973607230496 0.164494677514582 0.319808797624577 0.0937570381542507
-0.289393103570445 0.477215558096442 0.458365215894295 -0.178873680434244
0.114812776224949 0.526714280891159 0.239364243836011 -0.428840975548535
0.331494604319509 0.237801560205601 -0.0839334241422783 -0.34087641832093
0.338561706608858 0.0226153343331715 -0.183078603199822 -0.149957789409098
0.29782262272259 -0.165711312319685 -0.114668526075978 0.00916585407101935
0.233517995344346 -0.229964336446749 -0.0248139166659869 0.022002022946228
0.233115565382125 -0.228551701446159 0.0399018878511026 0.0475712372361919
0.295276728552599 -0.100624568296356 0.0695569646786455 0.107959617989579
0.318099030589696 0.045098970070756 0.0642448312990397 0.210312640586633
0.297819170425404 0.32094515838042 -0.0800284373598708 0.247759097836854
0.0102067822297567 0.459839099205524 -0.255646569117239 0.153279788813241
-0.364451962332388 0.316895200395221 -0.206035466755892 0.0353962355918102
-0.602293802610467 0.092586806974064 -0.00753555627414526 0.0740070011846479
-0.514871367670117 -0.0807182010626092 0.363364378170702 -0.0536146604980342
-0.557529857882763 0.0766696005385981 0.432294434972539 0.144391609150794
-0.357819367443271 0.417587509039388 0.497249021752018 -0.0801595404498561
0.0429448671011498 0.528756111711239 0.313181919108077 -0.319694138249125
0.300808050550587 0.264880979408099 0.0396090152191116 -0.275280632365579
0.325520339015196 0.0420245371690774 -0.0405750199988489 -0.155983761674545
0.297152916179013 -0.148637125570747 -0.00289893035198864 -0.0455213153942591
0.233728566890474 -0.218812818841994 0.0632643875297067 -0.0429346105491327
0.228145497688875 -0.222613688001989 0.124122311172192 -0.0222031039169672
0.281008658057181 -0.104478300546185 0.161964644316752 0.0537929547760023
0.302172831390962 0.0386419936622525 0.158031015008231 0.19196429413906
0.272078490257569 0.302849626960202 -0.00229731499053908 0.257615433634943
-0.00576607542203205 0.422101905596961 -0.19773526688513 0.17447313287782
-0.344717485127866 0.263210796075059 -0.144936772792827 0.0224767747947559
-0.541426352842185 0.0417149740612257 0.144576184999731 0.0831100722537835
-0.36508826245855 -0.111474680352153 0.517078869903307 0.0447542695809707
-0.441446032764958 -0.00767750686961878 0.503552832864739 0.18934315591524
-0.323657624060394 0.283216738182992 0.486431970658622 0.020395107071917
-0.0136105426101832 0.415539243818333 0.344452111192486 -0.195621184478262
0.220388759702168 0.224191577486678 0.142047240356386 -0.197387183818801
0.252501092573453 0.0421777011512744 0.0873009507756759 -0.14918550055223
0.243057474550785 -0.113257215296591 0.0973250147841566 -0.0950953456223623
0.198255539490913 -0.176863316416113 0.140062437044674 -0.0996181502571992
0.194388982306181 -0.181794438249538 0.199677458174356 -0.0821252930817381
0.23768778369123 -0.0886163160356137 0.241093813770307 0.0119467586133166
0.250768836760445 0.0399400067500105 0.231647933807099 0.180761863218307
0.205257335636237 0.26645061593201 0.0493742021676817 0.266304511441609
-0.0422958286281047 0.338912966465644 -0.153338718914077 0.185735131810853
-0.306193066720212 0.16665017464091 -0.0977082535594901 0.00904606659408327
-0.415782576796168 -0.0299567141840328 0.263577653720388 0.0965552207589294
-0.150738348606659 -0.114573988804143 0.590729697098525 0.119947651438153
-0.240932653207171 -0.068142952748273 0.523554167816655 0.20490244619395
-0.206668714394926 0.122804761993236 0.44825835520076 0.0884888684028871
-0.0372550245023999 0.233251762918731 0.348789347318971 -0.101549000366466
0.115282067190242 0.133873157207261 0.208699473753146 -0.143689337892455
0.140157401496731 0.0277313342598586 0.174621999420807 -0.146399269321711
0.147859988988489 -0.0634588442704254 0.167256207428804 -0.134732638071439
0.132138360279344 -0.108687024054484 0.194720981625915 -0.138936187486989
0.134725535866953 -0.113299579075334 0.259113518195067 -0.122263966870228
0.16801482952267 -0.0584233852287792 0.303015807367259 -0.00658003642788558
0.175330483176921 0.0411481496308832 0.283629949946675 0.189801171734402
0.118501435387061 0.204884513302154 0.0754263742252424 0.28594300306649
-0.0742599961072435 0.221841436034217 -0.129953374035265 0.201524263297329
-0.234532130142159 0.0528211818176806 -0.0675487659587704 0.00128910941961683
-0.240548707405803 -0.0989574618855879 0.338812016850087 0.117578038901474
0.016706868979978 0.125957312439673 -0.436218900536247 -0.0636108127553826
0.109947994378022 0.0170457550708658 -0.000934740084303323 0.0977791909573226
0.088002174111799 -0.0891408532088185 0.167452197438113 -0.223234585906494
-0.0350472882423963 -0.0988196009472461 -0.0556735962765877 -0.363216620651804
-0.0684250296023838 -0.023338949154705 -0.334624844284873 -0.250763448868861
-0.042760540018673 0.0174228886449075 -0.412681529653401 0.0166049703408244
-0.053071457000218 0.0233998909699042 -0.321858701168251 0.170756071158664
-0.0484196523816325 0.0136842029664843 -0.231227252129893 0.208951449831606
-0.0357140566600859 -0.00628956326031558 -0.203020806422143 0.214901861678334
-0.0147880708107891 -0.0322513398505786 -0.222743658272094 0.209049733355754
0.00624210568955464 -0.0496097463778416 -0.267125086568512 0.16202450203812
0.0750392130895153 -0.0391918074321069 -0.367814037326921 0.0692028063835433
0.0999317815429788 0.0366312731741221 -0.444404935122792 -0.0700155626533618
0.0115204614510927 0.128289750713366 -0.454073463354778 -0.159506591461251
-0.0668933701180688 0.134442130419061 -0.582606890800747 -0.0832574268037602
-0.19116797031902 0.158830807638849 -0.385070073874617 -0.141935334528382
-0.0373162147971976 0.136990271567994 0.0192586303382268 0.0713027019447749
0.0650735535587443 0.097356903641115 0.203762268900824 -0.260999248386361
0.0719727081690955 0.0419963999172967 -0.0365380590963377 -0.426735632262839
0.0612702055289672 0.0055178130522575 -0.343353810623997 -0.293422623808807
0.0721450457038257 -0.0159634704439893 -0.429710487751816 -0.00756647954792708
0.0460044530363259 -0.0669680826745455 -0.322689159707714 0.165759867392276
0.0379758992206974 -0.0831600197312941 -0.218023507087063 0.198651965009497
0.0671260385380823 -0.0845618454145303 -0.177900819352165 0.211583326786601
0.116030020070407 -0.037147646797838 -0.189037421419932 0.211980009440483
0.123844885608013 0.0193534585171856 -0.223558764911433 0.186767904379289
0.129169359623044 0.133434357959476 -0.32744469289268 0.112509029372284
0.0178110052104565 0.206485489367751 -0.418500814786678 -0.0147540832458451
-0.180953140993581 0.193651927763441 -0.414484791053623 -0.0728374853987794
-0.309017031304843 0.131873198611455 -0.502884328023693 -0.0234368996534561
-0.385573680243617 0.14793284352693 -0.261274505645451 -0.193470883886293
-0.227723673520146 0.223848402023358 0.0884232443008118 0.0521341821563814
-0.00884348173156101 0.293356599188735 0.274019564286565 -0.287573521719644
0.159168708850174 0.223062260710528 0.0194205136829722 -0.486755775405987
0.199055822998964 0.0633129088417779 -0.312524615014544 -0.338748375228673
0.193924926244651 -0.0316834491613935 -0.403867777271523 -0.0522799362977078
0.150278548748516 -0.138193454145286 -0.287439349500698 0.133640556837909
0.118225020707422 -0.168281810634651 -0.174313505987243 0.158955350468287
0.147377623022271 -0.161468042291943 -0.118244731488078 0.179359910900441
0.21763214126056 -0.0630934676612561 -0.114773754621184 0.200031392593565
0.231651209401081 0.0451357250229471 -0.138649386787986 0.217674641108969
0.219563161767897 0.248696915740164 -0.258784077835325 0.181616353259878
0.00413585625922499 0.356300432976512 -0.380287830874263 0.0655901179921554
-0.30034466636835 0.27969510528821 -0.355633073956923 0.00479750594563401
-0.49403109374298 0.146834458720412 -0.36014756036236 0.0343820095189505
-0.528965237545685 0.0965412777784909 -0.0727113769406686 -0.202004992125522
-0.419849411708165 0.253571389823754 0.199641303512999 0.0509118687342603
-0.12916928371546 0.452005243656143 0.368326354375327 -0.278665482138716
0.194929716096443 0.407277523460256 0.109261389432728 -0.504455268653492
0.312317184441325 0.143469268853713 -0.233858164906905 -0.362923612304634
0.297189123920409 -0.0255965695058021 -0.325987721168761 -0.101249476761621
0.23917897488744 -0.182114628675398 -0.215379660070233 0.0796717652170594
0.180994804409677 -0.22913295936308 -0.106899458476613 0.0977852815712761
0.198558955624529 -0.222566376285564 -0.0398670041988458 0.120662155822664
0.277550549338048 -0.0995727047829389 -0.0186311289196378 0.163674796918164
0.304071232869458 0.0379586425885119 -0.0284426246233477 0.228666719605822
0.300822283857988 0.299460904189636 -0.163386221013582 0.237198064553587
0.0312590703970781 0.449043007344076 -0.321374250738227 0.13701393471776
-0.348135324501773 0.347118368982732 -0.282272688664702 0.0457892380849386
-0.594676551762929 0.160323503648775 -0.182530562174401 0.066593628052203
-0.585117582454164 0.0252680203728262 0.152477281382655 -0.162289040795541
-0.553732749075088 0.213199123793352 0.334025976218549 0.0734423991377715
-0.258611411548758 0.514952691178918 0.455127777115801 -0.217443610221738
0.161223558128173 0.532559275191122 0.212926042644152 -0.458739149282543
0.36134945572655 0.218030927003976 -0.112620590338466 -0.345603769043453
0.351514875573851 -0.00376825879325284 -0.200402023561776 -0.139111384938648
0.292154898015287 -0.19407555415079 -0.116352276983903 0.01457433348762
0.215996783999405 -0.254682038964261 -0.0235049442586252 0.0238565906417786
0.218539888966793 -0.254166752716484 0.0442750904131551 0.0451871928869858
0.296712992178232 -0.126778700846194 0.0800937340145207 0.10530444116566
0.331135497817472 0.0209040025694621 0.0817672999197949 0.21186398909245
0.334621925318474 0.304225252334465 -0.0652664152695514 0.262319943619965
0.0469058357844741 0.47102077129015 -0.253588127248981 0.179989260969871
-0.350478254705307 0.353966318134287 -0.211189001858605 0.0503138499800337
-0.611462940078982 0.144057239201911 -0.00241359313016029 0.0737686090714186
-0.534425169772044 -0.04191726808497 0.370134885961793 -0.0820363312563419
-0.568993966869077 0.122992562539069 0.453265494694493 0.116670971289774
-0.333680680297356 0.459878297974811 0.50335799638062 -0.119815380214342
0.0881158816149561 0.53929377868476 0.295776879681805 -0.351269230622448
0.33126421598233 0.248712815625855 0.0197382605291607 -0.286858266280695
0.338507157339044 0.0176552969198799 -0.055058721853423 -0.155879440591712
0.291396099754186 -0.176819043975098 -0.00561585714776626 -0.0494302481693291
0.217948146394704 -0.244299109412655 0.0616026020811799 -0.0500570256012579
0.212905883971144 -0.247207606777813 0.125510349287289 -0.032739299684062
0.280126840234099 -0.130443140397492 0.17038046900839 0.0424563169780078
0.313489086299208 0.015595680596828 0.177610797892775 0.183809162096245
0.30698423897087 0.287056627007452 0.0157851844201788 0.26728826786119
0.0282126986481681 0.433744290495906 -0.191411368170308 0.197828164747484
-0.335339606474265 0.297015058578836 -0.149816083173598 0.0340601883629811
-0.550528581162266 0.0868662037701686 0.155433727278775 0.0714790947351323
-0.383894292762912 -0.0850283774834946 0.538561622512008 0.00889660089476226
-0.454548290644532 0.0268339290319729 0.530966364881363 0.158192603397519
-0.308980375648831 0.317336293195932 0.501062640069213 -0.0150935873553688
0.0194276525513049 0.42922096021689 0.339540565667322 -0.225869005284388
0.245129279237335 0.214173606748181 0.131019601882536 -0.214433744782937
0.263419403341455 0.0243206767761068 0.0776286576662342 -0.159772969050253
0.23835227534707 -0.135331813193268 0.0934003907721957 -0.107654114100623
0.18579520721122 -0.198352094247183 0.136830572317019 -0.113553570673694
0.183134839671489 -0.202460287490176 0.197689576886613 -0.0992000280130988
0.236830954461855 -0.109947045620905 0.247598557787624 -0.00539081230538117
0.261031686083546 0.0213354309678843 0.251727104617428 0.16697773763427
0.233486579394177 0.254901840711427 0.0689638966750615 0.271051949399143
-0.0162793084305226 0.350628526432081 -0.144667568867905 0.206709675008964
-0.301770227299573 0.193776694269842 -0.101559601798658 0.0167553984958264
-0.427909118367796 0.00297237273891682 0.279136345104302 0.0765639757117687
-0.163674345577541 -0.104622985071908 0.620442747735695 0.0828103460461931
-0.252336753090666 -0.0496873830587297 0.552014707332197 0.173293895605083
-0.202309283416233 0.143613066541937 0.466675481452266 0.0596619759355362
-0.0198091450213347 0.24334343698959 0.350431047156646 -0.127779165293776
0.128497696391414 0.129759919570503 0.20522054382184 -0.163327842246476
0.146106956744608 0.018694975438192 0.167891779101119 -0.164102954110271
0.1461943431033 -0.0753670663888232 0.161939978347734 -0.152872339410976
0.124209281275343 -0.122938900871047 0.190648670009095 -0.15833345478229
0.12820210032051 -0.128265626770597 0.255421958332358 -0.145150777220355
0.166315263444422 -0.07396614966146 0.310349678045331 -0.0289626158602525
0.183380903040943 0.0285291017168051 0.30573764697247 0.172655995408723
0.138813990888028 0.198161408604588 0.098570466107613 0.289274033481635
-0.0586990508000341 0.232177195291584 -0.119830275751858 0.219630382116064
-0.237133312206105 0.0716182304919337 -0.0713665862852874 0.00782043966509328
-0.253000149153681 -0.0822034123911648 0.358175837454472 0.0935540600474908
0.0307053933106855 0.126306555450472 -0.444210122013898 -0.0220521449992081
0.112564587837921 0.00843068906283543 0.00890035528308718 0.100385557233189
0.0798110813189702 -0.0991453317491408 0.144992965775853 -0.238303029763566
-0.0431411413848786 -0.095817862372818 -0.0892365939685467 -0.359485312458927
-0.0708873185103414 -0.017384770726216 -0.357928017278015 -0.220160755277809
-0.0401251013453796 0.0200139192692562 -0.409098457100555 0.0568314485506241
-0.0491187338733005 0.0278961813640378 -0.303536346469557 0.20269731221605
-0.0466540466295478 0.0189766248812256 -0.210047261048148 0.231636090118963
-0.035479695677573 -0.00377930251695283 -0.181193974802701 0.234399694851857
-0.0175411891799604 -0.031230078075486 -0.201317956341526 0.23112493033049
0.00157119810596238 -0.0499184295007411 -0.252161811389079 0.189365750620461
0.0704897275477404 -0.0461452653080453 -0.361510362879108 0.105921440942345
0.100976107198586 0.0281496529404708 -0.449026710284601 -0.0298958851209685
0.0231131170039755 0.129691188292974 -0.468258928233664 -0.122366083628966
-0.0532341738842154 0.140400332362799 -0.594541555929326 -0.0296133579268211
-0.173766692138899 0.17917729933553 -0.401133563798256 -0.10558724785195
-0.0237101508938955 0.142103276366903 0.0262408428329641 0.0715366508773975
0.0766825897464541 0.0900018549350228 0.176610738402172 -0.27940757054532
0.0787649793088922 0.0344748564243928 -0.0783656837242948 -0.423791276801376
0.0626255326211347 -0.00154981388542344 -0.371793403130884 -0.26057715502617
0.0710644340567047 -0.0250220288625688 -0.428302183071908 0.0342970998852046
0.0400085006024256 -0.0712916812351453 -0.305025179315196 0.197231373166477
0.0282377499348311 -0.0865286051884317 -0.198483748157087 0.219192086937943
0.0577660095275647 -0.0925312537739999 -0.155635642325037 0.228039465535471
0.113034220517604 -0.0494846069818407 -0.166784370223158 0.230465113037981
0.126391714531852 0.00668107799210351 -0.206570066618851 0.208840098099357
0.143886927318315 0.118914292072335 -0.317253870859843 0.146374931426972
0.0362330888541233 0.205411403679457 -0.419646958490079 0.0249336949768655
-0.162660033229577 0.213112708407904 -0.422265633321436 -0.0380470416473007
-0.296247941483214 0.163036784072005 -0.509312125674887 0.0221710547670931
-0.369656619968823 0.186110327189235 -0.282091801374632 -0.169935676651095
-0.20580381985726 0.246767094733704 0.0923211055286249 0.045976116521612
0.0228279690917503 0.294069076240828 0.244531126967791 -0.313347806726203
0.183835358690479 0.205399192025832 -0.0282628789545727 -0.487833976872902
0.206747729403129 0.0420807223959398 -0.346538271621788 -0.309242956798974
0.190983942020633 -0.0529677747080176 -0.407949193099213 -0.0110984656524256
0.135796978607645 -0.153688491548098 -0.272724054401489 0.158701956733254
0.0983310415878015 -0.179563184690892 -0.158510554066211 0.175012472592573
0.129202786222869 -0.177214960088619 -0.0999126299446434 0.189303433187588
0.211805896664232 -0.0861088895425112 -0.0930729441918782 0.210559885637825
0.236725070065562 0.021609183514365 -0.117535107371785 0.231801196552382
0.245554488706881 0.224460179108852 -0.243234599842933 0.208606834480909
0.0389493084830982 0.356462277765511 -0.374765103203065 0.101567922426804
-0.274628660677184 0.310542189256511 -0.355652668005093 0.0341232428343658
-0.478735849659642 0.197711275109838 -0.358619659030589 0.0664447665643796
-0.519565349416956 0.148846441526038 -0.0938513332025901 -0.196493770659762
-0.396547600901421 0.295162503942248 0.203313727173733 0.0341436754244705
-0.0806302520245835 0.464145808638811 0.338986968580647 -0.312238273595088
0.23873468699162 0.387671293432044 0.0599761860768196 -0.514626733626316
0.32744276502707 0.111218760896489 -0.269826195381948 -0.34117112059365
0.295371677792635 -0.0566056770496478 -0.334687663509163 -0.0679551617674614
0.220116123867321 -0.206134239117016 -0.207816198536682 0.0969298220689104
0.153703467871088 -0.245630758832882 -0.0971172009639813 0.106269605089079
0.172328796894878 -0.243165318341934 -0.0279065856262409 0.122952392672822
0.268440993175636 -0.128677008304475 -0.00197529465749303 0.164625032183708
0.308975583316611 0.00700889025928213 -0.00659383414337976 0.230934593503192
0.334021943869644 0.266269278991702 -0.143315158449869 0.256308734469337
0.0761235024061566 0.44646732412792 -0.308593416181553 0.168348431522734
-0.314640189141322 0.381409767335643 -0.280151642570247 0.070470172796651
-0.578094179086395 0.219479535207979 -0.177425101043823 0.0812389115914647
-0.582735755855807 0.0817381804049713 0.136726707918001 -0.176914148809584
-0.533203101590873 0.2680527764142 0.338394892465954 0.0436562335112598
-0.203472010357404 0.541281717407698 0.431350377722533 -0.260731883067112
0.218057447979305 0.516255661229159 0.168354615360266 -0.47686522736666
0.383881859773249 0.182650494917665 -0.147179708661806 -0.335982893605543
0.351573736053342 -0.039985933216025 -0.213836713311615 -0.117888111623968
0.270351764298883 -0.223142155111241 -0.114239658280795 0.0219234588822051
0.185885444844936 -0.275851556319019 -0.0220893435308234 0.0246654381139635
0.189525704538032 -0.276875994357615 0.0479144514793529 0.0399462490870606
0.283506323880502 -0.155739497389535 0.0910347165300319 0.0975752469708108
0.334133399168496 -0.0121192609734869 0.102236146999247 0.203444756701328
0.366332823408545 0.267662466068414 -0.041138022728943 0.271650888619015
0.0972642317499248 0.467318379220723 -0.237041015043165 0.206018288096542
-0.315789380711933 0.388689767615561 -0.207354018502179 0.0694055229646243
-0.594183516252019 0.204626186916207 0.00331010157664063 0.070818497346581
-0.538700923479908 0.0108840366754503 0.363057576666953 -0.117372419777908
-0.557252311748452 0.179196272091348 0.461414521723131 0.0750287199512783
-0.285266255725507 0.493023784543232 0.489226345205851 -0.165107757788942
0.143804828842576 0.531264037101888 0.262275939524474 -0.376972410862073
0.356848776046257 0.21578970286677 -0.00814953234036159 -0.289545655430236
0.34108707320264 -0.0164654031210989 -0.0697062889131769 -0.149417222878019
0.272239782237531 -0.204888667120329 -0.0109723282400821 -0.0521321029671888
0.188643056561077 -0.264702413496553 0.0563121582899908 -0.0573362188320008
0.185067413758214 -0.268795588368375 0.121163168149954 -0.0446080588241201
0.267446467838583 -0.157969349194013 0.174161831999906 0.0266237300077378
0.31452479258063 -0.0155819865178165 0.195252921692207 0.166753302855449
0.336428162749081 0.253268466919685 0.0407878481558314 0.268347926461412
0.0723915731772379 0.429050881528738 -0.173282074707752 0.218705318533683
-0.306369220662946 0.328949061678479 -0.148111537923622 0.0495218008975581
-0.538100685477742 0.142794439662927 0.162736878645882 0.0533019801949548
-0.391865660089822 -0.0462782726761519 0.5404200137031 -0.0423541156800139
-0.450773425619472 0.0726115915237184 0.542677728876856 0.107462530160067
-0.274983751024894 0.348433688914685 0.498214758317838 -0.0606842556635283
0.063038047028816 0.428018612241768 0.317912719294303 -0.255015531532396
0.26674948014585 0.190295659394772 0.111835520770248 -0.226236076607997
0.266295726602094 -0.00108242962055549 0.0625620391700191 -0.166540374323291
0.223941510030584 -0.157937398097129 0.082773760881312 -0.119190894996085
0.162173568927615 -0.216004488203694 0.126001848421942 -0.128036570083944
0.159887305247411 -0.221385600627865 0.186724159937801 -0.118085210740847
0.224431911103777 -0.133593182895479 0.24625837491141 -0.0285168133945095
0.263547417111537 -0.00466184214807876 0.267746459757949 0.141614138412347
0.259790812923503 0.229181320693258 0.0943936872743586 0.26613712216643
0.0195151267579888 0.350100554079164 -0.12697327276888 0.222902420068624
-0.281815476801324 0.222399854996595 -0.102605583230464 0.0276270047901328
-0.424527681148229 0.0473814794003056 0.287596939178236 0.0464436450002531
-0.172958656992241 -0.0870953253894489 0.631798694995207 0.0245383320425786
-0.255022082488933 -0.0228349760964494 0.566424551325705 0.120597253560273
-0.186558008658323 0.163616936536199 0.47286787799494 0.0171090958305001
0.00477791311531621 0.246061367987936 0.338947087517421 -0.157908816488417
0.141342928800705 0.117706285772123 0.191046318149816 -0.182572849489273
0.148630869132748 0.00649297629350111 0.152969356537931 -0.181071986367397
0.137062717188677 -0.0894192891613915 0.147799575785503 -0.170069287636281
0.109135066618003 -0.135108525423811 0.175649401118353 -0.176288539879564
0.113226332004655 -0.140442375036545 0.238977053683061 -0.168777670993574
0.158401257717084 -0.0899148491596117 0.305853086014382 -0.0566361478349867
0.185921113188741 0.0106967095603655 0.322142834715088 0.142642025373038
0.158766170090839 0.18340418597136 0.125125583910731 0.281779838910528
-0.0356327653120327 0.235932187558481 -0.0999952427457502 0.233146526763523
-0.230239061524406 0.0936330263466132 -0.0733843933026198 0.0165461875954818
-0.258933894724854 -0.0560707942155674 0.368612267967658 0.0552938713561132
0.0430694090590855 0.120326328611234 -0.430901113146154 0.0170218479967955
0.110276454238682 0.000395623937065731 0.0183336514822488 0.0982959711563776
0.0679636858877703 -0.103566675877749 0.119616153987209 -0.240203624576264
-0.0495896503421378 -0.0884854057878155 -0.116108838735908 -0.339016085814608
-0.069395095219785 -0.0110945031891992 -0.362611753144717 -0.182054887901957
-0.0359443237403868 0.0211442777357476 -0.386550927597168 0.088345249073136
-0.0439611063652474 0.0308884209462924 -0.272197822781278 0.221941154462936
-0.0424688317790722 0.0228976992903649 -0.181021514895584 0.239774923540986
-0.0349905568812356 -0.000455113395589063 -0.153515241755682 0.241509742517391
-0.0192122483781281 -0.0285672366844064 -0.172688616034753 0.240102947808787
-0.00226036917892746 -0.048045214219096 -0.226531015871352 0.204508105475263
0.0629892435771386 -0.049813941520035 -0.337861945880876 0.134016022515742
0.097922062478055 0.0195970147905825 -0.433001848133037 0.00732879417701077
0.0334491642644139 0.12509912482352 -0.462052040201662 -0.0847010902047496
-0.038296309438368 0.13924047860895 -0.577733808420727 0.0195581827728478
-0.149860699831573 0.188360051182128 -0.39764668520625 -0.0684856970931962
-0.010830798787256 0.13990650776587 0.0316948487633177 0.0690923779373213
0.0831306686659842 0.0783852895911064 0.145689622848509 -0.282309893211654
0.0804689968344475 0.0251305361089891 -0.110787524965738 -0.401540159779886
0.0606006928640887 -0.00772903236033071 -0.380373121483076 -0.219643631179373
0.066593557005937 -0.0322487510066883 -0.406356838981138 0.0701720481019461
0.0323657253607807 -0.0724635989990381 -0.275370906723322 0.214615780700435
0.0180694625900442 -0.0843901419689599 -0.171348814703166 0.226341418390791
0.0465245709848391 -0.0946080347045226 -0.129540311191652 0.232020883197142
0.104677223390836 -0.0583245515714906 -0.138703613611844 0.235448313066826
0.122690244456184 -0.00480095960529862 -0.181665752003609 0.218882033897818
0.149883163865911 0.10111714493904 -0.293063068015502 0.16930094992542
0.0511955182380862 0.195726660112422 -0.40103440856491 0.0575688153680767
-0.139271028131577 0.221300651585978 -0.410196446942363 -0.00647039070950618
-0.268946408962807 0.182085526988234 -0.490435399554448 0.0625606648243863
-0.338546988231415 0.211378860287288 -0.288846152042297 -0.140366114351759
-0.177536013451494 0.255975258231414 0.0920798446601299 0.0394257721614685
0.0496785214986003 0.279258210625706 0.207253711504444 -0.319632471381738
0.197903537442024 0.181228410749277 -0.0689640427708957 -0.46683433298941
0.203376378130832 0.0223164999074515 -0.359508600881074 -0.268753932669782
0.179743917461982 -0.0690733638758141 -0.39064692160441 0.0242512298805838
0.116785173456993 -0.159657251165264 -0.248363533678968 0.174038206553322
0.0759574152325004 -0.180201805880142 -0.137541655614127 0.180610846285808
0.106975905028244 -0.181954741108245 -0.0797318290694702 0.189171283400466
0.196804801788638 -0.102623967392801 -0.0703403488212162 0.210161847304213
0.229831222397357 -0.000602114811618891 -0.0936480742552653 0.233901428388791
0.257457047837343 0.192226990332359 -0.21606396698127 0.224275443667972
0.0695743293296671 0.340250692023367 -0.352169369970932 0.129305598116019
-0.237706938663699 0.324254119021941 -0.340744159038724 0.0588072789525384
-0.440238550502247 0.230681886877434 -0.342681906533776 0.091013056774504
-0.486102843998825 0.188712827798206 -0.109330822913171 -0.181792677648162
-0.357340429074373 0.318716857503899 0.19647450650374 0.0182762966441719
-0.033872786773735 0.453390396906878 0.297849665599354 -0.326199861209523
0.26704226932831 0.350732825300015 0.0139315705449281 -0.497952545511923
0.326410352810654 0.0779759406171071 -0.289061905121435 -0.305598753291905
0.279516990114956 -0.0820431545897727 -0.326910531401785 -0.0355039036550701
0.192328313990663 -0.21701326829137 -0.19107202962892 0.107684094066956
0.122731544243791 -0.248696689338886 -0.0846211903289799 0.109090643333584
0.141355631764477 -0.248813423430001 -0.016575662530509 0.119865260438839
0.24736534144043 -0.148169807372743 0.0132961837054003 0.158015823800185
0.299358956315311 -0.021372582023074 0.0136031240885802 0.222644888976258
0.345480432424706 0.22400902931236 -0.116000989345099 0.261341170240488
0.1135558562658 0.422899657054028 -0.283883374549422 0.189745021831532
-0.269828651615032 0.394549276662017 -0.265373110175892 0.0892396440356579
-0.532921415988469 0.262651928257635 -0.165829322688887 0.0896999130696846
-0.55320237989894 0.129224238071596 0.114594733970426 -0.182614054599463
-0.491153952971451 0.304406571832951 0.326466203629011 0.0163225328865359
-0.147323737669064 0.538689882337636 0.392173120637702 -0.283974325958737
0.258714698034591 0.476513794837359 0.12103572187478 -0.470317045156936
0.387212168074661 0.141755138401749 -0.169233470123017 -0.310743115905263
0.335863828114252 -0.0704680167011699 -0.214139352642091 -0.0934754864795327
0.239251510224972 -0.237430373394324 -0.107969500509482 0.0278738120149326
0.150123414852852 -0.280149203310249 -0.01940073603217 0.0245551605757424
0.154151998895894 -0.282027817025815 0.0497201148246616 0.0330630074379513
0.259096965250784 -0.175460211701552 0.0957587976606363 0.08541906447785
0.320350075835911 -0.0415675323500591 0.116087273219922 0.186655117049987
0.376198451469319 0.22132117044628 -0.0165685795210967 0.268166854761846
0.135184560603572 0.440186658348235 -0.211262345602245 0.220195441746799
-0.271258175982725 0.40118168611844 -0.196031620695352 0.0834653146552047
-0.54995128886696 0.251431007631887 0.00839004012134102 0.0643457204717311
-0.516085170302074 0.0556644699257202 0.339871107032055 -0.143823425370498
-0.520805597791625 0.22057507219331 0.447612612176219 0.0350183679457011
-0.227031482313027 0.498467353469069 0.455151384927181 -0.197847014217332
0.187387738502192 0.499216701837309 0.220900523803027 -0.382050873377159
0.36393419799965 0.1762562530845 -0.0319180444216375 -0.277689023234237
0.327521401271535 -0.0452536176456586 -0.0785953748585692 -0.136886924287029
0.241931381537294 -0.219787553762941 -0.0148237344033612 -0.0525913615074659
0.154592920776964 -0.269995666331672 0.0494529989488032 -0.0616363687871138
0.150855478114097 -0.273557950080466 0.112609962346204 -0.0535483098875076
0.24179937543898 -0.175972344274935 0.169039688824425 0.011375066168066
0.30125370333216 -0.0419507711009825 0.20205910311162 0.143035741177969
0.345995526645255 0.211687537675393 0.0624190392155171 0.256925864940457
0.108517548768989 0.405412089345064 -0.149165725457297 0.228261650629561
-0.266000425724885 0.34167163545856 -0.140294099182215 0.0591310222319973
-0.502424998287284 0.186159823736748 0.160827943444637 0.0337337173041587
-0.379964697186245 -0.00997336776602901 0.517789383642376 -0.0858993214111749
-0.426889081942825 0.109079266322464 0.527148316870432 0.0599077640680019
-0.231611965183155 0.358823272662981 0.472536634231601 -0.0970022133328706
0.0999541188175334 0.406574216592172 0.285231003232552 -0.268884505388851
0.273877394440213 0.160502009745896 0.0899517907291373 -0.227584271556892
0.257116027238886 -0.0231698144738708 0.0463429780804503 -0.165656050365953
0.200651298544868 -0.17112218025706 0.0694925049321903 -0.124690809811224
0.133319445829883 -0.221320388093984 0.110347701371399 -0.135125346854715
0.131468327640906 -0.22531332208026 0.168692204686361 -0.12912979349796
0.203175815784597 -0.14796065518674 0.233279438077922 -0.0479116476395227
0.253286206609947 -0.0271184861945219 0.269535905797612 0.113593035702163
0.269778977402573 0.196192093065007 0.113887360659536 0.250519771183621
0.0499731646660114 0.333766822581142 -0.103236876423435 0.227564015093365
-0.252771204227963 0.237722579081322 -0.0975952398607376 0.0355401003494513
-0.400378289476484 0.0830701019650026 0.280838480148576 0.0162675923735334
-0.172434479023388 -0.0672545675177939 0.612997500353228 -0.0299259471750731
-0.245240798049296 0.000464845086761208 0.551917171375719 0.0700246705103713
-0.162934343130805 0.173449232181235 0.455897430307573 -0.0191257439150187
0.0268814708419214 0.237023734124376 0.314262096563041 -0.178187718391726
0.146447623833635 0.10190630299459 0.170888524581154 -0.19243987546163
0.143923229172498 -0.00577238235333376 0.13267254081835 -0.188551240097967
0.123663559578012 -0.0972307958488686 0.127328924071598 -0.178461756592208
0.0908493893877891 -0.139030219065225 0.155049221611172 -0.186422905124609
0.0954536807058601 -0.144638936431844 0.214912472320834 -0.181671451096192
0.142754985064391 -0.100580586333082 0.288493692762694 -0.0798667973169253
0.179241873343044 -0.00543876728099232 0.321527135428988 0.109091997648841
0.167965066300342 0.160144583554224 0.143840868674275 0.261854518734442
-0.0137736612531046 0.228227227218591 -0.0774835993002718 0.235327747813335
-0.2135569398881 0.108521702078614 -0.0706782020890755 0.0221785937709683
-0.251195033401662 -0.0297176052930481 0.360057649376429 0.019011300199284
0.0541709633193428 0.110987289147895 -0.397526936042497 0.105717797717507
0.104036398026251 -0.0160742596523492 0.0423176839975963 0.0920264117932944
0.0425244822407323 -0.109189208154395 0.0747194509477421 -0.252769624160831
-0.0673787196535928 -0.0722367285076895 -0.171421091930875 -0.308788536725774
-0.0706164389212106 0.00658948359661723 -0.380373794202079 -0.106622132100036
-0.0286223914452864 0.0284939030195404 -0.350083640080325 0.152675235111719
-0.0328109804432982 0.0376052475049887 -0.2235098024929 0.258849688848867
-0.0348485669081968 0.0295838495839571 -0.129024421939678 0.25673833972599
-0.0306465403903708 0.00640192818460337 -0.100640092014458 0.256784025751746
-0.0224172009438372 -0.0215783136591057 -0.115529492692403 0.259186474116388
-0.0092930578097075 -0.0416298378208073 -0.175067026617098 0.235908582003406
0.0471001358330067 -0.054671272722969 -0.29042258518184 0.1878296167914
0.0879929079225123 0.0050533681041885 -0.402867824328125 0.0876271518509372
0.044212758304026 0.10931353655824 -0.44786439364302 0.00278028369497652
-0.0233220891345723 0.139533733014977 -0.540886336030342 0.114022792114198
-0.115129009441842 0.199823082791141 -0.392918113876635 0.0228400432747946
0.0142252988956018 0.130403273296879 0.0424943373639001 0.0674034560783423
0.0848253794926657 0.0529353388038605 0.0886836230249678 -0.282945506020696
0.0697640651563141 0.00778105619920879 -0.17386445145405 -0.355571316494457
0.0487286417370065 -0.010382517754668 -0.395097824130261 -0.138388333711396
0.0580023922013292 -0.0368148374281789 -0.368184053343786 0.136356589355708
0.0200342995805519 -0.0698039643286005 -0.222650422722387 0.249077386834648
0.00462922264931281 -0.0786206647606337 -0.121778924808147 0.241618867873737
0.0290638912399893 -0.0940111323828493 -0.079723333091468 0.244829056152166
0.0881807902856707 -0.0704635328611954 -0.085280737521037 0.251597148987927
0.113743947280177 -0.0190517746939789 -0.130049624774489 0.241854961208526
0.153020960877607 0.0725590884767641 -0.246254083310624 0.212451495429713
0.0712354534115791 0.175237312032705 -0.366250750129905 0.130707702145187
-0.100493040463987 0.227870556343475 -0.386443141486573 0.0620022219108463
-0.23222263418417 0.213760176342764 -0.452219876554303 0.135344258006664
-0.286155787348498 0.246091134230445 -0.31484981020168 -0.0652533361841723
-0.121204085463167 0.262457172922421 0.0860137731793596 0.0315016279796645
0.087065160990998 0.23970640962571 0.134448420323478 -0.316388229815296
0.202986741037258 0.127641596393815 -0.143496009298806 -0.409772418457117
0.183959616835946 -0.00710111300727495 -0.375805680857566 -0.184459507620813
0.157351261986411 -0.0891627682429782 -0.356604840425675 0.0899665130044175
0.0829205954355242 -0.164167762831697 -0.199484194267165 0.202856562577066
0.0432213998093066 -0.175947139705744 -0.0970139970930873 0.192304900461006
0.0701768575595711 -0.185510980594472 -0.0397765604805144 0.197030908343165
0.168003081519201 -0.127760901429939 -0.0247148366137641 0.217030735773639
0.215025391190323 -0.0306337657770393 -0.045230340163488 0.237821394612367
0.269660064221842 0.14045050574212 -0.167180043231262 0.249693581711472
0.109309102420271 0.30637747178805 -0.310228285518746 0.192146467200899
-0.174279996530634 0.33984263435225 -0.310548268852413 0.1082205525174
-0.382828676723957 0.28658545479531 -0.308018179170697 0.135667253526555
-0.424397277061785 0.24422623314996 -0.162545867526539 -0.139837478255761
-0.276053384621718 0.347664436988762 0.171785683202318 -0.00656927021717496
0.0392136652520333 0.411455490075171 0.209112805777558 -0.328052731854137
0.294567898603736 0.269222411919096 -0.072761117849008 -0.441022550298194
0.306045381957563 0.0234805750887254 -0.307549403082763 -0.227709597025846
0.247778251158515 -0.116503250466625 -0.301421166320964 0.0207264584433625
0.141798266289167 -0.230531314990454 -0.15137403530551 0.127850084187169
0.0755041687541053 -0.246788448567445 -0.0581626799851751 0.116189219658828
0.090943498820896 -0.253720240298842 0.00780302426970281 0.121088107521366
0.208864720402355 -0.1787329005098 0.045269401289662 0.153019736035251
0.277349113902406 -0.0606318160750507 0.0529509068233542 0.208337163662802
0.358607388062175 0.155569733662813 -0.0673258431052736 0.26692866937002
0.163731724704878 0.376861612539929 -0.235692824037279 0.236742622836148
-0.192595445787289 0.410576137961044 -0.235116705412897 0.121703857042369
-0.462665618294631 0.328268882710695 -0.143047058084314 0.103177918135635
-0.492155995546069 0.194975919340536 0.0440226815807594 -0.186020010855919
-0.400163548996863 0.352898358044939 0.287511431126189 -0.0344522730272772
-0.0476983581519351 0.504426351739903 0.295431630185331 -0.301022844683043
0.310036568925326 0.38328204747791 0.0285475442425678 -0.426007098511711
0.371761871997977 0.069186376933447 -0.191661518191296 -0.249411585004574
0.301574514058999 -0.115539660739656 -0.203721218069495 -0.0530647142915849
0.181547327959059 -0.2570856942299 -0.0835227134660666 0.0369831154962526
0.0957810171422787 -0.280433397658096 -0.0108852331046373 0.0244911659588218
0.097580789409449 -0.287184846555006 0.0540774257576607 0.0284566318116492
0.214952573605444 -0.207040937706668 0.109962633805513 0.0700579963550327
0.295202816541672 -0.082457068691491 0.142914346754196 0.154428833686855
0.388737324533358 0.149835836383671 0.0263396319139764 0.255408772512652
0.186990135779046 0.388828482446195 -0.160871199047687 0.254314593540646
-0.19001280830752 0.417318577175136 -0.171930435575929 0.104506321010971
-0.476147351821165 0.317332765598024 0.0152103096305596 0.0493148706081096
-0.465858400171643 0.121861461160228 0.263664387488099 -0.196697314187184
-0.440319630608793 0.280120159204186 0.403118675134011 -0.0431845077755632
-0.125845380470955 0.480500802395666 0.367311231157689 -0.235082123914524
0.251904660474182 0.415515571063669 0.133914220726194 -0.36090588725424
0.357487262823407 0.102471174459196 -0.0568321591627101 -0.241586643404658
0.297904671635519 -0.0926297576566396 -0.0835752875913457 -0.118818122949634
0.186480619879028 -0.242693021685616 -0.0083085242883804 -0.054632319401243
0.10105461016813 -0.273158854483249 0.0389175199036242 -0.0678431974798516
0.0944671022877419 -0.279953241661686 0.0979008206051622 -0.0648563766532138
0.199721311919685 -0.204019611160772 0.164130054781848 -0.0142160401104991
0.277593858712913 -0.0809881992355941 0.215533164655769 0.0968027257783701
0.358754265667823 0.145095453832985 0.0984077239502916 0.230962346179647
0.156719110605944 0.358588622168408 -0.101280194268799 0.250202748774546
-0.194742684919787 0.360261014663428 -0.123033699619511 0.0727165593990653
-0.438926492113955 0.248451927958111 0.153254334850646 -0.00383406406455405
-0.343998231642228 0.0384272977568611 0.449422757912117 -0.178895419807704
-0.369844381320357 0.159995271975819 0.488208505051026 -0.0380887153698121
-0.150033051596884 0.353685108863091 0.404676422810004 -0.15376159277559
0.159355518588333 0.345264755781405 0.213799550771454 -0.274905232103079
0.273610975922024 0.100320086370227 0.0605711182405215 -0.21890609377405
0.234390042448061 -0.0616191948856238 0.0273834414447681 -0.167726886786261
0.155405515155407 -0.190260100262163 0.0573437917931559 -0.136424185739747
0.0885588744131811 -0.225275438015842 0.0838186039021628 -0.148378545219657
0.0843306241524486 -0.232663623345262 0.137355452479773 -0.147782250224645
0.167208507679327 -0.172813096930587 0.21353148066393 -0.0820373411950635
0.234941901460805 -0.0602473867235409 0.273452306040997 0.055455538710792
0.284586775304749 0.142632875926602 0.146412414364478 0.21462993430523
0.092117422206698 0.30088150919322 -0.0575447920585278 0.239890220630801
-0.199204468162086 0.26047662806281 -0.0863712188441184 0.0448560933582681
-0.357710666863471 0.136829080690064 0.263825744684392 -0.0387888888501615
-0.158289624435607 -0.0454399659857605 0.560094945301585 -0.145728066909662
-0.218344759498994 0.0312780920800851 0.522431926803657 -0.0355044651433064
-0.116238867699649 0.175394792373593 0.411193245235731 -0.0902204620935258
0.0656616672778128 0.204413111390301 0.258961357885617 -0.20804723262205
0.147564234554411 0.0658019411957522 0.135405645707442 -0.205618271828826
0.131526106999581 -0.0280001074911802 0.0987100416954131 -0.204105386837922
0.0962416471269544 -0.110426329664899 0.0985336696216997 -0.19651761366978
0.0615325689727538 -0.143624203229871 0.115331080154651 -0.204475926578187
0.0634105465317266 -0.152065017191365 0.170981230234137 -0.207383124989514
0.117949470265877 -0.118955646535773 0.259142614811017 -0.124651677190256
0.169409589155712 -0.0305724437348171 0.321989994616778 0.0418463677674182
0.18376936287345 0.126890099806923 0.178266899932762 0.219600773691436
0.0182962021160098 0.21273521181236 -0.0315468217160227 0.239007380335113
-0.181959546011769 0.134687092577239 -0.0613813705585833 0.0293786366812667
-0.233249225152576 0.0083588273314269 0.338627434634658 -0.0484274441046982
0.056447867069967 0.105683377078759 -0.382607067987082 0.10759883544024
0.101627329824919 -0.015855951296243 0.0439646656998878 0.0902058796902452
0.0387785512371453 -0.106220330841132 0.0705072963777113 -0.242618655555974
-0.0652502495248728 -0.0690783070625284 -0.169483676136321 -0.295790448943321
-0.0668168729758608 0.00757630853312094 -0.368046326655008 -0.0988966198237731
-0.0274430564303187 0.0260798901445549 -0.333069840040465 0.150324123778824
-0.0309223587314597 0.0356428527036873 -0.209166416904328 0.251817877971261
-0.0329457341321497 0.0294341481970634 -0.12137185877525 0.248738901455631
-0.0294621501352364 0.00684596578956113 -0.0927637621125011 0.24811133648187
-0.0218573495200101 -0.0209725226249206 -0.107184668869538 0.25114816246349
-0.00978607443995029 -0.039585303902529 -0.166085692847445 0.229536215078552
0.0451488341636009 -0.0523207098451851 -0.276571676613543 0.182120092668397
0.0840986150860491 0.00638061001542094 -0.385791466257026 0.0857975638490457
0.0435396181741821 0.107109792539228 -0.432899620811627 0.00162010480556917
-0.0207219527553182 0.133693103726287 -0.521975706139897 0.114842356846242
-0.105730351010964 0.193378020779295 -0.38079865261271 0.0273382342460783
0.015892658715738 0.126704328996473 0.0435011205815294 0.0665632119127095
0.082550473468527 0.0492205011301614 0.0840399301434244 -0.271922954801485
0.0689405847184809 0.00506624988394649 -0.170650000372003 -0.340733761716671
0.0477133202943009 -0.0108555500584836 -0.381908805379764 -0.128433391663693
0.0556055262607229 -0.0374171899633932 -0.350556732029123 0.135166748643803
0.0181955568021445 -0.0679992037638114 -0.209426991387306 0.240689233749589
0.00296467941425159 -0.0743626659699637 -0.114175014542064 0.233995122173019
0.0257161686657493 -0.0902136256716873 -0.0729685092301685 0.236050029746391
0.0847575048720435 -0.0700495026070821 -0.0785832721883819 0.242544832338422
0.109623338384762 -0.0198066135665552 -0.123101882239048 0.233444839914974
0.148465224195583 0.0675368499058769 -0.233675907895958 0.207466704854686
0.0713371998491807 0.1696316365756 -0.35132354183309 0.128842480357651
-0.0947549706014969 0.221072478365301 -0.373071909999359 0.0598991391783009
-0.219947809347655 0.207523186094162 -0.437933631099267 0.134251966154791
-0.270999327172287 0.240187886456684 -0.306856686341735 -0.0580838113657235
-0.11460755311594 0.255325501650279 0.0831005673636487 0.0322576987717159
0.0881891932176453 0.229392036679439 0.127330933115238 -0.302249010366037
0.198926516233962 0.118848128136146 -0.142736944694018 -0.393140179056344
0.178441164166122 -0.00957610821991247 -0.363953971930376 -0.174640104182653
0.150804966792082 -0.0892271817233059 -0.33938837716977 0.0899189370405198
0.0767374573175561 -0.159557469583549 -0.188364254046361 0.195397961828982
0.037656744078169 -0.168055964421345 -0.091487137725685 0.185400909107985
0.0633061151268826 -0.178561962496396 -0.0351167228708045 0.18889924189757
0.160062012207378 -0.126714506629425 -0.0206545767589073 0.207830077679568
0.206528652605626 -0.0334061320954706 -0.0408555078585422 0.2291308233584
0.261650789004899 0.130271185093178 -0.156148129776306 0.24332106020028
0.110593600409203 0.294640808777329 -0.296917202585042 0.186832703407131
-0.164601557654576 0.330130537590542 -0.299521208343959 0.104609598108125
-0.363299005910174 0.278761752905252 -0.298912476824057 0.131440605981839
-0.403317086832482 0.238957329053155 -0.160198617308879 -0.131597639541796
-0.262945493434647 0.338635389392738 0.164039348473891 -0.0045393618049751
0.0446174210867666 0.393807355684665 0.198362053535149 -0.314176436782088
0.290214067347563 0.253355407261262 -0.0748804856608932 -0.424189002281283
0.296293260763051 0.017736216500247 -0.298325617325762 -0.216751071433741
0.23797904085635 -0.117151598024528 -0.287813339305716 0.0239533787578783
0.132925944897594 -0.223685068224104 -0.144414692502163 0.122573060382537
0.0666365430756888 -0.236714232684378 -0.0553749075457829 0.111165302909478
0.08206949510065 -0.243339861828688 0.00870251239383082 0.115108086705839
0.197833114877408 -0.175925078156103 0.0460517933844227 0.146396558900862
0.266687335567996 -0.0628892163645249 0.0538411024867795 0.199622382022381
0.347430992342965 0.144116161885697 -0.0608072227788176 0.258882695378078
0.163536862514493 0.360213749816294 -0.22499995155148 0.232163505647767
-0.18061124961257 0.398169228162144 -0.22644506069956 0.117511885649227
-0.438043213090641 0.320215706623228 -0.140369891499185 0.0983397979543643
-0.469411188613007 0.194528818144847 0.0388311545937907 -0.178036947886019
-0.382892873294862 0.345335502546477 0.274776536342641 -0.0310835177037937
-0.0377471844400417 0.485330501687564 0.281045147845407 -0.289225762066358
0.306807136709722 0.363286510263182 0.0248370598200069 -0.409594838839681
0.360505101766285 0.0608872452497098 -0.18670065129106 -0.238328172785668
0.289143425914209 -0.115856907641583 -0.194963429987144 -0.0496627846245498
0.169562972553879 -0.250244398527325 -0.0810111172494522 0.0333629360469202
0.0849704605540652 -0.26942147753871 -0.0102980664442883 0.0223818329079027
0.0869005439353588 -0.275011714819723 0.0528047174573392 0.0259084086338401
0.2041931295877 -0.202826219599826 0.106264945546419 0.0652736809628107
0.282926235908396 -0.0838299453473031 0.139832431682958 0.146938921443129
0.37606264949023 0.137329280780253 0.0305711173021471 0.247437734577456
0.186221875643009 0.369566507682993 -0.152235019405986 0.24871988182332
-0.178323575238577 0.404439553472549 -0.165958136477161 0.101872109724368
-0.452356161680837 0.310633616418435 0.0126713322466852 0.0445982576245405
-0.443296140949337 0.123175678544261 0.250873495797518 -0.190422009280254
-0.418999777695842 0.274889842949089 0.384506658609934 -0.0399603021949427
-0.114011840354083 0.461972456028372 0.351249275733572 -0.22687268014879
0.250621611693831 0.39517620959092 0.126957350597881 -0.347915593960058
0.346770127274553 0.094164294275912 -0.0562279160087954 -0.232526044636669
0.285601150763445 -0.0932524501984403 -0.0796968747783265 -0.114157603135475
0.175465172342462 -0.235357245505164 -0.00943621771742207 -0.0563016703339189
0.0911239594502349 -0.262568072043401 0.0364052490653293 -0.0673664801696782
0.0849274929557219 -0.268268898701304 0.0933909681129703 -0.0641832418758453
0.188372630281909 -0.199510913798606 0.157753138860274 -0.0159129375152922
0.26631316205299 -0.0823261411924428 0.208720479758667 0.0902181261127996
0.347351818427078 0.134289787533033 0.0995925646379811 0.221800297884689
0.156687559484972 0.341881373900809 -0.0944600282067121 0.244139169635977
-0.183847149560501 0.34886421758787 -0.119889513847442 0.0724296679393912
-0.415484545515142 0.243475502914374 0.145029815662774 -0.00851975112837471
-0.329096673972192 0.0424138293588859 0.430865146559225 -0.176424205105009
-0.353189315286118 0.159062220627483 0.466950328435293 -0.03645139058287
-0.138106792482957 0.340491158956677 0.389217086400073 -0.14840247631438
0.160294427625597 0.329105301509987 0.204078409297657 -0.265799728084316
0.265152603326914 0.0934079018528061 0.0569840914092621 -0.211428292456133
0.225950157009254 -0.0627252702805977 0.0251763829806283 -0.163608769304262
0.146317542304957 -0.184990354386209 0.0529635172447494 -0.134795145380242
0.0802916993593333 -0.216891873023591 0.0785028216576876 -0.146297714619108
0.075531144433177 -0.223430280747869 0.130589383298799 -0.143011676114822
0.157551256299025 -0.168104558989011 0.204527318656623 -0.0807822544216377
0.225401284893954 -0.061168656244329 0.262893034846132 0.0506667167227678
0.275126903546611 0.132540418914462 0.144962527071413 0.206645945604166
0.0927440331997379 0.287080542975204 -0.0533899420163655 0.233777316270494
-0.188040421042704 0.252571334202105 -0.0836905282748025 0.0443683436817931
-0.338947019388498 0.135054795841766 0.251974567068063 -0.043563712034148
-0.151358057363115 -0.0409934228655857 0.539902691175965 -0.146328574171095
-0.208312357152823 0.0322910222941303 0.500079893831439 -0.0357227841224572
-0.107806857292087 0.168188486297379 0.395851803323602 -0.0880032427404711
0.0673754296157494 0.194901305365004 0.248882339864945 -0.201569157968354
0.143810157569244 0.0621529677055075 0.129095745472464 -0.200200300548091
0.127185762377522 -0.028460572352504 0.0928710542220131 -0.199490333950735
0.091016735108672 -0.107847341102216 0.0928364863745978 -0.192877285317211
0.0556804583738353 -0.138196164271363 0.109488637466698 -0.200634481090038
0.0577073975892942 -0.146198696191883 0.161500273739844 -0.200913628138629
0.110485862080412 -0.115320926589727 0.247244388906618 -0.121055522563945
0.163534713711328 -0.0315122324759625 0.308761396009818 0.0357549065565309
0.178183533024673 0.11854743582736 0.175038949025402 0.210151575220478
0.0197911958583095 0.203212451298321 -0.0281515776568174 0.232249733773802
-0.174114312615532 0.131943827839334 -0.0598546853589485 0.0294812148777918
-0.220810879381727 0.0108265942118745 0.324836429194417 -0.0529493712027665
0.0582337829167189 0.104767531142623 -0.38462239309289 0.107638225362546
0.102837783064346 -0.0148067221215602 0.045851924944934 0.0925292842465779
0.0385565084735837 -0.105521486588618 0.0732435877086558 -0.241359114355861
-0.0651800891330861 -0.069451430622511 -0.167787450598467 -0.295914540941713
-0.0656380567045316 0.0067227562565104 -0.367017027362131 -0.101592993221696
-0.0273969160733685 0.0246405966105458 -0.331171095539529 0.146918087584439
-0.0302019804245376 0.0346904573696377 -0.206843062279585 0.250059576451994
-0.0320523304405889 0.0295386421105347 -0.121971053892004 0.248330304754317
-0.0287241695598232 0.00653627716650363 -0.0933083707279953 0.247515161235961
-0.021062058887133 -0.0204353221715835 -0.107578037592802 0.250130632139298
-0.00964261975405398 -0.0386918327614393 -0.167560465877877 0.228104548981581
0.0454541241402459 -0.0513869811388465 -0.276853900246173 0.178400121254147
0.0831341545672926 0.00850316061386756 -0.384095108071502 0.0805262242595007
0.0424240170017611 0.108847854388976 -0.433167765145116 -0.00429907086979384
-0.0214088336537144 0.132270966764224 -0.526660621988224 0.112276539331419
-0.104462592376613 0.192072807360317 -0.383511455809577 0.0272356472694487
0.0160079244000011 0.127653091532126 0.0438293766097639 0.069382270192724
0.0825497918443967 0.0488200083317173 0.0864343843847396 -0.269257649744653
0.0694773604502869 0.00498555727257179 -0.169536098156277 -0.341887827175786
0.0489175742772556 -0.0116622273407282 -0.380953974025971 -0.131631968652819
0.0555698178228274 -0.0386855027466329 -0.347596807080053 0.132115484653514
0.0176879542239252 -0.067383433449873 -0.208355627231049 0.238736463931724
0.00258809192950616 -0.0729814905655983 -0.114943552688072 0.232621359899695
0.0256482899672693 -0.0899622291761934 -0.0735045744881929 0.234057591824923
0.0842270769395999 -0.0698493080288823 -0.0790497257400625 0.241150269497787
0.109662002814586 -0.0198318670589658 -0.124189955681019 0.23213757782292
0.14813769282877 0.0671780983410193 -0.233922195784349 0.205152295782863
0.0706605822599849 0.170874291785395 -0.351149476705572 0.124980610168493
-0.0968662496692987 0.222329577370354 -0.373628566180395 0.0547595474228863
-0.220413847863107 0.204798569254307 -0.441072183953778 0.132591672828417
-0.269641701876426 0.238965077691159 -0.309478820171621 -0.0568403684384439
-0.115266651092532 0.256474776040123 0.0829861209234977 0.0363034765138949
0.0881195471888721 0.227125648314476 0.130063976115647 -0.298525786683284
0.200597000503244 0.11796306438679 -0.14023701191935 -0.393769640339163
0.179747455267167 -0.00993736969745209 -0.362483949075007 -0.176618256657333
0.150554878637904 -0.0903390739394751 -0.336965465654746 0.0877834674383986
0.0760021220623846 -0.158793599187105 -0.188012064854077 0.192829839855751
0.0361340627446836 -0.1665238056005 -0.0925190397622241 0.184345032521747
0.0623056249841189 -0.176177970309973 -0.036131051769689 0.18664820032991
0.15926237538102 -0.126715790111603 -0.0211771803398202 0.207138519567778
0.206907659213455 -0.0329898932039342 -0.041737053933575 0.228571526255988
0.26132698451957 0.129364095796826 -0.156010296404208 0.242326766402779
0.110198587808254 0.294648372759355 -0.29823843661346 0.185401876710684
-0.16754895774048 0.329477079426537 -0.300765048630081 0.100521917683112
-0.362774654573049 0.275077205465202 -0.302630373028063 0.12832812183559
-0.404331264144402 0.23725980439247 -0.162076144452179 -0.129192557010036
-0.264972571571936 0.339016138251815 0.163199519347503 0.00145715344357265
0.044564394125048 0.391457110444585 0.201167556523505 -0.309665279047889
0.292011502036022 0.252382275385229 -0.0711012505416175 -0.423732548402059
0.297176261919381 0.0178249987706384 -0.295981719157663 -0.21829546717836
0.238120751843981 -0.117841199639867 -0.285052168745955 0.0211198944806761
0.131687903459649 -0.223171341191098 -0.144848311363721 0.118686098019855
0.0649216957849476 -0.234396043612308 -0.0564194635880397 0.109518510329753
0.0804045624657582 -0.240426037563498 0.00863770577813789 0.11305639741105
0.19668794928516 -0.176248536800324 0.0454568282851592 0.145643643976498
0.265712479112545 -0.0625779894149978 0.0526948455998637 0.19863269871314
0.34719566410764 0.142422709038552 -0.059377825026291 0.25883908372837
0.165089677836291 0.360538826203115 -0.226547284388185 0.23127949266764
-0.183406237518922 0.397296639942999 -0.227993344972186 0.115552192806842
-0.436195034306836 0.315950700076319 -0.143902320634694 0.0953764354159329
-0.46754397307641 0.193630053547105 0.0378118358641536 -0.174948064030785
-0.383473561973738 0.344754700368518 0.273020155791045 -0.0244321934115808
-0.0370901785396658 0.482391051413251 0.284685249797448 -0.28344936945617
0.309424496138937 0.362442967922375 0.0277615122748063 -0.408526112045968
0.361139211245226 0.0612169578008149 -0.184030506794183 -0.23994950384842
0.290134241682287 -0.116296506755426 -0.192256732416358 -0.0515291336161846
0.168809791568992 -0.24915333957857 -0.0817801299749884 0.0299569491338788
0.0837324964217729 -0.267329203122164 -0.0117509687639146 0.0205937828010687
0.0848154236435759 -0.271598412333723 0.0524477330399283 0.0247168877737643
0.203495976517967 -0.202083894719044 0.105780808018943 0.0653901001324476
0.28242539952921 -0.0835838107470568 0.139406754618502 0.146171723054504
0.374937093597012 0.135948618072298 0.0322478728525069 0.247921124301764
0.185481660604657 0.368814789930663 -0.153741407368445 0.249007111857054
-0.180145516259467 0.401323145740968 -0.167685499681519 0.100121256380186
-0.449078338017542 0.306885203800129 0.00994762209961073 0.0422318169634096
-0.442557392621653 0.120902643600014 0.252004280102012 -0.18737900004468
-0.420294072381464 0.272550616616065 0.383110838472311 -0.0322912766349136
-0.112685351728128 0.458230912155172 0.352218106953276 -0.221497195109333
0.253536758999834 0.393110789111998 0.129296501228381 -0.345786993391572
0.346724287282608 0.0945114888564799 -0.0538695729253283 -0.233250758387376
0.286952461120934 -0.0932559407938688 -0.0781234433779921 -0.115283008030507
0.174502492809262 -0.234064983283194 -0.0100924516913331 -0.0594520628453635
0.08905516383362 -0.260477979401186 0.0358070300431081 -0.0694865634236859
0.0833714108129572 -0.264400871628985 0.0940132866092006 -0.0644791163499603
0.18801443615423 -0.198300012045436 0.157724462765687 -0.0140299411504199
0.265680762826886 -0.0821751796456239 0.207850677686308 0.0909427689727597
0.345756162001833 0.133370632364944 0.101562911235868 0.223189361903213
0.156032620506259 0.340713712603532 -0.0951522723862795 0.245478427542281
-0.18477054621059 0.346928701237665 -0.120178948017059 0.0713451840614048
-0.412595014458756 0.24009812009761 0.142994425156311 -0.010286305411927
-0.327334474880713 0.0418487836932069 0.433008389793572 -0.17195671818248
-0.352423013629165 0.156550378237299 0.464516536991195 -0.0279703813735404
-0.137848153221853 0.33565998845891 0.390641314592964 -0.143722230011966
0.162448605543697 0.328029054828083 0.206325599312212 -0.263672411161918
0.265576335555044 0.0938296714177411 0.0594301204781467 -0.212200863362123
0.226946590983768 -0.0619201618235261 0.0265902368669001 -0.164440312640013
0.144914398965199 -0.184611295908521 0.0521344866517547 -0.137709965972866
0.0778351978531081 -0.215284837731969 0.0784609374367805 -0.148228762502292
0.0739171360362349 -0.22051057638485 0.131071918905415 -0.142951826091651
0.156867343987726 -0.167384299041955 0.204020051339697 -0.0792632085626411
0.225240777112725 -0.061665083377106 0.261881555425055 0.0511508696741513
0.273633381584835 0.132706782797424 0.146257768804752 0.207576192447875
0.0912606811027301 0.285261913959109 -0.0533972375608251 0.235778331393088
-0.189221677179683 0.251107310247194 -0.0843253917736756 0.0439682041528843
-0.33578208036627 0.133179686006405 0.250891411814848 -0.0448299740616716
-0.149123445674321 -0.0407768264553552 0.543395008730131 -0.143037139563277
-0.206621854603404 0.0313912073589121 0.498611494541011 -0.0279800322490501
-0.107053631192647 0.165547878230803 0.397414686436632 -0.0832982312392377
0.0693850930357503 0.194255153592385 0.250511870423666 -0.19870405240813
0.143096707741277 0.0626904359179169 0.130542668944723 -0.19967492604256
0.1270957313211 -0.0275203233180918 0.0933706093511509 -0.200286721693912
0.0899796220994547 -0.106347220730037 0.0920198666326566 -0.194280114759901
0.0539509383833839 -0.137394606848392 0.109895733381836 -0.20290547871939
0.0561681869911803 -0.145092616401793 0.162206427716213 -0.19932288627822
0.109422338161924 -0.114560037955097 0.247282913524931 -0.118234674992536
0.163014736961312 -0.0318317269227355 0.306895716882806 0.0374871322451064
0.176915627300526 0.11823023600817 0.174130162152696 0.211391778242109
0.0173468370884327 0.201845217379984 -0.0293964409348026 0.23427164320417
-0.173691258048841 0.130292473764837 -0.0617190736133446 0.0291184152015963
-0.217605705039289 0.00984655921859152 0.323694338416215 -0.0557835152514389
0.0636476516989419 0.106276515327597 -0.398945491568542 0.118278329970414
0.107463448015894 -0.0157152401436634 0.051059760297416 0.0975344220205236
0.038217651721406 -0.109774377571463 0.0760368952293254 -0.249704403672304
-0.0677181566821894 -0.0709423270441366 -0.176733068858873 -0.305462750211008
-0.0673674025373071 0.00674862301333808 -0.381611886362331 -0.103163214872743
-0.0290689295021878 0.0240495299553514 -0.339637957789156 0.152855317833643
-0.0307365400493081 0.036172598281339 -0.209302758083303 0.259466986148084
-0.0319455296475151 0.0317967314766205 -0.123417092335236 0.258576657889783
-0.0283775911751491 0.00673790493517223 -0.0938916071675789 0.257381982816047
-0.0216947189894528 -0.0211054989173764 -0.108891217672098 0.260906824428804
-0.00999354603043075 -0.0392246940510578 -0.17262089646528 0.237823497109614
0.0471894519008438 -0.0529966494382444 -0.286736558561715 0.18410227879543
0.0855890747336084 0.0105580955185215 -0.396529244453329 0.0828415897427251
0.0438489897431955 0.114662152152922 -0.449802481443928 -0.00587750391027816
-0.021561943744658 0.136391155509332 -0.547564908902225 0.119237978433216
-0.104648106175003 0.199196000394641 -0.399678059454924 0.0352163219921106
0.018076855069424 0.133018851514945 0.0481711936889309 0.0745740584813866
0.085804061249463 0.049390637496953 0.0900443120874473 -0.278459793959932
0.073324568599373 0.00344462948880142 -0.177495892738395 -0.35268194657338
0.0517198690312468 -0.0132856636280188 -0.395507017277959 -0.134495026753269
0.0569595239638251 -0.0427107590071861 -0.357861945635307 0.138418103228226
0.0176760673648735 -0.0702976619170183 -0.211930847058988 0.247190640566879
0.00129281317783956 -0.0746248988563551 -0.117710378348293 0.242672949623239
0.0254337967274582 -0.0923527814899025 -0.0739248729523494 0.242450920477721
0.0867822030461774 -0.0737728293496636 -0.079444063352719 0.250704956785254
0.112843278384301 -0.0211900345708494 -0.127009235006659 0.24177719736666
0.154388650481599 0.0684286943341173 -0.240300552200679 0.212743834962853
0.0749131375610785 0.177777668264799 -0.363158431908649 0.130651484552685
-0.100049768081405 0.232306960200731 -0.38782281965765 0.0554469949978443
-0.226452739180837 0.213844276890661 -0.459229395675613 0.138314864363759
-0.274819711051576 0.248647970696086 -0.323276779952275 -0.0524099274032689
-0.117631156600342 0.268470014822873 0.0870302998269798 0.0412035271606493
0.0943857644321075 0.233454726215967 0.134358170001253 -0.308690913911235
0.211397673391407 0.118286033991271 -0.148096261597928 -0.407049072705042
0.187466268674269 -0.0126958687392116 -0.376225575352984 -0.181770749928318
0.155204680180423 -0.0971709802507493 -0.346549289102212 0.0919298118053255
0.0766055832516436 -0.165529465389437 -0.192882849580464 0.198637304816005
0.0343460034855227 -0.170662949305463 -0.0945969063070171 0.190349516617797
0.0624431503610102 -0.18178365246442 -0.0359714886801767 0.192662563227235
0.164319560487377 -0.133677014997927 -0.0201701975848904 0.213932193533224
0.213475208720362 -0.0365954861678008 -0.0419451369842738 0.236054635040569
0.272517015868097 0.130103330605873 -0.158824341172688 0.251534634805339
0.118169304190669 0.304745607197568 -0.307641452592338 0.193696598097003
-0.171511004740777 0.344425104023225 -0.311953656627131 0.103321299487417
-0.37310821206064 0.287020661858432 -0.316264635936616 0.134144696135346
-0.413645416992328 0.248533767808394 -0.171025580487751 -0.129941980580771
-0.271592695916986 0.35502489452574 0.169181248523896 0.00538941459770159
0.0520232429759611 0.403467436510567 0.207654375769778 -0.319497185573044
0.307807541931006 0.256429943869387 -0.0764648178934089 -0.438969429621947
0.309982814120895 0.0147662239508185 -0.308230858667035 -0.225020513301648
0.246025939079121 -0.126345457169495 -0.293348208884846 0.0225118501752205
0.132901527992295 -0.231271685722012 -0.149313555213863 0.12149347488918
0.062225519975831 -0.240803319695336 -0.0579218064820385 0.112873271117153
0.0798081710824618 -0.247756024929536 0.00956129998347191 0.11515842876391
0.202339290076494 -0.185336164737918 0.0479786585241892 0.14930257227969
0.274091975770694 -0.068500393376958 0.0560630612581222 0.204391558548776
0.361073225534884 0.142444342703871 -0.0576971056949265 0.268131875226034
0.175647517505527 0.370167958235575 -0.23305575307639 0.24265099003394
-0.187524255099699 0.413314581698321 -0.236462482362261 0.119426884343936
-0.447685609116427 0.33122526914039 -0.151491794436374 0.097372418115678
-0.482224169503184 0.202792583172218 0.037773504313383 -0.178411661868829
-0.396246839163391 0.362286846648309 0.282661396684552 -0.021729936269575
-0.0312481402265586 0.497837465339488 0.29363528917591 -0.29383081405099
0.326454067032003 0.369539258746545 0.0266950612297493 -0.423684069336815
0.376590101393919 0.0590683600520108 -0.1913921585975 -0.248913061870819
0.300913585845221 -0.124369697515575 -0.197670811771848 -0.0533563728102897
0.171529815259457 -0.258540785041034 -0.0854747108807745 0.0281732878592222
0.0810119669308036 -0.276179483950208 -0.0124275360085055 0.019257000735072
0.0827554749976034 -0.279023823909091 0.0549197561567911 0.0235691652242371
0.207811866062652 -0.212587014799695 0.109639618590937 0.0664029805320136
0.29114040005409 -0.0903789808071242 0.145328215538271 0.150377500576123
0.390210120871671 0.136450197302351 0.0373720719510897 0.25605720400871
0.197783831927955 0.379685186876856 -0.157712672867444 0.26158487856465
-0.185844833151954 0.417793910827692 -0.174260911306995 0.104696518290422
-0.459840376991818 0.321136015268742 0.00767732098462931 0.0409282820874788
-0.453842118967614 0.129252906014406 0.260588851745376 -0.192695913484592
-0.434493896283348 0.287716823919029 0.397108933490762 -0.0306627645762071
-0.112992199822164 0.474177349427569 0.365086814661678 -0.228422380447774
0.268761326727876 0.403213134936767 0.132305080827399 -0.358743901612045
0.362352475709429 0.0936441583956654 -0.0571786489907182 -0.242803120165251
0.297947590057145 -0.100963404528945 -0.0805101477652035 -0.120281516762876
0.176920895751676 -0.244175434450954 -0.0129871419807053 -0.0644866064914734
0.0864090614653133 -0.269122230402874 0.0357915709338506 -0.0746649772513932
0.0810046227363123 -0.272653183282083 0.0965973118005252 -0.0688902924667021
0.191624475564666 -0.208572737881888 0.163098440964757 -0.0158580068942234
0.274236664917489 -0.0883860269201071 0.215758839126757 0.0923973160293317
0.359549726330119 0.134382034927106 0.109197103118641 0.230485852342843
0.165411752541907 0.349680748440999 -0.0977059902448424 0.257817835546251
-0.189647508663422 0.360225242195164 -0.125507375263399 0.0744958445873727
-0.422877423068865 0.251446210696459 0.146586427567558 -0.0145049612749317
-0.33615052238298 0.0454447941849367 0.449676675557768 -0.17944262814635
-0.364122672596352 0.16532656421378 0.482629526973173 -0.0269602192493955
-0.138846308824421 0.347970881406964 0.403934274613061 -0.148803085444716
0.173627005196355 0.336381283638408 0.21206251646782 -0.27400808652453
0.277423398358284 0.0941173539216811 0.0611759138819748 -0.220409585876354
0.23494171089659 -0.0667267336288062 0.0269927729732053 -0.172251181794816
0.147393048354211 -0.191571340800267 0.0517439113977186 -0.146216085869165
0.0754398711599111 -0.222402779200669 0.0788627619774002 -0.1567514581003
0.0726091250291965 -0.227182178352328 0.135082365540156 -0.150280625062219
0.159089651278364 -0.175081317244535 0.210646194667401 -0.0823345838889566
0.231804081349405 -0.0660619786545197 0.271026571690031 0.0510120103990641
0.28580627079605 0.134232578010058 0.154511057148699 0.213859695788524
0.0973709308025839 0.29297071446367 -0.0545925452612707 0.246832990755781
-0.194480503749328 0.260253081888694 -0.0884422300270194 0.0472549927732554
-0.343069673190609 0.140088594682389 0.257530200187307 -0.0514825113201918
-0.152892074249938 -0.0404253276726755 0.565215011993618 -0.152249224294813
-0.213410995400201 0.0331695318330324 0.517869235455866 -0.028822747305058
-0.109262632541744 0.169925554425574 0.41175959903598 -0.0868919014096125
0.0758377057335011 0.199724489215396 0.258506318498314 -0.20693034849684
0.149628290113578 0.0642830527062078 0.134964098274634 -0.207703744050571
0.132702633681723 -0.0292653178003978 0.0950642725775582 -0.21016048470774
0.091572218355257 -0.110625503824665 0.0926953747380146 -0.204973438432351
0.052396116219631 -0.141485856320925 0.110692574347609 -0.214688057429411
0.0553145526827986 -0.149517521477349 0.167107363879368 -0.207613108128517
0.11106642485053 -0.119209230069098 0.255908251498171 -0.123431227266731
0.168075213658261 -0.0352369459777107 0.317440771063307 0.036548524615124
0.184454626710163 0.121318857648549 0.183134051628954 0.219043730885235
0.0197773523617053 0.20664156846328 -0.0288401925773645 0.244605310827846
-0.17787843434287 0.135733444729763 -0.0646121171621309 0.0310798249764987
-0.222565686892002 0.0121119549870041 0.333775985248164 -0.0630302814647316
0.0735863993620192 0.106234532397618 -0.416972797921188 0.1477065332736
0.114161464669838 -0.0218773277263021 0.0616404194791713 0.102166547505629
0.0344486827219861 -0.117480085506272 0.0712311875732192 -0.266751935358522
-0.0742848199921146 -0.0721298410035517 -0.200243334050333 -0.313425699663136
-0.0703573964632963 0.00991878199440879 -0.406453457097667 -0.0921548015345281
-0.0299460679552225 0.0261476366363408 -0.350929891645476 0.175632432992552
-0.0298320458731181 0.0386235915420213 -0.204993306825302 0.282490707926345
-0.0308735684171118 0.0355054464852435 -0.118028546466533 0.279713122187616
-0.0287904137538157 0.00808459567475116 -0.0867302176055147 0.277282092330348
-0.0232595302232473 -0.0213354482518533 -0.101830815633712 0.279632962625801
-0.012294471167988 -0.0399893707854267 -0.172212400008314 0.259685842790003
0.0475859173792773 -0.0580116661717362 -0.294797657229214 0.205310620228398
0.0907815922868258 0.00930018123713684 -0.41263253221245 0.102011723664738
0.0517230941993827 0.122259187977612 -0.474948584163166 0.00912038712726063
-0.0164514212654207 0.144443044441451 -0.575043223666683 0.152562941648745
-0.0991112189323512 0.213142755008467 -0.422688651967301 0.059747629807637
0.026339335619323 0.140835379245319 0.0568995784046409 0.0797738750017786
0.0930402674349752 0.0471972883799535 0.0847050644180324 -0.296689851615965
0.078947857195188 -0.000582913683124731 -0.204414473714457 -0.363977203052
0.0546538221684857 -0.0180026717707577 -0.423610355582953 -0.123862603038575
0.0571505394957031 -0.0491606550537128 -0.36928431011732 0.161379328512906
0.0148068208252547 -0.075312162163895 -0.210361605471837 0.269400039116353
-0.00255331089066667 -0.0772200494200477 -0.11334306539512 0.261552505073409
0.0228182308851332 -0.0986042828060943 -0.0674879998766617 0.259067881517543
0.0886723352023793 -0.0822789020137643 -0.071495264210363 0.268548429669771
0.118136237720335 -0.0274207091868459 -0.124788524502248 0.260348377084585
0.167421659371287 0.0636542726547931 -0.24325258912927 0.234261361369303
0.0886225595333415 0.185789437322095 -0.375793032181159 0.151776146977951
-0.0950637594271445 0.252665845297575 -0.407587258800755 0.0715230870555992
-0.22818559643215 0.235063475552437 -0.482352541032233 0.167282497947112
-0.276609248657187 0.274676010215737 -0.345822229616999 -0.0363789904161436
-0.111035405401532 0.290329045150923 0.0959527702859821 0.0435977485389804
0.11192613176118 0.241287810565484 0.129307197371353 -0.329642005943672
0.231029342743641 0.112820555339282 -0.175169888380292 -0.422596671407728
0.19927386833273 -0.0245218625513337 -0.405656813036248 -0.175793726697523
0.1586863173602 -0.112109591908318 -0.359521856099664 0.111132088362493
0.0711961416199675 -0.177732239429005 -0.19471468144642 0.216395507631071
0.0261923479744797 -0.179902157256197 -0.0917419193359781 0.205513305735023
0.056202873067555 -0.194148542453132 -0.0299254978110344 0.204209650507613
0.166115061106398 -0.149234733213693 -0.0105977117127389 0.226301902894177
0.223548618704076 -0.0489044357488449 -0.0341660991014247 0.25069309301537
0.295218599360052 0.123301519182584 -0.155069544923289 0.271766246345979
0.140890583019182 0.316199672193652 -0.315073130821737 0.218243383971194
-0.16608846579066 0.372827998584282 -0.325028192153811 0.120637497560155
-0.378568137622418 0.320153914835976 -0.331381051280686 0.154916197212474
-0.423074688904831 0.279971322387689 -0.187368363253856 -0.124561191582632
-0.270555935480129 0.389665162335874 0.180653320155745 0.0024295848064024
0.0751157159239026 0.422844657000721 0.206147626152671 -0.343500773068087
0.340260320269951 0.253293387330775 -0.101595153819207 -0.459098675466463
0.330495072498056 -0.00226640012807507 -0.335912610016931 -0.225306607748268
0.253873625708914 -0.147764366962158 -0.306847908227557 0.0360551075277517
0.127806419127573 -0.250836856658161 -0.153200379325145 0.132323118621519
0.0512134556746493 -0.255535848031272 -0.0573390656926531 0.120687115125327
0.0708219847346619 -0.263181840654087 0.014823616234796 0.119295056450146
0.203666856007933 -0.205967305270722 0.0578952427853338 0.154869444051119
0.284955628037467 -0.0862632867580052 0.068642189796438 0.212588236311195
0.389585302331398 0.131724734777799 -0.0466437431602301 0.284279024604245
0.205995567520612 0.380487774427595 -0.235288166864434 0.268184108162803
-0.17963169257216 0.44684545550936 -0.244793273250973 0.135024824168418
-0.455244218191266 0.370276434760169 -0.157801247814715 0.108280135531089
-0.497052327452496 0.236634553349037 0.0318189088093284 -0.187226400108839
-0.401555261058945 0.40216299971321 0.298669441416634 -0.0313029332386571
-0.00841466222760905 0.524693886964813 0.29731031044379 -0.319239872722996
0.366419895465856 0.372398827426172 0.00844213910488329 -0.447540474376651
0.402612361741983 0.0429800797589473 -0.213123458352365 -0.255215854575822
0.311336503136405 -0.148779806937842 -0.20953552629469 -0.0491576619561116
0.166632559965512 -0.280739099951187 -0.0907043850754426 0.0307106283914161
0.0687834426970296 -0.292985995382673 -0.0139742377657327 0.0192912067600619
0.0730971355559006 -0.296872594867538 0.0583397065639698 0.0198801690558574
0.207376161705287 -0.23443769498555 0.119659842984665 0.0654790882257172
0.3020162215525 -0.110449019448303 0.160654449463092 0.151050588982379
0.419756790439148 0.1229892133603 0.0533318805082061 0.266525073740134
0.227052512027433 0.388507107973326 -0.153769186797184 0.286421342977531
-0.176757346841979 0.450052787143125 -0.178843210301547 0.118084095976881
-0.467962146599102 0.359406734705366 0.00803408038640399 0.0411593049768891
-0.471062407497397 0.157722625305938 0.267021712539132 -0.213960203871024
-0.445660059973476 0.325976077272943 0.418921443963724 -0.0465047364076584
-0.0952885590464111 0.503533756550637 0.375730301260329 -0.255100538313977
0.307054696503602 0.410481912425445 0.122327320381955 -0.383741635837497
0.389695133147398 0.0805177590077257 -0.0700543510391077 -0.254075158615954
0.310005576308091 -0.122633262197294 -0.089369441114926 -0.125321262556202
0.173624609273705 -0.26480241426774 -0.0185266119967425 -0.0711048452645087
0.0746861947570806 -0.286539334325832 0.0321383067746544 -0.0826702584670172
0.0706010395529383 -0.289072616140977 0.0990817098085457 -0.0799447175196613
0.190330816352017 -0.228891847811724 0.171390158192843 -0.0234648733433466
0.283448092838901 -0.107378346367694 0.231842883262063 0.0865759352694337
0.386905892549187 0.122787857478527 0.127188953195636 0.237257914932039
0.192460005449561 0.358724824178322 -0.0889455645110675 0.279698610359534
-0.183724912812888 0.389578364741009 -0.128748949816554 0.084830874734243
-0.432704203650192 0.284306392281436 0.15215934175926 -0.0247260089048595
-0.350801277610955 0.0635398629897997 0.468773356712578 -0.209074416158315
-0.376063034756722 0.192291050114901 0.509460266389011 -0.0478972300725677
-0.1298225808812 0.371199859373365 0.419492649341702 -0.172230252939936
0.202954506227964 0.344606261909446 0.211099675006806 -0.29650835391291
0.29886927577949 0.0853042797178495 0.0556416896752047 -0.236217361042867
0.246496374032229 -0.0834415994461944 0.0213979771080755 -0.185285187924586
0.145052110628589 -0.208759598829224 0.0460862187227277 -0.159591243625469
0.0656978552521257 -0.23680520047151 0.0738655130819184 -0.172716354886277
0.0642157681804294 -0.241910905474605 0.134696916605892 -0.166227057724893
0.158380230417026 -0.191498145614388 0.219279176357683 -0.0970813019350252
0.240222072236291 -0.0816013382345399 0.287779285439811 0.0408478474829251
0.309236680652357 0.126626832330515 0.174558448400924 0.218572936897166
0.115801417703881 0.301994538654125 -0.0448212362159274 0.26624757029601
-0.192901139462605 0.282789535889211 -0.0917842833106142 0.0547741265188841
-0.352241751792425 0.163535494150812 0.268681747265082 -0.0701758035253408
-0.160473196982283 -0.0355620962883287 0.592786397110477 -0.186352088761383
-0.222297781664738 0.0445146286841464 0.54654760896699 -0.0496951611002607
-0.107303177488589 0.182959661311357 0.430850191417046 -0.1088456879295
0.0921089536337505 0.204733947258093 0.263720172165949 -0.228318389562161
0.161860275102252 0.0605150369089769 0.134089733768485 -0.224509323801897
0.139510938560853 -0.0374584166116014 0.0908751115780587 -0.227569458243817
0.0902856761574785 -0.120709922843658 0.0866163988662985 -0.222834913139498
0.0457007328513316 -0.151002867816608 0.104046100191461 -0.235328680979484
0.0497118984224504 -0.159585535291459 0.165159918285298 -0.228252857498345
0.109581308069299 -0.130538826744868 0.264685781969441 -0.14095487791665
0.175553673914279 -0.0459530718626079 0.336263227115759 0.0241368921491753
0.200617452615791 0.118022532903715 0.204892663654904 0.223128103805884
0.0297797241034265 0.215369714915435 -0.0191743692693657 0.262133904193944
-0.180923935403148 0.150494449212903 -0.0686792134134277 0.0365274037560737
-0.230983991863151 0.0226936439906532 0.347817964570481 -0.0865503041649532
0.0567235625665263 0.12544481528311 -0.443376478669719 0.102180191406877
0.121292062181666 -0.0068535158157384 0.0576315227645165 0.115402471433751
0.0479471446161502 -0.1154224905812 0.112575274545871 -0.273001945859384
-0.0714378303229566 -0.0798775614916974 -0.168319819671608 -0.358439979625797
-0.076346836271469 0.00565297754355057 -0.415357981462886 -0.147880160424233
-0.0356362419749023 0.0252322465990115 -0.387251811953077 0.136358569435777
-0.0356654903045314 0.0366235565998929 -0.251625966165208 0.268346209635189
-0.0359354674209685 0.0344581807758236 -0.160121003620574 0.276526295706668
-0.0305509124187261 0.00296695783906344 -0.126052557602824 0.27938164378374
-0.0204112360054746 -0.0237197240830554 -0.140493137608399 0.278857991086749
-0.00739863341486148 -0.0405471005620359 -0.210647023973709 0.248374645066334
0.0527009546085679 -0.0526641269398539 -0.335767943496629 0.175661420108214
0.0872950061244485 0.0255126892893494 -0.441202150873562 0.0480536984247606
0.0278190416380399 0.135187013948483 -0.492367621941127 -0.0658705414489606
-0.0473596865137984 0.153536862651929 -0.620106396495351 0.0649581314950496
-0.136077948767783 0.206803234330318 -0.444836377631398 0.0154371442956532
0.00828125828856084 0.146389065669958 0.0523804747931874 0.0972752204378824
0.0838468350381348 0.0586389838196885 0.134518862675237 -0.291820427800794
0.0739023250217457 0.0103620755573569 -0.159061256221109 -0.404828886806259
0.0552246947923026 -0.0034379769840826 -0.422864571096925 -0.186700482123512
0.06495003928658 -0.0396799210714648 -0.402238979675122 0.115626818201985
0.0252808625491072 -0.0732297621027776 -0.252095423147501 0.250522154229342
0.0108185646094784 -0.0766963157114685 -0.154186405850319 0.257462305114114
0.0386868459362383 -0.0983144550408656 -0.102862653961357 0.265064491856472
0.1046978831542 -0.0704975934837612 -0.107817673577849 0.272719403747072
0.126925809881563 -0.00542031294277351 -0.166725864300363 0.253972796670252
0.16116432905979 0.0909648194940242 -0.295239983006401 0.207584101025767
0.0546002011441478 0.208202120629606 -0.408287755048892 0.102529763869637
-0.146631200732675 0.249467066224404 -0.424084566753865 0.00233411184067561
-0.287322054737421 0.214951696806795 -0.512907458093753 0.0933255210209739
-0.326180684200681 0.240820033554502 -0.361302019054893 -0.0721914605214875
-0.152097617528481 0.277763624058249 0.0913881142906697 0.0705781623316239
0.0740252759316942 0.255436053728298 0.185612821502415 -0.305833422900556
0.212072606589119 0.143983302281068 -0.112389858709293 -0.451203856033512
0.202518862417463 0.00989204864533776 -0.388732998642567 -0.240108048981947
0.17844319920438 -0.0895864684593782 -0.383227152374253 0.0657810133105807
0.0966130963294068 -0.170580853246967 -0.225334640231275 0.195649859921981
0.0566961937259253 -0.177342396517272 -0.123838877441872 0.200302236566564
0.0868136778286991 -0.190084495813861 -0.0561008453544021 0.212468610913307
0.195150505723209 -0.129130315683448 -0.039540082771645 0.240051247260101
0.240547383114692 -0.0098741685733339 -0.0759038732432237 0.255295964637157
0.286191768105153 0.171717466805272 -0.215779234727302 0.259257295587432
0.0869733008895577 0.353180623341173 -0.356557194976323 0.176924919664066
-0.240249933160385 0.363112990595671 -0.342723623577405 0.0599864869613015
-0.460135455848676 0.280528480560523 -0.34366360345629 0.101543571428539
-0.475368120664435 0.221208123239455 -0.192771663286083 -0.141269237253289
-0.328129934859302 0.355129541706668 0.178684337387942 0.0422708661326284
0.00958402617599845 0.43089356661852 0.264355743676814 -0.298696614493062
0.30411171695338 0.297778978045959 -0.0282281036063494 -0.467691251995397
0.332427950615751 0.0499089162869993 -0.301354218864745 -0.283295939304994
0.281608832820612 -0.11380046683359 -0.315315763548855 -0.00654764016780158
0.164693402148483 -0.237539555353159 -0.169501445813972 0.112560726769237
0.0944072984117693 -0.251914775423591 -0.0775524449084596 0.116222132029077
0.112380125056725 -0.258593112105385 0.00104974986875803 0.129719162083554
0.242610019441106 -0.182418881910296 0.0401926757729706 0.175722334887992
0.312345805341275 -0.0386847939143561 0.0331401103337523 0.229478458616615
0.38492151730369 0.193972143299562 -0.110149020673892 0.288561788022726
0.142695896917252 0.431860511030259 -0.280662813440219 0.238931594314574
-0.265289193397908 0.436712319118201 -0.261449831847727 0.0828143354651414
-0.549196029878714 0.318184852766307 -0.151814455979144 0.0776529087532146
-0.54191677756568 0.159720726884533 0.0376358550267259 -0.177998651983142
-0.463099018513681 0.346223161308505 0.30025239086535 0.0234294370251311
-0.0893253616606655 0.52133175845136 0.349221249873705 -0.254679590955056
0.314912398387753 0.418810754742236 0.0843429962462616 -0.431075246714642
0.400048924843696 0.103008281382783 -0.164455699800238 -0.295667954302704
0.341783391207894 -0.107639135900477 -0.201532361526369 -0.0825549647554959
0.208295624704962 -0.263103358467687 -0.0895416496477588 0.0141691252609704
0.117878242864256 -0.288039297845289 -0.0188306076568229 0.0161210772579065
0.119528266940649 -0.292538427779368 0.0587470835483604 0.0313106206920333
0.250991030731662 -0.21129943976974 0.116834057763899 0.0908514703284111
0.333716896534779 -0.061159587362585 0.135243783560687 0.178717466293163
0.419170124697687 0.190216972155983 -0.00565750255723779 0.284668879318617
0.164641203360074 0.442820567724473 -0.198399005206893 0.26942386102036
-0.261636593542061 0.441185686447498 -0.190616367040041 0.0757087763986587
-0.559252827183855 0.304102913247187 0.0312354137483947 0.0325238309686404
-0.501679542153053 0.078409931059751 0.284433845973961 -0.175927191193942
-0.49511033322988 0.257851368800496 0.426028253400029 0.020699156645796
-0.171045192380537 0.485856091929423 0.415402577672525 -0.179013542290028
0.250560242352767 0.448552012692296 0.190311955852831 -0.347770944192919
0.379904950722414 0.137621818384462 -0.0161350124121491 -0.272992117324185
0.33720245839222 -0.0827328335986715 -0.0669939059352182 -0.146291628572873
0.213289583776598 -0.246824892533616 -0.000866233578506788 -0.0823921072468023
0.122196282387621 -0.281809870637373 0.0424615650649808 -0.0846235251997551
0.115659680364249 -0.284950382592499 0.114254000279312 -0.0673527109434509
0.232984223104307 -0.20862611741838 0.182363876408046 0.00466900586912449
0.315383672909051 -0.0621222646138354 0.218919622998421 0.121341994348071
0.386215216535752 0.185559780997182 0.0772920059200531 0.263080241715163
0.133144303688804 0.405327765887915 -0.130633314691211 0.271496723096924
-0.258129601025856 0.374980576392149 -0.135293237622749 0.0526933716234462
-0.50541010857081 0.229480326378454 0.188033718307185 -0.0112790347483101
-0.360353350003591 -0.000744188047908833 0.495309649057952 -0.148353334657049
-0.405358366928617 0.133225371016038 0.522202192156663 0.0262563911892405
-0.185831526078587 0.346785406589112 0.447545549965379 -0.0967622655743752
0.156684885635953 0.365840918583435 0.2652473172662 -0.250847634999716
0.288425644520888 0.127088810259737 0.107510520904732 -0.235028703382627
0.265354792263644 -0.0514188245417448 0.0533434218256186 -0.192977057805399
0.176443585016186 -0.193264039844419 0.0759207302392555 -0.166111584145939
0.104570416151778 -0.23412367477151 0.097473439563218 -0.172895631313367
0.101056141924079 -0.237816693410554 0.163468829003646 -0.153796792235488
0.192901419294733 -0.175137011787001 0.241729519268397 -0.0653279177390369
0.266262745132298 -0.0424517951929299 0.284055582592885 0.0803812678374052
0.304764027146231 0.179347358015173 0.132351714872432 0.248963985731149
0.0644293913474874 0.333665646801251 -0.0809869219737864 0.26438390251336
-0.248807457066471 0.262672092702808 -0.0926443609892563 0.0309644868001513
-0.399307332822693 0.113346462327956 0.309493279534332 -0.0369544797770316
-0.150437127182303 -0.0736899221268082 0.627314783209612 -0.112209485441951
-0.227673127338881 0.00478155794815713 0.564597960610486 0.0239311919073269
-0.133864455680773 0.159481597874355 0.451757393426235 -0.0408167293679805
0.0647891781182841 0.210266813095908 0.30694814759889 -0.183772349983968
0.152716260579411 0.0814257780189757 0.180252558454235 -0.213908228877652
0.149190322044183 -0.0204351017791589 0.127911505973736 -0.227229542499635
0.107947751425164 -0.110809319538746 0.124239582351193 -0.226064743146944
0.0698946054053859 -0.149276167483694 0.137581536768242 -0.233642601174519
0.0748331398051941 -0.15637740749189 0.203030537582858 -0.214854406928265
0.133904354423789 -0.119106446131757 0.294614629932744 -0.108394598178366
0.193229281881271 -0.0162068193179281 0.338117053831801 0.0683273958090046
0.193329688385167 0.154535273907901 0.167915974711541 0.256836358515707
-0.0112140381877669 0.2292425976491 -0.0526471959291857 0.265858897874093
-0.213368943886099 0.126581232043647 -0.0678685915644854 0.0221810218067444
-0.243301137422795 -0.0177951007407468 0.384282142710197 -0.0386227998274181
0.0697398928315591 0.115417958186759 -0.428119554318764 0.153702925523265
0.119976476982044 -0.0194134604556396 0.0724468285584949 0.109326570936256
0.0354143274311282 -0.119095316405544 0.0857156564676695 -0.283735583943897
-0.0784561788652539 -0.0720683631985623 -0.20481651278101 -0.338943943062669
-0.0746637469845612 0.0134215221435955 -0.427417229473802 -0.102812616849033
-0.0335273145916368 0.0285945252960237 -0.369505916952069 0.174971196688302
-0.0312786923383555 0.0393191015995124 -0.218434584014272 0.291701349560162
-0.030378968851428 0.0383495446638785 -0.128174633468091 0.293196297410529
-0.0296208368886227 0.00550638275799894 -0.0941883093686067 0.29301120443489
-0.0220158345393558 -0.021986378877583 -0.109757607345436 0.291303544716877
-0.011059093283556 -0.038768918348093 -0.184207269170618 0.270017704128386
0.0474005313866317 -0.0579571260878418 -0.316396119245119 0.208240275380253
0.0901946811589745 0.0179950414946928 -0.432395951477092 0.0897362982774626
0.0433654367565195 0.134517091539343 -0.498392372033126 -0.0198380037295699
-0.0303059856155353 0.155828652090902 -0.612032371328575 0.131148088161462
-0.112214753755076 0.217441865030905 -0.439766186215536 0.0681005449203781
0.0241332828735141 0.145030308269956 0.0644326585688995 0.0934561585457161
0.0900245727110638 0.0490157323680117 0.104163894565981 -0.30271183701779
0.0757062792350403 0.000972396266119408 -0.199548497790288 -0.384518665223333
0.0553920379152245 -0.010729438046904 -0.439485669634474 -0.141309201483495
0.0587508916380465 -0.0475754275837443 -0.385487826008102 0.156879506658975
0.0168583553219984 -0.0762120555627519 -0.222475814632601 0.275013051042857
0.00291556714751669 -0.076208699670945 -0.125283134400901 0.272907962349337
0.0274765005961647 -0.102609126369307 -0.0736666690089177 0.274354846881052
0.0967053037879735 -0.0819952999630246 -0.0777588678470251 0.282526742733532
0.125986165256104 -0.0185542243254792 -0.140215146416799 0.271143378652015
0.170350105531278 0.0720652883236551 -0.271580763379062 0.235894931876996
0.0780097587169571 0.201622186266701 -0.394479047092466 0.141423961628737
-0.119152456873875 0.264970461262403 -0.421862732445702 0.0435168854152261
-0.261919965904788 0.242711379256843 -0.502337180000767 0.147138166720418
-0.297540816609079 0.27132087371577 -0.366804679784775 -0.0275526140386557
-0.121302422963935 0.294373859170697 0.10023118108199 0.0639101660191386
0.101694053594667 0.244959734340241 0.15502444354739 -0.321471578448158
0.229215221180815 0.116766088309086 -0.160049274454189 -0.435225786085002
0.203445796175584 -0.0140364514894491 -0.412114325570379 -0.197426061809041
0.166128200353519 -0.110789405079741 -0.372633424295347 0.104064060525823
0.0765420089755379 -0.180312539929073 -0.203551353711948 0.217840121089791
0.0362034113684779 -0.180334718348323 -0.102180965301018 0.213565781385001
0.0648097023191486 -0.198204369201346 -0.0341433197764268 0.216612949406185
0.179488423825187 -0.14969794353118 -0.0133093874528941 0.241850367228303
0.237963701035174 -0.0362206174071764 -0.0507542603391954 0.262358312740443
0.303921831141788 0.137716160416835 -0.186331991547201 0.278365542311106
0.125913715152486 0.34005182644066 -0.334027055031916 0.213214862267024
-0.199686367116124 0.388999654091618 -0.335211735014808 0.0919589302396609
-0.424686758185904 0.325230400467409 -0.334337079615139 0.136918189019496
-0.447693314015968 0.268654880270148 -0.205867674755074 -0.115523310319859
-0.288632078301734 0.389620119480146 0.183350569177786 0.0276587069071168
0.0582975141494926 0.426479855771333 0.233136215391897 -0.321408454333842
0.337253586087491 0.259467645031507 -0.0753271117999047 -0.460166507628086
0.337397946419426 0.011149002313266 -0.329464742934897 -0.250352447599181
0.265823268106268 -0.145877767505801 -0.312521920656142 0.0246340107489618
0.13587570129483 -0.25387868780921 -0.158315401018578 0.128098856503042
0.0642718298611596 -0.258229472629081 -0.0658799503426951 0.123831353637864
0.0817181402102813 -0.268647388081214 0.0133629577819356 0.128426049910026
0.219821888173578 -0.208184222115422 0.0600482626228747 0.170411307872754
0.305842965795236 -0.0718824475366828 0.0555165155376032 0.224841459442141
0.4044742654617 0.148041359088791 -0.0773719563461974 0.297188582895451
0.189547483023489 0.411112307554007 -0.251709290189556 0.268476213618246
-0.217998401929223 0.463111410448447 -0.251198873192197 0.108537763005219
-0.507945849030413 0.374448414167083 -0.145838552023539 0.0917825550038248
-0.519641156413061 0.215241123655476 0.0195681670821372 -0.17813177793987
-0.422656948566816 0.394646154976039 0.301031980786358 -0.00440681210200616
-0.0303423404579245 0.525709173233268 0.32127404778477 -0.2854617813017
0.361135310260809 0.378858622025489 0.0400337902531353 -0.435049919940524
0.409893205656555 0.0566446601118037 -0.195149286774979 -0.276660301487414
0.326536610474088 -0.146732197164976 -0.208495051717271 -0.0630069760245548
0.176899474612858 -0.284761015213979 -0.0895079918809118 0.0216771059270911
0.0822487943001814 -0.297386743398034 -0.019191040389579 0.0175894937366241
0.0855061877898049 -0.302135968176689 0.0600047962404273 0.0244468820905814
0.224828117706067 -0.2373362203978 0.126159029395431 0.0772463813927865
0.324224210032305 -0.0970727123170739 0.15248713658456 0.162691607793577
0.438271536930379 0.140662078713211 0.0269649250913563 0.282134029435766
0.213580434800676 0.419050189939059 -0.1668141310637 0.290451357364471
-0.213722970418454 0.466501592699866 -0.181495841925296 0.0939952363561258
-0.518460674516712 0.360837631150685 0.0317997823391809 0.026117439173667
-0.48814625734897 0.129131686279903 0.264811472138377 -0.203999420464307
-0.463549036607378 0.310836665683066 0.424382531095625 -0.0206405751145574
-0.116803000461746 0.497970247335163 0.393558480236972 -0.21661640800297
0.301422148325624 0.413652528269908 0.153817259063519 -0.36205921105667
0.393750579085565 0.0929179794352622 -0.0435965040078073 -0.27020839572983
0.325508420886782 -0.120898145463291 -0.081605980628519 -0.139982617768698
0.185103378701876 -0.268124198650688 -0.0122631282396783 -0.0841992378935416
0.0869662245945995 -0.29154870455495 0.030257554709399 -0.0895804720734681
0.0824845142025678 -0.294558827053604 0.104170606537135 -0.080104216681448
0.20742812831342 -0.232277488779272 0.182659346155087 -0.0151685422710815
0.305653233389205 -0.094983969047146 0.228041213226722 0.0966184206277599
0.405777506241666 0.139929305138966 0.106046250709959 0.251727100981276
0.175050802866525 0.385122312242946 -0.0978456543151078 0.286209224493435
-0.216404735462572 0.400442180005949 -0.128526071875934 0.0657100785351747
-0.471918277711632 0.279828325082329 0.182780444040167 -0.0348216745453368
-0.35665451412014 0.0370439772454497 0.478548395523884 -0.199936075765381
-0.388027428258358 0.175356284189004 0.51948813017787 -0.0254728656905774
-0.146689559171561 0.361856196442818 0.433770231923949 -0.138491104387102
0.198381802221508 0.342063081241507 0.238784328012737 -0.273311823329629
0.301200977119419 0.0935890135135409 0.0838805080032119 -0.245057454392256
0.258254689876729 -0.082275862710663 0.0334898931151443 -0.199672947087221
0.153832710617128 -0.210470444749456 0.0556344731672907 -0.175712963839986
0.0753332774146505 -0.241401704852325 0.07460215393155 -0.183061168436616
0.0731436267857823 -0.246338780093964 0.143445927896403 -0.171706387648367
0.171391687747226 -0.194336350838075 0.234158805226115 -0.0913709855933195
0.259128898008097 -0.0712362576970359 0.289931842416126 0.050011096486424
0.323129754868904 0.141977133300573 0.158388292124671 0.233038723658142
0.0982158847732421 0.32176896514151 -0.0491248594598941 0.27418762976956
-0.219372309975798 0.28798180888214 -0.0891358986173734 0.0408355247784478
-0.379705875857572 0.154207059166843 0.300537963070693 -0.0744709830195886
-0.155741783980537 -0.0586711785314232 0.613497758256547 -0.180396337325473
-0.224915895396819 0.0281601938867471 0.563392549987823 -0.034607983937776
-0.115468168651445 0.171753391059916 0.445855160815136 -0.0831295495666818
0.0893760811772993 0.198122311379775 0.287081077630424 -0.212092593051573
0.16059092583866 0.0633680625222001 0.159100752857688 -0.231163611622677
0.146105898009865 -0.0375641820158772 0.103620694479091 -0.241672807223993
0.0949920383454776 -0.121489051827922 0.097490807717317 -0.239945336803484
0.0507465670149885 -0.154561799001843 0.107298015395583 -0.248390073986845
0.0552138675079366 -0.162724519223315 0.176329089939425 -0.236287970573641
0.118703623818478 -0.132463895288554 0.282053363961447 -0.140022899450894
0.189589041663157 -0.0383364465836292 0.341997833356761 0.0335498390042147
0.208721098574364 0.130941632844747 0.194285801142655 0.238627091200888
0.0118546703775783 0.227483815623156 -0.0217496908484236 0.271446871099933
-0.197489772377237 0.147884686343592 -0.0654596633359151 0.0293732689601576
-0.239010426201568 0.0073898150730652 0.374184486942891 -0.0841546203211989
0.0758415940454581 0.101683555925232 -0.395256208400927 0.186627199708004
0.113017919353253 -0.028205595188226 0.0815595550392965 0.100052857491571
0.0232572412508626 -0.115912085248566 0.0603563333068905 -0.278045295240288
-0.0806505228843215 -0.0629186251012232 -0.221338520864273 -0.30640271984207
-0.0698683024632617 0.0186762119749212 -0.418122343469689 -0.0640794805797054
-0.03029067666554 0.0297592829254743 -0.338445457859889 0.19668869816057
-0.0263193342002031 0.039145722096612 -0.182079360743488 0.295376954523339
-0.0244658708267509 0.0387817203374537 -0.0972833483466602 0.291567234931178
-0.0276807843363256 0.00707697380812025 -0.0644949519003862 0.289212402098872
-0.021912396423423 -0.0197583486020969 -0.0805316615166079 0.288579599460886
-0.0133055551981792 -0.0359810385882425 -0.154210504184438 0.273837476689817
0.040350754228953 -0.0588955175043758 -0.286069342896996 0.225036582714361
0.088964398351892 0.0121501747001009 -0.405335349624885 0.117133114775661
0.0537682107490805 0.12736681416111 -0.479615881521593 0.0174579275534302
-0.0159892055484549 0.149491227942641 -0.576584275452539 0.176859574142399
-0.0898235940562111 0.215253536815303 -0.412715025439838 0.106466216619432
0.0358082258300648 0.137689328468687 0.0719253706202518 0.0867931582865876
0.0900667041136409 0.0391208314600037 0.0779549555458059 -0.297310971045273
0.0740021670470739 -0.00768287031097612 -0.220365428503825 -0.350379145897773
0.0520096765656854 -0.0163939055773333 -0.431905313718199 -0.100470332426043
0.0506860131656734 -0.0512641849400046 -0.355175175170047 0.180685392713638
0.00964398337124184 -0.074594169900317 -0.189224112937242 0.28026719997451
-0.00341071340166747 -0.0722529543543349 -0.0963210378578848 0.272530819116163
0.0170186528505584 -0.100412657762904 -0.047714704943954 0.270275676547566
0.0862095259175854 -0.0873117041841028 -0.0507445258550085 0.276014071596918
0.119583452512458 -0.0280291201142233 -0.112873399695052 0.271022234514622
0.168716434457578 0.0533921604887807 -0.240409133988869 0.248431794215209
0.0922408009749926 0.186429722113292 -0.365813872241249 0.165154304541226
-0.0913725808787409 0.265569231217934 -0.40201217142848 0.0716032173055731
-0.229626390811853 0.251078375829601 -0.470972774931612 0.183743206521446
-0.262197918926873 0.282200828110099 -0.350881755952867 0.00829212781315984
-0.0914875371674106 0.293134280646281 0.103641783110484 0.0565618579625546
0.1188527508619 0.224308094237716 0.124791767753981 -0.318130289345858
0.230558887751864 0.0884063342268795 -0.186771712222569 -0.401292223675078
0.193679815133224 -0.0329238392738311 -0.410480015952957 -0.15616605619245
0.147741109429824 -0.121688402182235 -0.346084301789604 0.128782804452853
0.0570858421656269 -0.17886880027058 -0.176724793158975 0.224390007377421
0.0180706060006703 -0.173929556927423 -0.0806058199977558 0.213657166521835
0.044325969728692 -0.194617891305929 -0.0152196830387155 0.211064230090516
0.159183694974114 -0.15926621921795 0.00724241381972514 0.23230274914487
0.224578395361797 -0.0551205686254887 -0.0278273434696814 0.256068227924557
0.302254385037355 0.103557640561396 -0.1556596393992 0.281280513045509
0.149579987786962 0.314155672546196 -0.301324928635913 0.230290629572989
-0.159688604993796 0.390599287727545 -0.312524443138071 0.112741418842732
-0.377321993877949 0.345128930603756 -0.310621210599799 0.157026934707993
-0.405541066765769 0.291274372704923 -0.205375334549088 -0.0896178304473163
-0.242882273254715 0.397853461267194 0.17894696102845 0.0157710062124032
0.0920046996311908 0.399982921983563 0.198977394236753 -0.322664770278358
0.346597078530566 0.214405038147306 -0.108469066018345 -0.431181717314255
0.323684923540371 -0.0210560300456597 -0.335424670813086 -0.213310880787635
0.240529641320896 -0.164646904683927 -0.296107374038716 0.0483124521227612
0.106934084630794 -0.254851442578599 -0.141883753755107 0.135112435596223
0.0372679299244588 -0.249929845301984 -0.05367687959383 0.124696392325812
0.0540549885448671 -0.262290531110585 0.0218447388613458 0.12267647141296
0.192411190818279 -0.218515526289456 0.0717626318271475 0.157230380344182
0.286430773374906 -0.094885805587105 0.0702940680377252 0.210768882006375
0.400113130003549 0.10513543793238 -0.0494728939084627 0.289258464139208
0.215116173700903 0.375342067946964 -0.216883804116172 0.277451100313822
-0.170741853593994 0.463825363206727 -0.231386846978881 0.120773010768491
-0.450907955618687 0.398904600866026 -0.134948293466 0.0976121326753696
-0.477845779605422 0.245956855550345 0.00560591079607109 -0.169130586143147
-0.370499368813693 0.414290816652799 0.288753092643481 -0.0238710907214175
0.0152374636964083 0.503585608026152 0.285727722935844 -0.294258935736362
0.381716371298732 0.324994932070293 0.00416608354699411 -0.415893148700731
0.397277518454199 0.0160247789472723 -0.20829188452721 -0.250940137716104
0.299126219411232 -0.170806835166638 -0.204168718412058 -0.0454110594736329
0.144362503151847 -0.286815758145833 -0.0866010805851379 0.02740475911238
0.0510459303194533 -0.288576018399259 -0.0192310728173163 0.0189444281880564
0.0540217305589037 -0.295184318724447 0.0571074854077586 0.0179574940702516
0.19409928558823 -0.246763682109157 0.127815038839259 0.0637554172729575
0.302301968549454 -0.12018226944515 0.157678152085776 0.14303123047513
0.431058620776362 0.0940354414932198 0.04952821963994 0.2663296952219
0.238066271328471 0.379854537118955 -0.13321013472156 0.292611908092428
-0.167309345991492 0.46463667668317 -0.166148925094551 0.103530034047338
-0.462196042262551 0.385884394357611 0.0295315915614185 0.020228963588479
-0.45513961462508 0.16252234292261 0.238355687413343 -0.214805680390913
-0.416739006548005 0.336719382155727 0.404288328133546 -0.0498447531425248
-0.0682612387806325 0.481846317373466 0.361613157952011 -0.234341944818505
0.324473547894744 0.363688828321918 0.119594846592282 -0.354800238497448
0.385871851730181 0.0522910480811257 -0.0621033828450194 -0.256383977370241
0.300297560533306 -0.14582553434924 -0.0891640290400439 -0.130882797993187
0.152947428446337 -0.271689070241103 -0.021147217014162 -0.0807076600841634
0.0555445578465867 -0.284183188550738 0.0192066436124304 -0.0872180083176846
0.0520177734608793 -0.287740134735461 0.0905506560582094 -0.0850191734070794
0.177626454787182 -0.239491683798187 0.174325283718624 -0.030096975374627
0.28430918722191 -0.116915429172106 0.225468912091699 0.0742387767215818
0.401020263053537 0.0958644263184462 0.122309882301551 0.231009354650009
0.19818535634737 0.351081023499788 -0.0669956248837876 0.283541292039294
-0.174933695677391 0.401330106898286 -0.116769976126924 0.0719485578266807
-0.424301852928876 0.306645702501875 0.169195108388455 -0.051752566733198
-0.336493092728755 0.0624015645395508 0.443029421664589 -0.230846077119217
-0.35501235523446 0.199368570503614 0.495213910222723 -0.0637114079666906
-0.109477766167697 0.355453293287922 0.405556213249227 -0.163289425930593
0.219822721094612 0.305637550950235 0.208324370309271 -0.277979097429317
0.295813168037819 0.0617946537433217 0.0621251972861511 -0.242458061860806
0.239811411350578 -0.10222761930003 0.0159618492922512 -0.196601070509045
0.12883087959124 -0.214442029916899 0.0365936595367549 -0.174504981245795
0.0486922882402722 -0.235063481743443 0.052685415550466 -0.181620388999005
0.047352705823797 -0.241133651527541 0.119920449457724 -0.175566686316159
0.146190800294315 -0.199549661807553 0.216617337774154 -0.106227168108006
0.241338270815648 -0.0903608642383583 0.279878390560458 0.0246677356919837
0.321823613382172 0.106703918234253 0.171476053742424 0.209021765162275
0.118363903761199 0.297819483480646 -0.0223573614396568 0.267790250447767
-0.185867651457832 0.292485080469602 -0.0816419746873341 0.0464453688731953
-0.345939623799713 0.176606109918227 0.278038853282513 -0.0997319307075823
-0.152589096289792 -0.0443653146432305 0.572415117977205 -0.222285015144072
-0.211117930233784 0.044705917649808 0.535296822821555 -0.0756701611283917
-0.096036155047851 0.171300372582024 0.421760251107431 -0.113262377816315
0.102649802978144 0.178565697404481 0.25834207464936 -0.224138458892903
0.158633379861512 0.0465007688394468 0.135301061452314 -0.235993685145539
0.136574844143299 -0.0484566587923003 0.0792611988609923 -0.24209561219722
0.080386622679963 -0.124515860204961 0.0708531895645997 -0.239115594291014
0.0333410986493062 -0.150420756240538 0.0784855697336441 -0.247255309185297
0.0371446606345863 -0.16037093297121 0.146646711524422 -0.239794028462803
0.100847294449609 -0.134864988353653 0.258971624472257 -0.157817399250639
0.177649879917056 -0.0534025647641968 0.328599690945916 0.00457811157571885
0.210924637123096 0.106484301270453 0.206704656401141 0.212316923420274
0.027491158310539 0.215608752321235 0.0026929117856235 0.262264464929546
-0.175884701165539 0.155909346970605 -0.061046835302022 0.0335716171256922
-0.224908282129692 0.0253509112767032 0.347472780158797 -0.114616451346266
0.0757855134112675 0.091616539383397 -0.364726903594252 0.198171426220642
0.10645727597084 -0.0315453892158037 0.0857495278145363 0.0918912409220307
0.0170675310844325 -0.110151638244248 0.0475498116955594 -0.268185891551247
-0.0795030009436641 -0.0567811177424049 -0.221646394261718 -0.282050137253582
-0.0655184535033814 0.0201319577419712 -0.399545325117066 -0.0437470626834603
-0.0281698351934554 0.0290612910921443 -0.312879610489146 0.199778065019856
-0.0235246121792199 0.0376282713657717 -0.157905418974001 0.287314094015736
-0.0198581986247337 0.0375895680538343 -0.0776675136734988 0.28261021059657
-0.0261220868197474 0.00722708251686188 -0.0461328480109622 0.279484584358269
-0.0207070984646233 -0.0187037643737009 -0.0641107330490632 0.278861695970971
-0.0139371927463624 -0.0332588210100181 -0.134769534318734 0.26706014995045
0.0358335936399325 -0.0578514502720226 -0.263101386568878 0.225387858368012
0.0860215317216801 0.00916398452905908 -0.380259850567101 0.124583713743425
0.0586230658585598 0.119649146833797 -0.45781311813687 0.0338821305770758
-0.00883721862088041 0.140686745876073 -0.542659878520632 0.194611999336531
-0.0761302832500449 0.206688580805242 -0.385425857189247 0.123024429512948
0.0403048213804137 0.130096269870168 0.0758600065277606 0.081291204091558
0.0874436698849973 0.0327142201110802 0.0637067450129762 -0.286426705652318
0.0703210615279143 -0.0125244936706033 -0.222751464490009 -0.322723191569419
0.0491199713371641 -0.0195002435359031 -0.415268946080873 -0.077278763169666
0.0449160147141493 -0.051697897732611 -0.329832847203636 0.185850556740879
0.00404738834289456 -0.0714209874748441 -0.165584354089412 0.273579457832694
-0.00598816212098741 -0.0677656669827565 -0.0774548003932727 0.264384732140145
0.0113182999774719 -0.0967873313052397 -0.0319925117892561 0.260468340489953
0.0782026621356305 -0.0881723834315994 -0.0361446499888851 0.265399733312168
0.112252202233755 -0.0324314024708032 -0.0966191716613549 0.263940944189034
0.162331438159653 0.0422799760567834 -0.218230027133387 0.246003027553558
0.0971092228597908 0.173092566350975 -0.339498455572653 0.17111113902147
-0.074370186135578 0.258320448223132 -0.380024033261773 0.0811785763654186
-0.206037291084741 0.246839079518215 -0.441142123686312 0.194681004210745
-0.236947345933938 0.278143303449164 -0.330724307682092 0.0278638671203462
-0.0729546815009914 0.283199585199389 0.103843885166375 0.0529712640111885
0.124302690112375 0.20602200437559 0.10766776502552 -0.306961179460801
0.224291548283268 0.0700125603553052 -0.192086878985675 -0.372586926654291
0.183019221101996 -0.0429767656590536 -0.397275787092553 -0.130961865489023
0.132826202917278 -0.123334197893598 -0.322977370471485 0.135845211790082
0.044092334450348 -0.173364960294797 -0.157064259527059 0.220870634150841
0.0080170516090151 -0.164803277025642 -0.0662877979601001 0.207720830409769
0.0320944429006493 -0.187286970602334 -0.00532846723721324 0.202574775507057
0.143368894313863 -0.159871472874883 0.0178093792622088 0.221245198558875
0.211116140405903 -0.0630633254347654 -0.0165452086352459 0.246433771570382
0.291758796474551 0.082188119567084 -0.134969169006538 0.273843337297807
0.156885901925597 0.290456256500144 -0.275965576391742 0.231599818808575
-0.13347387984693 0.380580655737844 -0.293829394126402 0.116497199297504
-0.341570229101619 0.342861270918777 -0.290893526576515 0.163225276556438
-0.373370157977689 0.292933999420531 -0.196071512711378 -0.0737248444332978
-0.212740532025409 0.39121093674096 0.172884817640107 0.0119864270083626
0.107179904285996 0.374272712630043 0.179493647368995 -0.313319896134526
0.340690335552395 0.182873170330605 -0.119031490309331 -0.403411236503703
0.307688077842964 -0.0375067891954541 -0.328825118670013 -0.189265873154628
0.218832639219526 -0.168757285221657 -0.279393616544045 0.05712541707967
0.0889312485735961 -0.247661627072028 -0.130109786353514 0.134563359322065
0.0220093179417738 -0.237909124794721 -0.0459638261619802 0.122172808092241
0.037834027589806 -0.251711025719295 0.0250727956632717 0.117350365713735
0.172395067150897 -0.216660310863511 0.0753575038336299 0.146305410518648
0.267425153081427 -0.104095241710605 0.0745989806364274 0.198989607968673
0.384923729334384 0.0785339568147477 -0.0334017912991345 0.276366708631334
0.220972544031656 0.344940856109629 -0.192769120432211 0.273953706624836
-0.140814988228708 0.450114448244529 -0.215055418260015 0.12231905293662
-0.408394116677742 0.395879630996583 -0.12699174298284 0.0980137652823238
-0.44448708140171 0.253810117551039 5.27591827945677E-05 -0.158380660827522
-0.332818740143348 0.412067042294275 0.27463085062722 -0.0308007291501278
0.0367024641727714 0.474943871779394 0.261888124365231 -0.289454509749239
0.37748430657366 0.286594165963724 -0.0108601386936289 -0.393770023159032
0.378820460805349 -0.00613730141986518 -0.208414453903596 -0.230915518268718
0.275182489491421 -0.177425244119322 -0.195879697518303 -0.0351840631201562
0.12148463210002 -0.28029587070887 -0.0822895090175177 0.0292997201074967
0.0321015164480408 -0.273926844546261 -0.0178184037617476 0.019429772201281
0.035793004200413 -0.281914114831676 0.0537542672326623 0.0167260331384982
0.173180323089142 -0.243607848498162 0.124669996767301 0.0542753962136623
0.281522125701264 -0.128811718185251 0.155285480651751 0.129768002236161
0.415355924221234 0.0658477898811919 0.0587054502508871 0.249732834975948
0.241926562363184 0.349734038334186 -0.110861170683943 0.28512840711696
-0.138566314513763 0.450135372122806 -0.153685551075033 0.102796856411641
-0.418303717356525 0.384013673592065 0.0260636656145008 0.0157434247523825
-0.425311896892182 0.175036024312369 0.217818832072246 -0.21448729431051
-0.380107531846649 0.339114590938812 0.383090523930063 -0.0614987468649137
-0.0433707282900034 0.459191551365486 0.335985014561242 -0.235302302457926
0.325124649488876 0.326457687572515 0.1014689387364 -0.341119066952673
0.369156299857079 0.0290049789834211 -0.0690720484590791 -0.242778372027954
0.277404584216506 -0.15357881359646 -0.0909934796109879 -0.122260323219989
0.130663871633048 -0.267164481241196 -0.0249390566243786 -0.0764042738099667
0.0366123023060626 -0.270373620349313 0.012457936518058 -0.0838468908338749
0.0334471898255682 -0.275152441618205 0.0799254909036569 -0.0833437471641957
0.156850942430736 -0.235701065885008 0.163826733760808 -0.0365335963581732
0.264530413553885 -0.124465440074587 0.216626299606176 0.0615092734503216
0.386031364561358 0.0701245677437788 0.126839376610954 0.213554404381084
0.202904155793882 0.32359675043918 -0.0482455417223007 0.272972427529386
-0.148725056908178 0.389797256553895 -0.108553578385019 0.0723515667585915
-0.385487214461982 0.307366703163949 0.155149583233783 -0.0591484008258229
-0.316491160298202 0.0736368366096344 0.41075981357488 -0.238744861293943
-0.328412677373714 0.20454310007322 0.468002048104007 -0.0802849467831326
-0.0875273675044895 0.340607781114182 0.381299237113717 -0.171081038021998
0.22358815969962 0.275617416785146 0.187764213277937 -0.271816783319439
0.283978511350814 0.0429689318330088 0.0501104463199258 -0.235913736975932
0.222268920789592 -0.108872456786648 0.00605099810351755 -0.190024661688408
0.110956909424799 -0.210495163298943 0.0250478837031284 -0.169215901553807
0.0328856924525025 -0.223632685109736 0.039933821090284 -0.174645524676073
0.0311887016469784 -0.229898942009465 0.105289092372861 -0.171288661535224
0.128999924804557 -0.195449224952259 0.201109728335028 -0.11246515760869
0.224675823397306 -0.0975195935224662 0.265894801229401 0.0124572692057088
0.311150008622039 0.0833555659507247 0.172094209860257 0.191066781294092
0.124605877980193 0.277257247990393 -0.0073159012211171 0.256101556338661
-0.163687564650355 0.286390854546068 -0.0763230898999083 0.0459540720727807
-0.317004161529385 0.179721489158148 0.255996474220629 -0.1100763357005
-0.145912172971785 -0.0364629727565758 0.534660370731557 -0.239510648466196
-0.197563946237633 0.0511786372760815 0.505323221165221 -0.094884865161323
-0.0834321089242578 0.165876466152151 0.397537711881147 -0.12325512064578
0.105912328780403 0.161442758890528 0.237897044495755 -0.223332143554777
0.153658190689205 0.0360446679160022 0.120650006473611 -0.231206673659543
0.127436308590398 -0.0523670224058191 0.0636000863596565 -0.236479459260177
0.0703128473624094 -0.121666520432315 0.0559472450271681 -0.233866131578142
0.0224950580690125 -0.142530507541463 0.0606032099021178 -0.239238324421582
0.0256204516630867 -0.153091832616097 0.127716094209774 -0.234400818770435
0.0888528090619894 -0.132111772196556 0.238692903728779 -0.162647521547279
0.165060777522634 -0.0594906494415212 0.311890848717407 -0.00891864964247687
0.205755550658047 0.0900660382361144 0.205935246049899 0.192450595417956
0.0336752752381935 0.203563453792398 0.0164684422150646 0.250113672854016
-0.159938778371841 0.155680189132657 -0.0572699658136349 0.0331848494592449
-0.208475869718599 0.0314440540610759 0.321004227155587 -0.127378377019413
0.0744605849424497 0.085211548323697 -0.345797889734443 0.202708712738719
0.102837168733362 -0.0320458176237766 0.0884696370558311 0.088166704417544
0.0142197301903497 -0.106040712132087 0.0425047931616913 -0.262071189368611
-0.0782001041363705 -0.0541386810965405 -0.217955310639416 -0.270734517199814
-0.0628599055918202 0.0201727660252026 -0.389750512698379 -0.03548935030468
-0.0271789542539498 0.0285463819295882 -0.300030765161891 0.198972288263296
-0.0223540001960581 0.0367602120502159 -0.145561099965267 0.279979143915625
-0.0175540647592265 0.036168518533302 -0.0672273413486837 0.27684089675267
-0.0250442193583393 0.00694559737041471 -0.0382417428631535 0.274230383749541
-0.0202821688882187 -0.0183911307632527 -0.0572964152936759 0.27251164057665
-0.0137187401841576 -0.0312726406904276 -0.126312566592515 0.262495429390857
0.0331831889906327 -0.0566013846460584 -0.251702374089866 0.223220473030513
0.0851960513390888 0.00764462724162737 -0.367001769395645 0.124401265918917
0.0606725942371162 0.116090608321957 -0.445238661664683 0.0374060078545259
-0.00759587631381205 0.134612364485282 -0.525156735900669 0.201271771422591
-0.0704719920143808 0.200977282775002 -0.368331322829429 0.12959806208504
0.0421818639166189 0.125946309539509 0.0793220647026304 0.0793404784279756
0.0857787545155931 0.0303487085368778 0.0592598881308032 -0.278897470712957
0.0683340546809036 -0.016715506881431 -0.219525208495827 -0.310082576542292
0.0478464304539138 -0.0211407498926563 -0.405217602844204 -0.0683698281163312
0.0414238022153873 -0.0511791501007738 -0.316312003142663 0.185391498281608
0.00144574491318154 -0.0697659478233936 -0.154472563674896 0.268181689188727
-0.00733690255712509 -0.065635810112078 -0.0679601490154829 0.259272043410158
0.00850498860952842 -0.0946400041039685 -0.0248534004190066 0.254718517626145
0.0744510629693005 -0.0882207444776973 -0.0305769930999918 0.259965759798936
0.109014928568237 -0.0334278319265411 -0.0885715950392837 0.259555875024462
0.1583373730475 0.0365459740805827 -0.207909227296757 0.242625425875587
0.098551507049873 0.165695171908126 -0.326222497510234 0.16966660636272
-0.0661651013277752 0.254066106003581 -0.368812363334176 0.0817610179449289
-0.19523167670781 0.241459602394779 -0.426477694652143 0.198903283307247
-0.224788215362968 0.274401260769202 -0.317287887722586 0.0361649524709514
-0.0641984587052334 0.277847901873051 0.105487746089129 0.0527230524833591
0.125013200774167 0.196293716152589 0.103130324181073 -0.29902757455091
0.218652237457745 0.0590937412329944 -0.190106133248615 -0.35830367793898
0.176597138016644 -0.0477659849347679 -0.389872151852179 -0.121620485540022
0.124867967408489 -0.123041233743616 -0.31105355454538 0.137532791487582
0.0378150911786229 -0.169019158673431 -0.148360839834689 0.217088105400104
0.00338408005811681 -0.158542932019801 -0.0593208866917181 0.204228602064458
0.0257762473857881 -0.182255308955256 -0.000174647295795567 0.198713302954644
0.136219951155672 -0.159291051835518 0.0213555726249189 0.21510821758051
0.203742141775517 -0.0660030494126804 -0.011566023807406 0.240960070874478
0.285003380707495 0.0716919886723705 -0.127342556725776 0.267045559342576
0.158084278516853 0.27722627923823 -0.261292314248527 0.229115842287967
-0.122264095423004 0.37374776102679 -0.284524393174073 0.11437396238262
-0.323114345860491 0.3372013261403 -0.282170287492226 0.163546924913799
-0.357146643572884 0.291294387027015 -0.189293214973035 -0.0649191660583244
-0.198190570092004 0.384946873352179 0.171246053808491 0.0121510729916788
0.111877775878971 0.358444261104326 0.172178213792388 -0.305273956651153
0.334878423088759 0.165545972199529 -0.119604768858967 -0.389746652143416
0.297952235523608 -0.0460729046843115 -0.323958573031505 -0.179981128857561
0.208001081652594 -0.16915736547166 -0.270551059482572 0.0597284944017708
0.0789077045885038 -0.243112534242536 -0.123590229803036 0.133564405277935
0.0143555244704336 -0.228870697888979 -0.0418569767022407 0.120187788600834
0.0293611525357386 -0.2449628069804 0.0269615224194458 0.114792215965384
0.162221916590552 -0.215205884400973 0.0758092717325379 0.141499721511909
0.256961886714578 -0.107202405640985 0.0761554995115675 0.194101580249972
0.375223363723374 0.064749977546339 -0.027786964488472 0.267794355234958
0.221451266319332 0.329877408321303 -0.179069480667989 0.269569140602727
-0.127996110082984 0.441802264539664 -0.207997294623984 0.119753694837819
-0.386913372366031 0.388995836110176 -0.123650071287773 0.0960150397351647
-0.426441031780649 0.254637639810874 -0.000955643877124697 -0.153166473913656
-0.315416988694229 0.406986625144519 0.268323981029753 -0.0312504202664403
0.0470769020334678 0.457578890976222 0.253411825431108 -0.283443505160271
0.372255149949472 0.265035042710293 -0.0151159103618979 -0.381520486734462
0.367800744725379 -0.017022506310054 -0.207410386108881 -0.222141132917219
0.262677678012971 -0.17922769367609 -0.191331072028082 -0.0322507297872588
0.11051240760983 -0.275448973472963 -0.0807441477828825 0.0299381040011178
0.0229686121660583 -0.264922366254862 -0.0178197752888241 0.0202524751377613
0.0264427266053951 -0.274017510142765 0.0518116948605081 0.0165804015290933
0.162059497089128 -0.240559138557713 0.122076973471325 0.0503471633394459
0.270541727567265 -0.132264854001667 0.152593019001289 0.125332207953538
0.405160576975332 0.0514998992807581 0.0616452575514507 0.239556527818155
0.240692949758124 0.332931713341923 -0.0993512245152359 0.279614254913645
-0.12500320827159 0.440594784470084 -0.148691486977255 0.100296182517142
-0.395957244042212 0.378317173070834 0.0225714474650023 0.0132235761079458
-0.409435064249991 0.175339787107122 0.209565699304437 -0.211246881971448
-0.362352879732231 0.336037376413133 0.371866041711997 -0.0643098516683233
-0.0326244839652627 0.443921828940009 0.324183649267701 -0.231816462026955
0.321889425741909 0.304807533080257 0.0950496778647931 -0.332219645030673
0.359281700402407 0.0172604442147518 -0.0719237991678554 -0.237013484668556
0.265583978938429 -0.156281614868719 -0.0907626352779273 -0.118266956085137
0.120048843521142 -0.263008549310974 -0.027146853952433 -0.0750693380558305
0.0267364216667554 -0.260242843155313 0.00927594649109733 -0.081741019726391
0.0244607556018285 -0.26640924044066 0.0753748623690266 -0.0812133741556411
0.146925153039579 -0.23190938908268 0.158370673126596 -0.0396606786925155
0.253120970692051 -0.12787754482834 0.210158885240876 0.0575321374603007
0.376589701472268 0.0554513809583429 0.126546307824766 0.203767942951834
0.202728760022048 0.309284292497565 -0.0389174968068633 0.266368464373497
-0.136430852492954 0.381989216974834 -0.105912165664689 0.0704831561568083
-0.364661544176182 0.301792274407398 0.146739045141732 -0.0634681117341404
-0.305529787496558 0.0774476595679844 0.394760946566862 -0.240433953153912
-0.314478800521509 0.204220903796006 0.4535590331581 -0.0840750308107837
-0.0778766427365915 0.33018714197658 0.368226361360276 -0.170339322512075
0.221490274957046 0.258302406942627 0.179646585849798 -0.265486541226194
0.27718238558297 0.0342871498493632 0.0450685279080612 -0.231969922368604
0.213381403599461 -0.11139100329008 0.00134808347995207 -0.187402416888951
0.102242412408073 -0.206386316153149 0.0196791805469136 -0.167402121417495
0.0248607026317706 -0.215408542860774 0.0328981569117262 -0.171269401131138
0.0231050323559689 -0.222724275130131 0.0972519539423381 -0.168144629769767
0.120408671692181 -0.192184427887188 0.192602815354189 -0.113770929347267
0.216158938431436 -0.100142369909965 0.257710113615525 0.00846323377655094
0.30375799171231 0.072002937622504 0.171016016307714 0.181282778539512
0.124907789891838 0.266115868391818 0.000489604279339526 0.249104378458861
-0.152443469176329 0.281024552824743 -0.074561471945539 0.044686299875665
-0.30140372296674 0.177787747080839 0.243216476145651 -0.115015632940753
-0.142044486029544 -0.0326549689279935 0.514677799610762 -0.243177151928017
-0.190079250819631 0.0519964220352795 0.488840305774387 -0.100377857470697
-0.0780370784820262 0.160224786866426 0.383585266794696 -0.125082592451492
0.104926401784079 0.150535761073351 0.228935433436945 -0.219605319329323
0.150505854706612 0.0308297352517343 0.113780549510506 -0.227380966835825
0.122853305752975 -0.0540765640295609 0.0570035206121467 -0.233001221321657
0.0644279277293136 -0.119395992346121 0.0471782628438655 -0.230501806883966
0.0165952744796933 -0.136336809173072 0.051307265502964 -0.233460434766724
0.0193500566432301 -0.148071931450782 0.118286583869202 -0.228860643515226
0.0835019718050517 -0.128921486686276 0.228193590092958 -0.163554635336788
0.158512956951135 -0.0613887778984734 0.302114345231442 -0.0138989463264988
0.200664380456088 0.0806082811934105 0.203360316743275 0.183611250197724
0.035716679983335 0.197928697635862 0.0210710113045113 0.242369891949354
-0.151527610975544 0.153276613014473 -0.0566576861435991 0.03323599355758
-0.199842643732484 0.0315944553927105 0.305733613881587 -0.133254748855956
0.106329959872618 0.0480210857831526 -0.216029404822397 0.33140156910237
0.0778710317621148 -0.0724981144457068 0.120716089181642 0.0356673519422346
-0.0332963763272514 -0.0972194638890186 -0.0807155325229718 -0.256152024212014
-0.0925527817659737 -0.00950778734997817 -0.319627887672902 -0.148265663913274
-0.0435436927533096 0.0482624320898328 -0.365695469812152 0.144694845167508
-0.0097376074397763 0.0381790160351096 -0.179978930384482 0.311211040036422
-0.00522272408242135 0.0432542829569837 -0.00458784425591489 0.315490532694607
0.000550655673856544 0.038199832032424 0.0657647230904533 0.27835827721293
-0.020616713220419 0.0176496141704489 0.0908200153467282 0.262778477061708
-0.0256456828800177 -0.00828725636208521 0.0718673341334288 0.270226994939235
-0.0255297984619431 -0.0207920673547895 0.00445477170371995 0.28935109110067
0.00203813967240847 -0.0608051767006828 -0.124136315524886 0.309779464635381
0.077983944282459 -0.029609417538563 -0.273135212698159 0.271092797558351
0.102809028605604 0.0776799558383525 -0.392049413019781 0.227196369648726
0.0508436556628487 0.129986117141461 -0.394285277220938 0.407171047029633
0.0224912995770811 0.211608093778441 -0.266758041653669 0.282931812201043
0.0899177199420585 0.0933638656279488 0.113836240864992 0.0356850661015488
0.0860122684414692 -0.00620451691886401 -0.0647439897564915 -0.280441319425366
0.0505415554423687 -0.038626263766792 -0.332121566087907 -0.186072019239985
0.0365614847429029 -0.0349115758383313 -0.394006123100453 0.117230132706857
0.0170111234746372 -0.0629042710078915 -0.200329689219371 0.304175036171972
-0.0290910443307076 -0.0620790566969023 -0.0192104429394593 0.305317432580169
-0.0332311137065068 -0.0582999247786882 0.0574274931249817 0.262583788894978
-0.0343580046683959 -0.0886390831205716 0.0962129661062651 0.239953787218819
0.0299825147872307 -0.1134562292725 0.0935739571503335 0.247338257574901
0.0861611524926582 -0.0770464195533225 0.0376200568657032 0.276142010005577
0.155451251649586 -0.0334879513661786 -0.0768553965464964 0.318341948646552
0.158244853313912 0.110045993744497 -0.221144531053674 0.296596714569029
0.0480728170506297 0.260834230597169 -0.311171665269042 0.228372834138581
-0.0706502140880282 0.314747539890087 -0.312313055185864 0.351754191978292
-0.0884860152637879 0.34171251987052 -0.26250483634132 0.183279246946775
0.0572971920492946 0.27186257984948 0.128895622930764 0.00465026555064106
0.18855581233417 0.125415328977281 -0.0255566070625049 -0.316596703068466
0.212707084860449 -0.0363555434452008 -0.319626685863666 -0.245309003576988
0.139206040781376 -0.113373563616508 -0.403546890598716 0.0567190965589712
0.0614561223925581 -0.162855432679957 -0.216520177005502 0.255461367495501
-0.0401710099557132 -0.166110539848151 -0.0377637037572956 0.254104489362933
-0.0631426427436969 -0.146643114066967 0.041026891115743 0.208571021430143
-0.0561328057725751 -0.175761431830469 0.0937985566513853 0.178190079970963
0.0548381601947148 -0.205046166446641 0.122355644648751 0.184196089602056
0.159142168768628 -0.148990639639399 0.100024322755144 0.230199071426178
0.283978839798183 -0.0588784235592992 0.00898443569970423 0.31412165356086
0.261752767450408 0.186581669017937 -0.141449802290339 0.32510062353834
0.0515136565170459 0.39537805304135 -0.228393387531709 0.218306452885372
-0.143330738768424 0.461832765661931 -0.200353243382916 0.249246997840741
-0.201300250566909 0.411394838511604 -0.193617959362103 0.0422426535460001
-0.0186349908536357 0.421790813570729 0.17263312844734 -0.0560162023449845
0.242202600999998 0.273672902335403 0.041439074275901 -0.349002378039386
0.357786090067966 0.00639030114361524 -0.26205236438522 -0.306193832759426
0.245554377668085 -0.162769761718347 -0.369419057704186 -0.0290529029311794
0.114512879316177 -0.240393814139986 -0.215449097432926 0.165604562729143
-0.035000899429777 -0.249330458536713 -0.0532041329962256 0.16503725473461
-0.0838093701905949 -0.214224152537105 0.0187358253941881 0.125309997862486
-0.0795607387975305 -0.233684982827343 0.0808060286832403 0.0912010541280626
0.0544525514418151 -0.267011191552772 0.139380294583248 0.092683021212557
0.189897630176322 -0.210698934762274 0.160777126258226 0.150854372224541
0.36200618377227 -0.106114398440629 0.101623820402598 0.27713140042314
0.34163383051775 0.2074995505336 -0.0504632275735057 0.329040487392852
0.0785017081684156 0.460125931059032 -0.160735758677429 0.189219741859353
-0.174521764518588 0.537583746262084 -0.0902699741027098 0.114907355030168
-0.285106634363738 0.404876446596807 -0.0643429822968941 -0.116647757917796
-0.116446349742061 0.488818242896987 0.23879403934894 -0.13429414764106
0.223815851346257 0.387343059074164 0.127652120910617 -0.359261109274949
0.430144207137082 0.0773117564917751 -0.159011520239492 -0.343345438609924
0.318231239606592 -0.167123943184678 -0.28240653234516 -0.120746808292794
0.157737557925737 -0.272929938545504 -0.185410347632019 0.0467489504614164
-0.0206307105550323 -0.292529982978576 -0.0613005643817448 0.0511515699919848
-0.0911642938000915 -0.250129813176247 -0.00551841326026411 0.0245688501280247
-0.0943222740798572 -0.258467420378102 0.0584089482440441 -0.00833309120551696
0.0424565320957116 -0.290203999299058 0.139542468299269 -0.00978070555994209
0.190905413637965 -0.239592653527889 0.199324064064346 0.0565817971609764
0.383975152764306 -0.13167724307688 0.170884049387773 0.214839362416018
0.363039812657888 0.201338015079383 0.0255108997182032 0.302896702253502
0.0802821262402051 0.458352988013968 -0.114053366284852 0.147584212375508
-0.186349021029555 0.530756629990586 0.00623165043976654 -0.0246784540913061
-0.302593020496868 0.325965262932162 0.0966743993605173 -0.261804024824934
-0.191671118321806 0.447641278279604 0.314850014511109 -0.208858283865075
0.146916060209519 0.408587802422233 0.210247558097766 -0.339572513416422
0.40481239245373 0.129927888487312 -0.0382566039255779 -0.343454159922174
0.323827008997238 -0.13314945151107 -0.165623556905349 -0.194962894376206
0.170092838009235 -0.25397318604768 -0.134492524405866 -0.0751266536234535
-0.00574857711054671 -0.285232620601072 -0.0611226310441121 -0.0670751135609374
-0.0857489059751355 -0.246697691257315 -0.0280872321989408 -0.0783864800250543
-0.0931686450908051 -0.250591614401032 0.0346711409774538 -0.107270409881188
0.0324336123953901 -0.275618722752855 0.130478101872705 -0.107037941040465
0.178243116031043 -0.228048180458921 0.220305390525544 -0.0297864701196809
0.361850408479303 -0.11697052277897 0.211981846040822 0.151998362329358
0.318271211303581 0.197871495148836 0.0737106194611333 0.263374607492461
0.0445027996237445 0.407456848996219 -0.0856304298622277 0.102178717319644
-0.192848103561666 0.44390152457417 0.0885225167532132 -0.144749676817443
-0.251325792705705 0.191108070757315 0.250010152747939 -0.374501266869244
-0.202362726272576 0.307763644875904 0.374024765083868 -0.264832817197786
0.0584217321201891 0.323327012361406 0.27052462724293 -0.30408321037209
0.29506995043476 0.131829805866215 0.0622056300192735 -0.319205616832427
0.257604454494138 -0.0855214875817874 -0.0581944909215498 -0.239192162439662
0.142036905665226 -0.192237161157956 -0.082773306174776 -0.175427386323334
0.002584566488072 -0.227932928504457 -0.0599953760861338 -0.16882427959463
-0.0696064794471151 -0.203882138747308 -0.0473013264812327 -0.168879109133544
-0.0760449107727401 -0.210668842076868 0.013724474533635 -0.194157661153112
0.0259377207219189 -0.227899830254877 0.126903148178169 -0.188375936044334
0.154964448259502 -0.187466667306194 0.239521393134831 -0.0968937418113773
0.304498099301171 -0.0703521771867912 0.237917247670825 0.109566993367827
0.229081171441615 0.19374792534315 0.10159895419331 0.227374933277542
-0.0152081097447564 0.322952472033287 -0.0639143978269125 0.0655594715127614
-0.192518160701812 0.300403037623688 0.159732993389322 -0.229021582924828
-0.149896545905885 0.0240331834297968 0.355814210851509 -0.435940931385387
-0.154664949624515 0.120941404723328 0.393603863905214 -0.298528973257075
-0.0103526290883307 0.171886368566308 0.295485357729097 -0.27244134993162
0.148421292021913 0.0860826219879819 0.119002403959264 -0.297390804476485
0.14289761837598 -0.0347271184328399 0.00429650170369965 -0.262352768737802
0.0854281042103727 -0.101994195157936 -0.0543341434419224 -0.238454813586806
0.00706100470265367 -0.133932422031954 -0.0634310074218605 -0.235449265244782
-0.0432588501040953 -0.128844049569817 -0.0604344743940914 -0.232597049666927
-0.0459700162493237 -0.142056769933775 0.00344053474218089 -0.258679951560846
0.0194782357872562 -0.154259682872001 0.133865838596059 -0.248729393880411
0.118719173586355 -0.127783856357764 0.267039618049776 -0.137560936651305
0.218026086352815 -0.0159522925968777 0.263546613325534 0.0904359327696132
0.118302426295549 0.169456099146149 0.117934413185849 0.20802534962215
-0.0709434712364292 0.204251729204512 -0.0459430437752585 0.0475173823455547
-0.167768710406558 0.118015110779493 0.214761477066457 -0.2647929420158
0.108153038637948 0.0433414184422779 -0.201762954994887 0.343503351940104
0.0769548139067646 -0.0766590103572466 0.127162367082915 0.0302133176823633
-0.0372055072239986 -0.0966746938319012 -0.091403705972347 -0.258652118937823
-0.0956629451552095 -0.00606275547607672 -0.330145691266615 -0.140823687940073
-0.0424490873985099 0.0503184748352004 -0.366114878059516 0.161042813536505
-0.00917208908398394 0.0391554084845507 -0.171492677170492 0.323952746689753
-0.00384397273495046 0.0441236537858872 0.00800460319435719 0.31801755361391
0.00229043726091409 0.0379894425064387 0.0803258648631783 0.278811362992276
-0.0209749471289051 0.0189285711544045 0.106446534206537 0.262984330910102
-0.0266619437836443 -0.00850016673985007 0.0855804812960297 0.273194506104016
-0.0258887197554445 -0.0194302293144978 0.016393535498116 0.293195318803426
-0.000297018113108241 -0.0609579765858758 -0.114349978106756 0.317908808593435
0.0785660870843403 -0.0334846379352176 -0.26734979177991 0.282775913579976
0.108590595623405 0.0748706332134721 -0.391255089872093 0.243122385794735
0.0550216881689641 0.129075234466009 -0.383188286380151 0.430098423910388
0.0311022003468911 0.213232166874336 -0.254843859668172 0.297969226812023
0.0957892053459256 0.0911928991281188 0.119985692183153 0.0306847528815338
0.0872372581740724 -0.0103523448584872 -0.0752342586797419 -0.283579724527842
0.047173581638354 -0.0427344424452411 -0.343441556313683 -0.177951313204484
0.0343446393317875 -0.0389021709083647 -0.397686889216219 0.13423783017486
0.0144168282843806 -0.0646465919400645 -0.191348881945037 0.315110591757457
-0.0330917295923378 -0.0609079722591493 -0.00638141213652879 0.308632570311855
-0.0358262164214412 -0.0571804826907065 0.0714456775717692 0.263503593471093
-0.0398718465895309 -0.0881504529038909 0.110065067020666 0.239359979272654
0.0247566794101398 -0.118088690309841 0.106165484284953 0.248202188613557
0.0843484156549255 -0.0819194491999334 0.049982081679951 0.280373015115661
0.155163005967552 -0.0405780744841285 -0.0654559318652123 0.325219594829012
0.165430297528223 0.104535059711262 -0.213010904160104 0.306513631645097
0.0611025040981649 0.262551798260348 -0.309682664869093 0.243015508469133
-0.0595809380296862 0.320580343176256 -0.302186124473709 0.371757598335996
-0.0756437550242994 0.350235440550856 -0.255861581881323 0.19708900077655
0.0705104296757519 0.273723013324487 0.135435902973708 -0.000294202536590461
0.19620046774941 0.117766202579588 -0.0363283243848627 -0.32119188000863
0.211289657255996 -0.0491274042769308 -0.333044959963893 -0.23841314913084
0.134744255273321 -0.122970382062407 -0.410239354105122 0.0749748417031684
0.0544987946346992 -0.168324398028974 -0.210160207221289 0.267187845970078
-0.0487348995307479 -0.16546473478343 -0.026974161571716 0.258200423231606
-0.0702036057905254 -0.144356069211707 0.051815653828731 0.20996003538189
-0.066638139711647 -0.17517590944686 0.105124141663627 0.177295310797014
0.0457195661243893 -0.211678608724717 0.132459667821742 0.182537192216724
0.154983532384552 -0.157667857138567 0.112738361504356 0.23092640281758
0.284071201488662 -0.0733448933869379 0.0215195753368133 0.317932117737513
0.272457882017398 0.178392236019624 -0.129314199549526 0.333513138067252
0.0691819016726334 0.400102059291798 -0.225923632428017 0.229983059330282
-0.126973562931491 0.470744772769425 -0.194718994121719 0.262383552352937
-0.187167565497287 0.425185090479692 -0.192014661242597 0.0508981214997025
-0.000316338440013578 0.42918602698603 0.176507643770028 -0.0630013332956781
0.256448865465132 0.265966612464074 0.0305418514858661 -0.356263588292667
0.359460923711613 -0.0126984898098585 -0.27643206074209 -0.301649447805938
0.240113222570683 -0.17909254892503 -0.379159037831873 -0.0137192642775839
0.104820073797819 -0.249275702536183 -0.212679982638513 0.176372266742344
-0.0484134175853751 -0.250561851151177 -0.0471576057618811 0.169265540432878
-0.0945296473240134 -0.211217759070323 0.0248576931609084 0.126078420090644
-0.0929995237003861 -0.231599158375917 0.0872518045673018 0.0895531979008628
0.0422494172788042 -0.274843906104564 0.145818979110772 0.0887656003247665
0.182885055546081 -0.222542730557828 0.170340375460005 0.149242646939088
0.361546244442089 -0.125782498487642 0.113548399127808 0.275980464193072
0.355193560665027 0.196183754533062 -0.0356673606295536 0.333957962618418
0.0979141930637889 0.462757054097412 -0.158006530731186 0.198631289924868
-0.154528384315894 0.549249613349336 -0.0893074359002466 0.120847281121483
-0.271734914886143 0.422186586921085 -0.0691283262271068 -0.115282248274375
-0.0967703599462267 0.5020734573986 0.239073182746531 -0.145014224131207
0.241254054951629 0.38057133776366 0.117723041915263 -0.368937423506892
0.436319090767202 0.0544693719810975 -0.172567539173862 -0.343524894894679
0.314604953338971 -0.185859180990259 -0.295080892748171 -0.111891244187808
0.14756240065807 -0.28516299331732 -0.187437346976341 0.0542685410876396
-0.0351688731029083 -0.294934412204155 -0.0610326234603722 0.0538283943308439
-0.103962262196241 -0.246457183526984 -0.00470760932719872 0.025766009128628
-0.108920948566061 -0.255773411954135 0.060415661954799 -0.00995179324774899
0.029835656929846 -0.297169033446473 0.140512857545002 -0.0152590644497615
0.182467098020007 -0.252187803335438 0.205794754538166 0.0519750414992182
0.381922786624642 -0.153743925524276 0.181075150018012 0.210390410546329
0.375753930261622 0.189372289666371 0.0400234621557245 0.304833619333536
0.100837962698358 0.461428042260794 -0.113123984049927 0.154164293376077
-0.168678825808823 0.542596057600291 0.00207574025958313 -0.0256442812320196
-0.292548658295513 0.342050482331719 0.0882434072773801 -0.269475011148347
-0.174605761987141 0.460473552570778 0.311330407585588 -0.223132621816018
0.164679171857657 0.405307411547412 0.201733697447432 -0.352323567577134
0.410542517426961 0.110953068769543 -0.0501026998033646 -0.347681910422042
0.321703061297225 -0.151683109541337 -0.177991709411763 -0.191700988938833
0.160574128784684 -0.26651099829079 -0.141138106770065 -0.0718736200469765
-0.0193935198533455 -0.288205096634845 -0.0666833155397228 -0.0668043042916762
-0.0989498536758873 -0.242829540577419 -0.0334334476989522 -0.0776845488903964
-0.10762019427576 -0.247525573276639 0.0305273110374266 -0.108714012563045
0.0202902843893357 -0.281005024407888 0.12734207396559 -0.113472369000164
0.169800310721887 -0.239922109735443 0.223463555953314 -0.0371247252237104
0.359284506968993 -0.136931971988496 0.220088813938986 0.146519598130657
0.330268929199174 0.18801793388513 0.0875572389122032 0.262966194478579
0.0619118589574513 0.411445262209737 -0.0852256911689619 0.107114339714922
-0.178493305934865 0.455104117889472 0.0796790883740749 -0.151391139323802
-0.246408214135393 0.204149178780213 0.238066642515601 -0.388475306634702
-0.192277238977399 0.320146531796041 0.36802059959909 -0.28181543916877
0.071499375951042 0.32364761396395 0.263444647315287 -0.316088883045584
0.302105268210274 0.118825307389031 0.0516630840266484 -0.325983118720883
0.256735583394149 -0.0986294405552653 -0.0704425196586372 -0.241458220475988
0.13536907935844 -0.202387446897439 -0.0925929515105795 -0.176743245271326
-0.00827657092120787 -0.230772361393313 -0.0708162833749733 -0.169598324769123
-0.0788889662461122 -0.20028056681569 -0.0574862274915197 -0.169050189166353
-0.0877585661536401 -0.207566149485665 0.0056490263688531 -0.196572882508225
0.016395587478002 -0.232038102565985 0.119601906342462 -0.196209475800703
0.147769089792317 -0.196939931534645 0.240113041043132 -0.106157799357367
0.303241755019543 -0.0866578046489898 0.244990218197797 0.101717573129102
0.240294301747624 0.186925737968143 0.113246178149716 0.225482197434597
-0.00224458861622143 0.327261878549165 -0.0638433414888207 0.0693975107172708
-0.182755303154492 0.308308913563828 0.147169863399784 -0.239445491871872
-0.149391703137371 0.0298728929064647 0.340526830611797 -0.456233356882525
-0.152340948267776 0.127641793628107 0.385068871955691 -0.316322644663304
-0.00380823916412227 0.173688683236977 0.2900046871 -0.285250267446526
0.151423367501774 0.0794998088853712 0.110151016110841 -0.305983483351013
0.143610135572553 -0.0426154299281913 -0.00653222755695439 -0.267677653020789
0.0818095068747731 -0.107568221432947 -0.0659727271468666 -0.242248711916099
0.000898203074055907 -0.135441058503071 -0.078315675543174 -0.236641478244299
-0.0489146767065122 -0.12666274818949 -0.0738279987738811 -0.23278627001891
-0.054083520650516 -0.138542726316474 -0.00861643809605235 -0.262456046497839
0.0136358365662893 -0.156702525019935 0.123882606961851 -0.257467141207199
0.113780549116427 -0.134439302564042 0.266548963897961 -0.149979789234225
0.218823244198682 -0.0266281215693561 0.270935462115961 0.0819091219250221
0.127187286740159 0.167759158676447 0.128193988302659 0.206261904794957
-0.0637803692317113 0.20880054762892 -0.046432274853157 0.050886622008389
-0.165526260398315 0.123860053881143 0.202057759190838 -0.277888971253569
0.108458158184953 0.0355822513094851 -0.17588379699543 0.356568333283794
0.0724110489974294 -0.0815769037466362 0.131520472245626 0.0204537714806793
-0.0423867689239271 -0.094185185932569 -0.107068153917361 -0.254540441052793
-0.096696636618681 0.000827527953940632 -0.340518687755377 -0.121726984470011
-0.0404503937059863 0.0528039631497764 -0.358688105260899 0.186300596217741
-0.00746740975405838 0.03893597673025 -0.151983550803874 0.336133292020345
-0.000967867858513574 0.0446757393404665 0.0285778736299432 0.316017494571877
0.00490802041723241 0.0370656706861443 0.101541932511147 0.274234902064661
-0.0195298655436453 0.0196889322465338 0.126802321459777 0.256039292551777
-0.0281294950853341 -0.00778454801938361 0.106106314500711 0.269345462944323
-0.0265183753608085 -0.0171810651148096 0.0348017984242724 0.293483687558446
-0.00408681386506438 -0.0608336046481856 -0.094716532661775 0.325802493589863
0.0767262802006236 -0.0387171884239042 -0.251748204619662 0.297056958317808
0.115188130905448 0.0672705211844325 -0.379244309619155 0.267885642133588
0.0617413478238487 0.125016293770899 -0.355300956509126 0.458458568966717
0.044272311843318 0.210484544155208 -0.231258764205118 0.315370903203763
0.103084542128515 0.0850947964412885 0.1257234173284 0.0220367539220238
0.08790971878847 -0.0169620956841083 -0.0927883436284422 -0.281509742259459
0.0428509472640386 -0.0469124923971341 -0.355891705918847 -0.158646494604985
0.0307278681148607 -0.042362753385597 -0.391657416364578 0.163441765456941
0.00927776380915685 -0.066536277575393 -0.172911131944331 0.329272441996621
-0.0384614534678999 -0.0581377618270274 0.0147239669625412 0.308086937470128
-0.0399532082495649 -0.0547077382903802 0.0914602181965627 0.25924283042374
-0.0469432472948934 -0.0855579715608915 0.129037103162213 0.232257403715474
0.0156711829129324 -0.121635665387386 0.124673652536044 0.242969597932205
0.0793397720502078 -0.087527167641124 0.0687810677424205 0.278470270192549
0.152599566210487 -0.0514347980827419 -0.0453929241691128 0.3299231493606
0.172650018597207 0.09390780297588 -0.194752667398403 0.317569808207076
0.0806524643453375 0.2597290948061 -0.298944238577052 0.261388595304668
-0.0408882664598379 0.323482292813502 -0.27910095397542 0.394312450676192
-0.0521812474589854 0.354292470982052 -0.239047791211349 0.214854741856328
0.0896720407193078 0.269608460057914 0.13920038241317 -0.00972569349032879
0.204045403422785 0.103439485788608 -0.055076799246877 -0.321343907527094
0.205666792891727 -0.0656044846288314 -0.349532681195599 -0.219091019236423
0.124494877018621 -0.134157805062895 -0.409277634319153 0.104114559269099
0.042367811496084 -0.173459248139653 -0.194389046865065 0.281594294598479
-0.0614089393064251 -0.161750177684249 -0.00925749865940912 0.259488893579104
-0.0799145192110938 -0.13834868057538 0.0668796969569008 0.206201787811713
-0.0799446415296968 -0.170262720248876 0.11921203904894 0.170378798386838
0.0299602490386076 -0.217748924283234 0.145891648392371 0.175314555348505
0.144446912297413 -0.168759936253903 0.129548074108566 0.226558163351184
0.278580072033223 -0.0936916368765265 0.0408288723446116 0.317208838523593
0.284514083343516 0.159851794654184 -0.107583205705885 0.339980817711693
0.0970435145262975 0.396160495317777 -0.214539202848173 0.24390990251567
-0.0970186944772271 0.477872640475031 -0.179222472891918 0.276001696007244
-0.15834726450755 0.437525460063335 -0.186370986691865 0.0647532292074943
0.0290493087997093 0.431876241963512 0.176011088360384 -0.0734839148275211
0.274028928108731 0.247724504835831 0.0106860671351741 -0.359418609001214
0.355210418432011 -0.0394424980912255 -0.29688890222734 -0.286389926458772
0.226502219536654 -0.196738894022115 -0.384400461758278 0.0137210356479541
0.0874546937902861 -0.258757177817862 -0.202831334386391 0.190449172131832
-0.0665100503586366 -0.247083781363275 -0.0362640974336898 0.171756661718754
-0.108479839320519 -0.202948353774153 0.0335113051143734 0.124641202699119
-0.110221453986446 -0.224322824039523 0.0959113908932372 0.0844354018777593
0.0225176467581463 -0.280193075386165 0.151892789740269 0.0808688846230199
0.167786418242809 -0.235162297759596 0.182885526454437 0.140505745684191
0.351541006111853 -0.153127728649476 0.12990267733909 0.269345735264963
0.368726397087756 0.171336502010052 -0.0132745804459829 0.333965573035967
0.129870542376059 0.458289458132761 -0.148849404786576 0.208402358726327
-0.120321623366698 0.557927844330008 -0.0846744741532061 0.127341548651985
-0.241900657052281 0.440005658084376 -0.074798405070152 -0.110210111999197
-0.0630367027034243 0.508924406008961 0.232843597058882 -0.158577788529057
0.265797314753547 0.36408773163652 0.0967857049774586 -0.376807086208406
0.4376619727062 0.022371234567365 -0.194094045076367 -0.333638335501292
0.299798832116884 -0.209469661167009 -0.306421630680325 -0.0915500604752208
0.128244882854745 -0.29706091114023 -0.185768449813124 0.065996097986644
-0.0571794759801034 -0.292805881032078 -0.0584924795756462 0.0571644737743362
-0.120403156585639 -0.236930931012235 -0.00384982973512147 0.0260766481786808
-0.127769155671354 -0.246442034214216 0.0609888980868747 -0.0137761010210681
0.00824005906853943 -0.300705645172431 0.139772187869352 -0.0242119216523869
0.165299549884374 -0.265240627168128 0.211881611854548 0.0406081279138327
0.369387219070941 -0.182435306306154 0.192897508037057 0.199384173625477
0.389730285938824 0.163984232840574 0.0621524353565469 0.300402757327928
0.131681302817836 0.456159319788372 -0.105726545603407 0.161623520775099
-0.132320131705699 0.550432144196217 -0.00418398519682031 -0.0254549336616501
-0.270156561940834 0.362580253828619 0.0710794349234164 -0.274639964401177
-0.145351817954291 0.473347235496672 0.29755313979341 -0.240563883691464
0.189122570951616 0.393392199687677 0.181236664008989 -0.36388156782636
0.41616001496283 0.0822027819445352 -0.0717283647895164 -0.345193141679415
0.310245555612028 -0.175252614997245 -0.194367332615894 -0.179747266644952
0.142447597676395 -0.280067520912083 -0.147073186946954 -0.0635475708243411
-0.0414288614087969 -0.287131878523507 -0.0736405112113901 -0.0629644302089785
-0.114220451378705 -0.233534583513906 -0.0401843436873974 -0.0760624770399993
-0.125567671996475 -0.237699516101141 0.0237342633791588 -0.110551901617958
9.98024166689723E-05 -0.283913976632829 0.119760109161951 -0.121031870319112
0.152808121007469 -0.251508650208064 0.223602038327594 -0.0507864223513637
0.348164916566893 -0.164255558852675 0.228869597250189 0.132779876302949
0.343653826746467 0.16597867298783 0.106603558830868 0.255681680557604
0.0898592515926277 0.407504203331696 -0.0806735166924817 0.113687439416031
-0.149426224921146 0.462759536441557 0.0648360541854199 -0.156549170387921
-0.231751792577173 0.219139299346984 0.212980932350191 -0.40357601233627
-0.171697872558219 0.333300744849476 0.348840913363379 -0.303086239747041
0.0917628939737901 0.317801311869987 0.24607939984892 -0.331473141967658
0.307479994752338 0.0967352235420885 0.032528609455522 -0.329644541303285
0.249686454094464 -0.117734847910978 -0.0876494793758144 -0.237924480869569
0.121094905554108 -0.21368592122188 -0.10590168913478 -0.171927821144229
-0.0250565285277026 -0.230694868880859 -0.0857658952162238 -0.16665499060901
-0.0923253353472476 -0.192509627585706 -0.0717536734530485 -0.164744300880786
-0.102539751964748 -0.198164013614414 -0.00850502430971854 -0.197283602145916
-0.000619256928079962 -0.233731265822092 0.105647327122194 -0.203617298557546
0.133854286056761 -0.207290545716711 0.235786640867017 -0.120471263241736
0.29654845122372 -0.109673253713242 0.250475905090107 0.0866254335945574
0.25329206689541 0.171806590535589 0.129953289095614 0.217496417786779
0.0184879365996031 0.326440699299689 -0.0606985018296367 0.0749621893282947
-0.163283800945138 0.318520079190308 0.126386925908282 -0.250021584353233
-0.146951469629612 0.0394105751914226 0.311946461566955 -0.478329511013615
-0.14376079597477 0.137168611030241 0.363782697454369 -0.338762396361367
0.00637491758696167 0.173752586738766 0.274295660715686 -0.301866765392982
0.154421192083722 0.0675981218212304 0.0926359476781288 -0.312926689231131
0.140430595010307 -0.053083684732114 -0.0250059266109228 -0.269340272199531
0.0743274349240724 -0.114115559945729 -0.0834979972197751 -0.239574360583403
-0.00840834951270713 -0.135697860924099 -0.0982589158212093 -0.233384884139713
-0.0567324025536277 -0.120365933168212 -0.0924330546486164 -0.227188118020707
-0.0640422135205443 -0.132249739756701 -0.0280669963531545 -0.261734626601694
0.00256762240196602 -0.157719030464909 0.106457213342199 -0.265443552147004
0.103394598629067 -0.141936584328807 0.25926398775973 -0.166536250748307
0.215419840660456 -0.0433568340392719 0.276406306416612 0.0649867047510139
0.138602715924604 0.160234973433005 0.142402729185675 0.197980940165012
-0.0507790998788607 0.212577572841649 -0.0448820545656554 0.0548676143100033
-0.157856151452664 0.133780477946653 0.17872507105071 -0.291992710286299
0.105831635859461 0.0269330146079978 -0.142793116774 0.356715175734724
0.065393122338869 -0.0847167926012765 0.131489909912545 0.00987295351284644
-0.0471012779009552 -0.0885650806786823 -0.121274246923872 -0.242853285814417
-0.0949870875486609 0.00907333334200889 -0.340364746311304 -0.0989281720047298
-0.0369219052679944 0.0540423253021492 -0.336883298932323 0.207303098715858
-0.00579225093490721 0.0383872545474686 -0.12546633759941 0.338997797346227
0.00199000013209176 0.0434337716002636 0.0487088228144589 0.304797777962277
0.00734448013917917 0.0347362539606116 0.119845701938322 0.258503667321557
-0.0182124331338269 0.0202907424033787 0.143729827066446 0.240584256219521
-0.0292711299486709 -0.00607960819006795 0.123723877047048 0.256303455397482
-0.025962077349762 -0.0145052030467453 0.052931051857237 0.283904169675429
-0.00805221379314977 -0.0582651901420215 -0.0707881533339579 0.322816307940489
0.0714899798435227 -0.0430350549019343 -0.227610586628959 0.302960805530901
0.117375487413596 0.058065813416318 -0.354057061803243 0.285832632353516
0.0665225976515563 0.116924027120589 -0.31387085913498 0.472547492490859
0.0561383401554955 0.201543014165733 -0.200881679669432 0.321905509303465
0.107097630950636 0.0760612543569887 0.126497981358128 0.0118588445720634
0.0845106319276196 -0.024031353859765 -0.108545298872041 -0.268746689984688
0.035916603420994 -0.0484293992403568 -0.357757939476489 -0.132759656669904
0.0248950571430818 -0.0440998397259125 -0.372695145829348 0.187943481043589
0.00276208942944227 -0.0663475111045654 -0.147024695552832 0.333194550268206
-0.0416963809475163 -0.05320942452377 0.0347601605315948 0.298236639098768
-0.0420636328484601 -0.0505053255813335 0.108478750409805 0.245924253988037
-0.0527355586944466 -0.0795019785824575 0.143963732827471 0.217206569797365
0.00521979565253593 -0.121347526638612 0.139602673980813 0.228787529320357
0.0721325746464459 -0.0905472386202485 0.0875535004659499 0.267981849614058
0.144612157975403 -0.061151934773751 -0.0231126069252348 0.323855357371203
0.173410649564658 0.0788045195957892 -0.169607500110849 0.319114433509486
0.0972074327087589 0.247873133060315 -0.275773237422795 0.275079315762631
-0.019572527375391 0.316422483961416 -0.24506582526421 0.404334044722043
-0.0261074008698964 0.347391510523997 -0.215825536769661 0.225756253922958
0.107033435852653 0.25625494361244 0.138663253219819 -0.0186070950054566
0.206244534315361 0.0846022310105446 -0.0744701112811429 -0.310324173167253
0.192233606046362 -0.079404395087523 -0.355113003310384 -0.191598535545955
0.109676837381222 -0.140607922288435 -0.393684199364878 0.132189751494544
0.0277170509225484 -0.173417258741166 -0.171321374486405 0.288727244143559
-0.0726291528472544 -0.152128929599324 0.00843480591637206 0.252003331824901
-0.087640924746874 -0.128674939516558 0.0804078839032629 0.196125743321685
-0.0911949850983164 -0.158795557851213 0.1301413796105 0.157834258505653
0.0120671786989461 -0.216051880030289 0.155613766006643 0.161758389968017
0.1290151477955 -0.175157162849337 0.142782218771894 0.213186645813248
0.263288018010926 -0.11219329632716 0.0598782389176616 0.305899554668916
0.288115250294952 0.13567537651241 -0.082485281179345 0.335224434518072
0.122618636816943 0.379196343214487 -0.196204878816037 0.251903532133958
-0.0624933948861248 0.469230482695868 -0.157664611881797 0.282973437416748
-0.123088393614209 0.435948385345584 -0.175002316880525 0.076002538741154
0.0586115998205966 0.417193055302022 0.169060593922723 -0.082156546555521
0.282876513219211 0.219409026377551 -0.012041805028514 -0.351525876808952
0.339892095025401 -0.0647778588143585 -0.307305367169976 -0.25951796113567
0.204115294520903 -0.210158082900218 -0.376408984657338 0.0429433232939447
0.0659608359037343 -0.259904933123043 -0.185284338124572 0.200202799907299
-0.084693488172437 -0.234071879935194 -0.0235227680001413 0.16884813208538
-0.119712053554808 -0.18814735498769 0.0408232765836272 0.119270018256274
-0.124219585900469 -0.207742723319331 0.100872096386107 0.0748856797708463
4.82985719214056E-05 -0.276412216568655 0.154659805237725 0.0693090193560996
0.146904802767458 -0.240887261357447 0.189847485496377 0.12571659484982
0.328971908297133 -0.175763492380876 0.143869711464546 0.254254791176393
0.370727420382902 0.140820293903406 0.0102272137011752 0.323198807826943
0.158018489677626 0.437938382680286 -0.133728918434844 0.213697478270585
-0.078784953382653 0.54822998910384 -0.0763737846303914 0.131130276349896
-0.202896398161267 0.444385034001569 -0.0794372833594677 -0.101190622240764
-0.0275598574499036 0.500162827855048 0.216958429920419 -0.167780311025042
0.283198873635741 0.33409699525707 0.070023495987915 -0.37312319123414
0.423628020186336 -0.0105804718124975 -0.211370936721079 -0.312080216476668
0.276267884947838 -0.228555989592909 -0.307735038769721 -0.0647394215848508
0.101706628188573 -0.300929975435932 -0.177708304156832 0.0776469378133797
-0.0780402650360161 -0.280417686774476 -0.0544568337309428 0.0593745778961771
-0.13316218444517 -0.219952373608709 -0.00328024676026634 0.0252198515510601
-0.143359603771769 -0.227269482996936 0.0598575322242984 -0.0174397375595128
-0.0154383462245498 -0.295246090566239 0.134769741492619 -0.0309415194507805
0.142212557160142 -0.270478447989974 0.211655983077973 0.0267710502769364
0.343998045161511 -0.205580953015653 0.200584178993833 0.182081264961638
0.389609839937267 0.131240147275751 0.0819778405720147 0.286263879534503
0.159742288645069 0.434948835302458 -0.0943253596885947 0.165679724515948
-0.0934632337809766 0.541201015237605 -0.00946747366239956 -0.0230953544465248
-0.236780907455681 0.368600516039687 0.0507122899958857 -0.270929226429241
-0.108218332449581 0.470569181419461 0.274559700159358 -0.251307685340578
0.210501271035962 0.367832160295869 0.154313835246798 -0.365801679857384
0.408187039011633 0.0486967960352022 -0.0924752618721724 -0.33148087519543
0.289008966935626 -0.195804307207549 -0.203747986061711 -0.160375688957964
0.117753994657713 -0.285026062632575 -0.149285159091723 -0.0524736954833886
-0.062077429551122 -0.276804292308551 -0.078247241582047 -0.0569462405320215
-0.127854045691904 -0.217156250199872 -0.0463621705647468 -0.0701849948789894
-0.139627508978635 -0.218563653321635 0.0155813625065897 -0.109083127113576
-0.0215513024754493 -0.276820040769687 0.108015362230409 -0.124802366143039
0.130725972716341 -0.256495829057811 0.217210145043031 -0.0632277759664466
0.32593014361182 -0.186433653444956 0.230686040639044 0.11474816172791
0.346549068601388 0.13735132263745 0.122508969254384 0.239551231025816
0.114098103508178 0.38984970866629 -0.0720979952983935 0.117314240688351
-0.114577664509453 0.459586007893199 0.0475249720458478 -0.156497704010269
-0.209549941895105 0.227838172984604 0.180604659951954 -0.405981647467228
-0.1439266612742 0.335607302728958 0.319262863115115 -0.315555208956501
0.109529942296254 0.302046973846225 0.218497428702589 -0.337018089427545
0.30286765069112 0.0715470784485715 0.0113976763812053 -0.322953090682579
0.234341459703133 -0.134292612066586 -0.103697335874565 -0.225511716573293
0.102273964251922 -0.218185040827209 -0.116982950987176 -0.161365654021939
-0.0419122372091727 -0.22267606257666 -0.098753307720672 -0.157051150183679
-0.102517366879137 -0.178556869242029 -0.0839362991505114 -0.154244413253647
-0.11456265655244 -0.182996317718164 -0.0229200756111122 -0.190825681145675
-0.0184585583693328 -0.228162047362138 0.0878204241900867 -0.204364978159304
0.115607690213471 -0.211157796937149 0.222797617051442 -0.132954144318099
0.278973129425217 -0.129510718157429 0.249758848378619 0.0695975279385775
0.258764944668587 0.148633624818841 0.141911186291732 0.201760521381046
0.0403341844065022 0.315638608529842 -0.0556358509418802 0.0783629439701335
-0.137619987050212 0.31885349985353 0.100949680217766 -0.251442786883205
-0.139924338250258 0.0466619365798246 0.269768024724875 -0.484981925769953
-0.130176756453498 0.142097004191202 0.329911580789565 -0.35056200366971
0.0170824048742212 0.167900098940083 0.249649669208162 -0.31046095250626
0.153023827787345 0.0548666221738665 0.0704064840889674 -0.310176440376587
0.133806635399727 -0.0631306975137449 -0.0431439352159277 -0.261731954259499
0.06399591744073 -0.117214501446829 -0.100350382620748 -0.229778506408881
-0.0181909241039027 -0.13061052117962 -0.1162732186421 -0.221752592259655
-0.0620941735346557 -0.111609732684854 -0.109875991287887 -0.213408640713077
-0.0714836626924895 -0.121218511433379 -0.0473790183958808 -0.25202976405271
-0.0103457119366054 -0.153053950895428 0.0843843342799184 -0.265196607889207
0.0895877095351269 -0.145511121814371 0.242230035528264 -0.179210961525565
0.205811570758085 -0.0579320635533286 0.273709498443153 0.0472514028359364
0.146716996478656 0.14617959490861 0.15216325767199 0.182696512149805
-0.0357486401511751 0.209439167942107 -0.0411130497764479 0.0571793650905876
-0.144825497775046 0.139246429979765 0.148854322602863 -0.296040040050383
0.0997765539869827 0.0213822773208235 -0.116817420214697 0.345859336075853
0.058622286266996 -0.0840536055104341 0.128774046682581 0.0023146870052573
-0.048530434939548 -0.0826310612893944 -0.126304540831412 -0.227425207300305
-0.0901501025700037 0.0140017275841508 -0.331076508810881 -0.0805625441607659
-0.0340002218523329 0.0533698148365883 -0.313249278815417 0.215342715216314
-0.00525434446200196 0.0374014733301751 -0.103843052300314 0.331985595784386
0.00383696841686049 0.0415487294108805 0.0610705503632432 0.288586164237519
0.00901909183192708 0.0320005609329408 0.129261819392078 0.241123177448548
-0.0165795506749454 0.0198586990002385 0.151667770486609 0.223201970036583
-0.0289362723403359 -0.0047865921772799 0.131901632933738 0.239938653122338
-0.0244625180908623 -0.0122401299317872 0.0633358618199259 0.269479678194516
-0.0098571084863665 -0.0555080012620187 -0.0533272867866181 0.311438409838415
0.0663571464946271 -0.0439333059082321 -0.206143349323697 0.296421298752011
0.116269223745082 0.0486390630729208 -0.327893931534912 0.288038767901787
0.0657976385240178 0.107877161753389 -0.276219698648566 0.465453344191733
0.0619521807105775 0.189207859008467 -0.173599298108904 0.315294119587205
0.106039710101748 0.0672933236622235 0.124179543499358 0.00504209162496919
0.07964806805031 -0.0285063853198556 -0.115417253510666 -0.252894566422138
0.0307184448669165 -0.0474705213899633 -0.348655097276294 -0.112039379319521
0.0197229499045683 -0.0436925215759183 -0.347076064957828 0.198659779813301
-0.00224224096471588 -0.0637591170206244 -0.12444034051991 0.326350298124005
-0.0428748203876902 -0.0480781161749242 0.0474138932635255 0.28219362357382
-0.0426833012362709 -0.0465171769298601 0.117186592327723 0.229113719719803
-0.05607489326118 -0.0729816214547924 0.150697726916771 0.200170690063285
-0.00302887348305198 -0.116782840478392 0.146391742960209 0.2129294420342
0.0653835800713539 -0.0900944739165093 0.0957859133753711 0.252639188832314
0.133977456971488 -0.0660396160342767 -0.00792973084169863 0.310180463224985
0.169931575837351 0.0672107817522779 -0.149498689962093 0.309870515032094
0.104622040740086 0.231611116184808 -0.254217528761879 0.274419130895921
-0.00652898490681497 0.300664529161476 -0.214995928519929 0.398504119167292
-0.00794591715035164 0.331339383328868 -0.193135042434793 0.225471285368767
0.114893826263532 0.240094473411519 0.133720864330702 -0.0239463609993912
0.199866173916669 0.0686752605134709 -0.083960813854335 -0.293869846634963
0.177441620311177 -0.0854695821270522 -0.347726255312926 -0.167847616435639
0.0953244212765724 -0.140644801281349 -0.369214056416263 0.149079289623999
0.0159274839044953 -0.168351031007223 -0.149956030242185 0.284181190607303
-0.0778471073896358 -0.140641601393557 0.0195397132674835 0.239741773030467
-0.0892994900308724 -0.117725972288542 0.0868819100603309 0.183895288059513
-0.0958915164782476 -0.145597445382937 0.13406161073169 0.143845909267343
-0.00128266358280613 -0.208057387654313 0.157319579335369 0.147834265848964
0.114794877964354 -0.174064775550946 0.148784934756902 0.197898403301321
0.244529345497612 -0.121534483434398 0.0703897943058593 0.290344763782697
0.281062660875586 0.115818575817778 -0.0635330022919457 0.320425281115921
0.135991168650988 0.356967758749712 -0.178166404553912 0.249730948325697
-0.0401905628793429 0.448749723833014 -0.138252836889054 0.279061192313464
-0.0954044426994231 0.420750533447101 -0.161692248395601 0.0811169074677216
0.0765905641892013 0.396112912396052 0.159503200146146 -0.084408488409288
0.279557373648269 0.193718952605709 -0.0267283230344926 -0.335209795459777
0.318202247212129 -0.0797751417760611 -0.305934665619305 -0.234485185084772
0.182730894767371 -0.212252673739523 -0.358238392301416 0.0632551380481042
0.0476602169055333 -0.253463104661174 -0.16850936405867 0.2002711377479
-0.0933148208662054 -0.218921094715774 -0.0158755776215864 0.162212332374565
-0.122824038315438 -0.172738563802704 0.0442679291946359 0.112010850013028
-0.129529634600472 -0.190453226486258 0.101178861009456 0.0664852392890625
-0.0162840850472569 -0.265290257722778 0.151788160261542 0.0601605568311817
0.128540433330487 -0.238752861455515 0.188956804802398 0.111627847587158
0.30290103921767 -0.186307335842839 0.148039045703353 0.237655020800875
0.360551153639825 0.11582855000778 0.02446166008806 0.305989457017623
0.172623790242879 0.411329280270547 -0.120237728151304 0.210730874491301
-0.052510468286819 0.52419738210142 -0.0691622489865033 0.130587282400051
-0.171641398747183 0.43107592145053 -0.0790501828982977 -0.0912360660328813
-0.00111698491817358 0.479653516809808 0.200611173428422 -0.167553460086982
0.285178191213919 0.303252923053591 0.0525639690858207 -0.358730303036785
0.400916579043881 -0.0313203504913113 -0.215353668620635 -0.287098292444786
0.250283498013728 -0.233503963101306 -0.297051183883767 -0.0432656878720431
0.080280006872772 -0.295367184243669 -0.166914461106621 0.083448387422782
-0.08970816119594 -0.263111289857127 -0.0515252121994511 0.0588907278833762
-0.13725459755573 -0.201924873143495 -0.00323076049525972 0.0256110049150513
-0.147823748164357 -0.207762891219149 0.056069700174318 -0.0196542490857466
-0.0315328648021652 -0.281455613474174 0.128407315474589 -0.0352632197384095
0.122206211811544 -0.264905649625972 0.20529619742638 0.0154776278174846
0.316167975572444 -0.216117981044806 0.200144683721009 0.166639883390188
0.378760099697551 0.107529193787884 0.0908015681840103 0.266196455866577
0.17364161752768 0.40705888238781 -0.0841748029657979 0.163866306740409
-0.0649266474452998 0.518160157837592 -0.0139505286773229 -0.0202947095719931
-0.206138350235554 0.361089840102035 0.0370067804840821 -0.259291083715457
-0.0806824779508738 0.455460362631066 0.249594537272128 -0.249589807423054
0.216615139992023 0.339344175103223 0.132772571624766 -0.35348132032512
0.388973078274847 0.026378106194005 -0.101793292399572 -0.311457542629104
0.264890856601727 -0.202698414618088 -0.203072737636941 -0.140076467720265
0.0963156096776024 -0.280744645069876 -0.145668321297055 -0.042750308269072
-0.0740841672406647 -0.260981042209297 -0.0808729129580786 -0.0510162359852514
-0.131388155853641 -0.198574465363388 -0.0501624688950296 -0.0636737801981129
-0.143636207508832 -0.198717527787424 0.00874933930003021 -0.104774749969322
-0.0362068326983463 -0.263674351014432 0.0976117691355704 -0.122969715248924
0.111687286826775 -0.250991845597852 0.206627128882226 -0.0708659122725035
0.298328413803562 -0.19618087928527 0.225832828576749 0.101353376002724
0.337263272538562 0.113678011500351 0.128415479266186 0.22083488702224
0.127904784210798 0.367183964419782 -0.0648362753459555 0.116158515670449
-0.0880329887313707 0.440961092866655 0.0335587743101449 -0.150301766748704
-0.188351228946597 0.225365572674851 0.152953683343835 -0.394110662548694
-0.121716853518643 0.327273438513753 0.288988631975311 -0.311710555024996
0.117541186870112 0.282149019974553 0.196022109930135 -0.328973644766389
0.289432659475767 0.0527150680373033 -0.0028469695167028 -0.307281978745462
0.216175436424388 -0.142203974147943 -0.110513943898215 -0.209063216829184
0.0857869939205595 -0.215128206085541 -0.12117119366409 -0.149364904568102
-0.0519490861007085 -0.210571806468313 -0.106190868074634 -0.145272452779705
-0.106103532379693 -0.164002749972209 -0.0911235390822939 -0.141679516662238
-0.117422132020649 -0.165505779300923 -0.0319688034635701 -0.180100061657197
-0.0302088535107251 -0.215658339390461 0.0747085049366883 -0.198589328594472
0.0990596618413011 -0.207481543550964 0.208620651496917 -0.137084425564497
0.257536872061112 -0.138407934382489 0.241873541867278 0.0564921240046459
0.254479348526922 0.129638259129998 0.145093031846142 0.184442232115622
0.0526477953661269 0.300178949005509 -0.0505794225737827 0.0777836979465537
-0.116598103573074 0.309014921662374 0.0792342314768444 -0.244049198283116
-0.130101012991715 0.0505849912217098 0.236271138778435 -0.474458483138407
-0.117627878546946 0.14022577394036 0.298409380961337 -0.345088537853248
0.0232967136125453 0.158939184503748 0.226798650434659 -0.305099481824133
0.145671296864163 0.045069437593468 0.0541863391196282 -0.299117831137089
0.123855249304421 -0.0687320329433908 -0.0539703831381333 -0.24888749999908
0.0544166017532363 -0.115863843500771 -0.109126759779037 -0.216119680503777
-0.0241546731870191 -0.123551098400328 -0.126584184907217 -0.205801580793787
-0.0639293481695178 -0.102207561326058 -0.117718890676951 -0.196907195030712
-0.0724542515009194 -0.109285802120403 -0.0591266178995638 -0.2367095778292
-0.0179470462853158 -0.144592416798754 0.0676035783537386 -0.255941009139326
0.0778432310653972 -0.142445149097477 0.223834904100006 -0.183117988227405
0.192227798470563 -0.0660111705766519 0.264438187844191 0.0336839178121498
0.147714590210442 0.131834285902657 0.153076544840771 0.167213137176931
-0.0252930819653698 0.201003536208972 -0.0377565073871548 0.0571709898054257
-0.131378907138275 0.138474670146885 0.122856218102273 -0.288768990678031
0.0984739889691623 0.0262278236915988 -0.121831058248706 0.322746758733587
0.0598084814176594 -0.0791948898616238 0.122910195768582 0.00468752891269218
-0.0445245407437781 -0.0810152054972965 -0.114382388346246 -0.219754587665322
-0.0863599653038806 0.0136687440821369 -0.316144520669861 -0.0866757178014308
-0.0313440554629965 0.052122304784174 -0.301645421972859 0.199683440335768
-0.0057483169061069 0.0364758088029785 -0.106110427141001 0.314151404421818
0.00193458889276703 0.0432987027489053 0.0536244797067133 0.277034931649453
0.00722043047269143 0.0311846734151856 0.123864364181936 0.231493891145734
-0.0162469757506841 0.0206777650355709 0.145074047956159 0.216197675640168
-0.0274704014027557 -0.00425806757668159 0.124223587627389 0.231448540093035
-0.020960675141513 -0.0107756835766428 0.0538068578202771 0.258899492144592
-0.00761676424566364 -0.0476201752522505 -0.0588946589156829 0.292151685448993
0.0613451823607672 -0.0362638062022932 -0.207231154594036 0.272262266054311
0.10572525581245 0.052310155965288 -0.325710446839855 0.264966490321006
0.0605707653180166 0.110897704808444 -0.283788930448182 0.43296319832353
0.0533723719225051 0.187257992847019 -0.168507212417552 0.295479029969478
0.0990168857251315 0.0686429882089419 0.123489688951305 0.00564941046924183
0.0757608183554129 -0.0233472917544862 -0.100013898408491 -0.248549732007906
0.0297385071627339 -0.0407328773989662 -0.329818075231934 -0.12183302945392
0.0228887595983258 -0.0387119657845729 -0.335657521237685 0.180081188049703
0.000316542826021401 -0.0613180766553398 -0.127890350770272 0.306147329604079
-0.0397357991133099 -0.0443387076528934 0.0370017710121027 0.271015316703713
-0.0401689924330267 -0.0461154280933659 0.110079317090588 0.21967735362833
-0.0518656105466222 -0.0695982974552787 0.144634007519951 0.192691634648075
-0.000608956401095486 -0.114212399979773 0.14039667165899 0.205908237199848
0.0683517144774433 -0.0860326906270575 0.0899342868623075 0.246055383485385
0.13060606538258 -0.0553736366148162 -0.0105684720467616 0.297489076855628
0.159324010902441 0.0738465653857294 -0.152658650364388 0.292229859121112
0.0918366260123707 0.228325442788954 -0.260340119231782 0.256243385533531
-0.0104587912730442 0.293610118090049 -0.229020318402608 0.371349538004055
-0.0217972939821648 0.322462075972449 -0.179093592718305 0.213023855341348
0.0987046069160572 0.235110501502679 0.138408049084625 -0.0220440674234017
0.185989156118606 0.0754404812714307 -0.064945928327161 -0.290488929129021
0.168931621798628 -0.071176112914443 -0.324933352893465 -0.180226867203126
0.0981049008278979 -0.128236581424048 -0.357585478258348 0.128456670319689
0.0206970891817424 -0.161697521444445 -0.153086140989282 0.263637657603083
-0.0701612382534275 -0.135409685465128 0.00897376038955798 0.228240547208105
-0.0828840461986392 -0.117617090969241 0.0802155226254266 0.175487308004547
-0.0894888497675529 -0.141172255249563 0.129924445213625 0.137987301707626
0.00177117019529294 -0.20398186458384 0.153959073129522 0.142345680656433
0.118329097870129 -0.167463206324615 0.145702965537738 0.19461751609516
0.237451825275255 -0.106799030014298 0.0706465731295225 0.282162636153096
0.266914837416202 0.124011785871792 -0.071294526514803 0.308874693729066
0.120469742255425 0.349889065071095 -0.190548152274948 0.236773919355927
-0.0445568358100995 0.432693510501484 -0.156342602168237 0.260757280559747
-0.112720660472973 0.403239561249063 -0.141822526917381 0.0819945806320301
0.0539064499292518 0.384463073841087 0.169228356454934 -0.0768977867309607
0.25597746251144 0.200284830372212 -0.00173790976023828 -0.32934735331405
0.301030252699517 -0.0607072652117559 -0.277507444190094 -0.245815290077927
0.182831902988158 -0.193338438607653 -0.344790268461677 0.0422815800575534
0.0537605449359299 -0.243548582119402 -0.169994162367427 0.181308258766803
-0.0831498432861905 -0.211788698638028 -0.0262153678453225 0.152459312457924
-0.113580264757412 -0.171280204026293 0.0393397237311847 0.107172014227761
-0.121001388627674 -0.18538164267465 0.0985496820104634 0.0626401721266407
-0.011893923647224 -0.25960240464905 0.150286191099798 0.0577337233244203
0.131892189124917 -0.230694768044459 0.189030747876214 0.112414915718152
0.295061835971634 -0.169667452651535 0.1508343374122 0.234469065047611
0.344562387649501 0.125620467889813 0.0156035643630859 0.300484290768474
0.154940954430466 0.402009816442984 -0.134927714790629 0.203930915505975
-0.0571558968167073 0.502054934562658 -0.0880096607033388 0.124180929120769
-0.190134930037281 0.410929284290986 -0.0567896178629538 -0.0772891085380056
-0.0267265511601646 0.462120669247445 0.214199410355841 -0.151711777051805
0.254609704661563 0.305302964920889 0.0783335925243265 -0.347071107893628
0.377266745441504 -0.0122964042425839 -0.185656322997845 -0.296001245838912
0.246932811159469 -0.2115283275264 -0.284004739933101 -0.0604391237520358
0.085823402394436 -0.28235352966561 -0.165935665920393 0.0680029607047883
-0.0790232364254597 -0.255719495442544 -0.0589461621572405 0.0522853812662407
-0.126460498117907 -0.200937678570365 -0.00662704180161304 0.0237872953050785
-0.138215060750521 -0.202555094128578 0.0567382254888552 -0.0207605375929372
-0.0268402365301995 -0.276671343337817 0.128561196253582 -0.0339790767626237
0.12649835794502 -0.257711906411354 0.207492993945191 0.0200202442441195
0.30868624080188 -0.199351863759711 0.203302279234927 0.167636975094159
0.363068702464312 0.116457566237505 0.0814110237091738 0.266019894663206
0.156666424068302 0.399201189603125 -0.0979036079674607 0.160074229971587
-0.0684883576177013 0.495934139647725 -0.0298672877623743 -0.0170487972694101
-0.222417306181903 0.340084379309231 0.0579924870191744 -0.233110202108874
-0.104133297090059 0.433348545287168 0.262650806826342 -0.225641608613137
0.186537000063137 0.337640561050027 0.156976733151954 -0.336678614138082
0.361765817516679 0.040476107995826 -0.0745939688248284 -0.31218881076713
0.25791118429682 -0.182437840924732 -0.190531145240637 -0.151425541096336
0.0998235010190432 -0.267418710579267 -0.143002896783742 -0.0511077979445198
-0.0646742769674626 -0.253776419074492 -0.0862148251689808 -0.0534720754283942
-0.121087887264816 -0.198091693324983 -0.0510656748343278 -0.0619146989162608
-0.134675528712236 -0.194918624235204 0.0118044704100647 -0.1025262299033
-0.0321465719496938 -0.259149412244429 0.0996682331466661 -0.117759368063829
0.115547554183472 -0.244395589855928 0.209147271119715 -0.0622679208132222
0.291242548770779 -0.182422338143961 0.229270343890417 0.106919703495202
0.324863829145908 0.12117603287466 0.116868309228267 0.223194884505446
0.113766973136534 0.358434332885248 -0.0767022982609813 0.114135769009708
-0.0902715614114273 0.418986312804671 0.0218520122962301 -0.139226315872196
-0.199756554660238 0.20866223498703 0.169973365584496 -0.360248936508256
-0.138352265724982 0.308471191596683 0.298165966806493 -0.281558001327849
0.093527478594551 0.276677170940246 0.213046977225063 -0.307047430268972
0.267548351920224 0.0618323742708333 0.0182142026835157 -0.300560477784497
0.20870612232808 -0.126534146013358 -0.0999887536632057 -0.212595514012247
0.0868497913401517 -0.204291772015254 -0.115960373263959 -0.151538259825626
-0.044294313268548 -0.205241113482254 -0.107557665661154 -0.143871939612641
-0.0969487553203793 -0.16287955257232 -0.0892896709944144 -0.137358420166645
-0.109261390290318 -0.162326317440358 -0.0283379153276784 -0.174351599293766
-0.02674956981673 -0.212160795838177 0.0771071825956576 -0.190466292922448
0.101649154659106 -0.201863455172692 0.211443973213049 -0.126122718919838
0.251295813567364 -0.128689255203169 0.243649545849483 0.0655793906785882
0.24449452209499 0.13339185036178 0.133089311714982 0.188030098173959
0.0423718384357069 0.290857648820768 -0.0600454529811331 0.0759231424098706
-0.115338522364323 0.291476395227339 0.0720055649770827 -0.228112388183287
-0.135399365647401 0.0405676779727377 0.244757372850931 -0.438973396423829
-0.125197820743873 0.128331324629917 0.301297213113679 -0.312343450901403
0.00989067752085927 0.152915097751572 0.23568716437428 -0.279502661575974
0.131480485041385 0.0494437596303385 0.0685006194878623 -0.286471680628715
0.117836843426115 -0.0596692010307539 -0.0452068451851998 -0.245322390124748
0.0539618590845018 -0.108847767747847 -0.10126388446686 -0.212504501197169
-0.0198789555330377 -0.121779163664395 -0.123768647987434 -0.200940152257422
-0.0573885268860056 -0.101803014658041 -0.113403556181832 -0.188995859307503
-0.0679837215350411 -0.108694369851558 -0.0535096213624777 -0.227911186080099
-0.0152971338185869 -0.142194840310555 0.0698600230676954 -0.245422214207809
0.0797407120707437 -0.139299068952904 0.224250246989299 -0.169344493902217
0.188348825601006 -0.0604446298032419 0.260588406439536 0.0443002582846248
0.14080611668638 0.13396599799294 0.139337860192741 0.17043271761984
-0.0306508778747137 0.193540277104867 -0.0444603908628676 0.0538175230092334
-0.127591600496051 0.127594166819502 0.119545624054456 -0.270409861625517
0.0947898101164203 0.0265746910288049 -0.11715584634567 0.315618969189158
0.0586610528961629 -0.0781363668553691 0.123531392347006 0.00322630912995959
-0.0440948578304763 -0.0799874340230754 -0.111621134877275 -0.217594192072235
-0.0839405172082798 0.0150053093259288 -0.313443544400781 -0.086673525207854
-0.0312331668561068 0.0524969051421507 -0.29605416223165 0.197817594551328
-0.00662203679656082 0.0373698773501806 -0.102931833276226 0.310754194486079
0.00219856184759968 0.0431610891561282 0.0536364199001686 0.272390322707407
0.00699553420355027 0.0301541868400169 0.124439621194228 0.226077446337176
-0.0164804684461157 0.0202553187233129 0.146105521700476 0.211581537840818
-0.0278587027070752 -0.00422296763925478 0.123990768453032 0.228468047440433
-0.0193798915390538 -0.0112007611828448 0.0523964077817103 0.255781138091555
-0.00703579847156017 -0.0462258996313705 -0.0581424560649662 0.285894271067748
0.060370264876582 -0.0350752828652506 -0.20713947281305 0.264968505900456
0.104549975120565 0.0503278466632225 -0.321827931417847 0.260412002136683
0.0570958039701004 0.109653724172455 -0.276432146586009 0.426249885113216
0.0524631678643584 0.182821605632238 -0.162927002468798 0.289725023050242
0.0980190098644163 0.0671221710423753 0.123848092661924 0.00480939499524571
0.0738717849975795 -0.0250887406618419 -0.0977054225777513 -0.245350349144955
0.0288395968576529 -0.0402464599483306 -0.325316792409051 -0.121359388346943
0.0205970105664924 -0.0374458990181494 -0.329296886796388 0.179843443019487
-0.00200113018886386 -0.0602903839139458 -0.125097481987526 0.302606251944355
-0.0396397277515251 -0.0428177065209485 0.0374952451327271 0.265968855725264
-0.0400948666242556 -0.0450128529940906 0.11120720288395 0.215799924335441
-0.0517102809017124 -0.0683736891613931 0.145167129715658 0.188387839296971
-0.00272109147317476 -0.11315149720898 0.140396843620445 0.203268674673988
0.0677868009402599 -0.085706741183688 0.0894553464236917 0.24234928524703
0.128586906867814 -0.0552062020875011 -0.0108762017245636 0.291398823579117
0.156269510233309 0.0730118145232167 -0.153346983902694 0.284450569641768
0.0915105230283425 0.224266697795019 -0.257672873943671 0.250285926519168
-0.0120013083138833 0.288638714484076 -0.224547056483106 0.364508687240849
-0.0206816222141911 0.314588923943019 -0.173443208686192 0.209964307656622
0.0990150269963181 0.231742536955641 0.138915917872843 -0.0207563534463085
0.182112158772392 0.071634619999519 -0.0623208319584571 -0.285184044781282
0.164431284393765 -0.0710454341119741 -0.319303172204079 -0.177988946811393
0.0938092626094153 -0.12705823629907 -0.350686544481023 0.129039884773239
0.0169425891988934 -0.159772330895381 -0.150255105502608 0.260186591893387
-0.0696800798853876 -0.131437276923989 0.00913594553293329 0.224090012987042
-0.0823051668902727 -0.114132978383954 0.0807435849845246 0.173496716790513
-0.0890282469879263 -0.136937389307033 0.129232999224554 0.134802751176119
-0.00145949484729443 -0.201586077639172 0.153063720707402 0.141134005590289
0.116837868055496 -0.166068803094268 0.1442067741674 0.191807591218817
0.23196009424445 -0.106790567187249 0.0691974452866926 0.278152245226519
0.262821872450346 0.121281056338469 -0.0716615907423312 0.301116748776408
0.119335618154649 0.343649408317729 -0.189572476150555 0.233091274687226
-0.0449757741355264 0.424191384366134 -0.154633365571429 0.25733386130291
-0.109648608460474 0.393596204516099 -0.137911061594127 0.0812847882640326
0.0542023669984117 0.37910390727102 0.168956184673903 -0.073749607330508
0.250582779954143 0.193784663729449 -9.80336437336881E-05 -0.323001557585717
0.293306771947638 -0.0615192576074583 -0.271460002089983 -0.242039287993853
0.175664915215031 -0.192191862499631 -0.338447699451385 0.0457544391868415
0.0483874841923649 -0.241002681738804 -0.16692026563068 0.178941920149188
-0.0834538510330315 -0.207165196203687 -0.0263901779779477 0.150324232818463
-0.112374982423047 -0.167267345276546 0.0392407713573886 0.107102704028067
-0.119653639386503 -0.179290050841485 0.0977610670537591 0.0607333442767056
-0.0150713304812898 -0.256669084695534 0.149529604378663 0.0573292312777001
0.129619633361315 -0.228348741066207 0.187792651949094 0.1109449218054
0.28777597073732 -0.168850842200106 0.147486853786744 0.231997837738296
0.339867967571866 0.122058048634159 0.0135949645174034 0.292413959117114
0.153017191098849 0.397110944259955 -0.133476258391234 0.201184076899852
-0.0573074340946384 0.491980447049083 -0.0881405917439507 0.123226076189791
-0.185157769922293 0.400324913416945 -0.0542611193434329 -0.0741914621470784
-0.0254484570089826 0.454511647068202 0.212487115435707 -0.146133305143215
0.250036767524831 0.297623026333755 0.0792401936335179 -0.339979845226801
0.367939427319942 -0.0152447148110395 -0.181481301251118 -0.290772988317845
0.238701974906727 -0.210475212092097 -0.278835704854773 -0.0553477148622039
0.0808219963617563 -0.279864996167168 -0.163815663891322 0.0675566211535679
-0.0804796939015482 -0.251171529545151 -0.0602297614027888 0.0525454667084164
-0.125039388778457 -0.195352856952551 -0.0076393400876583 0.0257488644975748
-0.136618694677272 -0.196275335861643 0.0554869702014147 -0.020505071786724
-0.0297753770878284 -0.272630189095025 0.127609599881871 -0.0320885129899809
0.123774431441524 -0.254510163411975 0.206608607066887 0.0193186875005751
0.299609242389647 -0.19956384488693 0.199717489331891 0.166514346813879
0.357997680383232 0.111709313585853 0.0788306425041462 0.259062929529381
0.153854215857785 0.393382097624889 -0.0975860010731347 0.158039226464075
-0.0685046751431183 0.4839997630085 -0.0325777450261452 -0.0149816604341367
-0.216756277484679 0.331618252019859 0.0571074565394554 -0.227091832978761
-0.101078657799565 0.42658957326389 0.259578425953658 -0.217970135527396
0.182802099518353 0.329670713850487 0.157198492318406 -0.328755561220524
0.353032478177512 0.0387179019862665 -0.0718624395845164 -0.306101025421301
0.25102032603899 -0.182003819125773 -0.187876096836847 -0.146061145161397
0.0938988723021816 -0.266318263116472 -0.1422069956373 -0.0504631476342185
-0.0660830361612499 -0.249403682691987 -0.0877728827680157 -0.0514601594812895
-0.119085445673399 -0.192809316953619 -0.0522403244041848 -0.058381278582313
-0.132441485244392 -0.188532067844463 0.0103225093925847 -0.100080175295028
-0.0345504066616303 -0.254234445192531 0.0982621835859725 -0.115145488845051
0.112276502455444 -0.241351337775059 0.207575201961882 -0.0623724177241966
0.283656844721193 -0.182695524037122 0.225459148820614 0.107080228215914
0.319443118300722 0.117167309360829 0.114853029130325 0.217530442074535
0.112291287627503 0.353492423915122 -0.0762906108100059 0.113034250840751
-0.0905726200851218 0.4101076436928 0.0177129252590752 -0.135691770035189
-0.195647136410665 0.202529486449396 0.167056971688692 -0.35219120986289
-0.135452821813472 0.303239854427985 0.292975757086452 -0.272762130789221
0.0916361901117947 0.27060234523493 0.211613771725214 -0.298945680240818
0.26051591569154 0.0606407387804863 0.0201921275201791 -0.29449369210898
0.2026588256668 -0.126743160665382 -0.0987464884431312 -0.207969766450935
0.0819742188195054 -0.202174272187245 -0.116514392936628 -0.149936386249546
-0.0461079259478453 -0.202268824717086 -0.110081326535283 -0.140335967861988
-0.0947844540120835 -0.158868469416447 -0.0903686051006487 -0.131480756166891
-0.106897959454728 -0.157122072384376 -0.0295672020859095 -0.16970285226957
-0.0276908566912554 -0.207953633327282 0.0757616112564273 -0.186276362782733
0.0988320746716559 -0.198413703200168 0.209083508182106 -0.123956297867375
0.244687371256436 -0.128883067847745 0.240539474119555 0.0659217931082235
0.241002249552836 0.129635474075761 0.130511564802668 0.183493727408493
0.0421704325443675 0.286277986486839 -0.0603219062588065 0.0746891224638076
-0.113032063744101 0.284100079978555 0.0655757355514377 -0.223457145344183
-0.1324691961117 0.0386264422074966 0.241331233895994 -0.427795108151826
-0.122975391033297 0.125561783900451 0.297714427332072 -0.304253581799701
0.00917359452841065 0.149335839411645 0.234838459779019 -0.273226122853498
0.127530223572549 0.0485447472969103 0.0691875900092531 -0.28021893863718
0.114291479368113 -0.0600787850632818 -0.0457834500350843 -0.241572776797899
0.0517493369752893 -0.10821347471321 -0.102955036536153 -0.210147872842027
-0.0211364467287259 -0.11981162823647 -0.12670254347582 -0.195745745163787
-0.0555617750454485 -0.0991962662916568 -0.115198137275822 -0.182365540862733
-0.0659031342127152 -0.10432384527684 -0.0551971711225812 -0.222273307349597
-0.0164040038251701 -0.138191017623759 0.0686386353391386 -0.240241510240214
0.0771626798107189 -0.136280657560324 0.221083778236084 -0.166817810272902
0.183759981936094 -0.0604780655124809 0.257735680108488 0.0449356099087216
0.138938308529772 0.13161691023406 0.136898391834862 0.166678000208293
-0.03026037426257 0.190281169034671 -0.0452780092442156 0.0531576302089763
-0.125486947904726 0.1231642501429 0.112570566063436 -0.265350806048872
0.0940489122037677 0.0269290916219315 -0.114881430068236 0.317570386119886
0.0593737459043274 -0.0788197535870434 0.126537863651336 0.00110343997259931
-0.0448085813736314 -0.0810226885915409 -0.113561543717789 -0.221034604944386
-0.0841162070514409 0.0157830432070604 -0.31871031421398 -0.0881428952252093
-0.0311964576482993 0.0537974021626272 -0.298678495447609 0.20267099776114
-0.00680505860264268 0.0394395368481913 -0.100960524935597 0.316730143692186
0.00351730139806826 0.0438671967762413 0.0569576079108688 0.275285720953145
0.00693764511490527 0.0302755745811856 0.130796069964766 0.226436986707985
-0.0169173180451767 0.0209401534668187 0.152608608456876 0.212158488965005
-0.029233943478254 -0.00416360766243523 0.128543675851426 0.23165461279818
-0.0184652831346443 -0.0124324708959635 0.0530540651040148 0.259115070207363
-0.00745882285081788 -0.0466904971202963 -0.0586837021012076 0.28837520295968
0.06106993439569 -0.035003026905204 -0.211684520207026 0.266168291269591
0.106537414879377 0.0500947207926879 -0.325650594030769 0.263497511623037
0.0566779718208034 0.111923925478619 -0.276609374733754 0.429946591868512
0.0524851730661549 0.18349183704484 -0.160190025513881 0.292391175459553
0.100281520063406 0.067323613639008 0.127258426241571 0.00320650407440073
0.0736250815117278 -0.0267000826836883 -0.0988736265066427 -0.248693833953019
0.0289701190322293 -0.0409333031376685 -0.330461355703857 -0.123644250107512
0.0200076037538461 -0.0374869188721861 -0.330669970252924 0.18572962759479
-0.00388945574618515 -0.0598768546778567 -0.124165650501397 0.308582988806766
-0.0400346697532493 -0.0426758769177745 0.0406900093167217 0.268284304048073
-0.0407203265618867 -0.0450042112519262 0.116445217851053 0.21605485631114
-0.0536746536643345 -0.0678223544689526 0.150240448667273 0.18921631182234
-0.0051807681448327 -0.115175240253444 0.144734504895693 0.206199610108875
0.0691792377170962 -0.0886120671102868 0.0912759917057868 0.245023676623771
0.128863652360492 -0.0566475828720239 -0.0106063823241792 0.294778036889032
0.158731810058226 0.0732713409317971 -0.15706171864364 0.285083923920199
0.093666850905249 0.225683190569498 -0.261943108008728 0.254854055728199
-0.0129883037238109 0.29199272834969 -0.225397226415031 0.369060696129998
-0.020087531762624 0.315114002872612 -0.172088624150821 0.213216956556953
0.101831065715661 0.232909678073368 0.143405500721305 -0.0214469929006866
0.182930388839974 0.069183453463416 -0.0627821347998776 -0.288452589429154
0.164101864846985 -0.0738250211492753 -0.323520294020583 -0.179873748992786
0.0916550388228967 -0.128586051407047 -0.352450684491324 0.135033850455849
0.0140606070258758 -0.161561606687892 -0.14960598357873 0.265154504324579
-0.0722500979841879 -0.132181208173966 0.0106365230482909 0.226707031684879
-0.0841183806755925 -0.114343026095725 0.0847479481599041 0.174712290397419
-0.0913496035143553 -0.136178932876018 0.13320301725704 0.134592680189101
-0.00496388198522929 -0.204685431825539 0.156987958263413 0.142972554883148
0.116714862081735 -0.169927414779818 0.147982160359733 0.193630788318823
0.23289132752081 -0.110939530081444 0.069826335548407 0.281227217530412
0.265481532704627 0.120639519066072 -0.0745059234858224 0.302469030318714
0.122184678213966 0.347025786024187 -0.192074116342265 0.236801235493879
-0.0467551865537333 0.427417527497395 -0.155747392047876 0.261698411857307
-0.108711565008285 0.395553175922037 -0.136765812409676 0.0841259824075465
0.0571759565298286 0.381856551611236 0.173608724784373 -0.0729668712265442
0.252818039437272 0.191911828372828 0.000439624528349789 -0.325659336983171
0.293593964494921 -0.0648132629120546 -0.274776232786728 -0.24434029232492
0.174217649916517 -0.196349410615966 -0.339657345022634 0.0502265785320505
0.0441511559173519 -0.245234394100427 -0.167611482300286 0.182810200006948
-0.0872429462453387 -0.208219367094923 -0.0258937081009759 0.152241015180223
-0.11449062487714 -0.167041292737814 0.0408436575994527 0.109527725240258
-0.122141350705934 -0.179840720596219 0.10006043679656 0.0609638021091547
-0.0198696666868245 -0.259580705603409 0.152473620804201 0.0586328049718557
0.129654676735046 -0.23304964997233 0.191233142093652 0.110712445808315
0.288168303420146 -0.173642388269188 0.14934488969142 0.235976985370422
0.342946940056436 0.120361312633282 0.0129259271143815 0.294024060136958
0.15714632558757 0.400830483729598 -0.135738145980068 0.203694175195059
-0.0584158613136971 0.495987297494889 -0.0909011516032532 0.125973044508545
-0.184668093343153 0.401961812531846 -0.0539563619463468 -0.0727005100087537
-0.0214620034518858 0.460428255684604 0.21614210569534 -0.145202293110291
0.251632281818143 0.296718490067207 0.0812166829952796 -0.341897198512962
0.369379203337088 -0.0171054690207201 -0.182282365846917 -0.293429084319068
0.237415474994429 -0.215744163722931 -0.280996021892747 -0.051618621142332
0.0751925948065825 -0.285244481158192 -0.166158501020433 0.0697213649581088
-0.0847220369149201 -0.252988964787242 -0.0619868207885111 0.053812696257518
-0.127732603840117 -0.195352636076565 -0.00753498367688799 0.0287127204339012
-0.138923878900961 -0.19505753506643 0.0558325209055794 -0.0210556833012012
-0.0345746443537476 -0.274861758816514 0.12958888679249 -0.0322831711343267
0.122969571875377 -0.258983720237651 0.210577682247885 0.0188087508482238
0.29966785343269 -0.205561561419706 0.202279510216941 0.169736176555351
0.362915121367121 0.110757975054722 0.0789343128911035 0.259556204847717
0.158322877097295 0.39686956985222 -0.0990945569548351 0.160446450818348
-0.0680151153390987 0.488361700255291 -0.0361506994657304 -0.0138829352360956
-0.218097525567015 0.332507007196199 0.0586003492169438 -0.227517920959641
-0.100180352450847 0.432101729827758 0.262545818884598 -0.217432984910721
0.184222753771638 0.330256226356208 0.159628942619903 -0.33053928954532
0.354675031689856 0.0369228548190953 -0.0710462307827938 -0.309205694683426
0.249607031328848 -0.186890659760971 -0.189764272532453 -0.143623445975971
0.0902507442511884 -0.27071368819331 -0.14522157050147 -0.0510292854205276
-0.0707608665371304 -0.252462819563276 -0.0922402361252912 -0.0506364180483966
-0.121472760146513 -0.193345918624718 -0.0539210655574233 -0.0557302093054546
-0.134715578116396 -0.187402061993996 0.0090285258035432 -0.10049806774681
-0.0384074738044202 -0.256707603458777 0.0995386095124807 -0.116478172562618
0.1119151138952 -0.245210005847947 0.210974251815615 -0.0638421486460302
0.281955536442241 -0.18804440135447 0.228914451845234 0.109102006087873
0.32290127545898 0.11478429859493 0.11603535405582 0.218884998142867
0.116112487469802 0.356747398119356 -0.0780400714350094 0.115052078297617
-0.0893967211071168 0.413100699539523 0.0127957322264672 -0.136641765740227
-0.195922641574824 0.202968673714231 0.168580780562582 -0.354494928714068
-0.135821443418677 0.306745840145282 0.295826928860026 -0.272715861456534
0.0930791031902567 0.27165205167077 0.215518832481414 -0.301228683741819
0.261431451592947 0.0596953118507186 0.0213195850498186 -0.297513414216824
0.202122251143577 -0.130538377337436 -0.100776527182923 -0.207540346463213
0.0792933739523238 -0.206385736924066 -0.121182997980097 -0.151801748516494
-0.0497029389220139 -0.203570691120115 -0.115644709107165 -0.140323725130242
-0.0967857563045621 -0.158936412151579 -0.0948372108787374 -0.129156511027851
-0.108819072659488 -0.156296013166138 -0.0320023452446531 -0.169965502617889
-0.0313482876276406 -0.208555052718589 0.075555717556553 -0.187726216985872
0.0980542786399534 -0.201565942358527 0.211694471461212 -0.127549134970758
0.244059364057584 -0.132791427995354 0.244077998354565 0.0672545095780844
0.244319537475409 0.128543061215329 0.131339316605134 0.184951501887064
0.0440615963956566 0.28860612262294 -0.0624029615826553 0.0761504600862615
-0.114180475010874 0.285319765395647 0.0598444655741175 -0.224663901397152
-0.133641269447575 0.0379142354732788 0.242342345760436 -0.43192725652313
-0.124696156644054 0.126700140902089 0.298974187409478 -0.304201975854765
0.00967117713952616 0.151195818021272 0.238010931883852 -0.275785299279602
0.128131606468061 0.048471287817744 0.0704491853700293 -0.283743823955844
0.113775229713013 -0.0624073700424844 -0.0487181597107088 -0.242357390716176
0.0505307417697134 -0.110481056448901 -0.108412349423022 -0.21290449182999
-0.0228473159120054 -0.120653294144035 -0.134304209781761 -0.195784822996041
-0.0560965977305998 -0.0995400887296934 -0.120232885972707 -0.179721950160297
-0.0658696961326213 -0.103906335155077 -0.0585106967463977 -0.22155735701006
-0.0172046759455026 -0.138745906781577 0.0669563971751873 -0.242581823677873
0.0758164954357784 -0.138194860869949 0.223561201193402 -0.169952026537976
0.183843226421023 -0.0628333110028982 0.261480966362982 0.0446751922486061
0.141480055527339 0.131737023961742 0.138727603310635 0.168107472517106
-0.0302732803160652 0.191996152806992 -0.0473094683295577 0.0542958913434524
-0.125090844865799 0.12317073130557 0.107133703831168 -0.267586139338819
0.0952128941769965 0.0259637267609171 -0.107372625250908 0.328573920887455
0.0596410324025772 -0.0830508092319297 0.131859676388877 -0.00371602495333917
-0.0492741715789803 -0.08247169534289 -0.123058035068558 -0.225950896511534
-0.085131680094384 0.0189656709480698 -0.332111804654175 -0.0825962180422632
-0.0302596237069263 0.0577531730501968 -0.300608651895244 0.217327211278798
-0.00526168173822593 0.0425340634791621 -0.0929881136803459 0.329777944627573
0.00538921320353978 0.0452522398503639 0.067390319199677 0.280760794402884
0.00804934373039483 0.0307924851216825 0.143670230755758 0.225871291090816
-0.0168538885326221 0.022170498013995 0.166024621671929 0.211891676318061
-0.0306834066273109 -0.00308419052293204 0.141670694661988 0.236030508784041
-0.0190277093155905 -0.0130982676099622 0.0611643723227045 0.266916654064324
-0.00910334413587054 -0.0477457167201931 -0.0540043401168161 0.296445020141238
0.0623414732133179 -0.0366800254458018 -0.214041526328946 0.277110655693455
0.111214052949757 0.0476882538303005 -0.329791350427212 0.279099893455542
0.0597604252140444 0.114730660813811 -0.271886938342924 0.450348592335952
0.0570083911045213 0.186604404779075 -0.155147424185289 0.303962972279104
0.106068088790903 0.0660569355399407 0.133800345396281 -0.00101532627300919
0.0732022063694196 -0.031354652703053 -0.108320281152164 -0.25384645888997
0.0274224542153887 -0.0432814066465082 -0.345682062342849 -0.118979016625271
0.0186702391051995 -0.0386524911470662 -0.334049941511644 0.201243668891144
-0.00725066519227363 -0.0599489645850484 -0.117402833731925 0.322163647594875
-0.042722957598344 -0.0417670937342916 0.0504701705255693 0.274397677537654
-0.0434014704924048 -0.0451908053665799 0.128294754110832 0.216889795402077
-0.0579802719464028 -0.0669004815779851 0.162792915141825 0.188840733521395
-0.010891070389345 -0.118599012457979 0.156878867444441 0.208821224750515
0.0687122521792329 -0.0942504131601453 0.10119915835093 0.25190886325231
0.130799649662557 -0.0626940801359243 -0.00453230281136431 0.303114214765373
0.165351571621247 0.0706828892602954 -0.15749982459144 0.295120748561011
0.10299400307639 0.230468714382271 -0.263063152535952 0.268471453215734
-0.00680323811073044 0.300580433858779 -0.220992771185475 0.38657498988577
-0.0127996082006735 0.32113755962668 -0.16788669694046 0.22306011061338
0.11284782960537 0.23672496015789 0.149684497776469 -0.0255180958524397
0.188009499149781 0.0637636321825068 -0.0707370933793405 -0.295076107968417
0.165019205906035 -0.0812464261682635 -0.338992518037958 -0.176533578345909
0.088790845879173 -0.134585710967584 -0.356721974317256 0.149686210991722
0.00647051302412678 -0.166449977655911 -0.145528137926637 0.278409746281541
-0.0793858958912855 -0.132923977534315 0.0183929000581403 0.23243412838591
-0.0899946360537136 -0.114204481587098 0.0943069572765565 0.176615219130777
-0.0984789754693939 -0.136254716012351 0.142457318625522 0.133240027636997
-0.0140328425520567 -0.21072508566598 0.168189050616931 0.14322130362524
0.115867315954833 -0.179694682403047 0.158908115900988 0.195723135315704
0.234354239264087 -0.121794915611324 0.0784298052898559 0.288507727476886
0.276733098098878 0.115831446150733 -0.0710758329721186 0.310921219083506
0.136298828785563 0.353728295845745 -0.193184305836177 0.248473517148805
-0.0370377544233813 0.440187150666434 -0.153915165081947 0.273893712343848
-0.101769924037042 0.404372709964561 -0.136138034950707 0.0909458857704279
0.0715439199853899 0.39172807241577 0.179450983008737 -0.0785015439097854
0.262855353906907 0.187424710243705 -0.00566655583141472 -0.334144598423874
0.298389887040801 -0.0761813754245712 -0.28927978095592 -0.244837906213118
0.170627138842877 -0.206833083202635 -0.345927761266699 0.0645586442695625
0.0349088039089007 -0.253601717642105 -0.166747560621912 0.193825166242612
-0.097807097321634 -0.2110295906059 -0.0225811521941936 0.15774189837095
-0.123659981465772 -0.167201376172188 0.0465914745611919 0.112080677763794
-0.1316494169229 -0.178838510980778 0.105972083315964 0.0592492486626111
-0.0310242666302718 -0.267021546832207 0.160770069326625 0.0558992369079282
0.126397410894391 -0.244627698154194 0.201323908377021 0.10868935343405
0.288003050629674 -0.189836507081055 0.160036221718806 0.239589230791614
0.355936049400375 0.114133190276025 0.0187664366359575 0.299821961673062
0.172682962795845 0.407800325195475 -0.135672242329054 0.213237078397565
-0.0458343128281364 0.510068648456036 -0.09245313019192 0.133136583272443
-0.17977105529566 0.413090822208223 -0.0550028338109273 -0.0720149538497592
-0.00930790640023569 0.475048177679345 0.220768034805958 -0.151778599243949
0.265910599611973 0.296886916601855 0.077663561889128 -0.352801387924643
0.375917717971863 -0.0300787500364974 -0.194365983983717 -0.297725946034949
0.234770709866738 -0.229688836293686 -0.288522498423779 -0.0416188504016914
0.0654850797790996 -0.29668716471478 -0.16931597564377 0.0771759317133712
-0.0978627713216843 -0.257170346555126 -0.0639849410549884 0.0573021251636306
-0.137647847646807 -0.195588912397476 -0.00629632910665849 0.0318559355703246
-0.148450559851754 -0.194707708392611 0.0572451466488508 -0.023127508803092
-0.0469947938738604 -0.28133712434949 0.134040571495576 -0.0364210156693195
0.118166074319683 -0.271107258727587 0.218583875147752 0.0122185313306999
0.29786332574172 -0.222454857527285 0.213897230173999 0.171387690992584
0.375363526403158 0.100960834836434 0.0876048904866803 0.263322982926247
0.176083634748049 0.404160082300012 -0.0993593075935216 0.167324785174888
-0.0584991941593806 0.502451508877119 -0.0404253997280162 -0.012172450400024
-0.215630701420928 0.343348725077259 0.0564658365710672 -0.233898419327897
-0.0900799586358833 0.449051068655102 0.265461409998994 -0.226130260405054
0.197293761321317 0.333677336190285 0.159136307538239 -0.342562697533455
0.364253918051441 0.026731033803412 -0.0802007233132096 -0.316079388312005
0.248608793585193 -0.200499408749422 -0.197829190208223 -0.139233885844751
0.0808617420668672 -0.282019792938316 -0.152509145053026 -0.0484075898433821
-0.0836558772342472 -0.256119699084896 -0.0991256009760046 -0.0490088377708361
-0.131431360456782 -0.194148203854089 -0.0577280537447637 -0.052045527647336
-0.143511406236999 -0.186619186785646 0.00535001281259014 -0.102279212821009
-0.0500920335935992 -0.261297905718571 0.100430498040385 -0.122024799617373
0.107015896290479 -0.256215681095114 0.2159240156473 -0.0729933774063377
0.281466400700555 -0.203318576236417 0.239967779610741 0.107251517362807
0.335230367627491 0.106767305210996 0.12411556014322 0.220619641706351
0.12983772324231 0.363434905800946 -0.0783823510745818 0.1196930697067
-0.0815787457515134 0.424851454285355 0.00461102859292666 -0.138709086286375
-0.19681497467594 0.211666383393119 0.164949001699052 -0.366942366762579
-0.130768779088193 0.319848440158619 0.296816765303974 -0.283578155217032
0.102137239828051 0.276483575107989 0.216252397337749 -0.313774218654349
0.269208191586661 0.054093816601604 0.0154117157112091 -0.30635320236834
0.201313164167994 -0.140874525924561 -0.109419636091733 -0.20760887957115
0.0728878318634201 -0.215551482703585 -0.131016096941249 -0.152856945531452
-0.0606447735350149 -0.207246292784457 -0.127485316150314 -0.13890764803781
-0.104073385294645 -0.159585171307812 -0.102479211608846 -0.125670148348718
-0.11536046822698 -0.155356601571091 -0.0384767629883994 -0.171708257328405
-0.039866021100545 -0.212373333053725 0.0730075908026905 -0.195091825640091
0.0938698435204376 -0.210282391060058 0.215498462637374 -0.137744224663966
0.244517495352492 -0.145081048048504 0.253836891568751 0.063475805201842
0.254704887955114 0.124123842203797 0.140154602254322 0.18565166277577
0.0535266652799377 0.295809305115301 -0.0629772015305197 0.080120698202273
-0.108974207429475 0.293756155206826 0.050580593840246 -0.231047750625382
-0.137002896460202 0.0419238113184177 0.239243162351541 -0.447933841303462
-0.125290903726067 0.133179907823625 0.298987877561939 -0.316077710612093
0.0137120850883761 0.154036053608985 0.240642659467624 -0.288442865361743
0.132481820011083 0.0473815440588239 0.0664013327672072 -0.291921499901841
0.113198229306492 -0.068275624674191 -0.0572702428774652 -0.246785354728639
0.0470336698605613 -0.114916122025513 -0.120761669996373 -0.216795135869097
-0.0286711196482944 -0.122696196383732 -0.147987668409103 -0.195687097225099
-0.0603363263589309 -0.100184544626874 -0.131123090773992 -0.178406395299327
-0.0695542462909172 -0.103654566124968 -0.0681599594219903 -0.223558776362772
-0.0221042356167894 -0.141163794222579 0.0616520946098518 -0.25053951580877
0.0733291406792566 -0.143659625655836 0.225420327825628 -0.182569840829649
0.185532621581348 -0.0706846826537652 0.271210036195554 0.0405282500884043
0.148798634989858 0.130325242684046 0.147459787508331 0.16924575951248
-0.0260525709582695 0.197448828547761 -0.0492138722418555 0.0575857648314387
-0.125909849435745 0.127559927394926 0.096186635041119 -0.275943598513263
0.0966138659084552 0.0226853419853296 -0.0897640044784559 0.339588423881964
0.0565206955377079 -0.0880911211060709 0.136377187773662 -0.0124308829579
-0.0557158529626806 -0.0809557496367314 -0.139834451409159 -0.224814438372617
-0.0852290602046339 0.0241889578498463 -0.347267340668594 -0.065322434933735
-0.0265141343360825 0.0611610822735029 -0.293433442602959 0.240264257796974
-0.00242212085612577 0.045138981820358 -0.0723895353168607 0.344108945745385
0.00963652707870689 0.0468164648756897 0.0880983270584079 0.281534809167318
0.0103053146902793 0.030533348990174 0.162261067661924 0.219142342559686
-0.0163601219249602 0.0240130616885476 0.185973560063665 0.204913318925783
-0.0324998449817291 -0.00142249031064909 0.161453972985844 0.232901467878656
-0.0193679164681719 -0.0135269105482682 0.0786074720818041 0.271026523218899
-0.0115715175746596 -0.0482519226585918 -0.0391488921749961 0.304730035027942
0.0621003601803557 -0.0403350214950697 -0.206690223977379 0.294222555137634
0.116985132903503 0.0420112750994904 -0.322575858727576 0.303849129391654
0.067012113641645 0.115221422963158 -0.249746155925805 0.47570858048379
0.0667643237573441 0.186390030751125 -0.138965746185024 0.317935463131671
0.11319832416967 0.061544409207391 0.138898686096948 -0.00881023784523003
0.0715665875689427 -0.0369135653399493 -0.125381108396629 -0.254027520203578
0.0252931306934889 -0.0468089360097466 -0.362081311929906 -0.101685650373388
0.0168635565768324 -0.0398453611266501 -0.327556339913787 0.226450162892574
-0.0118611717331516 -0.0592809323902465 -0.0987808475718525 0.336961188216437
-0.0459917441871467 -0.0391857092344522 0.0693185380643713 0.276283128594604
-0.0473806995421317 -0.0428622081496222 0.147232000138965 0.21152636734227
-0.0641024569759267 -0.0643477538931225 0.180834352948252 0.181274745186864
-0.0207012691764973 -0.120733827321083 0.176012035686364 0.20508513156823
0.0651236188768359 -0.102544943777976 0.118364148101848 0.25259553018883
0.128933263182412 -0.0726945373288141 0.012237358584407 0.310239921908029
0.17381067909209 0.0629305669771727 -0.147475948426436 0.309230146388032
0.119153904131493 0.229194216778403 -0.255398844273584 0.288938774585408
0.00992786452645489 0.308088176773191 -0.203165883181708 0.407465613924617
0.00327570006487403 0.326916742172433 -0.156460684539071 0.237500261779951
0.130424531229659 0.235266892363802 0.153803414542647 -0.034086345849422
0.193632565002622 0.0524511427170337 -0.0884980246284611 -0.298287638830437
0.162600284873056 -0.0940750624894527 -0.357446187885952 -0.163114119656289
0.0813861333190693 -0.142494585000094 -0.353394646806247 0.176598218268215
-0.00610125318016177 -0.169203249856888 -0.13031682131636 0.2944513641944
-0.0906324002887754 -0.130066982906311 0.0329319857963847 0.235740711519279
-0.099065571648917 -0.109761994117062 0.109348446345323 0.174180598889041
-0.110066575983205 -0.131683024498245 0.155600588293716 0.126071714881253
-0.0302567958055511 -0.214194945034226 0.183400237306005 0.137516798326314
0.107649163982548 -0.192504001359642 0.174099616849172 0.191967393590522
0.231009021178672 -0.139995436157952 0.0966575353936846 0.29181937259427
0.290248769225533 0.10173836262544 -0.0579477011280752 0.320761846699924
0.160291453777939 0.354255713556102 -0.184226738995369 0.264730711666727
-0.0125540586053751 0.4518819635945 -0.142181286089963 0.289192852999327
-0.0826942322040119 0.416128871886199 -0.130822390445116 0.101966340746683
0.0974062797688631 0.396472690634096 0.181505258154831 -0.0887169748480552
0.278021744283238 0.174821409353939 -0.0232005284441873 -0.342044075135168
0.298700396653899 -0.0975634822081783 -0.310021545022069 -0.234472317750403
0.159390102462251 -0.222551195137941 -0.34778728049902 0.0891258835863341
0.015887426106665 -0.261363928083515 -0.158540481910898 0.209330375940345
-0.115460799382039 -0.208734487304833 -0.0140256552702993 0.162232098895063
-0.136937935757388 -0.161778755141359 0.0567998567680511 0.112369489737923
-0.14576831366815 -0.173080425498686 0.112654428067817 0.0533925690214636
-0.0516366023664013 -0.270134565462252 0.170157097219351 0.0483924184836061
0.114088757176108 -0.25938377785117 0.213250938695945 0.0993303484103428
0.280450661746122 -0.212029941561475 0.178526259510683 0.237789842331572
0.371354515845732 0.0944191846285719 0.0355020961941391 0.30317642374755
0.203086805888659 0.407333696071341 -0.128807797887069 0.225412057407796
-0.0211300921896313 0.522714631522132 -0.0888314276335516 0.142747795605411
-0.16298976533094 0.431251836492267 -0.0575545390620156 -0.0691981659843741
0.0191800753150898 0.485593249208988 0.218930329071201 -0.1654873774052
0.286480663031319 0.286351782191279 0.0616171530983382 -0.364446335228298
0.381609689716662 -0.0529869362228598 -0.21482466992839 -0.293001385848032
0.222991534761365 -0.249030958123715 -0.29485042266442 -0.0225032527499749
0.0437193807781009 -0.307111158613103 -0.168425658277157 0.0892768409700111
-0.11970102854225 -0.255332759180737 -0.0633220506236055 0.0634785279119389
-0.153607724781084 -0.189952072937652 -0.00317724295789608 0.0345723947170463
-0.16330520028257 -0.187705534911714 0.057182115664777 -0.0263055055698471
-0.0674616997448878 -0.283793278790125 0.13665769712003 -0.0450956659311714
0.104235288974428 -0.286181121878826 0.224796597665327 -0.00134532460260784
0.287077747853246 -0.246608358774277 0.230442405758232 0.164726399528094
0.390191459663027 0.0794046200621989 0.102794052420282 0.262241124288196
0.204538763399879 0.403771694758397 -0.0933929906074108 0.177272794071171
-0.0307101648923418 0.516879714857007 -0.0456148500073876 -0.00830779327530577
-0.202588211768593 0.360720802073856 0.0466817461409435 -0.240678666707626
-0.0639466935399901 0.463746391249366 0.259725785395731 -0.242620585396902
0.219646548640687 0.328145277556443 0.146386671885106 -0.357661370751866
0.372819740361463 0.0049492851203182 -0.098772426654351 -0.318024003769338
0.239035422112893 -0.220785147101775 -0.207732432085866 -0.126929289432196
0.0612874686289903 -0.2939923842217 -0.159559620088538 -0.0399732792054459
-0.10520010180133 -0.255331344058295 -0.107122479965195 -0.0425151698108871
-0.146923057026781 -0.188003437635874 -0.0625425055357818 -0.0468505392029762
-0.157033948245409 -0.179926394474003 -9.62282805528981E-05 -0.103330028999241
-0.0687237858453844 -0.262250487411119 0.0957866628794505 -0.130545537828965
0.0931565862070022 -0.269390439152124 0.217710269616845 -0.0882108423809486
0.272037161820514 -0.226892080415615 0.253470736913622 0.0976971828880815
0.348891555042597 0.0881325854997221 0.139370322357673 0.21679653461019
0.154982318931652 0.364179349326043 -0.0751077985794872 0.127245731836424
-0.0582962767398564 0.436958233025445 -0.00762780630236455 -0.139905051853998
-0.189929965873369 0.225419999411559 0.149664253113675 -0.38277948299743
-0.11435115697688 0.334587557990682 0.288450205232001 -0.302807541826147
0.11900638279805 0.275410611368279 0.20612374638173 -0.331692688938116
0.276908238341493 0.0391610008941122 0.000887708601677601 -0.312358931723095
0.195087529669115 -0.156704107945099 -0.121993523805876 -0.203530093772737
0.0579110745305345 -0.224785344178289 -0.145201148213674 -0.14920650424562
-0.0768653129335693 -0.206751906640439 -0.142414293862077 -0.132249190409826
-0.116654602970992 -0.155885600160249 -0.112865137067767 -0.118742384979986
-0.126882950457248 -0.150290273592274 -0.0503465171007426 -0.170825850292875
-0.0538075768555134 -0.213116927097824 0.0624317207254111 -0.203418142372023
0.0829100790350009 -0.221180493251802 0.211785997818069 -0.154238382677243
0.237949810212678 -0.164317326484626 0.265328990682636 0.051999569645815
0.267148169987222 0.110867143704251 0.154136389739877 0.180823955489067
0.0727224468644331 0.29902794212311 -0.0617865403843637 0.0860822784018041
-0.0953252406163701 0.304561699440002 0.0322936544611869 -0.23624369314326
-0.137492592789604 0.0494661644093185 0.218472777154059 -0.46986932678259
-0.120658292746679 0.143752297271498 0.287540219038058 -0.334987476672053
0.0226378016779637 0.156513800513352 0.23156528145572 -0.307701609184535
0.137208809675472 0.0405690761390673 0.0538189361988119 -0.30126981756326
0.110608540691264 -0.0772266861628358 -0.0709294489576658 -0.247777948142659
0.0395453866584276 -0.120444197256646 -0.13920052692617 -0.214609656820691
-0.0381045925338765 -0.122599019562214 -0.167505536967029 -0.187837321452679
-0.0676322407167923 -0.0982669080030049 -0.145863944603902 -0.169737903828922
-0.0766166386115698 -0.101124070578177 -0.0836527644026877 -0.221868498141454
-0.0311585547407157 -0.141726933601849 0.0475977752382162 -0.259009639079517
0.0658220356003657 -0.151552669056814 0.21948506169662 -0.20031369565668
0.183684967459483 -0.08433868879317 0.281125546948208 0.0257073096438621
0.159954038622924 0.124185854819443 0.160854002135817 0.163835564458826
-0.0150693190522369 0.202377390858684 -0.0492374596050639 0.0623094700399978
-0.121536903123208 0.135633679089935 0.0771924675673185 -0.284641405233254
0.0794903389802085 0.0615946031086057 -0.225993223636876 0.268926886783702
0.0876337711984239 -0.0572360725810502 0.1281878608249 0.0482551550743948
-0.0172818610542508 -0.0933868988317008 -0.0325808750831466 -0.261010289774005
-0.0835797242879837 -0.0106551387674169 -0.290276036231119 -0.20403475900008
-0.0450327602885619 0.046086346704078 -0.36437228711882 0.0955349056616602
-0.0182158011711711 0.0419784664209403 -0.209435191898252 0.28055557992444
-0.00922643434709185 0.0498026386578237 -0.0390459083383507 0.290397006118757
-0.00233334712710535 0.0329635562655246 0.0587507468878531 0.262094693289077
-0.023657895933996 0.0150823774973285 0.0865466104087484 0.25998104535072
-0.0273329626385353 -0.0137724949654662 0.0510630715327146 0.276579851126916
-0.0106183222714 -0.0202749042629019 -0.0441793231696735 0.278576201518278
0.0106108051273164 -0.0433627917813849 -0.165953792832716 0.253609470886375
0.0712652742540176 -0.00585047639210513 -0.317694651128745 0.174384245614637
0.0844882121314382 0.0905654491246293 -0.431470213979697 0.134953000414801
0.0122783248020468 0.133927010773208 -0.442012499051943 0.315486017466023
-0.0171993015813941 0.197068973383452 -0.256614460201466 0.229327291267629
0.0764298004851686 0.102806950703856 0.130815779133773 0.0476001846034276
0.0787123056728814 0.00033287523624681 -0.00720358452143396 -0.28474374499908
0.0438485346108859 -0.0281397559715923 -0.289788862315463 -0.247452643942302
0.0363327787011084 -0.0258275202571992 -0.393901499407031 0.0677551122562628
0.0159456896829068 -0.0573919658532896 -0.233506679247121 0.264860059418708
-0.024405751342189 -0.0524232350720908 -0.055156973934938 0.277782108661718
-0.02356508505866 -0.0584333404075637 0.0466054734658897 0.249103051243051
-0.0304196645260614 -0.0840208257803774 0.0917387040667256 0.235951822924061
0.0307593267769727 -0.119012427075603 0.077928959135645 0.256558833072323
0.10367183764397 -0.0667163925699347 0.0041656138163618 0.279487181571264
0.147900949267593 -0.00832626993926812 -0.118415942520848 0.284618797803065
0.128153891094527 0.135458156520083 -0.27025584295981 0.217004499833771
0.00896145414738449 0.261865587824831 -0.369284817600348 0.149098030026116
-0.120167740928946 0.28404692266486 -0.375119940042684 0.27311925176755
-0.136400780311172 0.296632993047896 -0.234197392212041 0.151197241440232
0.0187556737996776 0.26820855420807 0.157448376344586 0.0278567079324768
0.150636831777515 0.13288267780346 0.0457680201843665 -0.31360216806359
0.185672463778519 -0.0140705237496817 -0.260266856386945 -0.304315174880618
0.137761233631505 -0.0916252555446968 -0.400736629014864 0.00773425759011435
0.0661675180137149 -0.155643835502293 -0.248863589041276 0.211967255079175
-0.0287263183648582 -0.153595243119964 -0.0718756348943877 0.226861883026256
-0.0433015884556666 -0.141576454748803 0.0276305215786254 0.200601131925532
-0.0445079003196861 -0.163839015943224 0.0909824258466386 0.176915418044894
0.0585885417030618 -0.208671544334216 0.112392979079934 0.198771451172879
0.179628738933357 -0.132708003422514 0.0837598490639552 0.247499859812402
0.26664095384436 -0.0281421274223147 -0.0308496033144943 0.305501598844108
0.21868386301615 0.219549610094842 -0.193031154483004 0.269608256836436
-0.00526669286022825 0.392711188019748 -0.298318108495996 0.158371761045008
-0.201311945627967 0.40342699832379 -0.268148290089117 0.191560964737273
-0.254884003266075 0.341463641311138 -0.150145666692438 0.0400873122519482
-0.0796821066455534 0.401600049687419 0.209527428348357 -0.0127408806365601
0.174276074858721 0.27991381838924 0.126524153418682 -0.328149742867147
0.308387101648756 0.0400341738020481 -0.184864338397336 -0.353242505844843
0.239510634591436 -0.12941249512659 -0.360548982138483 -0.0714867684786666
0.122266874831473 -0.229692807881067 -0.238755346212699 0.123052436128033
-0.0206715369453895 -0.236657764756417 -0.0846002167468316 0.14126221178791
-0.0567661518543328 -0.205193251565496 0.00474513859199485 0.124863365161195
-0.0612536719801191 -0.215953293796932 0.0816565474513098 0.0929788421367575
0.0613028727482423 -0.268095712634499 0.138237617496529 0.112768399548778
0.213169427625332 -0.191511628809637 0.159801612718 0.178973024750647
0.342170614361768 -0.0752366866721708 0.06966250082268 0.292859186644411
0.296225077468229 0.246453520349257 -0.10095651673368 0.296983151728527
0.0104696126995963 0.457641025791736 -0.230059412075899 0.148516816516031
-0.236832301815269 0.465101248325938 -0.154883049241318 0.0829393822542256
-0.332655572553541 0.320873657278181 -0.0096558850948894 -0.0824540702235775
-0.190546401257517 0.452930708169929 0.279520114786228 -0.0657139859713822
0.133103065694655 0.385574329672195 0.216157634338822 -0.31387794619863
0.363169064703489 0.113972316835172 -0.0721741914388135 -0.367737971493292
0.306528000661578 -0.127382387818614 -0.266486291784793 -0.153566060732401
0.165390214961655 -0.260485854128958 -0.198559844978567 0.00929796891592567
-0.00581866549260576 -0.281759373544586 -0.088698512620946 0.0309296566629709
-0.0609264788248631 -0.238354887673831 -0.0176645679581922 0.0304284421514315
-0.0714055810541398 -0.236242266413471 0.0646515502585508 -0.0011518163547832
0.0516971254420983 -0.287493180135308 0.146074215151487 0.0148153178783505
0.21487870649023 -0.220901619572609 0.21209467623141 0.0914165471321308
0.361340912287008 -0.103615266042944 0.148405483941509 0.249157039488062
0.318897931923833 0.241755006098097 -0.0196246645772594 0.290331842891938
0.0154729732470091 0.453963658803184 -0.175727843985859 0.119809559598819
-0.244264877890955 0.4520230430999 -0.0479004775646046 -0.0331696022353927
-0.342595086171979 0.241224515672538 0.158072584202711 -0.193322037843117
-0.259650365546179 0.396706608126587 0.349695098674793 -0.117092789213274
0.0532625460320133 0.395093720481831 0.291828588506957 -0.270327116181906
0.329385582355889 0.162679689889256 0.0471033682901729 -0.340584827415675
0.306908098545433 -0.0946141650857957 -0.141508068960271 -0.212182729157123
0.175174111298965 -0.240900196561859 -0.136419045560851 -0.104864798267811
0.00625458245274698 -0.276294551534808 -0.0841631239805833 -0.0832065018126141
-0.0563605567770102 -0.235120764057486 -0.0397119955384085 -0.0663181977713132
-0.0699070987632048 -0.226996120372345 0.0429891002715313 -0.093381915994401
0.0421727925320415 -0.267790971259352 0.142595806029894 -0.0784996305722604
0.196469996164741 -0.209661984105991 0.241429360940733 0.0101742763119144
0.339071490540265 -0.0937060927291015 0.198272142374929 0.199642956965537
0.279171551359193 0.229877162846739 0.0326791510746428 0.264347637702004
-0.0136825518882014 0.396748473649754 -0.136224822564029 0.0818265664188578
-0.235397079546059 0.369262465948908 0.0473400479184285 -0.135707996992043
-0.276044391162498 0.123772243754322 0.309324206404742 -0.279075907727222
-0.252112488452992 0.258327109798246 0.399200863491594 -0.15574184998304
-0.0153474133021409 0.303471417163138 0.334603166219415 -0.216179590531107
0.229076432071405 0.152847665300998 0.136433115834254 -0.290133147622586
0.239749509597734 -0.0563687598154691 -0.0283979418984312 -0.242783660993707
0.142755739473506 -0.179112839336126 -0.0750378066429303 -0.197543376827896
0.0112065298727979 -0.22104968403118 -0.0792141642434577 -0.17874911025252
-0.0421268450005714 -0.192477285339136 -0.056149199706924 -0.151306583342912
-0.0541128742517804 -0.187155072116215 0.0244750935180221 -0.173798243532015
0.0354340193793844 -0.216793032042401 0.14175058862342 -0.156116472945395
0.166432455257811 -0.169722548666985 0.262964688816299 -0.051493004266848
0.283339584649869 -0.0521958017628522 0.226805893731277 0.163298150874435
0.195716875056498 0.215162494099935 0.0616320110325715 0.236675851471991
-0.0599934408528945 0.301089312121761 -0.104926189131596 0.0495769334918266
-0.213858952305143 0.23385825812353 0.129261961661264 -0.202374070532239
-0.15422922618665 -0.0137290596217631 0.404682438517538 -0.33153931095569
-0.17663130397323 0.0811123326513913 0.408339265328172 -0.181098390094812
-0.0522890735268708 0.152675582948897 0.345831889847317 -0.178808458732392
0.102361982776864 0.0962272741225266 0.180169901967314 -0.253091394112604
0.128080648675712 -0.0210646077448911 0.037811314607903 -0.258007889259617
0.08387107735659 -0.0915790968791473 -0.0396595178700261 -0.255165806318485
0.0127845315419028 -0.128400300675468 -0.0765691643818601 -0.239589795297881
-0.021569697573807 -0.119261247867155 -0.0644194132876382 -0.210227272146091
-0.0290440422665706 -0.123050054328846 0.0146611479746598 -0.232435986284612
0.0280453068424891 -0.141922288224554 0.148647481944524 -0.21320252430877
0.121877058696788 -0.112908190447857 0.287117362356273 -0.0889645320505538
0.202475568565604 -0.00184271128117876 0.249059409532713 0.147083486630479
0.0928897545783397 0.181471052039788 0.0734488999707088 0.222651041588508
-0.0998468336647279 0.177395099499832 -0.0796849142520737 0.0328864957996155
-0.167519304042173 0.069409158152202 0.193756026915962 -0.223693193392515
0.0793850688348513 0.0576242831368848 -0.201276880840101 0.275266623399259
0.0821300958238394 -0.0620774600424784 0.129551467522371 0.039285352136057
-0.0230967828851475 -0.0887321737714374 -0.0498122823307492 -0.251479394085755
-0.0819711110093383 -0.00494773551707844 -0.297660014773228 -0.180003872645066
-0.0401301268485971 0.0486709860745134 -0.348585896243828 0.117187700638829
-0.0140162923090157 0.0436866414738497 -0.18313602174825 0.288703478047196
-0.00382069622741337 0.0497599303957594 -0.0165388029739062 0.284248913152529
0.000776818889509354 0.0322500255777925 0.077071919638165 0.248069885408858
-0.0225866033857004 0.0161826649403634 0.104903050466162 0.245661068733432
-0.0281968665044762 -0.0119361389634001 0.0703745232591162 0.267317503424703
-0.01084154535932 -0.0188924405572198 -0.0245359290560687 0.275837854526254
0.00803049865153251 -0.0418775428786251 -0.147140268673008 0.256185181645526
0.0694277586390367 -0.00958043970644195 -0.300600002557569 0.187778799024669
0.0890748958954282 0.0827779261009644 -0.411229673452674 0.158241480857329
0.0199162347445811 0.130250625462174 -0.41038077976033 0.335249050283278
-0.0058045508804846 0.193445416679675 -0.23315728417786 0.240030391525391
0.0819663035386187 0.095149053062078 0.132390750839199 0.039284894860166
0.0755907556965711 -0.00518660039498166 -0.0265553593977355 -0.276781462746
0.0403570727480947 -0.0318598629200509 -0.299773399382171 -0.22142396815781
0.033883860161107 -0.0277018680853193 -0.377836853505491 0.0921891917509038
0.0109700772331523 -0.0555393511462308 -0.20801637992 0.274136414378291
-0.0267206129615064 -0.0479426522823168 -0.0327342510306427 0.272990614497284
-0.0270196466230785 -0.0544596356313614 0.0650580489724488 0.237166734506521
-0.0363801606320635 -0.079044934986569 0.107768118172303 0.223248366318897
0.0202912816717208 -0.117568545770256 0.095811598598027 0.246252840391471
0.0970432177310011 -0.0734892058620831 0.0226368623659284 0.273706560055328
0.142528842219371 -0.0178518737912813 -0.0981589535983684 0.284125749783642
0.134617043797343 0.123730699150579 -0.252841369523611 0.226138152128348
0.0269450404127583 0.25462213217008 -0.351084562833423 0.169159650408385
-0.0985331631421512 0.283620706580451 -0.346259012412199 0.289205860495306
-0.114897979491914 0.296464609151639 -0.215924448692372 0.16209472944512
0.0370775455068664 0.260389869659335 0.157867473566052 0.0189933823856586
0.153670417730683 0.11829258320007 0.0241688762862989 -0.307890939535839
0.178334318648153 -0.027666152593466 -0.273796321747195 -0.279789490007113
0.126290807834364 -0.0982781569572608 -0.387186242984396 0.0363109434522243
0.0515584820162893 -0.154999382848155 -0.225798910175588 0.22463435386331
-0.0398114545139249 -0.146014836239394 -0.0538357294661254 0.224593581609607
-0.0522131524282602 -0.133806897763277 0.0429410184145933 0.192378151451231
-0.055937017716651 -0.154661228223174 0.102418130687511 0.164652416025067
0.0405129832834794 -0.207389049735467 0.125895107104434 0.18690436852815
0.166474193660879 -0.142792441958078 0.0980820369405336 0.236623775660787
0.256250565802488 -0.0461908153883359 -0.00907959902522391 0.300959282593886
0.227070190254293 0.199296194692262 -0.173944628723298 0.27194435117283
0.0218354274243028 0.383731574327621 -0.28059778700236 0.17291704412134
-0.169866137658044 0.405272870363868 -0.250211654086173 0.204698738835913
-0.226929086552561 0.347496298352786 -0.140728743444317 0.0503277421120049
-0.0501392867259212 0.398076611076908 0.205173016424399 -0.0224526863002586
0.185341945379302 0.260085815984815 0.102655261996711 -0.325845796212273
0.30114587489898 0.0167665425364206 -0.202207039756551 -0.332811203992274
0.222262358088549 -0.142690653412977 -0.352366304840092 -0.0436120467359432
0.100487347018336 -0.232246071791563 -0.223724136501098 0.136715336588957
-0.0389044694756991 -0.227416435169828 -0.0731706166994769 0.141869145578538
-0.0701547050976199 -0.194451412158807 0.0147606922622068 0.120556051527159
-0.0750712645829337 -0.203701635405817 0.0870705833977161 0.0842228474806889
0.0386470110536951 -0.265104568634967 0.144367117421473 0.101256417607414
0.194156651812214 -0.203364532284499 0.16887539666693 0.164487880822483
0.324971325118839 -0.0979113607014929 0.0878651179047858 0.282385189521911
0.305462181155593 0.218732571296195 -0.0806388960936364 0.293891128262483
0.0422895751537578 0.446787594728868 -0.216211680758563 0.158580045782986
-0.199833312366365 0.467044859171283 -0.147029196022915 0.0922591354167884
-0.305278567643679 0.330960327162277 -0.0124206298200602 -0.0780834412102992
-0.153542365693849 0.45565157221317 0.269083243045003 -0.0782279921227989
0.152818414020018 0.364761455613466 0.192459522805089 -0.317297081011121
0.360698518666827 0.0837623369200467 -0.0913388667218542 -0.353724874320355
0.287995356949267 -0.146081210719905 -0.265296296380308 -0.127986483590451
0.139453996696293 -0.265435668752359 -0.19203605171825 0.0232086635653532
-0.0289207428268085 -0.271848893235603 -0.0858184296604691 0.0355119651044322
-0.0766923767541885 -0.226088156818336 -0.0151426552461641 0.0328466318277026
-0.0865911885925416 -0.222981740323261 0.0633129777646484 -0.00541070028813535
0.0281049466113484 -0.282938772760153 0.14459038247135 0.0052629984393096
0.192707639042621 -0.231277689670022 0.213987552997776 0.075491270244324
0.341963836108365 -0.128554770863015 0.163323798383866 0.234714612175929
0.32656913668914 0.212135989879579 -0.000947662809741499 0.282129972930518
0.0445979883025811 0.442281623029068 -0.165380611044172 0.127675137702031
-0.208100025953038 0.45441699965509 -0.0523293906547371 -0.0284427205466857
-0.319438291173637 0.255486991853614 0.142731720587461 -0.197432113095044
-0.225533966177274 0.404786641222325 0.334184924873973 -0.131229409138039
0.0758055195544169 0.379966535817139 0.269661163194283 -0.279124544077359
0.330226506404187 0.135226963569652 0.0261470358584286 -0.333452862613594
0.29002779726869 -0.115105749784807 -0.147651488771618 -0.193651749581681
0.150876809933024 -0.246499119187638 -0.139446684008184 -0.0933703950902113
-0.0169852231786177 -0.267324792171176 -0.0903029597991917 -0.0747592188933124
-0.0719414890684255 -0.22280108610512 -0.0424863441054573 -0.0592130662736281
-0.0843120442025576 -0.213576702325707 0.0356823304035792 -0.0928579017636024
0.0206306918036652 -0.262801846168589 0.134919174357283 -0.0852271795575932
0.176633135308924 -0.219732968500177 0.237309277833086 -0.00634728711505195
0.3205100110414 -0.11634787973765 0.208203135595937 0.183205880057373
0.286521369056613 0.204153534507847 0.0496573085219592 0.252549753025063
0.0141984842480949 0.387013218862712 -0.12914753600544 0.0882765564518587
-0.204908805109765 0.372705597528326 0.0327267099084465 -0.132909577176668
-0.261016211129056 0.136521233408711 0.283309131708994 -0.291665793876728
-0.227609767907293 0.269251838363646 0.378222359738948 -0.171767317066012
0.00347605245564698 0.294843317982483 0.315045875016422 -0.229903768609156
0.231442666342839 0.132957646392014 0.115721371963688 -0.29050637692354
0.227224085815532 -0.0724060244538803 -0.040222188082766 -0.232211908037926
0.124333453596276 -0.184158776085263 -0.08767087352557 -0.188385159046124
-0.00647148164747518 -0.213517966212271 -0.0928064511717938 -0.167765997369919
-0.0552225593578321 -0.182792917055257 -0.065387520953529 -0.139782623705519
-0.0657913018320361 -0.176908613013399 0.0119418878024187 -0.16910084217683
0.0183564762173154 -0.21255904356885 0.127562618215424 -0.161536957919636
0.149907751912636 -0.177480753065535 0.253399166329647 -0.0679946583879049
0.269113994939334 -0.0715204857495894 0.233389383788491 0.145900798622281
0.204137752427499 0.195255566414325 0.0758928529806339 0.224987090366855
-0.0384762441720982 0.297143917101431 -0.100551263106751 0.0554003148433138
-0.192123477945004 0.239863182490016 0.107191187739804 -0.203588829775894
-0.151280642720686 -0.00351578462655475 0.372493091817545 -0.347445218549467
-0.167190423069326 0.0906662607850191 0.385914467766784 -0.197458872068829
-0.0414336862230677 0.151591721968052 0.328077196713583 -0.194621866483489
0.104875030974303 0.0866594088286573 0.161162803564073 -0.2570760575812
0.121959606813032 -0.0294459863058478 0.0224184947203779 -0.252388038374324
0.0733370379364678 -0.0950528786194621 -0.0576116351641251 -0.246758894522967
0.00229618271674445 -0.124121070043139 -0.0950782132937969 -0.225933700274878
-0.0290510655672308 -0.114211725470129 -0.0787633870276984 -0.196306815450021
-0.0366265470151354 -0.116917600991339 -0.00199702781148655 -0.223643228103723
0.0179605169828526 -0.139352748417066 0.130495237024067 -0.216052577618853
0.110239531737525 -0.118069597896574 0.274732392310962 -0.106062649026401
0.196088839584782 -0.0167386655329976 0.25418375696959 0.128046778389035
0.102756596451743 0.170115404823036 0.086808406475678 0.211169493648415
-0.0858076585424372 0.178890433968714 -0.0776277989782693 0.0369897693306087
-0.158581422305774 0.0764603682109805 0.169103978200089 -0.228859916489351
0.0781855140210831 0.054622692900628 -0.17958478106408 0.275045568572048
0.0769142730565032 -0.0632616883103062 0.128314459899958 0.0321564670373613
-0.0261002422706868 -0.0840507536572466 -0.0601215638225309 -0.238697080120124
-0.0793711385754416 -0.000938041797114948 -0.296695742897401 -0.158309178885614
-0.0356238399352353 0.0495945198836665 -0.32976852904054 0.129782245666617
-0.00999420741900613 0.043717707646585 -0.159604901435752 0.288078318390062
0.000326701209417857 0.0474794188944818 -0.000449478473861043 0.273925295434108
0.00301265928077994 0.0311749244136668 0.087887622787151 0.23336853731052
-0.0210940138867837 0.0179484460502856 0.116474105674812 0.230986110799196
-0.0287764690685251 -0.00953068042264278 0.0842488582009124 0.254985704605745
-0.0109024467382115 -0.0184248503342397 -0.0103997706659258 0.269465020037118
0.00620524251130127 -0.0405271852236944 -0.13072651447042 0.252212953949997
0.0677258501327325 -0.0116895037241955 -0.284183291274625 0.192662868846312
0.0903706426650897 0.0748069738706189 -0.388684355931169 0.170472766739692
0.0246599598934419 0.125254171598513 -0.376347746679593 0.342072821148317
0.00201302968798321 0.187675336589401 -0.211642407126355 0.241881957014165
0.0850899769410952 0.0874023192000142 0.131719852104946 0.0327804151502589
0.0717810153330316 -0.00873639383383605 -0.0383280945098737 -0.264046659346457
0.0361646850338065 -0.0338480969226907 -0.299933579071711 -0.199501342582739
0.0308769562820251 -0.0283080108714748 -0.358561641899901 0.107039672770598
0.00774312513721658 -0.053281773402058 -0.185207381759903 0.275805458994272
-0.0280324940464818 -0.044016684963167 -0.0173649738400241 0.264206252937608
-0.0282127376152514 -0.0503577140662584 0.0761531791188857 0.22301368223881
-0.0397746055433448 -0.0724952485031304 0.117585630429193 0.207848450273414
0.0119389908184749 -0.114510756776238 0.107422912725357 0.233092052467455
0.0904878662002349 -0.0771592140643604 0.035243373594381 0.264890316896819
0.136551395420885 -0.0243820105307315 -0.0816148844541642 0.278151975696599
0.136495643187342 0.113009580952595 -0.236130911267784 0.227190380476428
0.038955675337627 0.243795855473552 -0.330468584196464 0.177575442009365
-0.0818441800612997 0.278069207401447 -0.319239183516835 0.295311201459352
-0.0989234148099865 0.290013077600056 -0.19815526502525 0.166153321467458
0.0498571952463791 0.249518358248593 0.155676327891381 0.0130186091954234
0.152506778225485 0.106018649177807 0.0101556970134813 -0.29668818010669
0.168338997851834 -0.0372740405002618 -0.277463752209948 -0.256694748500039
0.116178750554893 -0.101355915852035 -0.368811723290989 0.0547090405532493
0.039960895604735 -0.151007598893254 -0.204807041762748 0.228439192456604
-0.0465052829417956 -0.136790787458958 -0.0413609856722544 0.218480341367662
-0.0570236720352167 -0.124452131256141 0.0522131131127013 0.181756490194928
-0.0628507797286872 -0.144403329004226 0.108384760677272 0.152451960093606
0.0262613212146978 -0.202127802786883 0.133508137537678 0.174750161940184
0.153373196759607 -0.148324677920375 0.107220141362464 0.225128615721338
0.24331831855258 -0.0583459948786589 0.00587314497409197 0.290855776356509
0.229240211535803 0.181234432383078 -0.156996358291298 0.268293405428863
0.0402770865320194 0.369727369126182 -0.262644024719187 0.179388107126035
-0.144574712239143 0.397664631192367 -0.231975048200452 0.209304218432583
-0.204526251070365 0.343241361587362 -0.131354427424064 0.0550823610874493
-0.0269563839067058 0.386148544734553 0.199739861433991 -0.0280211671800487
0.189385361033702 0.240409704109647 0.0856197830211361 -0.317250320714692
0.288635214235705 -0.000971001132294918 -0.210028737390471 -0.310988230738108
0.205510863357886 -0.149287091385183 -0.339119754933753 -0.0222582274544403
0.0823126992457294 -0.228018791363866 -0.206633510289102 0.143581542468488
-0.0514518601467425 -0.215261284733593 -0.0644901798382736 0.140356449650189
-0.078194586823377 -0.181573202592396 0.0219392597953016 0.114734887607152
-0.0835124993816294 -0.190349603066878 0.0890359711096677 0.0765753508033789
0.0209862193801108 -0.257506695250636 0.14681393417599 0.0913268819877983
0.176759123064147 -0.207693968337065 0.171230167386505 0.151763918947705
0.305963027903153 -0.111651715335365 0.0995669883224962 0.268814275069484
0.304950782973975 0.196326768719328 -0.0658143527587272 0.283546573185915
0.0639693842295072 0.429415929793594 -0.201599822587431 0.16294874164802
-0.169852572468814 0.459496284257507 -0.141123005931044 0.0967208157066436
-0.27965906809746 0.330903941678439 -0.0134536437790031 -0.0742427535522484
-0.125111837983566 0.446183749902072 0.257922655303433 -0.083664719090013
0.163156019863664 0.343493027555307 0.173052985878216 -0.312807341703346
0.348103774498819 0.0630888470964017 -0.103573066354343 -0.336603762046787
0.268293277090985 -0.156114956975019 -0.257787902844889 -0.108136492231118
0.118060838936887 -0.26208355609686 -0.182797148480697 0.031630924689796
-0.04483141846428 -0.257871925266399 -0.0827788032145505 0.0386686300294229
-0.0861505287414546 -0.211530291799673 -0.0114338827226889 0.0326535574492289
-0.0956556154235173 -0.207774540343381 0.0606531408402487 -0.00869768407931327
0.0103135354868223 -0.273596406333324 0.141817213088325 -0.000875783813921299
0.173875643307858 -0.234206513056366 0.211277446210535 0.0629503245748387
0.320032306294784 -0.142236160426048 0.170898351700342 0.219833547997794
0.326345055930001 0.187208019091119 0.0109601214506399 0.268730626627028
0.0667428500302536 0.425275154705533 -0.154534536780931 0.131076918657319
-0.179353505353792 0.448950871770875 -0.0547494733168413 -0.0238292323495181
-0.296752290267301 0.25946266911391 0.129838563701411 -0.196791436935215
-0.195899953362029 0.40180322208415 0.316767789479933 -0.138350784349115
0.0893147688595452 0.361641430074951 0.249328602534747 -0.279352164659808
0.322062907816613 0.111608512989184 0.0118524462820221 -0.323168167738255
0.272455114125191 -0.126117751083415 -0.146797761393906 -0.17735753917642
0.12915130169214 -0.245073308558099 -0.138752343209529 -0.0836582813264425
-0.033324748806983 -0.253930515096176 -0.0935458790042405 -0.0666793008222718
-0.0814587225045736 -0.208664143819049 -0.0436174679879466 -0.053462225963051
-0.0919725430692638 -0.19946448697829 0.0298176835564716 -0.0913076748874395
0.0042139964005706 -0.253112911401804 0.127171931650866 -0.0878156106955884
0.158055269054664 -0.221489261785013 0.229488579396105 -0.0174928917857065
0.299355641711537 -0.129269646868011 0.212001994195647 0.167705785095244
0.286749266989433 0.181126452683877 0.0590650084568247 0.238997650516116
0.0337715098152876 0.372612725996549 -0.122029907762751 0.0915439042638456
-0.180425108694777 0.367887003168166 0.0211527673741208 -0.127976410915061
-0.245530565445674 0.142715781455489 0.260493213031814 -0.292953918100645
-0.20598984607013 0.269869212191495 0.357479281820129 -0.177946829622461
0.0158468176906117 0.283352182630398 0.295666805811172 -0.234400746666896
0.228198625638017 0.116442165638344 0.0999038629772747 -0.284763053864096
0.214056387323262 -0.0819795418790505 -0.0457413294668157 -0.220065980877784
0.107822219551407 -0.183451296495972 -0.0936689121651006 -0.178373969911132
-0.0198234451531105 -0.203588721110638 -0.100995317482 -0.155645277712613
-0.0631134134784716 -0.171589272600955 -0.0703810823626563 -0.128500561112922
-0.0727616215614072 -0.1655048148189 0.00281643301040659 -0.161911758225341
0.00602750314637941 -0.204275505802988 0.115481019891422 -0.161029930260924
0.134997620509586 -0.179202387902523 0.242014895239178 -0.0775021025327507
0.253744270290005 -0.0839895693481816 0.234814498941372 0.130729058273461
0.206569874632659 0.176757774493206 0.0835739454444774 0.211714835668677
-0.023165549905935 0.287969716984973 -0.0959491328071237 0.0588992884991307
-0.174589602686145 0.238019088891139 0.0890224687359848 -0.199299367486103
-0.145722567369478 0.00318566956711253 0.343655169224084 -0.352657674879385
-0.156585559336092 0.0949646723104921 0.362912273200272 -0.203278355512731
-0.034091272269471 0.146669770580003 0.309799823895721 -0.200981617606766
0.104492488781357 0.0780048325798904 0.145614910831119 -0.254539893689468
0.114803539469923 -0.0349335348468047 0.0123934566844706 -0.243524011274116
0.0647631952300928 -0.0941354068114178 -0.0687779229189821 -0.235816134996513
-0.00478986669111775 -0.118609595858606 -0.106675572536154 -0.211037532930823
-0.0341065879822362 -0.107588016151505 -0.0867760348245674 -0.181229416971176
-0.0413498701668608 -0.110170112112637 -0.012774141412674 -0.212934034373206
0.00976282052920087 -0.134668726207242 0.114959697781565 -0.213904200213833
0.0994376309190869 -0.119372943214136 0.26033030201491 -0.116149376014473
0.186073298604624 -0.0273368879280921 0.25279118540237 0.112426115217781
0.107265902248783 0.158208280888632 0.0939855311164101 0.198482949767367
-0.0747840332097633 0.175271369044974 -0.0753167994540027 0.040292008099611
-0.149475545361061 0.0797675191955889 0.147287068396771 -0.226620648689244
0.077284145383463 0.0528474477673011 -0.163522380292469 0.271598139857595
0.0734613499631568 -0.0642350274887045 0.128678378754264 0.027906388999097
-0.0270737310458226 -0.0797479692783721 -0.0651746187639515 -0.228085491876721
-0.0772515666163304 0.00186646924228742 -0.293219549766684 -0.143426262608844
-0.0318099698141518 0.0494121805064794 -0.313705387739102 0.136011603530592
-0.00645095172359483 0.0428808907367811 -0.142382873717 0.283997811504746
0.00386897717060225 0.0458690003456641 0.0107013423636163 0.264035912886149
0.00570121635293271 0.0293501821618535 0.0944720931392654 0.219696922449243
-0.0193346600998906 0.019339251681661 0.12422533532254 0.217882608789307
-0.0288012560314424 -0.00840467805861979 0.0937526945069514 0.245063490003074
-0.0108236063817254 -0.0180164909158888 -0.000611389192364967 0.262286367057114
0.00504518188120476 -0.0394211961107425 -0.120053808446975 0.246937284898074
0.066325051814176 -0.013413530253476 -0.271787883172973 0.194046345524629
0.0907394911376284 0.0685286824937127 -0.370541196046028 0.176396957142738
0.0276812082860516 0.120421254825357 -0.351896203242411 0.342816519666722
0.00757421076475837 0.183043695517524 -0.193870295910808 0.240859362121798
0.0868993760976339 0.0815993124649898 0.131703937086419 0.0285370030509294
0.0693476637171457 -0.0111621051398509 -0.0452703482397468 -0.253106751620721
0.0319289769083838 -0.0347592089861868 -0.29867584594954 -0.182356131592692
0.0289921258603493 -0.0285390053057063 -0.341736193451655 0.11598154101147
0.00581577606776613 -0.051475813031637 -0.166100821146815 0.273735493059227
-0.0281830856258303 -0.0411073207657556 -0.00681979039665549 0.255800567442585
-0.0284760421806476 -0.0478062351360269 0.082611562110217 0.210720926435065
-0.0412195310243975 -0.0673917151245846 0.122862862406403 0.196333656605293
0.00566749653898607 -0.111287148625506 0.11528856574826 0.223205034744566
0.0846248969702102 -0.0793413581847456 0.0442758240787379 0.257091074894716
0.130671383564021 -0.0289218049457353 -0.0702690348978505 0.271168282468116
0.136977787314301 0.104554832293935 -0.224442437000083 0.226493424332598
0.0472645224282099 0.234893459637026 -0.314560217287824 0.182623873499386
-0.0698270626526774 0.271099703988623 -0.298464374416767 0.295851476982756
-0.087207898117736 0.284152048185636 -0.183617477423818 0.168030514867825
0.0589867077082044 0.239135934037983 0.154825196066141 0.00953874254012864
0.149927928365167 0.0969103860332901 0.00114791727160628 -0.285457096136304
0.159308615599408 -0.0438044881696302 -0.276976374161018 -0.238438616239787
0.108192443507474 -0.102513273161398 -0.352930787770319 0.0671515571062667
0.0321383394159576 -0.146585640869729 -0.18777665455457 0.228238322390846
-0.0507234878277398 -0.129424451609498 -0.031402299648267 0.212718168877035
-0.0589757733514756 -0.117619115761095 0.0580819406333322 0.172558826355884
-0.0662445048331578 -0.135492377642894 0.111860976417475 0.142938279223057
0.0157994351541062 -0.195996136340798 0.138619916202218 0.164535575977175
0.142965585384707 -0.151290565963131 0.112853808554685 0.21578277605246
0.232785636813018 -0.065575527005173 0.0158933636724413 0.281854992174982
0.229454867332947 0.166744610452761 -0.146275583721805 0.263167703828853
0.0524356917848348 0.356808810643592 -0.249287024957835 0.182164731135695
-0.126165852381928 0.389375409420706 -0.218081117988682 0.211424587441511
-0.187088099478396 0.33833068596142 -0.122409433097127 0.05855203489215
-0.0106825782725917 0.375131327206722 0.196065233284498 -0.0312757904571241
0.189492338565407 0.225161377242187 0.0745343846245016 -0.308197805785257
0.276140089938613 -0.0128041968073038 -0.213648123072433 -0.293774562184135
0.191907434531173 -0.152604557707311 -0.324769808809042 -0.00880493683828491
0.0689666887146134 -0.223383569960306 -0.192708348934209 0.145981378729489
-0.0593542495251995 -0.203257661927588 -0.0581984451996626 0.13815752354101
-0.0812784297375725 -0.170854789069275 0.0261166923447175 0.110004921956035
-0.0885044189994779 -0.178523910139193 0.089336401791238 0.070148102026213
0.00823224779099759 -0.249647013403216 0.148240520374306 0.0838306782257416
0.163063509339918 -0.210010688921287 0.172520221396381 0.14164538274705
0.290042728515981 -0.120053094959867 0.106727148720184 0.25778981251011
0.303196113751064 0.177299773403699 -0.0567955953109467 0.275300799634193
0.077075132020148 0.41384625491734 -0.190405485094589 0.164143817197404
-0.148868305605755 0.448268808241122 -0.134920706746741 0.0999368981117704
-0.261226004011224 0.32794406755726 -0.0132930514104267 -0.070950612919663
-0.103951906108728 0.437828427310885 0.251042387074299 -0.0859943943492823
0.168364235725416 0.326971031187102 0.160129911275902 -0.306080124063193
0.33729839120871 0.0460500610525636 -0.110790281432149 -0.322481947389431
0.25174266003018 -0.160832413736582 -0.248450174423715 -0.0946454836516116
0.101781687689203 -0.257633752086701 -0.17436574433155 0.0362099507705936
-0.0557202740478536 -0.245037074189612 -0.08027741768703 0.0409964252331619
-0.0914916425202501 -0.199407865990757 -0.00894675507444493 0.0323681748427559
-0.100601829200909 -0.195491456832545 0.0582458498411447 -0.0105233606376
-0.00264123602691171 -0.264096694928647 0.140153878197814 -0.00564181533832715
0.158199099085642 -0.235120864987181 0.207934254955435 0.053899189022414
0.300993882882622 -0.150384588125172 0.175400684419584 0.207641833002285
0.321742332665725 0.168520864270424 0.0176700976076837 0.258221401498783
0.0798734904157191 0.410457252474955 -0.145736868609117 0.131378526120253
-0.157622949974366 0.43856145025252 -0.0577695617920088 -0.018477680664854
-0.280243237686399 0.258790866297357 0.120640225892605 -0.193574919000388
-0.174352363965936 0.396739531045724 0.30482326144954 -0.139517089353537
0.0977017427213337 0.345965159860582 0.234489816236698 -0.276230054836986
0.314309437152269 0.096050132366556 0.00289151011749112 -0.312430626716868
0.256509777188797 -0.132424647936939 -0.143722194006247 -0.165849458220059
0.113423691047721 -0.241523349904535 -0.136757563203251 -0.0775348585627517
-0.0439683951652687 -0.24168355206361 -0.0954811086746551 -0.0606665171754254
-0.0874196842613057 -0.19682374085666 -0.0435533648299462 -0.0482819879364086
-0.0972949192081525 -0.187098836260837 0.0257571354898048 -0.0884870975942672
-0.00645215783517636 -0.244170081593416 0.12159484197902 -0.0886813312437977
0.143980150979584 -0.221272870656792 0.223266341423794 -0.0250339290223913
0.281869415868314 -0.137983424578384 0.213633135767716 0.155425943001509
0.282872168896908 0.163538032954272 0.0639444569278303 0.227547814088418
0.0455318708057104 0.359601652885652 -0.116507654134666 0.0930946994643984
-0.161661849945696 0.361252815151525 0.0122521655285032 -0.12236156285644
-0.233880836874254 0.14486523558937 0.2431364237805 -0.291214359650158
-0.189476631745772 0.268697883410283 0.341088034915827 -0.179960364187654
0.0237661414100159 0.273059755085619 0.280524761244882 -0.23493949757695
0.223487598137723 0.103388319724049 0.0894612465926253 -0.278034141910462
0.202030217853369 -0.0876829766891387 -0.0477009231443074 -0.211350605244381
0.0958073190796976 -0.181101724685565 -0.098165470915813 -0.170504572690733
-0.0279853060070723 -0.194070739481701 -0.106945127349235 -0.145961186407459
-0.0677627647850291 -0.162260029695683 -0.0725566467498638 -0.11886698545379
-0.0766816198254446 -0.155631510866676 -0.00298662143633164 -0.15551645807622
-0.00301975722842642 -0.197053171924477 0.107270611444756 -0.158477556385709
0.122432215478617 -0.178808368291586 0.232181072818557 -0.0842223757113039
0.239650133498717 -0.0919929433776916 0.23440852216474 0.119391539323096
0.205879499246231 0.162770022507734 0.087552550068648 0.200488065642892
-0.0116624896725052 0.279371228913129 -0.0928697534809745 0.0611211636120583
-0.16066605162277 0.234630468737406 0.0745880973970648 -0.193493931336865
-0.140986733999584 0.00693050073819507 0.320066917826029 -0.351190233648181
-0.148772851417863 0.0972997047058883 0.344763938158964 -0.203325685966224
-0.0288398724403669 0.14380005296904 0.295423160928141 -0.204184286918294
0.103639803654909 0.0719367917036496 0.134203841535046 -0.249311563571102
0.109022590611661 -0.0384389542891512 0.00625011486778744 -0.237293602241848
0.0583152960473558 -0.0929775101403364 -0.076676262941174 -0.226990898328319
-0.0096634906951156 -0.113002087799701 -0.113798927619176 -0.198642712086104
-0.0368632594576315 -0.102005820231783 -0.0900064123271282 -0.168602101038358
-0.0443190448576995 -0.10406723528209 -0.0197085781837658 -0.203309689584366
0.00470203784829916 -0.130193105860164 0.103833450860034 -0.210556830453725
0.0908836373159328 -0.118948939216993 0.248057205881707 -0.122290616348472
0.177708482477387 -0.0343009239455765 0.251323533252378 0.100559678809306
0.10960869711991 0.148595761240939 0.0972201235958585 0.187219855710216
-0.0665885475192943 0.171783951270174 -0.0735451095404724 0.042989683962759
-0.142504509009568 0.0803802296529599 0.130908874842155 -0.222024532281241
0.0774586472667071 0.0512340070077779 -0.150772694418977 0.269191549914025
0.0708596225510569 -0.0656189848658151 0.129251647892717 0.0235507832593269
-0.0281575488169594 -0.0772116865891557 -0.0688695520167566 -0.219849255782764
-0.0754821668040295 0.00444017343968983 -0.291240268842325 -0.130920969654023
-0.0284041486247259 0.048991903794731 -0.302437810077738 0.140814825649373
-0.00360801100002762 0.0417359723713947 -0.126436143900441 0.280722898909864
0.00698152013542655 0.0434866624360705 0.0204641302924143 0.256830795808973
0.00708579732378605 0.0277397960596986 0.0997852371824942 0.208357724849721
-0.0172595980562487 0.0203684825549961 0.130048978594865 0.207235035042761
-0.0286798955808449 -0.00668307608783503 0.101850736574441 0.235698051669608
-0.0106563611876631 -0.0175453054489803 0.00765726428632479 0.257091510783001
0.00413731235191829 -0.0386456943707266 -0.111670732578655 0.24335960887496
0.0649547676886655 -0.0152287911896408 -0.262065733328699 0.196221301297365
0.0911490710420379 0.0629249230755925 -0.35701198559911 0.182313318715169
0.0303428939506351 0.116478567064269 -0.331121282348655 0.343614455182813
0.0124417470723176 0.178708667385027 -0.180055904071069 0.239930819454732
0.0887762750052592 0.0763889277429937 0.133084872996609 0.0244865777053796
0.0670340831674568 -0.0129906150139988 -0.0505012124346613 -0.243725844773311
0.0285223233342609 -0.035206136721049 -0.296999420924338 -0.169199025190942
0.0274302799796436 -0.0291718198020563 -0.32870542859328 0.123483385290484
0.00427383543582275 -0.049838722815784 -0.151076815771386 0.271873710569272
-0.0285187803239313 -0.0383947254614019 0.00236467999448487 0.249487348427625
-0.0281351280622198 -0.0455311420093234 0.0873301617490105 0.201161310065443
-0.0425378416912158 -0.0623275149207235 0.128376418690261 0.185982981184059
0.000329583458100524 -0.108749708252389 0.122932916253414 0.21385584907725
0.0805505836845738 -0.0821313205368094 0.0516220398843839 0.250618718361408
0.12658060733381 -0.0333638657549701 -0.0613643168274369 0.265586411405635
0.137849783341575 0.0974441153227672 -0.214952900909077 0.225234669527953
0.0544415405127033 0.227458228573322 -0.301573835586057 0.18588716778784
-0.0604467993894156 0.265459829876085 -0.281397497810077 0.296370817635954
-0.0777770843331869 0.279525198765471 -0.171830741773575 0.167925664438503
0.0667930017127915 0.231312609809848 0.15565690046056 0.00558261594695511
0.148690270267997 0.0891337122193807 -0.00469913026232311 -0.276062999615985
0.150767921391321 -0.0482997391214606 -0.277249798870268 -0.224390711236171
0.101243568507593 -0.103873680802446 -0.339091627391667 0.076846896913843
0.0257577536664952 -0.143512325351577 -0.172856279262908 0.227855930514076
-0.0546732190567814 -0.123210530450061 -0.0235693472216691 0.208147453378613
-0.0609005119440056 -0.111919303188465 0.0633816702229465 0.164796505016893
-0.0688593390794113 -0.128276567304055 0.114717533224853 0.134803027146323
0.00637748413769853 -0.191736468994504 0.144325534214949 0.156665191491006
0.133699898308799 -0.153300105207603 0.117480133761129 0.20790807837454
0.223921160389227 -0.0725387027276818 0.0242589178080605 0.273862764533881
0.228686614065421 0.154793711421768 -0.138631335744854 0.260108789927879
0.0620427840996813 0.346767142883438 -0.237601591972077 0.18361299823363
-0.112820461357822 0.380959952125056 -0.206940470884695 0.214308678714202
-0.174364895006437 0.333131578138979 -0.114962400344562 0.0602277680938477
0.00323460343388276 0.36582103756973 0.194698758742086 -0.0334065661085051
0.190240616938744 0.213035749003609 0.0661645584735648 -0.301024844720339
0.265699808479115 -0.0223489333348867 -0.215687056137336 -0.279984449750789
0.180274458963956 -0.155306286602257 -0.312880723468149 0.00140099144399845
0.0580099914881606 -0.218726749397376 -0.180819677392829 0.147318022121114
-0.0662499363812899 -0.193803866117367 -0.0532364323517812 0.13691456945889
-0.0845561661992678 -0.163095821178464 0.0306401039291349 0.10573279911644
-0.0923070742202764 -0.169126190157555 0.0896552920014519 0.065194699004886
-0.00212933398489182 -0.242367130369321 0.150816778606773 0.0766946849799458
0.152147768000188 -0.211317326538842 0.174424624290439 0.132883952818776
0.276540706301192 -0.127867788632314 0.113478660489274 0.246993882016724
0.300490557282064 0.16239535106512 -0.0497355442726944 0.269285142886976
0.0900102084240594 0.401836971241504 -0.18185023754793 0.164808504049924
-0.13178939012637 0.440570718275973 -0.12979726433785 0.103241844605404
-0.246808304964502 0.327149998869727 -0.0130485896949998 -0.068359836821063
-0.0852413592699846 0.429033345524512 0.245787546291794 -0.0883199549414225
0.171431908500825 0.312296828452479 0.149979569756735 -0.301122364528236
0.326439124641721 0.0328981557230296 -0.11642359022375 -0.311352161854094
0.237833461444276 -0.165415075440733 -0.240656540303148 -0.084897799803635
0.0876706462056936 -0.254111451313964 -0.16699683761 0.0397266201713443
-0.0642848480350788 -0.234244305861689 -0.0787391034897392 0.0428507171205414
-0.0957128359517572 -0.189557348628483 -0.00691798207037614 0.0325004175380638
-0.10470203847942 -0.183875065042102 0.0569257890310046 -0.0124510425718023
-0.0136883036616473 -0.256008587172809 0.139432302425668 -0.00961300199639703
0.145956702568942 -0.235561893697674 0.206502210846606 0.0452790352548442
0.286274772128789 -0.15824880338728 0.179604402545617 0.197063346320573
0.31992117182735 0.152469316694949 0.0230637868438157 0.249429646677907
0.0923263349562616 0.396705467113671 -0.139482753417611 0.131982941511219
-0.138870947073615 0.429820919010661 -0.05939677271264 -0.014111085077279
-0.266251799079157 0.259245040740306 0.113018813840272 -0.191440454392759
-0.156655165071712 0.391839436221434 0.295656827458144 -0.141031480793533
0.104504349623988 0.334940471071543 0.224176444330632 -0.274478802542021
0.306647501228324 0.0833410125982364 -0.00558245391957265 -0.304776384216149
0.244221116162764 -0.138394423239612 -0.140483458693457 -0.157455941576998
0.0997642729104222 -0.238290703787263 -0.134983505726962 -0.0733524799591654
-0.0524171430884264 -0.231564887390297 -0.0977610968501905 -0.0551130453867419
-0.0918145936376512 -0.187039383703365 -0.0424570623244369 -0.0438891992098364
-0.100977524631743 -0.176491920292073 0.0218363020756507 -0.0867664891731521
-0.0165523041188539 -0.236598183684281 0.118180633151361 -0.0902935484034081
0.131618269759835 -0.221482305048034 0.217873606154559 -0.031963577201811
0.266308998043985 -0.144892280280765 0.215744497339718 0.145520141777355
0.280638108464902 0.149250501665535 0.0680832400238571 0.217777236157236
0.0570158400557861 0.349016935381862 -0.111416363984709 0.0941546812102688
-0.146180082713914 0.355867190676936 0.00401386743124913 -0.117022544153407
-0.224253215777532 0.146698063752696 0.228251467782864 -0.289396453528158
-0.175332562293367 0.267985323998512 0.329500382866915 -0.18186023597513
0.0299779217882701 0.265998401124036 0.26974804082202 -0.235367559017563
0.21958498867782 0.0933156019167943 0.0805661620475357 -0.273130030216329
0.192821979975231 -0.0924554720820415 -0.0490801982912322 -0.205221369404862
0.0852783379511805 -0.178881236814229 -0.102655984270696 -0.165177698051171
-0.0352938939807227 -0.185750720686453 -0.11124851786744 -0.137287529460523
-0.0716999886751366 -0.154560655319756 -0.0738544708015814 -0.111282909111525
-0.0804928022947349 -0.146938016330776 -0.00743523273951959 -0.150367050937665
-0.00952486191809779 -0.191414872116646 0.0998826607697569 -0.157604900231722
0.112680998899995 -0.179111370289879 0.224772978550365 -0.0896571703952565
0.227478906745596 -0.0979534348946144 0.235031759708278 0.108485814897865
0.205778425143876 0.150628838650171 0.089994689331245 0.191319930063812
-0.00211273554618462 0.272208381735551 -0.090065704901424 0.0627361571972575
-0.149261828449352 0.231844835949577 0.0627924258119594 -0.188316165433004
-0.137308799576567 0.0102152729119231 0.302249536296025 -0.348497228070525
-0.141091906411342 0.0985977807777556 0.331283676064318 -0.205868225455595
-0.0246157904782443 0.140982780952248 0.284578144056268 -0.20705712171606
0.103079082509521 0.0668436272377113 0.124850142567421 -0.245809541862587
0.103831038098895 -0.040617800221764 0.00206681340546535 -0.231360684974172
0.0531287404414136 -0.0921411241330039 -0.0845187324652279 -0.220129575620603
-0.0135907080503393 -0.108488434248123 -0.119829973999169 -0.187510786150899
-0.0392586767138086 -0.0977683370611657 -0.0925360091633298 -0.158065196640067
-0.0462602510027215 -0.0990850130191298 -0.0253835206641763 -0.196091421031307
-6.30110110421307E-05 -0.1264316899101 0.0947049642044887 -0.207285183648835
0.0838233712735734 -0.11897003060148 0.238473878972042 -0.12670362441435
0.169608339502739 -0.0399221620747151 0.250353912662445 0.0903932562269165
0.111062287618177 0.140264725597773 0.100052689955189 0.179003609716396
-0.060784703392597 0.168990899694466 -0.0717472001636109 0.0455140947488846
-0.137055380445906 0.0812673875087396 0.116783290650946 -0.218118999258882
0.0625828693084997 0.0604716069788013 -0.18963461556743 0.235130796398987
0.0763972234043359 -0.049334471563732 0.125502689395597 0.0483582412666071
-0.00944814717481387 -0.077019503613224 -0.0228261727690671 -0.221319214130378
-0.067035727528075 -0.00967249172362977 -0.256924275161288 -0.176885580912156
-0.0315528149479192 0.0373377169036064 -0.313759735230796 0.0820339079341826
-0.00841617923932565 0.0368191354287327 -0.170387028990858 0.246622394166386
0.00130102275687332 0.0417149447316587 -0.0259448943658449 0.251543926499109
0.00318990226485193 0.0263553521839603 0.0580460000857826 0.215298242520727
-0.0196481261847785 0.0164439152605209 0.08954449070935 0.220922186681194
-0.0262837481155486 -0.011827569949964 0.0549115800520006 0.243269374606357
-0.00639352116614649 -0.0197625508019316 -0.0398325760571224 0.248340904189519
0.0133831016163202 -0.0346894102157843 -0.154899037579416 0.209140819726266
0.0659398335292599 0.00142851388728437 -0.29053947160203 0.138821655025587
0.0753063188334556 0.0801917494376183 -0.381758952586541 0.111478198715736
0.00569673349868446 0.116894539552264 -0.394220908599825 0.271206404769147
-0.0216983181111935 0.167323846706913 -0.214670233404051 0.202820138660532
0.070848507658634 0.086322465931049 0.12414214291864 0.0503789320158831
0.0685422741111911 -0.000329328823894511 -0.00272405591065076 -0.23773730525756
0.0357419034539437 -0.0289774329612766 -0.254991685964703 -0.213008747671265
0.0343634202465356 -0.0263280557277741 -0.335864872471804 0.0627003667605516
0.0146993147438652 -0.0483836205803487 -0.190537182809234 0.23497833061963
-0.0188166501430944 -0.0413581928606539 -0.0422459585954331 0.241002273593556
-0.0183239464348606 -0.0501842858994643 0.0481696498609523 0.206313095793961
-0.0284303754177836 -0.0672121625777091 0.0918189958517963 0.200115789383472
0.019176206225171 -0.103774340744273 0.0806464448087171 0.225341985187358
0.0925951560173925 -0.0643517474198056 0.00649810202040225 0.247724362694874
0.127978123398136 -0.0062119138265258 -0.106856161151561 0.241031754240781
0.112793583351168 0.124280516560599 -0.248879021853866 0.180128770266676
0.00857299303848206 0.230447806569314 -0.33196160536173 0.127310143402602
-0.110267946494489 0.241455897910685 -0.337148027450909 0.237173743359262
-0.124869073144726 0.245367079713286 -0.195056832818226 0.136380397706809
0.0248718523339935 0.22844606053341 0.143786611337356 0.0343086627188137
0.126963975627318 0.111074373591515 0.0434164508205291 -0.258885302587257
0.150937459769819 -0.0194448279488148 -0.22569391874493 -0.260567659916912
0.116944215933011 -0.0836441094749298 -0.337180989540474 0.0174861555354416
0.0503061343266972 -0.133085714090324 -0.203021678999826 0.189834850459188
-0.0306238593723903 -0.124946341193179 -0.0607196321325047 0.196308384479835
-0.0377737307953072 -0.119294069937287 0.0309044414834401 0.168139842635872
-0.042120001872895 -0.133782982600645 0.087274009534073 0.148905798096559
0.0394003325180413 -0.181976081930652 0.11204182154186 0.172921723167903
0.15668203433597 -0.123966112768302 0.0799086341505028 0.216069480602926
0.226432822620247 -0.0247652265677323 -0.0227233608866768 0.264752301143032
0.189722542841005 0.197982448849288 -0.17737482589985 0.228947465038688
-0.00538883207937945 0.346472875127615 -0.271807685314188 0.139535044086782
-0.181044327026746 0.341467636071804 -0.248622483404755 0.172478606406607
-0.225001503816984 0.280437872489758 -0.123771834574728 0.0414068018798021
-0.0558860525183745 0.345551382120091 0.183721870559634 0.000248743565118219
0.144493116411452 0.236507966647979 0.111827442454764 -0.268214948052322
0.25282678669201 0.0245391038512358 -0.156759207932579 -0.301270320298494
0.20033219664762 -0.11739493781677 -0.300237161683218 -0.0493644974621138
0.0927957809884499 -0.198599299462633 -0.195546801156989 0.112739723424207
-0.0306520420323734 -0.193873540941036 -0.0756727099510421 0.121311393243949
-0.052311891952524 -0.172256134636223 0.0103754788195743 0.106557842009425
-0.0566854762505595 -0.175974688421584 0.0755346470425832 0.0775663871636454
0.0394809577931817 -0.231698475919152 0.133159092841282 0.097669323297903
0.184271235240183 -0.175384713922592 0.148516637067402 0.153170837115187
0.286015314498625 -0.0682952535275204 0.0711681063666181 0.255520890279128
0.257582537038844 0.220283325757455 -0.0905087912742339 0.254413195073807
0.00938254720937218 0.405552334782731 -0.213359416450533 0.131901620026365
-0.212235136134415 0.394360845880012 -0.150315825523665 0.0795533806157505
-0.291628920946922 0.262195997827784 -0.00444809280624279 -0.0647856307482068
-0.150061779143949 0.392951238421947 0.23930563040363 -0.0459833126474013
0.110121215964982 0.327883685362678 0.188819804641813 -0.255111763924141
0.299608432019796 0.0882170764852492 -0.0568166158309977 -0.312219984998073
0.25536881502401 -0.115595325179812 -0.216177795040518 -0.119615486201408
0.127152505064712 -0.225699009005832 -0.164494241453406 0.0115480983998339
-0.0228783523701484 -0.232037363591011 -0.0834296867830199 0.0257479897611664
-0.0589181694186076 -0.19902231296513 -0.0114997499650326 0.0303912630150609
-0.0657197534787671 -0.192920153262259 0.0577890048238414 -0.0022570628101609
0.0314203540302842 -0.245793579548733 0.13802630916422 0.0129380243544295
0.1826960168012 -0.199322810515179 0.194522096110256 0.0740930376230504
0.300178203040227 -0.0951092677397397 0.144522215162723 0.218179172824145
0.277451563322958 0.212898113327138 -0.0147564948692278 0.248391415599875
0.0125354648188802 0.399972566640581 -0.166512611486353 0.107844131986485
-0.218017630956187 0.382895664611193 -0.0574281970833801 -0.0217245406683118
-0.298083140346696 0.198032167951145 0.137921347010686 -0.162516197898158
-0.211001106708819 0.346991206366374 0.297558651144589 -0.0906365313684405
0.0410287447984905 0.338846149127499 0.254762228290227 -0.21752339903503
0.271691642689852 0.131403180588132 0.0472379922996746 -0.286318205040828
0.255837997964101 -0.087216792930509 -0.107709935576405 -0.172346858215693
0.135743974169981 -0.207345041466031 -0.114439970322745 -0.0913298948292304
-0.0126461353734268 -0.227316359584437 -0.0849668405471627 -0.0722094117537074
-0.0553986999750644 -0.195775514236874 -0.0321981007559857 -0.0480790178999311
-0.0633929111141376 -0.184095723500768 0.037566225183242 -0.0792858527952954
0.0255948352594789 -0.227503582983848 0.132249572162261 -0.0667568998605611
0.166221834309766 -0.188377737429982 0.218897094393191 0.00226844250722908
0.278370658132766 -0.086119155404708 0.189465081728868 0.17597930334462
0.241235909503588 0.200900519704632 0.0337128713935846 0.226566426265087
-0.0134043742000162 0.34734082773081 -0.131764269710753 0.0763967792069118
-0.210780185160827 0.309185241955491 0.0248004861591154 -0.11035855658916
-0.237204771744475 0.101424607089638 0.266402637940929 -0.238746263565316
-0.208431368520312 0.228385342942938 0.340220578516048 -0.123536449596086
-0.0181450332006664 0.261965341917174 0.292548299948882 -0.175005593800967
0.188896306650467 0.127870596578365 0.124617687006415 -0.241770908165868
0.197965526836034 -0.0513097995597618 -0.0117287141084385 -0.203313587679208
0.112084352971475 -0.152830512353065 -0.06802868269327 -0.175678834530182
-0.00352935427249446 -0.180233918898373 -0.0836702278402087 -0.15380550340629
-0.0415494571590495 -0.16141895529731 -0.0493978137008623 -0.117115990819201
-0.0490665925335592 -0.153494523100149 0.0208563534329148 -0.144623226160261
0.0238067992118772 -0.182809812860526 0.126710023074134 -0.133288955255385
0.140131581722719 -0.149954547348941 0.235846866488348 -0.0510626377466229
0.232357629830053 -0.0502261613240626 0.213822684520954 0.145842178836201
0.167361815246174 0.186948338481741 0.0588417965885196 0.204812900023166
-0.0554452643278129 0.260836577446228 -0.105053956632662 0.0483217897482781
-0.188656630395355 0.191584775438823 0.0967052548980879 -0.169881614242579
-0.130523464932104 -0.00962801516573868 0.348339415814239 -0.283100640204954
-0.149485827708393 0.0760241786303928 0.351172348371389 -0.143367127856313
-0.0481613914448699 0.134705069990275 0.304799140514228 -0.146538770438406
0.0842930729398065 0.0833971220657233 0.162503577619281 -0.209829678366762
0.105375812928325 -0.0176549013585733 0.0426462158085009 -0.22140956132473
0.066487695882376 -0.075841633860024 -0.04346842865854 -0.227412865022133
0.0048421597804679 -0.104111598691945 -0.0834243876898774 -0.203690708823416
-0.0207594734628571 -0.101052438541422 -0.0589020018798422 -0.16486339973933
-0.0255678598601734 -0.101508271020191 0.0119676584916435 -0.191386343493274
0.0223315005661955 -0.120075781816905 0.129236232987753 -0.180438493417884
0.101859575274272 -0.0976661278466689 0.253117084982637 -0.0821355110345538
0.16737913638293 -0.00728525037592558 0.229878339573009 0.133103760607119
0.0784121591357603 0.15814663921552 0.0672784998093449 0.194736699301731
-0.091344749197963 0.150022537970872 -0.0837185729891572 0.0325488138361728
-0.148172519425358 0.0498946307515584 0.15445779660077 -0.18953237225296
0.0628872164631257 0.0579059791770968 -0.176580997865265 0.233285804608917
0.072958647894559 -0.0510884436133668 0.1263005598756 0.0439398553352822
-0.0106724380957901 -0.0747332087156091 -0.0263825194941286 -0.21390380495318
-0.065140057551211 -0.00733111590115176 -0.252842466748175 -0.164320029194264
-0.0288618310096065 0.0363924716991112 -0.302126576813162 0.0867191026124964
-0.00609427080581671 0.0352151515584962 -0.155340430621132 0.242478561819538
0.00319385712612507 0.0395687468272256 -0.0158830601087445 0.244024267299688
0.00446191985446487 0.0238595798733227 0.0627803768173178 0.205310364178606
-0.0171815476924303 0.0166137722610125 0.0956888108820651 0.209143720022644
-0.0262293889423345 -0.00970749557444527 0.062695488144291 0.233959392196669
-0.00646430586674395 -0.0194279571752374 -0.0323803700596717 0.242456476544699
0.0118554806883605 -0.0341830767710033 -0.146516141939104 0.204438029144074
0.0649284761274778 -0.000142582355178261 -0.280277594489986 0.141535515619691
0.0757496274646474 0.0750086475059311 -0.365783994077721 0.11588978646563
0.00768571163716723 0.11199934667999 -0.37148434531422 0.270520194812454
-0.01682521876629 0.162748305644534 -0.201226624522904 0.201166198971811
0.071656929926259 0.0805052177720115 0.125171058584785 0.0459409121984219
0.0661937490527884 -0.00287977736752224 -0.0069381926445928 -0.229018819956743
0.0327325500662585 -0.029310451563003 -0.251864534204725 -0.198937804698545
0.0328671865449052 -0.0271948757430084 -0.322367530496814 0.0688128714909296
0.0126394932477855 -0.0476745609499342 -0.17590609288234 0.231607376744852
-0.0194292804645667 -0.0390347323125564 -0.0321449616707238 0.234696487241845
-0.0187468567413411 -0.0486868634493343 0.0528204115688563 0.19752535467161
-0.029065629781232 -0.0632523653300606 0.0962514155273534 0.189857114376874
0.0143975506493879 -0.100586507556989 0.0875700922785306 0.215388366012221
0.0876674259024756 -0.0664455073921434 0.0140340341467416 0.241295771722438
0.122851250474523 -0.0105830692656949 -0.098064565113654 0.235357134919439
0.113223834709449 0.116643552131751 -0.238334742882566 0.179498335152693
0.0152967609738468 0.222243706996663 -0.31644123494459 0.131407726083185
-0.100818958368228 0.23449188039615 -0.318579207226496 0.237774990611384
-0.11548291833878 0.240297196552604 -0.183885121891398 0.136244569071331
0.0320641824583773 0.219539047678482 0.143598428603767 0.0306036950994225
0.124763297219041 0.103069476261896 0.0372364511229764 -0.250132983642773
0.144288451612481 -0.0238452539809867 -0.225557301647447 -0.246403901163443
0.110148676534086 -0.0843455863851701 -0.323739446625908 0.0249777239773485
0.0438002703551856 -0.130226959077886 -0.18965240843995 0.18851512368701
-0.0333158836491604 -0.118382187759281 -0.0523234499808142 0.191642941814126
-0.0394419545244807 -0.114444974314351 0.0356774415642431 0.160826998724824
-0.0446249178382112 -0.127189791922012 0.0902746065329711 0.141523009403666
0.030390512845107 -0.176554365430951 0.116795448531493 0.164124806121774
0.147843043412234 -0.126137175627067 0.0843273123614737 0.208057063532023
0.21729310357661 -0.0322437178872112 -0.0151238074734061 0.256651468092973
0.190056815709333 0.186359425368067 -0.167548877397614 0.225116976916931
0.00490435491427752 0.334836043673782 -0.258957622627973 0.140152727491168
-0.167559688219464 0.333363153808807 -0.235490298066134 0.173704732552728
-0.212549290140537 0.276056975067803 -0.117240861115679 0.0428943160251635
-0.042994829459987 0.336130732280407 0.181016393132806 -0.00266651395225982
0.145065943203894 0.224513036144133 0.103600777032242 -0.260640236006785
0.243481131745681 0.0157904422881609 -0.158815708246551 -0.287201119668181
0.188702219754739 -0.119152546001428 -0.288265597304671 -0.0395300256612187
0.0826178172825466 -0.194282657291014 -0.18507187597608 0.11300785749489
-0.0363312750730274 -0.184490383864506 -0.0702054072992719 0.119861129582177
-0.0556364139697241 -0.164290708188294 0.0140672598033213 0.102180587335393
-0.0599505866650039 -0.167451354613485 0.0762204433011679 0.0731874814166826
0.0293205638331261 -0.223884311598017 0.135098733930116 0.0898091258652607
0.172070134886107 -0.17690729825557 0.149200554107844 0.144267078773344
0.272489879876052 -0.0754055130479152 0.0767171759621997 0.244847675898172
0.255719048669192 0.204190562933684 -0.0834910810612857 0.246582577807517
0.0208173761886472 0.390812677763359 -0.203695225521012 0.132568423360557
-0.194109126716562 0.384755011570067 -0.144315050860623 0.0822283968696945
-0.277418086901013 0.260401431685479 -0.00389410523886614 -0.0622579512487955
-0.132869020021763 0.383215284081361 0.233106538030282 -0.0487247105602061
0.113183078465911 0.315157913585372 0.17849321366718 -0.249412434565755
0.29007320710992 0.0763266557595985 -0.0615667680820263 -0.299800417693997
0.242188212691605 -0.119954111413045 -0.208442392420125 -0.10987062571935
0.114128893288326 -0.221418806255695 -0.157736686010062 0.0135227432428344
-0.0304525630002123 -0.221056113413454 -0.0817847364000694 0.0282767000473544
-0.0626535533100183 -0.190094063477314 -0.00929728276079164 0.029992304696397
-0.0690445085670789 -0.182160058983121 0.0555904437578251 -0.00277732706138736
0.0206584264444499 -0.237296318317282 0.136465877768548 0.00799033869780483
0.169764061635301 -0.199464111128962 0.191684800880324 0.0662723093679504
0.284851217238161 -0.102255699837906 0.147979771467218 0.207699261133315
0.274649527912889 0.197515942121453 -0.00981963854429175 0.238483811349615
0.0245258135985065 0.385830131887903 -0.158902084020145 0.108747059089808
-0.198600137911343 0.373309729505365 -0.0581138843110861 -0.017672354432607
-0.283683933316148 0.198210866393981 0.13075594731002 -0.160044731015722
-0.194066658131275 0.34122749849737 0.286700932895555 -0.0922683369654873
0.047798335278655 0.326565698470101 0.241607513691972 -0.215490579161725
0.265202664775285 0.119701652430635 0.0402800563603955 -0.276081830676065
0.243104181727091 -0.0925335430249416 -0.104553676593118 -0.164493341565125
0.123213533077729 -0.203694270290751 -0.113682877601501 -0.0876174311438894
-0.0208723493595293 -0.216546790949669 -0.0866840141930555 -0.0664605228544894
-0.0598526210314675 -0.186439673589932 -0.0319454238923973 -0.0447552730872261
-0.066475595920997 -0.174160842922635 0.0334211132968497 -0.0770191670673395
0.0157739677857868 -0.219165367314629 0.127906231228708 -0.0684364729078904
0.154136083484078 -0.188389843282693 0.212968863176731 -0.00448297052853234
0.263928318468541 -0.0933410920985575 0.190334385719947 0.165509525526077
0.238349382452282 0.186334542848925 0.0371013572809921 0.216076832605647
-0.0030316202910036 0.335553259419654 -0.126717378768551 0.0767827751076239
-0.194541851030214 0.301096930603303 0.0183746370081335 -0.105255251004003
-0.227040791924825 0.103537008504863 0.253119655746097 -0.236002608146986
-0.194340216265133 0.22614686934226 0.326963862674262 -0.12450858254962
-0.0106597939221034 0.254462281039607 0.279236112523833 -0.174814771820676
0.185310425834213 0.117820531497668 0.115840983476066 -0.235022322730348
0.189066083200415 -0.0558201127201509 -0.0133179142614009 -0.196837537712737
0.102723933200722 -0.150226018303678 -0.0730679147927626 -0.170256034883912
-0.00967096544291209 -0.172713704544795 -0.0887356526344341 -0.144381288500486
-0.0461384917421176 -0.154072834108795 -0.0505530135365007 -0.110697475398129
-0.0517328001817522 -0.144287031032715 0.0157676921105126 -0.139396163283548
0.017004634763907 -0.176127201864402 0.119401073656228 -0.132090224556643
0.129531385326305 -0.150159445797311 0.227017083734135 -0.0561136090804134
0.220198989107409 -0.0564094055707457 0.213216334652701 0.134518212421592
0.167311079694893 0.175280030269233 0.0608831835885798 0.194703043960708
-0.0459814977288726 0.25249989066865 -0.101698331903746 0.0496117216637856
-0.177949821370217 0.18815993861866 0.0856276965220646 -0.164180586634973
-0.126697310600013 -0.00691283547345301 0.329914349721585 -0.28049660448515
-0.142620693885358 0.077273456019822 0.336058718438679 -0.144014632631523
-0.0430613163815709 0.132666050004342 0.292279640483279 -0.147714345248764
0.0834438698683399 0.0778995928834041 0.154037878491154 -0.204935008313426
0.100504484182071 -0.0203822658820046 0.0375778709893096 -0.215755147695657
0.0615665453209136 -0.0744473192783851 -0.0510947370240466 -0.220696146427586
0.00156290571009373 -0.0997799493836199 -0.0893920968227603 -0.193854294894452
-0.0239301743808534 -0.0971581288009608 -0.0615035668689945 -0.156783937953106
-0.0275618008360146 -0.0961958313766908 0.0064862617162276 -0.184641837445618
0.0179292066307143 -0.116809269917751 0.119800450846498 -0.177479244989436
0.0943065368650022 -0.0974782517691656 0.243499870745586 -0.0871453232567516
0.159821240237717 -0.0124329713627578 0.227477176516328 0.121529825335273
0.080015771389786 0.149946057824195 0.0689001271683505 0.184897040867949
-0.0850660218345899 0.146925108051615 -0.0820546269364662 0.0352026639801761
-0.142915117472934 0.0514327969820606 0.140831808468375 -0.185292596201938
0.0619737670899236 0.0565934861556764 -0.167036447941455 0.228230909146731
0.0698901925926327 -0.0518118882048286 0.12636696252139 0.0407497026513503
-0.0112575401533612 -0.0730015818694222 -0.026095050852346 -0.206108101866849
-0.0635112334169774 -0.00637083671934577 -0.247479640632986 -0.155524090602091
-0.0274455486452977 0.0351896726095284 -0.292292441051959 0.0872283721556508
-0.00469677635794023 0.0334262574176609 -0.145699746811561 0.235905630978171
0.00429933229356539 0.0372646406514815 -0.00904039934900651 0.234738225776289
0.00478323533919607 0.0218969266968672 0.0650016002417599 0.1966216034579
-0.0151207149618706 0.0160186937470419 0.0979927390504117 0.199460049439213
-0.025135195951859 -0.00867712270506128 0.0664003607548772 0.224747836804787
-0.00678177560693687 -0.0192499655374218 -0.0279744556950394 0.236439426482967
0.0104670774536636 -0.0333740172793234 -0.140942778882012 0.198638316784163
0.0635367622923652 -0.000983506998868365 -0.271539477334357 0.137539498602477
0.0744517888167549 0.070260340932263 -0.350304108588074 0.11403832104283
0.00730839189895529 0.107929689481485 -0.354594005171155 0.263905693685169
-0.0144021681787209 0.158573784413673 -0.191184528679721 0.196960549284165
0.0712810998361798 0.0757070619450518 0.125421290683643 0.0428200216346902
0.0632235953090803 -0.00483179886969488 -0.00738891440912413 -0.220738341986542
0.0296939309932223 -0.0293531642532627 -0.246179290681865 -0.189694894208026
0.0312399315867534 -0.027538343876123 -0.310787913436153 0.0697835964901672
0.0115171420667898 -0.0472129380073855 -0.164827411914265 0.22586942023801
-0.0186605941554577 -0.0374079880800083 -0.026298966475097 0.22618633003567
-0.0185347847919553 -0.0476425791794668 0.0548560311941042 0.189056427848651
-0.028380805469192 -0.0610294960672555 0.0979645800509271 0.181564675873129
0.0112177679538346 -0.0971076241314877 0.0908482592751955 0.206901944496125
0.0834660332030816 -0.0674992445079578 0.0171426831795886 0.234313887781353
0.117946555909523 -0.0130837652837306 -0.0928465983641355 0.227623770374627
0.111999081218099 0.111178340669436 -0.231021832700165 0.174262269645336
0.0182052056979433 0.214307932078433 -0.30416501733574 0.128420207778559
-0.0957045639947646 0.225709691476718 -0.30357697675847 0.23333717341311
-0.109400431940693 0.233377256864457 -0.175247198854862 0.133290203880183
0.0347205298253512 0.211046667779453 0.143115312366171 0.0286581549046921
0.120890802231137 0.0974726323140042 0.0350872026797775 -0.240750976803665
0.136951865319087 -0.0256217941820986 -0.219997048306232 -0.234672937569742
0.104051537018041 -0.0843291409464031 -0.3108669008645 0.0279540553203136
0.0396624875288816 -0.126657992200255 -0.178982794154776 0.184138814846508
-0.0341167095873359 -0.113195504339203 -0.0463210545332578 0.186520821026644
-0.0400718807595053 -0.110296238106923 0.0382502303461667 0.155345699177233
-0.0448451749385594 -0.121598484493845 0.0910469023899864 0.135367951487855
0.0253802123516735 -0.16993866094457 0.1181618556088 0.156173134499353
0.1409925326376 -0.12622670817144 0.0856341941733043 0.201603001774546
0.207770874423103 -0.0357429482269742 -0.0108703334882323 0.247919217442313
0.186407656847719 0.176333455749315 -0.162671244029414 0.217698526324345
0.00996080289004373 0.324501323089293 -0.249100338439893 0.137232595128052
-0.158995617468087 0.320513780190115 -0.22504655677865 0.170507985882533
-0.203624760876261 0.269312404557668 -0.111286737525791 0.0429307390295203
-0.0353546300663098 0.325279791673827 0.178975386146178 -0.0033786906550315
0.14252012448193 0.214773544533593 0.0999575275348706 -0.251582917756093
0.233244142131249 0.0114865197866352 -0.156406404116692 -0.275186714119145
0.179683717619612 -0.118241515288777 -0.275320840096935 -0.0354939509786642
0.074804449401984 -0.188658058335541 -0.177093387206965 0.109921110109469
-0.0389265899074198 -0.176072420832806 -0.0656844565917049 0.117114431143558
-0.0564526449805134 -0.157501364042346 0.0160162151393949 0.0986960846368033
-0.0602607973103789 -0.159293995099695 0.0757785851425261 0.0702991805062093
0.022832757192177 -0.215889175503845 0.134930252711659 0.0838446880284521
0.163126351837765 -0.175946377605973 0.147596306186663 0.138481507923074
0.259903398612851 -0.0784830226667254 0.0787426829055182 0.235629841698944
0.250103599416996 0.19333894626832 -0.079400098993748 0.238194992167893
0.0266325242479396 0.377469597039207 -0.195822962683068 0.129558399042747
-0.183548336100851 0.370931514020519 -0.139512756300996 0.0821556712963639
-0.266455209535392 0.255656020159947 -0.00311272370923147 -0.0605804116634418
-0.121951113016045 0.372200964659057 0.22774269730707 -0.0478869849474984
0.112293317885064 0.303416048843811 0.172313699778258 -0.241480047683347
0.280182914058815 0.0693691372337466 -0.0613712861958977 -0.289396226910671
0.230927669755754 -0.119493191549093 -0.19871546097243 -0.105062792189262
0.105668515844797 -0.215210953780727 -0.152699573190832 0.0135219661281352
-0.0339925273041751 -0.211312020981247 -0.0797734708611257 0.0286809147439789
-0.0648698152945183 -0.182266862342517 -0.00775023245085779 0.029235996622976
-0.0688635104656062 -0.17343762363541 0.0540384324905903 -0.00345502333976323
0.0150098928551585 -0.228551336939294 0.134880176526031 0.00449412270746853
0.15996268825766 -0.197966436526514 0.187161341808829 0.0613421999719944
0.270587289368447 -0.104475928544621 0.148056343325256 0.198194591816971
0.26752084365903 0.184771198157934 -0.00852230496418286 0.229115037065189
0.0299293350100067 0.373514242570268 -0.153018648528553 0.10536113051579
-0.187627749205477 0.359750172580578 -0.0582492383591684 -0.0143964054317394
-0.273772981149169 0.193728977867237 0.125573874223662 -0.156001693415982
-0.180905048669916 0.332994233930066 0.278739340230843 -0.0905026954986453
0.049663692306282 0.316636161305767 0.233195992271688 -0.208641583609719
0.25672519037176 0.111552173678876 0.0375102143408841 -0.266742339410237
0.23178893827154 -0.0925982488964034 -0.0992847136106917 -0.158518462658053
0.114547484395809 -0.198647631373722 -0.113174629256885 -0.0852535038723634
-0.0244782179679836 -0.207468303691267 -0.0874993911954592 -0.0616228119548092
-0.061833960606379 -0.178969466872197 -0.030683683356272 -0.0428828641529014
-0.0673139953890644 -0.165262726114068 0.0312719495260127 -0.0741588152316117
0.0111275192258575 -0.210801693060689 0.124422088293266 -0.0684319720705411
0.144618390679617 -0.185379339103303 0.206633463585439 -0.00715102347533912
0.249885039864098 -0.0947377367819747 0.18793963488378 0.156932535013743
0.232650484138552 0.17546699821867 0.0367801294676748 0.206548055710143
0.0026128459743674 0.323599263925775 -0.122248055462474 0.0753704562820879
-0.184133011479691 0.292170203791058 0.0135385524866772 -0.100024150616933
-0.219947153500946 0.10164061845235 0.242281659715601 -0.229613749564437
-0.184296552098921 0.221748022909536 0.315346562433149 -0.121887983418112
-0.006539162231987 0.246791282153018 0.269616991242894 -0.169936113477547
0.180605362268222 0.110666574441566 0.111368621318591 -0.226244658416284
0.180918870413613 -0.0571371367227192 -0.0117458419218131 -0.191784477040109
0.0961148211872628 -0.146281969153485 -0.0754265917332104 -0.165930581782946
-0.0128919034334478 -0.164711742482798 -0.0903934367072181 -0.137211679604007
-0.0480067487215533 -0.147600029482498 -0.0495216499062571 -0.105023857784868
-0.0519019013102809 -0.137593300433927 0.0122104187669635 -0.133776868729428
0.0129423220493595 -0.169914765034974 0.114687640895203 -0.12914244891559
0.1218471699984 -0.147499598395316 0.218426224417827 -0.0576949523995246
0.209522018430542 -0.0584449359174816 0.209542825466116 0.127071473641473
0.163299433332891 0.165545782887236 0.0604580680625778 0.185458740255578
-0.040865537183052 0.244702619106372 -0.098985642452856 0.0497657522172274
-0.169847394949753 0.182215940718461 0.0773992234466903 -0.157876319144087
-0.12290397752892 -0.00582004300006345 0.317401871299808 -0.273453395476899
-0.136246251806465 0.0769367692569114 0.323504207255219 -0.140401156061632
-0.0390753520904207 0.129753544439055 0.281370968391691 -0.14449845441194
0.0822909522836143 0.0740646562095389 0.148787453515813 -0.198281474741689
0.0962190297412434 -0.0210071743692839 0.0361733640935925 -0.210450754129071
0.0582373300517114 -0.0723731293289313 -0.0561454712814994 -0.213215357025021
-0.000706178821592379 -0.0955183028012033 -0.0924724750912952 -0.184546989457416
-0.0248290164953689 -0.0930812831591486 -0.0612071244167165 -0.148712776231358
-0.0278328715262708 -0.0926328412755651 0.00280964238095594 -0.176624365813269
0.0151885620973315 -0.112580694535598 0.113551788951149 -0.172668339531872
0.0889572892415015 -0.0955827016655078 0.23345613993912 -0.0885491415724116
0.152273586430153 -0.0143327383991713 0.223509995436154 0.113853488290257
0.0798281836796359 0.143777377966554 0.0682654611674328 0.17613465970758
-0.080529287334367 0.142642570519264 -0.0802415120815688 0.0358360268948094
-0.138159339465168 0.0510511899489388 0.130823434561136 -0.178810132622108
0.0616797817833278 0.0566800215338738 -0.163004190747817 0.223475990611858
0.068374166114126 -0.051266097017498 0.126891574925861 0.0398729897589767
-0.01151871635415 -0.0717197878855769 -0.023844439240641 -0.202434384027455
-0.062338651599074 -0.00600481401181909 -0.242231556558208 -0.152782919145117
-0.0264882313068088 0.0337733148491212 -0.287019509111566 0.0850006816494112
-0.00454691976644918 0.0314439023982599 -0.140053858058461 0.228705908019075
0.00489797785420493 0.0354745923712418 -0.0062834237905252 0.226985347781507
0.00452716944437832 0.0202193360910596 0.0646656473225978 0.190601157928208
-0.01401874874344 0.0152435237760463 0.098550998942394 0.193381358513631
-0.0246110693026146 -0.00782827904842577 0.0668541601003244 0.219448031970822
-0.00652700158331308 -0.0191562457511841 -0.0266741044131632 0.232604634676801
0.0100771228628263 -0.0328376998455747 -0.140045413036916 0.192052675085591
0.0633399521709735 -0.000903942267204558 -0.268276747604854 0.132448710885756
0.0735428518765164 0.0676845838355716 -0.342193080226787 0.108137634177758
0.00538939757976154 0.104849204145694 -0.345082348273641 0.255437409160296
-0.0147245823179343 0.155414348434596 -0.186528062699444 0.192890234496371
0.0702737111004947 0.0726141078560166 0.125806736610864 0.0422967075742524
0.0609232593149457 -0.00561654537693764 -0.00513533324185353 -0.215739951855586
0.0276931819726082 -0.0283522271462388 -0.240759003205698 -0.185553969121376
0.0295808827919887 -0.0277705529518348 -0.303541530841314 0.0672005327214153
0.0103223443167341 -0.0464127847672298 -0.159601907110846 0.219677225043729
-0.0182399824617007 -0.0364628354815941 -0.0230710943573914 0.22043529717832
-0.0188426163163674 -0.0473586242464958 0.0553570560099951 0.184322792691768
-0.0278556805095733 -0.059191662111734 0.0984445199953699 0.176140397815846
0.00991058035531082 -0.0942598481148601 0.0910859685897053 0.201243310381644
0.0810667378825061 -0.0669648922911425 0.0177936617341006 0.230593257243313
0.113441095909528 -0.0134041082579616 -0.0918151673654254 0.221643417776655
0.11019859142905 0.10839723174072 -0.228340298383413 0.168611017713026
0.0185566205208881 0.20829689352916 -0.297195929637139 0.122284075282328
-0.0959191519944991 0.218605256361516 -0.295336109693368 0.226570431563715
-0.10771545593012 0.228644188710408 -0.170974272871486 0.129414391425729
0.0352211442533254 0.204926863074473 0.143671946950829 0.02839708741599
0.117292576864927 0.0945851688458417 0.0378763139792069 -0.234568404371325
0.131567525094705 -0.0255273886199289 -0.214677023263243 -0.230337495154072
0.100818650189561 -0.0829148567545075 -0.302150689345847 0.0256022904737338
0.037637095832139 -0.124374516306812 -0.174291272043397 0.178485708576166
-0.0336085984175172 -0.109764016247822 -0.0445950012066344 0.181361861177992
-0.0397006752140016 -0.108096720693448 0.0384912725087696 0.15117847870345
-0.0435358805599229 -0.118417110806597 0.0908868433394499 0.131616379329639
0.02337329022893 -0.165608937051482 0.118751509540938 0.151161151155774
0.136710929724241 -0.125507800577432 0.0842321994060393 0.199278543042317
0.201580669613626 -0.0361015678510053 -0.0107203232485001 0.241620680574451
0.182506681817089 0.171671545689221 -0.161657871981277 0.211017137692427
0.0112210289622725 0.31650587889255 -0.243898093392846 0.132550057984016
-0.156208760042255 0.310113560937656 -0.220022545417868 0.166848721112519
-0.201355876406109 0.262593381783155 -0.107016034672041 0.0412419581702037
-0.0333935203511815 0.316169090540707 0.178297735617368 -0.00224926329367963
0.137689571945681 0.209684181027953 0.100479968649659 -0.244229344247888
0.226202845576235 0.0109865026371777 -0.15183926464212 -0.269322689398792
0.174407141825047 -0.117111247809042 -0.266719575163199 -0.0369442876094251
0.0716800664384415 -0.184717209281956 -0.172964722385222 0.105621188427692
-0.0391639813831589 -0.170413262335013 -0.0645238850738775 0.11470895099219
-0.056317935601254 -0.153186483866377 0.0168905818844598 0.096559540758379
-0.0591149161570352 -0.154600895814505 0.0750423526607525 0.0689052126510588
0.0205578439023899 -0.210134376634403 0.134865871364713 0.0803395884262094
0.15855669114473 -0.174472441208874 0.144941597804301 0.135515242730037
0.251718131467366 -0.0779550955321732 0.0776833015519316 0.229980842040314
0.24450145281341 0.18766489145754 -0.0810257194728154 0.230871542089179
0.0258289547759739 0.370328930226631 -0.192007584469097 0.124660566134141
-0.180087632093711 0.35725199881427 -0.137015614451807 0.0816607714946436
-0.261307081318566 0.248312791349061 -0.00176445726257368 -0.0592045467587983
-0.118153040964422 0.363232585601044 0.22622282237687 -0.04404474959699
0.109049974482754 0.296136056490203 0.171207709781865 -0.232840136171534
0.272107348935977 0.0666421855875179 -0.0576307279136595 -0.282247045129118
0.22374802074931 -0.117550492629882 -0.191051716719838 -0.104370221032088
0.101337305577909 -0.210451129690028 -0.150177089726466 0.0114005021097957
-0.034200731466457 -0.204034698123981 -0.0796574777606471 0.0289154670389958
-0.0642096318807152 -0.176793469709828 -0.00628643997536106 0.0282645853364975
-0.0674089505894319 -0.167977933183312 0.0535347535525939 -0.00234232751768973
0.0126038272505397 -0.222702247131894 0.134195815806438 0.00336114451530405
0.154327122348265 -0.195309210822681 0.183315410262594 0.0604888127234194
0.260279734335449 -0.103577183732778 0.145881116262972 0.193092382976509
0.261094804415525 0.179615873417372 -0.0112931628015578 0.222846420594155
0.0297750232750305 0.364887000310837 -0.150744360139836 0.101930323307027
-0.184724837983104 0.349372513065038 -0.0582778651080837 -0.012531435162133
-0.268458824391485 0.187534012172198 0.124444868155345 -0.151592454827623
-0.175875238856193 0.324548785710989 0.275372348833108 -0.0854941700937505
0.0481824586725479 0.309225584999073 0.230877073055774 -0.200907798944998
0.250149212352578 0.108324392711643 0.0392650466841378 -0.260195078025767
0.225595119577868 -0.0909664557459378 -0.0935830593577012 -0.157195989727312
0.111238052813359 -0.193876474424214 -0.112359293724673 -0.0850674286638856
-0.0252778098571807 -0.200155414744698 -0.0882846830289489 -0.059132271787769
-0.0617391603088088 -0.173530073183298 -0.029572607213663 -0.0415312854929933
-0.06528406308652 -0.160318738087485 0.0301794270744159 -0.0711329276413004
0.00990587838636398 -0.204536573794138 0.12309966082268 -0.0685902469288754
0.139495203041325 -0.18299317245493 0.201651161063984 -0.00752646859827307
0.240373986411512 -0.0936769911017157 0.185253743365741 0.152433289661319
0.227217422921658 0.170495721392649 0.0341409549191689 0.200012002214953
0.00305188161769293 0.315585662015192 -0.120638981060173 0.0731010125210334
-0.180600923270656 0.281732680149004 0.0114177370511048 -0.0949153094735211
-0.216055761519239 0.0976935576514616 0.238741330728478 -0.22301531474505
-0.178466950941676 0.21577790715258 0.310763315557443 -0.116090651400367
-0.00605853876611549 0.241299040907183 0.264906712534452 -0.162938321406224
0.175438572737068 0.107783065033065 0.111601963470151 -0.220368289568935
0.175755609744314 -0.0559315223225461 -0.00846127897255018 -0.188598014385708
0.093454657909584 -0.142792602964655 -0.07659990480221 -0.162755458756286
-0.0129985519362244 -0.160179488267834 -0.0920563780821492 -0.1325670440055
-0.0481107511827341 -0.142922918233539 -0.0488013414935992 -0.102368627329811
-0.0502931120125194 -0.13288443913193 0.0121686892417285 -0.129200548093399
0.011648379488209 -0.164917845944586 0.112248153312195 -0.126433447677673
0.116796763316217 -0.14474456593442 0.21369286966469 -0.0567559066851214
0.202027775997423 -0.057265936687918 0.206346841402313 0.122665565342498
0.159788277491826 0.161345505110893 0.0566927170172563 0.17957963868052
-0.0402340291039327 0.238448558640528 -0.0972668787122071 0.0485140644172282
-0.166317184969758 0.175650661648739 0.0731393217008987 -0.15147695272158
-0.120749987567779 -0.00655884514794333 0.310239242481861 -0.265307514067708
-0.132592316369655 0.0746569368969054 0.316533293358404 -0.133123647570352
-0.0374965376397757 0.126899870131402 0.276125416341526 -0.13845588639611
0.0804485983746545 0.0720194597073676 0.148299538257451 -0.191235349336959
0.0941356290842722 -0.0207886855579208 0.0376194474389168 -0.206499495950216
0.0572422868587634 -0.0702889592094413 -0.0581107173837336 -0.209371739848187
-0.000573662653977028 -0.0927373048352944 -0.0947299263884989 -0.17855978652784
-0.0256801174118709 -0.0905346024239521 -0.0605278419091539 -0.144483928467379
-0.0270626104468407 -0.0890138266558464 0.00289188067115489 -0.171651036221124
0.0142635835033815 -0.109685030458203 0.110296082664281 -0.1681133096128
0.0856922667509203 -0.0930627123214218 0.227790269976791 -0.0862408848929045
0.147040483578909 -0.0144654692183862 0.219097746367838 0.110332907531516
0.0776471550032397 0.139801180533617 0.0643809152407994 0.171069236622254
-0.0796022916926326 0.138938225178621 -0.079635870487221 0.0354426004799622
-0.135145773353102 0.0489084654233217 0.124357312191238 -0.172685855841779
0.0620269111606891 0.0578429885622426 -0.162864020646111 0.223119902797798
0.067661150797651 -0.0519005314275534 0.130345570591273 0.0397651392437451
-0.011442400431509 -0.0726768146800466 -0.0211687477205545 -0.202250555221879
-0.0625192521350376 -0.00595313906168368 -0.241541850980218 -0.153415249379837
-0.0270954186492362 0.0331655274284831 -0.288853986951202 0.0834755884407011
-0.00494021599655749 0.0307122831764735 -0.139862613802657 0.226979636455961
0.00526262522897051 0.0347094077446131 -0.0046844351691488 0.22425872377683
0.00465838644320051 0.0192974314968259 0.0651897063293605 0.190055650080768
-0.0136168408871384 0.0147008590497798 0.100118766178157 0.19177130518017
-0.0241361173709046 -0.00697185717209761 0.0682257876159362 0.219674522117329
-0.00676513953465122 -0.0193613147016002 -0.027526947395897 0.233551839485076
0.00901406537670971 -0.0322029485161603 -0.142580761463562 0.189148275649426
0.0636306894574858 -0.000925041594886822 -0.271257603221156 0.129142469137529
0.0728880712783802 0.0662657562292719 -0.342267228081657 0.103033102640239
0.00229182230767478 0.104491697255424 -0.343354849141064 0.249666569906192
-0.015449390192693 0.155588727686288 -0.1863765562222 0.191504800376202
0.0701311109985059 0.0717096118749498 0.128755414548439 0.0424927321216641
0.0599697705308445 -0.00565916346574347 -0.00106300405447859 -0.214489802469042
0.0263753827678234 -0.0283834804722092 -0.238726038361364 -0.18592126629319
0.0288539520026817 -0.0277390909112868 -0.304179874111293 0.0649272499093601
0.00961378153052973 -0.0467072856210193 -0.159409346230018 0.217665744894564
-0.0179945994295199 -0.0362689685764337 -0.0215299109535105 0.218905675053385
-0.0189761277861553 -0.0478320029628326 0.0564002110933989 0.183133644594639
-0.0274423383325909 -0.0590925348849711 0.0999259105596613 0.175324110959959
0.00976515826378717 -0.0937312834365982 0.0926781569631921 0.200770011154547
0.080288796565283 -0.0684792566884334 0.0172105621864122 0.231800892056388
0.11250044310578 -0.0130310463006483 -0.093755586187492 0.219417715203937
0.10991179227718 0.108404610482376 -0.231840033972074 0.165400647952169
0.0179229253624673 0.207201711813842 -0.297953591777607 0.119024866401115
-0.098607935473784 0.215839427838845 -0.295575914620092 0.222188373926484
-0.110273898711407 0.227965889015425 -0.170318637091909 0.128579282582597
0.0348209619367442 0.203770955411748 0.14685636338559 0.029688503611346
0.11559020848805 0.0947201375115321 0.0416592809139304 -0.231998628648656
0.129616074469148 -0.0250049074737405 -0.212853112813071 -0.23141262451599
0.0998844898906922 -0.0826023909684594 -0.301439896994326 0.0230723246837371
0.0364942801086651 -0.124475080797524 -0.174055475969913 0.176199596254801
-0.0340190137603187 -0.108396381442347 -0.0439739149544998 0.180337163944865
-0.0400102481862024 -0.107932792222138 0.0394368688097266 0.150349278225963
-0.0438750829238715 -0.117282198544267 0.092444074006223 0.131609669869313
0.0224729844044183 -0.164976851421756 0.120707040637598 0.150157582398286
0.13543909793838 -0.126827951768416 0.0840439655513097 0.200062153490821
0.198875076138914 -0.0359894476317837 -0.0121009090455916 0.240274440803183
0.181741028163541 0.171841135149059 -0.16571615613504 0.208563820458829
0.00971410642992027 0.315269679474809 -0.24453779137953 0.128978281295359
-0.160228573816592 0.305245320941044 -0.22042058626747 0.165184704397947
-0.203268174365826 0.261049067036478 -0.106837635580682 0.0396637350627302
-0.0338221563450063 0.313634616609418 0.182100841175661 -0.000328043252327907
0.135316601752267 0.209698294933184 0.104701155448286 -0.241089612286857
0.223740398854987 0.0122123585835735 -0.148850377755536 -0.269999987504977
0.173593928066832 -0.116229389184771 -0.26486601322659 -0.0399189756014931
0.070495123948237 -0.184012911928095 -0.172898876688639 0.103289125370759
-0.0394126063131956 -0.16865696614337 -0.0655575702894963 0.114757593933244
-0.056639499482502 -0.152867037051228 0.0179488584944965 0.0957823555916334
-0.0586948262641675 -0.15345661403756 0.0769409162144971 0.0694011251979009
0.0197834812125729 -0.209216467373398 0.136575925758519 0.0794017346880752
0.15617216533973 -0.17596018419829 0.145546512780823 0.137065414055137
0.248582025967679 -0.0781780752056067 0.0769618822911894 0.228823455246765
0.243331347128397 0.187752302698914 -0.0849267502269236 0.228912636488883
0.0264420614510664 0.368981998186849 -0.19322879329217 0.121285643239793
-0.185226499433354 0.353650720764359 -0.137264662530707 0.0823386856610941
-0.26578871016834 0.245653507300144 -0.000384132726421154 -0.0593589664239983
-0.117214199092409 0.36137278654924 0.228687868403007 -0.0420217928050406
0.107079217294109 0.296725238269823 0.175503894277906 -0.229148625377786
0.269281571655428 0.0689728805228366 -0.0544445724591268 -0.28272071548306
0.222854253153534 -0.116714890001335 -0.187207564424644 -0.107929867003612
0.100697978876848 -0.210192190328975 -0.151552982332951 0.00890054010178613
-0.0355586234051629 -0.202074524489691 -0.0813906253134955 0.0297542055122775
-0.0653091507066437 -0.17570642647126 -0.00613691070506949 0.0278843435832226
-0.0672088751781926 -0.166189433429879 0.0545427750900013 -0.000643568714643021
0.0120013589456142 -0.220304157296469 0.136018089191286 0.00213574060950099
0.152995018211357 -0.19591720032951 0.183886103483662 0.061429992217457
0.257443813088814 -0.102510861816005 0.14598744355275 0.192026271272355
0.259877747784653 0.179431569025695 -0.0149335358401935 0.221099553945115
0.0289361431526601 0.364058960713187 -0.151954780721633 0.0995597430105707
-0.187387353740935 0.343463052280183 -0.0596046820056453 -0.0107156741690227
-0.272046851746267 0.185628681629611 0.126386375997565 -0.150134253318685
-0.176683002303498 0.322269416359705 0.277488672811101 -0.0825130572225253
0.0469059017593795 0.308625251664738 0.233909054506793 -0.196578310148704
0.247759132126453 0.10942935976266 0.0433585377718481 -0.258619594463311
0.224075881684057 -0.0913027949569694 -0.0902212254585834 -0.159575889846506
0.110095149996038 -0.19289076202223 -0.11379818789664 -0.0865340289933692
-0.0254550607781925 -0.198652808296573 -0.0900450787719764 -0.0577383475602313
-0.062550019214491 -0.171822784939104 -0.0293040619738772 -0.0414361371516097
-0.0649622710559971 -0.158558731835354 0.0311530308396389 -0.0694843168045695
0.0091816171101791 -0.202949202717813 0.124813781079534 -0.0684291985650809
0.138087884276269 -0.182905231053006 0.201727020687746 -0.00628368407101659
0.237368610880522 -0.0926155874042453 0.186186292500531 0.152192274650413
0.226301488730957 0.170124011922214 0.0307590011737238 0.198385993212093
0.00203100976376612 0.314438071597415 -0.122346207414185 0.0718426585134472
-0.182685116601614 0.278012075787362 0.0101910297322951 -0.0926683389831255
-0.217513426430433 0.095333822211439 0.24148387016114 -0.219989542852177
-0.178319660674095 0.213731277505544 0.311307853237287 -0.111408482361842
-0.00716103041772842 0.240495907072438 0.26820961737313 -0.158741124617793
0.174855622957357 0.108517307640332 0.115358785576615 -0.217595233624143
0.174858528198182 -0.0561794204625079 -0.00443036885188698 -0.190415121418788
0.0939586977104255 -0.142365855527188 -0.0784451811706405 -0.163650811635755
-0.0132229977908979 -0.158402021930502 -0.0948105458939459 -0.130212581357208
-0.0482395018925898 -0.141113777238106 -0.0486794331632763 -0.101531168805485
-0.0500348151528916 -0.13175977047576 0.0124939259938088 -0.127678405041617
0.011979708469267 -0.163664277067215 0.113646183101147 -0.126382809226801
0.115997849384758 -0.144258812410207 0.213559486765127 -0.0555735364912748
0.198817329423288 -0.0568249039630886 0.206594277250925 0.123358663070165
0.158070259147111 0.16068580363359 0.0534608807688807 0.178781657329533
-0.0419090113888917 0.237554309070888 -0.0983847261031132 0.0482497377497614
-0.167803895833945 0.172938199763586 0.0711277674590737 -0.147769852524684
-0.121333931566534 -0.00778911470457466 0.312977748952322 -0.261551012162447
-0.132333877917452 0.0734687945372736 0.317215623075784 -0.128798569304299
-0.0364919975824716 0.125665996988199 0.278763433159346 -0.135184239449574
0.0802096060109258 0.0719421482960534 0.151570687156291 -0.188612584325142
0.0930618476064911 -0.0208981943140826 0.0410994380866387 -0.207491053626396
0.0580959435119118 -0.0694697841509459 -0.0601098973839218 -0.208949738063891
-0.000856686717620523 -0.0919218615702223 -0.0971720216949162 -0.175989095202778
-0.026306636819813 -0.0899683581744922 -0.060439752192211 -0.143784384002637
-0.0270869122017175 -0.0883640471757356 0.00330515171688599 -0.169895001539005
0.014692251252199 -0.109370294985761 0.111046710853262 -0.166770057519584
0.0850504542800723 -0.0920986528323249 0.226936912276356 -0.0845471153942906
0.144760614510974 -0.0134308709863241 0.218623988055856 0.109600300113106
0.0770297609506356 0.138994580520458 0.061950629912769 0.17058466694788
-0.0809283735348573 0.138119357802048 -0.0808800372409736 0.0359141583289644
-0.135426201571775 0.0475407951101719 0.12283336805312 -0.169046650626051
0.0854939790505589 0.0146095525689294 0.0100094529448331 0.273684626701547
0.0244951847359112 -0.0805807702751083 0.13201226541855 -0.0528492227512294
-0.0526127754566912 -0.0528087816824084 -0.140678318989017 -0.154402666715175
-0.0548133049616399 0.0328125885349874 -0.292224791504572 0.0246983256635657
-0.00209600595988256 0.0434310473976905 -0.181858023703738 0.244718506495956
0.0147109220929761 0.0270552801169502 0.0261929322184874 0.268068727002161
0.0259078583486155 0.0230129078157996 0.136056556239299 0.182688362507864
0.0153416146322236 0.0122258715077983 0.168510539086105 0.111385048615484
-0.000678914559525512 0.0204259222442216 0.200347079630828 0.0905410977248027
-0.0231109917972919 0.00914779372799377 0.191991686363588 0.136175413089127
-0.0159876491915417 -0.0105037309872402 0.122342316248423 0.20624333904046
-0.010354181017265 -0.0299973548403514 -0.00225245350260665 0.242339863985151
0.0530410919106752 -0.0380413457617939 -0.14157906562541 0.274794696147835
0.0986293060083709 0.012522231836753 -0.213946542323239 0.302146050081029
0.0632046084892567 0.0918632455287413 -0.129854151434232 0.418593939048833
0.0750669814561529 0.140197115131572 -0.0220316489414438 0.267509916840407
0.0965302356214867 0.0162698788980679 0.136748708502596 -0.047112022616404
0.0433634344600916 -0.0402221918701238 -0.126822945149532 -0.177225007679052
0.00256514571939684 -0.0355729266253155 -0.309343442270649 -0.00836231305814963
0.00733434353508015 -0.0384839023110616 -0.206169353091073 0.236045135676304
-0.0198068794398664 -0.0430333929834982 0.00405925324841778 0.269793926903507
-0.034830953878396 -0.0189856512575422 0.117652537180661 0.189006298149221
-0.0451244093273884 -0.0268581508449695 0.158172243650803 0.111719935699189
-0.0577363554119947 -0.0312803857377308 0.191899109902889 0.0774763888391238
-0.0498816451040101 -0.0829929211609489 0.20099366516205 0.104881685036923
0.0244984705368388 -0.105764875109447 0.157355340751096 0.176897315454476
0.0869968769774865 -0.077675008721456 0.0555642720452324 0.236325536365365
0.162100518029122 0.0251025213816678 -0.0884859291806273 0.278537221442796
0.14386403381112 0.164061086630539 -0.172171633920393 0.286053242342306
0.0488576677412068 0.248793619279023 -0.106921301888839 0.359946212580817
0.03587725872708 0.253834885629246 -0.0410003774516523 0.212380481922301
0.144061524944508 0.141039870051059 0.146710571570276 -0.0635087017515532
0.14653776581834 0.00926947267655806 -0.0957981210011463 -0.218262143936734
0.0871387136725159 -0.0916124042216509 -0.31242540252386 -0.0651690565435415
0.0317781417242507 -0.123454381084986 -0.230290971196984 0.197776577815768
-0.0438985146436138 -0.120548221954703 -0.033575342848191 0.243728004824115
-0.0905907987945817 -0.0658952748935112 0.0750336281858485 0.172824717096309
-0.0989162742883077 -0.0624925706484763 0.124876577363113 0.0962054778845496
-0.10701761945688 -0.0685352826835146 0.159299292776106 0.0468970706368464
-0.0841623449429992 -0.148507307524969 0.192362690472789 0.047021626549743
0.0324951245532921 -0.189032094380229 0.191220015261005 0.109502231265355
0.144029109029061 -0.150470460324143 0.136250576613638 0.2022817293107
0.264121066857684 0.0326119419027814 -0.00903596694597324 0.271384287167447
0.207181243450924 0.258930604890552 -0.127110762033186 0.260639350755599
0.0550528402357214 0.361400617631666 -0.0841984549733205 0.261468664936495
-0.0228320776225198 0.333258403407373 -0.0410617505292929 0.107534582398991
0.151749801117398 0.268200342839292 0.158504995031825 -0.102905083239993
0.229700704092988 0.0907927713674436 -0.043857797080833 -0.260894891500828
0.182136907104256 -0.115971699423248 -0.279708279621658 -0.138975002297292
0.0707919741820934 -0.193566378454176 -0.238041590161874 0.121071699470173
-0.0528530142041841 -0.189365801655285 -0.0773082138274907 0.182672961912223
-0.131332639517083 -0.110355911068204 0.0149028945773588 0.133224199173749
-0.13991797172733 -0.0880243157051782 0.0743155433811329 0.0649832638822963
-0.141611413209906 -0.088512972470538 0.108914929217413 0.00701805388567648
-0.113635532013789 -0.182836308905839 0.161951251764147 -0.0213386453129837
0.0185075422577619 -0.243419785758531 0.200826095073403 0.0211215679265042
0.159419124715144 -0.216066517685 0.201791862298913 0.137961460009917
0.326555134213013 0.00585195374896364 0.0689186231873336 0.237643881335662
0.256692873089793 0.292513601827346 -0.0915467141051712 0.223654032376064
0.0658602309554033 0.414814045384422 -0.0701454266923268 0.138867131943038
-0.0836769672616385 0.354762585737922 -0.0151191159251845 -0.0331199195114366
0.112365976994872 0.353528270219845 0.170014086320985 -0.160554568905504
0.257625528698877 0.176625291725957 0.0231488306522108 -0.290155219255338
0.2525685822499 -0.0976933126832956 -0.205954727052694 -0.207320207330981
0.110024561137149 -0.222999116766272 -0.215495914383837 0.0188389425066804
-0.0445164231729531 -0.227303406465949 -0.117381984336002 0.0929362906804348
-0.148447043133669 -0.138254926819772 -0.051771568845418 0.0755546701602542
-0.160182994554257 -0.101106368643709 0.0132494393918708 0.0259140454579624
-0.156866925610878 -0.0939207903083905 0.0474811761418126 -0.0353680894097493
-0.127472528932963 -0.187290796026929 0.113867308676627 -0.0839378821805978
0.00303009305311354 -0.25765821088596 0.184886499649834 -0.0632508527845478
0.151230101037949 -0.242168486339613 0.236237814881619 0.0657661413006837
0.33646574394399 -0.0130297685092268 0.119819198291813 0.187252720448034
0.255046582303922 0.28595574739163 -0.0721520423000036 0.179964463775637
0.0584756471319487 0.408206305348265 -0.0650459398855244 0.014104498116704
-0.122288319977859 0.306760369058811 0.0264786223203501 -0.181924826932563
0.0422121283754017 0.355580399947011 0.180875349048738 -0.220146156515012
0.2170855645121 0.22137168581052 0.0899175836188898 -0.295891187302521
0.258395050955786 -0.0535822414966174 -0.110545513309956 -0.245332256140329
0.126625212464457 -0.203133466213926 -0.167482339547391 -0.0823237828143693
-0.0265983141413317 -0.220057451259163 -0.145469892932105 -0.00567277608492586
-0.138644127794372 -0.140517131790944 -0.113522126258917 0.0110497505696869
-0.155964859102312 -0.0995088788717644 -0.0479706823916872 -0.01567968840959
-0.149873451047167 -0.0891381585881559 -0.0145338732813245 -0.0757236550147836
-0.11852926154174 -0.171987320741876 0.0611145886099419 -0.134124950738431
-0.0011748325390973 -0.237205567895251 0.157123204815705 -0.128311988421545
0.140655493089668 -0.222222801131112 0.24379665614584 0.00828010802630753
0.302340871826161 0.00105146217663019 0.142780045146839 0.140737521428973
0.201149423401886 0.26170307947534 -0.0642308734932195 0.137357829260664
0.0226592864650509 0.34723036485914 -0.0584619272581734 -0.0937769210668853
-0.127674808361189 0.200658856346756 0.0713789875756114 -0.310440492479437
-0.0209421010024405 0.269987917230191 0.186992591552114 -0.266097784682908
0.134166006620024 0.197014576642585 0.136077043771289 -0.284526381812255
0.199618876693795 -0.0137729993585488 -0.0259789912871012 -0.25321633442329
0.106448788127282 -0.14642914419982 -0.117752213405639 -0.15698228887598
-0.00965688960908896 -0.169524418285594 -0.163930341875086 -0.0874265727751972
-0.10551714495249 -0.116189833197219 -0.161516212187126 -0.0448216627218355
-0.126332600099754 -0.0837067605784634 -0.100484971696231 -0.0516604432783542
-0.122637477938997 -0.076656641389944 -0.0658141965348586 -0.110748923823726
-0.0930423522611239 -0.141219738161785 0.0167182968943486 -0.173040604683171
0.00516502572196396 -0.192195967192276 0.135965745151209 -0.175269738720843
0.13096008500157 -0.169516629145207 0.242247161721957 -0.0282231772973034
0.238914549724696 0.0351943924151759 0.149612131354278 0.109950317990249
0.115135194900283 0.224836155618998 -0.057213985191213 0.102420359758425
-0.031540861508122 0.249191038455882 -0.0392709508458199 -0.174404990817544
-0.105118291151952 0.0603972317747952 0.0974584926118565 -0.392293188794887
-0.0640375862500113 0.131746663446625 0.17777734058048 -0.289627463808062
0.043939213499359 0.120495194045672 0.152097387813364 -0.272127164000224
0.104575602777565 0.00993592017268677 0.0175856020827124 -0.248336692614589
0.0616520657002447 -0.0706496938787142 -0.0909004352910252 -0.196137304222101
0.00513194503483812 -0.0905452674859007 -0.177144929121752 -0.132563454942599
-0.05599659114605 -0.0709528861804115 -0.190383670369234 -0.0796073705482837
-0.0767609887032251 -0.0560460281208635 -0.13555482569277 -0.0779367268552832
-0.0774224607750296 -0.0562052268332367 -0.0999349466607912 -0.138900654750199
-0.0565040056138809 -0.0987544212571266 -0.0109903581728127 -0.203843784513758
0.0127304763811275 -0.129885291000275 0.129154535448361 -0.207380387197977
0.113195611040489 -0.101028933307821 0.244681532044121 -0.0455161134382784
0.156478920360648 0.0692512329308478 0.152752253130387 0.0978675461618775
0.0192040167194665 0.167572194378806 -0.0473925829174157 0.0802785032131696
-0.0825058407158557 0.123685827356405 -0.00704282629437494 -0.220433865182455
0.0890025617088618 0.0116804345323756 0.019881547834506 0.28032849281553
0.021416862636834 -0.0838818348451996 0.136807924155582 -0.062241489462312
-0.0565093950923053 -0.0522065923983875 -0.148030236018374 -0.155127735817593
-0.0551838699651502 0.0358141502936854 -0.298134624560836 0.0354304230674705
-0.00102781180993953 0.0451475080441699 -0.179091134014852 0.259005989603243
0.0159974680462066 0.0276300540132482 0.0364000155693757 0.272595905532051
0.0277139908433405 0.0223159672667577 0.145743052341687 0.179688571271836
0.0151215322172276 0.0117598651874885 0.176838957214494 0.106313311771569
-0.000253452131755364 0.0202439609651195 0.208646887107187 0.0823148021311949
-0.0235961172418697 0.0102224806456868 0.20311146974223 0.131500057444527
-0.0165414636814276 -0.0101738396567528 0.133586111418236 0.208496076900527
-0.0117741154783468 -0.02974679207818 0.0017916539550526 0.249204645748883
0.0532984761353162 -0.0414331810795568 -0.140557955693684 0.287902602728327
0.100086259758911 0.00909550458315075 -0.211118188379803 0.313850395352979
0.0674087274114971 0.0945911064752251 -0.120861373110087 0.429848912833489
0.0816097584583505 0.141301368261277 -0.012552166346327 0.274808478964441
0.0982639528964077 0.0123958099312959 0.141444294994919 -0.0556819268009298
0.0424606739574486 -0.0417906855945494 -0.133179358923339 -0.179612438419727
0.000944798208779572 -0.0357707692469012 -0.317022758199338 0.00166949749223464
0.00513893341898051 -0.0390932862870418 -0.204657297352506 0.250545460020803
-0.0220244544618186 -0.0429596773296763 0.0129755489007684 0.275773596188023
-0.0359084799852967 -0.0178832003243533 0.126239709867358 0.187394535255414
-0.0475203762299627 -0.0259554112873112 0.166269632169312 0.106295700937838
-0.059842268766131 -0.0295423725907631 0.199970531721441 0.0691727726170131
-0.0547540581819012 -0.0822871850222273 0.211083719683014 0.0995110726481432
0.0201526193772994 -0.109425262630119 0.169382551078746 0.176078690207282
0.0853517171472765 -0.0818655933864256 0.0627160090246515 0.239281366318191
0.166778099701185 0.0196962382016167 -0.0852944025911187 0.289489435504449
0.151734797999524 0.16299443382003 -0.16842762028293 0.296513752341152
0.0548747230845412 0.255263224672476 -0.098768202332729 0.370691415033022
0.0440702825631316 0.260287956642739 -0.0352257532707482 0.218308264261295
0.151915869777793 0.138940072854868 0.151071727606267 -0.0720536189234628
0.15006530647781 0.00525605582706203 -0.102179731517848 -0.221706688256503
0.0850611007078736 -0.0954964347021652 -0.32141341474447 -0.0568046261581043
0.0273610937909864 -0.127928853507255 -0.230348487765149 0.210250473683109
-0.0512105921545165 -0.121311580243595 -0.0266027582462626 0.250520483320439
-0.0946985101224003 -0.063369623791389 0.0827863665302686 0.174162324797389
-0.104277763680331 -0.0595656089928101 0.131889464604441 0.0914178993844698
-0.111984889191514 -0.0652527672226053 0.166944167655608 0.0396279293600173
-0.0920634358083967 -0.148564693600729 0.199637843774509 0.038521649105598
0.0243848026525942 -0.195210461315795 0.201938252936644 0.106076812778708
0.141278874071713 -0.15828277285311 0.144074843209934 0.201859206059342
0.272211199454697 0.0233687176299822 -0.00350441811359466 0.27958942680237
0.221253244321607 0.257681518611604 -0.123218853711512 0.270053607175343
0.0644259160396355 0.369471268937266 -0.0781046665398138 0.269466724211483
-0.0137152373064909 0.343737097094288 -0.0379718711773822 0.1108631022976
0.164169061657272 0.269743066092209 0.160723027532119 -0.113063444526174
0.238472681140366 0.0866862808201754 -0.049601105880696 -0.267241533821597
0.182273040196473 -0.123570070971022 -0.291068960875762 -0.134411366671454
0.0647946268493181 -0.200916155262851 -0.240803616973041 0.131227154816301
-0.0623456731438953 -0.191433945825032 -0.0744354097705203 0.189949149737905
-0.137957584081871 -0.105715388649539 0.0201608316590866 0.137254916664882
-0.146807524632329 -0.0840883961343493 0.078640981219274 0.0629868955498624
-0.147984868724665 -0.0841738523243612 0.114552456677318 0.00142407026307827
-0.123901355286355 -0.182628201103081 0.165281937631152 -0.030376136793027
0.00798428916870521 -0.250171622940025 0.208627634043468 0.0143763275011399
0.153958426299914 -0.226029637176989 0.211369279611011 0.133451274797677
0.33566245058411 -0.00588699066570179 0.074575961830021 0.242804139446888
0.272141945775534 0.291298043647138 -0.0883885691336299 0.231340348474761
0.076311410498441 0.425340794187922 -0.0661997600372218 0.144842458524741
-0.0752391572851143 0.367814736560734 -0.0167371756295938 -0.0344857996785288
0.126157954556151 0.357647244050413 0.170659392696698 -0.171521886250316
0.270238478823769 0.173708916772935 0.0189078768643374 -0.298916712926655
0.254662724626173 -0.108517532670211 -0.216389775387858 -0.206571323101818
0.104518159354504 -0.232946037086801 -0.220775847910417 0.0243003891891812
-0.0547149788986216 -0.231043447173455 -0.118583917169739 0.0995391165906299
-0.156243401083676 -0.134156749896281 -0.0505630445382066 0.0807458902936015
-0.167681739910386 -0.0961654715704265 0.0144793346118371 0.0249794523822017
-0.16295792509401 -0.0885988734336107 0.0494317743573484 -0.0391273178136326
-0.137265052110108 -0.186577441623702 0.113251777403613 -0.0923874736929124
-0.00812437554691034 -0.26412022987186 0.188609607595953 -0.0709855913231678
0.144994442329532 -0.252194340942943 0.243578809966837 0.0579588128770329
0.343913270761765 -0.0252885913469983 0.125972155582245 0.189500244628268
0.271095691409866 0.284982770404282 -0.0702644697936785 0.186625660885878
0.0696897944635313 0.415673227481903 -0.0656384122917342 0.0182399249187693
-0.117013047814278 0.320489009706394 0.0227396144220586 -0.18862512873248
0.0549452052385605 0.361648732000756 0.18007739662425 -0.23219419514053
0.229051151146942 0.219465771938703 0.0869304200968752 -0.305682080157938
0.263241182488941 -0.0632911412891165 -0.118278730156248 -0.249078194338143
0.121292942750323 -0.213441074535639 -0.174787024323213 -0.0819900215534496
-0.0359930522472853 -0.224895309620558 -0.151632191556707 -0.000252214105500617
-0.146687625296039 -0.137215981969576 -0.115700225493931 0.0184874022162789
-0.163167484177474 -0.0944778655226544 -0.0494669990098948 -0.0139303362320032
-0.156121085793179 -0.0849165977134442 -0.0154609993609705 -0.0776221831455113
-0.127820383315728 -0.170448705711529 0.0575650013391794 -0.141352477549391
-0.0111456984490844 -0.242708356911142 0.158289019095666 -0.13621318287666
0.133535248063772 -0.230224475827654 0.250307515239681 -0.00157608840616812
0.308688589675466 -0.0107435266467759 0.149145604926314 0.140814569478942
0.214926288486762 0.261635845427018 -0.0631947270668725 0.14308679883462
0.0309950724881547 0.354905094499616 -0.0619036132663577 -0.0922957489724001
-0.125528525864767 0.211405092039334 0.0636043066205737 -0.32077870745731
-0.013215391976353 0.276909744844336 0.184533548766829 -0.278011532624202
0.143804756364498 0.197058237399995 0.133527131899852 -0.295456292023967
0.20392678285104 -0.020939468981717 -0.032414693835763 -0.260421784443036
0.102979366134478 -0.154653243165573 -0.124907847517882 -0.160295176429094
-0.0165244936264353 -0.174134785048389 -0.17273049586365 -0.0825663350253891
-0.111883671515335 -0.114026365057892 -0.166976591505027 -0.0363286742913549
-0.132114949920494 -0.0795768540544881 -0.104146239682575 -0.0483993170293251
-0.127235112946352 -0.072869071600213 -0.0697751208142213 -0.111181570278319
-0.0999754455039194 -0.14052025952602 0.0106969634248437 -0.179140032726582
-0.00212987690373386 -0.195942726339854 0.1340746427858 -0.183517630611257
0.126850446475988 -0.175935311202981 0.247478038664346 -0.0386367687382807
0.245045488061962 0.0272550346782046 0.155027668381091 0.108852548587209
0.125110847206255 0.226389059816382 -0.0565597268542887 0.107090251132336
-0.0263590471177064 0.256043151616642 -0.0458156087793275 -0.175026861105342
-0.107272205927437 0.0658653696117293 0.0879999047584516 -0.404934554538381
-0.0617740191547922 0.136630950993384 0.174311507369484 -0.29941134659111
0.0488674734373223 0.120987444871478 0.150610571682027 -0.283645808186738
0.106883654290567 0.00597195666502359 0.0140047395595294 -0.25615932363811
0.0597036790642992 -0.0754057213911213 -0.0990570276139432 -0.20133964666195
0.00145906509470861 -0.0934097728417644 -0.187224223028034 -0.128566102894168
-0.0600296051847841 -0.0706941378017423 -0.19869273348889 -0.0713295875519352
-0.0804899769268164 -0.0538040839582206 -0.141570637625088 -0.074070862659863
-0.0807919902653335 -0.054275354464885 -0.106228595788731 -0.138690187936918
-0.0619584267041671 -0.0984372550759402 -0.0177327306632887 -0.20862972215238
0.00873505837857937 -0.132386464221487 0.125946750567578 -0.216342928392035
0.111508018016756 -0.106621933685285 0.249439819268389 -0.0558686695368645
0.161969704553399 0.0653933866885085 0.158229152346119 0.0954268274013673
0.0247726211241413 0.171381664902119 -0.047137757224811 0.0844624650813191
-0.0807651782522266 0.12916852628935 -0.0138890303784048 -0.222205599847338
0.0910949955886778 0.00661414036369428 0.0379803417845167 0.281795737823678
0.0161644293544622 -0.0855334307045996 0.136171160187545 -0.0742669736703437
-0.060149011480027 -0.0495234496846815 -0.156759451439711 -0.149943595871729
-0.0534926855580022 0.0399660875413672 -0.298215572313086 0.0520420270631863
0.00165112395486785 0.0461718430803378 -0.166757151173938 0.273612181531044
0.0177042307598215 0.0270024395074181 0.0518408136430158 0.272309842221233
0.0289076383738163 0.0197358674673653 0.15595512204893 0.169230009866249
0.0155981959805009 0.0108507984241456 0.184462527385362 0.0956688386688721
0.00100886897616292 0.0203376773208884 0.215625035622449 0.0679281359661859
-0.0226742707632101 0.0119838255590472 0.21449665081637 0.120696870531025
-0.0175074248963608 -0.00982171075201492 0.146952868421088 0.203168879488208
-0.0134670145825989 -0.0292289581087093 0.0112813196251824 0.252354894904529
0.0513365747120932 -0.0459437017874116 -0.128217773836349 0.300030235497635
0.0999302880729232 0.00316259661852675 -0.197035116166497 0.326028857231209
0.0727638366804225 0.0944024656912822 -0.101347613674941 0.435772320506574
0.0902760636622287 0.138940306070044 0.00394912489664895 0.277404768026709
0.0997733201633866 0.00707709007519736 0.141894345653253 -0.0675174055948465
0.0403166089243575 -0.0445572713633918 -0.142083801272894 -0.175178413889676
-0.00164070276839244 -0.0344747511728164 -0.31967909686798 0.0197954551511822
0.00233641987590678 -0.0385277799036451 -0.192992024276191 0.265794710266078
-0.0252556393831715 -0.0413973119844054 0.0282498893754461 0.276472586996166
-0.0372061236041175 -0.0158728995505953 0.138693615620093 0.179878431626233
-0.0498913538267775 -0.0228893815492621 0.173510960353222 0.0965309320753342
-0.0619363593357382 -0.0258689040580256 0.206253021641039 0.055063529096755
-0.0607412661251219 -0.0796115838926295 0.219807919466818 0.0863364971338887
0.0133979722458029 -0.111881352445689 0.182587602969353 0.169095766559906
0.0807039669121267 -0.0868629763672082 0.0733489666053576 0.238826240777954
0.169407726256022 0.00961130320562943 -0.0728987293465119 0.299146871910177
0.161499002822135 0.155258655067214 -0.155676939259524 0.306594686856813
0.0665163002689815 0.257316994374352 -0.0817023757625844 0.376765091825906
0.0578560396320505 0.261962377535283 -0.0225556331250023 0.221675528724587
0.159907975388153 0.131223753390562 0.150237639548206 -0.0845486924516325
0.151381161536177 -0.00215444008547384 -0.111930293065291 -0.219572117322904
0.0797024863651422 -0.0999962271574042 -0.327853391828601 -0.0399818982197912
0.0192798809599884 -0.130134617428686 -0.221768373971696 0.225475656154874
-0.0590706314638803 -0.11864465378194 -0.0132398296589265 0.254081858399455
-0.0982077600645749 -0.0575640324503282 0.0935478938009408 0.170245273120606
-0.109304756936036 -0.0527120757873898 0.138370892629898 0.0829383007717166
-0.116216561871223 -0.0581786099624259 0.171922059197552 0.0271274291874082
-0.102657684144647 -0.144136046290092 0.204919480875173 0.0260300015231088
0.012337183961135 -0.198547521827355 0.212469275880242 0.0958901861470109
0.132447272342484 -0.166516172336935 0.154908212798388 0.19537636053362
0.275380394423136 0.00798412538161308 0.0087946608182616 0.285417169266867
0.237491994666616 0.247467971852309 -0.111784304381883 0.27813928045618
0.0817417373026902 0.373145891308524 -0.0643198666753834 0.274551939147011
0.00310525313972946 0.350956034069713 -0.0320881706675208 0.113128458923289
0.181031365720384 0.262006788885717 0.158218734358635 -0.124782959800776
0.245562140010816 0.0751408729119231 -0.0604781831250386 -0.268464244998928
0.176025946191217 -0.13411150736552 -0.300307197110356 -0.119843220470645
0.0529797763454893 -0.205950064628689 -0.236558326486435 0.144844323564566
-0.0757489102495055 -0.189046800390263 -0.0655934903137692 0.195776488921731
-0.143861721723661 -0.0969968919752239 0.0289194211558995 0.137924331291356
-0.152600583213472 -0.0750300251734631 0.0825225640455046 0.0573761961418433
-0.153119587481277 -0.0743334659605363 0.116142919110554 -0.00807690513824727
-0.13644582863801 -0.175959775369336 0.16496945992167 -0.0425163788521185
-0.0082278230927679 -0.252458367935312 0.214528370710765 0.00319362750135067
0.141018597597409 -0.235286689420399 0.219567059410732 0.121595112185562
0.337868085094505 -0.0264335864854256 0.0856602678038621 0.243143726173319
0.291640581471622 0.279116953065824 -0.0793597806293871 0.237334355546693
0.0973286329166043 0.42574846681872 -0.0598967385214775 0.150292116518724
-0.0577100622318289 0.376664685840196 -0.0191842087188512 -0.0347792254010768
0.14700487497552 0.353371732893708 0.163816015748873 -0.183832093354112
0.282449339022274 0.161163459577145 0.00730641087418465 -0.303904753493611
0.250502585142473 -0.122691621649366 -0.229371465719066 -0.197387368338717
0.0901373877165306 -0.241000012457314 -0.222158187327957 0.0341853760113842
-0.0700775541821879 -0.22959604601565 -0.116108775363579 0.107841521927907
-0.163738177503753 -0.123805995032954 -0.0452601337979108 0.0874778343709029
-0.174262017649066 -0.0855925883518329 0.0159729391482776 0.0241859756849018
-0.168717265736364 -0.0785023346731281 0.0493821382188856 -0.0443013035478464
-0.149745427667206 -0.179144223242142 0.108386066170407 -0.101899103989755
-0.0249557282327556 -0.264981507530641 0.188805781366893 -0.0822026685092242
0.1298108607439 -0.261103629469496 0.248332460551208 0.0427406410372609
0.34468243645599 -0.0467456078840595 0.135053213089774 0.186345485903349
0.290349525501069 0.270742156861607 -0.0637777669636193 0.191753546253067
0.0886303995458085 0.416862398325609 -0.0648470941651803 0.0234194079416339
-0.101951974214655 0.330642602867349 0.0125157332530333 -0.192324382189681
0.0763779513458717 0.361448242219491 0.170572432999436 -0.24398321549547
0.24327198908275 0.209845255587462 0.0747725815322496 -0.313950833316545
0.261117525959984 -0.0784267997353861 -0.131377385343108 -0.247020480893732
0.10931522053255 -0.222014348921754 -0.180637629603518 -0.0760032056590028
-0.0508404904122198 -0.225581129438029 -0.15438171890199 0.00931655724467409
-0.155009255161721 -0.127657285158105 -0.114884335496872 0.0287799386066311
-0.169572541190093 -0.0841165551809344 -0.0509601098231779 -0.0110928832399814
-0.160705939471643 -0.0747820061654881 -0.0185744801559327 -0.0784852059744706
-0.139118090541319 -0.163478169835908 0.0492002081187648 -0.147626582115965
-0.0256697886569882 -0.242687219926354 0.153116693103829 -0.146953965674436
0.120790568520453 -0.238456624455971 0.252661725099508 -0.0167020267436206
0.309847541291949 -0.0290674526966468 0.15501806524143 0.135300353395137
0.231854018733411 0.251960439394733 -0.0575879261900073 0.14743521481023
0.046611938824831 0.357782370803508 -0.066641271380252 -0.0880186970718344
-0.116012614018544 0.221502101282714 0.0476403181951053 -0.327711864320658
0.00154663620588398 0.279718144068607 0.1716316842728 -0.288962953390448
0.15532022248895 0.190828458725728 0.12192892474633 -0.30513226346432
0.203892727726843 -0.0331501869598553 -0.0444533688428427 -0.261623632145591
0.0942412453375147 -0.161897739152017 -0.134441078594841 -0.158367438907818
-0.0276385647515099 -0.17522742317613 -0.180669802600653 -0.0722747899769002
-0.118794601738887 -0.106995649810543 -0.169611564879746 -0.0234462897801042
-0.137617764723952 -0.0704082487908103 -0.107964778105919 -0.0422209688070965
-0.131336093126659 -0.0653184976515271 -0.0753474339569896 -0.108518675570994
-0.109042044871164 -0.135747487117242 0.000510760100797524 -0.182119982975452
-0.0136333414791301 -0.197339995660727 0.126848795113296 -0.192264857984056
0.116744997596235 -0.183280902780297 0.247944744162357 -0.0532618392075292
0.248323289965711 0.0130002933939718 0.160272288743852 0.102194783144623
0.138042576333966 0.221924131361562 -0.0526493426061842 0.112255776051817
-0.0148632751684389 0.259951431749187 -0.0550907853344219 -0.170909404553303
-0.104397102140603 0.0732390957526435 0.067176988552864 -0.413660977430837
-0.0546878673337772 0.140977302566079 0.160649571363433 -0.309296870074816
0.0557966089704504 0.118754724736569 0.139186275609862 -0.293875476650749
0.107028450009218 -0.000568537435487954 0.0033351762476913 -0.261276607561875
0.0544187432758181 -0.0796606061039778 -0.110952206869249 -0.200588587392683
-0.00412329435499046 -0.0954403225943724 -0.198098691438716 -0.11737233011065
-0.0638592045520697 -0.0671531533042864 -0.203146607752191 -0.0567598609682183
-0.0845255294405358 -0.0486126870296348 -0.146157588169377 -0.0656004241729581
-0.0835424952371576 -0.0491988263339202 -0.114250771093552 -0.13393096666374
-0.0681284566061876 -0.0957511792638418 -0.029225075677536 -0.209125606935258
0.00174382228953936 -0.13353785882794 0.116454988788709 -0.2244336854783
0.105896167543745 -0.112707466621835 0.247972065409757 -0.0706652211605555
0.166621131968316 0.056003720533475 0.163059011795314 0.089865152452485
0.0336171182626239 0.172214799659483 -0.0434105024202606 0.0886398844749511
-0.0757571570475929 0.134763776318153 -0.0270312810301094 -0.221162116286135
0.0900285937950828 0.0010745117340186 0.0566075994266458 0.274134257192501
0.0106901600032174 -0.0848963063106777 0.130702927102397 -0.085331406523497
-0.0616271882792847 -0.0458599070347281 -0.162145114991679 -0.140432940180287
-0.0496616636723521 0.0433954707308023 -0.290459094861292 0.0676288879881984
0.00478962986069748 0.0459486925348128 -0.148301779420655 0.280644632894069
0.0193942104452436 0.0257669897072297 0.0664245745614185 0.264482993988661
0.0295675333379417 0.0166448644498228 0.161999496075793 0.155290192031298
0.0154324715487196 0.00973645781753357 0.18676389839149 0.0811475223093458
0.00238866670299173 0.0193376804969538 0.215987435507126 0.0510623005675195
-0.0218753732861323 0.0125713782700748 0.220473217932363 0.104740436152953
-0.0182617746563061 -0.00891862012306535 0.157591733798697 0.19254008995354
-0.0141816716843622 -0.0278395830556502 0.0216948403944253 0.249515086406781
0.0472712001988795 -0.048668286640954 -0.111105707937751 0.305214779908407
0.0975640027518192 -0.00248638085014921 -0.177592582277648 0.329905437033628
0.0770288661778458 0.0914322928252239 -0.0786240462264085 0.434684223086608
0.0966383903549182 0.131963955881245 0.021361849475036 0.272156309936669
0.0981899483172124 0.00104414021835078 0.137223311509664 -0.078826783738172
0.0368860379513044 -0.0458700505512737 -0.147437106374781 -0.167453432514372
-0.00381774872541729 -0.0334110683262969 -0.313414077457543 0.0377323528147552
-0.000525068697103848 -0.0385202364943853 -0.174539473720727 0.273713328644008
-0.0275089115822561 -0.0385367206375799 0.0439525922627621 0.270758048371881
-0.0367905120974429 -0.0139313500535529 0.146741697154414 0.166502538697671
-0.0509866157226827 -0.0192920525231398 0.176776706166143 0.0823155253652519
-0.0622450734295087 -0.0212759745606945 0.207010931704678 0.0385029723027226
-0.0653576271125922 -0.073741998196201 0.222929540724631 0.0702221193824329
0.00558132875852365 -0.11091650423894 0.191138310905583 0.155520227049237
0.0743709715375084 -0.0898285471909179 0.082286367843303 0.231401223562801
0.167493275344525 -0.00128578145923122 -0.0568343088511284 0.302106980665789
0.167334526829353 0.144006487269339 -0.138029138013858 0.30817064102134
0.0786850255123611 0.252806704214322 -0.0612927463057435 0.373541332151683
0.0725469416596039 0.256032488205895 -0.00942331398531186 0.218692389114301
0.165656145254887 0.119598843951616 0.144446816621379 -0.0949207322482588
0.149172204779731 -0.00975373667673225 -0.119386293376983 -0.212920209840816
0.0722028897313924 -0.102158122259149 -0.325672013630211 -0.0210915738270316
0.0102204208112369 -0.128704277474532 -0.205607023949127 0.23547152773553
-0.0663629360032697 -0.112250108514887 0.00132000564870646 0.251014861452423
-0.0987444856615819 -0.0500884490777022 0.103354539835793 0.161044381385302
-0.110317153517262 -0.0448680254138422 0.140718868607266 0.0717641850048367
-0.116959961366205 -0.0492852095855811 0.171319427390754 0.0129159709584815
-0.110081632421372 -0.13486563663 0.203613940892589 0.0109119383852793
-0.00109184378950971 -0.196153170073282 0.217717116725865 0.0812954724908251
0.119694365543912 -0.171133020848831 0.161364237385857 0.183219343405956
0.271173789620149 -0.00932936197933521 0.0220893714448273 0.283037293547564
0.247852533493274 0.229994120264683 -0.0957681492668267 0.277910870831248
0.0982067983973669 0.365314691914823 -0.0488953943063379 0.273782269648068
0.0226929442056083 0.34733387504999 -0.025650554570708 0.1126362001948
0.194175209806376 0.246565046153663 0.149592616966183 -0.134459070204537
0.24602390245405 0.0606846348944818 -0.0710233772267344 -0.263640745290766
0.164931079201468 -0.142195802083098 -0.302920144047861 -0.101842957422472
0.0389028660378174 -0.20629129816632 -0.224862755044897 0.155716930139365
-0.0870581683072911 -0.181261006077583 -0.0533963492168941 0.198110167963797
-0.145720771991405 -0.0857293960768676 0.0376502740582908 0.135044721608563
-0.154793652831281 -0.0633616316564316 0.0843299926283862 0.0503232756171824
-0.153299923761663 -0.0631507362509735 0.114902476924948 -0.0186561646500373
-0.145262766265511 -0.163681411578041 0.159744770751197 -0.0534749116917611
-0.0243489679454237 -0.248045327668623 0.213662765091197 -0.0108251881931898
0.123428234300786 -0.238688477299664 0.220979346558253 0.106528469687152
0.330258702990561 -0.0462916601854905 0.0961564705133731 0.236759889542146
0.304107334104894 0.256897698915972 -0.0668849920583817 0.237502417801037
0.116442441893013 0.41741557851066 -0.0506259687914262 0.151349444502918
-0.0368497269994214 0.377088217042281 -0.0212609340733276 -0.0338026587442006
0.166298070258244 0.338646685183378 0.152089012914321 -0.190856957860222
0.287699525727753 0.142998652929982 -0.00492915324599772 -0.301528101149571
0.23884108571606 -0.135249730229538 -0.235859485668922 -0.182852370344102
0.073590576668773 -0.242633752821981 -0.21722066638923 0.0449043734708254
-0.0848693502466219 -0.221734651823974 -0.108811905206341 0.113715226998385
-0.167815587240571 -0.110881249411247 -0.0376156982836317 0.0905283889071949
-0.176461921401315 -0.0718859942818484 0.0169157661986404 0.0221286663403916
-0.168117271011339 -0.0652282896613143 0.0465857654831204 -0.0492712800052111
-0.158494779745954 -0.166285413664873 0.0996715128022991 -0.108578480143632
-0.0423671094669559 -0.259434131029484 0.183361319737004 -0.0933755386760989
0.111226615429266 -0.261915370014395 0.246833832182322 0.0264569500668896
0.336262504886396 -0.0663219649380124 0.140768066139625 0.178481300553986
0.30250710074715 0.250897147444859 -0.05378152657941 0.192393330987359
0.107011846084421 0.408896375457768 -0.0619838453181105 0.0273419975539581
-0.082178730054102 0.333481769379711 0.00130423071696418 -0.191346668103394
0.0954022270544319 0.351126849298564 0.154979083329309 -0.248815137048759
0.251936800387306 0.193163520869102 0.0607833749015112 -0.314651817679316
0.252456120501799 -0.0927829923015051 -0.141530147270272 -0.236476218563958
0.0925933153365957 -0.22506519942671 -0.182571929765873 -0.0671356538896802
-0.0657176334028457 -0.218622235810054 -0.153298375186369 0.0193704969007949
-0.158396129798473 -0.115487949231816 -0.109409124402417 0.0381060878612703
-0.170977907470111 -0.0708390547589823 -0.0505723140546226 -0.00781732892528243
-0.161154757994343 -0.062977853138437 -0.0224054188711886 -0.0781283046203096
-0.146773279894772 -0.152146424996554 0.0392545149027129 -0.14926416026973
-0.0408923988580053 -0.2376754867134 0.145363375861388 -0.154678847334655
0.103673820095007 -0.239480093252998 0.247197251024835 -0.0332085286000158
0.302657475280876 -0.04739413016702 0.158426506230605 0.125961576201809
0.242376707008365 0.234912767287351 -0.0507863433486229 0.149719273939431
0.0632307176455664 0.350789881666927 -0.0702598402199497 -0.0807419680140354
-0.102212191545162 0.226090495803387 0.0286688584628033 -0.326159405946441
0.0180267785397862 0.274617282679175 0.154497548044527 -0.292211233882675
0.164081865012308 0.178182177781632 0.106659897595188 -0.308476207898742
0.197969277048513 -0.0448368235483605 -0.0556389934957667 -0.257835774214279
0.081102262664041 -0.164652877145616 -0.141846325521132 -0.15137332741215
-0.0393656815577007 -0.171246629996833 -0.183567227684618 -0.0595564533825375
-0.1223025690734 -0.0968009652514794 -0.166980932321289 -0.00915360462439701
-0.139277848578631 -0.0597657469953217 -0.108307376225774 -0.0342157102077839
-0.131783113817365 -0.0557761328991468 -0.0797581349869911 -0.103651022057765
-0.115462581126985 -0.126285453755732 -0.0108893992385779 -0.17980422611269
-0.0255045838878232 -0.192772283052587 0.116061951080599 -0.197331621561665
0.102878020403239 -0.185231756232163 0.241174344764364 -0.068276524659627
0.243973820324596 -0.00227150839113358 0.161129195689748 0.0929511062604435
0.148208551262676 0.211191013697854 -0.047328766715124 0.114818886885368
-0.0022764762607154 0.258076917612155 -0.0637780849744694 -0.162878955205273
-0.0991841242069355 0.0782227977918943 0.0457531449880934 -0.412528790968545
-0.04579262053856 0.141538531883405 0.142409431069342 -0.310441401649688
0.0613258483603852 0.113317013187414 0.122804655663282 -0.296731308194351
0.104183474980435 -0.00706332281751356 -0.00919231726069869 -0.260150039667123
0.0474271775807124 -0.0810933373456721 -0.120836366802686 -0.195556091633536
-0.0108602707712644 -0.0942750000191145 -0.203504946986361 -0.102406079611902
-0.0661788943714927 -0.0620691393414365 -0.20257393546956 -0.0404207831710856
-0.0859293953285843 -0.0413921609956324 -0.147465341722075 -0.0550797534155253
-0.085322371686875 -0.043378412232683 -0.119817052165158 -0.124714468878582
-0.0729996485166809 -0.0898855197997416 -0.0408633708160656 -0.203962439288614
-0.00664666743196786 -0.131353781008535 0.102834019378513 -0.228051558371129
0.0969255250297296 -0.115870779691017 0.24122555339779 -0.0839562769030024
0.167043195773958 0.0453883947849033 0.163523722251278 0.0808813205976414
0.0420245893146533 0.169038567571449 -0.0390787968251083 0.0911915291254991
-0.0686884163509228 0.137017461264933 -0.0385929730214028 -0.213700535312438
0.0875989679552068 -0.00241761706324865 0.0670730849444159 0.262158299828223
0.00648003483723695 -0.0822873906565187 0.123395592739807 -0.0927941873192615
-0.0619835042709233 -0.0417259512415787 -0.161752027310215 -0.13206382178026
-0.0461662376846812 0.0447861838050657 -0.278337446095404 0.0769941368156574
0.00734954703396026 0.0450046245815908 -0.13159922519869 0.279714365889889
0.0201732407961725 0.0242696992542648 0.0756044285174968 0.253144836655427
0.0287913895572217 0.0132162427876988 0.162008215459691 0.141180188489022
0.0153620565002047 0.00854369331651719 0.183726603687269 0.0687620388472728
0.00265030684370586 0.0179235212189508 0.211664882050979 0.0382370161507499
-0.0201901998238015 0.0137179499766297 0.219711406616974 0.0907772279518308
-0.0181013653003117 -0.00763174222943675 0.161874926103186 0.180020021661302
-0.015114912936595 -0.0255817389591896 0.0276335286561009 0.244463980569483
0.0431994157861693 -0.0504288655831878 -0.0970340058591475 0.302308359031912
0.0933452987116202 -0.0055508549637994 -0.161051307905148 0.323311221870803
0.0796395740847278 0.0875821670964749 -0.0619953220732152 0.423653513321853
0.0990562381327013 0.12526070888415 0.0323451290321497 0.261634225344788
0.0949551134598258 -0.00319695413749503 0.129883677824859 -0.0863669705245468
0.0340997588714311 -0.0458387943840393 -0.148472806697319 -0.158955946522552
-0.0049464079437735 -0.0312969319515302 -0.302050787198094 0.0486963720928967
-0.00177653818875526 -0.0363918351070836 -0.157139217081441 0.273807742996762
-0.0284778561905078 -0.0353125090011977 0.0545179822594289 0.260649436096563
-0.0364397839779228 -0.0124466957328285 0.14920385845918 0.153042685049281
-0.049915599786554 -0.0156103277348489 0.173895942191635 0.0706751490965329
-0.0608183228329437 -0.0173048579648526 0.201177668696684 0.0253265885867582
-0.066693818227853 -0.0686439635199979 0.220776127540591 0.0559646581778741
-0.000276872341226424 -0.107870227586963 0.194057236960524 0.142512438965002
0.0679463075089276 -0.0894679645809472 0.0860109298802994 0.223202664621651
0.161288602538054 -0.00823259794262594 -0.0452266947804052 0.297569839032696
0.166720659960925 0.13287452752468 -0.123549985483708 0.30168527529342
0.0865273513519885 0.244871699684967 -0.0476397662487297 0.364718622591804
0.0809472286834007 0.246916562257575 0.000169923623130561 0.212256411467739
0.165728590509896 0.107832258187455 0.136711026746627 -0.101041026789038
0.144296508238334 -0.0153537024407764 -0.121240731924243 -0.204715292323358
0.0649096737998558 -0.100676774903018 -0.31547759665063 -0.00727738093297081
0.00371088641429137 -0.124719796238299 -0.189031422564011 0.237368912508352
-0.0694834552246563 -0.104991301928601 0.0120171933178006 0.243906101002317
-0.0969193919863258 -0.0445745272855903 0.107648507946429 0.150396955863175
-0.108667634529887 -0.0372719805731199 0.138688008706908 0.0619268696646674
-0.113757600132466 -0.0418089739729311 0.166153233712271 0.00184304074044417
-0.113654611160525 -0.124371118480286 0.198259543101375 -0.000612669326123524
-0.01084499953632 -0.190055015514903 0.216081465485098 0.0682945229014884
0.108016124190462 -0.16921341611307 0.161625738704498 0.171163097956339
0.262421850122025 -0.0210981492236248 0.0304762054973476 0.275524370011353
0.249905681266581 0.212317161036197 -0.0839716901901934 0.271928820323228
0.109181855049607 0.353506940636949 -0.0373911910684402 0.266502225738774
0.0363995901622003 0.337622939295391 -0.020354042556776 0.10966114112073
0.198684057978613 0.22962863713735 0.140133502750667 -0.138483654091322
0.24220528508247 0.049099391087438 -0.0752701267433921 -0.256264867947685
0.153809067913985 -0.144185999420998 -0.296520624535392 -0.0876979936121607
0.0276904922823427 -0.201116395227767 -0.21145326375558 0.159933219905365
-0.0935586532882398 -0.170130191753627 -0.0440866678841668 0.194385835653496
-0.143892081791208 -0.0761616403180477 0.0437401206651268 0.129657460472109
-0.152111824146521 -0.0532123131294957 0.0834228376322125 0.0441284892128974
-0.149607614556051 -0.053333557482233 0.110577666451284 -0.026109367595578
-0.148605498175894 -0.15152585233098 0.152204705008008 -0.0606941393119083
-0.0367035932987388 -0.239670788894233 0.209096327991432 -0.0211197515775018
0.108664938662637 -0.235490223249244 0.217265660852942 0.0934263817784449
0.318404911376084 -0.0592338599436081 0.100308683158174 0.228629011114595
0.306086579964961 0.236865572883678 -0.0581175003462216 0.231967149601992
0.126208802832998 0.402685899900039 -0.043043747755771 0.148366418656735
-0.0207131181386108 0.369892459866801 -0.0220201745058498 -0.0328991049802657
0.175422329910404 0.320802080024335 0.140864262973562 -0.190399278957816
0.285794998784773 0.127123141972565 -0.0127616726651286 -0.294958148958964
0.225210862334633 -0.140583376543954 -0.234743947566203 -0.168718401304863
0.0595180746162399 -0.238767625405491 -0.208880883434269 0.0503850996211061
-0.0933023176301635 -0.210111287793323 -0.101755215202055 0.116303640133386
-0.165559527534842 -0.099270842151874 -0.0306416085925569 0.0907662769933565
-0.173468660441126 -0.0598533411666091 0.0170459849439737 0.0201208512000469
-0.163935062973113 -0.0556238341943947 0.042654001421524 -0.0526774542735061
-0.160657425610566 -0.153100578610627 0.0911491555296568 -0.110830097428321
-0.0527552861303524 -0.248979681373276 0.176272741338168 -0.0995658173650226
0.0954541745596658 -0.256865256323144 0.239245997338514 0.0143448688313699
0.323314417284906 -0.079437596929511 0.141295449681489 0.169050192852601
0.304252185940987 0.230872518512447 -0.0472714342217721 0.188080457845887
0.117668782151028 0.393724991212478 -0.0591872516353891 0.0301903586133294
-0.0663763727408339 0.328897756061489 -0.006563255881496 -0.185822279733677
0.107560941737842 0.335840691230824 0.140616393729016 -0.245969849812349
0.251918065293472 0.177271952002187 0.050215082836077 -0.309520700671724
0.240068213613922 -0.100050005876621 -0.144661786388805 -0.225152397722746
0.0782737506951071 -0.221893736528537 -0.180284058751325 -0.0602128929190672
-0.0744909419183667 -0.208937110661139 -0.149009802426698 0.0266031669463688
-0.157068673278672 -0.104011901495282 -0.102271492025321 0.0438233266454001
-0.168253110987505 -0.0591544909991414 -0.0497778228718707 -0.00494136328304547
-0.155769979865593 -0.0528387408170336 -0.0253296138621199 -0.076638626248768
-0.148409081903286 -0.140421929184945 0.0304433988124209 -0.147195885081416
-0.0508126558506767 -0.227931803596553 0.136509387905334 -0.157081011299604
0.0893961574129763 -0.234741763426738 0.237430529630347 -0.0432588993853079
0.290955040453005 -0.0593872565998063 0.156860217423981 0.11802223960939
0.24493109437892 0.217242387544546 -0.0455149441078325 0.148173715444352
0.0734217270336695 0.339075254001476 -0.0708704079796166 -0.0741518969889055
-0.0903491866786216 0.224395806438406 0.0153291590460923 -0.317679144160015
0.0289486318127292 0.264434076767791 0.139442490982415 -0.286951054870085
0.165959658445708 0.16626820312047 0.0946270982506751 -0.304073676005453
0.189357001301611 -0.0518280516093601 -0.0617150684158125 -0.24929893139909
0.0701679988051142 -0.162844208387741 -0.14417097260893 -0.144168974954101
-0.0476081866707317 -0.164516532553206 -0.181875264865752 -0.0484106715206109
-0.122144537592085 -0.0884706267380912 -0.160424577660361 0.00089054338349852
-0.137085511155977 -0.0504876004009757 -0.106410880508437 -0.0283867037688468
-0.12893998925512 -0.0474337398086273 -0.0822756659885331 -0.0976312341659386
-0.116985179145333 -0.116922966582415 -0.0180632997544701 -0.173892130095956
-0.0334677443604 -0.185217576749745 0.106420728269578 -0.197319368631904
0.0917151854042507 -0.182476789882397 0.231080536281444 -0.077826327479226
0.235622769129761 -0.0135170183518304 0.15892612222823 0.0858599446719277
0.153099525791152 0.198607368619661 -0.0427719581851956 0.114332004897415
0.00643299497593338 0.251443652224237 -0.0676105493212876 -0.153755229134738
-0.0927945869374538 0.0806694026470982 0.0275158250355454 -0.400696537817256
-0.0383868172361063 0.138792819117613 0.128437172983649 -0.302933763794531
0.0632805105972061 0.106396963335322 0.10947043131636 -0.294040547611898
0.099322065973551 -0.011960887938647 -0.0165017645606093 -0.254523057663022
0.0414957322685953 -0.0799806874699049 -0.12621395756301 -0.187244099314841
-0.0158138776962932 -0.0911295125372404 -0.202753731841649 -0.0895323953345153
-0.0669432157399619 -0.0571477833265889 -0.197196984339223 -0.0275381768356857
-0.0849684134736722 -0.0351123819028429 -0.145002165253786 -0.0459904349590729
-0.0838864806023751 -0.0380905661630943 -0.121893268765144 -0.115930817039642
-0.0748193838655564 -0.083754851976509 -0.0477813706449141 -0.195885116882095
-0.0119551125442423 -0.126813405945153 0.0917858579713688 -0.22627329593615
0.0888676511233222 -0.115927089669629 0.230179706816664 -0.0923412345264485
0.163097223923905 0.0359578026469076 0.159692699844714 0.0734758658443478
0.0476398014147996 0.162337721742369 -0.0353916668959858 0.092168799615301
-0.0618108143022496 0.13579360805293 -0.0456030644401843 -0.203307541647617
0.081265587240692 0.0371042561275466 -0.0455840352829711 0.250788270093735
0.039546912602698 -0.0688000758839945 0.143209601029809 -0.0382752472782125
-0.038225960668371 -0.0628717198289426 -0.0934512832601513 -0.182297397014687
-0.0573817376565245 0.0203955819814137 -0.279715686006327 -0.0389064073198943
-0.0101112663505842 0.0410670389513359 -0.227590382261757 0.198741712828054
0.00767521171942787 0.0283933889255279 -0.0324832445383494 0.254218316332796
0.0194564069859288 0.0221851684529983 0.0870566550831528 0.18756233913354
0.0101673427450225 0.0133426257537982 0.135748957268574 0.13191083236191
-0.00275316871998195 0.0160453492298171 0.172366867508095 0.114515621231119
-0.0216610743357671 0.00374596605986181 0.161909273912049 0.167117547347171
-0.0102720173620911 -0.0144626656136538 0.0707885340313574 0.223830523101169
-0.000688353547745799 -0.0269672498414902 -0.0773944503418834 0.228736572503156
0.0605649186516275 -0.0269861525378157 -0.206512009821988 0.229726539187659
0.0865297467123694 0.0349524018883456 -0.269017500697637 0.226621635686333
0.0423445075604863 0.116970699191961 -0.231596118591209 0.354216433910304
0.0352356460738563 0.158727486153364 -0.0633325685059574 0.232654494114336
0.0842869503166144 0.0373593339880162 0.152494803749076 -0.0334197923202617
0.0485515752419831 -0.0267517677799847 -0.0684713248488792 -0.207856690878006
0.00922365184182396 -0.0282069978530332 -0.293568824024248 -0.0771857049323587
0.0151477710273016 -0.0340552144828356 -0.251982729611779 0.180856302348933
-0.0111709721409997 -0.0429557670777698 -0.0574870816381454 0.252675261622679
-0.026710580520033 -0.0259449585260841 0.0713767932763803 0.194195793415102
-0.0384945429052934 -0.0331307893732016 0.12631580433872 0.129927232357125
-0.0458221083528571 -0.0394202565760024 0.169503903697913 0.0979239407576378
-0.0333211443508013 -0.0873097636063263 0.177382631019065 0.13520820051577
0.0424850289700164 -0.0982314349739841 0.115781818908202 0.202131905105572
0.0976685378346358 -0.0528429455971973 -0.0153198036357421 0.233632657557305
0.153216984871276 0.0547620543281413 -0.159091250287778 0.247636234949986
0.102637205053378 0.185287224827679 -0.233004309118681 0.227590579124205
-0.00862584604886416 0.262011307942097 -0.201256896510026 0.305897449406798
-0.0366856632262829 0.261283224467774 -0.0598210964468678 0.174784646273659
0.0988127146656811 0.164458218046892 0.170547160247169 -0.0466305017424493
0.134325650416888 0.0458244290428659 -0.0222473616724219 -0.244928252991463
0.0988834281177584 -0.0590832688517679 -0.286347865949153 -0.138679963631553
0.0560404968925034 -0.108769429932767 -0.26970211081213 0.133114024910314
-0.0193620899778411 -0.120160906869784 -0.0918886489403775 0.220506723206401
-0.067253572030695 -0.0773415524505072 0.0350274511803003 0.176322207731086
-0.0824109569367524 -0.0755473896606874 0.0986807910475311 0.10854277593056
-0.084012719416783 -0.0809919066973397 0.147194679041292 0.0615727674571747
-0.0547310480451007 -0.15498430801293 0.179694040828546 0.074657927317369
0.0623079020596823 -0.177065609401342 0.167046803542452 0.144631352949369
0.163628888035554 -0.110733099512865 0.0747127833362948 0.217483394381787
0.250969144949487 0.0797183294175239 -0.0827189095968184 0.261381665080599
0.149256976882957 0.285513796142349 -0.189631310109718 0.222336219421363
-0.0292264992100549 0.36796524124142 -0.159887045834008 0.221478382775181
-0.116521531608189 0.324714271760175 -0.0268952212769974 0.0782419484248659
0.0760577566794908 0.284883879659693 0.195482669358454 -0.077520166933736
0.193998847541012 0.143644414380872 0.0464176184190396 -0.277238968534644
0.193849548771588 -0.059480413500011 -0.237845768072344 -0.208933217212296
0.108132506287143 -0.165877278626803 -0.262149988672271 0.0519745035832637
-0.0146348844748845 -0.187019263674956 -0.125875968339505 0.153727373665955
-0.0953177856937615 -0.123509244652409 -0.0141640371089869 0.133415769921242
-0.115076412308784 -0.105139661294819 0.0565947330645987 0.0716410957702499
-0.110977170171365 -0.104856749267852 0.109073612316343 0.0146395084953028
-0.0767587938763743 -0.191286647695584 0.162305112911663 0.00143278601150524
0.0571538382333355 -0.230803653363384 0.196161396803802 0.0620762295079397
0.187479424438205 -0.169864467567929 0.157925878070041 0.168400397237252
0.316533339630201 0.0629961491257553 -0.00151181278612264 0.247722039409368
0.191250885769434 0.327444969695171 -0.151169813409114 0.199817916606508
-0.0309346153375246 0.417799543507829 -0.119447086331986 0.114511631602025
-0.180913747811732 0.328565960539843 0.0328907607442454 -0.0450749954340351
0.01656728652311 0.3530124329246 0.221897413516792 -0.120864362969555
0.20003509225093 0.230783764187587 0.123610938020052 -0.288399359866091
0.2540693039347 -0.0270743271360704 -0.147375532009625 -0.263380898346812
0.150593137753634 -0.18429557994316 -0.217454028004918 -0.0463927164819501
0.000903135457317933 -0.222335479857707 -0.146936051734562 0.0600748596127434
-0.105304909871396 -0.151715492037066 -0.0658420114941329 0.0698436023839977
-0.131451492777086 -0.119964123132181 0.00672072246248784 0.025106695928325
-0.123137462116379 -0.111836731869014 0.0593947385237975 -0.0351654651949238
-0.0873600392951807 -0.19719659152401 0.127116447915686 -0.0675385232992506
0.0439524126067808 -0.246024999713085 0.198712553700506 -0.0206007604700606
0.18357904314221 -0.195215673931377 0.210170115883517 0.106446867535498
0.327660202495858 0.0451601658658095 0.0592324691527718 0.211844999943796
0.191217437435812 0.319099258442762 -0.124900570925428 0.166667344937537
-0.0371757969096973 0.404044554545385 -0.0861450305948393 0.0020135508389453
-0.206095212751766 0.269983526271761 0.105662328768852 -0.168577845995391
-0.0488474065519897 0.337683719510575 0.244143085577473 -0.165985252772328
0.149852125625952 0.261390742609276 0.188535341073092 -0.272542239552066
0.249006754106419 0.0144078055537489 -0.0398318850027657 -0.278159704277266
0.160435051110491 -0.160813049869064 -0.145754567312524 -0.135834831862127
0.0163759834004383 -0.213552485701954 -0.152179086766126 -0.039167563420736
-0.0960104746720421 -0.153039511653658 -0.111231401092498 -0.000223517286727394
-0.127274074589407 -0.117284961938499 -0.0420933661032255 -0.0232444728528718
-0.117891575882999 -0.106771340691724 0.00861518962943082 -0.0822009571232164
-0.0812079278995137 -0.180881157870016 0.0866018777529612 -0.122697899547039
0.0384903141986994 -0.225505949509577 0.186669503241765 -0.0873964042270584
0.169669540857639 -0.177540238219811 0.232200562891878 0.0543173177559863
0.290343363416161 0.0512958685532311 0.0914311181814652 0.172450742602809
0.142533116695309 0.285975577838041 -0.107450261113845 0.12846255808825
-0.0581427250338622 0.336597209639683 -0.051555840209165 -0.0959573709149399
-0.181433356602803 0.16404282556301 0.168070648105505 -0.272248249039566
-0.0878851636369767 0.243624112742483 0.25535409925438 -0.197475232151121
0.0777158997542339 0.215006674246725 0.224014406577939 -0.243475531668853
0.18446256360902 0.0346261595376009 0.0465978466882678 -0.263143873611076
0.128212484649992 -0.111571536503407 -0.0759007567428968 -0.19504288580353
0.0231773527448379 -0.163440888748477 -0.149691626732605 -0.118075917460893
-0.0710046564392382 -0.12524958611327 -0.145463087435449 -0.0612349476537018
-0.102879234250084 -0.0973005219008065 -0.0836567040030719 -0.065478588765532
-0.096464194106109 -0.0916286492875546 -0.0340304200556153 -0.121709814712317
-0.061988209864884 -0.148205938552867 0.054334561936449 -0.164860618736328
0.0375022882252831 -0.180541396608094 0.17517419409318 -0.133808196695461
0.151082928463441 -0.130296407685519 0.238818612403403 0.0222403121896767
0.222487552340938 0.0729545921431262 0.105262638955083 0.144334936903742
0.0656049239688773 0.235923431232399 -0.09152474182624 0.0960921643820832
-0.0866303056491735 0.230340213917055 -0.0111547790532787 -0.167372981206427
-0.120129639991626 0.0326028280100965 0.198340156735549 -0.338545641300961
-0.0935004357559686 0.105438952886374 0.245174266151011 -0.212928904207227
0.0117750354632911 0.118834179100081 0.227445589954723 -0.221512353424972
0.0900987735181587 0.031517382738605 0.09068117946274 -0.243384194551384
0.0692796153674498 -0.0503438927857087 -0.0390052756298923 -0.224298705093138
0.0226623223680125 -0.0865000940459497 -0.148479413675663 -0.161638087543975
-0.0356220349446998 -0.0763178044087565 -0.165554274957921 -0.10073570413879
-0.0629201777739922 -0.063700428592352 -0.109878960939916 -0.0959125713974729
-0.0615086996349051 -0.0658547996929916 -0.0620528238641311 -0.151934810461199
-0.0372999916977337 -0.1028345824745 0.0364728830230078 -0.195302658677265
0.035005045505387 -0.120156704837236 0.173143582544738 -0.163927181699696
0.123201067115879 -0.0725046084850873 0.244078612967732 0.0103455646856559
0.138149859326158 0.0919950736920723 0.11025086292491 0.132674643085634
-0.01553074418086 0.166093704202295 -0.0755360006013995 0.0737593087609381
-0.107015920735557 0.0991219416467279 0.0345661268353125 -0.203242485134291
0.0810931179023171 0.0350990481933939 -0.039924579392635 0.248477027453688
0.0382355045601945 -0.0690988418657966 0.140854635155946 -0.0445360699810637
-0.0392248421144042 -0.0617813932177236 -0.0955972708944205 -0.181222396835844
-0.0561009193165003 0.0220903949137936 -0.277280213429706 -0.0336098513442074
-0.00845409344752966 0.0406830862964326 -0.220552477941483 0.202282419222208
0.00858769194132024 0.0278407169717032 -0.0267208597087412 0.252448163192448
0.0194179224415914 0.0209455510572027 0.0897274826150243 0.180767559366868
0.010415372895615 0.012743152648594 0.137371616130277 0.126308540809322
-0.00233288697535545 0.0155118105249391 0.174138898099813 0.107378637958099
-0.021188080192401 0.00391066826636227 0.166333022228548 0.159783289338767
-0.0104906947482078 -0.0139862880439687 0.0747064689280213 0.221295780887598
-0.00146019528878555 -0.0258794618027173 -0.0763854729180335 0.23036039889251
0.0589559365028047 -0.0284061924091658 -0.201728966463393 0.233266629891376
0.085159891293855 0.0332671984087253 -0.264259142866101 0.226095111075486
0.0451058380030497 0.116577733226292 -0.22569613004882 0.353432140513698
0.0377924673884422 0.15768189864007 -0.0589194370079359 0.231189672673882
0.0839919142383704 0.0351343882526796 0.150112384119916 -0.0393875068097581
0.0474457812493925 -0.0274558725788768 -0.0703719163676611 -0.207374948201533
0.00854188955834541 -0.0272908567885649 -0.291281900933306 -0.0711285774336718
0.0143209717002768 -0.0337232853599895 -0.245825482785359 0.185344160368889
-0.0124101966420962 -0.0421520653562196 -0.0505088439135857 0.251380753769894
-0.0272364820043682 -0.0254285948948876 0.0748262970120046 0.188315695040395
-0.0389822441122769 -0.0317428937891498 0.128924201583012 0.123465215937739
-0.0461270098548882 -0.0381541200907447 0.169955048426412 0.0904544078488692
-0.0353750885522229 -0.0850024873562631 0.180989510357635 0.127974846916407
0.0393046682298649 -0.0996907150029681 0.120298746624919 0.198653184000846
0.0952652009852887 -0.0535383544159473 -0.0139693392471156 0.232978089476239
0.152635395391665 0.0505653737703995 -0.154937581617585 0.250102214136687
0.10497305587953 0.181539025846362 -0.227602034666176 0.227090327601945
-0.00455336422362569 0.262749280094142 -0.194874952863493 0.304651017611549
-0.0302543865568522 0.260895860293971 -0.0565595317136762 0.173408114985455
0.10174271074422 0.160226429517962 0.168317103120404 -0.0519498010222343
0.134366810778218 0.0432918894205104 -0.0236934206540442 -0.244905095810657
0.0965400074358628 -0.0599364274265092 -0.28483402246743 -0.131713875406251
0.0526784313941021 -0.109177312299054 -0.264140556442073 0.137815842802833
-0.0230823183818194 -0.11829877720555 -0.0860824460318959 0.220635842420528
-0.0678219247692284 -0.0754117118486981 0.0387570768705422 0.172153033190624
-0.0828901604190739 -0.0716525267696691 0.100140666611205 0.104330923945297
-0.0840222073789483 -0.0780525121350244 0.147098019471065 0.0545211189840179
-0.0583078101201119 -0.151509365539172 0.181539517788424 0.0676778445118255
0.0567370722849689 -0.177490320347034 0.169940220554163 0.138731934330058
0.15905853768222 -0.1122887517764 0.0752064655548327 0.213964713649989
0.250175525531013 0.0724732041526111 -0.0799642666304098 0.261609461837635
0.153513478215987 0.280559903652022 -0.185779871284626 0.221502259760615
-0.0232569764676351 0.368480098670754 -0.154986345213475 0.221916388988937
-0.108384437479654 0.324787197313503 -0.0262590412065079 0.0773922884126976
0.0814000317046166 0.279245647449142 0.192855397761433 -0.0818339490280351
0.195948955580491 0.139023948818259 0.0443463982145662 -0.278914846418934
0.19017989920297 -0.0620291883239954 -0.238833710671359 -0.203656074033153
0.102341185415707 -0.166749182192736 -0.25760373117169 0.0567998051174907
-0.0200105916850798 -0.184391371349033 -0.120544200380561 0.155720760082213
-0.0962719452570199 -0.119713906606346 -0.00949625329127954 0.131547102714327
-0.115819660492525 -0.100708698284596 0.0574329057823035 0.0689946488213133
-0.111291410057994 -0.100803346852746 0.10801002748603 0.00922829680261074
-0.081164170635611 -0.18699075502897 0.16133994993745 -0.00390326417811617
0.0501425218337063 -0.230421258684744 0.197883902192893 0.0569766899089459
0.181177947779259 -0.171302576926019 0.157347359692749 0.163411564394565
0.315031165148117 0.0545530922789967 0.000177524972543952 0.246684159916958
0.196633015691457 0.321378296376573 -0.148893175281543 0.199989044353732
-0.0261027555779955 0.417117481995463 -0.11756640091222 0.115539501937787
-0.17308646003867 0.330093997704896 0.0305110782876393 -0.0452679636168259
0.0252582238283759 0.348994189039178 0.21762632151401 -0.12419161927823
0.203985898286377 0.225570345109132 0.121008481615996 -0.289818356901893
0.250655563084676 -0.0323391201709305 -0.149498460617381 -0.25810570885251
0.144733217831213 -0.186422678976357 -0.215730466887306 -0.0440596079130284
-0.006188919393992 -0.21993400505547 -0.144395678690586 0.0631682686029781
-0.106615918587943 -0.147848684298468 -0.0627839663058077 0.0708570312219263
-0.132328714491115 -0.113909187556341 0.0067304260986969 0.024951465243322
-0.122676875072164 -0.107506964003926 0.0573988289531929 -0.038142338229807
-0.0907937344491575 -0.192466133933051 0.124395210896985 -0.0702365363710121
0.0367616878596411 -0.244593198083029 0.198888397430816 -0.0263408394195573
0.176623456501388 -0.195874883147792 0.20843377291969 0.100026386760776
0.324929293608606 0.03723681074382 0.0587757455293784 0.210385200717193
0.196607146713004 0.313453237254437 -0.123659615348914 0.166755923503819
-0.0316937073745052 0.403398182750654 -0.0858259020389642 0.00385031674629533
-0.199344015248522 0.271582878200826 0.10051774895624 -0.169046715245701
-0.0408580710189617 0.335178348734176 0.239413563739446 -0.166361300602244
0.154150778054923 0.255707972434895 0.185702345090783 -0.274456970310758
0.24658023813082 0.00862836964781671 -0.0429766725871098 -0.275464757299376
0.155358573391352 -0.163153616141533 -0.14550000887279 -0.134209404458963
0.00950511560862655 -0.211063042916921 -0.152599363934359 -0.0342446753671145
-0.0982650498115891 -0.148999073796301 -0.109647005297165 0.00398056952983713
-0.128191097548324 -0.110796200526895 -0.0426802950731241 -0.0216179425392188
-0.117372703141596 -0.10230646758338 0.00627514591954872 -0.0830755426542082
-0.0844508136441258 -0.176884504328637 0.0834005138406803 -0.124140600903321
0.0323349353860777 -0.224240022323139 0.184559299485711 -0.0917804132479358
0.162835784726494 -0.178090508790187 0.229422646379809 0.0480357390780764
0.287919641457411 0.0432820360757476 0.0911973728685901 0.170446222200355
0.147316156259128 0.281626506897394 -0.107008035923019 0.130341272300727
-0.0535712237059123 0.335674327097862 -0.0525574396791752 -0.0932330059871392
-0.176809390857746 0.167605263087371 0.161636324414017 -0.272037509164176
-0.0822051466927226 0.241857604562796 0.249563964114389 -0.197708265420814
0.0812071865523451 0.211829741430448 0.220495891630518 -0.245363253522721
0.182930944949406 0.0301600787376755 0.0440137096719069 -0.261841744714131
0.124176943285185 -0.113230660721759 -0.078817417603188 -0.194836905601694
0.0175376486683171 -0.161515955187479 -0.152131680321483 -0.113498306496057
-0.0735033652287916 -0.122469752655702 -0.144553063423846 -0.0552104338763255
-0.103604902249291 -0.0920320575920397 -0.0837602108524371 -0.0619396762110422
-0.0965529458628644 -0.0878162852803082 -0.0370280554620233 -0.120756860490026
-0.0652230976563989 -0.14533594362963 0.0501255723300509 -0.164578490641176
0.0326206382515354 -0.179407959514882 0.172461784413915 -0.137496579598225
0.145933378404632 -0.131379505879378 0.236564753430542 0.0159741876649594
0.221188744714456 0.0674483303069473 0.103830975580796 0.142085584875512
0.069700212096815 0.233859170595462 -0.0912318134365882 0.0978089884944471
-0.0832474209702002 0.23112505665492 -0.0139489774561045 -0.163967879068034
-0.118226875355093 0.0346346394011496 0.190132960150981 -0.338380249185045
-0.0909723658819902 0.105553773185032 0.240525470340809 -0.211612591124494
0.0131443121665478 0.117265238868599 0.223579625893029 -0.22314554299723
0.0881584254315714 0.0293459543569689 0.0884116174287873 -0.244308827977449
0.0665272315612792 -0.0508092976251297 -0.042676445362799 -0.224115177057816
0.0188543529799479 -0.086160158267345 -0.152261481872102 -0.15573466693843
-0.0371403927339588 -0.0749442971877592 -0.166133693545369 -0.0943928937238244
-0.0632186197721118 -0.0601463823059716 -0.110604538394374 -0.0918219295763533
-0.0621313394542837 -0.0629352276995354 -0.0646324304031015 -0.148869867201873
-0.0396603231578047 -0.100608201848481 0.0326014152532097 -0.193669316879741
0.031772973879918 -0.119615065995018 0.169278536878506 -0.167042003836452
0.1201656985569 -0.0734645824989306 0.241247783451046 0.0050764022392178
0.138003661705675 0.0873411939972648 0.10948672066723 0.130903089442502
-0.0123053891396015 0.166288868326429 -0.0749331059617239 0.0761775871012761
-0.105666775336116 0.100169304967089 0.0301299913885259 -0.200180417931303
0.0831051074786195 0.0328524441454122 -0.0308190557590007 0.248794972956122
0.0354343766762646 -0.0701518806178491 0.138336698711306 -0.0517172397164301
-0.0416312192715915 -0.0615565324859726 -0.101904954193745 -0.17978489156087
-0.0547794717567491 0.0243783710247473 -0.277608329453832 -0.0258817971801928
-0.00637220649456335 0.0415442134886716 -0.213207252983054 0.21149583747205
0.00954979784105318 0.0272224389335968 -0.0171478831532091 0.252024368266339
0.0188988242483213 0.019563514386088 0.0936066740781141 0.175959677360436
0.010500531873665 0.0118729329966591 0.141524741227956 0.119064619747538
-0.00146149218270334 0.0153109809995297 0.178169049332019 0.0986066295824769
-0.0209386767160825 0.00502833680799582 0.174318499113512 0.15265259591102
-0.0110202849415897 -0.0140837402121843 0.0830898789550266 0.219877340512723
-0.00143478568705651 -0.0253508789845247 -0.0722578012194286 0.235699237006289
0.0575326774386305 -0.0313143086537143 -0.195136189696236 0.240551736568881
0.0857491936121871 0.0307801776686569 -0.25911664224861 0.231021729315364
0.0500525775898233 0.116407216031634 -0.214490447195585 0.359253418509859
0.0441794829961659 0.157809695369178 -0.0500924008067889 0.232129327929371
0.0853592336116215 0.0314977465757613 0.147708138038973 -0.0466088325084994
0.0465315482054527 -0.0298902519294838 -0.0757851655392582 -0.207218446481495
0.00673038255919095 -0.0268618300008065 -0.292854713816961 -0.0623978977806751
0.012918709095973 -0.0337658955259326 -0.238603882314583 0.194855605186159
-0.013947189000882 -0.0416254961375937 -0.0415287049483847 0.252566365241187
-0.0284790412117068 -0.0250761607793813 0.0805572032620683 0.182753683635487
-0.0404324123486812 -0.0304742632230911 0.132683047721829 0.1176845734369
-0.0465825347637902 -0.0363877217081758 0.17367404902558 0.0811814150040161
-0.0385960855633338 -0.0834736380412924 0.187173604901762 0.120034033670333
0.0349321150457162 -0.101218752960906 0.128625074617725 0.194493232108887
0.0935848394491781 -0.0565760586610989 -0.0101168740470003 0.235460766076946
0.154533746980933 0.0446638595103071 -0.147857854386131 0.256759983657817
0.11017995321461 0.179089328545645 -0.223008276022197 0.231441235276391
0.00353074852328062 0.265337536739153 -0.187041088644689 0.310742481642158
-0.0211494254838387 0.263896360158596 -0.0516198097385859 0.174682950071636
0.106903817285674 0.155876852340509 0.166374134538091 -0.0590601061994879
0.136139581114907 0.0378306233940549 -0.0285734793737398 -0.247764417917506
0.0938190958734401 -0.0626762476997558 -0.288203289354929 -0.123137560762863
0.0483058554719723 -0.110871833063152 -0.258399489217758 0.146941285664109
-0.0284834755918629 -0.116710812536797 -0.0775063803078514 0.223324457541697
-0.0708326315894136 -0.0730060755859435 0.0455789434672141 0.168854890732662
-0.0855906148071202 -0.0680877798256691 0.104128383188255 0.0988133076278878
-0.0862209371103032 -0.074740397285585 0.148648149514156 0.0460911475331664
-0.0653015925194927 -0.149063250957284 0.184983695314495 0.0593103973803336
0.0490816232310471 -0.180785334147164 0.176755582354787 0.132643326111461
0.154584938861781 -0.117133491312266 0.0796045206441834 0.213221885741399
0.252754355401015 0.0631965099053652 -0.0736568138869779 0.265934064628611
0.162890976823755 0.276270717266538 -0.18120522405554 0.225685747061358
-0.0131018430966929 0.372888311419861 -0.149001299947933 0.226248046430502
-0.0975405204065714 0.330514757577929 -0.0245480107102113 0.0779910337553658
0.0911862517569759 0.276204641263966 0.189963076940858 -0.0883604967610679
0.202005737167117 0.131919591512509 0.038350393613534 -0.283365459766207
0.187481709616911 -0.0686791584196937 -0.243428218419208 -0.196403161892125
0.0956827153423374 -0.170322941343726 -0.255620824134192 0.0648438278099159
-0.0283955230489465 -0.182609368612709 -0.115026786991154 0.160144357376331
-0.100655802134664 -0.116246360415754 -0.00449093535463028 0.131974552760974
-0.119505517149791 -0.0947433714571487 0.059766149376079 0.0668600307872827
-0.113210967483848 -0.0962602656930703 0.107381088642515 0.00197909883312209
-0.0889301318883601 -0.183951158820671 0.161994907850967 -0.0117884334224962
0.0399728898915649 -0.233654526748501 0.203040464549009 0.0482842943649339
0.17538717850174 -0.176420137971534 0.160151014775121 0.158635946111511
0.31687888637439 0.041981448339226 0.00559296055838559 0.249088556507802
0.206540451837997 0.313987727470448 -0.145241342645839 0.205361929464446
-0.013518836154025 0.421701689661164 -0.113812145804012 0.119754553967717
-0.161707321373937 0.337705086759579 0.0275499919858213 -0.0464321768376276
0.0365697725231486 0.348134631844969 0.213906091130563 -0.130557178408849
0.212211499779666 0.218868164587604 0.115497895654456 -0.297047851258175
0.249732192074862 -0.040394058623697 -0.155948428559155 -0.254436789555031
0.137012005875411 -0.192152774657942 -0.216503596654549 -0.0379885223292259
-0.0159149000183268 -0.218842528267779 -0.142397877057533 0.0692144460333513
-0.111989504772518 -0.143410345423718 -0.0587645287106563 0.0737439931564356
-0.135979908993037 -0.107436935437366 0.00786171210912855 0.0244462898153733
-0.125157626088565 -0.10308203283823 0.0553250869038838 -0.0428302960202328
-0.0989866119348523 -0.189294774464082 0.122199600532246 -0.0765677967732702
0.0270855638525199 -0.246872801878615 0.201128587245185 -0.0353377870239288
0.169452390372344 -0.201457647780775 0.209817127796426 0.0926111352825467
0.326762789214161 0.0244187393267538 0.0630465514223865 0.210317973227618
0.207703335058921 0.309516174228102 -0.121913090485547 0.171915694697815
-0.0208560981450947 0.407060353921881 -0.0853483575578398 0.00751263403659276
-0.190046103401285 0.281428599091524 0.094063843447526 -0.172152399512725
-0.0307665839697177 0.33613545044863 0.234582170907737 -0.172208513055105
0.162643123760438 0.251374746188914 0.179714150040016 -0.282885277301627
0.246776306168858 0.000632288808659722 -0.049773752402304 -0.275090922022735
0.147710780040398 -0.168584537707321 -0.149600436914107 -0.131923136630871
-0.000456266227038689 -0.211384086237775 -0.15563917883546 -0.0285802432961977
-0.10348706758291 -0.145021554776845 -0.108146799128982 0.00891853248026204
-0.131100807528386 -0.104814910073942 -0.0429565745170062 -0.0190952311444535
-0.119718789157417 -0.0978623909745951 0.00211373563778797 -0.0838964710273359
-0.0913709810120792 -0.173361252178591 0.0788203920149869 -0.127617605330303
0.0229511282958291 -0.225271212101286 0.183771038083179 -0.10006297045536
0.156467645378045 -0.182865575713888 0.229980398358409 0.039335089406672
0.289636165914669 0.0318882956459343 0.0936215378871353 0.169995134683547
0.158076826055101 0.278137600442047 -0.105563508504263 0.134794580743139
-0.0439329616547065 0.34064774265229 -0.0560894323672188 -0.0906071654076104
-0.170748652792481 0.17443343572679 0.153355868731902 -0.276656109013491
-0.0745280294626861 0.244569536567582 0.245068473276992 -0.202681766482369
0.0875148363141003 0.209253710565483 0.215233069038509 -0.252594596633646
0.18318952469037 0.0244601974329425 0.0382967468576242 -0.264221444248922
0.119674655308028 -0.117692586851125 -0.0846757340062769 -0.195587916619336
0.00994899111200335 -0.162291093076051 -0.156892075348598 -0.107714087323775
-0.0775815460989283 -0.119458122019673 -0.145873794945851 -0.0484477783312502
-0.106623910514647 -0.0868065997373091 -0.0857289465986338 -0.0580760736069474
-0.098598399962161 -0.0835543129327387 -0.041345497306412 -0.119673957055383
-0.0713710699239497 -0.142389931713504 0.0447744671087445 -0.166596568640379
0.0255098331170586 -0.180241024090429 0.16994247758455 -0.145515519457572
0.141021175661224 -0.135604335071696 0.236646906608956 0.00748881124587818
0.22357462054565 0.0583183537659805 0.106091569854522 0.141422131980401
0.0778250671835692 0.231971835916672 -0.0902923104982367 0.102749996998652
-0.0771142988605327 0.23444452041295 -0.0194835081795778 -0.162146944295407
-0.116891084606733 0.0395388207905527 0.181810038112597 -0.343924923424292
-0.0874122442054125 0.108157405851145 0.235439882245322 -0.215978124738153
0.0165947373569053 0.116885148855574 0.218799264801367 -0.22941113184819
0.0886014730848126 0.0260609859206684 0.0833868701428432 -0.248621933239684
0.064605528180974 -0.0530764244440365 -0.0506416518285718 -0.22656490453396
0.0148326959878184 -0.0865599979203032 -0.158793651188825 -0.149893934577091
-0.0401949078535797 -0.0738136720291319 -0.169260122697341 -0.085712249694879
-0.0658352832385986 -0.0565408710076727 -0.113723879011164 -0.0869173544127799
-0.0641855889272273 -0.0605229361278724 -0.0702793001601702 -0.145977413989298
-0.0446159326151063 -0.0987231256767418 0.026979152916011 -0.194340379091514
0.0274466520235089 -0.12024626021773 0.164752125236615 -0.173820173570381
0.117819295555795 -0.0777905626050639 0.242043403161028 -0.0041046859812351
0.140711560247813 0.0813047624994188 0.111871166200572 0.129176834914278
-0.00640493456531837 0.167443944081009 -0.0740900609864546 0.0810769341118798
-0.102991116607496 0.104441010458637 0.0232645652723418 -0.199919155551855
0.0846852703457815 0.0281094895404588 -0.016725783663477 0.246450637520748
0.0309280573912613 -0.0710691258473051 0.132406835640814 -0.0598565178658731
-0.0454213760895149 -0.0587127746442141 -0.109884360211181 -0.174063643170434
-0.0525203966549232 0.027442282596267 -0.275098825559048 -0.0120910172922
-0.00327609534101789 0.041510813293527 -0.198362533626339 0.22125024490712
0.0110557821504212 0.0263534900352626 -0.00274803084830279 0.249312915886466
0.0194263963912135 0.0180555411976023 0.100921241919817 0.166082319902701
0.0108924440069392 0.0105852253869011 0.14630911477342 0.108537078652513
-0.000948689928408196 0.0150785503606236 0.181378995557303 0.0846819617383514
-0.0194521448768899 0.00595382558997498 0.182030931230645 0.138523098598539
-0.0118788560455803 -0.0132745699490294 0.0946322032013496 0.213999986291665
-0.00272545487640286 -0.0248785263258554 -0.0617750154071841 0.240567421757228
0.0540778757415973 -0.0342329535491885 -0.180777064914218 0.249804325419973
0.0861523672113503 0.027002453543795 -0.246377068359432 0.239376480584635
0.0564411785210166 0.113437353574557 -0.196581220289882 0.367412620445408
0.0531175280843285 0.154340815981306 -0.0382476676563502 0.232983268872601
0.085790283901774 0.0262479225306438 0.142390992705984 -0.0561008110051765
0.044159419940037 -0.032816764009092 -0.0855147815227088 -0.203408789790924
0.0052749822192107 -0.0264422347896596 -0.292179017823309 -0.0470790071572843
0.0106606354954942 -0.0343059583383426 -0.223954176326513 0.206195490713949
-0.016470378206718 -0.0395279164153242 -0.0264519685170126 0.250986678316191
-0.0296359918825966 -0.0225958062093888 0.0886720036339157 0.174049267172478
-0.041103024271532 -0.0275520317398077 0.13757652919089 0.107056141720455
-0.0480013163795367 -0.0332444472420762 0.175742500346968 0.0678784908776622
-0.0432229666056802 -0.0802216593574832 0.19300542546545 0.105032729732893
0.0274311742780435 -0.102488529512759 0.139820121547903 0.185054937074644
0.0894645345791042 -0.0598212149052836 -0.00015679701443568 0.235850666553135
0.153936120287009 0.035227659577315 -0.13432398025577 0.26302306004855
0.118455165684082 0.172010343428212 -0.210809193210171 0.238505900441609
0.0183833087610578 0.264684251984253 -0.170369430112594 0.316816776040974
-0.00552271787236836 0.263763231182496 -0.0423120050684568 0.17629298172064
0.1141943323876 0.147386627617412 0.161003975143736 -0.0685751359579908
0.137202872347199 0.029168953243144 -0.0409094586244664 -0.24683021326699
0.0888293299255658 -0.0669140767797242 -0.290264052853641 -0.107526387216528
0.0403280817244542 -0.112520035703684 -0.246483211935764 0.159723124833777
-0.0357439027778885 -0.113090548167352 -0.0638136196475647 0.224469127341323
-0.0740035103951239 -0.0682612402151393 0.0546233784962869 0.162506690430924
-0.0884437004735096 -0.0614578471961554 0.108358861215003 0.0912663605847349
-0.0883718643067327 -0.0686079994928859 0.149110943897593 0.0340848050617201
-0.0733331818222064 -0.142938909566368 0.187501811532087 0.0457014612750392
0.0362392879997077 -0.182094078074399 0.184463353223266 0.120284962788739
0.146787203257108 -0.123717208402401 0.0875261593623764 0.20803175034653
0.253235662977434 0.0475656736960823 -0.0603846364913943 0.26964637309188
0.176404954659939 0.265293919194859 -0.170759527763444 0.231994351855709
0.00722817087336058 0.372254150217273 -0.136552358229722 0.231841031245223
-0.0775831190031415 0.334231117563007 -0.0216055491465508 0.0791711891179843
0.104846467745431 0.26715294632549 0.183453225731325 -0.0976307339773191
0.208087744733257 0.11933978956337 0.0251776408572368 -0.285452239161536
0.180882321825125 -0.078893407237702 -0.249940563046171 -0.181957451938433
0.0839409079297666 -0.174330206080315 -0.248378593059568 0.0759833701500938
-0.0400375983876133 -0.178195499815559 -0.104497923995605 0.16485823783404
-0.106250580188444 -0.108778910894993 0.00460743344873996 0.129280432138865
-0.122577162097457 -0.0857456939765368 0.0630120021989208 0.0618707551704955
-0.116851988319921 -0.0888223655051182 0.105405171633992 -0.00596859050747693
-0.0991560286373735 -0.175895410814228 0.159853095916522 -0.0226302712781968
0.0251579181301959 -0.233612628779914 0.205516174429972 0.0344436066583633
0.163185954693707 -0.183822427403507 0.164506101994116 0.149211712161669
0.315529287451566 0.0235275081284484 0.0166716396530184 0.247862544340355
0.222742068789509 0.300801301524594 -0.135995656936735 0.209915535388035
0.00817993463717899 0.421622887456215 -0.107452055033904 0.124305662699075
-0.140287990390242 0.344630290986351 0.0237195597664683 -0.0466580167603576
0.0554073480489839 0.340716722493311 0.205198371846068 -0.139387368030897
0.22287113130966 0.204959647345145 0.101499239592867 -0.302924669907074
0.244799497874129 -0.0537867465477025 -0.166027329871996 -0.244368076817258
0.123829369893504 -0.197821179182348 -0.215452941065619 -0.0283433345384487
-0.0299459312677213 -0.214070710752154 -0.137474716507979 0.0763080629969616
-0.118930628850823 -0.135356118198124 -0.0529532323839591 0.07610877444157
-0.139722647939441 -0.0972492298658153 0.00961199076266289 0.0241437773280142
-0.127697886078695 -0.0945105194789048 0.050656616779393 -0.0464581548475489
-0.109653787997841 -0.180881741180679 0.11670185108178 -0.0841440008150471
0.011000463040615 -0.245683196578617 0.198865405819598 -0.047884995858544
0.15508484725659 -0.20770102909892 0.210222598752556 0.0803734571771964
0.323947269903551 0.0041041357548459 0.0716851118095951 0.207231360666751
0.222966600281595 0.294661666309057 -0.114681440244882 0.176982138209743
0.00125525545929951 0.407784414326538 -0.0849412453299422 0.01196709644054
-0.173127872462929 0.289760371403952 0.083947260049521 -0.17426580383505
-0.0126309946360378 0.333069246409931 0.224035058609914 -0.181463363804413
0.175590621691682 0.23929154787721 0.166504867339533 -0.291000749923793
0.243857303207031 -0.0129106324667841 -0.0616502877365288 -0.269909461790889
0.136516606226678 -0.175796411686552 -0.155175796731259 -0.125238343793842
-0.0139149772376717 -0.208047860394342 -0.155255016504205 -0.0200146252521559
-0.110456626729801 -0.136840720718031 -0.105535821834767 0.0158976570627594
-0.134835429072978 -0.0945100521339735 -0.0433930402425267 -0.0162844549748396
-0.122851774864422 -0.0900045737115339 -0.00392145116223378 -0.0840411315262857
-0.101439745914504 -0.165194049193561 0.0710057235780868 -0.131610322442698
0.00850763434157646 -0.224459219900271 0.178575767866626 -0.111482536144954
0.143619222071509 -0.189294302278422 0.228077080013638 0.0268848223532568
0.287860874496038 0.0143373764738638 0.0994307066933669 0.165725977053503
0.171502530480239 0.266028981519422 -0.100067396890731 0.141248554580891
-0.0266176625504545 0.341738266698218 -0.0604820991407039 -0.0860993252190283
-0.158880193432089 0.182919169903332 0.136993690186344 -0.281779474243925
-0.0606687367871894 0.245077753451516 0.233425784176035 -0.211400284963074
0.098579075809432 0.202134158683962 0.202510832026739 -0.262966131610138
0.182214964440021 0.0138802762484489 0.025992720560682 -0.264608554951401
0.111199063610429 -0.123025668438143 -0.0947685304900229 -0.192810574151258
3.21442801810758E-05 -0.160150546065897 -0.162149812017832 -0.0971771592385147
-0.0841480787936875 -0.113306184513502 -0.146683685686362 -0.0384723796244392
-0.109773578765799 -0.0776017648105207 -0.0871846586202572 -0.0517098523618501
-0.101291436534149 -0.0764930265352639 -0.0483069763172359 -0.115280231363611
-0.0793398227137742 -0.135838945299053 0.0357726838445058 -0.167359114844364
0.0145502040884663 -0.179165683385602 0.161656891156522 -0.15546526434305
0.131342925478233 -0.141391082800194 0.233250527877547 -0.00571053566564939
0.222991734345973 0.0447501116786707 0.110328882605702 0.13563005586318
0.0910109458427769 0.226184344203454 -0.085788390027442 0.108746914978054
-0.0639437438947132 0.238655919769956 -0.0284141860544229 -0.158363819539681
-0.112661611363905 0.0461640080265872 0.162632141461491 -0.348350540294556
-0.0808235203202936 0.112459746256 0.224834222656235 -0.222609314945926
0.0230023471553013 0.114810970430845 0.206540475665828 -0.238784734349674
0.0883959983873993 0.0214495971999437 0.0723272532839308 -0.250960162720715
0.0607368808078484 -0.055991431655625 -0.0630880875744359 -0.22420714761806
0.0095836165341075 -0.0860689619584925 -0.166524159540322 -0.138158761509146
-0.0444822232182107 -0.0705086766977556 -0.17166069957408 -0.073621536915746
-0.0675773841150933 -0.0505809008658825 -0.116618212859042 -0.0784647004994862
-0.0672069313520177 -0.0555004169030059 -0.0777558402447728 -0.139737399134424
-0.0502299950599149 -0.0942415963866962 0.0162071758897719 -0.193812715764407
0.0208132892843156 -0.120166237304972 0.154669673962333 -0.182639282623751
0.111831841861401 -0.0832298494711476 0.238547038869161 -0.0170473917065096
0.143061642657867 0.0723031116450434 0.116308481591803 0.123466801560796
0.00391403094261049 0.167592838326789 -0.0695227048602841 0.0857694385195597
-0.0967620949048955 0.110162176503884 0.012754894352432 -0.197724933898367
0.0835249242109616 0.0232562397493715 -0.00202884974529899 0.238510156654624
0.0257575823237381 -0.0692411831910534 0.122864919154458 -0.0660041301035327
-0.047810035928524 -0.0540969655711764 -0.115412958055891 -0.161921406430207
-0.0489457733170832 0.0294247455995365 -0.26475994164282 0.000636620284598429
-0.000341369969213649 0.0401250967370483 -0.177190740187384 0.224386887634045
0.0125153419231492 0.0244631415673896 0.0115666823168236 0.238063058895733
0.0193747584289767 0.0163401416088059 0.103920252773687 0.152387352838451
0.0110180769774461 0.00895006745324171 0.14581896126454 0.0944913356230871
0.000587710713318302 0.0136803862407134 0.178060503869709 0.0682402376882022
-0.017792052087676 0.00636751840404217 0.183976651110755 0.121243811070044
-0.0123132287499129 -0.0121847774660516 0.104403102202677 0.201099260714975
-0.00369630380333785 -0.0224271723743333 -0.0483039749808565 0.237771999010218
0.0493670177570325 -0.0362771239630285 -0.160220984836906 0.249676982159369
0.083902241380798 0.0215583208463851 -0.226210798070884 0.241086623804274
0.0613093103382584 0.10690297188475 -0.17049653250554 0.362523288123764
0.060285767915766 0.14612681208035 -0.0246213254151943 0.226485633273019
0.0838977926015274 0.0202281230234715 0.13321413847687 -0.0622831760740196
0.0401509320251296 -0.0344466872855285 -0.0940369218630124 -0.192797040952706
0.00294628100741133 -0.0254221701611872 -0.281375179529221 -0.030856223051448
0.0079123212129709 -0.0333328854604554 -0.202823243542412 0.211628975348602
-0.0182390372389459 -0.0366722144233241 -0.0110026628921675 0.240889915273587
-0.0303250604645735 -0.0203481501119437 0.0936998198874072 0.159485482020939
-0.0410585707244469 -0.023882163342634 0.13813134715525 0.0934009252069095
-0.0472297777098803 -0.0293152035306708 0.171418317645586 0.0522910151344791
-0.0468325958634336 -0.0742709697252091 0.192552092705192 0.0875652899593296
0.019938701236607 -0.100445490213879 0.146245134686449 0.17043337775948
0.0828682512761317 -0.0622600059201601 0.0111939380758365 0.22995657913271
0.149424315254561 0.0243991937138023 -0.115627561301662 0.261798420102814
0.122867554715184 0.159564825737422 -0.192475422431292 0.237858520595876
0.0327218550362994 0.255248680483437 -0.148334568257251 0.312875174151303
0.0100372359936944 0.254781438107885 -0.0316261098661459 0.173154205151435
0.117473719292447 0.134239935425803 0.149587908875993 -0.074645352494022
0.133164442977108 0.0191867660360776 -0.0514410363298597 -0.237825057230474
0.080809504100546 -0.0689428406378018 -0.283838285860242 -0.0887712813890633
0.0321832086502495 -0.109726052791077 -0.227222367983102 0.166230468196682
-0.0411163369528692 -0.105247354434952 -0.0480716453925734 0.218686909252895
-0.0755936207309915 -0.0607559472355085 0.0615149864765142 0.151315535704006
-0.0880463679660527 -0.0535612276009522 0.109013130654476 0.0806521836676017
-0.0882659468052133 -0.0613707620425315 0.1435924983609 0.0226134687168125
-0.079992788083185 -0.132394749198819 0.182845959881848 0.0305792753307101
0.0227105578443283 -0.177815637462023 0.185577435802865 0.10412381582143
0.133202034941489 -0.126590559259914 0.093013188098868 0.197378264656633
0.245577209867399 0.030753872299281 -0.0450735151179239 0.263565967593864
0.184478698955025 0.245716836994863 -0.154103808788969 0.23003267680618
0.0270299959373638 0.359623952562624 -0.119267960817594 0.229858338948346
-0.055265634570261 0.325588692941555 -0.017760061155236 0.0788714719950548
0.114966420960642 0.249350236964993 0.170289253535537 -0.103530281667213
0.206638218850737 0.101711138772148 0.0106594542043882 -0.279406239424745
0.16919174402353 -0.0854745977880119 -0.248876875528159 -0.161368387148528
0.0696301613717963 -0.17196442086393 -0.233780496465135 0.0857640909213176
-0.0498395889565695 -0.167779175318839 -0.090617932729316 0.163652990879645
-0.108765074707279 -0.0983587370272926 0.0119496750301897 0.122638828285935
-0.12217137658938 -0.0743513977585872 0.064333996787502 0.0551697948878633
-0.115695649424554 -0.0793557570771481 0.0993629364664073 -0.0136681875899788
-0.10657781275979 -0.16204264657049 0.152050317929604 -0.0328155281315034
0.0083548393030238 -0.226146473404208 0.201540890938693 0.0192335286471509
0.145667085108311 -0.185801509366448 0.163917065939511 0.135827632179512
0.303972225466174 0.00380320959695287 0.0271340615895805 0.239927263979648
0.231519397964197 0.276574591830675 -0.122834194162515 0.209301686590093
0.0302023297276676 0.407572202424177 -0.0975329857020953 0.125044507286175
-0.115702560148245 0.33972747419085 0.0192590367595386 -0.0443217302874747
0.0717450442114238 0.323523970304089 0.189908859736108 -0.143678401064422
0.226400612695616 0.183742840811573 0.0830379947206074 -0.299599962005115
0.231808336313919 -0.0654705867827156 -0.170476067790338 -0.225536596282066
0.106200581913929 -0.197665990869182 -0.20796384971794 -0.0177431235957383
-0.0427595148649293 -0.202971487727119 -0.128092170551598 0.0803084810003067
-0.122200037930439 -0.122296453615264 -0.0463646228843558 0.0762461129294284
-0.139146187615285 -0.0837642095606848 0.0111136789550232 0.0224543753117888
-0.127357505659611 -0.0841082204780892 0.0452768907228121 -0.0482349325412526
-0.116362204405125 -0.166460543807315 0.107139995524151 -0.0888104442061023
-0.00480653088446752 -0.237312522102878 0.189724048964558 -0.059876619869447
0.136694335439116 -0.207470336838773 0.204464569073249 0.0666406198278689
0.310025059217965 -0.0156284931263651 0.077472497797309 0.197761039771743
0.231885848898681 0.270556519125614 -0.103282483555104 0.178072811992236
0.0226996699916612 0.395022298875564 -0.0810772776729634 0.0167664186155629
-0.14810291964746 0.287763083714608 0.0698996416759198 -0.171389393848339
0.00592429049474016 0.31924266092632 0.205948333116341 -0.184689130969412
0.182702686816219 0.219816619108068 0.147179602553176 -0.290628072220961
0.233240424590988 -0.0260039029433097 -0.0698819589767197 -0.2563173598081
0.119372012025302 -0.177155136670265 -0.155365659560572 -0.114979977321772
-0.0263224246756854 -0.197864483522305 -0.151587448160567 -0.0107750767912246
-0.114153732843858 -0.124871065197308 -0.100254292579431 0.0217163314640233
-0.133886963035066 -0.0813651779535947 -0.0417563666725854 -0.0125561328888119
-0.12209662253269 -0.0797525948156118 -0.00937498925527635 -0.0804272981893343
-0.106913518499045 -0.151556818692515 0.0615212788010151 -0.131560059118385
-0.00473533558143667 -0.215748719722893 0.16634071394225 -0.119914664054201
0.126594021842603 -0.188403785779554 0.219220818098318 0.012993063603137
0.276471658494945 -0.00373029651935185 0.102671336529126 0.156483244883411
0.180907253659167 0.247011295737335 -0.090127467881778 0.142660412572973
-0.00722921808436142 0.331377809815972 -0.0630165609379601 -0.0783669038249413
-0.141675125569256 0.183716979609819 0.116717469291887 -0.27717778990686
-0.0459098400698336 0.23869073571781 0.214598007950266 -0.213057828323262
0.10589019935055 0.188648195625636 0.182571445355226 -0.265192767080124
0.175086277793083 0.00367059836033542 0.0144272582611158 -0.256607843683077
0.0987924800599198 -0.125080892935449 -0.10177953105679 -0.183189104958095
-0.0105139326823501 -0.1527772727939 -0.162503944193447 -0.083849089994467
-0.0876475672723954 -0.103264100526502 -0.142114680243946 -0.027171444041799
-0.108328434188853 -0.066426504143823 -0.0858342882495107 -0.044132427905567
-0.101112689621048 -0.0676314768311439 -0.0536716711948363 -0.107722682650295
-0.084000558217448 -0.12513598921602 0.0252509403354484 -0.163842712548249
0.00389893157908577 -0.172792344134511 0.1470175072824 -0.160093119851353
0.117895413947062 -0.142730843353829 0.223210679503739 -0.0183990508569567
0.216057246820292 0.0287676908355369 0.112309389572858 0.127084261676028
0.100516574629216 0.212782829373204 -0.0772045056243554 0.111111825091579
-0.0491755685762817 0.234232779853532 -0.0358096498145252 -0.150099036491534
-0.105144793368821 0.0501546693657077 0.137324937015623 -0.343519821622772
-0.0716761240631058 0.112438504772567 0.205922970688116 -0.22445159619422
0.0280074308212888 0.108645324917932 0.187841110673501 -0.240289753746016
0.0853472680575599 0.0159184404585159 0.0580476990570878 -0.246524724051312
0.0542451064445325 -0.0573629844874091 -0.0733429169451638 -0.215282707311517
0.00349513352277098 -0.0834886305245228 -0.16887880624082 -0.123416109786051
-0.0468532668340498 -0.0647394004722133 -0.168574587053582 -0.0584282533170621
-0.0668679940933813 -0.0433543570723742 -0.115538903645024 -0.0676257013184884
-0.0674990216001508 -0.0488228548165213 -0.0825887163029615 -0.128971235636177
-0.054160750497489 -0.0869176912834618 0.00607095777524063 -0.187150787249495
0.0130045503450236 -0.116782083441937 0.138152971964562 -0.18579090607862
0.101579428514451 -0.0864372188063112 0.228069849688419 -0.0293341925654971
0.140951209445895 0.0611184049184389 0.116805465709349 0.114513984920476
0.0134578804199431 0.161387318940889 -0.0622514592977895 0.0882292931855713
-0.0870317269536397 0.112332959873127 0.000827426034691119 -0.19007812803098
0.0848720549099561 0.0120671319120548 0.0199298831895309 0.22293153021939
0.0167579133670825 -0.0683354236478229 0.104574794990607 -0.0744989917200312
-0.0529905019274902 -0.0447905192504442 -0.127600316694061 -0.13591318017677
-0.043091939976486 0.032845911802841 -0.245955598905784 0.0358070248125284
0.00366002354619695 0.0366402936516545 -0.135178640623764 0.232222005430545
0.0152802970813988 0.0213474609502085 0.0396357305761453 0.220535557689775
0.0204656145854546 0.0131504737847917 0.115450995112586 0.130445589664979
0.010975066487072 0.00636801363766688 0.146411598760398 0.0677798911879484
0.00172531536457128 0.0111487051446415 0.173372108949681 0.0402301336261265
-0.0159888193575087 0.00689187407462445 0.187748814881929 0.0876544796540692
-0.0127585024504933 -0.0118909206030334 0.121446193092457 0.177238896895072
-0.00284452035321241 -0.0214062805926833 -0.0181411592972015 0.232709691682004
0.0427091389162515 -0.039974183630906 -0.120522395868496 0.251437527585739
0.0832151218663577 0.0104824312476088 -0.179930432595114 0.249977443863474
0.0755361476654564 0.0909519081363495 -0.115551000630136 0.366492918148662
0.0793580374841007 0.133699990252005 -0.00156192210102134 0.204250698030479
0.0808583072722262 0.00817905945144302 0.111720701408059 -0.0747371041037047
0.0311602588729693 -0.0375540894520359 -0.11331109654146 -0.16981172751581
-0.00110936616710687 -0.0234755414425833 -0.268578414619741 0.00897208169476025
0.00218293180506565 -0.0320842862557993 -0.163041025708408 0.224040389291459
-0.0208490724976574 -0.0316653606857222 0.0183341330879416 0.228326308516488
-0.0296199427069279 -0.0142670025003863 0.10657602844908 0.139759284303517
-0.0416285487765226 -0.0174488123829232 0.138231441085106 0.0682650499373119
-0.0473898376464027 -0.0222154459630123 0.164098038479586 0.0262505656257261
-0.0531499894397953 -0.0639159839375256 0.188527798601809 0.0545128037405325
0.00453429644762947 -0.0973839228672421 0.154824164752069 0.140665253627926
0.0712586199655997 -0.0689137605201691 0.036291352139267 0.215256270788241
0.143209153756678 0.00222598655386536 -0.0745096371478523 0.256609890786417
0.135860295959458 0.131320722610872 -0.143264997111365 0.247777869091952
0.0679423827766808 0.230925512672224 -0.102385541390077 0.320516196566854
0.0458209214909526 0.244167687334602 -0.0138100693948415 0.145860648332065
0.125113484763855 0.110939941858497 0.126016441108384 -0.0926451755816391
0.12546463240537 0.00112111349680984 -0.0837926905466544 -0.220988740179087
0.06649898178824 -0.0723734469864215 -0.280889685923923 -0.0442147539039177
0.015510396038371 -0.106817481985261 -0.194807682726018 0.18773810351824
-0.0503296907618988 -0.0925738167697392 -0.0202346806069156 0.213846240738601
-0.076117141172002 -0.046676476035222 0.0735975003685108 0.13677235543342
-0.0884995645340218 -0.0385854374667582 0.11042888529644 0.0599139182824987
-0.0890766267031939 -0.046652588581069 0.133113822784937 0.00160798699416648
-0.0907544978501666 -0.112173545555737 0.170789215117041 0.00199607882677273
-0.00340832191411191 -0.168244394832621 0.182585158182091 0.0726589200800661
0.109208426628767 -0.134055427709366 0.108484661907519 0.172025917875375
0.232071343493423 -0.00542049609805817 -0.0062987543414018 0.248875493586747
0.20190612645072 0.203038655135945 -0.103476686159586 0.238928811944076
0.0756098002666879 0.328157663616458 -0.0852032689077465 0.241255686865749
-0.00769814876933114 0.32267424920071 -0.00789156401834942 0.0491209551854456
0.136212613301267 0.219086929673468 0.142192869971526 -0.125665222441941
0.203826498354345 0.0685631697041457 -0.032911275093562 -0.271686495774075
0.146792446753884 -0.0979849151073383 -0.260502712627414 -0.118851197969264
0.0429037837118014 -0.169073459845277 -0.213977521426858 0.113878971497848
-0.0660712716097982 -0.149000615944003 -0.0687143883256375 0.169308008226505
-0.111123203497182 -0.0772902736466632 0.022877800072793 0.116787279352306
-0.122473101354632 -0.0536646092045015 0.0657263859766908 0.0426247081740425
-0.117222646339556 -0.0595773991207918 0.0867781363174437 -0.0254517030343976
-0.119357601847268 -0.136235128854935 0.13261699815396 -0.0527859115566823
-0.0235511612817643 -0.211192933304361 0.185078277503198 -0.00879791884122964
0.111782151292887 -0.190298654340799 0.166899640164637 0.103339228337794
0.282422065635466 -0.0401643746633301 0.0597325768595133 0.216484776856107
0.24844566595045 0.224280505110517 -0.0746702111460143 0.216058347499038
0.0829591724387073 0.370750124408456 -0.0769066767259012 0.14219976506261
-0.0646866046567582 0.341716071294072 0.0166230037845275 -0.0730250340395054
0.102064564227151 0.29289666355869 0.156997314521152 -0.16805130558357
0.232183497430181 0.142776999217227 0.0334431436132412 -0.303641678765255
0.207597672096147 -0.0858889725917827 -0.196982481943866 -0.191283556021332
0.0745502722916412 -0.197024760991579 -0.205660674147521 0.012935634119329
-0.0635704428863866 -0.183096943926663 -0.115660312053411 0.0974446656571548
-0.127056005158605 -0.098213401736262 -0.0382494485541743 0.0808989407998409
-0.138585038927055 -0.0603935266377271 0.0124904276955401 0.0192424587793903
-0.128453994312192 -0.06257579601384 0.0321718024069846 -0.0507607002636476
-0.127967172749478 -0.137678287441098 0.0834856152777088 -0.0984728421356648
-0.0376588973510619 -0.218729921710415 0.165138160515475 -0.0817237596547643
0.100791869565397 -0.208622108862341 0.196255084413797 0.0326965396995056
0.285305167966535 -0.0582429933441841 0.100978660658834 0.170714401093343
0.247356598996757 0.218145213413421 -0.0593159423951341 0.184696861756106
0.0736104675163248 0.360556980882861 -0.0748350306840868 0.0377779772294986
-0.104058313473398 0.294426151789852 0.0533141789329851 -0.194479436094779
0.0421687797985482 0.297061986110304 0.170031458033245 -0.207021311967973
0.195408778719056 0.181742473159897 0.0971807489134203 -0.303961268896738
0.213202880042483 -0.0497591799825925 -0.106931763706323 -0.235545798103203
0.0901533538825377 -0.179328322173564 -0.169894014095565 -0.0865108713327652
-0.0482867097000671 -0.180150707052628 -0.149488131974241 0.0149227038790151
-0.12027247097453 -0.101675592242897 -0.0957369405445045 0.0366409484312944
-0.133625487538756 -0.0582320981298861 -0.0404282786957256 -0.00655392743360375
-0.123092858943562 -0.0584574047724989 -0.0211927369008155 -0.0738461426022125
-0.117866100451465 -0.12586211172797 0.035443671466464 -0.132195375184252
-0.0348372518665499 -0.199036856542391 0.136469639197524 -0.134839349064233
0.0921444381954444 -0.190406407062298 0.203915320151003 -0.0191181629242738
0.253415885802407 -0.042628362793829 0.118885370353375 0.129495521456827
0.197653547671013 0.203909969095652 -0.053594621133827 0.151524887510307
0.0368545908673883 0.306465666863529 -0.0699037524973447 -0.0562850851440056
-0.112417734677299 0.193136522194387 0.08524424047705 -0.29132845136559
-0.0162595583910836 0.227073653689868 0.176963846414511 -0.231987107092642
0.119955479313077 0.161542360676751 0.137253192352906 -0.280859556498894
0.162492604152238 -0.0157059878587908 -0.0246582037779827 -0.247994751814899
0.0770020962679006 -0.128135921527533 -0.126404496943886 -0.158851760452142
-0.0282214243055071 -0.140710189942151 -0.168322638424683 -0.0544613697168059
-0.0936342928532747 -0.085055329050726 -0.141023847385448 -0.00468189932557707
-0.108436177077912 -0.047856164099197 -0.0856065925694223 -0.0304928095371924
-0.102172749520818 -0.049127255982831 -0.0656509264043985 -0.0935578576264357
-0.0935975454869228 -0.102929722499917 -0.000737678394390613 -0.157057563034342
-0.0203009192642897 -0.159733388621728 0.114619278378604 -0.16968665551328
0.0893713259123227 -0.146407123303947 0.205493735362012 -0.0487761428882426
0.202356975293364 -0.00416769361858152 0.124472842955943 0.103059418576028
0.119617757454305 0.182016938981134 -0.048375289996998 0.120491552704316
-0.0155466788508994 0.221661381961577 -0.0541514755379204 -0.129809071053612
-0.0944585874420086 0.0592190738700074 0.0982763944657854 -0.344636291625638
-0.0545087714884405 0.11154236594903 0.170062807051079 -0.23712475217673
0.0381144353601971 0.0962342108023873 0.147526313734115 -0.255263891328698
0.0803131043926219 0.00514826467590628 0.0201857370715372 -0.243341539148773
0.0444524484300637 -0.0600280605671817 -0.10111669326729 -0.193763540432226
-0.00697891715422692 -0.0777104856453712 -0.176829547021899 -0.0921764469175409
-0.0525272517742562 -0.0538381246228554 -0.168763522317223 -0.032543112385637
-0.0670680872908524 -0.0311685079690061 -0.115671534968916 -0.0480818275804308
-0.0689969842731809 -0.0362570330954252 -0.0936915906855909 -0.109610351675575
-0.0604152481252241 -0.0714275460859954 -0.0207066385338434 -0.176650294663786
-0.00484623647812181 -0.109078364656229 0.105313655004904 -0.191778175110854
0.0817470381051601 -0.0928582723755293 0.209808099006491 -0.0582881426797285
0.137090744429496 0.0356542662913654 0.127561103909002 0.0932456991908636
0.0340332802741844 0.145534501912738 -0.0418265857074149 0.0976677925316379
-0.0654302815480195 0.114433932520927 -0.0258322482223918 -0.174872877919393
0.0805852319617481 0.0120980765625035 0.0185980560758729 0.210271490552709
0.0160517155321444 -0.0638991832194352 0.0986698559303739 -0.0692804497411821
-0.0505589538914702 -0.0420425099956589 -0.118461428812282 -0.128879978305275
-0.0406158122961416 0.0312713841288171 -0.232969181654278 0.0302885571097139
0.00367249266516742 0.0341070172218742 -0.128324950253911 0.218211799543957
0.0142155063852551 0.0198424281017686 0.035768587867972 0.207490730092568
0.0190612418680713 0.0127183378789611 0.105977321577864 0.122986146515677
0.00976542112346141 0.00600242535516502 0.136730554520022 0.0634843358662332
0.00180046240309663 0.00968210037263286 0.162019448629688 0.0372347856011883
-0.0150861079490787 0.00572469589742809 0.177085138457932 0.0808496828055984
-0.012126685772335 -0.0119012454409328 0.114363762159322 0.168187732677121
-0.00148870479636461 -0.0199292712810936 -0.0190505339612095 0.222408717524408
0.0396790604377859 -0.0374489954433073 -0.115081040634935 0.236113555615172
0.078340632576205 0.0104343897782628 -0.173435354614561 0.233005931471379
0.0715406640219466 0.0863024687000305 -0.111825065122013 0.344561005401141
0.0755140329333112 0.126867465667685 -0.00291836310412659 0.193201463718405
0.0758926032041088 0.00806183242845818 0.105488114110079 -0.0698712436441282
0.028190282674549 -0.0357379469922857 -0.105633382768252 -0.161485080053176
-0.0015649215791439 -0.0213790809965895 -0.253103445637621 0.00555592110876954
0.00247178986426334 -0.0303222801298703 -0.154383352157481 0.211191531456424
-0.0191990894332185 -0.0297155169925371 0.0160271383932033 0.214517424386705
-0.027806540757271 -0.013511276385707 0.097839326472723 0.130586349975337
-0.0389217244110327 -0.0165034885540222 0.13025730249382 0.0635890315316794
-0.0444683622739897 -0.0222538126112124 0.152585494502795 0.023882184025793
-0.0508129400642602 -0.0597717644900122 0.177688106456748 0.0499508207925069
0.00346434900777507 -0.0919687483315035 0.146792757690119 0.132752151460438
0.0681681469908303 -0.0644423700903822 0.0322657052106001 0.206392475576192
0.134236505383567 0.00291636388036546 -0.0720355432243452 0.242383895037104
0.12738792690522 0.124866719872504 -0.139628868428158 0.231026659356122
0.0633026211008356 0.218855933165629 -0.0990965421747164 0.301016162624569
0.043244343625546 0.230889286736193 -0.0138189986404999 0.139241824428831
0.117152524378757 0.104562370746729 0.118787106456373 -0.0854750588603312
0.116893564057406 0.00024357061601882 -0.0771525113053913 -0.210085243364642
0.0621460725414572 -0.0679318230668641 -0.264234632949405 -0.0448698093065827
0.0139699381584943 -0.100178615295328 -0.184032074523875 0.175002772937693
-0.0475763793374252 -0.0866257576431974 -0.0199921656549452 0.20120834425742
-0.0718556144675273 -0.043860380712371 0.0682439703982967 0.127736384600582
-0.0829175022509182 -0.0362941900380906 0.104195627189692 0.0553442067368179
-0.0833461913130905 -0.045288927232866 0.124651152265961 0.000648806428915364
-0.0862980215839836 -0.10568068431264 0.161093790682349 0.000336922968016409
-0.00447835678854904 -0.159241447080656 0.173371965448504 0.0677654274132466
0.103854092141883 -0.126007734474968 0.100592153877357 0.165384846444376
0.217767951945662 -0.00496263829884701 -0.00810562294708085 0.236167977949083
0.190165616284905 0.192289519935084 -0.102169200223534 0.224059415492046
0.070908468983176 0.311125745918191 -0.0829211445381842 0.227824586475264
-0.00774926084404984 0.302916318452215 -0.00805700749564259 0.0482530678408173
0.126750492316395 0.206772766962462 0.134103086573078 -0.116373216471992
0.19084049866536 0.0646890458024656 -0.0287240249492357 -0.258377389562352
0.138292990497224 -0.0912121481829517 -0.242836853383237 -0.115240916447626
0.0399561176103967 -0.159056792301627 -0.20222270674101 0.104795291225179
-0.0626391426833444 -0.140091717045274 -0.0658995391561091 0.159077314604108
-0.104662832346938 -0.0728144292647796 0.0207092605510544 0.109745604422325
-0.114974209016359 -0.0503840542088501 0.0621875125143863 0.0394872077972118
-0.109621050535279 -0.0571517087441583 0.0806837314362685 -0.0244204241757492
-0.112714301030361 -0.127677800932391 0.124670919391027 -0.0511630248833701
-0.0239433600626455 -0.199039259504087 0.175966057590004 -0.00937164848042037
0.10583775043647 -0.178596678486519 0.156155644319195 0.100132544238693
0.264717693138922 -0.0372428243810445 0.0533746671531774 0.207114942860393
0.234152022564781 0.212843025484694 -0.0732758841827073 0.204242090555155
0.0779433047269422 0.352480819357824 -0.0740419932816202 0.134253824457521
-0.0620932076118658 0.321355728784022 0.0155686798043054 -0.066311743849854
0.0952400582704865 0.276197458921734 0.148911845942506 -0.155137152868152
0.2181438147171 0.134142353373999 0.0340166118542602 -0.288171779828281
0.195428360703359 -0.0808609704469675 -0.182386801429997 -0.18375272948669
0.0691082619929916 -0.185771384509579 -0.194542196354935 0.00958604944467428
-0.0604545712461555 -0.171719893365898 -0.109911425156524 0.091587925484038
-0.119922724336396 -0.0921803375428743 -0.0356707666292859 0.0762449746239874
-0.129551745146372 -0.0561761602297515 0.0115095441525763 0.0173701392318992
-0.120300272969598 -0.0597518895678202 0.0292249575470999 -0.04847230048192
-0.121166712986972 -0.129719435323058 0.07847755590522 -0.0941145972562185
-0.0360516737467265 -0.206344263248483 0.156580299428707 -0.0788566315931229
0.0946048910702543 -0.196168567396872 0.184380864406226 0.0337149251909809
0.267459163620837 -0.0548547933518449 0.093026311784703 0.164266814177286
0.233173311693437 0.207205140042356 -0.0585707156802352 0.17603834011257
0.0679672842430868 0.342134874363948 -0.0713372818712207 0.0362191056030138
-0.0991728253279931 0.276730108841176 0.0511471359068335 -0.181572959985248
0.0370420938523351 0.280751139658005 0.161965281393855 -0.192273437774941
0.183317719572087 0.171707820349767 0.0941150241984612 -0.287325076207223
0.201216438251877 -0.0462835845978723 -0.0966613055221798 -0.224635015527617
0.0841331026476191 -0.169183212239039 -0.160401642125431 -0.0848948701362906
-0.0459514889294095 -0.16940167421449 -0.141864495298046 0.0139970044276141
-0.113900304993378 -0.0953081606425381 -0.0898161962025277 0.0345449868968784
-0.124763379075442 -0.0541799669664658 -0.0379178005873775 -0.0067087256814586
-0.115681750062098 -0.0560906513981725 -0.0206771312353574 -0.0696178516938219
-0.111049641284154 -0.118073483514895 0.0334145705025603 -0.125291887421458
-0.0330006458021739 -0.18736855178802 0.129541935328261 -0.129185249852015
0.0865982495128114 -0.17876429803917 0.192120833361752 -0.0165179866392023
0.237982421177176 -0.0401485062414508 0.11084243434405 0.125723403776233
0.186590356060571 0.192983566940855 -0.0525945862953141 0.143758371853825
0.0336072809935464 0.290635499239694 -0.0660514089226951 -0.0518200149662469
-0.106407282549931 0.181043451629725 0.0821596383829722 -0.273112646555449
-0.0166608271520453 0.214352595199236 0.169138679877674 -0.215773617235179
0.112251996331077 0.152167881586624 0.131998682714844 -0.265390250427083
0.153177215013787 -0.0141533352592271 -0.0192499362329282 -0.235644841811995
0.0721053060435671 -0.120400839236456 -0.119795082178382 -0.153086303064192
-0.0270280558667833 -0.132407413629513 -0.15969544132862 -0.0510557094731443
-0.0882000732593045 -0.0795462129968708 -0.13228644651843 -0.00409550626571764
-0.100649545825655 -0.0438941497322233 -0.0797970850738667 -0.0285731103223714
-0.0957045033643567 -0.0468962021192501 -0.0613510976619529 -0.0882273748379778
-0.0876549564763292 -0.0967934614920005 3.17070578207981E-05 -0.148584052197291
-0.0192452693491116 -0.150484570125778 0.108782859439575 -0.161820843653988
0.0838864384422103 -0.137175211407451 0.192958125663234 -0.0443889984249859
0.189254376951977 -0.00305807890615823 0.116032541115424 0.100487279981106
0.113499055273731 0.17222978248514 -0.0469004436694855 0.115554697366833
-0.0148443464354191 0.209704802952163 -0.0509795802258485 -0.121762405405307
-0.0892741253723779 0.0555479494870831 0.0947922669858015 -0.324417669488564
-0.0518776507449308 0.10506656713052 0.163277484110059 -0.22161162937074
0.0354307853471603 0.0905514644563016 0.142034526013803 -0.240026207686077
0.0755652026478315 0.0050031937994625 0.0230558012971489 -0.231137662677675
0.0413222423359914 -0.0559249369753953 -0.0959508505746824 -0.185234916567822
-0.00677693943700248 -0.0732943448454682 -0.167092341463721 -0.0867280696320478
-0.0494141115681702 -0.0500862008547634 -0.157567507878393 -0.0294267451465042
-0.0622039694408419 -0.0289939511401319 -0.108377828374368 -0.0456779308244036
-0.0646772070312574 -0.0332035347955123 -0.0876693226020087 -0.103271151800055
-0.0570589924901594 -0.0665058908928015 -0.0184702664071534 -0.166943231260162
-0.00400655660750895 -0.103063625827456 0.100275891790068 -0.181395241876045
0.0764872732056295 -0.0865773024554462 0.198133462711992 -0.0539227973488234
0.128273925762574 0.0337370314437666 0.118711774431228 0.0903640204153511
0.0322420325964217 0.137312335814813 -0.0396200397612446 0.0930995191237533
-0.0617087265297293 0.107591424671931 -0.0237780459225132 -0.164234494167148
0.0789169282998438 0.0135922380300548 0.0116361032245047 0.204866059683005
0.0178317904277237 -0.0613449811623606 0.097825234390764 -0.0629501184964435
-0.0485132089655878 -0.041844942162367 -0.110086642541553 -0.129364435170501
-0.0405411798530899 0.0297884158787451 -0.228270567748554 0.0207820493312348
0.00343193290002126 0.0329477927711754 -0.129878512759226 0.207920354412965
0.012779843422042 0.0194536429929335 0.0286712535302127 0.202771691051077
0.0181090905561884 0.0125886334975307 0.0962593094744143 0.121999944160372
0.00901329280538995 0.00604787061855368 0.129284836524515 0.0644422563370662
0.00127636737345894 0.00885605848615449 0.154684387435189 0.0393630217543164
-0.0149606929932649 0.00434456142042982 0.168566672558846 0.0817676603461463
-0.0113710958859186 -0.0115022090560457 0.106638843880013 0.166202303473097
-0.000633977457827683 -0.0193617055626581 -0.0252585531267147 0.216955628207118
0.0384927991667077 -0.0344188224728529 -0.119509167608854 0.224442007396662
0.0753293055647295 0.0123992828527888 -0.17742161060782 0.218687702504055
0.0671892502201773 0.0858919638846132 -0.120712379753114 0.329042178612409
0.0703487808121772 0.12481597116992 -0.00801064591217407 0.188014948251563
0.0734688728892125 0.0101597798449633 0.104366438913148 -0.0630231638149678
0.027657922682508 -0.0334848222206523 -0.0974343399793922 -0.161071859914402
-0.00137877816689652 -0.0204584897671638 -0.245936761571457 -0.00413145714813933
0.00338808543707594 -0.0294001366554537 -0.155207357521512 0.198899536772307
-0.018223678993191 -0.0289058500498926 0.00951193554685944 0.207533210112487
-0.025946480419055 -0.0137084115109543 0.0897450237888382 0.128369328972347
-0.037504935480886 -0.0167684616984026 0.12351624118336 0.0637980658155985
-0.0421616182099801 -0.0237837340233276 0.146138193481498 0.0253484789601632
-0.0479349072848963 -0.0592125857420724 0.170630873743831 0.0512768718720735
0.00487568941024647 -0.0886398349560915 0.139303200104533 0.132459015970389
0.068145811033543 -0.0602271540584031 0.0244074485584589 0.202749031275296
0.129271919053192 0.00700024341984602 -0.0781724789926049 0.232601925796921
0.119712478213218 0.124106520598226 -0.145135307919401 0.218822550110891
0.0553349827700211 0.214744982326673 -0.10631695346882 0.288558139340767
0.0363325701126158 0.225516224715073 -0.0168765113148124 0.136216222959546
0.110582220327981 0.104866597208258 0.117169644512757 -0.077546953455635
0.112256038698464 0.00315679331146443 -0.0684081883508953 -0.207377112188428
0.061068795252056 -0.0630813446224251 -0.253634597126622 -0.0532632923695082
0.015672129539293 -0.0966237280762013 -0.18308647748424 0.163697511320985
-0.0440651595636376 -0.0845590606928073 -0.0254566309911322 0.194154628507304
-0.0687778192003103 -0.0442494005852327 0.0618709116523535 0.124860028828889
-0.0792652570059002 -0.0371594493868929 0.0988221608767827 0.0552646168057013
-0.0793373870830148 -0.0466245666128308 0.1181005585064 0.00308854122443521
-0.0814866603442272 -0.103882362604014 0.155801932246112 0.00311926001273576
-0.00108716259149836 -0.154352630577323 0.166569083674509 0.0695356137113182
0.10389695318664 -0.118626317617356 0.0919311220971225 0.165238286938383
0.210644864795459 0.00141644417086361 -0.0161937650205633 0.230037497346961
0.17943570802639 0.191829758033348 -0.108505743172696 0.214025279420261
0.0586061924108146 0.305228061359627 -0.0882280898033327 0.218574489140554
-0.0158117430006541 0.29345696199811 -0.00920793864910256 0.0486112373552545
0.116590700798515 0.203749400800742 0.133193889487743 -0.106086803767891
0.182438694859619 0.0675334403342696 -0.0193831365533962 -0.253218412393095
0.135822988473288 -0.084443662979936 -0.230925452847509 -0.121302866410944
0.0417189635780929 -0.15265492327872 -0.200228475082439 0.0946440581154389
-0.0577003565801887 -0.13648239542352 -0.0685602884816478 0.153092711511709
-0.099797006693426 -0.0727951594066383 0.0169270706250006 0.106143239597862
-0.109265300635655 -0.0508881117270714 0.0594368894992946 0.038984004319701
-0.104368616042011 -0.0589187655607324 0.0775146175270819 -0.0220980488157269
-0.106815739381337 -0.126499964762892 0.121795397525489 -0.0477588889864743
-0.0194351595670489 -0.193775970056382 0.17146998626028 -0.00699226863055459
0.106948588207301 -0.168907334543736 0.147622537895147 0.103795542273628
0.25702033664217 -0.028996406440503 0.0440246322500049 0.204383132262637
0.221918850549196 0.213837206560744 -0.0800586483877515 0.196502498590019
0.0660655511693709 0.345250837253125 -0.076263318964489 0.129029127100823
-0.069406513541518 0.309115655325237 0.0174976710907705 -0.0616368747678849
0.0842963767666307 0.271459313533093 0.148897801810082 -0.144220494030821
0.206156323987467 0.135720959187348 0.0431866193179223 -0.279201014285392
0.191197059603955 -0.0724251202710268 -0.168835378451297 -0.186028315652417
0.0707536449164019 -0.177395282596878 -0.189746317185073 0.00146062189773683
-0.0547770740014924 -0.167124794849514 -0.109455008803237 0.0863027455110565
-0.114111614554522 -0.0920199651342011 -0.0364097654944266 0.0729837876960144
-0.123949528507985 -0.0568415520638637 0.0112353213798892 0.0166357978087706
-0.114643307803082 -0.0618278334407544 0.0285969976477319 -0.0461703396553917
-0.114685476383408 -0.127982003958563 0.0783125819739918 -0.0902242338918063
-0.0315693596642576 -0.200774240885531 0.154030762929805 -0.0744611404146433
0.095869781340559 -0.187095805208447 0.176868954969326 0.0390711644107525
0.259644459826144 -0.0462376184075444 0.0843834559344282 0.16468000783886
0.221539480626 0.207303884713522 -0.0636475945626847 0.170139718144612
0.057073855057507 0.334284894450001 -0.0706139012245699 0.0338185139060628
-0.10484242423874 0.265749362453599 0.0556971750782113 -0.173491139039851
0.0275329403467325 0.272746149034289 0.162864934830314 -0.179279303940341
0.172072673523878 0.170417067397 0.101155518163604 -0.27665690422267
0.195484057309343 -0.0393892148149763 -0.0845312225513818 -0.223606800210073
0.0847922624135056 -0.161269727663731 -0.154109768017158 -0.0901236801139747
-0.0410618857674492 -0.164993134147101 -0.138648306577581 0.0105334241658518
-0.108165186609875 -0.0943072597834018 -0.0870683022832053 0.0320166830877688
-0.118824638279457 -0.0550061539946774 -0.0366567633531259 -0.00769117318219296
-0.109446965125454 -0.0574362537715597 -0.0186561660372717 -0.0676222117921739
-0.10434077543951 -0.116846687289396 0.0358502144765678 -0.121338134986712
-0.0277990261938486 -0.182440547067103 0.129583347270472 -0.123268502956975
0.0885916752670744 -0.169729296837817 0.185638322000641 -0.00976839340182812
0.230060399427037 -0.0330719244807072 0.102560300598127 0.128309801827145
0.175880916253143 0.19288643173809 -0.056639233341213 0.139643771753665
0.0248292419503594 0.283515181968436 -0.0628419900677888 -0.0521780277138682
-0.109080475412043 0.172464767968888 0.0891009070825944 -0.261418815016752
-0.0228925403850685 0.207529786468452 0.171615231694512 -0.201655623032726
0.103704319344738 0.150214010584057 0.136579777453059 -0.253440214477667
0.148078615919013 -0.00935710758462126 -0.00840250589838797 -0.231033943297508
0.0725498078706199 -0.114004742323294 -0.112235897131851 -0.154402328974338
-0.0229791397721158 -0.129054414674929 -0.154002718650875 -0.0529887950023916
-0.0835588587643329 -0.0784874539927276 -0.126966897203709 -0.00632083540229275
-0.0956169803195659 -0.0448580364830616 -0.0767249650758812 -0.0299071811920863
-0.0913289986632571 -0.0476341782395816 -0.0571820195888753 -0.0866931992556677
-0.0821523533496126 -0.0950190438591625 0.00376485970669312 -0.144528346478082
-0.0151657991003222 -0.146713941404113 0.1097829301731 -0.155252773618175
0.0841121530485875 -0.129613386175066 0.188396452500028 -0.036720551395821
0.182030990650864 0.00145983218345364 0.108965388504419 0.103463333276713
0.105083889183674 0.170373793900303 -0.0496222771301153 0.111486894541184
-0.0200055019873485 0.203217555354731 -0.0460313883947866 -0.118719875749448
-0.0881498205372672 0.0508265754401762 0.101922975209854 -0.311295028673929
-0.052771888900151 0.10085038167503 0.166662162095782 -0.207465511030377
0.0313271234731549 0.0878047969569965 0.145978835604983 -0.228112019192448
0.0723444949481369 0.00804001600107412 0.031698731661123 -0.225610632797123
0.0411439475072413 -0.0532064441316445 -0.0890464608716534 -0.184634374226782
-0.00479483824991805 -0.0713146021055974 -0.159380327595422 -0.0880037908314294
-0.0468364104616991 -0.0491889857671952 -0.151277909567188 -0.0315671965268966
-0.0584819482869895 -0.0286942319687817 -0.103336908530425 -0.0474625754838218
-0.0615154763062812 -0.0332238810183091 -0.0818773538531743 -0.102322597529589
-0.0536708207937113 -0.0652551243077479 -0.0131438229661042 -0.162671566386699
-0.0011598615395824 -0.0994952872828374 0.102583336713254 -0.174020763161686
0.0756408301015814 -0.0813375454444474 0.193251912960457 -0.0460252501050299
0.122518920108478 0.0360107287866971 0.11182702550475 0.0938170007659313
0.0277968401965455 0.133739261075254 -0.0411427159026859 0.0903733383113353
-0.0629787937914521 0.102138386522655 -0.0184650990686147 -0.159065627956764
0.0797366782557304 0.0163264220454521 0.00578176371843749 0.207355023119242
0.020164607730195 -0.0610664276932445 0.100518193739753 -0.0590964912725377
-0.0476816853424719 -0.0428276882246666 -0.106031620991013 -0.134197294514541
-0.0409262625389062 0.0293156445840582 -0.23165505518094 0.0120767919745988
0.00271975979746865 0.0327580036483292 -0.136372128760843 0.205110031217579
0.0120224090857894 0.0198234935173757 0.022158709508206 0.203701166287431
0.0179993663857423 0.012995019488525 0.0906156952396721 0.125688497166733
0.00836041285526153 0.00587526021610127 0.127167222347839 0.0678706168890802
-4.5644063862495E-05 0.00760503018049803 0.153299807469092 0.0434084337340098
-0.0148979432788456 0.00413146839112838 0.166607504400691 0.0857071212681308
-0.0115037673419839 -0.0124567507673161 0.102952597293712 0.171098591037419
0.00063247929238233 -0.0196871466556371 -0.0321121502992429 0.220055121535494
0.0395112719864611 -0.0332044292730074 -0.128719612600598 0.221558577471547
0.0753410661056914 0.0143143921116008 -0.189393445936984 0.212353807040485
0.0652156343817462 0.0883069435109054 -0.13363661433013 0.326868704399957
0.0680128330914285 0.127978161742264 -0.0138803536131849 0.190461199329414
0.0734612943307308 0.0119221844862706 0.106805400269923 -0.0584719123463982
0.0280789752688133 -0.0327385814888204 -0.0922442353446323 -0.165982998725397
-0.000585462489077606 -0.0195376709058751 -0.247382759476959 -0.0137541045341505
0.00416067806810046 -0.029464970767127 -0.161950240128541 0.195886279165976
-0.0177478706286295 -0.0299497156680956 0.00297844372502641 0.208946734834258
-0.0261519327591389 -0.0143555637816843 0.0837047118433258 0.131559002336875
-0.0373124120225994 -0.018034521062049 0.120843155219021 0.0667520916213521
-0.0421453241269118 -0.0252409438074278 0.144830552764065 0.0293853704105499
-0.0465441881482181 -0.0606414738933666 0.169158057999415 0.0543282035358845
0.00688948407643594 -0.0897428228964143 0.136728455137507 0.137011645819298
0.0706999759552978 -0.0583434989892438 0.0180076781212332 0.207202712818723
0.129431145086966 0.0106029145243427 -0.0873061611659282 0.232271796916633
0.116846554225281 0.128772574997417 -0.156244757689495 0.214672306385334
0.048679361042032 0.217841146901594 -0.11657373176893 0.286666336626232
0.0304632366632763 0.227720223476674 -0.0213025752509825 0.138711812063752
0.107773255177205 0.108434426856141 0.12040439768828 -0.0718911463860958
0.111890336373231 0.0065738011215744 -0.0607547242786961 -0.212089427990284
0.0628996678813774 -0.0604534831933436 -0.253072914871239 -0.0636564114269038
0.0183421331827117 -0.0961167861773095 -0.189141337344424 0.158539861186575
-0.0420682261988364 -0.0860409281651323 -0.0316664125053815 0.193553020962155
-0.0671650297415552 -0.0462030253911075 0.0572788828590148 0.126118438178835
-0.0779644551034408 -0.0390147265039617 0.0965047102889206 0.0573419167410064
-0.0783944646911227 -0.0499731912167033 0.117902003758666 0.00561380112294725
-0.0793717928000204 -0.10721934017932 0.155324155291641 0.00559724745831561
0.00159506265073244 -0.155010532142803 0.166662728878718 0.0731152529831891
0.108043654854373 -0.116349561007792 0.0864609055668639 0.17135348011923
0.21158189433659 0.00770765467001156 -0.0251568088400587 0.231891847395797
0.174674832427458 0.19893974879448 -0.118468718512804 0.211927526510192
0.0501273687092142 0.309672830032711 -0.0963160112198939 0.217220752363514
-0.0243745128533014 0.294889159628903 -0.0109693538215554 0.0510011214145075
0.111024010338185 0.208289485509936 0.137188006886341 -0.0997785524714034
0.180251791005063 0.0727564427503317 -0.0102855322611277 -0.256098167042155
0.138274752093194 -0.0803571342960115 -0.22685286635529 -0.131348439454865
0.0457361107847832 -0.152184391861956 -0.203789392021513 0.0876883914021669
-0.0547779028203458 -0.138301205677574 -0.0734437009001453 0.151957102992006
-0.0980601026564421 -0.0756201710247502 0.0135984259632968 0.106528372946143
-0.107361267144437 -0.0535739484596164 0.0578197226323091 0.0395021721659048
-0.102676866332866 -0.0622716890135563 0.0772001719844722 -0.0205465883135671
-0.104186238397513 -0.129749060174307 0.123026529385797 -0.0455977882498475
-0.0156837395032929 -0.195641933146605 0.17274630241491 -0.0036110233045499
0.112000125008597 -0.166808840290756 0.144281924179209 0.110843876461839
0.257914163000608 -0.021484520749235 0.0368981013796642 0.208990192472846
0.218462362984107 0.221254001838938 -0.0891415855674216 0.196614734081459
0.0555754137842387 0.350904482018736 -0.0817816478268283 0.12765621441595
-0.0791353189796462 0.310100097543706 0.0198170430930688 -0.0605153547938669
0.0752713415530086 0.275237212030536 0.154519135861098 -0.136879200938096
0.202924297153561 0.142008219264515 0.053088567408558 -0.281405591173558
0.193506642124361 -0.0673145651376704 -0.162505957923573 -0.195223860185887
0.0756232861293939 -0.177179222746245 -0.191829187136751 -0.00670436404991654
-0.0513981399949923 -0.169332572986698 -0.113326909976343 0.0839742636672132
-0.1125209305083 -0.0949597629221563 -0.0381045805958418 0.0722323016788955
-0.121879760971977 -0.0598703537588952 0.0107768862626574 0.016232090327647
-0.113031599991162 -0.0652625618074465 0.0290488001860875 -0.0459680416139913
-0.111825121980265 -0.132378462892632 0.0804203105353124 -0.0895540650397535
-0.0276393098580304 -0.203230846925349 0.157680221396508 -0.0722216559536697
0.101509137195131 -0.184797871107371 0.176460155757873 0.0462438325328001
0.260943296876185 -0.0394576291263176 0.0786322323496379 0.171282918931104
0.217211051458497 0.215120574973095 -0.0717945402570046 0.171085654155111
0.0471520322403514 0.340212356096229 -0.0724580670715502 0.0322769535441968
-0.114010952200373 0.264173905312837 0.0613740500400591 -0.171163263361954
0.0192560136065223 0.275044631077859 0.170095796043793 -0.172216002822363
0.167063225830562 0.176651422366534 0.111155149297377 -0.276678725114995
0.197896158934219 -0.0338087811425607 -0.0758655320106275 -0.230726480074316
0.0893356087712843 -0.159414576671957 -0.152974950019829 -0.0973630949955479
-0.0374589524169246 -0.166895103859974 -0.14008735920362 0.00667361553719282
-0.105767212718563 -0.0978619703263615 -0.0874925400711726 0.0299957476693385
-0.116681077203081 -0.0576620192819619 -0.0365731288354053 -0.00885954301819872
-0.108572669867207 -0.0605955092139412 -0.0175184728409573 -0.0687554689465714
-0.101771335578379 -0.120226463728952 0.038988884635895 -0.121605501459898
-0.0244466234334963 -0.184863580643295 0.13375930441718 -0.122151168777993
0.0929180377088376 -0.167270705187937 0.186896508890007 -0.00274281268164271
0.230375471565019 -0.0263893736485069 0.0983817862478591 0.135463778545726
0.17244795482233 0.199042076977761 -0.0622210158429295 0.140521084332813
0.0170232811636923 0.287654044766408 -0.0620085394253614 -0.0534726241534077
-0.115122112211696 0.17016667521624 0.0980673930295961 -0.259848516853818
-0.0295276932742143 0.20786382815571 0.17979225903602 -0.194696805621041
0.098944947245761 0.154119058306571 0.146974402247369 -0.251467281929893
0.148645769367525 -0.00466312033057131 0.000264030164819853 -0.23604149732724
0.0755058213887746 -0.112801298209409 -0.10992756285627 -0.16136108802119
-0.0200443633818911 -0.130432873436264 -0.154067304497826 -0.0576783917972872
-0.0819557874346751 -0.0812168656059157 -0.127096358516255 -0.00911245602314926
-0.0934575888764589 -0.0469200740334988 -0.0760937371629728 -0.0328561811367475
-0.0895449946910333 -0.0506100437093341 -0.055427853054402 -0.0887238232469755
-0.0798405903704361 -0.0978023284814954 0.00796511489666124 -0.146243913190599
-0.0117197804152046 -0.148062205510097 0.115489112129737 -0.154212352359302
0.0887453244916714 -0.127043392128393 0.190546229862045 -0.0310081529067557
0.182149492646182 0.00686363023225416 0.10568424781136 0.109965324178227
0.101516888418145 0.174339728312538 -0.0536106037541962 0.112126634960059
-0.0263703579997187 0.20381585850022 -0.0430466774544107 -0.120164334764612
-0.0904120148561769 0.0487953381327127 0.113161037597674 -0.309751675098095
-0.0555298679189208 0.100085566983509 0.17622433066801 -0.201688713919768
0.0281842211753029 0.0895250222444918 0.155698608652079 -0.225307262027389
0.0722288219136982 0.010177610387071 0.0403199784663952 -0.228516912117108
0.0417665233656411 -0.0519403032944914 -0.085344106478732 -0.190463312066044
-0.00350314510182842 -0.0726923036832064 -0.158478851721097 -0.0927283488103098
-0.0447420523625167 -0.050556122535367 -0.150110861725029 -0.0355573793493156
-0.057183720607332 -0.0299448673911516 -0.102134549566822 -0.0501897960476148
-0.0606481396278642 -0.0347125166670758 -0.0786121849934007 -0.10508981119727
-0.0515370622103026 -0.0667503384391526 -0.00775662044617702 -0.164769918958501
0.00196211087104834 -0.100828757686774 0.107988532589989 -0.173076484284904
0.078567801484628 -0.0785327567235681 0.195948062194501 -0.0402748077207757
0.120839734412452 0.0402740845268094 0.108641866999256 0.099637472985302
0.0243948531880852 0.13504212828669 -0.0448914065952376 0.0905417678405983
-0.0661764492223358 0.100265350213211 -0.015083209490464 -0.160445300683613
0.0835628562533234 0.0166718818241778 0.00493400854736648 0.216143707449557
0.0220789050778076 -0.0632762333899818 0.106521692233001 -0.0595079885168898
-0.0495685178252337 -0.0440338637393067 -0.108463103558516 -0.140565589071113
-0.042466875727115 0.03084396340761 -0.242500042539511 0.00911465245295383
0.00282163648766307 0.0331833261614055 -0.142707752750954 0.213223296250788
0.0121229768391457 0.0203766235817305 0.0211155500570875 0.211933028717559
0.0190388650219826 0.0131918489146459 0.0907653890483916 0.132627271630549
0.00873775301814863 0.0061001946254582 0.130388299607391 0.0707209420696715
-0.000628992935959984 0.00740175390905723 0.157789564174304 0.0456227826763661
-0.0157800379064981 0.00344345592539854 0.171701102897697 0.0887530129112235
-0.0116947925019916 -0.0127798022821503 0.106106849623842 0.179087096393521
0.00199310991484219 -0.0206247079630826 -0.0370456986379697 0.230233205375665
0.0407769170454553 -0.0337105929479321 -0.13582291613579 0.227900259320303
0.0769022700480996 0.0150099525472323 -0.201246476767228 0.217481537268277
0.0678829684575648 0.0923260452495355 -0.14208229025068 0.3378053909884
0.0708975428817586 0.133313029533196 -0.0157111589419212 0.199316341799381
0.0763106438078162 0.0128229373786748 0.112099519548596 -0.0576747460845172
0.0289062134035099 -0.0330120762714917 -0.0935113625384042 -0.173952527495372
-0.00088281595313279 -0.0184317597229154 -0.257847560391882 -0.0182343525543619
0.00437273547236349 -0.0308331790651934 -0.169058689401051 0.202220954651792
-0.0185258451878896 -0.0303948235675672 0.00138416272158159 0.21647954351251
-0.0269129732786374 -0.0147987273403863 0.0839375933612085 0.137274656823267
-0.0384736798333754 -0.0191532081960721 0.123657817051193 0.0693600580069395
-0.043934359243384 -0.0274426075309681 0.147936702271631 0.0307517259537534
-0.0483132649484071 -0.0639319056731821 0.174557726555727 0.0560370441512005
0.00650947550801632 -0.0928067452904362 0.142143420517155 0.142664261860195
0.0739816535183231 -0.0602956505928012 0.0156496113873279 0.218272721786496
0.133795167100731 0.0118891596652485 -0.0938601758022384 0.240280966920524
0.120159061104678 0.134172477309195 -0.166390476875768 0.221363361384549
0.0494813435182319 0.227689238788431 -0.124853988769762 0.296566364421286
0.0310463100988016 0.236508137697218 -0.0230490987032986 0.145537939845773
0.110980686433976 0.112950720529799 0.126647115638307 -0.0705112912286772
0.115532127283653 0.00784244336664633 -0.0606088933007434 -0.221940455808957
0.0655145211215108 -0.0614950363966152 -0.262020186229881 -0.0704153039814523
0.0190188778491396 -0.100367849793751 -0.197549929891907 0.162059206468827
-0.0442554099163741 -0.0889166812987712 -0.0337930046460389 0.201334127075003
-0.0694325985379158 -0.0473625178322555 0.0577238209695459 0.131101186720398
-0.0801978753970333 -0.040907341580743 0.0985085194702815 0.0588093352066965
-0.0812337235323259 -0.0531364899745697 0.1202236928659 0.00578795348846623
-0.0829485472674619 -0.111174500864769 0.160426079710139 0.0051684465189146
0.000579247797775575 -0.161210305392916 0.172799809553593 0.0754700295666343
0.112709451878954 -0.120085032243771 0.0876735596385297 0.18121045014561
0.219024024280589 0.0088663436256086 -0.0297864912669796 0.242529209453523
0.181165692037014 0.20738489445089 -0.127261258157891 0.218666326672707
0.0498235412919917 0.323859383796797 -0.103582898966478 0.225908691223561
-0.0271266814795309 0.306517145460549 -0.0109648098192013 0.0553184283814427
0.113788712817121 0.216460733264227 0.144101766980741 -0.0983457819752438
0.186388164627011 0.0769587377900558 -0.00668630546352136 -0.268044873185958
0.143250456147354 -0.0821098828325902 -0.234360307835918 -0.141458427876674
0.0472521768764303 -0.15800383912222 -0.212797748081054 0.0882786137555073
-0.0566623531247818 -0.14345962017512 -0.0776698526308622 0.156981469122105
-0.101582851636203 -0.0780214277529342 0.013558591695536 0.109719393809316
-0.111201033976442 -0.055607713602593 0.0586773356802341 0.0407953627275561
-0.106574667492777 -0.0665937283999589 0.0788877316981845 -0.0216583287170449
-0.107764688291183 -0.135074307417633 0.127114977747463 -0.0486942019220124
-0.0176549312491637 -0.202929254306832 0.180157128225556 -0.00454822694630184
0.116545637110837 -0.172251412807564 0.148598718324464 0.118249588293643
0.267588031430217 -0.0215788138129254 0.0357933043234938 0.220443164383371
0.226145006902416 0.230786168006956 -0.0967700192946192 0.204186191058041
0.055725955655594 0.366042372770661 -0.0867123797009228 0.133168135173013
-0.0836909605447068 0.321567356763362 0.0212487082208877 -0.0602845188076965
0.0768491442531247 0.286064524188059 0.162218315109652 -0.136773840162421
0.209392633686622 0.148574308832306 0.0586162363802587 -0.293089275265472
0.201030645870664 -0.0686628668034576 -0.166413919148743 -0.20710626588475
0.0786489293318463 -0.183051685160704 -0.199751984358903 -0.010138706910353
-0.0540311197978133 -0.176140202705124 -0.118170776179713 0.086625732983603
-0.115865041332804 -0.0989440745440119 -0.0389718011356242 0.0745522940463986
-0.125043688635354 -0.0620241793592204 0.0101877933937552 0.0164129787523568
-0.116988490794329 -0.0687189015406757 0.0291067037248461 -0.0480740553578148
-0.115828903601018 -0.137209789139342 0.0828009794788759 -0.0932809982082162
-0.0295954612842168 -0.210998043961953 0.164323636833084 -0.0770104861172226
0.105509218819501 -0.19084961380074 0.182044978723191 0.0502304308606536
0.270207506846416 -0.0398673346445707 0.0791654422973154 0.181599067158751
0.225875474172603 0.225034834511719 -0.0773605091612897 0.178486865577126
0.0473270475041839 0.355233740226036 -0.0757494926305374 0.0339275268252822
-0.120835759577246 0.273902607913921 0.0652882129419972 -0.17573201686491
0.018122593184265 0.286974945358067 0.178618015448394 -0.173790157483374
0.171421120995422 0.18495804622377 0.11936083072907 -0.287083564986644
0.204719926309492 -0.0326500928081222 -0.0747626037321547 -0.243164164792955
0.0921629506028971 -0.165552083991275 -0.159904914231823 -0.104374858840818
-0.0391858643683392 -0.173367192908043 -0.146089684511718 0.00638667272596452
-0.109433780566438 -0.101109394041837 -0.0906650494341079 0.0303645252845995
-0.11941181179456 -0.0595330527618969 -0.038092639486101 -0.0102661131946295
-0.112136080990177 -0.063750661337087 -0.0186201835539784 -0.0719710250420785
-0.105006819777626 -0.125111343611853 0.040166447040726 -0.126892931000975
-0.0252506239389838 -0.192329539603171 0.140218610020012 -0.128855163174115
0.097216381916191 -0.171779088486074 0.193806840160937 -0.000956180109819941
0.23824929432808 -0.0262435284284569 0.100339865056446 0.143690740512097
0.179029491149099 0.207042923464523 -0.0666967009614722 0.147200840186696
0.0162382551313496 0.299297192786776 -0.0645665746674311 -0.0552860531661131
-0.121540613999266 0.176477650246959 0.104584112298916 -0.268548675683895
-0.0310889993994955 0.216313392112711 0.189980867612643 -0.197087586298634
0.100818350663251 0.160618170932068 0.156765283761795 -0.259764248952806
0.15420018646442 -0.00313405972957566 0.00391323334293574 -0.247399493087798
0.0781750462069581 -0.11696771241197 -0.114290380108441 -0.170605287317154
-0.0216363495931252 -0.135260008479548 -0.159895789041066 -0.0603878925059255
-0.0847523059360515 -0.0837899531608523 -0.130673088347682 -0.0103387886445906
-0.0954291108438556 -0.0484714394393059 -0.0789899432583184 -0.0344519036416258
-0.0928802628160356 -0.0523350164922254 -0.0570422196403036 -0.0921679746147075
-0.0818420932426652 -0.10131375133091 0.00943808895516101 -0.152203418958978
-0.0114063016206858 -0.154120502805661 0.120766197988953 -0.161307375037733
0.0923815410885705 -0.130405304733594 0.197655171765883 -0.0300258998029406
0.187213764272381 0.00811020600607974 0.108311682920351 0.118093537370801
0.104640984706089 0.18125769764144 -0.0571808980975402 0.117305109936929
-0.0278670180531552 0.211342520081994 -0.044280046423684 -0.124021039998151
-0.0945166858350971 0.0499160020571682 0.120775626170566 -0.320446478171686
-0.0574494496690317 0.103378211527452 0.18683180027657 -0.206193803643325
0.0281758309771279 0.0924416864249581 0.164470466366954 -0.232351054122233
0.0742634580961849 0.011789578664291 0.0457853288983188 -0.239934234196526
0.0437955496699393 -0.0533479644592312 -0.0889238630827508 -0.200121332927148
-0.00389689292156308 -0.0758555558425959 -0.164850677693554 -0.0977519056329263
-0.0465802974432199 -0.0523057873566843 -0.155396232320441 -0.0370364926199653
-0.0580143981003861 -0.031281602165304 -0.105792211788943 -0.0525927049625429
-0.0621842601095582 -0.0356629996331611 -0.0812598750209405 -0.109281818066622
-0.053006614595529 -0.0690695580724598 -0.00697724454297927 -0.171508889846983
0.00241857907459147 -0.104996401727433 0.113045576428488 -0.18016605653398
0.0814451750182039 -0.0809857804204632 0.203487849574045 -0.0400291580289098
0.124659662086997 0.0423133054107449 0.111103651894817 0.107179121900083
0.02507522277782 0.140283240013354 -0.0469813045654848 0.0942190333731699
-0.068948164669213 0.102894177274333 -0.01451137535672 -0.165638021132969
0.0896123261006623 0.00183769242115912 0.0353689002728733 0.23042292915821
0.0149161358684014 -0.068942612977365 0.104338781928754 -0.0749358687693281
-0.0557921702718353 -0.0380351184798644 -0.130684005134942 -0.129781844221334
-0.0372572965420986 0.0353860933983753 -0.248549841859121 0.0488420355184309
0.00513855451734134 0.0310499195140569 -0.112186357079407 0.242479310286095
0.0139784830351275 0.0187933666058831 0.0554502293385227 0.216880705592319
0.0212546107620771 0.0108907683893735 0.116155716515025 0.124536292209022
0.00855087948156492 0.00454330010578795 0.143295396920089 0.0534268713460402
0.000424060328032996 0.00801623134745065 0.169288378893113 0.0229216582211252
-0.0169158000428598 0.00634753113532872 0.190837941311531 0.0646464680232709
-0.0160564168209452 -0.0112739559887461 0.137486175316941 0.171151475803527
-0.000286284037082237 -0.0229263989889785 -0.0043157465342405 0.247599803163384
0.0360826615586372 -0.0412825900482376 -0.109471703089296 0.256517075585087
0.0815138779519573 0.00248347566208913 -0.177537019325753 0.252404391179312
0.0848369649693874 0.0832081330895851 -0.100996768755375 0.371373894856877
0.095901805754631 0.126112912496839 0.00477956476037775 0.208649141999747
0.0819007248118605 0.00345345816007143 0.106614808729133 -0.0748731675232993
0.0260952047873472 -0.0377439516742541 -0.124890528043426 -0.164907070092854
-0.00149583332705535 -0.0210393059121018 -0.270313093363825 0.0253067967561181
-0.00215943409433316 -0.0353949561081367 -0.141127234304793 0.238230021806926
-0.0251744140219834 -0.0297640199292315 0.0368665030036209 0.227273370662746
-0.0296562415092012 -0.0118014774622762 0.110633615059609 0.131142374274042
-0.0432132873885186 -0.0131710622994283 0.136598998795071 0.0520641226528936
-0.050022728345515 -0.0213871330568286 0.156573395724028 0.00836690060433336
-0.060574385773727 -0.0567377855908836 0.188662965256035 0.0299357297132946
-0.0100773978554827 -0.0946535790152892 0.168291537621621 0.127466472636365
0.0675890001124877 -0.0736728004911978 0.0463700076202092 0.22781153129374
0.137606189484004 -0.00885749576775156 -0.0639264248982852 0.262517054015539
0.142647177238091 0.117866334534234 -0.139244188324836 0.250066550340872
0.0866099460865925 0.223969958312127 -0.0885359724721803 0.328826945678897
0.0725123564877257 0.243066328185518 -0.0158361002410972 0.144764598086267
0.132070149015909 0.103198397777411 0.115290856080683 -0.0937643568527603
0.122798564396625 -0.00729426635122773 -0.104812868268363 -0.220921004057691
0.0614293690945543 -0.074360723416094 -0.286101955141418 -0.0264489583940251
0.00353102634068113 -0.108495426916965 -0.177978076219709 0.205244395073259
-0.0597348033980254 -0.0868573669444327 -0.000744882313674064 0.218395138767757
-0.0782405863706619 -0.039187969403014 0.082700204637518 0.129967115600889
-0.0892039452624517 -0.0293774968794194 0.109516000884339 0.0451176550040504
-0.0918215205208108 -0.0418782076533813 0.123877640189083 -0.0121984892795843
-0.102473029874244 -0.0999444901586251 0.164123856888318 -0.0197823704459294
-0.0265917564014556 -0.163259630690483 0.190390207826608 0.0532383802427715
0.097906051117598 -0.140026069178594 0.115136249457394 0.179164410809495
0.224542079711654 -0.0252208456129646 0.00328430033428167 0.254542505331276
0.215863816863171 0.183391389357089 -0.0968005144363523 0.241512611122444
0.101593674634205 0.321886731663043 -0.0752760873670263 0.251352701338885
0.0244516615538104 0.326768223863534 -0.0189070399601809 0.0402795504990044
0.150067681827268 0.211944770092178 0.126937732621989 -0.128798910118188
0.206589391749024 0.054265187290476 -0.0623520858956187 -0.278410902965074
0.140452133887454 -0.105475097901517 -0.272806743462669 -0.103659042196551
0.0249000560190412 -0.171811751863374 -0.207738072736134 0.134302472729454
-0.0811140085182697 -0.140686589900258 -0.0519770466002262 0.182637941683042
-0.115450785816608 -0.0662223339364868 0.0346222704062928 0.116454126339007
-0.122498617414969 -0.0404145015507356 0.0664625325182423 0.0323762908273727
-0.120395954142977 -0.0522438829599085 0.0765456055514589 -0.0346813543396588
-0.131455529217389 -0.120000232405194 0.121449753938167 -0.0700927150193502
-0.0515504912751148 -0.201807377556096 0.18578886417194 -0.0309613168152497
0.0938602833682971 -0.193491485828559 0.16875925170371 0.105108309991579
0.26894822346082 -0.0647139214645822 0.0662727372377808 0.222700579173613
0.266417594122892 0.2004640785573 -0.0658788403105674 0.221282307696197
0.113801938753274 0.365286965987602 -0.0705157288029559 0.152881610490336
-0.0334651572081707 0.354005449238228 -0.00194474999079134 -0.0907102723215861
0.121510395873846 0.290642943322925 0.139184771413928 -0.174905872560726
0.240324370599404 0.127039833877241 -0.000786798684626332 -0.318613580316214
0.201774508202691 -0.0983691699068879 -0.216827073812069 -0.1842866536936
0.0547489753373943 -0.201674829050051 -0.213611262780728 0.0311872015866501
-0.0827405164736499 -0.174655283846782 -0.105289606630847 0.11682421184
-0.134249708278116 -0.0852020425377494 -0.0264957305466478 0.0889084375046343
-0.137259964744338 -0.0450375888857408 0.0130609765676249 0.0148938167446828
-0.130341705183303 -0.0527439549181602 0.0214340131417798 -0.053815099969171
-0.13953310030749 -0.122187320243747 0.06887432157769 -0.10938794951218
-0.0638323136303757 -0.209413882557178 0.157776181198844 -0.103569977252782
0.0799091013548986 -0.20995921172253 0.193172881040513 0.0287282306706254
0.268358442354279 -0.0837690898650442 0.106003448660355 0.176323264631203
0.26530708816508 0.193771355530723 -0.049414793616956 0.192660568891797
0.102509612851593 0.355280756820762 -0.0736800482154254 0.0488155791729773
-0.0790058048670129 0.311004371264526 0.0305296762254274 -0.21808755709164
0.0605647413816442 0.299767764641506 0.153825507393136 -0.216735452233131
0.206319098449743 0.170385020718624 0.0643496289108221 -0.324750833927807
0.21089911876911 -0.0613242027782467 -0.128486943246265 -0.239095269255885
0.0728112345981129 -0.18435261170724 -0.188774704144083 -0.0745914676158084
-0.0666374845062174 -0.174034832810766 -0.148125005014828 0.0391764799609882
-0.127135542712598 -0.0888094905722751 -0.0874499926914535 0.0526393221125284
-0.130686993337031 -0.0436718068358643 -0.0407310891102453 -0.00497153757457178
-0.124187368207647 -0.0481341099867652 -0.031238702156995 -0.0707314140008371
-0.125561814054546 -0.111119189681696 0.0203814083481733 -0.137211191497074
-0.0561592370095144 -0.189547151665278 0.124683809033952 -0.154491566090131
0.0738599408835037 -0.189383581076921 0.198657120615761 -0.0272736926908017
0.238040935984465 -0.0644126248319822 0.123505211173419 0.134087857782586
0.214265398907119 0.182886565398502 -0.0427757384413908 0.159638754173646
0.0618714107808138 0.303036301870759 -0.0745961364606433 -0.0464627876002185
-0.0957478068997114 0.208925783369308 0.0630438921617141 -0.31581756975608
-0.000906849203918995 0.233146437443365 0.164846978446818 -0.243753264289394
0.12834003453047 0.155548708799115 0.112124971297493 -0.302868614440243
0.161817990657812 -0.0223622968081827 -0.0452610680171146 -0.258974362796931
0.0663952279495444 -0.131606790459611 -0.153172907046247 -0.15300563793648
-0.0427951205225545 -0.137738935979795 -0.174320183861027 -0.0298903870136928
-0.0990758171168005 -0.0747199646512285 -0.137836007362797 0.0158552365069351
-0.104149556471125 -0.0364622654962587 -0.0856230287429403 -0.0232452021672543
-0.102233331458852 -0.0387515562559404 -0.0735397329558925 -0.0861802577480552
-0.0973256907077341 -0.0907721310653588 -0.0152297037087262 -0.158819113465374
-0.0353007539814409 -0.154204852246195 0.100717482236255 -0.185253776191639
0.0748138347303774 -0.145852816501431 0.198472719515355 -0.0590039649670594
0.191037496754983 -0.0204336676496539 0.128942972434736 0.105930366168451
0.134085451143317 0.16866625714276 -0.0378728203231179 0.128723398903834
0.00320798257145466 0.219615413576304 -0.0640545090503641 -0.120959362667788
-0.0886892444794821 0.0721796224181492 0.0778266603467013 -0.363588240118941
-0.0444455649126369 0.118630121258582 0.164101200019982 -0.249425698687715
0.0423872117105556 0.0947983194777259 0.13100374448934 -0.273880380038238
0.080983351963972 0.00438935983137414 0.00300126542734738 -0.257864393373604
0.0401965041203298 -0.0612234668546754 -0.130020396289533 -0.191220033473405
-0.0147048411335496 -0.0780583272351779 -0.187081762478992 -0.0717454581563036
-0.0547788910929333 -0.0476602633286652 -0.168345842336089 -0.00993645389880025
-0.0626238821672669 -0.0240090035814608 -0.116641340681971 -0.0380183686977817
-0.0676375531382781 -0.0263812811529632 -0.101204000240082 -0.100637697405848
-0.062774115845033 -0.0617555546540646 -0.0349433164440962 -0.176479231906062
-0.0124290955497327 -0.105272443167679 0.0905383725170853 -0.204101951501491
0.0710538181043415 -0.0936383087445309 0.203712373359281 -0.070565338993113
0.132519778891648 0.0244248659379661 0.131559149482847 0.0941582765072537
0.0465515112832787 0.138647026907056 -0.0319855274474846 0.104769571534002
-0.0552133827582589 0.115434258411867 -0.0395609752437715 -0.169229401179824
0.0916381980990742 -0.00592805574095361 0.0541237707506763 0.23065982855335
0.00968857323443451 -0.0711564574811719 0.101637938369858 -0.0822596717289432
-0.0589653580174341 -0.0331541201746676 -0.14083240699726 -0.12228384142161
-0.0338387469183253 0.0387571361350741 -0.248885259091979 0.0675279736312255
0.00794121306226163 0.0299005561069322 -0.0940765283658183 0.251884181724245
0.0155678677063422 0.017879936755247 0.0725214660753849 0.21454988514605
0.0222709078577945 0.00819466239205352 0.12571994858051 0.118408946350009
0.00899112786918047 0.00409098721322059 0.147601997681536 0.0428663499581163
-0.000437780916990216 0.00740451831039112 0.170815579143078 0.00975346311428951
-0.0173107263857493 0.00736769492027897 0.19673966867094 0.0489401683479835
-0.0174374422545689 -0.00979502968571535 0.15177087500768 0.162699567801733
-0.00138451571020194 -0.023574407228279 0.0149039481091357 0.252384417635963
0.0329234896292793 -0.0442087636450357 -0.0918221669150844 0.266194173094897
0.0813818392271336 -0.00381341657698333 -0.163017276295153 0.266465355852207
0.0923879808523998 0.0766493147258207 -0.0739644901833415 0.382187227810246
0.108237747230929 0.118583819999798 0.022112108367645 0.211885031320172
0.0832745964055004 -0.00376682255057219 0.104559706141225 -0.0824114959603567
0.0235452642956577 -0.0399847807050118 -0.137534556611904 -0.158356242685966
-0.00190580652226159 -0.0201478258315285 -0.272590507333089 0.0447858107527963
-0.00477544697063242 -0.035996449427138 -0.124315542072817 0.251187888058234
-0.0277605875143136 -0.0276599121060724 0.0553090176728215 0.225638441522053
-0.0304748468869025 -0.0100388466186982 0.120119534855045 0.124333461569792
-0.0443939833096086 -0.0103053323661663 0.13943394327993 0.0418657394065103
-0.0525939209708155 -0.0177553561499508 0.157019419609633 -0.00381634628719307
-0.0661976187532534 -0.0524092084315574 0.190205074884687 0.0146764636073062
-0.0177794868611209 -0.0938951818191944 0.179489935644523 0.114453382614587
0.0635475546180653 -0.0793193416759904 0.06436590293711 0.228235365835889
0.137809217270455 -0.0198468273448686 -0.045284677698136 0.269753904831823
0.152285582959791 0.106636259183512 -0.124403242992538 0.262100065014152
0.105000075886876 0.219000950552048 -0.0646305107171443 0.3380016756238
0.0933874963982743 0.238166218485654 -0.00305867081244283 0.149833779258562
0.140988765471282 0.0930569474647009 0.112037386529332 -0.1002804219281
0.122228608525564 -0.0168721095557817 -0.121319224376633 -0.215585309178034
0.0564476160173649 -0.0782511300016726 -0.291472258133999 -0.00697957918747365
-0.0054148160102807 -0.110031175104538 -0.163651483466551 0.220822846437629
-0.0672229959968599 -0.0819339444604889 0.0165209228618898 0.220135513613375
-0.0812036476830716 -0.0332643490196388 0.0922039100575918 0.124272692030502
-0.0914053533975589 -0.0230061011175334 0.112540073069005 0.0367690255420386
-0.0967359697671081 -0.035173278349939 0.121257519097346 -0.0222912227983947
-0.112176004809042 -0.0921908830323757 0.162403045510993 -0.0341110312369762
-0.0413931921269183 -0.160836511037525 0.195068127938558 0.0367015379536459
0.087831770462821 -0.148463656016411 0.129884868215887 0.174404795520052
0.223322384030895 -0.0427138288155932 0.0213845108059539 0.258601521293257
0.232272959885923 0.166191521277664 -0.0819105498203651 0.251452362675717
0.127973179907049 0.317303600177942 -0.0563781095088498 0.259933266385468
0.0512911587015599 0.327025079369735 -0.0152502321041032 0.0444685597036215
0.167277132993486 0.200792028183041 0.121084213846427 -0.136350790491282
0.211567099743626 0.03842827384988 -0.0829226533624025 -0.278183681453445
0.132944873757124 -0.116195083230667 -0.283933843291891 -0.0864252430653598
0.010357430033933 -0.175179177229663 -0.199591202368578 0.150537176259009
-0.0939258923347377 -0.133636685190441 -0.0378157109014059 0.187665936159056
-0.121695365104476 -0.0570200005282686 0.0435164594775319 0.114054723464313
-0.125531159896266 -0.0303486957927531 0.067904429628243 0.0274575803945703
-0.124670159832201 -0.0429147320229894 0.0725667102216485 -0.0404431432249586
-0.143055108310335 -0.109990727963155 0.11513930440774 -0.0805331848222971
-0.0695901189447429 -0.198377788522655 0.18353952911512 -0.0483941043279564
0.0795282027674577 -0.201683008178564 0.178497753466135 0.0945307733199445
0.265447753213477 -0.0869862969490079 0.0834370162609318 0.221499732096896
0.284778515694339 0.179601014193042 -0.0511734269892886 0.229794122964205
0.143802497797147 0.359791201379582 -0.0591656848912573 0.160840118924681
-0.00531460713753917 0.358091467247978 -0.00820563561035546 -0.0889482855888748
0.145375059260242 0.282180616951425 0.130144360820065 -0.183603658616406
0.251283670931216 0.109124416179663 -0.0236658966538886 -0.32273000638983
0.19545072284068 -0.114600379369502 -0.232871445812024 -0.172105822093659
0.0378383296213004 -0.206874604058676 -0.214302577884941 0.046687009768416
-0.0986864380815173 -0.16855058235892 -0.0968667514343526 0.126555641915328
-0.141325136810102 -0.0745965961346856 -0.0196738087778525 0.0912594626655006
-0.140285966871162 -0.0341044221464796 0.0131996695020601 0.0140057733859291
-0.135598363514233 -0.0422312816286943 0.0162955431792292 -0.055888841392128
-0.151053020501829 -0.11099455403987 0.0594305804573966 -0.116061756351624
-0.0827869093681509 -0.20462344525866 0.150016663028322 -0.119869276354212
0.0638862280478399 -0.216976951341261 0.197479521983808 0.0156663168067678
0.262214988472253 -0.105922612205345 0.12070433105785 0.172583777695165
0.282968632391753 0.173438046483959 -0.0360699673717075 0.199494088379315
0.131827139629956 0.349809878576826 -0.0704477496661443 0.0562958095443387
-0.0545435086261502 0.319982350846503 0.0145806712887991 -0.221319742449412
0.0846396949752859 0.29664305215806 0.140360275190711 -0.227425478114616
0.22030001830161 0.156315404935186 0.0410738744004173 -0.332503098706406
0.207529883687336 -0.077770160325066 -0.147998875573712 -0.234354033596033
0.0579402863742212 -0.191591202888413 -0.198351143382539 -0.0618305501806409
-0.0824965504878977 -0.169009380972594 -0.147003860051703 0.05095455844086
-0.135640800324323 -0.0784393659248 -0.0835968092087505 0.0590301915125916
-0.134019393407949 -0.0334758056713281 -0.0414732971302181 -0.00148369462696297
-0.127815909648117 -0.0381165486679451 -0.0381242919929012 -0.0678542251548855
-0.135585118744838 -0.101395018240145 0.00905041473204941 -0.140351654459994
-0.0734848194469939 -0.186708065823384 0.112901466025106 -0.16786552460482
0.0595940092036266 -0.195911052625508 0.197700274380577 -0.041090614854231
0.232850245650204 -0.0834820476118891 0.134919177581512 0.128712601447902
0.230684070807395 0.166942246874383 -0.0315300769006896 0.166128839061179
0.0870057778828079 0.300828201296972 -0.0784286991315047 -0.0400376126197634
-0.0797359224993841 0.21832427916018 0.0396391766302121 -0.32235377056953
0.0171348444961391 0.234696537694828 0.150210576780194 -0.255889147617479
0.140545364318432 0.147301272806178 0.0913306034395525 -0.313347637568492
0.162074068322558 -0.0349893329877073 -0.0652634965216343 -0.259866384752347
0.0557620721295626 -0.137439444552786 -0.168235701491616 -0.14371563394011
-0.0552489910287403 -0.134730140740239 -0.179308876366174 -0.0168276266742056
-0.105470433712224 -0.0666141991889399 -0.137151625007513 0.0271560020509654
-0.106377411229084 -0.0282047657367377 -0.0890874796177178 -0.0163094311599804
-0.104995480591308 -0.0304072353793126 -0.0817748921486392 -0.0808796262029414
-0.106170612446403 -0.0837157767682261 -0.0284694761275612 -0.158943202656203
-0.0485457198723541 -0.151676319113028 0.0854758610018807 -0.196831647421566
0.0643326511193413 -0.151125991972941 0.19616886210633 -0.0738443916422924
0.189363628753271 -0.0346949292478997 0.137973628206011 0.0994028702283852
0.148936899507697 0.158453438888355 -0.0287945471475003 0.134138422933923
0.0204337636457042 0.221090621755012 -0.0735879260663935 -0.116241885050576
-0.0822395349853376 0.0800278472045369 0.0508359396648591 -0.373224535380687
-0.0348719059893261 0.12265555721289 0.148205485763039 -0.262190191551925
0.0496955068955589 0.0925334663367913 0.112296511537765 -0.284742686894856
0.0821731066255825 -0.00144525872053139 -0.0160293048787135 -0.262681056589862
0.0355161686538136 -0.0644030281639864 -0.147300952697284 -0.183144740691976
-0.0225951548329864 -0.0772292043456833 -0.195378347852392 -0.0572546167327044
-0.0587438096400021 -0.0437184100842332 -0.169986913527886 0.00399317621636168
-0.0637416145984423 -0.0187827406948417 -0.120791518675956 -0.0285008636158572
-0.0695333564778889 -0.0199102271624369 -0.110345385871315 -0.0935764314098454
-0.0674604705936788 -0.0570264788831221 -0.0487569703303601 -0.175261253839309
-0.0219410553713392 -0.105089285932818 0.0744290369370197 -0.214173825766924
0.06484860498941 -0.0993752914341245 0.200567372458996 -0.0864566100471819
0.134811740333064 0.0144777234518136 0.140349119328425 0.0868646900421799
0.0575126204579838 0.135045540738725 -0.0244542335927538 0.109123759959678
-0.0466306895286245 0.119679419977705 -0.0534018710923076 -0.166592546310662
0.0876745707412907 -0.0134897461883401 0.0692994600098101 0.219218096720273
0.00410067189144695 -0.069886532437704 0.0945360818142906 -0.0866771340311922
-0.0588388400502276 -0.0279026283975818 -0.142329638155197 -0.109696279255142
-0.0285347474894422 0.0391659874037632 -0.236300669352164 0.0811987141263257
0.00945256671713081 0.027639567302959 -0.0728129251269406 0.248588694578843
0.0165247815801732 0.0167618953935915 0.0842188904351871 0.199701289435849
0.0220559962706398 0.00592591748854401 0.128643031842131 0.106592107992196
0.00849034521124812 0.00304199459343013 0.143611828067971 0.0321794589042451
-0.000589322221346908 0.00729028237901715 0.164243107392121 -0.00197238166972518
-0.0166343618580188 0.00831264616140574 0.191222162341948 0.0334693008423518
-0.0169050966826499 -0.00806367515557984 0.156302076908302 0.145478298622255
-0.00215485222023347 -0.0231913275895152 0.0311271261430336 0.243167523584502
0.0278364709491283 -0.0438510157231506 -0.0713800074887144 0.260909100051989
0.0763515702606311 -0.00910258075750152 -0.141621685440089 0.265885039354674
0.0940319734276635 0.0672440957782141 -0.0460671664202242 0.371023275086117
0.112326168625815 0.105322958651355 0.0374840485090085 0.203123937882123
0.0786855317039184 -0.0102827856912538 0.0975203080362941 -0.0854369304684935
0.0197877397619901 -0.0394857785071012 -0.141156413811467 -0.143949546097885
-0.00217813731839288 -0.0189863674699987 -0.260317397607697 0.0603498855800882
-0.00742372495979762 -0.0341716344279093 -0.101319534414734 0.248427419580578
-0.0284772476456936 -0.0242470070347275 0.0684816528693688 0.212164254298016
-0.0290772005216799 -0.00767944416343775 0.122645044103757 0.111820170121438
-0.0430892069622995 -0.00735769559141791 0.135824980893565 0.031112914321379
-0.0529947298038367 -0.0138814292876388 0.148319680378554 -0.0135926208634255
-0.0677583133443882 -0.0451398807440283 0.181783877554096 0.000174541824115384
-0.0243840415392438 -0.0885267401156697 0.179120103817568 0.0969165679022578
0.0558851895020054 -0.0809113795123441 0.0775106216506786 0.21698017187757
0.12992983636445 -0.0275464568459376 -0.0263044243967221 0.262325220317336
0.152580405692041 0.0923152137058119 -0.104772908700002 0.259465282700675
0.115600793105684 0.203481270005582 -0.0393777244413233 0.328564782508936
0.106621047511265 0.220289007668743 0.00932963830162502 0.145883711231321
0.141270766295122 0.0782384313066077 0.103999652593367 -0.102451059937708
0.115211758081896 -0.0241313925048394 -0.129525921496602 -0.200657654695544
0.0497226074181078 -0.0781492485620308 -0.28192425576938 0.0111346313267867
-0.0135718221697146 -0.10483385865042 -0.143108637027356 0.22238437955059
-0.0709965870437721 -0.0727423593437775 0.0312367717399449 0.209995550845129
-0.0792375984653412 -0.0259375547541726 0.0961232547662923 0.112727164042031
-0.0887562085124885 -0.0156897276772234 0.108623508130594 0.0280367458599167
-0.0956922032286671 -0.0273017478810742 0.11356004558309 -0.0290183848499442
-0.114467194005836 -0.0797059261637767 0.15111326610321 -0.0444574572693309
-0.0517077190625608 -0.150948872978328 0.188830881988502 0.0205488033896111
0.0739181731164788 -0.148379559733406 0.13688238312034 0.160767384951489
0.210096306756891 -0.0565683497002782 0.0377114365203708 0.24833237337569
0.233380489653887 0.143138920180225 -0.0644585175451256 0.247510984764212
0.144888312751034 0.296037016259479 -0.0360091525662983 0.254209860185076
0.0730651315534382 0.309129005356357 -0.00999322339332937 0.0457549622637512
0.174477208473904 0.180348741725641 0.110574950531989 -0.136347616235328
0.204719840071496 0.022618951540555 -0.0972742480610126 -0.263149054487836
0.119848998050197 -0.119899241910609 -0.279410024366038 -0.0658177103026927
-0.00294871863316504 -0.168445712680024 -0.182968303171767 0.157017985443258
-0.100526895755404 -0.120960921213164 -0.0233740007728275 0.182035045112772
-0.119290870070434 -0.0451032504186766 0.0488702054961633 0.106460756828599
-0.12126705478175 -0.020772914047997 0.0654047681231817 0.0216043049570953
-0.123494777745236 -0.0320978310004857 0.0646679327378769 -0.0434309540668806
-0.145476349939496 -0.0947942904128983 0.10236262155127 -0.085611531349601
-0.082623731065187 -0.184343477890602 0.170671382488166 -0.061507535033007
0.0617371246595573 -0.198164590051337 0.177545277573792 0.081185009986496
0.247056270746257 -0.101672608464529 0.0950103751446509 0.209345307067215
0.285205889633907 0.151820588398718 -0.0348899193658918 0.225524780487306
0.162645628237966 0.335324481638538 -0.0453480086433173 0.159316308908676
0.0208961520309114 0.343646638580084 -0.0131402932434652 -0.0825053600003735
0.158882204781788 0.260850595153589 0.115360891348502 -0.181740494332321
0.248276772886879 0.08842345506803 -0.0436788640011823 -0.30943441310764
0.180026495930658 -0.12231001276355 -0.234875595822296 -0.151897816677287
0.0215878885620058 -0.200661038441456 -0.204061592763041 0.0584425201150001
-0.108084039103479 -0.152990585586057 -0.0848034633898004 0.128295724631606
-0.140593327649224 -0.0600898207359449 -0.0123204497560533 0.0885269779761005
-0.135444634023937 -0.0227709960647304 0.0124325695679719 0.0125306468573907
-0.133084620206481 -0.0306490419431852 0.00988201663780319 -0.053655021112579
-0.152495948087387 -0.0953544107293905 0.0475581312511709 -0.115595103483971
-0.0959488271788072 -0.189202934784584 0.133662871770584 -0.12770169840786
0.0458562748112874 -0.211457992543921 0.190359689468257 0.00347522043787317
0.242423931954626 -0.118960507993083 0.127751001877388 0.160072639934048
0.283492945266332 0.145542110789623 -0.0213113676293804 0.196238377011477
0.150651264502003 0.326910952097168 -0.0627551519408693 0.0594413754446998
-0.0290911689741831 0.309076461187201 -0.000279163031902405 -0.210827908499006
0.100289828922209 0.278805000018369 0.122187118688076 -0.225133999758019
0.220705190329391 0.134923653532545 0.0180172375672362 -0.322721459698204
0.194339707665638 -0.0890619382027529 -0.158040670242333 -0.21663750803011
0.0416334599105617 -0.187659725788015 -0.197118175474109 -0.0467709357376329
-0.0930312000357362 -0.155440227032128 -0.13809464167043 0.0591031946831082
-0.135118740548005 -0.065434793416174 -0.0764686420501732 0.062506780008294
-0.128887659741171 -0.0225849118422 -0.0407679886267724 0.00182957357088954
-0.124926279874882 -0.0270351027895287 -0.0421891583146844 -0.0622841275686166
-0.137784527728823 -0.0876195013229606 -0.00241280715618035 -0.135040308275355
-0.0845268372224041 -0.173158401321153 0.0942603408039577 -0.170379586688607
0.043652503753602 -0.190786052723758 0.186464326388874 -0.0517537625654776
0.216134465785407 -0.094824934812204 0.139325746669618 0.116828435284536
0.23270089446284 0.142358629744602 -0.0191645680198311 0.163974117217032
0.103708344465018 0.281644537247699 -0.0771425569202633 -0.0324608440925306
-0.0603575672095673 0.214031398558445 0.0159543117383216 -0.310327547077286
0.0327617607585399 0.223541234340494 0.128715648467807 -0.253013499048383
0.143937092481881 0.132061092184799 0.0664654794369985 -0.306614154571426
0.1524723074914 -0.044090497957202 -0.0797385958430302 -0.247145320436514
0.0435186333409144 -0.135437673529508 -0.173194453259523 -0.126583885464129
-0.0640632171127469 -0.124433806110498 -0.174178485527555 -0.0030783598673122
-0.105500323990733 -0.0565091001939031 -0.128976498355089 0.0357577443315007
-0.102429674754073 -0.0201142347287347 -0.0867288622162601 -0.00973526499798231
-0.101913945070154 -0.0213674673914984 -0.0846563323142046 -0.0715768315013434
-0.107197289383472 -0.072587173669444 -0.0388553444715274 -0.150238775272756
-0.058531239580427 -0.142024322886552 0.0673575207925485 -0.196728145195845
0.0516939838224026 -0.149659533680065 0.182447539067363 -0.0832077434798372
0.177840253850536 -0.045662136579504 0.140061590959219 0.0884406002184888
0.154050245608043 0.140557452125115 -0.0182960789800478 0.132144950094359
0.0347843885916123 0.209742948731096 -0.0785395429872459 -0.106116448182368
-0.072824057728672 0.0818684058849206 0.0234976039143835 -0.361028638549447
-0.0249057672426375 0.120241606660519 0.126829088946749 -0.261061860143614
0.0532257324893883 0.0854710756420979 0.0896000207664505 -0.280826760213245
0.0793440541573084 -0.00659777025136099 -0.0330180168730583 -0.253013976829429
0.0298160265556452 -0.064020037320319 -0.15637213848195 -0.166691874602726
-0.02811985427398 -0.0716806676601607 -0.193180213688753 -0.0412620904103114
-0.0593706543094215 -0.0372320004818599 -0.162301617988654 0.0155019019488329
-0.0614729302094323 -0.0136684366746108 -0.118081812001746 -0.0195724050054995
-0.0669193733078642 -0.0138602046859635 -0.112403330378964 -0.0813577980999017
-0.0684607341450709 -0.0492099403529325 -0.059112858303241 -0.165127512896619
-0.0289678091563493 -0.099523855488528 0.0562687926543734 -0.211622081198881
0.0556178255806829 -0.0997288758560595 0.186733493147792 -0.0958134792781479
0.129412791958934 0.00541147823009791 0.140311515395378 0.0760788457343868
0.0651120164731917 0.125139765529046 -0.0158239416509256 0.107992273831878
-0.0374874796038046 0.11684876620852 -0.0630605144407772 -0.155577956796185
0.0814843373455117 -0.0159973110578857 0.0739214853620716 0.204369699401122
0.00163571556802892 -0.0660175124669137 0.0894510277102734 -0.0852678918267263
-0.0555339806843544 -0.0241269351963276 -0.135716488372143 -0.101021299014824
-0.0247014319010851 0.0365356656613736 -0.221310981537228 0.0825054048555099
0.0094060488193382 0.0254121000610666 -0.0615697588300867 0.234556092878657
0.0163488385687321 0.0155157114442386 0.0853165704852611 0.185424196994023
0.0207446879762861 0.00406584755045157 0.123759986823619 0.0979835393718368
0.00780013812834292 0.00231403141930785 0.135268836282594 0.0271455992044487
-0.00108455083477001 0.00709396768998007 0.153289398804742 -0.00639369025615304
-0.0154677858843204 0.0084795164834151 0.179481778411721 0.025440960170795
-0.0153891189980964 -0.00689597612472451 0.150850296958472 0.133334769502318
-0.00228435846593388 -0.0221252942547625 0.0357072955060682 0.228641803357167
0.0251955063467026 -0.0414162884056524 -0.0612284656290814 0.245151472388391
0.0701690252232857 -0.00957911310493611 -0.129074347740611 0.252635357248411
0.0901520666317189 0.0604263257193097 -0.0345581914737599 0.348328998027146
0.1083510974066 0.0945075786424184 0.0436124457530425 0.190662368594392
0.0724543329662332 -0.0125291737688207 0.0926437375936619 -0.082494992891902
0.0171711699220192 -0.0373067815591101 -0.136234188428017 -0.133692675233578
-0.00164673112711253 -0.0180249134853866 -0.243476460068388 0.0624039154938308
-0.00855510214982699 -0.0322794894230091 -0.0885681680847463 0.235112020490617
-0.026819555376315 -0.0209947234529908 0.0703303394241868 0.196822432839003
-0.0278802511570513 -0.00708555507764167 0.118003321210717 0.102990315438669
-0.0405978242626455 -0.00569139716639339 0.127351818064257 0.0266074745169276
-0.0503443247531815 -0.0115238907202042 0.137762508471178 -0.0159296853136292
-0.0648019573324748 -0.0397665701609039 0.169552095681451 -0.00533236037248817
-0.0254075521425963 -0.0817269911040244 0.170135830907594 0.0858249106812783
0.050673775266641 -0.0770012069256121 0.0790580037515863 0.202769781044131
0.121041203014657 -0.02870240749486 -0.0189103622143563 0.246441325215564
0.144110216243358 0.0826854158785743 -0.0940968474530043 0.24625101982089
0.113792858096062 0.187579222979824 -0.0287112520288742 0.308826543056775
0.10735410681482 0.202244457225396 0.0142714902436678 0.138170388952488
0.134269266328251 0.0689483896039468 0.0986819504359497 -0.0971542729287834
0.106841240774816 -0.0254256716308126 -0.126477861944425 -0.187019527770929
0.0453616451576511 -0.0746183517301911 -0.265529564228979 0.0164313459540652
-0.016047959413886 -0.0981527665644536 -0.128133721151403 0.210792918131742
-0.0687068239862169 -0.0655836490550469 0.0349705190329903 0.195116017175444
-0.0750363319526323 -0.0224181388491543 0.0925046508979596 0.103757078001025
-0.0835846989147142 -0.0129050235664196 0.10167710372616 0.0240561462301875
-0.0907996713601988 -0.022537230186653 0.103991366231582 -0.0297572084167675
-0.110447441764483 -0.0708770608482143 0.139300004763592 -0.0461529567002445
-0.0534488354336912 -0.138608932119798 0.176378075715134 0.0129154178876243
0.06592472837604 -0.141136774999529 0.133041135547797 0.149156309930662
0.194845702296066 -0.0591645586987726 0.0413121925875866 0.233099959298414
0.222288714618465 0.127249309504632 -0.0557819210943206 0.235422227829863
0.143150072957182 0.274302444004399 -0.0263804025266425 0.239804689003866
0.0782122760564265 0.28643882404905 -0.00634509040772543 0.0453062979608528
0.167920608198571 0.163416582516575 0.103696733798246 -0.129320186412178
0.191313454520315 0.01648402458792 -0.0972803213248004 -0.246103843015694
0.109511547346994 -0.115501062873881 -0.264342535483316 -0.0564349677161344
-0.00777680554515339 -0.157435357512367 -0.16868826919885 0.151825269415485
-0.0987312577684567 -0.109425992761017 -0.0172231257753908 0.171279498987551
-0.112824917379577 -0.0388142510395495 0.0484078431525948 0.0982346714051217
-0.113802432043108 -0.0159735610694294 0.0610828686250059 0.0191240852540173
-0.116626005530382 -0.0265127686831282 0.0581124239830834 -0.0415475043512873
-0.139998442367059 -0.0834515082349385 0.0927906966308761 -0.0835559751417004
-0.0834409604770935 -0.169200417325983 0.157190446410547 -0.0638019741160158
0.0527108489001493 -0.187487784435597 0.169119444652055 0.0734035248313206
0.22747205132275 -0.102139465744067 0.0945833158772905 0.195951457839061
0.27129560580901 0.13358344531689 -0.0276627317582642 0.213921791556703
0.162643064077573 0.310878822527898 -0.0369093953777959 0.150539473236261
0.0297249054290765 0.320453022235571 -0.0128487416080214 -0.0749620368475755
0.155978355795828 0.23874024585237 0.106305684251112 -0.171269882148922
0.233899893804537 0.0768272931845401 -0.0480494613651455 -0.290102985326809
0.165496655162144 -0.119886599364576 -0.225112266009446 -0.139007044878714
0.0135584169390442 -0.188686806778123 -0.191350636325321 0.0603026848001754
-0.106880909061841 -0.138944514772183 -0.0767174367440612 0.122433684826101
-0.132668833829129 -0.0520287579900389 -0.0094992107336787 0.0830870205828633
-0.126847809579785 -0.0178557514686092 0.0116203873862358 0.0119648280093089
-0.125777404324165 -0.0252332745486694 0.00667856252551151 -0.0494260771293741
-0.146366505660662 -0.0844072328091462 0.0400625218429548 -0.109312133139886
-0.0963168857725613 -0.172926308024139 0.119300265549572 -0.125517821274652
0.0373803590120749 -0.199399865669437 0.178945488546964 -0.000276020826990199
0.222677821269944 -0.118423318701236 0.12502766510718 0.149109835844477
0.269216443856735 0.126971251703104 -0.0153782772145397 0.186598320463888
0.150802596983968 0.303249047742029 -0.0561970446540571 0.0571445337758296
-0.0181708046200095 0.289847893978177 -0.00497196654179828 -0.195620521568936
0.102498918264896 0.258236072865826 0.110778467973455 -0.211171590863187
0.210070914804314 0.121586395032189 0.00923861438690435 -0.303638042798176
0.18025283279982 -0.0881915345280771 -0.154243003259152 -0.201309408065279
0.0334020127096407 -0.177111867881736 -0.187422911724053 -0.0389797121165823
-0.0934753146979681 -0.141557224915561 -0.128680587633285 0.0599535491909799
-0.128146003302328 -0.0563474632554612 -0.0701497413907761 0.0607216446136502
-0.120301424128281 -0.0178119099966211 -0.0388109257194358 0.00369498012879064
-0.11730650527361 -0.0212773377944616 -0.0419724398545007 -0.0559268403272257
-0.132002065366947 -0.0780059220868522 -0.00706239499310814 -0.12682486028629
-0.0855435173331996 -0.15875002672732 0.0819819756920347 -0.164811272641011
0.0355258767756202 -0.179526245618831 0.174245434556827 -0.0522783601574177
0.198539046120456 -0.0947360795601394 0.134219263642464 0.108893169365221
0.222524284466425 0.125657535652809 -0.0133654212016219 0.156338743967454
0.104244215851351 0.261576531889356 -0.0730481486200838 -0.0280356171224724
-0.0504654421609058 0.202037211460282 0.00763537862857463 -0.290307546723619
0.0362600074954863 0.208518846225156 0.11677880361717 -0.238102877486965
0.137712818925384 0.120630276002793 0.0555075405763817 -0.2890082214452
0.142733878089768 -0.0456412328518109 -0.0809875339812962 -0.231101434246187
0.0368220975809753 -0.127809217090798 -0.167799334228426 -0.114476877676567
-0.0654660591154156 -0.113595851218342 -0.164484012416573 0.00255918306779138
-0.100628756818934 -0.0491641392805014 -0.119938206306673 0.0371285199936495
-0.0957769877780186 -0.0156019355831746 -0.0815522430994622 -0.00629142442194552
-0.0949574570849511 -0.016708970399339 -0.0813835507779132 -0.0640763846428321
-0.102724236009391 -0.0647733777266 -0.0408811627932723 -0.140421213029031
-0.0595842488104921 -0.131033997940622 0.0562795269409475 -0.187467344015597
0.0441959964802741 -0.141242509588918 0.169375436711529 -0.0814213284465924
0.1646499675046 -0.0464376840222562 0.134096558738544 0.0818387444851078
0.148035326013013 0.126886227667224 -0.0131460625610229 0.126442899097103
0.0375131676643802 0.195697420283389 -0.0762761686598724 -0.0971535940197749
-0.0653788174377885 0.0780989970183878 0.0130052617258779 -0.338088290316781
-0.0192296640706296 0.112739259888206 0.113509362503081 -0.246190374712618
0.051660644133699 0.0792816310433232 0.0779480028326354 -0.264903116999587
0.0741699710477386 -0.00879667580749796 -0.0371292137632047 -0.237404167487343
0.0256552144152521 -0.0609309461183773 -0.152627541389832 -0.152433859623366
-0.0298744370852573 -0.0656405036193775 -0.183500298553372 -0.032500093256795
-0.0572413711376196 -0.0329619042851389 -0.152200548536126 0.019411671573186
-0.0571789474752559 -0.0111027466656705 -0.110990443718288 -0.0147795460143378
-0.0619146452855062 -0.0102576764389812 -0.107833766904787 -0.0724690335983894
-0.065414827993216 -0.043933598638832 -0.0604732714761336 -0.15324545870086
-0.0311235515497341 -0.0923669937175655 0.045675290709756 -0.200235807179816
0.0497076285216405 -0.0948773363855999 0.172873285559844 -0.0943638369073983
0.120908128497424 0.00309399940354427 0.134211485934908 0.0693273640714565
0.0639590153239766 0.114877343808554 -0.0121420950183247 0.102638451959927
-0.0329802074123737 0.110636899677139 -0.0637382760723893 -0.144125474033653
0.0778724629639076 -0.0153160791731862 0.0698415143559504 0.196465362641228
0.00148697715932249 -0.0630126990963503 0.0887310650781933 -0.0807232756563179
-0.0524864800993201 -0.0235538333229311 -0.128069778449617 -0.0999336300565734
-0.0238355020496833 0.0348157771549261 -0.21460973684664 0.0757131755549277
0.00871548346207666 0.0240182363309954 -0.0617726748635131 0.222962405024508
0.0159575637603539 0.0155449021584923 0.0792385824211012 0.178050488229523
0.0192742886866799 0.00373984361148169 0.117785464796085 0.0962492479074953
0.00695511575456228 0.00184281013107894 0.129090816143568 0.0276371541542622
-0.00135450238299051 0.00696136380665144 0.14595761798102 -0.00355261737933264
-0.0151994091017197 0.00790341108187074 0.170361586370787 0.0266136703994971
-0.0143110203013801 -0.00695105010830616 0.14274857368187 0.129341702279343
-0.00209698560092359 -0.0215043425907657 0.0310888900588396 0.220388618643442
0.0244914459188185 -0.038498555259475 -0.0637442480669502 0.232039879022884
0.0660927223174793 -0.00682379142053863 -0.129767534744155 0.237918310207732
0.0851033329823053 0.0585759746480576 -0.0383763816842922 0.331504308250351
0.102567440307423 0.0895949637229963 0.0416386992118969 0.183427285600683
0.0686915074700176 -0.0111820514138404 0.0928027693111999 -0.0778749639990059
0.0169859684582374 -0.0348272021345605 -0.127665404485038 -0.132017500026499
-0.000335475055328774 -0.0168811041434779 -0.235502399334305 0.0556381004013733
-0.00753157615910998 -0.0309920959736081 -0.0877361954664043 0.22269667378944
-0.0260612509930238 -0.0199434179880969 0.0651146128788737 0.188529216709447
-0.0260696103986891 -0.00740855356510185 0.111330977623952 0.100025128039862
-0.0383493527998501 -0.00642829574830448 0.121477380666883 0.0276670381721101
-0.0488991316179611 -0.010829220066414 0.131298714598509 -0.0131249196179963
-0.0623666444108434 -0.0383922926483745 0.160774797995548 -0.0029545181958265
-0.02347153495954 -0.0776431654661058 0.161061756012889 0.0833430081962544
0.0496520981715111 -0.0743740333704719 0.0727956572630613 0.196854291784856
0.115272906529961 -0.0255830909404301 -0.0226338174638772 0.235333930599079
0.135239011501498 0.0809502332756544 -0.0961776680049097 0.234570946803868
0.106338876807677 0.180858364871364 -0.0319772959648593 0.294512846426038
0.100491599522552 0.192846735444535 0.0149477584209267 0.133360239836197
0.126612849442726 0.0664334706598334 0.0987741071333611 -0.0914166275131533
0.101934329791023 -0.0224730129508474 -0.11705824259658 -0.18222009264808
0.0448944232170472 -0.070725556807575 -0.255046662039824 0.0108923823206823
-0.0147162587827113 -0.0938269519652865 -0.125833844602744 0.199556846168847
-0.0653581707006022 -0.0621663775218189 0.031099326578987 0.186585045992447
-0.0710934685045549 -0.0225174428887764 0.0868278034486808 0.100491947315491
-0.0791319840391122 -0.0128969945489036 0.0964973628591306 0.0248044352184929
-0.0871281774936912 -0.0220723635935745 0.0984823136901247 -0.0259620685911863
-0.105314018116263 -0.0683300623312583 0.132531324561509 -0.0425351715760896
-0.0499899638149331 -0.132226218357221 0.166821683938621 0.0135335016438449
0.064992055959778 -0.13458675310598 0.125690438337148 0.146097526432811
0.185871788342587 -0.0529690424665916 0.0353493228987496 0.224383816533689
0.209149195210227 0.124668259970974 -0.0579712027746471 0.224573438774001
0.133283325473652 0.264865490042196 -0.0282190002474789 0.227929765366279
0.0711399092379115 0.272598275900738 -0.00421072423954225 0.0450053897107682
0.157537623192327 0.157842867810175 0.104149121168207 -0.120067740462389
0.182327089379002 0.0184982570904525 -0.0882077727653444 -0.23744160923469
0.10598338838746 -0.108923968617715 -0.252839519604254 -0.0595179233468461
-0.00664080622290925 -0.150280530311489 -0.164016071117666 0.142313763749011
-0.0937036568422041 -0.103799114511605 -0.0190865355537935 0.163444405128441
-0.107067060396224 -0.0384273059886849 0.0446898562700423 0.0938636698128678
-0.107275765006178 -0.0170516014510648 0.0577825142682893 0.019121533720929
-0.111426715319801 -0.0259246980455661 0.0545049121478416 -0.0373562095208092
-0.133786286763587 -0.0803421354481383 0.0882795141703239 -0.0779449162429021
-0.0788040011276121 -0.161261589349515 0.148478733014197 -0.0605641748214043
0.0523226584492915 -0.178784366968562 0.160802711644134 0.0735264470506403
0.216950317156438 -0.0936000868543792 0.0882742206528517 0.190961439368806
0.256976007700454 0.1301897834322 -0.0296759711752282 0.205287115877864
0.150934508327577 0.300284148771803 -0.0369124122433767 0.143167925324295
0.0249097926706116 0.304947195815764 -0.00891447037568835 -0.0698429074950863
0.145121559668185 0.229508127571942 0.107382857976317 -0.158852461603231
0.221770956401605 0.0767990649740007 -0.0413518554472302 -0.278359080971132
0.159734161848502 -0.112581767555768 -0.214331867181582 -0.136553020710405
0.0142934405430362 -0.179552706314385 -0.185606567637643 0.0549872028510768
-0.101775237683932 -0.132042954915261 -0.0750476797014562 0.116960357045057
-0.126359546945412 -0.0507647352410195 -0.00975313835024851 0.0784090054325879
-0.119532001949953 -0.0182304100557213 0.010490284056444 0.0121940979717224
-0.118484759422141 -0.0251677028082966 0.00549306642827889 -0.0462645334889531
-0.139791798686246 -0.08195840759401 0.0382104977158569 -0.103711155046584
-0.0912514860059403 -0.164591157981525 0.113391165431497 -0.11964299407458
0.0374280984020007 -0.190289819618957 0.171812293309022 0.00444456387521226
0.212579070604974 -0.10912391685006 0.118035445372972 0.146877546964014
0.255279515253479 0.12352631169887 -0.016637181738492 0.179239297587222
0.140339549913137 0.291599092276148 -0.0536840845318801 0.0533920241610635
-0.0199952818296438 0.274922407094938 -0.00120087666341552 -0.18514933949784
0.0945566526630494 0.247689506188005 0.111551069266062 -0.197479670088144
0.198076019160222 0.120369461926345 0.0147030091915297 -0.289481956895539
0.172754195738486 -0.0823799087453204 -0.144270196159138 -0.195879753183812
0.0329897129901748 -0.168330082693744 -0.180634879068466 -0.0390034414365268
-0.0887381755865237 -0.134225437572141 -0.124945133903551 0.0570860007236906
-0.121810601414796 -0.0546301513423694 -0.0670243398892382 0.0567297280585277
-0.113598914809612 -0.0182656541639387 -0.037343651238776 0.00277488026626583
-0.110881924493198 -0.0218007660842546 -0.0401590380003069 -0.0526246907333567
-0.125313424818314 -0.0748969331102418 -0.00587630940912009 -0.121081471321927
-0.0812690767998386 -0.151076002368282 0.0775283902707326 -0.156981393590674
0.0361441485016755 -0.171134144614606 0.16768027031941 -0.0459862423070753
0.189478341277736 -0.0864476219899327 0.127413268217748 0.108190073525053
0.209822214780276 0.122366160294345 -0.0140740259288432 0.150417451945969
0.0965320268118904 0.251706561705542 -0.0687037097651218 -0.0277690901288595
-0.0500234787457652 0.190958039018111 0.012627227096503 -0.275083935348822
0.0326203287256148 0.199300581403087 0.116230544092397 -0.224398437409491
0.129924354271162 0.118529192737253 0.0579672375168253 -0.274373655192519
0.137321881121167 -0.0420535236383515 -0.0741915200948086 -0.223576376829366
0.0367635580815023 -0.121897998662974 -0.160290930410304 -0.11201671173611
-0.0622990004343021 -0.107930507025187 -0.158780851693635 0.00173636655679157
-0.095619701935231 -0.0480530423472506 -0.114970680687324 0.0343692836524781
-0.0899510152381014 -0.0167470773289408 -0.0780494911394333 -0.00682109410604683
-0.0893086915272264 -0.0165502355281788 -0.0774149472676386 -0.061105239273068
-0.0977937300284674 -0.0624743370493549 -0.0380893908777285 -0.134943602087117
-0.0567263230030644 -0.125228078753209 0.0542160507713114 -0.179452020784418
0.0441418505616171 -0.133899593182261 0.163717416154825 -0.0751894420369824
0.156697523872074 -0.0412650177456041 0.12788396942419 0.0821757788840319
0.139382332494578 0.122181599938283 -0.0130816153198128 0.121076383803167
0.0322339490080122 0.187612722874941 -0.0720425105760521 -0.0942632310756154
-0.0626880228485792 0.0727683673708696 0.01774219611573 -0.322153932860543
-0.0190887182938061 0.107037416156918 0.112684690096974 -0.232020228297734
0.0477213756821191 0.0767914996904109 0.0787653963238951 -0.250750865276501
0.0713765298637834 -0.00713421522831144 -0.0318047574792983 -0.229222183096249
0.0254634011494817 -0.0575350330623868 -0.144882885363619 -0.14776188909996
-0.0290024604105083 -0.0619882982401965 -0.176600538073851 -0.0313527622326554
-0.0541835249514923 -0.0319968633647797 -0.145465665061702 0.017499512185552
-0.0538902528328586 -0.0118614598302387 -0.105999026053967 -0.0157375579489055
-0.0573939043611261 -0.0103943504952729 -0.102560017922039 -0.0701008064371453
-0.0617181727042384 -0.0427057926706998 -0.0558953447100912 -0.14807259460139
-0.0292527073341381 -0.0879010976412228 0.0452361257485319 -0.191957587113149
0.0481899675283196 -0.0898451561660797 0.166743527577307 -0.0872188781585281
0.115363199239127 0.00500763234821467 0.127297411869893 0.0698857878800999
0.0599690474932705 0.109860369288411 -0.0122740771138394 0.098146449479476
-0.0334982312025438 0.104861257775335 -0.059859854221954 -0.138316239803907
0.077189636218837 -0.00424559248377267 0.0407211164436177 0.209308687136464
0.0117818828517455 -0.0606510755424988 0.105714794868815 -0.0653499013549265
-0.0458282241565016 -0.0312429203141245 -0.107018745230723 -0.12130353399635
-0.0284779077697746 0.0273439646448523 -0.221075540181813 0.0402370211417442
0.00263229836896406 0.0240186985937312 -0.095521109501544 0.206297733079803
0.0142870797930551 0.0164182449415468 0.0492215103801685 0.187195262670373
0.0188451990201214 0.00667511487661108 0.101243710644419 0.11293631096289
0.00674834347055602 0.00222538212134652 0.121822960953428 0.0499125480410768
-0.00239112440725084 0.00526590492893163 0.14402892030137 0.0219057790225148
-0.0151884859104673 0.00393476374204459 0.162088991809225 0.0547435867297197
-0.0100199533217271 -0.00972282129180143 0.116778110334067 0.153202136620781
0.00535718359833559 -0.0216216797870418 -0.00825946314838781 0.223818253488093
0.0331419607205447 -0.0287510854148777 -0.105666112941171 0.213866246868111
0.0668320887277701 0.00864850509183622 -0.172607786925875 0.20845924935358
0.0761717018825623 0.0735503359902955 -0.0992616999524614 0.319883463244227
0.0863865975453633 0.101070387716049 0.00724388860581225 0.190255376552588
0.0683453518380185 0.000566450990952843 0.105513707856847 -0.058863097267621
0.0224318420962604 -0.0305453134350259 -0.103576674696516 -0.14880635080627
0.00313769966292985 -0.0179916257664761 -0.238195077928997 0.0201615631817551
-0.00382927020946936 -0.0317190311972465 -0.119727703794663 0.204985593948315
-0.0209949116855941 -0.0244679356821177 0.0352833402951895 0.195630498200269
-0.0234684119331063 -0.0125728979867473 0.0953671388386316 0.116283364813268
-0.036468918656015 -0.0135463402403153 0.113379867570169 0.0478503841160514
-0.0445666024292467 -0.0202430896012579 0.130630369449848 0.0104118118523403
-0.0531031021465169 -0.0481669378681239 0.156164022154571 0.0252062469046272
-0.00731164956999909 -0.0798796333938367 0.141577458126631 0.110657103090875
0.0647453273322664 -0.0639560186157557 0.035878028941559 0.208858544532091
0.118931642373916 -0.00155577218446365 -0.0653361789539979 0.224199332092044
0.118682468348002 0.105363485861752 -0.136706098748817 0.208250147447386
0.0740150079259265 0.196703389938927 -0.0844055021821543 0.283376365031447
0.068719800609152 0.201277132366053 -0.0181080869254066 0.134037313007063
0.11141968137206 0.0853938605313609 0.108521187360133 -0.0704907394050115
0.102105725672254 -0.00485443413663225 -0.088636207384914 -0.193346010096253
0.0562845493222826 -0.061289861511141 -0.25026446400671 -0.0241934523076211
0.000644550259963048 -0.092972249621009 -0.15166828555254 0.178780792699681
-0.0522899570416478 -0.0715237027100468 0.00448066538169815 0.188794581354469
-0.0653505459920026 -0.0343776389777429 0.0714361265483218 0.112506867506073
-0.0745646030117718 -0.0270456883310348 0.0887743453221942 0.0403179062223732
-0.0800325690773069 -0.0371992169695479 0.100031911434512 -0.00677993231083917
-0.0908204987831262 -0.0840263694159438 0.134207397649904 -0.0165809661501067
-0.0246971166117472 -0.136821729472648 0.157642379291583 0.0429818054043534
0.0892292519579683 -0.120569602896378 0.0968708231640382 0.16852104295156
0.192028952608665 -0.0178732068672749 -0.00655486158956048 0.223778145985335
0.182725858917395 0.159451497972461 -0.0971914974296087 0.203680853132826
0.085224670876389 0.283104808810105 -0.0678831183696726 0.216376802752564
0.0287191489147125 0.274592995765401 -0.0286560459029066 0.039460059682601
0.126345541574746 0.17916316880175 0.113789905679243 -0.0986602713162367
0.174000291980009 0.0488118014506307 -0.0572670869191881 -0.240634355591959
0.12265946355072 -0.0877994263391643 -0.239883269710627 -0.0889833191878374
0.0189108483301061 -0.146067423841063 -0.179481474737486 0.119987934870264
-0.0735598546193817 -0.115924718579707 -0.0381220435822491 0.158632238707747
-0.0978969685400678 -0.0557061513078809 0.0316168621540688 0.100339127852943
-0.101345235351216 -0.0351998456620542 0.0522479831651975 0.0285936036502191
-0.102605778418902 -0.0448283164042165 0.0586691954625906 -0.0255210118318141
-0.115996634464431 -0.101027143178714 0.0970863344833615 -0.058984276668285
-0.0488267631055975 -0.169353262376518 0.151281838270008 -0.0329846219025744
0.0845122785724465 -0.166191890835287 0.144285241070875 0.105083531272561
0.228958865694393 -0.0532802525834127 0.0493439851658901 0.201178838666603
0.227162747635717 0.172333390401369 -0.065323530186125 0.189062293516942
0.0952510156215799 0.32042231401345 -0.0604561681416581 0.130586620199051
-0.0203998427605578 0.299772983619242 -0.0172081587930997 -0.078149249428849
0.104186146827905 0.246896566367837 0.120318765630855 -0.138473175205369
0.202809026181017 0.112233755296894 -0.00914126455096775 -0.272257815170267
0.174775902811537 -0.081766812633322 -0.192233087921566 -0.157608393112261
0.0438949403095681 -0.171299345053814 -0.188734244286521 0.032915118068262
-0.0769759522803091 -0.143966543642825 -0.0852310930447066 0.104950526139416
-0.114993033861452 -0.0710319438681467 -0.0196480817531078 0.0780555940900032
-0.112660216054964 -0.0390764643292655 0.00735434267940259 0.0135153644048797
-0.11046906082681 -0.044174247638458 0.01234140033845 -0.0416725337073849
-0.122342831212991 -0.102340898781231 0.0528091079840215 -0.0928340910088775
-0.0615305656483992 -0.17573150949327 0.12687838067237 -0.0963404941668725
0.0707390731748941 -0.179997655809553 0.167035723971546 0.0375208725959221
0.2267524889453 -0.0696300427556926 0.0870730255005897 0.163484871900968
0.227010234316825 0.164500534049147 -0.0471401494486271 0.166616298913146
0.0844181946543955 0.310119273528822 -0.0610896938336375 0.0385783951341489
-0.0607546226189234 0.264671839493784 0.0111983055064933 -0.191984301556615
0.0510332508883388 0.256090554245549 0.131427958370126 -0.177890652682946
0.173275657037455 0.150921043161934 0.0467464829017335 -0.276996084533631
0.183087638712073 -0.0497002804527143 -0.116629697151265 -0.205644215481539
0.0609740831262596 -0.156945585304086 -0.170029490658756 -0.0580405082060895
-0.0649286691181706 -0.143226364474837 -0.125470376685535 0.0391284001530595
-0.11041324722149 -0.0740593573456104 -0.072292841525358 0.0484012333676673
-0.106563348485242 -0.0377059811849715 -0.0371685769099526 -0.00357683019698481
-0.102895321834821 -0.0394370787763741 -0.0310449008211081 -0.0566442551892531
-0.109890775852204 -0.093411057988875 0.0127352404602197 -0.117035052343023
-0.0547307122338043 -0.160462827497191 0.099433967924301 -0.13985648601438
0.0650602796050719 -0.162524719720483 0.171717085502741 -0.0133370446044956
0.200535447565863 -0.052157596649641 0.104140833368406 0.127600645583656
0.183656217964235 0.15564773580638 -0.0387824873612002 0.139431278739428
0.0477271928649496 0.2627427104811 -0.0618923237502025 -0.0433703653281195
-0.076450001859558 0.178899106536924 0.043389440653337 -0.278043823678345
-0.000449018788869294 0.199399779344886 0.142245422518183 -0.204859443222814
0.106786856055298 0.138162423769998 0.0906427796419476 -0.257720597818461
0.140922841886786 -0.0165870687020883 -0.0428133800681273 -0.224789469919143
0.0565774952897322 -0.112252848198384 -0.140409910962848 -0.127517267228671
-0.04333871566387 -0.113497216718822 -0.151982800702752 -0.019971135894473
-0.0865600440868388 -0.0620834356405688 -0.116716091465843 0.018864827459116
-0.0843983539073908 -0.0314206692155804 -0.0756004084311189 -0.0201016442014489
-0.0826582092906937 -0.0310757774372676 -0.066179619228044 -0.0715817328568661
-0.0854634150106725 -0.077075312476421 -0.0161563870937693 -0.136635818730569
-0.035327837648567 -0.13107435997165 0.0808132101781496 -0.165945389244875
0.0661997602935896 -0.125365192969158 0.173018040260231 -0.0439127427529038
0.161116997688084 -0.0132555703828883 0.109224285214254 0.10271825283656
0.114109685980601 0.143022468607781 -0.0321854719457064 0.112077420823087
-0.00369742647104247 0.189271386572355 -0.0533456724430003 -0.10812352518455
-0.0715050052140171 0.0619785907035732 0.0655193690157354 -0.320131843381824
-0.0349431450878366 0.101048588453762 0.144762845970175 -0.213578934750161
0.0339762103878599 0.0843409800155621 0.112425741744543 -0.234968290069509
0.0711781258605557 0.00510327534421004 0.000937782421831636 -0.226457975299202
0.0352120573638669 -0.0517806321705246 -0.119734626619437 -0.163066352939733
-0.0179505817726296 -0.0634289280855026 -0.166549607554709 -0.0568219406531262
-0.0488630404265003 -0.0390970910966182 -0.145200933958047 -0.00225247929919209
-0.0498179270061132 -0.0206954230233732 -0.10120210788353 -0.0334885576521269
-0.0539082942827565 -0.0192846672053962 -0.0885716871261693 -0.0853235617129313
-0.0538215375162794 -0.0518283569819475 -0.0309473062888484 -0.153150098351072
-0.0152188873998606 -0.0912507875499426 0.0749017188260614 -0.179973150950244
0.0617412588015851 -0.0816231533275406 0.179030719359669 -0.0550280584839492
0.113001279646916 0.0235960928286734 0.111584155211095 0.0907785924267363
0.0390186332397746 0.117111988145418 -0.0273085576894272 0.0918185724737912
-0.0542419559129397 0.0973454065697718 -0.0343611604366264 -0.148211507812338
0.0782299686450333 -0.00429440356340253 0.042652285944653 0.213804626423652
0.0118675060413599 -0.0616731215418414 0.111896963296949 -0.066927803408104
-0.0466638111472411 -0.0324900370951808 -0.107854271564825 -0.126808276924635
-0.0292386068614644 0.0271629460028344 -0.228498016060125 0.0386850235177584
0.00250820473116102 0.0242011956455368 -0.10151329248652 0.209796567348968
0.014917223439081 0.0174819276954435 0.0488265237813288 0.191197021327238
0.0189538288156131 0.00639907102289435 0.103597048487431 0.117557128411653
0.00717462516228049 0.00277838340952082 0.124296706131147 0.0525354281417056
-0.00259401317687886 0.00544304618309331 0.148281614282486 0.0239010408016378
-0.0155255676102062 0.00423776762099673 0.165167618378597 0.0577971279323955
-0.0101061771255965 -0.0106207282731664 0.118436497500929 0.159143388264216
0.00595058570075377 -0.0222501137158154 -0.0106699276166238 0.230585246041632
0.033925465880682 -0.028119228890042 -0.112785016758886 0.217038857681862
0.0679812953199633 0.0108655643919883 -0.181603105129931 0.211210117774295
0.0762096469789489 0.0764095426971595 -0.106965703942221 0.323990718988208
0.0866615698576526 0.103403948125851 0.00868908668681408 0.195533862495472
0.0687907810804671 0.00122466509482649 0.111891333086879 -0.0601949664574397
0.0231930349192742 -0.0309993653379909 -0.10366406996364 -0.154845112649298
0.0035389106520573 -0.0184435472738785 -0.244907301492266 0.0172900298347245
-0.00463958826571467 -0.0324779531508397 -0.125189058159054 0.207995374418756
-0.0207138818342925 -0.0247633702677104 0.0345210125850849 0.200074010524552
-0.0242920967422713 -0.0130364233833451 0.0966004526184565 0.119825134150053
-0.037207365281891 -0.0148930655404952 0.115936140018274 0.0505324779559786
-0.0462775350037846 -0.0206991651108723 0.133321109324458 0.0129813526217753
-0.0546604855802912 -0.0494685904308797 0.159087826561457 0.0274950447708586
-0.00653137413252643 -0.0816257911202825 0.142744823801659 0.115462169607962
0.0673508998484937 -0.0653858494484366 0.0349812397531824 0.216182793015831
0.121268463974145 0.000934803572685763 -0.0712247757372371 0.228887327442511
0.119099790377426 0.110533006267975 -0.145035127338766 0.211655840703418
0.0739497442984414 0.202773150998194 -0.0894061822573089 0.287836729237287
0.0680350616580064 0.205297664553941 -0.017107469765767 0.137563023749015
0.111814425345619 0.0885014522552803 0.116727329648857 -0.070674163815077
0.105051130873339 -0.00315658259096508 -0.0877342881569682 -0.200869868881896
0.0580268823703464 -0.0625289794728763 -0.256744985270677 -0.0285976555336085
0.000345194083219544 -0.0955668843846543 -0.157710763198728 0.18116113082135
-0.0537951910537851 -0.0727253142397145 0.00375424130184884 0.193471666651301
-0.06707083291813 -0.0353832014194322 0.0729196264448627 0.116294415914309
-0.0756039222117249 -0.0281722434887094 0.0912238368886159 0.0427919247960299
-0.0821468129691461 -0.0385797987814436 0.102748408273134 -0.00472441302405106
-0.0930403854268771 -0.0862508990744623 0.13635570842167 -0.0163591745716692
-0.0246731210179116 -0.139913319520308 0.159524227819048 0.0452371814628604
0.0924929639672298 -0.122539867007057 0.0976354694754667 0.175545132914728
0.195812904807051 -0.0149845688542835 -0.009509094615789 0.230040010670016
0.184035299057536 0.16533037161575 -0.10287278874891 0.207919327220967
0.0850854715578434 0.291336714961975 -0.0711471671626265 0.220030742541369
0.0262209002990478 0.279396447494525 -0.0269983231599858 0.0417950721541248
0.127310601226291 0.18434964082838 0.122413573059704 -0.0974869562658126
0.177429352773948 0.0527465561952029 -0.0547893077575871 -0.248453611941631
0.126506038100683 -0.0883147263688753 -0.244580763566526 -0.0954645897816515
0.0190577383848231 -0.149407932162351 -0.18615641266688 0.120826415533322
-0.0748352772301565 -0.117628923691424 -0.0407933712721491 0.162444976702742
-0.100446777197396 -0.0574126290146823 0.0311863049343522 0.102913872681935
-0.103200890084623 -0.0373853513208776 0.053776956936949 0.0302472881105121
-0.105532083190936 -0.0465739371633636 0.059851150015197 -0.0234993535488135
-0.119131003642735 -0.103167954743272 0.0984221962522662 -0.0592014055611337
-0.0496647819983902 -0.173262980542948 0.153386061679076 -0.0325955682628695
0.0865461215077068 -0.168873134406659 0.14739355663235 0.110619975573764
0.233893912190592 -0.0507106876721982 0.0494654141394335 0.208714137296959
0.230276038455007 0.178066371193409 -0.0691941696109679 0.193881313537131
0.0953032175511694 0.329917844217749 -0.0628100357678611 0.132369226866295
-0.0249028245002556 0.304557702911719 -0.0147874514253623 -0.0778334921980695
0.103294793428475 0.25250902806637 0.12908597515872 -0.136767350986289
0.206318378690466 0.117846377308307 -0.00372635077178562 -0.279876496385822
0.179802082118915 -0.0815573660621315 -0.194628477065384 -0.165247300561407
0.0459475410159999 -0.174930631941801 -0.193768432450108 0.0320027234329726
-0.0789612916976617 -0.146031337112126 -0.0881973916394765 0.107856154128108
-0.117017123975417 -0.0723717922324392 -0.0205623382254699 0.0793377561597431
-0.113808111074517 -0.0414603707021666 0.00795507271670722 0.0147605140045011
-0.112391962574765 -0.0463601522362453 0.0130179688914793 -0.0409141367992116
-0.125821846358794 -0.105209065886783 0.0538582751242077 -0.0935212319456687
-0.0624171351402731 -0.179117329111244 0.128494095851845 -0.0982576488660275
0.0730490577808049 -0.183814881012204 0.171309358669297 0.0415890394802552
0.23105318806256 -0.068440867963886 0.088032772887585 0.171079912920199
0.230447276793044 0.170659168623142 -0.0499547536335209 0.170840943324337
0.0842910032593621 0.319293949537742 -0.0618577314421274 0.0385235893130632
-0.0648413169477111 0.268726783067192 0.0152432735504716 -0.194346556061346
0.0497039294405292 0.261702103158551 0.139946101138172 -0.176991914558321
0.175838582514077 0.157586450141803 0.0526606370638305 -0.2823382154742
0.188042359068677 -0.0499318555113844 -0.116249802712587 -0.213174331176467
0.063480176849352 -0.160174165513756 -0.174255581071444 -0.0613356560435423
-0.066138102924088 -0.145424653079841 -0.128550846705554 0.0406875299786425
-0.112653235734867 -0.0755167718117752 -0.074603328893456 0.048951837048891
-0.107660697885866 -0.0402180720773388 -0.03855634131187 -0.00402656616239297
-0.103975045424265 -0.0404491616701683 -0.0313575620676239 -0.0570866344077944
-0.112862872771342 -0.0967804949904134 0.0135439322277857 -0.119431500997435
-0.0551566288686046 -0.164258363132079 0.100676053742046 -0.142417251200494
0.0674434713850516 -0.165661024563502 0.176667651852048 -0.0109978186904858
0.20480082093306 -0.050091284414765 0.105973789792861 0.134866810788177
0.185260726739472 0.160290253782147 -0.0395509477757724 0.142838819623098
0.0467447397333009 0.270245498305919 -0.0624371586058096 -0.0455804548251955
-0.0805480522203993 0.180635284540347 0.0496787612606822 -0.282017317766782
-0.00204946804131794 0.202848708452371 0.150933074761854 -0.204816452884056
0.108229969327123 0.143338476088311 0.0972443718483644 -0.261835805916425
0.144686345206463 -0.016145591710934 -0.0407331918646421 -0.231755886405791
0.0589490442541919 -0.114423315889178 -0.143067737067107 -0.131909114637889
-0.0443949196534047 -0.114334723720457 -0.155594205929834 -0.0208841177414483
-0.0886112816800974 -0.0635433767095811 -0.120305991665754 0.0185938203936657
-0.0853960886518263 -0.0337065681518936 -0.0776100059996048 -0.0214631828215879
-0.0837109182174478 -0.0325037051679952 -0.0675988461660657 -0.072658947124476
-0.0868029871568179 -0.0789102107768465 -0.0154204293609417 -0.139865897581602
-0.0357018166525661 -0.1344473242443 0.0821472127787068 -0.169147257145598
0.0685273065059316 -0.128031328371716 0.177751492657675 -0.0421894314976638
0.164331099747061 -0.01127383755067 0.111977490118669 0.108953902277068
0.115322994124501 0.147006357174913 -0.0331960863489086 0.114384737923528
-0.0055523812000134 0.194075615922638 -0.0539196471073867 -0.110768565476416
-0.0729133545524227 0.0618776088473912 0.070898662687057 -0.325384953268806
-0.036537615453757 0.101853769025236 0.152571641544177 -0.214233764712947
0.0345226940390916 0.086877522654189 0.119220499339152 -0.238382350297884
0.0729270386171092 0.00599383836946117 0.00480835246969503 -0.233405624846894
0.0362304218895441 -0.0531710197572819 -0.121462623488694 -0.169034167967876
-0.0190437485115077 -0.063399318956852 -0.171002971300398 -0.0583286246854011
-0.0498674201091797 -0.0400169321187963 -0.149154193694593 -0.00283422207071963
-0.0500242568771729 -0.0218410271523099 -0.104122607813976 -0.0350452476566173
-0.0536969795204206 -0.0201942165015713 -0.0902624829572601 -0.0875264669550268
-0.054444484005489 -0.0527634873424262 -0.0312943217191465 -0.156873336041103
-0.0152658127112899 -0.0934168490299726 0.0776220824034498 -0.184087026795436
0.063873064141522 -0.0833754787702834 0.184233423852398 -0.0549115663000553
0.116062264320788 0.0261955204703764 0.113194394106174 0.0969707884387912
0.0386381046114636 0.120000435545462 -0.0283220535968805 0.0940349782564255
-0.0561994583524329 0.0989168502498663 -0.0347568129665321 -0.151146509100409
0.080613617208194 -0.00690606571011781 0.0531968213316522 0.218001441413819
0.0106833469044684 -0.0638257412217074 0.116141438992246 -0.0744987489493057
-0.0486007703280597 -0.0324706046208142 -0.113701728500974 -0.12915389970649
-0.0296412010363427 0.0287805485889877 -0.235699182607837 0.0469638055352628
0.00243358931182493 0.024660379669308 -0.0983821581594695 0.219743506692571
0.0165662369922952 0.0167593467870874 0.0564585269210809 0.195036895758541
0.0201798579542146 0.00558743077583195 0.110403834871061 0.118941944405564
0.00612557080327475 0.0017337055299134 0.13051270903857 0.0511306917340716
-0.00336100445169539 0.00562609327652177 0.154398556457092 0.0198376506564637
-0.016264809218133 0.00482993489845629 0.172035078541286 0.0546926044993328
-0.0101422606867222 -0.0111106340429476 0.126833516280541 0.161959749539851
0.00501508967084459 -0.0234539356508545 -0.00551572221318255 0.239208869373972
0.0341364770672868 -0.0293466227584698 -0.112451684549691 0.225490246061764
0.0698321201068732 0.0102521297610574 -0.184663460263781 0.221873324618945
0.0810505938249663 0.0764854211091386 -0.101455385135511 0.33631808389116
0.0922429449447852 0.103040674803182 0.0178488229956635 0.201090558448635
0.0707084647829772 -0.000718368700881175 0.117571904671768 -0.0666973175951854
0.0229763785017993 -0.0326809072610175 -0.110513028391821 -0.158802904433403
0.00283173366673078 -0.0193005069220826 -0.253410634048727 0.0245186026299673
-0.0064044468689223 -0.0336053228074004 -0.123645442890654 0.21743290714709
-0.0218392799016682 -0.0245219693569576 0.0420267536470253 0.204624631773601
-0.0256683746704375 -0.0126311424319555 0.102922345670897 0.121741127889199
-0.0391976270834475 -0.0138780894547318 0.121439013082761 0.0496403884475952
-0.0490879933926468 -0.0201402627527914 0.1390166796116 0.00996352633940847
-0.0590081461236266 -0.0479647028876957 0.165224430916046 0.0241010585456456
-0.00982044384642254 -0.0843997893924247 0.150170653941416 0.115692384724301
0.0670635614976218 -0.0694987230390686 0.0419777135416588 0.222723720713039
0.12483898944603 -0.00129495531181673 -0.068497522187835 0.237705534198086
0.125115367997687 0.111050576910271 -0.145027755793034 0.221952928292732
0.0819123328709683 0.207988049371663 -0.0838062306534563 0.298545873384076
0.0758186653909649 0.207652846724945 -0.0104644230713382 0.143098740145964
0.117184102122364 0.0873910024145245 0.12318033570589 -0.0757624337973615
0.107994251836984 -0.00601066928205126 -0.0959200644697291 -0.205708971509296
0.0579237099973373 -0.0659121034191116 -0.266286749578395 -0.0232764141367763
-0.00363294181595827 -0.0980308854780175 -0.158205580833139 0.191197331282953
-0.0576734452016471 -0.0720479109677767 0.00970487366473278 0.198560197935315
-0.0704938410117219 -0.0339803974334244 0.0778688270656098 0.117559831008735
-0.0792712638880592 -0.0271280876830278 0.0952350219169684 0.0420656477051021
-0.0867484176872105 -0.0367936013781398 0.106553409770006 -0.00706495908884012
-0.0998528466908243 -0.0846896824682253 0.13963223224654 -0.0204226581121379
-0.0303291239708956 -0.143137894438374 0.16410212572513 0.0423416822340142
0.0912604006184569 -0.129985171483602 0.106439031140798 0.179800443644219
0.201126850901238 -0.0198280155149657 -0.00356497915863289 0.238319933566388
0.193459572790495 0.166293460617027 -0.10057109350303 0.216954107639398
0.0963132910563693 0.298427943555064 -0.0663269908008769 0.228423498861486
0.0338958140303668 0.285817633428102 -0.0231956283677557 0.0453053728422006
0.135767440992498 0.185154820457459 0.128744277807924 -0.102837045866082
0.183971104138559 0.0499481147257211 -0.0612915295251355 -0.255611740955452
0.127318735277052 -0.0951245231679014 -0.255444583973036 -0.0928510232953186
0.0139120109892477 -0.154094837560101 -0.188488936457122 0.12930542089851
-0.0813501397460546 -0.117559585630305 -0.0368762042596622 0.168764578203892
-0.105574734494148 -0.0549481813576496 0.0350730313553614 0.10478621745223
-0.106777798309932 -0.0361871291282443 0.0558794612412827 0.0306044318639094
-0.109915253974768 -0.0444486352684071 0.061695020008881 -0.0245502674845372
-0.127494986786805 -0.101929813883446 0.0990664667834102 -0.0637533973088274
-0.0575209787753909 -0.176367829496512 0.153950736181585 -0.0376529742840778
0.0837195811675153 -0.177115487215636 0.155691626764332 0.111094192992715
0.239150426331397 -0.0583032008549549 0.0573025108454536 0.215248187606383
0.241344524743856 0.177305522942244 -0.0662378750580009 0.202395532110557
0.108617605573068 0.338338790876424 -0.059377451603295 0.1372306767231
-0.0176504561968954 0.312867584518079 -0.0146719587735716 -0.0778757462459896
0.112910511736991 0.256797482142296 0.13414135703297 -0.14254115284772
0.216563672874797 0.117089304181677 -0.0107527729724375 -0.289076532571252
0.182832021108221 -0.0901953387825308 -0.205279775521247 -0.166527714946872
0.0406959355911734 -0.18154555743267 -0.1988269807875 0.0382891688243711
-0.0870454320483659 -0.14591214128663 -0.0873412496487857 0.113884145145846
-0.123563784016363 -0.0703783356363313 -0.0192294027016015 0.0821022632752242
-0.118480953358143 -0.0396753105755601 0.00798935129999999 0.0146334977690258
-0.116797109664875 -0.0445740812155789 0.0121962150047026 -0.0406248130724346
-0.133940737938189 -0.103945186184631 0.0526859863534095 -0.0983367838561271
-0.0710078531792794 -0.182126315707227 0.12655322807922 -0.105360523860525
0.0692784546711922 -0.191409546387302 0.178910936809614 0.0390607819539003
0.235855507288822 -0.0757072785447911 0.0973870685951807 0.176159525300114
0.241886408713644 0.168886884995896 -0.0463143193573402 0.17776013266465
0.0969032643057117 0.327373795616539 -0.0624848401814211 0.0400559516189891
-0.0611621083372357 0.276754269838957 0.0123084881285169 -0.198381273564047
0.0586114183688447 0.267175891484494 0.143360210694761 -0.18376672876303
0.186352689793811 0.158652623208357 0.0481604125432041 -0.293052862758927
0.192463605948034 -0.0574327110138739 -0.125265959506567 -0.218615092814249
0.0594506399635116 -0.167517278446108 -0.181971971469866 -0.0580273059166489
-0.073722735075801 -0.14584357646227 -0.130550304014833 0.046225742190491
-0.119311005366491 -0.07329190907568 -0.0757602524233983 0.0528851124315689
-0.111884451768197 -0.038823835364376 -0.040597918139985 -0.0021002744208818
-0.107917876185147 -0.0397758427165062 -0.0339804665383589 -0.0557455918714399
-0.120452654025723 -0.0958154498836327 0.0099401781090546 -0.122763834650449
-0.0632279323294537 -0.166623134096734 0.0965057297660724 -0.150202133050615
0.063844654762373 -0.172815023956852 0.182335891734029 -0.0150606268441711
0.208786630459543 -0.0564151887540703 0.115056108983106 0.138565952273479
0.195944508129998 0.160221729764354 -0.0365394300782929 0.148007839883991
0.0568732027021777 0.278206475648853 -0.0653440263846721 -0.046369360350534
-0.0782173407728069 0.187299945769481 0.0447236216550923 -0.290637917676492
0.0044423656094606 0.208309744054576 0.15228126070295 -0.212305995747947
0.116185123604128 0.145104385078335 0.0943347816758607 -0.273329247111505
0.14871250749462 -0.0216475511478499 -0.0472900221661338 -0.238904370443684
0.0562595128172724 -0.11988131745232 -0.151710361141916 -0.132979544858604
-0.0502315932421245 -0.114877565355655 -0.160563458873771 -0.0152901923847625
-0.094101893201327 -0.061846188803111 -0.122890994023828 0.0239996941805632
-0.0877502373246869 -0.0328150113430494 -0.0812747327824277 -0.0193111448414891
-0.0860816883633212 -0.0308951009779805 -0.0709317999165717 -0.0715530074914464
-0.0923374126609344 -0.0780572279935852 -0.0211303859005068 -0.143707342940709
-0.0422671218046477 -0.137396556718224 0.0772857734523566 -0.177737542394636
0.0660045331165706 -0.133810796466208 0.183335318359542 -0.0478936996891466
0.16950709264439 -0.0156133851067493 0.120533182408588 0.111131606853318
0.123038896452032 0.148256941679254 -0.0304759432478563 0.118958987000949
0.000766112979985975 0.200490315191373 -0.0590454475881424 -0.112874999105664
-0.0734502009234309 0.0642325318932514 0.0640689134544748 -0.336258414904022
-0.0337760131774531 0.10466209391266 0.152701809705034 -0.222768899529592
0.0380644726641904 0.0891017595158762 0.116635961240434 -0.24872713475104
0.0749703950593604 0.00310551398530909 -0.000467258980669282 -0.241594463712107
0.0352099175529601 -0.0559118841446058 -0.130218925321454 -0.170905688031486
-0.0224836558533622 -0.0637338288976782 -0.178040197949986 -0.0542520820705166
-0.0529885569184875 -0.0389912959868918 -0.15409512508943 0.00270046055259588
-0.0514836959793623 -0.0220328791524458 -0.109682407564062 -0.0333476659358959
-0.0542828329521151 -0.0188505232866911 -0.095433316274884 -0.0865528065384539
-0.0578757222964488 -0.0525304553164195 -0.0376815354284334 -0.161196259904071
-0.0192195398005606 -0.0953860397557597 0.0724753668439418 -0.192237258007066
0.0623353451909785 -0.0878728478964235 0.189022357269409 -0.0602848665939956
0.119981068809262 0.0241612639036669 0.121645065003408 0.0988733162194618
0.0431863199658655 0.122362354573456 -0.0267671760678746 0.0974295148297943
-0.0547215011542862 0.10349155819742 -0.0413793575630861 -0.154040307193169
0.0799195456661214 -0.0122035066872238 0.0687361151246137 0.215101897570651
0.00600259131624466 -0.0644565073564332 0.114631881348411 -0.0834234236101428
-0.0507186348803291 -0.0306171228781298 -0.120083504277549 -0.125573408316262
-0.0284786602185034 0.0304387679661702 -0.235011373387333 0.0608552702234946
0.00334685003681288 0.0245684068374529 -0.0875817469879439 0.226646024291195
0.0183767170189202 0.0154780504387712 0.0675580322813365 0.191869486015208
0.0200739738107881 0.00417158273689471 0.118543564019499 0.113194605156202
0.00581593340998939 0.000996777690642112 0.134816967146773 0.0439571103078567
-0.00370173378819649 0.00595872787052834 0.156672208167785 0.0106895489350389
-0.0163881341166466 0.00646135090888136 0.175230782269082 0.0455196422035472
-0.0108393334862607 -0.0107363085947488 0.137002008861701 0.156298964035226
0.00409496717976175 -0.023666072368743 0.00785171746033844 0.2417719024012
0.0329950524933 -0.0305260460032845 -0.102570470429156 0.231071912487873
0.0702445002584018 0.00838892154296965 -0.175664450457967 0.231824682779621
0.0849938231645214 0.0725704258889381 -0.0843134139279781 0.340929132918588
0.0974796038081117 0.0975757099729516 0.0322171001691462 0.199778683316251
0.0702182953847153 -0.00457395563886816 0.117761369598566 -0.0753819910193107
0.0206904229362995 -0.0339884444506213 -0.118591461027223 -0.155116216143899
0.00133582915756666 -0.0197111552798563 -0.253611582632088 0.0383866937746743
-0.00922743792050942 -0.0335693406616079 -0.113103538737275 0.225992112672183
-0.0233329839378024 -0.0231339382450733 0.0540675004117071 0.201779786517991
-0.0261135223628999 -0.0114904166130013 0.110719845736227 0.116159766945003
-0.0405802457813687 -0.012142595839252 0.125672826422367 0.0435544921984349
-0.0505664188309545 -0.0174947186225646 0.140907459238281 0.00192162457231948
-0.0623252973769687 -0.0447758269400596 0.166486331944242 0.0148822257701777
-0.0149837764033634 -0.0842933702432843 0.156538426494879 0.108660039838486
0.0632221305634594 -0.0736731121342922 0.0547481200581079 0.222413311624115
0.125158593016033 -0.00701979037249761 -0.0568059485607989 0.241698631541945
0.130960950592203 0.106562847021975 -0.135270741274372 0.230766256907487
0.0940998118426358 0.203519295037474 -0.0677313102513466 0.301679055200843
0.0861826264080486 0.203057370639014 0.00111329130629196 0.143711129098919
0.121474282488951 0.0813949480678211 0.123884916337986 -0.08358225914231
0.107206422312033 -0.0114464815395329 -0.106010216252056 -0.203141891578903
0.0539537164460937 -0.0697451786787112 -0.269784524007083 -0.00940708743258058
-0.0107455623499232 -0.0980081349888637 -0.148425714564208 0.200303419834827
-0.0621417331599473 -0.0682731554319269 0.0214088239732847 0.197815175566864
-0.071912245993519 -0.029612171882281 0.0842877662744534 0.113497684295825
-0.0811041050567298 -0.0232337228357513 0.0986507675766248 0.0376847056143457
-0.0895692289545661 -0.0316375864601868 0.106863395478269 -0.0123582471319871
-0.106078159835237 -0.0784620741271354 0.138860601960439 -0.0276722928102405
-0.0394404786804161 -0.142420823971839 0.165728034878412 0.0339489054239533
0.083469834340228 -0.135593441761333 0.116994163773369 0.175960190440559
0.200142774110697 -0.0299811179791856 0.00877072140343354 0.240506566928929
0.202714559922869 0.156302477457348 -0.0903246910044695 0.22350589564736
0.11383864945035 0.294805965569729 -0.0534981742115427 0.230336291940731
0.0492540990139277 0.283281740700578 -0.0181071350505746 0.0476670824180581
0.145691600798402 0.177788513085122 0.12821236520381 -0.110296810618737
0.187012246827764 0.0405047574517541 -0.0748851834144817 -0.254789351204344
0.121874246175285 -0.102550645135605 -0.261844818387972 -0.0811510943068284
0.00377847426104705 -0.155539267414229 -0.182461156252038 0.140073160345971
-0.0887666581985529 -0.112001325788821 -0.0261230035011308 0.170946979161855
-0.108442261742095 -0.0487400839854241 0.0409054604595216 0.102630424595602
-0.109185800615181 -0.0311594382563867 0.0580329266906515 0.0276720645295573
-0.112550042504226 -0.0387242341353055 0.0610765350737428 -0.0274613827407243
-0.13542886798318 -0.0934972279909724 0.0957264408831662 -0.0689420375061743
-0.0681312354372893 -0.173346859876139 0.151037518322694 -0.0461387182295871
0.0728420397694877 -0.18244537762035 0.164085852794828 0.103769200391746
0.236476652075596 -0.070458867803157 0.0706699141578554 0.213942950345439
0.252099399516662 0.164963161137933 -0.0555966651338125 0.206039105262248
0.128861674273948 0.333849270594739 -0.0512693857181131 0.137755122791457
-0.00174768138429738 0.312895444343041 -0.0169798418843171 -0.0752519980103423
0.126429257930806 0.249631358712704 0.131945870828346 -0.148526760965283
0.224088355547913 0.105996786566297 -0.0244837138653938 -0.290659420080009
0.177645607737854 -0.101676099668068 -0.21514565199994 -0.157714752098825
0.0290397286116828 -0.185026744332719 -0.197785964192431 0.0488969696596118
-0.0954359364759047 -0.139544058554806 -0.0806851795271023 0.119090909004192
-0.128131573413076 -0.0618749298800808 -0.0147834468173948 0.0834588122470507
-0.120649434365554 -0.033989068624251 0.00860958436686949 0.014971498401204
-0.119087233841144 -0.0383574127825335 0.0106270127050112 -0.0401504375047479
-0.141950102730336 -0.0945701172357086 0.0464817942624575 -0.100566492531472
-0.0832804168661704 -0.178436663980679 0.118485819084841 -0.112224449092849
0.0573615441731258 -0.195305682163809 0.181934670266836 0.0309628787411339
0.23241434307581 -0.0877575589780393 0.109930594722002 0.173230758126102
0.25154580580826 0.155971391506785 -0.0356879439153273 0.179816827655755
0.116570161856998 0.322743026719764 -0.0597693372068813 0.042371008925687
-0.0461969835459422 0.279820370402479 0.00363961608717744 -0.198209168215713
0.0734639988525379 0.263406154271833 0.137696040961075 -0.189485497570718
0.196144737208693 0.149301165198617 0.0340471948169573 -0.29653094554722
0.189124954565591 -0.0694587679953619 -0.136992007497679 -0.214454040338865
0.0487983904834663 -0.171728806287439 -0.186076556717775 -0.049398447835153
-0.0826514307215841 -0.140212789755843 -0.128507739517365 0.0541329345058035
-0.123662991564424 -0.0650962070983083 -0.0731347770566475 0.0573705581694182
-0.113941025358371 -0.0339106112784987 -0.0408908189466569 0.000377097708367836
-0.109418277151192 -0.0338244829382079 -0.0366601403746643 -0.0528294422300701
-0.127490196869316 -0.0879718116857747 0.00257916299399618 -0.123702300133239
-0.0742011831247886 -0.16346700237432 0.0861035374625772 -0.155776222330058
0.0533360530827557 -0.176295024016423 0.183504631249761 -0.0245522782649637
0.206863914344065 -0.067571544125899 0.125066901205453 0.133970050107828
0.204947782551216 0.149847184027005 -0.0272119909805292 0.150226074120365
0.0740661071337217 0.275110424939801 -0.06831797353276 -0.0435746722922918
-0.0690144489761602 0.190542253869436 0.0303995426270211 -0.291787089446075
0.0154176031485362 0.206595141635421 0.145120406549613 -0.219116647396962
0.125419635485946 0.140096471122154 0.081148710405003 -0.27854890347298
0.14776997645648 -0.0307385543134327 -0.0586521838110796 -0.238612496880651
0.0484808911835704 -0.124258910679264 -0.1594912023489 -0.125132502312987
-0.0570824014487878 -0.110305960910131 -0.162286027274792 -0.00615569299474716
-0.0977059828566439 -0.0552946610123907 -0.122983972064469 0.0312217132013158
-0.0900144268500033 -0.0288641371560605 -0.0839297206781263 -0.0145552233896436
-0.0866387279985549 -0.0269354142245141 -0.0749583156027084 -0.0670407377670075
-0.0983315943950501 -0.0724775161870397 -0.0296341399690661 -0.14225854434635
-0.0513962753862771 -0.13436535233449 0.0661535721386244 -0.182275759993372
0.0572327998670894 -0.137923578497075 0.182186607717581 -0.0572868940866434
0.169561951754099 -0.0244789773553528 0.128580325171765 0.106889027835785
0.131661394610023 0.141691894260334 -0.0240470863900681 0.120989741864095
0.0119359135285899 0.201258799847988 -0.065851815829644 -0.110116780120484
-0.0702373402947124 0.0673728015414216 0.0471939299899729 -0.338935098817863
-0.0275587118390836 0.10534595971817 0.143209968576056 -0.230073324428884
0.0433610359651591 0.0872504411035509 0.105903646114329 -0.255337734185996
0.0751006438725839 -0.00157238413368205 -0.0117294140723566 -0.244012323598094
0.0312195899594327 -0.0588337345619656 -0.139971776737055 -0.165105516763546
-0.0260398091186613 -0.0605852996153619 -0.182408092633392 -0.0433550458656073
-0.0557428150047678 -0.0348499829568204 -0.15574052072083 0.0122591923088323
-0.0523942544297556 -0.0203813265253727 -0.113240139603873 -0.026414420076303
-0.0546689173374991 -0.0164150805401706 -0.100742655236927 -0.0800621259002248
-0.0606143696727269 -0.0487646372564829 -0.0475070863569478 -0.159142898314073
-0.025647673646368 -0.0940589017681972 0.0610404454803244 -0.196812705739478
0.0573516878189559 -0.0919537494154429 0.186765867699699 -0.0711751042527565
0.122562550417111 0.0180102156236371 0.128636192269325 0.0950410787417785
0.049856164457287 0.120073942403963 -0.0218405598859418 0.0992517183969443
-0.0496938604592252 0.107381990880841 -0.0508738515588904 -0.151594583229818
0.0761996133533709 -0.0154816974353606 0.0785663011730891 0.201943390397569
0.00232214124815094 -0.0627774962908879 0.108945676984215 -0.0890558316125487
-0.0509651279474303 -0.0270273714105655 -0.120866839602562 -0.11797941529789
-0.0257406032090624 0.0304980774542418 -0.224651268426749 0.0700531641255986
0.00386999540250004 0.0233569814123165 -0.07385605521078 0.224622517003962
0.0186394721054464 0.013203214921505 0.0744611836337446 0.181162111584461
0.019838158643509 0.00183801807200107 0.120640196092644 0.10325523986097
0.00460655069626937 0.00055009226353779 0.134184072510396 0.0357795178974425
-0.00340344126123186 0.0064937093102027 0.153266027310274 0.00167474822481336
-0.0153112340467034 0.00701121748339681 0.172542804988279 0.0353263296505109
-0.0113962122420107 -0.0103712825272425 0.140740457407386 0.146051946139016
0.00253635692758265 -0.0229017591413173 0.0183117801387888 0.234230113658004
0.0305796981485779 -0.0302784929208761 -0.0908270964613988 0.227463500229017
0.0682590335846057 0.00581204839332022 -0.161099691994109 0.232134062229671
0.085111316938917 0.0661829209511111 -0.0663691368811632 0.332332666323127
0.0972570034084824 0.0889269244616552 0.0440293973480175 0.190265554703731
0.0666404146434092 -0.00806980528045385 0.113535615903301 -0.0803558189910178
0.0177783153257562 -0.0337413610274314 -0.120895361248871 -0.146432746521871
0.000482570340804745 -0.0190601474162551 -0.244082134263045 0.0485941948471558
-0.0113449600711272 -0.0313031630440749 -0.0985311932349977 0.224075108492034
-0.0236253511374272 -0.0210083039246183 0.0621974369225356 0.192279281979141
-0.0256547269970602 -0.00993248203199747 0.112995252514429 0.107126253740959
-0.0405061057226513 -0.00962944417949136 0.124798977789854 0.0356553932970375
-0.0509657942093306 -0.0140739309977527 0.13718842888441 -0.0054613900999506
-0.0633224165211571 -0.0392027026168499 0.161207090480554 0.00632150829664035
-0.0191216258512421 -0.0804769329932227 0.156719942952156 0.0977690570684963
0.0569770614653388 -0.0745876426766856 0.0641448307412038 0.213463524544133
0.121228426813178 -0.0116059143292555 -0.0451757023647968 0.235959863116443
0.131352578602039 0.0980666552011202 -0.121345236343555 0.228012762639284
0.100790889467615 0.192727824203802 -0.0507364621380249 0.292591775230614
0.0915369189280902 0.191440031531694 0.011709104772918 0.138792466894678
0.12054686407861 0.0722930603723669 0.119823759217757 -0.088316586720769
0.102468272325101 -0.0156473142433991 -0.110857813525173 -0.192869951802985
0.0481304298002492 -0.0700508749487931 -0.262313100480789 0.00250913570093149
-0.0161734768956494 -0.0936541846391251 -0.134316024792489 0.201287216439135
-0.0631392483684859 -0.0621037265958418 0.0300247636034985 0.189966745686622
-0.0705343195085246 -0.0251168928765595 0.0869395244893862 0.10522120337498
-0.0803838290756151 -0.0185284517342447 0.0981183064266451 0.0315663544516628
-0.0884296037044389 -0.0265436425322613 0.103463912010078 -0.0172449831725878
-0.107810095733337 -0.0694109081004747 0.132887358799814 -0.0333394387685852
-0.0470041747918822 -0.135100728681458 0.160988326008795 0.0263886668691951
0.0732499700319924 -0.134904445885782 0.122065171880997 0.165644531196291
0.192929441723126 -0.0370767750295972 0.0194122745475315 0.232480637196366
0.202961496600422 0.142466993748447 -0.0777012617062964 0.21946703904314
0.1255983031628 0.278914461691103 -0.0403280802365193 0.223104854060055
0.0600212122031157 0.270410930253509 -0.0109810872705127 0.0470524185774856
0.14761361849674 0.164014482239313 0.12369226045841 -0.112553247837122
0.182746908551445 0.03058823891326 -0.0835861661856353 -0.243756863246141
0.112364288824936 -0.105325908480628 -0.257197949191743 -0.0668459022522831
-0.00550565665260356 -0.149803674537398 -0.16981900354865 0.144458902376386
-0.0913884918581223 -0.101827624443542 -0.0171747797927762 0.166390145419881
-0.106774651649214 -0.0406522539083558 0.043867663566182 0.0976566901465416
-0.10729365408915 -0.0245534630948936 0.0575980448778331 0.0248228902689243
-0.111102254005399 -0.0315954793711008 0.0583603287292869 -0.0289796400795386
-0.136405089411974 -0.0818535526622411 0.0892020137513899 -0.0708253375440421
-0.0770857005918865 -0.163778777686956 0.141833270250347 -0.050894347264346
0.0603366952478117 -0.17971420914579 0.163776151000853 0.0938926303804477
0.224796398588553 -0.0787269821671328 0.0789791755651516 0.20401051690336
0.251319673091299 0.147715917804069 -0.0447594299425232 0.200679089694819
0.14129275165903 0.315941045879901 -0.04211695960204 0.133747581854702
0.0113998596948055 0.301453862072396 -0.0160774856499248 -0.0713630897906933
0.132933395181274 0.234877973525003 0.125055443390648 -0.14900170757733
0.222132980954112 0.0923250394868245 -0.03587469469903 -0.279293919868487
0.166912250972537 -0.106917280746362 -0.215347581095138 -0.143809437971982
0.0173439232569142 -0.1799854063115 -0.188241168550035 0.0564046826157624
-0.0996627589935868 -0.128151677001034 -0.0722269310205378 0.119319800389793
-0.125892358615585 -0.0525460358173671 -0.0112637075881571 0.0815084253983193
-0.11826594108523 -0.0278290704469751 0.00926727089817799 0.014640009559023
-0.116615916733442 -0.0307238951994913 0.00911439194753374 -0.039095322084467
-0.142394435559289 -0.0828795336199247 0.0394611280417767 -0.0986815782204345
-0.0908229272225067 -0.167677301439092 0.107272538779085 -0.11261536102962
0.044089458609705 -0.19125049782764 0.178944653707648 0.0220002761478274
0.220862142383353 -0.0953438838958382 0.11583642624113 0.162626444740124
0.251006330816588 0.1386238102439 -0.0263021601818305 0.174769317050054
0.130382987328946 0.306618723077476 -0.0560963460875741 0.041647656152818
-0.03357748998743 0.271889577080937 -0.00320610223753256 -0.189619449482097
0.0823305765386785 0.249915385742863 0.128475825369582 -0.188227568603629
0.197733904153631 0.135636213470527 0.0204223525282743 -0.287965690554789
0.178440808956258 -0.0762592799260467 -0.141556524286824 -0.201767078192633
0.0367642947087151 -0.16872249009111 -0.181383884921038 -0.0397917934339259
-0.0874041471935225 -0.129268495622695 -0.121187525097727 0.0587287776250859
-0.12242195854011 -0.055211244474724 -0.0685154942297268 0.0595872076677659
-0.111620666956245 -0.0276024139187415 -0.0399762360239045 0.00318474245424581
-0.106902698334289 -0.0277625851025377 -0.0377137589341505 -0.0486698091584667
-0.128244041818588 -0.0769340275448032 -0.00413615060223137 -0.118284249768485
-0.0819664096865293 -0.153277482232597 0.0736554106825976 -0.152945960201645
0.0411435606805552 -0.172552682190134 0.176822200234454 -0.0321720500156367
0.197365428318329 -0.0741700429030183 0.128970547542557 0.124004441621285
0.205463868041789 0.134593122073269 -0.0199316961930173 0.144750284191915
0.0858886584961682 0.261854236158303 -0.0686214086758146 -0.0404424240577195
-0.0589117511733631 0.186152078007901 0.0178143923434396 -0.281305418483316
0.0236220271693971 0.197575380774291 0.132714760653332 -0.21628959603505
0.128769837950155 0.12889730372094 0.0666700023129584 -0.272264923509296
0.140332588382791 -0.0371724429729778 -0.0673039357669963 -0.229554144021195
0.039714323106714 -0.122781210134531 -0.159435862137744 -0.114810420851342
-0.0609831938044432 -0.102138402074418 -0.157412851745106 0.00247608685230074
-0.0970230909370681 -0.0468740134351636 -0.11789932261104 0.0374699076529995
-0.0880754077874533 -0.024649297085282 -0.0824032014826633 -0.00932810236444999
-0.0845205640192265 -0.0222698602374949 -0.0756211517533169 -0.0597580277090298
-0.0986717692752625 -0.0640720680812427 -0.0362598654835509 -0.135451998954654
-0.0579528459170309 -0.127307805431631 0.0527285542151948 -0.178177074467514
0.0477144679993797 -0.135535069858813 0.174091870569673 -0.0640767550125857
0.163826427434685 -0.0311124846918381 0.131153928304345 0.0980864623117342
0.133502009936458 0.130303404183116 -0.0181185087583746 0.116862507592618
0.0227046739728485 0.193016969875882 -0.0702700132422633 -0.103620103815014
-0.0658540345195251 0.0666420969305778 0.0317658961693126 -0.328241230529677
-0.0221302416714038 0.10102651251874 0.129430699866068 -0.226826305542264
0.0468820703684314 0.0821620632124583 0.0913408003842563 -0.251408334889736
0.0719979463237986 -0.00524055932711891 -0.0222090752254162 -0.236764822343735
0.0261269968866535 -0.0588181039421803 -0.144131698724469 -0.153360528430476
-0.0280520572805727 -0.0556664411163157 -0.178571153222932 -0.031784381674273
-0.0547979808489573 -0.0298042422697987 -0.149326050821447 0.0212837227542694
-0.0521180348696121 -0.0177352945199134 -0.111694778495722 -0.0189710515855441
-0.0523965833431744 -0.0143254625924642 -0.101401536316345 -0.0717864227535566
-0.061325216135274 -0.0438591167479538 -0.054370598280484 -0.150613845784857
-0.0303417851070959 -0.0891789212113886 0.0485384804891808 -0.192347603031663
0.0497766085540595 -0.0911798490692454 0.177763834090863 -0.0769750145333425
0.119678165125284 0.0112698985986191 0.130202385028893 0.0862353674700001
0.0536386259788914 0.11347873998316 -0.0168851101114208 0.096247452663971
-0.0419770673090659 0.10630559759898 -0.0575756200549925 -0.142882061982338
0.0708669626304459 -0.00505201104450756 0.0562177632787428 0.198299207681236
0.00985312736206102 -0.0566053945537565 0.115607624933845 -0.074801245091896
-0.0434502537783698 -0.0319806695422794 -0.0978651414348515 -0.128481406773941
-0.0285681133907597 0.0243861499005491 -0.216138294984604 0.037911596088343
-0.000977239881499261 0.0225867038897252 -0.0947778963144503 0.200059276391048
0.0147323279415825 0.0127354806305038 0.0494822832436589 0.178274589076
0.0182661071053536 0.0029452244495647 0.102557255917532 0.110917657927755
0.00419350352295593 0.000811077905452226 0.124214099776471 0.0498987167452329
-0.00509284251076054 0.00448997050129876 0.146631303285542 0.0196084113120174
-0.0159051614337099 0.00449070309216943 0.160794007915493 0.0545420448152446
-0.00936617924921568 -0.0127936766532602 0.117718513875803 0.158429667336413
0.00624361197547712 -0.0246273856176871 -0.0103691777320188 0.22946992389755
0.0361959182793531 -0.0260966025149916 -0.118885954908153 0.20692886498354
0.0663952840392015 0.0140486808202619 -0.187115000757258 0.203937525412374
0.075712433505517 0.0720948324245509 -0.10941533925332 0.312804907686219
0.0780025768584667 0.093256785559984 0.0200057579678828 0.187567129858176
0.0617577090201029 0.0019615618864399 0.11923965987421 -0.0620040105153173
0.0208322633065994 -0.0281293284564874 -0.0923771114129176 -0.151075231907339
0.00245488716413149 -0.018354073030356 -0.229671154002966 0.0159227966658061
-0.00745808505934211 -0.0309237020522246 -0.115146029474219 0.197108785702968
-0.0205311482347408 -0.0241864563189508 0.0378648550839316 0.184887030120056
-0.0229150063149861 -0.013382539682215 0.0950300429433681 0.113353021636374
-0.0381890139555751 -0.0149110371593498 0.11445086742744 0.0490137236358456
-0.0476360780603307 -0.0198944080117326 0.132808819788224 0.0118416183434612
-0.0558443189929734 -0.0445884324987623 0.154519535151235 0.0271352059628873
-0.00907727612830018 -0.0807507195829358 0.137745970616434 0.118040854998642
0.0638581432814517 -0.0671046656631804 0.0348811002741358 0.217336797965946
0.120448438322644 0.0014859580881709 -0.0771069903417463 0.22005651204584
0.115298519180678 0.109205342697824 -0.150928979629622 0.201520685360365
0.076182875716201 0.195372934917627 -0.0926429457848235 0.271625580328951
0.0601525324249769 0.187130801473811 -0.0108360670322161 0.140009815891492
0.100460599761747 0.0822374601650529 0.125483374286978 -0.0636619621183318
0.0967988044235789 -0.000482768770791408 -0.0770076500524898 -0.188727981998861
0.0545350381574293 -0.0589533492724716 -0.238520397985673 -0.0260138331024817
-0.00302959497126659 -0.0899925423622403 -0.143205593135154 0.171519609035391
-0.0520150071879539 -0.0671625225851607 0.00940766638573052 0.177813764883103
-0.0633126944168291 -0.0330539983699976 0.0710749107408275 0.108710311192755
-0.0744466018864945 -0.0282297075931166 0.0891037116124813 0.0426799983751203
-0.0814416833569801 -0.0365334216541368 0.102670403788004 -0.00258467343842015
-0.0946792379510417 -0.0776617760182014 0.132271398552859 -0.0128235456914583
-0.029179507481973 -0.134995288086565 0.149808710385776 0.051380523308811
0.0858991278625793 -0.122839448150902 0.0968422664012196 0.179591382560517
0.191218372228469 -0.015535204032613 -0.0163947868881921 0.224804347645883
0.178619902601409 0.159676842521446 -0.111156598459769 0.196027086799072
0.0898531274510738 0.282036030780568 -0.076653418470035 0.202184584847013
0.0205797444452718 0.256288155094378 -0.0278496389713924 0.0535162720616503
0.113665854030391 0.170701707318543 0.129328968270088 -0.0809018293399457
0.165496871372045 0.0536766271230192 -0.0459473661474557 -0.22761134092521
0.119136774579151 -0.0828448094672592 -0.225151599964651 -0.0873754457210905
0.0154278838537488 -0.141807367477538 -0.167920148630646 0.11637631686357
-0.0727392753504321 -0.10758686025579 -0.030635944152723 0.149313476856318
-0.0951922273278674 -0.0518474450143528 0.0310966545277694 0.0960531993066614
-0.0994071835126336 -0.0375178761792993 0.0515165081240804 0.0310553365237931
-0.102160041845678 -0.0442593184812777 0.0610228542218228 -0.018579420501365
-0.120643277192215 -0.0933729421995983 0.0953705973865436 -0.0527538422977102
-0.0548578415747434 -0.165462730893388 0.140740624410081 -0.0232454526937175
0.0779228767467209 -0.165434733361147 0.14640531668412 0.116291748498521
0.225671290289817 -0.0513260792891268 0.0438261134590782 0.206549260229736
0.223204127003455 0.169081167781338 -0.0783880922602529 0.181713570021345
0.101349836530987 0.318538866192111 -0.0694326803780274 0.114649625366095
-0.0279216317905699 0.279293478600383 -0.0233767089363073 -0.0584589625740582
0.0909311702477428 0.23349874180877 0.131157073294541 -0.112971207319852
0.193928989672947 0.11564084672402 -0.000797048897610885 -0.250735092182388
0.170468103557179 -0.0761779450846172 -0.177405404256118 -0.151789669417178
0.0414587059680553 -0.166051405025501 -0.174790109126733 0.0336156806869726
-0.0768465974726673 -0.132554562631242 -0.0763233473652676 0.0987817773589664
-0.112138485284814 -0.06417400888335 -0.0180537152391944 0.0753063231875653
-0.109553615096239 -0.0417506627004768 0.00608473568358931 0.0158895576390547
-0.107000222434086 -0.0437487466907992 0.0146480114555697 -0.0334405238700658
-0.12669117432834 -0.0950036728807015 0.0519578667752456 -0.0844083423616531
-0.067895704538903 -0.169625543486694 0.115093845799386 -0.0865683845612868
0.0632045172306868 -0.178632693207088 0.169551812628356 0.0485119268626434
0.222805179592146 -0.0685441373848379 0.0846977351264379 0.172340237942858
0.224308809871678 0.16085739588674 -0.0577990132819044 0.158585638047316
0.0914945934989199 0.308503672874248 -0.0714225428776296 0.0234569744420184
-0.0652554753520191 0.245658160464253 0.00176434846727095 -0.170475902654062
0.0422609104778083 0.240158054050061 0.135764474485525 -0.150833881125435
0.165861480019866 0.152054978497116 0.0495834036799563 -0.252339839440604
0.177395996228046 -0.0458774775570261 -0.103667713673482 -0.195339047315931
0.0589943078737789 -0.153076021203333 -0.157884389206716 -0.0535555100013558
-0.0640231749604913 -0.131728004712558 -0.115857857541595 0.0375324560701786
-0.108523478843931 -0.0660748800188094 -0.0692882055868189 0.0488029636403205
-0.103328151216433 -0.0409164490412915 -0.0391431253231626 -0.000575205142870515
-0.0974990434798318 -0.0395426100689448 -0.0283292637001082 -0.0480610538686308
-0.113082790094944 -0.0870478218288756 0.0129616661256607 -0.108840856957207
-0.0605026348804012 -0.15476949077433 0.0879596536757859 -0.130120992039912
0.057255078914792 -0.159787727678517 0.174002347168343 -0.0043049249816814
0.197396668272189 -0.051316596690811 0.103202166968922 0.135935421587853
0.180945202458816 0.150777859007224 -0.0461259423997695 0.130988100083548
0.0538739517759014 0.261868974402449 -0.0722825146113633 -0.0562803759702544
-0.0779154822328822 0.164090507299078 0.035702722788542 -0.257096906363972
-0.00455159710773414 0.184132534454098 0.143348887012791 -0.180236734342902
0.102516002495668 0.137521102193029 0.0897360177333928 -0.235643661706923
0.136655327631267 -0.0150884362093904 -0.0323795927361836 -0.214733472886072
0.0543687754773689 -0.109597420086716 -0.131147477176462 -0.122105905405583
-0.0422801300081699 -0.102307826101359 -0.143741976917597 -0.0174909469094167
-0.0854723023924425 -0.0552223283475794 -0.113795525681858 0.0231086783908353
-0.0816239456756615 -0.0352159203179223 -0.0780282974382003 -0.0169357139967408
-0.0763112709599928 -0.0315810744571099 -0.0642754169201439 -0.0636940618352257
-0.0861279307963662 -0.071269298860446 -0.0175996453203127 -0.129514315419105
-0.0411126049055637 -0.126399639846291 0.0711348616286828 -0.157937769898094
0.0588463119314386 -0.12378209165481 0.175286403464865 -0.0367363669135856
0.159610702716125 -0.0133884088341147 0.109923715366587 0.110968227484743
0.112783268469532 0.138530605509716 -0.0379575300537313 0.104427900146187
-1.88858525464997E-05 0.188806021910621 -0.0621607535937135 -0.115915784831095
-0.0689178873992371 0.0530249640053304 0.0599128777696293 -0.302087389392286
-0.0346649554475241 0.088993131753315 0.143387979331887 -0.194891516369816
0.0334589010648882 0.0822981000809629 0.111803324110677 -0.217811219140134
0.0683501577218717 0.00496986653916159 0.00869421034072109 -0.219117368318195
0.0329715447003449 -0.0510835911723601 -0.114374602098348 -0.158025052200301
-0.016785080627356 -0.0550499829751562 -0.161888715022694 -0.050716772260226
-0.0479032526711342 -0.0333401008704106 -0.142552658242057 0.00455215238234191
-0.0476737810749253 -0.0236533810134115 -0.104733536375614 -0.0301577805661053
-0.0470615632802322 -0.019776437982169 -0.087991373081237 -0.0788914056166718
-0.052362222040123 -0.0477576570029215 -0.0329864614356656 -0.147752178684351
-0.0187679180561371 -0.087180046401523 0.0680635116347981 -0.174857562818704
0.0553990412379749 -0.0811234674483076 0.179551842267941 -0.0504077006153669
0.113352975196402 0.0219411814886453 0.111147664891518 0.0984482147234434
0.0384299737268385 0.113925265080001 -0.0314291379196316 0.0857111499535914
-0.0524691959031856 0.0980171465852375 -0.0404295950754857 -0.14975707219773
0.0685807160938828 -0.00361308304600416 0.0524034819093203 0.192327292384069
0.00959191180793556 -0.0543253010362117 0.115516044497549 -0.0730970383933054
-0.0422396311842724 -0.0316383151350784 -0.0918030968829072 -0.128515525009072
-0.0282509664307271 0.0233640745760397 -0.211290809947447 0.0327304214306668
-0.00183630199544224 0.0216721614163635 -0.0959113505839494 0.193535179070065
0.0142279128988151 0.0118564256247944 0.0446971933117732 0.17381618699817
0.0176795589693634 0.00254909093251803 0.0989184994990819 0.109516783958905
0.00303694203759165 0.00102205470784212 0.120350362601316 0.0497945163112056
-0.00508380236479606 0.00473063271282398 0.142699331041759 0.0212055068956489
-0.0155207113116066 0.00378913005810227 0.155978970372203 0.055379435214134
-0.00971348500439081 -0.0130858441025499 0.112451645606792 0.156923208849796
0.00754200160752461 -0.0237769167874843 -0.0149834944251518 0.224174263686621
0.0358835987846265 -0.0244817497800714 -0.121743319903289 0.198095481262722
0.0648119609144189 0.0161778060417033 -0.18802721786622 0.193788012699158
0.0724243684466321 0.0710449824470495 -0.11309517130774 0.299996589677375
0.0734135440230599 0.0916908185308159 0.0176752176383377 0.181236288015487
0.0589279551106827 0.00329266030867605 0.119410948191461 -0.0599249215735726
0.0207750420777439 -0.0267604741326229 -0.0859151498448523 -0.150342833671891
0.00264689218857217 -0.0170342565719783 -0.223939855474192 0.0114334049636017
-0.00757359755085075 -0.030386842090865 -0.115535609073636 0.189651293653253
-0.0197097541033964 -0.0240056489684579 0.0332945084411075 0.180247828610012
-0.0215838467616121 -0.0145423106037741 0.090402824640539 0.111684001512857
-0.0376383419983773 -0.0152297124520351 0.111536029398061 0.0490490883096947
-0.0467866060911644 -0.0199157710195002 0.129166490078482 0.0134491265162507
-0.0546934575309484 -0.0442910549159607 0.150281801526235 0.0292859000284628
-0.00777154587661509 -0.078870681554126 0.132144106617041 0.118266055192376
0.0633249506452408 -0.0639458030337366 0.0296760071730175 0.213028702881864
0.117200552192528 0.0043177626794934 -0.0809713131370614 0.21128182259514
0.110029753492348 0.109688109071551 -0.15264857643259 0.191636780339709
0.0706761337184903 0.190742882876027 -0.0963470176165018 0.260552401805432
0.0541852919993234 0.182263927531966 -0.0107491294572082 0.134519110435542
0.0949779332920661 0.0818893426561651 0.126672965611766 -0.0603929845468462
0.0942727561271445 0.00238133507235429 -0.0694610830601821 -0.185468052470421
0.0534774602312173 -0.055832008740552 -0.231727779666222 -0.0310227265274508
-0.00241029414055336 -0.0871680052649792 -0.142475526399948 0.164180622395977
-0.0498573796670905 -0.065252757056996 0.00643701950142445 0.171907142569066
-0.0601387288407193 -0.0336032028455296 0.0667274607818769 0.106849862018132
-0.0724411818284051 -0.0290930816915435 0.0868919598496612 0.0422856412216114
-0.0793901962147087 -0.0367509957432566 0.100570541502427 -0.000621934994073036
-0.0916170462941505 -0.076553249760001 0.129517789255665 -0.0100299414989327
-0.0275289657434355 -0.13130444327695 0.144462486926416 0.0539864582925517
0.0851995906427484 -0.117639395269822 0.090788342976231 0.177682980546058
0.186648731833949 -0.0107571768740797 -0.0215628050643786 0.217831357310358
0.170644790612074 0.159965151519602 -0.113795766067692 0.187110829337034
0.0827524078340481 0.274809201316623 -0.0787171170769345 0.192622012822665
0.0142614736827297 0.248485277799643 -0.0254566264589527 0.0509583035399928
0.105902238715459 0.16727048412022 0.130851358189634 -0.0752721497309161
0.159682685201572 0.0555140076621065 -0.0383536784725363 -0.221976483225092
0.116878688594656 -0.0779264603739806 -0.217414194799048 -0.090730535648731
0.0160167731670448 -0.136938856895149 -0.16524736755472 0.108932991283081
-0.069307546691853 -0.104686208788016 -0.0326060789806319 0.144125912595014
-0.0907486010633691 -0.0518932117755893 0.028939946109795 0.0940556872883278
-0.0964796574441861 -0.0386718863316577 0.0498329425740754 0.0310107889925113
-0.0988627568905784 -0.0446308771263595 0.0608011939442461 -0.0161129978335102
-0.116616037977264 -0.0909687699253525 0.0935238778496789 -0.0488391806374698
-0.0524191414818193 -0.160983183405574 0.136161609114151 -0.0186149026934127
0.0778376009743171 -0.159727175672944 0.140182916620032 0.11699155101868
0.220784568343048 -0.0459991896359487 0.0383270229892227 0.201264646871351
0.213796946896058 0.169410540309589 -0.0811589177476624 0.174167179044455
0.0935595671240999 0.311723880330049 -0.0708118520450717 0.107449935579812
-0.0332780421121927 0.27072897563545 -0.0190895077824121 -0.0571843574071473
0.0819193600776379 0.22773964176555 0.133221578713069 -0.106285378254777
0.186541110093669 0.116737023025317 0.00645661135227075 -0.24356409847927
0.166708422808586 -0.0709921079871994 -0.169282282312043 -0.152353619553441
0.0416688397880827 -0.160424987700797 -0.170416242002454 0.0282468674955737
-0.072162899524468 -0.128636633820934 -0.076022267353595 0.0947004459646126
-0.10738237302082 -0.0639551387592922 -0.0194262404419878 0.0734116540025578
-0.10612720208279 -0.0431100094190957 0.00544411078497497 0.0164420761726114
-0.10325181208755 -0.0453012084313637 0.0156639628606001 -0.0317491108573426
-0.122458977950668 -0.0923137227743359 0.0520916482074519 -0.0809192884325107
-0.0653763115491437 -0.16553559108616 0.11230953475248 -0.0807073264407879
0.0633787376783018 -0.171348918267635 0.164931741581657 0.0508515244690612
0.218426259231779 -0.062417822395995 0.0791963663917123 0.168167027095412
0.215340466857755 0.159947289851894 -0.0607151418780436 0.152178241824613
0.0843646630489244 0.300818238735766 -0.0709224400809518 0.020015027886991
-0.0697474276693708 0.23648984618486 0.00801345094544781 -0.16424406090232
0.0346221918311583 0.232850342848791 0.137674478166007 -0.141666620769338
0.158882829658198 0.151628578294912 0.0547818093962183 -0.242537913818706
0.173107785715379 -0.0415631846519525 -0.0960483787259571 -0.194185664002029
0.0582052524240798 -0.147282787117139 -0.152901926930213 -0.0568037418311079
-0.0598570444600007 -0.127073891159447 -0.112992660752209 0.034331991617844
-0.104114533349956 -0.0650182668061698 -0.068953831783602 0.0472615904647922
-0.100292159782972 -0.0420771613337807 -0.0386274466194354 -0.000913875428887541
-0.0932457660719596 -0.0406833774303147 -0.0264246905672368 -0.0467919071994053
-0.109426781256872 -0.0848295759331899 0.0137295152832387 -0.105727612340801
-0.0583796635231919 -0.150395966821081 0.0868359050675415 -0.123643887319719
0.0577215361105202 -0.153578245909292 0.170212991851421 -0.000244982084166389
0.193106671596245 -0.0460092000184538 0.098154158415421 0.135013116109776
0.174173370638136 0.149877615493586 -0.0496525200998466 0.126285110605144
0.048175529572829 0.253979494820674 -0.070158557459614 -0.0569837705187375
-0.0801655898033614 0.157156145593012 0.0418693681170656 -0.247687953491147
-0.00932479211483946 0.177649481478295 0.143916525753979 -0.170299951429173
0.0972873633995509 0.135203912604505 0.0933665824452749 -0.225542430455747
0.132283592565643 -0.0122603469757276 -0.0260447842350385 -0.210781263279034
0.0532455342208283 -0.105256267873466 -0.125265229567078 -0.12275953752278
-0.0389931935563535 -0.0994151729112045 -0.139605117579024 -0.0192947180768037
-0.0817087806804727 -0.0540683853699874 -0.111095611218135 0.021954572381501
-0.0791442754692919 -0.0359671698585245 -0.0769100637272597 -0.0172965712430578
-0.0730460885009594 -0.0329939318886341 -0.0608558186707145 -0.0622915879730074
-0.0828843375950043 -0.0695723901319505 -0.0143375208200323 -0.125608824224511
-0.0392676573600557 -0.12286801088478 0.0709329405692319 -0.151551113460157
0.0583837100787859 -0.118148864783292 0.170901414256655 -0.0320306011233071
0.156272264032598 -0.0106287138486036 0.105169993832242 0.109660331550595
0.107435577024618 0.137097331414825 -0.0410553968788321 0.100300848702126
-0.00302332225793893 0.182583219759503 -0.059749833756782 -0.113626362941888
-0.0690347625919595 0.0495452176362135 0.0661433324825342 -0.290770400686516
-0.0358733813943589 0.0843958038418924 0.144494072064192 -0.183921811712951
0.0309709941325187 0.0801872407291383 0.11373752037484 -0.207946370863835
0.0661527640824992 0.00633669454841595 0.0147680975251313 -0.214645340832046
0.0317303129144945 -0.0483195377278167 -0.108089033432208 -0.15702264979456
-0.0145846965502593 -0.0527105805491788 -0.157008287800247 -0.0511322958462242
-0.0452707424235806 -0.0328320151472745 -0.138889403635956 0.00375859768358029
-0.0460358151241582 -0.024642536724772 -0.102421464003371 -0.0303377881674711
-0.0445294009388229 -0.0208390595510966 -0.0836700980626699 -0.0772807953234614
-0.0503296580953381 -0.0467125231326985 -0.0297538595286478 -0.143385134843816
-0.0181768799450678 -0.084519799943419 0.0684820216633423 -0.168197887194933
0.0543553704448506 -0.0768706277169339 0.175666038842546 -0.0452478148202498
0.109556044426173 0.0234393967882466 0.107520065842307 0.0987745180256501
0.0355933260274427 0.111569998385653 -0.0335453286865737 0.0823232328590801
-0.0526917599680912 0.0930251694695544 -0.0382443808673251 -0.145153408282387
0.0685008350736158 -0.00196872554881444 0.0482778167182342 0.192908907420059
0.0109172953454169 -0.0538206244220159 0.11979689580034 -0.0720764600769713
-0.0417619722447464 -0.0322511159083102 -0.0873300379095419 -0.135347100583148
-0.0285113789060717 0.0227538203734184 -0.213475394596313 0.0269026656469895
-0.00188287897336249 0.0221903234200711 -0.101330431392806 0.192767055035274
0.013714682113547 0.0119369678739588 0.0401336324744039 0.175670100014383
0.0170992807494259 0.00139266785599358 0.0971339720200168 0.112629231623711
0.00266287483407367 0.000966096133875662 0.121493857614473 0.0528100729515495
-0.00582015162120741 0.00470154075146182 0.144020898213795 0.0237531842545246
-0.0161133363313686 0.00353297569847365 0.156243321043877 0.0592920861448008
-0.00917562784351165 -0.013240876705082 0.109762582404871 0.1623069620902
0.00813004749310587 -0.023513697469392 -0.0215771735750893 0.226042142734752
0.0370113193065277 -0.0224966878399698 -0.131132619502511 0.194553706659895
0.0651490783753765 0.0187904958116581 -0.196656860567291 0.189529990743302
0.0706434285096798 0.0744288605615637 -0.123374739497046 0.296746873351442
0.0704120851273851 0.0945142372575678 0.0148635766554178 0.181499834359728
0.0585955169832936 0.00513804794457786 0.12472293494239 -0.0584947722531554
0.0213311200362335 -0.025724959978538 -0.0807055828677691 -0.155757492383467
0.0031262282553461 -0.0167021160077155 -0.226609759626687 0.00451591498206905
-0.00771798938804679 -0.0302275246764854 -0.122227379317136 0.187937727537674
-0.0191301766871365 -0.0248982204339736 0.0284560639187922 0.181074661213009
-0.0217950913555391 -0.0157952755347923 0.088244037770088 0.115359716130544
-0.0379157895997547 -0.0163317501354877 0.112098797952168 0.0518722863116109
-0.0464548112428083 -0.021295721983709 0.130669181293322 0.0164128614288012
-0.0545915358344613 -0.0451918947824729 0.150912740697106 0.03268429928668
-0.00704065723464384 -0.0797593103441551 0.129555950483543 0.123781670810821
0.0661974290110943 -0.0624097055978647 0.0240114140188896 0.216772996778704
0.118853230453303 0.00828691407160806 -0.0893569990020312 0.210065425447175
0.108278961868868 0.114858994138728 -0.16157421799499 0.188164175406074
0.0651923564754229 0.193972951066979 -0.105541542916623 0.257530671488768
0.0480788166010534 0.185390396186409 -0.0125085083632168 0.134210036970753
0.0924115068416021 0.085608482515674 0.132219659739497 -0.057800258603915
0.0950679461643636 0.005060458575458 -0.0630624049491288 -0.191182537614853
0.0556099408165606 -0.0539375127728826 -0.233488309429981 -0.0390741348270241
-0.00128070384198256 -0.0874928285488479 -0.148210032242351 0.161064084951462
-0.0485740802489449 -0.0661462143814465 0.00158491532587406 0.173282276227462
-0.0597290039709054 -0.0359265998519877 0.0646692246546842 0.110293874625448
-0.0729834303462203 -0.0316607977783753 0.0874607719882206 0.0451065928002608
-0.0796107165150961 -0.0388480306935345 0.101891208908416 0.00224315041837454
-0.0913458805614688 -0.0779645205859945 0.130879543123756 -0.00709967722152492
-0.0258793322903751 -0.132699471124547 0.144002912550026 0.0601605621598904
0.0885519263659328 -0.11546852511385 0.0868749492831009 0.182941111430025
0.18912533584666 -0.0057779133920978 -0.0282513669292653 0.218239867833791
0.168139477559519 0.166713075910388 -0.122228937994137 0.184035028779277
0.0763415256023654 0.278288866391088 -0.0862758037891711 0.190310879762011
0.0060816248118956 0.250753943574279 -0.0248309992763228 0.0504523122920761
0.100701842285729 0.171636094032211 0.137465253919859 -0.0725414978884399
0.159496189819053 0.0608897621152364 -0.0300994254399862 -0.225663464662947
0.119644051386043 -0.075226813112915 -0.216808447157689 -0.0993619989620176
0.018835661393414 -0.137324653468456 -0.170541580657712 0.104534616643637
-0.067902468212443 -0.106205497132487 -0.0363579284247107 0.144238624363189
-0.089852244241551 -0.0547744374190225 0.0257279836987742 0.0956972574656009
-0.0967685466841677 -0.0422081431557637 0.0497153035115671 0.0327702607952643
-0.0986283249010199 -0.0472548462582355 0.0618992657866404 -0.0144223690373856
-0.116517271317467 -0.092589034930225 0.0961470366461054 -0.047295414943264
-0.0504572183545169 -0.163134910949937 0.13767509628949 -0.013155068651418
0.0820572716271645 -0.158461693734971 0.138702471406581 0.12266250490864
0.224562074286557 -0.040468346297614 0.0325196617278746 0.203400171230364
0.213071568685038 0.177233885667825 -0.0888366447359631 0.171335718020164
0.0863454833306503 0.315559869570895 -0.0751423010243316 0.104329834861443
-0.0425492854095675 0.271092742244127 -0.0149426720155481 -0.0573776837701819
0.074923519258742 0.231708628153256 0.140901066260718 -0.102123343771957
0.184964530346767 0.123185477296902 0.0149858318238215 -0.245340733255932
0.169421614979182 -0.0672124611066862 -0.165477275340623 -0.159859032006562
0.0446709936117057 -0.160169087770413 -0.173771806429833 0.0224070174707637
-0.0696528518413234 -0.130321320613763 -0.0791445185182138 0.0932663370348472
-0.105665869843522 -0.0669117602925701 -0.0222872417682439 0.0740727374628768
-0.106236728909469 -0.0471819960296684 0.00538230706203905 0.0165406344394825
-0.102528860308019 -0.0485861625482941 0.0169764524867224 -0.0308669693897221
-0.121918637507388 -0.0948642034067167 0.0544758416165831 -0.0802610031930689
-0.0640020462273461 -0.167184593605012 0.114050161560279 -0.0759423943952676
0.0677251254217602 -0.169512920463456 0.164381215114526 0.0570022296413873
0.221666822851413 -0.0574646753581641 0.0752671979529451 0.171972236556157
0.214243528616586 0.166936389344655 -0.067990813630895 0.15052975907209
0.077787022828844 0.303548824536255 -0.0738090095719246 0.0165502172932535
-0.0779865559405369 0.235816115622181 0.01473527150124 -0.163482953800026
0.0268427914068954 0.235886931085708 0.14612178911683 -0.137700274282664
0.156282355376759 0.156928771681354 0.0645810671391168 -0.241896216591676
0.175155292907674 -0.0371180455982992 -0.0900874599925303 -0.200512151184707
0.0611849662700803 -0.146993235527308 -0.153358625158371 -0.063542625925891
-0.0572809778639706 -0.128696161843146 -0.114848405768791 0.0316964785621843
-0.102577993466238 -0.0680070352852153 -0.0707762271986977 0.0466645676700403
-0.100223286449601 -0.0459645910188871 -0.0391513881541138 -0.000780957786979768
-0.0929549834170239 -0.044254133209485 -0.0242996628334649 -0.046533442198165
-0.10817509655594 -0.0870562929356894 0.0162187673222083 -0.105413347523104
-0.0568783888191026 -0.152271820793617 0.0896279249039799 -0.120906991858742
0.0609418053381737 -0.152417209954912 0.171774307518259 0.0052824122291077
0.196078269434821 -0.0413526454817176 0.0954967628833493 0.139018489104403
0.172326712240084 0.155497549005162 -0.0555653955603087 0.124418944443268
0.0421769753686692 0.255577941911459 -0.0710222509112338 -0.0599246307025505
-0.0866885623746826 0.155137619648097 0.0506856613328098 -0.246814725748729
-0.0158744048725044 0.17863841871789 0.152599954924548 -0.165105161145321
0.0945217320130699 0.138919437109801 0.101843567753842 -0.223158199177045
0.133953472872326 -0.00932015770316639 -0.0190234229101922 -0.215214696389122
0.0552434754201416 -0.104469456525483 -0.123475556492463 -0.128840882756244
-0.036749702003902 -0.0996353679827452 -0.140623091332826 -0.0224280214319898
-0.0807587600060727 -0.0561223143572247 -0.11253702477275 0.0202475257272761
-0.078776295938838 -0.0390548347072057 -0.0776794112595396 -0.0186164454541494
-0.0721437931231536 -0.0354760572143342 -0.0592542911906594 -0.063956299629119
-0.0816912810237328 -0.071085804314124 -0.0115327041414093 -0.126427954174358
-0.0370265447547523 -0.123538191635404 0.0745017993042901 -0.149809593603956
0.0617924393365383 -0.116915437136629 0.17353989871431 -0.026827801048025
0.157567581829248 -0.0068635605124376 0.103480977973255 0.113351543697951
0.105058919412443 0.140732673916324 -0.0456118313424832 0.0993560193227662
-0.00772115216725405 0.182254481492217 -0.0584152023562034 -0.116299586355254
-0.0714791033446503 0.0471920747422843 0.0758862297983785 -0.290338914148133
-0.0394791808633152 0.084088475745009 0.151587666605498 -0.178897925977899
0.028858062220605 0.0817198828922504 0.121524590405209 -0.204855312305182
0.0661508728509828 0.00789181600587705 0.0219684354075191 -0.217861281363779
0.0328820351428039 -0.0476885069641948 -0.105085316065679 -0.162784093068719
-0.013312859858345 -0.052929747819265 -0.156355353677408 -0.054759013115069
-0.0448649676193419 -0.0337101086956046 -0.13988985484669 0.00145748998910212
-0.0461251296014027 -0.0265319055425614 -0.103867569914805 -0.0318836188967131
-0.0436205720794141 -0.0229927786965278 -0.0825933965603192 -0.0791209509632241
-0.0489429215187753 -0.0476885597164416 -0.0265813084393498 -0.144509327024736
-0.0164667473197511 -0.0849887979518072 0.0728477268628 -0.166434844281985
0.0567107732040978 -0.0753560068067611 0.17862497802203 -0.0403583372746059
0.109948334197679 0.0263920790026063 0.105740732745557 0.103138351249047
0.0325431615650251 0.113649388486797 -0.0380405533572007 0.0820070366075338
-0.0554593400545417 0.0919470341796829 -0.0356181793275406 -0.145591570967388
